<testsuite name="Mocha Tests" tests="264" failures="0" errors="15" skipped="0" timestamp="Wed, 05 Mar 2025 21:51:59 GMT" time="0.219">
<testcase classname="BcdUserTypeBe" name="parses test properly" file="/tests/spec/javascript/test_bcd_user_type_be.js" time="0.002"/>
<testcase classname="BcdUserTypeLe" name="parses test properly" file="/tests/spec/javascript/test_bcd_user_type_le.js" time="0.001"/>
<testcase classname="BitsByteAligned" name="parses test properly" file="/tests/spec/javascript/test_bits_byte_aligned.js" time="0.001"/>
<testcase classname="BitsEnum" name="parses test properly" file="/tests/spec/javascript/test_bits_enum.js" time="0"/>
<testcase classname="BitsSeqEndianCombo" name="parses test properly" file="/tests/spec/javascript/test_bits_seq_endian_combo.js" time="0.001"/>
<testcase classname="BitsShiftByB32Le" name="parses test properly" file="/tests/spec/javascript/test_bits_shift_by_b32_le.js" time="0.001"/>
<testcase classname="BitsShiftByB64Le" name="parses test properly" file="/tests/spec/javascript/test_bits_shift_by_b64_le.js" time="0.001"><failure>readBitsIntLe: the maximum supported bit length is 32 (tried to read 64 bits)
RangeError: readBitsIntLe: the maximum supported bit length is 32 (tried to read 64 bits)
    at KaitaiStream.readBitsIntLe (/usr/local/lib/node_modules/kaitai-struct/KaitaiStream.js:510:23)
    at BitsShiftByB64Le._read (compiled/javascript/BitsShiftByB64Le.js:21:23)
    at new BitsShiftByB64Le (compiled/javascript/BitsShiftByB64Le.js:18:10)
    at /tests/helpers/javascript/testHelper.js:14:17
    at FSReqCallback.readFileAfterClose [as oncomplete] (node:internal/fs/read/context:68:3)</failure></testcase>
<testcase classname="BitsSignedResB32Be" name="parses test properly" file="/tests/spec/javascript/test_bits_signed_res_b32_be.js" time="0"/>
<testcase classname="BitsSignedResB32Le" name="parses test properly" file="/tests/spec/javascript/test_bits_signed_res_b32_le.js" time="0.001"/>
<testcase classname="BitsSignedShiftB32Le" name="parses test properly" file="/tests/spec/javascript/test_bits_signed_shift_b32_le.js" time="0.001"/>
<testcase classname="BitsSignedShiftB64Le" name="parses test properly" file="/tests/spec/javascript/test_bits_signed_shift_b64_le.js" time="0.001"><failure>readBitsIntLe: the maximum supported bit length is 32 (tried to read 63 bits)
RangeError: readBitsIntLe: the maximum supported bit length is 32 (tried to read 63 bits)
    at KaitaiStream.readBitsIntLe (/usr/local/lib/node_modules/kaitai-struct/KaitaiStream.js:510:23)
    at BitsSignedShiftB64Le._read (compiled/javascript/BitsSignedShiftB64Le.js:21:23)
    at new BitsSignedShiftB64Le (compiled/javascript/BitsSignedShiftB64Le.js:18:10)
    at /tests/helpers/javascript/testHelper.js:14:17
    at FSReqCallback.readFileAfterClose [as oncomplete] (node:internal/fs/read/context:68:3)</failure></testcase>
<testcase classname="BitsSimple" name="parses test properly" file="/tests/spec/javascript/test_bits_simple.js" time="0.001"><failure>readBitsIntBe: the maximum supported bit length is 32 (tried to read 40 bits)
RangeError: readBitsIntBe: the maximum supported bit length is 32 (tried to read 40 bits)
    at KaitaiStream.readBitsIntBe (/usr/local/lib/node_modules/kaitai-struct/KaitaiStream.js:464:23)
    at BitsSimple._read (compiled/javascript/BitsSimple.js:33:32)
    at new BitsSimple (compiled/javascript/BitsSimple.js:18:10)
    at /tests/helpers/javascript/testHelper.js:14:17
    at FSReqCallback.readFileAfterClose [as oncomplete] (node:internal/fs/read/context:68:3)</failure></testcase>
<testcase classname="BitsSimpleLe" name="parses test properly" file="/tests/spec/javascript/test_bits_simple_le.js" time="0"><failure>readBitsIntLe: the maximum supported bit length is 32 (tried to read 40 bits)
RangeError: readBitsIntLe: the maximum supported bit length is 32 (tried to read 40 bits)
    at KaitaiStream.readBitsIntLe (/usr/local/lib/node_modules/kaitai-struct/KaitaiStream.js:510:23)
    at BitsSimpleLe._read (compiled/javascript/BitsSimpleLe.js:33:32)
    at new BitsSimpleLe (compiled/javascript/BitsSimpleLe.js:18:10)
    at /tests/helpers/javascript/testHelper.js:14:17
    at FSReqCallback.readFileAfterClose [as oncomplete] (node:internal/fs/read/context:68:3)</failure></testcase>
<testcase classname="BitsUnalignedB32Be" name="parses test properly" file="/tests/spec/javascript/test_bits_unaligned_b32_be.js" time="0"/>
<testcase classname="BitsUnalignedB32Le" name="parses test properly" file="/tests/spec/javascript/test_bits_unaligned_b32_le.js" time="0.001"/>
<testcase classname="BitsUnalignedB64Be" name="parses test properly" file="/tests/spec/javascript/test_bits_unaligned_b64_be.js" time="0.001"><failure>readBitsIntBe: the maximum supported bit length is 32 (tried to read 64 bits)
RangeError: readBitsIntBe: the maximum supported bit length is 32 (tried to read 64 bits)
    at KaitaiStream.readBitsIntBe (/usr/local/lib/node_modules/kaitai-struct/KaitaiStream.js:464:23)
    at BitsUnalignedB64Be._read (compiled/javascript/BitsUnalignedB64Be.js:22:23)
    at new BitsUnalignedB64Be (compiled/javascript/BitsUnalignedB64Be.js:18:10)
    at /tests/helpers/javascript/testHelper.js:14:17
    at FSReqCallback.readFileAfterClose [as oncomplete] (node:internal/fs/read/context:68:3)</failure></testcase>
<testcase classname="BitsUnalignedB64Le" name="parses test properly" file="/tests/spec/javascript/test_bits_unaligned_b64_le.js" time="0"><failure>readBitsIntLe: the maximum supported bit length is 32 (tried to read 64 bits)
RangeError: readBitsIntLe: the maximum supported bit length is 32 (tried to read 64 bits)
    at KaitaiStream.readBitsIntLe (/usr/local/lib/node_modules/kaitai-struct/KaitaiStream.js:510:23)
    at BitsUnalignedB64Le._read (compiled/javascript/BitsUnalignedB64Le.js:22:23)
    at new BitsUnalignedB64Le (compiled/javascript/BitsUnalignedB64Le.js:18:10)
    at /tests/helpers/javascript/testHelper.js:14:17
    at FSReqCallback.readFileAfterClose [as oncomplete] (node:internal/fs/read/context:68:3)</failure></testcase>
<testcase classname="BufferedStruct" name="parses test properly" file="/tests/spec/javascript/test_buffered_struct.js" time="0.001"/>
<testcase classname="BytesPadTerm" name="parses test properly" file="/tests/spec/javascript/test_bytes_pad_term.js" time="0.001"/>
<testcase classname="CastNested" name="parses test properly" file="/tests/spec/javascript/test_cast_nested.js" time="0.001"/>
<testcase classname="CastToTop" name="parses test properly" file="/tests/spec/javascript/test_cast_to_top.js" time="0.001"/>
<testcase classname="CombineBool" name="parses test properly" file="/tests/spec/javascript/test_combine_bool.js" time="0.001"/>
<testcase classname="CombineBytes" name="parses test properly" file="/tests/spec/javascript/test_combine_bytes.js" time="0.001"/>
<testcase classname="CombineEnum" name="parses test properly" file="/tests/spec/javascript/test_combine_enum.js" time="0"/>
<testcase classname="CombineStr" name="parses test properly" file="/tests/spec/javascript/test_combine_str.js" time="0"/>
<testcase classname="Debug0" name="parses test properly" file="/tests/spec/javascript/test_debug_0.js" time="0.001"/>
<testcase classname="DebugArrayUser" name="parses test properly" file="/tests/spec/javascript/test_debug_array_user.js" time="0.001"/>
<testcase classname="DebugArrayUserCurrentExcluded" name="parses test properly" file="/tests/spec/javascript/test_debug_array_user_current_excluded.js" time="0.001"/>
<testcase classname="DebugArrayUserEofException" name="parses test properly" file="/tests/spec/javascript/test_debug_array_user_eof_exception.js" time="0.001"/>
<testcase classname="DebugEnumName" name="parses test properly" file="/tests/spec/javascript/test_debug_enum_name.js" time="0.001"/>
<testcase classname="DebugSwitchUser" name="parses test properly" file="/tests/spec/javascript/test_debug_switch_user.js" time="0.001"/>
<testcase classname="DefaultBigEndian" name="parses test properly" file="/tests/spec/javascript/test_default_big_endian.js" time="0.001"/>
<testcase classname="DefaultBitEndianMod" name="parses test properly" file="/tests/spec/javascript/test_default_bit_endian_mod.js" time="0.001"/>
<testcase classname="DefaultEndianExprException" name="parses test properly" file="/tests/spec/javascript/test_default_endian_expr_exception.js" time="0.001"/>
<testcase classname="DefaultEndianExprInherited" name="parses test properly" file="/tests/spec/javascript/test_default_endian_expr_inherited.js" time="0.001"/>
<testcase classname="DefaultEndianExprIsBe" name="parses test properly" file="/tests/spec/javascript/test_default_endian_expr_is_be.js" time="0.001"/>
<testcase classname="DefaultEndianExprIsLe" name="parses test properly" file="/tests/spec/javascript/test_default_endian_expr_is_le.js" time="0.001"/>
<testcase classname="DefaultEndianMod" name="parses test properly" file="/tests/spec/javascript/test_default_endian_mod.js" time="0.001"/>
<testcase classname="Docstrings" name="parses test properly" file="/tests/spec/javascript/test_docstrings.js" time="0"/>
<testcase classname="DocstringsDocref" name="parses test properly" file="/tests/spec/javascript/test_docstrings_docref.js" time="0.001"/>
<testcase classname="DocstringsDocrefMulti" name="parses test properly" file="/tests/spec/javascript/test_docstrings_docref_multi.js" time="0.001"/>
<testcase classname="Enum0" name="parses test properly" file="/tests/spec/javascript/test_enum_0.js" time="0"/>
<testcase classname="Enum1" name="parses test properly" file="/tests/spec/javascript/test_enum_1.js" time="0.001"/>
<testcase classname="EnumDeep" name="parses test properly" file="/tests/spec/javascript/test_enum_deep.js" time="0"/>
<testcase classname="EnumDeepLiterals" name="parses test properly" file="/tests/spec/javascript/test_enum_deep_literals.js" time="0.001"/>
<testcase classname="EnumFancy" name="parses test properly" file="/tests/spec/javascript/test_enum_fancy.js" time="0.001"/>
<testcase classname="EnumIf" name="parses test properly" file="/tests/spec/javascript/test_enum_if.js" time="0"/>
<testcase classname="EnumImportLiterals" name="parses test properly" file="/tests/spec/javascript/test_enum_import_literals.js" time="0.001"/>
<testcase classname="EnumImportSeq" name="parses test properly" file="/tests/spec/javascript/test_enum_import_seq.js" time="0.001"/>
<testcase classname="EnumIntRangeS" name="parses test properly" file="/tests/spec/javascript/test_enum_int_range_s.js" time="0.001"/>
<testcase classname="EnumIntRangeU" name="parses test properly" file="/tests/spec/javascript/test_enum_int_range_u.js" time="0.001"/>
<testcase classname="EnumInvalid" name="parses test properly" file="/tests/spec/javascript/test_enum_invalid.js" time="0"/>
<testcase classname="EnumLongRangeS" name="parses test properly" file="/tests/spec/javascript/test_enum_long_range_s.js" time="0.002"><failure>Expected values to be strictly equal:
+ actual - expected

+ -9223372032559809000
- -9223372036854776000
            ^


      + expected - actual

      --9223372032559809000
      +-9223372036854776000
      
AssertionError [ERR_ASSERTION]: Expected values to be strictly equal:
+ actual - expected

+ -9223372032559809000
- -9223372036854776000
            ^

    at /tests/spec/javascript/test_enum_long_range_s.js:7:10
    at /tests/helpers/javascript/testHelper.js:16:11
    at FSReqCallback.readFileAfterClose [as oncomplete] (node:internal/fs/read/context:68:3)</failure></testcase>
<testcase classname="EnumLongRangeU" name="parses test properly" file="/tests/spec/javascript/test_enum_long_range_u.js" time="0.001"/>
<testcase classname="EnumNegative" name="parses test properly" file="/tests/spec/javascript/test_enum_negative.js" time="0"/>
<testcase classname="EnumOfValueInst" name="parses test properly" file="/tests/spec/javascript/test_enum_of_value_inst.js" time="0.001"/>
<testcase classname="EnumToI" name="parses test properly" file="/tests/spec/javascript/test_enum_to_i.js" time="0.001"/>
<testcase classname="EnumToIClassBorder1" name="parses test properly" file="/tests/spec/javascript/test_enum_to_i_class_border_1.js" time="0.001"/>
<testcase classname="EnumToIInvalid" name="parses test properly" file="/tests/spec/javascript/test_enum_to_i_invalid.js" time="0.001"/>
<testcase classname="EofExceptionBytes" name="parses test properly" file="/tests/spec/javascript/test_eof_exception_bytes.js" time="0"/>
<testcase classname="EofExceptionSized" name="parses test properly" file="/tests/spec/javascript/test_eof_exception_sized.js" time="0.001"/>
<testcase classname="EofExceptionU4" name="parses test properly" file="/tests/spec/javascript/test_eof_exception_u4.js" time="0.001"/>
<testcase classname="EosExceptionBytes" name="parses test properly" file="/tests/spec/javascript/test_eos_exception_bytes.js" time="0"/>
<testcase classname="EosExceptionSized" name="parses test properly" file="/tests/spec/javascript/test_eos_exception_sized.js" time="0.001"/>
<testcase classname="EosExceptionU4" name="parses test properly" file="/tests/spec/javascript/test_eos_exception_u4.js" time="0.001"/>
<testcase classname="Expr0" name="parses test properly" file="/tests/spec/javascript/test_expr_0.js" time="0"/>
<testcase classname="Expr1" name="parses test properly" file="/tests/spec/javascript/test_expr_1.js" time="0.001"/>
<testcase classname="Expr2" name="parses test properly" file="/tests/spec/javascript/test_expr_2.js" time="0.001"/>
<testcase classname="Expr3" name="parses test properly" file="/tests/spec/javascript/test_expr_3.js" time="0.001"/>
<testcase classname="ExprArray" name="parses test properly" file="/tests/spec/javascript/test_expr_array.js" time="0.001"/>
<testcase classname="ExprBits" name="parses test properly" file="/tests/spec/javascript/test_expr_bits.js" time="0.002"/>
<testcase classname="ExprBytesCmp" name="parses test properly" file="/tests/spec/javascript/test_expr_bytes_cmp.js" time="0.001"/>
<testcase classname="ExprBytesNonLiteral" name="parses test properly" file="/tests/spec/javascript/test_expr_bytes_non_literal.js" time="0.001"/>
<testcase classname="ExprBytesOps" name="parses test properly" file="/tests/spec/javascript/test_expr_bytes_ops.js" time="0.001"/>
<testcase classname="ExprCalcArrayOps" name="parses test properly" file="/tests/spec/javascript/test_expr_calc_array_ops.js" time="0.001"/>
<testcase classname="ExprEnum" name="parses test properly" file="/tests/spec/javascript/test_expr_enum.js" time="0"/>
<testcase classname="ExprFstring0" name="parses test properly" file="/tests/spec/javascript/test_expr_fstring_0.js" time="0"/>
<testcase classname="ExprIfIntOps" name="parses test properly" file="/tests/spec/javascript/test_expr_if_int_ops.js" time="0.001"/>
<testcase classname="ExprIntDiv" name="parses test properly" file="/tests/spec/javascript/test_expr_int_div.js" time="0.001"/>
<testcase classname="ExprIoEof" name="parses test properly" file="/tests/spec/javascript/test_expr_io_eof.js" time="0"/>
<testcase classname="ExprIoPos" name="parses test properly" file="/tests/spec/javascript/test_expr_io_pos.js" time="0.001"/>
<testcase classname="ExprIoTernary" name="parses test properly" file="/tests/spec/javascript/test_expr_io_ternary.js" time="0.001"/>
<testcase classname="ExprMod" name="parses test properly" file="/tests/spec/javascript/test_expr_mod.js" time="0.001"/>
<testcase classname="ExprOpsParens" name="parses test properly" file="/tests/spec/javascript/test_expr_ops_parens.js" time="0.001"/>
<testcase classname="ExprSizeofType0" name="parses test properly" file="/tests/spec/javascript/test_expr_sizeof_type_0.js" time="0"/>
<testcase classname="ExprSizeofType1" name="parses test properly" file="/tests/spec/javascript/test_expr_sizeof_type_1.js" time="0.001"/>
<testcase classname="ExprSizeofValue0" name="parses test properly" file="/tests/spec/javascript/test_expr_sizeof_value_0.js" time="0.001"/>
<testcase classname="ExprSizeofValueSized" name="parses test properly" file="/tests/spec/javascript/test_expr_sizeof_value_sized.js" time="0"/>
<testcase classname="ExprStrEncodings" name="parses test properly" file="/tests/spec/javascript/test_expr_str_encodings.js" time="0.001"><failure>The &#x22;IBM437&#x22; encoding is not supported
RangeError [ERR_ENCODING_NOT_SUPPORTED]: The &#x22;IBM437&#x22; encoding is not supported
    at new TextDecoder (node:internal/encoding:409:15)
    at KaitaiStream.bytesToStr (/usr/local/lib/node_modules/kaitai-struct/KaitaiStream.js:718:29)
    at ExprStrEncodings._read (compiled/javascript/ExprStrEncodings.js:28:30)
    at new ExprStrEncodings (compiled/javascript/ExprStrEncodings.js:18:10)
    at /tests/helpers/javascript/testHelper.js:14:17
    at FSReqCallback.readFileAfterClose [as oncomplete] (node:internal/fs/read/context:68:3)</failure></testcase>
<testcase classname="ExprStrOps" name="parses test properly" file="/tests/spec/javascript/test_expr_str_ops.js" time="0.001"/>
<testcase classname="ExprToITrailing" name="parses test properly" file="/tests/spec/javascript/test_expr_to_i_trailing.js" time="0.001"><failure>Missing expected exception (KaitaiStream.ConversionError).
AssertionError [ERR_ASSERTION]: Missing expected exception (KaitaiStream.ConversionError).
    at /tests/spec/javascript/test_expr_to_i_trailing.js:7:10
    at /tests/helpers/javascript/testHelper.js:16:11
    at FSReqCallback.readFileAfterClose [as oncomplete] (node:internal/fs/read/context:68:3)</failure></testcase>
<testcase classname="FixedContents" name="parses test properly" file="/tests/spec/javascript/test_fixed_contents.js" time="0.001"/>
<testcase classname="FixedStruct" name="parses test properly" file="/tests/spec/javascript/test_fixed_struct.js" time="0.001"/>
<testcase classname="FloatToI" name="parses test properly" file="/tests/spec/javascript/test_float_to_i.js" time="0.001"/>
<testcase classname="FloatingPoints" name="parses test properly" file="/tests/spec/javascript/test_floating_points.js" time="0.001"/>
<testcase classname="HelloWorld" name="parses test properly" file="/tests/spec/javascript/test_hello_world.js" time="0"/>
<testcase classname="IfInstances" name="parses test properly" file="/tests/spec/javascript/test_if_instances.js" time="0"/>
<testcase classname="IfStruct" name="parses test properly" file="/tests/spec/javascript/test_if_struct.js" time="0.001"/>
<testcase classname="IfValues" name="parses test properly" file="/tests/spec/javascript/test_if_values.js" time="0.001"/>
<testcase classname="Imports0" name="parses test properly" file="/tests/spec/javascript/test_imports0.js" time="0"/>
<testcase classname="ImportsAbs" name="parses test properly" file="/tests/spec/javascript/test_imports_abs.js" time="0.001"/>
<testcase classname="ImportsAbsAbs" name="parses test properly" file="/tests/spec/javascript/test_imports_abs_abs.js" time="0.002"/>
<testcase classname="ImportsAbsRel" name="parses test properly" file="/tests/spec/javascript/test_imports_abs_rel.js" time="0.001"/>
<testcase classname="ImportsCastToImported" name="parses test properly" file="/tests/spec/javascript/test_imports_cast_to_imported.js" time="0"/>
<testcase classname="ImportsCastToImported2" name="parses test properly" file="/tests/spec/javascript/test_imports_cast_to_imported2.js" time="0"/>
<testcase classname="ImportsCircularA" name="parses test properly" file="/tests/spec/javascript/test_imports_circular_a.js" time="0.001"/>
<testcase classname="ImportsParamsDefArrayUsertypeImported" name="parses test properly" file="/tests/spec/javascript/test_imports_params_def_array_usertype_imported.js" time="0.001"/>
<testcase classname="ImportsParamsDefEnumImported" name="parses test properly" file="/tests/spec/javascript/test_imports_params_def_enum_imported.js" time="0.001"/>
<testcase classname="ImportsParamsDefUsertypeImported" name="parses test properly" file="/tests/spec/javascript/test_imports_params_def_usertype_imported.js" time="0.001"/>
<testcase classname="ImportsRel1" name="parses test properly" file="/tests/spec/javascript/test_imports_rel_1.js" time="0.001"/>
<testcase classname="IndexSizes" name="parses test properly" file="/tests/spec/javascript/test_index_sizes.js" time="0.001"/>
<testcase classname="IndexToParamEos" name="parses test properly" file="/tests/spec/javascript/test_index_to_param_eos.js" time="0.001"/>
<testcase classname="IndexToParamExpr" name="parses test properly" file="/tests/spec/javascript/test_index_to_param_expr.js" time="0"/>
<testcase classname="IndexToParamUntil" name="parses test properly" file="/tests/spec/javascript/test_index_to_param_until.js" time="0.001"/>
<testcase classname="InstanceIoUser" name="parses test properly" file="/tests/spec/javascript/test_instance_io_user.js" time="0.001"/>
<testcase classname="InstanceStd" name="parses test properly" file="/tests/spec/javascript/test_instance_std.js" time="0.001"/>
<testcase classname="InstanceStdArray" name="parses test properly" file="/tests/spec/javascript/test_instance_std_array.js" time="0"/>
<testcase classname="InstanceUserArray" name="parses test properly" file="/tests/spec/javascript/test_instance_user_array.js" time="0.001"/>
<testcase classname="Integers" name="parses test properly" file="/tests/spec/javascript/test_integers.js" time="0.001"/>
<testcase classname="IntegersDoubleOverflow" name="parses test properly" file="/tests/spec/javascript/test_integers_double_overflow.js" time="0.001"><failure>Expected values to be strictly equal:
+ actual - expected

+ -9007194959773695
- -9007199254740991
         ^


      + expected - actual

      --9007194959773695
      +-9007199254740991
      
AssertionError [ERR_ASSERTION]: Expected values to be strictly equal:
+ actual - expected

+ -9007194959773695
- -9007199254740991
         ^

    at /tests/spec/javascript/test_integers_double_overflow.js:7:10
    at /tests/helpers/javascript/testHelper.js:16:11
    at FSReqCallback.readFileAfterClose [as oncomplete] (node:internal/fs/read/context:68:3)</failure></testcase>
<testcase classname="IntegersMinMax" name="parses test properly" file="/tests/spec/javascript/test_integers_min_max.js" time="0.001"><failure>Expected values to be strictly equal:
+ actual - expected

+ -9223372032559809000
- -9223372036854776000
            ^


      + expected - actual

      --9223372032559809000
      +-9223372036854776000
      
AssertionError [ERR_ASSERTION]: Expected values to be strictly equal:
+ actual - expected

+ -9223372032559809000
- -9223372036854776000
            ^

    at /tests/spec/javascript/test_integers_min_max.js:24:10
    at /tests/helpers/javascript/testHelper.js:16:11
    at FSReqCallback.readFileAfterClose [as oncomplete] (node:internal/fs/read/context:68:3)</failure></testcase>
<testcase classname="IoLocalVar" name="parses test properly" file="/tests/spec/javascript/test_io_local_var.js" time="0"/>
<testcase classname="JsSignedRightShift" name="parses test properly" file="/tests/spec/javascript/test_js_signed_right_shift.js" time="0.001"/>
<testcase classname="MetaTags" name="parses test properly" file="/tests/spec/javascript/test_meta_tags.js" time="0.001"/>
<testcase classname="MetaXref" name="parses test properly" file="/tests/spec/javascript/test_meta_xref.js" time="0"/>
<testcase classname="MultipleUse" name="parses test properly" file="/tests/spec/javascript/test_multiple_use.js" time="0.001"/>
<testcase classname="NavParent" name="parses test properly" file="/tests/spec/javascript/test_nav_parent.js" time="0.001"/>
<testcase classname="NavParent2" name="parses test properly" file="/tests/spec/javascript/test_nav_parent2.js" time="0.001"/>
<testcase classname="NavParent3" name="parses test properly" file="/tests/spec/javascript/test_nav_parent3.js" time="0"/>
<testcase classname="NavParentFalse" name="parses test properly" file="/tests/spec/javascript/test_nav_parent_false.js" time="0.001"/>
<testcase classname="NavParentFalse2" name="parses test properly" file="/tests/spec/javascript/test_nav_parent_false2.js" time="0.001"/>
<testcase classname="NavParentOverride" name="parses test properly" file="/tests/spec/javascript/test_nav_parent_override.js" time="0.001"/>
<testcase classname="NavParentRecursive" name="parses test properly" file="/tests/spec/javascript/test_nav_parent_recursive.js" time="0"/>
<testcase classname="NavParentSwitch" name="parses test properly" file="/tests/spec/javascript/test_nav_parent_switch.js" time="0.001"/>
<testcase classname="NavParentSwitchCast" name="parses test properly" file="/tests/spec/javascript/test_nav_parent_switch_cast.js" time="0.001"/>
<testcase classname="NavParentVsValueInst" name="parses test properly" file="/tests/spec/javascript/test_nav_parent_vs_value_inst.js" time="0"/>
<testcase classname="NavRoot" name="parses test properly" file="/tests/spec/javascript/test_nav_root.js" time="0.002"/>
<testcase classname="NavRootRecursive" name="parses test properly" file="/tests/spec/javascript/test_nav_root_recursive.js" time="0.001"/>
<testcase classname="NestedSameName" name="parses test properly" file="/tests/spec/javascript/test_nested_same_name.js" time="0"/>
<testcase classname="NestedSameName2" name="parses test properly" file="/tests/spec/javascript/test_nested_same_name2.js" time="0.001"/>
<testcase classname="NestedTypeParam" name="parses test properly" file="/tests/spec/javascript/test_nested_type_param.js" time="0.001"/>
<testcase classname="NestedTypes" name="parses test properly" file="/tests/spec/javascript/test_nested_types.js" time="0.001"/>
<testcase classname="NestedTypes2" name="parses test properly" file="/tests/spec/javascript/test_nested_types2.js" time="0.001"/>
<testcase classname="NestedTypes3" name="parses test properly" file="/tests/spec/javascript/test_nested_types3.js" time="0"/>
<testcase classname="NestedTypesImport" name="parses test properly" file="/tests/spec/javascript/test_nested_types_import.js" time="0.001"/>
<testcase classname="NonStandard" name="parses test properly" file="/tests/spec/javascript/test_non_standard.js" time="0.001"/>
<testcase classname="OpaqueExternalType" name="parses test properly" file="/tests/spec/javascript/test_opaque_external_type.js" time="0.001"/>
<testcase classname="OpaqueExternalType02Parent" name="parses test properly" file="/tests/spec/javascript/test_opaque_external_type_02_parent.js" time="0.001"/>
<testcase classname="OpaqueWithParam" name="parses test properly" file="/tests/spec/javascript/test_opaque_with_param.js" time="0.001"/>
<testcase classname="OptionalId" name="parses test properly" file="/tests/spec/javascript/test_optional_id.js" time="0.001"/>
<testcase classname="ParamsCall" name="parses test properly" file="/tests/spec/javascript/test_params_call.js" time="0.001"/>
<testcase classname="ParamsCallExtraParens" name="parses test properly" file="/tests/spec/javascript/test_params_call_extra_parens.js" time="0"/>
<testcase classname="ParamsDef" name="parses test properly" file="/tests/spec/javascript/test_params_def.js" time="0.001"/>
<testcase classname="ParamsEnum" name="parses test properly" file="/tests/spec/javascript/test_params_enum.js" time="0.001"/>
<testcase classname="ParamsPassArrayInt" name="parses test properly" file="/tests/spec/javascript/test_params_pass_array_int.js" time="0"/>
<testcase classname="ParamsPassArrayStr" name="parses test properly" file="/tests/spec/javascript/test_params_pass_array_str.js" time="0.001"/>
<testcase classname="ParamsPassArrayStruct" name="parses test properly" file="/tests/spec/javascript/test_params_pass_array_struct.js" time="0.001"/>
<testcase classname="ParamsPassArrayUsertype" name="parses test properly" file="/tests/spec/javascript/test_params_pass_array_usertype.js" time="0.001"/>
<testcase classname="ParamsPassBool" name="parses test properly" file="/tests/spec/javascript/test_params_pass_bool.js" time="0.001"/>
<testcase classname="ParamsPassStruct" name="parses test properly" file="/tests/spec/javascript/test_params_pass_struct.js" time="0.001"/>
<testcase classname="ParamsPassUsertype" name="parses test properly" file="/tests/spec/javascript/test_params_pass_usertype.js" time="0.001"/>
<testcase classname="PositionAbs" name="parses test properly" file="/tests/spec/javascript/test_position_abs.js" time="0"/>
<testcase classname="PositionInSeq" name="parses test properly" file="/tests/spec/javascript/test_position_in_seq.js" time="0.001"/>
<testcase classname="PositionToEnd" name="parses test properly" file="/tests/spec/javascript/test_position_to_end.js" time="0.001"/>
<testcase classname="ProcessCoerceBytes" name="parses test properly" file="/tests/spec/javascript/test_process_coerce_bytes.js" time="0.001"/>
<testcase classname="ProcessCoerceSwitch" name="parses test properly" file="/tests/spec/javascript/test_process_coerce_switch.js" time="0"/>
<testcase classname="ProcessCoerceUsertype1" name="parses test properly" file="/tests/spec/javascript/test_process_coerce_usertype1.js" time="0.001"/>
<testcase classname="ProcessCoerceUsertype2" name="parses test properly" file="/tests/spec/javascript/test_process_coerce_usertype2.js" time="0.001"/>
<testcase classname="ProcessCustom" name="parses test properly" file="/tests/spec/javascript/test_process_custom.js" time="0.002"/>
<testcase classname="ProcessCustomNoArgs" name="parses test properly" file="/tests/spec/javascript/test_process_custom_no_args.js" time="0.001"/>
<testcase classname="ProcessRepeatBytes" name="parses test properly" file="/tests/spec/javascript/test_process_repeat_bytes.js" time="0"/>
<testcase classname="ProcessRepeatUsertype" name="parses test properly" file="/tests/spec/javascript/test_process_repeat_usertype.js" time="0.001"/>
<testcase classname="ProcessRotate" name="parses test properly" file="/tests/spec/javascript/test_process_rotate.js" time="0.001"/>
<testcase classname="ProcessToUser" name="parses test properly" file="/tests/spec/javascript/test_process_to_user.js" time="0.001"/>
<testcase classname="ProcessXor4Const" name="parses test properly" file="/tests/spec/javascript/test_process_xor4_const.js" time="0"/>
<testcase classname="ProcessXor4Value" name="parses test properly" file="/tests/spec/javascript/test_process_xor4_value.js" time="0.001"/>
<testcase classname="ProcessXorConst" name="parses test properly" file="/tests/spec/javascript/test_process_xor_const.js" time="0.001"/>
<testcase classname="ProcessXorValue" name="parses test properly" file="/tests/spec/javascript/test_process_xor_value.js" time="0"/>
<testcase classname="RecursiveOne" name="parses test properly" file="/tests/spec/javascript/test_recursive_one.js" time="0.001"/>
<testcase classname="RepeatEosBit" name="parses test properly" file="/tests/spec/javascript/test_repeat_eos_bit.js" time="0.001"/>
<testcase classname="RepeatEosStruct" name="parses test properly" file="/tests/spec/javascript/test_repeat_eos_struct.js" time="0"/>
<testcase classname="RepeatEosU4" name="parses test properly" file="/tests/spec/javascript/test_repeat_eos_u4.js" time="0.001"/>
<testcase classname="RepeatNStruct" name="parses test properly" file="/tests/spec/javascript/test_repeat_n_struct.js" time="0.001"/>
<testcase classname="RepeatNStrz" name="parses test properly" file="/tests/spec/javascript/test_repeat_n_strz.js" time="0"/>
<testcase classname="RepeatNStrzDouble" name="parses test properly" file="/tests/spec/javascript/test_repeat_n_strz_double.js" time="0.001"/>
<testcase classname="RepeatUntilCalcArrayType" name="parses test properly" file="/tests/spec/javascript/test_repeat_until_calc_array_type.js" time="0.001"/>
<testcase classname="RepeatUntilComplex" name="parses test properly" file="/tests/spec/javascript/test_repeat_until_complex.js" time="0.001"/>
<testcase classname="RepeatUntilS4" name="parses test properly" file="/tests/spec/javascript/test_repeat_until_s4.js" time="0"/>
<testcase classname="RepeatUntilSized" name="parses test properly" file="/tests/spec/javascript/test_repeat_until_sized.js" time="0.001"/>
<testcase classname="StrEncodings" name="parses test properly" file="/tests/spec/javascript/test_str_encodings.js" time="0.001"><failure>The &#x22;IBM437&#x22; encoding is not supported
RangeError [ERR_ENCODING_NOT_SUPPORTED]: The &#x22;IBM437&#x22; encoding is not supported
    at new TextDecoder (node:internal/encoding:409:15)
    at KaitaiStream.bytesToStr (/usr/local/lib/node_modules/kaitai-struct/KaitaiStream.js:718:29)
    at StrEncodings._read (compiled/javascript/StrEncodings.js:28:30)
    at new StrEncodings (compiled/javascript/StrEncodings.js:18:10)
    at /tests/helpers/javascript/testHelper.js:14:17
    at FSReqCallback.readFileAfterClose [as oncomplete] (node:internal/fs/read/context:68:3)</failure></testcase>
<testcase classname="StrEncodingsDefault" name="parses test properly" file="/tests/spec/javascript/test_str_encodings_default.js" time="0.001"><failure>The &#x22;IBM437&#x22; encoding is not supported
RangeError [ERR_ENCODING_NOT_SUPPORTED]: The &#x22;IBM437&#x22; encoding is not supported
    at new TextDecoder (node:internal/encoding:409:15)
    at KaitaiStream.bytesToStr (/usr/local/lib/node_modules/kaitai-struct/KaitaiStream.js:718:29)
    at StrEncodingsDefault.Subtype.Subtype._read (compiled/javascript/StrEncodingsDefault.js:40:32)
    at new Subtype (compiled/javascript/StrEncodingsDefault.js:32:12)
    at StrEncodingsDefault._read (compiled/javascript/StrEncodingsDefault.js:23:17)
    at new StrEncodingsDefault (compiled/javascript/StrEncodingsDefault.js:18:10)
    at /tests/helpers/javascript/testHelper.js:14:17
    at FSReqCallback.readFileAfterClose [as oncomplete] (node:internal/fs/read/context:68:3)</failure></testcase>
<testcase classname="StrEncodingsEscapingEnc" name="parses test properly" file="/tests/spec/javascript/test_str_encodings_escaping_enc.js" time="0.001"/>
<testcase classname="StrEncodingsEscapingToS" name="parses test properly" file="/tests/spec/javascript/test_str_encodings_escaping_to_s.js" time="0.001"/>
<testcase classname="StrEncodingsUtf16" name="parses test properly" file="/tests/spec/javascript/test_str_encodings_utf16.js" time="0.001"/>
<testcase classname="StrEos" name="parses test properly" file="/tests/spec/javascript/test_str_eos.js" time="0"/>
<testcase classname="StrLiterals" name="parses test properly" file="/tests/spec/javascript/test_str_literals.js" time="0.001"/>
<testcase classname="StrLiterals2" name="parses test properly" file="/tests/spec/javascript/test_str_literals2.js" time="0.001"/>
<testcase classname="StrLiteralsLatin1" name="parses test properly" file="/tests/spec/javascript/test_str_literals_latin1.js" time="0"/>
<testcase classname="StrPadTerm" name="parses test properly" file="/tests/spec/javascript/test_str_pad_term.js" time="0"/>
<testcase classname="StrPadTermEmpty" name="parses test properly" file="/tests/spec/javascript/test_str_pad_term_empty.js" time="0.001"/>
<testcase classname="StrPadTermUtf16" name="parses test properly" file="/tests/spec/javascript/test_str_pad_term_utf16.js" time="0"/>
<testcase classname="SwitchBytearray" name="parses test properly" file="/tests/spec/javascript/test_switch_bytearray.js" time="0"/>
<testcase classname="SwitchCast" name="parses test properly" file="/tests/spec/javascript/test_switch_cast.js" time="0.001"/>
<testcase classname="SwitchElseOnly" name="parses test properly" file="/tests/spec/javascript/test_switch_else_only.js" time="0.001"/>
<testcase classname="SwitchIntegers" name="parses test properly" file="/tests/spec/javascript/test_switch_integers.js" time="0"/>
<testcase classname="SwitchIntegers2" name="parses test properly" file="/tests/spec/javascript/test_switch_integers2.js" time="0.001"/>
<testcase classname="SwitchManualEnum" name="parses test properly" file="/tests/spec/javascript/test_switch_manual_enum.js" time="0.001"/>
<testcase classname="SwitchManualEnumInvalid" name="parses test properly" file="/tests/spec/javascript/test_switch_manual_enum_invalid.js" time="0.001"/>
<testcase classname="SwitchManualEnumInvalidElse" name="parses test properly" file="/tests/spec/javascript/test_switch_manual_enum_invalid_else.js" time="0"/>
<testcase classname="SwitchManualInt" name="parses test properly" file="/tests/spec/javascript/test_switch_manual_int.js" time="0.001"/>
<testcase classname="SwitchManualIntElse" name="parses test properly" file="/tests/spec/javascript/test_switch_manual_int_else.js" time="0.001"/>
<testcase classname="SwitchManualIntSize" name="parses test properly" file="/tests/spec/javascript/test_switch_manual_int_size.js" time="0.001"/>
<testcase classname="SwitchManualIntSizeElse" name="parses test properly" file="/tests/spec/javascript/test_switch_manual_int_size_else.js" time="0.001"/>
<testcase classname="SwitchManualIntSizeEos" name="parses test properly" file="/tests/spec/javascript/test_switch_manual_int_size_eos.js" time="0.001"/>
<testcase classname="SwitchManualStr" name="parses test properly" file="/tests/spec/javascript/test_switch_manual_str.js" time="0"/>
<testcase classname="SwitchManualStrElse" name="parses test properly" file="/tests/spec/javascript/test_switch_manual_str_else.js" time="0.001"/>
<testcase classname="SwitchMultiBoolOps" name="parses test properly" file="/tests/spec/javascript/test_switch_multi_bool_ops.js" time="0.002"/>
<testcase classname="SwitchRepeatExpr" name="parses test properly" file="/tests/spec/javascript/test_switch_repeat_expr.js" time="0.001"/>
<testcase classname="SwitchRepeatExprInvalid" name="parses test properly" file="/tests/spec/javascript/test_switch_repeat_expr_invalid.js" time="0.001"/>
<testcase classname="TermBytes" name="parses test properly" file="/tests/spec/javascript/test_term_bytes.js" time="0"/>
<testcase classname="TermStrz" name="parses test properly" file="/tests/spec/javascript/test_term_strz.js" time="0.001"/>
<testcase classname="TermStrzUtf16V1" name="parses test properly" file="/tests/spec/javascript/test_term_strz_utf16_v1.js" time="0"/>
<testcase classname="TermStrzUtf16V2" name="parses test properly" file="/tests/spec/javascript/test_term_strz_utf16_v2.js" time="0.001"/>
<testcase classname="TermStrzUtf16V3" name="parses test properly" file="/tests/spec/javascript/test_term_strz_utf16_v3.js" time="0.001"/>
<testcase classname="TermStrzUtf16V4" name="parses test properly" file="/tests/spec/javascript/test_term_strz_utf16_v4.js" time="0.001"/>
<testcase classname="TermU1Val" name="parses test properly" file="/tests/spec/javascript/test_term_u1_val.js" time="0"/>
<testcase classname="ToStringCustom" name="parses test properly" file="/tests/spec/javascript/test_to_string_custom.js" time="0.001"/>
<testcase classname="TsPacketHeader" name="parses test properly" file="/tests/spec/javascript/test_ts_packet_header.js" time="0.001"/>
<testcase classname="TypeIntUnaryOp" name="parses test properly" file="/tests/spec/javascript/test_type_int_unary_op.js" time="0"/>
<testcase classname="TypeTernary" name="parses test properly" file="/tests/spec/javascript/test_type_ternary.js" time="0.001"/>
<testcase classname="TypeTernary2ndFalsy" name="parses test properly" file="/tests/spec/javascript/test_type_ternary_2nd_falsy.js" time="0.001"/>
<testcase classname="TypeTernaryOpaque" name="parses test properly" file="/tests/spec/javascript/test_type_ternary_opaque.js" time="0.001"/>
<testcase classname="UserType" name="parses test properly" file="/tests/spec/javascript/test_user_type.js" time="0"/>
<testcase classname="ValidEqStrEncodings" name="parses test properly" file="/tests/spec/javascript/test_valid_eq_str_encodings.js" time="0.001"><failure>The &#x22;IBM437&#x22; encoding is not supported
RangeError [ERR_ENCODING_NOT_SUPPORTED]: The &#x22;IBM437&#x22; encoding is not supported
    at new TextDecoder (node:internal/encoding:409:15)
    at KaitaiStream.bytesToStr (/usr/local/lib/node_modules/kaitai-struct/KaitaiStream.js:718:29)
    at ValidEqStrEncodings._read (compiled/javascript/ValidEqStrEncodings.js:37:30)
    at new ValidEqStrEncodings (compiled/javascript/ValidEqStrEncodings.js:18:10)
    at /tests/helpers/javascript/testHelper.js:14:17
    at FSReqCallback.readFileAfterClose [as oncomplete] (node:internal/fs/read/context:68:3)</failure></testcase>
<testcase classname="ValidFailAnyofInt" name="parses test properly" file="/tests/spec/javascript/test_valid_fail_anyof_int.js" time="0.001"/>
<testcase classname="ValidFailContents" name="parses test properly" file="/tests/spec/javascript/test_valid_fail_contents.js" time="0"/>
<testcase classname="ValidFailContentsInst" name="parses test properly" file="/tests/spec/javascript/test_valid_fail_contents_inst.js" time="0.001"><failure>Missing expected exception (ValidationNotEqualError).
AssertionError [ERR_ASSERTION]: Missing expected exception (ValidationNotEqualError).
    at /tests/helpers/javascript/testHelperThrows.js:12:16
    at FSReqCallback.readFileAfterClose [as oncomplete] (node:internal/fs/read/context:68:3)</failure></testcase>
<testcase classname="ValidFailEqBytes" name="parses test properly" file="/tests/spec/javascript/test_valid_fail_eq_bytes.js" time="0.001"/>
<testcase classname="ValidFailEqInt" name="parses test properly" file="/tests/spec/javascript/test_valid_fail_eq_int.js" time="0.001"/>
<testcase classname="ValidFailEqStr" name="parses test properly" file="/tests/spec/javascript/test_valid_fail_eq_str.js" time="0.001"/>
<testcase classname="ValidFailExpr" name="parses test properly" file="/tests/spec/javascript/test_valid_fail_expr.js" time="0"/>
<testcase classname="ValidFailInEnum" name="parses test properly" file="/tests/spec/javascript/test_valid_fail_in_enum.js" time="0.001"/>
<testcase classname="ValidFailInst" name="parses test properly" file="/tests/spec/javascript/test_valid_fail_inst.js" time="0.001"/>
<testcase classname="ValidFailMaxInt" name="parses test properly" file="/tests/spec/javascript/test_valid_fail_max_int.js" time="0"/>
<testcase classname="ValidFailMinInt" name="parses test properly" file="/tests/spec/javascript/test_valid_fail_min_int.js" time="0.001"/>
<testcase classname="ValidFailRangeBytes" name="parses test properly" file="/tests/spec/javascript/test_valid_fail_range_bytes.js" time="0.001"/>
<testcase classname="ValidFailRangeFloat" name="parses test properly" file="/tests/spec/javascript/test_valid_fail_range_float.js" time="0"/>
<testcase classname="ValidFailRangeInt" name="parses test properly" file="/tests/spec/javascript/test_valid_fail_range_int.js" time="0.001"/>
<testcase classname="ValidFailRangeStr" name="parses test properly" file="/tests/spec/javascript/test_valid_fail_range_str.js" time="0"/>
<testcase classname="ValidFailRepeatAnyofInt" name="parses test properly" file="/tests/spec/javascript/test_valid_fail_repeat_anyof_int.js" time="0"/>
<testcase classname="ValidFailRepeatContents" name="parses test properly" file="/tests/spec/javascript/test_valid_fail_repeat_contents.js" time="0.001"/>
<testcase classname="ValidFailRepeatEqInt" name="parses test properly" file="/tests/spec/javascript/test_valid_fail_repeat_eq_int.js" time="0"/>
<testcase classname="ValidFailRepeatExpr" name="parses test properly" file="/tests/spec/javascript/test_valid_fail_repeat_expr.js" time="0.001"/>
<testcase classname="ValidFailRepeatInst" name="parses test properly" file="/tests/spec/javascript/test_valid_fail_repeat_inst.js" time="0.001"/>
<testcase classname="ValidFailRepeatMaxInt" name="parses test properly" file="/tests/spec/javascript/test_valid_fail_repeat_max_int.js" time="0"/>
<testcase classname="ValidFailRepeatMinInt" name="parses test properly" file="/tests/spec/javascript/test_valid_fail_repeat_min_int.js" time="0.001"/>
<testcase classname="ValidLong" name="parses test properly" file="/tests/spec/javascript/test_valid_long.js" time="0.001"/>
<testcase classname="ValidNotParsedIf" name="parses test properly" file="/tests/spec/javascript/test_valid_not_parsed_if.js" time="0"/>
<testcase classname="ValidOptionalId" name="parses test properly" file="/tests/spec/javascript/test_valid_optional_id.js" time="0.001"/>
<testcase classname="ValidShort" name="parses test properly" file="/tests/spec/javascript/test_valid_short.js" time="0.001"/>
<testcase classname="ValidSwitch" name="parses test properly" file="/tests/spec/javascript/test_valid_switch.js" time="0"/>
<testcase classname="YamlInts" name="parses test properly" file="/tests/spec/javascript/test_yaml_ints.js" time="0.001"/>
<testcase classname="ZlibSurrounded" name="parses test properly" file="/tests/spec/javascript/test_zlib_surrounded.js" time="0.002"/>
<testcase classname="ZlibWithHeader78" name="parses test properly" file="/tests/spec/javascript/test_zlib_with_header_78.js" time="0.001"/>
</testsuite>
