<testsuite name="Mocha Tests" tests="208" failures="0" errors="8" skipped="0" timestamp="Sat, 09 May 2020 19:26:46 GMT" time="0.229">
<testcase classname="BcdUserTypeBe" name="parses test properly" time="0.009"/>
<testcase classname="BcdUserTypeLe" name="parses test properly" time="0.002"/>
<testcase classname="BitsByteAligned" name="parses test properly" time="0.001"/>
<testcase classname="BitsEnum" name="parses test properly" time="0.001"/>
<testcase classname="BitsSeqEndianCombo" name="parses test properly" time="0"/>
<testcase classname="BitsSimple" name="parses test properly" time="0"><failure>readBitsIntBe: the maximum supported bit length is 32 (tried to read 40 bits)
Error: readBitsIntBe: the maximum supported bit length is 32 (tried to read 40 bits)
    at KaitaiStream.readBitsIntBe (/home/travis/build/kaitai-io/ci_targets/runtime/javascript/KaitaiStream.js:422:11)
    at BitsSimple._read (/home/travis/build/kaitai-io/ci_targets/compiled/javascript/BitsSimple.js:33:32)
    at new BitsSimple (/home/travis/build/kaitai-io/ci_targets/compiled/javascript/BitsSimple.js:18:10)
    at /home/travis/build/kaitai-io/ci_targets/tests/helpers/javascript/testHelper.js:14:17
    at FSReqWrap.readFileAfterClose [as oncomplete] (internal/fs/read_file_context.js:53:3)</failure></testcase>
<testcase classname="BitsSimpleLe" name="parses test properly" time="0"><failure>readBitsIntLe: the maximum supported bit length is 32 (tried to read 40 bits)
Error: readBitsIntLe: the maximum supported bit length is 32 (tried to read 40 bits)
    at KaitaiStream.readBitsIntLe (/home/travis/build/kaitai-io/ci_targets/runtime/javascript/KaitaiStream.js:461:11)
    at BitsSimpleLe._read (/home/travis/build/kaitai-io/ci_targets/compiled/javascript/BitsSimpleLe.js:33:32)
    at new BitsSimpleLe (/home/travis/build/kaitai-io/ci_targets/compiled/javascript/BitsSimpleLe.js:18:10)
    at /home/travis/build/kaitai-io/ci_targets/tests/helpers/javascript/testHelper.js:14:17
    at FSReqWrap.readFileAfterClose [as oncomplete] (internal/fs/read_file_context.js:53:3)</failure></testcase>
<testcase classname="BufferedStruct" name="parses test properly" time="0"/>
<testcase classname="BytesPadTerm" name="parses test properly" time="0.001"/>
<testcase classname="CastNested" name="parses test properly" time="0.002"/>
<testcase classname="CastToImported" name="parses test properly" time="0"/>
<testcase classname="CastToTop" name="parses test properly" time="0"/>
<testcase classname="CombineBool" name="parses test properly" time="0.001"/>
<testcase classname="CombineBytes" name="parses test properly" time="0.001"/>
<testcase classname="CombineEnum" name="parses test properly" time="0.001"/>
<testcase classname="CombineStr" name="parses test properly" time="0.001"/>
<testcase classname="Debug0" name="parses test properly" time="0.001"/>
<testcase classname="DebugArrayUser" name="parses test properly" time="0.001"/>
<testcase classname="DebugEnumName" name="parses test properly" time="0.001"/>
<testcase classname="DebugSwitchUser" name="parses test properly" time="0.001"/>
<testcase classname="DefaultBigEndian" name="parses test properly" time="0"/>
<testcase classname="DefaultBitEndianMod" name="parses test properly" time="0.001"/>
<testcase classname="DefaultEndianExprException" name="parses test properly" time="0.001"/>
<testcase classname="DefaultEndianExprInherited" name="parses test properly" time="0.001"/>
<testcase classname="DefaultEndianExprIsBe" name="parses test properly" time="0.001"/>
<testcase classname="DefaultEndianExprIsLe" name="parses test properly" time="0.001"/>
<testcase classname="DefaultEndianMod" name="parses test properly" time="0.001"/>
<testcase classname="Docstrings" name="parses test properly" time="0.001"/>
<testcase classname="DocstringsDocref" name="parses test properly" time="0"/>
<testcase classname="DocstringsDocrefMulti" name="parses test properly" time="0.001"/>
<testcase classname="Enum0" name="parses test properly" time="0.001"/>
<testcase classname="Enum1" name="parses test properly" time="0"/>
<testcase classname="EnumDeep" name="parses test properly" time="0.001"/>
<testcase classname="EnumDeepLiterals" name="parses test properly" time="0.001"/>
<testcase classname="EnumFancy" name="parses test properly" time="0"/>
<testcase classname="EnumForUnknownId" name="parses test properly" time="0.001"/>
<testcase classname="EnumIf" name="parses test properly" time="0.003"/>
<testcase classname="EnumImport" name="parses test properly" time="0.002"><failure>Enum0 is not defined
ReferenceError: Enum0 is not defined
    at /home/travis/build/kaitai-io/ci_targets/tests/spec/javascript/test_enum_import.js:8:30
    at /home/travis/build/kaitai-io/ci_targets/tests/helpers/javascript/testHelper.js:16:11
    at FSReqWrap.readFileAfterClose [as oncomplete] (internal/fs/read_file_context.js:53:3)</failure></testcase>
<testcase classname="EnumIntRangeS" name="parses test properly" time="0"/>
<testcase classname="EnumIntRangeU" name="parses test properly" time="0"/>
<testcase classname="EnumInvalid" name="parses test properly" time="0.001"/>
<testcase classname="EnumLongRangeS" name="parses test properly" time="0.001"><failure>Input A expected to strictly equal input B:
+ expected - actual

- -9223372032559809000
+ -9223372036854776000

      + expected - actual

      --9223372032559809000
      +-9223372036854776000
      
AssertionError [ERR_ASSERTION]: Input A expected to strictly equal input B:
+ expected - actual

- -9223372032559809000
+ -9223372036854776000
    at /home/travis/build/kaitai-io/ci_targets/tests/spec/javascript/test_enum_long_range_s.js:8:10
    at /home/travis/build/kaitai-io/ci_targets/tests/helpers/javascript/testHelper.js:16:11
    at FSReqWrap.readFileAfterClose [as oncomplete] (internal/fs/read_file_context.js:53:3)</failure></testcase>
<testcase classname="EnumLongRangeU" name="parses test properly" time="0"/>
<testcase classname="EnumNegative" name="parses test properly" time="0.001"/>
<testcase classname="EnumOfValueInst" name="parses test properly" time="0.004"/>
<testcase classname="EnumToI" name="parses test properly" time="0.001"/>
<testcase classname="EnumToIClassBorder1" name="parses test properly" time="0.001"/>
<testcase classname="EofExceptionBytes" name="parses test properly" time="0"/>
<testcase classname="EofExceptionU4" name="parses test properly" time="0.001"/>
<testcase classname="EosExceptionBytes" name="parses test properly" time="0"/>
<testcase classname="EosExceptionU4" name="parses test properly" time="0"/>
<testcase classname="Expr0" name="parses test properly" time="0.001"/>
<testcase classname="Expr1" name="parses test properly" time="0.001"/>
<testcase classname="Expr2" name="parses test properly" time="0.001"/>
<testcase classname="Expr3" name="parses test properly" time="0.001"/>
<testcase classname="ExprArray" name="parses test properly" time="0.001"/>
<testcase classname="ExprBits" name="parses test properly" time="0.001"/>
<testcase classname="ExprBytesCmp" name="parses test properly" time="0.001"/>
<testcase classname="ExprBytesLiteral" name="parses test properly" time="0.001"><failure>Cannot find module &#x27;ExprBytesLiteral&#x27;
Error: Cannot find module &#x27;ExprBytesLiteral&#x27;
    at Function.Module._resolveFilename (internal/modules/cjs/loader.js:636:15)
    at Function.Module._load (internal/modules/cjs/loader.js:562:25)
    at Module.require (internal/modules/cjs/loader.js:692:17)
    at require (internal/modules/cjs/helpers.js:25:18)
    at Context.&#x3C;anonymous&#x3E; (helpers/javascript/testHelper.js:7:20)</failure></testcase>
<testcase classname="ExprBytesOps" name="parses test properly" time="0.001"/>
<testcase classname="ExprCalcArrayOps" name="parses test properly" time="0.001"/>
<testcase classname="ExprEnum" name="parses test properly" time="0.001"/>
<testcase classname="ExprIoEof" name="parses test properly" time="0.001"/>
<testcase classname="ExprIoPos" name="parses test properly" time="0.001"/>
<testcase classname="ExprMod" name="parses test properly" time="0"/>
