<?xml version="1.0" encoding="UTF-8"?>
<testsuite errors="0" failures="1" file="test_type_ternary.py" name="test_type_ternary.TestTypeTernary-20220617122748" skipped="0" tests="1" time="0.001" timestamp="2022-06-17T12:27:48">
	<testcase classname="test_type_ternary.TestTypeTernary" file="spec/construct/test_type_ternary.py" line="8" name="test_type_ternary" time="0.001" timestamp="2022-06-17T12:27:48">
		<failure message="102 != 101" type="AssertionError">
<![CDATA[Traceback (most recent call last):
  File "/home/travis/build/kaitai-io/ci_targets/tests/spec/construct/test_type_ternary.py", line 10, in test_type_ternary
    self.assertEqual(r.dif.value, 101)
AssertionError: 102 != 101
]]>		</failure>
		<system-out>
<![CDATA[]]>		</system-out>
		<system-err>
<![CDATA[]]>		</system-err>
	</testcase>
</testsuite>
