<?xml version="1.0" encoding="UTF-8"?>
<testsuite name="test_process_rotate.TestProcessRotate-20220707225848" tests="1" file="test_process_rotate.py" time="0.001" timestamp="2022-07-07T22:58:48" failures="1" errors="0" skipped="0">
	<testcase classname="test_process_rotate.TestProcessRotate" name="test_process_rotate" time="0.001" timestamp="2022-07-07T22:58:48" file="spec/construct/test_process_rotate.py" line="8">
		<failure type="AssertionError" message="b'\t\xac\x8d\x8d\xed' != b'Hello'"><![CDATA[Traceback (most recent call last):
  File "/home/travis/build/kaitai-io/ci_targets/tests/spec/construct/test_process_rotate.py", line 10, in test_process_rotate
    self.assertEqual(r.buf1, b"\x48\x65\x6C\x6C\x6F")
AssertionError: b'\t\xac\x8d\x8d\xed' != b'Hello'
]]></failure>
	</testcase>
</testsuite>
