<?xml version="1.0" encoding="UTF-8"?>
<testsuite name="test_process_xor_const.TestProcessXorConst-20230719185308" tests="1" file="test_process_xor_const.py" time="0.001" timestamp="2023-07-19T18:53:08" failures="1" errors="0" skipped="0">
	<testcase classname="test_process_xor_const.TestProcessXorConst" name="test_process_xor_const" time="0.001" timestamp="2023-07-19T18:53:08" file="spec/construct/test_process_xor_const.py" line="8">
		<failure type="AssertionError" message="b'\x99\x90\x90\xdf\x9d\x9e\x8d' != b'foo bar'"><![CDATA[Traceback (most recent call last):
  File "/tests/spec/construct/test_process_xor_const.py", line 11, in test_process_xor_const
    self.assertEqual(r.buf, b"\x66\x6F\x6F\x20\x62\x61\x72")
AssertionError: b'\x99\x90\x90\xdf\x9d\x9e\x8d' != b'foo bar'
]]></failure>
	</testcase>
</testsuite>
