<?xml version="1.0" encoding="UTF-8"?>
<testsuite name="test_process_xor4_value.TestProcessXor4Value-20220623173040" tests="1" file="test_process_xor4_value.py" time="0.001" timestamp="2022-06-23T17:30:40" failures="1" errors="0" skipped="0">
	<testcase classname="test_process_xor4_value.TestProcessXor4Value" name="test_process_xor4_value" time="0.001" timestamp="2022-06-23T17:30:40" file="spec/construct/test_process_xor4_value.py" line="8">
		<failure type="AssertionError" message="b'\x8a\xd4\xcc4\x8e\xda\xd1' != b'foo bar'"><![CDATA[Traceback (most recent call last):
  File "/home/travis/build/kaitai-io/ci_targets/tests/spec/construct/test_process_xor4_value.py", line 11, in test_process_xor4_value
    self.assertEqual(r.buf, b"\x66\x6F\x6F\x20\x62\x61\x72")
AssertionError: b'\x8a\xd4\xcc4\x8e\xda\xd1' != b'foo bar'
]]></failure>
	</testcase>
</testsuite>
