<?xml version="1.0" encoding="UTF-8"?>
<testsuite name="test_process_coerce_usertype2.TestProcessCoerceUsertype2-20230719185308" tests="1" file="test_process_coerce_usertype2.py" time="0.001" timestamp="2023-07-19T18:53:08" failures="1" errors="0" skipped="0">
	<testcase classname="test_process_coerce_usertype2.TestProcessCoerceUsertype2" name="test_process_coerce_usertype2" time="0.001" timestamp="2023-07-19T18:53:08" file="spec/construct/test_process_coerce_usertype2.py" line="8">
		<failure type="AssertionError" message="3907578088 != 1111638594"><![CDATA[Traceback (most recent call last):
  File "/tests/spec/construct/test_process_coerce_usertype2.py", line 13, in test_process_coerce_usertype2
    self.assertEqual(r.records[1].buf.value, 1111638594)
AssertionError: 3907578088 != 1111638594
]]></failure>
	</testcase>
</testsuite>
