<?xml version="1.0" encoding="UTF-8"?>
<testsuite errors="1" failures="0" file="test_debug_switch_user.py" name="test_debug_switch_user.TestDebugSwitchUser-20200824200311" skipped="0" tests="1" time="0.001" timestamp="2020-08-24T20:03:11">
	<testcase classname="test_debug_switch_user.TestDebugSwitchUser" file="spec/construct/test_debug_switch_user.py" line="8" name="test_debug_switch_user" time="0.001" timestamp="2020-08-24T20:03:11">
		<error message="_read" type="AttributeError">
<![CDATA[Traceback (most recent call last):
  File "/home/travis/build/kaitai-io/ci_targets/tests/spec/construct/test_debug_switch_user.py", line 10, in test_debug_switch_user
    r._read()
  File "/home/travis/virtualenv/python2.7.14/lib/python2.7/site-packages/construct/lib/containers.py", line 102, in __getattr__
    raise AttributeError(name)
AttributeError: _read
]]>		</error>
		<system-out>
<![CDATA[]]>		</system-out>
		<system-err>
<![CDATA[]]>		</system-err>
	</testcase>
</testsuite>
