<?xml version="1.0" encoding="UTF-8"?>
<testsuite errors="0" failures="1" file="test_process_custom_no_args.py" name="test_process_custom_no_args.TestProcessCustomNoArgs-20200824070700" skipped="0" tests="1" time="0.000" timestamp="2020-08-24T07:07:00">
	<testcase classname="test_process_custom_no_args.TestProcessCustomNoArgs" file="spec/construct/test_process_custom_no_args.py" line="8" name="test_process_custom_no_args" time="0.000" timestamp="2020-08-24T07:07:00">
		<failure message="'\t\xac\x8d\x8d\xed' != '_\t\xac\x8d\x8d\xed_'" type="AssertionError">
<![CDATA[Traceback (most recent call last):
  File "/home/travis/build/kaitai-io/ci_targets/tests/spec/construct/test_process_custom_no_args.py", line 11, in test_process_custom_no_args
    self.assertEqual(r.buf, b"\x5F\x09\xAC\x8D\x8D\xED\x5F")
AssertionError: '\t\xac\x8d\x8d\xed' != '_\t\xac\x8d\x8d\xed_'
]]>		</failure>
		<system-out>
<![CDATA[]]>		</system-out>
		<system-err>
<![CDATA[]]>		</system-err>
	</testcase>
</testsuite>
