<?xml version="1.0" encoding="UTF-8"?>
<testsuite name="test_process_repeat_bytes.TestProcessRepeatBytes-20210701222703" tests="1" file="test_process_repeat_bytes.py" time="0.001" timestamp="2021-07-01T22:27:03" failures="1" errors="0" skipped="0">
	<testcase classname="test_process_repeat_bytes.TestProcessRepeatBytes" name="test_process_repeat_bytes" time="0.001" timestamp="2021-07-01T22:27:03" file="spec/construct/test_process_repeat_bytes.py" line="8">
		<failure type="AssertionError" message="b'\xec\xbb\xa3\x14\x8a' != b'r%=\x8a\x14'"><![CDATA[Traceback (most recent call last):
  File "/home/travis/build/kaitai-io/ci_targets/tests/spec/construct/test_process_repeat_bytes.py", line 11, in test_process_repeat_bytes
    self.assertEqual(r.bufs[0], b"\x72\x25\x3D\x8A\x14")
AssertionError: b'\xec\xbb\xa3\x14\x8a' != b'r%=\x8a\x14'
]]></failure>
	</testcase>
</testsuite>
