<?xml version="1.0" encoding="UTF-8"?>
<testsuite name="test_expr_bytes_non_literal.TestExprBytesNonLiteral-20230719185308" tests="1" file="test_expr_bytes_non_literal.py" time="0.001" timestamp="2023-07-19T18:53:08" failures="0" errors="1" skipped="0">
	<testcase classname="test_expr_bytes_non_literal.TestExprBytesNonLiteral" name="test_expr_bytes_non_literal" time="0.001" timestamp="2023-07-19T18:53:08" file="spec/construct/test_expr_bytes_non_literal.py" line="8">
		<error type="error" message="byte format requires -128 &lt;= number &lt;= 127"><![CDATA[Traceback (most recent call last):
  File "/tests/spec/construct/test_expr_bytes_non_literal.py", line 9, in test_expr_bytes_non_literal
    r = _schema.parse_file('src/enum_negative.bin')
        ^^^^^^^^^^^^^^^^^^^^^^^^^^^^^^^^^^^^^^^^^^^
  File "/usr/local/lib/python3.11/site-packages/construct/core.py", line 309, in parse_file
    return self.parse_stream(f, **contextkw)
           ^^^^^^^^^^^^^^^^^^^^^^^^^^^^^^^^^
  File "/usr/local/lib/python3.11/site-packages/construct/core.py", line 300, in parse_stream
    return self._parsereport(stream, context, "(parsing)")
           ^^^^^^^^^^^^^^^^^^^^^^^^^^^^^^^^^^^^^^^^^^^^^^^
  File "/usr/local/lib/python3.11/site-packages/construct/core.py", line 312, in _parsereport
    obj = self._parse(stream, context, path)
          ^^^^^^^^^^^^^^^^^^^^^^^^^^^^^^^^^^
  File "/usr/local/lib/python3.11/site-packages/construct/core.py", line 2120, in _parse
    subobj = sc._parsereport(stream, context, path)
             ^^^^^^^^^^^^^^^^^^^^^^^^^^^^^^^^^^^^^^
  File "/usr/local/lib/python3.11/site-packages/construct/core.py", line 312, in _parsereport
    obj = self._parse(stream, context, path)
          ^^^^^^^^^^^^^^^^^^^^^^^^^^^^^^^^^^
  File "/usr/local/lib/python3.11/site-packages/construct/core.py", line 2653, in _parse
    return self.subcon._parsereport(stream, context, path)
           ^^^^^^^^^^^^^^^^^^^^^^^^^^^^^^^^^^^^^^^^^^^^^^^
  File "/usr/local/lib/python3.11/site-packages/construct/core.py", line 312, in _parsereport
    obj = self._parse(stream, context, path)
          ^^^^^^^^^^^^^^^^^^^^^^^^^^^^^^^^^^
  File "/usr/local/lib/python3.11/site-packages/construct/core.py", line 2798, in _parse
    return self.func(context) if callable(self.func) else self.func
           ^^^^^^^^^^^^^^^^^^
  File "/tests/compiled/construct/expr_bytes_non_literal.py", line 8, in <lambda>
    'calc_bytes' / Computed(lambda this: struct.pack('2b', this.one, this.two)),
                                         ^^^^^^^^^^^^^^^^^^^^^^^^^^^^^^^^^^^^^
struct.error: byte format requires -128 <= number <= 127
]]></error>
	</testcase>
</testsuite>
