<?xml version="1.0" encoding="UTF-8"?>
<testsuite name="test_process_xor_value.TestProcessXorValue-20230627085720" tests="1" file="test_process_xor_value.py" time="0.001" timestamp="2023-06-27T08:57:20" failures="1" errors="0" skipped="0">
	<testcase classname="test_process_xor_value.TestProcessXorValue" name="test_process_xor_value" time="0.001" timestamp="2023-06-27T08:57:20" file="spec/construct/test_process_xor_value.py" line="8">
		<failure type="AssertionError" message="b'\x99\x90\x90\xdf\x9d\x9e\x8d' != b'foo bar'"><![CDATA[Traceback (most recent call last):
  File "/home/travis/build/kaitai-io/ci_targets/tests/spec/construct/test_process_xor_value.py", line 11, in test_process_xor_value
    self.assertEqual(r.buf, b"\x66\x6F\x6F\x20\x62\x61\x72")
AssertionError: b'\x99\x90\x90\xdf\x9d\x9e\x8d' != b'foo bar'
]]></failure>
	</testcase>
</testsuite>
