<?xml version="1.0" encoding="UTF-8"?>
<testsuite errors="53" failures="0" file="unittest/loader.py" name="unittest.loader.ModuleImportFailure" skipped="0" tests="53" time="0.011" timestamp="2023-07-27T22:36:15">
	<testcase classname="unittest.loader.ModuleImportFailure" file="/usr/local/lib/python2.7/unittest/loader.py" line="31" name="test_enum_long_range_u" time="0.000" timestamp="2023-07-27T22:36:15">
		<error message="Failed to import test module: test_enum_long_range_u
Traceback (most recent call last):
  File &quot;/usr/local/lib/python2.7/unittest/loader.py&quot;, line 254, in _find_tests
    module = self._get_module_from_name(name)
  File &quot;/usr/local/lib/python2.7/unittest/loader.py&quot;, line 232, in _get_module_from_name
    __import__(name)
  File &quot;/tests/spec/construct/test_enum_long_range_u.py&quot;, line 4, in &lt;module&gt;
    from enum_long_range_u import _schema
  File &quot;/tests/compiled/construct/enum_long_range_u.py&quot;, line 3, in &lt;module&gt;
    import enum
ImportError: No module named enum
" type="ImportError">
<![CDATA[ImportError: Failed to import test module: test_enum_long_range_u
Traceback (most recent call last):
  File "/usr/local/lib/python2.7/unittest/loader.py", line 254, in _find_tests
    module = self._get_module_from_name(name)
  File "/usr/local/lib/python2.7/unittest/loader.py", line 232, in _get_module_from_name
    __import__(name)
  File "/tests/spec/construct/test_enum_long_range_u.py", line 4, in <module>
    from enum_long_range_u import _schema
  File "/tests/compiled/construct/enum_long_range_u.py", line 3, in <module>
    import enum
ImportError: No module named enum

]]>		</error>
		<system-out>
<![CDATA[]]>		</system-out>
		<system-err>
<![CDATA[]]>		</system-err>
	</testcase>
	<testcase classname="unittest.loader.ModuleImportFailure" file="/usr/local/lib/python2.7/unittest/loader.py" line="31" name="test_position_to_end" time="0.000" timestamp="2023-07-27T22:36:15">
		<error message="Failed to import test module: test_position_to_end
Traceback (most recent call last):
  File &quot;/usr/local/lib/python2.7/unittest/loader.py&quot;, line 254, in _find_tests
    module = self._get_module_from_name(name)
  File &quot;/usr/local/lib/python2.7/unittest/loader.py&quot;, line 232, in _get_module_from_name
    __import__(name)
  File &quot;/tests/spec/construct/test_position_to_end.py&quot;, line 5, in &lt;module&gt;
    from position_to_end import _schema
  File &quot;/tests/compiled/construct/position_to_end.py&quot;, line 10, in &lt;module&gt;
    'index' / Pointer((stream_size(_io) - 8), LazyBound(lambda: position_to_end__index_obj)),
NameError: name '_io' is not defined
" type="ImportError">
<![CDATA[ImportError: Failed to import test module: test_position_to_end
Traceback (most recent call last):
  File "/usr/local/lib/python2.7/unittest/loader.py", line 254, in _find_tests
    module = self._get_module_from_name(name)
  File "/usr/local/lib/python2.7/unittest/loader.py", line 232, in _get_module_from_name
    __import__(name)
  File "/tests/spec/construct/test_position_to_end.py", line 5, in <module>
    from position_to_end import _schema
  File "/tests/compiled/construct/position_to_end.py", line 10, in <module>
    'index' / Pointer((stream_size(_io) - 8), LazyBound(lambda: position_to_end__index_obj)),
NameError: name '_io' is not defined

]]>		</error>
		<system-out>
<![CDATA[]]>		</system-out>
		<system-err>
<![CDATA[]]>		</system-err>
	</testcase>
	<testcase classname="unittest.loader.ModuleImportFailure" file="/usr/local/lib/python2.7/unittest/loader.py" line="31" name="test_combine_bool" time="0.000" timestamp="2023-07-27T22:36:15">
		<error message="Failed to import test module: test_combine_bool
Traceback (most recent call last):
  File &quot;/usr/local/lib/python2.7/unittest/loader.py&quot;, line 254, in _find_tests
    module = self._get_module_from_name(name)
  File &quot;/usr/local/lib/python2.7/unittest/loader.py&quot;, line 232, in _get_module_from_name
    __import__(name)
  File &quot;/tests/spec/construct/test_combine_bool.py&quot;, line 5, in &lt;module&gt;
    from combine_bool import _schema
  File &quot;/tests/compiled/construct/combine_bool.py&quot;, line 5
    'bool_bit' / ???,
                 ^
SyntaxError: invalid syntax
" type="ImportError">
<![CDATA[ImportError: Failed to import test module: test_combine_bool
Traceback (most recent call last):
  File "/usr/local/lib/python2.7/unittest/loader.py", line 254, in _find_tests
    module = self._get_module_from_name(name)
  File "/usr/local/lib/python2.7/unittest/loader.py", line 232, in _get_module_from_name
    __import__(name)
  File "/tests/spec/construct/test_combine_bool.py", line 5, in <module>
    from combine_bool import _schema
  File "/tests/compiled/construct/combine_bool.py", line 5
    'bool_bit' / ???,
                 ^
SyntaxError: invalid syntax

]]>		</error>
		<system-out>
<![CDATA[]]>		</system-out>
		<system-err>
<![CDATA[]]>		</system-err>
	</testcase>
	<testcase classname="unittest.loader.ModuleImportFailure" file="/usr/local/lib/python2.7/unittest/loader.py" line="31" name="test_enum_deep_literals" time="0.000" timestamp="2023-07-27T22:36:15">
		<error message="Failed to import test module: test_enum_deep_literals
Traceback (most recent call last):
  File &quot;/usr/local/lib/python2.7/unittest/loader.py&quot;, line 254, in _find_tests
    module = self._get_module_from_name(name)
  File &quot;/usr/local/lib/python2.7/unittest/loader.py&quot;, line 232, in _get_module_from_name
    __import__(name)
  File &quot;/tests/spec/construct/test_enum_deep_literals.py&quot;, line 4, in &lt;module&gt;
    from enum_deep_literals import _schema
  File &quot;/tests/compiled/construct/enum_deep_literals.py&quot;, line 3, in &lt;module&gt;
    import enum
ImportError: No module named enum
" type="ImportError">
<![CDATA[ImportError: Failed to import test module: test_enum_deep_literals
Traceback (most recent call last):
  File "/usr/local/lib/python2.7/unittest/loader.py", line 254, in _find_tests
    module = self._get_module_from_name(name)
  File "/usr/local/lib/python2.7/unittest/loader.py", line 232, in _get_module_from_name
    __import__(name)
  File "/tests/spec/construct/test_enum_deep_literals.py", line 4, in <module>
    from enum_deep_literals import _schema
  File "/tests/compiled/construct/enum_deep_literals.py", line 3, in <module>
    import enum
ImportError: No module named enum

]]>		</error>
		<system-out>
<![CDATA[]]>		</system-out>
		<system-err>
<![CDATA[]]>		</system-err>
	</testcase>
	<testcase classname="unittest.loader.ModuleImportFailure" file="/usr/local/lib/python2.7/unittest/loader.py" line="31" name="test_enum_import" time="0.000" timestamp="2023-07-27T22:36:15">
		<error message="Failed to import test module: test_enum_import
Traceback (most recent call last):
  File &quot;/usr/local/lib/python2.7/unittest/loader.py&quot;, line 254, in _find_tests
    module = self._get_module_from_name(name)
  File &quot;/usr/local/lib/python2.7/unittest/loader.py&quot;, line 232, in _get_module_from_name
    __import__(name)
  File &quot;/tests/spec/construct/test_enum_import.py&quot;, line 4, in &lt;module&gt;
    from enum_import import _schema
  File &quot;/tests/compiled/construct/enum_import.py&quot;, line 5, in &lt;module&gt;
    'pet_1' / Enum(Int32ul, enum_0__animal),
NameError: name 'enum_0__animal' is not defined
" type="ImportError">
<![CDATA[ImportError: Failed to import test module: test_enum_import
Traceback (most recent call last):
  File "/usr/local/lib/python2.7/unittest/loader.py", line 254, in _find_tests
    module = self._get_module_from_name(name)
  File "/usr/local/lib/python2.7/unittest/loader.py", line 232, in _get_module_from_name
    __import__(name)
  File "/tests/spec/construct/test_enum_import.py", line 4, in <module>
    from enum_import import _schema
  File "/tests/compiled/construct/enum_import.py", line 5, in <module>
    'pet_1' / Enum(Int32ul, enum_0__animal),
NameError: name 'enum_0__animal' is not defined

]]>		</error>
		<system-out>
<![CDATA[]]>		</system-out>
		<system-err>
<![CDATA[]]>		</system-err>
	</testcase>
	<testcase classname="unittest.loader.ModuleImportFailure" file="/usr/local/lib/python2.7/unittest/loader.py" line="31" name="test_bits_unaligned_b32_le" time="0.000" timestamp="2023-07-27T22:36:15">
		<error message="Failed to import test module: test_bits_unaligned_b32_le
Traceback (most recent call last):
  File &quot;/usr/local/lib/python2.7/unittest/loader.py&quot;, line 254, in _find_tests
    module = self._get_module_from_name(name)
  File &quot;/usr/local/lib/python2.7/unittest/loader.py&quot;, line 232, in _get_module_from_name
    __import__(name)
  File &quot;/tests/spec/construct/test_bits_unaligned_b32_le.py&quot;, line 5, in &lt;module&gt;
    from bits_unaligned_b32_le import _schema
  File &quot;/tests/compiled/construct/bits_unaligned_b32_le.py&quot;, line 5
    'a' / ???,
          ^
SyntaxError: invalid syntax
" type="ImportError">
<![CDATA[ImportError: Failed to import test module: test_bits_unaligned_b32_le
Traceback (most recent call last):
  File "/usr/local/lib/python2.7/unittest/loader.py", line 254, in _find_tests
    module = self._get_module_from_name(name)
  File "/usr/local/lib/python2.7/unittest/loader.py", line 232, in _get_module_from_name
    __import__(name)
  File "/tests/spec/construct/test_bits_unaligned_b32_le.py", line 5, in <module>
    from bits_unaligned_b32_le import _schema
  File "/tests/compiled/construct/bits_unaligned_b32_le.py", line 5
    'a' / ???,
          ^
SyntaxError: invalid syntax

]]>		</error>
		<system-out>
<![CDATA[]]>		</system-out>
		<system-err>
<![CDATA[]]>		</system-err>
	</testcase>
	<testcase classname="unittest.loader.ModuleImportFailure" file="/usr/local/lib/python2.7/unittest/loader.py" line="31" name="test_enum_long_range_s" time="0.000" timestamp="2023-07-27T22:36:15">
		<error message="Failed to import test module: test_enum_long_range_s
Traceback (most recent call last):
  File &quot;/usr/local/lib/python2.7/unittest/loader.py&quot;, line 254, in _find_tests
    module = self._get_module_from_name(name)
  File &quot;/usr/local/lib/python2.7/unittest/loader.py&quot;, line 232, in _get_module_from_name
    __import__(name)
  File &quot;/tests/spec/construct/test_enum_long_range_s.py&quot;, line 4, in &lt;module&gt;
    from enum_long_range_s import _schema
  File &quot;/tests/compiled/construct/enum_long_range_s.py&quot;, line 3, in &lt;module&gt;
    import enum
ImportError: No module named enum
" type="ImportError">
<![CDATA[ImportError: Failed to import test module: test_enum_long_range_s
Traceback (most recent call last):
  File "/usr/local/lib/python2.7/unittest/loader.py", line 254, in _find_tests
    module = self._get_module_from_name(name)
  File "/usr/local/lib/python2.7/unittest/loader.py", line 232, in _get_module_from_name
    __import__(name)
  File "/tests/spec/construct/test_enum_long_range_s.py", line 4, in <module>
    from enum_long_range_s import _schema
  File "/tests/compiled/construct/enum_long_range_s.py", line 3, in <module>
    import enum
ImportError: No module named enum

]]>		</error>
		<system-out>
<![CDATA[]]>		</system-out>
		<system-err>
<![CDATA[]]>		</system-err>
	</testcase>
	<testcase classname="unittest.loader.ModuleImportFailure" file="/usr/local/lib/python2.7/unittest/loader.py" line="31" name="test_enum_invalid" time="0.000" timestamp="2023-07-27T22:36:15">
		<error message="Failed to import test module: test_enum_invalid
Traceback (most recent call last):
  File &quot;/usr/local/lib/python2.7/unittest/loader.py&quot;, line 254, in _find_tests
    module = self._get_module_from_name(name)
  File &quot;/usr/local/lib/python2.7/unittest/loader.py&quot;, line 232, in _get_module_from_name
    __import__(name)
  File &quot;/tests/spec/construct/test_enum_invalid.py&quot;, line 4, in &lt;module&gt;
    from enum_invalid import _schema
  File &quot;/tests/compiled/construct/enum_invalid.py&quot;, line 3, in &lt;module&gt;
    import enum
ImportError: No module named enum
" type="ImportError">
<![CDATA[ImportError: Failed to import test module: test_enum_invalid
Traceback (most recent call last):
  File "/usr/local/lib/python2.7/unittest/loader.py", line 254, in _find_tests
    module = self._get_module_from_name(name)
  File "/usr/local/lib/python2.7/unittest/loader.py", line 232, in _get_module_from_name
    __import__(name)
  File "/tests/spec/construct/test_enum_invalid.py", line 4, in <module>
    from enum_invalid import _schema
  File "/tests/compiled/construct/enum_invalid.py", line 3, in <module>
    import enum
ImportError: No module named enum

]]>		</error>
		<system-out>
<![CDATA[]]>		</system-out>
		<system-err>
<![CDATA[]]>		</system-err>
	</testcase>
	<testcase classname="unittest.loader.ModuleImportFailure" file="/usr/local/lib/python2.7/unittest/loader.py" line="31" name="test_bits_signed_res_b32_le" time="0.000" timestamp="2023-07-27T22:36:15">
		<error message="Failed to import test module: test_bits_signed_res_b32_le
Traceback (most recent call last):
  File &quot;/usr/local/lib/python2.7/unittest/loader.py&quot;, line 254, in _find_tests
    module = self._get_module_from_name(name)
  File &quot;/usr/local/lib/python2.7/unittest/loader.py&quot;, line 232, in _get_module_from_name
    __import__(name)
  File &quot;/tests/spec/construct/test_bits_signed_res_b32_le.py&quot;, line 5, in &lt;module&gt;
    from bits_signed_res_b32_le import _schema
  File &quot;/tests/compiled/construct/bits_signed_res_b32_le.py&quot;, line 5
    'a' / ???,
          ^
SyntaxError: invalid syntax
" type="ImportError">
<![CDATA[ImportError: Failed to import test module: test_bits_signed_res_b32_le
Traceback (most recent call last):
  File "/usr/local/lib/python2.7/unittest/loader.py", line 254, in _find_tests
    module = self._get_module_from_name(name)
  File "/usr/local/lib/python2.7/unittest/loader.py", line 232, in _get_module_from_name
    __import__(name)
  File "/tests/spec/construct/test_bits_signed_res_b32_le.py", line 5, in <module>
    from bits_signed_res_b32_le import _schema
  File "/tests/compiled/construct/bits_signed_res_b32_le.py", line 5
    'a' / ???,
          ^
SyntaxError: invalid syntax

]]>		</error>
		<system-out>
<![CDATA[]]>		</system-out>
		<system-err>
<![CDATA[]]>		</system-err>
	</testcase>
	<testcase classname="unittest.loader.ModuleImportFailure" file="/usr/local/lib/python2.7/unittest/loader.py" line="31" name="test_index_sizes" time="0.000" timestamp="2023-07-27T22:36:15">
		<error message="Failed to import test module: test_index_sizes
Traceback (most recent call last):
  File &quot;/usr/local/lib/python2.7/unittest/loader.py&quot;, line 254, in _find_tests
    module = self._get_module_from_name(name)
  File &quot;/usr/local/lib/python2.7/unittest/loader.py&quot;, line 232, in _get_module_from_name
    __import__(name)
  File &quot;/tests/spec/construct/test_index_sizes.py&quot;, line 5, in &lt;module&gt;
    from index_sizes import _schema
  File &quot;/tests/compiled/construct/index_sizes.py&quot;, line 7, in &lt;module&gt;
    'bufs' / Array(this.qty, FixedSized(this.sizes[i], GreedyString(encoding='ASCII'))),
NameError: name 'i' is not defined
" type="ImportError">
<![CDATA[ImportError: Failed to import test module: test_index_sizes
Traceback (most recent call last):
  File "/usr/local/lib/python2.7/unittest/loader.py", line 254, in _find_tests
    module = self._get_module_from_name(name)
  File "/usr/local/lib/python2.7/unittest/loader.py", line 232, in _get_module_from_name
    __import__(name)
  File "/tests/spec/construct/test_index_sizes.py", line 5, in <module>
    from index_sizes import _schema
  File "/tests/compiled/construct/index_sizes.py", line 7, in <module>
    'bufs' / Array(this.qty, FixedSized(this.sizes[i], GreedyString(encoding='ASCII'))),
NameError: name 'i' is not defined

]]>		</error>
		<system-out>
<![CDATA[]]>		</system-out>
		<system-err>
<![CDATA[]]>		</system-err>
	</testcase>
	<testcase classname="unittest.loader.ModuleImportFailure" file="/usr/local/lib/python2.7/unittest/loader.py" line="31" name="test_switch_manual_int_size_eos" time="0.000" timestamp="2023-07-27T22:36:15">
		<error message="Failed to import test module: test_switch_manual_int_size_eos
Traceback (most recent call last):
  File &quot;/usr/local/lib/python2.7/unittest/loader.py&quot;, line 254, in _find_tests
    module = self._get_module_from_name(name)
  File &quot;/usr/local/lib/python2.7/unittest/loader.py&quot;, line 232, in _get_module_from_name
    __import__(name)
  File &quot;/tests/spec/construct/test_switch_manual_int_size_eos.py&quot;, line 5, in &lt;module&gt;
    from switch_manual_int_size_eos import _schema
  File &quot;/tests/compiled/construct/switch_manual_int_size_eos.py&quot;, line 20
    'body' / Switch(this._.code, {17: ???, 34: ???, }, default=GreedyBytes),
                                      ^
SyntaxError: invalid syntax
" type="ImportError">
<![CDATA[ImportError: Failed to import test module: test_switch_manual_int_size_eos
Traceback (most recent call last):
  File "/usr/local/lib/python2.7/unittest/loader.py", line 254, in _find_tests
    module = self._get_module_from_name(name)
  File "/usr/local/lib/python2.7/unittest/loader.py", line 232, in _get_module_from_name
    __import__(name)
  File "/tests/spec/construct/test_switch_manual_int_size_eos.py", line 5, in <module>
    from switch_manual_int_size_eos import _schema
  File "/tests/compiled/construct/switch_manual_int_size_eos.py", line 20
    'body' / Switch(this._.code, {17: ???, 34: ???, }, default=GreedyBytes),
                                      ^
SyntaxError: invalid syntax

]]>		</error>
		<system-out>
<![CDATA[]]>		</system-out>
		<system-err>
<![CDATA[]]>		</system-err>
	</testcase>
	<testcase classname="unittest.loader.ModuleImportFailure" file="/usr/local/lib/python2.7/unittest/loader.py" line="31" name="test_params_enum" time="0.000" timestamp="2023-07-27T22:36:15">
		<error message="Failed to import test module: test_params_enum
Traceback (most recent call last):
  File &quot;/usr/local/lib/python2.7/unittest/loader.py&quot;, line 254, in _find_tests
    module = self._get_module_from_name(name)
  File &quot;/usr/local/lib/python2.7/unittest/loader.py&quot;, line 232, in _get_module_from_name
    __import__(name)
  File &quot;/tests/spec/construct/test_params_enum.py&quot;, line 4, in &lt;module&gt;
    from params_enum import _schema
  File &quot;/tests/compiled/construct/params_enum.py&quot;, line 3, in &lt;module&gt;
    import enum
ImportError: No module named enum
" type="ImportError">
<![CDATA[ImportError: Failed to import test module: test_params_enum
Traceback (most recent call last):
  File "/usr/local/lib/python2.7/unittest/loader.py", line 254, in _find_tests
    module = self._get_module_from_name(name)
  File "/usr/local/lib/python2.7/unittest/loader.py", line 232, in _get_module_from_name
    __import__(name)
  File "/tests/spec/construct/test_params_enum.py", line 4, in <module>
    from params_enum import _schema
  File "/tests/compiled/construct/params_enum.py", line 3, in <module>
    import enum
ImportError: No module named enum

]]>		</error>
		<system-out>
<![CDATA[]]>		</system-out>
		<system-err>
<![CDATA[]]>		</system-err>
	</testcase>
	<testcase classname="unittest.loader.ModuleImportFailure" file="/usr/local/lib/python2.7/unittest/loader.py" line="31" name="test_enum_1" time="0.000" timestamp="2023-07-27T22:36:15">
		<error message="Failed to import test module: test_enum_1
Traceback (most recent call last):
  File &quot;/usr/local/lib/python2.7/unittest/loader.py&quot;, line 254, in _find_tests
    module = self._get_module_from_name(name)
  File &quot;/usr/local/lib/python2.7/unittest/loader.py&quot;, line 232, in _get_module_from_name
    __import__(name)
  File &quot;/tests/spec/construct/test_enum_1.py&quot;, line 4, in &lt;module&gt;
    from enum_1 import _schema
  File &quot;/tests/compiled/construct/enum_1.py&quot;, line 3, in &lt;module&gt;
    import enum
ImportError: No module named enum
" type="ImportError">
<![CDATA[ImportError: Failed to import test module: test_enum_1
Traceback (most recent call last):
  File "/usr/local/lib/python2.7/unittest/loader.py", line 254, in _find_tests
    module = self._get_module_from_name(name)
  File "/usr/local/lib/python2.7/unittest/loader.py", line 232, in _get_module_from_name
    __import__(name)
  File "/tests/spec/construct/test_enum_1.py", line 4, in <module>
    from enum_1 import _schema
  File "/tests/compiled/construct/enum_1.py", line 3, in <module>
    import enum
ImportError: No module named enum

]]>		</error>
		<system-out>
<![CDATA[]]>		</system-out>
		<system-err>
<![CDATA[]]>		</system-err>
	</testcase>
	<testcase classname="unittest.loader.ModuleImportFailure" file="/usr/local/lib/python2.7/unittest/loader.py" line="31" name="test_default_endian_expr_inherited" time="0.000" timestamp="2023-07-27T22:36:15">
		<error message="Failed to import test module: test_default_endian_expr_inherited
Traceback (most recent call last):
  File &quot;/usr/local/lib/python2.7/unittest/loader.py&quot;, line 254, in _find_tests
    module = self._get_module_from_name(name)
  File &quot;/usr/local/lib/python2.7/unittest/loader.py&quot;, line 232, in _get_module_from_name
    __import__(name)
  File &quot;/tests/spec/construct/test_default_endian_expr_inherited.py&quot;, line 5, in &lt;module&gt;
    from default_endian_expr_inherited import _schema
ImportError: No module named default_endian_expr_inherited
" type="ImportError">
<![CDATA[ImportError: Failed to import test module: test_default_endian_expr_inherited
Traceback (most recent call last):
  File "/usr/local/lib/python2.7/unittest/loader.py", line 254, in _find_tests
    module = self._get_module_from_name(name)
  File "/usr/local/lib/python2.7/unittest/loader.py", line 232, in _get_module_from_name
    __import__(name)
  File "/tests/spec/construct/test_default_endian_expr_inherited.py", line 5, in <module>
    from default_endian_expr_inherited import _schema
ImportError: No module named default_endian_expr_inherited

]]>		</error>
		<system-out>
<![CDATA[]]>		</system-out>
		<system-err>
<![CDATA[]]>		</system-err>
	</testcase>
	<testcase classname="unittest.loader.ModuleImportFailure" file="/usr/local/lib/python2.7/unittest/loader.py" line="31" name="test_bits_seq_endian_combo" time="0.000" timestamp="2023-07-27T22:36:15">
		<error message="Failed to import test module: test_bits_seq_endian_combo
Traceback (most recent call last):
  File &quot;/usr/local/lib/python2.7/unittest/loader.py&quot;, line 254, in _find_tests
    module = self._get_module_from_name(name)
  File &quot;/usr/local/lib/python2.7/unittest/loader.py&quot;, line 232, in _get_module_from_name
    __import__(name)
  File &quot;/tests/spec/construct/test_bits_seq_endian_combo.py&quot;, line 4, in &lt;module&gt;
    from bits_seq_endian_combo import _schema
  File &quot;/tests/compiled/construct/bits_seq_endian_combo.py&quot;, line 5
    'be1' / ???,
            ^
SyntaxError: invalid syntax
" type="ImportError">
<![CDATA[ImportError: Failed to import test module: test_bits_seq_endian_combo
Traceback (most recent call last):
  File "/usr/local/lib/python2.7/unittest/loader.py", line 254, in _find_tests
    module = self._get_module_from_name(name)
  File "/usr/local/lib/python2.7/unittest/loader.py", line 232, in _get_module_from_name
    __import__(name)
  File "/tests/spec/construct/test_bits_seq_endian_combo.py", line 4, in <module>
    from bits_seq_endian_combo import _schema
  File "/tests/compiled/construct/bits_seq_endian_combo.py", line 5
    'be1' / ???,
            ^
SyntaxError: invalid syntax

]]>		</error>
		<system-out>
<![CDATA[]]>		</system-out>
		<system-err>
<![CDATA[]]>		</system-err>
	</testcase>
	<testcase classname="unittest.loader.ModuleImportFailure" file="/usr/local/lib/python2.7/unittest/loader.py" line="31" name="test_enum_fancy" time="0.000" timestamp="2023-07-27T22:36:15">
		<error message="Failed to import test module: test_enum_fancy
Traceback (most recent call last):
  File &quot;/usr/local/lib/python2.7/unittest/loader.py&quot;, line 254, in _find_tests
    module = self._get_module_from_name(name)
  File &quot;/usr/local/lib/python2.7/unittest/loader.py&quot;, line 232, in _get_module_from_name
    __import__(name)
  File &quot;/tests/spec/construct/test_enum_fancy.py&quot;, line 4, in &lt;module&gt;
    from enum_fancy import _schema
  File &quot;/tests/compiled/construct/enum_fancy.py&quot;, line 3, in &lt;module&gt;
    import enum
ImportError: No module named enum
" type="ImportError">
<![CDATA[ImportError: Failed to import test module: test_enum_fancy
Traceback (most recent call last):
  File "/usr/local/lib/python2.7/unittest/loader.py", line 254, in _find_tests
    module = self._get_module_from_name(name)
  File "/usr/local/lib/python2.7/unittest/loader.py", line 232, in _get_module_from_name
    __import__(name)
  File "/tests/spec/construct/test_enum_fancy.py", line 4, in <module>
    from enum_fancy import _schema
  File "/tests/compiled/construct/enum_fancy.py", line 3, in <module>
    import enum
ImportError: No module named enum

]]>		</error>
		<system-out>
<![CDATA[]]>		</system-out>
		<system-err>
<![CDATA[]]>		</system-err>
	</testcase>
	<testcase classname="unittest.loader.ModuleImportFailure" file="/usr/local/lib/python2.7/unittest/loader.py" line="31" name="test_expr_bits" time="0.000" timestamp="2023-07-27T22:36:15">
		<error message="Failed to import test module: test_expr_bits
Traceback (most recent call last):
  File &quot;/usr/local/lib/python2.7/unittest/loader.py&quot;, line 254, in _find_tests
    module = self._get_module_from_name(name)
  File &quot;/usr/local/lib/python2.7/unittest/loader.py&quot;, line 232, in _get_module_from_name
    __import__(name)
  File &quot;/tests/spec/construct/test_expr_bits.py&quot;, line 4, in &lt;module&gt;
    from expr_bits import _schema
ImportError: No module named expr_bits
" type="ImportError">
<![CDATA[ImportError: Failed to import test module: test_expr_bits
Traceback (most recent call last):
  File "/usr/local/lib/python2.7/unittest/loader.py", line 254, in _find_tests
    module = self._get_module_from_name(name)
  File "/usr/local/lib/python2.7/unittest/loader.py", line 232, in _get_module_from_name
    __import__(name)
  File "/tests/spec/construct/test_expr_bits.py", line 4, in <module>
    from expr_bits import _schema
ImportError: No module named expr_bits

]]>		</error>
		<system-out>
<![CDATA[]]>		</system-out>
		<system-err>
<![CDATA[]]>		</system-err>
	</testcase>
	<testcase classname="unittest.loader.ModuleImportFailure" file="/usr/local/lib/python2.7/unittest/loader.py" line="31" name="test_switch_manual_enum" time="0.000" timestamp="2023-07-27T22:36:15">
		<error message="Failed to import test module: test_switch_manual_enum
Traceback (most recent call last):
  File &quot;/usr/local/lib/python2.7/unittest/loader.py&quot;, line 254, in _find_tests
    module = self._get_module_from_name(name)
  File &quot;/usr/local/lib/python2.7/unittest/loader.py&quot;, line 232, in _get_module_from_name
    __import__(name)
  File &quot;/tests/spec/construct/test_switch_manual_enum.py&quot;, line 4, in &lt;module&gt;
    from switch_manual_enum import _schema
  File &quot;/tests/compiled/construct/switch_manual_enum.py&quot;, line 3, in &lt;module&gt;
    import enum
ImportError: No module named enum
" type="ImportError">
<![CDATA[ImportError: Failed to import test module: test_switch_manual_enum
Traceback (most recent call last):
  File "/usr/local/lib/python2.7/unittest/loader.py", line 254, in _find_tests
    module = self._get_module_from_name(name)
  File "/usr/local/lib/python2.7/unittest/loader.py", line 232, in _get_module_from_name
    __import__(name)
  File "/tests/spec/construct/test_switch_manual_enum.py", line 4, in <module>
    from switch_manual_enum import _schema
  File "/tests/compiled/construct/switch_manual_enum.py", line 3, in <module>
    import enum
ImportError: No module named enum

]]>		</error>
		<system-out>
<![CDATA[]]>		</system-out>
		<system-err>
<![CDATA[]]>		</system-err>
	</testcase>
	<testcase classname="unittest.loader.ModuleImportFailure" file="/usr/local/lib/python2.7/unittest/loader.py" line="31" name="test_enum_for_unknown_id" time="0.000" timestamp="2023-07-27T22:36:15">
		<error message="Failed to import test module: test_enum_for_unknown_id
Traceback (most recent call last):
  File &quot;/usr/local/lib/python2.7/unittest/loader.py&quot;, line 254, in _find_tests
    module = self._get_module_from_name(name)
  File &quot;/usr/local/lib/python2.7/unittest/loader.py&quot;, line 232, in _get_module_from_name
    __import__(name)
  File &quot;/tests/spec/construct/test_enum_for_unknown_id.py&quot;, line 5, in &lt;module&gt;
    from enum_for_unknown_id import _schema
  File &quot;/tests/compiled/construct/enum_for_unknown_id.py&quot;, line 3, in &lt;module&gt;
    import enum
ImportError: No module named enum
" type="ImportError">
<![CDATA[ImportError: Failed to import test module: test_enum_for_unknown_id
Traceback (most recent call last):
  File "/usr/local/lib/python2.7/unittest/loader.py", line 254, in _find_tests
    module = self._get_module_from_name(name)
  File "/usr/local/lib/python2.7/unittest/loader.py", line 232, in _get_module_from_name
    __import__(name)
  File "/tests/spec/construct/test_enum_for_unknown_id.py", line 5, in <module>
    from enum_for_unknown_id import _schema
  File "/tests/compiled/construct/enum_for_unknown_id.py", line 3, in <module>
    import enum
ImportError: No module named enum

]]>		</error>
		<system-out>
<![CDATA[]]>		</system-out>
		<system-err>
<![CDATA[]]>		</system-err>
	</testcase>
	<testcase classname="unittest.loader.ModuleImportFailure" file="/usr/local/lib/python2.7/unittest/loader.py" line="31" name="test_enum_0" time="0.000" timestamp="2023-07-27T22:36:15">
		<error message="Failed to import test module: test_enum_0
Traceback (most recent call last):
  File &quot;/usr/local/lib/python2.7/unittest/loader.py&quot;, line 254, in _find_tests
    module = self._get_module_from_name(name)
  File &quot;/usr/local/lib/python2.7/unittest/loader.py&quot;, line 232, in _get_module_from_name
    __import__(name)
  File &quot;/tests/spec/construct/test_enum_0.py&quot;, line 4, in &lt;module&gt;
    from enum_0 import _schema
  File &quot;/tests/compiled/construct/enum_0.py&quot;, line 3, in &lt;module&gt;
    import enum
ImportError: No module named enum
" type="ImportError">
<![CDATA[ImportError: Failed to import test module: test_enum_0
Traceback (most recent call last):
  File "/usr/local/lib/python2.7/unittest/loader.py", line 254, in _find_tests
    module = self._get_module_from_name(name)
  File "/usr/local/lib/python2.7/unittest/loader.py", line 232, in _get_module_from_name
    __import__(name)
  File "/tests/spec/construct/test_enum_0.py", line 4, in <module>
    from enum_0 import _schema
  File "/tests/compiled/construct/enum_0.py", line 3, in <module>
    import enum
ImportError: No module named enum

]]>		</error>
		<system-out>
<![CDATA[]]>		</system-out>
		<system-err>
<![CDATA[]]>		</system-err>
	</testcase>
	<testcase classname="unittest.loader.ModuleImportFailure" file="/usr/local/lib/python2.7/unittest/loader.py" line="31" name="test_repeat_eos_bit" time="0.000" timestamp="2023-07-27T22:36:15">
		<error message="Failed to import test module: test_repeat_eos_bit
Traceback (most recent call last):
  File &quot;/usr/local/lib/python2.7/unittest/loader.py&quot;, line 254, in _find_tests
    module = self._get_module_from_name(name)
  File &quot;/usr/local/lib/python2.7/unittest/loader.py&quot;, line 232, in _get_module_from_name
    __import__(name)
  File &quot;/tests/spec/construct/test_repeat_eos_bit.py&quot;, line 5, in &lt;module&gt;
    from repeat_eos_bit import _schema
  File &quot;/tests/compiled/construct/repeat_eos_bit.py&quot;, line 5
    'nibbles' / GreedyRange(???),
                            ^
SyntaxError: invalid syntax
" type="ImportError">
<![CDATA[ImportError: Failed to import test module: test_repeat_eos_bit
Traceback (most recent call last):
  File "/usr/local/lib/python2.7/unittest/loader.py", line 254, in _find_tests
    module = self._get_module_from_name(name)
  File "/usr/local/lib/python2.7/unittest/loader.py", line 232, in _get_module_from_name
    __import__(name)
  File "/tests/spec/construct/test_repeat_eos_bit.py", line 5, in <module>
    from repeat_eos_bit import _schema
  File "/tests/compiled/construct/repeat_eos_bit.py", line 5
    'nibbles' / GreedyRange(???),
                            ^
SyntaxError: invalid syntax

]]>		</error>
		<system-out>
<![CDATA[]]>		</system-out>
		<system-err>
<![CDATA[]]>		</system-err>
	</testcase>
	<testcase classname="unittest.loader.ModuleImportFailure" file="/usr/local/lib/python2.7/unittest/loader.py" line="31" name="test_bits_signed_shift_b64_le" time="0.000" timestamp="2023-07-27T22:36:15">
		<error message="Failed to import test module: test_bits_signed_shift_b64_le
Traceback (most recent call last):
  File &quot;/usr/local/lib/python2.7/unittest/loader.py&quot;, line 254, in _find_tests
    module = self._get_module_from_name(name)
  File &quot;/usr/local/lib/python2.7/unittest/loader.py&quot;, line 232, in _get_module_from_name
    __import__(name)
  File &quot;/tests/spec/construct/test_bits_signed_shift_b64_le.py&quot;, line 5, in &lt;module&gt;
    from bits_signed_shift_b64_le import _schema
  File &quot;/tests/compiled/construct/bits_signed_shift_b64_le.py&quot;, line 5
    'a' / ???,
          ^
SyntaxError: invalid syntax
" type="ImportError">
<![CDATA[ImportError: Failed to import test module: test_bits_signed_shift_b64_le
Traceback (most recent call last):
  File "/usr/local/lib/python2.7/unittest/loader.py", line 254, in _find_tests
    module = self._get_module_from_name(name)
  File "/usr/local/lib/python2.7/unittest/loader.py", line 232, in _get_module_from_name
    __import__(name)
  File "/tests/spec/construct/test_bits_signed_shift_b64_le.py", line 5, in <module>
    from bits_signed_shift_b64_le import _schema
  File "/tests/compiled/construct/bits_signed_shift_b64_le.py", line 5
    'a' / ???,
          ^
SyntaxError: invalid syntax

]]>		</error>
		<system-out>
<![CDATA[]]>		</system-out>
		<system-err>
<![CDATA[]]>		</system-err>
	</testcase>
	<testcase classname="unittest.loader.ModuleImportFailure" file="/usr/local/lib/python2.7/unittest/loader.py" line="31" name="test_io_local_var" time="0.000" timestamp="2023-07-27T22:36:15">
		<error message="Failed to import test module: test_io_local_var
Traceback (most recent call last):
  File &quot;/usr/local/lib/python2.7/unittest/loader.py&quot;, line 254, in _find_tests
    module = self._get_module_from_name(name)
  File &quot;/usr/local/lib/python2.7/unittest/loader.py&quot;, line 232, in _get_module_from_name
    __import__(name)
  File &quot;/tests/spec/construct/test_io_local_var.py&quot;, line 5, in &lt;module&gt;
    from io_local_var import _schema
  File &quot;/tests/compiled/construct/io_local_var.py&quot;, line 9, in &lt;module&gt;
    'always_null' / If(stream_tell(this.mess_up._io) &lt; 0, Int8ub),
TypeError: stream_tell() takes exactly 2 arguments (1 given)
" type="ImportError">
<![CDATA[ImportError: Failed to import test module: test_io_local_var
Traceback (most recent call last):
  File "/usr/local/lib/python2.7/unittest/loader.py", line 254, in _find_tests
    module = self._get_module_from_name(name)
  File "/usr/local/lib/python2.7/unittest/loader.py", line 232, in _get_module_from_name
    __import__(name)
  File "/tests/spec/construct/test_io_local_var.py", line 5, in <module>
    from io_local_var import _schema
  File "/tests/compiled/construct/io_local_var.py", line 9, in <module>
    'always_null' / If(stream_tell(this.mess_up._io) < 0, Int8ub),
TypeError: stream_tell() takes exactly 2 arguments (1 given)

]]>		</error>
		<system-out>
<![CDATA[]]>		</system-out>
		<system-err>
<![CDATA[]]>		</system-err>
	</testcase>
	<testcase classname="unittest.loader.ModuleImportFailure" file="/usr/local/lib/python2.7/unittest/loader.py" line="31" name="test_default_endian_expr_is_le" time="0.000" timestamp="2023-07-27T22:36:15">
		<error message="Failed to import test module: test_default_endian_expr_is_le
Traceback (most recent call last):
  File &quot;/usr/local/lib/python2.7/unittest/loader.py&quot;, line 254, in _find_tests
    module = self._get_module_from_name(name)
  File &quot;/usr/local/lib/python2.7/unittest/loader.py&quot;, line 232, in _get_module_from_name
    __import__(name)
  File &quot;/tests/spec/construct/test_default_endian_expr_is_le.py&quot;, line 5, in &lt;module&gt;
    from default_endian_expr_is_le import _schema
ImportError: No module named default_endian_expr_is_le
" type="ImportError">
<![CDATA[ImportError: Failed to import test module: test_default_endian_expr_is_le
Traceback (most recent call last):
  File "/usr/local/lib/python2.7/unittest/loader.py", line 254, in _find_tests
    module = self._get_module_from_name(name)
  File "/usr/local/lib/python2.7/unittest/loader.py", line 232, in _get_module_from_name
    __import__(name)
  File "/tests/spec/construct/test_default_endian_expr_is_le.py", line 5, in <module>
    from default_endian_expr_is_le import _schema
ImportError: No module named default_endian_expr_is_le

]]>		</error>
		<system-out>
<![CDATA[]]>		</system-out>
		<system-err>
<![CDATA[]]>		</system-err>
	</testcase>
	<testcase classname="unittest.loader.ModuleImportFailure" file="/usr/local/lib/python2.7/unittest/loader.py" line="31" name="test_enum_of_value_inst" time="0.000" timestamp="2023-07-27T22:36:15">
		<error message="Failed to import test module: test_enum_of_value_inst
Traceback (most recent call last):
  File &quot;/usr/local/lib/python2.7/unittest/loader.py&quot;, line 254, in _find_tests
    module = self._get_module_from_name(name)
  File &quot;/usr/local/lib/python2.7/unittest/loader.py&quot;, line 232, in _get_module_from_name
    __import__(name)
  File &quot;/tests/spec/construct/test_enum_of_value_inst.py&quot;, line 4, in &lt;module&gt;
    from enum_of_value_inst import _schema
  File &quot;/tests/compiled/construct/enum_of_value_inst.py&quot;, line 3, in &lt;module&gt;
    import enum
ImportError: No module named enum
" type="ImportError">
<![CDATA[ImportError: Failed to import test module: test_enum_of_value_inst
Traceback (most recent call last):
  File "/usr/local/lib/python2.7/unittest/loader.py", line 254, in _find_tests
    module = self._get_module_from_name(name)
  File "/usr/local/lib/python2.7/unittest/loader.py", line 232, in _get_module_from_name
    __import__(name)
  File "/tests/spec/construct/test_enum_of_value_inst.py", line 4, in <module>
    from enum_of_value_inst import _schema
  File "/tests/compiled/construct/enum_of_value_inst.py", line 3, in <module>
    import enum
ImportError: No module named enum

]]>		</error>
		<system-out>
<![CDATA[]]>		</system-out>
		<system-err>
<![CDATA[]]>		</system-err>
	</testcase>
	<testcase classname="unittest.loader.ModuleImportFailure" file="/usr/local/lib/python2.7/unittest/loader.py" line="31" name="test_expr_io_eof" time="0.000" timestamp="2023-07-27T22:36:15">
		<error message="Failed to import test module: test_expr_io_eof
Traceback (most recent call last):
  File &quot;/usr/local/lib/python2.7/unittest/loader.py&quot;, line 254, in _find_tests
    module = self._get_module_from_name(name)
  File &quot;/usr/local/lib/python2.7/unittest/loader.py&quot;, line 232, in _get_module_from_name
    __import__(name)
  File &quot;/tests/spec/construct/test_expr_io_eof.py&quot;, line 4, in &lt;module&gt;
    from expr_io_eof import _schema
  File &quot;/tests/compiled/construct/expr_io_eof.py&quot;, line 6, in &lt;module&gt;
    'two' / If(not (stream_iseof(_io)), Int32ul),
NameError: name '_io' is not defined
" type="ImportError">
<![CDATA[ImportError: Failed to import test module: test_expr_io_eof
Traceback (most recent call last):
  File "/usr/local/lib/python2.7/unittest/loader.py", line 254, in _find_tests
    module = self._get_module_from_name(name)
  File "/usr/local/lib/python2.7/unittest/loader.py", line 232, in _get_module_from_name
    __import__(name)
  File "/tests/spec/construct/test_expr_io_eof.py", line 4, in <module>
    from expr_io_eof import _schema
  File "/tests/compiled/construct/expr_io_eof.py", line 6, in <module>
    'two' / If(not (stream_iseof(_io)), Int32ul),
NameError: name '_io' is not defined

]]>		</error>
		<system-out>
<![CDATA[]]>		</system-out>
		<system-err>
<![CDATA[]]>		</system-err>
	</testcase>
	<testcase classname="unittest.loader.ModuleImportFailure" file="/usr/local/lib/python2.7/unittest/loader.py" line="31" name="test_bits_unaligned_b64_le" time="0.000" timestamp="2023-07-27T22:36:15">
		<error message="Failed to import test module: test_bits_unaligned_b64_le
Traceback (most recent call last):
  File &quot;/usr/local/lib/python2.7/unittest/loader.py&quot;, line 254, in _find_tests
    module = self._get_module_from_name(name)
  File &quot;/usr/local/lib/python2.7/unittest/loader.py&quot;, line 232, in _get_module_from_name
    __import__(name)
  File &quot;/tests/spec/construct/test_bits_unaligned_b64_le.py&quot;, line 5, in &lt;module&gt;
    from bits_unaligned_b64_le import _schema
  File &quot;/tests/compiled/construct/bits_unaligned_b64_le.py&quot;, line 5
    'a' / ???,
          ^
SyntaxError: invalid syntax
" type="ImportError">
<![CDATA[ImportError: Failed to import test module: test_bits_unaligned_b64_le
Traceback (most recent call last):
  File "/usr/local/lib/python2.7/unittest/loader.py", line 254, in _find_tests
    module = self._get_module_from_name(name)
  File "/usr/local/lib/python2.7/unittest/loader.py", line 232, in _get_module_from_name
    __import__(name)
  File "/tests/spec/construct/test_bits_unaligned_b64_le.py", line 5, in <module>
    from bits_unaligned_b64_le import _schema
  File "/tests/compiled/construct/bits_unaligned_b64_le.py", line 5
    'a' / ???,
          ^
SyntaxError: invalid syntax

]]>		</error>
		<system-out>
<![CDATA[]]>		</system-out>
		<system-err>
<![CDATA[]]>		</system-err>
	</testcase>
	<testcase classname="unittest.loader.ModuleImportFailure" file="/usr/local/lib/python2.7/unittest/loader.py" line="31" name="test_switch_manual_enum_invalid" time="0.000" timestamp="2023-07-27T22:36:15">
		<error message="Failed to import test module: test_switch_manual_enum_invalid
Traceback (most recent call last):
  File &quot;/usr/local/lib/python2.7/unittest/loader.py&quot;, line 254, in _find_tests
    module = self._get_module_from_name(name)
  File &quot;/usr/local/lib/python2.7/unittest/loader.py&quot;, line 232, in _get_module_from_name
    __import__(name)
  File &quot;/tests/spec/construct/test_switch_manual_enum_invalid.py&quot;, line 4, in &lt;module&gt;
    from switch_manual_enum_invalid import _schema
  File &quot;/tests/compiled/construct/switch_manual_enum_invalid.py&quot;, line 3, in &lt;module&gt;
    import enum
ImportError: No module named enum
" type="ImportError">
<![CDATA[ImportError: Failed to import test module: test_switch_manual_enum_invalid
Traceback (most recent call last):
  File "/usr/local/lib/python2.7/unittest/loader.py", line 254, in _find_tests
    module = self._get_module_from_name(name)
  File "/usr/local/lib/python2.7/unittest/loader.py", line 232, in _get_module_from_name
    __import__(name)
  File "/tests/spec/construct/test_switch_manual_enum_invalid.py", line 4, in <module>
    from switch_manual_enum_invalid import _schema
  File "/tests/compiled/construct/switch_manual_enum_invalid.py", line 3, in <module>
    import enum
ImportError: No module named enum

]]>		</error>
		<system-out>
<![CDATA[]]>		</system-out>
		<system-err>
<![CDATA[]]>		</system-err>
	</testcase>
	<testcase classname="unittest.loader.ModuleImportFailure" file="/usr/local/lib/python2.7/unittest/loader.py" line="31" name="test_default_bit_endian_mod" time="0.000" timestamp="2023-07-27T22:36:15">
		<error message="Failed to import test module: test_default_bit_endian_mod
Traceback (most recent call last):
  File &quot;/usr/local/lib/python2.7/unittest/loader.py&quot;, line 254, in _find_tests
    module = self._get_module_from_name(name)
  File &quot;/usr/local/lib/python2.7/unittest/loader.py&quot;, line 232, in _get_module_from_name
    __import__(name)
  File &quot;/tests/spec/construct/test_default_bit_endian_mod.py&quot;, line 4, in &lt;module&gt;
    from default_bit_endian_mod import _schema
  File &quot;/tests/compiled/construct/default_bit_endian_mod.py&quot;, line 5
    'two' / ???,
            ^
SyntaxError: invalid syntax
" type="ImportError">
<![CDATA[ImportError: Failed to import test module: test_default_bit_endian_mod
Traceback (most recent call last):
  File "/usr/local/lib/python2.7/unittest/loader.py", line 254, in _find_tests
    module = self._get_module_from_name(name)
  File "/usr/local/lib/python2.7/unittest/loader.py", line 232, in _get_module_from_name
    __import__(name)
  File "/tests/spec/construct/test_default_bit_endian_mod.py", line 4, in <module>
    from default_bit_endian_mod import _schema
  File "/tests/compiled/construct/default_bit_endian_mod.py", line 5
    'two' / ???,
            ^
SyntaxError: invalid syntax

]]>		</error>
		<system-out>
<![CDATA[]]>		</system-out>
		<system-err>
<![CDATA[]]>		</system-err>
	</testcase>
	<testcase classname="unittest.loader.ModuleImportFailure" file="/usr/local/lib/python2.7/unittest/loader.py" line="31" name="test_default_endian_expr_is_be" time="0.000" timestamp="2023-07-27T22:36:15">
		<error message="Failed to import test module: test_default_endian_expr_is_be
Traceback (most recent call last):
  File &quot;/usr/local/lib/python2.7/unittest/loader.py&quot;, line 254, in _find_tests
    module = self._get_module_from_name(name)
  File &quot;/usr/local/lib/python2.7/unittest/loader.py&quot;, line 232, in _get_module_from_name
    __import__(name)
  File &quot;/tests/spec/construct/test_default_endian_expr_is_be.py&quot;, line 5, in &lt;module&gt;
    from default_endian_expr_is_be import _schema
ImportError: No module named default_endian_expr_is_be
" type="ImportError">
<![CDATA[ImportError: Failed to import test module: test_default_endian_expr_is_be
Traceback (most recent call last):
  File "/usr/local/lib/python2.7/unittest/loader.py", line 254, in _find_tests
    module = self._get_module_from_name(name)
  File "/usr/local/lib/python2.7/unittest/loader.py", line 232, in _get_module_from_name
    __import__(name)
  File "/tests/spec/construct/test_default_endian_expr_is_be.py", line 5, in <module>
    from default_endian_expr_is_be import _schema
ImportError: No module named default_endian_expr_is_be

]]>		</error>
		<system-out>
<![CDATA[]]>		</system-out>
		<system-err>
<![CDATA[]]>		</system-err>
	</testcase>
	<testcase classname="unittest.loader.ModuleImportFailure" file="/usr/local/lib/python2.7/unittest/loader.py" line="31" name="test_bits_signed_shift_b32_le" time="0.000" timestamp="2023-07-27T22:36:15">
		<error message="Failed to import test module: test_bits_signed_shift_b32_le
Traceback (most recent call last):
  File &quot;/usr/local/lib/python2.7/unittest/loader.py&quot;, line 254, in _find_tests
    module = self._get_module_from_name(name)
  File &quot;/usr/local/lib/python2.7/unittest/loader.py&quot;, line 232, in _get_module_from_name
    __import__(name)
  File &quot;/tests/spec/construct/test_bits_signed_shift_b32_le.py&quot;, line 5, in &lt;module&gt;
    from bits_signed_shift_b32_le import _schema
  File &quot;/tests/compiled/construct/bits_signed_shift_b32_le.py&quot;, line 5
    'a' / ???,
          ^
SyntaxError: invalid syntax
" type="ImportError">
<![CDATA[ImportError: Failed to import test module: test_bits_signed_shift_b32_le
Traceback (most recent call last):
  File "/usr/local/lib/python2.7/unittest/loader.py", line 254, in _find_tests
    module = self._get_module_from_name(name)
  File "/usr/local/lib/python2.7/unittest/loader.py", line 232, in _get_module_from_name
    __import__(name)
  File "/tests/spec/construct/test_bits_signed_shift_b32_le.py", line 5, in <module>
    from bits_signed_shift_b32_le import _schema
  File "/tests/compiled/construct/bits_signed_shift_b32_le.py", line 5
    'a' / ???,
          ^
SyntaxError: invalid syntax

]]>		</error>
		<system-out>
<![CDATA[]]>		</system-out>
		<system-err>
<![CDATA[]]>		</system-err>
	</testcase>
	<testcase classname="unittest.loader.ModuleImportFailure" file="/usr/local/lib/python2.7/unittest/loader.py" line="31" name="test_bits_shift_by_b32_le" time="0.000" timestamp="2023-07-27T22:36:15">
		<error message="Failed to import test module: test_bits_shift_by_b32_le
Traceback (most recent call last):
  File &quot;/usr/local/lib/python2.7/unittest/loader.py&quot;, line 254, in _find_tests
    module = self._get_module_from_name(name)
  File &quot;/usr/local/lib/python2.7/unittest/loader.py&quot;, line 232, in _get_module_from_name
    __import__(name)
  File &quot;/tests/spec/construct/test_bits_shift_by_b32_le.py&quot;, line 5, in &lt;module&gt;
    from bits_shift_by_b32_le import _schema
  File &quot;/tests/compiled/construct/bits_shift_by_b32_le.py&quot;, line 5
    'a' / ???,
          ^
SyntaxError: invalid syntax
" type="ImportError">
<![CDATA[ImportError: Failed to import test module: test_bits_shift_by_b32_le
Traceback (most recent call last):
  File "/usr/local/lib/python2.7/unittest/loader.py", line 254, in _find_tests
    module = self._get_module_from_name(name)
  File "/usr/local/lib/python2.7/unittest/loader.py", line 232, in _get_module_from_name
    __import__(name)
  File "/tests/spec/construct/test_bits_shift_by_b32_le.py", line 5, in <module>
    from bits_shift_by_b32_le import _schema
  File "/tests/compiled/construct/bits_shift_by_b32_le.py", line 5
    'a' / ???,
          ^
SyntaxError: invalid syntax

]]>		</error>
		<system-out>
<![CDATA[]]>		</system-out>
		<system-err>
<![CDATA[]]>		</system-err>
	</testcase>
	<testcase classname="unittest.loader.ModuleImportFailure" file="/usr/local/lib/python2.7/unittest/loader.py" line="31" name="test_enum_to_i" time="0.000" timestamp="2023-07-27T22:36:15">
		<error message="Failed to import test module: test_enum_to_i
Traceback (most recent call last):
  File &quot;/usr/local/lib/python2.7/unittest/loader.py&quot;, line 254, in _find_tests
    module = self._get_module_from_name(name)
  File &quot;/usr/local/lib/python2.7/unittest/loader.py&quot;, line 232, in _get_module_from_name
    __import__(name)
  File &quot;/tests/spec/construct/test_enum_to_i.py&quot;, line 4, in &lt;module&gt;
    from enum_to_i import _schema
  File &quot;/tests/compiled/construct/enum_to_i.py&quot;, line 3, in &lt;module&gt;
    import enum
ImportError: No module named enum
" type="ImportError">
<![CDATA[ImportError: Failed to import test module: test_enum_to_i
Traceback (most recent call last):
  File "/usr/local/lib/python2.7/unittest/loader.py", line 254, in _find_tests
    module = self._get_module_from_name(name)
  File "/usr/local/lib/python2.7/unittest/loader.py", line 232, in _get_module_from_name
    __import__(name)
  File "/tests/spec/construct/test_enum_to_i.py", line 4, in <module>
    from enum_to_i import _schema
  File "/tests/compiled/construct/enum_to_i.py", line 3, in <module>
    import enum
ImportError: No module named enum

]]>		</error>
		<system-out>
<![CDATA[]]>		</system-out>
		<system-err>
<![CDATA[]]>		</system-err>
	</testcase>
	<testcase classname="unittest.loader.ModuleImportFailure" file="/usr/local/lib/python2.7/unittest/loader.py" line="31" name="test_expr_io_pos" time="0.000" timestamp="2023-07-27T22:36:15">
		<error message="Failed to import test module: test_expr_io_pos
Traceback (most recent call last):
  File &quot;/usr/local/lib/python2.7/unittest/loader.py&quot;, line 254, in _find_tests
    module = self._get_module_from_name(name)
  File &quot;/usr/local/lib/python2.7/unittest/loader.py&quot;, line 232, in _get_module_from_name
    __import__(name)
  File &quot;/tests/spec/construct/test_expr_io_pos.py&quot;, line 5, in &lt;module&gt;
    from expr_io_pos import _schema
  File &quot;/tests/compiled/construct/expr_io_pos.py&quot;, line 6, in &lt;module&gt;
    'body' / FixedSized(((stream_size(_io) - stream_tell(_io)) - 2), GreedyBytes),
NameError: name '_io' is not defined
" type="ImportError">
<![CDATA[ImportError: Failed to import test module: test_expr_io_pos
Traceback (most recent call last):
  File "/usr/local/lib/python2.7/unittest/loader.py", line 254, in _find_tests
    module = self._get_module_from_name(name)
  File "/usr/local/lib/python2.7/unittest/loader.py", line 232, in _get_module_from_name
    __import__(name)
  File "/tests/spec/construct/test_expr_io_pos.py", line 5, in <module>
    from expr_io_pos import _schema
  File "/tests/compiled/construct/expr_io_pos.py", line 6, in <module>
    'body' / FixedSized(((stream_size(_io) - stream_tell(_io)) - 2), GreedyBytes),
NameError: name '_io' is not defined

]]>		</error>
		<system-out>
<![CDATA[]]>		</system-out>
		<system-err>
<![CDATA[]]>		</system-err>
	</testcase>
	<testcase classname="unittest.loader.ModuleImportFailure" file="/usr/local/lib/python2.7/unittest/loader.py" line="31" name="test_enum_deep" time="0.000" timestamp="2023-07-27T22:36:15">
		<error message="Failed to import test module: test_enum_deep
Traceback (most recent call last):
  File &quot;/usr/local/lib/python2.7/unittest/loader.py&quot;, line 254, in _find_tests
    module = self._get_module_from_name(name)
  File &quot;/usr/local/lib/python2.7/unittest/loader.py&quot;, line 232, in _get_module_from_name
    __import__(name)
  File &quot;/tests/spec/construct/test_enum_deep.py&quot;, line 4, in &lt;module&gt;
    from enum_deep import _schema
  File &quot;/tests/compiled/construct/enum_deep.py&quot;, line 3, in &lt;module&gt;
    import enum
ImportError: No module named enum
" type="ImportError">
<![CDATA[ImportError: Failed to import test module: test_enum_deep
Traceback (most recent call last):
  File "/usr/local/lib/python2.7/unittest/loader.py", line 254, in _find_tests
    module = self._get_module_from_name(name)
  File "/usr/local/lib/python2.7/unittest/loader.py", line 232, in _get_module_from_name
    __import__(name)
  File "/tests/spec/construct/test_enum_deep.py", line 4, in <module>
    from enum_deep import _schema
  File "/tests/compiled/construct/enum_deep.py", line 3, in <module>
    import enum
ImportError: No module named enum

]]>		</error>
		<system-out>
<![CDATA[]]>		</system-out>
		<system-err>
<![CDATA[]]>		</system-err>
	</testcase>
	<testcase classname="unittest.loader.ModuleImportFailure" file="/usr/local/lib/python2.7/unittest/loader.py" line="31" name="test_combine_enum" time="0.000" timestamp="2023-07-27T22:36:15">
		<error message="Failed to import test module: test_combine_enum
Traceback (most recent call last):
  File &quot;/usr/local/lib/python2.7/unittest/loader.py&quot;, line 254, in _find_tests
    module = self._get_module_from_name(name)
  File &quot;/usr/local/lib/python2.7/unittest/loader.py&quot;, line 232, in _get_module_from_name
    __import__(name)
  File &quot;/tests/spec/construct/test_combine_enum.py&quot;, line 4, in &lt;module&gt;
    from combine_enum import _schema
  File &quot;/tests/compiled/construct/combine_enum.py&quot;, line 3, in &lt;module&gt;
    import enum
ImportError: No module named enum
" type="ImportError">
<![CDATA[ImportError: Failed to import test module: test_combine_enum
Traceback (most recent call last):
  File "/usr/local/lib/python2.7/unittest/loader.py", line 254, in _find_tests
    module = self._get_module_from_name(name)
  File "/usr/local/lib/python2.7/unittest/loader.py", line 232, in _get_module_from_name
    __import__(name)
  File "/tests/spec/construct/test_combine_enum.py", line 4, in <module>
    from combine_enum import _schema
  File "/tests/compiled/construct/combine_enum.py", line 3, in <module>
    import enum
ImportError: No module named enum

]]>		</error>
		<system-out>
<![CDATA[]]>		</system-out>
		<system-err>
<![CDATA[]]>		</system-err>
	</testcase>
	<testcase classname="unittest.loader.ModuleImportFailure" file="/usr/local/lib/python2.7/unittest/loader.py" line="31" name="test_switch_manual_enum_invalid_else" time="0.000" timestamp="2023-07-27T22:36:15">
		<error message="Failed to import test module: test_switch_manual_enum_invalid_else
Traceback (most recent call last):
  File &quot;/usr/local/lib/python2.7/unittest/loader.py&quot;, line 254, in _find_tests
    module = self._get_module_from_name(name)
  File &quot;/usr/local/lib/python2.7/unittest/loader.py&quot;, line 232, in _get_module_from_name
    __import__(name)
  File &quot;/tests/spec/construct/test_switch_manual_enum_invalid_else.py&quot;, line 5, in &lt;module&gt;
    from switch_manual_enum_invalid_else import _schema
  File &quot;/tests/compiled/construct/switch_manual_enum_invalid_else.py&quot;, line 3, in &lt;module&gt;
    import enum
ImportError: No module named enum
" type="ImportError">
<![CDATA[ImportError: Failed to import test module: test_switch_manual_enum_invalid_else
Traceback (most recent call last):
  File "/usr/local/lib/python2.7/unittest/loader.py", line 254, in _find_tests
    module = self._get_module_from_name(name)
  File "/usr/local/lib/python2.7/unittest/loader.py", line 232, in _get_module_from_name
    __import__(name)
  File "/tests/spec/construct/test_switch_manual_enum_invalid_else.py", line 5, in <module>
    from switch_manual_enum_invalid_else import _schema
  File "/tests/compiled/construct/switch_manual_enum_invalid_else.py", line 3, in <module>
    import enum
ImportError: No module named enum

]]>		</error>
		<system-out>
<![CDATA[]]>		</system-out>
		<system-err>
<![CDATA[]]>		</system-err>
	</testcase>
	<testcase classname="unittest.loader.ModuleImportFailure" file="/usr/local/lib/python2.7/unittest/loader.py" line="31" name="test_bits_enum" time="0.000" timestamp="2023-07-27T22:36:15">
		<error message="Failed to import test module: test_bits_enum
Traceback (most recent call last):
  File &quot;/usr/local/lib/python2.7/unittest/loader.py&quot;, line 254, in _find_tests
    module = self._get_module_from_name(name)
  File &quot;/usr/local/lib/python2.7/unittest/loader.py&quot;, line 232, in _get_module_from_name
    __import__(name)
  File &quot;/tests/spec/construct/test_bits_enum.py&quot;, line 4, in &lt;module&gt;
    from bits_enum import _schema
  File &quot;/tests/compiled/construct/bits_enum.py&quot;, line 12
    'one' / Enum(???, bits_enum__animal),
                 ^
SyntaxError: invalid syntax
" type="ImportError">
<![CDATA[ImportError: Failed to import test module: test_bits_enum
Traceback (most recent call last):
  File "/usr/local/lib/python2.7/unittest/loader.py", line 254, in _find_tests
    module = self._get_module_from_name(name)
  File "/usr/local/lib/python2.7/unittest/loader.py", line 232, in _get_module_from_name
    __import__(name)
  File "/tests/spec/construct/test_bits_enum.py", line 4, in <module>
    from bits_enum import _schema
  File "/tests/compiled/construct/bits_enum.py", line 12
    'one' / Enum(???, bits_enum__animal),
                 ^
SyntaxError: invalid syntax

]]>		</error>
		<system-out>
<![CDATA[]]>		</system-out>
		<system-err>
<![CDATA[]]>		</system-err>
	</testcase>
	<testcase classname="unittest.loader.ModuleImportFailure" file="/usr/local/lib/python2.7/unittest/loader.py" line="31" name="test_expr_enum" time="0.000" timestamp="2023-07-27T22:36:15">
		<error message="Failed to import test module: test_expr_enum
Traceback (most recent call last):
  File &quot;/usr/local/lib/python2.7/unittest/loader.py&quot;, line 254, in _find_tests
    module = self._get_module_from_name(name)
  File &quot;/usr/local/lib/python2.7/unittest/loader.py&quot;, line 232, in _get_module_from_name
    __import__(name)
  File &quot;/tests/spec/construct/test_expr_enum.py&quot;, line 4, in &lt;module&gt;
    from expr_enum import _schema
  File &quot;/tests/compiled/construct/expr_enum.py&quot;, line 3, in &lt;module&gt;
    import enum
ImportError: No module named enum
" type="ImportError">
<![CDATA[ImportError: Failed to import test module: test_expr_enum
Traceback (most recent call last):
  File "/usr/local/lib/python2.7/unittest/loader.py", line 254, in _find_tests
    module = self._get_module_from_name(name)
  File "/usr/local/lib/python2.7/unittest/loader.py", line 232, in _get_module_from_name
    __import__(name)
  File "/tests/spec/construct/test_expr_enum.py", line 4, in <module>
    from expr_enum import _schema
  File "/tests/compiled/construct/expr_enum.py", line 3, in <module>
    import enum
ImportError: No module named enum

]]>		</error>
		<system-out>
<![CDATA[]]>		</system-out>
		<system-err>
<![CDATA[]]>		</system-err>
	</testcase>
	<testcase classname="unittest.loader.ModuleImportFailure" file="/usr/local/lib/python2.7/unittest/loader.py" line="31" name="test_bits_byte_aligned" time="0.000" timestamp="2023-07-27T22:36:15">
		<error message="Failed to import test module: test_bits_byte_aligned
Traceback (most recent call last):
  File &quot;/usr/local/lib/python2.7/unittest/loader.py&quot;, line 254, in _find_tests
    module = self._get_module_from_name(name)
  File &quot;/usr/local/lib/python2.7/unittest/loader.py&quot;, line 232, in _get_module_from_name
    __import__(name)
  File &quot;/tests/spec/construct/test_bits_byte_aligned.py&quot;, line 5, in &lt;module&gt;
    from bits_byte_aligned import _schema
  File &quot;/tests/compiled/construct/bits_byte_aligned.py&quot;, line 5
    'one' / ???,
            ^
SyntaxError: invalid syntax
" type="ImportError">
<![CDATA[ImportError: Failed to import test module: test_bits_byte_aligned
Traceback (most recent call last):
  File "/usr/local/lib/python2.7/unittest/loader.py", line 254, in _find_tests
    module = self._get_module_from_name(name)
  File "/usr/local/lib/python2.7/unittest/loader.py", line 232, in _get_module_from_name
    __import__(name)
  File "/tests/spec/construct/test_bits_byte_aligned.py", line 5, in <module>
    from bits_byte_aligned import _schema
  File "/tests/compiled/construct/bits_byte_aligned.py", line 5
    'one' / ???,
            ^
SyntaxError: invalid syntax

]]>		</error>
		<system-out>
<![CDATA[]]>		</system-out>
		<system-err>
<![CDATA[]]>		</system-err>
	</testcase>
	<testcase classname="unittest.loader.ModuleImportFailure" file="/usr/local/lib/python2.7/unittest/loader.py" line="31" name="test_bits_simple" time="0.000" timestamp="2023-07-27T22:36:15">
		<error message="Failed to import test module: test_bits_simple
Traceback (most recent call last):
  File &quot;/usr/local/lib/python2.7/unittest/loader.py&quot;, line 254, in _find_tests
    module = self._get_module_from_name(name)
  File &quot;/usr/local/lib/python2.7/unittest/loader.py&quot;, line 232, in _get_module_from_name
    __import__(name)
  File &quot;/tests/spec/construct/test_bits_simple.py&quot;, line 5, in &lt;module&gt;
    from bits_simple import _schema
  File &quot;/tests/compiled/construct/bits_simple.py&quot;, line 5
    'byte_1' / ???,
               ^
SyntaxError: invalid syntax
" type="ImportError">
<![CDATA[ImportError: Failed to import test module: test_bits_simple
Traceback (most recent call last):
  File "/usr/local/lib/python2.7/unittest/loader.py", line 254, in _find_tests
    module = self._get_module_from_name(name)
  File "/usr/local/lib/python2.7/unittest/loader.py", line 232, in _get_module_from_name
    __import__(name)
  File "/tests/spec/construct/test_bits_simple.py", line 5, in <module>
    from bits_simple import _schema
  File "/tests/compiled/construct/bits_simple.py", line 5
    'byte_1' / ???,
               ^
SyntaxError: invalid syntax

]]>		</error>
		<system-out>
<![CDATA[]]>		</system-out>
		<system-err>
<![CDATA[]]>		</system-err>
	</testcase>
	<testcase classname="unittest.loader.ModuleImportFailure" file="/usr/local/lib/python2.7/unittest/loader.py" line="31" name="test_bits_unaligned_b64_be" time="0.000" timestamp="2023-07-27T22:36:15">
		<error message="Failed to import test module: test_bits_unaligned_b64_be
Traceback (most recent call last):
  File &quot;/usr/local/lib/python2.7/unittest/loader.py&quot;, line 254, in _find_tests
    module = self._get_module_from_name(name)
  File &quot;/usr/local/lib/python2.7/unittest/loader.py&quot;, line 232, in _get_module_from_name
    __import__(name)
  File &quot;/tests/spec/construct/test_bits_unaligned_b64_be.py&quot;, line 5, in &lt;module&gt;
    from bits_unaligned_b64_be import _schema
  File &quot;/tests/compiled/construct/bits_unaligned_b64_be.py&quot;, line 5
    'a' / ???,
          ^
SyntaxError: invalid syntax
" type="ImportError">
<![CDATA[ImportError: Failed to import test module: test_bits_unaligned_b64_be
Traceback (most recent call last):
  File "/usr/local/lib/python2.7/unittest/loader.py", line 254, in _find_tests
    module = self._get_module_from_name(name)
  File "/usr/local/lib/python2.7/unittest/loader.py", line 232, in _get_module_from_name
    __import__(name)
  File "/tests/spec/construct/test_bits_unaligned_b64_be.py", line 5, in <module>
    from bits_unaligned_b64_be import _schema
  File "/tests/compiled/construct/bits_unaligned_b64_be.py", line 5
    'a' / ???,
          ^
SyntaxError: invalid syntax

]]>		</error>
		<system-out>
<![CDATA[]]>		</system-out>
		<system-err>
<![CDATA[]]>		</system-err>
	</testcase>
	<testcase classname="unittest.loader.ModuleImportFailure" file="/usr/local/lib/python2.7/unittest/loader.py" line="31" name="test_enum_int_range_s" time="0.000" timestamp="2023-07-27T22:36:15">
		<error message="Failed to import test module: test_enum_int_range_s
Traceback (most recent call last):
  File &quot;/usr/local/lib/python2.7/unittest/loader.py&quot;, line 254, in _find_tests
    module = self._get_module_from_name(name)
  File &quot;/usr/local/lib/python2.7/unittest/loader.py&quot;, line 232, in _get_module_from_name
    __import__(name)
  File &quot;/tests/spec/construct/test_enum_int_range_s.py&quot;, line 4, in &lt;module&gt;
    from enum_int_range_s import _schema
  File &quot;/tests/compiled/construct/enum_int_range_s.py&quot;, line 3, in &lt;module&gt;
    import enum
ImportError: No module named enum
" type="ImportError">
<![CDATA[ImportError: Failed to import test module: test_enum_int_range_s
Traceback (most recent call last):
  File "/usr/local/lib/python2.7/unittest/loader.py", line 254, in _find_tests
    module = self._get_module_from_name(name)
  File "/usr/local/lib/python2.7/unittest/loader.py", line 232, in _get_module_from_name
    __import__(name)
  File "/tests/spec/construct/test_enum_int_range_s.py", line 4, in <module>
    from enum_int_range_s import _schema
  File "/tests/compiled/construct/enum_int_range_s.py", line 3, in <module>
    import enum
ImportError: No module named enum

]]>		</error>
		<system-out>
<![CDATA[]]>		</system-out>
		<system-err>
<![CDATA[]]>		</system-err>
	</testcase>
	<testcase classname="unittest.loader.ModuleImportFailure" file="/usr/local/lib/python2.7/unittest/loader.py" line="31" name="test_enum_to_i_class_border_1" time="0.000" timestamp="2023-07-27T22:36:15">
		<error message="Failed to import test module: test_enum_to_i_class_border_1
Traceback (most recent call last):
  File &quot;/usr/local/lib/python2.7/unittest/loader.py&quot;, line 254, in _find_tests
    module = self._get_module_from_name(name)
  File &quot;/usr/local/lib/python2.7/unittest/loader.py&quot;, line 232, in _get_module_from_name
    __import__(name)
  File &quot;/tests/spec/construct/test_enum_to_i_class_border_1.py&quot;, line 4, in &lt;module&gt;
    from enum_to_i_class_border_1 import _schema
  File &quot;/tests/compiled/construct/enum_to_i_class_border_1.py&quot;, line 3, in &lt;module&gt;
    import enum
ImportError: No module named enum
" type="ImportError">
<![CDATA[ImportError: Failed to import test module: test_enum_to_i_class_border_1
Traceback (most recent call last):
  File "/usr/local/lib/python2.7/unittest/loader.py", line 254, in _find_tests
    module = self._get_module_from_name(name)
  File "/usr/local/lib/python2.7/unittest/loader.py", line 232, in _get_module_from_name
    __import__(name)
  File "/tests/spec/construct/test_enum_to_i_class_border_1.py", line 4, in <module>
    from enum_to_i_class_border_1 import _schema
  File "/tests/compiled/construct/enum_to_i_class_border_1.py", line 3, in <module>
    import enum
ImportError: No module named enum

]]>		</error>
		<system-out>
<![CDATA[]]>		</system-out>
		<system-err>
<![CDATA[]]>		</system-err>
	</testcase>
	<testcase classname="unittest.loader.ModuleImportFailure" file="/usr/local/lib/python2.7/unittest/loader.py" line="31" name="test_bits_shift_by_b64_le" time="0.000" timestamp="2023-07-27T22:36:15">
		<error message="Failed to import test module: test_bits_shift_by_b64_le
Traceback (most recent call last):
  File &quot;/usr/local/lib/python2.7/unittest/loader.py&quot;, line 254, in _find_tests
    module = self._get_module_from_name(name)
  File &quot;/usr/local/lib/python2.7/unittest/loader.py&quot;, line 232, in _get_module_from_name
    __import__(name)
  File &quot;/tests/spec/construct/test_bits_shift_by_b64_le.py&quot;, line 5, in &lt;module&gt;
    from bits_shift_by_b64_le import _schema
  File &quot;/tests/compiled/construct/bits_shift_by_b64_le.py&quot;, line 5
    'a' / ???,
          ^
SyntaxError: invalid syntax
" type="ImportError">
<![CDATA[ImportError: Failed to import test module: test_bits_shift_by_b64_le
Traceback (most recent call last):
  File "/usr/local/lib/python2.7/unittest/loader.py", line 254, in _find_tests
    module = self._get_module_from_name(name)
  File "/usr/local/lib/python2.7/unittest/loader.py", line 232, in _get_module_from_name
    __import__(name)
  File "/tests/spec/construct/test_bits_shift_by_b64_le.py", line 5, in <module>
    from bits_shift_by_b64_le import _schema
  File "/tests/compiled/construct/bits_shift_by_b64_le.py", line 5
    'a' / ???,
          ^
SyntaxError: invalid syntax

]]>		</error>
		<system-out>
<![CDATA[]]>		</system-out>
		<system-err>
<![CDATA[]]>		</system-err>
	</testcase>
	<testcase classname="unittest.loader.ModuleImportFailure" file="/usr/local/lib/python2.7/unittest/loader.py" line="31" name="test_bits_unaligned_b32_be" time="0.000" timestamp="2023-07-27T22:36:15">
		<error message="Failed to import test module: test_bits_unaligned_b32_be
Traceback (most recent call last):
  File &quot;/usr/local/lib/python2.7/unittest/loader.py&quot;, line 254, in _find_tests
    module = self._get_module_from_name(name)
  File &quot;/usr/local/lib/python2.7/unittest/loader.py&quot;, line 232, in _get_module_from_name
    __import__(name)
  File &quot;/tests/spec/construct/test_bits_unaligned_b32_be.py&quot;, line 5, in &lt;module&gt;
    from bits_unaligned_b32_be import _schema
  File &quot;/tests/compiled/construct/bits_unaligned_b32_be.py&quot;, line 5
    'a' / ???,
          ^
SyntaxError: invalid syntax
" type="ImportError">
<![CDATA[ImportError: Failed to import test module: test_bits_unaligned_b32_be
Traceback (most recent call last):
  File "/usr/local/lib/python2.7/unittest/loader.py", line 254, in _find_tests
    module = self._get_module_from_name(name)
  File "/usr/local/lib/python2.7/unittest/loader.py", line 232, in _get_module_from_name
    __import__(name)
  File "/tests/spec/construct/test_bits_unaligned_b32_be.py", line 5, in <module>
    from bits_unaligned_b32_be import _schema
  File "/tests/compiled/construct/bits_unaligned_b32_be.py", line 5
    'a' / ???,
          ^
SyntaxError: invalid syntax

]]>		</error>
		<system-out>
<![CDATA[]]>		</system-out>
		<system-err>
<![CDATA[]]>		</system-err>
	</testcase>
	<testcase classname="unittest.loader.ModuleImportFailure" file="/usr/local/lib/python2.7/unittest/loader.py" line="31" name="test_enum_int_range_u" time="0.000" timestamp="2023-07-27T22:36:15">
		<error message="Failed to import test module: test_enum_int_range_u
Traceback (most recent call last):
  File &quot;/usr/local/lib/python2.7/unittest/loader.py&quot;, line 254, in _find_tests
    module = self._get_module_from_name(name)
  File &quot;/usr/local/lib/python2.7/unittest/loader.py&quot;, line 232, in _get_module_from_name
    __import__(name)
  File &quot;/tests/spec/construct/test_enum_int_range_u.py&quot;, line 4, in &lt;module&gt;
    from enum_int_range_u import _schema
  File &quot;/tests/compiled/construct/enum_int_range_u.py&quot;, line 3, in &lt;module&gt;
    import enum
ImportError: No module named enum
" type="ImportError">
<![CDATA[ImportError: Failed to import test module: test_enum_int_range_u
Traceback (most recent call last):
  File "/usr/local/lib/python2.7/unittest/loader.py", line 254, in _find_tests
    module = self._get_module_from_name(name)
  File "/usr/local/lib/python2.7/unittest/loader.py", line 232, in _get_module_from_name
    __import__(name)
  File "/tests/spec/construct/test_enum_int_range_u.py", line 4, in <module>
    from enum_int_range_u import _schema
  File "/tests/compiled/construct/enum_int_range_u.py", line 3, in <module>
    import enum
ImportError: No module named enum

]]>		</error>
		<system-out>
<![CDATA[]]>		</system-out>
		<system-err>
<![CDATA[]]>		</system-err>
	</testcase>
	<testcase classname="unittest.loader.ModuleImportFailure" file="/usr/local/lib/python2.7/unittest/loader.py" line="31" name="test_enum_negative" time="0.000" timestamp="2023-07-27T22:36:15">
		<error message="Failed to import test module: test_enum_negative
Traceback (most recent call last):
  File &quot;/usr/local/lib/python2.7/unittest/loader.py&quot;, line 254, in _find_tests
    module = self._get_module_from_name(name)
  File &quot;/usr/local/lib/python2.7/unittest/loader.py&quot;, line 232, in _get_module_from_name
    __import__(name)
  File &quot;/tests/spec/construct/test_enum_negative.py&quot;, line 4, in &lt;module&gt;
    from enum_negative import _schema
  File &quot;/tests/compiled/construct/enum_negative.py&quot;, line 3, in &lt;module&gt;
    import enum
ImportError: No module named enum
" type="ImportError">
<![CDATA[ImportError: Failed to import test module: test_enum_negative
Traceback (most recent call last):
  File "/usr/local/lib/python2.7/unittest/loader.py", line 254, in _find_tests
    module = self._get_module_from_name(name)
  File "/usr/local/lib/python2.7/unittest/loader.py", line 232, in _get_module_from_name
    __import__(name)
  File "/tests/spec/construct/test_enum_negative.py", line 4, in <module>
    from enum_negative import _schema
  File "/tests/compiled/construct/enum_negative.py", line 3, in <module>
    import enum
ImportError: No module named enum

]]>		</error>
		<system-out>
<![CDATA[]]>		</system-out>
		<system-err>
<![CDATA[]]>		</system-err>
	</testcase>
	<testcase classname="unittest.loader.ModuleImportFailure" file="/usr/local/lib/python2.7/unittest/loader.py" line="31" name="test_params_pass_bool" time="0.000" timestamp="2023-07-27T22:36:15">
		<error message="Failed to import test module: test_params_pass_bool
Traceback (most recent call last):
  File &quot;/usr/local/lib/python2.7/unittest/loader.py&quot;, line 254, in _find_tests
    module = self._get_module_from_name(name)
  File &quot;/usr/local/lib/python2.7/unittest/loader.py&quot;, line 232, in _get_module_from_name
    __import__(name)
  File &quot;/tests/spec/construct/test_params_pass_bool.py&quot;, line 5, in &lt;module&gt;
    from params_pass_bool import _schema
  File &quot;/tests/compiled/construct/params_pass_bool.py&quot;, line 13
    's_false' / ???,
                ^
SyntaxError: invalid syntax
" type="ImportError">
<![CDATA[ImportError: Failed to import test module: test_params_pass_bool
Traceback (most recent call last):
  File "/usr/local/lib/python2.7/unittest/loader.py", line 254, in _find_tests
    module = self._get_module_from_name(name)
  File "/usr/local/lib/python2.7/unittest/loader.py", line 232, in _get_module_from_name
    __import__(name)
  File "/tests/spec/construct/test_params_pass_bool.py", line 5, in <module>
    from params_pass_bool import _schema
  File "/tests/compiled/construct/params_pass_bool.py", line 13
    's_false' / ???,
                ^
SyntaxError: invalid syntax

]]>		</error>
		<system-out>
<![CDATA[]]>		</system-out>
		<system-err>
<![CDATA[]]>		</system-err>
	</testcase>
	<testcase classname="unittest.loader.ModuleImportFailure" file="/usr/local/lib/python2.7/unittest/loader.py" line="31" name="test_bits_simple_le" time="0.000" timestamp="2023-07-27T22:36:15">
		<error message="Failed to import test module: test_bits_simple_le
Traceback (most recent call last):
  File &quot;/usr/local/lib/python2.7/unittest/loader.py&quot;, line 254, in _find_tests
    module = self._get_module_from_name(name)
  File &quot;/usr/local/lib/python2.7/unittest/loader.py&quot;, line 232, in _get_module_from_name
    __import__(name)
  File &quot;/tests/spec/construct/test_bits_simple_le.py&quot;, line 4, in &lt;module&gt;
    from bits_simple_le import _schema
  File &quot;/tests/compiled/construct/bits_simple_le.py&quot;, line 5
    'byte_1' / ???,
               ^
SyntaxError: invalid syntax
" type="ImportError">
<![CDATA[ImportError: Failed to import test module: test_bits_simple_le
Traceback (most recent call last):
  File "/usr/local/lib/python2.7/unittest/loader.py", line 254, in _find_tests
    module = self._get_module_from_name(name)
  File "/usr/local/lib/python2.7/unittest/loader.py", line 232, in _get_module_from_name
    __import__(name)
  File "/tests/spec/construct/test_bits_simple_le.py", line 4, in <module>
    from bits_simple_le import _schema
  File "/tests/compiled/construct/bits_simple_le.py", line 5
    'byte_1' / ???,
               ^
SyntaxError: invalid syntax

]]>		</error>
		<system-out>
<![CDATA[]]>		</system-out>
		<system-err>
<![CDATA[]]>		</system-err>
	</testcase>
	<testcase classname="unittest.loader.ModuleImportFailure" file="/usr/local/lib/python2.7/unittest/loader.py" line="31" name="test_instance_io_user" time="0.000" timestamp="2023-07-27T22:36:15">
		<error message="Failed to import test module: test_instance_io_user
Traceback (most recent call last):
  File &quot;/usr/local/lib/python2.7/unittest/loader.py&quot;, line 254, in _find_tests
    module = self._get_module_from_name(name)
  File &quot;/usr/local/lib/python2.7/unittest/loader.py&quot;, line 232, in _get_module_from_name
    __import__(name)
  File &quot;/tests/spec/construct/test_instance_io_user.py&quot;, line 5, in &lt;module&gt;
    from instance_io_user import _schema
  File &quot;/tests/compiled/construct/instance_io_user.py&quot;, line 17
    'strings' / ???,
                ^
SyntaxError: invalid syntax
" type="ImportError">
<![CDATA[ImportError: Failed to import test module: test_instance_io_user
Traceback (most recent call last):
  File "/usr/local/lib/python2.7/unittest/loader.py", line 254, in _find_tests
    module = self._get_module_from_name(name)
  File "/usr/local/lib/python2.7/unittest/loader.py", line 232, in _get_module_from_name
    __import__(name)
  File "/tests/spec/construct/test_instance_io_user.py", line 5, in <module>
    from instance_io_user import _schema
  File "/tests/compiled/construct/instance_io_user.py", line 17
    'strings' / ???,
                ^
SyntaxError: invalid syntax

]]>		</error>
		<system-out>
<![CDATA[]]>		</system-out>
		<system-err>
<![CDATA[]]>		</system-err>
	</testcase>
	<testcase classname="unittest.loader.ModuleImportFailure" file="/usr/local/lib/python2.7/unittest/loader.py" line="31" name="test_bits_signed_res_b32_be" time="0.000" timestamp="2023-07-27T22:36:15">
		<error message="Failed to import test module: test_bits_signed_res_b32_be
Traceback (most recent call last):
  File &quot;/usr/local/lib/python2.7/unittest/loader.py&quot;, line 254, in _find_tests
    module = self._get_module_from_name(name)
  File &quot;/usr/local/lib/python2.7/unittest/loader.py&quot;, line 232, in _get_module_from_name
    __import__(name)
  File &quot;/tests/spec/construct/test_bits_signed_res_b32_be.py&quot;, line 5, in &lt;module&gt;
    from bits_signed_res_b32_be import _schema
  File &quot;/tests/compiled/construct/bits_signed_res_b32_be.py&quot;, line 5
    'a' / ???,
          ^
SyntaxError: invalid syntax
" type="ImportError">
<![CDATA[ImportError: Failed to import test module: test_bits_signed_res_b32_be
Traceback (most recent call last):
  File "/usr/local/lib/python2.7/unittest/loader.py", line 254, in _find_tests
    module = self._get_module_from_name(name)
  File "/usr/local/lib/python2.7/unittest/loader.py", line 232, in _get_module_from_name
    __import__(name)
  File "/tests/spec/construct/test_bits_signed_res_b32_be.py", line 5, in <module>
    from bits_signed_res_b32_be import _schema
  File "/tests/compiled/construct/bits_signed_res_b32_be.py", line 5
    'a' / ???,
          ^
SyntaxError: invalid syntax

]]>		</error>
		<system-out>
<![CDATA[]]>		</system-out>
		<system-err>
<![CDATA[]]>		</system-err>
	</testcase>
	<testcase classname="unittest.loader.ModuleImportFailure" file="/usr/local/lib/python2.7/unittest/loader.py" line="31" name="test_enum_if" time="0.000" timestamp="2023-07-27T22:36:15">
		<error message="Failed to import test module: test_enum_if
Traceback (most recent call last):
  File &quot;/usr/local/lib/python2.7/unittest/loader.py&quot;, line 254, in _find_tests
    module = self._get_module_from_name(name)
  File &quot;/usr/local/lib/python2.7/unittest/loader.py&quot;, line 232, in _get_module_from_name
    __import__(name)
  File &quot;/tests/spec/construct/test_enum_if.py&quot;, line 4, in &lt;module&gt;
    from enum_if import _schema
  File &quot;/tests/compiled/construct/enum_if.py&quot;, line 3, in &lt;module&gt;
    import enum
ImportError: No module named enum
" type="ImportError">
<![CDATA[ImportError: Failed to import test module: test_enum_if
Traceback (most recent call last):
  File "/usr/local/lib/python2.7/unittest/loader.py", line 254, in _find_tests
    module = self._get_module_from_name(name)
  File "/usr/local/lib/python2.7/unittest/loader.py", line 232, in _get_module_from_name
    __import__(name)
  File "/tests/spec/construct/test_enum_if.py", line 4, in <module>
    from enum_if import _schema
  File "/tests/compiled/construct/enum_if.py", line 3, in <module>
    import enum
ImportError: No module named enum

]]>		</error>
		<system-out>
<![CDATA[]]>		</system-out>
		<system-err>
<![CDATA[]]>		</system-err>
	</testcase>
</testsuite>
