<?xml version="1.0" encoding="UTF-8"?>
<testsuite name="test_imports_abs_abs.TestImportsAbsAbs-20201106111735" tests="1" file="test_imports_abs_abs.py" time="0.001" timestamp="2020-11-06T11:17:35" failures="0" errors="1" skipped="0">
	<testcase classname="test_imports_abs_abs.TestImportsAbsAbs" name="test_imports_abs_abs" time="0.001" timestamp="2020-11-06T11:17:35" file="spec/construct/test_imports_abs_abs.py" line="6">
		<error type="NameError" message="name 'imported_and_abs' is not defined"><![CDATA[Traceback (most recent call last):
  File "/home/travis/build/kaitai-io/ci_targets/tests/spec/construct/test_imports_abs_abs.py", line 7, in test_imports_abs_abs
    r = _schema.parse_file('src/fixed_struct.bin')
  File "/home/travis/virtualenv/python3.9.0/lib/python3.9/site-packages/construct/core.py", line 309, in parse_file
    return self.parse_stream(f, **contextkw)
  File "/home/travis/virtualenv/python3.9.0/lib/python3.9/site-packages/construct/core.py", line 300, in parse_stream
    return self._parsereport(stream, context, "(parsing)")
  File "/home/travis/virtualenv/python3.9.0/lib/python3.9/site-packages/construct/core.py", line 312, in _parsereport
    obj = self._parse(stream, context, path)
  File "/home/travis/virtualenv/python3.9.0/lib/python3.9/site-packages/construct/core.py", line 1981, in _parse
    subobj = sc._parsereport(stream, context, path)
  File "/home/travis/virtualenv/python3.9.0/lib/python3.9/site-packages/construct/core.py", line 312, in _parsereport
    obj = self._parse(stream, context, path)
  File "/home/travis/virtualenv/python3.9.0/lib/python3.9/site-packages/construct/core.py", line 2439, in _parse
    return self.subcon._parsereport(stream, context, path)
  File "/home/travis/virtualenv/python3.9.0/lib/python3.9/site-packages/construct/core.py", line 312, in _parsereport
    obj = self._parse(stream, context, path)
  File "/home/travis/virtualenv/python3.9.0/lib/python3.9/site-packages/construct/core.py", line 5533, in _parse
    sc = self.subconfunc()
  File "/home/travis/build/kaitai-io/ci_targets/tests/compiled/construct/imports_abs_abs.py", line 6, in <lambda>
    'two' / LazyBound(lambda: imported_and_abs),
NameError: name 'imported_and_abs' is not defined
]]></error>
	</testcase>
</testsuite>
