<?xml version="1.0" encoding="UTF-8"?>
<testsuite name="test_expr_calc_array_ops.TestExprCalcArrayOps-20230628163740" tests="1" file="test_expr_calc_array_ops.py" time="0.002" timestamp="2023-06-28T16:37:40" failures="0" errors="1" skipped="0">
	<testcase classname="test_expr_calc_array_ops.TestExprCalcArrayOps" name="test_expr_calc_array_ops" time="0.002" timestamp="2023-06-28T16:37:40" file="spec/construct/test_expr_calc_array_ops.py" line="7">
		<error type="AttributeError" message="int_array"><![CDATA[Traceback (most recent call last):
  File "/home/travis/virtualenv/python3.10.9/lib/python3.10/site-packages/construct/lib/containers.py", line 93, in __getattr__
    return self[name]
KeyError: 'int_array'

During handling of the above exception, another exception occurred:

Traceback (most recent call last):
  File "/home/travis/build/kaitai-io/ci_targets/tests/spec/construct/test_expr_calc_array_ops.py", line 8, in test_expr_calc_array_ops
    r = _schema.parse_file('src/fixed_struct.bin')
  File "/home/travis/virtualenv/python3.10.9/lib/python3.10/site-packages/construct/core.py", line 309, in parse_file
    return self.parse_stream(f, **contextkw)
  File "/home/travis/virtualenv/python3.10.9/lib/python3.10/site-packages/construct/core.py", line 300, in parse_stream
    return self._parsereport(stream, context, "(parsing)")
  File "/home/travis/virtualenv/python3.10.9/lib/python3.10/site-packages/construct/core.py", line 312, in _parsereport
    obj = self._parse(stream, context, path)
  File "/home/travis/virtualenv/python3.10.9/lib/python3.10/site-packages/construct/core.py", line 2120, in _parse
    subobj = sc._parsereport(stream, context, path)
  File "/home/travis/virtualenv/python3.10.9/lib/python3.10/site-packages/construct/core.py", line 312, in _parsereport
    obj = self._parse(stream, context, path)
  File "/home/travis/virtualenv/python3.10.9/lib/python3.10/site-packages/construct/core.py", line 2653, in _parse
    return self.subcon._parsereport(stream, context, path)
  File "/home/travis/virtualenv/python3.10.9/lib/python3.10/site-packages/construct/core.py", line 312, in _parsereport
    obj = self._parse(stream, context, path)
  File "/home/travis/virtualenv/python3.10.9/lib/python3.10/site-packages/construct/core.py", line 2798, in _parse
    return self.func(context) if callable(self.func) else self.func
  File "/home/travis/build/kaitai-io/ci_targets/tests/compiled/construct/expr_calc_array_ops.py", line 6, in <lambda>
    'int_array_size' / Computed(lambda this: len(this.int_array)),
  File "/home/travis/virtualenv/python3.10.9/lib/python3.10/site-packages/construct/lib/containers.py", line 95, in __getattr__
    raise AttributeError(name)
AttributeError: int_array
]]></error>
	</testcase>
</testsuite>
