<?xml version="1.0" encoding="UTF-8"?>
<testsuite errors="1" failures="0" file="test_position_in_seq.py" name="test_position_in_seq.TestPositionInSeq-20220801221615" skipped="0" tests="1" time="0.001" timestamp="2022-08-01T22:16:15">
	<testcase classname="test_position_in_seq.TestPositionInSeq" file="spec/construct/test_position_in_seq.py" line="8" name="test_position_in_seq" time="0.001" timestamp="2022-08-01T22:16:15">
		<error message="'header'" type="KeyError">
<![CDATA[Traceback (most recent call last):
  File "/home/travis/build/kaitai-io/ci_targets/tests/spec/construct/test_position_in_seq.py", line 9, in test_position_in_seq
    r = _schema.parse_file('src/position_in_seq.bin')
  File "/home/travis/virtualenv/python3.4.8/lib/python3.4/site-packages/construct/core.py", line 309, in parse_file
    return self.parse_stream(f, **contextkw)
  File "/home/travis/virtualenv/python3.4.8/lib/python3.4/site-packages/construct/core.py", line 300, in parse_stream
    return self._parsereport(stream, context, "(parsing)")
  File "/home/travis/virtualenv/python3.4.8/lib/python3.4/site-packages/construct/core.py", line 312, in _parsereport
    obj = self._parse(stream, context, path)
  File "/home/travis/virtualenv/python3.4.8/lib/python3.4/site-packages/construct/core.py", line 1982, in _parse
    subobj = sc._parsereport(stream, context, path)
  File "/home/travis/virtualenv/python3.4.8/lib/python3.4/site-packages/construct/core.py", line 312, in _parsereport
    obj = self._parse(stream, context, path)
  File "/home/travis/virtualenv/python3.4.8/lib/python3.4/site-packages/construct/core.py", line 2440, in _parse
    return self.subcon._parsereport(stream, context, path)
  File "/home/travis/virtualenv/python3.4.8/lib/python3.4/site-packages/construct/core.py", line 312, in _parsereport
    obj = self._parse(stream, context, path)
  File "/home/travis/virtualenv/python3.4.8/lib/python3.4/site-packages/construct/core.py", line 2216, in _parse
    count = count(context)
  File "/home/travis/virtualenv/python3.4.8/lib/python3.4/site-packages/construct/expr.py", line 188, in __call__
    return self.__parent(obj)[self.__field]
  File "/home/travis/virtualenv/python3.4.8/lib/python3.4/site-packages/construct/expr.py", line 188, in __call__
    return self.__parent(obj)[self.__field]
KeyError: 'header'
]]>		</error>
		<system-out>
<![CDATA[]]>		</system-out>
		<system-err>
<![CDATA[]]>		</system-err>
	</testcase>
</testsuite>
