<?xml version="1.0" encoding="UTF-8"?>
<testsuite errors="1" failures="0" file="test_params_pass_array_int.py" name="test_params_pass_array_int.TestParamsPassArrayInt-20211106162836" skipped="0" tests="1" time="0.001" timestamp="2021-11-06T16:28:36">
	<testcase classname="test_params_pass_array_int.TestParamsPassArrayInt" file="spec/construct/test_params_pass_array_int.py" line="8" name="test_params_pass_array_int" time="0.001" timestamp="2021-11-06T16:28:36">
		<error message="nums" type="AttributeError">
<![CDATA[Traceback (most recent call last):
  File "/home/travis/build/kaitai-io/ci_targets/tests/spec/construct/test_params_pass_array_int.py", line 11, in test_params_pass_array_int
    self.assertEqual(len(r.pass_ints.nums), 3)
  File "/home/travis/virtualenv/python2.7.14/lib/python2.7/site-packages/construct/lib/containers.py", line 102, in __getattr__
    raise AttributeError(name)
AttributeError: nums
]]>		</error>
		<system-out>
<![CDATA[]]>		</system-out>
		<system-err>
<![CDATA[]]>		</system-err>
	</testcase>
</testsuite>
