<?xml version="1.0" encoding="UTF-8"?>
<testsuite errors="0" failures="1" file="test_process_xor4_const.py" name="test_process_xor4_const.TestProcessXor4Const-20211115222314" skipped="0" tests="1" time="0.000" timestamp="2021-11-15T22:23:14">
	<testcase classname="test_process_xor4_const.TestProcessXor4Const" file="spec/construct/test_process_xor4_const.py" line="8" name="test_process_xor4_const" time="0.000" timestamp="2021-11-15T22:23:14">
		<failure message="'\x8a\xd4\xcc4\x8e\xda\xd1' != 'foo bar'" type="AssertionError">
<![CDATA[Traceback (most recent call last):
  File "/home/travis/build/kaitai-io/ci_targets/tests/spec/construct/test_process_xor4_const.py", line 11, in test_process_xor4_const
    self.assertEqual(r.buf, b"\x66\x6F\x6F\x20\x62\x61\x72")
AssertionError: '\x8a\xd4\xcc4\x8e\xda\xd1' != 'foo bar'
]]>		</failure>
		<system-out>
<![CDATA[]]>		</system-out>
		<system-err>
<![CDATA[]]>		</system-err>
	</testcase>
</testsuite>
