<?xml version="1.0" encoding="UTF-8"?>
<testsuite errors="0" failures="1" file="test_process_repeat_usertype.py" name="test_process_repeat_usertype.TestProcessRepeatUsertype-20230719185303" skipped="0" tests="1" time="0.000" timestamp="2023-07-19T18:53:03">
	<testcase classname="test_process_repeat_usertype.TestProcessRepeatUsertype" file="spec/construct/test_process_repeat_usertype.py" line="8" name="test_process_repeat_usertype" time="0.000" timestamp="2023-07-19T18:53:03">
		<failure message="346274796 != -1975704206" type="AssertionError">
<![CDATA[Traceback (most recent call last):
  File "/tests/spec/construct/test_process_repeat_usertype.py", line 11, in test_process_repeat_usertype
    self.assertEqual(r.blocks[0].a, -1975704206)
AssertionError: 346274796 != -1975704206
]]>		</failure>
		<system-out>
<![CDATA[]]>		</system-out>
		<system-err>
<![CDATA[]]>		</system-err>
	</testcase>
</testsuite>
