<?xml version="1.0" encoding="UTF-8"?>
<testsuite name="test_repeat_until_complex.TestRepeatUntilComplex-20230719212444" tests="1" file="test_repeat_until_complex.py" time="0.002" timestamp="2023-07-19T21:24:44" failures="1" errors="0" skipped="0">
	<testcase classname="test_repeat_until_complex.TestRepeatUntilComplex" name="test_repeat_until_complex" time="0.002" timestamp="2023-07-19T21:24:44" file="spec/construct/test_repeat_until_complex.py" line="8">
		<failure type="AssertionError" message="&lt;built-in method values of Container object at 0x7f9758ed4f70&gt; != [1, 2, 3, 4]"><![CDATA[Traceback (most recent call last):
  File "/tests/spec/construct/test_repeat_until_complex.py", line 12, in test_repeat_until_complex
    self.assertEqual(r.first[0].values, [(0 + 1), 2, 3, 4])
AssertionError: <built-in method values of Container object at 0x7f9758ed4f70> != [1, 2, 3, 4]
]]></failure>
	</testcase>
</testsuite>
