<?xml version="1.0" encoding="UTF-8"?>
<testsuite errors="0" failures="1" file="test_repeat_until_complex.py" name="test_repeat_until_complex.TestRepeatUntilComplex-20220210221129" skipped="0" tests="1" time="0.001" timestamp="2022-02-10T22:11:29">
	<testcase classname="test_repeat_until_complex.TestRepeatUntilComplex" file="spec/construct/test_repeat_until_complex.py" line="8" name="test_repeat_until_complex" time="0.001" timestamp="2022-02-10T22:11:29">
		<failure message="&lt;bound method Container.values of Container(count=4, values=ListContainer([1, 2, 3, 4]))&gt; != [1, 2, 3, 4]" type="AssertionError">
<![CDATA[Traceback (most recent call last):
  File "/home/travis/build/kaitai-io/ci_targets/tests/spec/construct/test_repeat_until_complex.py", line 12, in test_repeat_until_complex
    self.assertEqual(r.first[0].values, [(0 + 1), 2, 3, 4])
AssertionError: <bound method Container.values of Container(count=4, values=ListContainer([1, 2, 3, 4]))> != [1, 2, 3, 4]
]]>		</failure>
		<system-out>
<![CDATA[]]>		</system-out>
		<system-err>
<![CDATA[]]>		</system-err>
	</testcase>
</testsuite>
