<?xml version="1.0" encoding="UTF-8"?>
<testsuite name="test_process_custom.TestProcessCustom-20210206143650" tests="1" file="test_process_custom.py" time="0.001" timestamp="2021-02-06T14:36:50" failures="1" errors="0" skipped="0">
	<testcase classname="test_process_custom.TestProcessCustom" name="test_process_custom" time="0.001" timestamp="2021-02-06T14:36:50" file="spec/construct/test_process_custom.py" line="8">
		<failure type="AssertionError" message="b'\t\xac\x8d\x8d\xed' != b'\x10\xb3\x94\x94\xf4'"><![CDATA[Traceback (most recent call last):
  File "/home/travis/build/kaitai-io/ci_targets/tests/spec/construct/test_process_custom.py", line 10, in test_process_custom
    self.assertEqual(r.buf1, b"\x10\xB3\x94\x94\xF4")
AssertionError: b'\t\xac\x8d\x8d\xed' != b'\x10\xb3\x94\x94\xf4'
]]></failure>
	</testcase>
</testsuite>
