<?xml version="1.0" encoding="UTF-8"?>
<testsuite name="test_process_custom_no_args.TestProcessCustomNoArgs-20220505210433" tests="1" file="test_process_custom_no_args.py" time="0.001" timestamp="2022-05-05T21:04:33" failures="1" errors="0" skipped="0">
	<testcase classname="test_process_custom_no_args.TestProcessCustomNoArgs" name="test_process_custom_no_args" time="0.001" timestamp="2022-05-05T21:04:33" file="spec/construct/test_process_custom_no_args.py" line="8">
		<failure type="AssertionError" message="b'\t\xac\x8d\x8d\xed' != b'_\t\xac\x8d\x8d\xed_'"><![CDATA[Traceback (most recent call last):
  File "/home/travis/build/kaitai-io/ci_targets/tests/spec/construct/test_process_custom_no_args.py", line 11, in test_process_custom_no_args
    self.assertEqual(r.buf, b"\x5F\x09\xAC\x8D\x8D\xED\x5F")
AssertionError: b'\t\xac\x8d\x8d\xed' != b'_\t\xac\x8d\x8d\xed_'
]]></failure>
	</testcase>
</testsuite>
