<?xml version="1.0" encoding="UTF-8"?>
<testsuite name="test_imports_abs.TestImportsAbs-20220623171419" tests="1" file="test_imports_abs.py" time="0.001" timestamp="2022-06-23T17:14:19" failures="0" errors="1" skipped="0">
	<testcase classname="test_imports_abs.TestImportsAbs" name="test_imports_abs" time="0.001" timestamp="2022-06-23T17:14:19" file="spec/construct/test_imports_abs.py" line="7">
		<error type="NameError" message="name 'vlq_base128_le' is not defined"><![CDATA[Traceback (most recent call last):
  File "/home/travis/build/kaitai-io/ci_targets/tests/spec/construct/test_imports_abs.py", line 8, in test_imports_abs
    r = _schema.parse_file('src/fixed_struct.bin')
  File "/home/travis/virtualenv/python3.10.4/lib/python3.10/site-packages/construct/core.py", line 309, in parse_file
    return self.parse_stream(f, **contextkw)
  File "/home/travis/virtualenv/python3.10.4/lib/python3.10/site-packages/construct/core.py", line 300, in parse_stream
    return self._parsereport(stream, context, "(parsing)")
  File "/home/travis/virtualenv/python3.10.4/lib/python3.10/site-packages/construct/core.py", line 312, in _parsereport
    obj = self._parse(stream, context, path)
  File "/home/travis/virtualenv/python3.10.4/lib/python3.10/site-packages/construct/core.py", line 2120, in _parse
    subobj = sc._parsereport(stream, context, path)
  File "/home/travis/virtualenv/python3.10.4/lib/python3.10/site-packages/construct/core.py", line 312, in _parsereport
    obj = self._parse(stream, context, path)
  File "/home/travis/virtualenv/python3.10.4/lib/python3.10/site-packages/construct/core.py", line 2653, in _parse
    return self.subcon._parsereport(stream, context, path)
  File "/home/travis/virtualenv/python3.10.4/lib/python3.10/site-packages/construct/core.py", line 312, in _parsereport
    obj = self._parse(stream, context, path)
  File "/home/travis/virtualenv/python3.10.4/lib/python3.10/site-packages/construct/core.py", line 5911, in _parse
    sc = self.subconfunc()
  File "/home/travis/build/kaitai-io/ci_targets/tests/compiled/construct/imports_abs.py", line 5, in <lambda>
    'len' / LazyBound(lambda: vlq_base128_le),
NameError: name 'vlq_base128_le' is not defined
]]></error>
	</testcase>
</testsuite>
