<?xml version="1.0" encoding="UTF-8"?>
<testsuite errors="1" failures="0" file="test_expr_enum.py" name="test_expr_enum.TestExprEnum-20220801221615" skipped="0" tests="1" time="0.001" timestamp="2022-08-01T22:16:15">
	<testcase classname="test_expr_enum.TestExprEnum" file="spec/construct/test_expr_enum.py" line="7" name="test_expr_enum" time="0.001" timestamp="2022-08-01T22:16:15">
		<error message="name 'KaitaiStream' is not defined" type="NameError">
<![CDATA[Traceback (most recent call last):
  File "/home/travis/build/kaitai-io/ci_targets/tests/spec/construct/test_expr_enum.py", line 8, in test_expr_enum
    r = _schema.parse_file('src/term_strz.bin')
  File "/home/travis/virtualenv/python3.4.8/lib/python3.4/site-packages/construct/core.py", line 309, in parse_file
    return self.parse_stream(f, **contextkw)
  File "/home/travis/virtualenv/python3.4.8/lib/python3.4/site-packages/construct/core.py", line 300, in parse_stream
    return self._parsereport(stream, context, "(parsing)")
  File "/home/travis/virtualenv/python3.4.8/lib/python3.4/site-packages/construct/core.py", line 312, in _parsereport
    obj = self._parse(stream, context, path)
  File "/home/travis/virtualenv/python3.4.8/lib/python3.4/site-packages/construct/core.py", line 1982, in _parse
    subobj = sc._parsereport(stream, context, path)
  File "/home/travis/virtualenv/python3.4.8/lib/python3.4/site-packages/construct/core.py", line 312, in _parsereport
    obj = self._parse(stream, context, path)
  File "/home/travis/virtualenv/python3.4.8/lib/python3.4/site-packages/construct/core.py", line 2440, in _parse
    return self.subcon._parsereport(stream, context, path)
  File "/home/travis/virtualenv/python3.4.8/lib/python3.4/site-packages/construct/core.py", line 312, in _parsereport
    obj = self._parse(stream, context, path)
  File "/home/travis/virtualenv/python3.4.8/lib/python3.4/site-packages/construct/core.py", line 2576, in _parse
    return self.func(context) if callable(self.func) else self.func
  File "/home/travis/build/kaitai-io/ci_targets/tests/compiled/construct/expr_enum.py", line 13, in <lambda>
    'const_dog' / Computed(lambda this: KaitaiStream.resolve_enum(ExprEnum.Animal, 4)),
NameError: name 'KaitaiStream' is not defined
]]>		</error>
		<system-out>
<![CDATA[]]>		</system-out>
		<system-err>
<![CDATA[]]>		</system-err>
	</testcase>
</testsuite>
