<?xml version="1.0" encoding="UTF-8"?>
<testsuite errors="0" failures="1" file="test_process_xor4_value.py" name="test_process_xor4_value.TestProcessXor4Value-20201106111644" skipped="0" tests="1" time="0.001" timestamp="2020-11-06T11:16:44">
	<testcase classname="test_process_xor4_value.TestProcessXor4Value" file="spec/construct/test_process_xor4_value.py" line="8" name="test_process_xor4_value" time="0.001" timestamp="2020-11-06T11:16:44">
		<failure message="b'\x8a\xd4\xcc4\x8e\xda\xd1' != b'foo bar'" type="AssertionError">
<![CDATA[Traceback (most recent call last):
  File "/home/travis/build/kaitai-io/ci_targets/tests/spec/construct/test_process_xor4_value.py", line 11, in test_process_xor4_value
    self.assertEqual(r.buf, b"\x66\x6F\x6F\x20\x62\x61\x72")
AssertionError: b'\x8a\xd4\xcc4\x8e\xda\xd1' != b'foo bar'
]]>		</failure>
		<system-out>
<![CDATA[]]>		</system-out>
		<system-err>
<![CDATA[]]>		</system-err>
	</testcase>
</testsuite>
