<?xml version="1.0" encoding="UTF-8"?>
<testsuite errors="1" failures="0" file="test_opaque_external_type_02_parent.py" name="test_opaque_external_type_02_parent.TestOpaqueExternalType02Parent-20200911171952" skipped="0" tests="1" time="0.001" timestamp="2020-09-11T17:19:52">
	<testcase classname="test_opaque_external_type_02_parent.TestOpaqueExternalType02Parent" file="spec/construct/test_opaque_external_type_02_parent.py" line="6" name="test_opaque_external_type_02_parent" time="0.001" timestamp="2020-09-11T17:19:52">
		<error message="global name 'opaque_external_type_02_child' is not defined" type="NameError">
<![CDATA[Traceback (most recent call last):
  File "/home/travis/build/kaitai-io/ci_targets/tests/spec/construct/test_opaque_external_type_02_parent.py", line 7, in test_opaque_external_type_02_parent
    r = _schema.parse_file('src/term_strz.bin')
  File "/home/travis/virtualenv/python2.7.14/lib/python2.7/site-packages/construct/core.py", line 309, in parse_file
    return self.parse_stream(f, **contextkw)
  File "/home/travis/virtualenv/python2.7.14/lib/python2.7/site-packages/construct/core.py", line 300, in parse_stream
    return self._parsereport(stream, context, "(parsing)")
  File "/home/travis/virtualenv/python2.7.14/lib/python2.7/site-packages/construct/core.py", line 312, in _parsereport
    obj = self._parse(stream, context, path)
  File "/home/travis/virtualenv/python2.7.14/lib/python2.7/site-packages/construct/core.py", line 1982, in _parse
    subobj = sc._parsereport(stream, context, path)
  File "/home/travis/virtualenv/python2.7.14/lib/python2.7/site-packages/construct/core.py", line 312, in _parsereport
    obj = self._parse(stream, context, path)
  File "/home/travis/virtualenv/python2.7.14/lib/python2.7/site-packages/construct/core.py", line 2440, in _parse
    return self.subcon._parsereport(stream, context, path)
  File "/home/travis/virtualenv/python2.7.14/lib/python2.7/site-packages/construct/core.py", line 312, in _parsereport
    obj = self._parse(stream, context, path)
  File "/home/travis/virtualenv/python2.7.14/lib/python2.7/site-packages/construct/core.py", line 5535, in _parse
    return sc._parsereport(stream, context, path)
  File "/home/travis/virtualenv/python2.7.14/lib/python2.7/site-packages/construct/core.py", line 312, in _parsereport
    obj = self._parse(stream, context, path)
  File "/home/travis/virtualenv/python2.7.14/lib/python2.7/site-packages/construct/core.py", line 1982, in _parse
    subobj = sc._parsereport(stream, context, path)
  File "/home/travis/virtualenv/python2.7.14/lib/python2.7/site-packages/construct/core.py", line 312, in _parsereport
    obj = self._parse(stream, context, path)
  File "/home/travis/virtualenv/python2.7.14/lib/python2.7/site-packages/construct/core.py", line 2440, in _parse
    return self.subcon._parsereport(stream, context, path)
  File "/home/travis/virtualenv/python2.7.14/lib/python2.7/site-packages/construct/core.py", line 312, in _parsereport
    obj = self._parse(stream, context, path)
  File "/home/travis/virtualenv/python2.7.14/lib/python2.7/site-packages/construct/core.py", line 5534, in _parse
    sc = self.subconfunc()
  File "/home/travis/build/kaitai-io/ci_targets/tests/compiled/construct/opaque_external_type_02_parent.py", line 5, in <lambda>
    'child' / LazyBound(lambda: opaque_external_type_02_child),
NameError: global name 'opaque_external_type_02_child' is not defined
]]>		</error>
		<system-out>
<![CDATA[]]>		</system-out>
		<system-err>
<![CDATA[]]>		</system-err>
	</testcase>
</testsuite>
