<?xml version="1.0" encoding="UTF-8"?>
<testsuite name="test_position_in_seq.TestPositionInSeq-20230719210200" tests="1" file="test_position_in_seq.py" time="0.001" timestamp="2023-07-19T21:02:00" failures="0" errors="1" skipped="0">
	<testcase classname="test_position_in_seq.TestPositionInSeq" name="test_position_in_seq" time="0.001" timestamp="2023-07-19T21:02:00" file="spec/construct/test_position_in_seq.py" line="8">
		<error type="KeyError" message="'header'"><![CDATA[Traceback (most recent call last):
  File "/tests/spec/construct/test_position_in_seq.py", line 9, in test_position_in_seq
    r = _schema.parse_file('src/position_in_seq.bin')
        ^^^^^^^^^^^^^^^^^^^^^^^^^^^^^^^^^^^^^^^^^^^^^
  File "/usr/local/lib/python3.11/site-packages/construct/core.py", line 309, in parse_file
    return self.parse_stream(f, **contextkw)
           ^^^^^^^^^^^^^^^^^^^^^^^^^^^^^^^^^
  File "/usr/local/lib/python3.11/site-packages/construct/core.py", line 300, in parse_stream
    return self._parsereport(stream, context, "(parsing)")
           ^^^^^^^^^^^^^^^^^^^^^^^^^^^^^^^^^^^^^^^^^^^^^^^
  File "/usr/local/lib/python3.11/site-packages/construct/core.py", line 312, in _parsereport
    obj = self._parse(stream, context, path)
          ^^^^^^^^^^^^^^^^^^^^^^^^^^^^^^^^^^
  File "/usr/local/lib/python3.11/site-packages/construct/core.py", line 2120, in _parse
    subobj = sc._parsereport(stream, context, path)
             ^^^^^^^^^^^^^^^^^^^^^^^^^^^^^^^^^^^^^^
  File "/usr/local/lib/python3.11/site-packages/construct/core.py", line 312, in _parsereport
    obj = self._parse(stream, context, path)
          ^^^^^^^^^^^^^^^^^^^^^^^^^^^^^^^^^^
  File "/usr/local/lib/python3.11/site-packages/construct/core.py", line 2653, in _parse
    return self.subcon._parsereport(stream, context, path)
           ^^^^^^^^^^^^^^^^^^^^^^^^^^^^^^^^^^^^^^^^^^^^^^^
  File "/usr/local/lib/python3.11/site-packages/construct/core.py", line 312, in _parsereport
    obj = self._parse(stream, context, path)
          ^^^^^^^^^^^^^^^^^^^^^^^^^^^^^^^^^^
  File "/usr/local/lib/python3.11/site-packages/construct/core.py", line 2406, in _parse
    count = evaluate(self.count, context)
            ^^^^^^^^^^^^^^^^^^^^^^^^^^^^^
  File "/usr/local/lib/python3.11/site-packages/construct/core.py", line 198, in evaluate
    return param(context) if callable(param) else param
           ^^^^^^^^^^^^^^
  File "/usr/local/lib/python3.11/site-packages/construct/expr.py", line 188, in __call__
    return self.__parent(obj)[self.__field]
           ^^^^^^^^^^^^^^^^^^
  File "/usr/local/lib/python3.11/site-packages/construct/expr.py", line 188, in __call__
    return self.__parent(obj)[self.__field]
           ~~~~~~~~~~~~~~~~~~^^^^^^^^^^^^^^
KeyError: 'header'
]]></error>
	</testcase>
</testsuite>
