<?xml version="1.0" encoding="UTF-8"?>
<testsuite name="test_imports_circular_a.TestImportsCircularA" tests="1" file="test_imports_circular_a.py" time="0.002" timestamp="2023-07-23T22:32:40" failures="0" errors="1" skipped="0">
	<testcase classname="test_imports_circular_a.TestImportsCircularA" name="test_imports_circular_a" time="0.002" timestamp="2023-07-23T22:32:40" file="spec/construct/test_imports_circular_a.py" line="8">
		<error type="NameError" message="name 'imports_circular_b' is not defined"><![CDATA[Traceback (most recent call last):
  File "/tests/spec/construct/test_imports_circular_a.py", line 9, in test_imports_circular_a
    r = _schema.parse_file('src/fixed_struct.bin')
        ^^^^^^^^^^^^^^^^^^^^^^^^^^^^^^^^^^^^^^^^^^
  File "/usr/local/lib/python3.11/site-packages/construct/core.py", line 309, in parse_file
    return self.parse_stream(f, **contextkw)
           ^^^^^^^^^^^^^^^^^^^^^^^^^^^^^^^^^
  File "/usr/local/lib/python3.11/site-packages/construct/core.py", line 300, in parse_stream
    return self._parsereport(stream, context, "(parsing)")
           ^^^^^^^^^^^^^^^^^^^^^^^^^^^^^^^^^^^^^^^^^^^^^^^
  File "/usr/local/lib/python3.11/site-packages/construct/core.py", line 312, in _parsereport
    obj = self._parse(stream, context, path)
          ^^^^^^^^^^^^^^^^^^^^^^^^^^^^^^^^^^
  File "/usr/local/lib/python3.11/site-packages/construct/core.py", line 2120, in _parse
    subobj = sc._parsereport(stream, context, path)
             ^^^^^^^^^^^^^^^^^^^^^^^^^^^^^^^^^^^^^^
  File "/usr/local/lib/python3.11/site-packages/construct/core.py", line 312, in _parsereport
    obj = self._parse(stream, context, path)
          ^^^^^^^^^^^^^^^^^^^^^^^^^^^^^^^^^^
  File "/usr/local/lib/python3.11/site-packages/construct/core.py", line 2653, in _parse
    return self.subcon._parsereport(stream, context, path)
           ^^^^^^^^^^^^^^^^^^^^^^^^^^^^^^^^^^^^^^^^^^^^^^^
  File "/usr/local/lib/python3.11/site-packages/construct/core.py", line 312, in _parsereport
    obj = self._parse(stream, context, path)
          ^^^^^^^^^^^^^^^^^^^^^^^^^^^^^^^^^^
  File "/usr/local/lib/python3.11/site-packages/construct/core.py", line 5911, in _parse
    sc = self.subconfunc()
         ^^^^^^^^^^^^^^^^^
  File "/tests/compiled/construct/imports_circular_a.py", line 6, in <lambda>
    'two' / LazyBound(lambda: imports_circular_b),
                              ^^^^^^^^^^^^^^^^^^
NameError: name 'imports_circular_b' is not defined
]]></error>
	</testcase>
</testsuite>
