<?xml version="1.0" encoding="UTF-8"?>
<testsuite errors="0" failures="1" file="test_zlib_surrounded.py" name="test_zlib_surrounded.TestZlibSurrounded-20230719212442" skipped="0" tests="1" time="0.001" timestamp="2023-07-19T21:24:42">
	<testcase classname="test_zlib_surrounded.TestZlibSurrounded" file="spec/construct/test_zlib_surrounded.py" line="8" name="test_zlib_surrounded" time="0.001" timestamp="2023-07-19T21:24:42">
		<failure message="-287624 != -1" type="AssertionError">
<![CDATA[Traceback (most recent call last):
  File "/tests/spec/construct/test_zlib_surrounded.py", line 11, in test_zlib_surrounded
    self.assertEqual(r.zlib.num, -1)
AssertionError: -287624 != -1
]]>		</failure>
		<system-out>
<![CDATA[]]>		</system-out>
		<system-err>
<![CDATA[]]>		</system-err>
	</testcase>
</testsuite>
