<?xml version="1.0" encoding="UTF-8"?>
<testsuite errors="1" failures="0" file="test_enum_int_range_u.py" name="test_enum_int_range_u.TestEnumIntRangeU-20220318130449" skipped="0" tests="1" time="0.001" timestamp="2022-03-18T13:04:49">
	<testcase classname="test_enum_int_range_u.TestEnumIntRangeU" file="spec/construct/test_enum_int_range_u.py" line="8" name="test_enum_int_range_u" time="0.001" timestamp="2022-03-18T13:04:49">
		<error message="'TestEnumIntRangeU' object has no attribute '_root'" type="AttributeError">
<![CDATA[Traceback (most recent call last):
  File "/home/travis/build/kaitai-io/ci_targets/tests/spec/construct/test_enum_int_range_u.py", line 11, in test_enum_int_range_u
    self.assertEqual(r.f1, self._root.Constants.zero)
AttributeError: 'TestEnumIntRangeU' object has no attribute '_root'
]]>		</error>
		<system-out>
<![CDATA[]]>		</system-out>
		<system-err>
<![CDATA[]]>		</system-err>
	</testcase>
</testsuite>
