<?xml version="1.0" encoding="UTF-8"?>
<testsuite errors="0" failures="1" file="test_process_xor_const.py" name="test_process_xor_const.TestProcessXorConst-20211114130431" skipped="0" tests="1" time="0.000" timestamp="2021-11-14T13:04:31">
	<testcase classname="test_process_xor_const.TestProcessXorConst" file="spec/construct/test_process_xor_const.py" line="8" name="test_process_xor_const" time="0.000" timestamp="2021-11-14T13:04:31">
		<failure message="'\x99\x90\x90\xdf\x9d\x9e\x8d' != 'foo bar'" type="AssertionError">
<![CDATA[Traceback (most recent call last):
  File "/home/travis/build/kaitai-io/ci_targets/tests/spec/construct/test_process_xor_const.py", line 11, in test_process_xor_const
    self.assertEqual(r.buf, b"\x66\x6F\x6F\x20\x62\x61\x72")
AssertionError: '\x99\x90\x90\xdf\x9d\x9e\x8d' != 'foo bar'
]]>		</failure>
		<system-out>
<![CDATA[]]>		</system-out>
		<system-err>
<![CDATA[]]>		</system-err>
	</testcase>
</testsuite>
