<?xml version="1.0" encoding="UTF-8"?>
<testsuite errors="1" failures="0" file="test_imports_circular_a.py" name="test_imports_circular_a.TestImportsCircularA-20230627085618" skipped="0" tests="1" time="0.001" timestamp="2023-06-27T08:56:18">
	<testcase classname="test_imports_circular_a.TestImportsCircularA" file="spec/construct/test_imports_circular_a.py" line="8" name="test_imports_circular_a" time="0.001" timestamp="2023-06-27T08:56:18">
		<error message="name 'imports_circular_b' is not defined" type="NameError">
<![CDATA[Traceback (most recent call last):
  File "/home/travis/build/kaitai-io/ci_targets/tests/spec/construct/test_imports_circular_a.py", line 9, in test_imports_circular_a
    r = _schema.parse_file('src/fixed_struct.bin')
  File "/home/travis/virtualenv/python3.4.8/lib/python3.4/site-packages/construct/core.py", line 309, in parse_file
    return self.parse_stream(f, **contextkw)
  File "/home/travis/virtualenv/python3.4.8/lib/python3.4/site-packages/construct/core.py", line 300, in parse_stream
    return self._parsereport(stream, context, "(parsing)")
  File "/home/travis/virtualenv/python3.4.8/lib/python3.4/site-packages/construct/core.py", line 312, in _parsereport
    obj = self._parse(stream, context, path)
  File "/home/travis/virtualenv/python3.4.8/lib/python3.4/site-packages/construct/core.py", line 1982, in _parse
    subobj = sc._parsereport(stream, context, path)
  File "/home/travis/virtualenv/python3.4.8/lib/python3.4/site-packages/construct/core.py", line 312, in _parsereport
    obj = self._parse(stream, context, path)
  File "/home/travis/virtualenv/python3.4.8/lib/python3.4/site-packages/construct/core.py", line 2440, in _parse
    return self.subcon._parsereport(stream, context, path)
  File "/home/travis/virtualenv/python3.4.8/lib/python3.4/site-packages/construct/core.py", line 312, in _parsereport
    obj = self._parse(stream, context, path)
  File "/home/travis/virtualenv/python3.4.8/lib/python3.4/site-packages/construct/core.py", line 5534, in _parse
    sc = self.subconfunc()
  File "/home/travis/build/kaitai-io/ci_targets/tests/compiled/construct/imports_circular_a.py", line 6, in <lambda>
    'two' / LazyBound(lambda: imports_circular_b),
NameError: name 'imports_circular_b' is not defined
]]>		</error>
		<system-out>
<![CDATA[]]>		</system-out>
		<system-err>
<![CDATA[]]>		</system-err>
	</testcase>
</testsuite>
