<?xml version="1.0" encoding="UTF-8" ?>
<testsuites>
    <testsuite name="LuaUnit" id="00001" package="" hostname="localhost" tests="166" timestamp="2020-03-16T17:18:16" time="1.368" errors="0" failures="166">
        <properties>
            <property name="Lua Version" value="Lua 5.3"/>
            <property name="LuaUnit Version" value="3.3"/>
        </properties>
        <testcase classname="TestBcdUserTypeBe" name="TestBcdUserTypeBe.test_bcd_user_type_be" time="0.007">
            <failure type="spec/lua/run_test_suite.lua:17: spec/lua/test_bcd_user_type_be.lua:5: module &apos;bcd_user_type_be&apos; not found:
	no field package.preload[&apos;bcd_user_type_be&apos;]
	no file &apos;../runtime/lua/bcd_user_type_be.lua&apos;
	no file &apos;spec/lua/bcd_user_type_be.lua&apos;
	no file &apos;spec/lua/extra/bcd_user_type_be.lua&apos;
	no file &apos;compiled/lua/bcd_user_type_be.lua&apos;
	no file &apos;/home/travis/build/kaitai-io/ci_targets/lua_install/share/lua/5.3/bcd_user_type_be.lua&apos;
	no file &apos;/home/travis/build/kaitai-io/ci_targets/lua_install/share/lua/5.3/bcd_user_type_be/init.lua&apos;
	no file &apos;./bcd_user_type_be.lua&apos;
	no file &apos;./bcd_user_type_be/init.lua&apos;
	no file &apos;/home/travis/build/kaitai-io/ci_targets/lua_install/lib/lua/5.3/bcd_user_type_be.so&apos;
	no file &apos;/home/travis/build/kaitai-io/ci_targets/lua_install/lib/lua/5.3/loadall.so&apos;
	no file &apos;./bcd_user_type_be.so&apos;">
                <![CDATA[stack traceback:
	spec/lua/run_test_suite.lua:17: in upvalue 'TestBcdUserTypeBe.test_bcd_user_type_be']]></failure>
        </testcase>
        <testcase classname="TestBcdUserTypeLe" name="TestBcdUserTypeLe.test_bcd_user_type_le" time="0.008">
            <failure type="spec/lua/run_test_suite.lua:17: spec/lua/test_bcd_user_type_le.lua:5: module &apos;bcd_user_type_le&apos; not found:
	no field package.preload[&apos;bcd_user_type_le&apos;]
	no file &apos;../runtime/lua/bcd_user_type_le.lua&apos;
	no file &apos;spec/lua/bcd_user_type_le.lua&apos;
	no file &apos;spec/lua/extra/bcd_user_type_le.lua&apos;
	no file &apos;compiled/lua/bcd_user_type_le.lua&apos;
	no file &apos;/home/travis/build/kaitai-io/ci_targets/lua_install/share/lua/5.3/bcd_user_type_le.lua&apos;
	no file &apos;/home/travis/build/kaitai-io/ci_targets/lua_install/share/lua/5.3/bcd_user_type_le/init.lua&apos;
	no file &apos;./bcd_user_type_le.lua&apos;
	no file &apos;./bcd_user_type_le/init.lua&apos;
	no file &apos;/home/travis/build/kaitai-io/ci_targets/lua_install/lib/lua/5.3/bcd_user_type_le.so&apos;
	no file &apos;/home/travis/build/kaitai-io/ci_targets/lua_install/lib/lua/5.3/loadall.so&apos;
	no file &apos;./bcd_user_type_le.so&apos;">
                <![CDATA[stack traceback:
	spec/lua/run_test_suite.lua:17: in upvalue 'TestBcdUserTypeLe.test_bcd_user_type_le']]></failure>
        </testcase>
        <testcase classname="TestBitsByteAligned" name="TestBitsByteAligned.test_bits_byte_aligned" time="0.008">
            <failure type="spec/lua/run_test_suite.lua:17: spec/lua/test_bits_byte_aligned.lua:5: module &apos;bits_byte_aligned&apos; not found:
	no field package.preload[&apos;bits_byte_aligned&apos;]
	no file &apos;../runtime/lua/bits_byte_aligned.lua&apos;
	no file &apos;spec/lua/bits_byte_aligned.lua&apos;
	no file &apos;spec/lua/extra/bits_byte_aligned.lua&apos;
	no file &apos;compiled/lua/bits_byte_aligned.lua&apos;
	no file &apos;/home/travis/build/kaitai-io/ci_targets/lua_install/share/lua/5.3/bits_byte_aligned.lua&apos;
	no file &apos;/home/travis/build/kaitai-io/ci_targets/lua_install/share/lua/5.3/bits_byte_aligned/init.lua&apos;
	no file &apos;./bits_byte_aligned.lua&apos;
	no file &apos;./bits_byte_aligned/init.lua&apos;
	no file &apos;/home/travis/build/kaitai-io/ci_targets/lua_install/lib/lua/5.3/bits_byte_aligned.so&apos;
	no file &apos;/home/travis/build/kaitai-io/ci_targets/lua_install/lib/lua/5.3/loadall.so&apos;
	no file &apos;./bits_byte_aligned.so&apos;">
                <![CDATA[stack traceback:
	spec/lua/run_test_suite.lua:17: in upvalue 'TestBitsByteAligned.test_bits_byte_aligned']]></failure>
        </testcase>
        <testcase classname="TestBitsEnum" name="TestBitsEnum.test_bits_enum" time="0.007">
            <failure type="spec/lua/run_test_suite.lua:17: spec/lua/test_bits_enum.lua:5: module &apos;bits_enum&apos; not found:
	no field package.preload[&apos;bits_enum&apos;]
	no file &apos;../runtime/lua/bits_enum.lua&apos;
	no file &apos;spec/lua/bits_enum.lua&apos;
	no file &apos;spec/lua/extra/bits_enum.lua&apos;
	no file &apos;compiled/lua/bits_enum.lua&apos;
	no file &apos;/home/travis/build/kaitai-io/ci_targets/lua_install/share/lua/5.3/bits_enum.lua&apos;
	no file &apos;/home/travis/build/kaitai-io/ci_targets/lua_install/share/lua/5.3/bits_enum/init.lua&apos;
	no file &apos;./bits_enum.lua&apos;
	no file &apos;./bits_enum/init.lua&apos;
	no file &apos;/home/travis/build/kaitai-io/ci_targets/lua_install/lib/lua/5.3/bits_enum.so&apos;
	no file &apos;/home/travis/build/kaitai-io/ci_targets/lua_install/lib/lua/5.3/loadall.so&apos;
	no file &apos;./bits_enum.so&apos;">
                <![CDATA[stack traceback:
	spec/lua/run_test_suite.lua:17: in upvalue 'TestBitsEnum.test_bits_enum']]></failure>
        </testcase>
        <testcase classname="TestBitsSimple" name="TestBitsSimple.test_bits_simple" time="0.007">
            <failure type="spec/lua/run_test_suite.lua:17: spec/lua/test_bits_simple.lua:5: module &apos;bits_simple&apos; not found:
	no field package.preload[&apos;bits_simple&apos;]
	no file &apos;../runtime/lua/bits_simple.lua&apos;
	no file &apos;spec/lua/bits_simple.lua&apos;
	no file &apos;spec/lua/extra/bits_simple.lua&apos;
	no file &apos;compiled/lua/bits_simple.lua&apos;
	no file &apos;/home/travis/build/kaitai-io/ci_targets/lua_install/share/lua/5.3/bits_simple.lua&apos;
	no file &apos;/home/travis/build/kaitai-io/ci_targets/lua_install/share/lua/5.3/bits_simple/init.lua&apos;
	no file &apos;./bits_simple.lua&apos;
	no file &apos;./bits_simple/init.lua&apos;
	no file &apos;/home/travis/build/kaitai-io/ci_targets/lua_install/lib/lua/5.3/bits_simple.so&apos;
	no file &apos;/home/travis/build/kaitai-io/ci_targets/lua_install/lib/lua/5.3/loadall.so&apos;
	no file &apos;./bits_simple.so&apos;">
                <![CDATA[stack traceback:
	spec/lua/run_test_suite.lua:17: in upvalue 'TestBitsSimple.test_bits_simple']]></failure>
        </testcase>
        <testcase classname="TestBufferedStruct" name="TestBufferedStruct.test_buffered_struct" time="0.008">
            <failure type="spec/lua/run_test_suite.lua:17: spec/lua/test_buffered_struct.lua:5: module &apos;buffered_struct&apos; not found:
	no field package.preload[&apos;buffered_struct&apos;]
	no file &apos;../runtime/lua/buffered_struct.lua&apos;
	no file &apos;spec/lua/buffered_struct.lua&apos;
	no file &apos;spec/lua/extra/buffered_struct.lua&apos;
	no file &apos;compiled/lua/buffered_struct.lua&apos;
	no file &apos;/home/travis/build/kaitai-io/ci_targets/lua_install/share/lua/5.3/buffered_struct.lua&apos;
	no file &apos;/home/travis/build/kaitai-io/ci_targets/lua_install/share/lua/5.3/buffered_struct/init.lua&apos;
	no file &apos;./buffered_struct.lua&apos;
	no file &apos;./buffered_struct/init.lua&apos;
	no file &apos;/home/travis/build/kaitai-io/ci_targets/lua_install/lib/lua/5.3/buffered_struct.so&apos;
	no file &apos;/home/travis/build/kaitai-io/ci_targets/lua_install/lib/lua/5.3/loadall.so&apos;
	no file &apos;./buffered_struct.so&apos;">
                <![CDATA[stack traceback:
	spec/lua/run_test_suite.lua:17: in upvalue 'TestBufferedStruct.test_buffered_struct']]></failure>
        </testcase>
        <testcase classname="TestBytesPadTerm" name="TestBytesPadTerm.test_bytes_pad_term" time="0.008">
            <failure type="spec/lua/run_test_suite.lua:17: spec/lua/test_bytes_pad_term.lua:5: module &apos;bytes_pad_term&apos; not found:
	no field package.preload[&apos;bytes_pad_term&apos;]
	no file &apos;../runtime/lua/bytes_pad_term.lua&apos;
	no file &apos;spec/lua/bytes_pad_term.lua&apos;
	no file &apos;spec/lua/extra/bytes_pad_term.lua&apos;
	no file &apos;compiled/lua/bytes_pad_term.lua&apos;
	no file &apos;/home/travis/build/kaitai-io/ci_targets/lua_install/share/lua/5.3/bytes_pad_term.lua&apos;
	no file &apos;/home/travis/build/kaitai-io/ci_targets/lua_install/share/lua/5.3/bytes_pad_term/init.lua&apos;
	no file &apos;./bytes_pad_term.lua&apos;
	no file &apos;./bytes_pad_term/init.lua&apos;
	no file &apos;/home/travis/build/kaitai-io/ci_targets/lua_install/lib/lua/5.3/bytes_pad_term.so&apos;
	no file &apos;/home/travis/build/kaitai-io/ci_targets/lua_install/lib/lua/5.3/loadall.so&apos;
	no file &apos;./bytes_pad_term.so&apos;">
                <![CDATA[stack traceback:
	spec/lua/run_test_suite.lua:17: in upvalue 'TestBytesPadTerm.test_bytes_pad_term']]></failure>
        </testcase>
        <testcase classname="TestCastNested" name="TestCastNested.test_cast_nested" time="0.007">
            <failure type="spec/lua/run_test_suite.lua:17: spec/lua/test_cast_nested.lua:5: module &apos;cast_nested&apos; not found:
	no field package.preload[&apos;cast_nested&apos;]
	no file &apos;../runtime/lua/cast_nested.lua&apos;
	no file &apos;spec/lua/cast_nested.lua&apos;
	no file &apos;spec/lua/extra/cast_nested.lua&apos;
	no file &apos;compiled/lua/cast_nested.lua&apos;
	no file &apos;/home/travis/build/kaitai-io/ci_targets/lua_install/share/lua/5.3/cast_nested.lua&apos;
	no file &apos;/home/travis/build/kaitai-io/ci_targets/lua_install/share/lua/5.3/cast_nested/init.lua&apos;
	no file &apos;./cast_nested.lua&apos;
	no file &apos;./cast_nested/init.lua&apos;
	no file &apos;/home/travis/build/kaitai-io/ci_targets/lua_install/lib/lua/5.3/cast_nested.so&apos;
	no file &apos;/home/travis/build/kaitai-io/ci_targets/lua_install/lib/lua/5.3/loadall.so&apos;
	no file &apos;./cast_nested.so&apos;">
                <![CDATA[stack traceback:
	spec/lua/run_test_suite.lua:17: in upvalue 'TestCastNested.test_cast_nested']]></failure>
        </testcase>
        <testcase classname="TestCastToImported" name="TestCastToImported.test_cast_to_imported" time="0.009">
            <failure type="spec/lua/run_test_suite.lua:17: spec/lua/test_cast_to_imported.lua:5: module &apos;cast_to_imported&apos; not found:
	no field package.preload[&apos;cast_to_imported&apos;]
	no file &apos;../runtime/lua/cast_to_imported.lua&apos;
	no file &apos;spec/lua/cast_to_imported.lua&apos;
	no file &apos;spec/lua/extra/cast_to_imported.lua&apos;
	no file &apos;compiled/lua/cast_to_imported.lua&apos;
	no file &apos;/home/travis/build/kaitai-io/ci_targets/lua_install/share/lua/5.3/cast_to_imported.lua&apos;
	no file &apos;/home/travis/build/kaitai-io/ci_targets/lua_install/share/lua/5.3/cast_to_imported/init.lua&apos;
	no file &apos;./cast_to_imported.lua&apos;
	no file &apos;./cast_to_imported/init.lua&apos;
	no file &apos;/home/travis/build/kaitai-io/ci_targets/lua_install/lib/lua/5.3/cast_to_imported.so&apos;
	no file &apos;/home/travis/build/kaitai-io/ci_targets/lua_install/lib/lua/5.3/loadall.so&apos;
	no file &apos;./cast_to_imported.so&apos;">
                <![CDATA[stack traceback:
	spec/lua/run_test_suite.lua:17: in upvalue 'TestCastToImported.test_cast_to_imported']]></failure>
        </testcase>
        <testcase classname="TestCastToTop" name="TestCastToTop.test_cast_to_top" time="0.006">
            <failure type="spec/lua/run_test_suite.lua:17: spec/lua/test_cast_to_top.lua:5: module &apos;cast_to_top&apos; not found:
	no field package.preload[&apos;cast_to_top&apos;]
	no file &apos;../runtime/lua/cast_to_top.lua&apos;
	no file &apos;spec/lua/cast_to_top.lua&apos;
	no file &apos;spec/lua/extra/cast_to_top.lua&apos;
	no file &apos;compiled/lua/cast_to_top.lua&apos;
	no file &apos;/home/travis/build/kaitai-io/ci_targets/lua_install/share/lua/5.3/cast_to_top.lua&apos;
	no file &apos;/home/travis/build/kaitai-io/ci_targets/lua_install/share/lua/5.3/cast_to_top/init.lua&apos;
	no file &apos;./cast_to_top.lua&apos;
	no file &apos;./cast_to_top/init.lua&apos;
	no file &apos;/home/travis/build/kaitai-io/ci_targets/lua_install/lib/lua/5.3/cast_to_top.so&apos;
	no file &apos;/home/travis/build/kaitai-io/ci_targets/lua_install/lib/lua/5.3/loadall.so&apos;
	no file &apos;./cast_to_top.so&apos;">
                <![CDATA[stack traceback:
	spec/lua/run_test_suite.lua:17: in upvalue 'TestCastToTop.test_cast_to_top']]></failure>
        </testcase>
        <testcase classname="TestDebugEnumName" name="TestDebugEnumName.test_debug_enum_name" time="0.007">
            <failure type="spec/lua/run_test_suite.lua:17: spec/lua/test_debug_enum_name.lua:3: module &apos;debug_enum_name&apos; not found:
	no field package.preload[&apos;debug_enum_name&apos;]
	no file &apos;../runtime/lua/debug_enum_name.lua&apos;
	no file &apos;spec/lua/debug_enum_name.lua&apos;
	no file &apos;spec/lua/extra/debug_enum_name.lua&apos;
	no file &apos;compiled/lua/debug_enum_name.lua&apos;
	no file &apos;/home/travis/build/kaitai-io/ci_targets/lua_install/share/lua/5.3/debug_enum_name.lua&apos;
	no file &apos;/home/travis/build/kaitai-io/ci_targets/lua_install/share/lua/5.3/debug_enum_name/init.lua&apos;
	no file &apos;./debug_enum_name.lua&apos;
	no file &apos;./debug_enum_name/init.lua&apos;
	no file &apos;/home/travis/build/kaitai-io/ci_targets/lua_install/lib/lua/5.3/debug_enum_name.so&apos;
	no file &apos;/home/travis/build/kaitai-io/ci_targets/lua_install/lib/lua/5.3/loadall.so&apos;
	no file &apos;./debug_enum_name.so&apos;">
                <![CDATA[stack traceback:
	spec/lua/run_test_suite.lua:17: in upvalue 'TestDebugEnumName.test_debug_enum_name']]></failure>
        </testcase>
        <testcase classname="TestDebugSwitchUser" name="TestDebugSwitchUser.test_debug_switch_user" time="0.008">
            <failure type="spec/lua/run_test_suite.lua:17: spec/lua/test_debug_switch_user.lua:5: module &apos;debug_switch_user&apos; not found:
	no field package.preload[&apos;debug_switch_user&apos;]
	no file &apos;../runtime/lua/debug_switch_user.lua&apos;
	no file &apos;spec/lua/debug_switch_user.lua&apos;
	no file &apos;spec/lua/extra/debug_switch_user.lua&apos;
	no file &apos;compiled/lua/debug_switch_user.lua&apos;
	no file &apos;/home/travis/build/kaitai-io/ci_targets/lua_install/share/lua/5.3/debug_switch_user.lua&apos;
	no file &apos;/home/travis/build/kaitai-io/ci_targets/lua_install/share/lua/5.3/debug_switch_user/init.lua&apos;
	no file &apos;./debug_switch_user.lua&apos;
	no file &apos;./debug_switch_user/init.lua&apos;
	no file &apos;/home/travis/build/kaitai-io/ci_targets/lua_install/lib/lua/5.3/debug_switch_user.so&apos;
	no file &apos;/home/travis/build/kaitai-io/ci_targets/lua_install/lib/lua/5.3/loadall.so&apos;
	no file &apos;./debug_switch_user.so&apos;">
                <![CDATA[stack traceback:
	spec/lua/run_test_suite.lua:17: in upvalue 'TestDebugSwitchUser.test_debug_switch_user']]></failure>
        </testcase>
        <testcase classname="TestDebug_0" name="TestDebug_0.test_debug_0" time="0.006">
            <failure type="spec/lua/run_test_suite.lua:17: spec/lua/test_debug_0.lua:3: module &apos;debug_0&apos; not found:
	no field package.preload[&apos;debug_0&apos;]
	no file &apos;../runtime/lua/debug_0.lua&apos;
	no file &apos;spec/lua/debug_0.lua&apos;
	no file &apos;spec/lua/extra/debug_0.lua&apos;
	no file &apos;compiled/lua/debug_0.lua&apos;
	no file &apos;/home/travis/build/kaitai-io/ci_targets/lua_install/share/lua/5.3/debug_0.lua&apos;
	no file &apos;/home/travis/build/kaitai-io/ci_targets/lua_install/share/lua/5.3/debug_0/init.lua&apos;
	no file &apos;./debug_0.lua&apos;
	no file &apos;./debug_0/init.lua&apos;
	no file &apos;/home/travis/build/kaitai-io/ci_targets/lua_install/lib/lua/5.3/debug_0.so&apos;
	no file &apos;/home/travis/build/kaitai-io/ci_targets/lua_install/lib/lua/5.3/loadall.so&apos;
	no file &apos;./debug_0.so&apos;">
                <![CDATA[stack traceback:
	spec/lua/run_test_suite.lua:17: in upvalue 'TestDebug_0.test_debug_0']]></failure>
        </testcase>
        <testcase classname="TestDefaultBigEndian" name="TestDefaultBigEndian.test_default_big_endian" time="0.008">
            <failure type="spec/lua/run_test_suite.lua:17: spec/lua/test_default_big_endian.lua:5: module &apos;default_big_endian&apos; not found:
	no field package.preload[&apos;default_big_endian&apos;]
	no file &apos;../runtime/lua/default_big_endian.lua&apos;
	no file &apos;spec/lua/default_big_endian.lua&apos;
	no file &apos;spec/lua/extra/default_big_endian.lua&apos;
	no file &apos;compiled/lua/default_big_endian.lua&apos;
	no file &apos;/home/travis/build/kaitai-io/ci_targets/lua_install/share/lua/5.3/default_big_endian.lua&apos;
	no file &apos;/home/travis/build/kaitai-io/ci_targets/lua_install/share/lua/5.3/default_big_endian/init.lua&apos;
	no file &apos;./default_big_endian.lua&apos;
	no file &apos;./default_big_endian/init.lua&apos;
	no file &apos;/home/travis/build/kaitai-io/ci_targets/lua_install/lib/lua/5.3/default_big_endian.so&apos;
	no file &apos;/home/travis/build/kaitai-io/ci_targets/lua_install/lib/lua/5.3/loadall.so&apos;
	no file &apos;./default_big_endian.so&apos;">
                <![CDATA[stack traceback:
	spec/lua/run_test_suite.lua:17: in upvalue 'TestDefaultBigEndian.test_default_big_endian']]></failure>
        </testcase>
        <testcase classname="TestDefaultEndianExprException" name="TestDefaultEndianExprException.test_default_endian_expr_exception" time="0.012">
            <failure type="spec/lua/run_test_suite.lua:17: spec/lua/test_default_endian_expr_exception.lua:3: module &apos;default_endian_expr_exception&apos; not found:
	no field package.preload[&apos;default_endian_expr_exception&apos;]
	no file &apos;../runtime/lua/default_endian_expr_exception.lua&apos;
	no file &apos;spec/lua/default_endian_expr_exception.lua&apos;
	no file &apos;spec/lua/extra/default_endian_expr_exception.lua&apos;
	no file &apos;compiled/lua/default_endian_expr_exception.lua&apos;
	no file &apos;/home/travis/build/kaitai-io/ci_targets/lua_install/share/lua/5.3/default_endian_expr_exception.lua&apos;
	no file &apos;/home/travis/build/kaitai-io/ci_targets/lua_install/share/lua/5.3/default_endian_expr_exception/init.lua&apos;
	no file &apos;./default_endian_expr_exception.lua&apos;
	no file &apos;./default_endian_expr_exception/init.lua&apos;
	no file &apos;/home/travis/build/kaitai-io/ci_targets/lua_install/lib/lua/5.3/default_endian_expr_exception.so&apos;
	no file &apos;/home/travis/build/kaitai-io/ci_targets/lua_install/lib/lua/5.3/loadall.so&apos;
	no file &apos;./default_endian_expr_exception.so&apos;">
                <![CDATA[stack traceback:
	spec/lua/run_test_suite.lua:17: in upvalue 'TestDefaultEndianExprException.test_default_endian_expr_exception']]></failure>
        </testcase>
        <testcase classname="TestDefaultEndianExprInherited" name="TestDefaultEndianExprInherited.test_default_endian_expr_inherited" time="0.011">
            <failure type="spec/lua/run_test_suite.lua:17: spec/lua/test_default_endian_expr_inherited.lua:5: module &apos;default_endian_expr_inherited&apos; not found:
	no field package.preload[&apos;default_endian_expr_inherited&apos;]
	no file &apos;../runtime/lua/default_endian_expr_inherited.lua&apos;
	no file &apos;spec/lua/default_endian_expr_inherited.lua&apos;
	no file &apos;spec/lua/extra/default_endian_expr_inherited.lua&apos;
	no file &apos;compiled/lua/default_endian_expr_inherited.lua&apos;
	no file &apos;/home/travis/build/kaitai-io/ci_targets/lua_install/share/lua/5.3/default_endian_expr_inherited.lua&apos;
	no file &apos;/home/travis/build/kaitai-io/ci_targets/lua_install/share/lua/5.3/default_endian_expr_inherited/init.lua&apos;
	no file &apos;./default_endian_expr_inherited.lua&apos;
	no file &apos;./default_endian_expr_inherited/init.lua&apos;
	no file &apos;/home/travis/build/kaitai-io/ci_targets/lua_install/lib/lua/5.3/default_endian_expr_inherited.so&apos;
	no file &apos;/home/travis/build/kaitai-io/ci_targets/lua_install/lib/lua/5.3/loadall.so&apos;
	no file &apos;./default_endian_expr_inherited.so&apos;">
                <![CDATA[stack traceback:
	spec/lua/run_test_suite.lua:17: in upvalue 'TestDefaultEndianExprInherited.test_default_endian_expr_inherited']]></failure>
        </testcase>
        <testcase classname="TestDefaultEndianExprIsBe" name="TestDefaultEndianExprIsBe.test_default_endian_expr_is_be" time="0.010">
            <failure type="spec/lua/run_test_suite.lua:17: spec/lua/test_default_endian_expr_is_be.lua:5: module &apos;default_endian_expr_is_be&apos; not found:
	no field package.preload[&apos;default_endian_expr_is_be&apos;]
	no file &apos;../runtime/lua/default_endian_expr_is_be.lua&apos;
	no file &apos;spec/lua/default_endian_expr_is_be.lua&apos;
	no file &apos;spec/lua/extra/default_endian_expr_is_be.lua&apos;
	no file &apos;compiled/lua/default_endian_expr_is_be.lua&apos;
	no file &apos;/home/travis/build/kaitai-io/ci_targets/lua_install/share/lua/5.3/default_endian_expr_is_be.lua&apos;
	no file &apos;/home/travis/build/kaitai-io/ci_targets/lua_install/share/lua/5.3/default_endian_expr_is_be/init.lua&apos;
	no file &apos;./default_endian_expr_is_be.lua&apos;
	no file &apos;./default_endian_expr_is_be/init.lua&apos;
	no file &apos;/home/travis/build/kaitai-io/ci_targets/lua_install/lib/lua/5.3/default_endian_expr_is_be.so&apos;
	no file &apos;/home/travis/build/kaitai-io/ci_targets/lua_install/lib/lua/5.3/loadall.so&apos;
	no file &apos;./default_endian_expr_is_be.so&apos;">
                <![CDATA[stack traceback:
	spec/lua/run_test_suite.lua:17: in upvalue 'TestDefaultEndianExprIsBe.test_default_endian_expr_is_be']]></failure>
        </testcase>
        <testcase classname="TestDefaultEndianExprIsLe" name="TestDefaultEndianExprIsLe.test_default_endian_expr_is_le" time="0.011">
            <failure type="spec/lua/run_test_suite.lua:17: spec/lua/test_default_endian_expr_is_le.lua:5: module &apos;default_endian_expr_is_le&apos; not found:
	no field package.preload[&apos;default_endian_expr_is_le&apos;]
	no file &apos;../runtime/lua/default_endian_expr_is_le.lua&apos;
	no file &apos;spec/lua/default_endian_expr_is_le.lua&apos;
	no file &apos;spec/lua/extra/default_endian_expr_is_le.lua&apos;
	no file &apos;compiled/lua/default_endian_expr_is_le.lua&apos;
	no file &apos;/home/travis/build/kaitai-io/ci_targets/lua_install/share/lua/5.3/default_endian_expr_is_le.lua&apos;
	no file &apos;/home/travis/build/kaitai-io/ci_targets/lua_install/share/lua/5.3/default_endian_expr_is_le/init.lua&apos;
	no file &apos;./default_endian_expr_is_le.lua&apos;
	no file &apos;./default_endian_expr_is_le/init.lua&apos;
	no file &apos;/home/travis/build/kaitai-io/ci_targets/lua_install/lib/lua/5.3/default_endian_expr_is_le.so&apos;
	no file &apos;/home/travis/build/kaitai-io/ci_targets/lua_install/lib/lua/5.3/loadall.so&apos;
	no file &apos;./default_endian_expr_is_le.so&apos;">
                <![CDATA[stack traceback:
	spec/lua/run_test_suite.lua:17: in upvalue 'TestDefaultEndianExprIsLe.test_default_endian_expr_is_le']]></failure>
        </testcase>
        <testcase classname="TestDefaultEndianMod" name="TestDefaultEndianMod.test_default_endian_mod" time="0.008">
            <failure type="spec/lua/run_test_suite.lua:17: spec/lua/test_default_endian_mod.lua:5: module &apos;default_endian_mod&apos; not found:
	no field package.preload[&apos;default_endian_mod&apos;]
	no file &apos;../runtime/lua/default_endian_mod.lua&apos;
	no file &apos;spec/lua/default_endian_mod.lua&apos;
	no file &apos;spec/lua/extra/default_endian_mod.lua&apos;
	no file &apos;compiled/lua/default_endian_mod.lua&apos;
	no file &apos;/home/travis/build/kaitai-io/ci_targets/lua_install/share/lua/5.3/default_endian_mod.lua&apos;
	no file &apos;/home/travis/build/kaitai-io/ci_targets/lua_install/share/lua/5.3/default_endian_mod/init.lua&apos;
	no file &apos;./default_endian_mod.lua&apos;
	no file &apos;./default_endian_mod/init.lua&apos;
	no file &apos;/home/travis/build/kaitai-io/ci_targets/lua_install/lib/lua/5.3/default_endian_mod.so&apos;
	no file &apos;/home/travis/build/kaitai-io/ci_targets/lua_install/lib/lua/5.3/loadall.so&apos;
	no file &apos;./default_endian_mod.so&apos;">
                <![CDATA[stack traceback:
	spec/lua/run_test_suite.lua:17: in upvalue 'TestDefaultEndianMod.test_default_endian_mod']]></failure>
        </testcase>
        <testcase classname="TestDocstrings" name="TestDocstrings.test_docstrings" time="0.006">
            <failure type="spec/lua/run_test_suite.lua:17: spec/lua/test_docstrings.lua:5: module &apos;docstrings&apos; not found:
	no field package.preload[&apos;docstrings&apos;]
	no file &apos;../runtime/lua/docstrings.lua&apos;
	no file &apos;spec/lua/docstrings.lua&apos;
	no file &apos;spec/lua/extra/docstrings.lua&apos;
	no file &apos;compiled/lua/docstrings.lua&apos;
	no file &apos;/home/travis/build/kaitai-io/ci_targets/lua_install/share/lua/5.3/docstrings.lua&apos;
	no file &apos;/home/travis/build/kaitai-io/ci_targets/lua_install/share/lua/5.3/docstrings/init.lua&apos;
	no file &apos;./docstrings.lua&apos;
	no file &apos;./docstrings/init.lua&apos;
	no file &apos;/home/travis/build/kaitai-io/ci_targets/lua_install/lib/lua/5.3/docstrings.so&apos;
	no file &apos;/home/travis/build/kaitai-io/ci_targets/lua_install/lib/lua/5.3/loadall.so&apos;
	no file &apos;./docstrings.so&apos;">
                <![CDATA[stack traceback:
	spec/lua/run_test_suite.lua:17: in upvalue 'TestDocstrings.test_docstrings']]></failure>
        </testcase>
        <testcase classname="TestDocstringsDocref" name="TestDocstringsDocref.test_docstrings_docref" time="0.008">
            <failure type="spec/lua/run_test_suite.lua:17: spec/lua/test_docstrings_docref.lua:5: module &apos;docstrings_docref&apos; not found:
	no field package.preload[&apos;docstrings_docref&apos;]
	no file &apos;../runtime/lua/docstrings_docref.lua&apos;
	no file &apos;spec/lua/docstrings_docref.lua&apos;
	no file &apos;spec/lua/extra/docstrings_docref.lua&apos;
	no file &apos;compiled/lua/docstrings_docref.lua&apos;
	no file &apos;/home/travis/build/kaitai-io/ci_targets/lua_install/share/lua/5.3/docstrings_docref.lua&apos;
	no file &apos;/home/travis/build/kaitai-io/ci_targets/lua_install/share/lua/5.3/docstrings_docref/init.lua&apos;
	no file &apos;./docstrings_docref.lua&apos;
	no file &apos;./docstrings_docref/init.lua&apos;
	no file &apos;/home/travis/build/kaitai-io/ci_targets/lua_install/lib/lua/5.3/docstrings_docref.so&apos;
	no file &apos;/home/travis/build/kaitai-io/ci_targets/lua_install/lib/lua/5.3/loadall.so&apos;
	no file &apos;./docstrings_docref.so&apos;">
                <![CDATA[stack traceback:
	spec/lua/run_test_suite.lua:17: in upvalue 'TestDocstringsDocref.test_docstrings_docref']]></failure>
        </testcase>
        <testcase classname="TestDocstringsDocrefMulti" name="TestDocstringsDocrefMulti.test_docstrings_docref_multi" time="0.010">
            <failure type="spec/lua/run_test_suite.lua:17: spec/lua/test_docstrings_docref_multi.lua:5: module &apos;docstrings_docref_multi&apos; not found:
	no field package.preload[&apos;docstrings_docref_multi&apos;]
	no file &apos;../runtime/lua/docstrings_docref_multi.lua&apos;
	no file &apos;spec/lua/docstrings_docref_multi.lua&apos;
	no file &apos;spec/lua/extra/docstrings_docref_multi.lua&apos;
	no file &apos;compiled/lua/docstrings_docref_multi.lua&apos;
	no file &apos;/home/travis/build/kaitai-io/ci_targets/lua_install/share/lua/5.3/docstrings_docref_multi.lua&apos;
	no file &apos;/home/travis/build/kaitai-io/ci_targets/lua_install/share/lua/5.3/docstrings_docref_multi/init.lua&apos;
	no file &apos;./docstrings_docref_multi.lua&apos;
	no file &apos;./docstrings_docref_multi/init.lua&apos;
	no file &apos;/home/travis/build/kaitai-io/ci_targets/lua_install/lib/lua/5.3/docstrings_docref_multi.so&apos;
	no file &apos;/home/travis/build/kaitai-io/ci_targets/lua_install/lib/lua/5.3/loadall.so&apos;
	no file &apos;./docstrings_docref_multi.so&apos;">
                <![CDATA[stack traceback:
	spec/lua/run_test_suite.lua:17: in upvalue 'TestDocstringsDocrefMulti.test_docstrings_docref_multi']]></failure>
        </testcase>
        <testcase classname="TestEnumDeep" name="TestEnumDeep.test_enum_deep" time="0.006">
            <failure type="spec/lua/run_test_suite.lua:17: spec/lua/test_enum_deep.lua:5: module &apos;enum_deep&apos; not found:
	no field package.preload[&apos;enum_deep&apos;]
	no file &apos;../runtime/lua/enum_deep.lua&apos;
	no file &apos;spec/lua/enum_deep.lua&apos;
	no file &apos;spec/lua/extra/enum_deep.lua&apos;
	no file &apos;compiled/lua/enum_deep.lua&apos;
	no file &apos;/home/travis/build/kaitai-io/ci_targets/lua_install/share/lua/5.3/enum_deep.lua&apos;
	no file &apos;/home/travis/build/kaitai-io/ci_targets/lua_install/share/lua/5.3/enum_deep/init.lua&apos;
	no file &apos;./enum_deep.lua&apos;
	no file &apos;./enum_deep/init.lua&apos;
	no file &apos;/home/travis/build/kaitai-io/ci_targets/lua_install/lib/lua/5.3/enum_deep.so&apos;
	no file &apos;/home/travis/build/kaitai-io/ci_targets/lua_install/lib/lua/5.3/loadall.so&apos;
	no file &apos;./enum_deep.so&apos;">
                <![CDATA[stack traceback:
	spec/lua/run_test_suite.lua:17: in upvalue 'TestEnumDeep.test_enum_deep']]></failure>
        </testcase>
        <testcase classname="TestEnumDeepLiterals" name="TestEnumDeepLiterals.test_enum_deep_literals" time="0.008">
            <failure type="spec/lua/run_test_suite.lua:17: spec/lua/test_enum_deep_literals.lua:5: module &apos;enum_deep_literals&apos; not found:
	no field package.preload[&apos;enum_deep_literals&apos;]
	no file &apos;../runtime/lua/enum_deep_literals.lua&apos;
	no file &apos;spec/lua/enum_deep_literals.lua&apos;
	no file &apos;spec/lua/extra/enum_deep_literals.lua&apos;
	no file &apos;compiled/lua/enum_deep_literals.lua&apos;
	no file &apos;/home/travis/build/kaitai-io/ci_targets/lua_install/share/lua/5.3/enum_deep_literals.lua&apos;
	no file &apos;/home/travis/build/kaitai-io/ci_targets/lua_install/share/lua/5.3/enum_deep_literals/init.lua&apos;
	no file &apos;./enum_deep_literals.lua&apos;
	no file &apos;./enum_deep_literals/init.lua&apos;
	no file &apos;/home/travis/build/kaitai-io/ci_targets/lua_install/lib/lua/5.3/enum_deep_literals.so&apos;
	no file &apos;/home/travis/build/kaitai-io/ci_targets/lua_install/lib/lua/5.3/loadall.so&apos;
	no file &apos;./enum_deep_literals.so&apos;">
                <![CDATA[stack traceback:
	spec/lua/run_test_suite.lua:17: in upvalue 'TestEnumDeepLiterals.test_enum_deep_literals']]></failure>
        </testcase>
        <testcase classname="TestEnumFancy" name="TestEnumFancy.test_enum_fancy" time="0.007">
            <failure type="spec/lua/run_test_suite.lua:17: spec/lua/test_enum_fancy.lua:5: module &apos;enum_fancy&apos; not found:
	no field package.preload[&apos;enum_fancy&apos;]
	no file &apos;../runtime/lua/enum_fancy.lua&apos;
	no file &apos;spec/lua/enum_fancy.lua&apos;
	no file &apos;spec/lua/extra/enum_fancy.lua&apos;
	no file &apos;compiled/lua/enum_fancy.lua&apos;
	no file &apos;/home/travis/build/kaitai-io/ci_targets/lua_install/share/lua/5.3/enum_fancy.lua&apos;
	no file &apos;/home/travis/build/kaitai-io/ci_targets/lua_install/share/lua/5.3/enum_fancy/init.lua&apos;
	no file &apos;./enum_fancy.lua&apos;
	no file &apos;./enum_fancy/init.lua&apos;
	no file &apos;/home/travis/build/kaitai-io/ci_targets/lua_install/lib/lua/5.3/enum_fancy.so&apos;
	no file &apos;/home/travis/build/kaitai-io/ci_targets/lua_install/lib/lua/5.3/loadall.so&apos;
	no file &apos;./enum_fancy.so&apos;">
                <![CDATA[stack traceback:
	spec/lua/run_test_suite.lua:17: in upvalue 'TestEnumFancy.test_enum_fancy']]></failure>
        </testcase>
        <testcase classname="TestEnumForUnknownId" name="TestEnumForUnknownId.test_enum_for_unknown_id" time="0.009">
            <failure type="spec/lua/run_test_suite.lua:17: spec/lua/test_enum_for_unknown_id.lua:3: module &apos;enum_for_unknown_id&apos; not found:
	no field package.preload[&apos;enum_for_unknown_id&apos;]
	no file &apos;../runtime/lua/enum_for_unknown_id.lua&apos;
	no file &apos;spec/lua/enum_for_unknown_id.lua&apos;
	no file &apos;spec/lua/extra/enum_for_unknown_id.lua&apos;
	no file &apos;compiled/lua/enum_for_unknown_id.lua&apos;
	no file &apos;/home/travis/build/kaitai-io/ci_targets/lua_install/share/lua/5.3/enum_for_unknown_id.lua&apos;
	no file &apos;/home/travis/build/kaitai-io/ci_targets/lua_install/share/lua/5.3/enum_for_unknown_id/init.lua&apos;
	no file &apos;./enum_for_unknown_id.lua&apos;
	no file &apos;./enum_for_unknown_id/init.lua&apos;
	no file &apos;/home/travis/build/kaitai-io/ci_targets/lua_install/lib/lua/5.3/enum_for_unknown_id.so&apos;
	no file &apos;/home/travis/build/kaitai-io/ci_targets/lua_install/lib/lua/5.3/loadall.so&apos;
	no file &apos;./enum_for_unknown_id.so&apos;">
                <![CDATA[stack traceback:
	spec/lua/run_test_suite.lua:17: in upvalue 'TestEnumForUnknownId.test_enum_for_unknown_id']]></failure>
        </testcase>
        <testcase classname="TestEnumIf" name="TestEnumIf.test_enum_if" time="0.006">
            <failure type="spec/lua/run_test_suite.lua:17: spec/lua/test_enum_if.lua:5: module &apos;enum_if&apos; not found:
	no field package.preload[&apos;enum_if&apos;]
	no file &apos;../runtime/lua/enum_if.lua&apos;
	no file &apos;spec/lua/enum_if.lua&apos;
	no file &apos;spec/lua/extra/enum_if.lua&apos;
	no file &apos;compiled/lua/enum_if.lua&apos;
	no file &apos;/home/travis/build/kaitai-io/ci_targets/lua_install/share/lua/5.3/enum_if.lua&apos;
	no file &apos;/home/travis/build/kaitai-io/ci_targets/lua_install/share/lua/5.3/enum_if/init.lua&apos;
	no file &apos;./enum_if.lua&apos;
	no file &apos;./enum_if/init.lua&apos;
	no file &apos;/home/travis/build/kaitai-io/ci_targets/lua_install/lib/lua/5.3/enum_if.so&apos;
	no file &apos;/home/travis/build/kaitai-io/ci_targets/lua_install/lib/lua/5.3/loadall.so&apos;
	no file &apos;./enum_if.so&apos;">
                <![CDATA[stack traceback:
	spec/lua/run_test_suite.lua:17: in upvalue 'TestEnumIf.test_enum_if']]></failure>
        </testcase>
        <testcase classname="TestEnumImport" name="TestEnumImport.test_enum_import" time="0.007">
            <failure type="spec/lua/run_test_suite.lua:17: spec/lua/test_enum_import.lua:5: module &apos;enum_import&apos; not found:
	no field package.preload[&apos;enum_import&apos;]
	no file &apos;../runtime/lua/enum_import.lua&apos;
	no file &apos;spec/lua/enum_import.lua&apos;
	no file &apos;spec/lua/extra/enum_import.lua&apos;
	no file &apos;compiled/lua/enum_import.lua&apos;
	no file &apos;/home/travis/build/kaitai-io/ci_targets/lua_install/share/lua/5.3/enum_import.lua&apos;
	no file &apos;/home/travis/build/kaitai-io/ci_targets/lua_install/share/lua/5.3/enum_import/init.lua&apos;
	no file &apos;./enum_import.lua&apos;
	no file &apos;./enum_import/init.lua&apos;
	no file &apos;/home/travis/build/kaitai-io/ci_targets/lua_install/lib/lua/5.3/enum_import.so&apos;
	no file &apos;/home/travis/build/kaitai-io/ci_targets/lua_install/lib/lua/5.3/loadall.so&apos;
	no file &apos;./enum_import.so&apos;">
                <![CDATA[stack traceback:
	spec/lua/run_test_suite.lua:17: in upvalue 'TestEnumImport.test_enum_import']]></failure>
        </testcase>
        <testcase classname="TestEnumIntRangeS" name="TestEnumIntRangeS.test_enum_int_range_s" time="0.009">
            <failure type="spec/lua/run_test_suite.lua:17: spec/lua/test_enum_int_range_s.lua:5: module &apos;enum_int_range_s&apos; not found:
	no field package.preload[&apos;enum_int_range_s&apos;]
	no file &apos;../runtime/lua/enum_int_range_s.lua&apos;
	no file &apos;spec/lua/enum_int_range_s.lua&apos;
	no file &apos;spec/lua/extra/enum_int_range_s.lua&apos;
	no file &apos;compiled/lua/enum_int_range_s.lua&apos;
	no file &apos;/home/travis/build/kaitai-io/ci_targets/lua_install/share/lua/5.3/enum_int_range_s.lua&apos;
	no file &apos;/home/travis/build/kaitai-io/ci_targets/lua_install/share/lua/5.3/enum_int_range_s/init.lua&apos;
	no file &apos;./enum_int_range_s.lua&apos;
	no file &apos;./enum_int_range_s/init.lua&apos;
	no file &apos;/home/travis/build/kaitai-io/ci_targets/lua_install/lib/lua/5.3/enum_int_range_s.so&apos;
	no file &apos;/home/travis/build/kaitai-io/ci_targets/lua_install/lib/lua/5.3/loadall.so&apos;
	no file &apos;./enum_int_range_s.so&apos;">
                <![CDATA[stack traceback:
	spec/lua/run_test_suite.lua:17: in upvalue 'TestEnumIntRangeS.test_enum_int_range_s']]></failure>
        </testcase>
        <testcase classname="TestEnumIntRangeU" name="TestEnumIntRangeU.test_enum_int_range_u" time="0.008">
            <failure type="spec/lua/run_test_suite.lua:17: spec/lua/test_enum_int_range_u.lua:5: module &apos;enum_int_range_u&apos; not found:
	no field package.preload[&apos;enum_int_range_u&apos;]
	no file &apos;../runtime/lua/enum_int_range_u.lua&apos;
	no file &apos;spec/lua/enum_int_range_u.lua&apos;
	no file &apos;spec/lua/extra/enum_int_range_u.lua&apos;
	no file &apos;compiled/lua/enum_int_range_u.lua&apos;
	no file &apos;/home/travis/build/kaitai-io/ci_targets/lua_install/share/lua/5.3/enum_int_range_u.lua&apos;
	no file &apos;/home/travis/build/kaitai-io/ci_targets/lua_install/share/lua/5.3/enum_int_range_u/init.lua&apos;
	no file &apos;./enum_int_range_u.lua&apos;
	no file &apos;./enum_int_range_u/init.lua&apos;
	no file &apos;/home/travis/build/kaitai-io/ci_targets/lua_install/lib/lua/5.3/enum_int_range_u.so&apos;
	no file &apos;/home/travis/build/kaitai-io/ci_targets/lua_install/lib/lua/5.3/loadall.so&apos;
	no file &apos;./enum_int_range_u.so&apos;">
                <![CDATA[stack traceback:
	spec/lua/run_test_suite.lua:17: in upvalue 'TestEnumIntRangeU.test_enum_int_range_u']]></failure>
        </testcase>
        <testcase classname="TestEnumLongRangeS" name="TestEnumLongRangeS.test_enum_long_range_s" time="0.008">
            <failure type="spec/lua/run_test_suite.lua:17: spec/lua/test_enum_long_range_s.lua:5: module &apos;enum_long_range_s&apos; not found:
	no field package.preload[&apos;enum_long_range_s&apos;]
	no file &apos;../runtime/lua/enum_long_range_s.lua&apos;
	no file &apos;spec/lua/enum_long_range_s.lua&apos;
	no file &apos;spec/lua/extra/enum_long_range_s.lua&apos;
	no file &apos;compiled/lua/enum_long_range_s.lua&apos;
	no file &apos;/home/travis/build/kaitai-io/ci_targets/lua_install/share/lua/5.3/enum_long_range_s.lua&apos;
	no file &apos;/home/travis/build/kaitai-io/ci_targets/lua_install/share/lua/5.3/enum_long_range_s/init.lua&apos;
	no file &apos;./enum_long_range_s.lua&apos;
	no file &apos;./enum_long_range_s/init.lua&apos;
	no file &apos;/home/travis/build/kaitai-io/ci_targets/lua_install/lib/lua/5.3/enum_long_range_s.so&apos;
	no file &apos;/home/travis/build/kaitai-io/ci_targets/lua_install/lib/lua/5.3/loadall.so&apos;
	no file &apos;./enum_long_range_s.so&apos;">
                <![CDATA[stack traceback:
	spec/lua/run_test_suite.lua:17: in upvalue 'TestEnumLongRangeS.test_enum_long_range_s']]></failure>
        </testcase>
        <testcase classname="TestEnumLongRangeU" name="TestEnumLongRangeU.test_enum_long_range_u" time="0.009">
            <failure type="spec/lua/run_test_suite.lua:17: spec/lua/test_enum_long_range_u.lua:5: module &apos;enum_long_range_u&apos; not found:
	no field package.preload[&apos;enum_long_range_u&apos;]
	no file &apos;../runtime/lua/enum_long_range_u.lua&apos;
	no file &apos;spec/lua/enum_long_range_u.lua&apos;
	no file &apos;spec/lua/extra/enum_long_range_u.lua&apos;
	no file &apos;compiled/lua/enum_long_range_u.lua&apos;
	no file &apos;/home/travis/build/kaitai-io/ci_targets/lua_install/share/lua/5.3/enum_long_range_u.lua&apos;
	no file &apos;/home/travis/build/kaitai-io/ci_targets/lua_install/share/lua/5.3/enum_long_range_u/init.lua&apos;
	no file &apos;./enum_long_range_u.lua&apos;
	no file &apos;./enum_long_range_u/init.lua&apos;
	no file &apos;/home/travis/build/kaitai-io/ci_targets/lua_install/lib/lua/5.3/enum_long_range_u.so&apos;
	no file &apos;/home/travis/build/kaitai-io/ci_targets/lua_install/lib/lua/5.3/loadall.so&apos;
	no file &apos;./enum_long_range_u.so&apos;">
                <![CDATA[stack traceback:
	spec/lua/run_test_suite.lua:17: in upvalue 'TestEnumLongRangeU.test_enum_long_range_u']]></failure>
        </testcase>
        <testcase classname="TestEnumNegative" name="TestEnumNegative.test_enum_negative" time="0.007">
            <failure type="spec/lua/run_test_suite.lua:17: spec/lua/test_enum_negative.lua:5: module &apos;enum_negative&apos; not found:
	no field package.preload[&apos;enum_negative&apos;]
	no file &apos;../runtime/lua/enum_negative.lua&apos;
	no file &apos;spec/lua/enum_negative.lua&apos;
	no file &apos;spec/lua/extra/enum_negative.lua&apos;
	no file &apos;compiled/lua/enum_negative.lua&apos;
	no file &apos;/home/travis/build/kaitai-io/ci_targets/lua_install/share/lua/5.3/enum_negative.lua&apos;
	no file &apos;/home/travis/build/kaitai-io/ci_targets/lua_install/share/lua/5.3/enum_negative/init.lua&apos;
	no file &apos;./enum_negative.lua&apos;
	no file &apos;./enum_negative/init.lua&apos;
	no file &apos;/home/travis/build/kaitai-io/ci_targets/lua_install/lib/lua/5.3/enum_negative.so&apos;
	no file &apos;/home/travis/build/kaitai-io/ci_targets/lua_install/lib/lua/5.3/loadall.so&apos;
	no file &apos;./enum_negative.so&apos;">
                <![CDATA[stack traceback:
	spec/lua/run_test_suite.lua:17: in upvalue 'TestEnumNegative.test_enum_negative']]></failure>
        </testcase>
        <testcase classname="TestEnumOfValueInst" name="TestEnumOfValueInst.test_enum_of_value_inst" time="0.009">
            <failure type="spec/lua/run_test_suite.lua:17: spec/lua/test_enum_of_value_inst.lua:5: module &apos;enum_of_value_inst&apos; not found:
	no field package.preload[&apos;enum_of_value_inst&apos;]
	no file &apos;../runtime/lua/enum_of_value_inst.lua&apos;
	no file &apos;spec/lua/enum_of_value_inst.lua&apos;
	no file &apos;spec/lua/extra/enum_of_value_inst.lua&apos;
	no file &apos;compiled/lua/enum_of_value_inst.lua&apos;
	no file &apos;/home/travis/build/kaitai-io/ci_targets/lua_install/share/lua/5.3/enum_of_value_inst.lua&apos;
	no file &apos;/home/travis/build/kaitai-io/ci_targets/lua_install/share/lua/5.3/enum_of_value_inst/init.lua&apos;
	no file &apos;./enum_of_value_inst.lua&apos;
	no file &apos;./enum_of_value_inst/init.lua&apos;
	no file &apos;/home/travis/build/kaitai-io/ci_targets/lua_install/lib/lua/5.3/enum_of_value_inst.so&apos;
	no file &apos;/home/travis/build/kaitai-io/ci_targets/lua_install/lib/lua/5.3/loadall.so&apos;
	no file &apos;./enum_of_value_inst.so&apos;">
                <![CDATA[stack traceback:
	spec/lua/run_test_suite.lua:17: in upvalue 'TestEnumOfValueInst.test_enum_of_value_inst']]></failure>
        </testcase>
        <testcase classname="TestEnumToI" name="TestEnumToI.test_enum_to_i" time="0.007">
            <failure type="spec/lua/run_test_suite.lua:17: spec/lua/test_enum_to_i.lua:5: module &apos;enum_to_i&apos; not found:
	no field package.preload[&apos;enum_to_i&apos;]
	no file &apos;../runtime/lua/enum_to_i.lua&apos;
	no file &apos;spec/lua/enum_to_i.lua&apos;
	no file &apos;spec/lua/extra/enum_to_i.lua&apos;
	no file &apos;compiled/lua/enum_to_i.lua&apos;
	no file &apos;/home/travis/build/kaitai-io/ci_targets/lua_install/share/lua/5.3/enum_to_i.lua&apos;
	no file &apos;/home/travis/build/kaitai-io/ci_targets/lua_install/share/lua/5.3/enum_to_i/init.lua&apos;
	no file &apos;./enum_to_i.lua&apos;
	no file &apos;./enum_to_i/init.lua&apos;
	no file &apos;/home/travis/build/kaitai-io/ci_targets/lua_install/lib/lua/5.3/enum_to_i.so&apos;
	no file &apos;/home/travis/build/kaitai-io/ci_targets/lua_install/lib/lua/5.3/loadall.so&apos;
	no file &apos;./enum_to_i.so&apos;">
                <![CDATA[stack traceback:
	spec/lua/run_test_suite.lua:17: in upvalue 'TestEnumToI.test_enum_to_i']]></failure>
        </testcase>
        <testcase classname="TestEnumToIClassBorder_1" name="TestEnumToIClassBorder_1.test_enum_to_i_class_border_1" time="0.010">
            <failure type="spec/lua/run_test_suite.lua:17: spec/lua/test_enum_to_i_class_border_1.lua:5: module &apos;enum_to_i_class_border_1&apos; not found:
	no field package.preload[&apos;enum_to_i_class_border_1&apos;]
	no file &apos;../runtime/lua/enum_to_i_class_border_1.lua&apos;
	no file &apos;spec/lua/enum_to_i_class_border_1.lua&apos;
	no file &apos;spec/lua/extra/enum_to_i_class_border_1.lua&apos;
	no file &apos;compiled/lua/enum_to_i_class_border_1.lua&apos;
	no file &apos;/home/travis/build/kaitai-io/ci_targets/lua_install/share/lua/5.3/enum_to_i_class_border_1.lua&apos;
	no file &apos;/home/travis/build/kaitai-io/ci_targets/lua_install/share/lua/5.3/enum_to_i_class_border_1/init.lua&apos;
	no file &apos;./enum_to_i_class_border_1.lua&apos;
	no file &apos;./enum_to_i_class_border_1/init.lua&apos;
	no file &apos;/home/travis/build/kaitai-io/ci_targets/lua_install/lib/lua/5.3/enum_to_i_class_border_1.so&apos;
	no file &apos;/home/travis/build/kaitai-io/ci_targets/lua_install/lib/lua/5.3/loadall.so&apos;
	no file &apos;./enum_to_i_class_border_1.so&apos;">
                <![CDATA[stack traceback:
	spec/lua/run_test_suite.lua:17: in upvalue 'TestEnumToIClassBorder_1.test_enum_to_i_class_border_1']]></failure>
        </testcase>
        <testcase classname="TestEnum_0" name="TestEnum_0.test_enum_0" time="0.006">
            <failure type="spec/lua/run_test_suite.lua:17: spec/lua/test_enum_0.lua:5: module &apos;enum_0&apos; not found:
	no field package.preload[&apos;enum_0&apos;]
	no file &apos;../runtime/lua/enum_0.lua&apos;
	no file &apos;spec/lua/enum_0.lua&apos;
	no file &apos;spec/lua/extra/enum_0.lua&apos;
	no file &apos;compiled/lua/enum_0.lua&apos;
	no file &apos;/home/travis/build/kaitai-io/ci_targets/lua_install/share/lua/5.3/enum_0.lua&apos;
	no file &apos;/home/travis/build/kaitai-io/ci_targets/lua_install/share/lua/5.3/enum_0/init.lua&apos;
	no file &apos;./enum_0.lua&apos;
	no file &apos;./enum_0/init.lua&apos;
	no file &apos;/home/travis/build/kaitai-io/ci_targets/lua_install/lib/lua/5.3/enum_0.so&apos;
	no file &apos;/home/travis/build/kaitai-io/ci_targets/lua_install/lib/lua/5.3/loadall.so&apos;
	no file &apos;./enum_0.so&apos;">
                <![CDATA[stack traceback:
	spec/lua/run_test_suite.lua:17: in upvalue 'TestEnum_0.test_enum_0']]></failure>
        </testcase>
        <testcase classname="TestEnum_1" name="TestEnum_1.test_enum_1" time="0.006">
            <failure type="spec/lua/run_test_suite.lua:17: spec/lua/test_enum_1.lua:5: module &apos;enum_1&apos; not found:
	no field package.preload[&apos;enum_1&apos;]
	no file &apos;../runtime/lua/enum_1.lua&apos;
	no file &apos;spec/lua/enum_1.lua&apos;
	no file &apos;spec/lua/extra/enum_1.lua&apos;
	no file &apos;compiled/lua/enum_1.lua&apos;
	no file &apos;/home/travis/build/kaitai-io/ci_targets/lua_install/share/lua/5.3/enum_1.lua&apos;
	no file &apos;/home/travis/build/kaitai-io/ci_targets/lua_install/share/lua/5.3/enum_1/init.lua&apos;
	no file &apos;./enum_1.lua&apos;
	no file &apos;./enum_1/init.lua&apos;
	no file &apos;/home/travis/build/kaitai-io/ci_targets/lua_install/lib/lua/5.3/enum_1.so&apos;
	no file &apos;/home/travis/build/kaitai-io/ci_targets/lua_install/lib/lua/5.3/loadall.so&apos;
	no file &apos;./enum_1.so&apos;">
                <![CDATA[stack traceback:
	spec/lua/run_test_suite.lua:17: in upvalue 'TestEnum_1.test_enum_1']]></failure>
        </testcase>
        <testcase classname="TestEofExceptionBytes" name="TestEofExceptionBytes.test_eof_exception_bytes" time="0.009">
            <failure type="spec/lua/run_test_suite.lua:17: spec/lua/test_eof_exception_bytes.lua:3: module &apos;eof_exception_bytes&apos; not found:
	no field package.preload[&apos;eof_exception_bytes&apos;]
	no file &apos;../runtime/lua/eof_exception_bytes.lua&apos;
	no file &apos;spec/lua/eof_exception_bytes.lua&apos;
	no file &apos;spec/lua/extra/eof_exception_bytes.lua&apos;
	no file &apos;compiled/lua/eof_exception_bytes.lua&apos;
	no file &apos;/home/travis/build/kaitai-io/ci_targets/lua_install/share/lua/5.3/eof_exception_bytes.lua&apos;
	no file &apos;/home/travis/build/kaitai-io/ci_targets/lua_install/share/lua/5.3/eof_exception_bytes/init.lua&apos;
	no file &apos;./eof_exception_bytes.lua&apos;
	no file &apos;./eof_exception_bytes/init.lua&apos;
	no file &apos;/home/travis/build/kaitai-io/ci_targets/lua_install/lib/lua/5.3/eof_exception_bytes.so&apos;
	no file &apos;/home/travis/build/kaitai-io/ci_targets/lua_install/lib/lua/5.3/loadall.so&apos;
	no file &apos;./eof_exception_bytes.so&apos;">
                <![CDATA[stack traceback:
	spec/lua/run_test_suite.lua:17: in upvalue 'TestEofExceptionBytes.test_eof_exception_bytes']]></failure>
        </testcase>
        <testcase classname="TestEofExceptionU4" name="TestEofExceptionU4.test_eof_exception_u4" time="0.009">
            <failure type="spec/lua/run_test_suite.lua:17: spec/lua/test_eof_exception_u4.lua:3: module &apos;eof_exception_u4&apos; not found:
	no field package.preload[&apos;eof_exception_u4&apos;]
	no file &apos;../runtime/lua/eof_exception_u4.lua&apos;
	no file &apos;spec/lua/eof_exception_u4.lua&apos;
	no file &apos;spec/lua/extra/eof_exception_u4.lua&apos;
	no file &apos;compiled/lua/eof_exception_u4.lua&apos;
	no file &apos;/home/travis/build/kaitai-io/ci_targets/lua_install/share/lua/5.3/eof_exception_u4.lua&apos;
	no file &apos;/home/travis/build/kaitai-io/ci_targets/lua_install/share/lua/5.3/eof_exception_u4/init.lua&apos;
	no file &apos;./eof_exception_u4.lua&apos;
	no file &apos;./eof_exception_u4/init.lua&apos;
	no file &apos;/home/travis/build/kaitai-io/ci_targets/lua_install/lib/lua/5.3/eof_exception_u4.so&apos;
	no file &apos;/home/travis/build/kaitai-io/ci_targets/lua_install/lib/lua/5.3/loadall.so&apos;
	no file &apos;./eof_exception_u4.so&apos;">
                <![CDATA[stack traceback:
	spec/lua/run_test_suite.lua:17: in upvalue 'TestEofExceptionU4.test_eof_exception_u4']]></failure>
        </testcase>
        <testcase classname="TestEosExceptionBytes" name="TestEosExceptionBytes.test_eos_exception_bytes" time="0.010">
            <failure type="spec/lua/run_test_suite.lua:17: spec/lua/test_eos_exception_bytes.lua:3: module &apos;eos_exception_bytes&apos; not found:
	no field package.preload[&apos;eos_exception_bytes&apos;]
	no file &apos;../runtime/lua/eos_exception_bytes.lua&apos;
	no file &apos;spec/lua/eos_exception_bytes.lua&apos;
	no file &apos;spec/lua/extra/eos_exception_bytes.lua&apos;
	no file &apos;compiled/lua/eos_exception_bytes.lua&apos;
	no file &apos;/home/travis/build/kaitai-io/ci_targets/lua_install/share/lua/5.3/eos_exception_bytes.lua&apos;
	no file &apos;/home/travis/build/kaitai-io/ci_targets/lua_install/share/lua/5.3/eos_exception_bytes/init.lua&apos;
	no file &apos;./eos_exception_bytes.lua&apos;
	no file &apos;./eos_exception_bytes/init.lua&apos;
	no file &apos;/home/travis/build/kaitai-io/ci_targets/lua_install/lib/lua/5.3/eos_exception_bytes.so&apos;
	no file &apos;/home/travis/build/kaitai-io/ci_targets/lua_install/lib/lua/5.3/loadall.so&apos;
	no file &apos;./eos_exception_bytes.so&apos;">
                <![CDATA[stack traceback:
	spec/lua/run_test_suite.lua:17: in upvalue 'TestEosExceptionBytes.test_eos_exception_bytes']]></failure>
        </testcase>
        <testcase classname="TestEosExceptionU4" name="TestEosExceptionU4.test_eos_exception_u4" time="0.009">
            <failure type="spec/lua/run_test_suite.lua:17: spec/lua/test_eos_exception_u4.lua:3: module &apos;eos_exception_u4&apos; not found:
	no field package.preload[&apos;eos_exception_u4&apos;]
	no file &apos;../runtime/lua/eos_exception_u4.lua&apos;
	no file &apos;spec/lua/eos_exception_u4.lua&apos;
	no file &apos;spec/lua/extra/eos_exception_u4.lua&apos;
	no file &apos;compiled/lua/eos_exception_u4.lua&apos;
	no file &apos;/home/travis/build/kaitai-io/ci_targets/lua_install/share/lua/5.3/eos_exception_u4.lua&apos;
	no file &apos;/home/travis/build/kaitai-io/ci_targets/lua_install/share/lua/5.3/eos_exception_u4/init.lua&apos;
	no file &apos;./eos_exception_u4.lua&apos;
	no file &apos;./eos_exception_u4/init.lua&apos;
	no file &apos;/home/travis/build/kaitai-io/ci_targets/lua_install/lib/lua/5.3/eos_exception_u4.so&apos;
	no file &apos;/home/travis/build/kaitai-io/ci_targets/lua_install/lib/lua/5.3/loadall.so&apos;
	no file &apos;./eos_exception_u4.so&apos;">
                <![CDATA[stack traceback:
	spec/lua/run_test_suite.lua:17: in upvalue 'TestEosExceptionU4.test_eos_exception_u4']]></failure>
        </testcase>
        <testcase classname="TestExprArray" name="TestExprArray.test_expr_array" time="0.007">
            <failure type="spec/lua/run_test_suite.lua:17: spec/lua/test_expr_array.lua:5: module &apos;expr_array&apos; not found:
	no field package.preload[&apos;expr_array&apos;]
	no file &apos;../runtime/lua/expr_array.lua&apos;
	no file &apos;spec/lua/expr_array.lua&apos;
	no file &apos;spec/lua/extra/expr_array.lua&apos;
	no file &apos;compiled/lua/expr_array.lua&apos;
	no file &apos;/home/travis/build/kaitai-io/ci_targets/lua_install/share/lua/5.3/expr_array.lua&apos;
	no file &apos;/home/travis/build/kaitai-io/ci_targets/lua_install/share/lua/5.3/expr_array/init.lua&apos;
	no file &apos;./expr_array.lua&apos;
	no file &apos;./expr_array/init.lua&apos;
	no file &apos;/home/travis/build/kaitai-io/ci_targets/lua_install/lib/lua/5.3/expr_array.so&apos;
	no file &apos;/home/travis/build/kaitai-io/ci_targets/lua_install/lib/lua/5.3/loadall.so&apos;
	no file &apos;./expr_array.so&apos;">
                <![CDATA[stack traceback:
	spec/lua/run_test_suite.lua:17: in upvalue 'TestExprArray.test_expr_array']]></failure>
        </testcase>
        <testcase classname="TestExprBytesCmp" name="TestExprBytesCmp.test_expr_bytes_cmp" time="0.008">
            <failure type="spec/lua/run_test_suite.lua:17: spec/lua/test_expr_bytes_cmp.lua:5: module &apos;expr_bytes_cmp&apos; not found:
	no field package.preload[&apos;expr_bytes_cmp&apos;]
	no file &apos;../runtime/lua/expr_bytes_cmp.lua&apos;
	no file &apos;spec/lua/expr_bytes_cmp.lua&apos;
	no file &apos;spec/lua/extra/expr_bytes_cmp.lua&apos;
	no file &apos;compiled/lua/expr_bytes_cmp.lua&apos;
	no file &apos;/home/travis/build/kaitai-io/ci_targets/lua_install/share/lua/5.3/expr_bytes_cmp.lua&apos;
	no file &apos;/home/travis/build/kaitai-io/ci_targets/lua_install/share/lua/5.3/expr_bytes_cmp/init.lua&apos;
	no file &apos;./expr_bytes_cmp.lua&apos;
	no file &apos;./expr_bytes_cmp/init.lua&apos;
	no file &apos;/home/travis/build/kaitai-io/ci_targets/lua_install/lib/lua/5.3/expr_bytes_cmp.so&apos;
	no file &apos;/home/travis/build/kaitai-io/ci_targets/lua_install/lib/lua/5.3/loadall.so&apos;
	no file &apos;./expr_bytes_cmp.so&apos;">
                <![CDATA[stack traceback:
	spec/lua/run_test_suite.lua:17: in upvalue 'TestExprBytesCmp.test_expr_bytes_cmp']]></failure>
        </testcase>
        <testcase classname="TestExprBytesOps" name="TestExprBytesOps.test_expr_bytes_ops" time="0.008">
            <failure type="spec/lua/run_test_suite.lua:17: spec/lua/test_expr_bytes_ops.lua:5: module &apos;expr_bytes_ops&apos; not found:
	no field package.preload[&apos;expr_bytes_ops&apos;]
	no file &apos;../runtime/lua/expr_bytes_ops.lua&apos;
	no file &apos;spec/lua/expr_bytes_ops.lua&apos;
	no file &apos;spec/lua/extra/expr_bytes_ops.lua&apos;
	no file &apos;compiled/lua/expr_bytes_ops.lua&apos;
	no file &apos;/home/travis/build/kaitai-io/ci_targets/lua_install/share/lua/5.3/expr_bytes_ops.lua&apos;
	no file &apos;/home/travis/build/kaitai-io/ci_targets/lua_install/share/lua/5.3/expr_bytes_ops/init.lua&apos;
	no file &apos;./expr_bytes_ops.lua&apos;
	no file &apos;./expr_bytes_ops/init.lua&apos;
	no file &apos;/home/travis/build/kaitai-io/ci_targets/lua_install/lib/lua/5.3/expr_bytes_ops.so&apos;
	no file &apos;/home/travis/build/kaitai-io/ci_targets/lua_install/lib/lua/5.3/loadall.so&apos;
	no file &apos;./expr_bytes_ops.so&apos;">
                <![CDATA[stack traceback:
	spec/lua/run_test_suite.lua:17: in upvalue 'TestExprBytesOps.test_expr_bytes_ops']]></failure>
        </testcase>
        <testcase classname="TestExprCalcArrayOps" name="TestExprCalcArrayOps.test_expr_calc_array_ops" time="0.010">
            <failure type="spec/lua/run_test_suite.lua:17: spec/lua/test_expr_calc_array_ops.lua:5: module &apos;expr_calc_array_ops&apos; not found:
	no field package.preload[&apos;expr_calc_array_ops&apos;]
	no file &apos;../runtime/lua/expr_calc_array_ops.lua&apos;
	no file &apos;spec/lua/expr_calc_array_ops.lua&apos;
	no file &apos;spec/lua/extra/expr_calc_array_ops.lua&apos;
	no file &apos;compiled/lua/expr_calc_array_ops.lua&apos;
	no file &apos;/home/travis/build/kaitai-io/ci_targets/lua_install/share/lua/5.3/expr_calc_array_ops.lua&apos;
	no file &apos;/home/travis/build/kaitai-io/ci_targets/lua_install/share/lua/5.3/expr_calc_array_ops/init.lua&apos;
	no file &apos;./expr_calc_array_ops.lua&apos;
	no file &apos;./expr_calc_array_ops/init.lua&apos;
	no file &apos;/home/travis/build/kaitai-io/ci_targets/lua_install/lib/lua/5.3/expr_calc_array_ops.so&apos;
	no file &apos;/home/travis/build/kaitai-io/ci_targets/lua_install/lib/lua/5.3/loadall.so&apos;
	no file &apos;./expr_calc_array_ops.so&apos;">
                <![CDATA[stack traceback:
	spec/lua/run_test_suite.lua:17: in upvalue 'TestExprCalcArrayOps.test_expr_calc_array_ops']]></failure>
        </testcase>
        <testcase classname="TestExprEnum" name="TestExprEnum.test_expr_enum" time="0.007">
            <failure type="spec/lua/run_test_suite.lua:17: spec/lua/test_expr_enum.lua:5: module &apos;expr_enum&apos; not found:
	no field package.preload[&apos;expr_enum&apos;]
	no file &apos;../runtime/lua/expr_enum.lua&apos;
	no file &apos;spec/lua/expr_enum.lua&apos;
	no file &apos;spec/lua/extra/expr_enum.lua&apos;
	no file &apos;compiled/lua/expr_enum.lua&apos;
	no file &apos;/home/travis/build/kaitai-io/ci_targets/lua_install/share/lua/5.3/expr_enum.lua&apos;
	no file &apos;/home/travis/build/kaitai-io/ci_targets/lua_install/share/lua/5.3/expr_enum/init.lua&apos;
	no file &apos;./expr_enum.lua&apos;
	no file &apos;./expr_enum/init.lua&apos;
	no file &apos;/home/travis/build/kaitai-io/ci_targets/lua_install/lib/lua/5.3/expr_enum.so&apos;
	no file &apos;/home/travis/build/kaitai-io/ci_targets/lua_install/lib/lua/5.3/loadall.so&apos;
	no file &apos;./expr_enum.so&apos;">
                <![CDATA[stack traceback:
	spec/lua/run_test_suite.lua:17: in upvalue 'TestExprEnum.test_expr_enum']]></failure>
        </testcase>
        <testcase classname="TestExprIoEof" name="TestExprIoEof.test_expr_io_eof" time="0.008">
            <failure type="spec/lua/run_test_suite.lua:17: spec/lua/test_expr_io_eof.lua:3: module &apos;expr_io_eof&apos; not found:
	no field package.preload[&apos;expr_io_eof&apos;]
	no file &apos;../runtime/lua/expr_io_eof.lua&apos;
	no file &apos;spec/lua/expr_io_eof.lua&apos;
	no file &apos;spec/lua/extra/expr_io_eof.lua&apos;
	no file &apos;compiled/lua/expr_io_eof.lua&apos;
	no file &apos;/home/travis/build/kaitai-io/ci_targets/lua_install/share/lua/5.3/expr_io_eof.lua&apos;
	no file &apos;/home/travis/build/kaitai-io/ci_targets/lua_install/share/lua/5.3/expr_io_eof/init.lua&apos;
	no file &apos;./expr_io_eof.lua&apos;
	no file &apos;./expr_io_eof/init.lua&apos;
	no file &apos;/home/travis/build/kaitai-io/ci_targets/lua_install/lib/lua/5.3/expr_io_eof.so&apos;
	no file &apos;/home/travis/build/kaitai-io/ci_targets/lua_install/lib/lua/5.3/loadall.so&apos;
	no file &apos;./expr_io_eof.so&apos;">
                <![CDATA[stack traceback:
	spec/lua/run_test_suite.lua:17: in upvalue 'TestExprIoEof.test_expr_io_eof']]></failure>
        </testcase>
        <testcase classname="TestExprIoPos" name="TestExprIoPos.test_expr_io_pos" time="0.008">
            <failure type="spec/lua/run_test_suite.lua:17: spec/lua/test_expr_io_pos.lua:5: module &apos;expr_io_pos&apos; not found:
	no field package.preload[&apos;expr_io_pos&apos;]
	no file &apos;../runtime/lua/expr_io_pos.lua&apos;
	no file &apos;spec/lua/expr_io_pos.lua&apos;
	no file &apos;spec/lua/extra/expr_io_pos.lua&apos;
	no file &apos;compiled/lua/expr_io_pos.lua&apos;
	no file &apos;/home/travis/build/kaitai-io/ci_targets/lua_install/share/lua/5.3/expr_io_pos.lua&apos;
	no file &apos;/home/travis/build/kaitai-io/ci_targets/lua_install/share/lua/5.3/expr_io_pos/init.lua&apos;
	no file &apos;./expr_io_pos.lua&apos;
	no file &apos;./expr_io_pos/init.lua&apos;
	no file &apos;/home/travis/build/kaitai-io/ci_targets/lua_install/lib/lua/5.3/expr_io_pos.so&apos;
	no file &apos;/home/travis/build/kaitai-io/ci_targets/lua_install/lib/lua/5.3/loadall.so&apos;
	no file &apos;./expr_io_pos.so&apos;">
                <![CDATA[stack traceback:
	spec/lua/run_test_suite.lua:17: in upvalue 'TestExprIoPos.test_expr_io_pos']]></failure>
        </testcase>
        <testcase classname="TestExprMod" name="TestExprMod.test_expr_mod" time="0.007">
            <failure type="spec/lua/run_test_suite.lua:17: spec/lua/test_expr_mod.lua:5: module &apos;expr_mod&apos; not found:
	no field package.preload[&apos;expr_mod&apos;]
	no file &apos;../runtime/lua/expr_mod.lua&apos;
	no file &apos;spec/lua/expr_mod.lua&apos;
	no file &apos;spec/lua/extra/expr_mod.lua&apos;
	no file &apos;compiled/lua/expr_mod.lua&apos;
	no file &apos;/home/travis/build/kaitai-io/ci_targets/lua_install/share/lua/5.3/expr_mod.lua&apos;
	no file &apos;/home/travis/build/kaitai-io/ci_targets/lua_install/share/lua/5.3/expr_mod/init.lua&apos;
	no file &apos;./expr_mod.lua&apos;
	no file &apos;./expr_mod/init.lua&apos;
	no file &apos;/home/travis/build/kaitai-io/ci_targets/lua_install/lib/lua/5.3/expr_mod.so&apos;
	no file &apos;/home/travis/build/kaitai-io/ci_targets/lua_install/lib/lua/5.3/loadall.so&apos;
	no file &apos;./expr_mod.so&apos;">
                <![CDATA[stack traceback:
	spec/lua/run_test_suite.lua:17: in upvalue 'TestExprMod.test_expr_mod']]></failure>
        </testcase>
        <testcase classname="TestExprSizeofType_0" name="TestExprSizeofType_0.test_expr_sizeof_type_0" time="0.009">
            <failure type="spec/lua/run_test_suite.lua:17: spec/lua/test_expr_sizeof_type_0.lua:5: module &apos;expr_sizeof_type_0&apos; not found:
	no field package.preload[&apos;expr_sizeof_type_0&apos;]
	no file &apos;../runtime/lua/expr_sizeof_type_0.lua&apos;
	no file &apos;spec/lua/expr_sizeof_type_0.lua&apos;
	no file &apos;spec/lua/extra/expr_sizeof_type_0.lua&apos;
	no file &apos;compiled/lua/expr_sizeof_type_0.lua&apos;
	no file &apos;/home/travis/build/kaitai-io/ci_targets/lua_install/share/lua/5.3/expr_sizeof_type_0.lua&apos;
	no file &apos;/home/travis/build/kaitai-io/ci_targets/lua_install/share/lua/5.3/expr_sizeof_type_0/init.lua&apos;
	no file &apos;./expr_sizeof_type_0.lua&apos;
	no file &apos;./expr_sizeof_type_0/init.lua&apos;
	no file &apos;/home/travis/build/kaitai-io/ci_targets/lua_install/lib/lua/5.3/expr_sizeof_type_0.so&apos;
	no file &apos;/home/travis/build/kaitai-io/ci_targets/lua_install/lib/lua/5.3/loadall.so&apos;
	no file &apos;./expr_sizeof_type_0.so&apos;">
                <![CDATA[stack traceback:
	spec/lua/run_test_suite.lua:17: in upvalue 'TestExprSizeofType_0.test_expr_sizeof_type_0']]></failure>
        </testcase>
        <testcase classname="TestExprSizeofType_1" name="TestExprSizeofType_1.test_expr_sizeof_type_1" time="0.009">
            <failure type="spec/lua/run_test_suite.lua:17: spec/lua/test_expr_sizeof_type_1.lua:5: module &apos;expr_sizeof_type_1&apos; not found:
	no field package.preload[&apos;expr_sizeof_type_1&apos;]
	no file &apos;../runtime/lua/expr_sizeof_type_1.lua&apos;
	no file &apos;spec/lua/expr_sizeof_type_1.lua&apos;
	no file &apos;spec/lua/extra/expr_sizeof_type_1.lua&apos;
	no file &apos;compiled/lua/expr_sizeof_type_1.lua&apos;
	no file &apos;/home/travis/build/kaitai-io/ci_targets/lua_install/share/lua/5.3/expr_sizeof_type_1.lua&apos;
	no file &apos;/home/travis/build/kaitai-io/ci_targets/lua_install/share/lua/5.3/expr_sizeof_type_1/init.lua&apos;
	no file &apos;./expr_sizeof_type_1.lua&apos;
	no file &apos;./expr_sizeof_type_1/init.lua&apos;
	no file &apos;/home/travis/build/kaitai-io/ci_targets/lua_install/lib/lua/5.3/expr_sizeof_type_1.so&apos;
	no file &apos;/home/travis/build/kaitai-io/ci_targets/lua_install/lib/lua/5.3/loadall.so&apos;
	no file &apos;./expr_sizeof_type_1.so&apos;">
                <![CDATA[stack traceback:
	spec/lua/run_test_suite.lua:17: in upvalue 'TestExprSizeofType_1.test_expr_sizeof_type_1']]></failure>
        </testcase>
        <testcase classname="TestExprSizeofValueSized" name="TestExprSizeofValueSized.test_expr_sizeof_value_sized" time="0.011">
            <failure type="spec/lua/run_test_suite.lua:17: spec/lua/test_expr_sizeof_value_sized.lua:5: module &apos;expr_sizeof_value_sized&apos; not found:
	no field package.preload[&apos;expr_sizeof_value_sized&apos;]
	no file &apos;../runtime/lua/expr_sizeof_value_sized.lua&apos;
	no file &apos;spec/lua/expr_sizeof_value_sized.lua&apos;
	no file &apos;spec/lua/extra/expr_sizeof_value_sized.lua&apos;
	no file &apos;compiled/lua/expr_sizeof_value_sized.lua&apos;
	no file &apos;/home/travis/build/kaitai-io/ci_targets/lua_install/share/lua/5.3/expr_sizeof_value_sized.lua&apos;
	no file &apos;/home/travis/build/kaitai-io/ci_targets/lua_install/share/lua/5.3/expr_sizeof_value_sized/init.lua&apos;
	no file &apos;./expr_sizeof_value_sized.lua&apos;
	no file &apos;./expr_sizeof_value_sized/init.lua&apos;
	no file &apos;/home/travis/build/kaitai-io/ci_targets/lua_install/lib/lua/5.3/expr_sizeof_value_sized.so&apos;
	no file &apos;/home/travis/build/kaitai-io/ci_targets/lua_install/lib/lua/5.3/loadall.so&apos;
	no file &apos;./expr_sizeof_value_sized.so&apos;">
                <![CDATA[stack traceback:
	spec/lua/run_test_suite.lua:17: in upvalue 'TestExprSizeofValueSized.test_expr_sizeof_value_sized']]></failure>
        </testcase>
        <testcase classname="TestExprSizeofValue_0" name="TestExprSizeofValue_0.test_expr_sizeof_value_0" time="0.010">
            <failure type="spec/lua/run_test_suite.lua:17: spec/lua/test_expr_sizeof_value_0.lua:5: module &apos;expr_sizeof_value_0&apos; not found:
	no field package.preload[&apos;expr_sizeof_value_0&apos;]
	no file &apos;../runtime/lua/expr_sizeof_value_0.lua&apos;
	no file &apos;spec/lua/expr_sizeof_value_0.lua&apos;
	no file &apos;spec/lua/extra/expr_sizeof_value_0.lua&apos;
	no file &apos;compiled/lua/expr_sizeof_value_0.lua&apos;
	no file &apos;/home/travis/build/kaitai-io/ci_targets/lua_install/share/lua/5.3/expr_sizeof_value_0.lua&apos;
	no file &apos;/home/travis/build/kaitai-io/ci_targets/lua_install/share/lua/5.3/expr_sizeof_value_0/init.lua&apos;
	no file &apos;./expr_sizeof_value_0.lua&apos;
	no file &apos;./expr_sizeof_value_0/init.lua&apos;
	no file &apos;/home/travis/build/kaitai-io/ci_targets/lua_install/lib/lua/5.3/expr_sizeof_value_0.so&apos;
	no file &apos;/home/travis/build/kaitai-io/ci_targets/lua_install/lib/lua/5.3/loadall.so&apos;
	no file &apos;./expr_sizeof_value_0.so&apos;">
                <![CDATA[stack traceback:
	spec/lua/run_test_suite.lua:17: in upvalue 'TestExprSizeofValue_0.test_expr_sizeof_value_0']]></failure>
        </testcase>
        <testcase classname="TestExprStrOps" name="TestExprStrOps.test_expr_str_ops" time="0.008">
            <failure type="spec/lua/run_test_suite.lua:17: spec/lua/test_expr_str_ops.lua:5: module &apos;expr_str_ops&apos; not found:
	no field package.preload[&apos;expr_str_ops&apos;]
	no file &apos;../runtime/lua/expr_str_ops.lua&apos;
	no file &apos;spec/lua/expr_str_ops.lua&apos;
	no file &apos;spec/lua/extra/expr_str_ops.lua&apos;
	no file &apos;compiled/lua/expr_str_ops.lua&apos;
	no file &apos;/home/travis/build/kaitai-io/ci_targets/lua_install/share/lua/5.3/expr_str_ops.lua&apos;
	no file &apos;/home/travis/build/kaitai-io/ci_targets/lua_install/share/lua/5.3/expr_str_ops/init.lua&apos;
	no file &apos;./expr_str_ops.lua&apos;
	no file &apos;./expr_str_ops/init.lua&apos;
	no file &apos;/home/travis/build/kaitai-io/ci_targets/lua_install/lib/lua/5.3/expr_str_ops.so&apos;
	no file &apos;/home/travis/build/kaitai-io/ci_targets/lua_install/lib/lua/5.3/loadall.so&apos;
	no file &apos;./expr_str_ops.so&apos;">
                <![CDATA[stack traceback:
	spec/lua/run_test_suite.lua:17: in upvalue 'TestExprStrOps.test_expr_str_ops']]></failure>
        </testcase>
        <testcase classname="TestExpr_0" name="TestExpr_0.test_expr_0" time="0.007">
            <failure type="spec/lua/run_test_suite.lua:17: spec/lua/test_expr_0.lua:5: module &apos;expr_0&apos; not found:
	no field package.preload[&apos;expr_0&apos;]
	no file &apos;../runtime/lua/expr_0.lua&apos;
	no file &apos;spec/lua/expr_0.lua&apos;
	no file &apos;spec/lua/extra/expr_0.lua&apos;
	no file &apos;compiled/lua/expr_0.lua&apos;
	no file &apos;/home/travis/build/kaitai-io/ci_targets/lua_install/share/lua/5.3/expr_0.lua&apos;
	no file &apos;/home/travis/build/kaitai-io/ci_targets/lua_install/share/lua/5.3/expr_0/init.lua&apos;
	no file &apos;./expr_0.lua&apos;
	no file &apos;./expr_0/init.lua&apos;
	no file &apos;/home/travis/build/kaitai-io/ci_targets/lua_install/lib/lua/5.3/expr_0.so&apos;
	no file &apos;/home/travis/build/kaitai-io/ci_targets/lua_install/lib/lua/5.3/loadall.so&apos;
	no file &apos;./expr_0.so&apos;">
                <![CDATA[stack traceback:
	spec/lua/run_test_suite.lua:17: in upvalue 'TestExpr_0.test_expr_0']]></failure>
        </testcase>
        <testcase classname="TestExpr_1" name="TestExpr_1.test_expr_1" time="0.007">
            <failure type="spec/lua/run_test_suite.lua:17: spec/lua/test_expr_1.lua:5: module &apos;expr_1&apos; not found:
	no field package.preload[&apos;expr_1&apos;]
	no file &apos;../runtime/lua/expr_1.lua&apos;
	no file &apos;spec/lua/expr_1.lua&apos;
	no file &apos;spec/lua/extra/expr_1.lua&apos;
	no file &apos;compiled/lua/expr_1.lua&apos;
	no file &apos;/home/travis/build/kaitai-io/ci_targets/lua_install/share/lua/5.3/expr_1.lua&apos;
	no file &apos;/home/travis/build/kaitai-io/ci_targets/lua_install/share/lua/5.3/expr_1/init.lua&apos;
	no file &apos;./expr_1.lua&apos;
	no file &apos;./expr_1/init.lua&apos;
	no file &apos;/home/travis/build/kaitai-io/ci_targets/lua_install/lib/lua/5.3/expr_1.so&apos;
	no file &apos;/home/travis/build/kaitai-io/ci_targets/lua_install/lib/lua/5.3/loadall.so&apos;
	no file &apos;./expr_1.so&apos;">
                <![CDATA[stack traceback:
	spec/lua/run_test_suite.lua:17: in upvalue 'TestExpr_1.test_expr_1']]></failure>
        </testcase>
        <testcase classname="TestExpr_2" name="TestExpr_2.test_expr_2" time="0.005">
            <failure type="spec/lua/run_test_suite.lua:17: spec/lua/test_expr_2.lua:5: module &apos;expr_2&apos; not found:
	no field package.preload[&apos;expr_2&apos;]
	no file &apos;../runtime/lua/expr_2.lua&apos;
	no file &apos;spec/lua/expr_2.lua&apos;
	no file &apos;spec/lua/extra/expr_2.lua&apos;
	no file &apos;compiled/lua/expr_2.lua&apos;
	no file &apos;/home/travis/build/kaitai-io/ci_targets/lua_install/share/lua/5.3/expr_2.lua&apos;
	no file &apos;/home/travis/build/kaitai-io/ci_targets/lua_install/share/lua/5.3/expr_2/init.lua&apos;
	no file &apos;./expr_2.lua&apos;
	no file &apos;./expr_2/init.lua&apos;
	no file &apos;/home/travis/build/kaitai-io/ci_targets/lua_install/lib/lua/5.3/expr_2.so&apos;
	no file &apos;/home/travis/build/kaitai-io/ci_targets/lua_install/lib/lua/5.3/loadall.so&apos;
	no file &apos;./expr_2.so&apos;">
                <![CDATA[stack traceback:
	spec/lua/run_test_suite.lua:17: in upvalue 'TestExpr_2.test_expr_2']]></failure>
        </testcase>
        <testcase classname="TestExpr_3" name="TestExpr_3.test_expr_3" time="0.005">
            <failure type="spec/lua/run_test_suite.lua:17: spec/lua/test_expr_3.lua:5: module &apos;expr_3&apos; not found:
	no field package.preload[&apos;expr_3&apos;]
	no file &apos;../runtime/lua/expr_3.lua&apos;
	no file &apos;spec/lua/expr_3.lua&apos;
	no file &apos;spec/lua/extra/expr_3.lua&apos;
	no file &apos;compiled/lua/expr_3.lua&apos;
	no file &apos;/home/travis/build/kaitai-io/ci_targets/lua_install/share/lua/5.3/expr_3.lua&apos;
	no file &apos;/home/travis/build/kaitai-io/ci_targets/lua_install/share/lua/5.3/expr_3/init.lua&apos;
	no file &apos;./expr_3.lua&apos;
	no file &apos;./expr_3/init.lua&apos;
	no file &apos;/home/travis/build/kaitai-io/ci_targets/lua_install/lib/lua/5.3/expr_3.so&apos;
	no file &apos;/home/travis/build/kaitai-io/ci_targets/lua_install/lib/lua/5.3/loadall.so&apos;
	no file &apos;./expr_3.so&apos;">
                <![CDATA[stack traceback:
	spec/lua/run_test_suite.lua:17: in upvalue 'TestExpr_3.test_expr_3']]></failure>
        </testcase>
        <testcase classname="TestFloatToI" name="TestFloatToI.test_float_to_i" time="0.007">
            <failure type="spec/lua/run_test_suite.lua:17: spec/lua/test_float_to_i.lua:5: module &apos;float_to_i&apos; not found:
	no field package.preload[&apos;float_to_i&apos;]
	no file &apos;../runtime/lua/float_to_i.lua&apos;
	no file &apos;spec/lua/float_to_i.lua&apos;
	no file &apos;spec/lua/extra/float_to_i.lua&apos;
	no file &apos;compiled/lua/float_to_i.lua&apos;
	no file &apos;/home/travis/build/kaitai-io/ci_targets/lua_install/share/lua/5.3/float_to_i.lua&apos;
	no file &apos;/home/travis/build/kaitai-io/ci_targets/lua_install/share/lua/5.3/float_to_i/init.lua&apos;
	no file &apos;./float_to_i.lua&apos;
	no file &apos;./float_to_i/init.lua&apos;
	no file &apos;/home/travis/build/kaitai-io/ci_targets/lua_install/lib/lua/5.3/float_to_i.so&apos;
	no file &apos;/home/travis/build/kaitai-io/ci_targets/lua_install/lib/lua/5.3/loadall.so&apos;
	no file &apos;./float_to_i.so&apos;">
                <![CDATA[stack traceback:
	spec/lua/run_test_suite.lua:17: in upvalue 'TestFloatToI.test_float_to_i']]></failure>
        </testcase>
        <testcase classname="TestFloatingPoints" name="TestFloatingPoints.test_floating_points" time="0.008">
            <failure type="spec/lua/run_test_suite.lua:17: spec/lua/test_floating_points.lua:5: module &apos;floating_points&apos; not found:
	no field package.preload[&apos;floating_points&apos;]
	no file &apos;../runtime/lua/floating_points.lua&apos;
	no file &apos;spec/lua/floating_points.lua&apos;
	no file &apos;spec/lua/extra/floating_points.lua&apos;
	no file &apos;compiled/lua/floating_points.lua&apos;
	no file &apos;/home/travis/build/kaitai-io/ci_targets/lua_install/share/lua/5.3/floating_points.lua&apos;
	no file &apos;/home/travis/build/kaitai-io/ci_targets/lua_install/share/lua/5.3/floating_points/init.lua&apos;
	no file &apos;./floating_points.lua&apos;
	no file &apos;./floating_points/init.lua&apos;
	no file &apos;/home/travis/build/kaitai-io/ci_targets/lua_install/lib/lua/5.3/floating_points.so&apos;
	no file &apos;/home/travis/build/kaitai-io/ci_targets/lua_install/lib/lua/5.3/loadall.so&apos;
	no file &apos;./floating_points.so&apos;">
                <![CDATA[stack traceback:
	spec/lua/run_test_suite.lua:17: in upvalue 'TestFloatingPoints.test_floating_points']]></failure>
        </testcase>
        <testcase classname="TestHelloWorld" name="TestHelloWorld.test_hello_world" time="0.008">
            <failure type="spec/lua/run_test_suite.lua:17: spec/lua/test_hello_world.lua:5: module &apos;hello_world&apos; not found:
	no field package.preload[&apos;hello_world&apos;]
	no file &apos;../runtime/lua/hello_world.lua&apos;
	no file &apos;spec/lua/hello_world.lua&apos;
	no file &apos;spec/lua/extra/hello_world.lua&apos;
	no file &apos;compiled/lua/hello_world.lua&apos;
	no file &apos;/home/travis/build/kaitai-io/ci_targets/lua_install/share/lua/5.3/hello_world.lua&apos;
	no file &apos;/home/travis/build/kaitai-io/ci_targets/lua_install/share/lua/5.3/hello_world/init.lua&apos;
	no file &apos;./hello_world.lua&apos;
	no file &apos;./hello_world/init.lua&apos;
	no file &apos;/home/travis/build/kaitai-io/ci_targets/lua_install/lib/lua/5.3/hello_world.so&apos;
	no file &apos;/home/travis/build/kaitai-io/ci_targets/lua_install/lib/lua/5.3/loadall.so&apos;
	no file &apos;./hello_world.so&apos;">
                <![CDATA[stack traceback:
	spec/lua/run_test_suite.lua:17: in upvalue 'TestHelloWorld.test_hello_world']]></failure>
        </testcase>
        <testcase classname="TestIfInstances" name="TestIfInstances.test_if_instances" time="0.008">
            <failure type="spec/lua/run_test_suite.lua:17: spec/lua/test_if_instances.lua:5: module &apos;if_instances&apos; not found:
	no field package.preload[&apos;if_instances&apos;]
	no file &apos;../runtime/lua/if_instances.lua&apos;
	no file &apos;spec/lua/if_instances.lua&apos;
	no file &apos;spec/lua/extra/if_instances.lua&apos;
	no file &apos;compiled/lua/if_instances.lua&apos;
	no file &apos;/home/travis/build/kaitai-io/ci_targets/lua_install/share/lua/5.3/if_instances.lua&apos;
	no file &apos;/home/travis/build/kaitai-io/ci_targets/lua_install/share/lua/5.3/if_instances/init.lua&apos;
	no file &apos;./if_instances.lua&apos;
	no file &apos;./if_instances/init.lua&apos;
	no file &apos;/home/travis/build/kaitai-io/ci_targets/lua_install/lib/lua/5.3/if_instances.so&apos;
	no file &apos;/home/travis/build/kaitai-io/ci_targets/lua_install/lib/lua/5.3/loadall.so&apos;
	no file &apos;./if_instances.so&apos;">
                <![CDATA[stack traceback:
	spec/lua/run_test_suite.lua:17: in upvalue 'TestIfInstances.test_if_instances']]></failure>
        </testcase>
        <testcase classname="TestIfStruct" name="TestIfStruct.test_if_struct" time="0.007">
            <failure type="spec/lua/run_test_suite.lua:17: spec/lua/test_if_struct.lua:5: module &apos;if_struct&apos; not found:
	no field package.preload[&apos;if_struct&apos;]
	no file &apos;../runtime/lua/if_struct.lua&apos;
	no file &apos;spec/lua/if_struct.lua&apos;
	no file &apos;spec/lua/extra/if_struct.lua&apos;
	no file &apos;compiled/lua/if_struct.lua&apos;
	no file &apos;/home/travis/build/kaitai-io/ci_targets/lua_install/share/lua/5.3/if_struct.lua&apos;
	no file &apos;/home/travis/build/kaitai-io/ci_targets/lua_install/share/lua/5.3/if_struct/init.lua&apos;
	no file &apos;./if_struct.lua&apos;
	no file &apos;./if_struct/init.lua&apos;
	no file &apos;/home/travis/build/kaitai-io/ci_targets/lua_install/lib/lua/5.3/if_struct.so&apos;
	no file &apos;/home/travis/build/kaitai-io/ci_targets/lua_install/lib/lua/5.3/loadall.so&apos;
	no file &apos;./if_struct.so&apos;">
                <![CDATA[stack traceback:
	spec/lua/run_test_suite.lua:17: in upvalue 'TestIfStruct.test_if_struct']]></failure>
        </testcase>
        <testcase classname="TestIfValues" name="TestIfValues.test_if_values" time="0.007">
            <failure type="spec/lua/run_test_suite.lua:17: spec/lua/test_if_values.lua:5: module &apos;if_values&apos; not found:
	no field package.preload[&apos;if_values&apos;]
	no file &apos;../runtime/lua/if_values.lua&apos;
	no file &apos;spec/lua/if_values.lua&apos;
	no file &apos;spec/lua/extra/if_values.lua&apos;
	no file &apos;compiled/lua/if_values.lua&apos;
	no file &apos;/home/travis/build/kaitai-io/ci_targets/lua_install/share/lua/5.3/if_values.lua&apos;
	no file &apos;/home/travis/build/kaitai-io/ci_targets/lua_install/share/lua/5.3/if_values/init.lua&apos;
	no file &apos;./if_values.lua&apos;
	no file &apos;./if_values/init.lua&apos;
	no file &apos;/home/travis/build/kaitai-io/ci_targets/lua_install/lib/lua/5.3/if_values.so&apos;
	no file &apos;/home/travis/build/kaitai-io/ci_targets/lua_install/lib/lua/5.3/loadall.so&apos;
	no file &apos;./if_values.so&apos;">
                <![CDATA[stack traceback:
	spec/lua/run_test_suite.lua:17: in upvalue 'TestIfValues.test_if_values']]></failure>
        </testcase>
        <testcase classname="TestImports0" name="TestImports0.test_imports0" time="0.007">
[...]
	no file &apos;spec/lua/extra/switch_manual_int_else.lua&apos;
	no file &apos;compiled/lua/switch_manual_int_else.lua&apos;
	no file &apos;/home/travis/build/kaitai-io/ci_targets/lua_install/share/lua/5.3/switch_manual_int_else.lua&apos;
	no file &apos;/home/travis/build/kaitai-io/ci_targets/lua_install/share/lua/5.3/switch_manual_int_else/init.lua&apos;
	no file &apos;./switch_manual_int_else.lua&apos;
	no file &apos;./switch_manual_int_else/init.lua&apos;
	no file &apos;/home/travis/build/kaitai-io/ci_targets/lua_install/lib/lua/5.3/switch_manual_int_else.so&apos;
	no file &apos;/home/travis/build/kaitai-io/ci_targets/lua_install/lib/lua/5.3/loadall.so&apos;
	no file &apos;./switch_manual_int_else.so&apos;">
                <![CDATA[stack traceback:
	spec/lua/run_test_suite.lua:17: in upvalue 'TestSwitchManualIntElse.test_switch_manual_int_else']]></failure>
        </testcase>
        <testcase classname="TestSwitchManualIntSize" name="TestSwitchManualIntSize.test_switch_manual_int_size" time="0.009">
            <failure type="spec/lua/run_test_suite.lua:17: spec/lua/test_switch_manual_int_size.lua:3: module &apos;switch_manual_int_size&apos; not found:
	no field package.preload[&apos;switch_manual_int_size&apos;]
	no file &apos;../runtime/lua/switch_manual_int_size.lua&apos;
	no file &apos;spec/lua/switch_manual_int_size.lua&apos;
	no file &apos;spec/lua/extra/switch_manual_int_size.lua&apos;
	no file &apos;compiled/lua/switch_manual_int_size.lua&apos;
	no file &apos;/home/travis/build/kaitai-io/ci_targets/lua_install/share/lua/5.3/switch_manual_int_size.lua&apos;
	no file &apos;/home/travis/build/kaitai-io/ci_targets/lua_install/share/lua/5.3/switch_manual_int_size/init.lua&apos;
	no file &apos;./switch_manual_int_size.lua&apos;
	no file &apos;./switch_manual_int_size/init.lua&apos;
	no file &apos;/home/travis/build/kaitai-io/ci_targets/lua_install/lib/lua/5.3/switch_manual_int_size.so&apos;
	no file &apos;/home/travis/build/kaitai-io/ci_targets/lua_install/lib/lua/5.3/loadall.so&apos;
	no file &apos;./switch_manual_int_size.so&apos;">
                <![CDATA[stack traceback:
	spec/lua/run_test_suite.lua:17: in upvalue 'TestSwitchManualIntSize.test_switch_manual_int_size']]></failure>
        </testcase>
        <testcase classname="TestSwitchManualIntSizeElse" name="TestSwitchManualIntSizeElse.test_switch_manual_int_size_else" time="0.010">
            <failure type="spec/lua/run_test_suite.lua:17: spec/lua/test_switch_manual_int_size_else.lua:5: module &apos;switch_manual_int_size_else&apos; not found:
	no field package.preload[&apos;switch_manual_int_size_else&apos;]
	no file &apos;../runtime/lua/switch_manual_int_size_else.lua&apos;
	no file &apos;spec/lua/switch_manual_int_size_else.lua&apos;
	no file &apos;spec/lua/extra/switch_manual_int_size_else.lua&apos;
	no file &apos;compiled/lua/switch_manual_int_size_else.lua&apos;
	no file &apos;/home/travis/build/kaitai-io/ci_targets/lua_install/share/lua/5.3/switch_manual_int_size_else.lua&apos;
	no file &apos;/home/travis/build/kaitai-io/ci_targets/lua_install/share/lua/5.3/switch_manual_int_size_else/init.lua&apos;
	no file &apos;./switch_manual_int_size_else.lua&apos;
	no file &apos;./switch_manual_int_size_else/init.lua&apos;
	no file &apos;/home/travis/build/kaitai-io/ci_targets/lua_install/lib/lua/5.3/switch_manual_int_size_else.so&apos;
	no file &apos;/home/travis/build/kaitai-io/ci_targets/lua_install/lib/lua/5.3/loadall.so&apos;
	no file &apos;./switch_manual_int_size_else.so&apos;">
                <![CDATA[stack traceback:
	spec/lua/run_test_suite.lua:17: in upvalue 'TestSwitchManualIntSizeElse.test_switch_manual_int_size_else']]></failure>
        </testcase>
        <testcase classname="TestSwitchManualIntSizeEos" name="TestSwitchManualIntSizeEos.test_switch_manual_int_size_eos" time="0.009">
            <failure type="spec/lua/run_test_suite.lua:17: spec/lua/test_switch_manual_int_size_eos.lua:3: module &apos;switch_manual_int_size_eos&apos; not found:
	no field package.preload[&apos;switch_manual_int_size_eos&apos;]
	no file &apos;../runtime/lua/switch_manual_int_size_eos.lua&apos;
	no file &apos;spec/lua/switch_manual_int_size_eos.lua&apos;
	no file &apos;spec/lua/extra/switch_manual_int_size_eos.lua&apos;
	no file &apos;compiled/lua/switch_manual_int_size_eos.lua&apos;
	no file &apos;/home/travis/build/kaitai-io/ci_targets/lua_install/share/lua/5.3/switch_manual_int_size_eos.lua&apos;
	no file &apos;/home/travis/build/kaitai-io/ci_targets/lua_install/share/lua/5.3/switch_manual_int_size_eos/init.lua&apos;
	no file &apos;./switch_manual_int_size_eos.lua&apos;
	no file &apos;./switch_manual_int_size_eos/init.lua&apos;
	no file &apos;/home/travis/build/kaitai-io/ci_targets/lua_install/lib/lua/5.3/switch_manual_int_size_eos.so&apos;
	no file &apos;/home/travis/build/kaitai-io/ci_targets/lua_install/lib/lua/5.3/loadall.so&apos;
	no file &apos;./switch_manual_int_size_eos.so&apos;">
                <![CDATA[stack traceback:
	spec/lua/run_test_suite.lua:17: in upvalue 'TestSwitchManualIntSizeEos.test_switch_manual_int_size_eos']]></failure>
        </testcase>
        <testcase classname="TestSwitchManualStr" name="TestSwitchManualStr.test_switch_manual_str" time="0.005">
            <failure type="spec/lua/run_test_suite.lua:17: spec/lua/test_switch_manual_str.lua:5: module &apos;switch_manual_str&apos; not found:
	no field package.preload[&apos;switch_manual_str&apos;]
	no file &apos;../runtime/lua/switch_manual_str.lua&apos;
	no file &apos;spec/lua/switch_manual_str.lua&apos;
	no file &apos;spec/lua/extra/switch_manual_str.lua&apos;
	no file &apos;compiled/lua/switch_manual_str.lua&apos;
	no file &apos;/home/travis/build/kaitai-io/ci_targets/lua_install/share/lua/5.3/switch_manual_str.lua&apos;
	no file &apos;/home/travis/build/kaitai-io/ci_targets/lua_install/share/lua/5.3/switch_manual_str/init.lua&apos;
	no file &apos;./switch_manual_str.lua&apos;
	no file &apos;./switch_manual_str/init.lua&apos;
	no file &apos;/home/travis/build/kaitai-io/ci_targets/lua_install/lib/lua/5.3/switch_manual_str.so&apos;
	no file &apos;/home/travis/build/kaitai-io/ci_targets/lua_install/lib/lua/5.3/loadall.so&apos;
	no file &apos;./switch_manual_str.so&apos;">
                <![CDATA[stack traceback:
	spec/lua/run_test_suite.lua:17: in upvalue 'TestSwitchManualStr.test_switch_manual_str']]></failure>
        </testcase>
        <testcase classname="TestSwitchManualStrElse" name="TestSwitchManualStrElse.test_switch_manual_str_else" time="0.009">
            <failure type="spec/lua/run_test_suite.lua:17: spec/lua/test_switch_manual_str_else.lua:5: module &apos;switch_manual_str_else&apos; not found:
	no field package.preload[&apos;switch_manual_str_else&apos;]
	no file &apos;../runtime/lua/switch_manual_str_else.lua&apos;
	no file &apos;spec/lua/switch_manual_str_else.lua&apos;
	no file &apos;spec/lua/extra/switch_manual_str_else.lua&apos;
	no file &apos;compiled/lua/switch_manual_str_else.lua&apos;
	no file &apos;/home/travis/build/kaitai-io/ci_targets/lua_install/share/lua/5.3/switch_manual_str_else.lua&apos;
	no file &apos;/home/travis/build/kaitai-io/ci_targets/lua_install/share/lua/5.3/switch_manual_str_else/init.lua&apos;
	no file &apos;./switch_manual_str_else.lua&apos;
	no file &apos;./switch_manual_str_else/init.lua&apos;
	no file &apos;/home/travis/build/kaitai-io/ci_targets/lua_install/lib/lua/5.3/switch_manual_str_else.so&apos;
	no file &apos;/home/travis/build/kaitai-io/ci_targets/lua_install/lib/lua/5.3/loadall.so&apos;
	no file &apos;./switch_manual_str_else.so&apos;">
                <![CDATA[stack traceback:
	spec/lua/run_test_suite.lua:17: in upvalue 'TestSwitchManualStrElse.test_switch_manual_str_else']]></failure>
        </testcase>
        <testcase classname="TestSwitchMultiBoolOps" name="TestSwitchMultiBoolOps.test_switch_multi_bool_ops" time="0.009">
            <failure type="spec/lua/run_test_suite.lua:17: spec/lua/test_switch_multi_bool_ops.lua:3: module &apos;switch_multi_bool_ops&apos; not found:
	no field package.preload[&apos;switch_multi_bool_ops&apos;]
	no file &apos;../runtime/lua/switch_multi_bool_ops.lua&apos;
	no file &apos;spec/lua/switch_multi_bool_ops.lua&apos;
	no file &apos;spec/lua/extra/switch_multi_bool_ops.lua&apos;
	no file &apos;compiled/lua/switch_multi_bool_ops.lua&apos;
	no file &apos;/home/travis/build/kaitai-io/ci_targets/lua_install/share/lua/5.3/switch_multi_bool_ops.lua&apos;
	no file &apos;/home/travis/build/kaitai-io/ci_targets/lua_install/share/lua/5.3/switch_multi_bool_ops/init.lua&apos;
	no file &apos;./switch_multi_bool_ops.lua&apos;
	no file &apos;./switch_multi_bool_ops/init.lua&apos;
	no file &apos;/home/travis/build/kaitai-io/ci_targets/lua_install/lib/lua/5.3/switch_multi_bool_ops.so&apos;
	no file &apos;/home/travis/build/kaitai-io/ci_targets/lua_install/lib/lua/5.3/loadall.so&apos;
	no file &apos;./switch_multi_bool_ops.so&apos;">
                <![CDATA[stack traceback:
	spec/lua/run_test_suite.lua:17: in upvalue 'TestSwitchMultiBoolOps.test_switch_multi_bool_ops']]></failure>
        </testcase>
        <testcase classname="TestSwitchRepeatExpr" name="TestSwitchRepeatExpr.test_switch_repeat_expr" time="0.008">
            <failure type="spec/lua/run_test_suite.lua:17: spec/lua/test_switch_repeat_expr.lua:3: module &apos;switch_repeat_expr&apos; not found:
	no field package.preload[&apos;switch_repeat_expr&apos;]
	no file &apos;../runtime/lua/switch_repeat_expr.lua&apos;
	no file &apos;spec/lua/switch_repeat_expr.lua&apos;
	no file &apos;spec/lua/extra/switch_repeat_expr.lua&apos;
	no file &apos;compiled/lua/switch_repeat_expr.lua&apos;
	no file &apos;/home/travis/build/kaitai-io/ci_targets/lua_install/share/lua/5.3/switch_repeat_expr.lua&apos;
	no file &apos;/home/travis/build/kaitai-io/ci_targets/lua_install/share/lua/5.3/switch_repeat_expr/init.lua&apos;
	no file &apos;./switch_repeat_expr.lua&apos;
	no file &apos;./switch_repeat_expr/init.lua&apos;
	no file &apos;/home/travis/build/kaitai-io/ci_targets/lua_install/lib/lua/5.3/switch_repeat_expr.so&apos;
	no file &apos;/home/travis/build/kaitai-io/ci_targets/lua_install/lib/lua/5.3/loadall.so&apos;
	no file &apos;./switch_repeat_expr.so&apos;">
                <![CDATA[stack traceback:
	spec/lua/run_test_suite.lua:17: in upvalue 'TestSwitchRepeatExpr.test_switch_repeat_expr']]></failure>
        </testcase>
        <testcase classname="TestTermBytes" name="TestTermBytes.test_term_bytes" time="0.006">
            <failure type="spec/lua/run_test_suite.lua:17: spec/lua/test_term_bytes.lua:5: module &apos;term_bytes&apos; not found:
	no field package.preload[&apos;term_bytes&apos;]
	no file &apos;../runtime/lua/term_bytes.lua&apos;
	no file &apos;spec/lua/term_bytes.lua&apos;
	no file &apos;spec/lua/extra/term_bytes.lua&apos;
	no file &apos;compiled/lua/term_bytes.lua&apos;
	no file &apos;/home/travis/build/kaitai-io/ci_targets/lua_install/share/lua/5.3/term_bytes.lua&apos;
	no file &apos;/home/travis/build/kaitai-io/ci_targets/lua_install/share/lua/5.3/term_bytes/init.lua&apos;
	no file &apos;./term_bytes.lua&apos;
	no file &apos;./term_bytes/init.lua&apos;
	no file &apos;/home/travis/build/kaitai-io/ci_targets/lua_install/lib/lua/5.3/term_bytes.so&apos;
	no file &apos;/home/travis/build/kaitai-io/ci_targets/lua_install/lib/lua/5.3/loadall.so&apos;
	no file &apos;./term_bytes.so&apos;">
                <![CDATA[stack traceback:
	spec/lua/run_test_suite.lua:17: in upvalue 'TestTermBytes.test_term_bytes']]></failure>
        </testcase>
        <testcase classname="TestTermStrz" name="TestTermStrz.test_term_strz" time="0.006">
            <failure type="spec/lua/run_test_suite.lua:17: spec/lua/test_term_strz.lua:5: module &apos;term_strz&apos; not found:
	no field package.preload[&apos;term_strz&apos;]
	no file &apos;../runtime/lua/term_strz.lua&apos;
	no file &apos;spec/lua/term_strz.lua&apos;
	no file &apos;spec/lua/extra/term_strz.lua&apos;
	no file &apos;compiled/lua/term_strz.lua&apos;
	no file &apos;/home/travis/build/kaitai-io/ci_targets/lua_install/share/lua/5.3/term_strz.lua&apos;
	no file &apos;/home/travis/build/kaitai-io/ci_targets/lua_install/share/lua/5.3/term_strz/init.lua&apos;
	no file &apos;./term_strz.lua&apos;
	no file &apos;./term_strz/init.lua&apos;
	no file &apos;/home/travis/build/kaitai-io/ci_targets/lua_install/lib/lua/5.3/term_strz.so&apos;
	no file &apos;/home/travis/build/kaitai-io/ci_targets/lua_install/lib/lua/5.3/loadall.so&apos;
	no file &apos;./term_strz.so&apos;">
                <![CDATA[stack traceback:
	spec/lua/run_test_suite.lua:17: in upvalue 'TestTermStrz.test_term_strz']]></failure>
        </testcase>
        <testcase classname="TestTsPacketHeader" name="TestTsPacketHeader.test_ts_packet_header" time="0.008">
            <failure type="spec/lua/run_test_suite.lua:17: spec/lua/test_ts_packet_header.lua:5: module &apos;ts_packet_header&apos; not found:
	no field package.preload[&apos;ts_packet_header&apos;]
	no file &apos;../runtime/lua/ts_packet_header.lua&apos;
	no file &apos;spec/lua/ts_packet_header.lua&apos;
	no file &apos;spec/lua/extra/ts_packet_header.lua&apos;
	no file &apos;compiled/lua/ts_packet_header.lua&apos;
	no file &apos;/home/travis/build/kaitai-io/ci_targets/lua_install/share/lua/5.3/ts_packet_header.lua&apos;
	no file &apos;/home/travis/build/kaitai-io/ci_targets/lua_install/share/lua/5.3/ts_packet_header/init.lua&apos;
	no file &apos;./ts_packet_header.lua&apos;
	no file &apos;./ts_packet_header/init.lua&apos;
	no file &apos;/home/travis/build/kaitai-io/ci_targets/lua_install/lib/lua/5.3/ts_packet_header.so&apos;
	no file &apos;/home/travis/build/kaitai-io/ci_targets/lua_install/lib/lua/5.3/loadall.so&apos;
	no file &apos;./ts_packet_header.so&apos;">
                <![CDATA[stack traceback:
	spec/lua/run_test_suite.lua:17: in upvalue 'TestTsPacketHeader.test_ts_packet_header']]></failure>
        </testcase>
        <testcase classname="TestTypeIntUnaryOp" name="TestTypeIntUnaryOp.test_type_int_unary_op" time="0.008">
            <failure type="spec/lua/run_test_suite.lua:17: spec/lua/test_type_int_unary_op.lua:5: module &apos;type_int_unary_op&apos; not found:
	no field package.preload[&apos;type_int_unary_op&apos;]
	no file &apos;../runtime/lua/type_int_unary_op.lua&apos;
	no file &apos;spec/lua/type_int_unary_op.lua&apos;
	no file &apos;spec/lua/extra/type_int_unary_op.lua&apos;
	no file &apos;compiled/lua/type_int_unary_op.lua&apos;
	no file &apos;/home/travis/build/kaitai-io/ci_targets/lua_install/share/lua/5.3/type_int_unary_op.lua&apos;
	no file &apos;/home/travis/build/kaitai-io/ci_targets/lua_install/share/lua/5.3/type_int_unary_op/init.lua&apos;
	no file &apos;./type_int_unary_op.lua&apos;
	no file &apos;./type_int_unary_op/init.lua&apos;
	no file &apos;/home/travis/build/kaitai-io/ci_targets/lua_install/lib/lua/5.3/type_int_unary_op.so&apos;
	no file &apos;/home/travis/build/kaitai-io/ci_targets/lua_install/lib/lua/5.3/loadall.so&apos;
	no file &apos;./type_int_unary_op.so&apos;">
                <![CDATA[stack traceback:
	spec/lua/run_test_suite.lua:17: in upvalue 'TestTypeIntUnaryOp.test_type_int_unary_op']]></failure>
        </testcase>
        <testcase classname="TestTypeTernary" name="TestTypeTernary.test_type_ternary" time="0.007">
            <failure type="spec/lua/run_test_suite.lua:17: spec/lua/test_type_ternary.lua:5: module &apos;type_ternary&apos; not found:
	no field package.preload[&apos;type_ternary&apos;]
	no file &apos;../runtime/lua/type_ternary.lua&apos;
	no file &apos;spec/lua/type_ternary.lua&apos;
	no file &apos;spec/lua/extra/type_ternary.lua&apos;
	no file &apos;compiled/lua/type_ternary.lua&apos;
	no file &apos;/home/travis/build/kaitai-io/ci_targets/lua_install/share/lua/5.3/type_ternary.lua&apos;
	no file &apos;/home/travis/build/kaitai-io/ci_targets/lua_install/share/lua/5.3/type_ternary/init.lua&apos;
	no file &apos;./type_ternary.lua&apos;
	no file &apos;./type_ternary/init.lua&apos;
	no file &apos;/home/travis/build/kaitai-io/ci_targets/lua_install/lib/lua/5.3/type_ternary.so&apos;
	no file &apos;/home/travis/build/kaitai-io/ci_targets/lua_install/lib/lua/5.3/loadall.so&apos;
	no file &apos;./type_ternary.so&apos;">
                <![CDATA[stack traceback:
	spec/lua/run_test_suite.lua:17: in upvalue 'TestTypeTernary.test_type_ternary']]></failure>
        </testcase>
        <testcase classname="TestTypeTernaryOpaque" name="TestTypeTernaryOpaque.test_type_ternary_opaque" time="0.009">
            <failure type="spec/lua/run_test_suite.lua:17: spec/lua/test_type_ternary_opaque.lua:3: module &apos;type_ternary_opaque&apos; not found:
	no field package.preload[&apos;type_ternary_opaque&apos;]
	no file &apos;../runtime/lua/type_ternary_opaque.lua&apos;
	no file &apos;spec/lua/type_ternary_opaque.lua&apos;
	no file &apos;spec/lua/extra/type_ternary_opaque.lua&apos;
	no file &apos;compiled/lua/type_ternary_opaque.lua&apos;
	no file &apos;/home/travis/build/kaitai-io/ci_targets/lua_install/share/lua/5.3/type_ternary_opaque.lua&apos;
	no file &apos;/home/travis/build/kaitai-io/ci_targets/lua_install/share/lua/5.3/type_ternary_opaque/init.lua&apos;
	no file &apos;./type_ternary_opaque.lua&apos;
	no file &apos;./type_ternary_opaque/init.lua&apos;
	no file &apos;/home/travis/build/kaitai-io/ci_targets/lua_install/lib/lua/5.3/type_ternary_opaque.so&apos;
	no file &apos;/home/travis/build/kaitai-io/ci_targets/lua_install/lib/lua/5.3/loadall.so&apos;
	no file &apos;./type_ternary_opaque.so&apos;">
                <![CDATA[stack traceback:
	spec/lua/run_test_suite.lua:17: in upvalue 'TestTypeTernaryOpaque.test_type_ternary_opaque']]></failure>
        </testcase>
        <testcase classname="TestUserType" name="TestUserType.test_user_type" time="0.006">
            <failure type="spec/lua/run_test_suite.lua:17: spec/lua/test_user_type.lua:5: module &apos;user_type&apos; not found:
	no field package.preload[&apos;user_type&apos;]
	no file &apos;../runtime/lua/user_type.lua&apos;
	no file &apos;spec/lua/user_type.lua&apos;
	no file &apos;spec/lua/extra/user_type.lua&apos;
	no file &apos;compiled/lua/user_type.lua&apos;
	no file &apos;/home/travis/build/kaitai-io/ci_targets/lua_install/share/lua/5.3/user_type.lua&apos;
	no file &apos;/home/travis/build/kaitai-io/ci_targets/lua_install/share/lua/5.3/user_type/init.lua&apos;
	no file &apos;./user_type.lua&apos;
	no file &apos;./user_type/init.lua&apos;
	no file &apos;/home/travis/build/kaitai-io/ci_targets/lua_install/lib/lua/5.3/user_type.so&apos;
	no file &apos;/home/travis/build/kaitai-io/ci_targets/lua_install/lib/lua/5.3/loadall.so&apos;
	no file &apos;./user_type.so&apos;">
                <![CDATA[stack traceback:
	spec/lua/run_test_suite.lua:17: in upvalue 'TestUserType.test_user_type']]></failure>
        </testcase>
        <testcase classname="TestYamlInts" name="TestYamlInts.test_yaml_ints" time="0.006">
            <failure type="spec/lua/run_test_suite.lua:17: spec/lua/test_yaml_ints.lua:3: module &apos;yaml_ints&apos; not found:
	no field package.preload[&apos;yaml_ints&apos;]
	no file &apos;../runtime/lua/yaml_ints.lua&apos;
	no file &apos;spec/lua/yaml_ints.lua&apos;
	no file &apos;spec/lua/extra/yaml_ints.lua&apos;
	no file &apos;compiled/lua/yaml_ints.lua&apos;
	no file &apos;/home/travis/build/kaitai-io/ci_targets/lua_install/share/lua/5.3/yaml_ints.lua&apos;
	no file &apos;/home/travis/build/kaitai-io/ci_targets/lua_install/share/lua/5.3/yaml_ints/init.lua&apos;
	no file &apos;./yaml_ints.lua&apos;
	no file &apos;./yaml_ints/init.lua&apos;
	no file &apos;/home/travis/build/kaitai-io/ci_targets/lua_install/lib/lua/5.3/yaml_ints.so&apos;
	no file &apos;/home/travis/build/kaitai-io/ci_targets/lua_install/lib/lua/5.3/loadall.so&apos;
	no file &apos;./yaml_ints.so&apos;">
                <![CDATA[stack traceback:
	spec/lua/run_test_suite.lua:17: in upvalue 'TestYamlInts.test_yaml_ints']]></failure>
        </testcase>
    <system-out/>
    <system-err/>
    </testsuite>
</testsuites>
