<testsuites>
  <testsuite tests="199" failures="6" errors="23" name="nim">
    <testcase time="0.00123906" name="tbcd_user_type_be" />
    <testcase time="0.00143123" name="tbcd_user_type_le" />
    <testcase time="0.00120664" name="tbits_byte_aligned" />
    <testcase time="0.00139332" name="tbits_enum" />
    <testcase time="0.00114799" name="tbits_seq_endian_combo" />
    <testcase time="0.00139761" name="tbits_shift_by_b32_le" />
    <testcase time="0.00118184" name="tbits_shift_by_b64_le" />
    <testcase time="0.00106812" name="tbits_signed_res_b32_be" />
    <testcase time="0.00113630" name="tbits_signed_res_b32_le" />
    <testcase time="0.00115681" name="tbits_signed_shift_b32_le" />
    <testcase time="0.00158095" name="tbits_signed_shift_b64_le" />
    <testcase time="0.00124741" name="tbits_simple" />
    <testcase time="0.00121069" name="tbits_simple_le" />
    <testcase time="0.00140929" name="tbits_unaligned_b32_be" />
    <testcase time="0.00130749" name="tbits_unaligned_b32_le" />
    <testcase time="0.00137758" name="tbits_unaligned_b64_be" />
    <testcase time="0.00117397" name="tbits_unaligned_b64_le" />
    <testcase time="0.00123692" name="tbuffered_struct" />
    <testcase time="0.00137663" name="tbytes_pad_term" />
    <testcase time="0.00142956" name="tcast_nested" />
    <testcase time="0.00134873" name="tcast_to_imported" />
    <testcase time="0.00134182" name="tcast_to_top" />
    <testcase time="0.00122285" name="tcombine_bool" />
    <testcase time="0.00136089" name="tcombine_bytes" />
    <testcase time="0.00129199" name="tcombine_enum" />
    <testcase time="0.00134087" name="tcombine_str" />
    <testcase time="0.00115108" name="tdebug_switch_user" />
    <testcase time="0.00121522" name="tdefault_big_endian" />
    <testcase time="0.00114775" name="tdefault_bit_endian_mod" />
    <testcase time="0.00147653" name="tdefault_endian_expr_inherited" />
    <testcase time="0.00114846" name="tdefault_endian_expr_is_be" />
    <testcase time="0.00150609" name="tdefault_endian_expr_is_le" />
    <testcase time="0.00160503" name="tdefault_endian_mod" />
    <testcase time="0.00124669" name="tdocstrings" />
    <testcase time="0.00141931" name="tdocstrings_docref" />
    <testcase time="0.00127292" name="tdocstrings_docref_multi" />
    <testcase time="0.00141835" name="tenum_0" />
    <testcase time="0.00133014" name="tenum_1" />
    <testcase time="0.00110745" name="tenum_deep" />
    <testcase time="0.00147223" name="tenum_deep_literals" />
    <testcase time="0.00144482" name="tenum_fancy" />
    <testcase time="0.00130773" name="tenum_if" />
    <testcase time="0.00131369" name="tenum_import" />
    <testcase time="0.00109100" name="tenum_int_range_s" />
    <testcase time="0.00136995" name="tenum_int_range_u" />
    <testcase time="0.00000000" name="tenum_invalid">
      <failure message="/tests/spec/nim/tenum_invalid.nim(10, 15) Error: type mismatch: got &amp;lt;EnumInvalid_Animal, int literal(111)&amp;gt;
but expected one of:
proc `==`[Enum: enum](x, y: Enum): bool
  first type mismatch at position: 2
  required type for y: Enum: enum
  but expression &amp;apos;111&amp;apos; is of type: int literal(111)
proc `==`[T: tuple | object](x, y: T): bool
  first type mismatch at position: 2
  required type for y: T: tuple or object
  but expression &amp;apos;111&amp;apos; is of type: int literal(111)
proc `==`[T](a, b: Option[T]): bool
  first type mismatch at position: 2
  required type for b: Option[==.T]
  but expression &amp;apos;111&amp;apos; is of type: int literal(111)
30 other mismatching symbols have been suppressed; compile with --showAllMismatches:on to see them

expression: r.pet2 == 111
" />
    </testcase>
    <testcase time="0.00132775" name="tenum_long_range_s" />
    <testcase time="0.00167418" name="tenum_long_range_u" />
    <testcase time="0.00137687" name="tenum_negative" />
    <testcase time="0.00132370" name="tenum_of_value_inst" />
    <testcase time="0.00117636" name="tenum_to_i" />
    <testcase time="0.00000000" name="tenum_to_i_class_border_1">
      <failure message="/tests/compiled/nim/enum_to_i_class_border_1.nim(13, 20) Error: undeclared identifier: &amp;apos;EnumToIClassBorder2&amp;apos;
candidates (edit distance, scope distance); see &amp;apos;--spellSuggest&amp;apos;: 
 (1, 0): &amp;apos;EnumToIClassBorder1&amp;apos; [type declared in /tests/compiled/nim/enum_to_i_class_border_1.nim(7, 3)]
 (1, 0): &amp;apos;enum_to_i_class_border_2&amp;apos; [module declared in /tests/compiled/nim/enum_to_i_class_border_1.nim(5, 8)]
This might be caused by a recursive module dependency:
/tests/compiled/nim/enum_to_i_class_border_2.nim imports /tests/compiled/nim/enum_to_i_class_border_1.nim
/tests/compiled/nim/enum_to_i_class_border_1.nim imports /tests/compiled/nim/enum_to_i_class_border_2.nim
" />
    </testcase>
    <testcase time="0.00000000" name="tenum_to_i_invalid">
      <failure message="/tests/spec/nim/tenum_to_i_invalid.nim(10, 15) Error: type mismatch: got &amp;lt;EnumToIInvalid_Animal, int literal(111)&amp;gt;
but expected one of:
proc `==`[Enum: enum](x, y: Enum): bool
  first type mismatch at position: 2
  required type for y: Enum: enum
  but expression &amp;apos;111&amp;apos; is of type: int literal(111)
proc `==`[T: tuple | object](x, y: T): bool
  first type mismatch at position: 2
  required type for y: T: tuple or object
  but expression &amp;apos;111&amp;apos; is of type: int literal(111)
proc `==`[T](a, b: Option[T]): bool
  first type mismatch at position: 2
  required type for b: Option[==.T]
  but expression &amp;apos;111&amp;apos; is of type: int literal(111)
30 other mismatching symbols have been suppressed; compile with --showAllMismatches:on to see them

expression: r.pet2 == 111
" />
    </testcase>
    <testcase time="0.00152373" name="texpr_0" />
    <testcase time="0.00126100" name="texpr_1" />
    <testcase time="0.00145531" name="texpr_2" />
    <testcase time="0.00143719" name="texpr_3" />
    <testcase time="0.00161839" name="texpr_array" />
    <testcase time="0.00147510" name="texpr_bits" />
    <testcase time="0.00105929" name="texpr_bytes_cmp" />
    <testcase time="0.00175118" name="texpr_bytes_non_literal" />
    <testcase time="0.00160193" name="texpr_bytes_ops" />
    <testcase time="0.00155568" name="texpr_calc_array_ops" />
    <testcase time="0.00151944" name="texpr_enum" />
    <testcase time="0.00112557" name="texpr_if_int_ops" />
    <testcase time="0.00146079" name="texpr_int_div">
      <failure message="/tests/spec/nim/texpr_int_div.nim(12) texpr_int_div
/nim/lib/system/assertions.nim(38) failedAssertImpl
/nim/lib/system/assertions.nim(28) raiseAssert
/nim/lib/system/fatal.nim(53) sysFatal
Error: unhandled exception: /tests/spec/nim/texpr_int_div.nim(12, 8) `r.divNegConst == -757`  [AssertionDefect]
" />
    </testcase>
    <testcase time="0.00126123" name="texpr_io_eof" />
    <testcase time="0.00155139" name="texpr_io_pos" />
    <testcase time="0.00157285" name="texpr_mod" />
    <testcase time="0.00157714" name="texpr_ops_parens" />
    <testcase time="0.00128412" name="texpr_sizeof_type_0" />
    <testcase time="0.00144029" name="texpr_sizeof_type_1" />
    <testcase time="0.00120592" name="texpr_sizeof_value_0" />
    <testcase time="0.00120449" name="texpr_sizeof_value_sized" />
    <testcase time="0.16214800" name="texpr_str_encodings">
      <failure message="Traceback (most recent call last)
/tests/spec/nim/texpr_str_encodings.nim(7) texpr_str_encodings
/tests/compiled/nim/expr_str_encodings.nim(122) fromFile
/tests/compiled/nim/expr_str_encodings.nim(62) read
/root/.nimble/pkgs/kaitai_struct_nim_runtime-#head/kaitai_struct_nim_runtime.nim(333) encode
/nim/lib/pure/encodings.nim(507) convert
/nim/lib/pure/encodings.nim(467) convert
SIGSEGV: Illegal storage access. (Attempt to read from nil?)
" />
    </testcase>
    <testcase time="0.00169373" name="texpr_str_ops" />
    <testcase time="0.00151229" name="tfixed_contents" />
    <testcase time="0.00127864" name="tfixed_struct" />
    <testcase time="0.00142574" name="tfloat_to_i" />
    <testcase time="0.00154877" name="tfloating_points">
      <failure message="/tests/spec/nim/tfloating_points.nim(13) tfloating_points
/nim/lib/system/assertions.nim(38) failedAssertImpl
/nim/lib/system/assertions.nim(28) raiseAssert
/nim/lib/system/fatal.nim(53) sysFatal
Error: unhandled exception: /tests/spec/nim/tfloating_points.nim(13, 8) `r.approximateValue == 1.2345`  [AssertionDefect]
" />
    </testcase>
    <testcase time="0.00115561" name="thello_world" />
    <testcase time="0.00131941" name="tif_instances" />
    <testcase time="0.00150466" name="tif_struct" />
    <testcase time="0.00155568" name="tif_values" />
    <testcase time="0.00119710" name="timports0" />
    <testcase time="0.00000000" name="timports_abs">
      <failure message="/tests/compiled/nim/imports_abs.nim(3, 15) Error: cannot open file: /common/vlq_base128_le
" />
    </testcase>
    <testcase time="0.00000000" name="timports_circular_a">
      <failure message="/tests/compiled/nim/imports_circular_a.nim(9, 13) Error: undeclared identifier: &amp;apos;ImportsCircularB&amp;apos;
candidates (edit distance, scope distance); see &amp;apos;--spellSuggest&amp;apos;: 
 (1, 0): &amp;apos;ImportsCircularA&amp;apos; [type declared in /tests/compiled/nim/imports_circular_a.nim(7, 3)]
 (1, 0): &amp;apos;imports_circular_b&amp;apos; [module declared in /tests/compiled/nim/imports_circular_a.nim(5, 8)]
This might be caused by a recursive module dependency:
/tests/compiled/nim/imports_circular_b.nim imports /tests/compiled/nim/imports_circular_a.nim
/tests/compiled/nim/imports_circular_a.nim imports /tests/compiled/nim/imports_circular_b.nim
" />
    </testcase>
    <testcase time="0.00000000" name="timports_rel_1">
      <failure message="/tests/compiled/nim/imports_rel_1.nim(3, 23) Error: cannot open file: for_rel_imports/imported_1
" />
    </testcase>
    <testcase time="0.00175667" name="tindex_sizes" />
    <testcase time="0.00151896" name="tindex_to_param_eos" />
    <testcase time="0.00144672" name="tindex_to_param_expr" />
    <testcase time="0.00154543" name="tindex_to_param_until" />
    <testcase time="0.00182271" name="tinstance_io_user" />
    <testcase time="0.00148392" name="tinstance_std" />
    <testcase time="0.00146818" name="tinstance_std_array" />
    <testcase time="0.00145555" name="tinstance_user_array" />
    <testcase time="0.00176620" name="tintegers" />
    <testcase time="0.00144362" name="tintegers_double_overflow" />
    <testcase time="0.00000000" name="tintegers_min_max">
      <failure message="/tests/spec/nim/tintegers_min_max.nim(26, 29) Error: number out of range: &amp;apos;9223372036854775808&amp;apos;u64&amp;apos;
" />
    </testcase>
    <testcase time="0.00000000" name="tio_local_var">
      <failure message="/tests/compiled/nim/io_local_var.nim(59, 25) Error: type mismatch: got &amp;apos;seq[byte]&amp;apos; for &amp;apos;messUpInstExpr&amp;apos; but expected &amp;apos;KaitaiStruct = ref KaitaiStruct:ObjectType&amp;apos;
" />
    </testcase>
    <testcase time="0.00209022" name="tjs_signed_right_shift" />
    <testcase time="0.00138712" name="tmeta_tags" />
    <testcase time="0.00143147" name="tmeta_xref" />
    <testcase time="0.00135636" name="tmultiple_use" />
    <testcase time="0.00139165" name="tnav_parent" />
    <testcase time="0.00158811" name="tnav_parent2" />
    <testcase time="0.00130558" name="tnav_parent3" />
    <testcase time="0.00142717" name="tnav_parent_false" />
    <testcase time="0.00146818" name="tnav_parent_false2" />
    <testcase time="0.00155473" name="tnav_parent_override" />
    <testcase time="0.00149202" name="tnav_parent_switch" />
    <testcase time="0.00000000" name="tnav_parent_switch_cast">
      <failure message="/tests/compiled/nim/nav_parent_switch_cast.nim(120, 64) Error: undeclared field: &amp;apos;parent&amp;apos; for type kaitai_struct_nim_runtime.KaitaiStruct [type declared in /root/.nimble/pkgs/kaitai_struct_nim_runtime-#head/kaitai_struct_nim_runtime.nim(5, 3)]
" />
    </testcase>
    <testcase time="0.00151277" name="tnav_parent_vs_value_inst" />
    <testcase time="0.00124693" name="tnav_root" />
    <testcase time="0.00137401" name="tnested_same_name" />
    <testcase time="0.00143123" name="tnested_same_name2" />
    <testcase time="0.00117993" name="tnested_type_param" />
    <testcase time="0.00142360" name="tnested_types" />
    <testcase time="0.00150418" name="tnested_types2" />
    <testcase time="0.00148797" name="tnested_types3" />
    <testcase time="0.00113487" name="tnon_standard" />
    <testcase time="0.00149465" name="tparams_call_extra_parens" />
    <testcase time="0.00183225" name="tparams_call_short" />
    <testcase time="0.00139499" name="tparams_enum" />
    <testcase time="0.00168943" name="tparams_pass_array_int" />
    <testcase time="0.00150371" name="tparams_pass_array_str" />
    <testcase time="0.00167441" name="tparams_pass_array_struct" />
    <testcase time="0.00117254" name="tparams_pass_array_usertype" />
    <testcase time="0.00178123" name="tparams_pass_bool" />
    <testcase time="0.00119662" name="tparams_pass_struct" />
    <testcase time="0.00182748" name="tparams_pass_usertype" />
    <testcase time="0.00136685" name="tposition_abs" />
    <testcase time="0.00123429" name="tposition_in_seq" />
    <testcase time="0.00146437" name="tposition_to_end" />
    <testcase time="0.00150895" name="tprocess_coerce_bytes" />
    <testcase time="0.00000000" name="tprocess_coerce_switch">
      <failure message="/tests/spec/nim/tprocess_coerce_switch.nim(7, 28) template/generic instantiation of `fromFile` from here
/tests/compiled/nim/process_coerce_switch.nim(75, 22) template/generic instantiation of `read` from here
/tests/compiled/nim/process_coerce_switch.nim(48, 26) Error: type mismatch: got &amp;apos;seq[byte]&amp;apos; for &amp;apos;bufUnprocExpr&amp;apos; but expected &amp;apos;KaitaiStruct = ref KaitaiStruct:ObjectType&amp;apos;
" />
    </testcase>
    <testcase time="0.00116897" name="tprocess_coerce_usertype1" />
    <testcase time="0.00209236" name="tprocess_coerce_usertype2" />
    <testcase time="0.00000000" name="tprocess_custom">
      <failure message="/tests/compiled/nim/process_custom.nim(3, 8) Error: cannot open file: my_custom_fx
" />
    </testcase>
    <testcase time="0.00000000" name="tprocess_custom_no_args">
      <failure message="/tests/compiled/nim/process_custom_no_args.nim(3, 8) Error: cannot open file: custom_fx_no_args
" />
    </testcase>
    <testcase time="0.00164032" name="tprocess_repeat_bytes" />
    <testcase time="0.00000000" name="tprocess_repeat_usertype">
      <failure message="/tests/spec/nim/tprocess_repeat_usertype.nim(7, 30) template/generic instantiation of `fromFile` from here
/tests/compiled/nim/process_repeat_usertype.nim(37, 24) template/generic instantiation of `read` from here
/tests/compiled/nim/process_repeat_usertype.nim(30, 9) Error: redefinition of &amp;apos;buf&amp;apos;; previous declaration here: /tests/compiled/nim/process_repeat_usertype.nim(28, 9)
" />
    </testcase>
    <testcase time="0.00159645" name="tprocess_rotate" />
    <testcase time="0.00117469" name="tprocess_to_user" />
    <testcase time="0.00170755" name="tprocess_xor4_const" />
    <testcase time="0.00152063" name="tprocess_xor4_value" />
    <testcase time="0.00139856" name="tprocess_xor_const" />
    <testcase time="0.00151372" name="tprocess_xor_value" />
    <testcase time="0.00137162" name="trecursive_one" />
    <testcase time="0.00163460" name="trepeat_eos_bit" />
    <testcase time="0.00146270" name="trepeat_eos_struct" />
    <testcase time="0.00112200" name="trepeat_eos_u4" />
    <testcase time="0.00121307" name="trepeat_n_struct" />
    <testcase time="0.00145078" name="trepeat_n_strz" />
    <testcase time="0.00151443" name="trepeat_n_strz_double" />
    <testcase time="0.00142765" name="trepeat_until_calc_array_type" />
    <testcase time="0.00152564" name="trepeat_until_complex" />
    <testcase time="0.00149727" name="trepeat_until_s4" />
    <testcase time="0.00150275" name="trepeat_until_sized" />
    <testcase time="0.12369561" name="tstr_encodings">
      <failure message="Traceback (most recent call last)
/tests/spec/nim/tstr_encodings.nim(7) tstr_encodings
/tests/compiled/nim/str_encodings.nim(45) fromFile
/tests/compiled/nim/str_encodings.nim(41) read
/root/.nimble/pkgs/kaitai_struct_nim_runtime-#head/kaitai_struct_nim_runtime.nim(333) encode
/nim/lib/pure/encodings.nim(507) convert
/nim/lib/pure/encodings.nim(467) convert
SIGSEGV: Illegal storage access. (Attempt to read from nil?)
" />
    </testcase>
    <testcase time="0.12812591" name="tstr_encodings_default">
      <failure message="Traceback (most recent call last)
/tests/spec/nim/tstr_encodings_default.nim(7) tstr_encodings_default
/tests/compiled/nim/str_encodings_default.nim(39) fromFile
/tests/compiled/nim/str_encodings_default.nim(35) read
/tests/compiled/nim/str_encodings_default.nim(59) read
/root/.nimble/pkgs/kaitai_struct_nim_runtime-#head/kaitai_struct_nim_runtime.nim(333) encode
/nim/lib/pure/encodings.nim(507) convert
/nim/lib/pure/encodings.nim(467) convert
SIGSEGV: Illegal storage access. (Attempt to read from nil?)
" />
    </testcase>
    <testcase time="0.00166082" name="tstr_encodings_utf16" />
    <testcase time="0.00146222" name="tstr_eos" />
    <testcase time="0.00157833" name="tstr_literals2" />
    <testcase time="0.00182867" name="tstr_pad_term" />
    <testcase time="0.00130653" name="tstr_pad_term_empty" />
    <testcase time="0.00128341" name="tswitch_bytearray" />
    <testcase time="0.00158763" name="tswitch_else_only" />
    <testcase time="0.00135374" name="tswitch_integers" />
    <testcase time="0.00145555" name="tswitch_integers2" />
    <testcase time="0.00156665" name="tswitch_manual_enum" />
    <testcase time="0.00000000" name="tswitch_manual_enum_invalid">
      <failure message="/tests/spec/nim/tswitch_manual_enum_invalid.nim(10, 26) Error: type mismatch: got &amp;lt;SwitchManualEnumInvalid_Opcode_CodeEnum, int literal(255)&amp;gt;
but expected one of:
proc `==`[Enum: enum](x, y: Enum): bool
  first type mismatch at position: 2
  required type for y: Enum: enum
  but expression &amp;apos;255&amp;apos; is of type: int literal(255)
proc `==`[T: tuple | object](x, y: T): bool
  first type mismatch at position: 2
  required type for y: T: tuple or object
  but expression &amp;apos;255&amp;apos; is of type: int literal(255)
proc `==`[T](a, b: Option[T]): bool
  first type mismatch at position: 2
  required type for b: Option[==.T]
  but expression &amp;apos;255&amp;apos; is of type: int literal(255)
30 other mismatching symbols have been suppressed; compile with --showAllMismatches:on to see them

expression: r.opcodes[0].code == 255
" />
    </testcase>
    <testcase time="0.00000000" name="tswitch_manual_enum_invalid_else">
      <failure message="/tests/spec/nim/tswitch_manual_enum_invalid_else.nim(10, 26) Error: type mismatch: got &amp;lt;SwitchManualEnumInvalidElse_Opcode_CodeEnum, int literal(255)&amp;gt;
but expected one of:
proc `==`[Enum: enum](x, y: Enum): bool
  first type mismatch at position: 2
  required type for y: Enum: enum
  but expression &amp;apos;255&amp;apos; is of type: int literal(255)
proc `==`[T: tuple | object](x, y: T): bool
  first type mismatch at position: 2
  required type for y: T: tuple or object
  but expression &amp;apos;255&amp;apos; is of type: int literal(255)
proc `==`[T](a, b: Option[T]): bool
  first type mismatch at position: 2
  required type for b: Option[==.T]
  but expression &amp;apos;255&amp;apos; is of type: int literal(255)
30 other mismatching symbols have been suppressed; compile with --showAllMismatches:on to see them

expression: r.opcodes[0].code == 255
" />
    </testcase>
    <testcase time="0.00117922" name="tswitch_manual_int" />
    <testcase time="0.00154257" name="tswitch_manual_int_else" />
    <testcase time="0.00000000" name="tswitch_manual_int_size">
      <failure message="/tests/spec/nim/tswitch_manual_int_size.nim(7, 28) template/generic instantiation of `fromFile` from here
/tests/compiled/nim/switch_manual_int_size.nim(44, 22) template/generic instantiation of `read` from here
/tests/compiled/nim/switch_manual_int_size.nim(39, 41) template/generic instantiation of `read` from here
/tests/compiled/nim/switch_manual_int_size.nim(74, 19) Error: type mismatch: got &amp;apos;seq[byte]&amp;apos; for &amp;apos;bodyExpr&amp;apos; but expected &amp;apos;KaitaiStruct = ref KaitaiStruct:ObjectType&amp;apos;
" />
    </testcase>
    <testcase time="0.00000000" name="tswitch_manual_int_size_else">
      <failure message="/tests/spec/nim/tswitch_manual_int_size_else.nim(18, 8) template/generic instantiation of `assert` from here
/tests/spec/nim/auxiliary/test_utils.nim(12, 32) Error: type mismatch: got &amp;apos;empty&amp;apos; for &amp;apos;expected[i]&amp;apos; but expected &amp;apos;byte = uint8&amp;apos;
" />
    </testcase>
    <testcase time="0.00000000" name="tswitch_manual_int_size_eos">
      <failure message="/tests/spec/nim/tswitch_manual_int_size_eos.nim(7, 31) template/generic instantiation of `fromFile` from here
/tests/compiled/nim/switch_manual_int_size_eos.nim(49, 25) template/generic instantiation of `read` from here
/tests/compiled/nim/switch_manual_int_size_eos.nim(44, 44) template/generic instantiation of `read` from here
/tests/compiled/nim/switch_manual_int_size_eos.nim(66, 50) template/generic instantiation of `read` from here
/tests/compiled/nim/switch_manual_int_size_eos.nim(96, 19) Error: type mismatch: got &amp;apos;seq[byte]&amp;apos; for &amp;apos;bodyExpr&amp;apos; but expected &amp;apos;KaitaiStruct = ref KaitaiStruct:ObjectType&amp;apos;
" />
    </testcase>
    <testcase time="0.00156665" name="tswitch_manual_str" />
    <testcase time="0.00161934" name="tswitch_manual_str_else" />
    <testcase time="0.00142145" name="tswitch_multi_bool_ops" />
    <testcase time="0.00000000" name="tswitch_repeat_expr">
      <failure message="/tests/spec/nim/tswitch_repeat_expr.nim(7, 25) template/generic instantiation of `fromFile` from here
/tests/compiled/nim/switch_repeat_expr.nim(55, 19) template/generic instantiation of `read` from here
/tests/compiled/nim/switch_repeat_expr.nim(52, 18) Error: type mismatch: got &amp;lt;seq[KaitaiStruct], seq[byte]&amp;gt;
but expected one of:
proc add[T](x: var seq[T]; y: openArray[T])
  first type mismatch at position: 2
  required type for y: openArray[T]
  but expression &amp;apos;it&amp;apos; is of type: seq[byte]
proc add[T](x: var seq[T]; y: sink T)
  first type mismatch at position: 2
  required type for y: sink T
  but expression &amp;apos;it&amp;apos; is of type: seq[byte]
3 other mismatching symbols have been suppressed; compile with --showAllMismatches:on to see them

expression: add(result.body, it)
" />
    </testcase>
    <testcase time="0.00000000" name="tswitch_repeat_expr_invalid">
      <failure message="/tests/spec/nim/tswitch_repeat_expr_invalid.nim(7, 32) template/generic instantiation of `fromFile` from here
/tests/compiled/nim/switch_repeat_expr_invalid.nim(55, 26) template/generic instantiation of `read` from here
/tests/compiled/nim/switch_repeat_expr_invalid.nim(52, 18) Error: type mismatch: got &amp;lt;seq[KaitaiStruct], seq[byte]&amp;gt;
but expected one of:
proc add[T](x: var seq[T]; y: openArray[T])
  first type mismatch at position: 2
  required type for y: openArray[T]
  but expression &amp;apos;it&amp;apos; is of type: seq[byte]
proc add[T](x: var seq[T]; y: sink T)
  first type mismatch at position: 2
  required type for y: sink T
  but expression &amp;apos;it&amp;apos; is of type: seq[byte]
3 other mismatching symbols have been suppressed; compile with --showAllMismatches:on to see them

expression: add(result.body, it)
" />
    </testcase>
    <testcase time="0.00151181" name="tterm_bytes" />
    <testcase time="0.00147510" name="tterm_strz" />
    <testcase time="0.00119543" name="tterm_u1_val" />
    <testcase time="0.00151467" name="tts_packet_header" />
    <testcase time="0.00148249" name="ttype_int_unary_op" />
    <testcase time="0.00125527" name="ttype_ternary" />
    <testcase time="0.00157285" name="ttype_ternary_2nd_falsy" />
    <testcase time="0.00138783" name="tuser_type" />
    <testcase time="0.12360597" name="tvalid_eq_str_encodings">
      <failure message="Traceback (most recent call last)
/tests/spec/nim/tvalid_eq_str_encodings.nim(7) tvalid_eq_str_encodings
/tests/compiled/nim/valid_eq_str_encodings.nim(45) fromFile
/tests/compiled/nim/valid_eq_str_encodings.nim(41) read
/root/.nimble/pkgs/kaitai_struct_nim_runtime-#head/kaitai_struct_nim_runtime.nim(333) encode
/nim/lib/pure/encodings.nim(507) convert
/nim/lib/pure/encodings.nim(467) convert
SIGSEGV: Illegal storage access. (Attempt to read from nil?)
" />
    </testcase>
    <testcase time="0.00133038" name="tvalid_long" />
    <testcase time="0.00112939" name="tvalid_not_parsed_if" />
    <testcase time="0.00148559" name="tvalid_short" />
    <testcase time="0.00124598" name="tvalid_switch" />
    <testcase time="0.00000000" name="tyaml_ints">
      <failure message="/tests/compiled/nim/yaml_ints.nim(51, 30) Error: 18446744073709551615 can&amp;apos;t be converted to int
" />
    </testcase>
    <testcase time="0.00000000" name="tzlib_surrounded">
      <failure message="/tests/spec/nim/tzlib_surrounded.nim(7, 23) template/generic instantiation of `fromFile` from here
/tests/compiled/nim/zlib_surrounded.nim(41, 17) template/generic instantiation of `read` from here
/tests/compiled/nim/zlib_surrounded.nim(32, 36) Error: attempting to call undeclared routine: &amp;apos;processZlib&amp;apos;
" />
    </testcase>
    <testcase time="0.00000000" name="tzlib_with_header_78">
      <failure message="/tests/spec/nim/tzlib_with_header_78.nim(7, 25) template/generic instantiation of `fromFile` from here
/tests/compiled/nim/zlib_with_header_78.nim(27, 19) template/generic instantiation of `read` from here
/tests/compiled/nim/zlib_with_header_78.nim(23, 30) Error: attempting to call undeclared routine: &amp;apos;processZlib&amp;apos;
" />
    </testcase>
  </testsuite>
</testsuites>