<testsuites>
  <testsuite tests="166" failures="0" errors="13" name="tests">
    <testcase time="0.001996994018554688" name="tbcd_user_type_be" />
    <testcase time="0.001806974411010742" name="tbcd_user_type_le" />
    <testcase time="0.001762151718139648" name="tbits_byte_aligned" />
    <testcase time="0.001836061477661133" name="tbits_enum" />
    <testcase time="0.001871109008789062" name="tbits_simple" />
    <testcase time="0.002008438110351562" name="tbuffered_struct" />
    <testcase time="0.001714706420898438" name="tbytes_pad_term" />
    <testcase time="0.001849174499511719" name="tcast_nested" />
    <testcase time="0.002037525177001953" name="tcast_to_imported" />
    <testcase time="0.001944541931152344" name="tcast_to_top" />
    <testcase time="0.002007007598876953" name="tcombine_bool" />
    <testcase time="0.002058744430541992" name="tcombine_bytes" />
    <testcase time="0.001800298690795898" name="tcombine_str" />
    <testcase time="0.001806735992431641" name="tdebug_switch_user" />
    <testcase time="0.001886606216430664" name="tdefault_big_endian" />
    <testcase time="0.002066135406494141" name="tdefault_endian_expr_inherited" />
    <testcase time="0.002098560333251953" name="tdefault_endian_expr_is_be" />
    <testcase time="0.001992225646972656" name="tdefault_endian_expr_is_le" />
    <testcase time="0.002062082290649414" name="tdefault_endian_mod" />
    <testcase time="0.002138137817382812" name="tdocstrings" />
    <testcase time="0.001921653747558594" name="tdocstrings_docref" />
    <testcase time="0.00175929069519043" name="tdocstrings_docref_multi" />
    <testcase time="0.001800060272216797" name="tenum_0" />
    <testcase time="0.002293109893798828" name="tenum_1" />
    <testcase time="0.001668691635131836" name="tenum_deep" />
    <testcase time="0.001655817031860352" name="tenum_deep_literals" />
    <testcase time="0.001692533493041992" name="tenum_fancy" />
    <testcase time="0.001863956451416016" name="tenum_if" />
    <testcase time="0.001731395721435547" name="tenum_import" />
    <testcase time="0.001791000366210938" name="tenum_int_range_s" />
    <testcase time="0.001890182495117188" name="tenum_int_range_u" />
    <testcase time="0.001758098602294922" name="tenum_invalid" />
    <testcase time="0.001685142517089844" name="tenum_long_range_s" />
    <testcase time="0.001664638519287109" name="tenum_long_range_u" />
    <testcase time="0.001922130584716797" name="tenum_negative" />
    <testcase time="0.002041101455688477" name="tenum_of_value_inst" />
    <testcase time="0.001703500747680664" name="tenum_to_i" />
    <testcase time="0.00000000" name="tenum_to_i_class_border_1">
      <failure message="/home/travis/build/kaitai-io/ci_targets/compiled/nim/enum_to_i_class_border_1.nim(22, 26) Error: undeclared identifier: 'EnumToIClassBorder2'
This might be caused by a recursive module dependency:
/home/travis/build/kaitai-io/ci_targets/compiled/nim/enum_to_i_class_border_2.nim imports /home/travis/build/kaitai-io/ci_targets/compiled/nim/enum_to_i_class_border_1.nim
/home/travis/build/kaitai-io/ci_targets/compiled/nim/enum_to_i_class_border_1.nim imports /home/travis/build/kaitai-io/ci_targets/compiled/nim/enum_to_i_class_border_2.nim
" />
    </testcase>
    <testcase time="0.002003669738769531" name="texpr_0" />
    <testcase time="0.002020835876464844" name="texpr_1" />
    <testcase time="0.00180363655090332" name="texpr_2" />
    <testcase time="0.00204157829284668" name="texpr_3" />
    <testcase time="0.001956701278686523" name="texpr_array" />
    <testcase time="0.002062559127807617" name="texpr_bits" />
    <testcase time="0.001798868179321289" name="texpr_bytes_cmp" />
    <testcase time="0.00000000" name="texpr_bytes_literal">
      <failure message="/home/travis/build/kaitai-io/ci_targets/tests/spec/nim/tests/texpr_bytes_literal.nim(4, 29) Error: cannot open file: ../../../compiled/nim/expr_bytes_literal
" />
    </testcase>
    <testcase time="0.001774072647094727" name="texpr_bytes_ops" />
    <testcase time="0.001775503158569336" name="texpr_calc_array_ops" />
    <testcase time="0.001681804656982422" name="texpr_enum" />
    <testcase time="0.001987218856811523" name="texpr_io_eof" />
    <testcase time="0.001927614212036133" name="texpr_io_pos" />
    <testcase time="0.001653671264648438" name="texpr_mod" />
    <testcase time="0.001878023147583008" name="texpr_ops_parens" />
    <testcase time="0.001686334609985352" name="texpr_sizeof_type_0" />
    <testcase time="0.001828670501708984" name="texpr_sizeof_type_1" />
    <testcase time="0.001952171325683594" name="texpr_sizeof_value_0" />
    <testcase time="0.001740217208862305" name="texpr_sizeof_value_sized" />
    <testcase time="0.002191543579101562" name="texpr_str_ops" />
    <testcase time="0.001716136932373047" name="tfixed_contents" />
    <testcase time="0.001931667327880859" name="tfixed_struct" />
    <testcase time="0.001870393753051758" name="tfloat_to_i" />
    <testcase time="0.001715421676635742" name="tfloating_points" />
    <testcase time="0.001775741577148438" name="thello_world" />
    <testcase time="0.001682519912719727" name="tif_instances" />
    <testcase time="0.002028703689575195" name="tif_struct" />
    <testcase time="0.001880407333374023" name="tif_values" />
    <testcase time="0.001691579818725586" name="timports0" />
    <testcase time="0.00000000" name="timports_abs">
      <failure message="/home/travis/build/kaitai-io/ci_targets/tests/spec/nim/tests/timports_abs.nim(3, 29) Error: cannot open file: ../../../compiled/nim/vlq_base128_le
" />
    </testcase>
    <testcase time="0.0020751953125" name="tindex_sizes" />
    <testcase time="0.002031326293945312" name="tindex_to_param_eos" />
    <testcase time="0.001871347427368164" name="tindex_to_param_expr" />
    <testcase time="0.002032041549682617" name="tindex_to_param_until" />
    <testcase time="0.002624988555908203" name="tinstance_io_user" />
    <testcase time="0.001799106597900391" name="tinstance_std" />
    <testcase time="0.001679420471191406" name="tinstance_std_array" />
    <testcase time="0.001807689666748047" name="tinstance_user_array" />
    <testcase time="0.001901626586914062" name="tintegers" />
    <testcase time="0.001731634140014648" name="tintegers_min_max" />
    <testcase time="0.00000000" name="tio_local_var">
      <failure message="/home/travis/build/kaitai-io/ci_targets/tests/spec/nim/tests/tio_local_var.nim(4, 29) Error: cannot open file: ../../../compiled/nim/io_local_var
" />
    </testcase>
    <testcase time="0.001760482788085938" name="tjs_signed_right_shift" />
    <testcase time="0.001722812652587891" name="tmeta_tags" />
    <testcase time="0.001761198043823242" name="tmeta_xref" />
    <testcase time="0.001788139343261719" name="tmultiple_use" />
    <testcase time="0.002045869827270508" name="tnav_parent" />
    <testcase time="0.00201725959777832" name="tnav_parent2" />
    <testcase time="0.001891613006591797" name="tnav_parent3" />
    <testcase time="0.001703023910522461" name="tnav_parent_false" />
    <testcase time="0.001652002334594727" name="tnav_parent_false2" />
    <testcase time="0.001700639724731445" name="tnav_parent_override" />
    <testcase time="0.001700401306152344" name="tnav_parent_switch" />
    <testcase time="0.00000000" name="tnav_parent_switch_cast">
      <failure message="/home/travis/build/kaitai-io/ci_targets/tests/spec/nim/tests/tnav_parent_switch_cast.nim(4, 29) Error: cannot open file: ../../../compiled/nim/nav_parent_switch_cast
" />
    </testcase>
    <testcase time="0.001782655715942383" name="tnav_parent_vs_value_inst" />
    <testcase time="0.001941442489624023" name="tnav_root" />
    <testcase time="0.001798868179321289" name="tnested_same_name" />
    <testcase time="0.001904010772705078" name="tnested_same_name2" />
    <testcase time="0.001985788345336914" name="tnested_type_param" />
    <testcase time="0.00167393684387207" name="tnested_types" />
    <testcase time="0.001783370971679688" name="tnested_types2" />
    <testcase time="0.001685619354248047" name="tnested_types3" />
    <testcase time="0.002016305923461914" name="tnon_standard" />
    <testcase time="0.001932859420776367" name="tparams_call_extra_parens" />
    <testcase time="0.001991510391235352" name="tparams_call_short" />
    <testcase time="0.001807212829589844" name="tparams_enum" />
    <testcase time="0.00000000" name="tparams_pass_array_int">
      <failure message="/home/travis/build/kaitai-io/ci_targets/tests/spec/nim/tests/tparams_pass_array_int.nim(7, 27) template/generic instantiation of `fromFile` from here
/home/travis/build/kaitai-io/ci_targets/compiled/nim/params_pass_array_int.nim(49, 21) template/generic instantiation of `read` from here
/home/travis/build/kaitai-io/ci_targets/compiled/nim/params_pass_array_int.nim(37, 54) template/generic instantiation of `read` from here
/home/travis/build/kaitai-io/ci_targets/compiled/nim/params_pass_array_int.nim(58, 29) Error: type mismatch: got &lt;seq[int]&gt; but expected 'seq[uint16]'
" />
    </testcase>
    <testcase time="0.001923322677612305" name="tparams_pass_array_str" />
    <testcase time="0.001906394958496094" name="tparams_pass_array_struct" />
    <testcase time="0.001902580261230469" name="tparams_pass_array_usertype" />
    <testcase time="0.001890897750854492" name="tparams_pass_struct" />
    <testcase time="0.001746177673339844" name="tparams_pass_usertype" />
    <testcase time="0.001795768737792969" name="tposition_abs" />
    <testcase time="0.001753807067871094" name="tposition_in_seq" />
    <testcase time="0.00193023681640625" name="tposition_to_end" />
    <testcase time="0.001912832260131836" name="tprocess_coerce_bytes" />
    <testcase time="0.00000000" name="tprocess_coerce_switch">
      <failure message="/home/travis/build/kaitai-io/ci_targets/tests/spec/nim/tests/tprocess_coerce_switch.nim(4, 29) Error: cannot open file: ../../../compiled/nim/process_coerce_switch
" />
    </testcase>
    <testcase time="0.001755952835083008" name="tprocess_coerce_usertype1" />
    <testcase time="0.001986026763916016" name="tprocess_coerce_usertype2" />
    <testcase time="0.001725912094116211" name="tprocess_custom" />
    <testcase time="0.00000000" name="tprocess_custom_no_args">
      <failure message="/home/travis/build/kaitai-io/ci_targets/compiled/nim/process_custom_no_args.nim(3, 35) Error: cannot open file: ../../tests/spec/nim/opaque/custom_fx_no_args
" />
    </testcase>
    <testcase time="0.001877546310424805" name="tprocess_repeat_bytes" />
    <testcase time="0.001709222793579102" name="tprocess_repeat_usertype" />
    <testcase time="0.001781940460205078" name="tprocess_rotate" />
    <testcase time="0.002336263656616211" name="tprocess_to_user" />
    <testcase time="0.001989841461181641" name="tprocess_xor4_const" />
    <testcase time="0.00200963020324707" name="tprocess_xor4_value" />
    <testcase time="0.001679420471191406" name="tprocess_xor_const" />
    <testcase time="0.001689910888671875" name="tprocess_xor_value" />
    <testcase time="0.0017852783203125" name="trecursive_one" />
    <testcase time="0.001740932464599609" name="trepeat_eos_bit" />
    <testcase time="0.00182032585144043" name="trepeat_eos_struct" />
    <testcase time="0.001939058303833008" name="trepeat_eos_u4" />
    <testcase time="0.001929759979248047" name="trepeat_n_struct" />
    <testcase time="0.001850366592407227" name="trepeat_n_strz" />
    <testcase time="0.001887083053588867" name="trepeat_n_strz_double" />
    <testcase time="0.00000000" name="trepeat_until_complex">
      <failure message="/home/travis/build/kaitai-io/ci_targets/tests/spec/nim/tests/trepeat_until_complex.nim(4, 29) Error: cannot open file: ../../../compiled/nim/repeat_until_complex
" />
    </testcase>
    <testcase time="0.00000000" name="trepeat_until_s4">
      <failure message="/home/travis/build/kaitai-io/ci_targets/tests/spec/nim/tests/trepeat_until_s4.nim(4, 29) Error: cannot open file: ../../../compiled/nim/repeat_until_s4
" />
    </testcase>
    <testcase time="0.00000000" name="trepeat_until_sized">
      <failure message="/home/travis/build/kaitai-io/ci_targets/tests/spec/nim/tests/trepeat_until_sized.nim(4, 29) Error: cannot open file: ../../../compiled/nim/repeat_until_sized
" />
    </testcase>
    <testcase time="0.008178234100341797" name="tstr_encodings" />
    <testcase time="0.001921892166137695" name="tstr_encodings_default" />
    <testcase time="0.001929044723510742" name="tstr_eos" />
    <testcase time="0.001922845840454102" name="tstr_literals2" />
    <testcase time="0.001881599426269531" name="tstr_pad_term" />
    <testcase time="0.0017547607421875" name="tstr_pad_term_empty" />
    <testcase time="0.001852035522460938" name="tswitch_bytearray" />
    <testcase time="0.001702547073364258" name="tswitch_else_only" />
    <testcase time="0.001725673675537109" name="tswitch_integers" />
    <testcase time="0.001771688461303711" name="tswitch_integers2" />
    <testcase time="0.001922369003295898" name="tswitch_manual_enum" />
    <testcase time="0.001798152923583984" name="tswitch_manual_enum_invalid" />
    <testcase time="0.002078771591186523" name="tswitch_manual_enum_invalid_else" />
    <testcase time="0.001755475997924805" name="tswitch_manual_int" />
    <testcase time="0.001761913299560547" name="tswitch_manual_int_else" />
    <testcase time="0.001831769943237305" name="tswitch_manual_int_size_else" />
    <testcase time="0.002105474472045898" name="tswitch_manual_str" />
    <testcase time="0.001813650131225586" name="tswitch_manual_str_else" />
    <testcase time="0.001692771911621094" name="tterm_bytes" />
    <testcase time="0.001827239990234375" name="tterm_strz" />
    <testcase time="0.001875400543212891" name="tts_packet_header" />
    <testcase time="0.001833438873291016" name="ttype_int_unary_op" />
    <testcase time="0.002063512802124023" name="ttype_ternary" />
    <testcase time="0.001762628555297852" name="tuser_type" />
    <testcase time="0.002341032028198242" name="tvalid_long" />
    <testcase time="0.001844406127929688" name="tvalid_not_parsed_if" />
    <testcase time="0.005693912506103516" name="tvalid_short" />
    <testcase time="0.001812934875488281" name="tvalid_switch" />
    <testcase time="0.00000000" name="tzlib_surrounded">
      <failure message="/home/travis/build/kaitai-io/ci_targets/tests/spec/nim/tests/tzlib_surrounded.nim(7, 23) template/generic instantiation of `fromFile` from here
/home/travis/build/kaitai-io/ci_targets/compiled/nim/zlib_surrounded.nim(45, 17) template/generic instantiation of `read` from here
/home/travis/build/kaitai-io/ci_targets/compiled/nim/zlib_surrounded.nim(36, 36) Error: attempting to call undeclared routine: 'processZlib'
" />
    </testcase>
    <testcase time="0.00000000" name="tzlib_with_header_78">
      <failure message="/home/travis/build/kaitai-io/ci_targets/tests/spec/nim/tests/tzlib_with_header_78.nim(7, 25) template/generic instantiation of `fromFile` from here
/home/travis/build/kaitai-io/ci_targets/compiled/nim/zlib_with_header_78.nim(31, 19) template/generic instantiation of `read` from here
/home/travis/build/kaitai-io/ci_targets/compiled/nim/zlib_with_header_78.nim(27, 30) Error: attempting to call undeclared routine: 'processZlib'
" />
    </testcase>
  </testsuite>
</testsuites>