<testsuites><testsuite tests="166" failures="0" errors="166" name="tests">
    <testcase time="0.00000000" name="tbcd_user_type_be"><failure message="Hint: used config file '/opt/Nim-1.0.0/config/nim.cfg' [Conf]
Hint: used config file '/opt/Nim-1.0.0/config/config.nims' [Conf]
Hint: system [Processing]
Hint: widestrs [Processing]
Hint: io [Processing]
Hint: tbcd_user_type_be [Processing]
Hint: os [Processing]
Hint: strutils [Processing]
Hint: parseutils [Processing]
Hint: math [Processing]
Hint: bitops [Processing]
Hint: macros [Processing]
Hint: algorithm [Processing]
Hint: unicode [Processing]
Hint: pathnorm [Processing]
Hint: osseps [Processing]
Hint: posix [Processing]
Hint: times [Processing]
Hint: options [Processing]
Hint: typetraits [Processing]
Hint: streams [Processing]
Hint: sequtils [Processing]
Hint: unittest [Processing]
Hint: sets [Processing]
Hint: hashes [Processing]
Hint: terminal [Processing]
Hint: strformat [Processing]
Hint: colors [Processing]
Hint: termios [Processing]
Hint: bcd_user_type_be [Processing]
Hint: kaitai_struct_nim_runtime [Processing]
Hint: endians [Processing]
Hint: encodings [Processing]
/home/travis/.nimble/pkgs/kaitai_struct_nim_runtime-0.1.0/kaitai_struct_nim_runtime.nim(23, 37) Error: type mismatch: got &lt;int literal(255), byte&gt;
but expected one of: 
proc `-`(n: byte): byte
  first type mismatch at position: 2
  extra argument given
proc `-`(x, y: int64): int64
  first type mismatch at position: 2
  required type for y: int64
  but expression 'n' is of type: byte
proc `-`(x: int16): int16
  first type mismatch at position: 2
  extra argument given
proc `-`(x: int): int
  first type mismatch at position: 2
  extra argument given
proc `-`(x, y: int32): int32
  first type mismatch at position: 2
  required type for y: int32
  but expression 'n' is of type: byte
proc `-`(x: int64): int64
  first type mismatch at position: 2
  extra argument given
proc `-`(x, y: float): float
  first type mismatch at position: 2
  required type for y: float
  but expression 'n' is of type: byte
proc `-`(x: int32): int32
  first type mismatch at position: 2
  extra argument given
proc `-`[T: SomeUnsignedInt](x, y: T): T
  first type mismatch at position: 2
  required type for y: T: SomeUnsignedInt
  but expression 'n' is of type: byte
proc `-`(x, y: int16): int16
  first type mismatch at position: 2
  required type for y: int16
  but expression 'n' is of type: byte
proc `-`(x, y: float32): float32
  first type mismatch at position: 2
  required type for y: float32
  but expression 'n' is of type: byte
proc `-`(x: float): float
  first type mismatch at position: 2
  extra argument given
proc `-`(x: float32): float32
  first type mismatch at position: 2
  extra argument given
proc `-`(x, y: int): int
  first type mismatch at position: 2
  required type for y: int
  but expression 'n' is of type: byte
3 other mismatching symbols have been suppressed; compile with --showAllMismatches:on to see them

expression: 255 - n
" /></testcase>
    <testcase time="0.00000000" name="tbcd_user_type_le"><failure message="Hint: used config file '/opt/Nim-1.0.0/config/nim.cfg' [Conf]
Hint: used config file '/opt/Nim-1.0.0/config/config.nims' [Conf]
Hint: system [Processing]
Hint: widestrs [Processing]
Hint: io [Processing]
Hint: tbcd_user_type_le [Processing]
Hint: os [Processing]
Hint: strutils [Processing]
Hint: parseutils [Processing]
Hint: math [Processing]
Hint: bitops [Processing]
Hint: macros [Processing]
Hint: algorithm [Processing]
Hint: unicode [Processing]
Hint: pathnorm [Processing]
Hint: osseps [Processing]
Hint: posix [Processing]
Hint: times [Processing]
Hint: options [Processing]
Hint: typetraits [Processing]
Hint: streams [Processing]
Hint: sequtils [Processing]
Hint: unittest [Processing]
Hint: sets [Processing]
Hint: hashes [Processing]
Hint: terminal [Processing]
Hint: strformat [Processing]
Hint: colors [Processing]
Hint: termios [Processing]
Hint: bcd_user_type_le [Processing]
Hint: kaitai_struct_nim_runtime [Processing]
Hint: endians [Processing]
Hint: encodings [Processing]
/home/travis/.nimble/pkgs/kaitai_struct_nim_runtime-0.1.0/kaitai_struct_nim_runtime.nim(23, 37) Error: type mismatch: got &lt;int literal(255), byte&gt;
but expected one of: 
proc `-`(n: byte): byte
  first type mismatch at position: 2
  extra argument given
proc `-`(x, y: int64): int64
  first type mismatch at position: 2
  required type for y: int64
  but expression 'n' is of type: byte
proc `-`(x: int16): int16
  first type mismatch at position: 2
  extra argument given
proc `-`(x: int): int
  first type mismatch at position: 2
  extra argument given
proc `-`(x, y: int32): int32
  first type mismatch at position: 2
  required type for y: int32
  but expression 'n' is of type: byte
proc `-`(x: int64): int64
  first type mismatch at position: 2
  extra argument given
proc `-`(x, y: float): float
  first type mismatch at position: 2
  required type for y: float
  but expression 'n' is of type: byte
proc `-`(x: int32): int32
  first type mismatch at position: 2
  extra argument given
proc `-`[T: SomeUnsignedInt](x, y: T): T
  first type mismatch at position: 2
  required type for y: T: SomeUnsignedInt
  but expression 'n' is of type: byte
proc `-`(x, y: int16): int16
  first type mismatch at position: 2
  required type for y: int16
  but expression 'n' is of type: byte
proc `-`(x, y: float32): float32
  first type mismatch at position: 2
  required type for y: float32
  but expression 'n' is of type: byte
proc `-`(x: float): float
  first type mismatch at position: 2
  extra argument given
proc `-`(x: float32): float32
  first type mismatch at position: 2
  extra argument given
proc `-`(x, y: int): int
  first type mismatch at position: 2
  required type for y: int
  but expression 'n' is of type: byte
3 other mismatching symbols have been suppressed; compile with --showAllMismatches:on to see them

expression: 255 - n
" /></testcase>
    <testcase time="0.00000000" name="tbits_byte_aligned"><failure message="Hint: used config file '/opt/Nim-1.0.0/config/nim.cfg' [Conf]
Hint: used config file '/opt/Nim-1.0.0/config/config.nims' [Conf]
Hint: system [Processing]
Hint: widestrs [Processing]
Hint: io [Processing]
Hint: tbits_byte_aligned [Processing]
Hint: os [Processing]
Hint: strutils [Processing]
Hint: parseutils [Processing]
Hint: math [Processing]
Hint: bitops [Processing]
Hint: macros [Processing]
Hint: algorithm [Processing]
Hint: unicode [Processing]
Hint: pathnorm [Processing]
Hint: osseps [Processing]
Hint: posix [Processing]
Hint: times [Processing]
Hint: options [Processing]
Hint: typetraits [Processing]
Hint: streams [Processing]
Hint: sequtils [Processing]
Hint: unittest [Processing]
Hint: sets [Processing]
Hint: hashes [Processing]
Hint: terminal [Processing]
Hint: strformat [Processing]
Hint: colors [Processing]
Hint: termios [Processing]
Hint: bits_byte_aligned [Processing]
Hint: kaitai_struct_nim_runtime [Processing]
Hint: endians [Processing]
Hint: encodings [Processing]
/home/travis/.nimble/pkgs/kaitai_struct_nim_runtime-0.1.0/kaitai_struct_nim_runtime.nim(23, 37) Error: type mismatch: got &lt;int literal(255), byte&gt;
but expected one of: 
proc `-`(n: byte): byte
  first type mismatch at position: 2
  extra argument given
proc `-`(x, y: int64): int64
  first type mismatch at position: 2
  required type for y: int64
  but expression 'n' is of type: byte
proc `-`(x: int16): int16
  first type mismatch at position: 2
  extra argument given
proc `-`(x: int): int
  first type mismatch at position: 2
  extra argument given
proc `-`(x, y: int32): int32
  first type mismatch at position: 2
  required type for y: int32
  but expression 'n' is of type: byte
proc `-`(x: int64): int64
  first type mismatch at position: 2
  extra argument given
proc `-`(x, y: float): float
  first type mismatch at position: 2
  required type for y: float
  but expression 'n' is of type: byte
proc `-`(x: int32): int32
  first type mismatch at position: 2
  extra argument given
proc `-`[T: SomeUnsignedInt](x, y: T): T
  first type mismatch at position: 2
  required type for y: T: SomeUnsignedInt
  but expression 'n' is of type: byte
proc `-`(x, y: int16): int16
  first type mismatch at position: 2
  required type for y: int16
  but expression 'n' is of type: byte
proc `-`(x, y: float32): float32
  first type mismatch at position: 2
  required type for y: float32
  but expression 'n' is of type: byte
proc `-`(x: float): float
  first type mismatch at position: 2
  extra argument given
proc `-`(x: float32): float32
  first type mismatch at position: 2
  extra argument given
proc `-`(x, y: int): int
  first type mismatch at position: 2
  required type for y: int
  but expression 'n' is of type: byte
3 other mismatching symbols have been suppressed; compile with --showAllMismatches:on to see them

expression: 255 - n
" /></testcase>
    <testcase time="0.00000000" name="tbits_enum"><failure message="Hint: used config file '/opt/Nim-1.0.0/config/nim.cfg' [Conf]
Hint: used config file '/opt/Nim-1.0.0/config/config.nims' [Conf]
Hint: system [Processing]
Hint: widestrs [Processing]
Hint: io [Processing]
Hint: tbits_enum [Processing]
Hint: os [Processing]
Hint: strutils [Processing]
Hint: parseutils [Processing]
Hint: math [Processing]
Hint: bitops [Processing]
Hint: macros [Processing]
Hint: algorithm [Processing]
Hint: unicode [Processing]
Hint: pathnorm [Processing]
Hint: osseps [Processing]
Hint: posix [Processing]
Hint: times [Processing]
Hint: options [Processing]
Hint: typetraits [Processing]
Hint: streams [Processing]
Hint: sequtils [Processing]
Hint: unittest [Processing]
Hint: sets [Processing]
Hint: hashes [Processing]
Hint: terminal [Processing]
Hint: strformat [Processing]
Hint: colors [Processing]
Hint: termios [Processing]
Hint: bits_enum [Processing]
Hint: kaitai_struct_nim_runtime [Processing]
Hint: endians [Processing]
Hint: encodings [Processing]
/home/travis/.nimble/pkgs/kaitai_struct_nim_runtime-0.1.0/kaitai_struct_nim_runtime.nim(23, 37) Error: type mismatch: got &lt;int literal(255), byte&gt;
but expected one of: 
proc `-`(n: byte): byte
  first type mismatch at position: 2
  extra argument given
proc `-`(x, y: int64): int64
  first type mismatch at position: 2
  required type for y: int64
  but expression 'n' is of type: byte
proc `-`(x: int16): int16
  first type mismatch at position: 2
  extra argument given
proc `-`(x: int): int
  first type mismatch at position: 2
  extra argument given
proc `-`(x, y: int32): int32
  first type mismatch at position: 2
  required type for y: int32
  but expression 'n' is of type: byte
proc `-`(x: int64): int64
  first type mismatch at position: 2
  extra argument given
proc `-`(x, y: float): float
  first type mismatch at position: 2
  required type for y: float
  but expression 'n' is of type: byte
proc `-`(x: int32): int32
  first type mismatch at position: 2
  extra argument given
proc `-`[T: SomeUnsignedInt](x, y: T): T
  first type mismatch at position: 2
  required type for y: T: SomeUnsignedInt
  but expression 'n' is of type: byte
proc `-`(x, y: int16): int16
  first type mismatch at position: 2
  required type for y: int16
  but expression 'n' is of type: byte
proc `-`(x, y: float32): float32
  first type mismatch at position: 2
  required type for y: float32
  but expression 'n' is of type: byte
proc `-`(x: float): float
  first type mismatch at position: 2
  extra argument given
proc `-`(x: float32): float32
  first type mismatch at position: 2
  extra argument given
proc `-`(x, y: int): int
  first type mismatch at position: 2
  required type for y: int
  but expression 'n' is of type: byte
3 other mismatching symbols have been suppressed; compile with --showAllMismatches:on to see them

expression: 255 - n
" /></testcase>
    <testcase time="0.00000000" name="tbits_simple"><failure message="Hint: used config file '/opt/Nim-1.0.0/config/nim.cfg' [Conf]
Hint: used config file '/opt/Nim-1.0.0/config/config.nims' [Conf]
Hint: system [Processing]
Hint: widestrs [Processing]
Hint: io [Processing]
Hint: tbits_simple [Processing]
Hint: os [Processing]
Hint: strutils [Processing]
Hint: parseutils [Processing]
Hint: math [Processing]
Hint: bitops [Processing]
Hint: macros [Processing]
Hint: algorithm [Processing]
Hint: unicode [Processing]
Hint: pathnorm [Processing]
Hint: osseps [Processing]
Hint: posix [Processing]
Hint: times [Processing]
Hint: options [Processing]
Hint: typetraits [Processing]
Hint: streams [Processing]
Hint: sequtils [Processing]
Hint: unittest [Processing]
Hint: sets [Processing]
Hint: hashes [Processing]
Hint: terminal [Processing]
Hint: strformat [Processing]
Hint: colors [Processing]
Hint: termios [Processing]
Hint: bits_simple [Processing]
Hint: kaitai_struct_nim_runtime [Processing]
Hint: endians [Processing]
Hint: encodings [Processing]
/home/travis/.nimble/pkgs/kaitai_struct_nim_runtime-0.1.0/kaitai_struct_nim_runtime.nim(23, 37) Error: type mismatch: got &lt;int literal(255), byte&gt;
but expected one of: 
proc `-`(n: byte): byte
  first type mismatch at position: 2
  extra argument given
proc `-`(x, y: int64): int64
  first type mismatch at position: 2
  required type for y: int64
  but expression 'n' is of type: byte
proc `-`(x: int16): int16
  first type mismatch at position: 2
  extra argument given
proc `-`(x: int): int
  first type mismatch at position: 2
  extra argument given
proc `-`(x, y: int32): int32
  first type mismatch at position: 2
  required type for y: int32
  but expression 'n' is of type: byte
proc `-`(x: int64): int64
  first type mismatch at position: 2
  extra argument given
proc `-`(x, y: float): float
  first type mismatch at position: 2
  required type for y: float
  but expression 'n' is of type: byte
proc `-`(x: int32): int32
  first type mismatch at position: 2
  extra argument given
proc `-`[T: SomeUnsignedInt](x, y: T): T
  first type mismatch at position: 2
  required type for y: T: SomeUnsignedInt
  but expression 'n' is of type: byte
proc `-`(x, y: int16): int16
  first type mismatch at position: 2
  required type for y: int16
  but expression 'n' is of type: byte
proc `-`(x, y: float32): float32
  first type mismatch at position: 2
  required type for y: float32
  but expression 'n' is of type: byte
proc `-`(x: float): float
  first type mismatch at position: 2
  extra argument given
proc `-`(x: float32): float32
  first type mismatch at position: 2
  extra argument given
proc `-`(x, y: int): int
  first type mismatch at position: 2
  required type for y: int
  but expression 'n' is of type: byte
3 other mismatching symbols have been suppressed; compile with --showAllMismatches:on to see them

expression: 255 - n
" /></testcase>
    <testcase time="0.00000000" name="tbuffered_struct"><failure message="Hint: used config file '/opt/Nim-1.0.0/config/nim.cfg' [Conf]
Hint: used config file '/opt/Nim-1.0.0/config/config.nims' [Conf]
Hint: system [Processing]
Hint: widestrs [Processing]
Hint: io [Processing]
Hint: tbuffered_struct [Processing]
Hint: os [Processing]
Hint: strutils [Processing]
Hint: parseutils [Processing]
Hint: math [Processing]
Hint: bitops [Processing]
Hint: macros [Processing]
Hint: algorithm [Processing]
Hint: unicode [Processing]
Hint: pathnorm [Processing]
Hint: osseps [Processing]
Hint: posix [Processing]
Hint: times [Processing]
Hint: options [Processing]
Hint: typetraits [Processing]
Hint: streams [Processing]
Hint: sequtils [Processing]
Hint: unittest [Processing]
Hint: sets [Processing]
Hint: hashes [Processing]
Hint: terminal [Processing]
Hint: strformat [Processing]
Hint: colors [Processing]
Hint: termios [Processing]
Hint: buffered_struct [Processing]
Hint: kaitai_struct_nim_runtime [Processing]
Hint: endians [Processing]
Hint: encodings [Processing]
/home/travis/.nimble/pkgs/kaitai_struct_nim_runtime-0.1.0/kaitai_struct_nim_runtime.nim(23, 37) Error: type mismatch: got &lt;int literal(255), byte&gt;
but expected one of: 
proc `-`(n: byte): byte
  first type mismatch at position: 2
  extra argument given
proc `-`(x, y: int64): int64
  first type mismatch at position: 2
  required type for y: int64
  but expression 'n' is of type: byte
proc `-`(x: int16): int16
  first type mismatch at position: 2
  extra argument given
proc `-`(x: int): int
  first type mismatch at position: 2
  extra argument given
proc `-`(x, y: int32): int32
  first type mismatch at position: 2
  required type for y: int32
  but expression 'n' is of type: byte
proc `-`(x: int64): int64
  first type mismatch at position: 2
  extra argument given
proc `-`(x, y: float): float
  first type mismatch at position: 2
  required type for y: float
  but expression 'n' is of type: byte
proc `-`(x: int32): int32
  first type mismatch at position: 2
  extra argument given
proc `-`[T: SomeUnsignedInt](x, y: T): T
  first type mismatch at position: 2
  required type for y: T: SomeUnsignedInt
  but expression 'n' is of type: byte
proc `-`(x, y: int16): int16
  first type mismatch at position: 2
  required type for y: int16
  but expression 'n' is of type: byte
proc `-`(x, y: float32): float32
  first type mismatch at position: 2
  required type for y: float32
  but expression 'n' is of type: byte
proc `-`(x: float): float
  first type mismatch at position: 2
  extra argument given
proc `-`(x: float32): float32
  first type mismatch at position: 2
  extra argument given
proc `-`(x, y: int): int
  first type mismatch at position: 2
  required type for y: int
  but expression 'n' is of type: byte
3 other mismatching symbols have been suppressed; compile with --showAllMismatches:on to see them

expression: 255 - n
" /></testcase>
    <testcase time="0.00000000" name="tbytes_pad_term"><failure message="Hint: used config file '/opt/Nim-1.0.0/config/nim.cfg' [Conf]
Hint: used config file '/opt/Nim-1.0.0/config/config.nims' [Conf]
Hint: system [Processing]
Hint: widestrs [Processing]
Hint: io [Processing]
Hint: tbytes_pad_term [Processing]
Hint: os [Processing]
Hint: strutils [Processing]
Hint: parseutils [Processing]
Hint: math [Processing]
Hint: bitops [Processing]
Hint: macros [Processing]
Hint: algorithm [Processing]
Hint: unicode [Processing]
Hint: pathnorm [Processing]
Hint: osseps [Processing]
Hint: posix [Processing]
Hint: times [Processing]
Hint: options [Processing]
Hint: typetraits [Processing]
Hint: streams [Processing]
Hint: sequtils [Processing]
Hint: unittest [Processing]
Hint: sets [Processing]
Hint: hashes [Processing]
Hint: terminal [Processing]
Hint: strformat [Processing]
Hint: colors [Processing]
Hint: termios [Processing]
Hint: bytes_pad_term [Processing]
Hint: kaitai_struct_nim_runtime [Processing]
Hint: endians [Processing]
Hint: encodings [Processing]
/home/travis/.nimble/pkgs/kaitai_struct_nim_runtime-0.1.0/kaitai_struct_nim_runtime.nim(23, 37) Error: type mismatch: got &lt;int literal(255), byte&gt;
but expected one of: 
proc `-`(n: byte): byte
  first type mismatch at position: 2
  extra argument given
proc `-`(x, y: int64): int64
  first type mismatch at position: 2
  required type for y: int64
  but expression 'n' is of type: byte
proc `-`(x: int16): int16
  first type mismatch at position: 2
  extra argument given
proc `-`(x: int): int
  first type mismatch at position: 2
  extra argument given
proc `-`(x, y: int32): int32
  first type mismatch at position: 2
  required type for y: int32
  but expression 'n' is of type: byte
proc `-`(x: int64): int64
  first type mismatch at position: 2
  extra argument given
proc `-`(x, y: float): float
  first type mismatch at position: 2
  required type for y: float
  but expression 'n' is of type: byte
proc `-`(x: int32): int32
  first type mismatch at position: 2
  extra argument given
proc `-`[T: SomeUnsignedInt](x, y: T): T
  first type mismatch at position: 2
  required type for y: T: SomeUnsignedInt
  but expression 'n' is of type: byte
proc `-`(x, y: int16): int16
  first type mismatch at position: 2
  required type for y: int16
  but expression 'n' is of type: byte
proc `-`(x, y: float32): float32
  first type mismatch at position: 2
  required type for y: float32
  but expression 'n' is of type: byte
proc `-`(x: float): float
  first type mismatch at position: 2
  extra argument given
proc `-`(x: float32): float32
  first type mismatch at position: 2
  extra argument given
proc `-`(x, y: int): int
  first type mismatch at position: 2
  required type for y: int
  but expression 'n' is of type: byte
3 other mismatching symbols have been suppressed; compile with --showAllMismatches:on to see them

expression: 255 - n
" /></testcase>
    <testcase time="0.00000000" name="tcast_nested"><failure message="Hint: used config file '/opt/Nim-1.0.0/config/nim.cfg' [Conf]
Hint: used config file '/opt/Nim-1.0.0/config/config.nims' [Conf]
Hint: system [Processing]
Hint: widestrs [Processing]
Hint: io [Processing]
Hint: tcast_nested [Processing]
Hint: os [Processing]
Hint: strutils [Processing]
Hint: parseutils [Processing]
Hint: math [Processing]
Hint: bitops [Processing]
Hint: macros [Processing]
Hint: algorithm [Processing]
Hint: unicode [Processing]
Hint: pathnorm [Processing]
Hint: osseps [Processing]
Hint: posix [Processing]
Hint: times [Processing]
Hint: options [Processing]
Hint: typetraits [Processing]
Hint: streams [Processing]
Hint: sequtils [Processing]
Hint: unittest [Processing]
Hint: sets [Processing]
Hint: hashes [Processing]
Hint: terminal [Processing]
Hint: strformat [Processing]
Hint: colors [Processing]
Hint: termios [Processing]
Hint: cast_nested [Processing]
Hint: kaitai_struct_nim_runtime [Processing]
Hint: endians [Processing]
Hint: encodings [Processing]
/home/travis/.nimble/pkgs/kaitai_struct_nim_runtime-0.1.0/kaitai_struct_nim_runtime.nim(23, 37) Error: type mismatch: got &lt;int literal(255), byte&gt;
but expected one of: 
proc `-`(n: byte): byte
  first type mismatch at position: 2
  extra argument given
proc `-`(x, y: int64): int64
  first type mismatch at position: 2
  required type for y: int64
  but expression 'n' is of type: byte
proc `-`(x: int16): int16
  first type mismatch at position: 2
  extra argument given
proc `-`(x: int): int
  first type mismatch at position: 2
  extra argument given
proc `-`(x, y: int32): int32
  first type mismatch at position: 2
  required type for y: int32
  but expression 'n' is of type: byte
proc `-`(x: int64): int64
  first type mismatch at position: 2
  extra argument given
proc `-`(x, y: float): float
  first type mismatch at position: 2
  required type for y: float
  but expression 'n' is of type: byte
proc `-`(x: int32): int32
  first type mismatch at position: 2
  extra argument given
proc `-`[T: SomeUnsignedInt](x, y: T): T
  first type mismatch at position: 2
  required type for y: T: SomeUnsignedInt
  but expression 'n' is of type: byte
proc `-`(x, y: int16): int16
  first type mismatch at position: 2
  required type for y: int16
  but expression 'n' is of type: byte
proc `-`(x, y: float32): float32
  first type mismatch at position: 2
  required type for y: float32
  but expression 'n' is of type: byte
proc `-`(x: float): float
  first type mismatch at position: 2
  extra argument given
proc `-`(x: float32): float32
  first type mismatch at position: 2
  extra argument given
proc `-`(x, y: int): int
  first type mismatch at position: 2
  required type for y: int
  but expression 'n' is of type: byte
3 other mismatching symbols have been suppressed; compile with --showAllMismatches:on to see them

expression: 255 - n
" /></testcase>
    <testcase time="0.00000000" name="tcast_to_imported"><failure message="Hint: used config file '/opt/Nim-1.0.0/config/nim.cfg' [Conf]
Hint: used config file '/opt/Nim-1.0.0/config/config.nims' [Conf]
Hint: system [Processing]
Hint: widestrs [Processing]
Hint: io [Processing]
Hint: tcast_to_imported [Processing]
Hint: hello_world [Processing]
Hint: kaitai_struct_nim_runtime [Processing]
Hint: streams [Processing]
Hint: endians [Processing]
Hint: sequtils [Processing]
Hint: macros [Processing]
Hint: bitops [Processing]
Hint: strutils [Processing]
Hint: parseutils [Processing]
Hint: math [Processing]
Hint: algorithm [Processing]
Hint: unicode [Processing]
Hint: strformat [Processing]
Hint: options [Processing]
Hint: typetraits [Processing]
Hint: encodings [Processing]
Hint: os [Processing]
Hint: pathnorm [Processing]
Hint: osseps [Processing]
Hint: posix [Processing]
Hint: times [Processing]
/home/travis/.nimble/pkgs/kaitai_struct_nim_runtime-0.1.0/kaitai_struct_nim_runtime.nim(23, 37) Error: type mismatch: got &lt;int literal(255), byte&gt;
but expected one of: 
proc `-`(n: byte): byte
  first type mismatch at position: 2
  extra argument given
proc `-`(x, y: int64): int64
  first type mismatch at position: 2
  required type for y: int64
  but expression 'n' is of type: byte
proc `-`(x: int16): int16
  first type mismatch at position: 2
  extra argument given
proc `-`(x: int): int
  first type mismatch at position: 2
  extra argument given
proc `-`(x, y: int32): int32
  first type mismatch at position: 2
  required type for y: int32
  but expression 'n' is of type: byte
proc `-`(x: int64): int64
  first type mismatch at position: 2
  extra argument given
proc `-`(x, y: float): float
  first type mismatch at position: 2
  required type for y: float
  but expression 'n' is of type: byte
proc `-`(x: int32): int32
  first type mismatch at position: 2
  extra argument given
proc `-`[T: SomeUnsignedInt](x, y: T): T
  first type mismatch at position: 2
  required type for y: T: SomeUnsignedInt
  but expression 'n' is of type: byte
proc `-`(x, y: int16): int16
  first type mismatch at position: 2
  required type for y: int16
  but expression 'n' is of type: byte
proc `-`(x, y: float32): float32
  first type mismatch at position: 2
  required type for y: float32
  but expression 'n' is of type: byte
proc `-`(x: float): float
  first type mismatch at position: 2
  extra argument given
proc `-`(x: float32): float32
  first type mismatch at position: 2
  extra argument given
proc `-`(x, y: int): int
  first type mismatch at position: 2
  required type for y: int
  but expression 'n' is of type: byte
3 other mismatching symbols have been suppressed; compile with --showAllMismatches:on to see them

expression: 255 - n
" /></testcase>
    <testcase time="0.00000000" name="tcast_to_top"><failure message="Hint: used config file '/opt/Nim-1.0.0/config/nim.cfg' [Conf]
Hint: used config file '/opt/Nim-1.0.0/config/config.nims' [Conf]
Hint: system [Processing]
Hint: widestrs [Processing]
Hint: io [Processing]
Hint: tcast_to_top [Processing]
Hint: os [Processing]
Hint: strutils [Processing]
Hint: parseutils [Processing]
Hint: math [Processing]
Hint: bitops [Processing]
Hint: macros [Processing]
Hint: algorithm [Processing]
Hint: unicode [Processing]
Hint: pathnorm [Processing]
Hint: osseps [Processing]
Hint: posix [Processing]
Hint: times [Processing]
Hint: options [Processing]
Hint: typetraits [Processing]
Hint: streams [Processing]
Hint: sequtils [Processing]
Hint: unittest [Processing]
Hint: sets [Processing]
Hint: hashes [Processing]
Hint: terminal [Processing]
Hint: strformat [Processing]
Hint: colors [Processing]
Hint: termios [Processing]
Hint: cast_to_top [Processing]
Hint: kaitai_struct_nim_runtime [Processing]
Hint: endians [Processing]
Hint: encodings [Processing]
/home/travis/.nimble/pkgs/kaitai_struct_nim_runtime-0.1.0/kaitai_struct_nim_runtime.nim(23, 37) Error: type mismatch: got &lt;int literal(255), byte&gt;
but expected one of: 
proc `-`(n: byte): byte
  first type mismatch at position: 2
  extra argument given
proc `-`(x, y: int64): int64
  first type mismatch at position: 2
  required type for y: int64
  but expression 'n' is of type: byte
proc `-`(x: int16): int16
  first type mismatch at position: 2
  extra argument given
proc `-`(x: int): int
  first type mismatch at position: 2
  extra argument given
proc `-`(x, y: int32): int32
  first type mismatch at position: 2
  required type for y: int32
  but expression 'n' is of type: byte
proc `-`(x: int64): int64
  first type mismatch at position: 2
  extra argument given
proc `-`(x, y: float): float
  first type mismatch at position: 2
  required type for y: float
  but expression 'n' is of type: byte
proc `-`(x: int32): int32
  first type mismatch at position: 2
  extra argument given
proc `-`[T: SomeUnsignedInt](x, y: T): T
  first type mismatch at position: 2
  required type for y: T: SomeUnsignedInt
  but expression 'n' is of type: byte
proc `-`(x, y: int16): int16
  first type mismatch at position: 2
  required type for y: int16
  but expression 'n' is of type: byte
proc `-`(x, y: float32): float32
  first type mismatch at position: 2
  required type for y: float32
  but expression 'n' is of type: byte
proc `-`(x: float): float
  first type mismatch at position: 2
  extra argument given
proc `-`(x: float32): float32
  first type mismatch at position: 2
  extra argument given
proc `-`(x, y: int): int
  first type mismatch at position: 2
  required type for y: int
  but expression 'n' is of type: byte
3 other mismatching symbols have been suppressed; compile with --showAllMismatches:on to see them

expression: 255 - n
" /></testcase>
    <testcase time="0.00000000" name="tcombine_bool"><failure message="Hint: used config file '/opt/Nim-1.0.0/config/nim.cfg' [Conf]
Hint: used config file '/opt/Nim-1.0.0/config/config.nims' [Conf]
Hint: system [Processing]
Hint: widestrs [Processing]
Hint: io [Processing]
Hint: tcombine_bool [Processing]
Hint: os [Processing]
Hint: strutils [Processing]
Hint: parseutils [Processing]
Hint: math [Processing]
Hint: bitops [Processing]
Hint: macros [Processing]
Hint: algorithm [Processing]
Hint: unicode [Processing]
Hint: pathnorm [Processing]
Hint: osseps [Processing]
Hint: posix [Processing]
Hint: times [Processing]
Hint: options [Processing]
Hint: typetraits [Processing]
Hint: streams [Processing]
Hint: sequtils [Processing]
Hint: unittest [Processing]
Hint: sets [Processing]
Hint: hashes [Processing]
Hint: terminal [Processing]
Hint: strformat [Processing]
Hint: colors [Processing]
Hint: termios [Processing]
Hint: combine_bool [Processing]
Hint: kaitai_struct_nim_runtime [Processing]
Hint: endians [Processing]
Hint: encodings [Processing]
/home/travis/.nimble/pkgs/kaitai_struct_nim_runtime-0.1.0/kaitai_struct_nim_runtime.nim(23, 37) Error: type mismatch: got &lt;int literal(255), byte&gt;
but expected one of: 
proc `-`(n: byte): byte
  first type mismatch at position: 2
  extra argument given
proc `-`(x, y: int64): int64
  first type mismatch at position: 2
  required type for y: int64
  but expression 'n' is of type: byte
proc `-`(x: int16): int16
  first type mismatch at position: 2
  extra argument given
proc `-`(x: int): int
  first type mismatch at position: 2
  extra argument given
proc `-`(x, y: int32): int32
  first type mismatch at position: 2
  required type for y: int32
  but expression 'n' is of type: byte
proc `-`(x: int64): int64
  first type mismatch at position: 2
  extra argument given
proc `-`(x, y: float): float
  first type mismatch at position: 2
  required type for y: float
  but expression 'n' is of type: byte
proc `-`(x: int32): int32
  first type mismatch at position: 2
  extra argument given
proc `-`[T: SomeUnsignedInt](x, y: T): T
  first type mismatch at position: 2
  required type for y: T: SomeUnsignedInt
  but expression 'n' is of type: byte
proc `-`(x, y: int16): int16
  first type mismatch at position: 2
  required type for y: int16
  but expression 'n' is of type: byte
proc `-`(x, y: float32): float32
  first type mismatch at position: 2
  required type for y: float32
  but expression 'n' is of type: byte
proc `-`(x: float): float
  first type mismatch at position: 2
  extra argument given
proc `-`(x: float32): float32
  first type mismatch at position: 2
  extra argument given
proc `-`(x, y: int): int
  first type mismatch at position: 2
  required type for y: int
  but expression 'n' is of type: byte
3 other mismatching symbols have been suppressed; compile with --showAllMismatches:on to see them

expression: 255 - n
" /></testcase>
    <testcase time="0.00000000" name="tcombine_bytes"><failure message="Hint: used config file '/opt/Nim-1.0.0/config/nim.cfg' [Conf]
Hint: used config file '/opt/Nim-1.0.0/config/config.nims' [Conf]
Hint: system [Processing]
Hint: widestrs [Processing]
Hint: io [Processing]
Hint: tcombine_bytes [Processing]
Hint: os [Processing]
Hint: strutils [Processing]
Hint: parseutils [Processing]
Hint: math [Processing]
Hint: bitops [Processing]
Hint: macros [Processing]
Hint: algorithm [Processing]
Hint: unicode [Processing]
Hint: pathnorm [Processing]
Hint: osseps [Processing]
Hint: posix [Processing]
Hint: times [Processing]
Hint: options [Processing]
Hint: typetraits [Processing]
Hint: streams [Processing]
Hint: sequtils [Processing]
Hint: unittest [Processing]
Hint: sets [Processing]
Hint: hashes [Processing]
Hint: terminal [Processing]
Hint: strformat [Processing]
Hint: colors [Processing]
Hint: termios [Processing]
Hint: combine_bytes [Processing]
Hint: kaitai_struct_nim_runtime [Processing]
Hint: endians [Processing]
Hint: encodings [Processing]
/home/travis/.nimble/pkgs/kaitai_struct_nim_runtime-0.1.0/kaitai_struct_nim_runtime.nim(23, 37) Error: type mismatch: got &lt;int literal(255), byte&gt;
but expected one of: 
proc `-`(n: byte): byte
  first type mismatch at position: 2
  extra argument given
proc `-`(x, y: int64): int64
  first type mismatch at position: 2
  required type for y: int64
  but expression 'n' is of type: byte
proc `-`(x: int16): int16
  first type mismatch at position: 2
  extra argument given
proc `-`(x: int): int
  first type mismatch at position: 2
  extra argument given
proc `-`(x, y: int32): int32
  first type mismatch at position: 2
  required type for y: int32
  but expression 'n' is of type: byte
proc `-`(x: int64): int64
  first type mismatch at position: 2
  extra argument given
proc `-`(x, y: float): float
  first type mismatch at position: 2
  required type for y: float
  but expression 'n' is of type: byte
proc `-`(x: int32): int32
  first type mismatch at position: 2
  extra argument given
proc `-`[T: SomeUnsignedInt](x, y: T): T
  first type mismatch at position: 2
  required type for y: T: SomeUnsignedInt
  but expression 'n' is of type: byte
proc `-`(x, y: int16): int16
  first type mismatch at position: 2
  required type for y: int16
  but expression 'n' is of type: byte
proc `-`(x, y: float32): float32
  first type mismatch at position: 2
  required type for y: float32
  but expression 'n' is of type: byte
proc `-`(x: float): float
  first type mismatch at position: 2
  extra argument given
proc `-`(x: float32): float32
  first type mismatch at position: 2
  extra argument given
proc `-`(x, y: int): int
  first type mismatch at position: 2
  required type for y: int
  but expression 'n' is of type: byte
3 other mismatching symbols have been suppressed; compile with --showAllMismatches:on to see them

expression: 255 - n
" /></testcase>
    <testcase time="0.00000000" name="tcombine_str"><failure message="Hint: used config file '/opt/Nim-1.0.0/config/nim.cfg' [Conf]
Hint: used config file '/opt/Nim-1.0.0/config/config.nims' [Conf]
Hint: system [Processing]
Hint: widestrs [Processing]
Hint: io [Processing]
Hint: tcombine_str [Processing]
Hint: os [Processing]
Hint: strutils [Processing]
Hint: parseutils [Processing]
Hint: math [Processing]
Hint: bitops [Processing]
Hint: macros [Processing]
Hint: algorithm [Processing]
Hint: unicode [Processing]
Hint: pathnorm [Processing]
Hint: osseps [Processing]
Hint: posix [Processing]
Hint: times [Processing]
Hint: options [Processing]
Hint: typetraits [Processing]
Hint: streams [Processing]
Hint: sequtils [Processing]
Hint: unittest [Processing]
Hint: sets [Processing]
Hint: hashes [Processing]
Hint: terminal [Processing]
Hint: strformat [Processing]
Hint: colors [Processing]
Hint: termios [Processing]
Hint: combine_str [Processing]
Hint: kaitai_struct_nim_runtime [Processing]
Hint: endians [Processing]
Hint: encodings [Processing]
/home/travis/.nimble/pkgs/kaitai_struct_nim_runtime-0.1.0/kaitai_struct_nim_runtime.nim(23, 37) Error: type mismatch: got &lt;int literal(255), byte&gt;
but expected one of: 
proc `-`(n: byte): byte
  first type mismatch at position: 2
  extra argument given
proc `-`(x, y: int64): int64
  first type mismatch at position: 2
  required type for y: int64
  but expression 'n' is of type: byte
proc `-`(x: int16): int16
  first type mismatch at position: 2
  extra argument given
proc `-`(x: int): int
  first type mismatch at position: 2
  extra argument given
proc `-`(x, y: int32): int32
  first type mismatch at position: 2
  required type for y: int32
  but expression 'n' is of type: byte
proc `-`(x: int64): int64
  first type mismatch at position: 2
  extra argument given
proc `-`(x, y: float): float
  first type mismatch at position: 2
  required type for y: float
  but expression 'n' is of type: byte
proc `-`(x: int32): int32
  first type mismatch at position: 2
  extra argument given
proc `-`[T: SomeUnsignedInt](x, y: T): T
  first type mismatch at position: 2
  required type for y: T: SomeUnsignedInt
  but expression 'n' is of type: byte
proc `-`(x, y: int16): int16
  first type mismatch at position: 2
  required type for y: int16
  but expression 'n' is of type: byte
proc `-`(x, y: float32): float32
  first type mismatch at position: 2
  required type for y: float32
  but expression 'n' is of type: byte
proc `-`(x: float): float
  first type mismatch at position: 2
  extra argument given
proc `-`(x: float32): float32
  first type mismatch at position: 2
  extra argument given
proc `-`(x, y: int): int
  first type mismatch at position: 2
  required type for y: int
  but expression 'n' is of type: byte
3 other mismatching symbols have been suppressed; compile with --showAllMismatches:on to see them

expression: 255 - n
" /></testcase>
    <testcase time="0.00000000" name="tdebug_switch_user"><failure message="Hint: used config file '/opt/Nim-1.0.0/config/nim.cfg' [Conf]
Hint: used config file '/opt/Nim-1.0.0/config/config.nims' [Conf]
Hint: system [Processing]
Hint: widestrs [Processing]
Hint: io [Processing]
Hint: tdebug_switch_user [Processing]
Hint: os [Processing]
Hint: strutils [Processing]
Hint: parseutils [Processing]
Hint: math [Processing]
Hint: bitops [Processing]
Hint: macros [Processing]
Hint: algorithm [Processing]
Hint: unicode [Processing]
Hint: pathnorm [Processing]
Hint: osseps [Processing]
Hint: posix [Processing]
Hint: times [Processing]
Hint: options [Processing]
Hint: typetraits [Processing]
Hint: streams [Processing]
Hint: sequtils [Processing]
Hint: unittest [Processing]
Hint: sets [Processing]
Hint: hashes [Processing]
Hint: terminal [Processing]
Hint: strformat [Processing]
Hint: colors [Processing]
Hint: termios [Processing]
Hint: debug_switch_user [Processing]
Hint: kaitai_struct_nim_runtime [Processing]
Hint: endians [Processing]
Hint: encodings [Processing]
/home/travis/.nimble/pkgs/kaitai_struct_nim_runtime-0.1.0/kaitai_struct_nim_runtime.nim(23, 37) Error: type mismatch: got &lt;int literal(255), byte&gt;
but expected one of: 
proc `-`(n: byte): byte
  first type mismatch at position: 2
  extra argument given
proc `-`(x, y: int64): int64
  first type mismatch at position: 2
  required type for y: int64
  but expression 'n' is of type: byte
proc `-`(x: int16): int16
  first type mismatch at position: 2
  extra argument given
proc `-`(x: int): int
  first type mismatch at position: 2
  extra argument given
proc `-`(x, y: int32): int32
  first type mismatch at position: 2
  required type for y: int32
  but expression 'n' is of type: byte
proc `-`(x: int64): int64
  first type mismatch at position: 2
  extra argument given
proc `-`(x, y: float): float
  first type mismatch at position: 2
  required type for y: float
  but expression 'n' is of type: byte
proc `-`(x: int32): int32
  first type mismatch at position: 2
  extra argument given
proc `-`[T: SomeUnsignedInt](x, y: T): T
  first type mismatch at position: 2
  required type for y: T: SomeUnsignedInt
  but expression 'n' is of type: byte
proc `-`(x, y: int16): int16
  first type mismatch at position: 2
  required type for y: int16
  but expression 'n' is of type: byte
proc `-`(x, y: float32): float32
  first type mismatch at position: 2
  required type for y: float32
  but expression 'n' is of type: byte
proc `-`(x: float): float
  first type mismatch at position: 2
  extra argument given
proc `-`(x: float32): float32
  first type mismatch at position: 2
  extra argument given
proc `-`(x, y: int): int
  first type mismatch at position: 2
  required type for y: int
  but expression 'n' is of type: byte
3 other mismatching symbols have been suppressed; compile with --showAllMismatches:on to see them

expression: 255 - n
" /></testcase>
    <testcase time="0.00000000" name="tdefault_big_endian"><failure message="Hint: used config file '/opt/Nim-1.0.0/config/nim.cfg' [Conf]
Hint: used config file '/opt/Nim-1.0.0/config/config.nims' [Conf]
Hint: system [Processing]
Hint: widestrs [Processing]
Hint: io [Processing]
Hint: tdefault_big_endian [Processing]
Hint: os [Processing]
Hint: strutils [Processing]
Hint: parseutils [Processing]
Hint: math [Processing]
Hint: bitops [Processing]
Hint: macros [Processing]
Hint: algorithm [Processing]
Hint: unicode [Processing]
Hint: pathnorm [Processing]
Hint: osseps [Processing]
Hint: posix [Processing]
Hint: times [Processing]
Hint: options [Processing]
Hint: typetraits [Processing]
Hint: streams [Processing]
Hint: sequtils [Processing]
Hint: unittest [Processing]
Hint: sets [Processing]
Hint: hashes [Processing]
Hint: terminal [Processing]
Hint: strformat [Processing]
Hint: colors [Processing]
Hint: termios [Processing]
Hint: default_big_endian [Processing]
Hint: kaitai_struct_nim_runtime [Processing]
Hint: endians [Processing]
Hint: encodings [Processing]
/home/travis/.nimble/pkgs/kaitai_struct_nim_runtime-0.1.0/kaitai_struct_nim_runtime.nim(23, 37) Error: type mismatch: got &lt;int literal(255), byte&gt;
but expected one of: 
proc `-`(n: byte): byte
  first type mismatch at position: 2
  extra argument given
proc `-`(x, y: int64): int64
  first type mismatch at position: 2
  required type for y: int64
  but expression 'n' is of type: byte
proc `-`(x: int16): int16
  first type mismatch at position: 2
  extra argument given
proc `-`(x: int): int
  first type mismatch at position: 2
  extra argument given
proc `-`(x, y: int32): int32
  first type mismatch at position: 2
  required type for y: int32
  but expression 'n' is of type: byte
proc `-`(x: int64): int64
  first type mismatch at position: 2
  extra argument given
proc `-`(x, y: float): float
  first type mismatch at position: 2
  required type for y: float
  but expression 'n' is of type: byte
proc `-`(x: int32): int32
  first type mismatch at position: 2
  extra argument given
proc `-`[T: SomeUnsignedInt](x, y: T): T
  first type mismatch at position: 2
  required type for y: T: SomeUnsignedInt
  but expression 'n' is of type: byte
proc `-`(x, y: int16): int16
  first type mismatch at position: 2
  required type for y: int16
  but expression 'n' is of type: byte
proc `-`(x, y: float32): float32
  first type mismatch at position: 2
  required type for y: float32
  but expression 'n' is of type: byte
proc `-`(x: float): float
  first type mismatch at position: 2
  extra argument given
proc `-`(x: float32): float32
  first type mismatch at position: 2
  extra argument given
proc `-`(x, y: int): int
  first type mismatch at position: 2
  required type for y: int
  but expression 'n' is of type: byte
3 other mismatching symbols have been suppressed; compile with --showAllMismatches:on to see them

expression: 255 - n
" /></testcase>
    <testcase time="0.00000000" name="tdefault_endian_expr_inherited"><failure message="Hint: used config file '/opt/Nim-1.0.0/config/nim.cfg' [Conf]
Hint: used config file '/opt/Nim-1.0.0/config/config.nims' [Conf]
Hint: system [Processing]
Hint: widestrs [Processing]
Hint: io [Processing]
Hint: tdefault_endian_expr_inherited [Processing]
Hint: os [Processing]
Hint: strutils [Processing]
Hint: parseutils [Processing]
Hint: math [Processing]
Hint: bitops [Processing]
Hint: macros [Processing]
Hint: algorithm [Processing]
Hint: unicode [Processing]
Hint: pathnorm [Processing]
Hint: osseps [Processing]
Hint: posix [Processing]
Hint: times [Processing]
Hint: options [Processing]
Hint: typetraits [Processing]
Hint: streams [Processing]
Hint: sequtils [Processing]
Hint: unittest [Processing]
Hint: sets [Processing]
Hint: hashes [Processing]
Hint: terminal [Processing]
Hint: strformat [Processing]
Hint: colors [Processing]
Hint: termios [Processing]
Hint: default_endian_expr_inherited [Processing]
Hint: kaitai_struct_nim_runtime [Processing]
Hint: endians [Processing]
Hint: encodings [Processing]
/home/travis/.nimble/pkgs/kaitai_struct_nim_runtime-0.1.0/kaitai_struct_nim_runtime.nim(23, 37) Error: type mismatch: got &lt;int literal(255), byte&gt;
but expected one of: 
proc `-`(n: byte): byte
  first type mismatch at position: 2
  extra argument given
proc `-`(x, y: int64): int64
  first type mismatch at position: 2
  required type for y: int64
  but expression 'n' is of type: byte
proc `-`(x: int16): int16
  first type mismatch at position: 2
  extra argument given
proc `-`(x: int): int
  first type mismatch at position: 2
  extra argument given
proc `-`(x, y: int32): int32
  first type mismatch at position: 2
  required type for y: int32
  but expression 'n' is of type: byte
proc `-`(x: int64): int64
  first type mismatch at position: 2
  extra argument given
proc `-`(x, y: float): float
  first type mismatch at position: 2
  required type for y: float
  but expression 'n' is of type: byte
proc `-`(x: int32): int32
  first type mismatch at position: 2
  extra argument given
proc `-`[T: SomeUnsignedInt](x, y: T): T
  first type mismatch at position: 2
  required type for y: T: SomeUnsignedInt
  but expression 'n' is of type: byte
proc `-`(x, y: int16): int16
  first type mismatch at position: 2
  required type for y: int16
  but expression 'n' is of type: byte
proc `-`(x, y: float32): float32
  first type mismatch at position: 2
  required type for y: float32
  but expression 'n' is of type: byte
proc `-`(x: float): float
  first type mismatch at position: 2
  extra argument given
proc `-`(x: float32): float32
  first type mismatch at position: 2
  extra argument given
proc `-`(x, y: int): int
  first type mismatch at position: 2
  required type for y: int
  but expression 'n' is of type: byte
3 other mismatching symbols have been suppressed; compile with --showAllMismatches:on to see them

expression: 255 - n
" /></testcase>
    <testcase time="0.00000000" name="tdefault_endian_expr_is_be"><failure message="Hint: used config file '/opt/Nim-1.0.0/config/nim.cfg' [Conf]
Hint: used config file '/opt/Nim-1.0.0/config/config.nims' [Conf]
Hint: system [Processing]
Hint: widestrs [Processing]
Hint: io [Processing]
Hint: tdefault_endian_expr_is_be [Processing]
Hint: os [Processing]
Hint: strutils [Processing]
Hint: parseutils [Processing]
Hint: math [Processing]
Hint: bitops [Processing]
Hint: macros [Processing]
Hint: algorithm [Processing]
Hint: unicode [Processing]
Hint: pathnorm [Processing]
Hint: osseps [Processing]
Hint: posix [Processing]
Hint: times [Processing]
Hint: options [Processing]
Hint: typetraits [Processing]
Hint: streams [Processing]
Hint: sequtils [Processing]
Hint: unittest [Processing]
Hint: sets [Processing]
Hint: hashes [Processing]
Hint: terminal [Processing]
Hint: strformat [Processing]
Hint: colors [Processing]
Hint: termios [Processing]
Hint: default_endian_expr_is_be [Processing]
Hint: kaitai_struct_nim_runtime [Processing]
Hint: endians [Processing]
Hint: encodings [Processing]
/home/travis/.nimble/pkgs/kaitai_struct_nim_runtime-0.1.0/kaitai_struct_nim_runtime.nim(23, 37) Error: type mismatch: got &lt;int literal(255), byte&gt;
but expected one of: 
proc `-`(n: byte): byte
  first type mismatch at position: 2
  extra argument given
proc `-`(x, y: int64): int64
  first type mismatch at position: 2
  required type for y: int64
  but expression 'n' is of type: byte
proc `-`(x: int16): int16
  first type mismatch at position: 2
  extra argument given
proc `-`(x: int): int
  first type mismatch at position: 2
  extra argument given
proc `-`(x, y: int32): int32
  first type mismatch at position: 2
  required type for y: int32
  but expression 'n' is of type: byte
proc `-`(x: int64): int64
  first type mismatch at position: 2
  extra argument given
proc `-`(x, y: float): float
  first type mismatch at position: 2
  required type for y: float
  but expression 'n' is of type: byte
proc `-`(x: int32): int32
  first type mismatch at position: 2
  extra argument given
proc `-`[T: SomeUnsignedInt](x, y: T): T
  first type mismatch at position: 2
  required type for y: T: SomeUnsignedInt
  but expression 'n' is of type: byte
proc `-`(x, y: int16): int16
  first type mismatch at position: 2
  required type for y: int16
  but expression 'n' is of type: byte
proc `-`(x, y: float32): float32
  first type mismatch at position: 2
  required type for y: float32
  but expression 'n' is of type: byte
proc `-`(x: float): float
  first type mismatch at position: 2
  extra argument given
proc `-`(x: float32): float32
  first type mismatch at position: 2
  extra argument given
proc `-`(x, y: int): int
  first type mismatch at position: 2
  required type for y: int
  but expression 'n' is of type: byte
3 other mismatching symbols have been suppressed; compile with --showAllMismatches:on to see them

expression: 255 - n
" /></testcase>
    <testcase time="0.00000000" name="tdefault_endian_expr_is_le"><failure message="Hint: used config file '/opt/Nim-1.0.0/config/nim.cfg' [Conf]
Hint: used config file '/opt/Nim-1.0.0/config/config.nims' [Conf]
Hint: system [Processing]
Hint: widestrs [Processing]
Hint: io [Processing]
Hint: tdefault_endian_expr_is_le [Processing]
Hint: os [Processing]
Hint: strutils [Processing]
Hint: parseutils [Processing]
Hint: math [Processing]
Hint: bitops [Processing]
Hint: macros [Processing]
Hint: algorithm [Processing]
Hint: unicode [Processing]
Hint: pathnorm [Processing]
Hint: osseps [Processing]
Hint: posix [Processing]
Hint: times [Processing]
Hint: options [Processing]
Hint: typetraits [Processing]
Hint: streams [Processing]
Hint: sequtils [Processing]
Hint: unittest [Processing]
Hint: sets [Processing]
Hint: hashes [Processing]
Hint: terminal [Processing]
Hint: strformat [Processing]
Hint: colors [Processing]
Hint: termios [Processing]
Hint: default_endian_expr_is_le [Processing]
Hint: kaitai_struct_nim_runtime [Processing]
Hint: endians [Processing]
Hint: encodings [Processing]
/home/travis/.nimble/pkgs/kaitai_struct_nim_runtime-0.1.0/kaitai_struct_nim_runtime.nim(23, 37) Error: type mismatch: got &lt;int literal(255), byte&gt;
but expected one of: 
proc `-`(n: byte): byte
  first type mismatch at position: 2
  extra argument given
proc `-`(x, y: int64): int64
  first type mismatch at position: 2
  required type for y: int64
  but expression 'n' is of type: byte
proc `-`(x: int16): int16
  first type mismatch at position: 2
  extra argument given
proc `-`(x: int): int
  first type mismatch at position: 2
  extra argument given
proc `-`(x, y: int32): int32
  first type mismatch at position: 2
  required type for y: int32
  but expression 'n' is of type: byte
proc `-`(x: int64): int64
  first type mismatch at position: 2
  extra argument given
proc `-`(x, y: float): float
  first type mismatch at position: 2
  required type for y: float
  but expression 'n' is of type: byte
proc `-`(x: int32): int32
  first type mismatch at position: 2
  extra argument given
proc `-`[T: SomeUnsignedInt](x, y: T): T
  first type mismatch at position: 2
  required type for y: T: SomeUnsignedInt
  but expression 'n' is of type: byte
proc `-`(x, y: int16): int16
  first type mismatch at position: 2
  required type for y: int16
  but expression 'n' is of type: byte
proc `-`(x, y: float32): float32
  first type mismatch at position: 2
  required type for y: float32
  but expression 'n' is of type: byte
proc `-`(x: float): float
  first type mismatch at position: 2
  extra argument given
proc `-`(x: float32): float32
  first type mismatch at position: 2
  extra argument given
proc `-`(x, y: int): int
  first type mismatch at position: 2
  required type for y: int
  but expression 'n' is of type: byte
3 other mismatching symbols have been suppressed; compile with --showAllMismatches:on to see them

expression: 255 - n
" /></testcase>
    <testcase time="0.00000000" name="tdefault_endian_mod"><failure message="Hint: used config file '/opt/Nim-1.0.0/config/nim.cfg' [Conf]
Hint: used config file '/opt/Nim-1.0.0/config/config.nims' [Conf]
Hint: system [Processing]
Hint: widestrs [Processing]
Hint: io [Processing]
Hint: tdefault_endian_mod [Processing]
Hint: os [Processing]
Hint: strutils [Processing]
Hint: parseutils [Processing]
Hint: math [Processing]
Hint: bitops [Processing]
Hint: macros [Processing]
Hint: algorithm [Processing]
Hint: unicode [Processing]
Hint: pathnorm [Processing]
Hint: osseps [Processing]
Hint: posix [Processing]
Hint: times [Processing]
Hint: options [Processing]
Hint: typetraits [Processing]
Hint: streams [Processing]
Hint: sequtils [Processing]
Hint: unittest [Processing]
Hint: sets [Processing]
Hint: hashes [Processing]
Hint: terminal [Processing]
Hint: strformat [Processing]
Hint: colors [Processing]
Hint: termios [Processing]
Hint: default_endian_mod [Processing]
Hint: kaitai_struct_nim_runtime [Processing]
Hint: endians [Processing]
Hint: encodings [Processing]
/home/travis/.nimble/pkgs/kaitai_struct_nim_runtime-0.1.0/kaitai_struct_nim_runtime.nim(23, 37) Error: type mismatch: got &lt;int literal(255), byte&gt;
but expected one of: 
proc `-`(n: byte): byte
  first type mismatch at position: 2
  extra argument given
proc `-`(x, y: int64): int64
  first type mismatch at position: 2
  required type for y: int64
  but expression 'n' is of type: byte
proc `-`(x: int16): int16
  first type mismatch at position: 2
  extra argument given
proc `-`(x: int): int
  first type mismatch at position: 2
  extra argument given
proc `-`(x, y: int32): int32
  first type mismatch at position: 2
  required type for y: int32
  but expression 'n' is of type: byte
proc `-`(x: int64): int64
  first type mismatch at position: 2
  extra argument given
proc `-`(x, y: float): float
  first type mismatch at position: 2
  required type for y: float
  but expression 'n' is of type: byte
proc `-`(x: int32): int32
  first type mismatch at position: 2
  extra argument given
proc `-`[T: SomeUnsignedInt](x, y: T): T
  first type mismatch at position: 2
  required type for y: T: SomeUnsignedInt
  but expression 'n' is of type: byte
proc `-`(x, y: int16): int16
  first type mismatch at position: 2
  required type for y: int16
  but expression 'n' is of type: byte
proc `-`(x, y: float32): float32
  first type mismatch at position: 2
  required type for y: float32
  but expression 'n' is of type: byte
proc `-`(x: float): float
  first type mismatch at position: 2
  extra argument given
proc `-`(x: float32): float32
  first type mismatch at position: 2
  extra argument given
proc `-`(x, y: int): int
  first type mismatch at position: 2
  required type for y: int
  but expression 'n' is of type: byte
3 other mismatching symbols have been suppressed; compile with --showAllMismatches:on to see them

expression: 255 - n
" /></testcase>
    <testcase time="0.00000000" name="tdocstrings"><failure message="Hint: used config file '/opt/Nim-1.0.0/config/nim.cfg' [Conf]
Hint: used config file '/opt/Nim-1.0.0/config/config.nims' [Conf]
Hint: system [Processing]
Hint: widestrs [Processing]
Hint: io [Processing]
Hint: tdocstrings [Processing]
Hint: os [Processing]
Hint: strutils [Processing]
Hint: parseutils [Processing]
Hint: math [Processing]
Hint: bitops [Processing]
Hint: macros [Processing]
Hint: algorithm [Processing]
Hint: unicode [Processing]
Hint: pathnorm [Processing]
Hint: osseps [Processing]
Hint: posix [Processing]
Hint: times [Processing]
Hint: options [Processing]
Hint: typetraits [Processing]
Hint: streams [Processing]
Hint: sequtils [Processing]
Hint: unittest [Processing]
Hint: sets [Processing]
Hint: hashes [Processing]
Hint: terminal [Processing]
Hint: strformat [Processing]
Hint: colors [Processing]
Hint: termios [Processing]
Hint: docstrings [Processing]
Hint: kaitai_struct_nim_runtime [Processing]
Hint: endians [Processing]
Hint: encodings [Processing]
/home/travis/.nimble/pkgs/kaitai_struct_nim_runtime-0.1.0/kaitai_struct_nim_runtime.nim(23, 37) Error: type mismatch: got &lt;int literal(255), byte&gt;
but expected one of: 
proc `-`(n: byte): byte
  first type mismatch at position: 2
  extra argument given
proc `-`(x, y: int64): int64
  first type mismatch at position: 2
  required type for y: int64
  but expression 'n' is of type: byte
proc `-`(x: int16): int16
  first type mismatch at position: 2
  extra argument given
proc `-`(x: int): int
  first type mismatch at position: 2
  extra argument given
proc `-`(x, y: int32): int32
  first type mismatch at position: 2
  required type for y: int32
  but expression 'n' is of type: byte
proc `-`(x: int64): int64
  first type mismatch at position: 2
  extra argument given
proc `-`(x, y: float): float
  first type mismatch at position: 2
  required type for y: float
  but expression 'n' is of type: byte
proc `-`(x: int32): int32
  first type mismatch at position: 2
  extra argument given
proc `-`[T: SomeUnsignedInt](x, y: T): T
  first type mismatch at position: 2
  required type for y: T: SomeUnsignedInt
  but expression 'n' is of type: byte
proc `-`(x, y: int16): int16
  first type mismatch at position: 2
  required type for y: int16
  but expression 'n' is of type: byte
proc `-`(x, y: float32): float32
  first type mismatch at position: 2
  required type for y: float32
  but expression 'n' is of type: byte
proc `-`(x: float): float
  first type mismatch at position: 2
  extra argument given
proc `-`(x: float32): float32
  first type mismatch at position: 2
  extra argument given
proc `-`(x, y: int): int
  first type mismatch at position: 2
  required type for y: int
  but expression 'n' is of type: byte
3 other mismatching symbols have been suppressed; compile with --showAllMismatches:on to see them

expression: 255 - n
" /></testcase>
    <testcase time="0.00000000" name="tdocstrings_docref"><failure message="Hint: used config file '/opt/Nim-1.0.0/config/nim.cfg' [Conf]
Hint: used config file '/opt/Nim-1.0.0/config/config.nims' [Conf]
Hint: system [Processing]
Hint: widestrs [Processing]
Hint: io [Processing]
Hint: tdocstrings_docref [Processing]
Hint: os [Processing]
Hint: strutils [Processing]
Hint: parseutils [Processing]
Hint: math [Processing]
Hint: bitops [Processing]
Hint: macros [Processing]
Hint: algorithm [Processing]
Hint: unicode [Processing]
Hint: pathnorm [Processing]
Hint: osseps [Processing]
Hint: posix [Processing]
Hint: times [Processing]
Hint: options [Processing]
Hint: typetraits [Processing]
Hint: streams [Processing]
Hint: sequtils [Processing]
Hint: unittest [Processing]
Hint: sets [Processing]
Hint: hashes [Processing]
Hint: terminal [Processing]
Hint: strformat [Processing]
Hint: colors [Processing]
Hint: termios [Processing]
Hint: docstrings_docref [Processing]
Hint: kaitai_struct_nim_runtime [Processing]
Hint: endians [Processing]
Hint: encodings [Processing]
/home/travis/.nimble/pkgs/kaitai_struct_nim_runtime-0.1.0/kaitai_struct_nim_runtime.nim(23, 37) Error: type mismatch: got &lt;int literal(255), byte&gt;
but expected one of: 
proc `-`(n: byte): byte
  first type mismatch at position: 2
  extra argument given
proc `-`(x, y: int64): int64
  first type mismatch at position: 2
  required type for y: int64
  but expression 'n' is of type: byte
proc `-`(x: int16): int16
  first type mismatch at position: 2
  extra argument given
proc `-`(x: int): int
  first type mismatch at position: 2
  extra argument given
proc `-`(x, y: int32): int32
  first type mismatch at position: 2
  required type for y: int32
  but expression 'n' is of type: byte
proc `-`(x: int64): int64
  first type mismatch at position: 2
  extra argument given
proc `-`(x, y: float): float
  first type mismatch at position: 2
  required type for y: float
  but expression 'n' is of type: byte
proc `-`(x: int32): int32
  first type mismatch at position: 2
  extra argument given
proc `-`[T: SomeUnsignedInt](x, y: T): T
  first type mismatch at position: 2
  required type for y: T: SomeUnsignedInt
  but expression 'n' is of type: byte
proc `-`(x, y: int16): int16
  first type mismatch at position: 2
  required type for y: int16
  but expression 'n' is of type: byte
proc `-`(x, y: float32): float32
  first type mismatch at position: 2
  required type for y: float32
  but expression 'n' is of type: byte
proc `-`(x: float): float
  first type mismatch at position: 2
  extra argument given
proc `-`(x: float32): float32
  first type mismatch at position: 2
  extra argument given
proc `-`(x, y: int): int
  first type mismatch at position: 2
  required type for y: int
  but expression 'n' is of type: byte
3 other mismatching symbols have been suppressed; compile with --showAllMismatches:on to see them

expression: 255 - n
" /></testcase>
    <testcase time="0.00000000" name="tdocstrings_docref_multi"><failure message="Hint: used config file '/opt/Nim-1.0.0/config/nim.cfg' [Conf]
Hint: used config file '/opt/Nim-1.0.0/config/config.nims' [Conf]
Hint: system [Processing]
Hint: widestrs [Processing]
Hint: io [Processing]
Hint: tdocstrings_docref_multi [Processing]
Hint: os [Processing]
Hint: strutils [Processing]
Hint: parseutils [Processing]
Hint: math [Processing]
Hint: bitops [Processing]
Hint: macros [Processing]
Hint: algorithm [Processing]
Hint: unicode [Processing]
Hint: pathnorm [Processing]
Hint: osseps [Processing]
Hint: posix [Processing]
Hint: times [Processing]
Hint: options [Processing]
Hint: typetraits [Processing]
Hint: streams [Processing]
Hint: sequtils [Processing]
Hint: unittest [Processing]
Hint: sets [Processing]
Hint: hashes [Processing]
Hint: terminal [Processing]
Hint: strformat [Processing]
Hint: colors [Processing]
Hint: termios [Processing]
Hint: docstrings_docref_multi [Processing]
Hint: kaitai_struct_nim_runtime [Processing]
Hint: endians [Processing]
Hint: encodings [Processing]
/home/travis/.nimble/pkgs/kaitai_struct_nim_runtime-0.1.0/kaitai_struct_nim_runtime.nim(23, 37) Error: type mismatch: got &lt;int literal(255), byte&gt;
but expected one of: 
proc `-`(n: byte): byte
  first type mismatch at position: 2
  extra argument given
proc `-`(x, y: int64): int64
  first type mismatch at position: 2
  required type for y: int64
  but expression 'n' is of type: byte
proc `-`(x: int16): int16
  first type mismatch at position: 2
  extra argument given
proc `-`(x: int): int
  first type mismatch at position: 2
  extra argument given
proc `-`(x, y: int32): int32
  first type mismatch at position: 2
  required type for y: int32
  but expression 'n' is of type: byte
proc `-`(x: int64): int64
  first type mismatch at position: 2
  extra argument given
proc `-`(x, y: float): float
  first type mismatch at position: 2
  required type for y: float
  but expression 'n' is of type: byte
proc `-`(x: int32): int32
  first type mismatch at position: 2
  extra argument given
proc `-`[T: SomeUnsignedInt](x, y: T): T
  first type mismatch at position: 2
  required type for y: T: SomeUnsignedInt
  but expression 'n' is of type: byte
proc `-`(x, y: int16): int16
  first type mismatch at position: 2
  required type for y: int16
  but expression 'n' is of type: byte
proc `-`(x, y: float32): float32
  first type mismatch at position: 2
  required type for y: float32
  but expression 'n' is of type: byte
proc `-`(x: float): float
  first type mismatch at position: 2
  extra argument given
proc `-`(x: float32): float32
  first type mismatch at position: 2
  extra argument given
proc `-`(x, y: int): int
  first type mismatch at position: 2
  required type for y: int
  but expression 'n' is of type: byte
3 other mismatching symbols have been suppressed; compile with --showAllMismatches:on to see them

expression: 255 - n
" /></testcase>
    <testcase time="0.00000000" name="tenum_0"><failure message="Hint: used config file '/opt/Nim-1.0.0/config/nim.cfg' [Conf]
Hint: used config file '/opt/Nim-1.0.0/config/config.nims' [Conf]
Hint: system [Processing]
Hint: widestrs [Processing]
Hint: io [Processing]
Hint: tenum_0 [Processing]
Hint: os [Processing]
Hint: strutils [Processing]
Hint: parseutils [Processing]
Hint: math [Processing]
Hint: bitops [Processing]
Hint: macros [Processing]
Hint: algorithm [Processing]
Hint: unicode [Processing]
Hint: pathnorm [Processing]
Hint: osseps [Processing]
Hint: posix [Processing]
Hint: times [Processing]
Hint: options [Processing]
Hint: typetraits [Processing]
Hint: streams [Processing]
Hint: sequtils [Processing]
Hint: unittest [Processing]
Hint: sets [Processing]
Hint: hashes [Processing]
Hint: terminal [Processing]
Hint: strformat [Processing]
Hint: colors [Processing]
Hint: termios [Processing]
Hint: enum_0 [Processing]
Hint: kaitai_struct_nim_runtime [Processing]
Hint: endians [Processing]
Hint: encodings [Processing]
/home/travis/.nimble/pkgs/kaitai_struct_nim_runtime-0.1.0/kaitai_struct_nim_runtime.nim(23, 37) Error: type mismatch: got &lt;int literal(255), byte&gt;
but expected one of: 
proc `-`(n: byte): byte
  first type mismatch at position: 2
  extra argument given
proc `-`(x, y: int64): int64
  first type mismatch at position: 2
  required type for y: int64
  but expression 'n' is of type: byte
proc `-`(x: int16): int16
  first type mismatch at position: 2
  extra argument given
proc `-`(x: int): int
  first type mismatch at position: 2
  extra argument given
proc `-`(x, y: int32): int32
  first type mismatch at position: 2
  required type for y: int32
  but expression 'n' is of type: byte
proc `-`(x: int64): int64
  first type mismatch at position: 2
  extra argument given
proc `-`(x, y: float): float
  first type mismatch at position: 2
  required type for y: float
  but expression 'n' is of type: byte
proc `-`(x: int32): int32
  first type mismatch at position: 2
  extra argument given
proc `-`[T: SomeUnsignedInt](x, y: T): T
  first type mismatch at position: 2
  required type for y: T: SomeUnsignedInt
  but expression 'n' is of type: byte
proc `-`(x, y: int16): int16
  first type mismatch at position: 2
  required type for y: int16
  but expression 'n' is of type: byte
proc `-`(x, y: float32): float32
  first type mismatch at position: 2
  required type for y: float32
  but expression 'n' is of type: byte
proc `-`(x: float): float
  first type mismatch at position: 2
  extra argument given
proc `-`(x: float32): float32
  first type mismatch at position: 2
  extra argument given
proc `-`(x, y: int): int
  first type mismatch at position: 2
  required type for y: int
  but expression 'n' is of type: byte
3 other mismatching symbols have been suppressed; compile with --showAllMismatches:on to see them

expression: 255 - n
" /></testcase>
    <testcase time="0.00000000" name="tenum_1"><failure message="Hint: used config file '/opt/Nim-1.0.0/config/nim.cfg' [Conf]
Hint: used config file '/opt/Nim-1.0.0/config/config.nims' [Conf]
Hint: system [Processing]
Hint: widestrs [Processing]
Hint: io [Processing]
Hint: tenum_1 [Processing]
Hint: os [Processing]
Hint: strutils [Processing]
Hint: parseutils [Processing]
Hint: math [Processing]
Hint: bitops [Processing]
Hint: macros [Processing]
Hint: algorithm [Processing]
Hint: unicode [Processing]
Hint: pathnorm [Processing]
Hint: osseps [Processing]
Hint: posix [Processing]
Hint: times [Processing]
Hint: options [Processing]
Hint: typetraits [Processing]
Hint: streams [Processing]
Hint: sequtils [Processing]
Hint: unittest [Processing]
Hint: sets [Processing]
Hint: hashes [Processing]
Hint: terminal [Processing]
Hint: strformat [Processing]
Hint: colors [Processing]
Hint: termios [Processing]
Hint: enum_1 [Processing]
Hint: kaitai_struct_nim_runtime [Processing]
Hint: endians [Processing]
Hint: encodings [Processing]
/home/travis/.nimble/pkgs/kaitai_struct_nim_runtime-0.1.0/kaitai_struct_nim_runtime.nim(23, 37) Error: type mismatch: got &lt;int literal(255), byte&gt;
but expected one of: 
proc `-`(n: byte): byte
  first type mismatch at position: 2
  extra argument given
proc `-`(x, y: int64): int64
  first type mismatch at position: 2
  required type for y: int64
  but expression 'n' is of type: byte
proc `-`(x: int16): int16
  first type mismatch at position: 2
  extra argument given
proc `-`(x: int): int
  first type mismatch at position: 2
  extra argument given
proc `-`(x, y: int32): int32
  first type mismatch at position: 2
  required type for y: int32
  but expression 'n' is of type: byte
proc `-`(x: int64): int64
  first type mismatch at position: 2
  extra argument given
proc `-`(x, y: float): float
  first type mismatch at position: 2
  required type for y: float
  but expression 'n' is of type: byte
proc `-`(x: int32): int32
  first type mismatch at position: 2
  extra argument given
proc `-`[T: SomeUnsignedInt](x, y: T): T
  first type mismatch at position: 2
  required type for y: T: SomeUnsignedInt
  but expression 'n' is of type: byte
proc `-`(x, y: int16): int16
  first type mismatch at position: 2
  required type for y: int16
  but expression 'n' is of type: byte
proc `-`(x, y: float32): float32
  first type mismatch at position: 2
  required type for y: float32
  but expression 'n' is of type: byte
proc `-`(x: float): float
  first type mismatch at position: 2
  extra argument given
proc `-`(x: float32): float32
  first type mismatch at position: 2
  extra argument given
proc `-`(x, y: int): int
  first type mismatch at position: 2
  required type for y: int
  but expression 'n' is of type: byte
3 other mismatching symbols have been suppressed; compile with --showAllMismatches:on to see them

expression: 255 - n
" /></testcase>
    <testcase time="0.00000000" name="tenum_deep"><failure message="Hint: used config file '/opt/Nim-1.0.0/config/nim.cfg' [Conf]
Hint: used config file '/opt/Nim-1.0.0/config/config.nims' [Conf]
Hint: system [Processing]
Hint: widestrs [Processing]
Hint: io [Processing]
Hint: tenum_deep [Processing]
Hint: os [Processing]
Hint: strutils [Processing]
Hint: parseutils [Processing]
Hint: math [Processing]
Hint: bitops [Processing]
Hint: macros [Processing]
Hint: algorithm [Processing]
Hint: unicode [Processing]
Hint: pathnorm [Processing]
Hint: osseps [Processing]
Hint: posix [Processing]
Hint: times [Processing]
Hint: options [Processing]
Hint: typetraits [Processing]
Hint: streams [Processing]
Hint: sequtils [Processing]
Hint: unittest [Processing]
Hint: sets [Processing]
Hint: hashes [Processing]
Hint: terminal [Processing]
Hint: strformat [Processing]
Hint: colors [Processing]
Hint: termios [Processing]
Hint: enum_deep [Processing]
Hint: kaitai_struct_nim_runtime [Processing]
Hint: endians [Processing]
Hint: encodings [Processing]
/home/travis/.nimble/pkgs/kaitai_struct_nim_runtime-0.1.0/kaitai_struct_nim_runtime.nim(23, 37) Error: type mismatch: got &lt;int literal(255), byte&gt;
but expected one of: 
proc `-`(n: byte): byte
  first type mismatch at position: 2
  extra argument given
proc `-`(x, y: int64): int64
  first type mismatch at position: 2
  required type for y: int64
  but expression 'n' is of type: byte
proc `-`(x: int16): int16
  first type mismatch at position: 2
  extra argument given
proc `-`(x: int): int
  first type mismatch at position: 2
  extra argument given
proc `-`(x, y: int32): int32
  first type mismatch at position: 2
  required type for y: int32
  but expression 'n' is of type: byte
proc `-`(x: int64): int64
  first type mismatch at position: 2
  extra argument given
proc `-`(x, y: float): float
  first type mismatch at position: 2
  required type for y: float
  but expression 'n' is of type: byte
proc `-`(x: int32): int32
  first type mismatch at position: 2
  extra argument given
proc `-`[T: SomeUnsignedInt](x, y: T): T
  first type mismatch at position: 2
  required type for y: T: SomeUnsignedInt
  but expression 'n' is of type: byte
proc `-`(x, y: int16): int16
  first type mismatch at position: 2
  required type for y: int16
  but expression 'n' is of type: byte
proc `-`(x, y: float32): float32
  first type mismatch at position: 2
  required type for y: float32
  but expression 'n' is of type: byte
proc `-`(x: float): float
  first type mismatch at position: 2
  extra argument given
proc `-`(x: float32): float32
  first type mismatch at position: 2
  extra argument given
proc `-`(x, y: int): int
  first type mismatch at position: 2
  required type for y: int
  but expression 'n' is of type: byte
3 other mismatching symbols have been suppressed; compile with --showAllMismatches:on to see them

expression: 255 - n
" /></testcase>
    <testcase time="0.00000000" name="tenum_deep_literals"><failure message="Hint: used config file '/opt/Nim-1.0.0/config/nim.cfg' [Conf]
Hint: used config file '/opt/Nim-1.0.0/config/config.nims' [Conf]
Hint: system [Processing]
Hint: widestrs [Processing]
Hint: io [Processing]
Hint: tenum_deep_literals [Processing]
Hint: os [Processing]
Hint: strutils [Processing]
Hint: parseutils [Processing]
Hint: math [Processing]
Hint: bitops [Processing]
Hint: macros [Processing]
Hint: algorithm [Processing]
Hint: unicode [Processing]
Hint: pathnorm [Processing]
Hint: osseps [Processing]
Hint: posix [Processing]
Hint: times [Processing]
Hint: options [Processing]
Hint: typetraits [Processing]
Hint: streams [Processing]
Hint: sequtils [Processing]
Hint: unittest [Processing]
Hint: sets [Processing]
Hint: hashes [Processing]
Hint: terminal [Processing]
Hint: strformat [Processing]
Hint: colors [Processing]
Hint: termios [Processing]
Hint: enum_deep_literals [Processing]
Hint: kaitai_struct_nim_runtime [Processing]
Hint: endians [Processing]
Hint: encodings [Processing]
/home/travis/.nimble/pkgs/kaitai_struct_nim_runtime-0.1.0/kaitai_struct_nim_runtime.nim(23, 37) Error: type mismatch: got &lt;int literal(255), byte&gt;
but expected one of: 
proc `-`(n: byte): byte
  first type mismatch at position: 2
  extra argument given
proc `-`(x, y: int64): int64
  first type mismatch at position: 2
  required type for y: int64
  but expression 'n' is of type: byte
proc `-`(x: int16): int16
  first type mismatch at position: 2
  extra argument given
proc `-`(x: int): int
  first type mismatch at position: 2
  extra argument given
proc `-`(x, y: int32): int32
  first type mismatch at position: 2
  required type for y: int32
  but expression 'n' is of type: byte
proc `-`(x: int64): int64
  first type mismatch at position: 2
  extra argument given
proc `-`(x, y: float): float
  first type mismatch at position: 2
  required type for y: float
  but expression 'n' is of type: byte
proc `-`(x: int32): int32
  first type mismatch at position: 2
  extra argument given
proc `-`[T: SomeUnsignedInt](x, y: T): T
  first type mismatch at position: 2
  required type for y: T: SomeUnsignedInt
  but expression 'n' is of type: byte
proc `-`(x, y: int16): int16
  first type mismatch at position: 2
  required type for y: int16
  but expression 'n' is of type: byte
proc `-`(x, y: float32): float32
  first type mismatch at position: 2
  required type for y: float32
  but expression 'n' is of type: byte
proc `-`(x: float): float
  first type mismatch at position: 2
  extra argument given
proc `-`(x: float32): float32
  first type mismatch at position: 2
  extra argument given
proc `-`(x, y: int): int
  first type mismatch at position: 2
  required type for y: int
  but expression 'n' is of type: byte
3 other mismatching symbols have been suppressed; compile with --showAllMismatches:on to see them

expression: 255 - n
" /></testcase>
    <testcase time="0.00000000" name="tenum_fancy"><failure message="Hint: used config file '/opt/Nim-1.0.0/config/nim.cfg' [Conf]
Hint: used config file '/opt/Nim-1.0.0/config/config.nims' [Conf]
Hint: system [Processing]
Hint: widestrs [Processing]
Hint: io [Processing]
Hint: tenum_fancy [Processing]
Hint: os [Processing]
Hint: strutils [Processing]
Hint: parseutils [Processing]
Hint: math [Processing]
Hint: bitops [Processing]
Hint: macros [Processing]
Hint: algorithm [Processing]
Hint: unicode [Processing]
Hint: pathnorm [Processing]
Hint: osseps [Processing]
Hint: posix [Processing]
Hint: times [Processing]
Hint: options [Processing]
Hint: typetraits [Processing]
Hint: streams [Processing]
Hint: sequtils [Processing]
Hint: unittest [Processing]
Hint: sets [Processing]
Hint: hashes [Processing]
Hint: terminal [Processing]
Hint: strformat [Processing]
Hint: colors [Processing]
Hint: termios [Processing]
Hint: enum_fancy [Processing]
Hint: kaitai_struct_nim_runtime [Processing]
Hint: endians [Processing]
Hint: encodings [Processing]
/home/travis/.nimble/pkgs/kaitai_struct_nim_runtime-0.1.0/kaitai_struct_nim_runtime.nim(23, 37) Error: type mismatch: got &lt;int literal(255), byte&gt;
but expected one of: 
proc `-`(n: byte): byte
  first type mismatch at position: 2
  extra argument given
proc `-`(x, y: int64): int64
  first type mismatch at position: 2
  required type for y: int64
  but expression 'n' is of type: byte
proc `-`(x: int16): int16
  first type mismatch at position: 2
  extra argument given
proc `-`(x: int): int
  first type mismatch at position: 2
  extra argument given
proc `-`(x, y: int32): int32
  first type mismatch at position: 2
  required type for y: int32
  but expression 'n' is of type: byte
proc `-`(x: int64): int64
  first type mismatch at position: 2
  extra argument given
proc `-`(x, y: float): float
  first type mismatch at position: 2
  required type for y: float
  but expression 'n' is of type: byte
proc `-`(x: int32): int32
  first type mismatch at position: 2
  extra argument given
proc `-`[T: SomeUnsignedInt](x, y: T): T
  first type mismatch at position: 2
  required type for y: T: SomeUnsignedInt
  but expression 'n' is of type: byte
proc `-`(x, y: int16): int16
  first type mismatch at position: 2
  required type for y: int16
  but expression 'n' is of type: byte
proc `-`(x, y: float32): float32
  first type mismatch at position: 2
  required type for y: float32
  but expression 'n' is of type: byte
proc `-`(x: float): float
  first type mismatch at position: 2
  extra argument given
proc `-`(x: float32): float32
  first type mismatch at position: 2
  extra argument given
proc `-`(x, y: int): int
  first type mismatch at position: 2
  required type for y: int
  but expression 'n' is of type: byte
3 other mismatching symbols have been suppressed; compile with --showAllMismatches:on to see them

expression: 255 - n
" /></testcase>
    <testcase time="0.00000000" name="tenum_if"><failure message="Hint: used config file '/opt/Nim-1.0.0/config/nim.cfg' [Conf]
Hint: used config file '/opt/Nim-1.0.0/config/config.nims' [Conf]
Hint: system [Processing]
Hint: widestrs [Processing]
Hint: io [Processing]
Hint: tenum_if [Processing]
Hint: os [Processing]
Hint: strutils [Processing]
Hint: parseutils [Processing]
Hint: math [Processing]
Hint: bitops [Processing]
Hint: macros [Processing]
Hint: algorithm [Processing]
Hint: unicode [Processing]
Hint: pathnorm [Processing]
Hint: osseps [Processing]
Hint: posix [Processing]
Hint: times [Processing]
Hint: options [Processing]
Hint: typetraits [Processing]
Hint: streams [Processing]
Hint: sequtils [Processing]
Hint: unittest [Processing]
Hint: sets [Processing]
Hint: hashes [Processing]
Hint: terminal [Processing]
Hint: strformat [Processing]
Hint: colors [Processing]
Hint: termios [Processing]
[...]
Hint: osseps [Processing]
Hint: posix [Processing]
Hint: times [Processing]
Hint: options [Processing]
Hint: typetraits [Processing]
Hint: streams [Processing]
Hint: sequtils [Processing]
Hint: unittest [Processing]
Hint: sets [Processing]
Hint: hashes [Processing]
Hint: terminal [Processing]
Hint: strformat [Processing]
Hint: colors [Processing]
Hint: termios [Processing]
Hint: user_type [Processing]
Hint: kaitai_struct_nim_runtime [Processing]
Hint: endians [Processing]
Hint: encodings [Processing]
/home/travis/.nimble/pkgs/kaitai_struct_nim_runtime-0.1.0/kaitai_struct_nim_runtime.nim(23, 37) Error: type mismatch: got &lt;int literal(255), byte&gt;
but expected one of: 
proc `-`(n: byte): byte
  first type mismatch at position: 2
  extra argument given
proc `-`(x, y: int64): int64
  first type mismatch at position: 2
  required type for y: int64
  but expression 'n' is of type: byte
proc `-`(x: int16): int16
  first type mismatch at position: 2
  extra argument given
proc `-`(x: int): int
  first type mismatch at position: 2
  extra argument given
proc `-`(x, y: int32): int32
  first type mismatch at position: 2
  required type for y: int32
  but expression 'n' is of type: byte
proc `-`(x: int64): int64
  first type mismatch at position: 2
  extra argument given
proc `-`(x, y: float): float
  first type mismatch at position: 2
  required type for y: float
  but expression 'n' is of type: byte
proc `-`(x: int32): int32
  first type mismatch at position: 2
  extra argument given
proc `-`[T: SomeUnsignedInt](x, y: T): T
  first type mismatch at position: 2
  required type for y: T: SomeUnsignedInt
  but expression 'n' is of type: byte
proc `-`(x, y: int16): int16
  first type mismatch at position: 2
  required type for y: int16
  but expression 'n' is of type: byte
proc `-`(x, y: float32): float32
  first type mismatch at position: 2
  required type for y: float32
  but expression 'n' is of type: byte
proc `-`(x: float): float
  first type mismatch at position: 2
  extra argument given
proc `-`(x: float32): float32
  first type mismatch at position: 2
  extra argument given
proc `-`(x, y: int): int
  first type mismatch at position: 2
  required type for y: int
  but expression 'n' is of type: byte
3 other mismatching symbols have been suppressed; compile with --showAllMismatches:on to see them

expression: 255 - n
" /></testcase>
    <testcase time="0.00000000" name="tvalid_long"><failure message="Hint: used config file '/opt/Nim-1.0.0/config/nim.cfg' [Conf]
Hint: used config file '/opt/Nim-1.0.0/config/config.nims' [Conf]
Hint: system [Processing]
Hint: widestrs [Processing]
Hint: io [Processing]
Hint: tvalid_long [Processing]
Hint: os [Processing]
Hint: strutils [Processing]
Hint: parseutils [Processing]
Hint: math [Processing]
Hint: bitops [Processing]
Hint: macros [Processing]
Hint: algorithm [Processing]
Hint: unicode [Processing]
Hint: pathnorm [Processing]
Hint: osseps [Processing]
Hint: posix [Processing]
Hint: times [Processing]
Hint: options [Processing]
Hint: typetraits [Processing]
Hint: streams [Processing]
Hint: sequtils [Processing]
Hint: unittest [Processing]
Hint: sets [Processing]
Hint: hashes [Processing]
Hint: terminal [Processing]
Hint: strformat [Processing]
Hint: colors [Processing]
Hint: termios [Processing]
Hint: valid_long [Processing]
Hint: kaitai_struct_nim_runtime [Processing]
Hint: endians [Processing]
Hint: encodings [Processing]
/home/travis/.nimble/pkgs/kaitai_struct_nim_runtime-0.1.0/kaitai_struct_nim_runtime.nim(23, 37) Error: type mismatch: got &lt;int literal(255), byte&gt;
but expected one of: 
proc `-`(n: byte): byte
  first type mismatch at position: 2
  extra argument given
proc `-`(x, y: int64): int64
  first type mismatch at position: 2
  required type for y: int64
  but expression 'n' is of type: byte
proc `-`(x: int16): int16
  first type mismatch at position: 2
  extra argument given
proc `-`(x: int): int
  first type mismatch at position: 2
  extra argument given
proc `-`(x, y: int32): int32
  first type mismatch at position: 2
  required type for y: int32
  but expression 'n' is of type: byte
proc `-`(x: int64): int64
  first type mismatch at position: 2
  extra argument given
proc `-`(x, y: float): float
  first type mismatch at position: 2
  required type for y: float
  but expression 'n' is of type: byte
proc `-`(x: int32): int32
  first type mismatch at position: 2
  extra argument given
proc `-`[T: SomeUnsignedInt](x, y: T): T
  first type mismatch at position: 2
  required type for y: T: SomeUnsignedInt
  but expression 'n' is of type: byte
proc `-`(x, y: int16): int16
  first type mismatch at position: 2
  required type for y: int16
  but expression 'n' is of type: byte
proc `-`(x, y: float32): float32
  first type mismatch at position: 2
  required type for y: float32
  but expression 'n' is of type: byte
proc `-`(x: float): float
  first type mismatch at position: 2
  extra argument given
proc `-`(x: float32): float32
  first type mismatch at position: 2
  extra argument given
proc `-`(x, y: int): int
  first type mismatch at position: 2
  required type for y: int
  but expression 'n' is of type: byte
3 other mismatching symbols have been suppressed; compile with --showAllMismatches:on to see them

expression: 255 - n
" /></testcase>
    <testcase time="0.00000000" name="tvalid_not_parsed_if"><failure message="Hint: used config file '/opt/Nim-1.0.0/config/nim.cfg' [Conf]
Hint: used config file '/opt/Nim-1.0.0/config/config.nims' [Conf]
Hint: system [Processing]
Hint: widestrs [Processing]
Hint: io [Processing]
Hint: tvalid_not_parsed_if [Processing]
Hint: os [Processing]
Hint: strutils [Processing]
Hint: parseutils [Processing]
Hint: math [Processing]
Hint: bitops [Processing]
Hint: macros [Processing]
Hint: algorithm [Processing]
Hint: unicode [Processing]
Hint: pathnorm [Processing]
Hint: osseps [Processing]
Hint: posix [Processing]
Hint: times [Processing]
Hint: options [Processing]
Hint: typetraits [Processing]
Hint: streams [Processing]
Hint: sequtils [Processing]
Hint: unittest [Processing]
Hint: sets [Processing]
Hint: hashes [Processing]
Hint: terminal [Processing]
Hint: strformat [Processing]
Hint: colors [Processing]
Hint: termios [Processing]
Hint: valid_not_parsed_if [Processing]
Hint: kaitai_struct_nim_runtime [Processing]
Hint: endians [Processing]
Hint: encodings [Processing]
/home/travis/.nimble/pkgs/kaitai_struct_nim_runtime-0.1.0/kaitai_struct_nim_runtime.nim(23, 37) Error: type mismatch: got &lt;int literal(255), byte&gt;
but expected one of: 
proc `-`(n: byte): byte
  first type mismatch at position: 2
  extra argument given
proc `-`(x, y: int64): int64
  first type mismatch at position: 2
  required type for y: int64
  but expression 'n' is of type: byte
proc `-`(x: int16): int16
  first type mismatch at position: 2
  extra argument given
proc `-`(x: int): int
  first type mismatch at position: 2
  extra argument given
proc `-`(x, y: int32): int32
  first type mismatch at position: 2
  required type for y: int32
  but expression 'n' is of type: byte
proc `-`(x: int64): int64
  first type mismatch at position: 2
  extra argument given
proc `-`(x, y: float): float
  first type mismatch at position: 2
  required type for y: float
  but expression 'n' is of type: byte
proc `-`(x: int32): int32
  first type mismatch at position: 2
  extra argument given
proc `-`[T: SomeUnsignedInt](x, y: T): T
  first type mismatch at position: 2
  required type for y: T: SomeUnsignedInt
  but expression 'n' is of type: byte
proc `-`(x, y: int16): int16
  first type mismatch at position: 2
  required type for y: int16
  but expression 'n' is of type: byte
proc `-`(x, y: float32): float32
  first type mismatch at position: 2
  required type for y: float32
  but expression 'n' is of type: byte
proc `-`(x: float): float
  first type mismatch at position: 2
  extra argument given
proc `-`(x: float32): float32
  first type mismatch at position: 2
  extra argument given
proc `-`(x, y: int): int
  first type mismatch at position: 2
  required type for y: int
  but expression 'n' is of type: byte
3 other mismatching symbols have been suppressed; compile with --showAllMismatches:on to see them

expression: 255 - n
" /></testcase>
    <testcase time="0.00000000" name="tvalid_short"><failure message="Hint: used config file '/opt/Nim-1.0.0/config/nim.cfg' [Conf]
Hint: used config file '/opt/Nim-1.0.0/config/config.nims' [Conf]
Hint: system [Processing]
Hint: widestrs [Processing]
Hint: io [Processing]
Hint: tvalid_short [Processing]
Hint: os [Processing]
Hint: strutils [Processing]
Hint: parseutils [Processing]
Hint: math [Processing]
Hint: bitops [Processing]
Hint: macros [Processing]
Hint: algorithm [Processing]
Hint: unicode [Processing]
Hint: pathnorm [Processing]
Hint: osseps [Processing]
Hint: posix [Processing]
Hint: times [Processing]
Hint: options [Processing]
Hint: typetraits [Processing]
Hint: streams [Processing]
Hint: sequtils [Processing]
Hint: unittest [Processing]
Hint: sets [Processing]
Hint: hashes [Processing]
Hint: terminal [Processing]
Hint: strformat [Processing]
Hint: colors [Processing]
Hint: termios [Processing]
Hint: valid_short [Processing]
Hint: kaitai_struct_nim_runtime [Processing]
Hint: endians [Processing]
Hint: encodings [Processing]
/home/travis/.nimble/pkgs/kaitai_struct_nim_runtime-0.1.0/kaitai_struct_nim_runtime.nim(23, 37) Error: type mismatch: got &lt;int literal(255), byte&gt;
but expected one of: 
proc `-`(n: byte): byte
  first type mismatch at position: 2
  extra argument given
proc `-`(x, y: int64): int64
  first type mismatch at position: 2
  required type for y: int64
  but expression 'n' is of type: byte
proc `-`(x: int16): int16
  first type mismatch at position: 2
  extra argument given
proc `-`(x: int): int
  first type mismatch at position: 2
  extra argument given
proc `-`(x, y: int32): int32
  first type mismatch at position: 2
  required type for y: int32
  but expression 'n' is of type: byte
proc `-`(x: int64): int64
  first type mismatch at position: 2
  extra argument given
proc `-`(x, y: float): float
  first type mismatch at position: 2
  required type for y: float
  but expression 'n' is of type: byte
proc `-`(x: int32): int32
  first type mismatch at position: 2
  extra argument given
proc `-`[T: SomeUnsignedInt](x, y: T): T
  first type mismatch at position: 2
  required type for y: T: SomeUnsignedInt
  but expression 'n' is of type: byte
proc `-`(x, y: int16): int16
  first type mismatch at position: 2
  required type for y: int16
  but expression 'n' is of type: byte
proc `-`(x, y: float32): float32
  first type mismatch at position: 2
  required type for y: float32
  but expression 'n' is of type: byte
proc `-`(x: float): float
  first type mismatch at position: 2
  extra argument given
proc `-`(x: float32): float32
  first type mismatch at position: 2
  extra argument given
proc `-`(x, y: int): int
  first type mismatch at position: 2
  required type for y: int
  but expression 'n' is of type: byte
3 other mismatching symbols have been suppressed; compile with --showAllMismatches:on to see them

expression: 255 - n
" /></testcase>
    <testcase time="0.00000000" name="tvalid_switch"><failure message="Hint: used config file '/opt/Nim-1.0.0/config/nim.cfg' [Conf]
Hint: used config file '/opt/Nim-1.0.0/config/config.nims' [Conf]
Hint: system [Processing]
Hint: widestrs [Processing]
Hint: io [Processing]
Hint: tvalid_switch [Processing]
Hint: os [Processing]
Hint: strutils [Processing]
Hint: parseutils [Processing]
Hint: math [Processing]
Hint: bitops [Processing]
Hint: macros [Processing]
Hint: algorithm [Processing]
Hint: unicode [Processing]
Hint: pathnorm [Processing]
Hint: osseps [Processing]
Hint: posix [Processing]
Hint: times [Processing]
Hint: options [Processing]
Hint: typetraits [Processing]
Hint: streams [Processing]
Hint: sequtils [Processing]
Hint: unittest [Processing]
Hint: sets [Processing]
Hint: hashes [Processing]
Hint: terminal [Processing]
Hint: strformat [Processing]
Hint: colors [Processing]
Hint: termios [Processing]
Hint: valid_switch [Processing]
Hint: kaitai_struct_nim_runtime [Processing]
Hint: endians [Processing]
Hint: encodings [Processing]
/home/travis/.nimble/pkgs/kaitai_struct_nim_runtime-0.1.0/kaitai_struct_nim_runtime.nim(23, 37) Error: type mismatch: got &lt;int literal(255), byte&gt;
but expected one of: 
proc `-`(n: byte): byte
  first type mismatch at position: 2
  extra argument given
proc `-`(x, y: int64): int64
  first type mismatch at position: 2
  required type for y: int64
  but expression 'n' is of type: byte
proc `-`(x: int16): int16
  first type mismatch at position: 2
  extra argument given
proc `-`(x: int): int
  first type mismatch at position: 2
  extra argument given
proc `-`(x, y: int32): int32
  first type mismatch at position: 2
  required type for y: int32
  but expression 'n' is of type: byte
proc `-`(x: int64): int64
  first type mismatch at position: 2
  extra argument given
proc `-`(x, y: float): float
  first type mismatch at position: 2
  required type for y: float
  but expression 'n' is of type: byte
proc `-`(x: int32): int32
  first type mismatch at position: 2
  extra argument given
proc `-`[T: SomeUnsignedInt](x, y: T): T
  first type mismatch at position: 2
  required type for y: T: SomeUnsignedInt
  but expression 'n' is of type: byte
proc `-`(x, y: int16): int16
  first type mismatch at position: 2
  required type for y: int16
  but expression 'n' is of type: byte
proc `-`(x, y: float32): float32
  first type mismatch at position: 2
  required type for y: float32
  but expression 'n' is of type: byte
proc `-`(x: float): float
  first type mismatch at position: 2
  extra argument given
proc `-`(x: float32): float32
  first type mismatch at position: 2
  extra argument given
proc `-`(x, y: int): int
  first type mismatch at position: 2
  required type for y: int
  but expression 'n' is of type: byte
3 other mismatching symbols have been suppressed; compile with --showAllMismatches:on to see them

expression: 255 - n
" /></testcase>
    <testcase time="0.00000000" name="tzlib_surrounded"><failure message="Hint: used config file '/opt/Nim-1.0.0/config/nim.cfg' [Conf]
Hint: used config file '/opt/Nim-1.0.0/config/config.nims' [Conf]
Hint: system [Processing]
Hint: widestrs [Processing]
Hint: io [Processing]
Hint: tzlib_surrounded [Processing]
Hint: os [Processing]
Hint: strutils [Processing]
Hint: parseutils [Processing]
Hint: math [Processing]
Hint: bitops [Processing]
Hint: macros [Processing]
Hint: algorithm [Processing]
Hint: unicode [Processing]
Hint: pathnorm [Processing]
Hint: osseps [Processing]
Hint: posix [Processing]
Hint: times [Processing]
Hint: options [Processing]
Hint: typetraits [Processing]
Hint: streams [Processing]
Hint: sequtils [Processing]
Hint: unittest [Processing]
Hint: sets [Processing]
Hint: hashes [Processing]
Hint: terminal [Processing]
Hint: strformat [Processing]
Hint: colors [Processing]
Hint: termios [Processing]
Hint: zlib_surrounded [Processing]
Hint: kaitai_struct_nim_runtime [Processing]
Hint: endians [Processing]
Hint: encodings [Processing]
/home/travis/.nimble/pkgs/kaitai_struct_nim_runtime-0.1.0/kaitai_struct_nim_runtime.nim(23, 37) Error: type mismatch: got &lt;int literal(255), byte&gt;
but expected one of: 
proc `-`(n: byte): byte
  first type mismatch at position: 2
  extra argument given
proc `-`(x, y: int64): int64
  first type mismatch at position: 2
  required type for y: int64
  but expression 'n' is of type: byte
proc `-`(x: int16): int16
  first type mismatch at position: 2
  extra argument given
proc `-`(x: int): int
  first type mismatch at position: 2
  extra argument given
proc `-`(x, y: int32): int32
  first type mismatch at position: 2
  required type for y: int32
  but expression 'n' is of type: byte
proc `-`(x: int64): int64
  first type mismatch at position: 2
  extra argument given
proc `-`(x, y: float): float
  first type mismatch at position: 2
  required type for y: float
  but expression 'n' is of type: byte
proc `-`(x: int32): int32
  first type mismatch at position: 2
  extra argument given
proc `-`[T: SomeUnsignedInt](x, y: T): T
  first type mismatch at position: 2
  required type for y: T: SomeUnsignedInt
  but expression 'n' is of type: byte
proc `-`(x, y: int16): int16
  first type mismatch at position: 2
  required type for y: int16
  but expression 'n' is of type: byte
proc `-`(x, y: float32): float32
  first type mismatch at position: 2
  required type for y: float32
  but expression 'n' is of type: byte
proc `-`(x: float): float
  first type mismatch at position: 2
  extra argument given
proc `-`(x: float32): float32
  first type mismatch at position: 2
  extra argument given
proc `-`(x, y: int): int
  first type mismatch at position: 2
  required type for y: int
  but expression 'n' is of type: byte
3 other mismatching symbols have been suppressed; compile with --showAllMismatches:on to see them

expression: 255 - n
" /></testcase>
    <testcase time="0.00000000" name="tzlib_with_header_78"><failure message="Hint: used config file '/opt/Nim-1.0.0/config/nim.cfg' [Conf]
Hint: used config file '/opt/Nim-1.0.0/config/config.nims' [Conf]
Hint: system [Processing]
Hint: widestrs [Processing]
Hint: io [Processing]
Hint: tzlib_with_header_78 [Processing]
Hint: os [Processing]
Hint: strutils [Processing]
Hint: parseutils [Processing]
Hint: math [Processing]
Hint: bitops [Processing]
Hint: macros [Processing]
Hint: algorithm [Processing]
Hint: unicode [Processing]
Hint: pathnorm [Processing]
Hint: osseps [Processing]
Hint: posix [Processing]
Hint: times [Processing]
Hint: options [Processing]
Hint: typetraits [Processing]
Hint: streams [Processing]
Hint: sequtils [Processing]
Hint: unittest [Processing]
Hint: sets [Processing]
Hint: hashes [Processing]
Hint: terminal [Processing]
Hint: strformat [Processing]
Hint: colors [Processing]
Hint: termios [Processing]
Hint: zlib_with_header_78 [Processing]
Hint: kaitai_struct_nim_runtime [Processing]
Hint: endians [Processing]
Hint: encodings [Processing]
/home/travis/.nimble/pkgs/kaitai_struct_nim_runtime-0.1.0/kaitai_struct_nim_runtime.nim(23, 37) Error: type mismatch: got &lt;int literal(255), byte&gt;
but expected one of: 
proc `-`(n: byte): byte
  first type mismatch at position: 2
  extra argument given
proc `-`(x, y: int64): int64
  first type mismatch at position: 2
  required type for y: int64
  but expression 'n' is of type: byte
proc `-`(x: int16): int16
  first type mismatch at position: 2
  extra argument given
proc `-`(x: int): int
  first type mismatch at position: 2
  extra argument given
proc `-`(x, y: int32): int32
  first type mismatch at position: 2
  required type for y: int32
  but expression 'n' is of type: byte
proc `-`(x: int64): int64
  first type mismatch at position: 2
  extra argument given
proc `-`(x, y: float): float
  first type mismatch at position: 2
  required type for y: float
  but expression 'n' is of type: byte
proc `-`(x: int32): int32
  first type mismatch at position: 2
  extra argument given
proc `-`[T: SomeUnsignedInt](x, y: T): T
  first type mismatch at position: 2
  required type for y: T: SomeUnsignedInt
  but expression 'n' is of type: byte
proc `-`(x, y: int16): int16
  first type mismatch at position: 2
  required type for y: int16
  but expression 'n' is of type: byte
proc `-`(x, y: float32): float32
  first type mismatch at position: 2
  required type for y: float32
  but expression 'n' is of type: byte
proc `-`(x: float): float
  first type mismatch at position: 2
  extra argument given
proc `-`(x: float32): float32
  first type mismatch at position: 2
  extra argument given
proc `-`(x, y: int): int
  first type mismatch at position: 2
  required type for y: int
  but expression 'n' is of type: byte
3 other mismatching symbols have been suppressed; compile with --showAllMismatches:on to see them

expression: 255 - n
" /></testcase>
  </testsuite></testsuites>