<testsuites>
  <testsuite tests="175" failures="0" errors="21" name="tests">
    <testcase time="0.001787662506103516" name="tbcd_user_type_be" />
    <testcase time="0.001966476440429688" name="tbcd_user_type_le" />
    <testcase time="0.001791954040527344" name="tbits_byte_aligned" />
    <testcase time="0.001656770706176758" name="tbits_enum" />
    <testcase time="0.001764774322509766" name="tbits_seq_endian_combo" />
    <testcase time="0.001721858978271484" name="tbits_simple" />
    <testcase time="0.001779079437255859" name="tbits_simple_le" />
    <testcase time="0.001696348190307617" name="tbuffered_struct" />
    <testcase time="0.001862764358520508" name="tbytes_pad_term" />
    <testcase time="0.001999378204345703" name="tcast_nested" />
    <testcase time="0.00165104866027832" name="tcast_to_imported" />
    <testcase time="0.001714944839477539" name="tcast_to_top" />
    <testcase time="0.001682281494140625" name="tcombine_bool" />
    <testcase time="0.001739025115966797" name="tcombine_bytes" />
    <testcase time="0.001729249954223633" name="tcombine_str" />
    <testcase time="0.001758575439453125" name="tdebug_switch_user" />
    <testcase time="0.001715183258056641" name="tdefault_big_endian" />
    <testcase time="0.001686334609985352" name="tdefault_bit_endian_mod" />
    <testcase time="0.001668214797973633" name="tdefault_endian_expr_inherited" />
    <testcase time="0.00183558464050293" name="tdefault_endian_expr_is_be" />
    <testcase time="0.001739978790283203" name="tdefault_endian_expr_is_le" />
    <testcase time="0.001713275909423828" name="tdefault_endian_mod" />
    <testcase time="0.001701593399047852" name="tdocstrings" />
    <testcase time="0.001815557479858398" name="tdocstrings_docref" />
    <testcase time="0.001785993576049805" name="tdocstrings_docref_multi" />
    <testcase time="0.001704216003417969" name="tenum_0" />
    <testcase time="0.001720905303955078" name="tenum_1" />
    <testcase time="0.001702547073364258" name="tenum_deep" />
    <testcase time="0.001681089401245117" name="tenum_deep_literals" />
    <testcase time="0.001628637313842773" name="tenum_fancy" />
    <testcase time="0.001804828643798828" name="tenum_if" />
    <testcase time="0.00165104866027832" name="tenum_import" />
    <testcase time="0.001808404922485352" name="tenum_int_range_s" />
    <testcase time="0.001804590225219727" name="tenum_int_range_u" />
    <testcase time="0.001816511154174805" name="tenum_invalid" />
    <testcase time="0.00000000" name="tenum_long_range_s">
      <failure message="fatal.nim(49)            sysFatal
Error: unhandled exception: over- or underflow [OverflowError]
" />
    </testcase>
    <testcase time="0.00000000" name="tenum_long_range_u">
      <failure message="fatal.nim(49)            sysFatal
Error: unhandled exception: over- or underflow [OverflowError]
" />
    </testcase>
    <testcase time="0.001645326614379883" name="tenum_negative" />
    <testcase time="0.001807689666748047" name="tenum_of_value_inst" />
    <testcase time="0.001660346984863281" name="tenum_to_i" />
    <testcase time="0.00000000" name="tenum_to_i_class_border_1">
      <failure message="/home/travis/build/kaitai-io/ci_targets/compiled/nim/enum_to_i_class_border_1.nim(12, 26) Error: undeclared identifier: 'EnumToIClassBorder2'
This might be caused by a recursive module dependency:
/home/travis/build/kaitai-io/ci_targets/compiled/nim/enum_to_i_class_border_2.nim imports /home/travis/build/kaitai-io/ci_targets/compiled/nim/enum_to_i_class_border_1.nim
/home/travis/build/kaitai-io/ci_targets/compiled/nim/enum_to_i_class_border_1.nim imports /home/travis/build/kaitai-io/ci_targets/compiled/nim/enum_to_i_class_border_2.nim
" />
    </testcase>
    <testcase time="0.0016937255859375" name="texpr_0" />
    <testcase time="0.001739263534545898" name="texpr_1" />
    <testcase time="0.001718044281005859" name="texpr_2" />
    <testcase time="0.001756191253662109" name="texpr_3" />
    <testcase time="0.0018157958984375" name="texpr_array" />
    <testcase time="0.001732826232910156" name="texpr_bits" />
    <testcase time="0.001710414886474609" name="texpr_bytes_cmp" />
    <testcase time="0.00000000" name="texpr_bytes_literal">
      <failure message="/home/travis/build/kaitai-io/ci_targets/tests/spec/nim/tests/texpr_bytes_literal.nim(4, 29) Error: cannot open file: ../../../compiled/nim/expr_bytes_literal
" />
    </testcase>
    <testcase time="0.00168156623840332" name="texpr_bytes_ops" />
    <testcase time="0.001612186431884766" name="texpr_calc_array_ops" />
    <testcase time="0.001620054244995117" name="texpr_enum" />
    <testcase time="0.001756668090820312" name="texpr_io_eof" />
    <testcase time="0.001969099044799805" name="texpr_io_pos" />
    <testcase time="0.001646995544433594" name="texpr_mod" />
    <testcase time="0.001743316650390625" name="texpr_ops_parens" />
    <testcase time="0.001706838607788086" name="texpr_sizeof_type_0" />
    <testcase time="0.001719236373901367" name="texpr_sizeof_type_1" />
    <testcase time="0.001687765121459961" name="texpr_sizeof_value_0" />
    <testcase time="0.00176548957824707" name="texpr_sizeof_value_sized" />
    <testcase time="0.001821756362915039" name="texpr_str_ops" />
    <testcase time="0.00184321403503418" name="tfixed_contents" />
    <testcase time="0.001811027526855469" name="tfixed_struct" />
    <testcase time="0.00166773796081543" name="tfloat_to_i" />
    <testcase time="0.001642704010009766" name="tfloating_points" />
    <testcase time="0.001619815826416016" name="thello_world" />
    <testcase time="0.001615524291992188" name="tif_instances" />
    <testcase time="0.001747369766235352" name="tif_struct" />
    <testcase time="0.001680374145507812" name="tif_values" />
    <testcase time="0.001737117767333984" name="timports0" />
    <testcase time="0.00000000" name="timports_abs">
      <failure message="/home/travis/build/kaitai-io/ci_targets/compiled/nim/imports_abs.nim(3, 15) Error: cannot open file: /common/vlq_base128_le
" />
    </testcase>
    <testcase time="0.00000000" name="timports_circular_a">
      <failure message="/home/travis/build/kaitai-io/ci_targets/compiled/nim/imports_circular_a.nim(9, 11) Error: undeclared identifier: 'ImportsCircularB'
This might be caused by a recursive module dependency:
/home/travis/build/kaitai-io/ci_targets/compiled/nim/imports_circular_b.nim imports /home/travis/build/kaitai-io/ci_targets/compiled/nim/imports_circular_a.nim
/home/travis/build/kaitai-io/ci_targets/compiled/nim/imports_circular_a.nim imports /home/travis/build/kaitai-io/ci_targets/compiled/nim/imports_circular_b.nim
" />
    </testcase>
    <testcase time="0.00000000" name="timports_rel_1">
      <failure message="/home/travis/build/kaitai-io/ci_targets/compiled/nim/imports_rel_1.nim(3, 23) Error: cannot open file: for_rel_imports/imported_1
" />
    </testcase>
    <testcase time="0.001772165298461914" name="tindex_sizes" />
    <testcase time="0.001714229583740234" name="tindex_to_param_eos" />
    <testcase time="0.001759052276611328" name="tindex_to_param_expr" />
    <testcase time="0.001820087432861328" name="tindex_to_param_until" />
    <testcase time="0.001783370971679688" name="tinstance_io_user" />
    <testcase time="0.001773595809936523" name="tinstance_std" />
    <testcase time="0.001918554306030273" name="tinstance_std_array" />
    <testcase time="0.001736879348754883" name="tinstance_user_array" />
    <testcase time="0.00169062614440918" name="tintegers" />
    <testcase time="0.00175786018371582" name="tintegers_min_max" />
    <testcase time="0.00000000" name="tio_local_var">
      <failure message="/home/travis/build/kaitai-io/ci_targets/tests/spec/nim/tests/tio_local_var.nim(7, 19) template/generic instantiation of `fromFile` from here
/home/travis/build/kaitai-io/ci_targets/compiled/nim/io_local_var.nim(64, 13) template/generic instantiation of `read` from here
/home/travis/build/kaitai-io/ci_targets/compiled/nim/io_local_var.nim(22, 13) template/generic instantiation of `new` from here
/opt/Nim-1.2.0/lib/system.nim(848, 11) Error: invalid type: 'Option[system.any]' in this context: 'IoLocalVar' for var
" />
    </testcase>
    <testcase time="0.001610517501831055" name="tjs_signed_right_shift" />
    <testcase time="0.001604557037353516" name="tmeta_tags" />
    <testcase time="0.001659631729125977" name="tmeta_xref" />
    <testcase time="0.001844406127929688" name="tmultiple_use" />
    <testcase time="0.001704931259155273" name="tnav_parent" />
    <testcase time="0.00176692008972168" name="tnav_parent2" />
    <testcase time="0.001832962036132812" name="tnav_parent3" />
    <testcase time="0.001795053482055664" name="tnav_parent_false" />
    <testcase time="0.001687049865722656" name="tnav_parent_false2" />
    <testcase time="0.001743555068969727" name="tnav_parent_override" />
    <testcase time="0.001672506332397461" name="tnav_parent_switch" />
    <testcase time="0.00000000" name="tnav_parent_switch_cast">
      <failure message="/home/travis/build/kaitai-io/ci_targets/compiled/nim/nav_parent_switch_cast.nim(119, 64) Error: undeclared field: 'parent' for type kaitai_struct_nim_runtime.KaitaiStruct [declared in /home/travis/.nimble/pkgs/kaitai_struct_nim_runtime-0.1.0/kaitai_struct_nim_runtime.nim(5, 3)] 
" />
    </testcase>
    <testcase time="0.00182342529296875" name="tnav_parent_vs_value_inst" />
    <testcase time="0.001726150512695312" name="tnav_root" />
    <testcase time="0.001683712005615234" name="tnested_same_name" />
    <testcase time="0.001606941223144531" name="tnested_same_name2" />
    <testcase time="0.001828908920288086" name="tnested_type_param" />
    <testcase time="0.00175023078918457" name="tnested_types" />
    <testcase time="0.001787662506103516" name="tnested_types2" />
    <testcase time="0.00199127197265625" name="tnested_types3" />
    <testcase time="0.001829862594604492" name="tnon_standard" />
    <testcase time="0.001891136169433594" name="tparams_call_extra_parens" />
    <testcase time="0.001790046691894531" name="tparams_call_short" />
    <testcase time="0.001739978790283203" name="tparams_enum" />
    <testcase time="0.00000000" name="tparams_pass_array_int">
      <failure message="/home/travis/build/kaitai-io/ci_targets/tests/spec/nim/tests/tparams_pass_array_int.nim(7, 27) template/generic instantiation of `fromFile` from here
/home/travis/build/kaitai-io/ci_targets/compiled/nim/params_pass_array_int.nim(45, 21) template/generic instantiation of `read` from here
/home/travis/build/kaitai-io/ci_targets/compiled/nim/params_pass_array_int.nim(33, 54) template/generic instantiation of `read` from here
/home/travis/build/kaitai-io/ci_targets/compiled/nim/params_pass_array_int.nim(54, 29) Error: type mismatch: got &lt;seq[int]&gt; but expected 'seq[uint16]'
" />
    </testcase>
    <testcase time="0.001734256744384766" name="tparams_pass_array_str" />
    <testcase time="0.001709699630737305" name="tparams_pass_array_struct" />
    <testcase time="0.001688718795776367" name="tparams_pass_array_usertype" />
    <testcase time="0.001755952835083008" name="tparams_pass_struct" />
    <testcase time="0.001679658889770508" name="tparams_pass_usertype" />
    <testcase time="0.001729726791381836" name="tposition_abs" />
    <testcase time="0.001798152923583984" name="tposition_in_seq" />
    <testcase time="0.001780033111572266" name="tposition_to_end" />
    <testcase time="0.001696109771728516" name="tprocess_coerce_bytes" />
    <testcase time="0.00000000" name="tprocess_coerce_switch">
      <failure message="/home/travis/build/kaitai-io/ci_targets/tests/spec/nim/tests/tprocess_coerce_switch.nim(7, 28) template/generic instantiation of `fromFile` from here
/home/travis/build/kaitai-io/ci_targets/compiled/nim/process_coerce_switch.nim(74, 22) template/generic instantiation of `read` from here
/home/travis/build/kaitai-io/ci_targets/compiled/nim/process_coerce_switch.nim(26, 13) template/generic instantiation of `new` from here
/opt/Nim-1.2.0/lib/system.nim(848, 11) Error: invalid type: 'auto' in this context: 'ProcessCoerceSwitch' for var
" />
    </testcase>
    <testcase time="0.001738309860229492" name="tprocess_coerce_usertype1" />
    <testcase time="0.00165104866027832" name="tprocess_coerce_usertype2" />
    <testcase time="0.001768827438354492" name="tprocess_custom" />
    <testcase time="0.00000000" name="tprocess_custom_no_args">
      <failure message="/home/travis/build/kaitai-io/ci_targets/compiled/nim/process_custom_no_args.nim(3, 35) Error: cannot open file: ../../tests/spec/nim/opaque/custom_fx_no_args
" />
    </testcase>
    <testcase time="0.001658439636230469" name="tprocess_repeat_bytes" />
    <testcase time="0.00000000" name="tprocess_repeat_usertype">
      <failure message="/home/travis/build/kaitai-io/ci_targets/tests/spec/nim/tests/tprocess_repeat_usertype.nim(7, 30) template/generic instantiation of `fromFile` from here
/home/travis/build/kaitai-io/ci_targets/compiled/nim/process_repeat_usertype.nim(37, 24) template/generic instantiation of `read` from here
/home/travis/build/kaitai-io/ci_targets/compiled/nim/process_repeat_usertype.nim(30, 9) Error: redefinition of 'buf'; previous declaration here: /home/travis/build/kaitai-io/ci_targets/compiled/nim/process_repeat_usertype.nim(28, 9)
" />
    </testcase>
    <testcase time="0.001795053482055664" name="tprocess_rotate" />
    <testcase time="0.001690387725830078" name="tprocess_to_user" />
    <testcase time="0.001646041870117188" name="tprocess_xor4_const" />
    <testcase time="0.001650810241699219" name="tprocess_xor4_value" />
    <testcase time="0.001667261123657227" name="tprocess_xor_const" />
    <testcase time="0.001675844192504883" name="tprocess_xor_value" />
    <testcase time="0.001785516738891602" name="trecursive_one" />
    <testcase time="0.001639604568481445" name="trepeat_eos_bit" />
    <testcase time="0.001766681671142578" name="trepeat_eos_struct" />
    <testcase time="0.001725673675537109" name="trepeat_eos_u4" />
    <testcase time="0.001766443252563477" name="trepeat_n_struct" />
    <testcase time="0.001821994781494141" name="trepeat_n_strz" />
    <testcase time="0.001809835433959961" name="trepeat_n_strz_double" />
    <testcase time="0.001695156097412109" name="trepeat_until_calc_array_type" />
    <testcase time="0.001772403717041016" name="trepeat_until_complex" />
    <testcase time="0.001862049102783203" name="trepeat_until_s4" />
    <testcase time="0.001650094985961914" name="trepeat_until_sized" />
    <testcase time="0.008459568023681641" name="tstr_encodings" />
    <testcase time="0.001818656921386719" name="tstr_encodings_default" />
    <testcase time="0.001735210418701172" name="tstr_eos" />
    <testcase time="0.001897811889648438" name="tstr_literals2" />
    <testcase time="0.001736879348754883" name="tstr_pad_term" />
    <testcase time="0.001763343811035156" name="tstr_pad_term_empty" />
    <testcase time="0.001905202865600586" name="tswitch_bytearray" />
    <testcase time="0.001722335815429688" name="tswitch_else_only" />
    <testcase time="0.001800775527954102" name="tswitch_integers" />
    <testcase time="0.001733303070068359" name="tswitch_integers2" />
    <testcase time="0.001883983612060547" name="tswitch_manual_enum" />
    <testcase time="0.00000000" name="tswitch_manual_enum_invalid">
      <failure message="/opt/Nim-1.2.0/lib/pure/unittest.nim(647, 43) Error: conversion from int literal(255) to SwitchManualEnumInvalid_Opcode_CodeEnum is invalid
" />
    </testcase>
    <testcase time="0.00000000" name="tswitch_manual_enum_invalid_else">
      <failure message="/opt/Nim-1.2.0/lib/pure/unittest.nim(647, 43) Error: conversion from int literal(255) to SwitchManualEnumInvalidElse_Opcode_CodeEnum is invalid
" />
    </testcase>
    <testcase time="0.0019683837890625" name="tswitch_manual_int" />
    <testcase time="0.001868009567260742" name="tswitch_manual_int_else" />
    <testcase time="0.00000000" name="tswitch_manual_int_size">
      <failure message="/home/travis/build/kaitai-io/ci_targets/tests/spec/nim/tests/tswitch_manual_int_size.nim(7, 28) template/generic instantiation of `fromFile` from here
/home/travis/build/kaitai-io/ci_targets/compiled/nim/switch_manual_int_size.nim(44, 22) template/generic instantiation of `read` from here
/home/travis/build/kaitai-io/ci_targets/compiled/nim/switch_manual_int_size.nim(30, 13) template/generic instantiation of `new` from here
/opt/Nim-1.2.0/lib/system.nim(848, 11) Error: invalid type: 'auto' in this context: 'SwitchManualIntSize' for var
" />
    </testcase>
    <testcase time="0.00000000" name="tswitch_manual_int_size_else">
      <failure message="/home/travis/build/kaitai-io/ci_targets/tests/spec/nim/tests/tswitch_manual_int_size_else.nim(9, 6) template/generic instantiation of `test` from here
/home/travis/build/kaitai-io/ci_targets/tests/spec/nim/tests/tswitch_manual_int_size_else.nim(20, 8) template/generic instantiation of `check` from here
/opt/Nim-1.2.0/lib/pure/unittest.nim(647, 43) Error: cannot infer the type of the sequence
" />
    </testcase>
    <testcase time="0.002007246017456055" name="tswitch_manual_str" />
    <testcase time="0.00171661376953125" name="tswitch_manual_str_else" />
    <testcase time="0.001674413681030273" name="tterm_bytes" />
    <testcase time="0.001739025115966797" name="tterm_strz" />
    <testcase time="0.001683235168457031" name="tts_packet_header" />
    <testcase time="0.001676082611083984" name="ttype_int_unary_op" />
    <testcase time="0.001721858978271484" name="ttype_ternary" />
    <testcase time="0.00000000" name="ttype_ternary_2nd_falsy">
      <failure message="/home/travis/build/kaitai-io/ci_targets/tests/spec/nim/tests/ttype_ternary_2nd_falsy.nim(9, 6) template/generic instantiation of `test` from here
/home/travis/build/kaitai-io/ci_targets/tests/spec/nim/tests/ttype_ternary_2nd_falsy.nim(20, 8) template/generic instantiation of `check` from here
/opt/Nim-1.2.0/lib/pure/unittest.nim(670, 14) Error: type mismatch: got &lt;Option[type_ternary_2nd_falsy.TypeTernary2ndFalsy_Foo], typeof(nil)&gt;
but expected one of: 
proc `==`(a, b: Option): bool
  first type mismatch at position: 2
  required type for b: Option
  but expression 'nil' is of type: typeof(nil)
proc `==`[T: tuple | object](x, y: T): bool
  first type mismatch at position: 2
  required type for y: T: tuple or object
  but expression 'nil' is of type: typeof(nil)
29 other mismatching symbols have been suppressed; compile with --showAllMismatches:on to see them

expression: :c1 == nil
" />
    </testcase>
    <testcase time="0.001688718795776367" name="tuser_type" />
    <testcase time="0.00181126594543457" name="tvalid_long" />
    <testcase time="0.001642465591430664" name="tvalid_not_parsed_if" />
    <testcase time="0.001821517944335938" name="tvalid_short" />
    <testcase time="0.00171208381652832" name="tvalid_switch" />
    <testcase time="0.00000000" name="tyaml_ints">
      <failure message="/home/travis/build/kaitai-io/ci_targets/compiled/nim/yaml_ints.nim(47, 30) Error: 18446744073709551615 can't be converted to int
" />
    </testcase>
    <testcase time="0.00000000" name="tzlib_surrounded">
      <failure message="/home/travis/build/kaitai-io/ci_targets/tests/spec/nim/tests/tzlib_surrounded.nim(7, 23) template/generic instantiation of `fromFile` from here
/home/travis/build/kaitai-io/ci_targets/compiled/nim/zlib_surrounded.nim(41, 17) template/generic instantiation of `read` from here
/home/travis/build/kaitai-io/ci_targets/compiled/nim/zlib_surrounded.nim(32, 36) Error: attempting to call undeclared routine: 'processZlib'
" />
    </testcase>
    <testcase time="0.00000000" name="tzlib_with_header_78">
      <failure message="/home/travis/build/kaitai-io/ci_targets/tests/spec/nim/tests/tzlib_with_header_78.nim(7, 25) template/generic instantiation of `fromFile` from here
/home/travis/build/kaitai-io/ci_targets/compiled/nim/zlib_with_header_78.nim(27, 19) template/generic instantiation of `read` from here
/home/travis/build/kaitai-io/ci_targets/compiled/nim/zlib_with_header_78.nim(23, 30) Error: attempting to call undeclared routine: 'processZlib'
" />
    </testcase>
  </testsuite>
</testsuites>