<testsuites>
  <testsuite tests="187" failures="2" errors="29" name="nim">
    <testcase time="0.00142741" name="tbcd_user_type_be" />
    <testcase time="0.00138879" name="tbcd_user_type_le" />
    <testcase time="0.00141239" name="tbits_byte_aligned" />
    <testcase time="0.00148821" name="tbits_enum" />
    <testcase time="0.00142741" name="tbits_seq_endian_combo" />
    <testcase time="0.00140643" name="tbits_signed_b32_le" />
    <testcase time="0.00145054" name="tbits_signed_b64_le" />
    <testcase time="0.00133133" name="tbits_simple" />
    <testcase time="0.00133204" name="tbits_simple_le" />
    <testcase time="0.00134921" name="tbuffered_struct" />
    <testcase time="0.00148368" name="tbytes_pad_term" />
    <testcase time="0.00147772" name="tcast_nested" />
    <testcase time="0.00131774" name="tcast_to_imported" />
    <testcase time="0.00137186" name="tcast_to_top" />
    <testcase time="0.00138116" name="tcombine_bool" />
    <testcase time="0.00145650" name="tcombine_bytes" />
    <testcase time="0.00140762" name="tcombine_enum" />
    <testcase time="0.00146985" name="tcombine_str" />
    <testcase time="0.00130177" name="tdebug_switch_user" />
    <testcase time="0.00133395" name="tdefault_big_endian" />
    <testcase time="0.00141263" name="tdefault_bit_endian_mod" />
    <testcase time="0.00140810" name="tdefault_endian_expr_inherited" />
    <testcase time="0.00136709" name="tdefault_endian_expr_is_be" />
    <testcase time="0.00141096" name="tdefault_endian_expr_is_le" />
    <testcase time="0.00132656" name="tdefault_endian_mod" />
    <testcase time="0.00133109" name="tdocstrings" />
    <testcase time="0.00137496" name="tdocstrings_docref" />
    <testcase time="0.00135326" name="tdocstrings_docref_multi" />
    <testcase time="0.00130749" name="tenum_0" />
    <testcase time="0.00138354" name="tenum_1" />
    <testcase time="0.00136924" name="tenum_deep" />
    <testcase time="0.00134945" name="tenum_deep_literals" />
    <testcase time="0.00135493" name="tenum_fancy" />
    <testcase time="0.00156856" name="tenum_if" />
    <testcase time="0.00135756" name="tenum_import" />
    <testcase time="0.00140119" name="tenum_int_range_s" />
    <testcase time="0.00138640" name="tenum_int_range_u" />
    <testcase time="0.00000000" name="tenum_invalid">
      <failure message="/home/travis/build/kaitai-io/ci_targets/tests/spec/nim/tenum_invalid.nim(10, 15) Error: type mismatch: got &amp;lt;EnumInvalid_Animal, int literal(111)&amp;gt;
but expected one of:
proc `==`[Enum: enum](x, y: Enum): bool
  first type mismatch at position: 2
  required type for y: Enum: enum
  but expression &amp;apos;111&amp;apos; is of type: int literal(111)
proc `==`[T: tuple | object](x, y: T): bool
  first type mismatch at position: 2
  required type for y: T: tuple or object
  but expression &amp;apos;111&amp;apos; is of type: int literal(111)
proc `==`[T](a, b: Option[T]): bool
  first type mismatch at position: 2
  required type for b: Option[==.T]
  but expression &amp;apos;111&amp;apos; is of type: int literal(111)
30 other mismatching symbols have been suppressed; compile with --showAllMismatches:on to see them

expression: r.pet2 == 111
" />
    </testcase>
    <testcase time="0.00000000" name="tenum_long_range_s">
      <failure message="fatal.nim(53)            sysFatal
Error: unhandled exception: over- or underflow [OverflowDefect]
" />
    </testcase>
    <testcase time="0.00000000" name="tenum_long_range_u">
      <failure message="fatal.nim(53)            sysFatal
Error: unhandled exception: over- or underflow [OverflowDefect]
" />
    </testcase>
    <testcase time="0.00136065" name="tenum_negative" />
    <testcase time="0.00132871" name="tenum_of_value_inst" />
    <testcase time="0.00135708" name="tenum_to_i" />
    <testcase time="0.00000000" name="tenum_to_i_class_border_1">
      <failure message="/home/travis/build/kaitai-io/ci_targets/compiled/nim/enum_to_i_class_border_1.nim(13, 20) Error: undeclared identifier: &amp;apos;EnumToIClassBorder2&amp;apos;
candidates (edit distance, scope distance); see &amp;apos;--spellSuggest&amp;apos;: 
 (1, 0): &amp;apos;EnumToIClassBorder1&amp;apos; [type declared in /home/travis/build/kaitai-io/ci_targets/compiled/nim/enum_to_i_class_border_1.nim(7, 3)]
 (1, 0): &amp;apos;enum_to_i_class_border_2&amp;apos; [module declared in /home/travis/build/kaitai-io/ci_targets/compiled/nim/enum_to_i_class_border_1.nim(5, 8)]
This might be caused by a recursive module dependency:
/home/travis/build/kaitai-io/ci_targets/compiled/nim/enum_to_i_class_border_2.nim imports /home/travis/build/kaitai-io/ci_targets/compiled/nim/enum_to_i_class_border_1.nim
/home/travis/build/kaitai-io/ci_targets/compiled/nim/enum_to_i_class_border_1.nim imports /home/travis/build/kaitai-io/ci_targets/compiled/nim/enum_to_i_class_border_2.nim
" />
    </testcase>
    <testcase time="0.00134134" name="texpr_0" />
    <testcase time="0.00142407" name="texpr_1" />
    <testcase time="0.00142503" name="texpr_2" />
    <testcase time="0.00142956" name="texpr_3" />
    <testcase time="0.00138235" name="texpr_array" />
    <testcase time="0.00137639" name="texpr_bits" />
    <testcase time="0.00000000" name="texpr_bytes_cmp">
      <failure message="/home/travis/build/kaitai-io/ci_targets/compiled/nim/expr_bytes_cmp.nim(126, 36) Error: number out of range: &amp;apos;112&amp;apos;u8&amp;apos;
" />
    </testcase>
    <testcase time="0.00000000" name="texpr_bytes_literal">
      <failure message="/home/travis/build/kaitai-io/ci_targets/tests/spec/nim/texpr_bytes_literal.nim(4, 26) Error: cannot open file: ../../compiled/nim/expr_bytes_literal
" />
    </testcase>
    <testcase time="0.00000000" name="texpr_bytes_ops">
      <failure message="/home/travis/build/kaitai-io/ci_targets/compiled/nim/expr_bytes_ops.nim(105, 41) Error: number out of range: &amp;apos;1&amp;apos;u8&amp;apos;
" />
    </testcase>
    <testcase time="0.00136423" name="texpr_calc_array_ops" />
    <testcase time="0.00144053" name="texpr_enum" />
    <testcase time="0.00140667" name="texpr_if_int_ops" />
    <testcase time="0.00138640" name="texpr_int_div">
      <failure message="/home/travis/build/kaitai-io/ci_targets/tests/spec/nim/texpr_int_div.nim(12) texpr_int_div
/opt/nim-1.6.0/lib/system/assertions.nim(38) failedAssertImpl
/opt/nim-1.6.0/lib/system/assertions.nim(28) raiseAssert
/opt/nim-1.6.0/lib/system/fatal.nim(53) sysFatal
Error: unhandled exception: /home/travis/build/kaitai-io/ci_targets/tests/spec/nim/texpr_int_div.nim(12, 8) `r.divNegConst == -757`  [AssertionDefect]
" />
    </testcase>
    <testcase time="0.00133610" name="texpr_io_eof" />
    <testcase time="0.00142312" name="texpr_io_pos" />
    <testcase time="0.00136375" name="texpr_mod" />
    <testcase time="0.00144935" name="texpr_ops_parens" />
    <testcase time="0.00136566" name="texpr_sizeof_type_0" />
    <testcase time="0.00131607" name="texpr_sizeof_type_1" />
    <testcase time="0.00138021" name="texpr_sizeof_value_0" />
    <testcase time="0.00131249" name="texpr_sizeof_value_sized" />
    <testcase time="0.00000000" name="texpr_str_encodings">
      <failure message="/home/travis/build/kaitai-io/ci_targets/compiled/nim/expr_str_encodings.nim(68, 63) Error: number out of range: &amp;apos;76&amp;apos;u8&amp;apos;
" />
    </testcase>
    <testcase time="0.00147533" name="texpr_str_ops" />
    <testcase time="0.00132060" name="tfixed_contents" />
    <testcase time="0.00133443" name="tfixed_struct" />
    <testcase time="0.00134826" name="tfloat_to_i" />
    <testcase time="0.00146580" name="tfloating_points">
      <failure message="/home/travis/build/kaitai-io/ci_targets/tests/spec/nim/tfloating_points.nim(13) tfloating_points
/opt/nim-1.6.0/lib/system/assertions.nim(38) failedAssertImpl
/opt/nim-1.6.0/lib/system/assertions.nim(28) raiseAssert
/opt/nim-1.6.0/lib/system/fatal.nim(53) sysFatal
Error: unhandled exception: /home/travis/build/kaitai-io/ci_targets/tests/spec/nim/tfloating_points.nim(13, 8) `r.approximateValue == 1.2345`  [AssertionDefect]
" />
    </testcase>
    <testcase time="0.00133038" name="thello_world" />
    <testcase time="0.00129914" name="tif_instances" />
    <testcase time="0.00148082" name="tif_struct" />
    <testcase time="0.00142169" name="tif_values" />
    <testcase time="0.00137258" name="timports0" />
    <testcase time="0.00000000" name="timports_abs">
      <failure message="/home/travis/build/kaitai-io/ci_targets/compiled/nim/imports_abs.nim(3, 15) Error: cannot open file: /common/vlq_base128_le
" />
    </testcase>
    <testcase time="0.00000000" name="timports_circular_a">
      <failure message="/home/travis/build/kaitai-io/ci_targets/compiled/nim/imports_circular_a.nim(9, 13) Error: undeclared identifier: &amp;apos;ImportsCircularB&amp;apos;
candidates (edit distance, scope distance); see &amp;apos;--spellSuggest&amp;apos;: 
 (1, 0): &amp;apos;ImportsCircularA&amp;apos; [type declared in /home/travis/build/kaitai-io/ci_targets/compiled/nim/imports_circular_a.nim(7, 3)]
 (1, 0): &amp;apos;imports_circular_b&amp;apos; [module declared in /home/travis/build/kaitai-io/ci_targets/compiled/nim/imports_circular_a.nim(5, 8)]
This might be caused by a recursive module dependency:
/home/travis/build/kaitai-io/ci_targets/compiled/nim/imports_circular_b.nim imports /home/travis/build/kaitai-io/ci_targets/compiled/nim/imports_circular_a.nim
/home/travis/build/kaitai-io/ci_targets/compiled/nim/imports_circular_a.nim imports /home/travis/build/kaitai-io/ci_targets/compiled/nim/imports_circular_b.nim
" />
    </testcase>
    <testcase time="0.00000000" name="timports_rel_1">
      <failure message="/home/travis/build/kaitai-io/ci_targets/compiled/nim/imports_rel_1.nim(3, 23) Error: cannot open file: for_rel_imports/imported_1
" />
    </testcase>
    <testcase time="0.00147653" name="tindex_sizes" />
    <testcase time="0.00153375" name="tindex_to_param_eos" />
    <testcase time="0.00159192" name="tindex_to_param_expr" />
    <testcase time="0.00148201" name="tindex_to_param_until" />
    <testcase time="0.00142813" name="tinstance_io_user" />
    <testcase time="0.00151181" name="tinstance_std" />
    <testcase time="0.00141692" name="tinstance_std_array" />
    <testcase time="0.00144100" name="tinstance_user_array" />
    <testcase time="0.00136805" name="tintegers" />
    <testcase time="0.00135493" name="tintegers_double_overflow" />
    <testcase time="0.00000000" name="tintegers_min_max">
      <failure message="/home/travis/build/kaitai-io/ci_targets/tests/spec/nim/tintegers_min_max.nim(26, 29) Error: number out of range: &amp;apos;9223372036854775808&amp;apos;u64&amp;apos;
" />
    </testcase>
    <testcase time="0.00000000" name="tio_local_var">
      <failure message="/home/travis/build/kaitai-io/ci_targets/compiled/nim/io_local_var.nim(59, 25) Error: type mismatch: got &amp;apos;seq[byte]&amp;apos; for &amp;apos;messUpInstExpr&amp;apos; but expected &amp;apos;KaitaiStruct = ref KaitaiStruct:ObjectType&amp;apos;
" />
    </testcase>
    <testcase time="0.00131774" name="tjs_signed_right_shift" />
    <testcase time="0.00131774" name="tmeta_tags" />
    <testcase time="0.00137591" name="tmeta_xref" />
    <testcase time="0.00135374" name="tmultiple_use" />
    <testcase time="0.00144815" name="tnav_parent" />
    <testcase time="0.00149488" name="tnav_parent2" />
    <testcase time="0.00143099" name="tnav_parent3" />
    <testcase time="0.00138116" name="tnav_parent_false" />
    <testcase time="0.00141096" name="tnav_parent_false2" />
    <testcase time="0.00141168" name="tnav_parent_override" />
    <testcase time="0.00139213" name="tnav_parent_switch" />
    <testcase time="0.00000000" name="tnav_parent_switch_cast">
      <failure message="/home/travis/build/kaitai-io/ci_targets/compiled/nim/nav_parent_switch_cast.nim(120, 64) Error: undeclared field: &amp;apos;parent&amp;apos; for type kaitai_struct_nim_runtime.KaitaiStruct [type declared in /home/travis/.nimble/pkgs/kaitai_struct_nim_runtime-0.9.0/kaitai_struct_nim_runtime.nim(5, 3)]
" />
    </testcase>
    <testcase time="0.00146794" name="tnav_parent_vs_value_inst" />
    <testcase time="0.00145102" name="tnav_root" />
    <testcase time="0.00135612" name="tnested_same_name" />
    <testcase time="0.00143695" name="tnested_same_name2" />
    <testcase time="0.00138998" name="tnested_type_param" />
    <testcase time="0.00134492" name="tnested_types" />
    <testcase time="0.00139570" name="tnested_types2" />
    <testcase time="0.00140119" name="tnested_types3" />
    <testcase time="0.00137353" name="tnon_standard" />
    <testcase time="0.00143051" name="tparams_call_extra_parens" />
    <testcase time="0.00146961" name="tparams_call_short" />
    <testcase time="0.00136209" name="tparams_enum" />
    <testcase time="0.00000000" name="tparams_pass_array_int">
      <failure message="/home/travis/build/kaitai-io/ci_targets/tests/spec/nim/tparams_pass_array_int.nim(7, 27) template/generic instantiation of `fromFile` from here
/home/travis/build/kaitai-io/ci_targets/compiled/nim/params_pass_array_int.nim(46, 21) template/generic instantiation of `read` from here
/home/travis/build/kaitai-io/ci_targets/compiled/nim/params_pass_array_int.nim(34, 54) template/generic instantiation of `read` from here
/home/travis/build/kaitai-io/ci_targets/compiled/nim/params_pass_array_int.nim(55, 29) Error: type mismatch: got &amp;apos;seq[int]&amp;apos; for &amp;apos;nums&amp;apos; but expected &amp;apos;seq[uint16]&amp;apos;
" />
    </testcase>
    <testcase time="0.00147152" name="tparams_pass_array_str" />
    <testcase time="0.00134373" name="tparams_pass_array_struct" />
    <testcase time="0.00133443" name="tparams_pass_array_usertype" />
    <testcase time="0.00141311" name="tparams_pass_bool" />
    <testcase time="0.00136399" name="tparams_pass_struct" />
    <testcase time="0.00139213" name="tparams_pass_usertype" />
    <testcase time="0.00144768" name="tposition_abs" />
    <testcase time="0.00144410" name="tposition_in_seq" />
    <testcase time="0.00140786" name="tposition_to_end" />
    <testcase time="0.00136113" name="tprocess_coerce_bytes" />
    <testcase time="0.00000000" name="tprocess_coerce_switch">
      <failure message="/home/travis/build/kaitai-io/ci_targets/tests/spec/nim/tprocess_coerce_switch.nim(7, 28) template/generic instantiation of `fromFile` from here
/home/travis/build/kaitai-io/ci_targets/compiled/nim/process_coerce_switch.nim(75, 22) template/generic instantiation of `read` from here
/home/travis/build/kaitai-io/ci_targets/compiled/nim/process_coerce_switch.nim(48, 26) Error: type mismatch: got &amp;apos;seq[byte]&amp;apos; for &amp;apos;bufUnprocExpr&amp;apos; but expected &amp;apos;KaitaiStruct = ref KaitaiStruct:ObjectType&amp;apos;
" />
    </testcase>
    <testcase time="0.00143170" name="tprocess_coerce_usertype1" />
    <testcase time="0.00145507" name="tprocess_coerce_usertype2" />
    <testcase time="0.00000000" name="tprocess_custom">
      <failure message="/home/travis/build/kaitai-io/ci_targets/compiled/nim/process_custom.nim(3, 8) Error: cannot open file: my_custom_fx
" />
    </testcase>
    <testcase time="0.00000000" name="tprocess_custom_no_args">
      <failure message="/home/travis/build/kaitai-io/ci_targets/compiled/nim/process_custom_no_args.nim(3, 8) Error: cannot open file: custom_fx_no_args
" />
    </testcase>
    <testcase time="0.00136137" name="tprocess_repeat_bytes" />
    <testcase time="0.00000000" name="tprocess_repeat_usertype">
      <failure message="/home/travis/build/kaitai-io/ci_targets/tests/spec/nim/tprocess_repeat_usertype.nim(7, 30) template/generic instantiation of `fromFile` from here
/home/travis/build/kaitai-io/ci_targets/compiled/nim/process_repeat_usertype.nim(37, 24) template/generic instantiation of `read` from here
/home/travis/build/kaitai-io/ci_targets/compiled/nim/process_repeat_usertype.nim(30, 9) Error: redefinition of &amp;apos;buf&amp;apos;; previous declaration here: /home/travis/build/kaitai-io/ci_targets/compiled/nim/process_repeat_usertype.nim(28, 9)
" />
    </testcase>
    <testcase time="0.00141978" name="tprocess_rotate" />
    <testcase time="0.00147557" name="tprocess_to_user" />
    <testcase time="0.00000000" name="tprocess_xor4_const">
      <failure message="/home/travis/build/kaitai-io/ci_targets/compiled/nim/process_xor4_const.nim(26, 43) Error: number out of range: &amp;apos;20&amp;apos;u8&amp;apos;
" />
    </testcase>
    <testcase time="0.00142765" name="tprocess_xor4_value" />
    <testcase time="0.00137329" name="tprocess_xor_const" />
    <testcase time="0.00134897" name="tprocess_xor_value" />
    <testcase time="0.00135088" name="trecursive_one" />
    <testcase time="0.00135565" name="trepeat_eos_bit" />
    <testcase time="0.00139809" name="trepeat_eos_struct" />
    <testcase time="0.00144243" name="trepeat_eos_u4" />
    <testcase time="0.00138211" name="trepeat_n_struct" />
    <testcase time="0.00153375" name="trepeat_n_strz" />
    <testcase time="0.00152636" name="trepeat_n_strz_double" />
    <testcase time="0.00137639" name="trepeat_until_calc_array_type" />
    <testcase time="0.00147009" name="trepeat_until_complex" />
    <testcase time="0.00144053" name="trepeat_until_s4" />
    <testcase time="0.00140095" name="trepeat_until_sized" />
    <testcase time="0.00302410" name="tstr_encodings" />
    <testcase time="0.00154662" name="tstr_encodings_default" />
    <testcase time="0.00143838" name="tstr_eos" />
    <testcase time="0.00136471" name="tstr_literals2" />
    <testcase time="0.00142622" name="tstr_pad_term" />
    <testcase time="0.00143218" name="tstr_pad_term_empty" />
    <testcase time="0.00148153" name="tswitch_bytearray" />
    <testcase time="0.00135088" name="tswitch_else_only" />
    <testcase time="0.00134420" name="tswitch_integers" />
    <testcase time="0.00132775" name="tswitch_integers2" />
    <testcase time="0.00154686" name="tswitch_manual_enum" />
    <testcase time="0.00000000" name="tswitch_manual_enum_invalid">
      <failure message="/home/travis/build/kaitai-io/ci_targets/tests/spec/nim/tswitch_manual_enum_invalid.nim(10, 26) Error: type mismatch: got &amp;lt;SwitchManualEnumInvalid_Opcode_CodeEnum, int literal(255)&amp;gt;
but expected one of:
proc `==`[Enum: enum](x, y: Enum): bool
  first type mismatch at position: 2
  required type for y: Enum: enum
  but expression &amp;apos;255&amp;apos; is of type: int literal(255)
proc `==`[T: tuple | object](x, y: T): bool
  first type mismatch at position: 2
  required type for y: T: tuple or object
  but expression &amp;apos;255&amp;apos; is of type: int literal(255)
proc `==`[T](a, b: Option[T]): bool
  first type mismatch at position: 2
  required type for b: Option[==.T]
  but expression &amp;apos;255&amp;apos; is of type: int literal(255)
30 other mismatching symbols have been suppressed; compile with --showAllMismatches:on to see them

expression: r.opcodes[0].code == 255
" />
    </testcase>
    <testcase time="0.00000000" name="tswitch_manual_enum_invalid_else">
      <failure message="/home/travis/build/kaitai-io/ci_targets/tests/spec/nim/tswitch_manual_enum_invalid_else.nim(10, 26) Error: type mismatch: got &amp;lt;SwitchManualEnumInvalidElse_Opcode_CodeEnum, int literal(255)&amp;gt;
but expected one of:
proc `==`[Enum: enum](x, y: Enum): bool
  first type mismatch at position: 2
  required type for y: Enum: enum
  but expression &amp;apos;255&amp;apos; is of type: int literal(255)
proc `==`[T: tuple | object](x, y: T): bool
  first type mismatch at position: 2
  required type for y: T: tuple or object
  but expression &amp;apos;255&amp;apos; is of type: int literal(255)
proc `==`[T](a, b: Option[T]): bool
  first type mismatch at position: 2
  required type for b: Option[==.T]
  but expression &amp;apos;255&amp;apos; is of type: int literal(255)
30 other mismatching symbols have been suppressed; compile with --showAllMismatches:on to see them

expression: r.opcodes[0].code == 255
" />
    </testcase>
    <testcase time="0.00149465" name="tswitch_manual_int" />
    <testcase time="0.00155544" name="tswitch_manual_int_else" />
    <testcase time="0.00000000" name="tswitch_manual_int_size">
      <failure message="/home/travis/build/kaitai-io/ci_targets/tests/spec/nim/tswitch_manual_int_size.nim(7, 28) template/generic instantiation of `fromFile` from here
/home/travis/build/kaitai-io/ci_targets/compiled/nim/switch_manual_int_size.nim(44, 22) template/generic instantiation of `read` from here
/home/travis/build/kaitai-io/ci_targets/compiled/nim/switch_manual_int_size.nim(39, 41) template/generic instantiation of `read` from here
/home/travis/build/kaitai-io/ci_targets/compiled/nim/switch_manual_int_size.nim(74, 19) Error: type mismatch: got &amp;apos;seq[byte]&amp;apos; for &amp;apos;bodyExpr&amp;apos; but expected &amp;apos;KaitaiStruct = ref KaitaiStruct:ObjectType&amp;apos;
" />
    </testcase>
    <testcase time="0.00000000" name="tswitch_manual_int_size_else">
      <failure message="/home/travis/build/kaitai-io/ci_targets/tests/spec/nim/tswitch_manual_int_size_else.nim(18, 8) template/generic instantiation of `assert` from here
/home/travis/build/kaitai-io/ci_targets/tests/spec/nim/auxiliary/test_utils.nim(12, 32) Error: type mismatch: got &amp;apos;empty&amp;apos; for &amp;apos;expected[i]&amp;apos; but expected &amp;apos;byte = uint8&amp;apos;
" />
    </testcase>
    <testcase time="0.00148129" name="tswitch_manual_str" />
    <testcase time="0.00158191" name="tswitch_manual_str_else" />
    <testcase time="0.00000000" name="tswitch_repeat_expr">
      <failure message="/home/travis/build/kaitai-io/ci_targets/tests/spec/nim/tswitch_repeat_expr.nim(7, 25) template/generic instantiation of `fromFile` from here
/home/travis/build/kaitai-io/ci_targets/compiled/nim/switch_repeat_expr.nim(55, 19) template/generic instantiation of `read` from here
/home/travis/build/kaitai-io/ci_targets/compiled/nim/switch_repeat_expr.nim(52, 18) Error: type mismatch: got &amp;lt;seq[KaitaiStruct], seq[byte]&amp;gt;
but expected one of:
proc add[T](x: var seq[T]; y: openArray[T])
  first type mismatch at position: 2
  required type for y: openArray[T]
  but expression &amp;apos;it&amp;apos; is of type: seq[byte]
proc add[T](x: var seq[T]; y: sink T)
  first type mismatch at position: 2
  required type for y: sink T
  but expression &amp;apos;it&amp;apos; is of type: seq[byte]
3 other mismatching symbols have been suppressed; compile with --showAllMismatches:on to see them

expression: add(result.body, it)
" />
    </testcase>
    <testcase time="0.00000000" name="tswitch_repeat_expr_invalid">
      <failure message="/home/travis/build/kaitai-io/ci_targets/tests/spec/nim/tswitch_repeat_expr_invalid.nim(7, 32) template/generic instantiation of `fromFile` from here
/home/travis/build/kaitai-io/ci_targets/compiled/nim/switch_repeat_expr_invalid.nim(55, 26) template/generic instantiation of `read` from here
/home/travis/build/kaitai-io/ci_targets/compiled/nim/switch_repeat_expr_invalid.nim(52, 18) Error: type mismatch: got &amp;lt;seq[KaitaiStruct], seq[byte]&amp;gt;
but expected one of:
proc add[T](x: var seq[T]; y: openArray[T])
  first type mismatch at position: 2
  required type for y: openArray[T]
  but expression &amp;apos;it&amp;apos; is of type: seq[byte]
proc add[T](x: var seq[T]; y: sink T)
  first type mismatch at position: 2
  required type for y: sink T
  but expression &amp;apos;it&amp;apos; is of type: seq[byte]
3 other mismatching symbols have been suppressed; compile with --showAllMismatches:on to see them

expression: add(result.body, it)
" />
    </testcase>
    <testcase time="0.00140858" name="tterm_bytes" />
    <testcase time="0.00144362" name="tterm_strz" />
    <testcase time="0.00147057" name="tterm_u1_val" />
    <testcase time="0.00149298" name="tts_packet_header" />
    <testcase time="0.00141263" name="ttype_int_unary_op" />
    <testcase time="0.00144935" name="ttype_ternary" />
    <testcase time="0.00133276" name="ttype_ternary_2nd_falsy" />
    <testcase time="0.00132465" name="tuser_type" />
    <testcase time="0.00154734" name="tvalid_eq_str_encodings" />
    <testcase time="0.00151515" name="tvalid_long" />
    <testcase time="0.00154328" name="tvalid_not_parsed_if" />
    <testcase time="0.00145698" name="tvalid_short" />
    <testcase time="0.00150013" name="tvalid_switch" />
    <testcase time="0.00000000" name="tyaml_ints">
      <failure message="/home/travis/build/kaitai-io/ci_targets/compiled/nim/yaml_ints.nim(51, 30) Error: 18446744073709551615 can&amp;apos;t be converted to int
" />
    </testcase>
    <testcase time="0.00000000" name="tzlib_surrounded">
      <failure message="/home/travis/build/kaitai-io/ci_targets/tests/spec/nim/tzlib_surrounded.nim(7, 23) template/generic instantiation of `fromFile` from here
/home/travis/build/kaitai-io/ci_targets/compiled/nim/zlib_surrounded.nim(41, 17) template/generic instantiation of `read` from here
/home/travis/build/kaitai-io/ci_targets/compiled/nim/zlib_surrounded.nim(32, 36) Error: attempting to call undeclared routine: &amp;apos;processZlib&amp;apos;
" />
    </testcase>
    <testcase time="0.00000000" name="tzlib_with_header_78">
      <failure message="/home/travis/build/kaitai-io/ci_targets/tests/spec/nim/tzlib_with_header_78.nim(7, 25) template/generic instantiation of `fromFile` from here
/home/travis/build/kaitai-io/ci_targets/compiled/nim/zlib_with_header_78.nim(27, 19) template/generic instantiation of `read` from here
/home/travis/build/kaitai-io/ci_targets/compiled/nim/zlib_with_header_78.nim(23, 30) Error: attempting to call undeclared routine: &amp;apos;processZlib&amp;apos;
" />
    </testcase>
  </testsuite>
</testsuites>