<testsuites>
  <testsuite tests="226" failures="0" errors="226" name="nim">
    <testcase time="0.00000000" name="tbcd_user_type_be">
      <failure message="/root/.nimble/pkgs/kaitai_struct_nim_runtime-#head/kaitai_struct_nim_runtime.nim(69, 33) Error: expression has no address; maybe use &amp;apos;unsafeAddr&amp;apos;
" />
    </testcase>
    <testcase time="0.00000000" name="tbcd_user_type_le">
      <failure message="/root/.nimble/pkgs/kaitai_struct_nim_runtime-#head/kaitai_struct_nim_runtime.nim(69, 33) Error: expression has no address; maybe use &amp;apos;unsafeAddr&amp;apos;
" />
    </testcase>
    <testcase time="0.00000000" name="tbits_byte_aligned">
      <failure message="/root/.nimble/pkgs/kaitai_struct_nim_runtime-#head/kaitai_struct_nim_runtime.nim(69, 33) Error: expression has no address; maybe use &amp;apos;unsafeAddr&amp;apos;
" />
    </testcase>
    <testcase time="0.00000000" name="tbits_enum">
      <failure message="/root/.nimble/pkgs/kaitai_struct_nim_runtime-#head/kaitai_struct_nim_runtime.nim(69, 33) Error: expression has no address; maybe use &amp;apos;unsafeAddr&amp;apos;
" />
    </testcase>
    <testcase time="0.00000000" name="tbits_seq_endian_combo">
      <failure message="/root/.nimble/pkgs/kaitai_struct_nim_runtime-#head/kaitai_struct_nim_runtime.nim(69, 33) Error: expression has no address; maybe use &amp;apos;unsafeAddr&amp;apos;
" />
    </testcase>
    <testcase time="0.00000000" name="tbits_shift_by_b32_le">
      <failure message="/root/.nimble/pkgs/kaitai_struct_nim_runtime-#head/kaitai_struct_nim_runtime.nim(69, 33) Error: expression has no address; maybe use &amp;apos;unsafeAddr&amp;apos;
" />
    </testcase>
    <testcase time="0.00000000" name="tbits_shift_by_b64_le">
      <failure message="/root/.nimble/pkgs/kaitai_struct_nim_runtime-#head/kaitai_struct_nim_runtime.nim(69, 33) Error: expression has no address; maybe use &amp;apos;unsafeAddr&amp;apos;
" />
    </testcase>
    <testcase time="0.00000000" name="tbits_signed_res_b32_be">
      <failure message="/root/.nimble/pkgs/kaitai_struct_nim_runtime-#head/kaitai_struct_nim_runtime.nim(69, 33) Error: expression has no address; maybe use &amp;apos;unsafeAddr&amp;apos;
" />
    </testcase>
    <testcase time="0.00000000" name="tbits_signed_res_b32_le">
      <failure message="/root/.nimble/pkgs/kaitai_struct_nim_runtime-#head/kaitai_struct_nim_runtime.nim(69, 33) Error: expression has no address; maybe use &amp;apos;unsafeAddr&amp;apos;
" />
    </testcase>
    <testcase time="0.00000000" name="tbits_signed_shift_b32_le">
      <failure message="/root/.nimble/pkgs/kaitai_struct_nim_runtime-#head/kaitai_struct_nim_runtime.nim(69, 33) Error: expression has no address; maybe use &amp;apos;unsafeAddr&amp;apos;
" />
    </testcase>
    <testcase time="0.00000000" name="tbits_signed_shift_b64_le">
      <failure message="/root/.nimble/pkgs/kaitai_struct_nim_runtime-#head/kaitai_struct_nim_runtime.nim(69, 33) Error: expression has no address; maybe use &amp;apos;unsafeAddr&amp;apos;
" />
    </testcase>
    <testcase time="0.00000000" name="tbits_simple">
      <failure message="/root/.nimble/pkgs/kaitai_struct_nim_runtime-#head/kaitai_struct_nim_runtime.nim(69, 33) Error: expression has no address; maybe use &amp;apos;unsafeAddr&amp;apos;
" />
    </testcase>
    <testcase time="0.00000000" name="tbits_simple_le">
      <failure message="/root/.nimble/pkgs/kaitai_struct_nim_runtime-#head/kaitai_struct_nim_runtime.nim(69, 33) Error: expression has no address; maybe use &amp;apos;unsafeAddr&amp;apos;
" />
    </testcase>
    <testcase time="0.00000000" name="tbits_unaligned_b32_be">
      <failure message="/root/.nimble/pkgs/kaitai_struct_nim_runtime-#head/kaitai_struct_nim_runtime.nim(69, 33) Error: expression has no address; maybe use &amp;apos;unsafeAddr&amp;apos;
" />
    </testcase>
    <testcase time="0.00000000" name="tbits_unaligned_b32_le">
      <failure message="/root/.nimble/pkgs/kaitai_struct_nim_runtime-#head/kaitai_struct_nim_runtime.nim(69, 33) Error: expression has no address; maybe use &amp;apos;unsafeAddr&amp;apos;
" />
    </testcase>
    <testcase time="0.00000000" name="tbits_unaligned_b64_be">
      <failure message="/root/.nimble/pkgs/kaitai_struct_nim_runtime-#head/kaitai_struct_nim_runtime.nim(69, 33) Error: expression has no address; maybe use &amp;apos;unsafeAddr&amp;apos;
" />
    </testcase>
    <testcase time="0.00000000" name="tbits_unaligned_b64_le">
      <failure message="/root/.nimble/pkgs/kaitai_struct_nim_runtime-#head/kaitai_struct_nim_runtime.nim(69, 33) Error: expression has no address; maybe use &amp;apos;unsafeAddr&amp;apos;
" />
    </testcase>
    <testcase time="0.00000000" name="tbuffered_struct">
      <failure message="/root/.nimble/pkgs/kaitai_struct_nim_runtime-#head/kaitai_struct_nim_runtime.nim(69, 33) Error: expression has no address; maybe use &amp;apos;unsafeAddr&amp;apos;
" />
    </testcase>
    <testcase time="0.00000000" name="tbytes_pad_term">
      <failure message="/root/.nimble/pkgs/kaitai_struct_nim_runtime-#head/kaitai_struct_nim_runtime.nim(69, 33) Error: expression has no address; maybe use &amp;apos;unsafeAddr&amp;apos;
" />
    </testcase>
    <testcase time="0.00000000" name="tcast_nested">
      <failure message="/root/.nimble/pkgs/kaitai_struct_nim_runtime-#head/kaitai_struct_nim_runtime.nim(69, 33) Error: expression has no address; maybe use &amp;apos;unsafeAddr&amp;apos;
" />
    </testcase>
    <testcase time="0.00000000" name="tcast_to_top">
      <failure message="/root/.nimble/pkgs/kaitai_struct_nim_runtime-#head/kaitai_struct_nim_runtime.nim(69, 33) Error: expression has no address; maybe use &amp;apos;unsafeAddr&amp;apos;
" />
    </testcase>
    <testcase time="0.00000000" name="tcombine_bool">
      <failure message="/root/.nimble/pkgs/kaitai_struct_nim_runtime-#head/kaitai_struct_nim_runtime.nim(69, 33) Error: expression has no address; maybe use &amp;apos;unsafeAddr&amp;apos;
" />
    </testcase>
    <testcase time="0.00000000" name="tcombine_bytes">
      <failure message="/root/.nimble/pkgs/kaitai_struct_nim_runtime-#head/kaitai_struct_nim_runtime.nim(69, 33) Error: expression has no address; maybe use &amp;apos;unsafeAddr&amp;apos;
" />
    </testcase>
    <testcase time="0.00000000" name="tcombine_enum">
      <failure message="/root/.nimble/pkgs/kaitai_struct_nim_runtime-#head/kaitai_struct_nim_runtime.nim(69, 33) Error: expression has no address; maybe use &amp;apos;unsafeAddr&amp;apos;
" />
    </testcase>
    <testcase time="0.00000000" name="tcombine_str">
      <failure message="/root/.nimble/pkgs/kaitai_struct_nim_runtime-#head/kaitai_struct_nim_runtime.nim(69, 33) Error: expression has no address; maybe use &amp;apos;unsafeAddr&amp;apos;
" />
    </testcase>
    <testcase time="0.00000000" name="tdebug_0">
      <failure message="/root/.nimble/pkgs/kaitai_struct_nim_runtime-#head/kaitai_struct_nim_runtime.nim(69, 33) Error: expression has no address; maybe use &amp;apos;unsafeAddr&amp;apos;
" />
    </testcase>
    <testcase time="0.00000000" name="tdebug_array_user">
      <failure message="/tests/spec/nim/tdebug_array_user.nim(4, 26) Error: cannot open file: ../../compiled/nim/debug_array_user
" />
    </testcase>
    <testcase time="0.00000000" name="tdebug_array_user_current_excluded">
      <failure message="/tests/spec/nim/tdebug_array_user_current_excluded.nim(4, 26) Error: cannot open file: ../../compiled/nim/debug_array_user_current_excluded
" />
    </testcase>
    <testcase time="0.00000000" name="tdebug_enum_name">
      <failure message="/root/.nimble/pkgs/kaitai_struct_nim_runtime-#head/kaitai_struct_nim_runtime.nim(69, 33) Error: expression has no address; maybe use &amp;apos;unsafeAddr&amp;apos;
" />
    </testcase>
    <testcase time="0.00000000" name="tdebug_switch_user">
      <failure message="/root/.nimble/pkgs/kaitai_struct_nim_runtime-#head/kaitai_struct_nim_runtime.nim(69, 33) Error: expression has no address; maybe use &amp;apos;unsafeAddr&amp;apos;
" />
    </testcase>
    <testcase time="0.00000000" name="tdefault_big_endian">
      <failure message="/root/.nimble/pkgs/kaitai_struct_nim_runtime-#head/kaitai_struct_nim_runtime.nim(69, 33) Error: expression has no address; maybe use &amp;apos;unsafeAddr&amp;apos;
" />
    </testcase>
    <testcase time="0.00000000" name="tdefault_bit_endian_mod">
      <failure message="/root/.nimble/pkgs/kaitai_struct_nim_runtime-#head/kaitai_struct_nim_runtime.nim(69, 33) Error: expression has no address; maybe use &amp;apos;unsafeAddr&amp;apos;
" />
    </testcase>
    <testcase time="0.00000000" name="tdefault_endian_expr_inherited">
      <failure message="/root/.nimble/pkgs/kaitai_struct_nim_runtime-#head/kaitai_struct_nim_runtime.nim(69, 33) Error: expression has no address; maybe use &amp;apos;unsafeAddr&amp;apos;
" />
    </testcase>
    <testcase time="0.00000000" name="tdefault_endian_expr_is_be">
      <failure message="/root/.nimble/pkgs/kaitai_struct_nim_runtime-#head/kaitai_struct_nim_runtime.nim(69, 33) Error: expression has no address; maybe use &amp;apos;unsafeAddr&amp;apos;
" />
    </testcase>
    <testcase time="0.00000000" name="tdefault_endian_expr_is_le">
      <failure message="/root/.nimble/pkgs/kaitai_struct_nim_runtime-#head/kaitai_struct_nim_runtime.nim(69, 33) Error: expression has no address; maybe use &amp;apos;unsafeAddr&amp;apos;
" />
    </testcase>
    <testcase time="0.00000000" name="tdefault_endian_mod">
      <failure message="/root/.nimble/pkgs/kaitai_struct_nim_runtime-#head/kaitai_struct_nim_runtime.nim(69, 33) Error: expression has no address; maybe use &amp;apos;unsafeAddr&amp;apos;
" />
    </testcase>
    <testcase time="0.00000000" name="tdocstrings">
      <failure message="/root/.nimble/pkgs/kaitai_struct_nim_runtime-#head/kaitai_struct_nim_runtime.nim(69, 33) Error: expression has no address; maybe use &amp;apos;unsafeAddr&amp;apos;
" />
    </testcase>
    <testcase time="0.00000000" name="tdocstrings_docref">
      <failure message="/root/.nimble/pkgs/kaitai_struct_nim_runtime-#head/kaitai_struct_nim_runtime.nim(69, 33) Error: expression has no address; maybe use &amp;apos;unsafeAddr&amp;apos;
" />
    </testcase>
    <testcase time="0.00000000" name="tdocstrings_docref_multi">
      <failure message="/root/.nimble/pkgs/kaitai_struct_nim_runtime-#head/kaitai_struct_nim_runtime.nim(69, 33) Error: expression has no address; maybe use &amp;apos;unsafeAddr&amp;apos;
" />
    </testcase>
    <testcase time="0.00000000" name="tenum_0">
      <failure message="/root/.nimble/pkgs/kaitai_struct_nim_runtime-#head/kaitai_struct_nim_runtime.nim(69, 33) Error: expression has no address; maybe use &amp;apos;unsafeAddr&amp;apos;
" />
    </testcase>
    <testcase time="0.00000000" name="tenum_1">
      <failure message="/root/.nimble/pkgs/kaitai_struct_nim_runtime-#head/kaitai_struct_nim_runtime.nim(69, 33) Error: expression has no address; maybe use &amp;apos;unsafeAddr&amp;apos;
" />
    </testcase>
    <testcase time="0.00000000" name="tenum_deep">
      <failure message="/root/.nimble/pkgs/kaitai_struct_nim_runtime-#head/kaitai_struct_nim_runtime.nim(69, 33) Error: expression has no address; maybe use &amp;apos;unsafeAddr&amp;apos;
" />
    </testcase>
    <testcase time="0.00000000" name="tenum_deep_literals">
      <failure message="/root/.nimble/pkgs/kaitai_struct_nim_runtime-#head/kaitai_struct_nim_runtime.nim(69, 33) Error: expression has no address; maybe use &amp;apos;unsafeAddr&amp;apos;
" />
    </testcase>
    <testcase time="0.00000000" name="tenum_fancy">
      <failure message="/root/.nimble/pkgs/kaitai_struct_nim_runtime-#head/kaitai_struct_nim_runtime.nim(69, 33) Error: expression has no address; maybe use &amp;apos;unsafeAddr&amp;apos;
" />
    </testcase>
    <testcase time="0.00000000" name="tenum_if">
      <failure message="/root/.nimble/pkgs/kaitai_struct_nim_runtime-#head/kaitai_struct_nim_runtime.nim(69, 33) Error: expression has no address; maybe use &amp;apos;unsafeAddr&amp;apos;
" />
    </testcase>
    <testcase time="0.00000000" name="tenum_import_literals">
      <failure message="/root/.nimble/pkgs/kaitai_struct_nim_runtime-#head/kaitai_struct_nim_runtime.nim(69, 33) Error: expression has no address; maybe use &amp;apos;unsafeAddr&amp;apos;
" />
    </testcase>
    <testcase time="0.00000000" name="tenum_import_seq">
      <failure message="/root/.nimble/pkgs/kaitai_struct_nim_runtime-#head/kaitai_struct_nim_runtime.nim(69, 33) Error: expression has no address; maybe use &amp;apos;unsafeAddr&amp;apos;
" />
    </testcase>
    <testcase time="0.00000000" name="tenum_int_range_s">
      <failure message="/root/.nimble/pkgs/kaitai_struct_nim_runtime-#head/kaitai_struct_nim_runtime.nim(69, 33) Error: expression has no address; maybe use &amp;apos;unsafeAddr&amp;apos;
" />
    </testcase>
    <testcase time="0.00000000" name="tenum_int_range_u">
      <failure message="/root/.nimble/pkgs/kaitai_struct_nim_runtime-#head/kaitai_struct_nim_runtime.nim(69, 33) Error: expression has no address; maybe use &amp;apos;unsafeAddr&amp;apos;
" />
    </testcase>
    <testcase time="0.00000000" name="tenum_invalid">
      <failure message="/root/.nimble/pkgs/kaitai_struct_nim_runtime-#head/kaitai_struct_nim_runtime.nim(69, 33) Error: expression has no address; maybe use &amp;apos;unsafeAddr&amp;apos;
" />
    </testcase>
    <testcase time="0.00000000" name="tenum_long_range_s">
      <failure message="/root/.nimble/pkgs/kaitai_struct_nim_runtime-#head/kaitai_struct_nim_runtime.nim(69, 33) Error: expression has no address; maybe use &amp;apos;unsafeAddr&amp;apos;
" />
    </testcase>
    <testcase time="0.00000000" name="tenum_long_range_u">
      <failure message="/root/.nimble/pkgs/kaitai_struct_nim_runtime-#head/kaitai_struct_nim_runtime.nim(69, 33) Error: expression has no address; maybe use &amp;apos;unsafeAddr&amp;apos;
" />
    </testcase>
    <testcase time="0.00000000" name="tenum_negative">
      <failure message="/root/.nimble/pkgs/kaitai_struct_nim_runtime-#head/kaitai_struct_nim_runtime.nim(69, 33) Error: expression has no address; maybe use &amp;apos;unsafeAddr&amp;apos;
" />
    </testcase>
    <testcase time="0.00000000" name="tenum_of_value_inst">
      <failure message="/root/.nimble/pkgs/kaitai_struct_nim_runtime-#head/kaitai_struct_nim_runtime.nim(69, 33) Error: expression has no address; maybe use &amp;apos;unsafeAddr&amp;apos;
" />
    </testcase>
    <testcase time="0.00000000" name="tenum_to_i">
      <failure message="/root/.nimble/pkgs/kaitai_struct_nim_runtime-#head/kaitai_struct_nim_runtime.nim(69, 33) Error: expression has no address; maybe use &amp;apos;unsafeAddr&amp;apos;
" />
    </testcase>
    <testcase time="0.00000000" name="tenum_to_i_class_border_1">
      <failure message="/root/.nimble/pkgs/kaitai_struct_nim_runtime-#head/kaitai_struct_nim_runtime.nim(69, 33) Error: expression has no address; maybe use &amp;apos;unsafeAddr&amp;apos;
" />
    </testcase>
    <testcase time="0.00000000" name="tenum_to_i_invalid">
      <failure message="/root/.nimble/pkgs/kaitai_struct_nim_runtime-#head/kaitai_struct_nim_runtime.nim(69, 33) Error: expression has no address; maybe use &amp;apos;unsafeAddr&amp;apos;
" />
    </testcase>
    <testcase time="0.00000000" name="texpr_0">
      <failure message="/root/.nimble/pkgs/kaitai_struct_nim_runtime-#head/kaitai_struct_nim_runtime.nim(69, 33) Error: expression has no address; maybe use &amp;apos;unsafeAddr&amp;apos;
" />
    </testcase>
    <testcase time="0.00000000" name="texpr_1">
      <failure message="/root/.nimble/pkgs/kaitai_struct_nim_runtime-#head/kaitai_struct_nim_runtime.nim(69, 33) Error: expression has no address; maybe use &amp;apos;unsafeAddr&amp;apos;
" />
    </testcase>
    <testcase time="0.00000000" name="texpr_2">
      <failure message="/root/.nimble/pkgs/kaitai_struct_nim_runtime-#head/kaitai_struct_nim_runtime.nim(69, 33) Error: expression has no address; maybe use &amp;apos;unsafeAddr&amp;apos;
" />
    </testcase>
    <testcase time="0.00000000" name="texpr_3">
      <failure message="/root/.nimble/pkgs/kaitai_struct_nim_runtime-#head/kaitai_struct_nim_runtime.nim(69, 33) Error: expression has no address; maybe use &amp;apos;unsafeAddr&amp;apos;
" />
    </testcase>
    <testcase time="0.00000000" name="texpr_array">
      <failure message="/root/.nimble/pkgs/kaitai_struct_nim_runtime-#head/kaitai_struct_nim_runtime.nim(69, 33) Error: expression has no address; maybe use &amp;apos;unsafeAddr&amp;apos;
" />
    </testcase>
    <testcase time="0.00000000" name="texpr_bits">
      <failure message="/root/.nimble/pkgs/kaitai_struct_nim_runtime-#head/kaitai_struct_nim_runtime.nim(69, 33) Error: expression has no address; maybe use &amp;apos;unsafeAddr&amp;apos;
" />
    </testcase>
    <testcase time="0.00000000" name="texpr_bytes_cmp">
      <failure message="/root/.nimble/pkgs/kaitai_struct_nim_runtime-#head/kaitai_struct_nim_runtime.nim(69, 33) Error: expression has no address; maybe use &amp;apos;unsafeAddr&amp;apos;
" />
    </testcase>
    <testcase time="0.00000000" name="texpr_bytes_non_literal">
      <failure message="/root/.nimble/pkgs/kaitai_struct_nim_runtime-#head/kaitai_struct_nim_runtime.nim(69, 33) Error: expression has no address; maybe use &amp;apos;unsafeAddr&amp;apos;
" />
    </testcase>
    <testcase time="0.00000000" name="texpr_bytes_ops">
      <failure message="/root/.nimble/pkgs/kaitai_struct_nim_runtime-#head/kaitai_struct_nim_runtime.nim(69, 33) Error: expression has no address; maybe use &amp;apos;unsafeAddr&amp;apos;
" />
    </testcase>
    <testcase time="0.00000000" name="texpr_calc_array_ops">
      <failure message="/root/.nimble/pkgs/kaitai_struct_nim_runtime-#head/kaitai_struct_nim_runtime.nim(69, 33) Error: expression has no address; maybe use &amp;apos;unsafeAddr&amp;apos;
" />
    </testcase>
    <testcase time="0.00000000" name="texpr_enum">
      <failure message="/root/.nimble/pkgs/kaitai_struct_nim_runtime-#head/kaitai_struct_nim_runtime.nim(69, 33) Error: expression has no address; maybe use &amp;apos;unsafeAddr&amp;apos;
" />
    </testcase>
    <testcase time="0.00000000" name="texpr_fstring_0">
      <failure message="/root/.nimble/pkgs/kaitai_struct_nim_runtime-#head/kaitai_struct_nim_runtime.nim(69, 33) Error: expression has no address; maybe use &amp;apos;unsafeAddr&amp;apos;
" />
    </testcase>
    <testcase time="0.00000000" name="texpr_if_int_ops">
      <failure message="/root/.nimble/pkgs/kaitai_struct_nim_runtime-#head/kaitai_struct_nim_runtime.nim(69, 33) Error: expression has no address; maybe use &amp;apos;unsafeAddr&amp;apos;
" />
    </testcase>
    <testcase time="0.00000000" name="texpr_int_div">
      <failure message="/root/.nimble/pkgs/kaitai_struct_nim_runtime-#head/kaitai_struct_nim_runtime.nim(69, 33) Error: expression has no address; maybe use &amp;apos;unsafeAddr&amp;apos;
" />
    </testcase>
    <testcase time="0.00000000" name="texpr_io_eof">
      <failure message="/root/.nimble/pkgs/kaitai_struct_nim_runtime-#head/kaitai_struct_nim_runtime.nim(69, 33) Error: expression has no address; maybe use &amp;apos;unsafeAddr&amp;apos;
" />
    </testcase>
    <testcase time="0.00000000" name="texpr_io_pos">
      <failure message="/root/.nimble/pkgs/kaitai_struct_nim_runtime-#head/kaitai_struct_nim_runtime.nim(69, 33) Error: expression has no address; maybe use &amp;apos;unsafeAddr&amp;apos;
" />
    </testcase>
    <testcase time="0.00000000" name="texpr_io_ternary">
      <failure message="/root/.nimble/pkgs/kaitai_struct_nim_runtime-#head/kaitai_struct_nim_runtime.nim(69, 33) Error: expression has no address; maybe use &amp;apos;unsafeAddr&amp;apos;
" />
    </testcase>
    <testcase time="0.00000000" name="texpr_mod">
      <failure message="/root/.nimble/pkgs/kaitai_struct_nim_runtime-#head/kaitai_struct_nim_runtime.nim(69, 33) Error: expression has no address; maybe use &amp;apos;unsafeAddr&amp;apos;
" />
    </testcase>
    <testcase time="0.00000000" name="texpr_ops_parens">
      <failure message="/root/.nimble/pkgs/kaitai_struct_nim_runtime-#head/kaitai_struct_nim_runtime.nim(69, 33) Error: expression has no address; maybe use &amp;apos;unsafeAddr&amp;apos;
" />
    </testcase>
    <testcase time="0.00000000" name="texpr_sizeof_type_0">
      <failure message="/root/.nimble/pkgs/kaitai_struct_nim_runtime-#head/kaitai_struct_nim_runtime.nim(69, 33) Error: expression has no address; maybe use &amp;apos;unsafeAddr&amp;apos;
" />
    </testcase>
    <testcase time="0.00000000" name="texpr_sizeof_type_1">
      <failure message="/root/.nimble/pkgs/kaitai_struct_nim_runtime-#head/kaitai_struct_nim_runtime.nim(69, 33) Error: expression has no address; maybe use &amp;apos;unsafeAddr&amp;apos;
" />
    </testcase>
    <testcase time="0.00000000" name="texpr_sizeof_value_0">
      <failure message="/root/.nimble/pkgs/kaitai_struct_nim_runtime-#head/kaitai_struct_nim_runtime.nim(69, 33) Error: expression has no address; maybe use &amp;apos;unsafeAddr&amp;apos;
" />
    </testcase>
    <testcase time="0.00000000" name="texpr_sizeof_value_sized">
      <failure message="/root/.nimble/pkgs/kaitai_struct_nim_runtime-#head/kaitai_struct_nim_runtime.nim(69, 33) Error: expression has no address; maybe use &amp;apos;unsafeAddr&amp;apos;
" />
    </testcase>
    <testcase time="0.00000000" name="texpr_str_encodings">
      <failure message="/root/.nimble/pkgs/kaitai_struct_nim_runtime-#head/kaitai_struct_nim_runtime.nim(69, 33) Error: expression has no address; maybe use &amp;apos;unsafeAddr&amp;apos;
" />
    </testcase>
    <testcase time="0.00000000" name="texpr_str_ops">
      <failure message="/root/.nimble/pkgs/kaitai_struct_nim_runtime-#head/kaitai_struct_nim_runtime.nim(69, 33) Error: expression has no address; maybe use &amp;apos;unsafeAddr&amp;apos;
" />
    </testcase>
    <testcase time="0.00000000" name="tfixed_contents">
      <failure message="/root/.nimble/pkgs/kaitai_struct_nim_runtime-#head/kaitai_struct_nim_runtime.nim(69, 33) Error: expression has no address; maybe use &amp;apos;unsafeAddr&amp;apos;
" />
    </testcase>
    <testcase time="0.00000000" name="tfixed_struct">
      <failure message="/root/.nimble/pkgs/kaitai_struct_nim_runtime-#head/kaitai_struct_nim_runtime.nim(69, 33) Error: expression has no address; maybe use &amp;apos;unsafeAddr&amp;apos;
" />
    </testcase>
    <testcase time="0.00000000" name="tfloat_to_i">
      <failure message="/root/.nimble/pkgs/kaitai_struct_nim_runtime-#head/kaitai_struct_nim_runtime.nim(69, 33) Error: expression has no address; maybe use &amp;apos;unsafeAddr&amp;apos;
" />
    </testcase>
    <testcase time="0.00000000" name="tfloating_points">
      <failure message="/root/.nimble/pkgs/kaitai_struct_nim_runtime-#head/kaitai_struct_nim_runtime.nim(69, 33) Error: expression has no address; maybe use &amp;apos;unsafeAddr&amp;apos;
" />
    </testcase>
    <testcase time="0.00000000" name="thello_world">
      <failure message="/root/.nimble/pkgs/kaitai_struct_nim_runtime-#head/kaitai_struct_nim_runtime.nim(69, 33) Error: expression has no address; maybe use &amp;apos;unsafeAddr&amp;apos;
" />
    </testcase>
    <testcase time="0.00000000" name="tif_instances">
      <failure message="/root/.nimble/pkgs/kaitai_struct_nim_runtime-#head/kaitai_struct_nim_runtime.nim(69, 33) Error: expression has no address; maybe use &amp;apos;unsafeAddr&amp;apos;
" />
    </testcase>
    <testcase time="0.00000000" name="tif_struct">
      <failure message="/root/.nimble/pkgs/kaitai_struct_nim_runtime-#head/kaitai_struct_nim_runtime.nim(69, 33) Error: expression has no address; maybe use &amp;apos;unsafeAddr&amp;apos;
" />
    </testcase>
    <testcase time="0.00000000" name="tif_values">
      <failure message="/root/.nimble/pkgs/kaitai_struct_nim_runtime-#head/kaitai_struct_nim_runtime.nim(69, 33) Error: expression has no address; maybe use &amp;apos;unsafeAddr&amp;apos;
" />
    </testcase>
    <testcase time="0.00000000" name="timports0">
      <failure message="/root/.nimble/pkgs/kaitai_struct_nim_runtime-#head/kaitai_struct_nim_runtime.nim(69, 33) Error: expression has no address; maybe use &amp;apos;unsafeAddr&amp;apos;
" />
    </testcase>
    <testcase time="0.00000000" name="timports_abs">
      <failure message="/root/.nimble/pkgs/kaitai_struct_nim_runtime-#head/kaitai_struct_nim_runtime.nim(69, 33) Error: expression has no address; maybe use &amp;apos;unsafeAddr&amp;apos;
" />
    </testcase>
    <testcase time="0.00000000" name="timports_abs_abs">
      <failure message="/root/.nimble/pkgs/kaitai_struct_nim_runtime-#head/kaitai_struct_nim_runtime.nim(69, 33) Error: expression has no address; maybe use &amp;apos;unsafeAddr&amp;apos;
" />
    </testcase>
    <testcase time="0.00000000" name="timports_abs_rel">
      <failure message="/root/.nimble/pkgs/kaitai_struct_nim_runtime-#head/kaitai_struct_nim_runtime.nim(69, 33) Error: expression has no address; maybe use &amp;apos;unsafeAddr&amp;apos;
" />
    </testcase>
    <testcase time="0.00000000" name="timports_cast_to_imported">
      <failure message="/root/.nimble/pkgs/kaitai_struct_nim_runtime-#head/kaitai_struct_nim_runtime.nim(69, 33) Error: expression has no address; maybe use &amp;apos;unsafeAddr&amp;apos;
" />
    </testcase>
    <testcase time="0.00000000" name="timports_cast_to_imported2">
      <failure message="/root/.nimble/pkgs/kaitai_struct_nim_runtime-#head/kaitai_struct_nim_runtime.nim(69, 33) Error: expression has no address; maybe use &amp;apos;unsafeAddr&amp;apos;
" />
    </testcase>
    <testcase time="0.00000000" name="timports_circular_a">
      <failure message="/root/.nimble/pkgs/kaitai_struct_nim_runtime-#head/kaitai_struct_nim_runtime.nim(69, 33) Error: expression has no address; maybe use &amp;apos;unsafeAddr&amp;apos;
" />
    </testcase>
    <testcase time="0.00000000" name="timports_params_def_array_usertype_imported">
      <failure message="/root/.nimble/pkgs/kaitai_struct_nim_runtime-#head/kaitai_struct_nim_runtime.nim(69, 33) Error: expression has no address; maybe use &amp;apos;unsafeAddr&amp;apos;
" />
    </testcase>
    <testcase time="0.00000000" name="timports_params_def_enum_imported">
      <failure message="/root/.nimble/pkgs/kaitai_struct_nim_runtime-#head/kaitai_struct_nim_runtime.nim(69, 33) Error: expression has no address; maybe use &amp;apos;unsafeAddr&amp;apos;
" />
    </testcase>
    <testcase time="0.00000000" name="timports_params_def_usertype_imported">
      <failure message="/root/.nimble/pkgs/kaitai_struct_nim_runtime-#head/kaitai_struct_nim_runtime.nim(69, 33) Error: expression has no address; maybe use &amp;apos;unsafeAddr&amp;apos;
" />
    </testcase>
    <testcase time="0.00000000" name="timports_rel_1">
      <failure message="/root/.nimble/pkgs/kaitai_struct_nim_runtime-#head/kaitai_struct_nim_runtime.nim(69, 33) Error: expression has no address; maybe use &amp;apos;unsafeAddr&amp;apos;
" />
    </testcase>
    <testcase time="0.00000000" name="tindex_sizes">
      <failure message="/root/.nimble/pkgs/kaitai_struct_nim_runtime-#head/kaitai_struct_nim_runtime.nim(69, 33) Error: expression has no address; maybe use &amp;apos;unsafeAddr&amp;apos;
" />
    </testcase>
    <testcase time="0.00000000" name="tindex_to_param_eos">
      <failure message="/root/.nimble/pkgs/kaitai_struct_nim_runtime-#head/kaitai_struct_nim_runtime.nim(69, 33) Error: expression has no address; maybe use &amp;apos;unsafeAddr&amp;apos;
" />
    </testcase>
    <testcase time="0.00000000" name="tindex_to_param_expr">
      <failure message="/root/.nimble/pkgs/kaitai_struct_nim_runtime-#head/kaitai_struct_nim_runtime.nim(69, 33) Error: expression has no address; maybe use &amp;apos;unsafeAddr&amp;apos;
" />
    </testcase>
    <testcase time="0.00000000" name="tindex_to_param_until">
      <failure message="/root/.nimble/pkgs/kaitai_struct_nim_runtime-#head/kaitai_struct_nim_runtime.nim(69, 33) Error: expression has no address; maybe use &amp;apos;unsafeAddr&amp;apos;
" />
    </testcase>
    <testcase time="0.00000000" name="tinstance_io_user">
      <failure message="/root/.nimble/pkgs/kaitai_struct_nim_runtime-#head/kaitai_struct_nim_runtime.nim(69, 33) Error: expression has no address; maybe use &amp;apos;unsafeAddr&amp;apos;
" />
    </testcase>
    <testcase time="0.00000000" name="tinstance_std">
      <failure message="/root/.nimble/pkgs/kaitai_struct_nim_runtime-#head/kaitai_struct_nim_runtime.nim(69, 33) Error: expression has no address; maybe use &amp;apos;unsafeAddr&amp;apos;
" />
    </testcase>
    <testcase time="0.00000000" name="tinstance_std_array">
      <failure message="/root/.nimble/pkgs/kaitai_struct_nim_runtime-#head/kaitai_struct_nim_runtime.nim(69, 33) Error: expression has no address; maybe use &amp;apos;unsafeAddr&amp;apos;
" />
    </testcase>
    <testcase time="0.00000000" name="tinstance_user_array">
      <failure message="/root/.nimble/pkgs/kaitai_struct_nim_runtime-#head/kaitai_struct_nim_runtime.nim(69, 33) Error: expression has no address; maybe use &amp;apos;unsafeAddr&amp;apos;
" />
    </testcase>
    <testcase time="0.00000000" name="tintegers">
      <failure message="/root/.nimble/pkgs/kaitai_struct_nim_runtime-#head/kaitai_struct_nim_runtime.nim(69, 33) Error: expression has no address; maybe use &amp;apos;unsafeAddr&amp;apos;
" />
    </testcase>
    <testcase time="0.00000000" name="tintegers_double_overflow">
      <failure message="/root/.nimble/pkgs/kaitai_struct_nim_runtime-#head/kaitai_struct_nim_runtime.nim(69, 33) Error: expression has no address; maybe use &amp;apos;unsafeAddr&amp;apos;
" />
    </testcase>
    <testcase time="0.00000000" name="tintegers_min_max">
      <failure message="/root/.nimble/pkgs/kaitai_struct_nim_runtime-#head/kaitai_struct_nim_runtime.nim(69, 33) Error: expression has no address; maybe use &amp;apos;unsafeAddr&amp;apos;
" />
    </testcase>
    <testcase time="0.00000000" name="tio_local_var">
      <failure message="/root/.nimble/pkgs/kaitai_struct_nim_runtime-#head/kaitai_struct_nim_runtime.nim(69, 33) Error: expression has no address; maybe use &amp;apos;unsafeAddr&amp;apos;
" />
    </testcase>
    <testcase time="0.00000000" name="tjs_signed_right_shift">
      <failure message="/root/.nimble/pkgs/kaitai_struct_nim_runtime-#head/kaitai_struct_nim_runtime.nim(69, 33) Error: expression has no address; maybe use &amp;apos;unsafeAddr&amp;apos;
" />
    </testcase>
    <testcase time="0.00000000" name="tmeta_tags">
      <failure message="/root/.nimble/pkgs/kaitai_struct_nim_runtime-#head/kaitai_struct_nim_runtime.nim(69, 33) Error: expression has no address; maybe use &amp;apos;unsafeAddr&amp;apos;
" />
    </testcase>
    <testcase time="0.00000000" name="tmeta_xref">
      <failure message="/root/.nimble/pkgs/kaitai_struct_nim_runtime-#head/kaitai_struct_nim_runtime.nim(69, 33) Error: expression has no address; maybe use &amp;apos;unsafeAddr&amp;apos;
" />
    </testcase>
    <testcase time="0.00000000" name="tmultiple_use">
      <failure message="/root/.nimble/pkgs/kaitai_struct_nim_runtime-#head/kaitai_struct_nim_runtime.nim(69, 33) Error: expression has no address; maybe use &amp;apos;unsafeAddr&amp;apos;
" />
    </testcase>
    <testcase time="0.00000000" name="tname_clash_import_vs_inst">
      <failure message="/root/.nimble/pkgs/kaitai_struct_nim_runtime-#head/kaitai_struct_nim_runtime.nim(69, 33) Error: expression has no address; maybe use &amp;apos;unsafeAddr&amp;apos;
" />
    </testcase>
    <testcase time="0.00000000" name="tnav_parent">
      <failure message="/root/.nimble/pkgs/kaitai_struct_nim_runtime-#head/kaitai_struct_nim_runtime.nim(69, 33) Error: expression has no address; maybe use &amp;apos;unsafeAddr&amp;apos;
" />
    </testcase>
    <testcase time="0.00000000" name="tnav_parent2">
      <failure message="/root/.nimble/pkgs/kaitai_struct_nim_runtime-#head/kaitai_struct_nim_runtime.nim(69, 33) Error: expression has no address; maybe use &amp;apos;unsafeAddr&amp;apos;
" />
    </testcase>
    <testcase time="0.00000000" name="tnav_parent3">
      <failure message="/root/.nimble/pkgs/kaitai_struct_nim_runtime-#head/kaitai_struct_nim_runtime.nim(69, 33) Error: expression has no address; maybe use &amp;apos;unsafeAddr&amp;apos;
" />
    </testcase>
    <testcase time="0.00000000" name="tnav_parent_false">
      <failure message="/root/.nimble/pkgs/kaitai_struct_nim_runtime-#head/kaitai_struct_nim_runtime.nim(69, 33) Error: expression has no address; maybe use &amp;apos;unsafeAddr&amp;apos;
" />
    </testcase>
    <testcase time="0.00000000" name="tnav_parent_false2">
      <failure message="/root/.nimble/pkgs/kaitai_struct_nim_runtime-#head/kaitai_struct_nim_runtime.nim(69, 33) Error: expression has no address; maybe use &amp;apos;unsafeAddr&amp;apos;
" />
    </testcase>
    <testcase time="0.00000000" name="tnav_parent_override">
      <failure message="/root/.nimble/pkgs/kaitai_struct_nim_runtime-#head/kaitai_struct_nim_runtime.nim(69, 33) Error: expression has no address; maybe use &amp;apos;unsafeAddr&amp;apos;
" />
    </testcase>
    <testcase time="0.00000000" name="tnav_parent_recursive">
      <failure message="/root/.nimble/pkgs/kaitai_struct_nim_runtime-#head/kaitai_struct_nim_runtime.nim(69, 33) Error: expression has no address; maybe use &amp;apos;unsafeAddr&amp;apos;
" />
    </testcase>
    <testcase time="0.00000000" name="tnav_parent_switch">
      <failure message="/root/.nimble/pkgs/kaitai_struct_nim_runtime-#head/kaitai_struct_nim_runtime.nim(69, 33) Error: expression has no address; maybe use &amp;apos;unsafeAddr&amp;apos;
" />
    </testcase>
    <testcase time="0.00000000" name="tnav_parent_switch_cast">
      <failure message="/root/.nimble/pkgs/kaitai_struct_nim_runtime-#head/kaitai_struct_nim_runtime.nim(69, 33) Error: expression has no address; maybe use &amp;apos;unsafeAddr&amp;apos;
" />
    </testcase>
    <testcase time="0.00000000" name="tnav_parent_vs_value_inst">
      <failure message="/root/.nimble/pkgs/kaitai_struct_nim_runtime-#head/kaitai_struct_nim_runtime.nim(69, 33) Error: expression has no address; maybe use &amp;apos;unsafeAddr&amp;apos;
" />
    </testcase>
    <testcase time="0.00000000" name="tnav_root">
      <failure message="/root/.nimble/pkgs/kaitai_struct_nim_runtime-#head/kaitai_struct_nim_runtime.nim(69, 33) Error: expression has no address; maybe use &amp;apos;unsafeAddr&amp;apos;
" />
    </testcase>
    <testcase time="0.00000000" name="tnav_root_recursive">
      <failure message="/root/.nimble/pkgs/kaitai_struct_nim_runtime-#head/kaitai_struct_nim_runtime.nim(69, 33) Error: expression has no address; maybe use &amp;apos;unsafeAddr&amp;apos;
" />
    </testcase>
    <testcase time="0.00000000" name="tnested_same_name">
      <failure message="/root/.nimble/pkgs/kaitai_struct_nim_runtime-#head/kaitai_struct_nim_runtime.nim(69, 33) Error: expression has no address; maybe use &amp;apos;unsafeAddr&amp;apos;
" />
    </testcase>
    <testcase time="0.00000000" name="tnested_same_name2">
      <failure message="/root/.nimble/pkgs/kaitai_struct_nim_runtime-#head/kaitai_struct_nim_runtime.nim(69, 33) Error: expression has no address; maybe use &amp;apos;unsafeAddr&amp;apos;
" />
    </testcase>
    <testcase time="0.00000000" name="tnested_type_param">
      <failure message="/root/.nimble/pkgs/kaitai_struct_nim_runtime-#head/kaitai_struct_nim_runtime.nim(69, 33) Error: expression has no address; maybe use &amp;apos;unsafeAddr&amp;apos;
" />
    </testcase>
    <testcase time="0.00000000" name="tnested_types">
      <failure message="/root/.nimble/pkgs/kaitai_struct_nim_runtime-#head/kaitai_struct_nim_runtime.nim(69, 33) Error: expression has no address; maybe use &amp;apos;unsafeAddr&amp;apos;
" />
    </testcase>
    <testcase time="0.00000000" name="tnested_types2">
      <failure message="/root/.nimble/pkgs/kaitai_struct_nim_runtime-#head/kaitai_struct_nim_runtime.nim(69, 33) Error: expression has no address; maybe use &amp;apos;unsafeAddr&amp;apos;
" />
    </testcase>
    <testcase time="0.00000000" name="tnested_types3">
      <failure message="/root/.nimble/pkgs/kaitai_struct_nim_runtime-#head/kaitai_struct_nim_runtime.nim(69, 33) Error: expression has no address; maybe use &amp;apos;unsafeAddr&amp;apos;
" />
    </testcase>
    <testcase time="0.00000000" name="tnested_types_import">
      <failure message="/root/.nimble/pkgs/kaitai_struct_nim_runtime-#head/kaitai_struct_nim_runtime.nim(69, 33) Error: expression has no address; maybe use &amp;apos;unsafeAddr&amp;apos;
" />
    </testcase>
    <testcase time="0.00000000" name="tnon_standard">
      <failure message="/root/.nimble/pkgs/kaitai_struct_nim_runtime-#head/kaitai_struct_nim_runtime.nim(69, 33) Error: expression has no address; maybe use &amp;apos;unsafeAddr&amp;apos;
" />
    </testcase>
    <testcase time="0.00000000" name="topaque_external_type">
      <failure message="/root/.nimble/pkgs/kaitai_struct_nim_runtime-#head/kaitai_struct_nim_runtime.nim(69, 33) Error: expression has no address; maybe use &amp;apos;unsafeAddr&amp;apos;
" />
    </testcase>
    <testcase time="0.00000000" name="tparams_call">
      <failure message="/root/.nimble/pkgs/kaitai_struct_nim_runtime-#head/kaitai_struct_nim_runtime.nim(69, 33) Error: expression has no address; maybe use &amp;apos;unsafeAddr&amp;apos;
" />
    </testcase>
    <testcase time="0.00000000" name="tparams_call_extra_parens">
      <failure message="/root/.nimble/pkgs/kaitai_struct_nim_runtime-#head/kaitai_struct_nim_runtime.nim(69, 33) Error: expression has no address; maybe use &amp;apos;unsafeAddr&amp;apos;
" />
    </testcase>
    <testcase time="0.00000000" name="tparams_enum">
      <failure message="/root/.nimble/pkgs/kaitai_struct_nim_runtime-#head/kaitai_struct_nim_runtime.nim(69, 33) Error: expression has no address; maybe use &amp;apos;unsafeAddr&amp;apos;
" />
    </testcase>
    <testcase time="0.00000000" name="tparams_pass_array_int">
      <failure message="/root/.nimble/pkgs/kaitai_struct_nim_runtime-#head/kaitai_struct_nim_runtime.nim(69, 33) Error: expression has no address; maybe use &amp;apos;unsafeAddr&amp;apos;
" />
    </testcase>
    <testcase time="0.00000000" name="tparams_pass_array_str">
      <failure message="/root/.nimble/pkgs/kaitai_struct_nim_runtime-#head/kaitai_struct_nim_runtime.nim(69, 33) Error: expression has no address; maybe use &amp;apos;unsafeAddr&amp;apos;
" />
    </testcase>
    <testcase time="0.00000000" name="tparams_pass_array_struct">
      <failure message="/root/.nimble/pkgs/kaitai_struct_nim_runtime-#head/kaitai_struct_nim_runtime.nim(69, 33) Error: expression has no address; maybe use &amp;apos;unsafeAddr&amp;apos;
" />
    </testcase>
    <testcase time="0.00000000" name="tparams_pass_array_usertype">
      <failure message="/root/.nimble/pkgs/kaitai_struct_nim_runtime-#head/kaitai_struct_nim_runtime.nim(69, 33) Error: expression has no address; maybe use &amp;apos;unsafeAddr&amp;apos;
" />
    </testcase>
    <testcase time="0.00000000" name="tparams_pass_bool">
      <failure message="/root/.nimble/pkgs/kaitai_struct_nim_runtime-#head/kaitai_struct_nim_runtime.nim(69, 33) Error: expression has no address; maybe use &amp;apos;unsafeAddr&amp;apos;
" />
    </testcase>
    <testcase time="0.00000000" name="tparams_pass_struct">
      <failure message="/root/.nimble/pkgs/kaitai_struct_nim_runtime-#head/kaitai_struct_nim_runtime.nim(69, 33) Error: expression has no address; maybe use &amp;apos;unsafeAddr&amp;apos;
" />
    </testcase>
    <testcase time="0.00000000" name="tparams_pass_usertype">
      <failure message="/root/.nimble/pkgs/kaitai_struct_nim_runtime-#head/kaitai_struct_nim_runtime.nim(69, 33) Error: expression has no address; maybe use &amp;apos;unsafeAddr&amp;apos;
" />
    </testcase>
    <testcase time="0.00000000" name="tposition_abs">
      <failure message="/root/.nimble/pkgs/kaitai_struct_nim_runtime-#head/kaitai_struct_nim_runtime.nim(69, 33) Error: expression has no address; maybe use &amp;apos;unsafeAddr&amp;apos;
" />
    </testcase>
    <testcase time="0.00000000" name="tposition_in_seq">
      <failure message="/root/.nimble/pkgs/kaitai_struct_nim_runtime-#head/kaitai_struct_nim_runtime.nim(69, 33) Error: expression has no address; maybe use &amp;apos;unsafeAddr&amp;apos;
" />
    </testcase>
    <testcase time="0.00000000" name="tposition_to_end">
      <failure message="/root/.nimble/pkgs/kaitai_struct_nim_runtime-#head/kaitai_struct_nim_runtime.nim(69, 33) Error: expression has no address; maybe use &amp;apos;unsafeAddr&amp;apos;
" />
    </testcase>
    <testcase time="0.00000000" name="tprocess_coerce_bytes">
      <failure message="/root/.nimble/pkgs/kaitai_struct_nim_runtime-#head/kaitai_struct_nim_runtime.nim(69, 33) Error: expression has no address; maybe use &amp;apos;unsafeAddr&amp;apos;
" />
    </testcase>
    <testcase time="0.00000000" name="tprocess_coerce_switch">
      <failure message="/root/.nimble/pkgs/kaitai_struct_nim_runtime-#head/kaitai_struct_nim_runtime.nim(69, 33) Error: expression has no address; maybe use &amp;apos;unsafeAddr&amp;apos;
" />
    </testcase>
    <testcase time="0.00000000" name="tprocess_coerce_usertype1">
      <failure message="/root/.nimble/pkgs/kaitai_struct_nim_runtime-#head/kaitai_struct_nim_runtime.nim(69, 33) Error: expression has no address; maybe use &amp;apos;unsafeAddr&amp;apos;
" />
    </testcase>
    <testcase time="0.00000000" name="tprocess_coerce_usertype2">
      <failure message="/root/.nimble/pkgs/kaitai_struct_nim_runtime-#head/kaitai_struct_nim_runtime.nim(69, 33) Error: expression has no address; maybe use &amp;apos;unsafeAddr&amp;apos;
" />
    </testcase>
    <testcase time="0.00000000" name="tprocess_custom">
      <failure message="/root/.nimble/pkgs/kaitai_struct_nim_runtime-#head/kaitai_struct_nim_runtime.nim(69, 33) Error: expression has no address; maybe use &amp;apos;unsafeAddr&amp;apos;
" />
    </testcase>
    <testcase time="0.00000000" name="tprocess_custom_no_args">
      <failure message="/root/.nimble/pkgs/kaitai_struct_nim_runtime-#head/kaitai_struct_nim_runtime.nim(69, 33) Error: expression has no address; maybe use &amp;apos;unsafeAddr&amp;apos;
" />
    </testcase>
    <testcase time="0.00000000" name="tprocess_repeat_bytes">
      <failure message="/root/.nimble/pkgs/kaitai_struct_nim_runtime-#head/kaitai_struct_nim_runtime.nim(69, 33) Error: expression has no address; maybe use &amp;apos;unsafeAddr&amp;apos;
" />
    </testcase>
    <testcase time="0.00000000" name="tprocess_repeat_usertype">
      <failure message="/root/.nimble/pkgs/kaitai_struct_nim_runtime-#head/kaitai_struct_nim_runtime.nim(69, 33) Error: expression has no address; maybe use &amp;apos;unsafeAddr&amp;apos;
" />
    </testcase>
    <testcase time="0.00000000" name="tprocess_rotate">
      <failure message="/root/.nimble/pkgs/kaitai_struct_nim_runtime-#head/kaitai_struct_nim_runtime.nim(69, 33) Error: expression has no address; maybe use &amp;apos;unsafeAddr&amp;apos;
" />
    </testcase>
    <testcase time="0.00000000" name="tprocess_to_user">
      <failure message="/root/.nimble/pkgs/kaitai_struct_nim_runtime-#head/kaitai_struct_nim_runtime.nim(69, 33) Error: expression has no address; maybe use &amp;apos;unsafeAddr&amp;apos;
" />
    </testcase>
    <testcase time="0.00000000" name="tprocess_xor4_const">
      <failure message="/root/.nimble/pkgs/kaitai_struct_nim_runtime-#head/kaitai_struct_nim_runtime.nim(69, 33) Error: expression has no address; maybe use &amp;apos;unsafeAddr&amp;apos;
" />
    </testcase>
    <testcase time="0.00000000" name="tprocess_xor4_value">
      <failure message="/root/.nimble/pkgs/kaitai_struct_nim_runtime-#head/kaitai_struct_nim_runtime.nim(69, 33) Error: expression has no address; maybe use &amp;apos;unsafeAddr&amp;apos;
" />
    </testcase>
    <testcase time="0.00000000" name="tprocess_xor_const">
      <failure message="/root/.nimble/pkgs/kaitai_struct_nim_runtime-#head/kaitai_struct_nim_runtime.nim(69, 33) Error: expression has no address; maybe use &amp;apos;unsafeAddr&amp;apos;
" />
    </testcase>
    <testcase time="0.00000000" name="tprocess_xor_value">
      <failure message="/root/.nimble/pkgs/kaitai_struct_nim_runtime-#head/kaitai_struct_nim_runtime.nim(69, 33) Error: expression has no address; maybe use &amp;apos;unsafeAddr&amp;apos;
" />
    </testcase>
    <testcase time="0.00000000" name="trecursive_one">
      <failure message="/root/.nimble/pkgs/kaitai_struct_nim_runtime-#head/kaitai_struct_nim_runtime.nim(69, 33) Error: expression has no address; maybe use &amp;apos;unsafeAddr&amp;apos;
" />
    </testcase>
    <testcase time="0.00000000" name="trepeat_eos_bit">
      <failure message="/root/.nimble/pkgs/kaitai_struct_nim_runtime-#head/kaitai_struct_nim_runtime.nim(69, 33) Error: expression has no address; maybe use &amp;apos;unsafeAddr&amp;apos;
" />
    </testcase>
    <testcase time="0.00000000" name="trepeat_eos_struct">
      <failure message="/root/.nimble/pkgs/kaitai_struct_nim_runtime-#head/kaitai_struct_nim_runtime.nim(69, 33) Error: expression has no address; maybe use &amp;apos;unsafeAddr&amp;apos;
" />
    </testcase>
    <testcase time="0.00000000" name="trepeat_eos_u4">
      <failure message="/root/.nimble/pkgs/kaitai_struct_nim_runtime-#head/kaitai_struct_nim_runtime.nim(69, 33) Error: expression has no address; maybe use &amp;apos;unsafeAddr&amp;apos;
" />
    </testcase>
    <testcase time="0.00000000" name="trepeat_n_struct">
      <failure message="/root/.nimble/pkgs/kaitai_struct_nim_runtime-#head/kaitai_struct_nim_runtime.nim(69, 33) Error: expression has no address; maybe use &amp;apos;unsafeAddr&amp;apos;
" />
    </testcase>
    <testcase time="0.00000000" name="trepeat_n_strz">
      <failure message="/root/.nimble/pkgs/kaitai_struct_nim_runtime-#head/kaitai_struct_nim_runtime.nim(69, 33) Error: expression has no address; maybe use &amp;apos;unsafeAddr&amp;apos;
" />
    </testcase>
    <testcase time="0.00000000" name="trepeat_n_strz_double">
      <failure message="/root/.nimble/pkgs/kaitai_struct_nim_runtime-#head/kaitai_struct_nim_runtime.nim(69, 33) Error: expression has no address; maybe use &amp;apos;unsafeAddr&amp;apos;
" />
    </testcase>
    <testcase time="0.00000000" name="trepeat_until_calc_array_type">
      <failure message="/root/.nimble/pkgs/kaitai_struct_nim_runtime-#head/kaitai_struct_nim_runtime.nim(69, 33) Error: expression has no address; maybe use &amp;apos;unsafeAddr&amp;apos;
" />
    </testcase>
    <testcase time="0.00000000" name="trepeat_until_complex">
      <failure message="/root/.nimble/pkgs/kaitai_struct_nim_runtime-#head/kaitai_struct_nim_runtime.nim(69, 33) Error: expression has no address; maybe use &amp;apos;unsafeAddr&amp;apos;
" />
    </testcase>
    <testcase time="0.00000000" name="trepeat_until_s4">
      <failure message="/root/.nimble/pkgs/kaitai_struct_nim_runtime-#head/kaitai_struct_nim_runtime.nim(69, 33) Error: expression has no address; maybe use &amp;apos;unsafeAddr&amp;apos;
" />
    </testcase>
    <testcase time="0.00000000" name="trepeat_until_sized">
      <failure message="/root/.nimble/pkgs/kaitai_struct_nim_runtime-#head/kaitai_struct_nim_runtime.nim(69, 33) Error: expression has no address; maybe use &amp;apos;unsafeAddr&amp;apos;
" />
    </testcase>
    <testcase time="0.00000000" name="tstr_encodings">
      <failure message="/root/.nimble/pkgs/kaitai_struct_nim_runtime-#head/kaitai_struct_nim_runtime.nim(69, 33) Error: expression has no address; maybe use &amp;apos;unsafeAddr&amp;apos;
" />
    </testcase>
    <testcase time="0.00000000" name="tstr_encodings_default">
      <failure message="/root/.nimble/pkgs/kaitai_struct_nim_runtime-#head/kaitai_struct_nim_runtime.nim(69, 33) Error: expression has no address; maybe use &amp;apos;unsafeAddr&amp;apos;
" />
    </testcase>
    <testcase time="0.00000000" name="tstr_encodings_utf16">
      <failure message="/root/.nimble/pkgs/kaitai_struct_nim_runtime-#head/kaitai_struct_nim_runtime.nim(69, 33) Error: expression has no address; maybe use &amp;apos;unsafeAddr&amp;apos;
" />
    </testcase>
    <testcase time="0.00000000" name="tstr_eos">
      <failure message="/root/.nimble/pkgs/kaitai_struct_nim_runtime-#head/kaitai_struct_nim_runtime.nim(69, 33) Error: expression has no address; maybe use &amp;apos;unsafeAddr&amp;apos;
" />
    </testcase>
    <testcase time="0.00000000" name="tstr_literals">
      <failure message="/root/.nimble/pkgs/kaitai_struct_nim_runtime-#head/kaitai_struct_nim_runtime.nim(69, 33) Error: expression has no address; maybe use &amp;apos;unsafeAddr&amp;apos;
" />
    </testcase>
    <testcase time="0.00000000" name="tstr_literals2">
      <failure message="/root/.nimble/pkgs/kaitai_struct_nim_runtime-#head/kaitai_struct_nim_runtime.nim(69, 33) Error: expression has no address; maybe use &amp;apos;unsafeAddr&amp;apos;
" />
    </testcase>
    <testcase time="0.00000000" name="tstr_literals_latin1">
      <failure message="/root/.nimble/pkgs/kaitai_struct_nim_runtime-#head/kaitai_struct_nim_runtime.nim(69, 33) Error: expression has no address; maybe use &amp;apos;unsafeAddr&amp;apos;
" />
    </testcase>
    <testcase time="0.00000000" name="tstr_pad_term">
      <failure message="/root/.nimble/pkgs/kaitai_struct_nim_runtime-#head/kaitai_struct_nim_runtime.nim(69, 33) Error: expression has no address; maybe use &amp;apos;unsafeAddr&amp;apos;
" />
    </testcase>
    <testcase time="0.00000000" name="tstr_pad_term_empty">
      <failure message="/root/.nimble/pkgs/kaitai_struct_nim_runtime-#head/kaitai_struct_nim_runtime.nim(69, 33) Error: expression has no address; maybe use &amp;apos;unsafeAddr&amp;apos;
" />
    </testcase>
    <testcase time="0.00000000" name="tstr_pad_term_utf16">
      <failure message="/root/.nimble/pkgs/kaitai_struct_nim_runtime-#head/kaitai_struct_nim_runtime.nim(69, 33) Error: expression has no address; maybe use &amp;apos;unsafeAddr&amp;apos;
" />
    </testcase>
    <testcase time="0.00000000" name="tswitch_bytearray">
      <failure message="/root/.nimble/pkgs/kaitai_struct_nim_runtime-#head/kaitai_struct_nim_runtime.nim(69, 33) Error: expression has no address; maybe use &amp;apos;unsafeAddr&amp;apos;
" />
    </testcase>
    <testcase time="0.00000000" name="tswitch_else_only">
      <failure message="/root/.nimble/pkgs/kaitai_struct_nim_runtime-#head/kaitai_struct_nim_runtime.nim(69, 33) Error: expression has no address; maybe use &amp;apos;unsafeAddr&amp;apos;
" />
    </testcase>
    <testcase time="0.00000000" name="tswitch_integers">
      <failure message="/root/.nimble/pkgs/kaitai_struct_nim_runtime-#head/kaitai_struct_nim_runtime.nim(69, 33) Error: expression has no address; maybe use &amp;apos;unsafeAddr&amp;apos;
" />
    </testcase>
    <testcase time="0.00000000" name="tswitch_integers2">
      <failure message="/root/.nimble/pkgs/kaitai_struct_nim_runtime-#head/kaitai_struct_nim_runtime.nim(69, 33) Error: expression has no address; maybe use &amp;apos;unsafeAddr&amp;apos;
" />
    </testcase>
    <testcase time="0.00000000" name="tswitch_manual_enum">
      <failure message="/root/.nimble/pkgs/kaitai_struct_nim_runtime-#head/kaitai_struct_nim_runtime.nim(69, 33) Error: expression has no address; maybe use &amp;apos;unsafeAddr&amp;apos;
" />
    </testcase>
    <testcase time="0.00000000" name="tswitch_manual_enum_invalid">
      <failure message="/root/.nimble/pkgs/kaitai_struct_nim_runtime-#head/kaitai_struct_nim_runtime.nim(69, 33) Error: expression has no address; maybe use &amp;apos;unsafeAddr&amp;apos;
" />
    </testcase>
    <testcase time="0.00000000" name="tswitch_manual_enum_invalid_else">
      <failure message="/root/.nimble/pkgs/kaitai_struct_nim_runtime-#head/kaitai_struct_nim_runtime.nim(69, 33) Error: expression has no address; maybe use &amp;apos;unsafeAddr&amp;apos;
" />
    </testcase>
    <testcase time="0.00000000" name="tswitch_manual_int">
      <failure message="/root/.nimble/pkgs/kaitai_struct_nim_runtime-#head/kaitai_struct_nim_runtime.nim(69, 33) Error: expression has no address; maybe use &amp;apos;unsafeAddr&amp;apos;
" />
    </testcase>
    <testcase time="0.00000000" name="tswitch_manual_int_else">
      <failure message="/root/.nimble/pkgs/kaitai_struct_nim_runtime-#head/kaitai_struct_nim_runtime.nim(69, 33) Error: expression has no address; maybe use &amp;apos;unsafeAddr&amp;apos;
" />
    </testcase>
    <testcase time="0.00000000" name="tswitch_manual_int_size">
      <failure message="/root/.nimble/pkgs/kaitai_struct_nim_runtime-#head/kaitai_struct_nim_runtime.nim(69, 33) Error: expression has no address; maybe use &amp;apos;unsafeAddr&amp;apos;
" />
    </testcase>
    <testcase time="0.00000000" name="tswitch_manual_int_size_else">
      <failure message="/root/.nimble/pkgs/kaitai_struct_nim_runtime-#head/kaitai_struct_nim_runtime.nim(69, 33) Error: expression has no address; maybe use &amp;apos;unsafeAddr&amp;apos;
" />
    </testcase>
    <testcase time="0.00000000" name="tswitch_manual_int_size_eos">
      <failure message="/root/.nimble/pkgs/kaitai_struct_nim_runtime-#head/kaitai_struct_nim_runtime.nim(69, 33) Error: expression has no address; maybe use &amp;apos;unsafeAddr&amp;apos;
" />
    </testcase>
    <testcase time="0.00000000" name="tswitch_manual_str">
      <failure message="/root/.nimble/pkgs/kaitai_struct_nim_runtime-#head/kaitai_struct_nim_runtime.nim(69, 33) Error: expression has no address; maybe use &amp;apos;unsafeAddr&amp;apos;
" />
    </testcase>
    <testcase time="0.00000000" name="tswitch_manual_str_else">
      <failure message="/root/.nimble/pkgs/kaitai_struct_nim_runtime-#head/kaitai_struct_nim_runtime.nim(69, 33) Error: expression has no address; maybe use &amp;apos;unsafeAddr&amp;apos;
" />
    </testcase>
    <testcase time="0.00000000" name="tswitch_multi_bool_ops">
      <failure message="/root/.nimble/pkgs/kaitai_struct_nim_runtime-#head/kaitai_struct_nim_runtime.nim(69, 33) Error: expression has no address; maybe use &amp;apos;unsafeAddr&amp;apos;
" />
    </testcase>
    <testcase time="0.00000000" name="tswitch_repeat_expr">
      <failure message="/root/.nimble/pkgs/kaitai_struct_nim_runtime-#head/kaitai_struct_nim_runtime.nim(69, 33) Error: expression has no address; maybe use &amp;apos;unsafeAddr&amp;apos;
" />
    </testcase>
    <testcase time="0.00000000" name="tswitch_repeat_expr_invalid">
      <failure message="/root/.nimble/pkgs/kaitai_struct_nim_runtime-#head/kaitai_struct_nim_runtime.nim(69, 33) Error: expression has no address; maybe use &amp;apos;unsafeAddr&amp;apos;
" />
    </testcase>
    <testcase time="0.00000000" name="tterm_bytes">
      <failure message="/root/.nimble/pkgs/kaitai_struct_nim_runtime-#head/kaitai_struct_nim_runtime.nim(69, 33) Error: expression has no address; maybe use &amp;apos;unsafeAddr&amp;apos;
" />
    </testcase>
    <testcase time="0.00000000" name="tterm_strz">
      <failure message="/root/.nimble/pkgs/kaitai_struct_nim_runtime-#head/kaitai_struct_nim_runtime.nim(69, 33) Error: expression has no address; maybe use &amp;apos;unsafeAddr&amp;apos;
" />
    </testcase>
    <testcase time="0.00000000" name="tterm_strz_utf16_v1">
      <failure message="/root/.nimble/pkgs/kaitai_struct_nim_runtime-#head/kaitai_struct_nim_runtime.nim(69, 33) Error: expression has no address; maybe use &amp;apos;unsafeAddr&amp;apos;
" />
    </testcase>
    <testcase time="0.00000000" name="tterm_strz_utf16_v2">
      <failure message="/root/.nimble/pkgs/kaitai_struct_nim_runtime-#head/kaitai_struct_nim_runtime.nim(69, 33) Error: expression has no address; maybe use &amp;apos;unsafeAddr&amp;apos;
" />
    </testcase>
    <testcase time="0.00000000" name="tterm_strz_utf16_v3">
      <failure message="/root/.nimble/pkgs/kaitai_struct_nim_runtime-#head/kaitai_struct_nim_runtime.nim(69, 33) Error: expression has no address; maybe use &amp;apos;unsafeAddr&amp;apos;
" />
    </testcase>
    <testcase time="0.00000000" name="tterm_strz_utf16_v4">
      <failure message="/root/.nimble/pkgs/kaitai_struct_nim_runtime-#head/kaitai_struct_nim_runtime.nim(69, 33) Error: expression has no address; maybe use &amp;apos;unsafeAddr&amp;apos;
" />
    </testcase>
    <testcase time="0.00000000" name="tterm_u1_val">
      <failure message="/root/.nimble/pkgs/kaitai_struct_nim_runtime-#head/kaitai_struct_nim_runtime.nim(69, 33) Error: expression has no address; maybe use &amp;apos;unsafeAddr&amp;apos;
" />
    </testcase>
    <testcase time="0.00000000" name="tts_packet_header">
      <failure message="/root/.nimble/pkgs/kaitai_struct_nim_runtime-#head/kaitai_struct_nim_runtime.nim(69, 33) Error: expression has no address; maybe use &amp;apos;unsafeAddr&amp;apos;
" />
    </testcase>
    <testcase time="0.00000000" name="ttype_int_unary_op">
      <failure message="/root/.nimble/pkgs/kaitai_struct_nim_runtime-#head/kaitai_struct_nim_runtime.nim(69, 33) Error: expression has no address; maybe use &amp;apos;unsafeAddr&amp;apos;
" />
    </testcase>
    <testcase time="0.00000000" name="ttype_ternary">
      <failure message="/root/.nimble/pkgs/kaitai_struct_nim_runtime-#head/kaitai_struct_nim_runtime.nim(69, 33) Error: expression has no address; maybe use &amp;apos;unsafeAddr&amp;apos;
" />
    </testcase>
    <testcase time="0.00000000" name="ttype_ternary_2nd_falsy">
      <failure message="/root/.nimble/pkgs/kaitai_struct_nim_runtime-#head/kaitai_struct_nim_runtime.nim(69, 33) Error: expression has no address; maybe use &amp;apos;unsafeAddr&amp;apos;
" />
    </testcase>
    <testcase time="0.00000000" name="ttype_ternary_opaque">
      <failure message="/root/.nimble/pkgs/kaitai_struct_nim_runtime-#head/kaitai_struct_nim_runtime.nim(69, 33) Error: expression has no address; maybe use &amp;apos;unsafeAddr&amp;apos;
" />
    </testcase>
    <testcase time="0.00000000" name="tuser_type">
      <failure message="/root/.nimble/pkgs/kaitai_struct_nim_runtime-#head/kaitai_struct_nim_runtime.nim(69, 33) Error: expression has no address; maybe use &amp;apos;unsafeAddr&amp;apos;
" />
    </testcase>
    <testcase time="0.00000000" name="tvalid_eq_str_encodings">
      <failure message="/root/.nimble/pkgs/kaitai_struct_nim_runtime-#head/kaitai_struct_nim_runtime.nim(69, 33) Error: expression has no address; maybe use &amp;apos;unsafeAddr&amp;apos;
" />
    </testcase>
    <testcase time="0.00000000" name="tvalid_long">
      <failure message="/root/.nimble/pkgs/kaitai_struct_nim_runtime-#head/kaitai_struct_nim_runtime.nim(69, 33) Error: expression has no address; maybe use &amp;apos;unsafeAddr&amp;apos;
" />
    </testcase>
    <testcase time="0.00000000" name="tvalid_not_parsed_if">
      <failure message="/root/.nimble/pkgs/kaitai_struct_nim_runtime-#head/kaitai_struct_nim_runtime.nim(69, 33) Error: expression has no address; maybe use &amp;apos;unsafeAddr&amp;apos;
" />
    </testcase>
    <testcase time="0.00000000" name="tvalid_optional_id">
      <failure message="/tests/spec/nim/tvalid_optional_id.nim(4, 26) Error: cannot open file: ../../compiled/nim/valid_optional_id
" />
    </testcase>
    <testcase time="0.00000000" name="tvalid_short">
      <failure message="/root/.nimble/pkgs/kaitai_struct_nim_runtime-#head/kaitai_struct_nim_runtime.nim(69, 33) Error: expression has no address; maybe use &amp;apos;unsafeAddr&amp;apos;
" />
    </testcase>
    <testcase time="0.00000000" name="tvalid_switch">
      <failure message="/root/.nimble/pkgs/kaitai_struct_nim_runtime-#head/kaitai_struct_nim_runtime.nim(69, 33) Error: expression has no address; maybe use &amp;apos;unsafeAddr&amp;apos;
" />
    </testcase>
    <testcase time="0.00000000" name="tyaml_ints">
      <failure message="/root/.nimble/pkgs/kaitai_struct_nim_runtime-#head/kaitai_struct_nim_runtime.nim(69, 33) Error: expression has no address; maybe use &amp;apos;unsafeAddr&amp;apos;
" />
    </testcase>
    <testcase time="0.00000000" name="tzlib_surrounded">
      <failure message="/root/.nimble/pkgs/kaitai_struct_nim_runtime-#head/kaitai_struct_nim_runtime.nim(69, 33) Error: expression has no address; maybe use &amp;apos;unsafeAddr&amp;apos;
" />
    </testcase>
    <testcase time="0.00000000" name="tzlib_with_header_78">
      <failure message="/root/.nimble/pkgs/kaitai_struct_nim_runtime-#head/kaitai_struct_nim_runtime.nim(69, 33) Error: expression has no address; maybe use &amp;apos;unsafeAddr&amp;apos;
" />
    </testcase>
  </testsuite>
</testsuites>