<testsuites><testsuite tests="155" failures="3" errors="65" name="tests">
    <testcase time="0.001798152923583984" name="tbcd_user_type_be" />
    <testcase time="0.001893043518066406" name="tbcd_user_type_le" />
    <testcase time="0.001672029495239258" name="tbits_byte_aligned" />
    <testcase time="0.001645088195800781" name="tbits_enum" />
    <testcase time="0.001788616180419922" name="tbits_simple" />
    <testcase time="0.001549482345581055" name="tbuffered_struct" />
    <testcase time="0.00189208984375" name="tbytes_pad_term" />
    <testcase time="0.00000000" name="tcast_nested"><failure message="compile error" /></testcase>
    <testcase time="0.001679897308349609" name="tcast_to_imported" />
    <testcase time="0.00158381462097168" name="tcast_to_top" />
    <testcase time="0.00000000" name="tdebug_switch_user"><failure message="compile error" /></testcase>
    <testcase time="0.001551628112792969" name="tdefault_big_endian" />
    <testcase time="0.00000000" name="tdefault_endian_expr_inherited"><failure message="compile error" /></testcase>
    <testcase time="0.00000000" name="tdefault_endian_expr_is_be"><failure message="compile error" /></testcase>
    <testcase time="0.00000000" name="tdefault_endian_expr_is_le"><failure message="compile error" /></testcase>
    <testcase time="0.001450538635253906" name="tdefault_endian_mod" />
    <testcase time="0.001468181610107422" name="tdocstrings" />
    <testcase time="0.001650571823120117" name="tdocstrings_docref" />
    <testcase time="0.001487970352172852" name="tdocstrings_docref_multi" />
    <testcase time="0.001492023468017578" name="tenum_0" />
    <testcase time="0.001633405685424805" name="tenum_1" />
    <testcase time="0.001450300216674805" name="tenum_deep" />
    <testcase time="0.00150752067565918" name="tenum_deep_literals" />
    <testcase time="0.001778364181518555" name="tenum_fancy" />
    <testcase time="0.001602888107299805" name="tenum_if" />
    <testcase time="0.00000000" name="tenum_import"><failure message="compile error" /></testcase>
    <testcase time="0.001651525497436523" name="tenum_int_range_s" />
    <testcase time="0.001447439193725586" name="tenum_int_range_u" />
    <testcase time="0.001493692398071289" name="tenum_long_range_s" />
    <testcase time="0.001639366149902344" name="tenum_long_range_u" />
    <testcase time="0.001395225524902344" name="tenum_negative" />
    <testcase time="0.001481771469116211" name="tenum_of_value_inst" />
    <testcase time="0.001466035842895508" name="tenum_to_i" />
    <testcase time="0.00000000" name="tenum_to_i_class_border_1"><failure message="compile error" /></testcase>
    <testcase time="0.001449346542358398" name="texpr_0" />
    <testcase time="0.001486539840698242" name="texpr_1" />
    <testcase time="0.001667499542236328" name="texpr_2" />
    <testcase time="0.001584529876708984" name="texpr_3" />
    <testcase time="0.001608848571777344" name="texpr_array" />
    <testcase time="0.00000000" name="texpr_bits"><failure message="compile error" /></testcase>
    <testcase time="0.001486539840698242" name="texpr_bytes_cmp" />
    <testcase time="0.001498222351074219" name="texpr_bytes_ops" />
    <testcase time="0.001594305038452148" name="texpr_calc_array_ops" />
    <testcase time="0.001532316207885742" name="texpr_enum" />
    <testcase time="0.001432418823242188" name="texpr_io_eof" />
    <testcase time="0.001488447189331055" name="texpr_io_pos"><failure /></testcase>
    <testcase time="0.001463651657104492" name="texpr_mod" />
    <testcase time="0.00000000" name="texpr_ops_parens"><failure message="compile error" /></testcase>
    <testcase time="0.00160670280456543" name="texpr_sizeof_type_0" />
    <testcase time="0.001379966735839844" name="texpr_sizeof_type_1" />
    <testcase time="0.001526355743408203" name="texpr_sizeof_value_0" />
    <testcase time="0.001427888870239258" name="texpr_sizeof_value_sized" />
    <testcase time="0.00000000" name="texpr_str_ops"><failure message="compile error" /></testcase>
    <testcase time="0.001458406448364258" name="tfixed_contents" />
    <testcase time="0.001425981521606445" name="tfixed_struct" />
    <testcase time="0.001466751098632812" name="tfloat_to_i" />
    <testcase time="0.00000000" name="tfloating_points"><failure message="compile error" /></testcase>
    <testcase time="0.001524925231933594" name="thello_world" />
    <testcase time="0.001491785049438477" name="tif_instances"><failure /></testcase>
    <testcase time="0.001416921615600586" name="tif_struct" />
    <testcase time="0.001440525054931641" name="tif_values"><failure /></testcase>
    <testcase time="0.001437664031982422" name="timports0" />
    <testcase time="0.00000000" name="timports_abs"><failure message="compile error" /></testcase>
    <testcase time="0.00000000" name="tindex_sizes"><failure message="compile error" /></testcase>
    <testcase time="0.00000000" name="tindex_to_param_eos"><failure message="compile error" /></testcase>
    <testcase time="0.00000000" name="tindex_to_param_expr"><failure message="compile error" /></testcase>
    <testcase time="0.00000000" name="tindex_to_param_until"><failure message="compile error" /></testcase>
    <testcase time="0.00000000" name="tinstance_io_user"><failure message="compile error" /></testcase>
    <testcase time="0.001372337341308594" name="tinstance_std" />
    <testcase time="0.00000000" name="tinstance_std_array"><failure message="compile error" /></testcase>
    <testcase time="0.00000000" name="tinstance_user_array"><failure message="compile error" /></testcase>
    <testcase time="0.001496553421020508" name="tintegers" />
    <testcase time="0.00000000" name="tintegers_min_max"><failure message="compile error" /></testcase>
    <testcase time="0.00000000" name="tio_local_var"><failure message="compile error" /></testcase>
    <testcase time="0.00000000" name="tjs_signed_right_shift"><failure message="compile error" /></testcase>
    <testcase time="0.001282930374145508" name="tmeta_tags" />
    <testcase time="0.001410007476806641" name="tmeta_xref" />
    <testcase time="0.00136256217956543" name="tmultiple_use" />
    <testcase time="0.001400232315063477" name="tnav_parent" />
    <testcase time="0.00000000" name="tnav_parent2"><failure message="compile error" /></testcase>
    <testcase time="0.00000000" name="tnav_parent3"><failure message="compile error" /></testcase>
    <testcase time="0.001336336135864258" name="tnav_parent_false" />
    <testcase time="0.001417160034179688" name="tnav_parent_false2" />
    <testcase time="0.001492500305175781" name="tnav_parent_override" />
    <testcase time="0.001389026641845703" name="tnav_parent_switch" />
    <testcase time="0.00000000" name="tnav_parent_switch_cast"><failure message="compile error" /></testcase>
    <testcase time="0.001470088958740234" name="tnav_parent_vs_value_inst" />
    <testcase time="0.00000000" name="tnav_root"><failure message="compile error" /></testcase>
    <testcase time="0.001451730728149414" name="tnested_same_name" />
    <testcase time="0.001337766647338867" name="tnested_same_name2" />
    <testcase time="0.001334428787231445" name="tnested_types" />
    <testcase time="0.001378297805786133" name="tnested_types2" />
    <testcase time="0.001466989517211914" name="tnested_types3" />
    <testcase time="0.001371145248413086" name="tnon_standard" />
    <testcase time="0.00000000" name="tparams_call_extra_parens"><failure message="compile error" /></testcase>
    <testcase time="0.00000000" name="tparams_call_short"><failure message="compile error" /></testcase>
    <testcase time="0.00000000" name="tparams_enum"><failure message="compile error" /></testcase>
    <testcase time="0.00000000" name="tparams_pass_usertype"><failure message="compile error" /></testcase>
    <testcase time="0.001607179641723633" name="tposition_abs" />
    <testcase time="0.00000000" name="tposition_in_seq"><failure message="compile error" /></testcase>
    <testcase time="0.001425981521606445" name="tposition_to_end" />
    <testcase time="0.00000000" name="tprocess_coerce_bytes"><failure message="compile error" /></testcase>
    <testcase time="0.00000000" name="tprocess_coerce_switch"><failure message="compile error" /></testcase>
    <testcase time="0.00000000" name="tprocess_coerce_usertype1"><failure message="compile error" /></testcase>
    <testcase time="0.00000000" name="tprocess_coerce_usertype2"><failure message="compile error" /></testcase>
    <testcase time="0.00000000" name="tprocess_custom"><failure message="compile error" /></testcase>
    <testcase time="0.00000000" name="tprocess_custom_no_args"><failure message="compile error" /></testcase>
    <testcase time="0.00000000" name="tprocess_repeat_bytes"><failure message="compile error" /></testcase>
    <testcase time="0.00000000" name="tprocess_repeat_usertype"><failure message="compile error" /></testcase>
    <testcase time="0.00000000" name="tprocess_rotate"><failure message="compile error" /></testcase>
    <testcase time="0.00000000" name="tprocess_to_user"><failure message="compile error" /></testcase>
    <testcase time="0.00000000" name="tprocess_xor4_const"><failure message="compile error" /></testcase>
    <testcase time="0.00000000" name="tprocess_xor4_value"><failure message="compile error" /></testcase>
    <testcase time="0.00000000" name="tprocess_xor_const"><failure message="compile error" /></testcase>
    <testcase time="0.00000000" name="tprocess_xor_value"><failure message="compile error" /></testcase>
    <testcase time="0.001368999481201172" name="trecursive_one" />
    <testcase time="0.00000000" name="trepeat_eos_bit"><failure message="compile error" /></testcase>
    <testcase time="0.00000000" name="trepeat_eos_struct"><failure message="compile error" /></testcase>
    <testcase time="0.00000000" name="trepeat_eos_u4"><failure message="compile error" /></testcase>
    <testcase time="0.001557111740112305" name="trepeat_n_struct" />
    <testcase time="0.001513481140136719" name="trepeat_n_strz" />
    <testcase time="0.001399993896484375" name="trepeat_n_strz_double" />
    <testcase time="0.00000000" name="trepeat_until_complex"><failure message="compile error" /></testcase>
    <testcase time="0.00000000" name="trepeat_until_s4"><failure message="compile error" /></testcase>
    <testcase time="0.00000000" name="trepeat_until_sized"><failure message="compile error" /></testcase>
    <testcase time="0.001482248306274414" name="tstr_combine" />
    <testcase time="0.00491642951965332" name="tstr_encodings" />
    <testcase time="0.001463651657104492" name="tstr_encodings_default" />
    <testcase time="0.001494407653808594" name="tstr_eos" />
    <testcase time="0.00138092041015625" name="tstr_literals2" />
    <testcase time="0.001514911651611328" name="tstr_pad_term" />
    <testcase time="0.00142359733581543" name="tstr_pad_term_empty" />
    <testcase time="0.00000000" name="tswitch_bytearray"><failure message="compile error" /></testcase>
    <testcase time="0.001338005065917969" name="tswitch_else_only" />
    <testcase time="0.00000000" name="tswitch_integers"><failure message="compile error" /></testcase>
    <testcase time="0.00000000" name="tswitch_integers2"><failure message="compile error" /></testcase>
    <testcase time="0.00000000" name="tswitch_manual_enum"><failure message="compile error" /></testcase>
    <testcase time="0.00000000" name="tswitch_manual_enum_invalid"><failure message="compile error" /></testcase>
    <testcase time="0.00000000" name="tswitch_manual_enum_invalid_else"><failure message="compile error" /></testcase>
    <testcase time="0.00000000" name="tswitch_manual_int"><failure message="compile error" /></testcase>
    <testcase time="0.00000000" name="tswitch_manual_int_else"><failure message="compile error" /></testcase>
    <testcase time="0.00000000" name="tswitch_manual_str"><failure message="compile error" /></testcase>
    <testcase time="0.00000000" name="tswitch_manual_str_else"><failure message="compile error" /></testcase>
    <testcase time="0.001391172409057617" name="tterm_bytes" />
    <testcase time="0.001386880874633789" name="tterm_strz" />
    <testcase time="0.001509666442871094" name="tts_packet_header" />
    <testcase time="0.00000000" name="ttype_int_unary_op"><failure message="compile error" /></testcase>
    <testcase time="0.00000000" name="ttype_ternary"><failure message="compile error" /></testcase>
    <testcase time="0.001389265060424805" name="tuser_type" />
    <testcase time="0.001437664031982422" name="tvalid_long" />
    <testcase time="0.001455068588256836" name="tvalid_not_parsed_if" />
    <testcase time="0.001426935195922852" name="tvalid_short" />
    <testcase time="0.00143885612487793" name="tvalid_switch" />
    <testcase time="0.00000000" name="tzlib_surrounded"><failure message="compile error" /></testcase>
    <testcase time="0.00000000" name="tzlib_with_header_78"><failure message="compile error" /></testcase>
  </testsuite></testsuites>