<testsuites><testsuite tests="166" failures="16" errors="19" name="tests">
    <testcase time="0.001880884170532227" name="tbcd_user_type_be" />
    <testcase time="0.001781225204467773" name="tbcd_user_type_le" />
    <testcase time="0.001739740371704102" name="tbits_byte_aligned" />
    <testcase time="0.001755237579345703" name="tbits_enum" />
    <testcase time="0.001722097396850586" name="tbits_simple" />
    <testcase time="0.001796960830688477" name="tbuffered_struct" />
    <testcase time="0.002020359039306641" name="tbytes_pad_term" />
    <testcase time="0.001902103424072266" name="tcast_nested" />
    <testcase time="0.001880645751953125" name="tcast_to_imported" />
    <testcase time="0.00180506706237793" name="tcast_to_top" />
    <testcase time="0.005846738815307617" name="tcombine_bool" />
    <testcase time="0.001893043518066406" name="tcombine_bytes" />
    <testcase time="0.00192570686340332" name="tcombine_str" />
    <testcase time="0.001701116561889648" name="tdebug_switch_user" />
    <testcase time="0.001709699630737305" name="tdefault_big_endian" />
    <testcase time="0.00000000" name="tdefault_endian_expr_inherited"><failure message="/home/travis/build/kaitai-io/ci_targets/tests/spec/nim/tests/tdefault_endian_expr_inherited.nim(7, 35) template/generic instantiation of `fromFile` from here
/home/travis/build/kaitai-io/ci_targets/compiled/nim/default_endian_expr_inherited.nim(52, 29) template/generic instantiation of `read` from here
/home/travis/build/kaitai-io/ci_targets/compiled/nim/default_endian_expr_inherited.nim(49, 49) template/generic instantiation of `read` from here
/home/travis/build/kaitai-io/ci_targets/compiled/nim/default_endian_expr_inherited.nim(63, 53) template/generic instantiation of `read` from here
/home/travis/build/kaitai-io/ci_targets/compiled/nim/default_endian_expr_inherited.nim(85, 19) Error: selector must be of an ordinal type, float or string
" /></testcase>
    <testcase time="0.00000000" name="tdefault_endian_expr_is_be"><failure message="/home/travis/build/kaitai-io/ci_targets/tests/spec/nim/tests/tdefault_endian_expr_is_be.nim(7, 30) template/generic instantiation of `fromFile` from here
/home/travis/build/kaitai-io/ci_targets/compiled/nim/default_endian_expr_is_be.nim(49, 24) template/generic instantiation of `read` from here
/home/travis/build/kaitai-io/ci_targets/compiled/nim/default_endian_expr_is_be.nim(46, 44) template/generic instantiation of `read` from here
/home/travis/build/kaitai-io/ci_targets/compiled/nim/default_endian_expr_is_be.nim(60, 48) template/generic instantiation of `read` from here
/home/travis/build/kaitai-io/ci_targets/compiled/nim/default_endian_expr_is_be.nim(86, 19) Error: selector must be of an ordinal type, float or string
" /></testcase>
    <testcase time="0.00000000" name="tdefault_endian_expr_is_le"><failure message="/home/travis/build/kaitai-io/ci_targets/tests/spec/nim/tests/tdefault_endian_expr_is_le.nim(7, 30) template/generic instantiation of `fromFile` from here
/home/travis/build/kaitai-io/ci_targets/compiled/nim/default_endian_expr_is_le.nim(40, 24) template/generic instantiation of `read` from here
/home/travis/build/kaitai-io/ci_targets/compiled/nim/default_endian_expr_is_le.nim(37, 44) template/generic instantiation of `read` from here
/home/travis/build/kaitai-io/ci_targets/compiled/nim/default_endian_expr_is_le.nim(51, 48) template/generic instantiation of `read` from here
/home/travis/build/kaitai-io/ci_targets/compiled/nim/default_endian_expr_is_le.nim(77, 19) Error: selector must be of an ordinal type, float or string
" /></testcase>
    <testcase time="0.001649141311645508" name="tdefault_endian_mod" />
    <testcase time="0.001792430877685547" name="tdocstrings" />
    <testcase time="0.002012014389038086" name="tdocstrings_docref" />
    <testcase time="0.001865625381469727" name="tdocstrings_docref_multi" />
    <testcase time="0.001745223999023438" name="tenum_0" />
    <testcase time="0.001752376556396484" name="tenum_1" />
    <testcase time="0.001919269561767578" name="tenum_deep" />
    <testcase time="0.001697778701782227" name="tenum_deep_literals" />
    <testcase time="0.001798868179321289" name="tenum_fancy" />
    <testcase time="0.00213623046875" name="tenum_if" />
    <testcase time="0.001941680908203125" name="tenum_import" />
    <testcase time="0.002022027969360352" name="tenum_int_range_s" />
    <testcase time="0.002131938934326172" name="tenum_int_range_u" />
    <testcase time="0.002061605453491211" name="tenum_invalid" />
    <testcase time="0.002138376235961914" name="tenum_long_range_s" />
    <testcase time="0.002221584320068359" name="tenum_long_range_u" />
    <testcase time="0.001754522323608398" name="tenum_negative" />
    <testcase time="0.001675128936767578" name="tenum_of_value_inst" />
    <testcase time="0.001722574234008789" name="tenum_to_i" />
    <testcase time="0.00000000" name="tenum_to_i_class_border_1"><failure message="/home/travis/build/kaitai-io/ci_targets/compiled/nim/enum_to_i_class_border_1.nim(22, 26) Error: undeclared identifier: 'EnumToIClassBorder2'
This might be caused by a recursive module dependency:
/home/travis/build/kaitai-io/ci_targets/compiled/nim/enum_to_i_class_border_2.nim imports /home/travis/build/kaitai-io/ci_targets/compiled/nim/enum_to_i_class_border_1.nim
/home/travis/build/kaitai-io/ci_targets/compiled/nim/enum_to_i_class_border_1.nim imports /home/travis/build/kaitai-io/ci_targets/compiled/nim/enum_to_i_class_border_2.nim
" /></testcase>
    <testcase time="0.001816987991333008" name="texpr_0" />
    <testcase time="0.001824378967285156" name="texpr_1" />
    <testcase time="0.00204920768737793" name="texpr_2" />
    <testcase time="0.001751184463500977" name="texpr_3" />
    <testcase time="0.001943111419677734" name="texpr_array" />
    <testcase time="0.001698732376098633" name="texpr_bits" />
    <testcase time="0.001739025115966797" name="texpr_bytes_cmp" />
    <testcase time="0.00000000" name="texpr_bytes_literal"><failure message="/home/travis/build/kaitai-io/ci_targets/tests/spec/nim/tests/texpr_bytes_literal.nim(4, 29) Error: cannot open file: ../../../compiled/nim/expr_bytes_literal
" /></testcase>
    <testcase time="0.001723289489746094" name="texpr_bytes_ops" />
    <testcase time="0.001739263534545898" name="texpr_calc_array_ops" />
    <testcase time="0.001742124557495117" name="texpr_enum" />
    <testcase time="0.001771926879882812" name="texpr_io_eof" />
    <testcase time="0.001790046691894531" name="texpr_io_pos" />
    <testcase time="0.001688480377197266" name="texpr_mod" />
    <testcase time="0.001783847808837891" name="texpr_ops_parens" />
    <testcase time="0.001873254776000977" name="texpr_sizeof_type_0" />
    <testcase time="0.001765012741088867" name="texpr_sizeof_type_1" />
    <testcase time="0.001873016357421875" name="texpr_sizeof_value_0" />
    <testcase time="0.001746416091918945" name="texpr_sizeof_value_sized" />
    <testcase time="0.001903057098388672" name="texpr_str_ops" />
    <testcase time="0.001719951629638672" name="tfixed_contents" />
    <testcase time="0.001762628555297852" name="tfixed_struct" />
    <testcase time="0.001701831817626953" name="tfloat_to_i" />
    <testcase time="0.00178837776184082" name="tfloating_points" />
    <testcase time="0.001695632934570312" name="thello_world" />
    <testcase time="0.001715660095214844" name="tif_instances" />
    <testcase time="0.001844644546508789" name="tif_struct" />
    <testcase time="0.001869916915893555" name="tif_values" />
    <testcase time="0.001682281494140625" name="timports0" />
    <testcase time="0.00000000" name="timports_abs"><failure message="/home/travis/build/kaitai-io/ci_targets/tests/spec/nim/tests/timports_abs.nim(3, 29) Error: cannot open file: ../../../compiled/nim/vlq_base128_le
" /></testcase>
    <testcase time="0.001880168914794922" name="tindex_sizes" />
    <testcase time="0.00000000" name="tindex_to_param_eos"><failure message="/home/travis/build/kaitai-io/ci_targets/compiled/nim/index_to_param_eos.nim(35, 74) Error: undeclared identifier: 'i'
" /></testcase>
    <testcase time="0.001866340637207031" name="tindex_to_param_expr"><failure message="/home/travis/build/kaitai-io/ci_targets/tests/spec/nim/tests/tindex_to_param_expr.nim(16, 24): Check failed: r.blocks[1].buf == string(&quot;BBBBBBBB&quot;)
r.blocks[1].buf was B
string(&quot;BBBBBBBB&quot;) was BBBBBBBB
/home/travis/build/kaitai-io/ci_targets/tests/spec/nim/tests/tindex_to_param_expr.nim(17, 24): Check failed: r.blocks[2].buf == string(&quot;CCCC&quot;)
r.blocks[2].buf was B
string(&quot;CCCC&quot;) was CCCC
[FAILED] IndexToParamExpr
" /></testcase>
    <testcase time="0.001755952835083008" name="tindex_to_param_until"><failure message="/home/travis/build/kaitai-io/ci_targets/tests/spec/nim/tests/tindex_to_param_until.nim(16, 24): Check failed: r.blocks[1].buf == string(&quot;BBBBBBBB&quot;)
r.blocks[1].buf was B
string(&quot;BBBBBBBB&quot;) was BBBBBBBB
/home/travis/build/kaitai-io/ci_targets/tests/spec/nim/tests/tindex_to_param_until.nim(17, 24): Check failed: r.blocks[2].buf == string(&quot;CCCC&quot;)
r.blocks[2].buf was B
string(&quot;CCCC&quot;) was CCCC
[FAILED] IndexToParamUntil
" /></testcase>
    <testcase time="0.001778364181518555" name="tinstance_io_user" />
    <testcase time="0.001767396926879883" name="tinstance_std" />
    <testcase time="0.001765012741088867" name="tinstance_std_array" />
    <testcase time="0.00000000" name="tinstance_user_array"><failure message="/home/travis/build/kaitai-io/ci_targets/compiled/nim/instance_user_array.nim(41, 15) Error: type mismatch: got &lt;int literal(0), uint32&gt;
but expected one of: 
proc `&lt;`[T: SomeUnsignedInt](x, y: T): bool
  first type mismatch at position: 2
  required type for y: T: SomeUnsignedInt
  but expression 'this.ofs' is of type: uint32
proc `&lt;`(x, y: int16): bool
  first type mismatch at position: 2
  required type for y: int16
  but expression 'this.ofs' is of type: uint32
proc `&lt;`(x, y: float32): bool
  first type mismatch at position: 2
  required type for y: float32
  but expression 'this.ofs' is of type: uint32
proc `&lt;`[T](x: Ordinal[T]): T
  first type mismatch at position: 2
  extra argument given
proc `&lt;`(x, y: int): bool
  first type mismatch at position: 2
  required type for y: int
  but expression 'this.ofs' is of type: uint32
proc `&lt;`(x, y: float): bool
  first type mismatch at position: 2
  required type for y: float
  but expression 'this.ofs' is of type: uint32
proc `&lt;`(x, y: int32): bool
  first type mismatch at position: 2
  required type for y: int32
  but expression 'this.ofs' is of type: uint32
proc `&lt;`(x, y: int64): bool
  first type mismatch at position: 2
  required type for y: int64
  but expression 'this.ofs' is of type: uint32
proc `&lt;`(x, y: int8): bool
  first type mismatch at position: 2
  required type for y: int8
  but expression 'this.ofs' is of type: uint32
10 other mismatching symbols have been suppressed; compile with --showAllMismatches:on to see them

expression: 0 &lt; this.ofs
" /></testcase>
    <testcase time="0.001772880554199219" name="tintegers" />
    <testcase time="0.001861572265625" name="tintegers_min_max" />
    <testcase time="0.00000000" name="tio_local_var"><failure message="/home/travis/build/kaitai-io/ci_targets/tests/spec/nim/tests/tio_local_var.nim(4, 29) Error: cannot open file: ../../../compiled/nim/io_local_var
" /></testcase>
    <testcase time="0.001723527908325195" name="tjs_signed_right_shift" />
    <testcase time="0.001718759536743164" name="tmeta_tags" />
    <testcase time="0.001663923263549805" name="tmeta_xref" />
    <testcase time="0.002011537551879883" name="tmultiple_use" />
    <testcase time="0.001961708068847656" name="tnav_parent" />
    <testcase time="0.001927375793457031" name="tnav_parent2" />
    <testcase time="0.001857995986938477" name="tnav_parent3" />
    <testcase time="0.001744270324707031" name="tnav_parent_false" />
    <testcase time="0.001652717590332031" name="tnav_parent_false2" />
    <testcase time="0.001772642135620117" name="tnav_parent_override" />
    <testcase time="0.001653194427490234" name="tnav_parent_switch" />
    <testcase time="0.00000000" name="tnav_parent_switch_cast"><failure message="/home/travis/build/kaitai-io/ci_targets/tests/spec/nim/tests/tnav_parent_switch_cast.nim(4, 29) Error: cannot open file: ../../../compiled/nim/nav_parent_switch_cast
" /></testcase>
    <testcase time="0.002013444900512695" name="tnav_parent_vs_value_inst" />
    <testcase time="0.001849174499511719" name="tnav_root" />
    <testcase time="0.001692056655883789" name="tnested_same_name" />
    <testcase time="0.001734495162963867" name="tnested_same_name2" />
    <testcase time="0.001699924468994141" name="tnested_type_param"><failure message="/home/travis/build/kaitai-io/ci_targets/tests/spec/nim/tests/tnested_type_param.nim(7) tnested_type_param
/home/travis/build/kaitai-io/ci_targets/compiled/nim/nested_type_param.nim(35) fromFile
/home/travis/build/kaitai-io/ci_targets/compiled/nim/nested_type_param.nim(32) read
/home/travis/build/kaitai-io/ci_targets/compiled/nim/nested_type_param.nim(57) read
/home/travis/.nimble/pkgs/kaitai_struct_nim_runtime-0.1.0/kaitai_struct_nim_runtime.nim(242) readBytes
/opt/Nim-1.0.0/lib/system/fatal.nim(39) sysFatal
Error: unhandled exception: index out of bounds, the container is empty [IndexError]
" /></testcase>
    <testcase time="0.001658439636230469" name="tnested_types" />
    <testcase time="0.00171661376953125" name="tnested_types2" />
    <testcase time="0.00171971321105957" name="tnested_types3" />
    <testcase time="0.001718282699584961" name="tnon_standard" />
    <testcase time="0.001846075057983398" name="tparams_call_extra_parens"><failure message="/home/travis/build/kaitai-io/ci_targets/tests/spec/nim/tests/tparams_call_extra_parens.nim(7) tparams_call_extra_parens
/home/travis/build/kaitai-io/ci_targets/compiled/nim/params_call_extra_parens.nim(32) fromFile
/home/travis/build/kaitai-io/ci_targets/compiled/nim/params_call_extra_parens.nim(29) read
/home/travis/build/kaitai-io/ci_targets/compiled/nim/params_call_extra_parens.nim(42) read
/home/travis/.nimble/pkgs/kaitai_struct_nim_runtime-0.1.0/kaitai_struct_nim_runtime.nim(242) readBytes
/opt/Nim-1.0.0/lib/system/fatal.nim(39) sysFatal
Error: unhandled exception: index out of bounds, the container is empty [IndexError]
" /></testcase>
    <testcase time="0.001821756362915039" name="tparams_call_short"><failure message="/home/travis/build/kaitai-io/ci_targets/tests/spec/nim/tests/tparams_call_short.nim(7) tparams_call_short
/home/travis/build/kaitai-io/ci_targets/compiled/nim/params_call_short.nim(41) fromFile
/home/travis/build/kaitai-io/ci_targets/compiled/nim/params_call_short.nim(37) read
/home/travis/build/kaitai-io/ci_targets/compiled/nim/params_call_short.nim(51) read
/home/travis/.nimble/pkgs/kaitai_struct_nim_runtime-0.1.0/kaitai_struct_nim_runtime.nim(242) readBytes
/opt/Nim-1.0.0/lib/system/fatal.nim(39) sysFatal
Error: unhandled exception: index out of bounds, the container is empty [IndexError]
" /></testcase>
    <testcase time="0.001673221588134766" name="tparams_enum"><failure message="/home/travis/build/kaitai-io/ci_targets/tests/spec/nim/tests/tparams_enum.nim(12, 32): Check failed: r.invokeWithParam.isCat == bool(true)
r.invokeWithParam.isCat was false
bool(true) was true
[FAILED] ParamsEnum
" /></testcase>
    <testcase time="0.001732826232910156" name="tparams_pass_array_int"><failure message="/home/travis/build/kaitai-io/ci_targets/tests/spec/nim/tests/tparams_pass_array_int.nim(11, 29): Check failed: len(r.passInts.nums) == int(3)
len(r.passInts.nums) was 0
int(3) was 3
/opt/Nim-1.0.0/lib/pure/unittest.nim(631) tparams_pass_array_int
/opt/Nim-1.0.0/lib/system/fatal.nim(39) sysFatal

Unhandled exception: index out of bounds, the container is empty [IndexError]
[FAILED] ParamsPassArrayInt
" /></testcase>
    <testcase time="0.001813650131225586" name="tparams_pass_array_str"><failure message="/home/travis/build/kaitai-io/ci_targets/tests/spec/nim/tests/tparams_pass_array_str.nim(11, 33): Check failed: len(r.passStrArray.strs) == int(3)
len(r.passStrArray.strs) was 0
int(3) was 3
/opt/Nim-1.0.0/lib/pure/unittest.nim(631) tparams_pass_array_str
/opt/Nim-1.0.0/lib/system/fatal.nim(39) sysFatal

Unhandled exception: index out of bounds, the container is empty [IndexError]
[FAILED] ParamsPassArrayStr
" /></testcase>
    <testcase time="0.001807928085327148" name="tparams_pass_array_struct"><failure message="/home/travis/build/kaitai-io/ci_targets/tests/spec/nim/tests/tparams_pass_array_struct.nim(11, 35): Check failed: len(r.passStructs.structs) == int(2)
len(r.passStructs.structs) was 0
int(2) was 2
/opt/Nim-1.0.0/lib/pure/unittest.nim(631) tparams_pass_array_struct
/opt/Nim-1.0.0/lib/system/fatal.nim(39) sysFatal

Unhandled exception: index out of bounds, the container is empty [IndexError]
[FAILED] ParamsPassArrayStruct
" /></testcase>
    <testcase time="0.001688241958618164" name="tparams_pass_array_usertype"><failure message="/home/travis/build/kaitai-io/ci_targets/tests/spec/nim/tests/tparams_pass_array_usertype.nim(7) tparams_pass_array_usertype
/home/travis/build/kaitai-io/ci_targets/compiled/nim/params_pass_array_usertype.nim(40) fromFile
/home/travis/build/kaitai-io/ci_targets/compiled/nim/params_pass_array_usertype.nim(37) read
/home/travis/build/kaitai-io/ci_targets/compiled/nim/params_pass_array_usertype.nim(63) read
/opt/Nim-1.0.0/lib/system/fatal.nim(39) sysFatal
Error: unhandled exception: index out of bounds, the container is empty [IndexError]
" /></testcase>
    <testcase time="0.001789569854736328" name="tparams_pass_struct"><failure message="Traceback (most recent call last)
/opt/Nim-1.0.0/lib/pure/unittest.nim(631) tparams_pass_struct
SIGSEGV: Illegal storage access. (Attempt to read from nil?)
" /></testcase>
    <testcase time="0.001730680465698242" name="tparams_pass_usertype"><failure message="Traceback (most recent call last)
/home/travis/build/kaitai-io/ci_targets/tests/spec/nim/tests/tparams_pass_usertype.nim(7) tparams_pass_usertype
/home/travis/build/kaitai-io/ci_targets/compiled/nim/params_pass_usertype.nim(38) fromFile
/home/travis/build/kaitai-io/ci_targets/compiled/nim/params_pass_usertype.nim(35) read
/home/travis/build/kaitai-io/ci_targets/compiled/nim/params_pass_usertype.nim(61) read
SIGSEGV: Illegal storage access. (Attempt to read from nil?)
" /></testcase>
    <testcase time="0.001728534698486328" name="tposition_abs" />
    <testcase time="0.001690387725830078" name="tposition_in_seq" />
    <testcase time="0.001670122146606445" name="tposition_to_end" />
    <testcase time="0.001840829849243164" name="tprocess_coerce_bytes" />
    <testcase time="0.00000000" name="tprocess_coerce_switch"><failure message="/home/travis/build/kaitai-io/ci_targets/tests/spec/nim/tests/tprocess_coerce_switch.nim(4, 29) Error: cannot open file: ../../../compiled/nim/process_coerce_switch
" /></testcase>
    <testcase time="0.001708030700683594" name="tprocess_coerce_usertype1" />
    <testcase time="0.001764059066772461" name="tprocess_coerce_usertype2" />
    <testcase time="0.001662969589233398" name="tprocess_custom"><failure message="/home/travis/build/kaitai-io/ci_targets/tests/spec/nim/tests/tprocess_custom.nim(7) tprocess_custom
/home/travis/build/kaitai-io/ci_targets/compiled/nim/process_custom.nim(41) fromFile
/home/travis/build/kaitai-io/ci_targets/compiled/nim/process_custom.nim(38) read
/home/travis/build/kaitai-io/ci_targets/tests/spec/nim/opaque/my_custom_fx.nim(3) myCustomFx
/opt/Nim-1.0.0/lib/system/fatal.nim(48) sysFatal
Error: unhandled exception: value out of range: -1 [RangeError]
" /></testcase>
    <testcase time="0.00000000" name="tprocess_custom_no_args"><failure message="/home/travis/build/kaitai-io/ci_targets/compiled/nim/process_custom_no_args.nim(3, 35) Error: cannot open file: ../../tests/spec/nim/opaque/custom_fx_no_args
" /></testcase>
    <testcase time="0.001763343811035156" name="tprocess_repeat_bytes" />
    <testcase time="0.001871585845947266" name="tprocess_repeat_usertype"><failure message="/home/travis/build/kaitai-io/ci_targets/tests/spec/nim/tests/tprocess_repeat_usertype.nim(13, 22): Check failed: r.blocks[1].a == int32(279597642)
r.blocks[1].a was -1975704206
int32(279597642) was 279597642
/home/travis/build/kaitai-io/ci_targets/tests/spec/nim/tests/tprocess_repeat_usertype.nim(14, 22): Check failed: r.blocks[1].b == int8(68)
r.blocks[1].b was 20
int8(68) was 68
[FAILED] ProcessRepeatUsertype
" /></testcase>
    <testcase time="0.001700162887573242" name="tprocess_rotate" />
    <testcase time="0.001773834228515625" name="tprocess_to_user" />
    <testcase time="0.001747846603393555" name="tprocess_xor4_const" />
    <testcase time="0.001737117767333984" name="tprocess_xor4_value" />
    <testcase time="0.001756191253662109" name="tprocess_xor_const" />
    <testcase time="0.001669645309448242" name="tprocess_xor_value" />
    <testcase time="0.001729249954223633" name="trecursive_one" />
    <testcase time="0.00167393684387207" name="trepeat_eos_bit"><failure message="/home/travis/build/kaitai-io/ci_targets/tests/spec/nim/tests/trepeat_eos_bit.nim(11, 23): Check failed: len(r.nibbles) == int(16)
len(r.nibbles) was 15
int(16) was 16
[FAILED] RepeatEosBit
" /></testcase>
    <testcase time="0.001815557479858398" name="trepeat_eos_struct" />
    <testcase time="0.001685619354248047" name="trepeat_eos_u4" />
    <testcase time="0.00167083740234375" name="trepeat_n_struct" />
    <testcase time="0.001752138137817383" name="trepeat_n_strz" />
    <testcase time="0.001781463623046875" name="trepeat_n_strz_double" />
    <testcase time="0.00000000" name="trepeat_until_complex"><failure message="/home/travis/build/kaitai-io/ci_targets/tests/spec/nim/tests/trepeat_until_complex.nim(4, 29) Error: cannot open file: ../../../compiled/nim/repeat_until_complex
" /></testcase>
    <testcase time="0.00000000" name="trepeat_until_s4"><failure message="/home/travis/build/kaitai-io/ci_targets/tests/spec/nim/tests/trepeat_until_s4.nim(4, 29) Error: cannot open file: ../../../compiled/nim/repeat_until_s4
" /></testcase>
    <testcase time="0.00000000" name="trepeat_until_sized"><failure message="/home/travis/build/kaitai-io/ci_targets/tests/spec/nim/tests/trepeat_until_sized.nim(4, 29) Error: cannot open file: ../../../compiled/nim/repeat_until_sized
" /></testcase>
    <testcase time="0.007724285125732422" name="tstr_encodings" />
    <testcase time="0.001833200454711914" name="tstr_encodings_default" />
    <testcase time="0.001807212829589844" name="tstr_eos" />
    <testcase time="0.001890897750854492" name="tstr_literals2" />
    <testcase time="0.001819372177124023" name="tstr_pad_term" />
    <testcase time="0.002033233642578125" name="tstr_pad_term_empty" />
    <testcase time="0.00000000" name="tswitch_bytearray"><failure message="/home/travis/build/kaitai-io/ci_targets/tests/spec/nim/tests/tswitch_bytearray.nim(7, 24) template/generic instantiation of `fromFile` from here
/home/travis/build/kaitai-io/ci_targets/compiled/nim/switch_bytearray.nim(41, 18) template/generic instantiation of `read` from here
/home/travis/build/kaitai-io/ci_targets/compiled/nim/switch_bytearray.nim(38, 44) template/generic instantiation of `read` from here
/home/travis/build/kaitai-io/ci_targets/compiled/nim/switch_bytearray.nim(52, 12) Error: selector must be of an ordinal type, float or string
" /></testcase>
    <testcase time="0.001779079437255859" name="tswitch_else_only" />
    <testcase time="0.001767396926879883" name="tswitch_integers" />
    <testcase time="0.00000000" name="tswitch_integers2"><failure message="/home/travis/build/kaitai-io/ci_targets/tests/spec/nim/tests/tswitch_integers2.nim(7, 24) template/generic instantiation of `fromFile` from here
/home/travis/build/kaitai-io/ci_targets/compiled/nim/switch_integers2.nim(53, 18) template/generic instantiation of `read` from here
/home/travis/build/kaitai-io/ci_targets/compiled/nim/switch_integers2.nim(42, 15) Error: type mismatch: got &lt;int literal(3), uint64&gt;
but expected one of: 
proc `&lt;`[T: SomeUnsignedInt](x, y: T): bool
  first type mismatch at position: 2
  required type for y: T: SomeUnsignedInt
  but expression 'result.len' is of type: uint64
proc `&lt;`(x, y: int16): bool
  first type mismatch at position: 2
  required type for y: int16
  but expression 'result.len' is of type: uint64
proc `&lt;`(x, y: float32): bool
  first type mismatch at position: 2
  required type for y: float32
  but expression 'result.len' is of type: uint64
proc `&lt;`[T](x: Ordinal[T]): T
  first type mismatch at position: 2
  extra argument given
proc `&lt;`(x, y: int): bool
  first type mismatch at position: 2
  required type for y: int
  but expression 'result.len' is of type: uint64
proc `&lt;`(x, y: float): bool
  first type mismatch at position: 2
  required type for y: float
  but expression 'result.len' is of type: uint64
proc `&lt;`(x, y: int32): bool
  first type mismatch at position: 2
  required type for y: int32
  but expression 'result.len' is of type: uint64
proc `&lt;`(x, y: int64): bool
  first type mismatch at position: 2
  required type for y: int64
  but expression 'result.len' is of type: uint64
proc `&lt;`(x, y: int8): bool
  first type mismatch at position: 2
  required type for y: int8
  but expression 'result.len' is of type: uint64
9 other mismatching symbols have been suppressed; compile with --showAllMismatches:on to see them

expression: 3 &lt; result.len
" /></testcase>
    <testcase time="0.001792192459106445" name="tswitch_manual_enum" />
    <testcase time="0.001811981201171875" name="tswitch_manual_enum_invalid" />
    <testcase time="0.001839399337768555" name="tswitch_manual_enum_invalid_else" />
    <testcase time="0.001808881759643555" name="tswitch_manual_int" />
    <testcase time="0.00194859504699707" name="tswitch_manual_int_else" />
    <testcase time="0.002053260803222656" name="tswitch_manual_int_size_else"><failure message="/home/travis/build/kaitai-io/ci_targets/tests/spec/nim/tests/tswitch_manual_int_size_else.nim(7) tswitch_manual_int_size_else
/home/travis/build/kaitai-io/ci_targets/compiled/nim/switch_manual_int_size_else.nim(48) fromFile
/home/travis/build/kaitai-io/ci_targets/compiled/nim/switch_manual_int_size_else.nim(45) read
/home/travis/build/kaitai-io/ci_targets/compiled/nim/switch_manual_int_size_else.nim(70) read
/home/travis/.nimble/pkgs/kaitai_struct_nim_runtime-0.1.0/kaitai_struct_nim_runtime.nim(242) readBytes
/opt/Nim-1.0.0/lib/system/fatal.nim(39) sysFatal
Error: unhandled exception: index out of bounds, the container is empty [IndexError]
" /></testcase>
    <testcase time="0.001878738403320312" name="tswitch_manual_str" />
    <testcase time="0.001785993576049805" name="tswitch_manual_str_else" />
    <testcase time="0.001713991165161133" name="tterm_bytes" />
    <testcase time="0.002065420150756836" name="tterm_strz" />
    <testcase time="0.001873016357421875" name="tts_packet_header" />
    <testcase time="0.001690387725830078" name="ttype_int_unary_op" />
    <testcase time="0.001741886138916016" name="ttype_ternary" />
    <testcase time="0.001695156097412109" name="tuser_type" />
    <testcase time="0.001878261566162109" name="tvalid_long" />
    <testcase time="0.001736640930175781" name="tvalid_not_parsed_if" />
    <testcase time="0.001706600189208984" name="tvalid_short" />
    <testcase time="0.001725196838378906" name="tvalid_switch" />
    <testcase time="0.00000000" name="tzlib_surrounded"><failure message="/home/travis/build/kaitai-io/ci_targets/tests/spec/nim/tests/tzlib_surrounded.nim(7, 23) template/generic instantiation of `fromFile` from here
/home/travis/build/kaitai-io/ci_targets/compiled/nim/zlib_surrounded.nim(40, 17) template/generic instantiation of `read` from here
/home/travis/build/kaitai-io/ci_targets/compiled/nim/zlib_surrounded.nim(34, 33) Error: attempting to call undeclared routine: 'processZlib'
" /></testcase>
    <testcase time="0.00000000" name="tzlib_with_header_78"><failure message="/home/travis/build/kaitai-io/ci_targets/tests/spec/nim/tests/tzlib_with_header_78.nim(7, 25) template/generic instantiation of `fromFile` from here
/home/travis/build/kaitai-io/ci_targets/compiled/nim/zlib_with_header_78.nim(29, 19) template/generic instantiation of `read` from here
/home/travis/build/kaitai-io/ci_targets/compiled/nim/zlib_with_header_78.nim(26, 27) Error: attempting to call undeclared routine: 'processZlib'
" /></testcase>
  </testsuite></testsuites>