<testsuites>
  <testsuite tests="187" failures="0" errors="77" name="nim">
    <testcase time="0.00000000" name="tbcd_user_type_be">
      <failure message="/home/travis/build/kaitai-io/ci_targets/compiled/nim/bcd_user_type_be.nim(144, 21) Error: type mismatch: got &lt;int, typeof(nil)&gt;
but expected one of:
proc `==`(x, y: int): bool
  first type mismatch at position: 2
  required type for y: int
  but expression 'nil' is of type: typeof(nil)
proc `==`(x, y: int64): bool
  first type mismatch at position: 2
  required type for y: int64
  but expression 'nil' is of type: typeof(nil)
proc `==`[T: tuple | object](x, y: T): bool
  first type mismatch at position: 2
  required type for y: T: tuple or object
  but expression 'nil' is of type: typeof(nil)
proc `==`[T](a, b: Option[T]): bool
  first type mismatch at position: 2
  required type for b: Option[==.T]
  but expression 'nil' is of type: typeof(nil)
25 other mismatching symbols have been suppressed; compile with --showAllMismatches:on to see them

expression: this.asIntInst == nil
" />
    </testcase>
    <testcase time="0.00000000" name="tbcd_user_type_le">
      <failure message="/home/travis/build/kaitai-io/ci_targets/compiled/nim/bcd_user_type_le.nim(144, 21) Error: type mismatch: got &lt;int, typeof(nil)&gt;
but expected one of:
proc `==`(x, y: int): bool
  first type mismatch at position: 2
  required type for y: int
  but expression 'nil' is of type: typeof(nil)
proc `==`(x, y: int64): bool
  first type mismatch at position: 2
  required type for y: int64
  but expression 'nil' is of type: typeof(nil)
proc `==`[T: tuple | object](x, y: T): bool
  first type mismatch at position: 2
  required type for y: T: tuple or object
  but expression 'nil' is of type: typeof(nil)
proc `==`[T](a, b: Option[T]): bool
  first type mismatch at position: 2
  required type for b: Option[==.T]
  but expression 'nil' is of type: typeof(nil)
25 other mismatching symbols have been suppressed; compile with --showAllMismatches:on to see them

expression: this.asIntInst == nil
" />
    </testcase>
    <testcase time="0.00000000" name="tbits_byte_aligned">
      <failure message="/home/travis/build/kaitai-io/ci_targets/tests/spec/nim/tbits_byte_aligned.nim(15, 22) Error: number out of range: '1'u8'
" />
    </testcase>
    <testcase time="0.001589775085449219" name="tbits_enum" />
    <testcase time="0.00151371955871582" name="tbits_seq_endian_combo" />
    <testcase time="0.001413345336914062" name="tbits_signed_b32_le" />
    <testcase time="0.001459836959838867" name="tbits_signed_b64_le" />
    <testcase time="0.00000000" name="tbits_simple">
      <failure message="/home/travis/build/kaitai-io/ci_targets/compiled/nim/bits_simple.nim(63, 24) Error: type mismatch: got &lt;int8, typeof(nil)&gt;
but expected one of:
proc `==`(x, y: int): bool
  first type mismatch at position: 2
  required type for y: int
  but expression 'nil' is of type: typeof(nil)
proc `==`(x, y: int16): bool
  first type mismatch at position: 2
  required type for y: int16
  but expression 'nil' is of type: typeof(nil)
proc `==`(x, y: int32): bool
  first type mismatch at position: 2
  required type for y: int32
  but expression 'nil' is of type: typeof(nil)
proc `==`(x, y: int64): bool
  first type mismatch at position: 2
  required type for y: int64
  but expression 'nil' is of type: typeof(nil)
proc `==`(x, y: int8): bool
  first type mismatch at position: 2
  required type for y: int8
  but expression 'nil' is of type: typeof(nil)
proc `==`[T: tuple | object](x, y: T): bool
  first type mismatch at position: 2
  required type for y: T: tuple or object
  but expression 'nil' is of type: typeof(nil)
proc `==`[T](a, b: Option[T]): bool
  first type mismatch at position: 2
  required type for b: Option[==.T]
  but expression 'nil' is of type: typeof(nil)
22 other mismatching symbols have been suppressed; compile with --showAllMismatches:on to see them

expression: this.testIfB1Inst == nil
" />
    </testcase>
    <testcase time="0.00000000" name="tbits_simple_le">
      <failure message="/home/travis/build/kaitai-io/ci_targets/compiled/nim/bits_simple_le.nim(63, 24) Error: type mismatch: got &lt;int8, typeof(nil)&gt;
but expected one of:
proc `==`(x, y: int): bool
  first type mismatch at position: 2
  required type for y: int
  but expression 'nil' is of type: typeof(nil)
proc `==`(x, y: int16): bool
  first type mismatch at position: 2
  required type for y: int16
  but expression 'nil' is of type: typeof(nil)
proc `==`(x, y: int32): bool
  first type mismatch at position: 2
  required type for y: int32
  but expression 'nil' is of type: typeof(nil)
proc `==`(x, y: int64): bool
  first type mismatch at position: 2
  required type for y: int64
  but expression 'nil' is of type: typeof(nil)
proc `==`(x, y: int8): bool
  first type mismatch at position: 2
  required type for y: int8
  but expression 'nil' is of type: typeof(nil)
proc `==`[T: tuple | object](x, y: T): bool
  first type mismatch at position: 2
  required type for y: T: tuple or object
  but expression 'nil' is of type: typeof(nil)
proc `==`[T](a, b: Option[T]): bool
  first type mismatch at position: 2
  required type for b: Option[==.T]
  but expression 'nil' is of type: typeof(nil)
22 other mismatching symbols have been suppressed; compile with --showAllMismatches:on to see them

expression: this.testIfB1Inst == nil
" />
    </testcase>
    <testcase time="0.001420259475708008" name="tbuffered_struct" />
    <testcase time="0.001373767852783203" name="tbytes_pad_term" />
    <testcase time="0.00000000" name="tcast_nested">
      <failure message="/home/travis/build/kaitai-io/ci_targets/compiled/nim/cast_nested.nim(73, 32) Error: type mismatch: got &lt;uint8, typeof(nil)&gt;
but expected one of:
proc `==`(x, y: uint): bool
  first type mismatch at position: 2
  required type for y: uint
  but expression 'nil' is of type: typeof(nil)
proc `==`(x, y: uint16): bool
  first type mismatch at position: 2
  required type for y: uint16
  but expression 'nil' is of type: typeof(nil)
proc `==`(x, y: uint32): bool
  first type mismatch at position: 2
  required type for y: uint32
  but expression 'nil' is of type: typeof(nil)
proc `==`(x, y: uint64): bool
  first type mismatch at position: 2
  required type for y: uint64
  but expression 'nil' is of type: typeof(nil)
proc `==`(x, y: uint8): bool
  first type mismatch at position: 2
  required type for y: uint8
  but expression 'nil' is of type: typeof(nil)
proc `==`[T: tuple | object](x, y: T): bool
  first type mismatch at position: 2
  required type for y: T: tuple or object
  but expression 'nil' is of type: typeof(nil)
proc `==`[T](a, b: Option[T]): bool
  first type mismatch at position: 2
  required type for b: Option[==.T]
  but expression 'nil' is of type: typeof(nil)
22 other mismatching symbols have been suppressed; compile with --showAllMismatches:on to see them

expression: this.opcodes1IntValueInst == nil
" />
    </testcase>
    <testcase time="0.00147700309753418" name="tcast_to_imported" />
    <testcase time="0.001364231109619141" name="tcast_to_top" />
    <testcase time="0.00000000" name="tcombine_bool">
      <failure message="/home/travis/build/kaitai-io/ci_targets/compiled/nim/combine_bool.nim(28, 24) Error: type mismatch: got &lt;bool, typeof(nil)&gt;
but expected one of:
proc `==`(x, y: bool): bool
  first type mismatch at position: 2
  required type for y: bool
  but expression 'nil' is of type: typeof(nil)
proc `==`[T: tuple | object](x, y: T): bool
  first type mismatch at position: 2
  required type for y: T: tuple or object
  but expression 'nil' is of type: typeof(nil)
proc `==`[T](a, b: Option[T]): bool
  first type mismatch at position: 2
  required type for b: Option[==.T]
  but expression 'nil' is of type: typeof(nil)
26 other mismatching symbols have been suppressed; compile with --showAllMismatches:on to see them

expression: this.boolCalcInst == nil
" />
    </testcase>
    <testcase time="0.001609563827514648" name="tcombine_bytes" />
    <testcase time="0.00000000" name="tcombine_enum">
      <failure message="/home/travis/build/kaitai-io/ci_targets/compiled/nim/combine_enum.nim(32, 24) Error: type mismatch: got &lt;CombineEnum_Animal, typeof(nil)&gt;
but expected one of:
proc `==`[Enum: enum](x, y: Enum): bool
  first type mismatch at position: 2
  required type for y: Enum: enum
  but expression 'nil' is of type: typeof(nil)
proc `==`[T: tuple | object](x, y: T): bool
  first type mismatch at position: 2
  required type for y: T: tuple or object
  but expression 'nil' is of type: typeof(nil)
proc `==`[T](a, b: Option[T]): bool
  first type mismatch at position: 2
  required type for b: Option[==.T]
  but expression 'nil' is of type: typeof(nil)
26 other mismatching symbols have been suppressed; compile with --showAllMismatches:on to see them

expression: this.enumU4U2Inst == nil
" />
    </testcase>
    <testcase time="0.001549720764160156" name="tcombine_str" />
    <testcase time="0.001504421234130859" name="tdebug_switch_user" />
    <testcase time="0.001419544219970703" name="tdefault_big_endian" />
    <testcase time="0.001469612121582031" name="tdefault_bit_endian_mod" />
    <testcase time="0.00000000" name="tdefault_endian_expr_inherited">
      <failure message="/home/travis/build/kaitai-io/ci_targets/compiled/nim/default_endian_expr_inherited.nim(168, 24) Error: type mismatch: got &lt;uint32, typeof(nil)&gt;
but expected one of:
proc `==`(x, y: uint): bool
  first type mismatch at position: 2
  required type for y: uint
  but expression 'nil' is of type: typeof(nil)
proc `==`(x, y: uint32): bool
  first type mismatch at position: 2
  required type for y: uint32
  but expression 'nil' is of type: typeof(nil)
proc `==`(x, y: uint64): bool
  first type mismatch at position: 2
  required type for y: uint64
  but expression 'nil' is of type: typeof(nil)
proc `==`[T: tuple | object](x, y: T): bool
  first type mismatch at position: 2
  required type for y: T: tuple or object
  but expression 'nil' is of type: typeof(nil)
proc `==`[T](a, b: Option[T]): bool
  first type mismatch at position: 2
  required type for b: Option[==.T]
  but expression 'nil' is of type: typeof(nil)
24 other mismatching symbols have been suppressed; compile with --showAllMismatches:on to see them

expression: this.someInstInst == nil
" />
    </testcase>
    <testcase time="0.00000000" name="tdefault_endian_expr_is_be">
      <failure message="/home/travis/build/kaitai-io/ci_targets/compiled/nim/default_endian_expr_is_be.nim(109, 23) Error: type mismatch: got &lt;uint32, typeof(nil)&gt;
but expected one of:
proc `==`(x, y: uint): bool
  first type mismatch at position: 2
  required type for y: uint
  but expression 'nil' is of type: typeof(nil)
proc `==`(x, y: uint32): bool
  first type mismatch at position: 2
  required type for y: uint32
  but expression 'nil' is of type: typeof(nil)
proc `==`(x, y: uint64): bool
  first type mismatch at position: 2
  required type for y: uint64
  but expression 'nil' is of type: typeof(nil)
proc `==`[T: tuple | object](x, y: T): bool
  first type mismatch at position: 2
  required type for y: T: tuple or object
  but expression 'nil' is of type: typeof(nil)
proc `==`[T](a, b: Option[T]): bool
  first type mismatch at position: 2
  required type for b: Option[==.T]
  but expression 'nil' is of type: typeof(nil)
24 other mismatching symbols have been suppressed; compile with --showAllMismatches:on to see them

expression: this.instIntInst == nil
" />
    </testcase>
    <testcase time="0.001427173614501953" name="tdefault_endian_expr_is_le" />
    <testcase time="0.001344442367553711" name="tdefault_endian_mod" />
    <testcase time="0.00000000" name="tdocstrings">
      <failure message="/home/travis/build/kaitai-io/ci_targets/compiled/nim/docstrings.nim(43, 19) Error: type mismatch: got &lt;uint8, typeof(nil)&gt;
but expected one of:
proc `==`(x, y: uint): bool
  first type mismatch at position: 2
  required type for y: uint
  but expression 'nil' is of type: typeof(nil)
proc `==`(x, y: uint16): bool
  first type mismatch at position: 2
  required type for y: uint16
  but expression 'nil' is of type: typeof(nil)
proc `==`(x, y: uint32): bool
  first type mismatch at position: 2
  required type for y: uint32
  but expression 'nil' is of type: typeof(nil)
proc `==`(x, y: uint64): bool
  first type mismatch at position: 2
  required type for y: uint64
  but expression 'nil' is of type: typeof(nil)
proc `==`(x, y: uint8): bool
  first type mismatch at position: 2
  required type for y: uint8
  but expression 'nil' is of type: typeof(nil)
proc `==`[T: tuple | object](x, y: T): bool
  first type mismatch at position: 2
  required type for y: T: tuple or object
  but expression 'nil' is of type: typeof(nil)
proc `==`[T](a, b: Option[T]): bool
  first type mismatch at position: 2
  required type for b: Option[==.T]
  but expression 'nil' is of type: typeof(nil)
22 other mismatching symbols have been suppressed; compile with --showAllMismatches:on to see them

expression: this.twoInst == nil
" />
    </testcase>
    <testcase time="0.00000000" name="tdocstrings_docref">
      <failure message="/home/travis/build/kaitai-io/ci_targets/compiled/nim/docstrings_docref.nim(56, 19) Error: type mismatch: got &lt;bool, typeof(nil)&gt;
but expected one of:
proc `==`(x, y: bool): bool
  first type mismatch at position: 2
  required type for y: bool
  but expression 'nil' is of type: typeof(nil)
proc `==`[T: tuple | object](x, y: T): bool
  first type mismatch at position: 2
  required type for y: T: tuple or object
  but expression 'nil' is of type: typeof(nil)
proc `==`[T](a, b: Option[T]): bool
  first type mismatch at position: 2
  required type for b: Option[==.T]
  but expression 'nil' is of type: typeof(nil)
26 other mismatching symbols have been suppressed; compile with --showAllMismatches:on to see them

expression: this.fooInst == nil
" />
    </testcase>
    <testcase time="0.001325845718383789" name="tdocstrings_docref_multi" />
    <testcase time="0.001458883285522461" name="tenum_0" />
    <testcase time="0.001440048217773438" name="tenum_1" />
    <testcase time="0.001507997512817383" name="tenum_deep" />
    <testcase time="0.00000000" name="tenum_deep_literals">
      <failure message="/home/travis/build/kaitai-io/ci_targets/compiled/nim/enum_deep_literals.nim(45, 24) Error: type mismatch: got &lt;bool, typeof(nil)&gt;
but expected one of:
proc `==`(x, y: bool): bool
  first type mismatch at position: 2
  required type for y: bool
  but expression 'nil' is of type: typeof(nil)
proc `==`[T: tuple | object](x, y: T): bool
  first type mismatch at position: 2
  required type for y: T: tuple or object
  but expression 'nil' is of type: typeof(nil)
proc `==`[T](a, b: Option[T]): bool
  first type mismatch at position: 2
  required type for b: Option[==.T]
  but expression 'nil' is of type: typeof(nil)
26 other mismatching symbols have been suppressed; compile with --showAllMismatches:on to see them

expression: this.isPet1OkInst == nil
" />
    </testcase>
    <testcase time="0.00152897834777832" name="tenum_fancy" />
    <testcase time="0.001596450805664062" name="tenum_if" />
    <testcase time="0.001322746276855469" name="tenum_import" />
    <testcase time="0.001436233520507812" name="tenum_int_range_s" />
    <testcase time="0.001433610916137695" name="tenum_int_range_u" />
    <testcase time="0.001400232315063477" name="tenum_invalid" />
    <testcase time="0.00000000" name="tenum_long_range_s">
      <failure message="fatal.nim(53)            sysFatal
Error: unhandled exception: over- or underflow [OverflowDefect]
" />
    </testcase>
    <testcase time="0.00000000" name="tenum_long_range_u">
      <failure message="fatal.nim(53)            sysFatal
Error: unhandled exception: over- or underflow [OverflowDefect]
" />
    </testcase>
    <testcase time="0.001446962356567383" name="tenum_negative" />
    <testcase time="0.00000000" name="tenum_of_value_inst">
      <failure message="/home/travis/build/kaitai-io/ci_targets/compiled/nim/enum_of_value_inst.nim(35, 20) Error: type mismatch: got &lt;EnumOfValueInst_Animal, typeof(nil)&gt;
but expected one of:
proc `==`[Enum: enum](x, y: Enum): bool
  first type mismatch at position: 2
  required type for y: Enum: enum
  but expression 'nil' is of type: typeof(nil)
proc `==`[T: tuple | object](x, y: T): bool
  first type mismatch at position: 2
  required type for y: T: tuple or object
  but expression 'nil' is of type: typeof(nil)
proc `==`[T](a, b: Option[T]): bool
  first type mismatch at position: 2
  required type for b: Option[==.T]
  but expression 'nil' is of type: typeof(nil)
26 other mismatching symbols have been suppressed; compile with --showAllMismatches:on to see them

expression: this.pet3Inst == nil
" />
    </testcase>
    <testcase time="0.00000000" name="tenum_to_i">
      <failure message="/home/travis/build/kaitai-io/ci_targets/compiled/nim/enum_to_i.nim(41, 21) Error: type mismatch: got &lt;int, typeof(nil)&gt;
but expected one of:
proc `==`(x, y: int): bool
  first type mismatch at position: 2
  required type for y: int
  but expression 'nil' is of type: typeof(nil)
proc `==`(x, y: int64): bool
  first type mismatch at position: 2
  required type for y: int64
  but expression 'nil' is of type: typeof(nil)
proc `==`[T: tuple | object](x, y: T): bool
  first type mismatch at position: 2
  required type for y: T: tuple or object
  but expression 'nil' is of type: typeof(nil)
proc `==`[T](a, b: Option[T]): bool
  first type mismatch at position: 2
  required type for b: Option[==.T]
  but expression 'nil' is of type: typeof(nil)
25 other mismatching symbols have been suppressed; compile with --showAllMismatches:on to see them

expression: this.pet1IInst == nil
" />
    </testcase>
    <testcase time="0.00000000" name="tenum_to_i_class_border_1">
      <failure message="/home/travis/build/kaitai-io/ci_targets/compiled/nim/enum_to_i_class_border_1.nim(12, 21) Error: undeclared identifier: 'EnumToIClassBorder2'
candidates (edit distance, scope distance); see '--spellSuggest': 
 (1, 0): 'EnumToIClassBorder1' [type declared in /home/travis/build/kaitai-io/ci_targets/compiled/nim/enum_to_i_class_border_1.nim(7, 3)]
 (1, 0): 'enum_to_i_class_border_2' [module declared in /home/travis/build/kaitai-io/ci_targets/compiled/nim/enum_to_i_class_border_1.nim(5, 8)]
This might be caused by a recursive module dependency:
/home/travis/build/kaitai-io/ci_targets/compiled/nim/enum_to_i_class_border_2.nim imports /home/travis/build/kaitai-io/ci_targets/compiled/nim/enum_to_i_class_border_1.nim
/home/travis/build/kaitai-io/ci_targets/compiled/nim/enum_to_i_class_border_1.nim imports /home/travis/build/kaitai-io/ci_targets/compiled/nim/enum_to_i_class_border_2.nim
" />
    </testcase>
    <testcase time="0.00000000" name="texpr_0">
      <failure message="/home/travis/build/kaitai-io/ci_targets/compiled/nim/expr_0.nim(28, 24) Error: type mismatch: got &lt;int, typeof(nil)&gt;
but expected one of:
proc `==`(x, y: int): bool
  first type mismatch at position: 2
  required type for y: int
  but expression 'nil' is of type: typeof(nil)
proc `==`(x, y: int64): bool
  first type mismatch at position: 2
  required type for y: int64
  but expression 'nil' is of type: typeof(nil)
proc `==`[T: tuple | object](x, y: T): bool
  first type mismatch at position: 2
  required type for y: T: tuple or object
  but expression 'nil' is of type: typeof(nil)
proc `==`[T](a, b: Option[T]): bool
  first type mismatch at position: 2
  required type for b: Option[==.T]
  but expression 'nil' is of type: typeof(nil)
25 other mismatching symbols have been suppressed; compile with --showAllMismatches:on to see them

expression: this.mustBeF7Inst == nil
" />
    </testcase>
    <testcase time="0.00000000" name="texpr_1">
      <failure message="/home/travis/build/kaitai-io/ci_targets/compiled/nim/expr_1.nim(31, 25) Error: type mismatch: got &lt;int, typeof(nil)&gt;
but expected one of:
proc `==`(x, y: int): bool
  first type mismatch at position: 2
  required type for y: int
  but expression 'nil' is of type: typeof(nil)
proc `==`(x, y: int64): bool
  first type mismatch at position: 2
  required type for y: int64
  but expression 'nil' is of type: typeof(nil)
proc `==`[T: tuple | object](x, y: T): bool
  first type mismatch at position: 2
  required type for y: T: tuple or object
  but expression 'nil' is of type: typeof(nil)
proc `==`[T](a, b: Option[T]): bool
  first type mismatch at position: 2
  required type for b: Option[==.T]
  but expression 'nil' is of type: typeof(nil)
25 other mismatching symbols have been suppressed; compile with --showAllMismatches:on to see them

expression: this.lenOf1ModInst == nil
" />
    </testcase>
    <testcase time="0.00000000" name="texpr_2">
      <failure message="/home/travis/build/kaitai-io/ci_targets/compiled/nim/expr_2.nim(62, 26) Error: type mismatch: got &lt;int, typeof(nil)&gt;
but expected one of:
proc `==`(x, y: int): bool
  first type mismatch at position: 2
  required type for y: int
  but expression 'nil' is of type: typeof(nil)
proc `==`(x, y: int64): bool
  first type mismatch at position: 2
  required type for y: int64
  but expression 'nil' is of type: typeof(nil)
proc `==`[T: tuple | object](x, y: T): bool
  first type mismatch at position: 2
  required type for y: T: tuple or object
  but expression 'nil' is of type: typeof(nil)
proc `==`[T](a, b: Option[T]): bool
  first type mismatch at position: 2
  required type for b: Option[==.T]
  but expression 'nil' is of type: typeof(nil)
25 other mismatching symbols have been suppressed; compile with --showAllMismatches:on to see them

expression: this.str1LenModInst == nil
" />
    </testcase>
    <testcase time="0.00000000" name="texpr_3">
      <failure message="/home/travis/build/kaitai-io/ci_targets/compiled/nim/expr_3.nim(55, 23) Error: type mismatch: got &lt;bool, typeof(nil)&gt;
but expected one of:
proc `==`(x, y: bool): bool
  first type mismatch at position: 2
  required type for y: bool
  but expression 'nil' is of type: typeof(nil)
proc `==`[T: tuple | object](x, y: T): bool
  first type mismatch at position: 2
  required type for y: T: tuple or object
  but expression 'nil' is of type: typeof(nil)
proc `==`[T](a, b: Option[T]): bool
  first type mismatch at position: 2
  required type for b: Option[==.T]
  but expression 'nil' is of type: typeof(nil)
26 other mismatching symbols have been suppressed; compile with --showAllMismatches:on to see them

expression: this.isStrGeInst == nil
" />
    </testcase>
    <testcase time="0.00000000" name="texpr_array">
      <failure message="/home/travis/build/kaitai-io/ci_targets/compiled/nim/expr_array.nim(63, 25) Error: type mismatch: got &lt;uint32, typeof(nil)&gt;
but expected one of:
proc `==`(x, y: uint): bool
  first type mismatch at position: 2
  required type for y: uint
  but expression 'nil' is of type: typeof(nil)
proc `==`(x, y: uint32): bool
  first type mismatch at position: 2
  required type for y: uint32
  but expression 'nil' is of type: typeof(nil)
proc `==`(x, y: uint64): bool
  first type mismatch at position: 2
  required type for y: uint64
  but expression 'nil' is of type: typeof(nil)
proc `==`[T: tuple | object](x, y: T): bool
  first type mismatch at position: 2
  required type for y: T: tuple or object
  but expression 'nil' is of type: typeof(nil)
proc `==`[T](a, b: Option[T]): bool
  first type mismatch at position: 2
  required type for b: Option[==.T]
  but expression 'nil' is of type: typeof(nil)
24 other mismatching symbols have been suppressed; compile with --showAllMismatches:on to see them

expression: this.aintFirstInst == nil
" />
    </testcase>
    <testcase time="0.00000000" name="texpr_bits">
      <failure message="/home/travis/build/kaitai-io/ci_targets/compiled/nim/expr_bits.nim(56, 24) Error: type mismatch: got &lt;ExprBits_Items, typeof(nil)&gt;
but expected one of:
proc `==`[Enum: enum](x, y: Enum): bool
  first type mismatch at position: 2
  required type for y: Enum: enum
  but expression 'nil' is of type: typeof(nil)
proc `==`[T: tuple | object](x, y: T): bool
  first type mismatch at position: 2
  required type for y: T: tuple or object
  but expression 'nil' is of type: typeof(nil)
proc `==`[T](a, b: Option[T]): bool
  first type mismatch at position: 2
  required type for b: Option[==.T]
  but expression 'nil' is of type: typeof(nil)
26 other mismatching symbols have been suppressed; compile with --showAllMismatches:on to see them

expression: this.enumInstInst == nil
" />
    </testcase>
    <testcase time="0.00000000" name="texpr_bytes_cmp">
      <failure message="/home/travis/build/kaitai-io/ci_targets/compiled/nim/expr_bytes_cmp.nim(49, 20) Error: type mismatch: got &lt;bool, typeof(nil)&gt;
but expected one of:
proc `==`(x, y: bool): bool
  first type mismatch at position: 2
  required type for y: bool
  but expression 'nil' is of type: typeof(nil)
proc `==`[T: tuple | object](x, y: T): bool
  first type mismatch at position: 2
  required type for y: T: tuple or object
  but expression 'nil' is of type: typeof(nil)
proc `==`[T](a, b: Option[T]): bool
  first type mismatch at position: 2
  required type for b: Option[==.T]
  but expression 'nil' is of type: typeof(nil)
26 other mismatching symbols have been suppressed; compile with --showAllMismatches:on to see them

expression: this.isLeInst == nil
" />
    </testcase>
    <testcase time="0.00000000" name="texpr_bytes_literal">
      <failure message="/home/travis/build/kaitai-io/ci_targets/tests/spec/nim/texpr_bytes_literal.nim(4, 26) Error: cannot open file: ../../compiled/nim/expr_bytes_literal
" />
    </testcase>
    <testcase time="0.00000000" name="texpr_bytes_ops">
      <failure message="/home/travis/build/kaitai-io/ci_targets/compiled/nim/expr_bytes_ops.nim(50, 23) Error: type mismatch: got &lt;uint8, typeof(nil)&gt;
but expected one of:
proc `==`(x, y: uint): bool
  first type mismatch at position: 2
  required type for y: uint
  but expression 'nil' is of type: typeof(nil)
proc `==`(x, y: uint16): bool
  first type mismatch at position: 2
  required type for y: uint16
  but expression 'nil' is of type: typeof(nil)
proc `==`(x, y: uint32): bool
  first type mismatch at position: 2
  required type for y: uint32
  but expression 'nil' is of type: typeof(nil)
proc `==`(x, y: uint64): bool
  first type mismatch at position: 2
  required type for y: uint64
  but expression 'nil' is of type: typeof(nil)
proc `==`(x, y: uint8): bool
  first type mismatch at position: 2
  required type for y: uint8
  but expression 'nil' is of type: typeof(nil)
proc `==`[T: tuple | object](x, y: T): bool
  first type mismatch at position: 2
  required type for y: T: tuple or object
  but expression 'nil' is of type: typeof(nil)
proc `==`[T](a, b: Option[T]): bool
  first type mismatch at position: 2
  required type for b: Option[==.T]
  but expression 'nil' is of type: typeof(nil)
22 other mismatching symbols have been suppressed; compile with --showAllMismatches:on to see them

expression: this.twoLastInst == nil
" />
    </testcase>
    <testcase time="0.00000000" name="texpr_calc_array_ops">
      <failure message="/home/travis/build/kaitai-io/ci_targets/compiled/nim/expr_calc_array_ops.nim(71, 28) Error: type mismatch: got &lt;int, typeof(nil)&gt;
but expected one of:
proc `==`(x, y: int): bool
  first type mismatch at position: 2
  required type for y: int
  but expression 'nil' is of type: typeof(nil)
proc `==`(x, y: int64): bool
  first type mismatch at position: 2
  required type for y: int64
  but expression 'nil' is of type: typeof(nil)
proc `==`[T: tuple | object](x, y: T): bool
  first type mismatch at position: 2
  required type for y: T: tuple or object
  but expression 'nil' is of type: typeof(nil)
proc `==`[T](a, b: Option[T]): bool
  first type mismatch at position: 2
  required type for b: Option[==.T]
  but expression 'nil' is of type: typeof(nil)
25 other mismatching symbols have been suppressed; compile with --showAllMismatches:on to see them

expression: this.intArraySizeInst == nil
" />
    </testcase>
    <testcase time="0.00000000" name="texpr_enum">
      <failure message="/home/travis/build/kaitai-io/ci_targets/compiled/nim/expr_enum.nim(35, 24) Error: type mismatch: got &lt;ExprEnum_Animal, typeof(nil)&gt;
but expected one of:
proc `==`[Enum: enum](x, y: Enum): bool
  first type mismatch at position: 2
  required type for y: Enum: enum
  but expression 'nil' is of type: typeof(nil)
proc `==`[T: tuple | object](x, y: T): bool
  first type mismatch at position: 2
  required type for y: T: tuple or object
  but expression 'nil' is of type: typeof(nil)
proc `==`[T](a, b: Option[T]): bool
  first type mismatch at position: 2
  required type for b: Option[==.T]
  but expression 'nil' is of type: typeof(nil)
26 other mismatching symbols have been suppressed; compile with --showAllMismatches:on to see them

expression: this.constDogInst == nil
" />
    </testcase>
    <testcase time="0.00000000" name="texpr_if_int_ops">
      <failure message="/home/travis/build/kaitai-io/ci_targets/compiled/nim/expr_if_int_ops.nim(36, 24) Error: type mismatch: got &lt;bool, typeof(nil)&gt;
but expected one of:
proc `==`(x, y: bool): bool
  first type mismatch at position: 2
  required type for y: bool
  but expression 'nil' is of type: typeof(nil)
proc `==`[T: tuple | object](x, y: T): bool
  first type mismatch at position: 2
  required type for y: T: tuple or object
  but expression 'nil' is of type: typeof(nil)
proc `==`[T](a, b: Option[T]): bool
  first type mismatch at position: 2
  required type for b: Option[==.T]
  but expression 'nil' is of type: typeof(nil)
26 other mismatching symbols have been suppressed; compile with --showAllMismatches:on to see them

expression: this.isEqPrimInst == nil
" />
    </testcase>
    <testcase time="0.00000000" name="texpr_int_div">
      <failure message="/home/travis/build/kaitai-io/ci_targets/compiled/nim/expr_int_div.nim(35, 27) Error: type mismatch: got &lt;int, typeof(nil)&gt;
but expected one of:
proc `==`(x, y: int): bool
  first type mismatch at position: 2
  required type for y: int
  but expression 'nil' is of type: typeof(nil)
proc `==`(x, y: int64): bool
  first type mismatch at position: 2
  required type for y: int64
  but expression 'nil' is of type: typeof(nil)
proc `==`[T: tuple | object](x, y: T): bool
  first type mismatch at position: 2
  required type for y: T: tuple or object
  but expression 'nil' is of type: typeof(nil)
proc `==`[T](a, b: Option[T]): bool
  first type mismatch at position: 2
  required type for b: Option[==.T]
  but expression 'nil' is of type: typeof(nil)
25 other mismatching symbols have been suppressed; compile with --showAllMismatches:on to see them

expression: this.divPosConstInst == nil
" />
    </testcase>
    <testcase time="0.00000000" name="texpr_io_eof">
      <failure message="/home/travis/build/kaitai-io/ci_targets/compiled/nim/expr_io_eof.nim(59, 26) Error: type mismatch: got &lt;bool, typeof(nil)&gt;
but expected one of:
proc `==`(x, y: bool): bool
  first type mismatch at position: 2
  required type for y: bool
  but expression 'nil' is of type: typeof(nil)
proc `==`[T: tuple | object](x, y: T): bool
  first type mismatch at position: 2
  required type for y: T: tuple or object
  but expression 'nil' is of type: typeof(nil)
proc `==`[T](a, b: Option[T]): bool
  first type mismatch at position: 2
  required type for b: Option[==.T]
  but expression 'nil' is of type: typeof(nil)
26 other mismatching symbols have been suppressed; compile with --showAllMismatches:on to see them

expression: this.reflectEofInst == nil
" />
    </testcase>
    <testcase time="0.001523017883300781" name="texpr_io_pos" />
    <testcase time="0.00000000" name="texpr_mod">
      <failure message="/home/travis/build/kaitai-io/ci_targets/compiled/nim/expr_mod.nim(35, 27) Error: type mismatch: got &lt;int, typeof(nil)&gt;
but expected one of:
proc `==`(x, y: int): bool
  first type mismatch at position: 2
  required type for y: int
  but expression 'nil' is of type: typeof(nil)
proc `==`(x, y: int64): bool
  first type mismatch at position: 2
  required type for y: int64
  but expression 'nil' is of type: typeof(nil)
proc `==`[T: tuple | object](x, y: T): bool
  first type mismatch at position: 2
  required type for y: T: tuple or object
  but expression 'nil' is of type: typeof(nil)
proc `==`[T](a, b: Option[T]): bool
  first type mismatch at position: 2
  required type for b: Option[==.T]
  but expression 'nil' is of type: typeof(nil)
25 other mismatching symbols have been suppressed; compile with --showAllMismatches:on to see them

expression: this.modPosConstInst == nil
" />
    </testcase>
    <testcase time="0.00000000" name="texpr_ops_parens">
      <failure message="/home/travis/build/kaitai-io/ci_targets/compiled/nim/expr_ops_parens.nim(53, 23) Error: type mismatch: got &lt;int, typeof(nil)&gt;
but expected one of:
proc `==`(x, y: int): bool
  first type mismatch at position: 2
  required type for y: int
  but expression 'nil' is of type: typeof(nil)
proc `==`(x, y: int64): bool
  first type mismatch at position: 2
  required type for y: int64
  but expression 'nil' is of type: typeof(nil)
proc `==`[T: tuple | object](x, y: T): bool
  first type mismatch at position: 2
  required type for y: T: tuple or object
  but expression 'nil' is of type: typeof(nil)
proc `==`[T](a, b: Option[T]): bool
  first type mismatch at position: 2
  required type for b: Option[==.T]
  but expression 'nil' is of type: typeof(nil)
26 other mismatching symbols have been suppressed; compile with --showAllMismatches:on to see them

expression: this.boolAndInst == nil
" />
    </testcase>
    <testcase time="0.00000000" name="texpr_sizeof_type_0">
      <failure message="/home/travis/build/kaitai-io/ci_targets/compiled/nim/expr_sizeof_type_0.nim(29, 27) Error: type mismatch: got &lt;int, typeof(nil)&gt;
but expected one of:
proc `==`(x, y: int): bool
  first type mismatch at position: 2
  required type for y: int
  but expression 'nil' is of type: typeof(nil)
proc `==`(x, y: int64): bool
  first type mismatch at position: 2
  required type for y: int64
  but expression 'nil' is of type: typeof(nil)
proc `==`[T: tuple | object](x, y: T): bool
  first type mismatch at position: 2
  required type for y: T: tuple or object
  but expression 'nil' is of type: typeof(nil)
proc `==`[T](a, b: Option[T]): bool
  first type mismatch at position: 2
  required type for b: Option[==.T]
  but expression 'nil' is of type: typeof(nil)
25 other mismatching symbols have been suppressed; compile with --showAllMismatches:on to see them

expression: this.sizeofBlockInst == nil
" />
    </testcase>
    <testcase time="0.00000000" name="texpr_sizeof_type_1">
      <failure message="/home/travis/build/kaitai-io/ci_targets/compiled/nim/expr_sizeof_type_1.nim(36, 27) Error: type mismatch: got &lt;int, typeof(nil)&gt;
but expected one of:
proc `==`(x, y: int): bool
  first type mismatch at position: 2
  required type for y: int
  but expression 'nil' is of type: typeof(nil)
proc `==`(x, y: int64): bool
  first type mismatch at position: 2
  required type for y: int64
  but expression 'nil' is of type: typeof(nil)
proc `==`[T: tuple | object](x, y: T): bool
  first type mismatch at position: 2
  required type for y: T: tuple or object
  but expression 'nil' is of type: typeof(nil)
proc `==`[T](a, b: Option[T]): bool
  first type mismatch at position: 2
  required type for b: Option[==.T]
  but expression 'nil' is of type: typeof(nil)
25 other mismatching symbols have been suppressed; compile with --showAllMismatches:on to see them

expression: this.sizeofBlockInst == nil
" />
    </testcase>
    <testcase time="0.00000000" name="texpr_sizeof_value_0">
      <failure message="/home/travis/build/kaitai-io/ci_targets/compiled/nim/expr_sizeof_value_0.nim(43, 26) Error: type mismatch: got &lt;int, typeof(nil)&gt;
but expected one of:
proc `==`(x, y: int): bool
  first type mismatch at position: 2
  required type for y: int
  but expression 'nil' is of type: typeof(nil)
proc `==`(x, y: int64): bool
  first type mismatch at position: 2
  required type for y: int64
  but expression 'nil' is of type: typeof(nil)
proc `==`[T: tuple | object](x, y: T): bool
  first type mismatch at position: 2
  required type for y: T: tuple or object
  but expression 'nil' is of type: typeof(nil)
proc `==`[T](a, b: Option[T]): bool
  first type mismatch at position: 2
  required type for b: Option[==.T]
  but expression 'nil' is of type: typeof(nil)
25 other mismatching symbols have been suppressed; compile with --showAllMismatches:on to see them

expression: this.selfSizeofInst == nil
" />
    </testcase>
    <testcase time="0.00000000" name="texpr_sizeof_value_sized">
      <failure message="/home/travis/build/kaitai-io/ci_targets/compiled/nim/expr_sizeof_value_sized.nim(47, 26) Error: type mismatch: got &lt;int, typeof(nil)&gt;
but expected one of:
proc `==`(x, y: int): bool
  first type mismatch at position: 2
  required type for y: int
  but expression 'nil' is of type: typeof(nil)
proc `==`(x, y: int64): bool
  first type mismatch at position: 2
  required type for y: int64
  but expression 'nil' is of type: typeof(nil)
proc `==`[T: tuple | object](x, y: T): bool
  first type mismatch at position: 2
  required type for y: T: tuple or object
  but expression 'nil' is of type: typeof(nil)
proc `==`[T](a, b: Option[T]): bool
  first type mismatch at position: 2
  required type for b: Option[==.T]
  but expression 'nil' is of type: typeof(nil)
25 other mismatching symbols have been suppressed; compile with --showAllMismatches:on to see them

expression: this.selfSizeofInst == nil
" />
    </testcase>
    <testcase time="0.00000000" name="texpr_str_encodings">
      <failure message="/home/travis/build/kaitai-io/ci_targets/compiled/nim/expr_str_encodings.nim(61, 63) Error: number out of range: '76'u8'
" />
    </testcase>
    <testcase time="0.00000000" name="texpr_str_ops">
      <failure message="/home/travis/build/kaitai-io/ci_targets/compiled/nim/expr_str_ops.nim(65, 21) Error: type mismatch: got &lt;int, typeof(nil)&gt;
but expected one of:
proc `==`(x, y: int): bool
  first type mismatch at position: 2
  required type for y: int
  but expression 'nil' is of type: typeof(nil)
proc `==`(x, y: int64): bool
  first type mismatch at position: 2
  required type for y: int64
  but expression 'nil' is of type: typeof(nil)
proc `==`[T: tuple | object](x, y: T): bool
  first type mismatch at position: 2
  required type for y: T: tuple or object
  but expression 'nil' is of type: typeof(nil)
proc `==`[T](a, b: Option[T]): bool
  first type mismatch at position: 2
  required type for b: Option[==.T]
  but expression 'nil' is of type: typeof(nil)
26 other mismatching symbols have been suppressed; compile with --showAllMismatches:on to see them

expression: this.toIR8Inst == nil
" />
    </testcase>
    <testcase time="0.001348257064819336" name="tfixed_contents" />
    <testcase time="0.001632213592529297" name="tfixed_struct" />
    <testcase time="0.00000000" name="tfloat_to_i">
      <failure message="/home/travis/build/kaitai-io/ci_targets/compiled/nim/float_to_i.nim(47, 23) Error: type mismatch: got &lt;int, typeof(nil)&gt;
but expected one of:
proc `==`(x, y: int): bool
  first type mismatch at position: 2
  required type for y: int
  but expression 'nil' is of type: typeof(nil)
proc `==`(x, y: int64): bool
  first type mismatch at position: 2
  required type for y: int64
  but expression 'nil' is of type: typeof(nil)
proc `==`[T: tuple | object](x, y: T): bool
  first type mismatch at position: 2
  required type for y: T: tuple or object
  but expression 'nil' is of type: typeof(nil)
proc `==`[T](a, b: Option[T]): bool
  first type mismatch at position: 2
  required type for b: Option[==.T]
  but expression 'nil' is of type: typeof(nil)
25 other mismatching symbols have been suppressed; compile with --showAllMismatches:on to see them

expression: this.float2IInst == nil
" />
    </testcase>
    <testcase time="0.00000000" name="tfloating_points">
      <failure message="/home/travis/build/kaitai-io/ci_targets/compiled/nim/floating_points.nim(42, 34) Error: type mismatch: got &lt;float64, typeof(nil)&gt;
but expected one of:
proc `==`(x, y: float): bool
  first type mismatch at position: 2
  required type for y: float
  but expression 'nil' is of type: typeof(nil)
proc `==`(x, y: float32): bool
  first type mismatch at position: 2
  required type for y: float32
  but expression 'nil' is of type: typeof(nil)
proc `==`[T: tuple | object](x, y: T): bool
  first type mismatch at position: 2
  required type for y: T: tuple or object
  but expression 'nil' is of type: typeof(nil)
proc `==`[T](a, b: Option[T]): bool
  first type mismatch at position: 2
  required type for b: Option[==.T]
  but expression 'nil' is of type: typeof(nil)
25 other mismatching symbols have been suppressed; compile with --showAllMismatches:on to see them

expression: this.singleValuePlusIntInst == nil
" />
    </testcase>
    <testcase time="0.001460790634155273" name="thello_world" />
    <testcase time="0.00000000" name="tif_instances">
      <failure message="/home/travis/build/kaitai-io/ci_targets/compiled/nim/if_instances.nim(23, 28) Error: type mismatch: got &lt;uint8, typeof(nil)&gt;
but expected one of:
proc `==`(x, y: uint): bool
  first type mismatch at position: 2
  required type for y: uint
  but expression 'nil' is of type: typeof(nil)
proc `==`(x, y: uint16): bool
  first type mismatch at position: 2
  required type for y: uint16
  but expression 'nil' is of type: typeof(nil)
proc `==`(x, y: uint32): bool
  first type mismatch at position: 2
  required type for y: uint32
  but expression 'nil' is of type: typeof(nil)
proc `==`(x, y: uint64): bool
  first type mismatch at position: 2
  required type for y: uint64
  but expression 'nil' is of type: typeof(nil)
proc `==`(x, y: uint8): bool
  first type mismatch at position: 2
  required type for y: uint8
  but expression 'nil' is of type: typeof(nil)
proc `==`[T: tuple | object](x, y: T): bool
  first type mismatch at position: 2
  required type for y: T: tuple or object
  but expression 'nil' is of type: typeof(nil)
proc `==`[T](a, b: Option[T]): bool
  first type mismatch at position: 2
  required type for b: Option[==.T]
  but expression 'nil' is of type: typeof(nil)
22 other mismatching symbols have been suppressed; compile with --showAllMismatches:on to see them

expression: this.neverHappensInst == nil
" />
    </testcase>
    <testcase time="0.001410484313964844" name="tif_struct" />
    <testcase time="0.00000000" name="tif_values">
      <failure message="/home/travis/build/kaitai-io/ci_targets/compiled/nim/if_values.nim(45, 26) Error: type mismatch: got &lt;int, typeof(nil)&gt;
but expected one of:
proc `==`(x, y: int): bool
  first type mismatch at position: 2
  required type for y: int
  but expression 'nil' is of type: typeof(nil)
proc `==`(x, y: int64): bool
  first type mismatch at position: 2
  required type for y: int64
  but expression 'nil' is of type: typeof(nil)
proc `==`[T: tuple | object](x, y: T): bool
  first type mismatch at position: 2
  required type for y: T: tuple or object
  but expression 'nil' is of type: typeof(nil)
proc `==`[T](a, b: Option[T]): bool
  first type mismatch at position: 2
  required type for b: Option[==.T]
  but expression 'nil' is of type: typeof(nil)
25 other mismatching symbols have been suppressed; compile with --showAllMismatches:on to see them

expression: this.halfOpcodeInst == nil
" />
    </testcase>
    <testcase time="0.00000000" name="timports0">
      <failure message="/home/travis/build/kaitai-io/ci_targets/compiled/nim/imports0.nim(31, 21) Error: type mismatch: got &lt;uint8, typeof(nil)&gt;
but expected one of:
proc `==`(x, y: uint): bool
  first type mismatch at position: 2
  required type for y: uint
  but expression 'nil' is of type: typeof(nil)
proc `==`(x, y: uint16): bool
  first type mismatch at position: 2
  required type for y: uint16
  but expression 'nil' is of type: typeof(nil)
proc `==`(x, y: uint32): bool
  first type mismatch at position: 2
  required type for y: uint32
  but expression 'nil' is of type: typeof(nil)
proc `==`(x, y: uint64): bool
  first type mismatch at position: 2
  required type for y: uint64
  but expression 'nil' is of type: typeof(nil)
proc `==`(x, y: uint8): bool
  first type mismatch at position: 2
  required type for y: uint8
  but expression 'nil' is of type: typeof(nil)
proc `==`[T: tuple | object](x, y: T): bool
  first type mismatch at position: 2
  required type for y: T: tuple or object
  but expression 'nil' is of type: typeof(nil)
proc `==`[T](a, b: Option[T]): bool
  first type mismatch at position: 2
  required type for b: Option[==.T]
  but expression 'nil' is of type: typeof(nil)
22 other mismatching symbols have been suppressed; compile with --showAllMismatches:on to see them

expression: this.hwOneInst == nil
" />
    </testcase>
    <testcase time="0.00000000" name="timports_abs">
      <failure message="/home/travis/build/kaitai-io/ci_targets/compiled/nim/vlq_base128_le.nim(65, 19) Error: type mismatch: got &lt;int, typeof(nil)&gt;
but expected one of:
proc `==`(x, y: int): bool
  first type mismatch at position: 2
  required type for y: int
  but expression 'nil' is of type: typeof(nil)
proc `==`(x, y: int64): bool
  first type mismatch at position: 2
  required type for y: int64
  but expression 'nil' is of type: typeof(nil)
proc `==`[T: tuple | object](x, y: T): bool
  first type mismatch at position: 2
  required type for y: T: tuple or object
  but expression 'nil' is of type: typeof(nil)
proc `==`[T](a, b: Option[T]): bool
  first type mismatch at position: 2
  required type for b: Option[==.T]
  but expression 'nil' is of type: typeof(nil)
25 other mismatching symbols have been suppressed; compile with --showAllMismatches:on to see them

expression: this.lenInst == nil
" />
    </testcase>
    <testcase time="0.00000000" name="timports_circular_a">
      <failure message="/home/travis/build/kaitai-io/ci_targets/compiled/nim/imports_circular_a.nim(9, 13) Error: undeclared identifier: 'ImportsCircularB'
candidates (edit distance, scope distance); see '--spellSuggest': 
 (1, 0): 'ImportsCircularA' [type declared in /home/travis/build/kaitai-io/ci_targets/compiled/nim/imports_circular_a.nim(7, 3)]
 (1, 0): 'imports_circular_b' [module declared in /home/travis/build/kaitai-io/ci_targets/compiled/nim/imports_circular_a.nim(5, 8)]
This might be caused by a recursive module dependency:
/home/travis/build/kaitai-io/ci_targets/compiled/nim/imports_circular_b.nim imports /home/travis/build/kaitai-io/ci_targets/compiled/nim/imports_circular_a.nim
/home/travis/build/kaitai-io/ci_targets/compiled/nim/imports_circular_a.nim imports /home/travis/build/kaitai-io/ci_targets/compiled/nim/imports_circular_b.nim
" />
    </testcase>
    <testcase time="0.00000000" name="timports_rel_1">
      <failure message="/home/travis/build/kaitai-io/ci_targets/compiled/nim/imports_rel_1.nim(3, 23) Error: cannot open file: for_rel_imports/imported_1
" />
    </testcase>
    <testcase time="0.00142216682434082" name="tindex_sizes" />
    <testcase time="0.001447200775146484" name="tindex_to_param_eos" />
    <testcase time="0.001535177230834961" name="tindex_to_param_expr" />
    <testcase time="0.00166773796081543" name="tindex_to_param_until" />
    <testcase time="0.001561403274536133" name="tinstance_io_user" />
    <testcase time="0.001590490341186523" name="tinstance_std" />
    <testcase time="0.001424551010131836" name="tinstance_std_array" />
    <testcase time="0.001481056213378906" name="tinstance_user_array" />
    <testcase time="0.00140690803527832" name="tintegers" />
    <testcase time="0.00000000" name="tintegers_double_overflow">
      <failure message="/home/travis/build/kaitai-io/ci_targets/compiled/nim/integers_double_overflow.nim(53, 33) Error: type mismatch: got &lt;uint64, typeof(nil)&gt;
but expected one of:
proc `==`(x, y: uint64): bool
  first type mismatch at position: 2
  required type for y: uint64
  but expression 'nil' is of type: typeof(nil)
proc `==`[T: tuple | object](x, y: T): bool
  first type mismatch at position: 2
  required type for y: T: tuple or object
  but expression 'nil' is of type: typeof(nil)
proc `==`[T](a, b: Option[T]): bool
  first type mismatch at position: 2
  required type for b: Option[==.T]
  but expression 'nil' is of type: typeof(nil)
26 other mismatching symbols have been suppressed; compile with --showAllMismatches:on to see them

expression: this.unsignedSafeMaxBeInst == nil
" />
    </testcase>
    <testcase time="0.00000000" name="tintegers_min_max">
      <failure message="/home/travis/build/kaitai-io/ci_targets/tests/spec/nim/tintegers_min_max.nim(26, 35) Error: number out of range: '9223372036854775808'u64'
" />
    </testcase>
    <testcase time="0.00000000" name="tio_local_var">
      <failure message="/home/travis/build/kaitai-io/ci_targets/compiled/nim/io_local_var.nim(58, 25) Error: type mismatch: got 'seq[byte]' for 'messUpInstExpr' but expected 'KaitaiStruct = ref KaitaiStruct:ObjectType'
" />
    </testcase>
    <testcase time="0.00000000" name="tjs_signed_right_shift">
      <failure message="/home/travis/build/kaitai-io/ci_targets/compiled/nim/js_signed_right_shift.nim(25, 32) Error: type mismatch: got &lt;int, typeof(nil)&gt;
but expected one of:
proc `==`(x, y: int): bool
  first type mismatch at position: 2
  required type for y: int
  but expression 'nil' is of type: typeof(nil)
proc `==`(x, y: int64): bool
  first type mismatch at position: 2
  required type for y: int64
  but expression 'nil' is of type: typeof(nil)
proc `==`[T: tuple | object](x, y: T): bool
  first type mismatch at position: 2
  required type for y: T: tuple or object
  but expression 'nil' is of type: typeof(nil)
proc `==`[T](a, b: Option[T]): bool
  first type mismatch at position: 2
  required type for b: Option[==.T]
  but expression 'nil' is of type: typeof(nil)
25 other mismatching symbols have been suppressed; compile with --showAllMismatches:on to see them

expression: this.shouldBe40000000Inst == nil
" />
    </testcase>
    <testcase time="0.001462697982788086" name="tmeta_tags" />
    <testcase time="0.001365900039672852" name="tmeta_xref" />
    <testcase time="0.001387596130371094" name="tmultiple_use" />
    <testcase time="0.001605987548828125" name="tnav_parent" />
    <testcase time="0.001485824584960938" name="tnav_parent2" />
    <testcase time="0.001700401306152344" name="tnav_parent3" />
    <testcase time="0.001402854919433594" name="tnav_parent_false" />
    <testcase time="0.001429080963134766" name="tnav_parent_false2" />
    <testcase time="0.001529932022094727" name="tnav_parent_override" />
    <testcase time="0.001435995101928711" name="tnav_parent_switch" />
    <testcase time="0.00000000" name="tnav_parent_switch_cast">
      <failure message="/home/travis/build/kaitai-io/ci_targets/compiled/nim/nav_parent_switch_cast.nim(117, 20) Error: type mismatch: got &lt;uint8, typeof(nil)&gt;
but expected one of:
proc `==`(x, y: uint): bool
  first type mismatch at position: 2
  required type for y: uint
  but expression 'nil' is of type: typeof(nil)
proc `==`(x, y: uint16): bool
  first type mismatch at position: 2
  required type for y: uint16
  but expression 'nil' is of type: typeof(nil)
proc `==`(x, y: uint32): bool
  first type mismatch at position: 2
  required type for y: uint32
  but expression 'nil' is of type: typeof(nil)
proc `==`(x, y: uint64): bool
  first type mismatch at position: 2
  required type for y: uint64
  but expression 'nil' is of type: typeof(nil)
proc `==`(x, y: uint8): bool
  first type mismatch at position: 2
  required type for y: uint8
  but expression 'nil' is of type: typeof(nil)
proc `==`[T: tuple | object](x, y: T): bool
  first type mismatch at position: 2
  required type for y: T: tuple or object
  but expression 'nil' is of type: typeof(nil)
proc `==`[T](a, b: Option[T]): bool
  first type mismatch at position: 2
  required type for b: Option[==.T]
  but expression 'nil' is of type: typeof(nil)
22 other mismatching symbols have been suppressed; compile with --showAllMismatches:on to see them

expression: this.flagInst == nil
" />
    </testcase>
    <testcase time="0.00000000" name="tnav_parent_vs_value_inst">
      <failure message="/home/travis/build/kaitai-io/ci_targets/compiled/nim/nav_parent_vs_value_inst.nim(44, 27) Error: type mismatch: got &lt;bool, typeof(nil)&gt;
but expected one of:
proc `==`(x, y: bool): bool
  first type mismatch at position: 2
  required type for y: bool
  but expression 'nil' is of type: typeof(nil)
proc `==`[T: tuple | object](x, y: T): bool
  first type mismatch at position: 2
  required type for y: T: tuple or object
  but expression 'nil' is of type: typeof(nil)
proc `==`[T](a, b: Option[T]): bool
  first type mismatch at position: 2
  required type for b: Option[==.T]
  but expression 'nil' is of type: typeof(nil)
26 other mismatching symbols have been suppressed; compile with --showAllMismatches:on to see them

expression: this.doSomethingInst == nil
" />
    </testcase>
    <testcase time="0.00139164924621582" name="tnav_root" />
    <testcase time="0.0014190673828125" name="tnested_same_name" />
    <testcase time="0.001381397247314453" name="tnested_same_name2" />
    <testcase time="0.001439809799194336" name="tnested_type_param" />
    <testcase time="0.001391410827636719" name="tnested_types" />
    <testcase time="0.001417636871337891" name="tnested_types2" />
    <testcase time="0.001390218734741211" name="tnested_types3" />
    <testcase time="0.00000000" name="tnon_standard">
      <failure message="/home/travis/build/kaitai-io/ci_targets/compiled/nim/non_standard.nim(37, 18) Error: type mismatch: got &lt;uint8, typeof(nil)&gt;
but expected one of:
proc `==`(x, y: uint): bool
  first type mismatch at position: 2
  required type for y: uint
  but expression 'nil' is of type: typeof(nil)
proc `==`(x, y: uint16): bool
  first type mismatch at position: 2
  required type for y: uint16
  but expression 'nil' is of type: typeof(nil)
proc `==`(x, y: uint32): bool
  first type mismatch at position: 2
  required type for y: uint32
  but expression 'nil' is of type: typeof(nil)
proc `==`(x, y: uint64): bool
  first type mismatch at position: 2
  required type for y: uint64
  but expression 'nil' is of type: typeof(nil)
proc `==`(x, y: uint8): bool
  first type mismatch at position: 2
  required type for y: uint8
  but expression 'nil' is of type: typeof(nil)
proc `==`[T: tuple | object](x, y: T): bool
  first type mismatch at position: 2
  required type for y: T: tuple or object
  but expression 'nil' is of type: typeof(nil)
proc `==`[T](a, b: Option[T]): bool
  first type mismatch at position: 2
  required type for b: Option[==.T]
  but expression 'nil' is of type: typeof(nil)
22 other mismatching symbols have been suppressed; compile with --showAllMismatches:on to see them

expression: this.viInst == nil
" />
    </testcase>
    <testcase time="0.001532554626464844" name="tparams_call_extra_parens" />
    <testcase time="0.001474857330322266" name="tparams_call_short" />
    <testcase time="0.00000000" name="tparams_enum">
      <failure message="/home/travis/build/kaitai-io/ci_targets/compiled/nim/params_enum.nim(51, 21) Error: type mismatch: got &lt;bool, typeof(nil)&gt;
but expected one of:
proc `==`(x, y: bool): bool
  first type mismatch at position: 2
  required type for y: bool
  but expression 'nil' is of type: typeof(nil)
proc `==`[T: tuple | object](x, y: T): bool
  first type mismatch at position: 2
  required type for y: T: tuple or object
  but expression 'nil' is of type: typeof(nil)
proc `==`[T](a, b: Option[T]): bool
  first type mismatch at position: 2
  required type for b: Option[==.T]
  but expression 'nil' is of type: typeof(nil)
26 other mismatching symbols have been suppressed; compile with --showAllMismatches:on to see them

expression: this.isCatInst == nil
" />
    </testcase>
    <testcase time="0.00000000" name="tparams_pass_array_int">
      <failure message="/home/travis/build/kaitai-io/ci_targets/tests/spec/nim/tparams_pass_array_int.nim(7, 27) template/generic instantiation of `fromFile` from here
/home/travis/build/kaitai-io/ci_targets/compiled/nim/params_pass_array_int.nim(45, 21) template/generic instantiation of `read` from here
/home/travis/build/kaitai-io/ci_targets/compiled/nim/params_pass_array_int.nim(33, 54) template/generic instantiation of `read` from here
/home/travis/build/kaitai-io/ci_targets/compiled/nim/params_pass_array_int.nim(54, 29) Error: type mismatch: got 'seq[int]' for 'nums' but expected 'seq[uint16]'
" />
    </testcase>
    <testcase time="0.001624584197998047" name="tparams_pass_array_str" />
    <testcase time="0.001646280288696289" name="tparams_pass_array_struct" />
    <testcase time="0.001610517501831055" name="tparams_pass_array_usertype" />
    <testcase time="0.00000000" name="tparams_pass_bool">
      <failure message="/home/travis/build/kaitai-io/ci_targets/compiled/nim/params_pass_bool.nim(60, 22) Error: type mismatch: got &lt;bool, typeof(nil)&gt;
but expected one of:
proc `==`(x, y: bool): bool
  first type mismatch at position: 2
  required type for y: bool
  but expression 'nil' is of type: typeof(nil)
proc `==`[T: tuple | object](x, y: T): bool
  first type mismatch at position: 2
  required type for y: T: tuple or object
  but expression 'nil' is of type: typeof(nil)
proc `==`[T](a, b: Option[T]): bool
  first type mismatch at position: 2
  required type for b: Option[==.T]
  but expression 'nil' is of type: typeof(nil)
26 other mismatching symbols have been suppressed; compile with --showAllMismatches:on to see them

expression: this.vFalseInst == nil
" />
    </testcase>
    <testcase time="0.00149989128112793" name="tparams_pass_struct" />
    <testcase time="0.001387357711791992" name="tparams_pass_usertype" />
    <testcase time="0.001522302627563477" name="tposition_abs" />
    <testcase time="0.001401901245117188" name="tposition_in_seq" />
    <testcase time="0.001439809799194336" name="tposition_to_end" />
    <testcase time="0.001418113708496094" name="tprocess_coerce_bytes" />
    <testcase time="0.00000000" name="tprocess_coerce_switch">
      <failure message="/home/travis/build/kaitai-io/ci_targets/tests/spec/nim/tprocess_coerce_switch.nim(7, 28) template/generic instantiation of `fromFile` from here
/home/travis/build/kaitai-io/ci_targets/compiled/nim/process_coerce_switch.nim(74, 22) template/generic instantiation of `read` from here
/home/travis/build/kaitai-io/ci_targets/compiled/nim/process_coerce_switch.nim(47, 26) Error: type mismatch: got 'seq[byte]' for 'bufUnprocExpr' but expected 'KaitaiStruct = ref KaitaiStruct:ObjectType'
" />
    </testcase>
    <testcase time="0.001426458358764648" name="tprocess_coerce_usertype1" />
    <testcase time="0.001455307006835938" name="tprocess_coerce_usertype2" />
    <testcase time="0.00000000" name="tprocess_custom">
      <failure message="/home/travis/build/kaitai-io/ci_targets/compiled/nim/process_custom.nim(3, 8) Error: cannot open file: my_custom_fx
" />
    </testcase>
    <testcase time="0.00000000" name="tprocess_custom_no_args">
      <failure message="/home/travis/build/kaitai-io/ci_targets/compiled/nim/process_custom_no_args.nim(3, 8) Error: cannot open file: custom_fx_no_args
" />
    </testcase>
    <testcase time="0.00000000" name="tprocess_repeat_bytes">
      <failure message="/home/travis/build/kaitai-io/ci_targets/tests/spec/nim/tprocess_repeat_bytes.nim(9, 46) Error: number out of range: '118'u8'
" />
    </testcase>
    <testcase time="0.00000000" name="tprocess_repeat_usertype">
      <failure message="/home/travis/build/kaitai-io/ci_targets/tests/spec/nim/tprocess_repeat_usertype.nim(7, 30) template/generic instantiation of `fromFile` from here
/home/travis/build/kaitai-io/ci_targets/compiled/nim/process_repeat_usertype.nim(37, 24) template/generic instantiation of `read` from here
/home/travis/build/kaitai-io/ci_targets/compiled/nim/process_repeat_usertype.nim(30, 9) Error: redefinition of 'buf'; previous declaration here: /home/travis/build/kaitai-io/ci_targets/compiled/nim/process_repeat_usertype.nim(28, 9)
" />
    </testcase>
    <testcase time="0.001570224761962891" name="tprocess_rotate" />
    <testcase time="0.001818418502807617" name="tprocess_to_user" />
    <testcase time="0.00000000" name="tprocess_xor4_const">
      <failure message="/home/travis/build/kaitai-io/ci_targets/compiled/nim/process_xor4_const.nim(26, 43) Error: number out of range: '20'u8'
" />
    </testcase>
    <testcase time="0.00000000" name="tprocess_xor4_value">
      <failure message="/home/travis/build/kaitai-io/ci_targets/tests/spec/nim/tprocess_xor4_value.nim(9, 20) Error: number out of range: '20'u8'
" />
    </testcase>
    <testcase time="0.001448392868041992" name="tprocess_xor_const" />
    <testcase time="0.001575231552124023" name="tprocess_xor_value" />
    <testcase time="0.001463651657104492" name="trecursive_one" />
    <testcase time="0.001538515090942383" name="trepeat_eos_bit" />
    <testcase time="0.001527070999145508" name="trepeat_eos_struct" />
    <testcase time="0.001408815383911133" name="trepeat_eos_u4" />
    <testcase time="0.001404285430908203" name="trepeat_n_struct" />
    <testcase time="0.001573562622070312" name="trepeat_n_strz" />
    <testcase time="0.001441240310668945" name="trepeat_n_strz_double" />
    <testcase time="0.001421213150024414" name="trepeat_until_calc_array_type" />
    <testcase time="0.001499414443969727" name="trepeat_until_complex" />
    <testcase time="0.001451969146728516" name="trepeat_until_s4" />
    <testcase time="0.001469135284423828" name="trepeat_until_sized" />
    <testcase time="0.003339290618896484" name="tstr_encodings" />
    <testcase time="0.001649141311645508" name="tstr_encodings_default" />
    <testcase time="0.001547336578369141" name="tstr_eos" />
    <testcase time="0.001552820205688477" name="tstr_literals2" />
    <testcase time="0.001529932022094727" name="tstr_pad_term" />
    <testcase time="0.001486301422119141" name="tstr_pad_term_empty" />
    <testcase time="0.001427412033081055" name="tswitch_bytearray" />
    <testcase time="0.001425981521606445" name="tswitch_else_only" />
    <testcase time="0.001463890075683594" name="tswitch_integers" />
    <testcase time="0.001519203186035156" name="tswitch_integers2" />
    <testcase time="0.001591205596923828" name="tswitch_manual_enum" />
    <testcase time="0.00000000" name="tswitch_manual_enum_invalid">
      <failure message="/home/travis/build/kaitai-io/ci_targets/tests/spec/nim/tswitch_manual_enum_invalid.nim(10, 11) Error: conversion from int literal(255) to SwitchManualEnumInvalid_Opcode_CodeEnum is invalid
" />
    </testcase>
    <testcase time="0.00000000" name="tswitch_manual_enum_invalid_else">
      <failure message="/home/travis/build/kaitai-io/ci_targets/compiled/nim/switch_manual_enum_invalid_else.nim(114, 21) Error: type mismatch: got &lt;int8, typeof(nil)&gt;
but expected one of:
proc `==`(x, y: int): bool
  first type mismatch at position: 2
  required type for y: int
  but expression 'nil' is of type: typeof(nil)
proc `==`(x, y: int16): bool
  first type mismatch at position: 2
  required type for y: int16
  but expression 'nil' is of type: typeof(nil)
proc `==`(x, y: int32): bool
  first type mismatch at position: 2
  required type for y: int32
  but expression 'nil' is of type: typeof(nil)
proc `==`(x, y: int64): bool
  first type mismatch at position: 2
  required type for y: int64
  but expression 'nil' is of type: typeof(nil)
proc `==`(x, y: int8): bool
  first type mismatch at position: 2
  required type for y: int8
  but expression 'nil' is of type: typeof(nil)
proc `==`[T: tuple | object](x, y: T): bool
  first type mismatch at position: 2
  required type for y: T: tuple or object
  but expression 'nil' is of type: typeof(nil)
proc `==`[T](a, b: Option[T]): bool
  first type mismatch at position: 2
  required type for b: Option[==.T]
  but expression 'nil' is of type: typeof(nil)
22 other mismatching symbols have been suppressed; compile with --showAllMismatches:on to see them

expression: this.valueInst == nil
" />
    </testcase>
    <testcase time="0.00154876708984375" name="tswitch_manual_int" />
    <testcase time="0.001648664474487305" name="tswitch_manual_int_else" />
    <testcase time="0.00000000" name="tswitch_manual_int_size">
      <failure message="/home/travis/build/kaitai-io/ci_targets/tests/spec/nim/tswitch_manual_int_size.nim(16, 94) Error: number out of range: '128'u8'
" />
    </testcase>
    <testcase time="0.00000000" name="tswitch_manual_int_size_else">
      <failure message="/home/travis/build/kaitai-io/ci_targets/tests/spec/nim/tswitch_manual_int_size_else.nim(16, 125) Error: number out of range: '128'u8'
" />
    </testcase>
    <testcase time="0.001744747161865234" name="tswitch_manual_str" />
    <testcase time="0.00155186653137207" name="tswitch_manual_str_else" />
    <testcase time="0.00000000" name="tswitch_repeat_expr">
      <failure message="/home/travis/build/kaitai-io/ci_targets/tests/spec/nim/tswitch_repeat_expr.nim(7, 25) template/generic instantiation of `fromFile` from here
/home/travis/build/kaitai-io/ci_targets/compiled/nim/switch_repeat_expr.nim(55, 19) template/generic instantiation of `read` from here
/home/travis/build/kaitai-io/ci_targets/compiled/nim/switch_repeat_expr.nim(52, 18) Error: type mismatch: got &lt;seq[KaitaiStruct], seq[byte]&gt;
but expected one of:
proc add[T](x: var seq[T]; y: openArray[T])
  first type mismatch at position: 2
  required type for y: openArray[T]
  but expression 'it' is of type: seq[byte]
proc add[T](x: var seq[T]; y: sink T)
  first type mismatch at position: 2
  required type for y: sink T
  but expression 'it' is of type: seq[byte]
3 other mismatching symbols have been suppressed; compile with --showAllMismatches:on to see them

expression: add(result.body, it)
" />
    </testcase>
    <testcase time="0.00000000" name="tswitch_repeat_expr_invalid">
      <failure message="/home/travis/build/kaitai-io/ci_targets/tests/spec/nim/tswitch_repeat_expr_invalid.nim(7, 32) template/generic instantiation of `fromFile` from here
/home/travis/build/kaitai-io/ci_targets/compiled/nim/switch_repeat_expr_invalid.nim(55, 26) template/generic instantiation of `read` from here
/home/travis/build/kaitai-io/ci_targets/compiled/nim/switch_repeat_expr_invalid.nim(52, 18) Error: type mismatch: got &lt;seq[KaitaiStruct], seq[byte]&gt;
but expected one of:
proc add[T](x: var seq[T]; y: openArray[T])
  first type mismatch at position: 2
  required type for y: openArray[T]
  but expression 'it' is of type: seq[byte]
proc add[T](x: var seq[T]; y: sink T)
  first type mismatch at position: 2
  required type for y: sink T
  but expression 'it' is of type: seq[byte]
3 other mismatching symbols have been suppressed; compile with --showAllMismatches:on to see them

expression: add(result.body, it)
" />
    </testcase>
    <testcase time="0.001461982727050781" name="tterm_bytes" />
    <testcase time="0.001583576202392578" name="tterm_strz" />
    <testcase time="0.001510858535766602" name="tterm_u1_val" />
    <testcase time="0.001425266265869141" name="tts_packet_header" />
    <testcase time="0.00000000" name="ttype_int_unary_op">
      <failure message="/home/travis/build/kaitai-io/ci_targets/compiled/nim/type_int_unary_op.nim(31, 23) Error: type mismatch: got &lt;int, typeof(nil)&gt;
but expected one of:
proc `==`(x, y: int): bool
  first type mismatch at position: 2
  required type for y: int
  but expression 'nil' is of type: typeof(nil)
proc `==`(x, y: int64): bool
  first type mismatch at position: 2
  required type for y: int64
  but expression 'nil' is of type: typeof(nil)
proc `==`[T: tuple | object](x, y: T): bool
  first type mismatch at position: 2
  required type for y: T: tuple or object
  but expression 'nil' is of type: typeof(nil)
proc `==`[T](a, b: Option[T]): bool
  first type mismatch at position: 2
  required type for b: Option[==.T]
  but expression 'nil' is of type: typeof(nil)
25 other mismatching symbols have been suppressed; compile with --showAllMismatches:on to see them

expression: this.unaryS2Inst == nil
" />
    </testcase>
    <testcase time="0.00000000" name="ttype_ternary">
      <failure message="/home/travis/build/kaitai-io/ci_targets/compiled/nim/type_ternary.nim(49, 22) Error: type mismatch: got &lt;bool, typeof(nil)&gt;
but expected one of:
proc `==`(x, y: bool): bool
  first type mismatch at position: 2
  required type for y: bool
  but expression 'nil' is of type: typeof(nil)
proc `==`[T: tuple | object](x, y: T): bool
  first type mismatch at position: 2
  required type for y: T: tuple or object
  but expression 'nil' is of type: typeof(nil)
proc `==`[T](a, b: Option[T]): bool
  first type mismatch at position: 2
  required type for b: Option[==.T]
  but expression 'nil' is of type: typeof(nil)
26 other mismatching symbols have been suppressed; compile with --showAllMismatches:on to see them

expression: this.isHackInst == nil
" />
    </testcase>
    <testcase time="0.00000000" name="ttype_ternary_2nd_falsy">
      <failure message="/home/travis/build/kaitai-io/ci_targets/compiled/nim/type_ternary_2nd_falsy.nim(70, 26) Error: type mismatch: got &lt;float64, typeof(nil)&gt;
but expected one of:
proc `==`(x, y: float): bool
  first type mismatch at position: 2
  required type for y: float
  but expression 'nil' is of type: typeof(nil)
proc `==`(x, y: float32): bool
  first type mismatch at position: 2
  required type for y: float32
  but expression 'nil' is of type: typeof(nil)
proc `==`[T: tuple | object](x, y: T): bool
  first type mismatch at position: 2
  required type for y: T: tuple or object
  but expression 'nil' is of type: typeof(nil)
proc `==`[T](a, b: Option[T]): bool
  first type mismatch at position: 2
  required type for b: Option[==.T]
  but expression 'nil' is of type: typeof(nil)
25 other mismatching symbols have been suppressed; compile with --showAllMismatches:on to see them

expression: this.vFloatZeroInst == nil
" />
    </testcase>
    <testcase time="0.001438617706298828" name="tuser_type" />
    <testcase time="0.001501798629760742" name="tvalid_eq_str_encodings" />
    <testcase time="0.001501560211181641" name="tvalid_long" />
    <testcase time="0.00150299072265625" name="tvalid_not_parsed_if" />
    <testcase time="0.001588106155395508" name="tvalid_short" />
    <testcase time="0.001584053039550781" name="tvalid_switch" />
    <testcase time="0.00000000" name="tyaml_ints">
      <failure message="/home/travis/build/kaitai-io/ci_targets/compiled/nim/yaml_ints.nim(29, 25) Error: type mismatch: got &lt;int, typeof(nil)&gt;
but expected one of:
proc `==`(x, y: int): bool
  first type mismatch at position: 2
  required type for y: int
  but expression 'nil' is of type: typeof(nil)
proc `==`(x, y: int64): bool
  first type mismatch at position: 2
  required type for y: int64
  but expression 'nil' is of type: typeof(nil)
proc `==`[T: tuple | object](x, y: T): bool
  first type mismatch at position: 2
  required type for y: T: tuple or object
  but expression 'nil' is of type: typeof(nil)
proc `==`[T](a, b: Option[T]): bool
  first type mismatch at position: 2
  required type for b: Option[==.T]
  but expression 'nil' is of type: typeof(nil)
25 other mismatching symbols have been suppressed; compile with --showAllMismatches:on to see them

expression: this.testU4DecInst == nil
" />
    </testcase>
    <testcase time="0.00000000" name="tzlib_surrounded">
      <failure message="/home/travis/build/kaitai-io/ci_targets/tests/spec/nim/tzlib_surrounded.nim(7, 23) template/generic instantiation of `fromFile` from here
/home/travis/build/kaitai-io/ci_targets/compiled/nim/zlib_surrounded.nim(41, 17) template/generic instantiation of `read` from here
/home/travis/build/kaitai-io/ci_targets/compiled/nim/zlib_surrounded.nim(32, 36) Error: attempting to call undeclared routine: 'processZlib'
" />
    </testcase>
    <testcase time="0.00000000" name="tzlib_with_header_78">
      <failure message="/home/travis/build/kaitai-io/ci_targets/tests/spec/nim/tzlib_with_header_78.nim(7, 25) template/generic instantiation of `fromFile` from here
/home/travis/build/kaitai-io/ci_targets/compiled/nim/zlib_with_header_78.nim(27, 19) template/generic instantiation of `read` from here
/home/travis/build/kaitai-io/ci_targets/compiled/nim/zlib_with_header_78.nim(23, 30) Error: attempting to call undeclared routine: 'processZlib'
" />
    </testcase>
  </testsuite>
</testsuites>