<testsuites>
  <testsuite tests="166" failures="0" errors="15" name="tests">
    <testcase time="0.001724004745483398" name="tbcd_user_type_be" />
    <testcase time="0.001741170883178711" name="tbcd_user_type_le" />
    <testcase time="0.001709699630737305" name="tbits_byte_aligned" />
    <testcase time="0.001760482788085938" name="tbits_enum" />
    <testcase time="0.001784086227416992" name="tbits_simple" />
    <testcase time="0.001737594604492188" name="tbuffered_struct" />
    <testcase time="0.001893281936645508" name="tbytes_pad_term" />
    <testcase time="0.001860857009887695" name="tcast_nested" />
    <testcase time="0.001688003540039062" name="tcast_to_imported" />
    <testcase time="0.001798391342163086" name="tcast_to_top" />
    <testcase time="0.001703500747680664" name="tcombine_bool" />
    <testcase time="0.00174403190612793" name="tcombine_bytes" />
    <testcase time="0.001700162887573242" name="tcombine_str" />
    <testcase time="0.001665592193603516" name="tdebug_switch_user" />
    <testcase time="0.001750707626342773" name="tdefault_big_endian" />
    <testcase time="0.001768350601196289" name="tdefault_endian_expr_inherited" />
    <testcase time="0.001711845397949219" name="tdefault_endian_expr_is_be" />
    <testcase time="0.001659154891967773" name="tdefault_endian_expr_is_le" />
    <testcase time="0.00162959098815918" name="tdefault_endian_mod" />
    <testcase time="0.001749753952026367" name="tdocstrings" />
    <testcase time="0.001679420471191406" name="tdocstrings_docref" />
    <testcase time="0.001696348190307617" name="tdocstrings_docref_multi" />
    <testcase time="0.001786947250366211" name="tenum_0" />
    <testcase time="0.001685142517089844" name="tenum_1" />
    <testcase time="0.001654863357543945" name="tenum_deep" />
    <testcase time="0.00159764289855957" name="tenum_deep_literals" />
    <testcase time="0.001674413681030273" name="tenum_fancy" />
    <testcase time="0.001783609390258789" name="tenum_if" />
    <testcase time="0.001768112182617188" name="tenum_import" />
    <testcase time="0.001642942428588867" name="tenum_int_range_s" />
    <testcase time="0.001708984375" name="tenum_int_range_u" />
    <testcase time="0.00168609619140625" name="tenum_invalid" />
    <testcase time="0.00000000" name="tenum_long_range_s">
      <failure message="fatal.nim(49)            sysFatal
Error: unhandled exception: over- or underflow [OverflowError]
" />
    </testcase>
    <testcase time="0.00000000" name="tenum_long_range_u">
      <failure message="fatal.nim(49)            sysFatal
Error: unhandled exception: over- or underflow [OverflowError]
" />
    </testcase>
    <testcase time="0.001742362976074219" name="tenum_negative" />
    <testcase time="0.001651287078857422" name="tenum_of_value_inst" />
    <testcase time="0.001661062240600586" name="tenum_to_i" />
    <testcase time="0.00000000" name="tenum_to_i_class_border_1">
      <failure message="/home/travis/build/kaitai-io/ci_targets/compiled/nim/enum_to_i_class_border_1.nim(12, 26) Error: undeclared identifier: 'EnumToIClassBorder2'
This might be caused by a recursive module dependency:
/home/travis/build/kaitai-io/ci_targets/compiled/nim/enum_to_i_class_border_2.nim imports /home/travis/build/kaitai-io/ci_targets/compiled/nim/enum_to_i_class_border_1.nim
/home/travis/build/kaitai-io/ci_targets/compiled/nim/enum_to_i_class_border_1.nim imports /home/travis/build/kaitai-io/ci_targets/compiled/nim/enum_to_i_class_border_2.nim
" />
    </testcase>
    <testcase time="0.001731634140014648" name="texpr_0" />
    <testcase time="0.001799583435058594" name="texpr_1" />
    <testcase time="0.001915454864501953" name="texpr_2" />
    <testcase time="0.00212407112121582" name="texpr_3" />
    <testcase time="0.001879453659057617" name="texpr_array" />
    <testcase time="0.001676082611083984" name="texpr_bits" />
    <testcase time="0.001683950424194336" name="texpr_bytes_cmp" />
    <testcase time="0.00000000" name="texpr_bytes_literal">
      <failure message="/home/travis/build/kaitai-io/ci_targets/tests/spec/nim/tests/texpr_bytes_literal.nim(4, 29) Error: cannot open file: ../../../compiled/nim/expr_bytes_literal
" />
    </testcase>
    <testcase time="0.001658201217651367" name="texpr_bytes_ops" />
    <testcase time="0.001773595809936523" name="texpr_calc_array_ops" />
    <testcase time="0.00164341926574707" name="texpr_enum" />
    <testcase time="0.001700401306152344" name="texpr_io_eof" />
    <testcase time="0.001710653305053711" name="texpr_io_pos" />
    <testcase time="0.001708030700683594" name="texpr_mod" />
    <testcase time="0.001778602600097656" name="texpr_ops_parens" />
    <testcase time="0.001749038696289062" name="texpr_sizeof_type_0" />
    <testcase time="0.001615285873413086" name="texpr_sizeof_type_1" />
    <testcase time="0.001779794692993164" name="texpr_sizeof_value_0" />
    <testcase time="0.001715660095214844" name="texpr_sizeof_value_sized" />
    <testcase time="0.001788139343261719" name="texpr_str_ops" />
    <testcase time="0.001732349395751953" name="tfixed_contents" />
    <testcase time="0.001783847808837891" name="tfixed_struct" />
    <testcase time="0.00175929069519043" name="tfloat_to_i" />
    <testcase time="0.001802206039428711" name="tfloating_points" />
    <testcase time="0.001671314239501953" name="thello_world" />
    <testcase time="0.001760244369506836" name="tif_instances" />
    <testcase time="0.001921892166137695" name="tif_struct" />
    <testcase time="0.001706361770629883" name="tif_values" />
    <testcase time="0.001624345779418945" name="timports0" />
    <testcase time="0.00000000" name="timports_abs">
      <failure message="/home/travis/build/kaitai-io/ci_targets/compiled/nim/imports_abs.nim(3, 15) Error: cannot open file: /common/vlq_base128_le
" />
    </testcase>
    <testcase time="0.001797676086425781" name="tindex_sizes" />
    <testcase time="0.001710176467895508" name="tindex_to_param_eos" />
    <testcase time="0.001743793487548828" name="tindex_to_param_expr" />
    <testcase time="0.001809120178222656" name="tindex_to_param_until" />
    <testcase time="0.001691579818725586" name="tinstance_io_user" />
    <testcase time="0.001710653305053711" name="tinstance_std" />
    <testcase time="0.001609563827514648" name="tinstance_std_array" />
    <testcase time="0.001657962799072266" name="tinstance_user_array" />
    <testcase time="0.00162506103515625" name="tintegers" />
    <testcase time="0.001730680465698242" name="tintegers_min_max" />
    <testcase time="0.00000000" name="tio_local_var">
      <failure message="/home/travis/build/kaitai-io/ci_targets/tests/spec/nim/tests/tio_local_var.nim(4, 29) Error: cannot open file: ../../../compiled/nim/io_local_var
" />
    </testcase>
    <testcase time="0.00163578987121582" name="tjs_signed_right_shift" />
    <testcase time="0.001662969589233398" name="tmeta_tags" />
    <testcase time="0.001729249954223633" name="tmeta_xref" />
    <testcase time="0.001575708389282227" name="tmultiple_use" />
    <testcase time="0.001698493957519531" name="tnav_parent" />
    <testcase time="0.001703500747680664" name="tnav_parent2" />
    <testcase time="0.001731634140014648" name="tnav_parent3" />
    <testcase time="0.001729249954223633" name="tnav_parent_false" />
    <testcase time="0.001587867736816406" name="tnav_parent_false2" />
    <testcase time="0.001604318618774414" name="tnav_parent_override" />
    <testcase time="0.001654148101806641" name="tnav_parent_switch" />
    <testcase time="0.00000000" name="tnav_parent_switch_cast">
      <failure message="/home/travis/build/kaitai-io/ci_targets/tests/spec/nim/tests/tnav_parent_switch_cast.nim(4, 29) Error: cannot open file: ../../../compiled/nim/nav_parent_switch_cast
" />
    </testcase>
    <testcase time="0.001710891723632812" name="tnav_parent_vs_value_inst" />
    <testcase time="0.001714706420898438" name="tnav_root" />
    <testcase time="0.002590179443359375" name="tnested_same_name" />
    <testcase time="0.001600742340087891" name="tnested_same_name2" />
    <testcase time="0.001670360565185547" name="tnested_type_param" />
    <testcase time="0.001631259918212891" name="tnested_types" />
    <testcase time="0.001680374145507812" name="tnested_types2" />
    <testcase time="0.001721620559692383" name="tnested_types3" />
    <testcase time="0.001706838607788086" name="tnon_standard" />
    <testcase time="0.001690387725830078" name="tparams_call_extra_parens" />
    <testcase time="0.001784324645996094" name="tparams_call_short" />
    <testcase time="0.001615285873413086" name="tparams_enum" />
    <testcase time="0.00000000" name="tparams_pass_array_int">
      <failure message="/home/travis/build/kaitai-io/ci_targets/tests/spec/nim/tests/tparams_pass_array_int.nim(7, 27) template/generic instantiation of `fromFile` from here
/home/travis/build/kaitai-io/ci_targets/compiled/nim/params_pass_array_int.nim(45, 21) template/generic instantiation of `read` from here
/home/travis/build/kaitai-io/ci_targets/compiled/nim/params_pass_array_int.nim(33, 54) template/generic instantiation of `read` from here
/home/travis/build/kaitai-io/ci_targets/compiled/nim/params_pass_array_int.nim(54, 29) Error: type mismatch: got &lt;seq[int]&gt; but expected 'seq[uint16]'
" />
    </testcase>
    <testcase time="0.001703739166259766" name="tparams_pass_array_str" />
    <testcase time="0.001738309860229492" name="tparams_pass_array_struct" />
    <testcase time="0.001630783081054688" name="tparams_pass_array_usertype" />
    <testcase time="0.001678466796875" name="tparams_pass_struct" />
    <testcase time="0.001701593399047852" name="tparams_pass_usertype" />
    <testcase time="0.001721858978271484" name="tposition_abs" />
    <testcase time="0.001648187637329102" name="tposition_in_seq" />
    <testcase time="0.001710414886474609" name="tposition_to_end" />
    <testcase time="0.001756668090820312" name="tprocess_coerce_bytes" />
    <testcase time="0.00000000" name="tprocess_coerce_switch">
      <failure message="/home/travis/build/kaitai-io/ci_targets/tests/spec/nim/tests/tprocess_coerce_switch.nim(4, 29) Error: cannot open file: ../../../compiled/nim/process_coerce_switch
" />
    </testcase>
    <testcase time="0.001763582229614258" name="tprocess_coerce_usertype1" />
    <testcase time="0.001746177673339844" name="tprocess_coerce_usertype2" />
    <testcase time="0.001723766326904297" name="tprocess_custom" />
    <testcase time="0.00000000" name="tprocess_custom_no_args">
      <failure message="/home/travis/build/kaitai-io/ci_targets/compiled/nim/process_custom_no_args.nim(3, 35) Error: cannot open file: ../../tests/spec/nim/opaque/custom_fx_no_args
" />
    </testcase>
    <testcase time="0.001654624938964844" name="tprocess_repeat_bytes" />
    <testcase time="0.00000000" name="tprocess_repeat_usertype">
      <failure message="/home/travis/build/kaitai-io/ci_targets/tests/spec/nim/tests/tprocess_repeat_usertype.nim(7, 30) template/generic instantiation of `fromFile` from here
/home/travis/build/kaitai-io/ci_targets/compiled/nim/process_repeat_usertype.nim(37, 24) template/generic instantiation of `read` from here
/home/travis/build/kaitai-io/ci_targets/compiled/nim/process_repeat_usertype.nim(30, 9) Error: redefinition of 'buf'; previous declaration here: /home/travis/build/kaitai-io/ci_targets/compiled/nim/process_repeat_usertype.nim(28, 9)
" />
    </testcase>
    <testcase time="0.001623868942260742" name="tprocess_rotate" />
    <testcase time="0.00181269645690918" name="tprocess_to_user" />
    <testcase time="0.001782655715942383" name="tprocess_xor4_const" />
    <testcase time="0.001711130142211914" name="tprocess_xor4_value" />
    <testcase time="0.001801490783691406" name="tprocess_xor_const" />
    <testcase time="0.001735448837280273" name="tprocess_xor_value" />
    <testcase time="0.00174403190612793" name="trecursive_one" />
    <testcase time="0.001685857772827148" name="trepeat_eos_bit" />
    <testcase time="0.001732587814331055" name="trepeat_eos_struct" />
    <testcase time="0.001593351364135742" name="trepeat_eos_u4" />
    <testcase time="0.001733541488647461" name="trepeat_n_struct" />
    <testcase time="0.001708745956420898" name="trepeat_n_strz" />
    <testcase time="0.001668930053710938" name="trepeat_n_strz_double" />
    <testcase time="0.008073091506958008" name="trepeat_until_complex" />
    <testcase time="0.001681327819824219" name="trepeat_until_s4" />
    <testcase time="0.001708745956420898" name="trepeat_until_sized" />
    <testcase time="0.005910873413085938" name="tstr_encodings" />
    <testcase time="0.001799583435058594" name="tstr_encodings_default" />
    <testcase time="0.001664876937866211" name="tstr_eos" />
    <testcase time="0.001648902893066406" name="tstr_literals2" />
    <testcase time="0.001811742782592773" name="tstr_pad_term" />
    <testcase time="0.001752138137817383" name="tstr_pad_term_empty" />
    <testcase time="0.001761913299560547" name="tswitch_bytearray" />
    <testcase time="0.001676797866821289" name="tswitch_else_only" />
    <testcase time="0.001727581024169922" name="tswitch_integers" />
    <testcase time="0.00172114372253418" name="tswitch_integers2" />
    <testcase time="0.00172877311706543" name="tswitch_manual_enum" />
    <testcase time="0.00000000" name="tswitch_manual_enum_invalid">
      <failure message="/opt/Nim-1.2.0/lib/pure/unittest.nim(647, 43) Error: conversion from int literal(255) to SwitchManualEnumInvalid_Opcode_CodeEnum is invalid
" />
    </testcase>
    <testcase time="0.00000000" name="tswitch_manual_enum_invalid_else">
      <failure message="/opt/Nim-1.2.0/lib/pure/unittest.nim(647, 43) Error: conversion from int literal(255) to SwitchManualEnumInvalidElse_Opcode_CodeEnum is invalid
" />
    </testcase>
    <testcase time="0.001847267150878906" name="tswitch_manual_int" />
    <testcase time="0.001894474029541016" name="tswitch_manual_int_else" />
    <testcase time="0.001908540725708008" name="tswitch_manual_int_size_else" />
    <testcase time="0.001887321472167969" name="tswitch_manual_str" />
    <testcase time="0.001860141754150391" name="tswitch_manual_str_else" />
    <testcase time="0.001755475997924805" name="tterm_bytes" />
    <testcase time="0.001757144927978516" name="tterm_strz" />
    <testcase time="0.001675128936767578" name="tts_packet_header" />
    <testcase time="0.001645088195800781" name="ttype_int_unary_op" />
    <testcase time="0.001678705215454102" name="ttype_ternary" />
    <testcase time="0.001755714416503906" name="tuser_type" />
    <testcase time="0.001699924468994141" name="tvalid_long" />
    <testcase time="0.001725673675537109" name="tvalid_not_parsed_if" />
    <testcase time="0.001726388931274414" name="tvalid_short" />
    <testcase time="0.001606941223144531" name="tvalid_switch" />
    <testcase time="0.00000000" name="tzlib_surrounded">
      <failure message="/home/travis/build/kaitai-io/ci_targets/tests/spec/nim/tests/tzlib_surrounded.nim(7, 23) template/generic instantiation of `fromFile` from here
/home/travis/build/kaitai-io/ci_targets/compiled/nim/zlib_surrounded.nim(41, 17) template/generic instantiation of `read` from here
/home/travis/build/kaitai-io/ci_targets/compiled/nim/zlib_surrounded.nim(32, 36) Error: attempting to call undeclared routine: 'processZlib'
" />
    </testcase>
    <testcase time="0.00000000" name="tzlib_with_header_78">
      <failure message="/home/travis/build/kaitai-io/ci_targets/tests/spec/nim/tests/tzlib_with_header_78.nim(7, 25) template/generic instantiation of `fromFile` from here
/home/travis/build/kaitai-io/ci_targets/compiled/nim/zlib_with_header_78.nim(27, 19) template/generic instantiation of `read` from here
/home/travis/build/kaitai-io/ci_targets/compiled/nim/zlib_with_header_78.nim(23, 30) Error: attempting to call undeclared routine: 'processZlib'
" />
    </testcase>
  </testsuite>
</testsuites>