<testsuites>
  <testsuite tests="227" failures="5" errors="29" name="nim">
    <testcase time="0.00142908" name="tbcd_user_type_be" />
    <testcase time="0.00130200" name="tbcd_user_type_le" />
    <testcase time="0.00129533" name="tbits_byte_aligned" />
    <testcase time="0.00130057" name="tbits_enum" />
    <testcase time="0.00123405" name="tbits_seq_endian_combo" />
    <testcase time="0.00127912" name="tbits_shift_by_b32_le" />
    <testcase time="0.00130892" name="tbits_shift_by_b64_le" />
    <testcase time="0.00126910" name="tbits_signed_res_b32_be" />
    <testcase time="0.00128579" name="tbits_signed_res_b32_le" />
    <testcase time="0.00126290" name="tbits_signed_shift_b32_le" />
    <testcase time="0.00125837" name="tbits_signed_shift_b64_le" />
    <testcase time="0.00127649" name="tbits_simple" />
    <testcase time="0.00124478" name="tbits_simple_le" />
    <testcase time="0.00126171" name="tbits_unaligned_b32_be" />
    <testcase time="0.00124454" name="tbits_unaligned_b32_le" />
    <testcase time="0.00124192" name="tbits_unaligned_b64_be" />
    <testcase time="0.00123930" name="tbits_unaligned_b64_le" />
    <testcase time="0.00126505" name="tbuffered_struct" />
    <testcase time="0.00127697" name="tbytes_pad_term" />
    <testcase time="0.01196218" name="tcast_nested" />
    <testcase time="0.00124025" name="tcast_to_top" />
    <testcase time="0.00122666" name="tcombine_bool" />
    <testcase time="0.00126386" name="tcombine_bytes" />
    <testcase time="0.00124645" name="tcombine_enum" />
    <testcase time="0.00132704" name="tcombine_str" />
    <testcase time="0.00126290" name="tdebug_0" />
    <testcase time="0.00000000" name="tdebug_array_user">
      <failure message="/tests/spec/nim/tdebug_array_user.nim(4, 26) Error: cannot open file: ../../compiled/nim/debug_array_user
" />
    </testcase>
    <testcase time="0.00000000" name="tdebug_array_user_current_excluded">
      <failure message="/tests/spec/nim/tdebug_array_user_current_excluded.nim(4, 26) Error: cannot open file: ../../compiled/nim/debug_array_user_current_excluded
" />
    </testcase>
    <testcase time="0.00128007" name="tdebug_enum_name" />
    <testcase time="0.00122595" name="tdebug_switch_user" />
    <testcase time="0.00127769" name="tdefault_big_endian" />
    <testcase time="0.00128818" name="tdefault_bit_endian_mod" />
    <testcase time="0.00130486" name="tdefault_endian_expr_inherited" />
    <testcase time="0.00131655" name="tdefault_endian_expr_is_be" />
    <testcase time="0.00131297" name="tdefault_endian_expr_is_le" />
    <testcase time="0.00128579" name="tdefault_endian_mod" />
    <testcase time="0.00127435" name="tdocstrings" />
    <testcase time="0.00123072" name="tdocstrings_docref" />
    <testcase time="0.00125504" name="tdocstrings_docref_multi" />
    <testcase time="0.00127983" name="tenum_0" />
    <testcase time="0.00125980" name="tenum_1" />
    <testcase time="0.00124168" name="tenum_deep" />
    <testcase time="0.00126314" name="tenum_deep_literals" />
    <testcase time="0.00122976" name="tenum_fancy" />
    <testcase time="0.00130177" name="tenum_if" />
    <testcase time="0.00000000" name="tenum_import_literals">
      <failure message="/tests/compiled/nim/enum_import_literals.nim(11, 17) Error: undeclared identifier: &amp;apos;EnumDeep_Container1_Container2_Animal&amp;apos;
candidates (edit distance, scope distance); see &amp;apos;--spellSuggest&amp;apos;: 
 (22, 0): &amp;apos;EnumImportLiterals&amp;apos;
" />
    </testcase>
    <testcase time="0.00123334" name="tenum_import_seq" />
    <testcase time="0.00126266" name="tenum_int_range_s" />
    <testcase time="0.00130486" name="tenum_int_range_u" />
    <testcase time="0.00000000" name="tenum_invalid">
      <failure message="/tests/spec/nim/tenum_invalid.nim(10, 15) Error: type mismatch
Expression: r.pet2 == 111
  [1] r.pet2: EnumInvalid_Animal
  [2] 111: int literal(111)

Expected one of (first mismatch at [position]):
[1] proc `==`(err1, err2: OSErrorCode): bool
[1] proc `==`(x, y: bool): bool
[1] proc `==`(x, y: char): bool
[1] proc `==`(x, y: cstring): bool
[1] proc `==`(x, y: float): bool
[1] proc `==`(x, y: float32): bool
[1] proc `==`(x, y: int): bool
[1] proc `==`(x, y: int16): bool
[1] proc `==`(x, y: int32): bool
[1] proc `==`(x, y: int64): bool
[1] proc `==`(x, y: int8): bool
[1] proc `==`(x, y: pointer): bool
[1] proc `==`(x, y: string): bool
[1] proc `==`(x, y: uint): bool
[1] proc `==`(x, y: uint16): bool
[1] proc `==`(x, y: uint32): bool
[1] proc `==`(x, y: uint64): bool
[1] proc `==`(x, y: uint8): bool
[1] proc `==`(x: string; y: typeof(nil) | typeof(nil)): bool
[1] proc `==`(x: typeof(nil) | typeof(nil); y: string): bool
[1] proc `==`[I, T](x, y: array[I, T]): bool
[1] proc `==`[S: SomeSignedInt; U: SomeUnsignedInt](x: S; y: U): bool
[1] proc `==`[S: SomeSignedInt; U: SomeUnsignedInt](x: U; y: S): bool
[1] proc `==`[T: proc | iterator](x, y: T): bool
[1] proc `==`[T](x, y: openArray[T]): bool
[1] proc `==`[T](x, y: ptr T): bool
[1] proc `==`[T](x, y: ref T): bool
[1] proc `==`[T](x, y: seq[T]): bool
[1] proc `==`[T](x, y: set[T]): bool
[2] proc `==`[Enum: enum](x, y: Enum): bool
[2] proc `==`[T: tuple | object](x, y: T): bool
[2] proc `==`[T](a, b: Option[T]): bool

" />
    </testcase>
    <testcase time="0.00125194" name="tenum_long_range_s" />
    <testcase time="0.00123143" name="tenum_long_range_u" />
    <testcase time="0.00127959" name="tenum_negative" />
    <testcase time="0.00127840" name="tenum_of_value_inst" />
    <testcase time="0.00129390" name="tenum_to_i" />
    <testcase time="0.00000000" name="tenum_to_i_class_border_1">
      <failure message="/tests/compiled/nim/enum_to_i_class_border_2.nim(7, 16) Error: undeclared identifier: &amp;apos;EnumToIClassBorder1&amp;apos;
candidates (edit distance, scope distance); see &amp;apos;--spellSuggest&amp;apos;: 
 (1, 0): &amp;apos;EnumToIClassBorder2&amp;apos;
 (1, 0): &amp;apos;enum_to_i_class_border_1&amp;apos;
This might be caused by a recursive module dependency:
/tests/compiled/nim/enum_to_i_class_border_1.nim imports /tests/compiled/nim/enum_to_i_class_border_2.nim
/tests/compiled/nim/enum_to_i_class_border_2.nim imports /tests/compiled/nim/enum_to_i_class_border_1.nim
" />
    </testcase>
    <testcase time="0.00000000" name="tenum_to_i_invalid">
      <failure message="/tests/spec/nim/tenum_to_i_invalid.nim(10, 15) Error: type mismatch
Expression: r.pet2 == 111
  [1] r.pet2: EnumToIInvalid_Animal
  [2] 111: int literal(111)

Expected one of (first mismatch at [position]):
[1] proc `==`(err1, err2: OSErrorCode): bool
[1] proc `==`(x, y: bool): bool
[1] proc `==`(x, y: char): bool
[1] proc `==`(x, y: cstring): bool
[1] proc `==`(x, y: float): bool
[1] proc `==`(x, y: float32): bool
[1] proc `==`(x, y: int): bool
[1] proc `==`(x, y: int16): bool
[1] proc `==`(x, y: int32): bool
[1] proc `==`(x, y: int64): bool
[1] proc `==`(x, y: int8): bool
[1] proc `==`(x, y: pointer): bool
[1] proc `==`(x, y: string): bool
[1] proc `==`(x, y: uint): bool
[1] proc `==`(x, y: uint16): bool
[1] proc `==`(x, y: uint32): bool
[1] proc `==`(x, y: uint64): bool
[1] proc `==`(x, y: uint8): bool
[1] proc `==`(x: string; y: typeof(nil) | typeof(nil)): bool
[1] proc `==`(x: typeof(nil) | typeof(nil); y: string): bool
[1] proc `==`[I, T](x, y: array[I, T]): bool
[1] proc `==`[S: SomeSignedInt; U: SomeUnsignedInt](x: S; y: U): bool
[1] proc `==`[S: SomeSignedInt; U: SomeUnsignedInt](x: U; y: S): bool
[1] proc `==`[T: proc | iterator](x, y: T): bool
[1] proc `==`[T](x, y: openArray[T]): bool
[1] proc `==`[T](x, y: ptr T): bool
[1] proc `==`[T](x, y: ref T): bool
[1] proc `==`[T](x, y: seq[T]): bool
[1] proc `==`[T](x, y: set[T]): bool
[2] proc `==`[Enum: enum](x, y: Enum): bool
[2] proc `==`[T: tuple | object](x, y: T): bool
[2] proc `==`[T](a, b: Option[T]): bool

" />
    </testcase>
    <testcase time="0.00128961" name="texpr_0" />
    <testcase time="0.00128508" name="texpr_1" />
    <testcase time="0.00134706" name="texpr_2" />
    <testcase time="0.00127625" name="texpr_3" />
    <testcase time="0.00131202" name="texpr_array" />
    <testcase time="0.00124812" name="texpr_bits" />
    <testcase time="0.00127816" name="texpr_bytes_cmp" />
    <testcase time="0.00126338" name="texpr_bytes_non_literal" />
    <testcase time="0.00126743" name="texpr_bytes_ops" />
    <testcase time="0.00127673" name="texpr_calc_array_ops" />
    <testcase time="0.00124955" name="texpr_enum" />
    <testcase time="0.00129437" name="texpr_fstring_0" />
    <testcase time="0.00000000" name="texpr_if_int_ops">
      <failure message="/tests/spec/nim/texpr_if_int_ops.nim(7, 21) template/generic instantiation of `fromFile` from here
/tests/compiled/nim/expr_if_int_ops.nim(60, 15) template/generic instantiation of `read` from here
/tests/compiled/nim/expr_if_int_ops.nim(37, 32) Error: type mismatch
Expression: processXor(result.rawBytes, result.key)
  [1] result.rawBytes: seq[byte]
  [2] result.key: uint64

Expected one of (first mismatch at [position]):
[2] proc processXor(data, key: seq[byte]): seq[byte]
[2] proc processXor(data: seq[byte]; key: byte): seq[byte]

" />
    </testcase>
    <testcase time="0.00128102" name="texpr_int_div">
      <failure message="/tests/spec/nim/texpr_int_div.nim(12) texpr_int_div
/usr/local/src/nim/lib/std/assertions.nim(45) failedAssertImpl
/usr/local/src/nim/lib/std/assertions.nim(40) raiseAssert
/usr/local/src/nim/lib/system/fatal.nim(62) sysFatal
Error: unhandled exception: /tests/spec/nim/texpr_int_div.nim(12, 1) `r.divNegConst == -757`  [AssertionDefect]
" />
    </testcase>
    <testcase time="0.00127077" name="texpr_io_eof" />
    <testcase time="0.00138879" name="texpr_io_pos" />
    <testcase time="0.00129128" name="texpr_io_ternary" />
    <testcase time="0.00123358" name="texpr_mod" />
    <testcase time="0.00127292" name="texpr_ops_parens" />
    <testcase time="0.00125551" name="texpr_sizeof_type_0" />
    <testcase time="0.00125027" name="texpr_sizeof_type_1" />
    <testcase time="0.00125909" name="texpr_sizeof_value_0" />
    <testcase time="0.00128651" name="texpr_sizeof_value_sized" />
    <testcase time="0.04219961" name="texpr_str_encodings" />
    <testcase time="0.00130725" name="texpr_str_ops" />
    <testcase time="0.00127459" name="tfixed_contents" />
    <testcase time="0.00130415" name="tfixed_struct" />
    <testcase time="0.00124454" name="tfloat_to_i" />
    <testcase time="0.00127697" name="tfloating_points">
      <failure message="/tests/spec/nim/tfloating_points.nim(13) tfloating_points
/usr/local/src/nim/lib/std/assertions.nim(45) failedAssertImpl
/usr/local/src/nim/lib/std/assertions.nim(40) raiseAssert
/usr/local/src/nim/lib/system/fatal.nim(62) sysFatal
Error: unhandled exception: /tests/spec/nim/tfloating_points.nim(13, 1) `r.approximateValue == 1.2345`  [AssertionDefect]
" />
    </testcase>
    <testcase time="0.00122976" name="thello_world" />
    <testcase time="0.00129318" name="tif_instances" />
    <testcase time="0.00134826" name="tif_struct" />
    <testcase time="0.00129128" name="tif_values" />
    <testcase time="0.00124741" name="timports0" />
    <testcase time="0.00000000" name="timports_abs">
      <failure message="/tests/spec/nim/timports_abs.nim(9, 13) Error: undeclared field: &amp;apos;value&amp;apos; for type vlq_base128_le.VlqBase128Le [type declared in /tests/compiled/nim/vlq_base128_le.nim(5, 3)]
" />
    </testcase>
    <testcase time="0.00127196" name="timports_abs_abs" />
    <testcase time="0.00122571" name="timports_abs_rel" />
    <testcase time="0.00000000" name="timports_cast_to_imported">
      <failure message="/tests/compiled/nim/cast_to_imported.nim(29, 30) Error: undeclared identifier: &amp;apos;HelloWorld&amp;apos;
candidates (edit distance, scope distance); see &amp;apos;--spellSuggest&amp;apos;: 
 (6, 4): &amp;apos;declared&amp;apos;
" />
    </testcase>
    <testcase time="0.00000000" name="timports_cast_to_imported2">
      <failure message="/tests/compiled/nim/cast_to_imported2.nim(8, 15) Error: undeclared identifier: &amp;apos;HelloWorld&amp;apos;
candidates (edit distance, scope distance); see &amp;apos;--spellSuggest&amp;apos;: 
 (6, 2): &amp;apos;declared&amp;apos;
" />
    </testcase>
    <testcase time="0.00000000" name="timports_circular_a">
      <failure message="/tests/compiled/nim/imports_circular_b.nim(8, 17) Error: undeclared identifier: &amp;apos;ImportsCircularA&amp;apos;
candidates (edit distance, scope distance); see &amp;apos;--spellSuggest&amp;apos;: 
 (1, 0): &amp;apos;ImportsCircularB&amp;apos;
 (1, 0): &amp;apos;imports_circular_a&amp;apos;
This might be caused by a recursive module dependency:
/tests/compiled/nim/imports_circular_a.nim imports /tests/compiled/nim/imports_circular_b.nim
/tests/compiled/nim/imports_circular_b.nim imports /tests/compiled/nim/imports_circular_a.nim
" />
    </testcase>
    <testcase time="0.00000000" name="timports_params_def_array_usertype_imported">
      <failure message="/tests/spec/nim/timports_params_def_array_usertype_imported.nim(12, 13) Error: undeclared field: &amp;apos;hw0One&amp;apos; for type params_def_array_usertype_imported.ParamsDefArrayUsertypeImported [type declared in /tests/compiled/nim/params_def_array_usertype_imported.nim(6, 3)]
" />
    </testcase>
    <testcase time="0.00124741" name="timports_params_def_enum_imported" />
    <testcase time="0.00000000" name="timports_params_def_usertype_imported">
      <failure message="/tests/spec/nim/timports_params_def_usertype_imported.nim(10, 13) Error: undeclared field: &amp;apos;hwOne&amp;apos; for type params_def_usertype_imported.ParamsDefUsertypeImported [type declared in /tests/compiled/nim/params_def_usertype_imported.nim(6, 3)]
" />
    </testcase>
    <testcase time="0.00125170" name="timports_rel_1" />
    <testcase time="0.00131154" name="tindex_sizes" />
    <testcase time="0.00131273" name="tindex_to_param_eos" />
    <testcase time="0.00136900" name="tindex_to_param_expr" />
    <testcase time="0.00129008" name="tindex_to_param_until" />
    <testcase time="0.00132918" name="tinstance_io_user" />
    <testcase time="0.00130343" name="tinstance_std" />
    <testcase time="0.00127196" name="tinstance_std_array" />
    <testcase time="0.00126100" name="tinstance_user_array" />
    <testcase time="0.00128126" name="tintegers" />
    <testcase time="0.00125432" name="tintegers_double_overflow" />
    <testcase time="0.00126672" name="tintegers_min_max" />
    <testcase time="0.00000000" name="tio_local_var">
      <failure message="/tests/compiled/nim/io_local_var.nim(59, 25) Error: type mismatch: got &amp;apos;seq[byte]&amp;apos; for &amp;apos;messUpInstExpr&amp;apos; but expected &amp;apos;KaitaiStruct = ref KaitaiStruct:ObjectType&amp;apos;
" />
    </testcase>
    <testcase time="0.00127268" name="tjs_signed_right_shift" />
    <testcase time="0.00125384" name="tmeta_tags" />
    <testcase time="0.00123620" name="tmeta_xref" />
    <testcase time="0.00126839" name="tmultiple_use" />
    <testcase time="0.00125432" name="tname_clash_import_vs_inst" />
    <testcase time="0.00132823" name="tnav_parent" />
    <testcase time="0.00137520" name="tnav_parent2" />
    <testcase time="0.00132656" name="tnav_parent3" />
    <testcase time="0.00125360" name="tnav_parent_false" />
    <testcase time="0.00122595" name="tnav_parent_false2" />
    <testcase time="0.00128388" name="tnav_parent_override" />
    <testcase time="0.00128961" name="tnav_parent_recursive" />
    <testcase time="0.00124264" name="tnav_parent_switch" />
    <testcase time="0.00000000" name="tnav_parent_switch_cast">
      <failure message="/tests/compiled/nim/nav_parent_switch_cast.nim(92, 64) Error: undeclared field: &amp;apos;parent&amp;apos; for type kaitai_struct_nim_runtime.KaitaiStruct [type declared in /root/.nimble/pkgs2/kaitai_struct_nim_runtime-0.11.0-fab73e185a649148e837d0548033cf9ab5e5a285/kaitai_struct_nim_runtime.nim(5, 3)]
" />
    </testcase>
    <testcase time="0.00131655" name="tnav_parent_vs_value_inst" />
    <testcase time="0.00131464" name="tnav_root" />
    <testcase time="0.00126004" name="tnav_root_recursive" />
    <testcase time="0.00125432" name="tnested_same_name" />
    <testcase time="0.00127578" name="tnested_same_name2" />
    <testcase time="0.00129938" name="tnested_type_param" />
    <testcase time="0.00125790" name="tnested_types" />
    <testcase time="0.00128651" name="tnested_types2" />
    <testcase time="0.00127673" name="tnested_types3" />
    <testcase time="0.00128841" name="tnested_types_import">
      <failure message="/tests/spec/nim/tnested_types_import.nim(15) tnested_types_import
/usr/local/src/nim/lib/std/assertions.nim(45) failedAssertImpl
/usr/local/src/nim/lib/std/assertions.nim(40) raiseAssert
/usr/local/src/nim/lib/system/fatal.nim(62) sysFatal
Error: unhandled exception: /tests/spec/nim/tnested_types_import.nim(15, 1) `r.aCc.root == nil`  [AssertionDefect]
" />
    </testcase>
    <testcase time="0.00124550" name="tnon_standard" />
    <testcase time="0.00123334" name="topaque_external_type" />
    <testcase time="0.00132275" name="tparams_call" />
    <testcase time="0.00130773" name="tparams_call_extra_parens" />
    <testcase time="0.00122094" name="tparams_enum" />
    <testcase time="0.00126886" name="tparams_pass_array_int" />
    <testcase time="0.00130796" name="tparams_pass_array_str" />
    <testcase time="0.00126982" name="tparams_pass_array_struct" />
    <testcase time="0.00127792" name="tparams_pass_array_usertype" />
    <testcase time="0.00128436" name="tparams_pass_bool" />
    <testcase time="0.00125861" name="tparams_pass_struct" />
    <testcase time="0.00125098" name="tparams_pass_usertype" />
    <testcase time="0.00132084" name="tposition_abs" />
    <testcase time="0.00130606" name="tposition_in_seq" />
    <testcase time="0.00125527" name="tposition_to_end" />
    <testcase time="0.00125456" name="tprocess_coerce_bytes" />
    <testcase time="0.00000000" name="tprocess_coerce_switch">
      <failure message="/tests/spec/nim/tprocess_coerce_switch.nim(7, 28) template/generic instantiation of `fromFile` from here
/tests/compiled/nim/process_coerce_switch.nim(75, 22) template/generic instantiation of `read` from here
/tests/compiled/nim/process_coerce_switch.nim(48, 26) Error: type mismatch: got &amp;apos;seq[byte]&amp;apos; for &amp;apos;bufUnprocExpr&amp;apos; but expected &amp;apos;KaitaiStruct = ref KaitaiStruct:ObjectType&amp;apos;
" />
    </testcase>
    <testcase time="0.00125265" name="tprocess_coerce_usertype1" />
    <testcase time="0.00128865" name="tprocess_coerce_usertype2" />
    <testcase time="0.00000000" name="tprocess_custom">
      <failure message="/tests/compiled/nim/process_custom.nim(3, 8) Error: cannot open file: my_custom_fx
" />
    </testcase>
    <testcase time="0.00000000" name="tprocess_custom_no_args">
      <failure message="/tests/compiled/nim/process_custom_no_args.nim(3, 8) Error: cannot open file: custom_fx_no_args
" />
    </testcase>
    <testcase time="0.00127602" name="tprocess_repeat_bytes" />
    <testcase time="0.00000000" name="tprocess_repeat_usertype">
      <failure message="/tests/spec/nim/tprocess_repeat_usertype.nim(7, 30) template/generic instantiation of `fromFile` from here
/tests/compiled/nim/process_repeat_usertype.nim(37, 24) template/generic instantiation of `read` from here
/tests/compiled/nim/process_repeat_usertype.nim(30, 9) Error: redefinition of &amp;apos;buf&amp;apos;; previous declaration here: /tests/compiled/nim/process_repeat_usertype.nim(28, 9)
" />
    </testcase>
    <testcase time="0.00126052" name="tprocess_rotate" />
    <testcase time="0.00133133" name="tprocess_to_user" />
    <testcase time="0.00125074" name="tprocess_xor4_const" />
    <testcase time="0.00132728" name="tprocess_xor4_value" />
    <testcase time="0.00127363" name="tprocess_xor_const" />
    <testcase time="0.00124049" name="tprocess_xor_value" />
    <testcase time="0.00140882" name="trecursive_one" />
    <testcase time="0.00131273" name="trepeat_eos_bits_b1" />
    <testcase time="0.00127459" name="trepeat_eos_bits_b4" />
    <testcase time="0.00126910" name="trepeat_eos_struct" />
    <testcase time="0.00126529" name="trepeat_eos_u4" />
    <testcase time="0.00128150" name="trepeat_n_struct" />
    <testcase time="0.00132203" name="trepeat_n_strz" />
    <testcase time="0.00132632" name="trepeat_n_strz_double" />
    <testcase time="0.00127172" name="trepeat_until_calc_array_type" />
    <testcase time="0.00130272" name="trepeat_until_complex" />
    <testcase time="0.00130486" name="trepeat_until_s4" />
    <testcase time="0.00127959" name="trepeat_until_sized" />
    <testcase time="0.00145650" name="tstr_encodings" />
    <testcase time="0.00146508" name="tstr_encodings_default" />
    <testcase time="0.03703308" name="tstr_encodings_utf16" />
    <testcase time="0.00130677" name="tstr_eos" />
    <testcase time="0.00124598" name="tstr_literals">
      <failure message="/tests/spec/nim/tstr_literals.nim(9) tstr_literals
/usr/local/src/nim/lib/std/assertions.nim(45) failedAssertImpl
/usr/local/src/nim/lib/std/assertions.nim(40) raiseAssert
/usr/local/src/nim/lib/system/fatal.nim(62) sysFatal
Error: unhandled exception: /tests/spec/nim/tstr_literals.nim(9, 1) `strToArr(r.complexStr) ==
    @[0&amp;apos;i32, 1, 2, 7, 8, 10, 13, 9, 11, 12, 27, 61, 7, 10, 36, 9787]`  [AssertionDefect]
" />
    </testcase>
    <testcase time="0.00122309" name="tstr_literals2" />
    <testcase time="0.00132656" name="tstr_literals_latin1">
      <failure message="/tests/spec/nim/tstr_literals_latin1.nim(9) tstr_literals_latin1
/usr/local/src/nim/lib/std/assertions.nim(45) failedAssertImpl
/usr/local/src/nim/lib/std/assertions.nim(40) raiseAssert
/usr/local/src/nim/lib/system/fatal.nim(62) sysFatal
Error: unhandled exception: /tests/spec/nim/tstr_literals_latin1.nim(9, 1) `r.parsedEqLiteral == true`  [AssertionDefect]
" />
    </testcase>
    <testcase time="0.00131917" name="tstr_pad_term" />
    <testcase time="0.00132370" name="tstr_pad_term_empty" />
    <testcase time="0.00138617" name="tstr_pad_term_utf16" />
    <testcase time="0.00133443" name="tswitch_bytearray" />
    <testcase time="0.00130653" name="tswitch_else_only" />
    <testcase time="0.00129199" name="tswitch_integers" />
    <testcase time="0.00125098" name="tswitch_integers2" />
    <testcase time="0.00127316" name="tswitch_manual_enum" />
    <testcase time="0.00000000" name="tswitch_manual_enum_invalid">
      <failure message="/tests/spec/nim/tswitch_manual_enum_invalid.nim(10, 26) Error: type mismatch
Expression: r.opcodes[0].code == 255
  [1] r.opcodes[0].code: SwitchManualEnumInvalid_Opcode_CodeEnum
  [2] 255: int literal(255)

Expected one of (first mismatch at [position]):
[1] proc `==`(err1, err2: OSErrorCode): bool
[1] proc `==`(x, y: bool): bool
[1] proc `==`(x, y: char): bool
[1] proc `==`(x, y: cstring): bool
[1] proc `==`(x, y: float): bool
[1] proc `==`(x, y: float32): bool
[1] proc `==`(x, y: int): bool
[1] proc `==`(x, y: int16): bool
[1] proc `==`(x, y: int32): bool
[1] proc `==`(x, y: int64): bool
[1] proc `==`(x, y: int8): bool
[1] proc `==`(x, y: pointer): bool
[1] proc `==`(x, y: string): bool
[1] proc `==`(x, y: uint): bool
[1] proc `==`(x, y: uint16): bool
[1] proc `==`(x, y: uint32): bool
[1] proc `==`(x, y: uint64): bool
[1] proc `==`(x, y: uint8): bool
[1] proc `==`(x: string; y: typeof(nil) | typeof(nil)): bool
[1] proc `==`(x: typeof(nil) | typeof(nil); y: string): bool
[1] proc `==`[I, T](x, y: array[I, T]): bool
[1] proc `==`[S: SomeSignedInt; U: SomeUnsignedInt](x: S; y: U): bool
[1] proc `==`[S: SomeSignedInt; U: SomeUnsignedInt](x: U; y: S): bool
[1] proc `==`[T: proc | iterator](x, y: T): bool
[1] proc `==`[T](x, y: openArray[T]): bool
[1] proc `==`[T](x, y: ptr T): bool
[1] proc `==`[T](x, y: ref T): bool
[1] proc `==`[T](x, y: seq[T]): bool
[1] proc `==`[T](x, y: set[T]): bool
[2] proc `==`[Enum: enum](x, y: Enum): bool
[2] proc `==`[T: tuple | object](x, y: T): bool
[2] proc `==`[T](a, b: Option[T]): bool

" />
    </testcase>
    <testcase time="0.00000000" name="tswitch_manual_enum_invalid_else">
      <failure message="/tests/spec/nim/tswitch_manual_enum_invalid_else.nim(10, 26) Error: type mismatch
Expression: r.opcodes[0].code == 255
  [1] r.opcodes[0].code: SwitchManualEnumInvalidElse_Opcode_CodeEnum
  [2] 255: int literal(255)

Expected one of (first mismatch at [position]):
[1] proc `==`(err1, err2: OSErrorCode): bool
[1] proc `==`(x, y: bool): bool
[1] proc `==`(x, y: char): bool
[1] proc `==`(x, y: cstring): bool
[1] proc `==`(x, y: float): bool
[1] proc `==`(x, y: float32): bool
[1] proc `==`(x, y: int): bool
[1] proc `==`(x, y: int16): bool
[1] proc `==`(x, y: int32): bool
[1] proc `==`(x, y: int64): bool
[1] proc `==`(x, y: int8): bool
[1] proc `==`(x, y: pointer): bool
[1] proc `==`(x, y: string): bool
[1] proc `==`(x, y: uint): bool
[1] proc `==`(x, y: uint16): bool
[1] proc `==`(x, y: uint32): bool
[1] proc `==`(x, y: uint64): bool
[1] proc `==`(x, y: uint8): bool
[1] proc `==`(x: string; y: typeof(nil) | typeof(nil)): bool
[1] proc `==`(x: typeof(nil) | typeof(nil); y: string): bool
[1] proc `==`[I, T](x, y: array[I, T]): bool
[1] proc `==`[S: SomeSignedInt; U: SomeUnsignedInt](x: S; y: U): bool
[1] proc `==`[S: SomeSignedInt; U: SomeUnsignedInt](x: U; y: S): bool
[1] proc `==`[T: proc | iterator](x, y: T): bool
[1] proc `==`[T](x, y: openArray[T]): bool
[1] proc `==`[T](x, y: ptr T): bool
[1] proc `==`[T](x, y: ref T): bool
[1] proc `==`[T](x, y: seq[T]): bool
[1] proc `==`[T](x, y: set[T]): bool
[2] proc `==`[Enum: enum](x, y: Enum): bool
[2] proc `==`[T: tuple | object](x, y: T): bool
[2] proc `==`[T](a, b: Option[T]): bool

" />
    </testcase>
    <testcase time="0.00134325" name="tswitch_manual_int" />
    <testcase time="0.00132895" name="tswitch_manual_int_else" />
    <testcase time="0.00000000" name="tswitch_manual_int_size">
      <failure message="/tests/spec/nim/tswitch_manual_int_size.nim(7, 28) template/generic instantiation of `fromFile` from here
/tests/compiled/nim/switch_manual_int_size.nim(44, 22) template/generic instantiation of `read` from here
/tests/compiled/nim/switch_manual_int_size.nim(39, 41) template/generic instantiation of `read` from here
/tests/compiled/nim/switch_manual_int_size.nim(74, 19) Error: type mismatch: got &amp;apos;seq[byte]&amp;apos; for &amp;apos;bodyExpr&amp;apos; but expected &amp;apos;KaitaiStruct = ref KaitaiStruct:ObjectType&amp;apos;
" />
    </testcase>
    <testcase time="0.00134182" name="tswitch_manual_int_size_else" />
    <testcase time="0.00000000" name="tswitch_manual_int_size_eos">
      <failure message="/tests/spec/nim/tswitch_manual_int_size_eos.nim(7, 31) template/generic instantiation of `fromFile` from here
/tests/compiled/nim/switch_manual_int_size_eos.nim(49, 25) template/generic instantiation of `read` from here
/tests/compiled/nim/switch_manual_int_size_eos.nim(44, 44) template/generic instantiation of `read` from here
/tests/compiled/nim/switch_manual_int_size_eos.nim(66, 50) template/generic instantiation of `read` from here
/tests/compiled/nim/switch_manual_int_size_eos.nim(96, 19) Error: type mismatch: got &amp;apos;seq[byte]&amp;apos; for &amp;apos;bodyExpr&amp;apos; but expected &amp;apos;KaitaiStruct = ref KaitaiStruct:ObjectType&amp;apos;
" />
    </testcase>
    <testcase time="0.00129032" name="tswitch_manual_str" />
    <testcase time="0.00134420" name="tswitch_manual_str_else" />
    <testcase time="0.00127554" name="tswitch_multi_bool_ops" />
    <testcase time="0.00000000" name="tswitch_repeat_expr">
      <failure message="/tests/spec/nim/tswitch_repeat_expr.nim(7, 25) template/generic instantiation of `fromFile` from here
/tests/compiled/nim/switch_repeat_expr.nim(59, 19) template/generic instantiation of `read` from here
/tests/compiled/nim/switch_repeat_expr.nim(56, 18) Error: type mismatch
Expression: add(result.body, it)
  [1] result.body: seq[KaitaiStruct]
  [2] it: seq[byte]

Expected one of (first mismatch at [position]):
[1] proc add(x: var string; y: char)
[1] proc add(x: var string; y: cstring)
[1] proc add(x: var string; y: string)
[2] proc add[T](x: var seq[T]; y: openArray[T])
[2] proc add[T](x: var seq[T]; y: sink T)

" />
    </testcase>
    <testcase time="0.00000000" name="tswitch_repeat_expr_invalid">
      <failure message="/tests/spec/nim/tswitch_repeat_expr_invalid.nim(7, 32) template/generic instantiation of `fromFile` from here
/tests/compiled/nim/switch_repeat_expr_invalid.nim(53, 26) template/generic instantiation of `read` from here
/tests/compiled/nim/switch_repeat_expr_invalid.nim(50, 18) Error: type mismatch
Expression: add(result.body, it)
  [1] result.body: seq[KaitaiStruct]
  [2] it: seq[byte]

Expected one of (first mismatch at [position]):
[1] proc add(x: var string; y: char)
[1] proc add(x: var string; y: cstring)
[1] proc add(x: var string; y: string)
[2] proc add[T](x: var seq[T]; y: openArray[T])
[2] proc add[T](x: var seq[T]; y: sink T)

" />
    </testcase>
    <testcase time="0.00132179" name="tterm_bytes" />
    <testcase time="0.00134397" name="tterm_strz" />
    <testcase time="0.00143862" name="tterm_strz_utf16_v1" />
    <testcase time="0.00141835" name="tterm_strz_utf16_v2" />
    <testcase time="0.00140929" name="tterm_strz_utf16_v3" />
    <testcase time="0.00139928" name="tterm_strz_utf16_v4" />
    <testcase time="0.00136733" name="tterm_u1_val" />
    <testcase time="0.00127435" name="tts_packet_header" />
    <testcase time="0.00124836" name="ttype_int_unary_op" />
    <testcase time="0.00127363" name="ttype_ternary" />
    <testcase time="0.00130916" name="ttype_ternary_2nd_falsy" />
    <testcase time="0.00124812" name="ttype_ternary_opaque" />
    <testcase time="0.00126243" name="tuser_type" />
    <testcase time="0.00147200" name="tvalid_eq_str_encodings" />
    <testcase time="0.00130343" name="tvalid_long" />
    <testcase time="0.00125527" name="tvalid_not_parsed_if" />
    <testcase time="0.00000000" name="tvalid_optional_id">
      <failure message="/tests/spec/nim/tvalid_optional_id.nim(4, 26) Error: cannot open file: ../../compiled/nim/valid_optional_id
" />
    </testcase>
    <testcase time="0.00129557" name="tvalid_short" />
    <testcase time="0.00124812" name="tvalid_switch" />
    <testcase time="0.00000000" name="tyaml_ints">
      <failure message="/tests/compiled/nim/yaml_ints.nim(51, 30) Error: 18446744073709551615 can&amp;apos;t be converted to int
" />
    </testcase>
    <testcase time="0.00000000" name="tzlib_surrounded">
      <failure message="/tests/spec/nim/tzlib_surrounded.nim(7, 23) template/generic instantiation of `fromFile` from here
/tests/compiled/nim/zlib_surrounded.nim(41, 17) template/generic instantiation of `read` from here
/tests/compiled/nim/zlib_surrounded.nim(32, 36) Error: attempting to call undeclared routine: &amp;apos;processZlib&amp;apos;
" />
    </testcase>
    <testcase time="0.00000000" name="tzlib_with_header_78">
      <failure message="/tests/spec/nim/tzlib_with_header_78.nim(7, 25) template/generic instantiation of `fromFile` from here
/tests/compiled/nim/zlib_with_header_78.nim(27, 19) template/generic instantiation of `read` from here
/tests/compiled/nim/zlib_with_header_78.nim(23, 30) Error: attempting to call undeclared routine: &amp;apos;processZlib&amp;apos;
" />
    </testcase>
  </testsuite>
</testsuites>