<testsuites>
  <testsuite tests="166" failures="0" errors="13" name="tests">
    <testcase time="0.001814365386962891" name="tbcd_user_type_be" />
    <testcase time="0.001867294311523438" name="tbcd_user_type_le" />
    <testcase time="0.001764297485351562" name="tbits_byte_aligned" />
    <testcase time="0.00185847282409668" name="tbits_enum" />
    <testcase time="0.001790761947631836" name="tbits_simple" />
    <testcase time="0.001760244369506836" name="tbuffered_struct" />
    <testcase time="0.001765251159667969" name="tbytes_pad_term" />
    <testcase time="0.001913309097290039" name="tcast_nested" />
    <testcase time="0.001653194427490234" name="tcast_to_imported" />
    <testcase time="0.001872777938842773" name="tcast_to_top" />
    <testcase time="0.001773595809936523" name="tcombine_bool" />
    <testcase time="0.001758575439453125" name="tcombine_bytes" />
    <testcase time="0.001847028732299805" name="tcombine_str" />
    <testcase time="0.001791000366210938" name="tdebug_switch_user" />
    <testcase time="0.001882553100585938" name="tdefault_big_endian" />
    <testcase time="0.00181269645690918" name="tdefault_endian_expr_inherited" />
    <testcase time="0.001851797103881836" name="tdefault_endian_expr_is_be" />
    <testcase time="0.001826047897338867" name="tdefault_endian_expr_is_le" />
    <testcase time="0.001771211624145508" name="tdefault_endian_mod" />
    <testcase time="0.001683950424194336" name="tdocstrings" />
    <testcase time="0.001693010330200195" name="tdocstrings_docref" />
    <testcase time="0.001759767532348633" name="tdocstrings_docref_multi" />
    <testcase time="0.001722335815429688" name="tenum_0" />
    <testcase time="0.001807928085327148" name="tenum_1" />
    <testcase time="0.001715183258056641" name="tenum_deep" />
    <testcase time="0.001800298690795898" name="tenum_deep_literals" />
    <testcase time="0.001765966415405273" name="tenum_fancy" />
    <testcase time="0.001773357391357422" name="tenum_if" />
    <testcase time="0.001736640930175781" name="tenum_import" />
    <testcase time="0.001717567443847656" name="tenum_int_range_s" />
    <testcase time="0.001733303070068359" name="tenum_int_range_u" />
    <testcase time="0.001649618148803711" name="tenum_invalid" />
    <testcase time="0.001883506774902344" name="tenum_long_range_s" />
    <testcase time="0.001865625381469727" name="tenum_long_range_u" />
    <testcase time="0.001830101013183594" name="tenum_negative" />
    <testcase time="0.001822233200073242" name="tenum_of_value_inst" />
    <testcase time="0.009883642196655273" name="tenum_to_i" />
    <testcase time="0.00000000" name="tenum_to_i_class_border_1">
      <failure message="/home/travis/build/kaitai-io/ci_targets/compiled/nim/enum_to_i_class_border_1.nim(22, 26) Error: undeclared identifier: 'EnumToIClassBorder2'
This might be caused by a recursive module dependency:
/home/travis/build/kaitai-io/ci_targets/compiled/nim/enum_to_i_class_border_2.nim imports /home/travis/build/kaitai-io/ci_targets/compiled/nim/enum_to_i_class_border_1.nim
/home/travis/build/kaitai-io/ci_targets/compiled/nim/enum_to_i_class_border_1.nim imports /home/travis/build/kaitai-io/ci_targets/compiled/nim/enum_to_i_class_border_2.nim
" />
    </testcase>
    <testcase time="0.001740694046020508" name="texpr_0" />
    <testcase time="0.002101659774780273" name="texpr_1" />
    <testcase time="0.001919031143188477" name="texpr_2" />
    <testcase time="0.002133369445800781" name="texpr_3" />
    <testcase time="0.001971244812011719" name="texpr_array" />
    <testcase time="0.001854181289672852" name="texpr_bits" />
    <testcase time="0.001959323883056641" name="texpr_bytes_cmp" />
    <testcase time="0.00000000" name="texpr_bytes_literal">
      <failure message="/home/travis/build/kaitai-io/ci_targets/tests/spec/nim/tests/texpr_bytes_literal.nim(4, 29) Error: cannot open file: ../../../compiled/nim/expr_bytes_literal
" />
    </testcase>
    <testcase time="0.001775264739990234" name="texpr_bytes_ops" />
    <testcase time="0.001801729202270508" name="texpr_calc_array_ops" />
    <testcase time="0.001733779907226562" name="texpr_enum" />
    <testcase time="0.001706361770629883" name="texpr_io_eof" />
    <testcase time="0.001851081848144531" name="texpr_io_pos" />
    <testcase time="0.001878261566162109" name="texpr_mod" />
    <testcase time="0.001830101013183594" name="texpr_ops_parens" />
    <testcase time="0.001655101776123047" name="texpr_sizeof_type_0" />
    <testcase time="0.001795291900634766" name="texpr_sizeof_type_1" />
    <testcase time="0.001871109008789062" name="texpr_sizeof_value_0" />
    <testcase time="0.00172734260559082" name="texpr_sizeof_value_sized" />
    <testcase time="0.001817226409912109" name="texpr_str_ops" />
    <testcase time="0.001781702041625977" name="tfixed_contents" />
    <testcase time="0.001751422882080078" name="tfixed_struct" />
    <testcase time="0.001971244812011719" name="tfloat_to_i" />
    <testcase time="0.001895427703857422" name="tfloating_points" />
    <testcase time="0.001679182052612305" name="thello_world" />
    <testcase time="0.001828193664550781" name="tif_instances" />
    <testcase time="0.001825571060180664" name="tif_struct" />
    <testcase time="0.001877307891845703" name="tif_values" />
    <testcase time="0.001759052276611328" name="timports0" />
    <testcase time="0.00000000" name="timports_abs">
      <failure message="/home/travis/build/kaitai-io/ci_targets/tests/spec/nim/tests/timports_abs.nim(3, 29) Error: cannot open file: ../../../compiled/nim/vlq_base128_le
" />
    </testcase>
    <testcase time="0.001905441284179688" name="tindex_sizes" />
    <testcase time="0.001938104629516602" name="tindex_to_param_eos" />
    <testcase time="0.00190281867980957" name="tindex_to_param_expr" />
    <testcase time="0.002018928527832031" name="tindex_to_param_until" />
    <testcase time="0.001966238021850586" name="tinstance_io_user" />
    <testcase time="0.001875400543212891" name="tinstance_std" />
    <testcase time="0.001820087432861328" name="tinstance_std_array" />
    <testcase time="0.001929521560668945" name="tinstance_user_array" />
    <testcase time="0.001827239990234375" name="tintegers" />
    <testcase time="0.001848697662353516" name="tintegers_min_max" />
    <testcase time="0.00000000" name="tio_local_var">
      <failure message="/home/travis/build/kaitai-io/ci_targets/tests/spec/nim/tests/tio_local_var.nim(4, 29) Error: cannot open file: ../../../compiled/nim/io_local_var
" />
    </testcase>
    <testcase time="0.001957416534423828" name="tjs_signed_right_shift" />
    <testcase time="0.001809358596801758" name="tmeta_tags" />
    <testcase time="0.001935720443725586" name="tmeta_xref" />
    <testcase time="0.001730203628540039" name="tmultiple_use" />
    <testcase time="0.001890420913696289" name="tnav_parent" />
    <testcase time="0.001901865005493164" name="tnav_parent2" />
    <testcase time="0.001912117004394531" name="tnav_parent3" />
    <testcase time="0.001769304275512695" name="tnav_parent_false" />
    <testcase time="0.001751422882080078" name="tnav_parent_false2" />
    <testcase time="0.001723527908325195" name="tnav_parent_override" />
    <testcase time="0.001787662506103516" name="tnav_parent_switch" />
    <testcase time="0.00000000" name="tnav_parent_switch_cast">
      <failure message="/home/travis/build/kaitai-io/ci_targets/tests/spec/nim/tests/tnav_parent_switch_cast.nim(4, 29) Error: cannot open file: ../../../compiled/nim/nav_parent_switch_cast
" />
    </testcase>
    <testcase time="0.001932859420776367" name="tnav_parent_vs_value_inst" />
    <testcase time="0.001901149749755859" name="tnav_root" />
    <testcase time="0.001809358596801758" name="tnested_same_name" />
    <testcase time="0.001865625381469727" name="tnested_same_name2" />
    <testcase time="0.001871109008789062" name="tnested_type_param" />
    <testcase time="0.001785039901733398" name="tnested_types" />
    <testcase time="0.001745223999023438" name="tnested_types2" />
    <testcase time="0.001786470413208008" name="tnested_types3" />
    <testcase time="0.001820564270019531" name="tnon_standard" />
    <testcase time="0.001863479614257812" name="tparams_call_extra_parens" />
    <testcase time="0.001932144165039062" name="tparams_call_short" />
    <testcase time="0.002148628234863281" name="tparams_enum" />
    <testcase time="0.00000000" name="tparams_pass_array_int">
      <failure message="/home/travis/build/kaitai-io/ci_targets/tests/spec/nim/tests/tparams_pass_array_int.nim(7, 27) template/generic instantiation of `fromFile` from here
/home/travis/build/kaitai-io/ci_targets/compiled/nim/params_pass_array_int.nim(49, 21) template/generic instantiation of `read` from here
/home/travis/build/kaitai-io/ci_targets/compiled/nim/params_pass_array_int.nim(37, 54) template/generic instantiation of `read` from here
/home/travis/build/kaitai-io/ci_targets/compiled/nim/params_pass_array_int.nim(58, 29) Error: type mismatch: got &lt;seq[int]&gt; but expected 'seq[uint16]'
" />
    </testcase>
    <testcase time="0.0019378662109375" name="tparams_pass_array_str" />
    <testcase time="0.001984834671020508" name="tparams_pass_array_struct" />
    <testcase time="0.002065896987915039" name="tparams_pass_array_usertype" />
    <testcase time="0.001769304275512695" name="tparams_pass_struct" />
    <testcase time="0.001769542694091797" name="tparams_pass_usertype" />
    <testcase time="0.002026081085205078" name="tposition_abs" />
    <testcase time="0.001768112182617188" name="tposition_in_seq" />
    <testcase time="0.001793861389160156" name="tposition_to_end" />
    <testcase time="0.001850366592407227" name="tprocess_coerce_bytes" />
    <testcase time="0.00000000" name="tprocess_coerce_switch">
      <failure message="/home/travis/build/kaitai-io/ci_targets/tests/spec/nim/tests/tprocess_coerce_switch.nim(4, 29) Error: cannot open file: ../../../compiled/nim/process_coerce_switch
" />
    </testcase>
    <testcase time="0.001849174499511719" name="tprocess_coerce_usertype1" />
    <testcase time="0.001907825469970703" name="tprocess_coerce_usertype2" />
    <testcase time="0.001790523529052734" name="tprocess_custom" />
    <testcase time="0.00000000" name="tprocess_custom_no_args">
      <failure message="/home/travis/build/kaitai-io/ci_targets/compiled/nim/process_custom_no_args.nim(3, 35) Error: cannot open file: ../../tests/spec/nim/opaque/custom_fx_no_args
" />
    </testcase>
    <testcase time="0.001769065856933594" name="tprocess_repeat_bytes" />
    <testcase time="0.001776933670043945" name="tprocess_repeat_usertype" />
    <testcase time="0.001757383346557617" name="tprocess_rotate" />
    <testcase time="0.001889467239379883" name="tprocess_to_user" />
    <testcase time="0.001769781112670898" name="tprocess_xor4_const" />
    <testcase time="0.001835346221923828" name="tprocess_xor4_value" />
    <testcase time="0.001958847045898438" name="tprocess_xor_const" />
    <testcase time="0.00182342529296875" name="tprocess_xor_value" />
    <testcase time="0.001931667327880859" name="trecursive_one" />
    <testcase time="0.001937627792358398" name="trepeat_eos_bit" />
    <testcase time="0.002631425857543945" name="trepeat_eos_struct" />
    <testcase time="0.001799345016479492" name="trepeat_eos_u4" />
    <testcase time="0.001793861389160156" name="trepeat_n_struct" />
    <testcase time="0.001914501190185547" name="trepeat_n_strz" />
    <testcase time="0.001804351806640625" name="trepeat_n_strz_double" />
    <testcase time="0.00000000" name="trepeat_until_complex">
      <failure message="/home/travis/build/kaitai-io/ci_targets/tests/spec/nim/tests/trepeat_until_complex.nim(4, 29) Error: cannot open file: ../../../compiled/nim/repeat_until_complex
" />
    </testcase>
    <testcase time="0.00000000" name="trepeat_until_s4">
      <failure message="/home/travis/build/kaitai-io/ci_targets/tests/spec/nim/tests/trepeat_until_s4.nim(4, 29) Error: cannot open file: ../../../compiled/nim/repeat_until_s4
" />
    </testcase>
    <testcase time="0.00000000" name="trepeat_until_sized">
      <failure message="/home/travis/build/kaitai-io/ci_targets/tests/spec/nim/tests/trepeat_until_sized.nim(4, 29) Error: cannot open file: ../../../compiled/nim/repeat_until_sized
" />
    </testcase>
    <testcase time="0.005604982376098633" name="tstr_encodings" />
    <testcase time="0.001994609832763672" name="tstr_encodings_default" />
    <testcase time="0.002093076705932617" name="tstr_eos" />
    <testcase time="0.001777172088623047" name="tstr_literals2" />
    <testcase time="0.001871585845947266" name="tstr_pad_term" />
    <testcase time="0.001956462860107422" name="tstr_pad_term_empty" />
    <testcase time="0.001905679702758789" name="tswitch_bytearray" />
    <testcase time="0.00175166130065918" name="tswitch_else_only" />
    <testcase time="0.001842975616455078" name="tswitch_integers" />
    <testcase time="0.001886606216430664" name="tswitch_integers2" />
    <testcase time="0.001880407333374023" name="tswitch_manual_enum" />
    <testcase time="0.001809597015380859" name="tswitch_manual_enum_invalid" />
    <testcase time="0.001942634582519531" name="tswitch_manual_enum_invalid_else" />
    <testcase time="0.001903533935546875" name="tswitch_manual_int" />
    <testcase time="0.001888751983642578" name="tswitch_manual_int_else" />
    <testcase time="0.001994132995605469" name="tswitch_manual_int_size_else" />
    <testcase time="0.001944303512573242" name="tswitch_manual_str" />
    <testcase time="0.001990556716918945" name="tswitch_manual_str_else" />
    <testcase time="0.001810073852539062" name="tterm_bytes" />
    <testcase time="0.00191187858581543" name="tterm_strz" />
    <testcase time="0.001802444458007812" name="tts_packet_header" />
    <testcase time="0.001981735229492188" name="ttype_int_unary_op" />
    <testcase time="0.001790761947631836" name="ttype_ternary" />
    <testcase time="0.001793384552001953" name="tuser_type" />
    <testcase time="0.002018451690673828" name="tvalid_long" />
    <testcase time="0.001755475997924805" name="tvalid_not_parsed_if" />
    <testcase time="0.001809597015380859" name="tvalid_short" />
    <testcase time="0.001828432083129883" name="tvalid_switch" />
    <testcase time="0.00000000" name="tzlib_surrounded">
      <failure message="/home/travis/build/kaitai-io/ci_targets/tests/spec/nim/tests/tzlib_surrounded.nim(7, 23) template/generic instantiation of `fromFile` from here
/home/travis/build/kaitai-io/ci_targets/compiled/nim/zlib_surrounded.nim(45, 17) template/generic instantiation of `read` from here
/home/travis/build/kaitai-io/ci_targets/compiled/nim/zlib_surrounded.nim(36, 36) Error: attempting to call undeclared routine: 'processZlib'
" />
    </testcase>
    <testcase time="0.00000000" name="tzlib_with_header_78">
      <failure message="/home/travis/build/kaitai-io/ci_targets/tests/spec/nim/tests/tzlib_with_header_78.nim(7, 25) template/generic instantiation of `fromFile` from here
/home/travis/build/kaitai-io/ci_targets/compiled/nim/zlib_with_header_78.nim(31, 19) template/generic instantiation of `read` from here
/home/travis/build/kaitai-io/ci_targets/compiled/nim/zlib_with_header_78.nim(27, 30) Error: attempting to call undeclared routine: 'processZlib'
" />
    </testcase>
  </testsuite>
</testsuites>