<testsuites><testsuite tests="154" failures="1" errors="136" name="tests">
    <testcase time="0.00000000" name="tbcd_user_type_be"><failure message="compile error" /></testcase>
    <testcase time="0.00000000" name="tbcd_user_type_le"><failure message="compile error" /></testcase>
    <testcase time="0.001563072204589844" name="tbits_byte_aligned" />
    <testcase time="0.00000000" name="tbits_enum"><failure message="compile error" /></testcase>
    <testcase time="0.001676321029663086" name="tbits_simple" />
    <testcase time="0.00000000" name="tbuffered_struct"><failure message="compile error" /></testcase>
    <testcase time="0.001849889755249023" name="tbytes_pad_term"><failure /></testcase>
    <testcase time="0.00000000" name="tcast_nested"><failure message="compile error" /></testcase>
    <testcase time="0.00000000" name="tcast_to_imported"><failure message="compile error" /></testcase>
    <testcase time="0.00000000" name="tcast_to_top"><failure message="compile error" /></testcase>
    <testcase time="0.00000000" name="tdebug_switch_user"><failure message="compile error" /></testcase>
    <testcase time="0.001899957656860352" name="tdefault_big_endian" />
    <testcase time="0.00000000" name="tdefault_endian_expr_inherited"><failure message="compile error" /></testcase>
    <testcase time="0.00000000" name="tdefault_endian_expr_is_be"><failure message="compile error" /></testcase>
    <testcase time="0.00000000" name="tdefault_endian_expr_is_le"><failure message="compile error" /></testcase>
    <testcase time="0.001654863357543945" name="tdefault_endian_mod" />
    <testcase time="0.00000000" name="tdocstrings"><failure message="compile error" /></testcase>
    <testcase time="0.00000000" name="tdocstrings_docref"><failure message="compile error" /></testcase>
    <testcase time="0.00000000" name="tdocstrings_docref_multi"><failure message="compile error" /></testcase>
    <testcase time="0.00000000" name="tenum_0"><failure message="compile error" /></testcase>
    <testcase time="0.00000000" name="tenum_1"><failure message="compile error" /></testcase>
    <testcase time="0.00000000" name="tenum_deep"><failure message="compile error" /></testcase>
    <testcase time="0.00000000" name="tenum_deep_literals"><failure message="compile error" /></testcase>
    <testcase time="0.00000000" name="tenum_fancy"><failure message="compile error" /></testcase>
    <testcase time="0.00000000" name="tenum_if"><failure message="compile error" /></testcase>
    <testcase time="0.00000000" name="tenum_import"><failure message="compile error" /></testcase>
    <testcase time="0.00000000" name="tenum_int_range_s"><failure message="compile error" /></testcase>
    <testcase time="0.00000000" name="tenum_int_range_u"><failure message="compile error" /></testcase>
    <testcase time="0.00000000" name="tenum_long_range_s"><failure message="compile error" /></testcase>
    <testcase time="0.00000000" name="tenum_long_range_u"><failure message="compile error" /></testcase>
    <testcase time="0.00000000" name="tenum_negative"><failure message="compile error" /></testcase>
    <testcase time="0.00000000" name="tenum_of_value_inst"><failure message="compile error" /></testcase>
    <testcase time="0.00000000" name="tenum_to_i"><failure message="compile error" /></testcase>
    <testcase time="0.00000000" name="tenum_to_i_class_border_1"><failure message="compile error" /></testcase>
    <testcase time="0.001658439636230469" name="texpr_0" />
    <testcase time="0.00000000" name="texpr_1"><failure message="compile error" /></testcase>
    <testcase time="0.00000000" name="texpr_2"><failure message="compile error" /></testcase>
    <testcase time="0.00000000" name="texpr_3"><failure message="compile error" /></testcase>
    <testcase time="0.00000000" name="texpr_array"><failure message="compile error" /></testcase>
    <testcase time="0.00000000" name="texpr_bits"><failure message="compile error" /></testcase>
    <testcase time="0.00000000" name="texpr_bytes_cmp"><failure message="compile error" /></testcase>
    <testcase time="0.00000000" name="texpr_bytes_ops"><failure message="compile error" /></testcase>
    <testcase time="0.00000000" name="texpr_calc_array_ops"><failure message="compile error" /></testcase>
    <testcase time="0.00000000" name="texpr_enum"><failure message="compile error" /></testcase>
    <testcase time="0.00000000" name="texpr_io_pos"><failure message="compile error" /></testcase>
    <testcase time="0.001678705215454102" name="texpr_mod" />
    <testcase time="0.001642704010009766" name="texpr_sizeof_type_0" />
    <testcase time="0.001691579818725586" name="texpr_sizeof_type_1" />
    <testcase time="0.001577377319335938" name="texpr_sizeof_value_0" />
    <testcase time="0.00000000" name="texpr_sizeof_value_sized"><failure message="compile error" /></testcase>
    <testcase time="0.00000000" name="texpr_str_ops"><failure message="compile error" /></testcase>
    <testcase time="0.00000000" name="tfixed_contents"><failure message="compile error" /></testcase>
    <testcase time="0.00000000" name="tfixed_struct"><failure message="compile error" /></testcase>
    <testcase time="0.00000000" name="tfloat_to_i"><failure message="compile error" /></testcase>
    <testcase time="0.001533985137939453" name="tfloating_points" />
    <testcase time="0.001551151275634766" name="thello_world" />
    <testcase time="0.00000000" name="tif_instances"><failure message="compile error" /></testcase>
    <testcase time="0.00000000" name="tif_struct"><failure message="compile error" /></testcase>
    <testcase time="0.00000000" name="tif_values"><failure message="compile error" /></testcase>
    <testcase time="0.00000000" name="timports0"><failure message="compile error" /></testcase>
    <testcase time="0.00000000" name="timports_abs"><failure message="compile error" /></testcase>
    <testcase time="0.00000000" name="tindex_sizes"><failure message="compile error" /></testcase>
    <testcase time="0.00000000" name="tindex_to_param_eos"><failure message="compile error" /></testcase>
    <testcase time="0.00000000" name="tindex_to_param_expr"><failure message="compile error" /></testcase>
    <testcase time="0.00000000" name="tindex_to_param_until"><failure message="compile error" /></testcase>
    <testcase time="0.00000000" name="tinstance_io_user"><failure message="compile error" /></testcase>
    <testcase time="0.00000000" name="tinstance_std"><failure message="compile error" /></testcase>
    <testcase time="0.00000000" name="tinstance_std_array"><failure message="compile error" /></testcase>
    <testcase time="0.00000000" name="tinstance_user_array"><failure message="compile error" /></testcase>
    <testcase time="0.001774311065673828" name="tintegers" />
    <testcase time="0.00000000" name="tintegers_min_max"><failure message="compile error" /></testcase>
    <testcase time="0.00000000" name="tio_local_var"><failure message="compile error" /></testcase>
    <testcase time="0.001645803451538086" name="tjs_signed_right_shift" />
    <testcase time="0.00000000" name="tmeta_tags"><failure message="compile error" /></testcase>
    <testcase time="0.00000000" name="tmeta_xref"><failure message="compile error" /></testcase>
    <testcase time="0.00000000" name="tmultiple_use"><failure message="compile error" /></testcase>
    <testcase time="0.00000000" name="tnav_parent"><failure message="compile error" /></testcase>
    <testcase time="0.00000000" name="tnav_parent2"><failure message="compile error" /></testcase>
    <testcase time="0.00000000" name="tnav_parent3"><failure message="compile error" /></testcase>
    <testcase time="0.00000000" name="tnav_parent_false"><failure message="compile error" /></testcase>
    <testcase time="0.001559257507324219" name="tnav_parent_false2" />
    <testcase time="0.00000000" name="tnav_parent_override"><failure message="compile error" /></testcase>
    <testcase time="0.00000000" name="tnav_parent_switch"><failure message="compile error" /></testcase>
    <testcase time="0.00000000" name="tnav_parent_switch_cast"><failure message="compile error" /></testcase>
    <testcase time="0.00000000" name="tnav_parent_vs_value_inst"><failure message="compile error" /></testcase>
    <testcase time="0.00000000" name="tnav_root"><failure message="compile error" /></testcase>
    <testcase time="0.00000000" name="tnested_same_name"><failure message="compile error" /></testcase>
    <testcase time="0.00000000" name="tnested_same_name2"><failure message="compile error" /></testcase>
    <testcase time="0.00000000" name="tnested_types"><failure message="compile error" /></testcase>
    <testcase time="0.00000000" name="tnested_types2"><failure message="compile error" /></testcase>
    <testcase time="0.00000000" name="tnested_types3"><failure message="compile error" /></testcase>
    <testcase time="0.00000000" name="tnon_standard"><failure message="compile error" /></testcase>
    <testcase time="0.00000000" name="tparams_call_extra_parens"><failure message="compile error" /></testcase>
    <testcase time="0.00000000" name="tparams_call_short"><failure message="compile error" /></testcase>
    <testcase time="0.00000000" name="tparams_enum"><failure message="compile error" /></testcase>
    <testcase time="0.00000000" name="tparams_pass_usertype"><failure message="compile error" /></testcase>
    <testcase time="0.00000000" name="tposition_abs"><failure message="compile error" /></testcase>
    <testcase time="0.00000000" name="tposition_in_seq"><failure message="compile error" /></testcase>
    <testcase time="0.00000000" name="tposition_to_end"><failure message="compile error" /></testcase>
    <testcase time="0.00000000" name="tprocess_coerce_bytes"><failure message="compile error" /></testcase>
    <testcase time="0.00000000" name="tprocess_coerce_switch"><failure message="compile error" /></testcase>
    <testcase time="0.00000000" name="tprocess_coerce_usertype1"><failure message="compile error" /></testcase>
    <testcase time="0.00000000" name="tprocess_coerce_usertype2"><failure message="compile error" /></testcase>
    <testcase time="0.00000000" name="tprocess_custom"><failure message="compile error" /></testcase>
    <testcase time="0.00000000" name="tprocess_custom_no_args"><failure message="compile error" /></testcase>
    <testcase time="0.00000000" name="tprocess_repeat_bytes"><failure message="compile error" /></testcase>
    <testcase time="0.00000000" name="tprocess_repeat_usertype"><failure message="compile error" /></testcase>
    <testcase time="0.00000000" name="tprocess_rotate"><failure message="compile error" /></testcase>
    <testcase time="0.00000000" name="tprocess_to_user"><failure message="compile error" /></testcase>
    <testcase time="0.00000000" name="tprocess_xor4_const"><failure message="compile error" /></testcase>
    <testcase time="0.00000000" name="tprocess_xor4_value"><failure message="compile error" /></testcase>
    <testcase time="0.00000000" name="tprocess_xor_const"><failure message="compile error" /></testcase>
    <testcase time="0.00000000" name="tprocess_xor_value"><failure message="compile error" /></testcase>
    <testcase time="0.00000000" name="trecursive_one"><failure message="compile error" /></testcase>
    <testcase time="0.00000000" name="trepeat_eos_bit"><failure message="compile error" /></testcase>
    <testcase time="0.00000000" name="trepeat_eos_struct"><failure message="compile error" /></testcase>
    <testcase time="0.00000000" name="trepeat_eos_u4"><failure message="compile error" /></testcase>
    <testcase time="0.00000000" name="trepeat_n_struct"><failure message="compile error" /></testcase>
    <testcase time="0.00000000" name="trepeat_n_strz"><failure message="compile error" /></testcase>
    <testcase time="0.00000000" name="trepeat_n_strz_double"><failure message="compile error" /></testcase>
    <testcase time="0.00000000" name="trepeat_until_complex"><failure message="compile error" /></testcase>
    <testcase time="0.00000000" name="trepeat_until_s4"><failure message="compile error" /></testcase>
    <testcase time="0.00000000" name="trepeat_until_sized"><failure message="compile error" /></testcase>
    <testcase time="0.00000000" name="tstr_combine"><failure message="compile error" /></testcase>
    <testcase time="0.00000000" name="tstr_encodings"><failure message="compile error" /></testcase>
    <testcase time="0.00000000" name="tstr_encodings_default"><failure message="compile error" /></testcase>
    <testcase time="0.00000000" name="tstr_eos"><failure message="compile error" /></testcase>
    <testcase time="0.001560449600219727" name="tstr_literals2" />
    <testcase time="0.00000000" name="tstr_pad_term"><failure message="compile error" /></testcase>
    <testcase time="0.00000000" name="tstr_pad_term_empty"><failure message="compile error" /></testcase>
    <testcase time="0.00000000" name="tswitch_bytearray"><failure message="compile error" /></testcase>
    <testcase time="0.00000000" name="tswitch_else_only"><failure message="compile error" /></testcase>
    <testcase time="0.00000000" name="tswitch_integers"><failure message="compile error" /></testcase>
    <testcase time="0.00000000" name="tswitch_integers2"><failure message="compile error" /></testcase>
    <testcase time="0.00000000" name="tswitch_manual_enum"><failure message="compile error" /></testcase>
    <testcase time="0.00000000" name="tswitch_manual_enum_invalid"><failure message="compile error" /></testcase>
    <testcase time="0.00000000" name="tswitch_manual_enum_invalid_else"><failure message="compile error" /></testcase>
    <testcase time="0.00000000" name="tswitch_manual_int"><failure message="compile error" /></testcase>
    <testcase time="0.00000000" name="tswitch_manual_int_else"><failure message="compile error" /></testcase>
    <testcase time="0.00000000" name="tswitch_manual_int_size_else"><failure message="compile error" /></testcase>
    <testcase time="0.00000000" name="tswitch_manual_str"><failure message="compile error" /></testcase>
    <testcase time="0.00000000" name="tswitch_manual_str_else"><failure message="compile error" /></testcase>
    <testcase time="0.00000000" name="tterm_bytes"><failure message="compile error" /></testcase>
    <testcase time="0.00000000" name="tterm_strz"><failure message="compile error" /></testcase>
    <testcase time="0.00000000" name="tts_packet_header"><failure message="compile error" /></testcase>
    <testcase time="0.001808643341064453" name="ttype_int_unary_op" />
    <testcase time="0.00000000" name="ttype_ternary"><failure message="compile error" /></testcase>
    <testcase time="0.001628398895263672" name="tuser_type" />
    <testcase time="0.00000000" name="tvalid_long"><failure message="compile error" /></testcase>
    <testcase time="0.00000000" name="tvalid_not_parsed_if"><failure message="compile error" /></testcase>
    <testcase time="0.00000000" name="tvalid_short"><failure message="compile error" /></testcase>
    <testcase time="0.00000000" name="tvalid_switch"><failure message="compile error" /></testcase>
    <testcase time="0.00000000" name="tzlib_surrounded"><failure message="compile error" /></testcase>
    <testcase time="0.00000000" name="tzlib_with_header_78"><failure message="compile error" /></testcase>
  </testsuite></testsuites>