<testsuites>
  <testsuite tests="198" failures="2" errors="27" name="nim">
    <testcase time="0.00158310" name="tbcd_user_type_be" />
    <testcase time="0.00158072" name="tbcd_user_type_le" />
    <testcase time="0.00163937" name="tbits_byte_aligned" />
    <testcase time="0.00168157" name="tbits_enum" />
    <testcase time="0.00152683" name="tbits_seq_endian_combo" />
    <testcase time="0.00149059" name="tbits_shift_by_b32_le" />
    <testcase time="0.00150108" name="tbits_shift_by_b64_le" />
    <testcase time="0.00161195" name="tbits_signed_res_b32_be" />
    <testcase time="0.00156426" name="tbits_signed_res_b32_le" />
    <testcase time="0.00158954" name="tbits_signed_shift_b32_le" />
    <testcase time="0.00151110" name="tbits_signed_shift_b64_le" />
    <testcase time="0.00162053" name="tbits_simple" />
    <testcase time="0.00150537" name="tbits_simple_le" />
    <testcase time="0.00152230" name="tbits_unaligned_b32_be" />
    <testcase time="0.00151110" name="tbits_unaligned_b32_le" />
    <testcase time="0.00154042" name="tbits_unaligned_b64_be" />
    <testcase time="0.00157237" name="tbits_unaligned_b64_le" />
    <testcase time="0.00151658" name="tbuffered_struct" />
    <testcase time="0.00154996" name="tbytes_pad_term" />
    <testcase time="0.00160718" name="tcast_nested" />
    <testcase time="0.00154591" name="tcast_to_imported" />
    <testcase time="0.00165987" name="tcast_to_top" />
    <testcase time="0.00159645" name="tcombine_bool" />
    <testcase time="0.00152588" name="tcombine_bytes" />
    <testcase time="0.00149608" name="tcombine_enum" />
    <testcase time="0.00160551" name="tcombine_str" />
    <testcase time="0.00159359" name="tdebug_switch_user" />
    <testcase time="0.00140548" name="tdefault_big_endian" />
    <testcase time="0.00154877" name="tdefault_bit_endian_mod" />
    <testcase time="0.00151443" name="tdefault_endian_expr_inherited" />
    <testcase time="0.00147939" name="tdefault_endian_expr_is_be" />
    <testcase time="0.00157905" name="tdefault_endian_expr_is_le" />
    <testcase time="0.00152254" name="tdefault_endian_mod" />
    <testcase time="0.00147367" name="tdocstrings" />
    <testcase time="0.00154138" name="tdocstrings_docref" />
    <testcase time="0.00149107" name="tdocstrings_docref_multi" />
    <testcase time="0.00148797" name="tenum_0" />
    <testcase time="0.00159240" name="tenum_1" />
    <testcase time="0.00162005" name="tenum_deep" />
    <testcase time="0.00151849" name="tenum_deep_literals" />
    <testcase time="0.00154185" name="tenum_fancy" />
    <testcase time="0.00179577" name="tenum_if" />
    <testcase time="0.00152516" name="tenum_import" />
    <testcase time="0.00153327" name="tenum_int_range_s" />
    <testcase time="0.00149727" name="tenum_int_range_u" />
    <testcase time="0.00000000" name="tenum_invalid">
      <failure message="/home/travis/build/kaitai-io/ci_targets/tests/spec/nim/tenum_invalid.nim(10, 15) Error: type mismatch: got &amp;lt;EnumInvalid_Animal, int literal(111)&amp;gt;
but expected one of:
proc `==`[Enum: enum](x, y: Enum): bool
  first type mismatch at position: 2
  required type for y: Enum: enum
  but expression &amp;apos;111&amp;apos; is of type: int literal(111)
proc `==`[T: tuple | object](x, y: T): bool
  first type mismatch at position: 2
  required type for y: T: tuple or object
  but expression &amp;apos;111&amp;apos; is of type: int literal(111)
proc `==`[T](a, b: Option[T]): bool
  first type mismatch at position: 2
  required type for b: Option[==.T]
  but expression &amp;apos;111&amp;apos; is of type: int literal(111)
30 other mismatching symbols have been suppressed; compile with --showAllMismatches:on to see them

expression: r.pet2 == 111
" />
    </testcase>
    <testcase time="0.00000000" name="tenum_long_range_s">
      <failure message="fatal.nim(53)            sysFatal
Error: unhandled exception: over- or underflow [OverflowDefect]
" />
    </testcase>
    <testcase time="0.00000000" name="tenum_long_range_u">
      <failure message="fatal.nim(53)            sysFatal
Error: unhandled exception: over- or underflow [OverflowDefect]
" />
    </testcase>
    <testcase time="0.00151730" name="tenum_negative" />
    <testcase time="0.00152946" name="tenum_of_value_inst" />
    <testcase time="0.00150537" name="tenum_to_i" />
    <testcase time="0.00000000" name="tenum_to_i_class_border_1">
      <failure message="/home/travis/build/kaitai-io/ci_targets/compiled/nim/enum_to_i_class_border_1.nim(13, 20) Error: undeclared identifier: &amp;apos;EnumToIClassBorder2&amp;apos;
candidates (edit distance, scope distance); see &amp;apos;--spellSuggest&amp;apos;: 
 (1, 0): &amp;apos;EnumToIClassBorder1&amp;apos; [type declared in /home/travis/build/kaitai-io/ci_targets/compiled/nim/enum_to_i_class_border_1.nim(7, 3)]
 (1, 0): &amp;apos;enum_to_i_class_border_2&amp;apos; [module declared in /home/travis/build/kaitai-io/ci_targets/compiled/nim/enum_to_i_class_border_1.nim(5, 8)]
This might be caused by a recursive module dependency:
/home/travis/build/kaitai-io/ci_targets/compiled/nim/enum_to_i_class_border_2.nim imports /home/travis/build/kaitai-io/ci_targets/compiled/nim/enum_to_i_class_border_1.nim
/home/travis/build/kaitai-io/ci_targets/compiled/nim/enum_to_i_class_border_1.nim imports /home/travis/build/kaitai-io/ci_targets/compiled/nim/enum_to_i_class_border_2.nim
" />
    </testcase>
    <testcase time="0.00154757" name="texpr_0" />
    <testcase time="0.00168967" name="texpr_1" />
    <testcase time="0.00160909" name="texpr_2" />
    <testcase time="0.00170588" name="texpr_3" />
    <testcase time="0.00163984" name="texpr_array" />
    <testcase time="0.00148273" name="texpr_bits" />
    <testcase time="0.00151873" name="texpr_bytes_cmp" />
    <testcase time="0.00147128" name="texpr_bytes_non_literal" />
    <testcase time="0.00186682" name="texpr_bytes_ops" />
    <testcase time="0.00157404" name="texpr_calc_array_ops" />
    <testcase time="0.00150132" name="texpr_enum" />
    <testcase time="0.00181007" name="texpr_if_int_ops" />
    <testcase time="0.00152993" name="texpr_int_div">
      <failure message="/home/travis/build/kaitai-io/ci_targets/tests/spec/nim/texpr_int_div.nim(12) texpr_int_div
/opt/nim-1.6.0/lib/system/assertions.nim(38) failedAssertImpl
/opt/nim-1.6.0/lib/system/assertions.nim(28) raiseAssert
/opt/nim-1.6.0/lib/system/fatal.nim(53) sysFatal
Error: unhandled exception: /home/travis/build/kaitai-io/ci_targets/tests/spec/nim/texpr_int_div.nim(12, 8) `r.divNegConst == -757`  [AssertionDefect]
" />
    </testcase>
    <testcase time="0.00153160" name="texpr_io_eof" />
    <testcase time="0.00149274" name="texpr_io_pos" />
    <testcase time="0.00143886" name="texpr_mod" />
    <testcase time="0.00157571" name="texpr_ops_parens" />
    <testcase time="0.00148010" name="texpr_sizeof_type_0" />
    <testcase time="0.00160193" name="texpr_sizeof_type_1" />
    <testcase time="0.00156140" name="texpr_sizeof_value_0" />
    <testcase time="0.00152016" name="texpr_sizeof_value_sized" />
    <testcase time="0.00301886" name="texpr_str_encodings" />
    <testcase time="0.00161457" name="texpr_str_ops" />
    <testcase time="0.00149941" name="tfixed_contents" />
    <testcase time="0.00157619" name="tfixed_struct" />
    <testcase time="0.00165033" name="tfloat_to_i" />
    <testcase time="0.00163651" name="tfloating_points">
      <failure message="/home/travis/build/kaitai-io/ci_targets/tests/spec/nim/tfloating_points.nim(13) tfloating_points
/opt/nim-1.6.0/lib/system/assertions.nim(38) failedAssertImpl
/opt/nim-1.6.0/lib/system/assertions.nim(28) raiseAssert
/opt/nim-1.6.0/lib/system/fatal.nim(53) sysFatal
Error: unhandled exception: /home/travis/build/kaitai-io/ci_targets/tests/spec/nim/tfloating_points.nim(13, 8) `r.approximateValue == 1.2345`  [AssertionDefect]
" />
    </testcase>
    <testcase time="0.00154066" name="thello_world" />
    <testcase time="0.00154281" name="tif_instances" />
    <testcase time="0.00159979" name="tif_struct" />
    <testcase time="0.00150681" name="tif_values" />
    <testcase time="0.00145245" name="timports0" />
    <testcase time="0.00000000" name="timports_abs">
      <failure message="/home/travis/build/kaitai-io/ci_targets/compiled/nim/imports_abs.nim(3, 15) Error: cannot open file: /common/vlq_base128_le
" />
    </testcase>
    <testcase time="0.00000000" name="timports_circular_a">
      <failure message="/home/travis/build/kaitai-io/ci_targets/compiled/nim/imports_circular_a.nim(9, 13) Error: undeclared identifier: &amp;apos;ImportsCircularB&amp;apos;
candidates (edit distance, scope distance); see &amp;apos;--spellSuggest&amp;apos;: 
 (1, 0): &amp;apos;ImportsCircularA&amp;apos; [type declared in /home/travis/build/kaitai-io/ci_targets/compiled/nim/imports_circular_a.nim(7, 3)]
 (1, 0): &amp;apos;imports_circular_b&amp;apos; [module declared in /home/travis/build/kaitai-io/ci_targets/compiled/nim/imports_circular_a.nim(5, 8)]
This might be caused by a recursive module dependency:
/home/travis/build/kaitai-io/ci_targets/compiled/nim/imports_circular_b.nim imports /home/travis/build/kaitai-io/ci_targets/compiled/nim/imports_circular_a.nim
/home/travis/build/kaitai-io/ci_targets/compiled/nim/imports_circular_a.nim imports /home/travis/build/kaitai-io/ci_targets/compiled/nim/imports_circular_b.nim
" />
    </testcase>
    <testcase time="0.00000000" name="timports_rel_1">
      <failure message="/home/travis/build/kaitai-io/ci_targets/compiled/nim/imports_rel_1.nim(3, 23) Error: cannot open file: for_rel_imports/imported_1
" />
    </testcase>
    <testcase time="0.00172663" name="tindex_sizes" />
    <testcase time="0.00166845" name="tindex_to_param_eos" />
    <testcase time="0.00161672" name="tindex_to_param_expr" />
    <testcase time="0.00163436" name="tindex_to_param_until" />
    <testcase time="0.00174665" name="tinstance_io_user" />
    <testcase time="0.00154090" name="tinstance_std" />
    <testcase time="0.00152254" name="tinstance_std_array" />
    <testcase time="0.00000000" name="tinstance_user_array">
      <failure message="/home/travis/build/kaitai-io/ci_targets/compiled/nim/instance_user_array.nim(46, 33) Error: type mismatch: got &amp;apos;seq[byte]&amp;apos; for &amp;apos;rawUserEntriesInstExpr&amp;apos; but expected &amp;apos;seq[seq[byte]]&amp;apos;
" />
    </testcase>
    <testcase time="0.00154567" name="tintegers" />
    <testcase time="0.00159025" name="tintegers_double_overflow" />
    <testcase time="0.00000000" name="tintegers_min_max">
      <failure message="/home/travis/build/kaitai-io/ci_targets/tests/spec/nim/tintegers_min_max.nim(26, 29) Error: number out of range: &amp;apos;9223372036854775808&amp;apos;u64&amp;apos;
" />
    </testcase>
    <testcase time="0.00000000" name="tio_local_var">
      <failure message="/home/travis/build/kaitai-io/ci_targets/compiled/nim/io_local_var.nim(59, 25) Error: type mismatch: got &amp;apos;seq[byte]&amp;apos; for &amp;apos;messUpInstExpr&amp;apos; but expected &amp;apos;KaitaiStruct = ref KaitaiStruct:ObjectType&amp;apos;
" />
    </testcase>
    <testcase time="0.00149512" name="tjs_signed_right_shift" />
    <testcase time="0.00144720" name="tmeta_tags" />
    <testcase time="0.00143671" name="tmeta_xref" />
    <testcase time="0.00147486" name="tmultiple_use" />
    <testcase time="0.00156927" name="tnav_parent" />
    <testcase time="0.00163960" name="tnav_parent2" />
    <testcase time="0.00153971" name="tnav_parent3" />
    <testcase time="0.00147867" name="tnav_parent_false" />
    <testcase time="0.00149083" name="tnav_parent_false2" />
    <testcase time="0.00152826" name="tnav_parent_override" />
    <testcase time="0.00146341" name="tnav_parent_switch" />
    <testcase time="0.00000000" name="tnav_parent_switch_cast">
      <failure message="/home/travis/build/kaitai-io/ci_targets/compiled/nim/nav_parent_switch_cast.nim(120, 64) Error: undeclared field: &amp;apos;parent&amp;apos; for type kaitai_struct_nim_runtime.KaitaiStruct [type declared in /home/travis/.nimble/pkgs/kaitai_struct_nim_runtime-#head/kaitai_struct_nim_runtime.nim(5, 3)]
" />
    </testcase>
    <testcase time="0.00156236" name="tnav_parent_vs_value_inst" />
    <testcase time="0.00155425" name="tnav_root" />
    <testcase time="0.00147057" name="tnested_same_name" />
    <testcase time="0.00150347" name="tnested_same_name2" />
    <testcase time="0.00161147" name="tnested_type_param" />
    <testcase time="0.00148392" name="tnested_types" />
    <testcase time="0.00145268" name="tnested_types2" />
    <testcase time="0.00147581" name="tnested_types3" />
    <testcase time="0.00153589" name="tnon_standard" />
    <testcase time="0.00156999" name="tparams_call_extra_parens" />
    <testcase time="0.00158906" name="tparams_call_short" />
    <testcase time="0.00147843" name="tparams_enum" />
    <testcase time="0.00148511" name="tparams_pass_array_int" />
    <testcase time="0.00157475" name="tparams_pass_array_str" />
    <testcase time="0.00154948" name="tparams_pass_array_struct" />
    <testcase time="0.00151110" name="tparams_pass_array_usertype" />
    <testcase time="0.00151825" name="tparams_pass_bool" />
    <testcase time="0.00148129" name="tparams_pass_struct" />
    <testcase time="0.00167727" name="tparams_pass_usertype" />
    <testcase time="0.00157475" name="tposition_abs" />
    <testcase time="0.00151777" name="tposition_in_seq" />
    <testcase time="0.00140738" name="tposition_to_end" />
    <testcase time="0.00146008" name="tprocess_coerce_bytes" />
    <testcase time="0.00000000" name="tprocess_coerce_switch">
      <failure message="/home/travis/build/kaitai-io/ci_targets/tests/spec/nim/tprocess_coerce_switch.nim(7, 28) template/generic instantiation of `fromFile` from here
/home/travis/build/kaitai-io/ci_targets/compiled/nim/process_coerce_switch.nim(75, 22) template/generic instantiation of `read` from here
/home/travis/build/kaitai-io/ci_targets/compiled/nim/process_coerce_switch.nim(48, 26) Error: type mismatch: got &amp;apos;seq[byte]&amp;apos; for &amp;apos;bufUnprocExpr&amp;apos; but expected &amp;apos;KaitaiStruct = ref KaitaiStruct:ObjectType&amp;apos;
" />
    </testcase>
    <testcase time="0.00168252" name="tprocess_coerce_usertype1" />
    <testcase time="0.00147891" name="tprocess_coerce_usertype2" />
    <testcase time="0.00000000" name="tprocess_custom">
      <failure message="/home/travis/build/kaitai-io/ci_targets/compiled/nim/process_custom.nim(3, 8) Error: cannot open file: my_custom_fx
" />
    </testcase>
    <testcase time="0.00000000" name="tprocess_custom_no_args">
      <failure message="/home/travis/build/kaitai-io/ci_targets/compiled/nim/process_custom_no_args.nim(3, 8) Error: cannot open file: custom_fx_no_args
" />
    </testcase>
    <testcase time="0.00155878" name="tprocess_repeat_bytes" />
    <testcase time="0.00000000" name="tprocess_repeat_usertype">
      <failure message="/home/travis/build/kaitai-io/ci_targets/tests/spec/nim/tprocess_repeat_usertype.nim(7, 30) template/generic instantiation of `fromFile` from here
/home/travis/build/kaitai-io/ci_targets/compiled/nim/process_repeat_usertype.nim(37, 24) template/generic instantiation of `read` from here
/home/travis/build/kaitai-io/ci_targets/compiled/nim/process_repeat_usertype.nim(30, 9) Error: redefinition of &amp;apos;buf&amp;apos;; previous declaration here: /home/travis/build/kaitai-io/ci_targets/compiled/nim/process_repeat_usertype.nim(28, 9)
" />
    </testcase>
    <testcase time="0.00148916" name="tprocess_rotate" />
    <testcase time="0.00165224" name="tprocess_to_user" />
    <testcase time="0.00156069" name="tprocess_xor4_const" />
    <testcase time="0.00153804" name="tprocess_xor4_value" />
    <testcase time="0.00152636" name="tprocess_xor_const" />
    <testcase time="0.00155663" name="tprocess_xor_value" />
    <testcase time="0.00164700" name="trecursive_one" />
    <testcase time="0.00162816" name="trepeat_eos_bit" />
    <testcase time="0.00158501" name="trepeat_eos_struct" />
    <testcase time="0.00164032" name="trepeat_eos_u4" />
    <testcase time="0.00161099" name="trepeat_n_struct" />
    <testcase time="0.00157809" name="trepeat_n_strz" />
    <testcase time="0.00159383" name="trepeat_n_strz_double" />
    <testcase time="0.00000000" name="trepeat_until_calc_array_type">
      <failure message="/home/travis/build/kaitai-io/ci_targets/tests/spec/nim/trepeat_until_calc_array_type.nim(7, 33) template/generic instantiation of `fromFile` from here
/home/travis/build/kaitai-io/ci_targets/compiled/nim/repeat_until_calc_array_type.nim(61, 27) template/generic instantiation of `read` from here
/home/travis/build/kaitai-io/ci_targets/compiled/nim/repeat_until_calc_array_type.nim(36, 25) Error: type mismatch: got &amp;apos;seq[byte]&amp;apos; for &amp;apos;rawRecordsExpr&amp;apos; but expected &amp;apos;seq[seq[byte]]&amp;apos;
" />
    </testcase>
    <testcase time="0.00152683" name="trepeat_until_complex" />
    <testcase time="0.00155663" name="trepeat_until_s4" />
    <testcase time="0.00000000" name="trepeat_until_sized">
      <failure message="/home/travis/build/kaitai-io/ci_targets/tests/spec/nim/trepeat_until_sized.nim(7, 25) template/generic instantiation of `fromFile` from here
/home/travis/build/kaitai-io/ci_targets/compiled/nim/repeat_until_sized.nim(39, 19) template/generic instantiation of `read` from here
/home/travis/build/kaitai-io/ci_targets/compiled/nim/repeat_until_sized.nim(30, 25) Error: type mismatch: got &amp;apos;seq[byte]&amp;apos; for &amp;apos;rawRecordsExpr&amp;apos; but expected &amp;apos;seq[seq[byte]]&amp;apos;
" />
    </testcase>
    <testcase time="0.00172567" name="tstr_encodings" />
    <testcase time="0.00165915" name="tstr_encodings_default" />
    <testcase time="0.00251937" name="tstr_encodings_utf16" />
    <testcase time="0.00161600" name="tstr_eos" />
    <testcase time="0.00153208" name="tstr_literals2" />
    <testcase time="0.00161910" name="tstr_pad_term" />
    <testcase time="0.00180340" name="tstr_pad_term_empty" />
    <testcase time="0.00157189" name="tswitch_bytearray" />
    <testcase time="0.00155473" name="tswitch_else_only" />
    <testcase time="0.00160742" name="tswitch_integers" />
    <testcase time="0.00147080" name="tswitch_integers2" />
    <testcase time="0.00165534" name="tswitch_manual_enum" />
    <testcase time="0.00000000" name="tswitch_manual_enum_invalid">
      <failure message="/home/travis/build/kaitai-io/ci_targets/tests/spec/nim/tswitch_manual_enum_invalid.nim(10, 26) Error: type mismatch: got &amp;lt;SwitchManualEnumInvalid_Opcode_CodeEnum, int literal(255)&amp;gt;
but expected one of:
proc `==`[Enum: enum](x, y: Enum): bool
  first type mismatch at position: 2
  required type for y: Enum: enum
  but expression &amp;apos;255&amp;apos; is of type: int literal(255)
proc `==`[T: tuple | object](x, y: T): bool
  first type mismatch at position: 2
  required type for y: T: tuple or object
  but expression &amp;apos;255&amp;apos; is of type: int literal(255)
proc `==`[T](a, b: Option[T]): bool
  first type mismatch at position: 2
  required type for b: Option[==.T]
  but expression &amp;apos;255&amp;apos; is of type: int literal(255)
30 other mismatching symbols have been suppressed; compile with --showAllMismatches:on to see them

expression: r.opcodes[0].code == 255
" />
    </testcase>
    <testcase time="0.00000000" name="tswitch_manual_enum_invalid_else">
      <failure message="/home/travis/build/kaitai-io/ci_targets/tests/spec/nim/tswitch_manual_enum_invalid_else.nim(10, 26) Error: type mismatch: got &amp;lt;SwitchManualEnumInvalidElse_Opcode_CodeEnum, int literal(255)&amp;gt;
but expected one of:
proc `==`[Enum: enum](x, y: Enum): bool
  first type mismatch at position: 2
  required type for y: Enum: enum
  but expression &amp;apos;255&amp;apos; is of type: int literal(255)
proc `==`[T: tuple | object](x, y: T): bool
  first type mismatch at position: 2
  required type for y: T: tuple or object
  but expression &amp;apos;255&amp;apos; is of type: int literal(255)
proc `==`[T](a, b: Option[T]): bool
  first type mismatch at position: 2
  required type for b: Option[==.T]
  but expression &amp;apos;255&amp;apos; is of type: int literal(255)
30 other mismatching symbols have been suppressed; compile with --showAllMismatches:on to see them

expression: r.opcodes[0].code == 255
" />
    </testcase>
    <testcase time="0.00165701" name="tswitch_manual_int" />
    <testcase time="0.00172305" name="tswitch_manual_int_else" />
    <testcase time="0.00000000" name="tswitch_manual_int_size">
      <failure message="/home/travis/build/kaitai-io/ci_targets/tests/spec/nim/tswitch_manual_int_size.nim(7, 28) template/generic instantiation of `fromFile` from here
/home/travis/build/kaitai-io/ci_targets/compiled/nim/switch_manual_int_size.nim(44, 22) template/generic instantiation of `read` from here
/home/travis/build/kaitai-io/ci_targets/compiled/nim/switch_manual_int_size.nim(39, 41) template/generic instantiation of `read` from here
/home/travis/build/kaitai-io/ci_targets/compiled/nim/switch_manual_int_size.nim(74, 19) Error: type mismatch: got &amp;apos;seq[byte]&amp;apos; for &amp;apos;bodyExpr&amp;apos; but expected &amp;apos;KaitaiStruct = ref KaitaiStruct:ObjectType&amp;apos;
" />
    </testcase>
    <testcase time="0.00000000" name="tswitch_manual_int_size_else">
      <failure message="/home/travis/build/kaitai-io/ci_targets/tests/spec/nim/tswitch_manual_int_size_else.nim(18, 8) template/generic instantiation of `assert` from here
/home/travis/build/kaitai-io/ci_targets/tests/spec/nim/auxiliary/test_utils.nim(12, 32) Error: type mismatch: got &amp;apos;empty&amp;apos; for &amp;apos;expected[i]&amp;apos; but expected &amp;apos;byte = uint8&amp;apos;
" />
    </testcase>
    <testcase time="0.00000000" name="tswitch_manual_int_size_eos">
      <failure message="/home/travis/build/kaitai-io/ci_targets/tests/spec/nim/tswitch_manual_int_size_eos.nim(7, 31) template/generic instantiation of `fromFile` from here
/home/travis/build/kaitai-io/ci_targets/compiled/nim/switch_manual_int_size_eos.nim(49, 25) template/generic instantiation of `read` from here
/home/travis/build/kaitai-io/ci_targets/compiled/nim/switch_manual_int_size_eos.nim(44, 44) template/generic instantiation of `read` from here
/home/travis/build/kaitai-io/ci_targets/compiled/nim/switch_manual_int_size_eos.nim(66, 50) template/generic instantiation of `read` from here
/home/travis/build/kaitai-io/ci_targets/compiled/nim/switch_manual_int_size_eos.nim(96, 19) Error: type mismatch: got &amp;apos;seq[byte]&amp;apos; for &amp;apos;bodyExpr&amp;apos; but expected &amp;apos;KaitaiStruct = ref KaitaiStruct:ObjectType&amp;apos;
" />
    </testcase>
    <testcase time="0.00161862" name="tswitch_manual_str" />
    <testcase time="0.00153375" name="tswitch_manual_str_else" />
    <testcase time="0.00150132" name="tswitch_multi_bool_ops" />
    <testcase time="0.00000000" name="tswitch_repeat_expr">
      <failure message="/home/travis/build/kaitai-io/ci_targets/tests/spec/nim/tswitch_repeat_expr.nim(7, 25) template/generic instantiation of `fromFile` from here
/home/travis/build/kaitai-io/ci_targets/compiled/nim/switch_repeat_expr.nim(55, 19) template/generic instantiation of `read` from here
/home/travis/build/kaitai-io/ci_targets/compiled/nim/switch_repeat_expr.nim(40, 24) Error: type mismatch: got &amp;apos;seq[byte]&amp;apos; for &amp;apos;rawBodyExpr&amp;apos; but expected &amp;apos;seq[seq[byte]]&amp;apos;
" />
    </testcase>
    <testcase time="0.00000000" name="tswitch_repeat_expr_invalid">
      <failure message="/home/travis/build/kaitai-io/ci_targets/tests/spec/nim/tswitch_repeat_expr_invalid.nim(7, 32) template/generic instantiation of `fromFile` from here
/home/travis/build/kaitai-io/ci_targets/compiled/nim/switch_repeat_expr_invalid.nim(55, 26) template/generic instantiation of `read` from here
/home/travis/build/kaitai-io/ci_targets/compiled/nim/switch_repeat_expr_invalid.nim(40, 24) Error: type mismatch: got &amp;apos;seq[byte]&amp;apos; for &amp;apos;rawBodyExpr&amp;apos; but expected &amp;apos;seq[seq[byte]]&amp;apos;
" />
    </testcase>
    <testcase time="0.00171494" name="tterm_bytes" />
    <testcase time="0.00155950" name="tterm_strz" />
    <testcase time="0.00158811" name="tterm_u1_val" />
    <testcase time="0.00158954" name="tts_packet_header" />
    <testcase time="0.00147080" name="ttype_int_unary_op" />
    <testcase time="0.00269604" name="ttype_ternary" />
    <testcase time="0.00162077" name="ttype_ternary_2nd_falsy" />
    <testcase time="0.00161672" name="tuser_type" />
    <testcase time="0.00166798" name="tvalid_eq_str_encodings" />
    <testcase time="0.00484157" name="tvalid_long" />
    <testcase time="0.00173521" name="tvalid_not_parsed_if" />
    <testcase time="0.00168252" name="tvalid_short" />
    <testcase time="0.00183034" name="tvalid_switch" />
    <testcase time="0.00000000" name="tyaml_ints">
      <failure message="/home/travis/build/kaitai-io/ci_targets/compiled/nim/yaml_ints.nim(51, 30) Error: 18446744073709551615 can&amp;apos;t be converted to int
" />
    </testcase>
    <testcase time="0.00000000" name="tzlib_surrounded">
      <failure message="/home/travis/build/kaitai-io/ci_targets/tests/spec/nim/tzlib_surrounded.nim(7, 23) template/generic instantiation of `fromFile` from here
/home/travis/build/kaitai-io/ci_targets/compiled/nim/zlib_surrounded.nim(41, 17) template/generic instantiation of `read` from here
/home/travis/build/kaitai-io/ci_targets/compiled/nim/zlib_surrounded.nim(32, 36) Error: attempting to call undeclared routine: &amp;apos;processZlib&amp;apos;
" />
    </testcase>
    <testcase time="0.00000000" name="tzlib_with_header_78">
      <failure message="/home/travis/build/kaitai-io/ci_targets/tests/spec/nim/tzlib_with_header_78.nim(7, 25) template/generic instantiation of `fromFile` from here
/home/travis/build/kaitai-io/ci_targets/compiled/nim/zlib_with_header_78.nim(27, 19) template/generic instantiation of `read` from here
/home/travis/build/kaitai-io/ci_targets/compiled/nim/zlib_with_header_78.nim(23, 30) Error: attempting to call undeclared routine: &amp;apos;processZlib&amp;apos;
" />
    </testcase>
  </testsuite>
</testsuites>