<testsuites>
  <testsuite tests="198" failures="6" errors="25" name="nim">
    <testcase time="0.00090480" name="tbcd_user_type_be" />
    <testcase time="0.00084233" name="tbcd_user_type_le" />
    <testcase time="0.00081873" name="tbits_byte_aligned" />
    <testcase time="0.00081134" name="tbits_enum" />
    <testcase time="0.00081730" name="tbits_seq_endian_combo" />
    <testcase time="0.00078750" name="tbits_shift_by_b32_le" />
    <testcase time="0.00078225" name="tbits_shift_by_b64_le" />
    <testcase time="0.00075483" name="tbits_signed_res_b32_be" />
    <testcase time="0.00078130" name="tbits_signed_res_b32_le" />
    <testcase time="0.00076294" name="tbits_signed_shift_b32_le" />
    <testcase time="0.00079966" name="tbits_signed_shift_b64_le" />
    <testcase time="0.00080061" name="tbits_simple" />
    <testcase time="0.00083232" name="tbits_simple_le" />
    <testcase time="0.00105619" name="tbits_unaligned_b32_be" />
    <testcase time="0.00078773" name="tbits_unaligned_b32_le" />
    <testcase time="0.00082445" name="tbits_unaligned_b64_be" />
    <testcase time="0.00081110" name="tbits_unaligned_b64_le" />
    <testcase time="0.00082469" name="tbuffered_struct" />
    <testcase time="0.00079966" name="tbytes_pad_term" />
    <testcase time="0.00085688" name="tcast_nested" />
    <testcase time="0.00077629" name="tcast_to_imported" />
    <testcase time="0.00081968" name="tcast_to_top" />
    <testcase time="0.00081563" name="tcombine_bool" />
    <testcase time="0.00080395" name="tcombine_bytes" />
    <testcase time="0.00079679" name="tcombine_enum" />
    <testcase time="0.00082111" name="tcombine_str" />
    <testcase time="0.00078821" name="tdebug_switch_user" />
    <testcase time="0.00079107" name="tdefault_big_endian" />
    <testcase time="0.00078511" name="tdefault_bit_endian_mod" />
    <testcase time="0.00080752" name="tdefault_endian_expr_inherited" />
    <testcase time="0.00084805" name="tdefault_endian_expr_is_be" />
    <testcase time="0.00080967" name="tdefault_endian_expr_is_le" />
    <testcase time="0.00081563" name="tdefault_endian_mod" />
    <testcase time="0.00079656" name="tdocstrings" />
    <testcase time="0.00078678" name="tdocstrings_docref" />
    <testcase time="0.00077200" name="tdocstrings_docref_multi" />
    <testcase time="0.00079966" name="tenum_0" />
    <testcase time="0.00077629" name="tenum_1" />
    <testcase time="0.00084043" name="tenum_deep" />
    <testcase time="0.00083280" name="tenum_deep_literals" />
    <testcase time="0.00080800" name="tenum_fancy" />
    <testcase time="0.00082684" name="tenum_if" />
    <testcase time="0.00078273" name="tenum_import" />
    <testcase time="0.00077701" name="tenum_int_range_s" />
    <testcase time="0.00079703" name="tenum_int_range_u" />
    <testcase time="0.00000000" name="tenum_invalid">
      <failure message="/tests/spec/nim/tenum_invalid.nim(10, 15) Error: type mismatch: got &amp;lt;EnumInvalid_Animal, int literal(111)&amp;gt;
but expected one of:
proc `==`[Enum: enum](x, y: Enum): bool
  first type mismatch at position: 2
  required type for y: Enum: enum
  but expression &amp;apos;111&amp;apos; is of type: int literal(111)
proc `==`[T: tuple | object](x, y: T): bool
  first type mismatch at position: 2
  required type for y: T: tuple or object
  but expression &amp;apos;111&amp;apos; is of type: int literal(111)
proc `==`[T](a, b: Option[T]): bool
  first type mismatch at position: 2
  required type for b: Option[==.T]
  but expression &amp;apos;111&amp;apos; is of type: int literal(111)
30 other mismatching symbols have been suppressed; compile with --showAllMismatches:on to see them

expression: r.pet2 == 111
" />
    </testcase>
    <testcase time="0.00078297" name="tenum_long_range_s" />
    <testcase time="0.00081992" name="tenum_long_range_u" />
    <testcase time="0.00079107" name="tenum_negative" />
    <testcase time="0.00077486" name="tenum_of_value_inst" />
    <testcase time="0.00080609" name="tenum_to_i" />
    <testcase time="0.00000000" name="tenum_to_i_class_border_1">
      <failure message="/tests/compiled/nim/enum_to_i_class_border_1.nim(13, 20) Error: undeclared identifier: &amp;apos;EnumToIClassBorder2&amp;apos;
candidates (edit distance, scope distance); see &amp;apos;--spellSuggest&amp;apos;: 
 (1, 0): &amp;apos;EnumToIClassBorder1&amp;apos; [type declared in /tests/compiled/nim/enum_to_i_class_border_1.nim(7, 3)]
 (1, 0): &amp;apos;enum_to_i_class_border_2&amp;apos; [module declared in /tests/compiled/nim/enum_to_i_class_border_1.nim(5, 8)]
This might be caused by a recursive module dependency:
/tests/compiled/nim/enum_to_i_class_border_2.nim imports /tests/compiled/nim/enum_to_i_class_border_1.nim
/tests/compiled/nim/enum_to_i_class_border_1.nim imports /tests/compiled/nim/enum_to_i_class_border_2.nim
" />
    </testcase>
    <testcase time="0.00078654" name="texpr_0" />
    <testcase time="0.00078940" name="texpr_1" />
    <testcase time="0.00082040" name="texpr_2" />
    <testcase time="0.00078130" name="texpr_3" />
    <testcase time="0.00082302" name="texpr_array" />
    <testcase time="0.00079775" name="texpr_bits" />
    <testcase time="0.00081110" name="texpr_bytes_cmp" />
    <testcase time="0.00079012" name="texpr_bytes_non_literal" />
    <testcase time="0.00080776" name="texpr_bytes_ops" />
    <testcase time="0.00080681" name="texpr_calc_array_ops" />
    <testcase time="0.00077677" name="texpr_enum" />
    <testcase time="0.00079799" name="texpr_if_int_ops" />
    <testcase time="0.00082040" name="texpr_int_div">
      <failure message="/tests/spec/nim/texpr_int_div.nim(12) texpr_int_div
/nim/lib/system/assertions.nim(38) failedAssertImpl
/nim/lib/system/assertions.nim(28) raiseAssert
/nim/lib/system/fatal.nim(53) sysFatal
Error: unhandled exception: /tests/spec/nim/texpr_int_div.nim(12, 8) `r.divNegConst == -757`  [AssertionDefect]
" />
    </testcase>
    <testcase time="0.00096512" name="texpr_io_eof" />
    <testcase time="0.00082064" name="texpr_io_pos" />
    <testcase time="0.00079775" name="texpr_mod" />
    <testcase time="0.00085425" name="texpr_ops_parens" />
    <testcase time="0.00079226" name="texpr_sizeof_type_0" />
    <testcase time="0.00075459" name="texpr_sizeof_type_1" />
    <testcase time="0.00078535" name="texpr_sizeof_value_0" />
    <testcase time="0.00084138" name="texpr_sizeof_value_sized" />
    <testcase time="0.10669327" name="texpr_str_encodings">
      <failure message="Traceback (most recent call last)
/tests/spec/nim/texpr_str_encodings.nim(7) texpr_str_encodings
/tests/compiled/nim/expr_str_encodings.nim(122) fromFile
/tests/compiled/nim/expr_str_encodings.nim(62) read
/root/.nimble/pkgs/kaitai_struct_nim_runtime-#head/kaitai_struct_nim_runtime.nim(333) encode
/nim/lib/pure/encodings.nim(507) convert
/nim/lib/pure/encodings.nim(467) convert
SIGSEGV: Illegal storage access. (Attempt to read from nil?)
" />
    </testcase>
    <testcase time="0.00085950" name="texpr_str_ops" />
    <testcase time="0.00079942" name="tfixed_contents" />
    <testcase time="0.00082874" name="tfixed_struct" />
    <testcase time="0.00076580" name="tfloat_to_i" />
    <testcase time="0.00082445" name="tfloating_points">
      <failure message="/tests/spec/nim/tfloating_points.nim(13) tfloating_points
/nim/lib/system/assertions.nim(38) failedAssertImpl
/nim/lib/system/assertions.nim(28) raiseAssert
/nim/lib/system/fatal.nim(53) sysFatal
Error: unhandled exception: /tests/spec/nim/tfloating_points.nim(13, 8) `r.approximateValue == 1.2345`  [AssertionDefect]
" />
    </testcase>
    <testcase time="0.00080204" name="thello_world" />
    <testcase time="0.00076509" name="tif_instances" />
    <testcase time="0.00084281" name="tif_struct" />
    <testcase time="0.00078177" name="tif_values" />
    <testcase time="0.00078344" name="timports0" />
    <testcase time="0.00000000" name="timports_abs">
      <failure message="/tests/compiled/nim/imports_abs.nim(3, 15) Error: cannot open file: /common/vlq_base128_le
" />
    </testcase>
    <testcase time="0.00000000" name="timports_circular_a">
      <failure message="/tests/compiled/nim/imports_circular_a.nim(9, 13) Error: undeclared identifier: &amp;apos;ImportsCircularB&amp;apos;
candidates (edit distance, scope distance); see &amp;apos;--spellSuggest&amp;apos;: 
 (1, 0): &amp;apos;ImportsCircularA&amp;apos; [type declared in /tests/compiled/nim/imports_circular_a.nim(7, 3)]
 (1, 0): &amp;apos;imports_circular_b&amp;apos; [module declared in /tests/compiled/nim/imports_circular_a.nim(5, 8)]
This might be caused by a recursive module dependency:
/tests/compiled/nim/imports_circular_b.nim imports /tests/compiled/nim/imports_circular_a.nim
/tests/compiled/nim/imports_circular_a.nim imports /tests/compiled/nim/imports_circular_b.nim
" />
    </testcase>
    <testcase time="0.00000000" name="timports_rel_1">
      <failure message="/tests/compiled/nim/imports_rel_1.nim(3, 23) Error: cannot open file: for_rel_imports/imported_1
" />
    </testcase>
    <testcase time="0.00080943" name="tindex_sizes" />
    <testcase time="0.00081539" name="tindex_to_param_eos" />
    <testcase time="0.00084090" name="tindex_to_param_expr" />
    <testcase time="0.00079584" name="tindex_to_param_until" />
    <testcase time="0.00089765" name="tinstance_io_user" />
    <testcase time="0.00081372" name="tinstance_std" />
    <testcase time="0.00084114" name="tinstance_std_array" />
    <testcase time="0.00000000" name="tinstance_user_array">
      <failure message="/tests/compiled/nim/instance_user_array.nim(46, 33) Error: type mismatch: got &amp;apos;seq[byte]&amp;apos; for &amp;apos;rawUserEntriesInstExpr&amp;apos; but expected &amp;apos;seq[seq[byte]]&amp;apos;
" />
    </testcase>
    <testcase time="0.00081921" name="tintegers" />
    <testcase time="0.00077295" name="tintegers_double_overflow" />
    <testcase time="0.00000000" name="tintegers_min_max">
      <failure message="/tests/spec/nim/tintegers_min_max.nim(26, 29) Error: number out of range: &amp;apos;9223372036854775808&amp;apos;u64&amp;apos;
" />
    </testcase>
    <testcase time="0.00000000" name="tio_local_var">
      <failure message="/tests/compiled/nim/io_local_var.nim(59, 25) Error: type mismatch: got &amp;apos;seq[byte]&amp;apos; for &amp;apos;messUpInstExpr&amp;apos; but expected &amp;apos;KaitaiStruct = ref KaitaiStruct:ObjectType&amp;apos;
" />
    </testcase>
    <testcase time="0.00076079" name="tjs_signed_right_shift" />
    <testcase time="0.00076580" name="tmeta_tags" />
    <testcase time="0.00076079" name="tmeta_xref" />
    <testcase time="0.00077701" name="tmultiple_use" />
    <testcase time="0.00082898" name="tnav_parent" />
    <testcase time="0.00081611" name="tnav_parent2" />
    <testcase time="0.00086236" name="tnav_parent3" />
    <testcase time="0.00081325" name="tnav_parent_false" />
    <testcase time="0.00087285" name="tnav_parent_false2" />
    <testcase time="0.00078249" name="tnav_parent_override" />
    <testcase time="0.00076556" name="tnav_parent_switch" />
    <testcase time="0.00000000" name="tnav_parent_switch_cast">
      <failure message="/tests/compiled/nim/nav_parent_switch_cast.nim(120, 64) Error: undeclared field: &amp;apos;parent&amp;apos; for type kaitai_struct_nim_runtime.KaitaiStruct [type declared in /root/.nimble/pkgs/kaitai_struct_nim_runtime-#head/kaitai_struct_nim_runtime.nim(5, 3)]
" />
    </testcase>
    <testcase time="0.00081015" name="tnav_parent_vs_value_inst" />
    <testcase time="0.00082707" name="tnav_root" />
    <testcase time="0.00079799" name="tnested_same_name" />
    <testcase time="0.00084281" name="tnested_same_name2" />
    <testcase time="0.00077009" name="tnested_type_param" />
    <testcase time="0.00081682" name="tnested_types" />
    <testcase time="0.00078487" name="tnested_types2" />
    <testcase time="0.00080633" name="tnested_types3" />
    <testcase time="0.00078177" name="tnon_standard" />
    <testcase time="0.00080442" name="tparams_call_extra_parens" />
    <testcase time="0.00086212" name="tparams_call_short" />
    <testcase time="0.00082517" name="tparams_enum" />
    <testcase time="0.00082421" name="tparams_pass_array_int" />
    <testcase time="0.00082421" name="tparams_pass_array_str" />
    <testcase time="0.00080800" name="tparams_pass_array_struct" />
    <testcase time="0.00077581" name="tparams_pass_array_usertype" />
    <testcase time="0.00082850" name="tparams_pass_bool" />
    <testcase time="0.00082469" name="tparams_pass_struct" />
    <testcase time="0.00077200" name="tparams_pass_usertype" />
    <testcase time="0.00085759" name="tposition_abs" />
    <testcase time="0.00082946" name="tposition_in_seq" />
    <testcase time="0.00086713" name="tposition_to_end" />
    <testcase time="0.00077844" name="tprocess_coerce_bytes" />
    <testcase time="0.00000000" name="tprocess_coerce_switch">
      <failure message="/tests/spec/nim/tprocess_coerce_switch.nim(7, 28) template/generic instantiation of `fromFile` from here
/tests/compiled/nim/process_coerce_switch.nim(75, 22) template/generic instantiation of `read` from here
/tests/compiled/nim/process_coerce_switch.nim(48, 26) Error: type mismatch: got &amp;apos;seq[byte]&amp;apos; for &amp;apos;bufUnprocExpr&amp;apos; but expected &amp;apos;KaitaiStruct = ref KaitaiStruct:ObjectType&amp;apos;
" />
    </testcase>
    <testcase time="0.00080371" name="tprocess_coerce_usertype1" />
    <testcase time="0.00079608" name="tprocess_coerce_usertype2" />
    <testcase time="0.00000000" name="tprocess_custom">
      <failure message="/tests/compiled/nim/process_custom.nim(3, 8) Error: cannot open file: my_custom_fx
" />
    </testcase>
    <testcase time="0.00000000" name="tprocess_custom_no_args">
      <failure message="/tests/compiled/nim/process_custom_no_args.nim(3, 8) Error: cannot open file: custom_fx_no_args
" />
    </testcase>
    <testcase time="0.00080967" name="tprocess_repeat_bytes" />
    <testcase time="0.00000000" name="tprocess_repeat_usertype">
      <failure message="/tests/spec/nim/tprocess_repeat_usertype.nim(7, 30) template/generic instantiation of `fromFile` from here
/tests/compiled/nim/process_repeat_usertype.nim(37, 24) template/generic instantiation of `read` from here
/tests/compiled/nim/process_repeat_usertype.nim(30, 9) Error: redefinition of &amp;apos;buf&amp;apos;; previous declaration here: /tests/compiled/nim/process_repeat_usertype.nim(28, 9)
" />
    </testcase>
    <testcase time="0.01195645" name="tprocess_rotate" />
    <testcase time="0.00081277" name="tprocess_to_user" />
    <testcase time="0.00078750" name="tprocess_xor4_const" />
    <testcase time="0.00086975" name="tprocess_xor4_value" />
    <testcase time="0.00077486" name="tprocess_xor_const" />
    <testcase time="0.00085330" name="tprocess_xor_value" />
    <testcase time="0.00086689" name="trecursive_one" />
    <testcase time="0.00078797" name="trepeat_eos_bit" />
    <testcase time="0.00080991" name="trepeat_eos_struct" />
    <testcase time="0.00079679" name="trepeat_eos_u4" />
    <testcase time="0.00086093" name="trepeat_n_struct" />
    <testcase time="0.00081944" name="trepeat_n_strz" />
    <testcase time="0.00086880" name="trepeat_n_strz_double" />
    <testcase time="0.00000000" name="trepeat_until_calc_array_type">
      <failure message="/tests/spec/nim/trepeat_until_calc_array_type.nim(7, 33) template/generic instantiation of `fromFile` from here
/tests/compiled/nim/repeat_until_calc_array_type.nim(61, 27) template/generic instantiation of `read` from here
/tests/compiled/nim/repeat_until_calc_array_type.nim(36, 25) Error: type mismatch: got &amp;apos;seq[byte]&amp;apos; for &amp;apos;rawRecordsExpr&amp;apos; but expected &amp;apos;seq[seq[byte]]&amp;apos;
" />
    </testcase>
    <testcase time="0.00087142" name="trepeat_until_complex" />
    <testcase time="0.00082541" name="trepeat_until_s4" />
    <testcase time="0.00000000" name="trepeat_until_sized">
      <failure message="/tests/spec/nim/trepeat_until_sized.nim(7, 25) template/generic instantiation of `fromFile` from here
/tests/compiled/nim/repeat_until_sized.nim(39, 19) template/generic instantiation of `read` from here
/tests/compiled/nim/repeat_until_sized.nim(30, 25) Error: type mismatch: got &amp;apos;seq[byte]&amp;apos; for &amp;apos;rawRecordsExpr&amp;apos; but expected &amp;apos;seq[seq[byte]]&amp;apos;
" />
    </testcase>
    <testcase time="0.10018444" name="tstr_encodings">
      <failure message="Traceback (most recent call last)
/tests/spec/nim/tstr_encodings.nim(7) tstr_encodings
/tests/compiled/nim/str_encodings.nim(45) fromFile
/tests/compiled/nim/str_encodings.nim(41) read
/root/.nimble/pkgs/kaitai_struct_nim_runtime-#head/kaitai_struct_nim_runtime.nim(333) encode
/nim/lib/pure/encodings.nim(507) convert
/nim/lib/pure/encodings.nim(467) convert
SIGSEGV: Illegal storage access. (Attempt to read from nil?)
" />
    </testcase>
    <testcase time="0.10043788" name="tstr_encodings_default">
      <failure message="Traceback (most recent call last)
/tests/spec/nim/tstr_encodings_default.nim(7) tstr_encodings_default
/tests/compiled/nim/str_encodings_default.nim(39) fromFile
/tests/compiled/nim/str_encodings_default.nim(35) read
/tests/compiled/nim/str_encodings_default.nim(59) read
/root/.nimble/pkgs/kaitai_struct_nim_runtime-#head/kaitai_struct_nim_runtime.nim(333) encode
/nim/lib/pure/encodings.nim(507) convert
/nim/lib/pure/encodings.nim(467) convert
SIGSEGV: Illegal storage access. (Attempt to read from nil?)
" />
    </testcase>
    <testcase time="0.00082970" name="tstr_encodings_utf16" />
    <testcase time="0.00078917" name="tstr_eos" />
    <testcase time="0.00078630" name="tstr_literals2" />
    <testcase time="0.00084162" name="tstr_pad_term" />
    <testcase time="0.00079703" name="tstr_pad_term_empty" />
    <testcase time="0.00084662" name="tswitch_bytearray" />
    <testcase time="0.00084662" name="tswitch_else_only" />
    <testcase time="0.00080872" name="tswitch_integers" />
    <testcase time="0.00084186" name="tswitch_integers2" />
    <testcase time="0.00082183" name="tswitch_manual_enum" />
    <testcase time="0.00000000" name="tswitch_manual_enum_invalid">
      <failure message="/tests/spec/nim/tswitch_manual_enum_invalid.nim(10, 26) Error: type mismatch: got &amp;lt;SwitchManualEnumInvalid_Opcode_CodeEnum, int literal(255)&amp;gt;
but expected one of:
proc `==`[Enum: enum](x, y: Enum): bool
  first type mismatch at position: 2
  required type for y: Enum: enum
  but expression &amp;apos;255&amp;apos; is of type: int literal(255)
proc `==`[T: tuple | object](x, y: T): bool
  first type mismatch at position: 2
  required type for y: T: tuple or object
  but expression &amp;apos;255&amp;apos; is of type: int literal(255)
proc `==`[T](a, b: Option[T]): bool
  first type mismatch at position: 2
  required type for b: Option[==.T]
  but expression &amp;apos;255&amp;apos; is of type: int literal(255)
30 other mismatching symbols have been suppressed; compile with --showAllMismatches:on to see them

expression: r.opcodes[0].code == 255
" />
    </testcase>
    <testcase time="0.00000000" name="tswitch_manual_enum_invalid_else">
      <failure message="/tests/spec/nim/tswitch_manual_enum_invalid_else.nim(10, 26) Error: type mismatch: got &amp;lt;SwitchManualEnumInvalidElse_Opcode_CodeEnum, int literal(255)&amp;gt;
but expected one of:
proc `==`[Enum: enum](x, y: Enum): bool
  first type mismatch at position: 2
  required type for y: Enum: enum
  but expression &amp;apos;255&amp;apos; is of type: int literal(255)
proc `==`[T: tuple | object](x, y: T): bool
  first type mismatch at position: 2
  required type for y: T: tuple or object
  but expression &amp;apos;255&amp;apos; is of type: int literal(255)
proc `==`[T](a, b: Option[T]): bool
  first type mismatch at position: 2
  required type for b: Option[==.T]
  but expression &amp;apos;255&amp;apos; is of type: int literal(255)
30 other mismatching symbols have been suppressed; compile with --showAllMismatches:on to see them

expression: r.opcodes[0].code == 255
" />
    </testcase>
    <testcase time="0.00081515" name="tswitch_manual_int" />
    <testcase time="0.00082970" name="tswitch_manual_int_else" />
    <testcase time="0.00000000" name="tswitch_manual_int_size">
      <failure message="/tests/spec/nim/tswitch_manual_int_size.nim(7, 28) template/generic instantiation of `fromFile` from here
/tests/compiled/nim/switch_manual_int_size.nim(44, 22) template/generic instantiation of `read` from here
/tests/compiled/nim/switch_manual_int_size.nim(39, 41) template/generic instantiation of `read` from here
/tests/compiled/nim/switch_manual_int_size.nim(74, 19) Error: type mismatch: got &amp;apos;seq[byte]&amp;apos; for &amp;apos;bodyExpr&amp;apos; but expected &amp;apos;KaitaiStruct = ref KaitaiStruct:ObjectType&amp;apos;
" />
    </testcase>
    <testcase time="0.00000000" name="tswitch_manual_int_size_else">
      <failure message="/tests/spec/nim/tswitch_manual_int_size_else.nim(18, 8) template/generic instantiation of `assert` from here
/tests/spec/nim/auxiliary/test_utils.nim(12, 32) Error: type mismatch: got &amp;apos;empty&amp;apos; for &amp;apos;expected[i]&amp;apos; but expected &amp;apos;byte = uint8&amp;apos;
" />
    </testcase>
    <testcase time="0.00000000" name="tswitch_manual_int_size_eos">
      <failure message="/tests/spec/nim/tswitch_manual_int_size_eos.nim(7, 31) template/generic instantiation of `fromFile` from here
/tests/compiled/nim/switch_manual_int_size_eos.nim(49, 25) template/generic instantiation of `read` from here
/tests/compiled/nim/switch_manual_int_size_eos.nim(44, 44) template/generic instantiation of `read` from here
/tests/compiled/nim/switch_manual_int_size_eos.nim(66, 50) template/generic instantiation of `read` from here
/tests/compiled/nim/switch_manual_int_size_eos.nim(96, 19) Error: type mismatch: got &amp;apos;seq[byte]&amp;apos; for &amp;apos;bodyExpr&amp;apos; but expected &amp;apos;KaitaiStruct = ref KaitaiStruct:ObjectType&amp;apos;
" />
    </testcase>
    <testcase time="0.00089073" name="tswitch_manual_str" />
    <testcase time="0.00085688" name="tswitch_manual_str_else" />
    <testcase time="0.00084805" name="tswitch_multi_bool_ops" />
    <testcase time="0.00000000" name="tswitch_repeat_expr">
      <failure message="/tests/spec/nim/tswitch_repeat_expr.nim(7, 25) template/generic instantiation of `fromFile` from here
/tests/compiled/nim/switch_repeat_expr.nim(55, 19) template/generic instantiation of `read` from here
/tests/compiled/nim/switch_repeat_expr.nim(40, 24) Error: type mismatch: got &amp;apos;seq[byte]&amp;apos; for &amp;apos;rawBodyExpr&amp;apos; but expected &amp;apos;seq[seq[byte]]&amp;apos;
" />
    </testcase>
    <testcase time="0.00000000" name="tswitch_repeat_expr_invalid">
      <failure message="/tests/spec/nim/tswitch_repeat_expr_invalid.nim(7, 32) template/generic instantiation of `fromFile` from here
/tests/compiled/nim/switch_repeat_expr_invalid.nim(55, 26) template/generic instantiation of `read` from here
/tests/compiled/nim/switch_repeat_expr_invalid.nim(40, 24) Error: type mismatch: got &amp;apos;seq[byte]&amp;apos; for &amp;apos;rawBodyExpr&amp;apos; but expected &amp;apos;seq[seq[byte]]&amp;apos;
" />
    </testcase>
    <testcase time="0.00080776" name="tterm_bytes" />
    <testcase time="0.00082493" name="tterm_strz" />
    <testcase time="0.00084329" name="tterm_u1_val" />
    <testcase time="0.00084734" name="tts_packet_header" />
    <testcase time="0.00083303" name="ttype_int_unary_op" />
    <testcase time="0.00088811" name="ttype_ternary" />
    <testcase time="0.00084352" name="ttype_ternary_2nd_falsy" />
    <testcase time="0.00080633" name="tuser_type" />
    <testcase time="0.10621953" name="tvalid_eq_str_encodings">
      <failure message="Traceback (most recent call last)
/tests/spec/nim/tvalid_eq_str_encodings.nim(7) tvalid_eq_str_encodings
/tests/compiled/nim/valid_eq_str_encodings.nim(45) fromFile
/tests/compiled/nim/valid_eq_str_encodings.nim(41) read
/root/.nimble/pkgs/kaitai_struct_nim_runtime-#head/kaitai_struct_nim_runtime.nim(333) encode
/nim/lib/pure/encodings.nim(507) convert
/nim/lib/pure/encodings.nim(467) convert
SIGSEGV: Illegal storage access. (Attempt to read from nil?)
" />
    </testcase>
    <testcase time="0.00081873" name="tvalid_long" />
    <testcase time="0.00087786" name="tvalid_not_parsed_if" />
    <testcase time="0.00079250" name="tvalid_short" />
    <testcase time="0.00083661" name="tvalid_switch" />
    <testcase time="0.00000000" name="tyaml_ints">
      <failure message="/tests/compiled/nim/yaml_ints.nim(51, 30) Error: 18446744073709551615 can&amp;apos;t be converted to int
" />
    </testcase>
    <testcase time="0.00000000" name="tzlib_surrounded">
      <failure message="/tests/spec/nim/tzlib_surrounded.nim(7, 23) template/generic instantiation of `fromFile` from here
/tests/compiled/nim/zlib_surrounded.nim(41, 17) template/generic instantiation of `read` from here
/tests/compiled/nim/zlib_surrounded.nim(32, 36) Error: attempting to call undeclared routine: &amp;apos;processZlib&amp;apos;
" />
    </testcase>
    <testcase time="0.00000000" name="tzlib_with_header_78">
      <failure message="/tests/spec/nim/tzlib_with_header_78.nim(7, 25) template/generic instantiation of `fromFile` from here
/tests/compiled/nim/zlib_with_header_78.nim(27, 19) template/generic instantiation of `read` from here
/tests/compiled/nim/zlib_with_header_78.nim(23, 30) Error: attempting to call undeclared routine: &amp;apos;processZlib&amp;apos;
" />
    </testcase>
  </testsuite>
</testsuites>