<testsuites>
  <testsuite tests="175" failures="0" errors="23" name="tests">
    <testcase time="0.001906156539916992" name="tbcd_user_type_be" />
    <testcase time="0.001733303070068359" name="tbcd_user_type_le" />
    <testcase time="0.00180816650390625" name="tbits_byte_aligned" />
    <testcase time="0.001776218414306641" name="tbits_enum" />
    <testcase time="0.001760482788085938" name="tbits_seq_endian_combo" />
    <testcase time="0.001841068267822266" name="tbits_simple" />
    <testcase time="0.001697778701782227" name="tbits_simple_le" />
    <testcase time="0.001807928085327148" name="tbuffered_struct" />
    <testcase time="0.001746177673339844" name="tbytes_pad_term" />
    <testcase time="0.001839160919189453" name="tcast_nested" />
    <testcase time="0.001740455627441406" name="tcast_to_imported" />
    <testcase time="0.001818418502807617" name="tcast_to_top" />
    <testcase time="0.001745939254760742" name="tcombine_bool" />
    <testcase time="0.001816749572753906" name="tcombine_bytes" />
    <testcase time="0.002019643783569336" name="tcombine_str" />
    <testcase time="0.001780986785888672" name="tdebug_switch_user" />
    <testcase time="0.001774787902832031" name="tdefault_big_endian" />
    <testcase time="0.001753091812133789" name="tdefault_bit_endian_mod" />
    <testcase time="0.001703739166259766" name="tdefault_endian_expr_inherited" />
    <testcase time="0.001742362976074219" name="tdefault_endian_expr_is_be" />
    <testcase time="0.00187230110168457" name="tdefault_endian_expr_is_le" />
    <testcase time="0.001740455627441406" name="tdefault_endian_mod" />
    <testcase time="0.001788616180419922" name="tdocstrings" />
    <testcase time="0.001761913299560547" name="tdocstrings_docref" />
    <testcase time="0.001790523529052734" name="tdocstrings_docref_multi" />
    <testcase time="0.001695394515991211" name="tenum_0" />
    <testcase time="0.001753807067871094" name="tenum_1" />
    <testcase time="0.001763820648193359" name="tenum_deep" />
    <testcase time="0.001828193664550781" name="tenum_deep_literals" />
    <testcase time="0.001703023910522461" name="tenum_fancy" />
    <testcase time="0.001766443252563477" name="tenum_if" />
    <testcase time="0.001710176467895508" name="tenum_import" />
    <testcase time="0.001784563064575195" name="tenum_int_range_s" />
    <testcase time="0.001815080642700195" name="tenum_int_range_u" />
    <testcase time="0.001763820648193359" name="tenum_invalid" />
    <testcase time="0.00000000" name="tenum_long_range_s">
      <failure message="fatal.nim(49)            sysFatal
Error: unhandled exception: over- or underflow [OverflowError]
" />
    </testcase>
    <testcase time="0.00000000" name="tenum_long_range_u">
      <failure message="fatal.nim(49)            sysFatal
Error: unhandled exception: over- or underflow [OverflowError]
" />
    </testcase>
    <testcase time="0.001731634140014648" name="tenum_negative" />
    <testcase time="0.001764059066772461" name="tenum_of_value_inst" />
    <testcase time="0.001811027526855469" name="tenum_to_i" />
    <testcase time="0.00000000" name="tenum_to_i_class_border_1">
      <failure message="/home/travis/build/kaitai-io/ci_targets/compiled/nim/enum_to_i_class_border_1.nim(12, 26) Error: undeclared identifier: 'EnumToIClassBorder2'
This might be caused by a recursive module dependency:
/home/travis/build/kaitai-io/ci_targets/compiled/nim/enum_to_i_class_border_2.nim imports /home/travis/build/kaitai-io/ci_targets/compiled/nim/enum_to_i_class_border_1.nim
/home/travis/build/kaitai-io/ci_targets/compiled/nim/enum_to_i_class_border_1.nim imports /home/travis/build/kaitai-io/ci_targets/compiled/nim/enum_to_i_class_border_2.nim
" />
    </testcase>
    <testcase time="0.001775979995727539" name="texpr_0" />
    <testcase time="0.001913070678710938" name="texpr_1" />
    <testcase time="0.001925468444824219" name="texpr_2" />
    <testcase time="0.001848459243774414" name="texpr_3" />
    <testcase time="0.001899242401123047" name="texpr_array" />
    <testcase time="0.001830816268920898" name="texpr_bits" />
    <testcase time="0.001760959625244141" name="texpr_bytes_cmp" />
    <testcase time="0.00000000" name="texpr_bytes_literal">
      <failure message="/home/travis/build/kaitai-io/ci_targets/tests/spec/nim/tests/texpr_bytes_literal.nim(4, 29) Error: cannot open file: ../../../compiled/nim/expr_bytes_literal
" />
    </testcase>
    <testcase time="0.001738786697387695" name="texpr_bytes_ops" />
    <testcase time="0.001882314682006836" name="texpr_calc_array_ops" />
    <testcase time="0.00178074836730957" name="texpr_enum" />
    <testcase time="0.001794576644897461" name="texpr_io_eof" />
    <testcase time="0.002557516098022461" name="texpr_io_pos" />
    <testcase time="0.00180506706237793" name="texpr_mod" />
    <testcase time="0.001714468002319336" name="texpr_ops_parens" />
    <testcase time="0.001710414886474609" name="texpr_sizeof_type_0" />
    <testcase time="0.001712322235107422" name="texpr_sizeof_type_1" />
    <testcase time="0.002214670181274414" name="texpr_sizeof_value_0" />
    <testcase time="0.001935720443725586" name="texpr_sizeof_value_sized" />
    <testcase time="0.001824378967285156" name="texpr_str_ops" />
    <testcase time="0.001730442047119141" name="tfixed_contents" />
    <testcase time="0.001815319061279297" name="tfixed_struct" />
    <testcase time="0.00186920166015625" name="tfloat_to_i" />
    <testcase time="0.001842021942138672" name="tfloating_points" />
    <testcase time="0.001746177673339844" name="thello_world" />
    <testcase time="0.001819849014282227" name="tif_instances" />
    <testcase time="0.001898527145385742" name="tif_struct" />
    <testcase time="0.001848936080932617" name="tif_values" />
    <testcase time="0.001766443252563477" name="timports0" />
    <testcase time="0.00000000" name="timports_abs">
      <failure message="/home/travis/build/kaitai-io/ci_targets/compiled/nim/imports_abs.nim(3, 15) Error: cannot open file: /common/vlq_base128_le
" />
    </testcase>
    <testcase time="0.00000000" name="timports_circular_a">
      <failure message="/home/travis/build/kaitai-io/ci_targets/compiled/nim/imports_circular_a.nim(9, 11) Error: undeclared identifier: 'ImportsCircularB'
This might be caused by a recursive module dependency:
/home/travis/build/kaitai-io/ci_targets/compiled/nim/imports_circular_b.nim imports /home/travis/build/kaitai-io/ci_targets/compiled/nim/imports_circular_a.nim
/home/travis/build/kaitai-io/ci_targets/compiled/nim/imports_circular_a.nim imports /home/travis/build/kaitai-io/ci_targets/compiled/nim/imports_circular_b.nim
" />
    </testcase>
    <testcase time="0.00000000" name="timports_rel_1">
      <failure message="/home/travis/build/kaitai-io/ci_targets/compiled/nim/imports_rel_1.nim(3, 23) Error: cannot open file: for_rel_imports/imported_1
" />
    </testcase>
    <testcase time="0.001935720443725586" name="tindex_sizes" />
    <testcase time="0.001911640167236328" name="tindex_to_param_eos" />
    <testcase time="0.001941442489624023" name="tindex_to_param_expr" />
    <testcase time="0.001840353012084961" name="tindex_to_param_until" />
    <testcase time="0.001888036727905273" name="tinstance_io_user" />
    <testcase time="0.001883983612060547" name="tinstance_std" />
    <testcase time="0.001837491989135742" name="tinstance_std_array" />
    <testcase time="0.001818656921386719" name="tinstance_user_array" />
    <testcase time="0.001873493194580078" name="tintegers" />
    <testcase time="0.001839637756347656" name="tintegers_min_max" />
    <testcase time="0.00000000" name="tio_local_var">
      <failure message="/home/travis/build/kaitai-io/ci_targets/compiled/nim/io_local_var.nim(49, 25) Error: type mismatch: got &lt;IoLocalVar_Dummy&gt; but expected 'Option[kaitai_struct_nim_runtime.KaitaiStruct]'
" />
    </testcase>
    <testcase time="0.001814365386962891" name="tjs_signed_right_shift" />
    <testcase time="0.001783609390258789" name="tmeta_tags" />
    <testcase time="0.001757621765136719" name="tmeta_xref" />
    <testcase time="0.001833438873291016" name="tmultiple_use" />
    <testcase time="0.001877546310424805" name="tnav_parent" />
    <testcase time="0.001862525939941406" name="tnav_parent2" />
    <testcase time="0.001963138580322266" name="tnav_parent3" />
    <testcase time="0.001830577850341797" name="tnav_parent_false" />
    <testcase time="0.001778841018676758" name="tnav_parent_false2" />
    <testcase time="0.001870393753051758" name="tnav_parent_override" />
    <testcase time="0.001759767532348633" name="tnav_parent_switch" />
    <testcase time="0.00000000" name="tnav_parent_switch_cast">
      <failure message="/home/travis/build/kaitai-io/ci_targets/compiled/nim/nav_parent_switch_cast.nim(119, 64) Error: undeclared field: 'parent' for type kaitai_struct_nim_runtime.KaitaiStruct [declared in /home/travis/.nimble/pkgs/kaitai_struct_nim_runtime-0.1.0/kaitai_struct_nim_runtime.nim(5, 3)] 
" />
    </testcase>
    <testcase time="0.001997947692871094" name="tnav_parent_vs_value_inst" />
    <testcase time="0.001953840255737305" name="tnav_root" />
    <testcase time="0.001802444458007812" name="tnested_same_name" />
    <testcase time="0.001822948455810547" name="tnested_same_name2" />
    <testcase time="0.00193476676940918" name="tnested_type_param" />
    <testcase time="0.001761674880981445" name="tnested_types" />
    <testcase time="0.001811027526855469" name="tnested_types2" />
    <testcase time="0.001864194869995117" name="tnested_types3" />
    <testcase time="0.001809358596801758" name="tnon_standard" />
    <testcase time="0.001875400543212891" name="tparams_call_extra_parens" />
    <testcase time="0.001807451248168945" name="tparams_call_short" />
    <testcase time="0.001848459243774414" name="tparams_enum" />
    <testcase time="0.00000000" name="tparams_pass_array_int">
      <failure message="/home/travis/build/kaitai-io/ci_targets/tests/spec/nim/tests/tparams_pass_array_int.nim(7, 27) template/generic instantiation of `fromFile` from here
/home/travis/build/kaitai-io/ci_targets/compiled/nim/params_pass_array_int.nim(45, 21) template/generic instantiation of `read` from here
/home/travis/build/kaitai-io/ci_targets/compiled/nim/params_pass_array_int.nim(33, 54) template/generic instantiation of `read` from here
/home/travis/build/kaitai-io/ci_targets/compiled/nim/params_pass_array_int.nim(54, 29) Error: type mismatch: got &lt;seq[int]&gt; but expected 'seq[uint16]'
" />
    </testcase>
    <testcase time="0.001899957656860352" name="tparams_pass_array_str" />
    <testcase time="0.001783132553100586" name="tparams_pass_array_struct" />
    <testcase time="0.00182652473449707" name="tparams_pass_array_usertype" />
    <testcase time="0.001786231994628906" name="tparams_pass_struct" />
    <testcase time="0.001878023147583008" name="tparams_pass_usertype" />
    <testcase time="0.001935243606567383" name="tposition_abs" />
    <testcase time="0.001841306686401367" name="tposition_in_seq" />
    <testcase time="0.001806259155273438" name="tposition_to_end" />
    <testcase time="0.001860141754150391" name="tprocess_coerce_bytes" />
    <testcase time="0.00000000" name="tprocess_coerce_switch">
      <failure message="/home/travis/build/kaitai-io/ci_targets/tests/spec/nim/tests/tprocess_coerce_switch.nim(7, 28) template/generic instantiation of `fromFile` from here
/home/travis/build/kaitai-io/ci_targets/compiled/nim/process_coerce_switch.nim(74, 22) template/generic instantiation of `read` from here
/home/travis/build/kaitai-io/ci_targets/compiled/nim/process_coerce_switch.nim(47, 26) Error: type mismatch: got &lt;seq[byte]&gt; but expected 'KaitaiStruct = ref KaitaiStruct:ObjectType'
" />
    </testcase>
    <testcase time="0.00175929069519043" name="tprocess_coerce_usertype1" />
    <testcase time="0.001852750778198242" name="tprocess_coerce_usertype2" />
    <testcase time="0.00000000" name="tprocess_custom">
      <failure message="/home/travis/build/kaitai-io/ci_targets/compiled/nim/process_custom.nim(3, 8) Error: cannot open file: my_custom_fx
" />
    </testcase>
    <testcase time="0.00000000" name="tprocess_custom_no_args">
      <failure message="/home/travis/build/kaitai-io/ci_targets/compiled/nim/process_custom_no_args.nim(3, 8) Error: cannot open file: custom_fx_no_args
" />
    </testcase>
    <testcase time="0.001755952835083008" name="tprocess_repeat_bytes" />
    <testcase time="0.00000000" name="tprocess_repeat_usertype">
      <failure message="/home/travis/build/kaitai-io/ci_targets/tests/spec/nim/tests/tprocess_repeat_usertype.nim(7, 30) template/generic instantiation of `fromFile` from here
/home/travis/build/kaitai-io/ci_targets/compiled/nim/process_repeat_usertype.nim(37, 24) template/generic instantiation of `read` from here
/home/travis/build/kaitai-io/ci_targets/compiled/nim/process_repeat_usertype.nim(30, 9) Error: redefinition of 'buf'; previous declaration here: /home/travis/build/kaitai-io/ci_targets/compiled/nim/process_repeat_usertype.nim(28, 9)
" />
    </testcase>
    <testcase time="0.001842260360717773" name="tprocess_rotate" />
    <testcase time="0.001978874206542969" name="tprocess_to_user" />
    <testcase time="0.001918792724609375" name="tprocess_xor4_const" />
    <testcase time="0.001783132553100586" name="tprocess_xor4_value" />
    <testcase time="0.001806974411010742" name="tprocess_xor_const" />
    <testcase time="0.001842021942138672" name="tprocess_xor_value" />
    <testcase time="0.001854419708251953" name="trecursive_one" />
    <testcase time="0.001793146133422852" name="trepeat_eos_bit" />
    <testcase time="0.001803159713745117" name="trepeat_eos_struct" />
    <testcase time="0.001808881759643555" name="trepeat_eos_u4" />
    <testcase time="0.001819372177124023" name="trepeat_n_struct" />
    <testcase time="0.001952886581420898" name="trepeat_n_strz" />
    <testcase time="0.001905679702758789" name="trepeat_n_strz_double" />
    <testcase time="0.001809120178222656" name="trepeat_until_calc_array_type" />
    <testcase time="0.00193476676940918" name="trepeat_until_complex" />
    <testcase time="0.001902580261230469" name="trepeat_until_s4" />
    <testcase time="0.001842975616455078" name="trepeat_until_sized" />
    <testcase time="0.005901336669921875" name="tstr_encodings" />
    <testcase time="0.001978635787963867" name="tstr_encodings_default" />
    <testcase time="0.001916646957397461" name="tstr_eos" />
    <testcase time="0.001790523529052734" name="tstr_literals2" />
    <testcase time="0.001937150955200195" name="tstr_pad_term" />
    <testcase time="0.001902341842651367" name="tstr_pad_term_empty" />
    <testcase time="0.001876354217529297" name="tswitch_bytearray" />
    <testcase time="0.00000000" name="tswitch_else_only">
      <failure message="/home/travis/build/kaitai-io/ci_targets/tests/spec/nim/tests/tswitch_else_only.nim(9, 6) template/generic instantiation of `test` from here
/home/travis/build/kaitai-io/ci_targets/tests/spec/nim/tests/tswitch_else_only.nim(14, 10) Error: undeclared field: 'structSized' for type switch_else_only.SwitchElseOnly [declared in /home/travis/build/kaitai-io/ci_targets/compiled/nim/switch_else_only.nim(5, 3)] 
" />
    </testcase>
    <testcase time="0.001796722412109375" name="tswitch_integers" />
    <testcase time="0.00185394287109375" name="tswitch_integers2" />
    <testcase time="0.001940011978149414" name="tswitch_manual_enum" />
    <testcase time="0.00000000" name="tswitch_manual_enum_invalid">
      <failure message="/opt/Nim-1.2.0/lib/pure/unittest.nim(647, 43) Error: conversion from int literal(255) to SwitchManualEnumInvalid_Opcode_CodeEnum is invalid
" />
    </testcase>
    <testcase time="0.00000000" name="tswitch_manual_enum_invalid_else">
      <failure message="/opt/Nim-1.2.0/lib/pure/unittest.nim(647, 43) Error: conversion from int literal(255) to SwitchManualEnumInvalidElse_Opcode_CodeEnum is invalid
" />
    </testcase>
    <testcase time="0.001860618591308594" name="tswitch_manual_int" />
    <testcase time="0.001859664916992188" name="tswitch_manual_int_else" />
    <testcase time="0.00000000" name="tswitch_manual_int_size">
      <failure message="/home/travis/build/kaitai-io/ci_targets/tests/spec/nim/tests/tswitch_manual_int_size.nim(7, 28) template/generic instantiation of `fromFile` from here
/home/travis/build/kaitai-io/ci_targets/compiled/nim/switch_manual_int_size.nim(44, 22) template/generic instantiation of `read` from here
/home/travis/build/kaitai-io/ci_targets/compiled/nim/switch_manual_int_size.nim(39, 41) template/generic instantiation of `read` from here
/home/travis/build/kaitai-io/ci_targets/compiled/nim/switch_manual_int_size.nim(74, 19) Error: type mismatch: got &lt;seq[byte]&gt; but expected 'KaitaiStruct = ref KaitaiStruct:ObjectType'
" />
    </testcase>
    <testcase time="0.00000000" name="tswitch_manual_int_size_else">
      <failure message="/home/travis/build/kaitai-io/ci_targets/tests/spec/nim/tests/tswitch_manual_int_size_else.nim(9, 6) template/generic instantiation of `test` from here
/home/travis/build/kaitai-io/ci_targets/tests/spec/nim/tests/tswitch_manual_int_size_else.nim(20, 8) template/generic instantiation of `check` from here
/opt/Nim-1.2.0/lib/pure/unittest.nim(647, 43) Error: cannot infer the type of the sequence
" />
    </testcase>
    <testcase time="0.00191497802734375" name="tswitch_manual_str" />
    <testcase time="0.001924037933349609" name="tswitch_manual_str_else" />
    <testcase time="0.001761674880981445" name="tterm_bytes" />
    <testcase time="0.001932621002197266" name="tterm_strz" />
    <testcase time="0.001775503158569336" name="tts_packet_header" />
    <testcase time="0.001829624176025391" name="ttype_int_unary_op" />
    <testcase time="0.001913309097290039" name="ttype_ternary" />
    <testcase time="0.00000000" name="ttype_ternary_2nd_falsy">
      <failure message="/home/travis/build/kaitai-io/ci_targets/tests/spec/nim/tests/ttype_ternary_2nd_falsy.nim(9, 6) template/generic instantiation of `test` from here
/home/travis/build/kaitai-io/ci_targets/tests/spec/nim/tests/ttype_ternary_2nd_falsy.nim(20, 8) template/generic instantiation of `check` from here
/opt/Nim-1.2.0/lib/pure/unittest.nim(670, 14) Error: type mismatch: got &lt;Option[type_ternary_2nd_falsy.TypeTernary2ndFalsy_Foo], typeof(nil)&gt;
but expected one of: 
proc `==`(a, b: Option): bool
  first type mismatch at position: 2
  required type for b: Option
  but expression 'nil' is of type: typeof(nil)
proc `==`[T: tuple | object](x, y: T): bool
  first type mismatch at position: 2
  required type for y: T: tuple or object
  but expression 'nil' is of type: typeof(nil)
29 other mismatching symbols have been suppressed; compile with --showAllMismatches:on to see them

expression: :c1 == nil
" />
    </testcase>
    <testcase time="0.001880645751953125" name="tuser_type" />
    <testcase time="0.001869916915893555" name="tvalid_long" />
    <testcase time="0.00177764892578125" name="tvalid_not_parsed_if" />
    <testcase time="0.001991510391235352" name="tvalid_short" />
    <testcase time="0.00171208381652832" name="tvalid_switch" />
    <testcase time="0.00000000" name="tyaml_ints">
      <failure message="/home/travis/build/kaitai-io/ci_targets/compiled/nim/yaml_ints.nim(47, 30) Error: 18446744073709551615 can't be converted to int
" />
    </testcase>
    <testcase time="0.00000000" name="tzlib_surrounded">
      <failure message="/home/travis/build/kaitai-io/ci_targets/tests/spec/nim/tests/tzlib_surrounded.nim(7, 23) template/generic instantiation of `fromFile` from here
/home/travis/build/kaitai-io/ci_targets/compiled/nim/zlib_surrounded.nim(41, 17) template/generic instantiation of `read` from here
/home/travis/build/kaitai-io/ci_targets/compiled/nim/zlib_surrounded.nim(32, 36) Error: attempting to call undeclared routine: 'processZlib'
" />
    </testcase>
    <testcase time="0.00000000" name="tzlib_with_header_78">
      <failure message="/home/travis/build/kaitai-io/ci_targets/tests/spec/nim/tests/tzlib_with_header_78.nim(7, 25) template/generic instantiation of `fromFile` from here
/home/travis/build/kaitai-io/ci_targets/compiled/nim/zlib_with_header_78.nim(27, 19) template/generic instantiation of `read` from here
/home/travis/build/kaitai-io/ci_targets/compiled/nim/zlib_with_header_78.nim(23, 30) Error: attempting to call undeclared routine: 'processZlib'
" />
    </testcase>
  </testsuite>
</testsuites>