<testsuites>
  <testsuite tests="187" failures="1" errors="31" name="nim">
    <testcase time="0.001772403717041016" name="tbcd_user_type_be" />
    <testcase time="0.001735925674438477" name="tbcd_user_type_le" />
    <testcase time="0.00000000" name="tbits_byte_aligned">
      <failure message="/home/travis/build/kaitai-io/ci_targets/tests/spec/nim/tbits_byte_aligned.nim(15, 22) Error: number out of range: '1'u8'
" />
    </testcase>
    <testcase time="0.001630783081054688" name="tbits_enum" />
    <testcase time="0.001586198806762695" name="tbits_seq_endian_combo" />
    <testcase time="0.001502752304077148" name="tbits_signed_b32_le" />
    <testcase time="0.001578092575073242" name="tbits_signed_b64_le" />
    <testcase time="0.001727581024169922" name="tbits_simple" />
    <testcase time="0.001558065414428711" name="tbits_simple_le" />
    <testcase time="0.001572132110595703" name="tbuffered_struct" />
    <testcase time="0.001520872116088867" name="tbytes_pad_term" />
    <testcase time="0.001703739166259766" name="tcast_nested" />
    <testcase time="0.001556634902954102" name="tcast_to_imported" />
    <testcase time="0.001516103744506836" name="tcast_to_top" />
    <testcase time="0.001528501510620117" name="tcombine_bool" />
    <testcase time="0.001601696014404297" name="tcombine_bytes" />
    <testcase time="0.001556158065795898" name="tcombine_enum" />
    <testcase time="0.001764535903930664" name="tcombine_str" />
    <testcase time="0.001552820205688477" name="tdebug_switch_user" />
    <testcase time="0.001524209976196289" name="tdefault_big_endian" />
    <testcase time="0.001580238342285156" name="tdefault_bit_endian_mod" />
    <testcase time="0.001623153686523438" name="tdefault_endian_expr_inherited" />
    <testcase time="0.001527070999145508" name="tdefault_endian_expr_is_be" />
    <testcase time="0.001569032669067383" name="tdefault_endian_expr_is_le" />
    <testcase time="0.001544952392578125" name="tdefault_endian_mod" />
    <testcase time="0.001551628112792969" name="tdocstrings" />
    <testcase time="0.001494169235229492" name="tdocstrings_docref" />
    <testcase time="0.001508951187133789" name="tdocstrings_docref_multi" />
    <testcase time="0.00159764289855957" name="tenum_0" />
    <testcase time="0.001509428024291992" name="tenum_1" />
    <testcase time="0.00150752067565918" name="tenum_deep" />
    <testcase time="0.001564264297485352" name="tenum_deep_literals" />
    <testcase time="0.001555681228637695" name="tenum_fancy" />
    <testcase time="0.001530647277832031" name="tenum_if" />
    <testcase time="0.001703500747680664" name="tenum_import" />
    <testcase time="0.001627683639526367" name="tenum_int_range_s" />
    <testcase time="0.001579999923706055" name="tenum_int_range_u" />
    <testcase time="0.001500606536865234" name="tenum_invalid" />
    <testcase time="0.00000000" name="tenum_long_range_s">
      <failure message="fatal.nim(53)            sysFatal
Error: unhandled exception: over- or underflow [OverflowDefect]
" />
    </testcase>
    <testcase time="0.00000000" name="tenum_long_range_u">
      <failure message="fatal.nim(53)            sysFatal
Error: unhandled exception: over- or underflow [OverflowDefect]
" />
    </testcase>
    <testcase time="0.001544475555419922" name="tenum_negative" />
    <testcase time="0.001540422439575195" name="tenum_of_value_inst" />
    <testcase time="0.00153803825378418" name="tenum_to_i" />
    <testcase time="0.00000000" name="tenum_to_i_class_border_1">
      <failure message="/home/travis/build/kaitai-io/ci_targets/compiled/nim/enum_to_i_class_border_1.nim(13, 20) Error: undeclared identifier: 'EnumToIClassBorder2'
candidates (edit distance, scope distance); see '--spellSuggest': 
 (1, 0): 'EnumToIClassBorder1' [type declared in /home/travis/build/kaitai-io/ci_targets/compiled/nim/enum_to_i_class_border_1.nim(7, 3)]
 (1, 0): 'enum_to_i_class_border_2' [module declared in /home/travis/build/kaitai-io/ci_targets/compiled/nim/enum_to_i_class_border_1.nim(5, 8)]
This might be caused by a recursive module dependency:
/home/travis/build/kaitai-io/ci_targets/compiled/nim/enum_to_i_class_border_2.nim imports /home/travis/build/kaitai-io/ci_targets/compiled/nim/enum_to_i_class_border_1.nim
/home/travis/build/kaitai-io/ci_targets/compiled/nim/enum_to_i_class_border_1.nim imports /home/travis/build/kaitai-io/ci_targets/compiled/nim/enum_to_i_class_border_2.nim
" />
    </testcase>
    <testcase time="0.001627445220947266" name="texpr_0" />
    <testcase time="0.00153803825378418" name="texpr_1" />
    <testcase time="0.001808881759643555" name="texpr_2" />
    <testcase time="0.001646280288696289" name="texpr_3" />
    <testcase time="0.001603603363037109" name="texpr_array" />
    <testcase time="0.001585960388183594" name="texpr_bits" />
    <testcase time="0.00000000" name="texpr_bytes_cmp">
      <failure message="/home/travis/build/kaitai-io/ci_targets/compiled/nim/expr_bytes_cmp.nim(126, 36) Error: number out of range: '112'u8'
" />
    </testcase>
    <testcase time="0.00000000" name="texpr_bytes_literal">
      <failure message="/home/travis/build/kaitai-io/ci_targets/tests/spec/nim/texpr_bytes_literal.nim(4, 26) Error: cannot open file: ../../compiled/nim/expr_bytes_literal
" />
    </testcase>
    <testcase time="0.00000000" name="texpr_bytes_ops">
      <failure message="/home/travis/build/kaitai-io/ci_targets/compiled/nim/expr_bytes_ops.nim(105, 41) Error: number out of range: '1'u8'
" />
    </testcase>
    <testcase time="0.001537322998046875" name="texpr_calc_array_ops" />
    <testcase time="0.001444578170776367" name="texpr_enum" />
    <testcase time="0.001557588577270508" name="texpr_if_int_ops" />
    <testcase time="0.001504182815551758" name="texpr_int_div">
      <failure message="/home/travis/build/kaitai-io/ci_targets/tests/spec/nim/texpr_int_div.nim(12) texpr_int_div
/opt/Nim-1.6.0/lib/system/assertions.nim(38) failedAssertImpl
/opt/Nim-1.6.0/lib/system/assertions.nim(28) raiseAssert
/opt/Nim-1.6.0/lib/system/fatal.nim(53) sysFatal
Error: unhandled exception: /home/travis/build/kaitai-io/ci_targets/tests/spec/nim/texpr_int_div.nim(12, 8) `r.divNegConst == int(-757)`  [AssertionDefect]
" />
    </testcase>
    <testcase time="0.001534700393676758" name="texpr_io_eof" />
    <testcase time="0.00165867805480957" name="texpr_io_pos" />
    <testcase time="0.001689910888671875" name="texpr_mod" />
    <testcase time="0.001604080200195312" name="texpr_ops_parens" />
    <testcase time="0.001528263092041016" name="texpr_sizeof_type_0" />
    <testcase time="0.001509428024291992" name="texpr_sizeof_type_1" />
    <testcase time="0.001527786254882812" name="texpr_sizeof_value_0" />
    <testcase time="0.001552343368530273" name="texpr_sizeof_value_sized" />
    <testcase time="0.00000000" name="texpr_str_encodings">
      <failure message="/home/travis/build/kaitai-io/ci_targets/compiled/nim/expr_str_encodings.nim(68, 63) Error: number out of range: '76'u8'
" />
    </testcase>
    <testcase time="0.001565694808959961" name="texpr_str_ops" />
    <testcase time="0.001502037048339844" name="tfixed_contents" />
    <testcase time="0.001574277877807617" name="tfixed_struct" />
    <testcase time="0.00151371955871582" name="tfloat_to_i" />
    <testcase time="0.001479864120483398" name="tfloating_points" />
    <testcase time="0.001503944396972656" name="thello_world" />
    <testcase time="0.001516342163085938" name="tif_instances" />
    <testcase time="0.001656770706176758" name="tif_struct" />
    <testcase time="0.00156855583190918" name="tif_values" />
    <testcase time="0.001530647277832031" name="timports0" />
    <testcase time="0.00000000" name="timports_abs">
      <failure message="/home/travis/build/kaitai-io/ci_targets/compiled/nim/imports_abs.nim(3, 15) Error: cannot open file: /common/vlq_base128_le
" />
    </testcase>
    <testcase time="0.00000000" name="timports_circular_a">
      <failure message="/home/travis/build/kaitai-io/ci_targets/compiled/nim/imports_circular_a.nim(9, 13) Error: undeclared identifier: 'ImportsCircularB'
candidates (edit distance, scope distance); see '--spellSuggest': 
 (1, 0): 'ImportsCircularA' [type declared in /home/travis/build/kaitai-io/ci_targets/compiled/nim/imports_circular_a.nim(7, 3)]
 (1, 0): 'imports_circular_b' [module declared in /home/travis/build/kaitai-io/ci_targets/compiled/nim/imports_circular_a.nim(5, 8)]
This might be caused by a recursive module dependency:
/home/travis/build/kaitai-io/ci_targets/compiled/nim/imports_circular_b.nim imports /home/travis/build/kaitai-io/ci_targets/compiled/nim/imports_circular_a.nim
/home/travis/build/kaitai-io/ci_targets/compiled/nim/imports_circular_a.nim imports /home/travis/build/kaitai-io/ci_targets/compiled/nim/imports_circular_b.nim
" />
    </testcase>
    <testcase time="0.00000000" name="timports_rel_1">
      <failure message="/home/travis/build/kaitai-io/ci_targets/compiled/nim/imports_rel_1.nim(3, 23) Error: cannot open file: for_rel_imports/imported_1
" />
    </testcase>
    <testcase time="0.001550436019897461" name="tindex_sizes" />
    <testcase time="0.001567602157592773" name="tindex_to_param_eos" />
    <testcase time="0.001688241958618164" name="tindex_to_param_expr" />
    <testcase time="0.001626014709472656" name="tindex_to_param_until" />
    <testcase time="0.001593828201293945" name="tinstance_io_user" />
    <testcase time="0.001556158065795898" name="tinstance_std" />
    <testcase time="0.001584053039550781" name="tinstance_std_array" />
    <testcase time="0.001688241958618164" name="tinstance_user_array" />
    <testcase time="0.001527786254882812" name="tintegers" />
    <testcase time="0.001520872116088867" name="tintegers_double_overflow" />
    <testcase time="0.00000000" name="tintegers_min_max">
      <failure message="/home/travis/build/kaitai-io/ci_targets/tests/spec/nim/tintegers_min_max.nim(26, 35) Error: number out of range: '9223372036854775808'u64'
" />
    </testcase>
    <testcase time="0.00000000" name="tio_local_var">
      <failure message="/home/travis/build/kaitai-io/ci_targets/compiled/nim/io_local_var.nim(59, 25) Error: type mismatch: got 'seq[byte]' for 'messUpInstExpr' but expected 'KaitaiStruct = ref KaitaiStruct:ObjectType'
" />
    </testcase>
    <testcase time="0.001528024673461914" name="tjs_signed_right_shift" />
    <testcase time="0.001514911651611328" name="tmeta_tags" />
    <testcase time="0.001492023468017578" name="tmeta_xref" />
    <testcase time="0.001654148101806641" name="tmultiple_use" />
    <testcase time="0.001575946807861328" name="tnav_parent" />
    <testcase time="0.001606941223144531" name="tnav_parent2" />
    <testcase time="0.001757621765136719" name="tnav_parent3" />
    <testcase time="0.001506567001342773" name="tnav_parent_false" />
    <testcase time="0.002039194107055664" name="tnav_parent_false2" />
    <testcase time="0.001519918441772461" name="tnav_parent_override" />
    <testcase time="0.001662969589233398" name="tnav_parent_switch" />
    <testcase time="0.00000000" name="tnav_parent_switch_cast">
      <failure message="/home/travis/build/kaitai-io/ci_targets/compiled/nim/nav_parent_switch_cast.nim(120, 64) Error: undeclared field: 'parent' for type kaitai_struct_nim_runtime.KaitaiStruct [type declared in /home/travis/.nimble/pkgs/kaitai_struct_nim_runtime-0.9.0/kaitai_struct_nim_runtime.nim(5, 3)]
" />
    </testcase>
    <testcase time="0.00161290168762207" name="tnav_parent_vs_value_inst" />
    <testcase time="0.001605033874511719" name="tnav_root" />
    <testcase time="0.001658916473388672" name="tnested_same_name" />
    <testcase time="0.001430511474609375" name="tnested_same_name2" />
    <testcase time="0.00165104866027832" name="tnested_type_param" />
    <testcase time="0.001505136489868164" name="tnested_types" />
    <testcase time="0.001530647277832031" name="tnested_types2" />
    <testcase time="0.001496076583862305" name="tnested_types3" />
    <testcase time="0.001547574996948242" name="tnon_standard" />
    <testcase time="0.001579523086547852" name="tparams_call_extra_parens" />
    <testcase time="0.001604795455932617" name="tparams_call_short" />
    <testcase time="0.001551389694213867" name="tparams_enum" />
    <testcase time="0.00000000" name="tparams_pass_array_int">
      <failure message="/home/travis/build/kaitai-io/ci_targets/tests/spec/nim/tparams_pass_array_int.nim(7, 27) template/generic instantiation of `fromFile` from here
/home/travis/build/kaitai-io/ci_targets/compiled/nim/params_pass_array_int.nim(46, 21) template/generic instantiation of `read` from here
/home/travis/build/kaitai-io/ci_targets/compiled/nim/params_pass_array_int.nim(34, 54) template/generic instantiation of `read` from here
/home/travis/build/kaitai-io/ci_targets/compiled/nim/params_pass_array_int.nim(55, 29) Error: type mismatch: got 'seq[int]' for 'nums' but expected 'seq[uint16]'
" />
    </testcase>
    <testcase time="0.001656770706176758" name="tparams_pass_array_str" />
    <testcase time="0.001507997512817383" name="tparams_pass_array_struct" />
    <testcase time="0.001527547836303711" name="tparams_pass_array_usertype" />
    <testcase time="0.001537322998046875" name="tparams_pass_bool" />
    <testcase time="0.001480579376220703" name="tparams_pass_struct" />
    <testcase time="0.00152277946472168" name="tparams_pass_usertype" />
    <testcase time="0.001575946807861328" name="tposition_abs" />
    <testcase time="0.001617670059204102" name="tposition_in_seq" />
    <testcase time="0.001499652862548828" name="tposition_to_end" />
    <testcase time="0.001715421676635742" name="tprocess_coerce_bytes" />
    <testcase time="0.00000000" name="tprocess_coerce_switch">
      <failure message="/home/travis/build/kaitai-io/ci_targets/tests/spec/nim/tprocess_coerce_switch.nim(7, 28) template/generic instantiation of `fromFile` from here
/home/travis/build/kaitai-io/ci_targets/compiled/nim/process_coerce_switch.nim(75, 22) template/generic instantiation of `read` from here
/home/travis/build/kaitai-io/ci_targets/compiled/nim/process_coerce_switch.nim(48, 26) Error: type mismatch: got 'seq[byte]' for 'bufUnprocExpr' but expected 'KaitaiStruct = ref KaitaiStruct:ObjectType'
" />
    </testcase>
    <testcase time="0.001631259918212891" name="tprocess_coerce_usertype1" />
    <testcase time="0.001610279083251953" name="tprocess_coerce_usertype2" />
    <testcase time="0.00000000" name="tprocess_custom">
      <failure message="/home/travis/build/kaitai-io/ci_targets/compiled/nim/process_custom.nim(3, 8) Error: cannot open file: my_custom_fx
" />
    </testcase>
    <testcase time="0.00000000" name="tprocess_custom_no_args">
      <failure message="/home/travis/build/kaitai-io/ci_targets/compiled/nim/process_custom_no_args.nim(3, 8) Error: cannot open file: custom_fx_no_args
" />
    </testcase>
    <testcase time="0.00000000" name="tprocess_repeat_bytes">
      <failure message="/home/travis/build/kaitai-io/ci_targets/tests/spec/nim/tprocess_repeat_bytes.nim(9, 46) Error: number out of range: '118'u8'
" />
    </testcase>
    <testcase time="0.00000000" name="tprocess_repeat_usertype">
      <failure message="/home/travis/build/kaitai-io/ci_targets/tests/spec/nim/tprocess_repeat_usertype.nim(7, 30) template/generic instantiation of `fromFile` from here
/home/travis/build/kaitai-io/ci_targets/compiled/nim/process_repeat_usertype.nim(37, 24) template/generic instantiation of `read` from here
/home/travis/build/kaitai-io/ci_targets/compiled/nim/process_repeat_usertype.nim(30, 9) Error: redefinition of 'buf'; previous declaration here: /home/travis/build/kaitai-io/ci_targets/compiled/nim/process_repeat_usertype.nim(28, 9)
" />
    </testcase>
    <testcase time="0.001550674438476562" name="tprocess_rotate" />
    <testcase time="0.00161433219909668" name="tprocess_to_user" />
    <testcase time="0.00000000" name="tprocess_xor4_const">
      <failure message="/home/travis/build/kaitai-io/ci_targets/compiled/nim/process_xor4_const.nim(26, 43) Error: number out of range: '20'u8'
" />
    </testcase>
    <testcase time="0.00000000" name="tprocess_xor4_value">
      <failure message="/home/travis/build/kaitai-io/ci_targets/tests/spec/nim/tprocess_xor4_value.nim(9, 20) Error: number out of range: '20'u8'
" />
    </testcase>
    <testcase time="0.001553773880004883" name="tprocess_xor_const" />
    <testcase time="0.001515865325927734" name="tprocess_xor_value" />
    <testcase time="0.001517534255981445" name="trecursive_one" />
    <testcase time="0.001503705978393555" name="trepeat_eos_bit" />
    <testcase time="0.001500844955444336" name="trepeat_eos_struct" />
    <testcase time="0.001505136489868164" name="trepeat_eos_u4" />
    <testcase time="0.001606464385986328" name="trepeat_n_struct" />
    <testcase time="0.001603126525878906" name="trepeat_n_strz" />
    <testcase time="0.001610279083251953" name="trepeat_n_strz_double" />
    <testcase time="0.001501083374023438" name="trepeat_until_calc_array_type" />
    <testcase time="0.001623868942260742" name="trepeat_until_complex" />
    <testcase time="0.001749992370605469" name="trepeat_until_s4" />
    <testcase time="0.001571178436279297" name="trepeat_until_sized" />
    <testcase time="0.003816366195678711" name="tstr_encodings" />
    <testcase time="0.001714706420898438" name="tstr_encodings_default" />
    <testcase time="0.00156712532043457" name="tstr_eos" />
    <testcase time="0.001523017883300781" name="tstr_literals2" />
    <testcase time="0.001618146896362305" name="tstr_pad_term" />
    <testcase time="0.001587629318237305" name="tstr_pad_term_empty" />
    <testcase time="0.001615047454833984" name="tswitch_bytearray" />
    <testcase time="0.001526832580566406" name="tswitch_else_only" />
    <testcase time="0.001486063003540039" name="tswitch_integers" />
    <testcase time="0.00159001350402832" name="tswitch_integers2" />
    <testcase time="0.001572132110595703" name="tswitch_manual_enum" />
    <testcase time="0.00000000" name="tswitch_manual_enum_invalid">
      <failure message="/home/travis/build/kaitai-io/ci_targets/tests/spec/nim/tswitch_manual_enum_invalid.nim(10, 11) Error: conversion from int literal(255) to SwitchManualEnumInvalid_Opcode_CodeEnum is invalid
" />
    </testcase>
    <testcase time="0.00000000" name="tswitch_manual_enum_invalid_else">
      <failure message="/home/travis/build/kaitai-io/ci_targets/tests/spec/nim/tswitch_manual_enum_invalid_else.nim(10, 11) Error: conversion from int literal(255) to SwitchManualEnumInvalidElse_Opcode_CodeEnum is invalid
" />
    </testcase>
    <testcase time="0.001615285873413086" name="tswitch_manual_int" />
    <testcase time="0.001652002334594727" name="tswitch_manual_int_else" />
    <testcase time="0.00000000" name="tswitch_manual_int_size">
      <failure message="/home/travis/build/kaitai-io/ci_targets/tests/spec/nim/tswitch_manual_int_size.nim(16, 94) Error: number out of range: '128'u8'
" />
    </testcase>
    <testcase time="0.00000000" name="tswitch_manual_int_size_else">
      <failure message="/home/travis/build/kaitai-io/ci_targets/tests/spec/nim/tswitch_manual_int_size_else.nim(16, 125) Error: number out of range: '128'u8'
" />
    </testcase>
    <testcase time="0.001590728759765625" name="tswitch_manual_str" />
    <testcase time="0.001592636108398438" name="tswitch_manual_str_else" />
    <testcase time="0.00000000" name="tswitch_repeat_expr">
      <failure message="/home/travis/build/kaitai-io/ci_targets/tests/spec/nim/tswitch_repeat_expr.nim(7, 25) template/generic instantiation of `fromFile` from here
/home/travis/build/kaitai-io/ci_targets/compiled/nim/switch_repeat_expr.nim(55, 19) template/generic instantiation of `read` from here
/home/travis/build/kaitai-io/ci_targets/compiled/nim/switch_repeat_expr.nim(52, 18) Error: type mismatch: got &lt;seq[KaitaiStruct], seq[byte]&gt;
but expected one of:
proc add[T](x: var seq[T]; y: openArray[T])
  first type mismatch at position: 2
  required type for y: openArray[T]
  but expression 'it' is of type: seq[byte]
proc add[T](x: var seq[T]; y: sink T)
  first type mismatch at position: 2
  required type for y: sink T
  but expression 'it' is of type: seq[byte]
3 other mismatching symbols have been suppressed; compile with --showAllMismatches:on to see them

expression: add(result.body, it)
" />
    </testcase>
    <testcase time="0.00000000" name="tswitch_repeat_expr_invalid">
      <failure message="/home/travis/build/kaitai-io/ci_targets/tests/spec/nim/tswitch_repeat_expr_invalid.nim(7, 32) template/generic instantiation of `fromFile` from here
/home/travis/build/kaitai-io/ci_targets/compiled/nim/switch_repeat_expr_invalid.nim(55, 26) template/generic instantiation of `read` from here
/home/travis/build/kaitai-io/ci_targets/compiled/nim/switch_repeat_expr_invalid.nim(52, 18) Error: type mismatch: got &lt;seq[KaitaiStruct], seq[byte]&gt;
but expected one of:
proc add[T](x: var seq[T]; y: openArray[T])
  first type mismatch at position: 2
  required type for y: openArray[T]
  but expression 'it' is of type: seq[byte]
proc add[T](x: var seq[T]; y: sink T)
  first type mismatch at position: 2
  required type for y: sink T
  but expression 'it' is of type: seq[byte]
3 other mismatching symbols have been suppressed; compile with --showAllMismatches:on to see them

expression: add(result.body, it)
" />
    </testcase>
    <testcase time="0.001585721969604492" name="tterm_bytes" />
    <testcase time="0.001861810684204102" name="tterm_strz" />
    <testcase time="0.001715898513793945" name="tterm_u1_val" />
    <testcase time="0.001494169235229492" name="tts_packet_header" />
    <testcase time="0.001672744750976562" name="ttype_int_unary_op" />
    <testcase time="0.001655101776123047" name="ttype_ternary" />
    <testcase time="0.001766204833984375" name="ttype_ternary_2nd_falsy" />
    <testcase time="0.001618385314941406" name="tuser_type" />
    <testcase time="0.001672983169555664" name="tvalid_eq_str_encodings" />
    <testcase time="0.001704216003417969" name="tvalid_long" />
    <testcase time="0.001505613327026367" name="tvalid_not_parsed_if" />
    <testcase time="0.001641511917114258" name="tvalid_short" />
    <testcase time="0.001504659652709961" name="tvalid_switch" />
    <testcase time="0.00000000" name="tyaml_ints">
      <failure message="/home/travis/build/kaitai-io/ci_targets/compiled/nim/yaml_ints.nim(51, 30) Error: 18446744073709551615 can't be converted to int
" />
    </testcase>
    <testcase time="0.00000000" name="tzlib_surrounded">
      <failure message="/home/travis/build/kaitai-io/ci_targets/tests/spec/nim/tzlib_surrounded.nim(7, 23) template/generic instantiation of `fromFile` from here
/home/travis/build/kaitai-io/ci_targets/compiled/nim/zlib_surrounded.nim(41, 17) template/generic instantiation of `read` from here
/home/travis/build/kaitai-io/ci_targets/compiled/nim/zlib_surrounded.nim(32, 36) Error: attempting to call undeclared routine: 'processZlib'
" />
    </testcase>
    <testcase time="0.00000000" name="tzlib_with_header_78">
      <failure message="/home/travis/build/kaitai-io/ci_targets/tests/spec/nim/tzlib_with_header_78.nim(7, 25) template/generic instantiation of `fromFile` from here
/home/travis/build/kaitai-io/ci_targets/compiled/nim/zlib_with_header_78.nim(27, 19) template/generic instantiation of `read` from here
/home/travis/build/kaitai-io/ci_targets/compiled/nim/zlib_with_header_78.nim(23, 30) Error: attempting to call undeclared routine: 'processZlib'
" />
    </testcase>
  </testsuite>
</testsuites>