<testsuites>
  <testsuite tests="227" failures="5" errors="30" name="nim">
    <testcase time="0.00130129" name="tbcd_user_type_be" />
    <testcase time="0.00132012" name="tbcd_user_type_le" />
    <testcase time="0.00126600" name="tbits_byte_aligned" />
    <testcase time="0.00126982" name="tbits_enum" />
    <testcase time="0.00130343" name="tbits_seq_endian_combo" />
    <testcase time="0.00125766" name="tbits_shift_by_b32_le" />
    <testcase time="0.00128007" name="tbits_shift_by_b64_le" />
    <testcase time="0.00126624" name="tbits_signed_res_b32_be" />
    <testcase time="0.00126290" name="tbits_signed_res_b32_le" />
    <testcase time="0.00126338" name="tbits_signed_shift_b32_le" />
    <testcase time="0.00127506" name="tbits_signed_shift_b64_le" />
    <testcase time="0.00130844" name="tbits_simple" />
    <testcase time="0.00126076" name="tbits_simple_le" />
    <testcase time="0.00133538" name="tbits_unaligned_b32_be" />
    <testcase time="0.00127268" name="tbits_unaligned_b32_le" />
    <testcase time="0.00126719" name="tbits_unaligned_b64_be" />
    <testcase time="0.00133944" name="tbits_unaligned_b64_le" />
    <testcase time="0.00127912" name="tbuffered_struct" />
    <testcase time="0.00126815" name="tbytes_pad_term" />
    <testcase time="0.00134993" name="tcast_nested" />
    <testcase time="0.00128222" name="tcast_to_top" />
    <testcase time="0.00127602" name="tcombine_bool" />
    <testcase time="0.00127029" name="tcombine_bytes" />
    <testcase time="0.00130200" name="tcombine_enum" />
    <testcase time="0.00134540" name="tcombine_str" />
    <testcase time="0.00129032" name="tdebug_0" />
    <testcase time="0.00000000" name="tdebug_array_user">
      <failure message="/tests/spec/nim/tdebug_array_user.nim(4, 26) Error: cannot open file: ../../compiled/nim/debug_array_user
" />
    </testcase>
    <testcase time="0.00000000" name="tdebug_array_user_current_excluded">
      <failure message="/tests/spec/nim/tdebug_array_user_current_excluded.nim(4, 26) Error: cannot open file: ../../compiled/nim/debug_array_user_current_excluded
" />
    </testcase>
    <testcase time="0.00131083" name="tdebug_enum_name" />
    <testcase time="0.00128365" name="tdebug_switch_user" />
    <testcase time="0.00128436" name="tdefault_big_endian" />
    <testcase time="0.00131726" name="tdefault_bit_endian_mod" />
    <testcase time="0.00131464" name="tdefault_endian_expr_inherited" />
    <testcase time="0.00129938" name="tdefault_endian_expr_is_be" />
    <testcase time="0.00129962" name="tdefault_endian_expr_is_le" />
    <testcase time="0.00128102" name="tdefault_endian_mod" />
    <testcase time="0.00137281" name="tdocstrings" />
    <testcase time="0.00127077" name="tdocstrings_docref" />
    <testcase time="0.00139356" name="tdocstrings_docref_multi" />
    <testcase time="0.00125861" name="tenum_0" />
    <testcase time="0.00129533" name="tenum_1" />
    <testcase time="0.00129032" name="tenum_deep" />
    <testcase time="0.00129962" name="tenum_deep_literals" />
    <testcase time="0.00127816" name="tenum_fancy" />
    <testcase time="0.00131941" name="tenum_if" />
    <testcase time="0.00000000" name="tenum_import_literals">
      <failure message="/tests/compiled/nim/enum_import_literals.nim(11, 17) Error: undeclared identifier: &amp;apos;EnumDeep_Container1_Container2_Animal&amp;apos;
candidates (edit distance, scope distance); see &amp;apos;--spellSuggest&amp;apos;: 
 (22, 0): &amp;apos;EnumImportLiterals&amp;apos; [type declared in /tests/compiled/nim/enum_import_literals.nim(5, 3)]
" />
    </testcase>
    <testcase time="0.00129604" name="tenum_import_seq" />
    <testcase time="0.00151849" name="tenum_int_range_s" />
    <testcase time="0.00136566" name="tenum_int_range_u" />
    <testcase time="0.00000000" name="tenum_invalid">
      <failure message="/tests/spec/nim/tenum_invalid.nim(10, 15) Error: type mismatch: got &amp;lt;EnumInvalid_Animal, int literal(111)&amp;gt;
but expected one of:
proc `==`[Enum: enum](x, y: Enum): bool
  first type mismatch at position: 2
  required type for y: Enum: enum
  but expression &amp;apos;111&amp;apos; is of type: int literal(111)
proc `==`[T: tuple | object](x, y: T): bool
  first type mismatch at position: 2
  required type for y: T: tuple or object
  but expression &amp;apos;111&amp;apos; is of type: int literal(111)
proc `==`[T](a, b: Option[T]): bool
  first type mismatch at position: 2
  required type for b: Option[==.T]
  but expression &amp;apos;111&amp;apos; is of type: int literal(111)
29 other mismatching symbols have been suppressed; compile with --showAllMismatches:on to see them

expression: r.pet2 == 111
" />
    </testcase>
    <testcase time="0.00135088" name="tenum_long_range_s" />
    <testcase time="0.00000000" name="tenum_long_range_u">
      <failure message="/tests/compiled/nim/enum_long_range_u.nim(15, 16) Error: number out of range: &amp;apos;18446744073709551615&amp;apos;
" />
    </testcase>
    <testcase time="0.00128794" name="tenum_negative" />
    <testcase time="0.00129962" name="tenum_of_value_inst" />
    <testcase time="0.00125337" name="tenum_to_i" />
    <testcase time="0.00000000" name="tenum_to_i_class_border_1">
      <failure message="/tests/compiled/nim/enum_to_i_class_border_2.nim(7, 16) Error: undeclared identifier: &amp;apos;EnumToIClassBorder1&amp;apos;
candidates (edit distance, scope distance); see &amp;apos;--spellSuggest&amp;apos;: 
 (1, 0): &amp;apos;EnumToIClassBorder2&amp;apos; [type declared in /tests/compiled/nim/enum_to_i_class_border_2.nim(6, 3)]
 (1, 0): &amp;apos;enum_to_i_class_border_1&amp;apos; [module declared in /tests/compiled/nim/enum_to_i_class_border_2.nim(3, 8)]
This might be caused by a recursive module dependency:
/tests/compiled/nim/enum_to_i_class_border_1.nim imports /tests/compiled/nim/enum_to_i_class_border_2.nim
/tests/compiled/nim/enum_to_i_class_border_2.nim imports /tests/compiled/nim/enum_to_i_class_border_1.nim
" />
    </testcase>
    <testcase time="0.00000000" name="tenum_to_i_invalid">
      <failure message="/tests/spec/nim/tenum_to_i_invalid.nim(10, 15) Error: type mismatch: got &amp;lt;EnumToIInvalid_Animal, int literal(111)&amp;gt;
but expected one of:
proc `==`[Enum: enum](x, y: Enum): bool
  first type mismatch at position: 2
  required type for y: Enum: enum
  but expression &amp;apos;111&amp;apos; is of type: int literal(111)
proc `==`[T: tuple | object](x, y: T): bool
  first type mismatch at position: 2
  required type for y: T: tuple or object
  but expression &amp;apos;111&amp;apos; is of type: int literal(111)
proc `==`[T](a, b: Option[T]): bool
  first type mismatch at position: 2
  required type for b: Option[==.T]
  but expression &amp;apos;111&amp;apos; is of type: int literal(111)
29 other mismatching symbols have been suppressed; compile with --showAllMismatches:on to see them

expression: r.pet2 == 111
" />
    </testcase>
    <testcase time="0.00131059" name="texpr_0" />
    <testcase time="0.00132442" name="texpr_1" />
    <testcase time="0.00145721" name="texpr_2" />
    <testcase time="0.00130796" name="texpr_3" />
    <testcase time="0.00133562" name="texpr_array" />
    <testcase time="0.00130844" name="texpr_bits" />
    <testcase time="0.00130749" name="texpr_bytes_cmp" />
    <testcase time="0.00130796" name="texpr_bytes_non_literal" />
    <testcase time="0.00131011" name="texpr_bytes_ops" />
    <testcase time="0.00132251" name="texpr_calc_array_ops" />
    <testcase time="0.00130057" name="texpr_enum" />
    <testcase time="0.00132489" name="texpr_fstring_0" />
    <testcase time="0.00000000" name="texpr_if_int_ops">
      <failure message="/tests/spec/nim/texpr_if_int_ops.nim(7, 21) template/generic instantiation of `fromFile` from here
/tests/compiled/nim/expr_if_int_ops.nim(60, 15) template/generic instantiation of `read` from here
/tests/compiled/nim/expr_if_int_ops.nim(37, 32) Error: type mismatch: got &amp;lt;seq[byte], uint64&amp;gt;
but expected one of:
proc processXor(data, key: seq[byte]): seq[byte]
  first type mismatch at position: 2
  required type for key: seq[byte]
  but expression &amp;apos;result.key&amp;apos; is of type: uint64
proc processXor(data: seq[byte]; key: byte): seq[byte]
  first type mismatch at position: 2
  required type for key: byte
  but expression &amp;apos;result.key&amp;apos; is of type: uint64

expression: processXor(result.rawBytes, result.key)
" />
    </testcase>
    <testcase time="0.00132203" name="texpr_int_div">
      <failure message="/tests/spec/nim/texpr_int_div.nim(12) texpr_int_div
/opt/nim/lib/system/assertions.nim(38) failedAssertImpl
/opt/nim/lib/system/assertions.nim(28) raiseAssert
/opt/nim/lib/system/fatal.nim(54) sysFatal
Error: unhandled exception: /tests/spec/nim/texpr_int_div.nim(12, 8) `r.divNegConst == -757`  [AssertionDefect]
" />
    </testcase>
    <testcase time="0.00126958" name="texpr_io_eof" />
    <testcase time="0.00134921" name="texpr_io_pos" />
    <testcase time="0.00132012" name="texpr_io_ternary" />
    <testcase time="0.00128508" name="texpr_mod" />
    <testcase time="0.00128150" name="texpr_ops_parens" />
    <testcase time="0.00132513" name="texpr_sizeof_type_0" />
    <testcase time="0.00125623" name="texpr_sizeof_type_1" />
    <testcase time="0.00128102" name="texpr_sizeof_value_0" />
    <testcase time="0.00139046" name="texpr_sizeof_value_sized" />
    <testcase time="0.00147510" name="texpr_str_encodings" />
    <testcase time="0.00135899" name="texpr_str_ops" />
    <testcase time="0.00130105" name="tfixed_contents" />
    <testcase time="0.00131583" name="tfixed_struct" />
    <testcase time="0.00130343" name="tfloat_to_i" />
    <testcase time="0.00134993" name="tfloating_points">
      <failure message="/tests/spec/nim/tfloating_points.nim(13) tfloating_points
/opt/nim/lib/system/assertions.nim(38) failedAssertImpl
/opt/nim/lib/system/assertions.nim(28) raiseAssert
/opt/nim/lib/system/fatal.nim(54) sysFatal
Error: unhandled exception: /tests/spec/nim/tfloating_points.nim(13, 8) `r.approximateValue == 1.2345`  [AssertionDefect]
" />
    </testcase>
    <testcase time="0.00128722" name="thello_world" />
    <testcase time="0.00125098" name="tif_instances" />
    <testcase time="0.00134754" name="tif_struct" />
    <testcase time="0.00129509" name="tif_values" />
    <testcase time="0.00131702" name="timports0" />
    <testcase time="0.00000000" name="timports_abs">
      <failure message="/tests/spec/nim/timports_abs.nim(9, 13) Error: undeclared field: &amp;apos;value&amp;apos; for type vlq_base128_le.VlqBase128Le [type declared in /tests/compiled/nim/vlq_base128_le.nim(5, 3)]
" />
    </testcase>
    <testcase time="0.00128269" name="timports_abs_abs" />
    <testcase time="0.00128984" name="timports_abs_rel" />
    <testcase time="0.00000000" name="timports_cast_to_imported">
      <failure message="/tests/compiled/nim/cast_to_imported.nim(29, 30) Error: undeclared identifier: &amp;apos;HelloWorld&amp;apos;
candidates (edit distance, scope distance); see &amp;apos;--spellSuggest&amp;apos;: 
 (6, 4): &amp;apos;declared&amp;apos; [proc declared in /opt/nim/lib/system.nim(169, 8)]
" />
    </testcase>
    <testcase time="0.00000000" name="timports_cast_to_imported2">
      <failure message="/tests/compiled/nim/cast_to_imported2.nim(8, 15) Error: undeclared identifier: &amp;apos;HelloWorld&amp;apos;
candidates (edit distance, scope distance); see &amp;apos;--spellSuggest&amp;apos;: 
 (6, 2): &amp;apos;declared&amp;apos; [proc declared in /opt/nim/lib/system.nim(169, 8)]
" />
    </testcase>
    <testcase time="0.00000000" name="timports_circular_a">
      <failure message="/tests/compiled/nim/imports_circular_b.nim(8, 17) Error: undeclared identifier: &amp;apos;ImportsCircularA&amp;apos;
candidates (edit distance, scope distance); see &amp;apos;--spellSuggest&amp;apos;: 
 (1, 0): &amp;apos;ImportsCircularB&amp;apos; [type declared in /tests/compiled/nim/imports_circular_b.nim(6, 3)]
 (1, 0): &amp;apos;imports_circular_a&amp;apos; [module declared in /tests/compiled/nim/imports_circular_b.nim(3, 8)]
This might be caused by a recursive module dependency:
/tests/compiled/nim/imports_circular_a.nim imports /tests/compiled/nim/imports_circular_b.nim
/tests/compiled/nim/imports_circular_b.nim imports /tests/compiled/nim/imports_circular_a.nim
" />
    </testcase>
    <testcase time="0.00000000" name="timports_params_def_array_usertype_imported">
      <failure message="/tests/spec/nim/timports_params_def_array_usertype_imported.nim(12, 13) Error: undeclared field: &amp;apos;hw0One&amp;apos; for type params_def_array_usertype_imported.ParamsDefArrayUsertypeImported [type declared in /tests/compiled/nim/params_def_array_usertype_imported.nim(6, 3)]
" />
    </testcase>
    <testcase time="0.00126863" name="timports_params_def_enum_imported" />
    <testcase time="0.00000000" name="timports_params_def_usertype_imported">
      <failure message="/tests/spec/nim/timports_params_def_usertype_imported.nim(10, 13) Error: undeclared field: &amp;apos;hwOne&amp;apos; for type params_def_usertype_imported.ParamsDefUsertypeImported [type declared in /tests/compiled/nim/params_def_usertype_imported.nim(6, 3)]
" />
    </testcase>
    <testcase time="0.00128484" name="timports_rel_1" />
    <testcase time="0.00136805" name="tindex_sizes" />
    <testcase time="0.00138164" name="tindex_to_param_eos" />
    <testcase time="0.00136876" name="tindex_to_param_expr" />
    <testcase time="0.00136757" name="tindex_to_param_until" />
    <testcase time="0.00138712" name="tinstance_io_user" />
    <testcase time="0.00134706" name="tinstance_std" />
    <testcase time="0.00135064" name="tinstance_std_array" />
    <testcase time="0.00132632" name="tinstance_user_array" />
    <testcase time="0.00127506" name="tintegers" />
    <testcase time="0.00131774" name="tintegers_double_overflow" />
    <testcase time="0.00129032" name="tintegers_min_max" />
    <testcase time="0.00000000" name="tio_local_var">
      <failure message="/tests/compiled/nim/io_local_var.nim(59, 25) Error: type mismatch: got &amp;apos;seq[byte]&amp;apos; for &amp;apos;messUpInstExpr&amp;apos; but expected &amp;apos;KaitaiStruct = ref KaitaiStruct:ObjectType&amp;apos;
" />
    </testcase>
    <testcase time="0.00127006" name="tjs_signed_right_shift" />
    <testcase time="0.00131011" name="tmeta_tags" />
    <testcase time="0.00131512" name="tmeta_xref" />
    <testcase time="0.00133014" name="tmultiple_use" />
    <testcase time="0.00144100" name="tname_clash_import_vs_inst" />
    <testcase time="0.00136185" name="tnav_parent" />
    <testcase time="0.00136733" name="tnav_parent2" />
    <testcase time="0.00134015" name="tnav_parent3" />
    <testcase time="0.00131965" name="tnav_parent_false" />
    <testcase time="0.00129700" name="tnav_parent_false2" />
    <testcase time="0.00132728" name="tnav_parent_override" />
    <testcase time="0.00129199" name="tnav_parent_recursive" />
    <testcase time="0.00127625" name="tnav_parent_switch" />
    <testcase time="0.00000000" name="tnav_parent_switch_cast">
      <failure message="/tests/compiled/nim/nav_parent_switch_cast.nim(92, 64) Error: undeclared field: &amp;apos;parent&amp;apos; for type kaitai_struct_nim_runtime.KaitaiStruct [type declared in /root/.nimble/pkgs/kaitai_struct_nim_runtime-#head/kaitai_struct_nim_runtime.nim(5, 3)]
" />
    </testcase>
    <testcase time="0.00133729" name="tnav_parent_vs_value_inst" />
    <testcase time="0.00133729" name="tnav_root" />
    <testcase time="0.00129652" name="tnav_root_recursive" />
    <testcase time="0.00131774" name="tnested_same_name" />
    <testcase time="0.00130582" name="tnested_same_name2" />
    <testcase time="0.00137949" name="tnested_type_param" />
    <testcase time="0.00127506" name="tnested_types" />
    <testcase time="0.00130510" name="tnested_types2" />
    <testcase time="0.00132632" name="tnested_types3" />
    <testcase time="0.00135231" name="tnested_types_import">
      <failure message="/tests/spec/nim/tnested_types_import.nim(15) tnested_types_import
/opt/nim/lib/system/assertions.nim(38) failedAssertImpl
/opt/nim/lib/system/assertions.nim(28) raiseAssert
/opt/nim/lib/system/fatal.nim(54) sysFatal
Error: unhandled exception: /tests/spec/nim/tnested_types_import.nim(15, 8) `r.aCc.root == nil`  [AssertionDefect]
" />
    </testcase>
    <testcase time="0.00128746" name="tnon_standard" />
    <testcase time="0.00131655" name="topaque_external_type" />
    <testcase time="0.00131726" name="tparams_call" />
    <testcase time="0.00132227" name="tparams_call_extra_parens" />
    <testcase time="0.00134611" name="tparams_enum" />
    <testcase time="0.00130415" name="tparams_pass_array_int" />
    <testcase time="0.00135660" name="tparams_pass_array_str" />
    <testcase time="0.00131202" name="tparams_pass_array_struct" />
    <testcase time="0.00130105" name="tparams_pass_array_usertype" />
    <testcase time="0.00131607" name="tparams_pass_bool" />
    <testcase time="0.00135064" name="tparams_pass_struct" />
    <testcase time="0.00127554" name="tparams_pass_usertype" />
    <testcase time="0.00137472" name="tposition_abs" />
    <testcase time="0.00135064" name="tposition_in_seq" />
    <testcase time="0.00130057" name="tposition_to_end" />
    <testcase time="0.00131130" name="tprocess_coerce_bytes" />
    <testcase time="0.00000000" name="tprocess_coerce_switch">
      <failure message="/tests/spec/nim/tprocess_coerce_switch.nim(7, 28) template/generic instantiation of `fromFile` from here
/tests/compiled/nim/process_coerce_switch.nim(75, 22) template/generic instantiation of `read` from here
/tests/compiled/nim/process_coerce_switch.nim(48, 26) Error: type mismatch: got &amp;apos;seq[byte]&amp;apos; for &amp;apos;bufUnprocExpr&amp;apos; but expected &amp;apos;KaitaiStruct = ref KaitaiStruct:ObjectType&amp;apos;
" />
    </testcase>
    <testcase time="0.00131154" name="tprocess_coerce_usertype1" />
    <testcase time="0.00130677" name="tprocess_coerce_usertype2" />
    <testcase time="0.00000000" name="tprocess_custom">
      <failure message="/tests/compiled/nim/process_custom.nim(3, 8) Error: cannot open file: my_custom_fx
" />
    </testcase>
    <testcase time="0.00000000" name="tprocess_custom_no_args">
      <failure message="/tests/compiled/nim/process_custom_no_args.nim(3, 8) Error: cannot open file: custom_fx_no_args
" />
    </testcase>
    <testcase time="0.00127196" name="tprocess_repeat_bytes" />
    <testcase time="0.00000000" name="tprocess_repeat_usertype">
      <failure message="/tests/spec/nim/tprocess_repeat_usertype.nim(7, 30) template/generic instantiation of `fromFile` from here
/tests/compiled/nim/process_repeat_usertype.nim(37, 24) template/generic instantiation of `read` from here
/tests/compiled/nim/process_repeat_usertype.nim(30, 9) Error: redefinition of &amp;apos;buf&amp;apos;; previous declaration here: /tests/compiled/nim/process_repeat_usertype.nim(28, 9)
" />
    </testcase>
    <testcase time="0.00131011" name="tprocess_rotate" />
    <testcase time="0.00136447" name="tprocess_to_user" />
    <testcase time="0.00131917" name="tprocess_xor4_const" />
    <testcase time="0.00128412" name="tprocess_xor4_value" />
    <testcase time="0.00131130" name="tprocess_xor_const" />
    <testcase time="0.00132465" name="tprocess_xor_value" />
    <testcase time="0.00128365" name="trecursive_one" />
    <testcase time="0.00131059" name="trepeat_eos_bits_b1" />
    <testcase time="0.00134945" name="trepeat_eos_bits_b4" />
    <testcase time="0.00132370" name="trepeat_eos_struct" />
    <testcase time="0.00129080" name="trepeat_eos_u4" />
    <testcase time="0.00133014" name="trepeat_n_struct" />
    <testcase time="0.00134516" name="trepeat_n_strz" />
    <testcase time="0.00137877" name="trepeat_n_strz_double" />
    <testcase time="0.00138211" name="trepeat_until_calc_array_type" />
    <testcase time="0.00133038" name="trepeat_until_complex" />
    <testcase time="0.00133157" name="trepeat_until_s4" />
    <testcase time="0.00133801" name="trepeat_until_sized" />
    <testcase time="0.00150394" name="tstr_encodings" />
    <testcase time="0.00153542" name="tstr_encodings_default" />
    <testcase time="0.00145459" name="tstr_encodings_utf16" />
    <testcase time="0.00133610" name="tstr_eos" />
    <testcase time="0.00136805" name="tstr_literals">
      <failure message="/tests/spec/nim/tstr_literals.nim(9) tstr_literals
/opt/nim/lib/system/assertions.nim(38) failedAssertImpl
/opt/nim/lib/system/assertions.nim(28) raiseAssert
/opt/nim/lib/system/fatal.nim(54) sysFatal
Error: unhandled exception: /tests/spec/nim/tstr_literals.nim(9, 8) `strToArr(r.complexStr) ==
    @[0&amp;apos;i32, 1, 2, 7, 8, 10, 13, 9, 11, 12, 27, 61, 7, 10, 36, 9787]`  [AssertionDefect]
" />
    </testcase>
    <testcase time="0.00133204" name="tstr_literals2" />
    <testcase time="0.00136447" name="tstr_literals_latin1">
      <failure message="/tests/spec/nim/tstr_literals_latin1.nim(9) tstr_literals_latin1
/opt/nim/lib/system/assertions.nim(38) failedAssertImpl
/opt/nim/lib/system/assertions.nim(28) raiseAssert
/opt/nim/lib/system/fatal.nim(54) sysFatal
Error: unhandled exception: /tests/spec/nim/tstr_literals_latin1.nim(9, 8) `r.parsedEqLiteral == true`  [AssertionDefect]
" />
    </testcase>
    <testcase time="0.00137520" name="tstr_pad_term" />
    <testcase time="0.00140142" name="tstr_pad_term_empty" />
    <testcase time="0.00140357" name="tstr_pad_term_utf16" />
    <testcase time="0.00135851" name="tswitch_bytearray" />
    <testcase time="0.00137448" name="tswitch_else_only" />
    <testcase time="0.00131989" name="tswitch_integers" />
    <testcase time="0.00129318" name="tswitch_integers2" />
    <testcase time="0.00136805" name="tswitch_manual_enum" />
    <testcase time="0.00000000" name="tswitch_manual_enum_invalid">
      <failure message="/tests/spec/nim/tswitch_manual_enum_invalid.nim(10, 26) Error: type mismatch: got &amp;lt;SwitchManualEnumInvalid_Opcode_CodeEnum, int literal(255)&amp;gt;
but expected one of:
proc `==`[Enum: enum](x, y: Enum): bool
  first type mismatch at position: 2
  required type for y: Enum: enum
  but expression &amp;apos;255&amp;apos; is of type: int literal(255)
proc `==`[T: tuple | object](x, y: T): bool
  first type mismatch at position: 2
  required type for y: T: tuple or object
  but expression &amp;apos;255&amp;apos; is of type: int literal(255)
proc `==`[T](a, b: Option[T]): bool
  first type mismatch at position: 2
  required type for b: Option[==.T]
  but expression &amp;apos;255&amp;apos; is of type: int literal(255)
29 other mismatching symbols have been suppressed; compile with --showAllMismatches:on to see them

expression: r.opcodes[0].code == 255
" />
    </testcase>
    <testcase time="0.00000000" name="tswitch_manual_enum_invalid_else">
      <failure message="/tests/spec/nim/tswitch_manual_enum_invalid_else.nim(10, 26) Error: type mismatch: got &amp;lt;SwitchManualEnumInvalidElse_Opcode_CodeEnum, int literal(255)&amp;gt;
but expected one of:
proc `==`[Enum: enum](x, y: Enum): bool
  first type mismatch at position: 2
  required type for y: Enum: enum
  but expression &amp;apos;255&amp;apos; is of type: int literal(255)
proc `==`[T: tuple | object](x, y: T): bool
  first type mismatch at position: 2
  required type for y: T: tuple or object
  but expression &amp;apos;255&amp;apos; is of type: int literal(255)
proc `==`[T](a, b: Option[T]): bool
  first type mismatch at position: 2
  required type for b: Option[==.T]
  but expression &amp;apos;255&amp;apos; is of type: int literal(255)
29 other mismatching symbols have been suppressed; compile with --showAllMismatches:on to see them

expression: r.opcodes[0].code == 255
" />
    </testcase>
    <testcase time="0.00133681" name="tswitch_manual_int" />
    <testcase time="0.00150657" name="tswitch_manual_int_else" />
    <testcase time="0.00000000" name="tswitch_manual_int_size">
      <failure message="/tests/spec/nim/tswitch_manual_int_size.nim(7, 28) template/generic instantiation of `fromFile` from here
/tests/compiled/nim/switch_manual_int_size.nim(44, 22) template/generic instantiation of `read` from here
/tests/compiled/nim/switch_manual_int_size.nim(39, 41) template/generic instantiation of `read` from here
/tests/compiled/nim/switch_manual_int_size.nim(74, 19) Error: type mismatch: got &amp;apos;seq[byte]&amp;apos; for &amp;apos;bodyExpr&amp;apos; but expected &amp;apos;KaitaiStruct = ref KaitaiStruct:ObjectType&amp;apos;
" />
    </testcase>
    <testcase time="0.00139165" name="tswitch_manual_int_size_else" />
    <testcase time="0.00000000" name="tswitch_manual_int_size_eos">
      <failure message="/tests/spec/nim/tswitch_manual_int_size_eos.nim(7, 31) template/generic instantiation of `fromFile` from here
/tests/compiled/nim/switch_manual_int_size_eos.nim(49, 25) template/generic instantiation of `read` from here
/tests/compiled/nim/switch_manual_int_size_eos.nim(44, 44) template/generic instantiation of `read` from here
/tests/compiled/nim/switch_manual_int_size_eos.nim(66, 50) template/generic instantiation of `read` from here
/tests/compiled/nim/switch_manual_int_size_eos.nim(96, 19) Error: type mismatch: got &amp;apos;seq[byte]&amp;apos; for &amp;apos;bodyExpr&amp;apos; but expected &amp;apos;KaitaiStruct = ref KaitaiStruct:ObjectType&amp;apos;
" />
    </testcase>
    <testcase time="0.00139713" name="tswitch_manual_str" />
    <testcase time="0.00137687" name="tswitch_manual_str_else" />
    <testcase time="0.00129223" name="tswitch_multi_bool_ops" />
    <testcase time="0.00000000" name="tswitch_repeat_expr">
      <failure message="/tests/spec/nim/tswitch_repeat_expr.nim(7, 25) template/generic instantiation of `fromFile` from here
/tests/compiled/nim/switch_repeat_expr.nim(59, 19) template/generic instantiation of `read` from here
/tests/compiled/nim/switch_repeat_expr.nim(56, 18) Error: type mismatch: got &amp;lt;seq[KaitaiStruct], seq[byte]&amp;gt;
but expected one of:
proc add[T](x: var seq[T]; y: openArray[T])
  first type mismatch at position: 2
  required type for y: openArray[T]
  but expression &amp;apos;it&amp;apos; is of type: seq[byte]
proc add[T](x: var seq[T]; y: sink T)
  first type mismatch at position: 2
  required type for y: sink T
  but expression &amp;apos;it&amp;apos; is of type: seq[byte]
3 other mismatching symbols have been suppressed; compile with --showAllMismatches:on to see them

expression: add(result.body, it)
" />
    </testcase>
    <testcase time="0.00000000" name="tswitch_repeat_expr_invalid">
      <failure message="/tests/spec/nim/tswitch_repeat_expr_invalid.nim(7, 32) template/generic instantiation of `fromFile` from here
/tests/compiled/nim/switch_repeat_expr_invalid.nim(53, 26) template/generic instantiation of `read` from here
/tests/compiled/nim/switch_repeat_expr_invalid.nim(50, 18) Error: type mismatch: got &amp;lt;seq[KaitaiStruct], seq[byte]&amp;gt;
but expected one of:
proc add[T](x: var seq[T]; y: openArray[T])
  first type mismatch at position: 2
  required type for y: openArray[T]
  but expression &amp;apos;it&amp;apos; is of type: seq[byte]
proc add[T](x: var seq[T]; y: sink T)
  first type mismatch at position: 2
  required type for y: sink T
  but expression &amp;apos;it&amp;apos; is of type: seq[byte]
3 other mismatching symbols have been suppressed; compile with --showAllMismatches:on to see them

expression: add(result.body, it)
" />
    </testcase>
    <testcase time="0.00132728" name="tterm_bytes" />
    <testcase time="0.00135970" name="tterm_strz" />
    <testcase time="0.00143123" name="tterm_strz_utf16_v1" />
    <testcase time="0.00144124" name="tterm_strz_utf16_v2" />
    <testcase time="0.00141931" name="tterm_strz_utf16_v3" />
    <testcase time="0.00151658" name="tterm_strz_utf16_v4" />
    <testcase time="0.00133610" name="tterm_u1_val" />
    <testcase time="0.00131249" name="tts_packet_header" />
    <testcase time="0.00132847" name="ttype_int_unary_op" />
    <testcase time="0.00129867" name="ttype_ternary" />
    <testcase time="0.00132012" name="ttype_ternary_2nd_falsy" />
    <testcase time="0.00135875" name="ttype_ternary_opaque" />
    <testcase time="0.00129962" name="tuser_type" />
    <testcase time="0.00148010" name="tvalid_eq_str_encodings" />
    <testcase time="0.00141001" name="tvalid_long" />
    <testcase time="0.00129342" name="tvalid_not_parsed_if" />
    <testcase time="0.00000000" name="tvalid_optional_id">
      <failure message="/tests/spec/nim/tvalid_optional_id.nim(4, 26) Error: cannot open file: ../../compiled/nim/valid_optional_id
" />
    </testcase>
    <testcase time="0.00135875" name="tvalid_short" />
    <testcase time="0.00131249" name="tvalid_switch" />
    <testcase time="0.00000000" name="tyaml_ints">
      <failure message="/tests/compiled/nim/yaml_ints.nim(51, 30) Error: 18446744073709551615 can&amp;apos;t be converted to int
" />
    </testcase>
    <testcase time="0.00000000" name="tzlib_surrounded">
      <failure message="/tests/spec/nim/tzlib_surrounded.nim(7, 23) template/generic instantiation of `fromFile` from here
/tests/compiled/nim/zlib_surrounded.nim(41, 17) template/generic instantiation of `read` from here
/tests/compiled/nim/zlib_surrounded.nim(32, 36) Error: attempting to call undeclared routine: &amp;apos;processZlib&amp;apos;
" />
    </testcase>
    <testcase time="0.00000000" name="tzlib_with_header_78">
      <failure message="/tests/spec/nim/tzlib_with_header_78.nim(7, 25) template/generic instantiation of `fromFile` from here
/tests/compiled/nim/zlib_with_header_78.nim(27, 19) template/generic instantiation of `read` from here
/tests/compiled/nim/zlib_with_header_78.nim(23, 30) Error: attempting to call undeclared routine: &amp;apos;processZlib&amp;apos;
" />
    </testcase>
  </testsuite>
</testsuites>