<testsuites><testsuite tests="164" failures="13" errors="33" name="tests">
    <testcase time="0.001668214797973633" name="tbcd_user_type_be" />
    <testcase time="0.001477479934692383" name="tbcd_user_type_le" />
    <testcase time="0.001431465148925781" name="tbits_byte_aligned" />
    <testcase time="0.001351594924926758" name="tbits_enum" />
    <testcase time="0.001543283462524414" name="tbits_simple" />
    <testcase time="0.00142216682434082" name="tbuffered_struct" />
    <testcase time="0.001501321792602539" name="tbytes_pad_term" />
    <testcase time="0.001455307006835938" name="tcast_nested" />
    <testcase time="0.001482725143432617" name="tcast_to_imported" />
    <testcase time="0.001598119735717773" name="tcast_to_top" />
    <testcase time="0.001363754272460938" name="tcombine_bool" />
    <testcase time="0.001386165618896484" name="tcombine_bytes" />
    <testcase time="0.001456499099731445" name="tcombine_str" />
    <testcase time="0.00000000" name="tdebug_switch_user"><failure message="compile error" /></testcase>
    <testcase time="0.00138545036315918" name="tdefault_big_endian" />
    <testcase time="0.001543045043945312" name="tdefault_endian_expr_inherited" />
    <testcase time="0.001450777053833008" name="tdefault_endian_expr_is_be" />
    <testcase time="0.001420259475708008" name="tdefault_endian_expr_is_le" />
    <testcase time="0.002033233642578125" name="tdefault_endian_mod" />
    <testcase time="0.001413106918334961" name="tdocstrings" />
    <testcase time="0.001631021499633789" name="tdocstrings_docref" />
    <testcase time="0.001447677612304688" name="tdocstrings_docref_multi" />
    <testcase time="0.001421213150024414" name="tenum_0" />
    <testcase time="0.001606464385986328" name="tenum_1" />
    <testcase time="0.001498699188232422" name="tenum_deep" />
    <testcase time="0.001329660415649414" name="tenum_deep_literals" />
    <testcase time="0.001414299011230469" name="tenum_fancy" />
    <testcase time="0.001386165618896484" name="tenum_if" />
    <testcase time="0.00000000" name="tenum_import"><failure message="compile error" /></testcase>
    <testcase time="0.001384258270263672" name="tenum_int_range_s" />
    <testcase time="0.001352310180664062" name="tenum_int_range_u" />
    <testcase time="0.001369714736938477" name="tenum_invalid" />
    <testcase time="0.001395225524902344" name="tenum_long_range_s" />
    <testcase time="0.001415014266967773" name="tenum_long_range_u" />
    <testcase time="0.001366615295410156" name="tenum_negative" />
    <testcase time="0.001358509063720703" name="tenum_of_value_inst" />
    <testcase time="0.001326560974121094" name="tenum_to_i" />
    <testcase time="0.00000000" name="tenum_to_i_class_border_1"><failure message="compile error" /></testcase>
    <testcase time="0.00153040885925293" name="texpr_0" />
    <testcase time="0.00142979621887207" name="texpr_1" />
    <testcase time="0.001463890075683594" name="texpr_2" />
    <testcase time="0.001374006271362305" name="texpr_3" />
    <testcase time="0.001602888107299805" name="texpr_array" />
    <testcase time="0.001477241516113281" name="texpr_bits" />
    <testcase time="0.001369237899780273" name="texpr_bytes_cmp" />
    <testcase time="0.00000000" name="texpr_bytes_literal"><failure message="compile error" /></testcase>
    <testcase time="0.001363515853881836" name="texpr_bytes_ops" />
    <testcase time="0.001463174819946289" name="texpr_calc_array_ops" />
    <testcase time="0.00136566162109375" name="texpr_enum" />
    <testcase time="0.001391887664794922" name="texpr_io_eof" />
    <testcase time="0.00139164924621582" name="texpr_io_pos" />
    <testcase time="0.001401424407958984" name="texpr_mod" />
    <testcase time="0.001410007476806641" name="texpr_ops_parens" />
    <testcase time="0.00140070915222168" name="texpr_sizeof_type_0" />
    <testcase time="0.001445531845092773" name="texpr_sizeof_type_1" />
    <testcase time="0.001248359680175781" name="texpr_sizeof_value_0" />
    <testcase time="0.001351118087768555" name="texpr_sizeof_value_sized" />
    <testcase time="0.001456737518310547" name="texpr_str_ops" />
    <testcase time="0.001370668411254883" name="tfixed_contents" />
    <testcase time="0.001378536224365234" name="tfixed_struct" />
    <testcase time="0.001374483108520508" name="tfloat_to_i" />
    <testcase time="0.001348257064819336" name="tfloating_points" />
    <testcase time="0.001376867294311523" name="thello_world" />
    <testcase time="0.001338958740234375" name="tif_instances" />
    <testcase time="0.001412868499755859" name="tif_struct" />
    <testcase time="0.001337766647338867" name="tif_values" />
    <testcase time="0.001329660415649414" name="timports0" />
    <testcase time="0.00000000" name="timports_abs"><failure message="compile error" /></testcase>
    <testcase time="0.001438140869140625" name="tindex_sizes" />
    <testcase time="0.001465559005737305" name="tindex_to_param_eos"><failure /></testcase>
    <testcase time="0.001429080963134766" name="tindex_to_param_expr"><failure /></testcase>
    <testcase time="0.001477479934692383" name="tindex_to_param_until"><failure /></testcase>
    <testcase time="0.001451730728149414" name="tinstance_io_user" />
    <testcase time="0.00139307975769043" name="tinstance_std" />
    <testcase time="0.001418590545654297" name="tinstance_std_array" />
    <testcase time="0.00000000" name="tinstance_user_array"><failure message="compile error" /></testcase>
    <testcase time="0.001396656036376953" name="tintegers" />
    <testcase time="0.00000000" name="tintegers_min_max"><failure message="compile error" /></testcase>
    <testcase time="0.00000000" name="tio_local_var"><failure message="compile error" /></testcase>
    <testcase time="0.001397609710693359" name="tjs_signed_right_shift" />
    <testcase time="0.001357793807983398" name="tmeta_tags" />
    <testcase time="0.001377105712890625" name="tmeta_xref" />
    <testcase time="0.001273870468139648" name="tmultiple_use" />
    <testcase time="0.001310586929321289" name="tnav_parent" />
    <testcase time="0.001414060592651367" name="tnav_parent2" />
    <testcase time="0.001456975936889648" name="tnav_parent3" />
    <testcase time="0.001403093338012695" name="tnav_parent_false" />
    <testcase time="0.001372337341308594" name="tnav_parent_false2" />
    <testcase time="0.001383543014526367" name="tnav_parent_override" />
    <testcase time="0.001359224319458008" name="tnav_parent_switch" />
    <testcase time="0.00000000" name="tnav_parent_switch_cast"><failure message="compile error" /></testcase>
    <testcase time="0.001373291015625" name="tnav_parent_vs_value_inst" />
    <testcase time="0.001412868499755859" name="tnav_root" />
    <testcase time="0.001321077346801758" name="tnested_same_name" />
    <testcase time="0.001283645629882812" name="tnested_same_name2" />
    <testcase time="0.001482725143432617" name="tnested_type_param"><failure /></testcase>
    <testcase time="0.001324653625488281" name="tnested_types" />
    <testcase time="0.001244306564331055" name="tnested_types2" />
    <testcase time="0.001381158828735352" name="tnested_types3" />
    <testcase time="0.001341104507446289" name="tnon_standard" />
    <testcase time="0.001370668411254883" name="tparams_call_extra_parens"><failure /></testcase>
    <testcase time="0.00143122673034668" name="tparams_call_short"><failure /></testcase>
    <testcase time="0.001332759857177734" name="tparams_enum"><failure /></testcase>
    <testcase time="0.001366138458251953" name="tparams_pass_array_int"><failure /></testcase>
    <testcase time="0.001630067825317383" name="tparams_pass_array_str"><failure /></testcase>
    <testcase time="0.00139617919921875" name="tparams_pass_array_struct"><failure /></testcase>
    <testcase time="0.001376867294311523" name="tparams_pass_array_usertype"><failure /></testcase>
    <testcase time="0.001380681991577148" name="tparams_pass_usertype"><failure /></testcase>
    <testcase time="0.001387834548950195" name="tposition_abs" />
    <testcase time="0.00000000" name="tposition_in_seq"><failure message="compile error" /></testcase>
    <testcase time="0.001430511474609375" name="tposition_to_end" />
    <testcase time="0.00000000" name="tprocess_coerce_bytes"><failure message="compile error" /></testcase>
    <testcase time="0.00000000" name="tprocess_coerce_switch"><failure message="compile error" /></testcase>
    <testcase time="0.00000000" name="tprocess_coerce_usertype1"><failure message="compile error" /></testcase>
    <testcase time="0.00000000" name="tprocess_coerce_usertype2"><failure message="compile error" /></testcase>
    <testcase time="0.00000000" name="tprocess_custom"><failure message="compile error" /></testcase>
    <testcase time="0.00000000" name="tprocess_custom_no_args"><failure message="compile error" /></testcase>
    <testcase time="0.00000000" name="tprocess_repeat_bytes"><failure message="compile error" /></testcase>
    <testcase time="0.00000000" name="tprocess_repeat_usertype"><failure message="compile error" /></testcase>
    <testcase time="0.00000000" name="tprocess_rotate"><failure message="compile error" /></testcase>
    <testcase time="0.00000000" name="tprocess_to_user"><failure message="compile error" /></testcase>
    <testcase time="0.00000000" name="tprocess_xor4_const"><failure message="compile error" /></testcase>
    <testcase time="0.00000000" name="tprocess_xor4_value"><failure message="compile error" /></testcase>
    <testcase time="0.00000000" name="tprocess_xor_const"><failure message="compile error" /></testcase>
    <testcase time="0.00000000" name="tprocess_xor_value"><failure message="compile error" /></testcase>
    <testcase time="0.001374721527099609" name="trecursive_one" />
    <testcase time="0.001388788223266602" name="trepeat_eos_bit"><failure /></testcase>
    <testcase time="0.001395702362060547" name="trepeat_eos_struct" />
    <testcase time="0.00000000" name="trepeat_eos_u4"><failure message="compile error" /></testcase>
    <testcase time="0.001314640045166016" name="trepeat_n_struct" />
    <testcase time="0.001386165618896484" name="trepeat_n_strz" />
    <testcase time="0.001394271850585938" name="trepeat_n_strz_double" />
    <testcase time="0.00000000" name="trepeat_until_complex"><failure message="compile error" /></testcase>
    <testcase time="0.00000000" name="trepeat_until_s4"><failure message="compile error" /></testcase>
    <testcase time="0.00000000" name="trepeat_until_sized"><failure message="compile error" /></testcase>
    <testcase time="0.005387544631958008" name="tstr_encodings" />
    <testcase time="0.001411676406860352" name="tstr_encodings_default" />
    <testcase time="0.00140833854675293" name="tstr_eos" />
    <testcase time="0.001250028610229492" name="tstr_literals2" />
    <testcase time="0.001412630081176758" name="tstr_pad_term" />
    <testcase time="0.001405715942382812" name="tstr_pad_term_empty" />
    <testcase time="0.001396656036376953" name="tswitch_bytearray" />
    <testcase time="0.001422405242919922" name="tswitch_else_only" />
    <testcase time="0.00135493278503418" name="tswitch_integers" />
    <testcase time="0.00000000" name="tswitch_integers2"><failure message="compile error" /></testcase>
    <testcase time="0.001454830169677734" name="tswitch_manual_enum" />
    <testcase time="0.001349925994873047" name="tswitch_manual_enum_invalid" />
    <testcase time="0.001390457153320312" name="tswitch_manual_enum_invalid_else" />
    <testcase time="0.001354455947875977" name="tswitch_manual_int" />
    <testcase time="0.001339197158813477" name="tswitch_manual_int_else" />
    <testcase time="0.001357793807983398" name="tswitch_manual_str" />
    <testcase time="0.001421928405761719" name="tswitch_manual_str_else" />
    <testcase time="0.001407146453857422" name="tterm_bytes" />
    <testcase time="0.001409769058227539" name="tterm_strz" />
    <testcase time="0.001346826553344727" name="tts_packet_header" />
    <testcase time="0.00000000" name="ttype_int_unary_op"><failure message="compile error" /></testcase>
    <testcase time="0.00000000" name="ttype_ternary"><failure message="compile error" /></testcase>
    <testcase time="0.001394271850585938" name="tuser_type" />
    <testcase time="0.001396417617797852" name="tvalid_long" />
    <testcase time="0.001323223114013672" name="tvalid_not_parsed_if" />
    <testcase time="0.001435279846191406" name="tvalid_short" />
    <testcase time="0.001366853713989258" name="tvalid_switch" />
    <testcase time="0.00000000" name="tzlib_surrounded"><failure message="compile error" /></testcase>
    <testcase time="0.00000000" name="tzlib_with_header_78"><failure message="compile error" /></testcase>
  </testsuite></testsuites>