<testsuites>
  <testsuite tests="166" failures="16" errors="17" name="tests">
    <testcase time="0.002001762390136719" name="tbcd_user_type_be" />
    <testcase time="0.002078771591186523" name="tbcd_user_type_le" />
    <testcase time="0.002032041549682617" name="tbits_byte_aligned" />
    <testcase time="0.001855134963989258" name="tbits_enum" />
    <testcase time="0.001873016357421875" name="tbits_simple" />
    <testcase time="0.001788854598999023" name="tbuffered_struct" />
    <testcase time="0.001888036727905273" name="tbytes_pad_term" />
    <testcase time="0.001878738403320312" name="tcast_nested" />
    <testcase time="0.001780033111572266" name="tcast_to_imported" />
    <testcase time="0.001897811889648438" name="tcast_to_top" />
    <testcase time="0.001847743988037109" name="tcombine_bool" />
    <testcase time="0.001778602600097656" name="tcombine_bytes" />
    <testcase time="0.001794099807739258" name="tcombine_str" />
    <testcase time="0.001867055892944336" name="tdebug_switch_user" />
    <testcase time="0.001833677291870117" name="tdefault_big_endian" />
    <testcase time="0.00000000" name="tdefault_endian_expr_inherited">
      <failure message="/home/travis/build/kaitai-io/ci_targets/tests/spec/nim/tests/tdefault_endian_expr_inherited.nim(7, 35) template/generic instantiation of `fromFile` from here
/home/travis/build/kaitai-io/ci_targets/compiled/nim/default_endian_expr_inherited.nim(52, 29) template/generic instantiation of `read` from here
/home/travis/build/kaitai-io/ci_targets/compiled/nim/default_endian_expr_inherited.nim(49, 49) template/generic instantiation of `read` from here
/home/travis/build/kaitai-io/ci_targets/compiled/nim/default_endian_expr_inherited.nim(63, 53) template/generic instantiation of `read` from here
/home/travis/build/kaitai-io/ci_targets/compiled/nim/default_endian_expr_inherited.nim(85, 19) Error: selector must be of an ordinal type, float or string
" />
    </testcase>
    <testcase time="0.00000000" name="tdefault_endian_expr_is_be">
      <failure message="/home/travis/build/kaitai-io/ci_targets/tests/spec/nim/tests/tdefault_endian_expr_is_be.nim(7, 30) template/generic instantiation of `fromFile` from here
/home/travis/build/kaitai-io/ci_targets/compiled/nim/default_endian_expr_is_be.nim(49, 24) template/generic instantiation of `read` from here
/home/travis/build/kaitai-io/ci_targets/compiled/nim/default_endian_expr_is_be.nim(46, 44) template/generic instantiation of `read` from here
/home/travis/build/kaitai-io/ci_targets/compiled/nim/default_endian_expr_is_be.nim(60, 48) template/generic instantiation of `read` from here
/home/travis/build/kaitai-io/ci_targets/compiled/nim/default_endian_expr_is_be.nim(86, 19) Error: selector must be of an ordinal type, float or string
" />
    </testcase>
    <testcase time="0.00000000" name="tdefault_endian_expr_is_le">
      <failure message="/home/travis/build/kaitai-io/ci_targets/tests/spec/nim/tests/tdefault_endian_expr_is_le.nim(7, 30) template/generic instantiation of `fromFile` from here
/home/travis/build/kaitai-io/ci_targets/compiled/nim/default_endian_expr_is_le.nim(40, 24) template/generic instantiation of `read` from here
/home/travis/build/kaitai-io/ci_targets/compiled/nim/default_endian_expr_is_le.nim(37, 44) template/generic instantiation of `read` from here
/home/travis/build/kaitai-io/ci_targets/compiled/nim/default_endian_expr_is_le.nim(51, 48) template/generic instantiation of `read` from here
/home/travis/build/kaitai-io/ci_targets/compiled/nim/default_endian_expr_is_le.nim(77, 19) Error: selector must be of an ordinal type, float or string
" />
    </testcase>
    <testcase time="0.001688480377197266" name="tdefault_endian_mod" />
    <testcase time="0.001908779144287109" name="tdocstrings" />
    <testcase time="0.001683712005615234" name="tdocstrings_docref" />
    <testcase time="0.00189208984375" name="tdocstrings_docref_multi" />
    <testcase time="0.001747608184814453" name="tenum_0" />
    <testcase time="0.00173187255859375" name="tenum_1" />
    <testcase time="0.002069711685180664" name="tenum_deep" />
    <testcase time="0.001702785491943359" name="tenum_deep_literals" />
    <testcase time="0.001948356628417969" name="tenum_fancy" />
    <testcase time="0.001915693283081055" name="tenum_if" />
    <testcase time="0.00182342529296875" name="tenum_import" />
    <testcase time="0.001827716827392578" name="tenum_int_range_s" />
    <testcase time="0.001800060272216797" name="tenum_int_range_u" />
    <testcase time="0.00179743766784668" name="tenum_invalid" />
    <testcase time="0.001803874969482422" name="tenum_long_range_s" />
    <testcase time="0.001816987991333008" name="tenum_long_range_u" />
    <testcase time="0.001768112182617188" name="tenum_negative" />
    <testcase time="0.001788616180419922" name="tenum_of_value_inst" />
    <testcase time="0.001735687255859375" name="tenum_to_i" />
    <testcase time="0.00000000" name="tenum_to_i_class_border_1">
      <failure message="/home/travis/build/kaitai-io/ci_targets/compiled/nim/enum_to_i_class_border_1.nim(22, 26) Error: undeclared identifier: 'EnumToIClassBorder2'
This might be caused by a recursive module dependency:
/home/travis/build/kaitai-io/ci_targets/compiled/nim/enum_to_i_class_border_2.nim imports /home/travis/build/kaitai-io/ci_targets/compiled/nim/enum_to_i_class_border_1.nim
/home/travis/build/kaitai-io/ci_targets/compiled/nim/enum_to_i_class_border_1.nim imports /home/travis/build/kaitai-io/ci_targets/compiled/nim/enum_to_i_class_border_2.nim
" />
    </testcase>
    <testcase time="0.001768112182617188" name="texpr_0" />
    <testcase time="0.001890182495117188" name="texpr_1" />
    <testcase time="0.001968145370483398" name="texpr_2" />
    <testcase time="0.001817703247070312" name="texpr_3" />
    <testcase time="0.001861095428466797" name="texpr_array" />
    <testcase time="0.001821279525756836" name="texpr_bits" />
    <testcase time="0.00177001953125" name="texpr_bytes_cmp" />
    <testcase time="0.00000000" name="texpr_bytes_literal">
      <failure message="/home/travis/build/kaitai-io/ci_targets/tests/spec/nim/tests/texpr_bytes_literal.nim(4, 29) Error: cannot open file: ../../../compiled/nim/expr_bytes_literal
" />
    </testcase>
    <testcase time="0.001786708831787109" name="texpr_bytes_ops" />
    <testcase time="0.001897335052490234" name="texpr_calc_array_ops" />
    <testcase time="0.001805782318115234" name="texpr_enum" />
    <testcase time="0.001953363418579102" name="texpr_io_eof" />
    <testcase time="0.001893520355224609" name="texpr_io_pos" />
    <testcase time="0.001780509948730469" name="texpr_mod" />
    <testcase time="0.001817464828491211" name="texpr_ops_parens" />
    <testcase time="0.001821041107177734" name="texpr_sizeof_type_0" />
    <testcase time="0.00190424919128418" name="texpr_sizeof_type_1" />
    <testcase time="0.001894474029541016" name="texpr_sizeof_value_0" />
    <testcase time="0.001756668090820312" name="texpr_sizeof_value_sized" />
    <testcase time="0.001863956451416016" name="texpr_str_ops" />
    <testcase time="0.001862764358520508" name="tfixed_contents" />
    <testcase time="0.001867294311523438" name="tfixed_struct" />
    <testcase time="0.001791238784790039" name="tfloat_to_i" />
    <testcase time="0.001773834228515625" name="tfloating_points" />
    <testcase time="0.001859903335571289" name="thello_world" />
    <testcase time="0.001850605010986328" name="tif_instances" />
    <testcase time="0.001869440078735352" name="tif_struct" />
    <testcase time="0.001792669296264648" name="tif_values" />
    <testcase time="0.001805305480957031" name="timports0" />
    <testcase time="0.00000000" name="timports_abs">
      <failure message="/home/travis/build/kaitai-io/ci_targets/tests/spec/nim/tests/timports_abs.nim(3, 29) Error: cannot open file: ../../../compiled/nim/vlq_base128_le
" />
    </testcase>
    <testcase time="0.001929044723510742" name="tindex_sizes" />
    <testcase time="0.00000000" name="tindex_to_param_eos">
      <failure message="/home/travis/build/kaitai-io/ci_targets/compiled/nim/index_to_param_eos.nim(35, 74) Error: undeclared identifier: 'i'
" />
    </testcase>
    <testcase time="0.002134084701538086" name="tindex_to_param_expr">
      <failure message="/home/travis/build/kaitai-io/ci_targets/tests/spec/nim/tests/tindex_to_param_expr.nim(16, 24): Check failed: r.blocks[1].buf == string(&quot;BBBBBBBB&quot;)
r.blocks[1].buf was B
string(&quot;BBBBBBBB&quot;) was BBBBBBBB
/home/travis/build/kaitai-io/ci_targets/tests/spec/nim/tests/tindex_to_param_expr.nim(17, 24): Check failed: r.blocks[2].buf == string(&quot;CCCC&quot;)
r.blocks[2].buf was B
string(&quot;CCCC&quot;) was CCCC
[FAILED] IndexToParamExpr
" />
    </testcase>
    <testcase time="0.002010822296142578" name="tindex_to_param_until">
      <failure message="/home/travis/build/kaitai-io/ci_targets/tests/spec/nim/tests/tindex_to_param_until.nim(16, 24): Check failed: r.blocks[1].buf == string(&quot;BBBBBBBB&quot;)
r.blocks[1].buf was B
string(&quot;BBBBBBBB&quot;) was BBBBBBBB
/home/travis/build/kaitai-io/ci_targets/tests/spec/nim/tests/tindex_to_param_until.nim(17, 24): Check failed: r.blocks[2].buf == string(&quot;CCCC&quot;)
r.blocks[2].buf was B
string(&quot;CCCC&quot;) was CCCC
[FAILED] IndexToParamUntil
" />
    </testcase>
    <testcase time="0.001923084259033203" name="tinstance_io_user" />
    <testcase time="0.001844882965087891" name="tinstance_std" />
    <testcase time="0.001820087432861328" name="tinstance_std_array" />
    <testcase time="0.001782655715942383" name="tinstance_user_array">
      <failure message="/home/travis/build/kaitai-io/ci_targets/tests/spec/nim/tests/tinstance_user_array.nim(17, 31): Check failed: r.userEntries[1].word1 == uint16(8738)
r.userEntries[1].word1 was 4369
uint16(8738) was 8738
/home/travis/build/kaitai-io/ci_targets/tests/spec/nim/tests/tinstance_user_array.nim(18, 31): Check failed: r.userEntries[1].word2 == uint16(8738)
r.userEntries[1].word2 was 4369
uint16(8738) was 8738
/home/travis/build/kaitai-io/ci_targets/tests/spec/nim/tests/tinstance_user_array.nim(19, 31): Check failed: r.userEntries[2].word1 == uint16(13107)
r.userEntries[2].word1 was 4369
uint16(13107) was 13107
/home/travis/build/kaitai-io/ci_targets/tests/spec/nim/tests/tinstance_user_array.nim(20, 31): Check failed: r.userEntries[2].word2 == uint16(13107)
r.userEntries[2].word2 was 4369
uint16(13107) was 13107
[FAILED] InstanceUserArray
" />
    </testcase>
    <testcase time="0.001896858215332031" name="tintegers" />
    <testcase time="0.002877712249755859" name="tintegers_min_max" />
    <testcase time="0.00000000" name="tio_local_var">
      <failure message="/home/travis/build/kaitai-io/ci_targets/tests/spec/nim/tests/tio_local_var.nim(4, 29) Error: cannot open file: ../../../compiled/nim/io_local_var
" />
    </testcase>
    <testcase time="0.001872062683105469" name="tjs_signed_right_shift" />
    <testcase time="0.001827716827392578" name="tmeta_tags" />
    <testcase time="0.001894712448120117" name="tmeta_xref" />
    <testcase time="0.001869678497314453" name="tmultiple_use" />
    <testcase time="0.001946449279785156" name="tnav_parent" />
    <testcase time="0.001835346221923828" name="tnav_parent2" />
    <testcase time="0.001848697662353516" name="tnav_parent3" />
    <testcase time="0.001887321472167969" name="tnav_parent_false" />
    <testcase time="0.001813173294067383" name="tnav_parent_false2" />
    <testcase time="0.001928567886352539" name="tnav_parent_override" />
    <testcase time="0.001809835433959961" name="tnav_parent_switch" />
    <testcase time="0.00000000" name="tnav_parent_switch_cast">
      <failure message="/home/travis/build/kaitai-io/ci_targets/tests/spec/nim/tests/tnav_parent_switch_cast.nim(4, 29) Error: cannot open file: ../../../compiled/nim/nav_parent_switch_cast
" />
    </testcase>
    <testcase time="0.001856565475463867" name="tnav_parent_vs_value_inst" />
    <testcase time="0.001828908920288086" name="tnav_root" />
    <testcase time="0.001910209655761719" name="tnested_same_name" />
    <testcase time="0.00185704231262207" name="tnested_same_name2" />
    <testcase time="0.00201416015625" name="tnested_type_param">
      <failure message="/home/travis/build/kaitai-io/ci_targets/tests/spec/nim/tests/tnested_type_param.nim(7) tnested_type_param
/home/travis/build/kaitai-io/ci_targets/compiled/nim/nested_type_param.nim(35) fromFile
/home/travis/build/kaitai-io/ci_targets/compiled/nim/nested_type_param.nim(32) read
/home/travis/build/kaitai-io/ci_targets/compiled/nim/nested_type_param.nim(57) read
/home/travis/.nimble/pkgs/kaitai_struct_nim_runtime-0.1.0/kaitai_struct_nim_runtime.nim(242) readBytes
/opt/Nim-1.2.0/lib/system/fatal.nim(49) sysFatal
Error: unhandled exception: index out of bounds, the container is empty [IndexError]
" />
    </testcase>
    <testcase time="0.001896381378173828" name="tnested_types" />
    <testcase time="0.001878261566162109" name="tnested_types2" />
    <testcase time="0.001914739608764648" name="tnested_types3" />
    <testcase time="0.001749038696289062" name="tnon_standard" />
    <testcase time="0.001897811889648438" name="tparams_call_extra_parens">
      <failure message="/home/travis/build/kaitai-io/ci_targets/tests/spec/nim/tests/tparams_call_extra_parens.nim(7) tparams_call_extra_parens
/home/travis/build/kaitai-io/ci_targets/compiled/nim/params_call_extra_parens.nim(32) fromFile
/home/travis/build/kaitai-io/ci_targets/compiled/nim/params_call_extra_parens.nim(29) read
/home/travis/build/kaitai-io/ci_targets/compiled/nim/params_call_extra_parens.nim(42) read
/home/travis/.nimble/pkgs/kaitai_struct_nim_runtime-0.1.0/kaitai_struct_nim_runtime.nim(242) readBytes
/opt/Nim-1.2.0/lib/system/fatal.nim(49) sysFatal
Error: unhandled exception: index out of bounds, the container is empty [IndexError]
" />
    </testcase>
    <testcase time="0.001999378204345703" name="tparams_call_short">
      <failure message="/home/travis/build/kaitai-io/ci_targets/tests/spec/nim/tests/tparams_call_short.nim(7) tparams_call_short
/home/travis/build/kaitai-io/ci_targets/compiled/nim/params_call_short.nim(41) fromFile
/home/travis/build/kaitai-io/ci_targets/compiled/nim/params_call_short.nim(37) read
/home/travis/build/kaitai-io/ci_targets/compiled/nim/params_call_short.nim(51) read
/home/travis/.nimble/pkgs/kaitai_struct_nim_runtime-0.1.0/kaitai_struct_nim_runtime.nim(242) readBytes
/opt/Nim-1.2.0/lib/system/fatal.nim(49) sysFatal
Error: unhandled exception: index out of bounds, the container is empty [IndexError]
" />
    </testcase>
    <testcase time="0.001847267150878906" name="tparams_enum">
      <failure message="/home/travis/build/kaitai-io/ci_targets/tests/spec/nim/tests/tparams_enum.nim(12, 32): Check failed: r.invokeWithParam.isCat == bool(true)
r.invokeWithParam.isCat was false
bool(true) was true
[FAILED] ParamsEnum
" />
    </testcase>
    <testcase time="0.001826286315917969" name="tparams_pass_array_int">
      <failure message="/home/travis/build/kaitai-io/ci_targets/tests/spec/nim/tests/tparams_pass_array_int.nim(11, 29): Check failed: len(r.passInts.nums) == int(3)
len(r.passInts.nums) was 0
int(3) was 3
/opt/Nim-1.2.0/lib/pure/unittest.nim(647) tparams_pass_array_int
/opt/Nim-1.2.0/lib/system/fatal.nim(49) sysFatal

Unhandled exception: index out of bounds, the container is empty [IndexError]
[FAILED] ParamsPassArrayInt
" />
    </testcase>
    <testcase time="0.001974344253540039" name="tparams_pass_array_str">
      <failure message="/home/travis/build/kaitai-io/ci_targets/tests/spec/nim/tests/tparams_pass_array_str.nim(11, 33): Check failed: len(r.passStrArray.strs) == int(3)
len(r.passStrArray.strs) was 0
int(3) was 3
/opt/Nim-1.2.0/lib/pure/unittest.nim(647) tparams_pass_array_str
/opt/Nim-1.2.0/lib/system/fatal.nim(49) sysFatal

Unhandled exception: index out of bounds, the container is empty [IndexError]
[FAILED] ParamsPassArrayStr
" />
    </testcase>
    <testcase time="0.001862764358520508" name="tparams_pass_array_struct">
      <failure message="/home/travis/build/kaitai-io/ci_targets/tests/spec/nim/tests/tparams_pass_array_struct.nim(11, 35): Check failed: len(r.passStructs.structs) == int(2)
len(r.passStructs.structs) was 0
int(2) was 2
/opt/Nim-1.2.0/lib/pure/unittest.nim(647) tparams_pass_array_struct
/opt/Nim-1.2.0/lib/system/fatal.nim(49) sysFatal

Unhandled exception: index out of bounds, the container is empty [IndexError]
[FAILED] ParamsPassArrayStruct
" />
    </testcase>
    <testcase time="0.001848459243774414" name="tparams_pass_array_usertype">
      <failure message="/home/travis/build/kaitai-io/ci_targets/tests/spec/nim/tests/tparams_pass_array_usertype.nim(7) tparams_pass_array_usertype
/home/travis/build/kaitai-io/ci_targets/compiled/nim/params_pass_array_usertype.nim(40) fromFile
/home/travis/build/kaitai-io/ci_targets/compiled/nim/params_pass_array_usertype.nim(37) read
/home/travis/build/kaitai-io/ci_targets/compiled/nim/params_pass_array_usertype.nim(63) read
/opt/Nim-1.2.0/lib/system/fatal.nim(49) sysFatal
Error: unhandled exception: index out of bounds, the container is empty [IndexError]
" />
    </testcase>
    <testcase time="0.001827239990234375" name="tparams_pass_struct">
      <failure message="Traceback (most recent call last)
/opt/Nim-1.2.0/lib/pure/unittest.nim(647) tparams_pass_struct
SIGSEGV: Illegal storage access. (Attempt to read from nil?)
" />
    </testcase>
    <testcase time="0.001821756362915039" name="tparams_pass_usertype">
      <failure message="Traceback (most recent call last)
/home/travis/build/kaitai-io/ci_targets/tests/spec/nim/tests/tparams_pass_usertype.nim(7) tparams_pass_usertype
/home/travis/build/kaitai-io/ci_targets/compiled/nim/params_pass_usertype.nim(38) fromFile
/home/travis/build/kaitai-io/ci_targets/compiled/nim/params_pass_usertype.nim(35) read
/home/travis/build/kaitai-io/ci_targets/compiled/nim/params_pass_usertype.nim(61) read
SIGSEGV: Illegal storage access. (Attempt to read from nil?)
" />
    </testcase>
    <testcase time="0.001862525939941406" name="tposition_abs" />
    <testcase time="0.001803159713745117" name="tposition_in_seq" />
    <testcase time="0.001923084259033203" name="tposition_to_end" />
    <testcase time="0.00181269645690918" name="tprocess_coerce_bytes" />
    <testcase time="0.00000000" name="tprocess_coerce_switch">
      <failure message="/home/travis/build/kaitai-io/ci_targets/tests/spec/nim/tests/tprocess_coerce_switch.nim(4, 29) Error: cannot open file: ../../../compiled/nim/process_coerce_switch
" />
    </testcase>
    <testcase time="0.001906871795654297" name="tprocess_coerce_usertype1" />
    <testcase time="0.001911163330078125" name="tprocess_coerce_usertype2" />
    <testcase time="0.001949310302734375" name="tprocess_custom" />
    <testcase time="0.00000000" name="tprocess_custom_no_args">
      <failure message="/home/travis/build/kaitai-io/ci_targets/compiled/nim/process_custom_no_args.nim(3, 35) Error: cannot open file: ../../tests/spec/nim/opaque/custom_fx_no_args
" />
    </testcase>
    <testcase time="0.001925230026245117" name="tprocess_repeat_bytes" />
    <testcase time="0.001863718032836914" name="tprocess_repeat_usertype">
      <failure message="/home/travis/build/kaitai-io/ci_targets/tests/spec/nim/tests/tprocess_repeat_usertype.nim(13, 22): Check failed: r.blocks[1].a == int32(279597642)
r.blocks[1].a was -1975704206
int32(279597642) was 279597642
/home/travis/build/kaitai-io/ci_targets/tests/spec/nim/tests/tprocess_repeat_usertype.nim(14, 22): Check failed: r.blocks[1].b == int8(68)
r.blocks[1].b was 20
int8(68) was 68
[FAILED] ProcessRepeatUsertype
" />
    </testcase>
    <testcase time="0.001808643341064453" name="tprocess_rotate" />
    <testcase time="0.00187230110168457" name="tprocess_to_user" />
    <testcase time="0.001831293106079102" name="tprocess_xor4_const" />
    <testcase time="0.001958131790161133" name="tprocess_xor4_value" />
    <testcase time="0.001816511154174805" name="tprocess_xor_const" />
    <testcase time="0.001828908920288086" name="tprocess_xor_value" />
    <testcase time="0.001653432846069336" name="trecursive_one" />
    <testcase time="0.001926660537719727" name="trepeat_eos_bit">
      <failure message="/home/travis/build/kaitai-io/ci_targets/tests/spec/nim/tests/trepeat_eos_bit.nim(11, 23): Check failed: len(r.nibbles) == int(16)
len(r.nibbles) was 15
int(16) was 16
[FAILED] RepeatEosBit
" />
    </testcase>
    <testcase time="0.001950979232788086" name="trepeat_eos_struct" />
    <testcase time="0.00175786018371582" name="trepeat_eos_u4" />
    <testcase time="0.001873254776000977" name="trepeat_n_struct" />
    <testcase time="0.0018310546875" name="trepeat_n_strz" />
    <testcase time="0.001899242401123047" name="trepeat_n_strz_double" />
    <testcase time="0.00000000" name="trepeat_until_complex">
      <failure message="/home/travis/build/kaitai-io/ci_targets/tests/spec/nim/tests/trepeat_until_complex.nim(4, 29) Error: cannot open file: ../../../compiled/nim/repeat_until_complex
" />
    </testcase>
    <testcase time="0.00000000" name="trepeat_until_s4">
      <failure message="/home/travis/build/kaitai-io/ci_targets/tests/spec/nim/tests/trepeat_until_s4.nim(4, 29) Error: cannot open file: ../../../compiled/nim/repeat_until_s4
" />
    </testcase>
    <testcase time="0.00000000" name="trepeat_until_sized">
      <failure message="/home/travis/build/kaitai-io/ci_targets/tests/spec/nim/tests/trepeat_until_sized.nim(4, 29) Error: cannot open file: ../../../compiled/nim/repeat_until_sized
" />
    </testcase>
    <testcase time="0.00675654411315918" name="tstr_encodings" />
    <testcase time="0.00200200080871582" name="tstr_encodings_default" />
    <testcase time="0.001868247985839844" name="tstr_eos" />
    <testcase time="0.001868963241577148" name="tstr_literals2" />
    <testcase time="0.001944780349731445" name="tstr_pad_term" />
    <testcase time="0.001845359802246094" name="tstr_pad_term_empty" />
    <testcase time="0.00000000" name="tswitch_bytearray">
      <failure message="/home/travis/build/kaitai-io/ci_targets/tests/spec/nim/tests/tswitch_bytearray.nim(7, 24) template/generic instantiation of `fromFile` from here
/home/travis/build/kaitai-io/ci_targets/compiled/nim/switch_bytearray.nim(41, 18) template/generic instantiation of `read` from here
/home/travis/build/kaitai-io/ci_targets/compiled/nim/switch_bytearray.nim(38, 44) template/generic instantiation of `read` from here
/home/travis/build/kaitai-io/ci_targets/compiled/nim/switch_bytearray.nim(52, 12) Error: selector must be of an ordinal type, float or string
" />
    </testcase>
    <testcase time="0.00183868408203125" name="tswitch_else_only" />
    <testcase time="0.001887083053588867" name="tswitch_integers" />
    <testcase time="0.001852750778198242" name="tswitch_integers2" />
    <testcase time="0.001838445663452148" name="tswitch_manual_enum" />
    <testcase time="0.001873254776000977" name="tswitch_manual_enum_invalid" />
    <testcase time="0.001990318298339844" name="tswitch_manual_enum_invalid_else" />
    <testcase time="0.00194239616394043" name="tswitch_manual_int" />
    <testcase time="0.001915693283081055" name="tswitch_manual_int_else" />
    <testcase time="0.001948833465576172" name="tswitch_manual_int_size_else">
      <failure message="/home/travis/build/kaitai-io/ci_targets/tests/spec/nim/tests/tswitch_manual_int_size_else.nim(7) tswitch_manual_int_size_else
/home/travis/build/kaitai-io/ci_targets/compiled/nim/switch_manual_int_size_else.nim(48) fromFile
/home/travis/build/kaitai-io/ci_targets/compiled/nim/switch_manual_int_size_else.nim(45) read
/home/travis/build/kaitai-io/ci_targets/compiled/nim/switch_manual_int_size_else.nim(70) read
/home/travis/.nimble/pkgs/kaitai_struct_nim_runtime-0.1.0/kaitai_struct_nim_runtime.nim(242) readBytes
/opt/Nim-1.2.0/lib/system/fatal.nim(49) sysFatal
Error: unhandled exception: index out of bounds, the container is empty [IndexError]
" />
    </testcase>
    <testcase time="0.001804590225219727" name="tswitch_manual_str" />
    <testcase time="0.001926422119140625" name="tswitch_manual_str_else" />
    <testcase time="0.001912117004394531" name="tterm_bytes" />
    <testcase time="0.001873493194580078" name="tterm_strz" />
    <testcase time="0.002434968948364258" name="tts_packet_header" />
    <testcase time="0.001888275146484375" name="ttype_int_unary_op" />
    <testcase time="0.001840829849243164" name="ttype_ternary" />
    <testcase time="0.001868963241577148" name="tuser_type" />
    <testcase time="0.001963376998901367" name="tvalid_long" />
    <testcase time="0.001877546310424805" name="tvalid_not_parsed_if" />
    <testcase time="0.001819849014282227" name="tvalid_short" />
    <testcase time="0.001836061477661133" name="tvalid_switch" />
    <testcase time="0.00000000" name="tzlib_surrounded">
      <failure message="/home/travis/build/kaitai-io/ci_targets/tests/spec/nim/tests/tzlib_surrounded.nim(7, 23) template/generic instantiation of `fromFile` from here
/home/travis/build/kaitai-io/ci_targets/compiled/nim/zlib_surrounded.nim(40, 17) template/generic instantiation of `read` from here
/home/travis/build/kaitai-io/ci_targets/compiled/nim/zlib_surrounded.nim(34, 33) Error: attempting to call undeclared routine: 'processZlib'
" />
    </testcase>
    <testcase time="0.00000000" name="tzlib_with_header_78">
      <failure message="/home/travis/build/kaitai-io/ci_targets/tests/spec/nim/tests/tzlib_with_header_78.nim(7, 25) template/generic instantiation of `fromFile` from here
/home/travis/build/kaitai-io/ci_targets/compiled/nim/zlib_with_header_78.nim(29, 19) template/generic instantiation of `read` from here
/home/travis/build/kaitai-io/ci_targets/compiled/nim/zlib_with_header_78.nim(26, 27) Error: attempting to call undeclared routine: 'processZlib'
" />
    </testcase>
  </testsuite>
</testsuites>