<testsuites><testsuite tests="164" failures="1" errors="53" name="tests">
    <testcase time="0.001505851745605469" name="tbcd_user_type_be" />
    <testcase time="0.001503467559814453" name="tbcd_user_type_le" />
    <testcase time="0.001449108123779297" name="tbits_byte_aligned" />
    <testcase time="0.001736640930175781" name="tbits_enum" />
    <testcase time="0.001460790634155273" name="tbits_simple" />
    <testcase time="0.001374244689941406" name="tbuffered_struct" />
    <testcase time="0.00170445442199707" name="tbytes_pad_term" />
    <testcase time="0.001501321792602539" name="tcast_nested" />
    <testcase time="0.002279996871948242" name="tcast_to_imported" />
    <testcase time="0.001683950424194336" name="tcast_to_top" />
    <testcase time="0.001526832580566406" name="tcombine_bool" />
    <testcase time="0.001436471939086914" name="tcombine_bytes" />
    <testcase time="0.001473665237426758" name="tcombine_str" />
    <testcase time="0.00000000" name="tdebug_switch_user"><failure message="compile error" /></testcase>
    <testcase time="0.001382112503051758" name="tdefault_big_endian" />
    <testcase time="0.001593112945556641" name="tdefault_endian_expr_inherited" />
    <testcase time="0.001549005508422852" name="tdefault_endian_expr_is_be" />
    <testcase time="0.001450538635253906" name="tdefault_endian_expr_is_le" />
    <testcase time="0.001488208770751953" name="tdefault_endian_mod" />
    <testcase time="0.00142216682434082" name="tdocstrings" />
    <testcase time="0.001649379730224609" name="tdocstrings_docref" />
    <testcase time="0.001485586166381836" name="tdocstrings_docref_multi" />
    <testcase time="0.001473188400268555" name="tenum_0" />
    <testcase time="0.001501798629760742" name="tenum_1" />
    <testcase time="0.001423358917236328" name="tenum_deep" />
    <testcase time="0.001535654067993164" name="tenum_deep_literals" />
    <testcase time="0.001445293426513672" name="tenum_fancy" />
    <testcase time="0.001474857330322266" name="tenum_if" />
    <testcase time="0.00000000" name="tenum_import"><failure message="compile error" /></testcase>
    <testcase time="0.001450538635253906" name="tenum_int_range_s" />
    <testcase time="0.00147557258605957" name="tenum_int_range_u" />
    <testcase time="0.001342535018920898" name="tenum_invalid" />
    <testcase time="0.001511335372924805" name="tenum_long_range_s" />
    <testcase time="0.001535177230834961" name="tenum_long_range_u" />
    <testcase time="0.001497507095336914" name="tenum_negative" />
    <testcase time="0.001417398452758789" name="tenum_of_value_inst" />
    <testcase time="0.001432180404663086" name="tenum_to_i" />
    <testcase time="0.00000000" name="tenum_to_i_class_border_1"><failure message="compile error" /></testcase>
    <testcase time="0.001465320587158203" name="texpr_0" />
    <testcase time="0.00150299072265625" name="texpr_1" />
    <testcase time="0.001546144485473633" name="texpr_2" />
    <testcase time="0.001527309417724609" name="texpr_3" />
    <testcase time="0.001579761505126953" name="texpr_array" />
    <testcase time="0.00000000" name="texpr_bits"><failure message="compile error" /></testcase>
    <testcase time="0.002169609069824219" name="texpr_bytes_cmp" />
    <testcase time="0.00000000" name="texpr_bytes_literal"><failure message="compile error" /></testcase>
    <testcase time="0.00137782096862793" name="texpr_bytes_ops" />
    <testcase time="0.001522064208984375" name="texpr_calc_array_ops" />
    <testcase time="0.001433372497558594" name="texpr_enum" />
    <testcase time="0.001469850540161133" name="texpr_io_eof" />
    <testcase time="0.001496553421020508" name="texpr_io_pos" />
    <testcase time="0.001471757888793945" name="texpr_mod" />
    <testcase time="0.001405477523803711" name="texpr_ops_parens" />
    <testcase time="0.001367092132568359" name="texpr_sizeof_type_0" />
    <testcase time="0.001365184783935547" name="texpr_sizeof_type_1" />
    <testcase time="0.001388788223266602" name="texpr_sizeof_value_0" />
    <testcase time="0.001425981521606445" name="texpr_sizeof_value_sized" />
    <testcase time="0.001488447189331055" name="texpr_str_ops" />
    <testcase time="0.001375436782836914" name="tfixed_contents" />
    <testcase time="0.001503467559814453" name="tfixed_struct" />
    <testcase time="0.001403093338012695" name="tfloat_to_i" />
    <testcase time="0.00145721435546875" name="tfloating_points" />
    <testcase time="0.001430511474609375" name="thello_world" />
    <testcase time="0.001450061798095703" name="tif_instances" />
    <testcase time="0.001547098159790039" name="tif_struct" />
    <testcase time="0.001537084579467773" name="tif_values" />
    <testcase time="0.001489400863647461" name="timports0" />
    <testcase time="0.00000000" name="timports_abs"><failure message="compile error" /></testcase>
    <testcase time="0.00000000" name="tindex_sizes"><failure message="compile error" /></testcase>
    <testcase time="0.00000000" name="tindex_to_param_eos"><failure message="compile error" /></testcase>
    <testcase time="0.00000000" name="tindex_to_param_expr"><failure message="compile error" /></testcase>
    <testcase time="0.00000000" name="tindex_to_param_until"><failure message="compile error" /></testcase>
    <testcase time="0.00000000" name="tinstance_io_user"><failure message="compile error" /></testcase>
    <testcase time="0.001613616943359375" name="tinstance_std" />
    <testcase time="0.00000000" name="tinstance_std_array"><failure message="compile error" /></testcase>
    <testcase time="0.00000000" name="tinstance_user_array"><failure message="compile error" /></testcase>
    <testcase time="0.001389503479003906" name="tintegers" />
    <testcase time="0.00000000" name="tintegers_min_max"><failure message="compile error" /></testcase>
    <testcase time="0.00000000" name="tio_local_var"><failure message="compile error" /></testcase>
    <testcase time="0.00000000" name="tjs_signed_right_shift"><failure message="compile error" /></testcase>
    <testcase time="0.001401424407958984" name="tmeta_tags" />
    <testcase time="0.001468181610107422" name="tmeta_xref" />
    <testcase time="0.001440286636352539" name="tmultiple_use" />
    <testcase time="0.001659631729125977" name="tnav_parent" />
    <testcase time="0.00000000" name="tnav_parent2"><failure message="compile error" /></testcase>
    <testcase time="0.00000000" name="tnav_parent3"><failure message="compile error" /></testcase>
    <testcase time="0.001575946807861328" name="tnav_parent_false" />
    <testcase time="0.001429319381713867" name="tnav_parent_false2" />
    <testcase time="0.001481771469116211" name="tnav_parent_override" />
    <testcase time="0.00148320198059082" name="tnav_parent_switch" />
    <testcase time="0.00000000" name="tnav_parent_switch_cast"><failure message="compile error" /></testcase>
    <testcase time="0.001621484756469727" name="tnav_parent_vs_value_inst" />
    <testcase time="0.00000000" name="tnav_root"><failure message="compile error" /></testcase>
    <testcase time="0.001379251480102539" name="tnested_same_name" />
    <testcase time="0.001837968826293945" name="tnested_same_name2" />
    <testcase time="0.00000000" name="tnested_type_param"><failure message="compile error" /></testcase>
    <testcase time="0.001303195953369141" name="tnested_types" />
    <testcase time="0.001456499099731445" name="tnested_types2" />
    <testcase time="0.001378536224365234" name="tnested_types3" />
    <testcase time="0.001435041427612305" name="tnon_standard" />
    <testcase time="0.00000000" name="tparams_call_extra_parens"><failure message="compile error" /></testcase>
    <testcase time="0.00000000" name="tparams_call_short"><failure message="compile error" /></testcase>
    <testcase time="0.00000000" name="tparams_enum"><failure message="compile error" /></testcase>
    <testcase time="0.00000000" name="tparams_pass_array_int"><failure message="compile error" /></testcase>
    <testcase time="0.00000000" name="tparams_pass_array_str"><failure message="compile error" /></testcase>
    <testcase time="0.00000000" name="tparams_pass_array_struct"><failure message="compile error" /></testcase>
    <testcase time="0.00000000" name="tparams_pass_array_usertype"><failure message="compile error" /></testcase>
    <testcase time="0.00000000" name="tparams_pass_usertype"><failure message="compile error" /></testcase>
    <testcase time="0.00152587890625" name="tposition_abs" />
    <testcase time="0.00000000" name="tposition_in_seq"><failure message="compile error" /></testcase>
    <testcase time="0.001421928405761719" name="tposition_to_end" />
    <testcase time="0.00000000" name="tprocess_coerce_bytes"><failure message="compile error" /></testcase>
    <testcase time="0.00000000" name="tprocess_coerce_switch"><failure message="compile error" /></testcase>
    <testcase time="0.00000000" name="tprocess_coerce_usertype1"><failure message="compile error" /></testcase>
    <testcase time="0.00000000" name="tprocess_coerce_usertype2"><failure message="compile error" /></testcase>
    <testcase time="0.00000000" name="tprocess_custom"><failure message="compile error" /></testcase>
    <testcase time="0.00000000" name="tprocess_custom_no_args"><failure message="compile error" /></testcase>
    <testcase time="0.00000000" name="tprocess_repeat_bytes"><failure message="compile error" /></testcase>
    <testcase time="0.00000000" name="tprocess_repeat_usertype"><failure message="compile error" /></testcase>
    <testcase time="0.00000000" name="tprocess_rotate"><failure message="compile error" /></testcase>
    <testcase time="0.00000000" name="tprocess_to_user"><failure message="compile error" /></testcase>
    <testcase time="0.00000000" name="tprocess_xor4_const"><failure message="compile error" /></testcase>
    <testcase time="0.00000000" name="tprocess_xor4_value"><failure message="compile error" /></testcase>
    <testcase time="0.00000000" name="tprocess_xor_const"><failure message="compile error" /></testcase>
    <testcase time="0.00000000" name="tprocess_xor_value"><failure message="compile error" /></testcase>
    <testcase time="0.00148463249206543" name="trecursive_one" />
    <testcase time="0.001406192779541016" name="trepeat_eos_bit"><failure /></testcase>
    <testcase time="0.001461982727050781" name="trepeat_eos_struct" />
    <testcase time="0.00000000" name="trepeat_eos_u4"><failure message="compile error" /></testcase>
    <testcase time="0.001492500305175781" name="trepeat_n_struct" />
    <testcase time="0.001522541046142578" name="trepeat_n_strz" />
    <testcase time="0.001525402069091797" name="trepeat_n_strz_double" />
    <testcase time="0.00000000" name="trepeat_until_complex"><failure message="compile error" /></testcase>
    <testcase time="0.00000000" name="trepeat_until_s4"><failure message="compile error" /></testcase>
    <testcase time="0.00000000" name="trepeat_until_sized"><failure message="compile error" /></testcase>
    <testcase time="0.005197763442993164" name="tstr_encodings" />
    <testcase time="0.001574277877807617" name="tstr_encodings_default" />
    <testcase time="0.001539230346679688" name="tstr_eos" />
    <testcase time="0.001381158828735352" name="tstr_literals2" />
    <testcase time="0.001515626907348633" name="tstr_pad_term" />
    <testcase time="0.001479864120483398" name="tstr_pad_term_empty" />
    <testcase time="0.001739501953125" name="tswitch_bytearray" />
    <testcase time="0.001488924026489258" name="tswitch_else_only" />
    <testcase time="0.001390695571899414" name="tswitch_integers" />
    <testcase time="0.00000000" name="tswitch_integers2"><failure message="compile error" /></testcase>
    <testcase time="0.0014801025390625" name="tswitch_manual_enum" />
    <testcase time="0.001452445983886719" name="tswitch_manual_enum_invalid" />
    <testcase time="0.001392841339111328" name="tswitch_manual_enum_invalid_else" />
    <testcase time="0.001528263092041016" name="tswitch_manual_int" />
    <testcase time="0.001527309417724609" name="tswitch_manual_int_else" />
    <testcase time="0.001456499099731445" name="tswitch_manual_str" />
    <testcase time="0.001502752304077148" name="tswitch_manual_str_else" />
    <testcase time="0.001394510269165039" name="tterm_bytes" />
    <testcase time="0.001451253890991211" name="tterm_strz" />
    <testcase time="0.001475095748901367" name="tts_packet_header" />
    <testcase time="0.00000000" name="ttype_int_unary_op"><failure message="compile error" /></testcase>
    <testcase time="0.00000000" name="ttype_ternary"><failure message="compile error" /></testcase>
    <testcase time="0.001372337341308594" name="tuser_type" />
    <testcase time="0.001533985137939453" name="tvalid_long" />
    <testcase time="0.001485109329223633" name="tvalid_not_parsed_if" />
    <testcase time="0.001581192016601562" name="tvalid_short" />
    <testcase time="0.001468658447265625" name="tvalid_switch" />
    <testcase time="0.00000000" name="tzlib_surrounded"><failure message="compile error" /></testcase>
    <testcase time="0.00000000" name="tzlib_with_header_78"><failure message="compile error" /></testcase>
  </testsuite></testsuites>