<testsuites><testsuite tests="166" failures="0" errors="166" name="tests">
    <testcase time="0.00000000" name="tbcd_user_type_be"><failure message="format_build_failed" /></testcase>
    <testcase time="0.00000000" name="tbcd_user_type_le"><failure message="format_build_failed" /></testcase>
    <testcase time="0.00000000" name="tbits_byte_aligned"><failure message="format_build_failed" /></testcase>
    <testcase time="0.00000000" name="tbits_enum"><failure message="format_build_failed" /></testcase>
    <testcase time="0.00000000" name="tbits_simple"><failure message="format_build_failed" /></testcase>
    <testcase time="0.00000000" name="tbuffered_struct"><failure message="format_build_failed" /></testcase>
    <testcase time="0.00000000" name="tbytes_pad_term"><failure message="format_build_failed" /></testcase>
    <testcase time="0.00000000" name="tcast_nested"><failure message="format_build_failed" /></testcase>
    <testcase time="0.00000000" name="tcast_to_imported"><failure message="format_build_failed" /></testcase>
    <testcase time="0.00000000" name="tcast_to_top"><failure message="format_build_failed" /></testcase>
    <testcase time="0.00000000" name="tcombine_bool"><failure message="format_build_failed" /></testcase>
    <testcase time="0.00000000" name="tcombine_bytes"><failure message="format_build_failed" /></testcase>
    <testcase time="0.00000000" name="tcombine_str"><failure message="format_build_failed" /></testcase>
    <testcase time="0.00000000" name="tdebug_switch_user"><failure message="format_build_failed" /></testcase>
    <testcase time="0.00000000" name="tdefault_big_endian"><failure message="format_build_failed" /></testcase>
    <testcase time="0.00000000" name="tdefault_endian_expr_inherited"><failure message="format_build_failed" /></testcase>
    <testcase time="0.00000000" name="tdefault_endian_expr_is_be"><failure message="format_build_failed" /></testcase>
    <testcase time="0.00000000" name="tdefault_endian_expr_is_le"><failure message="format_build_failed" /></testcase>
    <testcase time="0.00000000" name="tdefault_endian_mod"><failure message="format_build_failed" /></testcase>
    <testcase time="0.00000000" name="tdocstrings"><failure message="format_build_failed" /></testcase>
    <testcase time="0.00000000" name="tdocstrings_docref"><failure message="format_build_failed" /></testcase>
    <testcase time="0.00000000" name="tdocstrings_docref_multi"><failure message="format_build_failed" /></testcase>
    <testcase time="0.00000000" name="tenum_0"><failure message="format_build_failed" /></testcase>
    <testcase time="0.00000000" name="tenum_1"><failure message="format_build_failed" /></testcase>
    <testcase time="0.00000000" name="tenum_deep"><failure message="format_build_failed" /></testcase>
    <testcase time="0.00000000" name="tenum_deep_literals"><failure message="format_build_failed" /></testcase>
    <testcase time="0.00000000" name="tenum_fancy"><failure message="format_build_failed" /></testcase>
    <testcase time="0.00000000" name="tenum_if"><failure message="format_build_failed" /></testcase>
    <testcase time="0.00000000" name="tenum_import"><failure message="format_build_failed" /></testcase>
    <testcase time="0.00000000" name="tenum_int_range_s"><failure message="format_build_failed" /></testcase>
    <testcase time="0.00000000" name="tenum_int_range_u"><failure message="format_build_failed" /></testcase>
    <testcase time="0.00000000" name="tenum_invalid"><failure message="format_build_failed" /></testcase>
    <testcase time="0.00000000" name="tenum_long_range_s"><failure message="format_build_failed" /></testcase>
    <testcase time="0.00000000" name="tenum_long_range_u"><failure message="format_build_failed" /></testcase>
    <testcase time="0.00000000" name="tenum_negative"><failure message="format_build_failed" /></testcase>
    <testcase time="0.00000000" name="tenum_of_value_inst"><failure message="format_build_failed" /></testcase>
    <testcase time="0.00000000" name="tenum_to_i"><failure message="format_build_failed" /></testcase>
    <testcase time="0.00000000" name="tenum_to_i_class_border_1"><failure message="format_build_failed" /></testcase>
    <testcase time="0.00000000" name="texpr_0"><failure message="format_build_failed" /></testcase>
    <testcase time="0.00000000" name="texpr_1"><failure message="format_build_failed" /></testcase>
    <testcase time="0.00000000" name="texpr_2"><failure message="format_build_failed" /></testcase>
    <testcase time="0.00000000" name="texpr_3"><failure message="format_build_failed" /></testcase>
    <testcase time="0.00000000" name="texpr_array"><failure message="format_build_failed" /></testcase>
    <testcase time="0.00000000" name="texpr_bits"><failure message="format_build_failed" /></testcase>
    <testcase time="0.00000000" name="texpr_bytes_cmp"><failure message="format_build_failed" /></testcase>
    <testcase time="0.00000000" name="texpr_bytes_literal"><failure message="format_build_failed" /></testcase>
    <testcase time="0.00000000" name="texpr_bytes_ops"><failure message="format_build_failed" /></testcase>
    <testcase time="0.00000000" name="texpr_calc_array_ops"><failure message="format_build_failed" /></testcase>
    <testcase time="0.00000000" name="texpr_enum"><failure message="format_build_failed" /></testcase>
    <testcase time="0.00000000" name="texpr_io_eof"><failure message="format_build_failed" /></testcase>
    <testcase time="0.00000000" name="texpr_io_pos"><failure message="format_build_failed" /></testcase>
    <testcase time="0.00000000" name="texpr_mod"><failure message="format_build_failed" /></testcase>
    <testcase time="0.00000000" name="texpr_ops_parens"><failure message="format_build_failed" /></testcase>
    <testcase time="0.00000000" name="texpr_sizeof_type_0"><failure message="format_build_failed" /></testcase>
    <testcase time="0.00000000" name="texpr_sizeof_type_1"><failure message="format_build_failed" /></testcase>
    <testcase time="0.00000000" name="texpr_sizeof_value_0"><failure message="format_build_failed" /></testcase>
    <testcase time="0.00000000" name="texpr_sizeof_value_sized"><failure message="format_build_failed" /></testcase>
    <testcase time="0.00000000" name="texpr_str_ops"><failure message="format_build_failed" /></testcase>
    <testcase time="0.00000000" name="tfixed_contents"><failure message="format_build_failed" /></testcase>
    <testcase time="0.00000000" name="tfixed_struct"><failure message="format_build_failed" /></testcase>
    <testcase time="0.00000000" name="tfloat_to_i"><failure message="format_build_failed" /></testcase>
    <testcase time="0.00000000" name="tfloating_points"><failure message="format_build_failed" /></testcase>
    <testcase time="0.00000000" name="thello_world"><failure message="format_build_failed" /></testcase>
    <testcase time="0.00000000" name="tif_instances"><failure message="format_build_failed" /></testcase>
    <testcase time="0.00000000" name="tif_struct"><failure message="format_build_failed" /></testcase>
    <testcase time="0.00000000" name="tif_values"><failure message="format_build_failed" /></testcase>
    <testcase time="0.00000000" name="timports0"><failure message="format_build_failed" /></testcase>
    <testcase time="0.00000000" name="timports_abs"><failure message="format_build_failed" /></testcase>
    <testcase time="0.00000000" name="tindex_sizes"><failure message="format_build_failed" /></testcase>
    <testcase time="0.00000000" name="tindex_to_param_eos"><failure message="format_build_failed" /></testcase>
    <testcase time="0.00000000" name="tindex_to_param_expr"><failure message="format_build_failed" /></testcase>
    <testcase time="0.00000000" name="tindex_to_param_until"><failure message="format_build_failed" /></testcase>
    <testcase time="0.00000000" name="tinstance_io_user"><failure message="format_build_failed" /></testcase>
    <testcase time="0.00000000" name="tinstance_std"><failure message="format_build_failed" /></testcase>
    <testcase time="0.00000000" name="tinstance_std_array"><failure message="format_build_failed" /></testcase>
    <testcase time="0.00000000" name="tinstance_user_array"><failure message="format_build_failed" /></testcase>
    <testcase time="0.00000000" name="tintegers"><failure message="format_build_failed" /></testcase>
    <testcase time="0.00000000" name="tintegers_min_max"><failure message="format_build_failed" /></testcase>
    <testcase time="0.00000000" name="tio_local_var"><failure message="format_build_failed" /></testcase>
    <testcase time="0.00000000" name="tjs_signed_right_shift"><failure message="format_build_failed" /></testcase>
    <testcase time="0.00000000" name="tmeta_tags"><failure message="format_build_failed" /></testcase>
    <testcase time="0.00000000" name="tmeta_xref"><failure message="format_build_failed" /></testcase>
    <testcase time="0.00000000" name="tmultiple_use"><failure message="format_build_failed" /></testcase>
    <testcase time="0.00000000" name="tnav_parent"><failure message="format_build_failed" /></testcase>
    <testcase time="0.00000000" name="tnav_parent2"><failure message="format_build_failed" /></testcase>
    <testcase time="0.00000000" name="tnav_parent3"><failure message="format_build_failed" /></testcase>
    <testcase time="0.00000000" name="tnav_parent_false"><failure message="format_build_failed" /></testcase>
    <testcase time="0.00000000" name="tnav_parent_false2"><failure message="format_build_failed" /></testcase>
    <testcase time="0.00000000" name="tnav_parent_override"><failure message="format_build_failed" /></testcase>
    <testcase time="0.00000000" name="tnav_parent_switch"><failure message="format_build_failed" /></testcase>
    <testcase time="0.00000000" name="tnav_parent_switch_cast"><failure message="format_build_failed" /></testcase>
    <testcase time="0.00000000" name="tnav_parent_vs_value_inst"><failure message="format_build_failed" /></testcase>
    <testcase time="0.00000000" name="tnav_root"><failure message="format_build_failed" /></testcase>
    <testcase time="0.00000000" name="tnested_same_name"><failure message="format_build_failed" /></testcase>
    <testcase time="0.00000000" name="tnested_same_name2"><failure message="format_build_failed" /></testcase>
    <testcase time="0.00000000" name="tnested_type_param"><failure message="format_build_failed" /></testcase>
    <testcase time="0.00000000" name="tnested_types"><failure message="format_build_failed" /></testcase>
    <testcase time="0.00000000" name="tnested_types2"><failure message="format_build_failed" /></testcase>
    <testcase time="0.00000000" name="tnested_types3"><failure message="format_build_failed" /></testcase>
    <testcase time="0.00000000" name="tnon_standard"><failure message="format_build_failed" /></testcase>
    <testcase time="0.00000000" name="tparams_call_extra_parens"><failure message="format_build_failed" /></testcase>
    <testcase time="0.00000000" name="tparams_call_short"><failure message="format_build_failed" /></testcase>
    <testcase time="0.00000000" name="tparams_enum"><failure message="format_build_failed" /></testcase>
    <testcase time="0.00000000" name="tparams_pass_array_int"><failure message="format_build_failed" /></testcase>
    <testcase time="0.00000000" name="tparams_pass_array_str"><failure message="format_build_failed" /></testcase>
    <testcase time="0.00000000" name="tparams_pass_array_struct"><failure message="format_build_failed" /></testcase>
    <testcase time="0.00000000" name="tparams_pass_array_usertype"><failure message="format_build_failed" /></testcase>
    <testcase time="0.00000000" name="tparams_pass_struct"><failure message="format_build_failed" /></testcase>
    <testcase time="0.00000000" name="tparams_pass_usertype"><failure message="format_build_failed" /></testcase>
    <testcase time="0.00000000" name="tposition_abs"><failure message="format_build_failed" /></testcase>
    <testcase time="0.00000000" name="tposition_in_seq"><failure message="format_build_failed" /></testcase>
    <testcase time="0.00000000" name="tposition_to_end"><failure message="format_build_failed" /></testcase>
    <testcase time="0.00000000" name="tprocess_coerce_bytes"><failure message="format_build_failed" /></testcase>
    <testcase time="0.00000000" name="tprocess_coerce_switch"><failure message="format_build_failed" /></testcase>
    <testcase time="0.00000000" name="tprocess_coerce_usertype1"><failure message="format_build_failed" /></testcase>
    <testcase time="0.00000000" name="tprocess_coerce_usertype2"><failure message="format_build_failed" /></testcase>
    <testcase time="0.00000000" name="tprocess_custom"><failure message="format_build_failed" /></testcase>
    <testcase time="0.00000000" name="tprocess_custom_no_args"><failure message="format_build_failed" /></testcase>
    <testcase time="0.00000000" name="tprocess_repeat_bytes"><failure message="format_build_failed" /></testcase>
    <testcase time="0.00000000" name="tprocess_repeat_usertype"><failure message="format_build_failed" /></testcase>
    <testcase time="0.00000000" name="tprocess_rotate"><failure message="format_build_failed" /></testcase>
    <testcase time="0.00000000" name="tprocess_to_user"><failure message="format_build_failed" /></testcase>
    <testcase time="0.00000000" name="tprocess_xor4_const"><failure message="format_build_failed" /></testcase>
    <testcase time="0.00000000" name="tprocess_xor4_value"><failure message="format_build_failed" /></testcase>
    <testcase time="0.00000000" name="tprocess_xor_const"><failure message="format_build_failed" /></testcase>
    <testcase time="0.00000000" name="tprocess_xor_value"><failure message="format_build_failed" /></testcase>
    <testcase time="0.00000000" name="trecursive_one"><failure message="format_build_failed" /></testcase>
    <testcase time="0.00000000" name="trepeat_eos_bit"><failure message="format_build_failed" /></testcase>
    <testcase time="0.00000000" name="trepeat_eos_struct"><failure message="format_build_failed" /></testcase>
    <testcase time="0.00000000" name="trepeat_eos_u4"><failure message="format_build_failed" /></testcase>
    <testcase time="0.00000000" name="trepeat_n_struct"><failure message="format_build_failed" /></testcase>
    <testcase time="0.00000000" name="trepeat_n_strz"><failure message="format_build_failed" /></testcase>
    <testcase time="0.00000000" name="trepeat_n_strz_double"><failure message="format_build_failed" /></testcase>
    <testcase time="0.00000000" name="trepeat_until_complex"><failure message="format_build_failed" /></testcase>
    <testcase time="0.00000000" name="trepeat_until_s4"><failure message="format_build_failed" /></testcase>
    <testcase time="0.00000000" name="trepeat_until_sized"><failure message="format_build_failed" /></testcase>
    <testcase time="0.00000000" name="tstr_encodings"><failure message="format_build_failed" /></testcase>
    <testcase time="0.00000000" name="tstr_encodings_default"><failure message="format_build_failed" /></testcase>
    <testcase time="0.00000000" name="tstr_eos"><failure message="format_build_failed" /></testcase>
    <testcase time="0.00000000" name="tstr_literals2"><failure message="format_build_failed" /></testcase>
    <testcase time="0.00000000" name="tstr_pad_term"><failure message="format_build_failed" /></testcase>
    <testcase time="0.00000000" name="tstr_pad_term_empty"><failure message="format_build_failed" /></testcase>
    <testcase time="0.00000000" name="tswitch_bytearray"><failure message="format_build_failed" /></testcase>
    <testcase time="0.00000000" name="tswitch_else_only"><failure message="format_build_failed" /></testcase>
    <testcase time="0.00000000" name="tswitch_integers"><failure message="format_build_failed" /></testcase>
    <testcase time="0.00000000" name="tswitch_integers2"><failure message="format_build_failed" /></testcase>
    <testcase time="0.00000000" name="tswitch_manual_enum"><failure message="format_build_failed" /></testcase>
    <testcase time="0.00000000" name="tswitch_manual_enum_invalid"><failure message="format_build_failed" /></testcase>
    <testcase time="0.00000000" name="tswitch_manual_enum_invalid_else"><failure message="format_build_failed" /></testcase>
    <testcase time="0.00000000" name="tswitch_manual_int"><failure message="format_build_failed" /></testcase>
    <testcase time="0.00000000" name="tswitch_manual_int_else"><failure message="format_build_failed" /></testcase>
    <testcase time="0.00000000" name="tswitch_manual_int_size_else"><failure message="format_build_failed" /></testcase>
    <testcase time="0.00000000" name="tswitch_manual_str"><failure message="format_build_failed" /></testcase>
    <testcase time="0.00000000" name="tswitch_manual_str_else"><failure message="format_build_failed" /></testcase>
    <testcase time="0.00000000" name="tterm_bytes"><failure message="format_build_failed" /></testcase>
    <testcase time="0.00000000" name="tterm_strz"><failure message="format_build_failed" /></testcase>
    <testcase time="0.00000000" name="tts_packet_header"><failure message="format_build_failed" /></testcase>
    <testcase time="0.00000000" name="ttype_int_unary_op"><failure message="format_build_failed" /></testcase>
    <testcase time="0.00000000" name="ttype_ternary"><failure message="format_build_failed" /></testcase>
    <testcase time="0.00000000" name="tuser_type"><failure message="format_build_failed" /></testcase>
    <testcase time="0.00000000" name="tvalid_long"><failure message="format_build_failed" /></testcase>
    <testcase time="0.00000000" name="tvalid_not_parsed_if"><failure message="format_build_failed" /></testcase>
    <testcase time="0.00000000" name="tvalid_short"><failure message="format_build_failed" /></testcase>
    <testcase time="0.00000000" name="tvalid_switch"><failure message="format_build_failed" /></testcase>
    <testcase time="0.00000000" name="tzlib_surrounded"><failure message="format_build_failed" /></testcase>
    <testcase time="0.00000000" name="tzlib_with_header_78"><failure message="format_build_failed" /></testcase>
  </testsuite></testsuites>