<testsuites>
  <testsuite tests="227" failures="5" errors="30" name="nim">
    <testcase time="0.00149536" name="tbcd_user_type_be" />
    <testcase time="0.00149274" name="tbcd_user_type_le" />
    <testcase time="0.00142932" name="tbits_byte_aligned" />
    <testcase time="0.00143838" name="tbits_enum" />
    <testcase time="0.00146198" name="tbits_seq_endian_combo" />
    <testcase time="0.00140977" name="tbits_shift_by_b32_le" />
    <testcase time="0.00137210" name="tbits_shift_by_b64_le" />
    <testcase time="0.00142860" name="tbits_signed_res_b32_be" />
    <testcase time="0.00140691" name="tbits_signed_res_b32_le" />
    <testcase time="0.00150537" name="tbits_signed_shift_b32_le" />
    <testcase time="0.00140834" name="tbits_signed_shift_b64_le" />
    <testcase time="0.00145793" name="tbits_simple" />
    <testcase time="0.00143504" name="tbits_simple_le" />
    <testcase time="0.00143504" name="tbits_unaligned_b32_be" />
    <testcase time="0.00143909" name="tbits_unaligned_b32_le" />
    <testcase time="0.00143266" name="tbits_unaligned_b64_be" />
    <testcase time="0.00147295" name="tbits_unaligned_b64_le" />
    <testcase time="0.00144720" name="tbuffered_struct" />
    <testcase time="0.00144696" name="tbytes_pad_term" />
    <testcase time="0.00148058" name="tcast_nested" />
    <testcase time="0.00145364" name="tcast_to_top" />
    <testcase time="0.00140548" name="tcombine_bool" />
    <testcase time="0.00146985" name="tcombine_bytes" />
    <testcase time="0.00143528" name="tcombine_enum" />
    <testcase time="0.00151825" name="tcombine_str" />
    <testcase time="0.00141001" name="tdebug_0" />
    <testcase time="0.00000000" name="tdebug_array_user">
      <failure message="/tests/spec/nim/tdebug_array_user.nim(4, 26) Error: cannot open file: ../../compiled/nim/debug_array_user
" />
    </testcase>
    <testcase time="0.00000000" name="tdebug_array_user_current_excluded">
      <failure message="/tests/spec/nim/tdebug_array_user_current_excluded.nim(4, 26) Error: cannot open file: ../../compiled/nim/debug_array_user_current_excluded
" />
    </testcase>
    <testcase time="0.00145245" name="tdebug_enum_name" />
    <testcase time="0.00144148" name="tdebug_switch_user" />
    <testcase time="0.00144172" name="tdefault_big_endian" />
    <testcase time="0.00147128" name="tdefault_bit_endian_mod" />
    <testcase time="0.00148034" name="tdefault_endian_expr_inherited" />
    <testcase time="0.00148892" name="tdefault_endian_expr_is_be" />
    <testcase time="0.00145245" name="tdefault_endian_expr_is_le" />
    <testcase time="0.00143409" name="tdefault_endian_mod" />
    <testcase time="0.00145507" name="tdocstrings" />
    <testcase time="0.00148654" name="tdocstrings_docref" />
    <testcase time="0.00141525" name="tdocstrings_docref_multi" />
    <testcase time="0.00142288" name="tenum_0" />
    <testcase time="0.00145459" name="tenum_1" />
    <testcase time="0.00143266" name="tenum_deep" />
    <testcase time="0.00140905" name="tenum_deep_literals" />
    <testcase time="0.00145626" name="tenum_fancy" />
    <testcase time="0.00150776" name="tenum_if" />
    <testcase time="0.00000000" name="tenum_import_literals">
      <failure message="/tests/compiled/nim/enum_import_literals.nim(11, 17) Error: undeclared identifier: &amp;apos;EnumDeep_Container1_Container2_Animal&amp;apos;
candidates (edit distance, scope distance); see &amp;apos;--spellSuggest&amp;apos;: 
 (22, 0): &amp;apos;EnumImportLiterals&amp;apos; [type declared in /tests/compiled/nim/enum_import_literals.nim(5, 3)]
" />
    </testcase>
    <testcase time="0.00148344" name="tenum_import_seq" />
    <testcase time="0.00143647" name="tenum_int_range_s" />
    <testcase time="0.00144601" name="tenum_int_range_u" />
    <testcase time="0.00000000" name="tenum_invalid">
      <failure message="/tests/spec/nim/tenum_invalid.nim(10, 15) Error: type mismatch: got &amp;lt;EnumInvalid_Animal, int literal(111)&amp;gt;
but expected one of:
proc `==`[Enum: enum](x, y: Enum): bool
  first type mismatch at position: 2
  required type for y: Enum: enum
  but expression &amp;apos;111&amp;apos; is of type: int literal(111)
proc `==`[T: tuple | object](x, y: T): bool
  first type mismatch at position: 2
  required type for y: T: tuple or object
  but expression &amp;apos;111&amp;apos; is of type: int literal(111)
proc `==`[T](a, b: Option[T]): bool
  first type mismatch at position: 2
  required type for b: Option[==.T]
  but expression &amp;apos;111&amp;apos; is of type: int literal(111)
29 other mismatching symbols have been suppressed; compile with --showAllMismatches:on to see them

expression: r.pet2 == 111
" />
    </testcase>
    <testcase time="0.00143456" name="tenum_long_range_s" />
    <testcase time="0.00000000" name="tenum_long_range_u">
      <failure message="/tests/compiled/nim/enum_long_range_u.nim(15, 16) Error: number out of range: &amp;apos;18446744073709551615&amp;apos;
" />
    </testcase>
    <testcase time="0.00143242" name="tenum_negative" />
    <testcase time="0.00148606" name="tenum_of_value_inst" />
    <testcase time="0.00142598" name="tenum_to_i" />
    <testcase time="0.00000000" name="tenum_to_i_class_border_1">
      <failure message="/tests/compiled/nim/enum_to_i_class_border_2.nim(7, 16) Error: undeclared identifier: &amp;apos;EnumToIClassBorder1&amp;apos;
candidates (edit distance, scope distance); see &amp;apos;--spellSuggest&amp;apos;: 
 (1, 0): &amp;apos;EnumToIClassBorder2&amp;apos; [type declared in /tests/compiled/nim/enum_to_i_class_border_2.nim(6, 3)]
 (1, 0): &amp;apos;enum_to_i_class_border_1&amp;apos; [module declared in /tests/compiled/nim/enum_to_i_class_border_2.nim(3, 8)]
This might be caused by a recursive module dependency:
/tests/compiled/nim/enum_to_i_class_border_1.nim imports /tests/compiled/nim/enum_to_i_class_border_2.nim
/tests/compiled/nim/enum_to_i_class_border_2.nim imports /tests/compiled/nim/enum_to_i_class_border_1.nim
" />
    </testcase>
    <testcase time="0.00000000" name="tenum_to_i_invalid">
      <failure message="/tests/spec/nim/tenum_to_i_invalid.nim(10, 15) Error: type mismatch: got &amp;lt;EnumToIInvalid_Animal, int literal(111)&amp;gt;
but expected one of:
proc `==`[Enum: enum](x, y: Enum): bool
  first type mismatch at position: 2
  required type for y: Enum: enum
  but expression &amp;apos;111&amp;apos; is of type: int literal(111)
proc `==`[T: tuple | object](x, y: T): bool
  first type mismatch at position: 2
  required type for y: T: tuple or object
  but expression &amp;apos;111&amp;apos; is of type: int literal(111)
proc `==`[T](a, b: Option[T]): bool
  first type mismatch at position: 2
  required type for b: Option[==.T]
  but expression &amp;apos;111&amp;apos; is of type: int literal(111)
29 other mismatching symbols have been suppressed; compile with --showAllMismatches:on to see them

expression: r.pet2 == 111
" />
    </testcase>
    <testcase time="0.00143671" name="texpr_0" />
    <testcase time="0.00152159" name="texpr_1" />
    <testcase time="0.00156283" name="texpr_2" />
    <testcase time="0.00147533" name="texpr_3" />
    <testcase time="0.00154114" name="texpr_array" />
    <testcase time="0.00146985" name="texpr_bits" />
    <testcase time="0.00145483" name="texpr_bytes_cmp" />
    <testcase time="0.00143790" name="texpr_bytes_non_literal" />
    <testcase time="0.00149012" name="texpr_bytes_ops" />
    <testcase time="0.00145507" name="texpr_calc_array_ops" />
    <testcase time="0.00146747" name="texpr_enum" />
    <testcase time="0.00151443" name="texpr_fstring_0" />
    <testcase time="0.00000000" name="texpr_if_int_ops">
      <failure message="/tests/spec/nim/texpr_if_int_ops.nim(7, 21) template/generic instantiation of `fromFile` from here
/tests/compiled/nim/expr_if_int_ops.nim(60, 15) template/generic instantiation of `read` from here
/tests/compiled/nim/expr_if_int_ops.nim(37, 32) Error: type mismatch: got &amp;lt;seq[byte], uint64&amp;gt;
but expected one of:
proc processXor(data, key: seq[byte]): seq[byte]
  first type mismatch at position: 2
  required type for key: seq[byte]
  but expression &amp;apos;result.key&amp;apos; is of type: uint64
proc processXor(data: seq[byte]; key: byte): seq[byte]
  first type mismatch at position: 2
  required type for key: byte
  but expression &amp;apos;result.key&amp;apos; is of type: uint64

expression: processXor(result.rawBytes, result.key)
" />
    </testcase>
    <testcase time="0.00153041" name="texpr_int_div">
      <failure message="/tests/spec/nim/texpr_int_div.nim(12) texpr_int_div
/opt/nim/lib/system/assertions.nim(38) failedAssertImpl
/opt/nim/lib/system/assertions.nim(28) raiseAssert
/opt/nim/lib/system/fatal.nim(54) sysFatal
Error: unhandled exception: /tests/spec/nim/texpr_int_div.nim(12, 8) `r.divNegConst == -757`  [AssertionDefect]
" />
    </testcase>
    <testcase time="0.00143600" name="texpr_io_eof" />
    <testcase time="0.00148559" name="texpr_io_pos" />
    <testcase time="0.00145459" name="texpr_io_ternary" />
    <testcase time="0.00142741" name="texpr_mod" />
    <testcase time="0.00148392" name="texpr_ops_parens" />
    <testcase time="0.00143027" name="texpr_sizeof_type_0" />
    <testcase time="0.00146842" name="texpr_sizeof_type_1" />
    <testcase time="0.00148225" name="texpr_sizeof_value_0" />
    <testcase time="0.00147796" name="texpr_sizeof_value_sized" />
    <testcase time="0.00166988" name="texpr_str_encodings" />
    <testcase time="0.00158024" name="texpr_str_ops" />
    <testcase time="0.00147057" name="tfixed_contents" />
    <testcase time="0.00148201" name="tfixed_struct" />
    <testcase time="0.00141406" name="tfloat_to_i" />
    <testcase time="0.00155592" name="tfloating_points">
      <failure message="/tests/spec/nim/tfloating_points.nim(13) tfloating_points
/opt/nim/lib/system/assertions.nim(38) failedAssertImpl
/opt/nim/lib/system/assertions.nim(28) raiseAssert
/opt/nim/lib/system/fatal.nim(54) sysFatal
Error: unhandled exception: /tests/spec/nim/tfloating_points.nim(13, 8) `r.approximateValue == 1.2345`  [AssertionDefect]
" />
    </testcase>
    <testcase time="0.00144792" name="thello_world" />
    <testcase time="0.00141859" name="tif_instances" />
    <testcase time="0.00152731" name="tif_struct" />
    <testcase time="0.00143743" name="tif_values" />
    <testcase time="0.00144553" name="timports0" />
    <testcase time="0.00000000" name="timports_abs">
      <failure message="/tests/spec/nim/timports_abs.nim(9, 13) Error: undeclared field: &amp;apos;value&amp;apos; for type vlq_base128_le.VlqBase128Le [type declared in /tests/compiled/nim/vlq_base128_le.nim(5, 3)]
" />
    </testcase>
    <testcase time="0.00148082" name="timports_abs_abs" />
    <testcase time="0.00146770" name="timports_abs_rel" />
    <testcase time="0.00000000" name="timports_cast_to_imported">
      <failure message="/tests/compiled/nim/cast_to_imported.nim(29, 30) Error: undeclared identifier: &amp;apos;HelloWorld&amp;apos;
candidates (edit distance, scope distance); see &amp;apos;--spellSuggest&amp;apos;: 
 (6, 4): &amp;apos;declared&amp;apos; [proc declared in /opt/nim/lib/system.nim(169, 8)]
" />
    </testcase>
    <testcase time="0.00000000" name="timports_cast_to_imported2">
      <failure message="/tests/compiled/nim/cast_to_imported2.nim(8, 15) Error: undeclared identifier: &amp;apos;HelloWorld&amp;apos;
candidates (edit distance, scope distance); see &amp;apos;--spellSuggest&amp;apos;: 
 (6, 2): &amp;apos;declared&amp;apos; [proc declared in /opt/nim/lib/system.nim(169, 8)]
" />
    </testcase>
    <testcase time="0.00000000" name="timports_circular_a">
      <failure message="/tests/compiled/nim/imports_circular_b.nim(8, 17) Error: undeclared identifier: &amp;apos;ImportsCircularA&amp;apos;
candidates (edit distance, scope distance); see &amp;apos;--spellSuggest&amp;apos;: 
 (1, 0): &amp;apos;ImportsCircularB&amp;apos; [type declared in /tests/compiled/nim/imports_circular_b.nim(6, 3)]
 (1, 0): &amp;apos;imports_circular_a&amp;apos; [module declared in /tests/compiled/nim/imports_circular_b.nim(3, 8)]
This might be caused by a recursive module dependency:
/tests/compiled/nim/imports_circular_a.nim imports /tests/compiled/nim/imports_circular_b.nim
/tests/compiled/nim/imports_circular_b.nim imports /tests/compiled/nim/imports_circular_a.nim
" />
    </testcase>
    <testcase time="0.00000000" name="timports_params_def_array_usertype_imported">
      <failure message="/tests/spec/nim/timports_params_def_array_usertype_imported.nim(12, 13) Error: undeclared field: &amp;apos;hw0One&amp;apos; for type params_def_array_usertype_imported.ParamsDefArrayUsertypeImported [type declared in /tests/compiled/nim/params_def_array_usertype_imported.nim(6, 3)]
" />
    </testcase>
    <testcase time="0.00143051" name="timports_params_def_enum_imported" />
    <testcase time="0.00000000" name="timports_params_def_usertype_imported">
      <failure message="/tests/spec/nim/timports_params_def_usertype_imported.nim(10, 13) Error: undeclared field: &amp;apos;hwOne&amp;apos; for type params_def_usertype_imported.ParamsDefUsertypeImported [type declared in /tests/compiled/nim/params_def_usertype_imported.nim(6, 3)]
" />
    </testcase>
    <testcase time="0.00147009" name="timports_rel_1" />
    <testcase time="0.00150180" name="tindex_sizes" />
    <testcase time="0.00150561" name="tindex_to_param_eos" />
    <testcase time="0.00152636" name="tindex_to_param_expr" />
    <testcase time="0.00151682" name="tindex_to_param_until" />
    <testcase time="0.00151038" name="tinstance_io_user" />
    <testcase time="0.00148034" name="tinstance_std" />
    <testcase time="0.00150895" name="tinstance_std_array" />
    <testcase time="0.00149322" name="tinstance_user_array" />
    <testcase time="0.00143981" name="tintegers" />
    <testcase time="0.00160336" name="tintegers_double_overflow" />
    <testcase time="0.00144577" name="tintegers_min_max" />
    <testcase time="0.00000000" name="tio_local_var">
      <failure message="/tests/compiled/nim/io_local_var.nim(59, 25) Error: type mismatch: got &amp;apos;seq[byte]&amp;apos; for &amp;apos;messUpInstExpr&amp;apos; but expected &amp;apos;KaitaiStruct = ref KaitaiStruct:ObjectType&amp;apos;
" />
    </testcase>
    <testcase time="0.00144291" name="tjs_signed_right_shift" />
    <testcase time="0.00146747" name="tmeta_tags" />
    <testcase time="0.00146437" name="tmeta_xref" />
    <testcase time="0.00144148" name="tmultiple_use" />
    <testcase time="0.00146914" name="tname_clash_import_vs_inst" />
    <testcase time="0.00148106" name="tnav_parent" />
    <testcase time="0.00154829" name="tnav_parent2" />
    <testcase time="0.00153518" name="tnav_parent3" />
    <testcase time="0.00146389" name="tnav_parent_false" />
    <testcase time="0.00148535" name="tnav_parent_false2" />
    <testcase time="0.00145054" name="tnav_parent_override" />
    <testcase time="0.00148463" name="tnav_parent_recursive" />
    <testcase time="0.00149465" name="tnav_parent_switch" />
    <testcase time="0.00000000" name="tnav_parent_switch_cast">
      <failure message="/tests/compiled/nim/nav_parent_switch_cast.nim(92, 64) Error: undeclared field: &amp;apos;parent&amp;apos; for type kaitai_struct_nim_runtime.KaitaiStruct [type declared in /root/.nimble/pkgs/kaitai_struct_nim_runtime-#head/kaitai_struct_nim_runtime.nim(5, 3)]
" />
    </testcase>
    <testcase time="0.00149798" name="tnav_parent_vs_value_inst" />
    <testcase time="0.00153852" name="tnav_root" />
    <testcase time="0.00152278" name="tnav_root_recursive" />
    <testcase time="0.00142789" name="tnested_same_name" />
    <testcase time="0.00145125" name="tnested_same_name2" />
    <testcase time="0.00148082" name="tnested_type_param" />
    <testcase time="0.00145245" name="tnested_types" />
    <testcase time="0.00148368" name="tnested_types2" />
    <testcase time="0.00146317" name="tnested_types3" />
    <testcase time="0.00147629" name="tnested_types_import">
      <failure message="/tests/spec/nim/tnested_types_import.nim(15) tnested_types_import
/opt/nim/lib/system/assertions.nim(38) failedAssertImpl
/opt/nim/lib/system/assertions.nim(28) raiseAssert
/opt/nim/lib/system/fatal.nim(54) sysFatal
Error: unhandled exception: /tests/spec/nim/tnested_types_import.nim(15, 8) `r.aCc.root == nil`  [AssertionDefect]
" />
    </testcase>
    <testcase time="0.00144076" name="tnon_standard" />
    <testcase time="0.00148845" name="topaque_external_type" />
    <testcase time="0.00152588" name="tparams_call" />
    <testcase time="0.00159049" name="tparams_call_extra_parens" />
    <testcase time="0.00150347" name="tparams_enum" />
    <testcase time="0.00148702" name="tparams_pass_array_int" />
    <testcase time="0.00149298" name="tparams_pass_array_str" />
    <testcase time="0.00150204" name="tparams_pass_array_struct" />
    <testcase time="0.00148201" name="tparams_pass_array_usertype" />
    <testcase time="0.00145817" name="tparams_pass_bool" />
    <testcase time="0.00150061" name="tparams_pass_struct" />
    <testcase time="0.00145268" name="tparams_pass_usertype" />
    <testcase time="0.00163507" name="tposition_abs" />
    <testcase time="0.00150108" name="tposition_in_seq" />
    <testcase time="0.00145745" name="tposition_to_end" />
    <testcase time="0.00148320" name="tprocess_coerce_bytes" />
    <testcase time="0.00000000" name="tprocess_coerce_switch">
      <failure message="/tests/spec/nim/tprocess_coerce_switch.nim(7, 28) template/generic instantiation of `fromFile` from here
/tests/compiled/nim/process_coerce_switch.nim(75, 22) template/generic instantiation of `read` from here
/tests/compiled/nim/process_coerce_switch.nim(48, 26) Error: type mismatch: got &amp;apos;seq[byte]&amp;apos; for &amp;apos;bufUnprocExpr&amp;apos; but expected &amp;apos;KaitaiStruct = ref KaitaiStruct:ObjectType&amp;apos;
" />
    </testcase>
    <testcase time="0.00145888" name="tprocess_coerce_usertype1" />
    <testcase time="0.00149179" name="tprocess_coerce_usertype2" />
    <testcase time="0.00000000" name="tprocess_custom">
      <failure message="/tests/compiled/nim/process_custom.nim(3, 8) Error: cannot open file: my_custom_fx
" />
    </testcase>
    <testcase time="0.00000000" name="tprocess_custom_no_args">
      <failure message="/tests/compiled/nim/process_custom_no_args.nim(3, 8) Error: cannot open file: custom_fx_no_args
" />
    </testcase>
    <testcase time="0.00143576" name="tprocess_repeat_bytes" />
    <testcase time="0.00000000" name="tprocess_repeat_usertype">
      <failure message="/tests/spec/nim/tprocess_repeat_usertype.nim(7, 30) template/generic instantiation of `fromFile` from here
/tests/compiled/nim/process_repeat_usertype.nim(37, 24) template/generic instantiation of `read` from here
/tests/compiled/nim/process_repeat_usertype.nim(30, 9) Error: redefinition of &amp;apos;buf&amp;apos;; previous declaration here: /tests/compiled/nim/process_repeat_usertype.nim(28, 9)
" />
    </testcase>
    <testcase time="0.00140882" name="tprocess_rotate" />
    <testcase time="0.00149417" name="tprocess_to_user" />
    <testcase time="0.00150919" name="tprocess_xor4_const" />
    <testcase time="0.00146151" name="tprocess_xor4_value" />
    <testcase time="0.00151825" name="tprocess_xor_const" />
    <testcase time="0.00148058" name="tprocess_xor_value" />
    <testcase time="0.00147009" name="trecursive_one" />
    <testcase time="0.00140142" name="trepeat_eos_bits_b1" />
    <testcase time="0.00160861" name="trepeat_eos_bits_b4" />
    <testcase time="0.00141811" name="trepeat_eos_struct" />
    <testcase time="0.00143480" name="trepeat_eos_u4" />
    <testcase time="0.00147223" name="trepeat_n_struct" />
    <testcase time="0.00149035" name="trepeat_n_strz" />
    <testcase time="0.00154209" name="trepeat_n_strz_double" />
    <testcase time="0.00152969" name="trepeat_until_calc_array_type" />
    <testcase time="0.00148201" name="trepeat_until_complex" />
    <testcase time="0.00148344" name="trepeat_until_s4" />
    <testcase time="0.00148106" name="trepeat_until_sized" />
    <testcase time="0.00162196" name="tstr_encodings" />
    <testcase time="0.00168657" name="tstr_encodings_default" />
    <testcase time="0.00169134" name="tstr_encodings_utf16" />
    <testcase time="0.00143957" name="tstr_eos" />
    <testcase time="0.00148010" name="tstr_literals">
      <failure message="/tests/spec/nim/tstr_literals.nim(9) tstr_literals
/opt/nim/lib/system/assertions.nim(38) failedAssertImpl
/opt/nim/lib/system/assertions.nim(28) raiseAssert
/opt/nim/lib/system/fatal.nim(54) sysFatal
Error: unhandled exception: /tests/spec/nim/tstr_literals.nim(9, 8) `strToArr(r.complexStr) ==
    @[0&amp;apos;i32, 1, 2, 7, 8, 10, 13, 9, 11, 12, 27, 61, 7, 10, 36, 9787]`  [AssertionDefect]
" />
    </testcase>
    <testcase time="0.00147700" name="tstr_literals2" />
    <testcase time="0.00156593" name="tstr_literals_latin1">
      <failure message="/tests/spec/nim/tstr_literals_latin1.nim(9) tstr_literals_latin1
/opt/nim/lib/system/assertions.nim(38) failedAssertImpl
/opt/nim/lib/system/assertions.nim(28) raiseAssert
/opt/nim/lib/system/fatal.nim(54) sysFatal
Error: unhandled exception: /tests/spec/nim/tstr_literals_latin1.nim(9, 8) `r.parsedEqLiteral == true`  [AssertionDefect]
" />
    </testcase>
    <testcase time="0.00152302" name="tstr_pad_term" />
    <testcase time="0.00156426" name="tstr_pad_term_empty" />
    <testcase time="0.00159907" name="tstr_pad_term_utf16" />
    <testcase time="0.00154400" name="tswitch_bytearray" />
    <testcase time="0.00150228" name="tswitch_else_only" />
    <testcase time="0.00149870" name="tswitch_integers" />
    <testcase time="0.00145912" name="tswitch_integers2" />
    <testcase time="0.00158548" name="tswitch_manual_enum" />
    <testcase time="0.00000000" name="tswitch_manual_enum_invalid">
      <failure message="/tests/spec/nim/tswitch_manual_enum_invalid.nim(9, 26) Error: type mismatch: got &amp;lt;SwitchManualEnumInvalid_Opcode_CodeEnum, int literal(255)&amp;gt;
but expected one of:
proc `==`[Enum: enum](x, y: Enum): bool
  first type mismatch at position: 2
  required type for y: Enum: enum
  but expression &amp;apos;255&amp;apos; is of type: int literal(255)
proc `==`[T: tuple | object](x, y: T): bool
  first type mismatch at position: 2
  required type for y: T: tuple or object
  but expression &amp;apos;255&amp;apos; is of type: int literal(255)
proc `==`[T](a, b: Option[T]): bool
  first type mismatch at position: 2
  required type for b: Option[==.T]
  but expression &amp;apos;255&amp;apos; is of type: int literal(255)
29 other mismatching symbols have been suppressed; compile with --showAllMismatches:on to see them

expression: r.opcodes[0].code == 255
" />
    </testcase>
    <testcase time="0.00000000" name="tswitch_manual_enum_invalid_else">
      <failure message="/tests/spec/nim/tswitch_manual_enum_invalid_else.nim(9, 26) Error: type mismatch: got &amp;lt;SwitchManualEnumInvalidElse_Opcode_CodeEnum, int literal(255)&amp;gt;
but expected one of:
proc `==`[Enum: enum](x, y: Enum): bool
  first type mismatch at position: 2
  required type for y: Enum: enum
  but expression &amp;apos;255&amp;apos; is of type: int literal(255)
proc `==`[T: tuple | object](x, y: T): bool
  first type mismatch at position: 2
  required type for y: T: tuple or object
  but expression &amp;apos;255&amp;apos; is of type: int literal(255)
proc `==`[T](a, b: Option[T]): bool
  first type mismatch at position: 2
  required type for b: Option[==.T]
  but expression &amp;apos;255&amp;apos; is of type: int literal(255)
29 other mismatching symbols have been suppressed; compile with --showAllMismatches:on to see them

expression: r.opcodes[0].code == 255
" />
    </testcase>
    <testcase time="0.00150371" name="tswitch_manual_int" />
    <testcase time="0.00150347" name="tswitch_manual_int_else" />
    <testcase time="0.00000000" name="tswitch_manual_int_size">
      <failure message="/tests/spec/nim/tswitch_manual_int_size.nim(7, 28) template/generic instantiation of `fromFile` from here
/tests/compiled/nim/switch_manual_int_size.nim(44, 22) template/generic instantiation of `read` from here
/tests/compiled/nim/switch_manual_int_size.nim(39, 41) template/generic instantiation of `read` from here
/tests/compiled/nim/switch_manual_int_size.nim(74, 19) Error: type mismatch: got &amp;apos;seq[byte]&amp;apos; for &amp;apos;bodyExpr&amp;apos; but expected &amp;apos;KaitaiStruct = ref KaitaiStruct:ObjectType&amp;apos;
" />
    </testcase>
    <testcase time="0.00157905" name="tswitch_manual_int_size_else" />
    <testcase time="0.00000000" name="tswitch_manual_int_size_eos">
      <failure message="/tests/spec/nim/tswitch_manual_int_size_eos.nim(7, 31) template/generic instantiation of `fromFile` from here
/tests/compiled/nim/switch_manual_int_size_eos.nim(49, 25) template/generic instantiation of `read` from here
/tests/compiled/nim/switch_manual_int_size_eos.nim(44, 44) template/generic instantiation of `read` from here
/tests/compiled/nim/switch_manual_int_size_eos.nim(66, 50) template/generic instantiation of `read` from here
/tests/compiled/nim/switch_manual_int_size_eos.nim(96, 19) Error: type mismatch: got &amp;apos;seq[byte]&amp;apos; for &amp;apos;bodyExpr&amp;apos; but expected &amp;apos;KaitaiStruct = ref KaitaiStruct:ObjectType&amp;apos;
" />
    </testcase>
    <testcase time="0.00154066" name="tswitch_manual_str" />
    <testcase time="0.00152993" name="tswitch_manual_str_else" />
    <testcase time="0.00148296" name="tswitch_multi_bool_ops" />
    <testcase time="0.00000000" name="tswitch_repeat_expr">
      <failure message="/tests/spec/nim/tswitch_repeat_expr.nim(7, 25) template/generic instantiation of `fromFile` from here
/tests/compiled/nim/switch_repeat_expr.nim(59, 19) template/generic instantiation of `read` from here
/tests/compiled/nim/switch_repeat_expr.nim(56, 18) Error: type mismatch: got &amp;lt;seq[KaitaiStruct], seq[byte]&amp;gt;
but expected one of:
proc add[T](x: var seq[T]; y: openArray[T])
  first type mismatch at position: 2
  required type for y: openArray[T]
  but expression &amp;apos;it&amp;apos; is of type: seq[byte]
proc add[T](x: var seq[T]; y: sink T)
  first type mismatch at position: 2
  required type for y: sink T
  but expression &amp;apos;it&amp;apos; is of type: seq[byte]
3 other mismatching symbols have been suppressed; compile with --showAllMismatches:on to see them

expression: add(result.body, it)
" />
    </testcase>
    <testcase time="0.00000000" name="tswitch_repeat_expr_invalid">
      <failure message="/tests/spec/nim/tswitch_repeat_expr_invalid.nim(7, 32) template/generic instantiation of `fromFile` from here
/tests/compiled/nim/switch_repeat_expr_invalid.nim(53, 26) template/generic instantiation of `read` from here
/tests/compiled/nim/switch_repeat_expr_invalid.nim(50, 18) Error: type mismatch: got &amp;lt;seq[KaitaiStruct], seq[byte]&amp;gt;
but expected one of:
proc add[T](x: var seq[T]; y: openArray[T])
  first type mismatch at position: 2
  required type for y: openArray[T]
  but expression &amp;apos;it&amp;apos; is of type: seq[byte]
proc add[T](x: var seq[T]; y: sink T)
  first type mismatch at position: 2
  required type for y: sink T
  but expression &amp;apos;it&amp;apos; is of type: seq[byte]
3 other mismatching symbols have been suppressed; compile with --showAllMismatches:on to see them

expression: add(result.body, it)
" />
    </testcase>
    <testcase time="0.00145483" name="tterm_bytes" />
    <testcase time="0.00151181" name="tterm_strz" />
    <testcase time="0.00158715" name="tterm_strz_utf16_v1" />
    <testcase time="0.00155997" name="tterm_strz_utf16_v2" />
    <testcase time="0.00158620" name="tterm_strz_utf16_v3" />
    <testcase time="0.00172281" name="tterm_strz_utf16_v4" />
    <testcase time="0.00146317" name="tterm_u1_val" />
    <testcase time="0.00143623" name="tts_packet_header" />
    <testcase time="0.00148988" name="ttype_int_unary_op" />
    <testcase time="0.00151062" name="ttype_ternary" />
    <testcase time="0.00143385" name="ttype_ternary_2nd_falsy" />
    <testcase time="0.00153494" name="ttype_ternary_opaque" />
    <testcase time="0.00148654" name="tuser_type" />
    <testcase time="0.00163269" name="tvalid_eq_str_encodings" />
    <testcase time="0.00152802" name="tvalid_long" />
    <testcase time="0.00145602" name="tvalid_not_parsed_if" />
    <testcase time="0.00000000" name="tvalid_optional_id">
      <failure message="/tests/spec/nim/tvalid_optional_id.nim(4, 26) Error: cannot open file: ../../compiled/nim/valid_optional_id
" />
    </testcase>
    <testcase time="0.00151777" name="tvalid_short" />
    <testcase time="0.00148034" name="tvalid_switch" />
    <testcase time="0.00000000" name="tyaml_ints">
      <failure message="/tests/compiled/nim/yaml_ints.nim(51, 30) Error: 18446744073709551615 can&amp;apos;t be converted to int
" />
    </testcase>
    <testcase time="0.00000000" name="tzlib_surrounded">
      <failure message="/tests/spec/nim/tzlib_surrounded.nim(7, 23) template/generic instantiation of `fromFile` from here
/tests/compiled/nim/zlib_surrounded.nim(41, 17) template/generic instantiation of `read` from here
/tests/compiled/nim/zlib_surrounded.nim(32, 36) Error: attempting to call undeclared routine: &amp;apos;processZlib&amp;apos;
" />
    </testcase>
    <testcase time="0.00000000" name="tzlib_with_header_78">
      <failure message="/tests/spec/nim/tzlib_with_header_78.nim(7, 25) template/generic instantiation of `fromFile` from here
/tests/compiled/nim/zlib_with_header_78.nim(27, 19) template/generic instantiation of `read` from here
/tests/compiled/nim/zlib_with_header_78.nim(23, 30) Error: attempting to call undeclared routine: &amp;apos;processZlib&amp;apos;
" />
    </testcase>
  </testsuite>
</testsuites>