<testsuites>
  <testsuite tests="175" failures="0" errors="23" name="tests">
    <testcase time="0.001770257949829102" name="tbcd_user_type_be" />
    <testcase time="0.001769542694091797" name="tbcd_user_type_le" />
    <testcase time="0.001669168472290039" name="tbits_byte_aligned" />
    <testcase time="0.001721382141113281" name="tbits_enum" />
    <testcase time="0.001666069030761719" name="tbits_seq_endian_combo" />
    <testcase time="0.001631021499633789" name="tbits_simple" />
    <testcase time="0.001772403717041016" name="tbits_simple_le" />
    <testcase time="0.001690149307250977" name="tbuffered_struct" />
    <testcase time="0.001661062240600586" name="tbytes_pad_term" />
    <testcase time="0.001694440841674805" name="tcast_nested" />
    <testcase time="0.001706600189208984" name="tcast_to_imported" />
    <testcase time="0.00166630744934082" name="tcast_to_top" />
    <testcase time="0.001801729202270508" name="tcombine_bool" />
    <testcase time="0.001776933670043945" name="tcombine_bytes" />
    <testcase time="0.001787185668945312" name="tcombine_str" />
    <testcase time="0.001615285873413086" name="tdebug_switch_user" />
    <testcase time="0.001747846603393555" name="tdefault_big_endian" />
    <testcase time="0.001763582229614258" name="tdefault_bit_endian_mod" />
    <testcase time="0.001661539077758789" name="tdefault_endian_expr_inherited" />
    <testcase time="0.001791715621948242" name="tdefault_endian_expr_is_be" />
    <testcase time="0.001735925674438477" name="tdefault_endian_expr_is_le" />
    <testcase time="0.001737833023071289" name="tdefault_endian_mod" />
    <testcase time="0.001686334609985352" name="tdocstrings" />
    <testcase time="0.001664638519287109" name="tdocstrings_docref" />
    <testcase time="0.001728534698486328" name="tdocstrings_docref_multi" />
    <testcase time="0.001704931259155273" name="tenum_0" />
    <testcase time="0.00178837776184082" name="tenum_1" />
    <testcase time="0.001713275909423828" name="tenum_deep" />
    <testcase time="0.001840353012084961" name="tenum_deep_literals" />
    <testcase time="0.001684427261352539" name="tenum_fancy" />
    <testcase time="0.001722335815429688" name="tenum_if" />
    <testcase time="0.00179600715637207" name="tenum_import" />
    <testcase time="0.008255243301391602" name="tenum_int_range_s" />
    <testcase time="0.001650333404541016" name="tenum_int_range_u" />
    <testcase time="0.00180363655090332" name="tenum_invalid" />
    <testcase time="0.00000000" name="tenum_long_range_s">
      <failure message="fatal.nim(49)            sysFatal
Error: unhandled exception: over- or underflow [OverflowError]
" />
    </testcase>
    <testcase time="0.00000000" name="tenum_long_range_u">
      <failure message="fatal.nim(49)            sysFatal
Error: unhandled exception: over- or underflow [OverflowError]
" />
    </testcase>
    <testcase time="0.001676082611083984" name="tenum_negative" />
    <testcase time="0.001704216003417969" name="tenum_of_value_inst" />
    <testcase time="0.001659393310546875" name="tenum_to_i" />
    <testcase time="0.00000000" name="tenum_to_i_class_border_1">
      <failure message="/home/travis/build/kaitai-io/ci_targets/compiled/nim/enum_to_i_class_border_1.nim(12, 26) Error: undeclared identifier: 'EnumToIClassBorder2'
This might be caused by a recursive module dependency:
/home/travis/build/kaitai-io/ci_targets/compiled/nim/enum_to_i_class_border_2.nim imports /home/travis/build/kaitai-io/ci_targets/compiled/nim/enum_to_i_class_border_1.nim
/home/travis/build/kaitai-io/ci_targets/compiled/nim/enum_to_i_class_border_1.nim imports /home/travis/build/kaitai-io/ci_targets/compiled/nim/enum_to_i_class_border_2.nim
" />
    </testcase>
    <testcase time="0.001724481582641602" name="texpr_0" />
    <testcase time="0.001714229583740234" name="texpr_1" />
    <testcase time="0.001843452453613281" name="texpr_2" />
    <testcase time="0.001850366592407227" name="texpr_3" />
    <testcase time="0.001855850219726562" name="texpr_array" />
    <testcase time="0.001813173294067383" name="texpr_bits" />
    <testcase time="0.001913547515869141" name="texpr_bytes_cmp" />
    <testcase time="0.00000000" name="texpr_bytes_literal">
      <failure message="/home/travis/build/kaitai-io/ci_targets/tests/spec/nim/tests/texpr_bytes_literal.nim(4, 29) Error: cannot open file: ../../../compiled/nim/expr_bytes_literal
" />
    </testcase>
    <testcase time="0.001738071441650391" name="texpr_bytes_ops" />
    <testcase time="0.001836061477661133" name="texpr_calc_array_ops" />
    <testcase time="0.001826763153076172" name="texpr_enum" />
    <testcase time="0.00177001953125" name="texpr_io_eof" />
    <testcase time="0.00186920166015625" name="texpr_io_pos" />
    <testcase time="0.001726150512695312" name="texpr_mod" />
    <testcase time="0.001825332641601562" name="texpr_ops_parens" />
    <testcase time="0.001777410507202148" name="texpr_sizeof_type_0" />
    <testcase time="0.001713991165161133" name="texpr_sizeof_type_1" />
    <testcase time="0.001764297485351562" name="texpr_sizeof_value_0" />
    <testcase time="0.001847743988037109" name="texpr_sizeof_value_sized" />
    <testcase time="0.001896858215332031" name="texpr_str_ops" />
    <testcase time="0.001960515975952148" name="tfixed_contents" />
    <testcase time="0.001899480819702148" name="tfixed_struct" />
    <testcase time="0.001792430877685547" name="tfloat_to_i" />
    <testcase time="0.001815557479858398" name="tfloating_points" />
    <testcase time="0.001693010330200195" name="thello_world" />
    <testcase time="0.001784801483154297" name="tif_instances" />
    <testcase time="0.001929283142089844" name="tif_struct" />
    <testcase time="0.001757621765136719" name="tif_values" />
    <testcase time="0.001891851425170898" name="timports0" />
    <testcase time="0.00000000" name="timports_abs">
      <failure message="/home/travis/build/kaitai-io/ci_targets/compiled/nim/imports_abs.nim(3, 15) Error: cannot open file: /common/vlq_base128_le
" />
    </testcase>
    <testcase time="0.00000000" name="timports_circular_a">
      <failure message="/home/travis/build/kaitai-io/ci_targets/compiled/nim/imports_circular_a.nim(9, 11) Error: undeclared identifier: 'ImportsCircularB'
This might be caused by a recursive module dependency:
/home/travis/build/kaitai-io/ci_targets/compiled/nim/imports_circular_b.nim imports /home/travis/build/kaitai-io/ci_targets/compiled/nim/imports_circular_a.nim
/home/travis/build/kaitai-io/ci_targets/compiled/nim/imports_circular_a.nim imports /home/travis/build/kaitai-io/ci_targets/compiled/nim/imports_circular_b.nim
" />
    </testcase>
    <testcase time="0.00000000" name="timports_rel_1">
      <failure message="/home/travis/build/kaitai-io/ci_targets/compiled/nim/imports_rel_1.nim(3, 23) Error: cannot open file: for_rel_imports/imported_1
" />
    </testcase>
    <testcase time="0.00193333625793457" name="tindex_sizes" />
    <testcase time="0.001875162124633789" name="tindex_to_param_eos" />
    <testcase time="0.0018463134765625" name="tindex_to_param_expr" />
    <testcase time="0.001879692077636719" name="tindex_to_param_until" />
    <testcase time="0.001966714859008789" name="tinstance_io_user" />
    <testcase time="0.001888513565063477" name="tinstance_std" />
    <testcase time="0.001754045486450195" name="tinstance_std_array" />
    <testcase time="0.001804590225219727" name="tinstance_user_array" />
    <testcase time="0.001767635345458984" name="tintegers" />
    <testcase time="0.001818180084228516" name="tintegers_min_max" />
    <testcase time="0.00000000" name="tio_local_var">
      <failure message="/home/travis/build/kaitai-io/ci_targets/compiled/nim/io_local_var.nim(49, 25) Error: type mismatch: got &lt;IoLocalVar_Dummy&gt; but expected 'Option[kaitai_struct_nim_runtime.KaitaiStruct]'
" />
    </testcase>
    <testcase time="0.001779556274414062" name="tjs_signed_right_shift" />
    <testcase time="0.001785993576049805" name="tmeta_tags" />
    <testcase time="0.001723766326904297" name="tmeta_xref" />
    <testcase time="0.001927852630615234" name="tmultiple_use" />
    <testcase time="0.002058982849121094" name="tnav_parent" />
    <testcase time="0.002007007598876953" name="tnav_parent2" />
    <testcase time="0.001985788345336914" name="tnav_parent3" />
    <testcase time="0.001979351043701172" name="tnav_parent_false" />
    <testcase time="0.001834392547607422" name="tnav_parent_false2" />
    <testcase time="0.001887798309326172" name="tnav_parent_override" />
    <testcase time="0.001945257186889648" name="tnav_parent_switch" />
    <testcase time="0.00000000" name="tnav_parent_switch_cast">
      <failure message="/home/travis/build/kaitai-io/ci_targets/compiled/nim/nav_parent_switch_cast.nim(119, 64) Error: undeclared field: 'parent' for type kaitai_struct_nim_runtime.KaitaiStruct [declared in /home/travis/.nimble/pkgs/kaitai_struct_nim_runtime-0.1.0/kaitai_struct_nim_runtime.nim(5, 3)] 
" />
    </testcase>
    <testcase time="0.001944065093994141" name="tnav_parent_vs_value_inst" />
    <testcase time="0.001945734024047852" name="tnav_root" />
    <testcase time="0.001868247985839844" name="tnested_same_name" />
    <testcase time="0.001784324645996094" name="tnested_same_name2" />
    <testcase time="0.00184321403503418" name="tnested_type_param" />
    <testcase time="0.001768112182617188" name="tnested_types" />
    <testcase time="0.001803874969482422" name="tnested_types2" />
    <testcase time="0.001816034317016602" name="tnested_types3" />
    <testcase time="0.001695871353149414" name="tnon_standard" />
    <testcase time="0.001833915710449219" name="tparams_call_extra_parens" />
    <testcase time="0.001825809478759766" name="tparams_call_short" />
    <testcase time="0.001715898513793945" name="tparams_enum" />
    <testcase time="0.00000000" name="tparams_pass_array_int">
      <failure message="/home/travis/build/kaitai-io/ci_targets/tests/spec/nim/tests/tparams_pass_array_int.nim(7, 27) template/generic instantiation of `fromFile` from here
/home/travis/build/kaitai-io/ci_targets/compiled/nim/params_pass_array_int.nim(45, 21) template/generic instantiation of `read` from here
/home/travis/build/kaitai-io/ci_targets/compiled/nim/params_pass_array_int.nim(33, 54) template/generic instantiation of `read` from here
/home/travis/build/kaitai-io/ci_targets/compiled/nim/params_pass_array_int.nim(54, 29) Error: type mismatch: got &lt;seq[int]&gt; but expected 'seq[uint16]'
" />
    </testcase>
    <testcase time="0.001811027526855469" name="tparams_pass_array_str" />
    <testcase time="0.001769781112670898" name="tparams_pass_array_struct" />
    <testcase time="0.001762866973876953" name="tparams_pass_array_usertype" />
    <testcase time="0.001827239990234375" name="tparams_pass_struct" />
    <testcase time="0.001853466033935547" name="tparams_pass_usertype" />
    <testcase time="0.001846790313720703" name="tposition_abs" />
    <testcase time="0.001843690872192383" name="tposition_in_seq" />
    <testcase time="0.00171351432800293" name="tposition_to_end" />
    <testcase time="0.001942157745361328" name="tprocess_coerce_bytes" />
    <testcase time="0.00000000" name="tprocess_coerce_switch">
      <failure message="/home/travis/build/kaitai-io/ci_targets/tests/spec/nim/tests/tprocess_coerce_switch.nim(7, 28) template/generic instantiation of `fromFile` from here
/home/travis/build/kaitai-io/ci_targets/compiled/nim/process_coerce_switch.nim(74, 22) template/generic instantiation of `read` from here
/home/travis/build/kaitai-io/ci_targets/compiled/nim/process_coerce_switch.nim(47, 26) Error: type mismatch: got &lt;seq[byte]&gt; but expected 'KaitaiStruct = ref KaitaiStruct:ObjectType'
" />
    </testcase>
    <testcase time="0.001750707626342773" name="tprocess_coerce_usertype1" />
    <testcase time="0.001758098602294922" name="tprocess_coerce_usertype2" />
    <testcase time="0.00000000" name="tprocess_custom">
      <failure message="/home/travis/build/kaitai-io/ci_targets/compiled/nim/process_custom.nim(3, 8) Error: cannot open file: my_custom_fx
" />
    </testcase>
    <testcase time="0.00000000" name="tprocess_custom_no_args">
      <failure message="/home/travis/build/kaitai-io/ci_targets/compiled/nim/process_custom_no_args.nim(3, 8) Error: cannot open file: custom_fx_no_args
" />
    </testcase>
    <testcase time="0.001819610595703125" name="tprocess_repeat_bytes" />
    <testcase time="0.00000000" name="tprocess_repeat_usertype">
      <failure message="/home/travis/build/kaitai-io/ci_targets/tests/spec/nim/tests/tprocess_repeat_usertype.nim(7, 30) template/generic instantiation of `fromFile` from here
/home/travis/build/kaitai-io/ci_targets/compiled/nim/process_repeat_usertype.nim(37, 24) template/generic instantiation of `read` from here
/home/travis/build/kaitai-io/ci_targets/compiled/nim/process_repeat_usertype.nim(30, 9) Error: redefinition of 'buf'; previous declaration here: /home/travis/build/kaitai-io/ci_targets/compiled/nim/process_repeat_usertype.nim(28, 9)
" />
    </testcase>
    <testcase time="0.001781702041625977" name="tprocess_rotate" />
    <testcase time="0.002073764801025391" name="tprocess_to_user" />
    <testcase time="0.00181269645690918" name="tprocess_xor4_const" />
    <testcase time="0.001776695251464844" name="tprocess_xor4_value" />
    <testcase time="0.001814126968383789" name="tprocess_xor_const" />
    <testcase time="0.001775503158569336" name="tprocess_xor_value" />
    <testcase time="0.001697301864624023" name="trecursive_one" />
    <testcase time="0.001745223999023438" name="trepeat_eos_bit" />
    <testcase time="0.001732349395751953" name="trepeat_eos_struct" />
    <testcase time="0.001791477203369141" name="trepeat_eos_u4" />
    <testcase time="0.001740932464599609" name="trepeat_n_struct" />
    <testcase time="0.001813888549804688" name="trepeat_n_strz" />
    <testcase time="0.00192570686340332" name="trepeat_n_strz_double" />
    <testcase time="0.001843929290771484" name="trepeat_until_calc_array_type" />
    <testcase time="0.001828908920288086" name="trepeat_until_complex" />
    <testcase time="0.0018310546875" name="trepeat_until_s4" />
    <testcase time="0.001777887344360352" name="trepeat_until_sized" />
    <testcase time="0.005527496337890625" name="tstr_encodings" />
    <testcase time="0.002110958099365234" name="tstr_encodings_default" />
    <testcase time="0.001916885375976562" name="tstr_eos" />
    <testcase time="0.001792669296264648" name="tstr_literals2" />
    <testcase time="0.002020120620727539" name="tstr_pad_term" />
    <testcase time="0.001806974411010742" name="tstr_pad_term_empty" />
    <testcase time="0.002002239227294922" name="tswitch_bytearray" />
    <testcase time="0.00000000" name="tswitch_else_only">
      <failure message="/home/travis/build/kaitai-io/ci_targets/tests/spec/nim/tests/tswitch_else_only.nim(9, 6) template/generic instantiation of `test` from here
/home/travis/build/kaitai-io/ci_targets/tests/spec/nim/tests/tswitch_else_only.nim(14, 10) Error: undeclared field: 'structSized' for type switch_else_only.SwitchElseOnly [declared in /home/travis/build/kaitai-io/ci_targets/compiled/nim/switch_else_only.nim(5, 3)] 
" />
    </testcase>
    <testcase time="0.001787424087524414" name="tswitch_integers" />
    <testcase time="0.001743555068969727" name="tswitch_integers2" />
    <testcase time="0.001833915710449219" name="tswitch_manual_enum" />
    <testcase time="0.00000000" name="tswitch_manual_enum_invalid">
      <failure message="/opt/Nim-1.2.0/lib/pure/unittest.nim(647, 43) Error: conversion from int literal(255) to SwitchManualEnumInvalid_Opcode_CodeEnum is invalid
" />
    </testcase>
    <testcase time="0.00000000" name="tswitch_manual_enum_invalid_else">
      <failure message="/opt/Nim-1.2.0/lib/pure/unittest.nim(647, 43) Error: conversion from int literal(255) to SwitchManualEnumInvalidElse_Opcode_CodeEnum is invalid
" />
    </testcase>
    <testcase time="0.001852273941040039" name="tswitch_manual_int" />
    <testcase time="0.001820802688598633" name="tswitch_manual_int_else" />
    <testcase time="0.00000000" name="tswitch_manual_int_size">
      <failure message="/home/travis/build/kaitai-io/ci_targets/tests/spec/nim/tests/tswitch_manual_int_size.nim(7, 28) template/generic instantiation of `fromFile` from here
/home/travis/build/kaitai-io/ci_targets/compiled/nim/switch_manual_int_size.nim(44, 22) template/generic instantiation of `read` from here
/home/travis/build/kaitai-io/ci_targets/compiled/nim/switch_manual_int_size.nim(39, 41) template/generic instantiation of `read` from here
/home/travis/build/kaitai-io/ci_targets/compiled/nim/switch_manual_int_size.nim(74, 19) Error: type mismatch: got &lt;seq[byte]&gt; but expected 'KaitaiStruct = ref KaitaiStruct:ObjectType'
" />
    </testcase>
    <testcase time="0.00000000" name="tswitch_manual_int_size_else">
      <failure message="/home/travis/build/kaitai-io/ci_targets/tests/spec/nim/tests/tswitch_manual_int_size_else.nim(9, 6) template/generic instantiation of `test` from here
/home/travis/build/kaitai-io/ci_targets/tests/spec/nim/tests/tswitch_manual_int_size_else.nim(20, 8) template/generic instantiation of `check` from here
/opt/Nim-1.2.0/lib/pure/unittest.nim(647, 43) Error: cannot infer the type of the sequence
" />
    </testcase>
    <testcase time="0.001809120178222656" name="tswitch_manual_str" />
    <testcase time="0.001840591430664062" name="tswitch_manual_str_else" />
    <testcase time="0.00177764892578125" name="tterm_bytes" />
    <testcase time="0.001867055892944336" name="tterm_strz" />
    <testcase time="0.001842975616455078" name="tts_packet_header" />
    <testcase time="0.001795530319213867" name="ttype_int_unary_op" />
    <testcase time="0.001786231994628906" name="ttype_ternary" />
    <testcase time="0.00000000" name="ttype_ternary_2nd_falsy">
      <failure message="/home/travis/build/kaitai-io/ci_targets/tests/spec/nim/tests/ttype_ternary_2nd_falsy.nim(9, 6) template/generic instantiation of `test` from here
/home/travis/build/kaitai-io/ci_targets/tests/spec/nim/tests/ttype_ternary_2nd_falsy.nim(20, 8) template/generic instantiation of `check` from here
/opt/Nim-1.2.0/lib/pure/unittest.nim(670, 14) Error: type mismatch: got &lt;Option[type_ternary_2nd_falsy.TypeTernary2ndFalsy_Foo], typeof(nil)&gt;
but expected one of: 
proc `==`(a, b: Option): bool
  first type mismatch at position: 2
  required type for b: Option
  but expression 'nil' is of type: typeof(nil)
proc `==`[T: tuple | object](x, y: T): bool
  first type mismatch at position: 2
  required type for y: T: tuple or object
  but expression 'nil' is of type: typeof(nil)
29 other mismatching symbols have been suppressed; compile with --showAllMismatches:on to see them

expression: :c1 == nil
" />
    </testcase>
    <testcase time="0.001723289489746094" name="tuser_type" />
    <testcase time="0.001863479614257812" name="tvalid_long" />
    <testcase time="0.001822471618652344" name="tvalid_not_parsed_if" />
    <testcase time="0.001843452453613281" name="tvalid_short" />
    <testcase time="0.001776933670043945" name="tvalid_switch" />
    <testcase time="0.00000000" name="tyaml_ints">
      <failure message="/home/travis/build/kaitai-io/ci_targets/compiled/nim/yaml_ints.nim(47, 30) Error: 18446744073709551615 can't be converted to int
" />
    </testcase>
    <testcase time="0.00000000" name="tzlib_surrounded">
      <failure message="/home/travis/build/kaitai-io/ci_targets/tests/spec/nim/tests/tzlib_surrounded.nim(7, 23) template/generic instantiation of `fromFile` from here
/home/travis/build/kaitai-io/ci_targets/compiled/nim/zlib_surrounded.nim(41, 17) template/generic instantiation of `read` from here
/home/travis/build/kaitai-io/ci_targets/compiled/nim/zlib_surrounded.nim(32, 36) Error: attempting to call undeclared routine: 'processZlib'
" />
    </testcase>
    <testcase time="0.00000000" name="tzlib_with_header_78">
      <failure message="/home/travis/build/kaitai-io/ci_targets/tests/spec/nim/tests/tzlib_with_header_78.nim(7, 25) template/generic instantiation of `fromFile` from here
/home/travis/build/kaitai-io/ci_targets/compiled/nim/zlib_with_header_78.nim(27, 19) template/generic instantiation of `read` from here
/home/travis/build/kaitai-io/ci_targets/compiled/nim/zlib_with_header_78.nim(23, 30) Error: attempting to call undeclared routine: 'processZlib'
" />
    </testcase>
  </testsuite>
</testsuites>