<testsuites><testsuite tests="164" failures="1" errors="64" name="tests">
    <testcase time="0.00000000" name="tbcd_user_type_be"><failure message="compile error" /></testcase>
    <testcase time="0.00000000" name="tbcd_user_type_le"><failure message="compile error" /></testcase>
    <testcase time="0.001839876174926758" name="tbits_byte_aligned" />
    <testcase time="0.001615524291992188" name="tbits_enum" />
    <testcase time="0.00000000" name="tbits_simple"><failure message="compile error" /></testcase>
    <testcase time="0.00164794921875" name="tbuffered_struct" />
    <testcase time="0.002290487289428711" name="tbytes_pad_term" />
    <testcase time="0.001724720001220703" name="tcast_nested" />
    <testcase time="0.001616716384887695" name="tcast_to_imported" />
    <testcase time="0.001738071441650391" name="tcast_to_top" />
    <testcase time="0.001523971557617188" name="tcombine_bool" />
    <testcase time="0.001587390899658203" name="tcombine_bytes" />
    <testcase time="0.001634120941162109" name="tcombine_str" />
    <testcase time="0.00000000" name="tdebug_switch_user"><failure message="compile error" /></testcase>
    <testcase time="0.002710103988647461" name="tdefault_big_endian" />
    <testcase time="0.001903772354125977" name="tdefault_endian_expr_inherited" />
    <testcase time="0.001610279083251953" name="tdefault_endian_expr_is_be" />
    <testcase time="0.001664400100708008" name="tdefault_endian_expr_is_le" />
    <testcase time="0.001689434051513672" name="tdefault_endian_mod" />
    <testcase time="0.00000000" name="tdocstrings"><failure message="compile error" /></testcase>
    <testcase time="0.00161433219909668" name="tdocstrings_docref" />
    <testcase time="0.001620054244995117" name="tdocstrings_docref_multi" />
    <testcase time="0.00182032585144043" name="tenum_0" />
    <testcase time="0.00185394287109375" name="tenum_1" />
    <testcase time="0.001850605010986328" name="tenum_deep" />
    <testcase time="0.001817464828491211" name="tenum_deep_literals" />
    <testcase time="0.001669883728027344" name="tenum_fancy" />
    <testcase time="0.001953363418579102" name="tenum_if" />
    <testcase time="0.00000000" name="tenum_import"><failure message="compile error" /></testcase>
    <testcase time="0.001872539520263672" name="tenum_int_range_s" />
    <testcase time="0.001496076583862305" name="tenum_int_range_u" />
    <testcase time="0.001607656478881836" name="tenum_invalid" />
    <testcase time="0.001641988754272461" name="tenum_long_range_s" />
    <testcase time="0.001586198806762695" name="tenum_long_range_u" />
    <testcase time="0.001500129699707031" name="tenum_negative" />
    <testcase time="0.001501083374023438" name="tenum_of_value_inst" />
    <testcase time="0.0015716552734375" name="tenum_to_i" />
    <testcase time="0.00000000" name="tenum_to_i_class_border_1"><failure message="compile error" /></testcase>
    <testcase time="0.001490354537963867" name="texpr_0" />
    <testcase time="0.00000000" name="texpr_1"><failure message="compile error" /></testcase>
    <testcase time="0.00000000" name="texpr_2"><failure message="compile error" /></testcase>
    <testcase time="0.001585483551025391" name="texpr_3" />
    <testcase time="0.001688718795776367" name="texpr_array" />
    <testcase time="0.00000000" name="texpr_bits"><failure message="compile error" /></testcase>
    <testcase time="0.001546382904052734" name="texpr_bytes_cmp" />
    <testcase time="0.00000000" name="texpr_bytes_literal"><failure message="compile error" /></testcase>
    <testcase time="0.00000000" name="texpr_bytes_ops"><failure message="compile error" /></testcase>
    <testcase time="0.001597166061401367" name="texpr_calc_array_ops" />
    <testcase time="0.001518487930297852" name="texpr_enum" />
    <testcase time="0.001575946807861328" name="texpr_io_eof" />
    <testcase time="0.001616954803466797" name="texpr_io_pos" />
    <testcase time="0.001542806625366211" name="texpr_mod" />
    <testcase time="0.00000000" name="texpr_ops_parens"><failure message="compile error" /></testcase>
    <testcase time="0.001622200012207031" name="texpr_sizeof_type_0" />
    <testcase time="0.001517534255981445" name="texpr_sizeof_type_1" />
    <testcase time="0.001522302627563477" name="texpr_sizeof_value_0" />
    <testcase time="0.001681327819824219" name="texpr_sizeof_value_sized" />
    <testcase time="0.001691818237304688" name="texpr_str_ops" />
    <testcase time="0.001597166061401367" name="tfixed_contents" />
    <testcase time="0.001608610153198242" name="tfixed_struct" />
    <testcase time="0.001618623733520508" name="tfloat_to_i" />
    <testcase time="0.00000000" name="tfloating_points"><failure message="compile error" /></testcase>
    <testcase time="0.001596212387084961" name="thello_world" />
    <testcase time="0.001582145690917969" name="tif_instances" />
    <testcase time="0.001861572265625" name="tif_struct" />
    <testcase time="0.00000000" name="tif_values"><failure message="compile error" /></testcase>
    <testcase time="0.001561164855957031" name="timports0" />
    <testcase time="0.00000000" name="timports_abs"><failure message="compile error" /></testcase>
    <testcase time="0.00000000" name="tindex_sizes"><failure message="compile error" /></testcase>
    <testcase time="0.00000000" name="tindex_to_param_eos"><failure message="compile error" /></testcase>
    <testcase time="0.00000000" name="tindex_to_param_expr"><failure message="compile error" /></testcase>
    <testcase time="0.00000000" name="tindex_to_param_until"><failure message="compile error" /></testcase>
    <testcase time="0.00000000" name="tinstance_io_user"><failure message="compile error" /></testcase>
    <testcase time="0.0017242431640625" name="tinstance_std" />
    <testcase time="0.00000000" name="tinstance_std_array"><failure message="compile error" /></testcase>
    <testcase time="0.00000000" name="tinstance_user_array"><failure message="compile error" /></testcase>
    <testcase time="0.001564264297485352" name="tintegers" />
    <testcase time="0.00000000" name="tintegers_min_max"><failure message="compile error" /></testcase>
    <testcase time="0.00000000" name="tio_local_var"><failure message="compile error" /></testcase>
    <testcase time="0.00000000" name="tjs_signed_right_shift"><failure message="compile error" /></testcase>
    <testcase time="0.001544952392578125" name="tmeta_tags" />
    <testcase time="0.00153803825378418" name="tmeta_xref" />
    <testcase time="0.0015106201171875" name="tmultiple_use" />
    <testcase time="0.001617193222045898" name="tnav_parent" />
    <testcase time="0.00000000" name="tnav_parent2"><failure message="compile error" /></testcase>
    <testcase time="0.00000000" name="tnav_parent3"><failure message="compile error" /></testcase>
    <testcase time="0.001519680023193359" name="tnav_parent_false" />
    <testcase time="0.001466274261474609" name="tnav_parent_false2" />
    <testcase time="0.001579999923706055" name="tnav_parent_override" />
    <testcase time="0.001539945602416992" name="tnav_parent_switch" />
    <testcase time="0.00000000" name="tnav_parent_switch_cast"><failure message="compile error" /></testcase>
    <testcase time="0.001459121704101562" name="tnav_parent_vs_value_inst" />
    <testcase time="0.00000000" name="tnav_root"><failure message="compile error" /></testcase>
    <testcase time="0.001549482345581055" name="tnested_same_name" />
    <testcase time="0.001753807067871094" name="tnested_same_name2" />
    <testcase time="0.00000000" name="tnested_type_param"><failure message="compile error" /></testcase>
    <testcase time="0.001569509506225586" name="tnested_types" />
    <testcase time="0.001581192016601562" name="tnested_types2" />
    <testcase time="0.001512050628662109" name="tnested_types3" />
    <testcase time="0.001673698425292969" name="tnon_standard" />
    <testcase time="0.00000000" name="tparams_call_extra_parens"><failure message="compile error" /></testcase>
    <testcase time="0.00000000" name="tparams_call_short"><failure message="compile error" /></testcase>
    <testcase time="0.00000000" name="tparams_enum"><failure message="compile error" /></testcase>
    <testcase time="0.00000000" name="tparams_pass_array_int"><failure message="compile error" /></testcase>
    <testcase time="0.00000000" name="tparams_pass_array_str"><failure message="compile error" /></testcase>
    <testcase time="0.00000000" name="tparams_pass_array_struct"><failure message="compile error" /></testcase>
    <testcase time="0.00000000" name="tparams_pass_array_usertype"><failure message="compile error" /></testcase>
    <testcase time="0.00000000" name="tparams_pass_usertype"><failure message="compile error" /></testcase>
    <testcase time="0.001789331436157227" name="tposition_abs" />
    <testcase time="0.00000000" name="tposition_in_seq"><failure message="compile error" /></testcase>
    <testcase time="0.001549482345581055" name="tposition_to_end" />
    <testcase time="0.00000000" name="tprocess_coerce_bytes"><failure message="compile error" /></testcase>
    <testcase time="0.00000000" name="tprocess_coerce_switch"><failure message="compile error" /></testcase>
    <testcase time="0.00000000" name="tprocess_coerce_usertype1"><failure message="compile error" /></testcase>
    <testcase time="0.00000000" name="tprocess_coerce_usertype2"><failure message="compile error" /></testcase>
    <testcase time="0.00000000" name="tprocess_custom"><failure message="compile error" /></testcase>
    <testcase time="0.00000000" name="tprocess_custom_no_args"><failure message="compile error" /></testcase>
    <testcase time="0.00000000" name="tprocess_repeat_bytes"><failure message="compile error" /></testcase>
    <testcase time="0.00000000" name="tprocess_repeat_usertype"><failure message="compile error" /></testcase>
    <testcase time="0.00000000" name="tprocess_rotate"><failure message="compile error" /></testcase>
    <testcase time="0.00000000" name="tprocess_to_user"><failure message="compile error" /></testcase>
    <testcase time="0.00000000" name="tprocess_xor4_const"><failure message="compile error" /></testcase>
    <testcase time="0.00000000" name="tprocess_xor4_value"><failure message="compile error" /></testcase>
    <testcase time="0.00000000" name="tprocess_xor_const"><failure message="compile error" /></testcase>
    <testcase time="0.00000000" name="tprocess_xor_value"><failure message="compile error" /></testcase>
    <testcase time="0.001546621322631836" name="trecursive_one" />
    <testcase time="0.001513004302978516" name="trepeat_eos_bit"><failure /></testcase>
    <testcase time="0.001656532287597656" name="trepeat_eos_struct" />
    <testcase time="0.00000000" name="trepeat_eos_u4"><failure message="compile error" /></testcase>
    <testcase time="0.00164341926574707" name="trepeat_n_struct" />
    <testcase time="0.001613616943359375" name="trepeat_n_strz" />
    <testcase time="0.001520395278930664" name="trepeat_n_strz_double" />
    <testcase time="0.00000000" name="trepeat_until_complex"><failure message="compile error" /></testcase>
    <testcase time="0.00000000" name="trepeat_until_s4"><failure message="compile error" /></testcase>
    <testcase time="0.00000000" name="trepeat_until_sized"><failure message="compile error" /></testcase>
    <testcase time="0.007544040679931641" name="tstr_encodings" />
    <testcase time="0.001690387725830078" name="tstr_encodings_default" />
    <testcase time="0.001662254333496094" name="tstr_eos" />
    <testcase time="0.001545906066894531" name="tstr_literals2" />
    <testcase time="0.001602649688720703" name="tstr_pad_term" />
    <testcase time="0.00168299674987793" name="tstr_pad_term_empty" />
    <testcase time="0.001640081405639648" name="tswitch_bytearray" />
    <testcase time="0.001807928085327148" name="tswitch_else_only" />
    <testcase time="0.001652002334594727" name="tswitch_integers" />
    <testcase time="0.00000000" name="tswitch_integers2"><failure message="compile error" /></testcase>
    <testcase time="0.001539707183837891" name="tswitch_manual_enum" />
    <testcase time="0.001654863357543945" name="tswitch_manual_enum_invalid" />
    <testcase time="0.00000000" name="tswitch_manual_enum_invalid_else"><failure message="compile error" /></testcase>
    <testcase time="0.001822471618652344" name="tswitch_manual_int" />
    <testcase time="0.001564741134643555" name="tswitch_manual_int_else" />
    <testcase time="0.001663684844970703" name="tswitch_manual_str" />
    <testcase time="0.001603126525878906" name="tswitch_manual_str_else" />
    <testcase time="0.001814842224121094" name="tterm_bytes" />
    <testcase time="0.001765251159667969" name="tterm_strz" />
    <testcase time="0.001422405242919922" name="tts_packet_header" />
    <testcase time="0.00000000" name="ttype_int_unary_op"><failure message="compile error" /></testcase>
    <testcase time="0.00000000" name="ttype_ternary"><failure message="compile error" /></testcase>
    <testcase time="0.001609563827514648" name="tuser_type" />
    <testcase time="0.001729249954223633" name="tvalid_long" />
    <testcase time="0.00146031379699707" name="tvalid_not_parsed_if" />
    <testcase time="0.001721382141113281" name="tvalid_short" />
    <testcase time="0.001787900924682617" name="tvalid_switch" />
    <testcase time="0.00000000" name="tzlib_surrounded"><failure message="compile error" /></testcase>
    <testcase time="0.00000000" name="tzlib_with_header_78"><failure message="compile error" /></testcase>
  </testsuite></testsuites>