<testsuites>
  <testsuite tests="175" failures="0" errors="65" name="tests">
    <testcase time="0.00000000" name="tbcd_user_type_be">
      <failure message="/home/travis/build/kaitai-io/ci_targets/compiled/nim/bcd_user_type_be.nim(144, 21) Error: type mismatch: got &lt;int, typeof(nil)&gt;
but expected one of: 
proc `==`(a, b: Option): bool
  first type mismatch at position: 2
  required type for b: Option
  but expression 'nil' is of type: typeof(nil)
proc `==`(x, y: int): bool
  first type mismatch at position: 2
  required type for y: int
  but expression 'nil' is of type: typeof(nil)
proc `==`(x, y: int64): bool
  first type mismatch at position: 2
  required type for y: int64
  but expression 'nil' is of type: typeof(nil)
proc `==`[T: tuple | object](x, y: T): bool
  first type mismatch at position: 2
  required type for y: T: tuple or object
  but expression 'nil' is of type: typeof(nil)
25 other mismatching symbols have been suppressed; compile with --showAllMismatches:on to see them

expression: this.asIntInst == nil
" />
    </testcase>
    <testcase time="0.00000000" name="tbcd_user_type_le">
      <failure message="/home/travis/build/kaitai-io/ci_targets/compiled/nim/bcd_user_type_le.nim(144, 21) Error: type mismatch: got &lt;int, typeof(nil)&gt;
but expected one of: 
proc `==`(a, b: Option): bool
  first type mismatch at position: 2
  required type for b: Option
  but expression 'nil' is of type: typeof(nil)
proc `==`(x, y: int): bool
  first type mismatch at position: 2
  required type for y: int
  but expression 'nil' is of type: typeof(nil)
proc `==`(x, y: int64): bool
  first type mismatch at position: 2
  required type for y: int64
  but expression 'nil' is of type: typeof(nil)
proc `==`[T: tuple | object](x, y: T): bool
  first type mismatch at position: 2
  required type for y: T: tuple or object
  but expression 'nil' is of type: typeof(nil)
25 other mismatching symbols have been suppressed; compile with --showAllMismatches:on to see them

expression: this.asIntInst == nil
" />
    </testcase>
    <testcase time="0.001582622528076172" name="tbits_byte_aligned" />
    <testcase time="0.001590967178344727" name="tbits_enum" />
    <testcase time="0.001801729202270508" name="tbits_seq_endian_combo" />
    <testcase time="0.00000000" name="tbits_simple">
      <failure message="/home/travis/build/kaitai-io/ci_targets/compiled/nim/bits_simple.nim(63, 24) Error: type mismatch: got &lt;int8, typeof(nil)&gt;
but expected one of: 
proc `==`(a, b: Option): bool
  first type mismatch at position: 2
  required type for b: Option
  but expression 'nil' is of type: typeof(nil)
proc `==`(x, y: int): bool
  first type mismatch at position: 2
  required type for y: int
  but expression 'nil' is of type: typeof(nil)
proc `==`(x, y: int16): bool
  first type mismatch at position: 2
  required type for y: int16
  but expression 'nil' is of type: typeof(nil)
proc `==`(x, y: int32): bool
  first type mismatch at position: 2
  required type for y: int32
  but expression 'nil' is of type: typeof(nil)
proc `==`(x, y: int64): bool
  first type mismatch at position: 2
  required type for y: int64
  but expression 'nil' is of type: typeof(nil)
proc `==`(x, y: int8): bool
  first type mismatch at position: 2
  required type for y: int8
  but expression 'nil' is of type: typeof(nil)
proc `==`[T: tuple | object](x, y: T): bool
  first type mismatch at position: 2
  required type for y: T: tuple or object
  but expression 'nil' is of type: typeof(nil)
22 other mismatching symbols have been suppressed; compile with --showAllMismatches:on to see them

expression: this.testIfB1Inst == nil
" />
    </testcase>
    <testcase time="0.00000000" name="tbits_simple_le">
      <failure message="/home/travis/build/kaitai-io/ci_targets/compiled/nim/bits_simple_le.nim(63, 24) Error: type mismatch: got &lt;int8, typeof(nil)&gt;
but expected one of: 
proc `==`(a, b: Option): bool
  first type mismatch at position: 2
  required type for b: Option
  but expression 'nil' is of type: typeof(nil)
proc `==`(x, y: int): bool
  first type mismatch at position: 2
  required type for y: int
  but expression 'nil' is of type: typeof(nil)
proc `==`(x, y: int16): bool
  first type mismatch at position: 2
  required type for y: int16
  but expression 'nil' is of type: typeof(nil)
proc `==`(x, y: int32): bool
  first type mismatch at position: 2
  required type for y: int32
  but expression 'nil' is of type: typeof(nil)
proc `==`(x, y: int64): bool
  first type mismatch at position: 2
  required type for y: int64
  but expression 'nil' is of type: typeof(nil)
proc `==`(x, y: int8): bool
  first type mismatch at position: 2
  required type for y: int8
  but expression 'nil' is of type: typeof(nil)
proc `==`[T: tuple | object](x, y: T): bool
  first type mismatch at position: 2
  required type for y: T: tuple or object
  but expression 'nil' is of type: typeof(nil)
22 other mismatching symbols have been suppressed; compile with --showAllMismatches:on to see them

expression: this.testIfB1Inst == nil
" />
    </testcase>
    <testcase time="0.001553058624267578" name="tbuffered_struct" />
    <testcase time="0.001558065414428711" name="tbytes_pad_term" />
    <testcase time="0.00000000" name="tcast_nested">
      <failure message="/home/travis/build/kaitai-io/ci_targets/compiled/nim/cast_nested.nim(73, 32) Error: type mismatch: got &lt;uint8, typeof(nil)&gt;
but expected one of: 
proc `==`(a, b: Option): bool
  first type mismatch at position: 2
  required type for b: Option
  but expression 'nil' is of type: typeof(nil)
proc `==`(x, y: uint): bool
  first type mismatch at position: 2
  required type for y: uint
  but expression 'nil' is of type: typeof(nil)
proc `==`(x, y: uint16): bool
  first type mismatch at position: 2
  required type for y: uint16
  but expression 'nil' is of type: typeof(nil)
proc `==`(x, y: uint32): bool
  first type mismatch at position: 2
  required type for y: uint32
  but expression 'nil' is of type: typeof(nil)
proc `==`(x, y: uint64): bool
  first type mismatch at position: 2
  required type for y: uint64
  but expression 'nil' is of type: typeof(nil)
proc `==`(x, y: uint8): bool
  first type mismatch at position: 2
  required type for y: uint8
  but expression 'nil' is of type: typeof(nil)
proc `==`[T: tuple | object](x, y: T): bool
  first type mismatch at position: 2
  required type for y: T: tuple or object
  but expression 'nil' is of type: typeof(nil)
22 other mismatching symbols have been suppressed; compile with --showAllMismatches:on to see them

expression: this.opcodes1IntValueInst == nil
" />
    </testcase>
    <testcase time="0.001642704010009766" name="tcast_to_imported" />
    <testcase time="0.001663446426391602" name="tcast_to_top" />
    <testcase time="0.00000000" name="tcombine_bool">
      <failure message="/home/travis/build/kaitai-io/ci_targets/compiled/nim/combine_bool.nim(28, 24) Error: type mismatch: got &lt;bool, typeof(nil)&gt;
but expected one of: 
proc `==`(a, b: Option): bool
  first type mismatch at position: 2
  required type for b: Option
  but expression 'nil' is of type: typeof(nil)
proc `==`(x, y: bool): bool
  first type mismatch at position: 2
  required type for y: bool
  but expression 'nil' is of type: typeof(nil)
proc `==`[T: tuple | object](x, y: T): bool
  first type mismatch at position: 2
  required type for y: T: tuple or object
  but expression 'nil' is of type: typeof(nil)
26 other mismatching symbols have been suppressed; compile with --showAllMismatches:on to see them

expression: this.boolCalcInst == nil
" />
    </testcase>
    <testcase time="0.001681804656982422" name="tcombine_bytes" />
    <testcase time="0.001722335815429688" name="tcombine_str" />
    <testcase time="0.001595020294189453" name="tdebug_switch_user" />
    <testcase time="0.00166773796081543" name="tdefault_big_endian" />
    <testcase time="0.001587152481079102" name="tdefault_bit_endian_mod" />
    <testcase time="0.00000000" name="tdefault_endian_expr_inherited">
      <failure message="/home/travis/build/kaitai-io/ci_targets/compiled/nim/default_endian_expr_inherited.nim(168, 24) Error: type mismatch: got &lt;uint32, typeof(nil)&gt;
but expected one of: 
proc `==`(a, b: Option): bool
  first type mismatch at position: 2
  required type for b: Option
  but expression 'nil' is of type: typeof(nil)
proc `==`(x, y: uint): bool
  first type mismatch at position: 2
  required type for y: uint
  but expression 'nil' is of type: typeof(nil)
proc `==`(x, y: uint32): bool
  first type mismatch at position: 2
  required type for y: uint32
  but expression 'nil' is of type: typeof(nil)
proc `==`(x, y: uint64): bool
  first type mismatch at position: 2
  required type for y: uint64
  but expression 'nil' is of type: typeof(nil)
proc `==`[T: tuple | object](x, y: T): bool
  first type mismatch at position: 2
  required type for y: T: tuple or object
  but expression 'nil' is of type: typeof(nil)
24 other mismatching symbols have been suppressed; compile with --showAllMismatches:on to see them

expression: this.someInstInst == nil
" />
    </testcase>
    <testcase time="0.00000000" name="tdefault_endian_expr_is_be">
      <failure message="/home/travis/build/kaitai-io/ci_targets/compiled/nim/default_endian_expr_is_be.nim(109, 23) Error: type mismatch: got &lt;uint32, typeof(nil)&gt;
but expected one of: 
proc `==`(a, b: Option): bool
  first type mismatch at position: 2
  required type for b: Option
  but expression 'nil' is of type: typeof(nil)
proc `==`(x, y: uint): bool
  first type mismatch at position: 2
  required type for y: uint
  but expression 'nil' is of type: typeof(nil)
proc `==`(x, y: uint32): bool
  first type mismatch at position: 2
  required type for y: uint32
  but expression 'nil' is of type: typeof(nil)
proc `==`(x, y: uint64): bool
  first type mismatch at position: 2
  required type for y: uint64
  but expression 'nil' is of type: typeof(nil)
proc `==`[T: tuple | object](x, y: T): bool
  first type mismatch at position: 2
  required type for y: T: tuple or object
  but expression 'nil' is of type: typeof(nil)
24 other mismatching symbols have been suppressed; compile with --showAllMismatches:on to see them

expression: this.instIntInst == nil
" />
    </testcase>
    <testcase time="0.001657724380493164" name="tdefault_endian_expr_is_le" />
    <testcase time="0.001780271530151367" name="tdefault_endian_mod" />
    <testcase time="0.00000000" name="tdocstrings">
      <failure message="/home/travis/build/kaitai-io/ci_targets/compiled/nim/docstrings.nim(43, 19) Error: type mismatch: got &lt;uint8, typeof(nil)&gt;
but expected one of: 
proc `==`(a, b: Option): bool
  first type mismatch at position: 2
  required type for b: Option
  but expression 'nil' is of type: typeof(nil)
proc `==`(x, y: uint): bool
  first type mismatch at position: 2
  required type for y: uint
  but expression 'nil' is of type: typeof(nil)
proc `==`(x, y: uint16): bool
  first type mismatch at position: 2
  required type for y: uint16
  but expression 'nil' is of type: typeof(nil)
proc `==`(x, y: uint32): bool
  first type mismatch at position: 2
  required type for y: uint32
  but expression 'nil' is of type: typeof(nil)
proc `==`(x, y: uint64): bool
  first type mismatch at position: 2
  required type for y: uint64
  but expression 'nil' is of type: typeof(nil)
proc `==`(x, y: uint8): bool
  first type mismatch at position: 2
  required type for y: uint8
  but expression 'nil' is of type: typeof(nil)
proc `==`[T: tuple | object](x, y: T): bool
  first type mismatch at position: 2
  required type for y: T: tuple or object
  but expression 'nil' is of type: typeof(nil)
22 other mismatching symbols have been suppressed; compile with --showAllMismatches:on to see them

expression: this.twoInst == nil
" />
    </testcase>
    <testcase time="0.00000000" name="tdocstrings_docref">
      <failure message="/home/travis/build/kaitai-io/ci_targets/compiled/nim/docstrings_docref.nim(56, 19) Error: type mismatch: got &lt;bool, typeof(nil)&gt;
but expected one of: 
proc `==`(a, b: Option): bool
  first type mismatch at position: 2
  required type for b: Option
  but expression 'nil' is of type: typeof(nil)
proc `==`(x, y: bool): bool
  first type mismatch at position: 2
  required type for y: bool
  but expression 'nil' is of type: typeof(nil)
proc `==`[T: tuple | object](x, y: T): bool
  first type mismatch at position: 2
  required type for y: T: tuple or object
  but expression 'nil' is of type: typeof(nil)
26 other mismatching symbols have been suppressed; compile with --showAllMismatches:on to see them

expression: this.fooInst == nil
" />
    </testcase>
    <testcase time="0.001717090606689453" name="tdocstrings_docref_multi" />
    <testcase time="0.001711845397949219" name="tenum_0" />
    <testcase time="0.001689672470092773" name="tenum_1" />
    <testcase time="0.001852750778198242" name="tenum_deep" />
    <testcase time="0.00000000" name="tenum_deep_literals">
      <failure message="/home/travis/build/kaitai-io/ci_targets/compiled/nim/enum_deep_literals.nim(45, 24) Error: type mismatch: got &lt;bool, typeof(nil)&gt;
but expected one of: 
proc `==`(a, b: Option): bool
  first type mismatch at position: 2
  required type for b: Option
  but expression 'nil' is of type: typeof(nil)
proc `==`(x, y: bool): bool
  first type mismatch at position: 2
  required type for y: bool
  but expression 'nil' is of type: typeof(nil)
proc `==`[T: tuple | object](x, y: T): bool
  first type mismatch at position: 2
  required type for y: T: tuple or object
  but expression 'nil' is of type: typeof(nil)
26 other mismatching symbols have been suppressed; compile with --showAllMismatches:on to see them

expression: this.isPet1OkInst == nil
" />
    </testcase>
    <testcase time="0.00172877311706543" name="tenum_fancy" />
    <testcase time="0.001759529113769531" name="tenum_if" />
    <testcase time="0.001856803894042969" name="tenum_import" />
    <testcase time="0.001689434051513672" name="tenum_int_range_s" />
    <testcase time="0.001649618148803711" name="tenum_int_range_u" />
    <testcase time="0.001645803451538086" name="tenum_invalid" />
    <testcase time="0.00000000" name="tenum_long_range_s">
      <failure message="fatal.nim(49)            sysFatal
Error: unhandled exception: over- or underflow [OverflowError]
" />
    </testcase>
    <testcase time="0.00000000" name="tenum_long_range_u">
      <failure message="fatal.nim(49)            sysFatal
Error: unhandled exception: over- or underflow [OverflowError]
" />
    </testcase>
    <testcase time="0.001705408096313477" name="tenum_negative" />
    <testcase time="0.00000000" name="tenum_of_value_inst">
      <failure message="/home/travis/build/kaitai-io/ci_targets/compiled/nim/enum_of_value_inst.nim(35, 20) Error: type mismatch: got &lt;EnumOfValueInst_Animal, typeof(nil)&gt;
but expected one of: 
proc `==`(a, b: Option): bool
  first type mismatch at position: 2
  required type for b: Option
  but expression 'nil' is of type: typeof(nil)
proc `==`[Enum: enum](x, y: Enum): bool
  first type mismatch at position: 2
  required type for y: Enum: enum
  but expression 'nil' is of type: typeof(nil)
proc `==`[T: tuple | object](x, y: T): bool
  first type mismatch at position: 2
  required type for y: T: tuple or object
  but expression 'nil' is of type: typeof(nil)
26 other mismatching symbols have been suppressed; compile with --showAllMismatches:on to see them

expression: this.pet3Inst == nil
" />
    </testcase>
    <testcase time="0.00000000" name="tenum_to_i">
      <failure message="/home/travis/build/kaitai-io/ci_targets/compiled/nim/enum_to_i.nim(37, 21) Error: type mismatch: got &lt;int, typeof(nil)&gt;
but expected one of: 
proc `==`(a, b: Option): bool
  first type mismatch at position: 2
  required type for b: Option
  but expression 'nil' is of type: typeof(nil)
proc `==`(x, y: int): bool
  first type mismatch at position: 2
  required type for y: int
  but expression 'nil' is of type: typeof(nil)
proc `==`(x, y: int64): bool
  first type mismatch at position: 2
  required type for y: int64
  but expression 'nil' is of type: typeof(nil)
proc `==`[T: tuple | object](x, y: T): bool
  first type mismatch at position: 2
  required type for y: T: tuple or object
  but expression 'nil' is of type: typeof(nil)
25 other mismatching symbols have been suppressed; compile with --showAllMismatches:on to see them

expression: this.pet1IInst == nil
" />
    </testcase>
    <testcase time="0.00000000" name="tenum_to_i_class_border_1">
      <failure message="/home/travis/build/kaitai-io/ci_targets/compiled/nim/enum_to_i_class_border_1.nim(12, 21) Error: undeclared identifier: 'EnumToIClassBorder2'
This might be caused by a recursive module dependency:
/home/travis/build/kaitai-io/ci_targets/compiled/nim/enum_to_i_class_border_2.nim imports /home/travis/build/kaitai-io/ci_targets/compiled/nim/enum_to_i_class_border_1.nim
/home/travis/build/kaitai-io/ci_targets/compiled/nim/enum_to_i_class_border_1.nim imports /home/travis/build/kaitai-io/ci_targets/compiled/nim/enum_to_i_class_border_2.nim
" />
    </testcase>
    <testcase time="0.00000000" name="texpr_0">
      <failure message="/home/travis/build/kaitai-io/ci_targets/compiled/nim/expr_0.nim(28, 24) Error: type mismatch: got &lt;int, typeof(nil)&gt;
but expected one of: 
proc `==`(a, b: Option): bool
  first type mismatch at position: 2
  required type for b: Option
  but expression 'nil' is of type: typeof(nil)
proc `==`(x, y: int): bool
  first type mismatch at position: 2
  required type for y: int
  but expression 'nil' is of type: typeof(nil)
proc `==`(x, y: int64): bool
  first type mismatch at position: 2
  required type for y: int64
  but expression 'nil' is of type: typeof(nil)
proc `==`[T: tuple | object](x, y: T): bool
  first type mismatch at position: 2
  required type for y: T: tuple or object
  but expression 'nil' is of type: typeof(nil)
25 other mismatching symbols have been suppressed; compile with --showAllMismatches:on to see them

expression: this.mustBeF7Inst == nil
" />
    </testcase>
    <testcase time="0.00000000" name="texpr_1">
      <failure message="/home/travis/build/kaitai-io/ci_targets/compiled/nim/expr_1.nim(31, 25) Error: type mismatch: got &lt;int, typeof(nil)&gt;
but expected one of: 
proc `==`(a, b: Option): bool
  first type mismatch at position: 2
  required type for b: Option
  but expression 'nil' is of type: typeof(nil)
proc `==`(x, y: int): bool
  first type mismatch at position: 2
  required type for y: int
  but expression 'nil' is of type: typeof(nil)
proc `==`(x, y: int64): bool
  first type mismatch at position: 2
  required type for y: int64
  but expression 'nil' is of type: typeof(nil)
proc `==`[T: tuple | object](x, y: T): bool
  first type mismatch at position: 2
  required type for y: T: tuple or object
  but expression 'nil' is of type: typeof(nil)
25 other mismatching symbols have been suppressed; compile with --showAllMismatches:on to see them

expression: this.lenOf1ModInst == nil
" />
    </testcase>
    <testcase time="0.00000000" name="texpr_2">
      <failure message="/home/travis/build/kaitai-io/ci_targets/compiled/nim/expr_2.nim(62, 26) Error: type mismatch: got &lt;int, typeof(nil)&gt;
but expected one of: 
proc `==`(a, b: Option): bool
  first type mismatch at position: 2
  required type for b: Option
  but expression 'nil' is of type: typeof(nil)
proc `==`(x, y: int): bool
  first type mismatch at position: 2
  required type for y: int
  but expression 'nil' is of type: typeof(nil)
proc `==`(x, y: int64): bool
  first type mismatch at position: 2
  required type for y: int64
  but expression 'nil' is of type: typeof(nil)
proc `==`[T: tuple | object](x, y: T): bool
  first type mismatch at position: 2
  required type for y: T: tuple or object
  but expression 'nil' is of type: typeof(nil)
25 other mismatching symbols have been suppressed; compile with --showAllMismatches:on to see them

expression: this.str1LenModInst == nil
" />
    </testcase>
    <testcase time="0.00000000" name="texpr_3">
      <failure message="/home/travis/build/kaitai-io/ci_targets/compiled/nim/expr_3.nim(55, 23) Error: type mismatch: got &lt;bool, typeof(nil)&gt;
but expected one of: 
proc `==`(a, b: Option): bool
  first type mismatch at position: 2
  required type for b: Option
  but expression 'nil' is of type: typeof(nil)
proc `==`(x, y: bool): bool
  first type mismatch at position: 2
  required type for y: bool
  but expression 'nil' is of type: typeof(nil)
proc `==`[T: tuple | object](x, y: T): bool
  first type mismatch at position: 2
  required type for y: T: tuple or object
  but expression 'nil' is of type: typeof(nil)
26 other mismatching symbols have been suppressed; compile with --showAllMismatches:on to see them

expression: this.isStrGeInst == nil
" />
    </testcase>
    <testcase time="0.00000000" name="texpr_array">
      <failure message="/home/travis/build/kaitai-io/ci_targets/compiled/nim/expr_array.nim(63, 25) Error: type mismatch: got &lt;uint32, typeof(nil)&gt;
but expected one of: 
proc `==`(a, b: Option): bool
  first type mismatch at position: 2
  required type for b: Option
  but expression 'nil' is of type: typeof(nil)
proc `==`(x, y: uint): bool
  first type mismatch at position: 2
  required type for y: uint
  but expression 'nil' is of type: typeof(nil)
proc `==`(x, y: uint32): bool
  first type mismatch at position: 2
  required type for y: uint32
  but expression 'nil' is of type: typeof(nil)
proc `==`(x, y: uint64): bool
  first type mismatch at position: 2
  required type for y: uint64
  but expression 'nil' is of type: typeof(nil)
proc `==`[T: tuple | object](x, y: T): bool
  first type mismatch at position: 2
  required type for y: T: tuple or object
  but expression 'nil' is of type: typeof(nil)
24 other mismatching symbols have been suppressed; compile with --showAllMismatches:on to see them

expression: this.aintFirstInst == nil
" />
    </testcase>
    <testcase time="0.00000000" name="texpr_bits">
      <failure message="/home/travis/build/kaitai-io/ci_targets/compiled/nim/expr_bits.nim(56, 24) Error: type mismatch: got &lt;ExprBits_Items, typeof(nil)&gt;
but expected one of: 
proc `==`(a, b: Option): bool
  first type mismatch at position: 2
  required type for b: Option
  but expression 'nil' is of type: typeof(nil)
proc `==`[Enum: enum](x, y: Enum): bool
  first type mismatch at position: 2
  required type for y: Enum: enum
  but expression 'nil' is of type: typeof(nil)
proc `==`[T: tuple | object](x, y: T): bool
  first type mismatch at position: 2
  required type for y: T: tuple or object
  but expression 'nil' is of type: typeof(nil)
26 other mismatching symbols have been suppressed; compile with --showAllMismatches:on to see them

expression: this.enumInstInst == nil
" />
    </testcase>
    <testcase time="0.00000000" name="texpr_bytes_cmp">
      <failure message="/home/travis/build/kaitai-io/ci_targets/compiled/nim/expr_bytes_cmp.nim(49, 20) Error: type mismatch: got &lt;bool, typeof(nil)&gt;
but expected one of: 
proc `==`(a, b: Option): bool
  first type mismatch at position: 2
  required type for b: Option
  but expression 'nil' is of type: typeof(nil)
proc `==`(x, y: bool): bool
  first type mismatch at position: 2
  required type for y: bool
  but expression 'nil' is of type: typeof(nil)
proc `==`[T: tuple | object](x, y: T): bool
  first type mismatch at position: 2
  required type for y: T: tuple or object
  but expression 'nil' is of type: typeof(nil)
26 other mismatching symbols have been suppressed; compile with --showAllMismatches:on to see them

expression: this.isLeInst == nil
" />
    </testcase>
    <testcase time="0.00000000" name="texpr_bytes_literal">
      <failure message="/home/travis/build/kaitai-io/ci_targets/tests/spec/nim/tests/texpr_bytes_literal.nim(4, 29) Error: cannot open file: ../../../compiled/nim/expr_bytes_literal
" />
    </testcase>
    <testcase time="0.00000000" name="texpr_bytes_ops">
      <failure message="/home/travis/build/kaitai-io/ci_targets/compiled/nim/expr_bytes_ops.nim(50, 23) Error: type mismatch: got &lt;uint8, typeof(nil)&gt;
but expected one of: 
proc `==`(a, b: Option): bool
  first type mismatch at position: 2
  required type for b: Option
  but expression 'nil' is of type: typeof(nil)
proc `==`(x, y: uint): bool
  first type mismatch at position: 2
  required type for y: uint
  but expression 'nil' is of type: typeof(nil)
proc `==`(x, y: uint16): bool
  first type mismatch at position: 2
  required type for y: uint16
  but expression 'nil' is of type: typeof(nil)
proc `==`(x, y: uint32): bool
  first type mismatch at position: 2
  required type for y: uint32
  but expression 'nil' is of type: typeof(nil)
proc `==`(x, y: uint64): bool
  first type mismatch at position: 2
  required type for y: uint64
  but expression 'nil' is of type: typeof(nil)
proc `==`(x, y: uint8): bool
  first type mismatch at position: 2
  required type for y: uint8
  but expression 'nil' is of type: typeof(nil)
proc `==`[T: tuple | object](x, y: T): bool
  first type mismatch at position: 2
  required type for y: T: tuple or object
  but expression 'nil' is of type: typeof(nil)
22 other mismatching symbols have been suppressed; compile with --showAllMismatches:on to see them

expression: this.twoLastInst == nil
" />
    </testcase>
    <testcase time="0.00000000" name="texpr_calc_array_ops">
      <failure message="/home/travis/build/kaitai-io/ci_targets/compiled/nim/expr_calc_array_ops.nim(71, 28) Error: type mismatch: got &lt;int, typeof(nil)&gt;
but expected one of: 
proc `==`(a, b: Option): bool
  first type mismatch at position: 2
  required type for b: Option
  but expression 'nil' is of type: typeof(nil)
proc `==`(x, y: int): bool
  first type mismatch at position: 2
  required type for y: int
  but expression 'nil' is of type: typeof(nil)
proc `==`(x, y: int64): bool
  first type mismatch at position: 2
  required type for y: int64
  but expression 'nil' is of type: typeof(nil)
proc `==`[T: tuple | object](x, y: T): bool
  first type mismatch at position: 2
  required type for y: T: tuple or object
  but expression 'nil' is of type: typeof(nil)
25 other mismatching symbols have been suppressed; compile with --showAllMismatches:on to see them

expression: this.intArraySizeInst == nil
" />
    </testcase>
    <testcase time="0.00000000" name="texpr_enum">
      <failure message="/home/travis/build/kaitai-io/ci_targets/compiled/nim/expr_enum.nim(35, 24) Error: type mismatch: got &lt;ExprEnum_Animal, typeof(nil)&gt;
but expected one of: 
proc `==`(a, b: Option): bool
  first type mismatch at position: 2
  required type for b: Option
  but expression 'nil' is of type: typeof(nil)
proc `==`[Enum: enum](x, y: Enum): bool
  first type mismatch at position: 2
  required type for y: Enum: enum
  but expression 'nil' is of type: typeof(nil)
proc `==`[T: tuple | object](x, y: T): bool
  first type mismatch at position: 2
  required type for y: T: tuple or object
  but expression 'nil' is of type: typeof(nil)
26 other mismatching symbols have been suppressed; compile with --showAllMismatches:on to see them

expression: this.constDogInst == nil
" />
    </testcase>
    <testcase time="0.00000000" name="texpr_io_eof">
      <failure message="/home/travis/build/kaitai-io/ci_targets/compiled/nim/expr_io_eof.nim(59, 26) Error: type mismatch: got &lt;bool, typeof(nil)&gt;
but expected one of: 
proc `==`(a, b: Option): bool
  first type mismatch at position: 2
  required type for b: Option
  but expression 'nil' is of type: typeof(nil)
proc `==`(x, y: bool): bool
  first type mismatch at position: 2
  required type for y: bool
  but expression 'nil' is of type: typeof(nil)
proc `==`[T: tuple | object](x, y: T): bool
  first type mismatch at position: 2
  required type for y: T: tuple or object
  but expression 'nil' is of type: typeof(nil)
26 other mismatching symbols have been suppressed; compile with --showAllMismatches:on to see them

expression: this.reflectEofInst == nil
" />
    </testcase>
    <testcase time="0.001731157302856445" name="texpr_io_pos" />
    <testcase time="0.00000000" name="texpr_mod">
      <failure message="/home/travis/build/kaitai-io/ci_targets/compiled/nim/expr_mod.nim(35, 27) Error: type mismatch: got &lt;int, typeof(nil)&gt;
but expected one of: 
proc `==`(a, b: Option): bool
  first type mismatch at position: 2
  required type for b: Option
  but expression 'nil' is of type: typeof(nil)
proc `==`(x, y: int): bool
  first type mismatch at position: 2
  required type for y: int
  but expression 'nil' is of type: typeof(nil)
proc `==`(x, y: int64): bool
  first type mismatch at position: 2
  required type for y: int64
  but expression 'nil' is of type: typeof(nil)
proc `==`[T: tuple | object](x, y: T): bool
  first type mismatch at position: 2
  required type for y: T: tuple or object
  but expression 'nil' is of type: typeof(nil)
25 other mismatching symbols have been suppressed; compile with --showAllMismatches:on to see them

expression: this.modPosConstInst == nil
" />
    </testcase>
    <testcase time="0.00000000" name="texpr_ops_parens">
      <failure message="/home/travis/build/kaitai-io/ci_targets/compiled/nim/expr_ops_parens.nim(53, 23) Error: type mismatch: got &lt;int, typeof(nil)&gt;
but expected one of: 
proc `==`(a, b: Option): bool
  first type mismatch at position: 2
  required type for b: Option
  but expression 'nil' is of type: typeof(nil)
proc `==`(x, y: int): bool
  first type mismatch at position: 2
  required type for y: int
  but expression 'nil' is of type: typeof(nil)
proc `==`(x, y: int64): bool
  first type mismatch at position: 2
  required type for y: int64
  but expression 'nil' is of type: typeof(nil)
proc `==`[T: tuple | object](x, y: T): bool
  first type mismatch at position: 2
  required type for y: T: tuple or object
  but expression 'nil' is of type: typeof(nil)
26 other mismatching symbols have been suppressed; compile with --showAllMismatches:on to see them

expression: this.boolAndInst == nil
" />
    </testcase>
    <testcase time="0.00000000" name="texpr_sizeof_type_0">
      <failure message="/home/travis/build/kaitai-io/ci_targets/compiled/nim/expr_sizeof_type_0.nim(29, 27) Error: type mismatch: got &lt;int, typeof(nil)&gt;
but expected one of: 
proc `==`(a, b: Option): bool
  first type mismatch at position: 2
  required type for b: Option
  but expression 'nil' is of type: typeof(nil)
proc `==`(x, y: int): bool
  first type mismatch at position: 2
  required type for y: int
  but expression 'nil' is of type: typeof(nil)
proc `==`(x, y: int64): bool
  first type mismatch at position: 2
  required type for y: int64
  but expression 'nil' is of type: typeof(nil)
proc `==`[T: tuple | object](x, y: T): bool
  first type mismatch at position: 2
  required type for y: T: tuple or object
  but expression 'nil' is of type: typeof(nil)
25 other mismatching symbols have been suppressed; compile with --showAllMismatches:on to see them

expression: this.sizeofBlockInst == nil
" />
    </testcase>
    <testcase time="0.00000000" name="texpr_sizeof_type_1">
      <failure message="/home/travis/build/kaitai-io/ci_targets/compiled/nim/expr_sizeof_type_1.nim(36, 27) Error: type mismatch: got &lt;int, typeof(nil)&gt;
but expected one of: 
proc `==`(a, b: Option): bool
  first type mismatch at position: 2
  required type for b: Option
  but expression 'nil' is of type: typeof(nil)
proc `==`(x, y: int): bool
  first type mismatch at position: 2
  required type for y: int
  but expression 'nil' is of type: typeof(nil)
proc `==`(x, y: int64): bool
  first type mismatch at position: 2
  required type for y: int64
  but expression 'nil' is of type: typeof(nil)
proc `==`[T: tuple | object](x, y: T): bool
  first type mismatch at position: 2
  required type for y: T: tuple or object
  but expression 'nil' is of type: typeof(nil)
25 other mismatching symbols have been suppressed; compile with --showAllMismatches:on to see them

expression: this.sizeofBlockInst == nil
" />
    </testcase>
    <testcase time="0.00000000" name="texpr_sizeof_value_0">
      <failure message="/home/travis/build/kaitai-io/ci_targets/compiled/nim/expr_sizeof_value_0.nim(43, 26) Error: type mismatch: got &lt;int, typeof(nil)&gt;
but expected one of: 
proc `==`(a, b: Option): bool
  first type mismatch at position: 2
  required type for b: Option
  but expression 'nil' is of type: typeof(nil)
proc `==`(x, y: int): bool
  first type mismatch at position: 2
  required type for y: int
  but expression 'nil' is of type: typeof(nil)
proc `==`(x, y: int64): bool
  first type mismatch at position: 2
  required type for y: int64
  but expression 'nil' is of type: typeof(nil)
proc `==`[T: tuple | object](x, y: T): bool
  first type mismatch at position: 2
  required type for y: T: tuple or object
  but expression 'nil' is of type: typeof(nil)
25 other mismatching symbols have been suppressed; compile with --showAllMismatches:on to see them

expression: this.selfSizeofInst == nil
" />
    </testcase>
    <testcase time="0.00000000" name="texpr_sizeof_value_sized">
      <failure message="/home/travis/build/kaitai-io/ci_targets/compiled/nim/expr_sizeof_value_sized.nim(47, 26) Error: type mismatch: got &lt;int, typeof(nil)&gt;
but expected one of: 
proc `==`(a, b: Option): bool
  first type mismatch at position: 2
  required type for b: Option
  but expression 'nil' is of type: typeof(nil)
proc `==`(x, y: int): bool
  first type mismatch at position: 2
  required type for y: int
  but expression 'nil' is of type: typeof(nil)
proc `==`(x, y: int64): bool
  first type mismatch at position: 2
  required type for y: int64
  but expression 'nil' is of type: typeof(nil)
proc `==`[T: tuple | object](x, y: T): bool
  first type mismatch at position: 2
  required type for y: T: tuple or object
  but expression 'nil' is of type: typeof(nil)
25 other mismatching symbols have been suppressed; compile with --showAllMismatches:on to see them

expression: this.selfSizeofInst == nil
" />
    </testcase>
    <testcase time="0.00000000" name="texpr_str_ops">
      <failure message="/home/travis/build/kaitai-io/ci_targets/compiled/nim/expr_str_ops.nim(65, 21) Error: type mismatch: got &lt;int, typeof(nil)&gt;
but expected one of: 
proc `==`(a, b: Option): bool
  first type mismatch at position: 2
  required type for b: Option
  but expression 'nil' is of type: typeof(nil)
proc `==`(x, y: int): bool
  first type mismatch at position: 2
  required type for y: int
  but expression 'nil' is of type: typeof(nil)
proc `==`(x, y: int64): bool
  first type mismatch at position: 2
  required type for y: int64
  but expression 'nil' is of type: typeof(nil)
proc `==`[T: tuple | object](x, y: T): bool
  first type mismatch at position: 2
  required type for y: T: tuple or object
  but expression 'nil' is of type: typeof(nil)
26 other mismatching symbols have been suppressed; compile with --showAllMismatches:on to see them

expression: this.toIR8Inst == nil
" />
    </testcase>
    <testcase time="0.001711845397949219" name="tfixed_contents" />
    <testcase time="0.001792669296264648" name="tfixed_struct" />
    <testcase time="0.00000000" name="tfloat_to_i">
      <failure message="/home/travis/build/kaitai-io/ci_targets/compiled/nim/float_to_i.nim(47, 23) Error: type mismatch: got &lt;int, typeof(nil)&gt;
but expected one of: 
proc `==`(a, b: Option): bool
  first type mismatch at position: 2
  required type for b: Option
  but expression 'nil' is of type: typeof(nil)
proc `==`(x, y: int): bool
  first type mismatch at position: 2
  required type for y: int
  but expression 'nil' is of type: typeof(nil)
proc `==`(x, y: int64): bool
  first type mismatch at position: 2
  required type for y: int64
  but expression 'nil' is of type: typeof(nil)
proc `==`[T: tuple | object](x, y: T): bool
  first type mismatch at position: 2
  required type for y: T: tuple or object
  but expression 'nil' is of type: typeof(nil)
25 other mismatching symbols have been suppressed; compile with --showAllMismatches:on to see them

expression: this.float2IInst == nil
" />
    </testcase>
    <testcase time="0.00000000" name="tfloating_points">
      <failure message="/home/travis/build/kaitai-io/ci_targets/compiled/nim/floating_points.nim(42, 34) Error: type mismatch: got &lt;float64, typeof(nil)&gt;
but expected one of: 
proc `==`(a, b: Option): bool
  first type mismatch at position: 2
  required type for b: Option
  but expression 'nil' is of type: typeof(nil)
proc `==`(x, y: float): bool
  first type mismatch at position: 2
  required type for y: float
  but expression 'nil' is of type: typeof(nil)
proc `==`(x, y: float32): bool
  first type mismatch at position: 2
  required type for y: float32
  but expression 'nil' is of type: typeof(nil)
proc `==`[T: tuple | object](x, y: T): bool
  first type mismatch at position: 2
  required type for y: T: tuple or object
  but expression 'nil' is of type: typeof(nil)
25 other mismatching symbols have been suppressed; compile with --showAllMismatches:on to see them

expression: this.singleValuePlusIntInst == nil
" />
    </testcase>
    <testcase time="0.001748561859130859" name="thello_world" />
    <testcase time="0.00000000" name="tif_instances">
      <failure message="/home/travis/build/kaitai-io/ci_targets/compiled/nim/if_instances.nim(23, 28) Error: type mismatch: got &lt;uint8, typeof(nil)&gt;
but expected one of: 
proc `==`(a, b: Option): bool
  first type mismatch at position: 2
  required type for b: Option
  but expression 'nil' is of type: typeof(nil)
proc `==`(x, y: uint): bool
  first type mismatch at position: 2
  required type for y: uint
  but expression 'nil' is of type: typeof(nil)
proc `==`(x, y: uint16): bool
  first type mismatch at position: 2
  required type for y: uint16
  but expression 'nil' is of type: typeof(nil)
proc `==`(x, y: uint32): bool
  first type mismatch at position: 2
  required type for y: uint32
  but expression 'nil' is of type: typeof(nil)
proc `==`(x, y: uint64): bool
  first type mismatch at position: 2
  required type for y: uint64
  but expression 'nil' is of type: typeof(nil)
proc `==`(x, y: uint8): bool
  first type mismatch at position: 2
  required type for y: uint8
  but expression 'nil' is of type: typeof(nil)
proc `==`[T: tuple | object](x, y: T): bool
  first type mismatch at position: 2
  required type for y: T: tuple or object
  but expression 'nil' is of type: typeof(nil)
22 other mismatching symbols have been suppressed; compile with --showAllMismatches:on to see them

expression: this.neverHappensInst == nil
" />
    </testcase>
    <testcase time="0.002268791198730469" name="tif_struct" />
    <testcase time="0.00000000" name="tif_values">
      <failure message="/home/travis/build/kaitai-io/ci_targets/compiled/nim/if_values.nim(45, 26) Error: type mismatch: got &lt;int, typeof(nil)&gt;
but expected one of: 
proc `==`(a, b: Option): bool
  first type mismatch at position: 2
  required type for b: Option
  but expression 'nil' is of type: typeof(nil)
proc `==`(x, y: int): bool
  first type mismatch at position: 2
  required type for y: int
  but expression 'nil' is of type: typeof(nil)
proc `==`(x, y: int64): bool
  first type mismatch at position: 2
  required type for y: int64
  but expression 'nil' is of type: typeof(nil)
proc `==`[T: tuple | object](x, y: T): bool
  first type mismatch at position: 2
  required type for y: T: tuple or object
  but expression 'nil' is of type: typeof(nil)
25 other mismatching symbols have been suppressed; compile with --showAllMismatches:on to see them

expression: this.halfOpcodeInst == nil
" />
    </testcase>
    <testcase time="0.00000000" name="timports0">
      <failure message="/home/travis/build/kaitai-io/ci_targets/compiled/nim/imports0.nim(31, 21) Error: type mismatch: got &lt;uint8, typeof(nil)&gt;
but expected one of: 
proc `==`(a, b: Option): bool
  first type mismatch at position: 2
  required type for b: Option
  but expression 'nil' is of type: typeof(nil)
proc `==`(x, y: uint): bool
  first type mismatch at position: 2
  required type for y: uint
  but expression 'nil' is of type: typeof(nil)
proc `==`(x, y: uint16): bool
  first type mismatch at position: 2
  required type for y: uint16
  but expression 'nil' is of type: typeof(nil)
proc `==`(x, y: uint32): bool
  first type mismatch at position: 2
  required type for y: uint32
  but expression 'nil' is of type: typeof(nil)
proc `==`(x, y: uint64): bool
  first type mismatch at position: 2
  required type for y: uint64
  but expression 'nil' is of type: typeof(nil)
proc `==`(x, y: uint8): bool
  first type mismatch at position: 2
  required type for y: uint8
  but expression 'nil' is of type: typeof(nil)
proc `==`[T: tuple | object](x, y: T): bool
  first type mismatch at position: 2
  required type for y: T: tuple or object
  but expression 'nil' is of type: typeof(nil)
22 other mismatching symbols have been suppressed; compile with --showAllMismatches:on to see them

expression: this.hwOneInst == nil
" />
    </testcase>
    <testcase time="0.00000000" name="timports_abs">
      <failure message="/home/travis/build/kaitai-io/ci_targets/compiled/nim/vlq_base128_le.nim(65, 19) Error: type mismatch: got &lt;int, typeof(nil)&gt;
but expected one of: 
proc `==`(a, b: Option): bool
  first type mismatch at position: 2
  required type for b: Option
  but expression 'nil' is of type: typeof(nil)
proc `==`(x, y: int): bool
  first type mismatch at position: 2
  required type for y: int
  but expression 'nil' is of type: typeof(nil)
proc `==`(x, y: int64): bool
  first type mismatch at position: 2
  required type for y: int64
  but expression 'nil' is of type: typeof(nil)
proc `==`[T: tuple | object](x, y: T): bool
  first type mismatch at position: 2
  required type for y: T: tuple or object
  but expression 'nil' is of type: typeof(nil)
25 other mismatching symbols have been suppressed; compile with --showAllMismatches:on to see them

expression: this.lenInst == nil
" />
    </testcase>
    <testcase time="0.00000000" name="timports_circular_a">
      <failure message="/home/travis/build/kaitai-io/ci_targets/compiled/nim/imports_circular_a.nim(9, 13) Error: undeclared identifier: 'ImportsCircularB'
This might be caused by a recursive module dependency:
/home/travis/build/kaitai-io/ci_targets/compiled/nim/imports_circular_b.nim imports /home/travis/build/kaitai-io/ci_targets/compiled/nim/imports_circular_a.nim
/home/travis/build/kaitai-io/ci_targets/compiled/nim/imports_circular_a.nim imports /home/travis/build/kaitai-io/ci_targets/compiled/nim/imports_circular_b.nim
" />
    </testcase>
    <testcase time="0.00000000" name="timports_rel_1">
      <failure message="/home/travis/build/kaitai-io/ci_targets/compiled/nim/imports_rel_1.nim(3, 23) Error: cannot open file: for_rel_imports/imported_1
" />
    </testcase>
    <testcase time="0.001775264739990234" name="tindex_sizes" />
    <testcase time="0.001778364181518555" name="tindex_to_param_eos" />
    <testcase time="0.001689672470092773" name="tindex_to_param_expr" />
    <testcase time="0.001719474792480469" name="tindex_to_param_until" />
    <testcase time="0.001727581024169922" name="tinstance_io_user" />
    <testcase time="0.00167536735534668" name="tinstance_std" />
    <testcase time="0.001737356185913086" name="tinstance_std_array" />
    <testcase time="0.00162053108215332" name="tinstance_user_array" />
    <testcase time="0.001607894897460938" name="tintegers" />
    <testcase time="0.001682519912719727" name="tintegers_min_max" />
    <testcase time="0.00000000" name="tio_local_var">
      <failure message="/home/travis/build/kaitai-io/ci_targets/compiled/nim/io_local_var.nim(58, 25) Error: type mismatch: got &lt;seq[byte]&gt; but expected 'KaitaiStruct = ref KaitaiStruct:ObjectType'
" />
    </testcase>
    <testcase time="0.00000000" name="tjs_signed_right_shift">
      <failure message="/home/travis/build/kaitai-io/ci_targets/compiled/nim/js_signed_right_shift.nim(25, 32) Error: type mismatch: got &lt;int, typeof(nil)&gt;
but expected one of: 
proc `==`(a, b: Option): bool
  first type mismatch at position: 2
  required type for b: Option
  but expression 'nil' is of type: typeof(nil)
proc `==`(x, y: int): bool
  first type mismatch at position: 2
  required type for y: int
  but expression 'nil' is of type: typeof(nil)
proc `==`(x, y: int64): bool
  first type mismatch at position: 2
  required type for y: int64
  but expression 'nil' is of type: typeof(nil)
proc `==`[T: tuple | object](x, y: T): bool
  first type mismatch at position: 2
  required type for y: T: tuple or object
  but expression 'nil' is of type: typeof(nil)
25 other mismatching symbols have been suppressed; compile with --showAllMismatches:on to see them

expression: this.shouldBe40000000Inst == nil
" />
    </testcase>
    <testcase time="0.001561164855957031" name="tmeta_tags" />
    <testcase time="0.001608371734619141" name="tmeta_xref" />
    <testcase time="0.001674890518188477" name="tmultiple_use" />
    <testcase time="0.00163578987121582" name="tnav_parent" />
    <testcase time="0.00165104866027832" name="tnav_parent2" />
    <testcase time="0.001636266708374023" name="tnav_parent3" />
    <testcase time="0.001570224761962891" name="tnav_parent_false" />
    <testcase time="0.001584291458129883" name="tnav_parent_false2" />
    <testcase time="0.001706600189208984" name="tnav_parent_override" />
    <testcase time="0.001649141311645508" name="tnav_parent_switch" />
    <testcase time="0.00000000" name="tnav_parent_switch_cast">
      <failure message="/home/travis/build/kaitai-io/ci_targets/compiled/nim/nav_parent_switch_cast.nim(117, 20) Error: type mismatch: got &lt;uint8, typeof(nil)&gt;
but expected one of: 
proc `==`(a, b: Option): bool
  first type mismatch at position: 2
  required type for b: Option
  but expression 'nil' is of type: typeof(nil)
proc `==`(x, y: uint): bool
  first type mismatch at position: 2
  required type for y: uint
  but expression 'nil' is of type: typeof(nil)
proc `==`(x, y: uint16): bool
  first type mismatch at position: 2
  required type for y: uint16
  but expression 'nil' is of type: typeof(nil)
proc `==`(x, y: uint32): bool
  first type mismatch at position: 2
  required type for y: uint32
  but expression 'nil' is of type: typeof(nil)
proc `==`(x, y: uint64): bool
  first type mismatch at position: 2
  required type for y: uint64
  but expression 'nil' is of type: typeof(nil)
proc `==`(x, y: uint8): bool
  first type mismatch at position: 2
  required type for y: uint8
  but expression 'nil' is of type: typeof(nil)
proc `==`[T: tuple | object](x, y: T): bool
  first type mismatch at position: 2
  required type for y: T: tuple or object
  but expression 'nil' is of type: typeof(nil)
22 other mismatching symbols have been suppressed; compile with --showAllMismatches:on to see them

expression: this.flagInst == nil
" />
    </testcase>
    <testcase time="0.00000000" name="tnav_parent_vs_value_inst">
      <failure message="/home/travis/build/kaitai-io/ci_targets/compiled/nim/nav_parent_vs_value_inst.nim(44, 27) Error: type mismatch: got &lt;bool, typeof(nil)&gt;
but expected one of: 
proc `==`(a, b: Option): bool
  first type mismatch at position: 2
  required type for b: Option
  but expression 'nil' is of type: typeof(nil)
proc `==`(x, y: bool): bool
  first type mismatch at position: 2
  required type for y: bool
  but expression 'nil' is of type: typeof(nil)
proc `==`[T: tuple | object](x, y: T): bool
  first type mismatch at position: 2
  required type for y: T: tuple or object
  but expression 'nil' is of type: typeof(nil)
26 other mismatching symbols have been suppressed; compile with --showAllMismatches:on to see them

expression: this.doSomethingInst == nil
" />
    </testcase>
    <testcase time="0.001616716384887695" name="tnav_root" />
    <testcase time="0.001646757125854492" name="tnested_same_name" />
    <testcase time="0.001610517501831055" name="tnested_same_name2" />
    <testcase time="0.001659154891967773" name="tnested_type_param" />
    <testcase time="0.001613378524780273" name="tnested_types" />
    <testcase time="0.001587152481079102" name="tnested_types2" />
    <testcase time="0.001822948455810547" name="tnested_types3" />
    <testcase time="0.00000000" name="tnon_standard">
      <failure message="/home/travis/build/kaitai-io/ci_targets/compiled/nim/non_standard.nim(37, 18) Error: type mismatch: got &lt;uint8, typeof(nil)&gt;
but expected one of: 
proc `==`(a, b: Option): bool
  first type mismatch at position: 2
  required type for b: Option
  but expression 'nil' is of type: typeof(nil)
proc `==`(x, y: uint): bool
  first type mismatch at position: 2
  required type for y: uint
  but expression 'nil' is of type: typeof(nil)
proc `==`(x, y: uint16): bool
  first type mismatch at position: 2
  required type for y: uint16
  but expression 'nil' is of type: typeof(nil)
proc `==`(x, y: uint32): bool
  first type mismatch at position: 2
  required type for y: uint32
  but expression 'nil' is of type: typeof(nil)
proc `==`(x, y: uint64): bool
  first type mismatch at position: 2
  required type for y: uint64
  but expression 'nil' is of type: typeof(nil)
proc `==`(x, y: uint8): bool
  first type mismatch at position: 2
  required type for y: uint8
  but expression 'nil' is of type: typeof(nil)
proc `==`[T: tuple | object](x, y: T): bool
  first type mismatch at position: 2
  required type for y: T: tuple or object
  but expression 'nil' is of type: typeof(nil)
22 other mismatching symbols have been suppressed; compile with --showAllMismatches:on to see them

expression: this.viInst == nil
" />
    </testcase>
    <testcase time="0.001713752746582031" name="tparams_call_extra_parens" />
    <testcase time="0.002250432968139648" name="tparams_call_short" />
    <testcase time="0.00000000" name="tparams_enum">
      <failure message="/home/travis/build/kaitai-io/ci_targets/compiled/nim/params_enum.nim(51, 21) Error: type mismatch: got &lt;bool, typeof(nil)&gt;
but expected one of: 
proc `==`(a, b: Option): bool
  first type mismatch at position: 2
  required type for b: Option
  but expression 'nil' is of type: typeof(nil)
proc `==`(x, y: bool): bool
  first type mismatch at position: 2
  required type for y: bool
  but expression 'nil' is of type: typeof(nil)
proc `==`[T: tuple | object](x, y: T): bool
  first type mismatch at position: 2
  required type for y: T: tuple or object
  but expression 'nil' is of type: typeof(nil)
26 other mismatching symbols have been suppressed; compile with --showAllMismatches:on to see them

expression: this.isCatInst == nil
" />
    </testcase>
    <testcase time="0.00000000" name="tparams_pass_array_int">
      <failure message="/home/travis/build/kaitai-io/ci_targets/tests/spec/nim/tests/tparams_pass_array_int.nim(7, 27) template/generic instantiation of `fromFile` from here
/home/travis/build/kaitai-io/ci_targets/compiled/nim/params_pass_array_int.nim(45, 21) template/generic instantiation of `read` from here
/home/travis/build/kaitai-io/ci_targets/compiled/nim/params_pass_array_int.nim(33, 54) template/generic instantiation of `read` from here
/home/travis/build/kaitai-io/ci_targets/compiled/nim/params_pass_array_int.nim(54, 29) Error: type mismatch: got &lt;seq[int]&gt; but expected 'seq[uint16]'
" />
    </testcase>
    <testcase time="0.001774072647094727" name="tparams_pass_array_str" />
    <testcase time="0.001768112182617188" name="tparams_pass_array_struct" />
    <testcase time="0.001797676086425781" name="tparams_pass_array_usertype" />
    <testcase time="0.001765727996826172" name="tparams_pass_struct" />
    <testcase time="0.002393960952758789" name="tparams_pass_usertype" />
    <testcase time="0.001710414886474609" name="tposition_abs" />
    <testcase time="0.001722574234008789" name="tposition_in_seq" />
    <testcase time="0.001641988754272461" name="tposition_to_end" />
    <testcase time="0.001999378204345703" name="tprocess_coerce_bytes" />
    <testcase time="0.00000000" name="tprocess_coerce_switch">
      <failure message="/home/travis/build/kaitai-io/ci_targets/tests/spec/nim/tests/tprocess_coerce_switch.nim(7, 28) template/generic instantiation of `fromFile` from here
/home/travis/build/kaitai-io/ci_targets/compiled/nim/process_coerce_switch.nim(74, 22) template/generic instantiation of `read` from here
/home/travis/build/kaitai-io/ci_targets/compiled/nim/process_coerce_switch.nim(47, 26) Error: type mismatch: got &lt;seq[byte]&gt; but expected 'KaitaiStruct = ref KaitaiStruct:ObjectType'
" />
    </testcase>
    <testcase time="0.001699209213256836" name="tprocess_coerce_usertype1" />
    <testcase time="0.00172734260559082" name="tprocess_coerce_usertype2" />
    <testcase time="0.00000000" name="tprocess_custom">
      <failure message="/home/travis/build/kaitai-io/ci_targets/compiled/nim/process_custom.nim(3, 8) Error: cannot open file: my_custom_fx
" />
    </testcase>
    <testcase time="0.00000000" name="tprocess_custom_no_args">
      <failure message="/home/travis/build/kaitai-io/ci_targets/compiled/nim/process_custom_no_args.nim(3, 8) Error: cannot open file: custom_fx_no_args
" />
    </testcase>
    <testcase time="0.001674652099609375" name="tprocess_repeat_bytes" />
    <testcase time="0.00000000" name="tprocess_repeat_usertype">
      <failure message="/home/travis/build/kaitai-io/ci_targets/tests/spec/nim/tests/tprocess_repeat_usertype.nim(7, 30) template/generic instantiation of `fromFile` from here
/home/travis/build/kaitai-io/ci_targets/compiled/nim/process_repeat_usertype.nim(37, 24) template/generic instantiation of `read` from here
/home/travis/build/kaitai-io/ci_targets/compiled/nim/process_repeat_usertype.nim(30, 9) Error: redefinition of 'buf'; previous declaration here: /home/travis/build/kaitai-io/ci_targets/compiled/nim/process_repeat_usertype.nim(28, 9)
" />
    </testcase>
    <testcase time="0.001678228378295898" name="tprocess_rotate" />
    <testcase time="0.001704216003417969" name="tprocess_to_user" />
    <testcase time="0.001591205596923828" name="tprocess_xor4_const" />
    <testcase time="0.001597881317138672" name="tprocess_xor4_value" />
    <testcase time="0.001748085021972656" name="tprocess_xor_const" />
    <testcase time="0.001668691635131836" name="tprocess_xor_value" />
    <testcase time="0.001653194427490234" name="trecursive_one" />
    <testcase time="0.001633644104003906" name="trepeat_eos_bit" />
    <testcase time="0.001678943634033203" name="trepeat_eos_struct" />
    <testcase time="0.001639127731323242" name="trepeat_eos_u4" />
    <testcase time="0.001718521118164062" name="trepeat_n_struct" />
    <testcase time="0.001827478408813477" name="trepeat_n_strz" />
    <testcase time="0.001843929290771484" name="trepeat_n_strz_double" />
    <testcase time="0.00164484977722168" name="trepeat_until_calc_array_type" />
    <testcase time="0.001840829849243164" name="trepeat_until_complex" />
    <testcase time="0.001657962799072266" name="trepeat_until_s4" />
    <testcase time="0.001636981964111328" name="trepeat_until_sized" />
    <testcase time="0.005493640899658203" name="tstr_encodings" />
    <testcase time="0.001801967620849609" name="tstr_encodings_default" />
    <testcase time="0.001840829849243164" name="tstr_eos" />
    <testcase time="0.001602888107299805" name="tstr_literals2" />
    <testcase time="0.001703262329101562" name="tstr_pad_term" />
    <testcase time="0.001660346984863281" name="tstr_pad_term_empty" />
    <testcase time="0.001754283905029297" name="tswitch_bytearray" />
    <testcase time="0.00000000" name="tswitch_else_only">
      <failure message="/home/travis/build/kaitai-io/ci_targets/tests/spec/nim/tests/tswitch_else_only.nim(9, 6) template/generic instantiation of `test` from here
/home/travis/build/kaitai-io/ci_targets/tests/spec/nim/tests/tswitch_else_only.nim(13, 10) Error: undeclared field: 'struct' for type switch_else_only.SwitchElseOnly [declared in /home/travis/build/kaitai-io/ci_targets/compiled/nim/switch_else_only.nim(5, 3)] 
" />
    </testcase>
    <testcase time="0.001688480377197266" name="tswitch_integers" />
    <testcase time="0.001721382141113281" name="tswitch_integers2" />
    <testcase time="0.001854181289672852" name="tswitch_manual_enum" />
    <testcase time="0.00000000" name="tswitch_manual_enum_invalid">
      <failure message="/opt/Nim-1.2.0/lib/pure/unittest.nim(647, 43) Error: conversion from int literal(255) to SwitchManualEnumInvalid_Opcode_CodeEnum is invalid
" />
    </testcase>
    <testcase time="0.00000000" name="tswitch_manual_enum_invalid_else">
      <failure message="/home/travis/build/kaitai-io/ci_targets/compiled/nim/switch_manual_enum_invalid_else.nim(114, 21) Error: type mismatch: got &lt;int8, typeof(nil)&gt;
but expected one of: 
proc `==`(a, b: Option): bool
  first type mismatch at position: 2
  required type for b: Option
  but expression 'nil' is of type: typeof(nil)
proc `==`(x, y: int): bool
  first type mismatch at position: 2
  required type for y: int
  but expression 'nil' is of type: typeof(nil)
proc `==`(x, y: int16): bool
  first type mismatch at position: 2
  required type for y: int16
  but expression 'nil' is of type: typeof(nil)
proc `==`(x, y: int32): bool
  first type mismatch at position: 2
  required type for y: int32
  but expression 'nil' is of type: typeof(nil)
proc `==`(x, y: int64): bool
  first type mismatch at position: 2
  required type for y: int64
  but expression 'nil' is of type: typeof(nil)
proc `==`(x, y: int8): bool
  first type mismatch at position: 2
  required type for y: int8
  but expression 'nil' is of type: typeof(nil)
proc `==`[T: tuple | object](x, y: T): bool
  first type mismatch at position: 2
  required type for y: T: tuple or object
  but expression 'nil' is of type: typeof(nil)
22 other mismatching symbols have been suppressed; compile with --showAllMismatches:on to see them

expression: this.valueInst == nil
" />
    </testcase>
    <testcase time="0.001835107803344727" name="tswitch_manual_int" />
    <testcase time="0.00179290771484375" name="tswitch_manual_int_else" />
    <testcase time="0.00000000" name="tswitch_manual_int_size">
      <failure message="/home/travis/build/kaitai-io/ci_targets/tests/spec/nim/tests/tswitch_manual_int_size.nim(7, 28) template/generic instantiation of `fromFile` from here
/home/travis/build/kaitai-io/ci_targets/compiled/nim/switch_manual_int_size.nim(44, 22) template/generic instantiation of `read` from here
/home/travis/build/kaitai-io/ci_targets/compiled/nim/switch_manual_int_size.nim(39, 41) template/generic instantiation of `read` from here
/home/travis/build/kaitai-io/ci_targets/compiled/nim/switch_manual_int_size.nim(74, 19) Error: type mismatch: got &lt;seq[byte]&gt; but expected 'KaitaiStruct = ref KaitaiStruct:ObjectType'
" />
    </testcase>
    <testcase time="0.00000000" name="tswitch_manual_int_size_else">
      <failure message="/home/travis/build/kaitai-io/ci_targets/tests/spec/nim/tests/tswitch_manual_int_size_else.nim(9, 6) template/generic instantiation of `test` from here
/home/travis/build/kaitai-io/ci_targets/tests/spec/nim/tests/tswitch_manual_int_size_else.nim(20, 8) template/generic instantiation of `check` from here
/opt/Nim-1.2.0/lib/pure/unittest.nim(647, 43) Error: cannot infer the type of the sequence
" />
    </testcase>
    <testcase time="0.001816511154174805" name="tswitch_manual_str" />
    <testcase time="0.001770496368408203" name="tswitch_manual_str_else" />
    <testcase time="0.001635551452636719" name="tterm_bytes" />
    <testcase time="0.001707077026367188" name="tterm_strz" />
    <testcase time="0.001633882522583008" name="tts_packet_header" />
    <testcase time="0.00000000" name="ttype_int_unary_op">
      <failure message="/home/travis/build/kaitai-io/ci_targets/compiled/nim/type_int_unary_op.nim(31, 23) Error: type mismatch: got &lt;int, typeof(nil)&gt;
but expected one of: 
proc `==`(a, b: Option): bool
  first type mismatch at position: 2
  required type for b: Option
  but expression 'nil' is of type: typeof(nil)
proc `==`(x, y: int): bool
  first type mismatch at position: 2
  required type for y: int
  but expression 'nil' is of type: typeof(nil)
proc `==`(x, y: int64): bool
  first type mismatch at position: 2
  required type for y: int64
  but expression 'nil' is of type: typeof(nil)
proc `==`[T: tuple | object](x, y: T): bool
  first type mismatch at position: 2
  required type for y: T: tuple or object
  but expression 'nil' is of type: typeof(nil)
25 other mismatching symbols have been suppressed; compile with --showAllMismatches:on to see them

expression: this.unaryS2Inst == nil
" />
    </testcase>
    <testcase time="0.00000000" name="ttype_ternary">
      <failure message="/home/travis/build/kaitai-io/ci_targets/compiled/nim/type_ternary.nim(49, 22) Error: type mismatch: got &lt;bool, typeof(nil)&gt;
but expected one of: 
proc `==`(a, b: Option): bool
  first type mismatch at position: 2
  required type for b: Option
  but expression 'nil' is of type: typeof(nil)
proc `==`(x, y: bool): bool
  first type mismatch at position: 2
  required type for y: bool
  but expression 'nil' is of type: typeof(nil)
proc `==`[T: tuple | object](x, y: T): bool
  first type mismatch at position: 2
  required type for y: T: tuple or object
  but expression 'nil' is of type: typeof(nil)
26 other mismatching symbols have been suppressed; compile with --showAllMismatches:on to see them

expression: this.isHackInst == nil
" />
    </testcase>
    <testcase time="0.00000000" name="ttype_ternary_2nd_falsy">
      <failure message="/home/travis/build/kaitai-io/ci_targets/compiled/nim/type_ternary_2nd_falsy.nim(70, 26) Error: type mismatch: got &lt;float64, typeof(nil)&gt;
but expected one of: 
proc `==`(a, b: Option): bool
  first type mismatch at position: 2
  required type for b: Option
  but expression 'nil' is of type: typeof(nil)
proc `==`(x, y: float): bool
  first type mismatch at position: 2
  required type for y: float
  but expression 'nil' is of type: typeof(nil)
proc `==`(x, y: float32): bool
  first type mismatch at position: 2
  required type for y: float32
  but expression 'nil' is of type: typeof(nil)
proc `==`[T: tuple | object](x, y: T): bool
  first type mismatch at position: 2
  required type for y: T: tuple or object
  but expression 'nil' is of type: typeof(nil)
25 other mismatching symbols have been suppressed; compile with --showAllMismatches:on to see them

expression: this.vFloatZeroInst == nil
" />
    </testcase>
    <testcase time="0.001636028289794922" name="tuser_type" />
    <testcase time="0.001707077026367188" name="tvalid_long" />
    <testcase time="0.001561164855957031" name="tvalid_not_parsed_if" />
    <testcase time="0.001659154891967773" name="tvalid_short" />
    <testcase time="0.001641511917114258" name="tvalid_switch" />
    <testcase time="0.00000000" name="tyaml_ints">
      <failure message="/home/travis/build/kaitai-io/ci_targets/compiled/nim/yaml_ints.nim(29, 25) Error: type mismatch: got &lt;int, typeof(nil)&gt;
but expected one of: 
proc `==`(a, b: Option): bool
  first type mismatch at position: 2
  required type for b: Option
  but expression 'nil' is of type: typeof(nil)
proc `==`(x, y: int): bool
  first type mismatch at position: 2
  required type for y: int
  but expression 'nil' is of type: typeof(nil)
proc `==`(x, y: int64): bool
  first type mismatch at position: 2
  required type for y: int64
  but expression 'nil' is of type: typeof(nil)
proc `==`[T: tuple | object](x, y: T): bool
  first type mismatch at position: 2
  required type for y: T: tuple or object
  but expression 'nil' is of type: typeof(nil)
25 other mismatching symbols have been suppressed; compile with --showAllMismatches:on to see them

expression: this.testU4DecInst == nil
" />
    </testcase>
    <testcase time="0.00000000" name="tzlib_surrounded">
      <failure message="/home/travis/build/kaitai-io/ci_targets/tests/spec/nim/tests/tzlib_surrounded.nim(7, 23) template/generic instantiation of `fromFile` from here
/home/travis/build/kaitai-io/ci_targets/compiled/nim/zlib_surrounded.nim(41, 17) template/generic instantiation of `read` from here
/home/travis/build/kaitai-io/ci_targets/compiled/nim/zlib_surrounded.nim(32, 36) Error: attempting to call undeclared routine: 'processZlib'
" />
    </testcase>
    <testcase time="0.00000000" name="tzlib_with_header_78">
      <failure message="/home/travis/build/kaitai-io/ci_targets/tests/spec/nim/tests/tzlib_with_header_78.nim(7, 25) template/generic instantiation of `fromFile` from here
/home/travis/build/kaitai-io/ci_targets/compiled/nim/zlib_with_header_78.nim(27, 19) template/generic instantiation of `read` from here
/home/travis/build/kaitai-io/ci_targets/compiled/nim/zlib_with_header_78.nim(23, 30) Error: attempting to call undeclared routine: 'processZlib'
" />
    </testcase>
  </testsuite>
</testsuites>