<testsuites>
  <testsuite tests="166" failures="0" errors="15" name="tests">
    <testcase time="0.0018157958984375" name="tbcd_user_type_be" />
    <testcase time="0.001748800277709961" name="tbcd_user_type_le" />
    <testcase time="0.001805543899536133" name="tbits_byte_aligned" />
    <testcase time="0.001836299896240234" name="tbits_enum" />
    <testcase time="0.001746416091918945" name="tbits_simple" />
    <testcase time="0.001870870590209961" name="tbuffered_struct" />
    <testcase time="0.00183868408203125" name="tbytes_pad_term" />
    <testcase time="0.001923322677612305" name="tcast_nested" />
    <testcase time="0.001946449279785156" name="tcast_to_imported" />
    <testcase time="0.001853704452514648" name="tcast_to_top" />
    <testcase time="0.001947164535522461" name="tcombine_bool" />
    <testcase time="0.001793861389160156" name="tcombine_bytes" />
    <testcase time="0.001902103424072266" name="tcombine_str" />
    <testcase time="0.001802921295166016" name="tdebug_switch_user" />
    <testcase time="0.001855134963989258" name="tdefault_big_endian" />
    <testcase time="0.001961469650268555" name="tdefault_endian_expr_inherited" />
    <testcase time="0.001860618591308594" name="tdefault_endian_expr_is_be" />
    <testcase time="0.00175023078918457" name="tdefault_endian_expr_is_le" />
    <testcase time="0.001737356185913086" name="tdefault_endian_mod" />
    <testcase time="0.001771211624145508" name="tdocstrings" />
    <testcase time="0.001799106597900391" name="tdocstrings_docref" />
    <testcase time="0.00188136100769043" name="tdocstrings_docref_multi" />
    <testcase time="0.0018463134765625" name="tenum_0" />
    <testcase time="0.001840114593505859" name="tenum_1" />
    <testcase time="0.001779556274414062" name="tenum_deep" />
    <testcase time="0.001920461654663086" name="tenum_deep_literals" />
    <testcase time="0.001756906509399414" name="tenum_fancy" />
    <testcase time="0.001913070678710938" name="tenum_if" />
    <testcase time="0.001868009567260742" name="tenum_import" />
    <testcase time="0.001763105392456055" name="tenum_int_range_s" />
    <testcase time="0.001854419708251953" name="tenum_int_range_u" />
    <testcase time="0.001972436904907227" name="tenum_invalid" />
    <testcase time="0.00000000" name="tenum_long_range_s">
      <failure message="fatal.nim(49)            sysFatal
Error: unhandled exception: over- or underflow [OverflowError]
" />
    </testcase>
    <testcase time="0.00000000" name="tenum_long_range_u">
      <failure message="fatal.nim(49)            sysFatal
Error: unhandled exception: over- or underflow [OverflowError]
" />
    </testcase>
    <testcase time="0.001830577850341797" name="tenum_negative" />
    <testcase time="0.001748085021972656" name="tenum_of_value_inst" />
    <testcase time="0.001825332641601562" name="tenum_to_i" />
    <testcase time="0.00000000" name="tenum_to_i_class_border_1">
      <failure message="/home/travis/build/kaitai-io/ci_targets/compiled/nim/enum_to_i_class_border_1.nim(12, 26) Error: undeclared identifier: 'EnumToIClassBorder2'
This might be caused by a recursive module dependency:
/home/travis/build/kaitai-io/ci_targets/compiled/nim/enum_to_i_class_border_2.nim imports /home/travis/build/kaitai-io/ci_targets/compiled/nim/enum_to_i_class_border_1.nim
/home/travis/build/kaitai-io/ci_targets/compiled/nim/enum_to_i_class_border_1.nim imports /home/travis/build/kaitai-io/ci_targets/compiled/nim/enum_to_i_class_border_2.nim
" />
    </testcase>
    <testcase time="0.001805543899536133" name="texpr_0" />
    <testcase time="0.001793861389160156" name="texpr_1" />
    <testcase time="0.001984834671020508" name="texpr_2" />
    <testcase time="0.001908302307128906" name="texpr_3" />
    <testcase time="0.001905202865600586" name="texpr_array" />
    <testcase time="0.001871585845947266" name="texpr_bits" />
    <testcase time="0.001782417297363281" name="texpr_bytes_cmp" />
    <testcase time="0.00000000" name="texpr_bytes_literal">
      <failure message="/home/travis/build/kaitai-io/ci_targets/tests/spec/nim/tests/texpr_bytes_literal.nim(4, 29) Error: cannot open file: ../../../compiled/nim/expr_bytes_literal
" />
    </testcase>
    <testcase time="0.001837730407714844" name="texpr_bytes_ops" />
    <testcase time="0.001784801483154297" name="texpr_calc_array_ops" />
    <testcase time="0.001831531524658203" name="texpr_enum" />
    <testcase time="0.001800298690795898" name="texpr_io_eof" />
    <testcase time="0.001883745193481445" name="texpr_io_pos" />
    <testcase time="0.001856088638305664" name="texpr_mod" />
    <testcase time="0.001825332641601562" name="texpr_ops_parens" />
    <testcase time="0.001828908920288086" name="texpr_sizeof_type_0" />
    <testcase time="0.001845359802246094" name="texpr_sizeof_type_1" />
    <testcase time="0.001883506774902344" name="texpr_sizeof_value_0" />
    <testcase time="0.001715898513793945" name="texpr_sizeof_value_sized" />
    <testcase time="0.001956939697265625" name="texpr_str_ops" />
    <testcase time="0.00185084342956543" name="tfixed_contents" />
    <testcase time="0.001775741577148438" name="tfixed_struct" />
    <testcase time="0.001805305480957031" name="tfloat_to_i" />
    <testcase time="0.001844882965087891" name="tfloating_points" />
    <testcase time="0.001842498779296875" name="thello_world" />
    <testcase time="0.001851081848144531" name="tif_instances" />
    <testcase time="0.001835107803344727" name="tif_struct" />
    <testcase time="0.001795053482055664" name="tif_values" />
    <testcase time="0.002937555313110352" name="timports0" />
    <testcase time="0.00000000" name="timports_abs">
      <failure message="/home/travis/build/kaitai-io/ci_targets/compiled/nim/imports_abs.nim(3, 15) Error: cannot open file: /common/vlq_base128_le
" />
    </testcase>
    <testcase time="0.002001523971557617" name="tindex_sizes" />
    <testcase time="0.001877307891845703" name="tindex_to_param_eos" />
    <testcase time="0.001931667327880859" name="tindex_to_param_expr" />
    <testcase time="0.001855373382568359" name="tindex_to_param_until" />
    <testcase time="0.002018928527832031" name="tinstance_io_user" />
    <testcase time="0.001829385757446289" name="tinstance_std" />
    <testcase time="0.001810312271118164" name="tinstance_std_array" />
    <testcase time="0.001877546310424805" name="tinstance_user_array" />
    <testcase time="0.001741170883178711" name="tintegers" />
    <testcase time="0.001941442489624023" name="tintegers_min_max" />
    <testcase time="0.00000000" name="tio_local_var">
      <failure message="/home/travis/build/kaitai-io/ci_targets/tests/spec/nim/tests/tio_local_var.nim(4, 29) Error: cannot open file: ../../../compiled/nim/io_local_var
" />
    </testcase>
    <testcase time="0.001869678497314453" name="tjs_signed_right_shift" />
    <testcase time="0.001920461654663086" name="tmeta_tags" />
    <testcase time="0.00183558464050293" name="tmeta_xref" />
    <testcase time="0.001830816268920898" name="tmultiple_use" />
    <testcase time="0.001951694488525391" name="tnav_parent" />
    <testcase time="0.002003908157348633" name="tnav_parent2" />
    <testcase time="0.001971244812011719" name="tnav_parent3" />
    <testcase time="0.00175786018371582" name="tnav_parent_false" />
    <testcase time="0.001856565475463867" name="tnav_parent_false2" />
    <testcase time="0.001858711242675781" name="tnav_parent_override" />
    <testcase time="0.001846551895141602" name="tnav_parent_switch" />
    <testcase time="0.00000000" name="tnav_parent_switch_cast">
      <failure message="/home/travis/build/kaitai-io/ci_targets/tests/spec/nim/tests/tnav_parent_switch_cast.nim(4, 29) Error: cannot open file: ../../../compiled/nim/nav_parent_switch_cast
" />
    </testcase>
    <testcase time="0.001851558685302734" name="tnav_parent_vs_value_inst" />
    <testcase time="0.001842975616455078" name="tnav_root" />
    <testcase time="0.001865386962890625" name="tnested_same_name" />
    <testcase time="0.001819849014282227" name="tnested_same_name2" />
    <testcase time="0.001943111419677734" name="tnested_type_param" />
    <testcase time="0.001881599426269531" name="tnested_types" />
    <testcase time="0.001830577850341797" name="tnested_types2" />
    <testcase time="0.001912355422973633" name="tnested_types3" />
    <testcase time="0.001789569854736328" name="tnon_standard" />
    <testcase time="0.001921892166137695" name="tparams_call_extra_parens" />
    <testcase time="0.001955986022949219" name="tparams_call_short" />
    <testcase time="0.001819849014282227" name="tparams_enum" />
    <testcase time="0.00000000" name="tparams_pass_array_int">
      <failure message="/home/travis/build/kaitai-io/ci_targets/tests/spec/nim/tests/tparams_pass_array_int.nim(7, 27) template/generic instantiation of `fromFile` from here
/home/travis/build/kaitai-io/ci_targets/compiled/nim/params_pass_array_int.nim(45, 21) template/generic instantiation of `read` from here
/home/travis/build/kaitai-io/ci_targets/compiled/nim/params_pass_array_int.nim(33, 54) template/generic instantiation of `read` from here
/home/travis/build/kaitai-io/ci_targets/compiled/nim/params_pass_array_int.nim(54, 29) Error: type mismatch: got &lt;seq[int]&gt; but expected 'seq[uint16]'
" />
    </testcase>
    <testcase time="0.002044439315795898" name="tparams_pass_array_str" />
    <testcase time="0.001904726028442383" name="tparams_pass_array_struct" />
    <testcase time="0.001858711242675781" name="tparams_pass_array_usertype" />
    <testcase time="0.00180506706237793" name="tparams_pass_struct" />
    <testcase time="0.001856327056884766" name="tparams_pass_usertype" />
    <testcase time="0.001900196075439453" name="tposition_abs" />
    <testcase time="0.001823902130126953" name="tposition_in_seq" />
    <testcase time="0.001939773559570312" name="tposition_to_end" />
    <testcase time="0.001861095428466797" name="tprocess_coerce_bytes" />
    <testcase time="0.00000000" name="tprocess_coerce_switch">
      <failure message="/home/travis/build/kaitai-io/ci_targets/tests/spec/nim/tests/tprocess_coerce_switch.nim(4, 29) Error: cannot open file: ../../../compiled/nim/process_coerce_switch
" />
    </testcase>
    <testcase time="0.001804113388061523" name="tprocess_coerce_usertype1" />
    <testcase time="0.001790761947631836" name="tprocess_coerce_usertype2" />
    <testcase time="0.001822233200073242" name="tprocess_custom" />
    <testcase time="0.00000000" name="tprocess_custom_no_args">
      <failure message="/home/travis/build/kaitai-io/ci_targets/compiled/nim/process_custom_no_args.nim(3, 35) Error: cannot open file: ../../tests/spec/nim/opaque/custom_fx_no_args
" />
    </testcase>
    <testcase time="0.001792669296264648" name="tprocess_repeat_bytes" />
    <testcase time="0.00000000" name="tprocess_repeat_usertype">
      <failure message="/home/travis/build/kaitai-io/ci_targets/tests/spec/nim/tests/tprocess_repeat_usertype.nim(7, 30) template/generic instantiation of `fromFile` from here
/home/travis/build/kaitai-io/ci_targets/compiled/nim/process_repeat_usertype.nim(37, 24) template/generic instantiation of `read` from here
/home/travis/build/kaitai-io/ci_targets/compiled/nim/process_repeat_usertype.nim(30, 9) Error: redefinition of 'buf'; previous declaration here: /home/travis/build/kaitai-io/ci_targets/compiled/nim/process_repeat_usertype.nim(28, 9)
" />
    </testcase>
    <testcase time="0.00188446044921875" name="tprocess_rotate" />
    <testcase time="0.001834392547607422" name="tprocess_to_user" />
    <testcase time="0.001876115798950195" name="tprocess_xor4_const" />
    <testcase time="0.001952171325683594" name="tprocess_xor4_value" />
    <testcase time="0.00199437141418457" name="tprocess_xor_const" />
    <testcase time="0.001997947692871094" name="tprocess_xor_value" />
    <testcase time="0.00192570686340332" name="trecursive_one" />
    <testcase time="0.002028942108154297" name="trepeat_eos_bit" />
    <testcase time="0.001860380172729492" name="trepeat_eos_struct" />
    <testcase time="0.001837491989135742" name="trepeat_eos_u4" />
    <testcase time="0.001805305480957031" name="trepeat_n_struct" />
    <testcase time="0.001936912536621094" name="trepeat_n_strz" />
    <testcase time="0.001914024353027344" name="trepeat_n_strz_double" />
    <testcase time="0.001883745193481445" name="trepeat_until_complex" />
    <testcase time="0.001904010772705078" name="trepeat_until_s4" />
    <testcase time="0.001822233200073242" name="trepeat_until_sized" />
    <testcase time="0.006132364273071289" name="tstr_encodings" />
    <testcase time="0.001976728439331055" name="tstr_encodings_default" />
    <testcase time="0.001849651336669922" name="tstr_eos" />
    <testcase time="0.001791954040527344" name="tstr_literals2" />
    <testcase time="0.002018928527832031" name="tstr_pad_term" />
    <testcase time="0.001892566680908203" name="tstr_pad_term_empty" />
    <testcase time="0.002076387405395508" name="tswitch_bytearray" />
    <testcase time="0.00181126594543457" name="tswitch_else_only" />
    <testcase time="0.001821994781494141" name="tswitch_integers" />
    <testcase time="0.001868009567260742" name="tswitch_integers2" />
    <testcase time="0.001853704452514648" name="tswitch_manual_enum" />
    <testcase time="0.00000000" name="tswitch_manual_enum_invalid">
      <failure message="/opt/Nim-1.2.0/lib/pure/unittest.nim(647, 43) Error: conversion from int literal(255) to SwitchManualEnumInvalid_Opcode_CodeEnum is invalid
" />
    </testcase>
    <testcase time="0.00000000" name="tswitch_manual_enum_invalid_else">
      <failure message="/opt/Nim-1.2.0/lib/pure/unittest.nim(647, 43) Error: conversion from int literal(255) to SwitchManualEnumInvalidElse_Opcode_CodeEnum is invalid
" />
    </testcase>
    <testcase time="0.001834869384765625" name="tswitch_manual_int" />
    <testcase time="0.001833438873291016" name="tswitch_manual_int_else" />
    <testcase time="0.001856565475463867" name="tswitch_manual_int_size_else" />
    <testcase time="0.001844406127929688" name="tswitch_manual_str" />
    <testcase time="0.001883745193481445" name="tswitch_manual_str_else" />
    <testcase time="0.001805305480957031" name="tterm_bytes" />
    <testcase time="0.001849889755249023" name="tterm_strz" />
    <testcase time="0.001818656921386719" name="tts_packet_header" />
    <testcase time="0.002269268035888672" name="ttype_int_unary_op" />
    <testcase time="0.001765966415405273" name="ttype_ternary" />
    <testcase time="0.001887083053588867" name="tuser_type" />
    <testcase time="0.002006769180297852" name="tvalid_long" />
    <testcase time="0.0017547607421875" name="tvalid_not_parsed_if" />
    <testcase time="0.002201557159423828" name="tvalid_short" />
    <testcase time="0.001780271530151367" name="tvalid_switch" />
    <testcase time="0.00000000" name="tzlib_surrounded">
      <failure message="/home/travis/build/kaitai-io/ci_targets/tests/spec/nim/tests/tzlib_surrounded.nim(7, 23) template/generic instantiation of `fromFile` from here
/home/travis/build/kaitai-io/ci_targets/compiled/nim/zlib_surrounded.nim(41, 17) template/generic instantiation of `read` from here
/home/travis/build/kaitai-io/ci_targets/compiled/nim/zlib_surrounded.nim(32, 36) Error: attempting to call undeclared routine: 'processZlib'
" />
    </testcase>
    <testcase time="0.00000000" name="tzlib_with_header_78">
      <failure message="/home/travis/build/kaitai-io/ci_targets/tests/spec/nim/tests/tzlib_with_header_78.nim(7, 25) template/generic instantiation of `fromFile` from here
/home/travis/build/kaitai-io/ci_targets/compiled/nim/zlib_with_header_78.nim(27, 19) template/generic instantiation of `read` from here
/home/travis/build/kaitai-io/ci_targets/compiled/nim/zlib_with_header_78.nim(23, 30) Error: attempting to call undeclared routine: 'processZlib'
" />
    </testcase>
  </testsuite>
</testsuites>