<testsuites>
  <testsuite tests="175" failures="0" errors="22" name="tests">
    <testcase time="0.001784324645996094" name="tbcd_user_type_be" />
    <testcase time="0.001938343048095703" name="tbcd_user_type_le" />
    <testcase time="0.001783609390258789" name="tbits_byte_aligned" />
    <testcase time="0.001796245574951172" name="tbits_enum" />
    <testcase time="0.001750469207763672" name="tbits_seq_endian_combo" />
    <testcase time="0.001704216003417969" name="tbits_simple" />
    <testcase time="0.001734495162963867" name="tbits_simple_le" />
    <testcase time="0.001775026321411133" name="tbuffered_struct" />
    <testcase time="0.001808404922485352" name="tbytes_pad_term" />
    <testcase time="0.001891613006591797" name="tcast_nested" />
    <testcase time="0.001777172088623047" name="tcast_to_imported" />
    <testcase time="0.001718044281005859" name="tcast_to_top" />
    <testcase time="0.001684904098510742" name="tcombine_bool" />
    <testcase time="0.001794576644897461" name="tcombine_bytes" />
    <testcase time="0.001944780349731445" name="tcombine_str" />
    <testcase time="0.001696348190307617" name="tdebug_switch_user" />
    <testcase time="0.001887321472167969" name="tdefault_big_endian" />
    <testcase time="0.001672744750976562" name="tdefault_bit_endian_mod" />
    <testcase time="0.001891136169433594" name="tdefault_endian_expr_inherited" />
    <testcase time="0.001771926879882812" name="tdefault_endian_expr_is_be" />
    <testcase time="0.001885890960693359" name="tdefault_endian_expr_is_le" />
    <testcase time="0.001939058303833008" name="tdefault_endian_mod" />
    <testcase time="0.001721858978271484" name="tdocstrings" />
    <testcase time="0.001868724822998047" name="tdocstrings_docref" />
    <testcase time="0.001791954040527344" name="tdocstrings_docref_multi" />
    <testcase time="0.001830577850341797" name="tenum_0" />
    <testcase time="0.001761913299560547" name="tenum_1" />
    <testcase time="0.001801967620849609" name="tenum_deep" />
    <testcase time="0.001726388931274414" name="tenum_deep_literals" />
    <testcase time="0.001764297485351562" name="tenum_fancy" />
    <testcase time="0.001924753189086914" name="tenum_if" />
    <testcase time="0.001822710037231445" name="tenum_import" />
    <testcase time="0.001695394515991211" name="tenum_int_range_s" />
    <testcase time="0.001812934875488281" name="tenum_int_range_u" />
    <testcase time="0.00174713134765625" name="tenum_invalid" />
    <testcase time="0.00000000" name="tenum_long_range_s">
      <failure message="fatal.nim(49)            sysFatal
Error: unhandled exception: over- or underflow [OverflowError]
" />
    </testcase>
    <testcase time="0.00000000" name="tenum_long_range_u">
      <failure message="fatal.nim(49)            sysFatal
Error: unhandled exception: over- or underflow [OverflowError]
" />
    </testcase>
    <testcase time="0.001788616180419922" name="tenum_negative" />
    <testcase time="0.001821517944335938" name="tenum_of_value_inst" />
    <testcase time="0.001809597015380859" name="tenum_to_i" />
    <testcase time="0.00000000" name="tenum_to_i_class_border_1">
      <failure message="/home/travis/build/kaitai-io/ci_targets/compiled/nim/enum_to_i_class_border_1.nim(12, 26) Error: undeclared identifier: 'EnumToIClassBorder2'
This might be caused by a recursive module dependency:
/home/travis/build/kaitai-io/ci_targets/compiled/nim/enum_to_i_class_border_2.nim imports /home/travis/build/kaitai-io/ci_targets/compiled/nim/enum_to_i_class_border_1.nim
/home/travis/build/kaitai-io/ci_targets/compiled/nim/enum_to_i_class_border_1.nim imports /home/travis/build/kaitai-io/ci_targets/compiled/nim/enum_to_i_class_border_2.nim
" />
    </testcase>
    <testcase time="0.001701593399047852" name="texpr_0" />
    <testcase time="0.00187373161315918" name="texpr_1" />
    <testcase time="0.001948118209838867" name="texpr_2" />
    <testcase time="0.001801490783691406" name="texpr_3" />
    <testcase time="0.001822948455810547" name="texpr_array" />
    <testcase time="0.001873970031738281" name="texpr_bits" />
    <testcase time="0.001708269119262695" name="texpr_bytes_cmp" />
    <testcase time="0.00000000" name="texpr_bytes_literal">
      <failure message="/home/travis/build/kaitai-io/ci_targets/tests/spec/nim/tests/texpr_bytes_literal.nim(4, 29) Error: cannot open file: ../../../compiled/nim/expr_bytes_literal
" />
    </testcase>
    <testcase time="0.001951694488525391" name="texpr_bytes_ops" />
    <testcase time="0.001812219619750977" name="texpr_calc_array_ops" />
    <testcase time="0.001690149307250977" name="texpr_enum" />
    <testcase time="0.001915216445922852" name="texpr_io_eof" />
    <testcase time="0.001855134963989258" name="texpr_io_pos" />
    <testcase time="0.001734733581542969" name="texpr_mod" />
    <testcase time="0.001860380172729492" name="texpr_ops_parens" />
    <testcase time="0.001846551895141602" name="texpr_sizeof_type_0" />
    <testcase time="0.001845836639404297" name="texpr_sizeof_type_1" />
    <testcase time="0.001890420913696289" name="texpr_sizeof_value_0" />
    <testcase time="0.001817464828491211" name="texpr_sizeof_value_sized" />
    <testcase time="0.001761913299560547" name="texpr_str_ops" />
    <testcase time="0.001909017562866211" name="tfixed_contents" />
    <testcase time="0.001784086227416992" name="tfixed_struct" />
    <testcase time="0.001831293106079102" name="tfloat_to_i" />
    <testcase time="0.001931428909301758" name="tfloating_points" />
    <testcase time="0.001931428909301758" name="thello_world" />
    <testcase time="0.001852273941040039" name="tif_instances" />
    <testcase time="0.001961231231689453" name="tif_struct" />
    <testcase time="0.001796722412109375" name="tif_values" />
    <testcase time="0.00181889533996582" name="timports0" />
    <testcase time="0.00000000" name="timports_abs">
      <failure message="/home/travis/build/kaitai-io/ci_targets/compiled/nim/imports_abs.nim(3, 15) Error: cannot open file: /common/vlq_base128_le
" />
    </testcase>
    <testcase time="0.00000000" name="timports_circular_a">
      <failure message="/home/travis/build/kaitai-io/ci_targets/compiled/nim/imports_circular_a.nim(9, 11) Error: undeclared identifier: 'ImportsCircularB'
This might be caused by a recursive module dependency:
/home/travis/build/kaitai-io/ci_targets/compiled/nim/imports_circular_b.nim imports /home/travis/build/kaitai-io/ci_targets/compiled/nim/imports_circular_a.nim
/home/travis/build/kaitai-io/ci_targets/compiled/nim/imports_circular_a.nim imports /home/travis/build/kaitai-io/ci_targets/compiled/nim/imports_circular_b.nim
" />
    </testcase>
    <testcase time="0.00000000" name="timports_rel_1">
      <failure message="/home/travis/build/kaitai-io/ci_targets/compiled/nim/imports_rel_1.nim(3, 23) Error: cannot open file: for_rel_imports/imported_1
" />
    </testcase>
    <testcase time="0.001831769943237305" name="tindex_sizes" />
    <testcase time="0.001828908920288086" name="tindex_to_param_eos" />
    <testcase time="0.001932859420776367" name="tindex_to_param_expr" />
    <testcase time="0.001813650131225586" name="tindex_to_param_until" />
    <testcase time="0.001807928085327148" name="tinstance_io_user" />
    <testcase time="0.001950502395629883" name="tinstance_std" />
    <testcase time="0.001767158508300781" name="tinstance_std_array" />
    <testcase time="0.0016937255859375" name="tinstance_user_array" />
    <testcase time="0.001777172088623047" name="tintegers" />
    <testcase time="0.001765251159667969" name="tintegers_min_max" />
    <testcase time="0.00000000" name="tio_local_var">
      <failure message="/home/travis/build/kaitai-io/ci_targets/compiled/nim/io_local_var.nim(49, 25) Error: type mismatch: got &lt;IoLocalVar_Dummy&gt; but expected 'Option[kaitai_struct_nim_runtime.KaitaiStruct]'
" />
    </testcase>
    <testcase time="0.001718759536743164" name="tjs_signed_right_shift" />
    <testcase time="0.00172877311706543" name="tmeta_tags" />
    <testcase time="0.001750707626342773" name="tmeta_xref" />
    <testcase time="0.001708030700683594" name="tmultiple_use" />
    <testcase time="0.001813888549804688" name="tnav_parent" />
    <testcase time="0.001877069473266602" name="tnav_parent2" />
    <testcase time="0.001773357391357422" name="tnav_parent3" />
    <testcase time="0.001716852188110352" name="tnav_parent_false" />
    <testcase time="0.001775264739990234" name="tnav_parent_false2" />
    <testcase time="0.001758098602294922" name="tnav_parent_override" />
    <testcase time="0.00180816650390625" name="tnav_parent_switch" />
    <testcase time="0.00000000" name="tnav_parent_switch_cast">
      <failure message="/home/travis/build/kaitai-io/ci_targets/compiled/nim/nav_parent_switch_cast.nim(119, 64) Error: undeclared field: 'parent' for type kaitai_struct_nim_runtime.KaitaiStruct [declared in /home/travis/.nimble/pkgs/kaitai_struct_nim_runtime-0.1.0/kaitai_struct_nim_runtime.nim(5, 3)] 
" />
    </testcase>
    <testcase time="0.001764297485351562" name="tnav_parent_vs_value_inst" />
    <testcase time="0.001745223999023438" name="tnav_root" />
    <testcase time="0.001764297485351562" name="tnested_same_name" />
    <testcase time="0.001743793487548828" name="tnested_same_name2" />
    <testcase time="0.001900672912597656" name="tnested_type_param" />
    <testcase time="0.001772403717041016" name="tnested_types" />
    <testcase time="0.001738548278808594" name="tnested_types2" />
    <testcase time="0.001695632934570312" name="tnested_types3" />
    <testcase time="0.001760482788085938" name="tnon_standard" />
    <testcase time="0.001772403717041016" name="tparams_call_extra_parens" />
    <testcase time="0.00176692008972168" name="tparams_call_short" />
    <testcase time="0.001728057861328125" name="tparams_enum" />
    <testcase time="0.00000000" name="tparams_pass_array_int">
      <failure message="/home/travis/build/kaitai-io/ci_targets/tests/spec/nim/tests/tparams_pass_array_int.nim(7, 27) template/generic instantiation of `fromFile` from here
/home/travis/build/kaitai-io/ci_targets/compiled/nim/params_pass_array_int.nim(45, 21) template/generic instantiation of `read` from here
/home/travis/build/kaitai-io/ci_targets/compiled/nim/params_pass_array_int.nim(33, 54) template/generic instantiation of `read` from here
/home/travis/build/kaitai-io/ci_targets/compiled/nim/params_pass_array_int.nim(54, 29) Error: type mismatch: got &lt;seq[int]&gt; but expected 'seq[uint16]'
" />
    </testcase>
    <testcase time="0.001842021942138672" name="tparams_pass_array_str" />
    <testcase time="0.001730680465698242" name="tparams_pass_array_struct" />
    <testcase time="0.001731157302856445" name="tparams_pass_array_usertype" />
    <testcase time="0.001892328262329102" name="tparams_pass_struct" />
    <testcase time="0.001854181289672852" name="tparams_pass_usertype" />
    <testcase time="0.001882314682006836" name="tposition_abs" />
    <testcase time="0.001776456832885742" name="tposition_in_seq" />
    <testcase time="0.001708030700683594" name="tposition_to_end" />
    <testcase time="0.001676321029663086" name="tprocess_coerce_bytes" />
    <testcase time="0.00000000" name="tprocess_coerce_switch">
      <failure message="/home/travis/build/kaitai-io/ci_targets/tests/spec/nim/tests/tprocess_coerce_switch.nim(7, 28) template/generic instantiation of `fromFile` from here
/home/travis/build/kaitai-io/ci_targets/compiled/nim/process_coerce_switch.nim(74, 22) template/generic instantiation of `read` from here
/home/travis/build/kaitai-io/ci_targets/compiled/nim/process_coerce_switch.nim(47, 26) Error: type mismatch: got &lt;seq[byte]&gt; but expected 'KaitaiStruct = ref KaitaiStruct:ObjectType'
" />
    </testcase>
    <testcase time="0.001812219619750977" name="tprocess_coerce_usertype1" />
    <testcase time="0.001679182052612305" name="tprocess_coerce_usertype2" />
    <testcase time="0.00000000" name="tprocess_custom">
      <failure message="/home/travis/build/kaitai-io/ci_targets/compiled/nim/process_custom.nim(3, 8) Error: cannot open file: my_custom_fx
" />
    </testcase>
    <testcase time="0.00000000" name="tprocess_custom_no_args">
      <failure message="/home/travis/build/kaitai-io/ci_targets/compiled/nim/process_custom_no_args.nim(3, 8) Error: cannot open file: custom_fx_no_args
" />
    </testcase>
    <testcase time="0.001795053482055664" name="tprocess_repeat_bytes" />
    <testcase time="0.00000000" name="tprocess_repeat_usertype">
      <failure message="/home/travis/build/kaitai-io/ci_targets/tests/spec/nim/tests/tprocess_repeat_usertype.nim(7, 30) template/generic instantiation of `fromFile` from here
/home/travis/build/kaitai-io/ci_targets/compiled/nim/process_repeat_usertype.nim(37, 24) template/generic instantiation of `read` from here
/home/travis/build/kaitai-io/ci_targets/compiled/nim/process_repeat_usertype.nim(30, 9) Error: redefinition of 'buf'; previous declaration here: /home/travis/build/kaitai-io/ci_targets/compiled/nim/process_repeat_usertype.nim(28, 9)
" />
    </testcase>
    <testcase time="0.001696348190307617" name="tprocess_rotate" />
    <testcase time="0.001832723617553711" name="tprocess_to_user" />
    <testcase time="0.001711845397949219" name="tprocess_xor4_const" />
    <testcase time="0.001746892929077148" name="tprocess_xor4_value" />
    <testcase time="0.00182032585144043" name="tprocess_xor_const" />
    <testcase time="0.001760721206665039" name="tprocess_xor_value" />
    <testcase time="0.001707315444946289" name="trecursive_one" />
    <testcase time="0.001692533493041992" name="trepeat_eos_bit" />
    <testcase time="0.001762866973876953" name="trepeat_eos_struct" />
    <testcase time="0.001742839813232422" name="trepeat_eos_u4" />
    <testcase time="0.001708269119262695" name="trepeat_n_struct" />
    <testcase time="0.001790523529052734" name="trepeat_n_strz" />
    <testcase time="0.001785755157470703" name="trepeat_n_strz_double" />
    <testcase time="0.001805543899536133" name="trepeat_until_calc_array_type" />
    <testcase time="0.001715183258056641" name="trepeat_until_complex" />
    <testcase time="0.001962900161743164" name="trepeat_until_s4" />
    <testcase time="0.001708984375" name="trepeat_until_sized" />
    <testcase time="0.007171154022216797" name="tstr_encodings" />
    <testcase time="0.001803398132324219" name="tstr_encodings_default" />
    <testcase time="0.001772880554199219" name="tstr_eos" />
    <testcase time="0.001702070236206055" name="tstr_literals2" />
    <testcase time="0.001790523529052734" name="tstr_pad_term" />
    <testcase time="0.001903295516967773" name="tstr_pad_term_empty" />
    <testcase time="0.001804351806640625" name="tswitch_bytearray" />
    <testcase time="0.001822471618652344" name="tswitch_else_only" />
    <testcase time="0.001671552658081055" name="tswitch_integers" />
    <testcase time="0.001812458038330078" name="tswitch_integers2" />
    <testcase time="0.001918554306030273" name="tswitch_manual_enum" />
    <testcase time="0.00000000" name="tswitch_manual_enum_invalid">
      <failure message="/opt/Nim-1.2.0/lib/pure/unittest.nim(647, 43) Error: conversion from int literal(255) to SwitchManualEnumInvalid_Opcode_CodeEnum is invalid
" />
    </testcase>
    <testcase time="0.00000000" name="tswitch_manual_enum_invalid_else">
      <failure message="/opt/Nim-1.2.0/lib/pure/unittest.nim(647, 43) Error: conversion from int literal(255) to SwitchManualEnumInvalidElse_Opcode_CodeEnum is invalid
" />
    </testcase>
    <testcase time="0.001757383346557617" name="tswitch_manual_int" />
    <testcase time="0.001760721206665039" name="tswitch_manual_int_else" />
    <testcase time="0.00000000" name="tswitch_manual_int_size">
      <failure message="/home/travis/build/kaitai-io/ci_targets/tests/spec/nim/tests/tswitch_manual_int_size.nim(7, 28) template/generic instantiation of `fromFile` from here
/home/travis/build/kaitai-io/ci_targets/compiled/nim/switch_manual_int_size.nim(44, 22) template/generic instantiation of `read` from here
/home/travis/build/kaitai-io/ci_targets/compiled/nim/switch_manual_int_size.nim(39, 41) template/generic instantiation of `read` from here
/home/travis/build/kaitai-io/ci_targets/compiled/nim/switch_manual_int_size.nim(74, 19) Error: type mismatch: got &lt;seq[byte]&gt; but expected 'KaitaiStruct = ref KaitaiStruct:ObjectType'
" />
    </testcase>
    <testcase time="0.00000000" name="tswitch_manual_int_size_else">
      <failure message="/home/travis/build/kaitai-io/ci_targets/tests/spec/nim/tests/tswitch_manual_int_size_else.nim(9, 6) template/generic instantiation of `test` from here
/home/travis/build/kaitai-io/ci_targets/tests/spec/nim/tests/tswitch_manual_int_size_else.nim(20, 8) template/generic instantiation of `check` from here
/opt/Nim-1.2.0/lib/pure/unittest.nim(647, 43) Error: cannot infer the type of the sequence
" />
    </testcase>
    <testcase time="0.001846790313720703" name="tswitch_manual_str" />
    <testcase time="0.001882791519165039" name="tswitch_manual_str_else" />
    <testcase time="0.001733541488647461" name="tterm_bytes" />
    <testcase time="0.001842737197875977" name="tterm_strz" />
    <testcase time="0.001817226409912109" name="tts_packet_header" />
    <testcase time="0.001630783081054688" name="ttype_int_unary_op" />
    <testcase time="0.001772403717041016" name="ttype_ternary" />
    <testcase time="0.00000000" name="ttype_ternary_2nd_falsy">
      <failure message="/home/travis/build/kaitai-io/ci_targets/tests/spec/nim/tests/ttype_ternary_2nd_falsy.nim(9, 6) template/generic instantiation of `test` from here
/home/travis/build/kaitai-io/ci_targets/tests/spec/nim/tests/ttype_ternary_2nd_falsy.nim(20, 8) template/generic instantiation of `check` from here
/opt/Nim-1.2.0/lib/pure/unittest.nim(670, 14) Error: type mismatch: got &lt;Option[type_ternary_2nd_falsy.TypeTernary2ndFalsy_Foo], typeof(nil)&gt;
but expected one of: 
proc `==`(a, b: Option): bool
  first type mismatch at position: 2
  required type for b: Option
  but expression 'nil' is of type: typeof(nil)
proc `==`[T: tuple | object](x, y: T): bool
  first type mismatch at position: 2
  required type for y: T: tuple or object
  but expression 'nil' is of type: typeof(nil)
29 other mismatching symbols have been suppressed; compile with --showAllMismatches:on to see them

expression: :c1 == nil
" />
    </testcase>
    <testcase time="0.001717805862426758" name="tuser_type" />
    <testcase time="0.001775264739990234" name="tvalid_long" />
    <testcase time="0.001865148544311523" name="tvalid_not_parsed_if" />
    <testcase time="0.00187373161315918" name="tvalid_short" />
    <testcase time="0.00180363655090332" name="tvalid_switch" />
    <testcase time="0.00000000" name="tyaml_ints">
      <failure message="/home/travis/build/kaitai-io/ci_targets/compiled/nim/yaml_ints.nim(47, 30) Error: 18446744073709551615 can't be converted to int
" />
    </testcase>
    <testcase time="0.00000000" name="tzlib_surrounded">
      <failure message="/home/travis/build/kaitai-io/ci_targets/tests/spec/nim/tests/tzlib_surrounded.nim(7, 23) template/generic instantiation of `fromFile` from here
/home/travis/build/kaitai-io/ci_targets/compiled/nim/zlib_surrounded.nim(41, 17) template/generic instantiation of `read` from here
/home/travis/build/kaitai-io/ci_targets/compiled/nim/zlib_surrounded.nim(32, 36) Error: attempting to call undeclared routine: 'processZlib'
" />
    </testcase>
    <testcase time="0.00000000" name="tzlib_with_header_78">
      <failure message="/home/travis/build/kaitai-io/ci_targets/tests/spec/nim/tests/tzlib_with_header_78.nim(7, 25) template/generic instantiation of `fromFile` from here
/home/travis/build/kaitai-io/ci_targets/compiled/nim/zlib_with_header_78.nim(27, 19) template/generic instantiation of `read` from here
/home/travis/build/kaitai-io/ci_targets/compiled/nim/zlib_with_header_78.nim(23, 30) Error: attempting to call undeclared routine: 'processZlib'
" />
    </testcase>
  </testsuite>
</testsuites>