<testsuites><testsuite tests="165" failures="14" errors="27" name="tests">
    <testcase time="0.001409292221069336" name="tbcd_user_type_be" />
    <testcase time="0.001618385314941406" name="tbcd_user_type_le" />
    <testcase time="0.001691102981567383" name="tbits_byte_aligned" />
    <testcase time="0.001570224761962891" name="tbits_enum" />
    <testcase time="0.001556634902954102" name="tbits_simple" />
    <testcase time="0.001498222351074219" name="tbuffered_struct" />
    <testcase time="0.001669406890869141" name="tbytes_pad_term" />
    <testcase time="0.002506494522094727" name="tcast_nested" />
    <testcase time="0.001427650451660156" name="tcast_to_imported" />
    <testcase time="0.001378059387207031" name="tcast_to_top" />
    <testcase time="0.001383066177368164" name="tcombine_bool" />
    <testcase time="0.001383543014526367" name="tcombine_bytes" />
    <testcase time="0.001427412033081055" name="tcombine_str" />
    <testcase time="0.001661539077758789" name="tdebug_switch_user" />
    <testcase time="0.001287698745727539" name="tdefault_big_endian" />
    <testcase time="0.001311540603637695" name="tdefault_endian_expr_inherited" />
    <testcase time="0.001468420028686523" name="tdefault_endian_expr_is_be" />
    <testcase time="0.001483917236328125" name="tdefault_endian_expr_is_le" />
    <testcase time="0.001503229141235352" name="tdefault_endian_mod" />
    <testcase time="0.001490592956542969" name="tdocstrings" />
    <testcase time="0.0013580322265625" name="tdocstrings_docref" />
    <testcase time="0.00133061408996582" name="tdocstrings_docref_multi" />
    <testcase time="0.001394510269165039" name="tenum_0" />
    <testcase time="0.001365900039672852" name="tenum_1" />
    <testcase time="0.001392364501953125" name="tenum_deep" />
    <testcase time="0.001277446746826172" name="tenum_deep_literals" />
    <testcase time="0.001440048217773438" name="tenum_fancy" />
    <testcase time="0.001419782638549805" name="tenum_if" />
    <testcase time="0.001362800598144531" name="tenum_import" />
    <testcase time="0.001288890838623047" name="tenum_int_range_s" />
    <testcase time="0.001446008682250977" name="tenum_int_range_u" />
    <testcase time="0.001336097717285156" name="tenum_invalid" />
    <testcase time="0.001338481903076172" name="tenum_long_range_s" />
    <testcase time="0.001368522644042969" name="tenum_long_range_u" />
    <testcase time="0.001399755477905273" name="tenum_negative" />
    <testcase time="0.001312017440795898" name="tenum_of_value_inst" />
    <testcase time="0.001375436782836914" name="tenum_to_i" />
    <testcase time="0.00000000" name="tenum_to_i_class_border_1"><failure message="format_build_failed" /></testcase>
    <testcase time="0.00197148323059082" name="texpr_0" />
    <testcase time="0.001580953598022461" name="texpr_1" />
    <testcase time="0.001461029052734375" name="texpr_2" />
    <testcase time="0.001513481140136719" name="texpr_3" />
    <testcase time="0.001450061798095703" name="texpr_array" />
    <testcase time="0.001271963119506836" name="texpr_bits" />
    <testcase time="0.001294612884521484" name="texpr_bytes_cmp" />
    <testcase time="0.00000000" name="texpr_bytes_literal"><failure message="format_build_failed" /></testcase>
    <testcase time="0.001384258270263672" name="texpr_bytes_ops" />
    <testcase time="0.001372337341308594" name="texpr_calc_array_ops" />
    <testcase time="0.001399755477905273" name="texpr_enum" />
    <testcase time="0.00127863883972168" name="texpr_io_eof" />
    <testcase time="0.001415729522705078" name="texpr_io_pos" />
    <testcase time="0.00125575065612793" name="texpr_mod" />
    <testcase time="0.001300573348999023" name="texpr_ops_parens" />
    <testcase time="0.001241922378540039" name="texpr_sizeof_type_0" />
    <testcase time="0.001352548599243164" name="texpr_sizeof_type_1" />
    <testcase time="0.001309633255004883" name="texpr_sizeof_value_0" />
    <testcase time="0.001334190368652344" name="texpr_sizeof_value_sized" />
    <testcase time="0.001351594924926758" name="texpr_str_ops" />
    <testcase time="0.001258373260498047" name="tfixed_contents" />
    <testcase time="0.001319646835327148" name="tfixed_struct" />
    <testcase time="0.001344203948974609" name="tfloat_to_i" />
    <testcase time="0.001454830169677734" name="tfloating_points" />
    <testcase time="0.001405000686645508" name="thello_world" />
    <testcase time="0.001350164413452148" name="tif_instances" />
    <testcase time="0.001397848129272461" name="tif_struct" />
    <testcase time="0.001466274261474609" name="tif_values" />
    <testcase time="0.001355171203613281" name="timports0" />
    <testcase time="0.00000000" name="timports_abs"><failure message="format_build_failed" /></testcase>
    <testcase time="0.001663684844970703" name="tindex_sizes" />
    <testcase time="0.001428127288818359" name="tindex_to_param_eos"><failure message="failed" /></testcase>
    <testcase time="0.001445293426513672" name="tindex_to_param_expr"><failure message="failed" /></testcase>
    <testcase time="0.001457691192626953" name="tindex_to_param_until"><failure message="failed" /></testcase>
    <testcase time="0.001414775848388672" name="tinstance_io_user" />
    <testcase time="0.001318693161010742" name="tinstance_std" />
    <testcase time="0.001286029815673828" name="tinstance_std_array" />
    <testcase time="0.00000000" name="tinstance_user_array"><failure message="format_build_failed" /></testcase>
    <testcase time="0.00130462646484375" name="tintegers" />
    <testcase time="0.001323223114013672" name="tintegers_min_max" />
    <testcase time="0.00000000" name="tio_local_var"><failure message="format_build_failed" /></testcase>
    <testcase time="0.00132298469543457" name="tjs_signed_right_shift" />
    <testcase time="0.00139617919921875" name="tmeta_tags" />
    <testcase time="0.001281261444091797" name="tmeta_xref" />
    <testcase time="0.001291990280151367" name="tmultiple_use" />
    <testcase time="0.00136113166809082" name="tnav_parent" />
    <testcase time="0.00138092041015625" name="tnav_parent2" />
    <testcase time="0.001415252685546875" name="tnav_parent3" />
    <testcase time="0.001555442810058594" name="tnav_parent_false" />
    <testcase time="0.001328706741333008" name="tnav_parent_false2" />
    <testcase time="0.001344442367553711" name="tnav_parent_override" />
    <testcase time="0.001428604125976562" name="tnav_parent_switch" />
    <testcase time="0.00000000" name="tnav_parent_switch_cast"><failure message="format_build_failed" /></testcase>
    <testcase time="0.001353979110717773" name="tnav_parent_vs_value_inst" />
    <testcase time="0.001384973526000977" name="tnav_root" />
    <testcase time="0.001358985900878906" name="tnested_same_name" />
    <testcase time="0.001330375671386719" name="tnested_same_name2" />
    <testcase time="0.001373291015625" name="tnested_type_param"><failure message="failed" /></testcase>
    <testcase time="0.001274347305297852" name="tnested_types" />
    <testcase time="0.001337051391601562" name="tnested_types2" />
    <testcase time="0.001358270645141602" name="tnested_types3" />
    <testcase time="0.001300573348999023" name="tnon_standard" />
    <testcase time="0.001335620880126953" name="tparams_call_extra_parens"><failure message="failed" /></testcase>
    <testcase time="0.001376628875732422" name="tparams_call_short"><failure message="failed" /></testcase>
    <testcase time="0.001307487487792969" name="tparams_enum"><failure message="failed" /></testcase>
    <testcase time="0.001328229904174805" name="tparams_pass_array_int"><failure message="failed" /></testcase>
    <testcase time="0.001359939575195312" name="tparams_pass_array_str"><failure message="failed" /></testcase>
    <testcase time="0.001294374465942383" name="tparams_pass_array_struct"><failure message="failed" /></testcase>
    <testcase time="0.001326799392700195" name="tparams_pass_array_usertype"><failure message="failed" /></testcase>
    <testcase time="0.001359462738037109" name="tparams_pass_struct"><failure message="failed" /></testcase>
    <testcase time="0.001349210739135742" name="tparams_pass_usertype"><failure message="failed" /></testcase>
    <testcase time="0.00161290168762207" name="tposition_abs" />
    <testcase time="0.001304864883422852" name="tposition_in_seq" />
    <testcase time="0.001304864883422852" name="tposition_to_end" />
    <testcase time="0.00000000" name="tprocess_coerce_bytes"><failure message="format_build_failed" /></testcase>
    <testcase time="0.00000000" name="tprocess_coerce_switch"><failure message="format_build_failed" /></testcase>
    <testcase time="0.00000000" name="tprocess_coerce_usertype1"><failure message="format_build_failed" /></testcase>
    <testcase time="0.00000000" name="tprocess_coerce_usertype2"><failure message="format_build_failed" /></testcase>
    <testcase time="0.00000000" name="tprocess_custom"><failure message="format_build_failed" /></testcase>
    <testcase time="0.00000000" name="tprocess_custom_no_args"><failure message="format_build_failed" /></testcase>
    <testcase time="0.00000000" name="tprocess_repeat_bytes"><failure message="format_build_failed" /></testcase>
    <testcase time="0.00000000" name="tprocess_repeat_usertype"><failure message="format_build_failed" /></testcase>
    <testcase time="0.00000000" name="tprocess_rotate"><failure message="format_build_failed" /></testcase>
    <testcase time="0.00000000" name="tprocess_to_user"><failure message="format_build_failed" /></testcase>
    <testcase time="0.00000000" name="tprocess_xor4_const"><failure message="format_build_failed" /></testcase>
    <testcase time="0.00000000" name="tprocess_xor4_value"><failure message="format_build_failed" /></testcase>
    <testcase time="0.00000000" name="tprocess_xor_const"><failure message="format_build_failed" /></testcase>
    <testcase time="0.00000000" name="tprocess_xor_value"><failure message="format_build_failed" /></testcase>
    <testcase time="0.0014190673828125" name="trecursive_one" />
    <testcase time="0.001302003860473633" name="trepeat_eos_bit"><failure message="failed" /></testcase>
    <testcase time="0.001330375671386719" name="trepeat_eos_struct" />
    <testcase time="0.001355409622192383" name="trepeat_eos_u4" />
    <testcase time="0.001298189163208008" name="trepeat_n_struct" />
    <testcase time="0.001369237899780273" name="trepeat_n_strz" />
    <testcase time="0.001405715942382812" name="trepeat_n_strz_double" />
    <testcase time="0.00000000" name="trepeat_until_complex"><failure message="format_build_failed" /></testcase>
    <testcase time="0.00000000" name="trepeat_until_s4"><failure message="format_build_failed" /></testcase>
    <testcase time="0.00000000" name="trepeat_until_sized"><failure message="format_build_failed" /></testcase>
    <testcase time="0.005368709564208984" name="tstr_encodings" />
    <testcase time="0.001548051834106445" name="tstr_encodings_default" />
    <testcase time="0.001453876495361328" name="tstr_eos" />
    <testcase time="0.001394510269165039" name="tstr_literals2" />
    <testcase time="0.001369953155517578" name="tstr_pad_term" />
    <testcase time="0.001391887664794922" name="tstr_pad_term_empty" />
    <testcase time="0.001420974731445312" name="tswitch_bytearray" />
    <testcase time="0.001415014266967773" name="tswitch_else_only" />
    <testcase time="0.001382589340209961" name="tswitch_integers" />
    <testcase time="0.00000000" name="tswitch_integers2"><failure message="format_build_failed" /></testcase>
    <testcase time="0.001485586166381836" name="tswitch_manual_enum" />
    <testcase time="0.001368045806884766" name="tswitch_manual_enum_invalid" />
    <testcase time="0.001434564590454102" name="tswitch_manual_enum_invalid_else" />
    <testcase time="0.001410007476806641" name="tswitch_manual_int" />
    <testcase time="0.001388311386108398" name="tswitch_manual_int_else" />
    <testcase time="0.001412153244018555" name="tswitch_manual_str" />
    <testcase time="0.001434803009033203" name="tswitch_manual_str_else" />
    <testcase time="0.001368045806884766" name="tterm_bytes" />
    <testcase time="0.00136256217956543" name="tterm_strz" />
    <testcase time="0.00144505500793457" name="tts_packet_header" />
    <testcase time="0.001370906829833984" name="ttype_int_unary_op" />
    <testcase time="0.00000000" name="ttype_ternary"><failure message="format_build_failed" /></testcase>
    <testcase time="0.001347780227661133" name="tuser_type" />
    <testcase time="0.001407146453857422" name="tvalid_long" />
    <testcase time="0.001323699951171875" name="tvalid_not_parsed_if" />
    <testcase time="0.001575231552124023" name="tvalid_short" />
    <testcase time="0.001318931579589844" name="tvalid_switch" />
    <testcase time="0.00000000" name="tzlib_surrounded"><failure message="format_build_failed" /></testcase>
    <testcase time="0.00000000" name="tzlib_with_header_78"><failure message="format_build_failed" /></testcase>
  </testsuite></testsuites>