<testsuites>
  <testsuite tests="201" failures="7" errors="23" name="nim">
    <testcase time="0.00143290" name="tbcd_user_type_be" />
    <testcase time="0.00141954" name="tbcd_user_type_le" />
    <testcase time="0.00174832" name="tbits_byte_aligned" />
    <testcase time="0.00107980" name="tbits_enum" />
    <testcase time="0.00165367" name="tbits_seq_endian_combo" />
    <testcase time="0.00136995" name="tbits_shift_by_b32_le" />
    <testcase time="0.00107288" name="tbits_shift_by_b64_le" />
    <testcase time="0.00144672" name="tbits_signed_res_b32_be" />
    <testcase time="0.00126386" name="tbits_signed_res_b32_le" />
    <testcase time="0.00115323" name="tbits_signed_shift_b32_le" />
    <testcase time="0.00119686" name="tbits_signed_shift_b64_le" />
    <testcase time="0.00182128" name="tbits_simple" />
    <testcase time="0.00162530" name="tbits_simple_le" />
    <testcase time="0.00133967" name="tbits_unaligned_b32_be" />
    <testcase time="0.00142121" name="tbits_unaligned_b32_le" />
    <testcase time="0.00096464" name="tbits_unaligned_b64_be" />
    <testcase time="0.00121188" name="tbits_unaligned_b64_le" />
    <testcase time="0.00133705" name="tbuffered_struct" />
    <testcase time="0.00114608" name="tbytes_pad_term" />
    <testcase time="0.00121880" name="tcast_nested" />
    <testcase time="0.00113487" name="tcast_to_imported" />
    <testcase time="0.00110984" name="tcast_to_top" />
    <testcase time="0.00164127" name="tcombine_bool" />
    <testcase time="0.00154257" name="tcombine_bytes" />
    <testcase time="0.00132990" name="tcombine_enum" />
    <testcase time="0.00099468" name="tcombine_str" />
    <testcase time="0.00093722" name="tdebug_switch_user" />
    <testcase time="0.00131702" name="tdefault_big_endian" />
    <testcase time="0.00146770" name="tdefault_bit_endian_mod" />
    <testcase time="0.00169921" name="tdefault_endian_expr_inherited" />
    <testcase time="0.00166368" name="tdefault_endian_expr_is_be" />
    <testcase time="0.00157213" name="tdefault_endian_expr_is_le" />
    <testcase time="0.00144482" name="tdefault_endian_mod" />
    <testcase time="0.00135374" name="tdocstrings" />
    <testcase time="0.00140572" name="tdocstrings_docref" />
    <testcase time="0.00147891" name="tdocstrings_docref_multi" />
    <testcase time="0.00121140" name="tenum_0" />
    <testcase time="0.00144362" name="tenum_1" />
    <testcase time="0.00151539" name="tenum_deep" />
    <testcase time="0.00137997" name="tenum_deep_literals" />
    <testcase time="0.00158381" name="tenum_fancy" />
    <testcase time="0.00155091" name="tenum_if" />
    <testcase time="0.00267029" name="tenum_import" />
    <testcase time="0.00105095" name="tenum_int_range_s" />
    <testcase time="0.00148439" name="tenum_int_range_u" />
    <testcase time="0.00000000" name="tenum_invalid">
      <failure message="/tests/spec/nim/tenum_invalid.nim(10, 15) Error: type mismatch: got &amp;lt;EnumInvalid_Animal, int literal(111)&amp;gt;
but expected one of:
proc `==`[Enum: enum](x, y: Enum): bool
  first type mismatch at position: 2
  required type for y: Enum: enum
  but expression &amp;apos;111&amp;apos; is of type: int literal(111)
proc `==`[T: tuple | object](x, y: T): bool
  first type mismatch at position: 2
  required type for y: T: tuple or object
  but expression &amp;apos;111&amp;apos; is of type: int literal(111)
proc `==`[T](a, b: Option[T]): bool
  first type mismatch at position: 2
  required type for b: Option[==.T]
  but expression &amp;apos;111&amp;apos; is of type: int literal(111)
30 other mismatching symbols have been suppressed; compile with --showAllMismatches:on to see them

expression: r.pet2 == 111
" />
    </testcase>
    <testcase time="0.00108743" name="tenum_long_range_s" />
    <testcase time="0.00146294" name="tenum_long_range_u" />
    <testcase time="0.00141358" name="tenum_negative" />
    <testcase time="0.00142407" name="tenum_of_value_inst" />
    <testcase time="0.00139523" name="tenum_to_i" />
    <testcase time="0.00000000" name="tenum_to_i_class_border_1">
      <failure message="/tests/compiled/nim/enum_to_i_class_border_1.nim(13, 20) Error: undeclared identifier: &amp;apos;EnumToIClassBorder2&amp;apos;
candidates (edit distance, scope distance); see &amp;apos;--spellSuggest&amp;apos;: 
 (1, 0): &amp;apos;EnumToIClassBorder1&amp;apos; [type declared in /tests/compiled/nim/enum_to_i_class_border_1.nim(7, 3)]
 (1, 0): &amp;apos;enum_to_i_class_border_2&amp;apos; [module declared in /tests/compiled/nim/enum_to_i_class_border_1.nim(5, 8)]
This might be caused by a recursive module dependency:
/tests/compiled/nim/enum_to_i_class_border_2.nim imports /tests/compiled/nim/enum_to_i_class_border_1.nim
/tests/compiled/nim/enum_to_i_class_border_1.nim imports /tests/compiled/nim/enum_to_i_class_border_2.nim
" />
    </testcase>
    <testcase time="0.00000000" name="tenum_to_i_invalid">
      <failure message="/tests/spec/nim/tenum_to_i_invalid.nim(10, 15) Error: type mismatch: got &amp;lt;EnumToIInvalid_Animal, int literal(111)&amp;gt;
but expected one of:
proc `==`[Enum: enum](x, y: Enum): bool
  first type mismatch at position: 2
  required type for y: Enum: enum
  but expression &amp;apos;111&amp;apos; is of type: int literal(111)
proc `==`[T: tuple | object](x, y: T): bool
  first type mismatch at position: 2
  required type for y: T: tuple or object
  but expression &amp;apos;111&amp;apos; is of type: int literal(111)
proc `==`[T](a, b: Option[T]): bool
  first type mismatch at position: 2
  required type for b: Option[==.T]
  but expression &amp;apos;111&amp;apos; is of type: int literal(111)
30 other mismatching symbols have been suppressed; compile with --showAllMismatches:on to see them

expression: r.pet2 == 111
" />
    </testcase>
    <testcase time="0.00132656" name="texpr_0" />
    <testcase time="0.00087357" name="texpr_1" />
    <testcase time="0.00376415" name="texpr_2" />
    <testcase time="0.00150990" name="texpr_3" />
    <testcase time="0.00164413" name="texpr_array" />
    <testcase time="0.00140929" name="texpr_bits" />
    <testcase time="0.00193763" name="texpr_bytes_cmp" />
    <testcase time="0.00180030" name="texpr_bytes_non_literal" />
    <testcase time="0.00139093" name="texpr_bytes_ops" />
    <testcase time="0.00154805" name="texpr_calc_array_ops" />
    <testcase time="0.00095344" name="texpr_enum" />
    <testcase time="0.00128269" name="texpr_if_int_ops" />
    <testcase time="0.00118852" name="texpr_int_div">
      <failure message="/tests/spec/nim/texpr_int_div.nim(12) texpr_int_div
/nim/lib/system/assertions.nim(38) failedAssertImpl
/nim/lib/system/assertions.nim(28) raiseAssert
/nim/lib/system/fatal.nim(53) sysFatal
Error: unhandled exception: /tests/spec/nim/texpr_int_div.nim(12, 8) `r.divNegConst == -757`  [AssertionDefect]
" />
    </testcase>
    <testcase time="0.00123477" name="texpr_io_eof" />
    <testcase time="0.00181723" name="texpr_io_pos" />
    <testcase time="0.00143385" name="texpr_mod" />
    <testcase time="0.00134087" name="texpr_ops_parens" />
    <testcase time="0.00124264" name="texpr_sizeof_type_0" />
    <testcase time="0.00147200" name="texpr_sizeof_type_1" />
    <testcase time="0.00149512" name="texpr_sizeof_value_0" />
    <testcase time="0.00148511" name="texpr_sizeof_value_sized" />
    <testcase time="0.13548350" name="texpr_str_encodings">
      <failure message="Traceback (most recent call last)
/tests/spec/nim/texpr_str_encodings.nim(7) texpr_str_encodings
/tests/compiled/nim/expr_str_encodings.nim(122) fromFile
/tests/compiled/nim/expr_str_encodings.nim(62) read
/root/.nimble/pkgs/kaitai_struct_nim_runtime-#head/kaitai_struct_nim_runtime.nim(333) encode
/nim/lib/pure/encodings.nim(507) convert
/nim/lib/pure/encodings.nim(467) convert
SIGSEGV: Illegal storage access. (Attempt to read from nil?)
" />
    </testcase>
    <testcase time="0.00148797" name="texpr_str_ops" />
    <testcase time="0.00187826" name="tfixed_contents" />
    <testcase time="0.00188589" name="tfixed_struct" />
    <testcase time="0.00213766" name="tfloat_to_i" />
    <testcase time="0.00127721" name="tfloating_points">
      <failure message="/tests/spec/nim/tfloating_points.nim(13) tfloating_points
/nim/lib/system/assertions.nim(38) failedAssertImpl
/nim/lib/system/assertions.nim(28) raiseAssert
/nim/lib/system/fatal.nim(53) sysFatal
Error: unhandled exception: /tests/spec/nim/tfloating_points.nim(13, 8) `r.approximateValue == 1.2345`  [AssertionDefect]
" />
    </testcase>
    <testcase time="0.00177050" name="thello_world" />
    <testcase time="0.00109959" name="tif_instances" />
    <testcase time="0.00125241" name="tif_struct" />
    <testcase time="0.00162435" name="tif_values" />
    <testcase time="0.00114441" name="timports0" />
    <testcase time="0.00000000" name="timports_abs">
      <failure message="/tests/compiled/nim/imports_abs.nim(3, 15) Error: cannot open file: /common/vlq_base128_le
" />
    </testcase>
    <testcase time="0.00000000" name="timports_circular_a">
      <failure message="/tests/compiled/nim/imports_circular_a.nim(9, 13) Error: undeclared identifier: &amp;apos;ImportsCircularB&amp;apos;
candidates (edit distance, scope distance); see &amp;apos;--spellSuggest&amp;apos;: 
 (1, 0): &amp;apos;ImportsCircularA&amp;apos; [type declared in /tests/compiled/nim/imports_circular_a.nim(7, 3)]
 (1, 0): &amp;apos;imports_circular_b&amp;apos; [module declared in /tests/compiled/nim/imports_circular_a.nim(5, 8)]
This might be caused by a recursive module dependency:
/tests/compiled/nim/imports_circular_b.nim imports /tests/compiled/nim/imports_circular_a.nim
/tests/compiled/nim/imports_circular_a.nim imports /tests/compiled/nim/imports_circular_b.nim
" />
    </testcase>
    <testcase time="0.00000000" name="timports_rel_1">
      <failure message="/tests/compiled/nim/imports_rel_1.nim(3, 23) Error: cannot open file: for_rel_imports/imported_1
" />
    </testcase>
    <testcase time="0.00109529" name="tindex_sizes" />
    <testcase time="0.00161433" name="tindex_to_param_eos" />
    <testcase time="0.00156689" name="tindex_to_param_expr" />
    <testcase time="0.00166225" name="tindex_to_param_until" />
    <testcase time="0.00170016" name="tinstance_io_user" />
    <testcase time="0.00170040" name="tinstance_std" />
    <testcase time="0.00163674" name="tinstance_std_array" />
    <testcase time="0.00157666" name="tinstance_user_array" />
    <testcase time="0.00112534" name="tintegers" />
    <testcase time="0.00123453" name="tintegers_double_overflow" />
    <testcase time="0.00140929" name="tintegers_min_max" />
    <testcase time="0.00000000" name="tio_local_var">
      <failure message="/tests/compiled/nim/io_local_var.nim(59, 25) Error: type mismatch: got &amp;apos;seq[byte]&amp;apos; for &amp;apos;messUpInstExpr&amp;apos; but expected &amp;apos;KaitaiStruct = ref KaitaiStruct:ObjectType&amp;apos;
" />
    </testcase>
    <testcase time="0.00123501" name="tjs_signed_right_shift" />
    <testcase time="0.00186157" name="tmeta_tags" />
    <testcase time="0.00175619" name="tmeta_xref" />
    <testcase time="0.00176072" name="tmultiple_use" />
    <testcase time="0.00137305" name="tnav_parent" />
    <testcase time="0.00153995" name="tnav_parent2" />
    <testcase time="0.00232697" name="tnav_parent3" />
    <testcase time="0.00155115" name="tnav_parent_false" />
    <testcase time="0.00117588" name="tnav_parent_false2" />
    <testcase time="0.00155163" name="tnav_parent_override" />
    <testcase time="0.00154305" name="tnav_parent_switch" />
    <testcase time="0.00000000" name="tnav_parent_switch_cast">
      <failure message="/tests/compiled/nim/nav_parent_switch_cast.nim(120, 64) Error: undeclared field: &amp;apos;parent&amp;apos; for type kaitai_struct_nim_runtime.KaitaiStruct [type declared in /root/.nimble/pkgs/kaitai_struct_nim_runtime-#head/kaitai_struct_nim_runtime.nim(5, 3)]
" />
    </testcase>
    <testcase time="0.00151873" name="tnav_parent_vs_value_inst" />
    <testcase time="0.00289893" name="tnav_root" />
    <testcase time="0.00117230" name="tnested_same_name" />
    <testcase time="0.00179267" name="tnested_same_name2" />
    <testcase time="0.00167847" name="tnested_type_param" />
    <testcase time="0.00184298" name="tnested_types" />
    <testcase time="0.00181031" name="tnested_types2" />
    <testcase time="0.00153494" name="tnested_types3" />
    <testcase time="0.00178456" name="tnon_standard" />
    <testcase time="0.00148344" name="tparams_call_extra_parens" />
    <testcase time="0.00144100" name="tparams_call_short" />
    <testcase time="0.00147367" name="tparams_enum" />
    <testcase time="0.00193262" name="tparams_pass_array_int" />
    <testcase time="0.00114894" name="tparams_pass_array_str" />
    <testcase time="0.00155187" name="tparams_pass_array_struct" />
    <testcase time="0.00114179" name="tparams_pass_array_usertype" />
    <testcase time="0.00178337" name="tparams_pass_bool" />
    <testcase time="0.00122738" name="tparams_pass_struct" />
    <testcase time="0.00140882" name="tparams_pass_usertype" />
    <testcase time="0.00192046" name="tposition_abs" />
    <testcase time="0.00150299" name="tposition_in_seq" />
    <testcase time="0.00183320" name="tposition_to_end" />
    <testcase time="0.00146270" name="tprocess_coerce_bytes" />
    <testcase time="0.00000000" name="tprocess_coerce_switch">
      <failure message="/tests/spec/nim/tprocess_coerce_switch.nim(7, 28) template/generic instantiation of `fromFile` from here
/tests/compiled/nim/process_coerce_switch.nim(75, 22) template/generic instantiation of `read` from here
/tests/compiled/nim/process_coerce_switch.nim(48, 26) Error: type mismatch: got &amp;apos;seq[byte]&amp;apos; for &amp;apos;bufUnprocExpr&amp;apos; but expected &amp;apos;KaitaiStruct = ref KaitaiStruct:ObjectType&amp;apos;
" />
    </testcase>
    <testcase time="0.00153399" name="tprocess_coerce_usertype1" />
    <testcase time="0.00144744" name="tprocess_coerce_usertype2" />
    <testcase time="0.00000000" name="tprocess_custom">
      <failure message="/tests/compiled/nim/process_custom.nim(3, 8) Error: cannot open file: my_custom_fx
" />
    </testcase>
    <testcase time="0.00000000" name="tprocess_custom_no_args">
      <failure message="/tests/compiled/nim/process_custom_no_args.nim(3, 8) Error: cannot open file: custom_fx_no_args
" />
    </testcase>
    <testcase time="0.00145841" name="tprocess_repeat_bytes" />
    <testcase time="0.00000000" name="tprocess_repeat_usertype">
      <failure message="/tests/spec/nim/tprocess_repeat_usertype.nim(7, 30) template/generic instantiation of `fromFile` from here
/tests/compiled/nim/process_repeat_usertype.nim(37, 24) template/generic instantiation of `read` from here
/tests/compiled/nim/process_repeat_usertype.nim(30, 9) Error: redefinition of &amp;apos;buf&amp;apos;; previous declaration here: /tests/compiled/nim/process_repeat_usertype.nim(28, 9)
" />
    </testcase>
    <testcase time="0.00176382" name="tprocess_rotate" />
    <testcase time="0.00136375" name="tprocess_to_user" />
    <testcase time="0.00132537" name="tprocess_xor4_const" />
    <testcase time="0.00169730" name="tprocess_xor4_value" />
    <testcase time="0.00182462" name="tprocess_xor_const" />
    <testcase time="0.00178790" name="tprocess_xor_value" />
    <testcase time="0.00188684" name="trecursive_one" />
    <testcase time="0.00159144" name="trepeat_eos_bit" />
    <testcase time="0.00101709" name="trepeat_eos_struct" />
    <testcase time="0.00133276" name="trepeat_eos_u4" />
    <testcase time="0.00134969" name="trepeat_n_struct" />
    <testcase time="0.00124717" name="trepeat_n_strz" />
    <testcase time="0.00105476" name="trepeat_n_strz_double" />
    <testcase time="0.00148416" name="trepeat_until_calc_array_type" />
    <testcase time="0.00146961" name="trepeat_until_complex" />
    <testcase time="0.00148177" name="trepeat_until_s4" />
    <testcase time="0.00167322" name="trepeat_until_sized" />
    <testcase time="0.13585567" name="tstr_encodings">
      <failure message="Traceback (most recent call last)
/tests/spec/nim/tstr_encodings.nim(7) tstr_encodings
/tests/compiled/nim/str_encodings.nim(45) fromFile
/tests/compiled/nim/str_encodings.nim(41) read
/root/.nimble/pkgs/kaitai_struct_nim_runtime-#head/kaitai_struct_nim_runtime.nim(333) encode
/nim/lib/pure/encodings.nim(507) convert
/nim/lib/pure/encodings.nim(467) convert
SIGSEGV: Illegal storage access. (Attempt to read from nil?)
" />
    </testcase>
    <testcase time="0.14061332" name="tstr_encodings_default">
      <failure message="Traceback (most recent call last)
/tests/spec/nim/tstr_encodings_default.nim(7) tstr_encodings_default
/tests/compiled/nim/str_encodings_default.nim(39) fromFile
/tests/compiled/nim/str_encodings_default.nim(35) read
/tests/compiled/nim/str_encodings_default.nim(59) read
/root/.nimble/pkgs/kaitai_struct_nim_runtime-#head/kaitai_struct_nim_runtime.nim(333) encode
/nim/lib/pure/encodings.nim(507) convert
/nim/lib/pure/encodings.nim(467) convert
SIGSEGV: Illegal storage access. (Attempt to read from nil?)
" />
    </testcase>
    <testcase time="0.00193858" name="tstr_encodings_utf16" />
    <testcase time="0.00172663" name="tstr_eos" />
    <testcase time="0.00139546" name="tstr_literals">
      <failure message="/tests/spec/nim/tstr_literals.nim(9) tstr_literals
/nim/lib/system/assertions.nim(38) failedAssertImpl
/nim/lib/system/assertions.nim(28) raiseAssert
/nim/lib/system/fatal.nim(53) sysFatal
Error: unhandled exception: /tests/spec/nim/tstr_literals.nim(9, 8) `strToArr(r.complexStr) ==
    @[0&amp;apos;i32, 1, 2, 7, 8, 10, 13, 9, 11, 12, 27, 61, 7, 10, 36, 9787]`  [AssertionDefect]
" />
    </testcase>
    <testcase time="0.00151801" name="tstr_literals2" />
    <testcase time="0.00153780" name="tstr_pad_term" />
    <testcase time="0.00571418" name="tstr_pad_term_empty" />
    <testcase time="0.00132322" name="tswitch_bytearray" />
    <testcase time="0.00170493" name="tswitch_else_only" />
    <testcase time="0.00140738" name="tswitch_integers" />
    <testcase time="0.00118399" name="tswitch_integers2" />
    <testcase time="0.00214052" name="tswitch_manual_enum" />
    <testcase time="0.00000000" name="tswitch_manual_enum_invalid">
      <failure message="/tests/spec/nim/tswitch_manual_enum_invalid.nim(10, 26) Error: type mismatch: got &amp;lt;SwitchManualEnumInvalid_Opcode_CodeEnum, int literal(255)&amp;gt;
but expected one of:
proc `==`[Enum: enum](x, y: Enum): bool
  first type mismatch at position: 2
  required type for y: Enum: enum
  but expression &amp;apos;255&amp;apos; is of type: int literal(255)
proc `==`[T: tuple | object](x, y: T): bool
  first type mismatch at position: 2
  required type for y: T: tuple or object
  but expression &amp;apos;255&amp;apos; is of type: int literal(255)
proc `==`[T](a, b: Option[T]): bool
  first type mismatch at position: 2
  required type for b: Option[==.T]
  but expression &amp;apos;255&amp;apos; is of type: int literal(255)
30 other mismatching symbols have been suppressed; compile with --showAllMismatches:on to see them

expression: r.opcodes[0].code == 255
" />
    </testcase>
    <testcase time="0.00000000" name="tswitch_manual_enum_invalid_else">
      <failure message="/tests/spec/nim/tswitch_manual_enum_invalid_else.nim(10, 26) Error: type mismatch: got &amp;lt;SwitchManualEnumInvalidElse_Opcode_CodeEnum, int literal(255)&amp;gt;
but expected one of:
proc `==`[Enum: enum](x, y: Enum): bool
  first type mismatch at position: 2
  required type for y: Enum: enum
  but expression &amp;apos;255&amp;apos; is of type: int literal(255)
proc `==`[T: tuple | object](x, y: T): bool
  first type mismatch at position: 2
  required type for y: T: tuple or object
  but expression &amp;apos;255&amp;apos; is of type: int literal(255)
proc `==`[T](a, b: Option[T]): bool
  first type mismatch at position: 2
  required type for b: Option[==.T]
  but expression &amp;apos;255&amp;apos; is of type: int literal(255)
30 other mismatching symbols have been suppressed; compile with --showAllMismatches:on to see them

expression: r.opcodes[0].code == 255
" />
    </testcase>
    <testcase time="0.00186181" name="tswitch_manual_int" />
    <testcase time="0.00213003" name="tswitch_manual_int_else" />
    <testcase time="0.00000000" name="tswitch_manual_int_size">
      <failure message="/tests/spec/nim/tswitch_manual_int_size.nim(7, 28) template/generic instantiation of `fromFile` from here
/tests/compiled/nim/switch_manual_int_size.nim(44, 22) template/generic instantiation of `read` from here
/tests/compiled/nim/switch_manual_int_size.nim(39, 41) template/generic instantiation of `read` from here
/tests/compiled/nim/switch_manual_int_size.nim(74, 19) Error: type mismatch: got &amp;apos;seq[byte]&amp;apos; for &amp;apos;bodyExpr&amp;apos; but expected &amp;apos;KaitaiStruct = ref KaitaiStruct:ObjectType&amp;apos;
" />
    </testcase>
    <testcase time="0.00000000" name="tswitch_manual_int_size_else">
      <failure message="/tests/spec/nim/tswitch_manual_int_size_else.nim(18, 8) template/generic instantiation of `assert` from here
/tests/spec/nim/auxiliary/test_utils.nim(12, 32) Error: type mismatch: got &amp;apos;empty&amp;apos; for &amp;apos;expected[i]&amp;apos; but expected &amp;apos;byte = uint8&amp;apos;
" />
    </testcase>
    <testcase time="0.00000000" name="tswitch_manual_int_size_eos">
      <failure message="/tests/spec/nim/tswitch_manual_int_size_eos.nim(7, 31) template/generic instantiation of `fromFile` from here
/tests/compiled/nim/switch_manual_int_size_eos.nim(49, 25) template/generic instantiation of `read` from here
/tests/compiled/nim/switch_manual_int_size_eos.nim(44, 44) template/generic instantiation of `read` from here
/tests/compiled/nim/switch_manual_int_size_eos.nim(66, 50) template/generic instantiation of `read` from here
/tests/compiled/nim/switch_manual_int_size_eos.nim(96, 19) Error: type mismatch: got &amp;apos;seq[byte]&amp;apos; for &amp;apos;bodyExpr&amp;apos; but expected &amp;apos;KaitaiStruct = ref KaitaiStruct:ObjectType&amp;apos;
" />
    </testcase>
    <testcase time="0.00159431" name="tswitch_manual_str" />
    <testcase time="0.00152683" name="tswitch_manual_str_else" />
    <testcase time="0.00179648" name="tswitch_multi_bool_ops" />
    <testcase time="0.00000000" name="tswitch_repeat_expr">
      <failure message="/tests/spec/nim/tswitch_repeat_expr.nim(7, 25) template/generic instantiation of `fromFile` from here
/tests/compiled/nim/switch_repeat_expr.nim(55, 19) template/generic instantiation of `read` from here
/tests/compiled/nim/switch_repeat_expr.nim(52, 18) Error: type mismatch: got &amp;lt;seq[KaitaiStruct], seq[byte]&amp;gt;
but expected one of:
proc add[T](x: var seq[T]; y: openArray[T])
  first type mismatch at position: 2
  required type for y: openArray[T]
  but expression &amp;apos;it&amp;apos; is of type: seq[byte]
proc add[T](x: var seq[T]; y: sink T)
  first type mismatch at position: 2
  required type for y: sink T
  but expression &amp;apos;it&amp;apos; is of type: seq[byte]
3 other mismatching symbols have been suppressed; compile with --showAllMismatches:on to see them

expression: add(result.body, it)
" />
    </testcase>
    <testcase time="0.00000000" name="tswitch_repeat_expr_invalid">
      <failure message="/tests/spec/nim/tswitch_repeat_expr_invalid.nim(7, 32) template/generic instantiation of `fromFile` from here
/tests/compiled/nim/switch_repeat_expr_invalid.nim(55, 26) template/generic instantiation of `read` from here
/tests/compiled/nim/switch_repeat_expr_invalid.nim(52, 18) Error: type mismatch: got &amp;lt;seq[KaitaiStruct], seq[byte]&amp;gt;
but expected one of:
proc add[T](x: var seq[T]; y: openArray[T])
  first type mismatch at position: 2
  required type for y: openArray[T]
  but expression &amp;apos;it&amp;apos; is of type: seq[byte]
proc add[T](x: var seq[T]; y: sink T)
  first type mismatch at position: 2
  required type for y: sink T
  but expression &amp;apos;it&amp;apos; is of type: seq[byte]
3 other mismatching symbols have been suppressed; compile with --showAllMismatches:on to see them

expression: add(result.body, it)
" />
    </testcase>
    <testcase time="0.00138783" name="tterm_bytes" />
    <testcase time="0.00149703" name="tterm_strz" />
    <testcase time="0.00127673" name="tterm_u1_val" />
    <testcase time="0.00172210" name="tts_packet_header" />
    <testcase time="0.00163436" name="ttype_int_unary_op" />
    <testcase time="0.00252533" name="ttype_ternary" />
    <testcase time="0.00181007" name="ttype_ternary_2nd_falsy" />
    <testcase time="0.00180244" name="tuser_type" />
    <testcase time="0.16368628" name="tvalid_eq_str_encodings">
      <failure message="Traceback (most recent call last)
/tests/spec/nim/tvalid_eq_str_encodings.nim(7) tvalid_eq_str_encodings
/tests/compiled/nim/valid_eq_str_encodings.nim(45) fromFile
/tests/compiled/nim/valid_eq_str_encodings.nim(41) read
/root/.nimble/pkgs/kaitai_struct_nim_runtime-#head/kaitai_struct_nim_runtime.nim(333) encode
/nim/lib/pure/encodings.nim(507) convert
/nim/lib/pure/encodings.nim(467) convert
SIGSEGV: Illegal storage access. (Attempt to read from nil?)
" />
    </testcase>
    <testcase time="0.00214291" name="tvalid_long" />
    <testcase time="0.00200677" name="tvalid_not_parsed_if" />
    <testcase time="0.00000000" name="tvalid_optional_id">
      <failure message="/tests/spec/nim/tvalid_optional_id.nim(4, 26) Error: cannot open file: ../../compiled/nim/valid_optional_id
" />
    </testcase>
    <testcase time="0.00168610" name="tvalid_short" />
    <testcase time="0.00105333" name="tvalid_switch" />
    <testcase time="0.00000000" name="tyaml_ints">
      <failure message="/tests/compiled/nim/yaml_ints.nim(51, 30) Error: 18446744073709551615 can&amp;apos;t be converted to int
" />
    </testcase>
    <testcase time="0.00000000" name="tzlib_surrounded">
      <failure message="/tests/spec/nim/tzlib_surrounded.nim(7, 23) template/generic instantiation of `fromFile` from here
/tests/compiled/nim/zlib_surrounded.nim(41, 17) template/generic instantiation of `read` from here
/tests/compiled/nim/zlib_surrounded.nim(32, 36) Error: attempting to call undeclared routine: &amp;apos;processZlib&amp;apos;
" />
    </testcase>
    <testcase time="0.00000000" name="tzlib_with_header_78">
      <failure message="/tests/spec/nim/tzlib_with_header_78.nim(7, 25) template/generic instantiation of `fromFile` from here
/tests/compiled/nim/zlib_with_header_78.nim(27, 19) template/generic instantiation of `read` from here
/tests/compiled/nim/zlib_with_header_78.nim(23, 30) Error: attempting to call undeclared routine: &amp;apos;processZlib&amp;apos;
" />
    </testcase>
  </testsuite>
</testsuites>