<testsuites>
  <testsuite tests="166" failures="17" errors="12" name="tests">
    <testcase time="0.001656293869018555" name="tbcd_user_type_be" />
    <testcase time="0.001712799072265625" name="tbcd_user_type_le" />
    <testcase time="0.001679897308349609" name="tbits_byte_aligned" />
    <testcase time="0.001738309860229492" name="tbits_enum" />
    <testcase time="0.001649856567382812" name="tbits_simple" />
    <testcase time="0.001599311828613281" name="tbuffered_struct" />
    <testcase time="0.001623868942260742" name="tbytes_pad_term" />
    <testcase time="0.001783609390258789" name="tcast_nested" />
    <testcase time="0.001641988754272461" name="tcast_to_imported" />
    <testcase time="0.001565933227539062" name="tcast_to_top" />
    <testcase time="0.00165104866027832" name="tcombine_bool" />
    <testcase time="0.001798868179321289" name="tcombine_bytes" />
    <testcase time="0.001746654510498047" name="tcombine_str" />
    <testcase time="0.001619338989257812" name="tdebug_switch_user" />
    <testcase time="0.001776456832885742" name="tdefault_big_endian" />
    <testcase time="0.001799583435058594" name="tdefault_endian_expr_inherited" />
    <testcase time="0.001766681671142578" name="tdefault_endian_expr_is_be" />
    <testcase time="0.001647472381591797" name="tdefault_endian_expr_is_le" />
    <testcase time="0.00182342529296875" name="tdefault_endian_mod" />
    <testcase time="0.001539707183837891" name="tdocstrings" />
    <testcase time="0.00160980224609375" name="tdocstrings_docref" />
    <testcase time="0.001523971557617188" name="tdocstrings_docref_multi" />
    <testcase time="0.001671791076660156" name="tenum_0" />
    <testcase time="0.001535892486572266" name="tenum_1" />
    <testcase time="0.001721382141113281" name="tenum_deep" />
    <testcase time="0.001517295837402344" name="tenum_deep_literals" />
    <testcase time="0.001555681228637695" name="tenum_fancy" />
    <testcase time="0.001673698425292969" name="tenum_if" />
    <testcase time="0.001536369323730469" name="tenum_import" />
    <testcase time="0.001567840576171875" name="tenum_int_range_s" />
    <testcase time="0.001667976379394531" name="tenum_int_range_u" />
    <testcase time="0.001623153686523438" name="tenum_invalid" />
    <testcase time="0.001719236373901367" name="tenum_long_range_s" />
    <testcase time="0.001577615737915039" name="tenum_long_range_u" />
    <testcase time="0.0016632080078125" name="tenum_negative" />
    <testcase time="0.001623153686523438" name="tenum_of_value_inst" />
    <testcase time="0.001585721969604492" name="tenum_to_i" />
    <testcase time="0.00000000" name="tenum_to_i_class_border_1">
      <failure message="/home/travis/build/kaitai-io/ci_targets/compiled/nim/enum_to_i_class_border_1.nim(22, 26) Error: undeclared identifier: 'EnumToIClassBorder2'
This might be caused by a recursive module dependency:
/home/travis/build/kaitai-io/ci_targets/compiled/nim/enum_to_i_class_border_2.nim imports /home/travis/build/kaitai-io/ci_targets/compiled/nim/enum_to_i_class_border_1.nim
/home/travis/build/kaitai-io/ci_targets/compiled/nim/enum_to_i_class_border_1.nim imports /home/travis/build/kaitai-io/ci_targets/compiled/nim/enum_to_i_class_border_2.nim
" />
    </testcase>
    <testcase time="0.001696348190307617" name="texpr_0" />
    <testcase time="0.002027034759521484" name="texpr_1" />
    <testcase time="0.001765966415405273" name="texpr_2" />
    <testcase time="0.001616239547729492" name="texpr_3" />
    <testcase time="0.001694202423095703" name="texpr_array" />
    <testcase time="0.00168156623840332" name="texpr_bits" />
    <testcase time="0.001736164093017578" name="texpr_bytes_cmp" />
    <testcase time="0.00000000" name="texpr_bytes_literal">
      <failure message="/home/travis/build/kaitai-io/ci_targets/tests/spec/nim/tests/texpr_bytes_literal.nim(4, 29) Error: cannot open file: ../../../compiled/nim/expr_bytes_literal
" />
    </testcase>
    <testcase time="0.001586198806762695" name="texpr_bytes_ops" />
    <testcase time="0.0016021728515625" name="texpr_calc_array_ops" />
    <testcase time="0.001669406890869141" name="texpr_enum" />
    <testcase time="0.001575708389282227" name="texpr_io_eof" />
    <testcase time="0.001616477966308594" name="texpr_io_pos" />
    <testcase time="0.001634120941162109" name="texpr_mod" />
    <testcase time="0.001622438430786133" name="texpr_ops_parens" />
    <testcase time="0.001559734344482422" name="texpr_sizeof_type_0" />
    <testcase time="0.001619338989257812" name="texpr_sizeof_type_1" />
    <testcase time="0.001712560653686523" name="texpr_sizeof_value_0" />
    <testcase time="0.001917600631713867" name="texpr_sizeof_value_sized" />
    <testcase time="0.001972436904907227" name="texpr_str_ops" />
    <testcase time="0.001853227615356445" name="tfixed_contents" />
    <testcase time="0.001804828643798828" name="tfixed_struct" />
    <testcase time="0.001735687255859375" name="tfloat_to_i" />
    <testcase time="0.001703262329101562" name="tfloating_points" />
    <testcase time="0.001798152923583984" name="thello_world" />
    <testcase time="0.001602888107299805" name="tif_instances" />
    <testcase time="0.001853704452514648" name="tif_struct" />
    <testcase time="0.001614809036254883" name="tif_values" />
    <testcase time="0.001761198043823242" name="timports0" />
    <testcase time="0.00000000" name="timports_abs">
      <failure message="/home/travis/build/kaitai-io/ci_targets/tests/spec/nim/tests/timports_abs.nim(3, 29) Error: cannot open file: ../../../compiled/nim/vlq_base128_le
" />
    </testcase>
    <testcase time="0.001864910125732422" name="tindex_sizes" />
    <testcase time="0.001734018325805664" name="tindex_to_param_eos">
      <failure message="/home/travis/build/kaitai-io/ci_targets/tests/spec/nim/tests/tindex_to_param_eos.nim(16, 24): Check failed: r.blocks[1].buf == string(&quot;BBBBBBBB&quot;)
r.blocks[1].buf was B
string(&quot;BBBBBBBB&quot;) was BBBBBBBB
/home/travis/build/kaitai-io/ci_targets/tests/spec/nim/tests/tindex_to_param_eos.nim(17, 24): Check failed: r.blocks[2].buf == string(&quot;CCCC&quot;)
r.blocks[2].buf was B
string(&quot;CCCC&quot;) was CCCC
[FAILED] IndexToParamEos
" />
    </testcase>
    <testcase time="0.001860857009887695" name="tindex_to_param_expr">
      <failure message="/home/travis/build/kaitai-io/ci_targets/tests/spec/nim/tests/tindex_to_param_expr.nim(16, 24): Check failed: r.blocks[1].buf == string(&quot;BBBBBBBB&quot;)
r.blocks[1].buf was B
string(&quot;BBBBBBBB&quot;) was BBBBBBBB
/home/travis/build/kaitai-io/ci_targets/tests/spec/nim/tests/tindex_to_param_expr.nim(17, 24): Check failed: r.blocks[2].buf == string(&quot;CCCC&quot;)
r.blocks[2].buf was B
string(&quot;CCCC&quot;) was CCCC
[FAILED] IndexToParamExpr
" />
    </testcase>
    <testcase time="0.001775979995727539" name="tindex_to_param_until">
      <failure message="/home/travis/build/kaitai-io/ci_targets/tests/spec/nim/tests/tindex_to_param_until.nim(16, 24): Check failed: r.blocks[1].buf == string(&quot;BBBBBBBB&quot;)
r.blocks[1].buf was B
string(&quot;BBBBBBBB&quot;) was BBBBBBBB
/home/travis/build/kaitai-io/ci_targets/tests/spec/nim/tests/tindex_to_param_until.nim(17, 24): Check failed: r.blocks[2].buf == string(&quot;CCCC&quot;)
r.blocks[2].buf was B
string(&quot;CCCC&quot;) was CCCC
[FAILED] IndexToParamUntil
" />
    </testcase>
    <testcase time="0.001886844635009766" name="tinstance_io_user" />
    <testcase time="0.001747846603393555" name="tinstance_std" />
    <testcase time="0.001745462417602539" name="tinstance_std_array" />
    <testcase time="0.001770734786987305" name="tinstance_user_array">
      <failure message="/home/travis/build/kaitai-io/ci_targets/tests/spec/nim/tests/tinstance_user_array.nim(17, 31): Check failed: r.userEntries[1].word1 == uint16(8738)
r.userEntries[1].word1 was 4369
uint16(8738) was 8738
/home/travis/build/kaitai-io/ci_targets/tests/spec/nim/tests/tinstance_user_array.nim(18, 31): Check failed: r.userEntries[1].word2 == uint16(8738)
r.userEntries[1].word2 was 4369
uint16(8738) was 8738
/home/travis/build/kaitai-io/ci_targets/tests/spec/nim/tests/tinstance_user_array.nim(19, 31): Check failed: r.userEntries[2].word1 == uint16(13107)
r.userEntries[2].word1 was 4369
uint16(13107) was 13107
/home/travis/build/kaitai-io/ci_targets/tests/spec/nim/tests/tinstance_user_array.nim(20, 31): Check failed: r.userEntries[2].word2 == uint16(13107)
r.userEntries[2].word2 was 4369
uint16(13107) was 13107
[FAILED] InstanceUserArray
" />
    </testcase>
    <testcase time="0.001735687255859375" name="tintegers" />
    <testcase time="0.001740932464599609" name="tintegers_min_max" />
    <testcase time="0.00000000" name="tio_local_var">
      <failure message="/home/travis/build/kaitai-io/ci_targets/tests/spec/nim/tests/tio_local_var.nim(4, 29) Error: cannot open file: ../../../compiled/nim/io_local_var
" />
    </testcase>
    <testcase time="0.001699924468994141" name="tjs_signed_right_shift" />
    <testcase time="0.001603364944458008" name="tmeta_tags" />
    <testcase time="0.001622676849365234" name="tmeta_xref" />
    <testcase time="0.001731157302856445" name="tmultiple_use" />
    <testcase time="0.001709938049316406" name="tnav_parent" />
    <testcase time="0.001671552658081055" name="tnav_parent2" />
    <testcase time="0.001832246780395508" name="tnav_parent3" />
    <testcase time="0.001616477966308594" name="tnav_parent_false" />
    <testcase time="0.001723527908325195" name="tnav_parent_false2" />
    <testcase time="0.001697301864624023" name="tnav_parent_override" />
    <testcase time="0.001654386520385742" name="tnav_parent_switch" />
    <testcase time="0.00000000" name="tnav_parent_switch_cast">
      <failure message="/home/travis/build/kaitai-io/ci_targets/tests/spec/nim/tests/tnav_parent_switch_cast.nim(4, 29) Error: cannot open file: ../../../compiled/nim/nav_parent_switch_cast
" />
    </testcase>
    <testcase time="0.00168919563293457" name="tnav_parent_vs_value_inst" />
    <testcase time="0.001744747161865234" name="tnav_root" />
    <testcase time="0.001553058624267578" name="tnested_same_name" />
    <testcase time="0.001578569412231445" name="tnested_same_name2" />
    <testcase time="0.001724481582641602" name="tnested_type_param">
      <failure message="/home/travis/build/kaitai-io/ci_targets/tests/spec/nim/tests/tnested_type_param.nim(7) tnested_type_param
/home/travis/build/kaitai-io/ci_targets/compiled/nim/nested_type_param.nim(35) fromFile
/home/travis/build/kaitai-io/ci_targets/compiled/nim/nested_type_param.nim(32) read
/home/travis/build/kaitai-io/ci_targets/compiled/nim/nested_type_param.nim(57) read
/home/travis/.nimble/pkgs/kaitai_struct_nim_runtime-0.1.0/kaitai_struct_nim_runtime.nim(242) readBytes
/opt/Nim-1.2.0/lib/system/fatal.nim(49) sysFatal
Error: unhandled exception: index out of bounds, the container is empty [IndexError]
" />
    </testcase>
    <testcase time="0.001693964004516602" name="tnested_types" />
    <testcase time="0.001638650894165039" name="tnested_types2" />
    <testcase time="0.001723289489746094" name="tnested_types3" />
    <testcase time="0.001635551452636719" name="tnon_standard" />
    <testcase time="0.00159764289855957" name="tparams_call_extra_parens">
      <failure message="/home/travis/build/kaitai-io/ci_targets/tests/spec/nim/tests/tparams_call_extra_parens.nim(7) tparams_call_extra_parens
/home/travis/build/kaitai-io/ci_targets/compiled/nim/params_call_extra_parens.nim(32) fromFile
/home/travis/build/kaitai-io/ci_targets/compiled/nim/params_call_extra_parens.nim(29) read
/home/travis/build/kaitai-io/ci_targets/compiled/nim/params_call_extra_parens.nim(42) read
/home/travis/.nimble/pkgs/kaitai_struct_nim_runtime-0.1.0/kaitai_struct_nim_runtime.nim(242) readBytes
/opt/Nim-1.2.0/lib/system/fatal.nim(49) sysFatal
Error: unhandled exception: index out of bounds, the container is empty [IndexError]
" />
    </testcase>
    <testcase time="0.001716852188110352" name="tparams_call_short">
      <failure message="/home/travis/build/kaitai-io/ci_targets/tests/spec/nim/tests/tparams_call_short.nim(7) tparams_call_short
/home/travis/build/kaitai-io/ci_targets/compiled/nim/params_call_short.nim(41) fromFile
/home/travis/build/kaitai-io/ci_targets/compiled/nim/params_call_short.nim(37) read
/home/travis/build/kaitai-io/ci_targets/compiled/nim/params_call_short.nim(51) read
/home/travis/.nimble/pkgs/kaitai_struct_nim_runtime-0.1.0/kaitai_struct_nim_runtime.nim(242) readBytes
/opt/Nim-1.2.0/lib/system/fatal.nim(49) sysFatal
Error: unhandled exception: index out of bounds, the container is empty [IndexError]
" />
    </testcase>
    <testcase time="0.001636743545532227" name="tparams_enum">
      <failure message="/home/travis/build/kaitai-io/ci_targets/tests/spec/nim/tests/tparams_enum.nim(12, 32): Check failed: r.invokeWithParam.isCat == bool(true)
r.invokeWithParam.isCat was false
bool(true) was true
[FAILED] ParamsEnum
" />
    </testcase>
    <testcase time="0.001691102981567383" name="tparams_pass_array_int">
      <failure message="/home/travis/build/kaitai-io/ci_targets/tests/spec/nim/tests/tparams_pass_array_int.nim(11, 29): Check failed: len(r.passInts.nums) == int(3)
len(r.passInts.nums) was 0
int(3) was 3
/opt/Nim-1.2.0/lib/pure/unittest.nim(647) tparams_pass_array_int
/opt/Nim-1.2.0/lib/system/fatal.nim(49) sysFatal

Unhandled exception: index out of bounds, the container is empty [IndexError]
[FAILED] ParamsPassArrayInt
" />
    </testcase>
    <testcase time="0.001758098602294922" name="tparams_pass_array_str">
      <failure message="/home/travis/build/kaitai-io/ci_targets/tests/spec/nim/tests/tparams_pass_array_str.nim(11, 33): Check failed: len(r.passStrArray.strs) == int(3)
len(r.passStrArray.strs) was 0
int(3) was 3
/opt/Nim-1.2.0/lib/pure/unittest.nim(647) tparams_pass_array_str
/opt/Nim-1.2.0/lib/system/fatal.nim(49) sysFatal

Unhandled exception: index out of bounds, the container is empty [IndexError]
[FAILED] ParamsPassArrayStr
" />
    </testcase>
    <testcase time="0.001771450042724609" name="tparams_pass_array_struct">
      <failure message="/home/travis/build/kaitai-io/ci_targets/tests/spec/nim/tests/tparams_pass_array_struct.nim(11, 35): Check failed: len(r.passStructs.structs) == int(2)
len(r.passStructs.structs) was 0
int(2) was 2
/opt/Nim-1.2.0/lib/pure/unittest.nim(647) tparams_pass_array_struct
/opt/Nim-1.2.0/lib/system/fatal.nim(49) sysFatal

Unhandled exception: index out of bounds, the container is empty [IndexError]
[FAILED] ParamsPassArrayStruct
" />
    </testcase>
    <testcase time="0.001646995544433594" name="tparams_pass_array_usertype">
      <failure message="/home/travis/build/kaitai-io/ci_targets/tests/spec/nim/tests/tparams_pass_array_usertype.nim(7) tparams_pass_array_usertype
/home/travis/build/kaitai-io/ci_targets/compiled/nim/params_pass_array_usertype.nim(40) fromFile
/home/travis/build/kaitai-io/ci_targets/compiled/nim/params_pass_array_usertype.nim(37) read
/home/travis/build/kaitai-io/ci_targets/compiled/nim/params_pass_array_usertype.nim(63) read
/opt/Nim-1.2.0/lib/system/fatal.nim(49) sysFatal
Error: unhandled exception: index out of bounds, the container is empty [IndexError]
" />
    </testcase>
    <testcase time="0.001653909683227539" name="tparams_pass_struct">
      <failure message="Traceback (most recent call last)
/opt/Nim-1.2.0/lib/pure/unittest.nim(647) tparams_pass_struct
SIGSEGV: Illegal storage access. (Attempt to read from nil?)
" />
    </testcase>
    <testcase time="0.001689672470092773" name="tparams_pass_usertype">
      <failure message="Traceback (most recent call last)
/home/travis/build/kaitai-io/ci_targets/tests/spec/nim/tests/tparams_pass_usertype.nim(7) tparams_pass_usertype
/home/travis/build/kaitai-io/ci_targets/compiled/nim/params_pass_usertype.nim(38) fromFile
/home/travis/build/kaitai-io/ci_targets/compiled/nim/params_pass_usertype.nim(35) read
/home/travis/build/kaitai-io/ci_targets/compiled/nim/params_pass_usertype.nim(61) read
SIGSEGV: Illegal storage access. (Attempt to read from nil?)
" />
    </testcase>
    <testcase time="0.001711130142211914" name="tposition_abs" />
    <testcase time="0.001580715179443359" name="tposition_in_seq" />
    <testcase time="0.001908540725708008" name="tposition_to_end" />
    <testcase time="0.00158381462097168" name="tprocess_coerce_bytes" />
    <testcase time="0.00000000" name="tprocess_coerce_switch">
      <failure message="/home/travis/build/kaitai-io/ci_targets/tests/spec/nim/tests/tprocess_coerce_switch.nim(4, 29) Error: cannot open file: ../../../compiled/nim/process_coerce_switch
" />
    </testcase>
    <testcase time="0.001631975173950195" name="tprocess_coerce_usertype1" />
    <testcase time="0.001721858978271484" name="tprocess_coerce_usertype2" />
    <testcase time="0.001651525497436523" name="tprocess_custom" />
    <testcase time="0.00000000" name="tprocess_custom_no_args">
      <failure message="/home/travis/build/kaitai-io/ci_targets/compiled/nim/process_custom_no_args.nim(3, 35) Error: cannot open file: ../../tests/spec/nim/opaque/custom_fx_no_args
" />
    </testcase>
    <testcase time="0.001741886138916016" name="tprocess_repeat_bytes" />
    <testcase time="0.001609325408935547" name="tprocess_repeat_usertype">
      <failure message="/home/travis/build/kaitai-io/ci_targets/tests/spec/nim/tests/tprocess_repeat_usertype.nim(13, 22): Check failed: r.blocks[1].a == int32(279597642)
r.blocks[1].a was -1975704206
int32(279597642) was 279597642
/home/travis/build/kaitai-io/ci_targets/tests/spec/nim/tests/tprocess_repeat_usertype.nim(14, 22): Check failed: r.blocks[1].b == int8(68)
r.blocks[1].b was 20
int8(68) was 68
[FAILED] ProcessRepeatUsertype
" />
    </testcase>
    <testcase time="0.001690387725830078" name="tprocess_rotate" />
    <testcase time="0.001769781112670898" name="tprocess_to_user" />
    <testcase time="0.001609086990356445" name="tprocess_xor4_const" />
    <testcase time="0.001685142517089844" name="tprocess_xor4_value" />
    <testcase time="0.001555442810058594" name="tprocess_xor_const" />
    <testcase time="0.001666545867919922" name="tprocess_xor_value" />
    <testcase time="0.001659393310546875" name="trecursive_one" />
    <testcase time="0.001682519912719727" name="trepeat_eos_bit">
      <failure message="/home/travis/build/kaitai-io/ci_targets/tests/spec/nim/tests/trepeat_eos_bit.nim(11, 23): Check failed: len(r.nibbles) == int(16)
len(r.nibbles) was 15
int(16) was 16
[FAILED] RepeatEosBit
" />
    </testcase>
    <testcase time="0.001798868179321289" name="trepeat_eos_struct" />
    <testcase time="0.00178837776184082" name="trepeat_eos_u4" />
    <testcase time="0.001588582992553711" name="trepeat_n_struct" />
    <testcase time="0.001683712005615234" name="trepeat_n_strz" />
    <testcase time="0.001656293869018555" name="trepeat_n_strz_double" />
    <testcase time="0.00000000" name="trepeat_until_complex">
      <failure message="/home/travis/build/kaitai-io/ci_targets/tests/spec/nim/tests/trepeat_until_complex.nim(4, 29) Error: cannot open file: ../../../compiled/nim/repeat_until_complex
" />
    </testcase>
    <testcase time="0.00000000" name="trepeat_until_s4">
      <failure message="/home/travis/build/kaitai-io/ci_targets/tests/spec/nim/tests/trepeat_until_s4.nim(4, 29) Error: cannot open file: ../../../compiled/nim/repeat_until_s4
" />
    </testcase>
    <testcase time="0.00000000" name="trepeat_until_sized">
      <failure message="/home/travis/build/kaitai-io/ci_targets/tests/spec/nim/tests/trepeat_until_sized.nim(4, 29) Error: cannot open file: ../../../compiled/nim/repeat_until_sized
" />
    </testcase>
    <testcase time="0.01019430160522461" name="tstr_encodings" />
    <testcase time="0.001814365386962891" name="tstr_encodings_default" />
    <testcase time="0.001678228378295898" name="tstr_eos" />
    <testcase time="0.001612186431884766" name="tstr_literals2" />
    <testcase time="0.001868247985839844" name="tstr_pad_term" />
    <testcase time="0.001643896102905273" name="tstr_pad_term_empty" />
    <testcase time="0.001743316650390625" name="tswitch_bytearray" />
    <testcase time="0.001661062240600586" name="tswitch_else_only" />
    <testcase time="0.001664638519287109" name="tswitch_integers" />
    <testcase time="0.001737833023071289" name="tswitch_integers2" />
    <testcase time="0.001791954040527344" name="tswitch_manual_enum" />
    <testcase time="0.001677751541137695" name="tswitch_manual_enum_invalid" />
    <testcase time="0.00179290771484375" name="tswitch_manual_enum_invalid_else" />
    <testcase time="0.001677751541137695" name="tswitch_manual_int" />
    <testcase time="0.001778602600097656" name="tswitch_manual_int_else" />
    <testcase time="0.001965761184692383" name="tswitch_manual_int_size_else">
      <failure message="/home/travis/build/kaitai-io/ci_targets/tests/spec/nim/tests/tswitch_manual_int_size_else.nim(7) tswitch_manual_int_size_else
/home/travis/build/kaitai-io/ci_targets/compiled/nim/switch_manual_int_size_else.nim(51) fromFile
/home/travis/build/kaitai-io/ci_targets/compiled/nim/switch_manual_int_size_else.nim(47) read
/home/travis/build/kaitai-io/ci_targets/compiled/nim/switch_manual_int_size_else.nim(73) read
/home/travis/.nimble/pkgs/kaitai_struct_nim_runtime-0.1.0/kaitai_struct_nim_runtime.nim(242) readBytes
/opt/Nim-1.2.0/lib/system/fatal.nim(49) sysFatal
Error: unhandled exception: index out of bounds, the container is empty [IndexError]
" />
    </testcase>
    <testcase time="0.001949787139892578" name="tswitch_manual_str" />
    <testcase time="0.001809597015380859" name="tswitch_manual_str_else" />
    <testcase time="0.001708745956420898" name="tterm_bytes" />
    <testcase time="0.00170588493347168" name="tterm_strz" />
    <testcase time="0.001742362976074219" name="tts_packet_header" />
    <testcase time="0.001704931259155273" name="ttype_int_unary_op" />
    <testcase time="0.001642465591430664" name="ttype_ternary" />
    <testcase time="0.001641511917114258" name="tuser_type" />
    <testcase time="0.001683473587036133" name="tvalid_long" />
    <testcase time="0.001570463180541992" name="tvalid_not_parsed_if" />
    <testcase time="0.001699924468994141" name="tvalid_short" />
    <testcase time="0.001585960388183594" name="tvalid_switch" />
    <testcase time="0.00000000" name="tzlib_surrounded">
      <failure message="/home/travis/build/kaitai-io/ci_targets/tests/spec/nim/tests/tzlib_surrounded.nim(7, 23) template/generic instantiation of `fromFile` from here
/home/travis/build/kaitai-io/ci_targets/compiled/nim/zlib_surrounded.nim(40, 17) template/generic instantiation of `read` from here
/home/travis/build/kaitai-io/ci_targets/compiled/nim/zlib_surrounded.nim(34, 33) Error: attempting to call undeclared routine: 'processZlib'
" />
    </testcase>
    <testcase time="0.00000000" name="tzlib_with_header_78">
      <failure message="/home/travis/build/kaitai-io/ci_targets/tests/spec/nim/tests/tzlib_with_header_78.nim(7, 25) template/generic instantiation of `fromFile` from here
/home/travis/build/kaitai-io/ci_targets/compiled/nim/zlib_with_header_78.nim(29, 19) template/generic instantiation of `read` from here
/home/travis/build/kaitai-io/ci_targets/compiled/nim/zlib_with_header_78.nim(26, 27) Error: attempting to call undeclared routine: 'processZlib'
" />
    </testcase>
  </testsuite>
</testsuites>