<testsuites>
  <testsuite tests="175" failures="0" errors="21" name="tests">
    <testcase time="0.001913547515869141" name="tbcd_user_type_be" />
    <testcase time="0.001651287078857422" name="tbcd_user_type_le" />
    <testcase time="0.001609325408935547" name="tbits_byte_aligned" />
    <testcase time="0.006080865859985352" name="tbits_enum" />
    <testcase time="0.001748085021972656" name="tbits_seq_endian_combo" />
    <testcase time="0.001622438430786133" name="tbits_simple" />
    <testcase time="0.001787185668945312" name="tbits_simple_le" />
    <testcase time="0.001684904098510742" name="tbuffered_struct" />
    <testcase time="0.001804590225219727" name="tbytes_pad_term" />
    <testcase time="0.001751899719238281" name="tcast_nested" />
    <testcase time="0.001654863357543945" name="tcast_to_imported" />
    <testcase time="0.00159907341003418" name="tcast_to_top" />
    <testcase time="0.001652240753173828" name="tcombine_bool" />
    <testcase time="0.001677513122558594" name="tcombine_bytes" />
    <testcase time="0.001703023910522461" name="tcombine_str" />
    <testcase time="0.001611709594726562" name="tdebug_switch_user" />
    <testcase time="0.001536130905151367" name="tdefault_big_endian" />
    <testcase time="0.001545190811157227" name="tdefault_bit_endian_mod" />
    <testcase time="0.00162196159362793" name="tdefault_endian_expr_inherited" />
    <testcase time="0.001775979995727539" name="tdefault_endian_expr_is_be" />
    <testcase time="0.001669883728027344" name="tdefault_endian_expr_is_le" />
    <testcase time="0.001626014709472656" name="tdefault_endian_mod" />
    <testcase time="0.001661539077758789" name="tdocstrings" />
    <testcase time="0.001590490341186523" name="tdocstrings_docref" />
    <testcase time="0.001690387725830078" name="tdocstrings_docref_multi" />
    <testcase time="0.001589775085449219" name="tenum_0" />
    <testcase time="0.001569271087646484" name="tenum_1" />
    <testcase time="0.001629114151000977" name="tenum_deep" />
    <testcase time="0.001630544662475586" name="tenum_deep_literals" />
    <testcase time="0.001564741134643555" name="tenum_fancy" />
    <testcase time="0.001691818237304688" name="tenum_if" />
    <testcase time="0.001634836196899414" name="tenum_import" />
    <testcase time="0.001611232757568359" name="tenum_int_range_s" />
    <testcase time="0.001796483993530273" name="tenum_int_range_u" />
    <testcase time="0.001601696014404297" name="tenum_invalid" />
    <testcase time="0.00000000" name="tenum_long_range_s">
      <failure message="fatal.nim(49)            sysFatal
Error: unhandled exception: over- or underflow [OverflowError]
" />
    </testcase>
    <testcase time="0.00000000" name="tenum_long_range_u">
      <failure message="fatal.nim(49)            sysFatal
Error: unhandled exception: over- or underflow [OverflowError]
" />
    </testcase>
    <testcase time="0.001558780670166016" name="tenum_negative" />
    <testcase time="0.001597404479980469" name="tenum_of_value_inst" />
    <testcase time="0.001830816268920898" name="tenum_to_i" />
    <testcase time="0.00000000" name="tenum_to_i_class_border_1">
      <failure message="/home/travis/build/kaitai-io/ci_targets/compiled/nim/enum_to_i_class_border_1.nim(12, 26) Error: undeclared identifier: 'EnumToIClassBorder2'
This might be caused by a recursive module dependency:
/home/travis/build/kaitai-io/ci_targets/compiled/nim/enum_to_i_class_border_2.nim imports /home/travis/build/kaitai-io/ci_targets/compiled/nim/enum_to_i_class_border_1.nim
/home/travis/build/kaitai-io/ci_targets/compiled/nim/enum_to_i_class_border_1.nim imports /home/travis/build/kaitai-io/ci_targets/compiled/nim/enum_to_i_class_border_2.nim
" />
    </testcase>
    <testcase time="0.001646280288696289" name="texpr_0" />
    <testcase time="0.001641988754272461" name="texpr_1" />
    <testcase time="0.001703262329101562" name="texpr_2" />
    <testcase time="0.001645326614379883" name="texpr_3" />
    <testcase time="0.001794576644897461" name="texpr_array" />
    <testcase time="0.00177454948425293" name="texpr_bits" />
    <testcase time="0.001765727996826172" name="texpr_bytes_cmp" />
    <testcase time="0.00000000" name="texpr_bytes_literal">
      <failure message="/home/travis/build/kaitai-io/ci_targets/tests/spec/nim/tests/texpr_bytes_literal.nim(4, 29) Error: cannot open file: ../../../compiled/nim/expr_bytes_literal
" />
    </testcase>
    <testcase time="0.001660823822021484" name="texpr_bytes_ops" />
    <testcase time="0.001678228378295898" name="texpr_calc_array_ops" />
    <testcase time="0.001669883728027344" name="texpr_enum" />
    <testcase time="0.001683950424194336" name="texpr_io_eof" />
    <testcase time="0.0017852783203125" name="texpr_io_pos" />
    <testcase time="0.001646518707275391" name="texpr_mod" />
    <testcase time="0.001632452011108398" name="texpr_ops_parens" />
    <testcase time="0.001562595367431641" name="texpr_sizeof_type_0" />
    <testcase time="0.001590490341186523" name="texpr_sizeof_type_1" />
    <testcase time="0.001648664474487305" name="texpr_sizeof_value_0" />
    <testcase time="0.001749277114868164" name="texpr_sizeof_value_sized" />
    <testcase time="0.001916408538818359" name="texpr_str_ops" />
    <testcase time="0.001703977584838867" name="tfixed_contents" />
    <testcase time="0.001684904098510742" name="tfixed_struct" />
    <testcase time="0.00157618522644043" name="tfloat_to_i" />
    <testcase time="0.001664876937866211" name="tfloating_points" />
    <testcase time="0.001739263534545898" name="thello_world" />
    <testcase time="0.001593112945556641" name="tif_instances" />
    <testcase time="0.001751422882080078" name="tif_struct" />
    <testcase time="0.001676321029663086" name="tif_values" />
    <testcase time="0.001614093780517578" name="timports0" />
    <testcase time="0.00000000" name="timports_abs">
      <failure message="/home/travis/build/kaitai-io/ci_targets/compiled/nim/imports_abs.nim(3, 15) Error: cannot open file: /common/vlq_base128_le
" />
    </testcase>
    <testcase time="0.00000000" name="timports_circular_a">
      <failure message="/home/travis/build/kaitai-io/ci_targets/compiled/nim/imports_circular_a.nim(9, 11) Error: undeclared identifier: 'ImportsCircularB'
This might be caused by a recursive module dependency:
/home/travis/build/kaitai-io/ci_targets/compiled/nim/imports_circular_b.nim imports /home/travis/build/kaitai-io/ci_targets/compiled/nim/imports_circular_a.nim
/home/travis/build/kaitai-io/ci_targets/compiled/nim/imports_circular_a.nim imports /home/travis/build/kaitai-io/ci_targets/compiled/nim/imports_circular_b.nim
" />
    </testcase>
    <testcase time="0.00000000" name="timports_rel_1">
      <failure message="/home/travis/build/kaitai-io/ci_targets/compiled/nim/imports_rel_1.nim(3, 23) Error: cannot open file: for_rel_imports/imported_1
" />
    </testcase>
    <testcase time="0.001636266708374023" name="tindex_sizes" />
    <testcase time="0.001640558242797852" name="tindex_to_param_eos" />
    <testcase time="0.001688957214355469" name="tindex_to_param_expr" />
    <testcase time="0.00172734260559082" name="tindex_to_param_until" />
    <testcase time="0.001679658889770508" name="tinstance_io_user" />
    <testcase time="0.001891851425170898" name="tinstance_std" />
    <testcase time="0.001558303833007812" name="tinstance_std_array" />
    <testcase time="0.001738786697387695" name="tinstance_user_array" />
    <testcase time="0.001671552658081055" name="tintegers" />
    <testcase time="0.001618862152099609" name="tintegers_min_max" />
    <testcase time="0.00000000" name="tio_local_var">
      <failure message="/home/travis/build/kaitai-io/ci_targets/tests/spec/nim/tests/tio_local_var.nim(7, 19) template/generic instantiation of `fromFile` from here
/home/travis/build/kaitai-io/ci_targets/compiled/nim/io_local_var.nim(64, 13) template/generic instantiation of `read` from here
/home/travis/build/kaitai-io/ci_targets/compiled/nim/io_local_var.nim(22, 13) template/generic instantiation of `new` from here
/opt/Nim-1.2.0/lib/system.nim(848, 11) Error: invalid type: 'Option[system.any]' in this context: 'IoLocalVar' for var
" />
    </testcase>
    <testcase time="0.001539945602416992" name="tjs_signed_right_shift" />
    <testcase time="0.001621484756469727" name="tmeta_tags" />
    <testcase time="0.001523256301879883" name="tmeta_xref" />
    <testcase time="0.001566886901855469" name="tmultiple_use" />
    <testcase time="0.001659870147705078" name="tnav_parent" />
    <testcase time="0.001617670059204102" name="tnav_parent2" />
    <testcase time="0.001664161682128906" name="tnav_parent3" />
    <testcase time="0.001683712005615234" name="tnav_parent_false" />
    <testcase time="0.001608133316040039" name="tnav_parent_false2" />
    <testcase time="0.001659393310546875" name="tnav_parent_override" />
    <testcase time="0.001612663269042969" name="tnav_parent_switch" />
    <testcase time="0.00000000" name="tnav_parent_switch_cast">
      <failure message="/home/travis/build/kaitai-io/ci_targets/compiled/nim/nav_parent_switch_cast.nim(119, 64) Error: undeclared field: 'parent' for type kaitai_struct_nim_runtime.KaitaiStruct [declared in /home/travis/.nimble/pkgs/kaitai_struct_nim_runtime-0.1.0/kaitai_struct_nim_runtime.nim(5, 3)] 
" />
    </testcase>
    <testcase time="0.001780509948730469" name="tnav_parent_vs_value_inst" />
    <testcase time="0.00171208381652832" name="tnav_root" />
    <testcase time="0.001702070236206055" name="tnested_same_name" />
    <testcase time="0.001595258712768555" name="tnested_same_name2" />
    <testcase time="0.001736640930175781" name="tnested_type_param" />
    <testcase time="0.001727104187011719" name="tnested_types" />
    <testcase time="0.001702070236206055" name="tnested_types2" />
    <testcase time="0.001605987548828125" name="tnested_types3" />
    <testcase time="0.001557350158691406" name="tnon_standard" />
    <testcase time="0.001633167266845703" name="tparams_call_extra_parens" />
    <testcase time="0.001729726791381836" name="tparams_call_short" />
    <testcase time="0.001604557037353516" name="tparams_enum" />
    <testcase time="0.00000000" name="tparams_pass_array_int">
      <failure message="/home/travis/build/kaitai-io/ci_targets/tests/spec/nim/tests/tparams_pass_array_int.nim(7, 27) template/generic instantiation of `fromFile` from here
/home/travis/build/kaitai-io/ci_targets/compiled/nim/params_pass_array_int.nim(45, 21) template/generic instantiation of `read` from here
/home/travis/build/kaitai-io/ci_targets/compiled/nim/params_pass_array_int.nim(33, 54) template/generic instantiation of `read` from here
/home/travis/build/kaitai-io/ci_targets/compiled/nim/params_pass_array_int.nim(54, 29) Error: type mismatch: got &lt;seq[int]&gt; but expected 'seq[uint16]'
" />
    </testcase>
    <testcase time="0.001717090606689453" name="tparams_pass_array_str" />
    <testcase time="0.001624107360839844" name="tparams_pass_array_struct" />
    <testcase time="0.001562356948852539" name="tparams_pass_array_usertype" />
    <testcase time="0.001662969589233398" name="tparams_pass_struct" />
    <testcase time="0.001567840576171875" name="tparams_pass_usertype" />
    <testcase time="0.001646041870117188" name="tposition_abs" />
    <testcase time="0.001637935638427734" name="tposition_in_seq" />
    <testcase time="0.001560688018798828" name="tposition_to_end" />
    <testcase time="0.001605033874511719" name="tprocess_coerce_bytes" />
    <testcase time="0.00000000" name="tprocess_coerce_switch">
      <failure message="/home/travis/build/kaitai-io/ci_targets/tests/spec/nim/tests/tprocess_coerce_switch.nim(7, 28) template/generic instantiation of `fromFile` from here
/home/travis/build/kaitai-io/ci_targets/compiled/nim/process_coerce_switch.nim(74, 22) template/generic instantiation of `read` from here
/home/travis/build/kaitai-io/ci_targets/compiled/nim/process_coerce_switch.nim(26, 13) template/generic instantiation of `new` from here
/opt/Nim-1.2.0/lib/system.nim(848, 11) Error: invalid type: 'auto' in this context: 'ProcessCoerceSwitch' for var
" />
    </testcase>
    <testcase time="0.001599788665771484" name="tprocess_coerce_usertype1" />
    <testcase time="0.001612186431884766" name="tprocess_coerce_usertype2" />
    <testcase time="0.001589775085449219" name="tprocess_custom" />
    <testcase time="0.00000000" name="tprocess_custom_no_args">
      <failure message="/home/travis/build/kaitai-io/ci_targets/compiled/nim/process_custom_no_args.nim(3, 35) Error: cannot open file: ../../tests/spec/nim/opaque/custom_fx_no_args
" />
    </testcase>
    <testcase time="0.001647710800170898" name="tprocess_repeat_bytes" />
    <testcase time="0.00000000" name="tprocess_repeat_usertype">
      <failure message="/home/travis/build/kaitai-io/ci_targets/tests/spec/nim/tests/tprocess_repeat_usertype.nim(7, 30) template/generic instantiation of `fromFile` from here
/home/travis/build/kaitai-io/ci_targets/compiled/nim/process_repeat_usertype.nim(37, 24) template/generic instantiation of `read` from here
/home/travis/build/kaitai-io/ci_targets/compiled/nim/process_repeat_usertype.nim(30, 9) Error: redefinition of 'buf'; previous declaration here: /home/travis/build/kaitai-io/ci_targets/compiled/nim/process_repeat_usertype.nim(28, 9)
" />
    </testcase>
    <testcase time="0.001570463180541992" name="tprocess_rotate" />
    <testcase time="0.00162506103515625" name="tprocess_to_user" />
    <testcase time="0.00165247917175293" name="tprocess_xor4_const" />
    <testcase time="0.001653671264648438" name="tprocess_xor4_value" />
    <testcase time="0.001591205596923828" name="tprocess_xor_const" />
    <testcase time="0.0016632080078125" name="tprocess_xor_value" />
    <testcase time="0.001621246337890625" name="trecursive_one" />
    <testcase time="0.001577854156494141" name="trepeat_eos_bit" />
    <testcase time="0.001613855361938477" name="trepeat_eos_struct" />
    <testcase time="0.001547813415527344" name="trepeat_eos_u4" />
    <testcase time="0.001576423645019531" name="trepeat_n_struct" />
    <testcase time="0.001645088195800781" name="trepeat_n_strz" />
    <testcase time="0.001769065856933594" name="trepeat_n_strz_double" />
    <testcase time="0.001688718795776367" name="trepeat_until_calc_array_type" />
    <testcase time="0.001776456832885742" name="trepeat_until_complex" />
    <testcase time="0.001646041870117188" name="trepeat_until_s4" />
    <testcase time="0.001581907272338867" name="trepeat_until_sized" />
    <testcase time="0.004674434661865234" name="tstr_encodings" />
    <testcase time="0.001705646514892578" name="tstr_encodings_default" />
    <testcase time="0.001784563064575195" name="tstr_eos" />
    <testcase time="0.001587152481079102" name="tstr_literals2" />
    <testcase time="0.001668930053710938" name="tstr_pad_term" />
    <testcase time="0.001658916473388672" name="tstr_pad_term_empty" />
    <testcase time="0.001648664474487305" name="tswitch_bytearray" />
    <testcase time="0.001573562622070312" name="tswitch_else_only" />
    <testcase time="0.001672267913818359" name="tswitch_integers" />
    <testcase time="0.001650333404541016" name="tswitch_integers2" />
    <testcase time="0.001670360565185547" name="tswitch_manual_enum" />
    <testcase time="0.00000000" name="tswitch_manual_enum_invalid">
      <failure message="/opt/Nim-1.2.0/lib/pure/unittest.nim(647, 43) Error: conversion from int literal(255) to SwitchManualEnumInvalid_Opcode_CodeEnum is invalid
" />
    </testcase>
    <testcase time="0.00000000" name="tswitch_manual_enum_invalid_else">
      <failure message="/opt/Nim-1.2.0/lib/pure/unittest.nim(647, 43) Error: conversion from int literal(255) to SwitchManualEnumInvalidElse_Opcode_CodeEnum is invalid
" />
    </testcase>
    <testcase time="0.001694202423095703" name="tswitch_manual_int" />
    <testcase time="0.001644372940063477" name="tswitch_manual_int_else" />
    <testcase time="0.00000000" name="tswitch_manual_int_size">
      <failure message="/home/travis/build/kaitai-io/ci_targets/tests/spec/nim/tests/tswitch_manual_int_size.nim(7, 28) template/generic instantiation of `fromFile` from here
/home/travis/build/kaitai-io/ci_targets/compiled/nim/switch_manual_int_size.nim(44, 22) template/generic instantiation of `read` from here
/home/travis/build/kaitai-io/ci_targets/compiled/nim/switch_manual_int_size.nim(30, 13) template/generic instantiation of `new` from here
/opt/Nim-1.2.0/lib/system.nim(848, 11) Error: invalid type: 'auto' in this context: 'SwitchManualIntSize' for var
" />
    </testcase>
    <testcase time="0.00000000" name="tswitch_manual_int_size_else">
      <failure message="/home/travis/build/kaitai-io/ci_targets/tests/spec/nim/tests/tswitch_manual_int_size_else.nim(9, 6) template/generic instantiation of `test` from here
/home/travis/build/kaitai-io/ci_targets/tests/spec/nim/tests/tswitch_manual_int_size_else.nim(20, 8) template/generic instantiation of `check` from here
/opt/Nim-1.2.0/lib/pure/unittest.nim(647, 43) Error: cannot infer the type of the sequence
" />
    </testcase>
    <testcase time="0.001815319061279297" name="tswitch_manual_str" />
    <testcase time="0.001658201217651367" name="tswitch_manual_str_else" />
    <testcase time="0.001715183258056641" name="tterm_bytes" />
    <testcase time="0.00177454948425293" name="tterm_strz" />
    <testcase time="0.001611471176147461" name="tts_packet_header" />
    <testcase time="0.001555442810058594" name="ttype_int_unary_op" />
    <testcase time="0.001697540283203125" name="ttype_ternary" />
    <testcase time="0.00000000" name="ttype_ternary_2nd_falsy">
      <failure message="/home/travis/build/kaitai-io/ci_targets/tests/spec/nim/tests/ttype_ternary_2nd_falsy.nim(9, 6) template/generic instantiation of `test` from here
/home/travis/build/kaitai-io/ci_targets/tests/spec/nim/tests/ttype_ternary_2nd_falsy.nim(20, 8) template/generic instantiation of `check` from here
/opt/Nim-1.2.0/lib/pure/unittest.nim(670, 14) Error: type mismatch: got &lt;Option[type_ternary_2nd_falsy.TypeTernary2ndFalsy_Foo], typeof(nil)&gt;
but expected one of: 
proc `==`(a, b: Option): bool
  first type mismatch at position: 2
  required type for b: Option
  but expression 'nil' is of type: typeof(nil)
proc `==`[T: tuple | object](x, y: T): bool
  first type mismatch at position: 2
  required type for y: T: tuple or object
  but expression 'nil' is of type: typeof(nil)
29 other mismatching symbols have been suppressed; compile with --showAllMismatches:on to see them

expression: :c1 == nil
" />
    </testcase>
    <testcase time="0.001624822616577148" name="tuser_type" />
    <testcase time="0.001603364944458008" name="tvalid_long" />
    <testcase time="0.001570224761962891" name="tvalid_not_parsed_if" />
    <testcase time="0.001727819442749023" name="tvalid_short" />
    <testcase time="0.001705408096313477" name="tvalid_switch" />
    <testcase time="0.00000000" name="tyaml_ints">
      <failure message="/home/travis/build/kaitai-io/ci_targets/compiled/nim/yaml_ints.nim(47, 30) Error: 18446744073709551615 can't be converted to int
" />
    </testcase>
    <testcase time="0.00000000" name="tzlib_surrounded">
      <failure message="/home/travis/build/kaitai-io/ci_targets/tests/spec/nim/tests/tzlib_surrounded.nim(7, 23) template/generic instantiation of `fromFile` from here
/home/travis/build/kaitai-io/ci_targets/compiled/nim/zlib_surrounded.nim(41, 17) template/generic instantiation of `read` from here
/home/travis/build/kaitai-io/ci_targets/compiled/nim/zlib_surrounded.nim(32, 36) Error: attempting to call undeclared routine: 'processZlib'
" />
    </testcase>
    <testcase time="0.00000000" name="tzlib_with_header_78">
      <failure message="/home/travis/build/kaitai-io/ci_targets/tests/spec/nim/tests/tzlib_with_header_78.nim(7, 25) template/generic instantiation of `fromFile` from here
/home/travis/build/kaitai-io/ci_targets/compiled/nim/zlib_with_header_78.nim(27, 19) template/generic instantiation of `read` from here
/home/travis/build/kaitai-io/ci_targets/compiled/nim/zlib_with_header_78.nim(23, 30) Error: attempting to call undeclared routine: 'processZlib'
" />
    </testcase>
  </testsuite>
</testsuites>