<testsuites>
  <testsuite tests="187" failures="2" errors="25" name="nim">
    <testcase time="0.00162745" name="tbcd_user_type_be" />
    <testcase time="0.00158215" name="tbcd_user_type_le" />
    <testcase time="0.00154686" name="tbits_byte_aligned" />
    <testcase time="0.00147510" name="tbits_enum" />
    <testcase time="0.00146961" name="tbits_seq_endian_combo" />
    <testcase time="0.00147223" name="tbits_signed_b32_le" />
    <testcase time="0.00163865" name="tbits_signed_b64_le" />
    <testcase time="0.00149965" name="tbits_simple" />
    <testcase time="0.00153089" name="tbits_simple_le" />
    <testcase time="0.00146341" name="tbuffered_struct" />
    <testcase time="0.00153637" name="tbytes_pad_term" />
    <testcase time="0.00158048" name="tcast_nested" />
    <testcase time="0.00132680" name="tcast_to_imported" />
    <testcase time="0.00136065" name="tcast_to_top" />
    <testcase time="0.00145316" name="tcombine_bool" />
    <testcase time="0.00146127" name="tcombine_bytes" />
    <testcase time="0.00146723" name="tcombine_enum" />
    <testcase time="0.00151682" name="tcombine_str" />
    <testcase time="0.00143552" name="tdebug_switch_user" />
    <testcase time="0.00140548" name="tdefault_big_endian" />
    <testcase time="0.00143671" name="tdefault_bit_endian_mod" />
    <testcase time="0.00144267" name="tdefault_endian_expr_inherited" />
    <testcase time="0.00151253" name="tdefault_endian_expr_is_be" />
    <testcase time="0.00143075" name="tdefault_endian_expr_is_le" />
    <testcase time="0.00146842" name="tdefault_endian_mod" />
    <testcase time="0.00141668" name="tdocstrings" />
    <testcase time="0.00142026" name="tdocstrings_docref" />
    <testcase time="0.00138497" name="tdocstrings_docref_multi" />
    <testcase time="0.00132489" name="tenum_0" />
    <testcase time="0.00145435" name="tenum_1" />
    <testcase time="0.00146937" name="tenum_deep" />
    <testcase time="0.00144029" name="tenum_deep_literals" />
    <testcase time="0.00137305" name="tenum_fancy" />
    <testcase time="0.00147080" name="tenum_if" />
    <testcase time="0.00139880" name="tenum_import" />
    <testcase time="0.00141644" name="tenum_int_range_s" />
    <testcase time="0.00138974" name="tenum_int_range_u" />
    <testcase time="0.00000000" name="tenum_invalid">
      <failure message="/home/travis/build/kaitai-io/ci_targets/tests/spec/nim/tenum_invalid.nim(10, 15) Error: type mismatch: got &amp;lt;EnumInvalid_Animal, int literal(111)&amp;gt;
but expected one of:
proc `==`[Enum: enum](x, y: Enum): bool
  first type mismatch at position: 2
  required type for y: Enum: enum
  but expression &amp;apos;111&amp;apos; is of type: int literal(111)
proc `==`[T: tuple | object](x, y: T): bool
  first type mismatch at position: 2
  required type for y: T: tuple or object
  but expression &amp;apos;111&amp;apos; is of type: int literal(111)
proc `==`[T](a, b: Option[T]): bool
  first type mismatch at position: 2
  required type for b: Option[==.T]
  but expression &amp;apos;111&amp;apos; is of type: int literal(111)
30 other mismatching symbols have been suppressed; compile with --showAllMismatches:on to see them

expression: r.pet2 == 111
" />
    </testcase>
    <testcase time="0.00000000" name="tenum_long_range_s">
      <failure message="fatal.nim(53)            sysFatal
Error: unhandled exception: over- or underflow [OverflowDefect]
" />
    </testcase>
    <testcase time="0.00000000" name="tenum_long_range_u">
      <failure message="fatal.nim(53)            sysFatal
Error: unhandled exception: over- or underflow [OverflowDefect]
" />
    </testcase>
    <testcase time="0.00140524" name="tenum_negative" />
    <testcase time="0.00140691" name="tenum_of_value_inst" />
    <testcase time="0.00144029" name="tenum_to_i" />
    <testcase time="0.00000000" name="tenum_to_i_class_border_1">
      <failure message="/home/travis/build/kaitai-io/ci_targets/compiled/nim/enum_to_i_class_border_1.nim(13, 20) Error: undeclared identifier: &amp;apos;EnumToIClassBorder2&amp;apos;
candidates (edit distance, scope distance); see &amp;apos;--spellSuggest&amp;apos;: 
 (1, 0): &amp;apos;EnumToIClassBorder1&amp;apos; [type declared in /home/travis/build/kaitai-io/ci_targets/compiled/nim/enum_to_i_class_border_1.nim(7, 3)]
 (1, 0): &amp;apos;enum_to_i_class_border_2&amp;apos; [module declared in /home/travis/build/kaitai-io/ci_targets/compiled/nim/enum_to_i_class_border_1.nim(5, 8)]
This might be caused by a recursive module dependency:
/home/travis/build/kaitai-io/ci_targets/compiled/nim/enum_to_i_class_border_2.nim imports /home/travis/build/kaitai-io/ci_targets/compiled/nim/enum_to_i_class_border_1.nim
/home/travis/build/kaitai-io/ci_targets/compiled/nim/enum_to_i_class_border_1.nim imports /home/travis/build/kaitai-io/ci_targets/compiled/nim/enum_to_i_class_border_2.nim
" />
    </testcase>
    <testcase time="0.00148463" name="texpr_0" />
    <testcase time="0.00149107" name="texpr_1" />
    <testcase time="0.00170326" name="texpr_2" />
    <testcase time="0.00145674" name="texpr_3" />
    <testcase time="0.00150537" name="texpr_array" />
    <testcase time="0.00140834" name="texpr_bits" />
    <testcase time="0.00140476" name="texpr_bytes_cmp" />
    <testcase time="0.00000000" name="texpr_bytes_literal">
      <failure message="/home/travis/build/kaitai-io/ci_targets/tests/spec/nim/texpr_bytes_literal.nim(4, 26) Error: cannot open file: ../../compiled/nim/expr_bytes_literal
" />
    </testcase>
    <testcase time="0.00139189" name="texpr_bytes_ops" />
    <testcase time="0.00150704" name="texpr_calc_array_ops" />
    <testcase time="0.00145268" name="texpr_enum" />
    <testcase time="0.00146985" name="texpr_if_int_ops" />
    <testcase time="0.00152540" name="texpr_int_div">
      <failure message="/home/travis/build/kaitai-io/ci_targets/tests/spec/nim/texpr_int_div.nim(12) texpr_int_div
/opt/nim-1.6.0/lib/system/assertions.nim(38) failedAssertImpl
/opt/nim-1.6.0/lib/system/assertions.nim(28) raiseAssert
/opt/nim-1.6.0/lib/system/fatal.nim(53) sysFatal
Error: unhandled exception: /home/travis/build/kaitai-io/ci_targets/tests/spec/nim/texpr_int_div.nim(12, 8) `r.divNegConst == -757`  [AssertionDefect]
" />
    </testcase>
    <testcase time="0.00146699" name="texpr_io_eof" />
    <testcase time="0.00156832" name="texpr_io_pos" />
    <testcase time="0.00145555" name="texpr_mod" />
    <testcase time="0.00143600" name="texpr_ops_parens" />
    <testcase time="0.00139594" name="texpr_sizeof_type_0" />
    <testcase time="0.00144577" name="texpr_sizeof_type_1" />
    <testcase time="0.00149369" name="texpr_sizeof_value_0" />
    <testcase time="0.00137854" name="texpr_sizeof_value_sized" />
    <testcase time="0.00310516" name="texpr_str_encodings" />
    <testcase time="0.00151539" name="texpr_str_ops" />
    <testcase time="0.00141287" name="tfixed_contents" />
    <testcase time="0.00156045" name="tfixed_struct" />
    <testcase time="0.00145483" name="tfloat_to_i" />
    <testcase time="0.00154853" name="tfloating_points">
      <failure message="/home/travis/build/kaitai-io/ci_targets/tests/spec/nim/tfloating_points.nim(13) tfloating_points
/opt/nim-1.6.0/lib/system/assertions.nim(38) failedAssertImpl
/opt/nim-1.6.0/lib/system/assertions.nim(28) raiseAssert
/opt/nim-1.6.0/lib/system/fatal.nim(53) sysFatal
Error: unhandled exception: /home/travis/build/kaitai-io/ci_targets/tests/spec/nim/tfloating_points.nim(13, 8) `r.approximateValue == 1.2345`  [AssertionDefect]
" />
    </testcase>
    <testcase time="0.00143170" name="thello_world" />
    <testcase time="0.00136304" name="tif_instances" />
    <testcase time="0.00152230" name="tif_struct" />
    <testcase time="0.00147390" name="tif_values" />
    <testcase time="0.00147557" name="timports0" />
    <testcase time="0.00000000" name="timports_abs">
      <failure message="/home/travis/build/kaitai-io/ci_targets/compiled/nim/imports_abs.nim(3, 15) Error: cannot open file: /common/vlq_base128_le
" />
    </testcase>
    <testcase time="0.00000000" name="timports_circular_a">
      <failure message="/home/travis/build/kaitai-io/ci_targets/compiled/nim/imports_circular_a.nim(9, 13) Error: undeclared identifier: &amp;apos;ImportsCircularB&amp;apos;
candidates (edit distance, scope distance); see &amp;apos;--spellSuggest&amp;apos;: 
 (1, 0): &amp;apos;ImportsCircularA&amp;apos; [type declared in /home/travis/build/kaitai-io/ci_targets/compiled/nim/imports_circular_a.nim(7, 3)]
 (1, 0): &amp;apos;imports_circular_b&amp;apos; [module declared in /home/travis/build/kaitai-io/ci_targets/compiled/nim/imports_circular_a.nim(5, 8)]
This might be caused by a recursive module dependency:
/home/travis/build/kaitai-io/ci_targets/compiled/nim/imports_circular_b.nim imports /home/travis/build/kaitai-io/ci_targets/compiled/nim/imports_circular_a.nim
/home/travis/build/kaitai-io/ci_targets/compiled/nim/imports_circular_a.nim imports /home/travis/build/kaitai-io/ci_targets/compiled/nim/imports_circular_b.nim
" />
    </testcase>
    <testcase time="0.00000000" name="timports_rel_1">
      <failure message="/home/travis/build/kaitai-io/ci_targets/compiled/nim/imports_rel_1.nim(3, 23) Error: cannot open file: for_rel_imports/imported_1
" />
    </testcase>
    <testcase time="0.00150180" name="tindex_sizes" />
    <testcase time="0.00154543" name="tindex_to_param_eos" />
    <testcase time="0.00156164" name="tindex_to_param_expr" />
    <testcase time="0.00155973" name="tindex_to_param_until" />
    <testcase time="0.00152659" name="tinstance_io_user" />
    <testcase time="0.00157142" name="tinstance_std" />
    <testcase time="0.00142264" name="tinstance_std_array" />
    <testcase time="0.00149322" name="tinstance_user_array" />
    <testcase time="0.00142646" name="tintegers" />
    <testcase time="0.00149584" name="tintegers_double_overflow" />
    <testcase time="0.00000000" name="tintegers_min_max">
      <failure message="/home/travis/build/kaitai-io/ci_targets/tests/spec/nim/tintegers_min_max.nim(26, 29) Error: number out of range: &amp;apos;9223372036854775808&amp;apos;u64&amp;apos;
" />
    </testcase>
    <testcase time="0.00000000" name="tio_local_var">
      <failure message="/home/travis/build/kaitai-io/ci_targets/compiled/nim/io_local_var.nim(59, 25) Error: type mismatch: got &amp;apos;seq[byte]&amp;apos; for &amp;apos;messUpInstExpr&amp;apos; but expected &amp;apos;KaitaiStruct = ref KaitaiStruct:ObjectType&amp;apos;
" />
    </testcase>
    <testcase time="0.00150037" name="tjs_signed_right_shift" />
    <testcase time="0.00139380" name="tmeta_tags" />
    <testcase time="0.00142550" name="tmeta_xref" />
    <testcase time="0.00143623" name="tmultiple_use" />
    <testcase time="0.00146031" name="tnav_parent" />
    <testcase time="0.00152302" name="tnav_parent2" />
    <testcase time="0.00152016" name="tnav_parent3" />
    <testcase time="0.00158453" name="tnav_parent_false" />
    <testcase time="0.00146389" name="tnav_parent_false2" />
    <testcase time="0.00146174" name="tnav_parent_override" />
    <testcase time="0.00149965" name="tnav_parent_switch" />
    <testcase time="0.00000000" name="tnav_parent_switch_cast">
      <failure message="/home/travis/build/kaitai-io/ci_targets/compiled/nim/nav_parent_switch_cast.nim(120, 64) Error: undeclared field: &amp;apos;parent&amp;apos; for type kaitai_struct_nim_runtime.KaitaiStruct [type declared in /home/travis/.nimble/pkgs/kaitai_struct_nim_runtime-0.9.0/kaitai_struct_nim_runtime.nim(5, 3)]
" />
    </testcase>
    <testcase time="0.00149560" name="tnav_parent_vs_value_inst" />
    <testcase time="0.00158715" name="tnav_root" />
    <testcase time="0.00150681" name="tnested_same_name" />
    <testcase time="0.00150418" name="tnested_same_name2" />
    <testcase time="0.00151682" name="tnested_type_param" />
    <testcase time="0.00141716" name="tnested_types" />
    <testcase time="0.00148773" name="tnested_types2" />
    <testcase time="0.00148845" name="tnested_types3" />
    <testcase time="0.00140667" name="tnon_standard" />
    <testcase time="0.00161481" name="tparams_call_extra_parens" />
    <testcase time="0.00149894" name="tparams_call_short" />
    <testcase time="0.00152612" name="tparams_enum" />
    <testcase time="0.00000000" name="tparams_pass_array_int">
      <failure message="/home/travis/build/kaitai-io/ci_targets/tests/spec/nim/tparams_pass_array_int.nim(7, 27) template/generic instantiation of `fromFile` from here
/home/travis/build/kaitai-io/ci_targets/compiled/nim/params_pass_array_int.nim(46, 21) template/generic instantiation of `read` from here
/home/travis/build/kaitai-io/ci_targets/compiled/nim/params_pass_array_int.nim(34, 54) template/generic instantiation of `read` from here
/home/travis/build/kaitai-io/ci_targets/compiled/nim/params_pass_array_int.nim(55, 29) Error: type mismatch: got &amp;apos;seq[int]&amp;apos; for &amp;apos;nums&amp;apos; but expected &amp;apos;seq[uint16]&amp;apos;
" />
    </testcase>
    <testcase time="0.00153422" name="tparams_pass_array_str" />
    <testcase time="0.00138497" name="tparams_pass_array_struct" />
    <testcase time="0.00142241" name="tparams_pass_array_usertype" />
    <testcase time="0.00143957" name="tparams_pass_bool" />
    <testcase time="0.00147104" name="tparams_pass_struct" />
    <testcase time="0.00147676" name="tparams_pass_usertype" />
    <testcase time="0.00153089" name="tposition_abs" />
    <testcase time="0.00144172" name="tposition_in_seq" />
    <testcase time="0.00147295" name="tposition_to_end" />
    <testcase time="0.00148129" name="tprocess_coerce_bytes" />
    <testcase time="0.00000000" name="tprocess_coerce_switch">
      <failure message="/home/travis/build/kaitai-io/ci_targets/tests/spec/nim/tprocess_coerce_switch.nim(7, 28) template/generic instantiation of `fromFile` from here
/home/travis/build/kaitai-io/ci_targets/compiled/nim/process_coerce_switch.nim(75, 22) template/generic instantiation of `read` from here
/home/travis/build/kaitai-io/ci_targets/compiled/nim/process_coerce_switch.nim(48, 26) Error: type mismatch: got &amp;apos;seq[byte]&amp;apos; for &amp;apos;bufUnprocExpr&amp;apos; but expected &amp;apos;KaitaiStruct = ref KaitaiStruct:ObjectType&amp;apos;
" />
    </testcase>
    <testcase time="0.00152755" name="tprocess_coerce_usertype1" />
    <testcase time="0.00145769" name="tprocess_coerce_usertype2" />
    <testcase time="0.00000000" name="tprocess_custom">
      <failure message="/home/travis/build/kaitai-io/ci_targets/compiled/nim/process_custom.nim(3, 8) Error: cannot open file: my_custom_fx
" />
    </testcase>
    <testcase time="0.00000000" name="tprocess_custom_no_args">
      <failure message="/home/travis/build/kaitai-io/ci_targets/compiled/nim/process_custom_no_args.nim(3, 8) Error: cannot open file: custom_fx_no_args
" />
    </testcase>
    <testcase time="0.00142264" name="tprocess_repeat_bytes" />
    <testcase time="0.00000000" name="tprocess_repeat_usertype">
      <failure message="/home/travis/build/kaitai-io/ci_targets/tests/spec/nim/tprocess_repeat_usertype.nim(7, 30) template/generic instantiation of `fromFile` from here
/home/travis/build/kaitai-io/ci_targets/compiled/nim/process_repeat_usertype.nim(37, 24) template/generic instantiation of `read` from here
/home/travis/build/kaitai-io/ci_targets/compiled/nim/process_repeat_usertype.nim(30, 9) Error: redefinition of &amp;apos;buf&amp;apos;; previous declaration here: /home/travis/build/kaitai-io/ci_targets/compiled/nim/process_repeat_usertype.nim(28, 9)
" />
    </testcase>
    <testcase time="0.00146222" name="tprocess_rotate" />
    <testcase time="0.00153041" name="tprocess_to_user" />
    <testcase time="0.00144053" name="tprocess_xor4_const" />
    <testcase time="0.00151229" name="tprocess_xor4_value" />
    <testcase time="0.00154686" name="tprocess_xor_const" />
    <testcase time="0.00141382" name="tprocess_xor_value" />
    <testcase time="0.00142431" name="trecursive_one" />
    <testcase time="0.00146294" name="trepeat_eos_bit" />
    <testcase time="0.00151563" name="trepeat_eos_struct" />
    <testcase time="0.00145459" name="trepeat_eos_u4" />
    <testcase time="0.00149703" name="trepeat_n_struct" />
    <testcase time="0.00154328" name="trepeat_n_strz" />
    <testcase time="0.00155783" name="trepeat_n_strz_double" />
    <testcase time="0.00144291" name="trepeat_until_calc_array_type" />
    <testcase time="0.00151205" name="trepeat_until_complex" />
    <testcase time="0.00161695" name="trepeat_until_s4" />
    <testcase time="0.00154710" name="trepeat_until_sized" />
    <testcase time="0.00165272" name="tstr_encodings" />
    <testcase time="0.00154209" name="tstr_encodings_default" />
    <testcase time="0.00156021" name="tstr_eos" />
    <testcase time="0.00140047" name="tstr_literals2" />
    <testcase time="0.00158262" name="tstr_pad_term" />
    <testcase time="0.00157356" name="tstr_pad_term_empty" />
    <testcase time="0.00148106" name="tswitch_bytearray" />
    <testcase time="0.00152612" name="tswitch_else_only" />
    <testcase time="0.00145864" name="tswitch_integers" />
    <testcase time="0.00147629" name="tswitch_integers2" />
    <testcase time="0.00159526" name="tswitch_manual_enum" />
    <testcase time="0.00000000" name="tswitch_manual_enum_invalid">
      <failure message="/home/travis/build/kaitai-io/ci_targets/tests/spec/nim/tswitch_manual_enum_invalid.nim(10, 26) Error: type mismatch: got &amp;lt;SwitchManualEnumInvalid_Opcode_CodeEnum, int literal(255)&amp;gt;
but expected one of:
proc `==`[Enum: enum](x, y: Enum): bool
  first type mismatch at position: 2
  required type for y: Enum: enum
  but expression &amp;apos;255&amp;apos; is of type: int literal(255)
proc `==`[T: tuple | object](x, y: T): bool
  first type mismatch at position: 2
  required type for y: T: tuple or object
  but expression &amp;apos;255&amp;apos; is of type: int literal(255)
proc `==`[T](a, b: Option[T]): bool
  first type mismatch at position: 2
  required type for b: Option[==.T]
  but expression &amp;apos;255&amp;apos; is of type: int literal(255)
30 other mismatching symbols have been suppressed; compile with --showAllMismatches:on to see them

expression: r.opcodes[0].code == 255
" />
    </testcase>
    <testcase time="0.00000000" name="tswitch_manual_enum_invalid_else">
      <failure message="/home/travis/build/kaitai-io/ci_targets/tests/spec/nim/tswitch_manual_enum_invalid_else.nim(10, 26) Error: type mismatch: got &amp;lt;SwitchManualEnumInvalidElse_Opcode_CodeEnum, int literal(255)&amp;gt;
but expected one of:
proc `==`[Enum: enum](x, y: Enum): bool
  first type mismatch at position: 2
  required type for y: Enum: enum
  but expression &amp;apos;255&amp;apos; is of type: int literal(255)
proc `==`[T: tuple | object](x, y: T): bool
  first type mismatch at position: 2
  required type for y: T: tuple or object
  but expression &amp;apos;255&amp;apos; is of type: int literal(255)
proc `==`[T](a, b: Option[T]): bool
  first type mismatch at position: 2
  required type for b: Option[==.T]
  but expression &amp;apos;255&amp;apos; is of type: int literal(255)
30 other mismatching symbols have been suppressed; compile with --showAllMismatches:on to see them

expression: r.opcodes[0].code == 255
" />
    </testcase>
    <testcase time="0.00160289" name="tswitch_manual_int" />
    <testcase time="0.00153232" name="tswitch_manual_int_else" />
    <testcase time="0.00000000" name="tswitch_manual_int_size">
      <failure message="/home/travis/build/kaitai-io/ci_targets/tests/spec/nim/tswitch_manual_int_size.nim(7, 28) template/generic instantiation of `fromFile` from here
/home/travis/build/kaitai-io/ci_targets/compiled/nim/switch_manual_int_size.nim(44, 22) template/generic instantiation of `read` from here
/home/travis/build/kaitai-io/ci_targets/compiled/nim/switch_manual_int_size.nim(39, 41) template/generic instantiation of `read` from here
/home/travis/build/kaitai-io/ci_targets/compiled/nim/switch_manual_int_size.nim(74, 19) Error: type mismatch: got &amp;apos;seq[byte]&amp;apos; for &amp;apos;bodyExpr&amp;apos; but expected &amp;apos;KaitaiStruct = ref KaitaiStruct:ObjectType&amp;apos;
" />
    </testcase>
    <testcase time="0.00000000" name="tswitch_manual_int_size_else">
      <failure message="/home/travis/build/kaitai-io/ci_targets/tests/spec/nim/tswitch_manual_int_size_else.nim(18, 8) template/generic instantiation of `assert` from here
/home/travis/build/kaitai-io/ci_targets/tests/spec/nim/auxiliary/test_utils.nim(12, 32) Error: type mismatch: got &amp;apos;empty&amp;apos; for &amp;apos;expected[i]&amp;apos; but expected &amp;apos;byte = uint8&amp;apos;
" />
    </testcase>
    <testcase time="0.00160050" name="tswitch_manual_str" />
    <testcase time="0.00158763" name="tswitch_manual_str_else" />
    <testcase time="0.00000000" name="tswitch_repeat_expr">
      <failure message="/home/travis/build/kaitai-io/ci_targets/tests/spec/nim/tswitch_repeat_expr.nim(7, 25) template/generic instantiation of `fromFile` from here
/home/travis/build/kaitai-io/ci_targets/compiled/nim/switch_repeat_expr.nim(55, 19) template/generic instantiation of `read` from here
/home/travis/build/kaitai-io/ci_targets/compiled/nim/switch_repeat_expr.nim(52, 18) Error: type mismatch: got &amp;lt;seq[KaitaiStruct], seq[byte]&amp;gt;
but expected one of:
proc add[T](x: var seq[T]; y: openArray[T])
  first type mismatch at position: 2
  required type for y: openArray[T]
  but expression &amp;apos;it&amp;apos; is of type: seq[byte]
proc add[T](x: var seq[T]; y: sink T)
  first type mismatch at position: 2
  required type for y: sink T
  but expression &amp;apos;it&amp;apos; is of type: seq[byte]
3 other mismatching symbols have been suppressed; compile with --showAllMismatches:on to see them

expression: add(result.body, it)
" />
    </testcase>
    <testcase time="0.00000000" name="tswitch_repeat_expr_invalid">
      <failure message="/home/travis/build/kaitai-io/ci_targets/tests/spec/nim/tswitch_repeat_expr_invalid.nim(7, 32) template/generic instantiation of `fromFile` from here
/home/travis/build/kaitai-io/ci_targets/compiled/nim/switch_repeat_expr_invalid.nim(55, 26) template/generic instantiation of `read` from here
/home/travis/build/kaitai-io/ci_targets/compiled/nim/switch_repeat_expr_invalid.nim(52, 18) Error: type mismatch: got &amp;lt;seq[KaitaiStruct], seq[byte]&amp;gt;
but expected one of:
proc add[T](x: var seq[T]; y: openArray[T])
  first type mismatch at position: 2
  required type for y: openArray[T]
  but expression &amp;apos;it&amp;apos; is of type: seq[byte]
proc add[T](x: var seq[T]; y: sink T)
  first type mismatch at position: 2
  required type for y: sink T
  but expression &amp;apos;it&amp;apos; is of type: seq[byte]
3 other mismatching symbols have been suppressed; compile with --showAllMismatches:on to see them

expression: add(result.body, it)
" />
    </testcase>
    <testcase time="0.00159240" name="tterm_bytes" />
    <testcase time="0.00162745" name="tterm_strz" />
    <testcase time="0.00159979" name="tterm_u1_val" />
    <testcase time="0.00151300" name="tts_packet_header" />
    <testcase time="0.00147200" name="ttype_int_unary_op" />
    <testcase time="0.00151062" name="ttype_ternary" />
    <testcase time="0.00145388" name="ttype_ternary_2nd_falsy" />
    <testcase time="0.00151110" name="tuser_type" />
    <testcase time="0.00161767" name="tvalid_eq_str_encodings" />
    <testcase time="0.00154710" name="tvalid_long" />
    <testcase time="0.00141501" name="tvalid_not_parsed_if" />
    <testcase time="0.00158095" name="tvalid_short" />
    <testcase time="0.00196195" name="tvalid_switch" />
    <testcase time="0.00000000" name="tyaml_ints">
      <failure message="/home/travis/build/kaitai-io/ci_targets/compiled/nim/yaml_ints.nim(51, 30) Error: 18446744073709551615 can&amp;apos;t be converted to int
" />
    </testcase>
    <testcase time="0.00000000" name="tzlib_surrounded">
      <failure message="/home/travis/build/kaitai-io/ci_targets/tests/spec/nim/tzlib_surrounded.nim(7, 23) template/generic instantiation of `fromFile` from here
/home/travis/build/kaitai-io/ci_targets/compiled/nim/zlib_surrounded.nim(41, 17) template/generic instantiation of `read` from here
/home/travis/build/kaitai-io/ci_targets/compiled/nim/zlib_surrounded.nim(32, 36) Error: attempting to call undeclared routine: &amp;apos;processZlib&amp;apos;
" />
    </testcase>
    <testcase time="0.00000000" name="tzlib_with_header_78">
      <failure message="/home/travis/build/kaitai-io/ci_targets/tests/spec/nim/tzlib_with_header_78.nim(7, 25) template/generic instantiation of `fromFile` from here
/home/travis/build/kaitai-io/ci_targets/compiled/nim/zlib_with_header_78.nim(27, 19) template/generic instantiation of `read` from here
/home/travis/build/kaitai-io/ci_targets/compiled/nim/zlib_with_header_78.nim(23, 30) Error: attempting to call undeclared routine: &amp;apos;processZlib&amp;apos;
" />
    </testcase>
  </testsuite>
</testsuites>