<testsuites>
  <testsuite tests="198" failures="2" errors="24" name="nim">
    <testcase time="0.00151467" name="tbcd_user_type_be" />
    <testcase time="0.00149107" name="tbcd_user_type_le" />
    <testcase time="0.00153422" name="tbits_byte_aligned" />
    <testcase time="0.00149870" name="tbits_enum" />
    <testcase time="0.00166488" name="tbits_seq_endian_combo" />
    <testcase time="0.00144696" name="tbits_shift_by_b32_le" />
    <testcase time="0.00147820" name="tbits_shift_by_b64_le" />
    <testcase time="0.00147676" name="tbits_signed_res_b32_be" />
    <testcase time="0.00143957" name="tbits_signed_res_b32_le" />
    <testcase time="0.00144148" name="tbits_signed_shift_b32_le" />
    <testcase time="0.00139380" name="tbits_signed_shift_b64_le" />
    <testcase time="0.00143242" name="tbits_simple" />
    <testcase time="0.00146127" name="tbits_simple_le" />
    <testcase time="0.00145650" name="tbits_unaligned_b32_be" />
    <testcase time="0.00143671" name="tbits_unaligned_b32_le" />
    <testcase time="0.00142312" name="tbits_unaligned_b64_be" />
    <testcase time="0.00146055" name="tbits_unaligned_b64_le" />
    <testcase time="0.00151205" name="tbuffered_struct" />
    <testcase time="0.00154877" name="tbytes_pad_term" />
    <testcase time="0.00159812" name="tcast_nested" />
    <testcase time="0.00144839" name="tcast_to_imported" />
    <testcase time="0.00152349" name="tcast_to_top" />
    <testcase time="0.00147533" name="tcombine_bool" />
    <testcase time="0.00143218" name="tcombine_bytes" />
    <testcase time="0.00145578" name="tcombine_enum" />
    <testcase time="0.00150990" name="tcombine_str" />
    <testcase time="0.00145793" name="tdebug_switch_user" />
    <testcase time="0.00144649" name="tdefault_big_endian" />
    <testcase time="0.00147462" name="tdefault_bit_endian_mod" />
    <testcase time="0.00149035" name="tdefault_endian_expr_inherited" />
    <testcase time="0.00154114" name="tdefault_endian_expr_is_be" />
    <testcase time="0.00161719" name="tdefault_endian_expr_is_le" />
    <testcase time="0.00146008" name="tdefault_endian_mod" />
    <testcase time="0.00143552" name="tdocstrings" />
    <testcase time="0.00145864" name="tdocstrings_docref" />
    <testcase time="0.00140548" name="tdocstrings_docref_multi" />
    <testcase time="0.00144172" name="tenum_0" />
    <testcase time="0.00149965" name="tenum_1" />
    <testcase time="0.00150108" name="tenum_deep" />
    <testcase time="0.00150990" name="tenum_deep_literals" />
    <testcase time="0.00145292" name="tenum_fancy" />
    <testcase time="0.00156689" name="tenum_if" />
    <testcase time="0.00146151" name="tenum_import" />
    <testcase time="0.00146556" name="tenum_int_range_s" />
    <testcase time="0.00141144" name="tenum_int_range_u" />
    <testcase time="0.00000000" name="tenum_invalid">
      <failure message="/home/travis/build/kaitai-io/ci_targets/tests/spec/nim/tenum_invalid.nim(10, 15) Error: type mismatch: got &amp;lt;EnumInvalid_Animal, int literal(111)&amp;gt;
but expected one of:
proc `==`[Enum: enum](x, y: Enum): bool
  first type mismatch at position: 2
  required type for y: Enum: enum
  but expression &amp;apos;111&amp;apos; is of type: int literal(111)
proc `==`[T: tuple | object](x, y: T): bool
  first type mismatch at position: 2
  required type for y: T: tuple or object
  but expression &amp;apos;111&amp;apos; is of type: int literal(111)
proc `==`[T](a, b: Option[T]): bool
  first type mismatch at position: 2
  required type for b: Option[==.T]
  but expression &amp;apos;111&amp;apos; is of type: int literal(111)
30 other mismatching symbols have been suppressed; compile with --showAllMismatches:on to see them

expression: r.pet2 == 111
" />
    </testcase>
    <testcase time="0.00000000" name="tenum_long_range_s">
      <failure message="fatal.nim(53)            sysFatal
Error: unhandled exception: over- or underflow [OverflowDefect]
" />
    </testcase>
    <testcase time="0.00000000" name="tenum_long_range_u">
      <failure message="fatal.nim(53)            sysFatal
Error: unhandled exception: over- or underflow [OverflowDefect]
" />
    </testcase>
    <testcase time="0.00144982" name="tenum_negative" />
    <testcase time="0.01133466" name="tenum_of_value_inst" />
    <testcase time="0.00144172" name="tenum_to_i" />
    <testcase time="0.00000000" name="tenum_to_i_class_border_1">
      <failure message="/home/travis/build/kaitai-io/ci_targets/compiled/nim/enum_to_i_class_border_1.nim(13, 20) Error: undeclared identifier: &amp;apos;EnumToIClassBorder2&amp;apos;
candidates (edit distance, scope distance); see &amp;apos;--spellSuggest&amp;apos;: 
 (1, 0): &amp;apos;EnumToIClassBorder1&amp;apos; [type declared in /home/travis/build/kaitai-io/ci_targets/compiled/nim/enum_to_i_class_border_1.nim(7, 3)]
 (1, 0): &amp;apos;enum_to_i_class_border_2&amp;apos; [module declared in /home/travis/build/kaitai-io/ci_targets/compiled/nim/enum_to_i_class_border_1.nim(5, 8)]
This might be caused by a recursive module dependency:
/home/travis/build/kaitai-io/ci_targets/compiled/nim/enum_to_i_class_border_2.nim imports /home/travis/build/kaitai-io/ci_targets/compiled/nim/enum_to_i_class_border_1.nim
/home/travis/build/kaitai-io/ci_targets/compiled/nim/enum_to_i_class_border_1.nim imports /home/travis/build/kaitai-io/ci_targets/compiled/nim/enum_to_i_class_border_2.nim
" />
    </testcase>
    <testcase time="0.00144744" name="texpr_0" />
    <testcase time="0.00157070" name="texpr_1" />
    <testcase time="0.00159216" name="texpr_2" />
    <testcase time="0.00149965" name="texpr_3" />
    <testcase time="0.00156736" name="texpr_array" />
    <testcase time="0.00144982" name="texpr_bits" />
    <testcase time="0.00149846" name="texpr_bytes_cmp" />
    <testcase time="0.00156307" name="texpr_bytes_non_literal" />
    <testcase time="0.00145149" name="texpr_bytes_ops" />
    <testcase time="0.00159049" name="texpr_calc_array_ops" />
    <testcase time="0.00145960" name="texpr_enum" />
    <testcase time="0.00150347" name="texpr_if_int_ops" />
    <testcase time="0.00158477" name="texpr_int_div">
      <failure message="/home/travis/build/kaitai-io/ci_targets/tests/spec/nim/texpr_int_div.nim(12) texpr_int_div
/opt/nim-1.6.0/lib/system/assertions.nim(38) failedAssertImpl
/opt/nim-1.6.0/lib/system/assertions.nim(28) raiseAssert
/opt/nim-1.6.0/lib/system/fatal.nim(53) sysFatal
Error: unhandled exception: /home/travis/build/kaitai-io/ci_targets/tests/spec/nim/texpr_int_div.nim(12, 8) `r.divNegConst == -757`  [AssertionDefect]
" />
    </testcase>
    <testcase time="0.00146747" name="texpr_io_eof" />
    <testcase time="0.00159121" name="texpr_io_pos" />
    <testcase time="0.00148582" name="texpr_mod" />
    <testcase time="0.00157189" name="texpr_ops_parens" />
    <testcase time="0.00148344" name="texpr_sizeof_type_0" />
    <testcase time="0.00142837" name="texpr_sizeof_type_1" />
    <testcase time="0.00151849" name="texpr_sizeof_value_0" />
    <testcase time="0.00149131" name="texpr_sizeof_value_sized" />
    <testcase time="0.00374770" name="texpr_str_encodings" />
    <testcase time="0.00152612" name="texpr_str_ops" />
    <testcase time="0.00145912" name="tfixed_contents" />
    <testcase time="0.00149941" name="tfixed_struct" />
    <testcase time="0.00150633" name="tfloat_to_i" />
    <testcase time="0.00154996" name="tfloating_points">
      <failure message="/home/travis/build/kaitai-io/ci_targets/tests/spec/nim/tfloating_points.nim(13) tfloating_points
/opt/nim-1.6.0/lib/system/assertions.nim(38) failedAssertImpl
/opt/nim-1.6.0/lib/system/assertions.nim(28) raiseAssert
/opt/nim-1.6.0/lib/system/fatal.nim(53) sysFatal
Error: unhandled exception: /home/travis/build/kaitai-io/ci_targets/tests/spec/nim/tfloating_points.nim(13, 8) `r.approximateValue == 1.2345`  [AssertionDefect]
" />
    </testcase>
    <testcase time="0.00161147" name="thello_world" />
    <testcase time="0.00149322" name="tif_instances" />
    <testcase time="0.00155234" name="tif_struct" />
    <testcase time="0.00150156" name="tif_values" />
    <testcase time="0.00148559" name="timports0" />
    <testcase time="0.00000000" name="timports_abs">
      <failure message="/home/travis/build/kaitai-io/ci_targets/compiled/nim/imports_abs.nim(3, 15) Error: cannot open file: /common/vlq_base128_le
" />
    </testcase>
    <testcase time="0.00000000" name="timports_circular_a">
      <failure message="/home/travis/build/kaitai-io/ci_targets/compiled/nim/imports_circular_a.nim(9, 13) Error: undeclared identifier: &amp;apos;ImportsCircularB&amp;apos;
candidates (edit distance, scope distance); see &amp;apos;--spellSuggest&amp;apos;: 
 (1, 0): &amp;apos;ImportsCircularA&amp;apos; [type declared in /home/travis/build/kaitai-io/ci_targets/compiled/nim/imports_circular_a.nim(7, 3)]
 (1, 0): &amp;apos;imports_circular_b&amp;apos; [module declared in /home/travis/build/kaitai-io/ci_targets/compiled/nim/imports_circular_a.nim(5, 8)]
This might be caused by a recursive module dependency:
/home/travis/build/kaitai-io/ci_targets/compiled/nim/imports_circular_b.nim imports /home/travis/build/kaitai-io/ci_targets/compiled/nim/imports_circular_a.nim
/home/travis/build/kaitai-io/ci_targets/compiled/nim/imports_circular_a.nim imports /home/travis/build/kaitai-io/ci_targets/compiled/nim/imports_circular_b.nim
" />
    </testcase>
    <testcase time="0.00000000" name="timports_rel_1">
      <failure message="/home/travis/build/kaitai-io/ci_targets/compiled/nim/imports_rel_1.nim(3, 23) Error: cannot open file: for_rel_imports/imported_1
" />
    </testcase>
    <testcase time="0.00166535" name="tindex_sizes" />
    <testcase time="0.00164890" name="tindex_to_param_eos" />
    <testcase time="0.00157595" name="tindex_to_param_expr" />
    <testcase time="0.00157833" name="tindex_to_param_until" />
    <testcase time="0.00157809" name="tinstance_io_user" />
    <testcase time="0.00156188" name="tinstance_std" />
    <testcase time="0.00154257" name="tinstance_std_array" />
    <testcase time="0.00150752" name="tinstance_user_array" />
    <testcase time="0.00145459" name="tintegers" />
    <testcase time="0.00144696" name="tintegers_double_overflow" />
    <testcase time="0.00000000" name="tintegers_min_max">
      <failure message="/home/travis/build/kaitai-io/ci_targets/tests/spec/nim/tintegers_min_max.nim(26, 29) Error: number out of range: &amp;apos;9223372036854775808&amp;apos;u64&amp;apos;
" />
    </testcase>
    <testcase time="0.00000000" name="tio_local_var">
      <failure message="/home/travis/build/kaitai-io/ci_targets/compiled/nim/io_local_var.nim(59, 25) Error: type mismatch: got &amp;apos;seq[byte]&amp;apos; for &amp;apos;messUpInstExpr&amp;apos; but expected &amp;apos;KaitaiStruct = ref KaitaiStruct:ObjectType&amp;apos;
" />
    </testcase>
    <testcase time="0.00149179" name="tjs_signed_right_shift" />
    <testcase time="0.00146890" name="tmeta_tags" />
    <testcase time="0.00140071" name="tmeta_xref" />
    <testcase time="0.00152802" name="tmultiple_use" />
    <testcase time="0.00153279" name="tnav_parent" />
    <testcase time="0.00151658" name="tnav_parent2" />
    <testcase time="0.00161004" name="tnav_parent3" />
    <testcase time="0.00144506" name="tnav_parent_false" />
    <testcase time="0.00156474" name="tnav_parent_false2" />
    <testcase time="0.00149798" name="tnav_parent_override" />
    <testcase time="0.00147414" name="tnav_parent_switch" />
    <testcase time="0.00000000" name="tnav_parent_switch_cast">
      <failure message="/home/travis/build/kaitai-io/ci_targets/compiled/nim/nav_parent_switch_cast.nim(120, 64) Error: undeclared field: &amp;apos;parent&amp;apos; for type kaitai_struct_nim_runtime.KaitaiStruct [type declared in /home/travis/.nimble/pkgs/kaitai_struct_nim_runtime-#head/kaitai_struct_nim_runtime.nim(5, 3)]
" />
    </testcase>
    <testcase time="0.00156927" name="tnav_parent_vs_value_inst" />
    <testcase time="0.00160193" name="tnav_root" />
    <testcase time="0.00148869" name="tnested_same_name" />
    <testcase time="0.00149226" name="tnested_same_name2" />
    <testcase time="0.00151277" name="tnested_type_param" />
    <testcase time="0.00147963" name="tnested_types" />
    <testcase time="0.00153947" name="tnested_types2" />
    <testcase time="0.00143075" name="tnested_types3" />
    <testcase time="0.00144553" name="tnon_standard" />
    <testcase time="0.00154877" name="tparams_call_extra_parens" />
    <testcase time="0.00159860" name="tparams_call_short" />
    <testcase time="0.00149035" name="tparams_enum" />
    <testcase time="0.00145292" name="tparams_pass_array_int" />
    <testcase time="0.00156879" name="tparams_pass_array_str" />
    <testcase time="0.00148821" name="tparams_pass_array_struct" />
    <testcase time="0.00157785" name="tparams_pass_array_usertype" />
    <testcase time="0.00148654" name="tparams_pass_bool" />
    <testcase time="0.00145197" name="tparams_pass_struct" />
    <testcase time="0.00156999" name="tparams_pass_usertype" />
    <testcase time="0.00162816" name="tposition_abs" />
    <testcase time="0.00151563" name="tposition_in_seq" />
    <testcase time="0.00143957" name="tposition_to_end" />
    <testcase time="0.00150514" name="tprocess_coerce_bytes" />
    <testcase time="0.00000000" name="tprocess_coerce_switch">
      <failure message="/home/travis/build/kaitai-io/ci_targets/tests/spec/nim/tprocess_coerce_switch.nim(7, 28) template/generic instantiation of `fromFile` from here
/home/travis/build/kaitai-io/ci_targets/compiled/nim/process_coerce_switch.nim(75, 22) template/generic instantiation of `read` from here
/home/travis/build/kaitai-io/ci_targets/compiled/nim/process_coerce_switch.nim(48, 26) Error: type mismatch: got &amp;apos;seq[byte]&amp;apos; for &amp;apos;bufUnprocExpr&amp;apos; but expected &amp;apos;KaitaiStruct = ref KaitaiStruct:ObjectType&amp;apos;
" />
    </testcase>
    <testcase time="0.00145292" name="tprocess_coerce_usertype1" />
    <testcase time="0.00148201" name="tprocess_coerce_usertype2" />
    <testcase time="0.00000000" name="tprocess_custom">
      <failure message="/home/travis/build/kaitai-io/ci_targets/compiled/nim/process_custom.nim(3, 8) Error: cannot open file: my_custom_fx
" />
    </testcase>
    <testcase time="0.00000000" name="tprocess_custom_no_args">
      <failure message="/home/travis/build/kaitai-io/ci_targets/compiled/nim/process_custom_no_args.nim(3, 8) Error: cannot open file: custom_fx_no_args
" />
    </testcase>
    <testcase time="0.00152159" name="tprocess_repeat_bytes" />
    <testcase time="0.00000000" name="tprocess_repeat_usertype">
      <failure message="/home/travis/build/kaitai-io/ci_targets/tests/spec/nim/tprocess_repeat_usertype.nim(7, 30) template/generic instantiation of `fromFile` from here
/home/travis/build/kaitai-io/ci_targets/compiled/nim/process_repeat_usertype.nim(37, 24) template/generic instantiation of `read` from here
/home/travis/build/kaitai-io/ci_targets/compiled/nim/process_repeat_usertype.nim(30, 9) Error: redefinition of &amp;apos;buf&amp;apos;; previous declaration here: /home/travis/build/kaitai-io/ci_targets/compiled/nim/process_repeat_usertype.nim(28, 9)
" />
    </testcase>
    <testcase time="0.00149679" name="tprocess_rotate" />
    <testcase time="0.00154209" name="tprocess_to_user" />
    <testcase time="0.00154591" name="tprocess_xor4_const" />
    <testcase time="0.00146317" name="tprocess_xor4_value" />
    <testcase time="0.00148773" name="tprocess_xor_const" />
    <testcase time="0.00145817" name="tprocess_xor_value" />
    <testcase time="0.00141501" name="trecursive_one" />
    <testcase time="0.00148773" name="trepeat_eos_bit" />
    <testcase time="0.00155473" name="trepeat_eos_struct" />
    <testcase time="0.00145173" name="trepeat_eos_u4" />
    <testcase time="0.00150299" name="trepeat_n_struct" />
    <testcase time="0.00151443" name="trepeat_n_strz" />
    <testcase time="0.00150871" name="trepeat_n_strz_double" />
    <testcase time="0.00154328" name="trepeat_until_calc_array_type" />
    <testcase time="0.00149655" name="trepeat_until_complex" />
    <testcase time="0.00156999" name="trepeat_until_s4" />
    <testcase time="0.00154328" name="trepeat_until_sized" />
    <testcase time="0.00169730" name="tstr_encodings" />
    <testcase time="0.00161147" name="tstr_encodings_default" />
    <testcase time="0.00297999" name="tstr_encodings_utf16" />
    <testcase time="0.00153899" name="tstr_eos" />
    <testcase time="0.00141168" name="tstr_literals2" />
    <testcase time="0.00164199" name="tstr_pad_term" />
    <testcase time="0.00158000" name="tstr_pad_term_empty" />
    <testcase time="0.00156021" name="tswitch_bytearray" />
    <testcase time="0.00142908" name="tswitch_else_only" />
    <testcase time="0.00148225" name="tswitch_integers" />
    <testcase time="0.00151730" name="tswitch_integers2" />
    <testcase time="0.00156355" name="tswitch_manual_enum" />
    <testcase time="0.00000000" name="tswitch_manual_enum_invalid">
      <failure message="/home/travis/build/kaitai-io/ci_targets/tests/spec/nim/tswitch_manual_enum_invalid.nim(10, 26) Error: type mismatch: got &amp;lt;SwitchManualEnumInvalid_Opcode_CodeEnum, int literal(255)&amp;gt;
but expected one of:
proc `==`[Enum: enum](x, y: Enum): bool
  first type mismatch at position: 2
  required type for y: Enum: enum
  but expression &amp;apos;255&amp;apos; is of type: int literal(255)
proc `==`[T: tuple | object](x, y: T): bool
  first type mismatch at position: 2
  required type for y: T: tuple or object
  but expression &amp;apos;255&amp;apos; is of type: int literal(255)
proc `==`[T](a, b: Option[T]): bool
  first type mismatch at position: 2
  required type for b: Option[==.T]
  but expression &amp;apos;255&amp;apos; is of type: int literal(255)
30 other mismatching symbols have been suppressed; compile with --showAllMismatches:on to see them

expression: r.opcodes[0].code == 255
" />
    </testcase>
    <testcase time="0.00000000" name="tswitch_manual_enum_invalid_else">
      <failure message="/home/travis/build/kaitai-io/ci_targets/tests/spec/nim/tswitch_manual_enum_invalid_else.nim(10, 26) Error: type mismatch: got &amp;lt;SwitchManualEnumInvalidElse_Opcode_CodeEnum, int literal(255)&amp;gt;
but expected one of:
proc `==`[Enum: enum](x, y: Enum): bool
  first type mismatch at position: 2
  required type for y: Enum: enum
  but expression &amp;apos;255&amp;apos; is of type: int literal(255)
proc `==`[T: tuple | object](x, y: T): bool
  first type mismatch at position: 2
  required type for y: T: tuple or object
  but expression &amp;apos;255&amp;apos; is of type: int literal(255)
proc `==`[T](a, b: Option[T]): bool
  first type mismatch at position: 2
  required type for b: Option[==.T]
  but expression &amp;apos;255&amp;apos; is of type: int literal(255)
30 other mismatching symbols have been suppressed; compile with --showAllMismatches:on to see them

expression: r.opcodes[0].code == 255
" />
    </testcase>
    <testcase time="0.00159192" name="tswitch_manual_int" />
    <testcase time="0.00154853" name="tswitch_manual_int_else" />
    <testcase time="0.00000000" name="tswitch_manual_int_size">
      <failure message="/home/travis/build/kaitai-io/ci_targets/tests/spec/nim/tswitch_manual_int_size.nim(7, 28) template/generic instantiation of `fromFile` from here
/home/travis/build/kaitai-io/ci_targets/compiled/nim/switch_manual_int_size.nim(44, 22) template/generic instantiation of `read` from here
/home/travis/build/kaitai-io/ci_targets/compiled/nim/switch_manual_int_size.nim(39, 41) template/generic instantiation of `read` from here
/home/travis/build/kaitai-io/ci_targets/compiled/nim/switch_manual_int_size.nim(74, 19) Error: type mismatch: got &amp;apos;seq[byte]&amp;apos; for &amp;apos;bodyExpr&amp;apos; but expected &amp;apos;KaitaiStruct = ref KaitaiStruct:ObjectType&amp;apos;
" />
    </testcase>
    <testcase time="0.00000000" name="tswitch_manual_int_size_else">
      <failure message="/home/travis/build/kaitai-io/ci_targets/tests/spec/nim/tswitch_manual_int_size_else.nim(18, 8) template/generic instantiation of `assert` from here
/home/travis/build/kaitai-io/ci_targets/tests/spec/nim/auxiliary/test_utils.nim(12, 32) Error: type mismatch: got &amp;apos;empty&amp;apos; for &amp;apos;expected[i]&amp;apos; but expected &amp;apos;byte = uint8&amp;apos;
" />
    </testcase>
    <testcase time="0.00000000" name="tswitch_manual_int_size_eos">
      <failure message="/home/travis/build/kaitai-io/ci_targets/tests/spec/nim/tswitch_manual_int_size_eos.nim(7, 31) template/generic instantiation of `fromFile` from here
/home/travis/build/kaitai-io/ci_targets/compiled/nim/switch_manual_int_size_eos.nim(49, 25) template/generic instantiation of `read` from here
/home/travis/build/kaitai-io/ci_targets/compiled/nim/switch_manual_int_size_eos.nim(44, 44) template/generic instantiation of `read` from here
/home/travis/build/kaitai-io/ci_targets/compiled/nim/switch_manual_int_size_eos.nim(66, 50) template/generic instantiation of `read` from here
/home/travis/build/kaitai-io/ci_targets/compiled/nim/switch_manual_int_size_eos.nim(96, 19) Error: type mismatch: got &amp;apos;seq[byte]&amp;apos; for &amp;apos;bodyExpr&amp;apos; but expected &amp;apos;KaitaiStruct = ref KaitaiStruct:ObjectType&amp;apos;
" />
    </testcase>
    <testcase time="0.00160098" name="tswitch_manual_str" />
    <testcase time="0.00155163" name="tswitch_manual_str_else" />
    <testcase time="0.00150990" name="tswitch_multi_bool_ops" />
    <testcase time="0.00000000" name="tswitch_repeat_expr">
      <failure message="/home/travis/build/kaitai-io/ci_targets/tests/spec/nim/tswitch_repeat_expr.nim(7, 25) template/generic instantiation of `fromFile` from here
/home/travis/build/kaitai-io/ci_targets/compiled/nim/switch_repeat_expr.nim(55, 19) template/generic instantiation of `read` from here
/home/travis/build/kaitai-io/ci_targets/compiled/nim/switch_repeat_expr.nim(52, 18) Error: type mismatch: got &amp;lt;seq[KaitaiStruct], seq[byte]&amp;gt;
but expected one of:
proc add[T](x: var seq[T]; y: openArray[T])
  first type mismatch at position: 2
  required type for y: openArray[T]
  but expression &amp;apos;it&amp;apos; is of type: seq[byte]
proc add[T](x: var seq[T]; y: sink T)
  first type mismatch at position: 2
  required type for y: sink T
  but expression &amp;apos;it&amp;apos; is of type: seq[byte]
3 other mismatching symbols have been suppressed; compile with --showAllMismatches:on to see them

expression: add(result.body, it)
" />
    </testcase>
    <testcase time="0.00000000" name="tswitch_repeat_expr_invalid">
      <failure message="/home/travis/build/kaitai-io/ci_targets/tests/spec/nim/tswitch_repeat_expr_invalid.nim(7, 32) template/generic instantiation of `fromFile` from here
/home/travis/build/kaitai-io/ci_targets/compiled/nim/switch_repeat_expr_invalid.nim(55, 26) template/generic instantiation of `read` from here
/home/travis/build/kaitai-io/ci_targets/compiled/nim/switch_repeat_expr_invalid.nim(52, 18) Error: type mismatch: got &amp;lt;seq[KaitaiStruct], seq[byte]&amp;gt;
but expected one of:
proc add[T](x: var seq[T]; y: openArray[T])
  first type mismatch at position: 2
  required type for y: openArray[T]
  but expression &amp;apos;it&amp;apos; is of type: seq[byte]
proc add[T](x: var seq[T]; y: sink T)
  first type mismatch at position: 2
  required type for y: sink T
  but expression &amp;apos;it&amp;apos; is of type: seq[byte]
3 other mismatching symbols have been suppressed; compile with --showAllMismatches:on to see them

expression: add(result.body, it)
" />
    </testcase>
    <testcase time="0.00147629" name="tterm_bytes" />
    <testcase time="0.00154710" name="tterm_strz" />
    <testcase time="0.00166869" name="tterm_u1_val" />
    <testcase time="0.00147653" name="tts_packet_header" />
    <testcase time="0.00150609" name="ttype_int_unary_op" />
    <testcase time="0.00153589" name="ttype_ternary" />
    <testcase time="0.00148988" name="ttype_ternary_2nd_falsy" />
    <testcase time="0.00144935" name="tuser_type" />
    <testcase time="0.00157881" name="tvalid_eq_str_encodings" />
    <testcase time="0.00161672" name="tvalid_long" />
    <testcase time="0.00152135" name="tvalid_not_parsed_if" />
    <testcase time="0.00160170" name="tvalid_short" />
    <testcase time="0.00148630" name="tvalid_switch" />
    <testcase time="0.00000000" name="tyaml_ints">
      <failure message="/home/travis/build/kaitai-io/ci_targets/compiled/nim/yaml_ints.nim(51, 30) Error: 18446744073709551615 can&amp;apos;t be converted to int
" />
    </testcase>
    <testcase time="0.00000000" name="tzlib_surrounded">
      <failure message="/home/travis/build/kaitai-io/ci_targets/tests/spec/nim/tzlib_surrounded.nim(7, 23) template/generic instantiation of `fromFile` from here
/home/travis/build/kaitai-io/ci_targets/compiled/nim/zlib_surrounded.nim(41, 17) template/generic instantiation of `read` from here
/home/travis/build/kaitai-io/ci_targets/compiled/nim/zlib_surrounded.nim(32, 36) Error: attempting to call undeclared routine: &amp;apos;processZlib&amp;apos;
" />
    </testcase>
    <testcase time="0.00000000" name="tzlib_with_header_78">
      <failure message="/home/travis/build/kaitai-io/ci_targets/tests/spec/nim/tzlib_with_header_78.nim(7, 25) template/generic instantiation of `fromFile` from here
/home/travis/build/kaitai-io/ci_targets/compiled/nim/zlib_with_header_78.nim(27, 19) template/generic instantiation of `read` from here
/home/travis/build/kaitai-io/ci_targets/compiled/nim/zlib_with_header_78.nim(23, 30) Error: attempting to call undeclared routine: &amp;apos;processZlib&amp;apos;
" />
    </testcase>
  </testsuite>
</testsuites>