<testsuites>
  <testsuite tests="198" failures="2" errors="27" name="nim">
    <testcase time="0.00149512" name="tbcd_user_type_be" />
    <testcase time="0.00145984" name="tbcd_user_type_le" />
    <testcase time="0.00165009" name="tbits_byte_aligned" />
    <testcase time="0.00157762" name="tbits_enum" />
    <testcase time="0.00146818" name="tbits_seq_endian_combo" />
    <testcase time="0.00146770" name="tbits_shift_by_b32_le" />
    <testcase time="0.00156331" name="tbits_shift_by_b64_le" />
    <testcase time="0.00160623" name="tbits_signed_res_b32_be" />
    <testcase time="0.00143337" name="tbits_signed_res_b32_le" />
    <testcase time="0.00146842" name="tbits_signed_shift_b32_le" />
    <testcase time="0.00145006" name="tbits_signed_shift_b64_le" />
    <testcase time="0.00142431" name="tbits_simple" />
    <testcase time="0.00143218" name="tbits_simple_le" />
    <testcase time="0.00140882" name="tbits_unaligned_b32_be" />
    <testcase time="0.00147939" name="tbits_unaligned_b32_le" />
    <testcase time="0.00144792" name="tbits_unaligned_b64_be" />
    <testcase time="0.00146937" name="tbits_unaligned_b64_le" />
    <testcase time="0.00147772" name="tbuffered_struct" />
    <testcase time="0.00167441" name="tbytes_pad_term" />
    <testcase time="0.00164628" name="tcast_nested" />
    <testcase time="0.00146031" name="tcast_to_imported" />
    <testcase time="0.00150895" name="tcast_to_top" />
    <testcase time="0.00153565" name="tcombine_bool" />
    <testcase time="0.00150418" name="tcombine_bytes" />
    <testcase time="0.00149107" name="tcombine_enum" />
    <testcase time="0.00160336" name="tcombine_str" />
    <testcase time="0.00151467" name="tdebug_switch_user" />
    <testcase time="0.00155473" name="tdefault_big_endian" />
    <testcase time="0.00149250" name="tdefault_bit_endian_mod" />
    <testcase time="0.00153279" name="tdefault_endian_expr_inherited" />
    <testcase time="0.00187635" name="tdefault_endian_expr_is_be" />
    <testcase time="0.00144911" name="tdefault_endian_expr_is_le" />
    <testcase time="0.00152540" name="tdefault_endian_mod" />
    <testcase time="0.00148225" name="tdocstrings" />
    <testcase time="0.00147200" name="tdocstrings_docref" />
    <testcase time="0.00137067" name="tdocstrings_docref_multi" />
    <testcase time="0.00148225" name="tenum_0" />
    <testcase time="0.00151014" name="tenum_1" />
    <testcase time="0.00146699" name="tenum_deep" />
    <testcase time="0.00146198" name="tenum_deep_literals" />
    <testcase time="0.00155807" name="tenum_fancy" />
    <testcase time="0.00151396" name="tenum_if" />
    <testcase time="0.00161982" name="tenum_import" />
    <testcase time="0.00167108" name="tenum_int_range_s" />
    <testcase time="0.00158119" name="tenum_int_range_u" />
    <testcase time="0.00000000" name="tenum_invalid">
      <failure message="/home/travis/build/kaitai-io/ci_targets/tests/spec/nim/tenum_invalid.nim(10, 15) Error: type mismatch: got &amp;lt;EnumInvalid_Animal, int literal(111)&amp;gt;
but expected one of:
proc `==`[Enum: enum](x, y: Enum): bool
  first type mismatch at position: 2
  required type for y: Enum: enum
  but expression &amp;apos;111&amp;apos; is of type: int literal(111)
proc `==`[T: tuple | object](x, y: T): bool
  first type mismatch at position: 2
  required type for y: T: tuple or object
  but expression &amp;apos;111&amp;apos; is of type: int literal(111)
proc `==`[T](a, b: Option[T]): bool
  first type mismatch at position: 2
  required type for b: Option[==.T]
  but expression &amp;apos;111&amp;apos; is of type: int literal(111)
30 other mismatching symbols have been suppressed; compile with --showAllMismatches:on to see them

expression: r.pet2 == 111
" />
    </testcase>
    <testcase time="0.00000000" name="tenum_long_range_s">
      <failure message="fatal.nim(53)            sysFatal
Error: unhandled exception: over- or underflow [OverflowDefect]
" />
    </testcase>
    <testcase time="0.00000000" name="tenum_long_range_u">
      <failure message="fatal.nim(53)            sysFatal
Error: unhandled exception: over- or underflow [OverflowDefect]
" />
    </testcase>
    <testcase time="0.00147843" name="tenum_negative" />
    <testcase time="0.00152755" name="tenum_of_value_inst" />
    <testcase time="0.00148034" name="tenum_to_i" />
    <testcase time="0.00000000" name="tenum_to_i_class_border_1">
      <failure message="/home/travis/build/kaitai-io/ci_targets/compiled/nim/enum_to_i_class_border_1.nim(13, 20) Error: undeclared identifier: &amp;apos;EnumToIClassBorder2&amp;apos;
candidates (edit distance, scope distance); see &amp;apos;--spellSuggest&amp;apos;: 
 (1, 0): &amp;apos;EnumToIClassBorder1&amp;apos; [type declared in /home/travis/build/kaitai-io/ci_targets/compiled/nim/enum_to_i_class_border_1.nim(7, 3)]
 (1, 0): &amp;apos;enum_to_i_class_border_2&amp;apos; [module declared in /home/travis/build/kaitai-io/ci_targets/compiled/nim/enum_to_i_class_border_1.nim(5, 8)]
This might be caused by a recursive module dependency:
/home/travis/build/kaitai-io/ci_targets/compiled/nim/enum_to_i_class_border_2.nim imports /home/travis/build/kaitai-io/ci_targets/compiled/nim/enum_to_i_class_border_1.nim
/home/travis/build/kaitai-io/ci_targets/compiled/nim/enum_to_i_class_border_1.nim imports /home/travis/build/kaitai-io/ci_targets/compiled/nim/enum_to_i_class_border_2.nim
" />
    </testcase>
    <testcase time="0.00151873" name="texpr_0" />
    <testcase time="0.00152564" name="texpr_1" />
    <testcase time="0.00160861" name="texpr_2" />
    <testcase time="0.00159693" name="texpr_3" />
    <testcase time="0.00159001" name="texpr_array" />
    <testcase time="0.00142550" name="texpr_bits" />
    <testcase time="0.00147414" name="texpr_bytes_cmp" />
    <testcase time="0.00139952" name="texpr_bytes_non_literal" />
    <testcase time="0.00150132" name="texpr_bytes_ops" />
    <testcase time="0.00153422" name="texpr_calc_array_ops" />
    <testcase time="0.00142860" name="texpr_enum" />
    <testcase time="0.00157547" name="texpr_if_int_ops" />
    <testcase time="0.00149798" name="texpr_int_div">
      <failure message="/home/travis/build/kaitai-io/ci_targets/tests/spec/nim/texpr_int_div.nim(12) texpr_int_div
/opt/nim-1.6.0/lib/system/assertions.nim(38) failedAssertImpl
/opt/nim-1.6.0/lib/system/assertions.nim(28) raiseAssert
/opt/nim-1.6.0/lib/system/fatal.nim(53) sysFatal
Error: unhandled exception: /home/travis/build/kaitai-io/ci_targets/tests/spec/nim/texpr_int_div.nim(12, 8) `r.divNegConst == -757`  [AssertionDefect]
" />
    </testcase>
    <testcase time="0.00156331" name="texpr_io_eof" />
    <testcase time="0.00164723" name="texpr_io_pos" />
    <testcase time="0.00147319" name="texpr_mod" />
    <testcase time="0.00158668" name="texpr_ops_parens" />
    <testcase time="0.00159335" name="texpr_sizeof_type_0" />
    <testcase time="0.00147128" name="texpr_sizeof_type_1" />
    <testcase time="0.00148511" name="texpr_sizeof_value_0" />
    <testcase time="0.00154424" name="texpr_sizeof_value_sized" />
    <testcase time="0.00336909" name="texpr_str_encodings" />
    <testcase time="0.00166726" name="texpr_str_ops" />
    <testcase time="0.00146651" name="tfixed_contents" />
    <testcase time="0.00146508" name="tfixed_struct" />
    <testcase time="0.00155354" name="tfloat_to_i" />
    <testcase time="0.00172472" name="tfloating_points">
      <failure message="/home/travis/build/kaitai-io/ci_targets/tests/spec/nim/tfloating_points.nim(13) tfloating_points
/opt/nim-1.6.0/lib/system/assertions.nim(38) failedAssertImpl
/opt/nim-1.6.0/lib/system/assertions.nim(28) raiseAssert
/opt/nim-1.6.0/lib/system/fatal.nim(53) sysFatal
Error: unhandled exception: /home/travis/build/kaitai-io/ci_targets/tests/spec/nim/tfloating_points.nim(13, 8) `r.approximateValue == 1.2345`  [AssertionDefect]
" />
    </testcase>
    <testcase time="0.00160122" name="thello_world" />
    <testcase time="0.00150466" name="tif_instances" />
    <testcase time="0.00165844" name="tif_struct" />
    <testcase time="0.00157142" name="tif_values" />
    <testcase time="0.00155592" name="timports0" />
    <testcase time="0.00000000" name="timports_abs">
      <failure message="/home/travis/build/kaitai-io/ci_targets/compiled/nim/imports_abs.nim(3, 15) Error: cannot open file: /common/vlq_base128_le
" />
    </testcase>
    <testcase time="0.00000000" name="timports_circular_a">
      <failure message="/home/travis/build/kaitai-io/ci_targets/compiled/nim/imports_circular_a.nim(9, 13) Error: undeclared identifier: &amp;apos;ImportsCircularB&amp;apos;
candidates (edit distance, scope distance); see &amp;apos;--spellSuggest&amp;apos;: 
 (1, 0): &amp;apos;ImportsCircularA&amp;apos; [type declared in /home/travis/build/kaitai-io/ci_targets/compiled/nim/imports_circular_a.nim(7, 3)]
 (1, 0): &amp;apos;imports_circular_b&amp;apos; [module declared in /home/travis/build/kaitai-io/ci_targets/compiled/nim/imports_circular_a.nim(5, 8)]
This might be caused by a recursive module dependency:
/home/travis/build/kaitai-io/ci_targets/compiled/nim/imports_circular_b.nim imports /home/travis/build/kaitai-io/ci_targets/compiled/nim/imports_circular_a.nim
/home/travis/build/kaitai-io/ci_targets/compiled/nim/imports_circular_a.nim imports /home/travis/build/kaitai-io/ci_targets/compiled/nim/imports_circular_b.nim
" />
    </testcase>
    <testcase time="0.00000000" name="timports_rel_1">
      <failure message="/home/travis/build/kaitai-io/ci_targets/compiled/nim/imports_rel_1.nim(3, 23) Error: cannot open file: for_rel_imports/imported_1
" />
    </testcase>
    <testcase time="0.00149012" name="tindex_sizes" />
    <testcase time="0.00159311" name="tindex_to_param_eos" />
    <testcase time="0.00161076" name="tindex_to_param_expr" />
    <testcase time="0.00166178" name="tindex_to_param_until" />
    <testcase time="0.00156212" name="tinstance_io_user" />
    <testcase time="0.00160456" name="tinstance_std" />
    <testcase time="0.00146389" name="tinstance_std_array" />
    <testcase time="0.00000000" name="tinstance_user_array">
      <failure message="/home/travis/build/kaitai-io/ci_targets/compiled/nim/instance_user_array.nim(46, 33) Error: type mismatch: got &amp;apos;seq[byte]&amp;apos; for &amp;apos;rawUserEntriesInstExpr&amp;apos; but expected &amp;apos;seq[seq[byte]]&amp;apos;
" />
    </testcase>
    <testcase time="0.00158739" name="tintegers" />
    <testcase time="0.00142622" name="tintegers_double_overflow" />
    <testcase time="0.00000000" name="tintegers_min_max">
      <failure message="/home/travis/build/kaitai-io/ci_targets/tests/spec/nim/tintegers_min_max.nim(26, 29) Error: number out of range: &amp;apos;9223372036854775808&amp;apos;u64&amp;apos;
" />
    </testcase>
    <testcase time="0.00000000" name="tio_local_var">
      <failure message="/home/travis/build/kaitai-io/ci_targets/compiled/nim/io_local_var.nim(59, 25) Error: type mismatch: got &amp;apos;seq[byte]&amp;apos; for &amp;apos;messUpInstExpr&amp;apos; but expected &amp;apos;KaitaiStruct = ref KaitaiStruct:ObjectType&amp;apos;
" />
    </testcase>
    <testcase time="0.00151610" name="tjs_signed_right_shift" />
    <testcase time="0.00140905" name="tmeta_tags" />
    <testcase time="0.00146127" name="tmeta_xref" />
    <testcase time="0.00149155" name="tmultiple_use" />
    <testcase time="0.00176120" name="tnav_parent" />
    <testcase time="0.00169826" name="tnav_parent2" />
    <testcase time="0.00177264" name="tnav_parent3" />
    <testcase time="0.00147796" name="tnav_parent_false" />
    <testcase time="0.00141525" name="tnav_parent_false2" />
    <testcase time="0.00146484" name="tnav_parent_override" />
    <testcase time="0.00150323" name="tnav_parent_switch" />
    <testcase time="0.00000000" name="tnav_parent_switch_cast">
      <failure message="/home/travis/build/kaitai-io/ci_targets/compiled/nim/nav_parent_switch_cast.nim(120, 64) Error: undeclared field: &amp;apos;parent&amp;apos; for type kaitai_struct_nim_runtime.KaitaiStruct [type declared in /home/travis/.nimble/pkgs/kaitai_struct_nim_runtime-#head/kaitai_struct_nim_runtime.nim(5, 3)]
" />
    </testcase>
    <testcase time="0.00156689" name="tnav_parent_vs_value_inst" />
    <testcase time="0.00153446" name="tnav_root" />
    <testcase time="0.00150466" name="tnested_same_name" />
    <testcase time="0.00147414" name="tnested_same_name2" />
    <testcase time="0.00155115" name="tnested_type_param" />
    <testcase time="0.00155401" name="tnested_types" />
    <testcase time="0.00141931" name="tnested_types2" />
    <testcase time="0.00162768" name="tnested_types3" />
    <testcase time="0.00151420" name="tnon_standard" />
    <testcase time="0.00152993" name="tparams_call_extra_parens" />
    <testcase time="0.00165915" name="tparams_call_short" />
    <testcase time="0.00162673" name="tparams_enum" />
    <testcase time="0.00152683" name="tparams_pass_array_int" />
    <testcase time="0.00162888" name="tparams_pass_array_str" />
    <testcase time="0.00154638" name="tparams_pass_array_struct" />
    <testcase time="0.00150537" name="tparams_pass_array_usertype" />
    <testcase time="0.00151706" name="tparams_pass_bool" />
    <testcase time="0.00148034" name="tparams_pass_struct" />
    <testcase time="0.00152922" name="tparams_pass_usertype" />
    <testcase time="0.00154042" name="tposition_abs" />
    <testcase time="0.00150919" name="tposition_in_seq" />
    <testcase time="0.00161028" name="tposition_to_end" />
    <testcase time="0.00166917" name="tprocess_coerce_bytes" />
    <testcase time="0.00000000" name="tprocess_coerce_switch">
      <failure message="/home/travis/build/kaitai-io/ci_targets/tests/spec/nim/tprocess_coerce_switch.nim(7, 28) template/generic instantiation of `fromFile` from here
/home/travis/build/kaitai-io/ci_targets/compiled/nim/process_coerce_switch.nim(75, 22) template/generic instantiation of `read` from here
/home/travis/build/kaitai-io/ci_targets/compiled/nim/process_coerce_switch.nim(48, 26) Error: type mismatch: got &amp;apos;seq[byte]&amp;apos; for &amp;apos;bufUnprocExpr&amp;apos; but expected &amp;apos;KaitaiStruct = ref KaitaiStruct:ObjectType&amp;apos;
" />
    </testcase>
    <testcase time="0.00144720" name="tprocess_coerce_usertype1" />
    <testcase time="0.00164628" name="tprocess_coerce_usertype2" />
    <testcase time="0.00000000" name="tprocess_custom">
      <failure message="/home/travis/build/kaitai-io/ci_targets/compiled/nim/process_custom.nim(3, 8) Error: cannot open file: my_custom_fx
" />
    </testcase>
    <testcase time="0.00000000" name="tprocess_custom_no_args">
      <failure message="/home/travis/build/kaitai-io/ci_targets/compiled/nim/process_custom_no_args.nim(3, 8) Error: cannot open file: custom_fx_no_args
" />
    </testcase>
    <testcase time="0.00158954" name="tprocess_repeat_bytes" />
    <testcase time="0.00000000" name="tprocess_repeat_usertype">
      <failure message="/home/travis/build/kaitai-io/ci_targets/tests/spec/nim/tprocess_repeat_usertype.nim(7, 30) template/generic instantiation of `fromFile` from here
/home/travis/build/kaitai-io/ci_targets/compiled/nim/process_repeat_usertype.nim(37, 24) template/generic instantiation of `read` from here
/home/travis/build/kaitai-io/ci_targets/compiled/nim/process_repeat_usertype.nim(30, 9) Error: redefinition of &amp;apos;buf&amp;apos;; previous declaration here: /home/travis/build/kaitai-io/ci_targets/compiled/nim/process_repeat_usertype.nim(28, 9)
" />
    </testcase>
    <testcase time="0.00157952" name="tprocess_rotate" />
    <testcase time="0.00168037" name="tprocess_to_user" />
    <testcase time="0.00147748" name="tprocess_xor4_const" />
    <testcase time="0.00156713" name="tprocess_xor4_value" />
    <testcase time="0.00150847" name="tprocess_xor_const" />
    <testcase time="0.00144815" name="tprocess_xor_value" />
    <testcase time="0.00164485" name="trecursive_one" />
    <testcase time="0.00149632" name="trepeat_eos_bit" />
    <testcase time="0.00154710" name="trepeat_eos_struct" />
    <testcase time="0.00161934" name="trepeat_eos_u4" />
    <testcase time="0.00145626" name="trepeat_n_struct" />
    <testcase time="0.00159931" name="trepeat_n_strz" />
    <testcase time="0.00160360" name="trepeat_n_strz_double" />
    <testcase time="0.00000000" name="trepeat_until_calc_array_type">
      <failure message="/home/travis/build/kaitai-io/ci_targets/tests/spec/nim/trepeat_until_calc_array_type.nim(7, 33) template/generic instantiation of `fromFile` from here
/home/travis/build/kaitai-io/ci_targets/compiled/nim/repeat_until_calc_array_type.nim(61, 27) template/generic instantiation of `read` from here
/home/travis/build/kaitai-io/ci_targets/compiled/nim/repeat_until_calc_array_type.nim(36, 25) Error: type mismatch: got &amp;apos;seq[byte]&amp;apos; for &amp;apos;rawRecordsExpr&amp;apos; but expected &amp;apos;seq[seq[byte]]&amp;apos;
" />
    </testcase>
    <testcase time="0.00156140" name="trepeat_until_complex" />
    <testcase time="0.00167155" name="trepeat_until_s4" />
    <testcase time="0.00000000" name="trepeat_until_sized">
      <failure message="/home/travis/build/kaitai-io/ci_targets/tests/spec/nim/trepeat_until_sized.nim(7, 25) template/generic instantiation of `fromFile` from here
/home/travis/build/kaitai-io/ci_targets/compiled/nim/repeat_until_sized.nim(39, 19) template/generic instantiation of `read` from here
/home/travis/build/kaitai-io/ci_targets/compiled/nim/repeat_until_sized.nim(30, 25) Error: type mismatch: got &amp;apos;seq[byte]&amp;apos; for &amp;apos;rawRecordsExpr&amp;apos; but expected &amp;apos;seq[seq[byte]]&amp;apos;
" />
    </testcase>
    <testcase time="0.00168324" name="tstr_encodings" />
    <testcase time="0.00161290" name="tstr_encodings_default" />
    <testcase time="0.00256157" name="tstr_encodings_utf16" />
    <testcase time="0.00158811" name="tstr_eos" />
    <testcase time="0.00152826" name="tstr_literals2" />
    <testcase time="0.00156093" name="tstr_pad_term" />
    <testcase time="0.00157189" name="tstr_pad_term_empty" />
    <testcase time="0.00162053" name="tswitch_bytearray" />
    <testcase time="0.00145555" name="tswitch_else_only" />
    <testcase time="0.00162029" name="tswitch_integers" />
    <testcase time="0.00148153" name="tswitch_integers2" />
    <testcase time="0.00157142" name="tswitch_manual_enum" />
    <testcase time="0.00000000" name="tswitch_manual_enum_invalid">
      <failure message="/home/travis/build/kaitai-io/ci_targets/tests/spec/nim/tswitch_manual_enum_invalid.nim(10, 26) Error: type mismatch: got &amp;lt;SwitchManualEnumInvalid_Opcode_CodeEnum, int literal(255)&amp;gt;
but expected one of:
proc `==`[Enum: enum](x, y: Enum): bool
  first type mismatch at position: 2
  required type for y: Enum: enum
  but expression &amp;apos;255&amp;apos; is of type: int literal(255)
proc `==`[T: tuple | object](x, y: T): bool
  first type mismatch at position: 2
  required type for y: T: tuple or object
  but expression &amp;apos;255&amp;apos; is of type: int literal(255)
proc `==`[T](a, b: Option[T]): bool
  first type mismatch at position: 2
  required type for b: Option[==.T]
  but expression &amp;apos;255&amp;apos; is of type: int literal(255)
30 other mismatching symbols have been suppressed; compile with --showAllMismatches:on to see them

expression: r.opcodes[0].code == 255
" />
    </testcase>
    <testcase time="0.00000000" name="tswitch_manual_enum_invalid_else">
      <failure message="/home/travis/build/kaitai-io/ci_targets/tests/spec/nim/tswitch_manual_enum_invalid_else.nim(10, 26) Error: type mismatch: got &amp;lt;SwitchManualEnumInvalidElse_Opcode_CodeEnum, int literal(255)&amp;gt;
but expected one of:
proc `==`[Enum: enum](x, y: Enum): bool
  first type mismatch at position: 2
  required type for y: Enum: enum
  but expression &amp;apos;255&amp;apos; is of type: int literal(255)
proc `==`[T: tuple | object](x, y: T): bool
  first type mismatch at position: 2
  required type for y: T: tuple or object
  but expression &amp;apos;255&amp;apos; is of type: int literal(255)
proc `==`[T](a, b: Option[T]): bool
  first type mismatch at position: 2
  required type for b: Option[==.T]
  but expression &amp;apos;255&amp;apos; is of type: int literal(255)
30 other mismatching symbols have been suppressed; compile with --showAllMismatches:on to see them

expression: r.opcodes[0].code == 255
" />
    </testcase>
    <testcase time="0.00160718" name="tswitch_manual_int" />
    <testcase time="0.00164819" name="tswitch_manual_int_else" />
    <testcase time="0.00000000" name="tswitch_manual_int_size">
      <failure message="/home/travis/build/kaitai-io/ci_targets/tests/spec/nim/tswitch_manual_int_size.nim(7, 28) template/generic instantiation of `fromFile` from here
/home/travis/build/kaitai-io/ci_targets/compiled/nim/switch_manual_int_size.nim(44, 22) template/generic instantiation of `read` from here
/home/travis/build/kaitai-io/ci_targets/compiled/nim/switch_manual_int_size.nim(39, 41) template/generic instantiation of `read` from here
/home/travis/build/kaitai-io/ci_targets/compiled/nim/switch_manual_int_size.nim(74, 19) Error: type mismatch: got &amp;apos;seq[byte]&amp;apos; for &amp;apos;bodyExpr&amp;apos; but expected &amp;apos;KaitaiStruct = ref KaitaiStruct:ObjectType&amp;apos;
" />
    </testcase>
    <testcase time="0.00000000" name="tswitch_manual_int_size_else">
      <failure message="/home/travis/build/kaitai-io/ci_targets/tests/spec/nim/tswitch_manual_int_size_else.nim(18, 8) template/generic instantiation of `assert` from here
/home/travis/build/kaitai-io/ci_targets/tests/spec/nim/auxiliary/test_utils.nim(12, 32) Error: type mismatch: got &amp;apos;empty&amp;apos; for &amp;apos;expected[i]&amp;apos; but expected &amp;apos;byte = uint8&amp;apos;
" />
    </testcase>
    <testcase time="0.00000000" name="tswitch_manual_int_size_eos">
      <failure message="/home/travis/build/kaitai-io/ci_targets/tests/spec/nim/tswitch_manual_int_size_eos.nim(7, 31) template/generic instantiation of `fromFile` from here
/home/travis/build/kaitai-io/ci_targets/compiled/nim/switch_manual_int_size_eos.nim(49, 25) template/generic instantiation of `read` from here
/home/travis/build/kaitai-io/ci_targets/compiled/nim/switch_manual_int_size_eos.nim(44, 44) template/generic instantiation of `read` from here
/home/travis/build/kaitai-io/ci_targets/compiled/nim/switch_manual_int_size_eos.nim(66, 50) template/generic instantiation of `read` from here
/home/travis/build/kaitai-io/ci_targets/compiled/nim/switch_manual_int_size_eos.nim(96, 19) Error: type mismatch: got &amp;apos;seq[byte]&amp;apos; for &amp;apos;bodyExpr&amp;apos; but expected &amp;apos;KaitaiStruct = ref KaitaiStruct:ObjectType&amp;apos;
" />
    </testcase>
    <testcase time="0.00151038" name="tswitch_manual_str" />
    <testcase time="0.00167513" name="tswitch_manual_str_else" />
    <testcase time="0.00156283" name="tswitch_multi_bool_ops" />
    <testcase time="0.00000000" name="tswitch_repeat_expr">
      <failure message="/home/travis/build/kaitai-io/ci_targets/tests/spec/nim/tswitch_repeat_expr.nim(7, 25) template/generic instantiation of `fromFile` from here
/home/travis/build/kaitai-io/ci_targets/compiled/nim/switch_repeat_expr.nim(55, 19) template/generic instantiation of `read` from here
/home/travis/build/kaitai-io/ci_targets/compiled/nim/switch_repeat_expr.nim(40, 24) Error: type mismatch: got &amp;apos;seq[byte]&amp;apos; for &amp;apos;rawBodyExpr&amp;apos; but expected &amp;apos;seq[seq[byte]]&amp;apos;
" />
    </testcase>
    <testcase time="0.00000000" name="tswitch_repeat_expr_invalid">
      <failure message="/home/travis/build/kaitai-io/ci_targets/tests/spec/nim/tswitch_repeat_expr_invalid.nim(7, 32) template/generic instantiation of `fromFile` from here
/home/travis/build/kaitai-io/ci_targets/compiled/nim/switch_repeat_expr_invalid.nim(55, 26) template/generic instantiation of `read` from here
/home/travis/build/kaitai-io/ci_targets/compiled/nim/switch_repeat_expr_invalid.nim(40, 24) Error: type mismatch: got &amp;apos;seq[byte]&amp;apos; for &amp;apos;rawBodyExpr&amp;apos; but expected &amp;apos;seq[seq[byte]]&amp;apos;
" />
    </testcase>
    <testcase time="0.00150347" name="tterm_bytes" />
    <testcase time="0.00158548" name="tterm_strz" />
    <testcase time="0.00163150" name="tterm_u1_val" />
    <testcase time="0.00147605" name="tts_packet_header" />
    <testcase time="0.00152373" name="ttype_int_unary_op" />
    <testcase time="0.00150251" name="ttype_ternary" />
    <testcase time="0.00142932" name="ttype_ternary_2nd_falsy" />
    <testcase time="0.00148034" name="tuser_type" />
    <testcase time="0.00161982" name="tvalid_eq_str_encodings" />
    <testcase time="0.00166726" name="tvalid_long" />
    <testcase time="0.00145459" name="tvalid_not_parsed_if" />
    <testcase time="0.00156784" name="tvalid_short" />
    <testcase time="0.00144839" name="tvalid_switch" />
    <testcase time="0.00000000" name="tyaml_ints">
      <failure message="/home/travis/build/kaitai-io/ci_targets/compiled/nim/yaml_ints.nim(51, 30) Error: 18446744073709551615 can&amp;apos;t be converted to int
" />
    </testcase>
    <testcase time="0.00000000" name="tzlib_surrounded">
      <failure message="/home/travis/build/kaitai-io/ci_targets/tests/spec/nim/tzlib_surrounded.nim(7, 23) template/generic instantiation of `fromFile` from here
/home/travis/build/kaitai-io/ci_targets/compiled/nim/zlib_surrounded.nim(41, 17) template/generic instantiation of `read` from here
/home/travis/build/kaitai-io/ci_targets/compiled/nim/zlib_surrounded.nim(32, 36) Error: attempting to call undeclared routine: &amp;apos;processZlib&amp;apos;
" />
    </testcase>
    <testcase time="0.00000000" name="tzlib_with_header_78">
      <failure message="/home/travis/build/kaitai-io/ci_targets/tests/spec/nim/tzlib_with_header_78.nim(7, 25) template/generic instantiation of `fromFile` from here
/home/travis/build/kaitai-io/ci_targets/compiled/nim/zlib_with_header_78.nim(27, 19) template/generic instantiation of `read` from here
/home/travis/build/kaitai-io/ci_targets/compiled/nim/zlib_with_header_78.nim(23, 30) Error: attempting to call undeclared routine: &amp;apos;processZlib&amp;apos;
" />
    </testcase>
  </testsuite>
</testsuites>