<testsuites><testsuite tests="165" failures="14" errors="19" name="tests">
    <testcase time="0.001877546310424805" name="tbcd_user_type_be" />
    <testcase time="0.001738071441650391" name="tbcd_user_type_le" />
    <testcase time="0.001691341400146484" name="tbits_byte_aligned" />
    <testcase time="0.001756191253662109" name="tbits_enum" />
    <testcase time="0.001799583435058594" name="tbits_simple" />
    <testcase time="0.001612424850463867" name="tbuffered_struct" />
    <testcase time="0.001693248748779297" name="tbytes_pad_term" />
    <testcase time="0.001926183700561523" name="tcast_nested" />
    <testcase time="0.001543998718261719" name="tcast_to_imported" />
    <testcase time="0.001536846160888672" name="tcast_to_top" />
    <testcase time="0.001578092575073242" name="tcombine_bool" />
    <testcase time="0.001685380935668945" name="tcombine_bytes" />
    <testcase time="0.001688480377197266" name="tcombine_str" />
    <testcase time="0.001569509506225586" name="tdebug_switch_user" />
    <testcase time="0.001757144927978516" name="tdefault_big_endian" />
    <testcase time="0.001752376556396484" name="tdefault_endian_expr_inherited" />
    <testcase time="0.001556634902954102" name="tdefault_endian_expr_is_be" />
    <testcase time="0.001579761505126953" name="tdefault_endian_expr_is_le" />
    <testcase time="0.0015411376953125" name="tdefault_endian_mod" />
    <testcase time="0.001668453216552734" name="tdocstrings" />
    <testcase time="0.001587390899658203" name="tdocstrings_docref" />
    <testcase time="0.001585006713867188" name="tdocstrings_docref_multi" />
    <testcase time="0.001554489135742188" name="tenum_0" />
    <testcase time="0.001661062240600586" name="tenum_1" />
    <testcase time="0.001598834991455078" name="tenum_deep" />
    <testcase time="0.001760959625244141" name="tenum_deep_literals" />
    <testcase time="0.001685619354248047" name="tenum_fancy" />
    <testcase time="0.003012418746948242" name="tenum_if" />
    <testcase time="0.00166773796081543" name="tenum_import" />
    <testcase time="0.0015411376953125" name="tenum_int_range_s" />
    <testcase time="0.001530885696411133" name="tenum_int_range_u" />
    <testcase time="0.001756906509399414" name="tenum_invalid" />
    <testcase time="0.001678466796875" name="tenum_long_range_s" />
    <testcase time="0.001756429672241211" name="tenum_long_range_u" />
    <testcase time="0.001617908477783203" name="tenum_negative" />
    <testcase time="0.001525402069091797" name="tenum_of_value_inst" />
    <testcase time="0.00163578987121582" name="tenum_to_i" />
    <testcase time="0.00000000" name="tenum_to_i_class_border_1"><failure message="format_build_failed" /></testcase>
    <testcase time="0.001663684844970703" name="texpr_0" />
    <testcase time="0.00184941291809082" name="texpr_1" />
    <testcase time="0.001963376998901367" name="texpr_2" />
    <testcase time="0.00174713134765625" name="texpr_3" />
    <testcase time="0.001938819885253906" name="texpr_array" />
    <testcase time="0.001623153686523438" name="texpr_bits" />
    <testcase time="0.001816987991333008" name="texpr_bytes_cmp" />
    <testcase time="0.00000000" name="texpr_bytes_literal"><failure message="format_build_failed" /></testcase>
    <testcase time="0.001648664474487305" name="texpr_bytes_ops" />
    <testcase time="0.002435445785522461" name="texpr_calc_array_ops" />
    <testcase time="0.00166630744934082" name="texpr_enum" />
    <testcase time="0.001620769500732422" name="texpr_io_eof" />
    <testcase time="0.00165104866027832" name="texpr_io_pos" />
    <testcase time="0.001555204391479492" name="texpr_mod" />
    <testcase time="0.002338171005249023" name="texpr_ops_parens" />
    <testcase time="0.001706123352050781" name="texpr_sizeof_type_0" />
    <testcase time="0.001947879791259766" name="texpr_sizeof_type_1" />
    <testcase time="0.001523256301879883" name="texpr_sizeof_value_0" />
    <testcase time="0.001576423645019531" name="texpr_sizeof_value_sized" />
    <testcase time="0.001722097396850586" name="texpr_str_ops" />
    <testcase time="0.001518011093139648" name="tfixed_contents" />
    <testcase time="0.001580476760864258" name="tfixed_struct" />
    <testcase time="0.001771926879882812" name="tfloat_to_i" />
    <testcase time="0.001615285873413086" name="tfloating_points" />
    <testcase time="0.001594781875610352" name="thello_world" />
    <testcase time="0.001650571823120117" name="tif_instances" />
    <testcase time="0.001763820648193359" name="tif_struct" />
    <testcase time="0.001601696014404297" name="tif_values" />
    <testcase time="0.001640796661376953" name="timports0" />
    <testcase time="0.00000000" name="timports_abs"><failure message="format_build_failed" /></testcase>
    <testcase time="0.001783847808837891" name="tindex_sizes" />
    <testcase time="0.001717805862426758" name="tindex_to_param_eos"><failure message="failed" /></testcase>
    <testcase time="0.001720190048217773" name="tindex_to_param_expr"><failure message="failed" /></testcase>
    <testcase time="0.001754522323608398" name="tindex_to_param_until"><failure message="failed" /></testcase>
    <testcase time="0.00175166130065918" name="tinstance_io_user" />
    <testcase time="0.001654624938964844" name="tinstance_std" />
    <testcase time="0.001605749130249023" name="tinstance_std_array" />
    <testcase time="0.00000000" name="tinstance_user_array"><failure message="format_build_failed" /></testcase>
    <testcase time="0.001676559448242188" name="tintegers" />
    <testcase time="0.001523733139038086" name="tintegers_min_max" />
    <testcase time="0.00000000" name="tio_local_var"><failure message="format_build_failed" /></testcase>
    <testcase time="0.001615285873413086" name="tjs_signed_right_shift" />
    <testcase time="0.001513481140136719" name="tmeta_tags" />
    <testcase time="0.001578330993652344" name="tmeta_xref" />
    <testcase time="0.001545906066894531" name="tmultiple_use" />
    <testcase time="0.001993656158447266" name="tnav_parent" />
    <testcase time="0.001710176467895508" name="tnav_parent2" />
    <testcase time="0.001656293869018555" name="tnav_parent3" />
    <testcase time="0.001579999923706055" name="tnav_parent_false" />
    <testcase time="0.001707792282104492" name="tnav_parent_false2" />
    <testcase time="0.001597881317138672" name="tnav_parent_override" />
    <testcase time="0.001372098922729492" name="tnav_parent_switch" />
    <testcase time="0.00000000" name="tnav_parent_switch_cast"><failure message="format_build_failed" /></testcase>
    <testcase time="0.001623392105102539" name="tnav_parent_vs_value_inst" />
    <testcase time="0.001639842987060547" name="tnav_root" />
    <testcase time="0.001564502716064453" name="tnested_same_name" />
    <testcase time="0.001641511917114258" name="tnested_same_name2" />
    <testcase time="0.001657962799072266" name="tnested_type_param"><failure message="failed" /></testcase>
    <testcase time="0.001564979553222656" name="tnested_types" />
    <testcase time="0.001503705978393555" name="tnested_types2" />
    <testcase time="0.001519918441772461" name="tnested_types3" />
    <testcase time="0.001614809036254883" name="tnon_standard" />
    <testcase time="0.001656532287597656" name="tparams_call_extra_parens"><failure message="failed" /></testcase>
    <testcase time="0.001670360565185547" name="tparams_call_short"><failure message="failed" /></testcase>
    <testcase time="0.001908540725708008" name="tparams_enum"><failure message="failed" /></testcase>
    <testcase time="0.001635313034057617" name="tparams_pass_array_int"><failure message="failed" /></testcase>
    <testcase time="0.001707792282104492" name="tparams_pass_array_str"><failure message="failed" /></testcase>
    <testcase time="0.001550912857055664" name="tparams_pass_array_struct"><failure message="failed" /></testcase>
    <testcase time="0.001700878143310547" name="tparams_pass_array_usertype"><failure message="failed" /></testcase>
    <testcase time="0.001730918884277344" name="tparams_pass_struct"><failure message="failed" /></testcase>
    <testcase time="0.001548290252685547" name="tparams_pass_usertype"><failure message="failed" /></testcase>
    <testcase time="0.002221822738647461" name="tposition_abs" />
    <testcase time="0.001638889312744141" name="tposition_in_seq" />
    <testcase time="0.001507043838500977" name="tposition_to_end" />
    <testcase time="0.001584529876708984" name="tprocess_coerce_bytes" />
    <testcase time="0.00000000" name="tprocess_coerce_switch"><failure message="format_build_failed" /></testcase>
    <testcase time="0.001642227172851562" name="tprocess_coerce_usertype1" />
    <testcase time="0.001752853393554688" name="tprocess_coerce_usertype2" />
    <testcase time="0.00000000" name="tprocess_custom"><failure message="format_build_failed" /></testcase>
    <testcase time="0.00000000" name="tprocess_custom_no_args"><failure message="format_build_failed" /></testcase>
    <testcase time="0.00000000" name="tprocess_repeat_bytes"><failure message="format_build_failed" /></testcase>
    <testcase time="0.00000000" name="tprocess_repeat_usertype"><failure message="format_build_failed" /></testcase>
    <testcase time="0.00000000" name="tprocess_rotate"><failure message="format_build_failed" /></testcase>
    <testcase time="0.00000000" name="tprocess_to_user"><failure message="format_build_failed" /></testcase>
    <testcase time="0.001629114151000977" name="tprocess_xor4_const" />
    <testcase time="0.001484155654907227" name="tprocess_xor4_value" />
    <testcase time="0.001545190811157227" name="tprocess_xor_const" />
    <testcase time="0.001520633697509766" name="tprocess_xor_value" />
    <testcase time="0.001756191253662109" name="trecursive_one" />
    <testcase time="0.001975536346435547" name="trepeat_eos_bit"><failure message="failed" /></testcase>
    <testcase time="0.001595735549926758" name="trepeat_eos_struct" />
    <testcase time="0.001504421234130859" name="trepeat_eos_u4" />
    <testcase time="0.001906871795654297" name="trepeat_n_struct" />
    <testcase time="0.001686811447143555" name="trepeat_n_strz" />
    <testcase time="0.001626729965209961" name="trepeat_n_strz_double" />
    <testcase time="0.00000000" name="trepeat_until_complex"><failure message="format_build_failed" /></testcase>
    <testcase time="0.00000000" name="trepeat_until_s4"><failure message="format_build_failed" /></testcase>
    <testcase time="0.00000000" name="trepeat_until_sized"><failure message="format_build_failed" /></testcase>
    <testcase time="0.00822138786315918" name="tstr_encodings" />
    <testcase time="0.002151966094970703" name="tstr_encodings_default" />
    <testcase time="0.002003908157348633" name="tstr_eos" />
    <testcase time="0.001584053039550781" name="tstr_literals2" />
    <testcase time="0.001657247543334961" name="tstr_pad_term" />
    <testcase time="0.001855373382568359" name="tstr_pad_term_empty" />
    <testcase time="0.001902103424072266" name="tswitch_bytearray" />
    <testcase time="0.001555442810058594" name="tswitch_else_only" />
    <testcase time="0.001551389694213867" name="tswitch_integers" />
    <testcase time="0.00000000" name="tswitch_integers2"><failure message="format_build_failed" /></testcase>
    <testcase time="0.001622915267944336" name="tswitch_manual_enum" />
    <testcase time="0.00174260139465332" name="tswitch_manual_enum_invalid" />
    <testcase time="0.001574039459228516" name="tswitch_manual_enum_invalid_else" />
    <testcase time="0.001625299453735352" name="tswitch_manual_int" />
    <testcase time="0.001608133316040039" name="tswitch_manual_int_else" />
    <testcase time="0.001627683639526367" name="tswitch_manual_str" />
    <testcase time="0.001745700836181641" name="tswitch_manual_str_else" />
    <testcase time="0.001808643341064453" name="tterm_bytes" />
    <testcase time="0.001658916473388672" name="tterm_strz" />
    <testcase time="0.001596927642822266" name="tts_packet_header" />
    <testcase time="0.001571893692016602" name="ttype_int_unary_op" />
    <testcase time="0.0016021728515625" name="ttype_ternary" />
    <testcase time="0.001689434051513672" name="tuser_type" />
    <testcase time="0.001747369766235352" name="tvalid_long" />
    <testcase time="0.00155186653137207" name="tvalid_not_parsed_if" />
    <testcase time="0.001689672470092773" name="tvalid_short" />
    <testcase time="0.001579761505126953" name="tvalid_switch" />
    <testcase time="0.00000000" name="tzlib_surrounded"><failure message="format_build_failed" /></testcase>
    <testcase time="0.00000000" name="tzlib_with_header_78"><failure message="format_build_failed" /></testcase>
  </testsuite></testsuites>