<testsuites>
  <testsuite tests="198" failures="2" errors="26" name="nim">
    <testcase time="0.00140119" name="tbcd_user_type_be" />
    <testcase time="0.00144029" name="tbcd_user_type_le" />
    <testcase time="0.00133252" name="tbits_byte_aligned" />
    <testcase time="0.00138712" name="tbits_enum" />
    <testcase time="0.00138998" name="tbits_seq_endian_combo" />
    <testcase time="0.00136542" name="tbits_shift_by_b32_le" />
    <testcase time="0.00140905" name="tbits_shift_by_b64_le" />
    <testcase time="0.00142121" name="tbits_signed_res_b32_be" />
    <testcase time="0.00140643" name="tbits_signed_res_b32_le" />
    <testcase time="0.00136662" name="tbits_signed_shift_b32_le" />
    <testcase time="0.00135159" name="tbits_signed_shift_b64_le" />
    <testcase time="0.00146747" name="tbits_simple" />
    <testcase time="0.00130916" name="tbits_simple_le" />
    <testcase time="0.00132847" name="tbits_unaligned_b32_be" />
    <testcase time="0.00138712" name="tbits_unaligned_b32_le" />
    <testcase time="0.00134301" name="tbits_unaligned_b64_be" />
    <testcase time="0.00136614" name="tbits_unaligned_b64_le" />
    <testcase time="0.00138021" name="tbuffered_struct" />
    <testcase time="0.00134826" name="tbytes_pad_term" />
    <testcase time="0.00144148" name="tcast_nested" />
    <testcase time="0.00132275" name="tcast_to_imported" />
    <testcase time="0.00143766" name="tcast_to_top" />
    <testcase time="0.00133133" name="tcombine_bool" />
    <testcase time="0.00138974" name="tcombine_bytes" />
    <testcase time="0.00142574" name="tcombine_enum" />
    <testcase time="0.00144124" name="tcombine_str" />
    <testcase time="0.00135493" name="tdebug_switch_user" />
    <testcase time="0.00139594" name="tdefault_big_endian" />
    <testcase time="0.00137091" name="tdefault_bit_endian_mod" />
    <testcase time="0.00139022" name="tdefault_endian_expr_inherited" />
    <testcase time="0.00137663" name="tdefault_endian_expr_is_be" />
    <testcase time="0.00139403" name="tdefault_endian_expr_is_le" />
    <testcase time="0.00135255" name="tdefault_endian_mod" />
    <testcase time="0.00137234" name="tdocstrings" />
    <testcase time="0.00140691" name="tdocstrings_docref" />
    <testcase time="0.00133967" name="tdocstrings_docref_multi" />
    <testcase time="0.00143361" name="tenum_0" />
    <testcase time="0.00134468" name="tenum_1" />
    <testcase time="0.00136018" name="tenum_deep" />
    <testcase time="0.00138974" name="tenum_deep_literals" />
    <testcase time="0.00137758" name="tenum_fancy" />
    <testcase time="0.00148106" name="tenum_if" />
    <testcase time="0.00133705" name="tenum_import" />
    <testcase time="0.00134993" name="tenum_int_range_s" />
    <testcase time="0.00137496" name="tenum_int_range_u" />
    <testcase time="0.00000000" name="tenum_invalid">
      <failure message="/home/travis/build/kaitai-io/ci_targets/tests/spec/nim/tenum_invalid.nim(10, 15) Error: type mismatch: got &amp;lt;EnumInvalid_Animal, int literal(111)&amp;gt;
but expected one of:
proc `==`[Enum: enum](x, y: Enum): bool
  first type mismatch at position: 2
  required type for y: Enum: enum
  but expression &amp;apos;111&amp;apos; is of type: int literal(111)
proc `==`[T: tuple | object](x, y: T): bool
  first type mismatch at position: 2
  required type for y: T: tuple or object
  but expression &amp;apos;111&amp;apos; is of type: int literal(111)
proc `==`[T](a, b: Option[T]): bool
  first type mismatch at position: 2
  required type for b: Option[==.T]
  but expression &amp;apos;111&amp;apos; is of type: int literal(111)
30 other mismatching symbols have been suppressed; compile with --showAllMismatches:on to see them

expression: r.pet2 == 111
" />
    </testcase>
    <testcase time="0.00000000" name="tenum_long_range_s">
      <failure message="fatal.nim(53)            sysFatal
Error: unhandled exception: over- or underflow [OverflowDefect]
" />
    </testcase>
    <testcase time="0.00000000" name="tenum_long_range_u">
      <failure message="fatal.nim(53)            sysFatal
Error: unhandled exception: over- or underflow [OverflowDefect]
" />
    </testcase>
    <testcase time="0.00133395" name="tenum_negative" />
    <testcase time="0.00132489" name="tenum_of_value_inst" />
    <testcase time="0.00140524" name="tenum_to_i" />
    <testcase time="0.00000000" name="tenum_to_i_class_border_1">
      <failure message="/home/travis/build/kaitai-io/ci_targets/compiled/nim/enum_to_i_class_border_1.nim(13, 20) Error: undeclared identifier: &amp;apos;EnumToIClassBorder2&amp;apos;
candidates (edit distance, scope distance); see &amp;apos;--spellSuggest&amp;apos;: 
 (1, 0): &amp;apos;EnumToIClassBorder1&amp;apos; [type declared in /home/travis/build/kaitai-io/ci_targets/compiled/nim/enum_to_i_class_border_1.nim(7, 3)]
 (1, 0): &amp;apos;enum_to_i_class_border_2&amp;apos; [module declared in /home/travis/build/kaitai-io/ci_targets/compiled/nim/enum_to_i_class_border_1.nim(5, 8)]
This might be caused by a recursive module dependency:
/home/travis/build/kaitai-io/ci_targets/compiled/nim/enum_to_i_class_border_2.nim imports /home/travis/build/kaitai-io/ci_targets/compiled/nim/enum_to_i_class_border_1.nim
/home/travis/build/kaitai-io/ci_targets/compiled/nim/enum_to_i_class_border_1.nim imports /home/travis/build/kaitai-io/ci_targets/compiled/nim/enum_to_i_class_border_2.nim
" />
    </testcase>
    <testcase time="0.00136662" name="texpr_0" />
    <testcase time="0.00146699" name="texpr_1" />
    <testcase time="0.00148702" name="texpr_2" />
    <testcase time="0.00151420" name="texpr_3" />
    <testcase time="0.00148273" name="texpr_array" />
    <testcase time="0.00138903" name="texpr_bits" />
    <testcase time="0.00137639" name="texpr_bytes_cmp" />
    <testcase time="0.00000000" name="texpr_bytes_literal">
      <failure message="/home/travis/build/kaitai-io/ci_targets/tests/spec/nim/texpr_bytes_literal.nim(4, 26) Error: cannot open file: ../../compiled/nim/expr_bytes_literal
" />
    </testcase>
    <testcase time="0.00136900" name="texpr_bytes_ops" />
    <testcase time="0.00144267" name="texpr_calc_array_ops" />
    <testcase time="0.00138903" name="texpr_enum" />
    <testcase time="0.00139761" name="texpr_if_int_ops" />
    <testcase time="0.00144506" name="texpr_int_div">
      <failure message="/home/travis/build/kaitai-io/ci_targets/tests/spec/nim/texpr_int_div.nim(12) texpr_int_div
/opt/nim-1.6.0/lib/system/assertions.nim(38) failedAssertImpl
/opt/nim-1.6.0/lib/system/assertions.nim(28) raiseAssert
/opt/nim-1.6.0/lib/system/fatal.nim(53) sysFatal
Error: unhandled exception: /home/travis/build/kaitai-io/ci_targets/tests/spec/nim/texpr_int_div.nim(12, 8) `r.divNegConst == -757`  [AssertionDefect]
" />
    </testcase>
    <testcase time="0.00141597" name="texpr_io_eof" />
    <testcase time="0.00151134" name="texpr_io_pos" />
    <testcase time="0.00135922" name="texpr_mod" />
    <testcase time="0.00137973" name="texpr_ops_parens" />
    <testcase time="0.00136399" name="texpr_sizeof_type_0" />
    <testcase time="0.00139499" name="texpr_sizeof_type_1" />
    <testcase time="0.00137758" name="texpr_sizeof_value_0" />
    <testcase time="0.00140929" name="texpr_sizeof_value_sized" />
    <testcase time="0.00330448" name="texpr_str_encodings" />
    <testcase time="0.00149655" name="texpr_str_ops" />
    <testcase time="0.00138783" name="tfixed_contents" />
    <testcase time="0.00146413" name="tfixed_struct" />
    <testcase time="0.00135112" name="tfloat_to_i" />
    <testcase time="0.00146914" name="tfloating_points">
      <failure message="/home/travis/build/kaitai-io/ci_targets/tests/spec/nim/tfloating_points.nim(13) tfloating_points
/opt/nim-1.6.0/lib/system/assertions.nim(38) failedAssertImpl
/opt/nim-1.6.0/lib/system/assertions.nim(28) raiseAssert
/opt/nim-1.6.0/lib/system/fatal.nim(53) sysFatal
Error: unhandled exception: /home/travis/build/kaitai-io/ci_targets/tests/spec/nim/tfloating_points.nim(13, 8) `r.approximateValue == 1.2345`  [AssertionDefect]
" />
    </testcase>
    <testcase time="0.00139546" name="thello_world" />
    <testcase time="0.00134540" name="tif_instances" />
    <testcase time="0.00149608" name="tif_struct" />
    <testcase time="0.00133419" name="tif_values" />
    <testcase time="0.00138450" name="timports0" />
    <testcase time="0.00000000" name="timports_abs">
      <failure message="/home/travis/build/kaitai-io/ci_targets/compiled/nim/imports_abs.nim(3, 15) Error: cannot open file: /common/vlq_base128_le
" />
    </testcase>
    <testcase time="0.00000000" name="timports_circular_a">
      <failure message="/home/travis/build/kaitai-io/ci_targets/compiled/nim/imports_circular_a.nim(9, 13) Error: undeclared identifier: &amp;apos;ImportsCircularB&amp;apos;
candidates (edit distance, scope distance); see &amp;apos;--spellSuggest&amp;apos;: 
 (1, 0): &amp;apos;ImportsCircularA&amp;apos; [type declared in /home/travis/build/kaitai-io/ci_targets/compiled/nim/imports_circular_a.nim(7, 3)]
 (1, 0): &amp;apos;imports_circular_b&amp;apos; [module declared in /home/travis/build/kaitai-io/ci_targets/compiled/nim/imports_circular_a.nim(5, 8)]
This might be caused by a recursive module dependency:
/home/travis/build/kaitai-io/ci_targets/compiled/nim/imports_circular_b.nim imports /home/travis/build/kaitai-io/ci_targets/compiled/nim/imports_circular_a.nim
/home/travis/build/kaitai-io/ci_targets/compiled/nim/imports_circular_a.nim imports /home/travis/build/kaitai-io/ci_targets/compiled/nim/imports_circular_b.nim
" />
    </testcase>
    <testcase time="0.00000000" name="timports_rel_1">
      <failure message="/home/travis/build/kaitai-io/ci_targets/compiled/nim/imports_rel_1.nim(3, 23) Error: cannot open file: for_rel_imports/imported_1
" />
    </testcase>
    <testcase time="0.00150752" name="tindex_sizes" />
    <testcase time="0.00141120" name="tindex_to_param_eos" />
    <testcase time="0.00161576" name="tindex_to_param_expr" />
    <testcase time="0.00149202" name="tindex_to_param_until" />
    <testcase time="0.00149989" name="tinstance_io_user" />
    <testcase time="0.00142360" name="tinstance_std" />
    <testcase time="0.00146198" name="tinstance_std_array" />
    <testcase time="0.00141335" name="tinstance_user_array" />
    <testcase time="0.00139809" name="tintegers" />
    <testcase time="0.00139832" name="tintegers_double_overflow" />
    <testcase time="0.00000000" name="tintegers_min_max">
      <failure message="/home/travis/build/kaitai-io/ci_targets/tests/spec/nim/tintegers_min_max.nim(26, 29) Error: number out of range: &amp;apos;9223372036854775808&amp;apos;u64&amp;apos;
" />
    </testcase>
    <testcase time="0.00000000" name="tio_local_var">
      <failure message="/home/travis/build/kaitai-io/ci_targets/compiled/nim/io_local_var.nim(59, 25) Error: type mismatch: got &amp;apos;seq[byte]&amp;apos; for &amp;apos;messUpInstExpr&amp;apos; but expected &amp;apos;KaitaiStruct = ref KaitaiStruct:ObjectType&amp;apos;
" />
    </testcase>
    <testcase time="0.00145030" name="tjs_signed_right_shift" />
    <testcase time="0.00146341" name="tmeta_tags" />
    <testcase time="0.00135159" name="tmeta_xref" />
    <testcase time="0.00141525" name="tmultiple_use" />
    <testcase time="0.00147200" name="tnav_parent" />
    <testcase time="0.00143909" name="tnav_parent2" />
    <testcase time="0.00148511" name="tnav_parent3" />
    <testcase time="0.00136065" name="tnav_parent_false" />
    <testcase time="0.00143099" name="tnav_parent_false2" />
    <testcase time="0.00141811" name="tnav_parent_override" />
    <testcase time="0.00134921" name="tnav_parent_switch" />
    <testcase time="0.00000000" name="tnav_parent_switch_cast">
      <failure message="/home/travis/build/kaitai-io/ci_targets/compiled/nim/nav_parent_switch_cast.nim(120, 64) Error: undeclared field: &amp;apos;parent&amp;apos; for type kaitai_struct_nim_runtime.KaitaiStruct [type declared in /home/travis/.nimble/pkgs/kaitai_struct_nim_runtime-#head/kaitai_struct_nim_runtime.nim(5, 3)]
" />
    </testcase>
    <testcase time="0.00148034" name="tnav_parent_vs_value_inst" />
    <testcase time="0.00146246" name="tnav_root" />
    <testcase time="0.00136065" name="tnested_same_name" />
    <testcase time="0.00138283" name="tnested_same_name2" />
    <testcase time="0.00142932" name="tnested_type_param" />
    <testcase time="0.00148034" name="tnested_types" />
    <testcase time="0.00142646" name="tnested_types2" />
    <testcase time="0.00137734" name="tnested_types3" />
    <testcase time="0.00132871" name="tnon_standard" />
    <testcase time="0.00153089" name="tparams_call_extra_parens" />
    <testcase time="0.00146246" name="tparams_call_short" />
    <testcase time="0.00140119" name="tparams_enum" />
    <testcase time="0.00000000" name="tparams_pass_array_int">
      <failure message="/home/travis/build/kaitai-io/ci_targets/tests/spec/nim/tparams_pass_array_int.nim(7, 27) template/generic instantiation of `fromFile` from here
/home/travis/build/kaitai-io/ci_targets/compiled/nim/params_pass_array_int.nim(46, 21) template/generic instantiation of `read` from here
/home/travis/build/kaitai-io/ci_targets/compiled/nim/params_pass_array_int.nim(34, 54) template/generic instantiation of `read` from here
/home/travis/build/kaitai-io/ci_targets/compiled/nim/params_pass_array_int.nim(55, 29) Error: type mismatch: got &amp;apos;seq[int]&amp;apos; for &amp;apos;nums&amp;apos; but expected &amp;apos;seq[uint16]&amp;apos;
" />
    </testcase>
    <testcase time="0.00148654" name="tparams_pass_array_str" />
    <testcase time="0.00136495" name="tparams_pass_array_struct" />
    <testcase time="0.00138736" name="tparams_pass_array_usertype" />
    <testcase time="0.00134993" name="tparams_pass_bool" />
    <testcase time="0.00137067" name="tparams_pass_struct" />
    <testcase time="0.00150847" name="tparams_pass_usertype" />
    <testcase time="0.00146842" name="tposition_abs" />
    <testcase time="0.00144434" name="tposition_in_seq" />
    <testcase time="0.00135803" name="tposition_to_end" />
    <testcase time="0.00140285" name="tprocess_coerce_bytes" />
    <testcase time="0.00000000" name="tprocess_coerce_switch">
      <failure message="/home/travis/build/kaitai-io/ci_targets/tests/spec/nim/tprocess_coerce_switch.nim(7, 28) template/generic instantiation of `fromFile` from here
/home/travis/build/kaitai-io/ci_targets/compiled/nim/process_coerce_switch.nim(75, 22) template/generic instantiation of `read` from here
/home/travis/build/kaitai-io/ci_targets/compiled/nim/process_coerce_switch.nim(48, 26) Error: type mismatch: got &amp;apos;seq[byte]&amp;apos; for &amp;apos;bufUnprocExpr&amp;apos; but expected &amp;apos;KaitaiStruct = ref KaitaiStruct:ObjectType&amp;apos;
" />
    </testcase>
    <testcase time="0.00137830" name="tprocess_coerce_usertype1" />
    <testcase time="0.00139880" name="tprocess_coerce_usertype2" />
    <testcase time="0.00000000" name="tprocess_custom">
      <failure message="/home/travis/build/kaitai-io/ci_targets/compiled/nim/process_custom.nim(3, 8) Error: cannot open file: my_custom_fx
" />
    </testcase>
    <testcase time="0.00000000" name="tprocess_custom_no_args">
      <failure message="/home/travis/build/kaitai-io/ci_targets/compiled/nim/process_custom_no_args.nim(3, 8) Error: cannot open file: custom_fx_no_args
" />
    </testcase>
    <testcase time="0.00136304" name="tprocess_repeat_bytes" />
    <testcase time="0.00000000" name="tprocess_repeat_usertype">
      <failure message="/home/travis/build/kaitai-io/ci_targets/tests/spec/nim/tprocess_repeat_usertype.nim(7, 30) template/generic instantiation of `fromFile` from here
/home/travis/build/kaitai-io/ci_targets/compiled/nim/process_repeat_usertype.nim(37, 24) template/generic instantiation of `read` from here
/home/travis/build/kaitai-io/ci_targets/compiled/nim/process_repeat_usertype.nim(30, 9) Error: redefinition of &amp;apos;buf&amp;apos;; previous declaration here: /home/travis/build/kaitai-io/ci_targets/compiled/nim/process_repeat_usertype.nim(28, 9)
" />
    </testcase>
    <testcase time="0.00144458" name="tprocess_rotate" />
    <testcase time="0.00154948" name="tprocess_to_user" />
    <testcase time="0.00139713" name="tprocess_xor4_const" />
    <testcase time="0.00138521" name="tprocess_xor4_value" />
    <testcase time="0.00136590" name="tprocess_xor_const" />
    <testcase time="0.00142598" name="tprocess_xor_value" />
    <testcase time="0.00136542" name="trecursive_one" />
    <testcase time="0.00139380" name="trepeat_eos_bit" />
    <testcase time="0.00137830" name="trepeat_eos_struct" />
    <testcase time="0.00138235" name="trepeat_eos_u4" />
    <testcase time="0.00136757" name="trepeat_n_struct" />
    <testcase time="0.00146580" name="trepeat_n_strz" />
    <testcase time="0.00147676" name="trepeat_n_strz_double" />
    <testcase time="0.00148177" name="trepeat_until_calc_array_type" />
    <testcase time="0.00156331" name="trepeat_until_complex" />
    <testcase time="0.00144219" name="trepeat_until_s4" />
    <testcase time="0.00140262" name="trepeat_until_sized" />
    <testcase time="0.00149822" name="tstr_encodings" />
    <testcase time="0.00157285" name="tstr_encodings_default" />
    <testcase time="0.00258565" name="tstr_encodings_utf16" />
    <testcase time="0.00148225" name="tstr_eos" />
    <testcase time="0.00137568" name="tstr_literals2" />
    <testcase time="0.00149441" name="tstr_pad_term" />
    <testcase time="0.00147438" name="tstr_pad_term_empty" />
    <testcase time="0.00162673" name="tswitch_bytearray" />
    <testcase time="0.00143790" name="tswitch_else_only" />
    <testcase time="0.00142002" name="tswitch_integers" />
    <testcase time="0.00145888" name="tswitch_integers2" />
    <testcase time="0.00157809" name="tswitch_manual_enum" />
    <testcase time="0.00000000" name="tswitch_manual_enum_invalid">
      <failure message="/home/travis/build/kaitai-io/ci_targets/tests/spec/nim/tswitch_manual_enum_invalid.nim(10, 26) Error: type mismatch: got &amp;lt;SwitchManualEnumInvalid_Opcode_CodeEnum, int literal(255)&amp;gt;
but expected one of:
proc `==`[Enum: enum](x, y: Enum): bool
  first type mismatch at position: 2
  required type for y: Enum: enum
  but expression &amp;apos;255&amp;apos; is of type: int literal(255)
proc `==`[T: tuple | object](x, y: T): bool
  first type mismatch at position: 2
  required type for y: T: tuple or object
  but expression &amp;apos;255&amp;apos; is of type: int literal(255)
proc `==`[T](a, b: Option[T]): bool
  first type mismatch at position: 2
  required type for b: Option[==.T]
  but expression &amp;apos;255&amp;apos; is of type: int literal(255)
30 other mismatching symbols have been suppressed; compile with --showAllMismatches:on to see them

expression: r.opcodes[0].code == 255
" />
    </testcase>
    <testcase time="0.00000000" name="tswitch_manual_enum_invalid_else">
      <failure message="/home/travis/build/kaitai-io/ci_targets/tests/spec/nim/tswitch_manual_enum_invalid_else.nim(10, 26) Error: type mismatch: got &amp;lt;SwitchManualEnumInvalidElse_Opcode_CodeEnum, int literal(255)&amp;gt;
but expected one of:
proc `==`[Enum: enum](x, y: Enum): bool
  first type mismatch at position: 2
  required type for y: Enum: enum
  but expression &amp;apos;255&amp;apos; is of type: int literal(255)
proc `==`[T: tuple | object](x, y: T): bool
  first type mismatch at position: 2
  required type for y: T: tuple or object
  but expression &amp;apos;255&amp;apos; is of type: int literal(255)
proc `==`[T](a, b: Option[T]): bool
  first type mismatch at position: 2
  required type for b: Option[==.T]
  but expression &amp;apos;255&amp;apos; is of type: int literal(255)
30 other mismatching symbols have been suppressed; compile with --showAllMismatches:on to see them

expression: r.opcodes[0].code == 255
" />
    </testcase>
    <testcase time="0.00150704" name="tswitch_manual_int" />
    <testcase time="0.00154877" name="tswitch_manual_int_else" />
    <testcase time="0.00000000" name="tswitch_manual_int_size">
      <failure message="/home/travis/build/kaitai-io/ci_targets/tests/spec/nim/tswitch_manual_int_size.nim(7, 28) template/generic instantiation of `fromFile` from here
/home/travis/build/kaitai-io/ci_targets/compiled/nim/switch_manual_int_size.nim(44, 22) template/generic instantiation of `read` from here
/home/travis/build/kaitai-io/ci_targets/compiled/nim/switch_manual_int_size.nim(39, 41) template/generic instantiation of `read` from here
/home/travis/build/kaitai-io/ci_targets/compiled/nim/switch_manual_int_size.nim(74, 19) Error: type mismatch: got &amp;apos;seq[byte]&amp;apos; for &amp;apos;bodyExpr&amp;apos; but expected &amp;apos;KaitaiStruct = ref KaitaiStruct:ObjectType&amp;apos;
" />
    </testcase>
    <testcase time="0.00000000" name="tswitch_manual_int_size_else">
      <failure message="/home/travis/build/kaitai-io/ci_targets/tests/spec/nim/tswitch_manual_int_size_else.nim(18, 8) template/generic instantiation of `assert` from here
/home/travis/build/kaitai-io/ci_targets/tests/spec/nim/auxiliary/test_utils.nim(12, 32) Error: type mismatch: got &amp;apos;empty&amp;apos; for &amp;apos;expected[i]&amp;apos; but expected &amp;apos;byte = uint8&amp;apos;
" />
    </testcase>
    <testcase time="0.00000000" name="tswitch_manual_int_size_eos">
      <failure message="/home/travis/build/kaitai-io/ci_targets/tests/spec/nim/tswitch_manual_int_size_eos.nim(7, 31) template/generic instantiation of `fromFile` from here
/home/travis/build/kaitai-io/ci_targets/compiled/nim/switch_manual_int_size_eos.nim(49, 25) template/generic instantiation of `read` from here
/home/travis/build/kaitai-io/ci_targets/compiled/nim/switch_manual_int_size_eos.nim(44, 44) template/generic instantiation of `read` from here
/home/travis/build/kaitai-io/ci_targets/compiled/nim/switch_manual_int_size_eos.nim(66, 50) template/generic instantiation of `read` from here
/home/travis/build/kaitai-io/ci_targets/compiled/nim/switch_manual_int_size_eos.nim(96, 19) Error: type mismatch: got &amp;apos;seq[byte]&amp;apos; for &amp;apos;bodyExpr&amp;apos; but expected &amp;apos;KaitaiStruct = ref KaitaiStruct:ObjectType&amp;apos;
" />
    </testcase>
    <testcase time="0.00149345" name="tswitch_manual_str" />
    <testcase time="0.00148439" name="tswitch_manual_str_else" />
    <testcase time="0.00142574" name="tswitch_multi_bool_ops" />
    <testcase time="0.00000000" name="tswitch_repeat_expr">
      <failure message="/home/travis/build/kaitai-io/ci_targets/tests/spec/nim/tswitch_repeat_expr.nim(7, 25) template/generic instantiation of `fromFile` from here
/home/travis/build/kaitai-io/ci_targets/compiled/nim/switch_repeat_expr.nim(55, 19) template/generic instantiation of `read` from here
/home/travis/build/kaitai-io/ci_targets/compiled/nim/switch_repeat_expr.nim(52, 18) Error: type mismatch: got &amp;lt;seq[KaitaiStruct], seq[byte]&amp;gt;
but expected one of:
proc add[T](x: var seq[T]; y: openArray[T])
  first type mismatch at position: 2
  required type for y: openArray[T]
  but expression &amp;apos;it&amp;apos; is of type: seq[byte]
proc add[T](x: var seq[T]; y: sink T)
  first type mismatch at position: 2
  required type for y: sink T
  but expression &amp;apos;it&amp;apos; is of type: seq[byte]
3 other mismatching symbols have been suppressed; compile with --showAllMismatches:on to see them

expression: add(result.body, it)
" />
    </testcase>
    <testcase time="0.00000000" name="tswitch_repeat_expr_invalid">
      <failure message="/home/travis/build/kaitai-io/ci_targets/tests/spec/nim/tswitch_repeat_expr_invalid.nim(7, 32) template/generic instantiation of `fromFile` from here
/home/travis/build/kaitai-io/ci_targets/compiled/nim/switch_repeat_expr_invalid.nim(55, 26) template/generic instantiation of `read` from here
/home/travis/build/kaitai-io/ci_targets/compiled/nim/switch_repeat_expr_invalid.nim(52, 18) Error: type mismatch: got &amp;lt;seq[KaitaiStruct], seq[byte]&amp;gt;
but expected one of:
proc add[T](x: var seq[T]; y: openArray[T])
  first type mismatch at position: 2
  required type for y: openArray[T]
  but expression &amp;apos;it&amp;apos; is of type: seq[byte]
proc add[T](x: var seq[T]; y: sink T)
  first type mismatch at position: 2
  required type for y: sink T
  but expression &amp;apos;it&amp;apos; is of type: seq[byte]
3 other mismatching symbols have been suppressed; compile with --showAllMismatches:on to see them

expression: add(result.body, it)
" />
    </testcase>
    <testcase time="0.00136471" name="tterm_bytes" />
    <testcase time="0.00149155" name="tterm_strz" />
    <testcase time="0.00152040" name="tterm_u1_val" />
    <testcase time="0.00138521" name="tts_packet_header" />
    <testcase time="0.00136161" name="ttype_int_unary_op" />
    <testcase time="0.00141096" name="ttype_ternary" />
    <testcase time="0.00142503" name="ttype_ternary_2nd_falsy" />
    <testcase time="0.00144482" name="tuser_type" />
    <testcase time="0.00154042" name="tvalid_eq_str_encodings" />
    <testcase time="0.00145769" name="tvalid_long" />
    <testcase time="0.00141096" name="tvalid_not_parsed_if" />
    <testcase time="0.00143886" name="tvalid_short" />
    <testcase time="0.00138497" name="tvalid_switch" />
    <testcase time="0.00000000" name="tyaml_ints">
      <failure message="/home/travis/build/kaitai-io/ci_targets/compiled/nim/yaml_ints.nim(51, 30) Error: 18446744073709551615 can&amp;apos;t be converted to int
" />
    </testcase>
    <testcase time="0.00000000" name="tzlib_surrounded">
      <failure message="/home/travis/build/kaitai-io/ci_targets/tests/spec/nim/tzlib_surrounded.nim(7, 23) template/generic instantiation of `fromFile` from here
/home/travis/build/kaitai-io/ci_targets/compiled/nim/zlib_surrounded.nim(41, 17) template/generic instantiation of `read` from here
/home/travis/build/kaitai-io/ci_targets/compiled/nim/zlib_surrounded.nim(32, 36) Error: attempting to call undeclared routine: &amp;apos;processZlib&amp;apos;
" />
    </testcase>
    <testcase time="0.00000000" name="tzlib_with_header_78">
      <failure message="/home/travis/build/kaitai-io/ci_targets/tests/spec/nim/tzlib_with_header_78.nim(7, 25) template/generic instantiation of `fromFile` from here
/home/travis/build/kaitai-io/ci_targets/compiled/nim/zlib_with_header_78.nim(27, 19) template/generic instantiation of `read` from here
/home/travis/build/kaitai-io/ci_targets/compiled/nim/zlib_with_header_78.nim(23, 30) Error: attempting to call undeclared routine: &amp;apos;processZlib&amp;apos;
" />
    </testcase>
  </testsuite>
</testsuites>