<testsuites>
  <testsuite tests="201" failures="7" errors="23" name="nim">
    <testcase time="0.00109434" name="tbcd_user_type_be" />
    <testcase time="0.00101161" name="tbcd_user_type_le" />
    <testcase time="0.00093842" name="tbits_byte_aligned" />
    <testcase time="0.00086308" name="tbits_enum" />
    <testcase time="0.00088358" name="tbits_seq_endian_combo" />
    <testcase time="0.00093150" name="tbits_shift_by_b32_le" />
    <testcase time="0.00091815" name="tbits_shift_by_b64_le" />
    <testcase time="0.00098944" name="tbits_signed_res_b32_be" />
    <testcase time="0.00100327" name="tbits_signed_res_b32_le" />
    <testcase time="0.00101900" name="tbits_signed_shift_b32_le" />
    <testcase time="0.00103831" name="tbits_signed_shift_b64_le" />
    <testcase time="0.00085855" name="tbits_simple" />
    <testcase time="0.00092196" name="tbits_simple_le" />
    <testcase time="0.00095201" name="tbits_unaligned_b32_be" />
    <testcase time="0.00101495" name="tbits_unaligned_b32_le" />
    <testcase time="0.00088787" name="tbits_unaligned_b64_be" />
    <testcase time="0.00091982" name="tbits_unaligned_b64_le" />
    <testcase time="0.00101876" name="tbuffered_struct" />
    <testcase time="0.00093317" name="tbytes_pad_term" />
    <testcase time="0.00089312" name="tcast_nested" />
    <testcase time="0.00085378" name="tcast_to_imported" />
    <testcase time="0.00111294" name="tcast_to_top" />
    <testcase time="0.00086474" name="tcombine_bool" />
    <testcase time="0.00094533" name="tcombine_bytes" />
    <testcase time="0.00092506" name="tcombine_enum" />
    <testcase time="0.00108552" name="tcombine_str" />
    <testcase time="0.00089216" name="tdebug_switch_user" />
    <testcase time="0.00103951" name="tdefault_big_endian" />
    <testcase time="0.00107455" name="tdefault_bit_endian_mod" />
    <testcase time="0.00100350" name="tdefault_endian_expr_inherited" />
    <testcase time="0.00093722" name="tdefault_endian_expr_is_be" />
    <testcase time="0.00091815" name="tdefault_endian_expr_is_le" />
    <testcase time="0.00091529" name="tdefault_endian_mod" />
    <testcase time="0.00090361" name="tdocstrings" />
    <testcase time="0.00091410" name="tdocstrings_docref" />
    <testcase time="0.00099969" name="tdocstrings_docref_multi" />
    <testcase time="0.00089002" name="tenum_0" />
    <testcase time="0.00092936" name="tenum_1" />
    <testcase time="0.00101900" name="tenum_deep" />
    <testcase time="0.00094271" name="tenum_deep_literals" />
    <testcase time="0.00102377" name="tenum_fancy" />
    <testcase time="0.00109482" name="tenum_if" />
    <testcase time="0.00108075" name="tenum_import" />
    <testcase time="0.00101995" name="tenum_int_range_s" />
    <testcase time="0.00089312" name="tenum_int_range_u" />
    <testcase time="0.00000000" name="tenum_invalid">
      <failure message="/tests/spec/nim/tenum_invalid.nim(10, 15) Error: type mismatch: got &amp;lt;EnumInvalid_Animal, int literal(111)&amp;gt;
but expected one of:
proc `==`[Enum: enum](x, y: Enum): bool
  first type mismatch at position: 2
  required type for y: Enum: enum
  but expression &amp;apos;111&amp;apos; is of type: int literal(111)
proc `==`[T: tuple | object](x, y: T): bool
  first type mismatch at position: 2
  required type for y: T: tuple or object
  but expression &amp;apos;111&amp;apos; is of type: int literal(111)
proc `==`[T](a, b: Option[T]): bool
  first type mismatch at position: 2
  required type for b: Option[==.T]
  but expression &amp;apos;111&amp;apos; is of type: int literal(111)
30 other mismatching symbols have been suppressed; compile with --showAllMismatches:on to see them

expression: r.pet2 == 111
" />
    </testcase>
    <testcase time="0.00106359" name="tenum_long_range_s" />
    <testcase time="0.00088501" name="tenum_long_range_u" />
    <testcase time="0.00102782" name="tenum_negative" />
    <testcase time="0.00098729" name="tenum_of_value_inst" />
    <testcase time="0.00084758" name="tenum_to_i" />
    <testcase time="0.00000000" name="tenum_to_i_class_border_1">
      <failure message="/tests/compiled/nim/enum_to_i_class_border_1.nim(13, 20) Error: undeclared identifier: &amp;apos;EnumToIClassBorder2&amp;apos;
candidates (edit distance, scope distance); see &amp;apos;--spellSuggest&amp;apos;: 
 (1, 0): &amp;apos;EnumToIClassBorder1&amp;apos; [type declared in /tests/compiled/nim/enum_to_i_class_border_1.nim(7, 3)]
 (1, 0): &amp;apos;enum_to_i_class_border_2&amp;apos; [module declared in /tests/compiled/nim/enum_to_i_class_border_1.nim(5, 8)]
This might be caused by a recursive module dependency:
/tests/compiled/nim/enum_to_i_class_border_2.nim imports /tests/compiled/nim/enum_to_i_class_border_1.nim
/tests/compiled/nim/enum_to_i_class_border_1.nim imports /tests/compiled/nim/enum_to_i_class_border_2.nim
" />
    </testcase>
    <testcase time="0.00000000" name="tenum_to_i_invalid">
      <failure message="/tests/spec/nim/tenum_to_i_invalid.nim(10, 15) Error: type mismatch: got &amp;lt;EnumToIInvalid_Animal, int literal(111)&amp;gt;
but expected one of:
proc `==`[Enum: enum](x, y: Enum): bool
  first type mismatch at position: 2
  required type for y: Enum: enum
  but expression &amp;apos;111&amp;apos; is of type: int literal(111)
proc `==`[T: tuple | object](x, y: T): bool
  first type mismatch at position: 2
  required type for y: T: tuple or object
  but expression &amp;apos;111&amp;apos; is of type: int literal(111)
proc `==`[T](a, b: Option[T]): bool
  first type mismatch at position: 2
  required type for b: Option[==.T]
  but expression &amp;apos;111&amp;apos; is of type: int literal(111)
30 other mismatching symbols have been suppressed; compile with --showAllMismatches:on to see them

expression: r.pet2 == 111
" />
    </testcase>
    <testcase time="0.00106812" name="texpr_0" />
    <testcase time="0.00089931" name="texpr_1" />
    <testcase time="0.00107026" name="texpr_2" />
    <testcase time="0.00108957" name="texpr_3" />
    <testcase time="0.00121665" name="texpr_array" />
    <testcase time="0.00091505" name="texpr_bits" />
    <testcase time="0.00095177" name="texpr_bytes_cmp" />
    <testcase time="0.00106215" name="texpr_bytes_non_literal" />
    <testcase time="0.00092483" name="texpr_bytes_ops" />
    <testcase time="0.00109529" name="texpr_calc_array_ops" />
    <testcase time="0.00088930" name="texpr_enum" />
    <testcase time="0.00107121" name="texpr_if_int_ops" />
    <testcase time="0.00111389" name="texpr_int_div">
      <failure message="/tests/spec/nim/texpr_int_div.nim(12) texpr_int_div
/nim/lib/system/assertions.nim(38) failedAssertImpl
/nim/lib/system/assertions.nim(28) raiseAssert
/nim/lib/system/fatal.nim(53) sysFatal
Error: unhandled exception: /tests/spec/nim/texpr_int_div.nim(12, 8) `r.divNegConst == -757`  [AssertionDefect]
" />
    </testcase>
    <testcase time="0.00101233" name="texpr_io_eof" />
    <testcase time="0.00107455" name="texpr_io_pos" />
    <testcase time="0.00088286" name="texpr_mod" />
    <testcase time="0.00094104" name="texpr_ops_parens" />
    <testcase time="0.00100446" name="texpr_sizeof_type_0" />
    <testcase time="0.00087214" name="texpr_sizeof_type_1" />
    <testcase time="0.00087452" name="texpr_sizeof_value_0" />
    <testcase time="0.00102735" name="texpr_sizeof_value_sized" />
    <testcase time="0.08154726" name="texpr_str_encodings">
      <failure message="Traceback (most recent call last)
/tests/spec/nim/texpr_str_encodings.nim(7) texpr_str_encodings
/tests/compiled/nim/expr_str_encodings.nim(122) fromFile
/tests/compiled/nim/expr_str_encodings.nim(62) read
/root/.nimble/pkgs/kaitai_struct_nim_runtime-#head/kaitai_struct_nim_runtime.nim(333) encode
/nim/lib/pure/encodings.nim(507) convert
/nim/lib/pure/encodings.nim(467) convert
SIGSEGV: Illegal storage access. (Attempt to read from nil?)
" />
    </testcase>
    <testcase time="0.00101876" name="texpr_str_ops" />
    <testcase time="0.00112891" name="tfixed_contents" />
    <testcase time="0.00105262" name="tfixed_struct" />
    <testcase time="0.00093150" name="tfloat_to_i" />
    <testcase time="0.00106549" name="tfloating_points">
      <failure message="/tests/spec/nim/tfloating_points.nim(13) tfloating_points
/nim/lib/system/assertions.nim(38) failedAssertImpl
/nim/lib/system/assertions.nim(28) raiseAssert
/nim/lib/system/fatal.nim(53) sysFatal
Error: unhandled exception: /tests/spec/nim/tfloating_points.nim(13, 8) `r.approximateValue == 1.2345`  [AssertionDefect]
" />
    </testcase>
    <testcase time="0.00084329" name="thello_world" />
    <testcase time="0.00095868" name="tif_instances" />
    <testcase time="0.00088406" name="tif_struct" />
    <testcase time="0.00109053" name="tif_values" />
    <testcase time="0.00089002" name="timports0" />
    <testcase time="0.00000000" name="timports_abs">
      <failure message="/tests/compiled/nim/imports_abs.nim(3, 15) Error: cannot open file: /common/vlq_base128_le
" />
    </testcase>
    <testcase time="0.00000000" name="timports_circular_a">
      <failure message="/tests/compiled/nim/imports_circular_a.nim(9, 13) Error: undeclared identifier: &amp;apos;ImportsCircularB&amp;apos;
candidates (edit distance, scope distance); see &amp;apos;--spellSuggest&amp;apos;: 
 (1, 0): &amp;apos;ImportsCircularA&amp;apos; [type declared in /tests/compiled/nim/imports_circular_a.nim(7, 3)]
 (1, 0): &amp;apos;imports_circular_b&amp;apos; [module declared in /tests/compiled/nim/imports_circular_a.nim(5, 8)]
This might be caused by a recursive module dependency:
/tests/compiled/nim/imports_circular_b.nim imports /tests/compiled/nim/imports_circular_a.nim
/tests/compiled/nim/imports_circular_a.nim imports /tests/compiled/nim/imports_circular_b.nim
" />
    </testcase>
    <testcase time="0.00000000" name="timports_rel_1">
      <failure message="/tests/compiled/nim/imports_rel_1.nim(3, 23) Error: cannot open file: for_rel_imports/imported_1
" />
    </testcase>
    <testcase time="0.00088978" name="tindex_sizes" />
    <testcase time="0.00124764" name="tindex_to_param_eos" />
    <testcase time="0.00123501" name="tindex_to_param_expr" />
    <testcase time="0.00088286" name="tindex_to_param_until" />
    <testcase time="0.00090861" name="tinstance_io_user" />
    <testcase time="0.00096369" name="tinstance_std" />
    <testcase time="0.00091457" name="tinstance_std_array" />
    <testcase time="0.00092292" name="tinstance_user_array" />
    <testcase time="0.00094318" name="tintegers" />
    <testcase time="0.00093341" name="tintegers_double_overflow" />
    <testcase time="0.00109816" name="tintegers_min_max" />
    <testcase time="0.00000000" name="tio_local_var">
      <failure message="/tests/compiled/nim/io_local_var.nim(59, 25) Error: type mismatch: got &amp;apos;seq[byte]&amp;apos; for &amp;apos;messUpInstExpr&amp;apos; but expected &amp;apos;KaitaiStruct = ref KaitaiStruct:ObjectType&amp;apos;
" />
    </testcase>
    <testcase time="0.00112700" name="tjs_signed_right_shift" />
    <testcase time="0.00092602" name="tmeta_tags" />
    <testcase time="0.00114226" name="tmeta_xref" />
    <testcase time="0.00086379" name="tmultiple_use" />
    <testcase time="0.00092769" name="tnav_parent" />
    <testcase time="0.00108624" name="tnav_parent2" />
    <testcase time="0.00096536" name="tnav_parent3" />
    <testcase time="0.00097561" name="tnav_parent_false" />
    <testcase time="0.00119901" name="tnav_parent_false2" />
    <testcase time="0.00088620" name="tnav_parent_override" />
    <testcase time="0.00085425" name="tnav_parent_switch" />
    <testcase time="0.00000000" name="tnav_parent_switch_cast">
      <failure message="/tests/compiled/nim/nav_parent_switch_cast.nim(120, 64) Error: undeclared field: &amp;apos;parent&amp;apos; for type kaitai_struct_nim_runtime.KaitaiStruct [type declared in /root/.nimble/pkgs/kaitai_struct_nim_runtime-#head/kaitai_struct_nim_runtime.nim(5, 3)]
" />
    </testcase>
    <testcase time="0.00111938" name="tnav_parent_vs_value_inst" />
    <testcase time="0.00094986" name="tnav_root" />
    <testcase time="0.00110817" name="tnested_same_name" />
    <testcase time="0.00090289" name="tnested_same_name2" />
    <testcase time="0.00101280" name="tnested_type_param" />
    <testcase time="0.00103855" name="tnested_types" />
    <testcase time="0.00091314" name="tnested_types2" />
    <testcase time="0.00089812" name="tnested_types3" />
    <testcase time="0.00089478" name="tnon_standard" />
    <testcase time="0.00092125" name="tparams_call_extra_parens" />
    <testcase time="0.00113654" name="tparams_call_short" />
    <testcase time="0.00087595" name="tparams_enum" />
    <testcase time="0.00109053" name="tparams_pass_array_int" />
    <testcase time="0.00102329" name="tparams_pass_array_str" />
    <testcase time="0.00113177" name="tparams_pass_array_struct" />
    <testcase time="0.00088406" name="tparams_pass_array_usertype" />
    <testcase time="0.00100780" name="tparams_pass_bool" />
    <testcase time="0.00121808" name="tparams_pass_struct" />
    <testcase time="0.00089025" name="tparams_pass_usertype" />
    <testcase time="0.00101542" name="tposition_abs" />
    <testcase time="0.00101614" name="tposition_in_seq" />
    <testcase time="0.00088358" name="tposition_to_end" />
    <testcase time="0.00088525" name="tprocess_coerce_bytes" />
    <testcase time="0.00000000" name="tprocess_coerce_switch">
      <failure message="/tests/spec/nim/tprocess_coerce_switch.nim(7, 28) template/generic instantiation of `fromFile` from here
/tests/compiled/nim/process_coerce_switch.nim(75, 22) template/generic instantiation of `read` from here
/tests/compiled/nim/process_coerce_switch.nim(48, 26) Error: type mismatch: got &amp;apos;seq[byte]&amp;apos; for &amp;apos;bufUnprocExpr&amp;apos; but expected &amp;apos;KaitaiStruct = ref KaitaiStruct:ObjectType&amp;apos;
" />
    </testcase>
    <testcase time="0.00108266" name="tprocess_coerce_usertype1" />
    <testcase time="0.00102854" name="tprocess_coerce_usertype2" />
    <testcase time="0.00000000" name="tprocess_custom">
      <failure message="/tests/compiled/nim/process_custom.nim(3, 8) Error: cannot open file: my_custom_fx
" />
    </testcase>
    <testcase time="0.00000000" name="tprocess_custom_no_args">
      <failure message="/tests/compiled/nim/process_custom_no_args.nim(3, 8) Error: cannot open file: custom_fx_no_args
" />
    </testcase>
    <testcase time="0.00105476" name="tprocess_repeat_bytes" />
    <testcase time="0.00000000" name="tprocess_repeat_usertype">
      <failure message="/tests/spec/nim/tprocess_repeat_usertype.nim(7, 30) template/generic instantiation of `fromFile` from here
/tests/compiled/nim/process_repeat_usertype.nim(37, 24) template/generic instantiation of `read` from here
/tests/compiled/nim/process_repeat_usertype.nim(30, 9) Error: redefinition of &amp;apos;buf&amp;apos;; previous declaration here: /tests/compiled/nim/process_repeat_usertype.nim(28, 9)
" />
    </testcase>
    <testcase time="0.00102019" name="tprocess_rotate" />
    <testcase time="0.00087547" name="tprocess_to_user" />
    <testcase time="0.00085735" name="tprocess_xor4_const" />
    <testcase time="0.00096345" name="tprocess_xor4_value" />
    <testcase time="0.00099373" name="tprocess_xor_const" />
    <testcase time="0.00114608" name="tprocess_xor_value" />
    <testcase time="0.00102639" name="trecursive_one" />
    <testcase time="0.00095129" name="trepeat_eos_bit" />
    <testcase time="0.00102520" name="trepeat_eos_struct" />
    <testcase time="0.00113487" name="trepeat_eos_u4" />
    <testcase time="0.00090718" name="trepeat_n_struct" />
    <testcase time="0.00091386" name="trepeat_n_strz" />
    <testcase time="0.00103283" name="trepeat_n_strz_double" />
    <testcase time="0.00096250" name="trepeat_until_calc_array_type" />
    <testcase time="0.00109625" name="trepeat_until_complex" />
    <testcase time="0.00110173" name="trepeat_until_s4" />
    <testcase time="0.00087428" name="trepeat_until_sized" />
    <testcase time="0.07951689" name="tstr_encodings">
      <failure message="Traceback (most recent call last)
/tests/spec/nim/tstr_encodings.nim(7) tstr_encodings
/tests/compiled/nim/str_encodings.nim(45) fromFile
/tests/compiled/nim/str_encodings.nim(41) read
/root/.nimble/pkgs/kaitai_struct_nim_runtime-#head/kaitai_struct_nim_runtime.nim(333) encode
/nim/lib/pure/encodings.nim(507) convert
/nim/lib/pure/encodings.nim(467) convert
SIGSEGV: Illegal storage access. (Attempt to read from nil?)
" />
    </testcase>
    <testcase time="0.07789183" name="tstr_encodings_default">
      <failure message="Traceback (most recent call last)
/tests/spec/nim/tstr_encodings_default.nim(7) tstr_encodings_default
/tests/compiled/nim/str_encodings_default.nim(39) fromFile
/tests/compiled/nim/str_encodings_default.nim(35) read
/tests/compiled/nim/str_encodings_default.nim(59) read
/root/.nimble/pkgs/kaitai_struct_nim_runtime-#head/kaitai_struct_nim_runtime.nim(333) encode
/nim/lib/pure/encodings.nim(507) convert
/nim/lib/pure/encodings.nim(467) convert
SIGSEGV: Illegal storage access. (Attempt to read from nil?)
" />
    </testcase>
    <testcase time="0.00099635" name="tstr_encodings_utf16" />
    <testcase time="0.00093222" name="tstr_eos" />
    <testcase time="0.00128293" name="tstr_literals">
      <failure message="/tests/spec/nim/tstr_literals.nim(9) tstr_literals
/nim/lib/system/assertions.nim(38) failedAssertImpl
/nim/lib/system/assertions.nim(28) raiseAssert
/nim/lib/system/fatal.nim(53) sysFatal
Error: unhandled exception: /tests/spec/nim/tstr_literals.nim(9, 8) `strToArr(r.complexStr) ==
    @[0&amp;apos;i32, 1, 2, 7, 8, 10, 13, 9, 11, 12, 27, 61, 7, 10, 36, 9787]`  [AssertionDefect]
" />
    </testcase>
    <testcase time="0.00099993" name="tstr_literals2" />
    <testcase time="0.00087309" name="tstr_pad_term" />
    <testcase time="0.00093293" name="tstr_pad_term_empty" />
    <testcase time="0.00093174" name="tswitch_bytearray" />
    <testcase time="0.00092983" name="tswitch_else_only" />
    <testcase time="0.00103974" name="tswitch_integers" />
    <testcase time="0.00111413" name="tswitch_integers2" />
    <testcase time="0.00090981" name="tswitch_manual_enum" />
    <testcase time="0.00000000" name="tswitch_manual_enum_invalid">
      <failure message="/tests/spec/nim/tswitch_manual_enum_invalid.nim(10, 26) Error: type mismatch: got &amp;lt;SwitchManualEnumInvalid_Opcode_CodeEnum, int literal(255)&amp;gt;
but expected one of:
proc `==`[Enum: enum](x, y: Enum): bool
  first type mismatch at position: 2
  required type for y: Enum: enum
  but expression &amp;apos;255&amp;apos; is of type: int literal(255)
proc `==`[T: tuple | object](x, y: T): bool
  first type mismatch at position: 2
  required type for y: T: tuple or object
  but expression &amp;apos;255&amp;apos; is of type: int literal(255)
proc `==`[T](a, b: Option[T]): bool
  first type mismatch at position: 2
  required type for b: Option[==.T]
  but expression &amp;apos;255&amp;apos; is of type: int literal(255)
30 other mismatching symbols have been suppressed; compile with --showAllMismatches:on to see them

expression: r.opcodes[0].code == 255
" />
    </testcase>
    <testcase time="0.00000000" name="tswitch_manual_enum_invalid_else">
      <failure message="/tests/spec/nim/tswitch_manual_enum_invalid_else.nim(10, 26) Error: type mismatch: got &amp;lt;SwitchManualEnumInvalidElse_Opcode_CodeEnum, int literal(255)&amp;gt;
but expected one of:
proc `==`[Enum: enum](x, y: Enum): bool
  first type mismatch at position: 2
  required type for y: Enum: enum
  but expression &amp;apos;255&amp;apos; is of type: int literal(255)
proc `==`[T: tuple | object](x, y: T): bool
  first type mismatch at position: 2
  required type for y: T: tuple or object
  but expression &amp;apos;255&amp;apos; is of type: int literal(255)
proc `==`[T](a, b: Option[T]): bool
  first type mismatch at position: 2
  required type for b: Option[==.T]
  but expression &amp;apos;255&amp;apos; is of type: int literal(255)
30 other mismatching symbols have been suppressed; compile with --showAllMismatches:on to see them

expression: r.opcodes[0].code == 255
" />
    </testcase>
    <testcase time="0.00108886" name="tswitch_manual_int" />
    <testcase time="0.00092983" name="tswitch_manual_int_else" />
    <testcase time="0.00000000" name="tswitch_manual_int_size">
      <failure message="/tests/spec/nim/tswitch_manual_int_size.nim(7, 28) template/generic instantiation of `fromFile` from here
/tests/compiled/nim/switch_manual_int_size.nim(44, 22) template/generic instantiation of `read` from here
/tests/compiled/nim/switch_manual_int_size.nim(39, 41) template/generic instantiation of `read` from here
/tests/compiled/nim/switch_manual_int_size.nim(74, 19) Error: type mismatch: got &amp;apos;seq[byte]&amp;apos; for &amp;apos;bodyExpr&amp;apos; but expected &amp;apos;KaitaiStruct = ref KaitaiStruct:ObjectType&amp;apos;
" />
    </testcase>
    <testcase time="0.00000000" name="tswitch_manual_int_size_else">
      <failure message="/tests/spec/nim/tswitch_manual_int_size_else.nim(18, 8) template/generic instantiation of `assert` from here
/tests/spec/nim/auxiliary/test_utils.nim(12, 32) Error: type mismatch: got &amp;apos;empty&amp;apos; for &amp;apos;expected[i]&amp;apos; but expected &amp;apos;byte = uint8&amp;apos;
" />
    </testcase>
    <testcase time="0.00000000" name="tswitch_manual_int_size_eos">
      <failure message="/tests/spec/nim/tswitch_manual_int_size_eos.nim(7, 31) template/generic instantiation of `fromFile` from here
/tests/compiled/nim/switch_manual_int_size_eos.nim(49, 25) template/generic instantiation of `read` from here
/tests/compiled/nim/switch_manual_int_size_eos.nim(44, 44) template/generic instantiation of `read` from here
/tests/compiled/nim/switch_manual_int_size_eos.nim(66, 50) template/generic instantiation of `read` from here
/tests/compiled/nim/switch_manual_int_size_eos.nim(96, 19) Error: type mismatch: got &amp;apos;seq[byte]&amp;apos; for &amp;apos;bodyExpr&amp;apos; but expected &amp;apos;KaitaiStruct = ref KaitaiStruct:ObjectType&amp;apos;
" />
    </testcase>
    <testcase time="0.00100112" name="tswitch_manual_str" />
    <testcase time="0.00094366" name="tswitch_manual_str_else" />
    <testcase time="0.00104713" name="tswitch_multi_bool_ops" />
    <testcase time="0.00000000" name="tswitch_repeat_expr">
      <failure message="/tests/spec/nim/tswitch_repeat_expr.nim(7, 25) template/generic instantiation of `fromFile` from here
/tests/compiled/nim/switch_repeat_expr.nim(55, 19) template/generic instantiation of `read` from here
/tests/compiled/nim/switch_repeat_expr.nim(52, 18) Error: type mismatch: got &amp;lt;seq[KaitaiStruct], seq[byte]&amp;gt;
but expected one of:
proc add[T](x: var seq[T]; y: openArray[T])
  first type mismatch at position: 2
  required type for y: openArray[T]
  but expression &amp;apos;it&amp;apos; is of type: seq[byte]
proc add[T](x: var seq[T]; y: sink T)
  first type mismatch at position: 2
  required type for y: sink T
  but expression &amp;apos;it&amp;apos; is of type: seq[byte]
3 other mismatching symbols have been suppressed; compile with --showAllMismatches:on to see them

expression: add(result.body, it)
" />
    </testcase>
    <testcase time="0.00000000" name="tswitch_repeat_expr_invalid">
      <failure message="/tests/spec/nim/tswitch_repeat_expr_invalid.nim(7, 32) template/generic instantiation of `fromFile` from here
/tests/compiled/nim/switch_repeat_expr_invalid.nim(55, 26) template/generic instantiation of `read` from here
/tests/compiled/nim/switch_repeat_expr_invalid.nim(52, 18) Error: type mismatch: got &amp;lt;seq[KaitaiStruct], seq[byte]&amp;gt;
but expected one of:
proc add[T](x: var seq[T]; y: openArray[T])
  first type mismatch at position: 2
  required type for y: openArray[T]
  but expression &amp;apos;it&amp;apos; is of type: seq[byte]
proc add[T](x: var seq[T]; y: sink T)
  first type mismatch at position: 2
  required type for y: sink T
  but expression &amp;apos;it&amp;apos; is of type: seq[byte]
3 other mismatching symbols have been suppressed; compile with --showAllMismatches:on to see them

expression: add(result.body, it)
" />
    </testcase>
    <testcase time="0.00095487" name="tterm_bytes" />
    <testcase time="0.00105453" name="tterm_strz" />
    <testcase time="0.00090146" name="tterm_u1_val" />
    <testcase time="0.00113344" name="tts_packet_header" />
    <testcase time="0.00099134" name="ttype_int_unary_op" />
    <testcase time="0.00086641" name="ttype_ternary" />
    <testcase time="0.00102711" name="ttype_ternary_2nd_falsy" />
    <testcase time="0.00096703" name="tuser_type" />
    <testcase time="0.08029509" name="tvalid_eq_str_encodings">
      <failure message="Traceback (most recent call last)
/tests/spec/nim/tvalid_eq_str_encodings.nim(7) tvalid_eq_str_encodings
/tests/compiled/nim/valid_eq_str_encodings.nim(45) fromFile
/tests/compiled/nim/valid_eq_str_encodings.nim(41) read
/root/.nimble/pkgs/kaitai_struct_nim_runtime-#head/kaitai_struct_nim_runtime.nim(333) encode
/nim/lib/pure/encodings.nim(507) convert
/nim/lib/pure/encodings.nim(467) convert
SIGSEGV: Illegal storage access. (Attempt to read from nil?)
" />
    </testcase>
    <testcase time="0.00113559" name="tvalid_long" />
    <testcase time="0.00104237" name="tvalid_not_parsed_if" />
    <testcase time="0.00000000" name="tvalid_optional_id">
      <failure message="/tests/spec/nim/tvalid_optional_id.nim(4, 26) Error: cannot open file: ../../compiled/nim/valid_optional_id
" />
    </testcase>
    <testcase time="0.00107765" name="tvalid_short" />
    <testcase time="0.00109839" name="tvalid_switch" />
    <testcase time="0.00000000" name="tyaml_ints">
      <failure message="/tests/compiled/nim/yaml_ints.nim(51, 30) Error: 18446744073709551615 can&amp;apos;t be converted to int
" />
    </testcase>
    <testcase time="0.00000000" name="tzlib_surrounded">
      <failure message="/tests/spec/nim/tzlib_surrounded.nim(7, 23) template/generic instantiation of `fromFile` from here
/tests/compiled/nim/zlib_surrounded.nim(41, 17) template/generic instantiation of `read` from here
/tests/compiled/nim/zlib_surrounded.nim(32, 36) Error: attempting to call undeclared routine: &amp;apos;processZlib&amp;apos;
" />
    </testcase>
    <testcase time="0.00000000" name="tzlib_with_header_78">
      <failure message="/tests/spec/nim/tzlib_with_header_78.nim(7, 25) template/generic instantiation of `fromFile` from here
/tests/compiled/nim/zlib_with_header_78.nim(27, 19) template/generic instantiation of `read` from here
/tests/compiled/nim/zlib_with_header_78.nim(23, 30) Error: attempting to call undeclared routine: &amp;apos;processZlib&amp;apos;
" />
    </testcase>
  </testsuite>
</testsuites>