<testsuites><testsuite tests="156" failures="1" errors="82" name="tests">
    <testcase time="0.001982927322387695" name="tbcd_user_type_be" />
    <testcase time="0.001684904098510742" name="tbcd_user_type_le" />
    <testcase time="0.00000000" name="tbits_byte_aligned"><failure message="compile error" /></testcase>
    <testcase time="0.001849889755249023" name="tbits_enum" />
    <testcase time="0.001780271530151367" name="tbits_simple" />
    <testcase time="0.001702070236206055" name="tbuffered_struct" />
    <testcase time="0.001596927642822266" name="tbytes_pad_term" />
    <testcase time="0.00000000" name="tcast_nested"><failure message="compile error" /></testcase>
    <testcase time="0.00162816047668457" name="tcast_to_imported" />
    <testcase time="0.001612186431884766" name="tcast_to_top" />
    <testcase time="0.00000000" name="tdebug_switch_user"><failure message="compile error" /></testcase>
    <testcase time="0.001575231552124023" name="tdefault_big_endian" />
    <testcase time="0.00183415412902832" name="tdefault_endian_expr_inherited" />
    <testcase time="0.001629352569580078" name="tdefault_endian_expr_is_be" />
    <testcase time="0.001583337783813477" name="tdefault_endian_expr_is_le" />
    <testcase time="0.001591205596923828" name="tdefault_endian_mod" />
    <testcase time="0.001555681228637695" name="tdocstrings" />
    <testcase time="0.001889944076538086" name="tdocstrings_docref" />
    <testcase time="0.001566410064697266" name="tdocstrings_docref_multi" />
    <testcase time="0.001697778701782227" name="tenum_0" />
    <testcase time="0.001562833786010742" name="tenum_1" />
    <testcase time="0.00173640251159668" name="tenum_deep" />
    <testcase time="0.001773595809936523" name="tenum_deep_literals" />
    <testcase time="0.001479625701904297" name="tenum_fancy" />
    <testcase time="0.00000000" name="tenum_if"><failure message="compile error" /></testcase>
    <testcase time="0.00000000" name="tenum_import"><failure message="compile error" /></testcase>
    <testcase time="0.001565694808959961" name="tenum_int_range_s" />
    <testcase time="0.001523971557617188" name="tenum_int_range_u" />
    <testcase time="0.00000000" name="tenum_long_range_s"><failure message="compile error" /></testcase>
    <testcase time="0.00000000" name="tenum_long_range_u"><failure message="compile error" /></testcase>
    <testcase time="0.001508951187133789" name="tenum_negative" />
    <testcase time="0.001826047897338867" name="tenum_of_value_inst" />
    <testcase time="0.001436948776245117" name="tenum_to_i" />
    <testcase time="0.00000000" name="tenum_to_i_class_border_1"><failure message="compile error" /></testcase>
    <testcase time="0.001547336578369141" name="texpr_0" />
    <testcase time="0.00000000" name="texpr_1"><failure message="compile error" /></testcase>
    <testcase time="0.00000000" name="texpr_2"><failure message="compile error" /></testcase>
    <testcase time="0.001595258712768555" name="texpr_3" />
    <testcase time="0.00000000" name="texpr_array"><failure message="compile error" /></testcase>
    <testcase time="0.00000000" name="texpr_bits"><failure message="compile error" /></testcase>
    <testcase time="0.00000000" name="texpr_bytes_cmp"><failure message="compile error" /></testcase>
    <testcase time="0.00000000" name="texpr_bytes_ops"><failure message="compile error" /></testcase>
    <testcase time="0.001754522323608398" name="texpr_calc_array_ops" />
    <testcase time="0.0015411376953125" name="texpr_enum" />
    <testcase time="0.00000000" name="texpr_io_eof"><failure message="compile error" /></testcase>
    <testcase time="0.00000000" name="texpr_io_pos"><failure message="compile error" /></testcase>
    <testcase time="0.001572608947753906" name="texpr_mod" />
    <testcase time="0.00000000" name="texpr_ops_parens"><failure message="compile error" /></testcase>
    <testcase time="0.001602888107299805" name="texpr_sizeof_type_0" />
    <testcase time="0.00164031982421875" name="texpr_sizeof_type_1" />
    <testcase time="0.001529216766357422" name="texpr_sizeof_value_0" />
    <testcase time="0.001667022705078125" name="texpr_sizeof_value_sized" />
    <testcase time="0.00000000" name="texpr_str_ops"><failure message="compile error" /></testcase>
    <testcase time="0.001587867736816406" name="tfixed_contents" />
    <testcase time="0.00152897834777832" name="tfixed_struct" />
    <testcase time="0.001434326171875" name="tfloat_to_i" />
    <testcase time="0.00000000" name="tfloating_points"><failure message="compile error" /></testcase>
    <testcase time="0.001995325088500977" name="thello_world" />
    <testcase time="0.00000000" name="tif_instances"><failure message="compile error" /></testcase>
    <testcase time="0.00000000" name="tif_struct"><failure message="compile error" /></testcase>
    <testcase time="0.00000000" name="tif_values"><failure message="compile error" /></testcase>
    <testcase time="0.001478672027587891" name="timports0" />
    <testcase time="0.00000000" name="timports_abs"><failure message="compile error" /></testcase>
    <testcase time="0.00000000" name="tindex_sizes"><failure message="compile error" /></testcase>
    <testcase time="0.00000000" name="tindex_to_param_eos"><failure message="compile error" /></testcase>
    <testcase time="0.00000000" name="tindex_to_param_expr"><failure message="compile error" /></testcase>
    <testcase time="0.00000000" name="tindex_to_param_until"><failure message="compile error" /></testcase>
    <testcase time="0.00000000" name="tinstance_io_user"><failure message="compile error" /></testcase>
    <testcase time="0.001648664474487305" name="tinstance_std" />
    <testcase time="0.00000000" name="tinstance_std_array"><failure message="compile error" /></testcase>
    <testcase time="0.00000000" name="tinstance_user_array"><failure message="compile error" /></testcase>
    <testcase time="0.001771926879882812" name="tintegers" />
    <testcase time="0.00000000" name="tintegers_min_max"><failure message="compile error" /></testcase>
    <testcase time="0.00000000" name="tio_local_var"><failure message="compile error" /></testcase>
    <testcase time="0.00000000" name="tjs_signed_right_shift"><failure message="compile error" /></testcase>
    <testcase time="0.001624345779418945" name="tmeta_tags" />
    <testcase time="0.001562595367431641" name="tmeta_xref" />
    <testcase time="0.001555919647216797" name="tmultiple_use" />
    <testcase time="0.00000000" name="tnav_parent"><failure message="compile error" /></testcase>
    <testcase time="0.00000000" name="tnav_parent2"><failure message="compile error" /></testcase>
    <testcase time="0.00000000" name="tnav_parent3"><failure message="compile error" /></testcase>
    <testcase time="0.00000000" name="tnav_parent_false"><failure message="compile error" /></testcase>
    <testcase time="0.001451730728149414" name="tnav_parent_false2" />
    <testcase time="0.00000000" name="tnav_parent_override"><failure message="compile error" /></testcase>
    <testcase time="0.00000000" name="tnav_parent_switch"><failure message="compile error" /></testcase>
    <testcase time="0.00000000" name="tnav_parent_switch_cast"><failure message="compile error" /></testcase>
    <testcase time="0.001662969589233398" name="tnav_parent_vs_value_inst" />
    <testcase time="0.00000000" name="tnav_root"><failure message="compile error" /></testcase>
    <testcase time="0.001586437225341797" name="tnested_same_name" />
    <testcase time="0.001534461975097656" name="tnested_same_name2" />
    <testcase time="0.001679897308349609" name="tnested_types" />
    <testcase time="0.001576423645019531" name="tnested_types2" />
    <testcase time="0.001447439193725586" name="tnested_types3" />
    <testcase time="0.00000000" name="tnon_standard"><failure message="compile error" /></testcase>
    <testcase time="0.00000000" name="tparams_call_extra_parens"><failure message="compile error" /></testcase>
    <testcase time="0.00000000" name="tparams_call_short"><failure message="compile error" /></testcase>
    <testcase time="0.00000000" name="tparams_enum"><failure message="compile error" /></testcase>
    <testcase time="0.00000000" name="tparams_pass_usertype"><failure message="compile error" /></testcase>
    <testcase time="0.00000000" name="tposition_abs"><failure message="compile error" /></testcase>
    <testcase time="0.00000000" name="tposition_in_seq"><failure message="compile error" /></testcase>
    <testcase time="0.00000000" name="tposition_to_end"><failure message="compile error" /></testcase>
    <testcase time="0.00000000" name="tprocess_coerce_bytes"><failure message="compile error" /></testcase>
    <testcase time="0.00000000" name="tprocess_coerce_switch"><failure message="compile error" /></testcase>
    <testcase time="0.00000000" name="tprocess_coerce_usertype1"><failure message="compile error" /></testcase>
    <testcase time="0.00000000" name="tprocess_coerce_usertype2"><failure message="compile error" /></testcase>
    <testcase time="0.00000000" name="tprocess_custom"><failure message="compile error" /></testcase>
    <testcase time="0.00000000" name="tprocess_custom_no_args"><failure message="compile error" /></testcase>
    <testcase time="0.00000000" name="tprocess_repeat_bytes"><failure message="compile error" /></testcase>
    <testcase time="0.00000000" name="tprocess_repeat_usertype"><failure message="compile error" /></testcase>
    <testcase time="0.00000000" name="tprocess_rotate"><failure message="compile error" /></testcase>
    <testcase time="0.00000000" name="tprocess_to_user"><failure message="compile error" /></testcase>
    <testcase time="0.00000000" name="tprocess_xor4_const"><failure message="compile error" /></testcase>
    <testcase time="0.00000000" name="tprocess_xor4_value"><failure message="compile error" /></testcase>
    <testcase time="0.00000000" name="tprocess_xor_const"><failure message="compile error" /></testcase>
    <testcase time="0.00000000" name="tprocess_xor_value"><failure message="compile error" /></testcase>
    <testcase time="0.00000000" name="trecursive_one"><failure message="compile error" /></testcase>
    <testcase time="0.001539707183837891" name="trepeat_eos_bit"><failure /></testcase>
    <testcase time="0.001772165298461914" name="trepeat_eos_struct" />
    <testcase time="0.00000000" name="trepeat_eos_u4"><failure message="compile error" /></testcase>
    <testcase time="0.00000000" name="trepeat_n_struct"><failure message="compile error" /></testcase>
    <testcase time="0.00000000" name="trepeat_n_strz"><failure message="compile error" /></testcase>
    <testcase time="0.00000000" name="trepeat_n_strz_double"><failure message="compile error" /></testcase>
    <testcase time="0.00000000" name="trepeat_until_complex"><failure message="compile error" /></testcase>
    <testcase time="0.00000000" name="trepeat_until_s4"><failure message="compile error" /></testcase>
    <testcase time="0.00000000" name="trepeat_until_sized"><failure message="compile error" /></testcase>
    <testcase time="0.00000000" name="tstr_combine"><failure message="compile error" /></testcase>
    <testcase time="0.00527644157409668" name="tstr_encodings" />
    <testcase time="0.001686573028564453" name="tstr_encodings_default" />
    <testcase time="0.001578569412231445" name="tstr_eos" />
    <testcase time="0.001523017883300781" name="tstr_literals2" />
    <testcase time="0.001565217971801758" name="tstr_pad_term" />
    <testcase time="0.001708745956420898" name="tstr_pad_term_empty" />
    <testcase time="0.001573324203491211" name="tswitch_bytearray" />
    <testcase time="0.001575231552124023" name="tswitch_else_only" />
    <testcase time="0.00000000" name="tswitch_integers"><failure message="compile error" /></testcase>
    <testcase time="0.00000000" name="tswitch_integers2"><failure message="compile error" /></testcase>
    <testcase time="0.001627683639526367" name="tswitch_manual_enum" />
    <testcase time="0.00000000" name="tswitch_manual_enum_invalid"><failure message="compile error" /></testcase>
    <testcase time="0.00000000" name="tswitch_manual_enum_invalid_else"><failure message="compile error" /></testcase>
    <testcase time="0.00000000" name="tswitch_manual_int"><failure message="compile error" /></testcase>
    <testcase time="0.001554965972900391" name="tswitch_manual_int_else" />
    <testcase time="0.00000000" name="tswitch_manual_int_size_else"><failure message="compile error" /></testcase>
    <testcase time="0.001724958419799805" name="tswitch_manual_str" />
    <testcase time="0.001574516296386719" name="tswitch_manual_str_else" />
    <testcase time="0.00159907341003418" name="tterm_bytes" />
    <testcase time="0.001634597778320312" name="tterm_strz" />
    <testcase time="0.001496076583862305" name="tts_packet_header" />
    <testcase time="0.00000000" name="ttype_int_unary_op"><failure message="compile error" /></testcase>
    <testcase time="0.00000000" name="ttype_ternary"><failure message="compile error" /></testcase>
    <testcase time="0.001489639282226562" name="tuser_type" />
    <testcase time="0.001561641693115234" name="tvalid_long" />
    <testcase time="0.00154423713684082" name="tvalid_not_parsed_if" />
    <testcase time="0.001585245132446289" name="tvalid_short" />
    <testcase time="0.001563549041748047" name="tvalid_switch" />
    <testcase time="0.00000000" name="tzlib_surrounded"><failure message="compile error" /></testcase>
    <testcase time="0.00000000" name="tzlib_with_header_78"><failure message="compile error" /></testcase>
  </testsuite></testsuites>