<testsuites>
  <testsuite tests="198" failures="6" errors="25" name="nim">
    <testcase time="0.00113606" name="tbcd_user_type_be" />
    <testcase time="0.00119591" name="tbcd_user_type_le" />
    <testcase time="0.00133061" name="tbits_byte_aligned" />
    <testcase time="0.00106454" name="tbits_enum" />
    <testcase time="0.00108933" name="tbits_seq_endian_combo" />
    <testcase time="0.00291634" name="tbits_shift_by_b32_le" />
    <testcase time="0.00146484" name="tbits_shift_by_b64_le" />
    <testcase time="0.00115275" name="tbits_signed_res_b32_be" />
    <testcase time="0.00100970" name="tbits_signed_res_b32_le" />
    <testcase time="0.00106764" name="tbits_signed_shift_b32_le" />
    <testcase time="0.01198292" name="tbits_signed_shift_b64_le" />
    <testcase time="0.00294995" name="tbits_simple" />
    <testcase time="0.00161958" name="tbits_simple_le" />
    <testcase time="0.00103116" name="tbits_unaligned_b32_be" />
    <testcase time="0.00136542" name="tbits_unaligned_b32_le" />
    <testcase time="0.00110054" name="tbits_unaligned_b64_be" />
    <testcase time="0.00096703" name="tbits_unaligned_b64_le" />
    <testcase time="0.00105429" name="tbuffered_struct" />
    <testcase time="0.00107360" name="tbytes_pad_term" />
    <testcase time="0.00106335" name="tcast_nested" />
    <testcase time="0.00137448" name="tcast_to_imported" />
    <testcase time="0.00105143" name="tcast_to_top" />
    <testcase time="0.00097704" name="tcombine_bool" />
    <testcase time="0.00120282" name="tcombine_bytes" />
    <testcase time="0.00100589" name="tcombine_enum" />
    <testcase time="0.00110579" name="tcombine_str" />
    <testcase time="0.00100255" name="tdebug_switch_user" />
    <testcase time="0.00267339" name="tdefault_big_endian" />
    <testcase time="0.00243020" name="tdefault_bit_endian_mod" />
    <testcase time="0.00118971" name="tdefault_endian_expr_inherited" />
    <testcase time="0.00115013" name="tdefault_endian_expr_is_be" />
    <testcase time="0.00103927" name="tdefault_endian_expr_is_le" />
    <testcase time="0.00108695" name="tdefault_endian_mod" />
    <testcase time="0.00124335" name="tdocstrings" />
    <testcase time="0.00106788" name="tdocstrings_docref" />
    <testcase time="0.00105762" name="tdocstrings_docref_multi" />
    <testcase time="0.00096059" name="tenum_0" />
    <testcase time="0.00103593" name="tenum_1" />
    <testcase time="0.00127196" name="tenum_deep" />
    <testcase time="0.00102067" name="tenum_deep_literals" />
    <testcase time="0.00100255" name="tenum_fancy" />
    <testcase time="0.00106549" name="tenum_if" />
    <testcase time="0.00124931" name="tenum_import" />
    <testcase time="0.00126624" name="tenum_int_range_s" />
    <testcase time="0.00103641" name="tenum_int_range_u" />
    <testcase time="0.00000000" name="tenum_invalid">
      <failure message="/tests/spec/nim/tenum_invalid.nim(10, 15) Error: type mismatch: got &amp;lt;EnumInvalid_Animal, int literal(111)&amp;gt;
but expected one of:
proc `==`[Enum: enum](x, y: Enum): bool
  first type mismatch at position: 2
  required type for y: Enum: enum
  but expression &amp;apos;111&amp;apos; is of type: int literal(111)
proc `==`[T: tuple | object](x, y: T): bool
  first type mismatch at position: 2
  required type for y: T: tuple or object
  but expression &amp;apos;111&amp;apos; is of type: int literal(111)
proc `==`[T](a, b: Option[T]): bool
  first type mismatch at position: 2
  required type for b: Option[==.T]
  but expression &amp;apos;111&amp;apos; is of type: int literal(111)
30 other mismatching symbols have been suppressed; compile with --showAllMismatches:on to see them

expression: r.pet2 == 111
" />
    </testcase>
    <testcase time="0.00098252" name="tenum_long_range_s" />
    <testcase time="0.00120425" name="tenum_long_range_u" />
    <testcase time="0.00098443" name="tenum_negative" />
    <testcase time="0.00102973" name="tenum_of_value_inst" />
    <testcase time="0.00103831" name="tenum_to_i" />
    <testcase time="0.00000000" name="tenum_to_i_class_border_1">
      <failure message="/tests/compiled/nim/enum_to_i_class_border_1.nim(13, 20) Error: undeclared identifier: &amp;apos;EnumToIClassBorder2&amp;apos;
candidates (edit distance, scope distance); see &amp;apos;--spellSuggest&amp;apos;: 
 (1, 0): &amp;apos;EnumToIClassBorder1&amp;apos; [type declared in /tests/compiled/nim/enum_to_i_class_border_1.nim(7, 3)]
 (1, 0): &amp;apos;enum_to_i_class_border_2&amp;apos; [module declared in /tests/compiled/nim/enum_to_i_class_border_1.nim(5, 8)]
This might be caused by a recursive module dependency:
/tests/compiled/nim/enum_to_i_class_border_2.nim imports /tests/compiled/nim/enum_to_i_class_border_1.nim
/tests/compiled/nim/enum_to_i_class_border_1.nim imports /tests/compiled/nim/enum_to_i_class_border_2.nim
" />
    </testcase>
    <testcase time="0.00104976" name="texpr_0" />
    <testcase time="0.00106144" name="texpr_1" />
    <testcase time="0.00108957" name="texpr_2" />
    <testcase time="0.00102997" name="texpr_3" />
    <testcase time="0.00158787" name="texpr_array" />
    <testcase time="0.00105977" name="texpr_bits" />
    <testcase time="0.00107551" name="texpr_bytes_cmp" />
    <testcase time="0.00103307" name="texpr_bytes_non_literal" />
    <testcase time="0.00115252" name="texpr_bytes_ops" />
    <testcase time="0.00110221" name="texpr_calc_array_ops" />
    <testcase time="0.00104046" name="texpr_enum" />
    <testcase time="0.00147581" name="texpr_if_int_ops" />
    <testcase time="0.00102496" name="texpr_int_div">
      <failure message="/tests/spec/nim/texpr_int_div.nim(12) texpr_int_div
/nim/lib/system/assertions.nim(38) failedAssertImpl
/nim/lib/system/assertions.nim(28) raiseAssert
/nim/lib/system/fatal.nim(53) sysFatal
Error: unhandled exception: /tests/spec/nim/texpr_int_div.nim(12, 8) `r.divNegConst == -757`  [AssertionDefect]
" />
    </testcase>
    <testcase time="0.00109076" name="texpr_io_eof" />
    <testcase time="0.00122952" name="texpr_io_pos" />
    <testcase time="0.00105929" name="texpr_mod" />
    <testcase time="0.00103903" name="texpr_ops_parens" />
    <testcase time="0.00102997" name="texpr_sizeof_type_0" />
    <testcase time="0.00103593" name="texpr_sizeof_type_1" />
    <testcase time="0.00109935" name="texpr_sizeof_value_0" />
    <testcase time="0.00110364" name="texpr_sizeof_value_sized" />
    <testcase time="0.17430377" name="texpr_str_encodings">
      <failure message="Traceback (most recent call last)
/tests/spec/nim/texpr_str_encodings.nim(7) texpr_str_encodings
/tests/compiled/nim/expr_str_encodings.nim(122) fromFile
/tests/compiled/nim/expr_str_encodings.nim(62) read
/root/.nimble/pkgs/kaitai_struct_nim_runtime-#head/kaitai_struct_nim_runtime.nim(333) encode
/nim/lib/pure/encodings.nim(507) convert
/nim/lib/pure/encodings.nim(467) convert
SIGSEGV: Illegal storage access. (Attempt to read from nil?)
" />
    </testcase>
    <testcase time="0.00110078" name="texpr_str_ops" />
    <testcase time="0.00108767" name="tfixed_contents" />
    <testcase time="0.00126934" name="tfixed_struct" />
    <testcase time="0.00111604" name="tfloat_to_i" />
    <testcase time="0.00112391" name="tfloating_points">
      <failure message="/tests/spec/nim/tfloating_points.nim(13) tfloating_points
/nim/lib/system/assertions.nim(38) failedAssertImpl
/nim/lib/system/assertions.nim(28) raiseAssert
/nim/lib/system/fatal.nim(53) sysFatal
Error: unhandled exception: /tests/spec/nim/tfloating_points.nim(13, 8) `r.approximateValue == 1.2345`  [AssertionDefect]
" />
    </testcase>
    <testcase time="0.00106096" name="thello_world" />
    <testcase time="0.00104451" name="tif_instances" />
    <testcase time="0.00113273" name="tif_struct" />
    <testcase time="0.00113440" name="tif_values" />
    <testcase time="0.00107908" name="timports0" />
    <testcase time="0.00000000" name="timports_abs">
      <failure message="/tests/compiled/nim/imports_abs.nim(3, 15) Error: cannot open file: /common/vlq_base128_le
" />
    </testcase>
    <testcase time="0.00000000" name="timports_circular_a">
      <failure message="/tests/compiled/nim/imports_circular_a.nim(9, 13) Error: undeclared identifier: &amp;apos;ImportsCircularB&amp;apos;
candidates (edit distance, scope distance); see &amp;apos;--spellSuggest&amp;apos;: 
 (1, 0): &amp;apos;ImportsCircularA&amp;apos; [type declared in /tests/compiled/nim/imports_circular_a.nim(7, 3)]
 (1, 0): &amp;apos;imports_circular_b&amp;apos; [module declared in /tests/compiled/nim/imports_circular_a.nim(5, 8)]
This might be caused by a recursive module dependency:
/tests/compiled/nim/imports_circular_b.nim imports /tests/compiled/nim/imports_circular_a.nim
/tests/compiled/nim/imports_circular_a.nim imports /tests/compiled/nim/imports_circular_b.nim
" />
    </testcase>
    <testcase time="0.00000000" name="timports_rel_1">
      <failure message="/tests/compiled/nim/imports_rel_1.nim(3, 23) Error: cannot open file: for_rel_imports/imported_1
" />
    </testcase>
    <testcase time="0.00109863" name="tindex_sizes" />
    <testcase time="0.00122976" name="tindex_to_param_eos" />
    <testcase time="0.00110340" name="tindex_to_param_expr" />
    <testcase time="0.00104475" name="tindex_to_param_until" />
    <testcase time="0.00113082" name="tinstance_io_user" />
    <testcase time="0.00112510" name="tinstance_std" />
    <testcase time="0.00110865" name="tinstance_std_array" />
    <testcase time="0.00000000" name="tinstance_user_array">
      <failure message="/tests/compiled/nim/instance_user_array.nim(46, 33) Error: type mismatch: got &amp;apos;seq[byte]&amp;apos; for &amp;apos;rawUserEntriesInstExpr&amp;apos; but expected &amp;apos;seq[seq[byte]]&amp;apos;
" />
    </testcase>
    <testcase time="0.00106955" name="tintegers" />
    <testcase time="0.00137091" name="tintegers_double_overflow" />
    <testcase time="0.00000000" name="tintegers_min_max">
      <failure message="/tests/spec/nim/tintegers_min_max.nim(26, 29) Error: number out of range: &amp;apos;9223372036854775808&amp;apos;u64&amp;apos;
" />
    </testcase>
    <testcase time="0.00000000" name="tio_local_var">
      <failure message="/tests/compiled/nim/io_local_var.nim(59, 25) Error: type mismatch: got &amp;apos;seq[byte]&amp;apos; for &amp;apos;messUpInstExpr&amp;apos; but expected &amp;apos;KaitaiStruct = ref KaitaiStruct:ObjectType&amp;apos;
" />
    </testcase>
    <testcase time="0.00103688" name="tjs_signed_right_shift" />
    <testcase time="0.00114799" name="tmeta_tags" />
    <testcase time="0.00102782" name="tmeta_xref" />
    <testcase time="0.00104880" name="tmultiple_use" />
    <testcase time="0.00110698" name="tnav_parent" />
    <testcase time="0.00105858" name="tnav_parent2" />
    <testcase time="0.00109220" name="tnav_parent3" />
    <testcase time="0.00129795" name="tnav_parent_false" />
    <testcase time="0.00120115" name="tnav_parent_false2" />
    <testcase time="0.00104809" name="tnav_parent_override" />
    <testcase time="0.00126433" name="tnav_parent_switch" />
    <testcase time="0.00000000" name="tnav_parent_switch_cast">
      <failure message="/tests/compiled/nim/nav_parent_switch_cast.nim(120, 64) Error: undeclared field: &amp;apos;parent&amp;apos; for type kaitai_struct_nim_runtime.KaitaiStruct [type declared in /root/.nimble/pkgs/kaitai_struct_nim_runtime-#head/kaitai_struct_nim_runtime.nim(5, 3)]
" />
    </testcase>
    <testcase time="0.00107265" name="tnav_parent_vs_value_inst" />
    <testcase time="0.00108910" name="tnav_root" />
    <testcase time="0.00105739" name="tnested_same_name" />
    <testcase time="0.00135136" name="tnested_same_name2" />
    <testcase time="0.00119734" name="tnested_type_param" />
    <testcase time="0.00107670" name="tnested_types" />
    <testcase time="0.00105143" name="tnested_types2" />
    <testcase time="0.00121093" name="tnested_types3" />
    <testcase time="0.00100374" name="tnon_standard" />
    <testcase time="0.00099587" name="tparams_call_extra_parens" />
    <testcase time="0.00112963" name="tparams_call_short" />
    <testcase time="0.00103426" name="tparams_enum" />
    <testcase time="0.00135827" name="tparams_pass_array_int" />
    <testcase time="0.00119472" name="tparams_pass_array_str" />
    <testcase time="0.00102949" name="tparams_pass_array_struct" />
    <testcase time="0.00100589" name="tparams_pass_array_usertype" />
    <testcase time="0.00100350" name="tparams_pass_bool" />
    <testcase time="0.00117064" name="tparams_pass_struct" />
    <testcase time="0.00121069" name="tparams_pass_usertype" />
    <testcase time="0.00140023" name="tposition_abs" />
    <testcase time="0.00109124" name="tposition_in_seq" />
    <testcase time="0.00411248" name="tposition_to_end" />
    <testcase time="0.00111461" name="tprocess_coerce_bytes" />
    <testcase time="0.00000000" name="tprocess_coerce_switch">
      <failure message="/tests/spec/nim/tprocess_coerce_switch.nim(7, 28) template/generic instantiation of `fromFile` from here
/tests/compiled/nim/process_coerce_switch.nim(75, 22) template/generic instantiation of `read` from here
/tests/compiled/nim/process_coerce_switch.nim(48, 26) Error: type mismatch: got &amp;apos;seq[byte]&amp;apos; for &amp;apos;bufUnprocExpr&amp;apos; but expected &amp;apos;KaitaiStruct = ref KaitaiStruct:ObjectType&amp;apos;
" />
    </testcase>
    <testcase time="0.00108075" name="tprocess_coerce_usertype1" />
    <testcase time="0.00111771" name="tprocess_coerce_usertype2" />
    <testcase time="0.00000000" name="tprocess_custom">
      <failure message="/tests/compiled/nim/process_custom.nim(3, 8) Error: cannot open file: my_custom_fx
" />
    </testcase>
    <testcase time="0.00000000" name="tprocess_custom_no_args">
      <failure message="/tests/compiled/nim/process_custom_no_args.nim(3, 8) Error: cannot open file: custom_fx_no_args
" />
    </testcase>
    <testcase time="0.00102496" name="tprocess_repeat_bytes" />
    <testcase time="0.00000000" name="tprocess_repeat_usertype">
      <failure message="/tests/spec/nim/tprocess_repeat_usertype.nim(7, 30) template/generic instantiation of `fromFile` from here
/tests/compiled/nim/process_repeat_usertype.nim(37, 24) template/generic instantiation of `read` from here
/tests/compiled/nim/process_repeat_usertype.nim(30, 9) Error: redefinition of &amp;apos;buf&amp;apos;; previous declaration here: /tests/compiled/nim/process_repeat_usertype.nim(28, 9)
" />
    </testcase>
    <testcase time="0.00161481" name="tprocess_rotate" />
    <testcase time="0.00112939" name="tprocess_to_user" />
    <testcase time="0.00104213" name="tprocess_xor4_const" />
    <testcase time="0.00117135" name="tprocess_xor4_value" />
    <testcase time="0.00108790" name="tprocess_xor_const" />
    <testcase time="0.00113344" name="tprocess_xor_value" />
    <testcase time="0.00130415" name="trecursive_one" />
    <testcase time="0.00104856" name="trepeat_eos_bit" />
    <testcase time="0.00118136" name="trepeat_eos_struct" />
    <testcase time="0.00104213" name="trepeat_eos_u4" />
    <testcase time="0.00110841" name="trepeat_n_struct" />
    <testcase time="0.00119209" name="trepeat_n_strz" />
    <testcase time="0.00114393" name="trepeat_n_strz_double" />
    <testcase time="0.00000000" name="trepeat_until_calc_array_type">
      <failure message="/tests/spec/nim/trepeat_until_calc_array_type.nim(7, 33) template/generic instantiation of `fromFile` from here
/tests/compiled/nim/repeat_until_calc_array_type.nim(61, 27) template/generic instantiation of `read` from here
/tests/compiled/nim/repeat_until_calc_array_type.nim(36, 25) Error: type mismatch: got &amp;apos;seq[byte]&amp;apos; for &amp;apos;rawRecordsExpr&amp;apos; but expected &amp;apos;seq[seq[byte]]&amp;apos;
" />
    </testcase>
    <testcase time="0.00114346" name="trepeat_until_complex" />
    <testcase time="0.00112486" name="trepeat_until_s4" />
    <testcase time="0.00000000" name="trepeat_until_sized">
      <failure message="/tests/spec/nim/trepeat_until_sized.nim(7, 25) template/generic instantiation of `fromFile` from here
/tests/compiled/nim/repeat_until_sized.nim(39, 19) template/generic instantiation of `read` from here
/tests/compiled/nim/repeat_until_sized.nim(30, 25) Error: type mismatch: got &amp;apos;seq[byte]&amp;apos; for &amp;apos;rawRecordsExpr&amp;apos; but expected &amp;apos;seq[seq[byte]]&amp;apos;
" />
    </testcase>
    <testcase time="0.12488723" name="tstr_encodings">
      <failure message="Traceback (most recent call last)
/tests/spec/nim/tstr_encodings.nim(7) tstr_encodings
/tests/compiled/nim/str_encodings.nim(45) fromFile
/tests/compiled/nim/str_encodings.nim(41) read
/root/.nimble/pkgs/kaitai_struct_nim_runtime-#head/kaitai_struct_nim_runtime.nim(333) encode
/nim/lib/pure/encodings.nim(507) convert
/nim/lib/pure/encodings.nim(467) convert
SIGSEGV: Illegal storage access. (Attempt to read from nil?)
" />
    </testcase>
    <testcase time="0.12632871" name="tstr_encodings_default">
      <failure message="Traceback (most recent call last)
/tests/spec/nim/tstr_encodings_default.nim(7) tstr_encodings_default
/tests/compiled/nim/str_encodings_default.nim(39) fromFile
/tests/compiled/nim/str_encodings_default.nim(35) read
/tests/compiled/nim/str_encodings_default.nim(59) read
/root/.nimble/pkgs/kaitai_struct_nim_runtime-#head/kaitai_struct_nim_runtime.nim(333) encode
/nim/lib/pure/encodings.nim(507) convert
/nim/lib/pure/encodings.nim(467) convert
SIGSEGV: Illegal storage access. (Attempt to read from nil?)
" />
    </testcase>
    <testcase time="0.00111246" name="tstr_encodings_utf16" />
    <testcase time="0.00129390" name="tstr_eos" />
    <testcase time="0.00106859" name="tstr_literals2" />
    <testcase time="0.00103474" name="tstr_pad_term" />
    <testcase time="0.00105286" name="tstr_pad_term_empty" />
    <testcase time="0.00127602" name="tswitch_bytearray" />
    <testcase time="0.00112200" name="tswitch_else_only" />
    <testcase time="0.00101328" name="tswitch_integers" />
    <testcase time="0.00118637" name="tswitch_integers2" />
    <testcase time="0.00118089" name="tswitch_manual_enum" />
    <testcase time="0.00000000" name="tswitch_manual_enum_invalid">
      <failure message="/tests/spec/nim/tswitch_manual_enum_invalid.nim(10, 26) Error: type mismatch: got &amp;lt;SwitchManualEnumInvalid_Opcode_CodeEnum, int literal(255)&amp;gt;
but expected one of:
proc `==`[Enum: enum](x, y: Enum): bool
  first type mismatch at position: 2
  required type for y: Enum: enum
  but expression &amp;apos;255&amp;apos; is of type: int literal(255)
proc `==`[T: tuple | object](x, y: T): bool
  first type mismatch at position: 2
  required type for y: T: tuple or object
  but expression &amp;apos;255&amp;apos; is of type: int literal(255)
proc `==`[T](a, b: Option[T]): bool
  first type mismatch at position: 2
  required type for b: Option[==.T]
  but expression &amp;apos;255&amp;apos; is of type: int literal(255)
30 other mismatching symbols have been suppressed; compile with --showAllMismatches:on to see them

expression: r.opcodes[0].code == 255
" />
    </testcase>
    <testcase time="0.00000000" name="tswitch_manual_enum_invalid_else">
      <failure message="/tests/spec/nim/tswitch_manual_enum_invalid_else.nim(10, 26) Error: type mismatch: got &amp;lt;SwitchManualEnumInvalidElse_Opcode_CodeEnum, int literal(255)&amp;gt;
but expected one of:
proc `==`[Enum: enum](x, y: Enum): bool
  first type mismatch at position: 2
  required type for y: Enum: enum
  but expression &amp;apos;255&amp;apos; is of type: int literal(255)
proc `==`[T: tuple | object](x, y: T): bool
  first type mismatch at position: 2
  required type for y: T: tuple or object
  but expression &amp;apos;255&amp;apos; is of type: int literal(255)
proc `==`[T](a, b: Option[T]): bool
  first type mismatch at position: 2
  required type for b: Option[==.T]
  but expression &amp;apos;255&amp;apos; is of type: int literal(255)
30 other mismatching symbols have been suppressed; compile with --showAllMismatches:on to see them

expression: r.opcodes[0].code == 255
" />
    </testcase>
    <testcase time="0.00161576" name="tswitch_manual_int" />
    <testcase time="0.00150728" name="tswitch_manual_int_else" />
    <testcase time="0.00000000" name="tswitch_manual_int_size">
      <failure message="/tests/spec/nim/tswitch_manual_int_size.nim(7, 28) template/generic instantiation of `fromFile` from here
/tests/compiled/nim/switch_manual_int_size.nim(44, 22) template/generic instantiation of `read` from here
/tests/compiled/nim/switch_manual_int_size.nim(39, 41) template/generic instantiation of `read` from here
/tests/compiled/nim/switch_manual_int_size.nim(74, 19) Error: type mismatch: got &amp;apos;seq[byte]&amp;apos; for &amp;apos;bodyExpr&amp;apos; but expected &amp;apos;KaitaiStruct = ref KaitaiStruct:ObjectType&amp;apos;
" />
    </testcase>
    <testcase time="0.00000000" name="tswitch_manual_int_size_else">
      <failure message="/tests/spec/nim/tswitch_manual_int_size_else.nim(18, 8) template/generic instantiation of `assert` from here
/tests/spec/nim/auxiliary/test_utils.nim(12, 32) Error: type mismatch: got &amp;apos;empty&amp;apos; for &amp;apos;expected[i]&amp;apos; but expected &amp;apos;byte = uint8&amp;apos;
" />
    </testcase>
    <testcase time="0.00000000" name="tswitch_manual_int_size_eos">
      <failure message="/tests/spec/nim/tswitch_manual_int_size_eos.nim(7, 31) template/generic instantiation of `fromFile` from here
/tests/compiled/nim/switch_manual_int_size_eos.nim(49, 25) template/generic instantiation of `read` from here
/tests/compiled/nim/switch_manual_int_size_eos.nim(44, 44) template/generic instantiation of `read` from here
/tests/compiled/nim/switch_manual_int_size_eos.nim(66, 50) template/generic instantiation of `read` from here
/tests/compiled/nim/switch_manual_int_size_eos.nim(96, 19) Error: type mismatch: got &amp;apos;seq[byte]&amp;apos; for &amp;apos;bodyExpr&amp;apos; but expected &amp;apos;KaitaiStruct = ref KaitaiStruct:ObjectType&amp;apos;
" />
    </testcase>
    <testcase time="0.00114059" name="tswitch_manual_str" />
    <testcase time="0.00106478" name="tswitch_manual_str_else" />
    <testcase time="0.00109482" name="tswitch_multi_bool_ops" />
    <testcase time="0.00000000" name="tswitch_repeat_expr">
      <failure message="/tests/spec/nim/tswitch_repeat_expr.nim(7, 25) template/generic instantiation of `fromFile` from here
/tests/compiled/nim/switch_repeat_expr.nim(55, 19) template/generic instantiation of `read` from here
/tests/compiled/nim/switch_repeat_expr.nim(40, 24) Error: type mismatch: got &amp;apos;seq[byte]&amp;apos; for &amp;apos;rawBodyExpr&amp;apos; but expected &amp;apos;seq[seq[byte]]&amp;apos;
" />
    </testcase>
    <testcase time="0.00000000" name="tswitch_repeat_expr_invalid">
      <failure message="/tests/spec/nim/tswitch_repeat_expr_invalid.nim(7, 32) template/generic instantiation of `fromFile` from here
/tests/compiled/nim/switch_repeat_expr_invalid.nim(55, 26) template/generic instantiation of `read` from here
/tests/compiled/nim/switch_repeat_expr_invalid.nim(40, 24) Error: type mismatch: got &amp;apos;seq[byte]&amp;apos; for &amp;apos;rawBodyExpr&amp;apos; but expected &amp;apos;seq[seq[byte]]&amp;apos;
" />
    </testcase>
    <testcase time="0.00131583" name="tterm_bytes" />
    <testcase time="0.00106072" name="tterm_strz" />
    <testcase time="0.00128746" name="tterm_u1_val" />
    <testcase time="0.00115919" name="tts_packet_header" />
    <testcase time="0.00108099" name="ttype_int_unary_op" />
    <testcase time="0.00141621" name="ttype_ternary" />
    <testcase time="0.00133967" name="ttype_ternary_2nd_falsy" />
    <testcase time="0.00103831" name="tuser_type" />
    <testcase time="0.12306023" name="tvalid_eq_str_encodings">
      <failure message="Traceback (most recent call last)
/tests/spec/nim/tvalid_eq_str_encodings.nim(7) tvalid_eq_str_encodings
/tests/compiled/nim/valid_eq_str_encodings.nim(45) fromFile
/tests/compiled/nim/valid_eq_str_encodings.nim(41) read
/root/.nimble/pkgs/kaitai_struct_nim_runtime-#head/kaitai_struct_nim_runtime.nim(333) encode
/nim/lib/pure/encodings.nim(507) convert
/nim/lib/pure/encodings.nim(467) convert
SIGSEGV: Illegal storage access. (Attempt to read from nil?)
" />
    </testcase>
    <testcase time="0.00103641" name="tvalid_long" />
    <testcase time="0.00106478" name="tvalid_not_parsed_if" />
    <testcase time="0.00117493" name="tvalid_short" />
    <testcase time="0.00116110" name="tvalid_switch" />
    <testcase time="0.00000000" name="tyaml_ints">
      <failure message="/tests/compiled/nim/yaml_ints.nim(51, 30) Error: 18446744073709551615 can&amp;apos;t be converted to int
" />
    </testcase>
    <testcase time="0.00000000" name="tzlib_surrounded">
      <failure message="/tests/spec/nim/tzlib_surrounded.nim(7, 23) template/generic instantiation of `fromFile` from here
/tests/compiled/nim/zlib_surrounded.nim(41, 17) template/generic instantiation of `read` from here
/tests/compiled/nim/zlib_surrounded.nim(32, 36) Error: attempting to call undeclared routine: &amp;apos;processZlib&amp;apos;
" />
    </testcase>
    <testcase time="0.00000000" name="tzlib_with_header_78">
      <failure message="/tests/spec/nim/tzlib_with_header_78.nim(7, 25) template/generic instantiation of `fromFile` from here
/tests/compiled/nim/zlib_with_header_78.nim(27, 19) template/generic instantiation of `read` from here
/tests/compiled/nim/zlib_with_header_78.nim(23, 30) Error: attempting to call undeclared routine: &amp;apos;processZlib&amp;apos;
" />
    </testcase>
  </testsuite>
</testsuites>