<testsuites><testsuite tests="156" failures="1" errors="82" name="tests">
    <testcase time="0.001842021942138672" name="tbcd_user_type_be" />
    <testcase time="0.002206087112426758" name="tbcd_user_type_le" />
    <testcase time="0.00000000" name="tbits_byte_aligned"><failure message="compile error" /></testcase>
    <testcase time="0.001875400543212891" name="tbits_enum" />
    <testcase time="0.001650571823120117" name="tbits_simple" />
    <testcase time="0.001670122146606445" name="tbuffered_struct" />
    <testcase time="0.001748323440551758" name="tbytes_pad_term" />
    <testcase time="0.00000000" name="tcast_nested"><failure message="compile error" /></testcase>
    <testcase time="0.001934528350830078" name="tcast_to_imported" />
    <testcase time="0.001967906951904297" name="tcast_to_top" />
    <testcase time="0.00000000" name="tdebug_switch_user"><failure message="compile error" /></testcase>
    <testcase time="0.001855134963989258" name="tdefault_big_endian" />
    <testcase time="0.001837253570556641" name="tdefault_endian_expr_inherited" />
    <testcase time="0.001800298690795898" name="tdefault_endian_expr_is_be" />
    <testcase time="0.001795291900634766" name="tdefault_endian_expr_is_le" />
    <testcase time="0.001719951629638672" name="tdefault_endian_mod" />
    <testcase time="0.001447677612304688" name="tdocstrings" />
    <testcase time="0.001603364944458008" name="tdocstrings_docref" />
    <testcase time="0.001573085784912109" name="tdocstrings_docref_multi" />
    <testcase time="0.001673698425292969" name="tenum_0" />
    <testcase time="0.001631498336791992" name="tenum_1" />
    <testcase time="0.001537799835205078" name="tenum_deep" />
    <testcase time="0.001673698425292969" name="tenum_deep_literals" />
    <testcase time="0.00163722038269043" name="tenum_fancy" />
    <testcase time="0.00000000" name="tenum_if"><failure message="compile error" /></testcase>
    <testcase time="0.00000000" name="tenum_import"><failure message="compile error" /></testcase>
    <testcase time="0.0015716552734375" name="tenum_int_range_s" />
    <testcase time="0.001897811889648438" name="tenum_int_range_u" />
    <testcase time="0.00000000" name="tenum_long_range_s"><failure message="compile error" /></testcase>
    <testcase time="0.00000000" name="tenum_long_range_u"><failure message="compile error" /></testcase>
    <testcase time="0.001709938049316406" name="tenum_negative" />
    <testcase time="0.001828193664550781" name="tenum_of_value_inst" />
    <testcase time="0.001588106155395508" name="tenum_to_i" />
    <testcase time="0.00000000" name="tenum_to_i_class_border_1"><failure message="compile error" /></testcase>
    <testcase time="0.001718521118164062" name="texpr_0" />
    <testcase time="0.00000000" name="texpr_1"><failure message="compile error" /></testcase>
    <testcase time="0.00000000" name="texpr_2"><failure message="compile error" /></testcase>
    <testcase time="0.001613140106201172" name="texpr_3" />
    <testcase time="0.00000000" name="texpr_array"><failure message="compile error" /></testcase>
    <testcase time="0.00000000" name="texpr_bits"><failure message="compile error" /></testcase>
    <testcase time="0.00000000" name="texpr_bytes_cmp"><failure message="compile error" /></testcase>
    <testcase time="0.00000000" name="texpr_bytes_ops"><failure message="compile error" /></testcase>
    <testcase time="0.001688957214355469" name="texpr_calc_array_ops" />
    <testcase time="0.00148773193359375" name="texpr_enum" />
    <testcase time="0.00000000" name="texpr_io_eof"><failure message="compile error" /></testcase>
    <testcase time="0.00000000" name="texpr_io_pos"><failure message="compile error" /></testcase>
    <testcase time="0.001643657684326172" name="texpr_mod" />
    <testcase time="0.00000000" name="texpr_ops_parens"><failure message="compile error" /></testcase>
    <testcase time="0.001653432846069336" name="texpr_sizeof_type_0" />
    <testcase time="0.001451015472412109" name="texpr_sizeof_type_1" />
    <testcase time="0.001588344573974609" name="texpr_sizeof_value_0" />
    <testcase time="0.002269268035888672" name="texpr_sizeof_value_sized" />
    <testcase time="0.00000000" name="texpr_str_ops"><failure message="compile error" /></testcase>
    <testcase time="0.00147700309753418" name="tfixed_contents" />
    <testcase time="0.001615762710571289" name="tfixed_struct" />
    <testcase time="0.001495838165283203" name="tfloat_to_i" />
    <testcase time="0.00000000" name="tfloating_points"><failure message="compile error" /></testcase>
    <testcase time="0.001569509506225586" name="thello_world" />
    <testcase time="0.00000000" name="tif_instances"><failure message="compile error" /></testcase>
    <testcase time="0.00000000" name="tif_struct"><failure message="compile error" /></testcase>
    <testcase time="0.00000000" name="tif_values"><failure message="compile error" /></testcase>
    <testcase time="0.001723766326904297" name="timports0" />
    <testcase time="0.00000000" name="timports_abs"><failure message="compile error" /></testcase>
    <testcase time="0.00000000" name="tindex_sizes"><failure message="compile error" /></testcase>
    <testcase time="0.00000000" name="tindex_to_param_eos"><failure message="compile error" /></testcase>
    <testcase time="0.00000000" name="tindex_to_param_expr"><failure message="compile error" /></testcase>
    <testcase time="0.00000000" name="tindex_to_param_until"><failure message="compile error" /></testcase>
    <testcase time="0.00000000" name="tinstance_io_user"><failure message="compile error" /></testcase>
    <testcase time="0.001689672470092773" name="tinstance_std" />
    <testcase time="0.00000000" name="tinstance_std_array"><failure message="compile error" /></testcase>
    <testcase time="0.00000000" name="tinstance_user_array"><failure message="compile error" /></testcase>
    <testcase time="0.001575469970703125" name="tintegers" />
    <testcase time="0.00000000" name="tintegers_min_max"><failure message="compile error" /></testcase>
    <testcase time="0.00000000" name="tio_local_var"><failure message="compile error" /></testcase>
    <testcase time="0.00000000" name="tjs_signed_right_shift"><failure message="compile error" /></testcase>
    <testcase time="0.001465082168579102" name="tmeta_tags" />
    <testcase time="0.001507759094238281" name="tmeta_xref" />
    <testcase time="0.001509904861450195" name="tmultiple_use" />
    <testcase time="0.00000000" name="tnav_parent"><failure message="compile error" /></testcase>
    <testcase time="0.00000000" name="tnav_parent2"><failure message="compile error" /></testcase>
    <testcase time="0.00000000" name="tnav_parent3"><failure message="compile error" /></testcase>
    <testcase time="0.00000000" name="tnav_parent_false"><failure message="compile error" /></testcase>
    <testcase time="0.001565456390380859" name="tnav_parent_false2" />
    <testcase time="0.00000000" name="tnav_parent_override"><failure message="compile error" /></testcase>
    <testcase time="0.00000000" name="tnav_parent_switch"><failure message="compile error" /></testcase>
    <testcase time="0.00000000" name="tnav_parent_switch_cast"><failure message="compile error" /></testcase>
    <testcase time="0.001631498336791992" name="tnav_parent_vs_value_inst" />
    <testcase time="0.00000000" name="tnav_root"><failure message="compile error" /></testcase>
    <testcase time="0.001555681228637695" name="tnested_same_name" />
    <testcase time="0.001507759094238281" name="tnested_same_name2" />
    <testcase time="0.001590967178344727" name="tnested_types" />
    <testcase time="0.001481771469116211" name="tnested_types2" />
    <testcase time="0.001548290252685547" name="tnested_types3" />
    <testcase time="0.00000000" name="tnon_standard"><failure message="compile error" /></testcase>
    <testcase time="0.00000000" name="tparams_call_extra_parens"><failure message="compile error" /></testcase>
    <testcase time="0.00000000" name="tparams_call_short"><failure message="compile error" /></testcase>
    <testcase time="0.00000000" name="tparams_enum"><failure message="compile error" /></testcase>
    <testcase time="0.00000000" name="tparams_pass_usertype"><failure message="compile error" /></testcase>
    <testcase time="0.00000000" name="tposition_abs"><failure message="compile error" /></testcase>
    <testcase time="0.00000000" name="tposition_in_seq"><failure message="compile error" /></testcase>
    <testcase time="0.00000000" name="tposition_to_end"><failure message="compile error" /></testcase>
    <testcase time="0.00000000" name="tprocess_coerce_bytes"><failure message="compile error" /></testcase>
    <testcase time="0.00000000" name="tprocess_coerce_switch"><failure message="compile error" /></testcase>
    <testcase time="0.00000000" name="tprocess_coerce_usertype1"><failure message="compile error" /></testcase>
    <testcase time="0.00000000" name="tprocess_coerce_usertype2"><failure message="compile error" /></testcase>
    <testcase time="0.00000000" name="tprocess_custom"><failure message="compile error" /></testcase>
    <testcase time="0.00000000" name="tprocess_custom_no_args"><failure message="compile error" /></testcase>
    <testcase time="0.00000000" name="tprocess_repeat_bytes"><failure message="compile error" /></testcase>
    <testcase time="0.00000000" name="tprocess_repeat_usertype"><failure message="compile error" /></testcase>
    <testcase time="0.00000000" name="tprocess_rotate"><failure message="compile error" /></testcase>
    <testcase time="0.00000000" name="tprocess_to_user"><failure message="compile error" /></testcase>
    <testcase time="0.00000000" name="tprocess_xor4_const"><failure message="compile error" /></testcase>
    <testcase time="0.00000000" name="tprocess_xor4_value"><failure message="compile error" /></testcase>
    <testcase time="0.00000000" name="tprocess_xor_const"><failure message="compile error" /></testcase>
    <testcase time="0.00000000" name="tprocess_xor_value"><failure message="compile error" /></testcase>
    <testcase time="0.00000000" name="trecursive_one"><failure message="compile error" /></testcase>
    <testcase time="0.00159001350402832" name="trepeat_eos_bit"><failure /></testcase>
    <testcase time="0.002124786376953125" name="trepeat_eos_struct" />
    <testcase time="0.00000000" name="trepeat_eos_u4"><failure message="compile error" /></testcase>
    <testcase time="0.00000000" name="trepeat_n_struct"><failure message="compile error" /></testcase>
    <testcase time="0.00000000" name="trepeat_n_strz"><failure message="compile error" /></testcase>
    <testcase time="0.00000000" name="trepeat_n_strz_double"><failure message="compile error" /></testcase>
    <testcase time="0.00000000" name="trepeat_until_complex"><failure message="compile error" /></testcase>
    <testcase time="0.00000000" name="trepeat_until_s4"><failure message="compile error" /></testcase>
    <testcase time="0.00000000" name="trepeat_until_sized"><failure message="compile error" /></testcase>
    <testcase time="0.00000000" name="tstr_combine"><failure message="compile error" /></testcase>
    <testcase time="0.005247831344604492" name="tstr_encodings" />
    <testcase time="0.001884222030639648" name="tstr_encodings_default" />
    <testcase time="0.001607418060302734" name="tstr_eos" />
    <testcase time="0.001585006713867188" name="tstr_literals2" />
    <testcase time="0.001608610153198242" name="tstr_pad_term" />
    <testcase time="0.001640081405639648" name="tstr_pad_term_empty" />
    <testcase time="0.001764535903930664" name="tswitch_bytearray" />
    <testcase time="0.001535177230834961" name="tswitch_else_only" />
    <testcase time="0.00000000" name="tswitch_integers"><failure message="compile error" /></testcase>
    <testcase time="0.00000000" name="tswitch_integers2"><failure message="compile error" /></testcase>
    <testcase time="0.001678705215454102" name="tswitch_manual_enum" />
    <testcase time="0.00000000" name="tswitch_manual_enum_invalid"><failure message="compile error" /></testcase>
    <testcase time="0.00000000" name="tswitch_manual_enum_invalid_else"><failure message="compile error" /></testcase>
    <testcase time="0.00000000" name="tswitch_manual_int"><failure message="compile error" /></testcase>
    <testcase time="0.001636505126953125" name="tswitch_manual_int_else" />
    <testcase time="0.00000000" name="tswitch_manual_int_size_else"><failure message="compile error" /></testcase>
    <testcase time="0.001668930053710938" name="tswitch_manual_str" />
    <testcase time="0.001828670501708984" name="tswitch_manual_str_else" />
    <testcase time="0.001604318618774414" name="tterm_bytes" />
    <testcase time="0.001780509948730469" name="tterm_strz" />
    <testcase time="0.001685857772827148" name="tts_packet_header" />
    <testcase time="0.00000000" name="ttype_int_unary_op"><failure message="compile error" /></testcase>
    <testcase time="0.00000000" name="ttype_ternary"><failure message="compile error" /></testcase>
    <testcase time="0.00167083740234375" name="tuser_type" />
    <testcase time="0.001739501953125" name="tvalid_long" />
    <testcase time="0.001463651657104492" name="tvalid_not_parsed_if" />
    <testcase time="0.00148463249206543" name="tvalid_short" />
    <testcase time="0.001499652862548828" name="tvalid_switch" />
    <testcase time="0.00000000" name="tzlib_surrounded"><failure message="compile error" /></testcase>
    <testcase time="0.00000000" name="tzlib_with_header_78"><failure message="compile error" /></testcase>
  </testsuite></testsuites>