<testsuites>
  <testsuite tests="175" failures="0" errors="23" name="tests">
    <testcase time="0.001576423645019531" name="tbcd_user_type_be" />
    <testcase time="0.00164031982421875" name="tbcd_user_type_le" />
    <testcase time="0.001555919647216797" name="tbits_byte_aligned" />
    <testcase time="0.001561164855957031" name="tbits_enum" />
    <testcase time="0.001553058624267578" name="tbits_seq_endian_combo" />
    <testcase time="0.001495122909545898" name="tbits_simple" />
    <testcase time="0.001598119735717773" name="tbits_simple_le" />
    <testcase time="0.001582622528076172" name="tbuffered_struct" />
    <testcase time="0.001580476760864258" name="tbytes_pad_term" />
    <testcase time="0.001688957214355469" name="tcast_nested" />
    <testcase time="0.001574516296386719" name="tcast_to_imported" />
    <testcase time="0.001565217971801758" name="tcast_to_top" />
    <testcase time="0.00154566764831543" name="tcombine_bool" />
    <testcase time="0.001555919647216797" name="tcombine_bytes" />
    <testcase time="0.001708507537841797" name="tcombine_str" />
    <testcase time="0.001601934432983398" name="tdebug_switch_user" />
    <testcase time="0.001538991928100586" name="tdefault_big_endian" />
    <testcase time="0.001555919647216797" name="tdefault_bit_endian_mod" />
    <testcase time="0.001519441604614258" name="tdefault_endian_expr_inherited" />
    <testcase time="0.001673221588134766" name="tdefault_endian_expr_is_be" />
    <testcase time="0.001596212387084961" name="tdefault_endian_expr_is_le" />
    <testcase time="0.00156092643737793" name="tdefault_endian_mod" />
    <testcase time="0.001500129699707031" name="tdocstrings" />
    <testcase time="0.001542091369628906" name="tdocstrings_docref" />
    <testcase time="0.001589298248291016" name="tdocstrings_docref_multi" />
    <testcase time="0.001503944396972656" name="tenum_0" />
    <testcase time="0.001598596572875977" name="tenum_1" />
    <testcase time="0.001659393310546875" name="tenum_deep" />
    <testcase time="0.001512765884399414" name="tenum_deep_literals" />
    <testcase time="0.001518964767456055" name="tenum_fancy" />
    <testcase time="0.001579523086547852" name="tenum_if" />
    <testcase time="0.001510143280029297" name="tenum_import" />
    <testcase time="0.001577138900756836" name="tenum_int_range_s" />
    <testcase time="0.00156712532043457" name="tenum_int_range_u" />
    <testcase time="0.001543283462524414" name="tenum_invalid" />
    <testcase time="0.00000000" name="tenum_long_range_s">
      <failure message="fatal.nim(49)            sysFatal
Error: unhandled exception: over- or underflow [OverflowError]
" />
    </testcase>
    <testcase time="0.00000000" name="tenum_long_range_u">
      <failure message="fatal.nim(49)            sysFatal
Error: unhandled exception: over- or underflow [OverflowError]
" />
    </testcase>
    <testcase time="0.001619100570678711" name="tenum_negative" />
    <testcase time="0.00162506103515625" name="tenum_of_value_inst" />
    <testcase time="0.001504898071289062" name="tenum_to_i" />
    <testcase time="0.00000000" name="tenum_to_i_class_border_1">
      <failure message="/home/travis/build/kaitai-io/ci_targets/compiled/nim/enum_to_i_class_border_1.nim(12, 26) Error: undeclared identifier: 'EnumToIClassBorder2'
This might be caused by a recursive module dependency:
/home/travis/build/kaitai-io/ci_targets/compiled/nim/enum_to_i_class_border_2.nim imports /home/travis/build/kaitai-io/ci_targets/compiled/nim/enum_to_i_class_border_1.nim
/home/travis/build/kaitai-io/ci_targets/compiled/nim/enum_to_i_class_border_1.nim imports /home/travis/build/kaitai-io/ci_targets/compiled/nim/enum_to_i_class_border_2.nim
" />
    </testcase>
    <testcase time="0.001543283462524414" name="texpr_0" />
    <testcase time="0.001556158065795898" name="texpr_1" />
    <testcase time="0.001725912094116211" name="texpr_2" />
    <testcase time="0.001616001129150391" name="texpr_3" />
    <testcase time="0.00159907341003418" name="texpr_array" />
    <testcase time="0.001661062240600586" name="texpr_bits" />
    <testcase time="0.001535415649414062" name="texpr_bytes_cmp" />
    <testcase time="0.00000000" name="texpr_bytes_literal">
      <failure message="/home/travis/build/kaitai-io/ci_targets/tests/spec/nim/tests/texpr_bytes_literal.nim(4, 29) Error: cannot open file: ../../../compiled/nim/expr_bytes_literal
" />
    </testcase>
    <testcase time="0.00155329704284668" name="texpr_bytes_ops" />
    <testcase time="0.001657724380493164" name="texpr_calc_array_ops" />
    <testcase time="0.001524925231933594" name="texpr_enum" />
    <testcase time="0.001567602157592773" name="texpr_io_eof" />
    <testcase time="0.0016937255859375" name="texpr_io_pos" />
    <testcase time="0.001566171646118164" name="texpr_mod" />
    <testcase time="0.001604318618774414" name="texpr_ops_parens" />
    <testcase time="0.001560688018798828" name="texpr_sizeof_type_0" />
    <testcase time="0.001566648483276367" name="texpr_sizeof_type_1" />
    <testcase time="0.001591920852661133" name="texpr_sizeof_value_0" />
    <testcase time="0.001595735549926758" name="texpr_sizeof_value_sized" />
    <testcase time="0.001695871353149414" name="texpr_str_ops" />
    <testcase time="0.001538276672363281" name="tfixed_contents" />
    <testcase time="0.001623392105102539" name="tfixed_struct" />
    <testcase time="0.001548528671264648" name="tfloat_to_i" />
    <testcase time="0.001623630523681641" name="tfloating_points" />
    <testcase time="0.001694917678833008" name="thello_world" />
    <testcase time="0.001553773880004883" name="tif_instances" />
    <testcase time="0.001638412475585938" name="tif_struct" />
    <testcase time="0.001627445220947266" name="tif_values" />
    <testcase time="0.001693248748779297" name="timports0" />
    <testcase time="0.00000000" name="timports_abs">
      <failure message="/home/travis/build/kaitai-io/ci_targets/compiled/nim/imports_abs.nim(3, 15) Error: cannot open file: /common/vlq_base128_le
" />
    </testcase>
    <testcase time="0.00000000" name="timports_circular_a">
      <failure message="/home/travis/build/kaitai-io/ci_targets/compiled/nim/imports_circular_a.nim(9, 11) Error: undeclared identifier: 'ImportsCircularB'
This might be caused by a recursive module dependency:
/home/travis/build/kaitai-io/ci_targets/compiled/nim/imports_circular_b.nim imports /home/travis/build/kaitai-io/ci_targets/compiled/nim/imports_circular_a.nim
/home/travis/build/kaitai-io/ci_targets/compiled/nim/imports_circular_a.nim imports /home/travis/build/kaitai-io/ci_targets/compiled/nim/imports_circular_b.nim
" />
    </testcase>
    <testcase time="0.00000000" name="timports_rel_1">
      <failure message="/home/travis/build/kaitai-io/ci_targets/compiled/nim/imports_rel_1.nim(3, 23) Error: cannot open file: for_rel_imports/imported_1
" />
    </testcase>
    <testcase time="0.001712322235107422" name="tindex_sizes" />
    <testcase time="0.001644372940063477" name="tindex_to_param_eos" />
    <testcase time="0.00162506103515625" name="tindex_to_param_expr" />
    <testcase time="0.001754999160766602" name="tindex_to_param_until" />
    <testcase time="0.001705169677734375" name="tinstance_io_user" />
    <testcase time="0.001614093780517578" name="tinstance_std" />
    <testcase time="0.001594781875610352" name="tinstance_std_array" />
    <testcase time="0.001580715179443359" name="tinstance_user_array" />
    <testcase time="0.001600742340087891" name="tintegers" />
    <testcase time="0.001615524291992188" name="tintegers_min_max" />
    <testcase time="0.00000000" name="tio_local_var">
      <failure message="/home/travis/build/kaitai-io/ci_targets/compiled/nim/io_local_var.nim(49, 25) Error: type mismatch: got &lt;IoLocalVar_Dummy&gt; but expected 'Option[kaitai_struct_nim_runtime.KaitaiStruct]'
" />
    </testcase>
    <testcase time="0.001591682434082031" name="tjs_signed_right_shift" />
    <testcase time="0.001537561416625977" name="tmeta_tags" />
    <testcase time="0.001552343368530273" name="tmeta_xref" />
    <testcase time="0.001790761947631836" name="tmultiple_use" />
    <testcase time="0.001699924468994141" name="tnav_parent" />
    <testcase time="0.001736640930175781" name="tnav_parent2" />
    <testcase time="0.001714229583740234" name="tnav_parent3" />
    <testcase time="0.001649856567382812" name="tnav_parent_false" />
    <testcase time="0.001682519912719727" name="tnav_parent_false2" />
    <testcase time="0.00175023078918457" name="tnav_parent_override" />
    <testcase time="0.00152134895324707" name="tnav_parent_switch" />
    <testcase time="0.00000000" name="tnav_parent_switch_cast">
      <failure message="/home/travis/build/kaitai-io/ci_targets/compiled/nim/nav_parent_switch_cast.nim(119, 64) Error: undeclared field: 'parent' for type kaitai_struct_nim_runtime.KaitaiStruct [declared in /home/travis/.nimble/pkgs/kaitai_struct_nim_runtime-0.1.0/kaitai_struct_nim_runtime.nim(5, 3)] 
" />
    </testcase>
    <testcase time="0.001626729965209961" name="tnav_parent_vs_value_inst" />
    <testcase time="0.001650333404541016" name="tnav_root" />
    <testcase time="0.001588106155395508" name="tnested_same_name" />
    <testcase time="0.001584768295288086" name="tnested_same_name2" />
    <testcase time="0.001623153686523438" name="tnested_type_param" />
    <testcase time="0.001583337783813477" name="tnested_types" />
    <testcase time="0.001671791076660156" name="tnested_types2" />
    <testcase time="0.001559019088745117" name="tnested_types3" />
    <testcase time="0.00163722038269043" name="tnon_standard" />
    <testcase time="0.001660346984863281" name="tparams_call_extra_parens" />
    <testcase time="0.001653671264648438" name="tparams_call_short" />
    <testcase time="0.001652956008911133" name="tparams_enum" />
    <testcase time="0.00000000" name="tparams_pass_array_int">
      <failure message="/home/travis/build/kaitai-io/ci_targets/tests/spec/nim/tests/tparams_pass_array_int.nim(7, 27) template/generic instantiation of `fromFile` from here
/home/travis/build/kaitai-io/ci_targets/compiled/nim/params_pass_array_int.nim(45, 21) template/generic instantiation of `read` from here
/home/travis/build/kaitai-io/ci_targets/compiled/nim/params_pass_array_int.nim(33, 54) template/generic instantiation of `read` from here
/home/travis/build/kaitai-io/ci_targets/compiled/nim/params_pass_array_int.nim(54, 29) Error: type mismatch: got &lt;seq[int]&gt; but expected 'seq[uint16]'
" />
    </testcase>
    <testcase time="0.001691341400146484" name="tparams_pass_array_str" />
    <testcase time="0.001631259918212891" name="tparams_pass_array_struct" />
    <testcase time="0.001626253128051758" name="tparams_pass_array_usertype" />
    <testcase time="0.001573085784912109" name="tparams_pass_struct" />
    <testcase time="0.001549959182739258" name="tparams_pass_usertype" />
    <testcase time="0.001683473587036133" name="tposition_abs" />
    <testcase time="0.001585960388183594" name="tposition_in_seq" />
    <testcase time="0.001534938812255859" name="tposition_to_end" />
    <testcase time="0.001667499542236328" name="tprocess_coerce_bytes" />
    <testcase time="0.00000000" name="tprocess_coerce_switch">
      <failure message="/home/travis/build/kaitai-io/ci_targets/tests/spec/nim/tests/tprocess_coerce_switch.nim(7, 28) template/generic instantiation of `fromFile` from here
/home/travis/build/kaitai-io/ci_targets/compiled/nim/process_coerce_switch.nim(74, 22) template/generic instantiation of `read` from here
/home/travis/build/kaitai-io/ci_targets/compiled/nim/process_coerce_switch.nim(47, 26) Error: type mismatch: got &lt;seq[byte]&gt; but expected 'KaitaiStruct = ref KaitaiStruct:ObjectType'
" />
    </testcase>
    <testcase time="0.001660346984863281" name="tprocess_coerce_usertype1" />
    <testcase time="0.001536369323730469" name="tprocess_coerce_usertype2" />
    <testcase time="0.00000000" name="tprocess_custom">
      <failure message="/home/travis/build/kaitai-io/ci_targets/compiled/nim/process_custom.nim(3, 8) Error: cannot open file: my_custom_fx
" />
    </testcase>
    <testcase time="0.00000000" name="tprocess_custom_no_args">
      <failure message="/home/travis/build/kaitai-io/ci_targets/compiled/nim/process_custom_no_args.nim(3, 8) Error: cannot open file: custom_fx_no_args
" />
    </testcase>
    <testcase time="0.001572132110595703" name="tprocess_repeat_bytes" />
    <testcase time="0.00000000" name="tprocess_repeat_usertype">
      <failure message="/home/travis/build/kaitai-io/ci_targets/tests/spec/nim/tests/tprocess_repeat_usertype.nim(7, 30) template/generic instantiation of `fromFile` from here
/home/travis/build/kaitai-io/ci_targets/compiled/nim/process_repeat_usertype.nim(37, 24) template/generic instantiation of `read` from here
/home/travis/build/kaitai-io/ci_targets/compiled/nim/process_repeat_usertype.nim(30, 9) Error: redefinition of 'buf'; previous declaration here: /home/travis/build/kaitai-io/ci_targets/compiled/nim/process_repeat_usertype.nim(28, 9)
" />
    </testcase>
    <testcase time="0.001781463623046875" name="tprocess_rotate" />
    <testcase time="0.001678228378295898" name="tprocess_to_user" />
    <testcase time="0.001610755920410156" name="tprocess_xor4_const" />
    <testcase time="0.001565217971801758" name="tprocess_xor4_value" />
    <testcase time="0.001593351364135742" name="tprocess_xor_const" />
    <testcase time="0.001599550247192383" name="tprocess_xor_value" />
    <testcase time="0.00160980224609375" name="trecursive_one" />
    <testcase time="0.001608848571777344" name="trepeat_eos_bit" />
    <testcase time="0.008787155151367188" name="trepeat_eos_struct" />
    <testcase time="0.001525640487670898" name="trepeat_eos_u4" />
    <testcase time="0.001586437225341797" name="trepeat_n_struct" />
    <testcase time="0.001677274703979492" name="trepeat_n_strz" />
    <testcase time="0.001672506332397461" name="trepeat_n_strz_double" />
    <testcase time="0.00164484977722168" name="trepeat_until_calc_array_type" />
    <testcase time="0.001616001129150391" name="trepeat_until_complex" />
    <testcase time="0.001649618148803711" name="trepeat_until_s4" />
    <testcase time="0.001619815826416016" name="trepeat_until_sized" />
    <testcase time="0.006282567977905273" name="tstr_encodings" />
    <testcase time="0.001724481582641602" name="tstr_encodings_default" />
    <testcase time="0.001585006713867188" name="tstr_eos" />
    <testcase time="0.001598834991455078" name="tstr_literals2" />
    <testcase time="0.001684665679931641" name="tstr_pad_term" />
    <testcase time="0.001737356185913086" name="tstr_pad_term_empty" />
    <testcase time="0.001786470413208008" name="tswitch_bytearray" />
    <testcase time="0.00000000" name="tswitch_else_only">
      <failure message="/home/travis/build/kaitai-io/ci_targets/tests/spec/nim/tests/tswitch_else_only.nim(9, 6) template/generic instantiation of `test` from here
/home/travis/build/kaitai-io/ci_targets/tests/spec/nim/tests/tswitch_else_only.nim(14, 10) Error: undeclared field: 'structSized' for type switch_else_only.SwitchElseOnly [declared in /home/travis/build/kaitai-io/ci_targets/compiled/nim/switch_else_only.nim(5, 3)] 
" />
    </testcase>
    <testcase time="0.001629829406738281" name="tswitch_integers" />
    <testcase time="0.001566171646118164" name="tswitch_integers2" />
    <testcase time="0.001664161682128906" name="tswitch_manual_enum" />
    <testcase time="0.00000000" name="tswitch_manual_enum_invalid">
      <failure message="/opt/Nim-1.2.0/lib/pure/unittest.nim(647, 43) Error: conversion from int literal(255) to SwitchManualEnumInvalid_Opcode_CodeEnum is invalid
" />
    </testcase>
    <testcase time="0.00000000" name="tswitch_manual_enum_invalid_else">
      <failure message="/opt/Nim-1.2.0/lib/pure/unittest.nim(647, 43) Error: conversion from int literal(255) to SwitchManualEnumInvalidElse_Opcode_CodeEnum is invalid
" />
    </testcase>
    <testcase time="0.001714229583740234" name="tswitch_manual_int" />
    <testcase time="0.001658439636230469" name="tswitch_manual_int_else" />
    <testcase time="0.00000000" name="tswitch_manual_int_size">
      <failure message="/home/travis/build/kaitai-io/ci_targets/tests/spec/nim/tests/tswitch_manual_int_size.nim(7, 28) template/generic instantiation of `fromFile` from here
/home/travis/build/kaitai-io/ci_targets/compiled/nim/switch_manual_int_size.nim(44, 22) template/generic instantiation of `read` from here
/home/travis/build/kaitai-io/ci_targets/compiled/nim/switch_manual_int_size.nim(39, 41) template/generic instantiation of `read` from here
/home/travis/build/kaitai-io/ci_targets/compiled/nim/switch_manual_int_size.nim(74, 19) Error: type mismatch: got &lt;seq[byte]&gt; but expected 'KaitaiStruct = ref KaitaiStruct:ObjectType'
" />
    </testcase>
    <testcase time="0.00000000" name="tswitch_manual_int_size_else">
      <failure message="/home/travis/build/kaitai-io/ci_targets/tests/spec/nim/tests/tswitch_manual_int_size_else.nim(9, 6) template/generic instantiation of `test` from here
/home/travis/build/kaitai-io/ci_targets/tests/spec/nim/tests/tswitch_manual_int_size_else.nim(20, 8) template/generic instantiation of `check` from here
/opt/Nim-1.2.0/lib/pure/unittest.nim(647, 43) Error: cannot infer the type of the sequence
" />
    </testcase>
    <testcase time="0.001724958419799805" name="tswitch_manual_str" />
    <testcase time="0.00165247917175293" name="tswitch_manual_str_else" />
    <testcase time="0.001512527465820312" name="tterm_bytes" />
    <testcase time="0.00165247917175293" name="tterm_strz" />
    <testcase time="0.001591205596923828" name="tts_packet_header" />
    <testcase time="0.001588821411132812" name="ttype_int_unary_op" />
    <testcase time="0.00157928466796875" name="ttype_ternary" />
    <testcase time="0.00000000" name="ttype_ternary_2nd_falsy">
      <failure message="/home/travis/build/kaitai-io/ci_targets/tests/spec/nim/tests/ttype_ternary_2nd_falsy.nim(9, 6) template/generic instantiation of `test` from here
/home/travis/build/kaitai-io/ci_targets/tests/spec/nim/tests/ttype_ternary_2nd_falsy.nim(20, 8) template/generic instantiation of `check` from here
/opt/Nim-1.2.0/lib/pure/unittest.nim(670, 14) Error: type mismatch: got &lt;Option[type_ternary_2nd_falsy.TypeTernary2ndFalsy_Foo], typeof(nil)&gt;
but expected one of: 
proc `==`(a, b: Option): bool
  first type mismatch at position: 2
  required type for b: Option
  but expression 'nil' is of type: typeof(nil)
proc `==`[T: tuple | object](x, y: T): bool
  first type mismatch at position: 2
  required type for y: T: tuple or object
  but expression 'nil' is of type: typeof(nil)
29 other mismatching symbols have been suppressed; compile with --showAllMismatches:on to see them

expression: :c1 == nil
" />
    </testcase>
    <testcase time="0.001668214797973633" name="tuser_type" />
    <testcase time="0.001676559448242188" name="tvalid_long" />
    <testcase time="0.00159907341003418" name="tvalid_not_parsed_if" />
    <testcase time="0.001664161682128906" name="tvalid_short" />
    <testcase time="0.001584529876708984" name="tvalid_switch" />
    <testcase time="0.00000000" name="tyaml_ints">
      <failure message="/home/travis/build/kaitai-io/ci_targets/compiled/nim/yaml_ints.nim(47, 30) Error: 18446744073709551615 can't be converted to int
" />
    </testcase>
    <testcase time="0.00000000" name="tzlib_surrounded">
      <failure message="/home/travis/build/kaitai-io/ci_targets/tests/spec/nim/tests/tzlib_surrounded.nim(7, 23) template/generic instantiation of `fromFile` from here
/home/travis/build/kaitai-io/ci_targets/compiled/nim/zlib_surrounded.nim(41, 17) template/generic instantiation of `read` from here
/home/travis/build/kaitai-io/ci_targets/compiled/nim/zlib_surrounded.nim(32, 36) Error: attempting to call undeclared routine: 'processZlib'
" />
    </testcase>
    <testcase time="0.00000000" name="tzlib_with_header_78">
      <failure message="/home/travis/build/kaitai-io/ci_targets/tests/spec/nim/tests/tzlib_with_header_78.nim(7, 25) template/generic instantiation of `fromFile` from here
/home/travis/build/kaitai-io/ci_targets/compiled/nim/zlib_with_header_78.nim(27, 19) template/generic instantiation of `read` from here
/home/travis/build/kaitai-io/ci_targets/compiled/nim/zlib_with_header_78.nim(23, 30) Error: attempting to call undeclared routine: 'processZlib'
" />
    </testcase>
  </testsuite>
</testsuites>