<testsuites>
  <testsuite tests="187" failures="1" errors="28" name="nim">
    <testcase time="0.001604795455932617" name="tbcd_user_type_be" />
    <testcase time="0.001752853393554688" name="tbcd_user_type_le" />
    <testcase time="0.001502037048339844" name="tbits_byte_aligned" />
    <testcase time="0.001642227172851562" name="tbits_enum" />
    <testcase time="0.001638889312744141" name="tbits_seq_endian_combo" />
    <testcase time="0.001562118530273438" name="tbits_signed_b32_le" />
    <testcase time="0.001511335372924805" name="tbits_signed_b64_le" />
    <testcase time="0.001538753509521484" name="tbits_simple" />
    <testcase time="0.001620769500732422" name="tbits_simple_le" />
    <testcase time="0.001605987548828125" name="tbuffered_struct" />
    <testcase time="0.001519918441772461" name="tbytes_pad_term" />
    <testcase time="0.001928329467773438" name="tcast_nested" />
    <testcase time="0.001507282257080078" name="tcast_to_imported" />
    <testcase time="0.001536130905151367" name="tcast_to_top" />
    <testcase time="0.001517295837402344" name="tcombine_bool" />
    <testcase time="0.001552343368530273" name="tcombine_bytes" />
    <testcase time="0.00145411491394043" name="tcombine_enum" />
    <testcase time="0.001710414886474609" name="tcombine_str" />
    <testcase time="0.001695156097412109" name="tdebug_switch_user" />
    <testcase time="0.001520156860351562" name="tdefault_big_endian" />
    <testcase time="0.001499176025390625" name="tdefault_bit_endian_mod" />
    <testcase time="0.001589298248291016" name="tdefault_endian_expr_inherited" />
    <testcase time="0.001511335372924805" name="tdefault_endian_expr_is_be" />
    <testcase time="0.001577615737915039" name="tdefault_endian_expr_is_le" />
    <testcase time="0.001481056213378906" name="tdefault_endian_mod" />
    <testcase time="0.001607656478881836" name="tdocstrings" />
    <testcase time="0.001502513885498047" name="tdocstrings_docref" />
    <testcase time="0.001582622528076172" name="tdocstrings_docref_multi" />
    <testcase time="0.001471281051635742" name="tenum_0" />
    <testcase time="0.001442909240722656" name="tenum_1" />
    <testcase time="0.001552820205688477" name="tenum_deep" />
    <testcase time="0.001454830169677734" name="tenum_deep_literals" />
    <testcase time="0.001548528671264648" name="tenum_fancy" />
    <testcase time="0.001589059829711914" name="tenum_if" />
    <testcase time="0.001532554626464844" name="tenum_import" />
    <testcase time="0.001536130905151367" name="tenum_int_range_s" />
    <testcase time="0.001505851745605469" name="tenum_int_range_u" />
    <testcase time="0.001586198806762695" name="tenum_invalid" />
    <testcase time="0.00000000" name="tenum_long_range_s">
      <failure message="fatal.nim(53)            sysFatal
Error: unhandled exception: over- or underflow [OverflowDefect]
" />
    </testcase>
    <testcase time="0.00000000" name="tenum_long_range_u">
      <failure message="fatal.nim(53)            sysFatal
Error: unhandled exception: over- or underflow [OverflowDefect]
" />
    </testcase>
    <testcase time="0.001436948776245117" name="tenum_negative" />
    <testcase time="0.001587390899658203" name="tenum_of_value_inst" />
    <testcase time="0.001560449600219727" name="tenum_to_i" />
    <testcase time="0.00000000" name="tenum_to_i_class_border_1">
      <failure message="/home/travis/build/kaitai-io/ci_targets/compiled/nim/enum_to_i_class_border_1.nim(13, 20) Error: undeclared identifier: 'EnumToIClassBorder2'
candidates (edit distance, scope distance); see '--spellSuggest': 
 (1, 0): 'EnumToIClassBorder1' [type declared in /home/travis/build/kaitai-io/ci_targets/compiled/nim/enum_to_i_class_border_1.nim(7, 3)]
 (1, 0): 'enum_to_i_class_border_2' [module declared in /home/travis/build/kaitai-io/ci_targets/compiled/nim/enum_to_i_class_border_1.nim(5, 8)]
This might be caused by a recursive module dependency:
/home/travis/build/kaitai-io/ci_targets/compiled/nim/enum_to_i_class_border_2.nim imports /home/travis/build/kaitai-io/ci_targets/compiled/nim/enum_to_i_class_border_1.nim
/home/travis/build/kaitai-io/ci_targets/compiled/nim/enum_to_i_class_border_1.nim imports /home/travis/build/kaitai-io/ci_targets/compiled/nim/enum_to_i_class_border_2.nim
" />
    </testcase>
    <testcase time="0.00164031982421875" name="texpr_0" />
    <testcase time="0.001565694808959961" name="texpr_1" />
    <testcase time="0.001651287078857422" name="texpr_2" />
    <testcase time="0.001577138900756836" name="texpr_3" />
    <testcase time="0.001625776290893555" name="texpr_array" />
    <testcase time="0.001529216766357422" name="texpr_bits" />
    <testcase time="0.00000000" name="texpr_bytes_cmp">
      <failure message="/home/travis/build/kaitai-io/ci_targets/compiled/nim/expr_bytes_cmp.nim(126, 36) Error: number out of range: '112'u8'
" />
    </testcase>
    <testcase time="0.00000000" name="texpr_bytes_literal">
      <failure message="/home/travis/build/kaitai-io/ci_targets/tests/spec/nim/texpr_bytes_literal.nim(4, 26) Error: cannot open file: ../../compiled/nim/expr_bytes_literal
" />
    </testcase>
    <testcase time="0.00000000" name="texpr_bytes_ops">
      <failure message="/home/travis/build/kaitai-io/ci_targets/compiled/nim/expr_bytes_ops.nim(105, 41) Error: number out of range: '1'u8'
" />
    </testcase>
    <testcase time="0.001491546630859375" name="texpr_calc_array_ops" />
    <testcase time="0.001425504684448242" name="texpr_enum" />
    <testcase time="0.001485109329223633" name="texpr_if_int_ops" />
    <testcase time="0.001668214797973633" name="texpr_int_div">
      <failure message="/home/travis/build/kaitai-io/ci_targets/tests/spec/nim/texpr_int_div.nim(12) texpr_int_div
/opt/nim-1.6.0/lib/system/assertions.nim(38) failedAssertImpl
/opt/nim-1.6.0/lib/system/assertions.nim(28) raiseAssert
/opt/nim-1.6.0/lib/system/fatal.nim(53) sysFatal
Error: unhandled exception: /home/travis/build/kaitai-io/ci_targets/tests/spec/nim/texpr_int_div.nim(12, 8) `r.divNegConst == int(-757)`  [AssertionDefect]
" />
    </testcase>
    <testcase time="0.001519918441772461" name="texpr_io_eof" />
    <testcase time="0.001567840576171875" name="texpr_io_pos" />
    <testcase time="0.001527786254882812" name="texpr_mod" />
    <testcase time="0.001574516296386719" name="texpr_ops_parens" />
    <testcase time="0.00150752067565918" name="texpr_sizeof_type_0" />
    <testcase time="0.001525640487670898" name="texpr_sizeof_type_1" />
    <testcase time="0.001455307006835938" name="texpr_sizeof_value_0" />
    <testcase time="0.001489877700805664" name="texpr_sizeof_value_sized" />
    <testcase time="0.00000000" name="texpr_str_encodings">
      <failure message="/home/travis/build/kaitai-io/ci_targets/compiled/nim/expr_str_encodings.nim(68, 63) Error: number out of range: '76'u8'
" />
    </testcase>
    <testcase time="0.00158381462097168" name="texpr_str_ops" />
    <testcase time="0.00153350830078125" name="tfixed_contents" />
    <testcase time="0.001576900482177734" name="tfixed_struct" />
    <testcase time="0.001505374908447266" name="tfloat_to_i" />
    <testcase time="0.001524448394775391" name="tfloating_points" />
    <testcase time="0.001620054244995117" name="thello_world" />
    <testcase time="0.001478672027587891" name="tif_instances" />
    <testcase time="0.001536846160888672" name="tif_struct" />
    <testcase time="0.001546144485473633" name="tif_values" />
    <testcase time="0.001580953598022461" name="timports0" />
    <testcase time="0.00000000" name="timports_abs">
      <failure message="/home/travis/build/kaitai-io/ci_targets/compiled/nim/imports_abs.nim(3, 15) Error: cannot open file: /common/vlq_base128_le
" />
    </testcase>
    <testcase time="0.00000000" name="timports_circular_a">
      <failure message="/home/travis/build/kaitai-io/ci_targets/compiled/nim/imports_circular_a.nim(9, 13) Error: undeclared identifier: 'ImportsCircularB'
candidates (edit distance, scope distance); see '--spellSuggest': 
 (1, 0): 'ImportsCircularA' [type declared in /home/travis/build/kaitai-io/ci_targets/compiled/nim/imports_circular_a.nim(7, 3)]
 (1, 0): 'imports_circular_b' [module declared in /home/travis/build/kaitai-io/ci_targets/compiled/nim/imports_circular_a.nim(5, 8)]
This might be caused by a recursive module dependency:
/home/travis/build/kaitai-io/ci_targets/compiled/nim/imports_circular_b.nim imports /home/travis/build/kaitai-io/ci_targets/compiled/nim/imports_circular_a.nim
/home/travis/build/kaitai-io/ci_targets/compiled/nim/imports_circular_a.nim imports /home/travis/build/kaitai-io/ci_targets/compiled/nim/imports_circular_b.nim
" />
    </testcase>
    <testcase time="0.00000000" name="timports_rel_1">
      <failure message="/home/travis/build/kaitai-io/ci_targets/compiled/nim/imports_rel_1.nim(3, 23) Error: cannot open file: for_rel_imports/imported_1
" />
    </testcase>
    <testcase time="0.001616239547729492" name="tindex_sizes" />
    <testcase time="0.001578569412231445" name="tindex_to_param_eos" />
    <testcase time="0.001787424087524414" name="tindex_to_param_expr" />
    <testcase time="0.001495361328125" name="tindex_to_param_until" />
    <testcase time="0.001600980758666992" name="tinstance_io_user" />
    <testcase time="0.001588106155395508" name="tinstance_std" />
    <testcase time="0.001580476760864258" name="tinstance_std_array" />
    <testcase time="0.001566171646118164" name="tinstance_user_array" />
    <testcase time="0.001494884490966797" name="tintegers" />
    <testcase time="0.001503944396972656" name="tintegers_double_overflow" />
    <testcase time="0.00000000" name="tintegers_min_max">
      <failure message="/home/travis/build/kaitai-io/ci_targets/tests/spec/nim/tintegers_min_max.nim(26, 35) Error: number out of range: '9223372036854775808'u64'
" />
    </testcase>
    <testcase time="0.00000000" name="tio_local_var">
      <failure message="/home/travis/build/kaitai-io/ci_targets/compiled/nim/io_local_var.nim(59, 25) Error: type mismatch: got 'seq[byte]' for 'messUpInstExpr' but expected 'KaitaiStruct = ref KaitaiStruct:ObjectType'
" />
    </testcase>
    <testcase time="0.001504421234130859" name="tjs_signed_right_shift" />
    <testcase time="0.001532554626464844" name="tmeta_tags" />
    <testcase time="0.001495361328125" name="tmeta_xref" />
    <testcase time="0.001550674438476562" name="tmultiple_use" />
    <testcase time="0.001603603363037109" name="tnav_parent" />
    <testcase time="0.001732110977172852" name="tnav_parent2" />
    <testcase time="0.00160670280456543" name="tnav_parent3" />
    <testcase time="0.001531124114990234" name="tnav_parent_false" />
    <testcase time="0.001506567001342773" name="tnav_parent_false2" />
    <testcase time="0.001578807830810547" name="tnav_parent_override" />
    <testcase time="0.001497030258178711" name="tnav_parent_switch" />
    <testcase time="0.00000000" name="tnav_parent_switch_cast">
      <failure message="/home/travis/build/kaitai-io/ci_targets/compiled/nim/nav_parent_switch_cast.nim(120, 64) Error: undeclared field: 'parent' for type kaitai_struct_nim_runtime.KaitaiStruct [type declared in /home/travis/.nimble/pkgs/kaitai_struct_nim_runtime-0.9.0/kaitai_struct_nim_runtime.nim(5, 3)]
" />
    </testcase>
    <testcase time="0.001585483551025391" name="tnav_parent_vs_value_inst" />
    <testcase time="0.001638650894165039" name="tnav_root" />
    <testcase time="0.001518964767456055" name="tnested_same_name" />
    <testcase time="0.001566410064697266" name="tnested_same_name2" />
    <testcase time="0.00162506103515625" name="tnested_type_param" />
    <testcase time="0.001542329788208008" name="tnested_types" />
    <testcase time="0.001524686813354492" name="tnested_types2" />
    <testcase time="0.001514434814453125" name="tnested_types3" />
    <testcase time="0.001568078994750977" name="tnon_standard" />
    <testcase time="0.001599550247192383" name="tparams_call_extra_parens" />
    <testcase time="0.00165867805480957" name="tparams_call_short" />
    <testcase time="0.001489162445068359" name="tparams_enum" />
    <testcase time="0.00000000" name="tparams_pass_array_int">
      <failure message="/home/travis/build/kaitai-io/ci_targets/tests/spec/nim/tparams_pass_array_int.nim(7, 27) template/generic instantiation of `fromFile` from here
/home/travis/build/kaitai-io/ci_targets/compiled/nim/params_pass_array_int.nim(46, 21) template/generic instantiation of `read` from here
/home/travis/build/kaitai-io/ci_targets/compiled/nim/params_pass_array_int.nim(34, 54) template/generic instantiation of `read` from here
/home/travis/build/kaitai-io/ci_targets/compiled/nim/params_pass_array_int.nim(55, 29) Error: type mismatch: got 'seq[int]' for 'nums' but expected 'seq[uint16]'
" />
    </testcase>
    <testcase time="0.001594305038452148" name="tparams_pass_array_str" />
    <testcase time="0.001519441604614258" name="tparams_pass_array_struct" />
    <testcase time="0.001685857772827148" name="tparams_pass_array_usertype" />
    <testcase time="0.00153803825378418" name="tparams_pass_bool" />
    <testcase time="0.001593589782714844" name="tparams_pass_struct" />
    <testcase time="0.001476526260375977" name="tparams_pass_usertype" />
    <testcase time="0.001625299453735352" name="tposition_abs" />
    <testcase time="0.001665592193603516" name="tposition_in_seq" />
    <testcase time="0.00150609016418457" name="tposition_to_end" />
    <testcase time="0.001574993133544922" name="tprocess_coerce_bytes" />
    <testcase time="0.00000000" name="tprocess_coerce_switch">
      <failure message="/home/travis/build/kaitai-io/ci_targets/tests/spec/nim/tprocess_coerce_switch.nim(7, 28) template/generic instantiation of `fromFile` from here
/home/travis/build/kaitai-io/ci_targets/compiled/nim/process_coerce_switch.nim(75, 22) template/generic instantiation of `read` from here
/home/travis/build/kaitai-io/ci_targets/compiled/nim/process_coerce_switch.nim(48, 26) Error: type mismatch: got 'seq[byte]' for 'bufUnprocExpr' but expected 'KaitaiStruct = ref KaitaiStruct:ObjectType'
" />
    </testcase>
    <testcase time="0.001523733139038086" name="tprocess_coerce_usertype1" />
    <testcase time="0.00154566764831543" name="tprocess_coerce_usertype2" />
    <testcase time="0.00000000" name="tprocess_custom">
      <failure message="/home/travis/build/kaitai-io/ci_targets/compiled/nim/process_custom.nim(3, 8) Error: cannot open file: my_custom_fx
" />
    </testcase>
    <testcase time="0.00000000" name="tprocess_custom_no_args">
      <failure message="/home/travis/build/kaitai-io/ci_targets/compiled/nim/process_custom_no_args.nim(3, 8) Error: cannot open file: custom_fx_no_args
" />
    </testcase>
    <testcase time="0.001549005508422852" name="tprocess_repeat_bytes" />
    <testcase time="0.00000000" name="tprocess_repeat_usertype">
      <failure message="/home/travis/build/kaitai-io/ci_targets/tests/spec/nim/tprocess_repeat_usertype.nim(7, 30) template/generic instantiation of `fromFile` from here
/home/travis/build/kaitai-io/ci_targets/compiled/nim/process_repeat_usertype.nim(37, 24) template/generic instantiation of `read` from here
/home/travis/build/kaitai-io/ci_targets/compiled/nim/process_repeat_usertype.nim(30, 9) Error: redefinition of 'buf'; previous declaration here: /home/travis/build/kaitai-io/ci_targets/compiled/nim/process_repeat_usertype.nim(28, 9)
" />
    </testcase>
    <testcase time="0.001597166061401367" name="tprocess_rotate" />
    <testcase time="0.001609563827514648" name="tprocess_to_user" />
    <testcase time="0.00000000" name="tprocess_xor4_const">
      <failure message="/home/travis/build/kaitai-io/ci_targets/compiled/nim/process_xor4_const.nim(26, 43) Error: number out of range: '20'u8'
" />
    </testcase>
    <testcase time="0.001494646072387695" name="tprocess_xor4_value" />
    <testcase time="0.001678466796875" name="tprocess_xor_const" />
    <testcase time="0.001430273056030273" name="tprocess_xor_value" />
    <testcase time="0.001501560211181641" name="trecursive_one" />
    <testcase time="0.001523733139038086" name="trepeat_eos_bit" />
    <testcase time="0.001523971557617188" name="trepeat_eos_struct" />
    <testcase time="0.001541614532470703" name="trepeat_eos_u4" />
    <testcase time="0.001497983932495117" name="trepeat_n_struct" />
    <testcase time="0.001657724380493164" name="trepeat_n_strz" />
    <testcase time="0.001634359359741211" name="trepeat_n_strz_double" />
    <testcase time="0.001649141311645508" name="trepeat_until_calc_array_type" />
    <testcase time="0.001543045043945312" name="trepeat_until_complex" />
    <testcase time="0.001685380935668945" name="trepeat_until_s4" />
    <testcase time="0.001714468002319336" name="trepeat_until_sized" />
    <testcase time="0.003389358520507812" name="tstr_encodings" />
    <testcase time="0.001686334609985352" name="tstr_encodings_default" />
    <testcase time="0.001633405685424805" name="tstr_eos" />
    <testcase time="0.001523494720458984" name="tstr_literals2" />
    <testcase time="0.001763105392456055" name="tstr_pad_term" />
    <testcase time="0.001659154891967773" name="tstr_pad_term_empty" />
    <testcase time="0.001586675643920898" name="tswitch_bytearray" />
    <testcase time="0.001647233963012695" name="tswitch_else_only" />
    <testcase time="0.001497507095336914" name="tswitch_integers" />
    <testcase time="0.00154423713684082" name="tswitch_integers2" />
    <testcase time="0.00166773796081543" name="tswitch_manual_enum" />
    <testcase time="0.00000000" name="tswitch_manual_enum_invalid">
      <failure message="/home/travis/build/kaitai-io/ci_targets/tests/spec/nim/tswitch_manual_enum_invalid.nim(10, 11) Error: conversion from int literal(255) to SwitchManualEnumInvalid_Opcode_CodeEnum is invalid
" />
    </testcase>
    <testcase time="0.00000000" name="tswitch_manual_enum_invalid_else">
      <failure message="/home/travis/build/kaitai-io/ci_targets/tests/spec/nim/tswitch_manual_enum_invalid_else.nim(10, 11) Error: conversion from int literal(255) to SwitchManualEnumInvalidElse_Opcode_CodeEnum is invalid
" />
    </testcase>
    <testcase time="0.001760482788085938" name="tswitch_manual_int" />
    <testcase time="0.001598596572875977" name="tswitch_manual_int_else" />
    <testcase time="0.00000000" name="tswitch_manual_int_size">
      <failure message="/home/travis/build/kaitai-io/ci_targets/tests/spec/nim/tswitch_manual_int_size.nim(7, 28) template/generic instantiation of `fromFile` from here
/home/travis/build/kaitai-io/ci_targets/compiled/nim/switch_manual_int_size.nim(44, 22) template/generic instantiation of `read` from here
/home/travis/build/kaitai-io/ci_targets/compiled/nim/switch_manual_int_size.nim(39, 41) template/generic instantiation of `read` from here
/home/travis/build/kaitai-io/ci_targets/compiled/nim/switch_manual_int_size.nim(74, 19) Error: type mismatch: got 'seq[byte]' for 'bodyExpr' but expected 'KaitaiStruct = ref KaitaiStruct:ObjectType'
" />
    </testcase>
    <testcase time="0.00000000" name="tswitch_manual_int_size_else">
      <failure message="/home/travis/build/kaitai-io/ci_targets/tests/spec/nim/tswitch_manual_int_size_else.nim(18, 8) template/generic instantiation of `assert` from here
/home/travis/build/kaitai-io/ci_targets/tests/spec/nim/auxiliary/test_utils.nim(11, 32) Error: type mismatch: got 'empty' for 'expected[i]' but expected 'byte = uint8'
" />
    </testcase>
    <testcase time="0.001687288284301758" name="tswitch_manual_str" />
    <testcase time="0.001661300659179688" name="tswitch_manual_str_else" />
    <testcase time="0.00000000" name="tswitch_repeat_expr">
      <failure message="/home/travis/build/kaitai-io/ci_targets/tests/spec/nim/tswitch_repeat_expr.nim(7, 25) template/generic instantiation of `fromFile` from here
/home/travis/build/kaitai-io/ci_targets/compiled/nim/switch_repeat_expr.nim(55, 19) template/generic instantiation of `read` from here
/home/travis/build/kaitai-io/ci_targets/compiled/nim/switch_repeat_expr.nim(52, 18) Error: type mismatch: got &lt;seq[KaitaiStruct], seq[byte]&gt;
but expected one of:
proc add[T](x: var seq[T]; y: openArray[T])
  first type mismatch at position: 2
  required type for y: openArray[T]
  but expression 'it' is of type: seq[byte]
proc add[T](x: var seq[T]; y: sink T)
  first type mismatch at position: 2
  required type for y: sink T
  but expression 'it' is of type: seq[byte]
3 other mismatching symbols have been suppressed; compile with --showAllMismatches:on to see them

expression: add(result.body, it)
" />
    </testcase>
    <testcase time="0.00000000" name="tswitch_repeat_expr_invalid">
      <failure message="/home/travis/build/kaitai-io/ci_targets/tests/spec/nim/tswitch_repeat_expr_invalid.nim(7, 32) template/generic instantiation of `fromFile` from here
/home/travis/build/kaitai-io/ci_targets/compiled/nim/switch_repeat_expr_invalid.nim(55, 26) template/generic instantiation of `read` from here
/home/travis/build/kaitai-io/ci_targets/compiled/nim/switch_repeat_expr_invalid.nim(52, 18) Error: type mismatch: got &lt;seq[KaitaiStruct], seq[byte]&gt;
but expected one of:
proc add[T](x: var seq[T]; y: openArray[T])
  first type mismatch at position: 2
  required type for y: openArray[T]
  but expression 'it' is of type: seq[byte]
proc add[T](x: var seq[T]; y: sink T)
  first type mismatch at position: 2
  required type for y: sink T
  but expression 'it' is of type: seq[byte]
3 other mismatching symbols have been suppressed; compile with --showAllMismatches:on to see them

expression: add(result.body, it)
" />
    </testcase>
    <testcase time="0.001699924468994141" name="tterm_bytes" />
    <testcase time="0.001673698425292969" name="tterm_strz" />
    <testcase time="0.001573801040649414" name="tterm_u1_val" />
    <testcase time="0.004948616027832031" name="tts_packet_header" />
    <testcase time="0.001526117324829102" name="ttype_int_unary_op" />
    <testcase time="0.00162196159362793" name="ttype_ternary" />
    <testcase time="0.001477479934692383" name="ttype_ternary_2nd_falsy" />
    <testcase time="0.001515865325927734" name="tuser_type" />
    <testcase time="0.00172734260559082" name="tvalid_eq_str_encodings" />
    <testcase time="0.001645565032958984" name="tvalid_long" />
    <testcase time="0.001608133316040039" name="tvalid_not_parsed_if" />
    <testcase time="0.001638650894165039" name="tvalid_short" />
    <testcase time="0.001526832580566406" name="tvalid_switch" />
    <testcase time="0.00000000" name="tyaml_ints">
      <failure message="/home/travis/build/kaitai-io/ci_targets/compiled/nim/yaml_ints.nim(51, 30) Error: 18446744073709551615 can't be converted to int
" />
    </testcase>
    <testcase time="0.00000000" name="tzlib_surrounded">
      <failure message="/home/travis/build/kaitai-io/ci_targets/tests/spec/nim/tzlib_surrounded.nim(7, 23) template/generic instantiation of `fromFile` from here
/home/travis/build/kaitai-io/ci_targets/compiled/nim/zlib_surrounded.nim(41, 17) template/generic instantiation of `read` from here
/home/travis/build/kaitai-io/ci_targets/compiled/nim/zlib_surrounded.nim(32, 36) Error: attempting to call undeclared routine: 'processZlib'
" />
    </testcase>
    <testcase time="0.00000000" name="tzlib_with_header_78">
      <failure message="/home/travis/build/kaitai-io/ci_targets/tests/spec/nim/tzlib_with_header_78.nim(7, 25) template/generic instantiation of `fromFile` from here
/home/travis/build/kaitai-io/ci_targets/compiled/nim/zlib_with_header_78.nim(27, 19) template/generic instantiation of `read` from here
/home/travis/build/kaitai-io/ci_targets/compiled/nim/zlib_with_header_78.nim(23, 30) Error: attempting to call undeclared routine: 'processZlib'
" />
    </testcase>
  </testsuite>
</testsuites>