<testsuites>
  <testsuite tests="223" failures="9" errors="28" name="nim">
    <testcase time="0.00101972" name="tbcd_user_type_be" />
    <testcase time="0.00097966" name="tbcd_user_type_le" />
    <testcase time="0.00091434" name="tbits_byte_aligned" />
    <testcase time="0.00096321" name="tbits_enum" />
    <testcase time="0.00087738" name="tbits_seq_endian_combo" />
    <testcase time="0.00093412" name="tbits_shift_by_b32_le" />
    <testcase time="0.00124073" name="tbits_shift_by_b64_le" />
    <testcase time="0.00084829" name="tbits_signed_res_b32_be" />
    <testcase time="0.00091100" name="tbits_signed_res_b32_le" />
    <testcase time="0.00087571" name="tbits_signed_shift_b32_le" />
    <testcase time="0.00111651" name="tbits_signed_shift_b64_le" />
    <testcase time="0.00092530" name="tbits_simple" />
    <testcase time="0.00094247" name="tbits_simple_le" />
    <testcase time="0.00089550" name="tbits_unaligned_b32_be" />
    <testcase time="0.00090480" name="tbits_unaligned_b32_le" />
    <testcase time="0.00095391" name="tbits_unaligned_b64_be" />
    <testcase time="0.00090861" name="tbits_unaligned_b64_le" />
    <testcase time="0.00089478" name="tbuffered_struct" />
    <testcase time="0.00102210" name="tbytes_pad_term" />
    <testcase time="0.00094962" name="tcast_nested" />
    <testcase time="0.00094318" name="tcast_to_top" />
    <testcase time="0.00101852" name="tcombine_bool" />
    <testcase time="0.00096774" name="tcombine_bytes" />
    <testcase time="0.00087142" name="tcombine_enum" />
    <testcase time="0.00099850" name="tcombine_str" />
    <testcase time="0.00096703" name="tdebug_0" />
    <testcase time="0.00000000" name="tdebug_array_user">
      <failure message="/tests/spec/nim/tdebug_array_user.nim(4, 26) Error: cannot open file: ../../compiled/nim/debug_array_user
" />
    </testcase>
    <testcase time="0.00000000" name="tdebug_array_user_current_excluded">
      <failure message="/tests/spec/nim/tdebug_array_user_current_excluded.nim(4, 26) Error: cannot open file: ../../compiled/nim/debug_array_user_current_excluded
" />
    </testcase>
    <testcase time="0.00091505" name="tdebug_enum_name" />
    <testcase time="0.00092864" name="tdebug_switch_user" />
    <testcase time="0.00097823" name="tdefault_big_endian" />
    <testcase time="0.00091028" name="tdefault_bit_endian_mod" />
    <testcase time="0.00104284" name="tdefault_endian_expr_inherited" />
    <testcase time="0.00098014" name="tdefault_endian_expr_is_be" />
    <testcase time="0.00092316" name="tdefault_endian_expr_is_le" />
    <testcase time="0.00101972" name="tdefault_endian_mod" />
    <testcase time="0.00090718" name="tdocstrings" />
    <testcase time="0.00091338" name="tdocstrings_docref" />
    <testcase time="0.00086069" name="tdocstrings_docref_multi" />
    <testcase time="0.00092220" name="tenum_0" />
    <testcase time="0.00088167" name="tenum_1" />
    <testcase time="0.00091672" name="tenum_deep" />
    <testcase time="0.00094247" name="tenum_deep_literals" />
    <testcase time="0.00097752" name="tenum_fancy" />
    <testcase time="0.00097156" name="tenum_if" />
    <testcase time="0.00000000" name="tenum_import_literals">
      <failure message="/tests/compiled/nim/enum_import_literals.nim(11, 17) Error: undeclared identifier: &amp;apos;EnumDeep_Container1_Container2_Animal&amp;apos;
candidates (edit distance, scope distance); see &amp;apos;--spellSuggest&amp;apos;: 
 (22, 0): &amp;apos;EnumImportLiterals&amp;apos; [type declared in /tests/compiled/nim/enum_import_literals.nim(5, 3)]
" />
    </testcase>
    <testcase time="0.00092936" name="tenum_import_seq" />
    <testcase time="0.00101662" name="tenum_int_range_s" />
    <testcase time="0.00093102" name="tenum_int_range_u" />
    <testcase time="0.00000000" name="tenum_invalid">
      <failure message="/tests/spec/nim/tenum_invalid.nim(10, 15) Error: type mismatch: got &amp;lt;EnumInvalid_Animal, int literal(111)&amp;gt;
but expected one of:
proc `==`[Enum: enum](x, y: Enum): bool
  first type mismatch at position: 2
  required type for y: Enum: enum
  but expression &amp;apos;111&amp;apos; is of type: int literal(111)
proc `==`[T: tuple | object](x, y: T): bool
  first type mismatch at position: 2
  required type for y: T: tuple or object
  but expression &amp;apos;111&amp;apos; is of type: int literal(111)
proc `==`[T](a, b: Option[T]): bool
  first type mismatch at position: 2
  required type for b: Option[==.T]
  but expression &amp;apos;111&amp;apos; is of type: int literal(111)
29 other mismatching symbols have been suppressed; compile with --showAllMismatches:on to see them

expression: r.pet2 == 111
" />
    </testcase>
    <testcase time="0.00093627" name="tenum_long_range_s" />
    <testcase time="0.00094199" name="tenum_long_range_u" />
    <testcase time="0.00092340" name="tenum_negative" />
    <testcase time="0.00091290" name="tenum_of_value_inst" />
    <testcase time="0.00089264" name="tenum_to_i" />
    <testcase time="0.00000000" name="tenum_to_i_class_border_1">
      <failure message="/tests/compiled/nim/enum_to_i_class_border_2.nim(7, 16) Error: undeclared identifier: &amp;apos;EnumToIClassBorder1&amp;apos;
candidates (edit distance, scope distance); see &amp;apos;--spellSuggest&amp;apos;: 
 (1, 0): &amp;apos;EnumToIClassBorder2&amp;apos; [type declared in /tests/compiled/nim/enum_to_i_class_border_2.nim(6, 3)]
 (1, 0): &amp;apos;enum_to_i_class_border_1&amp;apos; [module declared in /tests/compiled/nim/enum_to_i_class_border_2.nim(3, 8)]
This might be caused by a recursive module dependency:
/tests/compiled/nim/enum_to_i_class_border_1.nim imports /tests/compiled/nim/enum_to_i_class_border_2.nim
/tests/compiled/nim/enum_to_i_class_border_2.nim imports /tests/compiled/nim/enum_to_i_class_border_1.nim
" />
    </testcase>
    <testcase time="0.00000000" name="tenum_to_i_invalid">
      <failure message="/tests/spec/nim/tenum_to_i_invalid.nim(10, 15) Error: type mismatch: got &amp;lt;EnumToIInvalid_Animal, int literal(111)&amp;gt;
but expected one of:
proc `==`[Enum: enum](x, y: Enum): bool
  first type mismatch at position: 2
  required type for y: Enum: enum
  but expression &amp;apos;111&amp;apos; is of type: int literal(111)
proc `==`[T: tuple | object](x, y: T): bool
  first type mismatch at position: 2
  required type for y: T: tuple or object
  but expression &amp;apos;111&amp;apos; is of type: int literal(111)
proc `==`[T](a, b: Option[T]): bool
  first type mismatch at position: 2
  required type for b: Option[==.T]
  but expression &amp;apos;111&amp;apos; is of type: int literal(111)
29 other mismatching symbols have been suppressed; compile with --showAllMismatches:on to see them

expression: r.pet2 == 111
" />
    </testcase>
    <testcase time="0.00089788" name="texpr_0" />
    <testcase time="0.00093174" name="texpr_1" />
    <testcase time="0.00095892" name="texpr_2" />
    <testcase time="0.00091624" name="texpr_3" />
    <testcase time="0.00087547" name="texpr_array" />
    <testcase time="0.00090837" name="texpr_bits" />
    <testcase time="0.00090528" name="texpr_bytes_cmp" />
    <testcase time="0.00091004" name="texpr_bytes_non_literal" />
    <testcase time="0.00095773" name="texpr_bytes_ops" />
    <testcase time="0.00093389" name="texpr_calc_array_ops" />
    <testcase time="0.00088668" name="texpr_enum" />
    <testcase time="0.00099444" name="texpr_fstring_0" />
    <testcase time="0.00088143" name="texpr_if_int_ops" />
    <testcase time="0.00093031" name="texpr_int_div">
      <failure message="/tests/spec/nim/texpr_int_div.nim(12) texpr_int_div
/nim/lib/system/assertions.nim(38) failedAssertImpl
/nim/lib/system/assertions.nim(28) raiseAssert
/nim/lib/system/fatal.nim(54) sysFatal
Error: unhandled exception: /tests/spec/nim/texpr_int_div.nim(12, 8) `r.divNegConst == -757`  [AssertionDefect]
" />
    </testcase>
    <testcase time="0.00092673" name="texpr_io_eof" />
    <testcase time="0.00094795" name="texpr_io_pos" />
    <testcase time="0.00091672" name="texpr_io_ternary" />
    <testcase time="0.00090623" name="texpr_mod" />
    <testcase time="0.00095987" name="texpr_ops_parens" />
    <testcase time="0.00092673" name="texpr_sizeof_type_0" />
    <testcase time="0.00101185" name="texpr_sizeof_type_1" />
    <testcase time="0.00091171" name="texpr_sizeof_value_0" />
    <testcase time="0.00095630" name="texpr_sizeof_value_sized" />
    <testcase time="0.18014598" name="texpr_str_encodings">
      <failure message="Traceback (most recent call last)
/tests/spec/nim/texpr_str_encodings.nim(7) texpr_str_encodings
/tests/compiled/nim/expr_str_encodings.nim(122) fromFile
/tests/compiled/nim/expr_str_encodings.nim(62) read
/root/.nimble/pkgs/kaitai_struct_nim_runtime-#head/kaitai_struct_nim_runtime.nim(374) encode
/nim/lib/pure/encodings.nim(507) convert
/nim/lib/pure/encodings.nim(467) convert
SIGSEGV: Illegal storage access. (Attempt to read from nil?)
" />
    </testcase>
    <testcase time="0.00094223" name="texpr_str_ops" />
    <testcase time="0.00098348" name="tfixed_contents" />
    <testcase time="0.00095916" name="tfixed_struct" />
    <testcase time="0.00094509" name="tfloat_to_i" />
    <testcase time="0.00098610" name="tfloating_points">
      <failure message="/tests/spec/nim/tfloating_points.nim(13) tfloating_points
/nim/lib/system/assertions.nim(38) failedAssertImpl
/nim/lib/system/assertions.nim(28) raiseAssert
/nim/lib/system/fatal.nim(54) sysFatal
Error: unhandled exception: /tests/spec/nim/tfloating_points.nim(13, 8) `r.approximateValue == 1.2345`  [AssertionDefect]
" />
    </testcase>
    <testcase time="0.00094509" name="thello_world" />
    <testcase time="0.00093937" name="tif_instances" />
    <testcase time="0.00092387" name="tif_struct" />
    <testcase time="0.00092649" name="tif_values" />
    <testcase time="0.00092387" name="timports0" />
    <testcase time="0.00000000" name="timports_abs">
      <failure message="/tests/compiled/nim/vlq_base128_le.nim(80, 58) Error: type mismatch: got &amp;lt;uint64, int&amp;gt;
but expected one of:
proc `*`(x, y: uint64): uint64
  first type mismatch at position: 2
  required type for y: uint64
  but expression &amp;apos;len(this)&amp;apos; is of type: int
12 other mismatching symbols have been suppressed; compile with --showAllMismatches:on to see them

expression: 128&amp;apos;u64 * len(this)
" />
    </testcase>
    <testcase time="0.00096583" name="timports_abs_abs" />
    <testcase time="0.00087547" name="timports_abs_rel" />
    <testcase time="0.00000000" name="timports_cast_to_imported">
      <failure message="/tests/compiled/nim/cast_to_imported.nim(29, 30) Error: undeclared identifier: &amp;apos;HelloWorld&amp;apos;
candidates (edit distance, scope distance); see &amp;apos;--spellSuggest&amp;apos;: 
 (6, 4): &amp;apos;declared&amp;apos; [proc declared in /nim/lib/system.nim(169, 8)]
" />
    </testcase>
    <testcase time="0.00000000" name="timports_cast_to_imported2">
      <failure message="/tests/compiled/nim/cast_to_imported2.nim(8, 15) Error: undeclared identifier: &amp;apos;HelloWorld&amp;apos;
candidates (edit distance, scope distance); see &amp;apos;--spellSuggest&amp;apos;: 
 (6, 2): &amp;apos;declared&amp;apos; [proc declared in /nim/lib/system.nim(169, 8)]
" />
    </testcase>
    <testcase time="0.00000000" name="timports_circular_a">
      <failure message="/tests/compiled/nim/imports_circular_b.nim(8, 17) Error: undeclared identifier: &amp;apos;ImportsCircularA&amp;apos;
candidates (edit distance, scope distance); see &amp;apos;--spellSuggest&amp;apos;: 
 (1, 0): &amp;apos;ImportsCircularB&amp;apos; [type declared in /tests/compiled/nim/imports_circular_b.nim(6, 3)]
 (1, 0): &amp;apos;imports_circular_a&amp;apos; [module declared in /tests/compiled/nim/imports_circular_b.nim(3, 8)]
This might be caused by a recursive module dependency:
/tests/compiled/nim/imports_circular_a.nim imports /tests/compiled/nim/imports_circular_b.nim
/tests/compiled/nim/imports_circular_b.nim imports /tests/compiled/nim/imports_circular_a.nim
" />
    </testcase>
    <testcase time="0.00000000" name="timports_params_def_array_usertype_imported">
      <failure message="/tests/spec/nim/timports_params_def_array_usertype_imported.nim(12, 13) Error: undeclared field: &amp;apos;hw0One&amp;apos; for type params_def_array_usertype_imported.ParamsDefArrayUsertypeImported [type declared in /tests/compiled/nim/params_def_array_usertype_imported.nim(6, 3)]
" />
    </testcase>
    <testcase time="0.00094414" name="timports_params_def_enum_imported" />
    <testcase time="0.00000000" name="timports_params_def_usertype_imported">
      <failure message="/tests/spec/nim/timports_params_def_usertype_imported.nim(10, 13) Error: undeclared field: &amp;apos;hwOne&amp;apos; for type params_def_usertype_imported.ParamsDefUsertypeImported [type declared in /tests/compiled/nim/params_def_usertype_imported.nim(6, 3)]
" />
    </testcase>
    <testcase time="0.00098729" name="timports_rel_1" />
    <testcase time="0.00097680" name="tindex_sizes" />
    <testcase time="0.00096583" name="tindex_to_param_eos" />
    <testcase time="0.00094151" name="tindex_to_param_expr" />
    <testcase time="0.00105309" name="tindex_to_param_until" />
    <testcase time="0.00092125" name="tinstance_io_user" />
    <testcase time="0.00095534" name="tinstance_std" />
    <testcase time="0.00096321" name="tinstance_std_array" />
    <testcase time="0.00100493" name="tinstance_user_array" />
    <testcase time="0.00097847" name="tintegers" />
    <testcase time="0.00094104" name="tintegers_double_overflow" />
    <testcase time="0.00091672" name="tintegers_min_max" />
    <testcase time="0.00000000" name="tio_local_var">
      <failure message="/tests/compiled/nim/io_local_var.nim(59, 25) Error: type mismatch: got &amp;apos;seq[byte]&amp;apos; for &amp;apos;messUpInstExpr&amp;apos; but expected &amp;apos;KaitaiStruct = ref KaitaiStruct:ObjectType&amp;apos;
" />
    </testcase>
    <testcase time="0.00097036" name="tjs_signed_right_shift" />
    <testcase time="0.00088000" name="tmeta_tags" />
    <testcase time="0.00088811" name="tmeta_xref" />
    <testcase time="0.00091863" name="tmultiple_use" />
    <testcase time="0.00093365" name="tnav_parent" />
    <testcase time="0.00097823" name="tnav_parent2" />
    <testcase time="0.00090146" name="tnav_parent3" />
    <testcase time="0.00102830" name="tnav_parent_false" />
    <testcase time="0.00094891" name="tnav_parent_false2" />
    <testcase time="0.00098801" name="tnav_parent_override" />
    <testcase time="0.00092721" name="tnav_parent_recursive" />
    <testcase time="0.00100422" name="tnav_parent_switch" />
    <testcase time="0.00000000" name="tnav_parent_switch_cast">
      <failure message="/tests/compiled/nim/nav_parent_switch_cast.nim(92, 64) Error: undeclared field: &amp;apos;parent&amp;apos; for type kaitai_struct_nim_runtime.KaitaiStruct [type declared in /root/.nimble/pkgs/kaitai_struct_nim_runtime-#head/kaitai_struct_nim_runtime.nim(5, 3)]
" />
    </testcase>
    <testcase time="0.00095820" name="tnav_parent_vs_value_inst" />
    <testcase time="0.00092602" name="tnav_root" />
    <testcase time="0.00099087" name="tnav_root_recursive" />
    <testcase time="0.00101733" name="tnested_same_name" />
    <testcase time="0.00091481" name="tnested_same_name2" />
    <testcase time="0.00102806" name="tnested_type_param" />
    <testcase time="0.00088477" name="tnested_types" />
    <testcase time="0.00089884" name="tnested_types2" />
    <testcase time="0.00091577" name="tnested_types3" />
    <testcase time="0.00097299" name="tnested_types_import">
      <failure message="/tests/spec/nim/tnested_types_import.nim(15) tnested_types_import
/nim/lib/system/assertions.nim(38) failedAssertImpl
/nim/lib/system/assertions.nim(28) raiseAssert
/nim/lib/system/fatal.nim(54) sysFatal
Error: unhandled exception: /tests/spec/nim/tnested_types_import.nim(15, 8) `r.aCc.root == nil`  [AssertionDefect]
" />
    </testcase>
    <testcase time="0.00095916" name="tnon_standard" />
    <testcase time="0.00093460" name="tparams_call" />
    <testcase time="0.00100684" name="tparams_call_extra_parens" />
    <testcase time="0.00090742" name="tparams_enum" />
    <testcase time="0.00092149" name="tparams_pass_array_int" />
    <testcase time="0.00093770" name="tparams_pass_array_str" />
    <testcase time="0.00106001" name="tparams_pass_array_struct" />
    <testcase time="0.00104499" name="tparams_pass_array_usertype" />
    <testcase time="0.00097704" name="tparams_pass_bool" />
    <testcase time="0.00104856" name="tparams_pass_struct" />
    <testcase time="0.00100827" name="tparams_pass_usertype" />
    <testcase time="0.00099492" name="tposition_abs" />
    <testcase time="0.00100207" name="tposition_in_seq" />
    <testcase time="0.00090837" name="tposition_to_end" />
    <testcase time="0.00096154" name="tprocess_coerce_bytes" />
    <testcase time="0.00000000" name="tprocess_coerce_switch">
      <failure message="/tests/spec/nim/tprocess_coerce_switch.nim(7, 28) template/generic instantiation of `fromFile` from here
/tests/compiled/nim/process_coerce_switch.nim(75, 22) template/generic instantiation of `read` from here
/tests/compiled/nim/process_coerce_switch.nim(48, 26) Error: type mismatch: got &amp;apos;seq[byte]&amp;apos; for &amp;apos;bufUnprocExpr&amp;apos; but expected &amp;apos;KaitaiStruct = ref KaitaiStruct:ObjectType&amp;apos;
" />
    </testcase>
    <testcase time="0.00093770" name="tprocess_coerce_usertype1" />
    <testcase time="0.00097537" name="tprocess_coerce_usertype2" />
    <testcase time="0.00000000" name="tprocess_custom">
      <failure message="/tests/compiled/nim/process_custom.nim(3, 8) Error: cannot open file: my_custom_fx
" />
    </testcase>
    <testcase time="0.00000000" name="tprocess_custom_no_args">
      <failure message="/tests/compiled/nim/process_custom_no_args.nim(3, 8) Error: cannot open file: custom_fx_no_args
" />
    </testcase>
    <testcase time="0.00095749" name="tprocess_repeat_bytes" />
    <testcase time="0.00000000" name="tprocess_repeat_usertype">
      <failure message="/tests/spec/nim/tprocess_repeat_usertype.nim(7, 30) template/generic instantiation of `fromFile` from here
/tests/compiled/nim/process_repeat_usertype.nim(37, 24) template/generic instantiation of `read` from here
/tests/compiled/nim/process_repeat_usertype.nim(30, 9) Error: redefinition of &amp;apos;buf&amp;apos;; previous declaration here: /tests/compiled/nim/process_repeat_usertype.nim(28, 9)
" />
    </testcase>
    <testcase time="0.00099134" name="tprocess_rotate" />
    <testcase time="0.00098825" name="tprocess_to_user" />
    <testcase time="0.00099540" name="tprocess_xor4_const" />
    <testcase time="0.00094199" name="tprocess_xor4_value" />
    <testcase time="0.00089169" name="tprocess_xor_const" />
    <testcase time="0.00100398" name="tprocess_xor_value" />
    <testcase time="0.00094795" name="trecursive_one" />
    <testcase time="0.00103807" name="trepeat_eos_bit" />
    <testcase time="0.00100422" name="trepeat_eos_struct" />
    <testcase time="0.00103378" name="trepeat_eos_u4" />
    <testcase time="0.00103521" name="trepeat_n_struct" />
    <testcase time="0.00098324" name="trepeat_n_strz" />
    <testcase time="0.00106120" name="trepeat_n_strz_double" />
    <testcase time="0.00100517" name="trepeat_until_calc_array_type" />
    <testcase time="0.00098968" name="trepeat_until_complex" />
    <testcase time="0.00095940" name="trepeat_until_s4" />
    <testcase time="0.00098586" name="trepeat_until_sized" />
    <testcase time="0.06537652" name="tstr_encodings">
      <failure message="Traceback (most recent call last)
/tests/spec/nim/tstr_encodings.nim(7) tstr_encodings
/tests/compiled/nim/str_encodings.nim(45) fromFile
/tests/compiled/nim/str_encodings.nim(41) read
/root/.nimble/pkgs/kaitai_struct_nim_runtime-#head/kaitai_struct_nim_runtime.nim(374) encode
/nim/lib/pure/encodings.nim(507) convert
/nim/lib/pure/encodings.nim(467) convert
SIGSEGV: Illegal storage access. (Attempt to read from nil?)
" />
    </testcase>
    <testcase time="0.06690812" name="tstr_encodings_default">
      <failure message="Traceback (most recent call last)
/tests/spec/nim/tstr_encodings_default.nim(7) tstr_encodings_default
/tests/compiled/nim/str_encodings_default.nim(39) fromFile
/tests/compiled/nim/str_encodings_default.nim(35) read
/tests/compiled/nim/str_encodings_default.nim(59) read
/root/.nimble/pkgs/kaitai_struct_nim_runtime-#head/kaitai_struct_nim_runtime.nim(374) encode
/nim/lib/pure/encodings.nim(507) convert
/nim/lib/pure/encodings.nim(467) convert
SIGSEGV: Illegal storage access. (Attempt to read from nil?)
" />
    </testcase>
    <testcase time="0.00094008" name="tstr_encodings_utf16" />
    <testcase time="0.00097275" name="tstr_eos" />
    <testcase time="0.00101161" name="tstr_literals">
      <failure message="/tests/spec/nim/tstr_literals.nim(9) tstr_literals
/nim/lib/system/assertions.nim(38) failedAssertImpl
/nim/lib/system/assertions.nim(28) raiseAssert
/nim/lib/system/fatal.nim(54) sysFatal
Error: unhandled exception: /tests/spec/nim/tstr_literals.nim(9, 8) `strToArr(r.complexStr) ==
    @[0&amp;apos;i32, 1, 2, 7, 8, 10, 13, 9, 11, 12, 27, 61, 7, 10, 36, 9787]`  [AssertionDefect]
" />
    </testcase>
    <testcase time="0.00087333" name="tstr_literals2" />
    <testcase time="0.00095391" name="tstr_literals_latin1">
      <failure message="/tests/spec/nim/tstr_literals_latin1.nim(9) tstr_literals_latin1
/nim/lib/system/assertions.nim(38) failedAssertImpl
/nim/lib/system/assertions.nim(28) raiseAssert
/nim/lib/system/fatal.nim(54) sysFatal
Error: unhandled exception: /tests/spec/nim/tstr_literals_latin1.nim(9, 8) `r.parsedEqLiteral == true`  [AssertionDefect]
" />
    </testcase>
    <testcase time="0.00102162" name="tstr_pad_term" />
    <testcase time="0.00102186" name="tstr_pad_term_empty" />
    <testcase time="0.00091386" name="tstr_pad_term_utf16" />
    <testcase time="0.00114250" name="tswitch_bytearray" />
    <testcase time="0.00097632" name="tswitch_else_only" />
    <testcase time="0.00104117" name="tswitch_integers" />
    <testcase time="0.00097895" name="tswitch_integers2" />
    <testcase time="0.00098372" name="tswitch_manual_enum" />
    <testcase time="0.00000000" name="tswitch_manual_enum_invalid">
      <failure message="/tests/spec/nim/tswitch_manual_enum_invalid.nim(10, 26) Error: type mismatch: got &amp;lt;SwitchManualEnumInvalid_Opcode_CodeEnum, int literal(255)&amp;gt;
but expected one of:
proc `==`[Enum: enum](x, y: Enum): bool
  first type mismatch at position: 2
  required type for y: Enum: enum
  but expression &amp;apos;255&amp;apos; is of type: int literal(255)
proc `==`[T: tuple | object](x, y: T): bool
  first type mismatch at position: 2
  required type for y: T: tuple or object
  but expression &amp;apos;255&amp;apos; is of type: int literal(255)
proc `==`[T](a, b: Option[T]): bool
  first type mismatch at position: 2
  required type for b: Option[==.T]
  but expression &amp;apos;255&amp;apos; is of type: int literal(255)
29 other mismatching symbols have been suppressed; compile with --showAllMismatches:on to see them

expression: r.opcodes[0].code == 255
" />
    </testcase>
    <testcase time="0.00000000" name="tswitch_manual_enum_invalid_else">
      <failure message="/tests/spec/nim/tswitch_manual_enum_invalid_else.nim(10, 26) Error: type mismatch: got &amp;lt;SwitchManualEnumInvalidElse_Opcode_CodeEnum, int literal(255)&amp;gt;
but expected one of:
proc `==`[Enum: enum](x, y: Enum): bool
  first type mismatch at position: 2
  required type for y: Enum: enum
  but expression &amp;apos;255&amp;apos; is of type: int literal(255)
proc `==`[T: tuple | object](x, y: T): bool
  first type mismatch at position: 2
  required type for y: T: tuple or object
  but expression &amp;apos;255&amp;apos; is of type: int literal(255)
proc `==`[T](a, b: Option[T]): bool
  first type mismatch at position: 2
  required type for b: Option[==.T]
  but expression &amp;apos;255&amp;apos; is of type: int literal(255)
29 other mismatching symbols have been suppressed; compile with --showAllMismatches:on to see them

expression: r.opcodes[0].code == 255
" />
    </testcase>
    <testcase time="0.00102973" name="tswitch_manual_int" />
    <testcase time="0.00100327" name="tswitch_manual_int_else" />
    <testcase time="0.00000000" name="tswitch_manual_int_size">
      <failure message="/tests/spec/nim/tswitch_manual_int_size.nim(7, 28) template/generic instantiation of `fromFile` from here
/tests/compiled/nim/switch_manual_int_size.nim(44, 22) template/generic instantiation of `read` from here
/tests/compiled/nim/switch_manual_int_size.nim(39, 41) template/generic instantiation of `read` from here
/tests/compiled/nim/switch_manual_int_size.nim(74, 19) Error: type mismatch: got &amp;apos;seq[byte]&amp;apos; for &amp;apos;bodyExpr&amp;apos; but expected &amp;apos;KaitaiStruct = ref KaitaiStruct:ObjectType&amp;apos;
" />
    </testcase>
    <testcase time="0.00110698" name="tswitch_manual_int_size_else" />
    <testcase time="0.00000000" name="tswitch_manual_int_size_eos">
      <failure message="/tests/spec/nim/tswitch_manual_int_size_eos.nim(7, 31) template/generic instantiation of `fromFile` from here
/tests/compiled/nim/switch_manual_int_size_eos.nim(49, 25) template/generic instantiation of `read` from here
/tests/compiled/nim/switch_manual_int_size_eos.nim(44, 44) template/generic instantiation of `read` from here
/tests/compiled/nim/switch_manual_int_size_eos.nim(66, 50) template/generic instantiation of `read` from here
/tests/compiled/nim/switch_manual_int_size_eos.nim(96, 19) Error: type mismatch: got &amp;apos;seq[byte]&amp;apos; for &amp;apos;bodyExpr&amp;apos; but expected &amp;apos;KaitaiStruct = ref KaitaiStruct:ObjectType&amp;apos;
" />
    </testcase>
    <testcase time="0.00093699" name="tswitch_manual_str" />
    <testcase time="0.00098205" name="tswitch_manual_str_else" />
    <testcase time="0.00097537" name="tswitch_multi_bool_ops" />
    <testcase time="0.00000000" name="tswitch_repeat_expr">
      <failure message="/tests/spec/nim/tswitch_repeat_expr.nim(7, 25) template/generic instantiation of `fromFile` from here
/tests/compiled/nim/switch_repeat_expr.nim(55, 19) template/generic instantiation of `read` from here
/tests/compiled/nim/switch_repeat_expr.nim(52, 18) Error: type mismatch: got &amp;lt;seq[KaitaiStruct], seq[byte]&amp;gt;
but expected one of:
proc add[T](x: var seq[T]; y: openArray[T])
  first type mismatch at position: 2
  required type for y: openArray[T]
  but expression &amp;apos;it&amp;apos; is of type: seq[byte]
proc add[T](x: var seq[T]; y: sink T)
  first type mismatch at position: 2
  required type for y: sink T
  but expression &amp;apos;it&amp;apos; is of type: seq[byte]
3 other mismatching symbols have been suppressed; compile with --showAllMismatches:on to see them

expression: add(result.body, it)
" />
    </testcase>
    <testcase time="0.00000000" name="tswitch_repeat_expr_invalid">
      <failure message="/tests/spec/nim/tswitch_repeat_expr_invalid.nim(7, 32) template/generic instantiation of `fromFile` from here
/tests/compiled/nim/switch_repeat_expr_invalid.nim(55, 26) template/generic instantiation of `read` from here
/tests/compiled/nim/switch_repeat_expr_invalid.nim(52, 18) Error: type mismatch: got &amp;lt;seq[KaitaiStruct], seq[byte]&amp;gt;
but expected one of:
proc add[T](x: var seq[T]; y: openArray[T])
  first type mismatch at position: 2
  required type for y: openArray[T]
  but expression &amp;apos;it&amp;apos; is of type: seq[byte]
proc add[T](x: var seq[T]; y: sink T)
  first type mismatch at position: 2
  required type for y: sink T
  but expression &amp;apos;it&amp;apos; is of type: seq[byte]
3 other mismatching symbols have been suppressed; compile with --showAllMismatches:on to see them

expression: add(result.body, it)
" />
    </testcase>
    <testcase time="0.00094008" name="tterm_bytes" />
    <testcase time="0.00093913" name="tterm_strz" />
    <testcase time="0.00093341" name="tterm_strz_utf16_v1" />
    <testcase time="0.00098753" name="tterm_strz_utf16_v2" />
    <testcase time="0.00102496" name="tterm_strz_utf16_v3" />
    <testcase time="0.00101113" name="tterm_strz_utf16_v4" />
    <testcase time="0.00095606" name="tterm_u1_val" />
    <testcase time="0.00091147" name="tts_packet_header" />
    <testcase time="0.00091720" name="ttype_int_unary_op" />
    <testcase time="0.00093031" name="ttype_ternary" />
    <testcase time="0.00096941" name="ttype_ternary_2nd_falsy" />
    <testcase time="0.00096822" name="tuser_type" />
    <testcase time="0.06203246" name="tvalid_eq_str_encodings">
      <failure message="Traceback (most recent call last)
/tests/spec/nim/tvalid_eq_str_encodings.nim(7) tvalid_eq_str_encodings
/tests/compiled/nim/valid_eq_str_encodings.nim(45) fromFile
/tests/compiled/nim/valid_eq_str_encodings.nim(41) read
/root/.nimble/pkgs/kaitai_struct_nim_runtime-#head/kaitai_struct_nim_runtime.nim(374) encode
/nim/lib/pure/encodings.nim(507) convert
/nim/lib/pure/encodings.nim(467) convert
SIGSEGV: Illegal storage access. (Attempt to read from nil?)
" />
    </testcase>
    <testcase time="0.00093341" name="tvalid_long" />
    <testcase time="0.00089335" name="tvalid_not_parsed_if" />
    <testcase time="0.00000000" name="tvalid_optional_id">
      <failure message="/tests/spec/nim/tvalid_optional_id.nim(4, 26) Error: cannot open file: ../../compiled/nim/valid_optional_id
" />
    </testcase>
    <testcase time="0.00099039" name="tvalid_short" />
    <testcase time="0.00108123" name="tvalid_switch" />
    <testcase time="0.00000000" name="tyaml_ints">
      <failure message="/tests/compiled/nim/yaml_ints.nim(51, 30) Error: 18446744073709551615 can&amp;apos;t be converted to int
" />
    </testcase>
    <testcase time="0.00000000" name="tzlib_surrounded">
      <failure message="/tests/spec/nim/tzlib_surrounded.nim(7, 23) template/generic instantiation of `fromFile` from here
/tests/compiled/nim/zlib_surrounded.nim(41, 17) template/generic instantiation of `read` from here
/tests/compiled/nim/zlib_surrounded.nim(32, 36) Error: attempting to call undeclared routine: &amp;apos;processZlib&amp;apos;
" />
    </testcase>
    <testcase time="0.00000000" name="tzlib_with_header_78">
      <failure message="/tests/spec/nim/tzlib_with_header_78.nim(7, 25) template/generic instantiation of `fromFile` from here
/tests/compiled/nim/zlib_with_header_78.nim(27, 19) template/generic instantiation of `read` from here
/tests/compiled/nim/zlib_with_header_78.nim(23, 30) Error: attempting to call undeclared routine: &amp;apos;processZlib&amp;apos;
" />
    </testcase>
  </testsuite>
</testsuites>