<testsuites><testsuite tests="164" failures="1" errors="53" name="tests">
    <testcase time="0.001679658889770508" name="tbcd_user_type_be" />
    <testcase time="0.001727104187011719" name="tbcd_user_type_le" />
    <testcase time="0.001595497131347656" name="tbits_byte_aligned" />
    <testcase time="0.001647710800170898" name="tbits_enum" />
    <testcase time="0.001655101776123047" name="tbits_simple" />
    <testcase time="0.001468658447265625" name="tbuffered_struct" />
    <testcase time="0.001464128494262695" name="tbytes_pad_term" />
    <testcase time="0.001526832580566406" name="tcast_nested" />
    <testcase time="0.001415252685546875" name="tcast_to_imported" />
    <testcase time="0.001565217971801758" name="tcast_to_top" />
    <testcase time="0.001509666442871094" name="tcombine_bool" />
    <testcase time="0.001428842544555664" name="tcombine_bytes" />
    <testcase time="0.001620769500732422" name="tcombine_str" />
    <testcase time="0.00000000" name="tdebug_switch_user"><failure message="compile error" /></testcase>
    <testcase time="0.001326799392700195" name="tdefault_big_endian" />
    <testcase time="0.001513957977294922" name="tdefault_endian_expr_inherited" />
    <testcase time="0.001441717147827148" name="tdefault_endian_expr_is_be" />
    <testcase time="0.001447200775146484" name="tdefault_endian_expr_is_le" />
    <testcase time="0.00139164924621582" name="tdefault_endian_mod" />
    <testcase time="0.001484155654907227" name="tdocstrings" />
    <testcase time="0.001417160034179688" name="tdocstrings_docref" />
    <testcase time="0.001359462738037109" name="tdocstrings_docref_multi" />
    <testcase time="0.00136256217956543" name="tenum_0" />
    <testcase time="0.00139164924621582" name="tenum_1" />
    <testcase time="0.001338005065917969" name="tenum_deep" />
    <testcase time="0.001408815383911133" name="tenum_deep_literals" />
    <testcase time="0.00137639045715332" name="tenum_fancy" />
    <testcase time="0.001464128494262695" name="tenum_if" />
    <testcase time="0.00000000" name="tenum_import"><failure message="compile error" /></testcase>
    <testcase time="0.001405715942382812" name="tenum_int_range_s" />
    <testcase time="0.001535892486572266" name="tenum_int_range_u" />
    <testcase time="0.001382589340209961" name="tenum_invalid" />
    <testcase time="0.001429319381713867" name="tenum_long_range_s" />
    <testcase time="0.001359939575195312" name="tenum_long_range_u" />
    <testcase time="0.001334428787231445" name="tenum_negative" />
    <testcase time="0.001393318176269531" name="tenum_of_value_inst" />
    <testcase time="0.001507759094238281" name="tenum_to_i" />
    <testcase time="0.00000000" name="tenum_to_i_class_border_1"><failure message="compile error" /></testcase>
    <testcase time="0.00147557258605957" name="texpr_0" />
    <testcase time="0.001586675643920898" name="texpr_1" />
    <testcase time="0.001559257507324219" name="texpr_2" />
    <testcase time="0.00146794319152832" name="texpr_3" />
    <testcase time="0.001636505126953125" name="texpr_array" />
    <testcase time="0.00000000" name="texpr_bits"><failure message="compile error" /></testcase>
    <testcase time="0.001459121704101562" name="texpr_bytes_cmp" />
    <testcase time="0.00000000" name="texpr_bytes_literal"><failure message="compile error" /></testcase>
    <testcase time="0.001344680786132812" name="texpr_bytes_ops" />
    <testcase time="0.001447916030883789" name="texpr_calc_array_ops" />
    <testcase time="0.001389265060424805" name="texpr_enum" />
    <testcase time="0.00146031379699707" name="texpr_io_eof" />
    <testcase time="0.001539230346679688" name="texpr_io_pos" />
    <testcase time="0.001373767852783203" name="texpr_mod" />
    <testcase time="0.001508474349975586" name="texpr_ops_parens" />
    <testcase time="0.001422405242919922" name="texpr_sizeof_type_0" />
    <testcase time="0.001409530639648438" name="texpr_sizeof_type_1" />
    <testcase time="0.001438617706298828" name="texpr_sizeof_value_0" />
    <testcase time="0.001492500305175781" name="texpr_sizeof_value_sized" />
    <testcase time="0.001603364944458008" name="texpr_str_ops" />
    <testcase time="0.001460075378417969" name="tfixed_contents" />
    <testcase time="0.00144195556640625" name="tfixed_struct" />
    <testcase time="0.001451015472412109" name="tfloat_to_i" />
    <testcase time="0.001447439193725586" name="tfloating_points" />
    <testcase time="0.001415252685546875" name="thello_world" />
    <testcase time="0.001447439193725586" name="tif_instances" />
    <testcase time="0.001634597778320312" name="tif_struct" />
    <testcase time="0.0015106201171875" name="tif_values" />
    <testcase time="0.001468896865844727" name="timports0" />
    <testcase time="0.00000000" name="timports_abs"><failure message="compile error" /></testcase>
    <testcase time="0.00000000" name="tindex_sizes"><failure message="compile error" /></testcase>
    <testcase time="0.00000000" name="tindex_to_param_eos"><failure message="compile error" /></testcase>
    <testcase time="0.00000000" name="tindex_to_param_expr"><failure message="compile error" /></testcase>
    <testcase time="0.00000000" name="tindex_to_param_until"><failure message="compile error" /></testcase>
    <testcase time="0.00000000" name="tinstance_io_user"><failure message="compile error" /></testcase>
    <testcase time="0.001524925231933594" name="tinstance_std" />
    <testcase time="0.00000000" name="tinstance_std_array"><failure message="compile error" /></testcase>
    <testcase time="0.00000000" name="tinstance_user_array"><failure message="compile error" /></testcase>
    <testcase time="0.001475811004638672" name="tintegers" />
    <testcase time="0.00000000" name="tintegers_min_max"><failure message="compile error" /></testcase>
    <testcase time="0.00000000" name="tio_local_var"><failure message="compile error" /></testcase>
    <testcase time="0.00000000" name="tjs_signed_right_shift"><failure message="compile error" /></testcase>
    <testcase time="0.001386642456054688" name="tmeta_tags" />
    <testcase time="0.001482009887695312" name="tmeta_xref" />
    <testcase time="0.001440048217773438" name="tmultiple_use" />
    <testcase time="0.001540184020996094" name="tnav_parent" />
    <testcase time="0.00000000" name="tnav_parent2"><failure message="compile error" /></testcase>
    <testcase time="0.00000000" name="tnav_parent3"><failure message="compile error" /></testcase>
    <testcase time="0.001444339752197266" name="tnav_parent_false" />
    <testcase time="0.001524209976196289" name="tnav_parent_false2" />
    <testcase time="0.001386404037475586" name="tnav_parent_override" />
    <testcase time="0.001474618911743164" name="tnav_parent_switch" />
    <testcase time="0.00000000" name="tnav_parent_switch_cast"><failure message="compile error" /></testcase>
    <testcase time="0.001463174819946289" name="tnav_parent_vs_value_inst" />
    <testcase time="0.00000000" name="tnav_root"><failure message="compile error" /></testcase>
    <testcase time="0.001613378524780273" name="tnested_same_name" />
    <testcase time="0.001614570617675781" name="tnested_same_name2" />
    <testcase time="0.00000000" name="tnested_type_param"><failure message="compile error" /></testcase>
    <testcase time="0.001894474029541016" name="tnested_types" />
    <testcase time="0.001508235931396484" name="tnested_types2" />
    <testcase time="0.00153350830078125" name="tnested_types3" />
    <testcase time="0.00139617919921875" name="tnon_standard" />
    <testcase time="0.00000000" name="tparams_call_extra_parens"><failure message="compile error" /></testcase>
    <testcase time="0.00000000" name="tparams_call_short"><failure message="compile error" /></testcase>
    <testcase time="0.00000000" name="tparams_enum"><failure message="compile error" /></testcase>
    <testcase time="0.00000000" name="tparams_pass_array_int"><failure message="compile error" /></testcase>
    <testcase time="0.00000000" name="tparams_pass_array_str"><failure message="compile error" /></testcase>
    <testcase time="0.00000000" name="tparams_pass_array_struct"><failure message="compile error" /></testcase>
    <testcase time="0.00000000" name="tparams_pass_array_usertype"><failure message="compile error" /></testcase>
    <testcase time="0.00000000" name="tparams_pass_usertype"><failure message="compile error" /></testcase>
    <testcase time="0.001470327377319336" name="tposition_abs" />
    <testcase time="0.00000000" name="tposition_in_seq"><failure message="compile error" /></testcase>
    <testcase time="0.001491308212280273" name="tposition_to_end" />
    <testcase time="0.00000000" name="tprocess_coerce_bytes"><failure message="compile error" /></testcase>
    <testcase time="0.00000000" name="tprocess_coerce_switch"><failure message="compile error" /></testcase>
    <testcase time="0.00000000" name="tprocess_coerce_usertype1"><failure message="compile error" /></testcase>
    <testcase time="0.00000000" name="tprocess_coerce_usertype2"><failure message="compile error" /></testcase>
    <testcase time="0.00000000" name="tprocess_custom"><failure message="compile error" /></testcase>
    <testcase time="0.00000000" name="tprocess_custom_no_args"><failure message="compile error" /></testcase>
    <testcase time="0.00000000" name="tprocess_repeat_bytes"><failure message="compile error" /></testcase>
    <testcase time="0.00000000" name="tprocess_repeat_usertype"><failure message="compile error" /></testcase>
    <testcase time="0.00000000" name="tprocess_rotate"><failure message="compile error" /></testcase>
    <testcase time="0.00000000" name="tprocess_to_user"><failure message="compile error" /></testcase>
    <testcase time="0.00000000" name="tprocess_xor4_const"><failure message="compile error" /></testcase>
    <testcase time="0.00000000" name="tprocess_xor4_value"><failure message="compile error" /></testcase>
    <testcase time="0.00000000" name="tprocess_xor_const"><failure message="compile error" /></testcase>
    <testcase time="0.00000000" name="tprocess_xor_value"><failure message="compile error" /></testcase>
    <testcase time="0.001369476318359375" name="trecursive_one" />
    <testcase time="0.001463413238525391" name="trepeat_eos_bit"><failure /></testcase>
    <testcase time="0.001372098922729492" name="trepeat_eos_struct" />
    <testcase time="0.00000000" name="trepeat_eos_u4"><failure message="compile error" /></testcase>
    <testcase time="0.001524209976196289" name="trepeat_n_struct" />
    <testcase time="0.001579046249389648" name="trepeat_n_strz" />
    <testcase time="0.001494884490966797" name="trepeat_n_strz_double" />
    <testcase time="0.00000000" name="trepeat_until_complex"><failure message="compile error" /></testcase>
    <testcase time="0.00000000" name="trepeat_until_s4"><failure message="compile error" /></testcase>
    <testcase time="0.00000000" name="trepeat_until_sized"><failure message="compile error" /></testcase>
    <testcase time="0.005858182907104492" name="tstr_encodings" />
    <testcase time="0.001887083053588867" name="tstr_encodings_default" />
    <testcase time="0.00149989128112793" name="tstr_eos" />
    <testcase time="0.001430511474609375" name="tstr_literals2" />
    <testcase time="0.001451253890991211" name="tstr_pad_term" />
    <testcase time="0.001593112945556641" name="tstr_pad_term_empty" />
    <testcase time="0.001512527465820312" name="tswitch_bytearray" />
    <testcase time="0.001545906066894531" name="tswitch_else_only" />
    <testcase time="0.001384973526000977" name="tswitch_integers" />
    <testcase time="0.00000000" name="tswitch_integers2"><failure message="compile error" /></testcase>
    <testcase time="0.001584768295288086" name="tswitch_manual_enum" />
    <testcase time="0.0016632080078125" name="tswitch_manual_enum_invalid" />
    <testcase time="0.001623868942260742" name="tswitch_manual_enum_invalid_else" />
    <testcase time="0.001694917678833008" name="tswitch_manual_int" />
    <testcase time="0.001680135726928711" name="tswitch_manual_int_else" />
    <testcase time="0.001497268676757812" name="tswitch_manual_str" />
    <testcase time="0.001480340957641602" name="tswitch_manual_str_else" />
    <testcase time="0.001419544219970703" name="tterm_bytes" />
    <testcase time="0.001425743103027344" name="tterm_strz" />
    <testcase time="0.001423358917236328" name="tts_packet_header" />
    <testcase time="0.00000000" name="ttype_int_unary_op"><failure message="compile error" /></testcase>
    <testcase time="0.00000000" name="ttype_ternary"><failure message="compile error" /></testcase>
    <testcase time="0.001439809799194336" name="tuser_type" />
    <testcase time="0.001524209976196289" name="tvalid_long" />
    <testcase time="0.001429557800292969" name="tvalid_not_parsed_if" />
    <testcase time="0.001573801040649414" name="tvalid_short" />
    <testcase time="0.001626014709472656" name="tvalid_switch" />
    <testcase time="0.00000000" name="tzlib_surrounded"><failure message="compile error" /></testcase>
    <testcase time="0.00000000" name="tzlib_with_header_78"><failure message="compile error" /></testcase>
  </testsuite></testsuites>