<testsuites>
  <testsuite tests="185" failures="109" errors="72" name="tests">
    <testcase time="0.00000000" name="tbcd_user_type_be">
      <failure message="/home/travis/build/kaitai-io/ci_targets/compiled/nim/bcd_user_type_be.nim(144, 21) Error: type mismatch: got &lt;int, typeof(nil)&gt;
but expected one of: 
proc `==`(a, b: Option): bool
  first type mismatch at position: 2
  required type for b: Option
  but expression 'nil' is of type: typeof(nil)
proc `==`(x, y: int): bool
  first type mismatch at position: 2
  required type for y: int
  but expression 'nil' is of type: typeof(nil)
proc `==`(x, y: int64): bool
  first type mismatch at position: 2
  required type for y: int64
  but expression 'nil' is of type: typeof(nil)
proc `==`[T: tuple | object](x, y: T): bool
  first type mismatch at position: 2
  required type for y: T: tuple or object
  but expression 'nil' is of type: typeof(nil)
25 other mismatching symbols have been suppressed; compile with --showAllMismatches:on to see them

expression: this.asIntInst == nil
" />
    </testcase>
    <testcase time="0.00000000" name="tbcd_user_type_le">
      <failure message="/home/travis/build/kaitai-io/ci_targets/compiled/nim/bcd_user_type_le.nim(144, 21) Error: type mismatch: got &lt;int, typeof(nil)&gt;
but expected one of: 
proc `==`(a, b: Option): bool
  first type mismatch at position: 2
  required type for b: Option
  but expression 'nil' is of type: typeof(nil)
proc `==`(x, y: int): bool
  first type mismatch at position: 2
  required type for y: int
  but expression 'nil' is of type: typeof(nil)
proc `==`(x, y: int64): bool
  first type mismatch at position: 2
  required type for y: int64
  but expression 'nil' is of type: typeof(nil)
proc `==`[T: tuple | object](x, y: T): bool
  first type mismatch at position: 2
  required type for y: T: tuple or object
  but expression 'nil' is of type: typeof(nil)
25 other mismatching symbols have been suppressed; compile with --showAllMismatches:on to see them

expression: this.asIntInst == nil
" />
    </testcase>
    <testcase time="0.002046108245849609" name="tbits_byte_aligned">
      <failure message="Traceback (most recent call last)
/home/travis/build/kaitai-io/ci_targets/tests/spec/nim/tests/tbits_byte_aligned.nim(7) tbits_byte_aligned
/home/travis/build/kaitai-io/ci_targets/compiled/nim/bits_byte_aligned.nim(52) fromFile
/home/travis/build/kaitai-io/ci_targets/compiled/nim/bits_byte_aligned.nim(28) read
/home/travis/.nimble/pkgs/kaitai_struct_nim_runtime-0.9.0/kaitai_struct_nim_runtime.nim(226) readBitsIntBe
/opt/Nim-1.2.0/lib/pure/streams.nim(227) readData
SIGSEGV: Illegal storage access. (Attempt to read from nil?)
" />
    </testcase>
    <testcase time="0.00205683708190918" name="tbits_enum">
      <failure message="Traceback (most recent call last)
/home/travis/build/kaitai-io/ci_targets/tests/spec/nim/tests/tbits_enum.nim(7) tbits_enum
/home/travis/build/kaitai-io/ci_targets/compiled/nim/bits_enum.nim(35) fromFile
/home/travis/build/kaitai-io/ci_targets/compiled/nim/bits_enum.nim(27) read
/home/travis/.nimble/pkgs/kaitai_struct_nim_runtime-0.9.0/kaitai_struct_nim_runtime.nim(226) readBitsIntBe
/opt/Nim-1.2.0/lib/pure/streams.nim(227) readData
SIGSEGV: Illegal storage access. (Attempt to read from nil?)
" />
    </testcase>
    <testcase time="0.002032279968261719" name="tbits_seq_endian_combo">
      <failure message="Traceback (most recent call last)
/home/travis/build/kaitai-io/ci_targets/tests/spec/nim/tests/tbits_seq_endian_combo.nim(7) tbits_seq_endian_combo
/home/travis/build/kaitai-io/ci_targets/compiled/nim/bits_seq_endian_combo.nim(45) fromFile
/home/travis/build/kaitai-io/ci_targets/compiled/nim/bits_seq_endian_combo.nim(27) read
/home/travis/.nimble/pkgs/kaitai_struct_nim_runtime-0.9.0/kaitai_struct_nim_runtime.nim(226) readBitsIntBe
/opt/Nim-1.2.0/lib/pure/streams.nim(227) readData
SIGSEGV: Illegal storage access. (Attempt to read from nil?)
" />
    </testcase>
    <testcase time="0.002051830291748047" name="tbits_signed_b32_le">
      <failure message="Traceback (most recent call last)
/home/travis/build/kaitai-io/ci_targets/tests/spec/nim/tests/tbits_signed_b32_le.nim(7) tbits_signed_b32_le
/home/travis/build/kaitai-io/ci_targets/compiled/nim/bits_signed_b32_le.nim(33) fromFile
/home/travis/build/kaitai-io/ci_targets/compiled/nim/bits_signed_b32_le.nim(23) read
/home/travis/.nimble/pkgs/kaitai_struct_nim_runtime-0.9.0/kaitai_struct_nim_runtime.nim(246) readBitsIntLe
/opt/Nim-1.2.0/lib/pure/streams.nim(227) readData
SIGSEGV: Illegal storage access. (Attempt to read from nil?)
" />
    </testcase>
    <testcase time="0.002099275588989258" name="tbits_signed_b64_le">
      <failure message="Traceback (most recent call last)
/home/travis/build/kaitai-io/ci_targets/tests/spec/nim/tests/tbits_signed_b64_le.nim(7) tbits_signed_b64_le
/home/travis/build/kaitai-io/ci_targets/compiled/nim/bits_signed_b64_le.nim(33) fromFile
/home/travis/build/kaitai-io/ci_targets/compiled/nim/bits_signed_b64_le.nim(23) read
/home/travis/.nimble/pkgs/kaitai_struct_nim_runtime-0.9.0/kaitai_struct_nim_runtime.nim(246) readBitsIntLe
/opt/Nim-1.2.0/lib/pure/streams.nim(227) readData
SIGSEGV: Illegal storage access. (Attempt to read from nil?)
" />
    </testcase>
    <testcase time="0.00000000" name="tbits_simple">
      <failure message="/home/travis/build/kaitai-io/ci_targets/compiled/nim/bits_simple.nim(63, 24) Error: type mismatch: got &lt;int8, typeof(nil)&gt;
but expected one of: 
proc `==`(a, b: Option): bool
  first type mismatch at position: 2
  required type for b: Option
  but expression 'nil' is of type: typeof(nil)
proc `==`(x, y: int): bool
  first type mismatch at position: 2
  required type for y: int
  but expression 'nil' is of type: typeof(nil)
proc `==`(x, y: int16): bool
  first type mismatch at position: 2
  required type for y: int16
  but expression 'nil' is of type: typeof(nil)
proc `==`(x, y: int32): bool
  first type mismatch at position: 2
  required type for y: int32
  but expression 'nil' is of type: typeof(nil)
proc `==`(x, y: int64): bool
  first type mismatch at position: 2
  required type for y: int64
  but expression 'nil' is of type: typeof(nil)
proc `==`(x, y: int8): bool
  first type mismatch at position: 2
  required type for y: int8
  but expression 'nil' is of type: typeof(nil)
proc `==`[T: tuple | object](x, y: T): bool
  first type mismatch at position: 2
  required type for y: T: tuple or object
  but expression 'nil' is of type: typeof(nil)
22 other mismatching symbols have been suppressed; compile with --showAllMismatches:on to see them

expression: this.testIfB1Inst == nil
" />
    </testcase>
    <testcase time="0.00000000" name="tbits_simple_le">
      <failure message="/home/travis/build/kaitai-io/ci_targets/compiled/nim/bits_simple_le.nim(63, 24) Error: type mismatch: got &lt;int8, typeof(nil)&gt;
but expected one of: 
proc `==`(a, b: Option): bool
  first type mismatch at position: 2
  required type for b: Option
  but expression 'nil' is of type: typeof(nil)
proc `==`(x, y: int): bool
  first type mismatch at position: 2
  required type for y: int
  but expression 'nil' is of type: typeof(nil)
proc `==`(x, y: int16): bool
  first type mismatch at position: 2
  required type for y: int16
  but expression 'nil' is of type: typeof(nil)
proc `==`(x, y: int32): bool
  first type mismatch at position: 2
  required type for y: int32
  but expression 'nil' is of type: typeof(nil)
proc `==`(x, y: int64): bool
  first type mismatch at position: 2
  required type for y: int64
  but expression 'nil' is of type: typeof(nil)
proc `==`(x, y: int8): bool
  first type mismatch at position: 2
  required type for y: int8
  but expression 'nil' is of type: typeof(nil)
proc `==`[T: tuple | object](x, y: T): bool
  first type mismatch at position: 2
  required type for y: T: tuple or object
  but expression 'nil' is of type: typeof(nil)
22 other mismatching symbols have been suppressed; compile with --showAllMismatches:on to see them

expression: this.testIfB1Inst == nil
" />
    </testcase>
    <testcase time="0.001774311065673828" name="tbuffered_struct">
      <failure message="Traceback (most recent call last)
/home/travis/build/kaitai-io/ci_targets/tests/spec/nim/tests/tbuffered_struct.nim(7) tbuffered_struct
/home/travis/build/kaitai-io/ci_targets/compiled/nim/buffered_struct.nim(49) fromFile
/home/travis/build/kaitai-io/ci_targets/compiled/nim/buffered_struct.nim(31) read
/home/travis/.nimble/pkgs/kaitai_struct_nim_runtime-0.9.0/kaitai_struct_nim_runtime.nim(169) readU4Le
/opt/Nim-1.2.0/lib/pure/streams.nim(715) readUint32
/opt/Nim-1.2.0/lib/pure/streams.nim(381) read
/opt/Nim-1.2.0/lib/pure/streams.nim(227) readData
SIGSEGV: Illegal storage access. (Attempt to read from nil?)
" />
    </testcase>
    <testcase time="0.001608133316040039" name="tbytes_pad_term">
      <failure message="Traceback (most recent call last)
/home/travis/build/kaitai-io/ci_targets/tests/spec/nim/tests/tbytes_pad_term.nim(7) tbytes_pad_term
/home/travis/build/kaitai-io/ci_targets/compiled/nim/bytes_pad_term.nim(33) fromFile
/home/travis/build/kaitai-io/ci_targets/compiled/nim/bytes_pad_term.nim(23) read
/home/travis/.nimble/pkgs/kaitai_struct_nim_runtime-0.9.0/kaitai_struct_nim_runtime.nim(264) readBytes
/opt/Nim-1.2.0/lib/pure/streams.nim(227) readData
SIGSEGV: Illegal storage access. (Attempt to read from nil?)
" />
    </testcase>
    <testcase time="0.00000000" name="tcast_nested">
      <failure message="/home/travis/build/kaitai-io/ci_targets/compiled/nim/cast_nested.nim(73, 32) Error: type mismatch: got &lt;uint8, typeof(nil)&gt;
but expected one of: 
proc `==`(a, b: Option): bool
  first type mismatch at position: 2
  required type for b: Option
  but expression 'nil' is of type: typeof(nil)
proc `==`(x, y: uint): bool
  first type mismatch at position: 2
  required type for y: uint
  but expression 'nil' is of type: typeof(nil)
proc `==`(x, y: uint16): bool
  first type mismatch at position: 2
  required type for y: uint16
  but expression 'nil' is of type: typeof(nil)
proc `==`(x, y: uint32): bool
  first type mismatch at position: 2
  required type for y: uint32
  but expression 'nil' is of type: typeof(nil)
proc `==`(x, y: uint64): bool
  first type mismatch at position: 2
  required type for y: uint64
  but expression 'nil' is of type: typeof(nil)
proc `==`(x, y: uint8): bool
  first type mismatch at position: 2
  required type for y: uint8
  but expression 'nil' is of type: typeof(nil)
proc `==`[T: tuple | object](x, y: T): bool
  first type mismatch at position: 2
  required type for y: T: tuple or object
  but expression 'nil' is of type: typeof(nil)
22 other mismatching symbols have been suppressed; compile with --showAllMismatches:on to see them

expression: this.opcodes1IntValueInst == nil
" />
    </testcase>
    <testcase time="0.001987218856811523" name="tcast_to_imported">
      <failure message="Traceback (most recent call last)
/home/travis/build/kaitai-io/ci_targets/tests/spec/nim/tests/tcast_to_imported.nim(8) tcast_to_imported
/home/travis/build/kaitai-io/ci_targets/compiled/nim/cast_to_imported.nim(36) fromFile
/home/travis/build/kaitai-io/ci_targets/compiled/nim/cast_to_imported.nim(24) read
/home/travis/build/kaitai-io/ci_targets/compiled/nim/hello_world.nim(20) read
/home/travis/.nimble/pkgs/kaitai_struct_nim_runtime-0.9.0/kaitai_struct_nim_runtime.nim(113) readU1
/opt/Nim-1.2.0/lib/pure/streams.nim(642) readUint8
/opt/Nim-1.2.0/lib/pure/streams.nim(381) read
/opt/Nim-1.2.0/lib/pure/streams.nim(227) readData
SIGSEGV: Illegal storage access. (Attempt to read from nil?)
" />
    </testcase>
    <testcase time="0.001837730407714844" name="tcast_to_top">
      <failure message="Traceback (most recent call last)
/home/travis/build/kaitai-io/ci_targets/tests/spec/nim/tests/tcast_to_top.nim(7) tcast_to_top
/home/travis/build/kaitai-io/ci_targets/compiled/nim/cast_to_top.nim(47) fromFile
/home/travis/build/kaitai-io/ci_targets/compiled/nim/cast_to_top.nim(24) read
/home/travis/.nimble/pkgs/kaitai_struct_nim_runtime-0.9.0/kaitai_struct_nim_runtime.nim(113) readU1
/opt/Nim-1.2.0/lib/pure/streams.nim(642) readUint8
/opt/Nim-1.2.0/lib/pure/streams.nim(381) read
/opt/Nim-1.2.0/lib/pure/streams.nim(227) readData
SIGSEGV: Illegal storage access. (Attempt to read from nil?)
" />
    </testcase>
    <testcase time="0.00000000" name="tcombine_bool">
      <failure message="/home/travis/build/kaitai-io/ci_targets/compiled/nim/combine_bool.nim(28, 24) Error: type mismatch: got &lt;bool, typeof(nil)&gt;
but expected one of: 
proc `==`(a, b: Option): bool
  first type mismatch at position: 2
  required type for b: Option
  but expression 'nil' is of type: typeof(nil)
proc `==`(x, y: bool): bool
  first type mismatch at position: 2
  required type for y: bool
  but expression 'nil' is of type: typeof(nil)
proc `==`[T: tuple | object](x, y: T): bool
  first type mismatch at position: 2
  required type for y: T: tuple or object
  but expression 'nil' is of type: typeof(nil)
26 other mismatching symbols have been suppressed; compile with --showAllMismatches:on to see them

expression: this.boolCalcInst == nil
" />
    </testcase>
    <testcase time="0.002151012420654297" name="tcombine_bytes">
      <failure message="Traceback (most recent call last)
/home/travis/build/kaitai-io/ci_targets/tests/spec/nim/tests/tcombine_bytes.nim(7) tcombine_bytes
/home/travis/build/kaitai-io/ci_targets/compiled/nim/combine_bytes.nim(100) fromFile
/home/travis/build/kaitai-io/ci_targets/compiled/nim/combine_bytes.nim(36) read
/home/travis/.nimble/pkgs/kaitai_struct_nim_runtime-0.9.0/kaitai_struct_nim_runtime.nim(281) readBytesTerm
/opt/Nim-1.2.0/lib/pure/streams.nim(642) readUint8
/opt/Nim-1.2.0/lib/pure/streams.nim(381) read
/opt/Nim-1.2.0/lib/pure/streams.nim(227) readData
SIGSEGV: Illegal storage access. (Attempt to read from nil?)
" />
    </testcase>
    <testcase time="0.00000000" name="tcombine_enum">
      <failure message="/home/travis/build/kaitai-io/ci_targets/compiled/nim/combine_enum.nim(32, 24) Error: type mismatch: got &lt;CombineEnum_Animal, typeof(nil)&gt;
but expected one of: 
proc `==`(a, b: Option): bool
  first type mismatch at position: 2
  required type for b: Option
  but expression 'nil' is of type: typeof(nil)
proc `==`[Enum: enum](x, y: Enum): bool
  first type mismatch at position: 2
  required type for y: Enum: enum
  but expression 'nil' is of type: typeof(nil)
proc `==`[T: tuple | object](x, y: T): bool
  first type mismatch at position: 2
  required type for y: T: tuple or object
  but expression 'nil' is of type: typeof(nil)
26 other mismatching symbols have been suppressed; compile with --showAllMismatches:on to see them

expression: this.enumU4U2Inst == nil
" />
    </testcase>
    <testcase time="0.001952648162841797" name="tcombine_str">
      <failure message="Traceback (most recent call last)
/home/travis/build/kaitai-io/ci_targets/tests/spec/nim/tests/tcombine_str.nim(7) tcombine_str
/home/travis/build/kaitai-io/ci_targets/compiled/nim/combine_str.nim(160) fromFile
/home/travis/build/kaitai-io/ci_targets/compiled/nim/combine_str.nim(48) read
/home/travis/.nimble/pkgs/kaitai_struct_nim_runtime-0.9.0/kaitai_struct_nim_runtime.nim(281) readBytesTerm
/opt/Nim-1.2.0/lib/pure/streams.nim(642) readUint8
/opt/Nim-1.2.0/lib/pure/streams.nim(381) read
/opt/Nim-1.2.0/lib/pure/streams.nim(227) readData
SIGSEGV: Illegal storage access. (Attempt to read from nil?)
" />
    </testcase>
    <testcase time="0.002019166946411133" name="tdebug_switch_user">
      <failure message="Traceback (most recent call last)
/home/travis/build/kaitai-io/ci_targets/tests/spec/nim/tests/tdebug_switch_user.nim(7) tdebug_switch_user
/home/travis/build/kaitai-io/ci_targets/compiled/nim/debug_switch_user.nim(41) fromFile
/home/travis/build/kaitai-io/ci_targets/compiled/nim/debug_switch_user.nim(29) read
/home/travis/.nimble/pkgs/kaitai_struct_nim_runtime-0.9.0/kaitai_struct_nim_runtime.nim(113) readU1
/opt/Nim-1.2.0/lib/pure/streams.nim(642) readUint8
/opt/Nim-1.2.0/lib/pure/streams.nim(381) read
/opt/Nim-1.2.0/lib/pure/streams.nim(227) readData
SIGSEGV: Illegal storage access. (Attempt to read from nil?)
" />
    </testcase>
    <testcase time="0.001821756362915039" name="tdefault_big_endian">
      <failure message="Traceback (most recent call last)
/home/travis/build/kaitai-io/ci_targets/tests/spec/nim/tests/tdefault_big_endian.nim(7) tdefault_big_endian
/home/travis/build/kaitai-io/ci_targets/compiled/nim/default_big_endian.nim(24) fromFile
/home/travis/build/kaitai-io/ci_targets/compiled/nim/default_big_endian.nim(20) read
/home/travis/.nimble/pkgs/kaitai_struct_nim_runtime-0.9.0/kaitai_struct_nim_runtime.nim(156) readU4Be
/opt/Nim-1.2.0/lib/pure/streams.nim(227) readData
SIGSEGV: Illegal storage access. (Attempt to read from nil?)
" />
    </testcase>
    <testcase time="0.002004861831665039" name="tdefault_bit_endian_mod">
      <failure message="Traceback (most recent call last)
/home/travis/build/kaitai-io/ci_targets/tests/spec/nim/tests/tdefault_bit_endian_mod.nim(7) tdefault_bit_endian_mod
/home/travis/build/kaitai-io/ci_targets/compiled/nim/default_bit_endian_mod.nim(39) fromFile
/home/travis/build/kaitai-io/ci_targets/compiled/nim/default_bit_endian_mod.nim(35) read
/home/travis/build/kaitai-io/ci_targets/compiled/nim/default_bit_endian_mod.nim(49) read
/home/travis/.nimble/pkgs/kaitai_struct_nim_runtime-0.9.0/kaitai_struct_nim_runtime.nim(246) readBitsIntLe
/opt/Nim-1.2.0/lib/pure/streams.nim(227) readData
SIGSEGV: Illegal storage access. (Attempt to read from nil?)
" />
    </testcase>
    <testcase time="0.00000000" name="tdefault_endian_expr_inherited">
      <failure message="/home/travis/build/kaitai-io/ci_targets/compiled/nim/default_endian_expr_inherited.nim(168, 24) Error: type mismatch: got &lt;uint32, typeof(nil)&gt;
but expected one of: 
proc `==`(a, b: Option): bool
  first type mismatch at position: 2
  required type for b: Option
  but expression 'nil' is of type: typeof(nil)
proc `==`(x, y: uint): bool
  first type mismatch at position: 2
  required type for y: uint
  but expression 'nil' is of type: typeof(nil)
proc `==`(x, y: uint32): bool
  first type mismatch at position: 2
  required type for y: uint32
  but expression 'nil' is of type: typeof(nil)
proc `==`(x, y: uint64): bool
  first type mismatch at position: 2
  required type for y: uint64
  but expression 'nil' is of type: typeof(nil)
proc `==`[T: tuple | object](x, y: T): bool
  first type mismatch at position: 2
  required type for y: T: tuple or object
  but expression 'nil' is of type: typeof(nil)
24 other mismatching symbols have been suppressed; compile with --showAllMismatches:on to see them

expression: this.someInstInst == nil
" />
    </testcase>
    <testcase time="0.00000000" name="tdefault_endian_expr_is_be">
      <failure message="/home/travis/build/kaitai-io/ci_targets/compiled/nim/default_endian_expr_is_be.nim(109, 23) Error: type mismatch: got &lt;uint32, typeof(nil)&gt;
but expected one of: 
proc `==`(a, b: Option): bool
  first type mismatch at position: 2
  required type for b: Option
  but expression 'nil' is of type: typeof(nil)
proc `==`(x, y: uint): bool
  first type mismatch at position: 2
  required type for y: uint
  but expression 'nil' is of type: typeof(nil)
proc `==`(x, y: uint32): bool
  first type mismatch at position: 2
  required type for y: uint32
  but expression 'nil' is of type: typeof(nil)
proc `==`(x, y: uint64): bool
  first type mismatch at position: 2
  required type for y: uint64
  but expression 'nil' is of type: typeof(nil)
proc `==`[T: tuple | object](x, y: T): bool
  first type mismatch at position: 2
  required type for y: T: tuple or object
  but expression 'nil' is of type: typeof(nil)
24 other mismatching symbols have been suppressed; compile with --showAllMismatches:on to see them

expression: this.instIntInst == nil
" />
    </testcase>
    <testcase time="0.001894950866699219" name="tdefault_endian_expr_is_le">
      <failure message="Traceback (most recent call last)
/home/travis/build/kaitai-io/ci_targets/tests/spec/nim/tests/tdefault_endian_expr_is_le.nim(7) tdefault_endian_expr_is_le
/home/travis/build/kaitai-io/ci_targets/compiled/nim/default_endian_expr_is_le.nim(40) fromFile
/home/travis/build/kaitai-io/ci_targets/compiled/nim/default_endian_expr_is_le.nim(34) read
/home/travis/.nimble/pkgs/kaitai_struct_nim_runtime-0.9.0/kaitai_struct_nim_runtime.nim(43) isEof
/opt/Nim-1.2.0/lib/pure/streams.nim(192) atEnd
SIGSEGV: Illegal storage access. (Attempt to read from nil?)
" />
    </testcase>
    <testcase time="0.002004623413085938" name="tdefault_endian_mod">
      <failure message="Traceback (most recent call last)
/home/travis/build/kaitai-io/ci_targets/tests/spec/nim/tests/tdefault_endian_mod.nim(7) tdefault_endian_mod
/home/travis/build/kaitai-io/ci_targets/compiled/nim/default_endian_mod.nim(38) fromFile
/home/travis/build/kaitai-io/ci_targets/compiled/nim/default_endian_mod.nim(34) read
/home/travis/build/kaitai-io/ci_targets/compiled/nim/default_endian_mod.nim(48) read
/home/travis/.nimble/pkgs/kaitai_struct_nim_runtime-0.9.0/kaitai_struct_nim_runtime.nim(109) readS4Le
/opt/Nim-1.2.0/lib/pure/streams.nim(570) readInt32
/opt/Nim-1.2.0/lib/pure/streams.nim(381) read
/opt/Nim-1.2.0/lib/pure/streams.nim(227) readData
SIGSEGV: Illegal storage access. (Attempt to read from nil?)
" />
    </testcase>
    <testcase time="0.00000000" name="tdocstrings">
      <failure message="/home/travis/build/kaitai-io/ci_targets/compiled/nim/docstrings.nim(43, 19) Error: type mismatch: got &lt;uint8, typeof(nil)&gt;
but expected one of: 
proc `==`(a, b: Option): bool
  first type mismatch at position: 2
  required type for b: Option
  but expression 'nil' is of type: typeof(nil)
proc `==`(x, y: uint): bool
  first type mismatch at position: 2
  required type for y: uint
  but expression 'nil' is of type: typeof(nil)
proc `==`(x, y: uint16): bool
  first type mismatch at position: 2
  required type for y: uint16
  but expression 'nil' is of type: typeof(nil)
proc `==`(x, y: uint32): bool
  first type mismatch at position: 2
  required type for y: uint32
  but expression 'nil' is of type: typeof(nil)
proc `==`(x, y: uint64): bool
  first type mismatch at position: 2
  required type for y: uint64
  but expression 'nil' is of type: typeof(nil)
proc `==`(x, y: uint8): bool
  first type mismatch at position: 2
  required type for y: uint8
  but expression 'nil' is of type: typeof(nil)
proc `==`[T: tuple | object](x, y: T): bool
  first type mismatch at position: 2
  required type for y: T: tuple or object
  but expression 'nil' is of type: typeof(nil)
22 other mismatching symbols have been suppressed; compile with --showAllMismatches:on to see them

expression: this.twoInst == nil
" />
    </testcase>
    <testcase time="0.00000000" name="tdocstrings_docref">
      <failure message="/home/travis/build/kaitai-io/ci_targets/compiled/nim/docstrings_docref.nim(56, 19) Error: type mismatch: got &lt;bool, typeof(nil)&gt;
but expected one of: 
proc `==`(a, b: Option): bool
  first type mismatch at position: 2
  required type for b: Option
  but expression 'nil' is of type: typeof(nil)
proc `==`(x, y: bool): bool
  first type mismatch at position: 2
  required type for y: bool
  but expression 'nil' is of type: typeof(nil)
proc `==`[T: tuple | object](x, y: T): bool
  first type mismatch at position: 2
  required type for y: T: tuple or object
  but expression 'nil' is of type: typeof(nil)
26 other mismatching symbols have been suppressed; compile with --showAllMismatches:on to see them

expression: this.fooInst == nil
" />
    </testcase>
    <testcase time="0.00202631950378418" name="tdocstrings_docref_multi" />
    <testcase time="0.001813888549804688" name="tenum_0">
      <failure message="Traceback (most recent call last)
/home/travis/build/kaitai-io/ci_targets/tests/spec/nim/tests/tenum_0.nim(7) tenum_0
/home/travis/build/kaitai-io/ci_targets/compiled/nim/enum_0.nim(31) fromFile
/home/travis/build/kaitai-io/ci_targets/compiled/nim/enum_0.nim(25) read
/home/travis/.nimble/pkgs/kaitai_struct_nim_runtime-0.9.0/kaitai_struct_nim_runtime.nim(169) readU4Le
/opt/Nim-1.2.0/lib/pure/streams.nim(715) readUint32
/opt/Nim-1.2.0/lib/pure/streams.nim(381) read
/opt/Nim-1.2.0/lib/pure/streams.nim(227) readData
SIGSEGV: Illegal storage access. (Attempt to read from nil?)
" />
    </testcase>
    <testcase time="0.001925468444824219" name="tenum_1">
      <failure message="Traceback (most recent call last)
/home/travis/build/kaitai-io/ci_targets/tests/spec/nim/tests/tenum_1.nim(7) tenum_1
/home/travis/build/kaitai-io/ci_targets/compiled/nim/enum_1.nim(37) fromFile
/home/travis/build/kaitai-io/ci_targets/compiled/nim/enum_1.nim(33) read
/home/travis/build/kaitai-io/ci_targets/compiled/nim/enum_1.nim(47) read
/home/travis/build/kaitai-io/ci_targets/compiled/nim/enum_1.nim(61) read
/home/travis/.nimble/pkgs/kaitai_struct_nim_runtime-0.9.0/kaitai_struct_nim_runtime.nim(169) readU4Le
/opt/Nim-1.2.0/lib/pure/streams.nim(715) readUint32
/opt/Nim-1.2.0/lib/pure/streams.nim(381) read
/opt/Nim-1.2.0/lib/pure/streams.nim(227) readData
SIGSEGV: Illegal storage access. (Attempt to read from nil?)
" />
    </testcase>
    <testcase time="0.002133846282958984" name="tenum_deep">
      <failure message="Traceback (most recent call last)
/home/travis/build/kaitai-io/ci_targets/tests/spec/nim/tests/tenum_deep.nim(7) tenum_deep
/home/travis/build/kaitai-io/ci_targets/compiled/nim/enum_deep.nim(41) fromFile
/home/travis/build/kaitai-io/ci_targets/compiled/nim/enum_deep.nim(35) read
/home/travis/.nimble/pkgs/kaitai_struct_nim_runtime-0.9.0/kaitai_struct_nim_runtime.nim(169) readU4Le
/opt/Nim-1.2.0/lib/pure/streams.nim(715) readUint32
/opt/Nim-1.2.0/lib/pure/streams.nim(381) read
/opt/Nim-1.2.0/lib/pure/streams.nim(227) readData
SIGSEGV: Illegal storage access. (Attempt to read from nil?)
" />
    </testcase>
    <testcase time="0.00000000" name="tenum_deep_literals">
      <failure message="/home/travis/build/kaitai-io/ci_targets/compiled/nim/enum_deep_literals.nim(45, 24) Error: type mismatch: got &lt;bool, typeof(nil)&gt;
but expected one of: 
proc `==`(a, b: Option): bool
  first type mismatch at position: 2
  required type for b: Option
  but expression 'nil' is of type: typeof(nil)
proc `==`(x, y: bool): bool
  first type mismatch at position: 2
  required type for y: bool
  but expression 'nil' is of type: typeof(nil)
proc `==`[T: tuple | object](x, y: T): bool
  first type mismatch at position: 2
  required type for y: T: tuple or object
  but expression 'nil' is of type: typeof(nil)
26 other mismatching symbols have been suppressed; compile with --showAllMismatches:on to see them

expression: this.isPet1OkInst == nil
" />
    </testcase>
    <testcase time="0.001858949661254883" name="tenum_fancy">
      <failure message="Traceback (most recent call last)
/home/travis/build/kaitai-io/ci_targets/tests/spec/nim/tests/tenum_fancy.nim(7) tenum_fancy
/home/travis/build/kaitai-io/ci_targets/compiled/nim/enum_fancy.nim(31) fromFile
/home/travis/build/kaitai-io/ci_targets/compiled/nim/enum_fancy.nim(25) read
/home/travis/.nimble/pkgs/kaitai_struct_nim_runtime-0.9.0/kaitai_struct_nim_runtime.nim(169) readU4Le
/opt/Nim-1.2.0/lib/pure/streams.nim(715) readUint32
/opt/Nim-1.2.0/lib/pure/streams.nim(381) read
/opt/Nim-1.2.0/lib/pure/streams.nim(227) readData
SIGSEGV: Illegal storage access. (Attempt to read from nil?)
" />
    </testcase>
    <testcase time="0.001825332641601562" name="tenum_if">
      <failure message="Traceback (most recent call last)
/home/travis/build/kaitai-io/ci_targets/tests/spec/nim/tests/tenum_if.nim(7) tenum_if
/home/travis/build/kaitai-io/ci_targets/compiled/nim/enum_if.nim(49) fromFile
/home/travis/build/kaitai-io/ci_targets/compiled/nim/enum_if.nim(41) read
/home/travis/build/kaitai-io/ci_targets/compiled/nim/enum_if.nim(59) read
/home/travis/.nimble/pkgs/kaitai_struct_nim_runtime-0.9.0/kaitai_struct_nim_runtime.nim(113) readU1
/opt/Nim-1.2.0/lib/pure/streams.nim(642) readUint8
/opt/Nim-1.2.0/lib/pure/streams.nim(381) read
/opt/Nim-1.2.0/lib/pure/streams.nim(227) readData
SIGSEGV: Illegal storage access. (Attempt to read from nil?)
" />
    </testcase>
    <testcase time="0.00208735466003418" name="tenum_import">
      <failure message="Traceback (most recent call last)
/home/travis/build/kaitai-io/ci_targets/tests/spec/nim/tests/tenum_import.nim(9) tenum_import
/home/travis/build/kaitai-io/ci_targets/compiled/nim/enum_import.nim(29) fromFile
/home/travis/build/kaitai-io/ci_targets/compiled/nim/enum_import.nim(23) read
/home/travis/.nimble/pkgs/kaitai_struct_nim_runtime-0.9.0/kaitai_struct_nim_runtime.nim(169) readU4Le
/opt/Nim-1.2.0/lib/pure/streams.nim(715) readUint32
/opt/Nim-1.2.0/lib/pure/streams.nim(381) read
/opt/Nim-1.2.0/lib/pure/streams.nim(227) readData
SIGSEGV: Illegal storage access. (Attempt to read from nil?)
" />
    </testcase>
    <testcase time="0.001958370208740234" name="tenum_int_range_s">
      <failure message="Traceback (most recent call last)
/home/travis/build/kaitai-io/ci_targets/tests/spec/nim/tests/tenum_int_range_s.nim(7) tenum_int_range_s
/home/travis/build/kaitai-io/ci_targets/compiled/nim/enum_int_range_s.nim(34) fromFile
/home/travis/build/kaitai-io/ci_targets/compiled/nim/enum_int_range_s.nim(26) read
/home/travis/.nimble/pkgs/kaitai_struct_nim_runtime-0.9.0/kaitai_struct_nim_runtime.nim(96) readS4Be
/opt/Nim-1.2.0/lib/pure/streams.nim(227) readData
SIGSEGV: Illegal storage access. (Attempt to read from nil?)
" />
    </testcase>
    <testcase time="0.001930475234985352" name="tenum_int_range_u">
      <failure message="Traceback (most recent call last)
/home/travis/build/kaitai-io/ci_targets/tests/spec/nim/tests/tenum_int_range_u.nim(7) tenum_int_range_u
/home/travis/build/kaitai-io/ci_targets/compiled/nim/enum_int_range_u.nim(30) fromFile
/home/travis/build/kaitai-io/ci_targets/compiled/nim/enum_int_range_u.nim(24) read
/home/travis/.nimble/pkgs/kaitai_struct_nim_runtime-0.9.0/kaitai_struct_nim_runtime.nim(156) readU4Be
/opt/Nim-1.2.0/lib/pure/streams.nim(227) readData
SIGSEGV: Illegal storage access. (Attempt to read from nil?)
" />
    </testcase>
    <testcase time="0.002070426940917969" name="tenum_invalid">
      <failure message="Traceback (most recent call last)
/home/travis/build/kaitai-io/ci_targets/tests/spec/nim/tests/tenum_invalid.nim(7) tenum_invalid
/home/travis/build/kaitai-io/ci_targets/compiled/nim/enum_invalid.nim(30) fromFile
/home/travis/build/kaitai-io/ci_targets/compiled/nim/enum_invalid.nim(24) read
/home/travis/.nimble/pkgs/kaitai_struct_nim_runtime-0.9.0/kaitai_struct_nim_runtime.nim(113) readU1
/opt/Nim-1.2.0/lib/pure/streams.nim(642) readUint8
/opt/Nim-1.2.0/lib/pure/streams.nim(381) read
/opt/Nim-1.2.0/lib/pure/streams.nim(227) readData
SIGSEGV: Illegal storage access. (Attempt to read from nil?)
" />
    </testcase>
    <testcase time="0.00000000" name="tenum_long_range_s">
      <failure message="fatal.nim(49)            sysFatal
Error: unhandled exception: over- or underflow [OverflowError]
" />
    </testcase>
    <testcase time="0.00000000" name="tenum_long_range_u">
      <failure message="fatal.nim(49)            sysFatal
Error: unhandled exception: over- or underflow [OverflowError]
" />
    </testcase>
    <testcase time="0.00182795524597168" name="tenum_negative">
      <failure message="Traceback (most recent call last)
/home/travis/build/kaitai-io/ci_targets/tests/spec/nim/tests/tenum_negative.nim(7) tenum_negative
/home/travis/build/kaitai-io/ci_targets/compiled/nim/enum_negative.nim(30) fromFile
/home/travis/build/kaitai-io/ci_targets/compiled/nim/enum_negative.nim(24) read
/home/travis/.nimble/pkgs/kaitai_struct_nim_runtime-0.9.0/kaitai_struct_nim_runtime.nim(53) readS1
/opt/Nim-1.2.0/lib/pure/streams.nim(498) readInt8
/opt/Nim-1.2.0/lib/pure/streams.nim(381) read
/opt/Nim-1.2.0/lib/pure/streams.nim(227) readData
SIGSEGV: Illegal storage access. (Attempt to read from nil?)
" />
    </testcase>
    <testcase time="0.00000000" name="tenum_of_value_inst">
      <failure message="/home/travis/build/kaitai-io/ci_targets/compiled/nim/enum_of_value_inst.nim(35, 20) Error: type mismatch: got &lt;EnumOfValueInst_Animal, typeof(nil)&gt;
but expected one of: 
proc `==`(a, b: Option): bool
  first type mismatch at position: 2
  required type for b: Option
  but expression 'nil' is of type: typeof(nil)
proc `==`[Enum: enum](x, y: Enum): bool
  first type mismatch at position: 2
  required type for y: Enum: enum
  but expression 'nil' is of type: typeof(nil)
proc `==`[T: tuple | object](x, y: T): bool
  first type mismatch at position: 2
  required type for y: T: tuple or object
  but expression 'nil' is of type: typeof(nil)
26 other mismatching symbols have been suppressed; compile with --showAllMismatches:on to see them

expression: this.pet3Inst == nil
" />
    </testcase>
    <testcase time="0.00000000" name="tenum_to_i">
      <failure message="/home/travis/build/kaitai-io/ci_targets/compiled/nim/enum_to_i.nim(41, 21) Error: type mismatch: got &lt;int, typeof(nil)&gt;
but expected one of: 
proc `==`(a, b: Option): bool
  first type mismatch at position: 2
  required type for b: Option
  but expression 'nil' is of type: typeof(nil)
proc `==`(x, y: int): bool
  first type mismatch at position: 2
  required type for y: int
  but expression 'nil' is of type: typeof(nil)
proc `==`(x, y: int64): bool
  first type mismatch at position: 2
  required type for y: int64
  but expression 'nil' is of type: typeof(nil)
proc `==`[T: tuple | object](x, y: T): bool
  first type mismatch at position: 2
  required type for y: T: tuple or object
  but expression 'nil' is of type: typeof(nil)
25 other mismatching symbols have been suppressed; compile with --showAllMismatches:on to see them

expression: this.pet1IInst == nil
" />
    </testcase>
    <testcase time="0.00000000" name="tenum_to_i_class_border_1">
      <failure message="/home/travis/build/kaitai-io/ci_targets/compiled/nim/enum_to_i_class_border_1.nim(12, 21) Error: undeclared identifier: 'EnumToIClassBorder2'
This might be caused by a recursive module dependency:
/home/travis/build/kaitai-io/ci_targets/compiled/nim/enum_to_i_class_border_2.nim imports /home/travis/build/kaitai-io/ci_targets/compiled/nim/enum_to_i_class_border_1.nim
/home/travis/build/kaitai-io/ci_targets/compiled/nim/enum_to_i_class_border_1.nim imports /home/travis/build/kaitai-io/ci_targets/compiled/nim/enum_to_i_class_border_2.nim
" />
    </testcase>
    <testcase time="0.00000000" name="texpr_0">
      <failure message="/home/travis/build/kaitai-io/ci_targets/compiled/nim/expr_0.nim(28, 24) Error: type mismatch: got &lt;int, typeof(nil)&gt;
but expected one of: 
proc `==`(a, b: Option): bool
  first type mismatch at position: 2
  required type for b: Option
  but expression 'nil' is of type: typeof(nil)
proc `==`(x, y: int): bool
  first type mismatch at position: 2
  required type for y: int
  but expression 'nil' is of type: typeof(nil)
proc `==`(x, y: int64): bool
  first type mismatch at position: 2
  required type for y: int64
  but expression 'nil' is of type: typeof(nil)
proc `==`[T: tuple | object](x, y: T): bool
  first type mismatch at position: 2
  required type for y: T: tuple or object
  but expression 'nil' is of type: typeof(nil)
25 other mismatching symbols have been suppressed; compile with --showAllMismatches:on to see them

expression: this.mustBeF7Inst == nil
" />
    </testcase>
    <testcase time="0.00000000" name="texpr_1">
      <failure message="/home/travis/build/kaitai-io/ci_targets/compiled/nim/expr_1.nim(31, 25) Error: type mismatch: got &lt;int, typeof(nil)&gt;
but expected one of: 
proc `==`(a, b: Option): bool
  first type mismatch at position: 2
  required type for b: Option
  but expression 'nil' is of type: typeof(nil)
proc `==`(x, y: int): bool
  first type mismatch at position: 2
  required type for y: int
  but expression 'nil' is of type: typeof(nil)
proc `==`(x, y: int64): bool
  first type mismatch at position: 2
  required type for y: int64
  but expression 'nil' is of type: typeof(nil)
proc `==`[T: tuple | object](x, y: T): bool
  first type mismatch at position: 2
  required type for y: T: tuple or object
  but expression 'nil' is of type: typeof(nil)
25 other mismatching symbols have been suppressed; compile with --showAllMismatches:on to see them

expression: this.lenOf1ModInst == nil
" />
    </testcase>
    <testcase time="0.00000000" name="texpr_2">
      <failure message="/home/travis/build/kaitai-io/ci_targets/compiled/nim/expr_2.nim(62, 26) Error: type mismatch: got &lt;int, typeof(nil)&gt;
but expected one of: 
proc `==`(a, b: Option): bool
  first type mismatch at position: 2
  required type for b: Option
  but expression 'nil' is of type: typeof(nil)
proc `==`(x, y: int): bool
  first type mismatch at position: 2
  required type for y: int
  but expression 'nil' is of type: typeof(nil)
proc `==`(x, y: int64): bool
  first type mismatch at position: 2
  required type for y: int64
  but expression 'nil' is of type: typeof(nil)
proc `==`[T: tuple | object](x, y: T): bool
  first type mismatch at position: 2
  required type for y: T: tuple or object
  but expression 'nil' is of type: typeof(nil)
25 other mismatching symbols have been suppressed; compile with --showAllMismatches:on to see them

expression: this.str1LenModInst == nil
" />
    </testcase>
    <testcase time="0.00000000" name="texpr_3">
      <failure message="/home/travis/build/kaitai-io/ci_targets/compiled/nim/expr_3.nim(55, 23) Error: type mismatch: got &lt;bool, typeof(nil)&gt;
but expected one of: 
proc `==`(a, b: Option): bool
  first type mismatch at position: 2
  required type for b: Option
  but expression 'nil' is of type: typeof(nil)
proc `==`(x, y: bool): bool
  first type mismatch at position: 2
  required type for y: bool
  but expression 'nil' is of type: typeof(nil)
proc `==`[T: tuple | object](x, y: T): bool
  first type mismatch at position: 2
  required type for y: T: tuple or object
  but expression 'nil' is of type: typeof(nil)
26 other mismatching symbols have been suppressed; compile with --showAllMismatches:on to see them

expression: this.isStrGeInst == nil
" />
    </testcase>
    <testcase time="0.00000000" name="texpr_array">
      <failure message="/home/travis/build/kaitai-io/ci_targets/compiled/nim/expr_array.nim(63, 25) Error: type mismatch: got &lt;uint32, typeof(nil)&gt;
but expected one of: 
proc `==`(a, b: Option): bool
  first type mismatch at position: 2
  required type for b: Option
  but expression 'nil' is of type: typeof(nil)
proc `==`(x, y: uint): bool
  first type mismatch at position: 2
  required type for y: uint
  but expression 'nil' is of type: typeof(nil)
proc `==`(x, y: uint32): bool
  first type mismatch at position: 2
  required type for y: uint32
  but expression 'nil' is of type: typeof(nil)
proc `==`(x, y: uint64): bool
  first type mismatch at position: 2
  required type for y: uint64
  but expression 'nil' is of type: typeof(nil)
proc `==`[T: tuple | object](x, y: T): bool
  first type mismatch at position: 2
  required type for y: T: tuple or object
  but expression 'nil' is of type: typeof(nil)
24 other mismatching symbols have been suppressed; compile with --showAllMismatches:on to see them

expression: this.aintFirstInst == nil
" />
    </testcase>
    <testcase time="0.00000000" name="texpr_bits">
      <failure message="/home/travis/build/kaitai-io/ci_targets/compiled/nim/expr_bits.nim(56, 24) Error: type mismatch: got &lt;ExprBits_Items, typeof(nil)&gt;
but expected one of: 
proc `==`(a, b: Option): bool
  first type mismatch at position: 2
  required type for b: Option
  but expression 'nil' is of type: typeof(nil)
proc `==`[Enum: enum](x, y: Enum): bool
  first type mismatch at position: 2
  required type for y: Enum: enum
  but expression 'nil' is of type: typeof(nil)
proc `==`[T: tuple | object](x, y: T): bool
  first type mismatch at position: 2
  required type for y: T: tuple or object
  but expression 'nil' is of type: typeof(nil)
26 other mismatching symbols have been suppressed; compile with --showAllMismatches:on to see them

expression: this.enumInstInst == nil
" />
    </testcase>
    <testcase time="0.00000000" name="texpr_bytes_cmp">
      <failure message="/home/travis/build/kaitai-io/ci_targets/compiled/nim/expr_bytes_cmp.nim(49, 20) Error: type mismatch: got &lt;bool, typeof(nil)&gt;
but expected one of: 
proc `==`(a, b: Option): bool
  first type mismatch at position: 2
  required type for b: Option
  but expression 'nil' is of type: typeof(nil)
proc `==`(x, y: bool): bool
  first type mismatch at position: 2
  required type for y: bool
  but expression 'nil' is of type: typeof(nil)
proc `==`[T: tuple | object](x, y: T): bool
  first type mismatch at position: 2
  required type for y: T: tuple or object
  but expression 'nil' is of type: typeof(nil)
26 other mismatching symbols have been suppressed; compile with --showAllMismatches:on to see them

expression: this.isLeInst == nil
" />
    </testcase>
    <testcase time="0.00000000" name="texpr_bytes_literal">
      <failure message="/home/travis/build/kaitai-io/ci_targets/tests/spec/nim/tests/texpr_bytes_literal.nim(4, 29) Error: cannot open file: ../../../compiled/nim/expr_bytes_literal
" />
    </testcase>
    <testcase time="0.00000000" name="texpr_bytes_ops">
      <failure message="/home/travis/build/kaitai-io/ci_targets/compiled/nim/expr_bytes_ops.nim(50, 23) Error: type mismatch: got &lt;uint8, typeof(nil)&gt;
but expected one of: 
proc `==`(a, b: Option): bool
  first type mismatch at position: 2
  required type for b: Option
  but expression 'nil' is of type: typeof(nil)
proc `==`(x, y: uint): bool
  first type mismatch at position: 2
  required type for y: uint
  but expression 'nil' is of type: typeof(nil)
proc `==`(x, y: uint16): bool
  first type mismatch at position: 2
  required type for y: uint16
  but expression 'nil' is of type: typeof(nil)
proc `==`(x, y: uint32): bool
  first type mismatch at position: 2
  required type for y: uint32
  but expression 'nil' is of type: typeof(nil)
proc `==`(x, y: uint64): bool
  first type mismatch at position: 2
  required type for y: uint64
  but expression 'nil' is of type: typeof(nil)
proc `==`(x, y: uint8): bool
  first type mismatch at position: 2
  required type for y: uint8
  but expression 'nil' is of type: typeof(nil)
proc `==`[T: tuple | object](x, y: T): bool
  first type mismatch at position: 2
  required type for y: T: tuple or object
  but expression 'nil' is of type: typeof(nil)
22 other mismatching symbols have been suppressed; compile with --showAllMismatches:on to see them

expression: this.twoLastInst == nil
" />
    </testcase>
    <testcase time="0.00000000" name="texpr_calc_array_ops">
      <failure message="/home/travis/build/kaitai-io/ci_targets/compiled/nim/expr_calc_array_ops.nim(71, 28) Error: type mismatch: got &lt;int, typeof(nil)&gt;
but expected one of: 
proc `==`(a, b: Option): bool
  first type mismatch at position: 2
  required type for b: Option
  but expression 'nil' is of type: typeof(nil)
proc `==`(x, y: int): bool
  first type mismatch at position: 2
  required type for y: int
  but expression 'nil' is of type: typeof(nil)
proc `==`(x, y: int64): bool
  first type mismatch at position: 2
  required type for y: int64
  but expression 'nil' is of type: typeof(nil)
proc `==`[T: tuple | object](x, y: T): bool
  first type mismatch at position: 2
  required type for y: T: tuple or object
  but expression 'nil' is of type: typeof(nil)
25 other mismatching symbols have been suppressed; compile with --showAllMismatches:on to see them

expression: this.intArraySizeInst == nil
" />
    </testcase>
    <testcase time="0.00000000" name="texpr_enum">
      <failure message="/home/travis/build/kaitai-io/ci_targets/compiled/nim/expr_enum.nim(35, 24) Error: type mismatch: got &lt;ExprEnum_Animal, typeof(nil)&gt;
but expected one of: 
proc `==`(a, b: Option): bool
  first type mismatch at position: 2
  required type for b: Option
  but expression 'nil' is of type: typeof(nil)
proc `==`[Enum: enum](x, y: Enum): bool
  first type mismatch at position: 2
  required type for y: Enum: enum
  but expression 'nil' is of type: typeof(nil)
proc `==`[T: tuple | object](x, y: T): bool
  first type mismatch at position: 2
  required type for y: T: tuple or object
  but expression 'nil' is of type: typeof(nil)
26 other mismatching symbols have been suppressed; compile with --showAllMismatches:on to see them

expression: this.constDogInst == nil
" />
    </testcase>
    <testcase time="0.00000000" name="texpr_if_int_ops">
      <failure message="/home/travis/build/kaitai-io/ci_targets/compiled/nim/expr_if_int_ops.nim(36, 24) Error: type mismatch: got &lt;bool, typeof(nil)&gt;
but expected one of: 
proc `==`(a, b: Option): bool
  first type mismatch at position: 2
  required type for b: Option
  but expression 'nil' is of type: typeof(nil)
proc `==`(x, y: bool): bool
  first type mismatch at position: 2
  required type for y: bool
  but expression 'nil' is of type: typeof(nil)
proc `==`[T: tuple | object](x, y: T): bool
  first type mismatch at position: 2
  required type for y: T: tuple or object
  but expression 'nil' is of type: typeof(nil)
26 other mismatching symbols have been suppressed; compile with --showAllMismatches:on to see them

expression: this.isEqPrimInst == nil
" />
    </testcase>
    <testcase time="0.00000000" name="texpr_int_div">
      <failure message="/home/travis/build/kaitai-io/ci_targets/compiled/nim/expr_int_div.nim(35, 27) Error: type mismatch: got &lt;int, typeof(nil)&gt;
but expected one of: 
proc `==`(a, b: Option): bool
  first type mismatch at position: 2
  required type for b: Option
  but expression 'nil' is of type: typeof(nil)
proc `==`(x, y: int): bool
  first type mismatch at position: 2
  required type for y: int
  but expression 'nil' is of type: typeof(nil)
proc `==`(x, y: int64): bool
  first type mismatch at position: 2
  required type for y: int64
  but expression 'nil' is of type: typeof(nil)
proc `==`[T: tuple | object](x, y: T): bool
  first type mismatch at position: 2
  required type for y: T: tuple or object
  but expression 'nil' is of type: typeof(nil)
25 other mismatching symbols have been suppressed; compile with --showAllMismatches:on to see them

expression: this.divPosConstInst == nil
" />
    </testcase>
    <testcase time="0.00000000" name="texpr_io_eof">
      <failure message="/home/travis/build/kaitai-io/ci_targets/compiled/nim/expr_io_eof.nim(59, 26) Error: type mismatch: got &lt;bool, typeof(nil)&gt;
but expected one of: 
proc `==`(a, b: Option): bool
  first type mismatch at position: 2
  required type for b: Option
  but expression 'nil' is of type: typeof(nil)
proc `==`(x, y: bool): bool
  first type mismatch at position: 2
  required type for y: bool
  but expression 'nil' is of type: typeof(nil)
proc `==`[T: tuple | object](x, y: T): bool
  first type mismatch at position: 2
  required type for y: T: tuple or object
  but expression 'nil' is of type: typeof(nil)
26 other mismatching symbols have been suppressed; compile with --showAllMismatches:on to see them

expression: this.reflectEofInst == nil
" />
    </testcase>
    <testcase time="0.001923799514770508" name="texpr_io_pos">
      <failure message="Traceback (most recent call last)
/home/travis/build/kaitai-io/ci_targets/tests/spec/nim/tests/texpr_io_pos.nim(7) texpr_io_pos
/home/travis/build/kaitai-io/ci_targets/compiled/nim/expr_io_pos.nim(41) fromFile
/home/travis/build/kaitai-io/ci_targets/compiled/nim/expr_io_pos.nim(29) read
/home/travis/.nimble/pkgs/kaitai_struct_nim_runtime-0.9.0/kaitai_struct_nim_runtime.nim(264) readBytes
/opt/Nim-1.2.0/lib/pure/streams.nim(227) readData
SIGSEGV: Illegal storage access. (Attempt to read from nil?)
" />
    </testcase>
    <testcase time="0.00000000" name="texpr_mod">
      <failure message="/home/travis/build/kaitai-io/ci_targets/compiled/nim/expr_mod.nim(35, 27) Error: type mismatch: got &lt;int, typeof(nil)&gt;
but expected one of: 
proc `==`(a, b: Option): bool
  first type mismatch at position: 2
  required type for b: Option
  but expression 'nil' is of type: typeof(nil)
proc `==`(x, y: int): bool
  first type mismatch at position: 2
  required type for y: int
  but expression 'nil' is of type: typeof(nil)
proc `==`(x, y: int64): bool
  first type mismatch at position: 2
  required type for y: int64
  but expression 'nil' is of type: typeof(nil)
proc `==`[T: tuple | object](x, y: T): bool
  first type mismatch at position: 2
  required type for y: T: tuple or object
  but expression 'nil' is of type: typeof(nil)
25 other mismatching symbols have been suppressed; compile with --showAllMismatches:on to see them

expression: this.modPosConstInst == nil
" />
    </testcase>
    <testcase time="0.00000000" name="texpr_ops_parens">
      <failure message="/home/travis/build/kaitai-io/ci_targets/compiled/nim/expr_ops_parens.nim(53, 23) Error: type mismatch: got &lt;int, typeof(nil)&gt;
but expected one of: 
proc `==`(a, b: Option): bool
  first type mismatch at position: 2
  required type for b: Option
  but expression 'nil' is of type: typeof(nil)
proc `==`(x, y: int): bool
  first type mismatch at position: 2
  required type for y: int
  but expression 'nil' is of type: typeof(nil)
proc `==`(x, y: int64): bool
  first type mismatch at position: 2
  required type for y: int64
  but expression 'nil' is of type: typeof(nil)
proc `==`[T: tuple | object](x, y: T): bool
  first type mismatch at position: 2
  required type for y: T: tuple or object
  but expression 'nil' is of type: typeof(nil)
26 other mismatching symbols have been suppressed; compile with --showAllMismatches:on to see them

expression: this.boolAndInst == nil
" />
    </testcase>
    <testcase time="0.00000000" name="texpr_sizeof_type_0">
      <failure message="/home/travis/build/kaitai-io/ci_targets/compiled/nim/expr_sizeof_type_0.nim(29, 27) Error: type mismatch: got &lt;int, typeof(nil)&gt;
but expected one of: 
proc `==`(a, b: Option): bool
  first type mismatch at position: 2
  required type for b: Option
  but expression 'nil' is of type: typeof(nil)
proc `==`(x, y: int): bool
  first type mismatch at position: 2
  required type for y: int
  but expression 'nil' is of type: typeof(nil)
proc `==`(x, y: int64): bool
  first type mismatch at position: 2
  required type for y: int64
  but expression 'nil' is of type: typeof(nil)
proc `==`[T: tuple | object](x, y: T): bool
  first type mismatch at position: 2
  required type for y: T: tuple or object
  but expression 'nil' is of type: typeof(nil)
25 other mismatching symbols have been suppressed; compile with --showAllMismatches:on to see them

expression: this.sizeofBlockInst == nil
" />
    </testcase>
    <testcase time="0.00000000" name="texpr_sizeof_type_1">
      <failure message="/home/travis/build/kaitai-io/ci_targets/compiled/nim/expr_sizeof_type_1.nim(36, 27) Error: type mismatch: got &lt;int, typeof(nil)&gt;
but expected one of: 
proc `==`(a, b: Option): bool
  first type mismatch at position: 2
  required type for b: Option
  but expression 'nil' is of type: typeof(nil)
proc `==`(x, y: int): bool
  first type mismatch at position: 2
  required type for y: int
  but expression 'nil' is of type: typeof(nil)
proc `==`(x, y: int64): bool
  first type mismatch at position: 2
  required type for y: int64
  but expression 'nil' is of type: typeof(nil)
proc `==`[T: tuple | object](x, y: T): bool
  first type mismatch at position: 2
  required type for y: T: tuple or object
  but expression 'nil' is of type: typeof(nil)
25 other mismatching symbols have been suppressed; compile with --showAllMismatches:on to see them

expression: this.sizeofBlockInst == nil
" />
    </testcase>
    <testcase time="0.00000000" name="texpr_sizeof_value_0">
      <failure message="/home/travis/build/kaitai-io/ci_targets/compiled/nim/expr_sizeof_value_0.nim(43, 26) Error: type mismatch: got &lt;int, typeof(nil)&gt;
but expected one of: 
proc `==`(a, b: Option): bool
  first type mismatch at position: 2
  required type for b: Option
  but expression 'nil' is of type: typeof(nil)
proc `==`(x, y: int): bool
  first type mismatch at position: 2
  required type for y: int
  but expression 'nil' is of type: typeof(nil)
proc `==`(x, y: int64): bool
  first type mismatch at position: 2
  required type for y: int64
  but expression 'nil' is of type: typeof(nil)
proc `==`[T: tuple | object](x, y: T): bool
  first type mismatch at position: 2
  required type for y: T: tuple or object
  but expression 'nil' is of type: typeof(nil)
25 other mismatching symbols have been suppressed; compile with --showAllMismatches:on to see them

expression: this.selfSizeofInst == nil
" />
    </testcase>
    <testcase time="0.00000000" name="texpr_sizeof_value_sized">
      <failure message="/home/travis/build/kaitai-io/ci_targets/compiled/nim/expr_sizeof_value_sized.nim(47, 26) Error: type mismatch: got &lt;int, typeof(nil)&gt;
but expected one of: 
proc `==`(a, b: Option): bool
  first type mismatch at position: 2
  required type for b: Option
  but expression 'nil' is of type: typeof(nil)
proc `==`(x, y: int): bool
  first type mismatch at position: 2
  required type for y: int
  but expression 'nil' is of type: typeof(nil)
proc `==`(x, y: int64): bool
  first type mismatch at position: 2
  required type for y: int64
  but expression 'nil' is of type: typeof(nil)
proc `==`[T: tuple | object](x, y: T): bool
  first type mismatch at position: 2
  required type for y: T: tuple or object
  but expression 'nil' is of type: typeof(nil)
25 other mismatching symbols have been suppressed; compile with --showAllMismatches:on to see them

expression: this.selfSizeofInst == nil
" />
    </testcase>
    <testcase time="0.00000000" name="texpr_str_ops">
      <failure message="/home/travis/build/kaitai-io/ci_targets/compiled/nim/expr_str_ops.nim(65, 21) Error: type mismatch: got &lt;int, typeof(nil)&gt;
but expected one of: 
proc `==`(a, b: Option): bool
  first type mismatch at position: 2
  required type for b: Option
  but expression 'nil' is of type: typeof(nil)
proc `==`(x, y: int): bool
  first type mismatch at position: 2
  required type for y: int
  but expression 'nil' is of type: typeof(nil)
proc `==`(x, y: int64): bool
  first type mismatch at position: 2
  required type for y: int64
  but expression 'nil' is of type: typeof(nil)
proc `==`[T: tuple | object](x, y: T): bool
  first type mismatch at position: 2
  required type for y: T: tuple or object
  but expression 'nil' is of type: typeof(nil)
26 other mismatching symbols have been suppressed; compile with --showAllMismatches:on to see them

expression: this.toIR8Inst == nil
" />
    </testcase>
    <testcase time="0.002065896987915039" name="tfixed_contents">
      <failure message="Traceback (most recent call last)
/home/travis/build/kaitai-io/ci_targets/tests/spec/nim/tests/tfixed_contents.nim(7) tfixed_contents
/home/travis/build/kaitai-io/ci_targets/compiled/nim/fixed_contents.nim(27) fromFile
/home/travis/build/kaitai-io/ci_targets/compiled/nim/fixed_contents.nim(21) read
/home/travis/.nimble/pkgs/kaitai_struct_nim_runtime-0.9.0/kaitai_struct_nim_runtime.nim(264) readBytes
/opt/Nim-1.2.0/lib/pure/streams.nim(227) readData
SIGSEGV: Illegal storage access. (Attempt to read from nil?)
" />
    </testcase>
    <testcase time="0.002121210098266602" name="tfixed_struct">
      <failure message="Traceback (most recent call last)
/home/travis/build/kaitai-io/ci_targets/tests/spec/nim/tests/tfixed_struct.nim(11) tfixed_struct
/home/travis/build/kaitai-io/ci_targets/compiled/nim/fixed_struct.nim(55) hdr
/home/travis/.nimble/pkgs/kaitai_struct_nim_runtime-0.9.0/kaitai_struct_nim_runtime.nim(45) pos
/opt/Nim-1.2.0/lib/pure/streams.nim(215) getPosition
SIGSEGV: Illegal storage access. (Attempt to read from nil?)
" />
    </testcase>
    <testcase time="0.00000000" name="tfloat_to_i">
      <failure message="/home/travis/build/kaitai-io/ci_targets/compiled/nim/float_to_i.nim(47, 23) Error: type mismatch: got &lt;int, typeof(nil)&gt;
but expected one of: 
proc `==`(a, b: Option): bool
  first type mismatch at position: 2
  required type for b: Option
  but expression 'nil' is of type: typeof(nil)
proc `==`(x, y: int): bool
  first type mismatch at position: 2
  required type for y: int
  but expression 'nil' is of type: typeof(nil)
proc `==`(x, y: int64): bool
  first type mismatch at position: 2
  required type for y: int64
  but expression 'nil' is of type: typeof(nil)
proc `==`[T: tuple | object](x, y: T): bool
  first type mismatch at position: 2
  required type for y: T: tuple or object
  but expression 'nil' is of type: typeof(nil)
25 other mismatching symbols have been suppressed; compile with --showAllMismatches:on to see them

expression: this.float2IInst == nil
" />
    </testcase>
    <testcase time="0.00000000" name="tfloating_points">
      <failure message="/home/travis/build/kaitai-io/ci_targets/compiled/nim/floating_points.nim(42, 34) Error: type mismatch: got &lt;float64, typeof(nil)&gt;
but expected one of: 
proc `==`(a, b: Option): bool
  first type mismatch at position: 2
  required type for b: Option
  but expression 'nil' is of type: typeof(nil)
proc `==`(x, y: float): bool
  first type mismatch at position: 2
  required type for y: float
  but expression 'nil' is of type: typeof(nil)
proc `==`(x, y: float32): bool
  first type mismatch at position: 2
  required type for y: float32
  but expression 'nil' is of type: typeof(nil)
proc `==`[T: tuple | object](x, y: T): bool
  first type mismatch at position: 2
  required type for y: T: tuple or object
  but expression 'nil' is of type: typeof(nil)
25 other mismatching symbols have been suppressed; compile with --showAllMismatches:on to see them

expression: this.singleValuePlusIntInst == nil
" />
    </testcase>
    <testcase time="0.001645803451538086" name="thello_world">
      <failure message="Traceback (most recent call last)
/home/travis/build/kaitai-io/ci_targets/tests/spec/nim/tests/thello_world.nim(7) thello_world
/home/travis/build/kaitai-io/ci_targets/compiled/nim/hello_world.nim(24) fromFile
/home/travis/build/kaitai-io/ci_targets/compiled/nim/hello_world.nim(20) read
/home/travis/.nimble/pkgs/kaitai_struct_nim_runtime-0.9.0/kaitai_struct_nim_runtime.nim(113) readU1
/opt/Nim-1.2.0/lib/pure/streams.nim(642) readUint8
/opt/Nim-1.2.0/lib/pure/streams.nim(381) read
/opt/Nim-1.2.0/lib/pure/streams.nim(227) readData
SIGSEGV: Illegal storage access. (Attempt to read from nil?)
" />
    </testcase>
    <testcase time="0.00000000" name="tif_instances">
      <failure message="/home/travis/build/kaitai-io/ci_targets/compiled/nim/if_instances.nim(23, 28) Error: type mismatch: got &lt;uint8, typeof(nil)&gt;
but expected one of: 
proc `==`(a, b: Option): bool
  first type mismatch at position: 2
  required type for b: Option
  but expression 'nil' is of type: typeof(nil)
proc `==`(x, y: uint): bool
  first type mismatch at position: 2
  required type for y: uint
  but expression 'nil' is of type: typeof(nil)
proc `==`(x, y: uint16): bool
  first type mismatch at position: 2
  required type for y: uint16
  but expression 'nil' is of type: typeof(nil)
proc `==`(x, y: uint32): bool
  first type mismatch at position: 2
  required type for y: uint32
  but expression 'nil' is of type: typeof(nil)
proc `==`(x, y: uint64): bool
  first type mismatch at position: 2
  required type for y: uint64
  but expression 'nil' is of type: typeof(nil)
proc `==`(x, y: uint8): bool
  first type mismatch at position: 2
  required type for y: uint8
  but expression 'nil' is of type: typeof(nil)
proc `==`[T: tuple | object](x, y: T): bool
  first type mismatch at position: 2
  required type for y: T: tuple or object
  but expression 'nil' is of type: typeof(nil)
22 other mismatching symbols have been suppressed; compile with --showAllMismatches:on to see them

expression: this.neverHappensInst == nil
" />
    </testcase>
    <testcase time="0.002286911010742188" name="tif_struct">
      <failure message="Traceback (most recent call last)
/home/travis/build/kaitai-io/ci_targets/tests/spec/nim/tests/tif_struct.nim(7) tif_struct
/home/travis/build/kaitai-io/ci_targets/compiled/nim/if_struct.nim(46) fromFile
/home/travis/build/kaitai-io/ci_targets/compiled/nim/if_struct.nim(38) read
/home/travis/build/kaitai-io/ci_targets/compiled/nim/if_struct.nim(56) read
/home/travis/.nimble/pkgs/kaitai_struct_nim_runtime-0.9.0/kaitai_struct_nim_runtime.nim(113) readU1
/opt/Nim-1.2.0/lib/pure/streams.nim(642) readUint8
/opt/Nim-1.2.0/lib/pure/streams.nim(381) read
/opt/Nim-1.2.0/lib/pure/streams.nim(227) readData
SIGSEGV: Illegal storage access. (Attempt to read from nil?)
" />
    </testcase>
    <testcase time="0.00000000" name="tif_values">
      <failure message="/home/travis/build/kaitai-io/ci_targets/compiled/nim/if_values.nim(45, 26) Error: type mismatch: got &lt;int, typeof(nil)&gt;
but expected one of: 
proc `==`(a, b: Option): bool
  first type mismatch at position: 2
  required type for b: Option
  but expression 'nil' is of type: typeof(nil)
proc `==`(x, y: int): bool
  first type mismatch at position: 2
  required type for y: int
  but expression 'nil' is of type: typeof(nil)
proc `==`(x, y: int64): bool
  first type mismatch at position: 2
  required type for y: int64
  but expression 'nil' is of type: typeof(nil)
proc `==`[T: tuple | object](x, y: T): bool
  first type mismatch at position: 2
  required type for y: T: tuple or object
  but expression 'nil' is of type: typeof(nil)
25 other mismatching symbols have been suppressed; compile with --showAllMismatches:on to see them

expression: this.halfOpcodeInst == nil
" />
    </testcase>
    <testcase time="0.00000000" name="timports0">
      <failure message="/home/travis/build/kaitai-io/ci_targets/compiled/nim/imports0.nim(31, 21) Error: type mismatch: got &lt;uint8, typeof(nil)&gt;
but expected one of: 
proc `==`(a, b: Option): bool
  first type mismatch at position: 2
  required type for b: Option
  but expression 'nil' is of type: typeof(nil)
proc `==`(x, y: uint): bool
  first type mismatch at position: 2
  required type for y: uint
  but expression 'nil' is of type: typeof(nil)
proc `==`(x, y: uint16): bool
  first type mismatch at position: 2
  required type for y: uint16
  but expression 'nil' is of type: typeof(nil)
proc `==`(x, y: uint32): bool
  first type mismatch at position: 2
  required type for y: uint32
  but expression 'nil' is of type: typeof(nil)
proc `==`(x, y: uint64): bool
  first type mismatch at position: 2
  required type for y: uint64
  but expression 'nil' is of type: typeof(nil)
proc `==`(x, y: uint8): bool
  first type mismatch at position: 2
  required type for y: uint8
  but expression 'nil' is of type: typeof(nil)
proc `==`[T: tuple | object](x, y: T): bool
  first type mismatch at position: 2
  required type for y: T: tuple or object
  but expression 'nil' is of type: typeof(nil)
22 other mismatching symbols have been suppressed; compile with --showAllMismatches:on to see them

expression: this.hwOneInst == nil
" />
    </testcase>
    <testcase time="0.00000000" name="timports_abs">
      <failure message="/home/travis/build/kaitai-io/ci_targets/compiled/nim/vlq_base128_le.nim(65, 19) Error: type mismatch: got &lt;int, typeof(nil)&gt;
but expected one of: 
proc `==`(a, b: Option): bool
  first type mismatch at position: 2
  required type for b: Option
  but expression 'nil' is of type: typeof(nil)
proc `==`(x, y: int): bool
  first type mismatch at position: 2
  required type for y: int
  but expression 'nil' is of type: typeof(nil)
proc `==`(x, y: int64): bool
  first type mismatch at position: 2
  required type for y: int64
  but expression 'nil' is of type: typeof(nil)
proc `==`[T: tuple | object](x, y: T): bool
  first type mismatch at position: 2
  required type for y: T: tuple or object
  but expression 'nil' is of type: typeof(nil)
25 other mismatching symbols have been suppressed; compile with --showAllMismatches:on to see them

expression: this.lenInst == nil
" />
    </testcase>
    <testcase time="0.00000000" name="timports_circular_a">
      <failure message="/home/travis/build/kaitai-io/ci_targets/compiled/nim/imports_circular_a.nim(9, 13) Error: undeclared identifier: 'ImportsCircularB'
This might be caused by a recursive module dependency:
/home/travis/build/kaitai-io/ci_targets/compiled/nim/imports_circular_b.nim imports /home/travis/build/kaitai-io/ci_targets/compiled/nim/imports_circular_a.nim
/home/travis/build/kaitai-io/ci_targets/compiled/nim/imports_circular_a.nim imports /home/travis/build/kaitai-io/ci_targets/compiled/nim/imports_circular_b.nim
" />
    </testcase>
    <testcase time="0.00000000" name="timports_rel_1">
      <failure message="/home/travis/build/kaitai-io/ci_targets/compiled/nim/imports_rel_1.nim(3, 23) Error: cannot open file: for_rel_imports/imported_1
" />
    </testcase>
    <testcase time="0.002149105072021484" name="tindex_sizes">
      <failure message="Traceback (most recent call last)
/home/travis/build/kaitai-io/ci_targets/tests/spec/nim/tests/tindex_sizes.nim(7) tindex_sizes
/home/travis/build/kaitai-io/ci_targets/compiled/nim/index_sizes.nim(32) fromFile
/home/travis/build/kaitai-io/ci_targets/compiled/nim/index_sizes.nim(22) read
/home/travis/.nimble/pkgs/kaitai_struct_nim_runtime-0.9.0/kaitai_struct_nim_runtime.nim(169) readU4Le
/opt/Nim-1.2.0/lib/pure/streams.nim(715) readUint32
/opt/Nim-1.2.0/lib/pure/streams.nim(381) read
/opt/Nim-1.2.0/lib/pure/streams.nim(227) readData
SIGSEGV: Illegal storage access. (Attempt to read from nil?)
" />
    </testcase>
    <testcase time="0.001957893371582031" name="tindex_to_param_eos">
      <failure message="Traceback (most recent call last)
/home/travis/build/kaitai-io/ci_targets/tests/spec/nim/tests/tindex_to_param_eos.nim(7) tindex_to_param_eos
/home/travis/build/kaitai-io/ci_targets/compiled/nim/index_to_param_eos.nim(40) fromFile
/home/travis/build/kaitai-io/ci_targets/compiled/nim/index_to_param_eos.nim(27) read
/home/travis/.nimble/pkgs/kaitai_struct_nim_runtime-0.9.0/kaitai_struct_nim_runtime.nim(169) readU4Le
/opt/Nim-1.2.0/lib/pure/streams.nim(715) readUint32
/opt/Nim-1.2.0/lib/pure/streams.nim(381) read
/opt/Nim-1.2.0/lib/pure/streams.nim(227) readData
SIGSEGV: Illegal storage access. (Attempt to read from nil?)
" />
    </testcase>
    <testcase time="0.001936674118041992" name="tindex_to_param_expr">
      <failure message="Traceback (most recent call last)
/home/travis/build/kaitai-io/ci_targets/tests/spec/nim/tests/tindex_to_param_expr.nim(7) tindex_to_param_expr
/home/travis/build/kaitai-io/ci_targets/compiled/nim/index_to_param_expr.nim(37) fromFile
/home/travis/build/kaitai-io/ci_targets/compiled/nim/index_to_param_expr.nim(27) read
/home/travis/.nimble/pkgs/kaitai_struct_nim_runtime-0.9.0/kaitai_struct_nim_runtime.nim(169) readU4Le
/opt/Nim-1.2.0/lib/pure/streams.nim(715) readUint32
/opt/Nim-1.2.0/lib/pure/streams.nim(381) read
/opt/Nim-1.2.0/lib/pure/streams.nim(227) readData
SIGSEGV: Illegal storage access. (Attempt to read from nil?)
" />
    </testcase>
    <testcase time="0.001918554306030273" name="tindex_to_param_until">
      <failure message="Traceback (most recent call last)
/home/travis/build/kaitai-io/ci_targets/tests/spec/nim/tests/tindex_to_param_until.nim(7) tindex_to_param_until
/home/travis/build/kaitai-io/ci_targets/compiled/nim/index_to_param_until.nim(42) fromFile
/home/travis/build/kaitai-io/ci_targets/compiled/nim/index_to_param_until.nim(27) read
/home/travis/.nimble/pkgs/kaitai_struct_nim_runtime-0.9.0/kaitai_struct_nim_runtime.nim(169) readU4Le
/opt/Nim-1.2.0/lib/pure/streams.nim(715) readUint32
/opt/Nim-1.2.0/lib/pure/streams.nim(381) read
/opt/Nim-1.2.0/lib/pure/streams.nim(227) readData
SIGSEGV: Illegal storage access. (Attempt to read from nil?)
" />
    </testcase>
    <testcase time="0.001913785934448242" name="tinstance_io_user">
      <failure message="Traceback (most recent call last)
/home/travis/build/kaitai-io/ci_targets/tests/spec/nim/tests/tinstance_io_user.nim(7) tinstance_io_user
/home/travis/build/kaitai-io/ci_targets/compiled/nim/instance_io_user.nim(46) fromFile
/home/travis/build/kaitai-io/ci_targets/compiled/nim/instance_io_user.nim(34) read
/home/travis/.nimble/pkgs/kaitai_struct_nim_runtime-0.9.0/kaitai_struct_nim_runtime.nim(169) readU4Le
/opt/Nim-1.2.0/lib/pure/streams.nim(715) readUint32
/opt/Nim-1.2.0/lib/pure/streams.nim(381) read
/opt/Nim-1.2.0/lib/pure/streams.nim(227) readData
SIGSEGV: Illegal storage access. (Attempt to read from nil?)
" />
    </testcase>
    <testcase time="0.002043485641479492" name="tinstance_std">
      <failure message="Traceback (most recent call last)
/opt/Nim-1.2.0/lib/pure/unittest.nim(647) tinstance_std
/home/travis/build/kaitai-io/ci_targets/compiled/nim/instance_std.nim(25) header
/home/travis/.nimble/pkgs/kaitai_struct_nim_runtime-0.9.0/kaitai_struct_nim_runtime.nim(45) pos
/opt/Nim-1.2.0/lib/pure/streams.nim(215) getPosition
SIGSEGV: Illegal storage access. (Attempt to read from nil?)
" />
    </testcase>
    <testcase time="0.002099752426147461" name="tinstance_std_array">
      <failure message="Traceback (most recent call last)
/home/travis/build/kaitai-io/ci_targets/tests/spec/nim/tests/tinstance_std_array.nim(7) tinstance_std_array
/home/travis/build/kaitai-io/ci_targets/compiled/nim/instance_std_array.nim(44) fromFile
/home/travis/build/kaitai-io/ci_targets/compiled/nim/instance_std_array.nim(24) read
/home/travis/.nimble/pkgs/kaitai_struct_nim_runtime-0.9.0/kaitai_struct_nim_runtime.nim(169) readU4Le
/opt/Nim-1.2.0/lib/pure/streams.nim(715) readUint32
/opt/Nim-1.2.0/lib/pure/streams.nim(381) read
/opt/Nim-1.2.0/lib/pure/streams.nim(227) readData
SIGSEGV: Illegal storage access. (Attempt to read from nil?)
" />
    </testcase>
    <testcase time="0.001854419708251953" name="tinstance_user_array">
      <failure message="Traceback (most recent call last)
/home/travis/build/kaitai-io/ci_targets/tests/spec/nim/tests/tinstance_user_array.nim(7) tinstance_user_array
/home/travis/build/kaitai-io/ci_targets/compiled/nim/instance_user_array.nim(54) fromFile
/home/travis/build/kaitai-io/ci_targets/compiled/nim/instance_user_array.nim(30) read
/home/travis/.nimble/pkgs/kaitai_struct_nim_runtime-0.9.0/kaitai_struct_nim_runtime.nim(169) readU4Le
/opt/Nim-1.2.0/lib/pure/streams.nim(715) readUint32
/opt/Nim-1.2.0/lib/pure/streams.nim(381) read
/opt/Nim-1.2.0/lib/pure/streams.nim(227) readData
SIGSEGV: Illegal storage access. (Attempt to read from nil?)
" />
    </testcase>
    <testcase time="0.002016782760620117" name="tintegers">
      <failure message="Traceback (most recent call last)
/home/travis/build/kaitai-io/ci_targets/tests/spec/nim/tests/tintegers.nim(7) tintegers
/home/travis/build/kaitai-io/ci_targets/compiled/nim/integers.nim(102) fromFile
/home/travis/build/kaitai-io/ci_targets/compiled/nim/integers.nim(46) read
/home/travis/.nimble/pkgs/kaitai_struct_nim_runtime-0.9.0/kaitai_struct_nim_runtime.nim(264) readBytes
/opt/Nim-1.2.0/lib/pure/streams.nim(227) readData
SIGSEGV: Illegal storage access. (Attempt to read from nil?)
" />
    </testcase>
    <testcase time="0.00000000" name="tintegers_double_overflow">
      <failure message="/home/travis/build/kaitai-io/ci_targets/compiled/nim/integers_double_overflow.nim(53, 33) Error: type mismatch: got &lt;uint64, typeof(nil)&gt;
but expected one of: 
proc `==`(a, b: Option): bool
  first type mismatch at position: 2
  required type for b: Option
  but expression 'nil' is of type: typeof(nil)
proc `==`(x, y: uint64): bool
  first type mismatch at position: 2
  required type for y: uint64
  but expression 'nil' is of type: typeof(nil)
proc `==`[T: tuple | object](x, y: T): bool
  first type mismatch at position: 2
  required type for y: T: tuple or object
  but expression 'nil' is of type: typeof(nil)
26 other mismatching symbols have been suppressed; compile with --showAllMismatches:on to see them

expression: this.unsignedSafeMaxBeInst == nil
" />
    </testcase>
    <testcase time="0.002193927764892578" name="tintegers_min_max">
      <failure message="Traceback (most recent call last)
/home/travis/build/kaitai-io/ci_targets/tests/spec/nim/tests/tintegers_min_max.nim(7) tintegers_min_max
/home/travis/build/kaitai-io/ci_targets/compiled/nim/integers_min_max.nim(53) fromFile
/home/travis/build/kaitai-io/ci_targets/compiled/nim/integers_min_max.nim(43) read
/home/travis/build/kaitai-io/ci_targets/compiled/nim/integers_min_max.nim(63) read
/home/travis/.nimble/pkgs/kaitai_struct_nim_runtime-0.9.0/kaitai_struct_nim_runtime.nim(113) readU1
/opt/Nim-1.2.0/lib/pure/streams.nim(642) readUint8
/opt/Nim-1.2.0/lib/pure/streams.nim(381) read
/opt/Nim-1.2.0/lib/pure/streams.nim(227) readData
SIGSEGV: Illegal storage access. (Attempt to read from nil?)
" />
    </testcase>
    <testcase time="0.00000000" name="tio_local_var">
      <failure message="/home/travis/build/kaitai-io/ci_targets/compiled/nim/io_local_var.nim(58, 25) Error: type mismatch: got &lt;seq[byte]&gt; but expected 'KaitaiStruct = ref KaitaiStruct:ObjectType'
" />
    </testcase>
    <testcase time="0.00000000" name="tjs_signed_right_shift">
      <failure message="/home/travis/build/kaitai-io/ci_targets/compiled/nim/js_signed_right_shift.nim(25, 32) Error: type mismatch: got &lt;int, typeof(nil)&gt;
but expected one of: 
proc `==`(a, b: Option): bool
  first type mismatch at position: 2
  required type for b: Option
  but expression 'nil' is of type: typeof(nil)
proc `==`(x, y: int): bool
  first type mismatch at position: 2
  required type for y: int
  but expression 'nil' is of type: typeof(nil)
proc `==`(x, y: int64): bool
  first type mismatch at position: 2
  required type for y: int64
  but expression 'nil' is of type: typeof(nil)
proc `==`[T: tuple | object](x, y: T): bool
  first type mismatch at position: 2
  required type for y: T: tuple or object
  but expression 'nil' is of type: typeof(nil)
25 other mismatching symbols have been suppressed; compile with --showAllMismatches:on to see them

expression: this.shouldBe40000000Inst == nil
" />
    </testcase>
    <testcase time="0.001697540283203125" name="tmeta_tags" />
    <testcase time="0.001853466033935547" name="tmeta_xref" />
    <testcase time="0.001917600631713867" name="tmultiple_use">
      <failure message="Traceback (most recent call last)
/home/travis/build/kaitai-io/ci_targets/tests/spec/nim/tests/tmultiple_use.nim(7) tmultiple_use
/home/travis/build/kaitai-io/ci_targets/compiled/nim/multiple_use.nim(40) fromFile
/home/travis/build/kaitai-io/ci_targets/compiled/nim/multiple_use.nim(34) read
/home/travis/build/kaitai-io/ci_targets/compiled/nim/multiple_use.nim(64) read
/home/travis/build/kaitai-io/ci_targets/compiled/nim/multiple_use.nim(50) read
/home/travis/.nimble/pkgs/kaitai_struct_nim_runtime-0.9.0/kaitai_struct_nim_runtime.nim(109) readS4Le
/opt/Nim-1.2.0/lib/pure/streams.nim(570) readInt32
/opt/Nim-1.2.0/lib/pure/streams.nim(381) read
/opt/Nim-1.2.0/lib/pure/streams.nim(227) readData
SIGSEGV: Illegal storage access. (Attempt to read from nil?)
" />
    </testcase>
    <testcase time="0.002167224884033203" name="tnav_parent">
      <failure message="Traceback (most recent call last)
/home/travis/build/kaitai-io/ci_targets/tests/spec/nim/tests/tnav_parent.nim(7) tnav_parent
/home/travis/build/kaitai-io/ci_targets/compiled/nim/nav_parent.nim(41) fromFile
/home/travis/build/kaitai-io/ci_targets/compiled/nim/nav_parent.nim(35) read
/home/travis/build/kaitai-io/ci_targets/compiled/nim/nav_parent.nim(51) read
/home/travis/.nimble/pkgs/kaitai_struct_nim_runtime-0.9.0/kaitai_struct_nim_runtime.nim(169) readU4Le
/opt/Nim-1.2.0/lib/pure/streams.nim(715) readUint32
/opt/Nim-1.2.0/lib/pure/streams.nim(381) read
/opt/Nim-1.2.0/lib/pure/streams.nim(227) readData
SIGSEGV: Illegal storage access. (Attempt to read from nil?)
" />
    </testcase>
    <testcase time="0.002097129821777344" name="tnav_parent2">
      <failure message="Traceback (most recent call last)
/home/travis/build/kaitai-io/ci_targets/tests/spec/nim/tests/tnav_parent2.nim(7) tnav_parent2
/home/travis/build/kaitai-io/ci_targets/compiled/nim/nav_parent2.nim(43) fromFile
/home/travis/build/kaitai-io/ci_targets/compiled/nim/nav_parent2.nim(34) read
/home/travis/.nimble/pkgs/kaitai_struct_nim_runtime-0.9.0/kaitai_struct_nim_runtime.nim(169) readU4Le
/opt/Nim-1.2.0/lib/pure/streams.nim(715) readUint32
/opt/Nim-1.2.0/lib/pure/streams.nim(381) read
/opt/Nim-1.2.0/lib/pure/streams.nim(227) readData
SIGSEGV: Illegal storage access. (Attempt to read from nil?)
" />
    </testcase>
    <testcase time="0.001880884170532227" name="tnav_parent3">
      <failure message="Traceback (most recent call last)
/home/travis/build/kaitai-io/ci_targets/tests/spec/nim/tests/tnav_parent3.nim(7) tnav_parent3
/home/travis/build/kaitai-io/ci_targets/compiled/nim/nav_parent3.nim(53) fromFile
/home/travis/build/kaitai-io/ci_targets/compiled/nim/nav_parent3.nim(35) read
/home/travis/.nimble/pkgs/kaitai_struct_nim_runtime-0.9.0/kaitai_struct_nim_runtime.nim(169) readU4Le
/opt/Nim-1.2.0/lib/pure/streams.nim(715) readUint32
/opt/Nim-1.2.0/lib/pure/streams.nim(381) read
/opt/Nim-1.2.0/lib/pure/streams.nim(227) readData
SIGSEGV: Illegal storage access. (Attempt to read from nil?)
" />
    </testcase>
    <testcase time="0.001851081848144531" name="tnav_parent_false">
      <failure message="Traceback (most recent call last)
/home/travis/build/kaitai-io/ci_targets/tests/spec/nim/tests/tnav_parent_false.nim(7) tnav_parent_false
/home/travis/build/kaitai-io/ci_targets/compiled/nim/nav_parent_false.nim(44) fromFile
/home/travis/build/kaitai-io/ci_targets/compiled/nim/nav_parent_false.nim(36) read
/home/travis/.nimble/pkgs/kaitai_struct_nim_runtime-0.9.0/kaitai_struct_nim_runtime.nim(113) readU1
/opt/Nim-1.2.0/lib/pure/streams.nim(642) readUint8
/opt/Nim-1.2.0/lib/pure/streams.nim(381) read
/opt/Nim-1.2.0/lib/pure/streams.nim(227) readData
SIGSEGV: Illegal storage access. (Attempt to read from nil?)
" />
    </testcase>
    <testcase time="0.002022504806518555" name="tnav_parent_false2">
      <failure message="Traceback (most recent call last)
/home/travis/build/kaitai-io/ci_targets/tests/spec/nim/tests/tnav_parent_false2.nim(7) tnav_parent_false2
/home/travis/build/kaitai-io/ci_targets/compiled/nim/nav_parent_false2.nim(28) fromFile
/home/travis/build/kaitai-io/ci_targets/compiled/nim/nav_parent_false2.nim(24) read
/home/travis/build/kaitai-io/ci_targets/compiled/nim/nav_parent_false2.nim(38) read
/home/travis/.nimble/pkgs/kaitai_struct_nim_runtime-0.9.0/kaitai_struct_nim_runtime.nim(113) readU1
/opt/Nim-1.2.0/lib/pure/streams.nim(642) readUint8
/opt/Nim-1.2.0/lib/pure/streams.nim(381) read
/opt/Nim-1.2.0/lib/pure/streams.nim(227) readData
SIGSEGV: Illegal storage access. (Attempt to read from nil?)
" />
    </testcase>
    <testcase time="0.002013921737670898" name="tnav_parent_override">
      <failure message="Traceback (most recent call last)
/home/travis/build/kaitai-io/ci_targets/tests/spec/nim/tests/tnav_parent_override.nim(7) tnav_parent_override
/home/travis/build/kaitai-io/ci_targets/compiled/nim/nav_parent_override.nim(38) fromFile
/home/travis/build/kaitai-io/ci_targets/compiled/nim/nav_parent_override.nim(30) read
/home/travis/.nimble/pkgs/kaitai_struct_nim_runtime-0.9.0/kaitai_struct_nim_runtime.nim(113) readU1
/opt/Nim-1.2.0/lib/pure/streams.nim(642) readUint8
/opt/Nim-1.2.0/lib/pure/streams.nim(381) read
/opt/Nim-1.2.0/lib/pure/streams.nim(227) readData
SIGSEGV: Illegal storage access. (Attempt to read from nil?)
" />
    </testcase>
    <testcase time="0.001972675323486328" name="tnav_parent_switch">
[...]
    <testcase time="0.002182483673095703" name="tswitch_integers">
      <failure message="Traceback (most recent call last)
/home/travis/build/kaitai-io/ci_targets/tests/spec/nim/tests/tswitch_integers.nim(7) tswitch_integers
/home/travis/build/kaitai-io/ci_targets/compiled/nim/switch_integers.nim(33) fromFile
/home/travis/build/kaitai-io/ci_targets/compiled/nim/switch_integers.nim(27) read
/home/travis/.nimble/pkgs/kaitai_struct_nim_runtime-0.9.0/kaitai_struct_nim_runtime.nim(43) isEof
/opt/Nim-1.2.0/lib/pure/streams.nim(192) atEnd
SIGSEGV: Illegal storage access. (Attempt to read from nil?)
" />
    </testcase>
    <testcase time="0.002118349075317383" name="tswitch_integers2">
      <failure message="Traceback (most recent call last)
/home/travis/build/kaitai-io/ci_targets/tests/spec/nim/tests/tswitch_integers2.nim(7) tswitch_integers2
/home/travis/build/kaitai-io/ci_targets/compiled/nim/switch_integers2.nim(57) fromFile
/home/travis/build/kaitai-io/ci_targets/compiled/nim/switch_integers2.nim(26) read
/home/travis/.nimble/pkgs/kaitai_struct_nim_runtime-0.9.0/kaitai_struct_nim_runtime.nim(113) readU1
/opt/Nim-1.2.0/lib/pure/streams.nim(642) readUint8
/opt/Nim-1.2.0/lib/pure/streams.nim(381) read
/opt/Nim-1.2.0/lib/pure/streams.nim(227) readData
SIGSEGV: Illegal storage access. (Attempt to read from nil?)
" />
    </testcase>
    <testcase time="0.002004861831665039" name="tswitch_manual_enum">
      <failure message="Traceback (most recent call last)
/home/travis/build/kaitai-io/ci_targets/tests/spec/nim/tests/tswitch_manual_enum.nim(7) tswitch_manual_enum
/home/travis/build/kaitai-io/ci_targets/compiled/nim/switch_manual_enum.nim(44) fromFile
/home/travis/build/kaitai-io/ci_targets/compiled/nim/switch_manual_enum.nim(38) read
/home/travis/.nimble/pkgs/kaitai_struct_nim_runtime-0.9.0/kaitai_struct_nim_runtime.nim(43) isEof
/opt/Nim-1.2.0/lib/pure/streams.nim(192) atEnd
SIGSEGV: Illegal storage access. (Attempt to read from nil?)
" />
    </testcase>
    <testcase time="0.00000000" name="tswitch_manual_enum_invalid">
      <failure message="/opt/Nim-1.2.0/lib/pure/unittest.nim(647, 43) Error: conversion from int literal(255) to SwitchManualEnumInvalid_Opcode_CodeEnum is invalid
" />
    </testcase>
    <testcase time="0.00000000" name="tswitch_manual_enum_invalid_else">
      <failure message="/home/travis/build/kaitai-io/ci_targets/compiled/nim/switch_manual_enum_invalid_else.nim(114, 21) Error: type mismatch: got &lt;int8, typeof(nil)&gt;
but expected one of: 
proc `==`(a, b: Option): bool
  first type mismatch at position: 2
  required type for b: Option
  but expression 'nil' is of type: typeof(nil)
proc `==`(x, y: int): bool
  first type mismatch at position: 2
  required type for y: int
  but expression 'nil' is of type: typeof(nil)
proc `==`(x, y: int16): bool
  first type mismatch at position: 2
  required type for y: int16
  but expression 'nil' is of type: typeof(nil)
proc `==`(x, y: int32): bool
  first type mismatch at position: 2
  required type for y: int32
  but expression 'nil' is of type: typeof(nil)
proc `==`(x, y: int64): bool
  first type mismatch at position: 2
  required type for y: int64
  but expression 'nil' is of type: typeof(nil)
proc `==`(x, y: int8): bool
  first type mismatch at position: 2
  required type for y: int8
  but expression 'nil' is of type: typeof(nil)
proc `==`[T: tuple | object](x, y: T): bool
  first type mismatch at position: 2
  required type for y: T: tuple or object
  but expression 'nil' is of type: typeof(nil)
22 other mismatching symbols have been suppressed; compile with --showAllMismatches:on to see them

expression: this.valueInst == nil
" />
    </testcase>
    <testcase time="0.00264739990234375" name="tswitch_manual_int">
      <failure message="Traceback (most recent call last)
/home/travis/build/kaitai-io/ci_targets/tests/spec/nim/tests/tswitch_manual_int.nim(7) tswitch_manual_int
/home/travis/build/kaitai-io/ci_targets/compiled/nim/switch_manual_int.nim(41) fromFile
/home/travis/build/kaitai-io/ci_targets/compiled/nim/switch_manual_int.nim(35) read
/home/travis/.nimble/pkgs/kaitai_struct_nim_runtime-0.9.0/kaitai_struct_nim_runtime.nim(43) isEof
/opt/Nim-1.2.0/lib/pure/streams.nim(192) atEnd
SIGSEGV: Illegal storage access. (Attempt to read from nil?)
" />
    </testcase>
    <testcase time="0.002077817916870117" name="tswitch_manual_int_else">
      <failure message="Traceback (most recent call last)
/home/travis/build/kaitai-io/ci_targets/tests/spec/nim/tests/tswitch_manual_int_else.nim(7) tswitch_manual_int_else
/home/travis/build/kaitai-io/ci_targets/compiled/nim/switch_manual_int_else.nim(45) fromFile
/home/travis/build/kaitai-io/ci_targets/compiled/nim/switch_manual_int_else.nim(39) read
/home/travis/.nimble/pkgs/kaitai_struct_nim_runtime-0.9.0/kaitai_struct_nim_runtime.nim(43) isEof
/opt/Nim-1.2.0/lib/pure/streams.nim(192) atEnd
SIGSEGV: Illegal storage access. (Attempt to read from nil?)
" />
    </testcase>
    <testcase time="0.00000000" name="tswitch_manual_int_size">
      <failure message="/home/travis/build/kaitai-io/ci_targets/tests/spec/nim/tests/tswitch_manual_int_size.nim(7, 28) template/generic instantiation of `fromFile` from here
/home/travis/build/kaitai-io/ci_targets/compiled/nim/switch_manual_int_size.nim(44, 22) template/generic instantiation of `read` from here
/home/travis/build/kaitai-io/ci_targets/compiled/nim/switch_manual_int_size.nim(39, 41) template/generic instantiation of `read` from here
/home/travis/build/kaitai-io/ci_targets/compiled/nim/switch_manual_int_size.nim(74, 19) Error: type mismatch: got &lt;seq[byte]&gt; but expected 'KaitaiStruct = ref KaitaiStruct:ObjectType'
" />
    </testcase>
    <testcase time="0.00000000" name="tswitch_manual_int_size_else">
      <failure message="/home/travis/build/kaitai-io/ci_targets/tests/spec/nim/tests/tswitch_manual_int_size_else.nim(9, 6) template/generic instantiation of `test` from here
/home/travis/build/kaitai-io/ci_targets/tests/spec/nim/tests/tswitch_manual_int_size_else.nim(20, 8) template/generic instantiation of `check` from here
/opt/Nim-1.2.0/lib/pure/unittest.nim(647, 43) Error: cannot infer the type of the sequence
" />
    </testcase>
    <testcase time="0.002016067504882812" name="tswitch_manual_str">
      <failure message="Traceback (most recent call last)
/home/travis/build/kaitai-io/ci_targets/tests/spec/nim/tests/tswitch_manual_str.nim(7) tswitch_manual_str
/home/travis/build/kaitai-io/ci_targets/compiled/nim/switch_manual_str.nim(41) fromFile
/home/travis/build/kaitai-io/ci_targets/compiled/nim/switch_manual_str.nim(35) read
/home/travis/.nimble/pkgs/kaitai_struct_nim_runtime-0.9.0/kaitai_struct_nim_runtime.nim(43) isEof
/opt/Nim-1.2.0/lib/pure/streams.nim(192) atEnd
SIGSEGV: Illegal storage access. (Attempt to read from nil?)
" />
    </testcase>
    <testcase time="0.001987218856811523" name="tswitch_manual_str_else">
      <failure message="Traceback (most recent call last)
/home/travis/build/kaitai-io/ci_targets/tests/spec/nim/tests/tswitch_manual_str_else.nim(7) tswitch_manual_str_else
/home/travis/build/kaitai-io/ci_targets/compiled/nim/switch_manual_str_else.nim(45) fromFile
/home/travis/build/kaitai-io/ci_targets/compiled/nim/switch_manual_str_else.nim(39) read
/home/travis/.nimble/pkgs/kaitai_struct_nim_runtime-0.9.0/kaitai_struct_nim_runtime.nim(43) isEof
/opt/Nim-1.2.0/lib/pure/streams.nim(192) atEnd
SIGSEGV: Illegal storage access. (Attempt to read from nil?)
" />
    </testcase>
    <testcase time="0.00000000" name="tswitch_repeat_expr">
      <failure message="/home/travis/build/kaitai-io/ci_targets/tests/spec/nim/tests/tswitch_repeat_expr.nim(7, 25) template/generic instantiation of `fromFile` from here
/home/travis/build/kaitai-io/ci_targets/compiled/nim/switch_repeat_expr.nim(55, 19) template/generic instantiation of `read` from here
/home/travis/build/kaitai-io/ci_targets/compiled/nim/switch_repeat_expr.nim(52, 18) Error: type mismatch: got &lt;seq[KaitaiStruct], seq[byte]&gt;
but expected one of: 
proc add[T](x: var seq[T]; y: T)
  first type mismatch at position: 2
  required type for y: T
  but expression 'it' is of type: seq[byte]
proc add[T](x: var seq[T]; y: openArray[T])
  first type mismatch at position: 2
  required type for y: openArray[T]
  but expression 'it' is of type: seq[byte]
5 other mismatching symbols have been suppressed; compile with --showAllMismatches:on to see them

expression: add(result.body, it)
" />
    </testcase>
    <testcase time="0.00000000" name="tswitch_repeat_expr_invalid">
      <failure message="/home/travis/build/kaitai-io/ci_targets/tests/spec/nim/tests/tswitch_repeat_expr_invalid.nim(7, 32) template/generic instantiation of `fromFile` from here
/home/travis/build/kaitai-io/ci_targets/compiled/nim/switch_repeat_expr_invalid.nim(55, 26) template/generic instantiation of `read` from here
/home/travis/build/kaitai-io/ci_targets/compiled/nim/switch_repeat_expr_invalid.nim(52, 18) Error: type mismatch: got &lt;seq[KaitaiStruct], seq[byte]&gt;
but expected one of: 
proc add[T](x: var seq[T]; y: T)
  first type mismatch at position: 2
  required type for y: T
  but expression 'it' is of type: seq[byte]
proc add[T](x: var seq[T]; y: openArray[T])
  first type mismatch at position: 2
  required type for y: openArray[T]
  but expression 'it' is of type: seq[byte]
5 other mismatching symbols have been suppressed; compile with --showAllMismatches:on to see them

expression: add(result.body, it)
" />
    </testcase>
    <testcase time="0.002085208892822266" name="tterm_bytes">
      <failure message="Traceback (most recent call last)
/home/travis/build/kaitai-io/ci_targets/tests/spec/nim/tests/tterm_bytes.nim(7) tterm_bytes
/home/travis/build/kaitai-io/ci_targets/compiled/nim/term_bytes.nim(30) fromFile
/home/travis/build/kaitai-io/ci_targets/compiled/nim/term_bytes.nim(22) read
/home/travis/.nimble/pkgs/kaitai_struct_nim_runtime-0.9.0/kaitai_struct_nim_runtime.nim(281) readBytesTerm
/opt/Nim-1.2.0/lib/pure/streams.nim(642) readUint8
/opt/Nim-1.2.0/lib/pure/streams.nim(381) read
/opt/Nim-1.2.0/lib/pure/streams.nim(227) readData
SIGSEGV: Illegal storage access. (Attempt to read from nil?)
" />
    </testcase>
    <testcase time="0.001912117004394531" name="tterm_strz">
      <failure message="Traceback (most recent call last)
/home/travis/build/kaitai-io/ci_targets/tests/spec/nim/tests/tterm_strz.nim(7) tterm_strz
/home/travis/build/kaitai-io/ci_targets/compiled/nim/term_strz.nim(30) fromFile
/home/travis/build/kaitai-io/ci_targets/compiled/nim/term_strz.nim(22) read
/home/travis/.nimble/pkgs/kaitai_struct_nim_runtime-0.9.0/kaitai_struct_nim_runtime.nim(281) readBytesTerm
/opt/Nim-1.2.0/lib/pure/streams.nim(642) readUint8
/opt/Nim-1.2.0/lib/pure/streams.nim(381) read
/opt/Nim-1.2.0/lib/pure/streams.nim(227) readData
SIGSEGV: Illegal storage access. (Attempt to read from nil?)
" />
    </testcase>
    <testcase time="0.002576112747192383" name="tts_packet_header">
      <failure message="Traceback (most recent call last)
/home/travis/build/kaitai-io/ci_targets/tests/spec/nim/tests/tts_packet_header.nim(7) tts_packet_header
/home/travis/build/kaitai-io/ci_targets/compiled/nim/ts_packet_header.nim(59) fromFile
/home/travis/build/kaitai-io/ci_targets/compiled/nim/ts_packet_header.nim(38) read
/home/travis/.nimble/pkgs/kaitai_struct_nim_runtime-0.9.0/kaitai_struct_nim_runtime.nim(113) readU1
/opt/Nim-1.2.0/lib/pure/streams.nim(642) readUint8
/opt/Nim-1.2.0/lib/pure/streams.nim(381) read
/opt/Nim-1.2.0/lib/pure/streams.nim(227) readData
SIGSEGV: Illegal storage access. (Attempt to read from nil?)
" />
    </testcase>
    <testcase time="0.00000000" name="ttype_int_unary_op">
      <failure message="/home/travis/build/kaitai-io/ci_targets/compiled/nim/type_int_unary_op.nim(31, 23) Error: type mismatch: got &lt;int, typeof(nil)&gt;
but expected one of: 
proc `==`(a, b: Option): bool
  first type mismatch at position: 2
  required type for b: Option
  but expression 'nil' is of type: typeof(nil)
proc `==`(x, y: int): bool
  first type mismatch at position: 2
  required type for y: int
  but expression 'nil' is of type: typeof(nil)
proc `==`(x, y: int64): bool
  first type mismatch at position: 2
  required type for y: int64
  but expression 'nil' is of type: typeof(nil)
proc `==`[T: tuple | object](x, y: T): bool
  first type mismatch at position: 2
  required type for y: T: tuple or object
  but expression 'nil' is of type: typeof(nil)
25 other mismatching symbols have been suppressed; compile with --showAllMismatches:on to see them

expression: this.unaryS2Inst == nil
" />
    </testcase>
    <testcase time="0.00000000" name="ttype_ternary">
      <failure message="/home/travis/build/kaitai-io/ci_targets/compiled/nim/type_ternary.nim(49, 22) Error: type mismatch: got &lt;bool, typeof(nil)&gt;
but expected one of: 
proc `==`(a, b: Option): bool
  first type mismatch at position: 2
  required type for b: Option
  but expression 'nil' is of type: typeof(nil)
proc `==`(x, y: bool): bool
  first type mismatch at position: 2
  required type for y: bool
  but expression 'nil' is of type: typeof(nil)
proc `==`[T: tuple | object](x, y: T): bool
  first type mismatch at position: 2
  required type for y: T: tuple or object
  but expression 'nil' is of type: typeof(nil)
26 other mismatching symbols have been suppressed; compile with --showAllMismatches:on to see them

expression: this.isHackInst == nil
" />
    </testcase>
    <testcase time="0.00000000" name="ttype_ternary_2nd_falsy">
      <failure message="/home/travis/build/kaitai-io/ci_targets/compiled/nim/type_ternary_2nd_falsy.nim(70, 26) Error: type mismatch: got &lt;float64, typeof(nil)&gt;
but expected one of: 
proc `==`(a, b: Option): bool
  first type mismatch at position: 2
  required type for b: Option
  but expression 'nil' is of type: typeof(nil)
proc `==`(x, y: float): bool
  first type mismatch at position: 2
  required type for y: float
  but expression 'nil' is of type: typeof(nil)
proc `==`(x, y: float32): bool
  first type mismatch at position: 2
  required type for y: float32
  but expression 'nil' is of type: typeof(nil)
proc `==`[T: tuple | object](x, y: T): bool
  first type mismatch at position: 2
  required type for y: T: tuple or object
  but expression 'nil' is of type: typeof(nil)
25 other mismatching symbols have been suppressed; compile with --showAllMismatches:on to see them

expression: this.vFloatZeroInst == nil
" />
    </testcase>
    <testcase time="0.002012968063354492" name="tuser_type">
      <failure message="Traceback (most recent call last)
/home/travis/build/kaitai-io/ci_targets/tests/spec/nim/tests/tuser_type.nim(7) tuser_type
/home/travis/build/kaitai-io/ci_targets/compiled/nim/user_type.nim(29) fromFile
/home/travis/build/kaitai-io/ci_targets/compiled/nim/user_type.nim(25) read
/home/travis/build/kaitai-io/ci_targets/compiled/nim/user_type.nim(39) read
/home/travis/.nimble/pkgs/kaitai_struct_nim_runtime-0.9.0/kaitai_struct_nim_runtime.nim(169) readU4Le
/opt/Nim-1.2.0/lib/pure/streams.nim(715) readUint32
/opt/Nim-1.2.0/lib/pure/streams.nim(381) read
/opt/Nim-1.2.0/lib/pure/streams.nim(227) readData
SIGSEGV: Illegal storage access. (Attempt to read from nil?)
" />
    </testcase>
    <testcase time="0.002331018447875977" name="tvalid_long">
      <failure message="Traceback (most recent call last)
/home/travis/build/kaitai-io/ci_targets/tests/spec/nim/tests/tvalid_long.nim(7) tvalid_long
/home/travis/build/kaitai-io/ci_targets/compiled/nim/valid_long.nim(54) fromFile
/home/travis/build/kaitai-io/ci_targets/compiled/nim/valid_long.nim(30) read
/home/travis/.nimble/pkgs/kaitai_struct_nim_runtime-0.9.0/kaitai_struct_nim_runtime.nim(264) readBytes
/opt/Nim-1.2.0/lib/pure/streams.nim(227) readData
SIGSEGV: Illegal storage access. (Attempt to read from nil?)
" />
    </testcase>
    <testcase time="0.001990556716918945" name="tvalid_not_parsed_if">
      <failure message="Traceback (most recent call last)
/home/travis/build/kaitai-io/ci_targets/tests/spec/nim/tests/tvalid_not_parsed_if.nim(7) tvalid_not_parsed_if
/home/travis/build/kaitai-io/ci_targets/compiled/nim/valid_not_parsed_if.nim(29) fromFile
/home/travis/build/kaitai-io/ci_targets/compiled/nim/valid_not_parsed_if.nim(25) read
/home/travis/.nimble/pkgs/kaitai_struct_nim_runtime-0.9.0/kaitai_struct_nim_runtime.nim(113) readU1
/opt/Nim-1.2.0/lib/pure/streams.nim(642) readUint8
/opt/Nim-1.2.0/lib/pure/streams.nim(381) read
/opt/Nim-1.2.0/lib/pure/streams.nim(227) readData
SIGSEGV: Illegal storage access. (Attempt to read from nil?)
" />
    </testcase>
    <testcase time="0.002114534378051758" name="tvalid_short">
      <failure message="Traceback (most recent call last)
/home/travis/build/kaitai-io/ci_targets/tests/spec/nim/tests/tvalid_short.nim(7) tvalid_short
/home/travis/build/kaitai-io/ci_targets/compiled/nim/valid_short.nim(54) fromFile
/home/travis/build/kaitai-io/ci_targets/compiled/nim/valid_short.nim(30) read
/home/travis/.nimble/pkgs/kaitai_struct_nim_runtime-0.9.0/kaitai_struct_nim_runtime.nim(264) readBytes
/opt/Nim-1.2.0/lib/pure/streams.nim(227) readData
SIGSEGV: Illegal storage access. (Attempt to read from nil?)
" />
    </testcase>
    <testcase time="0.001962184906005859" name="tvalid_switch">
      <failure message="Traceback (most recent call last)
/home/travis/build/kaitai-io/ci_targets/tests/spec/nim/tests/tvalid_switch.nim(7) tvalid_switch
/home/travis/build/kaitai-io/ci_targets/compiled/nim/valid_switch.nim(33) fromFile
/home/travis/build/kaitai-io/ci_targets/compiled/nim/valid_switch.nim(21) read
/home/travis/.nimble/pkgs/kaitai_struct_nim_runtime-0.9.0/kaitai_struct_nim_runtime.nim(113) readU1
/opt/Nim-1.2.0/lib/pure/streams.nim(642) readUint8
/opt/Nim-1.2.0/lib/pure/streams.nim(381) read
/opt/Nim-1.2.0/lib/pure/streams.nim(227) readData
SIGSEGV: Illegal storage access. (Attempt to read from nil?)
" />
    </testcase>
    <testcase time="0.00000000" name="tyaml_ints">
      <failure message="/home/travis/build/kaitai-io/ci_targets/compiled/nim/yaml_ints.nim(29, 25) Error: type mismatch: got &lt;int, typeof(nil)&gt;
but expected one of: 
proc `==`(a, b: Option): bool
  first type mismatch at position: 2
  required type for b: Option
  but expression 'nil' is of type: typeof(nil)
proc `==`(x, y: int): bool
  first type mismatch at position: 2
  required type for y: int
  but expression 'nil' is of type: typeof(nil)
proc `==`(x, y: int64): bool
  first type mismatch at position: 2
  required type for y: int64
  but expression 'nil' is of type: typeof(nil)
proc `==`[T: tuple | object](x, y: T): bool
  first type mismatch at position: 2
  required type for y: T: tuple or object
  but expression 'nil' is of type: typeof(nil)
25 other mismatching symbols have been suppressed; compile with --showAllMismatches:on to see them

expression: this.testU4DecInst == nil
" />
    </testcase>
    <testcase time="0.00000000" name="tzlib_surrounded">
      <failure message="/home/travis/build/kaitai-io/ci_targets/tests/spec/nim/tests/tzlib_surrounded.nim(7, 23) template/generic instantiation of `fromFile` from here
/home/travis/build/kaitai-io/ci_targets/compiled/nim/zlib_surrounded.nim(41, 17) template/generic instantiation of `read` from here
/home/travis/build/kaitai-io/ci_targets/compiled/nim/zlib_surrounded.nim(32, 36) Error: attempting to call undeclared routine: 'processZlib'
" />
    </testcase>
    <testcase time="0.00000000" name="tzlib_with_header_78">
      <failure message="/home/travis/build/kaitai-io/ci_targets/tests/spec/nim/tests/tzlib_with_header_78.nim(7, 25) template/generic instantiation of `fromFile` from here
/home/travis/build/kaitai-io/ci_targets/compiled/nim/zlib_with_header_78.nim(27, 19) template/generic instantiation of `read` from here
/home/travis/build/kaitai-io/ci_targets/compiled/nim/zlib_with_header_78.nim(23, 30) Error: attempting to call undeclared routine: 'processZlib'
" />
    </testcase>
  </testsuite>
</testsuites>