<testsuites><testsuite tests="155" failures="1" errors="67" name="tests">
    <testcase time="0.001619577407836914" name="tbcd_user_type_be" />
    <testcase time="0.001945972442626953" name="tbcd_user_type_le" />
    <testcase time="0.001698732376098633" name="tbits_byte_aligned" />
    <testcase time="0.001764297485351562" name="tbits_enum" />
    <testcase time="0.00140690803527832" name="tbits_simple" />
    <testcase time="0.001694917678833008" name="tbuffered_struct" />
    <testcase time="0.001510858535766602" name="tbytes_pad_term" />
    <testcase time="0.001560688018798828" name="tcast_nested" />
    <testcase time="0.002105474472045898" name="tcast_to_imported" />
    <testcase time="0.001295566558837891" name="tcast_to_top" />
    <testcase time="0.00000000" name="tdebug_switch_user"><failure message="compile error" /></testcase>
    <testcase time="0.001550197601318359" name="tdefault_big_endian" />
    <testcase time="0.001578569412231445" name="tdefault_endian_expr_inherited" />
    <testcase time="0.001526355743408203" name="tdefault_endian_expr_is_be" />
    <testcase time="0.001546382904052734" name="tdefault_endian_expr_is_le" />
    <testcase time="0.001457452774047852" name="tdefault_endian_mod" />
    <testcase time="0.001453638076782227" name="tdocstrings" />
    <testcase time="0.001559734344482422" name="tdocstrings_docref" />
    <testcase time="0.001507997512817383" name="tdocstrings_docref_multi" />
    <testcase time="0.001536369323730469" name="tenum_0" />
    <testcase time="0.001461982727050781" name="tenum_1" />
    <testcase time="0.001577854156494141" name="tenum_deep" />
    <testcase time="0.001510381698608398" name="tenum_deep_literals" />
    <testcase time="0.001503705978393555" name="tenum_fancy" />
    <testcase time="0.001571178436279297" name="tenum_if" />
    <testcase time="0.00000000" name="tenum_import"><failure message="compile error" /></testcase>
    <testcase time="0.001508474349975586" name="tenum_int_range_s" />
    <testcase time="0.001514196395874023" name="tenum_int_range_u" />
    <testcase time="0.001430988311767578" name="tenum_long_range_s" />
    <testcase time="0.001489162445068359" name="tenum_long_range_u" />
    <testcase time="0.001529455184936523" name="tenum_negative" />
    <testcase time="0.001612663269042969" name="tenum_of_value_inst" />
    <testcase time="0.001311302185058594" name="tenum_to_i" />
    <testcase time="0.00000000" name="tenum_to_i_class_border_1"><failure message="compile error" /></testcase>
    <testcase time="0.001542329788208008" name="texpr_0" />
    <testcase time="0.00000000" name="texpr_1"><failure message="compile error" /></testcase>
    <testcase time="0.00000000" name="texpr_2"><failure message="compile error" /></testcase>
    <testcase time="0.001448154449462891" name="texpr_3" />
    <testcase time="0.00000000" name="texpr_array"><failure message="compile error" /></testcase>
    <testcase time="0.00000000" name="texpr_bits"><failure message="compile error" /></testcase>
    <testcase time="0.00000000" name="texpr_bytes_cmp"><failure message="compile error" /></testcase>
    <testcase time="0.00000000" name="texpr_bytes_ops"><failure message="compile error" /></testcase>
    <testcase time="0.001351118087768555" name="texpr_calc_array_ops" />
    <testcase time="0.001406192779541016" name="texpr_enum" />
    <testcase time="0.00000000" name="texpr_io_eof"><failure message="compile error" /></testcase>
    <testcase time="0.00000000" name="texpr_io_pos"><failure message="compile error" /></testcase>
    <testcase time="0.001396656036376953" name="texpr_mod" />
    <testcase time="0.00000000" name="texpr_ops_parens"><failure message="compile error" /></testcase>
    <testcase time="0.001410722732543945" name="texpr_sizeof_type_0" />
    <testcase time="0.001373291015625" name="texpr_sizeof_type_1" />
    <testcase time="0.001489400863647461" name="texpr_sizeof_value_0" />
    <testcase time="0.001391172409057617" name="texpr_sizeof_value_sized" />
    <testcase time="0.00000000" name="texpr_str_ops"><failure message="compile error" /></testcase>
    <testcase time="0.001450061798095703" name="tfixed_contents" />
    <testcase time="0.001434564590454102" name="tfixed_struct" />
    <testcase time="0.001348495483398438" name="tfloat_to_i" />
    <testcase time="0.00000000" name="tfloating_points"><failure message="compile error" /></testcase>
    <testcase time="0.001388072967529297" name="thello_world" />
    <testcase time="0.00000000" name="tif_instances"><failure message="compile error" /></testcase>
    <testcase time="0.001555681228637695" name="tif_struct" />
    <testcase time="0.00000000" name="tif_values"><failure message="compile error" /></testcase>
    <testcase time="0.001474618911743164" name="timports0" />
    <testcase time="0.00000000" name="timports_abs"><failure message="compile error" /></testcase>
    <testcase time="0.00000000" name="tindex_sizes"><failure message="compile error" /></testcase>
    <testcase time="0.00000000" name="tindex_to_param_eos"><failure message="compile error" /></testcase>
    <testcase time="0.00000000" name="tindex_to_param_expr"><failure message="compile error" /></testcase>
    <testcase time="0.00000000" name="tindex_to_param_until"><failure message="compile error" /></testcase>
    <testcase time="0.00000000" name="tinstance_io_user"><failure message="compile error" /></testcase>
    <testcase time="0.001744270324707031" name="tinstance_std" />
    <testcase time="0.00000000" name="tinstance_std_array"><failure message="compile error" /></testcase>
    <testcase time="0.00000000" name="tinstance_user_array"><failure message="compile error" /></testcase>
    <testcase time="0.001412391662597656" name="tintegers" />
    <testcase time="0.00000000" name="tintegers_min_max"><failure message="compile error" /></testcase>
    <testcase time="0.00000000" name="tio_local_var"><failure message="compile error" /></testcase>
    <testcase time="0.00000000" name="tjs_signed_right_shift"><failure message="compile error" /></testcase>
    <testcase time="0.001344680786132812" name="tmeta_tags" />
    <testcase time="0.001424074172973633" name="tmeta_xref" />
    <testcase time="0.001502513885498047" name="tmultiple_use" />
    <testcase time="0.00000000" name="tnav_parent"><failure message="compile error" /></testcase>
    <testcase time="0.00000000" name="tnav_parent2"><failure message="compile error" /></testcase>
    <testcase time="0.00000000" name="tnav_parent3"><failure message="compile error" /></testcase>
    <testcase time="0.001461029052734375" name="tnav_parent_false" />
    <testcase time="0.00133824348449707" name="tnav_parent_false2" />
    <testcase time="0.001570701599121094" name="tnav_parent_override" />
    <testcase time="0.001472711563110352" name="tnav_parent_switch" />
    <testcase time="0.00000000" name="tnav_parent_switch_cast"><failure message="compile error" /></testcase>
    <testcase time="0.001500606536865234" name="tnav_parent_vs_value_inst" />
    <testcase time="0.00000000" name="tnav_root"><failure message="compile error" /></testcase>
    <testcase time="0.00143885612487793" name="tnested_same_name" />
    <testcase time="0.001383781433105469" name="tnested_same_name2" />
    <testcase time="0.001368522644042969" name="tnested_types" />
    <testcase time="0.001536846160888672" name="tnested_types2" />
    <testcase time="0.001327991485595703" name="tnested_types3" />
    <testcase time="0.001659393310546875" name="tnon_standard" />
    <testcase time="0.00000000" name="tparams_call_extra_parens"><failure message="compile error" /></testcase>
    <testcase time="0.00000000" name="tparams_call_short"><failure message="compile error" /></testcase>
    <testcase time="0.00000000" name="tparams_enum"><failure message="compile error" /></testcase>
    <testcase time="0.00000000" name="tparams_pass_usertype"><failure message="compile error" /></testcase>
    <testcase time="0.00000000" name="tposition_abs"><failure message="compile error" /></testcase>
    <testcase time="0.00000000" name="tposition_in_seq"><failure message="compile error" /></testcase>
    <testcase time="0.00000000" name="tposition_to_end"><failure message="compile error" /></testcase>
    <testcase time="0.00000000" name="tprocess_coerce_bytes"><failure message="compile error" /></testcase>
    <testcase time="0.00000000" name="tprocess_coerce_switch"><failure message="compile error" /></testcase>
    <testcase time="0.00000000" name="tprocess_coerce_usertype1"><failure message="compile error" /></testcase>
    <testcase time="0.00000000" name="tprocess_coerce_usertype2"><failure message="compile error" /></testcase>
    <testcase time="0.00000000" name="tprocess_custom"><failure message="compile error" /></testcase>
    <testcase time="0.00000000" name="tprocess_custom_no_args"><failure message="compile error" /></testcase>
    <testcase time="0.00000000" name="tprocess_repeat_bytes"><failure message="compile error" /></testcase>
    <testcase time="0.00000000" name="tprocess_repeat_usertype"><failure message="compile error" /></testcase>
    <testcase time="0.00000000" name="tprocess_rotate"><failure message="compile error" /></testcase>
    <testcase time="0.00000000" name="tprocess_to_user"><failure message="compile error" /></testcase>
    <testcase time="0.00000000" name="tprocess_xor4_const"><failure message="compile error" /></testcase>
    <testcase time="0.00000000" name="tprocess_xor4_value"><failure message="compile error" /></testcase>
    <testcase time="0.00000000" name="tprocess_xor_const"><failure message="compile error" /></testcase>
    <testcase time="0.00000000" name="tprocess_xor_value"><failure message="compile error" /></testcase>
    <testcase time="0.001435518264770508" name="trecursive_one" />
    <testcase time="0.0013580322265625" name="trepeat_eos_bit"><failure /></testcase>
    <testcase time="0.001461505889892578" name="trepeat_eos_struct" />
    <testcase time="0.00000000" name="trepeat_eos_u4"><failure message="compile error" /></testcase>
    <testcase time="0.00000000" name="trepeat_n_struct"><failure message="compile error" /></testcase>
    <testcase time="0.00000000" name="trepeat_n_strz"><failure message="compile error" /></testcase>
    <testcase time="0.00000000" name="trepeat_n_strz_double"><failure message="compile error" /></testcase>
    <testcase time="0.00000000" name="trepeat_until_complex"><failure message="compile error" /></testcase>
    <testcase time="0.00000000" name="trepeat_until_s4"><failure message="compile error" /></testcase>
    <testcase time="0.00000000" name="trepeat_until_sized"><failure message="compile error" /></testcase>
    <testcase time="0.00000000" name="tstr_combine"><failure message="compile error" /></testcase>
    <testcase time="0.005069971084594727" name="tstr_encodings" />
    <testcase time="0.001631259918212891" name="tstr_encodings_default" />
    <testcase time="0.001395702362060547" name="tstr_eos" />
    <testcase time="0.001500368118286133" name="tstr_literals2" />
    <testcase time="0.001503229141235352" name="tstr_pad_term" />
    <testcase time="0.00150299072265625" name="tstr_pad_term_empty" />
    <testcase time="0.00155329704284668" name="tswitch_bytearray" />
    <testcase time="0.001356363296508789" name="tswitch_else_only" />
    <testcase time="0.001338958740234375" name="tswitch_integers" />
    <testcase time="0.00000000" name="tswitch_integers2"><failure message="compile error" /></testcase>
    <testcase time="0.001507043838500977" name="tswitch_manual_enum" />
    <testcase time="0.00000000" name="tswitch_manual_enum_invalid"><failure message="compile error" /></testcase>
    <testcase time="0.001339435577392578" name="tswitch_manual_enum_invalid_else" />
    <testcase time="0.001416921615600586" name="tswitch_manual_int" />
    <testcase time="0.001522541046142578" name="tswitch_manual_int_else" />
    <testcase time="0.001474142074584961" name="tswitch_manual_str" />
    <testcase time="0.001387834548950195" name="tswitch_manual_str_else" />
    <testcase time="0.001315593719482422" name="tterm_bytes" />
    <testcase time="0.001401901245117188" name="tterm_strz" />
    <testcase time="0.001343488693237305" name="tts_packet_header" />
    <testcase time="0.00000000" name="ttype_int_unary_op"><failure message="compile error" /></testcase>
    <testcase time="0.00000000" name="ttype_ternary"><failure message="compile error" /></testcase>
    <testcase time="0.001498937606811523" name="tuser_type" />
    <testcase time="0.001498222351074219" name="tvalid_long" />
    <testcase time="0.001536130905151367" name="tvalid_not_parsed_if" />
    <testcase time="0.001537799835205078" name="tvalid_short" />
    <testcase time="0.001496791839599609" name="tvalid_switch" />
    <testcase time="0.00000000" name="tzlib_surrounded"><failure message="compile error" /></testcase>
    <testcase time="0.00000000" name="tzlib_with_header_78"><failure message="compile error" /></testcase>
  </testsuite></testsuites>