<testsuites><testsuite tests="164" failures="1" errors="64" name="tests">
    <testcase time="0.00000000" name="bcd_user_type_be"><failure message="compile error" /></testcase>
    <testcase time="0.00000000" name="bcd_user_type_le"><failure message="compile error" /></testcase>
    <testcase time="0.001438379287719727" name="bits_byte_aligned" />
    <testcase time="0.001398801803588867" name="bits_enum" />
    <testcase time="0.00000000" name="bits_simple"><failure message="compile error" /></testcase>
    <testcase time="0.001474618911743164" name="buffered_struct" />
    <testcase time="0.002131938934326172" name="bytes_pad_term" />
    <testcase time="0.001455307006835938" name="cast_nested" />
    <testcase time="0.001515865325927734" name="cast_to_imported" />
    <testcase time="0.001382350921630859" name="cast_to_top" />
    <testcase time="0.001491308212280273" name="combine_bool" />
    <testcase time="0.001348972320556641" name="combine_bytes" />
    <testcase time="0.001503467559814453" name="combine_str" />
    <testcase time="0.00000000" name="debug_switch_user"><failure message="compile error" /></testcase>
    <testcase time="0.00141143798828125" name="default_big_endian" />
    <testcase time="0.001379013061523438" name="default_endian_expr_inherited" />
    <testcase time="0.001353025436401367" name="default_endian_expr_is_be" />
    <testcase time="0.001318216323852539" name="default_endian_expr_is_le" />
    <testcase time="0.001312971115112305" name="default_endian_mod" />
    <testcase time="0.00000000" name="docstrings"><failure message="compile error" /></testcase>
    <testcase time="0.001309871673583984" name="docstrings_docref" />
    <testcase time="0.001367568969726562" name="docstrings_docref_multi" />
    <testcase time="0.001364231109619141" name="enum_0" />
    <testcase time="0.00142979621887207" name="enum_1" />
    <testcase time="0.001331090927124023" name="enum_deep" />
    <testcase time="0.001415252685546875" name="enum_deep_literals" />
    <testcase time="0.001326084136962891" name="enum_fancy" />
    <testcase time="0.001516580581665039" name="enum_if" />
    <testcase time="0.00000000" name="enum_import"><failure message="compile error" /></testcase>
    <testcase time="0.001394987106323242" name="enum_int_range_s" />
    <testcase time="0.001402378082275391" name="enum_int_range_u" />
    <testcase time="0.00132441520690918" name="enum_invalid" />
    <testcase time="0.001399755477905273" name="enum_long_range_s" />
    <testcase time="0.001357555389404297" name="enum_long_range_u" />
    <testcase time="0.001271724700927734" name="enum_negative" />
    <testcase time="0.001330375671386719" name="enum_of_value_inst" />
    <testcase time="0.001417636871337891" name="enum_to_i" />
    <testcase time="0.00000000" name="enum_to_i_class_border_1"><failure message="compile error" /></testcase>
    <testcase time="0.001307487487792969" name="expr_0" />
    <testcase time="0.00000000" name="expr_1"><failure message="compile error" /></testcase>
    <testcase time="0.00000000" name="expr_2"><failure message="compile error" /></testcase>
    <testcase time="0.001431703567504883" name="expr_3" />
    <testcase time="0.001357555389404297" name="expr_array" />
    <testcase time="0.00000000" name="expr_bits"><failure message="compile error" /></testcase>
    <testcase time="0.001376628875732422" name="expr_bytes_cmp" />
    <testcase time="0.00000000" name="expr_bytes_literal"><failure message="compile error" /></testcase>
    <testcase time="0.00000000" name="expr_bytes_ops"><failure message="compile error" /></testcase>
    <testcase time="0.001349925994873047" name="expr_calc_array_ops" />
    <testcase time="0.001379489898681641" name="expr_enum" />
    <testcase time="0.001302957534790039" name="expr_io_eof" />
    <testcase time="0.001514911651611328" name="expr_io_pos" />
    <testcase time="0.001326322555541992" name="expr_mod" />
    <testcase time="0.00000000" name="expr_ops_parens"><failure message="compile error" /></testcase>
    <testcase time="0.001382350921630859" name="expr_sizeof_type_0" />
    <testcase time="0.001312255859375" name="expr_sizeof_type_1" />
    <testcase time="0.001460075378417969" name="expr_sizeof_value_0" />
    <testcase time="0.001527547836303711" name="expr_sizeof_value_sized" />
    <testcase time="0.001509666442871094" name="expr_str_ops" />
    <testcase time="0.00127863883972168" name="fixed_contents" />
    <testcase time="0.001990556716918945" name="fixed_struct" />
    <testcase time="0.001310825347900391" name="float_to_i" />
    <testcase time="0.00000000" name="floating_points"><failure message="compile error" /></testcase>
    <testcase time="0.001312017440795898" name="hello_world" />
    <testcase time="0.001346588134765625" name="if_instances" />
    <testcase time="0.001452445983886719" name="if_struct" />
    <testcase time="0.00000000" name="if_values"><failure message="compile error" /></testcase>
    <testcase time="0.001406669616699219" name="imports0" />
    <testcase time="0.00000000" name="imports_abs"><failure message="compile error" /></testcase>
    <testcase time="0.00000000" name="index_sizes"><failure message="compile error" /></testcase>
    <testcase time="0.00000000" name="index_to_param_eos"><failure message="compile error" /></testcase>
    <testcase time="0.00000000" name="index_to_param_expr"><failure message="compile error" /></testcase>
    <testcase time="0.00000000" name="index_to_param_until"><failure message="compile error" /></testcase>
    <testcase time="0.00000000" name="instance_io_user"><failure message="compile error" /></testcase>
    <testcase time="0.001381158828735352" name="instance_std" />
    <testcase time="0.00000000" name="instance_std_array"><failure message="compile error" /></testcase>
    <testcase time="0.00000000" name="instance_user_array"><failure message="compile error" /></testcase>
    <testcase time="0.00142359733581543" name="integers" />
    <testcase time="0.00000000" name="integers_min_max"><failure message="compile error" /></testcase>
    <testcase time="0.00000000" name="io_local_var"><failure message="compile error" /></testcase>
    <testcase time="0.00000000" name="js_signed_right_shift"><failure message="compile error" /></testcase>
    <testcase time="0.001311540603637695" name="meta_tags" />
    <testcase time="0.001300811767578125" name="meta_xref" />
    <testcase time="0.001321315765380859" name="multiple_use" />
    <testcase time="0.001458168029785156" name="nav_parent" />
    <testcase time="0.00000000" name="nav_parent2"><failure message="compile error" /></testcase>
    <testcase time="0.00000000" name="nav_parent3"><failure message="compile error" /></testcase>
    <testcase time="0.001387834548950195" name="nav_parent_false" />
    <testcase time="0.001352310180664062" name="nav_parent_false2" />
    <testcase time="0.001335859298706055" name="nav_parent_override" />
    <testcase time="0.001308917999267578" name="nav_parent_switch" />
    <testcase time="0.00000000" name="nav_parent_switch_cast"><failure message="compile error" /></testcase>
    <testcase time="0.001351118087768555" name="nav_parent_vs_value_inst" />
    <testcase time="0.00000000" name="nav_root"><failure message="compile error" /></testcase>
    <testcase time="0.001441478729248047" name="nested_same_name" />
    <testcase time="0.001340389251708984" name="nested_same_name2" />
    <testcase time="0.00000000" name="nested_type_param"><failure message="compile error" /></testcase>
    <testcase time="0.001311779022216797" name="nested_types" />
    <testcase time="0.001537084579467773" name="nested_types2" />
    <testcase time="0.001471281051635742" name="nested_types3" />
    <testcase time="0.001300573348999023" name="non_standard" />
    <testcase time="0.00000000" name="params_call_extra_parens"><failure message="compile error" /></testcase>
    <testcase time="0.00000000" name="params_call_short"><failure message="compile error" /></testcase>
    <testcase time="0.00000000" name="params_enum"><failure message="compile error" /></testcase>
    <testcase time="0.00000000" name="params_pass_array_int"><failure message="compile error" /></testcase>
    <testcase time="0.00000000" name="params_pass_array_str"><failure message="compile error" /></testcase>
    <testcase time="0.00000000" name="params_pass_array_struct"><failure message="compile error" /></testcase>
    <testcase time="0.00000000" name="params_pass_array_usertype"><failure message="compile error" /></testcase>
    <testcase time="0.00000000" name="params_pass_usertype"><failure message="compile error" /></testcase>
    <testcase time="0.001340627670288086" name="position_abs" />
    <testcase time="0.00000000" name="position_in_seq"><failure message="compile error" /></testcase>
    <testcase time="0.00128483772277832" name="position_to_end" />
    <testcase time="0.00000000" name="process_coerce_bytes"><failure message="compile error" /></testcase>
    <testcase time="0.00000000" name="process_coerce_switch"><failure message="compile error" /></testcase>
    <testcase time="0.00000000" name="process_coerce_usertype1"><failure message="compile error" /></testcase>
    <testcase time="0.00000000" name="process_coerce_usertype2"><failure message="compile error" /></testcase>
    <testcase time="0.00000000" name="process_custom"><failure message="compile error" /></testcase>
    <testcase time="0.00000000" name="process_custom_no_args"><failure message="compile error" /></testcase>
    <testcase time="0.00000000" name="process_repeat_bytes"><failure message="compile error" /></testcase>
    <testcase time="0.00000000" name="process_repeat_usertype"><failure message="compile error" /></testcase>
    <testcase time="0.00000000" name="process_rotate"><failure message="compile error" /></testcase>
    <testcase time="0.00000000" name="process_to_user"><failure message="compile error" /></testcase>
    <testcase time="0.00000000" name="process_xor4_const"><failure message="compile error" /></testcase>
    <testcase time="0.00000000" name="process_xor4_value"><failure message="compile error" /></testcase>
    <testcase time="0.00000000" name="process_xor_const"><failure message="compile error" /></testcase>
    <testcase time="0.00000000" name="process_xor_value"><failure message="compile error" /></testcase>
    <testcase time="0.001289606094360352" name="recursive_one" />
    <testcase time="0.001342535018920898" name="repeat_eos_bit"><failure /></testcase>
    <testcase time="0.001373529434204102" name="repeat_eos_struct" />
    <testcase time="0.00000000" name="repeat_eos_u4"><failure message="compile error" /></testcase>
    <testcase time="0.00132298469543457" name="repeat_n_struct" />
    <testcase time="0.001341104507446289" name="repeat_n_strz" />
    <testcase time="0.001369237899780273" name="repeat_n_strz_double" />
    <testcase time="0.00000000" name="repeat_until_complex"><failure message="compile error" /></testcase>
    <testcase time="0.00000000" name="repeat_until_s4"><failure message="compile error" /></testcase>
    <testcase time="0.00000000" name="repeat_until_sized"><failure message="compile error" /></testcase>
    <testcase time="0.004801750183105469" name="str_encodings" />
    <testcase time="0.001375675201416016" name="str_encodings_default" />
    <testcase time="0.001390457153320312" name="str_eos" />
    <testcase time="0.001395940780639648" name="str_literals2" />
    <testcase time="0.001476526260375977" name="str_pad_term" />
    <testcase time="0.001481771469116211" name="str_pad_term_empty" />
    <testcase time="0.001391410827636719" name="switch_bytearray" />
    <testcase time="0.001285552978515625" name="switch_else_only" />
    <testcase time="0.001339435577392578" name="switch_integers" />
    <testcase time="0.00000000" name="switch_integers2"><failure message="compile error" /></testcase>
    <testcase time="0.001448392868041992" name="switch_manual_enum" />
    <testcase time="0.001349210739135742" name="switch_manual_enum_invalid" />
    <testcase time="0.00000000" name="switch_manual_enum_invalid_else"><failure message="compile error" /></testcase>
    <testcase time="0.001415014266967773" name="switch_manual_int" />
    <testcase time="0.001435995101928711" name="switch_manual_int_else" />
    <testcase time="0.001394748687744141" name="switch_manual_str" />
    <testcase time="0.00148320198059082" name="switch_manual_str_else" />
    <testcase time="0.001316308975219727" name="term_bytes" />
    <testcase time="0.001360177993774414" name="term_strz" />
    <testcase time="0.001340866088867188" name="ts_packet_header" />
    <testcase time="0.00000000" name="type_int_unary_op"><failure message="compile error" /></testcase>
    <testcase time="0.00000000" name="type_ternary"><failure message="compile error" /></testcase>
    <testcase time="0.001323223114013672" name="user_type" />
    <testcase time="0.001353979110717773" name="valid_long" />
    <testcase time="0.001280784606933594" name="valid_not_parsed_if" />
    <testcase time="0.001783609390258789" name="valid_short" />
    <testcase time="0.001328945159912109" name="valid_switch" />
    <testcase time="0.00000000" name="zlib_surrounded"><failure message="compile error" /></testcase>
    <testcase time="0.00000000" name="zlib_with_header_78"><failure message="compile error" /></testcase>
  </testsuite></testsuites>