<testsuites>
  <testsuite tests="166" failures="17" errors="12" name="tests">
    <testcase time="0.001757144927978516" name="tbcd_user_type_be" />
    <testcase time="0.001789569854736328" name="tbcd_user_type_le" />
    <testcase time="0.00181889533996582" name="tbits_byte_aligned" />
    <testcase time="0.001762628555297852" name="tbits_enum" />
    <testcase time="0.001742124557495117" name="tbits_simple" />
    <testcase time="0.001821279525756836" name="tbuffered_struct" />
    <testcase time="0.00176239013671875" name="tbytes_pad_term" />
    <testcase time="0.001811504364013672" name="tcast_nested" />
    <testcase time="0.002013921737670898" name="tcast_to_imported" />
    <testcase time="0.001780986785888672" name="tcast_to_top" />
    <testcase time="0.001914501190185547" name="tcombine_bool" />
    <testcase time="0.001814365386962891" name="tcombine_bytes" />
    <testcase time="0.001899957656860352" name="tcombine_str" />
    <testcase time="0.001708269119262695" name="tdebug_switch_user" />
    <testcase time="0.001814842224121094" name="tdefault_big_endian" />
    <testcase time="0.001832008361816406" name="tdefault_endian_expr_inherited" />
    <testcase time="0.001837968826293945" name="tdefault_endian_expr_is_be" />
    <testcase time="0.001741886138916016" name="tdefault_endian_expr_is_le" />
    <testcase time="0.001682758331298828" name="tdefault_endian_mod" />
    <testcase time="0.001780509948730469" name="tdocstrings" />
    <testcase time="0.00177454948425293" name="tdocstrings_docref" />
    <testcase time="0.001729488372802734" name="tdocstrings_docref_multi" />
    <testcase time="0.001783609390258789" name="tenum_0" />
    <testcase time="0.001784801483154297" name="tenum_1" />
    <testcase time="0.001795291900634766" name="tenum_deep" />
    <testcase time="0.001832485198974609" name="tenum_deep_literals" />
    <testcase time="0.001757621765136719" name="tenum_fancy" />
    <testcase time="0.001887798309326172" name="tenum_if" />
    <testcase time="0.001790761947631836" name="tenum_import" />
    <testcase time="0.001785516738891602" name="tenum_int_range_s" />
    <testcase time="0.00179600715637207" name="tenum_int_range_u" />
    <testcase time="0.0018768310546875" name="tenum_invalid" />
    <testcase time="0.001899957656860352" name="tenum_long_range_s" />
    <testcase time="0.00193023681640625" name="tenum_long_range_u" />
    <testcase time="0.001731634140014648" name="tenum_negative" />
    <testcase time="0.001729726791381836" name="tenum_of_value_inst" />
    <testcase time="0.001710414886474609" name="tenum_to_i" />
    <testcase time="0.00000000" name="tenum_to_i_class_border_1">
      <failure message="/home/travis/build/kaitai-io/ci_targets/compiled/nim/enum_to_i_class_border_1.nim(22, 26) Error: undeclared identifier: 'EnumToIClassBorder2'
This might be caused by a recursive module dependency:
/home/travis/build/kaitai-io/ci_targets/compiled/nim/enum_to_i_class_border_2.nim imports /home/travis/build/kaitai-io/ci_targets/compiled/nim/enum_to_i_class_border_1.nim
/home/travis/build/kaitai-io/ci_targets/compiled/nim/enum_to_i_class_border_1.nim imports /home/travis/build/kaitai-io/ci_targets/compiled/nim/enum_to_i_class_border_2.nim
" />
    </testcase>
    <testcase time="0.001739501953125" name="texpr_0" />
    <testcase time="0.001793861389160156" name="texpr_1" />
    <testcase time="0.001895904541015625" name="texpr_2" />
    <testcase time="0.001958608627319336" name="texpr_3" />
    <testcase time="0.001810550689697266" name="texpr_array" />
    <testcase time="0.001858711242675781" name="texpr_bits" />
    <testcase time="0.002036333084106445" name="texpr_bytes_cmp" />
    <testcase time="0.00000000" name="texpr_bytes_literal">
      <failure message="/home/travis/build/kaitai-io/ci_targets/tests/spec/nim/tests/texpr_bytes_literal.nim(4, 29) Error: cannot open file: ../../../compiled/nim/expr_bytes_literal
" />
    </testcase>
    <testcase time="0.001809835433959961" name="texpr_bytes_ops" />
    <testcase time="0.001758098602294922" name="texpr_calc_array_ops" />
    <testcase time="0.001831531524658203" name="texpr_enum" />
    <testcase time="0.001737356185913086" name="texpr_io_eof" />
    <testcase time="0.001828908920288086" name="texpr_io_pos" />
    <testcase time="0.00175929069519043" name="texpr_mod" />
    <testcase time="0.001876354217529297" name="texpr_ops_parens" />
    <testcase time="0.001732826232910156" name="texpr_sizeof_type_0" />
    <testcase time="0.00189208984375" name="texpr_sizeof_type_1" />
    <testcase time="0.001778125762939453" name="texpr_sizeof_value_0" />
    <testcase time="0.001874208450317383" name="texpr_sizeof_value_sized" />
    <testcase time="0.001882553100585938" name="texpr_str_ops" />
    <testcase time="0.00177311897277832" name="tfixed_contents" />
    <testcase time="0.001752614974975586" name="tfixed_struct" />
    <testcase time="0.001795291900634766" name="tfloat_to_i" />
    <testcase time="0.001837491989135742" name="tfloating_points" />
    <testcase time="0.00179600715637207" name="thello_world" />
    <testcase time="0.001687288284301758" name="tif_instances" />
    <testcase time="0.001799583435058594" name="tif_struct" />
    <testcase time="0.001804590225219727" name="tif_values" />
    <testcase time="0.001860141754150391" name="timports0" />
    <testcase time="0.00000000" name="timports_abs">
      <failure message="/home/travis/build/kaitai-io/ci_targets/tests/spec/nim/tests/timports_abs.nim(3, 29) Error: cannot open file: ../../../compiled/nim/vlq_base128_le
" />
    </testcase>
    <testcase time="0.001867532730102539" name="tindex_sizes" />
    <testcase time="0.001884698867797852" name="tindex_to_param_eos">
      <failure message="/home/travis/build/kaitai-io/ci_targets/tests/spec/nim/tests/tindex_to_param_eos.nim(16, 24): Check failed: r.blocks[1].buf == string(&quot;BBBBBBBB&quot;)
r.blocks[1].buf was B
string(&quot;BBBBBBBB&quot;) was BBBBBBBB
/home/travis/build/kaitai-io/ci_targets/tests/spec/nim/tests/tindex_to_param_eos.nim(17, 24): Check failed: r.blocks[2].buf == string(&quot;CCCC&quot;)
r.blocks[2].buf was B
string(&quot;CCCC&quot;) was CCCC
[FAILED] IndexToParamEos
" />
    </testcase>
    <testcase time="0.001874208450317383" name="tindex_to_param_expr">
      <failure message="/home/travis/build/kaitai-io/ci_targets/tests/spec/nim/tests/tindex_to_param_expr.nim(16, 24): Check failed: r.blocks[1].buf == string(&quot;BBBBBBBB&quot;)
r.blocks[1].buf was B
string(&quot;BBBBBBBB&quot;) was BBBBBBBB
/home/travis/build/kaitai-io/ci_targets/tests/spec/nim/tests/tindex_to_param_expr.nim(17, 24): Check failed: r.blocks[2].buf == string(&quot;CCCC&quot;)
r.blocks[2].buf was B
string(&quot;CCCC&quot;) was CCCC
[FAILED] IndexToParamExpr
" />
    </testcase>
    <testcase time="0.001927614212036133" name="tindex_to_param_until">
      <failure message="/home/travis/build/kaitai-io/ci_targets/tests/spec/nim/tests/tindex_to_param_until.nim(16, 24): Check failed: r.blocks[1].buf == string(&quot;BBBBBBBB&quot;)
r.blocks[1].buf was B
string(&quot;BBBBBBBB&quot;) was BBBBBBBB
/home/travis/build/kaitai-io/ci_targets/tests/spec/nim/tests/tindex_to_param_until.nim(17, 24): Check failed: r.blocks[2].buf == string(&quot;CCCC&quot;)
r.blocks[2].buf was B
string(&quot;CCCC&quot;) was CCCC
[FAILED] IndexToParamUntil
" />
    </testcase>
    <testcase time="0.001844882965087891" name="tinstance_io_user" />
    <testcase time="0.001871109008789062" name="tinstance_std" />
    <testcase time="0.001821279525756836" name="tinstance_std_array" />
    <testcase time="0.001875638961791992" name="tinstance_user_array">
      <failure message="/home/travis/build/kaitai-io/ci_targets/tests/spec/nim/tests/tinstance_user_array.nim(17, 31): Check failed: r.userEntries[1].word1 == uint16(8738)
r.userEntries[1].word1 was 4369
uint16(8738) was 8738
/home/travis/build/kaitai-io/ci_targets/tests/spec/nim/tests/tinstance_user_array.nim(18, 31): Check failed: r.userEntries[1].word2 == uint16(8738)
r.userEntries[1].word2 was 4369
uint16(8738) was 8738
/home/travis/build/kaitai-io/ci_targets/tests/spec/nim/tests/tinstance_user_array.nim(19, 31): Check failed: r.userEntries[2].word1 == uint16(13107)
r.userEntries[2].word1 was 4369
uint16(13107) was 13107
/home/travis/build/kaitai-io/ci_targets/tests/spec/nim/tests/tinstance_user_array.nim(20, 31): Check failed: r.userEntries[2].word2 == uint16(13107)
r.userEntries[2].word2 was 4369
uint16(13107) was 13107
[FAILED] InstanceUserArray
" />
    </testcase>
    <testcase time="0.001749515533447266" name="tintegers" />
    <testcase time="0.001768112182617188" name="tintegers_min_max" />
    <testcase time="0.00000000" name="tio_local_var">
      <failure message="/home/travis/build/kaitai-io/ci_targets/tests/spec/nim/tests/tio_local_var.nim(4, 29) Error: cannot open file: ../../../compiled/nim/io_local_var
" />
    </testcase>
    <testcase time="0.001751184463500977" name="tjs_signed_right_shift" />
    <testcase time="0.001723766326904297" name="tmeta_tags" />
    <testcase time="0.001748085021972656" name="tmeta_xref" />
    <testcase time="0.001714468002319336" name="tmultiple_use" />
    <testcase time="0.001977205276489258" name="tnav_parent" />
    <testcase time="0.00184178352355957" name="tnav_parent2" />
    <testcase time="0.001893997192382812" name="tnav_parent3" />
    <testcase time="0.00177454948425293" name="tnav_parent_false" />
    <testcase time="0.001769065856933594" name="tnav_parent_false2" />
    <testcase time="0.001749277114868164" name="tnav_parent_override" />
    <testcase time="0.001717090606689453" name="tnav_parent_switch" />
    <testcase time="0.00000000" name="tnav_parent_switch_cast">
      <failure message="/home/travis/build/kaitai-io/ci_targets/tests/spec/nim/tests/tnav_parent_switch_cast.nim(4, 29) Error: cannot open file: ../../../compiled/nim/nav_parent_switch_cast
" />
    </testcase>
    <testcase time="0.001861333847045898" name="tnav_parent_vs_value_inst" />
    <testcase time="0.001904726028442383" name="tnav_root" />
    <testcase time="0.001833438873291016" name="tnested_same_name" />
    <testcase time="0.001797676086425781" name="tnested_same_name2" />
    <testcase time="0.001791238784790039" name="tnested_type_param">
      <failure message="/home/travis/build/kaitai-io/ci_targets/tests/spec/nim/tests/tnested_type_param.nim(7) tnested_type_param
/home/travis/build/kaitai-io/ci_targets/compiled/nim/nested_type_param.nim(35) fromFile
/home/travis/build/kaitai-io/ci_targets/compiled/nim/nested_type_param.nim(32) read
/home/travis/build/kaitai-io/ci_targets/compiled/nim/nested_type_param.nim(57) read
/home/travis/.nimble/pkgs/kaitai_struct_nim_runtime-0.1.0/kaitai_struct_nim_runtime.nim(242) readBytes
/opt/Nim-1.2.0/lib/system/fatal.nim(49) sysFatal
Error: unhandled exception: index out of bounds, the container is empty [IndexError]
" />
    </testcase>
    <testcase time="0.001749038696289062" name="tnested_types" />
    <testcase time="0.001801490783691406" name="tnested_types2" />
    <testcase time="0.001776695251464844" name="tnested_types3" />
    <testcase time="0.001728296279907227" name="tnon_standard" />
    <testcase time="0.001866340637207031" name="tparams_call_extra_parens">
      <failure message="/home/travis/build/kaitai-io/ci_targets/tests/spec/nim/tests/tparams_call_extra_parens.nim(7) tparams_call_extra_parens
/home/travis/build/kaitai-io/ci_targets/compiled/nim/params_call_extra_parens.nim(32) fromFile
/home/travis/build/kaitai-io/ci_targets/compiled/nim/params_call_extra_parens.nim(29) read
/home/travis/build/kaitai-io/ci_targets/compiled/nim/params_call_extra_parens.nim(42) read
/home/travis/.nimble/pkgs/kaitai_struct_nim_runtime-0.1.0/kaitai_struct_nim_runtime.nim(242) readBytes
/opt/Nim-1.2.0/lib/system/fatal.nim(49) sysFatal
Error: unhandled exception: index out of bounds, the container is empty [IndexError]
" />
    </testcase>
    <testcase time="0.001874446868896484" name="tparams_call_short">
      <failure message="/home/travis/build/kaitai-io/ci_targets/tests/spec/nim/tests/tparams_call_short.nim(7) tparams_call_short
/home/travis/build/kaitai-io/ci_targets/compiled/nim/params_call_short.nim(41) fromFile
/home/travis/build/kaitai-io/ci_targets/compiled/nim/params_call_short.nim(37) read
/home/travis/build/kaitai-io/ci_targets/compiled/nim/params_call_short.nim(51) read
/home/travis/.nimble/pkgs/kaitai_struct_nim_runtime-0.1.0/kaitai_struct_nim_runtime.nim(242) readBytes
/opt/Nim-1.2.0/lib/system/fatal.nim(49) sysFatal
Error: unhandled exception: index out of bounds, the container is empty [IndexError]
" />
    </testcase>
    <testcase time="0.001775979995727539" name="tparams_enum">
      <failure message="/home/travis/build/kaitai-io/ci_targets/tests/spec/nim/tests/tparams_enum.nim(12, 32): Check failed: r.invokeWithParam.isCat == bool(true)
r.invokeWithParam.isCat was false
bool(true) was true
[FAILED] ParamsEnum
" />
    </testcase>
    <testcase time="0.001819610595703125" name="tparams_pass_array_int">
      <failure message="/home/travis/build/kaitai-io/ci_targets/tests/spec/nim/tests/tparams_pass_array_int.nim(11, 29): Check failed: len(r.passInts.nums) == int(3)
len(r.passInts.nums) was 0
int(3) was 3
/opt/Nim-1.2.0/lib/pure/unittest.nim(647) tparams_pass_array_int
/opt/Nim-1.2.0/lib/system/fatal.nim(49) sysFatal

Unhandled exception: index out of bounds, the container is empty [IndexError]
[FAILED] ParamsPassArrayInt
" />
    </testcase>
    <testcase time="0.001905679702758789" name="tparams_pass_array_str">
      <failure message="/home/travis/build/kaitai-io/ci_targets/tests/spec/nim/tests/tparams_pass_array_str.nim(11, 33): Check failed: len(r.passStrArray.strs) == int(3)
len(r.passStrArray.strs) was 0
int(3) was 3
/opt/Nim-1.2.0/lib/pure/unittest.nim(647) tparams_pass_array_str
/opt/Nim-1.2.0/lib/system/fatal.nim(49) sysFatal

Unhandled exception: index out of bounds, the container is empty [IndexError]
[FAILED] ParamsPassArrayStr
" />
    </testcase>
    <testcase time="0.002025604248046875" name="tparams_pass_array_struct">
      <failure message="/home/travis/build/kaitai-io/ci_targets/tests/spec/nim/tests/tparams_pass_array_struct.nim(11, 35): Check failed: len(r.passStructs.structs) == int(2)
len(r.passStructs.structs) was 0
int(2) was 2
/opt/Nim-1.2.0/lib/pure/unittest.nim(647) tparams_pass_array_struct
/opt/Nim-1.2.0/lib/system/fatal.nim(49) sysFatal

Unhandled exception: index out of bounds, the container is empty [IndexError]
[FAILED] ParamsPassArrayStruct
" />
    </testcase>
    <testcase time="0.001847743988037109" name="tparams_pass_array_usertype">
      <failure message="/home/travis/build/kaitai-io/ci_targets/tests/spec/nim/tests/tparams_pass_array_usertype.nim(7) tparams_pass_array_usertype
/home/travis/build/kaitai-io/ci_targets/compiled/nim/params_pass_array_usertype.nim(40) fromFile
/home/travis/build/kaitai-io/ci_targets/compiled/nim/params_pass_array_usertype.nim(37) read
/home/travis/build/kaitai-io/ci_targets/compiled/nim/params_pass_array_usertype.nim(63) read
/opt/Nim-1.2.0/lib/system/fatal.nim(49) sysFatal
Error: unhandled exception: index out of bounds, the container is empty [IndexError]
" />
    </testcase>
    <testcase time="0.001733779907226562" name="tparams_pass_struct">
      <failure message="Traceback (most recent call last)
/opt/Nim-1.2.0/lib/pure/unittest.nim(647) tparams_pass_struct
SIGSEGV: Illegal storage access. (Attempt to read from nil?)
" />
    </testcase>
    <testcase time="0.001745700836181641" name="tparams_pass_usertype">
      <failure message="Traceback (most recent call last)
/home/travis/build/kaitai-io/ci_targets/tests/spec/nim/tests/tparams_pass_usertype.nim(7) tparams_pass_usertype
/home/travis/build/kaitai-io/ci_targets/compiled/nim/params_pass_usertype.nim(38) fromFile
/home/travis/build/kaitai-io/ci_targets/compiled/nim/params_pass_usertype.nim(35) read
/home/travis/build/kaitai-io/ci_targets/compiled/nim/params_pass_usertype.nim(61) read
SIGSEGV: Illegal storage access. (Attempt to read from nil?)
" />
    </testcase>
    <testcase time="0.001899003982543945" name="tposition_abs" />
    <testcase time="0.001686334609985352" name="tposition_in_seq" />
    <testcase time="0.001743555068969727" name="tposition_to_end" />
    <testcase time="0.001810312271118164" name="tprocess_coerce_bytes" />
    <testcase time="0.00000000" name="tprocess_coerce_switch">
      <failure message="/home/travis/build/kaitai-io/ci_targets/tests/spec/nim/tests/tprocess_coerce_switch.nim(4, 29) Error: cannot open file: ../../../compiled/nim/process_coerce_switch
" />
    </testcase>
    <testcase time="0.00173187255859375" name="tprocess_coerce_usertype1" />
    <testcase time="0.002036809921264648" name="tprocess_coerce_usertype2" />
    <testcase time="0.001725196838378906" name="tprocess_custom" />
    <testcase time="0.00000000" name="tprocess_custom_no_args">
      <failure message="/home/travis/build/kaitai-io/ci_targets/compiled/nim/process_custom_no_args.nim(3, 35) Error: cannot open file: ../../tests/spec/nim/opaque/custom_fx_no_args
" />
    </testcase>
    <testcase time="0.001811504364013672" name="tprocess_repeat_bytes" />
    <testcase time="0.001870155334472656" name="tprocess_repeat_usertype">
      <failure message="/home/travis/build/kaitai-io/ci_targets/tests/spec/nim/tests/tprocess_repeat_usertype.nim(13, 22): Check failed: r.blocks[1].a == int32(279597642)
r.blocks[1].a was -1975704206
int32(279597642) was 279597642
/home/travis/build/kaitai-io/ci_targets/tests/spec/nim/tests/tprocess_repeat_usertype.nim(14, 22): Check failed: r.blocks[1].b == int8(68)
r.blocks[1].b was 20
int8(68) was 68
[FAILED] ProcessRepeatUsertype
" />
    </testcase>
    <testcase time="0.001748800277709961" name="tprocess_rotate" />
    <testcase time="0.001836776733398438" name="tprocess_to_user" />
    <testcase time="0.001754522323608398" name="tprocess_xor4_const" />
    <testcase time="0.001688480377197266" name="tprocess_xor4_value" />
    <testcase time="0.001706123352050781" name="tprocess_xor_const" />
    <testcase time="0.00167536735534668" name="tprocess_xor_value" />
    <testcase time="0.001740932464599609" name="trecursive_one" />
    <testcase time="0.001919746398925781" name="trepeat_eos_bit">
      <failure message="/home/travis/build/kaitai-io/ci_targets/tests/spec/nim/tests/trepeat_eos_bit.nim(11, 23): Check failed: len(r.nibbles) == int(16)
len(r.nibbles) was 15
int(16) was 16
[FAILED] RepeatEosBit
" />
    </testcase>
    <testcase time="0.001788139343261719" name="trepeat_eos_struct" />
    <testcase time="0.001846551895141602" name="trepeat_eos_u4" />
    <testcase time="0.001783370971679688" name="trepeat_n_struct" />
    <testcase time="0.00187993049621582" name="trepeat_n_strz" />
    <testcase time="0.001832246780395508" name="trepeat_n_strz_double" />
    <testcase time="0.00000000" name="trepeat_until_complex">
      <failure message="/home/travis/build/kaitai-io/ci_targets/tests/spec/nim/tests/trepeat_until_complex.nim(4, 29) Error: cannot open file: ../../../compiled/nim/repeat_until_complex
" />
    </testcase>
    <testcase time="0.00000000" name="trepeat_until_s4">
      <failure message="/home/travis/build/kaitai-io/ci_targets/tests/spec/nim/tests/trepeat_until_s4.nim(4, 29) Error: cannot open file: ../../../compiled/nim/repeat_until_s4
" />
    </testcase>
    <testcase time="0.00000000" name="trepeat_until_sized">
      <failure message="/home/travis/build/kaitai-io/ci_targets/tests/spec/nim/tests/trepeat_until_sized.nim(4, 29) Error: cannot open file: ../../../compiled/nim/repeat_until_sized
" />
    </testcase>
    <testcase time="0.006896257400512695" name="tstr_encodings" />
    <testcase time="0.001975059509277344" name="tstr_encodings_default" />
    <testcase time="0.001809120178222656" name="tstr_eos" />
    <testcase time="0.001804828643798828" name="tstr_literals2" />
    <testcase time="0.001948356628417969" name="tstr_pad_term" />
    <testcase time="0.001870155334472656" name="tstr_pad_term_empty" />
    <testcase time="0.001882076263427734" name="tswitch_bytearray" />
    <testcase time="0.001801252365112305" name="tswitch_else_only" />
    <testcase time="0.00178837776184082" name="tswitch_integers" />
    <testcase time="0.001925468444824219" name="tswitch_integers2" />
    <testcase time="0.001817703247070312" name="tswitch_manual_enum" />
    <testcase time="0.001891374588012695" name="tswitch_manual_enum_invalid" />
    <testcase time="0.001808404922485352" name="tswitch_manual_enum_invalid_else" />
    <testcase time="0.001844406127929688" name="tswitch_manual_int" />
    <testcase time="0.001849889755249023" name="tswitch_manual_int_else" />
    <testcase time="0.001859903335571289" name="tswitch_manual_int_size_else">
      <failure message="/home/travis/build/kaitai-io/ci_targets/tests/spec/nim/tests/tswitch_manual_int_size_else.nim(7) tswitch_manual_int_size_else
/home/travis/build/kaitai-io/ci_targets/compiled/nim/switch_manual_int_size_else.nim(51) fromFile
/home/travis/build/kaitai-io/ci_targets/compiled/nim/switch_manual_int_size_else.nim(47) read
/home/travis/build/kaitai-io/ci_targets/compiled/nim/switch_manual_int_size_else.nim(73) read
/home/travis/.nimble/pkgs/kaitai_struct_nim_runtime-0.1.0/kaitai_struct_nim_runtime.nim(242) readBytes
/opt/Nim-1.2.0/lib/system/fatal.nim(49) sysFatal
Error: unhandled exception: index out of bounds, the container is empty [IndexError]
" />
    </testcase>
    <testcase time="0.001914024353027344" name="tswitch_manual_str" />
    <testcase time="0.001869678497314453" name="tswitch_manual_str_else" />
    <testcase time="0.001787662506103516" name="tterm_bytes" />
    <testcase time="0.00192713737487793" name="tterm_strz" />
    <testcase time="0.001795053482055664" name="tts_packet_header" />
    <testcase time="0.001777887344360352" name="ttype_int_unary_op" />
    <testcase time="0.001882314682006836" name="ttype_ternary" />
    <testcase time="0.001996040344238281" name="tuser_type" />
    <testcase time="0.001865863800048828" name="tvalid_long" />
    <testcase time="0.001725673675537109" name="tvalid_not_parsed_if" />
    <testcase time="0.00182032585144043" name="tvalid_short" />
    <testcase time="0.001816511154174805" name="tvalid_switch" />
    <testcase time="0.00000000" name="tzlib_surrounded">
      <failure message="/home/travis/build/kaitai-io/ci_targets/tests/spec/nim/tests/tzlib_surrounded.nim(7, 23) template/generic instantiation of `fromFile` from here
/home/travis/build/kaitai-io/ci_targets/compiled/nim/zlib_surrounded.nim(40, 17) template/generic instantiation of `read` from here
/home/travis/build/kaitai-io/ci_targets/compiled/nim/zlib_surrounded.nim(34, 33) Error: attempting to call undeclared routine: 'processZlib'
" />
    </testcase>
    <testcase time="0.00000000" name="tzlib_with_header_78">
      <failure message="/home/travis/build/kaitai-io/ci_targets/tests/spec/nim/tests/tzlib_with_header_78.nim(7, 25) template/generic instantiation of `fromFile` from here
/home/travis/build/kaitai-io/ci_targets/compiled/nim/zlib_with_header_78.nim(29, 19) template/generic instantiation of `read` from here
/home/travis/build/kaitai-io/ci_targets/compiled/nim/zlib_with_header_78.nim(26, 27) Error: attempting to call undeclared routine: 'processZlib'
" />
    </testcase>
  </testsuite>
</testsuites>