<testsuites>
  <testsuite tests="202" failures="7" errors="24" name="nim">
    <testcase time="0.00094962" name="tbcd_user_type_be" />
    <testcase time="0.00093627" name="tbcd_user_type_le" />
    <testcase time="0.00101018" name="tbits_byte_aligned" />
    <testcase time="0.00093079" name="tbits_enum" />
    <testcase time="0.00103951" name="tbits_seq_endian_combo" />
    <testcase time="0.00103784" name="tbits_shift_by_b32_le" />
    <testcase time="0.00099659" name="tbits_shift_by_b64_le" />
    <testcase time="0.00087738" name="tbits_signed_res_b32_be" />
    <testcase time="0.00100255" name="tbits_signed_res_b32_le" />
    <testcase time="0.00088334" name="tbits_signed_shift_b32_le" />
    <testcase time="0.00102043" name="tbits_signed_shift_b64_le" />
    <testcase time="0.00103784" name="tbits_simple" />
    <testcase time="0.00089574" name="tbits_simple_le" />
    <testcase time="0.00087643" name="tbits_unaligned_b32_be" />
    <testcase time="0.00098014" name="tbits_unaligned_b32_le" />
    <testcase time="0.00098634" name="tbits_unaligned_b64_be" />
    <testcase time="0.00104403" name="tbits_unaligned_b64_le" />
    <testcase time="0.00099826" name="tbuffered_struct" />
    <testcase time="0.00088143" name="tbytes_pad_term" />
    <testcase time="0.00105858" name="tcast_nested" />
    <testcase time="0.00104928" name="tcast_to_imported" />
    <testcase time="0.00086665" name="tcast_to_top" />
    <testcase time="0.00101566" name="tcombine_bool" />
    <testcase time="0.00091529" name="tcombine_bytes" />
    <testcase time="0.00093174" name="tcombine_enum" />
    <testcase time="0.00090170" name="tcombine_str" />
    <testcase time="0.00087476" name="tdebug_switch_user" />
    <testcase time="0.00091505" name="tdefault_big_endian" />
    <testcase time="0.00090694" name="tdefault_bit_endian_mod" />
    <testcase time="0.00098443" name="tdefault_endian_expr_inherited" />
    <testcase time="0.00102639" name="tdefault_endian_expr_is_be" />
    <testcase time="0.00091696" name="tdefault_endian_expr_is_le" />
    <testcase time="0.00097585" name="tdefault_endian_mod" />
    <testcase time="0.00092912" name="tdocstrings" />
    <testcase time="0.00105166" name="tdocstrings_docref" />
    <testcase time="0.00127268" name="tdocstrings_docref_multi" />
    <testcase time="0.00090003" name="tenum_0" />
    <testcase time="0.00104976" name="tenum_1" />
    <testcase time="0.00088239" name="tenum_deep" />
    <testcase time="0.00087142" name="tenum_deep_literals" />
    <testcase time="0.00104761" name="tenum_fancy" />
    <testcase time="0.00107098" name="tenum_if" />
    <testcase time="0.00109959" name="tenum_import" />
    <testcase time="0.00106049" name="tenum_int_range_s" />
    <testcase time="0.00086880" name="tenum_int_range_u" />
    <testcase time="0.00000000" name="tenum_invalid">
      <failure message="/tests/spec/nim/tenum_invalid.nim(10, 15) Error: type mismatch: got &amp;lt;EnumInvalid_Animal, int literal(111)&amp;gt;
but expected one of:
proc `==`[Enum: enum](x, y: Enum): bool
  first type mismatch at position: 2
  required type for y: Enum: enum
  but expression &amp;apos;111&amp;apos; is of type: int literal(111)
proc `==`[T: tuple | object](x, y: T): bool
  first type mismatch at position: 2
  required type for y: T: tuple or object
  but expression &amp;apos;111&amp;apos; is of type: int literal(111)
proc `==`[T](a, b: Option[T]): bool
  first type mismatch at position: 2
  required type for b: Option[==.T]
  but expression &amp;apos;111&amp;apos; is of type: int literal(111)
30 other mismatching symbols have been suppressed; compile with --showAllMismatches:on to see them

expression: r.pet2 == 111
" />
    </testcase>
    <testcase time="0.00103116" name="tenum_long_range_s" />
    <testcase time="0.00095057" name="tenum_long_range_u" />
    <testcase time="0.00095868" name="tenum_negative" />
    <testcase time="0.00087523" name="tenum_of_value_inst" />
    <testcase time="0.00090814" name="tenum_to_i" />
    <testcase time="0.00000000" name="tenum_to_i_class_border_1">
      <failure message="/tests/compiled/nim/enum_to_i_class_border_1.nim(11, 20) Error: undeclared identifier: &amp;apos;EnumToIClassBorder2&amp;apos;
candidates (edit distance, scope distance); see &amp;apos;--spellSuggest&amp;apos;: 
 (1, 0): &amp;apos;EnumToIClassBorder1&amp;apos; [type declared in /tests/compiled/nim/enum_to_i_class_border_1.nim(7, 3)]
 (1, 0): &amp;apos;enum_to_i_class_border_2&amp;apos; [module declared in /tests/compiled/nim/enum_to_i_class_border_1.nim(5, 8)]
This might be caused by a recursive module dependency:
/tests/compiled/nim/enum_to_i_class_border_2.nim imports /tests/compiled/nim/enum_to_i_class_border_1.nim
/tests/compiled/nim/enum_to_i_class_border_1.nim imports /tests/compiled/nim/enum_to_i_class_border_2.nim
" />
    </testcase>
    <testcase time="0.00000000" name="tenum_to_i_invalid">
      <failure message="/tests/spec/nim/tenum_to_i_invalid.nim(10, 15) Error: type mismatch: got &amp;lt;EnumToIInvalid_Animal, int literal(111)&amp;gt;
but expected one of:
proc `==`[Enum: enum](x, y: Enum): bool
  first type mismatch at position: 2
  required type for y: Enum: enum
  but expression &amp;apos;111&amp;apos; is of type: int literal(111)
proc `==`[T: tuple | object](x, y: T): bool
  first type mismatch at position: 2
  required type for y: T: tuple or object
  but expression &amp;apos;111&amp;apos; is of type: int literal(111)
proc `==`[T](a, b: Option[T]): bool
  first type mismatch at position: 2
  required type for b: Option[==.T]
  but expression &amp;apos;111&amp;apos; is of type: int literal(111)
30 other mismatching symbols have been suppressed; compile with --showAllMismatches:on to see them

expression: r.pet2 == 111
" />
    </testcase>
    <testcase time="0.00103807" name="texpr_0" />
    <testcase time="0.00112867" name="texpr_1" />
    <testcase time="0.00095701" name="texpr_2" />
    <testcase time="0.00091171" name="texpr_3" />
    <testcase time="0.00102830" name="texpr_array" />
    <testcase time="0.00108886" name="texpr_bits" />
    <testcase time="0.00085664" name="texpr_bytes_cmp" />
    <testcase time="0.00095892" name="texpr_bytes_non_literal" />
    <testcase time="0.00108981" name="texpr_bytes_ops" />
    <testcase time="0.00093031" name="texpr_calc_array_ops" />
    <testcase time="0.00093269" name="texpr_enum" />
    <testcase time="0.00000000" name="texpr_fstring_0">
      <failure message="/tests/compiled/nim/expr_fstring_0.nim(59, 42) Error: type mismatch: got &amp;lt;string, string&amp;gt;
but expected one of:
func `+`[T](x, y: set[T]): set[T]
  first type mismatch at position: 1
  required type for x: set[T]
  but expression &amp;apos;&amp;quot;abc=&amp;quot;&amp;apos; is of type: string
proc `+`(x, y: float): float
  first type mismatch at position: 1
  required type for x: float
  but expression &amp;apos;&amp;quot;abc=&amp;quot;&amp;apos; is of type: string
proc `+`(x, y: float32): float32
  first type mismatch at position: 1
  required type for x: float32
  but expression &amp;apos;&amp;quot;abc=&amp;quot;&amp;apos; is of type: string
proc `+`(x, y: int): int
  first type mismatch at position: 1
  required type for x: int
  but expression &amp;apos;&amp;quot;abc=&amp;quot;&amp;apos; is of type: string
proc `+`(x, y: int16): int16
  first type mismatch at position: 1
  required type for x: int16
  but expression &amp;apos;&amp;quot;abc=&amp;quot;&amp;apos; is of type: string
proc `+`(x, y: int32): int32
  first type mismatch at position: 1
  required type for x: int32
  but expression &amp;apos;&amp;quot;abc=&amp;quot;&amp;apos; is of type: string
proc `+`(x, y: int64): int64
  first type mismatch at position: 1
  required type for x: int64
  but expression &amp;apos;&amp;quot;abc=&amp;quot;&amp;apos; is of type: string
proc `+`(x, y: int8): int8
  first type mismatch at position: 1
  required type for x: int8
  but expression &amp;apos;&amp;quot;abc=&amp;quot;&amp;apos; is of type: string
proc `+`(x, y: uint): uint
  first type mismatch at position: 1
  required type for x: uint
  but expression &amp;apos;&amp;quot;abc=&amp;quot;&amp;apos; is of type: string
proc `+`(x, y: uint16): uint16
  first type mismatch at position: 1
  required type for x: uint16
  but expression &amp;apos;&amp;quot;abc=&amp;quot;&amp;apos; is of type: string
proc `+`(x, y: uint32): uint32
  first type mismatch at position: 1
  required type for x: uint32
  but expression &amp;apos;&amp;quot;abc=&amp;quot;&amp;apos; is of type: string
proc `+`(x, y: uint64): uint64
  first type mismatch at position: 1
  required type for x: uint64
  but expression &amp;apos;&amp;quot;abc=&amp;quot;&amp;apos; is of type: string
proc `+`(x, y: uint8): uint8
  first type mismatch at position: 1
  required type for x: uint8
  but expression &amp;apos;&amp;quot;abc=&amp;quot;&amp;apos; is of type: string
proc `+`(x: float): float
  first type mismatch at position: 1
  required type for x: float
  but expression &amp;apos;&amp;quot;abc=&amp;quot;&amp;apos; is of type: string
proc `+`(x: float32): float32
  first type mismatch at position: 1
  required type for x: float32
  but expression &amp;apos;&amp;quot;abc=&amp;quot;&amp;apos; is of type: string
proc `+`(x: int): int
  first type mismatch at position: 1
  required type for x: int
  but expression &amp;apos;&amp;quot;abc=&amp;quot;&amp;apos; is of type: string
proc `+`(x: int16): int16
  first type mismatch at position: 1
  required type for x: int16
  but expression &amp;apos;&amp;quot;abc=&amp;quot;&amp;apos; is of type: string
proc `+`(x: int32): int32
  first type mismatch at position: 1
  required type for x: int32
  but expression &amp;apos;&amp;quot;abc=&amp;quot;&amp;apos; is of type: string
proc `+`(x: int64): int64
  first type mismatch at position: 1
  required type for x: int64
  but expression &amp;apos;&amp;quot;abc=&amp;quot;&amp;apos; is of type: string
proc `+`(x: int8): int8
  first type mismatch at position: 1
  required type for x: int8
  but expression &amp;apos;&amp;quot;abc=&amp;quot;&amp;apos; is of type: string

expression: &amp;quot;abc=&amp;quot; + intToStr(int(this.seqInt), 1)
" />
    </testcase>
    <testcase time="0.00088859" name="texpr_if_int_ops" />
    <testcase time="0.00112009" name="texpr_int_div">
      <failure message="/tests/spec/nim/texpr_int_div.nim(12) texpr_int_div
/nim/lib/system/assertions.nim(38) failedAssertImpl
/nim/lib/system/assertions.nim(28) raiseAssert
/nim/lib/system/fatal.nim(53) sysFatal
Error: unhandled exception: /tests/spec/nim/texpr_int_div.nim(12, 8) `r.divNegConst == -757`  [AssertionDefect]
" />
    </testcase>
    <testcase time="0.00086713" name="texpr_io_eof" />
    <testcase time="0.00107145" name="texpr_io_pos" />
    <testcase time="0.00099874" name="texpr_mod" />
    <testcase time="0.00088215" name="texpr_ops_parens" />
    <testcase time="0.00098944" name="texpr_sizeof_type_0" />
    <testcase time="0.00096107" name="texpr_sizeof_type_1" />
    <testcase time="0.00103283" name="texpr_sizeof_value_0" />
    <testcase time="0.00106049" name="texpr_sizeof_value_sized" />
    <testcase time="0.08325958" name="texpr_str_encodings">
      <failure message="Traceback (most recent call last)
/tests/spec/nim/texpr_str_encodings.nim(7) texpr_str_encodings
/tests/compiled/nim/expr_str_encodings.nim(122) fromFile
/tests/compiled/nim/expr_str_encodings.nim(62) read
/root/.nimble/pkgs/kaitai_struct_nim_runtime-#head/kaitai_struct_nim_runtime.nim(333) encode
/nim/lib/pure/encodings.nim(507) convert
/nim/lib/pure/encodings.nim(467) convert
SIGSEGV: Illegal storage access. (Attempt to read from nil?)
" />
    </testcase>
    <testcase time="0.00097013" name="texpr_str_ops" />
    <testcase time="0.00103283" name="tfixed_contents" />
    <testcase time="0.00091958" name="tfixed_struct" />
    <testcase time="0.00085258" name="tfloat_to_i" />
    <testcase time="0.00098062" name="tfloating_points">
      <failure message="/tests/spec/nim/tfloating_points.nim(13) tfloating_points
/nim/lib/system/assertions.nim(38) failedAssertImpl
/nim/lib/system/assertions.nim(28) raiseAssert
/nim/lib/system/fatal.nim(53) sysFatal
Error: unhandled exception: /tests/spec/nim/tfloating_points.nim(13, 8) `r.approximateValue == 1.2345`  [AssertionDefect]
" />
    </testcase>
    <testcase time="0.00085235" name="thello_world" />
    <testcase time="0.00090647" name="tif_instances" />
    <testcase time="0.00106835" name="tif_struct" />
    <testcase time="0.00088167" name="tif_values" />
    <testcase time="0.00091910" name="timports0" />
    <testcase time="0.00000000" name="timports_abs">
      <failure message="/tests/compiled/nim/imports_abs.nim(3, 15) Error: cannot open file: /common/vlq_base128_le
" />
    </testcase>
    <testcase time="0.00000000" name="timports_circular_a">
      <failure message="/tests/compiled/nim/imports_circular_a.nim(9, 13) Error: undeclared identifier: &amp;apos;ImportsCircularB&amp;apos;
candidates (edit distance, scope distance); see &amp;apos;--spellSuggest&amp;apos;: 
 (1, 0): &amp;apos;ImportsCircularA&amp;apos; [type declared in /tests/compiled/nim/imports_circular_a.nim(7, 3)]
 (1, 0): &amp;apos;imports_circular_b&amp;apos; [module declared in /tests/compiled/nim/imports_circular_a.nim(5, 8)]
This might be caused by a recursive module dependency:
/tests/compiled/nim/imports_circular_b.nim imports /tests/compiled/nim/imports_circular_a.nim
/tests/compiled/nim/imports_circular_a.nim imports /tests/compiled/nim/imports_circular_b.nim
" />
    </testcase>
    <testcase time="0.00000000" name="timports_rel_1">
      <failure message="/tests/compiled/nim/imports_rel_1.nim(3, 23) Error: cannot open file: for_rel_imports/imported_1
" />
    </testcase>
    <testcase time="0.00089169" name="tindex_sizes" />
    <testcase time="0.00108123" name="tindex_to_param_eos" />
    <testcase time="0.00088096" name="tindex_to_param_expr" />
    <testcase time="0.00102878" name="tindex_to_param_until" />
    <testcase time="0.00109076" name="tinstance_io_user" />
    <testcase time="0.00098300" name="tinstance_std" />
    <testcase time="0.00089908" name="tinstance_std_array" />
    <testcase time="0.00086617" name="tinstance_user_array" />
    <testcase time="0.00097942" name="tintegers" />
    <testcase time="0.00090623" name="tintegers_double_overflow" />
    <testcase time="0.00089812" name="tintegers_min_max" />
    <testcase time="0.00000000" name="tio_local_var">
      <failure message="/tests/compiled/nim/io_local_var.nim(59, 25) Error: type mismatch: got &amp;apos;seq[byte]&amp;apos; for &amp;apos;messUpInstExpr&amp;apos; but expected &amp;apos;KaitaiStruct = ref KaitaiStruct:ObjectType&amp;apos;
" />
    </testcase>
    <testcase time="0.00105214" name="tjs_signed_right_shift" />
    <testcase time="0.00084877" name="tmeta_tags" />
    <testcase time="0.00094151" name="tmeta_xref" />
    <testcase time="0.00103116" name="tmultiple_use" />
    <testcase time="0.00106096" name="tnav_parent" />
    <testcase time="0.00104928" name="tnav_parent2" />
    <testcase time="0.00108910" name="tnav_parent3" />
    <testcase time="0.00108433" name="tnav_parent_false" />
    <testcase time="0.00092411" name="tnav_parent_false2" />
    <testcase time="0.00094151" name="tnav_parent_override" />
    <testcase time="0.00097728" name="tnav_parent_switch" />
    <testcase time="0.00000000" name="tnav_parent_switch_cast">
      <failure message="/tests/compiled/nim/nav_parent_switch_cast.nim(92, 64) Error: undeclared field: &amp;apos;parent&amp;apos; for type kaitai_struct_nim_runtime.KaitaiStruct [type declared in /root/.nimble/pkgs/kaitai_struct_nim_runtime-#head/kaitai_struct_nim_runtime.nim(5, 3)]
" />
    </testcase>
    <testcase time="0.00102282" name="tnav_parent_vs_value_inst" />
    <testcase time="0.00119233" name="tnav_root" />
    <testcase time="0.00111675" name="tnested_same_name" />
    <testcase time="0.00091529" name="tnested_same_name2" />
    <testcase time="0.00100946" name="tnested_type_param" />
    <testcase time="0.00093699" name="tnested_types" />
    <testcase time="0.00101733" name="tnested_types2" />
    <testcase time="0.00105715" name="tnested_types3" />
    <testcase time="0.00090551" name="tnon_standard" />
    <testcase time="0.00105023" name="tparams_call_extra_parens" />
    <testcase time="0.00117230" name="tparams_call_short" />
    <testcase time="0.00087190" name="tparams_enum" />
    <testcase time="0.00087762" name="tparams_pass_array_int" />
    <testcase time="0.00097275" name="tparams_pass_array_str" />
    <testcase time="0.00084710" name="tparams_pass_array_struct" />
    <testcase time="0.00105882" name="tparams_pass_array_usertype" />
    <testcase time="0.00088763" name="tparams_pass_bool" />
    <testcase time="0.00086546" name="tparams_pass_struct" />
    <testcase time="0.00087714" name="tparams_pass_usertype" />
    <testcase time="0.00091696" name="tposition_abs" />
    <testcase time="0.00119686" name="tposition_in_seq" />
    <testcase time="0.00088954" name="tposition_to_end" />
    <testcase time="0.00104809" name="tprocess_coerce_bytes" />
    <testcase time="0.00000000" name="tprocess_coerce_switch">
      <failure message="/tests/spec/nim/tprocess_coerce_switch.nim(7, 28) template/generic instantiation of `fromFile` from here
/tests/compiled/nim/process_coerce_switch.nim(75, 22) template/generic instantiation of `read` from here
/tests/compiled/nim/process_coerce_switch.nim(48, 26) Error: type mismatch: got &amp;apos;seq[byte]&amp;apos; for &amp;apos;bufUnprocExpr&amp;apos; but expected &amp;apos;KaitaiStruct = ref KaitaiStruct:ObjectType&amp;apos;
" />
    </testcase>
    <testcase time="0.00116158" name="tprocess_coerce_usertype1" />
    <testcase time="0.00099254" name="tprocess_coerce_usertype2" />
    <testcase time="0.00000000" name="tprocess_custom">
      <failure message="/tests/compiled/nim/process_custom.nim(3, 8) Error: cannot open file: my_custom_fx
" />
    </testcase>
    <testcase time="0.00000000" name="tprocess_custom_no_args">
      <failure message="/tests/compiled/nim/process_custom_no_args.nim(3, 8) Error: cannot open file: custom_fx_no_args
" />
    </testcase>
    <testcase time="0.00088048" name="tprocess_repeat_bytes" />
    <testcase time="0.00000000" name="tprocess_repeat_usertype">
      <failure message="/tests/spec/nim/tprocess_repeat_usertype.nim(7, 30) template/generic instantiation of `fromFile` from here
/tests/compiled/nim/process_repeat_usertype.nim(37, 24) template/generic instantiation of `read` from here
/tests/compiled/nim/process_repeat_usertype.nim(30, 9) Error: redefinition of &amp;apos;buf&amp;apos;; previous declaration here: /tests/compiled/nim/process_repeat_usertype.nim(28, 9)
" />
    </testcase>
    <testcase time="0.00088835" name="tprocess_rotate" />
    <testcase time="0.00090146" name="tprocess_to_user" />
    <testcase time="0.00090957" name="tprocess_xor4_const" />
    <testcase time="0.00106144" name="tprocess_xor4_value" />
    <testcase time="0.00103307" name="tprocess_xor_const" />
    <testcase time="0.00099635" name="tprocess_xor_value" />
    <testcase time="0.00097299" name="trecursive_one" />
    <testcase time="0.00096726" name="trepeat_eos_bit" />
    <testcase time="0.00112700" name="trepeat_eos_struct" />
    <testcase time="0.00094247" name="trepeat_eos_u4" />
    <testcase time="0.00090265" name="trepeat_n_struct" />
    <testcase time="0.00098372" name="trepeat_n_strz" />
    <testcase time="0.00096369" name="trepeat_n_strz_double" />
    <testcase time="0.00103879" name="trepeat_until_calc_array_type" />
    <testcase time="0.00091648" name="trepeat_until_complex" />
    <testcase time="0.00096607" name="trepeat_until_s4" />
    <testcase time="0.00091052" name="trepeat_until_sized" />
    <testcase time="0.08134842" name="tstr_encodings">
      <failure message="Traceback (most recent call last)
/tests/spec/nim/tstr_encodings.nim(7) tstr_encodings
/tests/compiled/nim/str_encodings.nim(45) fromFile
/tests/compiled/nim/str_encodings.nim(41) read
/root/.nimble/pkgs/kaitai_struct_nim_runtime-#head/kaitai_struct_nim_runtime.nim(333) encode
/nim/lib/pure/encodings.nim(507) convert
/nim/lib/pure/encodings.nim(467) convert
SIGSEGV: Illegal storage access. (Attempt to read from nil?)
" />
    </testcase>
    <testcase time="0.07952046" name="tstr_encodings_default">
      <failure message="Traceback (most recent call last)
/tests/spec/nim/tstr_encodings_default.nim(7) tstr_encodings_default
/tests/compiled/nim/str_encodings_default.nim(39) fromFile
/tests/compiled/nim/str_encodings_default.nim(35) read
/tests/compiled/nim/str_encodings_default.nim(59) read
/root/.nimble/pkgs/kaitai_struct_nim_runtime-#head/kaitai_struct_nim_runtime.nim(333) encode
/nim/lib/pure/encodings.nim(507) convert
/nim/lib/pure/encodings.nim(467) convert
SIGSEGV: Illegal storage access. (Attempt to read from nil?)
" />
    </testcase>
    <testcase time="0.00095201" name="tstr_encodings_utf16" />
    <testcase time="0.00116730" name="tstr_eos" />
    <testcase time="0.00114727" name="tstr_literals">
      <failure message="/tests/spec/nim/tstr_literals.nim(9) tstr_literals
/nim/lib/system/assertions.nim(38) failedAssertImpl
/nim/lib/system/assertions.nim(28) raiseAssert
/nim/lib/system/fatal.nim(53) sysFatal
Error: unhandled exception: /tests/spec/nim/tstr_literals.nim(9, 8) `strToArr(r.complexStr) ==
    @[0&amp;apos;i32, 1, 2, 7, 8, 10, 13, 9, 11, 12, 27, 61, 7, 10, 36, 9787]`  [AssertionDefect]
" />
    </testcase>
    <testcase time="0.00104213" name="tstr_literals2" />
    <testcase time="0.00089598" name="tstr_pad_term" />
    <testcase time="0.00095916" name="tstr_pad_term_empty" />
    <testcase time="0.00105739" name="tswitch_bytearray" />
    <testcase time="0.00091553" name="tswitch_else_only" />
    <testcase time="0.00094271" name="tswitch_integers" />
    <testcase time="0.00090337" name="tswitch_integers2" />
    <testcase time="0.00110245" name="tswitch_manual_enum" />
    <testcase time="0.00000000" name="tswitch_manual_enum_invalid">
      <failure message="/tests/spec/nim/tswitch_manual_enum_invalid.nim(10, 26) Error: type mismatch: got &amp;lt;SwitchManualEnumInvalid_Opcode_CodeEnum, int literal(255)&amp;gt;
but expected one of:
proc `==`[Enum: enum](x, y: Enum): bool
  first type mismatch at position: 2
  required type for y: Enum: enum
  but expression &amp;apos;255&amp;apos; is of type: int literal(255)
proc `==`[T: tuple | object](x, y: T): bool
  first type mismatch at position: 2
  required type for y: T: tuple or object
  but expression &amp;apos;255&amp;apos; is of type: int literal(255)
proc `==`[T](a, b: Option[T]): bool
  first type mismatch at position: 2
  required type for b: Option[==.T]
  but expression &amp;apos;255&amp;apos; is of type: int literal(255)
30 other mismatching symbols have been suppressed; compile with --showAllMismatches:on to see them

expression: r.opcodes[0].code == 255
" />
    </testcase>
    <testcase time="0.00000000" name="tswitch_manual_enum_invalid_else">
      <failure message="/tests/spec/nim/tswitch_manual_enum_invalid_else.nim(10, 26) Error: type mismatch: got &amp;lt;SwitchManualEnumInvalidElse_Opcode_CodeEnum, int literal(255)&amp;gt;
but expected one of:
proc `==`[Enum: enum](x, y: Enum): bool
  first type mismatch at position: 2
  required type for y: Enum: enum
  but expression &amp;apos;255&amp;apos; is of type: int literal(255)
proc `==`[T: tuple | object](x, y: T): bool
  first type mismatch at position: 2
  required type for y: T: tuple or object
  but expression &amp;apos;255&amp;apos; is of type: int literal(255)
proc `==`[T](a, b: Option[T]): bool
  first type mismatch at position: 2
  required type for b: Option[==.T]
  but expression &amp;apos;255&amp;apos; is of type: int literal(255)
30 other mismatching symbols have been suppressed; compile with --showAllMismatches:on to see them

expression: r.opcodes[0].code == 255
" />
    </testcase>
    <testcase time="0.00087070" name="tswitch_manual_int" />
    <testcase time="0.00115013" name="tswitch_manual_int_else" />
    <testcase time="0.00000000" name="tswitch_manual_int_size">
      <failure message="/tests/spec/nim/tswitch_manual_int_size.nim(7, 28) template/generic instantiation of `fromFile` from here
/tests/compiled/nim/switch_manual_int_size.nim(44, 22) template/generic instantiation of `read` from here
/tests/compiled/nim/switch_manual_int_size.nim(39, 41) template/generic instantiation of `read` from here
/tests/compiled/nim/switch_manual_int_size.nim(74, 19) Error: type mismatch: got &amp;apos;seq[byte]&amp;apos; for &amp;apos;bodyExpr&amp;apos; but expected &amp;apos;KaitaiStruct = ref KaitaiStruct:ObjectType&amp;apos;
" />
    </testcase>
    <testcase time="0.00000000" name="tswitch_manual_int_size_else">
      <failure message="/tests/spec/nim/tswitch_manual_int_size_else.nim(18, 8) template/generic instantiation of `assert` from here
/tests/spec/nim/auxiliary/test_utils.nim(12, 32) Error: type mismatch: got &amp;apos;empty&amp;apos; for &amp;apos;expected[i]&amp;apos; but expected &amp;apos;byte = uint8&amp;apos;
" />
    </testcase>
    <testcase time="0.00000000" name="tswitch_manual_int_size_eos">
      <failure message="/tests/spec/nim/tswitch_manual_int_size_eos.nim(7, 31) template/generic instantiation of `fromFile` from here
/tests/compiled/nim/switch_manual_int_size_eos.nim(49, 25) template/generic instantiation of `read` from here
/tests/compiled/nim/switch_manual_int_size_eos.nim(44, 44) template/generic instantiation of `read` from here
/tests/compiled/nim/switch_manual_int_size_eos.nim(66, 50) template/generic instantiation of `read` from here
/tests/compiled/nim/switch_manual_int_size_eos.nim(96, 19) Error: type mismatch: got &amp;apos;seq[byte]&amp;apos; for &amp;apos;bodyExpr&amp;apos; but expected &amp;apos;KaitaiStruct = ref KaitaiStruct:ObjectType&amp;apos;
" />
    </testcase>
    <testcase time="0.00094819" name="tswitch_manual_str" />
    <testcase time="0.00105143" name="tswitch_manual_str_else" />
    <testcase time="0.00107121" name="tswitch_multi_bool_ops" />
    <testcase time="0.00000000" name="tswitch_repeat_expr">
      <failure message="/tests/spec/nim/tswitch_repeat_expr.nim(7, 25) template/generic instantiation of `fromFile` from here
/tests/compiled/nim/switch_repeat_expr.nim(55, 19) template/generic instantiation of `read` from here
/tests/compiled/nim/switch_repeat_expr.nim(52, 18) Error: type mismatch: got &amp;lt;seq[KaitaiStruct], seq[byte]&amp;gt;
but expected one of:
proc add[T](x: var seq[T]; y: openArray[T])
  first type mismatch at position: 2
  required type for y: openArray[T]
  but expression &amp;apos;it&amp;apos; is of type: seq[byte]
proc add[T](x: var seq[T]; y: sink T)
  first type mismatch at position: 2
  required type for y: sink T
  but expression &amp;apos;it&amp;apos; is of type: seq[byte]
3 other mismatching symbols have been suppressed; compile with --showAllMismatches:on to see them

expression: add(result.body, it)
" />
    </testcase>
    <testcase time="0.00000000" name="tswitch_repeat_expr_invalid">
      <failure message="/tests/spec/nim/tswitch_repeat_expr_invalid.nim(7, 32) template/generic instantiation of `fromFile` from here
/tests/compiled/nim/switch_repeat_expr_invalid.nim(55, 26) template/generic instantiation of `read` from here
/tests/compiled/nim/switch_repeat_expr_invalid.nim(52, 18) Error: type mismatch: got &amp;lt;seq[KaitaiStruct], seq[byte]&amp;gt;
but expected one of:
proc add[T](x: var seq[T]; y: openArray[T])
  first type mismatch at position: 2
  required type for y: openArray[T]
  but expression &amp;apos;it&amp;apos; is of type: seq[byte]
proc add[T](x: var seq[T]; y: sink T)
  first type mismatch at position: 2
  required type for y: sink T
  but expression &amp;apos;it&amp;apos; is of type: seq[byte]
3 other mismatching symbols have been suppressed; compile with --showAllMismatches:on to see them

expression: add(result.body, it)
" />
    </testcase>
    <testcase time="0.00092602" name="tterm_bytes" />
    <testcase time="0.00090575" name="tterm_strz" />
    <testcase time="0.00110793" name="tterm_u1_val" />
    <testcase time="0.00103474" name="tts_packet_header" />
    <testcase time="0.00094128" name="ttype_int_unary_op" />
    <testcase time="0.00094938" name="ttype_ternary" />
    <testcase time="0.00094128" name="ttype_ternary_2nd_falsy" />
    <testcase time="0.00088120" name="tuser_type" />
    <testcase time="0.08022833" name="tvalid_eq_str_encodings">
      <failure message="Traceback (most recent call last)
/tests/spec/nim/tvalid_eq_str_encodings.nim(7) tvalid_eq_str_encodings
/tests/compiled/nim/valid_eq_str_encodings.nim(45) fromFile
/tests/compiled/nim/valid_eq_str_encodings.nim(41) read
/root/.nimble/pkgs/kaitai_struct_nim_runtime-#head/kaitai_struct_nim_runtime.nim(333) encode
/nim/lib/pure/encodings.nim(507) convert
/nim/lib/pure/encodings.nim(467) convert
SIGSEGV: Illegal storage access. (Attempt to read from nil?)
" />
    </testcase>
    <testcase time="0.00090575" name="tvalid_long" />
    <testcase time="0.00101781" name="tvalid_not_parsed_if" />
    <testcase time="0.00000000" name="tvalid_optional_id">
      <failure message="/tests/spec/nim/tvalid_optional_id.nim(4, 26) Error: cannot open file: ../../compiled/nim/valid_optional_id
" />
    </testcase>
    <testcase time="0.00102425" name="tvalid_short" />
    <testcase time="0.00094366" name="tvalid_switch" />
    <testcase time="0.00000000" name="tyaml_ints">
      <failure message="/tests/compiled/nim/yaml_ints.nim(51, 30) Error: 18446744073709551615 can&amp;apos;t be converted to int
" />
    </testcase>
    <testcase time="0.00000000" name="tzlib_surrounded">
      <failure message="/tests/spec/nim/tzlib_surrounded.nim(7, 23) template/generic instantiation of `fromFile` from here
/tests/compiled/nim/zlib_surrounded.nim(41, 17) template/generic instantiation of `read` from here
/tests/compiled/nim/zlib_surrounded.nim(32, 36) Error: attempting to call undeclared routine: &amp;apos;processZlib&amp;apos;
" />
    </testcase>
    <testcase time="0.00000000" name="tzlib_with_header_78">
      <failure message="/tests/spec/nim/tzlib_with_header_78.nim(7, 25) template/generic instantiation of `fromFile` from here
/tests/compiled/nim/zlib_with_header_78.nim(27, 19) template/generic instantiation of `read` from here
/tests/compiled/nim/zlib_with_header_78.nim(23, 30) Error: attempting to call undeclared routine: &amp;apos;processZlib&amp;apos;
" />
    </testcase>
  </testsuite>
</testsuites>