<testsuites>
  <testsuite tests="166" failures="0" errors="11" name="tests">
    <testcase time="0.00194239616394043" name="tbcd_user_type_be" />
    <testcase time="0.002082347869873047" name="tbcd_user_type_le" />
    <testcase time="0.002109050750732422" name="tbits_byte_aligned" />
    <testcase time="0.002081871032714844" name="tbits_enum" />
    <testcase time="0.002942085266113281" name="tbits_simple" />
    <testcase time="0.002100467681884766" name="tbuffered_struct" />
    <testcase time="0.002073287963867188" name="tbytes_pad_term" />
    <testcase time="0.002383708953857422" name="tcast_nested" />
    <testcase time="0.002058982849121094" name="tcast_to_imported" />
    <testcase time="0.002180814743041992" name="tcast_to_top" />
    <testcase time="0.002060890197753906" name="tcombine_bool" />
    <testcase time="0.002011775970458984" name="tcombine_bytes" />
    <testcase time="0.002670764923095703" name="tcombine_str" />
    <testcase time="0.00200343132019043" name="tdebug_switch_user" />
    <testcase time="0.001979589462280273" name="tdefault_big_endian" />
    <testcase time="0.001882314682006836" name="tdefault_endian_expr_inherited" />
    <testcase time="0.001999616622924805" name="tdefault_endian_expr_is_be" />
    <testcase time="0.002005338668823242" name="tdefault_endian_expr_is_le" />
    <testcase time="0.001832485198974609" name="tdefault_endian_mod" />
    <testcase time="0.001863956451416016" name="tdocstrings" />
    <testcase time="0.001929521560668945" name="tdocstrings_docref" />
    <testcase time="0.001927614212036133" name="tdocstrings_docref_multi" />
    <testcase time="0.001941204071044922" name="tenum_0" />
    <testcase time="0.001963138580322266" name="tenum_1" />
    <testcase time="0.001939773559570312" name="tenum_deep" />
    <testcase time="0.001841306686401367" name="tenum_deep_literals" />
    <testcase time="0.001913309097290039" name="tenum_fancy" />
    <testcase time="0.002187252044677734" name="tenum_if" />
    <testcase time="0.001854181289672852" name="tenum_import" />
    <testcase time="0.001969337463378906" name="tenum_int_range_s" />
    <testcase time="0.001939058303833008" name="tenum_int_range_u" />
    <testcase time="0.002011775970458984" name="tenum_invalid" />
    <testcase time="0.001943588256835938" name="tenum_long_range_s" />
    <testcase time="0.001869440078735352" name="tenum_long_range_u" />
    <testcase time="0.00203394889831543" name="tenum_negative" />
    <testcase time="0.001957893371582031" name="tenum_of_value_inst" />
    <testcase time="0.001832246780395508" name="tenum_to_i" />
    <testcase time="0.00000000" name="tenum_to_i_class_border_1">
      <failure message="/home/travis/build/kaitai-io/ci_targets/compiled/nim/enum_to_i_class_border_1.nim(22, 26) Error: undeclared identifier: 'EnumToIClassBorder2'
This might be caused by a recursive module dependency:
/home/travis/build/kaitai-io/ci_targets/compiled/nim/enum_to_i_class_border_2.nim imports /home/travis/build/kaitai-io/ci_targets/compiled/nim/enum_to_i_class_border_1.nim
/home/travis/build/kaitai-io/ci_targets/compiled/nim/enum_to_i_class_border_1.nim imports /home/travis/build/kaitai-io/ci_targets/compiled/nim/enum_to_i_class_border_2.nim
" />
    </testcase>
    <testcase time="0.00182652473449707" name="texpr_0" />
    <testcase time="0.002135992050170898" name="texpr_1" />
    <testcase time="0.001861810684204102" name="texpr_2" />
    <testcase time="0.001912117004394531" name="texpr_3" />
    <testcase time="0.002130270004272461" name="texpr_array" />
    <testcase time="0.001965999603271484" name="texpr_bits" />
    <testcase time="0.002033710479736328" name="texpr_bytes_cmp" />
    <testcase time="0.00000000" name="texpr_bytes_literal">
      <failure message="/home/travis/build/kaitai-io/ci_targets/tests/spec/nim/tests/texpr_bytes_literal.nim(4, 29) Error: cannot open file: ../../../compiled/nim/expr_bytes_literal
" />
    </testcase>
    <testcase time="0.002084732055664062" name="texpr_bytes_ops" />
    <testcase time="0.001891374588012695" name="texpr_calc_array_ops" />
    <testcase time="0.001966953277587891" name="texpr_enum" />
    <testcase time="0.001953125" name="texpr_io_eof" />
    <testcase time="0.002013683319091797" name="texpr_io_pos" />
    <testcase time="0.001901388168334961" name="texpr_mod" />
    <testcase time="0.001828193664550781" name="texpr_ops_parens" />
    <testcase time="0.001964092254638672" name="texpr_sizeof_type_0" />
    <testcase time="0.001984834671020508" name="texpr_sizeof_type_1" />
    <testcase time="0.001895427703857422" name="texpr_sizeof_value_0" />
    <testcase time="0.001645326614379883" name="texpr_sizeof_value_sized" />
    <testcase time="0.002048969268798828" name="texpr_str_ops" />
    <testcase time="0.001996994018554688" name="tfixed_contents" />
    <testcase time="0.001811504364013672" name="tfixed_struct" />
    <testcase time="0.001898050308227539" name="tfloat_to_i" />
    <testcase time="0.001904964447021484" name="tfloating_points" />
    <testcase time="0.001934528350830078" name="thello_world" />
    <testcase time="0.001832008361816406" name="tif_instances" />
    <testcase time="0.00205683708190918" name="tif_struct" />
    <testcase time="0.001977920532226562" name="tif_values" />
    <testcase time="0.001917839050292969" name="timports0" />
    <testcase time="0.00000000" name="timports_abs">
      <failure message="/home/travis/build/kaitai-io/ci_targets/compiled/nim/imports_abs.nim(3, 15) Error: cannot open file: /common/vlq_base128_le
" />
    </testcase>
    <testcase time="0.001970052719116211" name="tindex_sizes" />
    <testcase time="0.001954793930053711" name="tindex_to_param_eos" />
    <testcase time="0.002012014389038086" name="tindex_to_param_expr" />
    <testcase time="0.0019683837890625" name="tindex_to_param_until" />
    <testcase time="0.001963138580322266" name="tinstance_io_user" />
    <testcase time="0.001949548721313477" name="tinstance_std" />
    <testcase time="0.001894235610961914" name="tinstance_std_array" />
    <testcase time="0.001966476440429688" name="tinstance_user_array" />
    <testcase time="0.002080917358398438" name="tintegers" />
    <testcase time="0.001831769943237305" name="tintegers_min_max" />
    <testcase time="0.00000000" name="tio_local_var">
      <failure message="/home/travis/build/kaitai-io/ci_targets/tests/spec/nim/tests/tio_local_var.nim(4, 29) Error: cannot open file: ../../../compiled/nim/io_local_var
" />
    </testcase>
    <testcase time="0.002050638198852539" name="tjs_signed_right_shift" />
    <testcase time="0.001976251602172852" name="tmeta_tags" />
    <testcase time="0.001774787902832031" name="tmeta_xref" />
    <testcase time="0.001791238784790039" name="tmultiple_use" />
    <testcase time="0.00196528434753418" name="tnav_parent" />
    <testcase time="0.001973628997802734" name="tnav_parent2" />
    <testcase time="0.002508878707885742" name="tnav_parent3" />
    <testcase time="0.002264022827148438" name="tnav_parent_false" />
    <testcase time="0.001962184906005859" name="tnav_parent_false2" />
    <testcase time="0.002039194107055664" name="tnav_parent_override" />
    <testcase time="0.002222299575805664" name="tnav_parent_switch" />
    <testcase time="0.00000000" name="tnav_parent_switch_cast">
      <failure message="/home/travis/build/kaitai-io/ci_targets/tests/spec/nim/tests/tnav_parent_switch_cast.nim(4, 29) Error: cannot open file: ../../../compiled/nim/nav_parent_switch_cast
" />
    </testcase>
    <testcase time="0.002376794815063477" name="tnav_parent_vs_value_inst" />
    <testcase time="0.002483367919921875" name="tnav_root" />
    <testcase time="0.002075672149658203" name="tnested_same_name" />
    <testcase time="0.001986265182495117" name="tnested_same_name2" />
    <testcase time="0.002137422561645508" name="tnested_type_param" />
    <testcase time="0.001967668533325195" name="tnested_types" />
    <testcase time="0.001832962036132812" name="tnested_types2" />
    <testcase time="0.001818656921386719" name="tnested_types3" />
    <testcase time="0.001868247985839844" name="tnon_standard" />
    <testcase time="0.002434730529785156" name="tparams_call_extra_parens" />
    <testcase time="0.002121686935424805" name="tparams_call_short" />
    <testcase time="0.001933574676513672" name="tparams_enum" />
    <testcase time="0.00000000" name="tparams_pass_array_int">
      <failure message="/home/travis/build/kaitai-io/ci_targets/tests/spec/nim/tests/tparams_pass_array_int.nim(7, 27) template/generic instantiation of `fromFile` from here
/home/travis/build/kaitai-io/ci_targets/compiled/nim/params_pass_array_int.nim(49, 21) template/generic instantiation of `read` from here
/home/travis/build/kaitai-io/ci_targets/compiled/nim/params_pass_array_int.nim(37, 54) template/generic instantiation of `read` from here
/home/travis/build/kaitai-io/ci_targets/compiled/nim/params_pass_array_int.nim(58, 29) Error: type mismatch: got &lt;seq[int]&gt; but expected 'seq[uint16]'
" />
    </testcase>
    <testcase time="0.002261877059936523" name="tparams_pass_array_str" />
    <testcase time="0.001961231231689453" name="tparams_pass_array_struct" />
    <testcase time="0.002521038055419922" name="tparams_pass_array_usertype" />
    <testcase time="0.002104759216308594" name="tparams_pass_struct" />
    <testcase time="0.002052068710327148" name="tparams_pass_usertype" />
    <testcase time="0.002121210098266602" name="tposition_abs" />
    <testcase time="0.001870393753051758" name="tposition_in_seq" />
    <testcase time="0.001907587051391602" name="tposition_to_end" />
    <testcase time="0.00195002555847168" name="tprocess_coerce_bytes" />
    <testcase time="0.00000000" name="tprocess_coerce_switch">
      <failure message="/home/travis/build/kaitai-io/ci_targets/tests/spec/nim/tests/tprocess_coerce_switch.nim(4, 29) Error: cannot open file: ../../../compiled/nim/process_coerce_switch
" />
    </testcase>
    <testcase time="0.002285003662109375" name="tprocess_coerce_usertype1" />
    <testcase time="0.001883983612060547" name="tprocess_coerce_usertype2" />
    <testcase time="0.001995086669921875" name="tprocess_custom" />
    <testcase time="0.00000000" name="tprocess_custom_no_args">
      <failure message="/home/travis/build/kaitai-io/ci_targets/compiled/nim/process_custom_no_args.nim(3, 35) Error: cannot open file: ../../tests/spec/nim/opaque/custom_fx_no_args
" />
    </testcase>
    <testcase time="0.00199437141418457" name="tprocess_repeat_bytes" />
    <testcase time="0.00000000" name="tprocess_repeat_usertype">
      <failure message="/home/travis/build/kaitai-io/ci_targets/tests/spec/nim/tests/tprocess_repeat_usertype.nim(7, 30) template/generic instantiation of `fromFile` from here
/home/travis/build/kaitai-io/ci_targets/compiled/nim/process_repeat_usertype.nim(41, 24) template/generic instantiation of `read` from here
/home/travis/build/kaitai-io/ci_targets/compiled/nim/process_repeat_usertype.nim(34, 9) Error: redefinition of 'buf'; previous declaration here: /home/travis/build/kaitai-io/ci_targets/compiled/nim/process_repeat_usertype.nim(32, 9)
" />
    </testcase>
    <testcase time="0.003770351409912109" name="tprocess_rotate" />
    <testcase time="0.002032041549682617" name="tprocess_to_user" />
    <testcase time="0.002167701721191406" name="tprocess_xor4_const" />
    <testcase time="0.002006769180297852" name="tprocess_xor4_value" />
    <testcase time="0.002082109451293945" name="tprocess_xor_const" />
    <testcase time="0.002026081085205078" name="tprocess_xor_value" />
    <testcase time="0.00193476676940918" name="trecursive_one" />
    <testcase time="0.002615928649902344" name="trepeat_eos_bit" />
    <testcase time="0.001868009567260742" name="trepeat_eos_struct" />
    <testcase time="0.002051830291748047" name="trepeat_eos_u4" />
    <testcase time="0.001773357391357422" name="trepeat_n_struct" />
    <testcase time="0.001934528350830078" name="trepeat_n_strz" />
    <testcase time="0.002086639404296875" name="trepeat_n_strz_double" />
    <testcase time="0.001865148544311523" name="trepeat_until_complex" />
    <testcase time="0.001905202865600586" name="trepeat_until_s4" />
    <testcase time="0.001995325088500977" name="trepeat_until_sized" />
    <testcase time="0.01009178161621094" name="tstr_encodings" />
    <testcase time="0.002728939056396484" name="tstr_encodings_default" />
    <testcase time="0.00212860107421875" name="tstr_eos" />
    <testcase time="0.001813888549804688" name="tstr_literals2" />
    <testcase time="0.001914501190185547" name="tstr_pad_term" />
    <testcase time="0.002007722854614258" name="tstr_pad_term_empty" />
    <testcase time="0.002040386199951172" name="tswitch_bytearray" />
    <testcase time="0.001960992813110352" name="tswitch_else_only" />
    <testcase time="0.002136707305908203" name="tswitch_integers" />
    <testcase time="0.001980304718017578" name="tswitch_integers2" />
    <testcase time="0.002009391784667969" name="tswitch_manual_enum" />
    <testcase time="0.001942157745361328" name="tswitch_manual_enum_invalid" />
    <testcase time="0.002050638198852539" name="tswitch_manual_enum_invalid_else" />
    <testcase time="0.00204920768737793" name="tswitch_manual_int" />
    <testcase time="0.001813411712646484" name="tswitch_manual_int_else" />
    <testcase time="0.001958370208740234" name="tswitch_manual_int_size_else" />
    <testcase time="0.001970767974853516" name="tswitch_manual_str" />
    <testcase time="0.001964330673217773" name="tswitch_manual_str_else" />
    <testcase time="0.002163887023925781" name="tterm_bytes" />
    <testcase time="0.002096414566040039" name="tterm_strz" />
    <testcase time="0.002023935317993164" name="tts_packet_header" />
    <testcase time="0.001884698867797852" name="ttype_int_unary_op" />
    <testcase time="0.001975297927856445" name="ttype_ternary" />
    <testcase time="0.002018928527832031" name="tuser_type" />
    <testcase time="0.002004146575927734" name="tvalid_long" />
    <testcase time="0.001938581466674805" name="tvalid_not_parsed_if" />
    <testcase time="0.001945734024047852" name="tvalid_short" />
    <testcase time="0.001875638961791992" name="tvalid_switch" />
    <testcase time="0.00000000" name="tzlib_surrounded">
      <failure message="/home/travis/build/kaitai-io/ci_targets/tests/spec/nim/tests/tzlib_surrounded.nim(7, 23) template/generic instantiation of `fromFile` from here
/home/travis/build/kaitai-io/ci_targets/compiled/nim/zlib_surrounded.nim(45, 17) template/generic instantiation of `read` from here
/home/travis/build/kaitai-io/ci_targets/compiled/nim/zlib_surrounded.nim(36, 36) Error: attempting to call undeclared routine: 'processZlib'
" />
    </testcase>
    <testcase time="0.00000000" name="tzlib_with_header_78">
      <failure message="/home/travis/build/kaitai-io/ci_targets/tests/spec/nim/tests/tzlib_with_header_78.nim(7, 25) template/generic instantiation of `fromFile` from here
/home/travis/build/kaitai-io/ci_targets/compiled/nim/zlib_with_header_78.nim(31, 19) template/generic instantiation of `read` from here
/home/travis/build/kaitai-io/ci_targets/compiled/nim/zlib_with_header_78.nim(27, 30) Error: attempting to call undeclared routine: 'processZlib'
" />
    </testcase>
  </testsuite>
</testsuites>