<testsuites>
  <testsuite tests="227" failures="5" errors="29" name="nim">
    <testcase time="0.00128698" name="tbcd_user_type_be" />
    <testcase time="0.00132227" name="tbcd_user_type_le" />
    <testcase time="0.00124311" name="tbits_byte_aligned" />
    <testcase time="0.00133371" name="tbits_enum" />
    <testcase time="0.00123668" name="tbits_seq_endian_combo" />
    <testcase time="0.00115633" name="tbits_shift_by_b32_le" />
    <testcase time="0.00130582" name="tbits_shift_by_b64_le" />
    <testcase time="0.00134397" name="tbits_signed_res_b32_be" />
    <testcase time="0.00117683" name="tbits_signed_res_b32_le" />
    <testcase time="0.00124598" name="tbits_signed_shift_b32_le" />
    <testcase time="0.00131416" name="tbits_signed_shift_b64_le" />
    <testcase time="0.00119781" name="tbits_simple" />
    <testcase time="0.00122070" name="tbits_simple_le" />
    <testcase time="0.00126147" name="tbits_unaligned_b32_be" />
    <testcase time="0.00130486" name="tbits_unaligned_b32_le" />
    <testcase time="0.00125813" name="tbits_unaligned_b64_be" />
    <testcase time="0.00132799" name="tbits_unaligned_b64_le" />
    <testcase time="0.00124788" name="tbuffered_struct" />
    <testcase time="0.00136662" name="tbytes_pad_term" />
    <testcase time="0.00579214" name="tcast_nested" />
    <testcase time="0.00124454" name="tcast_to_top" />
    <testcase time="0.00121808" name="tcombine_bool" />
    <testcase time="0.00128031" name="tcombine_bytes" />
    <testcase time="0.00131083" name="tcombine_enum" />
    <testcase time="0.00133920" name="tcombine_str" />
    <testcase time="0.00120330" name="tdebug_0" />
    <testcase time="0.00000000" name="tdebug_array_user">
      <failure message="/tests/spec/nim/tdebug_array_user.nim(4, 26) Error: cannot open file: ../../compiled/nim/debug_array_user
" />
    </testcase>
    <testcase time="0.00000000" name="tdebug_array_user_current_excluded">
      <failure message="/tests/spec/nim/tdebug_array_user_current_excluded.nim(4, 26) Error: cannot open file: ../../compiled/nim/debug_array_user_current_excluded
" />
    </testcase>
    <testcase time="0.00124884" name="tdebug_enum_name" />
    <testcase time="0.00117135" name="tdebug_switch_user" />
    <testcase time="0.00121260" name="tdefault_big_endian" />
    <testcase time="0.00139642" name="tdefault_bit_endian_mod" />
    <testcase time="0.00143099" name="tdefault_endian_expr_inherited" />
    <testcase time="0.00133753" name="tdefault_endian_expr_is_be" />
    <testcase time="0.00124454" name="tdefault_endian_expr_is_le" />
    <testcase time="0.00140715" name="tdefault_endian_mod" />
    <testcase time="0.00121737" name="tdocstrings" />
    <testcase time="0.00121140" name="tdocstrings_docref" />
    <testcase time="0.00152874" name="tdocstrings_docref_multi" />
    <testcase time="0.00123549" name="tenum_0" />
    <testcase time="0.00120592" name="tenum_1" />
    <testcase time="0.00122190" name="tenum_deep" />
    <testcase time="0.00118923" name="tenum_deep_literals" />
    <testcase time="0.00134969" name="tenum_fancy" />
    <testcase time="0.00128269" name="tenum_if" />
    <testcase time="0.00000000" name="tenum_import_literals">
      <failure message="/tests/compiled/nim/enum_import_literals.nim(11, 17) Error: undeclared identifier: &amp;apos;EnumDeep_Container1_Container2_Animal&amp;apos;
candidates (edit distance, scope distance); see &amp;apos;--spellSuggest&amp;apos;: 
 (22, 0): &amp;apos;EnumImportLiterals&amp;apos; [type declared in /tests/compiled/nim/enum_import_literals.nim(5, 3)]
" />
    </testcase>
    <testcase time="0.00124121" name="tenum_import_seq" />
    <testcase time="0.00138450" name="tenum_int_range_s" />
    <testcase time="0.00128984" name="tenum_int_range_u" />
    <testcase time="0.00000000" name="tenum_invalid">
      <failure message="/tests/spec/nim/tenum_invalid.nim(10, 15) Error: type mismatch: got &amp;lt;EnumInvalid_Animal, int literal(111)&amp;gt;
but expected one of:
proc `==`[Enum: enum](x, y: Enum): bool
  first type mismatch at position: 2
  required type for y: Enum: enum
  but expression &amp;apos;111&amp;apos; is of type: int literal(111)
proc `==`[T: tuple | object](x, y: T): bool
  first type mismatch at position: 2
  required type for y: T: tuple or object
  but expression &amp;apos;111&amp;apos; is of type: int literal(111)
proc `==`[T](a, b: Option[T]): bool
  first type mismatch at position: 2
  required type for b: Option[==.T]
  but expression &amp;apos;111&amp;apos; is of type: int literal(111)
29 other mismatching symbols have been suppressed; compile with --showAllMismatches:on to see them

expression: r.pet2 == 111
" />
    </testcase>
    <testcase time="0.00137234" name="tenum_long_range_s" />
    <testcase time="0.00132108" name="tenum_long_range_u" />
    <testcase time="0.00130224" name="tenum_negative" />
    <testcase time="0.00132513" name="tenum_of_value_inst" />
    <testcase time="0.00123453" name="tenum_to_i" />
    <testcase time="0.00000000" name="tenum_to_i_class_border_1">
      <failure message="/tests/compiled/nim/enum_to_i_class_border_2.nim(7, 16) Error: undeclared identifier: &amp;apos;EnumToIClassBorder1&amp;apos;
candidates (edit distance, scope distance); see &amp;apos;--spellSuggest&amp;apos;: 
 (1, 0): &amp;apos;EnumToIClassBorder2&amp;apos; [type declared in /tests/compiled/nim/enum_to_i_class_border_2.nim(6, 3)]
 (1, 0): &amp;apos;enum_to_i_class_border_1&amp;apos; [module declared in /tests/compiled/nim/enum_to_i_class_border_2.nim(3, 8)]
This might be caused by a recursive module dependency:
/tests/compiled/nim/enum_to_i_class_border_1.nim imports /tests/compiled/nim/enum_to_i_class_border_2.nim
/tests/compiled/nim/enum_to_i_class_border_2.nim imports /tests/compiled/nim/enum_to_i_class_border_1.nim
" />
    </testcase>
    <testcase time="0.00000000" name="tenum_to_i_invalid">
      <failure message="/tests/spec/nim/tenum_to_i_invalid.nim(10, 15) Error: type mismatch: got &amp;lt;EnumToIInvalid_Animal, int literal(111)&amp;gt;
but expected one of:
proc `==`[Enum: enum](x, y: Enum): bool
  first type mismatch at position: 2
  required type for y: Enum: enum
  but expression &amp;apos;111&amp;apos; is of type: int literal(111)
proc `==`[T: tuple | object](x, y: T): bool
  first type mismatch at position: 2
  required type for y: T: tuple or object
  but expression &amp;apos;111&amp;apos; is of type: int literal(111)
proc `==`[T](a, b: Option[T]): bool
  first type mismatch at position: 2
  required type for b: Option[==.T]
  but expression &amp;apos;111&amp;apos; is of type: int literal(111)
29 other mismatching symbols have been suppressed; compile with --showAllMismatches:on to see them

expression: r.pet2 == 111
" />
    </testcase>
    <testcase time="0.00134754" name="texpr_0" />
    <testcase time="0.00122595" name="texpr_1" />
    <testcase time="0.00140285" name="texpr_2" />
    <testcase time="0.00128102" name="texpr_3" />
    <testcase time="0.00129128" name="texpr_array" />
    <testcase time="0.00126624" name="texpr_bits" />
    <testcase time="0.00130463" name="texpr_bytes_cmp" />
    <testcase time="0.00125599" name="texpr_bytes_non_literal" />
    <testcase time="0.00134754" name="texpr_bytes_ops" />
    <testcase time="0.00131178" name="texpr_calc_array_ops" />
    <testcase time="0.00146794" name="texpr_enum" />
    <testcase time="0.00129819" name="texpr_fstring_0" />
    <testcase time="0.00000000" name="texpr_if_int_ops">
      <failure message="/tests/spec/nim/texpr_if_int_ops.nim(7, 21) template/generic instantiation of `fromFile` from here
/tests/compiled/nim/expr_if_int_ops.nim(60, 15) template/generic instantiation of `read` from here
/tests/compiled/nim/expr_if_int_ops.nim(37, 32) Error: type mismatch: got &amp;lt;seq[byte], uint64&amp;gt;
but expected one of:
proc processXor(data, key: seq[byte]): seq[byte]
  first type mismatch at position: 2
  required type for key: seq[byte]
  but expression &amp;apos;result.key&amp;apos; is of type: uint64
proc processXor(data: seq[byte]; key: byte): seq[byte]
  first type mismatch at position: 2
  required type for key: byte
  but expression &amp;apos;result.key&amp;apos; is of type: uint64

expression: processXor(result.rawBytes, result.key)
" />
    </testcase>
    <testcase time="0.00128293" name="texpr_int_div">
      <failure message="/tests/spec/nim/texpr_int_div.nim(12) texpr_int_div
/opt/nim/lib/system/assertions.nim(38) failedAssertImpl
/opt/nim/lib/system/assertions.nim(28) raiseAssert
/opt/nim/lib/system/fatal.nim(54) sysFatal
Error: unhandled exception: /tests/spec/nim/texpr_int_div.nim(12, 8) `r.divNegConst == -757`  [AssertionDefect]
" />
    </testcase>
    <testcase time="0.00125909" name="texpr_io_eof" />
    <testcase time="0.00141239" name="texpr_io_pos" />
    <testcase time="0.00125265" name="texpr_io_ternary" />
    <testcase time="0.00135326" name="texpr_mod" />
    <testcase time="0.00124884" name="texpr_ops_parens" />
    <testcase time="0.00136614" name="texpr_sizeof_type_0" />
    <testcase time="0.00126696" name="texpr_sizeof_type_1" />
    <testcase time="0.00127482" name="texpr_sizeof_value_0" />
    <testcase time="0.00134563" name="texpr_sizeof_value_sized" />
    <testcase time="0.03103280" name="texpr_str_encodings" />
    <testcase time="0.00134301" name="texpr_str_ops" />
    <testcase time="0.00122452" name="tfixed_contents" />
    <testcase time="0.00127554" name="tfixed_struct" />
    <testcase time="0.00123119" name="tfloat_to_i" />
    <testcase time="0.00127864" name="tfloating_points">
      <failure message="/tests/spec/nim/tfloating_points.nim(13) tfloating_points
/opt/nim/lib/system/assertions.nim(38) failedAssertImpl
/opt/nim/lib/system/assertions.nim(28) raiseAssert
/opt/nim/lib/system/fatal.nim(54) sysFatal
Error: unhandled exception: /tests/spec/nim/tfloating_points.nim(13, 8) `r.approximateValue == 1.2345`  [AssertionDefect]
" />
    </testcase>
    <testcase time="0.00123692" name="thello_world" />
    <testcase time="0.00121689" name="tif_instances" />
    <testcase time="0.00128150" name="tif_struct" />
    <testcase time="0.00134134" name="tif_values" />
    <testcase time="0.00137401" name="timports0" />
    <testcase time="0.00000000" name="timports_abs">
      <failure message="/tests/spec/nim/timports_abs.nim(9, 13) Error: undeclared field: &amp;apos;value&amp;apos; for type vlq_base128_le.VlqBase128Le [type declared in /tests/compiled/nim/vlq_base128_le.nim(5, 3)]
" />
    </testcase>
    <testcase time="0.00124049" name="timports_abs_abs" />
    <testcase time="0.00134206" name="timports_abs_rel" />
    <testcase time="0.00000000" name="timports_cast_to_imported">
      <failure message="/tests/compiled/nim/cast_to_imported.nim(29, 30) Error: undeclared identifier: &amp;apos;HelloWorld&amp;apos;
candidates (edit distance, scope distance); see &amp;apos;--spellSuggest&amp;apos;: 
 (6, 4): &amp;apos;declared&amp;apos; [proc declared in /opt/nim/lib/system.nim(169, 8)]
" />
    </testcase>
    <testcase time="0.00000000" name="timports_cast_to_imported2">
      <failure message="/tests/compiled/nim/cast_to_imported2.nim(8, 15) Error: undeclared identifier: &amp;apos;HelloWorld&amp;apos;
candidates (edit distance, scope distance); see &amp;apos;--spellSuggest&amp;apos;: 
 (6, 2): &amp;apos;declared&amp;apos; [proc declared in /opt/nim/lib/system.nim(169, 8)]
" />
    </testcase>
    <testcase time="0.00000000" name="timports_circular_a">
      <failure message="/tests/compiled/nim/imports_circular_b.nim(8, 17) Error: undeclared identifier: &amp;apos;ImportsCircularA&amp;apos;
candidates (edit distance, scope distance); see &amp;apos;--spellSuggest&amp;apos;: 
 (1, 0): &amp;apos;ImportsCircularB&amp;apos; [type declared in /tests/compiled/nim/imports_circular_b.nim(6, 3)]
 (1, 0): &amp;apos;imports_circular_a&amp;apos; [module declared in /tests/compiled/nim/imports_circular_b.nim(3, 8)]
This might be caused by a recursive module dependency:
/tests/compiled/nim/imports_circular_a.nim imports /tests/compiled/nim/imports_circular_b.nim
/tests/compiled/nim/imports_circular_b.nim imports /tests/compiled/nim/imports_circular_a.nim
" />
    </testcase>
    <testcase time="0.00000000" name="timports_params_def_array_usertype_imported">
      <failure message="/tests/spec/nim/timports_params_def_array_usertype_imported.nim(12, 13) Error: undeclared field: &amp;apos;hw0One&amp;apos; for type params_def_array_usertype_imported.ParamsDefArrayUsertypeImported [type declared in /tests/compiled/nim/params_def_array_usertype_imported.nim(6, 3)]
" />
    </testcase>
    <testcase time="0.00123954" name="timports_params_def_enum_imported" />
    <testcase time="0.00000000" name="timports_params_def_usertype_imported">
      <failure message="/tests/spec/nim/timports_params_def_usertype_imported.nim(10, 13) Error: undeclared field: &amp;apos;hwOne&amp;apos; for type params_def_usertype_imported.ParamsDefUsertypeImported [type declared in /tests/compiled/nim/params_def_usertype_imported.nim(6, 3)]
" />
    </testcase>
    <testcase time="0.00124693" name="timports_rel_1" />
    <testcase time="0.00140476" name="tindex_sizes" />
    <testcase time="0.00127888" name="tindex_to_param_eos" />
    <testcase time="0.00138903" name="tindex_to_param_expr" />
    <testcase time="0.00160551" name="tindex_to_param_until" />
    <testcase time="0.00144839" name="tinstance_io_user" />
    <testcase time="0.00127506" name="tinstance_std" />
    <testcase time="0.00131893" name="tinstance_std_array" />
    <testcase time="0.00126624" name="tinstance_user_array" />
    <testcase time="0.00135541" name="tintegers" />
    <testcase time="0.00133657" name="tintegers_double_overflow" />
    <testcase time="0.00133181" name="tintegers_min_max" />
    <testcase time="0.00000000" name="tio_local_var">
      <failure message="/tests/compiled/nim/io_local_var.nim(59, 25) Error: type mismatch: got &amp;apos;seq[byte]&amp;apos; for &amp;apos;messUpInstExpr&amp;apos; but expected &amp;apos;KaitaiStruct = ref KaitaiStruct:ObjectType&amp;apos;
" />
    </testcase>
    <testcase time="0.00127029" name="tjs_signed_right_shift" />
    <testcase time="0.00123048" name="tmeta_tags" />
    <testcase time="0.00128341" name="tmeta_xref" />
    <testcase time="0.00122547" name="tmultiple_use" />
    <testcase time="0.00126147" name="tname_clash_import_vs_inst" />
    <testcase time="0.00122976" name="tnav_parent" />
    <testcase time="0.00132871" name="tnav_parent2" />
    <testcase time="0.00132346" name="tnav_parent3" />
    <testcase time="0.00133419" name="tnav_parent_false" />
    <testcase time="0.00140429" name="tnav_parent_false2" />
    <testcase time="0.00123906" name="tnav_parent_override" />
    <testcase time="0.00128913" name="tnav_parent_recursive" />
    <testcase time="0.00127363" name="tnav_parent_switch" />
    <testcase time="0.00000000" name="tnav_parent_switch_cast">
      <failure message="/tests/compiled/nim/nav_parent_switch_cast.nim(92, 64) Error: undeclared field: &amp;apos;parent&amp;apos; for type kaitai_struct_nim_runtime.KaitaiStruct [type declared in /root/.nimble/pkgs/kaitai_struct_nim_runtime-#head/kaitai_struct_nim_runtime.nim(5, 3)]
" />
    </testcase>
    <testcase time="0.00133801" name="tnav_parent_vs_value_inst" />
    <testcase time="0.00128341" name="tnav_root" />
    <testcase time="0.00121307" name="tnav_root_recursive" />
    <testcase time="0.00125384" name="tnested_same_name" />
    <testcase time="0.00126362" name="tnested_same_name2" />
    <testcase time="0.00135326" name="tnested_type_param" />
    <testcase time="0.00123715" name="tnested_types" />
    <testcase time="0.00121713" name="tnested_types2" />
    <testcase time="0.00134158" name="tnested_types3" />
    <testcase time="0.00127196" name="tnested_types_import">
      <failure message="/tests/spec/nim/tnested_types_import.nim(15) tnested_types_import
/opt/nim/lib/system/assertions.nim(38) failedAssertImpl
/opt/nim/lib/system/assertions.nim(28) raiseAssert
/opt/nim/lib/system/fatal.nim(54) sysFatal
Error: unhandled exception: /tests/spec/nim/tnested_types_import.nim(15, 8) `r.aCc.root == nil`  [AssertionDefect]
" />
    </testcase>
    <testcase time="0.00127125" name="tnon_standard" />
    <testcase time="0.00125647" name="topaque_external_type" />
    <testcase time="0.00133967" name="tparams_call" />
    <testcase time="0.00125432" name="tparams_call_extra_parens" />
    <testcase time="0.00117874" name="tparams_enum" />
    <testcase time="0.00121474" name="tparams_pass_array_int" />
    <testcase time="0.00131297" name="tparams_pass_array_str" />
    <testcase time="0.00121903" name="tparams_pass_array_struct" />
    <testcase time="0.00127244" name="tparams_pass_array_usertype" />
    <testcase time="0.00117612" name="tparams_pass_bool" />
    <testcase time="0.00114250" name="tparams_pass_struct" />
    <testcase time="0.00118899" name="tparams_pass_usertype" />
    <testcase time="0.00123620" name="tposition_abs" />
    <testcase time="0.00128889" name="tposition_in_seq" />
    <testcase time="0.00125766" name="tposition_to_end" />
    <testcase time="0.00119948" name="tprocess_coerce_bytes" />
    <testcase time="0.00000000" name="tprocess_coerce_switch">
      <failure message="/tests/spec/nim/tprocess_coerce_switch.nim(7, 28) template/generic instantiation of `fromFile` from here
/tests/compiled/nim/process_coerce_switch.nim(75, 22) template/generic instantiation of `read` from here
/tests/compiled/nim/process_coerce_switch.nim(48, 26) Error: type mismatch: got &amp;apos;seq[byte]&amp;apos; for &amp;apos;bufUnprocExpr&amp;apos; but expected &amp;apos;KaitaiStruct = ref KaitaiStruct:ObjectType&amp;apos;
" />
    </testcase>
    <testcase time="0.00124860" name="tprocess_coerce_usertype1" />
    <testcase time="0.00124598" name="tprocess_coerce_usertype2" />
    <testcase time="0.00000000" name="tprocess_custom">
      <failure message="/tests/compiled/nim/process_custom.nim(3, 8) Error: cannot open file: my_custom_fx
" />
    </testcase>
    <testcase time="0.00000000" name="tprocess_custom_no_args">
      <failure message="/tests/compiled/nim/process_custom_no_args.nim(3, 8) Error: cannot open file: custom_fx_no_args
" />
    </testcase>
    <testcase time="0.00122380" name="tprocess_repeat_bytes" />
    <testcase time="0.00000000" name="tprocess_repeat_usertype">
      <failure message="/tests/spec/nim/tprocess_repeat_usertype.nim(7, 30) template/generic instantiation of `fromFile` from here
/tests/compiled/nim/process_repeat_usertype.nim(37, 24) template/generic instantiation of `read` from here
/tests/compiled/nim/process_repeat_usertype.nim(30, 9) Error: redefinition of &amp;apos;buf&amp;apos;; previous declaration here: /tests/compiled/nim/process_repeat_usertype.nim(28, 9)
" />
    </testcase>
    <testcase time="0.00124717" name="tprocess_rotate" />
    <testcase time="0.00122833" name="tprocess_to_user" />
    <testcase time="0.00121093" name="tprocess_xor4_const" />
    <testcase time="0.00126386" name="tprocess_xor4_value" />
    <testcase time="0.00132036" name="tprocess_xor_const" />
    <testcase time="0.00127316" name="tprocess_xor_value" />
    <testcase time="0.00122452" name="trecursive_one" />
    <testcase time="0.00125217" name="trepeat_eos_bits_b1" />
    <testcase time="0.00131321" name="trepeat_eos_bits_b4" />
    <testcase time="0.00129771" name="trepeat_eos_struct" />
    <testcase time="0.00126433" name="trepeat_eos_u4" />
    <testcase time="0.00125694" name="trepeat_n_struct" />
    <testcase time="0.00127578" name="trepeat_n_strz" />
    <testcase time="0.00130582" name="trepeat_n_strz_double" />
    <testcase time="0.00125265" name="trepeat_until_calc_array_type" />
    <testcase time="0.00126338" name="trepeat_until_complex" />
    <testcase time="0.00128865" name="trepeat_until_s4" />
    <testcase time="0.00121284" name="trepeat_until_sized" />
    <testcase time="0.00140333" name="tstr_encodings" />
    <testcase time="0.00137138" name="tstr_encodings_default" />
    <testcase time="0.02298570" name="tstr_encodings_utf16" />
    <testcase time="0.00128365" name="tstr_eos" />
    <testcase time="0.00127244" name="tstr_literals">
      <failure message="/tests/spec/nim/tstr_literals.nim(9) tstr_literals
/opt/nim/lib/system/assertions.nim(38) failedAssertImpl
/opt/nim/lib/system/assertions.nim(28) raiseAssert
/opt/nim/lib/system/fatal.nim(54) sysFatal
Error: unhandled exception: /tests/spec/nim/tstr_literals.nim(9, 8) `strToArr(r.complexStr) ==
    @[0&amp;apos;i32, 1, 2, 7, 8, 10, 13, 9, 11, 12, 27, 61, 7, 10, 36, 9787]`  [AssertionDefect]
" />
    </testcase>
    <testcase time="0.00157070" name="tstr_literals2" />
    <testcase time="0.00135398" name="tstr_literals_latin1">
      <failure message="/tests/spec/nim/tstr_literals_latin1.nim(9) tstr_literals_latin1
/opt/nim/lib/system/assertions.nim(38) failedAssertImpl
/opt/nim/lib/system/assertions.nim(28) raiseAssert
/opt/nim/lib/system/fatal.nim(54) sysFatal
Error: unhandled exception: /tests/spec/nim/tstr_literals_latin1.nim(9, 8) `r.parsedEqLiteral == true`  [AssertionDefect]
" />
    </testcase>
    <testcase time="0.00121999" name="tstr_pad_term" />
    <testcase time="0.00125742" name="tstr_pad_term_empty" />
    <testcase time="0.00131726" name="tstr_pad_term_utf16" />
    <testcase time="0.00129914" name="tswitch_bytearray" />
    <testcase time="0.00121808" name="tswitch_else_only" />
    <testcase time="0.00135112" name="tswitch_integers" />
    <testcase time="0.00121498" name="tswitch_integers2" />
    <testcase time="0.00120854" name="tswitch_manual_enum" />
    <testcase time="0.00000000" name="tswitch_manual_enum_invalid">
      <failure message="/tests/spec/nim/tswitch_manual_enum_invalid.nim(10, 26) Error: type mismatch: got &amp;lt;SwitchManualEnumInvalid_Opcode_CodeEnum, int literal(255)&amp;gt;
but expected one of:
proc `==`[Enum: enum](x, y: Enum): bool
  first type mismatch at position: 2
  required type for y: Enum: enum
  but expression &amp;apos;255&amp;apos; is of type: int literal(255)
proc `==`[T: tuple | object](x, y: T): bool
  first type mismatch at position: 2
  required type for y: T: tuple or object
  but expression &amp;apos;255&amp;apos; is of type: int literal(255)
proc `==`[T](a, b: Option[T]): bool
  first type mismatch at position: 2
  required type for b: Option[==.T]
  but expression &amp;apos;255&amp;apos; is of type: int literal(255)
29 other mismatching symbols have been suppressed; compile with --showAllMismatches:on to see them

expression: r.opcodes[0].code == 255
" />
    </testcase>
    <testcase time="0.00000000" name="tswitch_manual_enum_invalid_else">
      <failure message="/tests/spec/nim/tswitch_manual_enum_invalid_else.nim(10, 26) Error: type mismatch: got &amp;lt;SwitchManualEnumInvalidElse_Opcode_CodeEnum, int literal(255)&amp;gt;
but expected one of:
proc `==`[Enum: enum](x, y: Enum): bool
  first type mismatch at position: 2
  required type for y: Enum: enum
  but expression &amp;apos;255&amp;apos; is of type: int literal(255)
proc `==`[T: tuple | object](x, y: T): bool
  first type mismatch at position: 2
  required type for y: T: tuple or object
  but expression &amp;apos;255&amp;apos; is of type: int literal(255)
proc `==`[T](a, b: Option[T]): bool
  first type mismatch at position: 2
  required type for b: Option[==.T]
  but expression &amp;apos;255&amp;apos; is of type: int literal(255)
29 other mismatching symbols have been suppressed; compile with --showAllMismatches:on to see them

expression: r.opcodes[0].code == 255
" />
    </testcase>
    <testcase time="0.00124717" name="tswitch_manual_int" />
    <testcase time="0.00123262" name="tswitch_manual_int_else" />
    <testcase time="0.00000000" name="tswitch_manual_int_size">
      <failure message="/tests/spec/nim/tswitch_manual_int_size.nim(7, 28) template/generic instantiation of `fromFile` from here
/tests/compiled/nim/switch_manual_int_size.nim(44, 22) template/generic instantiation of `read` from here
/tests/compiled/nim/switch_manual_int_size.nim(39, 41) template/generic instantiation of `read` from here
/tests/compiled/nim/switch_manual_int_size.nim(74, 19) Error: type mismatch: got &amp;apos;seq[byte]&amp;apos; for &amp;apos;bodyExpr&amp;apos; but expected &amp;apos;KaitaiStruct = ref KaitaiStruct:ObjectType&amp;apos;
" />
    </testcase>
    <testcase time="0.00133562" name="tswitch_manual_int_size_else" />
    <testcase time="0.00000000" name="tswitch_manual_int_size_eos">
      <failure message="/tests/spec/nim/tswitch_manual_int_size_eos.nim(7, 31) template/generic instantiation of `fromFile` from here
/tests/compiled/nim/switch_manual_int_size_eos.nim(49, 25) template/generic instantiation of `read` from here
/tests/compiled/nim/switch_manual_int_size_eos.nim(44, 44) template/generic instantiation of `read` from here
/tests/compiled/nim/switch_manual_int_size_eos.nim(66, 50) template/generic instantiation of `read` from here
/tests/compiled/nim/switch_manual_int_size_eos.nim(96, 19) Error: type mismatch: got &amp;apos;seq[byte]&amp;apos; for &amp;apos;bodyExpr&amp;apos; but expected &amp;apos;KaitaiStruct = ref KaitaiStruct:ObjectType&amp;apos;
" />
    </testcase>
    <testcase time="0.00128436" name="tswitch_manual_str" />
    <testcase time="0.00133491" name="tswitch_manual_str_else" />
    <testcase time="0.00124002" name="tswitch_multi_bool_ops" />
    <testcase time="0.00000000" name="tswitch_repeat_expr">
      <failure message="/tests/spec/nim/tswitch_repeat_expr.nim(7, 25) template/generic instantiation of `fromFile` from here
/tests/compiled/nim/switch_repeat_expr.nim(59, 19) template/generic instantiation of `read` from here
/tests/compiled/nim/switch_repeat_expr.nim(56, 18) Error: type mismatch: got &amp;lt;seq[KaitaiStruct], seq[byte]&amp;gt;
but expected one of:
proc add[T](x: var seq[T]; y: openArray[T])
  first type mismatch at position: 2
  required type for y: openArray[T]
  but expression &amp;apos;it&amp;apos; is of type: seq[byte]
proc add[T](x: var seq[T]; y: sink T)
  first type mismatch at position: 2
  required type for y: sink T
  but expression &amp;apos;it&amp;apos; is of type: seq[byte]
3 other mismatching symbols have been suppressed; compile with --showAllMismatches:on to see them

expression: add(result.body, it)
" />
    </testcase>
    <testcase time="0.00000000" name="tswitch_repeat_expr_invalid">
      <failure message="/tests/spec/nim/tswitch_repeat_expr_invalid.nim(7, 32) template/generic instantiation of `fromFile` from here
/tests/compiled/nim/switch_repeat_expr_invalid.nim(53, 26) template/generic instantiation of `read` from here
/tests/compiled/nim/switch_repeat_expr_invalid.nim(50, 18) Error: type mismatch: got &amp;lt;seq[KaitaiStruct], seq[byte]&amp;gt;
but expected one of:
proc add[T](x: var seq[T]; y: openArray[T])
  first type mismatch at position: 2
  required type for y: openArray[T]
  but expression &amp;apos;it&amp;apos; is of type: seq[byte]
proc add[T](x: var seq[T]; y: sink T)
  first type mismatch at position: 2
  required type for y: sink T
  but expression &amp;apos;it&amp;apos; is of type: seq[byte]
3 other mismatching symbols have been suppressed; compile with --showAllMismatches:on to see them

expression: add(result.body, it)
" />
    </testcase>
    <testcase time="0.00130749" name="tterm_bytes" />
    <testcase time="0.00136852" name="tterm_strz" />
    <testcase time="0.00129962" name="tterm_strz_utf16_v1" />
    <testcase time="0.00143003" name="tterm_strz_utf16_v2" />
    <testcase time="0.00150561" name="tterm_strz_utf16_v3" />
    <testcase time="0.00128555" name="tterm_strz_utf16_v4" />
    <testcase time="0.00119925" name="tterm_u1_val" />
    <testcase time="0.00126195" name="tts_packet_header" />
    <testcase time="0.00130272" name="ttype_int_unary_op" />
    <testcase time="0.00125074" name="ttype_ternary" />
    <testcase time="0.00123549" name="ttype_ternary_2nd_falsy" />
    <testcase time="0.00134897" name="ttype_ternary_opaque" />
    <testcase time="0.00123715" name="tuser_type" />
    <testcase time="0.00138140" name="tvalid_eq_str_encodings" />
    <testcase time="0.00128627" name="tvalid_long" />
    <testcase time="0.00131035" name="tvalid_not_parsed_if" />
    <testcase time="0.00000000" name="tvalid_optional_id">
      <failure message="/tests/spec/nim/tvalid_optional_id.nim(4, 26) Error: cannot open file: ../../compiled/nim/valid_optional_id
" />
    </testcase>
    <testcase time="0.00159955" name="tvalid_short" />
    <testcase time="0.00119925" name="tvalid_switch" />
    <testcase time="0.00000000" name="tyaml_ints">
      <failure message="/tests/compiled/nim/yaml_ints.nim(51, 30) Error: 18446744073709551615 can&amp;apos;t be converted to int
" />
    </testcase>
    <testcase time="0.00000000" name="tzlib_surrounded">
      <failure message="/tests/spec/nim/tzlib_surrounded.nim(7, 23) template/generic instantiation of `fromFile` from here
/tests/compiled/nim/zlib_surrounded.nim(41, 17) template/generic instantiation of `read` from here
/tests/compiled/nim/zlib_surrounded.nim(32, 36) Error: attempting to call undeclared routine: &amp;apos;processZlib&amp;apos;
" />
    </testcase>
    <testcase time="0.00000000" name="tzlib_with_header_78">
      <failure message="/tests/spec/nim/tzlib_with_header_78.nim(7, 25) template/generic instantiation of `fromFile` from here
/tests/compiled/nim/zlib_with_header_78.nim(27, 19) template/generic instantiation of `read` from here
/tests/compiled/nim/zlib_with_header_78.nim(23, 30) Error: attempting to call undeclared routine: &amp;apos;processZlib&amp;apos;
" />
    </testcase>
  </testsuite>
</testsuites>