<testsuites><testsuite tests="165" failures="14" errors="27" name="tests">
    <testcase time="0.001910209655761719" name="tbcd_user_type_be" />
    <testcase time="0.001466274261474609" name="tbcd_user_type_le" />
    <testcase time="0.001531124114990234" name="tbits_byte_aligned" />
    <testcase time="0.001601457595825195" name="tbits_enum" />
    <testcase time="0.001515865325927734" name="tbits_simple" />
    <testcase time="0.001681089401245117" name="tbuffered_struct" />
    <testcase time="0.001540660858154297" name="tbytes_pad_term" />
    <testcase time="0.001726627349853516" name="tcast_nested" />
    <testcase time="0.001395702362060547" name="tcast_to_imported" />
    <testcase time="0.001590251922607422" name="tcast_to_top" />
    <testcase time="0.001392602920532227" name="tcombine_bool" />
    <testcase time="0.00151371955871582" name="tcombine_bytes" />
    <testcase time="0.001552581787109375" name="tcombine_str" />
    <testcase time="0.001477479934692383" name="tdebug_switch_user" />
    <testcase time="0.001535415649414062" name="tdefault_big_endian" />
    <testcase time="0.001498699188232422" name="tdefault_endian_expr_inherited" />
    <testcase time="0.001537084579467773" name="tdefault_endian_expr_is_be" />
    <testcase time="0.001476049423217773" name="tdefault_endian_expr_is_le" />
    <testcase time="0.001509428024291992" name="tdefault_endian_mod" />
    <testcase time="0.001646757125854492" name="tdocstrings" />
    <testcase time="0.001448631286621094" name="tdocstrings_docref" />
    <testcase time="0.001443386077880859" name="tdocstrings_docref_multi" />
    <testcase time="0.001396656036376953" name="tenum_0" />
    <testcase time="0.001532793045043945" name="tenum_1" />
    <testcase time="0.001421689987182617" name="tenum_deep" />
    <testcase time="0.001434087753295898" name="tenum_deep_literals" />
    <testcase time="0.001588582992553711" name="tenum_fancy" />
    <testcase time="0.001631259918212891" name="tenum_if" />
    <testcase time="0.001491069793701172" name="tenum_import" />
    <testcase time="0.001449823379516602" name="tenum_int_range_s" />
    <testcase time="0.001509189605712891" name="tenum_int_range_u" />
    <testcase time="0.001449108123779297" name="tenum_invalid" />
    <testcase time="0.001490592956542969" name="tenum_long_range_s" />
    <testcase time="0.001417398452758789" name="tenum_long_range_u" />
    <testcase time="0.001456737518310547" name="tenum_negative" />
    <testcase time="0.001394987106323242" name="tenum_of_value_inst" />
    <testcase time="0.001628398895263672" name="tenum_to_i" />
    <testcase time="0.00000000" name="tenum_to_i_class_border_1"><format_build_failed /></testcase>
    <testcase time="0.001474618911743164" name="texpr_0" />
    <testcase time="0.001474142074584961" name="texpr_1" />
    <testcase time="0.001648664474487305" name="texpr_2" />
    <testcase time="0.001795053482055664" name="texpr_3" />
    <testcase time="0.001551151275634766" name="texpr_array" />
    <testcase time="0.001471042633056641" name="texpr_bits" />
    <testcase time="0.00146794319152832" name="texpr_bytes_cmp" />
    <testcase time="0.00000000" name="texpr_bytes_literal"><format_build_failed /></testcase>
    <testcase time="0.001540184020996094" name="texpr_bytes_ops" />
    <testcase time="0.001441717147827148" name="texpr_calc_array_ops" />
    <testcase time="0.001320362091064453" name="texpr_enum" />
    <testcase time="0.001462459564208984" name="texpr_io_eof" />
    <testcase time="0.001563549041748047" name="texpr_io_pos" />
    <testcase time="0.001441717147827148" name="texpr_mod" />
    <testcase time="0.001466274261474609" name="texpr_ops_parens" />
    <testcase time="0.001465082168579102" name="texpr_sizeof_type_0" />
    <testcase time="0.001544475555419922" name="texpr_sizeof_type_1" />
    <testcase time="0.001468896865844727" name="texpr_sizeof_value_0" />
    <testcase time="0.001570701599121094" name="texpr_sizeof_value_sized" />
    <testcase time="0.001527547836303711" name="texpr_str_ops" />
    <testcase time="0.001588106155395508" name="tfixed_contents" />
    <testcase time="0.001461505889892578" name="tfixed_struct" />
    <testcase time="0.001464605331420898" name="tfloat_to_i" />
    <testcase time="0.001464366912841797" name="tfloating_points" />
    <testcase time="0.001592874526977539" name="thello_world" />
    <testcase time="0.001460790634155273" name="tif_instances" />
    <testcase time="0.001594305038452148" name="tif_struct" />
    <testcase time="0.001396894454956055" name="tif_values" />
    <testcase time="0.001465797424316406" name="timports0" />
    <testcase time="0.00000000" name="timports_abs"><format_build_failed /></testcase>
    <testcase time="0.001456975936889648" name="tindex_sizes" />
    <testcase time="0.001679182052612305" name="tindex_to_param_eos"><failed /></testcase>
    <testcase time="0.001549959182739258" name="tindex_to_param_expr"><failed /></testcase>
    <testcase time="0.001581430435180664" name="tindex_to_param_until"><failed /></testcase>
    <testcase time="0.00174713134765625" name="tinstance_io_user" />
    <testcase time="0.001526832580566406" name="tinstance_std" />
    <testcase time="0.00157618522644043" name="tinstance_std_array" />
    <testcase time="0.00000000" name="tinstance_user_array"><format_build_failed /></testcase>
    <testcase time="0.001457929611206055" name="tintegers" />
    <testcase time="0.001515626907348633" name="tintegers_min_max" />
    <testcase time="0.00000000" name="tio_local_var"><format_build_failed /></testcase>
    <testcase time="0.001369476318359375" name="tjs_signed_right_shift" />
    <testcase time="0.001477956771850586" name="tmeta_tags" />
    <testcase time="0.001386404037475586" name="tmeta_xref" />
    <testcase time="0.00146484375" name="tmultiple_use" />
    <testcase time="0.001557350158691406" name="tnav_parent" />
    <testcase time="0.001543283462524414" name="tnav_parent2" />
    <testcase time="0.001627683639526367" name="tnav_parent3" />
    <testcase time="0.001558780670166016" name="tnav_parent_false" />
    <testcase time="0.001439571380615234" name="tnav_parent_false2" />
    <testcase time="0.001450061798095703" name="tnav_parent_override" />
    <testcase time="0.00143885612487793" name="tnav_parent_switch" />
    <testcase time="0.00000000" name="tnav_parent_switch_cast"><format_build_failed /></testcase>
    <testcase time="0.001698017120361328" name="tnav_parent_vs_value_inst" />
    <testcase time="0.001482725143432617" name="tnav_root" />
    <testcase time="0.001587629318237305" name="tnested_same_name" />
    <testcase time="0.001560688018798828" name="tnested_same_name2" />
    <testcase time="0.001686573028564453" name="tnested_type_param"><failed /></testcase>
    <testcase time="0.001421689987182617" name="tnested_types" />
    <testcase time="0.001499414443969727" name="tnested_types2" />
    <testcase time="0.001518487930297852" name="tnested_types3" />
    <testcase time="0.001426458358764648" name="tnon_standard" />
    <testcase time="0.001528501510620117" name="tparams_call_extra_parens"><failed /></testcase>
    <testcase time="0.00157475471496582" name="tparams_call_short"><failed /></testcase>
    <testcase time="0.00151371955871582" name="tparams_enum"><failed /></testcase>
    <testcase time="0.00150609016418457" name="tparams_pass_array_int"><failed /></testcase>
    <testcase time="0.001535415649414062" name="tparams_pass_array_str"><failed /></testcase>
    <testcase time="0.001387357711791992" name="tparams_pass_array_struct"><failed /></testcase>
    <testcase time="0.001438140869140625" name="tparams_pass_array_usertype"><failed /></testcase>
    <testcase time="0.001453876495361328" name="tparams_pass_struct"><failed /></testcase>
    <testcase time="0.001553773880004883" name="tparams_pass_usertype"><failed /></testcase>
    <testcase time="0.001397609710693359" name="tposition_abs" />
    <testcase time="0.001528024673461914" name="tposition_in_seq" />
    <testcase time="0.001490592956542969" name="tposition_to_end" />
    <testcase time="0.00000000" name="tprocess_coerce_bytes"><format_build_failed /></testcase>
    <testcase time="0.00000000" name="tprocess_coerce_switch"><format_build_failed /></testcase>
    <testcase time="0.00000000" name="tprocess_coerce_usertype1"><format_build_failed /></testcase>
    <testcase time="0.00000000" name="tprocess_coerce_usertype2"><format_build_failed /></testcase>
    <testcase time="0.00000000" name="tprocess_custom"><format_build_failed /></testcase>
    <testcase time="0.00000000" name="tprocess_custom_no_args"><format_build_failed /></testcase>
    <testcase time="0.00000000" name="tprocess_repeat_bytes"><format_build_failed /></testcase>
    <testcase time="0.00000000" name="tprocess_repeat_usertype"><format_build_failed /></testcase>
    <testcase time="0.00000000" name="tprocess_rotate"><format_build_failed /></testcase>
    <testcase time="0.00000000" name="tprocess_to_user"><format_build_failed /></testcase>
    <testcase time="0.00000000" name="tprocess_xor4_const"><format_build_failed /></testcase>
    <testcase time="0.00000000" name="tprocess_xor4_value"><format_build_failed /></testcase>
    <testcase time="0.00000000" name="tprocess_xor_const"><format_build_failed /></testcase>
    <testcase time="0.00000000" name="tprocess_xor_value"><format_build_failed /></testcase>
    <testcase time="0.00173497200012207" name="trecursive_one" />
    <testcase time="0.001794815063476562" name="trepeat_eos_bit"><failed /></testcase>
    <testcase time="0.001405715942382812" name="trepeat_eos_struct" />
    <testcase time="0.001452445983886719" name="trepeat_eos_u4" />
    <testcase time="0.001486778259277344" name="trepeat_n_struct" />
    <testcase time="0.001585006713867188" name="trepeat_n_strz" />
    <testcase time="0.00157928466796875" name="trepeat_n_strz_double" />
    <testcase time="0.00000000" name="trepeat_until_complex"><format_build_failed /></testcase>
    <testcase time="0.00000000" name="trepeat_until_s4"><format_build_failed /></testcase>
    <testcase time="0.00000000" name="trepeat_until_sized"><format_build_failed /></testcase>
    <testcase time="0.007021903991699219" name="tstr_encodings" />
    <testcase time="0.001610994338989258" name="tstr_encodings_default" />
    <testcase time="0.001536130905151367" name="tstr_eos" />
    <testcase time="0.00142359733581543" name="tstr_literals2" />
    <testcase time="0.001673221588134766" name="tstr_pad_term" />
    <testcase time="0.001472234725952148" name="tstr_pad_term_empty" />
    <testcase time="0.001653432846069336" name="tswitch_bytearray" />
    <testcase time="0.001580715179443359" name="tswitch_else_only" />
    <testcase time="0.001459836959838867" name="tswitch_integers" />
    <testcase time="0.00000000" name="tswitch_integers2"><format_build_failed /></testcase>
    <testcase time="0.001528263092041016" name="tswitch_manual_enum" />
    <testcase time="0.001598596572875977" name="tswitch_manual_enum_invalid" />
    <testcase time="0.00151371955871582" name="tswitch_manual_enum_invalid_else" />
    <testcase time="0.001588582992553711" name="tswitch_manual_int" />
    <testcase time="0.001555204391479492" name="tswitch_manual_int_else" />
    <testcase time="0.00166773796081543" name="tswitch_manual_str" />
    <testcase time="0.001611471176147461" name="tswitch_manual_str_else" />
    <testcase time="0.001433134078979492" name="tterm_bytes" />
    <testcase time="0.001461267471313477" name="tterm_strz" />
    <testcase time="0.001537084579467773" name="tts_packet_header" />
    <testcase time="0.001602411270141602" name="ttype_int_unary_op" />
    <testcase time="0.00000000" name="ttype_ternary"><format_build_failed /></testcase>
    <testcase time="0.001518011093139648" name="tuser_type" />
    <testcase time="0.001405715942382812" name="tvalid_long" />
    <testcase time="0.001626491546630859" name="tvalid_not_parsed_if" />
    <testcase time="0.001577615737915039" name="tvalid_short" />
    <testcase time="0.001471281051635742" name="tvalid_switch" />
    <testcase time="0.00000000" name="tzlib_surrounded"><format_build_failed /></testcase>
    <testcase time="0.00000000" name="tzlib_with_header_78"><format_build_failed /></testcase>
  </testsuite></testsuites>