Scanning dependencies of target ks_tests
[  0%] Building CXX object CMakeFiles/ks_tests.dir/home/travis/build/kaitai-io/ci_targets/runtime/cpp_stl/kaitai/kaitaistream.cpp.o
[  0%] Building CXX object CMakeFiles/ks_tests.dir/prereq/my_custom_fx.cpp.o
[  1%] Building CXX object CMakeFiles/ks_tests.dir/prereq/custom_fx.cpp.o
[  1%] Building CXX object CMakeFiles/ks_tests.dir/test_valid_fail_max_int.cpp.o
[  1%] Building CXX object CMakeFiles/ks_tests.dir/test_valid_fail_eq_bytes.cpp.o
[  1%] Building CXX object CMakeFiles/ks_tests.dir/test_imports_circular_a.cpp.o
[  2%] Building CXX object CMakeFiles/ks_tests.dir/test_cast_nested.cpp.o
[  2%] Building CXX object CMakeFiles/ks_tests.dir/test_enum_long_range_s.cpp.o
[  3%] Building CXX object CMakeFiles/ks_tests.dir/test_imports_rel_1.cpp.o
[  3%] Building CXX object CMakeFiles/ks_tests.dir/test_process_coerce_usertype1.cpp.o
In file included from /home/travis/build/kaitai-io/ci_targets/tests/spec/cpp_stl_11/test_enum_long_range_s.cpp:4:0:
/home/travis/build/kaitai-io/ci_targets/tests/compiled/cpp_stl_11/enum_long_range_s.h:18:31: warning: integer constant is so large that it is unsigned [enabled by default]
         CONSTANTS_LONG_MIN = -9223372036854775808,
                               ^
/home/travis/build/kaitai-io/ci_targets/tests/spec/cpp_stl_11/test_cast_nested.cpp:4:25: fatal error: cast_nested.h: No such file or directory
 #include <cast_nested.h>
                         ^
compilation terminated.
[  3%] Building CXX object CMakeFiles/ks_tests.dir/test_expr_sizeof_type_1.cpp.o
/home/travis/build/kaitai-io/ci_targets/tests/spec/cpp_stl_11/test_process_coerce_usertype1.cpp:4:38: fatal error: process_coerce_usertype1.h: No such file or directory
 #include <process_coerce_usertype1.h>
                                      ^
compilation terminated.
[  4%] Building CXX object CMakeFiles/ks_tests.dir/test_opaque_external_type.cpp.o
[  4%] Building CXX object CMakeFiles/ks_tests.dir/test_docstrings_docref.cpp.o
[  4%] Building CXX object CMakeFiles/ks_tests.dir/test_non_standard.cpp.o
[  5%] Building CXX object CMakeFiles/ks_tests.dir/test_default_endian_expr_exception.cpp.o
[  5%] Building CXX object CMakeFiles/ks_tests.dir/test_process_repeat_bytes.cpp.o
/home/travis/build/kaitai-io/ci_targets/tests/spec/cpp_stl_11/test_default_endian_expr_exception.cpp:4:43: fatal error: default_endian_expr_exception.h: No such file or directory
 #include <default_endian_expr_exception.h>
                                           ^
compilation terminated.
[  5%] Building CXX object CMakeFiles/ks_tests.dir/test_bcd_user_type_be.cpp.o
make[2]: *** [CMakeFiles/ks_tests.dir/test_cast_nested.cpp.o] Error 1
[  6%] Building CXX object CMakeFiles/ks_tests.dir/test_params_def.cpp.o
make[2]: *** [CMakeFiles/ks_tests.dir/test_process_coerce_usertype1.cpp.o] Error 1
[  6%] Building CXX object CMakeFiles/ks_tests.dir/test_nav_parent2.cpp.o
/home/travis/build/kaitai-io/ci_targets/tests/spec/cpp_stl_11/test_bcd_user_type_be.cpp:4:30: fatal error: bcd_user_type_be.h: No such file or directory
 #include <bcd_user_type_be.h>
                              ^
[  6%] Building CXX object CMakeFiles/ks_tests.dir/test_enum_negative.cpp.o
compilation terminated.
[  7%] Building CXX object CMakeFiles/ks_tests.dir/test_nav_root.cpp.o
[  7%] Building CXX object CMakeFiles/ks_tests.dir/test_bits_byte_aligned.cpp.o
[  7%] Building CXX object CMakeFiles/ks_tests.dir/test_buffered_struct.cpp.o
/home/travis/build/kaitai-io/ci_targets/tests/spec/cpp_stl_11/test_nav_parent2.cpp:4:25: fatal error: nav_parent2.h: No such file or directory
 #include <nav_parent2.h>
                         ^
compilation terminated.
/home/travis/build/kaitai-io/ci_targets/tests/spec/cpp_stl_11/test_nav_root.cpp:4:22: fatal error: nav_root.h: No such file or directory
 #include <nav_root.h>
                      ^
compilation terminated.
/home/travis/build/kaitai-io/ci_targets/tests/spec/cpp_stl_11/test_buffered_struct.cpp:4:29: fatal error: buffered_struct.h: No such file or directory
 #include <buffered_struct.h>
                             ^
compilation terminated.
make[2]: *** [CMakeFiles/ks_tests.dir/test_default_endian_expr_exception.cpp.o] Error 1
[  8%] Building CXX object CMakeFiles/ks_tests.dir/test_repeat_until_complex.cpp.o
[  8%] Building CXX object CMakeFiles/ks_tests.dir/test_enum_import.cpp.o
[  8%] Building CXX object CMakeFiles/ks_tests.dir/test_index_to_param_eos.cpp.o
[  9%] Building CXX object CMakeFiles/ks_tests.dir/test_hello_world.cpp.o
/home/travis/build/kaitai-io/ci_targets/tests/spec/cpp_stl_11/test_repeat_until_complex.cpp:4:34: fatal error: repeat_until_complex.h: No such file or directory
 #include <repeat_until_complex.h>
                                  ^
compilation terminated.
make[2]: *** [CMakeFiles/ks_tests.dir/test_bcd_user_type_be.cpp.o] Error 1
[  9%] Building CXX object CMakeFiles/ks_tests.dir/test_fixed_struct.cpp.o
/home/travis/build/kaitai-io/ci_targets/tests/spec/cpp_stl_11/test_index_to_param_eos.cpp:4:32: fatal error: index_to_param_eos.h: No such file or directory
 #include <index_to_param_eos.h>
                                ^
compilation terminated.
make[2]: *** [CMakeFiles/ks_tests.dir/test_nav_parent2.cpp.o] Error 1
[  9%] Building CXX object CMakeFiles/ks_tests.dir/test_type_ternary_opaque.cpp.o
In file included from /home/travis/build/kaitai-io/ci_targets/tests/spec/cpp_stl_11/test_enum_import.cpp:4:0:
/home/travis/build/kaitai-io/ci_targets/tests/compiled/cpp_stl_11/enum_import.h:26:5: error: ‘enum_0_t’ does not name a type
     enum_0_t::animal_t m_pet_1;
     ^
/home/travis/build/kaitai-io/ci_targets/tests/compiled/cpp_stl_11/enum_import.h:27:5: error: ‘enum_deep_t’ does not name a type
     enum_deep_t::container1_t::container2_t::animal_t m_pet_2;
     ^
/home/travis/build/kaitai-io/ci_targets/tests/compiled/cpp_stl_11/enum_import.h:32:5: error: ‘enum_0_t’ does not name a type
     enum_0_t::animal_t pet_1() const { return m_pet_1; }
     ^
/home/travis/build/kaitai-io/ci_targets/tests/compiled/cpp_stl_11/enum_import.h:33:5: error: ‘enum_deep_t’ does not name a type
     enum_deep_t::container1_t::container2_t::animal_t pet_2() const { return m_pet_2; }
     ^
In file included from /usr/include/boost/test/unit_test.hpp:19:0,
                 from /home/travis/build/kaitai-io/ci_targets/tests/spec/cpp_stl_11/test_enum_import.cpp:3:
/home/travis/build/kaitai-io/ci_targets/tests/spec/cpp_stl_11/test_enum_import.cpp: In member function ‘void test_enum_import::test_method()’:
/home/travis/build/kaitai-io/ci_targets/tests/spec/cpp_stl_11/test_enum_import.cpp:17:26: error: ‘class enum_import_t’ has no member named ‘pet_1’
     BOOST_CHECK_EQUAL(r->pet_1(), enum_0_t::ANIMAL_CAT);
                          ^
/home/travis/build/kaitai-io/ci_targets/tests/spec/cpp_stl_11/test_enum_import.cpp:18:26: error: ‘class enum_import_t’ has no member named ‘pet_2’
     BOOST_CHECK_EQUAL(r->pet_2(), enum_deep_t::container1_t::container2_t::ANIMAL_HARE);
                          ^
make[2]: *** [CMakeFiles/ks_tests.dir/test_enum_import.cpp.o] Error 1
[ 10%] Building CXX object CMakeFiles/ks_tests.dir/test_expr_enum.cpp.o
/home/travis/build/kaitai-io/ci_targets/tests/spec/cpp_stl_11/test_fixed_struct.cpp:3:26: fatal error: fixed_struct.h: No such file or directory
 #include <fixed_struct.h>
                          ^
compilation terminated.
make[2]: *** [CMakeFiles/ks_tests.dir/test_nav_root.cpp.o] Error 1
[ 10%] Building CXX object CMakeFiles/ks_tests.dir/test_expr_1.cpp.o
make[2]: *** [CMakeFiles/ks_tests.dir/test_buffered_struct.cpp.o] Error 1
[ 10%] Building CXX object CMakeFiles/ks_tests.dir/test_expr_io_eof.cpp.o
[ 11%] Building CXX object CMakeFiles/ks_tests.dir/test_process_coerce_usertype2.cpp.o
/home/travis/build/kaitai-io/ci_targets/tests/spec/cpp_stl_11/test_expr_io_eof.cpp:3:25: fatal error: expr_io_eof.h: No such file or directory
 #include <expr_io_eof.h>
                         ^
compilation terminated.
make[2]: *** [CMakeFiles/ks_tests.dir/test_repeat_until_complex.cpp.o] Error 1
[ 11%] Building CXX object CMakeFiles/ks_tests.dir/test_index_to_param_until.cpp.o
/home/travis/build/kaitai-io/ci_targets/tests/spec/cpp_stl_11/test_process_coerce_usertype2.cpp:4:38: fatal error: process_coerce_usertype2.h: No such file or directory
 #include <process_coerce_usertype2.h>
                                      ^
compilation terminated.
[ 11%] Building CXX object CMakeFiles/ks_tests.dir/test_nav_parent_override.cpp.o
[ 12%] Building CXX object CMakeFiles/ks_tests.dir/test_if_instances.cpp.o
make[2]: *** [CMakeFiles/ks_tests.dir/test_index_to_param_eos.cpp.o] Error 1
[ 12%] Building CXX object CMakeFiles/ks_tests.dir/test_nav_parent_false2.cpp.o
[ 13%] Building CXX object CMakeFiles/ks_tests.dir/test_default_endian_expr_is_be.cpp.o
/home/travis/build/kaitai-io/ci_targets/tests/spec/cpp_stl_11/test_index_to_param_until.cpp:4:34: fatal error: index_to_param_until.h: No such file or directory
 #include <index_to_param_until.h>
                                  ^
compilation terminated.
/home/travis/build/kaitai-io/ci_targets/tests/spec/cpp_stl_11/test_nav_parent_override.cpp:4:33: fatal error: nav_parent_override.h: No such file or directory
 #include <nav_parent_override.h>
                                 ^
compilation terminated.
make[2]: *** [CMakeFiles/ks_tests.dir/test_fixed_struct.cpp.o] Error 1
[ 13%] Building CXX object CMakeFiles/ks_tests.dir/test_process_custom.cpp.o
/home/travis/build/kaitai-io/ci_targets/tests/spec/cpp_stl_11/test_default_endian_expr_is_be.cpp:4:39: fatal error: default_endian_expr_is_be.h: No such file or directory
 #include <default_endian_expr_is_be.h>
                                       ^
compilation terminated.
make[2]: *** [CMakeFiles/ks_tests.dir/test_expr_io_eof.cpp.o] Error 1
[ 13%] Building CXX object CMakeFiles/ks_tests.dir/test_expr_bytes_cmp.cpp.o
[ 14%] Building CXX object CMakeFiles/ks_tests.dir/test_type_ternary.cpp.o
[ 14%] Building CXX object CMakeFiles/ks_tests.dir/test_repeat_until_sized.cpp.o
make[2]: *** [CMakeFiles/ks_tests.dir/test_process_coerce_usertype2.cpp.o] Error 1
[ 14%] Building CXX object CMakeFiles/ks_tests.dir/test_eof_exception_u4.cpp.o
[ 15%] Building CXX object CMakeFiles/ks_tests.dir/test_expr_3.cpp.o
/home/travis/build/kaitai-io/ci_targets/tests/spec/cpp_stl_11/test_type_ternary.cpp:4:26: fatal error: type_ternary.h: No such file or directory
 #include <type_ternary.h>
                          ^
compilation terminated.
/home/travis/build/kaitai-io/ci_targets/tests/spec/cpp_stl_11/test_repeat_until_sized.cpp:4:32: fatal error: repeat_until_sized.h: No such file or directory
 #include <repeat_until_sized.h>
                                ^
compilation terminated.
make[2]: *** [CMakeFiles/ks_tests.dir/test_index_to_param_until.cpp.o] Error 1
[ 15%] Building CXX object CMakeFiles/ks_tests.dir/test_process_rotate.cpp.o
make[2]: *** [CMakeFiles/ks_tests.dir/test_nav_parent_override.cpp.o] Error 1
[ 15%] Building CXX object CMakeFiles/ks_tests.dir/test_enum_1.cpp.o
make[2]: *** [CMakeFiles/ks_tests.dir/test_default_endian_expr_is_be.cpp.o] Error 1
[ 16%] Building CXX object CMakeFiles/ks_tests.dir/test_enum_to_i_class_border_1.cpp.o
[ 16%] Building CXX object CMakeFiles/ks_tests.dir/test_expr_2.cpp.o
/home/travis/build/kaitai-io/ci_targets/tests/spec/cpp_stl_11/test_enum_1.cpp:4:20: fatal error: enum_1.h: No such file or directory
 #include <enum_1.h>
                    ^
compilation terminated.
[ 16%] Building CXX object CMakeFiles/ks_tests.dir/test_switch_manual_str_else.cpp.o
[ 17%] Building CXX object CMakeFiles/ks_tests.dir/test_enum_int_range_s.cpp.o
/home/travis/build/kaitai-io/ci_targets/tests/spec/cpp_stl_11/test_expr_2.cpp:4:20: fatal error: expr_2.h: No such file or directory
 #include <expr_2.h>
                    ^
compilation terminated.
[ 17%] Building CXX object CMakeFiles/ks_tests.dir/test_nested_same_name.cpp.o
/home/travis/build/kaitai-io/ci_targets/tests/spec/cpp_stl_11/test_switch_manual_str_else.cpp:4:36: fatal error: switch_manual_str_else.h: No such file or directory
 #include <switch_manual_str_else.h>
                                    ^
compilation terminated.
make[2]: *** [CMakeFiles/ks_tests.dir/test_type_ternary.cpp.o] Error 1
[ 17%] Building CXX object CMakeFiles/ks_tests.dir/test_term_bytes.cpp.o
make[2]: *** [CMakeFiles/ks_tests.dir/test_repeat_until_sized.cpp.o] Error 1
[ 18%] Building CXX object CMakeFiles/ks_tests.dir/test_expr_array.cpp.o
[ 18%] Building CXX object CMakeFiles/ks_tests.dir/test_valid_fail_eq_int.cpp.o
/home/travis/build/kaitai-io/ci_targets/tests/spec/cpp_stl_11/test_nested_same_name.cpp:4:30: fatal error: nested_same_name.h: No such file or directory
 #include <nested_same_name.h>
                              ^
compilation terminated.
make[2]: *** [CMakeFiles/ks_tests.dir/test_enum_1.cpp.o] Error 1
[ 18%] Building CXX object CMakeFiles/ks_tests.dir/test_bytes_pad_term.cpp.o
[ 19%] Building CXX object CMakeFiles/ks_tests.dir/test_nested_types.cpp.o
[ 19%] Building CXX object CMakeFiles/ks_tests.dir/test_enum_invalid.cpp.o
make[2]: *** [CMakeFiles/ks_tests.dir/test_expr_2.cpp.o] Error 1
[ 19%] Building CXX object CMakeFiles/ks_tests.dir/test_debug_array_user.cpp.o
[ 20%] Building CXX object CMakeFiles/ks_tests.dir/test_nav_parent_vs_value_inst.cpp.o
/home/travis/build/kaitai-io/ci_targets/tests/spec/cpp_stl_11/test_nested_types.cpp:4:26: fatal error: nested_types.h: No such file or directory
 #include <nested_types.h>
                          ^
compilation terminated.
make[2]: *** [CMakeFiles/ks_tests.dir/test_switch_manual_str_else.cpp.o] Error 1
[ 20%] Building CXX object CMakeFiles/ks_tests.dir/test_docstrings_docref_multi.cpp.o
[ 20%] Building CXX object CMakeFiles/ks_tests.dir/test_opaque_external_type_02_parent.cpp.o
/home/travis/build/kaitai-io/ci_targets/tests/spec/cpp_stl_11/test_debug_array_user.cpp:2:30: fatal error: debug_array_user.h: No such file or directory
 #include <debug_array_user.h>
                              ^
compilation terminated.
/home/travis/build/kaitai-io/ci_targets/tests/spec/cpp_stl_11/test_nav_parent_vs_value_inst.cpp:4:38: fatal error: nav_parent_vs_value_inst.h: No such file or directory
 #include <nav_parent_vs_value_inst.h>
                                      ^
compilation terminated.
make[2]: *** [CMakeFiles/ks_tests.dir/test_nested_same_name.cpp.o] Error 1
[ 21%] Building CXX object CMakeFiles/ks_tests.dir/test_imports0.cpp.o
/home/travis/build/kaitai-io/ci_targets/tests/spec/cpp_stl_11/test_opaque_external_type_02_parent.cpp:3:44: fatal error: opaque_external_type_02_parent.h: No such file or directory
 #include <opaque_external_type_02_parent.h>
                                            ^
compilation terminated.
[ 21%] Building CXX object CMakeFiles/ks_tests.dir/test_imports_abs_abs.cpp.o
[ 21%] Building CXX object CMakeFiles/ks_tests.dir/test_enum_for_unknown_id.cpp.o
[ 22%] Building CXX object CMakeFiles/ks_tests.dir/test_expr_bytes_ops.cpp.o
make[2]: *** [CMakeFiles/ks_tests.dir/test_nested_types.cpp.o] Error 1
[ 22%] Building CXX object CMakeFiles/ks_tests.dir/test_instance_std_array.cpp.o
[ 22%] Building CXX object CMakeFiles/ks_tests.dir/test_switch_integers.cpp.o
[ 23%] Building CXX object CMakeFiles/ks_tests.dir/test_str_literals2.cpp.o
make[2]: *** [CMakeFiles/ks_tests.dir/test_debug_array_user.cpp.o] Error 1
[ 23%] Building CXX object CMakeFiles/ks_tests.dir/test_switch_manual_int_size.cpp.o
make[2]: *** [CMakeFiles/ks_tests.dir/test_nav_parent_vs_value_inst.cpp.o] Error 1
[ 23%] Building CXX object CMakeFiles/ks_tests.dir/test_switch_integers2.cpp.o
make[2]: *** [CMakeFiles/ks_tests.dir/test_opaque_external_type_02_parent.cpp.o] Error 1
[ 24%] Building CXX object CMakeFiles/ks_tests.dir/test_params_enum.cpp.o
/home/travis/build/kaitai-io/ci_targets/tests/spec/cpp_stl_11/test_switch_integers.cpp:4:29: fatal error: switch_integers.h: No such file or directory
 #include <switch_integers.h>
                             ^
compilation terminated.
[ 24%] Building CXX object CMakeFiles/ks_tests.dir/test_valid_fail_range_int.cpp.o
[ 25%] Building CXX object CMakeFiles/ks_tests.dir/test_meta_xref.cpp.o
/home/travis/build/kaitai-io/ci_targets/tests/spec/cpp_stl_11/test_switch_manual_int_size.cpp:3:36: fatal error: switch_manual_int_size.h: No such file or directory
 #include <switch_manual_int_size.h>
                                    ^
compilation terminated.
/home/travis/build/kaitai-io/ci_targets/tests/spec/cpp_stl_11/test_params_enum.cpp:4:25: fatal error: params_enum.h: No such file or directory
 #include <params_enum.h>
                         ^
compilation terminated.
[ 25%] Building CXX object CMakeFiles/ks_tests.dir/test_term_strz.cpp.o
[ 25%] Building CXX object CMakeFiles/ks_tests.dir/test_enum_deep.cpp.o
[ 26%] Building CXX object CMakeFiles/ks_tests.dir/test_repeat_n_struct.cpp.o
[ 26%] Building CXX object CMakeFiles/ks_tests.dir/test_nav_parent.cpp.o
[ 26%] Building CXX object CMakeFiles/ks_tests.dir/test_eof_exception_bytes.cpp.o
make[2]: *** [CMakeFiles/ks_tests.dir/test_switch_integers.cpp.o] Error 1
/home/travis/build/kaitai-io/ci_targets/tests/spec/cpp_stl_11/test_repeat_n_struct.cpp:4:29: fatal error: repeat_n_struct.h: No such file or directory
 #include <repeat_n_struct.h>
                             ^
compilation terminated.
[ 27%] Building CXX object CMakeFiles/ks_tests.dir/test_docstrings.cpp.o
/home/travis/build/kaitai-io/ci_targets/tests/spec/cpp_stl_11/test_nav_parent.cpp:4:24: fatal error: nav_parent.h: No such file or directory
 #include <nav_parent.h>
                        ^
compilation terminated.
make[2]: *** [CMakeFiles/ks_tests.dir/test_switch_manual_int_size.cpp.o] Error 1
[ 27%] Building CXX object CMakeFiles/ks_tests.dir/test_valid_fail_contents.cpp.o
[ 27%] Building CXX object CMakeFiles/ks_tests.dir/test_str_literals.cpp.o
make[2]: *** [CMakeFiles/ks_tests.dir/test_params_enum.cpp.o] Error 1
[ 28%] Building CXX object CMakeFiles/ks_tests.dir/test_default_big_endian.cpp.o
[ 28%] Building CXX object CMakeFiles/ks_tests.dir/test_process_xor_const.cpp.o
[ 28%] Building CXX object CMakeFiles/ks_tests.dir/test_yaml_ints.cpp.o
[ 29%] Building CXX object CMakeFiles/ks_tests.dir/test_switch_manual_int.cpp.o
[ 29%] Building CXX object CMakeFiles/ks_tests.dir/test_repeat_until_s4.cpp.o
[ 29%] Building CXX object CMakeFiles/ks_tests.dir/test_position_to_end.cpp.o
make[2]: *** [CMakeFiles/ks_tests.dir/test_repeat_n_struct.cpp.o] Error 1
[ 30%] Building CXX object CMakeFiles/ks_tests.dir/test_switch_cast.cpp.o
[ 30%] Building CXX object CMakeFiles/ks_tests.dir/test_expr_calc_array_ops.cpp.o
[ 30%] Building CXX object CMakeFiles/ks_tests.dir/test_default_endian_mod.cpp.o
/home/travis/build/kaitai-io/ci_targets/tests/spec/cpp_stl_11/test_switch_manual_int.cpp:4:31: fatal error: switch_manual_int.h: No such file or directory
 #include <switch_manual_int.h>
                               ^
compilation terminated.
make[2]: *** [CMakeFiles/ks_tests.dir/test_nav_parent.cpp.o] Error 1
[ 31%] Building CXX object CMakeFiles/ks_tests.dir/test_switch_manual_int_size_eos.cpp.o
/home/travis/build/kaitai-io/ci_targets/tests/spec/cpp_stl_11/test_position_to_end.cpp:4:29: fatal error: position_to_end.h: No such file or directory
 #include <position_to_end.h>
                             ^
compilation terminated.
/home/travis/build/kaitai-io/ci_targets/tests/spec/cpp_stl_11/test_switch_cast.cpp:3:25: fatal error: switch_cast.h: No such file or directory
 #include <switch_cast.h>
                         ^
compilation terminated.
[ 31%] Building CXX object CMakeFiles/ks_tests.dir/test_instance_io_user.cpp.o
/home/travis/build/kaitai-io/ci_targets/tests/spec/cpp_stl_11/test_default_endian_mod.cpp:4:32: fatal error: default_endian_mod.h: No such file or directory
 #include <default_endian_mod.h>
                                ^
compilation terminated.
/home/travis/build/kaitai-io/ci_targets/tests/spec/cpp_stl_11/test_switch_manual_int_size_eos.cpp:3:40: fatal error: switch_manual_int_size_eos.h: No such file or directory
 #include <switch_manual_int_size_eos.h>
                                        ^
compilation terminated.
/home/travis/build/kaitai-io/ci_targets/tests/spec/cpp_stl_11/test_instance_io_user.cpp:4:30: fatal error: instance_io_user.h: No such file or directory
 #include <instance_io_user.h>
                              ^
compilation terminated.
[ 31%] Building CXX object CMakeFiles/ks_tests.dir/test_nav_parent_switch_cast.cpp.o
[ 32%] Building CXX object CMakeFiles/ks_tests.dir/test_repeat_n_strz_double.cpp.o
/home/travis/build/kaitai-io/ci_targets/tests/spec/cpp_stl_11/test_nav_parent_switch_cast.cpp:4:36: fatal error: nav_parent_switch_cast.h: No such file or directory
 #include <nav_parent_switch_cast.h>
                                    ^
compilation terminated.
make[2]: *** [CMakeFiles/ks_tests.dir/test_switch_manual_int.cpp.o] Error 1
[ 32%] Building CXX object CMakeFiles/ks_tests.dir/test_expr_sizeof_value_0.cpp.o
make[2]: *** [CMakeFiles/ks_tests.dir/test_position_to_end.cpp.o] Error 1
[ 32%] Building CXX object CMakeFiles/ks_tests.dir/test_enum_0.cpp.o
make[2]: *** [CMakeFiles/ks_tests.dir/test_switch_cast.cpp.o] Error 1
[ 33%] Building CXX object CMakeFiles/ks_tests.dir/test_valid_fail_min_int.cpp.o
make[2]: *** [CMakeFiles/ks_tests.dir/test_default_endian_mod.cpp.o] Error 1
[ 33%] Building CXX object CMakeFiles/ks_tests.dir/test_optional_id.cpp.o
/home/travis/build/kaitai-io/ci_targets/tests/spec/cpp_stl_11/test_expr_sizeof_value_0.cpp:4:33: fatal error: expr_sizeof_value_0.h: No such file or directory
 #include <expr_sizeof_value_0.h>
                                 ^
compilation terminated.
make[2]: *** [CMakeFiles/ks_tests.dir/test_switch_manual_int_size_eos.cpp.o] Error 1
[ 33%] Building CXX object CMakeFiles/ks_tests.dir/test_expr_io_pos.cpp.o
make[2]: *** [CMakeFiles/ks_tests.dir/test_instance_io_user.cpp.o] Error 1
[ 34%] Building CXX object CMakeFiles/ks_tests.dir/test_expr_sizeof_type_0.cpp.o
[ 34%] Building CXX object CMakeFiles/ks_tests.dir/test_default_endian_expr_is_le.cpp.o
/home/travis/build/kaitai-io/ci_targets/tests/spec/cpp_stl_11/test_expr_io_pos.cpp:4:25: fatal error: expr_io_pos.h: No such file or directory
 #include <expr_io_pos.h>
                         ^
compilation terminated.
/home/travis/build/kaitai-io/ci_targets/tests/spec/cpp_stl_11/test_default_endian_expr_is_le.cpp:4:39: fatal error: default_endian_expr_is_le.h: No such file or directory
 #include <default_endian_expr_is_le.h>
                                       ^
compilation terminated.
[ 34%] Building CXX object CMakeFiles/ks_tests.dir/test_bits_simple.cpp.o
make[2]: *** [CMakeFiles/ks_tests.dir/test_nav_parent_switch_cast.cpp.o] Error 1
[ 35%] Building CXX object CMakeFiles/ks_tests.dir/test_js_signed_right_shift.cpp.o
[ 35%] Building CXX object CMakeFiles/ks_tests.dir/test_process_xor4_const.cpp.o
[ 35%] Building CXX object CMakeFiles/ks_tests.dir/test_nav_parent_false.cpp.o
make[2]: *** [CMakeFiles/ks_tests.dir/test_expr_sizeof_value_0.cpp.o] Error 1
[ 36%] Building CXX object CMakeFiles/ks_tests.dir/test_repeat_eos_struct.cpp.o
[ 36%] Building CXX object CMakeFiles/ks_tests.dir/test_io_local_var.cpp.o
/home/travis/build/kaitai-io/ci_targets/tests/spec/cpp_stl_11/test_nav_parent_false.cpp:4:30: fatal error: nav_parent_false.h: No such file or directory
 #include <nav_parent_false.h>
                              ^
compilation terminated.
/home/travis/build/kaitai-io/ci_targets/tests/spec/cpp_stl_11/test_repeat_eos_struct.cpp:4:31: fatal error: repeat_eos_struct.h: No such file or directory
 #include <repeat_eos_struct.h>
                               ^
compilation terminated.
make[2]: *** [CMakeFiles/ks_tests.dir/test_expr_io_pos.cpp.o] Error 1
/home/travis/build/kaitai-io/ci_targets/tests/spec/cpp_stl_11/test_io_local_var.cpp:4:26: fatal error: io_local_var.h: No such file or directory
 #include <io_local_var.h>
                          ^
compilation terminated.
[ 36%] Building CXX object CMakeFiles/ks_tests.dir/test_nested_types2.cpp.o
[ 37%] Building CXX object CMakeFiles/ks_tests.dir/test_valid_short.cpp.o
[ 37%] Building CXX object CMakeFiles/ks_tests.dir/test_float_to_i.cpp.o
[ 38%] Building CXX object CMakeFiles/ks_tests.dir/test_zlib_with_header_78.cpp.o
make[2]: *** [CMakeFiles/ks_tests.dir/test_default_endian_expr_is_le.cpp.o] Error 1
[ 38%] Building CXX object CMakeFiles/ks_tests.dir/test_if_struct.cpp.o
/home/travis/build/kaitai-io/ci_targets/tests/spec/cpp_stl_11/test_nested_types2.cpp:4:27: fatal error: nested_types2.h: No such file or directory
 #include <nested_types2.h>
                           ^
compilation terminated.
/home/travis/build/kaitai-io/ci_targets/tests/spec/cpp_stl_11/test_if_struct.cpp:4:23: fatal error: if_struct.h: No such file or directory
 #include <if_struct.h>
                       ^
compilation terminated.
make[2]: *** [CMakeFiles/ks_tests.dir/test_nav_parent_false.cpp.o] Error 1
[ 38%] Building CXX object CMakeFiles/ks_tests.dir/test_if_values.cpp.o
[ 39%] Building CXX object CMakeFiles/ks_tests.dir/test_repeat_n_strz.cpp.o
[ 39%] Building CXX object CMakeFiles/ks_tests.dir/test_enum_if.cpp.o
[ 39%] Building CXX object CMakeFiles/ks_tests.dir/test_opaque_with_param.cpp.o
make[2]: *** [CMakeFiles/ks_tests.dir/test_repeat_eos_struct.cpp.o] Error 1
[ 40%] Building CXX object CMakeFiles/ks_tests.dir/test_bits_enum.cpp.o
make[2]: *** [CMakeFiles/ks_tests.dir/test_io_local_var.cpp.o] Error 1
[ 40%] Building CXX object CMakeFiles/ks_tests.dir/test_instance_std.cpp.o
/home/travis/build/kaitai-io/ci_targets/tests/spec/cpp_stl_11/test_if_values.cpp:4:23: fatal error: if_values.h: No such file or directory
 #include <if_values.h>
                       ^
compilation terminated.
/home/travis/build/kaitai-io/ci_targets/tests/spec/cpp_stl_11/test_enum_if.cpp:4:21: fatal error: enum_if.h: No such file or directory
 #include <enum_if.h>
                     ^
compilation terminated.
make[2]: *** [CMakeFiles/ks_tests.dir/test_nested_types2.cpp.o] Error 1
[ 40%] Building CXX object CMakeFiles/ks_tests.dir/test_switch_manual_enum.cpp.o
make[2]: *** [CMakeFiles/ks_tests.dir/test_if_struct.cpp.o] Error 1
[ 41%] Building CXX object CMakeFiles/ks_tests.dir/test_str_eos.cpp.o
/home/travis/build/kaitai-io/ci_targets/tests/spec/cpp_stl_11/test_switch_manual_enum.cpp:4:32: fatal error: switch_manual_enum.h: No such file or directory
 #include <switch_manual_enum.h>
                                ^
compilation terminated.
[ 41%] Building CXX object CMakeFiles/ks_tests.dir/test_valid_long.cpp.o
[ 41%] Building CXX object CMakeFiles/ks_tests.dir/test_imports_abs_rel.cpp.o
[ 42%] Building CXX object CMakeFiles/ks_tests.dir/test_str_pad_term.cpp.o
[ 42%] Building CXX object CMakeFiles/ks_tests.dir/test_nested_types3.cpp.o
make[2]: *** [CMakeFiles/ks_tests.dir/test_if_values.cpp.o] Error 1
[ 42%] Building CXX object CMakeFiles/ks_tests.dir/test_recursive_one.cpp.o
/home/travis/build/kaitai-io/ci_targets/tests/spec/cpp_stl_11/test_nested_types3.cpp:4:27: fatal error: nested_types3.h: No such file or directory
 #include <nested_types3.h>
                           ^
compilation terminated.
make[2]: *** [CMakeFiles/ks_tests.dir/test_enum_if.cpp.o] Error 1
[ 43%] Building CXX object CMakeFiles/ks_tests.dir/test_nested_same_name2.cpp.o
[ 43%] Building CXX object CMakeFiles/ks_tests.dir/test_process_to_user.cpp.o
/home/travis/build/kaitai-io/ci_targets/tests/spec/cpp_stl_11/test_recursive_one.cpp:4:27: fatal error: recursive_one.h: No such file or directory
 #include <recursive_one.h>
                           ^
compilation terminated.
[ 43%] Building CXX object CMakeFiles/ks_tests.dir/test_switch_bytearray.cpp.o
[ 44%] Building CXX object CMakeFiles/ks_tests.dir/test_valid_switch.cpp.o
[ 44%] Building CXX object CMakeFiles/ks_tests.dir/test_str_pad_term_empty.cpp.o
/home/travis/build/kaitai-io/ci_targets/tests/spec/cpp_stl_11/test_nested_same_name2.cpp:4:31: fatal error: nested_same_name2.h: No such file or directory
 #include <nested_same_name2.h>
                               ^
compilation terminated.
make[2]: *** [CMakeFiles/ks_tests.dir/test_switch_manual_enum.cpp.o] Error 1
[ 44%] Building CXX object CMakeFiles/ks_tests.dir/test_repeat_eos_bit.cpp.o
/home/travis/build/kaitai-io/ci_targets/tests/spec/cpp_stl_11/test_process_to_user.cpp:4:29: fatal error: process_to_user.h: No such file or directory
 #include <process_to_user.h>
                             ^
compilation terminated.
/home/travis/build/kaitai-io/ci_targets/tests/spec/cpp_stl_11/test_switch_bytearray.cpp:4:30: fatal error: switch_bytearray.h: No such file or directory
 #include <switch_bytearray.h>
                              ^
compilation terminated.
make[2]: *** [CMakeFiles/ks_tests.dir/test_nested_types3.cpp.o] Error 1
[ 45%] Building CXX object CMakeFiles/ks_tests.dir/test_multiple_use.cpp.o
[ 45%] Building CXX object CMakeFiles/ks_tests.dir/test_process_repeat_usertype.cpp.o
[ 45%] Building CXX object CMakeFiles/ks_tests.dir/test_str_encodings.cpp.o
make[2]: *** [CMakeFiles/ks_tests.dir/test_recursive_one.cpp.o] Error 1
[ 46%] Building CXX object CMakeFiles/ks_tests.dir/test_valid_not_parsed_if.cpp.o
[ 46%] Building CXX object CMakeFiles/ks_tests.dir/test_enum_to_i.cpp.o
/home/travis/build/kaitai-io/ci_targets/tests/spec/cpp_stl_11/test_multiple_use.cpp:4:26: fatal error: multiple_use.h: No such file or directory
 #include <multiple_use.h>
                          ^
compilation terminated.
make[2]: *** [CMakeFiles/ks_tests.dir/test_nested_same_name2.cpp.o] Error 1
[ 46%] Building CXX object CMakeFiles/ks_tests.dir/test_expr_sizeof_value_sized.cpp.o
/home/travis/build/kaitai-io/ci_targets/tests/spec/cpp_stl_11/test_process_repeat_usertype.cpp:4:37: fatal error: process_repeat_usertype.h: No such file or directory
 #include <process_repeat_usertype.h>
                                     ^
compilation terminated.
make[2]: *** [CMakeFiles/ks_tests.dir/test_process_to_user.cpp.o] Error 1
[ 47%] Building CXX object CMakeFiles/ks_tests.dir/test_params_pass_usertype.cpp.o
make[2]: *** [CMakeFiles/ks_tests.dir/test_switch_bytearray.cpp.o] Error 1
[ 47%] Building CXX object CMakeFiles/ks_tests.dir/test_expr_0.cpp.o
/home/travis/build/kaitai-io/ci_targets/tests/spec/cpp_stl_11/test_expr_sizeof_value_sized.cpp:4:37: fatal error: expr_sizeof_value_sized.h: No such file or directory
 #include <expr_sizeof_value_sized.h>
                                     ^
compilation terminated.
/home/travis/build/kaitai-io/ci_targets/tests/spec/cpp_stl_11/test_params_pass_usertype.cpp:4:34: fatal error: params_pass_usertype.h: No such file or directory
 #include <params_pass_usertype.h>
                                  ^
compilation terminated.
[ 47%] Building CXX object CMakeFiles/ks_tests.dir/test_eos_exception_bytes.cpp.o
[ 48%] Building CXX object CMakeFiles/ks_tests.dir/test_enum_of_value_inst.cpp.o
[ 48%] Building CXX object CMakeFiles/ks_tests.dir/test_debug_enum_name.cpp.o
/home/travis/build/kaitai-io/ci_targets/tests/spec/cpp_stl_11/test_eos_exception_bytes.cpp:4:33: fatal error: eos_exception_bytes.h: No such file or directory
 #include <eos_exception_bytes.h>
                                 ^
compilation terminated.
make[2]: *** [CMakeFiles/ks_tests.dir/test_multiple_use.cpp.o] Error 1
[ 48%] Building CXX object CMakeFiles/ks_tests.dir/test_debug_0.cpp.o
/home/travis/build/kaitai-io/ci_targets/tests/spec/cpp_stl_11/test_debug_enum_name.cpp:3:29: fatal error: debug_enum_name.h: No such file or directory
 #include <debug_enum_name.h>
                             ^
compilation terminated.
[ 49%] Building CXX object CMakeFiles/ks_tests.dir/test_switch_repeat_expr.cpp.o
make[2]: *** [CMakeFiles/ks_tests.dir/test_process_repeat_usertype.cpp.o] Error 1
[ 49%] Building CXX object CMakeFiles/ks_tests.dir/test_meta_tags.cpp.o
/home/travis/build/kaitai-io/ci_targets/tests/spec/cpp_stl_11/test_switch_repeat_expr.cpp:3:32: fatal error: switch_repeat_expr.h: No such file or directory
 #include <switch_repeat_expr.h>
                                ^
compilation terminated.
make[2]: *** [CMakeFiles/ks_tests.dir/test_expr_sizeof_value_sized.cpp.o] Error 1
[ 50%] Building CXX object CMakeFiles/ks_tests.dir/test_str_encodings_default.cpp.o
[ 50%] Building CXX object CMakeFiles/ks_tests.dir/test_eos_exception_u4.cpp.o
make[2]: *** [CMakeFiles/ks_tests.dir/test_params_pass_usertype.cpp.o] Error 1
[ 50%] Building CXX object CMakeFiles/ks_tests.dir/test_index_sizes.cpp.o
[ 51%] Building CXX object CMakeFiles/ks_tests.dir/test_params_call_extra_parens.cpp.o
/home/travis/build/kaitai-io/ci_targets/tests/spec/cpp_stl_11/test_str_encodings_default.cpp:4:35: fatal error: str_encodings_default.h: No such file or directory
 #include <str_encodings_default.h>
                                   ^
compilation terminated.
/home/travis/build/kaitai-io/ci_targets/tests/spec/cpp_stl_11/test_eos_exception_u4.cpp:4:30: fatal error: eos_exception_u4.h: No such file or directory
 #include <eos_exception_u4.h>
                              ^
compilation terminated.
[ 51%] Building CXX object CMakeFiles/ks_tests.dir/test_enum_int_range_u.cpp.o
make[2]: *** [CMakeFiles/ks_tests.dir/test_eos_exception_bytes.cpp.o] Error 1
[ 51%] Building CXX object CMakeFiles/ks_tests.dir/test_process_xor4_value.cpp.o
/home/travis/build/kaitai-io/ci_targets/tests/spec/cpp_stl_11/test_params_call_extra_parens.cpp:4:38: fatal error: params_call_extra_parens.h: No such file or directory
 #include <params_call_extra_parens.h>
                                      ^
compilation terminated.
make[2]: *** [CMakeFiles/ks_tests.dir/test_debug_enum_name.cpp.o] Error 1
[ 52%] Building CXX object CMakeFiles/ks_tests.dir/test_process_coerce_bytes.cpp.o
[ 52%] Building CXX object CMakeFiles/ks_tests.dir/test_nav_parent_switch.cpp.o
/home/travis/build/kaitai-io/ci_targets/tests/spec/cpp_stl_11/test_process_coerce_bytes.cpp:4:34: fatal error: process_coerce_bytes.h: No such file or directory
 #include <process_coerce_bytes.h>
                                  ^
compilation terminated.
make[2]: *** [CMakeFiles/ks_tests.dir/test_switch_repeat_expr.cpp.o] Error 1
[ 52%] Building CXX object CMakeFiles/ks_tests.dir/test_enum_long_range_u.cpp.o
[ 53%] Building CXX object CMakeFiles/ks_tests.dir/main.cpp.o
/home/travis/build/kaitai-io/ci_targets/tests/spec/cpp_stl_11/test_nav_parent_switch.cpp:4:31: fatal error: nav_parent_switch.h: No such file or directory
 #include <nav_parent_switch.h>
                               ^
compilation terminated.
[ 53%] Building CXX object CMakeFiles/ks_tests.dir/test_enum_fancy.cpp.o
make[2]: *** [CMakeFiles/ks_tests.dir/test_str_encodings_default.cpp.o] Error 1
[ 53%] Building CXX object CMakeFiles/ks_tests.dir/test_repeat_eos_u4.cpp.o
make[2]: *** [CMakeFiles/ks_tests.dir/test_eos_exception_u4.cpp.o] Error 1
[ 54%] Building CXX object CMakeFiles/ks_tests.dir/test_user_type.cpp.o
make[2]: *** [CMakeFiles/ks_tests.dir/test_params_call_extra_parens.cpp.o] Error 1
[ 54%] Building CXX object CMakeFiles/ks_tests.dir/test_floating_points.cpp.o
/home/travis/build/kaitai-io/ci_targets/tests/spec/cpp_stl_11/test_user_type.cpp:4:23: fatal error: user_type.h: No such file or directory
 #include <user_type.h>
                       ^
compilation terminated.
[ 54%] Building CXX object CMakeFiles/ks_tests.dir/test_params_call_short.cpp.o
[ 55%] Building CXX object CMakeFiles/ks_tests.dir/test_ts_packet_header.cpp.o
make[2]: *** [CMakeFiles/ks_tests.dir/test_process_coerce_bytes.cpp.o] Error 1
[ 55%] Building CXX object CMakeFiles/ks_tests.dir/test_enum_deep_literals.cpp.o
[ 55%] Building CXX object CMakeFiles/ks_tests.dir/test_valid_fail_anyof_int.cpp.o
/home/travis/build/kaitai-io/ci_targets/tests/spec/cpp_stl_11/test_params_call_short.cpp:4:31: fatal error: params_call_short.h: No such file or directory
 #include <params_call_short.h>
                               ^
compilation terminated.
[ 56%] Building CXX object CMakeFiles/ks_tests.dir/test_switch_manual_int_size_else.cpp.o
make[2]: *** [CMakeFiles/ks_tests.dir/test_nav_parent_switch.cpp.o] Error 1
[ 56%] Building CXX object CMakeFiles/ks_tests.dir/test_expr_mod.cpp.o
/home/travis/build/kaitai-io/ci_targets/tests/spec/cpp_stl_11/test_switch_manual_int_size_else.cpp:4:41: fatal error: switch_manual_int_size_else.h: No such file or directory
 #include <switch_manual_int_size_else.h>
                                         ^
compilation terminated.
[ 56%] Building CXX object CMakeFiles/ks_tests.dir/test_cast_to_imported.cpp.o
make[2]: *** [CMakeFiles/ks_tests.dir/test_user_type.cpp.o] Error 1
[ 57%] Building CXX object CMakeFiles/ks_tests.dir/test_type_int_unary_op.cpp.o
[ 57%] Building CXX object CMakeFiles/ks_tests.dir/test_integers.cpp.o
[ 57%] Building CXX object CMakeFiles/ks_tests.dir/test_switch_manual_str.cpp.o
[ 58%] Building CXX object CMakeFiles/ks_tests.dir/test_bcd_user_type_le.cpp.o
[ 58%] Building CXX object CMakeFiles/ks_tests.dir/test_switch_manual_int_else.cpp.o
/home/travis/build/kaitai-io/ci_targets/tests/spec/cpp_stl_11/test_switch_manual_str.cpp:4:31: fatal error: switch_manual_str.h: No such file or directory
 #include <switch_manual_str.h>
                               ^
compilation terminated.
make[2]: *** [CMakeFiles/ks_tests.dir/test_params_call_short.cpp.o] Error 1
[ 58%] Building CXX object CMakeFiles/ks_tests.dir/test_valid_fail_inst.cpp.o
/home/travis/build/kaitai-io/ci_targets/tests/spec/cpp_stl_11/test_bcd_user_type_le.cpp:4:30: fatal error: bcd_user_type_le.h: No such file or directory
 #include <bcd_user_type_le.h>
                              ^
compilation terminated.
[ 59%] Building CXX object CMakeFiles/ks_tests.dir/test_nav_parent3.cpp.o
/home/travis/build/kaitai-io/ci_targets/tests/spec/cpp_stl_11/test_switch_manual_int_else.cpp:4:36: fatal error: switch_manual_int_else.h: No such file or directory
 #include <switch_manual_int_else.h>
                                    ^
compilation terminated.
make[2]: *** [CMakeFiles/ks_tests.dir/test_switch_manual_int_size_else.cpp.o] Error 1
[ 59%] Building CXX object CMakeFiles/ks_tests.dir/test_switch_multi_bool_ops.cpp.o
[ 59%] Building CXX object CMakeFiles/ks_tests.dir/test_instance_user_array.cpp.o
/home/travis/build/kaitai-io/ci_targets/tests/spec/cpp_stl_11/test_nav_parent3.cpp:4:25: fatal error: nav_parent3.h: No such file or directory
 #include <nav_parent3.h>
                         ^
compilation terminated.
[ 60%] Building CXX object CMakeFiles/ks_tests.dir/test_position_in_seq.cpp.o
/home/travis/build/kaitai-io/ci_targets/tests/spec/cpp_stl_11/test_switch_multi_bool_ops.cpp:3:35: fatal error: switch_multi_bool_ops.h: No such file or directory
 #include <switch_multi_bool_ops.h>
                                   ^
compilation terminated.
/home/travis/build/kaitai-io/ci_targets/tests/spec/cpp_stl_11/test_instance_user_array.cpp:4:33: fatal error: instance_user_array.h: No such file or directory
 #include <instance_user_array.h>
                                 ^
compilation terminated.
[ 60%] Building CXX object CMakeFiles/ks_tests.dir/test_process_xor_value.cpp.o
/home/travis/build/kaitai-io/ci_targets/tests/spec/cpp_stl_11/test_position_in_seq.cpp:4:29: fatal error: position_in_seq.h: No such file or directory
 #include <position_in_seq.h>
                             ^
compilation terminated.
make[2]: *** [CMakeFiles/ks_tests.dir/test_switch_manual_str.cpp.o] Error 1
[ 60%] Building CXX object CMakeFiles/ks_tests.dir/test_index_to_param_expr.cpp.o
make[2]: *** [CMakeFiles/ks_tests.dir/test_bcd_user_type_le.cpp.o] Error 1
[ 61%] Building CXX object CMakeFiles/ks_tests.dir/test_default_endian_expr_inherited.cpp.o
make[2]: *** [CMakeFiles/ks_tests.dir/test_switch_manual_int_else.cpp.o] Error 1
[ 61%] Building CXX object CMakeFiles/ks_tests.dir/test_position_abs.cpp.o
/home/travis/build/kaitai-io/ci_targets/tests/spec/cpp_stl_11/test_index_to_param_expr.cpp:4:33: fatal error: index_to_param_expr.h: No such file or directory
 #include <index_to_param_expr.h>
                                 ^
compilation terminated.
/home/travis/build/kaitai-io/ci_targets/tests/spec/cpp_stl_11/test_default_endian_expr_inherited.cpp:4:43: fatal error: default_endian_expr_inherited.h: No such file or directory
 #include <default_endian_expr_inherited.h>
                                           ^
compilation terminated.
make[2]: *** [CMakeFiles/ks_tests.dir/test_nav_parent3.cpp.o] Error 1
[ 61%] Building CXX object CMakeFiles/ks_tests.dir/test_cast_to_top.cpp.o
[ 62%] Building CXX object CMakeFiles/ks_tests.dir/test_fixed_contents.cpp.o
/home/travis/build/kaitai-io/ci_targets/tests/spec/cpp_stl_11/test_position_abs.cpp:4:26: fatal error: position_abs.h: No such file or directory
 #include <position_abs.h>
                          ^
compilation terminated.
make[2]: *** [CMakeFiles/ks_tests.dir/test_switch_multi_bool_ops.cpp.o] Error 1
[ 62%] Building CXX object CMakeFiles/ks_tests.dir/test_imports_abs.cpp.o
make[2]: *** [CMakeFiles/ks_tests.dir/test_instance_user_array.cpp.o] Error 1
[ 63%] Building CXX object CMakeFiles/ks_tests.dir/home/travis/build/kaitai-io/ci_targets/tests/compiled/cpp_stl_11/instance_std_array.cpp.o
make[2]: *** [CMakeFiles/ks_tests.dir/test_position_in_seq.cpp.o] Error 1
[ 63%] Building CXX object CMakeFiles/ks_tests.dir/home/travis/build/kaitai-io/ci_targets/tests/compiled/cpp_stl_11/imported_and_rel.cpp.o
/home/travis/build/kaitai-io/ci_targets/tests/spec/cpp_stl_11/test_imports_abs.cpp:5:28: fatal error: vlq_base128_le.h: No such file or directory
 #include <vlq_base128_le.h>
                            ^
compilation terminated.
[ 63%] Building CXX object CMakeFiles/ks_tests.dir/home/travis/build/kaitai-io/ci_targets/tests/compiled/cpp_stl_11/floating_points.cpp.o
[ 64%] Building CXX object CMakeFiles/ks_tests.dir/home/travis/build/kaitai-io/ci_targets/tests/compiled/cpp_stl_11/expr_sizeof_type_0.cpp.o
[ 64%] Building CXX object CMakeFiles/ks_tests.dir/home/travis/build/kaitai-io/ci_targets/tests/compiled/cpp_stl_11/nav_parent_false2.cpp.o
[ 64%] Building CXX object CMakeFiles/ks_tests.dir/home/travis/build/kaitai-io/ci_targets/tests/compiled/cpp_stl_11/repeat_n_strz.cpp.o
[ 65%] Building CXX object CMakeFiles/ks_tests.dir/home/travis/build/kaitai-io/ci_targets/tests/compiled/cpp_stl_11/valid_fail_contents.cpp.o
[ 65%] Building CXX object CMakeFiles/ks_tests.dir/home/travis/build/kaitai-io/ci_targets/tests/compiled/cpp_stl_11/if_instances.cpp.o
make[2]: *** [CMakeFiles/ks_tests.dir/test_index_to_param_expr.cpp.o] Error 1
[ 65%] Building CXX object CMakeFiles/ks_tests.dir/home/travis/build/kaitai-io/ci_targets/tests/compiled/cpp_stl_11/bits_byte_aligned.cpp.o
make[2]: *** [CMakeFiles/ks_tests.dir/test_default_endian_expr_inherited.cpp.o] Error 1
[ 66%] Building CXX object CMakeFiles/ks_tests.dir/home/travis/build/kaitai-io/ci_targets/tests/compiled/cpp_stl_11/enum_of_value_inst.cpp.o
[ 66%] Building CXX object CMakeFiles/ks_tests.dir/home/travis/build/kaitai-io/ci_targets/tests/compiled/cpp_stl_11/valid_fail_range_int.cpp.o
[ 66%] Building CXX object CMakeFiles/ks_tests.dir/home/travis/build/kaitai-io/ci_targets/tests/compiled/cpp_stl_11/cast_to_top.cpp.o
[ 67%] Building CXX object CMakeFiles/ks_tests.dir/home/travis/build/kaitai-io/ci_targets/tests/compiled/cpp_stl_11/enum_int_range_s.cpp.o
[ 67%] Building CXX object CMakeFiles/ks_tests.dir/home/travis/build/kaitai-io/ci_targets/tests/compiled/cpp_stl_11/eof_exception_u4.cpp.o
[ 67%] Building CXX object CMakeFiles/ks_tests.dir/home/travis/build/kaitai-io/ci_targets/tests/compiled/cpp_stl_11/enum_for_unknown_id.cpp.o
make[2]: *** [CMakeFiles/ks_tests.dir/test_position_abs.cpp.o] Error 1
[ 68%] Building CXX object CMakeFiles/ks_tests.dir/home/travis/build/kaitai-io/ci_targets/tests/compiled/cpp_stl_11/str_eos.cpp.o
[ 68%] Building CXX object CMakeFiles/ks_tests.dir/home/travis/build/kaitai-io/ci_targets/tests/compiled/cpp_stl_11/cast_to_imported.cpp.o
[ 68%] Building CXX object CMakeFiles/ks_tests.dir/home/travis/build/kaitai-io/ci_targets/tests/compiled/cpp_stl_11/expr_sizeof_type_1.cpp.o
[ 69%] Building CXX object CMakeFiles/ks_tests.dir/home/travis/build/kaitai-io/ci_targets/tests/compiled/cpp_stl_11/docstrings_docref_multi.cpp.o
[ 69%] Building CXX object CMakeFiles/ks_tests.dir/home/travis/build/kaitai-io/ci_targets/tests/compiled/cpp_stl_11/term_bytes.cpp.o
[ 69%] Building CXX object CMakeFiles/ks_tests.dir/home/travis/build/kaitai-io/ci_targets/tests/compiled/cpp_stl_11/type_int_unary_op.cpp.o
[ 70%] Building CXX object CMakeFiles/ks_tests.dir/home/travis/build/kaitai-io/ci_targets/tests/compiled/cpp_stl_11/bits_enum.cpp.o
[ 70%] Building CXX object CMakeFiles/ks_tests.dir/home/travis/build/kaitai-io/ci_targets/tests/compiled/cpp_stl_11/meta_tags.cpp.o
[ 70%] Building CXX object CMakeFiles/ks_tests.dir/home/travis/build/kaitai-io/ci_targets/tests/compiled/cpp_stl_11/docstrings.cpp.o
[ 71%] Building CXX object CMakeFiles/ks_tests.dir/home/travis/build/kaitai-io/ci_targets/tests/compiled/cpp_stl_11/enum_deep.cpp.o
[ 71%] Building CXX object CMakeFiles/ks_tests.dir/home/travis/build/kaitai-io/ci_targets/tests/compiled/cpp_stl_11/default_big_endian.cpp.o
[ 71%] Building CXX object CMakeFiles/ks_tests.dir/home/travis/build/kaitai-io/ci_targets/tests/compiled/cpp_stl_11/process_xor_value.cpp.o
[ 72%] Building CXX object CMakeFiles/ks_tests.dir/home/travis/build/kaitai-io/ci_targets/tests/compiled/cpp_stl_11/expr_calc_array_ops.cpp.o
[ 72%] Building CXX object CMakeFiles/ks_tests.dir/home/travis/build/kaitai-io/ci_targets/tests/compiled/cpp_stl_11/repeat_n_strz_double.cpp.o
make[2]: *** [CMakeFiles/ks_tests.dir/test_imports_abs.cpp.o] Error 1
[ 72%] Building CXX object CMakeFiles/ks_tests.dir/home/travis/build/kaitai-io/ci_targets/tests/compiled/cpp_stl_11/valid_short.cpp.o
[ 73%] Building CXX object CMakeFiles/ks_tests.dir/home/travis/build/kaitai-io/ci_targets/tests/compiled/cpp_stl_11/enum_to_i_class_border_1.cpp.o
[ 73%] Building CXX object CMakeFiles/ks_tests.dir/home/travis/build/kaitai-io/ci_targets/tests/compiled/cpp_stl_11/valid_long.cpp.o
[ 73%] Building CXX object CMakeFiles/ks_tests.dir/home/travis/build/kaitai-io/ci_targets/tests/compiled/cpp_stl_11/imports_circular_a.cpp.o
[ 74%] Building CXX object CMakeFiles/ks_tests.dir/home/travis/build/kaitai-io/ci_targets/tests/compiled/cpp_stl_11/enum_long_range_s.cpp.o
In file included from /home/travis/build/kaitai-io/ci_targets/tests/compiled/cpp_stl_11/expr_calc_array_ops.cpp:4:0:
/home/travis/build/kaitai-io/ci_targets/tests/compiled/cpp_stl_11/expr_calc_array_ops.h:27:5: error: ‘vector’ in namespace ‘std’ does not name a type
     std::vector<double>* m_double_array;
     ^
/home/travis/build/kaitai-io/ci_targets/tests/compiled/cpp_stl_11/expr_calc_array_ops.h:30:5: error: ‘vector’ in namespace ‘std’ does not name a type
     std::vector<double>* double_array();
     ^
/home/travis/build/kaitai-io/ci_targets/tests/compiled/cpp_stl_11/expr_calc_array_ops.h:76:5: error: ‘vector’ in namespace ‘std’ does not name a type
     std::vector<std::string>* m_str_array;
     ^
/home/travis/build/kaitai-io/ci_targets/tests/compiled/cpp_stl_11/expr_calc_array_ops.h:79:5: error: ‘vector’ in namespace ‘std’ does not name a type
     std::vector<std::string>* str_array();
     ^
/home/travis/build/kaitai-io/ci_targets/tests/compiled/cpp_stl_11/expr_calc_array_ops.h:160:5: error: ‘vector’ in namespace ‘std’ does not name a type
     std::vector<int32_t>* m_int_array;
     ^
/home/travis/build/kaitai-io/ci_targets/tests/compiled/cpp_stl_11/expr_calc_array_ops.h:163:5: error: ‘vector’ in namespace ‘std’ does not name a type
     std::vector<int32_t>* int_array();
     ^
[ 74%] Building CXX object CMakeFiles/ks_tests.dir/home/travis/build/kaitai-io/ci_targets/tests/compiled/cpp_stl_11/type_ternary_opaque.cpp.o
In file included from /home/travis/build/kaitai-io/ci_targets/tests/compiled/cpp_stl_11/enum_long_range_s.cpp:4:0:
/home/travis/build/kaitai-io/ci_targets/tests/compiled/cpp_stl_11/enum_long_range_s.h:18:31: warning: integer constant is so large that it is unsigned [enabled by default]
         CONSTANTS_LONG_MIN = -9223372036854775808,
                               ^
/home/travis/build/kaitai-io/ci_targets/tests/compiled/cpp_stl_11/expr_calc_array_ops.cpp:40:58: error: no ‘std::vector<double>* expr_calc_array_ops_t::double_array()’ member function declared in class ‘expr_calc_array_ops_t’
 std::vector<double>* expr_calc_array_ops_t::double_array() {
                                                          ^
/home/travis/build/kaitai-io/ci_targets/tests/compiled/cpp_stl_11/expr_calc_array_ops.cpp: In member function ‘int32_t expr_calc_array_ops_t::int_array_size()’:
/home/travis/build/kaitai-io/ci_targets/tests/compiled/cpp_stl_11/expr_calc_array_ops.cpp:51:34: error: ‘int_array’ was not declared in this scope
     m_int_array_size = int_array()->size();
                                  ^
/home/travis/build/kaitai-io/ci_targets/tests/compiled/cpp_stl_11/expr_calc_array_ops.cpp: In member function ‘int32_t expr_calc_array_ops_t::int_array_max()’:
/home/travis/build/kaitai-io/ci_targets/tests/compiled/cpp_stl_11/expr_calc_array_ops.cpp:59:51: error: ‘int_array’ was not declared in this scope
     m_int_array_max = *std::max_element(int_array()->begin(), int_array()->end());
                                                   ^
/home/travis/build/kaitai-io/ci_targets/tests/compiled/cpp_stl_11/expr_calc_array_ops.cpp: In member function ‘double expr_calc_array_ops_t::double_array_max()’:
/home/travis/build/kaitai-io/ci_targets/tests/compiled/cpp_stl_11/expr_calc_array_ops.cpp:67:57: error: ‘double_array’ was not declared in this scope
     m_double_array_max = *std::max_element(double_array()->begin(), double_array()->end());
                                                         ^
/home/travis/build/kaitai-io/ci_targets/tests/compiled/cpp_stl_11/expr_calc_array_ops.cpp: In member function ‘std::string expr_calc_array_ops_t::str_array_max()’:
/home/travis/build/kaitai-io/ci_targets/tests/compiled/cpp_stl_11/expr_calc_array_ops.cpp:75:51: error: ‘str_array’ was not declared in this scope
     m_str_array_max = *std::max_element(str_array()->begin(), str_array()->end());
                                                   ^
/home/travis/build/kaitai-io/ci_targets/tests/compiled/cpp_stl_11/expr_calc_array_ops.cpp: In member function ‘std::string expr_calc_array_ops_t::str_array_min()’:
/home/travis/build/kaitai-io/ci_targets/tests/compiled/cpp_stl_11/expr_calc_array_ops.cpp:83:51: error: ‘str_array’ was not declared in this scope
     m_str_array_min = *std::min_element(str_array()->begin(), str_array()->end());
                                                   ^
/home/travis/build/kaitai-io/ci_targets/tests/compiled/cpp_stl_11/expr_calc_array_ops.cpp: In member function ‘double expr_calc_array_ops_t::double_array_mid()’:
/home/travis/build/kaitai-io/ci_targets/tests/compiled/cpp_stl_11/expr_calc_array_ops.cpp:91:39: error: ‘double_array’ was not declared in this scope
     m_double_array_mid = double_array()->at(1);
                                       ^
/home/travis/build/kaitai-io/ci_targets/tests/compiled/cpp_stl_11/expr_calc_array_ops.cpp: At global scope:
/home/travis/build/kaitai-io/ci_targets/tests/compiled/cpp_stl_11/expr_calc_array_ops.cpp:96:60: error: no ‘std::vector<std::basic_string<char> >* expr_calc_array_ops_t::str_array()’ member function declared in class ‘expr_calc_array_ops_t’
 std::vector<std::string>* expr_calc_array_ops_t::str_array() {
                                                            ^
/home/travis/build/kaitai-io/ci_targets/tests/compiled/cpp_stl_11/expr_calc_array_ops.cpp: In member function ‘int32_t expr_calc_array_ops_t::double_array_size()’:
/home/travis/build/kaitai-io/ci_targets/tests/compiled/cpp_stl_11/expr_calc_array_ops.cpp:107:40: error: ‘double_array’ was not declared in this scope
     m_double_array_size = double_array()->size();
                                        ^
/home/travis/build/kaitai-io/ci_targets/tests/compiled/cpp_stl_11/expr_calc_array_ops.cpp: In member function ‘std::string expr_calc_array_ops_t::str_array_first()’:
/home/travis/build/kaitai-io/ci_targets/tests/compiled/cpp_stl_11/expr_calc_array_ops.cpp:115:35: error: ‘str_array’ was not declared in this scope
     m_str_array_first = str_array()->front();
                                   ^
/home/travis/build/kaitai-io/ci_targets/tests/compiled/cpp_stl_11/expr_calc_array_ops.cpp: In member function ‘std::string expr_calc_array_ops_t::str_array_last()’:
/home/travis/build/kaitai-io/ci_targets/tests/compiled/cpp_stl_11/expr_calc_array_ops.cpp:123:34: error: ‘str_array’ was not declared in this scope
     m_str_array_last = str_array()->back();
                                  ^
/home/travis/build/kaitai-io/ci_targets/tests/compiled/cpp_stl_11/expr_calc_array_ops.cpp: In member function ‘std::string expr_calc_array_ops_t::str_array_mid()’:
/home/travis/build/kaitai-io/ci_targets/tests/compiled/cpp_stl_11/expr_calc_array_ops.cpp:131:33: error: ‘str_array’ was not declared in this scope
     m_str_array_mid = str_array()->at(1);
                                 ^
/home/travis/build/kaitai-io/ci_targets/tests/compiled/cpp_stl_11/expr_calc_array_ops.cpp: In member function ‘double expr_calc_array_ops_t::double_array_last()’:
/home/travis/build/kaitai-io/ci_targets/tests/compiled/cpp_stl_11/expr_calc_array_ops.cpp:139:40: error: ‘double_array’ was not declared in this scope
     m_double_array_last = double_array()->back();
                                        ^
/home/travis/build/kaitai-io/ci_targets/tests/compiled/cpp_stl_11/expr_calc_array_ops.cpp: In member function ‘int32_t expr_calc_array_ops_t::int_array_min()’:
/home/travis/build/kaitai-io/ci_targets/tests/compiled/cpp_stl_11/expr_calc_array_ops.cpp:147:51: error: ‘int_array’ was not declared in this scope
     m_int_array_min = *std::min_element(int_array()->begin(), int_array()->end());
                                                   ^
/home/travis/build/kaitai-io/ci_targets/tests/compiled/cpp_stl_11/expr_calc_array_ops.cpp: In member function ‘int32_t expr_calc_array_ops_t::str_array_size()’:
/home/travis/build/kaitai-io/ci_targets/tests/compiled/cpp_stl_11/expr_calc_array_ops.cpp:155:34: error: ‘str_array’ was not declared in this scope
     m_str_array_size = str_array()->size();
                                  ^
/home/travis/build/kaitai-io/ci_targets/tests/compiled/cpp_stl_11/expr_calc_array_ops.cpp: In member function ‘int32_t expr_calc_array_ops_t::int_array_first()’:
/home/travis/build/kaitai-io/ci_targets/tests/compiled/cpp_stl_11/expr_calc_array_ops.cpp:163:35: error: ‘int_array’ was not declared in this scope
     m_int_array_first = int_array()->front();
                                   ^
/home/travis/build/kaitai-io/ci_targets/tests/compiled/cpp_stl_11/expr_calc_array_ops.cpp: In member function ‘double expr_calc_array_ops_t::double_array_first()’:
/home/travis/build/kaitai-io/ci_targets/tests/compiled/cpp_stl_11/expr_calc_array_ops.cpp:171:41: error: ‘double_array’ was not declared in this scope
     m_double_array_first = double_array()->front();
                                         ^
/home/travis/build/kaitai-io/ci_targets/tests/compiled/cpp_stl_11/expr_calc_array_ops.cpp: In member function ‘int32_t expr_calc_array_ops_t::int_array_mid()’:
/home/travis/build/kaitai-io/ci_targets/tests/compiled/cpp_stl_11/expr_calc_array_ops.cpp:179:33: error: ‘int_array’ was not declared in this scope
     m_int_array_mid = int_array()->at(1);
                                 ^
/home/travis/build/kaitai-io/ci_targets/tests/compiled/cpp_stl_11/expr_calc_array_ops.cpp: In member function ‘double expr_calc_array_ops_t::double_array_min()’:
/home/travis/build/kaitai-io/ci_targets/tests/compiled/cpp_stl_11/expr_calc_array_ops.cpp:187:57: error: ‘double_array’ was not declared in this scope
     m_double_array_min = *std::min_element(double_array()->begin(), double_array()->end());
                                                         ^
/home/travis/build/kaitai-io/ci_targets/tests/compiled/cpp_stl_11/expr_calc_array_ops.cpp: At global scope:
/home/travis/build/kaitai-io/ci_targets/tests/compiled/cpp_stl_11/expr_calc_array_ops.cpp:192:56: error: no ‘std::vector<int>* expr_calc_array_ops_t::int_array()’ member function declared in class ‘expr_calc_array_ops_t’
 std::vector<int32_t>* expr_calc_array_ops_t::int_array() {
                                                        ^
/home/travis/build/kaitai-io/ci_targets/tests/compiled/cpp_stl_11/expr_calc_array_ops.cpp: In member function ‘int32_t expr_calc_array_ops_t::int_array_last()’:
/home/travis/build/kaitai-io/ci_targets/tests/compiled/cpp_stl_11/expr_calc_array_ops.cpp:203:34: error: ‘int_array’ was not declared in this scope
     m_int_array_last = int_array()->back();
                                  ^
[ 75%] Building CXX object CMakeFiles/ks_tests.dir/home/travis/build/kaitai-io/ci_targets/tests/compiled/cpp_stl_11/str_literals2.cpp.o
[ 75%] Building CXX object CMakeFiles/ks_tests.dir/home/travis/build/kaitai-io/ci_targets/tests/compiled/cpp_stl_11/params_def.cpp.o
[ 75%] Building CXX object CMakeFiles/ks_tests.dir/home/travis/build/kaitai-io/ci_targets/tests/compiled/cpp_stl_11/process_xor4_const.cpp.o
make[2]: *** [CMakeFiles/ks_tests.dir/home/travis/build/kaitai-io/ci_targets/tests/compiled/cpp_stl_11/expr_calc_array_ops.cpp.o] Error 1
[ 76%] Building CXX object CMakeFiles/ks_tests.dir/home/travis/build/kaitai-io/ci_targets/tests/compiled/cpp_stl_11/yaml_ints.cpp.o
[ 76%] Building CXX object CMakeFiles/ks_tests.dir/home/travis/build/kaitai-io/ci_targets/tests/compiled/cpp_stl_11/expr_3.cpp.o
[ 76%] Building CXX object CMakeFiles/ks_tests.dir/home/travis/build/kaitai-io/ci_targets/tests/compiled/cpp_stl_11/enum_to_i.cpp.o
[ 77%] Building CXX object CMakeFiles/ks_tests.dir/home/travis/build/kaitai-io/ci_targets/tests/compiled/cpp_stl_11/hello_world.cpp.o
[ 77%] Building CXX object CMakeFiles/ks_tests.dir/home/travis/build/kaitai-io/ci_targets/tests/compiled/cpp_stl_11/bytes_pad_term.cpp.o
/home/travis/build/kaitai-io/ci_targets/tests/compiled/cpp_stl_11/yaml_ints.cpp: In member function ‘int32_t yaml_ints_t::test_u8_dec()’:
/home/travis/build/kaitai-io/ci_targets/tests/compiled/cpp_stl_11/yaml_ints.cpp:41:19: warning: overflow in implicit constant conversion [-Woverflow]
     m_test_u8_dec = 18446744073709551615ULL;
                   ^
/home/travis/build/kaitai-io/ci_targets/tests/compiled/cpp_stl_11/yaml_ints.cpp: In member function ‘int32_t yaml_ints_t::test_u8_hex()’:
/home/travis/build/kaitai-io/ci_targets/tests/compiled/cpp_stl_11/yaml_ints.cpp:49:19: warning: overflow in implicit constant conversion [-Woverflow]
     m_test_u8_hex = 18446744073709551615ULL;
                   ^
[ 77%] Building CXX object CMakeFiles/ks_tests.dir/home/travis/build/kaitai-io/ci_targets/tests/compiled/cpp_stl_11/valid_fail_eq_int.cpp.o
[ 78%] Building CXX object CMakeFiles/ks_tests.dir/home/travis/build/kaitai-io/ci_targets/tests/compiled/cpp_stl_11/imports_circular_b.cpp.o
[ 78%] Building CXX object CMakeFiles/ks_tests.dir/home/travis/build/kaitai-io/ci_targets/tests/compiled/cpp_stl_11/switch_integers2.cpp.o
[ 78%] Building CXX object CMakeFiles/ks_tests.dir/home/travis/build/kaitai-io/ci_targets/tests/compiled/cpp_stl_11/enum_negative.cpp.o
[ 79%] Building CXX object CMakeFiles/ks_tests.dir/home/travis/build/kaitai-io/ci_targets/tests/compiled/cpp_stl_11/process_custom.cpp.o
[ 79%] Building CXX object CMakeFiles/ks_tests.dir/home/travis/build/kaitai-io/ci_targets/tests/compiled/cpp_stl_11/opaque_external_type.cpp.o
[ 79%] Building CXX object CMakeFiles/ks_tests.dir/home/travis/build/kaitai-io/ci_targets/tests/compiled/cpp_stl_11/process_rotate.cpp.o
[ 80%] Building CXX object CMakeFiles/ks_tests.dir/home/travis/build/kaitai-io/ci_targets/tests/compiled/cpp_stl_11/str_encodings.cpp.o
[ 80%] Building CXX object CMakeFiles/ks_tests.dir/home/travis/build/kaitai-io/ci_targets/tests/compiled/cpp_stl_11/str_pad_term.cpp.o
[ 80%] Building CXX object CMakeFiles/ks_tests.dir/home/travis/build/kaitai-io/ci_targets/tests/compiled/cpp_stl_11/repeat_eos_bit.cpp.o
[ 81%] Building CXX object CMakeFiles/ks_tests.dir/home/travis/build/kaitai-io/ci_targets/tests/compiled/cpp_stl_11/imports_rel_1.cpp.o
[ 81%] Building CXX object CMakeFiles/ks_tests.dir/home/travis/build/kaitai-io/ci_targets/tests/compiled/cpp_stl_11/valid_fail_min_int.cpp.o
[ 81%] Building CXX object CMakeFiles/ks_tests.dir/home/travis/build/kaitai-io/ci_targets/tests/compiled/cpp_stl_11/imports_abs_abs.cpp.o
[ 82%] Building CXX object CMakeFiles/ks_tests.dir/home/travis/build/kaitai-io/ci_targets/tests/compiled/cpp_stl_11/debug_0.cpp.o
[ 82%] Building CXX object CMakeFiles/ks_tests.dir/home/travis/build/kaitai-io/ci_targets/tests/compiled/cpp_stl_11/enum_invalid.cpp.o
[ 82%] Building CXX object CMakeFiles/ks_tests.dir/home/travis/build/kaitai-io/ci_targets/tests/compiled/cpp_stl_11/bits_simple.cpp.o
[ 83%] Building CXX object CMakeFiles/ks_tests.dir/home/travis/build/kaitai-io/ci_targets/tests/compiled/cpp_stl_11/expr_0.cpp.o
[ 83%] Building CXX object CMakeFiles/ks_tests.dir/home/travis/build/kaitai-io/ci_targets/tests/compiled/cpp_stl_11/valid_fail_inst.cpp.o
[ 83%] Building CXX object CMakeFiles/ks_tests.dir/home/travis/build/kaitai-io/ci_targets/tests/compiled/cpp_stl_11/non_standard.cpp.o
[ 84%] Building CXX object CMakeFiles/ks_tests.dir/home/travis/build/kaitai-io/ci_targets/tests/compiled/cpp_stl_11/process_repeat_bytes.cpp.o
[ 84%] Building CXX object CMakeFiles/ks_tests.dir/home/travis/build/kaitai-io/ci_targets/tests/compiled/cpp_stl_11/ts_packet_header.cpp.o
[ 84%] Building CXX object CMakeFiles/ks_tests.dir/home/travis/build/kaitai-io/ci_targets/tests/compiled/cpp_stl_11/imported_root.cpp.o
[ 85%] Building CXX object CMakeFiles/ks_tests.dir/home/travis/build/kaitai-io/ci_targets/tests/compiled/cpp_stl_11/enum_to_i_class_border_2.cpp.o
[ 85%] Building CXX object CMakeFiles/ks_tests.dir/home/travis/build/kaitai-io/ci_targets/tests/compiled/cpp_stl_11/meta_xref.cpp.o
[ 85%] Building CXX object CMakeFiles/ks_tests.dir/home/travis/build/kaitai-io/ci_targets/tests/compiled/cpp_stl_11/imported_1.cpp.o
[ 86%] Building CXX object CMakeFiles/ks_tests.dir/home/travis/build/kaitai-io/ci_targets/tests/compiled/cpp_stl_11/enum_import.cpp.o
[ 86%] Building CXX object CMakeFiles/ks_tests.dir/home/travis/build/kaitai-io/ci_targets/tests/compiled/cpp_stl_11/eof_exception_bytes.cpp.o
/home/travis/build/kaitai-io/ci_targets/tests/compiled/cpp_stl_11/process_repeat_bytes.cpp: In member function ‘void process_repeat_bytes_t::_read()’:
/home/travis/build/kaitai-io/ci_targets/tests/compiled/cpp_stl_11/process_repeat_bytes.cpp:21:67: error: no matching function for call to ‘kaitai::kstream::process_xor_one(std::unique_ptr<std::vector<std::basic_string<char> > >&, int)’
         m_bufs = kaitai::kstream::process_xor_one(m__raw_bufs, 158);
                                                                   ^
/home/travis/build/kaitai-io/ci_targets/tests/compiled/cpp_stl_11/process_repeat_bytes.cpp:21:67: note: candidate is:
In file included from /home/travis/build/kaitai-io/ci_targets/tests/spec/cpp_stl_11/../../../runtime/cpp_stl/kaitai/kaitaistruct.h:4:0,
                 from /home/travis/build/kaitai-io/ci_targets/tests/compiled/cpp_stl_11/process_repeat_bytes.h:5,
                 from /home/travis/build/kaitai-io/ci_targets/tests/compiled/cpp_stl_11/process_repeat_bytes.cpp:4:
/home/travis/build/kaitai-io/ci_targets/tests/spec/cpp_stl_11/../../../runtime/cpp_stl/kaitai/kaitaistream.h:179:24: note: static std::string kaitai::kstream::process_xor_one(std::string, uint8_t)
     static std::string process_xor_one(std::string data, uint8_t key);
                        ^
/home/travis/build/kaitai-io/ci_targets/tests/spec/cpp_stl_11/../../../runtime/cpp_stl/kaitai/kaitaistream.h:179:24: note:   no known conversion for argument 1 from ‘std::unique_ptr<std::vector<std::basic_string<char> > >’ to ‘std::string {aka std::basic_string<char>}’
In file included from /home/travis/build/kaitai-io/ci_targets/tests/compiled/cpp_stl_11/enum_to_i_class_border_2.cpp:4:0:
/home/travis/build/kaitai-io/ci_targets/tests/compiled/cpp_stl_11/enum_to_i_class_border_2.h:17:58: error: expected ‘)’ before ‘*’ token
     enum_to_i_class_border_2_t(enum_to_i_class_border_1_t* p_parent, kaitai::kstream* p__io, kaitai::kstruct* p__parent = nullptr, enum_to_i_class_border_2_t* p__root = nullptr);
                                                          ^
In file included from /home/travis/build/kaitai-io/ci_targets/tests/compiled/cpp_stl_11/enum_to_i_class_border_2.cpp:4:0:
/home/travis/build/kaitai-io/ci_targets/tests/compiled/cpp_stl_11/enum_to_i_class_border_2.h:33:5: error: ‘enum_to_i_class_border_1_t’ does not name a type
     enum_to_i_class_border_1_t* m_parent;
     ^
/home/travis/build/kaitai-io/ci_targets/tests/compiled/cpp_stl_11/enum_to_i_class_border_2.h:38:5: error: ‘enum_to_i_class_border_1_t’ does not name a type
     enum_to_i_class_border_1_t* parent() const { return m_parent; }
     ^
make[2]: *** [CMakeFiles/ks_tests.dir/home/travis/build/kaitai-io/ci_targets/tests/compiled/cpp_stl_11/process_repeat_bytes.cpp.o] Error 1
/home/travis/build/kaitai-io/ci_targets/tests/compiled/cpp_stl_11/enum_to_i_class_border_2.cpp:7:1: error: prototype for ‘enum_to_i_class_border_2_t::enum_to_i_class_border_2_t(enum_to_i_class_border_1_t*, kaitai::kstream*, kaitai::kstruct*, enum_to_i_class_border_2_t*)’ does not match any in class ‘enum_to_i_class_border_2_t’
 enum_to_i_class_border_2_t::enum_to_i_class_border_2_t(enum_to_i_class_border_1_t* p_parent, kaitai::kstream* p__io, kaitai::kstruct* p__parent, enum_to_i_class_border_2_t* p__root) : kaitai::kstruct(p__io) {
 ^
In file included from /home/travis/build/kaitai-io/ci_targets/tests/compiled/cpp_stl_11/enum_to_i_class_border_2.cpp:4:0:
/home/travis/build/kaitai-io/ci_targets/tests/compiled/cpp_stl_11/enum_to_i_class_border_2.h:13:7: error: candidates are: constexpr enum_to_i_class_border_2_t::enum_to_i_class_border_2_t(const enum_to_i_class_border_2_t&)
 class enum_to_i_class_border_2_t : public kaitai::kstruct {
       ^
/home/travis/build/kaitai-io/ci_targets/tests/compiled/cpp_stl_11/enum_to_i_class_border_2.h:13:7: error:                 enum_to_i_class_border_2_t::enum_to_i_class_border_2_t()
/home/travis/build/kaitai-io/ci_targets/tests/compiled/cpp_stl_11/enum_to_i_class_border_2.cpp: In member function ‘bool enum_to_i_class_border_2_t::is_dog()’:
/home/travis/build/kaitai-io/ci_targets/tests/compiled/cpp_stl_11/enum_to_i_class_border_2.cpp:24:23: error: ‘parent’ was not declared in this scope
     m_is_dog = parent()->some_dog() == 4;
                       ^
[ 86%] Building CXX object CMakeFiles/ks_tests.dir/home/travis/build/kaitai-io/ci_targets/tests/compiled/cpp_stl_11/imports0.cpp.o
[ 87%] Building CXX object CMakeFiles/ks_tests.dir/home/travis/build/kaitai-io/ci_targets/tests/compiled/cpp_stl_11/imported_and_abs.cpp.o
[ 87%] Building CXX object CMakeFiles/ks_tests.dir/home/travis/build/kaitai-io/ci_targets/tests/compiled/cpp_stl_11/js_signed_right_shift.cpp.o
make[2]: *** [CMakeFiles/ks_tests.dir/home/travis/build/kaitai-io/ci_targets/tests/compiled/cpp_stl_11/enum_to_i_class_border_2.cpp.o] Error 1
[ 88%] Building CXX object CMakeFiles/ks_tests.dir/home/travis/build/kaitai-io/ci_targets/tests/compiled/cpp_stl_11/enum_fancy.cpp.o
[ 88%] Building CXX object CMakeFiles/ks_tests.dir/home/travis/build/kaitai-io/ci_targets/tests/compiled/cpp_stl_11/optional_id.cpp.o
In file included from /home/travis/build/kaitai-io/ci_targets/tests/compiled/cpp_stl_11/enum_import.cpp:4:0:
/home/travis/build/kaitai-io/ci_targets/tests/compiled/cpp_stl_11/enum_import.h:26:5: error: ‘enum_0_t’ does not name a type
     enum_0_t::animal_t m_pet_1;
     ^
/home/travis/build/kaitai-io/ci_targets/tests/compiled/cpp_stl_11/enum_import.h:27:5: error: ‘enum_deep_t’ does not name a type
     enum_deep_t::container1_t::container2_t::animal_t m_pet_2;
     ^
/home/travis/build/kaitai-io/ci_targets/tests/compiled/cpp_stl_11/enum_import.h:32:5: error: ‘enum_0_t’ does not name a type
     enum_0_t::animal_t pet_1() const { return m_pet_1; }
     ^
/home/travis/build/kaitai-io/ci_targets/tests/compiled/cpp_stl_11/enum_import.h:33:5: error: ‘enum_deep_t’ does not name a type
     enum_deep_t::container1_t::container2_t::animal_t pet_2() const { return m_pet_2; }
     ^
/home/travis/build/kaitai-io/ci_targets/tests/compiled/cpp_stl_11/enum_import.cpp: In member function ‘void enum_import_t::_read()’:
/home/travis/build/kaitai-io/ci_targets/tests/compiled/cpp_stl_11/enum_import.cpp:13:5: error: ‘m_pet_1’ was not declared in this scope
     m_pet_1 = static_cast<enum_0_t::animal_t>(m__io->read_u4le());
     ^
/home/travis/build/kaitai-io/ci_targets/tests/compiled/cpp_stl_11/enum_import.cpp:13:27: error: expected type-specifier before ‘enum_0_t’
     m_pet_1 = static_cast<enum_0_t::animal_t>(m__io->read_u4le());
                           ^
/home/travis/build/kaitai-io/ci_targets/tests/compiled/cpp_stl_11/enum_import.cpp:13:27: error: expected ‘>’ before ‘enum_0_t’
/home/travis/build/kaitai-io/ci_targets/tests/compiled/cpp_stl_11/enum_import.cpp:13:27: error: expected ‘(’ before ‘enum_0_t’
/home/travis/build/kaitai-io/ci_targets/tests/compiled/cpp_stl_11/enum_import.cpp:13:27: error: ‘enum_0_t’ has not been declared
/home/travis/build/kaitai-io/ci_targets/tests/compiled/cpp_stl_11/enum_import.cpp:13:66: error: expected ‘)’ before ‘;’ token
     m_pet_1 = static_cast<enum_0_t::animal_t>(m__io->read_u4le());
                                                                  ^
/home/travis/build/kaitai-io/ci_targets/tests/compiled/cpp_stl_11/enum_import.cpp:14:5: error: ‘m_pet_2’ was not declared in this scope
     m_pet_2 = static_cast<enum_deep_t::container1_t::container2_t::animal_t>(m__io->read_u4le());
     ^
/home/travis/build/kaitai-io/ci_targets/tests/compiled/cpp_stl_11/enum_import.cpp:14:27: error: expected type-specifier before ‘enum_deep_t’
     m_pet_2 = static_cast<enum_deep_t::container1_t::container2_t::animal_t>(m__io->read_u4le());
                           ^
/home/travis/build/kaitai-io/ci_targets/tests/compiled/cpp_stl_11/enum_import.cpp:14:27: error: expected ‘>’ before ‘enum_deep_t’
/home/travis/build/kaitai-io/ci_targets/tests/compiled/cpp_stl_11/enum_import.cpp:14:27: error: expected ‘(’ before ‘enum_deep_t’
/home/travis/build/kaitai-io/ci_targets/tests/compiled/cpp_stl_11/enum_import.cpp:14:27: error: ‘enum_deep_t’ has not been declared
/home/travis/build/kaitai-io/ci_targets/tests/compiled/cpp_stl_11/enum_import.cpp:14:97: error: expected ‘)’ before ‘;’ token
     m_pet_2 = static_cast<enum_deep_t::container1_t::container2_t::animal_t>(m__io->read_u4le());
                                                                                                 ^
make[2]: *** [CMakeFiles/ks_tests.dir/home/travis/build/kaitai-io/ci_targets/tests/compiled/cpp_stl_11/enum_import.cpp.o] Error 1
[ 88%] Building CXX object CMakeFiles/ks_tests.dir/home/travis/build/kaitai-io/ci_targets/tests/compiled/cpp_stl_11/valid_switch.cpp.o
[ 89%] Building CXX object CMakeFiles/ks_tests.dir/home/travis/build/kaitai-io/ci_targets/tests/compiled/cpp_stl_11/repeat_until_s4.cpp.o
[ 89%] Building CXX object CMakeFiles/ks_tests.dir/home/travis/build/kaitai-io/ci_targets/tests/compiled/cpp_stl_11/instance_std.cpp.o
[ 89%] Building CXX object CMakeFiles/ks_tests.dir/home/travis/build/kaitai-io/ci_targets/tests/compiled/cpp_stl_11/enum_int_range_u.cpp.o
[ 90%] Building CXX object CMakeFiles/ks_tests.dir/home/travis/build/kaitai-io/ci_targets/tests/compiled/cpp_stl_11/enum_deep_literals.cpp.o
[ 90%] Building CXX object CMakeFiles/ks_tests.dir/home/travis/build/kaitai-io/ci_targets/tests/compiled/cpp_stl_11/imports_abs_rel.cpp.o
[ 90%] Building CXX object CMakeFiles/ks_tests.dir/home/travis/build/kaitai-io/ci_targets/tests/compiled/cpp_stl_11/str_literals.cpp.o
[ 91%] Building CXX object CMakeFiles/ks_tests.dir/home/travis/build/kaitai-io/ci_targets/tests/compiled/cpp_stl_11/process_xor_const.cpp.o
[ 91%] Building CXX object CMakeFiles/ks_tests.dir/home/travis/build/kaitai-io/ci_targets/tests/compiled/cpp_stl_11/valid_not_parsed_if.cpp.o
[ 91%] Building CXX object CMakeFiles/ks_tests.dir/home/travis/build/kaitai-io/ci_targets/tests/compiled/cpp_stl_11/enum_0.cpp.o
[ 92%] Building CXX object CMakeFiles/ks_tests.dir/home/travis/build/kaitai-io/ci_targets/tests/compiled/cpp_stl_11/valid_fail_eq_bytes.cpp.o
[ 92%] Building CXX object CMakeFiles/ks_tests.dir/home/travis/build/kaitai-io/ci_targets/tests/compiled/cpp_stl_11/expr_enum.cpp.o
[ 92%] Building CXX object CMakeFiles/ks_tests.dir/home/travis/build/kaitai-io/ci_targets/tests/compiled/cpp_stl_11/expr_1.cpp.o
[ 93%] Building CXX object CMakeFiles/ks_tests.dir/home/travis/build/kaitai-io/ci_targets/tests/compiled/cpp_stl_11/opaque_with_param.cpp.o
[ 93%] Building CXX object CMakeFiles/ks_tests.dir/home/travis/build/kaitai-io/ci_targets/tests/compiled/cpp_stl_11/term_strz.cpp.o
[ 93%] Building CXX object CMakeFiles/ks_tests.dir/home/travis/build/kaitai-io/ci_targets/tests/compiled/cpp_stl_11/index_sizes.cpp.o
[ 94%] Building CXX object CMakeFiles/ks_tests.dir/home/travis/build/kaitai-io/ci_targets/tests/compiled/cpp_stl_11/expr_bytes_ops.cpp.o
[ 94%] Building CXX object CMakeFiles/ks_tests.dir/home/travis/build/kaitai-io/ci_targets/tests/compiled/cpp_stl_11/expr_mod.cpp.o
[ 94%] Building CXX object CMakeFiles/ks_tests.dir/home/travis/build/kaitai-io/ci_targets/tests/compiled/cpp_stl_11/imported_2.cpp.o
[ 95%] Building CXX object CMakeFiles/ks_tests.dir/home/travis/build/kaitai-io/ci_targets/tests/compiled/cpp_stl_11/valid_fail_max_int.cpp.o
[ 95%] Building CXX object CMakeFiles/ks_tests.dir/home/travis/build/kaitai-io/ci_targets/tests/compiled/cpp_stl_11/float_to_i.cpp.o
[ 95%] Building CXX object CMakeFiles/ks_tests.dir/home/travis/build/kaitai-io/ci_targets/tests/compiled/cpp_stl_11/valid_fail_anyof_int.cpp.o
[ 96%] Building CXX object CMakeFiles/ks_tests.dir/home/travis/build/kaitai-io/ci_targets/tests/compiled/cpp_stl_11/enum_long_range_u.cpp.o
[ 96%] Building CXX object CMakeFiles/ks_tests.dir/home/travis/build/kaitai-io/ci_targets/tests/compiled/cpp_stl_11/integers.cpp.o
[ 96%] Building CXX object CMakeFiles/ks_tests.dir/home/travis/build/kaitai-io/ci_targets/tests/compiled/cpp_stl_11/repeat_eos_u4.cpp.o
[ 97%] Building CXX object CMakeFiles/ks_tests.dir/home/travis/build/kaitai-io/ci_targets/tests/compiled/cpp_stl_11/imports_abs.cpp.o
[ 97%] Building CXX object CMakeFiles/ks_tests.dir/home/travis/build/kaitai-io/ci_targets/tests/compiled/cpp_stl_11/str_pad_term_empty.cpp.o
[ 97%] Building CXX object CMakeFiles/ks_tests.dir/home/travis/build/kaitai-io/ci_targets/tests/compiled/cpp_stl_11/fixed_contents.cpp.o
/home/travis/build/kaitai-io/ci_targets/tests/compiled/cpp_stl_11/valid_fail_anyof_int.cpp: In member function ‘void valid_fail_anyof_int_t::_read()’:
/home/travis/build/kaitai-io/ci_targets/tests/compiled/cpp_stl_11/valid_fail_anyof_int.cpp:16:95: error: no matching function for call to ‘kaitai::validation_not_any_of_error<unsigned char>::validation_not_any_of_error(uint8_t, kaitai::kstream*, std::string)’
         throw kaitai::validation_not_any_of_error<uint8_t>(foo(), _io(), std::string("/seq/0"));
                                                                                               ^
/home/travis/build/kaitai-io/ci_targets/tests/compiled/cpp_stl_11/valid_fail_anyof_int.cpp:16:95: note: candidates are:
In file included from /home/travis/build/kaitai-io/ci_targets/tests/compiled/cpp_stl_11/valid_fail_anyof_int.cpp:5:0:
/home/travis/build/kaitai-io/ci_targets/tests/spec/cpp_stl_11/../../../runtime/cpp_stl/kaitai/exceptions.h:152:5: note: kaitai::validation_not_any_of_error<T>::validation_not_any_of_error(const T&, const T&, const kaitai::kstream*, std::string) [with T = unsigned char; std::string = std::basic_string<char>]
     validation_not_any_of_error<T>(const T& max, const T& actual, const kstream* io, const std::string src_path):
     ^
/home/travis/build/kaitai-io/ci_targets/tests/spec/cpp_stl_11/../../../runtime/cpp_stl/kaitai/exceptions.h:152:5: note:   candidate expects 4 arguments, 3 provided
/home/travis/build/kaitai-io/ci_targets/tests/spec/cpp_stl_11/../../../runtime/cpp_stl/kaitai/exceptions.h:150:7: note: kaitai::validation_not_any_of_error<unsigned char>::validation_not_any_of_error(const kaitai::validation_not_any_of_error<unsigned char>&)
 class validation_not_any_of_error: public validation_failed_error {
       ^
/home/travis/build/kaitai-io/ci_targets/tests/spec/cpp_stl_11/../../../runtime/cpp_stl/kaitai/exceptions.h:150:7: note:   candidate expects 1 argument, 3 provided
/home/travis/build/kaitai-io/ci_targets/tests/compiled/cpp_stl_11/imports_abs.cpp:5:28: fatal error: vlq_base128_le.h: No such file or directory
 #include "vlq_base128_le.h"
                            ^
compilation terminated.
make[2]: *** [CMakeFiles/ks_tests.dir/home/travis/build/kaitai-io/ci_targets/tests/compiled/cpp_stl_11/valid_fail_anyof_int.cpp.o] Error 1
[ 98%] Building CXX object CMakeFiles/ks_tests.dir/home/travis/build/kaitai-io/ci_targets/tests/compiled/cpp_stl_11/expr_bytes_cmp.cpp.o
[ 98%] Building CXX object CMakeFiles/ks_tests.dir/home/travis/build/kaitai-io/ci_targets/tests/compiled/cpp_stl_11/process_xor4_value.cpp.o
[ 98%] Building CXX object CMakeFiles/ks_tests.dir/home/travis/build/kaitai-io/ci_targets/tests/compiled/cpp_stl_11/expr_array.cpp.o
make[2]: *** [CMakeFiles/ks_tests.dir/home/travis/build/kaitai-io/ci_targets/tests/compiled/cpp_stl_11/imports_abs.cpp.o] Error 1
[ 99%] Building CXX object CMakeFiles/ks_tests.dir/home/travis/build/kaitai-io/ci_targets/tests/compiled/cpp_stl_11/zlib_with_header_78.cpp.o
[ 99%] Building CXX object CMakeFiles/ks_tests.dir/home/travis/build/kaitai-io/ci_targets/tests/compiled/cpp_stl_11/docstrings_docref.cpp.o
make[2]: Target `CMakeFiles/ks_tests.dir/build' not remade because of errors.
make[1]: *** [CMakeFiles/ks_tests.dir/all] Error 2
make[1]: Target `all' not remade because of errors.
make: *** [all] Error 2
make: Target `default_target' not remade because of errors.
