Scanning dependencies of target ks_tests
[  1%] Linking CXX executable ks_tests
CMakeFiles/ks_tests.dir/test_params_pass_array_usertype.cpp.o: In function `test_params_pass_array_usertype::test_method()':
/home/travis/build/kaitai-io/ci_targets/tests/spec/cpp_stl_11/test_params_pass_array_usertype.cpp:12: undefined reference to `params_pass_array_usertype_t::params_pass_array_usertype_t(kaitai::kstream*, kaitai::kstruct*, params_pass_array_usertype_t*)'
CMakeFiles/ks_tests.dir/test_process_repeat_bytes.cpp.o: In function `test_process_repeat_bytes::test_method()':
/home/travis/build/kaitai-io/ci_targets/tests/spec/cpp_stl_11/test_process_repeat_bytes.cpp:12: undefined reference to `process_repeat_bytes_t::process_repeat_bytes_t(kaitai::kstream*, kaitai::kstruct*, process_repeat_bytes_t*)'
CMakeFiles/ks_tests.dir/test_params_pass_array_str.cpp.o: In function `test_params_pass_array_str::test_method()':
/home/travis/build/kaitai-io/ci_targets/tests/spec/cpp_stl_11/test_params_pass_array_str.cpp:12: undefined reference to `params_pass_array_str_t::params_pass_array_str_t(kaitai::kstream*, kaitai::kstruct*, params_pass_array_str_t*)'
CMakeFiles/ks_tests.dir/test_enum_to_i_class_border_1.cpp.o: In function `test_enum_to_i_class_border_1::test_method()':
/home/travis/build/kaitai-io/ci_targets/tests/spec/cpp_stl_11/test_enum_to_i_class_border_1.cpp:13: undefined reference to `enum_to_i_class_border_1_t::enum_to_i_class_border_1_t(kaitai::kstream*, kaitai::kstruct*, enum_to_i_class_border_1_t*)'
/home/travis/build/kaitai-io/ci_targets/tests/spec/cpp_stl_11/test_enum_to_i_class_border_1.cpp:17: undefined reference to `enum_to_i_class_border_1_t::checker()'
/home/travis/build/kaitai-io/ci_targets/tests/spec/cpp_stl_11/test_enum_to_i_class_border_1.cpp:17: undefined reference to `enum_to_i_class_border_2_t::is_dog()'
CMakeFiles/ks_tests.dir/test_switch_manual_str_else.cpp.o: In function `test_switch_manual_str_else::test_method()':
/home/travis/build/kaitai-io/ci_targets/tests/spec/cpp_stl_11/test_switch_manual_str_else.cpp:12: undefined reference to `switch_manual_str_else_t::switch_manual_str_else_t(kaitai::kstream*, kaitai::kstruct*, switch_manual_str_else_t*)'
CMakeFiles/ks_tests.dir/test_repeat_until_calc_array_type.cpp.o: In function `test_repeat_until_calc_array_type::test_method()':
/home/travis/build/kaitai-io/ci_targets/tests/spec/cpp_stl_11/test_repeat_until_calc_array_type.cpp:12: undefined reference to `repeat_until_calc_array_type_t::repeat_until_calc_array_type_t(kaitai::kstream*, kaitai::kstruct*, repeat_until_calc_array_type_t*)'
CMakeFiles/ks_tests.dir/test_expr_calc_array_ops.cpp.o: In function `test_expr_calc_array_ops::test_method()':
/home/travis/build/kaitai-io/ci_targets/tests/spec/cpp_stl_11/test_expr_calc_array_ops.cpp:12: undefined reference to `expr_calc_array_ops_t::expr_calc_array_ops_t(kaitai::kstream*, kaitai::kstruct*, expr_calc_array_ops_t*)'
/home/travis/build/kaitai-io/ci_targets/tests/spec/cpp_stl_11/test_expr_calc_array_ops.cpp:14: undefined reference to `expr_calc_array_ops_t::int_array_size()'
/home/travis/build/kaitai-io/ci_targets/tests/spec/cpp_stl_11/test_expr_calc_array_ops.cpp:15: undefined reference to `expr_calc_array_ops_t::int_array_first()'
/home/travis/build/kaitai-io/ci_targets/tests/spec/cpp_stl_11/test_expr_calc_array_ops.cpp:16: undefined reference to `expr_calc_array_ops_t::int_array_mid()'
/home/travis/build/kaitai-io/ci_targets/tests/spec/cpp_stl_11/test_expr_calc_array_ops.cpp:17: undefined reference to `expr_calc_array_ops_t::int_array_last()'
/home/travis/build/kaitai-io/ci_targets/tests/spec/cpp_stl_11/test_expr_calc_array_ops.cpp:18: undefined reference to `expr_calc_array_ops_t::int_array_min()'
/home/travis/build/kaitai-io/ci_targets/tests/spec/cpp_stl_11/test_expr_calc_array_ops.cpp:19: undefined reference to `expr_calc_array_ops_t::int_array_max()'
/home/travis/build/kaitai-io/ci_targets/tests/spec/cpp_stl_11/test_expr_calc_array_ops.cpp:20: undefined reference to `expr_calc_array_ops_t::double_array_size()'
/home/travis/build/kaitai-io/ci_targets/tests/spec/cpp_stl_11/test_expr_calc_array_ops.cpp:21: undefined reference to `expr_calc_array_ops_t::double_array_first()'
/home/travis/build/kaitai-io/ci_targets/tests/spec/cpp_stl_11/test_expr_calc_array_ops.cpp:22: undefined reference to `expr_calc_array_ops_t::double_array_mid()'
/home/travis/build/kaitai-io/ci_targets/tests/spec/cpp_stl_11/test_expr_calc_array_ops.cpp:23: undefined reference to `expr_calc_array_ops_t::double_array_last()'
/home/travis/build/kaitai-io/ci_targets/tests/spec/cpp_stl_11/test_expr_calc_array_ops.cpp:24: undefined reference to `expr_calc_array_ops_t::double_array_min()'
/home/travis/build/kaitai-io/ci_targets/tests/spec/cpp_stl_11/test_expr_calc_array_ops.cpp:25: undefined reference to `expr_calc_array_ops_t::double_array_max()'
/home/travis/build/kaitai-io/ci_targets/tests/spec/cpp_stl_11/test_expr_calc_array_ops.cpp:26: undefined reference to `expr_calc_array_ops_t::str_array_size()'
/home/travis/build/kaitai-io/ci_targets/tests/spec/cpp_stl_11/test_expr_calc_array_ops.cpp:27: undefined reference to `expr_calc_array_ops_t::str_array_first()'
/home/travis/build/kaitai-io/ci_targets/tests/spec/cpp_stl_11/test_expr_calc_array_ops.cpp:28: undefined reference to `expr_calc_array_ops_t::str_array_mid()'
/home/travis/build/kaitai-io/ci_targets/tests/spec/cpp_stl_11/test_expr_calc_array_ops.cpp:29: undefined reference to `expr_calc_array_ops_t::str_array_last()'
/home/travis/build/kaitai-io/ci_targets/tests/spec/cpp_stl_11/test_expr_calc_array_ops.cpp:30: undefined reference to `expr_calc_array_ops_t::str_array_min()'
/home/travis/build/kaitai-io/ci_targets/tests/spec/cpp_stl_11/test_expr_calc_array_ops.cpp:31: undefined reference to `expr_calc_array_ops_t::str_array_max()'
CMakeFiles/ks_tests.dir/test_nav_parent_switch_cast.cpp.o: In function `test_nav_parent_switch_cast::test_method()':
/home/travis/build/kaitai-io/ci_targets/tests/spec/cpp_stl_11/test_nav_parent_switch_cast.cpp:12: undefined reference to `nav_parent_switch_cast_t::nav_parent_switch_cast_t(kaitai::kstream*, kaitai::kstruct*, nav_parent_switch_cast_t*)'
/home/travis/build/kaitai-io/ci_targets/tests/spec/cpp_stl_11/test_nav_parent_switch_cast.cpp:16: undefined reference to `nav_parent_switch_cast_t::foo_t::common_t::flag()'
CMakeFiles/ks_tests.dir/test_expr_ops_parens.cpp.o: In function `test_expr_ops_parens::test_method()':
/home/travis/build/kaitai-io/ci_targets/tests/spec/cpp_stl_11/test_expr_ops_parens.cpp:13: undefined reference to `expr_ops_parens_t::expr_ops_parens_t(kaitai::kstream*, kaitai::kstruct*, expr_ops_parens_t*)'
/home/travis/build/kaitai-io/ci_targets/tests/spec/cpp_stl_11/test_expr_ops_parens.cpp:16: undefined reference to `expr_ops_parens_t::i_sum_to_str()'
/home/travis/build/kaitai-io/ci_targets/tests/spec/cpp_stl_11/test_expr_ops_parens.cpp:17: undefined reference to `expr_ops_parens_t::str_concat_len()'
/home/travis/build/kaitai-io/ci_targets/tests/spec/cpp_stl_11/test_expr_ops_parens.cpp:18: undefined reference to `expr_ops_parens_t::str_concat_rev()'
/home/travis/build/kaitai-io/ci_targets/tests/spec/cpp_stl_11/test_expr_ops_parens.cpp:19: undefined reference to `expr_ops_parens_t::str_concat_substr_2_to_7()'
/home/travis/build/kaitai-io/ci_targets/tests/spec/cpp_stl_11/test_expr_ops_parens.cpp:20: undefined reference to `expr_ops_parens_t::str_concat_to_i()'
/home/travis/build/kaitai-io/ci_targets/tests/spec/cpp_stl_11/test_expr_ops_parens.cpp:21: undefined reference to `expr_ops_parens_t::bool_eq()'
/home/travis/build/kaitai-io/ci_targets/tests/spec/cpp_stl_11/test_expr_ops_parens.cpp:22: undefined reference to `expr_ops_parens_t::bool_and()'
/home/travis/build/kaitai-io/ci_targets/tests/spec/cpp_stl_11/test_expr_ops_parens.cpp:23: undefined reference to `expr_ops_parens_t::bool_or()'
CMakeFiles/ks_tests.dir/test_switch_manual_enum_invalid_else.cpp.o: In function `test_switch_manual_enum_invalid_else::test_method()':
/home/travis/build/kaitai-io/ci_targets/tests/spec/cpp_stl_11/test_switch_manual_enum_invalid_else.cpp:11: undefined reference to `switch_manual_enum_invalid_else_t::switch_manual_enum_invalid_else_t(kaitai::kstream*, kaitai::kstruct*, switch_manual_enum_invalid_else_t*)'
/home/travis/build/kaitai-io/ci_targets/tests/spec/cpp_stl_11/test_switch_manual_enum_invalid_else.cpp:16: undefined reference to `switch_manual_enum_invalid_else_t::opcode_t::defval_t::value()'
/home/travis/build/kaitai-io/ci_targets/tests/spec/cpp_stl_11/test_switch_manual_enum_invalid_else.cpp:18: undefined reference to `switch_manual_enum_invalid_else_t::opcode_t::defval_t::value()'
CMakeFiles/ks_tests.dir/test_debug_switch_user.cpp.o: In function `test_debug_switch_user::test_method()':
/home/travis/build/kaitai-io/ci_targets/tests/spec/cpp_stl_11/test_debug_switch_user.cpp:13: undefined reference to `debug_switch_user_t::debug_switch_user_t(kaitai::kstream*, kaitai::kstruct*, debug_switch_user_t*)'
/home/travis/build/kaitai-io/ci_targets/tests/spec/cpp_stl_11/test_debug_switch_user.cpp:14: undefined reference to `debug_switch_user_t::_read()'
CMakeFiles/ks_tests.dir/test_switch_manual_int_size_else.cpp.o: In function `test_switch_manual_int_size_else::test_method()':
/home/travis/build/kaitai-io/ci_targets/tests/spec/cpp_stl_11/test_switch_manual_int_size_else.cpp:13: undefined reference to `switch_manual_int_size_else_t::switch_manual_int_size_else_t(kaitai::kstream*, kaitai::kstruct*, switch_manual_int_size_else_t*)'
CMakeFiles/ks_tests.dir/test_params_pass_array_int.cpp.o: In function `test_params_pass_array_int::test_method()':
/home/travis/build/kaitai-io/ci_targets/tests/spec/cpp_stl_11/test_params_pass_array_int.cpp:12: undefined reference to `params_pass_array_int_t::params_pass_array_int_t(kaitai::kstream*, kaitai::kstruct*, params_pass_array_int_t*)'
CMakeFiles/ks_tests.dir/test_switch_manual_int_else.cpp.o: In function `test_switch_manual_int_else::test_method()':
/home/travis/build/kaitai-io/ci_targets/tests/spec/cpp_stl_11/test_switch_manual_int_else.cpp:12: undefined reference to `switch_manual_int_else_t::switch_manual_int_else_t(kaitai::kstream*, kaitai::kstruct*, switch_manual_int_else_t*)'
CMakeFiles/ks_tests.dir/test_params_pass_array_struct.cpp.o: In function `test_params_pass_array_struct::test_method()':
/home/travis/build/kaitai-io/ci_targets/tests/spec/cpp_stl_11/test_params_pass_array_struct.cpp:12: undefined reference to `params_pass_array_struct_t::params_pass_array_struct_t(kaitai::kstream*, kaitai::kstruct*, params_pass_array_struct_t*)'
collect2: error: ld returned 1 exit status
make[2]: *** [ks_tests] Error 1
make[2]: Target `CMakeFiles/ks_tests.dir/build' not remade because of errors.
make[1]: *** [CMakeFiles/ks_tests.dir/all] Error 2
make[1]: Target `all' not remade because of errors.
make: *** [all] Error 2
make: Target `default_target' not remade because of errors.
