Microsoft (R) Build Engine version 15.9.21+g9802d43bc3 for .NET Framework
Copyright (C) Microsoft Corporation. All rights reserved.

Building the projects in this solution one at a time. To enable parallel build, please add the "/m" switch.
Build started 8/12/2020 8:53:54 AM.
Project "C:\projects\ci-targets\tests\compiled\cpp_stl_11\bin\KS_TEST_CPP_STL.sln" on node 1 (default targets).
ValidateSolutionConfiguration:
  Building solution configuration "Debug|x64".
ValidateProjects:
  The project "ALL_BUILD" is not selected for building in solution configuration "Debug|x64".
  The project "RUN_TESTS" is not selected for building in solution configuration "Debug|x64".
Project "C:\projects\ci-targets\tests\compiled\cpp_stl_11\bin\KS_TEST_CPP_STL.sln" (1) is building "C:\projects\ci-targets\tests\compiled\cpp_stl_11\bin\ZERO_CHECK.vcxproj" (2) on node 1 (default targets).
InitializeBuildStatus:
  Creating "x64\Debug\ZERO_CHECK\ZERO_CHECK.tlog\unsuccessfulbuild" because "AlwaysCreate" was specified.
CustomBuild:
  All outputs are up-to-date.
FinalizeBuildStatus:
  Deleting file "x64\Debug\ZERO_CHECK\ZERO_CHECK.tlog\unsuccessfulbuild".
  Touching "x64\Debug\ZERO_CHECK\ZERO_CHECK.tlog\ZERO_CHECK.lastbuildstate".
Done Building Project "C:\projects\ci-targets\tests\compiled\cpp_stl_11\bin\ZERO_CHECK.vcxproj" (default targets).
Project "C:\projects\ci-targets\tests\compiled\cpp_stl_11\bin\KS_TEST_CPP_STL.sln" (1) is building "C:\projects\ci-targets\tests\compiled\cpp_stl_11\bin\ks_tests.vcxproj.metaproj" (3) on node 1 (default targets).
Project "C:\projects\ci-targets\tests\compiled\cpp_stl_11\bin\ks_tests.vcxproj.metaproj" (3) is building "C:\projects\ci-targets\tests\compiled\cpp_stl_11\bin\ks_tests.vcxproj" (4) on node 1 (default targets).
InitializeBuildStatus:
  Touching "ks_tests.dir\Debug\ks_tests.tlog\unsuccessfulbuild".
CustomBuild:
  All outputs are up-to-date.
VcpkgTripletSelection:
  Not using Vcpkg because VcpkgEnabled is "false"
ClCompile:
  C:\Program Files (x86)\Microsoft Visual Studio\2017\Community\VC\Tools\MSVC\14.16.27023\bin\HostX86\x64\CL.exe /c /I"C:\projects\ci-targets\tests\compiled\cpp_stl_11\bin" /I"C:\projects\ci-targets\tests\compiled\cpp_stl_11" /I"C:\projects\ci-targets\tests\spec\cpp_stl_11\..\..\..\runtime\cpp_stl" /I"C:\projects\ci-targets\tests\spec\cpp_stl_11\prereq" /I"C:\Tools\vcpkg\installed\x64-windows\include" /Zi /nologo /W3 /WX- /diagnostics:classic /Od /Ob0 /D WIN32 /D _WINDOWS /D KS_ZLIB /D KS_STR_ENCODING_ICONV /D "CMAKE_INTDIR=\"Debug\"" /D _MBCS /Gm- /EHsc /RTC1 /MDd /GS /fp:precise /Zc:wchar_t /Zc:forScope /Zc:inline /GR /std:c++14 /Fo"ks_tests.dir\Debug\\" /Fd"ks_tests.dir\Debug\vc141.pdb" /Gd /TP /errorReport:queue  /utf-8 "C:\projects\ci-targets\runtime\cpp_stl\kaitai\kaitaistream.cpp" "C:\projects\ci-targets\tests\spec\cpp_stl_11\test_combine_str.cpp" "C:\projects\ci-targets\tests\spec\cpp_stl_11\test_enum_for_unknown_id.cpp" "C:\projects\ci-targets\tests\spec\cpp_stl_11\test_enum_int_range_s.cpp" "C:\projects\ci-targets\tests\spec\cpp_stl_11\test_expr_array.cpp" "C:\projects\ci-targets\tests\spec\cpp_stl_11\test_expr_bytes_ops.cpp" "C:\projects\ci-targets\tests\spec\cpp_stl_11\test_floating_points.cpp" "C:\projects\ci-targets\tests\spec\cpp_stl_11\test_imports_rel_1.cpp" "C:\projects\ci-targets\tests\spec\cpp_stl_11\test_integers.cpp" "C:\projects\ci-targets\tests\spec\cpp_stl_11\test_nested_types2.cpp" "C:\projects\ci-targets\tests\spec\cpp_stl_11\test_position_to_end.cpp" "C:\projects\ci-targets\tests\spec\cpp_stl_11\test_process_coerce_usertype1.cpp" "C:\projects\ci-targets\tests\spec\cpp_stl_11\test_repeat_n_strz.cpp" "C:\projects\ci-targets\tests\spec\cpp_stl_11\test_switch_manual_enum_invalid_else.cpp" "C:\projects\ci-targets\tests\spec\cpp_stl_11\test_valid_fail_contents.cpp" "C:\projects\ci-targets\tests\compiled\cpp_stl_11\bits_byte_aligned.cpp" "C:\projects\ci-targets\tests\compiled\cpp_stl_11\default_big_endian.cpp" "C:\projects\ci-targets\tests\compiled\cpp_stl_11\default_endian_expr_exception.cpp" "C:\projects\ci-targets\tests\compiled\cpp_stl_11\enum_int_range_s.cpp" "C:\projects\ci-targets\tests\compiled\cpp_stl_11\enum_long_range_u.cpp" "C:\projects\ci-targets\tests\compiled\cpp_stl_11\eof_exception_bytes.cpp" "C:\projects\ci-targets\tests\compiled\cpp_stl_11\expr_if_int_ops.cpp" "C:\projects\ci-targets\tests\compiled\cpp_stl_11\expr_sizeof_type_0.cpp" "C:\projects\ci-targets\tests\compiled\cpp_stl_11\imported_2.cpp" "C:\projects\ci-targets\tests\compiled\cpp_stl_11\imports_circular_a.cpp" "C:\projects\ci-targets\tests\compiled\cpp_stl_11\imports_rel_1.cpp" "C:\projects\ci-targets\tests\compiled\cpp_stl_11\integers_min_max.cpp" "C:\projects\ci-targets\tests\compiled\cpp_stl_11\nav_parent_vs_value_inst.cpp" "C:\projects\ci-targets\tests\compiled\cpp_stl_11\nested_types3.cpp" "C:\projects\ci-targets\tests\compiled\cpp_stl_11\params_pass_array_str.cpp" "C:\projects\ci-targets\tests\compiled\cpp_stl_11\params_pass_struct.cpp" "C:\projects\ci-targets\tests\compiled\cpp_stl_11\position_to_end.cpp" "C:\projects\ci-targets\tests\compiled\cpp_stl_11\repeat_n_strz_double.cpp" "C:\projects\ci-targets\tests\compiled\cpp_stl_11\repeat_until_complex.cpp" "C:\projects\ci-targets\tests\compiled\cpp_stl_11\switch_manual_int.cpp"
  kaitaistream.cpp
C:\projects\ci-targets\runtime\cpp_stl\kaitai\kaitaistream.cpp(526): warning C4267: '=': conversion from 'size_t' to 'uInt', possible loss of data [C:\projects\ci-targets\tests\compiled\cpp_stl_11\bin\ks_tests.vcxproj]
  test_combine_str.cpp
  test_enum_for_unknown_id.cpp
  test_enum_int_range_s.cpp
C:\projects\ci-targets\tests\compiled\cpp_stl_11\enum_int_range_s.h(18): warning C4146: unary minus operator applied to unsigned type, result still unsigned [C:\projects\ci-targets\tests\compiled\cpp_stl_11\bin\ks_tests.vcxproj]
  test_expr_array.cpp
  test_expr_bytes_ops.cpp
  test_floating_points.cpp
  test_imports_rel_1.cpp
  test_integers.cpp
  test_nested_types2.cpp
  test_position_to_end.cpp
  test_process_coerce_usertype1.cpp
  test_repeat_n_strz.cpp
  test_switch_manual_enum_invalid_else.cpp
  test_valid_fail_contents.cpp
  bits_byte_aligned.cpp
  default_big_endian.cpp
  default_endian_expr_exception.cpp
  enum_int_range_s.cpp
c:\projects\ci-targets\tests\compiled\cpp_stl_11\enum_int_range_s.h(18): warning C4146: unary minus operator applied to unsigned type, result still unsigned [C:\projects\ci-targets\tests\compiled\cpp_stl_11\bin\ks_tests.vcxproj]
  enum_long_range_u.cpp
c:\projects\ci-targets\tests\compiled\cpp_stl_11\enum_long_range_u.h(20): warning C4309: 'initializing': truncation of constant value [C:\projects\ci-targets\tests\compiled\cpp_stl_11\bin\ks_tests.vcxproj]
c:\projects\ci-targets\tests\compiled\cpp_stl_11\enum_long_range_u.h(22): warning C4309: 'initializing': truncation of constant value [C:\projects\ci-targets\tests\compiled\cpp_stl_11\bin\ks_tests.vcxproj]
  Generating Code...
  Compiling...
  eof_exception_bytes.cpp
  expr_if_int_ops.cpp
  expr_sizeof_type_0.cpp
  imported_2.cpp
  imports_circular_a.cpp
c:\projects\ci-targets\tests\compiled\cpp_stl_11\imports_circular_b.h(29): error C2065: 'imports_circular_a_t': undeclared identifier [C:\projects\ci-targets\tests\compiled\cpp_stl_11\bin\ks_tests.vcxproj]
c:\projects\ci-targets\tests\compiled\cpp_stl_11\imports_circular_b.h(29): error C2923: 'std::unique_ptr': 'imports_circular_a_t' is not a valid template type argument for parameter '_Ty' [C:\projects\ci-targets\tests\compiled\cpp_stl_11\bin\ks_tests.vcxproj]
c:\projects\ci-targets\tests\compiled\cpp_stl_11\imports_circular_b.h(29): error C3203: 'default_delete': unspecialized class template can't be used as a template argument for template parameter '_Dx', expected a real type [C:\projects\ci-targets\tests\compiled\cpp_stl_11\bin\ks_tests.vcxproj]
c:\projects\ci-targets\tests\compiled\cpp_stl_11\imports_circular_b.h(41): error C2143: syntax error: missing ';' before '*' [C:\projects\ci-targets\tests\compiled\cpp_stl_11\bin\ks_tests.vcxproj]
c:\projects\ci-targets\tests\compiled\cpp_stl_11\imports_circular_b.h(41): error C4430: missing type specifier - int assumed. Note: C++ does not support default-int [C:\projects\ci-targets\tests\compiled\cpp_stl_11\bin\ks_tests.vcxproj]
c:\projects\ci-targets\tests\compiled\cpp_stl_11\imports_circular_b.h(41): error C2334: unexpected token(s) preceding '{'; skipping apparent function body [C:\projects\ci-targets\tests\compiled\cpp_stl_11\bin\ks_tests.vcxproj]
c:\projects\ci-targets\tests\compiled\cpp_stl_11\imports_circular_b.h(33): error C3861: 'back_ref': identifier not found [C:\projects\ci-targets\tests\compiled\cpp_stl_11\bin\ks_tests.vcxproj]
  imports_rel_1.cpp
  integers_min_max.cpp
  nav_parent_vs_value_inst.cpp
  nested_types3.cpp
  params_pass_array_str.cpp
  params_pass_struct.cpp
  position_to_end.cpp
  repeat_n_strz_double.cpp
  repeat_until_complex.cpp
  switch_manual_int.cpp
  Generating Code...
Done Building Project "C:\projects\ci-targets\tests\compiled\cpp_stl_11\bin\ks_tests.vcxproj" (default targets) -- FAILED.
Done Building Project "C:\projects\ci-targets\tests\compiled\cpp_stl_11\bin\ks_tests.vcxproj.metaproj" (default targets) -- FAILED.
Done Building Project "C:\projects\ci-targets\tests\compiled\cpp_stl_11\bin\KS_TEST_CPP_STL.sln" (default targets) -- FAILED.

Build FAILED.

"C:\projects\ci-targets\tests\compiled\cpp_stl_11\bin\KS_TEST_CPP_STL.sln" (default target) (1) ->
"C:\projects\ci-targets\tests\compiled\cpp_stl_11\bin\ks_tests.vcxproj.metaproj" (default target) (3) ->
"C:\projects\ci-targets\tests\compiled\cpp_stl_11\bin\ks_tests.vcxproj" (default target) (4) ->
(ClCompile target) -> 
  C:\projects\ci-targets\runtime\cpp_stl\kaitai\kaitaistream.cpp(526): warning C4267: '=': conversion from 'size_t' to 'uInt', possible loss of data [C:\projects\ci-targets\tests\compiled\cpp_stl_11\bin\ks_tests.vcxproj]
  C:\projects\ci-targets\tests\compiled\cpp_stl_11\enum_int_range_s.h(18): warning C4146: unary minus operator applied to unsigned type, result still unsigned [C:\projects\ci-targets\tests\compiled\cpp_stl_11\bin\ks_tests.vcxproj]
  c:\projects\ci-targets\tests\compiled\cpp_stl_11\enum_int_range_s.h(18): warning C4146: unary minus operator applied to unsigned type, result still unsigned [C:\projects\ci-targets\tests\compiled\cpp_stl_11\bin\ks_tests.vcxproj]
  c:\projects\ci-targets\tests\compiled\cpp_stl_11\enum_long_range_u.h(20): warning C4309: 'initializing': truncation of constant value [C:\projects\ci-targets\tests\compiled\cpp_stl_11\bin\ks_tests.vcxproj]
  c:\projects\ci-targets\tests\compiled\cpp_stl_11\enum_long_range_u.h(22): warning C4309: 'initializing': truncation of constant value [C:\projects\ci-targets\tests\compiled\cpp_stl_11\bin\ks_tests.vcxproj]


"C:\projects\ci-targets\tests\compiled\cpp_stl_11\bin\KS_TEST_CPP_STL.sln" (default target) (1) ->
"C:\projects\ci-targets\tests\compiled\cpp_stl_11\bin\ks_tests.vcxproj.metaproj" (default target) (3) ->
"C:\projects\ci-targets\tests\compiled\cpp_stl_11\bin\ks_tests.vcxproj" (default target) (4) ->
(ClCompile target) -> 
  c:\projects\ci-targets\tests\compiled\cpp_stl_11\imports_circular_b.h(29): error C2065: 'imports_circular_a_t': undeclared identifier [C:\projects\ci-targets\tests\compiled\cpp_stl_11\bin\ks_tests.vcxproj]
  c:\projects\ci-targets\tests\compiled\cpp_stl_11\imports_circular_b.h(29): error C2923: 'std::unique_ptr': 'imports_circular_a_t' is not a valid template type argument for parameter '_Ty' [C:\projects\ci-targets\tests\compiled\cpp_stl_11\bin\ks_tests.vcxproj]
  c:\projects\ci-targets\tests\compiled\cpp_stl_11\imports_circular_b.h(29): error C3203: 'default_delete': unspecialized class template can't be used as a template argument for template parameter '_Dx', expected a real type [C:\projects\ci-targets\tests\compiled\cpp_stl_11\bin\ks_tests.vcxproj]
  c:\projects\ci-targets\tests\compiled\cpp_stl_11\imports_circular_b.h(41): error C2143: syntax error: missing ';' before '*' [C:\projects\ci-targets\tests\compiled\cpp_stl_11\bin\ks_tests.vcxproj]
  c:\projects\ci-targets\tests\compiled\cpp_stl_11\imports_circular_b.h(41): error C4430: missing type specifier - int assumed. Note: C++ does not support default-int [C:\projects\ci-targets\tests\compiled\cpp_stl_11\bin\ks_tests.vcxproj]
  c:\projects\ci-targets\tests\compiled\cpp_stl_11\imports_circular_b.h(41): error C2334: unexpected token(s) preceding '{'; skipping apparent function body [C:\projects\ci-targets\tests\compiled\cpp_stl_11\bin\ks_tests.vcxproj]
  c:\projects\ci-targets\tests\compiled\cpp_stl_11\imports_circular_b.h(33): error C3861: 'back_ref': identifier not found [C:\projects\ci-targets\tests\compiled\cpp_stl_11\bin\ks_tests.vcxproj]

    5 Warning(s)
    7 Error(s)

Time Elapsed 00:00:36.97
