/home/travis/build/kaitai-io/ci_targets/tests/spec/cpp_stl_11/test_process_coerce_switch.cpp:4:10: fatal error: 'process_coerce_switch.h' file not found
#include <process_coerce_switch.h>
         ^~~~~~~~~~~~~~~~~~~~~~~~~
1 error generated.
make[2]: *** [CMakeFiles/ks_tests.dir/test_process_coerce_switch.cpp.o] Error 1
/home/travis/build/kaitai-io/ci_targets/tests/spec/cpp_stl_11/test_switch_repeat_expr.cpp:16:24: error: cannot cast from type '__gnu_cxx::__alloc_traits<std::allocator<std::unique_ptr<kaitai::kstruct, std::default_delete<kaitai::kstruct> > > >::value_type' (aka 'std::unique_ptr<kaitai::kstruct, std::default_delete<kaitai::kstruct> >') to pointer type 'switch_repeat_expr_t::one_t *'
    BOOST_CHECK_EQUAL((static_cast<switch_repeat_expr_t::one_t*>(r->body()->at(0)))->first(), std::string("Stuff\0Me\0", 9));
                       ^~~~~~~~~~~~~~~~~~~~~~~~~~~~~~~~~~~~~~~~~~~~~~~~~~~~~~~~~~~
/usr/include/boost/test/test_tools.hpp:169:109: note: expanded from macro 'BOOST_CHECK_EQUAL'
    BOOST_CHECK_WITH_ARGS_IMPL( ::boost::test_tools::tt_detail::equal_impl_frwd(), "", CHECK, CHECK_EQUAL, (L)(R) )
                                                                                                            ^
/usr/include/boost/test/test_tools.hpp:103:59: note: expanded from macro 'BOOST_CHECK_WITH_ARGS_IMPL'
    BOOST_PP_SEQ_FOR_EACH( BOOST_TEST_PASS_ARG_INFO, '_', ARGS ) ); \
                                                          ^~~~
/usr/include/boost/preprocessor/seq/for_each.hpp:26:80: note: expanded from macro 'BOOST_PP_SEQ_FOR_EACH'
#    define BOOST_PP_SEQ_FOR_EACH(macro, data, seq) BOOST_PP_FOR((macro, data, seq (nil)), BOOST_PP_SEQ_FOR_EACH_P, BOOST_PP_SEQ_FOR_EACH_O, BOOST_PP_SEQ_FOR_EACH_M)
                                                                               ^~~
note: (skipping 10 expansions in backtrace; use -fmacro-backtrace-limit=0 to see all)
/usr/include/boost/preprocessor/seq/elem.hpp:43:60: note: expanded from macro 'BOOST_PP_SEQ_ELEM_II'
#    define BOOST_PP_SEQ_ELEM_II(im) BOOST_PP_SEQ_ELEM_III(im)
                                                           ^~
/usr/include/boost/preprocessor/seq/elem.hpp:44:41: note: expanded from macro 'BOOST_PP_SEQ_ELEM_III'
#    define BOOST_PP_SEQ_ELEM_III(x, _) x
                                        ^
/usr/include/boost/test/test_tools.hpp:97:52: note: expanded from macro 'BOOST_TEST_PASS_ARG_INFO'
#define BOOST_TEST_PASS_ARG_INFO( r, data, arg ) , arg, BOOST_STRINGIZE( arg )
                                                   ^~~
1 error generated.
make[2]: *** [CMakeFiles/ks_tests.dir/test_switch_repeat_expr.cpp.o] Error 1
make[2]: Target `CMakeFiles/ks_tests.dir/build' not remade because of errors.
make[1]: *** [CMakeFiles/ks_tests.dir/all] Error 2
make[1]: Target `all' not remade because of errors.
make: *** [all] Error 2
make: Target `default_target' not remade because of errors.
