<?xml version="1.0"?>

<valgrindoutput>

<protocolversion>4</protocolversion>
<protocoltool>memcheck</protocoltool>

<preamble>
  <line>Memcheck, a memory error detector</line>
  <line>Copyright (C) 2002-2013, and GNU GPL'd, by Julian Seward et al.</line>
  <line>Using Valgrind-3.10.1 and LibVEX; rerun with -h for copyright info</line>
  <line>Command: /home/travis/build/kaitai-io/ci_targets/tests/compiled/cpp_stl_11/bin/ks_tests</line>
</preamble>

<pid>7627</pid>
<ppid>7626</ppid>
<tool>memcheck</tool>

<args>
  <vargv>
    <exe>/usr/bin/valgrind.bin</exe>
    <arg>--leak-check=full</arg>
    <arg>--xml=yes</arg>
    <arg>--xml-file=test_out/cpp_stl_11/valgrind.xml</arg>
  </vargv>
  <argv>
    <exe>/home/travis/build/kaitai-io/ci_targets/tests/compiled/cpp_stl_11/bin/ks_tests</exe>
  </argv>
</args>

<status>
  <state>RUNNING</state>
  <time>00:00:00:00.384 </time>
</status>


<status>
  <state>FINISHED</state>
  <time>00:00:00:06.078 </time>
</status>

<error>
  <unique>0x5</unique>
  <tid>1</tid>
  <kind>Leak_DefinitelyLost</kind>
  <xwhat>
    <text>415 (384 direct, 31 indirect) bytes in 1 blocks are definitely lost in loss record 6 of 10</text>
    <leakedbytes>415</leakedbytes>
    <leakedblocks>1</leakedblocks>
  </xwhat>
  <stack>
    <frame>
      <ip>0x4C2B0E0</ip>
      <obj>/usr/lib/valgrind/vgpreload_memcheck-amd64-linux.so</obj>
      <fn>operator new(unsigned long)</fn>
    </frame>
    <frame>
      <ip>0x750BC0</ip>
      <obj>/home/travis/build/kaitai-io/ci_targets/compiled/cpp_stl_11/bin/ks_tests</obj>
      <fn>eos_exception_bytes_t::_read()</fn>
      <dir>/home/travis/build/kaitai-io/ci_targets/tests/compiled/cpp_stl_11</dir>
      <file>eos_exception_bytes.cpp</file>
      <line>16</line>
    </frame>
    <frame>
      <ip>0x750B17</ip>
      <obj>/home/travis/build/kaitai-io/ci_targets/compiled/cpp_stl_11/bin/ks_tests</obj>
      <fn>eos_exception_bytes_t::eos_exception_bytes_t(kaitai::kstream*, kaitai::kstruct*, eos_exception_bytes_t*)</fn>
      <dir>/home/travis/build/kaitai-io/ci_targets/tests/compiled/cpp_stl_11</dir>
      <file>eos_exception_bytes.cpp</file>
      <line>11</line>
    </frame>
    <frame>
      <ip>0x66ED80</ip>
      <obj>/home/travis/build/kaitai-io/ci_targets/compiled/cpp_stl_11/bin/ks_tests</obj>
      <fn>test_eos_exception_bytes::test_method()</fn>
      <dir>/home/travis/build/kaitai-io/ci_targets/tests/spec/cpp_stl_11</dir>
      <file>test_eos_exception_bytes.cpp</file>
      <line>14</line>
    </frame>
    <frame>
      <ip>0x66EC60</ip>
      <obj>/home/travis/build/kaitai-io/ci_targets/compiled/cpp_stl_11/bin/ks_tests</obj>
      <fn>test_eos_exception_bytes_invoker()</fn>
      <dir>/home/travis/build/kaitai-io/ci_targets/tests/spec/cpp_stl_11</dir>
      <file>test_eos_exception_bytes.cpp</file>
      <line>10</line>
    </frame>
    <frame>
      <ip>0x5F99E5</ip>
      <obj>/home/travis/build/kaitai-io/ci_targets/compiled/cpp_stl_11/bin/ks_tests</obj>
      <fn>boost::unit_test::ut_detail::unused boost::unit_test::ut_detail::invoker&lt;boost::unit_test::ut_detail::unused&gt;::invoke&lt;void (*)()&gt;(void (*&amp;)())</fn>
    </frame>
    <frame>
      <ip>0x5F99A7</ip>
      <obj>/home/travis/build/kaitai-io/ci_targets/compiled/cpp_stl_11/bin/ks_tests</obj>
      <fn>boost::unit_test::ut_detail::callback0_impl_t&lt;boost::unit_test::ut_detail::unused, void (*)()&gt;::invoke()</fn>
    </frame>
    <frame>
      <ip>0x4E9F1F0</ip>
      <obj>/usr/lib/x86_64-linux-gnu/libboost_unit_test_framework.so.1.54.0</obj>
    </frame>
    <frame>
      <ip>0x4E7A545</ip>
      <obj>/usr/lib/x86_64-linux-gnu/libboost_unit_test_framework.so.1.54.0</obj>
      <fn>boost::execution_monitor::catch_signals(boost::unit_test::callback0&lt;int&gt; const&amp;)</fn>
    </frame>
    <frame>
      <ip>0x4E7AD82</ip>
      <obj>/usr/lib/x86_64-linux-gnu/libboost_unit_test_framework.so.1.54.0</obj>
      <fn>boost::execution_monitor::execute(boost::unit_test::callback0&lt;int&gt; const&amp;)</fn>
    </frame>
    <frame>
      <ip>0x4E9F2F1</ip>
      <obj>/usr/lib/x86_64-linux-gnu/libboost_unit_test_framework.so.1.54.0</obj>
      <fn>boost::unit_test::unit_test_monitor_t::execute_and_translate(boost::unit_test::test_case const&amp;)</fn>
    </frame>
    <frame>
      <ip>0x4E88F93</ip>
      <obj>/usr/lib/x86_64-linux-gnu/libboost_unit_test_framework.so.1.54.0</obj>
      <fn>boost::unit_test::framework_impl::visit(boost::unit_test::test_case const&amp;)</fn>
    </frame>
  </stack>
</error>

<error>
  <unique>0x6</unique>
  <tid>1</tid>
  <kind>Leak_DefinitelyLost</kind>
  <xwhat>
    <text>415 (384 direct, 31 indirect) bytes in 1 blocks are definitely lost in loss record 7 of 10</text>
    <leakedbytes>415</leakedbytes>
    <leakedblocks>1</leakedblocks>
  </xwhat>
  <stack>
    <frame>
      <ip>0x4C2B0E0</ip>
      <obj>/usr/lib/valgrind/vgpreload_memcheck-amd64-linux.so</obj>
      <fn>operator new(unsigned long)</fn>
    </frame>
    <frame>
      <ip>0x6D3E20</ip>
      <obj>/home/travis/build/kaitai-io/ci_targets/compiled/cpp_stl_11/bin/ks_tests</obj>
      <fn>eos_exception_u4_t::_read()</fn>
      <dir>/home/travis/build/kaitai-io/ci_targets/tests/compiled/cpp_stl_11</dir>
      <file>eos_exception_u4.cpp</file>
      <line>16</line>
    </frame>
    <frame>
      <ip>0x6D3D77</ip>
      <obj>/home/travis/build/kaitai-io/ci_targets/compiled/cpp_stl_11/bin/ks_tests</obj>
      <fn>eos_exception_u4_t::eos_exception_u4_t(kaitai::kstream*, kaitai::kstruct*, eos_exception_u4_t*)</fn>
      <dir>/home/travis/build/kaitai-io/ci_targets/tests/compiled/cpp_stl_11</dir>
      <file>eos_exception_u4.cpp</file>
      <line>11</line>
    </frame>
    <frame>
      <ip>0x671D00</ip>
      <obj>/home/travis/build/kaitai-io/ci_targets/compiled/cpp_stl_11/bin/ks_tests</obj>
      <fn>test_eos_exception_u4::test_method()</fn>
      <dir>/home/travis/build/kaitai-io/ci_targets/tests/spec/cpp_stl_11</dir>
      <file>test_eos_exception_u4.cpp</file>
      <line>14</line>
    </frame>
    <frame>
      <ip>0x671BE0</ip>
      <obj>/home/travis/build/kaitai-io/ci_targets/compiled/cpp_stl_11/bin/ks_tests</obj>
      <fn>test_eos_exception_u4_invoker()</fn>
      <dir>/home/travis/build/kaitai-io/ci_targets/tests/spec/cpp_stl_11</dir>
      <file>test_eos_exception_u4.cpp</file>
      <line>10</line>
    </frame>
    <frame>
      <ip>0x5F99E5</ip>
      <obj>/home/travis/build/kaitai-io/ci_targets/compiled/cpp_stl_11/bin/ks_tests</obj>
      <fn>boost::unit_test::ut_detail::unused boost::unit_test::ut_detail::invoker&lt;boost::unit_test::ut_detail::unused&gt;::invoke&lt;void (*)()&gt;(void (*&amp;)())</fn>
    </frame>
    <frame>
      <ip>0x5F99A7</ip>
      <obj>/home/travis/build/kaitai-io/ci_targets/compiled/cpp_stl_11/bin/ks_tests</obj>
      <fn>boost::unit_test::ut_detail::callback0_impl_t&lt;boost::unit_test::ut_detail::unused, void (*)()&gt;::invoke()</fn>
    </frame>
    <frame>
      <ip>0x4E9F1F0</ip>
      <obj>/usr/lib/x86_64-linux-gnu/libboost_unit_test_framework.so.1.54.0</obj>
    </frame>
    <frame>
      <ip>0x4E7A545</ip>
      <obj>/usr/lib/x86_64-linux-gnu/libboost_unit_test_framework.so.1.54.0</obj>
      <fn>boost::execution_monitor::catch_signals(boost::unit_test::callback0&lt;int&gt; const&amp;)</fn>
    </frame>
    <frame>
      <ip>0x4E7AD82</ip>
      <obj>/usr/lib/x86_64-linux-gnu/libboost_unit_test_framework.so.1.54.0</obj>
      <fn>boost::execution_monitor::execute(boost::unit_test::callback0&lt;int&gt; const&amp;)</fn>
    </frame>
    <frame>
      <ip>0x4E9F2F1</ip>
      <obj>/usr/lib/x86_64-linux-gnu/libboost_unit_test_framework.so.1.54.0</obj>
      <fn>boost::unit_test::unit_test_monitor_t::execute_and_translate(boost::unit_test::test_case const&amp;)</fn>
    </frame>
    <frame>
      <ip>0x4E88F93</ip>
      <obj>/usr/lib/x86_64-linux-gnu/libboost_unit_test_framework.so.1.54.0</obj>
      <fn>boost::unit_test::framework_impl::visit(boost::unit_test::test_case const&amp;)</fn>
    </frame>
  </stack>
</error>

<error>
  <unique>0x7</unique>
  <tid>1</tid>
  <kind>Leak_DefinitelyLost</kind>
  <xwhat>
    <text>418 (384 direct, 34 indirect) bytes in 1 blocks are definitely lost in loss record 8 of 10</text>
    <leakedbytes>418</leakedbytes>
    <leakedblocks>1</leakedblocks>
  </xwhat>
  <stack>
    <frame>
      <ip>0x4C2B0E0</ip>
      <obj>/usr/lib/valgrind/vgpreload_memcheck-amd64-linux.so</obj>
      <fn>operator new(unsigned long)</fn>
    </frame>
    <frame>
      <ip>0x729184</ip>
      <obj>/home/travis/build/kaitai-io/ci_targets/compiled/cpp_stl_11/bin/ks_tests</obj>
      <fn>switch_repeat_expr_t::_read()</fn>
      <dir>/home/travis/build/kaitai-io/ci_targets/tests/compiled/cpp_stl_11</dir>
      <file>switch_repeat_expr.cpp</file>
      <line>31</line>
    </frame>
    <frame>
      <ip>0x728E11</ip>
      <obj>/home/travis/build/kaitai-io/ci_targets/compiled/cpp_stl_11/bin/ks_tests</obj>
      <fn>switch_repeat_expr_t::switch_repeat_expr_t(kaitai::kstream*, kaitai::kstruct*, switch_repeat_expr_t*)</fn>
      <dir>/home/travis/build/kaitai-io/ci_targets/tests/compiled/cpp_stl_11</dir>
      <file>switch_repeat_expr.cpp</file>
      <line>12</line>
    </frame>
    <frame>
      <ip>0x6703C0</ip>
      <obj>/home/travis/build/kaitai-io/ci_targets/compiled/cpp_stl_11/bin/ks_tests</obj>
      <fn>test_switch_repeat_expr::test_method()</fn>
      <dir>/home/travis/build/kaitai-io/ci_targets/tests/spec/cpp_stl_11</dir>
      <file>test_switch_repeat_expr.cpp</file>
      <line>12</line>
    </frame>
    <frame>
      <ip>0x670320</ip>
      <obj>/home/travis/build/kaitai-io/ci_targets/compiled/cpp_stl_11/bin/ks_tests</obj>
      <fn>test_switch_repeat_expr_invoker()</fn>
      <dir>/home/travis/build/kaitai-io/ci_targets/tests/spec/cpp_stl_11</dir>
      <file>test_switch_repeat_expr.cpp</file>
      <line>9</line>
    </frame>
    <frame>
      <ip>0x5F99E5</ip>
      <obj>/home/travis/build/kaitai-io/ci_targets/compiled/cpp_stl_11/bin/ks_tests</obj>
      <fn>boost::unit_test::ut_detail::unused boost::unit_test::ut_detail::invoker&lt;boost::unit_test::ut_detail::unused&gt;::invoke&lt;void (*)()&gt;(void (*&amp;)())</fn>
    </frame>
    <frame>
      <ip>0x5F99A7</ip>
      <obj>/home/travis/build/kaitai-io/ci_targets/compiled/cpp_stl_11/bin/ks_tests</obj>
      <fn>boost::unit_test::ut_detail::callback0_impl_t&lt;boost::unit_test::ut_detail::unused, void (*)()&gt;::invoke()</fn>
    </frame>
    <frame>
      <ip>0x4E9F1F0</ip>
      <obj>/usr/lib/x86_64-linux-gnu/libboost_unit_test_framework.so.1.54.0</obj>
    </frame>
    <frame>
      <ip>0x4E7A545</ip>
      <obj>/usr/lib/x86_64-linux-gnu/libboost_unit_test_framework.so.1.54.0</obj>
      <fn>boost::execution_monitor::catch_signals(boost::unit_test::callback0&lt;int&gt; const&amp;)</fn>
    </frame>
    <frame>
      <ip>0x4E7AD82</ip>
      <obj>/usr/lib/x86_64-linux-gnu/libboost_unit_test_framework.so.1.54.0</obj>
      <fn>boost::execution_monitor::execute(boost::unit_test::callback0&lt;int&gt; const&amp;)</fn>
    </frame>
    <frame>
      <ip>0x4E9F2F1</ip>
      <obj>/usr/lib/x86_64-linux-gnu/libboost_unit_test_framework.so.1.54.0</obj>
      <fn>boost::unit_test::unit_test_monitor_t::execute_and_translate(boost::unit_test::test_case const&amp;)</fn>
    </frame>
    <frame>
      <ip>0x4E88F93</ip>
      <obj>/usr/lib/x86_64-linux-gnu/libboost_unit_test_framework.so.1.54.0</obj>
      <fn>boost::unit_test::framework_impl::visit(boost::unit_test::test_case const&amp;)</fn>
    </frame>
  </stack>
</error>

<error>
  <unique>0x8</unique>
  <tid>1</tid>
  <kind>Leak_DefinitelyLost</kind>
  <xwhat>
    <text>1,239 (1,152 direct, 87 indirect) bytes in 3 blocks are definitely lost in loss record 9 of 10</text>
    <leakedbytes>1239</leakedbytes>
    <leakedblocks>3</leakedblocks>
  </xwhat>
  <stack>
    <frame>
      <ip>0x4C2B0E0</ip>
      <obj>/usr/lib/valgrind/vgpreload_memcheck-amd64-linux.so</obj>
      <fn>operator new(unsigned long)</fn>
    </frame>
    <frame>
      <ip>0x6935DA</ip>
      <obj>/home/travis/build/kaitai-io/ci_targets/compiled/cpp_stl_11/bin/ks_tests</obj>
      <fn>instance_user_array_t::user_entries()</fn>
      <dir>/home/travis/build/kaitai-io/ci_targets/tests/compiled/cpp_stl_11</dir>
      <file>instance_user_array.cpp</file>
      <line>58</line>
    </frame>
    <frame>
      <ip>0x68ABDD</ip>
      <obj>/home/travis/build/kaitai-io/ci_targets/compiled/cpp_stl_11/bin/ks_tests</obj>
      <fn>test_instance_user_array::test_method()</fn>
      <dir>/home/travis/build/kaitai-io/ci_targets/tests/spec/cpp_stl_11</dir>
      <file>test_instance_user_array.cpp</file>
      <line>17</line>
    </frame>
    <frame>
      <ip>0x68A5C0</ip>
      <obj>/home/travis/build/kaitai-io/ci_targets/compiled/cpp_stl_11/bin/ks_tests</obj>
      <fn>test_instance_user_array_invoker()</fn>
      <dir>/home/travis/build/kaitai-io/ci_targets/tests/spec/cpp_stl_11</dir>
      <file>test_instance_user_array.cpp</file>
      <line>9</line>
    </frame>
    <frame>
      <ip>0x5F99E5</ip>
      <obj>/home/travis/build/kaitai-io/ci_targets/compiled/cpp_stl_11/bin/ks_tests</obj>
      <fn>boost::unit_test::ut_detail::unused boost::unit_test::ut_detail::invoker&lt;boost::unit_test::ut_detail::unused&gt;::invoke&lt;void (*)()&gt;(void (*&amp;)())</fn>
    </frame>
    <frame>
      <ip>0x5F99A7</ip>
      <obj>/home/travis/build/kaitai-io/ci_targets/compiled/cpp_stl_11/bin/ks_tests</obj>
      <fn>boost::unit_test::ut_detail::callback0_impl_t&lt;boost::unit_test::ut_detail::unused, void (*)()&gt;::invoke()</fn>
    </frame>
    <frame>
      <ip>0x4E9F1F0</ip>
      <obj>/usr/lib/x86_64-linux-gnu/libboost_unit_test_framework.so.1.54.0</obj>
    </frame>
    <frame>
      <ip>0x4E7A545</ip>
      <obj>/usr/lib/x86_64-linux-gnu/libboost_unit_test_framework.so.1.54.0</obj>
      <fn>boost::execution_monitor::catch_signals(boost::unit_test::callback0&lt;int&gt; const&amp;)</fn>
    </frame>
    <frame>
      <ip>0x4E7AD82</ip>
      <obj>/usr/lib/x86_64-linux-gnu/libboost_unit_test_framework.so.1.54.0</obj>
      <fn>boost::execution_monitor::execute(boost::unit_test::callback0&lt;int&gt; const&amp;)</fn>
    </frame>
    <frame>
      <ip>0x4E9F2F1</ip>
      <obj>/usr/lib/x86_64-linux-gnu/libboost_unit_test_framework.so.1.54.0</obj>
      <fn>boost::unit_test::unit_test_monitor_t::execute_and_translate(boost::unit_test::test_case const&amp;)</fn>
    </frame>
    <frame>
      <ip>0x4E88F93</ip>
      <obj>/usr/lib/x86_64-linux-gnu/libboost_unit_test_framework.so.1.54.0</obj>
      <fn>boost::unit_test::framework_impl::visit(boost::unit_test::test_case const&amp;)</fn>
    </frame>
    <frame>
      <ip>0x4EB7D22</ip>
      <obj>/usr/lib/x86_64-linux-gnu/libboost_unit_test_framework.so.1.54.0</obj>
      <fn>boost::unit_test::traverse_test_tree(boost::unit_test::test_suite const&amp;, boost::unit_test::test_tree_visitor&amp;)</fn>
    </frame>
  </stack>
</error>

<error>
  <unique>0x9</unique>
  <tid>1</tid>
  <kind>Leak_DefinitelyLost</kind>
  <xwhat>
    <text>1,242 (1,152 direct, 90 indirect) bytes in 3 blocks are definitely lost in loss record 10 of 10</text>
    <leakedbytes>1242</leakedbytes>
    <leakedblocks>3</leakedblocks>
  </xwhat>
  <stack>
    <frame>
      <ip>0x4C2B0E0</ip>
      <obj>/usr/lib/valgrind/vgpreload_memcheck-amd64-linux.so</obj>
      <fn>operator new(unsigned long)</fn>
    </frame>
    <frame>
      <ip>0x71826A</ip>
      <obj>/home/travis/build/kaitai-io/ci_targets/compiled/cpp_stl_11/bin/ks_tests</obj>
      <fn>repeat_until_sized_t::_read()</fn>
      <dir>/home/travis/build/kaitai-io/ci_targets/tests/compiled/cpp_stl_11</dir>
      <file>repeat_until_sized.cpp</file>
      <line>25</line>
    </frame>
    <frame>
      <ip>0x718081</ip>
      <obj>/home/travis/build/kaitai-io/ci_targets/compiled/cpp_stl_11/bin/ks_tests</obj>
      <fn>repeat_until_sized_t::repeat_until_sized_t(kaitai::kstream*, kaitai::kstruct*, repeat_until_sized_t*)</fn>
      <dir>/home/travis/build/kaitai-io/ci_targets/tests/compiled/cpp_stl_11</dir>
      <file>repeat_until_sized.cpp</file>
      <line>12</line>
    </frame>
    <frame>
      <ip>0x624500</ip>
      <obj>/home/travis/build/kaitai-io/ci_targets/compiled/cpp_stl_11/bin/ks_tests</obj>
      <fn>test_repeat_until_sized::test_method()</fn>
      <dir>/home/travis/build/kaitai-io/ci_targets/tests/spec/cpp_stl_11</dir>
      <file>test_repeat_until_sized.cpp</file>
      <line>12</line>
    </frame>
    <frame>
      <ip>0x624460</ip>
      <obj>/home/travis/build/kaitai-io/ci_targets/compiled/cpp_stl_11/bin/ks_tests</obj>
      <fn>test_repeat_until_sized_invoker()</fn>
      <dir>/home/travis/build/kaitai-io/ci_targets/tests/spec/cpp_stl_11</dir>
      <file>test_repeat_until_sized.cpp</file>
      <line>9</line>
    </frame>
    <frame>
      <ip>0x5F99E5</ip>
      <obj>/home/travis/build/kaitai-io/ci_targets/compiled/cpp_stl_11/bin/ks_tests</obj>
      <fn>boost::unit_test::ut_detail::unused boost::unit_test::ut_detail::invoker&lt;boost::unit_test::ut_detail::unused&gt;::invoke&lt;void (*)()&gt;(void (*&amp;)())</fn>
    </frame>
    <frame>
      <ip>0x5F99A7</ip>
      <obj>/home/travis/build/kaitai-io/ci_targets/compiled/cpp_stl_11/bin/ks_tests</obj>
      <fn>boost::unit_test::ut_detail::callback0_impl_t&lt;boost::unit_test::ut_detail::unused, void (*)()&gt;::invoke()</fn>
    </frame>
    <frame>
      <ip>0x4E9F1F0</ip>
      <obj>/usr/lib/x86_64-linux-gnu/libboost_unit_test_framework.so.1.54.0</obj>
    </frame>
    <frame>
      <ip>0x4E7A545</ip>
      <obj>/usr/lib/x86_64-linux-gnu/libboost_unit_test_framework.so.1.54.0</obj>
      <fn>boost::execution_monitor::catch_signals(boost::unit_test::callback0&lt;int&gt; const&amp;)</fn>
    </frame>
    <frame>
      <ip>0x4E7AD82</ip>
      <obj>/usr/lib/x86_64-linux-gnu/libboost_unit_test_framework.so.1.54.0</obj>
      <fn>boost::execution_monitor::execute(boost::unit_test::callback0&lt;int&gt; const&amp;)</fn>
    </frame>
    <frame>
      <ip>0x4E9F2F1</ip>
      <obj>/usr/lib/x86_64-linux-gnu/libboost_unit_test_framework.so.1.54.0</obj>
      <fn>boost::unit_test::unit_test_monitor_t::execute_and_translate(boost::unit_test::test_case const&amp;)</fn>
    </frame>
    <frame>
      <ip>0x4E88F93</ip>
      <obj>/usr/lib/x86_64-linux-gnu/libboost_unit_test_framework.so.1.54.0</obj>
      <fn>boost::unit_test::framework_impl::visit(boost::unit_test::test_case const&amp;)</fn>
    </frame>
  </stack>
</error>

<errorcounts>
</errorcounts>

<suppcounts>
</suppcounts>

</valgrindoutput>

