<?xml version="1.0"?>

<valgrindoutput>

<protocolversion>4</protocolversion>
<protocoltool>memcheck</protocoltool>

<preamble>
  <line>Memcheck, a memory error detector</line>
  <line>Copyright (C) 2002-2013, and GNU GPL'd, by Julian Seward et al.</line>
  <line>Using Valgrind-3.10.1 and LibVEX; rerun with -h for copyright info</line>
  <line>Command: /home/travis/build/kaitai-io/ci_targets/tests/compiled/cpp_stl_11/bin/ks_tests</line>
</preamble>

<pid>8365</pid>
<ppid>8364</ppid>
<tool>memcheck</tool>

<args>
  <vargv>
    <exe>/usr/bin/valgrind.bin</exe>
    <arg>--leak-check=full</arg>
    <arg>--xml=yes</arg>
    <arg>--xml-file=test_out/cpp_stl_11/valgrind.xml</arg>
  </vargv>
  <argv>
    <exe>/home/travis/build/kaitai-io/ci_targets/tests/compiled/cpp_stl_11/bin/ks_tests</exe>
  </argv>
</args>

<status>
  <state>RUNNING</state>
  <time>00:00:00:00.314 </time>
</status>

<error>
  <unique>0x0</unique>
  <tid>1</tid>
  <kind>InvalidRead</kind>
  <what>Invalid read of size 8</what>
  <stack>
    <frame>
      <ip>0x790804</ip>
      <obj>/home/travis/build/kaitai-io/ci_targets/compiled/cpp_stl_11/bin/ks_tests</obj>
      <fn>std::vector&lt;kaitai::kstream*, std::allocator&lt;kaitai::kstream*&gt; &gt;::push_back(kaitai::kstream* const&amp;)</fn>
      <dir>/usr/include/c++/4.8/bits</dir>
      <file>stl_vector.h</file>
      <line>903</line>
    </frame>
    <frame>
      <ip>0x802EA5</ip>
      <obj>/home/travis/build/kaitai-io/ci_targets/compiled/cpp_stl_11/bin/ks_tests</obj>
      <fn>repeat_until_sized_t::_read()</fn>
      <dir>/home/travis/build/kaitai-io/ci_targets/tests/compiled/cpp_stl_11</dir>
      <file>repeat_until_sized.cpp</file>
      <line>25</line>
    </frame>
    <frame>
      <ip>0x802D33</ip>
      <obj>/home/travis/build/kaitai-io/ci_targets/compiled/cpp_stl_11/bin/ks_tests</obj>
      <fn>repeat_until_sized_t::repeat_until_sized_t(kaitai::kstream*, kaitai::kstruct*, repeat_until_sized_t*)</fn>
      <dir>/home/travis/build/kaitai-io/ci_targets/tests/compiled/cpp_stl_11</dir>
      <file>repeat_until_sized.cpp</file>
      <line>12</line>
    </frame>
    <frame>
      <ip>0x723C7A</ip>
      <obj>/home/travis/build/kaitai-io/ci_targets/compiled/cpp_stl_11/bin/ks_tests</obj>
      <fn>test_repeat_until_sized::test_method()</fn>
      <dir>/home/travis/build/kaitai-io/ci_targets/tests/spec/cpp_stl_11</dir>
      <file>test_repeat_until_sized.cpp</file>
      <line>12</line>
    </frame>
    <frame>
      <ip>0x723BF3</ip>
      <obj>/home/travis/build/kaitai-io/ci_targets/compiled/cpp_stl_11/bin/ks_tests</obj>
      <fn>test_repeat_until_sized_invoker()</fn>
      <dir>/home/travis/build/kaitai-io/ci_targets/tests/spec/cpp_stl_11</dir>
      <file>test_repeat_until_sized.cpp</file>
      <line>9</line>
    </frame>
    <frame>
      <ip>0x6FDAA3</ip>
      <obj>/home/travis/build/kaitai-io/ci_targets/compiled/cpp_stl_11/bin/ks_tests</obj>
      <fn>boost::unit_test::ut_detail::unused boost::unit_test::ut_detail::invoker&lt;boost::unit_test::ut_detail::unused&gt;::invoke&lt;void (*)()&gt;(void (*&amp;)())</fn>
      <dir>/usr/include/boost/test/utils</dir>
      <file>callback.hpp</file>
      <line>56</line>
    </frame>
    <frame>
      <ip>0x6FD9E3</ip>
      <obj>/home/travis/build/kaitai-io/ci_targets/compiled/cpp_stl_11/bin/ks_tests</obj>
      <fn>boost::unit_test::ut_detail::callback0_impl_t&lt;boost::unit_test::ut_detail::unused, void (*)()&gt;::invoke()</fn>
      <dir>/usr/include/boost/test/utils</dir>
      <file>callback.hpp</file>
      <line>89</line>
    </frame>
    <frame>
      <ip>0x4E9F1F0</ip>
      <obj>/usr/lib/x86_64-linux-gnu/libboost_unit_test_framework.so.1.54.0</obj>
    </frame>
    <frame>
      <ip>0x4E7A545</ip>
      <obj>/usr/lib/x86_64-linux-gnu/libboost_unit_test_framework.so.1.54.0</obj>
      <fn>boost::execution_monitor::catch_signals(boost::unit_test::callback0&lt;int&gt; const&amp;)</fn>
    </frame>
    <frame>
      <ip>0x4E7AD82</ip>
      <obj>/usr/lib/x86_64-linux-gnu/libboost_unit_test_framework.so.1.54.0</obj>
      <fn>boost::execution_monitor::execute(boost::unit_test::callback0&lt;int&gt; const&amp;)</fn>
    </frame>
    <frame>
      <ip>0x4E9F2F1</ip>
      <obj>/usr/lib/x86_64-linux-gnu/libboost_unit_test_framework.so.1.54.0</obj>
      <fn>boost::unit_test::unit_test_monitor_t::execute_and_translate(boost::unit_test::test_case const&amp;)</fn>
    </frame>
    <frame>
      <ip>0x4E88F93</ip>
      <obj>/usr/lib/x86_64-linux-gnu/libboost_unit_test_framework.so.1.54.0</obj>
      <fn>boost::unit_test::framework_impl::visit(boost::unit_test::test_case const&amp;)</fn>
    </frame>
  </stack>
  <auxwhat>Address 0x8 is not stack'd, malloc'd or (recently) free'd</auxwhat>
</error>


<status>
  <state>FINISHED</state>
  <time>00:00:00:02.832 </time>
</status>

<error>
  <unique>0x6</unique>
  <tid>1</tid>
  <kind>Leak_DefinitelyLost</kind>
  <xwhat>
    <text>142 (56 direct, 86 indirect) bytes in 1 blocks are definitely lost in loss record 6 of 9</text>
    <leakedbytes>142</leakedbytes>
    <leakedblocks>1</leakedblocks>
  </xwhat>
  <stack>
    <frame>
      <ip>0x4C2B0E0</ip>
      <obj>/usr/lib/valgrind/vgpreload_memcheck-amd64-linux.so</obj>
      <fn>operator new(unsigned long)</fn>
    </frame>
    <frame>
      <ip>0x723C5B</ip>
      <obj>/home/travis/build/kaitai-io/ci_targets/compiled/cpp_stl_11/bin/ks_tests</obj>
      <fn>test_repeat_until_sized::test_method()</fn>
      <dir>/home/travis/build/kaitai-io/ci_targets/tests/spec/cpp_stl_11</dir>
      <file>test_repeat_until_sized.cpp</file>
      <line>12</line>
    </frame>
    <frame>
      <ip>0x723BF3</ip>
      <obj>/home/travis/build/kaitai-io/ci_targets/compiled/cpp_stl_11/bin/ks_tests</obj>
      <fn>test_repeat_until_sized_invoker()</fn>
      <dir>/home/travis/build/kaitai-io/ci_targets/tests/spec/cpp_stl_11</dir>
      <file>test_repeat_until_sized.cpp</file>
      <line>9</line>
    </frame>
    <frame>
      <ip>0x6FDAA3</ip>
      <obj>/home/travis/build/kaitai-io/ci_targets/compiled/cpp_stl_11/bin/ks_tests</obj>
      <fn>boost::unit_test::ut_detail::unused boost::unit_test::ut_detail::invoker&lt;boost::unit_test::ut_detail::unused&gt;::invoke&lt;void (*)()&gt;(void (*&amp;)())</fn>
      <dir>/usr/include/boost/test/utils</dir>
      <file>callback.hpp</file>
      <line>56</line>
    </frame>
    <frame>
      <ip>0x6FD9E3</ip>
      <obj>/home/travis/build/kaitai-io/ci_targets/compiled/cpp_stl_11/bin/ks_tests</obj>
      <fn>boost::unit_test::ut_detail::callback0_impl_t&lt;boost::unit_test::ut_detail::unused, void (*)()&gt;::invoke()</fn>
      <dir>/usr/include/boost/test/utils</dir>
      <file>callback.hpp</file>
      <line>89</line>
    </frame>
    <frame>
      <ip>0x4E9F1F0</ip>
      <obj>/usr/lib/x86_64-linux-gnu/libboost_unit_test_framework.so.1.54.0</obj>
    </frame>
    <frame>
      <ip>0x4E7A545</ip>
      <obj>/usr/lib/x86_64-linux-gnu/libboost_unit_test_framework.so.1.54.0</obj>
      <fn>boost::execution_monitor::catch_signals(boost::unit_test::callback0&lt;int&gt; const&amp;)</fn>
    </frame>
    <frame>
      <ip>0x4E7AD82</ip>
      <obj>/usr/lib/x86_64-linux-gnu/libboost_unit_test_framework.so.1.54.0</obj>
      <fn>boost::execution_monitor::execute(boost::unit_test::callback0&lt;int&gt; const&amp;)</fn>
    </frame>
    <frame>
      <ip>0x4E9F2F1</ip>
      <obj>/usr/lib/x86_64-linux-gnu/libboost_unit_test_framework.so.1.54.0</obj>
      <fn>boost::unit_test::unit_test_monitor_t::execute_and_translate(boost::unit_test::test_case const&amp;)</fn>
    </frame>
    <frame>
      <ip>0x4E88F93</ip>
      <obj>/usr/lib/x86_64-linux-gnu/libboost_unit_test_framework.so.1.54.0</obj>
      <fn>boost::unit_test::framework_impl::visit(boost::unit_test::test_case const&amp;)</fn>
    </frame>
    <frame>
      <ip>0x4EB7D22</ip>
      <obj>/usr/lib/x86_64-linux-gnu/libboost_unit_test_framework.so.1.54.0</obj>
      <fn>boost::unit_test::traverse_test_tree(boost::unit_test::test_suite const&amp;, boost::unit_test::test_tree_visitor&amp;)</fn>
    </frame>
    <frame>
      <ip>0x4E844B9</ip>
      <obj>/usr/lib/x86_64-linux-gnu/libboost_unit_test_framework.so.1.54.0</obj>
      <fn>boost::unit_test::framework::run(unsigned long, bool)</fn>
    </frame>
  </stack>
</error>

<error>
  <unique>0x7</unique>
  <tid>1</tid>
  <kind>Leak_DefinitelyLost</kind>
  <xwhat>
    <text>414 (384 direct, 30 indirect) bytes in 1 blocks are definitely lost in loss record 7 of 9</text>
    <leakedbytes>414</leakedbytes>
    <leakedblocks>1</leakedblocks>
  </xwhat>
  <stack>
    <frame>
      <ip>0x4C2B0E0</ip>
      <obj>/usr/lib/valgrind/vgpreload_memcheck-amd64-linux.so</obj>
      <fn>operator new(unsigned long)</fn>
    </frame>
    <frame>
      <ip>0x802E70</ip>
      <obj>/home/travis/build/kaitai-io/ci_targets/compiled/cpp_stl_11/bin/ks_tests</obj>
      <fn>repeat_until_sized_t::_read()</fn>
      <dir>/home/travis/build/kaitai-io/ci_targets/tests/compiled/cpp_stl_11</dir>
      <file>repeat_until_sized.cpp</file>
      <line>24</line>
    </frame>
    <frame>
      <ip>0x802D33</ip>
      <obj>/home/travis/build/kaitai-io/ci_targets/compiled/cpp_stl_11/bin/ks_tests</obj>
      <fn>repeat_until_sized_t::repeat_until_sized_t(kaitai::kstream*, kaitai::kstruct*, repeat_until_sized_t*)</fn>
      <dir>/home/travis/build/kaitai-io/ci_targets/tests/compiled/cpp_stl_11</dir>
      <file>repeat_until_sized.cpp</file>
      <line>12</line>
    </frame>
    <frame>
      <ip>0x723C7A</ip>
      <obj>/home/travis/build/kaitai-io/ci_targets/compiled/cpp_stl_11/bin/ks_tests</obj>
      <fn>test_repeat_until_sized::test_method()</fn>
      <dir>/home/travis/build/kaitai-io/ci_targets/tests/spec/cpp_stl_11</dir>
      <file>test_repeat_until_sized.cpp</file>
      <line>12</line>
    </frame>
    <frame>
      <ip>0x723BF3</ip>
      <obj>/home/travis/build/kaitai-io/ci_targets/compiled/cpp_stl_11/bin/ks_tests</obj>
      <fn>test_repeat_until_sized_invoker()</fn>
      <dir>/home/travis/build/kaitai-io/ci_targets/tests/spec/cpp_stl_11</dir>
      <file>test_repeat_until_sized.cpp</file>
      <line>9</line>
    </frame>
    <frame>
      <ip>0x6FDAA3</ip>
      <obj>/home/travis/build/kaitai-io/ci_targets/compiled/cpp_stl_11/bin/ks_tests</obj>
      <fn>boost::unit_test::ut_detail::unused boost::unit_test::ut_detail::invoker&lt;boost::unit_test::ut_detail::unused&gt;::invoke&lt;void (*)()&gt;(void (*&amp;)())</fn>
      <dir>/usr/include/boost/test/utils</dir>
      <file>callback.hpp</file>
      <line>56</line>
    </frame>
    <frame>
      <ip>0x6FD9E3</ip>
      <obj>/home/travis/build/kaitai-io/ci_targets/compiled/cpp_stl_11/bin/ks_tests</obj>
      <fn>boost::unit_test::ut_detail::callback0_impl_t&lt;boost::unit_test::ut_detail::unused, void (*)()&gt;::invoke()</fn>
      <dir>/usr/include/boost/test/utils</dir>
      <file>callback.hpp</file>
      <line>89</line>
    </frame>
    <frame>
      <ip>0x4E9F1F0</ip>
      <obj>/usr/lib/x86_64-linux-gnu/libboost_unit_test_framework.so.1.54.0</obj>
    </frame>
    <frame>
      <ip>0x4E7A545</ip>
      <obj>/usr/lib/x86_64-linux-gnu/libboost_unit_test_framework.so.1.54.0</obj>
      <fn>boost::execution_monitor::catch_signals(boost::unit_test::callback0&lt;int&gt; const&amp;)</fn>
    </frame>
    <frame>
      <ip>0x4E7AD82</ip>
      <obj>/usr/lib/x86_64-linux-gnu/libboost_unit_test_framework.so.1.54.0</obj>
      <fn>boost::execution_monitor::execute(boost::unit_test::callback0&lt;int&gt; const&amp;)</fn>
    </frame>
    <frame>
      <ip>0x4E9F2F1</ip>
      <obj>/usr/lib/x86_64-linux-gnu/libboost_unit_test_framework.so.1.54.0</obj>
      <fn>boost::unit_test::unit_test_monitor_t::execute_and_translate(boost::unit_test::test_case const&amp;)</fn>
    </frame>
    <frame>
      <ip>0x4E88F93</ip>
      <obj>/usr/lib/x86_64-linux-gnu/libboost_unit_test_framework.so.1.54.0</obj>
      <fn>boost::unit_test::framework_impl::visit(boost::unit_test::test_case const&amp;)</fn>
    </frame>
  </stack>
</error>

<error>
  <unique>0x9</unique>
  <tid>1</tid>
  <kind>Leak_DefinitelyLost</kind>
  <xwhat>
    <text>8,192 bytes in 1 blocks are definitely lost in loss record 9 of 9</text>
    <leakedbytes>8192</leakedbytes>
    <leakedblocks>1</leakedblocks>
  </xwhat>
  <stack>
    <frame>
      <ip>0x4C2B800</ip>
      <obj>/usr/lib/valgrind/vgpreload_memcheck-amd64-linux.so</obj>
      <fn>operator new[](unsigned long)</fn>
    </frame>
    <frame>
      <ip>0x53A68AB</ip>
      <obj>/usr/lib/x86_64-linux-gnu/libstdc++.so.6.0.19</obj>
      <fn>std::basic_filebuf&lt;char, std::char_traits&lt;char&gt; &gt;::_M_allocate_internal_buffer()</fn>
    </frame>
    <frame>
      <ip>0x53A6EC1</ip>
      <obj>/usr/lib/x86_64-linux-gnu/libstdc++.so.6.0.19</obj>
      <fn>std::basic_filebuf&lt;char, std::char_traits&lt;char&gt; &gt;::open(char const*, std::_Ios_Openmode)</fn>
    </frame>
    <frame>
      <ip>0x53A7FAF</ip>
      <obj>/usr/lib/x86_64-linux-gnu/libstdc++.so.6.0.19</obj>
      <fn>std::basic_ifstream&lt;char, std::char_traits&lt;char&gt; &gt;::basic_ifstream(char const*, std::_Ios_Openmode)</fn>
    </frame>
    <frame>
      <ip>0x723C38</ip>
      <obj>/home/travis/build/kaitai-io/ci_targets/compiled/cpp_stl_11/bin/ks_tests</obj>
      <fn>test_repeat_until_sized::test_method()</fn>
      <dir>/home/travis/build/kaitai-io/ci_targets/tests/spec/cpp_stl_11</dir>
      <file>test_repeat_until_sized.cpp</file>
      <line>10</line>
    </frame>
    <frame>
      <ip>0x723BF3</ip>
      <obj>/home/travis/build/kaitai-io/ci_targets/compiled/cpp_stl_11/bin/ks_tests</obj>
      <fn>test_repeat_until_sized_invoker()</fn>
      <dir>/home/travis/build/kaitai-io/ci_targets/tests/spec/cpp_stl_11</dir>
      <file>test_repeat_until_sized.cpp</file>
      <line>9</line>
    </frame>
    <frame>
      <ip>0x6FDAA3</ip>
      <obj>/home/travis/build/kaitai-io/ci_targets/compiled/cpp_stl_11/bin/ks_tests</obj>
      <fn>boost::unit_test::ut_detail::unused boost::unit_test::ut_detail::invoker&lt;boost::unit_test::ut_detail::unused&gt;::invoke&lt;void (*)()&gt;(void (*&amp;)())</fn>
      <dir>/usr/include/boost/test/utils</dir>
      <file>callback.hpp</file>
      <line>56</line>
    </frame>
    <frame>
      <ip>0x6FD9E3</ip>
      <obj>/home/travis/build/kaitai-io/ci_targets/compiled/cpp_stl_11/bin/ks_tests</obj>
      <fn>boost::unit_test::ut_detail::callback0_impl_t&lt;boost::unit_test::ut_detail::unused, void (*)()&gt;::invoke()</fn>
      <dir>/usr/include/boost/test/utils</dir>
      <file>callback.hpp</file>
      <line>89</line>
    </frame>
    <frame>
      <ip>0x4E9F1F0</ip>
      <obj>/usr/lib/x86_64-linux-gnu/libboost_unit_test_framework.so.1.54.0</obj>
    </frame>
    <frame>
      <ip>0x4E7A545</ip>
      <obj>/usr/lib/x86_64-linux-gnu/libboost_unit_test_framework.so.1.54.0</obj>
      <fn>boost::execution_monitor::catch_signals(boost::unit_test::callback0&lt;int&gt; const&amp;)</fn>
    </frame>
    <frame>
      <ip>0x4E7AD82</ip>
      <obj>/usr/lib/x86_64-linux-gnu/libboost_unit_test_framework.so.1.54.0</obj>
      <fn>boost::execution_monitor::execute(boost::unit_test::callback0&lt;int&gt; const&amp;)</fn>
    </frame>
    <frame>
      <ip>0x4E9F2F1</ip>
      <obj>/usr/lib/x86_64-linux-gnu/libboost_unit_test_framework.so.1.54.0</obj>
      <fn>boost::unit_test::unit_test_monitor_t::execute_and_translate(boost::unit_test::test_case const&amp;)</fn>
    </frame>
  </stack>
</error>

<errorcounts>
  <pair>
    <count>1</count>
    <unique>0x0</unique>
  </pair>
</errorcounts>

<suppcounts>
</suppcounts>

</valgrindoutput>

