<?xml version='1.0' encoding='utf-8'?>
<testsuites>
  <testsuite name="spec_perl_TestStrPadTermEmpty_t" errors="0" failures="0" skipped="0" tests="4" time="0.0580439567565918">
    <system-out>1..4
ok 1 - Equals
ok 2 - Equals
ok 3 - Equals
ok 4 - Equals
</system-out>
    <testcase name="Equals" classname="spec_perl_TestStrPadTermEmpty_t" time="0.000427961349487305" />
    <testcase name="Equals (2)" classname="spec_perl_TestStrPadTermEmpty_t" time="0.000123023986816406" />
    <testcase name="Equals (3)" classname="spec_perl_TestStrPadTermEmpty_t" time="7.00950622558594e-05" />
    <testcase name="Equals (4)" classname="spec_perl_TestStrPadTermEmpty_t" time="0.00018000602722168" />
  </testsuite>
  <testsuite name="spec_perl_TestDefaultBigEndian_t" errors="0" failures="0" skipped="0" tests="1" time="0.0543289184570312">
    <system-out>1..1
ok 1 - Equals
</system-out>
    <testcase name="Equals (5)" classname="spec_perl_TestDefaultBigEndian_t" time="0.00029301643371582" />
  </testsuite>
  <testsuite name="spec_perl_TestBytesPadTerm_t" errors="0" failures="0" skipped="0" tests="4" time="0.0526020526885986">
    <system-out>1..4
ok 1 - Equals
ok 2 - Equals
ok 3 - Equals
ok 4 - Equals
</system-out>
    <testcase name="Equals (6)" classname="spec_perl_TestBytesPadTerm_t" time="0.000303030014038086" />
    <testcase name="Equals (7)" classname="spec_perl_TestBytesPadTerm_t" time="9.48905944824219e-05" />
    <testcase name="Equals (8)" classname="spec_perl_TestBytesPadTerm_t" time="0.000127077102661133" />
    <testcase name="Equals (9)" classname="spec_perl_TestBytesPadTerm_t" time="0.000163078308105469" />
  </testsuite>
  <testsuite name="spec_perl_TestEnumNegative_t" errors="0" failures="0" skipped="0" tests="2" time="0.0541489124298096">
    <system-out>1..2
ok 1 - Equals
ok 2 - Equals
</system-out>
    <testcase name="Equals (10)" classname="spec_perl_TestEnumNegative_t" time="0.000283956527709961" />
    <testcase name="Equals (11)" classname="spec_perl_TestEnumNegative_t" time="9.29832458496094e-05" />
  </testsuite>
  <testsuite name="spec_perl_TestOpaqueExternalType_t" errors="0" failures="0" skipped="0" tests="3" time="0.0582849979400635">
    <system-out>1..3
ok 1 - Equals
ok 2 - Equals
ok 3 - Equals
</system-out>
    <testcase name="Equals (12)" classname="spec_perl_TestOpaqueExternalType_t" time="0.000419855117797852" />
    <testcase name="Equals (13)" classname="spec_perl_TestOpaqueExternalType_t" time="0.000103950500488281" />
    <testcase name="Equals (14)" classname="spec_perl_TestOpaqueExternalType_t" time="6.91413879394531e-05" />
  </testsuite>
  <testsuite name="spec_perl_TestJsSignedRightShift_t" errors="0" failures="0" skipped="0" tests="2" time="0.0532209873199463">
    <system-out>1..2
ok 1 - Equals
ok 2 - Equals
</system-out>
    <testcase name="Equals (15)" classname="spec_perl_TestJsSignedRightShift_t" time="0.000280141830444336" />
    <testcase name="Equals (16)" classname="spec_perl_TestJsSignedRightShift_t" time="9.39369201660156e-05" />
  </testsuite>
  <testsuite name="spec_perl_TestProcessRotate_t" errors="0" failures="0" skipped="0" tests="3" time="0.053272008895874">
    <system-out>1..3
ok 1 - Equals
ok 2 - Equals
ok 3 - Equals
</system-out>
    <testcase name="Equals (17)" classname="spec_perl_TestProcessRotate_t" time="0.000336170196533203" />
    <testcase name="Equals (18)" classname="spec_perl_TestProcessRotate_t" time="9.98973846435547e-05" />
    <testcase name="Equals (19)" classname="spec_perl_TestProcessRotate_t" time="0.000137090682983398" />
  </testsuite>
  <testsuite name="spec_perl_TestInstanceStdArray_t" errors="0" failures="0" skipped="0" tests="4" time="0.0551929473876953">
    <system-out>1..4
ok 1 - Equals
ok 2 - Equals
ok 3 - Equals
ok 4 - Equals
</system-out>
    <testcase name="Equals (20)" classname="spec_perl_TestInstanceStdArray_t" time="0.000720977783203125" />
    <testcase name="Equals (21)" classname="spec_perl_TestInstanceStdArray_t" time="0.000341892242431641" />
    <testcase name="Equals (22)" classname="spec_perl_TestInstanceStdArray_t" time="0.000292062759399414" />
    <testcase name="Equals (23)" classname="spec_perl_TestInstanceStdArray_t" time="0.000346899032592773" />
  </testsuite>
  <testsuite name="spec_perl_TestEnumOfValueInst_t" errors="0" failures="0" skipped="0" tests="4" time="0.0553529262542725">
    <system-out>1..4
ok 1 - Equals
ok 2 - Equals
ok 3 - Equals
ok 4 - Equals
</system-out>
    <testcase name="Equals (24)" classname="spec_perl_TestEnumOfValueInst_t" time="0.000224113464355469" />
    <testcase name="Equals (25)" classname="spec_perl_TestEnumOfValueInst_t" time="9.39369201660156e-05" />
    <testcase name="Equals (26)" classname="spec_perl_TestEnumOfValueInst_t" time="6.89029693603516e-05" />
    <testcase name="Equals (27)" classname="spec_perl_TestEnumOfValueInst_t" time="0.000159978866577148" />
  </testsuite>
  <testsuite name="spec_perl_TestEnumForUnknownId_t" errors="0" failures="0" skipped="0" tests="1" time="0.0530898571014404">
    <system-out>1..1
ok 1 - Equals
</system-out>
    <testcase name="Equals (28)" classname="spec_perl_TestEnumForUnknownId_t" time="0.000196933746337891" />
  </testsuite>
  <testsuite name="spec_perl_TestSwitchIntegers_t" errors="0" failures="0" skipped="0" tests="9" time="0.0543420314788818">
    <system-out>1..9
ok 1 - Equals
ok 2 - Equals
ok 3 - Equals
ok 4 - Equals
ok 5 - Equals
ok 6 - Equals
ok 7 - Equals
ok 8 - Equals
ok 9 - Equals
</system-out>
    <testcase name="Equals (29)" classname="spec_perl_TestSwitchIntegers_t" time="0.000325918197631836" />
    <testcase name="Equals (30)" classname="spec_perl_TestSwitchIntegers_t" time="9.918212890625e-05" />
    <testcase name="Equals (31)" classname="spec_perl_TestSwitchIntegers_t" time="0.000166893005371094" />
    <testcase name="Equals (32)" classname="spec_perl_TestSwitchIntegers_t" time="0.000149965286254883" />
    <testcase name="Equals (33)" classname="spec_perl_TestSwitchIntegers_t" time="0.000153064727783203" />
    <testcase name="Equals (34)" classname="spec_perl_TestSwitchIntegers_t" time="0.000139951705932617" />
    <testcase name="Equals (35)" classname="spec_perl_TestSwitchIntegers_t" time="0.000147104263305664" />
    <testcase name="Equals (36)" classname="spec_perl_TestSwitchIntegers_t" time="0.000143051147460938" />
    <testcase name="Equals (37)" classname="spec_perl_TestSwitchIntegers_t" time="0.000160932540893555" />
  </testsuite>
  <testsuite name="spec_perl_TestNavParent3_t" errors="0" failures="0" skipped="0" tests="10" time="0.0590140819549561">
    <system-out>1..10
ok 1 - Equals
ok 2 - Equals
ok 3 - Equals
ok 4 - Equals
ok 5 - Equals
ok 6 - Equals
ok 7 - Equals
ok 8 - Equals
ok 9 - Equals
ok 10 - Equals
</system-out>
    <testcase name="Equals (38)" classname="spec_perl_TestNavParent3_t" time="0.000280857086181641" />
    <testcase name="Equals (39)" classname="spec_perl_TestNavParent3_t" time="9.79900360107422e-05" />
    <testcase name="Equals (40)" classname="spec_perl_TestNavParent3_t" time="0.000247955322265625" />
    <testcase name="Equals (41)" classname="spec_perl_TestNavParent3_t" time="0.000120162963867188" />
    <testcase name="Equals (42)" classname="spec_perl_TestNavParent3_t" time="0.000171899795532227" />
    <testcase name="Equals (43)" classname="spec_perl_TestNavParent3_t" time="0.00021815299987793" />
    <testcase name="Equals (44)" classname="spec_perl_TestNavParent3_t" time="0.000149011611938477" />
    <testcase name="Equals (45)" classname="spec_perl_TestNavParent3_t" time="0.000151872634887695" />
    <testcase name="Equals (46)" classname="spec_perl_TestNavParent3_t" time="0.000142097473144531" />
    <testcase name="Equals (47)" classname="spec_perl_TestNavParent3_t" time="0.000209808349609375" />
  </testsuite>
  <testsuite name="spec_perl_TestSwitchBytearray_t" errors="0" failures="0" skipped="0" tests="9" time="0.0588860511779785">
    <system-out>1..9
ok 1 - Equals
ok 2 - Equals
ok 3 - Equals
ok 4 - Equals
ok 5 - Equals
ok 6 - Equals
ok 7 - Equals
ok 8 - Equals
ok 9 - Equals
</system-out>
    <testcase name="Equals (48)" classname="spec_perl_TestSwitchBytearray_t" time="0.000395059585571289" />
    <testcase name="Equals (49)" classname="spec_perl_TestSwitchBytearray_t" time="0.000107049942016602" />
    <testcase name="Equals (50)" classname="spec_perl_TestSwitchBytearray_t" time="0.0001678466796875" />
    <testcase name="Equals (51)" classname="spec_perl_TestSwitchBytearray_t" time="0.000152111053466797" />
    <testcase name="Equals (52)" classname="spec_perl_TestSwitchBytearray_t" time="0.000159978866577148" />
    <testcase name="Equals (53)" classname="spec_perl_TestSwitchBytearray_t" time="0.000153064727783203" />
    <testcase name="Equals (54)" classname="spec_perl_TestSwitchBytearray_t" time="0.000149965286254883" />
    <testcase name="Equals (55)" classname="spec_perl_TestSwitchBytearray_t" time="0.00014805793762207" />
    <testcase name="Equals (56)" classname="spec_perl_TestSwitchBytearray_t" time="0.000149965286254883" />
  </testsuite>
  <testsuite name="spec_perl_TestZlibWithHeader78_t" errors="0" failures="0" skipped="0" tests="1" time="0.0870311260223389">
    <system-out>1..1
ok 1 - Equals
</system-out>
    <testcase name="Equals (57)" classname="spec_perl_TestZlibWithHeader78_t" time="0.00041508674621582" />
  </testsuite>
  <testsuite name="spec_perl_TestRepeatEosU4_t" errors="0" failures="0" skipped="0" tests="1" time="0.0531680583953857">
    <system-out>1..1
ok 1 - Equals
</system-out>
    <testcase name="Equals (58)" classname="spec_perl_TestRepeatEosU4_t" time="0.000262975692749023" />
  </testsuite>
  <testsuite name="spec_perl_TestRepeatNStrzDouble_t" errors="0" failures="0" skipped="0" tests="3" time="0.0575911998748779">
    <system-out>1..3
ok 1 - Equals
ok 2 - Equals
ok 3 - Equals
</system-out>
    <testcase name="Equals (59)" classname="spec_perl_TestRepeatNStrzDouble_t" time="0.000462055206298828" />
    <testcase name="Equals (60)" classname="spec_perl_TestRepeatNStrzDouble_t" time="0.00010991096496582" />
    <testcase name="Equals (61)" classname="spec_perl_TestRepeatNStrzDouble_t" time="6.91413879394531e-05" />
  </testsuite>
  <testsuite name="spec_perl_TestSwitchCast_t" errors="0" failures="0" skipped="0" tests="2" time="0.0575830936431885">
    <system-out>1..2
ok 1 - Equals
ok 2 - Equals
</system-out>
    <testcase name="Equals (62)" classname="spec_perl_TestSwitchCast_t" time="0.000377178192138672" />
    <testcase name="Equals (63)" classname="spec_perl_TestSwitchCast_t" time="0.000105857849121094" />
  </testsuite>
  <testsuite name="spec_perl_TestNavRoot_t" errors="0" failures="0" skipped="0" tests="5" time="0.0590360164642334">
    <system-out>1..5
ok 1 - Equals
ok 2 - Equals
ok 3 - Equals
ok 4 - Equals
ok 5 - Equals
</system-out>
    <testcase name="Equals (64)" classname="spec_perl_TestNavRoot_t" time="0.000414848327636719" />
    <testcase name="Equals (65)" classname="spec_perl_TestNavRoot_t" time="0.000112056732177734" />
    <testcase name="Equals (66)" classname="spec_perl_TestNavRoot_t" time="7.10487365722656e-05" />
    <testcase name="Equals (67)" classname="spec_perl_TestNavRoot_t" time="0.000168085098266602" />
    <testcase name="Equals (68)" classname="spec_perl_TestNavRoot_t" time="0.000147819519042969" />
  </testsuite>
  <testsuite name="spec_perl_TestImports0_t" errors="0" failures="0" skipped="0" tests="3" time="0.0540320873260498">
    <system-out>1..3
ok 1 - Equals
ok 2 - Equals
ok 3 - Equals
</system-out>
    <testcase name="Equals (69)" classname="spec_perl_TestImports0_t" time="0.000201940536499023" />
    <testcase name="Equals (70)" classname="spec_perl_TestImports0_t" time="0.000150918960571289" />
    <testcase name="Equals (71)" classname="spec_perl_TestImports0_t" time="0.000164031982421875" />
  </testsuite>
  <testsuite name="spec_perl_TestBitsSimple_t" errors="0" failures="0" skipped="0" tests="11" time="0.0529458522796631">
    <system-out>1..11
ok 1 - Equals
ok 2 - Equals
ok 3 - Equals
ok 4 - Equals
ok 5 - Equals
ok 6 - Equals
ok 7 - Equals
ok 8 - Equals
ok 9 - Equals
ok 10 - Equals
ok 11 - Equals
</system-out>
    <testcase name="Equals (72)" classname="spec_perl_TestBitsSimple_t" time="0.000314950942993164" />
    <testcase name="Equals (73)" classname="spec_perl_TestBitsSimple_t" time="0.000102996826171875" />
    <testcase name="Equals (74)" classname="spec_perl_TestBitsSimple_t" time="0.000138044357299805" />
    <testcase name="Equals (75)" classname="spec_perl_TestBitsSimple_t" time="0.000164031982421875" />
    <testcase name="Equals (76)" classname="spec_perl_TestBitsSimple_t" time="0.000151872634887695" />
    <testcase name="Equals (77)" classname="spec_perl_TestBitsSimple_t" time="0.000144004821777344" />
    <testcase name="Equals (78)" classname="spec_perl_TestBitsSimple_t" time="0.000144004821777344" />
    <testcase name="Equals (79)" classname="spec_perl_TestBitsSimple_t" time="0.000145196914672852" />
    <testcase name="Equals (80)" classname="spec_perl_TestBitsSimple_t" time="0.000147819519042969" />
    <testcase name="Equals (81)" classname="spec_perl_TestBitsSimple_t" time="0.000169992446899414" />
    <testcase name="Equals (82)" classname="spec_perl_TestBitsSimple_t" time="0.000177145004272461" />
  </testsuite>
  <testsuite name="spec_perl_TestSwitchIntegers2_t" errors="0" failures="0" skipped="0" tests="5" time="0.0537819862365723">
    <system-out>1..5
ok 1 - Equals
ok 2 - Equals
ok 3 - Equals
ok 4 - Equals
ok 5 - Equals
</system-out>
    <testcase name="Equals (83)" classname="spec_perl_TestSwitchIntegers2_t" time="0.000266075134277344" />
    <testcase name="Equals (84)" classname="spec_perl_TestSwitchIntegers2_t" time="8.98838043212891e-05" />
    <testcase name="Equals (85)" classname="spec_perl_TestSwitchIntegers2_t" time="0.000165939331054688" />
    <testcase name="Equals (86)" classname="spec_perl_TestSwitchIntegers2_t" time="0.000163078308105469" />
    <testcase name="Equals (87)" classname="spec_perl_TestSwitchIntegers2_t" time="0.000162124633789062" />
  </testsuite>
  <testsuite name="spec_perl_TestIfInstances_t" errors="0" failures="0" skipped="0" tests="1" time="0.0536088943481445">
    <system-out>1..1
ok 1 - nil
</system-out>
    <testcase name="nil (87)" classname="spec_perl_TestIfInstances_t" time="0.000196933746337891" />
  </testsuite>
  <testsuite name="spec_perl_TestPositionInSeq_t" errors="0" failures="0" skipped="0" tests="1" time="0.0545291900634766">
    <system-out>1..1
ok 1 - Equals
</system-out>
    <testcase name="Equals (88)" classname="spec_perl_TestPositionInSeq_t" time="0.000319957733154297" />
  </testsuite>
  <testsuite name="spec_perl_TestFloatingPoints_t" errors="0" failures="0" skipped="0" tests="8" time="0.0548310279846191">
    <system-out>1..8
ok 1 - Equals
ok 2 - Equals
ok 3 - Equals
ok 4 - Equals
ok 5 - Equals
ok 6 - Equals
ok 7 - Equals
ok 8 - Equals
</system-out>
    <testcase name="Equals (89)" classname="spec_perl_TestFloatingPoints_t" time="0.000329017639160156" />
    <testcase name="Equals (90)" classname="spec_perl_TestFloatingPoints_t" time="9.58442687988281e-05" />
    <testcase name="Equals (91)" classname="spec_perl_TestFloatingPoints_t" time="0.000152111053466797" />
    <testcase name="Equals (92)" classname="spec_perl_TestFloatingPoints_t" time="0.000226020812988281" />
    <testcase name="Equals (93)" classname="spec_perl_TestFloatingPoints_t" time="0.000130891799926758" />
    <testcase name="Equals (94)" classname="spec_perl_TestFloatingPoints_t" time="0.000178098678588867" />
    <testcase name="Equals (95)" classname="spec_perl_TestFloatingPoints_t" time="0.000123977661132812" />
    <testcase name="Equals (96)" classname="spec_perl_TestFloatingPoints_t" time="0.000195980072021484" />
  </testsuite>
  <testsuite name="spec_perl_TestNavParentOverride_t" errors="0" failures="0" skipped="0" tests="3" time="0.0537569522857666">
    <system-out>1..3
ok 1 - Equals
ok 2 - Equals
ok 3 - Equals
</system-out>
    <testcase name="Equals (97)" classname="spec_perl_TestNavParentOverride_t" time="0.000262022018432617" />
    <testcase name="Equals (98)" classname="spec_perl_TestNavParentOverride_t" time="9.39369201660156e-05" />
    <testcase name="Equals (99)" classname="spec_perl_TestNavParentOverride_t" time="0.000176191329956055" />
  </testsuite>
  <testsuite name="spec_perl_TestPositionToEnd_t" errors="0" failures="0" skipped="0" tests="2" time="0.0553901195526123">
    <system-out>1..2
ok 1 - Equals
ok 2 - Equals
</system-out>
    <testcase name="Equals (100)" classname="spec_perl_TestPositionToEnd_t" time="0.000370979309082031" />
    <testcase name="Equals (101)" classname="spec_perl_TestPositionToEnd_t" time="0.000112056732177734" />
  </testsuite>
  <testsuite name="spec_perl_TestBufferedStruct_t" errors="0" failures="0" skipped="0" tests="7" time="0.0539062023162842">
    <system-out>1..7
ok 1 - Equals
ok 2 - Equals
ok 3 - Equals
ok 4 - Equals
ok 5 - Equals
ok 6 - Equals
ok 7 - Equals
</system-out>
    <testcase name="Equals (102)" classname="spec_perl_TestBufferedStruct_t" time="0.000602006912231445" />
    <testcase name="Equals (103)" classname="spec_perl_TestBufferedStruct_t" time="0.000111818313598633" />
    <testcase name="Equals (104)" classname="spec_perl_TestBufferedStruct_t" time="8.51154327392578e-05" />
    <testcase name="Equals (105)" classname="spec_perl_TestBufferedStruct_t" time="0.000149011611938477" />
    <testcase name="Equals (106)" classname="spec_perl_TestBufferedStruct_t" time="0.000149011611938477" />
    <testcase name="Equals (107)" classname="spec_perl_TestBufferedStruct_t" time="0.000151872634887695" />
    <testcase name="Equals (108)" classname="spec_perl_TestBufferedStruct_t" time="0.000149965286254883" />
  </testsuite>
  <testsuite name="spec_perl_TestIfValues_t" errors="0" failures="0" skipped="0" tests="6" time="0.0550451278686523">
    <system-out>1..6
ok 1 - Equals
ok 2 - Equals
ok 3 - Equals
ok 4 - nil
ok 5 - Equals
ok 6 - nil
</system-out>
    <testcase name="Equals (109)" classname="spec_perl_TestIfValues_t" time="0.000213146209716797" />
    <testcase name="Equals (110)" classname="spec_perl_TestIfValues_t" time="0.000161886215209961" />
    <testcase name="Equals (111)" classname="spec_perl_TestIfValues_t" time="0.000149965286254883" />
    <testcase name="nil (111)" classname="spec_perl_TestIfValues_t" time="7.20024108886719e-05" />
    <testcase name="Equals (112)" classname="spec_perl_TestIfValues_t" time="0.000155210494995117" />
    <testcase name="nil (112)" classname="spec_perl_TestIfValues_t" time="7.08103179931641e-05" />
  </testsuite>
  <testsuite name="spec_perl_TestOptionalId_t" errors="0" failures="0" skipped="0" tests="3" time="0.0544559955596924">
    <system-out>1..3
ok 1 - Equals
ok 2 - Equals
ok 3 - Equals
</system-out>
    <testcase name="Equals (113)" classname="spec_perl_TestOptionalId_t" time="0.000252962112426758" />
    <testcase name="Equals (114)" classname="spec_perl_TestOptionalId_t" time="0.000138998031616211" />
    <testcase name="Equals (115)" classname="spec_perl_TestOptionalId_t" time="0.000164031982421875" />
  </testsuite>
  <testsuite name="spec_perl_TestNestedTypes2_t" errors="0" failures="0" skipped="0" tests="7" time="0.0562560558319092">
    <system-out>1..7
ok 1 - Equals
ok 2 - Equals
ok 3 - Equals
ok 4 - Equals
ok 5 - Equals
ok 6 - Equals
ok 7 - Equals
</system-out>
    <testcase name="Equals (116)" classname="spec_perl_TestNestedTypes2_t" time="0.000345945358276367" />
    <testcase name="Equals (117)" classname="spec_perl_TestNestedTypes2_t" time="0.000104188919067383" />
    <testcase name="Equals (118)" classname="spec_perl_TestNestedTypes2_t" time="0.000125885009765625" />
    <testcase name="Equals (119)" classname="spec_perl_TestNestedTypes2_t" time="0.000173091888427734" />
    <testcase name="Equals (120)" classname="spec_perl_TestNestedTypes2_t" time="0.000138044357299805" />
    <testcase name="Equals (121)" classname="spec_perl_TestNestedTypes2_t" time="0.000176906585693359" />
    <testcase name="Equals (122)" classname="spec_perl_TestNestedTypes2_t" time="0.000169992446899414" />
  </testsuite>
  <testsuite name="spec_perl_TestExprIoEof_t" errors="0" failures="0" skipped="0" tests="4" time="0.0546128749847412">
    <system-out>1..4
ok 1 - Equals
ok 2 - Equals
ok 3 - Equals
ok 4 - Equals
</system-out>
    <testcase name="Equals (123)" classname="spec_perl_TestExprIoEof_t" time="0.000606060028076172" />
    <testcase name="Equals (124)" classname="spec_perl_TestExprIoEof_t" time="0.000113010406494141" />
    <testcase name="Equals (125)" classname="spec_perl_TestExprIoEof_t" time="6.89029693603516e-05" />
    <testcase name="Equals (126)" classname="spec_perl_TestExprIoEof_t" time="0.00018000602722168" />
  </testsuite>
  <testsuite name="spec_perl_TestStrPadTerm_t" errors="0" failures="0" skipped="0" tests="4" time="0.0593059062957764">
    <system-out>1..4
ok 1 - Equals
ok 2 - Equals
ok 3 - Equals
ok 4 - Equals
</system-out>
    <testcase name="Equals (127)" classname="spec_perl_TestStrPadTerm_t" time="0.000468015670776367" />
    <testcase name="Equals (128)" classname="spec_perl_TestStrPadTerm_t" time="0.000108003616333008" />
    <testcase name="Equals (129)" classname="spec_perl_TestStrPadTerm_t" time="6.98566436767578e-05" />
    <testcase name="Equals (130)" classname="spec_perl_TestStrPadTerm_t" time="0.000167131423950195" />
  </testsuite>
  <testsuite name="spec_perl_TestNavParentFalse_t" errors="0" failures="0" skipped="0" tests="5" time="0.050119161605835">
    <system-out>1..5
ok 1 - Equals
ok 2 - Equals
ok 3 - Equals
ok 4 - Equals
ok 5 - Equals
</system-out>
    <testcase name="Equals (131)" classname="spec_perl_TestNavParentFalse_t" time="0.000293970108032227" />
    <testcase name="Equals (132)" classname="spec_perl_TestNavParentFalse_t" time="9.29832458496094e-05" />
    <testcase name="Equals (133)" classname="spec_perl_TestNavParentFalse_t" time="0.000156879425048828" />
    <testcase name="Equals (134)" classname="spec_perl_TestNavParentFalse_t" time="0.000152111053466797" />
    <testcase name="Equals (135)" classname="spec_perl_TestNavParentFalse_t" time="0.000210046768188477" />
  </testsuite>
  <testsuite name="spec_perl_TestSwitchManualIntSize_t" errors="0" failures="0" skipped="0" tests="10" time="0.0590488910675049">
    <system-out>1..10
ok 1 - Equals
ok 2 - Equals
ok 3 - Equals
ok 4 - Equals
ok 5 - Equals
ok 6 - Equals
ok 7 - Equals
ok 8 - Equals
ok 9 - Equals
ok 10 - Equals
</system-out>
    <testcase name="Equals (136)" classname="spec_perl_TestSwitchManualIntSize_t" time="0.000765085220336914" />
    <testcase name="Equals (137)" classname="spec_perl_TestSwitchManualIntSize_t" time="0.000138044357299805" />
    <testcase name="Equals (138)" classname="spec_perl_TestSwitchManualIntSize_t" time="7.39097595214844e-05" />
    <testcase name="Equals (139)" classname="spec_perl_TestSwitchManualIntSize_t" time="0.00014805793762207" />
    <testcase name="Equals (140)" classname="spec_perl_TestSwitchManualIntSize_t" time="0.000151872634887695" />
    <testcase name="Equals (141)" classname="spec_perl_TestSwitchManualIntSize_t" time="0.00018000602722168" />
    <testcase name="Equals (142)" classname="spec_perl_TestSwitchManualIntSize_t" time="0.000166177749633789" />
    <testcase name="Equals (143)" classname="spec_perl_TestSwitchManualIntSize_t" time="0.000140905380249023" />
    <testcase name="Equals (144)" classname="spec_perl_TestSwitchManualIntSize_t" time="0.000203132629394531" />
    <testcase name="Equals (145)" classname="spec_perl_TestSwitchManualIntSize_t" time="0.000137805938720703" />
  </testsuite>
  <testsuite name="spec_perl_TestRepeatUntilComplex_t" errors="0" failures="0" skipped="0" tests="17" time="0.055711030960083">
    <system-out>1..17
ok 1 - Equals
ok 2 - Equals
ok 3 - Equals
ok 4 - Equals
ok 5 - Equals
ok 6 - Equals
ok 7 - Equals
ok 8 - Equals
ok 9 - Equals
ok 10 - Equals
ok 11 - Equals
ok 12 - Equals
ok 13 - Equals
ok 14 - Equals
ok 15 - Equals
ok 16 - Equals
ok 17 - Equals
</system-out>
    <testcase name="Equals (146)" classname="spec_perl_TestRepeatUntilComplex_t" time="0.000355958938598633" />
    <testcase name="Equals (147)" classname="spec_perl_TestRepeatUntilComplex_t" time="9.89437103271484e-05" />
    <testcase name="Equals (148)" classname="spec_perl_TestRepeatUntilComplex_t" time="0.000216960906982422" />
    <testcase name="Equals (149)" classname="spec_perl_TestRepeatUntilComplex_t" time="0.000163078308105469" />
    <testcase name="Equals (150)" classname="spec_perl_TestRepeatUntilComplex_t" time="0.000174045562744141" />
    <testcase name="Equals (151)" classname="spec_perl_TestRepeatUntilComplex_t" time="0.000128984451293945" />
    <testcase name="Equals (152)" classname="spec_perl_TestRepeatUntilComplex_t" time="0.000101089477539062" />
    <testcase name="Equals (153)" classname="spec_perl_TestRepeatUntilComplex_t" time="0.000164031982421875" />
    <testcase name="Equals (154)" classname="spec_perl_TestRepeatUntilComplex_t" time="0.000165939331054688" />
    <testcase name="Equals (155)" classname="spec_perl_TestRepeatUntilComplex_t" time="0.000160932540893555" />
    <testcase name="Equals (156)" classname="spec_perl_TestRepeatUntilComplex_t" time="0.000145912170410156" />
    <testcase name="Equals (157)" classname="spec_perl_TestRepeatUntilComplex_t" time="0.000152111053466797" />
    <testcase name="Equals (158)" classname="spec_perl_TestRepeatUntilComplex_t" time="0.000144004821777344" />
    <testcase name="Equals (159)" classname="spec_perl_TestRepeatUntilComplex_t" time="0.000150918960571289" />
    <testcase name="Equals (160)" classname="spec_perl_TestRepeatUntilComplex_t" time="0.000144004821777344" />
    <testcase name="Equals (161)" classname="spec_perl_TestRepeatUntilComplex_t" time="0.000113964080810547" />
    <testcase name="Equals (162)" classname="spec_perl_TestRepeatUntilComplex_t" time="0.000145196914672852" />
  </testsuite>
  <testsuite name="spec_perl_TestCastToTop_t" errors="0" failures="0" skipped="0" tests="3" time="0.0535428524017334">
    <system-out>1..3
ok 1 - Equals
ok 2 - Equals
ok 3 - Equals
</system-out>
    <testcase name="Equals (163)" classname="spec_perl_TestCastToTop_t" time="0.000265836715698242" />
    <testcase name="Equals (164)" classname="spec_perl_TestCastToTop_t" time="0.000110149383544922" />
    <testcase name="Equals (165)" classname="spec_perl_TestCastToTop_t" time="0.000197887420654297" />
  </testsuite>
  <testsuite name="spec_perl_TestExpr2_t" errors="0" failures="0" skipped="0" tests="16" time="0.0602250099182129">
    <system-out>1..16
ok 1 - Equals
ok 2 - Equals
ok 3 - Equals
ok 4 - Equals
ok 5 - Equals
ok 6 - Equals
ok 7 - Equals
ok 8 - Equals
ok 9 - Equals
ok 10 - Equals
ok 11 - Equals
ok 12 - Equals
ok 13 - Equals
ok 14 - Equals
ok 15 - Equals
ok 16 - Equals
</system-out>
    <testcase name="Equals (166)" classname="spec_perl_TestExpr2_t" time="0.000781059265136719" />
    <testcase name="Equals (167)" classname="spec_perl_TestExpr2_t" time="0.000120878219604492" />
    <testcase name="Equals (168)" classname="spec_perl_TestExpr2_t" time="6.79492950439453e-05" />
    <testcase name="Equals (169)" classname="spec_perl_TestExpr2_t" time="0.000146150588989258" />
    <testcase name="Equals (170)" classname="spec_perl_TestExpr2_t" time="0.000155925750732422" />
    <testcase name="Equals (171)" classname="spec_perl_TestExpr2_t" time="0.00018000602722168" />
    <testcase name="Equals (172)" classname="spec_perl_TestExpr2_t" time="0.000143051147460938" />
    <testcase name="Equals (173)" classname="spec_perl_TestExpr2_t" time="0.000206947326660156" />
    <testcase name="Equals (174)" classname="spec_perl_TestExpr2_t" time="0.000160932540893555" />
    <testcase name="Equals (175)" classname="spec_perl_TestExpr2_t" time="0.000143051147460938" />
    <testcase name="Equals (176)" classname="spec_perl_TestExpr2_t" time="0.000158071517944336" />
    <testcase name="Equals (177)" classname="spec_perl_TestExpr2_t" time="0.000156879425048828" />
    <testcase name="Equals (178)" classname="spec_perl_TestExpr2_t" time="0.000203132629394531" />
    <testcase name="Equals (179)" classname="spec_perl_TestExpr2_t" time="0.000149965286254883" />
    <testcase name="Equals (180)" classname="spec_perl_TestExpr2_t" time="0.000136852264404297" />
    <testcase name="Equals (181)" classname="spec_perl_TestExpr2_t" time="0.000146150588989258" />
  </testsuite>
  <testsuite name="spec_perl_TestEnum1_t" errors="0" failures="0" skipped="0" tests="2" time="0.053617000579834">
    <system-out>1..2
ok 1 - Equals
ok 2 - Equals
</system-out>
    <testcase name="Equals (182)" classname="spec_perl_TestEnum1_t" time="0.000218868255615234" />
    <testcase name="Equals (183)" classname="spec_perl_TestEnum1_t" time="0.000149965286254883" />
  </testsuite>
  <testsuite name="spec_perl_TestStrLiterals_t" errors="0" failures="0" skipped="0" tests="5" time="0.0532829761505127">
    <system-out>1..5
ok 1 - Equals
ok 2 - Equals
ok 3 - Equals
ok 4 - Equals
ok 5 - Equals
</system-out>
    <testcase name="Equals (184)" classname="spec_perl_TestStrLiterals_t" time="0.000277042388916016" />
    <testcase name="Equals (185)" classname="spec_perl_TestStrLiterals_t" time="9.39369201660156e-05" />
    <testcase name="Equals (186)" classname="spec_perl_TestStrLiterals_t" time="0.000195980072021484" />
    <testcase name="Equals (187)" classname="spec_perl_TestStrLiterals_t" time="0.000173091888427734" />
    <testcase name="Equals (188)" classname="spec_perl_TestStrLiterals_t" time="0.000221967697143555" />
  </testsuite>
  <testsuite name="spec_perl_TestPositionAbs_t" errors="0" failures="0" skipped="0" tests="2" time="0.0581309795379639">
    <system-out>1..2
ok 1 - Equals
ok 2 - Equals
</system-out>
    <testcase name="Equals (189)" classname="spec_perl_TestPositionAbs_t" time="0.000283002853393555" />
    <testcase name="Equals (190)" classname="spec_perl_TestPositionAbs_t" time="0.000216007232666016" />
  </testsuite>
  <testsuite name="spec_perl_TestRepeatNStruct_t" errors="0" failures="0" skipped="0" tests="5" time="0.0539150238037109">
    <system-out>1..5
ok 1 - Equals
ok 2 - Equals
ok 3 - Equals
ok 4 - Equals
ok 5 - Equals
</system-out>
    <testcase name="Equals (191)" classname="spec_perl_TestRepeatNStruct_t" time="0.000273942947387695" />
    <testcase name="Equals (192)" classname="spec_perl_TestRepeatNStruct_t" time="9.29832458496094e-05" />
    <testcase name="Equals (193)" classname="spec_perl_TestRepeatNStruct_t" time="0.000164031982421875" />
    <testcase name="Equals (194)" classname="spec_perl_TestRepeatNStruct_t" time="0.000149011611938477" />
    <testcase name="Equals (195)" classname="spec_perl_TestRepeatNStruct_t" time="0.000149011611938477" />
  </testsuite>
  <testsuite name="spec_perl_TestDefaultEndianExprIsLe_t" errors="0" failures="0" skipped="0" tests="12" time="0.0553460121154785">
    <system-out>1..12
ok 1 - Equals
ok 2 - Equals
ok 3 - Equals
ok 4 - Equals
ok 5 - Equals
ok 6 - Equals
ok 7 - Equals
ok 8 - Equals
ok 9 - Equals
ok 10 - Equals
ok 11 - Equals
ok 12 - Equals
</system-out>
    <testcase name="Equals (196)" classname="spec_perl_TestDefaultEndianExprIsLe_t" time="0.000365972518920898" />
    <testcase name="Equals (197)" classname="spec_perl_TestDefaultEndianExprIsLe_t" time="0.000113010406494141" />
    <testcase name="Equals (198)" classname="spec_perl_TestDefaultEndianExprIsLe_t" time="0.000113010406494141" />
    <testcase name="Equals (199)" classname="spec_perl_TestDefaultEndianExprIsLe_t" time="0.000166177749633789" />
    <testcase name="Equals (200)" classname="spec_perl_TestDefaultEndianExprIsLe_t" time="0.000176906585693359" />
    <testcase name="Equals (201)" classname="spec_perl_TestDefaultEndianExprIsLe_t" time="0.000158071517944336" />
    <testcase name="Equals (202)" classname="spec_perl_TestDefaultEndianExprIsLe_t" time="0.000147819519042969" />
    <testcase name="Equals (203)" classname="spec_perl_TestDefaultEndianExprIsLe_t" time="0.00016021728515625" />
    <testcase name="Equals (204)" classname="spec_perl_TestDefaultEndianExprIsLe_t" time="0.000147819519042969" />
    <testcase name="Equals (205)" classname="spec_perl_TestDefaultEndianExprIsLe_t" time="0.000151157379150391" />
    <testcase name="Equals (206)" classname="spec_perl_TestDefaultEndianExprIsLe_t" time="0.000144004821777344" />
    <testcase name="Equals (207)" classname="spec_perl_TestDefaultEndianExprIsLe_t" time="0.000149965286254883" />
  </testsuite>
  <testsuite name="spec_perl_TestStrEncodingsDefault_t" errors="0" failures="0" skipped="0" tests="4" time="0.0617110729217529">
    <system-out>1..4
ok 1 - Equals
ok 2 - Equals
ok 3 - Equals
ok 4 - Equals
</system-out>
    <testcase name="Equals (208)" classname="spec_perl_TestStrEncodingsDefault_t" time="0.00422096252441406" />
    <testcase name="Equals (209)" classname="spec_perl_TestStrEncodingsDefault_t" time="0.000136137008666992" />
    <testcase name="Equals (210)" classname="spec_perl_TestStrEncodingsDefault_t" time="7.79628753662109e-05" />
    <testcase name="Equals (211)" classname="spec_perl_TestStrEncodingsDefault_t" time="0.000159025192260742" />
  </testsuite>
  <testsuite name="spec_perl_TestNavParentVsValueInst_t" errors="0" failures="0" skipped="0" tests="1" time="0.0568981170654297">
    <system-out>1..1
ok 1 - Equals
</system-out>
    <testcase name="Equals (212)" classname="spec_perl_TestNavParentVsValueInst_t" time="0.000343084335327148" />
  </testsuite>
  <testsuite name="spec_perl_TestExprEnum_t" errors="0" failures="0" skipped="1" tests="4" time="0.0549001693725586">
    <system-out>1..4
ok 1 - Equals
ok 2 - Equals
ok 3 - Equals
ok 4 # skip 1
</system-out>
    <testcase name="Equals (213)" classname="spec_perl_TestExprEnum_t" time="0.000268936157226562" />
    <testcase name="Equals (214)" classname="spec_perl_TestExprEnum_t" time="8.89301300048828e-05" />
    <testcase name="Equals (215)" classname="spec_perl_TestExprEnum_t" time="0.000163078308105469" />
    <testcase name="Unnamed test case 215" classname="spec_perl_TestExprEnum_t" time="0.000349044799804688">
      <skipped message="ok 4 # skip 1" />
    </testcase>
  </testsuite>
  <testsuite name="spec_perl_TestRecursiveOne_t" errors="0" failures="0" skipped="0" tests="4" time="0.0538320541381836">
    <system-out>1..4
ok 1 - Equals
ok 2 - Equals
ok 3 - Equals
ok 4 - Equals
</system-out>
    <testcase name="Equals (216)" classname="spec_perl_TestRecursiveOne_t" time="0.000283002853393555" />
    <testcase name="Equals (217)" classname="spec_perl_TestRecursiveOne_t" time="9.41753387451172e-05" />
    <testcase name="Equals (218)" classname="spec_perl_TestRecursiveOne_t" time="0.000159978866577148" />
    <testcase name="Equals (219)" classname="spec_perl_TestRecursiveOne_t" time="0.000146865844726562" />
  </testsuite>
  <testsuite name="spec_perl_TestStrEos_t" errors="0" failures="0" skipped="0" tests="1" time="0.0570509433746338">
    <system-out>1..1
ok 1 - Equals
</system-out>
    <testcase name="Equals (220)" classname="spec_perl_TestStrEos_t" time="0.000329017639160156" />
  </testsuite>
  <testsuite name="spec_perl_TestDefaultEndianExprException_t" errors="0" failures="0" skipped="0" tests="1" time="0.0555388927459717">
    <system-out>1..1
ok 1 - Died
</system-out>
    <testcase name="Died (220)" classname="spec_perl_TestDefaultEndianExprException_t" time="0.000612020492553711" />
  </testsuite>
  <testsuite name="spec_perl_TestInstanceStd_t" errors="0" failures="0" skipped="0" tests="1" time="0.0575020313262939">
    <system-out>1..1
ok 1 - Equals
</system-out>
    <testcase name="Equals (221)" classname="spec_perl_TestInstanceStd_t" time="0.000248193740844727" />
  </testsuite>
  <testsuite name="spec_perl_TestFloatToI_t" errors="0" failures="0" skipped="0" tests="8" time="0.0547919273376465">
    <system-out>1..8
ok 1 - Equals
ok 2 - Equals
ok 3 - Equals
ok 4 - Equals
ok 5 - Equals
ok 6 - Equals
ok 7 - Equals
ok 8 - Equals
</system-out>
    <testcase name="Equals (222)" classname="spec_perl_TestFloatToI_t" time="0.000251054763793945" />
    <testcase name="Equals (223)" classname="spec_perl_TestFloatToI_t" time="8.89301300048828e-05" />
    <testcase name="Equals (224)" classname="spec_perl_TestFloatToI_t" time="0.000178098678588867" />
    <testcase name="Equals (225)" classname="spec_perl_TestFloatToI_t" time="0.000150918960571289" />
    <testcase name="Equals (226)" classname="spec_perl_TestFloatToI_t" time="0.000171184539794922" />
    <testcase name="Equals (227)" classname="spec_perl_TestFloatToI_t" time="0.000159978866577148" />
    <testcase name="Equals (228)" classname="spec_perl_TestFloatToI_t" time="0.000131845474243164" />
    <testcase name="Equals (229)" classname="spec_perl_TestFloatToI_t" time="0.000152111053466797" />
  </testsuite>
  <testsuite name="spec_perl_TestStrEncodings_t" errors="0" failures="0" skipped="0" tests="4" time="0.0804679393768311">
    <system-out>1..4
ok 1 - Equals
ok 2 - Equals
ok 3 - Equals
ok 4 - Equals
</system-out>
    <testcase name="Equals (230)" classname="spec_perl_TestStrEncodings_t" time="0.0233268737792969" />
    <testcase name="Equals (231)" classname="spec_perl_TestStrEncodings_t" time="0.000163078308105469" />
    <testcase name="Equals (232)" classname="spec_perl_TestStrEncodings_t" time="7.51018524169922e-05" />
    <testcase name="Equals (233)" classname="spec_perl_TestStrEncodings_t" time="0.000136852264404297" />
  </testsuite>
  <testsuite name="spec_perl_TestProcessCoerceUsertype1_t" errors="0" failures="0" skipped="0" tests="4" time="0.0551729202270508">
    <system-out>1..4
ok 1 - Equals
ok 2 - Equals
ok 3 - Equals
ok 4 - Equals
</system-out>
    <testcase name="Equals (234)" classname="spec_perl_TestProcessCoerceUsertype1_t" time="0.00064396858215332" />
    <testcase name="Equals (235)" classname="spec_perl_TestProcessCoerceUsertype1_t" time="0.000118017196655273" />
    <testcase name="Equals (236)" classname="spec_perl_TestProcessCoerceUsertype1_t" time="6.98566436767578e-05" />
    <testcase name="Equals (237)" classname="spec_perl_TestProcessCoerceUsertype1_t" time="0.000158071517944336" />
  </testsuite>
  <testsuite name="spec_perl_TestExprMod_t" errors="0" failures="0" skipped="0" tests="6" time="0.0536239147186279">
    <system-out>1..6
ok 1 - Equals
ok 2 - Equals
ok 3 - Equals
ok 4 - Equals
ok 5 - Equals
ok 6 - Equals
</system-out>
    <testcase name="Equals (238)" classname="spec_perl_TestExprMod_t" time="0.000206947326660156" />
    <testcase name="Equals (239)" classname="spec_perl_TestExprMod_t" time="8.79764556884766e-05" />
    <testcase name="Equals (240)" classname="spec_perl_TestExprMod_t" time="0.000203132629394531" />
    <testcase name="Equals (241)" classname="spec_perl_TestExprMod_t" time="0.000105857849121094" />
    <testcase name="Equals (242)" classname="spec_perl_TestExprMod_t" time="0.00018310546875" />
    <testcase name="Equals (243)" classname="spec_perl_TestExprMod_t" time="0.000150918960571289" />
  </testsuite>
  <testsuite name="spec_perl_TestInstanceUserArray_t" errors="0" failures="0" skipped="0" tests="9" time="0.0532670021057129">
    <system-out>1..9
ok 1 - Equals
ok 2 - Equals
ok 3 - Equals
ok 4 - Equals
ok 5 - Equals
ok 6 - Equals
ok 7 - Equals
ok 8 - Equals
ok 9 - Equals
</system-out>
    <testcase name="Equals (244)" classname="spec_perl_TestInstanceUserArray_t" time="0.000279903411865234" />
    <testcase name="Equals (245)" classname="spec_perl_TestInstanceUserArray_t" time="0.000173091888427734" />
    <testcase name="Equals (246)" classname="spec_perl_TestInstanceUserArray_t" time="0.000155925750732422" />
    <testcase name="Equals (247)" classname="spec_perl_TestInstanceUserArray_t" time="0.000588178634643555" />
    <testcase name="Equals (248)" classname="spec_perl_TestInstanceUserArray_t" time="0.000102996826171875" />
    <testcase name="Equals (249)" classname="spec_perl_TestInstanceUserArray_t" time="0.000149011611938477" />
    <testcase name="Equals (250)" classname="spec_perl_TestInstanceUserArray_t" time="0.000162839889526367" />
    <testcase name="Equals (251)" classname="spec_perl_TestInstanceUserArray_t" time="0.000153064727783203" />
    <testcase name="Equals (252)" classname="spec_perl_TestInstanceUserArray_t" time="0.000158071517944336" />
  </testsuite>
  <testsuite name="spec_perl_TestEofExceptionBytes_t" errors="0" failures="0" skipped="0" tests="1" time="0.0540039539337158">
    <system-out>1..1
ok 1 - Died
</system-out>
    <testcase name="Died (252)" classname="spec_perl_TestEofExceptionBytes_t" time="0.000194787979125977" />
  </testsuite>
  <testsuite name="spec_perl_TestStrLiterals2_t" errors="0" failures="0" skipped="0" tests="4" time="0.0539090633392334">
    <system-out>1..4
ok 1 - Equals
ok 2 - Equals
ok 3 - Equals
ok 4 - Equals
</system-out>
    <testcase name="Equals (253)" classname="spec_perl_TestStrLiterals2_t" time="0.00030517578125" />
    <testcase name="Equals (254)" classname="spec_perl_TestStrLiterals2_t" time="0.000151872634887695" />
    <testcase name="Equals (255)" classname="spec_perl_TestStrLiterals2_t" time="0.000182151794433594" />
    <testcase name="Equals (256)" classname="spec_perl_TestStrLiterals2_t" time="0.000190973281860352" />
  </testsuite>
  <testsuite name="spec_perl_TestEnumIf_t" errors="0" failures="0" skipped="0" tests="7" time="0.0578238964080811">
    <system-out>1..7
ok 1 - Equals
ok 2 - Equals
ok 3 - Equals
ok 4 - Equals
ok 5 - Equals
ok 6 - Equals
ok 7 - Equals
</system-out>
    <testcase name="Equals (257)" classname="spec_perl_TestEnumIf_t" time="0.000365972518920898" />
    <testcase name="Equals (258)" classname="spec_perl_TestEnumIf_t" time="0.000102996826171875" />
    <testcase name="Equals (259)" classname="spec_perl_TestEnumIf_t" time="0.000135183334350586" />
    <testcase name="Equals (260)" classname="spec_perl_TestEnumIf_t" time="0.000168800354003906" />
    <testcase name="Equals (261)" classname="spec_perl_TestEnumIf_t" time="0.000166177749633789" />
    <testcase name="Equals (262)" classname="spec_perl_TestEnumIf_t" time="0.00013279914855957" />
    <testcase name="Equals (263)" classname="spec_perl_TestEnumIf_t" time="0.000150203704833984" />
  </testsuite>
  <testsuite name="spec_perl_TestHelloWorld_t" errors="0" failures="0" skipped="0" tests="1" time="0.0529189109802246">
    <system-out>1..1
ok 1 - Equals
</system-out>
    <testcase name="Equals (264)" classname="spec_perl_TestHelloWorld_t" time="0.000198841094970703" />
  </testsuite>
  <testsuite name="spec_perl_TestTermBytes_t" errors="0" failures="0" skipped="0" tests="3" time="0.0539441108703613">
    <system-out>1..3
ok 1 - Equals
ok 2 - Equals
ok 3 - Equals
</system-out>
    <testcase name="Equals (265)" classname="spec_perl_TestTermBytes_t" time="0.000223875045776367" />
    <testcase name="Equals (266)" classname="spec_perl_TestTermBytes_t" time="0.00014805793762207" />
    <testcase name="Equals (267)" classname="spec_perl_TestTermBytes_t" time="0.000164031982421875" />
  </testsuite>
  <testsuite name="spec_perl_TestProcessXor4Value_t" errors="0" failures="0" skipped="0" tests="2" time="0.0534918308258057">
    <system-out>1..2
ok 1 - Equals
ok 2 - Equals
</system-out>
    <testcase name="Equals (268)" classname="spec_perl_TestProcessXor4Value_t" time="0.00026392936706543" />
    <testcase name="Equals (269)" classname="spec_perl_TestProcessXor4Value_t" time="8.79764556884766e-05" />
  </testsuite>
  <testsuite name="spec_perl_TestEofExceptionU4_t" errors="0" failures="0" skipped="0" tests="1" time="0.0540390014648438">
    <system-out>1..1
ok 1 - Died
</system-out>
    <testcase name="Died (269)" classname="spec_perl_TestEofExceptionU4_t" time="0.000247001647949219" />
  </testsuite>
  <testsuite name="spec_perl_TestExpr0_t" errors="0" failures="0" skipped="0" tests="2" time="0.0537080764770508">
    <system-out>1..2
ok 1 - Equals
ok 2 - Equals
</system-out>
    <testcase name="Equals (270)" classname="spec_perl_TestExpr0_t" time="0.000272989273071289" />
    <testcase name="Equals (271)" classname="spec_perl_TestExpr0_t" time="8.89301300048828e-05" />
  </testsuite>
  <testsuite name="spec_perl_TestFixedStruct_t" errors="0" failures="0" skipped="0" tests="20" time="0.0565791130065918">
    <system-out>1..20
ok 1 - Equals
ok 2 - Equals
ok 3 - Equals
ok 4 - Equals
ok 5 - Equals
ok 6 - Equals
ok 7 - Equals
ok 8 - Equals
ok 9 - Equals
ok 10 - Equals
ok 11 - Equals
ok 12 - Equals
ok 13 - Equals
ok 14 - Equals
ok 15 - Equals
ok 16 - Equals
ok 17 - Equals
ok 18 - Equals
ok 19 - Equals
ok 20 - Equals
</system-out>
    <testcase name="Equals (272)" classname="spec_perl_TestFixedStruct_t" time="0.00030207633972168" />
    <testcase name="Equals (273)" classname="spec_perl_TestFixedStruct_t" time="9.48905944824219e-05" />
    <testcase name="Equals (274)" classname="spec_perl_TestFixedStruct_t" time="0.00014495849609375" />
    <testcase name="Equals (275)" classname="spec_perl_TestFixedStruct_t" time="0.00018310546875" />
    <testcase name="Equals (276)" classname="spec_perl_TestFixedStruct_t" time="0.000156879425048828" />
    <testcase name="Equals (277)" classname="spec_perl_TestFixedStruct_t" time="0.000165939331054688" />
    <testcase name="Equals (278)" classname="spec_perl_TestFixedStruct_t" time="0.000146150588989258" />
    <testcase name="Equals (279)" classname="spec_perl_TestFixedStruct_t" time="0.000138998031616211" />
    <testcase name="Equals (280)" classname="spec_perl_TestFixedStruct_t" time="0.00014495849609375" />
    <testcase name="Equals (281)" classname="spec_perl_TestFixedStruct_t" time="0.000150918960571289" />
    <testcase name="Equals (282)" classname="spec_perl_TestFixedStruct_t" time="0.000198125839233398" />
    <testcase name="Equals (283)" classname="spec_perl_TestFixedStruct_t" time="0.000129938125610352" />
    <testcase name="Equals (284)" classname="spec_perl_TestFixedStruct_t" time="0.000142097473144531" />
    <testcase name="Equals (285)" classname="spec_perl_TestFixedStruct_t" time="0.000149011611938477" />
    <testcase name="Equals (286)" classname="spec_perl_TestFixedStruct_t" time="0.000147819519042969" />
    <testcase name="Equals (287)" classname="spec_perl_TestFixedStruct_t" time="0.00014805793762207" />
    <testcase name="Equals (288)" classname="spec_perl_TestFixedStruct_t" time="0.000145912170410156" />
    <testcase name="Equals (289)" classname="spec_perl_TestFixedStruct_t" time="0.000155210494995117" />
    <testcase name="Equals (290)" classname="spec_perl_TestFixedStruct_t" time="0.000150918960571289" />
    <testcase name="Equals (291)" classname="spec_perl_TestFixedStruct_t" time="0.000133037567138672" />
  </testsuite>
  <testsuite name="spec_perl_TestNavParent_t" errors="0" failures="0" skipped="0" tests="5" time="0.0581099987030029">
    <system-out>1..5
ok 1 - Equals
ok 2 - Equals
ok 3 - Equals
ok 4 - Equals
ok 5 - Equals
</system-out>
    <testcase name="Equals (292)" classname="spec_perl_TestNavParent_t" time="0.000377178192138672" />
    <testcase name="Equals (293)" classname="spec_perl_TestNavParent_t" time="0.000102996826171875" />
    <testcase name="Equals (294)" classname="spec_perl_TestNavParent_t" time="0.000126838684082031" />
    <testcase name="Equals (295)" classname="spec_perl_TestNavParent_t" time="0.000169038772583008" />
    <testcase name="Equals (296)" classname="spec_perl_TestNavParent_t" time="0.000154018402099609" />
  </testsuite>
  <testsuite name="spec_perl_TestDebug0_t" errors="0" failures="0" skipped="1" tests="1" time="0.0532979965209961">
    <system-out>1..1
ok 1 # skip test_debug_0
</system-out>
    <testcase name="Unnamed test case 296" classname="spec_perl_TestDebug0_t" time="0.000300168991088867">
      <skipped message="ok 1 # skip test_debug_0" />
    </testcase>
  </testsuite>
  <testsuite name="spec_perl_TestDefaultEndianExprIsBe_t" errors="0" failures="0" skipped="0" tests="18" time="0.0570528507232666">
    <system-out>1..18
ok 1 - Equals
ok 2 - Equals
ok 3 - Equals
ok 4 - Equals
ok 5 - Equals
ok 6 - Equals
ok 7 - Equals
ok 8 - Equals
ok 9 - Equals
ok 10 - Equals
ok 11 - Equals
ok 12 - Equals
ok 13 - Equals
ok 14 - Equals
ok 15 - Equals
ok 16 - Equals
ok 17 - Equals
ok 18 - Equals
</system-out>
    <testcase name="Equals (297)" classname="spec_perl_TestDefaultEndianExprIsBe_t" time="0.000342845916748047" />
    <testcase name="Equals (298)" classname="spec_perl_TestDefaultEndianExprIsBe_t" time="9.918212890625e-05" />
    <testcase name="Equals (299)" classname="spec_perl_TestDefaultEndianExprIsBe_t" time="0.000138998031616211" />
    <testcase name="Equals (300)" classname="spec_perl_TestDefaultEndianExprIsBe_t" time="0.000165939331054688" />
    <testcase name="Equals (301)" classname="spec_perl_TestDefaultEndianExprIsBe_t" time="0.000174045562744141" />
    <testcase name="Equals (302)" classname="spec_perl_TestDefaultEndianExprIsBe_t" time="0.000185012817382812" />
    <testcase name="Equals (303)" classname="spec_perl_TestDefaultEndianExprIsBe_t" time="0.000144004821777344" />
    <testcase name="Equals (304)" classname="spec_perl_TestDefaultEndianExprIsBe_t" time="0.000169992446899414" />
    <testcase name="Equals (305)" classname="spec_perl_TestDefaultEndianExprIsBe_t" time="0.000138998031616211" />
    <testcase name="Equals (306)" classname="spec_perl_TestDefaultEndianExprIsBe_t" time="0.000159978866577148" />
    <testcase name="Equals (307)" classname="spec_perl_TestDefaultEndianExprIsBe_t" time="0.000186920166015625" />
    <testcase name="Equals (308)" classname="spec_perl_TestDefaultEndianExprIsBe_t" time="0.000210046768188477" />
    <testcase name="Equals (309)" classname="spec_perl_TestDefaultEndianExprIsBe_t" time="0.000123977661132812" />
    <testcase name="Equals (310)" classname="spec_perl_TestDefaultEndianExprIsBe_t" time="0.000169038772583008" />
    <testcase name="Equals (311)" classname="spec_perl_TestDefaultEndianExprIsBe_t" time="0.000139951705932617" />
    <testcase name="Equals (312)" classname="spec_perl_TestDefaultEndianExprIsBe_t" time="0.000154018402099609" />
    <testcase name="Equals (313)" classname="spec_perl_TestDefaultEndianExprIsBe_t" time="0.000159978866577148" />
    <testcase name="Equals (314)" classname="spec_perl_TestDefaultEndianExprIsBe_t" time="0.00017094612121582" />
  </testsuite>
  <testsuite name="spec_perl_TestNavParentFalse2_t" errors="0" failures="0" skipped="0" tests="1" time="0.0532851219177246">
    <system-out>1..1
ok 1 - Equals
</system-out>
    <testcase name="Equals (315)" classname="spec_perl_TestNavParentFalse2_t" time="0.000279903411865234" />
  </testsuite>
  <testsuite name="spec_perl_TestSwitchManualStr_t" errors="0" failures="0" skipped="0" tests="9" time="0.0585861206054688">
    <system-out>1..9
ok 1 - Equals
ok 2 - Equals
ok 3 - Equals
ok 4 - Equals
ok 5 - Equals
ok 6 - Equals
ok 7 - Equals
ok 8 - Equals
ok 9 - Equals
</system-out>
    <testcase name="Equals (316)" classname="spec_perl_TestSwitchManualStr_t" time="0.000382900238037109" />
    <testcase name="Equals (317)" classname="spec_perl_TestSwitchManualStr_t" time="0.000118017196655273" />
    <testcase name="Equals (318)" classname="spec_perl_TestSwitchManualStr_t" time="0.000194072723388672" />
    <testcase name="Equals (319)" classname="spec_perl_TestSwitchManualStr_t" time="0.000145912170410156" />
    <testcase name="Equals (320)" classname="spec_perl_TestSwitchManualStr_t" time="0.000162124633789062" />
    <testcase name="Equals (321)" classname="spec_perl_TestSwitchManualStr_t" time="0.000147819519042969" />
    <testcase name="Equals (322)" classname="spec_perl_TestSwitchManualStr_t" time="0.000154972076416016" />
    <testcase name="Equals (323)" classname="spec_perl_TestSwitchManualStr_t" time="0.000161170959472656" />
    <testcase name="Equals (324)" classname="spec_perl_TestSwitchManualStr_t" time="0.000149011611938477" />
  </testsuite>
  <testsuite name="spec_perl_TestRepeatNStrz_t" errors="0" failures="0" skipped="0" tests="2" time="0.0571560859680176">
    <system-out>1..2
ok 1 - Equals
ok 2 - Equals
</system-out>
    <testcase name="Equals (325)" classname="spec_perl_TestRepeatNStrz_t" time="0.000398159027099609" />
    <testcase name="Equals (326)" classname="spec_perl_TestRepeatNStrz_t" time="0.000104904174804688" />
  </testsuite>
  <testsuite name="spec_perl_TestSwitchManualIntSizeEos_t" errors="0" failures="0" skipped="0" tests="10" time="0.060683012008667">
    <system-out>1..10
ok 1 - Equals
ok 2 - Equals
ok 3 - Equals
ok 4 - Equals
ok 5 - Equals
ok 6 - Equals
ok 7 - Equals
ok 8 - Equals
ok 9 - Equals
ok 10 - Equals
</system-out>
    <testcase name="Equals (327)" classname="spec_perl_TestSwitchManualIntSizeEos_t" time="0.000825881958007812" />
    <testcase name="Equals (328)" classname="spec_perl_TestSwitchManualIntSizeEos_t" time="0.000124216079711914" />
    <testcase name="Equals (329)" classname="spec_perl_TestSwitchManualIntSizeEos_t" time="8.48770141601562e-05" />
    <testcase name="Equals (330)" classname="spec_perl_TestSwitchManualIntSizeEos_t" time="0.000130891799926758" />
    <testcase name="Equals (331)" classname="spec_perl_TestSwitchManualIntSizeEos_t" time="0.000145196914672852" />
    <testcase name="Equals (332)" classname="spec_perl_TestSwitchManualIntSizeEos_t" time="0.00020289421081543" />
    <testcase name="Equals (333)" classname="spec_perl_TestSwitchManualIntSizeEos_t" time="0.000153064727783203" />
    <testcase name="Equals (334)" classname="spec_perl_TestSwitchManualIntSizeEos_t" time="0.000174999237060547" />
    <testcase name="Equals (335)" classname="spec_perl_TestSwitchManualIntSizeEos_t" time="0.000185966491699219" />
    <testcase name="Equals (336)" classname="spec_perl_TestSwitchManualIntSizeEos_t" time="0.000133037567138672" />
  </testsuite>
  <testsuite name="spec_perl_TestExprBytesCmp_t" errors="0" failures="0" skipped="0" tests="10" time="0.0565018653869629">
    <system-out>1..10
ok 1 - Equals
ok 2 - Equals
ok 3 - Equals
ok 4 - Equals
ok 5 - Equals
ok 6 - Equals
ok 7 - Equals
ok 8 - Equals
ok 9 - Equals
ok 10 - Equals
</system-out>
    <testcase name="Equals (337)" classname="spec_perl_TestExprBytesCmp_t" time="0.000200986862182617" />
    <testcase name="Equals (338)" classname="spec_perl_TestExprBytesCmp_t" time="0.000154972076416016" />
    <testcase name="Equals (339)" classname="spec_perl_TestExprBytesCmp_t" time="0.000154018402099609" />
    <testcase name="Equals (340)" classname="spec_perl_TestExprBytesCmp_t" time="0.000154972076416016" />
    <testcase name="Equals (341)" classname="spec_perl_TestExprBytesCmp_t" time="0.000150918960571289" />
    <testcase name="Equals (342)" classname="spec_perl_TestExprBytesCmp_t" time="0.000149011611938477" />
    <testcase name="Equals (343)" classname="spec_perl_TestExprBytesCmp_t" time="0.000173091888427734" />
    <testcase name="Equals (344)" classname="spec_perl_TestExprBytesCmp_t" time="0.000153064727783203" />
    <testcase name="Equals (345)" classname="spec_perl_TestExprBytesCmp_t" time="0.00014495849609375" />
    <testcase name="Equals (346)" classname="spec_perl_TestExprBytesCmp_t" time="0.000162839889526367" />
  </testsuite>
  <testsuite name="spec_perl_TestBcdUserTypeLe_t" errors="0" failures="0" skipped="0" tests="6" time="0.0555651187896729">
    <system-out>1..6
ok 1 - Equals
ok 2 - Equals
ok 3 - Equals
ok 4 - Equals
ok 5 - Equals
ok 6 - Equals
</system-out>
    <testcase name="Equals (347)" classname="spec_perl_TestBcdUserTypeLe_t" time="0.000685930252075195" />
    <testcase name="Equals (348)" classname="spec_perl_TestBcdUserTypeLe_t" time="0.000115156173706055" />
    <testcase name="Equals (349)" classname="spec_perl_TestBcdUserTypeLe_t" time="0.000113964080810547" />
    <testcase name="Equals (350)" classname="spec_perl_TestBcdUserTypeLe_t" time="0.000192880630493164" />
    <testcase name="Equals (351)" classname="spec_perl_TestBcdUserTypeLe_t" time="0.000175952911376953" />
    <testcase name="Equals (352)" classname="spec_perl_TestBcdUserTypeLe_t" time="0.000194072723388672" />
  </testsuite>
  <testsuite name="spec_perl_TestSwitchMultiBoolOps_t" errors="0" failures="0" skipped="0" tests="9" time="0.0535979270935059">
    <system-out>1..9
ok 1 - Equals
ok 2 - Equals
ok 3 - Equals
ok 4 - Equals
ok 5 - Equals
ok 6 - Equals
ok 7 - Equals
ok 8 - Equals
ok 9 - Equals
</system-out>
    <testcase name="Equals (353)" classname="spec_perl_TestSwitchMultiBoolOps_t" time="0.000301122665405273" />
    <testcase name="Equals (354)" classname="spec_perl_TestSwitchMultiBoolOps_t" time="9.39369201660156e-05" />
    <testcase name="Equals (355)" classname="spec_perl_TestSwitchMultiBoolOps_t" time="0.000154972076416016" />
    <testcase name="Equals (356)" classname="spec_perl_TestSwitchMultiBoolOps_t" time="0.00014805793762207" />
    <testcase name="Equals (357)" classname="spec_perl_TestSwitchMultiBoolOps_t" time="0.000163078308105469" />
    <testcase name="Equals (358)" classname="spec_perl_TestSwitchMultiBoolOps_t" time="0.000184774398803711" />
    <testcase name="Equals (359)" classname="spec_perl_TestSwitchMultiBoolOps_t" time="0.000119209289550781" />
    <testcase name="Equals (360)" classname="spec_perl_TestSwitchMultiBoolOps_t" time="0.000138998031616211" />
    <testcase name="Equals (361)" classname="spec_perl_TestSwitchMultiBoolOps_t" time="0.000164985656738281" />
  </testsuite>
  <testsuite name="spec_perl_TestTsPacketHeader_t" errors="0" failures="0" skipped="0" tests="7" time="0.0550248622894287">
    <system-out>1..7
ok 1 - Equals
ok 2 - Equals
ok 3 - Equals
ok 4 - Equals
ok 5 - Equals
ok 6 - Equals
ok 7 - Equals
</system-out>
    <testcase name="Equals (362)" classname="spec_perl_TestTsPacketHeader_t" time="0.000303983688354492" />
    <testcase name="Equals (363)" classname="spec_perl_TestTsPacketHeader_t" time="0.0001068115234375" />
    <testcase name="Equals (364)" classname="spec_perl_TestTsPacketHeader_t" time="0.00014805793762207" />
    <testcase name="Equals (365)" classname="spec_perl_TestTsPacketHeader_t" time="0.000163078308105469" />
    <testcase name="Equals (366)" classname="spec_perl_TestTsPacketHeader_t" time="0.000149965286254883" />
    <testcase name="Equals (367)" classname="spec_perl_TestTsPacketHeader_t" time="0.000138044357299805" />
    <testcase name="Equals (368)" classname="spec_perl_TestTsPacketHeader_t" time="0.000144004821777344" />
  </testsuite>
  <testsuite name="spec_perl_TestSwitchManualEnum_t" errors="0" failures="0" skipped="0" tests="9" time="0.0579330921173096">
    <system-out>1..9
ok 1 - Equals
ok 2 - Equals
ok 3 - Equals
ok 4 - Equals
ok 5 - Equals
ok 6 - Equals
ok 7 - Equals
ok 8 - Equals
ok 9 - Equals
</system-out>
    <testcase name="Equals (369)" classname="spec_perl_TestSwitchManualEnum_t" time="0.000379085540771484" />
    <testcase name="Equals (370)" classname="spec_perl_TestSwitchManualEnum_t" time="0.000102043151855469" />
    <testcase name="Equals (371)" classname="spec_perl_TestSwitchManualEnum_t" time="7.20024108886719e-05" />
    <testcase name="Equals (372)" classname="spec_perl_TestSwitchManualEnum_t" time="0.000169038772583008" />
    <testcase name="Equals (373)" classname="spec_perl_TestSwitchManualEnum_t" time="0.000168800354003906" />
    <testcase name="Equals (374)" classname="spec_perl_TestSwitchManualEnum_t" time="0.000146150588989258" />
    <testcase name="Equals (375)" classname="spec_perl_TestSwitchManualEnum_t" time="0.000154972076416016" />
    <testcase name="Equals (376)" classname="spec_perl_TestSwitchManualEnum_t" time="0.00014805793762207" />
    <testcase name="Equals (377)" classname="spec_perl_TestSwitchManualEnum_t" time="0.000138998031616211" />
  </testsuite>
  <testsuite name="spec_perl_TestExpr3_t" errors="0" failures="0" skipped="0" tests="12" time="0.0583360195159912">
    <system-out>1..12
ok 1 - Equals
ok 2 - Equals
ok 3 - Equals
ok 4 - Equals
ok 5 - Equals
ok 6 - Equals
ok 7 - Equals
ok 8 - Equals
ok 9 - Equals
ok 10 - Equals
ok 11 - Equals
ok 12 - Equals
</system-out>
    <testcase name="Equals (378)" classname="spec_perl_TestExpr3_t" time="0.000220060348510742" />
    <testcase name="Equals (379)" classname="spec_perl_TestExpr3_t" time="8.51154327392578e-05" />
    <testcase name="Equals (380)" classname="spec_perl_TestExpr3_t" time="0.000201940536499023" />
    <testcase name="Equals (381)" classname="spec_perl_TestExpr3_t" time="0.000142097473144531" />
    <testcase name="Equals (382)" classname="spec_perl_TestExpr3_t" time="0.000163793563842773" />
    <testcase name="Equals (383)" classname="spec_perl_TestExpr3_t" time="0.000137090682983398" />
    <testcase name="Equals (384)" classname="spec_perl_TestExpr3_t" time="0.000149965286254883" />
    <testcase name="Equals (385)" classname="spec_perl_TestExpr3_t" time="0.000158071517944336" />
    <testcase name="Equals (386)" classname="spec_perl_TestExpr3_t" time="0.000247955322265625" />
    <testcase name="Equals (387)" classname="spec_perl_TestExpr3_t" time="0.000152111053466797" />
    <testcase name="Equals (388)" classname="spec_perl_TestExpr3_t" time="0.000156879425048828" />
    <testcase name="Equals (389)" classname="spec_perl_TestExpr3_t" time="0.00014495849609375" />
  </testsuite>
  <testsuite name="spec_perl_TestTypeIntUnaryOp_t" errors="0" failures="0" skipped="0" tests="4" time="0.0562748908996582">
    <system-out>1..4
ok 1 - Equals
ok 2 - Equals
ok 3 - Equals
ok 4 - Equals
</system-out>
    <testcase name="Equals (390)" classname="spec_perl_TestTypeIntUnaryOp_t" time="0.00023198127746582" />
    <testcase name="Equals (391)" classname="spec_perl_TestTypeIntUnaryOp_t" time="8.70227813720703e-05" />
    <testcase name="Equals (392)" classname="spec_perl_TestTypeIntUnaryOp_t" time="3.48091125488281e-05" />
    <testcase name="Equals (393)" classname="spec_perl_TestTypeIntUnaryOp_t" time="3.12328338623047e-05" />
  </testsuite>
  <testsuite name="spec_perl_TestExprIoPos_t" errors="0" failures="0" skipped="0" tests="6" time="0.058743953704834">
    <system-out>1..6
ok 1 - Equals
ok 2 - Equals
ok 3 - Equals
ok 4 - Equals
ok 5 - Equals
ok 6 - Equals
</system-out>
    <testcase name="Equals (394)" classname="spec_perl_TestExprIoPos_t" time="0.000654935836791992" />
    <testcase name="Equals (395)" classname="spec_perl_TestExprIoPos_t" time="0.000115871429443359" />
    <testcase name="Equals (396)" classname="spec_perl_TestExprIoPos_t" time="6.81877136230469e-05" />
    <testcase name="Equals (397)" classname="spec_perl_TestExprIoPos_t" time="0.000199794769287109" />
    <testcase name="Equals (398)" classname="spec_perl_TestExprIoPos_t" time="0.000107049942016602" />
    <testcase name="Equals (399)" classname="spec_perl_TestExprIoPos_t" time="0.000164985656738281" />
  </testsuite>
  <testsuite name="spec_perl_TestOpaqueExternalType02Parent_t" errors="0" failures="0" skipped="0" tests="3" time="0.0587069988250732">
    <system-out>1..3
ok 1 - Equals
ok 2 - Equals
ok 3 - Equals
</system-out>
    <testcase name="Equals (400)" classname="spec_perl_TestOpaqueExternalType02Parent_t" time="0.000397920608520508" />
    <testcase name="Equals (401)" classname="spec_perl_TestOpaqueExternalType02Parent_t" time="0.000102996826171875" />
    <testcase name="Equals (402)" classname="spec_perl_TestOpaqueExternalType02Parent_t" time="7.10487365722656e-05" />
  </testsuite>
  <testsuite name="spec_perl_TestDefaultEndianExprInherited_t" errors="0" failures="0" skipped="0" tests="15" time="0.0568828582763672">
    <system-out>1..15
ok 1 - Equals
ok 2 - Equals
ok 3 - Equals
ok 4 - Equals
ok 5 - Equals
ok 6 - Equals
ok 7 - Equals
ok 8 - Equals
ok 9 - Equals
ok 10 - Equals
ok 11 - Equals
ok 12 - Equals
ok 13 - Equals
ok 14 - Equals
ok 15 - Equals
</system-out>
    <testcase name="Equals (403)" classname="spec_perl_TestDefaultEndianExprInherited_t" time="0.000386953353881836" />
    <testcase name="Equals (404)" classname="spec_perl_TestDefaultEndianExprInherited_t" time="0.00011897087097168" />
    <testcase name="Equals (405)" classname="spec_perl_TestDefaultEndianExprInherited_t" time="0.000152111053466797" />
    <testcase name="Equals (406)" classname="spec_perl_TestDefaultEndianExprInherited_t" time="0.000160932540893555" />
    <testcase name="Equals (407)" classname="spec_perl_TestDefaultEndianExprInherited_t" time="0.000166893005371094" />
    <testcase name="Equals (408)" classname="spec_perl_TestDefaultEndianExprInherited_t" time="0.000145196914672852" />
    <testcase name="Equals (409)" classname="spec_perl_TestDefaultEndianExprInherited_t" time="0.000149011611938477" />
    <testcase name="Equals (410)" classname="spec_perl_TestDefaultEndianExprInherited_t" time="0.0001678466796875" />
    <testcase name="Equals (411)" classname="spec_perl_TestDefaultEndianExprInherited_t" time="0.000152111053466797" />
    <testcase name="Equals (412)" classname="spec_perl_TestDefaultEndianExprInherited_t" time="0.000171899795532227" />
    <testcase name="Equals (413)" classname="spec_perl_TestDefaultEndianExprInherited_t" time="0.00018310546875" />
    <testcase name="Equals (414)" classname="spec_perl_TestDefaultEndianExprInherited_t" time="0.000145912170410156" />
    <testcase name="Equals (415)" classname="spec_perl_TestDefaultEndianExprInherited_t" time="0.000155925750732422" />
    <testcase name="Equals (416)" classname="spec_perl_TestDefaultEndianExprInherited_t" time="0.000164985656738281" />
    <testcase name="Equals (417)" classname="spec_perl_TestDefaultEndianExprInherited_t" time="0.000205039978027344" />
  </testsuite>
  <testsuite name="spec_perl_TestCastToImported_t" errors="0" failures="0" skipped="0" tests="2" time="0.0532591342926025">
    <system-out>1..2
ok 1 - Equals
ok 2 - Equals
</system-out>
    <testcase name="Equals (418)" classname="spec_perl_TestCastToImported_t" time="0.000271081924438477" />
    <testcase name="Equals (419)" classname="spec_perl_TestCastToImported_t" time="8.98838043212891e-05" />
  </testsuite>
  <testsuite name="spec_perl_TestProcessCoerceSwitch_t" errors="0" failures="0" skipped="0" tests="3" time="0.0551769733428955">
    <system-out>1..3
ok 1 - Equals
ok 2 - Equals
ok 3 - Equals
</system-out>
    <testcase name="Equals (420)" classname="spec_perl_TestProcessCoerceSwitch_t" time="0.000623941421508789" />
    <testcase name="Equals (421)" classname="spec_perl_TestProcessCoerceSwitch_t" time="0.000159025192260742" />
    <testcase name="Equals (422)" classname="spec_perl_TestProcessCoerceSwitch_t" time="8.48770141601562e-05" />
  </testsuite>
  <testsuite name="spec_perl_TestTypeTernary_t" errors="0" failures="0" skipped="0" tests="1" time="0.0534248352050781">
    <system-out>1..1
ok 1 - Equals
</system-out>
    <testcase name="Equals (423)" classname="spec_perl_TestTypeTernary_t" time="0.000612020492553711" />
  </testsuite>
  <testsuite name="spec_perl_TestExprArray_t" errors="0" failures="1" skipped="0" tests="15" time="0.0631430149078369">
    <system-out>1..15
ok 1 - Equals
ok 2 - Equals
ok 3 - Equals
ok 4 - Equals
ok 5 - Equals
ok 6 - Equals
ok 7 - Equals
ok 8 - Equals
not ok 9 - Equals
ok 10 - Equals
ok 11 - Equals
ok 12 - Equals
ok 13 - Equals
ok 14 - Equals
ok 15 - Equals
</system-out>
    <testcase name="Equals (424)" classname="spec_perl_TestExprArray_t" time="0.000357866287231445" />
    <testcase name="Equals (425)" classname="spec_perl_TestExprArray_t" time="9.70363616943359e-05" />
    <testcase name="Equals (426)" classname="spec_perl_TestExprArray_t" time="0.000164985656738281" />
    <testcase name="Equals (427)" classname="spec_perl_TestExprArray_t" time="0.000165939331054688" />
    <testcase name="Equals (428)" classname="spec_perl_TestExprArray_t" time="0.000135183334350586" />
    <testcase name="Equals (429)" classname="spec_perl_TestExprArray_t" time="0.000164031982421875" />
    <testcase name="Equals (430)" classname="spec_perl_TestExprArray_t" time="0.000164985656738281" />
    <testcase name="Equals (431)" classname="spec_perl_TestExprArray_t" time="0.000165939331054688" />
    <testcase name="Equals (432)" classname="spec_perl_TestExprArray_t" time="0.000272989273071289">
      <failure message="not ok 9 - Equals" type="TAP::Parser::Result::Test"></failure>
    </testcase>
    <testcase name="Equals (433)" classname="spec_perl_TestExprArray_t" time="0.00345301628112793" />
    <testcase name="Equals (434)" classname="spec_perl_TestExprArray_t" time="8.20159912109375e-05" />
    <testcase name="Equals (435)" classname="spec_perl_TestExprArray_t" time="4.69684600830078e-05" />
    <testcase name="Equals (436)" classname="spec_perl_TestExprArray_t" time="3.50475311279297e-05" />
    <testcase name="Equals (437)" classname="spec_perl_TestExprArray_t" time="3.29017639160156e-05" />
    <testcase name="Equals (438)" classname="spec_perl_TestExprArray_t" time="3.31401824951172e-05" />
  </testsuite>
  <testsuite name="spec_perl_TestNestedTypes_t" errors="0" failures="0" skipped="0" tests="3" time="0.0547568798065186">
    <system-out>1..3
ok 1 - Equals
ok 2 - Equals
ok 3 - Equals
</system-out>
    <testcase name="Equals (439)" classname="spec_perl_TestNestedTypes_t" time="0.000333070755004883" />
    <testcase name="Equals (440)" classname="spec_perl_TestNestedTypes_t" time="9.89437103271484e-05" />
    <testcase name="Equals (441)" classname="spec_perl_TestNestedTypes_t" time="0.000152111053466797" />
  </testsuite>
  <testsuite name="spec_perl_TestRepeatUntilS4_t" errors="0" failures="0" skipped="0" tests="2" time="0.0578961372375488">
    <system-out>1..2
ok 1 - Equals
ok 2 - Equals
</system-out>
    <testcase name="Equals (442)" classname="spec_perl_TestRepeatUntilS4_t" time="0.0003509521484375" />
    <testcase name="Equals (443)" classname="spec_perl_TestRepeatUntilS4_t" time="9.89437103271484e-05" />
  </testsuite>
  <testsuite name="spec_perl_TestInstanceIoUser_t" errors="0" failures="0" skipped="0" tests="4" time="0.0600020885467529">
    <system-out>1..4
ok 1 - Equals
ok 2 - Equals
ok 3 - Equals
ok 4 - Equals
</system-out>
    <testcase name="Equals (444)" classname="spec_perl_TestInstanceIoUser_t" time="0.000718116760253906" />
    <testcase name="Equals (445)" classname="spec_perl_TestInstanceIoUser_t" time="0.000140905380249023" />
    <testcase name="Equals (446)" classname="spec_perl_TestInstanceIoUser_t" time="0.000128984451293945" />
    <testcase name="Equals (447)" classname="spec_perl_TestInstanceIoUser_t" time="0.000200033187866211" />
  </testsuite>
  <testsuite name="spec_perl_TestTermStrz_t" errors="0" failures="0" skipped="0" tests="3" time="0.0573289394378662">
    <system-out>1..3
ok 1 - Equals
ok 2 - Equals
ok 3 - Equals
</system-out>
    <testcase name="Equals (448)" classname="spec_perl_TestTermStrz_t" time="0.00043487548828125" />
    <testcase name="Equals (449)" classname="spec_perl_TestTermStrz_t" time="0.000113964080810547" />
    <testcase name="Equals (450)" classname="spec_perl_TestTermStrz_t" time="7.00950622558594e-05" />
  </testsuite>
  <testsuite name="spec_perl_TestNonStandard_t" errors="0" failures="0" skipped="0" tests="1" time="0.0541989803314209">
    <system-out>1..1
ok 1 - Equals
</system-out>
    <testcase name="Equals (451)" classname="spec_perl_TestNonStandard_t" time="0.000283956527709961" />
  </testsuite>
  <testsuite name="spec_perl_TestMetaXref_t" errors="0" failures="0" skipped="1" tests="1" time="0.0544490814208984">
    <system-out>1..1
ok 1 # skip MetaXref=HASH(0x1146bd8)
</system-out>
    <testcase name="Unnamed test case 451" classname="spec_perl_TestMetaXref_t" time="0.00153493881225586">
      <skipped message="ok 1 # skip MetaXref=HASH(0x1146bd8)" />
    </testcase>
  </testsuite>
  <testsuite name="spec_perl_TestDocstrings_t" errors="0" failures="0" skipped="1" tests="1" time="0.0548150539398193">
    <system-out>1..1
ok 1 # skip Docstrings=HASH(0x9e71c0)
</system-out>
    <testcase name="Unnamed test case 452" classname="spec_perl_TestDocstrings_t" time="0.00149393081665039">
      <skipped message="ok 1 # skip Docstrings=HASH(0x9e71c0)" />
    </testcase>
  </testsuite>
  <testsuite name="spec_perl_TestProcessXorConst_t" errors="0" failures="0" skipped="0" tests="2" time="0.0535740852355957">
    <system-out>1..2
ok 1 - Equals
ok 2 - Equals
</system-out>
    <testcase name="Equals (452)" classname="spec_perl_TestProcessXorConst_t" time="0.000313043594360352" />
    <testcase name="Equals (453)" classname="spec_perl_TestProcessXorConst_t" time="0.000101804733276367" />
  </testsuite>
  <testsuite name="spec_perl_TestSwitchRepeatExpr_t" errors="0" failures="0" skipped="0" tests="3" time="0.0539240837097168">
    <system-out>1..3
ok 1 - Equals
ok 2 - Equals
ok 3 - Equals
</system-out>
    <testcase name="Equals (454)" classname="spec_perl_TestSwitchRepeatExpr_t" time="0.000603914260864258" />
    <testcase name="Equals (455)" classname="spec_perl_TestSwitchRepeatExpr_t" time="0.000119924545288086" />
    <testcase name="Equals (456)" classname="spec_perl_TestSwitchRepeatExpr_t" time="6.91413879394531e-05" />
  </testsuite>
  <testsuite name="spec_perl_TestProcessCoerceBytes_t" errors="0" failures="0" skipped="0" tests="4" time="0.0547401905059814">
    <system-out>1..4
ok 1 - Equals
ok 2 - Equals
ok 3 - Equals
ok 4 - Equals
</system-out>
    <testcase name="Equals (457)" classname="spec_perl_TestProcessCoerceBytes_t" time="0.0002899169921875" />
    <testcase name="Equals (458)" classname="spec_perl_TestProcessCoerceBytes_t" time="9.60826873779297e-05" />
    <testcase name="Equals (459)" classname="spec_perl_TestProcessCoerceBytes_t" time="0.000159978866577148" />
    <testcase name="Equals (460)" classname="spec_perl_TestProcessCoerceBytes_t" time="0.000142097473144531" />
  </testsuite>
  <testsuite name="spec_perl_TestIndexSizes_t" errors="0" failures="0" skipped="0" tests="7" time="0.0588970184326172">
    <system-out>1..7
ok 1 - Equals
ok 2 - Equals
ok 3 - Equals
ok 4 - Equals
ok 5 - Equals
ok 6 - Equals
ok 7 - Equals
</system-out>
    <testcase name="Equals (461)" classname="spec_perl_TestIndexSizes_t" time="0.0003662109375" />
    <testcase name="Equals (462)" classname="spec_perl_TestIndexSizes_t" time="0.000101804733276367" />
    <testcase name="Equals (463)" classname="spec_perl_TestIndexSizes_t" time="0.000136137008666992" />
    <testcase name="Equals (464)" classname="spec_perl_TestIndexSizes_t" time="0.000145912170410156" />
    <testcase name="Equals (465)" classname="spec_perl_TestIndexSizes_t" time="0.000165939331054688" />
    <testcase name="Equals (466)" classname="spec_perl_TestIndexSizes_t" time="0.000127077102661133" />
    <testcase name="Equals (467)" classname="spec_perl_TestIndexSizes_t" time="0.000158071517944336" />
  </testsuite>
  <testsuite name="spec_perl_TestDebugEnumName_t" errors="1" failures="0" skipped="0" tests="0" time="0.0542280673980713">
    <system-out></system-out>
    <testcase name="Test died too soon, even before plan. (467)" classname="spec_perl_TestDebugEnumName_t" time="0.0542280673980713">
      <failure message="The test suite died before a plan was produced. You need to have a plan." type="Plan">No plan</failure>
    </testcase>
  </testsuite>
  <testsuite name="spec_perl_TestFixedContents_t" errors="0" failures="0" skipped="1" tests="1" time="0.0539860725402832">
    <system-out>1..1
ok 1 # skip FixedContents=HASH(0x17cedf8)
</system-out>
    <testcase name="Unnamed test case 467" classname="spec_perl_TestFixedContents_t" time="0.0015099048614502">
      <skipped message="ok 1 # skip FixedContents=HASH(0x17cedf8)" />
    </testcase>
  </testsuite>
  <testsuite name="spec_perl_TestBitsByteAligned_t" errors="0" failures="0" skipped="0" tests="9" time="0.0491809844970703">
    <system-out>1..9
ok 1 - Equals
ok 2 - Equals
ok 3 - Equals
ok 4 - Equals
ok 5 - Equals
ok 6 - Equals
ok 7 - Equals
ok 8 - Equals
ok 9 - Equals
</system-out>
    <testcase name="Equals (468)" classname="spec_perl_TestBitsByteAligned_t" time="0.000307083129882812" />
    <testcase name="Equals (469)" classname="spec_perl_TestBitsByteAligned_t" time="9.58442687988281e-05" />
    <testcase name="Equals (470)" classname="spec_perl_TestBitsByteAligned_t" time="0.000154018402099609" />
    <testcase name="Equals (471)" classname="spec_perl_TestBitsByteAligned_t" time="0.000166177749633789" />
    <testcase name="Equals (472)" classname="spec_perl_TestBitsByteAligned_t" time="0.000127792358398438" />
    <testcase name="Equals (473)" classname="spec_perl_TestBitsByteAligned_t" time="0.000172138214111328" />
    <testcase name="Equals (474)" classname="spec_perl_TestBitsByteAligned_t" time="0.000137090682983398" />
    <testcase name="Equals (475)" classname="spec_perl_TestBitsByteAligned_t" time="0.000197887420654297" />
    <testcase name="Equals (476)" classname="spec_perl_TestBitsByteAligned_t" time="0.000138044357299805" />
  </testsuite>
  <testsuite name="spec_perl_TestSwitchManualIntElse_t" errors="0" failures="0" skipped="0" tests="9" time="0.0580730438232422">
    <system-out>1..9
ok 1 - Equals
ok 2 - Equals
ok 3 - Equals
ok 4 - Equals
ok 5 - Equals
ok 6 - Equals
ok 7 - Equals
ok 8 - Equals
ok 9 - Equals
</system-out>
    <testcase name="Equals (477)" classname="spec_perl_TestSwitchManualIntElse_t" time="0.000407934188842773" />
    <testcase name="Equals (478)" classname="spec_perl_TestSwitchManualIntElse_t" time="0.000102043151855469" />
    <testcase name="Equals (479)" classname="spec_perl_TestSwitchManualIntElse_t" time="0.000120878219604492" />
    <testcase name="Equals (480)" classname="spec_perl_TestSwitchManualIntElse_t" time="0.000158071517944336" />
    <testcase name="Equals (481)" classname="spec_perl_TestSwitchManualIntElse_t" time="0.000154018402099609" />
    <testcase name="Equals (482)" classname="spec_perl_TestSwitchManualIntElse_t" time="0.000146865844726562" />
    <testcase name="Equals (483)" classname="spec_perl_TestSwitchManualIntElse_t" time="0.000158071517944336" />
    <testcase name="Equals (484)" classname="spec_perl_TestSwitchManualIntElse_t" time="0.000159025192260742" />
    <testcase name="Equals (485)" classname="spec_perl_TestSwitchManualIntElse_t" time="0.000143051147460938" />
  </testsuite>
  <testsuite name="spec_perl_TestSwitchManualIntSizeElse_t" errors="0" failures="0" skipped="0" tests="10" time="0.0581870079040527">
    <system-out>1..10
ok 1 - Equals
ok 2 - Equals
ok 3 - Equals
ok 4 - Equals
ok 5 - Equals
ok 6 - Equals
ok 7 - Equals
ok 8 - Equals
ok 9 - Equals
ok 10 - Equals
</system-out>
    <testcase name="Equals (486)" classname="spec_perl_TestSwitchManualIntSizeElse_t" time="0.0007781982421875" />
    <testcase name="Equals (487)" classname="spec_perl_TestSwitchManualIntSizeElse_t" time="0.000118017196655273" />
    <testcase name="Equals (488)" classname="spec_perl_TestSwitchManualIntSizeElse_t" time="7.70092010498047e-05" />
    <testcase name="Equals (489)" classname="spec_perl_TestSwitchManualIntSizeElse_t" time="0.000169992446899414" />
    <testcase name="Equals (490)" classname="spec_perl_TestSwitchManualIntSizeElse_t" time="0.00014185905456543" />
    <testcase name="Equals (491)" classname="spec_perl_TestSwitchManualIntSizeElse_t" time="0.00020909309387207" />
    <testcase name="Equals (492)" classname="spec_perl_TestSwitchManualIntSizeElse_t" time="0.000118017196655273" />
    <testcase name="Equals (493)" classname="spec_perl_TestSwitchManualIntSizeElse_t" time="0.000169992446899414" />
    <testcase name="Equals (494)" classname="spec_perl_TestSwitchManualIntSizeElse_t" time="0.000165939331054688" />
    <testcase name="Equals (495)" classname="spec_perl_TestSwitchManualIntSizeElse_t" time="0.000161886215209961" />
  </testsuite>
  <testsuite name="spec_perl_TestProcessToUser_t" errors="0" failures="0" skipped="0" tests="1" time="0.058197021484375">
    <system-out>1..1
ok 1 - Equals
</system-out>
    <testcase name="Equals (496)" classname="spec_perl_TestProcessToUser_t" time="0.000761985778808594" />
  </testsuite>
  <testsuite name="spec_perl_TestRepeatUntilSized_t" errors="0" failures="0" skipped="0" tests="7" time="0.0550448894500732">
    <system-out>1..7
ok 1 - Equals
ok 2 - Equals
ok 3 - Equals
ok 4 - Equals
ok 5 - Equals
ok 6 - Equals
ok 7 - Equals
</system-out>
    <testcase name="Equals (497)" classname="spec_perl_TestRepeatUntilSized_t" time="0.000671148300170898" />
    <testcase name="Equals (498)" classname="spec_perl_TestRepeatUntilSized_t" time="0.000120878219604492" />
    <testcase name="Equals (499)" classname="spec_perl_TestRepeatUntilSized_t" time="8.10623168945312e-05" />
    <testcase name="Equals (500)" classname="spec_perl_TestRepeatUntilSized_t" time="0.000133991241455078" />
    <testcase name="Equals (501)" classname="spec_perl_TestRepeatUntilSized_t" time="0.000147104263305664" />
    <testcase name="Equals (502)" classname="spec_perl_TestRepeatUntilSized_t" time="0.000151872634887695" />
    <testcase name="Equals (503)" classname="spec_perl_TestRepeatUntilSized_t" time="0.000158071517944336" />
  </testsuite>
  <testsuite name="spec_perl_TestNavParentSwitch_t" errors="0" failures="0" skipped="0" tests="3" time="0.0534651279449463">
    <system-out>1..3
ok 1 - Equals
ok 2 - Equals
ok 3 - Equals
</system-out>
    <testcase name="Equals (504)" classname="spec_perl_TestNavParentSwitch_t" time="0.000294923782348633" />
    <testcase name="Equals (505)" classname="spec_perl_TestNavParentSwitch_t" time="9.51290130615234e-05" />
    <testcase name="Equals (506)" classname="spec_perl_TestNavParentSwitch_t" time="0.00014185905456543" />
  </testsuite>
  <testsuite name="spec_perl_TestTypeTernaryOpaque_t" errors="0" failures="0" skipped="0" tests="3" time="0.0583429336547852">
    <system-out>1..3
ok 1 - Equals
ok 2 - Equals
ok 3 - Equals
</system-out>
    <testcase name="Equals (507)" classname="spec_perl_TestTypeTernaryOpaque_t" time="0.000644207000732422" />
    <testcase name="Equals (508)" classname="spec_perl_TestTypeTernaryOpaque_t" time="0.000115871429443359" />
    <testcase name="Equals (509)" classname="spec_perl_TestTypeTernaryOpaque_t" time="7.39097595214844e-05" />
  </testsuite>
  <testsuite name="spec_perl_TestRepeatEosStruct_t" errors="0" failures="0" skipped="0" tests="5" time="0.0535590648651123">
    <system-out>1..5
ok 1 - Equals
ok 2 - Equals
ok 3 - Equals
ok 4 - Equals
ok 5 - Equals
</system-out>
    <testcase name="Equals (510)" classname="spec_perl_TestRepeatEosStruct_t" time="0.000277042388916016" />
    <testcase name="Equals (511)" classname="spec_perl_TestRepeatEosStruct_t" time="9.70363616943359e-05" />
    <testcase name="Equals (512)" classname="spec_perl_TestRepeatEosStruct_t" time="0.00017094612121582" />
    <testcase name="Equals (513)" classname="spec_perl_TestRepeatEosStruct_t" time="0.000142097473144531" />
    <testcase name="Equals (514)" classname="spec_perl_TestRepeatEosStruct_t" time="0.000166893005371094" />
  </testsuite>
  <testsuite name="spec_perl_TestSwitchManualStrElse_t" errors="0" failures="0" skipped="0" tests="9" time="0.057765007019043">
    <system-out>1..9
ok 1 - Equals
ok 2 - Equals
ok 3 - Equals
ok 4 - Equals
ok 5 - Equals
ok 6 - Equals
ok 7 - Equals
ok 8 - Equals
ok 9 - Equals
</system-out>
    <testcase name="Equals (515)" classname="spec_perl_TestSwitchManualStrElse_t" time="0.000382900238037109" />
    <testcase name="Equals (516)" classname="spec_perl_TestSwitchManualStrElse_t" time="0.000101089477539062" />
    <testcase name="Equals (517)" classname="spec_perl_TestSwitchManualStrElse_t" time="0.00013279914855957" />
    <testcase name="Equals (518)" classname="spec_perl_TestSwitchManualStrElse_t" time="0.000189065933227539" />
    <testcase name="Equals (519)" classname="spec_perl_TestSwitchManualStrElse_t" time="0.000139951705932617" />
    <testcase name="Equals (520)" classname="spec_perl_TestSwitchManualStrElse_t" time="0.000172138214111328" />
    <testcase name="Equals (521)" classname="spec_perl_TestSwitchManualStrElse_t" time="0.000144004821777344" />
    <testcase name="Equals (522)" classname="spec_perl_TestSwitchManualStrElse_t" time="0.000160932540893555" />
    <testcase name="Equals (523)" classname="spec_perl_TestSwitchManualStrElse_t" time="0.000150918960571289" />
  </testsuite>
  <testsuite name="spec_perl_TestBcdUserTypeBe_t" errors="0" failures="0" skipped="0" tests="6" time="0.0560860633850098">
    <system-out>1..6
ok 1 - Equals
ok 2 - Equals
ok 3 - Equals
ok 4 - Equals
ok 5 - Equals
ok 6 - Equals
</system-out>
    <testcase name="Equals (524)" classname="spec_perl_TestBcdUserTypeBe_t" time="0.000705957412719727" />
    <testcase name="Equals (525)" classname="spec_perl_TestBcdUserTypeBe_t" time="0.000133037567138672" />
    <testcase name="Equals (526)" classname="spec_perl_TestBcdUserTypeBe_t" time="6.79492950439453e-05" />
    <testcase name="Equals (527)" classname="spec_perl_TestBcdUserTypeBe_t" time="0.00020909309387207" />
    <testcase name="Equals (528)" classname="spec_perl_TestBcdUserTypeBe_t" time="0.000168800354003906" />
    <testcase name="Equals (529)" classname="spec_perl_TestBcdUserTypeBe_t" time="0.000171184539794922" />
  </testsuite>
  <testsuite name="spec_perl_TestMultipleUse_t" errors="0" failures="0" skipped="0" tests="2" time="0.0541939735412598">
    <system-out>1..2
ok 1 - Equals
ok 2 - Equals
</system-out>
    <testcase name="Equals (530)" classname="spec_perl_TestMultipleUse_t" time="0.000304937362670898" />
    <testcase name="Equals (531)" classname="spec_perl_TestMultipleUse_t" time="0.000115156173706055" />
  </testsuite>
  <testsuite name="spec_perl_TestEnumToI_t" errors="0" failures="0" skipped="0" tests="4" time="0.0542750358581543">
    <system-out>1..4
ok 1 - Equals
ok 2 - Equals
ok 3 - Equals
ok 4 - Equals
</system-out>
    <testcase name="Equals (532)" classname="spec_perl_TestEnumToI_t" time="0.000288963317871094" />
    <testcase name="Equals (533)" classname="spec_perl_TestEnumToI_t" time="0.000104904174804688" />
    <testcase name="Equals (534)" classname="spec_perl_TestEnumToI_t" time="0.000187158584594727" />
    <testcase name="Equals (535)" classname="spec_perl_TestEnumToI_t" time="0.000164031982421875" />
  </testsuite>
  <testsuite name="spec_perl_TestNavParent2_t" errors="0" failures="0" skipped="0" tests="10" time="0.0591239929199219">
    <system-out>1..10
ok 1 - Equals
ok 2 - Equals
ok 3 - Equals
ok 4 - Equals
ok 5 - Equals
ok 6 - Equals
ok 7 - Equals
ok 8 - Equals
ok 9 - Equals
ok 10 - Equals
</system-out>
    <testcase name="Equals (536)" classname="spec_perl_TestNavParent2_t" time="0.000308036804199219" />
    <testcase name="Equals (537)" classname="spec_perl_TestNavParent2_t" time="9.39369201660156e-05" />
    <testcase name="Equals (538)" classname="spec_perl_TestNavParent2_t" time="0.000151872634887695" />
    <testcase name="Equals (539)" classname="spec_perl_TestNavParent2_t" time="0.000146150588989258" />
    <testcase name="Equals (540)" classname="spec_perl_TestNavParent2_t" time="0.000154018402099609" />
    <testcase name="Equals (541)" classname="spec_perl_TestNavParent2_t" time="0.000224828720092773" />
    <testcase name="Equals (542)" classname="spec_perl_TestNavParent2_t" time="0.000154972076416016" />
    <testcase name="Equals (543)" classname="spec_perl_TestNavParent2_t" time="0.00014805793762207" />
    <testcase name="Equals (544)" classname="spec_perl_TestNavParent2_t" time="0.000154972076416016" />
    <testcase name="Equals (545)" classname="spec_perl_TestNavParent2_t" time="0.000188112258911133" />
  </testsuite>
  <testsuite name="spec_perl_TestYamlInts_t" errors="0" failures="0" skipped="0" tests="4" time="0.0575988292694092">
    <system-out>1..4
ok 1 - Equals
ok 2 - Equals
ok 3 - Equals
ok 4 - Equals
</system-out>
    <testcase name="Equals (546)" classname="spec_perl_TestYamlInts_t" time="0.000159978866577148" />
    <testcase name="Equals (547)" classname="spec_perl_TestYamlInts_t" time="5.88893890380859e-05" />
    <testcase name="Equals (548)" classname="spec_perl_TestYamlInts_t" time="4.29153442382812e-05" />
    <testcase name="Equals (549)" classname="spec_perl_TestYamlInts_t" time="4.10079956054688e-05" />
  </testsuite>
  <testsuite name="spec_perl_TestDefaultEndianMod_t" errors="0" failures="0" skipped="0" tests="3" time="0.0540728569030762">
    <system-out>1..3
ok 1 - Equals
ok 2 - Equals
ok 3 - Equals
</system-out>
    <testcase name="Equals (550)" classname="spec_perl_TestDefaultEndianMod_t" time="0.000306844711303711" />
    <testcase name="Equals (551)" classname="spec_perl_TestDefaultEndianMod_t" time="0.000117063522338867" />
    <testcase name="Equals (552)" classname="spec_perl_TestDefaultEndianMod_t" time="0.000198125839233398" />
  </testsuite>
  <testsuite name="spec_perl_TestSwitchManualInt_t" errors="0" failures="0" skipped="0" tests="9" time="0.0587990283966064">
    <system-out>1..9
ok 1 - Equals
ok 2 - Equals
ok 3 - Equals
ok 4 - Equals
ok 5 - Equals
ok 6 - Equals
ok 7 - Equals
ok 8 - Equals
ok 9 - Equals
</system-out>
    <testcase name="Equals (553)" classname="spec_perl_TestSwitchManualInt_t" time="0.000339984893798828" />
    <testcase name="Equals (554)" classname="spec_perl_TestSwitchManualInt_t" time="9.82284545898438e-05" />
    <testcase name="Equals (555)" classname="spec_perl_TestSwitchManualInt_t" time="0.00014185905456543" />
    <testcase name="Equals (556)" classname="spec_perl_TestSwitchManualInt_t" time="0.000158071517944336" />
    <testcase name="Equals (557)" classname="spec_perl_TestSwitchManualInt_t" time="0.000166893005371094" />
    <testcase name="Equals (558)" classname="spec_perl_TestSwitchManualInt_t" time="0.00014805793762207" />
    <testcase name="Equals (559)" classname="spec_perl_TestSwitchManualInt_t" time="0.000158071517944336" />
    <testcase name="Equals (560)" classname="spec_perl_TestSwitchManualInt_t" time="0.000147819519042969" />
    <testcase name="Equals (561)" classname="spec_perl_TestSwitchManualInt_t" time="0.00018310546875" />
  </testsuite>
  <testsuite name="spec_perl_TestIfStruct_t" errors="0" failures="0" skipped="0" tests="7" time="0.0599539279937744">
    <system-out>1..7
ok 1 - Equals
ok 2 - Equals
ok 3 - Equals
ok 4 - Equals
ok 5 - Equals
ok 6 - Equals
ok 7 - Equals
</system-out>
    <testcase name="Equals (562)" classname="spec_perl_TestIfStruct_t" time="0.000419139862060547" />
    <testcase name="Equals (563)" classname="spec_perl_TestIfStruct_t" time="0.000108957290649414" />
    <testcase name="Equals (564)" classname="spec_perl_TestIfStruct_t" time="0.00010991096496582" />
    <testcase name="Equals (565)" classname="spec_perl_TestIfStruct_t" time="0.00018000602722168" />
    <testcase name="Equals (566)" classname="spec_perl_TestIfStruct_t" time="0.000154018402099609" />
    <testcase name="Equals (567)" classname="spec_perl_TestIfStruct_t" time="0.000159025192260742" />
    <testcase name="Equals (568)" classname="spec_perl_TestIfStruct_t" time="0.000164985656738281" />
  </testsuite>
  <testsuite name="spec_perl_TestExpr1_t" errors="0" failures="0" skipped="0" tests="4" time="0.0580039024353027">
    <system-out>1..4
ok 1 - Equals
ok 2 - Equals
ok 3 - Equals
ok 4 - Equals
</system-out>
    <testcase name="Equals (569)" classname="spec_perl_TestExpr1_t" time="0.000307083129882812" />
    <testcase name="Equals (570)" classname="spec_perl_TestExpr1_t" time="9.29832458496094e-05" />
    <testcase name="Equals (571)" classname="spec_perl_TestExpr1_t" time="0.000165939331054688" />
    <testcase name="Equals (572)" classname="spec_perl_TestExpr1_t" time="0.000138044357299805" />
  </testsuite>
  <testsuite name="spec_perl_TestImportsAbs_t" errors="0" failures="0" skipped="0" tests="2" time="0.0541331768035889">
    <system-out>1..2
ok 1 - Equals
ok 2 - Equals
</system-out>
    <testcase name="Equals (573)" classname="spec_perl_TestImportsAbs_t" time="0.000259876251220703" />
    <testcase name="Equals (574)" classname="spec_perl_TestImportsAbs_t" time="0.000100135803222656" />
  </testsuite>
  <testsuite name="spec_perl_TestBitsEnum_t" errors="0" failures="0" skipped="0" tests="3" time="0.0531859397888184">
    <system-out>1..3
ok 1 - Equals
ok 2 - Equals
ok 3 - Equals
</system-out>
    <testcase name="Equals (575)" classname="spec_perl_TestBitsEnum_t" time="0.000272035598754883" />
    <testcase name="Equals (576)" classname="spec_perl_TestBitsEnum_t" time="8.98838043212891e-05" />
    <testcase name="Equals (577)" classname="spec_perl_TestBitsEnum_t" time="0.000238895416259766" />
  </testsuite>
  <testsuite name="spec_perl_TestNestedSameName_t" errors="0" failures="0" skipped="0" tests="2" time="0.0555160045623779">
    <system-out>1..2
ok 1 - Equals
ok 2 - Equals
</system-out>
    <testcase name="Equals (578)" classname="spec_perl_TestNestedSameName_t" time="0.000307083129882812" />
    <testcase name="Equals (579)" classname="spec_perl_TestNestedSameName_t" time="9.48905944824219e-05" />
  </testsuite>
  <testsuite name="spec_perl_TestNestedSameName2_t" errors="0" failures="0" skipped="0" tests="5" time="0.0564899444580078">
    <system-out>1..5
ok 1 - Equals
ok 2 - Equals
ok 3 - Equals
ok 4 - Equals
ok 5 - Equals
</system-out>
    <testcase name="Equals (580)" classname="spec_perl_TestNestedSameName2_t" time="0.0012669563293457" />
    <testcase name="Equals (581)" classname="spec_perl_TestNestedSameName2_t" time="0.000369071960449219" />
    <testcase name="Equals (582)" classname="spec_perl_TestNestedSameName2_t" time="0.000319957733154297" />
    <testcase name="Equals (583)" classname="spec_perl_TestNestedSameName2_t" time="8.60691070556641e-05" />
    <testcase name="Equals (584)" classname="spec_perl_TestNestedSameName2_t" time="0.000172853469848633" />
  </testsuite>
  <testsuite name="spec_perl_TestDocstringsDocref_t" errors="0" failures="0" skipped="1" tests="1" time="0.0545220375061035">
    <system-out>1..1
ok 1 # skip DocstringsDocref=HASH(0x1625978)
</system-out>
    <testcase name="Unnamed test case 584" classname="spec_perl_TestDocstringsDocref_t" time="0.00154709815979004">
      <skipped message="ok 1 # skip DocstringsDocref=HASH(0x1625978)" />
    </testcase>
  </testsuite>
  <testsuite name="spec_perl_TestImportsCircularA_t" errors="0" failures="0" skipped="0" tests="5" time="0.0551629066467285">
    <system-out>1..5
ok 1 - Equals
ok 2 - Equals
ok 3 - Equals
ok 4 - Equals
ok 5 - Equals
</system-out>
    <testcase name="Equals (585)" classname="spec_perl_TestImportsCircularA_t" time="0.000267982482910156" />
    <testcase name="Equals (586)" classname="spec_perl_TestImportsCircularA_t" time="0.00010991096496582" />
    <testcase name="Equals (587)" classname="spec_perl_TestImportsCircularA_t" time="0.000145912170410156" />
    <testcase name="Equals (588)" classname="spec_perl_TestImportsCircularA_t" time="0.000169992446899414" />
    <testcase name="Equals (589)" classname="spec_perl_TestImportsCircularA_t" time="7.51018524169922e-05" />
  </testsuite>
  <testsuite name="spec_perl_TestEnumFancy_t" errors="0" failures="0" skipped="0" tests="2" time="0.0532488822937012">
    <system-out>1..2
ok 1 - Equals
ok 2 - Equals
</system-out>
    <testcase name="Equals (590)" classname="spec_perl_TestEnumFancy_t" time="0.000213146209716797" />
    <testcase name="Equals (591)" classname="spec_perl_TestEnumFancy_t" time="0.00014805793762207" />
  </testsuite>
  <testsuite name="spec_perl_TestUserType_t" errors="0" failures="0" skipped="0" tests="2" time="0.0534958839416504">
    <system-out>1..2
ok 1 - Equals
ok 2 - Equals
</system-out>
    <testcase name="Equals (592)" classname="spec_perl_TestUserType_t" time="0.000324010848999023" />
    <testcase name="Equals (593)" classname="spec_perl_TestUserType_t" time="0.000101089477539062" />
  </testsuite>
  <testsuite name="spec_perl_TestProcessCoerceUsertype2_t" errors="0" failures="0" skipped="0" tests="4" time="0.055199146270752">
    <system-out>1..4
ok 1 - Equals
ok 2 - Equals
ok 3 - Equals
ok 4 - Equals
</system-out>
    <testcase name="Equals (594)" classname="spec_perl_TestProcessCoerceUsertype2_t" time="0.000645160675048828" />
    <testcase name="Equals (595)" classname="spec_perl_TestProcessCoerceUsertype2_t" time="0.00011897087097168" />
    <testcase name="Equals (596)" classname="spec_perl_TestProcessCoerceUsertype2_t" time="8.48770141601562e-05" />
    <testcase name="Equals (597)" classname="spec_perl_TestProcessCoerceUsertype2_t" time="0.000159025192260742" />
  </testsuite>
  <testsuite name="spec_perl_TestEnum0_t" errors="0" failures="0" skipped="0" tests="2" time="0.0532701015472412">
    <system-out>1..2
ok 1 - Equals
ok 2 - Equals
</system-out>
    <testcase name="Equals (598)" classname="spec_perl_TestEnum0_t" time="0.000288963317871094" />
    <testcase name="Equals (599)" classname="spec_perl_TestEnum0_t" time="8.89301300048828e-05" />
  </testsuite>
  <testsuite name="spec_perl_TestProcessXorValue_t" errors="0" failures="0" skipped="0" tests="2" time="0.0531141757965088">
    <system-out>1..2
ok 1 - Equals
ok 2 - Equals
</system-out>
    <testcase name="Equals (600)" classname="spec_perl_TestProcessXorValue_t" time="0.000260829925537109" />
    <testcase name="Equals (601)" classname="spec_perl_TestProcessXorValue_t" time="0.000104188919067383" />
  </testsuite>
  <testsuite name="spec_perl_TestProcessXor4Const_t" errors="0" failures="0" skipped="0" tests="2" time="0.0535988807678223">
    <system-out>1..2
ok 1 - Equals
ok 2 - Equals
</system-out>
    <testcase name="Equals (602)" classname="spec_perl_TestProcessXor4Const_t" time="0.000273942947387695" />
    <testcase name="Equals (603)" classname="spec_perl_TestProcessXor4Const_t" time="8.91685485839844e-05" />
  </testsuite>
</testsuites>
