<?xml version='1.0' encoding='utf-8'?>
<testsuites>
  <testsuite name="spec_perl_TestExprBytesCmp_t" errors="0" failures="0" skipped="0" tests="10" time="0.0539660453796387">
    <system-out>1..10
ok 1 - Equals
ok 2 - Equals
ok 3 - Equals
ok 4 - Equals
ok 5 - Equals
ok 6 - Equals
ok 7 - Equals
ok 8 - Equals
ok 9 - Equals
ok 10 - Equals
</system-out>
    <testcase name="Equals" classname="spec_perl_TestExprBytesCmp_t" time="0.000247001647949219" />
    <testcase name="Equals (2)" classname="spec_perl_TestExprBytesCmp_t" time="8.89301300048828e-05" />
    <testcase name="Equals (3)" classname="spec_perl_TestExprBytesCmp_t" time="0.000143051147460938" />
    <testcase name="Equals (4)" classname="spec_perl_TestExprBytesCmp_t" time="0.000139951705932617" />
    <testcase name="Equals (5)" classname="spec_perl_TestExprBytesCmp_t" time="0.000121116638183594" />
    <testcase name="Equals (6)" classname="spec_perl_TestExprBytesCmp_t" time="0.000163078308105469" />
    <testcase name="Equals (7)" classname="spec_perl_TestExprBytesCmp_t" time="0.000115871429443359" />
    <testcase name="Equals (8)" classname="spec_perl_TestExprBytesCmp_t" time="0.000163078308105469" />
    <testcase name="Equals (9)" classname="spec_perl_TestExprBytesCmp_t" time="0.000115871429443359" />
    <testcase name="Equals (10)" classname="spec_perl_TestExprBytesCmp_t" time="0.000156164169311523" />
  </testsuite>
  <testsuite name="spec_perl_TestCombineBool_t" errors="0" failures="0" skipped="0" tests="2" time="0.0524051189422607">
    <system-out>1..2
ok 1 - Equals
ok 2 - Equals
</system-out>
    <testcase name="Equals (11)" classname="spec_perl_TestCombineBool_t" time="0.000226974487304688" />
    <testcase name="Equals (12)" classname="spec_perl_TestCombineBool_t" time="8.60691070556641e-05" />
  </testsuite>
  <testsuite name="spec_perl_TestSwitchManualStr_t" errors="0" failures="0" skipped="0" tests="9" time="0.0574939250946045">
    <system-out>1..9
ok 1 - Equals
ok 2 - Equals
ok 3 - Equals
ok 4 - Equals
ok 5 - Equals
ok 6 - Equals
ok 7 - Equals
ok 8 - Equals
ok 9 - Equals
</system-out>
    <testcase name="Equals (13)" classname="spec_perl_TestSwitchManualStr_t" time="0.000353097915649414" />
    <testcase name="Equals (14)" classname="spec_perl_TestSwitchManualStr_t" time="0.000106096267700195" />
    <testcase name="Equals (15)" classname="spec_perl_TestSwitchManualStr_t" time="0.000123977661132812" />
    <testcase name="Equals (16)" classname="spec_perl_TestSwitchManualStr_t" time="0.000161886215209961" />
    <testcase name="Equals (17)" classname="spec_perl_TestSwitchManualStr_t" time="0.000153064727783203" />
    <testcase name="Equals (18)" classname="spec_perl_TestSwitchManualStr_t" time="0.0001678466796875" />
    <testcase name="Equals (19)" classname="spec_perl_TestSwitchManualStr_t" time="0.000156164169311523" />
    <testcase name="Equals (20)" classname="spec_perl_TestSwitchManualStr_t" time="0.000154972076416016" />
    <testcase name="Equals (21)" classname="spec_perl_TestSwitchManualStr_t" time="0.000154018402099609" />
  </testsuite>
  <testsuite name="spec_perl_TestFixedContents_t" errors="0" failures="0" skipped="1" tests="1" time="0.0591719150543213">
    <system-out>1..1
ok 1 # skip FixedContents=HASH(0xb22d80)
</system-out>
    <testcase name="Unnamed test case 21" classname="spec_perl_TestFixedContents_t" time="0.00138688087463379">
      <skipped message="ok 1 # skip FixedContents=HASH(0xb22d80)" />
    </testcase>
  </testsuite>
  <testsuite name="spec_perl_TestValidShort_t" errors="0" failures="0" skipped="1" tests="1" time="0.0561480522155762">
    <system-out>1..1
ok 1 # skip ValidShort=HASH(0x15eb6a8)
</system-out>
    <testcase name="Unnamed test case 22" classname="spec_perl_TestValidShort_t" time="0.00139784812927246">
      <skipped message="ok 1 # skip ValidShort=HASH(0x15eb6a8)" />
    </testcase>
  </testsuite>
  <testsuite name="spec_perl_TestNavRoot_t" errors="0" failures="0" skipped="0" tests="5" time="0.0593738555908203">
    <system-out>1..5
ok 1 - Equals
ok 2 - Equals
ok 3 - Equals
ok 4 - Equals
ok 5 - Equals
</system-out>
    <testcase name="Equals (22)" classname="spec_perl_TestNavRoot_t" time="0.000382900238037109" />
    <testcase name="Equals (23)" classname="spec_perl_TestNavRoot_t" time="9.918212890625e-05" />
    <testcase name="Equals (24)" classname="spec_perl_TestNavRoot_t" time="8.67843627929688e-05" />
    <testcase name="Equals (25)" classname="spec_perl_TestNavRoot_t" time="0.000192165374755859" />
    <testcase name="Equals (26)" classname="spec_perl_TestNavRoot_t" time="0.000140905380249023" />
  </testsuite>
  <testsuite name="spec_perl_TestProcessCustom_t" errors="1" failures="0" skipped="0" tests="0" time="0.0546960830688477">
    <system-out></system-out>
    <testcase name="Test died too soon, even before plan. (26)" classname="spec_perl_TestProcessCustom_t" time="0.0546960830688477">
      <failure message="The test suite died before a plan was produced. You need to have a plan." type="Plan">No plan</failure>
    </testcase>
  </testsuite>
  <testsuite name="spec_perl_TestParamsEnum_t" errors="0" failures="1" skipped="0" tests="2" time="0.0598139762878418">
    <system-out>1..2
ok 1 - Equals
not ok 2 - Equals
</system-out>
    <testcase name="Equals (27)" classname="spec_perl_TestParamsEnum_t" time="0.000195980072021484" />
    <testcase name="Equals (28)" classname="spec_perl_TestParamsEnum_t" time="0.000182151794433594">
      <failure message="not ok 2 - Equals" type="TAP::Parser::Result::Test"></failure>
    </testcase>
  </testsuite>
  <testsuite name="spec_perl_TestEnumForUnknownId_t" errors="0" failures="0" skipped="0" tests="1" time="0.0523068904876709">
    <system-out>1..1
ok 1 - Equals
</system-out>
    <testcase name="Equals (29)" classname="spec_perl_TestEnumForUnknownId_t" time="0.00020289421081543" />
  </testsuite>
  <testsuite name="spec_perl_TestTermStrz_t" errors="0" failures="0" skipped="0" tests="3" time="0.0567901134490967">
    <system-out>1..3
ok 1 - Equals
ok 2 - Equals
ok 3 - Equals
</system-out>
    <testcase name="Equals (30)" classname="spec_perl_TestTermStrz_t" time="0.000373125076293945" />
    <testcase name="Equals (31)" classname="spec_perl_TestTermStrz_t" time="0.000102996826171875" />
    <testcase name="Equals (32)" classname="spec_perl_TestTermStrz_t" time="6.103515625e-05" />
  </testsuite>
  <testsuite name="spec_perl_TestDefaultBigEndian_t" errors="0" failures="0" skipped="0" tests="1" time="0.0581669807434082">
    <system-out>1..1
ok 1 - Equals
</system-out>
    <testcase name="Equals (33)" classname="spec_perl_TestDefaultBigEndian_t" time="0.000244855880737305" />
  </testsuite>
  <testsuite name="spec_perl_TestNestedTypes2_t" errors="0" failures="0" skipped="0" tests="7" time="0.0537378787994385">
    <system-out>1..7
ok 1 - Equals
ok 2 - Equals
ok 3 - Equals
ok 4 - Equals
ok 5 - Equals
ok 6 - Equals
ok 7 - Equals
</system-out>
    <testcase name="Equals (34)" classname="spec_perl_TestNestedTypes2_t" time="0.00029301643371582" />
    <testcase name="Equals (35)" classname="spec_perl_TestNestedTypes2_t" time="9.20295715332031e-05" />
    <testcase name="Equals (36)" classname="spec_perl_TestNestedTypes2_t" time="0.000151157379150391" />
    <testcase name="Equals (37)" classname="spec_perl_TestNestedTypes2_t" time="0.000128984451293945" />
    <testcase name="Equals (38)" classname="spec_perl_TestNestedTypes2_t" time="0.000165939331054688" />
    <testcase name="Equals (39)" classname="spec_perl_TestNestedTypes2_t" time="0.000138044357299805" />
    <testcase name="Equals (40)" classname="spec_perl_TestNestedTypes2_t" time="0.000166893005371094" />
  </testsuite>
  <testsuite name="spec_perl_TestNavParent_t" errors="0" failures="0" skipped="0" tests="5" time="0.056445837020874">
    <system-out>1..5
ok 1 - Equals
ok 2 - Equals
ok 3 - Equals
ok 4 - Equals
ok 5 - Equals
</system-out>
    <testcase name="Equals (41)" classname="spec_perl_TestNavParent_t" time="0.000365018844604492" />
    <testcase name="Equals (42)" classname="spec_perl_TestNavParent_t" time="9.60826873779297e-05" />
    <testcase name="Equals (43)" classname="spec_perl_TestNavParent_t" time="0.000102996826171875" />
    <testcase name="Equals (44)" classname="spec_perl_TestNavParent_t" time="0.000174999237060547" />
    <testcase name="Equals (45)" classname="spec_perl_TestNavParent_t" time="0.000144004821777344" />
  </testsuite>
  <testsuite name="spec_perl_TestSwitchRepeatExprInvalid_t" errors="0" failures="0" skipped="0" tests="3" time="0.0539300441741943">
    <system-out>1..3
ok 1 - Equals
ok 2 - Equals
ok 3 - Equals
</system-out>
    <testcase name="Equals (46)" classname="spec_perl_TestSwitchRepeatExprInvalid_t" time="0.00020289421081543" />
    <testcase name="Equals (47)" classname="spec_perl_TestSwitchRepeatExprInvalid_t" time="0.000102996826171875" />
    <testcase name="Equals (48)" classname="spec_perl_TestSwitchRepeatExprInvalid_t" time="0.000190973281860352" />
  </testsuite>
  <testsuite name="spec_perl_TestSwitchManualEnumInvalidElse_t" errors="0" failures="0" skipped="0" tests="5" time="0.056973934173584">
    <system-out>1..5
ok 1 - Equals
ok 2 - Equals
ok 3 - Equals
ok 4 - Equals
ok 5 - Equals
</system-out>
    <testcase name="Equals (49)" classname="spec_perl_TestSwitchManualEnumInvalidElse_t" time="0.000270843505859375" />
    <testcase name="Equals (50)" classname="spec_perl_TestSwitchManualEnumInvalidElse_t" time="0.000113010406494141" />
    <testcase name="Equals (51)" classname="spec_perl_TestSwitchManualEnumInvalidElse_t" time="0.000281095504760742" />
    <testcase name="Equals (52)" classname="spec_perl_TestSwitchManualEnumInvalidElse_t" time="0.000174045562744141" />
    <testcase name="Equals (53)" classname="spec_perl_TestSwitchManualEnumInvalidElse_t" time="0.000201940536499023" />
  </testsuite>
  <testsuite name="spec_perl_TestExpr3_t" errors="0" failures="0" skipped="0" tests="12" time="0.0575759410858154">
    <system-out>1..12
ok 1 - Equals
ok 2 - Equals
ok 3 - Equals
ok 4 - Equals
ok 5 - Equals
ok 6 - Equals
ok 7 - Equals
ok 8 - Equals
ok 9 - Equals
ok 10 - Equals
ok 11 - Equals
ok 12 - Equals
</system-out>
    <testcase name="Equals (54)" classname="spec_perl_TestExpr3_t" time="0.000226974487304688" />
    <testcase name="Equals (55)" classname="spec_perl_TestExpr3_t" time="8.79764556884766e-05" />
    <testcase name="Equals (56)" classname="spec_perl_TestExpr3_t" time="0.00018000602722168" />
    <testcase name="Equals (57)" classname="spec_perl_TestExpr3_t" time="0.000137090682983398" />
    <testcase name="Equals (58)" classname="spec_perl_TestExpr3_t" time="0.000149965286254883" />
    <testcase name="Equals (59)" classname="spec_perl_TestExpr3_t" time="0.000120878219604492" />
    <testcase name="Equals (60)" classname="spec_perl_TestExpr3_t" time="0.000156164169311523" />
    <testcase name="Equals (61)" classname="spec_perl_TestExpr3_t" time="0.000116825103759766" />
    <testcase name="Equals (62)" classname="spec_perl_TestExpr3_t" time="0.000133037567138672" />
    <testcase name="Equals (63)" classname="spec_perl_TestExpr3_t" time="0.000145196914672852" />
    <testcase name="Equals (64)" classname="spec_perl_TestExpr3_t" time="0.000127792358398438" />
    <testcase name="Equals (65)" classname="spec_perl_TestExpr3_t" time="0.000137090682983398" />
  </testsuite>
  <testsuite name="spec_perl_TestParamsPassUsertype_t" errors="0" failures="1" skipped="1" tests="2" time="0.0560188293457031">
    <system-out>1..2
not ok 1 - test_params_pass_usertype died (Can't call method &quot;foo&quot; on an undefined value at compiled/perl/ParamsPassUsertype.pm line 119.)
ok 2 # skip test_params_pass_usertype died
</system-out>
    <testcase name="test_params_pass_usertype died (Can't call method &quot;foo&quot; on an undefined value at compiled/perl/ParamsPassUsertype.pm line 119.) (65)" classname="spec_perl_TestParamsPassUsertype_t" time="0.00035405158996582">
      <failure message="not ok 1 - test_params_pass_usertype died (Can't call method &quot;foo&quot; on an undefined value at compiled/perl/ParamsPassUsertype.pm line 119.)" type="TAP::Parser::Result::Test"></failure>
    </testcase>
    <testcase name="Unnamed test case 65" classname="spec_perl_TestParamsPassUsertype_t" time="0.00350499153137207">
      <skipped message="ok 2 # skip test_params_pass_usertype died" />
    </testcase>
  </testsuite>
  <testsuite name="spec_perl_TestRepeatNStrz_t" errors="0" failures="0" skipped="0" tests="2" time="0.0556998252868652">
    <system-out>1..2
ok 1 - Equals
ok 2 - Equals
</system-out>
    <testcase name="Equals (66)" classname="spec_perl_TestRepeatNStrz_t" time="0.000313997268676758" />
    <testcase name="Equals (67)" classname="spec_perl_TestRepeatNStrz_t" time="9.29832458496094e-05" />
  </testsuite>
  <testsuite name="spec_perl_TestStrEncodings_t" errors="0" failures="0" skipped="0" tests="4" time="0.0607099533081055">
    <system-out>1..4
ok 1 - Equals
ok 2 - Equals
ok 3 - Equals
ok 4 - Equals
</system-out>
    <testcase name="Equals (68)" classname="spec_perl_TestStrEncodings_t" time="0.0035557746887207" />
    <testcase name="Equals (69)" classname="spec_perl_TestStrEncodings_t" time="0.000120162963867188" />
    <testcase name="Equals (70)" classname="spec_perl_TestStrEncodings_t" time="6.89029693603516e-05" />
    <testcase name="Equals (71)" classname="spec_perl_TestStrEncodings_t" time="0.000208139419555664" />
  </testsuite>
  <testsuite name="spec_perl_TestNestedTypeParam_t" errors="0" failures="2" skipped="0" tests="2" time="0.0649220943450928">
    <system-out>1..2
not ok 1 - Equals
not ok 2 - Equals
</system-out>
    <testcase name="Equals (72)" classname="spec_perl_TestNestedTypeParam_t" time="0.00204992294311523">
      <failure message="not ok 1 - Equals" type="TAP::Parser::Result::Test"></failure>
    </testcase>
    <testcase name="Equals (73)" classname="spec_perl_TestNestedTypeParam_t" time="0.0024571418762207">
      <failure message="not ok 2 - Equals" type="TAP::Parser::Result::Test"></failure>
    </testcase>
  </testsuite>
  <testsuite name="spec_perl_TestProcessCoerceUsertype1_t" errors="0" failures="0" skipped="0" tests="4" time="0.0532960891723633">
    <system-out>1..4
ok 1 - Equals
ok 2 - Equals
ok 3 - Equals
ok 4 - Equals
</system-out>
    <testcase name="Equals (74)" classname="spec_perl_TestProcessCoerceUsertype1_t" time="0.000576019287109375" />
    <testcase name="Equals (75)" classname="spec_perl_TestProcessCoerceUsertype1_t" time="0.000110149383544922" />
    <testcase name="Equals (76)" classname="spec_perl_TestProcessCoerceUsertype1_t" time="6.4849853515625e-05" />
    <testcase name="Equals (77)" classname="spec_perl_TestProcessCoerceUsertype1_t" time="0.000164031982421875" />
  </testsuite>
  <testsuite name="spec_perl_TestEnumIntRangeU_t" errors="0" failures="0" skipped="0" tests="2" time="0.0525000095367432">
    <system-out>1..2
ok 1 - Equals
ok 2 - Equals
</system-out>
    <testcase name="Equals (78)" classname="spec_perl_TestEnumIntRangeU_t" time="0.000240087509155273" />
    <testcase name="Equals (79)" classname="spec_perl_TestEnumIntRangeU_t" time="8.60691070556641e-05" />
  </testsuite>
  <testsuite name="spec_perl_TestExprSizeofValueSized_t" errors="0" failures="0" skipped="0" tests="5" time="0.0532519817352295">
    <system-out>1..5
ok 1 - Equals
ok 2 - Equals
ok 3 - Equals
ok 4 - Equals
ok 5 - Equals
</system-out>
    <testcase name="Equals (80)" classname="spec_perl_TestExprSizeofValueSized_t" time="0.000520944595336914" />
    <testcase name="Equals (81)" classname="spec_perl_TestExprSizeofValueSized_t" time="0.000129938125610352" />
    <testcase name="Equals (82)" classname="spec_perl_TestExprSizeofValueSized_t" time="6.69956207275391e-05" />
    <testcase name="Equals (83)" classname="spec_perl_TestExprSizeofValueSized_t" time="0.00011897087097168" />
    <testcase name="Equals (84)" classname="spec_perl_TestExprSizeofValueSized_t" time="0.00014805793762207" />
  </testsuite>
  <testsuite name="spec_perl_TestSwitchCast_t" errors="0" failures="0" skipped="0" tests="2" time="0.0562541484832764">
    <system-out>1..2
ok 1 - Equals
ok 2 - Equals
</system-out>
    <testcase name="Equals (85)" classname="spec_perl_TestSwitchCast_t" time="0.000383853912353516" />
    <testcase name="Equals (86)" classname="spec_perl_TestSwitchCast_t" time="0.000100135803222656" />
  </testsuite>
  <testsuite name="spec_perl_TestExprIoPos_t" errors="0" failures="0" skipped="0" tests="6" time="0.0566999912261963">
    <system-out>1..6
ok 1 - Equals
ok 2 - Equals
ok 3 - Equals
ok 4 - Equals
ok 5 - Equals
ok 6 - Equals
</system-out>
    <testcase name="Equals (87)" classname="spec_perl_TestExprIoPos_t" time="0.000630855560302734" />
    <testcase name="Equals (88)" classname="spec_perl_TestExprIoPos_t" time="0.000106096267700195" />
    <testcase name="Equals (89)" classname="spec_perl_TestExprIoPos_t" time="6.60419464111328e-05" />
    <testcase name="Equals (90)" classname="spec_perl_TestExprIoPos_t" time="0.0001678466796875" />
    <testcase name="Equals (91)" classname="spec_perl_TestExprIoPos_t" time="0.000132083892822266" />
    <testcase name="Equals (92)" classname="spec_perl_TestExprIoPos_t" time="0.000149965286254883" />
  </testsuite>
  <testsuite name="spec_perl_TestCombineEnum_t" errors="0" failures="0" skipped="0" tests="3" time="0.0523369312286377">
    <system-out>1..3
ok 1 - Equals
ok 2 - Equals
ok 3 - Equals
</system-out>
    <testcase name="Equals (93)" classname="spec_perl_TestCombineEnum_t" time="0.000267982482910156" />
    <testcase name="Equals (94)" classname="spec_perl_TestCombineEnum_t" time="8.29696655273438e-05" />
    <testcase name="Equals (95)" classname="spec_perl_TestCombineEnum_t" time="0.000158071517944336" />
  </testsuite>
  <testsuite name="spec_perl_TestSwitchIntegers2_t" errors="0" failures="0" skipped="0" tests="5" time="0.0532450675964355">
    <system-out>1..5
ok 1 - Equals
ok 2 - Equals
ok 3 - Equals
ok 4 - Equals
ok 5 - Equals
</system-out>
    <testcase name="Equals (96)" classname="spec_perl_TestSwitchIntegers2_t" time="0.000277996063232422" />
    <testcase name="Equals (97)" classname="spec_perl_TestSwitchIntegers2_t" time="8.89301300048828e-05" />
    <testcase name="Equals (98)" classname="spec_perl_TestSwitchIntegers2_t" time="0.000147104263305664" />
    <testcase name="Equals (99)" classname="spec_perl_TestSwitchIntegers2_t" time="0.000154972076416016" />
    <testcase name="Equals (100)" classname="spec_perl_TestSwitchIntegers2_t" time="0.000168085098266602" />
  </testsuite>
  <testsuite name="spec_perl_TestSwitchElseOnly_t" errors="0" failures="0" skipped="0" tests="3" time="0.0529050827026367">
    <system-out>1..3
ok 1 - Equals
ok 2 - Equals
ok 3 - Equals
</system-out>
    <testcase name="Equals (101)" classname="spec_perl_TestSwitchElseOnly_t" time="0.000243902206420898" />
    <testcase name="Equals (102)" classname="spec_perl_TestSwitchElseOnly_t" time="8.79764556884766e-05" />
    <testcase name="Equals (103)" classname="spec_perl_TestSwitchElseOnly_t" time="0.000171184539794922" />
  </testsuite>
  <testsuite name="spec_perl_TestStrEos_t" errors="0" failures="0" skipped="0" tests="1" time="0.055866003036499">
    <system-out>1..1
ok 1 - Equals
</system-out>
    <testcase name="Equals (104)" classname="spec_perl_TestStrEos_t" time="0.00031280517578125" />
  </testsuite>
  <testsuite name="spec_perl_TestRepeatUntilS4_t" errors="0" failures="0" skipped="0" tests="2" time="0.0564839839935303">
    <system-out>1..2
ok 1 - Equals
ok 2 - Equals
</system-out>
    <testcase name="Equals (105)" classname="spec_perl_TestRepeatUntilS4_t" time="0.000264883041381836" />
    <testcase name="Equals (106)" classname="spec_perl_TestRepeatUntilS4_t" time="9.98973846435547e-05" />
  </testsuite>
  <testsuite name="spec_perl_TestDefaultEndianExprIsBe_t" errors="0" failures="0" skipped="0" tests="18" time="0.0555961132049561">
    <system-out>1..18
ok 1 - Equals
ok 2 - Equals
ok 3 - Equals
ok 4 - Equals
ok 5 - Equals
ok 6 - Equals
ok 7 - Equals
ok 8 - Equals
ok 9 - Equals
ok 10 - Equals
ok 11 - Equals
ok 12 - Equals
ok 13 - Equals
ok 14 - Equals
ok 15 - Equals
ok 16 - Equals
ok 17 - Equals
ok 18 - Equals
</system-out>
    <testcase name="Equals (107)" classname="spec_perl_TestDefaultEndianExprIsBe_t" time="0.000329017639160156" />
    <testcase name="Equals (108)" classname="spec_perl_TestDefaultEndianExprIsBe_t" time="0.000101089477539062" />
    <testcase name="Equals (109)" classname="spec_perl_TestDefaultEndianExprIsBe_t" time="0.000133991241455078" />
    <testcase name="Equals (110)" classname="spec_perl_TestDefaultEndianExprIsBe_t" time="0.000164985656738281" />
    <testcase name="Equals (111)" classname="spec_perl_TestDefaultEndianExprIsBe_t" time="0.000182867050170898" />
    <testcase name="Equals (112)" classname="spec_perl_TestDefaultEndianExprIsBe_t" time="0.000185966491699219" />
    <testcase name="Equals (113)" classname="spec_perl_TestDefaultEndianExprIsBe_t" time="0.000156164169311523" />
    <testcase name="Equals (114)" classname="spec_perl_TestDefaultEndianExprIsBe_t" time="0.000149011611938477" />
    <testcase name="Equals (115)" classname="spec_perl_TestDefaultEndianExprIsBe_t" time="0.0001678466796875" />
    <testcase name="Equals (116)" classname="spec_perl_TestDefaultEndianExprIsBe_t" time="0.000137090682983398" />
    <testcase name="Equals (117)" classname="spec_perl_TestDefaultEndianExprIsBe_t" time="0.000185966491699219" />
    <testcase name="Equals (118)" classname="spec_perl_TestDefaultEndianExprIsBe_t" time="0.000180959701538086" />
    <testcase name="Equals (119)" classname="spec_perl_TestDefaultEndianExprIsBe_t" time="0.000154972076416016" />
    <testcase name="Equals (120)" classname="spec_perl_TestDefaultEndianExprIsBe_t" time="0.000152111053466797" />
    <testcase name="Equals (121)" classname="spec_perl_TestDefaultEndianExprIsBe_t" time="0.000142097473144531" />
    <testcase name="Equals (122)" classname="spec_perl_TestDefaultEndianExprIsBe_t" time="0.000181913375854492" />
    <testcase name="Equals (123)" classname="spec_perl_TestDefaultEndianExprIsBe_t" time="0.000149011611938477" />
    <testcase name="Equals (124)" classname="spec_perl_TestDefaultEndianExprIsBe_t" time="0.000189065933227539" />
  </testsuite>
  <testsuite name="spec_perl_TestPositionAbs_t" errors="0" failures="0" skipped="0" tests="2" time="0.0595729351043701">
    <system-out>1..2
ok 1 - Equals
ok 2 - Equals
</system-out>
    <testcase name="Equals (125)" classname="spec_perl_TestPositionAbs_t" time="0.000262022018432617" />
    <testcase name="Equals (126)" classname="spec_perl_TestPositionAbs_t" time="0.000225067138671875" />
  </testsuite>
  <testsuite name="spec_perl_TestProcessCoerceUsertype2_t" errors="0" failures="0" skipped="0" tests="4" time="0.054002046585083">
    <system-out>1..4
ok 1 - Equals
ok 2 - Equals
ok 3 - Equals
ok 4 - Equals
</system-out>
    <testcase name="Equals (127)" classname="spec_perl_TestProcessCoerceUsertype2_t" time="0.000574827194213867" />
    <testcase name="Equals (128)" classname="spec_perl_TestProcessCoerceUsertype2_t" time="0.000117063522338867" />
    <testcase name="Equals (129)" classname="spec_perl_TestProcessCoerceUsertype2_t" time="7.70092010498047e-05" />
    <testcase name="Equals (130)" classname="spec_perl_TestProcessCoerceUsertype2_t" time="0.000174045562744141" />
  </testsuite>
  <testsuite name="spec_perl_TestProcessXorConst_t" errors="0" failures="0" skipped="0" tests="2" time="0.0526070594787598">
    <system-out>1..2
ok 1 - Equals
ok 2 - Equals
</system-out>
    <testcase name="Equals (131)" classname="spec_perl_TestProcessXorConst_t" time="0.000292062759399414" />
    <testcase name="Equals (132)" classname="spec_perl_TestProcessXorConst_t" time="9.60826873779297e-05" />
  </testsuite>
  <testsuite name="spec_perl_TestProcessRepeatBytes_t" errors="0" failures="0" skipped="0" tests="2" time="0.0540399551391602">
    <system-out>1..2
ok 1 - Equals
ok 2 - Equals
</system-out>
    <testcase name="Equals (133)" classname="spec_perl_TestProcessRepeatBytes_t" time="0.000283956527709961" />
    <testcase name="Equals (134)" classname="spec_perl_TestProcessRepeatBytes_t" time="9.70363616943359e-05" />
  </testsuite>
  <testsuite name="spec_perl_TestBitsEnum_t" errors="0" failures="0" skipped="0" tests="3" time="0.0524740219116211">
    <system-out>1..3
ok 1 - Equals
ok 2 - Equals
ok 3 - Equals
</system-out>
    <testcase name="Equals (135)" classname="spec_perl_TestBitsEnum_t" time="0.000257968902587891" />
    <testcase name="Equals (136)" classname="spec_perl_TestBitsEnum_t" time="8.60691070556641e-05" />
    <testcase name="Equals (137)" classname="spec_perl_TestBitsEnum_t" time="0.000195980072021484" />
  </testsuite>
  <testsuite name="spec_perl_TestValidSwitch_t" errors="0" failures="0" skipped="1" tests="1" time="0.05330491065979">
    <system-out>1..1
ok 1 # skip ValidSwitch=HASH(0x1f76b70)
</system-out>
    <testcase name="Unnamed test case 137" classname="spec_perl_TestValidSwitch_t" time="0.0014030933380127">
      <skipped message="ok 1 # skip ValidSwitch=HASH(0x1f76b70)" />
    </testcase>
  </testsuite>
  <testsuite name="spec_perl_TestRepeatEosBit_t" errors="0" failures="0" skipped="0" tests="1" time="0.0519230365753174">
    <system-out>1..1
ok 1 - Equals
</system-out>
    <testcase name="Equals (138)" classname="spec_perl_TestRepeatEosBit_t" time="0.000316858291625977" />
  </testsuite>
  <testsuite name="spec_perl_TestProcessXor4Value_t" errors="0" failures="0" skipped="0" tests="2" time="0.0537550449371338">
    <system-out>1..2
ok 1 - Equals
ok 2 - Equals
</system-out>
    <testcase name="Equals (139)" classname="spec_perl_TestProcessXor4Value_t" time="0.000221967697143555" />
    <testcase name="Equals (140)" classname="spec_perl_TestProcessXor4Value_t" time="8.20159912109375e-05" />
  </testsuite>
  <testsuite name="spec_perl_TestNestedTypes_t" errors="0" failures="0" skipped="0" tests="3" time="0.0530807971954346">
    <system-out>1..3
ok 1 - Equals
ok 2 - Equals
ok 3 - Equals
</system-out>
    <testcase name="Equals (141)" classname="spec_perl_TestNestedTypes_t" time="0.000271797180175781" />
    <testcase name="Equals (142)" classname="spec_perl_TestNestedTypes_t" time="9.20295715332031e-05" />
    <testcase name="Equals (143)" classname="spec_perl_TestNestedTypes_t" time="0.000154018402099609" />
  </testsuite>
  <testsuite name="spec_perl_TestProcessXorValue_t" errors="0" failures="0" skipped="0" tests="2" time="0.0533480644226074">
    <system-out>1..2
ok 1 - Equals
ok 2 - Equals
</system-out>
    <testcase name="Equals (144)" classname="spec_perl_TestProcessXorValue_t" time="0.000242948532104492" />
    <testcase name="Equals (145)" classname="spec_perl_TestProcessXorValue_t" time="9.01222229003906e-05" />
  </testsuite>
  <testsuite name="spec_perl_TestExpr1_t" errors="0" failures="0" skipped="0" tests="4" time="0.0561630725860596">
    <system-out>1..4
ok 1 - Equals
ok 2 - Equals
ok 3 - Equals
ok 4 - Equals
</system-out>
    <testcase name="Equals (146)" classname="spec_perl_TestExpr1_t" time="0.000248908996582031" />
    <testcase name="Equals (147)" classname="spec_perl_TestExpr1_t" time="8.51154327392578e-05" />
    <testcase name="Equals (148)" classname="spec_perl_TestExpr1_t" time="0.000162839889526367" />
    <testcase name="Equals (149)" classname="spec_perl_TestExpr1_t" time="0.000158071517944336" />
  </testsuite>
  <testsuite name="spec_perl_TestExprIfIntOps_t" errors="0" failures="0" skipped="0" tests="2" time="0.0530219078063965">
    <system-out>1..2
ok 1 - Equals
ok 2 - Equals
</system-out>
    <testcase name="Equals (150)" classname="spec_perl_TestExprIfIntOps_t" time="0.000257015228271484" />
    <testcase name="Equals (151)" classname="spec_perl_TestExprIfIntOps_t" time="9.39369201660156e-05" />
  </testsuite>
  <testsuite name="spec_perl_TestEofExceptionBytes_t" errors="0" failures="0" skipped="0" tests="1" time="0.0544579029083252">
    <system-out>1..1
ok 1 - Died
</system-out>
    <testcase name="Died (151)" classname="spec_perl_TestEofExceptionBytes_t" time="0.000196933746337891" />
  </testsuite>
  <testsuite name="spec_perl_TestNestedSameName_t" errors="0" failures="0" skipped="0" tests="2" time="0.0540120601654053">
    <system-out>1..2
ok 1 - Equals
ok 2 - Equals
</system-out>
    <testcase name="Equals (152)" classname="spec_perl_TestNestedSameName_t" time="0.000273942947387695" />
    <testcase name="Equals (153)" classname="spec_perl_TestNestedSameName_t" time="9.51290130615234e-05" />
  </testsuite>
  <testsuite name="spec_perl_TestBitsSimple_t" errors="0" failures="0" skipped="0" tests="14" time="0.0543599128723145">
    <system-out>1..14
ok 1 - Equals
ok 2 - Equals
ok 3 - Equals
ok 4 - Equals
ok 5 - Equals
ok 6 - Equals
ok 7 - Equals
ok 8 - Equals
ok 9 - Equals
ok 10 - Equals
ok 11 - Equals
ok 12 - Equals
ok 13 - Equals
ok 14 - Equals
</system-out>
    <testcase name="Equals (154)" classname="spec_perl_TestBitsSimple_t" time="0.000292062759399414" />
    <testcase name="Equals (155)" classname="spec_perl_TestBitsSimple_t" time="0.000101089477539062" />
    <testcase name="Equals (156)" classname="spec_perl_TestBitsSimple_t" time="7.70092010498047e-05" />
    <testcase name="Equals (157)" classname="spec_perl_TestBitsSimple_t" time="0.000171899795532227" />
    <testcase name="Equals (158)" classname="spec_perl_TestBitsSimple_t" time="0.000131130218505859" />
    <testcase name="Equals (159)" classname="spec_perl_TestBitsSimple_t" time="0.000155925750732422" />
    <testcase name="Equals (160)" classname="spec_perl_TestBitsSimple_t" time="0.000163078308105469" />
    <testcase name="Equals (161)" classname="spec_perl_TestBitsSimple_t" time="0.000133991241455078" />
    <testcase name="Equals (162)" classname="spec_perl_TestBitsSimple_t" time="0.000164985656738281" />
    <testcase name="Equals (163)" classname="spec_perl_TestBitsSimple_t" time="0.000131845474243164" />
    <testcase name="Equals (164)" classname="spec_perl_TestBitsSimple_t" time="0.000164031982421875" />
    <testcase name="Equals (165)" classname="spec_perl_TestBitsSimple_t" time="0.000133991241455078" />
    <testcase name="Equals (166)" classname="spec_perl_TestBitsSimple_t" time="0.000179052352905273" />
    <testcase name="Equals (167)" classname="spec_perl_TestBitsSimple_t" time="0.000133991241455078" />
  </testsuite>
  <testsuite name="spec_perl_TestIfStruct_t" errors="0" failures="0" skipped="0" tests="7" time="0.0574209690093994">
    <system-out>1..7
ok 1 - Equals
ok 2 - Equals
ok 3 - Equals
ok 4 - Equals
ok 5 - Equals
ok 6 - Equals
ok 7 - Equals
</system-out>
    <testcase name="Equals (168)" classname="spec_perl_TestIfStruct_t" time="0.000466108322143555" />
    <testcase name="Equals (169)" classname="spec_perl_TestIfStruct_t" time="0.000121831893920898" />
    <testcase name="Equals (170)" classname="spec_perl_TestIfStruct_t" time="6.60419464111328e-05" />
    <testcase name="Equals (171)" classname="spec_perl_TestIfStruct_t" time="0.000177145004272461" />
    <testcase name="Equals (172)" classname="spec_perl_TestIfStruct_t" time="0.000113964080810547" />
    <testcase name="Equals (173)" classname="spec_perl_TestIfStruct_t" time="0.000171899795532227" />
    <testcase name="Equals (174)" classname="spec_perl_TestIfStruct_t" time="0.000141143798828125" />
  </testsuite>
  <testsuite name="spec_perl_TestSwitchMultiBoolOps_t" errors="0" failures="0" skipped="0" tests="9" time="0.0536801815032959">
    <system-out>1..9
ok 1 - Equals
ok 2 - Equals
ok 3 - Equals
ok 4 - Equals
ok 5 - Equals
ok 6 - Equals
ok 7 - Equals
ok 8 - Equals
ok 9 - Equals
</system-out>
    <testcase name="Equals (175)" classname="spec_perl_TestSwitchMultiBoolOps_t" time="0.000279903411865234" />
    <testcase name="Equals (176)" classname="spec_perl_TestSwitchMultiBoolOps_t" time="9.20295715332031e-05" />
    <testcase name="Equals (177)" classname="spec_perl_TestSwitchMultiBoolOps_t" time="0.00012516975402832" />
    <testcase name="Equals (178)" classname="spec_perl_TestSwitchMultiBoolOps_t" time="0.000155925750732422" />
    <testcase name="Equals (179)" classname="spec_perl_TestSwitchMultiBoolOps_t" time="0.000166893005371094" />
    <testcase name="Equals (180)" classname="spec_perl_TestSwitchMultiBoolOps_t" time="0.000131130218505859" />
    <testcase name="Equals (181)" classname="spec_perl_TestSwitchMultiBoolOps_t" time="0.000165939331054688" />
    <testcase name="Equals (182)" classname="spec_perl_TestSwitchMultiBoolOps_t" time="0.000138044357299805" />
    <testcase name="Equals (183)" classname="spec_perl_TestSwitchMultiBoolOps_t" time="0.000163078308105469" />
  </testsuite>
  <testsuite name="spec_perl_TestDocstringsDocref_t" errors="0" failures="0" skipped="1" tests="1" time="0.0536952018737793">
    <system-out>1..1
ok 1 # skip DocstringsDocref=HASH(0x1241108)
</system-out>
    <testcase name="Unnamed test case 183" classname="spec_perl_TestDocstringsDocref_t" time="0.00147700309753418">
      <skipped message="ok 1 # skip DocstringsDocref=HASH(0x1241108)" />
    </testcase>
  </testsuite>
  <testsuite name="spec_perl_TestEnumOfValueInst_t" errors="0" failures="0" skipped="0" tests="4" time="0.0534360408782959">
    <system-out>1..4
ok 1 - Equals
ok 2 - Equals
ok 3 - Equals
ok 4 - Equals
</system-out>
    <testcase name="Equals (184)" classname="spec_perl_TestEnumOfValueInst_t" time="0.000239133834838867" />
    <testcase name="Equals (185)" classname="spec_perl_TestEnumOfValueInst_t" time="9.48905944824219e-05" />
    <testcase name="Equals (186)" classname="spec_perl_TestEnumOfValueInst_t" time="0.000174045562744141" />
    <testcase name="Equals (187)" classname="spec_perl_TestEnumOfValueInst_t" time="0.000146865844726562" />
  </testsuite>
  <testsuite name="spec_perl_TestSwitchIntegers_t" errors="0" failures="0" skipped="0" tests="9" time="0.054577112197876">
    <system-out>1..9
ok 1 - Equals
ok 2 - Equals
ok 3 - Equals
ok 4 - Equals
ok 5 - Equals
ok 6 - Equals
ok 7 - Equals
ok 8 - Equals
ok 9 - Equals
</system-out>
    <testcase name="Equals (188)" classname="spec_perl_TestSwitchIntegers_t" time="0.000274896621704102" />
    <testcase name="Equals (189)" classname="spec_perl_TestSwitchIntegers_t" time="9.918212890625e-05" />
    <testcase name="Equals (190)" classname="spec_perl_TestSwitchIntegers_t" time="0.000178813934326172" />
    <testcase name="Equals (191)" classname="spec_perl_TestSwitchIntegers_t" time="0.000159025192260742" />
    <testcase name="Equals (192)" classname="spec_perl_TestSwitchIntegers_t" time="0.000144004821777344" />
    <testcase name="Equals (193)" classname="spec_perl_TestSwitchIntegers_t" time="0.000167131423950195" />
    <testcase name="Equals (194)" classname="spec_perl_TestSwitchIntegers_t" time="0.000145912170410156" />
    <testcase name="Equals (195)" classname="spec_perl_TestSwitchIntegers_t" time="0.000149965286254883" />
    <testcase name="Equals (196)" classname="spec_perl_TestSwitchIntegers_t" time="0.000174999237060547" />
  </testsuite>
  <testsuite name="spec_perl_TestBitsSignedShiftB64Le_t" errors="0" failures="0" skipped="0" tests="2" time="0.0521821975708008">
    <system-out>1..2
ok 1 - Equals
ok 2 - Equals
</system-out>
    <testcase name="Equals (197)" classname="spec_perl_TestBitsSignedShiftB64Le_t" time="0.000256061553955078" />
    <testcase name="Equals (198)" classname="spec_perl_TestBitsSignedShiftB64Le_t" time="8.58306884765625e-05" />
  </testsuite>
  <testsuite name="spec_perl_TestYamlInts_t" errors="0" failures="0" skipped="0" tests="4" time="0.0529451370239258">
    <system-out>1..4
ok 1 - Equals
ok 2 - Equals
ok 3 - Equals
ok 4 - Equals
</system-out>
    <testcase name="Equals (199)" classname="spec_perl_TestYamlInts_t" time="0.000283002853393555" />
    <testcase name="Equals (200)" classname="spec_perl_TestYamlInts_t" time="9.10758972167969e-05" />
    <testcase name="Equals (201)" classname="spec_perl_TestYamlInts_t" time="0.000188112258911133" />
    <testcase name="Equals (202)" classname="spec_perl_TestYamlInts_t" time="0.000156879425048828" />
  </testsuite>
  <testsuite name="spec_perl_TestExprEnum_t" errors="0" failures="0" skipped="0" tests="3" time="0.0526390075683594">
    <system-out>1..3
ok 1 - Equals
ok 2 - Equals
ok 3 - Equals
</system-out>
    <testcase name="Equals (203)" classname="spec_perl_TestExprEnum_t" time="0.000244855880737305" />
    <testcase name="Equals (204)" classname="spec_perl_TestExprEnum_t" time="9.01222229003906e-05" />
    <testcase name="Equals (205)" classname="spec_perl_TestExprEnum_t" time="0.000166893005371094" />
  </testsuite>
  <testsuite name="spec_perl_TestOptionalId_t" errors="0" failures="0" skipped="0" tests="3" time="0.0526189804077148">
    <system-out>1..3
ok 1 - Equals
ok 2 - Equals
ok 3 - Equals
</system-out>
    <testcase name="Equals (206)" classname="spec_perl_TestOptionalId_t" time="0.000257015228271484" />
    <testcase name="Equals (207)" classname="spec_perl_TestOptionalId_t" time="9.29832458496094e-05" />
    <testcase name="Equals (208)" classname="spec_perl_TestOptionalId_t" time="0.000138998031616211" />
  </testsuite>
  <testsuite name="spec_perl_TestTypeIntUnaryOp_t" errors="0" failures="0" skipped="0" tests="4" time="0.0527338981628418">
    <system-out>1..4
ok 1 - Equals
ok 2 - Equals
ok 3 - Equals
ok 4 - Equals
</system-out>
    <testcase name="Equals (209)" classname="spec_perl_TestTypeIntUnaryOp_t" time="0.000206947326660156" />
    <testcase name="Equals (210)" classname="spec_perl_TestTypeIntUnaryOp_t" time="0.000132083892822266" />
    <testcase name="Equals (211)" classname="spec_perl_TestTypeIntUnaryOp_t" time="0.000176906585693359" />
    <testcase name="Equals (212)" classname="spec_perl_TestTypeIntUnaryOp_t" time="0.000172138214111328" />
  </testsuite>
  <testsuite name="spec_perl_TestIndexToParamEos_t" errors="0" failures="2" skipped="0" tests="7" time="0.0668570995330811">
    <system-out>1..7
ok 1 - Equals
ok 2 - Equals
ok 3 - Equals
ok 4 - Equals
ok 5 - Equals
not ok 6 - Equals
not ok 7 - Equals
</system-out>
    <testcase name="Equals (213)" classname="spec_perl_TestIndexToParamEos_t" time="0.00728607177734375" />
    <testcase name="Equals (214)" classname="spec_perl_TestIndexToParamEos_t" time="0.000118017196655273" />
    <testcase name="Equals (215)" classname="spec_perl_TestIndexToParamEos_t" time="0.00115585327148438" />
    <testcase name="Equals (216)" classname="spec_perl_TestIndexToParamEos_t" time="8.41617584228516e-05" />
    <testcase name="Equals (217)" classname="spec_perl_TestIndexToParamEos_t" time="5.60283660888672e-05" />
    <testcase name="Equals (218)" classname="spec_perl_TestIndexToParamEos_t" time="5.88893890380859e-05">
      <failure message="not ok 6 - Equals" type="TAP::Parser::Result::Test"></failure>
    </testcase>
    <testcase name="Equals (219)" classname="spec_perl_TestIndexToParamEos_t" time="6.69956207275391e-05">
      <failure message="not ok 7 - Equals" type="TAP::Parser::Result::Test"></failure>
    </testcase>
  </testsuite>
  <testsuite name="spec_perl_TestTypeTernaryOpaque_t" errors="0" failures="0" skipped="0" tests="3" time="0.0586709976196289">
    <system-out>1..3
ok 1 - Equals
ok 2 - Equals
ok 3 - Equals
</system-out>
    <testcase name="Equals (220)" classname="spec_perl_TestTypeTernaryOpaque_t" time="0.000637054443359375" />
    <testcase name="Equals (221)" classname="spec_perl_TestTypeTernaryOpaque_t" time="0.000113010406494141" />
    <testcase name="Equals (222)" classname="spec_perl_TestTypeTernaryOpaque_t" time="6.29425048828125e-05" />
  </testsuite>
  <testsuite name="spec_perl_TestBcdUserTypeBe_t" errors="0" failures="0" skipped="0" tests="6" time="0.0550899505615234">
    <system-out>1..6
ok 1 - Equals
ok 2 - Equals
ok 3 - Equals
ok 4 - Equals
ok 5 - Equals
ok 6 - Equals
</system-out>
    <testcase name="Equals (223)" classname="spec_perl_TestBcdUserTypeBe_t" time="0.000607013702392578" />
    <testcase name="Equals (224)" classname="spec_perl_TestBcdUserTypeBe_t" time="0.000113010406494141" />
    <testcase name="Equals (225)" classname="spec_perl_TestBcdUserTypeBe_t" time="0.00013279914855957" />
    <testcase name="Equals (226)" classname="spec_perl_TestBcdUserTypeBe_t" time="0.00018000602722168" />
    <testcase name="Equals (227)" classname="spec_perl_TestBcdUserTypeBe_t" time="0.000173091888427734" />
    <testcase name="Equals (228)" classname="spec_perl_TestBcdUserTypeBe_t" time="0.000159978866577148" />
  </testsuite>
  <testsuite name="spec_perl_TestFloatingPoints_t" errors="0" failures="0" skipped="0" tests="8" time="0.0524938106536865">
    <system-out>1..8
ok 1 - Approx equals
ok 2 - Approx equals
ok 3 - Approx equals
ok 4 - Approx equals
ok 5 - Approx equals
ok 6 - Approx equals
ok 7 - Approx equals
ok 8 - Approx equals
</system-out>
    <testcase name="Approx equals (228)" classname="spec_perl_TestFloatingPoints_t" time="0.000177145004272461" />
    <testcase name="Approx equals (229)" classname="spec_perl_TestFloatingPoints_t" time="5.98430633544922e-05" />
    <testcase name="Approx equals (230)" classname="spec_perl_TestFloatingPoints_t" time="6.50882720947266e-05" />
    <testcase name="Approx equals (231)" classname="spec_perl_TestFloatingPoints_t" time="4.79221343994141e-05" />
    <testcase name="Approx equals (232)" classname="spec_perl_TestFloatingPoints_t" time="4.60147857666016e-05" />
    <testcase name="Approx equals (233)" classname="spec_perl_TestFloatingPoints_t" time="6.00814819335938e-05" />
    <testcase name="Approx equals (234)" classname="spec_perl_TestFloatingPoints_t" time="4.50611114501953e-05" />
    <testcase name="Approx equals (235)" classname="spec_perl_TestFloatingPoints_t" time="5.98430633544922e-05" />
  </testsuite>
  <testsuite name="spec_perl_TestSwitchRepeatExpr_t" errors="0" failures="0" skipped="0" tests="3" time="0.0529739856719971">
    <system-out>1..3
ok 1 - Equals
ok 2 - Equals
ok 3 - Equals
</system-out>
    <testcase name="Equals (235)" classname="spec_perl_TestSwitchRepeatExpr_t" time="0.000519990921020508" />
    <testcase name="Equals (236)" classname="spec_perl_TestSwitchRepeatExpr_t" time="0.000102043151855469" />
    <testcase name="Equals (237)" classname="spec_perl_TestSwitchRepeatExpr_t" time="6.29425048828125e-05" />
  </testsuite>
  <testsuite name="spec_perl_TestCombineStr_t" errors="0" failures="0" skipped="0" tests="15" time="0.0589730739593506">
    <system-out>1..15
ok 1 - Equals
ok 2 - Equals
ok 3 - Equals
ok 4 - Equals
ok 5 - Equals
ok 6 - Equals
ok 7 - Equals
ok 8 - Equals
ok 9 - Equals
ok 10 - Equals
ok 11 - Equals
ok 12 - Equals
ok 13 - Equals
ok 14 - Equals
ok 15 - Equals
</system-out>
    <testcase name="Equals (238)" classname="spec_perl_TestCombineStr_t" time="0.000267982482910156" />
    <testcase name="Equals (239)" classname="spec_perl_TestCombineStr_t" time="8.41617584228516e-05" />
    <testcase name="Equals (240)" classname="spec_perl_TestCombineStr_t" time="0.000159025192260742" />
    <testcase name="Equals (241)" classname="spec_perl_TestCombineStr_t" time="0.000147819519042969" />
    <testcase name="Equals (242)" classname="spec_perl_TestCombineStr_t" time="0.000168085098266602" />
    <testcase name="Equals (243)" classname="spec_perl_TestCombineStr_t" time="0.000165939331054688" />
    <testcase name="Equals (244)" classname="spec_perl_TestCombineStr_t" time="0.000138044357299805" />
    <testcase name="Equals (245)" classname="spec_perl_TestCombineStr_t" time="0.00015711784362793" />
    <testcase name="Equals (246)" classname="spec_perl_TestCombineStr_t" time="0.000153779983520508" />
    <testcase name="Equals (247)" classname="spec_perl_TestCombineStr_t" time="0.000162124633789062" />
    <testcase name="Equals (248)" classname="spec_perl_TestCombineStr_t" time="0.000154972076416016" />
    <testcase name="Equals (249)" classname="spec_perl_TestCombineStr_t" time="0.000193119049072266" />
    <testcase name="Equals (250)" classname="spec_perl_TestCombineStr_t" time="0.000145912170410156" />
    <testcase name="Equals (251)" classname="spec_perl_TestCombineStr_t" time="0.000164031982421875" />
    <testcase name="Equals (252)" classname="spec_perl_TestCombineStr_t" time="0.000145912170410156" />
  </testsuite>
  <testsuite name="spec_perl_TestIntegersDoubleOverflow_t" errors="0" failures="0" skipped="0" tests="8" time="0.0533080101013184">
    <system-out>1..8
ok 1 - Equals
ok 2 - Equals
ok 3 - Equals
ok 4 - Equals
ok 5 - Equals
ok 6 - Equals
ok 7 - Equals
ok 8 - Equals
</system-out>
    <testcase name="Equals (253)" classname="spec_perl_TestIntegersDoubleOverflow_t" time="0.000264883041381836" />
    <testcase name="Equals (254)" classname="spec_perl_TestIntegersDoubleOverflow_t" time="9.01222229003906e-05" />
    <testcase name="Equals (255)" classname="spec_perl_TestIntegersDoubleOverflow_t" time="0.000150918960571289" />
    <testcase name="Equals (256)" classname="spec_perl_TestIntegersDoubleOverflow_t" time="0.000162124633789062" />
    <testcase name="Equals (257)" classname="spec_perl_TestIntegersDoubleOverflow_t" time="0.00017094612121582" />
    <testcase name="Equals (258)" classname="spec_perl_TestIntegersDoubleOverflow_t" time="0.000133037567138672" />
    <testcase name="Equals (259)" classname="spec_perl_TestIntegersDoubleOverflow_t" time="0.000172853469848633" />
    <testcase name="Equals (260)" classname="spec_perl_TestIntegersDoubleOverflow_t" time="0.000138044357299805" />
  </testsuite>
  <testsuite name="spec_perl_TestExprOpsParens_t" errors="1" failures="0" skipped="0" tests="0" time="0.0524289608001709">
    <system-out></system-out>
    <testcase name="Test died too soon, even before plan. (260)" classname="spec_perl_TestExprOpsParens_t" time="0.0524289608001709">
      <failure message="The test suite died before a plan was produced. You need to have a plan." type="Plan">No plan</failure>
    </testcase>
  </testsuite>
  <testsuite name="spec_perl_TestExprSizeofValue0_t" errors="0" failures="0" skipped="0" tests="5" time="0.0533769130706787">
    <system-out>1..5
ok 1 - Equals
ok 2 - Equals
ok 3 - Equals
ok 4 - Equals
ok 5 - Equals
</system-out>
    <testcase name="Equals (261)" classname="spec_perl_TestExprSizeofValue0_t" time="0.000271081924438477" />
    <testcase name="Equals (262)" classname="spec_perl_TestExprSizeofValue0_t" time="8.98838043212891e-05" />
    <testcase name="Equals (263)" classname="spec_perl_TestExprSizeofValue0_t" time="0.000164031982421875" />
    <testcase name="Equals (264)" classname="spec_perl_TestExprSizeofValue0_t" time="0.000149011611938477" />
    <testcase name="Equals (265)" classname="spec_perl_TestExprSizeofValue0_t" time="0.000155925750732422" />
  </testsuite>
  <testsuite name="spec_perl_TestEosExceptionU4_t" errors="0" failures="0" skipped="0" tests="1" time="0.0537800788879395">
    <system-out>1..1
ok 1 - Died
</system-out>
    <testcase name="Died (265)" classname="spec_perl_TestEosExceptionU4_t" time="0.000475883483886719" />
  </testsuite>
  <testsuite name="spec_perl_TestTermU1Val_t" errors="0" failures="0" skipped="0" tests="2" time="0.0572559833526611">
    <system-out>1..2
ok 1 - Equals
ok 2 - Equals
</system-out>
    <testcase name="Equals (266)" classname="spec_perl_TestTermU1Val_t" time="0.000344038009643555" />
    <testcase name="Equals (267)" classname="spec_perl_TestTermU1Val_t" time="9.98973846435547e-05" />
  </testsuite>
  <testsuite name="spec_perl_TestImportsCircularA_t" errors="0" failures="0" skipped="0" tests="5" time="0.0528960227966309">
    <system-out>1..5
ok 1 - Equals
ok 2 - Equals
ok 3 - Equals
ok 4 - Equals
ok 5 - nil
</system-out>
    <testcase name="Equals (268)" classname="spec_perl_TestImportsCircularA_t" time="0.000265836715698242" />
    <testcase name="Equals (269)" classname="spec_perl_TestImportsCircularA_t" time="0.000120162963867188" />
    <testcase name="Equals (270)" classname="spec_perl_TestImportsCircularA_t" time="0.000156879425048828" />
    <testcase name="Equals (271)" classname="spec_perl_TestImportsCircularA_t" time="0.000142097473144531" />
    <testcase name="nil (271)" classname="spec_perl_TestImportsCircularA_t" time="6.98566436767578e-05" />
  </testsuite>
  <testsuite name="spec_perl_TestStrPadTermEmpty_t" errors="0" failures="0" skipped="0" tests="4" time="0.0566320419311523">
    <system-out>1..4
ok 1 - Equals
ok 2 - Equals
ok 3 - Equals
ok 4 - Equals
</system-out>
    <testcase name="Equals (272)" classname="spec_perl_TestStrPadTermEmpty_t" time="0.00034785270690918" />
    <testcase name="Equals (273)" classname="spec_perl_TestStrPadTermEmpty_t" time="9.70363616943359e-05" />
    <testcase name="Equals (274)" classname="spec_perl_TestStrPadTermEmpty_t" time="0.000133991241455078" />
    <testcase name="Equals (275)" classname="spec_perl_TestStrPadTermEmpty_t" time="0.000149965286254883" />
  </testsuite>
  <testsuite name="spec_perl_TestMetaXref_t" errors="0" failures="0" skipped="1" tests="1" time="0.0537569522857666">
    <system-out>1..1
ok 1 # skip MetaXref=HASH(0x1bc64c0)
</system-out>
    <testcase name="Unnamed test case 275" classname="spec_perl_TestMetaXref_t" time="0.00141787528991699">
      <skipped message="ok 1 # skip MetaXref=HASH(0x1bc64c0)" />
    </testcase>
  </testsuite>
  <testsuite name="spec_perl_TestBytesPadTerm_t" errors="0" failures="0" skipped="0" tests="4" time="0.0526309013366699">
    <system-out>1..4
ok 1 - Equals
ok 2 - Equals
ok 3 - Equals
ok 4 - Equals
</system-out>
    <testcase name="Equals (276)" classname="spec_perl_TestBytesPadTerm_t" time="0.00026392936706543" />
    <testcase name="Equals (277)" classname="spec_perl_TestBytesPadTerm_t" time="9.58442687988281e-05" />
    <testcase name="Equals (278)" classname="spec_perl_TestBytesPadTerm_t" time="0.000132083892822266" />
    <testcase name="Equals (279)" classname="spec_perl_TestBytesPadTerm_t" time="0.000162124633789062" />
  </testsuite>
  <testsuite name="spec_perl_TestImportsRel1_t" errors="0" failures="0" skipped="0" tests="3" time="0.0527911186218262">
    <system-out>1..3
ok 1 - Equals
ok 2 - Equals
ok 3 - Equals
</system-out>
    <testcase name="Equals (280)" classname="spec_perl_TestImportsRel1_t" time="0.000247955322265625" />
    <testcase name="Equals (281)" classname="spec_perl_TestImportsRel1_t" time="8.89301300048828e-05" />
    <testcase name="Equals (282)" classname="spec_perl_TestImportsRel1_t" time="0.000154018402099609" />
  </testsuite>
  <testsuite name="spec_perl_TestNestedSameName2_t" errors="0" failures="0" skipped="0" tests="5" time="0.0530118942260742">
    <system-out>1..5
ok 1 - Equals
ok 2 - Equals
ok 3 - Equals
ok 4 - Equals
ok 5 - Equals
</system-out>
    <testcase name="Equals (283)" classname="spec_perl_TestNestedSameName2_t" time="0.000236034393310547" />
    <testcase name="Equals (284)" classname="spec_perl_TestNestedSameName2_t" time="8.0108642578125e-05" />
    <testcase name="Equals (285)" classname="spec_perl_TestNestedSameName2_t" time="0.00011897087097168" />
    <testcase name="Equals (286)" classname="spec_perl_TestNestedSameName2_t" time="0.000164031982421875" />
    <testcase name="Equals (287)" classname="spec_perl_TestNestedSameName2_t" time="0.000145912170410156" />
  </testsuite>
  <testsuite name="spec_perl_TestValidLong_t" errors="0" failures="0" skipped="1" tests="1" time="0.0567519664764404">
    <system-out>1..1
ok 1 # skip ValidLong=HASH(0xf3c970)
</system-out>
    <testcase name="Unnamed test case 287" classname="spec_perl_TestValidLong_t" time="0.00149989128112793">
      <skipped message="ok 1 # skip ValidLong=HASH(0xf3c970)" />
    </testcase>
  </testsuite>
  <testsuite name="spec_perl_TestEnumLongRangeU_t" errors="0" failures="0" skipped="0" tests="4" time="0.0531549453735352">
    <system-out>1..4
ok 1 - Equals
ok 2 - Equals
ok 3 - Equals
ok 4 - Equals
</system-out>
    <testcase name="Equals (288)" classname="spec_perl_TestEnumLongRangeU_t" time="0.00033116340637207" />
    <testcase name="Equals (289)" classname="spec_perl_TestEnumLongRangeU_t" time="0.000102996826171875" />
    <testcase name="Equals (290)" classname="spec_perl_TestEnumLongRangeU_t" time="0.000242948532104492" />
    <testcase name="Equals (291)" classname="spec_perl_TestEnumLongRangeU_t" time="0.000182867050170898" />
  </testsuite>
  <testsuite name="spec_perl_TestEnumLongRangeS_t" errors="0" failures="0" skipped="0" tests="7" time="0.053225040435791">
    <system-out>1..7
ok 1 - Equals
ok 2 - Equals
ok 3 - Equals
ok 4 - Equals
ok 5 - Equals
ok 6 - Equals
ok 7 - Equals
</system-out>
    <testcase name="Equals (292)" classname="spec_perl_TestEnumLongRangeS_t" time="0.000253915786743164" />
    <testcase name="Equals (293)" classname="spec_perl_TestEnumLongRangeS_t" time="0.000108957290649414" />
    <testcase name="Equals (294)" classname="spec_perl_TestEnumLongRangeS_t" time="0.000158071517944336" />
    <testcase name="Equals (295)" classname="spec_perl_TestEnumLongRangeS_t" time="0.000152111053466797" />
    <testcase name="Equals (296)" classname="spec_perl_TestEnumLongRangeS_t" time="0.000149965286254883" />
    <testcase name="Equals (297)" classname="spec_perl_TestEnumLongRangeS_t" time="0.000155925750732422" />
    <testcase name="Equals (298)" classname="spec_perl_TestEnumLongRangeS_t" time="0.000162124633789062" />
  </testsuite>
  <testsuite name="spec_perl_TestIoLocalVar_t" errors="0" failures="0" skipped="0" tests="2" time="0.0528688430786133">
    <system-out>1..2
ok 1 - Equals
ok 2 - Equals
</system-out>
    <testcase name="Equals (299)" classname="spec_perl_TestIoLocalVar_t" time="0.000553131103515625" />
    <testcase name="Equals (300)" classname="spec_perl_TestIoLocalVar_t" time="0.000108003616333008" />
  </testsuite>
  <testsuite name="spec_perl_TestEnumNegative_t" errors="0" failures="0" skipped="0" tests="2" time="0.052901029586792">
    <system-out>1..2
ok 1 - Equals
ok 2 - Equals
</system-out>
    <testcase name="Equals (301)" classname="spec_perl_TestEnumNegative_t" time="0.000218868255615234" />
    <testcase name="Equals (302)" classname="spec_perl_TestEnumNegative_t" time="0.000103950500488281" />
  </testsuite>
  <testsuite name="spec_perl_TestNavParentFalse_t" errors="0" failures="0" skipped="0" tests="5" time="0.0540111064910889">
    <system-out>1..5
ok 1 - Equals
ok 2 - Equals
ok 3 - Equals
ok 4 - Equals
ok 5 - Equals
</system-out>
    <testcase name="Equals (303)" classname="spec_perl_TestNavParentFalse_t" time="0.00031280517578125" />
    <testcase name="Equals (304)" classname="spec_perl_TestNavParentFalse_t" time="9.20295715332031e-05" />
    <testcase name="Equals (305)" classname="spec_perl_TestNavParentFalse_t" time="0.000147104263305664" />
    <testcase name="Equals (306)" classname="spec_perl_TestNavParentFalse_t" time="0.000169992446899414" />
    <testcase name="Equals (307)" classname="spec_perl_TestNavParentFalse_t" time="0.000133991241455078" />
  </testsuite>
  <testsuite name="spec_perl_TestDefaultEndianExprInherited_t" errors="0" failures="0" skipped="0" tests="15" time="0.055333137512207">
    <system-out>1..15
ok 1 - Equals
ok 2 - Equals
ok 3 - Equals
ok 4 - Equals
ok 5 - Equals
ok 6 - Equals
ok 7 - Equals
ok 8 - Equals
ok 9 - Equals
ok 10 - Equals
ok 11 - Equals
ok 12 - Equals
ok 13 - Equals
ok 14 - Equals
ok 15 - Equals
</system-out>
    <testcase name="Equals (308)" classname="spec_perl_TestDefaultEndianExprInherited_t" time="0.000355958938598633" />
    <testcase name="Equals (309)" classname="spec_perl_TestDefaultEndianExprInherited_t" time="9.79900360107422e-05" />
    <testcase name="Equals (310)" classname="spec_perl_TestDefaultEndianExprInherited_t" time="0.000123023986816406" />
    <testcase name="Equals (311)" classname="spec_perl_TestDefaultEndianExprInherited_t" time="0.000164031982421875" />
    <testcase name="Equals (312)" classname="spec_perl_TestDefaultEndianExprInherited_t" time="0.000171899795532227" />
    <testcase name="Equals (313)" classname="spec_perl_TestDefaultEndianExprInherited_t" time="0.000136137008666992" />
    <testcase name="Equals (314)" classname="spec_perl_TestDefaultEndianExprInherited_t" time="0.000164031982421875" />
    <testcase name="Equals (315)" classname="spec_perl_TestDefaultEndianExprInherited_t" time="0.000165939331054688" />
    <testcase name="Equals (316)" classname="spec_perl_TestDefaultEndianExprInherited_t" time="0.000138044357299805" />
    <testcase name="Equals (317)" classname="spec_perl_TestDefaultEndianExprInherited_t" time="0.000185012817382812" />
    <testcase name="Equals (318)" classname="spec_perl_TestDefaultEndianExprInherited_t" time="0.000257968902587891" />
    <testcase name="Equals (319)" classname="spec_perl_TestDefaultEndianExprInherited_t" time="8.20159912109375e-05" />
    <testcase name="Equals (320)" classname="spec_perl_TestDefaultEndianExprInherited_t" time="0.000119924545288086" />
    <testcase name="Equals (321)" classname="spec_perl_TestDefaultEndianExprInherited_t" time="0.00018000602722168" />
    <testcase name="Equals (322)" classname="spec_perl_TestDefaultEndianExprInherited_t" time="0.000181913375854492" />
  </testsuite>
  <testsuite name="spec_perl_TestRepeatEosStruct_t" errors="0" failures="0" skipped="0" tests="5" time="0.0530698299407959">
    <system-out>1..5
ok 1 - Equals
ok 2 - Equals
ok 3 - Equals
ok 4 - Equals
ok 5 - Equals
</system-out>
    <testcase name="Equals (323)" classname="spec_perl_TestRepeatEosStruct_t" time="0.000267982482910156" />
    <testcase name="Equals (324)" classname="spec_perl_TestRepeatEosStruct_t" time="0.000105142593383789" />
    <testcase name="Equals (325)" classname="spec_perl_TestRepeatEosStruct_t" time="0.000152826309204102" />
    <testcase name="Equals (326)" classname="spec_perl_TestRepeatEosStruct_t" time="0.000149965286254883" />
    <testcase name="Equals (327)" classname="spec_perl_TestRepeatEosStruct_t" time="0.000153064727783203" />
  </testsuite>
  <testsuite name="spec_perl_TestSwitchManualStrElse_t" errors="0" failures="0" skipped="0" tests="9" time="0.0575070381164551">
    <system-out>1..9
ok 1 - Equals
ok 2 - Equals
ok 3 - Equals
ok 4 - Equals
ok 5 - Equals
ok 6 - Equals
ok 7 - Equals
ok 8 - Equals
ok 9 - Equals
</system-out>
    <testcase name="Equals (328)" classname="spec_perl_TestSwitchManualStrElse_t" time="0.000374078750610352" />
    <testcase name="Equals (329)" classname="spec_perl_TestSwitchManualStrElse_t" time="0.000114917755126953" />
    <testcase name="Equals (330)" classname="spec_perl_TestSwitchManualStrElse_t" time="6.81877136230469e-05" />
    <testcase name="Equals (331)" classname="spec_perl_TestSwitchManualStrElse_t" time="0.000188827514648438" />
    <testcase name="Equals (332)" classname="spec_perl_TestSwitchManualStrElse_t" time="0.000130176544189453" />
    <testcase name="Equals (333)" classname="spec_perl_TestSwitchManualStrElse_t" time="0.000181913375854492" />
    <testcase name="Equals (334)" classname="spec_perl_TestSwitchManualStrElse_t" time="0.000133037567138672" />
    <testcase name="Equals (335)" classname="spec_perl_TestSwitchManualStrElse_t" time="0.000169038772583008" />
    <testcase name="Equals (336)" classname="spec_perl_TestSwitchManualStrElse_t" time="0.00014495849609375" />
  </testsuite>
  <testsuite name="spec_perl_TestEnumIntRangeS_t" errors="0" failures="0" skipped="0" tests="3" time="0.0530910491943359">
    <system-out>1..3
ok 1 - Equals
ok 2 - Equals
ok 3 - Equals
</system-out>
    <testcase name="Equals (337)" classname="spec_perl_TestEnumIntRangeS_t" time="0.000247001647949219" />
    <testcase name="Equals (338)" classname="spec_perl_TestEnumIntRangeS_t" time="8.60691070556641e-05" />
    <testcase name="Equals (339)" classname="spec_perl_TestEnumIntRangeS_t" time="0.000185966491699219" />
  </testsuite>
  <testsuite name="spec_perl_TestBitsUnalignedB32Le_t" errors="0" failures="0" skipped="0" tests="3" time="0.0528650283813477">
    <system-out>1..3
ok 1 - Equals
ok 2 - Equals
ok 3 - Equals
</system-out>
    <testcase name="Equals (340)" classname="spec_perl_TestBitsUnalignedB32Le_t" time="0.000260829925537109" />
    <testcase name="Equals (341)" classname="spec_perl_TestBitsUnalignedB32Le_t" time="8.79764556884766e-05" />
    <testcase name="Equals (342)" classname="spec_perl_TestBitsUnalignedB32Le_t" time="0.00016021728515625" />
  </testsuite>
  <testsuite name="spec_perl_TestEnumIf_t" errors="0" failures="0" skipped="0" tests="7" time="0.0575680732727051">
    <system-out>1..7
ok 1 - Equals
ok 2 - Equals
ok 3 - Equals
ok 4 - Equals
ok 5 - Equals
ok 6 - Equals
ok 7 - Equals
</system-out>
    <testcase name="Equals (343)" classname="spec_perl_TestEnumIf_t" time="0.00038909912109375" />
    <testcase name="Equals (344)" classname="spec_perl_TestEnumIf_t" time="0.000105857849121094" />
    <testcase name="Equals (345)" classname="spec_perl_TestEnumIf_t" time="0.000139951705932617" />
    <testcase name="Equals (346)" classname="spec_perl_TestEnumIf_t" time="0.00018000602722168" />
    <testcase name="Equals (347)" classname="spec_perl_TestEnumIf_t" time="0.000154972076416016" />
    <testcase name="Equals (348)" classname="spec_perl_TestEnumIf_t" time="0.000166177749633789" />
    <testcase name="Equals (349)" classname="spec_perl_TestEnumIf_t" time="0.000139951705932617" />
  </testsuite>
  <testsuite name="spec_perl_TestBitsByteAligned_t" errors="0" failures="0" skipped="0" tests="9" time="0.0538859367370605">
    <system-out>1..9
ok 1 - Equals
ok 2 - Equals
ok 3 - Equals
ok 4 - Equals
ok 5 - Equals
ok 6 - Equals
ok 7 - Equals
ok 8 - Equals
ok 9 - Equals
</system-out>
    <testcase name="Equals (350)" classname="spec_perl_TestBitsByteAligned_t" time="0.000272989273071289" />
    <testcase name="Equals (351)" classname="spec_perl_TestBitsByteAligned_t" time="8.98838043212891e-05" />
    <testcase name="Equals (352)" classname="spec_perl_TestBitsByteAligned_t" time="0.000156164169311523" />
    <testcase name="Equals (353)" classname="spec_perl_TestBitsByteAligned_t" time="0.000115871429443359" />
    <testcase name="Equals (354)" classname="spec_perl_TestBitsByteAligned_t" time="0.000168085098266602" />
    <testcase name="Equals (355)" classname="spec_perl_TestBitsByteAligned_t" time="0.000130891799926758" />
    <testcase name="Equals (356)" classname="spec_perl_TestBitsByteAligned_t" time="0.000160932540893555" />
    <testcase name="Equals (357)" classname="spec_perl_TestBitsByteAligned_t" time="0.000155210494995117" />
    <testcase name="Equals (358)" classname="spec_perl_TestBitsByteAligned_t" time="0.000153779983520508" />
  </testsuite>
  <testsuite name="spec_perl_TestDebug0_t" errors="0" failures="0" skipped="1" tests="1" time="0.0521118640899658">
    <system-out>1..1
ok 1 # skip test_debug_0
</system-out>
    <testcase name="Unnamed test case 358" classname="spec_perl_TestDebug0_t" time="0.000278949737548828">
      <skipped message="ok 1 # skip test_debug_0" />
    </testcase>
  </testsuite>
  <testsuite name="spec_perl_TestExpr2_t" errors="0" failures="0" skipped="0" tests="17" time="0.0594158172607422">
    <system-out>1..17
ok 1 - Equals
ok 2 - Equals
ok 3 - Equals
ok 4 - Equals
ok 5 - Equals
ok 6 - Equals
ok 7 - Equals
ok 8 - Equals
ok 9 - Equals
ok 10 - Equals
ok 11 - Equals
ok 12 - Equals
ok 13 - Equals
ok 14 - Equals
ok 15 - Equals
ok 16 - Equals
ok 17 - Equals
</system-out>
    <testcase name="Equals (359)" classname="spec_perl_TestExpr2_t" time="0.000622034072875977" />
    <testcase name="Equals (360)" classname="spec_perl_TestExpr2_t" time="0.00010991096496582" />
    <testcase name="Equals (361)" classname="spec_perl_TestExpr2_t" time="6.38961791992188e-05" />
    <testcase name="Equals (362)" classname="spec_perl_TestExpr2_t" time="0.000166177749633789" />
    <testcase name="Equals (363)" classname="spec_perl_TestExpr2_t" time="0.00014495849609375" />
    <testcase name="Equals (364)" classname="spec_perl_TestExpr2_t" time="0.000169038772583008" />
    <testcase name="Equals (365)" classname="spec_perl_TestExpr2_t" time="0.000159025192260742" />
    <testcase name="Equals (366)" classname="spec_perl_TestExpr2_t" time="0.000195026397705078" />
    <testcase name="Equals (367)" classname="spec_perl_TestExpr2_t" time="0.000174999237060547" />
    <testcase name="Equals (368)" classname="spec_perl_TestExpr2_t" time="0.000136852264404297" />
    <testcase name="Equals (369)" classname="spec_perl_TestExpr2_t" time="0.000194072723388672" />
    <testcase name="Equals (370)" classname="spec_perl_TestExpr2_t" time="0.000160932540893555" />
    <testcase name="Equals (371)" classname="spec_perl_TestExpr2_t" time="0.000177145004272461" />
    <testcase name="Equals (372)" classname="spec_perl_TestExpr2_t" time="0.000183820724487305" />
    <testcase name="Equals (373)" classname="spec_perl_TestExpr2_t" time="0.000138044357299805" />
    <testcase name="Equals (374)" classname="spec_perl_TestExpr2_t" time="0.000167131423950195" />
    <testcase name="Equals (375)" classname="spec_perl_TestExpr2_t" time="0.000149965286254883" />
  </testsuite>
  <testsuite name="spec_perl_TestFixedStruct_t" errors="0" failures="0" skipped="0" tests="20" time="0.0556519031524658">
    <system-out>1..20
ok 1 - Equals
ok 2 - Equals
ok 3 - Equals
ok 4 - Equals
ok 5 - Equals
ok 6 - Equals
ok 7 - Equals
ok 8 - Equals
ok 9 - Equals
ok 10 - Equals
ok 11 - Equals
ok 12 - Equals
ok 13 - Equals
ok 14 - Equals
ok 15 - Equals
ok 16 - Equals
ok 17 - Equals
ok 18 - Equals
ok 19 - Equals
ok 20 - Equals
</system-out>
    <testcase name="Equals (376)" classname="spec_perl_TestFixedStruct_t" time="0.000310897827148438" />
    <testcase name="Equals (377)" classname="spec_perl_TestFixedStruct_t" time="9.20295715332031e-05" />
    <testcase name="Equals (378)" classname="spec_perl_TestFixedStruct_t" time="9.89437103271484e-05" />
    <testcase name="Equals (379)" classname="spec_perl_TestFixedStruct_t" time="0.000179052352905273" />
    <testcase name="Equals (380)" classname="spec_perl_TestFixedStruct_t" time="0.000165939331054688" />
    <testcase name="Equals (381)" classname="spec_perl_TestFixedStruct_t" time="0.000149011611938477" />
    <testcase name="Equals (382)" classname="spec_perl_TestFixedStruct_t" time="0.00015711784362793" />
    <testcase name="Equals (383)" classname="spec_perl_TestFixedStruct_t" time="0.000152826309204102" />
    <testcase name="Equals (384)" classname="spec_perl_TestFixedStruct_t" time="0.000153064727783203" />
    <testcase name="Equals (385)" classname="spec_perl_TestFixedStruct_t" time="0.000154018402099609" />
    <testcase name="Equals (386)" classname="spec_perl_TestFixedStruct_t" time="0.000165939331054688" />
    <testcase name="Equals (387)" classname="spec_perl_TestFixedStruct_t" time="0.000133991241455078" />
    <testcase name="Equals (388)" classname="spec_perl_TestFixedStruct_t" time="0.000163078308105469" />
    <testcase name="Equals (389)" classname="spec_perl_TestFixedStruct_t" time="0.000164031982421875" />
    <testcase name="Equals (390)" classname="spec_perl_TestFixedStruct_t" time="0.000129938125610352" />
    <testcase name="Equals (391)" classname="spec_perl_TestFixedStruct_t" time="0.000163078308105469" />
    <testcase name="Equals (392)" classname="spec_perl_TestFixedStruct_t" time="0.000176906585693359" />
    <testcase name="Equals (393)" classname="spec_perl_TestFixedStruct_t" time="0.000155925750732422" />
    <testcase name="Equals (394)" classname="spec_perl_TestFixedStruct_t" time="0.000154018402099609" />
    <testcase name="Equals (395)" classname="spec_perl_TestFixedStruct_t" time="0.00016021728515625" />
  </testsuite>
  <testsuite name="spec_perl_TestExprIntDiv_t" errors="0" failures="2" skipped="0" tests="6" time="0.0562520027160645">
    <system-out>1..6
ok 1 - Equals
ok 2 - Equals
ok 3 - Equals
not ok 4 - Equals
ok 5 - Equals
not ok 6 - Equals
</system-out>
    <testcase name="Equals (396)" classname="spec_perl_TestExprIntDiv_t" time="0.000245094299316406" />
    <testcase name="Equals (397)" classname="spec_perl_TestExprIntDiv_t" time="0.000108003616333008" />
    <testcase name="Equals (398)" classname="spec_perl_TestExprIntDiv_t" time="0.00014495849609375" />
    <testcase name="Equals (399)" classname="spec_perl_TestExprIntDiv_t" time="0.000223159790039062">
      <failure message="not ok 4 - Equals" type="TAP::Parser::Result::Test"></failure>
    </testcase>
    <testcase name="Equals (400)" classname="spec_perl_TestExprIntDiv_t" time="0.00303888320922852" />
    <testcase name="Equals (401)" classname="spec_perl_TestExprIntDiv_t" time="6.89029693603516e-05">
      <failure message="not ok 6 - Equals" type="TAP::Parser::Result::Test"></failure>
    </testcase>
  </testsuite>
  <testsuite name="spec_perl_TestOpaqueExternalType02Parent_t" errors="0" failures="0" skipped="0" tests="3" time="0.056257963180542">
    <system-out>1..3
ok 1 - Equals
ok 2 - Equals
ok 3 - Equals
</system-out>
    <testcase name="Equals (402)" classname="spec_perl_TestOpaqueExternalType02Parent_t" time="0.000371217727661133" />
    <testcase name="Equals (403)" classname="spec_perl_TestOpaqueExternalType02Parent_t" time="0.000101804733276367" />
    <testcase name="Equals (404)" classname="spec_perl_TestOpaqueExternalType02Parent_t" time="0.000140190124511719" />
  </testsuite>
  <testsuite name="spec_perl_TestIntegers_t" errors="0" failures="0" skipped="0" tests="20" time="0.0555269718170166">
    <system-out>1..20
ok 1 - Equals
ok 2 - Equals
ok 3 - Equals
ok 4 - Equals
ok 5 - Equals
ok 6 - Equals
ok 7 - Equals
ok 8 - Equals
ok 9 - Equals
ok 10 - Equals
ok 11 - Equals
ok 12 - Equals
ok 13 - Equals
ok 14 - Equals
ok 15 - Equals
ok 16 - Equals
ok 17 - Equals
ok 18 - Equals
ok 19 - Equals
ok 20 - Equals
</system-out>
    <testcase name="Equals (405)" classname="spec_perl_TestIntegers_t" time="0.000277996063232422" />
    <testcase name="Equals (406)" classname="spec_perl_TestIntegers_t" time="9.39369201660156e-05" />
    <testcase name="Equals (407)" classname="spec_perl_TestIntegers_t" time="0.000151157379150391" />
    <testcase name="Equals (408)" classname="spec_perl_TestIntegers_t" time="0.000161886215209961" />
    <testcase name="Equals (409)" classname="spec_perl_TestIntegers_t" time="0.000128984451293945" />
    <testcase name="Equals (410)" classname="spec_perl_TestIntegers_t" time="0.000174045562744141" />
    <testcase name="Equals (411)" classname="spec_perl_TestIntegers_t" time="0.000128030776977539" />
    <testcase name="Equals (412)" classname="spec_perl_TestIntegers_t" time="0.000163078308105469" />
    <testcase name="Equals (413)" classname="spec_perl_TestIntegers_t" time="0.000156879425048828" />
    <testcase name="Equals (414)" classname="spec_perl_TestIntegers_t" time="0.000160932540893555" />
    <testcase name="Equals (415)" classname="spec_perl_TestIntegers_t" time="0.00014805793762207" />
    <testcase name="Equals (416)" classname="spec_perl_TestIntegers_t" time="0.000158071517944336" />
    <testcase name="Equals (417)" classname="spec_perl_TestIntegers_t" time="0.000154972076416016" />
    <testcase name="Equals (418)" classname="spec_perl_TestIntegers_t" time="0.000159025192260742" />
    <testcase name="Equals (419)" classname="spec_perl_TestIntegers_t" time="0.000140905380249023" />
    <testcase name="Equals (420)" classname="spec_perl_TestIntegers_t" time="0.000164985656738281" />
    <testcase name="Equals (421)" classname="spec_perl_TestIntegers_t" time="0.000158071517944336" />
    <testcase name="Equals (422)" classname="spec_perl_TestIntegers_t" time="0.000143051147460938" />
    <testcase name="Equals (423)" classname="spec_perl_TestIntegers_t" time="0.000159978866577148" />
    <testcase name="Equals (424)" classname="spec_perl_TestIntegers_t" time="0.000133991241455078" />
  </testsuite>
  <testsuite name="spec_perl_TestBitsUnalignedB64Le_t" errors="0" failures="0" skipped="0" tests="3" time="0.0527667999267578">
    <system-out>1..3
ok 1 - Equals
ok 2 - Equals
ok 3 - Equals
</system-out>
    <testcase name="Equals (425)" classname="spec_perl_TestBitsUnalignedB64Le_t" time="0.00026702880859375" />
    <testcase name="Equals (426)" classname="spec_perl_TestBitsUnalignedB64Le_t" time="8.60691070556641e-05" />
    <testcase name="Equals (427)" classname="spec_perl_TestBitsUnalignedB64Le_t" time="0.000173091888427734" />
  </testsuite>
  <testsuite name="spec_perl_TestDebugSwitchUser_t" errors="1" failures="0" skipped="0" tests="0" time="0.0568561553955078">
    <system-out></system-out>
    <testcase name="Test died too soon, even before plan. (427)" classname="spec_perl_TestDebugSwitchUser_t" time="0.0568561553955078">
      <failure message="The test suite died before a plan was produced. You need to have a plan." type="Plan">No plan</failure>
    </testcase>
  </testsuite>
  <testsuite name="spec_perl_TestNavParentSwitchCast_t" errors="0" failures="0" skipped="0" tests="3" time="0.0559158325195312">
    <system-out>1..3
ok 1 - Equals
ok 2 - Equals
ok 3 - Equals
</system-out>
    <testcase name="Equals (428)" classname="spec_perl_TestNavParentSwitchCast_t" time="0.000576972961425781" />
    <testcase name="Equals (429)" classname="spec_perl_TestNavParentSwitchCast_t" time="0.000108003616333008" />
    <testcase name="Equals (430)" classname="spec_perl_TestNavParentSwitchCast_t" time="0.000220060348510742" />
  </testsuite>
  <testsuite name="spec_perl_TestSwitchManualIntSize_t" errors="0" failures="0" skipped="0" tests="10" time="0.0585927963256836">
    <system-out>1..10
ok 1 - Equals
ok 2 - Equals
ok 3 - Equals
ok 4 - Equals
ok 5 - Equals
ok 6 - Equals
ok 7 - Equals
ok 8 - Equals
ok 9 - Equals
ok 10 - Equals
</system-out>
    <testcase name="Equals (431)" classname="spec_perl_TestSwitchManualIntSize_t" time="0.000705957412719727" />
    <testcase name="Equals (432)" classname="spec_perl_TestSwitchManualIntSize_t" time="0.000112056732177734" />
    <testcase name="Equals (433)" classname="spec_perl_TestSwitchManualIntSize_t" time="6.60419464111328e-05" />
    <testcase name="Equals (434)" classname="spec_perl_TestSwitchManualIntSize_t" time="0.000173091888427734" />
    <testcase name="Equals (435)" classname="spec_perl_TestSwitchManualIntSize_t" time="0.000149011611938477" />
    <testcase name="Equals (436)" classname="spec_perl_TestSwitchManualIntSize_t" time="0.000187873840332031" />
    <testcase name="Equals (437)" classname="spec_perl_TestSwitchManualIntSize_t" time="0.000139951705932617" />
    <testcase name="Equals (438)" classname="spec_perl_TestSwitchManualIntSize_t" time="0.000169992446899414" />
    <testcase name="Equals (439)" classname="spec_perl_TestSwitchManualIntSize_t" time="0.000169992446899414" />
    <testcase name="Equals (440)" classname="spec_perl_TestSwitchManualIntSize_t" time="0.000147104263305664" />
  </testsuite>
  <testsuite name="spec_perl_TestProcessXor4Const_t" errors="0" failures="0" skipped="0" tests="2" time="0.0531821250915527">
    <system-out>1..2
ok 1 - Equals
ok 2 - Equals
</system-out>
    <testcase name="Equals (441)" classname="spec_perl_TestProcessXor4Const_t" time="0.000279903411865234" />
    <testcase name="Equals (442)" classname="spec_perl_TestProcessXor4Const_t" time="8.91685485839844e-05" />
  </testsuite>
  <testsuite name="spec_perl_TestCombineBytes_t" errors="0" failures="0" skipped="0" tests="10" time="0.0536649227142334">
    <system-out>1..10
ok 1 - Equals
ok 2 - Equals
ok 3 - Equals
ok 4 - Equals
ok 5 - Equals
ok 6 - Equals
ok 7 - Equals
ok 8 - Equals
ok 9 - Equals
ok 10 - Equals
</system-out>
    <testcase name="Equals (443)" classname="spec_perl_TestCombineBytes_t" time="0.000277042388916016" />
    <testcase name="Equals (444)" classname="spec_perl_TestCombineBytes_t" time="9.29832458496094e-05" />
    <testcase name="Equals (445)" classname="spec_perl_TestCombineBytes_t" time="0.000149011611938477" />
    <testcase name="Equals (446)" classname="spec_perl_TestCombineBytes_t" time="0.000155925750732422" />
    <testcase name="Equals (447)" classname="spec_perl_TestCombineBytes_t" time="0.000179052352905273" />
    <testcase name="Equals (448)" classname="spec_perl_TestCombineBytes_t" time="0.000149965286254883" />
    <testcase name="Equals (449)" classname="spec_perl_TestCombineBytes_t" time="0.000164985656738281" />
    <testcase name="Equals (450)" classname="spec_perl_TestCombineBytes_t" time="0.000169992446899414" />
    <testcase name="Equals (451)" classname="spec_perl_TestCombineBytes_t" time="0.000138044357299805" />
    <testcase name="Equals (452)" classname="spec_perl_TestCombineBytes_t" time="0.000164985656738281" />
  </testsuite>
  <testsuite name="spec_perl_TestRepeatUntilSized_t" errors="0" failures="0" skipped="0" tests="7" time="0.0541810989379883">
    <system-out>1..7
ok 1 - Equals
ok 2 - Equals
ok 3 - Equals
ok 4 - Equals
ok 5 - Equals
ok 6 - Equals
ok 7 - Equals
</system-out>
    <testcase name="Equals (453)" classname="spec_perl_TestRepeatUntilSized_t" time="0.000573873519897461" />
    <testcase name="Equals (454)" classname="spec_perl_TestRepeatUntilSized_t" time="0.000123977661132812" />
    <testcase name="Equals (455)" classname="spec_perl_TestRepeatUntilSized_t" time="7.00950622558594e-05" />
    <testcase name="Equals (456)" classname="spec_perl_TestRepeatUntilSized_t" time="0.000133991241455078" />
    <testcase name="Equals (457)" classname="spec_perl_TestRepeatUntilSized_t" time="0.000154018402099609" />
    <testcase name="Equals (458)" classname="spec_perl_TestRepeatUntilSized_t" time="0.000150918960571289" />
    <testcase name="Equals (459)" classname="spec_perl_TestRepeatUntilSized_t" time="0.000164985656738281" />
  </testsuite>
  <testsuite name="spec_perl_TestIfValues_t" errors="0" failures="0" skipped="0" tests="6" time="0.0534780025482178">
    <system-out>1..6
ok 1 - Equals
ok 2 - Equals
ok 3 - Equals
ok 4 - nil
ok 5 - Equals
ok 6 - nil
</system-out>
    <testcase name="Equals (460)" classname="spec_perl_TestIfValues_t" time="0.000268936157226562" />
    <testcase name="Equals (461)" classname="spec_perl_TestIfValues_t" time="0.000101089477539062" />
    <testcase name="Equals (462)" classname="spec_perl_TestIfValues_t" time="0.000152826309204102" />
    <testcase name="nil (462)" classname="spec_perl_TestIfValues_t" time="6.91413879394531e-05" />
    <testcase name="Equals (463)" classname="spec_perl_TestIfValues_t" time="0.000145912170410156" />
    <testcase name="nil (463)" classname="spec_perl_TestIfValues_t" time="6.60419464111328e-05" />
  </testsuite>
  <testsuite name="spec_perl_TestEnumToIClassBorder1_t" errors="0" failures="1" skipped="0" tests="3" time="0.0565578937530518">
    <system-out>1..3
ok 1 - Equals
ok 2 - Equals
not ok 3 - test_enum_to_i_class_border_1 died (Can't call method &quot;some_dog&quot; on an undefined value at compiled/perl/EnumToIClassBorder2.pm line 42.)
</system-out>
    <testcase name="Equals (464)" classname="spec_perl_TestEnumToIClassBorder1_t" time="0.000236988067626953" />
    <testcase name="Equals (465)" classname="spec_perl_TestEnumToIClassBorder1_t" time="0.000118017196655273" />
    <testcase name="test_enum_to_i_class_border_1 died (Can't call method &quot;some_dog&quot; on an undefined value at compiled/perl/EnumToIClassBorder2.pm line 42.) (465)" classname="spec_perl_TestEnumToIClassBorder1_t" time="0.000299930572509766">
      <failure message="not ok 3 - test_enum_to_i_class_border_1 died (Can't call method &quot;some_dog&quot; on an undefined value at compiled/perl/EnumToIClassBorder2.pm line 42.)" type="TAP::Parser::Result::Test"></failure>
    </testcase>
  </testsuite>
  <testsuite name="spec_perl_TestExprBytesOps_t" errors="1" failures="0" skipped="0" tests="0" time="0.0556240081787109">
    <system-out></system-out>
    <testcase name="Test died too soon, even before plan. (465)" classname="spec_perl_TestExprBytesOps_t" time="0.0556240081787109">
[...]
    <testcase name="test_type_ternary_2nd_falsy died (Can't use an undefined value as an ARRAY reference at spec/perl/TestTypeTernary2ndFalsy.t line 26.) (843)" classname="spec_perl_TestTypeTernary2ndFalsy_t" time="0.000288009643554688">
      <failure message="not ok 13 - test_type_ternary_2nd_falsy died (Can't use an undefined value as an ARRAY reference at spec/perl/TestTypeTernary2ndFalsy.t line 26.)" type="TAP::Parser::Result::Test"></failure>
    </testcase>
  </testsuite>
  <testsuite name="spec_perl_TestEnumImport_t" errors="0" failures="2" skipped="0" tests="2" time="0.0610110759735107">
    <system-out>1..2
not ok 1 - Equals
not ok 2 - Equals
</system-out>
    <testcase name="Equals (844)" classname="spec_perl_TestEnumImport_t" time="0.000545978546142578">
      <failure message="not ok 1 - Equals" type="TAP::Parser::Result::Test"></failure>
    </testcase>
    <testcase name="Equals (845)" classname="spec_perl_TestEnumImport_t" time="0.00196695327758789">
      <failure message="not ok 2 - Equals" type="TAP::Parser::Result::Test"></failure>
    </testcase>
  </testsuite>
  <testsuite name="spec_perl_TestProcessRotate_t" errors="0" failures="0" skipped="0" tests="3" time="0.0532770156860352">
    <system-out>1..3
ok 1 - Equals
ok 2 - Equals
ok 3 - Equals
</system-out>
    <testcase name="Equals (846)" classname="spec_perl_TestProcessRotate_t" time="0.000313043594360352" />
    <testcase name="Equals (847)" classname="spec_perl_TestProcessRotate_t" time="0.000121116638183594" />
    <testcase name="Equals (848)" classname="spec_perl_TestProcessRotate_t" time="0.000125885009765625" />
  </testsuite>
  <testsuite name="spec_perl_TestParamsPassArrayStruct_t" errors="0" failures="1" skipped="2" tests="3" time="0.055819034576416">
    <system-out>1..3
not ok 1 - test_params_pass_array_struct died (Can't use an undefined value as an ARRAY reference at spec/perl/TestParamsPassArrayStruct.t line 14.)
ok 2 # skip test_params_pass_array_struct died
ok 3 # skip test_params_pass_array_struct died
</system-out>
    <testcase name="test_params_pass_array_struct died (Can't use an undefined value as an ARRAY reference at spec/perl/TestParamsPassArrayStruct.t line 14.) (848)" classname="spec_perl_TestParamsPassArrayStruct_t" time="0.000325918197631836">
      <failure message="not ok 1 - test_params_pass_array_struct died (Can't use an undefined value as an ARRAY reference at spec/perl/TestParamsPassArrayStruct.t line 14.)" type="TAP::Parser::Result::Test"></failure>
    </testcase>
    <testcase name="Unnamed test case 848" classname="spec_perl_TestParamsPassArrayStruct_t" time="0.000494956970214844">
      <skipped message="ok 2 # skip test_params_pass_array_struct died" />
    </testcase>
    <testcase name="Unnamed test case 849" classname="spec_perl_TestParamsPassArrayStruct_t" time="0.000360012054443359">
      <skipped message="ok 3 # skip test_params_pass_array_struct died" />
    </testcase>
  </testsuite>
  <testsuite name="spec_perl_TestEnumDeepLiterals_t" errors="0" failures="0" skipped="0" tests="2" time="0.0537750720977783">
    <system-out>1..2
ok 1 - Equals
ok 2 - Equals
</system-out>
    <testcase name="Equals (849)" classname="spec_perl_TestEnumDeepLiterals_t" time="0.000182867050170898" />
    <testcase name="Equals (850)" classname="spec_perl_TestEnumDeepLiterals_t" time="0.000131130218505859" />
  </testsuite>
  <testsuite name="spec_perl_TestProcessCoerceBytes_t" errors="0" failures="0" skipped="0" tests="4" time="0.0528779029846191">
    <system-out>1..4
ok 1 - Equals
ok 2 - Equals
ok 3 - Equals
ok 4 - Equals
</system-out>
    <testcase name="Equals (851)" classname="spec_perl_TestProcessCoerceBytes_t" time="0.000284910202026367" />
    <testcase name="Equals (852)" classname="spec_perl_TestProcessCoerceBytes_t" time="9.29832458496094e-05" />
    <testcase name="Equals (853)" classname="spec_perl_TestProcessCoerceBytes_t" time="0.000163078308105469" />
    <testcase name="Equals (854)" classname="spec_perl_TestProcessCoerceBytes_t" time="0.000154972076416016" />
  </testsuite>
  <testsuite name="spec_perl_TestRepeatEosU4_t" errors="0" failures="0" skipped="0" tests="1" time="0.0527241230010986">
    <system-out>1..1
ok 1 - Equals
</system-out>
    <testcase name="Equals (855)" classname="spec_perl_TestRepeatEosU4_t" time="0.000232934951782227" />
  </testsuite>
  <testsuite name="spec_perl_TestPositionInSeq_t" errors="0" failures="0" skipped="0" tests="1" time="0.0531060695648193">
    <system-out>1..1
ok 1 - Equals
</system-out>
    <testcase name="Equals (856)" classname="spec_perl_TestPositionInSeq_t" time="0.000250101089477539" />
  </testsuite>
  <testsuite name="spec_perl_TestFloatToI_t" errors="0" failures="0" skipped="0" tests="8" time="0.0546700954437256">
    <system-out>1..8
ok 1 - Approx equals
ok 2 - Approx equals
ok 3 - Equals
ok 4 - Equals
ok 5 - Equals
ok 6 - Equals
ok 7 - Equals
ok 8 - Equals
</system-out>
    <testcase name="Approx equals (856)" classname="spec_perl_TestFloatToI_t" time="0.000223875045776367" />
    <testcase name="Approx equals (857)" classname="spec_perl_TestFloatToI_t" time="9.10758972167969e-05" />
    <testcase name="Equals (857)" classname="spec_perl_TestFloatToI_t" time="6.69956207275391e-05" />
    <testcase name="Equals (858)" classname="spec_perl_TestFloatToI_t" time="0.000216007232666016" />
    <testcase name="Equals (859)" classname="spec_perl_TestFloatToI_t" time="0.000103950500488281" />
    <testcase name="Equals (860)" classname="spec_perl_TestFloatToI_t" time="0.000164985656738281" />
    <testcase name="Equals (861)" classname="spec_perl_TestFloatToI_t" time="0.000151157379150391" />
    <testcase name="Equals (862)" classname="spec_perl_TestFloatToI_t" time="0.000154972076416016" />
  </testsuite>
  <testsuite name="spec_perl_TestImportsAbsRel_t" errors="0" failures="0" skipped="0" tests="3" time="0.0529899597167969">
    <system-out>1..3
ok 1 - Equals
ok 2 - Equals
ok 3 - Equals
</system-out>
    <testcase name="Equals (863)" classname="spec_perl_TestImportsAbsRel_t" time="0.000252008438110352" />
    <testcase name="Equals (864)" classname="spec_perl_TestImportsAbsRel_t" time="0.000114917755126953" />
    <testcase name="Equals (865)" classname="spec_perl_TestImportsAbsRel_t" time="0.000149011611938477" />
  </testsuite>
  <testsuite name="spec_perl_TestIndexToParamUntil_t" errors="0" failures="2" skipped="0" tests="7" time="0.0689899921417236">
    <system-out>1..7
ok 1 - Equals
ok 2 - Equals
ok 3 - Equals
ok 4 - Equals
ok 5 - Equals
not ok 6 - Equals
not ok 7 - Equals
</system-out>
    <testcase name="Equals (866)" classname="spec_perl_TestIndexToParamUntil_t" time="0.000438928604125977" />
    <testcase name="Equals (867)" classname="spec_perl_TestIndexToParamUntil_t" time="0.000395059585571289" />
    <testcase name="Equals (868)" classname="spec_perl_TestIndexToParamUntil_t" time="0.000344991683959961" />
    <testcase name="Equals (869)" classname="spec_perl_TestIndexToParamUntil_t" time="0.000417947769165039" />
    <testcase name="Equals (870)" classname="spec_perl_TestIndexToParamUntil_t" time="0.000377178192138672" />
    <testcase name="Equals (871)" classname="spec_perl_TestIndexToParamUntil_t" time="0.000475883483886719">
      <failure message="not ok 6 - Equals" type="TAP::Parser::Result::Test"></failure>
    </testcase>
    <testcase name="Equals (872)" classname="spec_perl_TestIndexToParamUntil_t" time="0.00125694274902344">
      <failure message="not ok 7 - Equals" type="TAP::Parser::Result::Test"></failure>
    </testcase>
  </testsuite>
  <testsuite name="spec_perl_TestIndexSizes_t" errors="0" failures="0" skipped="0" tests="7" time="0.05743408203125">
    <system-out>1..7
ok 1 - Equals
ok 2 - Equals
ok 3 - Equals
ok 4 - Equals
ok 5 - Equals
ok 6 - Equals
ok 7 - Equals
</system-out>
    <testcase name="Equals (873)" classname="spec_perl_TestIndexSizes_t" time="0.000329971313476562" />
    <testcase name="Equals (874)" classname="spec_perl_TestIndexSizes_t" time="0.000113964080810547" />
    <testcase name="Equals (875)" classname="spec_perl_TestIndexSizes_t" time="6.69956207275391e-05" />
    <testcase name="Equals (876)" classname="spec_perl_TestIndexSizes_t" time="0.000190019607543945" />
    <testcase name="Equals (877)" classname="spec_perl_TestIndexSizes_t" time="0.000152111053466797" />
    <testcase name="Equals (878)" classname="spec_perl_TestIndexSizes_t" time="0.000161886215209961" />
    <testcase name="Equals (879)" classname="spec_perl_TestIndexSizes_t" time="0.000145912170410156" />
  </testsuite>
  <testsuite name="spec_perl_TestExprMod_t" errors="0" failures="0" skipped="0" tests="6" time="0.0531110763549805">
    <system-out>1..6
ok 1 - Equals
ok 2 - Equals
ok 3 - Equals
ok 4 - Equals
ok 5 - Equals
ok 6 - Equals
</system-out>
    <testcase name="Equals (880)" classname="spec_perl_TestExprMod_t" time="0.000251054763793945" />
    <testcase name="Equals (881)" classname="spec_perl_TestExprMod_t" time="8.79764556884766e-05" />
    <testcase name="Equals (882)" classname="spec_perl_TestExprMod_t" time="0.000176906585693359" />
    <testcase name="Equals (883)" classname="spec_perl_TestExprMod_t" time="0.000127077102661133" />
    <testcase name="Equals (884)" classname="spec_perl_TestExprMod_t" time="0.000164031982421875" />
    <testcase name="Equals (885)" classname="spec_perl_TestExprMod_t" time="0.000137805938720703" />
  </testsuite>
  <testsuite name="spec_perl_TestExprStrOps_t" errors="1" failures="0" skipped="0" tests="0" time="0.050868034362793">
    <system-out></system-out>
    <testcase name="Test died too soon, even before plan. (885)" classname="spec_perl_TestExprStrOps_t" time="0.050868034362793">
      <failure message="The test suite died before a plan was produced. You need to have a plan." type="Plan">No plan</failure>
    </testcase>
  </testsuite>
  <testsuite name="spec_perl_TestDefaultEndianExprException_t" errors="0" failures="0" skipped="0" tests="1" time="0.0537049770355225">
    <system-out>1..1
ok 1 - Died
</system-out>
    <testcase name="Died (885)" classname="spec_perl_TestDefaultEndianExprException_t" time="0.000245809555053711" />
  </testsuite>
  <testsuite name="spec_perl_TestHelloWorld_t" errors="0" failures="0" skipped="0" tests="1" time="0.0529541969299316">
    <system-out>1..1
ok 1 - Equals
</system-out>
    <testcase name="Equals (886)" classname="spec_perl_TestHelloWorld_t" time="0.000175952911376953" />
  </testsuite>
  <testsuite name="spec_perl_TestExpr0_t" errors="0" failures="0" skipped="0" tests="2" time="0.0520999431610107">
    <system-out>1..2
ok 1 - Equals
ok 2 - Equals
</system-out>
    <testcase name="Equals (887)" classname="spec_perl_TestExpr0_t" time="0.000232934951782227" />
    <testcase name="Equals (888)" classname="spec_perl_TestExpr0_t" time="9.60826873779297e-05" />
  </testsuite>
  <testsuite name="spec_perl_TestSwitchManualIntSizeElse_t" errors="0" failures="0" skipped="0" tests="10" time="0.0589499473571777">
    <system-out>1..10
ok 1 - Equals
ok 2 - Equals
ok 3 - Equals
ok 4 - Equals
ok 5 - Equals
ok 6 - Equals
ok 7 - Equals
ok 8 - Equals
ok 9 - Equals
ok 10 - Equals
</system-out>
    <testcase name="Equals (889)" classname="spec_perl_TestSwitchManualIntSizeElse_t" time="0.000802040100097656" />
    <testcase name="Equals (890)" classname="spec_perl_TestSwitchManualIntSizeElse_t" time="0.000110864639282227" />
    <testcase name="Equals (891)" classname="spec_perl_TestSwitchManualIntSizeElse_t" time="5.10215759277344e-05" />
    <testcase name="Equals (892)" classname="spec_perl_TestSwitchManualIntSizeElse_t" time="7.29560852050781e-05" />
    <testcase name="Equals (893)" classname="spec_perl_TestSwitchManualIntSizeElse_t" time="0.000143051147460938" />
    <testcase name="Equals (894)" classname="spec_perl_TestSwitchManualIntSizeElse_t" time="0.00017094612121582" />
    <testcase name="Equals (895)" classname="spec_perl_TestSwitchManualIntSizeElse_t" time="0.000149011611938477" />
    <testcase name="Equals (896)" classname="spec_perl_TestSwitchManualIntSizeElse_t" time="0.000164031982421875" />
    <testcase name="Equals (897)" classname="spec_perl_TestSwitchManualIntSizeElse_t" time="0.000155925750732422" />
    <testcase name="Equals (898)" classname="spec_perl_TestSwitchManualIntSizeElse_t" time="0.000167131423950195" />
  </testsuite>
  <testsuite name="spec_perl_TestSwitchManualEnum_t" errors="0" failures="0" skipped="0" tests="9" time="0.057607889175415">
    <system-out>1..9
ok 1 - Equals
ok 2 - Equals
ok 3 - Equals
ok 4 - Equals
ok 5 - Equals
ok 6 - Equals
ok 7 - Equals
ok 8 - Equals
ok 9 - Equals
</system-out>
    <testcase name="Equals (899)" classname="spec_perl_TestSwitchManualEnum_t" time="0.000339984893798828" />
    <testcase name="Equals (900)" classname="spec_perl_TestSwitchManualEnum_t" time="9.67979431152344e-05" />
    <testcase name="Equals (901)" classname="spec_perl_TestSwitchManualEnum_t" time="0.00012516975402832" />
    <testcase name="Equals (902)" classname="spec_perl_TestSwitchManualEnum_t" time="0.000159978866577148" />
    <testcase name="Equals (903)" classname="spec_perl_TestSwitchManualEnum_t" time="0.000151872634887695" />
    <testcase name="Equals (904)" classname="spec_perl_TestSwitchManualEnum_t" time="0.000156164169311523" />
    <testcase name="Equals (905)" classname="spec_perl_TestSwitchManualEnum_t" time="0.000185012817382812" />
    <testcase name="Equals (906)" classname="spec_perl_TestSwitchManualEnum_t" time="0.000149011611938477" />
    <testcase name="Equals (907)" classname="spec_perl_TestSwitchManualEnum_t" time="0.000145912170410156" />
  </testsuite>
  <testsuite name="spec_perl_TestParamsPassArrayInt_t" errors="0" failures="1" skipped="6" tests="7" time="0.0585980415344238">
    <system-out>1..7
not ok 1 - test_params_pass_array_int died (Can't use an undefined value as an ARRAY reference at spec/perl/TestParamsPassArrayInt.t line 14.)
ok 2 # skip test_params_pass_array_int died
ok 3 # skip test_params_pass_array_int died
ok 4 # skip test_params_pass_array_int died
ok 5 # skip test_params_pass_array_int died
ok 6 # skip test_params_pass_array_int died
ok 7 # skip test_params_pass_array_int died
</system-out>
    <testcase name="test_params_pass_array_int died (Can't use an undefined value as an ARRAY reference at spec/perl/TestParamsPassArrayInt.t line 14.) (907)" classname="spec_perl_TestParamsPassArrayInt_t" time="0.000303030014038086">
      <failure message="not ok 1 - test_params_pass_array_int died (Can't use an undefined value as an ARRAY reference at spec/perl/TestParamsPassArrayInt.t line 14.)" type="TAP::Parser::Result::Test"></failure>
    </testcase>
    <testcase name="Unnamed test case 907" classname="spec_perl_TestParamsPassArrayInt_t" time="0.00391316413879395">
      <skipped message="ok 2 # skip test_params_pass_array_int died" />
    </testcase>
    <testcase name="Unnamed test case 908" classname="spec_perl_TestParamsPassArrayInt_t" time="0.000288009643554688">
      <skipped message="ok 3 # skip test_params_pass_array_int died" />
    </testcase>
    <testcase name="Unnamed test case 909" classname="spec_perl_TestParamsPassArrayInt_t" time="0.000227928161621094">
      <skipped message="ok 4 # skip test_params_pass_array_int died" />
    </testcase>
    <testcase name="Unnamed test case 910" classname="spec_perl_TestParamsPassArrayInt_t" time="7.70092010498047e-05">
      <skipped message="ok 5 # skip test_params_pass_array_int died" />
    </testcase>
    <testcase name="Unnamed test case 911" classname="spec_perl_TestParamsPassArrayInt_t" time="6.103515625e-05">
      <skipped message="ok 6 # skip test_params_pass_array_int died" />
    </testcase>
    <testcase name="Unnamed test case 912" classname="spec_perl_TestParamsPassArrayInt_t" time="7.29560852050781e-05">
      <skipped message="ok 7 # skip test_params_pass_array_int died" />
    </testcase>
  </testsuite>
  <testsuite name="spec_perl_TestExprSizeofType1_t" errors="0" failures="0" skipped="0" tests="2" time="0.0525979995727539">
    <system-out>1..2
ok 1 - Equals
ok 2 - Equals
</system-out>
    <testcase name="Equals (912)" classname="spec_perl_TestExprSizeofType1_t" time="0.000248908996582031" />
    <testcase name="Equals (913)" classname="spec_perl_TestExprSizeofType1_t" time="0.000117063522338867" />
  </testsuite>
  <testsuite name="spec_perl_TestZlibSurrounded_t" errors="0" failures="0" skipped="0" tests="1" time="0.0770809650421143">
    <system-out>1..1
ok 1 - Equals
</system-out>
    <testcase name="Equals (914)" classname="spec_perl_TestZlibSurrounded_t" time="0.000666141510009766" />
  </testsuite>
  <testsuite name="spec_perl_TestNavParent3_t" errors="0" failures="0" skipped="0" tests="10" time="0.057744026184082">
    <system-out>1..10
ok 1 - Equals
ok 2 - Equals
ok 3 - Equals
ok 4 - Equals
ok 5 - Equals
ok 6 - Equals
ok 7 - Equals
ok 8 - Equals
ok 9 - Equals
ok 10 - Equals
</system-out>
    <testcase name="Equals (915)" classname="spec_perl_TestNavParent3_t" time="0.000234842300415039" />
    <testcase name="Equals (916)" classname="spec_perl_TestNavParent3_t" time="0.000106096267700195" />
    <testcase name="Equals (917)" classname="spec_perl_TestNavParent3_t" time="0.000246047973632812" />
    <testcase name="Equals (918)" classname="spec_perl_TestNavParent3_t" time="0.000113010406494141" />
    <testcase name="Equals (919)" classname="spec_perl_TestNavParent3_t" time="0.000164985656738281" />
    <testcase name="Equals (920)" classname="spec_perl_TestNavParent3_t" time="0.000391006469726562" />
    <testcase name="Equals (921)" classname="spec_perl_TestNavParent3_t" time="0.000139951705932617" />
    <testcase name="Equals (922)" classname="spec_perl_TestNavParent3_t" time="0.000195026397705078" />
    <testcase name="Equals (923)" classname="spec_perl_TestNavParent3_t" time="0.00017094612121582" />
    <testcase name="Equals (924)" classname="spec_perl_TestNavParent3_t" time="0.000204086303710938" />
  </testsuite>
  <testsuite name="spec_perl_TestProcessCoerceSwitch_t" errors="0" failures="0" skipped="0" tests="3" time="0.0529720783233643">
    <system-out>1..3
ok 1 - Equals
ok 2 - Equals
ok 3 - Equals
</system-out>
    <testcase name="Equals (925)" classname="spec_perl_TestProcessCoerceSwitch_t" time="0.000539064407348633" />
    <testcase name="Equals (926)" classname="spec_perl_TestProcessCoerceSwitch_t" time="0.000113964080810547" />
    <testcase name="Equals (927)" classname="spec_perl_TestProcessCoerceSwitch_t" time="6.4849853515625e-05" />
  </testsuite>
  <testsuite name="spec_perl_TestBufferedStruct_t" errors="0" failures="0" skipped="0" tests="7" time="0.0537490844726562">
    <system-out>1..7
ok 1 - Equals
ok 2 - Equals
ok 3 - Equals
ok 4 - Equals
ok 5 - Equals
ok 6 - Equals
ok 7 - Equals
</system-out>
    <testcase name="Equals (928)" classname="spec_perl_TestBufferedStruct_t" time="0.000565052032470703" />
    <testcase name="Equals (929)" classname="spec_perl_TestBufferedStruct_t" time="0.000103950500488281" />
    <testcase name="Equals (930)" classname="spec_perl_TestBufferedStruct_t" time="6.91413879394531e-05" />
    <testcase name="Equals (931)" classname="spec_perl_TestBufferedStruct_t" time="0.000158786773681641" />
    <testcase name="Equals (932)" classname="spec_perl_TestBufferedStruct_t" time="0.000149011611938477" />
    <testcase name="Equals (933)" classname="spec_perl_TestBufferedStruct_t" time="0.000146150588989258" />
    <testcase name="Equals (934)" classname="spec_perl_TestBufferedStruct_t" time="0.000155925750732422" />
  </testsuite>
  <testsuite name="spec_perl_TestDocstrings_t" errors="0" failures="0" skipped="1" tests="1" time="0.0534319877624512">
    <system-out>1..1
ok 1 # skip Docstrings=HASH(0x29823c0)
</system-out>
    <testcase name="Unnamed test case 934" classname="spec_perl_TestDocstrings_t" time="0.00135278701782227">
      <skipped message="ok 1 # skip Docstrings=HASH(0x29823c0)" />
    </testcase>
  </testsuite>
</testsuites>
