<?xml version='1.0' encoding='utf-8'?>
<testsuites>
  <testsuite name="spec_perl_TestNavRoot_t" errors="0" failures="0" skipped="0" tests="5" time="0.0466251373291016">
    <system-out>1..5
ok 1 - Equals
ok 2 - Equals
ok 3 - Equals
ok 4 - Equals
ok 5 - Equals
</system-out>
    <testcase name="Equals" classname="spec_perl_TestNavRoot_t" time="0.000326156616210938" />
    <testcase name="Equals (2)" classname="spec_perl_TestNavRoot_t" time="9.08374786376953e-05" />
    <testcase name="Equals (3)" classname="spec_perl_TestNavRoot_t" time="7.00950622558594e-05" />
    <testcase name="Equals (4)" classname="spec_perl_TestNavRoot_t" time="0.000139951705932617" />
    <testcase name="Equals (5)" classname="spec_perl_TestNavRoot_t" time="0.000101089477539062" />
  </testsuite>
  <testsuite name="spec_perl_TestNavParentFalse2_t" errors="0" failures="0" skipped="0" tests="1" time="0.0420939922332764">
    <system-out>1..1
ok 1 - Equals
</system-out>
    <testcase name="Equals (6)" classname="spec_perl_TestNavParentFalse2_t" time="0.00021815299987793" />
  </testsuite>
  <testsuite name="spec_perl_TestImportsCircularA_t" errors="0" failures="0" skipped="0" tests="5" time="0.0425660610198975">
    <system-out>1..5
ok 1 - Equals
ok 2 - Equals
ok 3 - Equals
ok 4 - Equals
ok 5 - nil
</system-out>
    <testcase name="Equals (7)" classname="spec_perl_TestImportsCircularA_t" time="0.000247001647949219" />
    <testcase name="Equals (8)" classname="spec_perl_TestImportsCircularA_t" time="8.29696655273438e-05" />
    <testcase name="Equals (9)" classname="spec_perl_TestImportsCircularA_t" time="0.000142097473144531" />
    <testcase name="Equals (10)" classname="spec_perl_TestImportsCircularA_t" time="9.48905944824219e-05" />
    <testcase name="nil (10)" classname="spec_perl_TestImportsCircularA_t" time="5.79357147216797e-05" />
  </testsuite>
  <testsuite name="spec_perl_TestRepeatUntilS4_t" errors="0" failures="0" skipped="0" tests="2" time="0.0456209182739258">
    <system-out>1..2
ok 1 - Equals
ok 2 - Equals
</system-out>
    <testcase name="Equals (11)" classname="spec_perl_TestRepeatUntilS4_t" time="0.000229120254516602" />
    <testcase name="Equals (12)" classname="spec_perl_TestRepeatUntilS4_t" time="7.48634338378906e-05" />
  </testsuite>
  <testsuite name="spec_perl_TestValidSwitch_t" errors="1" failures="0" skipped="0" tests="0" time="0.0478410720825195">
    <system-out></system-out>
    <testcase name="Test died too soon, even before plan. (12)" classname="spec_perl_TestValidSwitch_t" time="0.0478410720825195">
      <failure message="The test suite died before a plan was produced. You need to have a plan." type="Plan">No plan</failure>
    </testcase>
  </testsuite>
  <testsuite name="spec_perl_TestExprIoPos_t" errors="0" failures="0" skipped="0" tests="6" time="0.0464320182800293">
    <system-out>1..6
ok 1 - Equals
ok 2 - Equals
ok 3 - Equals
ok 4 - Equals
ok 5 - Equals
ok 6 - Equals
</system-out>
    <testcase name="Equals (13)" classname="spec_perl_TestExprIoPos_t" time="0.000551939010620117" />
    <testcase name="Equals (14)" classname="spec_perl_TestExprIoPos_t" time="9.10758972167969e-05" />
    <testcase name="Equals (15)" classname="spec_perl_TestExprIoPos_t" time="8.58306884765625e-05" />
    <testcase name="Equals (16)" classname="spec_perl_TestExprIoPos_t" time="0.000107049942016602" />
    <testcase name="Equals (17)" classname="spec_perl_TestExprIoPos_t" time="0.000131130218505859" />
    <testcase name="Equals (18)" classname="spec_perl_TestExprIoPos_t" time="0.000178813934326172" />
  </testsuite>
  <testsuite name="spec_perl_TestExprSizeofType0_t" errors="0" failures="0" skipped="0" tests="1" time="0.0419261455535889">
    <system-out>1..1
ok 1 - Equals
</system-out>
    <testcase name="Equals (19)" classname="spec_perl_TestExprSizeofType0_t" time="0.00024104118347168" />
  </testsuite>
  <testsuite name="spec_perl_TestParamsPassArrayStruct_t" errors="0" failures="1" skipped="2" tests="3" time="0.0460400581359863">
    <system-out>1..3
not ok 1 - test_params_pass_array_struct died (Can't use an undefined value as an ARRAY reference at spec/perl/TestParamsPassArrayStruct.t line 15.)
ok 2 # skip test_params_pass_array_struct died
ok 3 # skip test_params_pass_array_struct died
</system-out>
    <testcase name="test_params_pass_array_struct died (Can't use an undefined value as an ARRAY reference at spec/perl/TestParamsPassArrayStruct.t line 15.) (19)" classname="spec_perl_TestParamsPassArrayStruct_t" time="0.000295162200927734">
      <failure message="not ok 1 - test_params_pass_array_struct died (Can't use an undefined value as an ARRAY reference at spec/perl/TestParamsPassArrayStruct.t line 15.)" type="TAP::Parser::Result::Test"></failure>
    </testcase>
    <testcase name="Unnamed test case 19" classname="spec_perl_TestParamsPassArrayStruct_t" time="0.00323891639709473">
      <skipped message="ok 2 # skip test_params_pass_array_struct died" />
    </testcase>
    <testcase name="Unnamed test case 20" classname="spec_perl_TestParamsPassArrayStruct_t" time="8.89301300048828e-05">
      <skipped message="ok 3 # skip test_params_pass_array_struct died" />
    </testcase>
  </testsuite>
  <testsuite name="spec_perl_TestValidNotParsedIf_t" errors="1" failures="0" skipped="0" tests="0" time="0.0462379455566406">
    <system-out></system-out>
    <testcase name="Test died too soon, even before plan. (20)" classname="spec_perl_TestValidNotParsedIf_t" time="0.0462379455566406">
      <failure message="The test suite died before a plan was produced. You need to have a plan." type="Plan">No plan</failure>
    </testcase>
  </testsuite>
  <testsuite name="spec_perl_TestEofExceptionBytes_t" errors="0" failures="0" skipped="0" tests="1" time="0.0463690757751465">
    <system-out>1..1
ok 1 - Died
</system-out>
    <testcase name="Died (20)" classname="spec_perl_TestEofExceptionBytes_t" time="0.000179052352905273" />
  </testsuite>
  <testsuite name="spec_perl_TestNavParentFalse_t" errors="0" failures="0" skipped="0" tests="5" time="0.0425779819488525">
    <system-out>1..5
ok 1 - Equals
ok 2 - Equals
ok 3 - Equals
ok 4 - Equals
ok 5 - Equals
</system-out>
    <testcase name="Equals (20)" classname="spec_perl_TestNavParentFalse_t" time="0.00025486946105957" />
    <testcase name="Equals (21)" classname="spec_perl_TestNavParentFalse_t" time="0.000105142593383789" />
    <testcase name="Equals (22)" classname="spec_perl_TestNavParentFalse_t" time="7.79628753662109e-05" />
    <testcase name="Equals (23)" classname="spec_perl_TestNavParentFalse_t" time="0.00014495849609375" />
    <testcase name="Equals (24)" classname="spec_perl_TestNavParentFalse_t" time="0.000123023986816406" />
  </testsuite>
  <testsuite name="spec_perl_TestImportsAbs_t" errors="0" failures="0" skipped="0" tests="2" time="0.0420761108398438">
    <system-out>1..2
ok 1 - Equals
ok 2 - Equals
</system-out>
    <testcase name="Equals (25)" classname="spec_perl_TestImportsAbs_t" time="0.000272989273071289" />
    <testcase name="Equals (26)" classname="spec_perl_TestImportsAbs_t" time="8.0108642578125e-05" />
  </testsuite>
  <testsuite name="spec_perl_TestExprEnum_t" errors="0" failures="0" skipped="0" tests="3" time="0.0388741493225098">
    <system-out>1..3
ok 1 - Equals
ok 2 - Equals
ok 3 - Equals
</system-out>
    <testcase name="Equals (27)" classname="spec_perl_TestExprEnum_t" time="0.000319957733154297" />
    <testcase name="Equals (28)" classname="spec_perl_TestExprEnum_t" time="9.98973846435547e-05" />
    <testcase name="Equals (29)" classname="spec_perl_TestExprEnum_t" time="0.000159025192260742" />
  </testsuite>
  <testsuite name="spec_perl_TestOptionalId_t" errors="0" failures="0" skipped="0" tests="3" time="0.0424849987030029">
    <system-out>1..3
ok 1 - Equals
ok 2 - Equals
ok 3 - Equals
</system-out>
    <testcase name="Equals (30)" classname="spec_perl_TestOptionalId_t" time="0.000177860260009766" />
    <testcase name="Equals (31)" classname="spec_perl_TestOptionalId_t" time="6.81877136230469e-05" />
    <testcase name="Equals (32)" classname="spec_perl_TestOptionalId_t" time="0.000144004821777344" />
  </testsuite>
  <testsuite name="spec_perl_TestDefaultEndianExprException_t" errors="0" failures="0" skipped="0" tests="1" time="0.0429019927978516">
    <system-out>1..1
ok 1 - Died
</system-out>
    <testcase name="Died (32)" classname="spec_perl_TestDefaultEndianExprException_t" time="0.000213861465454102" />
  </testsuite>
  <testsuite name="spec_perl_TestTsPacketHeader_t" errors="0" failures="0" skipped="0" tests="7" time="0.0428249835968018">
    <system-out>1..7
ok 1 - Equals
ok 2 - Equals
ok 3 - Equals
ok 4 - Equals
ok 5 - Equals
ok 6 - Equals
ok 7 - Equals
</system-out>
    <testcase name="Equals (33)" classname="spec_perl_TestTsPacketHeader_t" time="0.000255107879638672" />
    <testcase name="Equals (34)" classname="spec_perl_TestTsPacketHeader_t" time="8.29696655273438e-05" />
    <testcase name="Equals (35)" classname="spec_perl_TestTsPacketHeader_t" time="0.000113010406494141" />
    <testcase name="Equals (36)" classname="spec_perl_TestTsPacketHeader_t" time="0.000127077102661133" />
    <testcase name="Equals (37)" classname="spec_perl_TestTsPacketHeader_t" time="0.000110864639282227" />
    <testcase name="Equals (38)" classname="spec_perl_TestTsPacketHeader_t" time="0.00012516975402832" />
    <testcase name="Equals (39)" classname="spec_perl_TestTsPacketHeader_t" time="0.0001678466796875" />
  </testsuite>
  <testsuite name="spec_perl_TestSwitchCast_t" errors="0" failures="0" skipped="0" tests="2" time="0.0466799736022949">
    <system-out>1..2
ok 1 - Equals
ok 2 - Equals
</system-out>
    <testcase name="Equals (40)" classname="spec_perl_TestSwitchCast_t" time="0.000304937362670898" />
    <testcase name="Equals (41)" classname="spec_perl_TestSwitchCast_t" time="8.89301300048828e-05" />
  </testsuite>
  <testsuite name="spec_perl_TestInstanceStdArray_t" errors="0" failures="0" skipped="0" tests="7" time="0.0421209335327148">
    <system-out>1..7
ok 1 - Equals
ok 2 - Equals
ok 3 - Equals
ok 4 - Equals
ok 5 - Equals
ok 6 - Equals
ok 7 - Equals
</system-out>
    <testcase name="Equals (42)" classname="spec_perl_TestInstanceStdArray_t" time="0.000213861465454102" />
    <testcase name="Equals (43)" classname="spec_perl_TestInstanceStdArray_t" time="7.70092010498047e-05" />
    <testcase name="Equals (44)" classname="spec_perl_TestInstanceStdArray_t" time="0.000149011611938477" />
    <testcase name="Equals (45)" classname="spec_perl_TestInstanceStdArray_t" time="0.000135183334350586" />
    <testcase name="Equals (46)" classname="spec_perl_TestInstanceStdArray_t" time="0.000125885009765625" />
    <testcase name="Equals (47)" classname="spec_perl_TestInstanceStdArray_t" time="0.000112056732177734" />
    <testcase name="Equals (48)" classname="spec_perl_TestInstanceStdArray_t" time="0.000144004821777344" />
  </testsuite>
  <testsuite name="spec_perl_TestZlibWithHeader78_t" errors="0" failures="0" skipped="0" tests="1" time="0.0618810653686523">
    <system-out>1..1
ok 1 - Equals
</system-out>
    <testcase name="Equals (49)" classname="spec_perl_TestZlibWithHeader78_t" time="0.000308990478515625" />
  </testsuite>
  <testsuite name="spec_perl_TestEnumLongRangeU_t" errors="0" failures="0" skipped="0" tests="4" time="0.0419619083404541">
    <system-out>1..4
ok 1 - Equals
ok 2 - Equals
ok 3 - Equals
ok 4 - Equals
</system-out>
    <testcase name="Equals (50)" classname="spec_perl_TestEnumLongRangeU_t" time="0.000199794769287109" />
    <testcase name="Equals (51)" classname="spec_perl_TestEnumLongRangeU_t" time="7.31945037841797e-05" />
    <testcase name="Equals (52)" classname="spec_perl_TestEnumLongRangeU_t" time="0.000144004821777344" />
    <testcase name="Equals (53)" classname="spec_perl_TestEnumLongRangeU_t" time="0.000127792358398438" />
  </testsuite>
  <testsuite name="spec_perl_TestRepeatNStruct_t" errors="0" failures="0" skipped="0" tests="5" time="0.0431869029998779">
    <system-out>1..5
ok 1 - Equals
ok 2 - Equals
ok 3 - Equals
ok 4 - Equals
ok 5 - Equals
</system-out>
    <testcase name="Equals (54)" classname="spec_perl_TestRepeatNStruct_t" time="0.000254154205322266" />
    <testcase name="Equals (55)" classname="spec_perl_TestRepeatNStruct_t" time="8.392333984375e-05" />
    <testcase name="Equals (56)" classname="spec_perl_TestRepeatNStruct_t" time="0.00010991096496582" />
    <testcase name="Equals (57)" classname="spec_perl_TestRepeatNStruct_t" time="0.000142097473144531" />
    <testcase name="Equals (58)" classname="spec_perl_TestRepeatNStruct_t" time="0.000108003616333008" />
  </testsuite>
  <testsuite name="spec_perl_TestUserType_t" errors="0" failures="0" skipped="0" tests="2" time="0.0424649715423584">
    <system-out>1..2
ok 1 - Equals
ok 2 - Equals
</system-out>
    <testcase name="Equals (59)" classname="spec_perl_TestUserType_t" time="0.000205039978027344" />
    <testcase name="Equals (60)" classname="spec_perl_TestUserType_t" time="7.60555267333984e-05" />
  </testsuite>
  <testsuite name="spec_perl_TestExpr1_t" errors="0" failures="0" skipped="0" tests="4" time="0.0449190139770508">
    <system-out>1..4
ok 1 - Equals
ok 2 - Equals
ok 3 - Equals
ok 4 - Equals
</system-out>
    <testcase name="Equals (61)" classname="spec_perl_TestExpr1_t" time="0.000240087509155273" />
    <testcase name="Equals (62)" classname="spec_perl_TestExpr1_t" time="7.98702239990234e-05" />
    <testcase name="Equals (63)" classname="spec_perl_TestExpr1_t" time="0.000110149383544922" />
    <testcase name="Equals (64)" classname="spec_perl_TestExpr1_t" time="0.000138998031616211" />
  </testsuite>
  <testsuite name="spec_perl_TestImports0_t" errors="0" failures="0" skipped="0" tests="3" time="0.0423300266265869">
    <system-out>1..3
ok 1 - Equals
ok 2 - Equals
ok 3 - Equals
</system-out>
    <testcase name="Equals (65)" classname="spec_perl_TestImports0_t" time="0.000226020812988281" />
    <testcase name="Equals (66)" classname="spec_perl_TestImports0_t" time="8.29696655273438e-05" />
    <testcase name="Equals (67)" classname="spec_perl_TestImports0_t" time="0.000129938125610352" />
  </testsuite>
  <testsuite name="spec_perl_TestExprCalcArrayOps_t" errors="0" failures="1" skipped="17" tests="18" time="0.054887056350708">
    <system-out>1..18
not ok 1 - test_expr_calc_array_ops died (Can't use string (&quot;1000&quot;) as an ARRAY ref while &quot;strict refs&quot; in use at compiled/perl/ExprCalcArrayOps.pm line 50.)
ok 2 # skip test_expr_calc_array_ops died
ok 3 # skip test_expr_calc_array_ops died
ok 4 # skip test_expr_calc_array_ops died
ok 5 # skip test_expr_calc_array_ops died
ok 6 # skip test_expr_calc_array_ops died
ok 7 # skip test_expr_calc_array_ops died
ok 8 # skip test_expr_calc_array_ops died
ok 9 # skip test_expr_calc_array_ops died
ok 10 # skip test_expr_calc_array_ops died
ok 11 # skip test_expr_calc_array_ops died
ok 12 # skip test_expr_calc_array_ops died
ok 13 # skip test_expr_calc_array_ops died
ok 14 # skip test_expr_calc_array_ops died
ok 15 # skip test_expr_calc_array_ops died
ok 16 # skip test_expr_calc_array_ops died
ok 17 # skip test_expr_calc_array_ops died
ok 18 # skip test_expr_calc_array_ops died
</system-out>
    <testcase name="test_expr_calc_array_ops died (Can't use string (&quot;1000&quot;) as an ARRAY ref while &quot;strict refs&quot; in use at compiled/perl/ExprCalcArrayOps.pm line 50.) (67)" classname="spec_perl_TestExprCalcArrayOps_t" time="0.000427961349487305">
      <failure message="not ok 1 - test_expr_calc_array_ops died (Can't use string (&quot;1000&quot;) as an ARRAY ref while &quot;strict refs&quot; in use at compiled/perl/ExprCalcArrayOps.pm line 50.)" type="TAP::Parser::Result::Test"></failure>
    </testcase>
    <testcase name="Unnamed test case 67" classname="spec_perl_TestExprCalcArrayOps_t" time="0.000390052795410156">
      <skipped message="ok 2 # skip test_expr_calc_array_ops died" />
    </testcase>
    <testcase name="Unnamed test case 68" classname="spec_perl_TestExprCalcArrayOps_t" time="0.000288009643554688">
      <skipped message="ok 3 # skip test_expr_calc_array_ops died" />
    </testcase>
    <testcase name="Unnamed test case 69" classname="spec_perl_TestExprCalcArrayOps_t" time="0.000246047973632812">
      <skipped message="ok 4 # skip test_expr_calc_array_ops died" />
    </testcase>
    <testcase name="Unnamed test case 70" classname="spec_perl_TestExprCalcArrayOps_t" time="0.000239849090576172">
      <skipped message="ok 5 # skip test_expr_calc_array_ops died" />
    </testcase>
    <testcase name="Unnamed test case 71" classname="spec_perl_TestExprCalcArrayOps_t" time="0.000237941741943359">
      <skipped message="ok 6 # skip test_expr_calc_array_ops died" />
    </testcase>
    <testcase name="Unnamed test case 72" classname="spec_perl_TestExprCalcArrayOps_t" time="0.000321149826049805">
      <skipped message="ok 7 # skip test_expr_calc_array_ops died" />
    </testcase>
    <testcase name="Unnamed test case 73" classname="spec_perl_TestExprCalcArrayOps_t" time="0.000198841094970703">
      <skipped message="ok 8 # skip test_expr_calc_array_ops died" />
    </testcase>
    <testcase name="Unnamed test case 74" classname="spec_perl_TestExprCalcArrayOps_t" time="0.000197172164916992">
      <skipped message="ok 9 # skip test_expr_calc_array_ops died" />
    </testcase>
    <testcase name="Unnamed test case 75" classname="spec_perl_TestExprCalcArrayOps_t" time="0.000133037567138672">
      <skipped message="ok 10 # skip test_expr_calc_array_ops died" />
    </testcase>
    <testcase name="Unnamed test case 76" classname="spec_perl_TestExprCalcArrayOps_t" time="0.000146865844726562">
      <skipped message="ok 11 # skip test_expr_calc_array_ops died" />
    </testcase>
    <testcase name="Unnamed test case 77" classname="spec_perl_TestExprCalcArrayOps_t" time="0.000133037567138672">
      <skipped message="ok 12 # skip test_expr_calc_array_ops died" />
    </testcase>
    <testcase name="Unnamed test case 78" classname="spec_perl_TestExprCalcArrayOps_t" time="0.000125885009765625">
      <skipped message="ok 13 # skip test_expr_calc_array_ops died" />
    </testcase>
    <testcase name="Unnamed test case 79" classname="spec_perl_TestExprCalcArrayOps_t" time="0.000162124633789062">
      <skipped message="ok 14 # skip test_expr_calc_array_ops died" />
    </testcase>
    <testcase name="Unnamed test case 80" classname="spec_perl_TestExprCalcArrayOps_t" time="0.000123023986816406">
      <skipped message="ok 15 # skip test_expr_calc_array_ops died" />
    </testcase>
    <testcase name="Unnamed test case 81" classname="spec_perl_TestExprCalcArrayOps_t" time="0.000127077102661133">
      <skipped message="ok 16 # skip test_expr_calc_array_ops died" />
    </testcase>
    <testcase name="Unnamed test case 82" classname="spec_perl_TestExprCalcArrayOps_t" time="0.000139951705932617">
      <skipped message="ok 17 # skip test_expr_calc_array_ops died" />
    </testcase>
    <testcase name="Unnamed test case 83" classname="spec_perl_TestExprCalcArrayOps_t" time="0.000115871429443359">
      <skipped message="ok 18 # skip test_expr_calc_array_ops died" />
    </testcase>
  </testsuite>
  <testsuite name="spec_perl_TestEnumToI_t" errors="0" failures="0" skipped="0" tests="5" time="0.0426681041717529">
    <system-out>1..5
ok 1 - Equals
ok 2 - Equals
ok 3 - Equals
ok 4 - Equals
ok 5 - Equals
</system-out>
    <testcase name="Equals (83)" classname="spec_perl_TestEnumToI_t" time="0.000185966491699219" />
    <testcase name="Equals (84)" classname="spec_perl_TestEnumToI_t" time="7.70092010498047e-05" />
    <testcase name="Equals (85)" classname="spec_perl_TestEnumToI_t" time="0.000167131423950195" />
    <testcase name="Equals (86)" classname="spec_perl_TestEnumToI_t" time="0.000110864639282227" />
    <testcase name="Equals (87)" classname="spec_perl_TestEnumToI_t" time="0.000138044357299805" />
  </testsuite>
  <testsuite name="spec_perl_TestDebugEnumName_t" errors="1" failures="0" skipped="0" tests="0" time="0.0410850048065186">
    <system-out></system-out>
    <testcase name="Test died too soon, even before plan. (87)" classname="spec_perl_TestDebugEnumName_t" time="0.0410850048065186">
      <failure message="The test suite died before a plan was produced. You need to have a plan." type="Plan">No plan</failure>
    </testcase>
  </testsuite>
  <testsuite name="spec_perl_TestTypeTernary2ndFalsy_t" errors="0" failures="1" skipped="0" tests="13" time="0.0465350151062012">
    <system-out>1..13
ok 1 - Equals
ok 2 - Equals
ok 3 - Equals
ok 4 - Approx equals
ok 5 - Approx equals
ok 6 - Equals
ok 7 - Equals
ok 8 - Equals
ok 9 - nil
ok 10 - Equals
ok 11 - Equals
ok 12 - Equals
not ok 13 - test_type_ternary_2nd_falsy died (Can't use an undefined value as an ARRAY reference at spec/perl/TestTypeTernary2ndFalsy.t line 27.)
</system-out>
    <testcase name="Equals (88)" classname="spec_perl_TestTypeTernary2ndFalsy_t" time="0.00029301643371582" />
    <testcase name="Equals (89)" classname="spec_perl_TestTypeTernary2ndFalsy_t" time="8.51154327392578e-05" />
    <testcase name="Equals (90)" classname="spec_perl_TestTypeTernary2ndFalsy_t" time="0.00014495849609375" />
    <testcase name="Approx equals (90)" classname="spec_perl_TestTypeTernary2ndFalsy_t" time="6.29425048828125e-05" />
    <testcase name="Approx equals (91)" classname="spec_perl_TestTypeTernary2ndFalsy_t" time="4.29153442382812e-05" />
    <testcase name="Equals (91)" classname="spec_perl_TestTypeTernary2ndFalsy_t" time="9.29832458496094e-05" />
    <testcase name="Equals (92)" classname="spec_perl_TestTypeTernary2ndFalsy_t" time="0.000142097473144531" />
    <testcase name="Equals (93)" classname="spec_perl_TestTypeTernary2ndFalsy_t" time="0.000119924545288086" />
    <testcase name="nil (93)" classname="spec_perl_TestTypeTernary2ndFalsy_t" time="6.103515625e-05" />
    <testcase name="Equals (94)" classname="spec_perl_TestTypeTernary2ndFalsy_t" time="0.000149011611938477" />
    <testcase name="Equals (95)" classname="spec_perl_TestTypeTernary2ndFalsy_t" time="0.000117063522338867" />
    <testcase name="Equals (96)" classname="spec_perl_TestTypeTernary2ndFalsy_t" time="0.000123023986816406" />
    <testcase name="test_type_ternary_2nd_falsy died (Can't use an undefined value as an ARRAY reference at spec/perl/TestTypeTernary2ndFalsy.t line 27.) (96)" classname="spec_perl_TestTypeTernary2ndFalsy_t" time="0.000243902206420898">
      <failure message="not ok 13 - test_type_ternary_2nd_falsy died (Can't use an undefined value as an ARRAY reference at spec/perl/TestTypeTernary2ndFalsy.t line 27.)" type="TAP::Parser::Result::Test"></failure>
    </testcase>
  </testsuite>
  <testsuite name="spec_perl_TestProcessRepeatUsertype_t" errors="0" failures="0" skipped="0" tests="4" time="0.0435049533843994">
    <system-out>1..4
ok 1 - Equals
ok 2 - Equals
ok 3 - Equals
ok 4 - Equals
</system-out>
    <testcase name="Equals (97)" classname="spec_perl_TestProcessRepeatUsertype_t" time="0.000506162643432617" />
    <testcase name="Equals (98)" classname="spec_perl_TestProcessRepeatUsertype_t" time="9.98973846435547e-05" />
    <testcase name="Equals (99)" classname="spec_perl_TestProcessRepeatUsertype_t" time="5.69820404052734e-05" />
    <testcase name="Equals (100)" classname="spec_perl_TestProcessRepeatUsertype_t" time="0.000118017196655273" />
  </testsuite>
  <testsuite name="spec_perl_TestOpaqueExternalType02Parent_t" errors="0" failures="0" skipped="0" tests="3" time="0.0459601879119873">
    <system-out>1..3
ok 1 - Equals
ok 2 - Equals
ok 3 - Equals
</system-out>
    <testcase name="Equals (101)" classname="spec_perl_TestOpaqueExternalType02Parent_t" time="0.00032496452331543" />
    <testcase name="Equals (102)" classname="spec_perl_TestOpaqueExternalType02Parent_t" time="9.01222229003906e-05" />
    <testcase name="Equals (103)" classname="spec_perl_TestOpaqueExternalType02Parent_t" time="8.10623168945312e-05" />
  </testsuite>
  <testsuite name="spec_perl_TestEofExceptionU4_t" errors="0" failures="0" skipped="0" tests="1" time="0.0431318283081055">
    <system-out>1..1
ok 1 - Died
</system-out>
    <testcase name="Died (103)" classname="spec_perl_TestEofExceptionU4_t" time="0.000195026397705078" />
  </testsuite>
  <testsuite name="spec_perl_TestSwitchMultiBoolOps_t" errors="0" failures="0" skipped="0" tests="9" time="0.0436079502105713">
    <system-out>1..9
ok 1 - Equals
ok 2 - Equals
ok 3 - Equals
ok 4 - Equals
ok 5 - Equals
ok 6 - Equals
ok 7 - Equals
ok 8 - Equals
ok 9 - Equals
</system-out>
    <testcase name="Equals (104)" classname="spec_perl_TestSwitchMultiBoolOps_t" time="0.000283956527709961" />
    <testcase name="Equals (105)" classname="spec_perl_TestSwitchMultiBoolOps_t" time="8.79764556884766e-05" />
    <testcase name="Equals (106)" classname="spec_perl_TestSwitchMultiBoolOps_t" time="8.41617584228516e-05" />
    <testcase name="Equals (107)" classname="spec_perl_TestSwitchMultiBoolOps_t" time="0.00014495849609375" />
    <testcase name="Equals (108)" classname="spec_perl_TestSwitchMultiBoolOps_t" time="0.000128984451293945" />
    <testcase name="Equals (109)" classname="spec_perl_TestSwitchMultiBoolOps_t" time="0.000108957290649414" />
    <testcase name="Equals (110)" classname="spec_perl_TestSwitchMultiBoolOps_t" time="0.000149965286254883" />
    <testcase name="Equals (111)" classname="spec_perl_TestSwitchMultiBoolOps_t" time="0.000108003616333008" />
    <testcase name="Equals (112)" classname="spec_perl_TestSwitchMultiBoolOps_t" time="0.000162124633789062" />
  </testsuite>
  <testsuite name="spec_perl_TestEnumToIClassBorder1_t" errors="0" failures="1" skipped="0" tests="3" time="0.0460009574890137">
    <system-out>1..3
ok 1 - Equals
ok 2 - Equals
not ok 3 - test_enum_to_i_class_border_1 died (Can't call method &quot;some_dog&quot; on an undefined value at compiled/perl/EnumToIClassBorder2.pm line 42.)
</system-out>
    <testcase name="Equals (113)" classname="spec_perl_TestEnumToIClassBorder1_t" time="0.000194072723388672" />
    <testcase name="Equals (114)" classname="spec_perl_TestEnumToIClassBorder1_t" time="7.08103179931641e-05" />
    <testcase name="test_enum_to_i_class_border_1 died (Can't call method &quot;some_dog&quot; on an undefined value at compiled/perl/EnumToIClassBorder2.pm line 42.) (114)" classname="spec_perl_TestEnumToIClassBorder1_t" time="0.000248193740844727">
      <failure message="not ok 3 - test_enum_to_i_class_border_1 died (Can't call method &quot;some_dog&quot; on an undefined value at compiled/perl/EnumToIClassBorder2.pm line 42.)" type="TAP::Parser::Result::Test"></failure>
    </testcase>
  </testsuite>
  <testsuite name="spec_perl_TestDefaultBitEndianMod_t" errors="0" failures="0" skipped="0" tests="4" time="0.0426540374755859">
    <system-out>1..4
ok 1 - Equals
ok 2 - Equals
ok 3 - Equals
ok 4 - Equals
</system-out>
    <testcase name="Equals (115)" classname="spec_perl_TestDefaultBitEndianMod_t" time="0.000285863876342773" />
    <testcase name="Equals (116)" classname="spec_perl_TestDefaultBitEndianMod_t" time="8.20159912109375e-05" />
    <testcase name="Equals (117)" classname="spec_perl_TestDefaultBitEndianMod_t" time="0.000128030776977539" />
    <testcase name="Equals (118)" classname="spec_perl_TestDefaultBitEndianMod_t" time="0.0001220703125" />
  </testsuite>
  <testsuite name="spec_perl_TestNavParentSwitch_t" errors="0" failures="0" skipped="0" tests="3" time="0.0442588329315186">
    <system-out>1..3
ok 1 - Equals
ok 2 - Equals
ok 3 - Equals
</system-out>
    <testcase name="Equals (119)" classname="spec_perl_TestNavParentSwitch_t" time="0.000223159790039062" />
    <testcase name="Equals (120)" classname="spec_perl_TestNavParentSwitch_t" time="7.58171081542969e-05" />
    <testcase name="Equals (121)" classname="spec_perl_TestNavParentSwitch_t" time="5.81741333007812e-05" />
  </testsuite>
  <testsuite name="spec_perl_TestExprArray_t" errors="0" failures="1" skipped="0" tests="15" time="0.050152063369751">
    <system-out>1..15
ok 1 - Equals
ok 2 - Equals
ok 3 - Equals
ok 4 - Equals
ok 5 - Equals
ok 6 - Equals
ok 7 - Equals
ok 8 - Equals
not ok 9 - Equals
ok 10 - Equals
ok 11 - Equals
ok 12 - Equals
ok 13 - Equals
ok 14 - Equals
ok 15 - Equals
</system-out>
    <testcase name="Equals (122)" classname="spec_perl_TestExprArray_t" time="0.000323057174682617" />
    <testcase name="Equals (123)" classname="spec_perl_TestExprArray_t" time="8.10623168945312e-05" />
    <testcase name="Equals (124)" classname="spec_perl_TestExprArray_t" time="8.20159912109375e-05" />
    <testcase name="Equals (125)" classname="spec_perl_TestExprArray_t" time="0.000180959701538086" />
    <testcase name="Equals (126)" classname="spec_perl_TestExprArray_t" time="6.60419464111328e-05" />
    <testcase name="Equals (127)" classname="spec_perl_TestExprArray_t" time="0.000160932540893555" />
    <testcase name="Equals (128)" classname="spec_perl_TestExprArray_t" time="0.000132083892822266" />
    <testcase name="Equals (129)" classname="spec_perl_TestExprArray_t" time="0.000154018402099609" />
    <testcase name="Equals (130)" classname="spec_perl_TestExprArray_t" time="0.000200986862182617">
      <failure message="not ok 9 - Equals" type="TAP::Parser::Result::Test"></failure>
    </testcase>
    <testcase name="Equals (131)" classname="spec_perl_TestExprArray_t" time="0.00354194641113281" />
    <testcase name="Equals (132)" classname="spec_perl_TestExprArray_t" time="6.79492950439453e-05" />
    <testcase name="Equals (133)" classname="spec_perl_TestExprArray_t" time="4.31537628173828e-05" />
    <testcase name="Equals (134)" classname="spec_perl_TestExprArray_t" time="3.19480895996094e-05" />
    <testcase name="Equals (135)" classname="spec_perl_TestExprArray_t" time="3.38554382324219e-05" />
    <testcase name="Equals (136)" classname="spec_perl_TestExprArray_t" time="3.21865081787109e-05" />
  </testsuite>
  <testsuite name="spec_perl_TestEnumFancy_t" errors="0" failures="0" skipped="0" tests="2" time="0.0420629978179932">
    <system-out>1..2
ok 1 - Equals
ok 2 - Equals
</system-out>
    <testcase name="Equals (137)" classname="spec_perl_TestEnumFancy_t" time="0.000188112258911133" />
    <testcase name="Equals (138)" classname="spec_perl_TestEnumFancy_t" time="7.29560852050781e-05" />
  </testsuite>
  <testsuite name="spec_perl_TestExprMod_t" errors="0" failures="0" skipped="0" tests="6" time="0.0421309471130371">
    <system-out>1..6
ok 1 - Equals
ok 2 - Equals
ok 3 - Equals
ok 4 - Equals
ok 5 - Equals
ok 6 - Equals
</system-out>
    <testcase name="Equals (139)" classname="spec_perl_TestExprMod_t" time="0.000227212905883789" />
    <testcase name="Equals (140)" classname="spec_perl_TestExprMod_t" time="8.08238983154297e-05" />
    <testcase name="Equals (141)" classname="spec_perl_TestExprMod_t" time="0.000132083892822266" />
    <testcase name="Equals (142)" classname="spec_perl_TestExprMod_t" time="0.000128984451293945" />
    <testcase name="Equals (143)" classname="spec_perl_TestExprMod_t" time="0.000145912170410156" />
    <testcase name="Equals (144)" classname="spec_perl_TestExprMod_t" time="0.00011897087097168" />
  </testsuite>
  <testsuite name="spec_perl_TestNestedTypeParam_t" errors="0" failures="2" skipped="0" tests="2" time="0.0500202178955078">
    <system-out>1..2
not ok 1 - Equals
not ok 2 - Equals
</system-out>
    <testcase name="Equals (145)" classname="spec_perl_TestNestedTypeParam_t" time="0.00449204444885254">
      <failure message="not ok 1 - Equals" type="TAP::Parser::Result::Test"></failure>
    </testcase>
    <testcase name="Equals (146)" classname="spec_perl_TestNestedTypeParam_t" time="0.000144004821777344">
      <failure message="not ok 2 - Equals" type="TAP::Parser::Result::Test"></failure>
    </testcase>
  </testsuite>
  <testsuite name="spec_perl_TestProcessCoerceUsertype1_t" errors="0" failures="0" skipped="0" tests="4" time="0.0435631275177002">
    <system-out>1..4
ok 1 - Equals
ok 2 - Equals
ok 3 - Equals
ok 4 - Equals
</system-out>
    <testcase name="Equals (147)" classname="spec_perl_TestProcessCoerceUsertype1_t" time="0.000530004501342773" />
    <testcase name="Equals (148)" classname="spec_perl_TestProcessCoerceUsertype1_t" time="9.98973846435547e-05" />
    <testcase name="Equals (149)" classname="spec_perl_TestProcessCoerceUsertype1_t" time="5.69820404052734e-05" />
    <testcase name="Equals (150)" classname="spec_perl_TestProcessCoerceUsertype1_t" time="0.0001220703125" />
  </testsuite>
  <testsuite name="spec_perl_TestExpr3_t" errors="0" failures="0" skipped="0" tests="12" time="0.04640793800354">
    <system-out>1..12
ok 1 - Equals
ok 2 - Equals
ok 3 - Equals
ok 4 - Equals
ok 5 - Equals
ok 6 - Equals
ok 7 - Equals
ok 8 - Equals
ok 9 - Equals
ok 10 - Equals
ok 11 - Equals
ok 12 - Equals
</system-out>
    <testcase name="Equals (151)" classname="spec_perl_TestExpr3_t" time="0.000239849090576172" />
    <testcase name="Equals (152)" classname="spec_perl_TestExpr3_t" time="7.79628753662109e-05" />
    <testcase name="Equals (153)" classname="spec_perl_TestExpr3_t" time="0.000127077102661133" />
    <testcase name="Equals (154)" classname="spec_perl_TestExpr3_t" time="0.000159025192260742" />
    <testcase name="Equals (155)" classname="spec_perl_TestExpr3_t" time="9.10758972167969e-05" />
    <testcase name="Equals (156)" classname="spec_perl_TestExpr3_t" time="0.000145912170410156" />
    <testcase name="Equals (157)" classname="spec_perl_TestExpr3_t" time="0.000117063522338867" />
    <testcase name="Equals (158)" classname="spec_perl_TestExpr3_t" time="0.000123977661132812" />
    <testcase name="Equals (159)" classname="spec_perl_TestExpr3_t" time="0.000149011611938477" />
    <testcase name="Equals (160)" classname="spec_perl_TestExpr3_t" time="0.000112056732177734" />
    <testcase name="Equals (161)" classname="spec_perl_TestExpr3_t" time="0.00014495849609375" />
    <testcase name="Equals (162)" classname="spec_perl_TestExpr3_t" time="0.000121831893920898" />
  </testsuite>
  <testsuite name="spec_perl_TestSwitchManualStr_t" errors="0" failures="0" skipped="0" tests="9" time="0.0473639965057373">
    <system-out>1..9
ok 1 - Equals
ok 2 - Equals
ok 3 - Equals
ok 4 - Equals
ok 5 - Equals
ok 6 - Equals
ok 7 - Equals
ok 8 - Equals
ok 9 - Equals
</system-out>
    <testcase name="Equals (163)" classname="spec_perl_TestSwitchManualStr_t" time="0.000319957733154297" />
    <testcase name="Equals (164)" classname="spec_perl_TestSwitchManualStr_t" time="8.60691070556641e-05" />
    <testcase name="Equals (165)" classname="spec_perl_TestSwitchManualStr_t" time="0.000107049942016602" />
    <testcase name="Equals (166)" classname="spec_perl_TestSwitchManualStr_t" time="0.000130891799926758" />
    <testcase name="Equals (167)" classname="spec_perl_TestSwitchManualStr_t" time="0.000144004821777344" />
    <testcase name="Equals (168)" classname="spec_perl_TestSwitchManualStr_t" time="0.000117063522338867" />
    <testcase name="Equals (169)" classname="spec_perl_TestSwitchManualStr_t" time="0.000161886215209961" />
    <testcase name="Equals (170)" classname="spec_perl_TestSwitchManualStr_t" time="0.000120162963867188" />
    <testcase name="Equals (171)" classname="spec_perl_TestSwitchManualStr_t" time="0.000149965286254883" />
  </testsuite>
  <testsuite name="spec_perl_TestBitsSeqEndianCombo_t" errors="0" failures="0" skipped="0" tests="8" time="0.0420129299163818">
    <system-out>1..8
ok 1 - Equals
ok 2 - Equals
ok 3 - Equals
ok 4 - Equals
ok 5 - Equals
ok 6 - Equals
ok 7 - Equals
ok 8 - Equals
</system-out>
    <testcase name="Equals (172)" classname="spec_perl_TestBitsSeqEndianCombo_t" time="0.000283002853393555" />
    <testcase name="Equals (173)" classname="spec_perl_TestBitsSeqEndianCombo_t" time="7.98702239990234e-05" />
    <testcase name="Equals (174)" classname="spec_perl_TestBitsSeqEndianCombo_t" time="0.000197172164916992" />
    <testcase name="Equals (175)" classname="spec_perl_TestBitsSeqEndianCombo_t" time="6.79492950439453e-05" />
    <testcase name="Equals (176)" classname="spec_perl_TestBitsSeqEndianCombo_t" time="0.000123023986816406" />
    <testcase name="Equals (177)" classname="spec_perl_TestBitsSeqEndianCombo_t" time="0.000138998031616211" />
    <testcase name="Equals (178)" classname="spec_perl_TestBitsSeqEndianCombo_t" time="0.000113964080810547" />
    <testcase name="Equals (179)" classname="spec_perl_TestBitsSeqEndianCombo_t" time="0.000154018402099609" />
  </testsuite>
  <testsuite name="spec_perl_TestParamsEnum_t" errors="0" failures="1" skipped="0" tests="2" time="0.0549509525299072">
    <system-out>1..2
ok 1 - Equals
not ok 2 - Equals
</system-out>
    <testcase name="Equals (180)" classname="spec_perl_TestParamsEnum_t" time="0.000177145004272461" />
    <testcase name="Equals (181)" classname="spec_perl_TestParamsEnum_t" time="0.000149965286254883">
      <failure message="not ok 2 - Equals" type="TAP::Parser::Result::Test"></failure>
    </testcase>
  </testsuite>
  <testsuite name="spec_perl_TestCastToTop_t" errors="0" failures="0" skipped="0" tests="3" time="0.0425500869750977">
    <system-out>1..3
ok 1 - Equals
ok 2 - Equals
ok 3 - Equals
</system-out>
    <testcase name="Equals (182)" classname="spec_perl_TestCastToTop_t" time="0.000220060348510742" />
    <testcase name="Equals (183)" classname="spec_perl_TestCastToTop_t" time="9.10758972167969e-05" />
    <testcase name="Equals (184)" classname="spec_perl_TestCastToTop_t" time="0.000149965286254883" />
  </testsuite>
  <testsuite name="spec_perl_TestRepeatUntilCalcArrayType_t" errors="0" failures="0" skipped="0" tests="7" time="0.0435299873352051">
    <system-out>1..7
ok 1 - Equals
ok 2 - Equals
ok 3 - Equals
ok 4 - Equals
ok 5 - Equals
ok 6 - Equals
ok 7 - Equals
</system-out>
    <testcase name="Equals (185)" classname="spec_perl_TestRepeatUntilCalcArrayType_t" time="0.000504970550537109" />
    <testcase name="Equals (186)" classname="spec_perl_TestRepeatUntilCalcArrayType_t" time="9.10758972167969e-05" />
    <testcase name="Equals (187)" classname="spec_perl_TestRepeatUntilCalcArrayType_t" time="5.88893890380859e-05" />
    <testcase name="Equals (188)" classname="spec_perl_TestRepeatUntilCalcArrayType_t" time="0.000141143798828125" />
    <testcase name="Equals (189)" classname="spec_perl_TestRepeatUntilCalcArrayType_t" time="0.00011897087097168" />
    <testcase name="Equals (190)" classname="spec_perl_TestRepeatUntilCalcArrayType_t" time="0.000143051147460938" />
    <testcase name="Equals (191)" classname="spec_perl_TestRepeatUntilCalcArrayType_t" time="0.000113964080810547" />
  </testsuite>
  <testsuite name="spec_perl_TestExpr2_t" errors="0" failures="0" skipped="0" tests="17" time="0.0478429794311523">
    <system-out>1..17
ok 1 - Equals
ok 2 - Equals
ok 3 - Equals
ok 4 - Equals
ok 5 - Equals
ok 6 - Equals
ok 7 - Equals
ok 8 - Equals
ok 9 - Equals
ok 10 - Equals
ok 11 - Equals
ok 12 - Equals
ok 13 - Equals
ok 14 - Equals
ok 15 - Equals
ok 16 - Equals
ok 17 - Equals
</system-out>
    <testcase name="Equals (192)" classname="spec_perl_TestExpr2_t" time="0.000605106353759766" />
    <testcase name="Equals (193)" classname="spec_perl_TestExpr2_t" time="0.000107049942016602" />
    <testcase name="Equals (194)" classname="spec_perl_TestExpr2_t" time="7.58171081542969e-05" />
    <testcase name="Equals (195)" classname="spec_perl_TestExpr2_t" time="6.103515625e-05" />
    <testcase name="Equals (196)" classname="spec_perl_TestExpr2_t" time="0.000168085098266602" />
    <testcase name="Equals (197)" classname="spec_perl_TestExpr2_t" time="0.000124931335449219" />
    <testcase name="Equals (198)" classname="spec_perl_TestExpr2_t" time="0.000142097473144531" />
    <testcase name="Equals (199)" classname="spec_perl_TestExpr2_t" time="0.000161886215209961" />
    <testcase name="Equals (200)" classname="spec_perl_TestExpr2_t" time="0.000167131423950195" />
    <testcase name="Equals (201)" classname="spec_perl_TestExpr2_t" time="0.000105857849121094" />
    <testcase name="Equals (202)" classname="spec_perl_TestExpr2_t" time="0.000149965286254883" />
    <testcase name="Equals (203)" classname="spec_perl_TestExpr2_t" time="0.000115156173706055" />
    <testcase name="Equals (204)" classname="spec_perl_TestExpr2_t" time="0.000177860260009766" />
    <testcase name="Equals (205)" classname="spec_perl_TestExpr2_t" time="0.000132083892822266" />
    <testcase name="Equals (206)" classname="spec_perl_TestExpr2_t" time="0.000118017196655273" />
    <testcase name="Equals (207)" classname="spec_perl_TestExpr2_t" time="0.000123023986816406" />
    <testcase name="Equals (208)" classname="spec_perl_TestExpr2_t" time="0.000145912170410156" />
  </testsuite>
  <testsuite name="spec_perl_TestEnumDeep_t" errors="0" failures="0" skipped="0" tests="2" time="0.0422580242156982">
    <system-out>1..2
ok 1 - Equals
ok 2 - Equals
</system-out>
    <testcase name="Equals (209)" classname="spec_perl_TestEnumDeep_t" time="0.000207901000976562" />
    <testcase name="Equals (210)" classname="spec_perl_TestEnumDeep_t" time="7.60555267333984e-05" />
  </testsuite>
  <testsuite name="spec_perl_TestInstanceStd_t" errors="0" failures="0" skipped="0" tests="1" time="0.0446310043334961">
    <system-out>1..1
ok 1 - Equals
</system-out>
    <testcase name="Equals (211)" classname="spec_perl_TestInstanceStd_t" time="0.00023198127746582" />
  </testsuite>
  <testsuite name="spec_perl_TestTypeTernary_t" errors="0" failures="0" skipped="0" tests="1" time="0.0425570011138916">
    <system-out>1..1
ok 1 - Equals
</system-out>
    <testcase name="Equals (212)" classname="spec_perl_TestTypeTernary_t" time="0.000481843948364258" />
  </testsuite>
  <testsuite name="spec_perl_TestProcessCoerceSwitch_t" errors="0" failures="0" skipped="0" tests="3" time="0.0434370040893555">
    <system-out>1..3
ok 1 - Equals
ok 2 - Equals
ok 3 - Equals
</system-out>
    <testcase name="Equals (213)" classname="spec_perl_TestProcessCoerceSwitch_t" time="0.000560998916625977" />
    <testcase name="Equals (214)" classname="spec_perl_TestProcessCoerceSwitch_t" time="0.000112056732177734" />
    <testcase name="Equals (215)" classname="spec_perl_TestProcessCoerceSwitch_t" time="4.69684600830078e-05" />
  </testsuite>
  <testsuite name="spec_perl_TestProcessCustom_t" errors="1" failures="0" skipped="0" tests="0" time="0.0412812232971191">
    <system-out></system-out>
    <testcase name="Test died too soon, even before plan. (215)" classname="spec_perl_TestProcessCustom_t" time="0.0412812232971191">
      <failure message="The test suite died before a plan was produced. You need to have a plan." type="Plan">No plan</failure>
    </testcase>
  </testsuite>
  <testsuite name="spec_perl_TestParamsPassArrayUsertype_t" errors="0" failures="1" skipped="4" tests="5" time="0.054157018661499">
    <system-out>1..5
not ok 1 - test_params_pass_array_usertype died (Can't use an undefined value as an ARRAY reference at compiled/perl/ParamsPassArrayUsertype.pm line 123.)
ok 2 # skip test_params_pass_array_usertype died
ok 3 # skip test_params_pass_array_usertype died
ok 4 # skip test_params_pass_array_usertype died
ok 5 # skip test_params_pass_array_usertype died
</system-out>
    <testcase name="test_params_pass_array_usertype died (Can't use an undefined value as an ARRAY reference at compiled/perl/ParamsPassArrayUsertype.pm line 123.) (215)" classname="spec_perl_TestParamsPassArrayUsertype_t" time="0.000288009643554688">
      <failure message="not ok 1 - test_params_pass_array_usertype died (Can't use an undefined value as an ARRAY reference at compiled/perl/ParamsPassArrayUsertype.pm line 123.)" type="TAP::Parser::Result::Test"></failure>
    </testcase>
    <testcase name="Unnamed test case 215" classname="spec_perl_TestParamsPassArrayUsertype_t" time="0.000478029251098633">
      <skipped message="ok 2 # skip test_params_pass_array_usertype died" />
    </testcase>
    <testcase name="Unnamed test case 216" classname="spec_perl_TestParamsPassArrayUsertype_t" time="0.000423908233642578">
      <skipped message="ok 3 # skip test_params_pass_array_usertype died" />
    </testcase>
    <testcase name="Unnamed test case 217" classname="spec_perl_TestParamsPassArrayUsertype_t" time="0.000369071960449219">
      <skipped message="ok 4 # skip test_params_pass_array_usertype died" />
    </testcase>
    <testcase name="Unnamed test case 218" classname="spec_perl_TestParamsPassArrayUsertype_t" time="0.000349998474121094">
      <skipped message="ok 5 # skip test_params_pass_array_usertype died" />
    </testcase>
  </testsuite>
  <testsuite name="spec_perl_TestValidLong_t" errors="1" failures="0" skipped="0" tests="0" time="0.0407741069793701">
    <system-out></system-out>
    <testcase name="Test died too soon, even before plan. (218)" classname="spec_perl_TestValidLong_t" time="0.0407741069793701">
      <failure message="The test suite died before a plan was produced. You need to have a plan." type="Plan">No plan</failure>
    </testcase>
  </testsuite>
  <testsuite name="spec_perl_TestProcessCustomNoArgs_t" errors="1" failures="0" skipped="0" tests="0" time="0.0491228103637695">
    <system-out></system-out>
    <testcase name="Test died too soon, even before plan. (219)" classname="spec_perl_TestProcessCustomNoArgs_t" time="0.0491228103637695">
      <failure message="The test suite died before a plan was produced. You need to have a plan." type="Plan">No plan</failure>
    </testcase>
  </testsuite>
  <testsuite name="spec_perl_TestEnumIntRangeU_t" errors="0" failures="0" skipped="0" tests="2" time="0.0427899360656738">
    <system-out>1..2
ok 1 - Equals
ok 2 - Equals
</system-out>
    <testcase name="Equals (219)" classname="spec_perl_TestEnumIntRangeU_t" time="0.000156879425048828" />
    <testcase name="Equals (220)" classname="spec_perl_TestEnumIntRangeU_t" time="0.000132083892822266" />
  </testsuite>
  <testsuite name="spec_perl_TestParamsPassArrayInt_t" errors="0" failures="1" skipped="6" tests="7" time="0.0505399703979492">
    <system-out>1..7
not ok 1 - test_params_pass_array_int died (Can't use an undefined value as an ARRAY reference at spec/perl/TestParamsPassArrayInt.t line 15.)
ok 2 # skip test_params_pass_array_int died
ok 3 # skip test_params_pass_array_int died
ok 4 # skip test_params_pass_array_int died
ok 5 # skip test_params_pass_array_int died
ok 6 # skip test_params_pass_array_int died
ok 7 # skip test_params_pass_array_int died
</system-out>
    <testcase name="test_params_pass_array_int died (Can't use an undefined value as an ARRAY reference at spec/perl/TestParamsPassArrayInt.t line 15.) (220)" classname="spec_perl_TestParamsPassArrayInt_t" time="0.000396013259887695">
      <failure message="not ok 1 - test_params_pass_array_int died (Can't use an undefined value as an ARRAY reference at spec/perl/TestParamsPassArrayInt.t line 15.)" type="TAP::Parser::Result::Test"></failure>
    </testcase>
    <testcase name="Unnamed test case 220" classname="spec_perl_TestParamsPassArrayInt_t" time="0.000523090362548828">
      <skipped message="ok 2 # skip test_params_pass_array_int died" />
    </testcase>
    <testcase name="Unnamed test case 221" classname="spec_perl_TestParamsPassArrayInt_t" time="0.000624895095825195">
      <skipped message="ok 3 # skip test_params_pass_array_int died" />
    </testcase>
    <testcase name="Unnamed test case 222" classname="spec_perl_TestParamsPassArrayInt_t" time="0.000355005264282227">
      <skipped message="ok 4 # skip test_params_pass_array_int died" />
    </testcase>
    <testcase name="Unnamed test case 223" classname="spec_perl_TestParamsPassArrayInt_t" time="0.000351190567016602">
      <skipped message="ok 5 # skip test_params_pass_array_int died" />
    </testcase>
    <testcase name="Unnamed test case 224" classname="spec_perl_TestParamsPassArrayInt_t" time="0.000422000885009766">
      <skipped message="ok 6 # skip test_params_pass_array_int died" />
    </testcase>
    <testcase name="Unnamed test case 225" classname="spec_perl_TestParamsPassArrayInt_t" time="0.000406980514526367">
      <skipped message="ok 7 # skip test_params_pass_array_int died" />
    </testcase>
  </testsuite>
  <testsuite name="spec_perl_TestExprBytesLiteral_t" errors="1" failures="0" skipped="0" tests="0" time="0.0443120002746582">
    <system-out></system-out>
    <testcase name="Test died too soon, even before plan. (225)" classname="spec_perl_TestExprBytesLiteral_t" time="0.0443120002746582">
      <failure message="The test suite died before a plan was produced. You need to have a plan." type="Plan">No plan</failure>
    </testcase>
  </testsuite>
  <testsuite name="spec_perl_TestEosExceptionBytes_t" errors="0" failures="0" skipped="0" tests="1" time="0.0440130233764648">
    <system-out>1..1
ok 1 - Died
</system-out>
    <testcase name="Died (225)" classname="spec_perl_TestEosExceptionBytes_t" time="0.000430107116699219" />
  </testsuite>
  <testsuite name="spec_perl_TestNestedSameName2_t" errors="0" failures="0" skipped="0" tests="5" time="0.0434319972991943">
    <system-out>1..5
ok 1 - Equals
ok 2 - Equals
ok 3 - Equals
ok 4 - Equals
ok 5 - Equals
</system-out>
    <testcase name="Equals (225)" classname="spec_perl_TestNestedSameName2_t" time="0.000236034393310547" />
    <testcase name="Equals (226)" classname="spec_perl_TestNestedSameName2_t" time="0.000118017196655273" />
    <testcase name="Equals (227)" classname="spec_perl_TestNestedSameName2_t" time="7.00950622558594e-05" />
    <testcase name="Equals (228)" classname="spec_perl_TestNestedSameName2_t" time="0.000192880630493164" />
    <testcase name="Equals (229)" classname="spec_perl_TestNestedSameName2_t" time="8.79764556884766e-05" />
  </testsuite>
  <testsuite name="spec_perl_TestSwitchBytearray_t" errors="0" failures="0" skipped="0" tests="9" time="0.0460538864135742">
    <system-out>1..9
ok 1 - Equals
ok 2 - Equals
ok 3 - Equals
ok 4 - Equals
ok 5 - Equals
ok 6 - Equals
ok 7 - Equals
ok 8 - Equals
ok 9 - Equals
</system-out>
    <testcase name="Equals (230)" classname="spec_perl_TestSwitchBytearray_t" time="0.000288009643554688" />
    <testcase name="Equals (231)" classname="spec_perl_TestSwitchBytearray_t" time="9.79900360107422e-05" />
    <testcase name="Equals (232)" classname="spec_perl_TestSwitchBytearray_t" time="8.70227813720703e-05" />
    <testcase name="Equals (233)" classname="spec_perl_TestSwitchBytearray_t" time="0.000144004821777344" />
    <testcase name="Equals (234)" classname="spec_perl_TestSwitchBytearray_t" time="0.000132083892822266" />
    <testcase name="Equals (235)" classname="spec_perl_TestSwitchBytearray_t" time="0.000119924545288086" />
    <testcase name="Equals (236)" classname="spec_perl_TestSwitchBytearray_t" time="0.000153064727783203" />
    <testcase name="Equals (237)" classname="spec_perl_TestSwitchBytearray_t" time="0.000105857849121094" />
    <testcase name="Equals (238)" classname="spec_perl_TestSwitchBytearray_t" time="0.000151157379150391" />
  </testsuite>
  <testsuite name="spec_perl_TestCastToImported_t" errors="0" failures="0" skipped="0" tests="2" time="0.0421171188354492">
    <system-out>1..2
ok 1 - Equals
ok 2 - Equals
</system-out>
    <testcase name="Equals (239)" classname="spec_perl_TestCastToImported_t" time="0.00020599365234375" />
    <testcase name="Equals (240)" classname="spec_perl_TestCastToImported_t" time="7.39097595214844e-05" />
  </testsuite>
  <testsuite name="spec_perl_TestOpaqueExternalType_t" errors="0" failures="0" skipped="0" tests="3" time="0.0468070507049561">
    <system-out>1..3
ok 1 - Equals
ok 2 - Equals
ok 3 - Equals
</system-out>
    <testcase name="Equals (241)" classname="spec_perl_TestOpaqueExternalType_t" time="0.000304937362670898" />
    <testcase name="Equals (242)" classname="spec_perl_TestOpaqueExternalType_t" time="8.70227813720703e-05" />
    <testcase name="Equals (243)" classname="spec_perl_TestOpaqueExternalType_t" time="6.103515625e-05" />
  </testsuite>
  <testsuite name="spec_perl_TestMetaTags_t" errors="0" failures="0" skipped="1" tests="1" time="0.0433399677276611">
    <system-out>1..1
ok 1 # skip MetaTags=HASH(0x832420)
</system-out>
    <testcase name="Unnamed test case 243" classname="spec_perl_TestMetaTags_t" time="0.00124406814575195">
      <skipped message="ok 1 # skip MetaTags=HASH(0x832420)" />
    </testcase>
  </testsuite>
  <testsuite name="spec_perl_TestEnumDeepLiterals_t" errors="0" failures="0" skipped="0" tests="2" time="0.0417459011077881">
    <system-out>1..2
ok 1 - Equals
ok 2 - Equals
</system-out>
    <testcase name="Equals (244)" classname="spec_perl_TestEnumDeepLiterals_t" time="0.000252962112426758" />
    <testcase name="Equals (245)" classname="spec_perl_TestEnumDeepLiterals_t" time="8.08238983154297e-05" />
  </testsuite>
  <testsuite name="spec_perl_TestExprIntDiv_t" errors="0" failures="2" skipped="0" tests="6" time="0.0458638668060303">
    <system-out>1..6
ok 1 - Equals
ok 2 - Equals
ok 3 - Equals
not ok 4 - Equals
ok 5 - Equals
not ok 6 - Equals
</system-out>
    <testcase name="Equals (246)" classname="spec_perl_TestExprIntDiv_t" time="0.000214815139770508" />
    <testcase name="Equals (247)" classname="spec_perl_TestExprIntDiv_t" time="7.82012939453125e-05" />
    <testcase name="Equals (248)" classname="spec_perl_TestExprIntDiv_t" time="0.000135898590087891" />
    <testcase name="Equals (249)" classname="spec_perl_TestExprIntDiv_t" time="0.000191926956176758">
      <failure message="not ok 4 - Equals" type="TAP::Parser::Result::Test"></failure>
    </testcase>
    <testcase name="Equals (250)" classname="spec_perl_TestExprIntDiv_t" time="0.000602006912231445" />
    <testcase name="Equals (251)" classname="spec_perl_TestExprIntDiv_t" time="0.000369071960449219">
      <failure message="not ok 6 - Equals" type="TAP::Parser::Result::Test"></failure>
    </testcase>
  </testsuite>
  <testsuite name="spec_perl_TestHelloWorld_t" errors="0" failures="0" skipped="0" tests="1" time="0.0414891242980957">
    <system-out>1..1
ok 1 - Equals
</system-out>
    <testcase name="Equals (252)" classname="spec_perl_TestHelloWorld_t" time="0.000158786773681641" />
  </testsuite>
  <testsuite name="spec_perl_TestCombineBool_t" errors="0" failures="0" skipped="0" tests="2" time="0.0415849685668945">
    <system-out>1..2
ok 1 - Equals
ok 2 - Equals
</system-out>
    <testcase name="Equals (253)" classname="spec_perl_TestCombineBool_t" time="0.000232934951782227" />
    <testcase name="Equals (254)" classname="spec_perl_TestCombineBool_t" time="7.79628753662109e-05" />
  </testsuite>
  <testsuite name="spec_perl_TestSwitchManualIntSize_t" errors="0" failures="1" skipped="0" tests="10" time="0.0498349666595459">
    <system-out>1..10
ok 1 - Equals
ok 2 - Equals
ok 3 - Equals
ok 4 - Equals
ok 5 - Equals
not ok 6 - test switch manual int size
ok 7 - Equals
ok 8 - Equals
ok 9 - Equals
ok 10 - Equals
</system-out>
    <testcase name="Equals (255)" classname="spec_perl_TestSwitchManualIntSize_t" time="0.000606060028076172" />
    <testcase name="Equals (256)" classname="spec_perl_TestSwitchManualIntSize_t" time="9.58442687988281e-05" />
    <testcase name="Equals (257)" classname="spec_perl_TestSwitchManualIntSize_t" time="6.41345977783203e-05" />
    <testcase name="Equals (258)" classname="spec_perl_TestSwitchManualIntSize_t" time="0.00014185905456543" />
    <testcase name="Equals (259)" classname="spec_perl_TestSwitchManualIntSize_t" time="0.000111103057861328" />
    <testcase name="test switch manual int size (259)" classname="spec_perl_TestSwitchManualIntSize_t" time="0.00350689888000488">
      <failure message="not ok 6 - test switch manual int size" type="TAP::Parser::Result::Test"></failure>
    </testcase>
    <testcase name="Equals (260)" classname="spec_perl_TestSwitchManualIntSize_t" time="7.41481781005859e-05" />
    <testcase name="Equals (261)" classname="spec_perl_TestSwitchManualIntSize_t" time="4.69684600830078e-05" />
    <testcase name="Equals (262)" classname="spec_perl_TestSwitchManualIntSize_t" time="4.10079956054688e-05" />
    <testcase name="Equals (263)" classname="spec_perl_TestSwitchManualIntSize_t" time="4.10079956054688e-05" />
  </testsuite>
  <testsuite name="spec_perl_TestExprSizeofType1_t" errors="0" failures="0" skipped="0" tests="2" time="0.0416531562805176">
    <system-out>1..2
ok 1 - Equals
ok 2 - Equals
</system-out>
    <testcase name="Equals (264)" classname="spec_perl_TestExprSizeofType1_t" time="0.000236034393310547" />
    <testcase name="Equals (265)" classname="spec_perl_TestExprSizeofType1_t" time="8.89301300048828e-05" />
  </testsuite>
  <testsuite name="spec_perl_TestSwitchIntegers2_t" errors="0" failures="0" skipped="0" tests="5" time="0.0438411235809326">
    <system-out>1..5
ok 1 - Equals
ok 2 - Equals
ok 3 - Equals
ok 4 - Equals
ok 5 - Equals
</system-out>
    <testcase name="Equals (266)" classname="spec_perl_TestSwitchIntegers2_t" time="0.00023198127746582" />
    <testcase name="Equals (267)" classname="spec_perl_TestSwitchIntegers2_t" time="8.79764556884766e-05" />
    <testcase name="Equals (268)" classname="spec_perl_TestSwitchIntegers2_t" time="0.000127077102661133" />
    <testcase name="Equals (269)" classname="spec_perl_TestSwitchIntegers2_t" time="0.000134944915771484" />
    <testcase name="Equals (270)" classname="spec_perl_TestSwitchIntegers2_t" time="0.000118017196655273" />
  </testsuite>
  <testsuite name="spec_perl_TestNestedTypes2_t" errors="0" failures="0" skipped="0" tests="7" time="0.0438079833984375">
    <system-out>1..7
ok 1 - Equals
ok 2 - Equals
ok 3 - Equals
ok 4 - Equals
ok 5 - Equals
ok 6 - Equals
ok 7 - Equals
</system-out>
    <testcase name="Equals (271)" classname="spec_perl_TestNestedTypes2_t" time="0.000244855880737305" />
    <testcase name="Equals (272)" classname="spec_perl_TestNestedTypes2_t" time="8.70227813720703e-05" />
    <testcase name="Equals (273)" classname="spec_perl_TestNestedTypes2_t" time="0.000129938125610352" />
    <testcase name="Equals (274)" classname="spec_perl_TestNestedTypes2_t" time="0.000130176544189453" />
    <testcase name="Equals (275)" classname="spec_perl_TestNestedTypes2_t" time="0.000113964080810547" />
    <testcase name="Equals (276)" classname="spec_perl_TestNestedTypes2_t" time="0.000140905380249023" />
    <testcase name="Equals (277)" classname="spec_perl_TestNestedTypes2_t" time="0.000113010406494141" />
  </testsuite>
  <testsuite name="spec_perl_TestExprIfIntOps_t" errors="0" failures="0" skipped="0" tests="2" time="0.0423369407653809">
    <system-out>1..2
ok 1 - Equals
ok 2 - Equals
</system-out>
    <testcase name="Equals (278)" classname="spec_perl_TestExprIfIntOps_t" time="0.000240087509155273" />
    <testcase name="Equals (279)" classname="spec_perl_TestExprIfIntOps_t" time="7.89165496826172e-05" />
  </testsuite>
  <testsuite name="spec_perl_TestProcessRepeatBytes_t" errors="0" failures="0" skipped="0" tests="2" time="0.0521109104156494">
    <system-out>1..2
ok 1 - Equals
ok 2 - Equals
</system-out>
    <testcase name="Equals (280)" classname="spec_perl_TestProcessRepeatBytes_t" time="0.000224113464355469" />
    <testcase name="Equals (281)" classname="spec_perl_TestProcessRepeatBytes_t" time="7.98702239990234e-05" />
  </testsuite>
  <testsuite name="spec_perl_TestEnumIf_t" errors="0" failures="0" skipped="0" tests="7" time="0.0455858707427979">
    <system-out>1..7
ok 1 - Equals
ok 2 - Equals
ok 3 - Equals
ok 4 - Equals
ok 5 - Equals
ok 6 - Equals
ok 7 - Equals
</system-out>
    <testcase name="Equals (282)" classname="spec_perl_TestEnumIf_t" time="0.000329017639160156" />
    <testcase name="Equals (283)" classname="spec_perl_TestEnumIf_t" time="8.48770141601562e-05" />
    <testcase name="Equals (284)" classname="spec_perl_TestEnumIf_t" time="7.91549682617188e-05" />
    <testcase name="Equals (285)" classname="spec_perl_TestEnumIf_t" time="0.000159978866577148" />
    <testcase name="Equals (286)" classname="spec_perl_TestEnumIf_t" time="0.000124931335449219" />
    <testcase name="Equals (287)" classname="spec_perl_TestEnumIf_t" time="0.000125885009765625" />
    <testcase name="Equals (288)" classname="spec_perl_TestEnumIf_t" time="0.000117063522338867" />
  </testsuite>
  <testsuite name="spec_perl_TestBitsByteAligned_t" errors="0" failures="0" skipped="0" tests="9" time="0.0422601699829102">
    <system-out>1..9
ok 1 - Equals
ok 2 - Equals
ok 3 - Equals
ok 4 - Equals
ok 5 - Equals
ok 6 - Equals
ok 7 - Equals
ok 8 - Equals
ok 9 - Equals
</system-out>
    <testcase name="Equals (289)" classname="spec_perl_TestBitsByteAligned_t" time="0.000260829925537109" />
    <testcase name="Equals (290)" classname="spec_perl_TestBitsByteAligned_t" time="7.70092010498047e-05" />
    <testcase name="Equals (291)" classname="spec_perl_TestBitsByteAligned_t" time="0.000138044357299805" />
    <testcase name="Equals (292)" classname="spec_perl_TestBitsByteAligned_t" time="0.000133991241455078" />
    <testcase name="Equals (293)" classname="spec_perl_TestBitsByteAligned_t" time="0.000186920166015625" />
    <testcase name="Equals (294)" classname="spec_perl_TestBitsByteAligned_t" time="0.000144004821777344" />
    <testcase name="Equals (295)" classname="spec_perl_TestBitsByteAligned_t" time="0.000120162963867188" />
    <testcase name="Equals (296)" classname="spec_perl_TestBitsByteAligned_t" time="0.000123023986816406" />
    <testcase name="Equals (297)" classname="spec_perl_TestBitsByteAligned_t" time="0.000120878219604492" />
  </testsuite>
  <testsuite name="spec_perl_TestMetaXref_t" errors="0" failures="0" skipped="1" tests="1" time="0.0429379940032959">
    <system-out>1..1
ok 1 # skip MetaXref=HASH(0x2daa558)
</system-out>
    <testcase name="Unnamed test case 297" classname="spec_perl_TestMetaXref_t" time="0.00125885009765625">
      <skipped message="ok 1 # skip MetaXref=HASH(0x2daa558)" />
    </testcase>
  </testsuite>
  <testsuite name="spec_perl_TestEnumImport_t" errors="0" failures="2" skipped="0" tests="2" time="0.0478260517120361">
    <system-out>1..2
not ok 1 - Equals
not ok 2 - Equals
</system-out>
    <testcase name="Equals (298)" classname="spec_perl_TestEnumImport_t" time="0.000113964080810547">
      <failure message="not ok 1 - Equals" type="TAP::Parser::Result::Test"></failure>
    </testcase>
    <testcase name="Equals (299)" classname="spec_perl_TestEnumImport_t" time="5.10215759277344e-05">
      <failure message="not ok 2 - Equals" type="TAP::Parser::Result::Test"></failure>
    </testcase>
  </testsuite>
  <testsuite name="spec_perl_TestSwitchManualEnum_t" errors="0" failures="0" skipped="0" tests="9" time="0.0461668968200684">
    <system-out>1..9
ok 1 - Equals
ok 2 - Equals
ok 3 - Equals
ok 4 - Equals
ok 5 - Equals
ok 6 - Equals
ok 7 - Equals
ok 8 - Equals
ok 9 - Equals
</system-out>
    <testcase name="Equals (300)" classname="spec_perl_TestSwitchManualEnum_t" time="0.000333786010742188" />
    <testcase name="Equals (301)" classname="spec_perl_TestSwitchManualEnum_t" time="0.000111103057861328" />
    <testcase name="Equals (302)" classname="spec_perl_TestSwitchManualEnum_t" time="6.60419464111328e-05" />
    <testcase name="Equals (303)" classname="spec_perl_TestSwitchManualEnum_t" time="0.000174999237060547" />
    <testcase name="Equals (304)" classname="spec_perl_TestSwitchManualEnum_t" time="9.10758972167969e-05" />
    <testcase name="Equals (305)" classname="spec_perl_TestSwitchManualEnum_t" time="0.000183820724487305" />
    <testcase name="Equals (306)" classname="spec_perl_TestSwitchManualEnum_t" time="0.000105142593383789" />
    <testcase name="Equals (307)" classname="spec_perl_TestSwitchManualEnum_t" time="0.000152826309204102" />
    <testcase name="Equals (308)" classname="spec_perl_TestSwitchManualEnum_t" time="0.000110149383544922" />
  </testsuite>
  <testsuite name="spec_perl_TestNestedTypes_t" errors="0" failures="0" skipped="0" tests="3" time="0.0581309795379639">
    <system-out>1..3
ok 1 - Equals
ok 2 - Equals
ok 3 - Equals
</system-out>
    <testcase name="Equals (309)" classname="spec_perl_TestNestedTypes_t" time="0.000250101089477539" />
    <testcase name="Equals (310)" classname="spec_perl_TestNestedTypes_t" time="9.17911529541016e-05" />
    <testcase name="Equals (311)" classname="spec_perl_TestNestedTypes_t" time="8.70227813720703e-05" />
  </testsuite>
  <testsuite name="spec_perl_TestExpr0_t" errors="0" failures="0" skipped="0" tests="2" time="0.04197096824646">
    <system-out>1..2
ok 1 - Equals
ok 2 - Equals
</system-out>
    <testcase name="Equals (312)" classname="spec_perl_TestExpr0_t" time="0.000194072723388672" />
    <testcase name="Equals (313)" classname="spec_perl_TestExpr0_t" time="8.89301300048828e-05" />
  </testsuite>
  <testsuite name="spec_perl_TestDefaultEndianExprIsLe_t" errors="0" failures="0" skipped="0" tests="12" time="0.0434601306915283">
    <system-out>1..12
ok 1 - Equals
ok 2 - Equals
ok 3 - Equals
ok 4 - Equals
ok 5 - Equals
ok 6 - Equals
ok 7 - Equals
ok 8 - Equals
ok 9 - Equals
ok 10 - Equals
ok 11 - Equals
ok 12 - Equals
</system-out>
    <testcase name="Equals (314)" classname="spec_perl_TestDefaultEndianExprIsLe_t" time="0.000288009643554688" />
    <testcase name="Equals (315)" classname="spec_perl_TestDefaultEndianExprIsLe_t" time="8.29696655273438e-05" />
    <testcase name="Equals (316)" classname="spec_perl_TestDefaultEndianExprIsLe_t" time="9.01222229003906e-05" />
    <testcase name="Equals (317)" classname="spec_perl_TestDefaultEndianExprIsLe_t" time="0.000135898590087891" />
    <testcase name="Equals (318)" classname="spec_perl_TestDefaultEndianExprIsLe_t" time="0.000128030776977539" />
    <testcase name="Equals (319)" classname="spec_perl_TestDefaultEndianExprIsLe_t" time="0.000116109848022461" />
    <testcase name="Equals (320)" classname="spec_perl_TestDefaultEndianExprIsLe_t" time="0.000150918960571289" />
    <testcase name="Equals (321)" classname="spec_perl_TestDefaultEndianExprIsLe_t" time="0.000128030776977539" />
    <testcase name="Equals (322)" classname="spec_perl_TestDefaultEndianExprIsLe_t" time="0.000207901000976562" />
    <testcase name="Equals (323)" classname="spec_perl_TestDefaultEndianExprIsLe_t" time="0.000115156173706055" />
    <testcase name="Equals (324)" classname="spec_perl_TestDefaultEndianExprIsLe_t" time="0.000119924545288086" />
    <testcase name="Equals (325)" classname="spec_perl_TestDefaultEndianExprIsLe_t" time="0.000139951705932617" />
  </testsuite>
  <testsuite name="spec_perl_TestIntegersMinMax_t" errors="0" failures="0" skipped="0" tests="28" time="0.0485508441925049">
    <system-out>1..28
ok 1 - Equals
ok 2 - Equals
ok 3 - Equals
ok 4 - Equals
ok 5 - Equals
ok 6 - Equals
ok 7 - Equals
ok 8 - Equals
ok 9 - Equals
ok 10 - Equals
ok 11 - Equals
ok 12 - Equals
ok 13 - Equals
ok 14 - Equals
ok 15 - Equals
ok 16 - Equals
ok 17 - Equals
ok 18 - Equals
ok 19 - Equals
ok 20 - Equals
ok 21 - Equals
ok 22 - Equals
ok 23 - Equals
ok 24 - Equals
ok 25 - Equals
ok 26 - Equals
ok 27 - Equals
ok 28 - Equals
</system-out>
    <testcase name="Equals (326)" classname="spec_perl_TestIntegersMinMax_t" time="0.000285863876342773" />
    <testcase name="Equals (327)" classname="spec_perl_TestIntegersMinMax_t" time="8.60691070556641e-05" />
    <testcase name="Equals (328)" classname="spec_perl_TestIntegersMinMax_t" time="7.51018524169922e-05" />
    <testcase name="Equals (329)" classname="spec_perl_TestIntegersMinMax_t" time="0.000156879425048828" />
    <testcase name="Equals (330)" classname="spec_perl_TestIntegersMinMax_t" time="0.000126123428344727" />
    <testcase name="Equals (331)" classname="spec_perl_TestIntegersMinMax_t" time="0.000150918960571289" />
    <testcase name="Equals (332)" classname="spec_perl_TestIntegersMinMax_t" time="0.000149965286254883" />
    <testcase name="Equals (333)" classname="spec_perl_TestIntegersMinMax_t" time="0.000154018402099609" />
    <testcase name="Equals (334)" classname="spec_perl_TestIntegersMinMax_t" time="0.000123977661132812" />
    <testcase name="Equals (335)" classname="spec_perl_TestIntegersMinMax_t" time="0.000149011611938477" />
    <testcase name="Equals (336)" classname="spec_perl_TestIntegersMinMax_t" time="0.000123023986816406" />
    <testcase name="Equals (337)" classname="spec_perl_TestIntegersMinMax_t" time="0.000123023986816406" />
    <testcase name="Equals (338)" classname="spec_perl_TestIntegersMinMax_t" time="0.00014805793762207" />
    <testcase name="Equals (339)" classname="spec_perl_TestIntegersMinMax_t" time="0.000115871429443359" />
    <testcase name="Equals (340)" classname="spec_perl_TestIntegersMinMax_t" time="0.000150918960571289" />
    <testcase name="Equals (341)" classname="spec_perl_TestIntegersMinMax_t" time="0.000108003616333008" />
    <testcase name="Equals (342)" classname="spec_perl_TestIntegersMinMax_t" time="0.000144004821777344" />
    <testcase name="Equals (343)" classname="spec_perl_TestIntegersMinMax_t" time="0.000110149383544922" />
    <testcase name="Equals (344)" classname="spec_perl_TestIntegersMinMax_t" time="0.000149011611938477" />
    <testcase name="Equals (345)" classname="spec_perl_TestIntegersMinMax_t" time="0.000112056732177734" />
    <testcase name="Equals (346)" classname="spec_perl_TestIntegersMinMax_t" time="0.00014495849609375" />
    <testcase name="Equals (347)" classname="spec_perl_TestIntegersMinMax_t" time="0.000125885009765625" />
    <testcase name="Equals (348)" classname="spec_perl_TestIntegersMinMax_t" time="0.000120162963867188" />
    <testcase name="Equals (349)" classname="spec_perl_TestIntegersMinMax_t" time="0.000119924545288086" />
    <testcase name="Equals (350)" classname="spec_perl_TestIntegersMinMax_t" time="0.000120878219604492" />
    <testcase name="Equals (351)" classname="spec_perl_TestIntegersMinMax_t" time="0.00011897087097168" />
    <testcase name="Equals (352)" classname="spec_perl_TestIntegersMinMax_t" time="0.000150203704833984" />
    <testcase name="Equals (353)" classname="spec_perl_TestIntegersMinMax_t" time="0.000110864639282227" />
  </testsuite>
  <testsuite name="spec_perl_TestPositionAbs_t" errors="0" failures="0" skipped="0" tests="2" time="0.0459730625152588">
    <system-out>1..2
ok 1 - Equals
ok 2 - Equals
</system-out>
    <testcase name="Equals (354)" classname="spec_perl_TestPositionAbs_t" time="0.000164985656738281" />
    <testcase name="Equals (355)" classname="spec_perl_TestPositionAbs_t" time="0.000196933746337891" />
  </testsuite>
  <testsuite name="spec_perl_TestEnumForUnknownId_t" errors="0" failures="0" skipped="0" tests="1" time="0.0420219898223877">
    <system-out>1..1
ok 1 - Equals
</system-out>
    <testcase name="Equals (356)" classname="spec_perl_TestEnumForUnknownId_t" time="0.000226974487304688" />
  </testsuite>
  <testsuite name="spec_perl_TestIndexToParamExpr_t" errors="0" failures="2" skipped="0" tests="7" time="0.06308913230896">
    <system-out>1..7
ok 1 - Equals
ok 2 - Equals
ok 3 - Equals
ok 4 - Equals
ok 5 - Equals
not ok 6 - Equals
not ok 7 - Equals
</system-out>
    <testcase name="Equals (357)" classname="spec_perl_TestIndexToParamExpr_t" time="0.000255107879638672" />
    <testcase name="Equals (358)" classname="spec_perl_TestIndexToParamExpr_t" time="0.000571012496948242" />
    <testcase name="Equals (359)" classname="spec_perl_TestIndexToParamExpr_t" time="0.000477790832519531" />
    <testcase name="Equals (360)" classname="spec_perl_TestIndexToParamExpr_t" time="0.000454187393188477" />
    <testcase name="Equals (361)" classname="spec_perl_TestIndexToParamExpr_t" time="0.000526905059814453" />
    <testcase name="Equals (362)" classname="spec_perl_TestIndexToParamExpr_t" time="0.000583887100219727">
      <failure message="not ok 6 - Equals" type="TAP::Parser::Result::Test"></failure>
    </testcase>
    <testcase name="Equals (363)" classname="spec_perl_TestIndexToParamExpr_t" time="0.00122308731079102">
      <failure message="not ok 7 - Equals" type="TAP::Parser::Result::Test"></failure>
    </testcase>
  </testsuite>
  <testsuite name="spec_perl_TestStrLiterals_t" errors="0" failures="0" skipped="0" tests="5" time="0.0426878929138184">
    <system-out>1..5
ok 1 - Equals
ok 2 - Equals
ok 3 - Equals
ok 4 - Equals
ok 5 - Equals
</system-out>
    <testcase name="Equals (364)" classname="spec_perl_TestStrLiterals_t" time="0.000216960906982422" />
    <testcase name="Equals (365)" classname="spec_perl_TestStrLiterals_t" time="9.29832458496094e-05" />
    <testcase name="Equals (366)" classname="spec_perl_TestStrLiterals_t" time="0.000162124633789062" />
    <testcase name="Equals (367)" classname="spec_perl_TestStrLiterals_t" time="0.00013279914855957" />
    <testcase name="Equals (368)" classname="spec_perl_TestStrLiterals_t" time="0.000197172164916992" />
  </testsuite>
  <testsuite name="spec_perl_TestExprBytesOps_t" errors="1" failures="0" skipped="0" tests="0" time="0.0437090396881104">
    <system-out></system-out>
    <testcase name="Test died too soon, even before plan. (368)" classname="spec_perl_TestExprBytesOps_t" time="0.0437090396881104">
      <failure message="The test suite died before a plan was produced. You need to have a plan." type="Plan">No plan</failure>
    </testcase>
  </testsuite>
  <testsuite name="spec_perl_TestJsSignedRightShift_t" errors="0" failures="0" skipped="0" tests="2" time="0.0418131351470947">
    <system-out>1..2
ok 1 - Equals
ok 2 - Equals
</system-out>
    <testcase name="Equals (369)" classname="spec_perl_TestJsSignedRightShift_t" time="0.000226020812988281" />
    <testcase name="Equals (370)" classname="spec_perl_TestJsSignedRightShift_t" time="7.89165496826172e-05" />
  </testsuite>
  <testsuite name="spec_perl_TestNestedSameName_t" errors="0" failures="0" skipped="0" tests="2" time="0.043550968170166">
    <system-out>1..2
ok 1 - Equals
ok 2 - Equals
</system-out>
    <testcase name="Equals (371)" classname="spec_perl_TestNestedSameName_t" time="0.000272989273071289" />
    <testcase name="Equals (372)" classname="spec_perl_TestNestedSameName_t" time="8.41617584228516e-05" />
  </testsuite>
  <testsuite name="spec_perl_TestPositionInSeq_t" errors="0" failures="0" skipped="0" tests="1" time="0.0419800281524658">
    <system-out>1..1
ok 1 - Equals
</system-out>
    <testcase name="Equals (373)" classname="spec_perl_TestPositionInSeq_t" time="0.000218868255615234" />
  </testsuite>
  <testsuite name="spec_perl_TestCastNested_t" errors="0" failures="0" skipped="0" tests="4" time="0.0457689762115479">
    <system-out>1..4
ok 1 - Equals
ok 2 - Equals
ok 3 - Equals
ok 4 - Equals
</system-out>
    <testcase name="Equals (374)" classname="spec_perl_TestCastNested_t" time="0.000355958938598633" />
    <testcase name="Equals (375)" classname="spec_perl_TestCastNested_t" time="9.29832458496094e-05" />
    <testcase name="Equals (376)" classname="spec_perl_TestCastNested_t" time="9.10758972167969e-05" />
    <testcase name="Equals (377)" classname="spec_perl_TestCastNested_t" time="0.000168085098266602" />
  </testsuite>
  <testsuite name="spec_perl_TestFloatToI_t" errors="0" failures="0" skipped="0" tests="8" time="0.04339599609375">
    <system-out>1..8
ok 1 - Equals
ok 2 - Equals
ok 3 - Equals
ok 4 - Equals
ok 5 - Equals
ok 6 - Equals
ok 7 - Equals
ok 8 - Equals
</system-out>
    <testcase name="Equals (378)" classname="spec_perl_TestFloatToI_t" time="0.000173807144165039" />
    <testcase name="Equals (379)" classname="spec_perl_TestFloatToI_t" time="0.000124216079711914" />
    <testcase name="Equals (380)" classname="spec_perl_TestFloatToI_t" time="0.000129938125610352" />
    <testcase name="Equals (381)" classname="spec_perl_TestFloatToI_t" time="0.000135898590087891" />
    <testcase name="Equals (382)" classname="spec_perl_TestFloatToI_t" time="0.000138998031616211" />
    <testcase name="Equals (383)" classname="spec_perl_TestFloatToI_t" time="0.000118017196655273" />
    <testcase name="Equals (384)" classname="spec_perl_TestFloatToI_t" time="0.000144004821777344" />
    <testcase name="Equals (385)" classname="spec_perl_TestFloatToI_t" time="0.000128030776977539" />
  </testsuite>
  <testsuite name="spec_perl_TestInstanceIoUser_t" errors="0" failures="0" skipped="0" tests="4" time="0.0581328868865967">
    <system-out>1..4
ok 1 - Equals
ok 2 - Equals
ok 3 - Equals
ok 4 - Equals
</system-out>
    <testcase name="Equals (386)" classname="spec_perl_TestInstanceIoUser_t" time="0.000565052032470703" />
    <testcase name="Equals (387)" classname="spec_perl_TestInstanceIoUser_t" time="9.58442687988281e-05" />
    <testcase name="Equals (388)" classname="spec_perl_TestInstanceIoUser_t" time="0.000140190124511719" />
    <testcase name="Equals (389)" classname="spec_perl_TestInstanceIoUser_t" time="0.000145912170410156" />
  </testsuite>
  <testsuite name="spec_perl_TestBitsEnum_t" errors="0" failures="0" skipped="0" tests="3" time="0.0412709712982178">
    <system-out>1..3
ok 1 - Equals
ok 2 - Equals
ok 3 - Equals
</system-out>
    <testcase name="Equals (390)" classname="spec_perl_TestBitsEnum_t" time="0.000203132629394531" />
    <testcase name="Equals (391)" classname="spec_perl_TestBitsEnum_t" time="8.58306884765625e-05" />
    <testcase name="Equals (392)" classname="spec_perl_TestBitsEnum_t" time="0.000159978866577148" />
  </testsuite>
  <testsuite name="spec_perl_TestSwitchRepeatExpr_t" errors="0" failures="0" skipped="0" tests="3" time="0.0425028800964355">
    <system-out>1..3
ok 1 - Equals
ok 2 - Equals
ok 3 - Equals
</system-out>
    <testcase name="Equals (393)" classname="spec_perl_TestSwitchRepeatExpr_t" time="0.000458002090454102" />
    <testcase name="Equals (394)" classname="spec_perl_TestSwitchRepeatExpr_t" time="8.60691070556641e-05" />
    <testcase name="Equals (395)" classname="spec_perl_TestSwitchRepeatExpr_t" time="6.19888305664062e-05" />
  </testsuite>
  <testsuite name="spec_perl_TestNavParentSwitchCast_t" errors="0" failures="0" skipped="0" tests="3" time="0.0444450378417969">
    <system-out>1..3
ok 1 - Equals
ok 2 - Equals
ok 3 - Equals
</system-out>
    <testcase name="Equals (396)" classname="spec_perl_TestNavParentSwitchCast_t" time="0.00056910514831543" />
    <testcase name="Equals (397)" classname="spec_perl_TestNavParentSwitchCast_t" time="0.000102996826171875" />
    <testcase name="Equals (398)" classname="spec_perl_TestNavParentSwitchCast_t" time="0.000123023986816406" />
  </testsuite>
  <testsuite name="spec_perl_TestStrPadTerm_t" errors="0" failures="0" skipped="0" tests="4" time="0.045975923538208">
    <system-out>1..4
ok 1 - Equals
ok 2 - Equals
ok 3 - Equals
ok 4 - Equals
</system-out>
    <testcase name="Equals (399)" classname="spec_perl_TestStrPadTerm_t" time="0.000303983688354492" />
    <testcase name="Equals (400)" classname="spec_perl_TestStrPadTerm_t" time="9.51290130615234e-05" />
    <testcase name="Equals (401)" classname="spec_perl_TestStrPadTerm_t" time="8.20159912109375e-05" />
    <testcase name="Equals (402)" classname="spec_perl_TestStrPadTerm_t" time="0.000128030776977539" />
  </testsuite>
  <testsuite name="spec_perl_TestExprOpsParens_t" errors="1" failures="0" skipped="0" tests="0" time="0.0424320697784424">
    <system-out></system-out>
    <testcase name="Test died too soon, even before plan. (402)" classname="spec_perl_TestExprOpsParens_t" time="0.0424320697784424">
      <failure message="The test suite died before a plan was produced. You need to have a plan." type="Plan">No plan</failure>
    </testcase>
  </testsuite>
  <testsuite name="spec_perl_TestStrEncodings_t" errors="0" failures="0" skipped="0" tests="4" time="0.0640790462493896">
    <system-out>1..4
ok 1 - Equals
ok 2 - Equals
ok 3 - Equals
ok 4 - Equals
</system-out>
    <testcase name="Equals (403)" classname="spec_perl_TestStrEncodings_t" time="0.0177419185638428" />
    <testcase name="Equals (404)" classname="spec_perl_TestStrEncodings_t" time="0.000126123428344727" />
[...]
    <testcase name="Equals (737)" classname="spec_perl_TestBitsSimpleLe_t" time="0.000149011611938477" />
    <testcase name="Equals (738)" classname="spec_perl_TestBitsSimpleLe_t" time="0.000107049942016602" />
    <testcase name="Equals (739)" classname="spec_perl_TestBitsSimpleLe_t" time="0.000142097473144531" />
    <testcase name="Equals (740)" classname="spec_perl_TestBitsSimpleLe_t" time="0.000115871429443359" />
    <testcase name="Equals (741)" classname="spec_perl_TestBitsSimpleLe_t" time="0.00015711784362793" />
    <testcase name="Equals (742)" classname="spec_perl_TestBitsSimpleLe_t" time="0.000115871429443359" />
    <testcase name="Equals (743)" classname="spec_perl_TestBitsSimpleLe_t" time="0.000146150588989258" />
    <testcase name="Equals (744)" classname="spec_perl_TestBitsSimpleLe_t" time="0.00011897087097168" />
  </testsuite>
  <testsuite name="spec_perl_TestSwitchManualEnumInvalid_t" errors="0" failures="0" skipped="0" tests="5" time="0.0472631454467773">
    <system-out>1..5
ok 1 - Equals
ok 2 - Equals
ok 3 - nil
ok 4 - Equals
ok 5 - nil
</system-out>
    <testcase name="Equals (745)" classname="spec_perl_TestSwitchManualEnumInvalid_t" time="0.000283956527709961" />
    <testcase name="Equals (746)" classname="spec_perl_TestSwitchManualEnumInvalid_t" time="8.70227813720703e-05" />
    <testcase name="nil (746)" classname="spec_perl_TestSwitchManualEnumInvalid_t" time="6.00814819335938e-05" />
    <testcase name="Equals (747)" classname="spec_perl_TestSwitchManualEnumInvalid_t" time="7.79628753662109e-05" />
    <testcase name="nil (747)" classname="spec_perl_TestSwitchManualEnumInvalid_t" time="5.60283660888672e-05" />
  </testsuite>
  <testsuite name="spec_perl_TestFixedContents_t" errors="1" failures="0" skipped="0" tests="0" time="0.0417129993438721">
    <system-out></system-out>
    <testcase name="Test died too soon, even before plan. (747)" classname="spec_perl_TestFixedContents_t" time="0.0417129993438721">
      <failure message="The test suite died before a plan was produced. You need to have a plan." type="Plan">No plan</failure>
    </testcase>
  </testsuite>
  <testsuite name="spec_perl_TestZlibSurrounded_t" errors="0" failures="0" skipped="0" tests="1" time="0.0620369911193848">
    <system-out>1..1
ok 1 - Equals
</system-out>
    <testcase name="Equals (748)" classname="spec_perl_TestZlibSurrounded_t" time="0.000527858734130859" />
  </testsuite>
  <testsuite name="spec_perl_TestTermStrz_t" errors="0" failures="0" skipped="0" tests="3" time="0.0450780391693115">
    <system-out>1..3
ok 1 - Equals
ok 2 - Equals
ok 3 - Equals
</system-out>
    <testcase name="Equals (749)" classname="spec_perl_TestTermStrz_t" time="0.000293970108032227" />
    <testcase name="Equals (750)" classname="spec_perl_TestTermStrz_t" time="0.000105142593383789" />
    <testcase name="Equals (751)" classname="spec_perl_TestTermStrz_t" time="6.29425048828125e-05" />
  </testsuite>
  <testsuite name="spec_perl_TestSwitchManualEnumInvalidElse_t" errors="0" failures="0" skipped="0" tests="5" time="0.0459349155426025">
    <system-out>1..5
ok 1 - Equals
ok 2 - Equals
ok 3 - Equals
ok 4 - Equals
ok 5 - Equals
</system-out>
    <testcase name="Equals (752)" classname="spec_perl_TestSwitchManualEnumInvalidElse_t" time="0.000233888626098633" />
    <testcase name="Equals (753)" classname="spec_perl_TestSwitchManualEnumInvalidElse_t" time="8.0108642578125e-05" />
    <testcase name="Equals (754)" classname="spec_perl_TestSwitchManualEnumInvalidElse_t" time="0.000135898590087891" />
    <testcase name="Equals (755)" classname="spec_perl_TestSwitchManualEnumInvalidElse_t" time="0.000124216079711914" />
    <testcase name="Equals (756)" classname="spec_perl_TestSwitchManualEnumInvalidElse_t" time="0.000134944915771484" />
  </testsuite>
  <testsuite name="spec_perl_TestProcessXorConst_t" errors="0" failures="0" skipped="0" tests="2" time="0.0426208972930908">
    <system-out>1..2
ok 1 - Equals
ok 2 - Equals
</system-out>
    <testcase name="Equals (757)" classname="spec_perl_TestProcessXorConst_t" time="0.000220060348510742" />
    <testcase name="Equals (758)" classname="spec_perl_TestProcessXorConst_t" time="7.89165496826172e-05" />
  </testsuite>
  <testsuite name="spec_perl_TestTypeIntUnaryOp_t" errors="0" failures="0" skipped="0" tests="4" time="0.0423641204833984">
    <system-out>1..4
ok 1 - Equals
ok 2 - Equals
ok 3 - Equals
ok 4 - Equals
</system-out>
    <testcase name="Equals (759)" classname="spec_perl_TestTypeIntUnaryOp_t" time="0.000226020812988281" />
    <testcase name="Equals (760)" classname="spec_perl_TestTypeIntUnaryOp_t" time="7.91549682617188e-05" />
    <testcase name="Equals (761)" classname="spec_perl_TestTypeIntUnaryOp_t" time="0.000138998031616211" />
    <testcase name="Equals (762)" classname="spec_perl_TestTypeIntUnaryOp_t" time="0.000128984451293945" />
  </testsuite>
  <testsuite name="spec_perl_TestDefaultEndianExprInherited_t" errors="0" failures="0" skipped="0" tests="15" time="0.044780969619751">
    <system-out>1..15
ok 1 - Equals
ok 2 - Equals
ok 3 - Equals
ok 4 - Equals
ok 5 - Equals
ok 6 - Equals
ok 7 - Equals
ok 8 - Equals
ok 9 - Equals
ok 10 - Equals
ok 11 - Equals
ok 12 - Equals
ok 13 - Equals
ok 14 - Equals
ok 15 - Equals
</system-out>
    <testcase name="Equals (763)" classname="spec_perl_TestDefaultEndianExprInherited_t" time="0.000312089920043945" />
    <testcase name="Equals (764)" classname="spec_perl_TestDefaultEndianExprInherited_t" time="8.79764556884766e-05" />
    <testcase name="Equals (765)" classname="spec_perl_TestDefaultEndianExprInherited_t" time="5.69820404052734e-05" />
    <testcase name="Equals (766)" classname="spec_perl_TestDefaultEndianExprInherited_t" time="0.000154018402099609" />
    <testcase name="Equals (767)" classname="spec_perl_TestDefaultEndianExprInherited_t" time="0.000123977661132812" />
    <testcase name="Equals (768)" classname="spec_perl_TestDefaultEndianExprInherited_t" time="0.000140905380249023" />
    <testcase name="Equals (769)" classname="spec_perl_TestDefaultEndianExprInherited_t" time="0.000111103057861328" />
    <testcase name="Equals (770)" classname="spec_perl_TestDefaultEndianExprInherited_t" time="0.000138998031616211" />
    <testcase name="Equals (771)" classname="spec_perl_TestDefaultEndianExprInherited_t" time="0.000123023986816406" />
    <testcase name="Equals (772)" classname="spec_perl_TestDefaultEndianExprInherited_t" time="0.000158071517944336" />
    <testcase name="Equals (773)" classname="spec_perl_TestDefaultEndianExprInherited_t" time="0.00010991096496582" />
    <testcase name="Equals (774)" classname="spec_perl_TestDefaultEndianExprInherited_t" time="0.000138998031616211" />
    <testcase name="Equals (775)" classname="spec_perl_TestDefaultEndianExprInherited_t" time="0.000128030776977539" />
    <testcase name="Equals (776)" classname="spec_perl_TestDefaultEndianExprInherited_t" time="0.000154972076416016" />
    <testcase name="Equals (777)" classname="spec_perl_TestDefaultEndianExprInherited_t" time="0.000123023986816406" />
  </testsuite>
  <testsuite name="spec_perl_TestDebugSwitchUser_t" errors="1" failures="0" skipped="0" tests="0" time="0.0541939735412598">
    <system-out></system-out>
    <testcase name="Test died too soon, even before plan. (777)" classname="spec_perl_TestDebugSwitchUser_t" time="0.0541939735412598">
      <failure message="The test suite died before a plan was produced. You need to have a plan." type="Plan">No plan</failure>
    </testcase>
  </testsuite>
  <testsuite name="spec_perl_TestBytesPadTerm_t" errors="0" failures="0" skipped="0" tests="4" time="0.0421888828277588">
    <system-out>1..4
ok 1 - Equals
ok 2 - Equals
ok 3 - Equals
ok 4 - Equals
</system-out>
    <testcase name="Equals (778)" classname="spec_perl_TestBytesPadTerm_t" time="0.000217199325561523" />
    <testcase name="Equals (779)" classname="spec_perl_TestBytesPadTerm_t" time="7.39097595214844e-05" />
    <testcase name="Equals (780)" classname="spec_perl_TestBytesPadTerm_t" time="0.000143051147460938" />
    <testcase name="Equals (781)" classname="spec_perl_TestBytesPadTerm_t" time="0.000128984451293945" />
  </testsuite>
  <testsuite name="spec_perl_TestIfInstances_t" errors="0" failures="0" skipped="0" tests="1" time="0.0417149066925049">
    <system-out>1..1
ok 1 - nil
</system-out>
    <testcase name="nil (781)" classname="spec_perl_TestIfInstances_t" time="0.000149965286254883" />
  </testsuite>
  <testsuite name="spec_perl_TestPositionToEnd_t" errors="0" failures="0" skipped="0" tests="2" time="0.0425460338592529">
    <system-out>1..2
ok 1 - Equals
ok 2 - Equals
</system-out>
    <testcase name="Equals (782)" classname="spec_perl_TestPositionToEnd_t" time="0.000165939331054688" />
    <testcase name="Equals (783)" classname="spec_perl_TestPositionToEnd_t" time="6.79492950439453e-05" />
  </testsuite>
  <testsuite name="spec_perl_TestSwitchElseOnly_t" errors="0" failures="0" skipped="0" tests="3" time="0.0424811840057373">
    <system-out>1..3
ok 1 - Equals
ok 2 - Equals
ok 3 - Equals
</system-out>
    <testcase name="Equals (784)" classname="spec_perl_TestSwitchElseOnly_t" time="0.00021815299987793" />
    <testcase name="Equals (785)" classname="spec_perl_TestSwitchElseOnly_t" time="7.89165496826172e-05" />
    <testcase name="Equals (786)" classname="spec_perl_TestSwitchElseOnly_t" time="0.000133991241455078" />
  </testsuite>
  <testsuite name="spec_perl_TestNestedTypes3_t" errors="0" failures="0" skipped="0" tests="5" time="0.044651985168457">
    <system-out>1..5
ok 1 - Equals
ok 2 - Equals
ok 3 - Equals
ok 4 - Equals
ok 5 - Equals
</system-out>
    <testcase name="Equals (787)" classname="spec_perl_TestNestedTypes3_t" time="0.000251054763793945" />
    <testcase name="Equals (788)" classname="spec_perl_TestNestedTypes3_t" time="8.29696655273438e-05" />
    <testcase name="Equals (789)" classname="spec_perl_TestNestedTypes3_t" time="0.000113964080810547" />
    <testcase name="Equals (790)" classname="spec_perl_TestNestedTypes3_t" time="0.000149965286254883" />
    <testcase name="Equals (791)" classname="spec_perl_TestNestedTypes3_t" time="0.000104188919067383" />
  </testsuite>
  <testsuite name="spec_perl_TestProcessToUser_t" errors="0" failures="0" skipped="0" tests="1" time="0.0459940433502197">
    <system-out>1..1
ok 1 - Equals
</system-out>
    <testcase name="Equals (792)" classname="spec_perl_TestProcessToUser_t" time="0.000540018081665039" />
  </testsuite>
  <testsuite name="spec_perl_TestProcessCoerceUsertype2_t" errors="0" failures="0" skipped="0" tests="4" time="0.0429320335388184">
    <system-out>1..4
ok 1 - Equals
ok 2 - Equals
ok 3 - Equals
ok 4 - Equals
</system-out>
    <testcase name="Equals (793)" classname="spec_perl_TestProcessCoerceUsertype2_t" time="0.00054621696472168" />
    <testcase name="Equals (794)" classname="spec_perl_TestProcessCoerceUsertype2_t" time="9.89437103271484e-05" />
    <testcase name="Equals (795)" classname="spec_perl_TestProcessCoerceUsertype2_t" time="6.19888305664062e-05" />
    <testcase name="Equals (796)" classname="spec_perl_TestProcessCoerceUsertype2_t" time="0.000105857849121094" />
  </testsuite>
  <testsuite name="spec_perl_TestSwitchManualIntElse_t" errors="0" failures="0" skipped="0" tests="9" time="0.0470290184020996">
    <system-out>1..9
ok 1 - Equals
ok 2 - Equals
ok 3 - Equals
ok 4 - Equals
ok 5 - Equals
ok 6 - Equals
ok 7 - Equals
ok 8 - Equals
ok 9 - Equals
</system-out>
    <testcase name="Equals (797)" classname="spec_perl_TestSwitchManualIntElse_t" time="0.000335931777954102" />
    <testcase name="Equals (798)" classname="spec_perl_TestSwitchManualIntElse_t" time="9.79900360107422e-05" />
    <testcase name="Equals (799)" classname="spec_perl_TestSwitchManualIntElse_t" time="6.79492950439453e-05" />
    <testcase name="Equals (800)" classname="spec_perl_TestSwitchManualIntElse_t" time="0.000118017196655273" />
    <testcase name="Equals (801)" classname="spec_perl_TestSwitchManualIntElse_t" time="0.00014805793762207" />
    <testcase name="Equals (802)" classname="spec_perl_TestSwitchManualIntElse_t" time="0.000104904174804688" />
    <testcase name="Equals (803)" classname="spec_perl_TestSwitchManualIntElse_t" time="0.000162124633789062" />
    <testcase name="Equals (804)" classname="spec_perl_TestSwitchManualIntElse_t" time="0.000105857849121094" />
    <testcase name="Equals (805)" classname="spec_perl_TestSwitchManualIntElse_t" time="0.00014805793762207" />
  </testsuite>
  <testsuite name="spec_perl_TestParamsPassStruct_t" errors="0" failures="1" skipped="1" tests="4" time="0.045896053314209">
    <system-out>1..4
ok 1 - Equals
ok 2 - Equals
not ok 3 - test_params_pass_struct died (Can't call method &quot;foo&quot; on an undefined value at spec/perl/TestParamsPassStruct.t line 17.)
ok 4 # skip test_params_pass_struct died
</system-out>
    <testcase name="Equals (806)" classname="spec_perl_TestParamsPassStruct_t" time="0.000232934951782227" />
    <testcase name="Equals (807)" classname="spec_perl_TestParamsPassStruct_t" time="7.60555267333984e-05" />
    <testcase name="test_params_pass_struct died (Can't call method &quot;foo&quot; on an undefined value at spec/perl/TestParamsPassStruct.t line 17.) (807)" classname="spec_perl_TestParamsPassStruct_t" time="0.000232934951782227">
      <failure message="not ok 3 - test_params_pass_struct died (Can't call method &quot;foo&quot; on an undefined value at spec/perl/TestParamsPassStruct.t line 17.)" type="TAP::Parser::Result::Test"></failure>
    </testcase>
    <testcase name="Unnamed test case 807" classname="spec_perl_TestParamsPassStruct_t" time="0.00157690048217773">
      <skipped message="ok 4 # skip test_params_pass_struct died" />
    </testcase>
  </testsuite>
  <testsuite name="spec_perl_TestParamsCallShort_t" errors="0" failures="3" skipped="0" tests="3" time="0.05336594581604">
    <system-out>1..3
not ok 1 - Equals
not ok 2 - Equals
not ok 3 - Equals
</system-out>
    <testcase name="Equals (808)" classname="spec_perl_TestParamsCallShort_t" time="0.000340938568115234">
      <failure message="not ok 1 - Equals" type="TAP::Parser::Result::Test"></failure>
    </testcase>
    <testcase name="Equals (809)" classname="spec_perl_TestParamsCallShort_t" time="0.00103902816772461">
      <failure message="not ok 2 - Equals" type="TAP::Parser::Result::Test"></failure>
    </testcase>
    <testcase name="Equals (810)" classname="spec_perl_TestParamsCallShort_t" time="0.00085902214050293">
      <failure message="not ok 3 - Equals" type="TAP::Parser::Result::Test"></failure>
    </testcase>
  </testsuite>
  <testsuite name="spec_perl_TestRepeatUntilComplex_t" errors="0" failures="0" skipped="0" tests="17" time="0.0450739860534668">
    <system-out>1..17
ok 1 - Equals
ok 2 - Equals
ok 3 - Equals
ok 4 - Equals
ok 5 - Equals
ok 6 - Equals
ok 7 - Equals
ok 8 - Equals
ok 9 - Equals
ok 10 - Equals
ok 11 - Equals
ok 12 - Equals
ok 13 - Equals
ok 14 - Equals
ok 15 - Equals
ok 16 - Equals
ok 17 - Equals
</system-out>
    <testcase name="Equals (811)" classname="spec_perl_TestRepeatUntilComplex_t" time="0.000299930572509766" />
    <testcase name="Equals (812)" classname="spec_perl_TestRepeatUntilComplex_t" time="8.51154327392578e-05" />
    <testcase name="Equals (813)" classname="spec_perl_TestRepeatUntilComplex_t" time="0.000129938125610352" />
    <testcase name="Equals (814)" classname="spec_perl_TestRepeatUntilComplex_t" time="0.000150918960571289" />
    <testcase name="Equals (815)" classname="spec_perl_TestRepeatUntilComplex_t" time="0.000121116638183594" />
    <testcase name="Equals (816)" classname="spec_perl_TestRepeatUntilComplex_t" time="0.000145912170410156" />
    <testcase name="Equals (817)" classname="spec_perl_TestRepeatUntilComplex_t" time="8.70227813720703e-05" />
    <testcase name="Equals (818)" classname="spec_perl_TestRepeatUntilComplex_t" time="0.000149965286254883" />
    <testcase name="Equals (819)" classname="spec_perl_TestRepeatUntilComplex_t" time="0.000123977661132812" />
    <testcase name="Equals (820)" classname="spec_perl_TestRepeatUntilComplex_t" time="0.000149011611938477" />
    <testcase name="Equals (821)" classname="spec_perl_TestRepeatUntilComplex_t" time="0.00011897087097168" />
    <testcase name="Equals (822)" classname="spec_perl_TestRepeatUntilComplex_t" time="0.000149011611938477" />
    <testcase name="Equals (823)" classname="spec_perl_TestRepeatUntilComplex_t" time="0.000123023986816406" />
    <testcase name="Equals (824)" classname="spec_perl_TestRepeatUntilComplex_t" time="0.00014495849609375" />
    <testcase name="Equals (825)" classname="spec_perl_TestRepeatUntilComplex_t" time="0.000138998031616211" />
    <testcase name="Equals (826)" classname="spec_perl_TestRepeatUntilComplex_t" time="7.51018524169922e-05" />
    <testcase name="Equals (827)" classname="spec_perl_TestRepeatUntilComplex_t" time="0.000143051147460938" />
  </testsuite>
  <testsuite name="spec_perl_TestCombineEnum_t" errors="0" failures="0" skipped="0" tests="3" time="0.0415120124816895">
    <system-out>1..3
ok 1 - Equals
ok 2 - Equals
ok 3 - Equals
</system-out>
    <testcase name="Equals (828)" classname="spec_perl_TestCombineEnum_t" time="0.000202178955078125" />
    <testcase name="Equals (829)" classname="spec_perl_TestCombineEnum_t" time="0.000111818313598633" />
    <testcase name="Equals (830)" classname="spec_perl_TestCombineEnum_t" time="0.000141143798828125" />
  </testsuite>
  <testsuite name="spec_perl_TestIndexToParamUntil_t" errors="0" failures="2" skipped="0" tests="7" time="0.0653860569000244">
    <system-out>1..7
ok 1 - Equals
ok 2 - Equals
ok 3 - Equals
ok 4 - Equals
ok 5 - Equals
not ok 6 - Equals
not ok 7 - Equals
</system-out>
    <testcase name="Equals (831)" classname="spec_perl_TestIndexToParamUntil_t" time="0.000488996505737305" />
    <testcase name="Equals (832)" classname="spec_perl_TestIndexToParamUntil_t" time="0.000417947769165039" />
    <testcase name="Equals (833)" classname="spec_perl_TestIndexToParamUntil_t" time="0.000468015670776367" />
    <testcase name="Equals (834)" classname="spec_perl_TestIndexToParamUntil_t" time="0.000789165496826172" />
    <testcase name="Equals (835)" classname="spec_perl_TestIndexToParamUntil_t" time="0.000407934188842773" />
    <testcase name="Equals (836)" classname="spec_perl_TestIndexToParamUntil_t" time="0.000573873519897461">
      <failure message="not ok 6 - Equals" type="TAP::Parser::Result::Test"></failure>
    </testcase>
    <testcase name="Equals (837)" classname="spec_perl_TestIndexToParamUntil_t" time="0.00182318687438965">
      <failure message="not ok 7 - Equals" type="TAP::Parser::Result::Test"></failure>
    </testcase>
  </testsuite>
  <testsuite name="spec_perl_TestEnumOfValueInst_t" errors="0" failures="0" skipped="0" tests="4" time="0.0422470569610596">
    <system-out>1..4
ok 1 - Equals
ok 2 - Equals
ok 3 - Equals
ok 4 - Equals
</system-out>
    <testcase name="Equals (838)" classname="spec_perl_TestEnumOfValueInst_t" time="0.000227928161621094" />
    <testcase name="Equals (839)" classname="spec_perl_TestEnumOfValueInst_t" time="7.51018524169922e-05" />
    <testcase name="Equals (840)" classname="spec_perl_TestEnumOfValueInst_t" time="0.000131845474243164" />
    <testcase name="Equals (841)" classname="spec_perl_TestEnumOfValueInst_t" time="0.000130176544189453" />
  </testsuite>
  <testsuite name="spec_perl_TestDefaultEndianMod_t" errors="0" failures="0" skipped="0" tests="3" time="0.041856050491333">
    <system-out>1..3
ok 1 - Equals
ok 2 - Equals
ok 3 - Equals
</system-out>
    <testcase name="Equals (842)" classname="spec_perl_TestDefaultEndianMod_t" time="0.000221967697143555" />
    <testcase name="Equals (843)" classname="spec_perl_TestDefaultEndianMod_t" time="8.20159912109375e-05" />
    <testcase name="Equals (844)" classname="spec_perl_TestDefaultEndianMod_t" time="0.000138044357299805" />
  </testsuite>
</testsuites>
