<?xml version='1.0' encoding='utf-8'?>
<testsuites>
  <testsuite name="spec_perl_TestEosExceptionU4_t" errors="0" failures="0" skipped="0" tests="1" time="0.044205904006958">
    <system-out>1..1
ok 1 - Died
</system-out>
    <testcase name="Died" classname="spec_perl_TestEosExceptionU4_t" time="0.000475883483886719" />
  </testsuite>
  <testsuite name="spec_perl_TestNavParentSwitchCast_t" errors="0" failures="0" skipped="0" tests="3" time="0.0433518886566162">
    <system-out>1..3
ok 1 - Equals
ok 2 - Equals
ok 3 - Equals
</system-out>
    <testcase name="Equals" classname="spec_perl_TestNavParentSwitchCast_t" time="0.000548839569091797" />
    <testcase name="Equals (2)" classname="spec_perl_TestNavParentSwitchCast_t" time="0.000100135803222656" />
    <testcase name="Equals (3)" classname="spec_perl_TestNavParentSwitchCast_t" time="5.69820404052734e-05" />
  </testsuite>
  <testsuite name="spec_perl_TestExpr2_t" errors="0" failures="0" skipped="0" tests="17" time="0.0484390258789062">
    <system-out>1..17
ok 1 - Equals
ok 2 - Equals
ok 3 - Equals
ok 4 - Equals
ok 5 - Equals
ok 6 - Equals
ok 7 - Equals
ok 8 - Equals
ok 9 - Equals
ok 10 - Equals
ok 11 - Equals
ok 12 - Equals
ok 13 - Equals
ok 14 - Equals
ok 15 - Equals
ok 16 - Equals
ok 17 - Equals
</system-out>
    <testcase name="Equals (4)" classname="spec_perl_TestExpr2_t" time="0.000599861145019531" />
    <testcase name="Equals (5)" classname="spec_perl_TestExpr2_t" time="9.60826873779297e-05" />
    <testcase name="Equals (6)" classname="spec_perl_TestExpr2_t" time="5.79357147216797e-05" />
    <testcase name="Equals (7)" classname="spec_perl_TestExpr2_t" time="0.000124931335449219" />
    <testcase name="Equals (8)" classname="spec_perl_TestExpr2_t" time="0.0001220703125" />
    <testcase name="Equals (9)" classname="spec_perl_TestExpr2_t" time="0.000128030776977539" />
    <testcase name="Equals (10)" classname="spec_perl_TestExpr2_t" time="0.00014495849609375" />
    <testcase name="Equals (11)" classname="spec_perl_TestExpr2_t" time="0.000169992446899414" />
    <testcase name="Equals (12)" classname="spec_perl_TestExpr2_t" time="0.000178098678588867" />
    <testcase name="Equals (13)" classname="spec_perl_TestExpr2_t" time="0.000121831893920898" />
    <testcase name="Equals (14)" classname="spec_perl_TestExpr2_t" time="0.000167131423950195" />
    <testcase name="Equals (15)" classname="spec_perl_TestExpr2_t" time="0.000102996826171875" />
    <testcase name="Equals (16)" classname="spec_perl_TestExpr2_t" time="0.000151872634887695" />
    <testcase name="Equals (17)" classname="spec_perl_TestExpr2_t" time="0.000158071517944336" />
    <testcase name="Equals (18)" classname="spec_perl_TestExpr2_t" time="0.000108003616333008" />
    <testcase name="Equals (19)" classname="spec_perl_TestExpr2_t" time="0.000127077102661133" />
    <testcase name="Equals (20)" classname="spec_perl_TestExpr2_t" time="0.000123023986816406" />
  </testsuite>
  <testsuite name="spec_perl_TestParamsEnum_t" errors="0" failures="1" skipped="0" tests="2" time="0.0476901531219482">
    <system-out>1..2
ok 1 - Equals
not ok 2 - Equals
</system-out>
    <testcase name="Equals (21)" classname="spec_perl_TestParamsEnum_t" time="0.000226020812988281" />
    <testcase name="Equals (22)" classname="spec_perl_TestParamsEnum_t" time="0.000164031982421875">
      <failure message="not ok 2 - Equals" type="TAP::Parser::Result::Test"></failure>
    </testcase>
  </testsuite>
  <testsuite name="spec_perl_TestEnum1_t" errors="0" failures="0" skipped="0" tests="2" time="0.0426819324493408">
    <system-out>1..2
ok 1 - Equals
ok 2 - Equals
</system-out>
    <testcase name="Equals (23)" classname="spec_perl_TestEnum1_t" time="0.000194072723388672" />
    <testcase name="Equals (24)" classname="spec_perl_TestEnum1_t" time="6.98566436767578e-05" />
  </testsuite>
  <testsuite name="spec_perl_TestExprIoEof_t" errors="0" failures="0" skipped="0" tests="4" time="0.0438258647918701">
    <system-out>1..4
ok 1 - Equals
ok 2 - Equals
ok 3 - Equals
ok 4 - Equals
</system-out>
    <testcase name="Equals (25)" classname="spec_perl_TestExprIoEof_t" time="0.000566005706787109" />
    <testcase name="Equals (26)" classname="spec_perl_TestExprIoEof_t" time="0.000142097473144531" />
    <testcase name="Equals (27)" classname="spec_perl_TestExprIoEof_t" time="4.98294830322266e-05" />
    <testcase name="Equals (28)" classname="spec_perl_TestExprIoEof_t" time="5.7220458984375e-05" />
  </testsuite>
  <testsuite name="spec_perl_TestNavParent3_t" errors="0" failures="0" skipped="0" tests="10" time="0.0467309951782227">
    <system-out>1..10
ok 1 - Equals
ok 2 - Equals
ok 3 - Equals
ok 4 - Equals
ok 5 - Equals
ok 6 - Equals
ok 7 - Equals
ok 8 - Equals
ok 9 - Equals
ok 10 - Equals
</system-out>
    <testcase name="Equals (29)" classname="spec_perl_TestNavParent3_t" time="0.000260114669799805" />
    <testcase name="Equals (30)" classname="spec_perl_TestNavParent3_t" time="8.29696655273438e-05" />
    <testcase name="Equals (31)" classname="spec_perl_TestNavParent3_t" time="0.000182867050170898" />
    <testcase name="Equals (32)" classname="spec_perl_TestNavParent3_t" time="9.20295715332031e-05" />
    <testcase name="Equals (33)" classname="spec_perl_TestNavParent3_t" time="0.00014495849609375" />
    <testcase name="Equals (34)" classname="spec_perl_TestNavParent3_t" time="0.000178098678588867" />
    <testcase name="Equals (35)" classname="spec_perl_TestNavParent3_t" time="0.000118017196655273" />
    <testcase name="Equals (36)" classname="spec_perl_TestNavParent3_t" time="0.000145912170410156" />
    <testcase name="Equals (37)" classname="spec_perl_TestNavParent3_t" time="0.000123977661132812" />
    <testcase name="Equals (38)" classname="spec_perl_TestNavParent3_t" time="0.000174045562744141" />
  </testsuite>
  <testsuite name="spec_perl_TestEnumIntRangeU_t" errors="0" failures="0" skipped="0" tests="2" time="0.0444421768188477">
    <system-out>1..2
ok 1 - Equals
ok 2 - Equals
</system-out>
    <testcase name="Equals (39)" classname="spec_perl_TestEnumIntRangeU_t" time="0.000232934951782227" />
    <testcase name="Equals (40)" classname="spec_perl_TestEnumIntRangeU_t" time="7.89165496826172e-05" />
  </testsuite>
  <testsuite name="spec_perl_TestFixedStruct_t" errors="1" failures="0" skipped="0" tests="0" time="0.0415129661560059">
    <system-out></system-out>
    <testcase name="Test died too soon, even before plan. (40)" classname="spec_perl_TestFixedStruct_t" time="0.0415129661560059">
      <failure message="The test suite died before a plan was produced. You need to have a plan." type="Plan">No plan</failure>
    </testcase>
  </testsuite>
  <testsuite name="spec_perl_TestRepeatNStrzDouble_t" errors="0" failures="0" skipped="0" tests="3" time="0.0457210540771484">
    <system-out>1..3
ok 1 - Equals
ok 2 - Equals
ok 3 - Equals
</system-out>
    <testcase name="Equals (41)" classname="spec_perl_TestRepeatNStrzDouble_t" time="0.000355005264282227" />
    <testcase name="Equals (42)" classname="spec_perl_TestRepeatNStrzDouble_t" time="8.89301300048828e-05" />
    <testcase name="Equals (43)" classname="spec_perl_TestRepeatNStrzDouble_t" time="5.60283660888672e-05" />
  </testsuite>
  <testsuite name="spec_perl_TestValidLong_t" errors="1" failures="0" skipped="0" tests="0" time="0.0420370101928711">
    <system-out></system-out>
    <testcase name="Test died too soon, even before plan. (43)" classname="spec_perl_TestValidLong_t" time="0.0420370101928711">
      <failure message="The test suite died before a plan was produced. You need to have a plan." type="Plan">No plan</failure>
    </testcase>
  </testsuite>
  <testsuite name="spec_perl_TestPositionAbs_t" errors="0" failures="0" skipped="0" tests="2" time="0.0533781051635742">
    <system-out>1..2
ok 1 - Equals
ok 2 - Equals
</system-out>
    <testcase name="Equals (44)" classname="spec_perl_TestPositionAbs_t" time="0.000269174575805664" />
    <testcase name="Equals (45)" classname="spec_perl_TestPositionAbs_t" time="0.000159025192260742" />
  </testsuite>
  <testsuite name="spec_perl_TestExprSizeofType0_t" errors="0" failures="0" skipped="0" tests="1" time="0.0424880981445312">
    <system-out>1..1
ok 1 - Equals
</system-out>
    <testcase name="Equals (46)" classname="spec_perl_TestExprSizeofType0_t" time="0.000242948532104492" />
  </testsuite>
  <testsuite name="spec_perl_TestSwitchMultiBoolOps_t" errors="0" failures="0" skipped="0" tests="9" time="0.0459589958190918">
    <system-out>1..9
ok 1 - Equals
ok 2 - Equals
ok 3 - Equals
ok 4 - Equals
ok 5 - Equals
ok 6 - Equals
ok 7 - Equals
ok 8 - Equals
ok 9 - Equals
</system-out>
    <testcase name="Equals (47)" classname="spec_perl_TestSwitchMultiBoolOps_t" time="0.0002899169921875" />
    <testcase name="Equals (48)" classname="spec_perl_TestSwitchMultiBoolOps_t" time="8.51154327392578e-05" />
    <testcase name="Equals (49)" classname="spec_perl_TestSwitchMultiBoolOps_t" time="9.20295715332031e-05" />
    <testcase name="Equals (50)" classname="spec_perl_TestSwitchMultiBoolOps_t" time="0.000163078308105469" />
    <testcase name="Equals (51)" classname="spec_perl_TestSwitchMultiBoolOps_t" time="0.000120878219604492" />
    <testcase name="Equals (52)" classname="spec_perl_TestSwitchMultiBoolOps_t" time="0.000137090682983398" />
    <testcase name="Equals (53)" classname="spec_perl_TestSwitchMultiBoolOps_t" time="0.000123023986816406" />
    <testcase name="Equals (54)" classname="spec_perl_TestSwitchMultiBoolOps_t" time="0.000156879425048828" />
    <testcase name="Equals (55)" classname="spec_perl_TestSwitchMultiBoolOps_t" time="0.000121116638183594" />
  </testsuite>
  <testsuite name="spec_perl_TestProcessCoerceUsertype1_t" errors="0" failures="0" skipped="0" tests="4" time="0.0432758331298828">
    <system-out>1..4
ok 1 - Equals
ok 2 - Equals
ok 3 - Equals
ok 4 - Equals
</system-out>
    <testcase name="Equals (56)" classname="spec_perl_TestProcessCoerceUsertype1_t" time="0.000580072402954102" />
    <testcase name="Equals (57)" classname="spec_perl_TestProcessCoerceUsertype1_t" time="0.000113010406494141" />
    <testcase name="Equals (58)" classname="spec_perl_TestProcessCoerceUsertype1_t" time="7.48634338378906e-05" />
    <testcase name="Equals (59)" classname="spec_perl_TestProcessCoerceUsertype1_t" time="6.50882720947266e-05" />
  </testsuite>
  <testsuite name="spec_perl_TestRecursiveOne_t" errors="0" failures="0" skipped="0" tests="4" time="0.043691873550415">
    <system-out>1..4
ok 1 - Equals
ok 2 - Equals
ok 3 - Equals
ok 4 - Equals
</system-out>
    <testcase name="Equals (60)" classname="spec_perl_TestRecursiveOne_t" time="0.000239133834838867" />
    <testcase name="Equals (61)" classname="spec_perl_TestRecursiveOne_t" time="8.60691070556641e-05" />
    <testcase name="Equals (62)" classname="spec_perl_TestRecursiveOne_t" time="0.000153779983520508" />
    <testcase name="Equals (63)" classname="spec_perl_TestRecursiveOne_t" time="0.000168085098266602" />
  </testsuite>
  <testsuite name="spec_perl_TestExprEnum_t" errors="0" failures="0" skipped="0" tests="3" time="0.0471200942993164">
    <system-out>1..3
ok 1 - Equals
ok 2 - Equals
ok 3 - Equals
</system-out>
    <testcase name="Equals (64)" classname="spec_perl_TestExprEnum_t" time="0.000233888626098633" />
    <testcase name="Equals (65)" classname="spec_perl_TestExprEnum_t" time="7.91549682617188e-05" />
    <testcase name="Equals (66)" classname="spec_perl_TestExprEnum_t" time="0.000135898590087891" />
  </testsuite>
  <testsuite name="spec_perl_TestSwitchManualStrElse_t" errors="0" failures="0" skipped="0" tests="9" time="0.0494580268859863">
    <system-out>1..9
ok 1 - Equals
ok 2 - Equals
ok 3 - Equals
ok 4 - Equals
ok 5 - Equals
ok 6 - Equals
ok 7 - Equals
ok 8 - Equals
ok 9 - Equals
</system-out>
    <testcase name="Equals (67)" classname="spec_perl_TestSwitchManualStrElse_t" time="0.000401020050048828" />
    <testcase name="Equals (68)" classname="spec_perl_TestSwitchManualStrElse_t" time="9.10758972167969e-05" />
    <testcase name="Equals (69)" classname="spec_perl_TestSwitchManualStrElse_t" time="6.103515625e-05" />
    <testcase name="Equals (70)" classname="spec_perl_TestSwitchManualStrElse_t" time="0.00014495849609375" />
    <testcase name="Equals (71)" classname="spec_perl_TestSwitchManualStrElse_t" time="0.000138044357299805" />
    <testcase name="Equals (72)" classname="spec_perl_TestSwitchManualStrElse_t" time="0.000116825103759766" />
    <testcase name="Equals (73)" classname="spec_perl_TestSwitchManualStrElse_t" time="0.00014805793762207" />
    <testcase name="Equals (74)" classname="spec_perl_TestSwitchManualStrElse_t" time="0.000128984451293945" />
    <testcase name="Equals (75)" classname="spec_perl_TestSwitchManualStrElse_t" time="0.000151157379150391" />
  </testsuite>
  <testsuite name="spec_perl_TestProcessCustomNoArgs_t" errors="1" failures="0" skipped="0" tests="0" time="0.043165922164917">
    <system-out></system-out>
    <testcase name="Test died too soon, even before plan. (75)" classname="spec_perl_TestProcessCustomNoArgs_t" time="0.043165922164917">
      <failure message="The test suite died before a plan was produced. You need to have a plan." type="Plan">No plan</failure>
    </testcase>
  </testsuite>
  <testsuite name="spec_perl_TestExpr0_t" errors="0" failures="0" skipped="0" tests="2" time="0.042863130569458">
    <system-out>1..2
ok 1 - Equals
ok 2 - Equals
</system-out>
    <testcase name="Equals (76)" classname="spec_perl_TestExpr0_t" time="0.000256061553955078" />
    <testcase name="Equals (77)" classname="spec_perl_TestExpr0_t" time="8.20159912109375e-05" />
  </testsuite>
  <testsuite name="spec_perl_TestEofExceptionU4_t" errors="0" failures="0" skipped="0" tests="1" time="0.0445079803466797">
    <system-out>1..1
ok 1 - Died
</system-out>
    <testcase name="Died (77)" classname="spec_perl_TestEofExceptionU4_t" time="0.000184774398803711" />
  </testsuite>
  <testsuite name="spec_perl_TestNestedTypes3_t" errors="0" failures="0" skipped="0" tests="5" time="0.0436079502105713">
    <system-out>1..5
ok 1 - Equals
ok 2 - Equals
ok 3 - Equals
ok 4 - Equals
ok 5 - Equals
</system-out>
    <testcase name="Equals (78)" classname="spec_perl_TestNestedTypes3_t" time="0.000253915786743164" />
    <testcase name="Equals (79)" classname="spec_perl_TestNestedTypes3_t" time="8.0108642578125e-05" />
    <testcase name="Equals (80)" classname="spec_perl_TestNestedTypes3_t" time="0.000113010406494141" />
    <testcase name="Equals (81)" classname="spec_perl_TestNestedTypes3_t" time="0.000149011611938477" />
    <testcase name="Equals (82)" classname="spec_perl_TestNestedTypes3_t" time="9.70363616943359e-05" />
  </testsuite>
  <testsuite name="spec_perl_TestExprMod_t" errors="0" failures="0" skipped="0" tests="6" time="0.043471097946167">
    <system-out>1..6
ok 1 - Equals
ok 2 - Equals
ok 3 - Equals
ok 4 - Equals
ok 5 - Equals
ok 6 - Equals
</system-out>
    <testcase name="Equals (83)" classname="spec_perl_TestExprMod_t" time="0.000201940536499023" />
    <testcase name="Equals (84)" classname="spec_perl_TestExprMod_t" time="7.10487365722656e-05" />
    <testcase name="Equals (85)" classname="spec_perl_TestExprMod_t" time="0.000153064727783203" />
    <testcase name="Equals (86)" classname="spec_perl_TestExprMod_t" time="0.000125885009765625" />
    <testcase name="Equals (87)" classname="spec_perl_TestExprMod_t" time="0.000113964080810547" />
    <testcase name="Equals (88)" classname="spec_perl_TestExprMod_t" time="0.000142097473144531" />
  </testsuite>
  <testsuite name="spec_perl_TestDocstrings_t" errors="0" failures="0" skipped="1" tests="1" time="0.04345703125">
    <system-out>1..1
ok 1 # skip Docstrings=HASH(0x129ea60)
</system-out>
    <testcase name="Unnamed test case 88" classname="spec_perl_TestDocstrings_t" time="0.00119400024414062">
      <skipped message="ok 1 # skip Docstrings=HASH(0x129ea60)" />
    </testcase>
  </testsuite>
  <testsuite name="spec_perl_TestStrLiterals_t" errors="0" failures="0" skipped="0" tests="5" time="0.0438451766967773">
    <system-out>1..5
ok 1 - Equals
ok 2 - Equals
ok 3 - Equals
ok 4 - Equals
ok 5 - Equals
</system-out>
    <testcase name="Equals (89)" classname="spec_perl_TestStrLiterals_t" time="0.000284910202026367" />
    <testcase name="Equals (90)" classname="spec_perl_TestStrLiterals_t" time="8.82148742675781e-05" />
    <testcase name="Equals (91)" classname="spec_perl_TestStrLiterals_t" time="0.000108003616333008" />
    <testcase name="Equals (92)" classname="spec_perl_TestStrLiterals_t" time="0.000146865844726562" />
    <testcase name="Equals (93)" classname="spec_perl_TestStrLiterals_t" time="0.000173091888427734" />
  </testsuite>
  <testsuite name="spec_perl_TestStrCombine_t" errors="0" failures="0" skipped="0" tests="15" time="0.0477850437164307">
    <system-out>1..15
ok 1 - Equals
ok 2 - Equals
ok 3 - Equals
ok 4 - Equals
ok 5 - Equals
ok 6 - Equals
ok 7 - Equals
ok 8 - Equals
ok 9 - Equals
ok 10 - Equals
ok 11 - Equals
ok 12 - Equals
ok 13 - Equals
ok 14 - Equals
ok 15 - Equals
</system-out>
    <testcase name="Equals (94)" classname="spec_perl_TestStrCombine_t" time="0.000258207321166992" />
    <testcase name="Equals (95)" classname="spec_perl_TestStrCombine_t" time="8.08238983154297e-05" />
    <testcase name="Equals (96)" classname="spec_perl_TestStrCombine_t" time="8.60691070556641e-05" />
    <testcase name="Equals (97)" classname="spec_perl_TestStrCombine_t" time="0.000149011611938477" />
    <testcase name="Equals (98)" classname="spec_perl_TestStrCombine_t" time="0.000164985656738281" />
    <testcase name="Equals (99)" classname="spec_perl_TestStrCombine_t" time="0.000108003616333008" />
    <testcase name="Equals (100)" classname="spec_perl_TestStrCombine_t" time="0.00014495849609375" />
    <testcase name="Equals (101)" classname="spec_perl_TestStrCombine_t" time="0.000113964080810547" />
    <testcase name="Equals (102)" classname="spec_perl_TestStrCombine_t" time="0.000143051147460938" />
    <testcase name="Equals (103)" classname="spec_perl_TestStrCombine_t" time="0.000116109848022461" />
    <testcase name="Equals (104)" classname="spec_perl_TestStrCombine_t" time="0.000165939331054688" />
    <testcase name="Equals (105)" classname="spec_perl_TestStrCombine_t" time="0.000140905380249023" />
    <testcase name="Equals (106)" classname="spec_perl_TestStrCombine_t" time="0.00018310546875" />
    <testcase name="Equals (107)" classname="spec_perl_TestStrCombine_t" time="0.000102043151855469" />
    <testcase name="Equals (108)" classname="spec_perl_TestStrCombine_t" time="0.000149011611938477" />
  </testsuite>
  <testsuite name="spec_perl_TestNavParent2_t" errors="0" failures="0" skipped="0" tests="10" time="0.0472230911254883">
    <system-out>1..10
ok 1 - Equals
ok 2 - Equals
ok 3 - Equals
ok 4 - Equals
ok 5 - Equals
ok 6 - Equals
ok 7 - Equals
ok 8 - Equals
ok 9 - Equals
ok 10 - Equals
</system-out>
    <testcase name="Equals (109)" classname="spec_perl_TestNavParent2_t" time="0.000272989273071289" />
    <testcase name="Equals (110)" classname="spec_perl_TestNavParent2_t" time="8.392333984375e-05" />
    <testcase name="Equals (111)" classname="spec_perl_TestNavParent2_t" time="7.20024108886719e-05" />
    <testcase name="Equals (112)" classname="spec_perl_TestNavParent2_t" time="0.000161170959472656" />
    <testcase name="Equals (113)" classname="spec_perl_TestNavParent2_t" time="0.000104904174804688" />
    <testcase name="Equals (114)" classname="spec_perl_TestNavParent2_t" time="0.000198125839233398" />
    <testcase name="Equals (115)" classname="spec_perl_TestNavParent2_t" time="9.79900360107422e-05" />
    <testcase name="Equals (116)" classname="spec_perl_TestNavParent2_t" time="0.000139951705932617" />
    <testcase name="Equals (117)" classname="spec_perl_TestNavParent2_t" time="0.000125885009765625" />
    <testcase name="Equals (118)" classname="spec_perl_TestNavParent2_t" time="0.000175952911376953" />
  </testsuite>
  <testsuite name="spec_perl_TestExprBytesCmp_t" errors="0" failures="0" skipped="0" tests="10" time="0.0442800521850586">
    <system-out>1..10
ok 1 - Equals
ok 2 - Equals
ok 3 - Equals
ok 4 - Equals
ok 5 - Equals
ok 6 - Equals
ok 7 - Equals
ok 8 - Equals
ok 9 - Equals
ok 10 - Equals
</system-out>
    <testcase name="Equals (119)" classname="spec_perl_TestExprBytesCmp_t" time="0.000194072723388672" />
    <testcase name="Equals (120)" classname="spec_perl_TestExprBytesCmp_t" time="7.48634338378906e-05" />
    <testcase name="Equals (121)" classname="spec_perl_TestExprBytesCmp_t" time="0.000159025192260742" />
    <testcase name="Equals (122)" classname="spec_perl_TestExprBytesCmp_t" time="0.000108957290649414" />
    <testcase name="Equals (123)" classname="spec_perl_TestExprBytesCmp_t" time="0.000129222869873047" />
    <testcase name="Equals (124)" classname="spec_perl_TestExprBytesCmp_t" time="0.000134944915771484" />
    <testcase name="Equals (125)" classname="spec_perl_TestExprBytesCmp_t" time="0.000116825103759766" />
    <testcase name="Equals (126)" classname="spec_perl_TestExprBytesCmp_t" time="0.000140190124511719" />
    <testcase name="Equals (127)" classname="spec_perl_TestExprBytesCmp_t" time="0.000116825103759766" />
    <testcase name="Equals (128)" classname="spec_perl_TestExprBytesCmp_t" time="0.000158071517944336" />
  </testsuite>
  <testsuite name="spec_perl_TestInstanceStdArray_t" errors="0" failures="0" skipped="0" tests="7" time="0.0436830520629883">
    <system-out>1..7
ok 1 - Equals
ok 2 - Equals
ok 3 - Equals
ok 4 - Equals
ok 5 - Equals
ok 6 - Equals
ok 7 - Equals
</system-out>
    <testcase name="Equals (129)" classname="spec_perl_TestInstanceStdArray_t" time="0.000291109085083008" />
    <testcase name="Equals (130)" classname="spec_perl_TestInstanceStdArray_t" time="8.79764556884766e-05" />
    <testcase name="Equals (131)" classname="spec_perl_TestInstanceStdArray_t" time="6.19888305664062e-05" />
    <testcase name="Equals (132)" classname="spec_perl_TestInstanceStdArray_t" time="0.000169038772583008" />
    <testcase name="Equals (133)" classname="spec_perl_TestInstanceStdArray_t" time="0.000123023986816406" />
    <testcase name="Equals (134)" classname="spec_perl_TestInstanceStdArray_t" time="0.000135898590087891" />
    <testcase name="Equals (135)" classname="spec_perl_TestInstanceStdArray_t" time="0.000130891799926758" />
  </testsuite>
  <testsuite name="spec_perl_TestStrLiterals2_t" errors="0" failures="0" skipped="0" tests="4" time="0.042917013168335">
    <system-out>1..4
ok 1 - Equals
ok 2 - Equals
ok 3 - Equals
ok 4 - Equals
</system-out>
    <testcase name="Equals (136)" classname="spec_perl_TestStrLiterals2_t" time="0.000233888626098633" />
    <testcase name="Equals (137)" classname="spec_perl_TestStrLiterals2_t" time="8.0108642578125e-05" />
    <testcase name="Equals (138)" classname="spec_perl_TestStrLiterals2_t" time="0.000135898590087891" />
    <testcase name="Equals (139)" classname="spec_perl_TestStrLiterals2_t" time="0.000141143798828125" />
  </testsuite>
  <testsuite name="spec_perl_TestNavParentSwitch_t" errors="0" failures="0" skipped="0" tests="3" time="0.0430958271026611">
    <system-out>1..3
ok 1 - Equals
ok 2 - Equals
ok 3 - Equals
</system-out>
    <testcase name="Equals (140)" classname="spec_perl_TestNavParentSwitch_t" time="0.000262975692749023" />
    <testcase name="Equals (141)" classname="spec_perl_TestNavParentSwitch_t" time="9.10758972167969e-05" />
    <testcase name="Equals (142)" classname="spec_perl_TestNavParentSwitch_t" time="6.00814819335938e-05" />
  </testsuite>
  <testsuite name="spec_perl_TestYamlInts_t" errors="0" failures="0" skipped="0" tests="4" time="0.0481889247894287">
    <system-out>1..4
ok 1 - Equals
ok 2 - Equals
ok 3 - Equals
ok 4 - Equals
</system-out>
    <testcase name="Equals (143)" classname="spec_perl_TestYamlInts_t" time="0.000566959381103516" />
    <testcase name="Equals (144)" classname="spec_perl_TestYamlInts_t" time="0.000306844711303711" />
    <testcase name="Equals (145)" classname="spec_perl_TestYamlInts_t" time="0.000261068344116211" />
    <testcase name="Equals (146)" classname="spec_perl_TestYamlInts_t" time="0.000246047973632812" />
  </testsuite>
  <testsuite name="spec_perl_TestStrPadTerm_t" errors="0" failures="0" skipped="0" tests="4" time="0.0462839603424072">
    <system-out>1..4
ok 1 - Equals
ok 2 - Equals
ok 3 - Equals
ok 4 - Equals
</system-out>
    <testcase name="Equals (147)" classname="spec_perl_TestStrPadTerm_t" time="0.0003509521484375" />
    <testcase name="Equals (148)" classname="spec_perl_TestStrPadTerm_t" time="9.20295715332031e-05" />
    <testcase name="Equals (149)" classname="spec_perl_TestStrPadTerm_t" time="5.69820404052734e-05" />
    <testcase name="Equals (150)" classname="spec_perl_TestStrPadTerm_t" time="0.000140905380249023" />
  </testsuite>
  <testsuite name="spec_perl_TestProcessRepeatUsertype_t" errors="0" failures="0" skipped="0" tests="4" time="0.044687032699585">
    <system-out>1..4
ok 1 - Equals
ok 2 - Equals
ok 3 - Equals
ok 4 - Equals
</system-out>
    <testcase name="Equals (151)" classname="spec_perl_TestProcessRepeatUsertype_t" time="0.000577211380004883" />
    <testcase name="Equals (152)" classname="spec_perl_TestProcessRepeatUsertype_t" time="0.000111818313598633" />
    <testcase name="Equals (153)" classname="spec_perl_TestProcessRepeatUsertype_t" time="4.91142272949219e-05" />
    <testcase name="Equals (154)" classname="spec_perl_TestProcessRepeatUsertype_t" time="6.19888305664062e-05" />
  </testsuite>
  <testsuite name="spec_perl_TestNestedTypes_t" errors="0" failures="0" skipped="0" tests="3" time="0.0427489280700684">
    <system-out>1..3
ok 1 - Equals
ok 2 - Equals
ok 3 - Equals
</system-out>
    <testcase name="Equals (155)" classname="spec_perl_TestNestedTypes_t" time="0.00024104118347168" />
    <testcase name="Equals (156)" classname="spec_perl_TestNestedTypes_t" time="7.98702239990234e-05" />
    <testcase name="Equals (157)" classname="spec_perl_TestNestedTypes_t" time="8.29696655273438e-05" />
  </testsuite>
  <testsuite name="spec_perl_TestEnumLongRangeS_t" errors="0" failures="0" skipped="0" tests="7" time="0.04494309425354">
    <system-out>1..7
ok 1 - Equals
ok 2 - Equals
ok 3 - Equals
ok 4 - Equals
ok 5 - Equals
ok 6 - Equals
ok 7 - Equals
</system-out>
    <testcase name="Equals (158)" classname="spec_perl_TestEnumLongRangeS_t" time="0.000268936157226562" />
    <testcase name="Equals (159)" classname="spec_perl_TestEnumLongRangeS_t" time="9.60826873779297e-05" />
    <testcase name="Equals (160)" classname="spec_perl_TestEnumLongRangeS_t" time="6.103515625e-05" />
    <testcase name="Equals (161)" classname="spec_perl_TestEnumLongRangeS_t" time="0.000157833099365234" />
    <testcase name="Equals (162)" classname="spec_perl_TestEnumLongRangeS_t" time="0.000123977661132812" />
    <testcase name="Equals (163)" classname="spec_perl_TestEnumLongRangeS_t" time="0.000146150588989258" />
    <testcase name="Equals (164)" classname="spec_perl_TestEnumLongRangeS_t" time="0.000123023986816406" />
  </testsuite>
  <testsuite name="spec_perl_TestNavParentVsValueInst_t" errors="0" failures="0" skipped="0" tests="1" time="0.0454628467559814">
    <system-out>1..1
ok 1 - Equals
</system-out>
    <testcase name="Equals (165)" classname="spec_perl_TestNavParentVsValueInst_t" time="0.000275850296020508" />
  </testsuite>
  <testsuite name="spec_perl_TestRepeatUntilComplex_t" errors="0" failures="0" skipped="0" tests="17" time="0.0449378490447998">
    <system-out>1..17
ok 1 - Equals
ok 2 - Equals
ok 3 - Equals
ok 4 - Equals
ok 5 - Equals
ok 6 - Equals
ok 7 - Equals
ok 8 - Equals
ok 9 - Equals
ok 10 - Equals
ok 11 - Equals
ok 12 - Equals
ok 13 - Equals
ok 14 - Equals
ok 15 - Equals
ok 16 - Equals
ok 17 - Equals
</system-out>
    <testcase name="Equals (166)" classname="spec_perl_TestRepeatUntilComplex_t" time="0.000311136245727539" />
    <testcase name="Equals (167)" classname="spec_perl_TestRepeatUntilComplex_t" time="8.89301300048828e-05" />
    <testcase name="Equals (168)" classname="spec_perl_TestRepeatUntilComplex_t" time="0.000113964080810547" />
    <testcase name="Equals (169)" classname="spec_perl_TestRepeatUntilComplex_t" time="0.000168085098266602" />
    <testcase name="Equals (170)" classname="spec_perl_TestRepeatUntilComplex_t" time="9.98973846435547e-05" />
    <testcase name="Equals (171)" classname="spec_perl_TestRepeatUntilComplex_t" time="0.000138998031616211" />
    <testcase name="Equals (172)" classname="spec_perl_TestRepeatUntilComplex_t" time="7.51018524169922e-05" />
    <testcase name="Equals (173)" classname="spec_perl_TestRepeatUntilComplex_t" time="0.000144004821777344" />
    <testcase name="Equals (174)" classname="spec_perl_TestRepeatUntilComplex_t" time="0.000145912170410156" />
    <testcase name="Equals (175)" classname="spec_perl_TestRepeatUntilComplex_t" time="0.000119924545288086" />
    <testcase name="Equals (176)" classname="spec_perl_TestRepeatUntilComplex_t" time="0.000144004821777344" />
    <testcase name="Equals (177)" classname="spec_perl_TestRepeatUntilComplex_t" time="0.000123023986816406" />
    <testcase name="Equals (178)" classname="spec_perl_TestRepeatUntilComplex_t" time="0.000123977661132812" />
    <testcase name="Equals (179)" classname="spec_perl_TestRepeatUntilComplex_t" time="0.000142097473144531" />
    <testcase name="Equals (180)" classname="spec_perl_TestRepeatUntilComplex_t" time="0.000113964080810547" />
    <testcase name="Equals (181)" classname="spec_perl_TestRepeatUntilComplex_t" time="8.29696655273438e-05" />
    <testcase name="Equals (182)" classname="spec_perl_TestRepeatUntilComplex_t" time="0.000149011611938477" />
  </testsuite>
  <testsuite name="spec_perl_TestSwitchManualIntSize_t" errors="0" failures="0" skipped="0" tests="10" time="0.0480241775512695">
    <system-out>1..10
ok 1 - Equals
ok 2 - Equals
ok 3 - Equals
ok 4 - Equals
ok 5 - Equals
ok 6 - Equals
ok 7 - Equals
ok 8 - Equals
ok 9 - Equals
ok 10 - Equals
</system-out>
    <testcase name="Equals (183)" classname="spec_perl_TestSwitchManualIntSize_t" time="0.000635147094726562" />
    <testcase name="Equals (184)" classname="spec_perl_TestSwitchManualIntSize_t" time="0.000108003616333008" />
    <testcase name="Equals (185)" classname="spec_perl_TestSwitchManualIntSize_t" time="6.07967376708984e-05" />
    <testcase name="Equals (186)" classname="spec_perl_TestSwitchManualIntSize_t" time="0.000105142593383789" />
    <testcase name="Equals (187)" classname="spec_perl_TestSwitchManualIntSize_t" time="0.000144004821777344" />
    <testcase name="Equals (188)" classname="spec_perl_TestSwitchManualIntSize_t" time="0.000155925750732422" />
    <testcase name="Equals (189)" classname="spec_perl_TestSwitchManualIntSize_t" time="0.000137090682983398" />
    <testcase name="Equals (190)" classname="spec_perl_TestSwitchManualIntSize_t" time="0.000146865844726562" />
    <testcase name="Equals (191)" classname="spec_perl_TestSwitchManualIntSize_t" time="0.000126123428344727" />
    <testcase name="Equals (192)" classname="spec_perl_TestSwitchManualIntSize_t" time="0.000145912170410156" />
  </testsuite>
  <testsuite name="spec_perl_TestEnumImport_t" errors="0" failures="2" skipped="0" tests="2" time="0.0467138290405273">
    <system-out>1..2
not ok 1 - Equals
not ok 2 - Equals
</system-out>
    <testcase name="Equals (193)" classname="spec_perl_TestEnumImport_t" time="0.00015711784362793">
      <failure message="not ok 1 - Equals" type="TAP::Parser::Result::Test"></failure>
    </testcase>
    <testcase name="Equals (194)" classname="spec_perl_TestEnumImport_t" time="6.38961791992188e-05">
      <failure message="not ok 2 - Equals" type="TAP::Parser::Result::Test"></failure>
    </testcase>
  </testsuite>
  <testsuite name="spec_perl_TestPositionToEnd_t" errors="0" failures="0" skipped="0" tests="2" time="0.0434870719909668">
    <system-out>1..2
ok 1 - Equals
ok 2 - Equals
</system-out>
    <testcase name="Equals (195)" classname="spec_perl_TestPositionToEnd_t" time="0.000290155410766602" />
    <testcase name="Equals (196)" classname="spec_perl_TestPositionToEnd_t" time="8.70227813720703e-05" />
  </testsuite>
  <testsuite name="spec_perl_TestFloatingPoints_t" errors="0" failures="0" skipped="0" tests="8" time="0.0478780269622803">
    <system-out>1..8
ok 1 - Approx equals
ok 2 - Approx equals
ok 3 - Approx equals
ok 4 - Approx equals
ok 5 - Approx equals
ok 6 - Approx equals
ok 7 - Approx equals
ok 8 - Approx equals
</system-out>
    <testcase name="Approx equals (196)" classname="spec_perl_TestFloatingPoints_t" time="0.000184774398803711" />
    <testcase name="Approx equals (197)" classname="spec_perl_TestFloatingPoints_t" time="5.60283660888672e-05" />
    <testcase name="Approx equals (198)" classname="spec_perl_TestFloatingPoints_t" time="5.91278076171875e-05" />
    <testcase name="Approx equals (199)" classname="spec_perl_TestFloatingPoints_t" time="4.38690185546875e-05" />
    <testcase name="Approx equals (200)" classname="spec_perl_TestFloatingPoints_t" time="4.10079956054688e-05" />
    <testcase name="Approx equals (201)" classname="spec_perl_TestFloatingPoints_t" time="4.00543212890625e-05" />
    <testcase name="Approx equals (202)" classname="spec_perl_TestFloatingPoints_t" time="5.69820404052734e-05" />
    <testcase name="Approx equals (203)" classname="spec_perl_TestFloatingPoints_t" time="4.00543212890625e-05" />
  </testsuite>
  <testsuite name="spec_perl_TestDebug0_t" errors="0" failures="0" skipped="1" tests="1" time="0.043043851852417">
    <system-out>1..1
ok 1 # skip test_debug_0
</system-out>
    <testcase name="Unnamed test case 203" classname="spec_perl_TestDebug0_t" time="0.000252962112426758">
      <skipped message="ok 1 # skip test_debug_0" />
    </testcase>
  </testsuite>
  <testsuite name="spec_perl_TestDefaultEndianExprIsLe_t" errors="0" failures="0" skipped="0" tests="12" time="0.0444049835205078">
    <system-out>1..12
ok 1 - Equals
ok 2 - Equals
ok 3 - Equals
ok 4 - Equals
ok 5 - Equals
ok 6 - Equals
ok 7 - Equals
ok 8 - Equals
ok 9 - Equals
ok 10 - Equals
ok 11 - Equals
ok 12 - Equals
</system-out>
    <testcase name="Equals (203)" classname="spec_perl_TestDefaultEndianExprIsLe_t" time="0.000245094299316406" />
    <testcase name="Equals (204)" classname="spec_perl_TestDefaultEndianExprIsLe_t" time="7.79628753662109e-05" />
    <testcase name="Equals (205)" classname="spec_perl_TestDefaultEndianExprIsLe_t" time="0.000128030776977539" />
    <testcase name="Equals (206)" classname="spec_perl_TestDefaultEndianExprIsLe_t" time="0.000133037567138672" />
    <testcase name="Equals (207)" classname="spec_perl_TestDefaultEndianExprIsLe_t" time="0.0001068115234375" />
    <testcase name="Equals (208)" classname="spec_perl_TestDefaultEndianExprIsLe_t" time="0.000151157379150391" />
    <testcase name="Equals (209)" classname="spec_perl_TestDefaultEndianExprIsLe_t" time="0.000138044357299805" />
    <testcase name="Equals (210)" classname="spec_perl_TestDefaultEndianExprIsLe_t" time="0.000113964080810547" />
    <testcase name="Equals (211)" classname="spec_perl_TestDefaultEndianExprIsLe_t" time="0.00011897087097168" />
    <testcase name="Equals (212)" classname="spec_perl_TestDefaultEndianExprIsLe_t" time="0.00014805793762207" />
    <testcase name="Equals (213)" classname="spec_perl_TestDefaultEndianExprIsLe_t" time="0.000125885009765625" />
    <testcase name="Equals (214)" classname="spec_perl_TestDefaultEndianExprIsLe_t" time="0.000128030776977539" />
  </testsuite>
  <testsuite name="spec_perl_TestIfInstances_t" errors="0" failures="0" skipped="0" tests="1" time="0.0428690910339355">
    <system-out>1..1
ok 1 - nil
</system-out>
    <testcase name="nil (214)" classname="spec_perl_TestIfInstances_t" time="0.00018000602722168" />
  </testsuite>
  <testsuite name="spec_perl_TestExprSizeofType1_t" errors="0" failures="0" skipped="0" tests="2" time="0.043414831161499">
    <system-out>1..2
ok 1 - Equals
ok 2 - Equals
</system-out>
    <testcase name="Equals (215)" classname="spec_perl_TestExprSizeofType1_t" time="0.00023198127746582" />
    <testcase name="Equals (216)" classname="spec_perl_TestExprSizeofType1_t" time="8.0108642578125e-05" />
  </testsuite>
  <testsuite name="spec_perl_TestStrPadTermEmpty_t" errors="0" failures="0" skipped="0" tests="4" time="0.0464398860931396">
    <system-out>1..4
ok 1 - Equals
ok 2 - Equals
ok 3 - Equals
ok 4 - Equals
</system-out>
    <testcase name="Equals (217)" classname="spec_perl_TestStrPadTermEmpty_t" time="0.00037384033203125" />
    <testcase name="Equals (218)" classname="spec_perl_TestStrPadTermEmpty_t" time="9.51290130615234e-05" />
    <testcase name="Equals (219)" classname="spec_perl_TestStrPadTermEmpty_t" time="5.79357147216797e-05" />
    <testcase name="Equals (220)" classname="spec_perl_TestStrPadTermEmpty_t" time="0.000140905380249023" />
  </testsuite>
  <testsuite name="spec_perl_TestEofExceptionBytes_t" errors="0" failures="0" skipped="0" tests="1" time="0.0496408939361572">
    <system-out>1..1
ok 1 - Died
</system-out>
    <testcase name="Died (220)" classname="spec_perl_TestEofExceptionBytes_t" time="0.000213146209716797" />
  </testsuite>
  <testsuite name="spec_perl_TestFloatToI_t" errors="0" failures="0" skipped="0" tests="8" time="0.0437679290771484">
    <system-out>1..8
ok 1 - Equals
ok 2 - Equals
ok 3 - Equals
ok 4 - Equals
ok 5 - Equals
ok 6 - Equals
ok 7 - Equals
ok 8 - Equals
</system-out>
    <testcase name="Equals (221)" classname="spec_perl_TestFloatToI_t" time="0.000172138214111328" />
    <testcase name="Equals (222)" classname="spec_perl_TestFloatToI_t" time="7.79628753662109e-05" />
    <testcase name="Equals (223)" classname="spec_perl_TestFloatToI_t" time="0.000166893005371094" />
    <testcase name="Equals (224)" classname="spec_perl_TestFloatToI_t" time="9.51290130615234e-05" />
    <testcase name="Equals (225)" classname="spec_perl_TestFloatToI_t" time="0.000139951705932617" />
    <testcase name="Equals (226)" classname="spec_perl_TestFloatToI_t" time="0.000127077102661133" />
    <testcase name="Equals (227)" classname="spec_perl_TestFloatToI_t" time="0.000113010406494141" />
    <testcase name="Equals (228)" classname="spec_perl_TestFloatToI_t" time="0.00014495849609375" />
  </testsuite>
  <testsuite name="spec_perl_TestInstanceUserArray_t" errors="0" failures="0" skipped="0" tests="10" time="0.0443630218505859">
    <system-out>1..10
ok 1 - Equals
ok 2 - Equals
ok 3 - Equals
ok 4 - Equals
ok 5 - Equals
ok 6 - Equals
ok 7 - Equals
ok 8 - Equals
ok 9 - Equals
ok 10 - Equals
</system-out>
    <testcase name="Equals (229)" classname="spec_perl_TestInstanceUserArray_t" time="0.000194072723388672" />
    <testcase name="Equals (230)" classname="spec_perl_TestInstanceUserArray_t" time="7.00950622558594e-05" />
    <testcase name="Equals (231)" classname="spec_perl_TestInstanceUserArray_t" time="0.000134944915771484" />
    <testcase name="Equals (232)" classname="spec_perl_TestInstanceUserArray_t" time="0.000505924224853516" />
    <testcase name="Equals (233)" classname="spec_perl_TestInstanceUserArray_t" time="8.91685485839844e-05" />
    <testcase name="Equals (234)" classname="spec_perl_TestInstanceUserArray_t" time="6.79492950439453e-05" />
    <testcase name="Equals (235)" classname="spec_perl_TestInstanceUserArray_t" time="0.000139951705932617" />
    <testcase name="Equals (236)" classname="spec_perl_TestInstanceUserArray_t" time="0.000123977661132812" />
    <testcase name="Equals (237)" classname="spec_perl_TestInstanceUserArray_t" time="0.000126123428344727" />
    <testcase name="Equals (238)" classname="spec_perl_TestInstanceUserArray_t" time="0.000133991241455078" />
  </testsuite>
  <testsuite name="spec_perl_TestDocstringsDocrefMulti_t" errors="0" failures="0" skipped="1" tests="1" time="0.0438179969787598">
    <system-out>1..1
ok 1 # skip DocstringsDocrefMulti=HASH(0x2137af8)
</system-out>
    <testcase name="Unnamed test case 238" classname="spec_perl_TestDocstringsDocrefMulti_t" time="0.0012519359588623">
      <skipped message="ok 1 # skip DocstringsDocrefMulti=HASH(0x2137af8)" />
    </testcase>
  </testsuite>
  <testsuite name="spec_perl_TestMetaXref_t" errors="0" failures="0" skipped="1" tests="1" time="0.0429658889770508">
    <system-out>1..1
ok 1 # skip MetaXref=HASH(0x1f332c8)
</system-out>
    <testcase name="Unnamed test case 239" classname="spec_perl_TestMetaXref_t" time="0.00122308731079102">
      <skipped message="ok 1 # skip MetaXref=HASH(0x1f332c8)" />
    </testcase>
  </testsuite>
  <testsuite name="spec_perl_TestNavParent_t" errors="0" failures="0" skipped="0" tests="5" time="0.0460960865020752">
    <system-out>1..5
ok 1 - Equals
ok 2 - Equals
ok 3 - Equals
ok 4 - Equals
ok 5 - Equals
</system-out>
    <testcase name="Equals (239)" classname="spec_perl_TestNavParent_t" time="0.000349998474121094" />
    <testcase name="Equals (240)" classname="spec_perl_TestNavParent_t" time="8.70227813720703e-05" />
    <testcase name="Equals (241)" classname="spec_perl_TestNavParent_t" time="6.31809234619141e-05" />
    <testcase name="Equals (242)" classname="spec_perl_TestNavParent_t" time="0.000151872634887695" />
    <testcase name="Equals (243)" classname="spec_perl_TestNavParent_t" time="8.29696655273438e-05" />
  </testsuite>
  <testsuite name="spec_perl_TestNavParentFalse2_t" errors="0" failures="0" skipped="0" tests="1" time="0.0420219898223877">
    <system-out>1..1
ok 1 - Equals
</system-out>
    <testcase name="Equals (244)" classname="spec_perl_TestNavParentFalse2_t" time="0.000169992446899414" />
  </testsuite>
  <testsuite name="spec_perl_TestNestedSameName2_t" errors="0" failures="0" skipped="0" tests="5" time="0.0441129207611084">
    <system-out>1..5
ok 1 - Equals
ok 2 - Equals
ok 3 - Equals
ok 4 - Equals
ok 5 - Equals
</system-out>
    <testcase name="Equals (245)" classname="spec_perl_TestNestedSameName2_t" time="0.000187873840332031" />
    <testcase name="Equals (246)" classname="spec_perl_TestNestedSameName2_t" time="7.10487365722656e-05" />
    <testcase name="Equals (247)" classname="spec_perl_TestNestedSameName2_t" time="0.000143051147460938" />
    <testcase name="Equals (248)" classname="spec_perl_TestNestedSameName2_t" time="0.000126838684082031" />
    <testcase name="Equals (249)" classname="spec_perl_TestNestedSameName2_t" time="0.000141143798828125" />
  </testsuite>
  <testsuite name="spec_perl_TestDebugEnumName_t" errors="1" failures="0" skipped="0" tests="0" time="0.0417251586914062">
    <system-out></system-out>
    <testcase name="Test died too soon, even before plan. (249)" classname="spec_perl_TestDebugEnumName_t" time="0.0417251586914062">
      <failure message="The test suite died before a plan was produced. You need to have a plan." type="Plan">No plan</failure>
    </testcase>
  </testsuite>
  <testsuite name="spec_perl_TestNonStandard_t" errors="0" failures="0" skipped="0" tests="1" time="0.0427000522613525">
    <system-out>1..1
ok 1 - Equals
</system-out>
    <testcase name="Equals (250)" classname="spec_perl_TestNonStandard_t" time="0.00018000602722168" />
  </testsuite>
  <testsuite name="spec_perl_TestProcessXorConst_t" errors="0" failures="0" skipped="0" tests="2" time="0.0433628559112549">
    <system-out>1..2
ok 1 - Equals
ok 2 - Equals
</system-out>
    <testcase name="Equals (251)" classname="spec_perl_TestProcessXorConst_t" time="0.000262022018432617" />
    <testcase name="Equals (252)" classname="spec_perl_TestProcessXorConst_t" time="8.10623168945312e-05" />
  </testsuite>
  <testsuite name="spec_perl_TestProcessToUser_t" errors="0" failures="0" skipped="0" tests="1" time="0.0460469722747803">
    <system-out>1..1
ok 1 - Equals
</system-out>
    <testcase name="Equals (253)" classname="spec_perl_TestProcessToUser_t" time="0.000545024871826172" />
  </testsuite>
  <testsuite name="spec_perl_TestUserType_t" errors="0" failures="0" skipped="0" tests="2" time="0.0430538654327393">
    <system-out>1..2
ok 1 - Equals
ok 2 - Equals
</system-out>
    <testcase name="Equals (254)" classname="spec_perl_TestUserType_t" time="0.000210046768188477" />
    <testcase name="Equals (255)" classname="spec_perl_TestUserType_t" time="9.20295715332031e-05" />
  </testsuite>
  <testsuite name="spec_perl_TestNestedTypes2_t" errors="0" failures="0" skipped="0" tests="7" time="0.043694019317627">
    <system-out>1..7
ok 1 - Equals
ok 2 - Equals
ok 3 - Equals
ok 4 - Equals
ok 5 - Equals
ok 6 - Equals
ok 7 - Equals
</system-out>
    <testcase name="Equals (256)" classname="spec_perl_TestNestedTypes2_t" time="0.000272989273071289" />
    <testcase name="Equals (257)" classname="spec_perl_TestNestedTypes2_t" time="8.29696655273438e-05" />
    <testcase name="Equals (258)" classname="spec_perl_TestNestedTypes2_t" time="0.000104904174804688" />
    <testcase name="Equals (259)" classname="spec_perl_TestNestedTypes2_t" time="0.000151157379150391" />
    <testcase name="Equals (260)" classname="spec_perl_TestNestedTypes2_t" time="0.000108957290649414" />
    <testcase name="Equals (261)" classname="spec_perl_TestNestedTypes2_t" time="0.000154972076416016" />
    <testcase name="Equals (262)" classname="spec_perl_TestNestedTypes2_t" time="0.000117063522338867" />
  </testsuite>
  <testsuite name="spec_perl_TestSwitchCast_t" errors="0" failures="0" skipped="0" tests="2" time="0.0464348793029785">
    <system-out>1..2
ok 1 - Equals
ok 2 - Equals
</system-out>
    <testcase name="Equals (263)" classname="spec_perl_TestSwitchCast_t" time="0.000319004058837891" />
    <testcase name="Equals (264)" classname="spec_perl_TestSwitchCast_t" time="8.82148742675781e-05" />
  </testsuite>
  <testsuite name="spec_perl_TestEnumToI_t" errors="0" failures="0" skipped="0" tests="5" time="0.0452620983123779">
    <system-out>1..5
ok 1 - Equals
ok 2 - Equals
ok 3 - Equals
ok 4 - Equals
ok 5 - Equals
</system-out>
    <testcase name="Equals (265)" classname="spec_perl_TestEnumToI_t" time="0.000246047973632812" />
    <testcase name="Equals (266)" classname="spec_perl_TestEnumToI_t" time="8.51154327392578e-05" />
    <testcase name="Equals (267)" classname="spec_perl_TestEnumToI_t" time="0.000105857849121094" />
    <testcase name="Equals (268)" classname="spec_perl_TestEnumToI_t" time="0.000143051147460938" />
    <testcase name="Equals (269)" classname="spec_perl_TestEnumToI_t" time="0.000133991241455078" />
  </testsuite>
  <testsuite name="spec_perl_TestRepeatNStrz_t" errors="0" failures="0" skipped="0" tests="2" time="0.0458970069885254">
    <system-out>1..2
ok 1 - Equals
ok 2 - Equals
</system-out>
    <testcase name="Equals (270)" classname="spec_perl_TestRepeatNStrz_t" time="0.000344991683959961" />
    <testcase name="Equals (271)" classname="spec_perl_TestRepeatNStrz_t" time="9.20295715332031e-05" />
  </testsuite>
  <testsuite name="spec_perl_TestTermBytes_t" errors="0" failures="0" skipped="0" tests="3" time="0.0430641174316406">
    <system-out>1..3
ok 1 - Equals
ok 2 - Equals
ok 3 - Equals
</system-out>
    <testcase name="Equals (272)" classname="spec_perl_TestTermBytes_t" time="0.000268936157226562" />
    <testcase name="Equals (273)" classname="spec_perl_TestTermBytes_t" time="8.29696655273438e-05" />
    <testcase name="Equals (274)" classname="spec_perl_TestTermBytes_t" time="0.000125885009765625" />
  </testsuite>
  <testsuite name="spec_perl_TestExpr1_t" errors="0" failures="0" skipped="0" tests="4" time="0.0468499660491943">
    <system-out>1..4
ok 1 - Equals
ok 2 - Equals
ok 3 - Equals
ok 4 - Equals
</system-out>
    <testcase name="Equals (275)" classname="spec_perl_TestExpr1_t" time="0.000255823135375977" />
    <testcase name="Equals (276)" classname="spec_perl_TestExpr1_t" time="8.0108642578125e-05" />
    <testcase name="Equals (277)" classname="spec_perl_TestExpr1_t" time="0.000113010406494141" />
    <testcase name="Equals (278)" classname="spec_perl_TestExpr1_t" time="0.000138044357299805" />
  </testsuite>
  <testsuite name="spec_perl_TestImportsAbs_t" errors="0" failures="0" skipped="0" tests="2" time="0.0429220199584961">
    <system-out>1..2
ok 1 - Equals
ok 2 - Equals
</system-out>
    <testcase name="Equals (279)" classname="spec_perl_TestImportsAbs_t" time="0.000225067138671875" />
    <testcase name="Equals (280)" classname="spec_perl_TestImportsAbs_t" time="8.29696655273438e-05" />
  </testsuite>
  <testsuite name="spec_perl_TestSwitchManualIntElse_t" errors="0" failures="0" skipped="0" tests="9" time="0.0469720363616943">
    <system-out>1..9
ok 1 - Equals
ok 2 - Equals
ok 3 - Equals
ok 4 - Equals
ok 5 - Equals
ok 6 - Equals
ok 7 - Equals
ok 8 - Equals
ok 9 - Equals
</system-out>
    <testcase name="Equals (281)" classname="spec_perl_TestSwitchManualIntElse_t" time="0.000339984893798828" />
    <testcase name="Equals (282)" classname="spec_perl_TestSwitchManualIntElse_t" time="8.79764556884766e-05" />
    <testcase name="Equals (283)" classname="spec_perl_TestSwitchManualIntElse_t" time="6.00814819335938e-05" />
    <testcase name="Equals (284)" classname="spec_perl_TestSwitchManualIntElse_t" time="0.000161886215209961" />
    <testcase name="Equals (285)" classname="spec_perl_TestSwitchManualIntElse_t" time="9.89437103271484e-05" />
    <testcase name="Equals (286)" classname="spec_perl_TestSwitchManualIntElse_t" time="0.000145196914672852" />
    <testcase name="Equals (287)" classname="spec_perl_TestSwitchManualIntElse_t" time="0.000108957290649414" />
    <testcase name="Equals (288)" classname="spec_perl_TestSwitchManualIntElse_t" time="0.000147819519042969" />
    <testcase name="Equals (289)" classname="spec_perl_TestSwitchManualIntElse_t" time="0.000128030776977539" />
  </testsuite>
  <testsuite name="spec_perl_TestIndexToParamExpr_t" errors="0" failures="2" skipped="0" tests="7" time="0.0873861312866211">
    <system-out>1..7
ok 1 - Equals
ok 2 - Equals
ok 3 - Equals
ok 4 - Equals
ok 5 - Equals
not ok 6 - Equals
not ok 7 - Equals
</system-out>
    <testcase name="Equals (290)" classname="spec_perl_TestIndexToParamExpr_t" time="0.00107407569885254" />
    <testcase name="Equals (291)" classname="spec_perl_TestIndexToParamExpr_t" time="0.000452995300292969" />
    <testcase name="Equals (292)" classname="spec_perl_TestIndexToParamExpr_t" time="0.000335931777954102" />
    <testcase name="Equals (293)" classname="spec_perl_TestIndexToParamExpr_t" time="0.000377178192138672" />
    <testcase name="Equals (294)" classname="spec_perl_TestIndexToParamExpr_t" time="0.000337839126586914" />
    <testcase name="Equals (295)" classname="spec_perl_TestIndexToParamExpr_t" time="0.000400066375732422">
      <failure message="not ok 6 - Equals" type="TAP::Parser::Result::Test"></failure>
    </testcase>
    <testcase name="Equals (296)" classname="spec_perl_TestIndexToParamExpr_t" time="0.0011599063873291">
      <failure message="not ok 7 - Equals" type="TAP::Parser::Result::Test"></failure>
    </testcase>
  </testsuite>
  <testsuite name="spec_perl_TestImports0_t" errors="0" failures="0" skipped="0" tests="3" time="0.0432150363922119">
    <system-out>1..3
ok 1 - Equals
ok 2 - Equals
ok 3 - Equals
</system-out>
    <testcase name="Equals (297)" classname="spec_perl_TestImports0_t" time="0.000226020812988281" />
    <testcase name="Equals (298)" classname="spec_perl_TestImports0_t" time="8.89301300048828e-05" />
    <testcase name="Equals (299)" classname="spec_perl_TestImports0_t" time="0.000128984451293945" />
  </testsuite>
  <testsuite name="spec_perl_TestIndexToParamUntil_t" errors="0" failures="2" skipped="0" tests="7" time="0.0655851364135742">
    <system-out>1..7
ok 1 - Equals
ok 2 - Equals
ok 3 - Equals
ok 4 - Equals
ok 5 - Equals
not ok 6 - Equals
not ok 7 - Equals
</system-out>
    <testcase name="Equals (300)" classname="spec_perl_TestIndexToParamUntil_t" time="0.000416994094848633" />
    <testcase name="Equals (301)" classname="spec_perl_TestIndexToParamUntil_t" time="0.000488996505737305" />
    <testcase name="Equals (302)" classname="spec_perl_TestIndexToParamUntil_t" time="0.000312089920043945" />
    <testcase name="Equals (303)" classname="spec_perl_TestIndexToParamUntil_t" time="0.000292778015136719" />
    <testcase name="Equals (304)" classname="spec_perl_TestIndexToParamUntil_t" time="0.000380039215087891" />
    <testcase name="Equals (305)" classname="spec_perl_TestIndexToParamUntil_t" time="0.000375032424926758">
      <failure message="not ok 6 - Equals" type="TAP::Parser::Result::Test"></failure>
    </testcase>
    <testcase name="Equals (306)" classname="spec_perl_TestIndexToParamUntil_t" time="0.000784158706665039">
      <failure message="not ok 7 - Equals" type="TAP::Parser::Result::Test"></failure>
    </testcase>
  </testsuite>
  <testsuite name="spec_perl_TestValidShort_t" errors="1" failures="0" skipped="0" tests="0" time="0.0425441265106201">
    <system-out></system-out>
    <testcase name="Test died too soon, even before plan. (306)" classname="spec_perl_TestValidShort_t" time="0.0425441265106201">
      <failure message="The test suite died before a plan was produced. You need to have a plan." type="Plan">No plan</failure>
    </testcase>
  </testsuite>
  <testsuite name="spec_perl_TestEnumOfValueInst_t" errors="0" failures="0" skipped="0" tests="4" time="0.0450680255889893">
    <system-out>1..4
ok 1 - Equals
ok 2 - Equals
ok 3 - Equals
ok 4 - Equals
</system-out>
    <testcase name="Equals (307)" classname="spec_perl_TestEnumOfValueInst_t" time="0.000190019607543945" />
    <testcase name="Equals (308)" classname="spec_perl_TestEnumOfValueInst_t" time="7.39097595214844e-05" />
    <testcase name="Equals (309)" classname="spec_perl_TestEnumOfValueInst_t" time="0.000154018402099609" />
    <testcase name="Equals (310)" classname="spec_perl_TestEnumOfValueInst_t" time="0.000120878219604492" />
  </testsuite>
  <testsuite name="spec_perl_TestEnumIf_t" errors="0" failures="0" skipped="0" tests="7" time="0.0487079620361328">
    <system-out>1..7
ok 1 - Equals
ok 2 - Equals
ok 3 - Equals
ok 4 - Equals
ok 5 - Equals
ok 6 - Equals
ok 7 - Equals
</system-out>
    <testcase name="Equals (311)" classname="spec_perl_TestEnumIf_t" time="0.000343084335327148" />
    <testcase name="Equals (312)" classname="spec_perl_TestEnumIf_t" time="8.79764556884766e-05" />
    <testcase name="Equals (313)" classname="spec_perl_TestEnumIf_t" time="5.91278076171875e-05" />
    <testcase name="Equals (314)" classname="spec_perl_TestEnumIf_t" time="0.000164985656738281" />
    <testcase name="Equals (315)" classname="spec_perl_TestEnumIf_t" time="0.000138044357299805" />
    <testcase name="Equals (316)" classname="spec_perl_TestEnumIf_t" time="0.000192880630493164" />
    <testcase name="Equals (317)" classname="spec_perl_TestEnumIf_t" time="7.29560852050781e-05" />
  </testsuite>
  <testsuite name="spec_perl_TestRepeatUntilS4_t" errors="0" failures="0" skipped="0" tests="2" time="0.0464961528778076">
    <system-out>1..2
ok 1 - Equals
ok 2 - Equals
</system-out>
    <testcase name="Equals (318)" classname="spec_perl_TestRepeatUntilS4_t" time="0.000268936157226562" />
    <testcase name="Equals (319)" classname="spec_perl_TestRepeatUntilS4_t" time="8.10623168945312e-05" />
  </testsuite>
  <testsuite name="spec_perl_TestProcessXorValue_t" errors="0" failures="0" skipped="0" tests="2" time="0.0433290004730225">
    <system-out>1..2
ok 1 - Equals
ok 2 - Equals
</system-out>
    <testcase name="Equals (320)" classname="spec_perl_TestProcessXorValue_t" time="0.000234842300415039" />
    <testcase name="Equals (321)" classname="spec_perl_TestProcessXorValue_t" time="8.0108642578125e-05" />
  </testsuite>
  <testsuite name="spec_perl_TestSwitchManualStr_t" errors="0" failures="0" skipped="0" tests="9" time="0.0491228103637695">
    <system-out>1..9
ok 1 - Equals
ok 2 - Equals
ok 3 - Equals
ok 4 - Equals
ok 5 - Equals
ok 6 - Equals
ok 7 - Equals
ok 8 - Equals
ok 9 - Equals
</system-out>
    <testcase name="Equals (322)" classname="spec_perl_TestSwitchManualStr_t" time="0.000346899032592773" />
    <testcase name="Equals (323)" classname="spec_perl_TestSwitchManualStr_t" time="9.70363616943359e-05" />
    <testcase name="Equals (324)" classname="spec_perl_TestSwitchManualStr_t" time="8.70227813720703e-05" />
    <testcase name="Equals (325)" classname="spec_perl_TestSwitchManualStr_t" time="0.000203132629394531" />
    <testcase name="Equals (326)" classname="spec_perl_TestSwitchManualStr_t" time="9.29832458496094e-05" />
    <testcase name="Equals (327)" classname="spec_perl_TestSwitchManualStr_t" time="0.000183820724487305" />
    <testcase name="Equals (328)" classname="spec_perl_TestSwitchManualStr_t" time="0.000116109848022461" />
    <testcase name="Equals (329)" classname="spec_perl_TestSwitchManualStr_t" time="0.000168085098266602" />
    <testcase name="Equals (330)" classname="spec_perl_TestSwitchManualStr_t" time="0.000128984451293945" />
  </testsuite>
  <testsuite name="spec_perl_TestBcdUserTypeLe_t" errors="0" failures="0" skipped="0" tests="6" time="0.0452649593353271">
    <system-out>1..6
ok 1 - Equals
ok 2 - Equals
ok 3 - Equals
ok 4 - Equals
ok 5 - Equals
ok 6 - Equals
</system-out>
    <testcase name="Equals (331)" classname="spec_perl_TestBcdUserTypeLe_t" time="0.000639915466308594" />
    <testcase name="Equals (332)" classname="spec_perl_TestBcdUserTypeLe_t" time="0.000106096267700195" />
    <testcase name="Equals (333)" classname="spec_perl_TestBcdUserTypeLe_t" time="9.51290130615234e-05" />
    <testcase name="Equals (334)" classname="spec_perl_TestBcdUserTypeLe_t" time="0.000157833099365234" />
    <testcase name="Equals (335)" classname="spec_perl_TestBcdUserTypeLe_t" time="0.00014495849609375" />
    <testcase name="Equals (336)" classname="spec_perl_TestBcdUserTypeLe_t" time="0.000154972076416016" />
  </testsuite>
  <testsuite name="spec_perl_TestEnumForUnknownId_t" errors="0" failures="0" skipped="0" tests="1" time="0.043194055557251">
    <system-out>1..1
ok 1 - Equals
</system-out>
    <testcase name="Equals (337)" classname="spec_perl_TestEnumForUnknownId_t" time="0.000392913818359375" />
  </testsuite>
  <testsuite name="spec_perl_TestEnumFancy_t" errors="0" failures="0" skipped="0" tests="2" time="0.0437560081481934">
    <system-out>1..2
ok 1 - Equals
ok 2 - Equals
</system-out>
    <testcase name="Equals (338)" classname="spec_perl_TestEnumFancy_t" time="0.000245094299316406" />
    <testcase name="Equals (339)" classname="spec_perl_TestEnumFancy_t" time="7.79628753662109e-05" />
  </testsuite>
  <testsuite name="spec_perl_TestPositionInSeq_t" errors="0" failures="0" skipped="0" tests="1" time="0.0427038669586182">
    <system-out>1..1
ok 1 - Equals
</system-out>
    <testcase name="Equals (340)" classname="spec_perl_TestPositionInSeq_t" time="0.000241994857788086" />
  </testsuite>
  <testsuite name="spec_perl_TestBitsByteAligned_t" errors="0" failures="0" skipped="0" tests="9" time="0.0447089672088623">
    <system-out>1..9
ok 1 - Equals
ok 2 - Equals
ok 3 - Equals
ok 4 - Equals
ok 5 - Equals
ok 6 - Equals
ok 7 - Equals
ok 8 - Equals
ok 9 - Equals
</system-out>
    <testcase name="Equals (341)" classname="spec_perl_TestBitsByteAligned_t" time="0.000298976898193359" />
    <testcase name="Equals (342)" classname="spec_perl_TestBitsByteAligned_t" time="8.41617584228516e-05" />
    <testcase name="Equals (343)" classname="spec_perl_TestBitsByteAligned_t" time="5.69820404052734e-05" />
    <testcase name="Equals (344)" classname="spec_perl_TestBitsByteAligned_t" time="0.000185012817382812" />
    <testcase name="Equals (345)" classname="spec_perl_TestBitsByteAligned_t" time="9.89437103271484e-05" />
    <testcase name="Equals (346)" classname="spec_perl_TestBitsByteAligned_t" time="0.000149965286254883" />
    <testcase name="Equals (347)" classname="spec_perl_TestBitsByteAligned_t" time="0.000108003616333008" />
    <testcase name="Equals (348)" classname="spec_perl_TestBitsByteAligned_t" time="0.000146865844726562" />
    <testcase name="Equals (349)" classname="spec_perl_TestBitsByteAligned_t" time="0.000107049942016602" />
  </testsuite>
  <testsuite name="spec_perl_TestEnumNegative_t" errors="0" failures="0" skipped="0" tests="2" time="0.0448808670043945">
    <system-out>1..2
ok 1 - Equals
ok 2 - Equals
</system-out>
    <testcase name="Equals (350)" classname="spec_perl_TestEnumNegative_t" time="0.000250101089477539" />
    <testcase name="Equals (351)" classname="spec_perl_TestEnumNegative_t" time="7.70092010498047e-05" />
  </testsuite>
  <testsuite name="spec_perl_TestDefaultEndianMod_t" errors="0" failures="0" skipped="0" tests="3" time="0.0440499782562256">
    <system-out>1..3
ok 1 - Equals
ok 2 - Equals
ok 3 - Equals
</system-out>
    <testcase name="Equals (352)" classname="spec_perl_TestDefaultEndianMod_t" time="0.000272035598754883" />
    <testcase name="Equals (353)" classname="spec_perl_TestDefaultEndianMod_t" time="8.51154327392578e-05" />
    <testcase name="Equals (354)" classname="spec_perl_TestDefaultEndianMod_t" time="5.69820404052734e-05" />
  </testsuite>
  <testsuite name="spec_perl_TestBitsSimple_t" errors="0" failures="0" skipped="0" tests="14" time="0.0450959205627441">
    <system-out>1..14
ok 1 - Equals
ok 2 - Equals
ok 3 - Equals
ok 4 - Equals
ok 5 - Equals
ok 6 - Equals
ok 7 - Equals
ok 8 - Equals
ok 9 - Equals
ok 10 - Equals
ok 11 - Equals
ok 12 - Equals
ok 13 - Equals
ok 14 - Equals
</system-out>
    <testcase name="Equals (355)" classname="spec_perl_TestBitsSimple_t" time="0.000288963317871094" />
    <testcase name="Equals (356)" classname="spec_perl_TestBitsSimple_t" time="8.10623168945312e-05" />
    <testcase name="Equals (357)" classname="spec_perl_TestBitsSimple_t" time="0.000126838684082031" />
    <testcase name="Equals (358)" classname="spec_perl_TestBitsSimple_t" time="0.000127077102661133" />
    <testcase name="Equals (359)" classname="spec_perl_TestBitsSimple_t" time="0.000154972076416016" />
    <testcase name="Equals (360)" classname="spec_perl_TestBitsSimple_t" time="9.29832458496094e-05" />
    <testcase name="Equals (361)" classname="spec_perl_TestBitsSimple_t" time="0.000150918960571289" />
    <testcase name="Equals (362)" classname="spec_perl_TestBitsSimple_t" time="0.000113010406494141" />
    <testcase name="Equals (363)" classname="spec_perl_TestBitsSimple_t" time="0.000142097473144531" />
    <testcase name="Equals (364)" classname="spec_perl_TestBitsSimple_t" time="0.000119924545288086" />
    <testcase name="Equals (365)" classname="spec_perl_TestBitsSimple_t" time="0.000142097473144531" />
    <testcase name="Equals (366)" classname="spec_perl_TestBitsSimple_t" time="0.000113010406494141" />
    <testcase name="Equals (367)" classname="spec_perl_TestBitsSimple_t" time="0.000149011611938477" />
    <testcase name="Equals (368)" classname="spec_perl_TestBitsSimple_t" time="0.000108957290649414" />
  </testsuite>
  <testsuite name="spec_perl_TestExprIoPos_t" errors="0" failures="0" skipped="0" tests="6" time="0.0465669631958008">
    <system-out>1..6
ok 1 - Equals
ok 2 - Equals
ok 3 - Equals
ok 4 - Equals
ok 5 - Equals
ok 6 - Equals
</system-out>
    <testcase name="Equals (369)" classname="spec_perl_TestExprIoPos_t" time="0.000588893890380859" />
    <testcase name="Equals (370)" classname="spec_perl_TestExprIoPos_t" time="9.79900360107422e-05" />
    <testcase name="Equals (371)" classname="spec_perl_TestExprIoPos_t" time="5.91278076171875e-05" />
    <testcase name="Equals (372)" classname="spec_perl_TestExprIoPos_t" time="0.000124931335449219" />
    <testcase name="Equals (373)" classname="spec_perl_TestExprIoPos_t" time="0.000118017196655273" />
    <testcase name="Equals (374)" classname="spec_perl_TestExprIoPos_t" time="0.000129938125610352" />
  </testsuite>
  <testsuite name="spec_perl_TestRepeatEosStruct_t" errors="0" failures="0" skipped="0" tests="5" time="0.0442759990692139">
    <system-out>1..5
ok 1 - Equals
ok 2 - Equals
ok 3 - Equals
ok 4 - Equals
ok 5 - Equals
</system-out>
    <testcase name="Equals (375)" classname="spec_perl_TestRepeatEosStruct_t" time="0.000255107879638672" />
    <testcase name="Equals (376)" classname="spec_perl_TestRepeatEosStruct_t" time="8.20159912109375e-05" />
    <testcase name="Equals (377)" classname="spec_perl_TestRepeatEosStruct_t" time="0.000125885009765625" />
    <testcase name="Equals (378)" classname="spec_perl_TestRepeatEosStruct_t" time="0.000140190124511719" />
    <testcase name="Equals (379)" classname="spec_perl_TestRepeatEosStruct_t" time="0.000112771987915039" />
  </testsuite>
  <testsuite name="spec_perl_TestProcessCoerceUsertype2_t" errors="0" failures="0" skipped="0" tests="4" time="0.0444338321685791">
    <system-out>1..4
ok 1 - Equals
ok 2 - Equals
ok 3 - Equals
ok 4 - Equals
</system-out>
    <testcase name="Equals (380)" classname="spec_perl_TestProcessCoerceUsertype2_t" time="0.000561952590942383" />
    <testcase name="Equals (381)" classname="spec_perl_TestProcessCoerceUsertype2_t" time="0.000100135803222656" />
    <testcase name="Equals (382)" classname="spec_perl_TestProcessCoerceUsertype2_t" time="5.69820404052734e-05" />
    <testcase name="Equals (383)" classname="spec_perl_TestProcessCoerceUsertype2_t" time="0.000118017196655273" />
  </testsuite>
  <testsuite name="spec_perl_TestProcessCoerceSwitch_t" errors="0" failures="0" skipped="0" tests="3" time="0.043593168258667">
    <system-out>1..3
ok 1 - Equals
ok 2 - Equals
ok 3 - Equals
</system-out>
    <testcase name="Equals (384)" classname="spec_perl_TestProcessCoerceSwitch_t" time="0.000519990921020508" />
    <testcase name="Equals (385)" classname="spec_perl_TestProcessCoerceSwitch_t" time="9.79900360107422e-05" />
    <testcase name="Equals (386)" classname="spec_perl_TestProcessCoerceSwitch_t" time="5.81741333007812e-05" />
  </testsuite>
  <testsuite name="spec_perl_TestExprBits_t" errors="0" failures="0" skipped="0" tests="10" time="0.04628586769104">
    <system-out>1..10
ok 1 - Equals
ok 2 - Equals
ok 3 - Equals
ok 4 - Equals
ok 5 - Equals
ok 6 - Equals
ok 7 - Equals
ok 8 - Equals
ok 9 - Equals
ok 10 - Equals
</system-out>
    <testcase name="Equals (387)" classname="spec_perl_TestExprBits_t" time="0.000256061553955078" />
    <testcase name="Equals (388)" classname="spec_perl_TestExprBits_t" time="7.60555267333984e-05" />
    <testcase name="Equals (389)" classname="spec_perl_TestExprBits_t" time="0.000128030776977539" />
    <testcase name="Equals (390)" classname="spec_perl_TestExprBits_t" time="0.000128030776977539" />
    <testcase name="Equals (391)" classname="spec_perl_TestExprBits_t" time="0.000135898590087891" />
    <testcase name="Equals (392)" classname="spec_perl_TestExprBits_t" time="0.000113010406494141" />
    <testcase name="Equals (393)" classname="spec_perl_TestExprBits_t" time="0.000149011611938477" />
    <testcase name="Equals (394)" classname="spec_perl_TestExprBits_t" time="0.00010991096496582" />
    <testcase name="Equals (395)" classname="spec_perl_TestExprBits_t" time="0.000143051147460938" />
    <testcase name="Equals (396)" classname="spec_perl_TestExprBits_t" time="0.000149011611938477" />
  </testsuite>
  <testsuite name="spec_perl_TestParamsPassUsertype_t" errors="0" failures="1" skipped="1" tests="2" time="0.046483039855957">
    <system-out>1..2
not ok 1 - test_params_pass_usertype died (Can't call method &quot;foo&quot; on an undefined value at compiled/perl/ParamsPassUsertype.pm line 119.)
ok 2 # skip test_params_pass_usertype died
</system-out>
    <testcase name="test_params_pass_usertype died (Can't call method &quot;foo&quot; on an undefined value at compiled/perl/ParamsPassUsertype.pm line 119.) (396)" classname="spec_perl_TestParamsPassUsertype_t" time="0.00030517578125">
      <failure message="not ok 1 - test_params_pass_usertype died (Can't call method &quot;foo&quot; on an undefined value at compiled/perl/ParamsPassUsertype.pm line 119.)" type="TAP::Parser::Result::Test"></failure>
    </testcase>
    <testcase name="Unnamed test case 396" classname="spec_perl_TestParamsPassUsertype_t" time="0.00422286987304688">
      <skipped message="ok 2 # skip test_params_pass_usertype died" />
    </testcase>
  </testsuite>
  <testsuite name="spec_perl_TestMultipleUse_t" errors="0" failures="0" skipped="0" tests="2" time="0.0429520606994629">
    <system-out>1..2
ok 1 - Equals
ok 2 - Equals
</system-out>
    <testcase name="Equals (397)" classname="spec_perl_TestMultipleUse_t" time="0.000243902206420898" />
    <testcase name="Equals (398)" classname="spec_perl_TestMultipleUse_t" time="8.20159912109375e-05" />
  </testsuite>
  <testsuite name="spec_perl_TestEnumDeepLiterals_t" errors="0" failures="0" skipped="0" tests="2" time="0.0439169406890869">
    <system-out>1..2
ok 1 - Equals
ok 2 - Equals
</system-out>
    <testcase name="Equals (399)" classname="spec_perl_TestEnumDeepLiterals_t" time="0.000300168991088867" />
    <testcase name="Equals (400)" classname="spec_perl_TestEnumDeepLiterals_t" time="9.67979431152344e-05" />
  </testsuite>
  <testsuite name="spec_perl_TestInstanceStd_t" errors="0" failures="0" skipped="0" tests="1" time="0.0461051464080811">
    <system-out>1..1
ok 1 - Equals
</system-out>
    <testcase name="Equals (401)" classname="spec_perl_TestInstanceStd_t" time="0.000258922576904297" />
  </testsuite>
  <testsuite name="spec_perl_TestIoLocalVar_t" errors="0" failures="0" skipped="0" tests="2" time="0.0581111907958984">
    <system-out>1..2
ok 1 - Equals
ok 2 - Equals
</system-out>
    <testcase name="Equals (402)" classname="spec_perl_TestIoLocalVar_t" time="0.000547170639038086" />
    <testcase name="Equals (403)" classname="spec_perl_TestIoLocalVar_t" time="9.89437103271484e-05" />
  </testsuite>
  <testsuite name="spec_perl_TestJsSignedRightShift_t" errors="0" failures="0" skipped="0" tests="2" time="0.0427651405334473">
    <system-out>1..2
ok 1 - Equals
ok 2 - Equals
</system-out>
    <testcase name="Equals (404)" classname="spec_perl_TestJsSignedRightShift_t" time="0.000172853469848633" />
    <testcase name="Equals (405)" classname="spec_perl_TestJsSignedRightShift_t" time="7.00950622558594e-05" />
  </testsuite>
  <testsuite name="spec_perl_TestSwitchBytearray_t" errors="0" failures="0" skipped="0" tests="9" time="0.047774076461792">
    <system-out>1..9
ok 1 - Equals
ok 2 - Equals
ok 3 - Equals
ok 4 - Equals
ok 5 - Equals
ok 6 - Equals
ok 7 - Equals
ok 8 - Equals
ok 9 - Equals
</system-out>
    <testcase name="Equals (406)" classname="spec_perl_TestSwitchBytearray_t" time="0.000336885452270508" />
    <testcase name="Equals (407)" classname="spec_perl_TestSwitchBytearray_t" time="9.01222229003906e-05" />
    <testcase name="Equals (408)" classname="spec_perl_TestSwitchBytearray_t" time="5.79357147216797e-05" />
    <testcase name="Equals (409)" classname="spec_perl_TestSwitchBytearray_t" time="0.000164031982421875" />
    <testcase name="Equals (410)" classname="spec_perl_TestSwitchBytearray_t" time="0.000128984451293945" />
    <testcase name="Equals (411)" classname="spec_perl_TestSwitchBytearray_t" time="0.000117063522338867" />
    <testcase name="Equals (412)" classname="spec_perl_TestSwitchBytearray_t" time="0.000146865844726562" />
    <testcase name="Equals (413)" classname="spec_perl_TestSwitchBytearray_t" time="0.000131130218505859" />
    <testcase name="Equals (414)" classname="spec_perl_TestSwitchBytearray_t" time="0.000104904174804688" />
  </testsuite>
  <testsuite name="spec_perl_TestIfValues_t" errors="0" failures="0" skipped="0" tests="6" time="0.0434529781341553">
    <system-out>1..6
ok 1 - Equals
ok 2 - Equals
ok 3 - Equals
ok 4 - nil
ok 5 - Equals
ok 6 - nil
</system-out>
    <testcase name="Equals (415)" classname="spec_perl_TestIfValues_t" time="0.000251054763793945" />
    <testcase name="Equals (416)" classname="spec_perl_TestIfValues_t" time="7.98702239990234e-05" />
    <testcase name="Equals (417)" classname="spec_perl_TestIfValues_t" time="0.000103950500488281" />
    <testcase name="nil (417)" classname="spec_perl_TestIfValues_t" time="6.00814819335938e-05" />
    <testcase name="Equals (418)" classname="spec_perl_TestIfValues_t" time="0.000137090682983398" />
    <testcase name="nil (418)" classname="spec_perl_TestIfValues_t" time="5.88893890380859e-05" />
  </testsuite>
  <testsuite name="spec_perl_TestEnum0_t" errors="0" failures="0" skipped="0" tests="2" time="0.0425829887390137">
    <system-out>1..2
ok 1 - Equals
ok 2 - Equals
</system-out>
    <testcase name="Equals (419)" classname="spec_perl_TestEnum0_t" time="0.000234842300415039" />
    <testcase name="Equals (420)" classname="spec_perl_TestEnum0_t" time="0.000109195709228516" />
  </testsuite>
  <testsuite name="spec_perl_TestCastToImported_t" errors="0" failures="0" skipped="0" tests="2" time="0.0435168743133545">
    <system-out>1..2
ok 1 - Equals
ok 2 - Equals
</system-out>
    <testcase name="Equals (421)" classname="spec_perl_TestCastToImported_t" time="0.000243186950683594" />
    <testcase name="Equals (422)" classname="spec_perl_TestCastToImported_t" time="8.17775726318359e-05" />
  </testsuite>
  <testsuite name="spec_perl_TestDefaultEndianExprException_t" errors="0" failures="0" skipped="0" tests="1" time="0.0440421104431152">
    <system-out>1..1
ok 1 - Died
</system-out>
    <testcase name="Died (422)" classname="spec_perl_TestDefaultEndianExprException_t" time="0.000222921371459961" />
  </testsuite>
  <testsuite name="spec_perl_TestDefaultBigEndian_t" errors="0" failures="0" skipped="0" tests="1" time="0.054175853729248">
    <system-out>1..1
ok 1 - Equals
</system-out>
    <testcase name="Equals (423)" classname="spec_perl_TestDefaultBigEndian_t" time="0.000257015228271484" />
  </testsuite>
  <testsuite name="spec_perl_TestRepeatUntilSized_t" errors="0" failures="0" skipped="0" tests="7" time="0.0438880920410156">
    <system-out>1..7
ok 1 - Equals
ok 2 - Equals
ok 3 - Equals
ok 4 - Equals
ok 5 - Equals
ok 6 - Equals
ok 7 - Equals
</system-out>
    <testcase name="Equals (424)" classname="spec_perl_TestRepeatUntilSized_t" time="0.000545024871826172" />
    <testcase name="Equals (425)" classname="spec_perl_TestRepeatUntilSized_t" time="9.89437103271484e-05" />
    <testcase name="Equals (426)" classname="spec_perl_TestRepeatUntilSized_t" time="5.79357147216797e-05" />
    <testcase name="Equals (427)" classname="spec_perl_TestRepeatUntilSized_t" time="0.0001220703125" />
    <testcase name="Equals (428)" classname="spec_perl_TestRepeatUntilSized_t" time="0.000124931335449219" />
    <testcase name="Equals (429)" classname="spec_perl_TestRepeatUntilSized_t" time="0.000137090682983398" />
    <testcase name="Equals (430)" classname="spec_perl_TestRepeatUntilSized_t" time="0.00011897087097168" />
  </testsuite>
  <testsuite name="spec_perl_TestNavRoot_t" errors="0" failures="0" skipped="0" tests="5" time="0.0462698936462402">
    <system-out>1..5
ok 1 - Equals
ok 2 - Equals
ok 3 - Equals
ok 4 - Equals
ok 5 - Equals
</system-out>
    <testcase name="Equals (431)" classname="spec_perl_TestNavRoot_t" time="0.000329971313476562" />
    <testcase name="Equals (432)" classname="spec_perl_TestNavRoot_t" time="9.10758972167969e-05" />
    <testcase name="Equals (433)" classname="spec_perl_TestNavRoot_t" time="5.79357147216797e-05" />
    <testcase name="Equals (434)" classname="spec_perl_TestNavRoot_t" time="0.00014805793762207" />
    <testcase name="Equals (435)" classname="spec_perl_TestNavRoot_t" time="0.000104904174804688" />
  </testsuite>
  <testsuite name="spec_perl_TestRepeatNStruct_t" errors="0" failures="0" skipped="0" tests="5" time="0.0431649684906006">
    <system-out>1..5
ok 1 - Equals
ok 2 - Equals
ok 3 - Equals
ok 4 - Equals
ok 5 - Equals
</system-out>
    <testcase name="Equals (436)" classname="spec_perl_TestRepeatNStruct_t" time="0.00029301643371582" />
    <testcase name="Equals (437)" classname="spec_perl_TestRepeatNStruct_t" time="0.000104904174804688" />
    <testcase name="Equals (438)" classname="spec_perl_TestRepeatNStruct_t" time="7.51018524169922e-05" />
    <testcase name="Equals (439)" classname="spec_perl_TestRepeatNStruct_t" time="0.000162839889526367" />
    <testcase name="Equals (440)" classname="spec_perl_TestRepeatNStruct_t" time="0.000100135803222656" />
  </testsuite>
  <testsuite name="spec_perl_TestIfStruct_t" errors="0" failures="0" skipped="0" tests="7" time="0.0465960502624512">
    <system-out>1..7
ok 1 - Equals
ok 2 - Equals
ok 3 - Equals
ok 4 - Equals
ok 5 - Equals
ok 6 - Equals
ok 7 - Equals
</system-out>
    <testcase name="Equals (441)" classname="spec_perl_TestIfStruct_t" time="0.000342130661010742" />
    <testcase name="Equals (442)" classname="spec_perl_TestIfStruct_t" time="0.000110864639282227" />
    <testcase name="Equals (443)" classname="spec_perl_TestIfStruct_t" time="5.91278076171875e-05" />
    <testcase name="Equals (444)" classname="spec_perl_TestIfStruct_t" time="0.000149011611938477" />
    <testcase name="Equals (445)" classname="spec_perl_TestIfStruct_t" time="9.48905944824219e-05" />
    <testcase name="Equals (446)" classname="spec_perl_TestIfStruct_t" time="0.000143051147460938" />
    <testcase name="Equals (447)" classname="spec_perl_TestIfStruct_t" time="0.000113010406494141" />
  </testsuite>
  <testsuite name="spec_perl_TestHelloWorld_t" errors="0" failures="0" skipped="0" tests="1" time="0.0427060127258301">
    <system-out>1..1
ok 1 - Equals
</system-out>
    <testcase name="Equals (448)" classname="spec_perl_TestHelloWorld_t" time="0.000176906585693359" />
  </testsuite>
  <testsuite name="spec_perl_TestSwitchManualIntSizeElse_t" errors="0" failures="0" skipped="0" tests="10" time="0.0489370822906494">
    <system-out>1..10
ok 1 - Equals
ok 2 - Equals
ok 3 - Equals
ok 4 - Equals
ok 5 - Equals
ok 6 - Equals
ok 7 - Equals
ok 8 - Equals
ok 9 - Equals
ok 10 - Equals
</system-out>
    <testcase name="Equals (449)" classname="spec_perl_TestSwitchManualIntSizeElse_t" time="0.000721931457519531" />
    <testcase name="Equals (450)" classname="spec_perl_TestSwitchManualIntSizeElse_t" time="0.000102043151855469" />
    <testcase name="Equals (451)" classname="spec_perl_TestSwitchManualIntSizeElse_t" time="5.88893890380859e-05" />
    <testcase name="Equals (452)" classname="spec_perl_TestSwitchManualIntSizeElse_t" time="0.000107049942016602" />
    <testcase name="Equals (453)" classname="spec_perl_TestSwitchManualIntSizeElse_t" time="0.000138998031616211" />
    <testcase name="Equals (454)" classname="spec_perl_TestSwitchManualIntSizeElse_t" time="0.000190019607543945" />
    <testcase name="Equals (455)" classname="spec_perl_TestSwitchManualIntSizeElse_t" time="0.000108003616333008" />
    <testcase name="Equals (456)" classname="spec_perl_TestSwitchManualIntSizeElse_t" time="0.000164985656738281" />
    <testcase name="Equals (457)" classname="spec_perl_TestSwitchManualIntSizeElse_t" time="0.000128984451293945" />
    <testcase name="Equals (458)" classname="spec_perl_TestSwitchManualIntSizeElse_t" time="0.000126123428344727" />
  </testsuite>
  <testsuite name="spec_perl_TestProcessXor4Value_t" errors="0" failures="0" skipped="0" tests="2" time="0.0444791316986084">
    <system-out>1..2
ok 1 - Equals
ok 2 - Equals
</system-out>
    <testcase name="Equals (459)" classname="spec_perl_TestProcessXor4Value_t" time="0.00027012825012207" />
    <testcase name="Equals (460)" classname="spec_perl_TestProcessXor4Value_t" time="7.89165496826172e-05" />
  </testsuite>
  <testsuite name="spec_perl_TestProcessCoerceBytes_t" errors="0" failures="0" skipped="0" tests="4" time="0.0437519550323486">
    <system-out>1..4
ok 1 - Equals
ok 2 - Equals
ok 3 - Equals
ok 4 - Equals
</system-out>
    <testcase name="Equals (461)" classname="spec_perl_TestProcessCoerceBytes_t" time="0.000296115875244141" />
    <testcase name="Equals (462)" classname="spec_perl_TestProcessCoerceBytes_t" time="9.98973846435547e-05" />
[...]
      <failure message="not ok 3 - Equals" type="TAP::Parser::Result::Test"></failure>
    </testcase>
  </testsuite>
  <testsuite name="spec_perl_TestNestedSameName_t" errors="0" failures="0" skipped="0" tests="2" time="0.0426101684570312">
    <system-out>1..2
ok 1 - Equals
ok 2 - Equals
</system-out>
    <testcase name="Equals (621)" classname="spec_perl_TestNestedSameName_t" time="0.000246047973632812" />
    <testcase name="Equals (622)" classname="spec_perl_TestNestedSameName_t" time="8.0108642578125e-05" />
  </testsuite>
  <testsuite name="spec_perl_TestValidNotParsedIf_t" errors="1" failures="0" skipped="0" tests="0" time="0.0467460155487061">
    <system-out></system-out>
    <testcase name="Test died too soon, even before plan. (622)" classname="spec_perl_TestValidNotParsedIf_t" time="0.0467460155487061">
      <failure message="The test suite died before a plan was produced. You need to have a plan." type="Plan">No plan</failure>
    </testcase>
  </testsuite>
  <testsuite name="spec_perl_TestExprArray_t" errors="0" failures="1" skipped="0" tests="15" time="0.0510818958282471">
    <system-out>1..15
ok 1 - Equals
ok 2 - Equals
ok 3 - Equals
ok 4 - Equals
ok 5 - Equals
ok 6 - Equals
ok 7 - Equals
ok 8 - Equals
not ok 9 - Equals
ok 10 - Equals
ok 11 - Equals
ok 12 - Equals
ok 13 - Equals
ok 14 - Equals
ok 15 - Equals
</system-out>
    <testcase name="Equals (623)" classname="spec_perl_TestExprArray_t" time="0.000370979309082031" />
    <testcase name="Equals (624)" classname="spec_perl_TestExprArray_t" time="8.70227813720703e-05" />
    <testcase name="Equals (625)" classname="spec_perl_TestExprArray_t" time="8.51154327392578e-05" />
    <testcase name="Equals (626)" classname="spec_perl_TestExprArray_t" time="0.000156879425048828" />
    <testcase name="Equals (627)" classname="spec_perl_TestExprArray_t" time="0.000105142593383789" />
    <testcase name="Equals (628)" classname="spec_perl_TestExprArray_t" time="0.000142812728881836" />
    <testcase name="Equals (629)" classname="spec_perl_TestExprArray_t" time="0.000154018402099609" />
    <testcase name="Equals (630)" classname="spec_perl_TestExprArray_t" time="0.000123023986816406" />
    <testcase name="Equals (631)" classname="spec_perl_TestExprArray_t" time="0.000231027603149414">
      <failure message="not ok 9 - Equals" type="TAP::Parser::Result::Test"></failure>
    </testcase>
    <testcase name="Equals (632)" classname="spec_perl_TestExprArray_t" time="0.00386190414428711" />
    <testcase name="Equals (633)" classname="spec_perl_TestExprArray_t" time="6.69956207275391e-05" />
    <testcase name="Equals (634)" classname="spec_perl_TestExprArray_t" time="4.22000885009766e-05" />
    <testcase name="Equals (635)" classname="spec_perl_TestExprArray_t" time="3.09944152832031e-05" />
    <testcase name="Equals (636)" classname="spec_perl_TestExprArray_t" time="2.88486480712891e-05" />
    <testcase name="Equals (637)" classname="spec_perl_TestExprArray_t" time="3.00407409667969e-05" />
  </testsuite>
  <testsuite name="spec_perl_TestCastNested_t" errors="0" failures="0" skipped="0" tests="4" time="0.0484209060668945">
    <system-out>1..4
ok 1 - Equals
ok 2 - Equals
ok 3 - Equals
ok 4 - Equals
</system-out>
    <testcase name="Equals (638)" classname="spec_perl_TestCastNested_t" time="0.000344991683959961" />
    <testcase name="Equals (639)" classname="spec_perl_TestCastNested_t" time="8.89301300048828e-05" />
    <testcase name="Equals (640)" classname="spec_perl_TestCastNested_t" time="8.20159912109375e-05" />
    <testcase name="Equals (641)" classname="spec_perl_TestCastNested_t" time="0.00020599365234375" />
  </testsuite>
  <testsuite name="spec_perl_TestTermStrz_t" errors="0" failures="0" skipped="0" tests="3" time="0.0470621585845947">
    <system-out>1..3
ok 1 - Equals
ok 2 - Equals
ok 3 - Equals
</system-out>
    <testcase name="Equals (642)" classname="spec_perl_TestTermStrz_t" time="0.000307083129882812" />
    <testcase name="Equals (643)" classname="spec_perl_TestTermStrz_t" time="9.10758972167969e-05" />
    <testcase name="Equals (644)" classname="spec_perl_TestTermStrz_t" time="0.000110864639282227" />
  </testsuite>
  <testsuite name="spec_perl_TestImportsCircularA_t" errors="0" failures="0" skipped="0" tests="5" time="0.0429210662841797">
    <system-out>1..5
ok 1 - Equals
ok 2 - Equals
ok 3 - Equals
ok 4 - Equals
ok 5 - Equals
</system-out>
    <testcase name="Equals (645)" classname="spec_perl_TestImportsCircularA_t" time="0.0002288818359375" />
    <testcase name="Equals (646)" classname="spec_perl_TestImportsCircularA_t" time="8.51154327392578e-05" />
    <testcase name="Equals (647)" classname="spec_perl_TestImportsCircularA_t" time="0.000119924545288086" />
    <testcase name="Equals (648)" classname="spec_perl_TestImportsCircularA_t" time="0.000126123428344727" />
    <testcase name="Equals (649)" classname="spec_perl_TestImportsCircularA_t" time="5.88893890380859e-05" />
  </testsuite>
  <testsuite name="spec_perl_TestExprSizeofValue0_t" errors="0" failures="0" skipped="0" tests="5" time="0.0432569980621338">
    <system-out>1..5
ok 1 - Equals
ok 2 - Equals
ok 3 - Equals
ok 4 - Equals
ok 5 - Equals
</system-out>
    <testcase name="Equals (650)" classname="spec_perl_TestExprSizeofValue0_t" time="0.000250101089477539" />
    <testcase name="Equals (651)" classname="spec_perl_TestExprSizeofValue0_t" time="7.89165496826172e-05" />
    <testcase name="Equals (652)" classname="spec_perl_TestExprSizeofValue0_t" time="8.29696655273438e-05" />
    <testcase name="Equals (653)" classname="spec_perl_TestExprSizeofValue0_t" time="0.00015711784362793" />
    <testcase name="Equals (654)" classname="spec_perl_TestExprSizeofValue0_t" time="0.000103950500488281" />
  </testsuite>
  <testsuite name="spec_perl_TestExprStrOps_t" errors="1" failures="0" skipped="0" tests="0" time="0.0418529510498047">
    <system-out></system-out>
    <testcase name="Test died too soon, even before plan. (654)" classname="spec_perl_TestExprStrOps_t" time="0.0418529510498047">
      <failure message="The test suite died before a plan was produced. You need to have a plan." type="Plan">No plan</failure>
    </testcase>
  </testsuite>
  <testsuite name="spec_perl_TestOpaqueExternalType_t" errors="0" failures="0" skipped="0" tests="3" time="0.0462660789489746">
    <system-out>1..3
ok 1 - Equals
ok 2 - Equals
ok 3 - Equals
</system-out>
    <testcase name="Equals (655)" classname="spec_perl_TestOpaqueExternalType_t" time="0.000335216522216797" />
    <testcase name="Equals (656)" classname="spec_perl_TestOpaqueExternalType_t" time="8.79764556884766e-05" />
    <testcase name="Equals (657)" classname="spec_perl_TestOpaqueExternalType_t" time="7.39097595214844e-05" />
  </testsuite>
  <testsuite name="spec_perl_TestExprSizeofValueSized_t" errors="0" failures="0" skipped="0" tests="5" time="0.0433871746063232">
    <system-out>1..5
ok 1 - Equals
ok 2 - Equals
ok 3 - Equals
ok 4 - Equals
ok 5 - Equals
</system-out>
    <testcase name="Equals (658)" classname="spec_perl_TestExprSizeofValueSized_t" time="0.000544071197509766" />
    <testcase name="Equals (659)" classname="spec_perl_TestExprSizeofValueSized_t" time="9.98973846435547e-05" />
    <testcase name="Equals (660)" classname="spec_perl_TestExprSizeofValueSized_t" time="9.39369201660156e-05" />
    <testcase name="Equals (661)" classname="spec_perl_TestExprSizeofValueSized_t" time="7.60555267333984e-05" />
    <testcase name="Equals (662)" classname="spec_perl_TestExprSizeofValueSized_t" time="0.000126123428344727" />
  </testsuite>
  <testsuite name="spec_perl_TestTypeIntUnaryOp_t" errors="0" failures="0" skipped="0" tests="4" time="0.0429301261901855">
    <system-out>1..4
ok 1 - Equals
ok 2 - Equals
ok 3 - Equals
ok 4 - Equals
</system-out>
    <testcase name="Equals (663)" classname="spec_perl_TestTypeIntUnaryOp_t" time="0.000178098678588867" />
    <testcase name="Equals (664)" classname="spec_perl_TestTypeIntUnaryOp_t" time="0.000112056732177734" />
    <testcase name="Equals (665)" classname="spec_perl_TestTypeIntUnaryOp_t" time="6.103515625e-05" />
    <testcase name="Equals (666)" classname="spec_perl_TestTypeIntUnaryOp_t" time="0.000164985656738281" />
  </testsuite>
  <testsuite name="spec_perl_TestSwitchManualEnumInvalidElse_t" errors="0" failures="0" skipped="0" tests="5" time="0.0463922023773193">
    <system-out>1..5
ok 1 - Equals
ok 2 - Equals
ok 3 - Equals
ok 4 - Equals
ok 5 - Equals
</system-out>
    <testcase name="Equals (667)" classname="spec_perl_TestSwitchManualEnumInvalidElse_t" time="0.000256061553955078" />
    <testcase name="Equals (668)" classname="spec_perl_TestSwitchManualEnumInvalidElse_t" time="7.98702239990234e-05" />
    <testcase name="Equals (669)" classname="spec_perl_TestSwitchManualEnumInvalidElse_t" time="0.000115156173706055" />
    <testcase name="Equals (670)" classname="spec_perl_TestSwitchManualEnumInvalidElse_t" time="0.000149965286254883" />
    <testcase name="Equals (671)" classname="spec_perl_TestSwitchManualEnumInvalidElse_t" time="0.000108957290649414" />
  </testsuite>
  <testsuite name="spec_perl_TestSwitchManualEnumInvalid_t" errors="0" failures="0" skipped="0" tests="5" time="0.0464379787445068">
    <system-out>1..5
ok 1 - Equals
ok 2 - Equals
ok 3 - nil
ok 4 - Equals
ok 5 - nil
</system-out>
    <testcase name="Equals (672)" classname="spec_perl_TestSwitchManualEnumInvalid_t" time="0.000256061553955078" />
    <testcase name="Equals (673)" classname="spec_perl_TestSwitchManualEnumInvalid_t" time="8.0108642578125e-05" />
    <testcase name="nil (673)" classname="spec_perl_TestSwitchManualEnumInvalid_t" time="5.69820404052734e-05" />
    <testcase name="Equals (674)" classname="spec_perl_TestSwitchManualEnumInvalid_t" time="0.000112056732177734" />
    <testcase name="nil (674)" classname="spec_perl_TestSwitchManualEnumInvalid_t" time="5.88893890380859e-05" />
  </testsuite>
  <testsuite name="spec_perl_TestIndexSizes_t" errors="0" failures="0" skipped="0" tests="7" time="0.0469579696655273">
    <system-out>1..7
ok 1 - Equals
ok 2 - Equals
ok 3 - Equals
ok 4 - Equals
ok 5 - Equals
ok 6 - Equals
ok 7 - Equals
</system-out>
    <testcase name="Equals (675)" classname="spec_perl_TestIndexSizes_t" time="0.000279903411865234" />
    <testcase name="Equals (676)" classname="spec_perl_TestIndexSizes_t" time="8.29696655273438e-05" />
    <testcase name="Equals (677)" classname="spec_perl_TestIndexSizes_t" time="7.89165496826172e-05" />
    <testcase name="Equals (678)" classname="spec_perl_TestIndexSizes_t" time="0.000161170959472656" />
    <testcase name="Equals (679)" classname="spec_perl_TestIndexSizes_t" time="9.70363616943359e-05" />
    <testcase name="Equals (680)" classname="spec_perl_TestIndexSizes_t" time="0.000136852264404297" />
    <testcase name="Equals (681)" classname="spec_perl_TestIndexSizes_t" time="0.000110149383544922" />
  </testsuite>
  <testsuite name="spec_perl_TestBufferedStruct_t" errors="0" failures="0" skipped="0" tests="7" time="0.0445730686187744">
    <system-out>1..7
ok 1 - Equals
ok 2 - Equals
ok 3 - Equals
ok 4 - Equals
ok 5 - Equals
ok 6 - Equals
ok 7 - Equals
</system-out>
    <testcase name="Equals (682)" classname="spec_perl_TestBufferedStruct_t" time="0.000567197799682617" />
    <testcase name="Equals (683)" classname="spec_perl_TestBufferedStruct_t" time="9.98973846435547e-05" />
    <testcase name="Equals (684)" classname="spec_perl_TestBufferedStruct_t" time="5.69820404052734e-05" />
    <testcase name="Equals (685)" classname="spec_perl_TestBufferedStruct_t" time="0.000114917755126953" />
    <testcase name="Equals (686)" classname="spec_perl_TestBufferedStruct_t" time="0.000128030776977539" />
    <testcase name="Equals (687)" classname="spec_perl_TestBufferedStruct_t" time="0.000138044357299805" />
    <testcase name="Equals (688)" classname="spec_perl_TestBufferedStruct_t" time="0.000102043151855469" />
  </testsuite>
  <testsuite name="spec_perl_TestProcessRotate_t" errors="0" failures="0" skipped="0" tests="3" time="0.0432529449462891">
    <system-out>1..3
ok 1 - Equals
ok 2 - Equals
ok 3 - Equals
</system-out>
    <testcase name="Equals (689)" classname="spec_perl_TestProcessRotate_t" time="0.000208854675292969" />
    <testcase name="Equals (690)" classname="spec_perl_TestProcessRotate_t" time="7.20024108886719e-05" />
    <testcase name="Equals (691)" classname="spec_perl_TestProcessRotate_t" time="0.000138998031616211" />
  </testsuite>
  <testsuite name="spec_perl_TestSwitchManualIntSizeEos_t" errors="0" failures="0" skipped="0" tests="10" time="0.0500438213348389">
    <system-out>1..10
ok 1 - Equals
ok 2 - Equals
ok 3 - Equals
ok 4 - Equals
ok 5 - Equals
ok 6 - Equals
ok 7 - Equals
ok 8 - Equals
ok 9 - Equals
ok 10 - Equals
</system-out>
    <testcase name="Equals (692)" classname="spec_perl_TestSwitchManualIntSizeEos_t" time="0.000747919082641602" />
    <testcase name="Equals (693)" classname="spec_perl_TestSwitchManualIntSizeEos_t" time="0.000117063522338867" />
    <testcase name="Equals (694)" classname="spec_perl_TestSwitchManualIntSizeEos_t" time="4.79221343994141e-05" />
    <testcase name="Equals (695)" classname="spec_perl_TestSwitchManualIntSizeEos_t" time="7.79628753662109e-05" />
    <testcase name="Equals (696)" classname="spec_perl_TestSwitchManualIntSizeEos_t" time="0.000155210494995117" />
    <testcase name="Equals (697)" classname="spec_perl_TestSwitchManualIntSizeEos_t" time="0.000154972076416016" />
    <testcase name="Equals (698)" classname="spec_perl_TestSwitchManualIntSizeEos_t" time="0.000149011611938477" />
    <testcase name="Equals (699)" classname="spec_perl_TestSwitchManualIntSizeEos_t" time="0.000154972076416016" />
    <testcase name="Equals (700)" classname="spec_perl_TestSwitchManualIntSizeEos_t" time="0.000140905380249023" />
    <testcase name="Equals (701)" classname="spec_perl_TestSwitchManualIntSizeEos_t" time="0.000124931335449219" />
  </testsuite>
  <testsuite name="spec_perl_TestStrEncodingsDefault_t" errors="0" failures="0" skipped="0" tests="4" time="0.0510351657867432">
    <system-out>1..4
ok 1 - Equals
ok 2 - Equals
ok 3 - Equals
ok 4 - Equals
</system-out>
    <testcase name="Equals (702)" classname="spec_perl_TestStrEncodingsDefault_t" time="0.00331997871398926" />
    <testcase name="Equals (703)" classname="spec_perl_TestStrEncodingsDefault_t" time="0.000113010406494141" />
    <testcase name="Equals (704)" classname="spec_perl_TestStrEncodingsDefault_t" time="6.00814819335938e-05" />
    <testcase name="Equals (705)" classname="spec_perl_TestStrEncodingsDefault_t" time="0.00017094612121582" />
  </testsuite>
  <testsuite name="spec_perl_TestStrEncodings_t" errors="0" failures="0" skipped="0" tests="4" time="0.0735328197479248">
    <system-out>1..4
ok 1 - Equals
ok 2 - Equals
ok 3 - Equals
ok 4 - Equals
</system-out>
    <testcase name="Equals (706)" classname="spec_perl_TestStrEncodings_t" time="0.0267081260681152" />
    <testcase name="Equals (707)" classname="spec_perl_TestStrEncodings_t" time="0.000123977661132812" />
    <testcase name="Equals (708)" classname="spec_perl_TestStrEncodings_t" time="6.89029693603516e-05" />
    <testcase name="Equals (709)" classname="spec_perl_TestStrEncodings_t" time="0.000114202499389648" />
  </testsuite>
  <testsuite name="spec_perl_TestStrEos_t" errors="0" failures="0" skipped="0" tests="1" time="0.0455949306488037">
    <system-out>1..1
ok 1 - Equals
</system-out>
    <testcase name="Equals (710)" classname="spec_perl_TestStrEos_t" time="0.000287055969238281" />
  </testsuite>
  <testsuite name="spec_perl_TestProcessCustom_t" errors="1" failures="0" skipped="0" tests="0" time="0.0446958541870117">
    <system-out></system-out>
    <testcase name="Test died too soon, even before plan. (710)" classname="spec_perl_TestProcessCustom_t" time="0.0446958541870117">
      <failure message="The test suite died before a plan was produced. You need to have a plan." type="Plan">No plan</failure>
    </testcase>
  </testsuite>
  <testsuite name="spec_perl_TestTypeTernaryOpaque_t" errors="0" failures="0" skipped="0" tests="3" time="0.0468361377716064">
    <system-out>1..3
ok 1 - Equals
ok 2 - Equals
ok 3 - Equals
</system-out>
    <testcase name="Equals (711)" classname="spec_perl_TestTypeTernaryOpaque_t" time="0.000608921051025391" />
    <testcase name="Equals (712)" classname="spec_perl_TestTypeTernaryOpaque_t" time="9.98973846435547e-05" />
    <testcase name="Equals (713)" classname="spec_perl_TestTypeTernaryOpaque_t" time="4.60147857666016e-05" />
  </testsuite>
  <testsuite name="spec_perl_TestRepeatEosBit_t" errors="0" failures="1" skipped="0" tests="1" time="0.0456819534301758">
    <system-out>1..1
not ok 1 - Equals
</system-out>
    <testcase name="Equals (714)" classname="spec_perl_TestRepeatEosBit_t" time="0.000342845916748047">
      <failure message="not ok 1 - Equals" type="TAP::Parser::Result::Test"></failure>
    </testcase>
  </testsuite>
  <testsuite name="spec_perl_TestFixedContents_t" errors="1" failures="0" skipped="0" tests="0" time="0.0474121570587158">
    <system-out></system-out>
    <testcase name="Test died too soon, even before plan. (714)" classname="spec_perl_TestFixedContents_t" time="0.0474121570587158">
      <failure message="The test suite died before a plan was produced. You need to have a plan." type="Plan">No plan</failure>
    </testcase>
  </testsuite>
  <testsuite name="spec_perl_TestExprBytesOps_t" errors="1" failures="0" skipped="0" tests="0" time="0.0441989898681641">
    <system-out></system-out>
    <testcase name="Test died too soon, even before plan. (715)" classname="spec_perl_TestExprBytesOps_t" time="0.0441989898681641">
      <failure message="The test suite died before a plan was produced. You need to have a plan." type="Plan">No plan</failure>
    </testcase>
  </testsuite>
  <testsuite name="spec_perl_TestCastToTop_t" errors="0" failures="0" skipped="0" tests="3" time="0.0434951782226562">
    <system-out>1..3
ok 1 - Equals
ok 2 - Equals
ok 3 - Equals
</system-out>
    <testcase name="Equals (715)" classname="spec_perl_TestCastToTop_t" time="0.000226974487304688" />
    <testcase name="Equals (716)" classname="spec_perl_TestCastToTop_t" time="9.98973846435547e-05" />
    <testcase name="Equals (717)" classname="spec_perl_TestCastToTop_t" time="0.000174999237060547" />
  </testsuite>
  <testsuite name="spec_perl_TestTypeTernary_t" errors="0" failures="0" skipped="0" tests="1" time="0.0427298545837402">
    <system-out>1..1
ok 1 - Equals
</system-out>
    <testcase name="Equals (718)" classname="spec_perl_TestTypeTernary_t" time="0.000496864318847656" />
  </testsuite>
  <testsuite name="spec_perl_TestSwitchIntegers2_t" errors="0" failures="0" skipped="0" tests="5" time="0.04392409324646">
    <system-out>1..5
ok 1 - Equals
ok 2 - Equals
ok 3 - Equals
ok 4 - Equals
ok 5 - Equals
</system-out>
    <testcase name="Equals (719)" classname="spec_perl_TestSwitchIntegers2_t" time="0.000231027603149414" />
    <testcase name="Equals (720)" classname="spec_perl_TestSwitchIntegers2_t" time="7.70092010498047e-05" />
    <testcase name="Equals (721)" classname="spec_perl_TestSwitchIntegers2_t" time="0.000108957290649414" />
    <testcase name="Equals (722)" classname="spec_perl_TestSwitchIntegers2_t" time="0.000134944915771484" />
    <testcase name="Equals (723)" classname="spec_perl_TestSwitchIntegers2_t" time="0.000141143798828125" />
  </testsuite>
  <testsuite name="spec_perl_TestParamsCallExtraParens_t" errors="0" failures="1" skipped="0" tests="1" time="0.0481691360473633">
    <system-out>1..1
not ok 1 - Equals
</system-out>
    <testcase name="Equals (724)" classname="spec_perl_TestParamsCallExtraParens_t" time="0.00371813774108887">
      <failure message="not ok 1 - Equals" type="TAP::Parser::Result::Test"></failure>
    </testcase>
  </testsuite>
</testsuites>
