<?xml version='1.0' encoding='utf-8'?>
<testsuites>
  <testsuite name="spec_perl_TestEnumIntRangeS_t" errors="0" failures="0" skipped="0" tests="3" time="0.0386390686035156">
    <system-out>1..3
ok 1 - Equals
ok 2 - Equals
ok 3 - Equals
</system-out>
    <testcase name="Equals" classname="spec_perl_TestEnumIntRangeS_t" time="0.00166201591491699" />
    <testcase name="Equals (2)" classname="spec_perl_TestEnumIntRangeS_t" time="0.000144004821777344" />
    <testcase name="Equals (3)" classname="spec_perl_TestEnumIntRangeS_t" time="6.69956207275391e-05" />
  </testsuite>
  <testsuite name="spec_perl_TestSwitchElseOnly_t" errors="0" failures="0" skipped="0" tests="3" time="0.0426640510559082">
    <system-out>1..3
ok 1 - Equals
ok 2 - Equals
ok 3 - Equals
</system-out>
    <testcase name="Equals (4)" classname="spec_perl_TestSwitchElseOnly_t" time="0.00160980224609375" />
    <testcase name="Equals (5)" classname="spec_perl_TestSwitchElseOnly_t" time="8.51154327392578e-05" />
    <testcase name="Equals (6)" classname="spec_perl_TestSwitchElseOnly_t" time="6.00814819335938e-05" />
  </testsuite>
  <testsuite name="spec_perl_TestDefaultEndianExprIsBe_t" errors="0" failures="0" skipped="0" tests="18" time="0.0406711101531982">
    <system-out>1..18
ok 1 - Equals
ok 2 - Equals
ok 3 - Equals
ok 4 - Equals
ok 5 - Equals
ok 6 - Equals
ok 7 - Equals
ok 8 - Equals
ok 9 - Equals
ok 10 - Equals
ok 11 - Equals
ok 12 - Equals
ok 13 - Equals
ok 14 - Equals
ok 15 - Equals
ok 16 - Equals
ok 17 - Equals
ok 18 - Equals
</system-out>
    <testcase name="Equals (7)" classname="spec_perl_TestDefaultEndianExprIsBe_t" time="0.00150680541992188" />
    <testcase name="Equals (8)" classname="spec_perl_TestDefaultEndianExprIsBe_t" time="0.000102043151855469" />
    <testcase name="Equals (9)" classname="spec_perl_TestDefaultEndianExprIsBe_t" time="6.19888305664062e-05" />
    <testcase name="Equals (10)" classname="spec_perl_TestDefaultEndianExprIsBe_t" time="5.91278076171875e-05" />
    <testcase name="Equals (11)" classname="spec_perl_TestDefaultEndianExprIsBe_t" time="5.60283660888672e-05" />
    <testcase name="Equals (12)" classname="spec_perl_TestDefaultEndianExprIsBe_t" time="0.000110864639282227" />
    <testcase name="Equals (13)" classname="spec_perl_TestDefaultEndianExprIsBe_t" time="8.29696655273438e-05" />
    <testcase name="Equals (14)" classname="spec_perl_TestDefaultEndianExprIsBe_t" time="9.70363616943359e-05" />
    <testcase name="Equals (15)" classname="spec_perl_TestDefaultEndianExprIsBe_t" time="5.91278076171875e-05" />
    <testcase name="Equals (16)" classname="spec_perl_TestDefaultEndianExprIsBe_t" time="8.79764556884766e-05" />
    <testcase name="Equals (17)" classname="spec_perl_TestDefaultEndianExprIsBe_t" time="9.70363616943359e-05" />
    <testcase name="Equals (18)" classname="spec_perl_TestDefaultEndianExprIsBe_t" time="0.000114917755126953" />
    <testcase name="Equals (19)" classname="spec_perl_TestDefaultEndianExprIsBe_t" time="9.39369201660156e-05" />
    <testcase name="Equals (20)" classname="spec_perl_TestDefaultEndianExprIsBe_t" time="6.19888305664062e-05" />
    <testcase name="Equals (21)" classname="spec_perl_TestDefaultEndianExprIsBe_t" time="9.70363616943359e-05" />
    <testcase name="Equals (22)" classname="spec_perl_TestDefaultEndianExprIsBe_t" time="6.60419464111328e-05" />
    <testcase name="Equals (23)" classname="spec_perl_TestDefaultEndianExprIsBe_t" time="0.000102043151855469" />
    <testcase name="Equals (24)" classname="spec_perl_TestDefaultEndianExprIsBe_t" time="0.000102043151855469" />
  </testsuite>
  <testsuite name="spec_perl_TestBitsShiftByB32Le_t" errors="0" failures="0" skipped="0" tests="2" time="0.0438539981842041">
    <system-out>1..2
ok 1 - Equals
ok 2 - Equals
</system-out>
    <testcase name="Equals (25)" classname="spec_perl_TestBitsShiftByB32Le_t" time="0.00237917900085449" />
    <testcase name="Equals (26)" classname="spec_perl_TestBitsShiftByB32Le_t" time="8.58306884765625e-05" />
  </testsuite>
  <testsuite name="spec_perl_TestStrLiterals2_t" errors="0" failures="0" skipped="0" tests="4" time="0.0421919822692871">
    <system-out>1..4
ok 1 - Equals
ok 2 - Equals
ok 3 - Equals
ok 4 - Equals
</system-out>
    <testcase name="Equals (27)" classname="spec_perl_TestStrLiterals2_t" time="0.00188899040222168" />
    <testcase name="Equals (28)" classname="spec_perl_TestStrLiterals2_t" time="0.000111818313598633" />
    <testcase name="Equals (29)" classname="spec_perl_TestStrLiterals2_t" time="0.000141143798828125" />
    <testcase name="Equals (30)" classname="spec_perl_TestStrLiterals2_t" time="6.98566436767578e-05" />
  </testsuite>
  <testsuite name="spec_perl_TestBufferedStruct_t" errors="0" failures="0" skipped="0" tests="7" time="0.0403039455413818">
    <system-out>1..7
ok 1 - Equals
ok 2 - Equals
ok 3 - Equals
ok 4 - Equals
ok 5 - Equals
ok 6 - Equals
ok 7 - Equals
</system-out>
    <testcase name="Equals (31)" classname="spec_perl_TestBufferedStruct_t" time="0.0016930103302002" />
    <testcase name="Equals (32)" classname="spec_perl_TestBufferedStruct_t" time="0.000106096267700195" />
    <testcase name="Equals (33)" classname="spec_perl_TestBufferedStruct_t" time="6.29425048828125e-05" />
    <testcase name="Equals (34)" classname="spec_perl_TestBufferedStruct_t" time="6.50882720947266e-05" />
    <testcase name="Equals (35)" classname="spec_perl_TestBufferedStruct_t" time="7.08103179931641e-05" />
    <testcase name="Equals (36)" classname="spec_perl_TestBufferedStruct_t" time="7.51018524169922e-05" />
    <testcase name="Equals (37)" classname="spec_perl_TestBufferedStruct_t" time="7.89165496826172e-05" />
  </testsuite>
  <testsuite name="spec_perl_TestEofExceptionU4_t" errors="0" failures="0" skipped="0" tests="1" time="0.0450799465179443">
    <system-out>1..1
ok 1 - threw /^Requested \d+ bytes, but only \d+ bytes available/
</system-out>
    <testcase name="threw /^Requested \d+ bytes, but only \d+ bytes available/ (37)" classname="spec_perl_TestEofExceptionU4_t" time="0.0014500617980957" />
  </testsuite>
  <testsuite name="spec_perl_TestDefaultEndianExprException_t" errors="0" failures="0" skipped="0" tests="1" time="0.0422449111938477">
    <system-out>1..1
ok 1 - threw /^Unable to decide on endianness/
</system-out>
    <testcase name="threw /^Unable to decide on endianness/ (37)" classname="spec_perl_TestDefaultEndianExprException_t" time="0.00182604789733887" />
  </testsuite>
  <testsuite name="spec_perl_TestFixedStruct_t" errors="0" failures="0" skipped="0" tests="20" time="0.0438928604125977">
    <system-out>1..20
ok 1 - Equals
ok 2 - Equals
ok 3 - Equals
ok 4 - Equals
ok 5 - Equals
ok 6 - Equals
ok 7 - Equals
ok 8 - Equals
ok 9 - Equals
ok 10 - Equals
ok 11 - Equals
ok 12 - Equals
ok 13 - Equals
ok 14 - Equals
ok 15 - Equals
ok 16 - Equals
ok 17 - Equals
ok 18 - Equals
ok 19 - Equals
ok 20 - Equals
</system-out>
    <testcase name="Equals (38)" classname="spec_perl_TestFixedStruct_t" time="0.00171899795532227" />
    <testcase name="Equals (39)" classname="spec_perl_TestFixedStruct_t" time="8.20159912109375e-05" />
    <testcase name="Equals (40)" classname="spec_perl_TestFixedStruct_t" time="4.79221343994141e-05" />
    <testcase name="Equals (41)" classname="spec_perl_TestFixedStruct_t" time="8.89301300048828e-05" />
    <testcase name="Equals (42)" classname="spec_perl_TestFixedStruct_t" time="6.31809234619141e-05" />
    <testcase name="Equals (43)" classname="spec_perl_TestFixedStruct_t" time="5.79357147216797e-05" />
    <testcase name="Equals (44)" classname="spec_perl_TestFixedStruct_t" time="5.38825988769531e-05" />
    <testcase name="Equals (45)" classname="spec_perl_TestFixedStruct_t" time="0.000118017196655273" />
    <testcase name="Equals (46)" classname="spec_perl_TestFixedStruct_t" time="7.20024108886719e-05" />
    <testcase name="Equals (47)" classname="spec_perl_TestFixedStruct_t" time="0.000107049942016602" />
    <testcase name="Equals (48)" classname="spec_perl_TestFixedStruct_t" time="5.60283660888672e-05" />
    <testcase name="Equals (49)" classname="spec_perl_TestFixedStruct_t" time="9.39369201660156e-05" />
    <testcase name="Equals (50)" classname="spec_perl_TestFixedStruct_t" time="8.0108642578125e-05" />
    <testcase name="Equals (51)" classname="spec_perl_TestFixedStruct_t" time="7.29560852050781e-05" />
    <testcase name="Equals (52)" classname="spec_perl_TestFixedStruct_t" time="9.29832458496094e-05" />
    <testcase name="Equals (53)" classname="spec_perl_TestFixedStruct_t" time="8.51154327392578e-05" />
    <testcase name="Equals (54)" classname="spec_perl_TestFixedStruct_t" time="0.000123023986816406" />
    <testcase name="Equals (55)" classname="spec_perl_TestFixedStruct_t" time="0.00143289566040039" />
    <testcase name="Equals (56)" classname="spec_perl_TestFixedStruct_t" time="0.000129938125610352" />
    <testcase name="Equals (57)" classname="spec_perl_TestFixedStruct_t" time="0.000128984451293945" />
  </testsuite>
  <testsuite name="spec_perl_TestExpr1_t" errors="0" failures="0" skipped="0" tests="4" time="0.0441029071807861">
    <system-out>1..4
ok 1 - Equals
ok 2 - Equals
ok 3 - Equals
ok 4 - Equals
</system-out>
    <testcase name="Equals (58)" classname="spec_perl_TestExpr1_t" time="0.00162196159362793" />
    <testcase name="Equals (59)" classname="spec_perl_TestExpr1_t" time="8.29696655273438e-05" />
    <testcase name="Equals (60)" classname="spec_perl_TestExpr1_t" time="6.103515625e-05" />
    <testcase name="Equals (61)" classname="spec_perl_TestExpr1_t" time="5.50746917724609e-05" />
  </testsuite>
  <testsuite name="spec_perl_TestDocstringsDocrefMulti_t" errors="0" failures="0" skipped="1" tests="1" time="0.041093111038208">
    <system-out>1..1
ok 1 # skip DocstringsDocrefMulti=HASH(0x55dbdcf2d900)
</system-out>
    <testcase name="Unnamed test case 61" classname="spec_perl_TestDocstringsDocrefMulti_t" time="0.0017549991607666">
      <skipped message="ok 1 # skip DocstringsDocrefMulti=HASH(0x55dbdcf2d900)" />
    </testcase>
  </testsuite>
  <testsuite name="spec_perl_TestNestedSameName_t" errors="0" failures="0" skipped="0" tests="2" time="0.0390021800994873">
    <system-out>1..2
ok 1 - Equals
ok 2 - Equals
</system-out>
    <testcase name="Equals (62)" classname="spec_perl_TestNestedSameName_t" time="0.00139904022216797" />
    <testcase name="Equals (63)" classname="spec_perl_TestNestedSameName_t" time="9.10758972167969e-05" />
  </testsuite>
  <testsuite name="spec_perl_TestExpr0_t" errors="0" failures="0" skipped="0" tests="2" time="0.0375699996948242">
    <system-out>1..2
ok 1 - Equals
ok 2 - Equals
</system-out>
    <testcase name="Equals (64)" classname="spec_perl_TestExpr0_t" time="0.00134801864624023" />
    <testcase name="Equals (65)" classname="spec_perl_TestExpr0_t" time="7.41481781005859e-05" />
  </testsuite>
  <testsuite name="spec_perl_TestEnumDeepLiterals_t" errors="0" failures="0" skipped="0" tests="2" time="0.0383429527282715">
    <system-out>1..2
ok 1 - Equals
ok 2 - Equals
</system-out>
    <testcase name="Equals (66)" classname="spec_perl_TestEnumDeepLiterals_t" time="0.00146889686584473" />
    <testcase name="Equals (67)" classname="spec_perl_TestEnumDeepLiterals_t" time="8.79764556884766e-05" />
  </testsuite>
  <testsuite name="spec_perl_TestBitsUnalignedB64Le_t" errors="0" failures="0" skipped="0" tests="3" time="0.0381119251251221">
    <system-out>1..3
ok 1 - Equals
ok 2 - Equals
ok 3 - Equals
</system-out>
    <testcase name="Equals (68)" classname="spec_perl_TestBitsUnalignedB64Le_t" time="0.00128507614135742" />
    <testcase name="Equals (69)" classname="spec_perl_TestBitsUnalignedB64Le_t" time="7.20024108886719e-05" />
    <testcase name="Equals (70)" classname="spec_perl_TestBitsUnalignedB64Le_t" time="8.0108642578125e-05" />
  </testsuite>
  <testsuite name="spec_perl_TestExprStrEncodings_t" errors="0" failures="0" skipped="0" tests="7" time="0.0517380237579346">
    <system-out>1..7
ok 1 - Equals
ok 2 - Equals
ok 3 - Equals
ok 4 - Equals
ok 5 - Equals
ok 6 - Equals
ok 7 - Equals
</system-out>
    <testcase name="Equals (71)" classname="spec_perl_TestExprStrEncodings_t" time="0.00566291809082031" />
    <testcase name="Equals (72)" classname="spec_perl_TestExprStrEncodings_t" time="9.79900360107422e-05" />
    <testcase name="Equals (73)" classname="spec_perl_TestExprStrEncodings_t" time="5.00679016113281e-05" />
    <testcase name="Equals (74)" classname="spec_perl_TestExprStrEncodings_t" time="5.91278076171875e-05" />
    <testcase name="Equals (75)" classname="spec_perl_TestExprStrEncodings_t" time="6.38961791992188e-05" />
    <testcase name="Equals (76)" classname="spec_perl_TestExprStrEncodings_t" time="8.79764556884766e-05" />
    <testcase name="Equals (77)" classname="spec_perl_TestExprStrEncodings_t" time="8.89301300048828e-05" />
  </testsuite>
  <testsuite name="spec_perl_TestCombineBool_t" errors="0" failures="0" skipped="0" tests="2" time="0.0400559902191162">
    <system-out>1..2
ok 1 - Equals
ok 2 - Equals
</system-out>
    <testcase name="Equals (78)" classname="spec_perl_TestCombineBool_t" time="0.00141406059265137" />
    <testcase name="Equals (79)" classname="spec_perl_TestCombineBool_t" time="8.0108642578125e-05" />
  </testsuite>
  <testsuite name="spec_perl_TestExprBytesNonLiteral_t" errors="0" failures="0" skipped="0" tests="3" time="0.0409798622131348">
    <system-out>1..3
ok 1 - Equals
ok 2 - Equals
ok 3 - Equals
</system-out>
    <testcase name="Equals (80)" classname="spec_perl_TestExprBytesNonLiteral_t" time="0.00236201286315918" />
    <testcase name="Equals (81)" classname="spec_perl_TestExprBytesNonLiteral_t" time="7.89165496826172e-05" />
    <testcase name="Equals (82)" classname="spec_perl_TestExprBytesNonLiteral_t" time="6.103515625e-05" />
  </testsuite>
  <testsuite name="spec_perl_TestNavRoot_t" errors="0" failures="0" skipped="0" tests="5" time="0.0482640266418457">
    <system-out>1..5
ok 1 - Equals
ok 2 - Equals
ok 3 - Equals
ok 4 - Equals
ok 5 - Equals
</system-out>
    <testcase name="Equals (83)" classname="spec_perl_TestNavRoot_t" time="0.00184416770935059" />
    <testcase name="Equals (84)" classname="spec_perl_TestNavRoot_t" time="9.98973846435547e-05" />
    <testcase name="Equals (85)" classname="spec_perl_TestNavRoot_t" time="6.29425048828125e-05" />
    <testcase name="Equals (86)" classname="spec_perl_TestNavRoot_t" time="5.79357147216797e-05" />
    <testcase name="Equals (87)" classname="spec_perl_TestNavRoot_t" time="5.60283660888672e-05" />
  </testsuite>
  <testsuite name="spec_perl_TestStrPadTermEmpty_t" errors="0" failures="0" skipped="0" tests="4" time="0.048659086227417">
    <system-out>1..4
ok 1 - Equals
ok 2 - Equals
ok 3 - Equals
ok 4 - Equals
</system-out>
    <testcase name="Equals (88)" classname="spec_perl_TestStrPadTermEmpty_t" time="0.00164008140563965" />
    <testcase name="Equals (89)" classname="spec_perl_TestStrPadTermEmpty_t" time="8.48770141601562e-05" />
    <testcase name="Equals (90)" classname="spec_perl_TestStrPadTermEmpty_t" time="6.81877136230469e-05" />
    <testcase name="Equals (91)" classname="spec_perl_TestStrPadTermEmpty_t" time="6.19888305664062e-05" />
  </testsuite>
  <testsuite name="spec_perl_TestDebugSwitchUser_t" errors="1" failures="0" skipped="0" tests="0" time="0.0353341102600098">
    <system-out></system-out>
    <testcase name="Test died too soon, even before plan. (91)" classname="spec_perl_TestDebugSwitchUser_t" time="0.0353341102600098">
      <failure message="The test suite died before a plan was produced. You need to have a plan." type="Plan">No plan</failure>
    </testcase>
  </testsuite>
  <testsuite name="spec_perl_TestImportsCircularA_t" errors="0" failures="0" skipped="0" tests="5" time="0.0435600280761719">
    <system-out>1..5
ok 1 - Equals
ok 2 - Equals
ok 3 - Equals
ok 4 - Equals
ok 5 - nil
</system-out>
    <testcase name="Equals (92)" classname="spec_perl_TestImportsCircularA_t" time="0.00152993202209473" />
    <testcase name="Equals (93)" classname="spec_perl_TestImportsCircularA_t" time="8.60691070556641e-05" />
    <testcase name="Equals (94)" classname="spec_perl_TestImportsCircularA_t" time="4.88758087158203e-05" />
    <testcase name="Equals (95)" classname="spec_perl_TestImportsCircularA_t" time="7.41481781005859e-05" />
    <testcase name="nil (95)" classname="spec_perl_TestImportsCircularA_t" time="4.79221343994141e-05" />
  </testsuite>
  <testsuite name="spec_perl_TestInstanceStd_t" errors="0" failures="0" skipped="0" tests="1" time="0.0483889579772949">
    <system-out>1..1
ok 1 - Equals
</system-out>
    <testcase name="Equals (96)" classname="spec_perl_TestInstanceStd_t" time="0.00186395645141602" />
  </testsuite>
  <testsuite name="spec_perl_TestIndexToParamUntil_t" errors="0" failures="2" skipped="0" tests="7" time="0.0557620525360107">
    <system-out>1..7
ok 1 - Equals
ok 2 - Equals
ok 3 - Equals
ok 4 - Equals
ok 5 - Equals
not ok 6 - Equals
not ok 7 - Equals
</system-out>
    <testcase name="Equals (97)" classname="spec_perl_TestIndexToParamUntil_t" time="0.00217890739440918" />
    <testcase name="Equals (98)" classname="spec_perl_TestIndexToParamUntil_t" time="9.89437103271484e-05" />
    <testcase name="Equals (99)" classname="spec_perl_TestIndexToParamUntil_t" time="4.91142272949219e-05" />
    <testcase name="Equals (100)" classname="spec_perl_TestIndexToParamUntil_t" time="6.29425048828125e-05" />
    <testcase name="Equals (101)" classname="spec_perl_TestIndexToParamUntil_t" time="5.38825988769531e-05" />
    <testcase name="Equals (102)" classname="spec_perl_TestIndexToParamUntil_t" time="7.51018524169922e-05">
      <failure message="not ok 6 - Equals" type="TAP::Parser::Result::Test"></failure>
    </testcase>
    <testcase name="Equals (103)" classname="spec_perl_TestIndexToParamUntil_t" time="0.00106191635131836">
      <failure message="not ok 7 - Equals" type="TAP::Parser::Result::Test"></failure>
    </testcase>
  </testsuite>
  <testsuite name="spec_perl_TestCombineStr_t" errors="0" failures="0" skipped="0" tests="15" time="0.0498771667480469">
    <system-out>1..15
ok 1 - Equals
ok 2 - Equals
ok 3 - Equals
ok 4 - Equals
ok 5 - Equals
ok 6 - Equals
ok 7 - Equals
ok 8 - Equals
ok 9 - Equals
ok 10 - Equals
ok 11 - Equals
ok 12 - Equals
ok 13 - Equals
ok 14 - Equals
ok 15 - Equals
</system-out>
    <testcase name="Equals (104)" classname="spec_perl_TestCombineStr_t" time="0.00181317329406738" />
    <testcase name="Equals (105)" classname="spec_perl_TestCombineStr_t" time="0.000151872634887695" />
    <testcase name="Equals (106)" classname="spec_perl_TestCombineStr_t" time="8.29696655273438e-05" />
    <testcase name="Equals (107)" classname="spec_perl_TestCombineStr_t" time="0.000216960906982422" />
    <testcase name="Equals (108)" classname="spec_perl_TestCombineStr_t" time="7.00950622558594e-05" />
    <testcase name="Equals (109)" classname="spec_perl_TestCombineStr_t" time="0.000307083129882812" />
    <testcase name="Equals (110)" classname="spec_perl_TestCombineStr_t" time="0.00121092796325684" />
    <testcase name="Equals (111)" classname="spec_perl_TestCombineStr_t" time="7.10487365722656e-05" />
    <testcase name="Equals (112)" classname="spec_perl_TestCombineStr_t" time="0.000103950500488281" />
    <testcase name="Equals (113)" classname="spec_perl_TestCombineStr_t" time="9.60826873779297e-05" />
    <testcase name="Equals (114)" classname="spec_perl_TestCombineStr_t" time="7.29560852050781e-05" />
    <testcase name="Equals (115)" classname="spec_perl_TestCombineStr_t" time="8.98838043212891e-05" />
    <testcase name="Equals (116)" classname="spec_perl_TestCombineStr_t" time="8.60691070556641e-05" />
    <testcase name="Equals (117)" classname="spec_perl_TestCombineStr_t" time="8.392333984375e-05" />
    <testcase name="Equals (118)" classname="spec_perl_TestCombineStr_t" time="8.29696655273438e-05" />
  </testsuite>
  <testsuite name="spec_perl_TestPositionToEnd_t" errors="0" failures="0" skipped="0" tests="2" time="0.0450630187988281">
    <system-out>1..2
ok 1 - Equals
ok 2 - Equals
</system-out>
    <testcase name="Equals (119)" classname="spec_perl_TestPositionToEnd_t" time="0.00217390060424805" />
    <testcase name="Equals (120)" classname="spec_perl_TestPositionToEnd_t" time="8.70227813720703e-05" />
  </testsuite>
  <testsuite name="spec_perl_TestImportsRel1_t" errors="0" failures="0" skipped="0" tests="3" time="0.0432379245758057">
    <system-out>1..3
ok 1 - Equals
ok 2 - Equals
ok 3 - Equals
</system-out>
    <testcase name="Equals (121)" classname="spec_perl_TestImportsRel1_t" time="0.00148892402648926" />
    <testcase name="Equals (122)" classname="spec_perl_TestImportsRel1_t" time="8.60691070556641e-05" />
    <testcase name="Equals (123)" classname="spec_perl_TestImportsRel1_t" time="6.41345977783203e-05" />
  </testsuite>
  <testsuite name="spec_perl_TestCastNested_t" errors="0" failures="0" skipped="0" tests="4" time="0.0433521270751953">
    <system-out>1..4
ok 1 - Equals
ok 2 - Equals
ok 3 - Equals
ok 4 - Equals
</system-out>
    <testcase name="Equals (124)" classname="spec_perl_TestCastNested_t" time="0.00163388252258301" />
    <testcase name="Equals (125)" classname="spec_perl_TestCastNested_t" time="0.000128030776977539" />
    <testcase name="Equals (126)" classname="spec_perl_TestCastNested_t" time="4.50611114501953e-05" />
    <testcase name="Equals (127)" classname="spec_perl_TestCastNested_t" time="0.000165939331054688" />
  </testsuite>
  <testsuite name="spec_perl_TestSwitchIntegers2_t" errors="0" failures="0" skipped="0" tests="5" time="0.0506269931793213">
    <system-out>1..5
ok 1 - Equals
ok 2 - Equals
ok 3 - Equals
ok 4 - Equals
ok 5 - Equals
</system-out>
    <testcase name="Equals (128)" classname="spec_perl_TestSwitchIntegers2_t" time="0.00153708457946777" />
    <testcase name="Equals (129)" classname="spec_perl_TestSwitchIntegers2_t" time="0.000123023986816406" />
    <testcase name="Equals (130)" classname="spec_perl_TestSwitchIntegers2_t" time="4.88758087158203e-05" />
    <testcase name="Equals (131)" classname="spec_perl_TestSwitchIntegers2_t" time="6.103515625e-05" />
    <testcase name="Equals (132)" classname="spec_perl_TestSwitchIntegers2_t" time="5.69820404052734e-05" />
  </testsuite>
  <testsuite name="spec_perl_TestMultipleUse_t" errors="0" failures="0" skipped="0" tests="2" time="0.0419559478759766">
    <system-out>1..2
ok 1 - Equals
ok 2 - Equals
</system-out>
    <testcase name="Equals (133)" classname="spec_perl_TestMultipleUse_t" time="0.00166988372802734" />
    <testcase name="Equals (134)" classname="spec_perl_TestMultipleUse_t" time="8.51154327392578e-05" />
  </testsuite>
  <testsuite name="spec_perl_TestSwitchMultiBoolOps_t" errors="0" failures="0" skipped="0" tests="9" time="0.0439119338989258">
    <system-out>1..9
ok 1 - Equals
ok 2 - Equals
ok 3 - Equals
ok 4 - Equals
ok 5 - Equals
ok 6 - Equals
ok 7 - Equals
ok 8 - Equals
ok 9 - Equals
</system-out>
    <testcase name="Equals (135)" classname="spec_perl_TestSwitchMultiBoolOps_t" time="0.00206494331359863" />
    <testcase name="Equals (136)" classname="spec_perl_TestSwitchMultiBoolOps_t" time="8.51154327392578e-05" />
    <testcase name="Equals (137)" classname="spec_perl_TestSwitchMultiBoolOps_t" time="5.88893890380859e-05" />
    <testcase name="Equals (138)" classname="spec_perl_TestSwitchMultiBoolOps_t" time="6.41345977783203e-05" />
    <testcase name="Equals (139)" classname="spec_perl_TestSwitchMultiBoolOps_t" time="4.38690185546875e-05" />
    <testcase name="Equals (140)" classname="spec_perl_TestSwitchMultiBoolOps_t" time="5.60283660888672e-05" />
    <testcase name="Equals (141)" classname="spec_perl_TestSwitchMultiBoolOps_t" time="0.000162124633789062" />
    <testcase name="Equals (142)" classname="spec_perl_TestSwitchMultiBoolOps_t" time="8.10623168945312e-05" />
    <testcase name="Equals (143)" classname="spec_perl_TestSwitchMultiBoolOps_t" time="0.000104904174804688" />
  </testsuite>
  <testsuite name="spec_perl_TestEnumImport_t" errors="0" failures="2" skipped="0" tests="2" time="0.0433320999145508">
    <system-out>1..2
not ok 1 - Equals
not ok 2 - Equals
</system-out>
    <testcase name="Equals (144)" classname="spec_perl_TestEnumImport_t" time="0.00188183784484863">
      <failure message="not ok 1 - Equals" type="TAP::Parser::Result::Test"></failure>
    </testcase>
    <testcase name="Equals (145)" classname="spec_perl_TestEnumImport_t" time="0.000120162963867188">
      <failure message="not ok 2 - Equals" type="TAP::Parser::Result::Test"></failure>
    </testcase>
  </testsuite>
  <testsuite name="spec_perl_TestStrEos_t" errors="0" failures="0" skipped="0" tests="1" time="0.0578281879425049">
    <system-out>1..1
ok 1 - Equals
</system-out>
    <testcase name="Equals (146)" classname="spec_perl_TestStrEos_t" time="0.00161385536193848" />
  </testsuite>
  <testsuite name="spec_perl_TestExprIntDiv_t" errors="0" failures="2" skipped="0" tests="6" time="0.0419259071350098">
    <system-out>1..6
ok 1 - Equals
ok 2 - Equals
ok 3 - Equals
not ok 4 - Equals
ok 5 - Equals
not ok 6 - Equals
</system-out>
    <testcase name="Equals (147)" classname="spec_perl_TestExprIntDiv_t" time="0.00366091728210449" />
    <testcase name="Equals (148)" classname="spec_perl_TestExprIntDiv_t" time="7.91549682617188e-05" />
    <testcase name="Equals (149)" classname="spec_perl_TestExprIntDiv_t" time="4.38690185546875e-05" />
    <testcase name="Equals (150)" classname="spec_perl_TestExprIntDiv_t" time="8.60691070556641e-05">
      <failure message="not ok 4 - Equals" type="TAP::Parser::Result::Test"></failure>
    </testcase>
    <testcase name="Equals (151)" classname="spec_perl_TestExprIntDiv_t" time="0.00133895874023438" />
    <testcase name="Equals (152)" classname="spec_perl_TestExprIntDiv_t" time="5.50746917724609e-05">
      <failure message="not ok 6 - Equals" type="TAP::Parser::Result::Test"></failure>
    </testcase>
  </testsuite>
  <testsuite name="spec_perl_TestExprEnum_t" errors="0" failures="0" skipped="0" tests="3" time="0.040701150894165">
    <system-out>1..3
ok 1 - Equals
ok 2 - Equals
ok 3 - Equals
</system-out>
    <testcase name="Equals (153)" classname="spec_perl_TestExprEnum_t" time="0.00156807899475098" />
    <testcase name="Equals (154)" classname="spec_perl_TestExprEnum_t" time="8.58306884765625e-05" />
    <testcase name="Equals (155)" classname="spec_perl_TestExprEnum_t" time="5.00679016113281e-05" />
  </testsuite>
  <testsuite name="spec_perl_TestZlibWithHeader78_t" errors="0" failures="0" skipped="0" tests="1" time="0.0750319957733154">
    <system-out>1..1
ok 1 - Equals
</system-out>
    <testcase name="Equals (156)" classname="spec_perl_TestZlibWithHeader78_t" time="0.00321793556213379" />
  </testsuite>
  <testsuite name="spec_perl_TestRepeatNStruct_t" errors="0" failures="0" skipped="0" tests="5" time="0.0410819053649902">
    <system-out>1..5
ok 1 - Equals
ok 2 - Equals
ok 3 - Equals
ok 4 - Equals
ok 5 - Equals
</system-out>
    <testcase name="Equals (157)" classname="spec_perl_TestRepeatNStruct_t" time="0.0016169548034668" />
    <testcase name="Equals (158)" classname="spec_perl_TestRepeatNStruct_t" time="8.79764556884766e-05" />
    <testcase name="Equals (159)" classname="spec_perl_TestRepeatNStruct_t" time="7.60555267333984e-05" />
    <testcase name="Equals (160)" classname="spec_perl_TestRepeatNStruct_t" time="6.00814819335938e-05" />
    <testcase name="Equals (161)" classname="spec_perl_TestRepeatNStruct_t" time="5.88893890380859e-05" />
  </testsuite>
  <testsuite name="spec_perl_TestBitsUnalignedB32Le_t" errors="0" failures="0" skipped="0" tests="3" time="0.0384700298309326">
    <system-out>1..3
ok 1 - Equals
ok 2 - Equals
ok 3 - Equals
</system-out>
    <testcase name="Equals (162)" classname="spec_perl_TestBitsUnalignedB32Le_t" time="0.001708984375" />
    <testcase name="Equals (163)" classname="spec_perl_TestBitsUnalignedB32Le_t" time="7.29560852050781e-05" />
    <testcase name="Equals (164)" classname="spec_perl_TestBitsUnalignedB32Le_t" time="6.00814819335938e-05" />
  </testsuite>
  <testsuite name="spec_perl_TestSwitchBytearray_t" errors="0" failures="0" skipped="0" tests="9" time="0.0473918914794922">
    <system-out>1..9
ok 1 - Equals
ok 2 - Equals
ok 3 - Equals
ok 4 - Equals
ok 5 - Equals
ok 6 - Equals
ok 7 - Equals
ok 8 - Equals
ok 9 - Equals
</system-out>
    <testcase name="Equals (165)" classname="spec_perl_TestSwitchBytearray_t" time="0.00240421295166016" />
    <testcase name="Equals (166)" classname="spec_perl_TestSwitchBytearray_t" time="0.000149965286254883" />
    <testcase name="Equals (167)" classname="spec_perl_TestSwitchBytearray_t" time="0.000151872634887695" />
    <testcase name="Equals (168)" classname="spec_perl_TestSwitchBytearray_t" time="0.000185966491699219" />
    <testcase name="Equals (169)" classname="spec_perl_TestSwitchBytearray_t" time="9.79900360107422e-05" />
    <testcase name="Equals (170)" classname="spec_perl_TestSwitchBytearray_t" time="4.60147857666016e-05" />
    <testcase name="Equals (171)" classname="spec_perl_TestSwitchBytearray_t" time="0.000174045562744141" />
    <testcase name="Equals (172)" classname="spec_perl_TestSwitchBytearray_t" time="0.0001220703125" />
    <testcase name="Equals (173)" classname="spec_perl_TestSwitchBytearray_t" time="0.000112056732177734" />
  </testsuite>
  <testsuite name="spec_perl_TestTermStrz_t" errors="0" failures="0" skipped="0" tests="3" time="0.0435700416564941">
    <system-out>1..3
ok 1 - Equals
ok 2 - Equals
ok 3 - Equals
</system-out>
    <testcase name="Equals (174)" classname="spec_perl_TestTermStrz_t" time="0.00126099586486816" />
    <testcase name="Equals (175)" classname="spec_perl_TestTermStrz_t" time="8.79764556884766e-05" />
    <testcase name="Equals (176)" classname="spec_perl_TestTermStrz_t" time="4.69684600830078e-05" />
  </testsuite>
  <testsuite name="spec_perl_TestEnumOfValueInst_t" errors="0" failures="0" skipped="0" tests="4" time="0.039093017578125">
    <system-out>1..4
ok 1 - Equals
ok 2 - Equals
ok 3 - Equals
ok 4 - Equals
</system-out>
    <testcase name="Equals (177)" classname="spec_perl_TestEnumOfValueInst_t" time="0.0016930103302002" />
    <testcase name="Equals (178)" classname="spec_perl_TestEnumOfValueInst_t" time="7.79628753662109e-05" />
    <testcase name="Equals (179)" classname="spec_perl_TestEnumOfValueInst_t" time="5.79357147216797e-05" />
    <testcase name="Equals (180)" classname="spec_perl_TestEnumOfValueInst_t" time="6.50882720947266e-05" />
  </testsuite>
  <testsuite name="spec_perl_TestExprIoPos_t" errors="0" failures="0" skipped="0" tests="6" time="0.0448269844055176">
    <system-out>1..6
ok 1 - Equals
ok 2 - Equals
ok 3 - Equals
ok 4 - Equals
ok 5 - Equals
ok 6 - Equals
</system-out>
    <testcase name="Equals (181)" classname="spec_perl_TestExprIoPos_t" time="0.00207400321960449" />
    <testcase name="Equals (182)" classname="spec_perl_TestExprIoPos_t" time="9.70363616943359e-05" />
    <testcase name="Equals (183)" classname="spec_perl_TestExprIoPos_t" time="7.00950622558594e-05" />
    <testcase name="Equals (184)" classname="spec_perl_TestExprIoPos_t" time="5.88893890380859e-05" />
    <testcase name="Equals (185)" classname="spec_perl_TestExprIoPos_t" time="5.60283660888672e-05" />
    <testcase name="Equals (186)" classname="spec_perl_TestExprIoPos_t" time="0.000102043151855469" />
  </testsuite>
  <testsuite name="spec_perl_TestProcessCoerceUsertype2_t" errors="0" failures="0" skipped="0" tests="4" time="0.043464183807373">
    <system-out>1..4
ok 1 - Equals
ok 2 - Equals
ok 3 - Equals
ok 4 - Equals
</system-out>
    <testcase name="Equals (187)" classname="spec_perl_TestProcessCoerceUsertype2_t" time="0.00330901145935059" />
    <testcase name="Equals (188)" classname="spec_perl_TestProcessCoerceUsertype2_t" time="0.000133991241455078" />
    <testcase name="Equals (189)" classname="spec_perl_TestProcessCoerceUsertype2_t" time="4.81605529785156e-05" />
    <testcase name="Equals (190)" classname="spec_perl_TestProcessCoerceUsertype2_t" time="3.98159027099609e-05" />
  </testsuite>
  <testsuite name="spec_perl_TestExprStrOps_t" errors="0" failures="0" skipped="0" tests="17" time="0.0506839752197266">
    <system-out>1..17
ok 1 - Equals
ok 2 - Equals
ok 3 - Equals
ok 4 - Equals
ok 5 - Equals
ok 6 - Equals
ok 7 - Equals
ok 8 - Equals
ok 9 - Equals
ok 10 - Equals
ok 11 - Equals
ok 12 - Equals
ok 13 - Equals
ok 14 - Equals
ok 15 - Equals
ok 16 - Equals
ok 17 - Equals
</system-out>
    <testcase name="Equals (191)" classname="spec_perl_TestExprStrOps_t" time="0.00173497200012207" />
    <testcase name="Equals (192)" classname="spec_perl_TestExprStrOps_t" time="9.29832458496094e-05" />
    <testcase name="Equals (193)" classname="spec_perl_TestExprStrOps_t" time="5.22136688232422e-05" />
    <testcase name="Equals (194)" classname="spec_perl_TestExprStrOps_t" time="8.48770141601562e-05" />
    <testcase name="Equals (195)" classname="spec_perl_TestExprStrOps_t" time="7.20024108886719e-05" />
    <testcase name="Equals (196)" classname="spec_perl_TestExprStrOps_t" time="0.000116109848022461" />
    <testcase name="Equals (197)" classname="spec_perl_TestExprStrOps_t" time="9.08374786376953e-05" />
    <testcase name="Equals (198)" classname="spec_perl_TestExprStrOps_t" time="9.51290130615234e-05" />
    <testcase name="Equals (199)" classname="spec_perl_TestExprStrOps_t" time="0.000114917755126953" />
    <testcase name="Equals (200)" classname="spec_perl_TestExprStrOps_t" time="8.10623168945312e-05" />
    <testcase name="Equals (201)" classname="spec_perl_TestExprStrOps_t" time="0.000108957290649414" />
    <testcase name="Equals (202)" classname="spec_perl_TestExprStrOps_t" time="0.000103950500488281" />
    <testcase name="Equals (203)" classname="spec_perl_TestExprStrOps_t" time="9.10758972167969e-05" />
    <testcase name="Equals (204)" classname="spec_perl_TestExprStrOps_t" time="0.000103950500488281" />
    <testcase name="Equals (205)" classname="spec_perl_TestExprStrOps_t" time="0.000105142593383789" />
    <testcase name="Equals (206)" classname="spec_perl_TestExprStrOps_t" time="0.00011897087097168" />
    <testcase name="Equals (207)" classname="spec_perl_TestExprStrOps_t" time="8.98838043212891e-05" />
  </testsuite>
  <testsuite name="spec_perl_TestSwitchManualIntSizeEos_t" errors="0" failures="0" skipped="0" tests="10" time="0.0500040054321289">
    <system-out>1..10
ok 1 - Equals
ok 2 - Equals
ok 3 - Equals
ok 4 - Equals
ok 5 - Equals
ok 6 - Equals
ok 7 - Equals
ok 8 - Equals
ok 9 - Equals
ok 10 - Equals
</system-out>
    <testcase name="Equals (208)" classname="spec_perl_TestSwitchManualIntSizeEos_t" time="0.00243687629699707" />
    <testcase name="Equals (209)" classname="spec_perl_TestSwitchManualIntSizeEos_t" time="8.41617584228516e-05" />
    <testcase name="Equals (210)" classname="spec_perl_TestSwitchManualIntSizeEos_t" time="6.19888305664062e-05" />
    <testcase name="Equals (211)" classname="spec_perl_TestSwitchManualIntSizeEos_t" time="5.69820404052734e-05" />
    <testcase name="Equals (212)" classname="spec_perl_TestSwitchManualIntSizeEos_t" time="5.50746917724609e-05" />
    <testcase name="Equals (213)" classname="spec_perl_TestSwitchManualIntSizeEos_t" time="0.00025486946105957" />
    <testcase name="Equals (214)" classname="spec_perl_TestSwitchManualIntSizeEos_t" time="9.70363616943359e-05" />
    <testcase name="Equals (215)" classname="spec_perl_TestSwitchManualIntSizeEos_t" time="9.48905944824219e-05" />
    <testcase name="Equals (216)" classname="spec_perl_TestSwitchManualIntSizeEos_t" time="8.79764556884766e-05" />
    <testcase name="Equals (217)" classname="spec_perl_TestSwitchManualIntSizeEos_t" time="0.0001220703125" />
  </testsuite>
  <testsuite name="spec_perl_TestNestedTypeParam_t" errors="0" failures="2" skipped="0" tests="2" time="0.0462338924407959">
    <system-out>1..2
not ok 1 - Equals
not ok 2 - Equals
</system-out>
    <testcase name="Equals (218)" classname="spec_perl_TestNestedTypeParam_t" time="0.00176501274108887">
      <failure message="not ok 1 - Equals" type="TAP::Parser::Result::Test"></failure>
    </testcase>
    <testcase name="Equals (219)" classname="spec_perl_TestNestedTypeParam_t" time="0.00118899345397949">
      <failure message="not ok 2 - Equals" type="TAP::Parser::Result::Test"></failure>
    </testcase>
  </testsuite>
  <testsuite name="spec_perl_TestNestedTypes3_t" errors="0" failures="0" skipped="0" tests="5" time="0.0418829917907715">
    <system-out>1..5
ok 1 - Equals
ok 2 - Equals
ok 3 - Equals
ok 4 - Equals
ok 5 - Equals
</system-out>
    <testcase name="Equals (220)" classname="spec_perl_TestNestedTypes3_t" time="0.00161600112915039" />
    <testcase name="Equals (221)" classname="spec_perl_TestNestedTypes3_t" time="7.89165496826172e-05" />
    <testcase name="Equals (222)" classname="spec_perl_TestNestedTypes3_t" time="4.41074371337891e-05" />
    <testcase name="Equals (223)" classname="spec_perl_TestNestedTypes3_t" time="7.48634338378906e-05" />
    <testcase name="Equals (224)" classname="spec_perl_TestNestedTypes3_t" time="0.000176191329956055" />
  </testsuite>
  <testsuite name="spec_perl_TestSwitchManualStrElse_t" errors="0" failures="0" skipped="0" tests="9" time="0.0537891387939453">
    <system-out>1..9
ok 1 - Equals
ok 2 - Equals
ok 3 - Equals
ok 4 - Equals
ok 5 - Equals
ok 6 - Equals
ok 7 - Equals
ok 8 - Equals
ok 9 - Equals
</system-out>
    <testcase name="Equals (225)" classname="spec_perl_TestSwitchManualStrElse_t" time="0.00182318687438965" />
    <testcase name="Equals (226)" classname="spec_perl_TestSwitchManualStrElse_t" time="7.89165496826172e-05" />
    <testcase name="Equals (227)" classname="spec_perl_TestSwitchManualStrElse_t" time="6.50882720947266e-05" />
    <testcase name="Equals (228)" classname="spec_perl_TestSwitchManualStrElse_t" time="9.08374786376953e-05" />
    <testcase name="Equals (229)" classname="spec_perl_TestSwitchManualStrElse_t" time="9.89437103271484e-05" />
    <testcase name="Equals (230)" classname="spec_perl_TestSwitchManualStrElse_t" time="0.000119209289550781" />
    <testcase name="Equals (231)" classname="spec_perl_TestSwitchManualStrElse_t" time="0.000110864639282227" />
    <testcase name="Equals (232)" classname="spec_perl_TestSwitchManualStrElse_t" time="6.00814819335938e-05" />
    <testcase name="Equals (233)" classname="spec_perl_TestSwitchManualStrElse_t" time="7.70092010498047e-05" />
  </testsuite>
  <testsuite name="spec_perl_TestProcessRepeatBytes_t" errors="0" failures="0" skipped="0" tests="2" time="0.0451099872589111">
    <system-out>1..2
ok 1 - Equals
ok 2 - Equals
</system-out>
    <testcase name="Equals (234)" classname="spec_perl_TestProcessRepeatBytes_t" time="0.00165104866027832" />
    <testcase name="Equals (235)" classname="spec_perl_TestProcessRepeatBytes_t" time="9.39369201660156e-05" />
  </testsuite>
  <testsuite name="spec_perl_TestValidEqStrEncodings_t" errors="0" failures="0" skipped="1" tests="1" time="0.059906005859375">
    <system-out>1..1
ok 1 # skip ValidEqStrEncodings=HASH(0x55cc017918f0)
</system-out>
    <testcase name="Unnamed test case 235" classname="spec_perl_TestValidEqStrEncodings_t" time="0.00986886024475098">
      <skipped message="ok 1 # skip ValidEqStrEncodings=HASH(0x55cc017918f0)" />
    </testcase>
  </testsuite>
  <testsuite name="spec_perl_TestProcessCustomNoArgs_t" errors="1" failures="0" skipped="0" tests="0" time="0.0398480892181396">
    <system-out></system-out>
    <testcase name="Test died too soon, even before plan. (235)" classname="spec_perl_TestProcessCustomNoArgs_t" time="0.0398480892181396">
      <failure message="The test suite died before a plan was produced. You need to have a plan." type="Plan">No plan</failure>
    </testcase>
  </testsuite>
  <testsuite name="spec_perl_TestParamsEnum_t" errors="0" failures="1" skipped="0" tests="2" time="0.0419831275939941">
    <system-out>1..2
ok 1 - Equals
not ok 2 - Equals
</system-out>
    <testcase name="Equals (236)" classname="spec_perl_TestParamsEnum_t" time="0.00137901306152344" />
    <testcase name="Equals (237)" classname="spec_perl_TestParamsEnum_t" time="8.51154327392578e-05">
      <failure message="not ok 2 - Equals" type="TAP::Parser::Result::Test"></failure>
    </testcase>
  </testsuite>
  <testsuite name="spec_perl_TestDefaultBitEndianMod_t" errors="0" failures="0" skipped="0" tests="4" time="0.0420989990234375">
    <system-out>1..4
ok 1 - Equals
ok 2 - Equals
ok 3 - Equals
ok 4 - Equals
</system-out>
    <testcase name="Equals (238)" classname="spec_perl_TestDefaultBitEndianMod_t" time="0.00154399871826172" />
    <testcase name="Equals (239)" classname="spec_perl_TestDefaultBitEndianMod_t" time="0.000111103057861328" />
    <testcase name="Equals (240)" classname="spec_perl_TestDefaultBitEndianMod_t" time="6.50882720947266e-05" />
    <testcase name="Equals (241)" classname="spec_perl_TestDefaultBitEndianMod_t" time="6.07967376708984e-05" />
  </testsuite>
  <testsuite name="spec_perl_TestTermBytes_t" errors="0" failures="0" skipped="0" tests="3" time="0.0433461666107178">
    <system-out>1..3
ok 1 - Equals
ok 2 - Equals
ok 3 - Equals
</system-out>
    <testcase name="Equals (242)" classname="spec_perl_TestTermBytes_t" time="0.00150418281555176" />
    <testcase name="Equals (243)" classname="spec_perl_TestTermBytes_t" time="8.392333984375e-05" />
    <testcase name="Equals (244)" classname="spec_perl_TestTermBytes_t" time="5.00679016113281e-05" />
  </testsuite>
  <testsuite name="spec_perl_TestProcessCoerceUsertype1_t" errors="0" failures="0" skipped="0" tests="4" time="0.0408430099487305">
    <system-out>1..4
ok 1 - Equals
ok 2 - Equals
ok 3 - Equals
ok 4 - Equals
</system-out>
    <testcase name="Equals (245)" classname="spec_perl_TestProcessCoerceUsertype1_t" time="0.00194311141967773" />
    <testcase name="Equals (246)" classname="spec_perl_TestProcessCoerceUsertype1_t" time="7.70092010498047e-05" />
    <testcase name="Equals (247)" classname="spec_perl_TestProcessCoerceUsertype1_t" time="5.29289245605469e-05" />
    <testcase name="Equals (248)" classname="spec_perl_TestProcessCoerceUsertype1_t" time="5.79357147216797e-05" />
  </testsuite>
  <testsuite name="spec_perl_TestEnumIf_t" errors="0" failures="0" skipped="0" tests="7" time="0.0441961288452148">
    <system-out>1..7
ok 1 - Equals
ok 2 - Equals
ok 3 - Equals
ok 4 - Equals
ok 5 - Equals
ok 6 - Equals
ok 7 - Equals
</system-out>
    <testcase name="Equals (249)" classname="spec_perl_TestEnumIf_t" time="0.00153493881225586" />
    <testcase name="Equals (250)" classname="spec_perl_TestEnumIf_t" time="7.29560852050781e-05" />
    <testcase name="Equals (251)" classname="spec_perl_TestEnumIf_t" time="6.103515625e-05" />
    <testcase name="Equals (252)" classname="spec_perl_TestEnumIf_t" time="0.000119924545288086" />
    <testcase name="Equals (253)" classname="spec_perl_TestEnumIf_t" time="6.103515625e-05" />
    <testcase name="Equals (254)" classname="spec_perl_TestEnumIf_t" time="0.000143051147460938" />
    <testcase name="Equals (255)" classname="spec_perl_TestEnumIf_t" time="7.10487365722656e-05" />
  </testsuite>
  <testsuite name="spec_perl_TestSwitchManualInt_t" errors="0" failures="0" skipped="0" tests="9" time="0.0479819774627686">
    <system-out>1..9
ok 1 - Equals
ok 2 - Equals
ok 3 - Equals
ok 4 - Equals
ok 5 - Equals
ok 6 - Equals
ok 7 - Equals
ok 8 - Equals
ok 9 - Equals
</system-out>
    <testcase name="Equals (256)" classname="spec_perl_TestSwitchManualInt_t" time="0.00244903564453125" />
    <testcase name="Equals (257)" classname="spec_perl_TestSwitchManualInt_t" time="0.000188112258911133" />
    <testcase name="Equals (258)" classname="spec_perl_TestSwitchManualInt_t" time="0.000274896621704102" />
    <testcase name="Equals (259)" classname="spec_perl_TestSwitchManualInt_t" time="0.000133037567138672" />
    <testcase name="Equals (260)" classname="spec_perl_TestSwitchManualInt_t" time="9.48905944824219e-05" />
    <testcase name="Equals (261)" classname="spec_perl_TestSwitchManualInt_t" time="9.10758972167969e-05" />
    <testcase name="Equals (262)" classname="spec_perl_TestSwitchManualInt_t" time="9.89437103271484e-05" />
    <testcase name="Equals (263)" classname="spec_perl_TestSwitchManualInt_t" time="7.70092010498047e-05" />
    <testcase name="Equals (264)" classname="spec_perl_TestSwitchManualInt_t" time="0.000134944915771484" />
  </testsuite>
  <testsuite name="spec_perl_TestExpr3_t" errors="0" failures="0" skipped="0" tests="12" time="0.0463440418243408">
    <system-out>1..12
ok 1 - Equals
ok 2 - Equals
ok 3 - Equals
ok 4 - Equals
ok 5 - Equals
ok 6 - Equals
ok 7 - Equals
ok 8 - Equals
ok 9 - Equals
ok 10 - Equals
ok 11 - Equals
ok 12 - Equals
</system-out>
    <testcase name="Equals (265)" classname="spec_perl_TestExpr3_t" time="0.00156688690185547" />
    <testcase name="Equals (266)" classname="spec_perl_TestExpr3_t" time="9.89437103271484e-05" />
    <testcase name="Equals (267)" classname="spec_perl_TestExpr3_t" time="4.41074371337891e-05" />
    <testcase name="Equals (268)" classname="spec_perl_TestExpr3_t" time="5.69820404052734e-05" />
    <testcase name="Equals (269)" classname="spec_perl_TestExpr3_t" time="5.19752502441406e-05" />
    <testcase name="Equals (270)" classname="spec_perl_TestExpr3_t" time="7.20024108886719e-05" />
    <testcase name="Equals (271)" classname="spec_perl_TestExpr3_t" time="8.70227813720703e-05" />
    <testcase name="Equals (272)" classname="spec_perl_TestExpr3_t" time="8.29696655273438e-05" />
    <testcase name="Equals (273)" classname="spec_perl_TestExpr3_t" time="6.29425048828125e-05" />
    <testcase name="Equals (274)" classname="spec_perl_TestExpr3_t" time="8.29696655273438e-05" />
    <testcase name="Equals (275)" classname="spec_perl_TestExpr3_t" time="8.51154327392578e-05" />
    <testcase name="Equals (276)" classname="spec_perl_TestExpr3_t" time="7.29560852050781e-05" />
  </testsuite>
  <testsuite name="spec_perl_TestDocstrings_t" errors="0" failures="0" skipped="1" tests="1" time="0.0411911010742188">
    <system-out>1..1
ok 1 # skip Docstrings=HASH(0x5641a0a92750)
</system-out>
    <testcase name="Unnamed test case 276" classname="spec_perl_TestDocstrings_t" time="0.00212621688842773">
      <skipped message="ok 1 # skip Docstrings=HASH(0x5641a0a92750)" />
    </testcase>
  </testsuite>
  <testsuite name="spec_perl_TestCastToTop_t" errors="0" failures="0" skipped="0" tests="3" time="0.0380690097808838">
    <system-out>1..3
ok 1 - Equals
ok 2 - Equals
ok 3 - Equals
</system-out>
    <testcase name="Equals (277)" classname="spec_perl_TestCastToTop_t" time="0.00147104263305664" />
    <testcase name="Equals (278)" classname="spec_perl_TestCastToTop_t" time="0.000113964080810547" />
    <testcase name="Equals (279)" classname="spec_perl_TestCastToTop_t" time="9.39369201660156e-05" />
  </testsuite>
  <testsuite name="spec_perl_TestProcessCoerceSwitch_t" errors="0" failures="0" skipped="0" tests="3" time="0.0459001064300537">
    <system-out>1..3
ok 1 - Equals
ok 2 - Equals
ok 3 - Equals
</system-out>
    <testcase name="Equals (280)" classname="spec_perl_TestProcessCoerceSwitch_t" time="0.00192117691040039" />
    <testcase name="Equals (281)" classname="spec_perl_TestProcessCoerceSwitch_t" time="8.48770141601562e-05" />
    <testcase name="Equals (282)" classname="spec_perl_TestProcessCoerceSwitch_t" time="4.81605529785156e-05" />
  </testsuite>
  <testsuite name="spec_perl_TestExprIfIntOps_t" errors="0" failures="0" skipped="0" tests="2" time="0.0381371974945068">
    <system-out>1..2
ok 1 - Equals
ok 2 - Equals
</system-out>
    <testcase name="Equals (283)" classname="spec_perl_TestExprIfIntOps_t" time="0.00148487091064453" />
    <testcase name="Equals (284)" classname="spec_perl_TestExprIfIntOps_t" time="9.51290130615234e-05" />
  </testsuite>
  <testsuite name="spec_perl_TestBitsSignedShiftB32Le_t" errors="0" failures="0" skipped="0" tests="2" time="0.0405950546264648">
    <system-out>1..2
ok 1 - Equals
ok 2 - Equals
</system-out>
    <testcase name="Equals (285)" classname="spec_perl_TestBitsSignedShiftB32Le_t" time="0.00183510780334473" />
    <testcase name="Equals (286)" classname="spec_perl_TestBitsSignedShiftB32Le_t" time="0.00024104118347168" />
  </testsuite>
  <testsuite name="spec_perl_TestCombineBytes_t" errors="0" failures="0" skipped="0" tests="10" time="0.039841890335083">
    <system-out>1..10
ok 1 - Equals
ok 2 - Equals
ok 3 - Equals
ok 4 - Equals
ok 5 - Equals
ok 6 - Equals
ok 7 - Equals
ok 8 - Equals
ok 9 - Equals
ok 10 - Equals
</system-out>
    <testcase name="Equals (287)" classname="spec_perl_TestCombineBytes_t" time="0.00172305107116699" />
    <testcase name="Equals (288)" classname="spec_perl_TestCombineBytes_t" time="0.000126123428344727" />
    <testcase name="Equals (289)" classname="spec_perl_TestCombineBytes_t" time="7.89165496826172e-05" />
    <testcase name="Equals (290)" classname="spec_perl_TestCombineBytes_t" time="0.000103950500488281" />
    <testcase name="Equals (291)" classname="spec_perl_TestCombineBytes_t" time="5.91278076171875e-05" />
    <testcase name="Equals (292)" classname="spec_perl_TestCombineBytes_t" time="7.29560852050781e-05" />
    <testcase name="Equals (293)" classname="spec_perl_TestCombineBytes_t" time="6.103515625e-05" />
    <testcase name="Equals (294)" classname="spec_perl_TestCombineBytes_t" time="0.000104904174804688" />
    <testcase name="Equals (295)" classname="spec_perl_TestCombineBytes_t" time="0.000102996826171875" />
    <testcase name="Equals (296)" classname="spec_perl_TestCombineBytes_t" time="0.000145912170410156" />
  </testsuite>
  <testsuite name="spec_perl_TestNavParent3_t" errors="0" failures="0" skipped="0" tests="10" time="0.0510358810424805">
    <system-out>1..10
ok 1 - Equals
ok 2 - Equals
ok 3 - Equals
ok 4 - Equals
ok 5 - Equals
ok 6 - Equals
ok 7 - Equals
ok 8 - Equals
ok 9 - Equals
ok 10 - Equals
</system-out>
    <testcase name="Equals (297)" classname="spec_perl_TestNavParent3_t" time="0.00184416770935059" />
    <testcase name="Equals (298)" classname="spec_perl_TestNavParent3_t" time="8.89301300048828e-05" />
    <testcase name="Equals (299)" classname="spec_perl_TestNavParent3_t" time="6.69956207275391e-05" />
    <testcase name="Equals (300)" classname="spec_perl_TestNavParent3_t" time="0.000119924545288086" />
    <testcase name="Equals (301)" classname="spec_perl_TestNavParent3_t" time="0.000102996826171875" />
    <testcase name="Equals (302)" classname="spec_perl_TestNavParent3_t" time="0.000140190124511719" />
    <testcase name="Equals (303)" classname="spec_perl_TestNavParent3_t" time="0.000108003616333008" />
    <testcase name="Equals (304)" classname="spec_perl_TestNavParent3_t" time="6.38961791992188e-05" />
    <testcase name="Equals (305)" classname="spec_perl_TestNavParent3_t" time="0.000113964080810547" />
    <testcase name="Equals (306)" classname="spec_perl_TestNavParent3_t" time="0.000152111053466797" />
  </testsuite>
  <testsuite name="spec_perl_TestRepeatUntilS4_t" errors="0" failures="0" skipped="0" tests="2" time="0.0488691329956055">
    <system-out>1..2
ok 1 - Equals
ok 2 - Equals
</system-out>
    <testcase name="Equals (307)" classname="spec_perl_TestRepeatUntilS4_t" time="0.00213885307312012" />
    <testcase name="Equals (308)" classname="spec_perl_TestRepeatUntilS4_t" time="9.29832458496094e-05" />
  </testsuite>
  <testsuite name="spec_perl_TestExprOpsParens_t" errors="0" failures="1" skipped="0" tests="9" time="0.0403120517730713">
    <system-out>1..9
ok 1 - Equals
ok 2 - Equals
ok 3 - Equals
ok 4 - Equals
ok 5 - Equals
ok 6 - Equals
not ok 7 - Equals
ok 8 - Equals
ok 9 - Equals
</system-out>
    <testcase name="Equals (309)" classname="spec_perl_TestExprOpsParens_t" time="0.00189995765686035" />
    <testcase name="Equals (310)" classname="spec_perl_TestExprOpsParens_t" time="7.91549682617188e-05" />
    <testcase name="Equals (311)" classname="spec_perl_TestExprOpsParens_t" time="6.4849853515625e-05" />
    <testcase name="Equals (312)" classname="spec_perl_TestExprOpsParens_t" time="5.41210174560547e-05" />
    <testcase name="Equals (313)" classname="spec_perl_TestExprOpsParens_t" time="8.79764556884766e-05" />
    <testcase name="Equals (314)" classname="spec_perl_TestExprOpsParens_t" time="9.70363616943359e-05" />
    <testcase name="Equals (315)" classname="spec_perl_TestExprOpsParens_t" time="0.000105857849121094">
      <failure message="not ok 7 - Equals" type="TAP::Parser::Result::Test"></failure>
    </testcase>
    <testcase name="Equals (316)" classname="spec_perl_TestExprOpsParens_t" time="0.00122404098510742" />
    <testcase name="Equals (317)" classname="spec_perl_TestExprOpsParens_t" time="5.91278076171875e-05" />
  </testsuite>
  <testsuite name="spec_perl_TestNavParentSwitch_t" errors="0" failures="0" skipped="0" tests="3" time="0.0411360263824463">
    <system-out>1..3
ok 1 - Equals
ok 2 - Equals
ok 3 - Equals
</system-out>
    <testcase name="Equals (318)" classname="spec_perl_TestNavParentSwitch_t" time="0.00147509574890137" />
    <testcase name="Equals (319)" classname="spec_perl_TestNavParentSwitch_t" time="7.89165496826172e-05" />
    <testcase name="Equals (320)" classname="spec_perl_TestNavParentSwitch_t" time="6.19888305664062e-05" />
  </testsuite>
  <testsuite name="spec_perl_TestImportsAbsRel_t" errors="0" failures="0" skipped="0" tests="3" time="0.0449230670928955">
    <system-out>1..3
ok 1 - Equals
ok 2 - Equals
ok 3 - Equals
</system-out>
    <testcase name="Equals (321)" classname="spec_perl_TestImportsAbsRel_t" time="0.00195693969726562" />
    <testcase name="Equals (322)" classname="spec_perl_TestImportsAbsRel_t" time="8.60691070556641e-05" />
    <testcase name="Equals (323)" classname="spec_perl_TestImportsAbsRel_t" time="4.79221343994141e-05" />
  </testsuite>
  <testsuite name="spec_perl_TestTermU1Val_t" errors="0" failures="0" skipped="0" tests="2" time="0.0442509651184082">
    <system-out>1..2
ok 1 - Equals
ok 2 - Equals
</system-out>
    <testcase name="Equals (324)" classname="spec_perl_TestTermU1Val_t" time="0.00159692764282227" />
    <testcase name="Equals (325)" classname="spec_perl_TestTermU1Val_t" time="7.41481781005859e-05" />
  </testsuite>
  <testsuite name="spec_perl_TestNavParentFalse2_t" errors="0" failures="0" skipped="0" tests="1" time="0.0457210540771484">
    <system-out>1..1
ok 1 - Equals
</system-out>
    <testcase name="Equals (326)" classname="spec_perl_TestNavParentFalse2_t" time="0.00133800506591797" />
  </testsuite>
  <testsuite name="spec_perl_TestEnumDeep_t" errors="0" failures="0" skipped="0" tests="2" time="0.0431649684906006">
    <system-out>1..2
ok 1 - Equals
ok 2 - Equals
</system-out>
    <testcase name="Equals (327)" classname="spec_perl_TestEnumDeep_t" time="0.00161409378051758" />
    <testcase name="Equals (328)" classname="spec_perl_TestEnumDeep_t" time="0.00010991096496582" />
  </testsuite>
  <testsuite name="spec_perl_TestDebug0_t" errors="0" failures="0" skipped="1" tests="1" time="0.0383980274200439">
    <system-out>1..1
ok 1 # skip test_debug_0
</system-out>
    <testcase name="Unnamed test case 328" classname="spec_perl_TestDebug0_t" time="0.00149703025817871">
      <skipped message="ok 1 # skip test_debug_0" />
    </testcase>
  </testsuite>
  <testsuite name="spec_perl_TestEosExceptionU4_t" errors="0" failures="0" skipped="0" tests="1" time="0.0408070087432861">
    <system-out>1..1
ok 1 - threw /^Requested \d+ bytes, but only \d+ bytes available/
</system-out>
    <testcase name="threw /^Requested \d+ bytes, but only \d+ bytes available/ (328)" classname="spec_perl_TestEosExceptionU4_t" time="0.00193691253662109" />
  </testsuite>
  <testsuite name="spec_perl_TestSwitchCast_t" errors="0" failures="0" skipped="0" tests="2" time="0.0528011322021484">
    <system-out>1..2
ok 1 - Equals
ok 2 - Equals
</system-out>
    <testcase name="Equals (329)" classname="spec_perl_TestSwitchCast_t" time="0.00190210342407227" />
    <testcase name="Equals (330)" classname="spec_perl_TestSwitchCast_t" time="8.392333984375e-05" />
  </testsuite>
  <testsuite name="spec_perl_TestEnumNegative_t" errors="0" failures="0" skipped="0" tests="2" time="0.0380890369415283">
    <system-out>1..2
ok 1 - Equals
ok 2 - Equals
</system-out>
    <testcase name="Equals (331)" classname="spec_perl_TestEnumNegative_t" time="0.00153493881225586" />
    <testcase name="Equals (332)" classname="spec_perl_TestEnumNegative_t" time="7.20024108886719e-05" />
  </testsuite>
  <testsuite name="spec_perl_TestOpaqueExternalType02Parent_t" errors="0" failures="0" skipped="0" tests="3" time="0.0494170188903809">
    <system-out>1..3
ok 1 - Equals
ok 2 - Equals
ok 3 - Equals
</system-out>
    <testcase name="Equals (333)" classname="spec_perl_TestOpaqueExternalType02Parent_t" time="0.00173687934875488" />
    <testcase name="Equals (334)" classname="spec_perl_TestOpaqueExternalType02Parent_t" time="9.01222229003906e-05" />
    <testcase name="Equals (335)" classname="spec_perl_TestOpaqueExternalType02Parent_t" time="6.07967376708984e-05" />
  </testsuite>
  <testsuite name="spec_perl_TestZlibSurrounded_t" errors="0" failures="0" skipped="0" tests="1" time="0.0805408954620361">
    <system-out>1..1
ok 1 - Equals
</system-out>
    <testcase name="Equals (336)" classname="spec_perl_TestZlibSurrounded_t" time="0.00224494934082031" />
  </testsuite>
  <testsuite name="spec_perl_TestIoLocalVar_t" errors="0" failures="0" skipped="0" tests="2" time="0.0398011207580566">
    <system-out>1..2
ok 1 - Equals
ok 2 - Equals
</system-out>
    <testcase name="Equals (337)" classname="spec_perl_TestIoLocalVar_t" time="0.00232601165771484" />
    <testcase name="Equals (338)" classname="spec_perl_TestIoLocalVar_t" time="9.48905944824219e-05" />
  </testsuite>
  <testsuite name="spec_perl_TestParamsPassArrayUsertype_t" errors="0" failures="1" skipped="4" tests="5" time="0.0535719394683838">
    <system-out>1..5
not ok 1 - test_params_pass_array_usertype died (Can't use an undefined value as an ARRAY reference at compiled/perl/ParamsPassArrayUsertype.pm line 123.)
ok 2 # skip test_params_pass_array_usertype died
ok 3 # skip test_params_pass_array_usertype died
ok 4 # skip test_params_pass_array_usertype died
ok 5 # skip test_params_pass_array_usertype died
</system-out>
    <testcase name="test_params_pass_array_usertype died (Can't use an undefined value as an ARRAY reference at compiled/perl/ParamsPassArrayUsertype.pm line 123.) (338)" classname="spec_perl_TestParamsPassArrayUsertype_t" time="0.0015559196472168">
      <failure message="not ok 1 - test_params_pass_array_usertype died (Can't use an undefined value as an ARRAY reference at compiled/perl/ParamsPassArrayUsertype.pm line 123.)" type="TAP::Parser::Result::Test"></failure>
    </testcase>
    <testcase name="Unnamed test case 338" classname="spec_perl_TestParamsPassArrayUsertype_t" time="0.000146150588989258">
      <skipped message="ok 2 # skip test_params_pass_array_usertype died" />
    </testcase>
    <testcase name="Unnamed test case 339" classname="spec_perl_TestParamsPassArrayUsertype_t" time="8.08238983154297e-05">
      <skipped message="ok 3 # skip test_params_pass_array_usertype died" />
    </testcase>
    <testcase name="Unnamed test case 340" classname="spec_perl_TestParamsPassArrayUsertype_t" time="0.00129318237304688">
      <skipped message="ok 4 # skip test_params_pass_array_usertype died" />
    </testcase>
    <testcase name="Unnamed test case 341" classname="spec_perl_TestParamsPassArrayUsertype_t" time="7.39097595214844e-05">
      <skipped message="ok 5 # skip test_params_pass_array_usertype died" />
    </testcase>
  </testsuite>
  <testsuite name="spec_perl_TestNavParent_t" errors="0" failures="0" skipped="0" tests="5" time="0.0493679046630859">
    <system-out>1..5
ok 1 - Equals
ok 2 - Equals
ok 3 - Equals
ok 4 - Equals
ok 5 - Equals
</system-out>
    <testcase name="Equals (341)" classname="spec_perl_TestNavParent_t" time="0.00162196159362793" />
    <testcase name="Equals (342)" classname="spec_perl_TestNavParent_t" time="8.29696655273438e-05" />
    <testcase name="Equals (343)" classname="spec_perl_TestNavParent_t" time="6.50882720947266e-05" />
    <testcase name="Equals (344)" classname="spec_perl_TestNavParent_t" time="7.48634338378906e-05" />
    <testcase name="Equals (345)" classname="spec_perl_TestNavParent_t" time="7.10487365722656e-05" />
  </testsuite>
  <testsuite name="spec_perl_TestBytesPadTerm_t" errors="0" failures="0" skipped="0" tests="4" time="0.0380299091339111">
    <system-out>1..4
ok 1 - Equals
ok 2 - Equals
ok 3 - Equals
ok 4 - Equals
</system-out>
    <testcase name="Equals (346)" classname="spec_perl_TestBytesPadTerm_t" time="0.00139212608337402" />
    <testcase name="Equals (347)" classname="spec_perl_TestBytesPadTerm_t" time="7.89165496826172e-05" />
    <testcase name="Equals (348)" classname="spec_perl_TestBytesPadTerm_t" time="7.00950622558594e-05" />
    <testcase name="Equals (349)" classname="spec_perl_TestBytesPadTerm_t" time="7.48634338378906e-05" />
  </testsuite>
  <testsuite name="spec_perl_TestStrEncodingsUtf16_t" errors="0" failures="0" skipped="0" tests="6" time="0.0508489608764648">
    <system-out>1..6
ok 1 - Equals
ok 2 - Equals
ok 3 - Equals
ok 4 - Equals
ok 5 - Equals
ok 6 - Equals
</system-out>
    <testcase name="Equals (350)" classname="spec_perl_TestStrEncodingsUtf16_t" time="0.00284695625305176" />
    <testcase name="Equals (351)" classname="spec_perl_TestStrEncodingsUtf16_t" time="8.20159912109375e-05" />
    <testcase name="Equals (352)" classname="spec_perl_TestStrEncodingsUtf16_t" time="4.50611114501953e-05" />
    <testcase name="Equals (353)" classname="spec_perl_TestStrEncodingsUtf16_t" time="7.39097595214844e-05" />
    <testcase name="Equals (354)" classname="spec_perl_TestStrEncodingsUtf16_t" time="5.41210174560547e-05" />
    <testcase name="Equals (355)" classname="spec_perl_TestStrEncodingsUtf16_t" time="6.60419464111328e-05" />
  </testsuite>
  <testsuite name="spec_perl_TestIntegers_t" errors="0" failures="0" skipped="0" tests="20" time="0.043269157409668">
    <system-out>1..20
ok 1 - Equals
ok 2 - Equals
ok 3 - Equals
ok 4 - Equals
ok 5 - Equals
ok 6 - Equals
ok 7 - Equals
ok 8 - Equals
ok 9 - Equals
ok 10 - Equals
ok 11 - Equals
ok 12 - Equals
ok 13 - Equals
ok 14 - Equals
ok 15 - Equals
ok 16 - Equals
ok 17 - Equals
ok 18 - Equals
ok 19 - Equals
ok 20 - Equals
</system-out>
    <testcase name="Equals (356)" classname="spec_perl_TestIntegers_t" time="0.00169706344604492" />
    <testcase name="Equals (357)" classname="spec_perl_TestIntegers_t" time="8.48770141601562e-05" />
    <testcase name="Equals (358)" classname="spec_perl_TestIntegers_t" time="9.10758972167969e-05" />
    <testcase name="Equals (359)" classname="spec_perl_TestIntegers_t" time="6.69956207275391e-05" />
    <testcase name="Equals (360)" classname="spec_perl_TestIntegers_t" time="6.29425048828125e-05" />
    <testcase name="Equals (361)" classname="spec_perl_TestIntegers_t" time="6.29425048828125e-05" />
    <testcase name="Equals (362)" classname="spec_perl_TestIntegers_t" time="7.79628753662109e-05" />
    <testcase name="Equals (363)" classname="spec_perl_TestIntegers_t" time="7.70092010498047e-05" />
    <testcase name="Equals (364)" classname="spec_perl_TestIntegers_t" time="9.51290130615234e-05" />
    <testcase name="Equals (365)" classname="spec_perl_TestIntegers_t" time="0.00010991096496582" />
    <testcase name="Equals (366)" classname="spec_perl_TestIntegers_t" time="0.000133037567138672" />
    <testcase name="Equals (367)" classname="spec_perl_TestIntegers_t" time="8.60691070556641e-05" />
    <testcase name="Equals (368)" classname="spec_perl_TestIntegers_t" time="0.000102043151855469" />
    <testcase name="Equals (369)" classname="spec_perl_TestIntegers_t" time="5.57899475097656e-05" />
    <testcase name="Equals (370)" classname="spec_perl_TestIntegers_t" time="0.000102996826171875" />
    <testcase name="Equals (371)" classname="spec_perl_TestIntegers_t" time="6.41345977783203e-05" />
    <testcase name="Equals (372)" classname="spec_perl_TestIntegers_t" time="9.10758972167969e-05" />
    <testcase name="Equals (373)" classname="spec_perl_TestIntegers_t" time="8.48770141601562e-05" />
    <testcase name="Equals (374)" classname="spec_perl_TestIntegers_t" time="9.20295715332031e-05" />
    <testcase name="Equals (375)" classname="spec_perl_TestIntegers_t" time="7.00950622558594e-05" />
  </testsuite>
  <testsuite name="spec_perl_TestNavParentOverride_t" errors="0" failures="0" skipped="0" tests="3" time="0.0421850681304932">
    <system-out>1..3
ok 1 - Equals
ok 2 - Equals
ok 3 - Equals
</system-out>
    <testcase name="Equals (376)" classname="spec_perl_TestNavParentOverride_t" time="0.0020298957824707" />
    <testcase name="Equals (377)" classname="spec_perl_TestNavParentOverride_t" time="9.89437103271484e-05" />
    <testcase name="Equals (378)" classname="spec_perl_TestNavParentOverride_t" time="6.81877136230469e-05" />
  </testsuite>
  <testsuite name="spec_perl_TestRepeatUntilComplex_t" errors="0" failures="0" skipped="0" tests="15" time="0.0571219921112061">
    <system-out>1..15
ok 1 - Equals
ok 2 - Equals
ok 3 - Equals
ok 4 - Equals
ok 5 - Equals
ok 6 - Equals
ok 7 - Equals
ok 8 - Equals
ok 9 - Equals
ok 10 - Equals
ok 11 - Equals
ok 12 - Equals
ok 13 - Equals
ok 14 - Equals
ok 15 - Equals
</system-out>
    <testcase name="Equals (379)" classname="spec_perl_TestRepeatUntilComplex_t" time="0.00209999084472656" />
    <testcase name="Equals (380)" classname="spec_perl_TestRepeatUntilComplex_t" time="0.000284910202026367" />
    <testcase name="Equals (381)" classname="spec_perl_TestRepeatUntilComplex_t" time="0.000308036804199219" />
    <testcase name="Equals (382)" classname="spec_perl_TestRepeatUntilComplex_t" time="0.000224113464355469" />
    <testcase name="Equals (383)" classname="spec_perl_TestRepeatUntilComplex_t" time="0.000235795974731445" />
    <testcase name="Equals (384)" classname="spec_perl_TestRepeatUntilComplex_t" time="0.00021815299987793" />
    <testcase name="Equals (385)" classname="spec_perl_TestRepeatUntilComplex_t" time="0.000247001647949219" />
    <testcase name="Equals (386)" classname="spec_perl_TestRepeatUntilComplex_t" time="0.000223875045776367" />
    <testcase name="Equals (387)" classname="spec_perl_TestRepeatUntilComplex_t" time="0.000247955322265625" />
    <testcase name="Equals (388)" classname="spec_perl_TestRepeatUntilComplex_t" time="0.000212192535400391" />
    <testcase name="Equals (389)" classname="spec_perl_TestRepeatUntilComplex_t" time="0.000386953353881836" />
    <testcase name="Equals (390)" classname="spec_perl_TestRepeatUntilComplex_t" time="0.000227928161621094" />
    <testcase name="Equals (391)" classname="spec_perl_TestRepeatUntilComplex_t" time="0.000236988067626953" />
    <testcase name="Equals (392)" classname="spec_perl_TestRepeatUntilComplex_t" time="0.00021815299987793" />
    <testcase name="Equals (393)" classname="spec_perl_TestRepeatUntilComplex_t" time="0.000250816345214844" />
  </testsuite>
  <testsuite name="spec_perl_TestProcessRotate_t" errors="0" failures="0" skipped="0" tests="3" time="0.0438389778137207">
    <system-out>1..3
ok 1 - Equals
ok 2 - Equals
ok 3 - Equals
</system-out>
    <testcase name="Equals (394)" classname="spec_perl_TestProcessRotate_t" time="0.00161600112915039" />
    <testcase name="Equals (395)" classname="spec_perl_TestProcessRotate_t" time="8.41617584228516e-05" />
    <testcase name="Equals (396)" classname="spec_perl_TestProcessRotate_t" time="4.79221343994141e-05" />
  </testsuite>
  <testsuite name="spec_perl_TestRepeatEosStruct_t" errors="0" failures="0" skipped="0" tests="5" time="0.0414969921112061">
    <system-out>1..5
ok 1 - Equals
ok 2 - Equals
ok 3 - Equals
ok 4 - Equals
ok 5 - Equals
</system-out>
    <testcase name="Equals (397)" classname="spec_perl_TestRepeatEosStruct_t" time="0.00166201591491699" />
    <testcase name="Equals (398)" classname="spec_perl_TestRepeatEosStruct_t" time="0.000117063522338867" />
    <testcase name="Equals (399)" classname="spec_perl_TestRepeatEosStruct_t" time="5.00679016113281e-05" />
    <testcase name="Equals (400)" classname="spec_perl_TestRepeatEosStruct_t" time="6.79492950439453e-05" />
    <testcase name="Equals (401)" classname="spec_perl_TestRepeatEosStruct_t" time="6.103515625e-05" />
  </testsuite>
  <testsuite name="spec_perl_TestNestedTypes_t" errors="0" failures="0" skipped="0" tests="3" time="0.0404939651489258">
    <system-out>1..3
ok 1 - Equals
ok 2 - Equals
ok 3 - Equals
</system-out>
    <testcase name="Equals (402)" classname="spec_perl_TestNestedTypes_t" time="0.00139498710632324" />
    <testcase name="Equals (403)" classname="spec_perl_TestNestedTypes_t" time="0.000101089477539062" />
    <testcase name="Equals (404)" classname="spec_perl_TestNestedTypes_t" time="6.38961791992188e-05" />
  </testsuite>
  <testsuite name="spec_perl_TestIndexToParamEos_t" errors="0" failures="2" skipped="0" tests="7" time="0.0528140068054199">
    <system-out>1..7
ok 1 - Equals
ok 2 - Equals
ok 3 - Equals
ok 4 - Equals
ok 5 - Equals
not ok 6 - Equals
not ok 7 - Equals
</system-out>
    <testcase name="Equals (405)" classname="spec_perl_TestIndexToParamEos_t" time="0.00289797782897949" />
    <testcase name="Equals (406)" classname="spec_perl_TestIndexToParamEos_t" time="9.51290130615234e-05" />
    <testcase name="Equals (407)" classname="spec_perl_TestIndexToParamEos_t" time="5.00679016113281e-05" />
    <testcase name="Equals (408)" classname="spec_perl_TestIndexToParamEos_t" time="6.89029693603516e-05" />
    <testcase name="Equals (409)" classname="spec_perl_TestIndexToParamEos_t" time="6.69956207275391e-05" />
    <testcase name="Equals (410)" classname="spec_perl_TestIndexToParamEos_t" time="7.51018524169922e-05">
      <failure message="not ok 6 - Equals" type="TAP::Parser::Result::Test"></failure>
    </testcase>
    <testcase name="Equals (411)" classname="spec_perl_TestIndexToParamEos_t" time="0.00106692314147949">
      <failure message="not ok 7 - Equals" type="TAP::Parser::Result::Test"></failure>
    </testcase>
  </testsuite>
  <testsuite name="spec_perl_TestTypeIntUnaryOp_t" errors="0" failures="0" skipped="0" tests="4" time="0.0404081344604492">
    <system-out>1..4
ok 1 - Equals
ok 2 - Equals
ok 3 - Equals
ok 4 - Equals
</system-out>
    <testcase name="Equals (412)" classname="spec_perl_TestTypeIntUnaryOp_t" time="0.00145316123962402" />
    <testcase name="Equals (413)" classname="spec_perl_TestTypeIntUnaryOp_t" time="7.58171081542969e-05" />
    <testcase name="Equals (414)" classname="spec_perl_TestTypeIntUnaryOp_t" time="7.41481781005859e-05" />
    <testcase name="Equals (415)" classname="spec_perl_TestTypeIntUnaryOp_t" time="5.98430633544922e-05" />
  </testsuite>
  <testsuite name="spec_perl_TestImportsAbs_t" errors="0" failures="0" skipped="0" tests="2" time="0.0425410270690918">
    <system-out>1..2
ok 1 - Equals
ok 2 - Equals
</system-out>
    <testcase name="Equals (416)" classname="spec_perl_TestImportsAbs_t" time="0.00151300430297852" />
    <testcase name="Equals (417)" classname="spec_perl_TestImportsAbs_t" time="8.392333984375e-05" />
  </testsuite>
  <testsuite name="spec_perl_TestUserType_t" errors="0" failures="0" skipped="0" tests="2" time="0.040302038192749">
    <system-out>1..2
ok 1 - Equals
ok 2 - Equals
</system-out>
    <testcase name="Equals (418)" classname="spec_perl_TestUserType_t" time="0.00154900550842285" />
    <testcase name="Equals (419)" classname="spec_perl_TestUserType_t" time="8.41617584228516e-05" />
  </testsuite>
  <testsuite name="spec_perl_TestFloatingPoints_t" errors="0" failures="0" skipped="0" tests="8" time="0.0391941070556641">
    <system-out>1..8
ok 1 - Approx equals
ok 2 - Approx equals
ok 3 - Approx equals
ok 4 - Approx equals
ok 5 - Approx equals
ok 6 - Approx equals
ok 7 - Approx equals
ok 8 - Approx equals
</system-out>
    <testcase name="Approx equals (419)" classname="spec_perl_TestFloatingPoints_t" time="0.00153994560241699" />
    <testcase name="Approx equals (420)" classname="spec_perl_TestFloatingPoints_t" time="7.89165496826172e-05" />
    <testcase name="Approx equals (421)" classname="spec_perl_TestFloatingPoints_t" time="4.50611114501953e-05" />
    <testcase name="Approx equals (422)" classname="spec_perl_TestFloatingPoints_t" time="5.69820404052734e-05" />
    <testcase name="Approx equals (423)" classname="spec_perl_TestFloatingPoints_t" time="4.60147857666016e-05" />
    <testcase name="Approx equals (424)" classname="spec_perl_TestFloatingPoints_t" time="7.70092010498047e-05" />
    <testcase name="Approx equals (425)" classname="spec_perl_TestFloatingPoints_t" time="4.60147857666016e-05" />
    <testcase name="Approx equals (426)" classname="spec_perl_TestFloatingPoints_t" time="4.00543212890625e-05" />
  </testsuite>
  <testsuite name="spec_perl_TestMetaXref_t" errors="0" failures="0" skipped="1" tests="1" time="0.0428779125213623">
    <system-out>1..1
ok 1 # skip MetaXref=HASH(0x55f32e04e5a0)
</system-out>
    <testcase name="Unnamed test case 426" classname="spec_perl_TestMetaXref_t" time="0.00177693367004395">
      <skipped message="ok 1 # skip MetaXref=HASH(0x55f32e04e5a0)" />
    </testcase>
  </testsuite>
  <testsuite name="spec_perl_TestInstanceUserArray_t" errors="0" failures="0" skipped="0" tests="10" time="0.0418329238891602">
    <system-out>1..10
ok 1 - Equals
ok 2 - Equals
ok 3 - Equals
ok 4 - Equals
ok 5 - Equals
ok 6 - Equals
ok 7 - Equals
ok 8 - Equals
ok 9 - Equals
ok 10 - Equals
</system-out>
    <testcase name="Equals (426)" classname="spec_perl_TestInstanceUserArray_t" time="0.00152206420898438" />
    <testcase name="Equals (427)" classname="spec_perl_TestInstanceUserArray_t" time="9.89437103271484e-05" />
    <testcase name="Equals (428)" classname="spec_perl_TestInstanceUserArray_t" time="6.31809234619141e-05" />
    <testcase name="Equals (429)" classname="spec_perl_TestInstanceUserArray_t" time="0.000527858734130859" />
    <testcase name="Equals (430)" classname="spec_perl_TestInstanceUserArray_t" time="0.000103950500488281" />
    <testcase name="Equals (431)" classname="spec_perl_TestInstanceUserArray_t" time="6.41345977783203e-05" />
    <testcase name="Equals (432)" classname="spec_perl_TestInstanceUserArray_t" time="8.89301300048828e-05" />
    <testcase name="Equals (433)" classname="spec_perl_TestInstanceUserArray_t" time="6.00814819335938e-05" />
    <testcase name="Equals (434)" classname="spec_perl_TestInstanceUserArray_t" time="7.79628753662109e-05" />
    <testcase name="Equals (435)" classname="spec_perl_TestInstanceUserArray_t" time="0.000108003616333008" />
  </testsuite>
  <testsuite name="spec_perl_TestBitsEnum_t" errors="0" failures="0" skipped="0" tests="3" time="0.0433909893035889">
    <system-out>1..3
ok 1 - Equals
ok 2 - Equals
ok 3 - Equals
</system-out>
    <testcase name="Equals (436)" classname="spec_perl_TestBitsEnum_t" time="0.00159001350402832" />
    <testcase name="Equals (437)" classname="spec_perl_TestBitsEnum_t" time="9.60826873779297e-05" />
    <testcase name="Equals (438)" classname="spec_perl_TestBitsEnum_t" time="5.69820404052734e-05" />
  </testsuite>
  <testsuite name="spec_perl_TestDebugEnumName_t" errors="1" failures="0" skipped="0" tests="0" time="0.0378451347351074">
    <system-out></system-out>
    <testcase name="Test died too soon, even before plan. (438)" classname="spec_perl_TestDebugEnumName_t" time="0.0378451347351074">
      <failure message="The test suite died before a plan was produced. You need to have a plan." type="Plan">No plan</failure>
    </testcase>
  </testsuite>
  <testsuite name="spec_perl_TestFixedContents_t" errors="0" failures="0" skipped="1" tests="1" time="0.0407609939575195">
    <system-out>1..1
ok 1 # skip FixedContents=HASH(0x5594d907aa40)
</system-out>
    <testcase name="Unnamed test case 438" classname="spec_perl_TestFixedContents_t" time="0.0021209716796875">
      <skipped message="ok 1 # skip FixedContents=HASH(0x5594d907aa40)" />
    </testcase>
  </testsuite>
  <testsuite name="spec_perl_TestBcdUserTypeLe_t" errors="0" failures="0" skipped="0" tests="6" time="0.0404961109161377">
    <system-out>1..6
ok 1 - Equals
ok 2 - Equals
ok 3 - Equals
ok 4 - Equals
ok 5 - Equals
ok 6 - Equals
</system-out>
    <testcase name="Equals (439)" classname="spec_perl_TestBcdUserTypeLe_t" time="0.00177097320556641" />
    <testcase name="Equals (440)" classname="spec_perl_TestBcdUserTypeLe_t" time="7.51018524169922e-05" />
    <testcase name="Equals (441)" classname="spec_perl_TestBcdUserTypeLe_t" time="6.38961791992188e-05" />
    <testcase name="Equals (442)" classname="spec_perl_TestBcdUserTypeLe_t" time="5.41210174560547e-05" />
    <testcase name="Equals (443)" classname="spec_perl_TestBcdUserTypeLe_t" time="8.89301300048828e-05" />
    <testcase name="Equals (444)" classname="spec_perl_TestBcdUserTypeLe_t" time="8.70227813720703e-05" />
  </testsuite>
  <testsuite name="spec_perl_TestImportsAbsAbs_t" errors="0" failures="0" skipped="0" tests="3" time="0.0484800338745117">
    <system-out>1..3
ok 1 - Equals
ok 2 - Equals
ok 3 - Equals
</system-out>
    <testcase name="Equals (445)" classname="spec_perl_TestImportsAbsAbs_t" time="0.00168704986572266" />
    <testcase name="Equals (446)" classname="spec_perl_TestImportsAbsAbs_t" time="9.70363616943359e-05" />
    <testcase name="Equals (447)" classname="spec_perl_TestImportsAbsAbs_t" time="5.00679016113281e-05" />
  </testsuite>
  <testsuite name="spec_perl_TestOptionalId_t" errors="0" failures="0" skipped="0" tests="3" time="0.0422139167785645">
    <system-out>1..3
ok 1 - Equals
ok 2 - Equals
ok 3 - Equals
</system-out>
    <testcase name="Equals (448)" classname="spec_perl_TestOptionalId_t" time="0.00142598152160645" />
    <testcase name="Equals (449)" classname="spec_perl_TestOptionalId_t" time="8.0108642578125e-05" />
    <testcase name="Equals (450)" classname="spec_perl_TestOptionalId_t" time="4.79221343994141e-05" />
  </testsuite>
  <testsuite name="spec_perl_TestRepeatEosU4_t" errors="0" failures="0" skipped="0" tests="1" time="0.0406630039215088">
    <system-out>1..1
ok 1 - Equals
</system-out>
    <testcase name="Equals (451)" classname="spec_perl_TestRepeatEosU4_t" time="0.00188899040222168" />
  </testsuite>
  <testsuite name="spec_perl_TestSwitchManualEnumInvalid_t" errors="0" failures="0" skipped="0" tests="5" time="0.0500800609588623">
    <system-out>1..5
ok 1 - Equals
ok 2 - Equals
ok 3 - nil
ok 4 - Equals
ok 5 - nil
</system-out>
    <testcase name="Equals (452)" classname="spec_perl_TestSwitchManualEnumInvalid_t" time="0.00172901153564453" />
    <testcase name="Equals (453)" classname="spec_perl_TestSwitchManualEnumInvalid_t" time="8.392333984375e-05" />
    <testcase name="nil (453)" classname="spec_perl_TestSwitchManualEnumInvalid_t" time="4.91142272949219e-05" />
    <testcase name="Equals (454)" classname="spec_perl_TestSwitchManualEnumInvalid_t" time="8.60691070556641e-05" />
    <testcase name="nil (454)" classname="spec_perl_TestSwitchManualEnumInvalid_t" time="5.88893890380859e-05" />
  </testsuite>
  <testsuite name="spec_perl_TestParamsCallExtraParens_t" errors="0" failures="1" skipped="0" tests="1" time="0.047407865524292">
    <system-out>1..1
not ok 1 - Equals
</system-out>
    <testcase name="Equals (455)" classname="spec_perl_TestParamsCallExtraParens_t" time="0.00210809707641602">
      <failure message="not ok 1 - Equals" type="TAP::Parser::Result::Test"></failure>
    </testcase>
  </testsuite>
  <testsuite name="spec_perl_TestParamsPassUsertype_t" errors="0" failures="1" skipped="1" tests="2" time="0.0412290096282959">
    <system-out>1..2
[...]
    <system-out>1..3
ok 1 - Equals
ok 2 - Equals
not ok 3 - test_enum_to_i_class_border_1 died (Can't call method &quot;some_dog&quot; on an undefined value at compiled/perl/EnumToIClassBorder2.pm line 42.)
</system-out>
    <testcase name="Equals (886)" classname="spec_perl_TestEnumToIClassBorder1_t" time="0.00163507461547852" />
    <testcase name="Equals (887)" classname="spec_perl_TestEnumToIClassBorder1_t" time="8.79764556884766e-05" />
    <testcase name="test_enum_to_i_class_border_1 died (Can't call method &quot;some_dog&quot; on an undefined value at compiled/perl/EnumToIClassBorder2.pm line 42.) (887)" classname="spec_perl_TestEnumToIClassBorder1_t" time="8.20159912109375e-05">
      <failure message="not ok 3 - test_enum_to_i_class_border_1 died (Can't call method &quot;some_dog&quot; on an undefined value at compiled/perl/EnumToIClassBorder2.pm line 42.)" type="TAP::Parser::Result::Test"></failure>
    </testcase>
  </testsuite>
  <testsuite name="spec_perl_TestExprCalcArrayOps_t" errors="0" failures="0" skipped="0" tests="18" time="0.0413870811462402">
    <system-out>1..18
ok 1 - Equals
ok 2 - Equals
ok 3 - Equals
ok 4 - Equals
ok 5 - Equals
ok 6 - Equals
ok 7 - Equals
ok 8 - Approx equals
ok 9 - Approx equals
ok 10 - Approx equals
ok 11 - Approx equals
ok 12 - Approx equals
ok 13 - Equals
ok 14 - Equals
ok 15 - Equals
ok 16 - Equals
ok 17 - Equals
ok 18 - Equals
</system-out>
    <testcase name="Equals (888)" classname="spec_perl_TestExprCalcArrayOps_t" time="0.00164103507995605" />
    <testcase name="Equals (889)" classname="spec_perl_TestExprCalcArrayOps_t" time="8.29696655273438e-05" />
    <testcase name="Equals (890)" classname="spec_perl_TestExprCalcArrayOps_t" time="4.60147857666016e-05" />
    <testcase name="Equals (891)" classname="spec_perl_TestExprCalcArrayOps_t" time="5.69820404052734e-05" />
    <testcase name="Equals (892)" classname="spec_perl_TestExprCalcArrayOps_t" time="7.41481781005859e-05" />
    <testcase name="Equals (893)" classname="spec_perl_TestExprCalcArrayOps_t" time="0.000523805618286133" />
    <testcase name="Equals (894)" classname="spec_perl_TestExprCalcArrayOps_t" time="5.22136688232422e-05" />
    <testcase name="Approx equals (894)" classname="spec_perl_TestExprCalcArrayOps_t" time="4.38690185546875e-05" />
    <testcase name="Approx equals (895)" classname="spec_perl_TestExprCalcArrayOps_t" time="4.1961669921875e-05" />
    <testcase name="Approx equals (896)" classname="spec_perl_TestExprCalcArrayOps_t" time="4.10079956054688e-05" />
    <testcase name="Approx equals (897)" classname="spec_perl_TestExprCalcArrayOps_t" time="7.51018524169922e-05" />
    <testcase name="Approx equals (898)" classname="spec_perl_TestExprCalcArrayOps_t" time="4.50611114501953e-05" />
    <testcase name="Equals (898)" classname="spec_perl_TestExprCalcArrayOps_t" time="4.10079956054688e-05" />
    <testcase name="Equals (899)" classname="spec_perl_TestExprCalcArrayOps_t" time="3.88622283935547e-05" />
    <testcase name="Equals (900)" classname="spec_perl_TestExprCalcArrayOps_t" time="6.50882720947266e-05" />
    <testcase name="Equals (901)" classname="spec_perl_TestExprCalcArrayOps_t" time="5.10215759277344e-05" />
    <testcase name="Equals (902)" classname="spec_perl_TestExprCalcArrayOps_t" time="5.79357147216797e-05" />
    <testcase name="Equals (903)" classname="spec_perl_TestExprCalcArrayOps_t" time="6.19888305664062e-05" />
  </testsuite>
  <testsuite name="spec_perl_TestValidOptionalId_t" errors="1" failures="0" skipped="0" tests="0" time="0.0386788845062256">
    <system-out></system-out>
    <testcase name="Test died too soon, even before plan. (903)" classname="spec_perl_TestValidOptionalId_t" time="0.0386788845062256">
      <failure message="The test suite died before a plan was produced. You need to have a plan." type="Plan">No plan</failure>
    </testcase>
  </testsuite>
  <testsuite name="spec_perl_TestSwitchIntegers_t" errors="0" failures="0" skipped="0" tests="9" time="0.0432171821594238">
    <system-out>1..9
ok 1 - Equals
ok 2 - Equals
ok 3 - Equals
ok 4 - Equals
ok 5 - Equals
ok 6 - Equals
ok 7 - Equals
ok 8 - Equals
ok 9 - Equals
</system-out>
    <testcase name="Equals (904)" classname="spec_perl_TestSwitchIntegers_t" time="0.00191593170166016" />
    <testcase name="Equals (905)" classname="spec_perl_TestSwitchIntegers_t" time="9.60826873779297e-05" />
    <testcase name="Equals (906)" classname="spec_perl_TestSwitchIntegers_t" time="8.392333984375e-05" />
    <testcase name="Equals (907)" classname="spec_perl_TestSwitchIntegers_t" time="6.91413879394531e-05" />
    <testcase name="Equals (908)" classname="spec_perl_TestSwitchIntegers_t" time="5.57899475097656e-05" />
    <testcase name="Equals (909)" classname="spec_perl_TestSwitchIntegers_t" time="7.20024108886719e-05" />
    <testcase name="Equals (910)" classname="spec_perl_TestSwitchIntegers_t" time="0.000121116638183594" />
    <testcase name="Equals (911)" classname="spec_perl_TestSwitchIntegers_t" time="6.98566436767578e-05" />
    <testcase name="Equals (912)" classname="spec_perl_TestSwitchIntegers_t" time="8.0108642578125e-05" />
  </testsuite>
  <testsuite name="spec_perl_TestMetaTags_t" errors="0" failures="0" skipped="1" tests="1" time="0.0415098667144775">
    <system-out>1..1
ok 1 # skip MetaTags=HASH(0x55b560584050)
</system-out>
    <testcase name="Unnamed test case 912" classname="spec_perl_TestMetaTags_t" time="0.00277185440063477">
      <skipped message="ok 1 # skip MetaTags=HASH(0x55b560584050)" />
    </testcase>
  </testsuite>
  <testsuite name="spec_perl_TestCastToImported_t" errors="0" failures="0" skipped="0" tests="2" time="0.0401160717010498">
    <system-out>1..2
ok 1 - Equals
ok 2 - Equals
</system-out>
    <testcase name="Equals (913)" classname="spec_perl_TestCastToImported_t" time="0.00141692161560059" />
    <testcase name="Equals (914)" classname="spec_perl_TestCastToImported_t" time="7.29560852050781e-05" />
  </testsuite>
  <testsuite name="spec_perl_TestBitsShiftByB64Le_t" errors="0" failures="0" skipped="0" tests="2" time="0.0395758152008057">
    <system-out>1..2
ok 1 - Equals
ok 2 - Equals
</system-out>
    <testcase name="Equals (915)" classname="spec_perl_TestBitsShiftByB64Le_t" time="0.00173091888427734" />
    <testcase name="Equals (916)" classname="spec_perl_TestBitsShiftByB64Le_t" time="0.000113010406494141" />
  </testsuite>
  <testsuite name="spec_perl_TestBitsByteAligned_t" errors="0" failures="0" skipped="0" tests="9" time="0.0398039817810059">
    <system-out>1..9
ok 1 - Equals
ok 2 - Equals
ok 3 - Equals
ok 4 - Equals
ok 5 - Equals
ok 6 - Equals
ok 7 - Equals
ok 8 - Equals
ok 9 - Equals
</system-out>
    <testcase name="Equals (917)" classname="spec_perl_TestBitsByteAligned_t" time="0.0013880729675293" />
    <testcase name="Equals (918)" classname="spec_perl_TestBitsByteAligned_t" time="9.79900360107422e-05" />
    <testcase name="Equals (919)" classname="spec_perl_TestBitsByteAligned_t" time="4.79221343994141e-05" />
    <testcase name="Equals (920)" classname="spec_perl_TestBitsByteAligned_t" time="9.20295715332031e-05" />
    <testcase name="Equals (921)" classname="spec_perl_TestBitsByteAligned_t" time="6.103515625e-05" />
    <testcase name="Equals (922)" classname="spec_perl_TestBitsByteAligned_t" time="5.60283660888672e-05" />
    <testcase name="Equals (923)" classname="spec_perl_TestBitsByteAligned_t" time="0.000107049942016602" />
    <testcase name="Equals (924)" classname="spec_perl_TestBitsByteAligned_t" time="6.19888305664062e-05" />
    <testcase name="Equals (925)" classname="spec_perl_TestBitsByteAligned_t" time="9.98973846435547e-05" />
  </testsuite>
  <testsuite name="spec_perl_TestDefaultBigEndian_t" errors="0" failures="0" skipped="0" tests="1" time="0.0407030582427979">
    <system-out>1..1
ok 1 - Equals
</system-out>
    <testcase name="Equals (926)" classname="spec_perl_TestDefaultBigEndian_t" time="0.00100493431091309" />
  </testsuite>
  <testsuite name="spec_perl_TestValidNotParsedIf_t" errors="0" failures="0" skipped="1" tests="1" time="0.040477991104126">
    <system-out>1..1
ok 1 # skip ValidNotParsedIf=HASH(0x560531d7e8e0)
</system-out>
    <testcase name="Unnamed test case 926" classname="spec_perl_TestValidNotParsedIf_t" time="0.00182795524597168">
      <skipped message="ok 1 # skip ValidNotParsedIf=HASH(0x560531d7e8e0)" />
    </testcase>
  </testsuite>
  <testsuite name="spec_perl_TestEnumIntRangeU_t" errors="0" failures="0" skipped="0" tests="2" time="0.040006160736084">
    <system-out>1..2
ok 1 - Equals
ok 2 - Equals
</system-out>
    <testcase name="Equals (927)" classname="spec_perl_TestEnumIntRangeU_t" time="0.00137996673583984" />
    <testcase name="Equals (928)" classname="spec_perl_TestEnumIntRangeU_t" time="7.51018524169922e-05" />
  </testsuite>
  <testsuite name="spec_perl_TestStrPadTerm_t" errors="0" failures="0" skipped="0" tests="4" time="0.0438199043273926">
    <system-out>1..4
ok 1 - Equals
ok 2 - Equals
ok 3 - Equals
ok 4 - Equals
</system-out>
    <testcase name="Equals (929)" classname="spec_perl_TestStrPadTerm_t" time="0.00145506858825684" />
    <testcase name="Equals (930)" classname="spec_perl_TestStrPadTerm_t" time="7.89165496826172e-05" />
    <testcase name="Equals (931)" classname="spec_perl_TestStrPadTerm_t" time="5.19752502441406e-05" />
    <testcase name="Equals (932)" classname="spec_perl_TestStrPadTerm_t" time="5.91278076171875e-05" />
  </testsuite>
  <testsuite name="spec_perl_TestSwitchRepeatExpr_t" errors="0" failures="0" skipped="0" tests="3" time="0.0438520908355713">
    <system-out>1..3
ok 1 - Equals
ok 2 - Equals
ok 3 - Equals
</system-out>
    <testcase name="Equals (933)" classname="spec_perl_TestSwitchRepeatExpr_t" time="0.00267386436462402" />
    <testcase name="Equals (934)" classname="spec_perl_TestSwitchRepeatExpr_t" time="0.000102996826171875" />
    <testcase name="Equals (935)" classname="spec_perl_TestSwitchRepeatExpr_t" time="4.91142272949219e-05" />
  </testsuite>
  <testsuite name="spec_perl_TestBcdUserTypeBe_t" errors="0" failures="0" skipped="0" tests="6" time="0.0445258617401123">
    <system-out>1..6
ok 1 - Equals
ok 2 - Equals
ok 3 - Equals
ok 4 - Equals
ok 5 - Equals
ok 6 - Equals
</system-out>
    <testcase name="Equals (936)" classname="spec_perl_TestBcdUserTypeBe_t" time="0.00211310386657715" />
    <testcase name="Equals (937)" classname="spec_perl_TestBcdUserTypeBe_t" time="0.000115871429443359" />
    <testcase name="Equals (938)" classname="spec_perl_TestBcdUserTypeBe_t" time="9.60826873779297e-05" />
    <testcase name="Equals (939)" classname="spec_perl_TestBcdUserTypeBe_t" time="7.58171081542969e-05" />
    <testcase name="Equals (940)" classname="spec_perl_TestBcdUserTypeBe_t" time="0.000145196914672852" />
    <testcase name="Equals (941)" classname="spec_perl_TestBcdUserTypeBe_t" time="9.70363616943359e-05" />
  </testsuite>
  <testsuite name="spec_perl_TestProcessXorValue_t" errors="0" failures="0" skipped="0" tests="2" time="0.0498239994049072">
    <system-out>1..2
ok 1 - Equals
ok 2 - Equals
</system-out>
    <testcase name="Equals (942)" classname="spec_perl_TestProcessXorValue_t" time="0.00206112861633301" />
    <testcase name="Equals (943)" classname="spec_perl_TestProcessXorValue_t" time="7.89165496826172e-05" />
  </testsuite>
  <testsuite name="spec_perl_TestExprSizeofValue0_t" errors="0" failures="0" skipped="0" tests="5" time="0.0409581661224365">
    <system-out>1..5
ok 1 - Equals
ok 2 - Equals
ok 3 - Equals
ok 4 - Equals
ok 5 - Equals
</system-out>
    <testcase name="Equals (944)" classname="spec_perl_TestExprSizeofValue0_t" time="0.00141191482543945" />
    <testcase name="Equals (945)" classname="spec_perl_TestExprSizeofValue0_t" time="7.89165496826172e-05" />
    <testcase name="Equals (946)" classname="spec_perl_TestExprSizeofValue0_t" time="4.41074371337891e-05" />
    <testcase name="Equals (947)" classname="spec_perl_TestExprSizeofValue0_t" time="8.20159912109375e-05" />
    <testcase name="Equals (948)" classname="spec_perl_TestExprSizeofValue0_t" time="6.19888305664062e-05" />
  </testsuite>
  <testsuite name="spec_perl_TestTypeTernary_t" errors="0" failures="0" skipped="0" tests="1" time="0.0422351360321045">
    <system-out>1..1
ok 1 - Equals
</system-out>
    <testcase name="Equals (949)" classname="spec_perl_TestTypeTernary_t" time="0.00201606750488281" />
  </testsuite>
  <testsuite name="spec_perl_TestOpaqueExternalType_t" errors="0" failures="0" skipped="0" tests="3" time="0.0459020137786865">
    <system-out>1..3
ok 1 - Equals
ok 2 - Equals
ok 3 - Equals
</system-out>
    <testcase name="Equals (950)" classname="spec_perl_TestOpaqueExternalType_t" time="0.00165510177612305" />
    <testcase name="Equals (951)" classname="spec_perl_TestOpaqueExternalType_t" time="9.20295715332031e-05" />
    <testcase name="Equals (952)" classname="spec_perl_TestOpaqueExternalType_t" time="7.08103179931641e-05" />
  </testsuite>
  <testsuite name="spec_perl_TestPositionAbs_t" errors="0" failures="0" skipped="0" tests="2" time="0.0481300354003906">
    <system-out>1..2
ok 1 - Equals
ok 2 - Equals
</system-out>
    <testcase name="Equals (953)" classname="spec_perl_TestPositionAbs_t" time="0.00198101997375488" />
    <testcase name="Equals (954)" classname="spec_perl_TestPositionAbs_t" time="0.000160932540893555" />
  </testsuite>
  <testsuite name="spec_perl_TestNonStandard_t" errors="0" failures="0" skipped="0" tests="1" time="0.0403769016265869">
    <system-out>1..1
ok 1 - Equals
</system-out>
    <testcase name="Equals (955)" classname="spec_perl_TestNonStandard_t" time="0.00132012367248535" />
  </testsuite>
  <testsuite name="spec_perl_TestExprSizeofType0_t" errors="0" failures="0" skipped="0" tests="1" time="0.0378899574279785">
    <system-out>1..1
ok 1 - Equals
</system-out>
    <testcase name="Equals (956)" classname="spec_perl_TestExprSizeofType0_t" time="0.00143885612487793" />
  </testsuite>
  <testsuite name="spec_perl_TestRepeatUntilSized_t" errors="0" failures="0" skipped="0" tests="7" time="0.0497379302978516">
    <system-out>1..7
ok 1 - Equals
ok 2 - Equals
ok 3 - Equals
ok 4 - Equals
ok 5 - Equals
ok 6 - Equals
ok 7 - Equals
</system-out>
    <testcase name="Equals (957)" classname="spec_perl_TestRepeatUntilSized_t" time="0.00200009346008301" />
    <testcase name="Equals (958)" classname="spec_perl_TestRepeatUntilSized_t" time="0.000111818313598633" />
    <testcase name="Equals (959)" classname="spec_perl_TestRepeatUntilSized_t" time="6.69956207275391e-05" />
    <testcase name="Equals (960)" classname="spec_perl_TestRepeatUntilSized_t" time="8.91685485839844e-05" />
    <testcase name="Equals (961)" classname="spec_perl_TestRepeatUntilSized_t" time="6.19888305664062e-05" />
    <testcase name="Equals (962)" classname="spec_perl_TestRepeatUntilSized_t" time="5.79357147216797e-05" />
    <testcase name="Equals (963)" classname="spec_perl_TestRepeatUntilSized_t" time="0.000197887420654297" />
  </testsuite>
  <testsuite name="spec_perl_TestExprMod_t" errors="0" failures="0" skipped="0" tests="6" time="0.0407369136810303">
    <system-out>1..6
ok 1 - Equals
ok 2 - Equals
ok 3 - Equals
ok 4 - Equals
ok 5 - Equals
ok 6 - Equals
</system-out>
    <testcase name="Equals (964)" classname="spec_perl_TestExprMod_t" time="0.00137495994567871" />
    <testcase name="Equals (965)" classname="spec_perl_TestExprMod_t" time="8.10623168945312e-05" />
    <testcase name="Equals (966)" classname="spec_perl_TestExprMod_t" time="4.69684600830078e-05" />
    <testcase name="Equals (967)" classname="spec_perl_TestExprMod_t" time="5.79357147216797e-05" />
    <testcase name="Equals (968)" classname="spec_perl_TestExprMod_t" time="7.00950622558594e-05" />
    <testcase name="Equals (969)" classname="spec_perl_TestExprMod_t" time="6.89029693603516e-05" />
  </testsuite>
  <testsuite name="spec_perl_TestParamsPassStruct_t" errors="0" failures="1" skipped="1" tests="4" time="0.0452849864959717">
    <system-out>1..4
ok 1 - Equals
ok 2 - Equals
not ok 3 - test_params_pass_struct died (Can't call method &quot;foo&quot; on an undefined value at spec/perl/TestParamsPassStruct.t line 16.)
ok 4 # skip test_params_pass_struct died
</system-out>
    <testcase name="Equals (970)" classname="spec_perl_TestParamsPassStruct_t" time="0.00192904472351074" />
    <testcase name="Equals (971)" classname="spec_perl_TestParamsPassStruct_t" time="9.20295715332031e-05" />
    <testcase name="test_params_pass_struct died (Can't call method &quot;foo&quot; on an undefined value at spec/perl/TestParamsPassStruct.t line 16.) (971)" classname="spec_perl_TestParamsPassStruct_t" time="0.00019383430480957">
      <failure message="not ok 3 - test_params_pass_struct died (Can't call method &quot;foo&quot; on an undefined value at spec/perl/TestParamsPassStruct.t line 16.)" type="TAP::Parser::Result::Test"></failure>
    </testcase>
    <testcase name="Unnamed test case 971" classname="spec_perl_TestParamsPassStruct_t" time="0.000518083572387695">
      <skipped message="ok 4 # skip test_params_pass_struct died" />
    </testcase>
  </testsuite>
  <testsuite name="spec_perl_TestPositionInSeq_t" errors="0" failures="0" skipped="0" tests="1" time="0.0410749912261963">
    <system-out>1..1
ok 1 - Equals
</system-out>
    <testcase name="Equals (972)" classname="spec_perl_TestPositionInSeq_t" time="0.00165796279907227" />
  </testsuite>
  <testsuite name="spec_perl_TestProcessXor4Value_t" errors="0" failures="0" skipped="0" tests="2" time="0.043039083480835">
    <system-out>1..2
ok 1 - Equals
ok 2 - Equals
</system-out>
    <testcase name="Equals (973)" classname="spec_perl_TestProcessXor4Value_t" time="0.0016789436340332" />
    <testcase name="Equals (974)" classname="spec_perl_TestProcessXor4Value_t" time="8.70227813720703e-05" />
  </testsuite>
  <testsuite name="spec_perl_TestExprArray_t" errors="0" failures="1" skipped="0" tests="15" time="0.0452008247375488">
    <system-out>1..15
ok 1 - Equals
ok 2 - Equals
ok 3 - Equals
ok 4 - Equals
ok 5 - Equals
ok 6 - Equals
ok 7 - Approx equals
ok 8 - Approx equals
not ok 9 - Approx equals
ok 10 - Approx equals
ok 11 - Equals
ok 12 - Equals
ok 13 - Equals
ok 14 - Equals
ok 15 - Equals
</system-out>
    <testcase name="Equals (975)" classname="spec_perl_TestExprArray_t" time="0.00178003311157227" />
    <testcase name="Equals (976)" classname="spec_perl_TestExprArray_t" time="0.000110149383544922" />
    <testcase name="Equals (977)" classname="spec_perl_TestExprArray_t" time="6.98566436767578e-05" />
    <testcase name="Equals (978)" classname="spec_perl_TestExprArray_t" time="7.51018524169922e-05" />
    <testcase name="Equals (979)" classname="spec_perl_TestExprArray_t" time="5.69820404052734e-05" />
    <testcase name="Equals (980)" classname="spec_perl_TestExprArray_t" time="5.29289245605469e-05" />
    <testcase name="Approx equals (980)" classname="spec_perl_TestExprArray_t" time="5.29289245605469e-05" />
    <testcase name="Approx equals (981)" classname="spec_perl_TestExprArray_t" time="5.10215759277344e-05" />
    <testcase name="Approx equals (982)" classname="spec_perl_TestExprArray_t" time="6.41345977783203e-05">
      <failure message="not ok 9 - Approx equals" type="TAP::Parser::Result::Test"></failure>
    </testcase>
    <testcase name="Approx equals (983)" classname="spec_perl_TestExprArray_t" time="0.00225591659545898" />
    <testcase name="Equals (983)" classname="spec_perl_TestExprArray_t" time="8.0108642578125e-05" />
    <testcase name="Equals (984)" classname="spec_perl_TestExprArray_t" time="5.69820404052734e-05" />
    <testcase name="Equals (985)" classname="spec_perl_TestExprArray_t" time="4.88758087158203e-05" />
    <testcase name="Equals (986)" classname="spec_perl_TestExprArray_t" time="4.1961669921875e-05" />
    <testcase name="Equals (987)" classname="spec_perl_TestExprArray_t" time="3.71932983398438e-05" />
  </testsuite>
</testsuites>
