<?xml version='1.0' encoding='utf-8'?>
<testsuites>
  <testsuite name="spec_perl_TestParamsPassUsertype_t" errors="0" failures="1" skipped="1" tests="2" time="0.0465219020843506">
    <system-out>1..2
not ok 1 - test_params_pass_usertype died (Can't call method &quot;foo&quot; on an undefined value at compiled/perl/ParamsPassUsertype.pm line 119.)
ok 2 # skip test_params_pass_usertype died
</system-out>
    <testcase name="test_params_pass_usertype died (Can't call method &quot;foo&quot; on an undefined value at compiled/perl/ParamsPassUsertype.pm line 119.)" classname="spec_perl_TestParamsPassUsertype_t" time="0.000290155410766602">
      <failure message="not ok 1 - test_params_pass_usertype died (Can't call method &quot;foo&quot; on an undefined value at compiled/perl/ParamsPassUsertype.pm line 119.)" type="TAP::Parser::Result::Test"></failure>
    </testcase>
    <testcase name="Unnamed test case 1" classname="spec_perl_TestParamsPassUsertype_t" time="0.000454902648925781">
      <skipped message="ok 2 # skip test_params_pass_usertype died" />
    </testcase>
  </testsuite>
  <testsuite name="spec_perl_TestDebugEnumName_t" errors="1" failures="0" skipped="0" tests="0" time="0.0442540645599365">
    <system-out></system-out>
    <testcase name="Test died too soon, even before plan." classname="spec_perl_TestDebugEnumName_t" time="0.0442540645599365">
      <failure message="The test suite died before a plan was produced. You need to have a plan." type="Plan">No plan</failure>
    </testcase>
  </testsuite>
  <testsuite name="spec_perl_TestDocstringsDocref_t" errors="0" failures="0" skipped="1" tests="1" time="0.0413179397583008">
    <system-out>1..1
ok 1 # skip DocstringsDocref=HASH(0x1bc1bb8)
</system-out>
    <testcase name="Unnamed test case 2" classname="spec_perl_TestDocstringsDocref_t" time="0.00112390518188477">
      <skipped message="ok 1 # skip DocstringsDocref=HASH(0x1bc1bb8)" />
    </testcase>
  </testsuite>
  <testsuite name="spec_perl_TestPositionAbs_t" errors="0" failures="0" skipped="0" tests="2" time="0.0478520393371582">
    <system-out>1..2
ok 1 - Equals
ok 2 - Equals
</system-out>
    <testcase name="Equals (2)" classname="spec_perl_TestPositionAbs_t" time="0.000223875045776367" />
    <testcase name="Equals (3)" classname="spec_perl_TestPositionAbs_t" time="0.000200033187866211" />
  </testsuite>
  <testsuite name="spec_perl_TestNavParent3_t" errors="0" failures="0" skipped="0" tests="10" time="0.0452830791473389">
    <system-out>1..10
ok 1 - Equals
ok 2 - Equals
ok 3 - Equals
ok 4 - Equals
ok 5 - Equals
ok 6 - Equals
ok 7 - Equals
ok 8 - Equals
ok 9 - Equals
ok 10 - Equals
</system-out>
    <testcase name="Equals (4)" classname="spec_perl_TestNavParent3_t" time="0.000242948532104492" />
    <testcase name="Equals (5)" classname="spec_perl_TestNavParent3_t" time="9.48905944824219e-05" />
    <testcase name="Equals (6)" classname="spec_perl_TestNavParent3_t" time="0.000203132629394531" />
    <testcase name="Equals (7)" classname="spec_perl_TestNavParent3_t" time="0.000123023986816406" />
    <testcase name="Equals (8)" classname="spec_perl_TestNavParent3_t" time="0.000136852264404297" />
    <testcase name="Equals (9)" classname="spec_perl_TestNavParent3_t" time="0.000189065933227539" />
    <testcase name="Equals (10)" classname="spec_perl_TestNavParent3_t" time="0.000108957290649414" />
    <testcase name="Equals (11)" classname="spec_perl_TestNavParent3_t" time="0.000142097473144531" />
    <testcase name="Equals (12)" classname="spec_perl_TestNavParent3_t" time="0.000119924545288086" />
    <testcase name="Equals (13)" classname="spec_perl_TestNavParent3_t" time="0.00018000602722168" />
  </testsuite>
  <testsuite name="spec_perl_TestEnumLongRangeS_t" errors="0" failures="0" skipped="0" tests="7" time="0.0430011749267578">
    <system-out>1..7
ok 1 - Equals
ok 2 - Equals
ok 3 - Equals
ok 4 - Equals
ok 5 - Equals
ok 6 - Equals
ok 7 - Equals
</system-out>
    <testcase name="Equals (14)" classname="spec_perl_TestEnumLongRangeS_t" time="0.00023198127746582" />
    <testcase name="Equals (15)" classname="spec_perl_TestEnumLongRangeS_t" time="7.70092010498047e-05" />
    <testcase name="Equals (16)" classname="spec_perl_TestEnumLongRangeS_t" time="0.000133037567138672" />
    <testcase name="Equals (17)" classname="spec_perl_TestEnumLongRangeS_t" time="0.0001220703125" />
    <testcase name="Equals (18)" classname="spec_perl_TestEnumLongRangeS_t" time="0.000143051147460938" />
    <testcase name="Equals (19)" classname="spec_perl_TestEnumLongRangeS_t" time="0.000110864639282227" />
    <testcase name="Equals (20)" classname="spec_perl_TestEnumLongRangeS_t" time="0.00014805793762207" />
  </testsuite>
  <testsuite name="spec_perl_TestEnumFancy_t" errors="0" failures="0" skipped="0" tests="2" time="0.0412428379058838">
    <system-out>1..2
ok 1 - Equals
ok 2 - Equals
</system-out>
    <testcase name="Equals (21)" classname="spec_perl_TestEnumFancy_t" time="0.000203847885131836" />
    <testcase name="Equals (22)" classname="spec_perl_TestEnumFancy_t" time="7.20024108886719e-05" />
  </testsuite>
  <testsuite name="spec_perl_TestNestedSameName_t" errors="0" failures="0" skipped="0" tests="2" time="0.0418300628662109">
    <system-out>1..2
ok 1 - Equals
ok 2 - Equals
</system-out>
    <testcase name="Equals (23)" classname="spec_perl_TestNestedSameName_t" time="0.000242948532104492" />
    <testcase name="Equals (24)" classname="spec_perl_TestNestedSameName_t" time="0.000118017196655273" />
  </testsuite>
  <testsuite name="spec_perl_TestParamsPassArrayUsertype_t" errors="0" failures="1" skipped="4" tests="5" time="0.0473461151123047">
    <system-out>1..5
not ok 1 - test_params_pass_array_usertype died (Can't use an undefined value as an ARRAY reference at compiled/perl/ParamsPassArrayUsertype.pm line 123.)
ok 2 # skip test_params_pass_array_usertype died
ok 3 # skip test_params_pass_array_usertype died
ok 4 # skip test_params_pass_array_usertype died
ok 5 # skip test_params_pass_array_usertype died
</system-out>
    <testcase name="test_params_pass_array_usertype died (Can't use an undefined value as an ARRAY reference at compiled/perl/ParamsPassArrayUsertype.pm line 123.) (24)" classname="spec_perl_TestParamsPassArrayUsertype_t" time="0.000303030014038086">
      <failure message="not ok 1 - test_params_pass_array_usertype died (Can't use an undefined value as an ARRAY reference at compiled/perl/ParamsPassArrayUsertype.pm line 123.)" type="TAP::Parser::Result::Test"></failure>
    </testcase>
    <testcase name="Unnamed test case 24" classname="spec_perl_TestParamsPassArrayUsertype_t" time="0.000488042831420898">
      <skipped message="ok 2 # skip test_params_pass_array_usertype died" />
    </testcase>
    <testcase name="Unnamed test case 25" classname="spec_perl_TestParamsPassArrayUsertype_t" time="0.000335931777954102">
      <skipped message="ok 3 # skip test_params_pass_array_usertype died" />
    </testcase>
    <testcase name="Unnamed test case 26" classname="spec_perl_TestParamsPassArrayUsertype_t" time="0.000319004058837891">
      <skipped message="ok 4 # skip test_params_pass_array_usertype died" />
    </testcase>
    <testcase name="Unnamed test case 27" classname="spec_perl_TestParamsPassArrayUsertype_t" time="0.000334024429321289">
      <skipped message="ok 5 # skip test_params_pass_array_usertype died" />
    </testcase>
  </testsuite>
  <testsuite name="spec_perl_TestExprMod_t" errors="0" failures="0" skipped="0" tests="6" time="0.043632984161377">
    <system-out>1..6
ok 1 - Equals
ok 2 - Equals
ok 3 - Equals
ok 4 - Equals
ok 5 - Equals
ok 6 - Equals
</system-out>
    <testcase name="Equals (27)" classname="spec_perl_TestExprMod_t" time="0.000248908996582031" />
    <testcase name="Equals (28)" classname="spec_perl_TestExprMod_t" time="9.29832458496094e-05" />
    <testcase name="Equals (29)" classname="spec_perl_TestExprMod_t" time="0.000158071517944336" />
    <testcase name="Equals (30)" classname="spec_perl_TestExprMod_t" time="0.000124931335449219" />
    <testcase name="Equals (31)" classname="spec_perl_TestExprMod_t" time="0.000137090682983398" />
    <testcase name="Equals (32)" classname="spec_perl_TestExprMod_t" time="0.000124931335449219" />
  </testsuite>
  <testsuite name="spec_perl_TestNavParentVsValueInst_t" errors="0" failures="0" skipped="0" tests="1" time="0.0459051132202148">
    <system-out>1..1
ok 1 - Equals
</system-out>
    <testcase name="Equals (33)" classname="spec_perl_TestNavParentVsValueInst_t" time="0.000275135040283203" />
  </testsuite>
  <testsuite name="spec_perl_TestSwitchManualStr_t" errors="0" failures="0" skipped="0" tests="9" time="0.0465080738067627">
    <system-out>1..9
ok 1 - Equals
ok 2 - Equals
ok 3 - Equals
ok 4 - Equals
ok 5 - Equals
ok 6 - Equals
ok 7 - Equals
ok 8 - Equals
ok 9 - Equals
</system-out>
    <testcase name="Equals (34)" classname="spec_perl_TestSwitchManualStr_t" time="0.000332832336425781" />
    <testcase name="Equals (35)" classname="spec_perl_TestSwitchManualStr_t" time="8.20159912109375e-05" />
    <testcase name="Equals (36)" classname="spec_perl_TestSwitchManualStr_t" time="0.000149011611938477" />
    <testcase name="Equals (37)" classname="spec_perl_TestSwitchManualStr_t" time="0.000131130218505859" />
    <testcase name="Equals (38)" classname="spec_perl_TestSwitchManualStr_t" time="0.000151872634887695" />
    <testcase name="Equals (39)" classname="spec_perl_TestSwitchManualStr_t" time="0.000121116638183594" />
    <testcase name="Equals (40)" classname="spec_perl_TestSwitchManualStr_t" time="0.00014495849609375" />
    <testcase name="Equals (41)" classname="spec_perl_TestSwitchManualStr_t" time="0.000128030776977539" />
    <testcase name="Equals (42)" classname="spec_perl_TestSwitchManualStr_t" time="0.00011897087097168" />
  </testsuite>
  <testsuite name="spec_perl_TestRepeatUntilSized_t" errors="0" failures="0" skipped="0" tests="7" time="0.0432689189910889">
    <system-out>1..7
ok 1 - Equals
ok 2 - Equals
ok 3 - Equals
ok 4 - Equals
ok 5 - Equals
ok 6 - Equals
ok 7 - Equals
</system-out>
    <testcase name="Equals (43)" classname="spec_perl_TestRepeatUntilSized_t" time="0.000480890274047852" />
    <testcase name="Equals (44)" classname="spec_perl_TestRepeatUntilSized_t" time="0.000108003616333008" />
    <testcase name="Equals (45)" classname="spec_perl_TestRepeatUntilSized_t" time="0.000141143798828125" />
    <testcase name="Equals (46)" classname="spec_perl_TestRepeatUntilSized_t" time="0.000133037567138672" />
    <testcase name="Equals (47)" classname="spec_perl_TestRepeatUntilSized_t" time="0.000150918960571289" />
    <testcase name="Equals (48)" classname="spec_perl_TestRepeatUntilSized_t" time="0.00014805793762207" />
    <testcase name="Equals (49)" classname="spec_perl_TestRepeatUntilSized_t" time="0.000119924545288086" />
  </testsuite>
  <testsuite name="spec_perl_TestExprEnum_t" errors="0" failures="0" skipped="0" tests="3" time="0.0410768985748291">
    <system-out>1..3
ok 1 - Equals
ok 2 - Equals
ok 3 - Equals
</system-out>
    <testcase name="Equals (50)" classname="spec_perl_TestExprEnum_t" time="0.000240087509155273" />
    <testcase name="Equals (51)" classname="spec_perl_TestExprEnum_t" time="7.98702239990234e-05" />
    <testcase name="Equals (52)" classname="spec_perl_TestExprEnum_t" time="0.000146150588989258" />
  </testsuite>
  <testsuite name="spec_perl_TestFixedContents_t" errors="1" failures="0" skipped="0" tests="0" time="0.0453369617462158">
    <system-out></system-out>
    <testcase name="Test died too soon, even before plan. (52)" classname="spec_perl_TestFixedContents_t" time="0.0453369617462158">
      <failure message="The test suite died before a plan was produced. You need to have a plan." type="Plan">No plan</failure>
    </testcase>
  </testsuite>
  <testsuite name="spec_perl_TestIntegersMinMax_t" errors="0" failures="0" skipped="0" tests="28" time="0.0474109649658203">
    <system-out>1..28
ok 1 - Equals
ok 2 - Equals
ok 3 - Equals
ok 4 - Equals
ok 5 - Equals
ok 6 - Equals
ok 7 - Equals
ok 8 - Equals
ok 9 - Equals
ok 10 - Equals
ok 11 - Equals
ok 12 - Equals
ok 13 - Equals
ok 14 - Equals
ok 15 - Equals
ok 16 - Equals
ok 17 - Equals
ok 18 - Equals
ok 19 - Equals
ok 20 - Equals
ok 21 - Equals
ok 22 - Equals
ok 23 - Equals
ok 24 - Equals
ok 25 - Equals
ok 26 - Equals
ok 27 - Equals
ok 28 - Equals
</system-out>
    <testcase name="Equals (53)" classname="spec_perl_TestIntegersMinMax_t" time="0.000303983688354492" />
    <testcase name="Equals (54)" classname="spec_perl_TestIntegersMinMax_t" time="8.20159912109375e-05" />
    <testcase name="Equals (55)" classname="spec_perl_TestIntegersMinMax_t" time="0.000128984451293945" />
    <testcase name="Equals (56)" classname="spec_perl_TestIntegersMinMax_t" time="0.000139951705932617" />
    <testcase name="Equals (57)" classname="spec_perl_TestIntegersMinMax_t" time="0.000135898590087891" />
    <testcase name="Equals (58)" classname="spec_perl_TestIntegersMinMax_t" time="0.00014805793762207" />
    <testcase name="Equals (59)" classname="spec_perl_TestIntegersMinMax_t" time="0.000146150588989258" />
    <testcase name="Equals (60)" classname="spec_perl_TestIntegersMinMax_t" time="0.000121831893920898" />
    <testcase name="Equals (61)" classname="spec_perl_TestIntegersMinMax_t" time="0.000147104263305664" />
    <testcase name="Equals (62)" classname="spec_perl_TestIntegersMinMax_t" time="0.000123023986816406" />
    <testcase name="Equals (63)" classname="spec_perl_TestIntegersMinMax_t" time="0.000162839889526367" />
    <testcase name="Equals (64)" classname="spec_perl_TestIntegersMinMax_t" time="0.000123023986816406" />
    <testcase name="Equals (65)" classname="spec_perl_TestIntegersMinMax_t" time="0.00014805793762207" />
    <testcase name="Equals (66)" classname="spec_perl_TestIntegersMinMax_t" time="0.000133991241455078" />
    <testcase name="Equals (67)" classname="spec_perl_TestIntegersMinMax_t" time="0.000150918960571289" />
    <testcase name="Equals (68)" classname="spec_perl_TestIntegersMinMax_t" time="0.000111103057861328" />
    <testcase name="Equals (69)" classname="spec_perl_TestIntegersMinMax_t" time="0.00014495849609375" />
    <testcase name="Equals (70)" classname="spec_perl_TestIntegersMinMax_t" time="0.000145912170410156" />
    <testcase name="Equals (71)" classname="spec_perl_TestIntegersMinMax_t" time="0.000123023986816406" />
    <testcase name="Equals (72)" classname="spec_perl_TestIntegersMinMax_t" time="0.000145196914672852" />
    <testcase name="Equals (73)" classname="spec_perl_TestIntegersMinMax_t" time="0.000130891799926758" />
    <testcase name="Equals (74)" classname="spec_perl_TestIntegersMinMax_t" time="0.000125885009765625" />
    <testcase name="Equals (75)" classname="spec_perl_TestIntegersMinMax_t" time="0.000128030776977539" />
    <testcase name="Equals (76)" classname="spec_perl_TestIntegersMinMax_t" time="0.00012516975402832" />
    <testcase name="Equals (77)" classname="spec_perl_TestIntegersMinMax_t" time="0.000151872634887695" />
    <testcase name="Equals (78)" classname="spec_perl_TestIntegersMinMax_t" time="0.000123023986816406" />
    <testcase name="Equals (79)" classname="spec_perl_TestIntegersMinMax_t" time="0.00014805793762207" />
    <testcase name="Equals (80)" classname="spec_perl_TestIntegersMinMax_t" time="0.000123977661132812" />
  </testsuite>
  <testsuite name="spec_perl_TestEnumToIClassBorder1_t" errors="0" failures="1" skipped="0" tests="3" time="0.0431258678436279">
    <system-out>1..3
ok 1 - Equals
ok 2 - Equals
not ok 3 - test_enum_to_i_class_border_1 died (Can't call method &quot;some_dog&quot; on an undefined value at compiled/perl/EnumToIClassBorder2.pm line 42.)
</system-out>
    <testcase name="Equals (81)" classname="spec_perl_TestEnumToIClassBorder1_t" time="0.000225067138671875" />
    <testcase name="Equals (82)" classname="spec_perl_TestEnumToIClassBorder1_t" time="8.70227813720703e-05" />
    <testcase name="test_enum_to_i_class_border_1 died (Can't call method &quot;some_dog&quot; on an undefined value at compiled/perl/EnumToIClassBorder2.pm line 42.) (82)" classname="spec_perl_TestEnumToIClassBorder1_t" time="0.000247001647949219">
      <failure message="not ok 3 - test_enum_to_i_class_border_1 died (Can't call method &quot;some_dog&quot; on an undefined value at compiled/perl/EnumToIClassBorder2.pm line 42.)" type="TAP::Parser::Result::Test"></failure>
    </testcase>
  </testsuite>
  <testsuite name="spec_perl_TestTypeIntUnaryOp_t" errors="0" failures="0" skipped="0" tests="4" time="0.0405900478363037">
    <system-out>1..4
ok 1 - Equals
ok 2 - Equals
ok 3 - Equals
ok 4 - Equals
</system-out>
    <testcase name="Equals (83)" classname="spec_perl_TestTypeIntUnaryOp_t" time="0.000241994857788086" />
    <testcase name="Equals (84)" classname="spec_perl_TestTypeIntUnaryOp_t" time="0.000113964080810547" />
    <testcase name="Equals (85)" classname="spec_perl_TestTypeIntUnaryOp_t" time="0.00014495849609375" />
    <testcase name="Equals (86)" classname="spec_perl_TestTypeIntUnaryOp_t" time="0.000137090682983398" />
  </testsuite>
  <testsuite name="spec_perl_TestSwitchManualIntSize_t" errors="0" failures="0" skipped="0" tests="10" time="0.0447978973388672">
    <system-out>1..10
ok 1 - Equals
ok 2 - Equals
ok 3 - Equals
ok 4 - Equals
ok 5 - Equals
ok 6 - Equals
ok 7 - Equals
ok 8 - Equals
ok 9 - Equals
ok 10 - Equals
</system-out>
    <testcase name="Equals (87)" classname="spec_perl_TestSwitchManualIntSize_t" time="0.000547885894775391" />
    <testcase name="Equals (88)" classname="spec_perl_TestSwitchManualIntSize_t" time="0.000110149383544922" />
    <testcase name="Equals (89)" classname="spec_perl_TestSwitchManualIntSize_t" time="0.000149965286254883" />
    <testcase name="Equals (90)" classname="spec_perl_TestSwitchManualIntSize_t" time="0.000130891799926758" />
    <testcase name="Equals (91)" classname="spec_perl_TestSwitchManualIntSize_t" time="0.000133037567138672" />
    <testcase name="Equals (92)" classname="spec_perl_TestSwitchManualIntSize_t" time="0.000164985656738281" />
    <testcase name="Equals (93)" classname="spec_perl_TestSwitchManualIntSize_t" time="0.000106096267700195" />
    <testcase name="Equals (94)" classname="spec_perl_TestSwitchManualIntSize_t" time="0.000153064727783203" />
    <testcase name="Equals (95)" classname="spec_perl_TestSwitchManualIntSize_t" time="0.000130891799926758" />
    <testcase name="Equals (96)" classname="spec_perl_TestSwitchManualIntSize_t" time="0.000158071517944336" />
  </testsuite>
  <testsuite name="spec_perl_TestEnumIf_t" errors="0" failures="0" skipped="0" tests="7" time="0.0459539890289307">
    <system-out>1..7
ok 1 - Equals
ok 2 - Equals
ok 3 - Equals
ok 4 - Equals
ok 5 - Equals
ok 6 - Equals
ok 7 - Equals
</system-out>
    <testcase name="Equals (97)" classname="spec_perl_TestEnumIf_t" time="0.000344038009643555" />
    <testcase name="Equals (98)" classname="spec_perl_TestEnumIf_t" time="8.70227813720703e-05" />
    <testcase name="Equals (99)" classname="spec_perl_TestEnumIf_t" time="0.00010991096496582" />
    <testcase name="Equals (100)" classname="spec_perl_TestEnumIf_t" time="0.000142097473144531" />
    <testcase name="Equals (101)" classname="spec_perl_TestEnumIf_t" time="0.000136852264404297" />
    <testcase name="Equals (102)" classname="spec_perl_TestEnumIf_t" time="0.000116109848022461" />
    <testcase name="Equals (103)" classname="spec_perl_TestEnumIf_t" time="0.000138998031616211" />
  </testsuite>
  <testsuite name="spec_perl_TestIntegers_t" errors="1" failures="0" skipped="0" tests="0" time="0.0455479621887207">
    <system-out></system-out>
    <testcase name="Test died too soon, even before plan. (103)" classname="spec_perl_TestIntegers_t" time="0.0455479621887207">
      <failure message="The test suite died before a plan was produced. You need to have a plan." type="Plan">No plan</failure>
    </testcase>
  </testsuite>
  <testsuite name="spec_perl_TestInstanceStd_t" errors="0" failures="0" skipped="0" tests="1" time="0.0466251373291016">
    <system-out>1..1
ok 1 - Equals
</system-out>
    <testcase name="Equals (104)" classname="spec_perl_TestInstanceStd_t" time="0.000233888626098633" />
  </testsuite>
  <testsuite name="spec_perl_TestSwitchIntegers2_t" errors="0" failures="0" skipped="0" tests="5" time="0.0421979427337646">
    <system-out>1..5
ok 1 - Equals
ok 2 - Equals
ok 3 - Equals
ok 4 - Equals
ok 5 - Equals
</system-out>
    <testcase name="Equals (105)" classname="spec_perl_TestSwitchIntegers2_t" time="0.000239133834838867" />
    <testcase name="Equals (106)" classname="spec_perl_TestSwitchIntegers2_t" time="0.000114917755126953" />
    <testcase name="Equals (107)" classname="spec_perl_TestSwitchIntegers2_t" time="0.000149965286254883" />
    <testcase name="Equals (108)" classname="spec_perl_TestSwitchIntegers2_t" time="0.000113010406494141" />
    <testcase name="Equals (109)" classname="spec_perl_TestSwitchIntegers2_t" time="0.00014805793762207" />
  </testsuite>
  <testsuite name="spec_perl_TestFloatToI_t" errors="0" failures="0" skipped="0" tests="8" time="0.0434119701385498">
    <system-out>1..8
ok 1 - Equals
ok 2 - Equals
ok 3 - Equals
ok 4 - Equals
ok 5 - Equals
ok 6 - Equals
ok 7 - Equals
ok 8 - Equals
</system-out>
    <testcase name="Equals (110)" classname="spec_perl_TestFloatToI_t" time="0.000241994857788086" />
    <testcase name="Equals (111)" classname="spec_perl_TestFloatToI_t" time="8.70227813720703e-05" />
    <testcase name="Equals (112)" classname="spec_perl_TestFloatToI_t" time="0.000144004821777344" />
    <testcase name="Equals (113)" classname="spec_perl_TestFloatToI_t" time="0.000143051147460938" />
    <testcase name="Equals (114)" classname="spec_perl_TestFloatToI_t" time="0.000134944915771484" />
    <testcase name="Equals (115)" classname="spec_perl_TestFloatToI_t" time="0.000128030776977539" />
    <testcase name="Equals (116)" classname="spec_perl_TestFloatToI_t" time="0.000162839889526367" />
    <testcase name="Equals (117)" classname="spec_perl_TestFloatToI_t" time="0.000116109848022461" />
  </testsuite>
  <testsuite name="spec_perl_TestRepeatEosBit_t" errors="0" failures="1" skipped="0" tests="1" time="0.044827938079834">
    <system-out>1..1
not ok 1 - Equals
</system-out>
    <testcase name="Equals (118)" classname="spec_perl_TestRepeatEosBit_t" time="0.000325918197631836">
      <failure message="not ok 1 - Equals" type="TAP::Parser::Result::Test"></failure>
    </testcase>
  </testsuite>
  <testsuite name="spec_perl_TestValidSwitch_t" errors="1" failures="0" skipped="0" tests="0" time="0.0489940643310547">
    <system-out></system-out>
    <testcase name="Test died too soon, even before plan. (118)" classname="spec_perl_TestValidSwitch_t" time="0.0489940643310547">
      <failure message="The test suite died before a plan was produced. You need to have a plan." type="Plan">No plan</failure>
    </testcase>
  </testsuite>
  <testsuite name="spec_perl_TestExprBytesLiteral_t" errors="1" failures="0" skipped="0" tests="0" time="0.0477230548858643">
    <system-out></system-out>
    <testcase name="Test died too soon, even before plan. (119)" classname="spec_perl_TestExprBytesLiteral_t" time="0.0477230548858643">
      <failure message="The test suite died before a plan was produced. You need to have a plan." type="Plan">No plan</failure>
    </testcase>
  </testsuite>
  <testsuite name="spec_perl_TestDebugSwitchUser_t" errors="1" failures="0" skipped="0" tests="0" time="0.0475559234619141">
    <system-out></system-out>
    <testcase name="Test died too soon, even before plan. (120)" classname="spec_perl_TestDebugSwitchUser_t" time="0.0475559234619141">
      <failure message="The test suite died before a plan was produced. You need to have a plan." type="Plan">No plan</failure>
    </testcase>
  </testsuite>
  <testsuite name="spec_perl_TestEnumImport_t" errors="0" failures="2" skipped="0" tests="2" time="0.044421911239624">
    <system-out>1..2
not ok 1 - Equals
not ok 2 - Equals
</system-out>
    <testcase name="Equals (120)" classname="spec_perl_TestEnumImport_t" time="0.000131845474243164">
      <failure message="not ok 1 - Equals" type="TAP::Parser::Result::Test"></failure>
    </testcase>
    <testcase name="Equals (121)" classname="spec_perl_TestEnumImport_t" time="0.000110149383544922">
      <failure message="not ok 2 - Equals" type="TAP::Parser::Result::Test"></failure>
    </testcase>
  </testsuite>
  <testsuite name="spec_perl_TestCombineStr_t" errors="0" failures="0" skipped="0" tests="15" time="0.0457029342651367">
    <system-out>1..15
ok 1 - Equals
ok 2 - Equals
ok 3 - Equals
ok 4 - Equals
ok 5 - Equals
ok 6 - Equals
ok 7 - Equals
ok 8 - Equals
ok 9 - Equals
ok 10 - Equals
ok 11 - Equals
ok 12 - Equals
ok 13 - Equals
ok 14 - Equals
ok 15 - Equals
</system-out>
    <testcase name="Equals (122)" classname="spec_perl_TestCombineStr_t" time="0.000269174575805664" />
    <testcase name="Equals (123)" classname="spec_perl_TestCombineStr_t" time="7.98702239990234e-05" />
    <testcase name="Equals (124)" classname="spec_perl_TestCombineStr_t" time="0.000142097473144531" />
    <testcase name="Equals (125)" classname="spec_perl_TestCombineStr_t" time="0.000129938125610352" />
    <testcase name="Equals (126)" classname="spec_perl_TestCombineStr_t" time="0.000159025192260742" />
    <testcase name="Equals (127)" classname="spec_perl_TestCombineStr_t" time="0.000108003616333008" />
    <testcase name="Equals (128)" classname="spec_perl_TestCombineStr_t" time="0.000142097473144531" />
    <testcase name="Equals (129)" classname="spec_perl_TestCombineStr_t" time="0.00011897087097168" />
    <testcase name="Equals (130)" classname="spec_perl_TestCombineStr_t" time="0.000144004821777344" />
    <testcase name="Equals (131)" classname="spec_perl_TestCombineStr_t" time="0.000124931335449219" />
    <testcase name="Equals (132)" classname="spec_perl_TestCombineStr_t" time="0.000159025192260742" />
    <testcase name="Equals (133)" classname="spec_perl_TestCombineStr_t" time="0.000113964080810547" />
    <testcase name="Equals (134)" classname="spec_perl_TestCombineStr_t" time="0.000144004821777344" />
    <testcase name="Equals (135)" classname="spec_perl_TestCombineStr_t" time="0.0001220703125" />
    <testcase name="Equals (136)" classname="spec_perl_TestCombineStr_t" time="0.000147819519042969" />
  </testsuite>
  <testsuite name="spec_perl_TestProcessXorValue_t" errors="0" failures="0" skipped="0" tests="2" time="0.0431668758392334">
    <system-out>1..2
ok 1 - Equals
ok 2 - Equals
</system-out>
    <testcase name="Equals (137)" classname="spec_perl_TestProcessXorValue_t" time="0.000340938568115234" />
    <testcase name="Equals (138)" classname="spec_perl_TestProcessXorValue_t" time="8.91685485839844e-05" />
  </testsuite>
  <testsuite name="spec_perl_TestEnumOfValueInst_t" errors="0" failures="0" skipped="0" tests="4" time="0.0419762134552002">
    <system-out>1..4
ok 1 - Equals
ok 2 - Equals
ok 3 - Equals
ok 4 - Equals
</system-out>
    <testcase name="Equals (139)" classname="spec_perl_TestEnumOfValueInst_t" time="0.000237941741943359" />
    <testcase name="Equals (140)" classname="spec_perl_TestEnumOfValueInst_t" time="7.60555267333984e-05" />
    <testcase name="Equals (141)" classname="spec_perl_TestEnumOfValueInst_t" time="0.000158071517944336" />
    <testcase name="Equals (142)" classname="spec_perl_TestEnumOfValueInst_t" time="0.000133991241455078" />
  </testsuite>
  <testsuite name="spec_perl_TestEnumDeep_t" errors="0" failures="0" skipped="0" tests="2" time="0.0412149429321289">
    <system-out>1..2
ok 1 - Equals
ok 2 - Equals
</system-out>
    <testcase name="Equals (143)" classname="spec_perl_TestEnumDeep_t" time="0.000226974487304688" />
    <testcase name="Equals (144)" classname="spec_perl_TestEnumDeep_t" time="7.60555267333984e-05" />
  </testsuite>
  <testsuite name="spec_perl_TestNavParentFalse_t" errors="0" failures="0" skipped="0" tests="5" time="0.0417799949645996">
    <system-out>1..5
ok 1 - Equals
ok 2 - Equals
ok 3 - Equals
ok 4 - Equals
ok 5 - Equals
</system-out>
    <testcase name="Equals (145)" classname="spec_perl_TestNavParentFalse_t" time="0.000248908996582031" />
    <testcase name="Equals (146)" classname="spec_perl_TestNavParentFalse_t" time="9.10758972167969e-05" />
    <testcase name="Equals (147)" classname="spec_perl_TestNavParentFalse_t" time="0.000139951705932617" />
    <testcase name="Equals (148)" classname="spec_perl_TestNavParentFalse_t" time="0.000147104263305664" />
    <testcase name="Equals (149)" classname="spec_perl_TestNavParentFalse_t" time="0.000100851058959961" />
  </testsuite>
  <testsuite name="spec_perl_TestInstanceUserArray_t" errors="0" failures="0" skipped="0" tests="10" time="0.0447139739990234">
    <system-out>1..10
ok 1 - Equals
ok 2 - Equals
ok 3 - Equals
ok 4 - Equals
ok 5 - Equals
ok 6 - Equals
ok 7 - Equals
ok 8 - Equals
ok 9 - Equals
ok 10 - Equals
</system-out>
    <testcase name="Equals (150)" classname="spec_perl_TestInstanceUserArray_t" time="0.000236034393310547" />
    <testcase name="Equals (151)" classname="spec_perl_TestInstanceUserArray_t" time="7.60555267333984e-05" />
    <testcase name="Equals (152)" classname="spec_perl_TestInstanceUserArray_t" time="0.000163078308105469" />
    <testcase name="Equals (153)" classname="spec_perl_TestInstanceUserArray_t" time="0.00043797492980957" />
    <testcase name="Equals (154)" classname="spec_perl_TestInstanceUserArray_t" time="7.58171081542969e-05" />
    <testcase name="Equals (155)" classname="spec_perl_TestInstanceUserArray_t" time="0.000147104263305664" />
    <testcase name="Equals (156)" classname="spec_perl_TestInstanceUserArray_t" time="0.000133991241455078" />
    <testcase name="Equals (157)" classname="spec_perl_TestInstanceUserArray_t" time="0.000135898590087891" />
    <testcase name="Equals (158)" classname="spec_perl_TestInstanceUserArray_t" time="0.000146150588989258" />
    <testcase name="Equals (159)" classname="spec_perl_TestInstanceUserArray_t" time="0.000124931335449219" />
  </testsuite>
  <testsuite name="spec_perl_TestPositionInSeq_t" errors="0" failures="0" skipped="0" tests="1" time="0.0411920547485352">
    <system-out>1..1
ok 1 - Equals
</system-out>
    <testcase name="Equals (160)" classname="spec_perl_TestPositionInSeq_t" time="0.000247001647949219" />
  </testsuite>
  <testsuite name="spec_perl_TestNestedTypeParam_t" errors="0" failures="2" skipped="0" tests="2" time="0.0472171306610107">
    <system-out>1..2
not ok 1 - Equals
not ok 2 - Equals
</system-out>
    <testcase name="Equals (161)" classname="spec_perl_TestNestedTypeParam_t" time="0.00345516204833984">
      <failure message="not ok 1 - Equals" type="TAP::Parser::Result::Test"></failure>
    </testcase>
    <testcase name="Equals (162)" classname="spec_perl_TestNestedTypeParam_t" time="9.79900360107422e-05">
      <failure message="not ok 2 - Equals" type="TAP::Parser::Result::Test"></failure>
    </testcase>
  </testsuite>
  <testsuite name="spec_perl_TestDebug0_t" errors="0" failures="0" skipped="1" tests="1" time="0.0407459735870361">
    <system-out>1..1
ok 1 # skip test_debug_0
</system-out>
    <testcase name="Unnamed test case 162" classname="spec_perl_TestDebug0_t" time="0.000237941741943359">
      <skipped message="ok 1 # skip test_debug_0" />
    </testcase>
  </testsuite>
  <testsuite name="spec_perl_TestParamsPassArrayStr_t" errors="0" failures="1" skipped="6" tests="7" time="0.0484561920166016">
    <system-out>1..7
not ok 1 - test_params_pass_array_str died (Can't use an undefined value as an ARRAY reference at spec/perl/TestParamsPassArrayStr.t line 15.)
ok 2 # skip test_params_pass_array_str died
ok 3 # skip test_params_pass_array_str died
ok 4 # skip test_params_pass_array_str died
ok 5 # skip test_params_pass_array_str died
ok 6 # skip test_params_pass_array_str died
ok 7 # skip test_params_pass_array_str died
</system-out>
    <testcase name="test_params_pass_array_str died (Can't use an undefined value as an ARRAY reference at spec/perl/TestParamsPassArrayStr.t line 15.) (162)" classname="spec_perl_TestParamsPassArrayStr_t" time="0.000102996826171875">
      <failure message="not ok 1 - test_params_pass_array_str died (Can't use an undefined value as an ARRAY reference at spec/perl/TestParamsPassArrayStr.t line 15.)" type="TAP::Parser::Result::Test"></failure>
    </testcase>
    <testcase name="Unnamed test case 163" classname="spec_perl_TestParamsPassArrayStr_t" time="9.98973846435547e-05">
      <skipped message="ok 2 # skip test_params_pass_array_str died" />
    </testcase>
    <testcase name="Unnamed test case 164" classname="spec_perl_TestParamsPassArrayStr_t" time="4.00543212890625e-05">
      <skipped message="ok 3 # skip test_params_pass_array_str died" />
    </testcase>
    <testcase name="Unnamed test case 165" classname="spec_perl_TestParamsPassArrayStr_t" time="2.81333923339844e-05">
      <skipped message="ok 4 # skip test_params_pass_array_str died" />
    </testcase>
    <testcase name="Unnamed test case 166" classname="spec_perl_TestParamsPassArrayStr_t" time="2.98023223876953e-05">
      <skipped message="ok 5 # skip test_params_pass_array_str died" />
    </testcase>
    <testcase name="Unnamed test case 167" classname="spec_perl_TestParamsPassArrayStr_t" time="2.62260437011719e-05">
      <skipped message="ok 6 # skip test_params_pass_array_str died" />
    </testcase>
    <testcase name="Unnamed test case 168" classname="spec_perl_TestParamsPassArrayStr_t" time="2.38418579101562e-05">
      <skipped message="ok 7 # skip test_params_pass_array_str died" />
    </testcase>
  </testsuite>
  <testsuite name="spec_perl_TestExprSizeofValue0_t" errors="0" failures="0" skipped="0" tests="5" time="0.0427138805389404">
    <system-out>1..5
ok 1 - Equals
ok 2 - Equals
ok 3 - Equals
ok 4 - Equals
ok 5 - Equals
</system-out>
    <testcase name="Equals (168)" classname="spec_perl_TestExprSizeofValue0_t" time="0.00023198127746582" />
    <testcase name="Equals (169)" classname="spec_perl_TestExprSizeofValue0_t" time="0.000117063522338867" />
    <testcase name="Equals (170)" classname="spec_perl_TestExprSizeofValue0_t" time="0.000138044357299805" />
    <testcase name="Equals (171)" classname="spec_perl_TestExprSizeofValue0_t" time="0.000142812728881836" />
    <testcase name="Equals (172)" classname="spec_perl_TestExprSizeofValue0_t" time="0.000131130218505859" />
  </testsuite>
  <testsuite name="spec_perl_TestExprIoEof_t" errors="0" failures="0" skipped="0" tests="4" time="0.0426638126373291">
    <system-out>1..4
ok 1 - Equals
ok 2 - nil
ok 3 - Equals
ok 4 - Equals
</system-out>
    <testcase name="Equals (173)" classname="spec_perl_TestExprIoEof_t" time="0.000483989715576172" />
    <testcase name="nil (173)" classname="spec_perl_TestExprIoEof_t" time="8.10623168945312e-05" />
    <testcase name="Equals (174)" classname="spec_perl_TestExprIoEof_t" time="7.60555267333984e-05" />
    <testcase name="Equals (175)" classname="spec_perl_TestExprIoEof_t" time="0.000129938125610352" />
  </testsuite>
  <testsuite name="spec_perl_TestDefaultEndianExprException_t" errors="0" failures="0" skipped="0" tests="1" time="0.0435669422149658">
    <system-out>1..1
ok 1 - Died
</system-out>
    <testcase name="Died (175)" classname="spec_perl_TestDefaultEndianExprException_t" time="0.000229835510253906" />
  </testsuite>
  <testsuite name="spec_perl_TestNavParentSwitch_t" errors="0" failures="0" skipped="0" tests="3" time="0.0427989959716797">
    <system-out>1..3
ok 1 - Equals
ok 2 - Equals
ok 3 - Equals
</system-out>
    <testcase name="Equals (176)" classname="spec_perl_TestNavParentSwitch_t" time="0.000128984451293945" />
    <testcase name="Equals (177)" classname="spec_perl_TestNavParentSwitch_t" time="5.38825988769531e-05" />
    <testcase name="Equals (178)" classname="spec_perl_TestNavParentSwitch_t" time="6.00814819335938e-05" />
  </testsuite>
  <testsuite name="spec_perl_TestRecursiveOne_t" errors="0" failures="0" skipped="0" tests="4" time="0.0450599193572998">
    <system-out>1..4
ok 1 - Equals
ok 2 - Equals
ok 3 - Equals
ok 4 - Equals
</system-out>
    <testcase name="Equals (179)" classname="spec_perl_TestRecursiveOne_t" time="0.000240087509155273" />
    <testcase name="Equals (180)" classname="spec_perl_TestRecursiveOne_t" time="0.000104904174804688" />
    <testcase name="Equals (181)" classname="spec_perl_TestRecursiveOne_t" time="0.000147104263305664" />
    <testcase name="Equals (182)" classname="spec_perl_TestRecursiveOne_t" time="0.00014805793762207" />
  </testsuite>
  <testsuite name="spec_perl_TestValidLong_t" errors="1" failures="0" skipped="0" tests="0" time="0.0393350124359131">
    <system-out></system-out>
    <testcase name="Test died too soon, even before plan. (182)" classname="spec_perl_TestValidLong_t" time="0.0393350124359131">
      <failure message="The test suite died before a plan was produced. You need to have a plan." type="Plan">No plan</failure>
    </testcase>
  </testsuite>
  <testsuite name="spec_perl_TestOpaqueExternalType02Parent_t" errors="0" failures="0" skipped="0" tests="3" time="0.0451829433441162">
    <system-out>1..3
ok 1 - Equals
ok 2 - Equals
ok 3 - Equals
</system-out>
    <testcase name="Equals (183)" classname="spec_perl_TestOpaqueExternalType02Parent_t" time="0.000335931777954102" />
    <testcase name="Equals (184)" classname="spec_perl_TestOpaqueExternalType02Parent_t" time="0.000116109848022461" />
    <testcase name="Equals (185)" classname="spec_perl_TestOpaqueExternalType02Parent_t" time="0.000138998031616211" />
  </testsuite>
  <testsuite name="spec_perl_TestSwitchIntegers_t" errors="0" failures="0" skipped="0" tests="9" time="0.0559699535369873">
    <system-out>1..9
ok 1 - Equals
ok 2 - Equals
ok 3 - Equals
ok 4 - Equals
ok 5 - Equals
ok 6 - Equals
ok 7 - Equals
ok 8 - Equals
ok 9 - Equals
</system-out>
    <testcase name="Equals (186)" classname="spec_perl_TestSwitchIntegers_t" time="0.000251054763793945" />
    <testcase name="Equals (187)" classname="spec_perl_TestSwitchIntegers_t" time="0.00011897087097168" />
    <testcase name="Equals (188)" classname="spec_perl_TestSwitchIntegers_t" time="0.000125885009765625" />
    <testcase name="Equals (189)" classname="spec_perl_TestSwitchIntegers_t" time="0.000137090682983398" />
    <testcase name="Equals (190)" classname="spec_perl_TestSwitchIntegers_t" time="0.000113010406494141" />
    <testcase name="Equals (191)" classname="spec_perl_TestSwitchIntegers_t" time="0.000149011611938477" />
    <testcase name="Equals (192)" classname="spec_perl_TestSwitchIntegers_t" time="0.000116109848022461" />
    <testcase name="Equals (193)" classname="spec_perl_TestSwitchIntegers_t" time="0.000142812728881836" />
    <testcase name="Equals (194)" classname="spec_perl_TestSwitchIntegers_t" time="0.000123023986816406" />
  </testsuite>
  <testsuite name="spec_perl_TestSwitchManualIntElse_t" errors="0" failures="0" skipped="0" tests="9" time="0.0445671081542969">
    <system-out>1..9
ok 1 - Equals
ok 2 - Equals
ok 3 - Equals
ok 4 - Equals
ok 5 - Equals
ok 6 - Equals
ok 7 - Equals
ok 8 - Equals
ok 9 - Equals
</system-out>
    <testcase name="Equals (195)" classname="spec_perl_TestSwitchManualIntElse_t" time="0.000308036804199219" />
    <testcase name="Equals (196)" classname="spec_perl_TestSwitchManualIntElse_t" time="0.000154018402099609" />
    <testcase name="Equals (197)" classname="spec_perl_TestSwitchManualIntElse_t" time="9.60826873779297e-05" />
    <testcase name="Equals (198)" classname="spec_perl_TestSwitchManualIntElse_t" time="0.00014495849609375" />
    <testcase name="Equals (199)" classname="spec_perl_TestSwitchManualIntElse_t" time="0.000127077102661133" />
    <testcase name="Equals (200)" classname="spec_perl_TestSwitchManualIntElse_t" time="0.000114917755126953" />
    <testcase name="Equals (201)" classname="spec_perl_TestSwitchManualIntElse_t" time="0.000139951705932617" />
    <testcase name="Equals (202)" classname="spec_perl_TestSwitchManualIntElse_t" time="0.000113964080810547" />
    <testcase name="Equals (203)" classname="spec_perl_TestSwitchManualIntElse_t" time="0.000158071517944336" />
  </testsuite>
  <testsuite name="spec_perl_TestMetaXref_t" errors="0" failures="0" skipped="1" tests="1" time="0.0430929660797119">
    <system-out>1..1
ok 1 # skip MetaXref=HASH(0x1579ea8)
</system-out>
    <testcase name="Unnamed test case 203" classname="spec_perl_TestMetaXref_t" time="0.00122904777526855">
      <skipped message="ok 1 # skip MetaXref=HASH(0x1579ea8)" />
    </testcase>
  </testsuite>
  <testsuite name="spec_perl_TestFixedStruct_t" errors="1" failures="0" skipped="0" tests="0" time="0.0454120635986328">
    <system-out></system-out>
    <testcase name="Test died too soon, even before plan. (203)" classname="spec_perl_TestFixedStruct_t" time="0.0454120635986328">
      <failure message="The test suite died before a plan was produced. You need to have a plan." type="Plan">No plan</failure>
    </testcase>
  </testsuite>
  <testsuite name="spec_perl_TestSwitchManualIntSizeElse_t" errors="0" failures="0" skipped="0" tests="10" time="0.0450711250305176">
    <system-out>1..10
ok 1 - Equals
ok 2 - Equals
ok 3 - Equals
ok 4 - Equals
ok 5 - Equals
ok 6 - Equals
ok 7 - Equals
ok 8 - Equals
ok 9 - Equals
ok 10 - Equals
</system-out>
    <testcase name="Equals (204)" classname="spec_perl_TestSwitchManualIntSizeElse_t" time="0.000608205795288086" />
    <testcase name="Equals (205)" classname="spec_perl_TestSwitchManualIntSizeElse_t" time="0.000110864639282227" />
    <testcase name="Equals (206)" classname="spec_perl_TestSwitchManualIntSizeElse_t" time="0.000152111053466797" />
    <testcase name="Equals (207)" classname="spec_perl_TestSwitchManualIntSizeElse_t" time="0.000120878219604492" />
    <testcase name="Equals (208)" classname="spec_perl_TestSwitchManualIntSizeElse_t" time="0.000133991241455078" />
    <testcase name="Equals (209)" classname="spec_perl_TestSwitchManualIntSizeElse_t" time="0.000153064727783203" />
    <testcase name="Equals (210)" classname="spec_perl_TestSwitchManualIntSizeElse_t" time="0.00014495849609375" />
    <testcase name="Equals (211)" classname="spec_perl_TestSwitchManualIntSizeElse_t" time="0.000142097473144531" />
    <testcase name="Equals (212)" classname="spec_perl_TestSwitchManualIntSizeElse_t" time="0.000123977661132812" />
    <testcase name="Equals (213)" classname="spec_perl_TestSwitchManualIntSizeElse_t" time="0.00014805793762207" />
  </testsuite>
  <testsuite name="spec_perl_TestNavParent2_t" errors="0" failures="0" skipped="0" tests="10" time="0.047111988067627">
    <system-out>1..10
ok 1 - Equals
ok 2 - Equals
ok 3 - Equals
ok 4 - Equals
ok 5 - Equals
ok 6 - Equals
ok 7 - Equals
ok 8 - Equals
ok 9 - Equals
ok 10 - Equals
</system-out>
    <testcase name="Equals (214)" classname="spec_perl_TestNavParent2_t" time="0.000265836715698242" />
    <testcase name="Equals (215)" classname="spec_perl_TestNavParent2_t" time="8.10623168945312e-05" />
    <testcase name="Equals (216)" classname="spec_perl_TestNavParent2_t" time="0.000121116638183594" />
    <testcase name="Equals (217)" classname="spec_perl_TestNavParent2_t" time="0.000137805938720703" />
    <testcase name="Equals (218)" classname="spec_perl_TestNavParent2_t" time="0.000120162963867188" />
    <testcase name="Equals (219)" classname="spec_perl_TestNavParent2_t" time="0.000186920166015625" />
    <testcase name="Equals (220)" classname="spec_perl_TestNavParent2_t" time="0.000106096267700195" />
    <testcase name="Equals (221)" classname="spec_perl_TestNavParent2_t" time="0.000146865844726562" />
    <testcase name="Equals (222)" classname="spec_perl_TestNavParent2_t" time="0.000147104263305664" />
    <testcase name="Equals (223)" classname="spec_perl_TestNavParent2_t" time="0.000169038772583008" />
  </testsuite>
  <testsuite name="spec_perl_TestProcessXor4Value_t" errors="0" failures="0" skipped="0" tests="2" time="0.0421390533447266">
    <system-out>1..2
ok 1 - Equals
ok 2 - Equals
</system-out>
    <testcase name="Equals (224)" classname="spec_perl_TestProcessXor4Value_t" time="0.000258922576904297" />
    <testcase name="Equals (225)" classname="spec_perl_TestProcessXor4Value_t" time="0.000128030776977539" />
  </testsuite>
  <testsuite name="spec_perl_TestBitsSimple_t" errors="0" failures="0" skipped="0" tests="14" time="0.0455188751220703">
    <system-out>1..14
ok 1 - Equals
ok 2 - Equals
ok 3 - Equals
ok 4 - Equals
ok 5 - Equals
ok 6 - Equals
ok 7 - Equals
ok 8 - Equals
ok 9 - Equals
ok 10 - Equals
ok 11 - Equals
ok 12 - Equals
ok 13 - Equals
ok 14 - Equals
</system-out>
    <testcase name="Equals (226)" classname="spec_perl_TestBitsSimple_t" time="0.000293970108032227" />
    <testcase name="Equals (227)" classname="spec_perl_TestBitsSimple_t" time="7.98702239990234e-05" />
    <testcase name="Equals (228)" classname="spec_perl_TestBitsSimple_t" time="0.000152111053466797" />
    <testcase name="Equals (229)" classname="spec_perl_TestBitsSimple_t" time="0.000128984451293945" />
    <testcase name="Equals (230)" classname="spec_perl_TestBitsSimple_t" time="0.000145912170410156" />
    <testcase name="Equals (231)" classname="spec_perl_TestBitsSimple_t" time="0.000151157379150391" />
    <testcase name="Equals (232)" classname="spec_perl_TestBitsSimple_t" time="0.000121831893920898" />
    <testcase name="Equals (233)" classname="spec_perl_TestBitsSimple_t" time="0.000149965286254883" />
    <testcase name="Equals (234)" classname="spec_perl_TestBitsSimple_t" time="0.000128984451293945" />
    <testcase name="Equals (235)" classname="spec_perl_TestBitsSimple_t" time="0.000144004821777344" />
    <testcase name="Equals (236)" classname="spec_perl_TestBitsSimple_t" time="0.0001220703125" />
    <testcase name="Equals (237)" classname="spec_perl_TestBitsSimple_t" time="0.00014495849609375" />
    <testcase name="Equals (238)" classname="spec_perl_TestBitsSimple_t" time="0.000127077102661133" />
    <testcase name="Equals (239)" classname="spec_perl_TestBitsSimple_t" time="0.000145912170410156" />
  </testsuite>
  <testsuite name="spec_perl_TestSwitchMultiBoolOps_t" errors="0" failures="0" skipped="0" tests="9" time="0.0414550304412842">
    <system-out>1..9
ok 1 - Equals
ok 2 - Equals
ok 3 - Equals
ok 4 - Equals
ok 5 - Equals
ok 6 - Equals
ok 7 - Equals
ok 8 - Equals
ok 9 - Equals
</system-out>
    <testcase name="Equals (240)" classname="spec_perl_TestSwitchMultiBoolOps_t" time="0.000259876251220703" />
    <testcase name="Equals (241)" classname="spec_perl_TestSwitchMultiBoolOps_t" time="0.000114917755126953" />
    <testcase name="Equals (242)" classname="spec_perl_TestSwitchMultiBoolOps_t" time="0.000132083892822266" />
    <testcase name="Equals (243)" classname="spec_perl_TestSwitchMultiBoolOps_t" time="0.000145912170410156" />
    <testcase name="Equals (244)" classname="spec_perl_TestSwitchMultiBoolOps_t" time="0.000103235244750977" />
    <testcase name="Equals (245)" classname="spec_perl_TestSwitchMultiBoolOps_t" time="0.000137805938720703" />
    <testcase name="Equals (246)" classname="spec_perl_TestSwitchMultiBoolOps_t" time="0.000118017196655273" />
    <testcase name="Equals (247)" classname="spec_perl_TestSwitchMultiBoolOps_t" time="0.000123023986816406" />
    <testcase name="Equals (248)" classname="spec_perl_TestSwitchMultiBoolOps_t" time="0.000153064727783203" />
  </testsuite>
  <testsuite name="spec_perl_TestInstanceStdArray_t" errors="0" failures="0" skipped="0" tests="7" time="0.0433650016784668">
    <system-out>1..7
ok 1 - Equals
ok 2 - Equals
ok 3 - Equals
ok 4 - Equals
ok 5 - Equals
ok 6 - Equals
ok 7 - Equals
</system-out>
    <testcase name="Equals (249)" classname="spec_perl_TestInstanceStdArray_t" time="0.000233888626098633" />
    <testcase name="Equals (250)" classname="spec_perl_TestInstanceStdArray_t" time="9.51290130615234e-05" />
    <testcase name="Equals (251)" classname="spec_perl_TestInstanceStdArray_t" time="0.000129938125610352" />
    <testcase name="Equals (252)" classname="spec_perl_TestInstanceStdArray_t" time="0.000155925750732422" />
    <testcase name="Equals (253)" classname="spec_perl_TestInstanceStdArray_t" time="0.000141143798828125" />
    <testcase name="Equals (254)" classname="spec_perl_TestInstanceStdArray_t" time="0.000139951705932617" />
    <testcase name="Equals (255)" classname="spec_perl_TestInstanceStdArray_t" time="0.000156879425048828" />
  </testsuite>
  <testsuite name="spec_perl_TestTsPacketHeader_t" errors="0" failures="0" skipped="0" tests="7" time="0.0409409999847412">
    <system-out>1..7
ok 1 - Equals
ok 2 - Equals
ok 3 - Equals
ok 4 - Equals
ok 5 - Equals
ok 6 - Equals
ok 7 - Equals
</system-out>
    <testcase name="Equals (256)" classname="spec_perl_TestTsPacketHeader_t" time="0.000241994857788086" />
    <testcase name="Equals (257)" classname="spec_perl_TestTsPacketHeader_t" time="0.000118017196655273" />
    <testcase name="Equals (258)" classname="spec_perl_TestTsPacketHeader_t" time="0.000135898590087891" />
    <testcase name="Equals (259)" classname="spec_perl_TestTsPacketHeader_t" time="0.000140190124511719" />
    <testcase name="Equals (260)" classname="spec_perl_TestTsPacketHeader_t" time="0.000113010406494141" />
    <testcase name="Equals (261)" classname="spec_perl_TestTsPacketHeader_t" time="0.000145912170410156" />
    <testcase name="Equals (262)" classname="spec_perl_TestTsPacketHeader_t" time="0.000117063522338867" />
  </testsuite>
  <testsuite name="spec_perl_TestValidNotParsedIf_t" errors="1" failures="0" skipped="0" tests="0" time="0.0543389320373535">
    <system-out></system-out>
    <testcase name="Test died too soon, even before plan. (262)" classname="spec_perl_TestValidNotParsedIf_t" time="0.0543389320373535">
      <failure message="The test suite died before a plan was produced. You need to have a plan." type="Plan">No plan</failure>
    </testcase>
  </testsuite>
  <testsuite name="spec_perl_TestEnumIntRangeS_t" errors="0" failures="0" skipped="0" tests="3" time="0.056887149810791">
    <system-out>1..3
ok 1 - Equals
ok 2 - Equals
ok 3 - Equals
</system-out>
    <testcase name="Equals (263)" classname="spec_perl_TestEnumIntRangeS_t" time="0.000219821929931641" />
    <testcase name="Equals (264)" classname="spec_perl_TestEnumIntRangeS_t" time="9.79900360107422e-05" />
    <testcase name="Equals (265)" classname="spec_perl_TestEnumIntRangeS_t" time="0.000151157379150391" />
  </testsuite>
  <testsuite name="spec_perl_TestYamlInts_t" errors="0" failures="0" skipped="0" tests="4" time="0.0563449859619141">
    <system-out>1..4
ok 1 - Equals
ok 2 - Equals
ok 3 - Equals
ok 4 - Equals
</system-out>
    <testcase name="Equals (266)" classname="spec_perl_TestYamlInts_t" time="0.000588178634643555" />
    <testcase name="Equals (267)" classname="spec_perl_TestYamlInts_t" time="0.000374794006347656" />
    <testcase name="Equals (268)" classname="spec_perl_TestYamlInts_t" time="0.000370025634765625" />
    <testcase name="Equals (269)" classname="spec_perl_TestYamlInts_t" time="0.000344038009643555" />
  </testsuite>
  <testsuite name="spec_perl_TestUserType_t" errors="0" failures="0" skipped="0" tests="2" time="0.0417590141296387">
    <system-out>1..2
ok 1 - Equals
ok 2 - Equals
</system-out>
    <testcase name="Equals (270)" classname="spec_perl_TestUserType_t" time="0.000245094299316406" />
    <testcase name="Equals (271)" classname="spec_perl_TestUserType_t" time="0.0001220703125" />
  </testsuite>
  <testsuite name="spec_perl_TestExprSizeofType1_t" errors="0" failures="0" skipped="0" tests="2" time="0.0421249866485596">
    <system-out>1..2
ok 1 - Equals
ok 2 - Equals
</system-out>
    <testcase name="Equals (272)" classname="spec_perl_TestExprSizeofType1_t" time="0.000237941741943359" />
    <testcase name="Equals (273)" classname="spec_perl_TestExprSizeofType1_t" time="0.000133991241455078" />
  </testsuite>
  <testsuite name="spec_perl_TestExpr0_t" errors="0" failures="0" skipped="0" tests="2" time="0.0417048931121826">
    <system-out>1..2
ok 1 - Equals
ok 2 - Equals
</system-out>
    <testcase name="Equals (274)" classname="spec_perl_TestExpr0_t" time="0.000220060348510742" />
    <testcase name="Equals (275)" classname="spec_perl_TestExpr0_t" time="7.60555267333984e-05" />
  </testsuite>
  <testsuite name="spec_perl_TestOptionalId_t" errors="0" failures="0" skipped="0" tests="3" time="0.041841983795166">
    <system-out>1..3
ok 1 - Equals
ok 2 - Equals
ok 3 - Equals
</system-out>
    <testcase name="Equals (276)" classname="spec_perl_TestOptionalId_t" time="0.000262022018432617" />
    <testcase name="Equals (277)" classname="spec_perl_TestOptionalId_t" time="0.000120878219604492" />
    <testcase name="Equals (278)" classname="spec_perl_TestOptionalId_t" time="0.000154018402099609" />
  </testsuite>
  <testsuite name="spec_perl_TestStrEncodingsDefault_t" errors="0" failures="0" skipped="0" tests="4" time="0.0487480163574219">
    <system-out>1..4
ok 1 - Equals
ok 2 - Equals
ok 3 - Equals
ok 4 - Equals
</system-out>
    <testcase name="Equals (279)" classname="spec_perl_TestStrEncodingsDefault_t" time="0.00293588638305664" />
    <testcase name="Equals (280)" classname="spec_perl_TestStrEncodingsDefault_t" time="0.000130176544189453" />
    <testcase name="Equals (281)" classname="spec_perl_TestStrEncodingsDefault_t" time="0.000155925750732422" />
    <testcase name="Equals (282)" classname="spec_perl_TestStrEncodingsDefault_t" time="0.000154018402099609" />
  </testsuite>
  <testsuite name="spec_perl_TestEnumIntRangeU_t" errors="0" failures="0" skipped="0" tests="2" time="0.0415780544281006">
    <system-out>1..2
ok 1 - Equals
ok 2 - Equals
</system-out>
    <testcase name="Equals (283)" classname="spec_perl_TestEnumIntRangeU_t" time="0.000216960906982422" />
    <testcase name="Equals (284)" classname="spec_perl_TestEnumIntRangeU_t" time="7.41481781005859e-05" />
  </testsuite>
  <testsuite name="spec_perl_TestStrLiterals2_t" errors="0" failures="0" skipped="0" tests="4" time="0.0422048568725586">
    <system-out>1..4
ok 1 - Equals
ok 2 - Equals
ok 3 - Equals
ok 4 - Equals
</system-out>
    <testcase name="Equals (285)" classname="spec_perl_TestStrLiterals2_t" time="0.000257015228271484" />
    <testcase name="Equals (286)" classname="spec_perl_TestStrLiterals2_t" time="0.000122785568237305" />
    <testcase name="Equals (287)" classname="spec_perl_TestStrLiterals2_t" time="0.000164985656738281" />
    <testcase name="Equals (288)" classname="spec_perl_TestStrLiterals2_t" time="0.000163078308105469" />
  </testsuite>
  <testsuite name="spec_perl_TestDefaultBigEndian_t" errors="0" failures="0" skipped="0" tests="1" time="0.04329514503479">
    <system-out>1..1
ok 1 - Equals
</system-out>
    <testcase name="Equals (289)" classname="spec_perl_TestDefaultBigEndian_t" time="0.000262022018432617" />
  </testsuite>
  <testsuite name="spec_perl_TestEnumNegative_t" errors="0" failures="0" skipped="0" tests="2" time="0.0420889854431152">
    <system-out>1..2
ok 1 - Equals
ok 2 - Equals
</system-out>
    <testcase name="Equals (290)" classname="spec_perl_TestEnumNegative_t" time="0.000213146209716797" />
    <testcase name="Equals (291)" classname="spec_perl_TestEnumNegative_t" time="7.60555267333984e-05" />
  </testsuite>
  <testsuite name="spec_perl_TestEofExceptionBytes_t" errors="0" failures="0" skipped="0" tests="1" time="0.0466480255126953">
    <system-out>1..1
ok 1 - Died
</system-out>
    <testcase name="Died (291)" classname="spec_perl_TestEofExceptionBytes_t" time="0.000129938125610352" />
  </testsuite>
  <testsuite name="spec_perl_TestDefaultEndianMod_t" errors="0" failures="0" skipped="0" tests="3" time="0.0419130325317383">
    <system-out>1..3
ok 1 - Equals
ok 2 - Equals
ok 3 - Equals
</system-out>
    <testcase name="Equals (292)" classname="spec_perl_TestDefaultEndianMod_t" time="0.000236034393310547" />
    <testcase name="Equals (293)" classname="spec_perl_TestDefaultEndianMod_t" time="7.20024108886719e-05" />
    <testcase name="Equals (294)" classname="spec_perl_TestDefaultEndianMod_t" time="0.000145912170410156" />
  </testsuite>
  <testsuite name="spec_perl_TestTermStrz_t" errors="0" failures="0" skipped="0" tests="3" time="0.0430269241333008">
    <system-out>1..3
ok 1 - Equals
ok 2 - Equals
ok 3 - Equals
</system-out>
    <testcase name="Equals (295)" classname="spec_perl_TestTermStrz_t" time="0.000296115875244141" />
    <testcase name="Equals (296)" classname="spec_perl_TestTermStrz_t" time="8.70227813720703e-05" />
    <testcase name="Equals (297)" classname="spec_perl_TestTermStrz_t" time="0.000146865844726562" />
  </testsuite>
  <testsuite name="spec_perl_TestZlibWithHeader78_t" errors="0" failures="0" skipped="0" tests="1" time="0.0626430511474609">
    <system-out>1..1
ok 1 - Equals
</system-out>
    <testcase name="Equals (298)" classname="spec_perl_TestZlibWithHeader78_t" time="0.000287055969238281" />
  </testsuite>
  <testsuite name="spec_perl_TestEnumDeepLiterals_t" errors="0" failures="0" skipped="0" tests="2" time="0.0423622131347656">
    <system-out>1..2
ok 1 - Equals
ok 2 - Equals
</system-out>
    <testcase name="Equals (299)" classname="spec_perl_TestEnumDeepLiterals_t" time="0.000234127044677734" />
    <testcase name="Equals (300)" classname="spec_perl_TestEnumDeepLiterals_t" time="7.70092010498047e-05" />
  </testsuite>
  <testsuite name="spec_perl_TestBcdUserTypeLe_t" errors="0" failures="0" skipped="0" tests="6" time="0.0431759357452393">
    <system-out>1..6
ok 1 - Equals
ok 2 - Equals
ok 3 - Equals
ok 4 - Equals
ok 5 - Equals
ok 6 - Equals
</system-out>
    <testcase name="Equals (301)" classname="spec_perl_TestBcdUserTypeLe_t" time="0.000546932220458984" />
    <testcase name="Equals (302)" classname="spec_perl_TestBcdUserTypeLe_t" time="0.000101089477539062" />
    <testcase name="Equals (303)" classname="spec_perl_TestBcdUserTypeLe_t" time="0.000112056732177734" />
    <testcase name="Equals (304)" classname="spec_perl_TestBcdUserTypeLe_t" time="0.000177860260009766" />
    <testcase name="Equals (305)" classname="spec_perl_TestBcdUserTypeLe_t" time="0.000128984451293945" />
    <testcase name="Equals (306)" classname="spec_perl_TestBcdUserTypeLe_t" time="0.000149965286254883" />
  </testsuite>
  <testsuite name="spec_perl_TestProcessCustom_t" errors="1" failures="0" skipped="0" tests="0" time="0.0444579124450684">
    <system-out></system-out>
    <testcase name="Test died too soon, even before plan. (306)" classname="spec_perl_TestProcessCustom_t" time="0.0444579124450684">
      <failure message="The test suite died before a plan was produced. You need to have a plan." type="Plan">No plan</failure>
    </testcase>
  </testsuite>
  <testsuite name="spec_perl_TestJsSignedRightShift_t" errors="0" failures="0" skipped="0" tests="2" time="0.0424408912658691">
    <system-out>1..2
ok 1 - Equals
ok 2 - Equals
</system-out>
    <testcase name="Equals (307)" classname="spec_perl_TestJsSignedRightShift_t" time="0.000266075134277344" />
    <testcase name="Equals (308)" classname="spec_perl_TestJsSignedRightShift_t" time="0.00014495849609375" />
  </testsuite>
  <testsuite name="spec_perl_TestSwitchBytearray_t" errors="0" failures="0" skipped="0" tests="9" time="0.0471107959747314">
    <system-out>1..9
ok 1 - Equals
ok 2 - Equals
ok 3 - Equals
ok 4 - Equals
ok 5 - Equals
ok 6 - Equals
ok 7 - Equals
ok 8 - Equals
ok 9 - Equals
</system-out>
    <testcase name="Equals (309)" classname="spec_perl_TestSwitchBytearray_t" time="0.000290155410766602" />
    <testcase name="Equals (310)" classname="spec_perl_TestSwitchBytearray_t" time="9.39369201660156e-05" />
    <testcase name="Equals (311)" classname="spec_perl_TestSwitchBytearray_t" time="0.000164031982421875" />
    <testcase name="Equals (312)" classname="spec_perl_TestSwitchBytearray_t" time="0.000137090682983398" />
    <testcase name="Equals (313)" classname="spec_perl_TestSwitchBytearray_t" time="0.000153779983520508" />
    <testcase name="Equals (314)" classname="spec_perl_TestSwitchBytearray_t" time="0.000135183334350586" />
    <testcase name="Equals (315)" classname="spec_perl_TestSwitchBytearray_t" time="0.00014495849609375" />
    <testcase name="Equals (316)" classname="spec_perl_TestSwitchBytearray_t" time="0.000127077102661133" />
    <testcase name="Equals (317)" classname="spec_perl_TestSwitchBytearray_t" time="0.000146865844726562" />
  </testsuite>
  <testsuite name="spec_perl_TestBitsByteAligned_t" errors="0" failures="0" skipped="0" tests="9" time="0.0420100688934326">
    <system-out>1..9
ok 1 - Equals
ok 2 - Equals
ok 3 - Equals
ok 4 - Equals
ok 5 - Equals
ok 6 - Equals
ok 7 - Equals
ok 8 - Equals
ok 9 - Equals
</system-out>
    <testcase name="Equals (318)" classname="spec_perl_TestBitsByteAligned_t" time="0.000273942947387695" />
    <testcase name="Equals (319)" classname="spec_perl_TestBitsByteAligned_t" time="7.79628753662109e-05" />
    <testcase name="Equals (320)" classname="spec_perl_TestBitsByteAligned_t" time="0.000130176544189453" />
    <testcase name="Equals (321)" classname="spec_perl_TestBitsByteAligned_t" time="0.000115871429443359" />
    <testcase name="Equals (322)" classname="spec_perl_TestBitsByteAligned_t" time="0.000138998031616211" />
    <testcase name="Equals (323)" classname="spec_perl_TestBitsByteAligned_t" time="0.000115156173706055" />
    <testcase name="Equals (324)" classname="spec_perl_TestBitsByteAligned_t" time="0.000124931335449219" />
    <testcase name="Equals (325)" classname="spec_perl_TestBitsByteAligned_t" time="0.00014495849609375" />
    <testcase name="Equals (326)" classname="spec_perl_TestBitsByteAligned_t" time="0.00011897087097168" />
  </testsuite>
  <testsuite name="spec_perl_TestNestedTypes3_t" errors="0" failures="0" skipped="0" tests="5" time="0.0429739952087402">
    <system-out>1..5
ok 1 - Equals
ok 2 - Equals
ok 3 - Equals
ok 4 - Equals
ok 5 - Equals
</system-out>
    <testcase name="Equals (327)" classname="spec_perl_TestNestedTypes3_t" time="0.000252008438110352" />
    <testcase name="Equals (328)" classname="spec_perl_TestNestedTypes3_t" time="0.000123977661132812" />
    <testcase name="Equals (329)" classname="spec_perl_TestNestedTypes3_t" time="0.000136137008666992" />
    <testcase name="Equals (330)" classname="spec_perl_TestNestedTypes3_t" time="0.000140905380249023" />
    <testcase name="Equals (331)" classname="spec_perl_TestNestedTypes3_t" time="0.000120162963867188" />
  </testsuite>
  <testsuite name="spec_perl_TestIndexToParamExpr_t" errors="0" failures="2" skipped="0" tests="7" time="0.073455810546875">
    <system-out>1..7
ok 1 - Equals
ok 2 - Equals
ok 3 - Equals
ok 4 - Equals
ok 5 - Equals
not ok 6 - Equals
not ok 7 - Equals
</system-out>
    <testcase name="Equals (332)" classname="spec_perl_TestIndexToParamExpr_t" time="0.000295877456665039" />
    <testcase name="Equals (333)" classname="spec_perl_TestIndexToParamExpr_t" time="0.000388145446777344" />
    <testcase name="Equals (334)" classname="spec_perl_TestIndexToParamExpr_t" time="0.000339984893798828" />
    <testcase name="Equals (335)" classname="spec_perl_TestIndexToParamExpr_t" time="0.000324010848999023" />
    <testcase name="Equals (336)" classname="spec_perl_TestIndexToParamExpr_t" time="0.000355005264282227" />
    <testcase name="Equals (337)" classname="spec_perl_TestIndexToParamExpr_t" time="0.000433921813964844">
      <failure message="not ok 6 - Equals" type="TAP::Parser::Result::Test"></failure>
    </testcase>
    <testcase name="Equals (338)" classname="spec_perl_TestIndexToParamExpr_t" time="0.00102496147155762">
      <failure message="not ok 7 - Equals" type="TAP::Parser::Result::Test"></failure>
    </testcase>
  </testsuite>
  <testsuite name="spec_perl_TestDefaultEndianExprIsBe_t" errors="0" failures="0" skipped="0" tests="18" time="0.0439059734344482">
    <system-out>1..18
ok 1 - Equals
ok 2 - Equals
ok 3 - Equals
ok 4 - Equals
ok 5 - Equals
ok 6 - Equals
ok 7 - Equals
ok 8 - Equals
ok 9 - Equals
ok 10 - Equals
ok 11 - Equals
ok 12 - Equals
ok 13 - Equals
ok 14 - Equals
ok 15 - Equals
ok 16 - Equals
ok 17 - Equals
ok 18 - Equals
</system-out>
    <testcase name="Equals (339)" classname="spec_perl_TestDefaultEndianExprIsBe_t" time="0.000262022018432617" />
    <testcase name="Equals (340)" classname="spec_perl_TestDefaultEndianExprIsBe_t" time="7.39097595214844e-05" />
    <testcase name="Equals (341)" classname="spec_perl_TestDefaultEndianExprIsBe_t" time="0.000149965286254883" />
    <testcase name="Equals (342)" classname="spec_perl_TestDefaultEndianExprIsBe_t" time="0.000133037567138672" />
    <testcase name="Equals (343)" classname="spec_perl_TestDefaultEndianExprIsBe_t" time="0.000153064727783203" />
    <testcase name="Equals (344)" classname="spec_perl_TestDefaultEndianExprIsBe_t" time="0.000169992446899414" />
    <testcase name="Equals (345)" classname="spec_perl_TestDefaultEndianExprIsBe_t" time="0.000113010406494141" />
    <testcase name="Equals (346)" classname="spec_perl_TestDefaultEndianExprIsBe_t" time="0.000140905380249023" />
    <testcase name="Equals (347)" classname="spec_perl_TestDefaultEndianExprIsBe_t" time="0.000118017196655273" />
    <testcase name="Equals (348)" classname="spec_perl_TestDefaultEndianExprIsBe_t" time="0.000144004821777344" />
    <testcase name="Equals (349)" classname="spec_perl_TestDefaultEndianExprIsBe_t" time="0.000153064727783203" />
    <testcase name="Equals (350)" classname="spec_perl_TestDefaultEndianExprIsBe_t" time="0.000149965286254883" />
    <testcase name="Equals (351)" classname="spec_perl_TestDefaultEndianExprIsBe_t" time="0.000119924545288086" />
    <testcase name="Equals (352)" classname="spec_perl_TestDefaultEndianExprIsBe_t" time="0.000127077102661133" />
    <testcase name="Equals (353)" classname="spec_perl_TestDefaultEndianExprIsBe_t" time="0.000149011611938477" />
    <testcase name="Equals (354)" classname="spec_perl_TestDefaultEndianExprIsBe_t" time="0.000112056732177734" />
    <testcase name="Equals (355)" classname="spec_perl_TestDefaultEndianExprIsBe_t" time="0.000159978866577148" />
    <testcase name="Equals (356)" classname="spec_perl_TestDefaultEndianExprIsBe_t" time="0.000159025192260742" />
  </testsuite>
  <testsuite name="spec_perl_TestDefaultEndianExprIsLe_t" errors="0" failures="0" skipped="0" tests="12" time="0.0430591106414795">
    <system-out>1..12
ok 1 - Equals
ok 2 - Equals
ok 3 - Equals
ok 4 - Equals
ok 5 - Equals
ok 6 - Equals
ok 7 - Equals
ok 8 - Equals
ok 9 - Equals
ok 10 - Equals
ok 11 - Equals
ok 12 - Equals
</system-out>
    <testcase name="Equals (357)" classname="spec_perl_TestDefaultEndianExprIsLe_t" time="0.000261068344116211" />
    <testcase name="Equals (358)" classname="spec_perl_TestDefaultEndianExprIsLe_t" time="7.60555267333984e-05" />
    <testcase name="Equals (359)" classname="spec_perl_TestDefaultEndianExprIsLe_t" time="0.000138998031616211" />
    <testcase name="Equals (360)" classname="spec_perl_TestDefaultEndianExprIsLe_t" time="0.000135898590087891" />
    <testcase name="Equals (361)" classname="spec_perl_TestDefaultEndianExprIsLe_t" time="0.000131130218505859" />
    <testcase name="Equals (362)" classname="spec_perl_TestDefaultEndianExprIsLe_t" time="0.000142812728881836" />
    <testcase name="Equals (363)" classname="spec_perl_TestDefaultEndianExprIsLe_t" time="0.000151157379150391" />
    <testcase name="Equals (364)" classname="spec_perl_TestDefaultEndianExprIsLe_t" time="0.000113010406494141" />
    <testcase name="Equals (365)" classname="spec_perl_TestDefaultEndianExprIsLe_t" time="0.00014495849609375" />
    <testcase name="Equals (366)" classname="spec_perl_TestDefaultEndianExprIsLe_t" time="0.000113010406494141" />
    <testcase name="Equals (367)" classname="spec_perl_TestDefaultEndianExprIsLe_t" time="0.000154972076416016" />
    <testcase name="Equals (368)" classname="spec_perl_TestDefaultEndianExprIsLe_t" time="0.000113964080810547" />
  </testsuite>
  <testsuite name="spec_perl_TestCombineBool_t" errors="0" failures="0" skipped="0" tests="2" time="0.0422890186309814">
    <system-out>1..2
ok 1 - Equals
ok 2 - Equals
</system-out>
    <testcase name="Equals (369)" classname="spec_perl_TestCombineBool_t" time="0.000273942947387695" />
    <testcase name="Equals (370)" classname="spec_perl_TestCombineBool_t" time="9.70363616943359e-05" />
  </testsuite>
  <testsuite name="spec_perl_TestIfStruct_t" errors="0" failures="0" skipped="0" tests="7" time="0.047450065612793">
    <system-out>1..7
ok 1 - Equals
ok 2 - Equals
ok 3 - Equals
ok 4 - Equals
ok 5 - Equals
ok 6 - Equals
ok 7 - Equals
</system-out>
    <testcase name="Equals (371)" classname="spec_perl_TestIfStruct_t" time="0.000339984893798828" />
    <testcase name="Equals (372)" classname="spec_perl_TestIfStruct_t" time="0.000123023986816406" />
    <testcase name="Equals (373)" classname="spec_perl_TestIfStruct_t" time="0.000147104263305664" />
    <testcase name="Equals (374)" classname="spec_perl_TestIfStruct_t" time="0.000130891799926758" />
    <testcase name="Equals (375)" classname="spec_perl_TestIfStruct_t" time="0.000133991241455078" />
    <testcase name="Equals (376)" classname="spec_perl_TestIfStruct_t" time="0.000145912170410156" />
    <testcase name="Equals (377)" classname="spec_perl_TestIfStruct_t" time="0.000124216079711914" />
  </testsuite>
  <testsuite name="spec_perl_TestTypeTernary_t" errors="0" failures="0" skipped="0" tests="1" time="0.040381908416748">
    <system-out>1..1
ok 1 - Equals
</system-out>
    <testcase name="Equals (378)" classname="spec_perl_TestTypeTernary_t" time="0.00045013427734375" />
  </testsuite>
  <testsuite name="spec_perl_TestHelloWorld_t" errors="0" failures="0" skipped="0" tests="1" time="0.0422980785369873">
    <system-out>1..1
ok 1 - Equals
</system-out>
    <testcase name="Equals (379)" classname="spec_perl_TestHelloWorld_t" time="0.000225067138671875" />
  </testsuite>
  <testsuite name="spec_perl_TestRepeatUntilComplex_t" errors="0" failures="0" skipped="0" tests="17" time="0.0432798862457275">
    <system-out>1..17
ok 1 - Equals
ok 2 - Equals
ok 3 - Equals
ok 4 - Equals
ok 5 - Equals
ok 6 - Equals
ok 7 - Equals
ok 8 - Equals
ok 9 - Equals
ok 10 - Equals
ok 11 - Equals
ok 12 - Equals
ok 13 - Equals
ok 14 - Equals
ok 15 - Equals
ok 16 - Equals
ok 17 - Equals
</system-out>
    <testcase name="Equals (380)" classname="spec_perl_TestRepeatUntilComplex_t" time="0.000298023223876953" />
    <testcase name="Equals (381)" classname="spec_perl_TestRepeatUntilComplex_t" time="9.10758972167969e-05" />
    <testcase name="Equals (382)" classname="spec_perl_TestRepeatUntilComplex_t" time="0.000155925750732422" />
    <testcase name="Equals (383)" classname="spec_perl_TestRepeatUntilComplex_t" time="0.000132083892822266" />
    <testcase name="Equals (384)" classname="spec_perl_TestRepeatUntilComplex_t" time="0.000112056732177734" />
    <testcase name="Equals (385)" classname="spec_perl_TestRepeatUntilComplex_t" time="0.000142812728881836" />
    <testcase name="Equals (386)" classname="spec_perl_TestRepeatUntilComplex_t" time="7.20024108886719e-05" />
    <testcase name="Equals (387)" classname="spec_perl_TestRepeatUntilComplex_t" time="0.000154018402099609" />
    <testcase name="Equals (388)" classname="spec_perl_TestRepeatUntilComplex_t" time="0.00011897087097168" />
    <testcase name="Equals (389)" classname="spec_perl_TestRepeatUntilComplex_t" time="0.000144004821777344" />
    <testcase name="Equals (390)" classname="spec_perl_TestRepeatUntilComplex_t" time="0.000120162963867188" />
    <testcase name="Equals (391)" classname="spec_perl_TestRepeatUntilComplex_t" time="0.00014185905456543" />
    <testcase name="Equals (392)" classname="spec_perl_TestRepeatUntilComplex_t" time="0.0001220703125" />
    <testcase name="Equals (393)" classname="spec_perl_TestRepeatUntilComplex_t" time="0.00014805793762207" />
    <testcase name="Equals (394)" classname="spec_perl_TestRepeatUntilComplex_t" time="0.000119924545288086" />
    <testcase name="Equals (395)" classname="spec_perl_TestRepeatUntilComplex_t" time="0.000102996826171875" />
    <testcase name="Equals (396)" classname="spec_perl_TestRepeatUntilComplex_t" time="0.000152111053466797" />
  </testsuite>
  <testsuite name="spec_perl_TestBitsEnum_t" errors="0" failures="0" skipped="0" tests="3" time="0.0409619808197021">
    <system-out>1..3
ok 1 - Equals
ok 2 - Equals
ok 3 - Equals
</system-out>
    <testcase name="Equals (397)" classname="spec_perl_TestBitsEnum_t" time="0.000235080718994141" />
    <testcase name="Equals (398)" classname="spec_perl_TestBitsEnum_t" time="7.29560852050781e-05" />
    <testcase name="Equals (399)" classname="spec_perl_TestBitsEnum_t" time="0.000154972076416016" />
  </testsuite>
  <testsuite name="spec_perl_TestSwitchRepeatExpr_t" errors="0" failures="0" skipped="0" tests="3" time="0.0408101081848145">
    <system-out>1..3
ok 1 - Equals
ok 2 - Equals
ok 3 - Equals
</system-out>
    <testcase name="Equals (400)" classname="spec_perl_TestSwitchRepeatExpr_t" time="0.000455141067504883" />
    <testcase name="Equals (401)" classname="spec_perl_TestSwitchRepeatExpr_t" time="7.70092010498047e-05" />
    <testcase name="Equals (402)" classname="spec_perl_TestSwitchRepeatExpr_t" time="0.000115871429443359" />
  </testsuite>
  <testsuite name="spec_perl_TestProcessCoerceBytes_t" errors="0" failures="0" skipped="0" tests="4" time="0.042726993560791">
    <system-out>1..4
ok 1 - Equals
ok 2 - Equals
ok 3 - Equals
ok 4 - Equals
</system-out>
    <testcase name="Equals (403)" classname="spec_perl_TestProcessCoerceBytes_t" time="0.000252008438110352" />
    <testcase name="Equals (404)" classname="spec_perl_TestProcessCoerceBytes_t" time="0.000133037567138672" />
    <testcase name="Equals (405)" classname="spec_perl_TestProcessCoerceBytes_t" time="0.000135898590087891" />
    <testcase name="Equals (406)" classname="spec_perl_TestProcessCoerceBytes_t" time="0.000133991241455078" />
  </testsuite>
  <testsuite name="spec_perl_TestExprBits_t" errors="0" failures="0" skipped="0" tests="10" time="0.0471339225769043">
    <system-out>1..10
ok 1 - Equals
ok 2 - Equals
ok 3 - Equals
ok 4 - Equals
ok 5 - Equals
ok 6 - Equals
ok 7 - Equals
ok 8 - Equals
ok 9 - Equals
ok 10 - Equals
</system-out>
    <testcase name="Equals (407)" classname="spec_perl_TestExprBits_t" time="0.000281095504760742" />
    <testcase name="Equals (408)" classname="spec_perl_TestExprBits_t" time="7.89165496826172e-05" />
    <testcase name="Equals (409)" classname="spec_perl_TestExprBits_t" time="0.000180959701538086" />
    <testcase name="Equals (410)" classname="spec_perl_TestExprBits_t" time="0.0001220703125" />
    <testcase name="Equals (411)" classname="spec_perl_TestExprBits_t" time="0.000154972076416016" />
    <testcase name="Equals (412)" classname="spec_perl_TestExprBits_t" time="0.000117063522338867" />
    <testcase name="Equals (413)" classname="spec_perl_TestExprBits_t" time="0.000149965286254883" />
    <testcase name="Equals (414)" classname="spec_perl_TestExprBits_t" time="0.000119924545288086" />
    <testcase name="Equals (415)" classname="spec_perl_TestExprBits_t" time="0.00015711784362793" />
    <testcase name="Equals (416)" classname="spec_perl_TestExprBits_t" time="0.000150918960571289" />
  </testsuite>
  <testsuite name="spec_perl_TestEnumLongRangeU_t" errors="0" failures="0" skipped="0" tests="4" time="0.0431480407714844">
    <system-out>1..4
ok 1 - Equals
ok 2 - Equals
ok 3 - Equals
ok 4 - Equals
</system-out>
    <testcase name="Equals (417)" classname="spec_perl_TestEnumLongRangeU_t" time="0.000242948532104492" />
    <testcase name="Equals (418)" classname="spec_perl_TestEnumLongRangeU_t" time="8.392333984375e-05" />
    <testcase name="Equals (419)" classname="spec_perl_TestEnumLongRangeU_t" time="0.000150918960571289" />
    <testcase name="Equals (420)" classname="spec_perl_TestEnumLongRangeU_t" time="0.000123023986816406" />
  </testsuite>
  <testsuite name="spec_perl_TestProcessXorConst_t" errors="0" failures="0" skipped="0" tests="2" time="0.0436310768127441">
    <system-out>1..2
ok 1 - Equals
ok 2 - Equals
</system-out>
    <testcase name="Equals (421)" classname="spec_perl_TestProcessXorConst_t" time="0.000255107879638672" />
    <testcase name="Equals (422)" classname="spec_perl_TestProcessXorConst_t" time="0.000119924545288086" />
  </testsuite>
  <testsuite name="spec_perl_TestExprSizeofValueSized_t" errors="0" failures="0" skipped="0" tests="5" time="0.0424070358276367">
    <system-out>1..5
ok 1 - Equals
ok 2 - Equals
ok 3 - Equals
ok 4 - Equals
ok 5 - Equals
</system-out>
    <testcase name="Equals (423)" classname="spec_perl_TestExprSizeofValueSized_t" time="0.000437021255493164" />
    <testcase name="Equals (424)" classname="spec_perl_TestExprSizeofValueSized_t" time="0.000117063522338867" />
    <testcase name="Equals (425)" classname="spec_perl_TestExprSizeofValueSized_t" time="0.000137090682983398" />
    <testcase name="Equals (426)" classname="spec_perl_TestExprSizeofValueSized_t" time="0.000135898590087891" />
    <testcase name="Equals (427)" classname="spec_perl_TestExprSizeofValueSized_t" time="0.000147104263305664" />
  </testsuite>
  <testsuite name="spec_perl_TestRepeatEosStruct_t" errors="0" failures="0" skipped="0" tests="5" time="0.0445990562438965">
    <system-out>1..5
ok 1 - Equals
ok 2 - Equals
ok 3 - Equals
ok 4 - Equals
ok 5 - Equals
</system-out>
    <testcase name="Equals (428)" classname="spec_perl_TestRepeatEosStruct_t" time="0.00026392936706543" />
    <testcase name="Equals (429)" classname="spec_perl_TestRepeatEosStruct_t" time="9.60826873779297e-05" />
    <testcase name="Equals (430)" classname="spec_perl_TestRepeatEosStruct_t" time="0.000153064727783203" />
    <testcase name="Equals (431)" classname="spec_perl_TestRepeatEosStruct_t" time="0.000138044357299805" />
    <testcase name="Equals (432)" classname="spec_perl_TestRepeatEosStruct_t" time="0.000136852264404297" />
  </testsuite>
  <testsuite name="spec_perl_TestBufferedStruct_t" errors="0" failures="0" skipped="0" tests="7" time="0.0445709228515625">
    <system-out>1..7
ok 1 - Equals
ok 2 - Equals
ok 3 - Equals
ok 4 - Equals
ok 5 - Equals
ok 6 - Equals
ok 7 - Equals
</system-out>
    <testcase name="Equals (433)" classname="spec_perl_TestBufferedStruct_t" time="0.000506162643432617" />
    <testcase name="Equals (434)" classname="spec_perl_TestBufferedStruct_t" time="9.08374786376953e-05" />
    <testcase name="Equals (435)" classname="spec_perl_TestBufferedStruct_t" time="5.69820404052734e-05" />
    <testcase name="Equals (436)" classname="spec_perl_TestBufferedStruct_t" time="0.000149965286254883" />
    <testcase name="Equals (437)" classname="spec_perl_TestBufferedStruct_t" time="0.000138044357299805" />
    <testcase name="Equals (438)" classname="spec_perl_TestBufferedStruct_t" time="0.000132083892822266" />
    <testcase name="Equals (439)" classname="spec_perl_TestBufferedStruct_t" time="0.000120878219604492" />
  </testsuite>
  <testsuite name="spec_perl_TestEosExceptionBytes_t" errors="0" failures="0" skipped="0" tests="1" time="0.0423328876495361">
    <system-out>1..1
ok 1 - Died
</system-out>
    <testcase name="Died (439)" classname="spec_perl_TestEosExceptionBytes_t" time="0.00038909912109375" />
  </testsuite>
  <testsuite name="spec_perl_TestProcessRotate_t" errors="0" failures="0" skipped="0" tests="3" time="0.0419530868530273">
    <system-out>1..3
ok 1 - Equals
ok 2 - Equals
ok 3 - Equals
</system-out>
    <testcase name="Equals (440)" classname="spec_perl_TestProcessRotate_t" time="0.000280141830444336" />
    <testcase name="Equals (441)" classname="spec_perl_TestProcessRotate_t" time="0.000123023986816406" />
[...]
    <testcase name="Equals (699)" classname="spec_perl_TestProcessRepeatBytes_t" time="7.39097595214844e-05" />
  </testsuite>
  <testsuite name="spec_perl_TestStrPadTerm_t" errors="0" failures="0" skipped="0" tests="4" time="0.0464169979095459">
    <system-out>1..4
ok 1 - Equals
ok 2 - Equals
ok 3 - Equals
ok 4 - Equals
</system-out>
    <testcase name="Equals (700)" classname="spec_perl_TestStrPadTerm_t" time="0.000331878662109375" />
    <testcase name="Equals (701)" classname="spec_perl_TestStrPadTerm_t" time="0.000118017196655273" />
    <testcase name="Equals (702)" classname="spec_perl_TestStrPadTerm_t" time="0.000139951705932617" />
    <testcase name="Equals (703)" classname="spec_perl_TestStrPadTerm_t" time="0.000134944915771484" />
  </testsuite>
  <testsuite name="spec_perl_TestRepeatEosU4_t" errors="0" failures="0" skipped="0" tests="1" time="0.0436668395996094">
    <system-out>1..1
ok 1 - Equals
</system-out>
    <testcase name="Equals (704)" classname="spec_perl_TestRepeatEosU4_t" time="0.00037693977355957" />
  </testsuite>
  <testsuite name="spec_perl_TestExprBytesOps_t" errors="1" failures="0" skipped="0" tests="0" time="0.0501279830932617">
    <system-out></system-out>
    <testcase name="Test died too soon, even before plan. (704)" classname="spec_perl_TestExprBytesOps_t" time="0.0501279830932617">
      <failure message="The test suite died before a plan was produced. You need to have a plan." type="Plan">No plan</failure>
    </testcase>
  </testsuite>
  <testsuite name="spec_perl_TestCombineEnum_t" errors="0" failures="0" skipped="0" tests="3" time="0.0437471866607666">
    <system-out>1..3
ok 1 - Equals
ok 2 - Equals
ok 3 - Equals
</system-out>
    <testcase name="Equals (705)" classname="spec_perl_TestCombineEnum_t" time="0.000216007232666016" />
    <testcase name="Equals (706)" classname="spec_perl_TestCombineEnum_t" time="8.20159912109375e-05" />
    <testcase name="Equals (707)" classname="spec_perl_TestCombineEnum_t" time="0.000138998031616211" />
  </testsuite>
  <testsuite name="spec_perl_TestEnum1_t" errors="0" failures="0" skipped="0" tests="2" time="0.0412030220031738">
    <system-out>1..2
ok 1 - Equals
ok 2 - Equals
</system-out>
    <testcase name="Equals (708)" classname="spec_perl_TestEnum1_t" time="0.000214815139770508" />
    <testcase name="Equals (709)" classname="spec_perl_TestEnum1_t" time="7.31945037841797e-05" />
  </testsuite>
  <testsuite name="spec_perl_TestIfValues_t" errors="0" failures="0" skipped="0" tests="6" time="0.0427749156951904">
    <system-out>1..6
ok 1 - Equals
ok 2 - Equals
ok 3 - Equals
ok 4 - nil
ok 5 - Equals
ok 6 - nil
</system-out>
    <testcase name="Equals (710)" classname="spec_perl_TestIfValues_t" time="0.000244855880737305" />
    <testcase name="Equals (711)" classname="spec_perl_TestIfValues_t" time="0.000120162963867188" />
    <testcase name="Equals (712)" classname="spec_perl_TestIfValues_t" time="0.000146865844726562" />
    <testcase name="nil (712)" classname="spec_perl_TestIfValues_t" time="6.50882720947266e-05" />
    <testcase name="Equals (713)" classname="spec_perl_TestIfValues_t" time="0.000119924545288086" />
    <testcase name="nil (713)" classname="spec_perl_TestIfValues_t" time="6.60419464111328e-05" />
  </testsuite>
  <testsuite name="spec_perl_TestMetaTags_t" errors="0" failures="0" skipped="1" tests="1" time="0.0428640842437744">
    <system-out>1..1
ok 1 # skip MetaTags=HASH(0x25787f8)
</system-out>
    <testcase name="Unnamed test case 713" classname="spec_perl_TestMetaTags_t" time="0.00119400024414062">
      <skipped message="ok 1 # skip MetaTags=HASH(0x25787f8)" />
    </testcase>
  </testsuite>
  <testsuite name="spec_perl_TestZlibSurrounded_t" errors="0" failures="0" skipped="0" tests="1" time="0.0637049674987793">
    <system-out>1..1
ok 1 - Equals
</system-out>
    <testcase name="Equals (714)" classname="spec_perl_TestZlibSurrounded_t" time="0.000538110733032227" />
  </testsuite>
  <testsuite name="spec_perl_TestCastToTop_t" errors="0" failures="0" skipped="0" tests="3" time="0.0436170101165771">
    <system-out>1..3
ok 1 - Equals
ok 2 - Equals
ok 3 - Equals
</system-out>
    <testcase name="Equals (715)" classname="spec_perl_TestCastToTop_t" time="0.000256061553955078" />
    <testcase name="Equals (716)" classname="spec_perl_TestCastToTop_t" time="0.000108957290649414" />
    <testcase name="Equals (717)" classname="spec_perl_TestCastToTop_t" time="0.000153064727783203" />
  </testsuite>
  <testsuite name="spec_perl_TestProcessToUser_t" errors="0" failures="0" skipped="0" tests="1" time="0.0446748733520508">
    <system-out>1..1
ok 1 - Equals
</system-out>
    <testcase name="Equals (718)" classname="spec_perl_TestProcessToUser_t" time="0.000488996505737305" />
  </testsuite>
  <testsuite name="spec_perl_TestSwitchManualInt_t" errors="0" failures="0" skipped="0" tests="9" time="0.0459649562835693">
    <system-out>1..9
ok 1 - Equals
ok 2 - Equals
ok 3 - Equals
ok 4 - Equals
ok 5 - Equals
ok 6 - Equals
ok 7 - Equals
ok 8 - Equals
ok 9 - Equals
</system-out>
    <testcase name="Equals (719)" classname="spec_perl_TestSwitchManualInt_t" time="0.000294923782348633" />
    <testcase name="Equals (720)" classname="spec_perl_TestSwitchManualInt_t" time="7.39097595214844e-05" />
    <testcase name="Equals (721)" classname="spec_perl_TestSwitchManualInt_t" time="0.000139951705932617" />
    <testcase name="Equals (722)" classname="spec_perl_TestSwitchManualInt_t" time="0.000132083892822266" />
    <testcase name="Equals (723)" classname="spec_perl_TestSwitchManualInt_t" time="0.000145912170410156" />
    <testcase name="Equals (724)" classname="spec_perl_TestSwitchManualInt_t" time="0.000118017196655273" />
    <testcase name="Equals (725)" classname="spec_perl_TestSwitchManualInt_t" time="0.000146150588989258" />
    <testcase name="Equals (726)" classname="spec_perl_TestSwitchManualInt_t" time="0.000133037567138672" />
    <testcase name="Equals (727)" classname="spec_perl_TestSwitchManualInt_t" time="0.000118017196655273" />
  </testsuite>
  <testsuite name="spec_perl_TestExprCalcArrayOps_t" errors="0" failures="1" skipped="17" tests="18" time="0.0591959953308105">
    <system-out>1..18
not ok 1 - test_expr_calc_array_ops died (Can't use string (&quot;1000&quot;) as an ARRAY ref while &quot;strict refs&quot; in use at compiled/perl/ExprCalcArrayOps.pm line 50.)
ok 2 # skip test_expr_calc_array_ops died
ok 3 # skip test_expr_calc_array_ops died
ok 4 # skip test_expr_calc_array_ops died
ok 5 # skip test_expr_calc_array_ops died
ok 6 # skip test_expr_calc_array_ops died
ok 7 # skip test_expr_calc_array_ops died
ok 8 # skip test_expr_calc_array_ops died
ok 9 # skip test_expr_calc_array_ops died
ok 10 # skip test_expr_calc_array_ops died
ok 11 # skip test_expr_calc_array_ops died
ok 12 # skip test_expr_calc_array_ops died
ok 13 # skip test_expr_calc_array_ops died
ok 14 # skip test_expr_calc_array_ops died
ok 15 # skip test_expr_calc_array_ops died
ok 16 # skip test_expr_calc_array_ops died
ok 17 # skip test_expr_calc_array_ops died
ok 18 # skip test_expr_calc_array_ops died
</system-out>
    <testcase name="test_expr_calc_array_ops died (Can't use string (&quot;1000&quot;) as an ARRAY ref while &quot;strict refs&quot; in use at compiled/perl/ExprCalcArrayOps.pm line 50.) (727)" classname="spec_perl_TestExprCalcArrayOps_t" time="0.000294923782348633">
      <failure message="not ok 1 - test_expr_calc_array_ops died (Can't use string (&quot;1000&quot;) as an ARRAY ref while &quot;strict refs&quot; in use at compiled/perl/ExprCalcArrayOps.pm line 50.)" type="TAP::Parser::Result::Test"></failure>
    </testcase>
    <testcase name="Unnamed test case 727" classname="spec_perl_TestExprCalcArrayOps_t" time="0.00037693977355957">
      <skipped message="ok 2 # skip test_expr_calc_array_ops died" />
    </testcase>
    <testcase name="Unnamed test case 728" classname="spec_perl_TestExprCalcArrayOps_t" time="8.70227813720703e-05">
      <skipped message="ok 3 # skip test_expr_calc_array_ops died" />
    </testcase>
    <testcase name="Unnamed test case 729" classname="spec_perl_TestExprCalcArrayOps_t" time="0.000113964080810547">
      <skipped message="ok 4 # skip test_expr_calc_array_ops died" />
    </testcase>
    <testcase name="Unnamed test case 730" classname="spec_perl_TestExprCalcArrayOps_t" time="0.000120162963867188">
      <skipped message="ok 5 # skip test_expr_calc_array_ops died" />
    </testcase>
    <testcase name="Unnamed test case 731" classname="spec_perl_TestExprCalcArrayOps_t" time="0.000144004821777344">
      <skipped message="ok 6 # skip test_expr_calc_array_ops died" />
    </testcase>
    <testcase name="Unnamed test case 732" classname="spec_perl_TestExprCalcArrayOps_t" time="0.000116825103759766">
      <skipped message="ok 7 # skip test_expr_calc_array_ops died" />
    </testcase>
    <testcase name="Unnamed test case 733" classname="spec_perl_TestExprCalcArrayOps_t" time="0.000126123428344727">
      <skipped message="ok 8 # skip test_expr_calc_array_ops died" />
    </testcase>
    <testcase name="Unnamed test case 734" classname="spec_perl_TestExprCalcArrayOps_t" time="0.000133037567138672">
      <skipped message="ok 9 # skip test_expr_calc_array_ops died" />
    </testcase>
    <testcase name="Unnamed test case 735" classname="spec_perl_TestExprCalcArrayOps_t" time="0.000129938125610352">
      <skipped message="ok 10 # skip test_expr_calc_array_ops died" />
    </testcase>
    <testcase name="Unnamed test case 736" classname="spec_perl_TestExprCalcArrayOps_t" time="0.000123023986816406">
      <skipped message="ok 11 # skip test_expr_calc_array_ops died" />
    </testcase>
    <testcase name="Unnamed test case 737" classname="spec_perl_TestExprCalcArrayOps_t" time="0.000137090682983398">
      <skipped message="ok 12 # skip test_expr_calc_array_ops died" />
    </testcase>
    <testcase name="Unnamed test case 738" classname="spec_perl_TestExprCalcArrayOps_t" time="0.000166893005371094">
      <skipped message="ok 13 # skip test_expr_calc_array_ops died" />
    </testcase>
    <testcase name="Unnamed test case 739" classname="spec_perl_TestExprCalcArrayOps_t" time="0.000438928604125977">
      <skipped message="ok 14 # skip test_expr_calc_array_ops died" />
    </testcase>
    <testcase name="Unnamed test case 740" classname="spec_perl_TestExprCalcArrayOps_t" time="0.00249600410461426">
      <skipped message="ok 15 # skip test_expr_calc_array_ops died" />
    </testcase>
    <testcase name="Unnamed test case 741" classname="spec_perl_TestExprCalcArrayOps_t" time="0.000120162963867188">
      <skipped message="ok 16 # skip test_expr_calc_array_ops died" />
    </testcase>
    <testcase name="Unnamed test case 742" classname="spec_perl_TestExprCalcArrayOps_t" time="0.000157833099365234">
      <skipped message="ok 17 # skip test_expr_calc_array_ops died" />
    </testcase>
    <testcase name="Unnamed test case 743" classname="spec_perl_TestExprCalcArrayOps_t" time="0.000128030776977539">
      <skipped message="ok 18 # skip test_expr_calc_array_ops died" />
    </testcase>
  </testsuite>
  <testsuite name="spec_perl_TestParamsCallExtraParens_t" errors="0" failures="1" skipped="0" tests="1" time="0.0501148700714111">
    <system-out>1..1
not ok 1 - Equals
</system-out>
    <testcase name="Equals (743)" classname="spec_perl_TestParamsCallExtraParens_t" time="0.00217795372009277">
      <failure message="not ok 1 - Equals" type="TAP::Parser::Result::Test"></failure>
    </testcase>
  </testsuite>
  <testsuite name="spec_perl_TestMultipleUse_t" errors="0" failures="0" skipped="0" tests="2" time="0.0429601669311523">
    <system-out>1..2
ok 1 - Equals
ok 2 - Equals
</system-out>
    <testcase name="Equals (744)" classname="spec_perl_TestMultipleUse_t" time="0.000247955322265625" />
    <testcase name="Equals (745)" classname="spec_perl_TestMultipleUse_t" time="0.000102043151855469" />
  </testsuite>
  <testsuite name="spec_perl_TestProcessCustomNoArgs_t" errors="1" failures="0" skipped="0" tests="0" time="0.0452568531036377">
    <system-out></system-out>
    <testcase name="Test died too soon, even before plan. (745)" classname="spec_perl_TestProcessCustomNoArgs_t" time="0.0452568531036377">
      <failure message="The test suite died before a plan was produced. You need to have a plan." type="Plan">No plan</failure>
    </testcase>
  </testsuite>
  <testsuite name="spec_perl_TestExprArray_t" errors="0" failures="1" skipped="0" tests="15" time="0.0506811141967773">
    <system-out>1..15
ok 1 - Equals
ok 2 - Equals
ok 3 - Equals
ok 4 - Equals
ok 5 - Equals
ok 6 - Equals
ok 7 - Equals
ok 8 - Equals
not ok 9 - Equals
ok 10 - Equals
ok 11 - Equals
ok 12 - Equals
ok 13 - Equals
ok 14 - Equals
ok 15 - Equals
</system-out>
    <testcase name="Equals (746)" classname="spec_perl_TestExprArray_t" time="0.000380039215087891" />
    <testcase name="Equals (747)" classname="spec_perl_TestExprArray_t" time="0.000102996826171875" />
    <testcase name="Equals (748)" classname="spec_perl_TestExprArray_t" time="6.07967376708984e-05" />
    <testcase name="Equals (749)" classname="spec_perl_TestExprArray_t" time="0.000138998031616211" />
    <testcase name="Equals (750)" classname="spec_perl_TestExprArray_t" time="0.000143051147460938" />
    <testcase name="Equals (751)" classname="spec_perl_TestExprArray_t" time="0.00014495849609375" />
    <testcase name="Equals (752)" classname="spec_perl_TestExprArray_t" time="0.000159978866577148" />
    <testcase name="Equals (753)" classname="spec_perl_TestExprArray_t" time="0.000132083892822266" />
    <testcase name="Equals (754)" classname="spec_perl_TestExprArray_t" time="0.000225067138671875">
      <failure message="not ok 9 - Equals" type="TAP::Parser::Result::Test"></failure>
    </testcase>
    <testcase name="Equals (755)" classname="spec_perl_TestExprArray_t" time="0.00436305999755859" />
    <testcase name="Equals (756)" classname="spec_perl_TestExprArray_t" time="5.79357147216797e-05" />
    <testcase name="Equals (757)" classname="spec_perl_TestExprArray_t" time="2.69412994384766e-05" />
    <testcase name="Equals (758)" classname="spec_perl_TestExprArray_t" time="2.40802764892578e-05" />
    <testcase name="Equals (759)" classname="spec_perl_TestExprArray_t" time="2.288818359375e-05" />
    <testcase name="Equals (760)" classname="spec_perl_TestExprArray_t" time="2.40802764892578e-05" />
  </testsuite>
  <testsuite name="spec_perl_TestParamsPassArrayInt_t" errors="0" failures="1" skipped="6" tests="7" time="0.0472970008850098">
    <system-out>1..7
not ok 1 - test_params_pass_array_int died (Can't use an undefined value as an ARRAY reference at spec/perl/TestParamsPassArrayInt.t line 15.)
ok 2 # skip test_params_pass_array_int died
ok 3 # skip test_params_pass_array_int died
ok 4 # skip test_params_pass_array_int died
ok 5 # skip test_params_pass_array_int died
ok 6 # skip test_params_pass_array_int died
ok 7 # skip test_params_pass_array_int died
</system-out>
    <testcase name="test_params_pass_array_int died (Can't use an undefined value as an ARRAY reference at spec/perl/TestParamsPassArrayInt.t line 15.) (760)" classname="spec_perl_TestParamsPassArrayInt_t" time="0.000293970108032227">
      <failure message="not ok 1 - test_params_pass_array_int died (Can't use an undefined value as an ARRAY reference at spec/perl/TestParamsPassArrayInt.t line 15.)" type="TAP::Parser::Result::Test"></failure>
    </testcase>
    <testcase name="Unnamed test case 760" classname="spec_perl_TestParamsPassArrayInt_t" time="0.00258708000183105">
      <skipped message="ok 2 # skip test_params_pass_array_int died" />
    </testcase>
    <testcase name="Unnamed test case 761" classname="spec_perl_TestParamsPassArrayInt_t" time="0.000111103057861328">
      <skipped message="ok 3 # skip test_params_pass_array_int died" />
    </testcase>
    <testcase name="Unnamed test case 762" classname="spec_perl_TestParamsPassArrayInt_t" time="0.000158786773681641">
      <skipped message="ok 4 # skip test_params_pass_array_int died" />
    </testcase>
    <testcase name="Unnamed test case 763" classname="spec_perl_TestParamsPassArrayInt_t" time="0.000126123428344727">
      <skipped message="ok 5 # skip test_params_pass_array_int died" />
    </testcase>
    <testcase name="Unnamed test case 764" classname="spec_perl_TestParamsPassArrayInt_t" time="0.000132083892822266">
      <skipped message="ok 6 # skip test_params_pass_array_int died" />
    </testcase>
    <testcase name="Unnamed test case 765" classname="spec_perl_TestParamsPassArrayInt_t" time="0.000114917755126953">
      <skipped message="ok 7 # skip test_params_pass_array_int died" />
    </testcase>
  </testsuite>
  <testsuite name="spec_perl_TestSwitchManualStrElse_t" errors="0" failures="0" skipped="0" tests="9" time="0.0467720031738281">
    <system-out>1..9
ok 1 - Equals
ok 2 - Equals
ok 3 - Equals
ok 4 - Equals
ok 5 - Equals
ok 6 - Equals
ok 7 - Equals
ok 8 - Equals
ok 9 - Equals
</system-out>
    <testcase name="Equals (765)" classname="spec_perl_TestSwitchManualStrElse_t" time="0.000313997268676758" />
    <testcase name="Equals (766)" classname="spec_perl_TestSwitchManualStrElse_t" time="9.79900360107422e-05" />
    <testcase name="Equals (767)" classname="spec_perl_TestSwitchManualStrElse_t" time="0.00015711784362793" />
    <testcase name="Equals (768)" classname="spec_perl_TestSwitchManualStrElse_t" time="0.000114917755126953" />
    <testcase name="Equals (769)" classname="spec_perl_TestSwitchManualStrElse_t" time="0.000146150588989258" />
    <testcase name="Equals (770)" classname="spec_perl_TestSwitchManualStrElse_t" time="0.000119924545288086" />
    <testcase name="Equals (771)" classname="spec_perl_TestSwitchManualStrElse_t" time="0.000143051147460938" />
    <testcase name="Equals (772)" classname="spec_perl_TestSwitchManualStrElse_t" time="0.000118017196655273" />
    <testcase name="Equals (773)" classname="spec_perl_TestSwitchManualStrElse_t" time="0.000146865844726562" />
  </testsuite>
  <testsuite name="spec_perl_TestSwitchManualEnum_t" errors="0" failures="0" skipped="0" tests="9" time="0.0461051464080811">
    <system-out>1..9
ok 1 - Equals
ok 2 - Equals
ok 3 - Equals
ok 4 - Equals
ok 5 - Equals
ok 6 - Equals
ok 7 - Equals
ok 8 - Equals
ok 9 - Equals
</system-out>
    <testcase name="Equals (774)" classname="spec_perl_TestSwitchManualEnum_t" time="0.000293970108032227" />
    <testcase name="Equals (775)" classname="spec_perl_TestSwitchManualEnum_t" time="9.20295715332031e-05" />
    <testcase name="Equals (776)" classname="spec_perl_TestSwitchManualEnum_t" time="0.000131845474243164" />
    <testcase name="Equals (777)" classname="spec_perl_TestSwitchManualEnum_t" time="0.000210046768188477" />
    <testcase name="Equals (778)" classname="spec_perl_TestSwitchManualEnum_t" time="0.000106096267700195" />
    <testcase name="Equals (779)" classname="spec_perl_TestSwitchManualEnum_t" time="0.000139951705932617" />
    <testcase name="Equals (780)" classname="spec_perl_TestSwitchManualEnum_t" time="0.000124931335449219" />
    <testcase name="Equals (781)" classname="spec_perl_TestSwitchManualEnum_t" time="0.000119924545288086" />
    <testcase name="Equals (782)" classname="spec_perl_TestSwitchManualEnum_t" time="0.000166177749633789" />
  </testsuite>
  <testsuite name="spec_perl_TestRepeatNStrzDouble_t" errors="0" failures="0" skipped="0" tests="3" time="0.0451250076293945">
    <system-out>1..3
ok 1 - Equals
ok 2 - Equals
ok 3 - Equals
</system-out>
    <testcase name="Equals (783)" classname="spec_perl_TestRepeatNStrzDouble_t" time="0.000269889831542969" />
    <testcase name="Equals (784)" classname="spec_perl_TestRepeatNStrzDouble_t" time="8.91685485839844e-05" />
    <testcase name="Equals (785)" classname="spec_perl_TestRepeatNStrzDouble_t" time="0.000131845474243164" />
  </testsuite>
</testsuites>
