<?xml version='1.0' encoding='utf-8'?>
<testsuites>
  <testsuite name="spec_perl_TestExprIntDiv_t" errors="0" failures="2" skipped="0" tests="6" time="0.0841379165649414">
    <system-out>1..6
ok 1 - Equals
ok 2 - Equals
ok 3 - Equals
not ok 4 - Equals
ok 5 - Equals
not ok 6 - Equals
</system-out>
    <testcase name="Equals" classname="spec_perl_TestExprIntDiv_t" time="0.000257968902587891" />
    <testcase name="Equals (2)" classname="spec_perl_TestExprIntDiv_t" time="0.000120162963867188" />
    <testcase name="Equals (3)" classname="spec_perl_TestExprIntDiv_t" time="9.39369201660156e-05" />
    <testcase name="Equals (4)" classname="spec_perl_TestExprIntDiv_t" time="0.000232934951782227">
      <failure message="not ok 4 - Equals" type="TAP::Parser::Result::Test"></failure>
    </testcase>
    <testcase name="Equals (5)" classname="spec_perl_TestExprIntDiv_t" time="0.00161600112915039" />
    <testcase name="Equals (6)" classname="spec_perl_TestExprIntDiv_t" time="0.00192713737487793">
      <failure message="not ok 6 - Equals" type="TAP::Parser::Result::Test"></failure>
    </testcase>
  </testsuite>
  <testsuite name="spec_perl_TestParamsPassArrayInt_t" errors="0" failures="1" skipped="6" tests="7" time="0.086090087890625">
    <system-out>1..7
not ok 1 - test_params_pass_array_int died (Can't use an undefined value as an ARRAY reference at spec/perl/TestParamsPassArrayInt.t line 14.)
ok 2 # skip test_params_pass_array_int died
ok 3 # skip test_params_pass_array_int died
ok 4 # skip test_params_pass_array_int died
ok 5 # skip test_params_pass_array_int died
ok 6 # skip test_params_pass_array_int died
ok 7 # skip test_params_pass_array_int died
</system-out>
    <testcase name="test_params_pass_array_int died (Can't use an undefined value as an ARRAY reference at spec/perl/TestParamsPassArrayInt.t line 14.) (6)" classname="spec_perl_TestParamsPassArrayInt_t" time="0.000257968902587891">
      <failure message="not ok 1 - test_params_pass_array_int died (Can't use an undefined value as an ARRAY reference at spec/perl/TestParamsPassArrayInt.t line 14.)" type="TAP::Parser::Result::Test"></failure>
    </testcase>
    <testcase name="Unnamed test case 6" classname="spec_perl_TestParamsPassArrayInt_t" time="0.000946044921875">
      <skipped message="ok 2 # skip test_params_pass_array_int died" />
    </testcase>
    <testcase name="Unnamed test case 7" classname="spec_perl_TestParamsPassArrayInt_t" time="0.000348091125488281">
      <skipped message="ok 3 # skip test_params_pass_array_int died" />
    </testcase>
    <testcase name="Unnamed test case 8" classname="spec_perl_TestParamsPassArrayInt_t" time="0.000247955322265625">
      <skipped message="ok 4 # skip test_params_pass_array_int died" />
    </testcase>
    <testcase name="Unnamed test case 9" classname="spec_perl_TestParamsPassArrayInt_t" time="0.000236988067626953">
      <skipped message="ok 5 # skip test_params_pass_array_int died" />
    </testcase>
    <testcase name="Unnamed test case 10" classname="spec_perl_TestParamsPassArrayInt_t" time="0.000396013259887695">
      <skipped message="ok 6 # skip test_params_pass_array_int died" />
    </testcase>
    <testcase name="Unnamed test case 11" classname="spec_perl_TestParamsPassArrayInt_t" time="0.000123023986816406">
      <skipped message="ok 7 # skip test_params_pass_array_int died" />
    </testcase>
  </testsuite>
  <testsuite name="spec_perl_TestIndexToParamExpr_t" errors="0" failures="2" skipped="0" tests="7" time="0.088223934173584">
    <system-out>1..7
ok 1 - Equals
ok 2 - Equals
ok 3 - Equals
ok 4 - Equals
ok 5 - Equals
not ok 6 - Equals
not ok 7 - Equals
</system-out>
    <testcase name="Equals (11)" classname="spec_perl_TestIndexToParamExpr_t" time="0.000916957855224609" />
    <testcase name="Equals (12)" classname="spec_perl_TestIndexToParamExpr_t" time="0.0022890567779541" />
    <testcase name="Equals (13)" classname="spec_perl_TestIndexToParamExpr_t" time="6.29425048828125e-05" />
    <testcase name="Equals (14)" classname="spec_perl_TestIndexToParamExpr_t" time="3.814697265625e-05" />
    <testcase name="Equals (15)" classname="spec_perl_TestIndexToParamExpr_t" time="3.19480895996094e-05" />
    <testcase name="Equals (16)" classname="spec_perl_TestIndexToParamExpr_t" time="4.29153442382812e-05">
      <failure message="not ok 6 - Equals" type="TAP::Parser::Result::Test"></failure>
    </testcase>
    <testcase name="Equals (17)" classname="spec_perl_TestIndexToParamExpr_t" time="3.91006469726562e-05">
      <failure message="not ok 7 - Equals" type="TAP::Parser::Result::Test"></failure>
    </testcase>
  </testsuite>
  <testsuite name="spec_perl_TestEnumNegative_t" errors="0" failures="0" skipped="0" tests="2" time="0.0784170627593994">
    <system-out>1..2
ok 1 - Equals
ok 2 - Equals
</system-out>
    <testcase name="Equals (18)" classname="spec_perl_TestEnumNegative_t" time="0.000223875045776367" />
    <testcase name="Equals (19)" classname="spec_perl_TestEnumNegative_t" time="8.51154327392578e-05" />
  </testsuite>
  <testsuite name="spec_perl_TestImportsAbsAbs_t" errors="0" failures="0" skipped="0" tests="3" time="0.0787580013275146">
    <system-out>1..3
ok 1 - Equals
ok 2 - Equals
ok 3 - Equals
</system-out>
    <testcase name="Equals (20)" classname="spec_perl_TestImportsAbsAbs_t" time="0.000251054763793945" />
    <testcase name="Equals (21)" classname="spec_perl_TestImportsAbsAbs_t" time="0.000106096267700195" />
    <testcase name="Equals (22)" classname="spec_perl_TestImportsAbsAbs_t" time="8.67843627929688e-05" />
  </testsuite>
  <testsuite name="spec_perl_TestZlibWithHeader78_t" errors="0" failures="0" skipped="0" tests="1" time="0.127126932144165">
    <system-out>1..1
ok 1 - Equals
</system-out>
    <testcase name="Equals (23)" classname="spec_perl_TestZlibWithHeader78_t" time="0.000766992568969727" />
  </testsuite>
  <testsuite name="spec_perl_TestIfValues_t" errors="0" failures="0" skipped="0" tests="6" time="0.0787467956542969">
    <system-out>1..6
ok 1 - Equals
ok 2 - Equals
ok 3 - Equals
ok 4 - nil
ok 5 - Equals
ok 6 - nil
</system-out>
    <testcase name="Equals (24)" classname="spec_perl_TestIfValues_t" time="0.000261068344116211" />
    <testcase name="Equals (25)" classname="spec_perl_TestIfValues_t" time="0.000179052352905273" />
    <testcase name="Equals (26)" classname="spec_perl_TestIfValues_t" time="8.392333984375e-05" />
    <testcase name="nil (26)" classname="spec_perl_TestIfValues_t" time="8.60691070556641e-05" />
    <testcase name="Equals (27)" classname="spec_perl_TestIfValues_t" time="6.103515625e-05" />
    <testcase name="nil (27)" classname="spec_perl_TestIfValues_t" time="5.69820404052734e-05" />
  </testsuite>
  <testsuite name="spec_perl_TestProcessRotate_t" errors="0" failures="0" skipped="0" tests="3" time="0.0799140930175781">
    <system-out>1..3
ok 1 - Equals
ok 2 - Equals
ok 3 - Equals
</system-out>
    <testcase name="Equals (28)" classname="spec_perl_TestProcessRotate_t" time="0.000296115875244141" />
    <testcase name="Equals (29)" classname="spec_perl_TestProcessRotate_t" time="0.00010991096496582" />
    <testcase name="Equals (30)" classname="spec_perl_TestProcessRotate_t" time="0.00020289421081543" />
  </testsuite>
  <testsuite name="spec_perl_TestDebugSwitchUser_t" errors="1" failures="0" skipped="0" tests="0" time="0.0755801200866699">
    <system-out></system-out>
    <testcase name="Test died too soon, even before plan. (30)" classname="spec_perl_TestDebugSwitchUser_t" time="0.0755801200866699">
      <failure message="The test suite died before a plan was produced. You need to have a plan." type="Plan">No plan</failure>
    </testcase>
  </testsuite>
  <testsuite name="spec_perl_TestProcessCustomNoArgs_t" errors="1" failures="0" skipped="0" tests="0" time="0.0770740509033203">
    <system-out></system-out>
    <testcase name="Test died too soon, even before plan. (31)" classname="spec_perl_TestProcessCustomNoArgs_t" time="0.0770740509033203">
      <failure message="The test suite died before a plan was produced. You need to have a plan." type="Plan">No plan</failure>
    </testcase>
  </testsuite>
  <testsuite name="spec_perl_TestSwitchManualEnum_t" errors="0" failures="0" skipped="0" tests="9" time="0.0869081020355225">
    <system-out>1..9
ok 1 - Equals
ok 2 - Equals
ok 3 - Equals
ok 4 - Equals
ok 5 - Equals
ok 6 - Equals
ok 7 - Equals
ok 8 - Equals
ok 9 - Equals
</system-out>
    <testcase name="Equals (31)" classname="spec_perl_TestSwitchManualEnum_t" time="0.000334978103637695" />
    <testcase name="Equals (32)" classname="spec_perl_TestSwitchManualEnum_t" time="9.70363616943359e-05" />
    <testcase name="Equals (33)" classname="spec_perl_TestSwitchManualEnum_t" time="0.000142097473144531" />
    <testcase name="Equals (34)" classname="spec_perl_TestSwitchManualEnum_t" time="0.000140905380249023" />
    <testcase name="Equals (35)" classname="spec_perl_TestSwitchManualEnum_t" time="0.000142097473144531" />
    <testcase name="Equals (36)" classname="spec_perl_TestSwitchManualEnum_t" time="0.000135898590087891" />
    <testcase name="Equals (37)" classname="spec_perl_TestSwitchManualEnum_t" time="0.000137090682983398" />
    <testcase name="Equals (38)" classname="spec_perl_TestSwitchManualEnum_t" time="0.000194072723388672" />
    <testcase name="Equals (39)" classname="spec_perl_TestSwitchManualEnum_t" time="0.000131845474243164" />
  </testsuite>
  <testsuite name="spec_perl_TestStrEncodingsDefault_t" errors="0" failures="0" skipped="0" tests="4" time="0.0921280384063721">
    <system-out>1..4
ok 1 - Equals
ok 2 - Equals
ok 3 - Equals
ok 4 - Equals
</system-out>
    <testcase name="Equals (40)" classname="spec_perl_TestStrEncodingsDefault_t" time="0.00533103942871094" />
    <testcase name="Equals (41)" classname="spec_perl_TestStrEncodingsDefault_t" time="0.000113964080810547" />
    <testcase name="Equals (42)" classname="spec_perl_TestStrEncodingsDefault_t" time="3.91006469726562e-05" />
    <testcase name="Equals (43)" classname="spec_perl_TestStrEncodingsDefault_t" time="0.00011897087097168" />
  </testsuite>
  <testsuite name="spec_perl_TestExprIoPos_t" errors="0" failures="0" skipped="0" tests="6" time="0.0885999202728271">
    <system-out>1..6
ok 1 - Equals
ok 2 - Equals
ok 3 - Equals
ok 4 - Equals
ok 5 - Equals
ok 6 - Equals
</system-out>
    <testcase name="Equals (44)" classname="spec_perl_TestExprIoPos_t" time="0.000847101211547852" />
    <testcase name="Equals (45)" classname="spec_perl_TestExprIoPos_t" time="0.000116109848022461" />
    <testcase name="Equals (46)" classname="spec_perl_TestExprIoPos_t" time="8.29696655273438e-05" />
    <testcase name="Equals (47)" classname="spec_perl_TestExprIoPos_t" time="0.000147819519042969" />
    <testcase name="Equals (48)" classname="spec_perl_TestExprIoPos_t" time="0.000130176544189453" />
    <testcase name="Equals (49)" classname="spec_perl_TestExprIoPos_t" time="0.000149965286254883" />
  </testsuite>
  <testsuite name="spec_perl_TestExprEnum_t" errors="0" failures="0" skipped="0" tests="3" time="0.0841720104217529">
    <system-out>1..3
ok 1 - Equals
ok 2 - Equals
ok 3 - Equals
</system-out>
    <testcase name="Equals (50)" classname="spec_perl_TestExprEnum_t" time="0.000247955322265625" />
    <testcase name="Equals (51)" classname="spec_perl_TestExprEnum_t" time="0.000106096267700195" />
    <testcase name="Equals (52)" classname="spec_perl_TestExprEnum_t" time="8.60691070556641e-05" />
  </testsuite>
  <testsuite name="spec_perl_TestEnumDeepLiterals_t" errors="0" failures="0" skipped="0" tests="2" time="0.0822129249572754">
    <system-out>1..2
ok 1 - Equals
ok 2 - Equals
</system-out>
    <testcase name="Equals (53)" classname="spec_perl_TestEnumDeepLiterals_t" time="0.000264167785644531" />
    <testcase name="Equals (54)" classname="spec_perl_TestEnumDeepLiterals_t" time="7.89165496826172e-05" />
  </testsuite>
  <testsuite name="spec_perl_TestProcessXorValue_t" errors="0" failures="0" skipped="0" tests="2" time="0.0906410217285156">
    <system-out>1..2
ok 1 - Equals
ok 2 - Equals
</system-out>
    <testcase name="Equals (55)" classname="spec_perl_TestProcessXorValue_t" time="0.000576972961425781" />
    <testcase name="Equals (56)" classname="spec_perl_TestProcessXorValue_t" time="0.000142097473144531" />
  </testsuite>
  <testsuite name="spec_perl_TestBitsUnalignedB32Be_t" errors="0" failures="0" skipped="0" tests="3" time="0.0779209136962891">
    <system-out>1..3
ok 1 - Equals
ok 2 - Equals
ok 3 - Equals
</system-out>
    <testcase name="Equals (57)" classname="spec_perl_TestBitsUnalignedB32Be_t" time="0.000280141830444336" />
    <testcase name="Equals (58)" classname="spec_perl_TestBitsUnalignedB32Be_t" time="0.000129938125610352" />
    <testcase name="Equals (59)" classname="spec_perl_TestBitsUnalignedB32Be_t" time="0.000162124633789062" />
  </testsuite>
  <testsuite name="spec_perl_TestExprBytesCmp_t" errors="0" failures="0" skipped="0" tests="10" time="0.0932438373565674">
    <system-out>1..10
ok 1 - Equals
ok 2 - Equals
ok 3 - Equals
ok 4 - Equals
ok 5 - Equals
ok 6 - Equals
ok 7 - Equals
ok 8 - Equals
ok 9 - Equals
ok 10 - Equals
</system-out>
    <testcase name="Equals (60)" classname="spec_perl_TestExprBytesCmp_t" time="0.000237941741943359" />
    <testcase name="Equals (61)" classname="spec_perl_TestExprBytesCmp_t" time="7.51018524169922e-05" />
    <testcase name="Equals (62)" classname="spec_perl_TestExprBytesCmp_t" time="8.392333984375e-05" />
    <testcase name="Equals (63)" classname="spec_perl_TestExprBytesCmp_t" time="6.00814819335938e-05" />
    <testcase name="Equals (64)" classname="spec_perl_TestExprBytesCmp_t" time="7.39097595214844e-05" />
    <testcase name="Equals (65)" classname="spec_perl_TestExprBytesCmp_t" time="0.000115156173706055" />
    <testcase name="Equals (66)" classname="spec_perl_TestExprBytesCmp_t" time="9.29832458496094e-05" />
    <testcase name="Equals (67)" classname="spec_perl_TestExprBytesCmp_t" time="0.000128030776977539" />
    <testcase name="Equals (68)" classname="spec_perl_TestExprBytesCmp_t" time="0.000108957290649414" />
    <testcase name="Equals (69)" classname="spec_perl_TestExprBytesCmp_t" time="0.000114917755126953" />
  </testsuite>
  <testsuite name="spec_perl_TestPositionToEnd_t" errors="0" failures="0" skipped="0" tests="2" time="0.0914809703826904">
    <system-out>1..2
ok 1 - Equals
ok 2 - Equals
</system-out>
    <testcase name="Equals (70)" classname="spec_perl_TestPositionToEnd_t" time="0.000514984130859375" />
    <testcase name="Equals (71)" classname="spec_perl_TestPositionToEnd_t" time="0.000146865844726562" />
  </testsuite>
  <testsuite name="spec_perl_TestSwitchManualIntElse_t" errors="0" failures="0" skipped="0" tests="9" time="0.0873439311981201">
    <system-out>1..9
ok 1 - Equals
ok 2 - Equals
ok 3 - Equals
ok 4 - Equals
ok 5 - Equals
ok 6 - Equals
ok 7 - Equals
ok 8 - Equals
ok 9 - Equals
</system-out>
    <testcase name="Equals (72)" classname="spec_perl_TestSwitchManualIntElse_t" time="0.000327110290527344" />
    <testcase name="Equals (73)" classname="spec_perl_TestSwitchManualIntElse_t" time="8.70227813720703e-05" />
    <testcase name="Equals (74)" classname="spec_perl_TestSwitchManualIntElse_t" time="0.000160932540893555" />
    <testcase name="Equals (75)" classname="spec_perl_TestSwitchManualIntElse_t" time="0.000273942947387695" />
    <testcase name="Equals (76)" classname="spec_perl_TestSwitchManualIntElse_t" time="0.000151157379150391" />
    <testcase name="Equals (77)" classname="spec_perl_TestSwitchManualIntElse_t" time="0.000140905380249023" />
    <testcase name="Equals (78)" classname="spec_perl_TestSwitchManualIntElse_t" time="0.000134944915771484" />
    <testcase name="Equals (79)" classname="spec_perl_TestSwitchManualIntElse_t" time="0.000132083892822266" />
    <testcase name="Equals (80)" classname="spec_perl_TestSwitchManualIntElse_t" time="0.000133037567138672" />
  </testsuite>
  <testsuite name="spec_perl_TestProcessCoerceUsertype2_t" errors="0" failures="0" skipped="0" tests="4" time="0.078639030456543">
    <system-out>1..4
ok 1 - Equals
ok 2 - Equals
ok 3 - Equals
ok 4 - Equals
</system-out>
    <testcase name="Equals (81)" classname="spec_perl_TestProcessCoerceUsertype2_t" time="0.000697135925292969" />
    <testcase name="Equals (82)" classname="spec_perl_TestProcessCoerceUsertype2_t" time="0.000127077102661133" />
    <testcase name="Equals (83)" classname="spec_perl_TestProcessCoerceUsertype2_t" time="6.38961791992188e-05" />
    <testcase name="Equals (84)" classname="spec_perl_TestProcessCoerceUsertype2_t" time="9.39369201660156e-05" />
  </testsuite>
  <testsuite name="spec_perl_TestEnumLongRangeS_t" errors="0" failures="0" skipped="0" tests="7" time="0.078977108001709">
    <system-out>1..7
ok 1 - Equals
ok 2 - Equals
ok 3 - Equals
ok 4 - Equals
ok 5 - Equals
ok 6 - Equals
ok 7 - Equals
</system-out>
    <testcase name="Equals (85)" classname="spec_perl_TestEnumLongRangeS_t" time="0.000268936157226562" />
    <testcase name="Equals (86)" classname="spec_perl_TestEnumLongRangeS_t" time="9.70363616943359e-05" />
    <testcase name="Equals (87)" classname="spec_perl_TestEnumLongRangeS_t" time="0.000347137451171875" />
    <testcase name="Equals (88)" classname="spec_perl_TestEnumLongRangeS_t" time="9.89437103271484e-05" />
    <testcase name="Equals (89)" classname="spec_perl_TestEnumLongRangeS_t" time="9.48905944824219e-05" />
    <testcase name="Equals (90)" classname="spec_perl_TestEnumLongRangeS_t" time="6.103515625e-05" />
    <testcase name="Equals (91)" classname="spec_perl_TestEnumLongRangeS_t" time="7.70092010498047e-05" />
  </testsuite>
  <testsuite name="spec_perl_TestTermStrz_t" errors="0" failures="0" skipped="0" tests="3" time="0.0862290859222412">
    <system-out>1..3
ok 1 - Equals
ok 2 - Equals
ok 3 - Equals
</system-out>
    <testcase name="Equals (92)" classname="spec_perl_TestTermStrz_t" time="0.00026392936706543" />
    <testcase name="Equals (93)" classname="spec_perl_TestTermStrz_t" time="0.000103950500488281" />
    <testcase name="Equals (94)" classname="spec_perl_TestTermStrz_t" time="8.20159912109375e-05" />
  </testsuite>
  <testsuite name="spec_perl_TestEnumIf_t" errors="0" failures="0" skipped="0" tests="7" time="0.0900321006774902">
    <system-out>1..7
ok 1 - Equals
ok 2 - Equals
ok 3 - Equals
ok 4 - Equals
ok 5 - Equals
ok 6 - Equals
ok 7 - Equals
</system-out>
    <testcase name="Equals (95)" classname="spec_perl_TestEnumIf_t" time="0.000358104705810547" />
    <testcase name="Equals (96)" classname="spec_perl_TestEnumIf_t" time="0.000104904174804688" />
    <testcase name="Equals (97)" classname="spec_perl_TestEnumIf_t" time="8.392333984375e-05" />
    <testcase name="Equals (98)" classname="spec_perl_TestEnumIf_t" time="0.000143051147460938" />
    <testcase name="Equals (99)" classname="spec_perl_TestEnumIf_t" time="0.000138044357299805" />
    <testcase name="Equals (100)" classname="spec_perl_TestEnumIf_t" time="0.000119924545288086" />
    <testcase name="Equals (101)" classname="spec_perl_TestEnumIf_t" time="0.000133037567138672" />
  </testsuite>
  <testsuite name="spec_perl_TestMetaXref_t" errors="0" failures="0" skipped="1" tests="1" time="0.0784831047058105">
    <system-out>1..1
ok 1 # skip MetaXref=HASH(0x556cad97d1b8)
</system-out>
    <testcase name="Unnamed test case 101" classname="spec_perl_TestMetaXref_t" time="0.00164484977722168">
      <skipped message="ok 1 # skip MetaXref=HASH(0x556cad97d1b8)" />
    </testcase>
  </testsuite>
  <testsuite name="spec_perl_TestStrEos_t" errors="0" failures="0" skipped="0" tests="1" time="0.0839369297027588">
    <system-out>1..1
ok 1 - Equals
</system-out>
    <testcase name="Equals (102)" classname="spec_perl_TestStrEos_t" time="0.000405073165893555" />
  </testsuite>
  <testsuite name="spec_perl_TestBitsUnalignedB64Be_t" errors="0" failures="0" skipped="0" tests="3" time="0.0775971412658691">
    <system-out>1..3
ok 1 - Equals
ok 2 - Equals
ok 3 - Equals
</system-out>
    <testcase name="Equals (103)" classname="spec_perl_TestBitsUnalignedB64Be_t" time="0.000139951705932617" />
    <testcase name="Equals (104)" classname="spec_perl_TestBitsUnalignedB64Be_t" time="0.000252008438110352" />
    <testcase name="Equals (105)" classname="spec_perl_TestBitsUnalignedB64Be_t" time="4.1961669921875e-05" />
  </testsuite>
  <testsuite name="spec_perl_TestTypeIntUnaryOp_t" errors="0" failures="0" skipped="0" tests="4" time="0.0794270038604736">
    <system-out>1..4
ok 1 - Equals
ok 2 - Equals
ok 3 - Equals
ok 4 - Equals
</system-out>
    <testcase name="Equals (106)" classname="spec_perl_TestTypeIntUnaryOp_t" time="0.000239849090576172" />
    <testcase name="Equals (107)" classname="spec_perl_TestTypeIntUnaryOp_t" time="8.70227813720703e-05" />
    <testcase name="Equals (108)" classname="spec_perl_TestTypeIntUnaryOp_t" time="7.20024108886719e-05" />
    <testcase name="Equals (109)" classname="spec_perl_TestTypeIntUnaryOp_t" time="0.000144004821777344" />
  </testsuite>
  <testsuite name="spec_perl_TestBitsSignedResB32Le_t" errors="0" failures="0" skipped="0" tests="1" time="0.0909678936004639">
    <system-out>1..1
ok 1 - Equals
</system-out>
    <testcase name="Equals (110)" classname="spec_perl_TestBitsSignedResB32Le_t" time="0.000618934631347656" />
  </testsuite>
  <testsuite name="spec_perl_TestEofExceptionBytes_t" errors="0" failures="0" skipped="0" tests="1" time="0.0802228450775146">
    <system-out>1..1
ok 1 - threw /^Requested \d+ bytes, but only \d+ bytes available/
</system-out>
    <testcase name="threw /^Requested \d+ bytes, but only \d+ bytes available/ (110)" classname="spec_perl_TestEofExceptionBytes_t" time="0.000259876251220703" />
  </testsuite>
  <testsuite name="spec_perl_TestProcessXor4Const_t" errors="0" failures="0" skipped="0" tests="2" time="0.0795419216156006">
    <system-out>1..2
ok 1 - Equals
ok 2 - Equals
</system-out>
    <testcase name="Equals (111)" classname="spec_perl_TestProcessXor4Const_t" time="0.000270843505859375" />
    <testcase name="Equals (112)" classname="spec_perl_TestProcessXor4Const_t" time="0.000110149383544922" />
  </testsuite>
  <testsuite name="spec_perl_TestInstanceIoUser_t" errors="0" failures="0" skipped="0" tests="4" time="0.08548903465271">
    <system-out>1..4
ok 1 - Equals
ok 2 - Equals
ok 3 - Equals
ok 4 - Equals
</system-out>
    <testcase name="Equals (113)" classname="spec_perl_TestInstanceIoUser_t" time="0.000819921493530273" />
    <testcase name="Equals (114)" classname="spec_perl_TestInstanceIoUser_t" time="0.000165939331054688" />
    <testcase name="Equals (115)" classname="spec_perl_TestInstanceIoUser_t" time="0.000213146209716797" />
    <testcase name="Equals (116)" classname="spec_perl_TestInstanceIoUser_t" time="0.000168800354003906" />
  </testsuite>
  <testsuite name="spec_perl_TestIntegersMinMax_t" errors="0" failures="0" skipped="0" tests="28" time="0.0820879936218262">
    <system-out>1..28
ok 1 - Equals
ok 2 - Equals
ok 3 - Equals
ok 4 - Equals
ok 5 - Equals
ok 6 - Equals
ok 7 - Equals
ok 8 - Equals
ok 9 - Equals
ok 10 - Equals
ok 11 - Equals
ok 12 - Equals
ok 13 - Equals
ok 14 - Equals
ok 15 - Equals
ok 16 - Equals
ok 17 - Equals
ok 18 - Equals
ok 19 - Equals
ok 20 - Equals
ok 21 - Equals
ok 22 - Equals
ok 23 - Equals
ok 24 - Equals
ok 25 - Equals
ok 26 - Equals
ok 27 - Equals
ok 28 - Equals
</system-out>
    <testcase name="Equals (117)" classname="spec_perl_TestIntegersMinMax_t" time="0.000271081924438477" />
    <testcase name="Equals (118)" classname="spec_perl_TestIntegersMinMax_t" time="0.000104904174804688" />
    <testcase name="Equals (119)" classname="spec_perl_TestIntegersMinMax_t" time="6.81877136230469e-05" />
    <testcase name="Equals (120)" classname="spec_perl_TestIntegersMinMax_t" time="0.000102996826171875" />
    <testcase name="Equals (121)" classname="spec_perl_TestIntegersMinMax_t" time="0.000131845474243164" />
    <testcase name="Equals (122)" classname="spec_perl_TestIntegersMinMax_t" time="0.000130176544189453" />
    <testcase name="Equals (123)" classname="spec_perl_TestIntegersMinMax_t" time="0.000128984451293945" />
    <testcase name="Equals (124)" classname="spec_perl_TestIntegersMinMax_t" time="0.000128984451293945" />
    <testcase name="Equals (125)" classname="spec_perl_TestIntegersMinMax_t" time="0.000128984451293945" />
    <testcase name="Equals (126)" classname="spec_perl_TestIntegersMinMax_t" time="0.000190973281860352" />
    <testcase name="Equals (127)" classname="spec_perl_TestIntegersMinMax_t" time="0.000117063522338867" />
    <testcase name="Equals (128)" classname="spec_perl_TestIntegersMinMax_t" time="0.000136852264404297" />
    <testcase name="Equals (129)" classname="spec_perl_TestIntegersMinMax_t" time="0.000214099884033203" />
    <testcase name="Equals (130)" classname="spec_perl_TestIntegersMinMax_t" time="6.29425048828125e-05" />
    <testcase name="Equals (131)" classname="spec_perl_TestIntegersMinMax_t" time="0.000112056732177734" />
    <testcase name="Equals (132)" classname="spec_perl_TestIntegersMinMax_t" time="0.000130891799926758" />
    <testcase name="Equals (133)" classname="spec_perl_TestIntegersMinMax_t" time="0.000135183334350586" />
    <testcase name="Equals (134)" classname="spec_perl_TestIntegersMinMax_t" time="0.000119924545288086" />
    <testcase name="Equals (135)" classname="spec_perl_TestIntegersMinMax_t" time="0.000125885009765625" />
    <testcase name="Equals (136)" classname="spec_perl_TestIntegersMinMax_t" time="0.000130176544189453" />
    <testcase name="Equals (137)" classname="spec_perl_TestIntegersMinMax_t" time="0.000125885009765625" />
    <testcase name="Equals (138)" classname="spec_perl_TestIntegersMinMax_t" time="0.000133991241455078" />
    <testcase name="Equals (139)" classname="spec_perl_TestIntegersMinMax_t" time="0.000128030776977539" />
    <testcase name="Equals (140)" classname="spec_perl_TestIntegersMinMax_t" time="0.000130891799926758" />
    <testcase name="Equals (141)" classname="spec_perl_TestIntegersMinMax_t" time="0.000119209289550781" />
    <testcase name="Equals (142)" classname="spec_perl_TestIntegersMinMax_t" time="0.000124931335449219" />
    <testcase name="Equals (143)" classname="spec_perl_TestIntegersMinMax_t" time="0.000123023986816406" />
    <testcase name="Equals (144)" classname="spec_perl_TestIntegersMinMax_t" time="0.000129938125610352" />
  </testsuite>
  <testsuite name="spec_perl_TestDebugEnumName_t" errors="1" failures="0" skipped="0" tests="0" time="0.0752170085906982">
    <system-out></system-out>
    <testcase name="Test died too soon, even before plan. (144)" classname="spec_perl_TestDebugEnumName_t" time="0.0752170085906982">
      <failure message="The test suite died before a plan was produced. You need to have a plan." type="Plan">No plan</failure>
    </testcase>
  </testsuite>
  <testsuite name="spec_perl_TestExprMod_t" errors="0" failures="0" skipped="0" tests="6" time="0.0790469646453857">
    <system-out>1..6
ok 1 - Equals
ok 2 - Equals
ok 3 - Equals
ok 4 - Equals
ok 5 - Equals
ok 6 - Equals
</system-out>
    <testcase name="Equals (145)" classname="spec_perl_TestExprMod_t" time="0.000265836715698242" />
    <testcase name="Equals (146)" classname="spec_perl_TestExprMod_t" time="0.000102996826171875" />
    <testcase name="Equals (147)" classname="spec_perl_TestExprMod_t" time="6.19888305664062e-05" />
    <testcase name="Equals (148)" classname="spec_perl_TestExprMod_t" time="7.79628753662109e-05" />
    <testcase name="Equals (149)" classname="spec_perl_TestExprMod_t" time="7.51018524169922e-05" />
    <testcase name="Equals (150)" classname="spec_perl_TestExprMod_t" time="0.000152111053466797" />
  </testsuite>
  <testsuite name="spec_perl_TestCombineBool_t" errors="0" failures="0" skipped="0" tests="2" time="0.0782032012939453">
    <system-out>1..2
ok 1 - Equals
ok 2 - Equals
</system-out>
    <testcase name="Equals (151)" classname="spec_perl_TestCombineBool_t" time="0.000190973281860352" />
    <testcase name="Equals (152)" classname="spec_perl_TestCombineBool_t" time="5.60283660888672e-05" />
  </testsuite>
  <testsuite name="spec_perl_TestOptionalId_t" errors="0" failures="0" skipped="0" tests="3" time="0.0826218128204346">
    <system-out>1..3
ok 1 - Equals
ok 2 - Equals
ok 3 - Equals
</system-out>
    <testcase name="Equals (153)" classname="spec_perl_TestOptionalId_t" time="0.0011599063873291" />
    <testcase name="Equals (154)" classname="spec_perl_TestOptionalId_t" time="0.000349044799804688" />
    <testcase name="Equals (155)" classname="spec_perl_TestOptionalId_t" time="0.000269889831542969" />
  </testsuite>
  <testsuite name="spec_perl_TestExprArray_t" errors="0" failures="0" skipped="0" tests="15" time="0.0867469310760498">
    <system-out>1..15
ok 1 - Equals
ok 2 - Equals
ok 3 - Equals
ok 4 - Equals
ok 5 - Equals
ok 6 - Equals
ok 7 - Approx equals
ok 8 - Approx equals
ok 9 - Approx equals
ok 10 - Approx equals
ok 11 - Equals
ok 12 - Equals
ok 13 - Equals
ok 14 - Equals
ok 15 - Equals
</system-out>
    <testcase name="Equals (156)" classname="spec_perl_TestExprArray_t" time="0.000463008880615234" />
    <testcase name="Equals (157)" classname="spec_perl_TestExprArray_t" time="9.918212890625e-05" />
    <testcase name="Equals (158)" classname="spec_perl_TestExprArray_t" time="0.000138044357299805" />
    <testcase name="Equals (159)" classname="spec_perl_TestExprArray_t" time="0.000145912170410156" />
    <testcase name="Equals (160)" classname="spec_perl_TestExprArray_t" time="0.000145912170410156" />
    <testcase name="Equals (161)" classname="spec_perl_TestExprArray_t" time="0.000134944915771484" />
    <testcase name="Approx equals (161)" classname="spec_perl_TestExprArray_t" time="7.31945037841797e-05" />
    <testcase name="Approx equals (162)" classname="spec_perl_TestExprArray_t" time="5.38825988769531e-05" />
    <testcase name="Approx equals (163)" classname="spec_perl_TestExprArray_t" time="8.20159912109375e-05" />
    <testcase name="Approx equals (164)" classname="spec_perl_TestExprArray_t" time="4.41074371337891e-05" />
    <testcase name="Equals (164)" classname="spec_perl_TestExprArray_t" time="0.000130891799926758" />
    <testcase name="Equals (165)" classname="spec_perl_TestExprArray_t" time="0.000152111053466797" />
    <testcase name="Equals (166)" classname="spec_perl_TestExprArray_t" time="0.000134944915771484" />
    <testcase name="Equals (167)" classname="spec_perl_TestExprArray_t" time="0.000140905380249023" />
    <testcase name="Equals (168)" classname="spec_perl_TestExprArray_t" time="0.000152111053466797" />
  </testsuite>
  <testsuite name="spec_perl_TestImportsCircularA_t" errors="0" failures="0" skipped="0" tests="5" time="0.0782010555267334">
    <system-out>1..5
ok 1 - Equals
ok 2 - Equals
ok 3 - Equals
ok 4 - Equals
ok 5 - nil
</system-out>
    <testcase name="Equals (169)" classname="spec_perl_TestImportsCircularA_t" time="0.000262022018432617" />
    <testcase name="Equals (170)" classname="spec_perl_TestImportsCircularA_t" time="9.98973846435547e-05" />
    <testcase name="Equals (171)" classname="spec_perl_TestImportsCircularA_t" time="7.70092010498047e-05" />
    <testcase name="Equals (172)" classname="spec_perl_TestImportsCircularA_t" time="0.000161170959472656" />
    <testcase name="nil (172)" classname="spec_perl_TestImportsCircularA_t" time="7.98702239990234e-05" />
  </testsuite>
  <testsuite name="spec_perl_TestEnumToI_t" errors="0" failures="0" skipped="0" tests="7" time="0.0790541172027588">
    <system-out>1..7
ok 1 - Equals
ok 2 - Equals
ok 3 - Equals
ok 4 - Equals
ok 5 - Equals
ok 6 - Equals
ok 7 - Equals
</system-out>
    <testcase name="Equals (173)" classname="spec_perl_TestEnumToI_t" time="0.000322818756103516" />
    <testcase name="Equals (174)" classname="spec_perl_TestEnumToI_t" time="0.000121116638183594" />
    <testcase name="Equals (175)" classname="spec_perl_TestEnumToI_t" time="0.000138044357299805" />
    <testcase name="Equals (176)" classname="spec_perl_TestEnumToI_t" time="0.000145912170410156" />
    <testcase name="Equals (177)" classname="spec_perl_TestEnumToI_t" time="0.000145912170410156" />
    <testcase name="Equals (178)" classname="spec_perl_TestEnumToI_t" time="0.000117063522338867" />
    <testcase name="Equals (179)" classname="spec_perl_TestEnumToI_t" time="0.000124931335449219" />
  </testsuite>
  <testsuite name="spec_perl_TestProcessCoerceSwitch_t" errors="0" failures="0" skipped="0" tests="3" time="0.0786809921264648">
    <system-out>1..3
ok 1 - Equals
ok 2 - Equals
ok 3 - Equals
</system-out>
    <testcase name="Equals (180)" classname="spec_perl_TestProcessCoerceSwitch_t" time="0.00059199333190918" />
    <testcase name="Equals (181)" classname="spec_perl_TestProcessCoerceSwitch_t" time="8.70227813720703e-05" />
    <testcase name="Equals (182)" classname="spec_perl_TestProcessCoerceSwitch_t" time="0.000162124633789062" />
  </testsuite>
  <testsuite name="spec_perl_TestBitsSignedShiftB32Le_t" errors="0" failures="0" skipped="0" tests="2" time="0.0783979892730713">
    <system-out>1..2
ok 1 - Equals
ok 2 - Equals
</system-out>
    <testcase name="Equals (183)" classname="spec_perl_TestBitsSignedShiftB32Le_t" time="0.000332117080688477" />
    <testcase name="Equals (184)" classname="spec_perl_TestBitsSignedShiftB32Le_t" time="6.79492950439453e-05" />
  </testsuite>
  <testsuite name="spec_perl_TestTermBytes_t" errors="0" failures="0" skipped="0" tests="3" time="0.0814139842987061">
    <system-out>1..3
ok 1 - Equals
ok 2 - Equals
ok 3 - Equals
</system-out>
    <testcase name="Equals (185)" classname="spec_perl_TestTermBytes_t" time="0.000279903411865234" />
    <testcase name="Equals (186)" classname="spec_perl_TestTermBytes_t" time="0.000109195709228516" />
    <testcase name="Equals (187)" classname="spec_perl_TestTermBytes_t" time="6.69956207275391e-05" />
  </testsuite>
  <testsuite name="spec_perl_TestTypeTernaryOpaque_t" errors="0" failures="0" skipped="0" tests="3" time="0.120768070220947">
    <system-out>1..3
ok 1 - Equals
ok 2 - Equals
ok 3 - Equals
</system-out>
    <testcase name="Equals (188)" classname="spec_perl_TestTypeTernaryOpaque_t" time="0.00225591659545898" />
    <testcase name="Equals (189)" classname="spec_perl_TestTypeTernaryOpaque_t" time="0.00018000602722168" />
    <testcase name="Equals (190)" classname="spec_perl_TestTypeTernaryOpaque_t" time="6.50882720947266e-05" />
  </testsuite>
  <testsuite name="spec_perl_TestRecursiveOne_t" errors="0" failures="0" skipped="0" tests="4" time="0.0916578769683838">
    <system-out>1..4
ok 1 - Equals
ok 2 - Equals
ok 3 - Equals
ok 4 - Equals
</system-out>
    <testcase name="Equals (191)" classname="spec_perl_TestRecursiveOne_t" time="0.000232934951782227" />
    <testcase name="Equals (192)" classname="spec_perl_TestRecursiveOne_t" time="8.20159912109375e-05" />
    <testcase name="Equals (193)" classname="spec_perl_TestRecursiveOne_t" time="8.79764556884766e-05" />
    <testcase name="Equals (194)" classname="spec_perl_TestRecursiveOne_t" time="7.89165496826172e-05" />
  </testsuite>
  <testsuite name="spec_perl_TestDefaultEndianExprIsBe_t" errors="0" failures="0" skipped="0" tests="18" time="0.08302903175354">
    <system-out>1..18
ok 1 - Equals
ok 2 - Equals
ok 3 - Equals
ok 4 - Equals
ok 5 - Equals
ok 6 - Equals
ok 7 - Equals
ok 8 - Equals
ok 9 - Equals
ok 10 - Equals
ok 11 - Equals
ok 12 - Equals
ok 13 - Equals
ok 14 - Equals
ok 15 - Equals
ok 16 - Equals
ok 17 - Equals
ok 18 - Equals
</system-out>
    <testcase name="Equals (195)" classname="spec_perl_TestDefaultEndianExprIsBe_t" time="0.000235795974731445" />
    <testcase name="Equals (196)" classname="spec_perl_TestDefaultEndianExprIsBe_t" time="9.20295715332031e-05" />
    <testcase name="Equals (197)" classname="spec_perl_TestDefaultEndianExprIsBe_t" time="0.000180959701538086" />
    <testcase name="Equals (198)" classname="spec_perl_TestDefaultEndianExprIsBe_t" time="0.000131130218505859" />
    <testcase name="Equals (199)" classname="spec_perl_TestDefaultEndianExprIsBe_t" time="0.000146865844726562" />
    <testcase name="Equals (200)" classname="spec_perl_TestDefaultEndianExprIsBe_t" time="0.000170230865478516" />
    <testcase name="Equals (201)" classname="spec_perl_TestDefaultEndianExprIsBe_t" time="0.000146865844726562" />
    <testcase name="Equals (202)" classname="spec_perl_TestDefaultEndianExprIsBe_t" time="0.000184059143066406" />
    <testcase name="Equals (203)" classname="spec_perl_TestDefaultEndianExprIsBe_t" time="0.000128030776977539" />
    <testcase name="Equals (204)" classname="spec_perl_TestDefaultEndianExprIsBe_t" time="0.000134944915771484" />
    <testcase name="Equals (205)" classname="spec_perl_TestDefaultEndianExprIsBe_t" time="0.000169038772583008" />
    <testcase name="Equals (206)" classname="spec_perl_TestDefaultEndianExprIsBe_t" time="0.000155925750732422" />
    <testcase name="Equals (207)" classname="spec_perl_TestDefaultEndianExprIsBe_t" time="0.000273942947387695" />
    <testcase name="Equals (208)" classname="spec_perl_TestDefaultEndianExprIsBe_t" time="0.000154018402099609" />
    <testcase name="Equals (209)" classname="spec_perl_TestDefaultEndianExprIsBe_t" time="0.000134944915771484" />
    <testcase name="Equals (210)" classname="spec_perl_TestDefaultEndianExprIsBe_t" time="0.000136137008666992" />
    <testcase name="Equals (211)" classname="spec_perl_TestDefaultEndianExprIsBe_t" time="0.000151872634887695" />
    <testcase name="Equals (212)" classname="spec_perl_TestDefaultEndianExprIsBe_t" time="0.000169992446899414" />
  </testsuite>
  <testsuite name="spec_perl_TestParamsPassStruct_t" errors="0" failures="1" skipped="1" tests="4" time="0.0814650058746338">
    <system-out>1..4
ok 1 - Equals
ok 2 - Equals
not ok 3 - test_params_pass_struct died (Can't call method &quot;foo&quot; on an undefined value at spec/perl/TestParamsPassStruct.t line 16.)
ok 4 # skip test_params_pass_struct died
</system-out>
    <testcase name="Equals (213)" classname="spec_perl_TestParamsPassStruct_t" time="0.000300168991088867" />
    <testcase name="Equals (214)" classname="spec_perl_TestParamsPassStruct_t" time="8.392333984375e-05" />
    <testcase name="test_params_pass_struct died (Can't call method &quot;foo&quot; on an undefined value at spec/perl/TestParamsPassStruct.t line 16.) (214)" classname="spec_perl_TestParamsPassStruct_t" time="0.000345945358276367">
      <failure message="not ok 3 - test_params_pass_struct died (Can't call method &quot;foo&quot; on an undefined value at spec/perl/TestParamsPassStruct.t line 16.)" type="TAP::Parser::Result::Test"></failure>
    </testcase>
    <testcase name="Unnamed test case 214" classname="spec_perl_TestParamsPassStruct_t" time="0.00113010406494141">
      <skipped message="ok 4 # skip test_params_pass_struct died" />
    </testcase>
  </testsuite>
  <testsuite name="spec_perl_TestBitsSignedResB32Be_t" errors="0" failures="0" skipped="0" tests="1" time="0.0768451690673828">
    <system-out>1..1
ok 1 - Equals
</system-out>
    <testcase name="Equals (215)" classname="spec_perl_TestBitsSignedResB32Be_t" time="0.000335931777954102" />
  </testsuite>
  <testsuite name="spec_perl_TestProcessXorConst_t" errors="0" failures="0" skipped="0" tests="2" time="0.0831968784332275">
    <system-out>1..2
ok 1 - Equals
ok 2 - Equals
</system-out>
    <testcase name="Equals (216)" classname="spec_perl_TestProcessXorConst_t" time="0.000268936157226562" />
    <testcase name="Equals (217)" classname="spec_perl_TestProcessXorConst_t" time="0.000105857849121094" />
  </testsuite>
  <testsuite name="spec_perl_TestEofExceptionU4_t" errors="0" failures="0" skipped="0" tests="1" time="0.0899209976196289">
    <system-out>1..1
ok 1 - threw /^Requested \d+ bytes, but only \d+ bytes available/
</system-out>
    <testcase name="threw /^Requested \d+ bytes, but only \d+ bytes available/ (217)" classname="spec_perl_TestEofExceptionU4_t" time="0.000439167022705078" />
  </testsuite>
  <testsuite name="spec_perl_TestRepeatUntilComplex_t" errors="0" failures="0" skipped="0" tests="15" time="0.0811450481414795">
    <system-out>1..15
ok 1 - Equals
ok 2 - Equals
ok 3 - Equals
ok 4 - Equals
ok 5 - Equals
ok 6 - Equals
ok 7 - Equals
ok 8 - Equals
ok 9 - Equals
ok 10 - Equals
ok 11 - Equals
ok 12 - Equals
ok 13 - Equals
ok 14 - Equals
ok 15 - Equals
</system-out>
    <testcase name="Equals (218)" classname="spec_perl_TestRepeatUntilComplex_t" time="0.000246047973632812" />
    <testcase name="Equals (219)" classname="spec_perl_TestRepeatUntilComplex_t" time="0.000103950500488281" />
    <testcase name="Equals (220)" classname="spec_perl_TestRepeatUntilComplex_t" time="8.10623168945312e-05" />
    <testcase name="Equals (221)" classname="spec_perl_TestRepeatUntilComplex_t" time="0.000166893005371094" />
    <testcase name="Equals (222)" classname="spec_perl_TestRepeatUntilComplex_t" time="7.51018524169922e-05" />
    <testcase name="Equals (223)" classname="spec_perl_TestRepeatUntilComplex_t" time="0.0001678466796875" />
    <testcase name="Equals (224)" classname="spec_perl_TestRepeatUntilComplex_t" time="0.000133991241455078" />
    <testcase name="Equals (225)" classname="spec_perl_TestRepeatUntilComplex_t" time="0.000135183334350586" />
    <testcase name="Equals (226)" classname="spec_perl_TestRepeatUntilComplex_t" time="0.000128030776977539" />
    <testcase name="Equals (227)" classname="spec_perl_TestRepeatUntilComplex_t" time="0.000124931335449219" />
    <testcase name="Equals (228)" classname="spec_perl_TestRepeatUntilComplex_t" time="0.000113010406494141" />
    <testcase name="Equals (229)" classname="spec_perl_TestRepeatUntilComplex_t" time="0.000127077102661133" />
    <testcase name="Equals (230)" classname="spec_perl_TestRepeatUntilComplex_t" time="0.000122785568237305" />
    <testcase name="Equals (231)" classname="spec_perl_TestRepeatUntilComplex_t" time="0.000191211700439453" />
    <testcase name="Equals (232)" classname="spec_perl_TestRepeatUntilComplex_t" time="0.000117778778076172" />
  </testsuite>
  <testsuite name="spec_perl_TestExpr3_t" errors="0" failures="0" skipped="0" tests="12" time="0.0854561328887939">
    <system-out>1..12
ok 1 - Equals
ok 2 - Equals
ok 3 - Equals
ok 4 - Equals
ok 5 - Equals
ok 6 - Equals
ok 7 - Equals
ok 8 - Equals
ok 9 - Equals
ok 10 - Equals
ok 11 - Equals
ok 12 - Equals
</system-out>
    <testcase name="Equals (233)" classname="spec_perl_TestExpr3_t" time="0.000281095504760742" />
    <testcase name="Equals (234)" classname="spec_perl_TestExpr3_t" time="0.000105857849121094" />
    <testcase name="Equals (235)" classname="spec_perl_TestExpr3_t" time="6.60419464111328e-05" />
    <testcase name="Equals (236)" classname="spec_perl_TestExpr3_t" time="8.20159912109375e-05" />
    <testcase name="Equals (237)" classname="spec_perl_TestExpr3_t" time="8.0108642578125e-05" />
    <testcase name="Equals (238)" classname="spec_perl_TestExpr3_t" time="0.00017094612121582" />
    <testcase name="Equals (239)" classname="spec_perl_TestExpr3_t" time="0.000103950500488281" />
    <testcase name="Equals (240)" classname="spec_perl_TestExpr3_t" time="0.000133991241455078" />
    <testcase name="Equals (241)" classname="spec_perl_TestExpr3_t" time="9.60826873779297e-05" />
    <testcase name="Equals (242)" classname="spec_perl_TestExpr3_t" time="0.000145912170410156" />
    <testcase name="Equals (243)" classname="spec_perl_TestExpr3_t" time="0.000180959701538086" />
    <testcase name="Equals (244)" classname="spec_perl_TestExpr3_t" time="0.000127077102661133" />
  </testsuite>
  <testsuite name="spec_perl_TestFixedStruct_t" errors="0" failures="0" skipped="0" tests="20" time="0.0843408107757568">
    <system-out>1..20
ok 1 - Equals
ok 2 - Equals
ok 3 - Equals
ok 4 - Equals
ok 5 - Equals
ok 6 - Equals
ok 7 - Equals
ok 8 - Equals
ok 9 - Equals
ok 10 - Equals
ok 11 - Equals
ok 12 - Equals
ok 13 - Equals
ok 14 - Equals
ok 15 - Equals
ok 16 - Equals
ok 17 - Equals
ok 18 - Equals
ok 19 - Equals
ok 20 - Equals
</system-out>
    <testcase name="Equals (245)" classname="spec_perl_TestFixedStruct_t" time="0.000276088714599609" />
    <testcase name="Equals (246)" classname="spec_perl_TestFixedStruct_t" time="0.000116109848022461" />
    <testcase name="Equals (247)" classname="spec_perl_TestFixedStruct_t" time="8.98838043212891e-05" />
    <testcase name="Equals (248)" classname="spec_perl_TestFixedStruct_t" time="0.000144004821777344" />
    <testcase name="Equals (249)" classname="spec_perl_TestFixedStruct_t" time="0.000135898590087891" />
    <testcase name="Equals (250)" classname="spec_perl_TestFixedStruct_t" time="0.00012516975402832" />
    <testcase name="Equals (251)" classname="spec_perl_TestFixedStruct_t" time="0.000157833099365234" />
    <testcase name="Equals (252)" classname="spec_perl_TestFixedStruct_t" time="0.00015711784362793" />
    <testcase name="Equals (253)" classname="spec_perl_TestFixedStruct_t" time="0.00014495849609375" />
    <testcase name="Equals (254)" classname="spec_perl_TestFixedStruct_t" time="0.000133991241455078" />
    <testcase name="Equals (255)" classname="spec_perl_TestFixedStruct_t" time="0.000146150588989258" />
    <testcase name="Equals (256)" classname="spec_perl_TestFixedStruct_t" time="0.000120878219604492" />
    <testcase name="Equals (257)" classname="spec_perl_TestFixedStruct_t" time="0.000106096267700195" />
    <testcase name="Equals (258)" classname="spec_perl_TestFixedStruct_t" time="0.000236988067626953" />
    <testcase name="Equals (259)" classname="spec_perl_TestFixedStruct_t" time="0.000207901000976562" />
    <testcase name="Equals (260)" classname="spec_perl_TestFixedStruct_t" time="0.000138998031616211" />
    <testcase name="Equals (261)" classname="spec_perl_TestFixedStruct_t" time="0.000132083892822266" />
    <testcase name="Equals (262)" classname="spec_perl_TestFixedStruct_t" time="0.00014495849609375" />
    <testcase name="Equals (263)" classname="spec_perl_TestFixedStruct_t" time="0.000129938125610352" />
    <testcase name="Equals (264)" classname="spec_perl_TestFixedStruct_t" time="0.000134944915771484" />
  </testsuite>
  <testsuite name="spec_perl_TestImportsAbsRel_t" errors="0" failures="0" skipped="0" tests="3" time="0.0784690380096436">
    <system-out>1..3
ok 1 - Equals
ok 2 - Equals
ok 3 - Equals
</system-out>
    <testcase name="Equals (265)" classname="spec_perl_TestImportsAbsRel_t" time="0.000283956527709961" />
    <testcase name="Equals (266)" classname="spec_perl_TestImportsAbsRel_t" time="0.00010991096496582" />
    <testcase name="Equals (267)" classname="spec_perl_TestImportsAbsRel_t" time="6.69956207275391e-05" />
  </testsuite>
  <testsuite name="spec_perl_TestParamsPassArrayStruct_t" errors="0" failures="1" skipped="2" tests="3" time="0.0980269908905029">
    <system-out>1..3
not ok 1 - test_params_pass_array_struct died (Can't use an undefined value as an ARRAY reference at spec/perl/TestParamsPassArrayStruct.t line 14.)
ok 2 # skip test_params_pass_array_struct died
ok 3 # skip test_params_pass_array_struct died
</system-out>
    <testcase name="test_params_pass_array_struct died (Can't use an undefined value as an ARRAY reference at spec/perl/TestParamsPassArrayStruct.t line 14.) (267)" classname="spec_perl_TestParamsPassArrayStruct_t" time="0.000277996063232422">
      <failure message="not ok 1 - test_params_pass_array_struct died (Can't use an undefined value as an ARRAY reference at spec/perl/TestParamsPassArrayStruct.t line 14.)" type="TAP::Parser::Result::Test"></failure>
    </testcase>
    <testcase name="Unnamed test case 267" classname="spec_perl_TestParamsPassArrayStruct_t" time="0.00233006477355957">
      <skipped message="ok 2 # skip test_params_pass_array_struct died" />
    </testcase>
    <testcase name="Unnamed test case 268" classname="spec_perl_TestParamsPassArrayStruct_t" time="0.000108003616333008">
      <skipped message="ok 3 # skip test_params_pass_array_struct died" />
    </testcase>
  </testsuite>
  <testsuite name="spec_perl_TestSwitchManualIntSize_t" errors="0" failures="0" skipped="0" tests="10" time="0.0880410671234131">
    <system-out>1..10
ok 1 - Equals
ok 2 - Equals
ok 3 - Equals
ok 4 - Equals
ok 5 - Equals
ok 6 - Equals
ok 7 - Equals
ok 8 - Equals
ok 9 - Equals
ok 10 - Equals
</system-out>
    <testcase name="Equals (268)" classname="spec_perl_TestSwitchManualIntSize_t" time="0.000893831253051758" />
    <testcase name="Equals (269)" classname="spec_perl_TestSwitchManualIntSize_t" time="8.51154327392578e-05" />
    <testcase name="Equals (270)" classname="spec_perl_TestSwitchManualIntSize_t" time="0.000149011611938477" />
    <testcase name="Equals (271)" classname="spec_perl_TestSwitchManualIntSize_t" time="0.000142097473144531" />
    <testcase name="Equals (272)" classname="spec_perl_TestSwitchManualIntSize_t" time="0.000139951705932617" />
    <testcase name="Equals (273)" classname="spec_perl_TestSwitchManualIntSize_t" time="0.000177860260009766" />
    <testcase name="Equals (274)" classname="spec_perl_TestSwitchManualIntSize_t" time="0.000169992446899414" />
    <testcase name="Equals (275)" classname="spec_perl_TestSwitchManualIntSize_t" time="0.000172138214111328" />
    <testcase name="Equals (276)" classname="spec_perl_TestSwitchManualIntSize_t" time="0.000126838684082031" />
    <testcase name="Equals (277)" classname="spec_perl_TestSwitchManualIntSize_t" time="0.000136137008666992" />
  </testsuite>
  <testsuite name="spec_perl_TestProcessRepeatUsertype_t" errors="0" failures="0" skipped="0" tests="4" time="0.0810098648071289">
    <system-out>1..4
ok 1 - Equals
ok 2 - Equals
ok 3 - Equals
ok 4 - Equals
</system-out>
    <testcase name="Equals (278)" classname="spec_perl_TestProcessRepeatUsertype_t" time="0.00072789192199707" />
    <testcase name="Equals (279)" classname="spec_perl_TestProcessRepeatUsertype_t" time="0.000116109848022461" />
    <testcase name="Equals (280)" classname="spec_perl_TestProcessRepeatUsertype_t" time="8.10623168945312e-05" />
    <testcase name="Equals (281)" classname="spec_perl_TestProcessRepeatUsertype_t" time="0.000144004821777344" />
  </testsuite>
  <testsuite name="spec_perl_TestIfStruct_t" errors="0" failures="0" skipped="0" tests="7" time="0.0977349281311035">
    <system-out>1..7
ok 1 - Equals
ok 2 - Equals
ok 3 - Equals
ok 4 - Equals
ok 5 - Equals
ok 6 - Equals
ok 7 - Equals
</system-out>
    <testcase name="Equals (282)" classname="spec_perl_TestIfStruct_t" time="0.000355958938598633" />
    <testcase name="Equals (283)" classname="spec_perl_TestIfStruct_t" time="8.10623168945312e-05" />
    <testcase name="Equals (284)" classname="spec_perl_TestIfStruct_t" time="0.00013279914855957" />
    <testcase name="Equals (285)" classname="spec_perl_TestIfStruct_t" time="0.000129222869873047" />
    <testcase name="Equals (286)" classname="spec_perl_TestIfStruct_t" time="0.000129938125610352" />
    <testcase name="Equals (287)" classname="spec_perl_TestIfStruct_t" time="0.000126838684082031" />
    <testcase name="Equals (288)" classname="spec_perl_TestIfStruct_t" time="0.000137090682983398" />
  </testsuite>
  <testsuite name="spec_perl_TestIndexToParamUntil_t" errors="0" failures="2" skipped="0" tests="7" time="0.106475830078125">
    <system-out>1..7
ok 1 - Equals
ok 2 - Equals
ok 3 - Equals
ok 4 - Equals
ok 5 - Equals
not ok 6 - Equals
not ok 7 - Equals
</system-out>
    <testcase name="Equals (289)" classname="spec_perl_TestIndexToParamUntil_t" time="0.00535798072814941" />
    <testcase name="Equals (290)" classname="spec_perl_TestIndexToParamUntil_t" time="0.000174999237060547" />
    <testcase name="Equals (291)" classname="spec_perl_TestIndexToParamUntil_t" time="6.103515625e-05" />
    <testcase name="Equals (292)" classname="spec_perl_TestIndexToParamUntil_t" time="6.103515625e-05" />
    <testcase name="Equals (293)" classname="spec_perl_TestIndexToParamUntil_t" time="5.91278076171875e-05" />
    <testcase name="Equals (294)" classname="spec_perl_TestIndexToParamUntil_t" time="9.67979431152344e-05">
      <failure message="not ok 6 - Equals" type="TAP::Parser::Result::Test"></failure>
    </testcase>
    <testcase name="Equals (295)" classname="spec_perl_TestIndexToParamUntil_t" time="6.81877136230469e-05">
      <failure message="not ok 7 - Equals" type="TAP::Parser::Result::Test"></failure>
    </testcase>
  </testsuite>
  <testsuite name="spec_perl_TestSwitchMultiBoolOps_t" errors="0" failures="0" skipped="0" tests="9" time="0.0928819179534912">
    <system-out>1..9
ok 1 - Equals
ok 2 - Equals
ok 3 - Equals
ok 4 - Equals
ok 5 - Equals
ok 6 - Equals
ok 7 - Equals
ok 8 - Equals
ok 9 - Equals
</system-out>
    <testcase name="Equals (296)" classname="spec_perl_TestSwitchMultiBoolOps_t" time="0.000654220581054688" />
    <testcase name="Equals (297)" classname="spec_perl_TestSwitchMultiBoolOps_t" time="0.000162839889526367" />
    <testcase name="Equals (298)" classname="spec_perl_TestSwitchMultiBoolOps_t" time="0.000101089477539062" />
    <testcase name="Equals (299)" classname="spec_perl_TestSwitchMultiBoolOps_t" time="8.392333984375e-05" />
    <testcase name="Equals (300)" classname="spec_perl_TestSwitchMultiBoolOps_t" time="7.60555267333984e-05" />
    <testcase name="Equals (301)" classname="spec_perl_TestSwitchMultiBoolOps_t" time="0.000164031982421875" />
    <testcase name="Equals (302)" classname="spec_perl_TestSwitchMultiBoolOps_t" time="0.000139951705932617" />
    <testcase name="Equals (303)" classname="spec_perl_TestSwitchMultiBoolOps_t" time="0.000154972076416016" />
    <testcase name="Equals (304)" classname="spec_perl_TestSwitchMultiBoolOps_t" time="0.000145912170410156" />
  </testsuite>
  <testsuite name="spec_perl_TestExprSizeofValueSized_t" errors="0" failures="0" skipped="0" tests="5" time="0.0788509845733643">
    <system-out>1..5
ok 1 - Equals
ok 2 - Equals
ok 3 - Equals
ok 4 - Equals
ok 5 - Equals
</system-out>
    <testcase name="Equals (305)" classname="spec_perl_TestExprSizeofValueSized_t" time="0.000525951385498047" />
    <testcase name="Equals (306)" classname="spec_perl_TestExprSizeofValueSized_t" time="0.00010991096496582" />
    <testcase name="Equals (307)" classname="spec_perl_TestExprSizeofValueSized_t" time="8.20159912109375e-05" />
    <testcase name="Equals (308)" classname="spec_perl_TestExprSizeofValueSized_t" time="0.000154018402099609" />
    <testcase name="Equals (309)" classname="spec_perl_TestExprSizeofValueSized_t" time="0.000137090682983398" />
  </testsuite>
  <testsuite name="spec_perl_TestBitsSimpleLe_t" errors="0" failures="0" skipped="0" tests="14" time="0.0793240070343018">
    <system-out>1..14
ok 1 - Equals
ok 2 - Equals
ok 3 - Equals
ok 4 - Equals
ok 5 - Equals
ok 6 - Equals
ok 7 - Equals
ok 8 - Equals
ok 9 - Equals
ok 10 - Equals
ok 11 - Equals
ok 12 - Equals
ok 13 - Equals
ok 14 - Equals
</system-out>
    <testcase name="Equals (310)" classname="spec_perl_TestBitsSimpleLe_t" time="0.000319957733154297" />
    <testcase name="Equals (311)" classname="spec_perl_TestBitsSimpleLe_t" time="0.000105142593383789" />
    <testcase name="Equals (312)" classname="spec_perl_TestBitsSimpleLe_t" time="0.000125885009765625" />
    <testcase name="Equals (313)" classname="spec_perl_TestBitsSimpleLe_t" time="0.000138044357299805" />
    <testcase name="Equals (314)" classname="spec_perl_TestBitsSimpleLe_t" time="0.000137090682983398" />
    <testcase name="Equals (315)" classname="spec_perl_TestBitsSimpleLe_t" time="0.000133037567138672" />
    <testcase name="Equals (316)" classname="spec_perl_TestBitsSimpleLe_t" time="0.000147819519042969" />
    <testcase name="Equals (317)" classname="spec_perl_TestBitsSimpleLe_t" time="0.000120162963867188" />
    <testcase name="Equals (318)" classname="spec_perl_TestBitsSimpleLe_t" time="0.000128984451293945" />
    <testcase name="Equals (319)" classname="spec_perl_TestBitsSimpleLe_t" time="0.000126838684082031" />
    <testcase name="Equals (320)" classname="spec_perl_TestBitsSimpleLe_t" time="0.000151157379150391" />
    <testcase name="Equals (321)" classname="spec_perl_TestBitsSimpleLe_t" time="0.000115871429443359" />
    <testcase name="Equals (322)" classname="spec_perl_TestBitsSimpleLe_t" time="0.000130176544189453" />
    <testcase name="Equals (323)" classname="spec_perl_TestBitsSimpleLe_t" time="0.000128984451293945" />
  </testsuite>
  <testsuite name="spec_perl_TestIntegers_t" errors="0" failures="0" skipped="0" tests="20" time="0.0811531543731689">
    <system-out>1..20
ok 1 - Equals
ok 2 - Equals
ok 3 - Equals
ok 4 - Equals
ok 5 - Equals
ok 6 - Equals
ok 7 - Equals
ok 8 - Equals
ok 9 - Equals
ok 10 - Equals
ok 11 - Equals
ok 12 - Equals
ok 13 - Equals
ok 14 - Equals
ok 15 - Equals
ok 16 - Equals
ok 17 - Equals
ok 18 - Equals
ok 19 - Equals
ok 20 - Equals
</system-out>
    <testcase name="Equals (324)" classname="spec_perl_TestIntegers_t" time="0.000255107879638672" />
    <testcase name="Equals (325)" classname="spec_perl_TestIntegers_t" time="9.89437103271484e-05" />
    <testcase name="Equals (326)" classname="spec_perl_TestIntegers_t" time="7.60555267333984e-05" />
    <testcase name="Equals (327)" classname="spec_perl_TestIntegers_t" time="7.60555267333984e-05" />
    <testcase name="Equals (328)" classname="spec_perl_TestIntegers_t" time="0.000187873840332031" />
    <testcase name="Equals (329)" classname="spec_perl_TestIntegers_t" time="0.0001220703125" />
    <testcase name="Equals (330)" classname="spec_perl_TestIntegers_t" time="0.000132083892822266" />
    <testcase name="Equals (331)" classname="spec_perl_TestIntegers_t" time="0.000134944915771484" />
    <testcase name="Equals (332)" classname="spec_perl_TestIntegers_t" time="0.000130891799926758" />
    <testcase name="Equals (333)" classname="spec_perl_TestIntegers_t" time="0.000174045562744141" />
    <testcase name="Equals (334)" classname="spec_perl_TestIntegers_t" time="0.000136137008666992" />
    <testcase name="Equals (335)" classname="spec_perl_TestIntegers_t" time="0.000147819519042969" />
    <testcase name="Equals (336)" classname="spec_perl_TestIntegers_t" time="0.000143051147460938" />
    <testcase name="Equals (337)" classname="spec_perl_TestIntegers_t" time="0.000121116638183594" />
    <testcase name="Equals (338)" classname="spec_perl_TestIntegers_t" time="0.000137805938720703" />
    <testcase name="Equals (339)" classname="spec_perl_TestIntegers_t" time="0.000131130218505859" />
    <testcase name="Equals (340)" classname="spec_perl_TestIntegers_t" time="0.000128030776977539" />
    <testcase name="Equals (341)" classname="spec_perl_TestIntegers_t" time="0.000133991241455078" />
    <testcase name="Equals (342)" classname="spec_perl_TestIntegers_t" time="0.000123977661132812" />
    <testcase name="Equals (343)" classname="spec_perl_TestIntegers_t" time="0.000135898590087891" />
  </testsuite>
  <testsuite name="spec_perl_TestPositionAbs_t" errors="0" failures="0" skipped="0" tests="2" time="0.0836718082427979">
    <system-out>1..2
ok 1 - Equals
ok 2 - Equals
</system-out>
    <testcase name="Equals (344)" classname="spec_perl_TestPositionAbs_t" time="0.000223159790039062" />
    <testcase name="Equals (345)" classname="spec_perl_TestPositionAbs_t" time="0.000243902206420898" />
  </testsuite>
  <testsuite name="spec_perl_TestImportsAbs_t" errors="0" failures="0" skipped="0" tests="2" time="0.0777170658111572">
    <system-out>1..2
ok 1 - Equals
ok 2 - Equals
</system-out>
    <testcase name="Equals (346)" classname="spec_perl_TestImportsAbs_t" time="0.000268936157226562" />
    <testcase name="Equals (347)" classname="spec_perl_TestImportsAbs_t" time="0.000108957290649414" />
  </testsuite>
  <testsuite name="spec_perl_TestBitsSignedShiftB64Le_t" errors="0" failures="0" skipped="0" tests="2" time="0.0782070159912109">
    <system-out>1..2
ok 1 - Equals
ok 2 - Equals
</system-out>
    <testcase name="Equals (348)" classname="spec_perl_TestBitsSignedShiftB64Le_t" time="0.000231027603149414" />
    <testcase name="Equals (349)" classname="spec_perl_TestBitsSignedShiftB64Le_t" time="9.01222229003906e-05" />
  </testsuite>
  <testsuite name="spec_perl_TestStrEncodings_t" errors="0" failures="0" skipped="0" tests="4" time="0.0915889739990234">
    <system-out>1..4
ok 1 - Equals
ok 2 - Equals
ok 3 - Equals
ok 4 - Equals
</system-out>
    <testcase name="Equals (350)" classname="spec_perl_TestStrEncodings_t" time="0.00527811050415039" />
    <testcase name="Equals (351)" classname="spec_perl_TestStrEncodings_t" time="0.000124931335449219" />
    <testcase name="Equals (352)" classname="spec_perl_TestStrEncodings_t" time="5.00679016113281e-05" />
    <testcase name="Equals (353)" classname="spec_perl_TestStrEncodings_t" time="4.98294830322266e-05" />
  </testsuite>
  <testsuite name="spec_perl_TestValidLong_t" errors="0" failures="0" skipped="1" tests="1" time="0.0879018306732178">
    <system-out>1..1
ok 1 # skip ValidLong=HASH(0x5572cdd6e948)
</system-out>
    <testcase name="Unnamed test case 353" classname="spec_perl_TestValidLong_t" time="0.00183892250061035">
      <skipped message="ok 1 # skip ValidLong=HASH(0x5572cdd6e948)" />
    </testcase>
  </testsuite>
  <testsuite name="spec_perl_TestDocstrings_t" errors="0" failures="0" skipped="1" tests="1" time="0.0857641696929932">
    <system-out>1..1
ok 1 # skip Docstrings=HASH(0x557e546e2148)
</system-out>
    <testcase name="Unnamed test case 354" classname="spec_perl_TestDocstrings_t" time="0.00162887573242188">
      <skipped message="ok 1 # skip Docstrings=HASH(0x557e546e2148)" />
    </testcase>
  </testsuite>
  <testsuite name="spec_perl_TestDefaultEndianExprInherited_t" errors="0" failures="0" skipped="0" tests="15" time="0.082568883895874">
    <system-out>1..15
ok 1 - Equals
ok 2 - Equals
ok 3 - Equals
ok 4 - Equals
ok 5 - Equals
ok 6 - Equals
ok 7 - Equals
ok 8 - Equals
ok 9 - Equals
ok 10 - Equals
ok 11 - Equals
ok 12 - Equals
ok 13 - Equals
ok 14 - Equals
ok 15 - Equals
</system-out>
    <testcase name="Equals (354)" classname="spec_perl_TestDefaultEndianExprInherited_t" time="0.000298023223876953" />
    <testcase name="Equals (355)" classname="spec_perl_TestDefaultEndianExprInherited_t" time="0.000108957290649414" />
    <testcase name="Equals (356)" classname="spec_perl_TestDefaultEndianExprInherited_t" time="8.41617584228516e-05" />
    <testcase name="Equals (357)" classname="spec_perl_TestDefaultEndianExprInherited_t" time="0.000162839889526367" />
    <testcase name="Equals (358)" classname="spec_perl_TestDefaultEndianExprInherited_t" time="0.00018620491027832" />
    <testcase name="Equals (359)" classname="spec_perl_TestDefaultEndianExprInherited_t" time="0.000147819519042969" />
    <testcase name="Equals (360)" classname="spec_perl_TestDefaultEndianExprInherited_t" time="0.000128030776977539" />
    <testcase name="Equals (361)" classname="spec_perl_TestDefaultEndianExprInherited_t" time="0.000131130218505859" />
    <testcase name="Equals (362)" classname="spec_perl_TestDefaultEndianExprInherited_t" time="0.000129938125610352" />
    <testcase name="Equals (363)" classname="spec_perl_TestDefaultEndianExprInherited_t" time="0.00014805793762207" />
    <testcase name="Equals (364)" classname="spec_perl_TestDefaultEndianExprInherited_t" time="0.000128030776977539" />
    <testcase name="Equals (365)" classname="spec_perl_TestDefaultEndianExprInherited_t" time="0.00014185905456543" />
    <testcase name="Equals (366)" classname="spec_perl_TestDefaultEndianExprInherited_t" time="0.000113010406494141" />
    <testcase name="Equals (367)" classname="spec_perl_TestDefaultEndianExprInherited_t" time="0.000123977661132812" />
    <testcase name="Equals (368)" classname="spec_perl_TestDefaultEndianExprInherited_t" time="0.000155925750732422" />
  </testsuite>
  <testsuite name="spec_perl_TestDefaultEndianExprException_t" errors="0" failures="0" skipped="0" tests="1" time="0.0833840370178223">
    <system-out>1..1
ok 1 - threw /^Unable to decide on endianness/
</system-out>
    <testcase name="threw /^Unable to decide on endianness/ (368)" classname="spec_perl_TestDefaultEndianExprException_t" time="0.000261068344116211" />
  </testsuite>
  <testsuite name="spec_perl_TestStrLiterals_t" errors="0" failures="0" skipped="0" tests="5" time="0.0834119319915771">
    <system-out>1..5
ok 1 - Equals
ok 2 - Equals
ok 3 - Equals
ok 4 - Equals
ok 5 - Equals
</system-out>
    <testcase name="Equals (369)" classname="spec_perl_TestStrLiterals_t" time="0.000322103500366211" />
    <testcase name="Equals (370)" classname="spec_perl_TestStrLiterals_t" time="0.000104904174804688" />
    <testcase name="Equals (371)" classname="spec_perl_TestStrLiterals_t" time="0.000164985656738281" />
    <testcase name="Equals (372)" classname="spec_perl_TestStrLiterals_t" time="0.000165224075317383" />
    <testcase name="Equals (373)" classname="spec_perl_TestStrLiterals_t" time="0.000169992446899414" />
  </testsuite>
  <testsuite name="spec_perl_TestExpr1_t" errors="0" failures="0" skipped="0" tests="4" time="0.0836679935455322">
    <system-out>1..4
ok 1 - Equals
ok 2 - Equals
ok 3 - Equals
ok 4 - Equals
</system-out>
    <testcase name="Equals (374)" classname="spec_perl_TestExpr1_t" time="0.000280857086181641" />
    <testcase name="Equals (375)" classname="spec_perl_TestExpr1_t" time="0.0001220703125" />
    <testcase name="Equals (376)" classname="spec_perl_TestExpr1_t" time="6.60419464111328e-05" />
    <testcase name="Equals (377)" classname="spec_perl_TestExpr1_t" time="7.98702239990234e-05" />
  </testsuite>
  <testsuite name="spec_perl_TestSwitchIntegers2_t" errors="0" failures="0" skipped="0" tests="5" time="0.0802810192108154">
    <system-out>1..5
ok 1 - Equals
ok 2 - Equals
ok 3 - Equals
ok 4 - Equals
ok 5 - Equals
</system-out>
    <testcase name="Equals (378)" classname="spec_perl_TestSwitchIntegers2_t" time="0.000307083129882812" />
    <testcase name="Equals (379)" classname="spec_perl_TestSwitchIntegers2_t" time="0.000103950500488281" />
    <testcase name="Equals (380)" classname="spec_perl_TestSwitchIntegers2_t" time="0.000143051147460938" />
    <testcase name="Equals (381)" classname="spec_perl_TestSwitchIntegers2_t" time="0.00014185905456543" />
    <testcase name="Equals (382)" classname="spec_perl_TestSwitchIntegers2_t" time="0.000154972076416016" />
  </testsuite>
  <testsuite name="spec_perl_TestParamsPassBool_t" errors="0" failures="1" skipped="13" tests="14" time="0.0821380615234375">
    <system-out>1..14
not ok 1 - test_params_pass_bool died (Requested 2 bytes, but only 1 bytes available at ../runtime/perl/lib/IO/KaitaiStruct.pm line 338.)
ok 2 # skip test_params_pass_bool died
ok 3 # skip test_params_pass_bool died
ok 4 # skip test_params_pass_bool died
ok 5 # skip test_params_pass_bool died
ok 6 # skip test_params_pass_bool died
ok 7 # skip test_params_pass_bool died
ok 8 # skip test_params_pass_bool died
ok 9 # skip test_params_pass_bool died
ok 10 # skip test_params_pass_bool died
ok 11 # skip test_params_pass_bool died
ok 12 # skip test_params_pass_bool died
ok 13 # skip test_params_pass_bool died
ok 14 # skip test_params_pass_bool died
</system-out>
    <testcase name="test_params_pass_bool died (Requested 2 bytes, but only 1 bytes available at ../runtime/perl/lib/IO/KaitaiStruct.pm line 338.) (382)" classname="spec_perl_TestParamsPassBool_t" time="0.000280857086181641">
      <failure message="not ok 1 - test_params_pass_bool died (Requested 2 bytes, but only 1 bytes available at ../runtime/perl/lib/IO/KaitaiStruct.pm line 338.)" type="TAP::Parser::Result::Test"></failure>
    </testcase>
    <testcase name="Unnamed test case 382" classname="spec_perl_TestParamsPassBool_t" time="0.00115299224853516">
      <skipped message="ok 2 # skip test_params_pass_bool died" />
    </testcase>
    <testcase name="Unnamed test case 383" classname="spec_perl_TestParamsPassBool_t" time="0.000451087951660156">
      <skipped message="ok 3 # skip test_params_pass_bool died" />
    </testcase>
    <testcase name="Unnamed test case 384" classname="spec_perl_TestParamsPassBool_t" time="0.000117063522338867">
      <skipped message="ok 4 # skip test_params_pass_bool died" />
    </testcase>
    <testcase name="Unnamed test case 385" classname="spec_perl_TestParamsPassBool_t" time="8.29696655273438e-05">
      <skipped message="ok 5 # skip test_params_pass_bool died" />
    </testcase>
    <testcase name="Unnamed test case 386" classname="spec_perl_TestParamsPassBool_t" time="7.79628753662109e-05">
      <skipped message="ok 6 # skip test_params_pass_bool died" />
    </testcase>
    <testcase name="Unnamed test case 387" classname="spec_perl_TestParamsPassBool_t" time="9.48905944824219e-05">
      <skipped message="ok 7 # skip test_params_pass_bool died" />
    </testcase>
    <testcase name="Unnamed test case 388" classname="spec_perl_TestParamsPassBool_t" time="8.29696655273438e-05">
      <skipped message="ok 8 # skip test_params_pass_bool died" />
    </testcase>
    <testcase name="Unnamed test case 389" classname="spec_perl_TestParamsPassBool_t" time="0.000105142593383789">
      <skipped message="ok 9 # skip test_params_pass_bool died" />
    </testcase>
    <testcase name="Unnamed test case 390" classname="spec_perl_TestParamsPassBool_t" time="0.000138998031616211">
      <skipped message="ok 10 # skip test_params_pass_bool died" />
    </testcase>
    <testcase name="Unnamed test case 391" classname="spec_perl_TestParamsPassBool_t" time="7.79628753662109e-05">
      <skipped message="ok 11 # skip test_params_pass_bool died" />
    </testcase>
    <testcase name="Unnamed test case 392" classname="spec_perl_TestParamsPassBool_t" time="0.000124931335449219">
      <skipped message="ok 12 # skip test_params_pass_bool died" />
    </testcase>
    <testcase name="Unnamed test case 393" classname="spec_perl_TestParamsPassBool_t" time="7.70092010498047e-05">
      <skipped message="ok 13 # skip test_params_pass_bool died" />
    </testcase>
    <testcase name="Unnamed test case 394" classname="spec_perl_TestParamsPassBool_t" time="0.000126123428344727">
      <skipped message="ok 14 # skip test_params_pass_bool died" />
    </testcase>
  </testsuite>
  <testsuite name="spec_perl_TestCastToTop_t" errors="0" failures="0" skipped="0" tests="3" time="0.0788161754608154">
    <system-out>1..3
ok 1 - Equals
ok 2 - Equals
ok 3 - Equals
</system-out>
    <testcase name="Equals (394)" classname="spec_perl_TestCastToTop_t" time="0.00027918815612793" />
    <testcase name="Equals (395)" classname="spec_perl_TestCastToTop_t" time="0.000114917755126953" />
    <testcase name="Equals (396)" classname="spec_perl_TestCastToTop_t" time="6.60419464111328e-05" />
  </testsuite>
  <testsuite name="spec_perl_TestFloatingPoints_t" errors="0" failures="0" skipped="0" tests="8" time="0.0803780555725098">
    <system-out>1..8
ok 1 - Approx equals
ok 2 - Approx equals
ok 3 - Approx equals
ok 4 - Approx equals
ok 5 - Approx equals
ok 6 - Approx equals
ok 7 - Approx equals
ok 8 - Approx equals
</system-out>
    <testcase name="Approx equals (396)" classname="spec_perl_TestFloatingPoints_t" time="0.000277996063232422" />
    <testcase name="Approx equals (397)" classname="spec_perl_TestFloatingPoints_t" time="8.79764556884766e-05" />
    <testcase name="Approx equals (398)" classname="spec_perl_TestFloatingPoints_t" time="6.69956207275391e-05" />
    <testcase name="Approx equals (399)" classname="spec_perl_TestFloatingPoints_t" time="5.91278076171875e-05" />
    <testcase name="Approx equals (400)" classname="spec_perl_TestFloatingPoints_t" time="8.60691070556641e-05" />
    <testcase name="Approx equals (401)" classname="spec_perl_TestFloatingPoints_t" time="6.58035278320312e-05" />
    <testcase name="Approx equals (402)" classname="spec_perl_TestFloatingPoints_t" time="8.20159912109375e-05" />
    <testcase name="Approx equals (403)" classname="spec_perl_TestFloatingPoints_t" time="0.000210046768188477" />
  </testsuite>
  <testsuite name="spec_perl_TestHelloWorld_t" errors="0" failures="0" skipped="0" tests="1" time="0.0778820514678955">
    <system-out>1..1
ok 1 - Equals
</system-out>
    <testcase name="Equals (403)" classname="spec_perl_TestHelloWorld_t" time="0.000242948532104492" />
  </testsuite>
  <testsuite name="spec_perl_TestProcessXor4Value_t" errors="0" failures="0" skipped="0" tests="2" time="0.0814449787139893">
    <system-out>1..2
ok 1 - Equals
ok 2 - Equals
</system-out>
    <testcase name="Equals (404)" classname="spec_perl_TestProcessXor4Value_t" time="0.00074005126953125" />
    <testcase name="Equals (405)" classname="spec_perl_TestProcessXor4Value_t" time="0.000231027603149414" />
  </testsuite>
  <testsuite name="spec_perl_TestSwitchManualIntSizeEos_t" errors="0" failures="0" skipped="0" tests="10" time="0.0888299942016602">
    <system-out>1..10
ok 1 - Equals
ok 2 - Equals
ok 3 - Equals
ok 4 - Equals
ok 5 - Equals
ok 6 - Equals
ok 7 - Equals
ok 8 - Equals
ok 9 - Equals
ok 10 - Equals
</system-out>
    <testcase name="Equals (406)" classname="spec_perl_TestSwitchManualIntSizeEos_t" time="0.000952959060668945" />
    <testcase name="Equals (407)" classname="spec_perl_TestSwitchManualIntSizeEos_t" time="9.32216644287109e-05" />
    <testcase name="Equals (408)" classname="spec_perl_TestSwitchManualIntSizeEos_t" time="0.000115871429443359" />
    <testcase name="Equals (409)" classname="spec_perl_TestSwitchManualIntSizeEos_t" time="0.000140905380249023" />
    <testcase name="Equals (410)" classname="spec_perl_TestSwitchManualIntSizeEos_t" time="0.000174045562744141" />
    <testcase name="Equals (411)" classname="spec_perl_TestSwitchManualIntSizeEos_t" time="0.000194072723388672" />
    <testcase name="Equals (412)" classname="spec_perl_TestSwitchManualIntSizeEos_t" time="0.000147104263305664" />
    <testcase name="Equals (413)" classname="spec_perl_TestSwitchManualIntSizeEos_t" time="0.00014495849609375" />
    <testcase name="Equals (414)" classname="spec_perl_TestSwitchManualIntSizeEos_t" time="0.000134944915771484" />
    <testcase name="Equals (415)" classname="spec_perl_TestSwitchManualIntSizeEos_t" time="0.000145912170410156" />
  </testsuite>
  <testsuite name="spec_perl_TestFloatToI_t" errors="0" failures="0" skipped="0" tests="8" time="0.0844309329986572">
    <system-out>1..8
ok 1 - Approx equals
ok 2 - Approx equals
ok 3 - Equals
ok 4 - Equals
ok 5 - Equals
ok 6 - Equals
ok 7 - Equals
ok 8 - Equals
</system-out>
    <testcase name="Approx equals (415)" classname="spec_perl_TestFloatToI_t" time="0.000741958618164062" />
    <testcase name="Approx equals (416)" classname="spec_perl_TestFloatToI_t" time="0.00014185905456543" />
    <testcase name="Equals (416)" classname="spec_perl_TestFloatToI_t" time="7.10487365722656e-05" />
    <testcase name="Equals (417)" classname="spec_perl_TestFloatToI_t" time="8.70227813720703e-05" />
    <testcase name="Equals (418)" classname="spec_perl_TestFloatToI_t" time="8.51154327392578e-05" />
    <testcase name="Equals (419)" classname="spec_perl_TestFloatToI_t" time="8.48770141601562e-05" />
    <testcase name="Equals (420)" classname="spec_perl_TestFloatToI_t" time="0.000179052352905273" />
    <testcase name="Equals (421)" classname="spec_perl_TestFloatToI_t" time="0.000268936157226562" />
  </testsuite>
  <testsuite name="spec_perl_TestNavParentFalse2_t" errors="0" failures="0" skipped="0" tests="1" time="0.0774550437927246">
    <system-out>1..1
ok 1 - Equals
</system-out>
    <testcase name="Equals (422)" classname="spec_perl_TestNavParentFalse2_t" time="0.000272989273071289" />
  </testsuite>
  <testsuite name="spec_perl_TestDocstringsDocrefMulti_t" errors="0" failures="0" skipped="1" tests="1" time="0.117534875869751">
    <system-out>1..1
ok 1 # skip DocstringsDocrefMulti=HASH(0x556a731a5618)
</system-out>
    <testcase name="Unnamed test case 422" classname="spec_perl_TestDocstringsDocrefMulti_t" time="0.00151610374450684">
      <skipped message="ok 1 # skip DocstringsDocrefMulti=HASH(0x556a731a5618)" />
    </testcase>
  </testsuite>
  <testsuite name="spec_perl_TestExprIoEof_t" errors="0" failures="0" skipped="0" tests="4" time="0.0855679512023926">
    <system-out>1..4
ok 1 - Equals
ok 2 - nil
ok 3 - Equals
ok 4 - Equals
</system-out>
    <testcase name="Equals (423)" classname="spec_perl_TestExprIoEof_t" time="0.000977039337158203" />
    <testcase name="nil (423)" classname="spec_perl_TestExprIoEof_t" time="0.000101804733276367" />
    <testcase name="Equals (424)" classname="spec_perl_TestExprIoEof_t" time="4.10079956054688e-05" />
    <testcase name="Equals (425)" classname="spec_perl_TestExprIoEof_t" time="0.000465154647827148" />
  </testsuite>
  <testsuite name="spec_perl_TestEnumForUnknownId_t" errors="0" failures="0" skipped="0" tests="1" time="0.0850241184234619">
    <system-out>1..1
ok 1 - Equals
</system-out>
    <testcase name="Equals (426)" classname="spec_perl_TestEnumForUnknownId_t" time="0.000245809555053711" />
  </testsuite>
  <testsuite name="spec_perl_TestCombineEnum_t" errors="0" failures="0" skipped="0" tests="3" time="0.0769939422607422">
    <system-out>1..3
ok 1 - Equals
ok 2 - Equals
ok 3 - Equals
</system-out>
    <testcase name="Equals (427)" classname="spec_perl_TestCombineEnum_t" time="0.000269889831542969" />
    <testcase name="Equals (428)" classname="spec_perl_TestCombineEnum_t" time="7.60555267333984e-05" />
    <testcase name="Equals (429)" classname="spec_perl_TestCombineEnum_t" time="0.000123023986816406" />
  </testsuite>
  <testsuite name="spec_perl_TestSwitchRepeatExpr_t" errors="0" failures="0" skipped="0" tests="3" time="0.0875771045684814">
    <system-out>1..3
ok 1 - Equals
ok 2 - Equals
ok 3 - Equals
</system-out>
    <testcase name="Equals (430)" classname="spec_perl_TestSwitchRepeatExpr_t" time="0.000591039657592773" />
    <testcase name="Equals (431)" classname="spec_perl_TestSwitchRepeatExpr_t" time="0.000108957290649414" />
    <testcase name="Equals (432)" classname="spec_perl_TestSwitchRepeatExpr_t" time="0.000205039978027344" />
  </testsuite>
  <testsuite name="spec_perl_TestZlibSurrounded_t" errors="0" failures="0" skipped="0" tests="1" time="0.119387865066528">
    <system-out>1..1
ok 1 - Equals
</system-out>
    <testcase name="Equals (433)" classname="spec_perl_TestZlibSurrounded_t" time="0.000828027725219727" />
  </testsuite>
  <testsuite name="spec_perl_TestProcessRepeatBytes_t" errors="0" failures="0" skipped="0" tests="2" time="0.078632116317749">
    <system-out>1..2
ok 1 - Equals
ok 2 - Equals
</system-out>
    <testcase name="Equals (434)" classname="spec_perl_TestProcessRepeatBytes_t" time="0.000276803970336914" />
    <testcase name="Equals (435)" classname="spec_perl_TestProcessRepeatBytes_t" time="0.000110149383544922" />
  </testsuite>
  <testsuite name="spec_perl_TestParamsPassArrayStr_t" errors="0" failures="1" skipped="6" tests="7" time="0.0955889225006104">
    <system-out>1..7
not ok 1 - test_params_pass_array_str died (Can't use an undefined value as an ARRAY reference at spec/perl/TestParamsPassArrayStr.t line 14.)
ok 2 # skip test_params_pass_array_str died
ok 3 # skip test_params_pass_array_str died
ok 4 # skip test_params_pass_array_str died
ok 5 # skip test_params_pass_array_str died
ok 6 # skip test_params_pass_array_str died
ok 7 # skip test_params_pass_array_str died
</system-out>
    <testcase name="test_params_pass_array_str died (Can't use an undefined value as an ARRAY reference at spec/perl/TestParamsPassArrayStr.t line 14.) (435)" classname="spec_perl_TestParamsPassArrayStr_t" time="0.000531911849975586">
      <failure message="not ok 1 - test_params_pass_array_str died (Can't use an undefined value as an ARRAY reference at spec/perl/TestParamsPassArrayStr.t line 14.)" type="TAP::Parser::Result::Test"></failure>
    </testcase>
[...]
    <system-out>1..16
ok 1 - Equals
ok 2 - Equals
ok 3 - Equals
ok 4 - Equals
ok 5 - Equals
ok 6 - Equals
ok 7 - Equals
ok 8 - Equals
ok 9 - Equals
ok 10 - Equals
ok 11 - Equals
ok 12 - Equals
ok 13 - Equals
ok 14 - Equals
ok 15 - Equals
ok 16 - Equals
</system-out>
    <testcase name="Equals (860)" classname="spec_perl_TestExprBytesOps_t" time="0.000262975692749023" />
    <testcase name="Equals (861)" classname="spec_perl_TestExprBytesOps_t" time="0.000108003616333008" />
    <testcase name="Equals (862)" classname="spec_perl_TestExprBytesOps_t" time="8.70227813720703e-05" />
    <testcase name="Equals (863)" classname="spec_perl_TestExprBytesOps_t" time="0.000159025192260742" />
    <testcase name="Equals (864)" classname="spec_perl_TestExprBytesOps_t" time="0.00013279914855957" />
    <testcase name="Equals (865)" classname="spec_perl_TestExprBytesOps_t" time="0.000128030776977539" />
    <testcase name="Equals (866)" classname="spec_perl_TestExprBytesOps_t" time="0.000136137008666992" />
    <testcase name="Equals (867)" classname="spec_perl_TestExprBytesOps_t" time="0.000131845474243164" />
    <testcase name="Equals (868)" classname="spec_perl_TestExprBytesOps_t" time="0.000159025192260742" />
    <testcase name="Equals (869)" classname="spec_perl_TestExprBytesOps_t" time="0.000127077102661133" />
    <testcase name="Equals (870)" classname="spec_perl_TestExprBytesOps_t" time="0.000160932540893555" />
    <testcase name="Equals (871)" classname="spec_perl_TestExprBytesOps_t" time="0.000126123428344727" />
    <testcase name="Equals (872)" classname="spec_perl_TestExprBytesOps_t" time="0.000136852264404297" />
    <testcase name="Equals (873)" classname="spec_perl_TestExprBytesOps_t" time="0.000144004821777344" />
    <testcase name="Equals (874)" classname="spec_perl_TestExprBytesOps_t" time="0.000142097473144531" />
    <testcase name="Equals (875)" classname="spec_perl_TestExprBytesOps_t" time="0.000129938125610352" />
  </testsuite>
  <testsuite name="spec_perl_TestNestedTypes3_t" errors="0" failures="0" skipped="0" tests="5" time="0.0907180309295654">
    <system-out>1..5
ok 1 - Equals
ok 2 - Equals
ok 3 - Equals
ok 4 - Equals
ok 5 - Equals
</system-out>
    <testcase name="Equals (876)" classname="spec_perl_TestNestedTypes3_t" time="0.000435113906860352" />
    <testcase name="Equals (877)" classname="spec_perl_TestNestedTypes3_t" time="0.000151872634887695" />
    <testcase name="Equals (878)" classname="spec_perl_TestNestedTypes3_t" time="7.70092010498047e-05" />
    <testcase name="Equals (879)" classname="spec_perl_TestNestedTypes3_t" time="9.60826873779297e-05" />
    <testcase name="Equals (880)" classname="spec_perl_TestNestedTypes3_t" time="8.70227813720703e-05" />
  </testsuite>
  <testsuite name="spec_perl_TestBcdUserTypeBe_t" errors="0" failures="0" skipped="0" tests="6" time="0.0890271663665771">
    <system-out>1..6
ok 1 - Equals
ok 2 - Equals
ok 3 - Equals
ok 4 - Equals
ok 5 - Equals
ok 6 - Equals
</system-out>
    <testcase name="Equals (881)" classname="spec_perl_TestBcdUserTypeBe_t" time="0.000808954238891602" />
    <testcase name="Equals (882)" classname="spec_perl_TestBcdUserTypeBe_t" time="8.82148742675781e-05" />
    <testcase name="Equals (883)" classname="spec_perl_TestBcdUserTypeBe_t" time="0.000181913375854492" />
    <testcase name="Equals (884)" classname="spec_perl_TestBcdUserTypeBe_t" time="0.000160932540893555" />
    <testcase name="Equals (885)" classname="spec_perl_TestBcdUserTypeBe_t" time="0.00017094612121582" />
    <testcase name="Equals (886)" classname="spec_perl_TestBcdUserTypeBe_t" time="0.000154018402099609" />
  </testsuite>
  <testsuite name="spec_perl_TestRepeatNStrz_t" errors="0" failures="0" skipped="0" tests="2" time="0.0853478908538818">
    <system-out>1..2
ok 1 - Equals
ok 2 - Equals
</system-out>
    <testcase name="Equals (887)" classname="spec_perl_TestRepeatNStrz_t" time="0.000418901443481445" />
    <testcase name="Equals (888)" classname="spec_perl_TestRepeatNStrz_t" time="0.00011897087097168" />
  </testsuite>
  <testsuite name="spec_perl_TestSwitchManualEnumInvalidElse_t" errors="0" failures="0" skipped="0" tests="5" time="0.105348825454712">
    <system-out>1..5
ok 1 - Equals
ok 2 - Equals
ok 3 - Equals
ok 4 - Equals
ok 5 - Equals
</system-out>
    <testcase name="Equals (889)" classname="spec_perl_TestSwitchManualEnumInvalidElse_t" time="0.000581979751586914" />
    <testcase name="Equals (890)" classname="spec_perl_TestSwitchManualEnumInvalidElse_t" time="0.000129938125610352" />
    <testcase name="Equals (891)" classname="spec_perl_TestSwitchManualEnumInvalidElse_t" time="6.81877136230469e-05" />
    <testcase name="Equals (892)" classname="spec_perl_TestSwitchManualEnumInvalidElse_t" time="0.000108957290649414" />
    <testcase name="Equals (893)" classname="spec_perl_TestSwitchManualEnumInvalidElse_t" time="0.00014495849609375" />
  </testsuite>
  <testsuite name="spec_perl_TestDefaultBigEndian_t" errors="0" failures="0" skipped="0" tests="1" time="0.093451976776123">
    <system-out>1..1
ok 1 - Equals
</system-out>
    <testcase name="Equals (894)" classname="spec_perl_TestDefaultBigEndian_t" time="0.000519990921020508" />
  </testsuite>
  <testsuite name="spec_perl_TestMultipleUse_t" errors="0" failures="0" skipped="0" tests="2" time="0.0785269737243652">
    <system-out>1..2
ok 1 - Equals
ok 2 - Equals
</system-out>
    <testcase name="Equals (895)" classname="spec_perl_TestMultipleUse_t" time="0.000338077545166016" />
    <testcase name="Equals (896)" classname="spec_perl_TestMultipleUse_t" time="0.000271081924438477" />
  </testsuite>
  <testsuite name="spec_perl_TestBitsSimple_t" errors="0" failures="0" skipped="0" tests="14" time="0.0789000988006592">
    <system-out>1..14
ok 1 - Equals
ok 2 - Equals
ok 3 - Equals
ok 4 - Equals
ok 5 - Equals
ok 6 - Equals
ok 7 - Equals
ok 8 - Equals
ok 9 - Equals
ok 10 - Equals
ok 11 - Equals
ok 12 - Equals
ok 13 - Equals
ok 14 - Equals
</system-out>
    <testcase name="Equals (897)" classname="spec_perl_TestBitsSimple_t" time="0.000226974487304688" />
    <testcase name="Equals (898)" classname="spec_perl_TestBitsSimple_t" time="0.000105857849121094" />
    <testcase name="Equals (899)" classname="spec_perl_TestBitsSimple_t" time="8.41617584228516e-05" />
    <testcase name="Equals (900)" classname="spec_perl_TestBitsSimple_t" time="0.000118017196655273" />
    <testcase name="Equals (901)" classname="spec_perl_TestBitsSimple_t" time="0.000139951705932617" />
    <testcase name="Equals (902)" classname="spec_perl_TestBitsSimple_t" time="0.000127077102661133" />
    <testcase name="Equals (903)" classname="spec_perl_TestBitsSimple_t" time="0.00014185905456543" />
    <testcase name="Equals (904)" classname="spec_perl_TestBitsSimple_t" time="0.000133991241455078" />
    <testcase name="Equals (905)" classname="spec_perl_TestBitsSimple_t" time="0.000119924545288086" />
    <testcase name="Equals (906)" classname="spec_perl_TestBitsSimple_t" time="0.000138044357299805" />
    <testcase name="Equals (907)" classname="spec_perl_TestBitsSimple_t" time="0.000137090682983398" />
    <testcase name="Equals (908)" classname="spec_perl_TestBitsSimple_t" time="0.000128984451293945" />
    <testcase name="Equals (909)" classname="spec_perl_TestBitsSimple_t" time="0.000139951705932617" />
    <testcase name="Equals (910)" classname="spec_perl_TestBitsSimple_t" time="0.000133991241455078" />
  </testsuite>
  <testsuite name="spec_perl_TestBitsUnalignedB32Le_t" errors="0" failures="0" skipped="0" tests="3" time="0.0777761936187744">
    <system-out>1..3
ok 1 - Equals
ok 2 - Equals
ok 3 - Equals
</system-out>
    <testcase name="Equals (911)" classname="spec_perl_TestBitsUnalignedB32Le_t" time="0.000470876693725586" />
    <testcase name="Equals (912)" classname="spec_perl_TestBitsUnalignedB32Le_t" time="9.70363616943359e-05" />
    <testcase name="Equals (913)" classname="spec_perl_TestBitsUnalignedB32Le_t" time="4.10079956054688e-05" />
  </testsuite>
  <testsuite name="spec_perl_TestNestedTypes2_t" errors="0" failures="0" skipped="0" tests="7" time="0.084320068359375">
    <system-out>1..7
ok 1 - Equals
ok 2 - Equals
ok 3 - Equals
ok 4 - Equals
ok 5 - Equals
ok 6 - Equals
ok 7 - Equals
</system-out>
    <testcase name="Equals (914)" classname="spec_perl_TestNestedTypes2_t" time="0.000329017639160156" />
    <testcase name="Equals (915)" classname="spec_perl_TestNestedTypes2_t" time="0.000116109848022461" />
    <testcase name="Equals (916)" classname="spec_perl_TestNestedTypes2_t" time="7.79628753662109e-05" />
    <testcase name="Equals (917)" classname="spec_perl_TestNestedTypes2_t" time="7.48634338378906e-05" />
    <testcase name="Equals (918)" classname="spec_perl_TestNestedTypes2_t" time="0.000161170959472656" />
    <testcase name="Equals (919)" classname="spec_perl_TestNestedTypes2_t" time="0.000138998031616211" />
    <testcase name="Equals (920)" classname="spec_perl_TestNestedTypes2_t" time="0.000120878219604492" />
  </testsuite>
  <testsuite name="spec_perl_TestExprOpsParens_t" errors="0" failures="1" skipped="0" tests="9" time="0.0906679630279541">
    <system-out>1..9
ok 1 - Equals
ok 2 - Equals
ok 3 - Equals
ok 4 - Equals
ok 5 - Equals
ok 6 - Equals
not ok 7 - Equals
ok 8 - Equals
ok 9 - Equals
</system-out>
    <testcase name="Equals (921)" classname="spec_perl_TestExprOpsParens_t" time="0.000548124313354492" />
    <testcase name="Equals (922)" classname="spec_perl_TestExprOpsParens_t" time="0.000140905380249023" />
    <testcase name="Equals (923)" classname="spec_perl_TestExprOpsParens_t" time="6.69956207275391e-05" />
    <testcase name="Equals (924)" classname="spec_perl_TestExprOpsParens_t" time="9.10758972167969e-05" />
    <testcase name="Equals (925)" classname="spec_perl_TestExprOpsParens_t" time="0.000152826309204102" />
    <testcase name="Equals (926)" classname="spec_perl_TestExprOpsParens_t" time="0.000145196914672852" />
    <testcase name="Equals (927)" classname="spec_perl_TestExprOpsParens_t" time="0.000345945358276367">
      <failure message="not ok 7 - Equals" type="TAP::Parser::Result::Test"></failure>
    </testcase>
    <testcase name="Equals (928)" classname="spec_perl_TestExprOpsParens_t" time="0.00296497344970703" />
    <testcase name="Equals (929)" classname="spec_perl_TestExprOpsParens_t" time="0.000133037567138672" />
  </testsuite>
  <testsuite name="spec_perl_TestRepeatNStrzDouble_t" errors="0" failures="0" skipped="0" tests="3" time="0.087669849395752">
    <system-out>1..3
ok 1 - Equals
ok 2 - Equals
ok 3 - Equals
</system-out>
    <testcase name="Equals (930)" classname="spec_perl_TestRepeatNStrzDouble_t" time="0.000264883041381836" />
    <testcase name="Equals (931)" classname="spec_perl_TestRepeatNStrzDouble_t" time="0.000106096267700195" />
    <testcase name="Equals (932)" classname="spec_perl_TestRepeatNStrzDouble_t" time="8.48770141601562e-05" />
  </testsuite>
  <testsuite name="spec_perl_TestNavParentSwitchCast_t" errors="0" failures="0" skipped="0" tests="3" time="0.0887320041656494">
    <system-out>1..3
ok 1 - Equals
ok 2 - Equals
ok 3 - Equals
</system-out>
    <testcase name="Equals (933)" classname="spec_perl_TestNavParentSwitchCast_t" time="0.000663042068481445" />
    <testcase name="Equals (934)" classname="spec_perl_TestNavParentSwitchCast_t" time="9.39369201660156e-05" />
    <testcase name="Equals (935)" classname="spec_perl_TestNavParentSwitchCast_t" time="0.000149965286254883" />
  </testsuite>
  <testsuite name="spec_perl_TestEnumIntRangeU_t" errors="0" failures="0" skipped="0" tests="2" time="0.0881130695343018">
    <system-out>1..2
ok 1 - Equals
ok 2 - Equals
</system-out>
    <testcase name="Equals (936)" classname="spec_perl_TestEnumIntRangeU_t" time="0.000294208526611328" />
    <testcase name="Equals (937)" classname="spec_perl_TestEnumIntRangeU_t" time="9.67979431152344e-05" />
  </testsuite>
  <testsuite name="spec_perl_TestSwitchManualStr_t" errors="0" failures="0" skipped="0" tests="9" time="0.0877838134765625">
    <system-out>1..9
ok 1 - Equals
ok 2 - Equals
ok 3 - Equals
ok 4 - Equals
ok 5 - Equals
ok 6 - Equals
ok 7 - Equals
ok 8 - Equals
ok 9 - Equals
</system-out>
    <testcase name="Equals (938)" classname="spec_perl_TestSwitchManualStr_t" time="0.000292062759399414" />
    <testcase name="Equals (939)" classname="spec_perl_TestSwitchManualStr_t" time="0.00010991096496582" />
    <testcase name="Equals (940)" classname="spec_perl_TestSwitchManualStr_t" time="8.91685485839844e-05" />
    <testcase name="Equals (941)" classname="spec_perl_TestSwitchManualStr_t" time="0.000221967697143555" />
    <testcase name="Equals (942)" classname="spec_perl_TestSwitchManualStr_t" time="9.10758972167969e-05" />
    <testcase name="Equals (943)" classname="spec_perl_TestSwitchManualStr_t" time="0.000152826309204102" />
    <testcase name="Equals (944)" classname="spec_perl_TestSwitchManualStr_t" time="0.000131130218505859" />
    <testcase name="Equals (945)" classname="spec_perl_TestSwitchManualStr_t" time="0.000129938125610352" />
    <testcase name="Equals (946)" classname="spec_perl_TestSwitchManualStr_t" time="0.000145912170410156" />
  </testsuite>
  <testsuite name="spec_perl_TestOpaqueExternalType02Parent_t" errors="0" failures="0" skipped="0" tests="3" time="0.0911710262298584">
    <system-out>1..3
ok 1 - Equals
ok 2 - Equals
ok 3 - Equals
</system-out>
    <testcase name="Equals (947)" classname="spec_perl_TestOpaqueExternalType02Parent_t" time="0.000240087509155273" />
    <testcase name="Equals (948)" classname="spec_perl_TestOpaqueExternalType02Parent_t" time="4.50611114501953e-05" />
    <testcase name="Equals (949)" classname="spec_perl_TestOpaqueExternalType02Parent_t" time="3.50475311279297e-05" />
  </testsuite>
  <testsuite name="spec_perl_TestImports0_t" errors="0" failures="0" skipped="0" tests="3" time="0.0771429538726807">
    <system-out>1..3
ok 1 - Equals
ok 2 - Equals
ok 3 - Equals
</system-out>
    <testcase name="Equals (950)" classname="spec_perl_TestImports0_t" time="0.000236988067626953" />
    <testcase name="Equals (951)" classname="spec_perl_TestImports0_t" time="9.79900360107422e-05" />
    <testcase name="Equals (952)" classname="spec_perl_TestImports0_t" time="0.000119924545288086" />
  </testsuite>
  <testsuite name="spec_perl_TestBitsUnalignedB64Le_t" errors="0" failures="0" skipped="0" tests="3" time="0.0782098770141602">
    <system-out>1..3
ok 1 - Equals
ok 2 - Equals
ok 3 - Equals
</system-out>
    <testcase name="Equals (953)" classname="spec_perl_TestBitsUnalignedB64Le_t" time="0.000241994857788086" />
    <testcase name="Equals (954)" classname="spec_perl_TestBitsUnalignedB64Le_t" time="0.000103950500488281" />
    <testcase name="Equals (955)" classname="spec_perl_TestBitsUnalignedB64Le_t" time="0.000169992446899414" />
  </testsuite>
  <testsuite name="spec_perl_TestValidOptionalId_t" errors="1" failures="0" skipped="0" tests="0" time="0.0753860473632812">
    <system-out></system-out>
    <testcase name="Test died too soon, even before plan. (955)" classname="spec_perl_TestValidOptionalId_t" time="0.0753860473632812">
      <failure message="The test suite died before a plan was produced. You need to have a plan." type="Plan">No plan</failure>
    </testcase>
  </testsuite>
  <testsuite name="spec_perl_TestRepeatUntilSized_t" errors="0" failures="0" skipped="0" tests="7" time="0.0982720851898193">
    <system-out>1..7
ok 1 - Equals
ok 2 - Equals
ok 3 - Equals
ok 4 - Equals
ok 5 - Equals
ok 6 - Equals
ok 7 - Equals
</system-out>
    <testcase name="Equals (956)" classname="spec_perl_TestRepeatUntilSized_t" time="0.000639915466308594" />
    <testcase name="Equals (957)" classname="spec_perl_TestRepeatUntilSized_t" time="0.000104904174804688" />
    <testcase name="Equals (958)" classname="spec_perl_TestRepeatUntilSized_t" time="0.000142097473144531" />
    <testcase name="Equals (959)" classname="spec_perl_TestRepeatUntilSized_t" time="0.000128030776977539" />
    <testcase name="Equals (960)" classname="spec_perl_TestRepeatUntilSized_t" time="0.000126838684082031" />
    <testcase name="Equals (961)" classname="spec_perl_TestRepeatUntilSized_t" time="0.000126123428344727" />
    <testcase name="Equals (962)" classname="spec_perl_TestRepeatUntilSized_t" time="0.000155925750732422" />
  </testsuite>
  <testsuite name="spec_perl_TestNavParentSwitch_t" errors="0" failures="0" skipped="0" tests="3" time="0.0878419876098633">
    <system-out>1..3
ok 1 - Equals
ok 2 - Equals
ok 3 - Equals
</system-out>
    <testcase name="Equals (963)" classname="spec_perl_TestNavParentSwitch_t" time="0.000427961349487305" />
    <testcase name="Equals (964)" classname="spec_perl_TestNavParentSwitch_t" time="0.000131845474243164" />
    <testcase name="Equals (965)" classname="spec_perl_TestNavParentSwitch_t" time="4.1961669921875e-05" />
  </testsuite>
  <testsuite name="spec_perl_TestBufferedStruct_t" errors="0" failures="0" skipped="0" tests="7" time="0.0797719955444336">
    <system-out>1..7
ok 1 - Equals
ok 2 - Equals
ok 3 - Equals
ok 4 - Equals
ok 5 - Equals
ok 6 - Equals
ok 7 - Equals
</system-out>
    <testcase name="Equals (966)" classname="spec_perl_TestBufferedStruct_t" time="0.0005340576171875" />
    <testcase name="Equals (967)" classname="spec_perl_TestBufferedStruct_t" time="0.000100851058959961" />
    <testcase name="Equals (968)" classname="spec_perl_TestBufferedStruct_t" time="8.20159912109375e-05" />
    <testcase name="Equals (969)" classname="spec_perl_TestBufferedStruct_t" time="0.000144004821777344" />
    <testcase name="Equals (970)" classname="spec_perl_TestBufferedStruct_t" time="0.000143051147460938" />
    <testcase name="Equals (971)" classname="spec_perl_TestBufferedStruct_t" time="0.000139951705932617" />
    <testcase name="Equals (972)" classname="spec_perl_TestBufferedStruct_t" time="0.000131130218505859" />
  </testsuite>
  <testsuite name="spec_perl_TestSwitchManualInt_t" errors="0" failures="0" skipped="0" tests="9" time="0.0960087776184082">
    <system-out>1..9
ok 1 - Equals
ok 2 - Equals
ok 3 - Equals
ok 4 - Equals
ok 5 - Equals
ok 6 - Equals
ok 7 - Equals
ok 8 - Equals
ok 9 - Equals
</system-out>
    <testcase name="Equals (973)" classname="spec_perl_TestSwitchManualInt_t" time="0.00025486946105957" />
    <testcase name="Equals (974)" classname="spec_perl_TestSwitchManualInt_t" time="6.50882720947266e-05" />
    <testcase name="Equals (975)" classname="spec_perl_TestSwitchManualInt_t" time="6.4849853515625e-05" />
    <testcase name="Equals (976)" classname="spec_perl_TestSwitchManualInt_t" time="3.71932983398438e-05" />
    <testcase name="Equals (977)" classname="spec_perl_TestSwitchManualInt_t" time="8.20159912109375e-05" />
    <testcase name="Equals (978)" classname="spec_perl_TestSwitchManualInt_t" time="0.000197887420654297" />
    <testcase name="Equals (979)" classname="spec_perl_TestSwitchManualInt_t" time="0.000135898590087891" />
    <testcase name="Equals (980)" classname="spec_perl_TestSwitchManualInt_t" time="0.000172138214111328" />
    <testcase name="Equals (981)" classname="spec_perl_TestSwitchManualInt_t" time="5.00679016113281e-05" />
  </testsuite>
  <testsuite name="spec_perl_TestProcessCoerceBytes_t" errors="0" failures="0" skipped="0" tests="4" time="0.0851380825042725">
    <system-out>1..4
ok 1 - Equals
ok 2 - Equals
ok 3 - Equals
ok 4 - Equals
</system-out>
    <testcase name="Equals (982)" classname="spec_perl_TestProcessCoerceBytes_t" time="0.000341892242431641" />
    <testcase name="Equals (983)" classname="spec_perl_TestProcessCoerceBytes_t" time="0.000108003616333008" />
    <testcase name="Equals (984)" classname="spec_perl_TestProcessCoerceBytes_t" time="0.000129938125610352" />
    <testcase name="Equals (985)" classname="spec_perl_TestProcessCoerceBytes_t" time="0.000192165374755859" />
  </testsuite>
</testsuites>
