<?xml version='1.0' encoding='utf-8'?>
<testsuites>
  <testsuite name="spec_perl_TestEofExceptionU4_t" errors="0" failures="0" skipped="0" tests="1" time="0.0308191776275635">
    <system-out>1..1
ok 1 - threw /^Requested \d+ bytes, but only \d+ bytes available/
</system-out>
    <testcase name="threw /^Requested \d+ bytes, but only \d+ bytes available/" classname="spec_perl_TestEofExceptionU4_t" time="0.00118184089660645" />
  </testsuite>
  <testsuite name="spec_perl_TestExprIoPos_t" errors="0" failures="0" skipped="0" tests="6" time="0.0340249538421631">
    <system-out>1..6
ok 1 - Equals
ok 2 - Equals
ok 3 - Equals
ok 4 - Equals
ok 5 - Equals
ok 6 - Equals
</system-out>
    <testcase name="Equals" classname="spec_perl_TestExprIoPos_t" time="0.0015261173248291" />
    <testcase name="Equals (2)" classname="spec_perl_TestExprIoPos_t" time="4.1961669921875e-05" />
    <testcase name="Equals (3)" classname="spec_perl_TestExprIoPos_t" time="6.69956207275391e-05" />
    <testcase name="Equals (4)" classname="spec_perl_TestExprIoPos_t" time="6.103515625e-05" />
    <testcase name="Equals (5)" classname="spec_perl_TestExprIoPos_t" time="5.98430633544922e-05" />
    <testcase name="Equals (6)" classname="spec_perl_TestExprIoPos_t" time="6.22272491455078e-05" />
  </testsuite>
  <testsuite name="spec_perl_TestExprBytesOps_t" errors="0" failures="0" skipped="0" tests="16" time="0.0307908058166504">
    <system-out>1..16
ok 1 - Equals
ok 2 - Equals
ok 3 - Equals
ok 4 - Equals
ok 5 - Equals
ok 6 - Equals
ok 7 - Equals
ok 8 - Equals
ok 9 - Equals
ok 10 - Equals
ok 11 - Equals
ok 12 - Equals
ok 13 - Equals
ok 14 - Equals
ok 15 - Equals
ok 16 - Equals
</system-out>
    <testcase name="Equals (7)" classname="spec_perl_TestExprBytesOps_t" time="0.00116896629333496" />
    <testcase name="Equals (8)" classname="spec_perl_TestExprBytesOps_t" time="4.50611114501953e-05" />
    <testcase name="Equals (9)" classname="spec_perl_TestExprBytesOps_t" time="6.103515625e-05" />
    <testcase name="Equals (10)" classname="spec_perl_TestExprBytesOps_t" time="6.29425048828125e-05" />
    <testcase name="Equals (11)" classname="spec_perl_TestExprBytesOps_t" time="6.50882720947266e-05" />
    <testcase name="Equals (12)" classname="spec_perl_TestExprBytesOps_t" time="6.4849853515625e-05" />
    <testcase name="Equals (13)" classname="spec_perl_TestExprBytesOps_t" time="7.51018524169922e-05" />
    <testcase name="Equals (14)" classname="spec_perl_TestExprBytesOps_t" time="7.10487365722656e-05" />
    <testcase name="Equals (15)" classname="spec_perl_TestExprBytesOps_t" time="5.69820404052734e-05" />
    <testcase name="Equals (16)" classname="spec_perl_TestExprBytesOps_t" time="6.00814819335938e-05" />
    <testcase name="Equals (17)" classname="spec_perl_TestExprBytesOps_t" time="6.07967376708984e-05" />
    <testcase name="Equals (18)" classname="spec_perl_TestExprBytesOps_t" time="6.00814819335938e-05" />
    <testcase name="Equals (19)" classname="spec_perl_TestExprBytesOps_t" time="6.19888305664062e-05" />
    <testcase name="Equals (20)" classname="spec_perl_TestExprBytesOps_t" time="5.79357147216797e-05" />
    <testcase name="Equals (21)" classname="spec_perl_TestExprBytesOps_t" time="5.81741333007812e-05" />
    <testcase name="Equals (22)" classname="spec_perl_TestExprBytesOps_t" time="6.19888305664062e-05" />
  </testsuite>
  <testsuite name="spec_perl_TestProcessCoerceUsertype2_t" errors="0" failures="0" skipped="0" tests="4" time="0.0304300785064697">
    <system-out>1..4
ok 1 - Equals
ok 2 - Equals
ok 3 - Equals
ok 4 - Equals
</system-out>
    <testcase name="Equals (23)" classname="spec_perl_TestProcessCoerceUsertype2_t" time="0.00144100189208984" />
    <testcase name="Equals (24)" classname="spec_perl_TestProcessCoerceUsertype2_t" time="4.1961669921875e-05" />
    <testcase name="Equals (25)" classname="spec_perl_TestProcessCoerceUsertype2_t" time="6.29425048828125e-05" />
    <testcase name="Equals (26)" classname="spec_perl_TestProcessCoerceUsertype2_t" time="6.41345977783203e-05" />
  </testsuite>
  <testsuite name="spec_perl_TestExprOpsParens_t" errors="0" failures="1" skipped="0" tests="9" time="0.0309431552886963">
    <system-out>1..9
ok 1 - Equals
ok 2 - Equals
ok 3 - Equals
ok 4 - Equals
ok 5 - Equals
ok 6 - Equals
not ok 7 - Equals
ok 8 - Equals
ok 9 - Equals
</system-out>
    <testcase name="Equals (27)" classname="spec_perl_TestExprOpsParens_t" time="0.00120806694030762" />
    <testcase name="Equals (28)" classname="spec_perl_TestExprOpsParens_t" time="5.29289245605469e-05" />
    <testcase name="Equals (29)" classname="spec_perl_TestExprOpsParens_t" time="7.10487365722656e-05" />
    <testcase name="Equals (30)" classname="spec_perl_TestExprOpsParens_t" time="6.60419464111328e-05" />
    <testcase name="Equals (31)" classname="spec_perl_TestExprOpsParens_t" time="6.79492950439453e-05" />
    <testcase name="Equals (32)" classname="spec_perl_TestExprOpsParens_t" time="6.4849853515625e-05" />
    <testcase name="Equals (33)" classname="spec_perl_TestExprOpsParens_t" time="7.82012939453125e-05">
      <failure message="not ok 7 - Equals" type="TAP::Parser::Result::Test"></failure>
    </testcase>
    <testcase name="Equals (34)" classname="spec_perl_TestExprOpsParens_t" time="0.000890016555786133" />
    <testcase name="Equals (35)" classname="spec_perl_TestExprOpsParens_t" time="0.000211000442504883" />
  </testsuite>
  <testsuite name="spec_perl_TestSwitchManualIntSize_t" errors="0" failures="0" skipped="0" tests="10" time="0.0350549221038818">
    <system-out>1..10
ok 1 - Equals
ok 2 - Equals
ok 3 - Equals
ok 4 - Equals
ok 5 - Equals
ok 6 - Equals
ok 7 - Equals
ok 8 - Equals
ok 9 - Equals
ok 10 - Equals
</system-out>
    <testcase name="Equals (36)" classname="spec_perl_TestSwitchManualIntSize_t" time="0.00156903266906738" />
    <testcase name="Equals (37)" classname="spec_perl_TestSwitchManualIntSize_t" time="4.60147857666016e-05" />
    <testcase name="Equals (38)" classname="spec_perl_TestSwitchManualIntSize_t" time="6.29425048828125e-05" />
    <testcase name="Equals (39)" classname="spec_perl_TestSwitchManualIntSize_t" time="5.88893890380859e-05" />
    <testcase name="Equals (40)" classname="spec_perl_TestSwitchManualIntSize_t" time="6.19888305664062e-05" />
    <testcase name="Equals (41)" classname="spec_perl_TestSwitchManualIntSize_t" time="0.000115156173706055" />
    <testcase name="Equals (42)" classname="spec_perl_TestSwitchManualIntSize_t" time="6.79492950439453e-05" />
    <testcase name="Equals (43)" classname="spec_perl_TestSwitchManualIntSize_t" time="6.103515625e-05" />
    <testcase name="Equals (44)" classname="spec_perl_TestSwitchManualIntSize_t" time="6.38961791992188e-05" />
    <testcase name="Equals (45)" classname="spec_perl_TestSwitchManualIntSize_t" time="6.41345977783203e-05" />
  </testsuite>
  <testsuite name="spec_perl_TestInstanceIoUser_t" errors="0" failures="0" skipped="0" tests="4" time="0.0342888832092285">
    <system-out>1..4
ok 1 - Equals
ok 2 - Equals
ok 3 - Equals
ok 4 - Equals
</system-out>
    <testcase name="Equals (46)" classname="spec_perl_TestInstanceIoUser_t" time="0.00153803825378418" />
    <testcase name="Equals (47)" classname="spec_perl_TestInstanceIoUser_t" time="8.20159912109375e-05" />
    <testcase name="Equals (48)" classname="spec_perl_TestInstanceIoUser_t" time="7.79628753662109e-05" />
    <testcase name="Equals (49)" classname="spec_perl_TestInstanceIoUser_t" time="7.70092010498047e-05" />
  </testsuite>
  <testsuite name="spec_perl_TestNavParent2_t" errors="0" failures="0" skipped="0" tests="10" time="0.0343689918518066">
    <system-out>1..10
ok 1 - Equals
ok 2 - Equals
ok 3 - Equals
ok 4 - Equals
ok 5 - Equals
ok 6 - Equals
ok 7 - Equals
ok 8 - Equals
ok 9 - Equals
ok 10 - Equals
</system-out>
    <testcase name="Equals (50)" classname="spec_perl_TestNavParent2_t" time="0.00124597549438477" />
    <testcase name="Equals (51)" classname="spec_perl_TestNavParent2_t" time="4.60147857666016e-05" />
    <testcase name="Equals (52)" classname="spec_perl_TestNavParent2_t" time="5.60283660888672e-05" />
    <testcase name="Equals (53)" classname="spec_perl_TestNavParent2_t" time="5.88893890380859e-05" />
    <testcase name="Equals (54)" classname="spec_perl_TestNavParent2_t" time="5.81741333007812e-05" />
    <testcase name="Equals (55)" classname="spec_perl_TestNavParent2_t" time="0.0001068115234375" />
    <testcase name="Equals (56)" classname="spec_perl_TestNavParent2_t" time="6.103515625e-05" />
    <testcase name="Equals (57)" classname="spec_perl_TestNavParent2_t" time="5.79357147216797e-05" />
    <testcase name="Equals (58)" classname="spec_perl_TestNavParent2_t" time="5.81741333007812e-05" />
    <testcase name="Equals (59)" classname="spec_perl_TestNavParent2_t" time="8.58306884765625e-05" />
  </testsuite>
  <testsuite name="spec_perl_TestValidLong_t" errors="0" failures="0" skipped="1" tests="1" time="0.0338599681854248">
    <system-out>1..1
ok 1 # skip ValidLong=HASH(0x55d083bdf450)
</system-out>
    <testcase name="Unnamed test case 59" classname="spec_perl_TestValidLong_t" time="0.00148797035217285">
      <skipped message="ok 1 # skip ValidLong=HASH(0x55d083bdf450)" />
    </testcase>
  </testsuite>
  <testsuite name="spec_perl_TestTypeTernaryOpaque_t" errors="0" failures="0" skipped="0" tests="3" time="0.0341119766235352">
    <system-out>1..3
ok 1 - Equals
ok 2 - Equals
ok 3 - Equals
</system-out>
    <testcase name="Equals (60)" classname="spec_perl_TestTypeTernaryOpaque_t" time="0.00150299072265625" />
    <testcase name="Equals (61)" classname="spec_perl_TestTypeTernaryOpaque_t" time="4.1961669921875e-05" />
    <testcase name="Equals (62)" classname="spec_perl_TestTypeTernaryOpaque_t" time="6.60419464111328e-05" />
  </testsuite>
  <testsuite name="spec_perl_TestImports0_t" errors="0" failures="0" skipped="0" tests="3" time="0.0299038887023926">
    <system-out>1..3
ok 1 - Equals
ok 2 - Equals
ok 3 - Equals
</system-out>
    <testcase name="Equals (63)" classname="spec_perl_TestImports0_t" time="0.00116300582885742" />
    <testcase name="Equals (64)" classname="spec_perl_TestImports0_t" time="5.00679016113281e-05" />
    <testcase name="Equals (65)" classname="spec_perl_TestImports0_t" time="6.19888305664062e-05" />
  </testsuite>
  <testsuite name="spec_perl_TestNonStandard_t" errors="0" failures="0" skipped="0" tests="1" time="0.0295791625976562">
    <system-out>1..1
ok 1 - Equals
</system-out>
    <testcase name="Equals (66)" classname="spec_perl_TestNonStandard_t" time="0.001129150390625" />
  </testsuite>
  <testsuite name="spec_perl_TestCastToImported_t" errors="0" failures="0" skipped="0" tests="2" time="0.0297598838806152">
    <system-out>1..2
ok 1 - Equals
ok 2 - Equals
</system-out>
    <testcase name="Equals (67)" classname="spec_perl_TestCastToImported_t" time="0.00116515159606934" />
    <testcase name="Equals (68)" classname="spec_perl_TestCastToImported_t" time="4.38690185546875e-05" />
  </testsuite>
  <testsuite name="spec_perl_TestBitsSimpleLe_t" errors="0" failures="0" skipped="0" tests="14" time="0.0313761234283447">
    <system-out>1..14
ok 1 - Equals
ok 2 - Equals
ok 3 - Equals
ok 4 - Equals
ok 5 - Equals
ok 6 - Equals
ok 7 - Equals
ok 8 - Equals
ok 9 - Equals
ok 10 - Equals
ok 11 - Equals
ok 12 - Equals
ok 13 - Equals
ok 14 - Equals
</system-out>
    <testcase name="Equals (69)" classname="spec_perl_TestBitsSimpleLe_t" time="0.00123190879821777" />
    <testcase name="Equals (70)" classname="spec_perl_TestBitsSimpleLe_t" time="4.69684600830078e-05" />
    <testcase name="Equals (71)" classname="spec_perl_TestBitsSimpleLe_t" time="4.00543212890625e-05" />
    <testcase name="Equals (72)" classname="spec_perl_TestBitsSimpleLe_t" time="6.91413879394531e-05" />
    <testcase name="Equals (73)" classname="spec_perl_TestBitsSimpleLe_t" time="6.07967376708984e-05" />
    <testcase name="Equals (74)" classname="spec_perl_TestBitsSimpleLe_t" time="5.91278076171875e-05" />
    <testcase name="Equals (75)" classname="spec_perl_TestBitsSimpleLe_t" time="5.88893890380859e-05" />
    <testcase name="Equals (76)" classname="spec_perl_TestBitsSimpleLe_t" time="5.69820404052734e-05" />
    <testcase name="Equals (77)" classname="spec_perl_TestBitsSimpleLe_t" time="6.103515625e-05" />
    <testcase name="Equals (78)" classname="spec_perl_TestBitsSimpleLe_t" time="6.31809234619141e-05" />
    <testcase name="Equals (79)" classname="spec_perl_TestBitsSimpleLe_t" time="3.60012054443359e-05" />
    <testcase name="Equals (80)" classname="spec_perl_TestBitsSimpleLe_t" time="6.58035278320312e-05" />
    <testcase name="Equals (81)" classname="spec_perl_TestBitsSimpleLe_t" time="5.69820404052734e-05" />
    <testcase name="Equals (82)" classname="spec_perl_TestBitsSimpleLe_t" time="5.81741333007812e-05" />
  </testsuite>
  <testsuite name="spec_perl_TestExprSizeofValue0_t" errors="0" failures="0" skipped="0" tests="5" time="0.0296339988708496">
    <system-out>1..5
ok 1 - Equals
ok 2 - Equals
ok 3 - Equals
ok 4 - Equals
ok 5 - Equals
</system-out>
    <testcase name="Equals (83)" classname="spec_perl_TestExprSizeofValue0_t" time="0.001190185546875" />
    <testcase name="Equals (84)" classname="spec_perl_TestExprSizeofValue0_t" time="4.38690185546875e-05" />
    <testcase name="Equals (85)" classname="spec_perl_TestExprSizeofValue0_t" time="6.50882720947266e-05" />
    <testcase name="Equals (86)" classname="spec_perl_TestExprSizeofValue0_t" time="5.88893890380859e-05" />
    <testcase name="Equals (87)" classname="spec_perl_TestExprSizeofValue0_t" time="6.103515625e-05" />
  </testsuite>
  <testsuite name="spec_perl_TestStrEncodingsUtf16_t" errors="0" failures="0" skipped="0" tests="6" time="0.0349409580230713">
    <system-out>1..6
ok 1 - Equals
ok 2 - Equals
ok 3 - Equals
ok 4 - Equals
ok 5 - Equals
ok 6 - Equals
</system-out>
    <testcase name="Equals (88)" classname="spec_perl_TestStrEncodingsUtf16_t" time="0.00218796730041504" />
    <testcase name="Equals (89)" classname="spec_perl_TestStrEncodingsUtf16_t" time="4.50611114501953e-05" />
    <testcase name="Equals (90)" classname="spec_perl_TestStrEncodingsUtf16_t" time="5.91278076171875e-05" />
    <testcase name="Equals (91)" classname="spec_perl_TestStrEncodingsUtf16_t" time="6.07967376708984e-05" />
    <testcase name="Equals (92)" classname="spec_perl_TestStrEncodingsUtf16_t" time="6.81877136230469e-05" />
    <testcase name="Equals (93)" classname="spec_perl_TestStrEncodingsUtf16_t" time="4.69684600830078e-05" />
  </testsuite>
  <testsuite name="spec_perl_TestEnumIntRangeS_t" errors="0" failures="0" skipped="0" tests="3" time="0.0296759605407715">
    <system-out>1..3
ok 1 - Equals
ok 2 - Equals
ok 3 - Equals
</system-out>
    <testcase name="Equals (94)" classname="spec_perl_TestEnumIntRangeS_t" time="0.00114893913269043" />
    <testcase name="Equals (95)" classname="spec_perl_TestEnumIntRangeS_t" time="5.10215759277344e-05" />
    <testcase name="Equals (96)" classname="spec_perl_TestEnumIntRangeS_t" time="4.00543212890625e-05" />
  </testsuite>
  <testsuite name="spec_perl_TestStrEncodingsDefault_t" errors="0" failures="0" skipped="0" tests="4" time="0.0369501113891602">
    <system-out>1..4
ok 1 - Equals
ok 2 - Equals
ok 3 - Equals
ok 4 - Equals
</system-out>
    <testcase name="Equals (97)" classname="spec_perl_TestStrEncodingsDefault_t" time="0.0044090747833252" />
    <testcase name="Equals (98)" classname="spec_perl_TestStrEncodingsDefault_t" time="4.29153442382812e-05" />
    <testcase name="Equals (99)" classname="spec_perl_TestStrEncodingsDefault_t" time="6.69956207275391e-05" />
    <testcase name="Equals (100)" classname="spec_perl_TestStrEncodingsDefault_t" time="6.19888305664062e-05" />
  </testsuite>
  <testsuite name="spec_perl_TestIfValues_t" errors="0" failures="0" skipped="0" tests="6" time="0.0303640365600586">
    <system-out>1..6
ok 1 - Equals
ok 2 - Equals
ok 3 - Equals
ok 4 - nil
ok 5 - Equals
ok 6 - nil
</system-out>
    <testcase name="Equals (101)" classname="spec_perl_TestIfValues_t" time="0.0012199878692627" />
    <testcase name="Equals (102)" classname="spec_perl_TestIfValues_t" time="4.60147857666016e-05" />
    <testcase name="Equals (103)" classname="spec_perl_TestIfValues_t" time="5.48362731933594e-05" />
    <testcase name="nil (103)" classname="spec_perl_TestIfValues_t" time="3.91006469726562e-05" />
    <testcase name="Equals (104)" classname="spec_perl_TestIfValues_t" time="6.00814819335938e-05" />
    <testcase name="nil (104)" classname="spec_perl_TestIfValues_t" time="3.88622283935547e-05" />
  </testsuite>
  <testsuite name="spec_perl_TestTermU1Val_t" errors="0" failures="0" skipped="0" tests="2" time="0.0335259437561035">
    <system-out>1..2
ok 1 - Equals
ok 2 - Equals
</system-out>
    <testcase name="Equals (105)" classname="spec_perl_TestTermU1Val_t" time="0.0012049674987793" />
    <testcase name="Equals (106)" classname="spec_perl_TestTermU1Val_t" time="4.10079956054688e-05" />
  </testsuite>
  <testsuite name="spec_perl_TestOpaqueExternalType02Parent_t" errors="0" failures="0" skipped="0" tests="3" time="0.0341370105743408">
    <system-out>1..3
ok 1 - Equals
ok 2 - Equals
ok 3 - Equals
</system-out>
    <testcase name="Equals (107)" classname="spec_perl_TestOpaqueExternalType02Parent_t" time="0.0012671947479248" />
    <testcase name="Equals (108)" classname="spec_perl_TestOpaqueExternalType02Parent_t" time="4.29153442382812e-05" />
    <testcase name="Equals (109)" classname="spec_perl_TestOpaqueExternalType02Parent_t" time="6.79492950439453e-05" />
  </testsuite>
  <testsuite name="spec_perl_TestParamsPassBool_t" errors="0" failures="1" skipped="13" tests="14" time="0.0303640365600586">
    <system-out>1..14
not ok 1 - test_params_pass_bool died (Requested 2 bytes, but only 1 bytes available at ../runtime/perl/lib/IO/KaitaiStruct.pm line 338.)
ok 2 # skip test_params_pass_bool died
ok 3 # skip test_params_pass_bool died
ok 4 # skip test_params_pass_bool died
ok 5 # skip test_params_pass_bool died
ok 6 # skip test_params_pass_bool died
ok 7 # skip test_params_pass_bool died
ok 8 # skip test_params_pass_bool died
ok 9 # skip test_params_pass_bool died
ok 10 # skip test_params_pass_bool died
ok 11 # skip test_params_pass_bool died
ok 12 # skip test_params_pass_bool died
ok 13 # skip test_params_pass_bool died
ok 14 # skip test_params_pass_bool died
</system-out>
    <testcase name="test_params_pass_bool died (Requested 2 bytes, but only 1 bytes available at ../runtime/perl/lib/IO/KaitaiStruct.pm line 338.) (109)" classname="spec_perl_TestParamsPassBool_t" time="0.00122404098510742">
      <failure message="not ok 1 - test_params_pass_bool died (Requested 2 bytes, but only 1 bytes available at ../runtime/perl/lib/IO/KaitaiStruct.pm line 338.)" type="TAP::Parser::Result::Test"></failure>
    </testcase>
    <testcase name="Unnamed test case 109" classname="spec_perl_TestParamsPassBool_t" time="0.000349044799804688">
      <skipped message="ok 2 # skip test_params_pass_bool died" />
    </testcase>
    <testcase name="Unnamed test case 110" classname="spec_perl_TestParamsPassBool_t" time="4.41074371337891e-05">
      <skipped message="ok 3 # skip test_params_pass_bool died" />
    </testcase>
    <testcase name="Unnamed test case 111" classname="spec_perl_TestParamsPassBool_t" time="3.19480895996094e-05">
      <skipped message="ok 4 # skip test_params_pass_bool died" />
    </testcase>
    <testcase name="Unnamed test case 112" classname="spec_perl_TestParamsPassBool_t" time="3.19480895996094e-05">
      <skipped message="ok 5 # skip test_params_pass_bool died" />
    </testcase>
    <testcase name="Unnamed test case 113" classname="spec_perl_TestParamsPassBool_t" time="3.09944152832031e-05">
      <skipped message="ok 6 # skip test_params_pass_bool died" />
    </testcase>
    <testcase name="Unnamed test case 114" classname="spec_perl_TestParamsPassBool_t" time="3.00407409667969e-05">
      <skipped message="ok 7 # skip test_params_pass_bool died" />
    </testcase>
    <testcase name="Unnamed test case 115" classname="spec_perl_TestParamsPassBool_t" time="3.38554382324219e-05">
      <skipped message="ok 8 # skip test_params_pass_bool died" />
    </testcase>
    <testcase name="Unnamed test case 116" classname="spec_perl_TestParamsPassBool_t" time="3.00407409667969e-05">
      <skipped message="ok 9 # skip test_params_pass_bool died" />
    </testcase>
    <testcase name="Unnamed test case 117" classname="spec_perl_TestParamsPassBool_t" time="4.60147857666016e-05">
      <skipped message="ok 10 # skip test_params_pass_bool died" />
    </testcase>
    <testcase name="Unnamed test case 118" classname="spec_perl_TestParamsPassBool_t" time="3.09944152832031e-05">
      <skipped message="ok 11 # skip test_params_pass_bool died" />
    </testcase>
    <testcase name="Unnamed test case 119" classname="spec_perl_TestParamsPassBool_t" time="3.00407409667969e-05">
      <skipped message="ok 12 # skip test_params_pass_bool died" />
    </testcase>
    <testcase name="Unnamed test case 120" classname="spec_perl_TestParamsPassBool_t" time="2.90870666503906e-05">
      <skipped message="ok 13 # skip test_params_pass_bool died" />
    </testcase>
    <testcase name="Unnamed test case 121" classname="spec_perl_TestParamsPassBool_t" time="3.48091125488281e-05">
      <skipped message="ok 14 # skip test_params_pass_bool died" />
    </testcase>
  </testsuite>
  <testsuite name="spec_perl_TestCombineBytes_t" errors="0" failures="0" skipped="0" tests="10" time="0.0316789150238037">
    <system-out>1..10
ok 1 - Equals
ok 2 - Equals
ok 3 - Equals
ok 4 - Equals
ok 5 - Equals
ok 6 - Equals
ok 7 - Equals
ok 8 - Equals
ok 9 - Equals
ok 10 - Equals
</system-out>
    <testcase name="Equals (121)" classname="spec_perl_TestCombineBytes_t" time="0.00118708610534668" />
    <testcase name="Equals (122)" classname="spec_perl_TestCombineBytes_t" time="4.69684600830078e-05" />
    <testcase name="Equals (123)" classname="spec_perl_TestCombineBytes_t" time="6.19888305664062e-05" />
    <testcase name="Equals (124)" classname="spec_perl_TestCombineBytes_t" time="6.103515625e-05" />
    <testcase name="Equals (125)" classname="spec_perl_TestCombineBytes_t" time="6.4849853515625e-05" />
    <testcase name="Equals (126)" classname="spec_perl_TestCombineBytes_t" time="6.81877136230469e-05" />
    <testcase name="Equals (127)" classname="spec_perl_TestCombineBytes_t" time="5.10215759277344e-05" />
    <testcase name="Equals (128)" classname="spec_perl_TestCombineBytes_t" time="5.79357147216797e-05" />
    <testcase name="Equals (129)" classname="spec_perl_TestCombineBytes_t" time="5.79357147216797e-05" />
    <testcase name="Equals (130)" classname="spec_perl_TestCombineBytes_t" time="6.38961791992188e-05" />
  </testsuite>
  <testsuite name="spec_perl_TestEnumNegative_t" errors="0" failures="0" skipped="0" tests="2" time="0.0297219753265381">
    <system-out>1..2
ok 1 - Equals
ok 2 - Equals
</system-out>
    <testcase name="Equals (131)" classname="spec_perl_TestEnumNegative_t" time="0.00117993354797363" />
    <testcase name="Equals (132)" classname="spec_perl_TestEnumNegative_t" time="4.50611114501953e-05" />
  </testsuite>
  <testsuite name="spec_perl_TestBitsEnum_t" errors="0" failures="0" skipped="0" tests="3" time="0.0301640033721924">
    <system-out>1..3
ok 1 - Equals
ok 2 - Equals
ok 3 - Equals
</system-out>
    <testcase name="Equals (133)" classname="spec_perl_TestBitsEnum_t" time="0.00115013122558594" />
    <testcase name="Equals (134)" classname="spec_perl_TestBitsEnum_t" time="4.79221343994141e-05" />
    <testcase name="Equals (135)" classname="spec_perl_TestBitsEnum_t" time="4.50611114501953e-05" />
  </testsuite>
  <testsuite name="spec_perl_TestStrPadTerm_t" errors="0" failures="0" skipped="0" tests="4" time="0.0340299606323242">
    <system-out>1..4
ok 1 - Equals
ok 2 - Equals
ok 3 - Equals
ok 4 - Equals
</system-out>
    <testcase name="Equals (136)" classname="spec_perl_TestStrPadTerm_t" time="0.00124096870422363" />
    <testcase name="Equals (137)" classname="spec_perl_TestStrPadTerm_t" time="4.79221343994141e-05" />
    <testcase name="Equals (138)" classname="spec_perl_TestStrPadTerm_t" time="3.91006469726562e-05" />
    <testcase name="Equals (139)" classname="spec_perl_TestStrPadTerm_t" time="6.29425048828125e-05" />
  </testsuite>
  <testsuite name="spec_perl_TestSwitchRepeatExpr_t" errors="0" failures="0" skipped="0" tests="3" time="0.030242919921875">
    <system-out>1..3
ok 1 - Equals
ok 2 - Equals
ok 3 - Equals
</system-out>
    <testcase name="Equals (140)" classname="spec_perl_TestSwitchRepeatExpr_t" time="0.00153303146362305" />
    <testcase name="Equals (141)" classname="spec_perl_TestSwitchRepeatExpr_t" time="4.38690185546875e-05" />
    <testcase name="Equals (142)" classname="spec_perl_TestSwitchRepeatExpr_t" time="5.50746917724609e-05" />
  </testsuite>
  <testsuite name="spec_perl_TestPositionToEnd_t" errors="0" failures="0" skipped="0" tests="2" time="0.0298459529876709">
    <system-out>1..2
ok 1 - Equals
ok 2 - Equals
</system-out>
    <testcase name="Equals (143)" classname="spec_perl_TestPositionToEnd_t" time="0.00118899345397949" />
    <testcase name="Equals (144)" classname="spec_perl_TestPositionToEnd_t" time="4.38690185546875e-05" />
  </testsuite>
  <testsuite name="spec_perl_TestDefaultEndianExprInherited_t" errors="0" failures="0" skipped="0" tests="15" time="0.0315170288085938">
    <system-out>1..15
ok 1 - Equals
ok 2 - Equals
ok 3 - Equals
ok 4 - Equals
ok 5 - Equals
ok 6 - Equals
ok 7 - Equals
ok 8 - Equals
ok 9 - Equals
ok 10 - Equals
ok 11 - Equals
ok 12 - Equals
ok 13 - Equals
ok 14 - Equals
ok 15 - Equals
</system-out>
    <testcase name="Equals (145)" classname="spec_perl_TestDefaultEndianExprInherited_t" time="0.00124096870422363" />
    <testcase name="Equals (146)" classname="spec_perl_TestDefaultEndianExprInherited_t" time="4.50611114501953e-05" />
    <testcase name="Equals (147)" classname="spec_perl_TestDefaultEndianExprInherited_t" time="6.29425048828125e-05" />
    <testcase name="Equals (148)" classname="spec_perl_TestDefaultEndianExprInherited_t" time="6.60419464111328e-05" />
    <testcase name="Equals (149)" classname="spec_perl_TestDefaultEndianExprInherited_t" time="7.60555267333984e-05" />
    <testcase name="Equals (150)" classname="spec_perl_TestDefaultEndianExprInherited_t" time="6.29425048828125e-05" />
    <testcase name="Equals (151)" classname="spec_perl_TestDefaultEndianExprInherited_t" time="6.19888305664062e-05" />
    <testcase name="Equals (152)" classname="spec_perl_TestDefaultEndianExprInherited_t" time="6.00814819335938e-05" />
    <testcase name="Equals (153)" classname="spec_perl_TestDefaultEndianExprInherited_t" time="5.98430633544922e-05" />
    <testcase name="Equals (154)" classname="spec_perl_TestDefaultEndianExprInherited_t" time="6.91413879394531e-05" />
    <testcase name="Equals (155)" classname="spec_perl_TestDefaultEndianExprInherited_t" time="6.00814819335938e-05" />
    <testcase name="Equals (156)" classname="spec_perl_TestDefaultEndianExprInherited_t" time="5.88893890380859e-05" />
    <testcase name="Equals (157)" classname="spec_perl_TestDefaultEndianExprInherited_t" time="6.19888305664062e-05" />
    <testcase name="Equals (158)" classname="spec_perl_TestDefaultEndianExprInherited_t" time="6.60419464111328e-05" />
    <testcase name="Equals (159)" classname="spec_perl_TestDefaultEndianExprInherited_t" time="6.19888305664062e-05" />
  </testsuite>
  <testsuite name="spec_perl_TestSwitchManualEnumInvalid_t" errors="0" failures="0" skipped="0" tests="5" time="0.0340020656585693">
    <system-out>1..5
ok 1 - Equals
ok 2 - Equals
ok 3 - nil
ok 4 - Equals
ok 5 - nil
</system-out>
    <testcase name="Equals (160)" classname="spec_perl_TestSwitchManualEnumInvalid_t" time="0.00120806694030762" />
    <testcase name="Equals (161)" classname="spec_perl_TestSwitchManualEnumInvalid_t" time="5.19752502441406e-05" />
    <testcase name="nil (161)" classname="spec_perl_TestSwitchManualEnumInvalid_t" time="3.19480895996094e-05" />
    <testcase name="Equals (162)" classname="spec_perl_TestSwitchManualEnumInvalid_t" time="3.91006469726562e-05" />
    <testcase name="nil (162)" classname="spec_perl_TestSwitchManualEnumInvalid_t" time="3.79085540771484e-05" />
  </testsuite>
  <testsuite name="spec_perl_TestExprIoEof_t" errors="0" failures="0" skipped="0" tests="4" time="0.0302660465240479">
    <system-out>1..4
ok 1 - Equals
ok 2 - nil
ok 3 - Equals
ok 4 - Equals
</system-out>
    <testcase name="Equals (163)" classname="spec_perl_TestExprIoEof_t" time="0.0014808177947998" />
    <testcase name="nil (163)" classname="spec_perl_TestExprIoEof_t" time="4.50611114501953e-05" />
    <testcase name="Equals (164)" classname="spec_perl_TestExprIoEof_t" time="4.41074371337891e-05" />
    <testcase name="Equals (165)" classname="spec_perl_TestExprIoEof_t" time="6.29425048828125e-05" />
  </testsuite>
  <testsuite name="spec_perl_TestEosExceptionU4_t" errors="0" failures="0" skipped="0" tests="1" time="0.0309898853302002">
    <system-out>1..1
ok 1 - threw /^Requested \d+ bytes, but only \d+ bytes available/
</system-out>
    <testcase name="threw /^Requested \d+ bytes, but only \d+ bytes available/ (165)" classname="spec_perl_TestEosExceptionU4_t" time="0.00140595436096191" />
  </testsuite>
  <testsuite name="spec_perl_TestBitsSignedShiftB32Le_t" errors="0" failures="0" skipped="0" tests="2" time="0.0295789241790771">
    <system-out>1..2
ok 1 - Equals
ok 2 - Equals
</system-out>
    <testcase name="Equals (166)" classname="spec_perl_TestBitsSignedShiftB32Le_t" time="0.0011751651763916" />
    <testcase name="Equals (167)" classname="spec_perl_TestBitsSignedShiftB32Le_t" time="4.48226928710938e-05" />
  </testsuite>
  <testsuite name="spec_perl_TestEnumIf_t" errors="0" failures="0" skipped="0" tests="7" time="0.0345580577850342">
    <system-out>1..7
ok 1 - Equals
ok 2 - Equals
ok 3 - Equals
ok 4 - Equals
ok 5 - Equals
ok 6 - Equals
ok 7 - Equals
</system-out>
    <testcase name="Equals (168)" classname="spec_perl_TestEnumIf_t" time="0.00130200386047363" />
    <testcase name="Equals (169)" classname="spec_perl_TestEnumIf_t" time="4.50611114501953e-05" />
    <testcase name="Equals (170)" classname="spec_perl_TestEnumIf_t" time="4.79221343994141e-05" />
    <testcase name="Equals (171)" classname="spec_perl_TestEnumIf_t" time="6.41345977783203e-05" />
    <testcase name="Equals (172)" classname="spec_perl_TestEnumIf_t" time="5.79357147216797e-05" />
    <testcase name="Equals (173)" classname="spec_perl_TestEnumIf_t" time="6.00814819335938e-05" />
    <testcase name="Equals (174)" classname="spec_perl_TestEnumIf_t" time="5.98430633544922e-05" />
  </testsuite>
  <testsuite name="spec_perl_TestMetaTags_t" errors="0" failures="0" skipped="1" tests="1" time="0.0293560028076172">
    <system-out>1..1
ok 1 # skip MetaTags=HASH(0x55f1f1d0b218)
</system-out>
    <testcase name="Unnamed test case 174" classname="spec_perl_TestMetaTags_t" time="0.00136590003967285">
      <skipped message="ok 1 # skip MetaTags=HASH(0x55f1f1d0b218)" />
    </testcase>
  </testsuite>
  <testsuite name="spec_perl_TestNavRoot_t" errors="0" failures="0" skipped="0" tests="5" time="0.0336780548095703">
    <system-out>1..5
ok 1 - Equals
ok 2 - Equals
ok 3 - Equals
ok 4 - Equals
ok 5 - Equals
</system-out>
    <testcase name="Equals (175)" classname="spec_perl_TestNavRoot_t" time="0.00124907493591309" />
    <testcase name="Equals (176)" classname="spec_perl_TestNavRoot_t" time="4.41074371337891e-05" />
    <testcase name="Equals (177)" classname="spec_perl_TestNavRoot_t" time="7.10487365722656e-05" />
    <testcase name="Equals (178)" classname="spec_perl_TestNavRoot_t" time="6.07967376708984e-05" />
    <testcase name="Equals (179)" classname="spec_perl_TestNavRoot_t" time="6.41345977783203e-05" />
  </testsuite>
  <testsuite name="spec_perl_TestBitsSignedShiftB64Le_t" errors="0" failures="0" skipped="0" tests="2" time="0.0304510593414307">
    <system-out>1..2
ok 1 - Equals
ok 2 - Equals
</system-out>
    <testcase name="Equals (180)" classname="spec_perl_TestBitsSignedShiftB64Le_t" time="0.00116610527038574" />
    <testcase name="Equals (181)" classname="spec_perl_TestBitsSignedShiftB64Le_t" time="4.60147857666016e-05" />
  </testsuite>
  <testsuite name="spec_perl_TestZlibWithHeader78_t" errors="0" failures="0" skipped="0" tests="1" time="0.0550301074981689">
    <system-out>1..1
ok 1 - Equals
</system-out>
    <testcase name="Equals (182)" classname="spec_perl_TestZlibWithHeader78_t" time="0.0012669563293457" />
  </testsuite>
  <testsuite name="spec_perl_TestDefaultEndianExprIsLe_t" errors="0" failures="0" skipped="0" tests="12" time="0.030709981918335">
    <system-out>1..12
ok 1 - Equals
ok 2 - Equals
ok 3 - Equals
ok 4 - Equals
ok 5 - Equals
ok 6 - Equals
ok 7 - Equals
ok 8 - Equals
ok 9 - Equals
ok 10 - Equals
ok 11 - Equals
ok 12 - Equals
</system-out>
    <testcase name="Equals (183)" classname="spec_perl_TestDefaultEndianExprIsLe_t" time="0.0012359619140625" />
    <testcase name="Equals (184)" classname="spec_perl_TestDefaultEndianExprIsLe_t" time="4.38690185546875e-05" />
    <testcase name="Equals (185)" classname="spec_perl_TestDefaultEndianExprIsLe_t" time="6.81877136230469e-05" />
    <testcase name="Equals (186)" classname="spec_perl_TestDefaultEndianExprIsLe_t" time="6.89029693603516e-05" />
    <testcase name="Equals (187)" classname="spec_perl_TestDefaultEndianExprIsLe_t" time="5.60283660888672e-05" />
    <testcase name="Equals (188)" classname="spec_perl_TestDefaultEndianExprIsLe_t" time="6.103515625e-05" />
    <testcase name="Equals (189)" classname="spec_perl_TestDefaultEndianExprIsLe_t" time="5.88893890380859e-05" />
    <testcase name="Equals (190)" classname="spec_perl_TestDefaultEndianExprIsLe_t" time="6.00814819335938e-05" />
    <testcase name="Equals (191)" classname="spec_perl_TestDefaultEndianExprIsLe_t" time="5.79357147216797e-05" />
    <testcase name="Equals (192)" classname="spec_perl_TestDefaultEndianExprIsLe_t" time="6.00814819335938e-05" />
    <testcase name="Equals (193)" classname="spec_perl_TestDefaultEndianExprIsLe_t" time="5.88893890380859e-05" />
    <testcase name="Equals (194)" classname="spec_perl_TestDefaultEndianExprIsLe_t" time="6.00814819335938e-05" />
  </testsuite>
  <testsuite name="spec_perl_TestExprSizeofValueSized_t" errors="0" failures="0" skipped="0" tests="5" time="0.0299501419067383">
    <system-out>1..5
ok 1 - Equals
ok 2 - Equals
ok 3 - Equals
ok 4 - Equals
ok 5 - Equals
</system-out>
    <testcase name="Equals (195)" classname="spec_perl_TestExprSizeofValueSized_t" time="0.00141096115112305" />
    <testcase name="Equals (196)" classname="spec_perl_TestExprSizeofValueSized_t" time="4.29153442382812e-05" />
    <testcase name="Equals (197)" classname="spec_perl_TestExprSizeofValueSized_t" time="6.41345977783203e-05" />
    <testcase name="Equals (198)" classname="spec_perl_TestExprSizeofValueSized_t" time="5.98430633544922e-05" />
    <testcase name="Equals (199)" classname="spec_perl_TestExprSizeofValueSized_t" time="6.103515625e-05" />
  </testsuite>
  <testsuite name="spec_perl_TestNestedTypes3_t" errors="0" failures="0" skipped="0" tests="5" time="0.0298199653625488">
    <system-out>1..5
ok 1 - Equals
ok 2 - Equals
ok 3 - Equals
ok 4 - Equals
ok 5 - Equals
</system-out>
    <testcase name="Equals (200)" classname="spec_perl_TestNestedTypes3_t" time="0.00119185447692871" />
    <testcase name="Equals (201)" classname="spec_perl_TestNestedTypes3_t" time="4.50611114501953e-05" />
    <testcase name="Equals (202)" classname="spec_perl_TestNestedTypes3_t" time="6.79492950439453e-05" />
    <testcase name="Equals (203)" classname="spec_perl_TestNestedTypes3_t" time="6.41345977783203e-05" />
    <testcase name="Equals (204)" classname="spec_perl_TestNestedTypes3_t" time="6.19888305664062e-05" />
  </testsuite>
  <testsuite name="spec_perl_TestEnumDeepLiterals_t" errors="0" failures="0" skipped="0" tests="2" time="0.0304379463195801">
    <system-out>1..2
ok 1 - Equals
ok 2 - Equals
</system-out>
    <testcase name="Equals (205)" classname="spec_perl_TestEnumDeepLiterals_t" time="0.00121116638183594" />
    <testcase name="Equals (206)" classname="spec_perl_TestEnumDeepLiterals_t" time="4.38690185546875e-05" />
  </testsuite>
  <testsuite name="spec_perl_TestNavParentFalse2_t" errors="0" failures="0" skipped="0" tests="1" time="0.0293941497802734">
    <system-out>1..1
ok 1 - Equals
</system-out>
    <testcase name="Equals (207)" classname="spec_perl_TestNavParentFalse2_t" time="0.0011451244354248" />
  </testsuite>
  <testsuite name="spec_perl_TestBitsUnalignedB64Be_t" errors="0" failures="0" skipped="0" tests="3" time="0.0292408466339111">
    <system-out>1..3
ok 1 - Equals
ok 2 - Equals
ok 3 - Equals
</system-out>
    <testcase name="Equals (208)" classname="spec_perl_TestBitsUnalignedB64Be_t" time="0.00119590759277344" />
    <testcase name="Equals (209)" classname="spec_perl_TestBitsUnalignedB64Be_t" time="4.81605529785156e-05" />
    <testcase name="Equals (210)" classname="spec_perl_TestBitsUnalignedB64Be_t" time="6.89029693603516e-05" />
  </testsuite>
  <testsuite name="spec_perl_TestNestedTypes2_t" errors="0" failures="0" skipped="0" tests="7" time="0.0301659107208252">
    <system-out>1..7
ok 1 - Equals
ok 2 - Equals
ok 3 - Equals
ok 4 - Equals
ok 5 - Equals
ok 6 - Equals
ok 7 - Equals
</system-out>
    <testcase name="Equals (211)" classname="spec_perl_TestNestedTypes2_t" time="0.00120997428894043" />
    <testcase name="Equals (212)" classname="spec_perl_TestNestedTypes2_t" time="4.50611114501953e-05" />
    <testcase name="Equals (213)" classname="spec_perl_TestNestedTypes2_t" time="6.69956207275391e-05" />
    <testcase name="Equals (214)" classname="spec_perl_TestNestedTypes2_t" time="6.38961791992188e-05" />
    <testcase name="Equals (215)" classname="spec_perl_TestNestedTypes2_t" time="5.79357147216797e-05" />
    <testcase name="Equals (216)" classname="spec_perl_TestNestedTypes2_t" time="6.103515625e-05" />
    <testcase name="Equals (217)" classname="spec_perl_TestNestedTypes2_t" time="6.00814819335938e-05" />
  </testsuite>
  <testsuite name="spec_perl_TestStrLiterals2_t" errors="0" failures="0" skipped="0" tests="4" time="0.0296869277954102">
    <system-out>1..4
ok 1 - Equals
ok 2 - Equals
ok 3 - Equals
ok 4 - Equals
</system-out>
    <testcase name="Equals (218)" classname="spec_perl_TestStrLiterals2_t" time="0.00114893913269043" />
    <testcase name="Equals (219)" classname="spec_perl_TestStrLiterals2_t" time="4.91142272949219e-05" />
    <testcase name="Equals (220)" classname="spec_perl_TestStrLiterals2_t" time="4.10079956054688e-05" />
    <testcase name="Equals (221)" classname="spec_perl_TestStrLiterals2_t" time="6.60419464111328e-05" />
  </testsuite>
  <testsuite name="spec_perl_TestProcessRepeatBytes_t" errors="0" failures="0" skipped="0" tests="2" time="0.0293521881103516">
    <system-out>1..2
ok 1 - Equals
ok 2 - Equals
</system-out>
    <testcase name="Equals (222)" classname="spec_perl_TestProcessRepeatBytes_t" time="0.00121903419494629" />
    <testcase name="Equals (223)" classname="spec_perl_TestProcessRepeatBytes_t" time="4.50611114501953e-05" />
  </testsuite>
  <testsuite name="spec_perl_TestDocstringsDocrefMulti_t" errors="0" failures="0" skipped="1" tests="1" time="0.0296700000762939">
    <system-out>1..1
ok 1 # skip DocstringsDocrefMulti=HASH(0x5574127a5f58)
</system-out>
    <testcase name="Unnamed test case 223" classname="spec_perl_TestDocstringsDocrefMulti_t" time="0.00143885612487793">
      <skipped message="ok 1 # skip DocstringsDocrefMulti=HASH(0x5574127a5f58)" />
    </testcase>
  </testsuite>
  <testsuite name="spec_perl_TestBcdUserTypeLe_t" errors="0" failures="0" skipped="0" tests="6" time="0.0313460826873779">
    <system-out>1..6
ok 1 - Equals
ok 2 - Equals
ok 3 - Equals
ok 4 - Equals
ok 5 - Equals
ok 6 - Equals
</system-out>
    <testcase name="Equals (224)" classname="spec_perl_TestBcdUserTypeLe_t" time="0.00145387649536133" />
    <testcase name="Equals (225)" classname="spec_perl_TestBcdUserTypeLe_t" time="4.50611114501953e-05" />
    <testcase name="Equals (226)" classname="spec_perl_TestBcdUserTypeLe_t" time="8.392333984375e-05" />
    <testcase name="Equals (227)" classname="spec_perl_TestBcdUserTypeLe_t" time="7.10487365722656e-05" />
    <testcase name="Equals (228)" classname="spec_perl_TestBcdUserTypeLe_t" time="7.70092010498047e-05" />
    <testcase name="Equals (229)" classname="spec_perl_TestBcdUserTypeLe_t" time="6.98566436767578e-05" />
  </testsuite>
  <testsuite name="spec_perl_TestCombineBool_t" errors="0" failures="0" skipped="0" tests="2" time="0.0294220447540283">
    <system-out>1..2
ok 1 - Equals
ok 2 - Equals
</system-out>
    <testcase name="Equals (230)" classname="spec_perl_TestCombineBool_t" time="0.00115609169006348" />
    <testcase name="Equals (231)" classname="spec_perl_TestCombineBool_t" time="4.10079956054688e-05" />
  </testsuite>
  <testsuite name="spec_perl_TestRepeatEosStruct_t" errors="0" failures="0" skipped="0" tests="5" time="0.0294890403747559">
    <system-out>1..5
ok 1 - Equals
ok 2 - Equals
ok 3 - Equals
ok 4 - Equals
ok 5 - Equals
</system-out>
    <testcase name="Equals (232)" classname="spec_perl_TestRepeatEosStruct_t" time="0.00119304656982422" />
    <testcase name="Equals (233)" classname="spec_perl_TestRepeatEosStruct_t" time="4.38690185546875e-05" />
    <testcase name="Equals (234)" classname="spec_perl_TestRepeatEosStruct_t" time="6.79492950439453e-05" />
    <testcase name="Equals (235)" classname="spec_perl_TestRepeatEosStruct_t" time="7.51018524169922e-05" />
    <testcase name="Equals (236)" classname="spec_perl_TestRepeatEosStruct_t" time="6.29425048828125e-05" />
  </testsuite>
  <testsuite name="spec_perl_TestIndexToParamEos_t" errors="0" failures="2" skipped="0" tests="7" time="0.0388259887695312">
    <system-out>1..7
ok 1 - Equals
ok 2 - Equals
ok 3 - Equals
ok 4 - Equals
ok 5 - Equals
not ok 6 - Equals
not ok 7 - Equals
</system-out>
    <testcase name="Equals (237)" classname="spec_perl_TestIndexToParamEos_t" time="0.00401997566223145" />
    <testcase name="Equals (238)" classname="spec_perl_TestIndexToParamEos_t" time="5.29289245605469e-05" />
    <testcase name="Equals (239)" classname="spec_perl_TestIndexToParamEos_t" time="3.19480895996094e-05" />
    <testcase name="Equals (240)" classname="spec_perl_TestIndexToParamEos_t" time="3.19480895996094e-05" />
    <testcase name="Equals (241)" classname="spec_perl_TestIndexToParamEos_t" time="3.00407409667969e-05" />
    <testcase name="Equals (242)" classname="spec_perl_TestIndexToParamEos_t" time="3.91006469726562e-05">
      <failure message="not ok 6 - Equals" type="TAP::Parser::Result::Test"></failure>
    </testcase>
    <testcase name="Equals (243)" classname="spec_perl_TestIndexToParamEos_t" time="2.78949737548828e-05">
      <failure message="not ok 7 - Equals" type="TAP::Parser::Result::Test"></failure>
    </testcase>
  </testsuite>
  <testsuite name="spec_perl_TestRepeatEosBit_t" errors="0" failures="0" skipped="0" tests="1" time="0.0291688442230225">
    <system-out>1..1
ok 1 - Equals
</system-out>
    <testcase name="Equals (244)" classname="spec_perl_TestRepeatEosBit_t" time="0.00122189521789551" />
  </testsuite>
  <testsuite name="spec_perl_TestExprBytesCmp_t" errors="0" failures="0" skipped="0" tests="10" time="0.0303630828857422">
    <system-out>1..10
ok 1 - Equals
ok 2 - Equals
ok 3 - Equals
ok 4 - Equals
ok 5 - Equals
ok 6 - Equals
ok 7 - Equals
ok 8 - Equals
ok 9 - Equals
ok 10 - Equals
</system-out>
    <testcase name="Equals (245)" classname="spec_perl_TestExprBytesCmp_t" time="0.00117707252502441" />
    <testcase name="Equals (246)" classname="spec_perl_TestExprBytesCmp_t" time="4.1961669921875e-05" />
    <testcase name="Equals (247)" classname="spec_perl_TestExprBytesCmp_t" time="6.89029693603516e-05" />
    <testcase name="Equals (248)" classname="spec_perl_TestExprBytesCmp_t" time="6.22272491455078e-05" />
    <testcase name="Equals (249)" classname="spec_perl_TestExprBytesCmp_t" time="6.58035278320312e-05" />
    <testcase name="Equals (250)" classname="spec_perl_TestExprBytesCmp_t" time="6.103515625e-05" />
    <testcase name="Equals (251)" classname="spec_perl_TestExprBytesCmp_t" time="5.91278076171875e-05" />
    <testcase name="Equals (252)" classname="spec_perl_TestExprBytesCmp_t" time="5.79357147216797e-05" />
    <testcase name="Equals (253)" classname="spec_perl_TestExprBytesCmp_t" time="6.00814819335938e-05" />
    <testcase name="Equals (254)" classname="spec_perl_TestExprBytesCmp_t" time="6.29425048828125e-05" />
  </testsuite>
  <testsuite name="spec_perl_TestDefaultEndianExprIsBe_t" errors="0" failures="0" skipped="0" tests="18" time="0.0312719345092773">
    <system-out>1..18
ok 1 - Equals
ok 2 - Equals
ok 3 - Equals
ok 4 - Equals
ok 5 - Equals
ok 6 - Equals
ok 7 - Equals
ok 8 - Equals
ok 9 - Equals
ok 10 - Equals
ok 11 - Equals
ok 12 - Equals
ok 13 - Equals
ok 14 - Equals
ok 15 - Equals
ok 16 - Equals
ok 17 - Equals
ok 18 - Equals
</system-out>
    <testcase name="Equals (255)" classname="spec_perl_TestDefaultEndianExprIsBe_t" time="0.00124311447143555" />
    <testcase name="Equals (256)" classname="spec_perl_TestDefaultEndianExprIsBe_t" time="4.38690185546875e-05" />
    <testcase name="Equals (257)" classname="spec_perl_TestDefaultEndianExprIsBe_t" time="6.31809234619141e-05" />
    <testcase name="Equals (258)" classname="spec_perl_TestDefaultEndianExprIsBe_t" time="6.19888305664062e-05" />
    <testcase name="Equals (259)" classname="spec_perl_TestDefaultEndianExprIsBe_t" time="7.98702239990234e-05" />
    <testcase name="Equals (260)" classname="spec_perl_TestDefaultEndianExprIsBe_t" time="8.392333984375e-05" />
    <testcase name="Equals (261)" classname="spec_perl_TestDefaultEndianExprIsBe_t" time="6.103515625e-05" />
    <testcase name="Equals (262)" classname="spec_perl_TestDefaultEndianExprIsBe_t" time="6.41345977783203e-05" />
    <testcase name="Equals (263)" classname="spec_perl_TestDefaultEndianExprIsBe_t" time="5.79357147216797e-05" />
    <testcase name="Equals (264)" classname="spec_perl_TestDefaultEndianExprIsBe_t" time="5.50746917724609e-05" />
    <testcase name="Equals (265)" classname="spec_perl_TestDefaultEndianExprIsBe_t" time="7.10487365722656e-05" />
    <testcase name="Equals (266)" classname="spec_perl_TestDefaultEndianExprIsBe_t" time="7.79628753662109e-05" />
    <testcase name="Equals (267)" classname="spec_perl_TestDefaultEndianExprIsBe_t" time="5.69820404052734e-05" />
    <testcase name="Equals (268)" classname="spec_perl_TestDefaultEndianExprIsBe_t" time="5.88893890380859e-05" />
    <testcase name="Equals (269)" classname="spec_perl_TestDefaultEndianExprIsBe_t" time="5.69820404052734e-05" />
    <testcase name="Equals (270)" classname="spec_perl_TestDefaultEndianExprIsBe_t" time="5.69820404052734e-05" />
    <testcase name="Equals (271)" classname="spec_perl_TestDefaultEndianExprIsBe_t" time="7.51018524169922e-05" />
    <testcase name="Equals (272)" classname="spec_perl_TestDefaultEndianExprIsBe_t" time="7.10487365722656e-05" />
  </testsuite>
  <testsuite name="spec_perl_TestValidSwitch_t" errors="0" failures="0" skipped="1" tests="1" time="0.0294229984283447">
    <system-out>1..1
ok 1 # skip ValidSwitch=HASH(0x55d88a782750)
</system-out>
    <testcase name="Unnamed test case 272" classname="spec_perl_TestValidSwitch_t" time="0.00137901306152344">
      <skipped message="ok 1 # skip ValidSwitch=HASH(0x55d88a782750)" />
    </testcase>
  </testsuite>
  <testsuite name="spec_perl_TestJsSignedRightShift_t" errors="0" failures="0" skipped="0" tests="2" time="0.029292106628418">
    <system-out>1..2
ok 1 - Equals
ok 2 - Equals
</system-out>
    <testcase name="Equals (273)" classname="spec_perl_TestJsSignedRightShift_t" time="0.00112581253051758" />
    <testcase name="Equals (274)" classname="spec_perl_TestJsSignedRightShift_t" time="5.00679016113281e-05" />
  </testsuite>
  <testsuite name="spec_perl_TestRepeatUntilSized_t" errors="0" failures="0" skipped="0" tests="7" time="0.0300979614257812">
    <system-out>1..7
ok 1 - Equals
ok 2 - Equals
ok 3 - Equals
ok 4 - Equals
ok 5 - Equals
ok 6 - Equals
ok 7 - Equals
</system-out>
    <testcase name="Equals (275)" classname="spec_perl_TestRepeatUntilSized_t" time="0.00142908096313477" />
    <testcase name="Equals (276)" classname="spec_perl_TestRepeatUntilSized_t" time="4.60147857666016e-05" />
    <testcase name="Equals (277)" classname="spec_perl_TestRepeatUntilSized_t" time="5.79357147216797e-05" />
    <testcase name="Equals (278)" classname="spec_perl_TestRepeatUntilSized_t" time="5.50746917724609e-05" />
    <testcase name="Equals (279)" classname="spec_perl_TestRepeatUntilSized_t" time="5.88893890380859e-05" />
    <testcase name="Equals (280)" classname="spec_perl_TestRepeatUntilSized_t" time="6.103515625e-05" />
    <testcase name="Equals (281)" classname="spec_perl_TestRepeatUntilSized_t" time="6.00814819335938e-05" />
  </testsuite>
  <testsuite name="spec_perl_TestEnumDeep_t" errors="0" failures="0" skipped="0" tests="2" time="0.0302910804748535">
    <system-out>1..2
ok 1 - Equals
ok 2 - Equals
</system-out>
    <testcase name="Equals (282)" classname="spec_perl_TestEnumDeep_t" time="0.00117588043212891" />
    <testcase name="Equals (283)" classname="spec_perl_TestEnumDeep_t" time="4.50611114501953e-05" />
  </testsuite>
  <testsuite name="spec_perl_TestDefaultEndianMod_t" errors="0" failures="0" skipped="0" tests="3" time="0.0299468040466309">
    <system-out>1..3
ok 1 - Equals
ok 2 - Equals
ok 3 - Equals
</system-out>
    <testcase name="Equals (284)" classname="spec_perl_TestDefaultEndianMod_t" time="0.00117611885070801" />
    <testcase name="Equals (285)" classname="spec_perl_TestDefaultEndianMod_t" time="4.29153442382812e-05" />
    <testcase name="Equals (286)" classname="spec_perl_TestDefaultEndianMod_t" time="9.48905944824219e-05" />
  </testsuite>
  <testsuite name="spec_perl_TestTypeTernary_t" errors="0" failures="0" skipped="0" tests="1" time="0.0303628444671631">
    <system-out>1..1
ok 1 - Equals
</system-out>
    <testcase name="Equals (287)" classname="spec_perl_TestTypeTernary_t" time="0.00142097473144531" />
  </testsuite>
  <testsuite name="spec_perl_TestCombineStr_t" errors="0" failures="0" skipped="0" tests="15" time="0.0345540046691895">
    <system-out>1..15
ok 1 - Equals
ok 2 - Equals
ok 3 - Equals
ok 4 - Equals
ok 5 - Equals
ok 6 - Equals
ok 7 - Equals
ok 8 - Equals
ok 9 - Equals
ok 10 - Equals
ok 11 - Equals
ok 12 - Equals
ok 13 - Equals
ok 14 - Equals
ok 15 - Equals
</system-out>
    <testcase name="Equals (288)" classname="spec_perl_TestCombineStr_t" time="0.00122594833374023" />
    <testcase name="Equals (289)" classname="spec_perl_TestCombineStr_t" time="4.31537628173828e-05" />
    <testcase name="Equals (290)" classname="spec_perl_TestCombineStr_t" time="5.98430633544922e-05" />
    <testcase name="Equals (291)" classname="spec_perl_TestCombineStr_t" time="6.00814819335938e-05" />
    <testcase name="Equals (292)" classname="spec_perl_TestCombineStr_t" time="7.29560852050781e-05" />
    <testcase name="Equals (293)" classname="spec_perl_TestCombineStr_t" time="5.91278076171875e-05" />
    <testcase name="Equals (294)" classname="spec_perl_TestCombineStr_t" time="6.19888305664062e-05" />
    <testcase name="Equals (295)" classname="spec_perl_TestCombineStr_t" time="5.88893890380859e-05" />
    <testcase name="Equals (296)" classname="spec_perl_TestCombineStr_t" time="6.29425048828125e-05" />
    <testcase name="Equals (297)" classname="spec_perl_TestCombineStr_t" time="5.7220458984375e-05" />
    <testcase name="Equals (298)" classname="spec_perl_TestCombineStr_t" time="5.79357147216797e-05" />
    <testcase name="Equals (299)" classname="spec_perl_TestCombineStr_t" time="5.88893890380859e-05" />
    <testcase name="Equals (300)" classname="spec_perl_TestCombineStr_t" time="6.00814819335938e-05" />
    <testcase name="Equals (301)" classname="spec_perl_TestCombineStr_t" time="5.69820404052734e-05" />
    <testcase name="Equals (302)" classname="spec_perl_TestCombineStr_t" time="6.00814819335938e-05" />
  </testsuite>
  <testsuite name="spec_perl_TestExprIntDiv_t" errors="0" failures="2" skipped="0" tests="6" time="0.0311489105224609">
    <system-out>1..6
ok 1 - Equals
ok 2 - Equals
ok 3 - Equals
not ok 4 - Equals
ok 5 - Equals
not ok 6 - Equals
</system-out>
    <testcase name="Equals (303)" classname="spec_perl_TestExprIntDiv_t" time="0.00116991996765137" />
    <testcase name="Equals (304)" classname="spec_perl_TestExprIntDiv_t" time="4.29153442382812e-05" />
    <testcase name="Equals (305)" classname="spec_perl_TestExprIntDiv_t" time="6.50882720947266e-05" />
    <testcase name="Equals (306)" classname="spec_perl_TestExprIntDiv_t" time="8.0108642578125e-05">
      <failure message="not ok 4 - Equals" type="TAP::Parser::Result::Test"></failure>
    </testcase>
    <testcase name="Equals (307)" classname="spec_perl_TestExprIntDiv_t" time="0.000705957412719727" />
    <testcase name="Equals (308)" classname="spec_perl_TestExprIntDiv_t" time="6.60419464111328e-05">
      <failure message="not ok 6 - Equals" type="TAP::Parser::Result::Test"></failure>
    </testcase>
  </testsuite>
  <testsuite name="spec_perl_TestValidOptionalId_t" errors="1" failures="0" skipped="0" tests="0" time="0.0273091793060303">
    <system-out></system-out>
    <testcase name="Test died too soon, even before plan. (308)" classname="spec_perl_TestValidOptionalId_t" time="0.0273091793060303">
      <failure message="The test suite died before a plan was produced. You need to have a plan." type="Plan">No plan</failure>
    </testcase>
  </testsuite>
  <testsuite name="spec_perl_TestBitsSignedResB32Le_t" errors="0" failures="0" skipped="0" tests="1" time="0.0295729637145996">
    <system-out>1..1
ok 1 - Equals
</system-out>
    <testcase name="Equals (309)" classname="spec_perl_TestBitsSignedResB32Le_t" time="0.00120306015014648" />
  </testsuite>
  <testsuite name="spec_perl_TestEnumLongRangeS_t" errors="0" failures="0" skipped="0" tests="7" time="0.0302789211273193">
    <system-out>1..7
ok 1 - Equals
ok 2 - Equals
ok 3 - Equals
ok 4 - Equals
ok 5 - Equals
ok 6 - Equals
ok 7 - Equals
</system-out>
    <testcase name="Equals (310)" classname="spec_perl_TestEnumLongRangeS_t" time="0.00119280815124512" />
    <testcase name="Equals (311)" classname="spec_perl_TestEnumLongRangeS_t" time="4.41074371337891e-05" />
    <testcase name="Equals (312)" classname="spec_perl_TestEnumLongRangeS_t" time="6.103515625e-05" />
    <testcase name="Equals (313)" classname="spec_perl_TestEnumLongRangeS_t" time="5.79357147216797e-05" />
    <testcase name="Equals (314)" classname="spec_perl_TestEnumLongRangeS_t" time="6.103515625e-05" />
    <testcase name="Equals (315)" classname="spec_perl_TestEnumLongRangeS_t" time="7.60555267333984e-05" />
    <testcase name="Equals (316)" classname="spec_perl_TestEnumLongRangeS_t" time="8.70227813720703e-05" />
  </testsuite>
  <testsuite name="spec_perl_TestSwitchIntegers_t" errors="0" failures="0" skipped="0" tests="9" time="0.030681848526001">
    <system-out>1..9
ok 1 - Equals
ok 2 - Equals
ok 3 - Equals
ok 4 - Equals
ok 5 - Equals
ok 6 - Equals
ok 7 - Equals
ok 8 - Equals
ok 9 - Equals
</system-out>
    <testcase name="Equals (317)" classname="spec_perl_TestSwitchIntegers_t" time="0.00119304656982422" />
    <testcase name="Equals (318)" classname="spec_perl_TestSwitchIntegers_t" time="4.91142272949219e-05" />
    <testcase name="Equals (319)" classname="spec_perl_TestSwitchIntegers_t" time="3.88622283935547e-05" />
    <testcase name="Equals (320)" classname="spec_perl_TestSwitchIntegers_t" time="6.69956207275391e-05" />
    <testcase name="Equals (321)" classname="spec_perl_TestSwitchIntegers_t" time="6.00814819335938e-05" />
    <testcase name="Equals (322)" classname="spec_perl_TestSwitchIntegers_t" time="6.103515625e-05" />
    <testcase name="Equals (323)" classname="spec_perl_TestSwitchIntegers_t" time="6.4849853515625e-05" />
    <testcase name="Equals (324)" classname="spec_perl_TestSwitchIntegers_t" time="5.60283660888672e-05" />
    <testcase name="Equals (325)" classname="spec_perl_TestSwitchIntegers_t" time="5.50746917724609e-05" />
  </testsuite>
  <testsuite name="spec_perl_TestProcessXor4Value_t" errors="0" failures="0" skipped="0" tests="2" time="0.0294041633605957">
    <system-out>1..2
ok 1 - Equals
ok 2 - Equals
</system-out>
    <testcase name="Equals (326)" classname="spec_perl_TestProcessXor4Value_t" time="0.00118923187255859" />
    <testcase name="Equals (327)" classname="spec_perl_TestProcessXor4Value_t" time="4.48226928710938e-05" />
  </testsuite>
  <testsuite name="spec_perl_TestFixedStruct_t" errors="0" failures="0" skipped="0" tests="20" time="0.0314638614654541">
    <system-out>1..20
ok 1 - Equals
ok 2 - Equals
ok 3 - Equals
ok 4 - Equals
ok 5 - Equals
ok 6 - Equals
ok 7 - Equals
ok 8 - Equals
ok 9 - Equals
ok 10 - Equals
ok 11 - Equals
ok 12 - Equals
ok 13 - Equals
ok 14 - Equals
ok 15 - Equals
ok 16 - Equals
ok 17 - Equals
ok 18 - Equals
ok 19 - Equals
ok 20 - Equals
</system-out>
    <testcase name="Equals (328)" classname="spec_perl_TestFixedStruct_t" time="0.00125002861022949" />
    <testcase name="Equals (329)" classname="spec_perl_TestFixedStruct_t" time="4.60147857666016e-05" />
    <testcase name="Equals (330)" classname="spec_perl_TestFixedStruct_t" time="6.50882720947266e-05" />
    <testcase name="Equals (331)" classname="spec_perl_TestFixedStruct_t" time="5.10215759277344e-05" />
    <testcase name="Equals (332)" classname="spec_perl_TestFixedStruct_t" time="6.29425048828125e-05" />
    <testcase name="Equals (333)" classname="spec_perl_TestFixedStruct_t" time="6.69956207275391e-05" />
    <testcase name="Equals (334)" classname="spec_perl_TestFixedStruct_t" time="4.79221343994141e-05" />
    <testcase name="Equals (335)" classname="spec_perl_TestFixedStruct_t" time="6.00814819335938e-05" />
    <testcase name="Equals (336)" classname="spec_perl_TestFixedStruct_t" time="6.00814819335938e-05" />
    <testcase name="Equals (337)" classname="spec_perl_TestFixedStruct_t" time="5.60283660888672e-05" />
    <testcase name="Equals (338)" classname="spec_perl_TestFixedStruct_t" time="6.07967376708984e-05" />
    <testcase name="Equals (339)" classname="spec_perl_TestFixedStruct_t" time="6.41345977783203e-05" />
    <testcase name="Equals (340)" classname="spec_perl_TestFixedStruct_t" time="5.19752502441406e-05" />
    <testcase name="Equals (341)" classname="spec_perl_TestFixedStruct_t" time="6.00814819335938e-05" />
    <testcase name="Equals (342)" classname="spec_perl_TestFixedStruct_t" time="5.98430633544922e-05" />
    <testcase name="Equals (343)" classname="spec_perl_TestFixedStruct_t" time="5.81741333007812e-05" />
    <testcase name="Equals (344)" classname="spec_perl_TestFixedStruct_t" time="5.98430633544922e-05" />
    <testcase name="Equals (345)" classname="spec_perl_TestFixedStruct_t" time="6.41345977783203e-05" />
    <testcase name="Equals (346)" classname="spec_perl_TestFixedStruct_t" time="3.69548797607422e-05" />
    <testcase name="Equals (347)" classname="spec_perl_TestFixedStruct_t" time="6.89029693603516e-05" />
  </testsuite>
  <testsuite name="spec_perl_TestExpr2_t" errors="0" failures="0" skipped="0" tests="17" time="0.0351359844207764">
    <system-out>1..17
ok 1 - Equals
ok 2 - Equals
ok 3 - Equals
ok 4 - Equals
ok 5 - Equals
ok 6 - Equals
ok 7 - Equals
ok 8 - Equals
ok 9 - Equals
ok 10 - Equals
ok 11 - Equals
ok 12 - Equals
ok 13 - Equals
ok 14 - Equals
ok 15 - Equals
ok 16 - Equals
ok 17 - Equals
</system-out>
    <testcase name="Equals (348)" classname="spec_perl_TestExpr2_t" time="0.00152993202209473" />
    <testcase name="Equals (349)" classname="spec_perl_TestExpr2_t" time="4.38690185546875e-05" />
    <testcase name="Equals (350)" classname="spec_perl_TestExpr2_t" time="7.20024108886719e-05" />
    <testcase name="Equals (351)" classname="spec_perl_TestExpr2_t" time="5.81741333007812e-05" />
    <testcase name="Equals (352)" classname="spec_perl_TestExpr2_t" time="6.19888305664062e-05" />
    <testcase name="Equals (353)" classname="spec_perl_TestExpr2_t" time="5.88893890380859e-05" />
    <testcase name="Equals (354)" classname="spec_perl_TestExpr2_t" time="6.41345977783203e-05" />
    <testcase name="Equals (355)" classname="spec_perl_TestExpr2_t" time="9.08374786376953e-05" />
    <testcase name="Equals (356)" classname="spec_perl_TestExpr2_t" time="8.51154327392578e-05" />
    <testcase name="Equals (357)" classname="spec_perl_TestExpr2_t" time="6.29425048828125e-05" />
    <testcase name="Equals (358)" classname="spec_perl_TestExpr2_t" time="5.79357147216797e-05" />
    <testcase name="Equals (359)" classname="spec_perl_TestExpr2_t" time="5.69820404052734e-05" />
    <testcase name="Equals (360)" classname="spec_perl_TestExpr2_t" time="6.19888305664062e-05" />
    <testcase name="Equals (361)" classname="spec_perl_TestExpr2_t" time="7.41481781005859e-05" />
    <testcase name="Equals (362)" classname="spec_perl_TestExpr2_t" time="6.00814819335938e-05" />
    <testcase name="Equals (363)" classname="spec_perl_TestExpr2_t" time="5.88893890380859e-05" />
    <testcase name="Equals (364)" classname="spec_perl_TestExpr2_t" time="6.29425048828125e-05" />
  </testsuite>
  <testsuite name="spec_perl_TestBitsShiftByB32Le_t" errors="0" failures="0" skipped="0" tests="2" time="0.0293481349945068">
    <system-out>1..2
ok 1 - Equals
ok 2 - Equals
</system-out>
    <testcase name="Equals (365)" classname="spec_perl_TestBitsShiftByB32Le_t" time="0.00121283531188965" />
    <testcase name="Equals (366)" classname="spec_perl_TestBitsShiftByB32Le_t" time="4.31537628173828e-05" />
  </testsuite>
  <testsuite name="spec_perl_TestRepeatNStruct_t" errors="0" failures="0" skipped="0" tests="5" time="0.0297019481658936">
    <system-out>1..5
ok 1 - Equals
ok 2 - Equals
ok 3 - Equals
ok 4 - Equals
ok 5 - Equals
</system-out>
    <testcase name="Equals (367)" classname="spec_perl_TestRepeatNStruct_t" time="0.00117897987365723" />
    <testcase name="Equals (368)" classname="spec_perl_TestRepeatNStruct_t" time="4.41074371337891e-05" />
    <testcase name="Equals (369)" classname="spec_perl_TestRepeatNStruct_t" time="6.19888305664062e-05" />
    <testcase name="Equals (370)" classname="spec_perl_TestRepeatNStruct_t" time="6.98566436767578e-05" />
    <testcase name="Equals (371)" classname="spec_perl_TestRepeatNStruct_t" time="7.41481781005859e-05" />
  </testsuite>
  <testsuite name="spec_perl_TestUserType_t" errors="0" failures="0" skipped="0" tests="2" time="0.0295231342315674">
    <system-out>1..2
ok 1 - Equals
ok 2 - Equals
</system-out>
    <testcase name="Equals (372)" classname="spec_perl_TestUserType_t" time="0.00116491317749023" />
    <testcase name="Equals (373)" classname="spec_perl_TestUserType_t" time="4.50611114501953e-05" />
  </testsuite>
  <testsuite name="spec_perl_TestExprIfIntOps_t" errors="0" failures="0" skipped="0" tests="2" time="0.0295908451080322">
    <system-out>1..2
ok 1 - Equals
ok 2 - Equals
</system-out>
    <testcase name="Equals (374)" classname="spec_perl_TestExprIfIntOps_t" time="0.00116491317749023" />
    <testcase name="Equals (375)" classname="spec_perl_TestExprIfIntOps_t" time="4.50611114501953e-05" />
  </testsuite>
  <testsuite name="spec_perl_TestNavParent3_t" errors="0" failures="0" skipped="0" tests="10" time="0.0342588424682617">
    <system-out>1..10
ok 1 - Equals
ok 2 - Equals
ok 3 - Equals
ok 4 - Equals
ok 5 - Equals
ok 6 - Equals
ok 7 - Equals
ok 8 - Equals
ok 9 - Equals
ok 10 - Equals
</system-out>
    <testcase name="Equals (376)" classname="spec_perl_TestNavParent3_t" time="0.00120806694030762" />
    <testcase name="Equals (377)" classname="spec_perl_TestNavParent3_t" time="4.1961669921875e-05" />
    <testcase name="Equals (378)" classname="spec_perl_TestNavParent3_t" time="0.000135898590087891" />
    <testcase name="Equals (379)" classname="spec_perl_TestNavParent3_t" time="5.91278076171875e-05" />
    <testcase name="Equals (380)" classname="spec_perl_TestNavParent3_t" time="6.103515625e-05" />
    <testcase name="Equals (381)" classname="spec_perl_TestNavParent3_t" time="9.29832458496094e-05" />
    <testcase name="Equals (382)" classname="spec_perl_TestNavParent3_t" time="6.38961791992188e-05" />
    <testcase name="Equals (383)" classname="spec_perl_TestNavParent3_t" time="5.91278076171875e-05" />
    <testcase name="Equals (384)" classname="spec_perl_TestNavParent3_t" time="5.79357147216797e-05" />
    <testcase name="Equals (385)" classname="spec_perl_TestNavParent3_t" time="7.79628753662109e-05" />
  </testsuite>
  <testsuite name="spec_perl_TestEosExceptionBytes_t" errors="0" failures="0" skipped="0" tests="1" time="0.0309898853302002">
    <system-out>1..1
ok 1 - threw /^Requested \d+ bytes, but only \d+ bytes available/
</system-out>
    <testcase name="threw /^Requested \d+ bytes, but only \d+ bytes available/ (385)" classname="spec_perl_TestEosExceptionBytes_t" time="0.00144290924072266" />
  </testsuite>
  <testsuite name="spec_perl_TestProcessToUser_t" errors="0" failures="0" skipped="0" tests="1" time="0.0335350036621094">
    <system-out>1..1
ok 1 - Equals
</system-out>
    <testcase name="Equals (386)" classname="spec_perl_TestProcessToUser_t" time="0.00149297714233398" />
  </testsuite>
  <testsuite name="spec_perl_TestTsPacketHeader_t" errors="0" failures="0" skipped="0" tests="7" time="0.02988600730896">
    <system-out>1..7
ok 1 - Equals
ok 2 - Equals
ok 3 - Equals
ok 4 - Equals
ok 5 - Equals
ok 6 - Equals
ok 7 - Equals
</system-out>
    <testcase name="Equals (387)" classname="spec_perl_TestTsPacketHeader_t" time="0.00118899345397949" />
    <testcase name="Equals (388)" classname="spec_perl_TestTsPacketHeader_t" time="4.91142272949219e-05" />
    <testcase name="Equals (389)" classname="spec_perl_TestTsPacketHeader_t" time="5.88893890380859e-05" />
    <testcase name="Equals (390)" classname="spec_perl_TestTsPacketHeader_t" time="5.69820404052734e-05" />
    <testcase name="Equals (391)" classname="spec_perl_TestTsPacketHeader_t" time="6.60419464111328e-05" />
    <testcase name="Equals (392)" classname="spec_perl_TestTsPacketHeader_t" time="5.88893890380859e-05" />
    <testcase name="Equals (393)" classname="spec_perl_TestTsPacketHeader_t" time="6.00814819335938e-05" />
  </testsuite>
  <testsuite name="spec_perl_TestIndexSizes_t" errors="0" failures="0" skipped="0" tests="7" time="0.0336191654205322">
    <system-out>1..7
ok 1 - Equals
ok 2 - Equals
ok 3 - Equals
ok 4 - Equals
ok 5 - Equals
ok 6 - Equals
ok 7 - Equals
</system-out>
    <testcase name="Equals (394)" classname="spec_perl_TestIndexSizes_t" time="0.00119805335998535" />
    <testcase name="Equals (395)" classname="spec_perl_TestIndexSizes_t" time="4.50611114501953e-05" />
    <testcase name="Equals (396)" classname="spec_perl_TestIndexSizes_t" time="6.19888305664062e-05" />
    <testcase name="Equals (397)" classname="spec_perl_TestIndexSizes_t" time="6.50882720947266e-05" />
    <testcase name="Equals (398)" classname="spec_perl_TestIndexSizes_t" time="3.79085540771484e-05" />
    <testcase name="Equals (399)" classname="spec_perl_TestIndexSizes_t" time="6.69956207275391e-05" />
    <testcase name="Equals (400)" classname="spec_perl_TestIndexSizes_t" time="6.103515625e-05" />
  </testsuite>
  <testsuite name="spec_perl_TestTermBytes_t" errors="0" failures="0" skipped="0" tests="3" time="0.0297439098358154">
    <system-out>1..3
ok 1 - Equals
ok 2 - Equals
ok 3 - Equals
</system-out>
    <testcase name="Equals (401)" classname="spec_perl_TestTermBytes_t" time="0.00118184089660645" />
    <testcase name="Equals (402)" classname="spec_perl_TestTermBytes_t" time="4.50611114501953e-05" />
    <testcase name="Equals (403)" classname="spec_perl_TestTermBytes_t" time="5.79357147216797e-05" />
  </testsuite>
  <testsuite name="spec_perl_TestNavParentVsValueInst_t" errors="0" failures="0" skipped="0" tests="1" time="0.0330619812011719">
    <system-out>1..1
ok 1 - Equals
</system-out>
    <testcase name="Equals (404)" classname="spec_perl_TestNavParentVsValueInst_t" time="0.00121784210205078" />
  </testsuite>
  <testsuite name="spec_perl_TestNavParentFalse_t" errors="0" failures="0" skipped="0" tests="5" time="0.0299148559570312">
    <system-out>1..5
ok 1 - Equals
ok 2 - Equals
ok 3 - Equals
ok 4 - Equals
ok 5 - Equals
</system-out>
    <testcase name="Equals (405)" classname="spec_perl_TestNavParentFalse_t" time="0.00118899345397949" />
    <testcase name="Equals (406)" classname="spec_perl_TestNavParentFalse_t" time="4.50611114501953e-05" />
    <testcase name="Equals (407)" classname="spec_perl_TestNavParentFalse_t" time="6.29425048828125e-05" />
    <testcase name="Equals (408)" classname="spec_perl_TestNavParentFalse_t" time="6.60419464111328e-05" />
    <testcase name="Equals (409)" classname="spec_perl_TestNavParentFalse_t" time="6.00814819335938e-05" />
  </testsuite>
  <testsuite name="spec_perl_TestBitsUnalignedB32Le_t" errors="0" failures="0" skipped="0" tests="3" time="0.02947998046875">
    <system-out>1..3
ok 1 - Equals
ok 2 - Equals
ok 3 - Equals
</system-out>
    <testcase name="Equals (410)" classname="spec_perl_TestBitsUnalignedB32Le_t" time="0.0011909008026123" />
    <testcase name="Equals (411)" classname="spec_perl_TestBitsUnalignedB32Le_t" time="4.1961669921875e-05" />
    <testcase name="Equals (412)" classname="spec_perl_TestBitsUnalignedB32Le_t" time="7.00950622558594e-05" />
  </testsuite>
  <testsuite name="spec_perl_TestParamsCallExtraParens_t" errors="0" failures="1" skipped="0" tests="1" time="0.0350987911224365">
    <system-out>1..1
not ok 1 - Equals
</system-out>
    <testcase name="Equals (413)" classname="spec_perl_TestParamsCallExtraParens_t" time="0.00165200233459473">
      <failure message="not ok 1 - Equals" type="TAP::Parser::Result::Test"></failure>
    </testcase>
  </testsuite>
  <testsuite name="spec_perl_TestDebugEnumName_t" errors="1" failures="0" skipped="0" tests="0" time="0.0272259712219238">
    <system-out></system-out>
    <testcase name="Test died too soon, even before plan. (413)" classname="spec_perl_TestDebugEnumName_t" time="0.0272259712219238">
      <failure message="The test suite died before a plan was produced. You need to have a plan." type="Plan">No plan</failure>
    </testcase>
  </testsuite>
  <testsuite name="spec_perl_TestParamsPassStruct_t" errors="0" failures="1" skipped="1" tests="4" time="0.0305900573730469">
    <system-out>1..4
ok 1 - Equals
ok 2 - Equals
not ok 3 - test_params_pass_struct died (Can't call method &quot;foo&quot; on an undefined value at spec/perl/TestParamsPassStruct.t line 16.)
ok 4 # skip test_params_pass_struct died
</system-out>
    <testcase name="Equals (414)" classname="spec_perl_TestParamsPassStruct_t" time="0.00119590759277344" />
    <testcase name="Equals (415)" classname="spec_perl_TestParamsPassStruct_t" time="4.60147857666016e-05" />
    <testcase name="test_params_pass_struct died (Can't call method &quot;foo&quot; on an undefined value at spec/perl/TestParamsPassStruct.t line 16.) (415)" classname="spec_perl_TestParamsPassStruct_t" time="9.89437103271484e-05">
      <failure message="not ok 3 - test_params_pass_struct died (Can't call method &quot;foo&quot; on an undefined value at spec/perl/TestParamsPassStruct.t line 16.)" type="TAP::Parser::Result::Test"></failure>
    </testcase>
    <testcase name="Unnamed test case 415" classname="spec_perl_TestParamsPassStruct_t" time="0.000406980514526367">
      <skipped message="ok 4 # skip test_params_pass_struct died" />
    </testcase>
  </testsuite>
  <testsuite name="spec_perl_TestSwitchManualStrElse_t" errors="0" failures="0" skipped="0" tests="9" time="0.0343308448791504">
    <system-out>1..9
ok 1 - Equals
ok 2 - Equals
ok 3 - Equals
ok 4 - Equals
ok 5 - Equals
ok 6 - Equals
ok 7 - Equals
ok 8 - Equals
ok 9 - Equals
</system-out>
    <testcase name="Equals (416)" classname="spec_perl_TestSwitchManualStrElse_t" time="0.00129199028015137" />
    <testcase name="Equals (417)" classname="spec_perl_TestSwitchManualStrElse_t" time="4.22000885009766e-05" />
    <testcase name="Equals (418)" classname="spec_perl_TestSwitchManualStrElse_t" time="6.38961791992188e-05" />
    <testcase name="Equals (419)" classname="spec_perl_TestSwitchManualStrElse_t" time="6.103515625e-05" />
    <testcase name="Equals (420)" classname="spec_perl_TestSwitchManualStrElse_t" time="6.29425048828125e-05" />
    <testcase name="Equals (421)" classname="spec_perl_TestSwitchManualStrElse_t" time="5.91278076171875e-05" />
    <testcase name="Equals (422)" classname="spec_perl_TestSwitchManualStrElse_t" time="5.79357147216797e-05" />
    <testcase name="Equals (423)" classname="spec_perl_TestSwitchManualStrElse_t" time="5.88893890380859e-05" />
    <testcase name="Equals (424)" classname="spec_perl_TestSwitchManualStrElse_t" time="6.00814819335938e-05" />
  </testsuite>
  <testsuite name="spec_perl_TestBitsByteAligned_t" errors="0" failures="0" skipped="0" tests="9" time="0.0299599170684814">
    <system-out>1..9
ok 1 - Equals
ok 2 - Equals
ok 3 - Equals
ok 4 - Equals
ok 5 - Equals
ok 6 - Equals
ok 7 - Equals
ok 8 - Equals
ok 9 - Equals
</system-out>
    <testcase name="Equals (425)" classname="spec_perl_TestBitsByteAligned_t" time="0.001190185546875" />
    <testcase name="Equals (426)" classname="spec_perl_TestBitsByteAligned_t" time="4.10079956054688e-05" />
    <testcase name="Equals (427)" classname="spec_perl_TestBitsByteAligned_t" time="6.79492950439453e-05" />
    <testcase name="Equals (428)" classname="spec_perl_TestBitsByteAligned_t" time="6.19888305664062e-05" />
    <testcase name="Equals (429)" classname="spec_perl_TestBitsByteAligned_t" time="6.50882720947266e-05" />
    <testcase name="Equals (430)" classname="spec_perl_TestBitsByteAligned_t" time="5.79357147216797e-05" />
    <testcase name="Equals (431)" classname="spec_perl_TestBitsByteAligned_t" time="5.88893890380859e-05" />
    <testcase name="Equals (432)" classname="spec_perl_TestBitsByteAligned_t" time="5.81741333007812e-05" />
    <testcase name="Equals (433)" classname="spec_perl_TestBitsByteAligned_t" time="5.88893890380859e-05" />
  </testsuite>
  <testsuite name="spec_perl_TestSwitchMultiBoolOps_t" errors="0" failures="0" skipped="0" tests="9" time="0.0300579071044922">
    <system-out>1..9
ok 1 - Equals
ok 2 - Equals
ok 3 - Equals
ok 4 - Equals
ok 5 - Equals
ok 6 - Equals
ok 7 - Equals
ok 8 - Equals
ok 9 - Equals
</system-out>
    <testcase name="Equals (434)" classname="spec_perl_TestSwitchMultiBoolOps_t" time="0.00125503540039062" />
    <testcase name="Equals (435)" classname="spec_perl_TestSwitchMultiBoolOps_t" time="4.48226928710938e-05" />
    <testcase name="Equals (436)" classname="spec_perl_TestSwitchMultiBoolOps_t" time="4.69684600830078e-05" />
    <testcase name="Equals (437)" classname="spec_perl_TestSwitchMultiBoolOps_t" time="6.31809234619141e-05" />
    <testcase name="Equals (438)" classname="spec_perl_TestSwitchMultiBoolOps_t" time="6.103515625e-05" />
    <testcase name="Equals (439)" classname="spec_perl_TestSwitchMultiBoolOps_t" time="6.38961791992188e-05" />
    <testcase name="Equals (440)" classname="spec_perl_TestSwitchMultiBoolOps_t" time="5.69820404052734e-05" />
    <testcase name="Equals (441)" classname="spec_perl_TestSwitchMultiBoolOps_t" time="5.69820404052734e-05" />
    <testcase name="Equals (442)" classname="spec_perl_TestSwitchMultiBoolOps_t" time="6.00814819335938e-05" />
  </testsuite>
  <testsuite name="spec_perl_TestImportsAbsRel_t" errors="0" failures="0" skipped="0" tests="3" time="0.0305078029632568">
    <system-out>1..3
ok 1 - Equals
ok 2 - Equals
ok 3 - Equals
</system-out>
    <testcase name="Equals (443)" classname="spec_perl_TestImportsAbsRel_t" time="0.0012359619140625" />
    <testcase name="Equals (444)" classname="spec_perl_TestImportsAbsRel_t" time="4.41074371337891e-05" />
    <testcase name="Equals (445)" classname="spec_perl_TestImportsAbsRel_t" time="6.60419464111328e-05" />
  </testsuite>
  <testsuite name="spec_perl_TestNestedSameName_t" errors="0" failures="0" skipped="0" tests="2" time="0.02964186668396">
    <system-out>1..2
ok 1 - Equals
ok 2 - Equals
</system-out>
    <testcase name="Equals (446)" classname="spec_perl_TestNestedSameName_t" time="0.00121307373046875" />
    <testcase name="Equals (447)" classname="spec_perl_TestNestedSameName_t" time="5.41210174560547e-05" />
  </testsuite>
  <testsuite name="spec_perl_TestSwitchManualIntElse_t" errors="0" failures="0" skipped="0" tests="9" time="0.0345451831817627">
    <system-out>1..9
ok 1 - Equals
ok 2 - Equals
ok 3 - Equals
ok 4 - Equals
ok 5 - Equals
ok 6 - Equals
ok 7 - Equals
ok 8 - Equals
ok 9 - Equals
</system-out>
    <testcase name="Equals (448)" classname="spec_perl_TestSwitchManualIntElse_t" time="0.00126504898071289" />
    <testcase name="Equals (449)" classname="spec_perl_TestSwitchManualIntElse_t" time="4.1961669921875e-05" />
    <testcase name="Equals (450)" classname="spec_perl_TestSwitchManualIntElse_t" time="6.50882720947266e-05" />
    <testcase name="Equals (451)" classname="spec_perl_TestSwitchManualIntElse_t" time="5.79357147216797e-05" />
    <testcase name="Equals (452)" classname="spec_perl_TestSwitchManualIntElse_t" time="5.91278076171875e-05" />
    <testcase name="Equals (453)" classname="spec_perl_TestSwitchManualIntElse_t" time="6.07967376708984e-05" />
    <testcase name="Equals (454)" classname="spec_perl_TestSwitchManualIntElse_t" time="6.00814819335938e-05" />
    <testcase name="Equals (455)" classname="spec_perl_TestSwitchManualIntElse_t" time="6.00814819335938e-05" />
    <testcase name="Equals (456)" classname="spec_perl_TestSwitchManualIntElse_t" time="6.69956207275391e-05" />
  </testsuite>
  <testsuite name="spec_perl_TestRepeatNStrzDouble_t" errors="0" failures="0" skipped="0" tests="3" time="0.0333328247070312">
    <system-out>1..3
ok 1 - Equals
ok 2 - Equals
ok 3 - Equals
</system-out>
    <testcase name="Equals (457)" classname="spec_perl_TestRepeatNStrzDouble_t" time="0.00121092796325684" />
    <testcase name="Equals (458)" classname="spec_perl_TestRepeatNStrzDouble_t" time="7.91549682617188e-05" />
    <testcase name="Equals (459)" classname="spec_perl_TestRepeatNStrzDouble_t" time="8.08238983154297e-05" />
  </testsuite>
  <testsuite name="spec_perl_TestRepeatNStrz_t" errors="0" failures="0" skipped="0" tests="2" time="0.0332109928131104">
    <system-out>1..2
ok 1 - Equals
ok 2 - Equals
</system-out>
    <testcase name="Equals (460)" classname="spec_perl_TestRepeatNStrz_t" time="0.00122404098510742" />
    <testcase name="Equals (461)" classname="spec_perl_TestRepeatNStrz_t" time="7.39097595214844e-05" />
  </testsuite>
  <testsuite name="spec_perl_TestZlibSurrounded_t" errors="0" failures="0" skipped="0" tests="1" time="0.0556089878082275">
    <system-out>1..1
ok 1 - Equals
</system-out>
    <testcase name="Equals (462)" classname="spec_perl_TestZlibSurrounded_t" time="0.00148987770080566" />
  </testsuite>
  <testsuite name="spec_perl_TestSwitchElseOnly_t" errors="0" failures="0" skipped="0" tests="3" time="0.0296070575714111">
    <system-out>1..3
ok 1 - Equals
ok 2 - Equals
ok 3 - Equals
</system-out>
    <testcase name="Equals (463)" classname="spec_perl_TestSwitchElseOnly_t" time="0.00116991996765137" />
    <testcase name="Equals (464)" classname="spec_perl_TestSwitchElseOnly_t" time="4.41074371337891e-05" />
    <testcase name="Equals (465)" classname="spec_perl_TestSwitchElseOnly_t" time="6.29425048828125e-05" />
  </testsuite>
[...]
  </testsuite>
  <testsuite name="spec_perl_TestStrPadTermEmpty_t" errors="0" failures="0" skipped="0" tests="4" time="0.0338199138641357">
    <system-out>1..4
ok 1 - Equals
ok 2 - Equals
ok 3 - Equals
ok 4 - Equals
</system-out>
    <testcase name="Equals (874)" classname="spec_perl_TestStrPadTermEmpty_t" time="0.0012359619140625" />
    <testcase name="Equals (875)" classname="spec_perl_TestStrPadTermEmpty_t" time="4.69684600830078e-05" />
    <testcase name="Equals (876)" classname="spec_perl_TestStrPadTermEmpty_t" time="5.00679016113281e-05" />
    <testcase name="Equals (877)" classname="spec_perl_TestStrPadTermEmpty_t" time="6.19888305664062e-05" />
  </testsuite>
  <testsuite name="spec_perl_TestSwitchIntegers2_t" errors="0" failures="0" skipped="0" tests="5" time="0.0299179553985596">
    <system-out>1..5
ok 1 - Equals
ok 2 - Equals
ok 3 - Equals
ok 4 - Equals
ok 5 - Equals
</system-out>
    <testcase name="Equals (878)" classname="spec_perl_TestSwitchIntegers2_t" time="0.00118017196655273" />
    <testcase name="Equals (879)" classname="spec_perl_TestSwitchIntegers2_t" time="4.79221343994141e-05" />
    <testcase name="Equals (880)" classname="spec_perl_TestSwitchIntegers2_t" time="5.60283660888672e-05" />
    <testcase name="Equals (881)" classname="spec_perl_TestSwitchIntegers2_t" time="6.103515625e-05" />
    <testcase name="Equals (882)" classname="spec_perl_TestSwitchIntegers2_t" time="6.79492950439453e-05" />
  </testsuite>
  <testsuite name="spec_perl_TestIntegers_t" errors="0" failures="0" skipped="0" tests="20" time="0.0311689376831055">
    <system-out>1..20
ok 1 - Equals
ok 2 - Equals
ok 3 - Equals
ok 4 - Equals
ok 5 - Equals
ok 6 - Equals
ok 7 - Equals
ok 8 - Equals
ok 9 - Equals
ok 10 - Equals
ok 11 - Equals
ok 12 - Equals
ok 13 - Equals
ok 14 - Equals
ok 15 - Equals
ok 16 - Equals
ok 17 - Equals
ok 18 - Equals
ok 19 - Equals
ok 20 - Equals
</system-out>
    <testcase name="Equals (883)" classname="spec_perl_TestIntegers_t" time="0.00117993354797363" />
    <testcase name="Equals (884)" classname="spec_perl_TestIntegers_t" time="4.38690185546875e-05" />
    <testcase name="Equals (885)" classname="spec_perl_TestIntegers_t" time="6.00814819335938e-05" />
    <testcase name="Equals (886)" classname="spec_perl_TestIntegers_t" time="6.00814819335938e-05" />
    <testcase name="Equals (887)" classname="spec_perl_TestIntegers_t" time="6.19888305664062e-05" />
    <testcase name="Equals (888)" classname="spec_perl_TestIntegers_t" time="6.103515625e-05" />
    <testcase name="Equals (889)" classname="spec_perl_TestIntegers_t" time="5.60283660888672e-05" />
    <testcase name="Equals (890)" classname="spec_perl_TestIntegers_t" time="5.88893890380859e-05" />
    <testcase name="Equals (891)" classname="spec_perl_TestIntegers_t" time="6.00814819335938e-05" />
    <testcase name="Equals (892)" classname="spec_perl_TestIntegers_t" time="6.103515625e-05" />
    <testcase name="Equals (893)" classname="spec_perl_TestIntegers_t" time="4.48226928710938e-05" />
    <testcase name="Equals (894)" classname="spec_perl_TestIntegers_t" time="6.00814819335938e-05" />
    <testcase name="Equals (895)" classname="spec_perl_TestIntegers_t" time="6.29425048828125e-05" />
    <testcase name="Equals (896)" classname="spec_perl_TestIntegers_t" time="4.50611114501953e-05" />
    <testcase name="Equals (897)" classname="spec_perl_TestIntegers_t" time="6.00814819335938e-05" />
    <testcase name="Equals (898)" classname="spec_perl_TestIntegers_t" time="7.29560852050781e-05" />
    <testcase name="Equals (899)" classname="spec_perl_TestIntegers_t" time="6.29425048828125e-05" />
    <testcase name="Equals (900)" classname="spec_perl_TestIntegers_t" time="6.00814819335938e-05" />
    <testcase name="Equals (901)" classname="spec_perl_TestIntegers_t" time="5.69820404052734e-05" />
    <testcase name="Equals (902)" classname="spec_perl_TestIntegers_t" time="5.88893890380859e-05" />
  </testsuite>
  <testsuite name="spec_perl_TestSwitchBytearray_t" errors="0" failures="0" skipped="0" tests="9" time="0.0346300601959229">
    <system-out>1..9
ok 1 - Equals
ok 2 - Equals
ok 3 - Equals
ok 4 - Equals
ok 5 - Equals
ok 6 - Equals
ok 7 - Equals
ok 8 - Equals
ok 9 - Equals
</system-out>
    <testcase name="Equals (903)" classname="spec_perl_TestSwitchBytearray_t" time="0.00128602981567383" />
    <testcase name="Equals (904)" classname="spec_perl_TestSwitchBytearray_t" time="4.38690185546875e-05" />
    <testcase name="Equals (905)" classname="spec_perl_TestSwitchBytearray_t" time="6.29425048828125e-05" />
    <testcase name="Equals (906)" classname="spec_perl_TestSwitchBytearray_t" time="6.00814819335938e-05" />
    <testcase name="Equals (907)" classname="spec_perl_TestSwitchBytearray_t" time="6.19888305664062e-05" />
    <testcase name="Equals (908)" classname="spec_perl_TestSwitchBytearray_t" time="6.00814819335938e-05" />
    <testcase name="Equals (909)" classname="spec_perl_TestSwitchBytearray_t" time="5.88893890380859e-05" />
    <testcase name="Equals (910)" classname="spec_perl_TestSwitchBytearray_t" time="6.29425048828125e-05" />
    <testcase name="Equals (911)" classname="spec_perl_TestSwitchBytearray_t" time="5.7220458984375e-05" />
  </testsuite>
  <testsuite name="spec_perl_TestExprMod_t" errors="0" failures="0" skipped="0" tests="6" time="0.0294189453125">
    <system-out>1..6
ok 1 - Equals
ok 2 - Equals
ok 3 - Equals
ok 4 - Equals
ok 5 - Equals
ok 6 - Equals
</system-out>
    <testcase name="Equals (912)" classname="spec_perl_TestExprMod_t" time="0.00117707252502441" />
    <testcase name="Equals (913)" classname="spec_perl_TestExprMod_t" time="4.48226928710938e-05" />
    <testcase name="Equals (914)" classname="spec_perl_TestExprMod_t" time="5.60283660888672e-05" />
    <testcase name="Equals (915)" classname="spec_perl_TestExprMod_t" time="5.91278076171875e-05" />
    <testcase name="Equals (916)" classname="spec_perl_TestExprMod_t" time="6.19888305664062e-05" />
    <testcase name="Equals (917)" classname="spec_perl_TestExprMod_t" time="6.103515625e-05" />
  </testsuite>
  <testsuite name="spec_perl_TestTermStrz_t" errors="0" failures="0" skipped="0" tests="3" time="0.0337240695953369">
    <system-out>1..3
ok 1 - Equals
ok 2 - Equals
ok 3 - Equals
</system-out>
    <testcase name="Equals (918)" classname="spec_perl_TestTermStrz_t" time="0.00125002861022949" />
    <testcase name="Equals (919)" classname="spec_perl_TestTermStrz_t" time="4.50611114501953e-05" />
    <testcase name="Equals (920)" classname="spec_perl_TestTermStrz_t" time="5.19752502441406e-05" />
  </testsuite>
  <testsuite name="spec_perl_TestSwitchManualEnumInvalidElse_t" errors="0" failures="0" skipped="0" tests="5" time="0.034153938293457">
    <system-out>1..5
ok 1 - Equals
ok 2 - Equals
ok 3 - Equals
ok 4 - Equals
ok 5 - Equals
</system-out>
    <testcase name="Equals (921)" classname="spec_perl_TestSwitchManualEnumInvalidElse_t" time="0.00120401382446289" />
    <testcase name="Equals (922)" classname="spec_perl_TestSwitchManualEnumInvalidElse_t" time="4.79221343994141e-05" />
    <testcase name="Equals (923)" classname="spec_perl_TestSwitchManualEnumInvalidElse_t" time="5.41210174560547e-05" />
    <testcase name="Equals (924)" classname="spec_perl_TestSwitchManualEnumInvalidElse_t" time="6.58035278320312e-05" />
    <testcase name="Equals (925)" classname="spec_perl_TestSwitchManualEnumInvalidElse_t" time="6.00814819335938e-05" />
  </testsuite>
  <testsuite name="spec_perl_TestEnumOfValueInst_t" errors="0" failures="0" skipped="0" tests="4" time="0.0296800136566162">
    <system-out>1..4
ok 1 - Equals
ok 2 - Equals
ok 3 - Equals
ok 4 - Equals
</system-out>
    <testcase name="Equals (926)" classname="spec_perl_TestEnumOfValueInst_t" time="0.00115680694580078" />
    <testcase name="Equals (927)" classname="spec_perl_TestEnumOfValueInst_t" time="4.91142272949219e-05" />
    <testcase name="Equals (928)" classname="spec_perl_TestEnumOfValueInst_t" time="5.10215759277344e-05" />
    <testcase name="Equals (929)" classname="spec_perl_TestEnumOfValueInst_t" time="6.103515625e-05" />
  </testsuite>
  <testsuite name="spec_perl_TestNavParent_t" errors="0" failures="0" skipped="0" tests="5" time="0.0338649749755859">
    <system-out>1..5
ok 1 - Equals
ok 2 - Equals
ok 3 - Equals
ok 4 - Equals
ok 5 - Equals
</system-out>
    <testcase name="Equals (930)" classname="spec_perl_TestNavParent_t" time="0.00127196311950684" />
    <testcase name="Equals (931)" classname="spec_perl_TestNavParent_t" time="4.79221343994141e-05" />
    <testcase name="Equals (932)" classname="spec_perl_TestNavParent_t" time="6.00814819335938e-05" />
    <testcase name="Equals (933)" classname="spec_perl_TestNavParent_t" time="5.98430633544922e-05" />
    <testcase name="Equals (934)" classname="spec_perl_TestNavParent_t" time="6.103515625e-05" />
  </testsuite>
  <testsuite name="spec_perl_TestExprBits_t" errors="0" failures="0" skipped="0" tests="10" time="0.0304930210113525">
    <system-out>1..10
ok 1 - Equals
ok 2 - Equals
ok 3 - Equals
ok 4 - Equals
ok 5 - Equals
ok 6 - Equals
ok 7 - Equals
ok 8 - Equals
ok 9 - Equals
ok 10 - Equals
</system-out>
    <testcase name="Equals (935)" classname="spec_perl_TestExprBits_t" time="0.00118708610534668" />
    <testcase name="Equals (936)" classname="spec_perl_TestExprBits_t" time="4.69684600830078e-05" />
    <testcase name="Equals (937)" classname="spec_perl_TestExprBits_t" time="6.38961791992188e-05" />
    <testcase name="Equals (938)" classname="spec_perl_TestExprBits_t" time="5.50746917724609e-05" />
    <testcase name="Equals (939)" classname="spec_perl_TestExprBits_t" time="6.19888305664062e-05" />
    <testcase name="Equals (940)" classname="spec_perl_TestExprBits_t" time="5.38825988769531e-05" />
    <testcase name="Equals (941)" classname="spec_perl_TestExprBits_t" time="6.103515625e-05" />
    <testcase name="Equals (942)" classname="spec_perl_TestExprBits_t" time="5.91278076171875e-05" />
    <testcase name="Equals (943)" classname="spec_perl_TestExprBits_t" time="5.88893890380859e-05" />
    <testcase name="Equals (944)" classname="spec_perl_TestExprBits_t" time="8.10623168945312e-05" />
  </testsuite>
  <testsuite name="spec_perl_TestValidShort_t" errors="0" failures="0" skipped="1" tests="1" time="0.0336470603942871">
    <system-out>1..1
ok 1 # skip ValidShort=HASH(0x55f0f68ba100)
</system-out>
    <testcase name="Unnamed test case 944" classname="spec_perl_TestValidShort_t" time="0.00148296356201172">
      <skipped message="ok 1 # skip ValidShort=HASH(0x55f0f68ba100)" />
    </testcase>
  </testsuite>
  <testsuite name="spec_perl_TestProcessRotate_t" errors="0" failures="0" skipped="0" tests="3" time="0.0293729305267334">
    <system-out>1..3
ok 1 - Equals
ok 2 - Equals
ok 3 - Equals
</system-out>
    <testcase name="Equals (945)" classname="spec_perl_TestProcessRotate_t" time="0.00121712684631348" />
    <testcase name="Equals (946)" classname="spec_perl_TestProcessRotate_t" time="4.48226928710938e-05" />
    <testcase name="Equals (947)" classname="spec_perl_TestProcessRotate_t" time="6.31809234619141e-05" />
  </testsuite>
  <testsuite name="spec_perl_TestRepeatUntilCalcArrayType_t" errors="0" failures="0" skipped="0" tests="7" time="0.0305190086364746">
    <system-out>1..7
ok 1 - Equals
ok 2 - Equals
ok 3 - Equals
ok 4 - Equals
ok 5 - Equals
ok 6 - Equals
ok 7 - Equals
</system-out>
    <testcase name="Equals (948)" classname="spec_perl_TestRepeatUntilCalcArrayType_t" time="0.00146102905273438" />
    <testcase name="Equals (949)" classname="spec_perl_TestRepeatUntilCalcArrayType_t" time="4.69684600830078e-05" />
    <testcase name="Equals (950)" classname="spec_perl_TestRepeatUntilCalcArrayType_t" time="6.79492950439453e-05" />
    <testcase name="Equals (951)" classname="spec_perl_TestRepeatUntilCalcArrayType_t" time="6.79492950439453e-05" />
    <testcase name="Equals (952)" classname="spec_perl_TestRepeatUntilCalcArrayType_t" time="5.31673431396484e-05" />
    <testcase name="Equals (953)" classname="spec_perl_TestRepeatUntilCalcArrayType_t" time="5.98430633544922e-05" />
    <testcase name="Equals (954)" classname="spec_perl_TestRepeatUntilCalcArrayType_t" time="6.00814819335938e-05" />
  </testsuite>
  <testsuite name="spec_perl_TestIfInstances_t" errors="0" failures="0" skipped="0" tests="1" time="0.0295519828796387">
    <system-out>1..1
ok 1 - nil
</system-out>
    <testcase name="nil (954)" classname="spec_perl_TestIfInstances_t" time="0.00111603736877441" />
  </testsuite>
  <testsuite name="spec_perl_TestParamsPassUsertype_t" errors="0" failures="1" skipped="1" tests="2" time="0.030512809753418">
    <system-out>1..2
not ok 1 - test_params_pass_usertype died (Can't call method &quot;foo&quot; on an undefined value at compiled/perl/ParamsPassUsertype.pm line 119.)
ok 2 # skip test_params_pass_usertype died
</system-out>
    <testcase name="test_params_pass_usertype died (Can't call method &quot;foo&quot; on an undefined value at compiled/perl/ParamsPassUsertype.pm line 119.) (954)" classname="spec_perl_TestParamsPassUsertype_t" time="0.00118398666381836">
      <failure message="not ok 1 - test_params_pass_usertype died (Can't call method &quot;foo&quot; on an undefined value at compiled/perl/ParamsPassUsertype.pm line 119.)" type="TAP::Parser::Result::Test"></failure>
    </testcase>
    <testcase name="Unnamed test case 954" classname="spec_perl_TestParamsPassUsertype_t" time="8.89301300048828e-05">
      <skipped message="ok 2 # skip test_params_pass_usertype died" />
    </testcase>
  </testsuite>
  <testsuite name="spec_perl_TestNavParentOverride_t" errors="0" failures="0" skipped="0" tests="3" time="0.0299720764160156">
    <system-out>1..3
ok 1 - Equals
ok 2 - Equals
ok 3 - Equals
</system-out>
    <testcase name="Equals (955)" classname="spec_perl_TestNavParentOverride_t" time="0.00119304656982422" />
    <testcase name="Equals (956)" classname="spec_perl_TestNavParentOverride_t" time="4.60147857666016e-05" />
    <testcase name="Equals (957)" classname="spec_perl_TestNavParentOverride_t" time="6.29425048828125e-05" />
  </testsuite>
  <testsuite name="spec_perl_TestEnumForUnknownId_t" errors="0" failures="0" skipped="0" tests="1" time="0.0297701358795166">
    <system-out>1..1
ok 1 - Equals
</system-out>
    <testcase name="Equals (958)" classname="spec_perl_TestEnumForUnknownId_t" time="0.00116801261901855" />
  </testsuite>
  <testsuite name="spec_perl_TestProcessXor4Const_t" errors="0" failures="0" skipped="0" tests="2" time="0.0295422077178955">
    <system-out>1..2
ok 1 - Equals
ok 2 - Equals
</system-out>
    <testcase name="Equals (959)" classname="spec_perl_TestProcessXor4Const_t" time="0.00118207931518555" />
    <testcase name="Equals (960)" classname="spec_perl_TestProcessXor4Const_t" time="4.79221343994141e-05" />
  </testsuite>
  <testsuite name="spec_perl_TestSwitchRepeatExprInvalid_t" errors="0" failures="0" skipped="0" tests="3" time="0.0300171375274658">
    <system-out>1..3
ok 1 - Equals
ok 2 - Equals
ok 3 - Equals
</system-out>
    <testcase name="Equals (961)" classname="spec_perl_TestSwitchRepeatExprInvalid_t" time="0.00116801261901855" />
    <testcase name="Equals (962)" classname="spec_perl_TestSwitchRepeatExprInvalid_t" time="4.41074371337891e-05" />
    <testcase name="Equals (963)" classname="spec_perl_TestSwitchRepeatExprInvalid_t" time="5.88893890380859e-05" />
  </testsuite>
  <testsuite name="spec_perl_TestDefaultBitEndianMod_t" errors="0" failures="0" skipped="0" tests="4" time="0.0301539897918701">
    <system-out>1..4
ok 1 - Equals
ok 2 - Equals
ok 3 - Equals
ok 4 - Equals
</system-out>
    <testcase name="Equals (964)" classname="spec_perl_TestDefaultBitEndianMod_t" time="0.0012199878692627" />
    <testcase name="Equals (965)" classname="spec_perl_TestDefaultBitEndianMod_t" time="4.41074371337891e-05" />
    <testcase name="Equals (966)" classname="spec_perl_TestDefaultBitEndianMod_t" time="6.103515625e-05" />
    <testcase name="Equals (967)" classname="spec_perl_TestDefaultBitEndianMod_t" time="6.19888305664062e-05" />
  </testsuite>
  <testsuite name="spec_perl_TestDebugSwitchUser_t" errors="1" failures="0" skipped="0" tests="0" time="0.0271749496459961">
    <system-out></system-out>
    <testcase name="Test died too soon, even before plan. (967)" classname="spec_perl_TestDebugSwitchUser_t" time="0.0271749496459961">
      <failure message="The test suite died before a plan was produced. You need to have a plan." type="Plan">No plan</failure>
    </testcase>
  </testsuite>
  <testsuite name="spec_perl_TestExprArray_t" errors="0" failures="1" skipped="0" tests="15" time="0.0352370738983154">
    <system-out>1..15
ok 1 - Equals
ok 2 - Equals
ok 3 - Equals
ok 4 - Equals
ok 5 - Equals
ok 6 - Equals
ok 7 - Approx equals
ok 8 - Approx equals
not ok 9 - Approx equals
ok 10 - Approx equals
ok 11 - Equals
ok 12 - Equals
ok 13 - Equals
ok 14 - Equals
ok 15 - Equals
</system-out>
    <testcase name="Equals (968)" classname="spec_perl_TestExprArray_t" time="0.00127696990966797" />
    <testcase name="Equals (969)" classname="spec_perl_TestExprArray_t" time="4.79221343994141e-05" />
    <testcase name="Equals (970)" classname="spec_perl_TestExprArray_t" time="4.29153442382812e-05" />
    <testcase name="Equals (971)" classname="spec_perl_TestExprArray_t" time="6.19888305664062e-05" />
    <testcase name="Equals (972)" classname="spec_perl_TestExprArray_t" time="6.00814819335938e-05" />
    <testcase name="Equals (973)" classname="spec_perl_TestExprArray_t" time="5.91278076171875e-05" />
    <testcase name="Approx equals (973)" classname="spec_perl_TestExprArray_t" time="3.88622283935547e-05" />
    <testcase name="Approx equals (974)" classname="spec_perl_TestExprArray_t" time="3.60012054443359e-05" />
    <testcase name="Approx equals (975)" classname="spec_perl_TestExprArray_t" time="6.00814819335938e-05">
      <failure message="not ok 9 - Approx equals" type="TAP::Parser::Result::Test"></failure>
    </testcase>
    <testcase name="Approx equals (976)" classname="spec_perl_TestExprArray_t" time="0.000468015670776367" />
    <testcase name="Equals (976)" classname="spec_perl_TestExprArray_t" time="4.38690185546875e-05" />
    <testcase name="Equals (977)" classname="spec_perl_TestExprArray_t" time="3.50475311279297e-05" />
    <testcase name="Equals (978)" classname="spec_perl_TestExprArray_t" time="4.50611114501953e-05" />
    <testcase name="Equals (979)" classname="spec_perl_TestExprArray_t" time="3.09944152832031e-05" />
    <testcase name="Equals (980)" classname="spec_perl_TestExprArray_t" time="3.60012054443359e-05" />
  </testsuite>
  <testsuite name="spec_perl_TestToStringCustom_t" errors="0" failures="0" skipped="0" tests="1" time="0.0334169864654541">
    <system-out>1..1
ok 1 - Equals
</system-out>
    <testcase name="Equals (981)" classname="spec_perl_TestToStringCustom_t" time="0.000229120254516602" />
  </testsuite>
  <testsuite name="spec_perl_TestExprSizeofType1_t" errors="0" failures="0" skipped="0" tests="2" time="0.0293869972229004">
    <system-out>1..2
ok 1 - Equals
ok 2 - Equals
</system-out>
    <testcase name="Equals (982)" classname="spec_perl_TestExprSizeofType1_t" time="0.00114607810974121" />
    <testcase name="Equals (983)" classname="spec_perl_TestExprSizeofType1_t" time="4.1961669921875e-05" />
  </testsuite>
  <testsuite name="spec_perl_TestCastToTop_t" errors="0" failures="0" skipped="0" tests="3" time="0.029433012008667">
    <system-out>1..3
ok 1 - Equals
ok 2 - Equals
ok 3 - Equals
</system-out>
    <testcase name="Equals (984)" classname="spec_perl_TestCastToTop_t" time="0.00115609169006348" />
    <testcase name="Equals (985)" classname="spec_perl_TestCastToTop_t" time="7.70092010498047e-05" />
    <testcase name="Equals (986)" classname="spec_perl_TestCastToTop_t" time="6.69956207275391e-05" />
  </testsuite>
</testsuites>
