<?xml version='1.0' encoding='utf-8'?>
<testsuites>
  <testsuite name="spec_perl_TestEnumLongRangeS_t" errors="0" failures="0" skipped="0" tests="7" time="0.026526927947998">
    <system-out>1..7
ok 1 - Equals
ok 2 - Equals
ok 3 - Equals
ok 4 - Equals
ok 5 - Equals
ok 6 - Equals
ok 7 - Equals
</system-out>
    <testcase name="Equals" classname="spec_perl_TestEnumLongRangeS_t" time="0.00101804733276367" />
    <testcase name="Equals (2)" classname="spec_perl_TestEnumLongRangeS_t" time="4.88758087158203e-05" />
    <testcase name="Equals (3)" classname="spec_perl_TestEnumLongRangeS_t" time="6.41345977783203e-05" />
    <testcase name="Equals (4)" classname="spec_perl_TestEnumLongRangeS_t" time="5.88893890380859e-05" />
    <testcase name="Equals (5)" classname="spec_perl_TestEnumLongRangeS_t" time="5.41210174560547e-05" />
    <testcase name="Equals (6)" classname="spec_perl_TestEnumLongRangeS_t" time="8.10623168945312e-05" />
    <testcase name="Equals (7)" classname="spec_perl_TestEnumLongRangeS_t" time="8.08238983154297e-05" />
  </testsuite>
  <testsuite name="spec_perl_TestCastNested_t" errors="0" failures="0" skipped="0" tests="4" time="0.0301229953765869">
    <system-out>1..4
ok 1 - Equals
ok 2 - Equals
ok 3 - Equals
ok 4 - Equals
</system-out>
    <testcase name="Equals (8)" classname="spec_perl_TestCastNested_t" time="0.00113701820373535" />
    <testcase name="Equals (9)" classname="spec_perl_TestCastNested_t" time="7.20024108886719e-05" />
    <testcase name="Equals (10)" classname="spec_perl_TestCastNested_t" time="4.41074371337891e-05" />
    <testcase name="Equals (11)" classname="spec_perl_TestCastNested_t" time="3.98159027099609e-05" />
  </testsuite>
  <testsuite name="spec_perl_TestSwitchManualIntSizeEos_t" errors="0" failures="0" skipped="0" tests="10" time="0.0320649147033691">
    <system-out>1..10
ok 1 - Equals
ok 2 - Equals
ok 3 - Equals
ok 4 - Equals
ok 5 - Equals
ok 6 - Equals
ok 7 - Equals
ok 8 - Equals
ok 9 - Equals
ok 10 - Equals
</system-out>
    <testcase name="Equals (12)" classname="spec_perl_TestSwitchManualIntSizeEos_t" time="0.0015110969543457" />
    <testcase name="Equals (13)" classname="spec_perl_TestSwitchManualIntSizeEos_t" time="5.10215759277344e-05" />
    <testcase name="Equals (14)" classname="spec_perl_TestSwitchManualIntSizeEos_t" time="4.38690185546875e-05" />
    <testcase name="Equals (15)" classname="spec_perl_TestSwitchManualIntSizeEos_t" time="6.79492950439453e-05" />
    <testcase name="Equals (16)" classname="spec_perl_TestSwitchManualIntSizeEos_t" time="6.00814819335938e-05" />
    <testcase name="Equals (17)" classname="spec_perl_TestSwitchManualIntSizeEos_t" time="0.000121116638183594" />
    <testcase name="Equals (18)" classname="spec_perl_TestSwitchManualIntSizeEos_t" time="7.89165496826172e-05" />
    <testcase name="Equals (19)" classname="spec_perl_TestSwitchManualIntSizeEos_t" time="9.89437103271484e-05" />
    <testcase name="Equals (20)" classname="spec_perl_TestSwitchManualIntSizeEos_t" time="6.60419464111328e-05" />
    <testcase name="Equals (21)" classname="spec_perl_TestSwitchManualIntSizeEos_t" time="7.00950622558594e-05" />
  </testsuite>
  <testsuite name="spec_perl_TestExprSizeofValueSized_t" errors="0" failures="0" skipped="0" tests="5" time="0.027472972869873">
    <system-out>1..5
ok 1 - Equals
ok 2 - Equals
ok 3 - Equals
ok 4 - Equals
ok 5 - Equals
</system-out>
    <testcase name="Equals (22)" classname="spec_perl_TestExprSizeofValueSized_t" time="0.00129985809326172" />
    <testcase name="Equals (23)" classname="spec_perl_TestExprSizeofValueSized_t" time="5.10215759277344e-05" />
    <testcase name="Equals (24)" classname="spec_perl_TestExprSizeofValueSized_t" time="7.00950622558594e-05" />
    <testcase name="Equals (25)" classname="spec_perl_TestExprSizeofValueSized_t" time="5.79357147216797e-05" />
    <testcase name="Equals (26)" classname="spec_perl_TestExprSizeofValueSized_t" time="7.00950622558594e-05" />
  </testsuite>
  <testsuite name="spec_perl_TestBitsSimple_t" errors="0" failures="0" skipped="0" tests="14" time="0.027224063873291">
    <system-out>1..14
ok 1 - Equals
ok 2 - Equals
ok 3 - Equals
ok 4 - Equals
ok 5 - Equals
ok 6 - Equals
ok 7 - Equals
ok 8 - Equals
ok 9 - Equals
ok 10 - Equals
ok 11 - Equals
ok 12 - Equals
ok 13 - Equals
ok 14 - Equals
</system-out>
    <testcase name="Equals (27)" classname="spec_perl_TestBitsSimple_t" time="0.0010678768157959" />
    <testcase name="Equals (28)" classname="spec_perl_TestBitsSimple_t" time="6.19888305664062e-05" />
    <testcase name="Equals (29)" classname="spec_perl_TestBitsSimple_t" time="6.69956207275391e-05" />
    <testcase name="Equals (30)" classname="spec_perl_TestBitsSimple_t" time="6.50882720947266e-05" />
    <testcase name="Equals (31)" classname="spec_perl_TestBitsSimple_t" time="6.79492950439453e-05" />
    <testcase name="Equals (32)" classname="spec_perl_TestBitsSimple_t" time="5.69820404052734e-05" />
    <testcase name="Equals (33)" classname="spec_perl_TestBitsSimple_t" time="6.50882720947266e-05" />
    <testcase name="Equals (34)" classname="spec_perl_TestBitsSimple_t" time="5.60283660888672e-05" />
    <testcase name="Equals (35)" classname="spec_perl_TestBitsSimple_t" time="5.19752502441406e-05" />
    <testcase name="Equals (36)" classname="spec_perl_TestBitsSimple_t" time="6.29425048828125e-05" />
    <testcase name="Equals (37)" classname="spec_perl_TestBitsSimple_t" time="5.50746917724609e-05" />
    <testcase name="Equals (38)" classname="spec_perl_TestBitsSimple_t" time="5.19752502441406e-05" />
    <testcase name="Equals (39)" classname="spec_perl_TestBitsSimple_t" time="6.103515625e-05" />
    <testcase name="Equals (40)" classname="spec_perl_TestBitsSimple_t" time="5.29289245605469e-05" />
  </testsuite>
  <testsuite name="spec_perl_TestEnumNegative_t" errors="0" failures="0" skipped="0" tests="2" time="0.0266869068145752">
    <system-out>1..2
ok 1 - Equals
ok 2 - Equals
</system-out>
    <testcase name="Equals (41)" classname="spec_perl_TestEnumNegative_t" time="0.00103282928466797" />
    <testcase name="Equals (42)" classname="spec_perl_TestEnumNegative_t" time="5.41210174560547e-05" />
  </testsuite>
  <testsuite name="spec_perl_TestRecursiveOne_t" errors="0" failures="0" skipped="0" tests="4" time="0.0268468856811523">
    <system-out>1..4
ok 1 - Equals
ok 2 - Equals
ok 3 - Equals
ok 4 - Equals
</system-out>
    <testcase name="Equals (43)" classname="spec_perl_TestRecursiveOne_t" time="0.0011131763458252" />
    <testcase name="Equals (44)" classname="spec_perl_TestRecursiveOne_t" time="7.98702239990234e-05" />
    <testcase name="Equals (45)" classname="spec_perl_TestRecursiveOne_t" time="0.000138044357299805" />
    <testcase name="Equals (46)" classname="spec_perl_TestRecursiveOne_t" time="0.000127077102661133" />
  </testsuite>
  <testsuite name="spec_perl_TestExpr2_t" errors="0" failures="0" skipped="0" tests="17" time="0.0314450263977051">
    <system-out>1..17
ok 1 - Equals
ok 2 - Equals
ok 3 - Equals
ok 4 - Equals
ok 5 - Equals
ok 6 - Equals
ok 7 - Equals
ok 8 - Equals
ok 9 - Equals
ok 10 - Equals
ok 11 - Equals
ok 12 - Equals
ok 13 - Equals
ok 14 - Equals
ok 15 - Equals
ok 16 - Equals
ok 17 - Equals
</system-out>
    <testcase name="Equals (47)" classname="spec_perl_TestExpr2_t" time="0.0013580322265625" />
    <testcase name="Equals (48)" classname="spec_perl_TestExpr2_t" time="7.10487365722656e-05" />
    <testcase name="Equals (49)" classname="spec_perl_TestExpr2_t" time="7.60555267333984e-05" />
    <testcase name="Equals (50)" classname="spec_perl_TestExpr2_t" time="7.39097595214844e-05" />
    <testcase name="Equals (51)" classname="spec_perl_TestExpr2_t" time="6.19888305664062e-05" />
    <testcase name="Equals (52)" classname="spec_perl_TestExpr2_t" time="5.50746917724609e-05" />
    <testcase name="Equals (53)" classname="spec_perl_TestExpr2_t" time="6.98566436767578e-05" />
    <testcase name="Equals (54)" classname="spec_perl_TestExpr2_t" time="8.70227813720703e-05" />
    <testcase name="Equals (55)" classname="spec_perl_TestExpr2_t" time="8.41617584228516e-05" />
    <testcase name="Equals (56)" classname="spec_perl_TestExpr2_t" time="6.29425048828125e-05" />
    <testcase name="Equals (57)" classname="spec_perl_TestExpr2_t" time="5.79357147216797e-05" />
    <testcase name="Equals (58)" classname="spec_perl_TestExpr2_t" time="4.1961669921875e-05" />
    <testcase name="Equals (59)" classname="spec_perl_TestExpr2_t" time="7.51018524169922e-05" />
    <testcase name="Equals (60)" classname="spec_perl_TestExpr2_t" time="7.60555267333984e-05" />
    <testcase name="Equals (61)" classname="spec_perl_TestExpr2_t" time="4.1961669921875e-05" />
    <testcase name="Equals (62)" classname="spec_perl_TestExpr2_t" time="6.79492950439453e-05" />
    <testcase name="Equals (63)" classname="spec_perl_TestExpr2_t" time="4.1961669921875e-05" />
  </testsuite>
  <testsuite name="spec_perl_TestExpr3_t" errors="0" failures="0" skipped="0" tests="12" time="0.0303301811218262">
    <system-out>1..12
ok 1 - Equals
ok 2 - Equals
ok 3 - Equals
ok 4 - Equals
ok 5 - Equals
ok 6 - Equals
ok 7 - Equals
ok 8 - Equals
ok 9 - Equals
ok 10 - Equals
ok 11 - Equals
ok 12 - Equals
</system-out>
    <testcase name="Equals (64)" classname="spec_perl_TestExpr3_t" time="0.00102591514587402" />
    <testcase name="Equals (65)" classname="spec_perl_TestExpr3_t" time="5.00679016113281e-05" />
    <testcase name="Equals (66)" classname="spec_perl_TestExpr3_t" time="7.20024108886719e-05" />
    <testcase name="Equals (67)" classname="spec_perl_TestExpr3_t" time="6.50882720947266e-05" />
    <testcase name="Equals (68)" classname="spec_perl_TestExpr3_t" time="6.103515625e-05" />
    <testcase name="Equals (69)" classname="spec_perl_TestExpr3_t" time="5.60283660888672e-05" />
    <testcase name="Equals (70)" classname="spec_perl_TestExpr3_t" time="5.57899475097656e-05" />
    <testcase name="Equals (71)" classname="spec_perl_TestExpr3_t" time="6.19888305664062e-05" />
    <testcase name="Equals (72)" classname="spec_perl_TestExpr3_t" time="5.31673431396484e-05" />
    <testcase name="Equals (73)" classname="spec_perl_TestExpr3_t" time="6.29425048828125e-05" />
    <testcase name="Equals (74)" classname="spec_perl_TestExpr3_t" time="5.41210174560547e-05" />
    <testcase name="Equals (75)" classname="spec_perl_TestExpr3_t" time="5.07831573486328e-05" />
  </testsuite>
  <testsuite name="spec_perl_TestExprSizeofType1_t" errors="0" failures="0" skipped="0" tests="2" time="0.0268709659576416">
    <system-out>1..2
ok 1 - Equals
ok 2 - Equals
</system-out>
    <testcase name="Equals (76)" classname="spec_perl_TestExprSizeofType1_t" time="0.00110387802124023" />
    <testcase name="Equals (77)" classname="spec_perl_TestExprSizeofType1_t" time="6.79492950439453e-05" />
  </testsuite>
  <testsuite name="spec_perl_TestFixedContents_t" errors="0" failures="0" skipped="1" tests="1" time="0.0261080265045166">
    <system-out>1..1
ok 1 # skip FixedContents=HASH(0x55f5eb669bd8)
</system-out>
    <testcase name="Unnamed test case 77" classname="spec_perl_TestFixedContents_t" time="0.00122785568237305">
      <skipped message="ok 1 # skip FixedContents=HASH(0x55f5eb669bd8)" />
    </testcase>
  </testsuite>
  <testsuite name="spec_perl_TestNavRootRecursive_t" errors="0" failures="0" skipped="0" tests="4" time="0.0265688896179199">
    <system-out>1..4
ok 1 - Equals
ok 2 - Equals
ok 3 - Equals
ok 4 - nil
</system-out>
    <testcase name="Equals (78)" classname="spec_perl_TestNavRootRecursive_t" time="0.00102400779724121" />
    <testcase name="Equals (79)" classname="spec_perl_TestNavRootRecursive_t" time="5.10215759277344e-05" />
    <testcase name="Equals (80)" classname="spec_perl_TestNavRootRecursive_t" time="4.91142272949219e-05" />
    <testcase name="nil (80)" classname="spec_perl_TestNavRootRecursive_t" time="4.29153442382812e-05" />
  </testsuite>
  <testsuite name="spec_perl_TestBitsSignedResB32Be_t" errors="0" failures="0" skipped="0" tests="1" time="0.0269432067871094">
    <system-out>1..1
ok 1 - Equals
</system-out>
    <testcase name="Equals (81)" classname="spec_perl_TestBitsSignedResB32Be_t" time="0.00101494789123535" />
  </testsuite>
  <testsuite name="spec_perl_TestImportsAbsRel_t" errors="0" failures="0" skipped="0" tests="3" time="0.0264229774475098">
    <system-out>1..3
ok 1 - Equals
ok 2 - Equals
ok 3 - Equals
</system-out>
    <testcase name="Equals (82)" classname="spec_perl_TestImportsAbsRel_t" time="0.00102901458740234" />
    <testcase name="Equals (83)" classname="spec_perl_TestImportsAbsRel_t" time="5.10215759277344e-05" />
    <testcase name="Equals (84)" classname="spec_perl_TestImportsAbsRel_t" time="6.50882720947266e-05" />
  </testsuite>
  <testsuite name="spec_perl_TestDefaultBitEndianMod_t" errors="0" failures="0" skipped="0" tests="4" time="0.0268919467926025">
    <system-out>1..4
ok 1 - Equals
ok 2 - Equals
ok 3 - Equals
ok 4 - Equals
</system-out>
    <testcase name="Equals (85)" classname="spec_perl_TestDefaultBitEndianMod_t" time="0.0010981559753418" />
    <testcase name="Equals (86)" classname="spec_perl_TestDefaultBitEndianMod_t" time="5.88893890380859e-05" />
    <testcase name="Equals (87)" classname="spec_perl_TestDefaultBitEndianMod_t" time="7.79628753662109e-05" />
    <testcase name="Equals (88)" classname="spec_perl_TestDefaultBitEndianMod_t" time="6.69956207275391e-05" />
  </testsuite>
  <testsuite name="spec_perl_TestExprStrOps_t" errors="0" failures="0" skipped="0" tests="18" time="0.0313351154327393">
    <system-out>1..18
ok 1 - Equals
ok 2 - Equals
ok 3 - Equals
ok 4 - Equals
ok 5 - Equals
ok 6 - Equals
ok 7 - Equals
ok 8 - Equals
ok 9 - Equals
ok 10 - Equals
ok 11 - Equals
ok 12 - Equals
ok 13 - Equals
ok 14 - Equals
ok 15 - Equals
ok 16 - Equals
ok 17 - Equals
ok 18 - Equals
</system-out>
    <testcase name="Equals (89)" classname="spec_perl_TestExprStrOps_t" time="0.00102019309997559" />
    <testcase name="Equals (90)" classname="spec_perl_TestExprStrOps_t" time="5.29289245605469e-05" />
    <testcase name="Equals (91)" classname="spec_perl_TestExprStrOps_t" time="5.79357147216797e-05" />
    <testcase name="Equals (92)" classname="spec_perl_TestExprStrOps_t" time="7.00950622558594e-05" />
    <testcase name="Equals (93)" classname="spec_perl_TestExprStrOps_t" time="6.4849853515625e-05" />
    <testcase name="Equals (94)" classname="spec_perl_TestExprStrOps_t" time="6.41345977783203e-05" />
    <testcase name="Equals (95)" classname="spec_perl_TestExprStrOps_t" time="8.20159912109375e-05" />
    <testcase name="Equals (96)" classname="spec_perl_TestExprStrOps_t" time="6.69956207275391e-05" />
    <testcase name="Equals (97)" classname="spec_perl_TestExprStrOps_t" time="6.4849853515625e-05" />
    <testcase name="Equals (98)" classname="spec_perl_TestExprStrOps_t" time="6.50882720947266e-05" />
    <testcase name="Equals (99)" classname="spec_perl_TestExprStrOps_t" time="7.20024108886719e-05" />
    <testcase name="Equals (100)" classname="spec_perl_TestExprStrOps_t" time="4.29153442382812e-05" />
    <testcase name="Equals (101)" classname="spec_perl_TestExprStrOps_t" time="6.69956207275391e-05" />
    <testcase name="Equals (102)" classname="spec_perl_TestExprStrOps_t" time="6.81877136230469e-05" />
    <testcase name="Equals (103)" classname="spec_perl_TestExprStrOps_t" time="6.19888305664062e-05" />
    <testcase name="Equals (104)" classname="spec_perl_TestExprStrOps_t" time="8.392333984375e-05" />
    <testcase name="Equals (105)" classname="spec_perl_TestExprStrOps_t" time="6.69956207275391e-05" />
    <testcase name="Equals (106)" classname="spec_perl_TestExprStrOps_t" time="6.79492950439453e-05" />
  </testsuite>
  <testsuite name="spec_perl_TestBitsSignedShiftB32Le_t" errors="0" failures="0" skipped="0" tests="2" time="0.0266180038452148">
    <system-out>1..2
ok 1 - Equals
ok 2 - Equals
</system-out>
    <testcase name="Equals (107)" classname="spec_perl_TestBitsSignedShiftB32Le_t" time="0.00103092193603516" />
    <testcase name="Equals (108)" classname="spec_perl_TestBitsSignedShiftB32Le_t" time="6.103515625e-05" />
  </testsuite>
  <testsuite name="spec_perl_TestSwitchManualEnumInvalid_t" errors="0" failures="0" skipped="0" tests="5" time="0.0298910140991211">
    <system-out>1..5
ok 1 - Equals
ok 2 - Equals
ok 3 - nil
ok 4 - Equals
ok 5 - nil
</system-out>
    <testcase name="Equals (109)" classname="spec_perl_TestSwitchManualEnumInvalid_t" time="0.00104308128356934" />
    <testcase name="Equals (110)" classname="spec_perl_TestSwitchManualEnumInvalid_t" time="6.00814819335938e-05" />
    <testcase name="nil (110)" classname="spec_perl_TestSwitchManualEnumInvalid_t" time="4.98294830322266e-05" />
    <testcase name="Equals (111)" classname="spec_perl_TestSwitchManualEnumInvalid_t" time="4.81605529785156e-05" />
    <testcase name="nil (111)" classname="spec_perl_TestSwitchManualEnumInvalid_t" time="3.09944152832031e-05" />
  </testsuite>
  <testsuite name="spec_perl_TestTsPacketHeader_t" errors="0" failures="0" skipped="0" tests="7" time="0.0269730091094971">
    <system-out>1..7
ok 1 - Equals
ok 2 - Equals
ok 3 - Equals
ok 4 - Equals
ok 5 - Equals
ok 6 - Equals
ok 7 - Equals
</system-out>
    <testcase name="Equals (112)" classname="spec_perl_TestTsPacketHeader_t" time="0.000993967056274414" />
    <testcase name="Equals (113)" classname="spec_perl_TestTsPacketHeader_t" time="6.91413879394531e-05" />
    <testcase name="Equals (114)" classname="spec_perl_TestTsPacketHeader_t" time="7.48634338378906e-05" />
    <testcase name="Equals (115)" classname="spec_perl_TestTsPacketHeader_t" time="6.69956207275391e-05" />
    <testcase name="Equals (116)" classname="spec_perl_TestTsPacketHeader_t" time="6.50882720947266e-05" />
    <testcase name="Equals (117)" classname="spec_perl_TestTsPacketHeader_t" time="6.19888305664062e-05" />
    <testcase name="Equals (118)" classname="spec_perl_TestTsPacketHeader_t" time="7.00950622558594e-05" />
  </testsuite>
  <testsuite name="spec_perl_TestRepeatEosBit_t" errors="0" failures="0" skipped="0" tests="1" time="0.0264229774475098">
    <system-out>1..1
ok 1 - Equals
</system-out>
    <testcase name="Equals (119)" classname="spec_perl_TestRepeatEosBit_t" time="0.00109505653381348" />
  </testsuite>
  <testsuite name="spec_perl_TestFixedStruct_t" errors="0" failures="0" skipped="0" tests="20" time="0.0279929637908936">
    <system-out>1..20
ok 1 - Equals
ok 2 - Equals
ok 3 - Equals
ok 4 - Equals
ok 5 - Equals
ok 6 - Equals
ok 7 - Equals
ok 8 - Equals
ok 9 - Equals
ok 10 - Equals
ok 11 - Equals
ok 12 - Equals
ok 13 - Equals
ok 14 - Equals
ok 15 - Equals
ok 16 - Equals
ok 17 - Equals
ok 18 - Equals
ok 19 - Equals
ok 20 - Equals
</system-out>
    <testcase name="Equals (120)" classname="spec_perl_TestFixedStruct_t" time="0.00110697746276855" />
    <testcase name="Equals (121)" classname="spec_perl_TestFixedStruct_t" time="5.00679016113281e-05" />
    <testcase name="Equals (122)" classname="spec_perl_TestFixedStruct_t" time="7.00950622558594e-05" />
    <testcase name="Equals (123)" classname="spec_perl_TestFixedStruct_t" time="5.60283660888672e-05" />
    <testcase name="Equals (124)" classname="spec_perl_TestFixedStruct_t" time="8.79764556884766e-05" />
    <testcase name="Equals (125)" classname="spec_perl_TestFixedStruct_t" time="7.20024108886719e-05" />
    <testcase name="Equals (126)" classname="spec_perl_TestFixedStruct_t" time="6.4849853515625e-05" />
    <testcase name="Equals (127)" classname="spec_perl_TestFixedStruct_t" time="6.41345977783203e-05" />
    <testcase name="Equals (128)" classname="spec_perl_TestFixedStruct_t" time="5.19752502441406e-05" />
    <testcase name="Equals (129)" classname="spec_perl_TestFixedStruct_t" time="6.19888305664062e-05" />
    <testcase name="Equals (130)" classname="spec_perl_TestFixedStruct_t" time="7.70092010498047e-05" />
    <testcase name="Equals (131)" classname="spec_perl_TestFixedStruct_t" time="4.60147857666016e-05" />
    <testcase name="Equals (132)" classname="spec_perl_TestFixedStruct_t" time="7.29560852050781e-05" />
    <testcase name="Equals (133)" classname="spec_perl_TestFixedStruct_t" time="4.29153442382812e-05" />
    <testcase name="Equals (134)" classname="spec_perl_TestFixedStruct_t" time="7.10487365722656e-05" />
    <testcase name="Equals (135)" classname="spec_perl_TestFixedStruct_t" time="5.41210174560547e-05" />
    <testcase name="Equals (136)" classname="spec_perl_TestFixedStruct_t" time="6.103515625e-05" />
    <testcase name="Equals (137)" classname="spec_perl_TestFixedStruct_t" time="5.19752502441406e-05" />
    <testcase name="Equals (138)" classname="spec_perl_TestFixedStruct_t" time="7.39097595214844e-05" />
    <testcase name="Equals (139)" classname="spec_perl_TestFixedStruct_t" time="4.29153442382812e-05" />
  </testsuite>
  <testsuite name="spec_perl_TestMultipleUse_t" errors="0" failures="0" skipped="0" tests="2" time="0.0263829231262207">
    <system-out>1..2
ok 1 - Equals
ok 2 - Equals
</system-out>
    <testcase name="Equals (140)" classname="spec_perl_TestMultipleUse_t" time="0.00101709365844727" />
    <testcase name="Equals (141)" classname="spec_perl_TestMultipleUse_t" time="5.10215759277344e-05" />
  </testsuite>
  <testsuite name="spec_perl_TestParamsPassUsertype_t" errors="0" failures="1" skipped="1" tests="2" time="0.0267601013183594">
    <system-out>1..2
not ok 1 - test_params_pass_usertype died (Can't call method &quot;foo&quot; on an undefined value at compiled/perl/ParamsPassUsertype.pm line 119.)
ok 2 # skip test_params_pass_usertype died
</system-out>
    <testcase name="test_params_pass_usertype died (Can't call method &quot;foo&quot; on an undefined value at compiled/perl/ParamsPassUsertype.pm line 119.) (141)" classname="spec_perl_TestParamsPassUsertype_t" time="0.00106596946716309">
      <failure message="not ok 1 - test_params_pass_usertype died (Can't call method &quot;foo&quot; on an undefined value at compiled/perl/ParamsPassUsertype.pm line 119.)" type="TAP::Parser::Result::Test"></failure>
    </testcase>
    <testcase name="Unnamed test case 141" classname="spec_perl_TestParamsPassUsertype_t" time="7.00950622558594e-05">
      <skipped message="ok 2 # skip test_params_pass_usertype died" />
    </testcase>
  </testsuite>
  <testsuite name="spec_perl_TestSwitchManualIntSize_t" errors="0" failures="0" skipped="0" tests="10" time="0.0314018726348877">
    <system-out>1..10
ok 1 - Equals
ok 2 - Equals
ok 3 - Equals
ok 4 - Equals
ok 5 - Equals
ok 6 - Equals
ok 7 - Equals
ok 8 - Equals
ok 9 - Equals
ok 10 - Equals
</system-out>
    <testcase name="Equals (142)" classname="spec_perl_TestSwitchManualIntSize_t" time="0.00143909454345703" />
    <testcase name="Equals (143)" classname="spec_perl_TestSwitchManualIntSize_t" time="4.79221343994141e-05" />
    <testcase name="Equals (144)" classname="spec_perl_TestSwitchManualIntSize_t" time="6.103515625e-05" />
    <testcase name="Equals (145)" classname="spec_perl_TestSwitchManualIntSize_t" time="7.29560852050781e-05" />
    <testcase name="Equals (146)" classname="spec_perl_TestSwitchManualIntSize_t" time="4.31537628173828e-05" />
    <testcase name="Equals (147)" classname="spec_perl_TestSwitchManualIntSize_t" time="0.000116825103759766" />
    <testcase name="Equals (148)" classname="spec_perl_TestSwitchManualIntSize_t" time="6.91413879394531e-05" />
    <testcase name="Equals (149)" classname="spec_perl_TestSwitchManualIntSize_t" time="6.38961791992188e-05" />
    <testcase name="Equals (150)" classname="spec_perl_TestSwitchManualIntSize_t" time="5.31673431396484e-05" />
    <testcase name="Equals (151)" classname="spec_perl_TestSwitchManualIntSize_t" time="6.58035278320312e-05" />
  </testsuite>
  <testsuite name="spec_perl_TestBitsSimpleLe_t" errors="0" failures="0" skipped="0" tests="14" time="0.0269260406494141">
    <system-out>1..14
ok 1 - Equals
ok 2 - Equals
ok 3 - Equals
ok 4 - Equals
ok 5 - Equals
ok 6 - Equals
ok 7 - Equals
ok 8 - Equals
ok 9 - Equals
ok 10 - Equals
ok 11 - Equals
ok 12 - Equals
ok 13 - Equals
ok 14 - Equals
</system-out>
    <testcase name="Equals (152)" classname="spec_perl_TestBitsSimpleLe_t" time="0.00107288360595703" />
    <testcase name="Equals (153)" classname="spec_perl_TestBitsSimpleLe_t" time="4.91142272949219e-05" />
    <testcase name="Equals (154)" classname="spec_perl_TestBitsSimpleLe_t" time="6.89029693603516e-05" />
    <testcase name="Equals (155)" classname="spec_perl_TestBitsSimpleLe_t" time="6.19888305664062e-05" />
    <testcase name="Equals (156)" classname="spec_perl_TestBitsSimpleLe_t" time="6.69956207275391e-05" />
    <testcase name="Equals (157)" classname="spec_perl_TestBitsSimpleLe_t" time="5.50746917724609e-05" />
    <testcase name="Equals (158)" classname="spec_perl_TestBitsSimpleLe_t" time="5.91278076171875e-05" />
    <testcase name="Equals (159)" classname="spec_perl_TestBitsSimpleLe_t" time="5.98430633544922e-05" />
    <testcase name="Equals (160)" classname="spec_perl_TestBitsSimpleLe_t" time="6.00814819335938e-05" />
    <testcase name="Equals (161)" classname="spec_perl_TestBitsSimpleLe_t" time="5.69820404052734e-05" />
    <testcase name="Equals (162)" classname="spec_perl_TestBitsSimpleLe_t" time="6.103515625e-05" />
    <testcase name="Equals (163)" classname="spec_perl_TestBitsSimpleLe_t" time="6.103515625e-05" />
    <testcase name="Equals (164)" classname="spec_perl_TestBitsSimpleLe_t" time="7.89165496826172e-05" />
    <testcase name="Equals (165)" classname="spec_perl_TestBitsSimpleLe_t" time="7.29560852050781e-05" />
  </testsuite>
  <testsuite name="spec_perl_TestParamsCall_t" errors="0" failures="3" skipped="0" tests="3" time="0.0311260223388672">
    <system-out>1..3
not ok 1 - Equals
not ok 2 - Equals
not ok 3 - Equals
</system-out>
    <testcase name="Equals (166)" classname="spec_perl_TestParamsCall_t" time="0.00145697593688965">
      <failure message="not ok 1 - Equals" type="TAP::Parser::Result::Test"></failure>
    </testcase>
    <testcase name="Equals (167)" classname="spec_perl_TestParamsCall_t" time="0.000266075134277344">
      <failure message="not ok 2 - Equals" type="TAP::Parser::Result::Test"></failure>
    </testcase>
    <testcase name="Equals (168)" classname="spec_perl_TestParamsCall_t" time="0.000201940536499023">
      <failure message="not ok 3 - Equals" type="TAP::Parser::Result::Test"></failure>
    </testcase>
  </testsuite>
  <testsuite name="spec_perl_TestEnumToIClassBorder1_t" errors="0" failures="1" skipped="0" tests="3" time="0.0275590419769287">
    <system-out>1..3
ok 1 - Equals
ok 2 - Equals
not ok 3 - test_enum_to_i_class_border_1 died (Can't call method &quot;some_dog&quot; on an undefined value at compiled/perl/EnumToIClassBorder2.pm line 43.)
</system-out>
    <testcase name="Equals (169)" classname="spec_perl_TestEnumToIClassBorder1_t" time="0.00104618072509766" />
    <testcase name="Equals (170)" classname="spec_perl_TestEnumToIClassBorder1_t" time="5.48362731933594e-05" />
    <testcase name="test_enum_to_i_class_border_1 died (Can't call method &quot;some_dog&quot; on an undefined value at compiled/perl/EnumToIClassBorder2.pm line 43.) (170)" classname="spec_perl_TestEnumToIClassBorder1_t" time="0.000118017196655273">
      <failure message="not ok 3 - test_enum_to_i_class_border_1 died (Can't call method &quot;some_dog&quot; on an undefined value at compiled/perl/EnumToIClassBorder2.pm line 43.)" type="TAP::Parser::Result::Test"></failure>
    </testcase>
  </testsuite>
  <testsuite name="spec_perl_TestIndexToParamEos_t" errors="0" failures="2" skipped="0" tests="7" time="0.0310990810394287">
    <system-out>1..7
ok 1 - Equals
ok 2 - Equals
ok 3 - Equals
ok 4 - Equals
ok 5 - Equals
not ok 6 - Equals
not ok 7 - Equals
</system-out>
    <testcase name="Equals (171)" classname="spec_perl_TestIndexToParamEos_t" time="0.00147700309753418" />
    <testcase name="Equals (172)" classname="spec_perl_TestIndexToParamEos_t" time="0.000103950500488281" />
    <testcase name="Equals (173)" classname="spec_perl_TestIndexToParamEos_t" time="5.19752502441406e-05" />
    <testcase name="Equals (174)" classname="spec_perl_TestIndexToParamEos_t" time="6.103515625e-05" />
    <testcase name="Equals (175)" classname="spec_perl_TestIndexToParamEos_t" time="5.50746917724609e-05" />
    <testcase name="Equals (176)" classname="spec_perl_TestIndexToParamEos_t" time="7.10487365722656e-05">
      <failure message="not ok 6 - Equals" type="TAP::Parser::Result::Test"></failure>
    </testcase>
    <testcase name="Equals (177)" classname="spec_perl_TestIndexToParamEos_t" time="0.000361919403076172">
      <failure message="not ok 7 - Equals" type="TAP::Parser::Result::Test"></failure>
    </testcase>
  </testsuite>
  <testsuite name="spec_perl_TestStrPadTerm_t" errors="0" failures="0" skipped="0" tests="4" time="0.0303249359130859">
    <system-out>1..4
ok 1 - Equals
ok 2 - Equals
ok 3 - Equals
ok 4 - Equals
</system-out>
    <testcase name="Equals (178)" classname="spec_perl_TestStrPadTerm_t" time="0.0011439323425293" />
    <testcase name="Equals (179)" classname="spec_perl_TestStrPadTerm_t" time="5.10215759277344e-05" />
    <testcase name="Equals (180)" classname="spec_perl_TestStrPadTerm_t" time="6.19888305664062e-05" />
    <testcase name="Equals (181)" classname="spec_perl_TestStrPadTerm_t" time="6.41345977783203e-05" />
  </testsuite>
  <testsuite name="spec_perl_TestValidSwitch_t" errors="0" failures="0" skipped="1" tests="1" time="0.0263938903808594">
    <system-out>1..1
ok 1 # skip ValidSwitch=HASH(0x560ef9e854f8)
</system-out>
    <testcase name="Unnamed test case 181" classname="spec_perl_TestValidSwitch_t" time="0.00127005577087402">
      <skipped message="ok 1 # skip ValidSwitch=HASH(0x560ef9e854f8)" />
    </testcase>
  </testsuite>
  <testsuite name="spec_perl_TestIfStruct_t" errors="0" failures="0" skipped="0" tests="7" time="0.0304038524627686">
    <system-out>1..7
ok 1 - Equals
ok 2 - Equals
ok 3 - Equals
ok 4 - Equals
ok 5 - Equals
ok 6 - Equals
ok 7 - Equals
</system-out>
    <testcase name="Equals (182)" classname="spec_perl_TestIfStruct_t" time="0.001129150390625" />
    <testcase name="Equals (183)" classname="spec_perl_TestIfStruct_t" time="5.48362731933594e-05" />
    <testcase name="Equals (184)" classname="spec_perl_TestIfStruct_t" time="4.10079956054688e-05" />
    <testcase name="Equals (185)" classname="spec_perl_TestIfStruct_t" time="7.91549682617188e-05" />
    <testcase name="Equals (186)" classname="spec_perl_TestIfStruct_t" time="4.38690185546875e-05" />
    <testcase name="Equals (187)" classname="spec_perl_TestIfStruct_t" time="6.79492950439453e-05" />
    <testcase name="Equals (188)" classname="spec_perl_TestIfStruct_t" time="5.69820404052734e-05" />
  </testsuite>
  <testsuite name="spec_perl_TestSwitchManualEnum_t" errors="0" failures="0" skipped="0" tests="9" time="0.0303080081939697">
    <system-out>1..9
ok 1 - Equals
ok 2 - Equals
ok 3 - Equals
ok 4 - Equals
ok 5 - Equals
ok 6 - Equals
ok 7 - Equals
ok 8 - Equals
ok 9 - Equals
</system-out>
    <testcase name="Equals (189)" classname="spec_perl_TestSwitchManualEnum_t" time="0.00110220909118652" />
    <testcase name="Equals (190)" classname="spec_perl_TestSwitchManualEnum_t" time="4.98294830322266e-05" />
    <testcase name="Equals (191)" classname="spec_perl_TestSwitchManualEnum_t" time="7.00950622558594e-05" />
    <testcase name="Equals (192)" classname="spec_perl_TestSwitchManualEnum_t" time="7.98702239990234e-05" />
    <testcase name="Equals (193)" classname="spec_perl_TestSwitchManualEnum_t" time="6.50882720947266e-05" />
    <testcase name="Equals (194)" classname="spec_perl_TestSwitchManualEnum_t" time="6.00814819335938e-05" />
    <testcase name="Equals (195)" classname="spec_perl_TestSwitchManualEnum_t" time="5.38825988769531e-05" />
    <testcase name="Equals (196)" classname="spec_perl_TestSwitchManualEnum_t" time="6.19888305664062e-05" />
    <testcase name="Equals (197)" classname="spec_perl_TestSwitchManualEnum_t" time="5.31673431396484e-05" />
  </testsuite>
  <testsuite name="spec_perl_TestCastToTop_t" errors="0" failures="0" skipped="0" tests="3" time="0.0263140201568604">
    <system-out>1..3
ok 1 - Equals
ok 2 - Equals
ok 3 - Equals
</system-out>
    <testcase name="Equals (198)" classname="spec_perl_TestCastToTop_t" time="0.00102710723876953" />
    <testcase name="Equals (199)" classname="spec_perl_TestCastToTop_t" time="0.000100851058959961" />
    <testcase name="Equals (200)" classname="spec_perl_TestCastToTop_t" time="7.10487365722656e-05" />
  </testsuite>
  <testsuite name="spec_perl_TestNavParent_t" errors="0" failures="0" skipped="0" tests="5" time="0.0305428504943848">
    <system-out>1..5
ok 1 - Equals
ok 2 - Equals
ok 3 - Equals
ok 4 - Equals
ok 5 - Equals
</system-out>
    <testcase name="Equals (201)" classname="spec_perl_TestNavParent_t" time="0.00107789039611816" />
    <testcase name="Equals (202)" classname="spec_perl_TestNavParent_t" time="5.19752502441406e-05" />
    <testcase name="Equals (203)" classname="spec_perl_TestNavParent_t" time="4.60147857666016e-05" />
    <testcase name="Equals (204)" classname="spec_perl_TestNavParent_t" time="7.10487365722656e-05" />
    <testcase name="Equals (205)" classname="spec_perl_TestNavParent_t" time="5.60283660888672e-05" />
  </testsuite>
  <testsuite name="spec_perl_TestIndexToParamExpr_t" errors="0" failures="2" skipped="0" tests="7" time="0.0313749313354492">
    <system-out>1..7
ok 1 - Equals
ok 2 - Equals
ok 3 - Equals
ok 4 - Equals
ok 5 - Equals
not ok 6 - Equals
not ok 7 - Equals
</system-out>
    <testcase name="Equals (206)" classname="spec_perl_TestIndexToParamExpr_t" time="0.00131893157958984" />
    <testcase name="Equals (207)" classname="spec_perl_TestIndexToParamExpr_t" time="5.81741333007812e-05" />
    <testcase name="Equals (208)" classname="spec_perl_TestIndexToParamExpr_t" time="4.38690185546875e-05" />
    <testcase name="Equals (209)" classname="spec_perl_TestIndexToParamExpr_t" time="3.91006469726562e-05" />
    <testcase name="Equals (210)" classname="spec_perl_TestIndexToParamExpr_t" time="6.79492950439453e-05" />
    <testcase name="Equals (211)" classname="spec_perl_TestIndexToParamExpr_t" time="7.79628753662109e-05">
      <failure message="not ok 6 - Equals" type="TAP::Parser::Result::Test"></failure>
    </testcase>
    <testcase name="Equals (212)" classname="spec_perl_TestIndexToParamExpr_t" time="0.000487089157104492">
      <failure message="not ok 7 - Equals" type="TAP::Parser::Result::Test"></failure>
    </testcase>
  </testsuite>
  <testsuite name="spec_perl_TestProcessCustom_t" errors="1" failures="0" skipped="0" tests="0" time="0.0236468315124512">
    <system-out></system-out>
    <testcase name="Test died too soon, even before plan. (212)" classname="spec_perl_TestProcessCustom_t" time="0.0236468315124512">
      <failure message="The test suite died before a plan was produced. You need to have a plan." type="Plan">No plan</failure>
    </testcase>
  </testsuite>
  <testsuite name="spec_perl_TestCombineBytes_t" errors="0" failures="0" skipped="0" tests="10" time="0.0270872116088867">
    <system-out>1..10
ok 1 - Equals
ok 2 - Equals
ok 3 - Equals
ok 4 - Equals
ok 5 - Equals
ok 6 - Equals
ok 7 - Equals
ok 8 - Equals
ok 9 - Equals
ok 10 - Equals
</system-out>
    <testcase name="Equals (213)" classname="spec_perl_TestCombineBytes_t" time="0.00104093551635742" />
    <testcase name="Equals (214)" classname="spec_perl_TestCombineBytes_t" time="5.10215759277344e-05" />
    <testcase name="Equals (215)" classname="spec_perl_TestCombineBytes_t" time="6.60419464111328e-05" />
    <testcase name="Equals (216)" classname="spec_perl_TestCombineBytes_t" time="5.69820404052734e-05" />
    <testcase name="Equals (217)" classname="spec_perl_TestCombineBytes_t" time="7.41481781005859e-05" />
    <testcase name="Equals (218)" classname="spec_perl_TestCombineBytes_t" time="7.98702239990234e-05" />
    <testcase name="Equals (219)" classname="spec_perl_TestCombineBytes_t" time="8.0108642578125e-05" />
    <testcase name="Equals (220)" classname="spec_perl_TestCombineBytes_t" time="7.20024108886719e-05" />
    <testcase name="Equals (221)" classname="spec_perl_TestCombineBytes_t" time="6.98566436767578e-05" />
    <testcase name="Equals (222)" classname="spec_perl_TestCombineBytes_t" time="6.50882720947266e-05" />
  </testsuite>
  <testsuite name="spec_perl_TestOpaqueExternalType02Parent_t" errors="0" failures="0" skipped="0" tests="3" time="0.030095100402832">
    <system-out>1..3
ok 1 - Equals
ok 2 - Equals
ok 3 - Equals
</system-out>
    <testcase name="Equals (223)" classname="spec_perl_TestOpaqueExternalType02Parent_t" time="0.00114893913269043" />
    <testcase name="Equals (224)" classname="spec_perl_TestOpaqueExternalType02Parent_t" time="5.00679016113281e-05" />
    <testcase name="Equals (225)" classname="spec_perl_TestOpaqueExternalType02Parent_t" time="7.10487365722656e-05" />
  </testsuite>
  <testsuite name="spec_perl_TestEnumIntRangeS_t" errors="0" failures="0" skipped="0" tests="3" time="0.0265631675720215">
    <system-out>1..3
ok 1 - Equals
ok 2 - Equals
ok 3 - Equals
</system-out>
    <testcase name="Equals (226)" classname="spec_perl_TestEnumIntRangeS_t" time="0.00102496147155762" />
    <testcase name="Equals (227)" classname="spec_perl_TestEnumIntRangeS_t" time="5.00679016113281e-05" />
    <testcase name="Equals (228)" classname="spec_perl_TestEnumIntRangeS_t" time="6.38961791992188e-05" />
  </testsuite>
  <testsuite name="spec_perl_TestExprSizeofType0_t" errors="0" failures="0" skipped="0" tests="1" time="0.0260801315307617">
    <system-out>1..1
ok 1 - Equals
</system-out>
    <testcase name="Equals (229)" classname="spec_perl_TestExprSizeofType0_t" time="0.00099492073059082" />
  </testsuite>
  <testsuite name="spec_perl_TestExprBytesCmp_t" errors="0" failures="0" skipped="0" tests="10" time="0.0280718803405762">
    <system-out>1..10
ok 1 - Equals
ok 2 - Equals
ok 3 - Equals
ok 4 - Equals
ok 5 - Equals
ok 6 - Equals
ok 7 - Equals
ok 8 - Equals
ok 9 - Equals
ok 10 - Equals
</system-out>
    <testcase name="Equals (230)" classname="spec_perl_TestExprBytesCmp_t" time="0.00114917755126953" />
    <testcase name="Equals (231)" classname="spec_perl_TestExprBytesCmp_t" time="0.000119924545288086" />
    <testcase name="Equals (232)" classname="spec_perl_TestExprBytesCmp_t" time="8.20159912109375e-05" />
    <testcase name="Equals (233)" classname="spec_perl_TestExprBytesCmp_t" time="7.20024108886719e-05" />
    <testcase name="Equals (234)" classname="spec_perl_TestExprBytesCmp_t" time="8.29696655273438e-05" />
    <testcase name="Equals (235)" classname="spec_perl_TestExprBytesCmp_t" time="0.000135898590087891" />
    <testcase name="Equals (236)" classname="spec_perl_TestExprBytesCmp_t" time="0.000142097473144531" />
    <testcase name="Equals (237)" classname="spec_perl_TestExprBytesCmp_t" time="0.000126123428344727" />
    <testcase name="Equals (238)" classname="spec_perl_TestExprBytesCmp_t" time="0.000108957290649414" />
    <testcase name="Equals (239)" classname="spec_perl_TestExprBytesCmp_t" time="0.000116825103759766" />
  </testsuite>
  <testsuite name="spec_perl_TestEofExceptionU4_t" errors="0" failures="0" skipped="0" tests="1" time="0.0273878574371338">
    <system-out>1..1
ok 1 - threw /^Requested \d+ bytes, but only \d+ bytes available/
</system-out>
    <testcase name="threw /^Requested \d+ bytes, but only \d+ bytes available/ (239)" classname="spec_perl_TestEofExceptionU4_t" time="0.0010230541229248" />
  </testsuite>
  <testsuite name="spec_perl_TestImports0_t" errors="0" failures="0" skipped="0" tests="3" time="0.026777982711792">
    <system-out>1..3
ok 1 - Equals
ok 2 - Equals
ok 3 - Equals
</system-out>
    <testcase name="Equals (240)" classname="spec_perl_TestImports0_t" time="0.00105810165405273" />
    <testcase name="Equals (241)" classname="spec_perl_TestImports0_t" time="5.10215759277344e-05" />
    <testcase name="Equals (242)" classname="spec_perl_TestImports0_t" time="6.89029693603516e-05" />
  </testsuite>
  <testsuite name="spec_perl_TestImportsCircularA_t" errors="0" failures="0" skipped="0" tests="5" time="0.0275020599365234">
    <system-out>1..5
ok 1 - Equals
ok 2 - Equals
ok 3 - Equals
ok 4 - Equals
ok 5 - nil
</system-out>
    <testcase name="Equals (243)" classname="spec_perl_TestImportsCircularA_t" time="0.00109314918518066" />
    <testcase name="Equals (244)" classname="spec_perl_TestImportsCircularA_t" time="8.29696655273438e-05" />
    <testcase name="Equals (245)" classname="spec_perl_TestImportsCircularA_t" time="0.000102996826171875" />
    <testcase name="Equals (246)" classname="spec_perl_TestImportsCircularA_t" time="0.000114917755126953" />
    <testcase name="nil (246)" classname="spec_perl_TestImportsCircularA_t" time="7.10487365722656e-05" />
  </testsuite>
  <testsuite name="spec_perl_TestImportsAbs_t" errors="0" failures="0" skipped="0" tests="2" time="0.0265600681304932">
    <system-out>1..2
ok 1 - Equals
ok 2 - Equals
</system-out>
    <testcase name="Equals (247)" classname="spec_perl_TestImportsAbs_t" time="0.00104117393493652" />
    <testcase name="Equals (248)" classname="spec_perl_TestImportsAbs_t" time="7.39097595214844e-05" />
  </testsuite>
  <testsuite name="spec_perl_TestIntegers_t" errors="0" failures="0" skipped="0" tests="20" time="0.0294580459594727">
    <system-out>1..20
ok 1 - Equals
ok 2 - Equals
ok 3 - Equals
ok 4 - Equals
ok 5 - Equals
ok 6 - Equals
ok 7 - Equals
ok 8 - Equals
ok 9 - Equals
ok 10 - Equals
ok 11 - Equals
ok 12 - Equals
ok 13 - Equals
ok 14 - Equals
ok 15 - Equals
ok 16 - Equals
ok 17 - Equals
ok 18 - Equals
ok 19 - Equals
ok 20 - Equals
</system-out>
    <testcase name="Equals (249)" classname="spec_perl_TestIntegers_t" time="0.0012049674987793" />
    <testcase name="Equals (250)" classname="spec_perl_TestIntegers_t" time="6.81877136230469e-05" />
    <testcase name="Equals (251)" classname="spec_perl_TestIntegers_t" time="5.98430633544922e-05" />
    <testcase name="Equals (252)" classname="spec_perl_TestIntegers_t" time="5.69820404052734e-05" />
    <testcase name="Equals (253)" classname="spec_perl_TestIntegers_t" time="5.60283660888672e-05" />
    <testcase name="Equals (254)" classname="spec_perl_TestIntegers_t" time="5.91278076171875e-05" />
    <testcase name="Equals (255)" classname="spec_perl_TestIntegers_t" time="5.38825988769531e-05" />
    <testcase name="Equals (256)" classname="spec_perl_TestIntegers_t" time="5.60283660888672e-05" />
    <testcase name="Equals (257)" classname="spec_perl_TestIntegers_t" time="7.70092010498047e-05" />
    <testcase name="Equals (258)" classname="spec_perl_TestIntegers_t" time="5.88893890380859e-05" />
    <testcase name="Equals (259)" classname="spec_perl_TestIntegers_t" time="5.41210174560547e-05" />
    <testcase name="Equals (260)" classname="spec_perl_TestIntegers_t" time="5.29289245605469e-05" />
    <testcase name="Equals (261)" classname="spec_perl_TestIntegers_t" time="5.50746917724609e-05" />
    <testcase name="Equals (262)" classname="spec_perl_TestIntegers_t" time="5.19752502441406e-05" />
    <testcase name="Equals (263)" classname="spec_perl_TestIntegers_t" time="7.89165496826172e-05" />
    <testcase name="Equals (264)" classname="spec_perl_TestIntegers_t" time="4.81605529785156e-05" />
    <testcase name="Equals (265)" classname="spec_perl_TestIntegers_t" time="9.79900360107422e-05" />
    <testcase name="Equals (266)" classname="spec_perl_TestIntegers_t" time="5.69820404052734e-05" />
    <testcase name="Equals (267)" classname="spec_perl_TestIntegers_t" time="5.29289245605469e-05" />
    <testcase name="Equals (268)" classname="spec_perl_TestIntegers_t" time="5.19752502441406e-05" />
  </testsuite>
  <testsuite name="spec_perl_TestExprSizeofValue0_t" errors="0" failures="0" skipped="0" tests="5" time="0.0270240306854248">
    <system-out>1..5
ok 1 - Equals
ok 2 - Equals
ok 3 - Equals
ok 4 - Equals
ok 5 - Equals
</system-out>
    <testcase name="Equals (269)" classname="spec_perl_TestExprSizeofValue0_t" time="0.00106596946716309" />
    <testcase name="Equals (270)" classname="spec_perl_TestExprSizeofValue0_t" time="4.91142272949219e-05" />
    <testcase name="Equals (271)" classname="spec_perl_TestExprSizeofValue0_t" time="6.19888305664062e-05" />
    <testcase name="Equals (272)" classname="spec_perl_TestExprSizeofValue0_t" time="6.103515625e-05" />
    <testcase name="Equals (273)" classname="spec_perl_TestExprSizeofValue0_t" time="6.29425048828125e-05" />
  </testsuite>
  <testsuite name="spec_perl_TestStrLiteralsLatin1_t" errors="0" failures="0" skipped="0" tests="1" time="0.0304849147796631">
    <system-out>1..1
ok 1 - Equals
</system-out>
    <testcase name="Equals (274)" classname="spec_perl_TestStrLiteralsLatin1_t" time="0.00135302543640137" />
  </testsuite>
  <testsuite name="spec_perl_TestStrLiterals_t" errors="0" failures="0" skipped="0" tests="5" time="0.0265970230102539">
    <system-out>1..5
ok 1 - Equals
ok 2 - Equals
ok 3 - Equals
ok 4 - Equals
ok 5 - Equals
</system-out>
    <testcase name="Equals (275)" classname="spec_perl_TestStrLiterals_t" time="0.00103521347045898" />
    <testcase name="Equals (276)" classname="spec_perl_TestStrLiterals_t" time="4.98294830322266e-05" />
    <testcase name="Equals (277)" classname="spec_perl_TestStrLiterals_t" time="7.20024108886719e-05" />
    <testcase name="Equals (278)" classname="spec_perl_TestStrLiterals_t" time="9.20295715332031e-05" />
    <testcase name="Equals (279)" classname="spec_perl_TestStrLiterals_t" time="7.51018524169922e-05" />
  </testsuite>
  <testsuite name="spec_perl_TestValidLong_t" errors="0" failures="0" skipped="1" tests="1" time="0.0296928882598877">
    <system-out>1..1
ok 1 # skip ValidLong=HASH(0x564323583490)
</system-out>
    <testcase name="Unnamed test case 279" classname="spec_perl_TestValidLong_t" time="0.00128602981567383">
      <skipped message="ok 1 # skip ValidLong=HASH(0x564323583490)" />
    </testcase>
  </testsuite>
  <testsuite name="spec_perl_TestTermU1Val_t" errors="0" failures="0" skipped="0" tests="2" time="0.0302150249481201">
    <system-out>1..2
ok 1 - Equals
ok 2 - Equals
</system-out>
    <testcase name="Equals (280)" classname="spec_perl_TestTermU1Val_t" time="0.00107216835021973" />
    <testcase name="Equals (281)" classname="spec_perl_TestTermU1Val_t" time="5.60283660888672e-05" />
  </testsuite>
  <testsuite name="spec_perl_TestPositionInSeq_t" errors="0" failures="0" skipped="0" tests="1" time="0.026137113571167">
    <system-out>1..1
ok 1 - Equals
</system-out>
    <testcase name="Equals (282)" classname="spec_perl_TestPositionInSeq_t" time="0.00104212760925293" />
  </testsuite>
  <testsuite name="spec_perl_TestEnumIf_t" errors="0" failures="0" skipped="0" tests="7" time="0.0306439399719238">
    <system-out>1..7
ok 1 - Equals
ok 2 - Equals
ok 3 - Equals
ok 4 - Equals
ok 5 - Equals
ok 6 - Equals
ok 7 - Equals
</system-out>
    <testcase name="Equals (283)" classname="spec_perl_TestEnumIf_t" time="0.00111889839172363" />
    <testcase name="Equals (284)" classname="spec_perl_TestEnumIf_t" time="5.41210174560547e-05" />
    <testcase name="Equals (285)" classname="spec_perl_TestEnumIf_t" time="4.41074371337891e-05" />
    <testcase name="Equals (286)" classname="spec_perl_TestEnumIf_t" time="6.89029693603516e-05" />
    <testcase name="Equals (287)" classname="spec_perl_TestEnumIf_t" time="4.38690185546875e-05" />
    <testcase name="Equals (288)" classname="spec_perl_TestEnumIf_t" time="7.20024108886719e-05" />
    <testcase name="Equals (289)" classname="spec_perl_TestEnumIf_t" time="4.50611114501953e-05" />
  </testsuite>
  <testsuite name="spec_perl_TestRepeatEosU4_t" errors="0" failures="0" skipped="0" tests="1" time="0.0266611576080322">
    <system-out>1..1
ok 1 - Equals
</system-out>
    <testcase name="Equals (290)" classname="spec_perl_TestRepeatEosU4_t" time="0.00107312202453613" />
  </testsuite>
  <testsuite name="spec_perl_TestSwitchManualStrElse_t" errors="0" failures="0" skipped="0" tests="9" time="0.0306298732757568">
    <system-out>1..9
ok 1 - Equals
ok 2 - Equals
ok 3 - Equals
ok 4 - Equals
ok 5 - Equals
ok 6 - Equals
ok 7 - Equals
ok 8 - Equals
ok 9 - Equals
</system-out>
    <testcase name="Equals (291)" classname="spec_perl_TestSwitchManualStrElse_t" time="0.00108718872070312" />
    <testcase name="Equals (292)" classname="spec_perl_TestSwitchManualStrElse_t" time="4.98294830322266e-05" />
    <testcase name="Equals (293)" classname="spec_perl_TestSwitchManualStrElse_t" time="7.10487365722656e-05" />
    <testcase name="Equals (294)" classname="spec_perl_TestSwitchManualStrElse_t" time="6.19888305664062e-05" />
    <testcase name="Equals (295)" classname="spec_perl_TestSwitchManualStrElse_t" time="6.50882720947266e-05" />
    <testcase name="Equals (296)" classname="spec_perl_TestSwitchManualStrElse_t" time="6.89029693603516e-05" />
    <testcase name="Equals (297)" classname="spec_perl_TestSwitchManualStrElse_t" time="5.60283660888672e-05" />
    <testcase name="Equals (298)" classname="spec_perl_TestSwitchManualStrElse_t" time="6.103515625e-05" />
    <testcase name="Equals (299)" classname="spec_perl_TestSwitchManualStrElse_t" time="6.38961791992188e-05" />
  </testsuite>
  <testsuite name="spec_perl_TestExprIoEof_t" errors="0" failures="0" skipped="0" tests="4" time="0.0270311832427979">
    <system-out>1..4
ok 1 - Equals
ok 2 - nil
ok 3 - Equals
ok 4 - Equals
</system-out>
    <testcase name="Equals (300)" classname="spec_perl_TestExprIoEof_t" time="0.00127887725830078" />
    <testcase name="nil (300)" classname="spec_perl_TestExprIoEof_t" time="7.10487365722656e-05" />
    <testcase name="Equals (301)" classname="spec_perl_TestExprIoEof_t" time="4.41074371337891e-05" />
    <testcase name="Equals (302)" classname="spec_perl_TestExprIoEof_t" time="6.19888305664062e-05" />
  </testsuite>
  <testsuite name="spec_perl_TestExpr0_t" errors="0" failures="0" skipped="0" tests="2" time="0.0265848636627197">
    <system-out>1..2
ok 1 - Equals
ok 2 - Equals
</system-out>
    <testcase name="Equals (303)" classname="spec_perl_TestExpr0_t" time="0.00106406211853027" />
    <testcase name="Equals (304)" classname="spec_perl_TestExpr0_t" time="5.38825988769531e-05" />
  </testsuite>
  <testsuite name="spec_perl_TestEnumImportLiterals_t" errors="0" failures="0" skipped="0" tests="3" time="0.0274999141693115">
    <system-out>1..3
ok 1 - Equals
ok 2 - Equals
ok 3 - Equals
</system-out>
    <testcase name="Equals (305)" classname="spec_perl_TestEnumImportLiterals_t" time="0.00102710723876953" />
    <testcase name="Equals (306)" classname="spec_perl_TestEnumImportLiterals_t" time="8.98838043212891e-05" />
    <testcase name="Equals (307)" classname="spec_perl_TestEnumImportLiterals_t" time="5.00679016113281e-05" />
  </testsuite>
  <testsuite name="spec_perl_TestDocstringsDocrefMulti_t" errors="0" failures="0" skipped="1" tests="1" time="0.0262868404388428">
    <system-out>1..1
ok 1 # skip DocstringsDocrefMulti=HASH(0x561f1c7cd0b0)
</system-out>
    <testcase name="Unnamed test case 307" classname="spec_perl_TestDocstringsDocrefMulti_t" time="0.00125885009765625">
      <skipped message="ok 1 # skip DocstringsDocrefMulti=HASH(0x561f1c7cd0b0)" />
    </testcase>
  </testsuite>
  <testsuite name="spec_perl_TestEosExceptionSized_t" errors="0" failures="0" skipped="0" tests="1" time="0.0278091430664062">
    <system-out>1..1
ok 1 - threw /^Requested \d+ bytes, but only \d+ bytes available/
</system-out>
    <testcase name="threw /^Requested \d+ bytes, but only \d+ bytes available/ (307)" classname="spec_perl_TestEosExceptionSized_t" time="0.00125503540039062" />
  </testsuite>
  <testsuite name="spec_perl_TestPositionToEnd_t" errors="0" failures="0" skipped="0" tests="2" time="0.0260419845581055">
    <system-out>1..2
ok 1 - Equals
ok 2 - Equals
</system-out>
    <testcase name="Equals (308)" classname="spec_perl_TestPositionToEnd_t" time="0.00102710723876953" />
    <testcase name="Equals (309)" classname="spec_perl_TestPositionToEnd_t" time="4.88758087158203e-05" />
  </testsuite>
  <testsuite name="spec_perl_TestProcessXorValue_t" errors="0" failures="0" skipped="0" tests="2" time="0.0266151428222656">
    <system-out>1..2
ok 1 - Equals
ok 2 - Equals
</system-out>
    <testcase name="Equals (310)" classname="spec_perl_TestProcessXorValue_t" time="0.00112700462341309" />
    <testcase name="Equals (311)" classname="spec_perl_TestProcessXorValue_t" time="8.392333984375e-05" />
  </testsuite>
  <testsuite name="spec_perl_TestExprIfIntOps_t" errors="0" failures="0" skipped="0" tests="2" time="0.0267860889434814">
    <system-out>1..2
ok 1 - Equals
ok 2 - Equals
</system-out>
    <testcase name="Equals (312)" classname="spec_perl_TestExprIfIntOps_t" time="0.00112199783325195" />
    <testcase name="Equals (313)" classname="spec_perl_TestExprIfIntOps_t" time="9.79900360107422e-05" />
  </testsuite>
  <testsuite name="spec_perl_TestParamsPassArrayStr_t" errors="0" failures="1" skipped="6" tests="7" time="0.0303490161895752">
    <system-out>1..7
not ok 1 - test_params_pass_array_str died (Can't use an undefined value as an ARRAY reference at spec/perl/TestParamsPassArrayStr.t line 14.)
ok 2 # skip test_params_pass_array_str died
ok 3 # skip test_params_pass_array_str died
ok 4 # skip test_params_pass_array_str died
ok 5 # skip test_params_pass_array_str died
ok 6 # skip test_params_pass_array_str died
ok 7 # skip test_params_pass_array_str died
</system-out>
    <testcase name="test_params_pass_array_str died (Can't use an undefined value as an ARRAY reference at spec/perl/TestParamsPassArrayStr.t line 14.) (313)" classname="spec_perl_TestParamsPassArrayStr_t" time="0.00105381011962891">
      <failure message="not ok 1 - test_params_pass_array_str died (Can't use an undefined value as an ARRAY reference at spec/perl/TestParamsPassArrayStr.t line 14.)" type="TAP::Parser::Result::Test"></failure>
    </testcase>
    <testcase name="Unnamed test case 313" classname="spec_perl_TestParamsPassArrayStr_t" time="9.60826873779297e-05">
      <skipped message="ok 2 # skip test_params_pass_array_str died" />
    </testcase>
    <testcase name="Unnamed test case 314" classname="spec_perl_TestParamsPassArrayStr_t" time="8.20159912109375e-05">
      <skipped message="ok 3 # skip test_params_pass_array_str died" />
    </testcase>
    <testcase name="Unnamed test case 315" classname="spec_perl_TestParamsPassArrayStr_t" time="6.89029693603516e-05">
      <skipped message="ok 4 # skip test_params_pass_array_str died" />
    </testcase>
    <testcase name="Unnamed test case 316" classname="spec_perl_TestParamsPassArrayStr_t" time="5.91278076171875e-05">
      <skipped message="ok 5 # skip test_params_pass_array_str died" />
    </testcase>
    <testcase name="Unnamed test case 317" classname="spec_perl_TestParamsPassArrayStr_t" time="6.89029693603516e-05">
      <skipped message="ok 6 # skip test_params_pass_array_str died" />
    </testcase>
    <testcase name="Unnamed test case 318" classname="spec_perl_TestParamsPassArrayStr_t" time="5.00679016113281e-05">
      <skipped message="ok 7 # skip test_params_pass_array_str died" />
    </testcase>
  </testsuite>
  <testsuite name="spec_perl_TestBitsUnalignedB64Le_t" errors="0" failures="0" skipped="0" tests="3" time="0.0261609554290771">
    <system-out>1..3
ok 1 - Equals
ok 2 - Equals
ok 3 - Equals
</system-out>
    <testcase name="Equals (318)" classname="spec_perl_TestBitsUnalignedB64Le_t" time="0.00102901458740234" />
    <testcase name="Equals (319)" classname="spec_perl_TestBitsUnalignedB64Le_t" time="5.41210174560547e-05" />
    <testcase name="Equals (320)" classname="spec_perl_TestBitsUnalignedB64Le_t" time="7.29560852050781e-05" />
  </testsuite>
  <testsuite name="spec_perl_TestNavParentSwitch_t" errors="0" failures="0" skipped="0" tests="3" time="0.0268490314483643">
    <system-out>1..3
ok 1 - Equals
ok 2 - Equals
ok 3 - Equals
</system-out>
    <testcase name="Equals (321)" classname="spec_perl_TestNavParentSwitch_t" time="0.0010530948638916" />
    <testcase name="Equals (322)" classname="spec_perl_TestNavParentSwitch_t" time="6.00814819335938e-05" />
    <testcase name="Equals (323)" classname="spec_perl_TestNavParentSwitch_t" time="4.69684600830078e-05" />
  </testsuite>
  <testsuite name="spec_perl_TestInstanceStdArray_t" errors="0" failures="0" skipped="0" tests="7" time="0.0265209674835205">
    <system-out>1..7
ok 1 - Equals
ok 2 - Equals
ok 3 - Equals
ok 4 - Equals
ok 5 - Equals
ok 6 - Equals
ok 7 - Equals
</system-out>
    <testcase name="Equals (324)" classname="spec_perl_TestInstanceStdArray_t" time="0.00103616714477539" />
    <testcase name="Equals (325)" classname="spec_perl_TestInstanceStdArray_t" time="4.98294830322266e-05" />
    <testcase name="Equals (326)" classname="spec_perl_TestInstanceStdArray_t" time="6.60419464111328e-05" />
    <testcase name="Equals (327)" classname="spec_perl_TestInstanceStdArray_t" time="0.000107049942016602" />
    <testcase name="Equals (328)" classname="spec_perl_TestInstanceStdArray_t" time="6.98566436767578e-05" />
    <testcase name="Equals (329)" classname="spec_perl_TestInstanceStdArray_t" time="4.41074371337891e-05" />
    <testcase name="Equals (330)" classname="spec_perl_TestInstanceStdArray_t" time="7.00950622558594e-05" />
  </testsuite>
  <testsuite name="spec_perl_TestCombineBool_t" errors="0" failures="0" skipped="0" tests="2" time="0.0262517929077148">
    <system-out>1..2
ok 1 - Equals
ok 2 - Equals
</system-out>
    <testcase name="Equals (331)" classname="spec_perl_TestCombineBool_t" time="0.00102019309997559" />
    <testcase name="Equals (332)" classname="spec_perl_TestCombineBool_t" time="4.88758087158203e-05" />
  </testsuite>
  <testsuite name="spec_perl_TestFloatToI_t" errors="0" failures="0" skipped="0" tests="8" time="0.0267219543457031">
    <system-out>1..8
ok 1 - Approx equals
ok 2 - Approx equals
ok 3 - Equals
ok 4 - Equals
ok 5 - Equals
ok 6 - Equals
ok 7 - Equals
ok 8 - Equals
</system-out>
    <testcase name="Approx equals (332)" classname="spec_perl_TestFloatToI_t" time="0.00101304054260254" />
    <testcase name="Approx equals (333)" classname="spec_perl_TestFloatToI_t" time="5.60283660888672e-05" />
    <testcase name="Equals (333)" classname="spec_perl_TestFloatToI_t" time="4.69684600830078e-05" />
    <testcase name="Equals (334)" classname="spec_perl_TestFloatToI_t" time="8.98838043212891e-05" />
    <testcase name="Equals (335)" classname="spec_perl_TestFloatToI_t" time="6.31809234619141e-05" />
    <testcase name="Equals (336)" classname="spec_perl_TestFloatToI_t" time="6.98566436767578e-05" />
    <testcase name="Equals (337)" classname="spec_perl_TestFloatToI_t" time="8.0108642578125e-05" />
    <testcase name="Equals (338)" classname="spec_perl_TestFloatToI_t" time="7.79628753662109e-05" />
  </testsuite>
  <testsuite name="spec_perl_TestImportsParamsDefUsertypeImported_t" errors="0" failures="1" skipped="0" tests="2" time="0.0277030467987061">
    <system-out>1..2
ok 1 - Equals
not ok 2 - test_imports_params_def_usertype_imported died (Can't call method &quot;one&quot; on an undefined value at compiled/perl/ParamsDefUsertypeImported.pm line 43.)
</system-out>
    <testcase name="Equals (339)" classname="spec_perl_TestImportsParamsDefUsertypeImported_t" time="0.00116896629333496" />
    <testcase name="test_imports_params_def_usertype_imported died (Can't call method &quot;one&quot; on an undefined value at compiled/perl/ParamsDefUsertypeImported.pm line 43.) (339)" classname="spec_perl_TestImportsParamsDefUsertypeImported_t" time="9.60826873779297e-05">
      <failure message="not ok 2 - test_imports_params_def_usertype_imported died (Can't call method &quot;one&quot; on an undefined value at compiled/perl/ParamsDefUsertypeImported.pm line 43.)" type="TAP::Parser::Result::Test"></failure>
    </testcase>
  </testsuite>
  <testsuite name="spec_perl_TestSwitchManualIntElse_t" errors="0" failures="0" skipped="0" tests="9" time="0.0307109355926514">
    <system-out>1..9
ok 1 - Equals
ok 2 - Equals
ok 3 - Equals
ok 4 - Equals
ok 5 - Equals
ok 6 - Equals
ok 7 - Equals
ok 8 - Equals
ok 9 - Equals
</system-out>
    <testcase name="Equals (340)" classname="spec_perl_TestSwitchManualIntElse_t" time="0.0010981559753418" />
    <testcase name="Equals (341)" classname="spec_perl_TestSwitchManualIntElse_t" time="4.69684600830078e-05" />
    <testcase name="Equals (342)" classname="spec_perl_TestSwitchManualIntElse_t" time="6.89029693603516e-05" />
    <testcase name="Equals (343)" classname="spec_perl_TestSwitchManualIntElse_t" time="6.69956207275391e-05" />
    <testcase name="Equals (344)" classname="spec_perl_TestSwitchManualIntElse_t" time="6.41345977783203e-05" />
    <testcase name="Equals (345)" classname="spec_perl_TestSwitchManualIntElse_t" time="6.4849853515625e-05" />
    <testcase name="Equals (346)" classname="spec_perl_TestSwitchManualIntElse_t" time="5.60283660888672e-05" />
    <testcase name="Equals (347)" classname="spec_perl_TestSwitchManualIntElse_t" time="6.00814819335938e-05" />
    <testcase name="Equals (348)" classname="spec_perl_TestSwitchManualIntElse_t" time="6.29425048828125e-05" />
  </testsuite>
  <testsuite name="spec_perl_TestInstanceUserArray_t" errors="0" failures="0" skipped="0" tests="10" time="0.0280711650848389">
    <system-out>1..10
ok 1 - Equals
ok 2 - Equals
ok 3 - Equals
ok 4 - Equals
ok 5 - Equals
ok 6 - Equals
ok 7 - Equals
ok 8 - Equals
ok 9 - Equals
ok 10 - Equals
</system-out>
    <testcase name="Equals (349)" classname="spec_perl_TestInstanceUserArray_t" time="0.00109577178955078" />
    <testcase name="Equals (350)" classname="spec_perl_TestInstanceUserArray_t" time="8.0108642578125e-05" />
    <testcase name="Equals (351)" classname="spec_perl_TestInstanceUserArray_t" time="0.000108003616333008" />
    <testcase name="Equals (352)" classname="spec_perl_TestInstanceUserArray_t" time="0.000446081161499023" />
    <testcase name="Equals (353)" classname="spec_perl_TestInstanceUserArray_t" time="0.000103950500488281" />
    <testcase name="Equals (354)" classname="spec_perl_TestInstanceUserArray_t" time="0.000115871429443359" />
    <testcase name="Equals (355)" classname="spec_perl_TestInstanceUserArray_t" time="0.000115156173706055" />
    <testcase name="Equals (356)" classname="spec_perl_TestInstanceUserArray_t" time="0.000113964080810547" />
    <testcase name="Equals (357)" classname="spec_perl_TestInstanceUserArray_t" time="0.000110864639282227" />
    <testcase name="Equals (358)" classname="spec_perl_TestInstanceUserArray_t" time="0.000113010406494141" />
  </testsuite>
  <testsuite name="spec_perl_TestYamlInts_t" errors="0" failures="0" skipped="0" tests="4" time="0.0264358520507812">
    <system-out>1..4
ok 1 - Equals
ok 2 - Equals
ok 3 - Equals
ok 4 - Equals
</system-out>
    <testcase name="Equals (359)" classname="spec_perl_TestYamlInts_t" time="0.00101017951965332" />
    <testcase name="Equals (360)" classname="spec_perl_TestYamlInts_t" time="4.88758087158203e-05" />
    <testcase name="Equals (361)" classname="spec_perl_TestYamlInts_t" time="0.0001220703125" />
    <testcase name="Equals (362)" classname="spec_perl_TestYamlInts_t" time="6.79492950439453e-05" />
  </testsuite>
  <testsuite name="spec_perl_TestRepeatEosStruct_t" errors="0" failures="0" skipped="0" tests="5" time="0.0268700122833252">
    <system-out>1..5
ok 1 - Equals
ok 2 - Equals
ok 3 - Equals
ok 4 - Equals
ok 5 - Equals
</system-out>
    <testcase name="Equals (363)" classname="spec_perl_TestRepeatEosStruct_t" time="0.00110507011413574" />
    <testcase name="Equals (364)" classname="spec_perl_TestRepeatEosStruct_t" time="5.57899475097656e-05" />
    <testcase name="Equals (365)" classname="spec_perl_TestRepeatEosStruct_t" time="5.91278076171875e-05" />
    <testcase name="Equals (366)" classname="spec_perl_TestRepeatEosStruct_t" time="4.38690185546875e-05" />
    <testcase name="Equals (367)" classname="spec_perl_TestRepeatEosStruct_t" time="5.50746917724609e-05" />
  </testsuite>
  <testsuite name="spec_perl_TestBitsShiftByB64Le_t" errors="0" failures="0" skipped="0" tests="2" time="0.0259809494018555">
    <system-out>1..2
ok 1 - Equals
ok 2 - Equals
</system-out>
    <testcase name="Equals (368)" classname="spec_perl_TestBitsShiftByB64Le_t" time="0.00102996826171875" />
    <testcase name="Equals (369)" classname="spec_perl_TestBitsShiftByB64Le_t" time="5.38825988769531e-05" />
  </testsuite>
  <testsuite name="spec_perl_TestStrEncodingsDefault_t" errors="0" failures="0" skipped="0" tests="4" time="0.0340919494628906">
    <system-out>1..4
ok 1 - Equals
ok 2 - Equals
ok 3 - Equals
ok 4 - Equals
</system-out>
    <testcase name="Equals (370)" classname="spec_perl_TestStrEncodingsDefault_t" time="0.00408506393432617" />
    <testcase name="Equals (371)" classname="spec_perl_TestStrEncodingsDefault_t" time="9.39369201660156e-05" />
    <testcase name="Equals (372)" classname="spec_perl_TestStrEncodingsDefault_t" time="8.392333984375e-05" />
    <testcase name="Equals (373)" classname="spec_perl_TestStrEncodingsDefault_t" time="0.000115156173706055" />
  </testsuite>
  <testsuite name="spec_perl_TestEofExceptionBytes_t" errors="0" failures="0" skipped="0" tests="1" time="0.0274271965026855">
    <system-out>1..1
ok 1 - threw /^Requested \d+ bytes, but only \d+ bytes available/
</system-out>
    <testcase name="threw /^Requested \d+ bytes, but only \d+ bytes available/ (373)" classname="spec_perl_TestEofExceptionBytes_t" time="0.00104713439941406" />
  </testsuite>
  <testsuite name="spec_perl_TestBytesPadTerm_t" errors="0" failures="0" skipped="0" tests="4" time="0.026198148727417">
    <system-out>1..4
ok 1 - Equals
ok 2 - Equals
ok 3 - Equals
ok 4 - Equals
</system-out>
    <testcase name="Equals (374)" classname="spec_perl_TestBytesPadTerm_t" time="0.00102615356445312" />
    <testcase name="Equals (375)" classname="spec_perl_TestBytesPadTerm_t" time="5.19752502441406e-05" />
    <testcase name="Equals (376)" classname="spec_perl_TestBytesPadTerm_t" time="4.29153442382812e-05" />
    <testcase name="Equals (377)" classname="spec_perl_TestBytesPadTerm_t" time="6.19888305664062e-05" />
  </testsuite>
  <testsuite name="spec_perl_TestIndexToParamUntil_t" errors="0" failures="2" skipped="0" tests="7" time="0.0318400859832764">
    <system-out>1..7
ok 1 - Equals
ok 2 - Equals
ok 3 - Equals
ok 4 - Equals
ok 5 - Equals
not ok 6 - Equals
not ok 7 - Equals
</system-out>
    <testcase name="Equals (378)" classname="spec_perl_TestIndexToParamUntil_t" time="0.0016319751739502" />
    <testcase name="Equals (379)" classname="spec_perl_TestIndexToParamUntil_t" time="8.48770141601562e-05" />
    <testcase name="Equals (380)" classname="spec_perl_TestIndexToParamUntil_t" time="9.60826873779297e-05" />
    <testcase name="Equals (381)" classname="spec_perl_TestIndexToParamUntil_t" time="9.20295715332031e-05" />
    <testcase name="Equals (382)" classname="spec_perl_TestIndexToParamUntil_t" time="9.89437103271484e-05" />
    <testcase name="Equals (383)" classname="spec_perl_TestIndexToParamUntil_t" time="0.000116109848022461">
      <failure message="not ok 6 - Equals" type="TAP::Parser::Result::Test"></failure>
    </testcase>
    <testcase name="Equals (384)" classname="spec_perl_TestIndexToParamUntil_t" time="0.000452995300292969">
      <failure message="not ok 7 - Equals" type="TAP::Parser::Result::Test"></failure>
    </testcase>
  </testsuite>
  <testsuite name="spec_perl_TestValidEqStrEncodings_t" errors="0" failures="0" skipped="1" tests="1" time="0.0326330661773682">
    <system-out>1..1
ok 1 # skip ValidEqStrEncodings=HASH(0x55824319f500)
</system-out>
    <testcase name="Unnamed test case 384" classname="spec_perl_TestValidEqStrEncodings_t" time="0.0041041374206543">
      <skipped message="ok 1 # skip ValidEqStrEncodings=HASH(0x55824319f500)" />
    </testcase>
  </testsuite>
  <testsuite name="spec_perl_TestExprOpsParens_t" errors="0" failures="1" skipped="0" tests="9" time="0.0277409553527832">
    <system-out>1..9
ok 1 - Equals
ok 2 - Equals
ok 3 - Equals
ok 4 - Equals
ok 5 - Equals
ok 6 - Equals
not ok 7 - Equals
ok 8 - Equals
ok 9 - Equals
</system-out>
    <testcase name="Equals (385)" classname="spec_perl_TestExprOpsParens_t" time="0.00101995468139648" />
    <testcase name="Equals (386)" classname="spec_perl_TestExprOpsParens_t" time="5.19752502441406e-05" />
    <testcase name="Equals (387)" classname="spec_perl_TestExprOpsParens_t" time="7.51018524169922e-05" />
    <testcase name="Equals (388)" classname="spec_perl_TestExprOpsParens_t" time="6.79492950439453e-05" />
    <testcase name="Equals (389)" classname="spec_perl_TestExprOpsParens_t" time="7.10487365722656e-05" />
    <testcase name="Equals (390)" classname="spec_perl_TestExprOpsParens_t" time="7.48634338378906e-05" />
    <testcase name="Equals (391)" classname="spec_perl_TestExprOpsParens_t" time="7.60555267333984e-05">
      <failure message="not ok 7 - Equals" type="TAP::Parser::Result::Test"></failure>
    </testcase>
    <testcase name="Equals (392)" classname="spec_perl_TestExprOpsParens_t" time="0.000310897827148438" />
    <testcase name="Equals (393)" classname="spec_perl_TestExprOpsParens_t" time="0.000113964080810547" />
  </testsuite>
  <testsuite name="spec_perl_TestDefaultEndianExprIsBe_t" errors="0" failures="0" skipped="0" tests="18" time="0.0280330181121826">
    <system-out>1..18
ok 1 - Equals
ok 2 - Equals
ok 3 - Equals
ok 4 - Equals
ok 5 - Equals
ok 6 - Equals
ok 7 - Equals
ok 8 - Equals
ok 9 - Equals
ok 10 - Equals
ok 11 - Equals
ok 12 - Equals
ok 13 - Equals
ok 14 - Equals
ok 15 - Equals
ok 16 - Equals
ok 17 - Equals
ok 18 - Equals
</system-out>
    <testcase name="Equals (394)" classname="spec_perl_TestDefaultEndianExprIsBe_t" time="0.00111079216003418" />
    <testcase name="Equals (395)" classname="spec_perl_TestDefaultEndianExprIsBe_t" time="4.91142272949219e-05" />
    <testcase name="Equals (396)" classname="spec_perl_TestDefaultEndianExprIsBe_t" time="5.79357147216797e-05" />
    <testcase name="Equals (397)" classname="spec_perl_TestDefaultEndianExprIsBe_t" time="6.91413879394531e-05" />
    <testcase name="Equals (398)" classname="spec_perl_TestDefaultEndianExprIsBe_t" time="7.89165496826172e-05" />
    <testcase name="Equals (399)" classname="spec_perl_TestDefaultEndianExprIsBe_t" time="8.51154327392578e-05" />
    <testcase name="Equals (400)" classname="spec_perl_TestDefaultEndianExprIsBe_t" time="5.57899475097656e-05" />
    <testcase name="Equals (401)" classname="spec_perl_TestDefaultEndianExprIsBe_t" time="6.19888305664062e-05" />
    <testcase name="Equals (402)" classname="spec_perl_TestDefaultEndianExprIsBe_t" time="5.31673431396484e-05" />
    <testcase name="Equals (403)" classname="spec_perl_TestDefaultEndianExprIsBe_t" time="6.19888305664062e-05" />
    <testcase name="Equals (404)" classname="spec_perl_TestDefaultEndianExprIsBe_t" time="7.60555267333984e-05" />
    <testcase name="Equals (405)" classname="spec_perl_TestDefaultEndianExprIsBe_t" time="8.29696655273438e-05" />
    <testcase name="Equals (406)" classname="spec_perl_TestDefaultEndianExprIsBe_t" time="4.29153442382812e-05" />
    <testcase name="Equals (407)" classname="spec_perl_TestDefaultEndianExprIsBe_t" time="9.39369201660156e-05" />
    <testcase name="Equals (408)" classname="spec_perl_TestDefaultEndianExprIsBe_t" time="6.41345977783203e-05" />
    <testcase name="Equals (409)" classname="spec_perl_TestDefaultEndianExprIsBe_t" time="5.88893890380859e-05" />
    <testcase name="Equals (410)" classname="spec_perl_TestDefaultEndianExprIsBe_t" time="7.60555267333984e-05" />
    <testcase name="Equals (411)" classname="spec_perl_TestDefaultEndianExprIsBe_t" time="7.29560852050781e-05" />
  </testsuite>
  <testsuite name="spec_perl_TestParamsCallExtraParens_t" errors="0" failures="1" skipped="0" tests="1" time="0.0303390026092529">
    <system-out>1..1
not ok 1 - Equals
</system-out>
    <testcase name="Equals (412)" classname="spec_perl_TestParamsCallExtraParens_t" time="0.00120401382446289">
      <failure message="not ok 1 - Equals" type="TAP::Parser::Result::Test"></failure>
    </testcase>
  </testsuite>
  <testsuite name="spec_perl_TestExprIoTernary_t" errors="0" failures="0" skipped="0" tests="3" time="0.0272231101989746">
    <system-out>1..3
ok 1 - Equals
ok 2 - Equals
ok 3 - Equals
</system-out>
    <testcase name="Equals (413)" classname="spec_perl_TestExprIoTernary_t" time="0.00133109092712402" />
    <testcase name="Equals (414)" classname="spec_perl_TestExprIoTernary_t" time="6.69956207275391e-05" />
    <testcase name="Equals (415)" classname="spec_perl_TestExprIoTernary_t" time="6.98566436767578e-05" />
  </testsuite>
  <testsuite name="spec_perl_TestStrEncodingsEscapingEnc_t" errors="0" failures="0" skipped="0" tests="4" time="0.0329949855804443">
    <system-out>1..4
ok 1 - threw Regexp ((?^:^Unknown encoding 'ASCII\\\\x'))
ok 2 - threw Regexp ((?^:^Unknown encoding 'UTF-8\\'x'))
ok 3 - threw Regexp ((?^:^Unknown encoding 'SJIS\\\&quot;x'))
ok 4 - threw Regexp ((?^:^Unknown encoding 'IBM437\\nx'))
</system-out>
    <testcase name="threw Regexp ((?^:^Unknown encoding 'ASCII\\\\x')) (415)" classname="spec_perl_TestStrEncodingsEscapingEnc_t" time="0.00158286094665527" />
    <testcase name="threw Regexp ((?^:^Unknown encoding 'UTF-8\\'x')) (415)" classname="spec_perl_TestStrEncodingsEscapingEnc_t" time="0.000260114669799805" />
    <testcase name="threw Regexp ((?^:^Unknown encoding 'SJIS\\\&quot;x')) (415)" classname="spec_perl_TestStrEncodingsEscapingEnc_t" time="0.000268936157226562" />
    <testcase name="threw Regexp ((?^:^Unknown encoding 'IBM437\\nx')) (415)" classname="spec_perl_TestStrEncodingsEscapingEnc_t" time="0.000264883041381836" />
  </testsuite>
  <testsuite name="spec_perl_TestNestedTypes2_t" errors="0" failures="0" skipped="0" tests="7" time="0.02712082862854">
    <system-out>1..7
ok 1 - Equals
ok 2 - Equals
ok 3 - Equals
ok 4 - Equals
ok 5 - Equals
ok 6 - Equals
ok 7 - Equals
</system-out>
    <testcase name="Equals (416)" classname="spec_perl_TestNestedTypes2_t" time="0.00105595588684082" />
    <testcase name="Equals (417)" classname="spec_perl_TestNestedTypes2_t" time="4.91142272949219e-05" />
    <testcase name="Equals (418)" classname="spec_perl_TestNestedTypes2_t" time="7.10487365722656e-05" />
    <testcase name="Equals (419)" classname="spec_perl_TestNestedTypes2_t" time="9.89437103271484e-05" />
    <testcase name="Equals (420)" classname="spec_perl_TestNestedTypes2_t" time="6.69956207275391e-05" />
    <testcase name="Equals (421)" classname="spec_perl_TestNestedTypes2_t" time="5.60283660888672e-05" />
    <testcase name="Equals (422)" classname="spec_perl_TestNestedTypes2_t" time="5.29289245605469e-05" />
  </testsuite>
  <testsuite name="spec_perl_TestNavParentRecursive_t" errors="0" failures="0" skipped="0" tests="4" time="0.026738166809082">
    <system-out>1..4
ok 1 - Equals
ok 2 - Equals
ok 3 - Equals
ok 4 - nil
</system-out>
    <testcase name="Equals (423)" classname="spec_perl_TestNavParentRecursive_t" time="0.00100898742675781" />
    <testcase name="Equals (424)" classname="spec_perl_TestNavParentRecursive_t" time="5.41210174560547e-05" />
    <testcase name="Equals (425)" classname="spec_perl_TestNavParentRecursive_t" time="4.38690185546875e-05" />
    <testcase name="nil (425)" classname="spec_perl_TestNavParentRecursive_t" time="4.00543212890625e-05" />
  </testsuite>
  <testsuite name="spec_perl_TestDefaultEndianExprInherited_t" errors="0" failures="0" skipped="0" tests="15" time="0.028040885925293">
    <system-out>1..15
ok 1 - Equals
ok 2 - Equals
ok 3 - Equals
ok 4 - Equals
ok 5 - Equals
ok 6 - Equals
ok 7 - Equals
ok 8 - Equals
ok 9 - Equals
ok 10 - Equals
ok 11 - Equals
ok 12 - Equals
ok 13 - Equals
ok 14 - Equals
ok 15 - Equals
</system-out>
    <testcase name="Equals (426)" classname="spec_perl_TestDefaultEndianExprInherited_t" time="0.00110292434692383" />
    <testcase name="Equals (427)" classname="spec_perl_TestDefaultEndianExprInherited_t" time="7.10487365722656e-05" />
    <testcase name="Equals (428)" classname="spec_perl_TestDefaultEndianExprInherited_t" time="9.10758972167969e-05" />
    <testcase name="Equals (429)" classname="spec_perl_TestDefaultEndianExprInherited_t" time="6.38961791992188e-05" />
    <testcase name="Equals (430)" classname="spec_perl_TestDefaultEndianExprInherited_t" time="8.89301300048828e-05" />
    <testcase name="Equals (431)" classname="spec_perl_TestDefaultEndianExprInherited_t" time="6.29425048828125e-05" />
    <testcase name="Equals (432)" classname="spec_perl_TestDefaultEndianExprInherited_t" time="5.91278076171875e-05" />
    <testcase name="Equals (433)" classname="spec_perl_TestDefaultEndianExprInherited_t" time="5.29289245605469e-05" />
    <testcase name="Equals (434)" classname="spec_perl_TestDefaultEndianExprInherited_t" time="7.20024108886719e-05" />
    <testcase name="Equals (435)" classname="spec_perl_TestDefaultEndianExprInherited_t" time="7.29560852050781e-05" />
    <testcase name="Equals (436)" classname="spec_perl_TestDefaultEndianExprInherited_t" time="5.60283660888672e-05" />
    <testcase name="Equals (437)" classname="spec_perl_TestDefaultEndianExprInherited_t" time="6.31809234619141e-05" />
    <testcase name="Equals (438)" classname="spec_perl_TestDefaultEndianExprInherited_t" time="6.4849853515625e-05" />
    <testcase name="Equals (439)" classname="spec_perl_TestDefaultEndianExprInherited_t" time="5.41210174560547e-05" />
    <testcase name="Equals (440)" classname="spec_perl_TestDefaultEndianExprInherited_t" time="7.58171081542969e-05" />
  </testsuite>
  <testsuite name="spec_perl_TestProcessXor4Const_t" errors="0" failures="0" skipped="0" tests="2" time="0.0266661643981934">
    <system-out>1..2
ok 1 - Equals
ok 2 - Equals
</system-out>
    <testcase name="Equals (441)" classname="spec_perl_TestProcessXor4Const_t" time="0.00115203857421875" />
    <testcase name="Equals (442)" classname="spec_perl_TestProcessXor4Const_t" time="9.29832458496094e-05" />
  </testsuite>
  <testsuite name="spec_perl_TestDefaultEndianExprException_t" errors="0" failures="0" skipped="0" tests="1" time="0.0276641845703125">
    <system-out>1..1
ok 1 - threw /^Unable to decide on endianness/
</system-out>
    <testcase name="threw /^Unable to decide on endianness/ (442)" classname="spec_perl_TestDefaultEndianExprException_t" time="0.00105786323547363" />
  </testsuite>
  <testsuite name="spec_perl_TestEnum0_t" errors="0" failures="0" skipped="0" tests="2" time="0.0264098644256592">
    <system-out>1..2
ok 1 - Equals
ok 2 - Equals
</system-out>
    <testcase name="Equals (443)" classname="spec_perl_TestEnum0_t" time="0.00102496147155762" />
    <testcase name="Equals (444)" classname="spec_perl_TestEnum0_t" time="5.50746917724609e-05" />
  </testsuite>
  <testsuite name="spec_perl_TestBitsByteAligned_t" errors="0" failures="0" skipped="0" tests="9" time="0.0274369716644287">
    <system-out>1..9
ok 1 - Equals
ok 2 - Equals
ok 3 - Equals
ok 4 - Equals
ok 5 - Equals
ok 6 - Equals
ok 7 - Equals
ok 8 - Equals
ok 9 - Equals
</system-out>
    <testcase name="Equals (445)" classname="spec_perl_TestBitsByteAligned_t" time="0.00113606452941895" />
    <testcase name="Equals (446)" classname="spec_perl_TestBitsByteAligned_t" time="8.29696655273438e-05" />
    <testcase name="Equals (447)" classname="spec_perl_TestBitsByteAligned_t" time="0.000118017196655273" />
    <testcase name="Equals (448)" classname="spec_perl_TestBitsByteAligned_t" time="0.00011897087097168" />
    <testcase name="Equals (449)" classname="spec_perl_TestBitsByteAligned_t" time="0.000118017196655273" />
    <testcase name="Equals (450)" classname="spec_perl_TestBitsByteAligned_t" time="0.000116109848022461" />
[...]
  <testsuite name="spec_perl_TestValidNotParsedIf_t" errors="0" failures="0" skipped="1" tests="1" time="0.0264739990234375">
    <system-out>1..1
ok 1 # skip ValidNotParsedIf=HASH(0x5575e64c9b10)
</system-out>
    <testcase name="Unnamed test case 958" classname="spec_perl_TestValidNotParsedIf_t" time="0.00124788284301758">
      <skipped message="ok 1 # skip ValidNotParsedIf=HASH(0x5575e64c9b10)" />
    </testcase>
  </testsuite>
  <testsuite name="spec_perl_TestDebug0_t" errors="0" failures="0" skipped="1" tests="1" time="0.0266718864440918">
    <system-out>1..1
ok 1 # skip test_debug_0
</system-out>
    <testcase name="Unnamed test case 959" classname="spec_perl_TestDebug0_t" time="0.000948905944824219">
      <skipped message="ok 1 # skip test_debug_0" />
    </testcase>
  </testsuite>
  <testsuite name="spec_perl_TestIfValues_t" errors="0" failures="0" skipped="0" tests="6" time="0.0279560089111328">
    <system-out>1..6
ok 1 - Equals
ok 2 - Equals
ok 3 - Equals
ok 4 - nil
ok 5 - Equals
ok 6 - nil
</system-out>
    <testcase name="Equals (959)" classname="spec_perl_TestIfValues_t" time="0.00120687484741211" />
    <testcase name="Equals (960)" classname="spec_perl_TestIfValues_t" time="6.103515625e-05" />
    <testcase name="Equals (961)" classname="spec_perl_TestIfValues_t" time="7.10487365722656e-05" />
    <testcase name="nil (961)" classname="spec_perl_TestIfValues_t" time="4.79221343994141e-05" />
    <testcase name="Equals (962)" classname="spec_perl_TestIfValues_t" time="4.00543212890625e-05" />
    <testcase name="nil (962)" classname="spec_perl_TestIfValues_t" time="3.814697265625e-05" />
  </testsuite>
  <testsuite name="spec_perl_TestInstanceIoUser_t" errors="0" failures="0" skipped="0" tests="4" time="0.0313749313354492">
    <system-out>1..4
ok 1 - Equals
ok 2 - Equals
ok 3 - Equals
ok 4 - Equals
</system-out>
    <testcase name="Equals (963)" classname="spec_perl_TestInstanceIoUser_t" time="0.00137805938720703" />
    <testcase name="Equals (964)" classname="spec_perl_TestInstanceIoUser_t" time="8.392333984375e-05" />
    <testcase name="Equals (965)" classname="spec_perl_TestInstanceIoUser_t" time="8.60691070556641e-05" />
    <testcase name="Equals (966)" classname="spec_perl_TestInstanceIoUser_t" time="8.51154327392578e-05" />
  </testsuite>
  <testsuite name="spec_perl_TestSwitchManualInt_t" errors="0" failures="0" skipped="0" tests="9" time="0.0305302143096924">
    <system-out>1..9
ok 1 - Equals
ok 2 - Equals
ok 3 - Equals
ok 4 - Equals
ok 5 - Equals
ok 6 - Equals
ok 7 - Equals
ok 8 - Equals
ok 9 - Equals
</system-out>
    <testcase name="Equals (967)" classname="spec_perl_TestSwitchManualInt_t" time="0.00111913681030273" />
    <testcase name="Equals (968)" classname="spec_perl_TestSwitchManualInt_t" time="5.38825988769531e-05" />
    <testcase name="Equals (969)" classname="spec_perl_TestSwitchManualInt_t" time="4.10079956054688e-05" />
    <testcase name="Equals (970)" classname="spec_perl_TestSwitchManualInt_t" time="4.50611114501953e-05" />
    <testcase name="Equals (971)" classname="spec_perl_TestSwitchManualInt_t" time="6.60419464111328e-05" />
    <testcase name="Equals (972)" classname="spec_perl_TestSwitchManualInt_t" time="4.1961669921875e-05" />
    <testcase name="Equals (973)" classname="spec_perl_TestSwitchManualInt_t" time="7.58171081542969e-05" />
    <testcase name="Equals (974)" classname="spec_perl_TestSwitchManualInt_t" time="4.60147857666016e-05" />
    <testcase name="Equals (975)" classname="spec_perl_TestSwitchManualInt_t" time="7.00950622558594e-05" />
  </testsuite>
  <testsuite name="spec_perl_TestStrEncodingsUtf16_t" errors="0" failures="0" skipped="0" tests="6" time="0.0310509204864502">
    <system-out>1..6
ok 1 - Equals
ok 2 - Equals
ok 3 - Equals
ok 4 - Equals
ok 5 - Equals
ok 6 - Equals
</system-out>
    <testcase name="Equals (976)" classname="spec_perl_TestStrEncodingsUtf16_t" time="0.00199985504150391" />
    <testcase name="Equals (977)" classname="spec_perl_TestStrEncodingsUtf16_t" time="5.81741333007812e-05" />
    <testcase name="Equals (978)" classname="spec_perl_TestStrEncodingsUtf16_t" time="8.29696655273438e-05" />
    <testcase name="Equals (979)" classname="spec_perl_TestStrEncodingsUtf16_t" time="5.79357147216797e-05" />
    <testcase name="Equals (980)" classname="spec_perl_TestStrEncodingsUtf16_t" time="6.00814819335938e-05" />
    <testcase name="Equals (981)" classname="spec_perl_TestStrEncodingsUtf16_t" time="6.79492950439453e-05" />
  </testsuite>
  <testsuite name="spec_perl_TestStrEncodings_t" errors="0" failures="0" skipped="0" tests="4" time="0.0329370498657227">
    <system-out>1..4
ok 1 - Equals
ok 2 - Equals
ok 3 - Equals
ok 4 - Equals
</system-out>
    <testcase name="Equals (982)" classname="spec_perl_TestStrEncodings_t" time="0.00397014617919922" />
    <testcase name="Equals (983)" classname="spec_perl_TestStrEncodings_t" time="7.60555267333984e-05" />
    <testcase name="Equals (984)" classname="spec_perl_TestStrEncodings_t" time="4.1961669921875e-05" />
    <testcase name="Equals (985)" classname="spec_perl_TestStrEncodings_t" time="5.79357147216797e-05" />
  </testsuite>
  <testsuite name="spec_perl_TestDebugSwitchUser_t" errors="1" failures="0" skipped="0" tests="0" time="0.0242528915405273">
    <system-out></system-out>
    <testcase name="Test died too soon, even before plan. (985)" classname="spec_perl_TestDebugSwitchUser_t" time="0.0242528915405273">
      <failure message="The test suite died before a plan was produced. You need to have a plan." type="Plan">No plan</failure>
    </testcase>
  </testsuite>
  <testsuite name="spec_perl_TestSwitchRepeatExpr_t" errors="0" failures="0" skipped="0" tests="3" time="0.0267150402069092">
    <system-out>1..3
ok 1 - Equals
ok 2 - Equals
ok 3 - Equals
</system-out>
    <testcase name="Equals (986)" classname="spec_perl_TestSwitchRepeatExpr_t" time="0.00130295753479004" />
    <testcase name="Equals (987)" classname="spec_perl_TestSwitchRepeatExpr_t" time="5.69820404052734e-05" />
    <testcase name="Equals (988)" classname="spec_perl_TestSwitchRepeatExpr_t" time="5.91278076171875e-05" />
  </testsuite>
  <testsuite name="spec_perl_TestExprBytesNonLiteral_t" errors="0" failures="0" skipped="0" tests="3" time="0.0270140171051025">
    <system-out>1..3
ok 1 - Equals
ok 2 - Equals
ok 3 - Equals
</system-out>
    <testcase name="Equals (989)" classname="spec_perl_TestExprBytesNonLiteral_t" time="0.00113105773925781" />
    <testcase name="Equals (990)" classname="spec_perl_TestExprBytesNonLiteral_t" time="9.08374786376953e-05" />
    <testcase name="Equals (991)" classname="spec_perl_TestExprBytesNonLiteral_t" time="7.00950622558594e-05" />
  </testsuite>
  <testsuite name="spec_perl_TestProcessToUser_t" errors="0" failures="0" skipped="0" tests="1" time="0.0308229923248291">
    <system-out>1..1
ok 1 - Equals
</system-out>
    <testcase name="Equals (992)" classname="spec_perl_TestProcessToUser_t" time="0.00136804580688477" />
  </testsuite>
  <testsuite name="spec_perl_TestParamsPassArrayUsertype_t" errors="0" failures="1" skipped="4" tests="5" time="0.0267729759216309">
    <system-out>1..5
not ok 1 - test_params_pass_array_usertype died (Can't use an undefined value as an ARRAY reference at compiled/perl/ParamsPassArrayUsertype.pm line 123.)
ok 2 # skip test_params_pass_array_usertype died
ok 3 # skip test_params_pass_array_usertype died
ok 4 # skip test_params_pass_array_usertype died
ok 5 # skip test_params_pass_array_usertype died
</system-out>
    <testcase name="test_params_pass_array_usertype died (Can't use an undefined value as an ARRAY reference at compiled/perl/ParamsPassArrayUsertype.pm line 123.) (992)" classname="spec_perl_TestParamsPassArrayUsertype_t" time="0.00105786323547363">
      <failure message="not ok 1 - test_params_pass_array_usertype died (Can't use an undefined value as an ARRAY reference at compiled/perl/ParamsPassArrayUsertype.pm line 123.)" type="TAP::Parser::Result::Test"></failure>
    </testcase>
    <testcase name="Unnamed test case 992" classname="spec_perl_TestParamsPassArrayUsertype_t" time="8.10623168945312e-05">
      <skipped message="ok 2 # skip test_params_pass_array_usertype died" />
    </testcase>
    <testcase name="Unnamed test case 993" classname="spec_perl_TestParamsPassArrayUsertype_t" time="5.00679016113281e-05">
      <skipped message="ok 3 # skip test_params_pass_array_usertype died" />
    </testcase>
    <testcase name="Unnamed test case 994" classname="spec_perl_TestParamsPassArrayUsertype_t" time="3.88622283935547e-05">
      <skipped message="ok 4 # skip test_params_pass_array_usertype died" />
    </testcase>
    <testcase name="Unnamed test case 995" classname="spec_perl_TestParamsPassArrayUsertype_t" time="3.40938568115234e-05">
      <skipped message="ok 5 # skip test_params_pass_array_usertype died" />
    </testcase>
  </testsuite>
  <testsuite name="spec_perl_TestEnumToIInvalid_t" errors="0" failures="0" skipped="0" tests="8" time="0.0273168087005615">
    <system-out>1..8
ok 1 - Equals
ok 2 - Equals
ok 3 - Equals
ok 4 - Equals
ok 5 - Equals
ok 6 - Equals
ok 7 - Equals
ok 8 - Equals
</system-out>
    <testcase name="Equals (995)" classname="spec_perl_TestEnumToIInvalid_t" time="0.00102400779724121" />
    <testcase name="Equals (996)" classname="spec_perl_TestEnumToIInvalid_t" time="5.50746917724609e-05" />
    <testcase name="Equals (997)" classname="spec_perl_TestEnumToIInvalid_t" time="4.38690185546875e-05" />
    <testcase name="Equals (998)" classname="spec_perl_TestEnumToIInvalid_t" time="7.70092010498047e-05" />
    <testcase name="Equals (999)" classname="spec_perl_TestEnumToIInvalid_t" time="5.91278076171875e-05" />
    <testcase name="Equals (1000)" classname="spec_perl_TestEnumToIInvalid_t" time="6.79492950439453e-05" />
    <testcase name="Equals (1001)" classname="spec_perl_TestEnumToIInvalid_t" time="6.41345977783203e-05" />
    <testcase name="Equals (1002)" classname="spec_perl_TestEnumToIInvalid_t" time="5.57899475097656e-05" />
  </testsuite>
  <testsuite name="spec_perl_TestSwitchManualIntSizeElse_t" errors="0" failures="0" skipped="0" tests="10" time="0.0313699245452881">
    <system-out>1..10
ok 1 - Equals
ok 2 - Equals
ok 3 - Equals
ok 4 - Equals
ok 5 - Equals
ok 6 - Equals
ok 7 - Equals
ok 8 - Equals
ok 9 - Equals
ok 10 - Equals
</system-out>
    <testcase name="Equals (1003)" classname="spec_perl_TestSwitchManualIntSizeElse_t" time="0.00142717361450195" />
    <testcase name="Equals (1004)" classname="spec_perl_TestSwitchManualIntSizeElse_t" time="4.88758087158203e-05" />
    <testcase name="Equals (1005)" classname="spec_perl_TestSwitchManualIntSizeElse_t" time="6.81877136230469e-05" />
    <testcase name="Equals (1006)" classname="spec_perl_TestSwitchManualIntSizeElse_t" time="5.48362731933594e-05" />
    <testcase name="Equals (1007)" classname="spec_perl_TestSwitchManualIntSizeElse_t" time="6.69956207275391e-05" />
    <testcase name="Equals (1008)" classname="spec_perl_TestSwitchManualIntSizeElse_t" time="0.000100135803222656" />
    <testcase name="Equals (1009)" classname="spec_perl_TestSwitchManualIntSizeElse_t" time="6.79492950439453e-05" />
    <testcase name="Equals (1010)" classname="spec_perl_TestSwitchManualIntSizeElse_t" time="6.38961791992188e-05" />
    <testcase name="Equals (1011)" classname="spec_perl_TestSwitchManualIntSizeElse_t" time="6.103515625e-05" />
    <testcase name="Equals (1012)" classname="spec_perl_TestSwitchManualIntSizeElse_t" time="6.41345977783203e-05" />
  </testsuite>
  <testsuite name="spec_perl_TestImportsParamsDefEnumImported_t" errors="0" failures="2" skipped="0" tests="4" time="0.0281999111175537">
    <system-out>1..4
ok 1 - Equals
ok 2 - Equals
not ok 3 - Equals
not ok 4 - Equals
</system-out>
    <testcase name="Equals (1013)" classname="spec_perl_TestImportsParamsDefEnumImported_t" time="0.00114798545837402" />
    <testcase name="Equals (1014)" classname="spec_perl_TestImportsParamsDefEnumImported_t" time="8.51154327392578e-05" />
    <testcase name="Equals (1015)" classname="spec_perl_TestImportsParamsDefEnumImported_t" time="8.08238983154297e-05">
      <failure message="not ok 3 - Equals" type="TAP::Parser::Result::Test"></failure>
    </testcase>
    <testcase name="Equals (1016)" classname="spec_perl_TestImportsParamsDefEnumImported_t" time="0.000255107879638672">
      <failure message="not ok 4 - Equals" type="TAP::Parser::Result::Test"></failure>
    </testcase>
  </testsuite>
  <testsuite name="spec_perl_TestExprStrEncodings_t" errors="0" failures="0" skipped="0" tests="7" time="0.0336349010467529">
    <system-out>1..7
ok 1 - Equals
ok 2 - Equals
ok 3 - Equals
ok 4 - Equals
ok 5 - Equals
ok 6 - Equals
ok 7 - Equals
</system-out>
    <testcase name="Equals (1017)" classname="spec_perl_TestExprStrEncodings_t" time="0.00416088104248047" />
    <testcase name="Equals (1018)" classname="spec_perl_TestExprStrEncodings_t" time="7.10487365722656e-05" />
    <testcase name="Equals (1019)" classname="spec_perl_TestExprStrEncodings_t" time="5.19752502441406e-05" />
    <testcase name="Equals (1020)" classname="spec_perl_TestExprStrEncodings_t" time="5.41210174560547e-05" />
    <testcase name="Equals (1021)" classname="spec_perl_TestExprStrEncodings_t" time="4.88758087158203e-05" />
    <testcase name="Equals (1022)" classname="spec_perl_TestExprStrEncodings_t" time="4.60147857666016e-05" />
    <testcase name="Equals (1023)" classname="spec_perl_TestExprStrEncodings_t" time="8.10623168945312e-05" />
  </testsuite>
  <testsuite name="spec_perl_TestExpr1_t" errors="0" failures="0" skipped="0" tests="4" time="0.0298669338226318">
    <system-out>1..4
ok 1 - Equals
ok 2 - Equals
ok 3 - Equals
ok 4 - Equals
</system-out>
    <testcase name="Equals (1024)" classname="spec_perl_TestExpr1_t" time="0.00101184844970703" />
    <testcase name="Equals (1025)" classname="spec_perl_TestExpr1_t" time="6.60419464111328e-05" />
    <testcase name="Equals (1026)" classname="spec_perl_TestExpr1_t" time="8.392333984375e-05" />
    <testcase name="Equals (1027)" classname="spec_perl_TestExpr1_t" time="6.91413879394531e-05" />
  </testsuite>
  <testsuite name="spec_perl_TestParamsPassArrayStruct_t" errors="0" failures="1" skipped="2" tests="3" time="0.0265228748321533">
    <system-out>1..3
not ok 1 - test_params_pass_array_struct died (Can't use an undefined value as an ARRAY reference at spec/perl/TestParamsPassArrayStruct.t line 14.)
ok 2 # skip test_params_pass_array_struct died
ok 3 # skip test_params_pass_array_struct died
</system-out>
    <testcase name="test_params_pass_array_struct died (Can't use an undefined value as an ARRAY reference at spec/perl/TestParamsPassArrayStruct.t line 14.) (1027)" classname="spec_perl_TestParamsPassArrayStruct_t" time="0.00106000900268555">
      <failure message="not ok 1 - test_params_pass_array_struct died (Can't use an undefined value as an ARRAY reference at spec/perl/TestParamsPassArrayStruct.t line 14.)" type="TAP::Parser::Result::Test"></failure>
    </testcase>
    <testcase name="Unnamed test case 1027" classname="spec_perl_TestParamsPassArrayStruct_t" time="7.89165496826172e-05">
      <skipped message="ok 2 # skip test_params_pass_array_struct died" />
    </testcase>
    <testcase name="Unnamed test case 1028" classname="spec_perl_TestParamsPassArrayStruct_t" time="6.103515625e-05">
      <skipped message="ok 3 # skip test_params_pass_array_struct died" />
    </testcase>
  </testsuite>
  <testsuite name="spec_perl_TestRepeatNStruct_t" errors="0" failures="0" skipped="0" tests="5" time="0.0268001556396484">
    <system-out>1..5
ok 1 - Equals
ok 2 - Equals
ok 3 - Equals
ok 4 - Equals
ok 5 - Equals
</system-out>
    <testcase name="Equals (1028)" classname="spec_perl_TestRepeatNStruct_t" time="0.00104403495788574" />
    <testcase name="Equals (1029)" classname="spec_perl_TestRepeatNStruct_t" time="5.38825988769531e-05" />
    <testcase name="Equals (1030)" classname="spec_perl_TestRepeatNStruct_t" time="4.60147857666016e-05" />
    <testcase name="Equals (1031)" classname="spec_perl_TestRepeatNStruct_t" time="7.10487365722656e-05" />
    <testcase name="Equals (1032)" classname="spec_perl_TestRepeatNStruct_t" time="5.79357147216797e-05" />
  </testsuite>
  <testsuite name="spec_perl_TestNestedSameName2_t" errors="0" failures="0" skipped="0" tests="5" time="0.0272519588470459">
    <system-out>1..5
ok 1 - Equals
ok 2 - Equals
ok 3 - Equals
ok 4 - Equals
ok 5 - Equals
</system-out>
    <testcase name="Equals (1033)" classname="spec_perl_TestNestedSameName2_t" time="0.00107908248901367" />
    <testcase name="Equals (1034)" classname="spec_perl_TestNestedSameName2_t" time="5.88893890380859e-05" />
    <testcase name="Equals (1035)" classname="spec_perl_TestNestedSameName2_t" time="4.81605529785156e-05" />
    <testcase name="Equals (1036)" classname="spec_perl_TestNestedSameName2_t" time="4.48226928710938e-05" />
    <testcase name="Equals (1037)" classname="spec_perl_TestNestedSameName2_t" time="7.41481781005859e-05" />
  </testsuite>
  <testsuite name="spec_perl_TestProcessRotate_t" errors="0" failures="0" skipped="0" tests="3" time="0.0263640880584717">
    <system-out>1..3
ok 1 - Equals
ok 2 - Equals
ok 3 - Equals
</system-out>
    <testcase name="Equals (1038)" classname="spec_perl_TestProcessRotate_t" time="0.00102806091308594" />
    <testcase name="Equals (1039)" classname="spec_perl_TestProcessRotate_t" time="5.10215759277344e-05" />
    <testcase name="Equals (1040)" classname="spec_perl_TestProcessRotate_t" time="4.1961669921875e-05" />
  </testsuite>
  <testsuite name="spec_perl_TestEofExceptionSized_t" errors="0" failures="0" skipped="0" tests="1" time="0.027554988861084">
    <system-out>1..1
ok 1 - threw /^Requested \d+ bytes, but only \d+ bytes available/
</system-out>
    <testcase name="threw /^Requested \d+ bytes, but only \d+ bytes available/ (1040)" classname="spec_perl_TestEofExceptionSized_t" time="0.0010230541229248" />
  </testsuite>
  <testsuite name="spec_perl_TestProcessCoerceBytes_t" errors="0" failures="0" skipped="0" tests="4" time="0.0267689228057861">
    <system-out>1..4
ok 1 - Equals
ok 2 - Equals
ok 3 - Equals
ok 4 - Equals
</system-out>
    <testcase name="Equals (1041)" classname="spec_perl_TestProcessCoerceBytes_t" time="0.00107192993164062" />
    <testcase name="Equals (1042)" classname="spec_perl_TestProcessCoerceBytes_t" time="5.10215759277344e-05" />
    <testcase name="Equals (1043)" classname="spec_perl_TestProcessCoerceBytes_t" time="7.51018524169922e-05" />
    <testcase name="Equals (1044)" classname="spec_perl_TestProcessCoerceBytes_t" time="7.48634338378906e-05" />
  </testsuite>
  <testsuite name="spec_perl_TestSwitchBytearray_t" errors="0" failures="0" skipped="0" tests="9" time="0.0301759243011475">
    <system-out>1..9
ok 1 - Equals
ok 2 - Equals
ok 3 - Equals
ok 4 - Equals
ok 5 - Equals
ok 6 - Equals
ok 7 - Equals
ok 8 - Equals
ok 9 - Equals
</system-out>
    <testcase name="Equals (1045)" classname="spec_perl_TestSwitchBytearray_t" time="0.0011138916015625" />
    <testcase name="Equals (1046)" classname="spec_perl_TestSwitchBytearray_t" time="5.10215759277344e-05" />
    <testcase name="Equals (1047)" classname="spec_perl_TestSwitchBytearray_t" time="6.50882720947266e-05" />
    <testcase name="Equals (1048)" classname="spec_perl_TestSwitchBytearray_t" time="6.4849853515625e-05" />
    <testcase name="Equals (1049)" classname="spec_perl_TestSwitchBytearray_t" time="5.31673431396484e-05" />
    <testcase name="Equals (1050)" classname="spec_perl_TestSwitchBytearray_t" time="6.38961791992188e-05" />
    <testcase name="Equals (1051)" classname="spec_perl_TestSwitchBytearray_t" time="6.103515625e-05" />
    <testcase name="Equals (1052)" classname="spec_perl_TestSwitchBytearray_t" time="6.29425048828125e-05" />
    <testcase name="Equals (1053)" classname="spec_perl_TestSwitchBytearray_t" time="5.79357147216797e-05" />
  </testsuite>
</testsuites>
