<?xml version='1.0' encoding='utf-8'?>
<testsuites>
  <testsuite name="spec_perl_TestTypeTernary_t" errors="0" failures="0" skipped="0" tests="1" time="0.0442650318145752">
    <system-out>1..1
ok 1 - Equals
</system-out>
    <testcase name="Equals" classname="spec_perl_TestTypeTernary_t" time="0.000622034072875977" />
  </testsuite>
  <testsuite name="spec_perl_TestIndexToParamExpr_t" errors="0" failures="2" skipped="0" tests="7" time="0.0558769702911377">
    <system-out>1..7
ok 1 - Equals
ok 2 - Equals
ok 3 - Equals
ok 4 - Equals
ok 5 - Equals
not ok 6 - Equals
not ok 7 - Equals
</system-out>
    <testcase name="Equals (2)" classname="spec_perl_TestIndexToParamExpr_t" time="0.00168108940124512" />
    <testcase name="Equals (3)" classname="spec_perl_TestIndexToParamExpr_t" time="0.000127077102661133" />
    <testcase name="Equals (4)" classname="spec_perl_TestIndexToParamExpr_t" time="6.38961791992188e-05" />
    <testcase name="Equals (5)" classname="spec_perl_TestIndexToParamExpr_t" time="0.000159978866577148" />
    <testcase name="Equals (6)" classname="spec_perl_TestIndexToParamExpr_t" time="0.000120162963867188" />
    <testcase name="Equals (7)" classname="spec_perl_TestIndexToParamExpr_t" time="0.000248908996582031">
      <failure message="not ok 6 - Equals" type="TAP::Parser::Result::Test"></failure>
    </testcase>
    <testcase name="Equals (8)" classname="spec_perl_TestIndexToParamExpr_t" time="0.00166010856628418">
      <failure message="not ok 7 - Equals" type="TAP::Parser::Result::Test"></failure>
    </testcase>
  </testsuite>
  <testsuite name="spec_perl_TestDocstringsDocref_t" errors="0" failures="0" skipped="1" tests="1" time="0.0447869300842285">
    <system-out>1..1
ok 1 # skip DocstringsDocref=HASH(0x2488458)
</system-out>
    <testcase name="Unnamed test case 8" classname="spec_perl_TestDocstringsDocref_t" time="0.00136518478393555">
      <skipped message="ok 1 # skip DocstringsDocref=HASH(0x2488458)" />
    </testcase>
  </testsuite>
  <testsuite name="spec_perl_TestIndexToParamEos_t" errors="0" failures="2" skipped="0" tests="7" time="0.0607631206512451">
    <system-out>1..7
ok 1 - Equals
ok 2 - Equals
ok 3 - Equals
ok 4 - Equals
ok 5 - Equals
not ok 6 - Equals
not ok 7 - Equals
</system-out>
    <testcase name="Equals (9)" classname="spec_perl_TestIndexToParamEos_t" time="0.0147941112518311" />
    <testcase name="Equals (10)" classname="spec_perl_TestIndexToParamEos_t" time="7.20024108886719e-05" />
    <testcase name="Equals (11)" classname="spec_perl_TestIndexToParamEos_t" time="2.78949737548828e-05" />
    <testcase name="Equals (12)" classname="spec_perl_TestIndexToParamEos_t" time="2.31266021728516e-05" />
    <testcase name="Equals (13)" classname="spec_perl_TestIndexToParamEos_t" time="2.47955322265625e-05" />
    <testcase name="Equals (14)" classname="spec_perl_TestIndexToParamEos_t" time="3.50475311279297e-05">
      <failure message="not ok 6 - Equals" type="TAP::Parser::Result::Test"></failure>
    </testcase>
    <testcase name="Equals (15)" classname="spec_perl_TestIndexToParamEos_t" time="2.71797180175781e-05">
      <failure message="not ok 7 - Equals" type="TAP::Parser::Result::Test"></failure>
    </testcase>
  </testsuite>
  <testsuite name="spec_perl_TestEnum0_t" errors="0" failures="0" skipped="0" tests="2" time="0.0451021194458008">
    <system-out>1..2
ok 1 - Equals
ok 2 - Equals
</system-out>
    <testcase name="Equals (16)" classname="spec_perl_TestEnum0_t" time="0.000310897827148438" />
    <testcase name="Equals (17)" classname="spec_perl_TestEnum0_t" time="8.20159912109375e-05" />
  </testsuite>
  <testsuite name="spec_perl_TestExprSizeofType0_t" errors="0" failures="0" skipped="0" tests="1" time="0.0443120002746582">
    <system-out>1..1
ok 1 - Equals
</system-out>
    <testcase name="Equals (18)" classname="spec_perl_TestExprSizeofType0_t" time="0.000298976898193359" />
  </testsuite>
  <testsuite name="spec_perl_TestProcessCoerceUsertype2_t" errors="0" failures="0" skipped="0" tests="4" time="0.0461568832397461">
    <system-out>1..4
ok 1 - Equals
ok 2 - Equals
ok 3 - Equals
ok 4 - Equals
</system-out>
    <testcase name="Equals (19)" classname="spec_perl_TestProcessCoerceUsertype2_t" time="0.000627040863037109" />
    <testcase name="Equals (20)" classname="spec_perl_TestProcessCoerceUsertype2_t" time="9.918212890625e-05" />
    <testcase name="Equals (21)" classname="spec_perl_TestProcessCoerceUsertype2_t" time="5.98430633544922e-05" />
    <testcase name="Equals (22)" classname="spec_perl_TestProcessCoerceUsertype2_t" time="0.000190019607543945" />
  </testsuite>
  <testsuite name="spec_perl_TestValidSwitch_t" errors="1" failures="0" skipped="0" tests="0" time="0.0472121238708496">
    <system-out></system-out>
    <testcase name="Test died too soon, even before plan. (22)" classname="spec_perl_TestValidSwitch_t" time="0.0472121238708496">
      <failure message="The test suite died before a plan was produced. You need to have a plan." type="Plan">No plan</failure>
    </testcase>
  </testsuite>
  <testsuite name="spec_perl_TestEnumForUnknownId_t" errors="0" failures="0" skipped="0" tests="1" time="0.0436558723449707">
    <system-out>1..1
ok 1 - Equals
</system-out>
    <testcase name="Equals (23)" classname="spec_perl_TestEnumForUnknownId_t" time="0.000178098678588867" />
  </testsuite>
  <testsuite name="spec_perl_TestRepeatEosStruct_t" errors="0" failures="0" skipped="0" tests="5" time="0.0495190620422363">
    <system-out>1..5
ok 1 - Equals
ok 2 - Equals
ok 3 - Equals
ok 4 - Equals
ok 5 - Equals
</system-out>
    <testcase name="Equals (24)" classname="spec_perl_TestRepeatEosStruct_t" time="0.000273942947387695" />
    <testcase name="Equals (25)" classname="spec_perl_TestRepeatEosStruct_t" time="9.32216644287109e-05" />
    <testcase name="Equals (26)" classname="spec_perl_TestRepeatEosStruct_t" time="8.17775726318359e-05" />
    <testcase name="Equals (27)" classname="spec_perl_TestRepeatEosStruct_t" time="0.000154018402099609" />
    <testcase name="Equals (28)" classname="spec_perl_TestRepeatEosStruct_t" time="9.79900360107422e-05" />
  </testsuite>
  <testsuite name="spec_perl_TestExprBytesCmp_t" errors="0" failures="0" skipped="0" tests="10" time="0.0457160472869873">
    <system-out>1..10
ok 1 - Equals
ok 2 - Equals
ok 3 - Equals
ok 4 - Equals
ok 5 - Equals
ok 6 - Equals
ok 7 - Equals
ok 8 - Equals
ok 9 - Equals
ok 10 - Equals
</system-out>
    <testcase name="Equals (29)" classname="spec_perl_TestExprBytesCmp_t" time="0.000242948532104492" />
    <testcase name="Equals (30)" classname="spec_perl_TestExprBytesCmp_t" time="0.000118017196655273" />
    <testcase name="Equals (31)" classname="spec_perl_TestExprBytesCmp_t" time="0.000138044357299805" />
    <testcase name="Equals (32)" classname="spec_perl_TestExprBytesCmp_t" time="0.000169038772583008" />
    <testcase name="Equals (33)" classname="spec_perl_TestExprBytesCmp_t" time="7.08103179931641e-05" />
    <testcase name="Equals (34)" classname="spec_perl_TestExprBytesCmp_t" time="0.00016021728515625" />
    <testcase name="Equals (35)" classname="spec_perl_TestExprBytesCmp_t" time="0.000108003616333008" />
    <testcase name="Equals (36)" classname="spec_perl_TestExprBytesCmp_t" time="0.000147819519042969" />
    <testcase name="Equals (37)" classname="spec_perl_TestExprBytesCmp_t" time="0.000127077102661133" />
    <testcase name="Equals (38)" classname="spec_perl_TestExprBytesCmp_t" time="0.000158071517944336" />
  </testsuite>
  <testsuite name="spec_perl_TestTermStrz_t" errors="0" failures="0" skipped="0" tests="3" time="0.0472128391265869">
    <system-out>1..3
ok 1 - Equals
ok 2 - Equals
ok 3 - Equals
</system-out>
    <testcase name="Equals (39)" classname="spec_perl_TestTermStrz_t" time="0.000343084335327148" />
    <testcase name="Equals (40)" classname="spec_perl_TestTermStrz_t" time="8.70227813720703e-05" />
    <testcase name="Equals (41)" classname="spec_perl_TestTermStrz_t" time="9.79900360107422e-05" />
  </testsuite>
  <testsuite name="spec_perl_TestSwitchManualIntSizeEos_t" errors="0" failures="0" skipped="0" tests="10" time="0.0506711006164551">
    <system-out>1..10
ok 1 - Equals
ok 2 - Equals
ok 3 - Equals
ok 4 - Equals
ok 5 - Equals
ok 6 - Equals
ok 7 - Equals
ok 8 - Equals
ok 9 - Equals
ok 10 - Equals
</system-out>
    <testcase name="Equals (42)" classname="spec_perl_TestSwitchManualIntSizeEos_t" time="0.000771999359130859" />
    <testcase name="Equals (43)" classname="spec_perl_TestSwitchManualIntSizeEos_t" time="0.000102996826171875" />
    <testcase name="Equals (44)" classname="spec_perl_TestSwitchManualIntSizeEos_t" time="5.81741333007812e-05" />
    <testcase name="Equals (45)" classname="spec_perl_TestSwitchManualIntSizeEos_t" time="0.000122785568237305" />
    <testcase name="Equals (46)" classname="spec_perl_TestSwitchManualIntSizeEos_t" time="0.000128030776977539" />
    <testcase name="Equals (47)" classname="spec_perl_TestSwitchManualIntSizeEos_t" time="0.000178098678588867" />
    <testcase name="Equals (48)" classname="spec_perl_TestSwitchManualIntSizeEos_t" time="0.000138044357299805" />
    <testcase name="Equals (49)" classname="spec_perl_TestSwitchManualIntSizeEos_t" time="0.000143051147460938" />
    <testcase name="Equals (50)" classname="spec_perl_TestSwitchManualIntSizeEos_t" time="0.000130891799926758" />
    <testcase name="Equals (51)" classname="spec_perl_TestSwitchManualIntSizeEos_t" time="0.000145912170410156" />
  </testsuite>
  <testsuite name="spec_perl_TestEnumDeep_t" errors="0" failures="0" skipped="0" tests="2" time="0.0439682006835938">
    <system-out>1..2
ok 1 - Equals
ok 2 - Equals
</system-out>
    <testcase name="Equals (52)" classname="spec_perl_TestEnumDeep_t" time="0.000252008438110352" />
    <testcase name="Equals (53)" classname="spec_perl_TestEnumDeep_t" time="7.89165496826172e-05" />
  </testsuite>
  <testsuite name="spec_perl_TestIndexSizes_t" errors="0" failures="0" skipped="0" tests="7" time="0.0486469268798828">
    <system-out>1..7
ok 1 - Equals
ok 2 - Equals
ok 3 - Equals
ok 4 - Equals
ok 5 - Equals
ok 6 - Equals
ok 7 - Equals
</system-out>
    <testcase name="Equals (54)" classname="spec_perl_TestIndexSizes_t" time="0.000313997268676758" />
    <testcase name="Equals (55)" classname="spec_perl_TestIndexSizes_t" time="8.29696655273438e-05" />
    <testcase name="Equals (56)" classname="spec_perl_TestIndexSizes_t" time="5.88893890380859e-05" />
    <testcase name="Equals (57)" classname="spec_perl_TestIndexSizes_t" time="0.000163078308105469" />
    <testcase name="Equals (58)" classname="spec_perl_TestIndexSizes_t" time="0.000118017196655273" />
    <testcase name="Equals (59)" classname="spec_perl_TestIndexSizes_t" time="0.000134944915771484" />
    <testcase name="Equals (60)" classname="spec_perl_TestIndexSizes_t" time="0.000118017196655273" />
  </testsuite>
  <testsuite name="spec_perl_TestParamsCallShort_t" errors="0" failures="3" skipped="0" tests="3" time="0.0615808963775635">
    <system-out>1..3
not ok 1 - Equals
not ok 2 - Equals
not ok 3 - Equals
</system-out>
    <testcase name="Equals (61)" classname="spec_perl_TestParamsCallShort_t" time="0.000433921813964844">
      <failure message="not ok 1 - Equals" type="TAP::Parser::Result::Test"></failure>
    </testcase>
    <testcase name="Equals (62)" classname="spec_perl_TestParamsCallShort_t" time="0.000946044921875">
      <failure message="not ok 2 - Equals" type="TAP::Parser::Result::Test"></failure>
    </testcase>
    <testcase name="Equals (63)" classname="spec_perl_TestParamsCallShort_t" time="0.000699996948242188">
      <failure message="not ok 3 - Equals" type="TAP::Parser::Result::Test"></failure>
    </testcase>
  </testsuite>
  <testsuite name="spec_perl_TestEnumIntRangeU_t" errors="0" failures="0" skipped="0" tests="2" time="0.0444087982177734">
    <system-out>1..2
ok 1 - Equals
ok 2 - Equals
</system-out>
    <testcase name="Equals (64)" classname="spec_perl_TestEnumIntRangeU_t" time="0.000214099884033203" />
    <testcase name="Equals (65)" classname="spec_perl_TestEnumIntRangeU_t" time="8.0108642578125e-05" />
  </testsuite>
  <testsuite name="spec_perl_TestPositionInSeq_t" errors="0" failures="0" skipped="0" tests="1" time="0.0441899299621582">
    <system-out>1..1
ok 1 - Equals
</system-out>
    <testcase name="Equals (66)" classname="spec_perl_TestPositionInSeq_t" time="0.000252962112426758" />
  </testsuite>
  <testsuite name="spec_perl_TestExpr2_t" errors="0" failures="0" skipped="0" tests="17" time="0.0506019592285156">
    <system-out>1..17
ok 1 - Equals
ok 2 - Equals
ok 3 - Equals
ok 4 - Equals
ok 5 - Equals
ok 6 - Equals
ok 7 - Equals
ok 8 - Equals
ok 9 - Equals
ok 10 - Equals
ok 11 - Equals
ok 12 - Equals
ok 13 - Equals
ok 14 - Equals
ok 15 - Equals
ok 16 - Equals
ok 17 - Equals
</system-out>
    <testcase name="Equals (67)" classname="spec_perl_TestExpr2_t" time="0.000688076019287109" />
    <testcase name="Equals (68)" classname="spec_perl_TestExpr2_t" time="9.79900360107422e-05" />
    <testcase name="Equals (69)" classname="spec_perl_TestExpr2_t" time="8.08238983154297e-05" />
    <testcase name="Equals (70)" classname="spec_perl_TestExpr2_t" time="0.000126123428344727" />
    <testcase name="Equals (71)" classname="spec_perl_TestExpr2_t" time="0.000120878219604492" />
    <testcase name="Equals (72)" classname="spec_perl_TestExpr2_t" time="0.000139951705932617" />
    <testcase name="Equals (73)" classname="spec_perl_TestExpr2_t" time="0.000144004821777344" />
    <testcase name="Equals (74)" classname="spec_perl_TestExpr2_t" time="0.00018000602722168" />
    <testcase name="Equals (75)" classname="spec_perl_TestExpr2_t" time="0.000164031982421875" />
    <testcase name="Equals (76)" classname="spec_perl_TestExpr2_t" time="0.000138044357299805" />
    <testcase name="Equals (77)" classname="spec_perl_TestExpr2_t" time="0.000123023986816406" />
    <testcase name="Equals (78)" classname="spec_perl_TestExpr2_t" time="0.00014805793762207" />
    <testcase name="Equals (79)" classname="spec_perl_TestExpr2_t" time="0.000153064727783203" />
    <testcase name="Equals (80)" classname="spec_perl_TestExpr2_t" time="0.000180959701538086" />
    <testcase name="Equals (81)" classname="spec_perl_TestExpr2_t" time="0.0001068115234375" />
    <testcase name="Equals (82)" classname="spec_perl_TestExpr2_t" time="0.000144004821777344" />
    <testcase name="Equals (83)" classname="spec_perl_TestExpr2_t" time="0.000130176544189453" />
  </testsuite>
  <testsuite name="spec_perl_TestDefaultBigEndian_t" errors="0" failures="0" skipped="0" tests="1" time="0.0461840629577637">
    <system-out>1..1
ok 1 - Equals
</system-out>
    <testcase name="Equals (84)" classname="spec_perl_TestDefaultBigEndian_t" time="0.000321149826049805" />
  </testsuite>
  <testsuite name="spec_perl_TestExprIoEof_t" errors="0" failures="0" skipped="0" tests="4" time="0.0447421073913574">
    <system-out>1..4
ok 1 - Equals
ok 2 - Equals
ok 3 - Equals
ok 4 - Equals
</system-out>
    <testcase name="Equals (85)" classname="spec_perl_TestExprIoEof_t" time="0.000622987747192383" />
    <testcase name="Equals (86)" classname="spec_perl_TestExprIoEof_t" time="0.000103950500488281" />
    <testcase name="Equals (87)" classname="spec_perl_TestExprIoEof_t" time="6.91413879394531e-05" />
    <testcase name="Equals (88)" classname="spec_perl_TestExprIoEof_t" time="0.000134944915771484" />
  </testsuite>
  <testsuite name="spec_perl_TestProcessXorConst_t" errors="0" failures="0" skipped="0" tests="2" time="0.04640793800354">
    <system-out>1..2
ok 1 - Equals
ok 2 - Equals
</system-out>
    <testcase name="Equals (89)" classname="spec_perl_TestProcessXorConst_t" time="0.000284194946289062" />
    <testcase name="Equals (90)" classname="spec_perl_TestProcessXorConst_t" time="8.98838043212891e-05" />
  </testsuite>
  <testsuite name="spec_perl_TestIfValues_t" errors="0" failures="0" skipped="0" tests="6" time="0.0444772243499756">
    <system-out>1..6
ok 1 - Equals
ok 2 - Equals
ok 3 - Equals
ok 4 - nil
ok 5 - Equals
ok 6 - nil
</system-out>
    <testcase name="Equals (91)" classname="spec_perl_TestIfValues_t" time="0.000273942947387695" />
    <testcase name="Equals (92)" classname="spec_perl_TestIfValues_t" time="8.0108642578125e-05" />
    <testcase name="Equals (93)" classname="spec_perl_TestIfValues_t" time="0.000102996826171875" />
    <testcase name="nil (93)" classname="spec_perl_TestIfValues_t" time="5.79357147216797e-05" />
    <testcase name="Equals (94)" classname="spec_perl_TestIfValues_t" time="0.000138044357299805" />
    <testcase name="nil (94)" classname="spec_perl_TestIfValues_t" time="5.88893890380859e-05" />
  </testsuite>
  <testsuite name="spec_perl_TestDefaultEndianMod_t" errors="0" failures="0" skipped="0" tests="3" time="0.0441670417785645">
    <system-out>1..3
ok 1 - Equals
ok 2 - Equals
ok 3 - Equals
</system-out>
    <testcase name="Equals (95)" classname="spec_perl_TestDefaultEndianMod_t" time="0.000283956527709961" />
    <testcase name="Equals (96)" classname="spec_perl_TestDefaultEndianMod_t" time="7.98702239990234e-05" />
    <testcase name="Equals (97)" classname="spec_perl_TestDefaultEndianMod_t" time="0.000106096267700195" />
  </testsuite>
  <testsuite name="spec_perl_TestExprIoPos_t" errors="0" failures="0" skipped="0" tests="6" time="0.0509240627288818">
    <system-out>1..6
ok 1 - Equals
ok 2 - Equals
ok 3 - Equals
ok 4 - Equals
ok 5 - Equals
ok 6 - Equals
</system-out>
    <testcase name="Equals (98)" classname="spec_perl_TestExprIoPos_t" time="0.000716924667358398" />
    <testcase name="Equals (99)" classname="spec_perl_TestExprIoPos_t" time="0.000102996826171875" />
    <testcase name="Equals (100)" classname="spec_perl_TestExprIoPos_t" time="7.51018524169922e-05" />
    <testcase name="Equals (101)" classname="spec_perl_TestExprIoPos_t" time="0.000113010406494141" />
    <testcase name="Equals (102)" classname="spec_perl_TestExprIoPos_t" time="0.000150918960571289" />
    <testcase name="Equals (103)" classname="spec_perl_TestExprIoPos_t" time="9.60826873779297e-05" />
  </testsuite>
  <testsuite name="spec_perl_TestTsPacketHeader_t" errors="0" failures="0" skipped="0" tests="7" time="0.0446500778198242">
    <system-out>1..7
ok 1 - Equals
ok 2 - Equals
ok 3 - Equals
ok 4 - Equals
ok 5 - Equals
ok 6 - Equals
ok 7 - Equals
</system-out>
    <testcase name="Equals (104)" classname="spec_perl_TestTsPacketHeader_t" time="0.000279903411865234" />
    <testcase name="Equals (105)" classname="spec_perl_TestTsPacketHeader_t" time="8.29696655273438e-05" />
    <testcase name="Equals (106)" classname="spec_perl_TestTsPacketHeader_t" time="0.000126123428344727" />
    <testcase name="Equals (107)" classname="spec_perl_TestTsPacketHeader_t" time="0.000134944915771484" />
    <testcase name="Equals (108)" classname="spec_perl_TestTsPacketHeader_t" time="0.000158071517944336" />
    <testcase name="Equals (109)" classname="spec_perl_TestTsPacketHeader_t" time="7.98702239990234e-05" />
    <testcase name="Equals (110)" classname="spec_perl_TestTsPacketHeader_t" time="0.000144004821777344" />
  </testsuite>
  <testsuite name="spec_perl_TestRepeatNStrzDouble_t" errors="0" failures="0" skipped="0" tests="3" time="0.0477910041809082">
    <system-out>1..3
ok 1 - Equals
ok 2 - Equals
ok 3 - Equals
</system-out>
    <testcase name="Equals (111)" classname="spec_perl_TestRepeatNStrzDouble_t" time="0.000317096710205078" />
    <testcase name="Equals (112)" classname="spec_perl_TestRepeatNStrzDouble_t" time="0.000100135803222656" />
    <testcase name="Equals (113)" classname="spec_perl_TestRepeatNStrzDouble_t" time="0.000126838684082031" />
  </testsuite>
  <testsuite name="spec_perl_TestDefaultEndianExprIsBe_t" errors="0" failures="0" skipped="0" tests="18" time="0.0475420951843262">
    <system-out>1..18
ok 1 - Equals
ok 2 - Equals
ok 3 - Equals
ok 4 - Equals
ok 5 - Equals
ok 6 - Equals
ok 7 - Equals
ok 8 - Equals
ok 9 - Equals
ok 10 - Equals
ok 11 - Equals
ok 12 - Equals
ok 13 - Equals
ok 14 - Equals
ok 15 - Equals
ok 16 - Equals
ok 17 - Equals
ok 18 - Equals
</system-out>
    <testcase name="Equals (114)" classname="spec_perl_TestDefaultEndianExprIsBe_t" time="0.000320911407470703" />
    <testcase name="Equals (115)" classname="spec_perl_TestDefaultEndianExprIsBe_t" time="8.41617584228516e-05" />
    <testcase name="Equals (116)" classname="spec_perl_TestDefaultEndianExprIsBe_t" time="8.20159912109375e-05" />
    <testcase name="Equals (117)" classname="spec_perl_TestDefaultEndianExprIsBe_t" time="0.000190973281860352" />
    <testcase name="Equals (118)" classname="spec_perl_TestDefaultEndianExprIsBe_t" time="0.000147819519042969" />
    <testcase name="Equals (119)" classname="spec_perl_TestDefaultEndianExprIsBe_t" time="0.000171184539794922" />
    <testcase name="Equals (120)" classname="spec_perl_TestDefaultEndianExprIsBe_t" time="0.000113010406494141" />
    <testcase name="Equals (121)" classname="spec_perl_TestDefaultEndianExprIsBe_t" time="0.000128030776977539" />
    <testcase name="Equals (122)" classname="spec_perl_TestDefaultEndianExprIsBe_t" time="0.00014185905456543" />
    <testcase name="Equals (123)" classname="spec_perl_TestDefaultEndianExprIsBe_t" time="0.000133991241455078" />
    <testcase name="Equals (124)" classname="spec_perl_TestDefaultEndianExprIsBe_t" time="0.000159978866577148" />
    <testcase name="Equals (125)" classname="spec_perl_TestDefaultEndianExprIsBe_t" time="0.000163078308105469" />
    <testcase name="Equals (126)" classname="spec_perl_TestDefaultEndianExprIsBe_t" time="0.000118017196655273" />
    <testcase name="Equals (127)" classname="spec_perl_TestDefaultEndianExprIsBe_t" time="0.0001678466796875" />
    <testcase name="Equals (128)" classname="spec_perl_TestDefaultEndianExprIsBe_t" time="9.82284545898438e-05" />
    <testcase name="Equals (129)" classname="spec_perl_TestDefaultEndianExprIsBe_t" time="0.00014495849609375" />
    <testcase name="Equals (130)" classname="spec_perl_TestDefaultEndianExprIsBe_t" time="0.000150918960571289" />
    <testcase name="Equals (131)" classname="spec_perl_TestDefaultEndianExprIsBe_t" time="0.000160932540893555" />
  </testsuite>
  <testsuite name="spec_perl_TestDocstrings_t" errors="0" failures="0" skipped="1" tests="1" time="0.0452730655670166">
    <system-out>1..1
ok 1 # skip Docstrings=HASH(0x1d9d130)
</system-out>
    <testcase name="Unnamed test case 131" classname="spec_perl_TestDocstrings_t" time="0.00132107734680176">
      <skipped message="ok 1 # skip Docstrings=HASH(0x1d9d130)" />
    </testcase>
  </testsuite>
  <testsuite name="spec_perl_TestSwitchManualEnumInvalid_t" errors="0" failures="0" skipped="0" tests="5" time="0.047443151473999">
    <system-out>1..5
ok 1 - Equals
ok 2 - Equals
ok 3 - nil
ok 4 - Equals
ok 5 - nil
</system-out>
    <testcase name="Equals (132)" classname="spec_perl_TestSwitchManualEnumInvalid_t" time="0.000257968902587891" />
    <testcase name="Equals (133)" classname="spec_perl_TestSwitchManualEnumInvalid_t" time="8.20159912109375e-05" />
    <testcase name="nil (133)" classname="spec_perl_TestSwitchManualEnumInvalid_t" time="5.69820404052734e-05" />
    <testcase name="Equals (134)" classname="spec_perl_TestSwitchManualEnumInvalid_t" time="0.000132083892822266" />
    <testcase name="nil (134)" classname="spec_perl_TestSwitchManualEnumInvalid_t" time="9.60826873779297e-05" />
  </testsuite>
  <testsuite name="spec_perl_TestSwitchRepeatExpr_t" errors="0" failures="0" skipped="0" tests="3" time="0.044097900390625">
    <system-out>1..3
ok 1 - Equals
ok 2 - Equals
ok 3 - Equals
</system-out>
    <testcase name="Equals (135)" classname="spec_perl_TestSwitchRepeatExpr_t" time="0.000597000122070312" />
    <testcase name="Equals (136)" classname="spec_perl_TestSwitchRepeatExpr_t" time="9.89437103271484e-05" />
    <testcase name="Equals (137)" classname="spec_perl_TestSwitchRepeatExpr_t" time="5.79357147216797e-05" />
  </testsuite>
  <testsuite name="spec_perl_TestStrEncodingsDefault_t" errors="0" failures="0" skipped="0" tests="4" time="0.0512158870697021">
    <system-out>1..4
ok 1 - Equals
ok 2 - Equals
ok 3 - Equals
ok 4 - Equals
</system-out>
    <testcase name="Equals (138)" classname="spec_perl_TestStrEncodingsDefault_t" time="0.00348997116088867" />
    <testcase name="Equals (139)" classname="spec_perl_TestStrEncodingsDefault_t" time="0.000129938125610352" />
    <testcase name="Equals (140)" classname="spec_perl_TestStrEncodingsDefault_t" time="6.50882720947266e-05" />
    <testcase name="Equals (141)" classname="spec_perl_TestStrEncodingsDefault_t" time="0.000133991241455078" />
  </testsuite>
  <testsuite name="spec_perl_TestUserType_t" errors="0" failures="0" skipped="0" tests="2" time="0.0439767837524414">
    <system-out>1..2
ok 1 - Equals
ok 2 - Equals
</system-out>
    <testcase name="Equals (142)" classname="spec_perl_TestUserType_t" time="0.000218868255615234" />
    <testcase name="Equals (143)" classname="spec_perl_TestUserType_t" time="7.91549682617188e-05" />
  </testsuite>
  <testsuite name="spec_perl_TestStrPadTermEmpty_t" errors="0" failures="0" skipped="0" tests="4" time="0.04697585105896">
    <system-out>1..4
ok 1 - Equals
ok 2 - Equals
ok 3 - Equals
ok 4 - Equals
</system-out>
    <testcase name="Equals (144)" classname="spec_perl_TestStrPadTermEmpty_t" time="0.000394821166992188" />
    <testcase name="Equals (145)" classname="spec_perl_TestStrPadTermEmpty_t" time="9.29832458496094e-05" />
    <testcase name="Equals (146)" classname="spec_perl_TestStrPadTermEmpty_t" time="5.91278076171875e-05" />
    <testcase name="Equals (147)" classname="spec_perl_TestStrPadTermEmpty_t" time="0.000133991241455078" />
  </testsuite>
  <testsuite name="spec_perl_TestNestedSameName_t" errors="0" failures="0" skipped="0" tests="2" time="0.0455050468444824">
    <system-out>1..2
ok 1 - Equals
ok 2 - Equals
</system-out>
    <testcase name="Equals (148)" classname="spec_perl_TestNestedSameName_t" time="0.000253915786743164" />
    <testcase name="Equals (149)" classname="spec_perl_TestNestedSameName_t" time="8.10623168945312e-05" />
  </testsuite>
  <testsuite name="spec_perl_TestInstanceUserArray_t" errors="0" failures="0" skipped="0" tests="10" time="0.0456819534301758">
    <system-out>1..10
ok 1 - Equals
ok 2 - Equals
ok 3 - Equals
ok 4 - Equals
ok 5 - Equals
ok 6 - Equals
ok 7 - Equals
ok 8 - Equals
ok 9 - Equals
ok 10 - Equals
</system-out>
    <testcase name="Equals (150)" classname="spec_perl_TestInstanceUserArray_t" time="0.000193119049072266" />
    <testcase name="Equals (151)" classname="spec_perl_TestInstanceUserArray_t" time="6.89029693603516e-05" />
    <testcase name="Equals (152)" classname="spec_perl_TestInstanceUserArray_t" time="0.000106096267700195" />
    <testcase name="Equals (153)" classname="spec_perl_TestInstanceUserArray_t" time="0.000547885894775391" />
    <testcase name="Equals (154)" classname="spec_perl_TestInstanceUserArray_t" time="9.918212890625e-05" />
    <testcase name="Equals (155)" classname="spec_perl_TestInstanceUserArray_t" time="9.48905944824219e-05" />
    <testcase name="Equals (156)" classname="spec_perl_TestInstanceUserArray_t" time="0.000138044357299805" />
    <testcase name="Equals (157)" classname="spec_perl_TestInstanceUserArray_t" time="0.000130891799926758" />
    <testcase name="Equals (158)" classname="spec_perl_TestInstanceUserArray_t" time="0.000185966491699219" />
    <testcase name="Equals (159)" classname="spec_perl_TestInstanceUserArray_t" time="0.000111103057861328" />
  </testsuite>
  <testsuite name="spec_perl_TestPositionToEnd_t" errors="0" failures="0" skipped="0" tests="2" time="0.0437960624694824">
    <system-out>1..2
ok 1 - Equals
ok 2 - Equals
</system-out>
    <testcase name="Equals (160)" classname="spec_perl_TestPositionToEnd_t" time="0.000249862670898438" />
    <testcase name="Equals (161)" classname="spec_perl_TestPositionToEnd_t" time="8.0108642578125e-05" />
  </testsuite>
  <testsuite name="spec_perl_TestEofExceptionBytes_t" errors="0" failures="0" skipped="0" tests="1" time="0.0457630157470703">
    <system-out>1..1
ok 1 - Died
</system-out>
    <testcase name="Died (161)" classname="spec_perl_TestEofExceptionBytes_t" time="0.000219821929931641" />
  </testsuite>
  <testsuite name="spec_perl_TestEnumNegative_t" errors="0" failures="0" skipped="0" tests="2" time="0.0450139045715332">
    <system-out>1..2
ok 1 - Equals
ok 2 - Equals
</system-out>
    <testcase name="Equals (162)" classname="spec_perl_TestEnumNegative_t" time="0.00027012825012207" />
    <testcase name="Equals (163)" classname="spec_perl_TestEnumNegative_t" time="7.89165496826172e-05" />
  </testsuite>
  <testsuite name="spec_perl_TestNavParentSwitchCast_t" errors="0" failures="0" skipped="0" tests="3" time="0.0447859764099121">
    <system-out>1..3
ok 1 - Equals
ok 2 - Equals
ok 3 - Equals
</system-out>
    <testcase name="Equals (164)" classname="spec_perl_TestNavParentSwitchCast_t" time="0.000633001327514648" />
    <testcase name="Equals (165)" classname="spec_perl_TestNavParentSwitchCast_t" time="0.000100851058959961" />
    <testcase name="Equals (166)" classname="spec_perl_TestNavParentSwitchCast_t" time="5.81741333007812e-05" />
  </testsuite>
  <testsuite name="spec_perl_TestStrEos_t" errors="0" failures="0" skipped="0" tests="1" time="0.0468969345092773">
    <system-out>1..1
ok 1 - Equals
</system-out>
    <testcase name="Equals (167)" classname="spec_perl_TestStrEos_t" time="0.000324010848999023" />
  </testsuite>
  <testsuite name="spec_perl_TestIfStruct_t" errors="0" failures="0" skipped="0" tests="7" time="0.0480489730834961">
    <system-out>1..7
ok 1 - Equals
ok 2 - Equals
ok 3 - Equals
ok 4 - Equals
ok 5 - Equals
ok 6 - Equals
ok 7 - Equals
</system-out>
    <testcase name="Equals (168)" classname="spec_perl_TestIfStruct_t" time="0.000341176986694336" />
    <testcase name="Equals (169)" classname="spec_perl_TestIfStruct_t" time="8.48770141601562e-05" />
    <testcase name="Equals (170)" classname="spec_perl_TestIfStruct_t" time="0.000121116638183594" />
    <testcase name="Equals (171)" classname="spec_perl_TestIfStruct_t" time="0.000140905380249023" />
    <testcase name="Equals (172)" classname="spec_perl_TestIfStruct_t" time="0.000124931335449219" />
    <testcase name="Equals (173)" classname="spec_perl_TestIfStruct_t" time="0.000154018402099609" />
    <testcase name="Equals (174)" classname="spec_perl_TestIfStruct_t" time="0.000110149383544922" />
  </testsuite>
  <testsuite name="spec_perl_TestProcessXor4Const_t" errors="0" failures="0" skipped="0" tests="2" time="0.0440011024475098">
    <system-out>1..2
ok 1 - Equals
ok 2 - Equals
</system-out>
    <testcase name="Equals (175)" classname="spec_perl_TestProcessXor4Const_t" time="0.000303030014038086" />
    <testcase name="Equals (176)" classname="spec_perl_TestProcessXor4Const_t" time="8.79764556884766e-05" />
  </testsuite>
  <testsuite name="spec_perl_TestJsSignedRightShift_t" errors="0" failures="0" skipped="0" tests="2" time="0.0438151359558105">
    <system-out>1..2
ok 1 - Equals
ok 2 - Equals
</system-out>
    <testcase name="Equals (177)" classname="spec_perl_TestJsSignedRightShift_t" time="0.000254154205322266" />
    <testcase name="Equals (178)" classname="spec_perl_TestJsSignedRightShift_t" time="9.79900360107422e-05" />
  </testsuite>
  <testsuite name="spec_perl_TestNonStandard_t" errors="0" failures="0" skipped="0" tests="1" time="0.0445230007171631">
    <system-out>1..1
ok 1 - Equals
</system-out>
    <testcase name="Equals (179)" classname="spec_perl_TestNonStandard_t" time="0.000278949737548828" />
  </testsuite>
  <testsuite name="spec_perl_TestFloatToI_t" errors="0" failures="0" skipped="0" tests="8" time="0.0452830791473389">
    <system-out>1..8
ok 1 - Equals
ok 2 - Equals
ok 3 - Equals
ok 4 - Equals
ok 5 - Equals
ok 6 - Equals
ok 7 - Equals
ok 8 - Equals
</system-out>
    <testcase name="Equals (180)" classname="spec_perl_TestFloatToI_t" time="0.000278949737548828" />
    <testcase name="Equals (181)" classname="spec_perl_TestFloatToI_t" time="9.01222229003906e-05" />
    <testcase name="Equals (182)" classname="spec_perl_TestFloatToI_t" time="0.000144004821777344" />
    <testcase name="Equals (183)" classname="spec_perl_TestFloatToI_t" time="0.000158071517944336" />
    <testcase name="Equals (184)" classname="spec_perl_TestFloatToI_t" time="8.58306884765625e-05" />
    <testcase name="Equals (185)" classname="spec_perl_TestFloatToI_t" time="0.000138044357299805" />
    <testcase name="Equals (186)" classname="spec_perl_TestFloatToI_t" time="0.00011897087097168" />
    <testcase name="Equals (187)" classname="spec_perl_TestFloatToI_t" time="0.000147104263305664" />
  </testsuite>
  <testsuite name="spec_perl_TestMetaTags_t" errors="0" failures="0" skipped="1" tests="1" time="0.0449681282043457">
    <system-out>1..1
ok 1 # skip MetaTags=HASH(0x2ac0ec8)
</system-out>
    <testcase name="Unnamed test case 187" classname="spec_perl_TestMetaTags_t" time="0.00134110450744629">
      <skipped message="ok 1 # skip MetaTags=HASH(0x2ac0ec8)" />
    </testcase>
  </testsuite>
  <testsuite name="spec_perl_TestSwitchManualEnum_t" errors="0" failures="0" skipped="0" tests="9" time="0.0478458404541016">
    <system-out>1..9
ok 1 - Equals
ok 2 - Equals
ok 3 - Equals
ok 4 - Equals
ok 5 - Equals
ok 6 - Equals
ok 7 - Equals
ok 8 - Equals
ok 9 - Equals
</system-out>
    <testcase name="Equals (188)" classname="spec_perl_TestSwitchManualEnum_t" time="0.000339031219482422" />
    <testcase name="Equals (189)" classname="spec_perl_TestSwitchManualEnum_t" time="9.08374786376953e-05" />
    <testcase name="Equals (190)" classname="spec_perl_TestSwitchManualEnum_t" time="6.00814819335938e-05" />
    <testcase name="Equals (191)" classname="spec_perl_TestSwitchManualEnum_t" time="0.000159025192260742" />
    <testcase name="Equals (192)" classname="spec_perl_TestSwitchManualEnum_t" time="0.000139951705932617" />
    <testcase name="Equals (193)" classname="spec_perl_TestSwitchManualEnum_t" time="0.000113964080810547" />
    <testcase name="Equals (194)" classname="spec_perl_TestSwitchManualEnum_t" time="0.000149965286254883" />
    <testcase name="Equals (195)" classname="spec_perl_TestSwitchManualEnum_t" time="0.000154018402099609" />
    <testcase name="Equals (196)" classname="spec_perl_TestSwitchManualEnum_t" time="6.41345977783203e-05" />
  </testsuite>
  <testsuite name="spec_perl_TestEnumIf_t" errors="0" failures="0" skipped="0" tests="7" time="0.0484170913696289">
    <system-out>1..7
ok 1 - Equals
ok 2 - Equals
ok 3 - Equals
ok 4 - Equals
ok 5 - Equals
ok 6 - Equals
ok 7 - Equals
</system-out>
    <testcase name="Equals (197)" classname="spec_perl_TestEnumIf_t" time="0.000436067581176758" />
    <testcase name="Equals (198)" classname="spec_perl_TestEnumIf_t" time="9.60826873779297e-05" />
    <testcase name="Equals (199)" classname="spec_perl_TestEnumIf_t" time="5.69820404052734e-05" />
    <testcase name="Equals (200)" classname="spec_perl_TestEnumIf_t" time="0.000151872634887695" />
    <testcase name="Equals (201)" classname="spec_perl_TestEnumIf_t" time="0.000123977661132812" />
    <testcase name="Equals (202)" classname="spec_perl_TestEnumIf_t" time="0.000135183334350586" />
    <testcase name="Equals (203)" classname="spec_perl_TestEnumIf_t" time="0.000136852264404297" />
  </testsuite>
  <testsuite name="spec_perl_TestBitsEnum_t" errors="0" failures="0" skipped="0" tests="3" time="0.0451631546020508">
    <system-out>1..3
ok 1 - Equals
ok 2 - Equals
ok 3 - Equals
</system-out>
    <testcase name="Equals (204)" classname="spec_perl_TestBitsEnum_t" time="0.000329017639160156" />
    <testcase name="Equals (205)" classname="spec_perl_TestBitsEnum_t" time="9.20295715332031e-05" />
    <testcase name="Equals (206)" classname="spec_perl_TestBitsEnum_t" time="5.79357147216797e-05" />
  </testsuite>
  <testsuite name="spec_perl_TestEnumOfValueInst_t" errors="0" failures="0" skipped="0" tests="4" time="0.0452959537506104">
    <system-out>1..4
ok 1 - Equals
ok 2 - Equals
ok 3 - Equals
ok 4 - Equals
</system-out>
    <testcase name="Equals (207)" classname="spec_perl_TestEnumOfValueInst_t" time="0.000326871871948242" />
    <testcase name="Equals (208)" classname="spec_perl_TestEnumOfValueInst_t" time="8.89301300048828e-05" />
    <testcase name="Equals (209)" classname="spec_perl_TestEnumOfValueInst_t" time="0.0001220703125" />
    <testcase name="Equals (210)" classname="spec_perl_TestEnumOfValueInst_t" time="0.000144004821777344" />
  </testsuite>
  <testsuite name="spec_perl_TestNavRoot_t" errors="0" failures="0" skipped="0" tests="5" time="0.0482258796691895">
    <system-out>1..5
ok 1 - Equals
ok 2 - Equals
ok 3 - Equals
ok 4 - Equals
ok 5 - Equals
</system-out>
    <testcase name="Equals (211)" classname="spec_perl_TestNavRoot_t" time="0.000378847122192383" />
    <testcase name="Equals (212)" classname="spec_perl_TestNavRoot_t" time="0.000101089477539062" />
    <testcase name="Equals (213)" classname="spec_perl_TestNavRoot_t" time="5.88893890380859e-05" />
    <testcase name="Equals (214)" classname="spec_perl_TestNavRoot_t" time="0.000128984451293945" />
    <testcase name="Equals (215)" classname="spec_perl_TestNavRoot_t" time="0.000131130218505859" />
  </testsuite>
  <testsuite name="spec_perl_TestRepeatUntilSized_t" errors="0" failures="0" skipped="0" tests="7" time="0.046004056930542">
    <system-out>1..7
ok 1 - Equals
ok 2 - Equals
ok 3 - Equals
ok 4 - Equals
ok 5 - Equals
ok 6 - Equals
ok 7 - Equals
</system-out>
    <testcase name="Equals (216)" classname="spec_perl_TestRepeatUntilSized_t" time="0.000588178634643555" />
    <testcase name="Equals (217)" classname="spec_perl_TestRepeatUntilSized_t" time="9.70363616943359e-05" />
    <testcase name="Equals (218)" classname="spec_perl_TestRepeatUntilSized_t" time="5.69820404052734e-05" />
    <testcase name="Equals (219)" classname="spec_perl_TestRepeatUntilSized_t" time="0.000142812728881836" />
    <testcase name="Equals (220)" classname="spec_perl_TestRepeatUntilSized_t" time="0.000121116638183594" />
    <testcase name="Equals (221)" classname="spec_perl_TestRepeatUntilSized_t" time="0.000194072723388672" />
    <testcase name="Equals (222)" classname="spec_perl_TestRepeatUntilSized_t" time="7.98702239990234e-05" />
  </testsuite>
  <testsuite name="spec_perl_TestSwitchManualIntSize_t" errors="0" failures="0" skipped="0" tests="10" time="0.0490241050720215">
    <system-out>1..10
ok 1 - Equals
ok 2 - Equals
ok 3 - Equals
ok 4 - Equals
ok 5 - Equals
ok 6 - Equals
ok 7 - Equals
ok 8 - Equals
ok 9 - Equals
ok 10 - Equals
</system-out>
    <testcase name="Equals (223)" classname="spec_perl_TestSwitchManualIntSize_t" time="0.000719070434570312" />
    <testcase name="Equals (224)" classname="spec_perl_TestSwitchManualIntSize_t" time="0.000102996826171875" />
    <testcase name="Equals (225)" classname="spec_perl_TestSwitchManualIntSize_t" time="5.91278076171875e-05" />
    <testcase name="Equals (226)" classname="spec_perl_TestSwitchManualIntSize_t" time="0.000123977661132812" />
    <testcase name="Equals (227)" classname="spec_perl_TestSwitchManualIntSize_t" time="0.000120878219604492" />
    <testcase name="Equals (228)" classname="spec_perl_TestSwitchManualIntSize_t" time="0.000174045562744141" />
    <testcase name="Equals (229)" classname="spec_perl_TestSwitchManualIntSize_t" time="0.000138044357299805" />
    <testcase name="Equals (230)" classname="spec_perl_TestSwitchManualIntSize_t" time="0.000152826309204102" />
    <testcase name="Equals (231)" classname="spec_perl_TestSwitchManualIntSize_t" time="0.000163078308105469" />
    <testcase name="Equals (232)" classname="spec_perl_TestSwitchManualIntSize_t" time="0.000121116638183594" />
  </testsuite>
  <testsuite name="spec_perl_TestNavParentFalse_t" errors="0" failures="0" skipped="0" tests="5" time="0.0443971157073975">
    <system-out>1..5
ok 1 - Equals
ok 2 - Equals
ok 3 - Equals
ok 4 - Equals
ok 5 - Equals
</system-out>
    <testcase name="Equals (233)" classname="spec_perl_TestNavParentFalse_t" time="0.000305891036987305" />
    <testcase name="Equals (234)" classname="spec_perl_TestNavParentFalse_t" time="8.20159912109375e-05" />
    <testcase name="Equals (235)" classname="spec_perl_TestNavParentFalse_t" time="8.41617584228516e-05" />
    <testcase name="Equals (236)" classname="spec_perl_TestNavParentFalse_t" time="0.000172853469848633" />
    <testcase name="Equals (237)" classname="spec_perl_TestNavParentFalse_t" time="9.41753387451172e-05" />
  </testsuite>
  <testsuite name="spec_perl_TestImportsCircularA_t" errors="0" failures="0" skipped="0" tests="5" time="0.0444200038909912">
    <system-out>1..5
ok 1 - Equals
ok 2 - Equals
ok 3 - Equals
ok 4 - Equals
ok 5 - Equals
</system-out>
    <testcase name="Equals (238)" classname="spec_perl_TestImportsCircularA_t" time="0.000279903411865234" />
    <testcase name="Equals (239)" classname="spec_perl_TestImportsCircularA_t" time="8.41617584228516e-05" />
    <testcase name="Equals (240)" classname="spec_perl_TestImportsCircularA_t" time="0.000108957290649414" />
    <testcase name="Equals (241)" classname="spec_perl_TestImportsCircularA_t" time="0.000190019607543945" />
    <testcase name="Equals (242)" classname="spec_perl_TestImportsCircularA_t" time="6.29425048828125e-05" />
  </testsuite>
  <testsuite name="spec_perl_TestProcessXor4Value_t" errors="0" failures="0" skipped="0" tests="2" time="0.0445280075073242">
    <system-out>1..2
ok 1 - Equals
ok 2 - Equals
</system-out>
    <testcase name="Equals (243)" classname="spec_perl_TestProcessXor4Value_t" time="0.000261068344116211" />
    <testcase name="Equals (244)" classname="spec_perl_TestProcessXor4Value_t" time="7.98702239990234e-05" />
  </testsuite>
  <testsuite name="spec_perl_TestIndexToParamUntil_t" errors="0" failures="2" skipped="0" tests="7" time="0.056265115737915">
    <system-out>1..7
ok 1 - Equals
ok 2 - Equals
ok 3 - Equals
ok 4 - Equals
ok 5 - Equals
not ok 6 - Equals
not ok 7 - Equals
</system-out>
    <testcase name="Equals (245)" classname="spec_perl_TestIndexToParamUntil_t" time="0.00978207588195801" />
    <testcase name="Equals (246)" classname="spec_perl_TestIndexToParamUntil_t" time="8.20159912109375e-05" />
    <testcase name="Equals (247)" classname="spec_perl_TestIndexToParamUntil_t" time="2.78949737548828e-05" />
    <testcase name="Equals (248)" classname="spec_perl_TestIndexToParamUntil_t" time="2.40802764892578e-05" />
    <testcase name="Equals (249)" classname="spec_perl_TestIndexToParamUntil_t" time="2.59876251220703e-05" />
    <testcase name="Equals (250)" classname="spec_perl_TestIndexToParamUntil_t" time="3.00407409667969e-05">
      <failure message="not ok 6 - Equals" type="TAP::Parser::Result::Test"></failure>
    </testcase>
    <testcase name="Equals (251)" classname="spec_perl_TestIndexToParamUntil_t" time="2.19345092773438e-05">
      <failure message="not ok 7 - Equals" type="TAP::Parser::Result::Test"></failure>
    </testcase>
  </testsuite>
  <testsuite name="spec_perl_TestSwitchManualStr_t" errors="0" failures="0" skipped="0" tests="9" time="0.0488018989562988">
    <system-out>1..9
ok 1 - Equals
ok 2 - Equals
ok 3 - Equals
ok 4 - Equals
ok 5 - Equals
ok 6 - Equals
ok 7 - Equals
ok 8 - Equals
ok 9 - Equals
</system-out>
    <testcase name="Equals (252)" classname="spec_perl_TestSwitchManualStr_t" time="0.000388860702514648" />
    <testcase name="Equals (253)" classname="spec_perl_TestSwitchManualStr_t" time="0.000100135803222656" />
    <testcase name="Equals (254)" classname="spec_perl_TestSwitchManualStr_t" time="5.98430633544922e-05" />
    <testcase name="Equals (255)" classname="spec_perl_TestSwitchManualStr_t" time="0.000143051147460938" />
    <testcase name="Equals (256)" classname="spec_perl_TestSwitchManualStr_t" time="0.000126123428344727" />
    <testcase name="Equals (257)" classname="spec_perl_TestSwitchManualStr_t" time="0.000164985656738281" />
    <testcase name="Equals (258)" classname="spec_perl_TestSwitchManualStr_t" time="0.000119924545288086" />
    <testcase name="Equals (259)" classname="spec_perl_TestSwitchManualStr_t" time="0.000123977661132812" />
    <testcase name="Equals (260)" classname="spec_perl_TestSwitchManualStr_t" time="0.000141143798828125" />
  </testsuite>
  <testsuite name="spec_perl_TestEnumToI_t" errors="0" failures="0" skipped="0" tests="5" time="0.045051097869873">
    <system-out>1..5
ok 1 - Equals
ok 2 - Equals
ok 3 - Equals
ok 4 - Equals
ok 5 - Equals
</system-out>
    <testcase name="Equals (261)" classname="spec_perl_TestEnumToI_t" time="0.000311851501464844" />
    <testcase name="Equals (262)" classname="spec_perl_TestEnumToI_t" time="8.51154327392578e-05" />
    <testcase name="Equals (263)" classname="spec_perl_TestEnumToI_t" time="8.60691070556641e-05" />
    <testcase name="Equals (264)" classname="spec_perl_TestEnumToI_t" time="0.000156879425048828" />
    <testcase name="Equals (265)" classname="spec_perl_TestEnumToI_t" time="0.00011897087097168" />
  </testsuite>
  <testsuite name="spec_perl_TestNestedSameName2_t" errors="0" failures="0" skipped="0" tests="5" time="0.0454339981079102">
    <system-out>1..5
ok 1 - Equals
ok 2 - Equals
ok 3 - Equals
ok 4 - Equals
ok 5 - Equals
</system-out>
    <testcase name="Equals (266)" classname="spec_perl_TestNestedSameName2_t" time="0.000306129455566406" />
    <testcase name="Equals (267)" classname="spec_perl_TestNestedSameName2_t" time="8.392333984375e-05" />
    <testcase name="Equals (268)" classname="spec_perl_TestNestedSameName2_t" time="0.000144004821777344" />
    <testcase name="Equals (269)" classname="spec_perl_TestNestedSameName2_t" time="0.000132083892822266" />
    <testcase name="Equals (270)" classname="spec_perl_TestNestedSameName2_t" time="0.0001220703125" />
  </testsuite>
  <testsuite name="spec_perl_TestRepeatUntilS4_t" errors="0" failures="0" skipped="0" tests="2" time="0.0495841503143311">
    <system-out>1..2
ok 1 - Equals
ok 2 - Equals
</system-out>
    <testcase name="Equals (271)" classname="spec_perl_TestRepeatUntilS4_t" time="0.000316143035888672" />
    <testcase name="Equals (272)" classname="spec_perl_TestRepeatUntilS4_t" time="8.08238983154297e-05" />
  </testsuite>
  <testsuite name="spec_perl_TestProcessCustom_t" errors="1" failures="0" skipped="0" tests="0" time="0.0464320182800293">
    <system-out></system-out>
    <testcase name="Test died too soon, even before plan. (272)" classname="spec_perl_TestProcessCustom_t" time="0.0464320182800293">
      <failure message="The test suite died before a plan was produced. You need to have a plan." type="Plan">No plan</failure>
    </testcase>
  </testsuite>
  <testsuite name="spec_perl_TestExprBits_t" errors="0" failures="0" skipped="0" tests="10" time="0.0468549728393555">
    <system-out>1..10
ok 1 - Equals
ok 2 - Equals
ok 3 - Equals
ok 4 - Equals
ok 5 - Equals
ok 6 - Equals
ok 7 - Equals
ok 8 - Equals
ok 9 - Equals
ok 10 - Equals
</system-out>
    <testcase name="Equals (273)" classname="spec_perl_TestExprBits_t" time="0.000345945358276367" />
    <testcase name="Equals (274)" classname="spec_perl_TestExprBits_t" time="9.29832458496094e-05" />
    <testcase name="Equals (275)" classname="spec_perl_TestExprBits_t" time="5.79357147216797e-05" />
    <testcase name="Equals (276)" classname="spec_perl_TestExprBits_t" time="0.000134944915771484" />
    <testcase name="Equals (277)" classname="spec_perl_TestExprBits_t" time="0.000138044357299805" />
    <testcase name="Equals (278)" classname="spec_perl_TestExprBits_t" time="0.000115156173706055" />
    <testcase name="Equals (279)" classname="spec_perl_TestExprBits_t" time="0.000166893005371094" />
    <testcase name="Equals (280)" classname="spec_perl_TestExprBits_t" time="0.000116109848022461" />
    <testcase name="Equals (281)" classname="spec_perl_TestExprBits_t" time="0.000151872634887695" />
    <testcase name="Equals (282)" classname="spec_perl_TestExprBits_t" time="0.00014805793762207" />
  </testsuite>
  <testsuite name="spec_perl_TestTypeTernaryOpaque_t" errors="0" failures="0" skipped="0" tests="3" time="0.047468900680542">
    <system-out>1..3
ok 1 - Equals
ok 2 - Equals
ok 3 - Equals
</system-out>
    <testcase name="Equals (283)" classname="spec_perl_TestTypeTernaryOpaque_t" time="0.000589132308959961" />
    <testcase name="Equals (284)" classname="spec_perl_TestTypeTernaryOpaque_t" time="9.98973846435547e-05" />
    <testcase name="Equals (285)" classname="spec_perl_TestTypeTernaryOpaque_t" time="5.69820404052734e-05" />
  </testsuite>
  <testsuite name="spec_perl_TestEnumLongRangeS_t" errors="0" failures="0" skipped="0" tests="7" time="0.0471370220184326">
    <system-out>1..7
ok 1 - Equals
ok 2 - Equals
ok 3 - Equals
ok 4 - Equals
ok 5 - Equals
ok 6 - Equals
ok 7 - Equals
</system-out>
    <testcase name="Equals (286)" classname="spec_perl_TestEnumLongRangeS_t" time="0.000290155410766602" />
    <testcase name="Equals (287)" classname="spec_perl_TestEnumLongRangeS_t" time="8.29696655273438e-05" />
    <testcase name="Equals (288)" classname="spec_perl_TestEnumLongRangeS_t" time="0.000172853469848633" />
    <testcase name="Equals (289)" classname="spec_perl_TestEnumLongRangeS_t" time="0.000126123428344727" />
    <testcase name="Equals (290)" classname="spec_perl_TestEnumLongRangeS_t" time="0.000159978866577148" />
    <testcase name="Equals (291)" classname="spec_perl_TestEnumLongRangeS_t" time="0.000123023986816406" />
    <testcase name="Equals (292)" classname="spec_perl_TestEnumLongRangeS_t" time="0.000153064727783203" />
  </testsuite>
  <testsuite name="spec_perl_TestExprSizeofValue0_t" errors="0" failures="0" skipped="0" tests="5" time="0.0445480346679688">
    <system-out>1..5
ok 1 - Equals
ok 2 - Equals
ok 3 - Equals
ok 4 - Equals
ok 5 - Equals
</system-out>
    <testcase name="Equals (293)" classname="spec_perl_TestExprSizeofValue0_t" time="0.00030207633972168" />
    <testcase name="Equals (294)" classname="spec_perl_TestExprSizeofValue0_t" time="8.98838043212891e-05" />
    <testcase name="Equals (295)" classname="spec_perl_TestExprSizeofValue0_t" time="0.000145912170410156" />
    <testcase name="Equals (296)" classname="spec_perl_TestExprSizeofValue0_t" time="0.000118017196655273" />
    <testcase name="Equals (297)" classname="spec_perl_TestExprSizeofValue0_t" time="0.000149011611938477" />
  </testsuite>
  <testsuite name="spec_perl_TestValidShort_t" errors="1" failures="0" skipped="0" tests="0" time="0.046069860458374">
    <system-out></system-out>
    <testcase name="Test died too soon, even before plan. (297)" classname="spec_perl_TestValidShort_t" time="0.046069860458374">
      <failure message="The test suite died before a plan was produced. You need to have a plan." type="Plan">No plan</failure>
    </testcase>
  </testsuite>
  <testsuite name="spec_perl_TestFixedContents_t" errors="1" failures="0" skipped="0" tests="0" time="0.0546660423278809">
    <system-out></system-out>
    <testcase name="Test died too soon, even before plan. (298)" classname="spec_perl_TestFixedContents_t" time="0.0546660423278809">
      <failure message="The test suite died before a plan was produced. You need to have a plan." type="Plan">No plan</failure>
    </testcase>
  </testsuite>
  <testsuite name="spec_perl_TestValidNotParsedIf_t" errors="1" failures="0" skipped="0" tests="0" time="0.0518569946289062">
    <system-out></system-out>
    <testcase name="Test died too soon, even before plan. (299)" classname="spec_perl_TestValidNotParsedIf_t" time="0.0518569946289062">
      <failure message="The test suite died before a plan was produced. You need to have a plan." type="Plan">No plan</failure>
    </testcase>
  </testsuite>
  <testsuite name="spec_perl_TestSwitchManualInt_t" errors="0" failures="0" skipped="0" tests="9" time="0.0497579574584961">
    <system-out>1..9
ok 1 - Equals
ok 2 - Equals
ok 3 - Equals
ok 4 - Equals
ok 5 - Equals
ok 6 - Equals
ok 7 - Equals
ok 8 - Equals
ok 9 - Equals
</system-out>
    <testcase name="Equals (299)" classname="spec_perl_TestSwitchManualInt_t" time="0.000316858291625977" />
    <testcase name="Equals (300)" classname="spec_perl_TestSwitchManualInt_t" time="8.41617584228516e-05" />
    <testcase name="Equals (301)" classname="spec_perl_TestSwitchManualInt_t" time="0.000123023986816406" />
    <testcase name="Equals (302)" classname="spec_perl_TestSwitchManualInt_t" time="0.000152826309204102" />
    <testcase name="Equals (303)" classname="spec_perl_TestSwitchManualInt_t" time="0.000112056732177734" />
    <testcase name="Equals (304)" classname="spec_perl_TestSwitchManualInt_t" time="0.000145912170410156" />
    <testcase name="Equals (305)" classname="spec_perl_TestSwitchManualInt_t" time="0.00012516975402832" />
    <testcase name="Equals (306)" classname="spec_perl_TestSwitchManualInt_t" time="0.000119924545288086" />
    <testcase name="Equals (307)" classname="spec_perl_TestSwitchManualInt_t" time="0.000147104263305664" />
  </testsuite>
  <testsuite name="spec_perl_TestCastToTop_t" errors="0" failures="0" skipped="0" tests="3" time="0.0439720153808594">
    <system-out>1..3
ok 1 - Equals
ok 2 - Equals
ok 3 - Equals
</system-out>
    <testcase name="Equals (308)" classname="spec_perl_TestCastToTop_t" time="0.000246047973632812" />
    <testcase name="Equals (309)" classname="spec_perl_TestCastToTop_t" time="8.79764556884766e-05" />
    <testcase name="Equals (310)" classname="spec_perl_TestCastToTop_t" time="0.000159978866577148" />
  </testsuite>
  <testsuite name="spec_perl_TestProcessRepeatBytes_t" errors="0" failures="0" skipped="0" tests="2" time="0.0453360080718994">
    <system-out>1..2
ok 1 - Equals
ok 2 - Equals
</system-out>
    <testcase name="Equals (311)" classname="spec_perl_TestProcessRepeatBytes_t" time="0.000275850296020508" />
    <testcase name="Equals (312)" classname="spec_perl_TestProcessRepeatBytes_t" time="8.0108642578125e-05" />
  </testsuite>
  <testsuite name="spec_perl_TestDefaultEndianExprException_t" errors="0" failures="0" skipped="0" tests="1" time="0.0459909439086914">
    <system-out>1..1
ok 1 - Died
</system-out>
    <testcase name="Died (312)" classname="spec_perl_TestDefaultEndianExprException_t" time="0.000284910202026367" />
  </testsuite>
  <testsuite name="spec_perl_TestRepeatNStrz_t" errors="0" failures="0" skipped="0" tests="2" time="0.0472891330718994">
    <system-out>1..2
ok 1 - Equals
ok 2 - Equals
</system-out>
    <testcase name="Equals (313)" classname="spec_perl_TestRepeatNStrz_t" time="0.000395059585571289" />
    <testcase name="Equals (314)" classname="spec_perl_TestRepeatNStrz_t" time="9.20295715332031e-05" />
  </testsuite>
  <testsuite name="spec_perl_TestEnumLongRangeU_t" errors="0" failures="0" skipped="0" tests="4" time="0.0463738441467285">
    <system-out>1..4
ok 1 - Equals
ok 2 - Equals
ok 3 - Equals
ok 4 - Equals
</system-out>
    <testcase name="Equals (315)" classname="spec_perl_TestEnumLongRangeU_t" time="0.000252008438110352" />
    <testcase name="Equals (316)" classname="spec_perl_TestEnumLongRangeU_t" time="7.89165496826172e-05" />
    <testcase name="Equals (317)" classname="spec_perl_TestEnumLongRangeU_t" time="0.000149965286254883" />
    <testcase name="Equals (318)" classname="spec_perl_TestEnumLongRangeU_t" time="0.000121116638183594" />
  </testsuite>
  <testsuite name="spec_perl_TestDebugEnumName_t" errors="1" failures="0" skipped="0" tests="0" time="0.0442008972167969">
    <system-out></system-out>
    <testcase name="Test died too soon, even before plan. (318)" classname="spec_perl_TestDebugEnumName_t" time="0.0442008972167969">
      <failure message="The test suite died before a plan was produced. You need to have a plan." type="Plan">No plan</failure>
    </testcase>
  </testsuite>
  <testsuite name="spec_perl_TestYamlInts_t" errors="0" failures="0" skipped="0" tests="4" time="0.0505890846252441">
    <system-out>1..4
ok 1 - Equals
ok 2 - Equals
ok 3 - Equals
ok 4 - Equals
</system-out>
    <testcase name="Equals (319)" classname="spec_perl_TestYamlInts_t" time="0.000715017318725586" />
    <testcase name="Equals (320)" classname="spec_perl_TestYamlInts_t" time="0.000378847122192383" />
    <testcase name="Equals (321)" classname="spec_perl_TestYamlInts_t" time="0.000312089920043945" />
    <testcase name="Equals (322)" classname="spec_perl_TestYamlInts_t" time="0.000303983688354492" />
  </testsuite>
  <testsuite name="spec_perl_TestSwitchManualEnumInvalidElse_t" errors="0" failures="0" skipped="0" tests="5" time="0.0480999946594238">
    <system-out>1..5
ok 1 - Equals
ok 2 - Equals
ok 3 - Equals
ok 4 - Equals
ok 5 - Equals
</system-out>
    <testcase name="Equals (323)" classname="spec_perl_TestSwitchManualEnumInvalidElse_t" time="0.000278949737548828" />
    <testcase name="Equals (324)" classname="spec_perl_TestSwitchManualEnumInvalidElse_t" time="8.79764556884766e-05" />
    <testcase name="Equals (325)" classname="spec_perl_TestSwitchManualEnumInvalidElse_t" time="0.000110864639282227" />
    <testcase name="Equals (326)" classname="spec_perl_TestSwitchManualEnumInvalidElse_t" time="0.000144004821777344" />
    <testcase name="Equals (327)" classname="spec_perl_TestSwitchManualEnumInvalidElse_t" time="0.000137090682983398" />
  </testsuite>
  <testsuite name="spec_perl_TestStrCombine_t" errors="0" failures="0" skipped="0" tests="15" time="0.0508048534393311">
    <system-out>1..15
ok 1 - Equals
ok 2 - Equals
ok 3 - Equals
ok 4 - Equals
ok 5 - Equals
ok 6 - Equals
ok 7 - Equals
ok 8 - Equals
ok 9 - Equals
ok 10 - Equals
ok 11 - Equals
ok 12 - Equals
ok 13 - Equals
ok 14 - Equals
ok 15 - Equals
</system-out>
    <testcase name="Equals (328)" classname="spec_perl_TestStrCombine_t" time="0.000308990478515625" />
    <testcase name="Equals (329)" classname="spec_perl_TestStrCombine_t" time="8.392333984375e-05" />
    <testcase name="Equals (330)" classname="spec_perl_TestStrCombine_t" time="6.69956207275391e-05" />
    <testcase name="Equals (331)" classname="spec_perl_TestStrCombine_t" time="0.000150918960571289" />
    <testcase name="Equals (332)" classname="spec_perl_TestStrCombine_t" time="0.000110149383544922" />
    <testcase name="Equals (333)" classname="spec_perl_TestStrCombine_t" time="0.00014495849609375" />
    <testcase name="Equals (334)" classname="spec_perl_TestStrCombine_t" time="0.000108957290649414" />
    <testcase name="Equals (335)" classname="spec_perl_TestStrCombine_t" time="0.000138998031616211" />
    <testcase name="Equals (336)" classname="spec_perl_TestStrCombine_t" time="0.000124931335449219" />
    <testcase name="Equals (337)" classname="spec_perl_TestStrCombine_t" time="0.000121116638183594" />
    <testcase name="Equals (338)" classname="spec_perl_TestStrCombine_t" time="0.000182867050170898" />
    <testcase name="Equals (339)" classname="spec_perl_TestStrCombine_t" time="0.000110149383544922" />
    <testcase name="Equals (340)" classname="spec_perl_TestStrCombine_t" time="0.000156879425048828" />
    <testcase name="Equals (341)" classname="spec_perl_TestStrCombine_t" time="0.000112056732177734" />
    <testcase name="Equals (342)" classname="spec_perl_TestStrCombine_t" time="0.000149965286254883" />
  </testsuite>
  <testsuite name="spec_perl_TestProcessCoerceSwitch_t" errors="0" failures="0" skipped="0" tests="3" time="0.0453290939331055">
    <system-out>1..3
ok 1 - Equals
ok 2 - Equals
ok 3 - Equals
</system-out>
    <testcase name="Equals (343)" classname="spec_perl_TestProcessCoerceSwitch_t" time="0.000600099563598633" />
    <testcase name="Equals (344)" classname="spec_perl_TestProcessCoerceSwitch_t" time="9.79900360107422e-05" />
    <testcase name="Equals (345)" classname="spec_perl_TestProcessCoerceSwitch_t" time="5.98430633544922e-05" />
  </testsuite>
  <testsuite name="spec_perl_TestStrPadTerm_t" errors="0" failures="0" skipped="0" tests="4" time="0.0472581386566162">
    <system-out>1..4
ok 1 - Equals
ok 2 - Equals
ok 3 - Equals
ok 4 - Equals
</system-out>
    <testcase name="Equals (346)" classname="spec_perl_TestStrPadTerm_t" time="0.000355005264282227" />
    <testcase name="Equals (347)" classname="spec_perl_TestStrPadTerm_t" time="8.51154327392578e-05" />
    <testcase name="Equals (348)" classname="spec_perl_TestStrPadTerm_t" time="0.000113010406494141" />
    <testcase name="Equals (349)" classname="spec_perl_TestStrPadTerm_t" time="9.29832458496094e-05" />
  </testsuite>
  <testsuite name="spec_perl_TestSwitchBytearray_t" errors="0" failures="0" skipped="0" tests="9" time="0.0484628677368164">
    <system-out>1..9
ok 1 - Equals
ok 2 - Equals
ok 3 - Equals
ok 4 - Equals
ok 5 - Equals
ok 6 - Equals
ok 7 - Equals
ok 8 - Equals
ok 9 - Equals
</system-out>
    <testcase name="Equals (350)" classname="spec_perl_TestSwitchBytearray_t" time="0.00036311149597168" />
    <testcase name="Equals (351)" classname="spec_perl_TestSwitchBytearray_t" time="9.79900360107422e-05" />
    <testcase name="Equals (352)" classname="spec_perl_TestSwitchBytearray_t" time="7.98702239990234e-05" />
    <testcase name="Equals (353)" classname="spec_perl_TestSwitchBytearray_t" time="0.000165224075317383" />
    <testcase name="Equals (354)" classname="spec_perl_TestSwitchBytearray_t" time="0.000134944915771484" />
    <testcase name="Equals (355)" classname="spec_perl_TestSwitchBytearray_t" time="0.000172853469848633" />
    <testcase name="Equals (356)" classname="spec_perl_TestSwitchBytearray_t" time="0.000128984451293945" />
    <testcase name="Equals (357)" classname="spec_perl_TestSwitchBytearray_t" time="0.000145196914672852" />
    <testcase name="Equals (358)" classname="spec_perl_TestSwitchBytearray_t" time="0.000118017196655273" />
  </testsuite>
  <testsuite name="spec_perl_TestTypeIntUnaryOp_t" errors="0" failures="0" skipped="0" tests="4" time="0.0436620712280273">
    <system-out>1..4
ok 1 - Equals
ok 2 - Equals
ok 3 - Equals
ok 4 - Equals
</system-out>
    <testcase name="Equals (359)" classname="spec_perl_TestTypeIntUnaryOp_t" time="0.000308036804199219" />
    <testcase name="Equals (360)" classname="spec_perl_TestTypeIntUnaryOp_t" time="0.000128030776977539" />
    <testcase name="Equals (361)" classname="spec_perl_TestTypeIntUnaryOp_t" time="6.00814819335938e-05" />
    <testcase name="Equals (362)" classname="spec_perl_TestTypeIntUnaryOp_t" time="0.000126838684082031" />
  </testsuite>
  <testsuite name="spec_perl_TestExprCalcArrayOps_t" errors="0" failures="1" skipped="17" tests="18" time="0.0703120231628418">
    <system-out>1..18
not ok 1 - test_expr_calc_array_ops died (Can't use string (&quot;1000&quot;) as an ARRAY ref while &quot;strict refs&quot; in use at compiled/perl/ExprCalcArrayOps.pm line 50.)
ok 2 # skip test_expr_calc_array_ops died
ok 3 # skip test_expr_calc_array_ops died
ok 4 # skip test_expr_calc_array_ops died
ok 5 # skip test_expr_calc_array_ops died
ok 6 # skip test_expr_calc_array_ops died
ok 7 # skip test_expr_calc_array_ops died
ok 8 # skip test_expr_calc_array_ops died
ok 9 # skip test_expr_calc_array_ops died
ok 10 # skip test_expr_calc_array_ops died
ok 11 # skip test_expr_calc_array_ops died
ok 12 # skip test_expr_calc_array_ops died
ok 13 # skip test_expr_calc_array_ops died
ok 14 # skip test_expr_calc_array_ops died
ok 15 # skip test_expr_calc_array_ops died
ok 16 # skip test_expr_calc_array_ops died
ok 17 # skip test_expr_calc_array_ops died
ok 18 # skip test_expr_calc_array_ops died
</system-out>
    <testcase name="test_expr_calc_array_ops died (Can't use string (&quot;1000&quot;) as an ARRAY ref while &quot;strict refs&quot; in use at compiled/perl/ExprCalcArrayOps.pm line 50.) (362)" classname="spec_perl_TestExprCalcArrayOps_t" time="0.000960111618041992">
      <failure message="not ok 1 - test_expr_calc_array_ops died (Can't use string (&quot;1000&quot;) as an ARRAY ref while &quot;strict refs&quot; in use at compiled/perl/ExprCalcArrayOps.pm line 50.)" type="TAP::Parser::Result::Test"></failure>
    </testcase>
    <testcase name="Unnamed test case 362" classname="spec_perl_TestExprCalcArrayOps_t" time="0.000887870788574219">
      <skipped message="ok 2 # skip test_expr_calc_array_ops died" />
    </testcase>
    <testcase name="Unnamed test case 363" classname="spec_perl_TestExprCalcArrayOps_t" time="0.000422000885009766">
      <skipped message="ok 3 # skip test_expr_calc_array_ops died" />
    </testcase>
    <testcase name="Unnamed test case 364" classname="spec_perl_TestExprCalcArrayOps_t" time="0.000382184982299805">
      <skipped message="ok 4 # skip test_expr_calc_array_ops died" />
    </testcase>
    <testcase name="Unnamed test case 365" classname="spec_perl_TestExprCalcArrayOps_t" time="0.000363826751708984">
      <skipped message="ok 5 # skip test_expr_calc_array_ops died" />
    </testcase>
    <testcase name="Unnamed test case 366" classname="spec_perl_TestExprCalcArrayOps_t" time="0.00039219856262207">
      <skipped message="ok 6 # skip test_expr_calc_array_ops died" />
    </testcase>
    <testcase name="Unnamed test case 367" classname="spec_perl_TestExprCalcArrayOps_t" time="0.0004119873046875">
      <skipped message="ok 7 # skip test_expr_calc_array_ops died" />
    </testcase>
    <testcase name="Unnamed test case 368" classname="spec_perl_TestExprCalcArrayOps_t" time="0.000331878662109375">
      <skipped message="ok 8 # skip test_expr_calc_array_ops died" />
    </testcase>
    <testcase name="Unnamed test case 369" classname="spec_perl_TestExprCalcArrayOps_t" time="0.000386953353881836">
      <skipped message="ok 9 # skip test_expr_calc_array_ops died" />
    </testcase>
    <testcase name="Unnamed test case 370" classname="spec_perl_TestExprCalcArrayOps_t" time="0.000385046005249023">
      <skipped message="ok 10 # skip test_expr_calc_array_ops died" />
    </testcase>
    <testcase name="Unnamed test case 371" classname="spec_perl_TestExprCalcArrayOps_t" time="0.000406026840209961">
      <skipped message="ok 11 # skip test_expr_calc_array_ops died" />
    </testcase>
    <testcase name="Unnamed test case 372" classname="spec_perl_TestExprCalcArrayOps_t" time="0.000358104705810547">
      <skipped message="ok 12 # skip test_expr_calc_array_ops died" />
    </testcase>
    <testcase name="Unnamed test case 373" classname="spec_perl_TestExprCalcArrayOps_t" time="0.000365018844604492">
      <skipped message="ok 13 # skip test_expr_calc_array_ops died" />
    </testcase>
    <testcase name="Unnamed test case 374" classname="spec_perl_TestExprCalcArrayOps_t" time="0.000337839126586914">
      <skipped message="ok 14 # skip test_expr_calc_array_ops died" />
    </testcase>
    <testcase name="Unnamed test case 375" classname="spec_perl_TestExprCalcArrayOps_t" time="0.000335931777954102">
      <skipped message="ok 15 # skip test_expr_calc_array_ops died" />
    </testcase>
    <testcase name="Unnamed test case 376" classname="spec_perl_TestExprCalcArrayOps_t" time="0.00038599967956543">
      <skipped message="ok 16 # skip test_expr_calc_array_ops died" />
    </testcase>
    <testcase name="Unnamed test case 377" classname="spec_perl_TestExprCalcArrayOps_t" time="0.00038909912109375">
      <skipped message="ok 17 # skip test_expr_calc_array_ops died" />
    </testcase>
    <testcase name="Unnamed test case 378" classname="spec_perl_TestExprCalcArrayOps_t" time="0.000441074371337891">
      <skipped message="ok 18 # skip test_expr_calc_array_ops died" />
    </testcase>
  </testsuite>
  <testsuite name="spec_perl_TestNestedTypes3_t" errors="0" failures="0" skipped="0" tests="5" time="0.0449340343475342">
    <system-out>1..5
ok 1 - Equals
ok 2 - Equals
ok 3 - Equals
ok 4 - Equals
ok 5 - Equals
</system-out>
    <testcase name="Equals (378)" classname="spec_perl_TestNestedTypes3_t" time="0.000266075134277344" />
    <testcase name="Equals (379)" classname="spec_perl_TestNestedTypes3_t" time="8.10623168945312e-05" />
    <testcase name="Equals (380)" classname="spec_perl_TestNestedTypes3_t" time="0.000135898590087891" />
    <testcase name="Equals (381)" classname="spec_perl_TestNestedTypes3_t" time="0.000127077102661133" />
    <testcase name="Equals (382)" classname="spec_perl_TestNestedTypes3_t" time="0.000139951705932617" />
  </testsuite>
  <testsuite name="spec_perl_TestDefaultEndianExprInherited_t" errors="0" failures="0" skipped="0" tests="15" time="0.0472040176391602">
    <system-out>1..15
ok 1 - Equals
ok 2 - Equals
ok 3 - Equals
ok 4 - Equals
ok 5 - Equals
ok 6 - Equals
ok 7 - Equals
ok 8 - Equals
ok 9 - Equals
ok 10 - Equals
ok 11 - Equals
ok 12 - Equals
ok 13 - Equals
ok 14 - Equals
ok 15 - Equals
</system-out>
    <testcase name="Equals (383)" classname="spec_perl_TestDefaultEndianExprInherited_t" time="0.000308036804199219" />
    <testcase name="Equals (384)" classname="spec_perl_TestDefaultEndianExprInherited_t" time="8.392333984375e-05" />
    <testcase name="Equals (385)" classname="spec_perl_TestDefaultEndianExprInherited_t" time="0.000133991241455078" />
    <testcase name="Equals (386)" classname="spec_perl_TestDefaultEndianExprInherited_t" time="0.000128984451293945" />
    <testcase name="Equals (387)" classname="spec_perl_TestDefaultEndianExprInherited_t" time="0.000158071517944336" />
    <testcase name="Equals (388)" classname="spec_perl_TestDefaultEndianExprInherited_t" time="0.000114917755126953" />
    <testcase name="Equals (389)" classname="spec_perl_TestDefaultEndianExprInherited_t" time="0.000144004821777344" />
    <testcase name="Equals (390)" classname="spec_perl_TestDefaultEndianExprInherited_t" time="0.000116109848022461" />
    <testcase name="Equals (391)" classname="spec_perl_TestDefaultEndianExprInherited_t" time="0.000158071517944336" />
    <testcase name="Equals (392)" classname="spec_perl_TestDefaultEndianExprInherited_t" time="0.000145912170410156" />
    <testcase name="Equals (393)" classname="spec_perl_TestDefaultEndianExprInherited_t" time="0.00011897087097168" />
    <testcase name="Equals (394)" classname="spec_perl_TestDefaultEndianExprInherited_t" time="0.00014805793762207" />
    <testcase name="Equals (395)" classname="spec_perl_TestDefaultEndianExprInherited_t" time="0.000115871429443359" />
    <testcase name="Equals (396)" classname="spec_perl_TestDefaultEndianExprInherited_t" time="0.000152111053466797" />
    <testcase name="Equals (397)" classname="spec_perl_TestDefaultEndianExprInherited_t" time="0.000143051147460938" />
  </testsuite>
  <testsuite name="spec_perl_TestEosExceptionU4_t" errors="0" failures="0" skipped="0" tests="1" time="0.0479698181152344">
    <system-out>1..1
ok 1 - Died
</system-out>
    <testcase name="Died (397)" classname="spec_perl_TestEosExceptionU4_t" time="0.000555992126464844" />
  </testsuite>
  <testsuite name="spec_perl_TestNavParentSwitch_t" errors="0" failures="0" skipped="0" tests="3" time="0.0451669692993164">
    <system-out>1..3
ok 1 - Equals
ok 2 - Equals
ok 3 - Equals
</system-out>
    <testcase name="Equals (398)" classname="spec_perl_TestNavParentSwitch_t" time="0.000280141830444336" />
    <testcase name="Equals (399)" classname="spec_perl_TestNavParentSwitch_t" time="8.70227813720703e-05" />
    <testcase name="Equals (400)" classname="spec_perl_TestNavParentSwitch_t" time="0.000131845474243164" />
  </testsuite>
  <testsuite name="spec_perl_TestRepeatEosU4_t" errors="0" failures="0" skipped="0" tests="1" time="0.0435371398925781">
    <system-out>1..1
ok 1 - Equals
</system-out>
    <testcase name="Equals (401)" classname="spec_perl_TestRepeatEosU4_t" time="0.000239849090576172" />
  </testsuite>
  <testsuite name="spec_perl_TestBitsSimple_t" errors="0" failures="0" skipped="0" tests="14" time="0.0471529960632324">
    <system-out>1..14
ok 1 - Equals
ok 2 - Equals
ok 3 - Equals
ok 4 - Equals
ok 5 - Equals
ok 6 - Equals
ok 7 - Equals
ok 8 - Equals
ok 9 - Equals
ok 10 - Equals
ok 11 - Equals
ok 12 - Equals
ok 13 - Equals
ok 14 - Equals
</system-out>
    <testcase name="Equals (402)" classname="spec_perl_TestBitsSimple_t" time="0.00038599967956543" />
    <testcase name="Equals (403)" classname="spec_perl_TestBitsSimple_t" time="9.48905944824219e-05" />
    <testcase name="Equals (404)" classname="spec_perl_TestBitsSimple_t" time="6.00814819335938e-05" />
    <testcase name="Equals (405)" classname="spec_perl_TestBitsSimple_t" time="0.000125885009765625" />
    <testcase name="Equals (406)" classname="spec_perl_TestBitsSimple_t" time="0.000146150588989258" />
    <testcase name="Equals (407)" classname="spec_perl_TestBitsSimple_t" time="0.000123977661132812" />
    <testcase name="Equals (408)" classname="spec_perl_TestBitsSimple_t" time="0.000123023986816406" />
    <testcase name="Equals (409)" classname="spec_perl_TestBitsSimple_t" time="0.000131845474243164" />
    <testcase name="Equals (410)" classname="spec_perl_TestBitsSimple_t" time="0.000117063522338867" />
    <testcase name="Equals (411)" classname="spec_perl_TestBitsSimple_t" time="0.000142097473144531" />
    <testcase name="Equals (412)" classname="spec_perl_TestBitsSimple_t" time="0.000118017196655273" />
    <testcase name="Equals (413)" classname="spec_perl_TestBitsSimple_t" time="0.000142812728881836" />
    <testcase name="Equals (414)" classname="spec_perl_TestBitsSimple_t" time="0.000144004821777344" />
    <testcase name="Equals (415)" classname="spec_perl_TestBitsSimple_t" time="0.000117063522338867" />
  </testsuite>
  <testsuite name="spec_perl_TestRepeatUntilComplex_t" errors="0" failures="0" skipped="0" tests="17" time="0.0466799736022949">
    <system-out>1..17
ok 1 - Equals
ok 2 - Equals
ok 3 - Equals
ok 4 - Equals
ok 5 - Equals
ok 6 - Equals
ok 7 - Equals
ok 8 - Equals
ok 9 - Equals
ok 10 - Equals
ok 11 - Equals
ok 12 - Equals
ok 13 - Equals
ok 14 - Equals
ok 15 - Equals
ok 16 - Equals
ok 17 - Equals
</system-out>
    <testcase name="Equals (416)" classname="spec_perl_TestRepeatUntilComplex_t" time="0.000375986099243164" />
    <testcase name="Equals (417)" classname="spec_perl_TestRepeatUntilComplex_t" time="8.89301300048828e-05" />
    <testcase name="Equals (418)" classname="spec_perl_TestRepeatUntilComplex_t" time="0.000128030776977539" />
    <testcase name="Equals (419)" classname="spec_perl_TestRepeatUntilComplex_t" time="0.000140905380249023" />
    <testcase name="Equals (420)" classname="spec_perl_TestRepeatUntilComplex_t" time="0.000133991241455078" />
    <testcase name="Equals (421)" classname="spec_perl_TestRepeatUntilComplex_t" time="0.000126123428344727" />
    <testcase name="Equals (422)" classname="spec_perl_TestRepeatUntilComplex_t" time="0.000100851058959961" />
    <testcase name="Equals (423)" classname="spec_perl_TestRepeatUntilComplex_t" time="0.000156164169311523" />
    <testcase name="Equals (424)" classname="spec_perl_TestRepeatUntilComplex_t" time="0.000124931335449219" />
    <testcase name="Equals (425)" classname="spec_perl_TestRepeatUntilComplex_t" time="0.00014495849609375" />
    <testcase name="Equals (426)" classname="spec_perl_TestRepeatUntilComplex_t" time="0.000152111053466797" />
    <testcase name="Equals (427)" classname="spec_perl_TestRepeatUntilComplex_t" time="0.000136852264404297" />
    <testcase name="Equals (428)" classname="spec_perl_TestRepeatUntilComplex_t" time="0.000149011611938477" />
    <testcase name="Equals (429)" classname="spec_perl_TestRepeatUntilComplex_t" time="0.000117063522338867" />
    <testcase name="Equals (430)" classname="spec_perl_TestRepeatUntilComplex_t" time="0.000150918960571289" />
    <testcase name="Equals (431)" classname="spec_perl_TestRepeatUntilComplex_t" time="7.10487365722656e-05" />
    <testcase name="Equals (432)" classname="spec_perl_TestRepeatUntilComplex_t" time="0.000142097473144531" />
  </testsuite>
  <testsuite name="spec_perl_TestExprStrOps_t" errors="1" failures="0" skipped="0" tests="0" time="0.0425469875335693">
    <system-out></system-out>
    <testcase name="Test died too soon, even before plan. (432)" classname="spec_perl_TestExprStrOps_t" time="0.0425469875335693">
      <failure message="The test suite died before a plan was produced. You need to have a plan." type="Plan">No plan</failure>
    </testcase>
  </testsuite>
  <testsuite name="spec_perl_TestOptionalId_t" errors="0" failures="0" skipped="0" tests="3" time="0.0437619686126709">
    <system-out>1..3
ok 1 - Equals
ok 2 - Equals
ok 3 - Equals
</system-out>
    <testcase name="Equals (433)" classname="spec_perl_TestOptionalId_t" time="0.000281095504760742" />
    <testcase name="Equals (434)" classname="spec_perl_TestOptionalId_t" time="8.58306884765625e-05" />
    <testcase name="Equals (435)" classname="spec_perl_TestOptionalId_t" time="8.79764556884766e-05" />
  </testsuite>
  <testsuite name="spec_perl_TestInstanceStdArray_t" errors="0" failures="0" skipped="0" tests="7" time="0.0453131198883057">
    <system-out>1..7
ok 1 - Equals
ok 2 - Equals
ok 3 - Equals
ok 4 - Equals
ok 5 - Equals
ok 6 - Equals
ok 7 - Equals
</system-out>
    <testcase name="Equals (436)" classname="spec_perl_TestInstanceStdArray_t" time="0.000259876251220703" />
    <testcase name="Equals (437)" classname="spec_perl_TestInstanceStdArray_t" time="8.0108642578125e-05" />
    <testcase name="Equals (438)" classname="spec_perl_TestInstanceStdArray_t" time="0.000155925750732422" />
    <testcase name="Equals (439)" classname="spec_perl_TestInstanceStdArray_t" time="0.000164985656738281" />
    <testcase name="Equals (440)" classname="spec_perl_TestInstanceStdArray_t" time="0.000126123428344727" />
    <testcase name="Equals (441)" classname="spec_perl_TestInstanceStdArray_t" time="0.000135898590087891" />
    <testcase name="Equals (442)" classname="spec_perl_TestInstanceStdArray_t" time="0.0001220703125" />
  </testsuite>
  <testsuite name="spec_perl_TestImportsAbs_t" errors="0" failures="0" skipped="0" tests="2" time="0.0439519882202148">
    <system-out>1..2
ok 1 - Equals
ok 2 - Equals
</system-out>
    <testcase name="Equals (443)" classname="spec_perl_TestImportsAbs_t" time="0.000311136245727539" />
    <testcase name="Equals (444)" classname="spec_perl_TestImportsAbs_t" time="8.392333984375e-05" />
  </testsuite>
  <testsuite name="spec_perl_TestStrEncodings_t" errors="0" failures="0" skipped="0" tests="4" time="0.0671708583831787">
    <system-out>1..4
ok 1 - Equals
ok 2 - Equals
ok 3 - Equals
ok 4 - Equals
</system-out>
    <testcase name="Equals (445)" classname="spec_perl_TestStrEncodings_t" time="0.0189559459686279" />
    <testcase name="Equals (446)" classname="spec_perl_TestStrEncodings_t" time="0.000123977661132812" />
    <testcase name="Equals (447)" classname="spec_perl_TestStrEncodings_t" time="6.103515625e-05" />
    <testcase name="Equals (448)" classname="spec_perl_TestStrEncodings_t" time="0.000178098678588867" />
  </testsuite>
  <testsuite name="spec_perl_TestDebug0_t" errors="0" failures="0" skipped="1" tests="1" time="0.0435230731964111">
    <system-out>1..1
ok 1 # skip test_debug_0
</system-out>
    <testcase name="Unnamed test case 448" classname="spec_perl_TestDebug0_t" time="0.000340938568115234">
      <skipped message="ok 1 # skip test_debug_0" />
    </testcase>
  </testsuite>
  <testsuite name="spec_perl_TestIoLocalVar_t" errors="0" failures="0" skipped="0" tests="2" time="0.0467770099639893">
    <system-out>1..2
ok 1 - Equals
ok 2 - Equals
</system-out>
    <testcase name="Equals (449)" classname="spec_perl_TestIoLocalVar_t" time="0.000561952590942383" />
    <testcase name="Equals (450)" classname="spec_perl_TestIoLocalVar_t" time="9.39369201660156e-05" />
  </testsuite>
  <testsuite name="spec_perl_TestBitsByteAligned_t" errors="0" failures="0" skipped="0" tests="9" time="0.0466928482055664">
    <system-out>1..9
ok 1 - Equals
ok 2 - Equals
ok 3 - Equals
ok 4 - Equals
ok 5 - Equals
ok 6 - Equals
ok 7 - Equals
ok 8 - Equals
ok 9 - Equals
</system-out>
    <testcase name="Equals (451)" classname="spec_perl_TestBitsByteAligned_t" time="0.000287055969238281" />
[...]
    <system-out>1..2
ok 1 - Equals
ok 2 - Equals
</system-out>
    <testcase name="Equals (615)" classname="spec_perl_TestSwitchCast_t" time="0.00032806396484375" />
    <testcase name="Equals (616)" classname="spec_perl_TestSwitchCast_t" time="8.392333984375e-05" />
  </testsuite>
  <testsuite name="spec_perl_TestBytesPadTerm_t" errors="0" failures="0" skipped="0" tests="4" time="0.0441939830780029">
    <system-out>1..4
ok 1 - Equals
ok 2 - Equals
ok 3 - Equals
ok 4 - Equals
</system-out>
    <testcase name="Equals (617)" classname="spec_perl_TestBytesPadTerm_t" time="0.000303983688354492" />
    <testcase name="Equals (618)" classname="spec_perl_TestBytesPadTerm_t" time="8.0108642578125e-05" />
    <testcase name="Equals (619)" classname="spec_perl_TestBytesPadTerm_t" time="0.000108003616333008" />
    <testcase name="Equals (620)" classname="spec_perl_TestBytesPadTerm_t" time="0.000147819519042969" />
  </testsuite>
  <testsuite name="spec_perl_TestProcessCoerceUsertype1_t" errors="0" failures="0" skipped="0" tests="4" time="0.0468389987945557">
    <system-out>1..4
ok 1 - Equals
ok 2 - Equals
ok 3 - Equals
ok 4 - Equals
</system-out>
    <testcase name="Equals (621)" classname="spec_perl_TestProcessCoerceUsertype1_t" time="0.000665903091430664" />
    <testcase name="Equals (622)" classname="spec_perl_TestProcessCoerceUsertype1_t" time="0.000101089477539062" />
    <testcase name="Equals (623)" classname="spec_perl_TestProcessCoerceUsertype1_t" time="5.98430633544922e-05" />
    <testcase name="Equals (624)" classname="spec_perl_TestProcessCoerceUsertype1_t" time="0.000104188919067383" />
  </testsuite>
  <testsuite name="spec_perl_TestInstanceStd_t" errors="0" failures="0" skipped="0" tests="1" time="0.04823899269104">
    <system-out>1..1
ok 1 - Equals
</system-out>
    <testcase name="Equals (625)" classname="spec_perl_TestInstanceStd_t" time="0.000295877456665039" />
  </testsuite>
  <testsuite name="spec_perl_TestNestedTypes2_t" errors="0" failures="0" skipped="0" tests="7" time="0.0453851222991943">
    <system-out>1..7
ok 1 - Equals
ok 2 - Equals
ok 3 - Equals
ok 4 - Equals
ok 5 - Equals
ok 6 - Equals
ok 7 - Equals
</system-out>
    <testcase name="Equals (626)" classname="spec_perl_TestNestedTypes2_t" time="0.000313997268676758" />
    <testcase name="Equals (627)" classname="spec_perl_TestNestedTypes2_t" time="8.41617584228516e-05" />
    <testcase name="Equals (628)" classname="spec_perl_TestNestedTypes2_t" time="0.000165939331054688" />
    <testcase name="Equals (629)" classname="spec_perl_TestNestedTypes2_t" time="8.10623168945312e-05" />
    <testcase name="Equals (630)" classname="spec_perl_TestNestedTypes2_t" time="8.98838043212891e-05" />
    <testcase name="Equals (631)" classname="spec_perl_TestNestedTypes2_t" time="0.000149011611938477" />
    <testcase name="Equals (632)" classname="spec_perl_TestNestedTypes2_t" time="0.00011897087097168" />
  </testsuite>
  <testsuite name="spec_perl_TestExprArray_t" errors="0" failures="1" skipped="0" tests="15" time="0.0580029487609863">
    <system-out>1..15
ok 1 - Equals
ok 2 - Equals
ok 3 - Equals
ok 4 - Equals
ok 5 - Equals
ok 6 - Equals
ok 7 - Equals
ok 8 - Equals
not ok 9 - Equals
ok 10 - Equals
ok 11 - Equals
ok 12 - Equals
ok 13 - Equals
ok 14 - Equals
ok 15 - Equals
</system-out>
    <testcase name="Equals (633)" classname="spec_perl_TestExprArray_t" time="0.000379085540771484" />
    <testcase name="Equals (634)" classname="spec_perl_TestExprArray_t" time="0.000145912170410156" />
    <testcase name="Equals (635)" classname="spec_perl_TestExprArray_t" time="6.69956207275391e-05" />
    <testcase name="Equals (636)" classname="spec_perl_TestExprArray_t" time="0.000140190124511719" />
    <testcase name="Equals (637)" classname="spec_perl_TestExprArray_t" time="0.000126838684082031" />
    <testcase name="Equals (638)" classname="spec_perl_TestExprArray_t" time="0.000134944915771484" />
    <testcase name="Equals (639)" classname="spec_perl_TestExprArray_t" time="0.000165224075317383" />
    <testcase name="Equals (640)" classname="spec_perl_TestExprArray_t" time="0.000131845474243164" />
    <testcase name="Equals (641)" classname="spec_perl_TestExprArray_t" time="0.000231027603149414">
      <failure message="not ok 9 - Equals" type="TAP::Parser::Result::Test"></failure>
    </testcase>
    <testcase name="Equals (642)" classname="spec_perl_TestExprArray_t" time="0.00397896766662598" />
    <testcase name="Equals (643)" classname="spec_perl_TestExprArray_t" time="8.392333984375e-05" />
    <testcase name="Equals (644)" classname="spec_perl_TestExprArray_t" time="7.41481781005859e-05" />
    <testcase name="Equals (645)" classname="spec_perl_TestExprArray_t" time="5.29289245605469e-05" />
    <testcase name="Equals (646)" classname="spec_perl_TestExprArray_t" time="4.00543212890625e-05" />
    <testcase name="Equals (647)" classname="spec_perl_TestExprArray_t" time="3.91006469726562e-05" />
  </testsuite>
  <testsuite name="spec_perl_TestFixedStruct_t" errors="1" failures="0" skipped="0" tests="0" time="0.0462679862976074">
    <system-out></system-out>
    <testcase name="Test died too soon, even before plan. (647)" classname="spec_perl_TestFixedStruct_t" time="0.0462679862976074">
      <failure message="The test suite died before a plan was produced. You need to have a plan." type="Plan">No plan</failure>
    </testcase>
  </testsuite>
  <testsuite name="spec_perl_TestPositionAbs_t" errors="0" failures="0" skipped="0" tests="2" time="0.0528709888458252">
    <system-out>1..2
ok 1 - Equals
ok 2 - Equals
</system-out>
    <testcase name="Equals (648)" classname="spec_perl_TestPositionAbs_t" time="0.000234127044677734" />
    <testcase name="Equals (649)" classname="spec_perl_TestPositionAbs_t" time="0.000198841094970703" />
  </testsuite>
  <testsuite name="spec_perl_TestNavParentFalse2_t" errors="0" failures="0" skipped="0" tests="1" time="0.0437779426574707">
    <system-out>1..1
ok 1 - Equals
</system-out>
    <testcase name="Equals (650)" classname="spec_perl_TestNavParentFalse2_t" time="0.000268936157226562" />
  </testsuite>
  <testsuite name="spec_perl_TestZlibWithHeader78_t" errors="0" failures="0" skipped="0" tests="1" time="0.0667741298675537">
    <system-out>1..1
ok 1 - Equals
</system-out>
    <testcase name="Equals (651)" classname="spec_perl_TestZlibWithHeader78_t" time="0.000349044799804688" />
  </testsuite>
  <testsuite name="spec_perl_TestStrLiterals2_t" errors="0" failures="0" skipped="0" tests="4" time="0.0451791286468506">
    <system-out>1..4
ok 1 - Equals
ok 2 - Equals
ok 3 - Equals
ok 4 - Equals
</system-out>
    <testcase name="Equals (652)" classname="spec_perl_TestStrLiterals2_t" time="0.000277042388916016" />
    <testcase name="Equals (653)" classname="spec_perl_TestStrLiterals2_t" time="8.70227813720703e-05" />
    <testcase name="Equals (654)" classname="spec_perl_TestStrLiterals2_t" time="0.000339031219482422" />
    <testcase name="Equals (655)" classname="spec_perl_TestStrLiterals2_t" time="0.000157833099365234" />
  </testsuite>
  <testsuite name="spec_perl_TestNavParentOverride_t" errors="0" failures="0" skipped="0" tests="3" time="0.0439651012420654">
    <system-out>1..3
ok 1 - Equals
ok 2 - Equals
ok 3 - Equals
</system-out>
    <testcase name="Equals (656)" classname="spec_perl_TestNavParentOverride_t" time="0.000241994857788086" />
    <testcase name="Equals (657)" classname="spec_perl_TestNavParentOverride_t" time="7.29560852050781e-05" />
    <testcase name="Equals (658)" classname="spec_perl_TestNavParentOverride_t" time="0.000137090682983398" />
  </testsuite>
  <testsuite name="spec_perl_TestRepeatNStruct_t" errors="0" failures="0" skipped="0" tests="5" time="0.0443329811096191">
    <system-out>1..5
ok 1 - Equals
ok 2 - Equals
ok 3 - Equals
ok 4 - Equals
ok 5 - Equals
</system-out>
    <testcase name="Equals (659)" classname="spec_perl_TestRepeatNStruct_t" time="0.000260114669799805" />
    <testcase name="Equals (660)" classname="spec_perl_TestRepeatNStruct_t" time="0.000133037567138672" />
    <testcase name="Equals (661)" classname="spec_perl_TestRepeatNStruct_t" time="6.38961791992188e-05" />
    <testcase name="Equals (662)" classname="spec_perl_TestRepeatNStruct_t" time="0.00014805793762207" />
    <testcase name="Equals (663)" classname="spec_perl_TestRepeatNStruct_t" time="9.98973846435547e-05" />
  </testsuite>
  <testsuite name="spec_perl_TestExprSizeofValueSized_t" errors="0" failures="0" skipped="0" tests="5" time="0.0444991588592529">
    <system-out>1..5
ok 1 - Equals
ok 2 - Equals
ok 3 - Equals
ok 4 - Equals
ok 5 - Equals
</system-out>
    <testcase name="Equals (664)" classname="spec_perl_TestExprSizeofValueSized_t" time="0.000469207763671875" />
    <testcase name="Equals (665)" classname="spec_perl_TestExprSizeofValueSized_t" time="9.58442687988281e-05" />
    <testcase name="Equals (666)" classname="spec_perl_TestExprSizeofValueSized_t" time="5.79357147216797e-05" />
    <testcase name="Equals (667)" classname="spec_perl_TestExprSizeofValueSized_t" time="0.000114202499389648" />
    <testcase name="Equals (668)" classname="spec_perl_TestExprSizeofValueSized_t" time="0.000130891799926758" />
  </testsuite>
  <testsuite name="spec_perl_TestSwitchIntegers2_t" errors="0" failures="0" skipped="0" tests="5" time="0.0439929962158203">
    <system-out>1..5
ok 1 - Equals
ok 2 - Equals
ok 3 - Equals
ok 4 - Equals
ok 5 - Equals
</system-out>
    <testcase name="Equals (669)" classname="spec_perl_TestSwitchIntegers2_t" time="0.000181198120117188" />
    <testcase name="Equals (670)" classname="spec_perl_TestSwitchIntegers2_t" time="7.70092010498047e-05" />
    <testcase name="Equals (671)" classname="spec_perl_TestSwitchIntegers2_t" time="0.000144004821777344" />
    <testcase name="Equals (672)" classname="spec_perl_TestSwitchIntegers2_t" time="0.000126838684082031" />
    <testcase name="Equals (673)" classname="spec_perl_TestSwitchIntegers2_t" time="0.000134944915771484" />
  </testsuite>
  <testsuite name="spec_perl_TestProcessXorValue_t" errors="0" failures="0" skipped="0" tests="2" time="0.0447850227355957">
    <system-out>1..2
ok 1 - Equals
ok 2 - Equals
</system-out>
    <testcase name="Equals (674)" classname="spec_perl_TestProcessXorValue_t" time="0.000299930572509766" />
    <testcase name="Equals (675)" classname="spec_perl_TestProcessXorValue_t" time="8.51154327392578e-05" />
  </testsuite>
  <testsuite name="spec_perl_TestEnumToIClassBorder1_t" errors="0" failures="1" skipped="0" tests="3" time="0.0510389804840088">
    <system-out>1..3
ok 1 - Equals
ok 2 - Equals
not ok 3 - test_enum_to_i_class_border_1 died (Can't call method &quot;some_dog&quot; on an undefined value at compiled/perl/EnumToIClassBorder2.pm line 42.)
</system-out>
    <testcase name="Equals (676)" classname="spec_perl_TestEnumToIClassBorder1_t" time="0.000272989273071289" />
    <testcase name="Equals (677)" classname="spec_perl_TestEnumToIClassBorder1_t" time="8.392333984375e-05" />
    <testcase name="test_enum_to_i_class_border_1 died (Can't call method &quot;some_dog&quot; on an undefined value at compiled/perl/EnumToIClassBorder2.pm line 42.) (677)" classname="spec_perl_TestEnumToIClassBorder1_t" time="0.000250101089477539">
      <failure message="not ok 3 - test_enum_to_i_class_border_1 died (Can't call method &quot;some_dog&quot; on an undefined value at compiled/perl/EnumToIClassBorder2.pm line 42.)" type="TAP::Parser::Result::Test"></failure>
    </testcase>
  </testsuite>
  <testsuite name="spec_perl_TestDocstringsDocrefMulti_t" errors="0" failures="0" skipped="1" tests="1" time="0.0446639060974121">
    <system-out>1..1
ok 1 # skip DocstringsDocrefMulti=HASH(0x2601e68)
</system-out>
    <testcase name="Unnamed test case 677" classname="spec_perl_TestDocstringsDocrefMulti_t" time="0.00127291679382324">
      <skipped message="ok 1 # skip DocstringsDocrefMulti=HASH(0x2601e68)" />
    </testcase>
  </testsuite>
  <testsuite name="spec_perl_TestSwitchMultiBoolOps_t" errors="0" failures="0" skipped="0" tests="9" time="0.0452370643615723">
    <system-out>1..9
ok 1 - Equals
ok 2 - Equals
ok 3 - Equals
ok 4 - Equals
ok 5 - Equals
ok 6 - Equals
ok 7 - Equals
ok 8 - Equals
ok 9 - Equals
</system-out>
    <testcase name="Equals (678)" classname="spec_perl_TestSwitchMultiBoolOps_t" time="0.00031590461730957" />
    <testcase name="Equals (679)" classname="spec_perl_TestSwitchMultiBoolOps_t" time="8.41617584228516e-05" />
    <testcase name="Equals (680)" classname="spec_perl_TestSwitchMultiBoolOps_t" time="9.48905944824219e-05" />
    <testcase name="Equals (681)" classname="spec_perl_TestSwitchMultiBoolOps_t" time="0.000153064727783203" />
    <testcase name="Equals (682)" classname="spec_perl_TestSwitchMultiBoolOps_t" time="0.000100851058959961" />
    <testcase name="Equals (683)" classname="spec_perl_TestSwitchMultiBoolOps_t" time="0.000138998031616211" />
    <testcase name="Equals (684)" classname="spec_perl_TestSwitchMultiBoolOps_t" time="0.000120162963867188" />
    <testcase name="Equals (685)" classname="spec_perl_TestSwitchMultiBoolOps_t" time="0.000116825103759766" />
    <testcase name="Equals (686)" classname="spec_perl_TestSwitchMultiBoolOps_t" time="0.000127077102661133" />
  </testsuite>
  <testsuite name="spec_perl_TestExpr3_t" errors="0" failures="0" skipped="0" tests="12" time="0.0492291450500488">
    <system-out>1..12
ok 1 - Equals
ok 2 - Equals
ok 3 - Equals
ok 4 - Equals
ok 5 - Equals
ok 6 - Equals
ok 7 - Equals
ok 8 - Equals
ok 9 - Equals
ok 10 - Equals
ok 11 - Equals
ok 12 - Equals
</system-out>
    <testcase name="Equals (687)" classname="spec_perl_TestExpr3_t" time="0.000273942947387695" />
    <testcase name="Equals (688)" classname="spec_perl_TestExpr3_t" time="8.0108642578125e-05" />
    <testcase name="Equals (689)" classname="spec_perl_TestExpr3_t" time="0.000121831893920898" />
    <testcase name="Equals (690)" classname="spec_perl_TestExpr3_t" time="0.000185966491699219" />
    <testcase name="Equals (691)" classname="spec_perl_TestExpr3_t" time="0.000145196914672852" />
    <testcase name="Equals (692)" classname="spec_perl_TestExpr3_t" time="0.000162839889526367" />
    <testcase name="Equals (693)" classname="spec_perl_TestExpr3_t" time="8.70227813720703e-05" />
    <testcase name="Equals (694)" classname="spec_perl_TestExpr3_t" time="0.000149011611938477" />
    <testcase name="Equals (695)" classname="spec_perl_TestExpr3_t" time="0.00011897087097168" />
    <testcase name="Equals (696)" classname="spec_perl_TestExpr3_t" time="0.000149965286254883" />
    <testcase name="Equals (697)" classname="spec_perl_TestExpr3_t" time="0.000130176544189453" />
    <testcase name="Equals (698)" classname="spec_perl_TestExpr3_t" time="0.000142812728881836" />
  </testsuite>
  <testsuite name="spec_perl_TestSwitchManualIntElse_t" errors="0" failures="0" skipped="0" tests="9" time="0.0489571094512939">
    <system-out>1..9
ok 1 - Equals
ok 2 - Equals
ok 3 - Equals
ok 4 - Equals
ok 5 - Equals
ok 6 - Equals
ok 7 - Equals
ok 8 - Equals
ok 9 - Equals
</system-out>
    <testcase name="Equals (699)" classname="spec_perl_TestSwitchManualIntElse_t" time="0.000402927398681641" />
    <testcase name="Equals (700)" classname="spec_perl_TestSwitchManualIntElse_t" time="9.20295715332031e-05" />
    <testcase name="Equals (701)" classname="spec_perl_TestSwitchManualIntElse_t" time="5.91278076171875e-05" />
    <testcase name="Equals (702)" classname="spec_perl_TestSwitchManualIntElse_t" time="0.000161886215209961" />
    <testcase name="Equals (703)" classname="spec_perl_TestSwitchManualIntElse_t" time="0.00011897087097168" />
    <testcase name="Equals (704)" classname="spec_perl_TestSwitchManualIntElse_t" time="0.000140190124511719" />
    <testcase name="Equals (705)" classname="spec_perl_TestSwitchManualIntElse_t" time="0.000123023986816406" />
    <testcase name="Equals (706)" classname="spec_perl_TestSwitchManualIntElse_t" time="0.000120878219604492" />
    <testcase name="Equals (707)" classname="spec_perl_TestSwitchManualIntElse_t" time="0.000149011611938477" />
  </testsuite>
  <testsuite name="spec_perl_TestCastNested_t" errors="0" failures="0" skipped="0" tests="4" time="0.0479350090026855">
    <system-out>1..4
ok 1 - Equals
ok 2 - Equals
ok 3 - Equals
ok 4 - Equals
</system-out>
    <testcase name="Equals (708)" classname="spec_perl_TestCastNested_t" time="0.000349044799804688" />
    <testcase name="Equals (709)" classname="spec_perl_TestCastNested_t" time="8.79764556884766e-05" />
    <testcase name="Equals (710)" classname="spec_perl_TestCastNested_t" time="0.000127077102661133" />
    <testcase name="Equals (711)" classname="spec_perl_TestCastNested_t" time="0.00017094612121582" />
  </testsuite>
  <testsuite name="spec_perl_TestEofExceptionU4_t" errors="0" failures="0" skipped="0" tests="1" time="0.0454199314117432">
    <system-out>1..1
ok 1 - Died
</system-out>
    <testcase name="Died (711)" classname="spec_perl_TestEofExceptionU4_t" time="0.000181198120117188" />
  </testsuite>
  <testsuite name="spec_perl_TestEnumFancy_t" errors="0" failures="0" skipped="0" tests="2" time="0.0441470146179199">
    <system-out>1..2
ok 1 - Equals
ok 2 - Equals
</system-out>
    <testcase name="Equals (712)" classname="spec_perl_TestEnumFancy_t" time="0.000316143035888672" />
    <testcase name="Equals (713)" classname="spec_perl_TestEnumFancy_t" time="8.08238983154297e-05" />
  </testsuite>
  <testsuite name="spec_perl_TestDebugSwitchUser_t" errors="1" failures="0" skipped="0" tests="0" time="0.0540561676025391">
    <system-out></system-out>
    <testcase name="Test died too soon, even before plan. (713)" classname="spec_perl_TestDebugSwitchUser_t" time="0.0540561676025391">
      <failure message="The test suite died before a plan was produced. You need to have a plan." type="Plan">No plan</failure>
    </testcase>
  </testsuite>
  <testsuite name="spec_perl_TestNestedTypes_t" errors="0" failures="0" skipped="0" tests="3" time="0.0442221164703369">
    <system-out>1..3
ok 1 - Equals
ok 2 - Equals
ok 3 - Equals
</system-out>
    <testcase name="Equals (714)" classname="spec_perl_TestNestedTypes_t" time="0.00024104118347168" />
    <testcase name="Equals (715)" classname="spec_perl_TestNestedTypes_t" time="7.98702239990234e-05" />
    <testcase name="Equals (716)" classname="spec_perl_TestNestedTypes_t" time="0.000138998031616211" />
  </testsuite>
  <testsuite name="spec_perl_TestParamsEnum_t" errors="0" failures="1" skipped="0" tests="2" time="0.0625870227813721">
    <system-out>1..2
ok 1 - Equals
not ok 2 - Equals
</system-out>
    <testcase name="Equals (717)" classname="spec_perl_TestParamsEnum_t" time="0.000240087509155273" />
    <testcase name="Equals (718)" classname="spec_perl_TestParamsEnum_t" time="0.000180959701538086">
      <failure message="not ok 2 - Equals" type="TAP::Parser::Result::Test"></failure>
    </testcase>
  </testsuite>
  <testsuite name="spec_perl_TestEnum1_t" errors="0" failures="0" skipped="0" tests="2" time="0.0449059009552002">
    <system-out>1..2
ok 1 - Equals
ok 2 - Equals
</system-out>
    <testcase name="Equals (719)" classname="spec_perl_TestEnum1_t" time="0.000272035598754883" />
    <testcase name="Equals (720)" classname="spec_perl_TestEnum1_t" time="0.000124931335449219" />
  </testsuite>
  <testsuite name="spec_perl_TestRecursiveOne_t" errors="0" failures="0" skipped="0" tests="4" time="0.044482946395874">
    <system-out>1..4
ok 1 - Equals
ok 2 - Equals
ok 3 - Equals
ok 4 - Equals
</system-out>
    <testcase name="Equals (721)" classname="spec_perl_TestRecursiveOne_t" time="0.000267982482910156" />
    <testcase name="Equals (722)" classname="spec_perl_TestRecursiveOne_t" time="8.10623168945312e-05" />
    <testcase name="Equals (723)" classname="spec_perl_TestRecursiveOne_t" time="0.000108003616333008" />
    <testcase name="Equals (724)" classname="spec_perl_TestRecursiveOne_t" time="0.000154972076416016" />
  </testsuite>
</testsuites>
