<?xml version='1.0' encoding='utf-8'?>
<testsuites>
  <testsuite name="spec_perl_TestInstanceStd_t" errors="0" failures="0" skipped="0" tests="1" time="0.0359008312225342">
    <system-out>1..1
ok 1 - Equals
</system-out>
    <testcase name="Equals" classname="spec_perl_TestInstanceStd_t" time="0.00121283531188965" />
  </testsuite>
  <testsuite name="spec_perl_TestOpaqueExternalType_t" errors="0" failures="0" skipped="0" tests="3" time="0.0354511737823486">
    <system-out>1..3
ok 1 - Equals
ok 2 - Equals
ok 3 - Equals
</system-out>
    <testcase name="Equals (2)" classname="spec_perl_TestOpaqueExternalType_t" time="0.00141596794128418" />
    <testcase name="Equals (3)" classname="spec_perl_TestOpaqueExternalType_t" time="7.41481781005859e-05" />
    <testcase name="Equals (4)" classname="spec_perl_TestOpaqueExternalType_t" time="4.98294830322266e-05" />
  </testsuite>
  <testsuite name="spec_perl_TestValidEqStrEncodings_t" errors="0" failures="0" skipped="1" tests="1" time="0.0391309261322021">
    <system-out>1..1
ok 1 # skip ValidEqStrEncodings=HASH(0x55f9b0ca0708)
</system-out>
    <testcase name="Unnamed test case 4" classname="spec_perl_TestValidEqStrEncodings_t" time="0.0066988468170166">
      <skipped message="ok 1 # skip ValidEqStrEncodings=HASH(0x55f9b0ca0708)" />
    </testcase>
  </testsuite>
  <testsuite name="spec_perl_TestIntegersMinMax_t" errors="0" failures="0" skipped="0" tests="28" time="0.0356979370117188">
    <system-out>1..28
ok 1 - Equals
ok 2 - Equals
ok 3 - Equals
ok 4 - Equals
ok 5 - Equals
ok 6 - Equals
ok 7 - Equals
ok 8 - Equals
ok 9 - Equals
ok 10 - Equals
ok 11 - Equals
ok 12 - Equals
ok 13 - Equals
ok 14 - Equals
ok 15 - Equals
ok 16 - Equals
ok 17 - Equals
ok 18 - Equals
ok 19 - Equals
ok 20 - Equals
ok 21 - Equals
ok 22 - Equals
ok 23 - Equals
ok 24 - Equals
ok 25 - Equals
ok 26 - Equals
ok 27 - Equals
ok 28 - Equals
</system-out>
    <testcase name="Equals (5)" classname="spec_perl_TestIntegersMinMax_t" time="0.00130295753479004" />
    <testcase name="Equals (6)" classname="spec_perl_TestIntegersMinMax_t" time="0.000106096267700195" />
    <testcase name="Equals (7)" classname="spec_perl_TestIntegersMinMax_t" time="7.60555267333984e-05" />
    <testcase name="Equals (8)" classname="spec_perl_TestIntegersMinMax_t" time="5.19752502441406e-05" />
    <testcase name="Equals (9)" classname="spec_perl_TestIntegersMinMax_t" time="6.4849853515625e-05" />
    <testcase name="Equals (10)" classname="spec_perl_TestIntegersMinMax_t" time="0.000121116638183594" />
    <testcase name="Equals (11)" classname="spec_perl_TestIntegersMinMax_t" time="0.000222921371459961" />
    <testcase name="Equals (12)" classname="spec_perl_TestIntegersMinMax_t" time="0.000102043151855469" />
    <testcase name="Equals (13)" classname="spec_perl_TestIntegersMinMax_t" time="9.10758972167969e-05" />
    <testcase name="Equals (14)" classname="spec_perl_TestIntegersMinMax_t" time="0.00011897087097168" />
    <testcase name="Equals (15)" classname="spec_perl_TestIntegersMinMax_t" time="9.89437103271484e-05" />
    <testcase name="Equals (16)" classname="spec_perl_TestIntegersMinMax_t" time="9.20295715332031e-05" />
    <testcase name="Equals (17)" classname="spec_perl_TestIntegersMinMax_t" time="0.000114917755126953" />
    <testcase name="Equals (18)" classname="spec_perl_TestIntegersMinMax_t" time="9.51290130615234e-05" />
    <testcase name="Equals (19)" classname="spec_perl_TestIntegersMinMax_t" time="7.79628753662109e-05" />
    <testcase name="Equals (20)" classname="spec_perl_TestIntegersMinMax_t" time="8.0108642578125e-05" />
    <testcase name="Equals (21)" classname="spec_perl_TestIntegersMinMax_t" time="7.70092010498047e-05" />
    <testcase name="Equals (22)" classname="spec_perl_TestIntegersMinMax_t" time="0.000149965286254883" />
    <testcase name="Equals (23)" classname="spec_perl_TestIntegersMinMax_t" time="0.000125885009765625" />
    <testcase name="Equals (24)" classname="spec_perl_TestIntegersMinMax_t" time="0.000102996826171875" />
    <testcase name="Equals (25)" classname="spec_perl_TestIntegersMinMax_t" time="6.50882720947266e-05" />
    <testcase name="Equals (26)" classname="spec_perl_TestIntegersMinMax_t" time="0.000110864639282227" />
    <testcase name="Equals (27)" classname="spec_perl_TestIntegersMinMax_t" time="8.60691070556641e-05" />
    <testcase name="Equals (28)" classname="spec_perl_TestIntegersMinMax_t" time="7.29560852050781e-05" />
    <testcase name="Equals (29)" classname="spec_perl_TestIntegersMinMax_t" time="7.29560852050781e-05" />
    <testcase name="Equals (30)" classname="spec_perl_TestIntegersMinMax_t" time="0.000115156173706055" />
    <testcase name="Equals (31)" classname="spec_perl_TestIntegersMinMax_t" time="7.70092010498047e-05" />
    <testcase name="Equals (32)" classname="spec_perl_TestIntegersMinMax_t" time="7.60555267333984e-05" />
  </testsuite>
  <testsuite name="spec_perl_TestRepeatNStrzDouble_t" errors="0" failures="0" skipped="0" tests="3" time="0.0389399528503418">
    <system-out>1..3
ok 1 - Equals
ok 2 - Equals
ok 3 - Equals
</system-out>
    <testcase name="Equals (33)" classname="spec_perl_TestRepeatNStrzDouble_t" time="0.00116300582885742" />
    <testcase name="Equals (34)" classname="spec_perl_TestRepeatNStrzDouble_t" time="6.69956207275391e-05" />
    <testcase name="Equals (35)" classname="spec_perl_TestRepeatNStrzDouble_t" time="5.10215759277344e-05" />
  </testsuite>
  <testsuite name="spec_perl_TestSwitchElseOnly_t" errors="0" failures="0" skipped="0" tests="3" time="0.0307350158691406">
    <system-out>1..3
ok 1 - Equals
ok 2 - Equals
ok 3 - Equals
</system-out>
    <testcase name="Equals (36)" classname="spec_perl_TestSwitchElseOnly_t" time="0.00149703025817871" />
    <testcase name="Equals (37)" classname="spec_perl_TestSwitchElseOnly_t" time="7.10487365722656e-05" />
    <testcase name="Equals (38)" classname="spec_perl_TestSwitchElseOnly_t" time="5.88893890380859e-05" />
  </testsuite>
  <testsuite name="spec_perl_TestBitsSimpleLe_t" errors="0" failures="0" skipped="0" tests="14" time="0.0308239459991455">
    <system-out>1..14
ok 1 - Equals
ok 2 - Equals
ok 3 - Equals
ok 4 - Equals
ok 5 - Equals
ok 6 - Equals
ok 7 - Equals
ok 8 - Equals
ok 9 - Equals
ok 10 - Equals
ok 11 - Equals
ok 12 - Equals
ok 13 - Equals
ok 14 - Equals
</system-out>
    <testcase name="Equals (39)" classname="spec_perl_TestBitsSimpleLe_t" time="0.0013279914855957" />
    <testcase name="Equals (40)" classname="spec_perl_TestBitsSimpleLe_t" time="6.69956207275391e-05" />
    <testcase name="Equals (41)" classname="spec_perl_TestBitsSimpleLe_t" time="5.00679016113281e-05" />
    <testcase name="Equals (42)" classname="spec_perl_TestBitsSimpleLe_t" time="4.69684600830078e-05" />
    <testcase name="Equals (43)" classname="spec_perl_TestBitsSimpleLe_t" time="4.38690185546875e-05" />
    <testcase name="Equals (44)" classname="spec_perl_TestBitsSimpleLe_t" time="8.91685485839844e-05" />
    <testcase name="Equals (45)" classname="spec_perl_TestBitsSimpleLe_t" time="6.79492950439453e-05" />
    <testcase name="Equals (46)" classname="spec_perl_TestBitsSimpleLe_t" time="6.98566436767578e-05" />
    <testcase name="Equals (47)" classname="spec_perl_TestBitsSimpleLe_t" time="6.50882720947266e-05" />
    <testcase name="Equals (48)" classname="spec_perl_TestBitsSimpleLe_t" time="7.00950622558594e-05" />
    <testcase name="Equals (49)" classname="spec_perl_TestBitsSimpleLe_t" time="6.98566436767578e-05" />
    <testcase name="Equals (50)" classname="spec_perl_TestBitsSimpleLe_t" time="7.41481781005859e-05" />
    <testcase name="Equals (51)" classname="spec_perl_TestBitsSimpleLe_t" time="6.98566436767578e-05" />
    <testcase name="Equals (52)" classname="spec_perl_TestBitsSimpleLe_t" time="6.79492950439453e-05" />
  </testsuite>
  <testsuite name="spec_perl_TestDefaultEndianExprInherited_t" errors="0" failures="0" skipped="0" tests="15" time="0.0321729183197021">
    <system-out>1..15
ok 1 - Equals
ok 2 - Equals
ok 3 - Equals
ok 4 - Equals
ok 5 - Equals
ok 6 - Equals
ok 7 - Equals
ok 8 - Equals
ok 9 - Equals
ok 10 - Equals
ok 11 - Equals
ok 12 - Equals
ok 13 - Equals
ok 14 - Equals
ok 15 - Equals
</system-out>
    <testcase name="Equals (53)" classname="spec_perl_TestDefaultEndianExprInherited_t" time="0.00134420394897461" />
    <testcase name="Equals (54)" classname="spec_perl_TestDefaultEndianExprInherited_t" time="6.4849853515625e-05" />
    <testcase name="Equals (55)" classname="spec_perl_TestDefaultEndianExprInherited_t" time="3.814697265625e-05" />
    <testcase name="Equals (56)" classname="spec_perl_TestDefaultEndianExprInherited_t" time="4.88758087158203e-05" />
    <testcase name="Equals (57)" classname="spec_perl_TestDefaultEndianExprInherited_t" time="0.000129938125610352" />
    <testcase name="Equals (58)" classname="spec_perl_TestDefaultEndianExprInherited_t" time="6.50882720947266e-05" />
    <testcase name="Equals (59)" classname="spec_perl_TestDefaultEndianExprInherited_t" time="7.79628753662109e-05" />
    <testcase name="Equals (60)" classname="spec_perl_TestDefaultEndianExprInherited_t" time="7.60555267333984e-05" />
    <testcase name="Equals (61)" classname="spec_perl_TestDefaultEndianExprInherited_t" time="0.000108957290649414" />
    <testcase name="Equals (62)" classname="spec_perl_TestDefaultEndianExprInherited_t" time="8.79764556884766e-05" />
    <testcase name="Equals (63)" classname="spec_perl_TestDefaultEndianExprInherited_t" time="7.20024108886719e-05" />
    <testcase name="Equals (64)" classname="spec_perl_TestDefaultEndianExprInherited_t" time="7.70092010498047e-05" />
    <testcase name="Equals (65)" classname="spec_perl_TestDefaultEndianExprInherited_t" time="7.41481781005859e-05" />
    <testcase name="Equals (66)" classname="spec_perl_TestDefaultEndianExprInherited_t" time="7.20024108886719e-05" />
    <testcase name="Equals (67)" classname="spec_perl_TestDefaultEndianExprInherited_t" time="9.29832458496094e-05" />
  </testsuite>
  <testsuite name="spec_perl_TestUserType_t" errors="0" failures="0" skipped="0" tests="2" time="0.0296051502227783">
    <system-out>1..2
ok 1 - Equals
ok 2 - Equals
</system-out>
    <testcase name="Equals (68)" classname="spec_perl_TestUserType_t" time="0.00113201141357422" />
    <testcase name="Equals (69)" classname="spec_perl_TestUserType_t" time="6.103515625e-05" />
  </testsuite>
  <testsuite name="spec_perl_TestImportsAbsRel_t" errors="0" failures="0" skipped="0" tests="3" time="0.0324637889862061">
    <system-out>1..3
ok 1 - Equals
ok 2 - Equals
ok 3 - Equals
</system-out>
    <testcase name="Equals (70)" classname="spec_perl_TestImportsAbsRel_t" time="0.00147604942321777" />
    <testcase name="Equals (71)" classname="spec_perl_TestImportsAbsRel_t" time="8.48770141601562e-05" />
    <testcase name="Equals (72)" classname="spec_perl_TestImportsAbsRel_t" time="4.41074371337891e-05" />
  </testsuite>
  <testsuite name="spec_perl_TestDebugSwitchUser_t" errors="1" failures="0" skipped="0" tests="0" time="0.0259900093078613">
    <system-out></system-out>
    <testcase name="Test died too soon, even before plan. (72)" classname="spec_perl_TestDebugSwitchUser_t" time="0.0259900093078613">
      <failure message="The test suite died before a plan was produced. You need to have a plan." type="Plan">No plan</failure>
    </testcase>
  </testsuite>
  <testsuite name="spec_perl_TestParamsPassArrayUsertype_t" errors="0" failures="1" skipped="4" tests="5" time="0.0329849720001221">
    <system-out>1..5
not ok 1 - test_params_pass_array_usertype died (Can't use an undefined value as an ARRAY reference at compiled/perl/ParamsPassArrayUsertype.pm line 123.)
ok 2 # skip test_params_pass_array_usertype died
ok 3 # skip test_params_pass_array_usertype died
ok 4 # skip test_params_pass_array_usertype died
ok 5 # skip test_params_pass_array_usertype died
</system-out>
    <testcase name="test_params_pass_array_usertype died (Can't use an undefined value as an ARRAY reference at compiled/perl/ParamsPassArrayUsertype.pm line 123.) (72)" classname="spec_perl_TestParamsPassArrayUsertype_t" time="0.00130105018615723">
      <failure message="not ok 1 - test_params_pass_array_usertype died (Can't use an undefined value as an ARRAY reference at compiled/perl/ParamsPassArrayUsertype.pm line 123.)" type="TAP::Parser::Result::Test"></failure>
    </testcase>
    <testcase name="Unnamed test case 72" classname="spec_perl_TestParamsPassArrayUsertype_t" time="9.10758972167969e-05">
      <skipped message="ok 2 # skip test_params_pass_array_usertype died" />
    </testcase>
    <testcase name="Unnamed test case 73" classname="spec_perl_TestParamsPassArrayUsertype_t" time="4.79221343994141e-05">
      <skipped message="ok 3 # skip test_params_pass_array_usertype died" />
    </testcase>
    <testcase name="Unnamed test case 74" classname="spec_perl_TestParamsPassArrayUsertype_t" time="4.10079956054688e-05">
      <skipped message="ok 4 # skip test_params_pass_array_usertype died" />
    </testcase>
    <testcase name="Unnamed test case 75" classname="spec_perl_TestParamsPassArrayUsertype_t" time="3.91006469726562e-05">
      <skipped message="ok 5 # skip test_params_pass_array_usertype died" />
    </testcase>
  </testsuite>
  <testsuite name="spec_perl_TestZlibSurrounded_t" errors="0" failures="0" skipped="0" tests="1" time="0.061223030090332">
    <system-out>1..1
ok 1 - Equals
</system-out>
    <testcase name="Equals (75)" classname="spec_perl_TestZlibSurrounded_t" time="0.0014650821685791" />
  </testsuite>
  <testsuite name="spec_perl_TestProcessToUser_t" errors="0" failures="0" skipped="0" tests="1" time="0.0343620777130127">
    <system-out>1..1
ok 1 - Equals
</system-out>
    <testcase name="Equals (76)" classname="spec_perl_TestProcessToUser_t" time="0.00144600868225098" />
  </testsuite>
  <testsuite name="spec_perl_TestInstanceStdArray_t" errors="0" failures="0" skipped="0" tests="7" time="0.0373389720916748">
    <system-out>1..7
ok 1 - Equals
ok 2 - Equals
ok 3 - Equals
ok 4 - Equals
ok 5 - Equals
ok 6 - Equals
ok 7 - Equals
</system-out>
    <testcase name="Equals (77)" classname="spec_perl_TestInstanceStdArray_t" time="0.00144600868225098" />
    <testcase name="Equals (78)" classname="spec_perl_TestInstanceStdArray_t" time="9.41753387451172e-05" />
    <testcase name="Equals (79)" classname="spec_perl_TestInstanceStdArray_t" time="7.67707824707031e-05" />
    <testcase name="Equals (80)" classname="spec_perl_TestInstanceStdArray_t" time="5.22136688232422e-05" />
    <testcase name="Equals (81)" classname="spec_perl_TestInstanceStdArray_t" time="9.67979431152344e-05" />
    <testcase name="Equals (82)" classname="spec_perl_TestInstanceStdArray_t" time="0.000119209289550781" />
    <testcase name="Equals (83)" classname="spec_perl_TestInstanceStdArray_t" time="6.69956207275391e-05" />
  </testsuite>
  <testsuite name="spec_perl_TestNavParent_t" errors="0" failures="0" skipped="0" tests="5" time="0.035085916519165">
    <system-out>1..5
ok 1 - Equals
ok 2 - Equals
ok 3 - Equals
ok 4 - Equals
ok 5 - Equals
</system-out>
    <testcase name="Equals (84)" classname="spec_perl_TestNavParent_t" time="0.00201511383056641" />
    <testcase name="Equals (85)" classname="spec_perl_TestNavParent_t" time="6.79492950439453e-05" />
    <testcase name="Equals (86)" classname="spec_perl_TestNavParent_t" time="8.60691070556641e-05" />
    <testcase name="Equals (87)" classname="spec_perl_TestNavParent_t" time="4.88758087158203e-05" />
    <testcase name="Equals (88)" classname="spec_perl_TestNavParent_t" time="0.000128984451293945" />
  </testsuite>
  <testsuite name="spec_perl_TestNestedTypes2_t" errors="0" failures="0" skipped="0" tests="7" time="0.0315320491790771">
    <system-out>1..7
ok 1 - Equals
ok 2 - Equals
ok 3 - Equals
ok 4 - Equals
ok 5 - Equals
ok 6 - Equals
ok 7 - Equals
</system-out>
    <testcase name="Equals (89)" classname="spec_perl_TestNestedTypes2_t" time="0.00115203857421875" />
    <testcase name="Equals (90)" classname="spec_perl_TestNestedTypes2_t" time="6.41345977783203e-05" />
    <testcase name="Equals (91)" classname="spec_perl_TestNestedTypes2_t" time="6.89029693603516e-05" />
    <testcase name="Equals (92)" classname="spec_perl_TestNestedTypes2_t" time="7.70092010498047e-05" />
    <testcase name="Equals (93)" classname="spec_perl_TestNestedTypes2_t" time="6.19888305664062e-05" />
    <testcase name="Equals (94)" classname="spec_perl_TestNestedTypes2_t" time="7.89165496826172e-05" />
    <testcase name="Equals (95)" classname="spec_perl_TestNestedTypes2_t" time="7.70092010498047e-05" />
  </testsuite>
  <testsuite name="spec_perl_TestCombineEnum_t" errors="0" failures="0" skipped="0" tests="3" time="0.0284738540649414">
    <system-out>1..3
ok 1 - Equals
ok 2 - Equals
ok 3 - Equals
</system-out>
    <testcase name="Equals (96)" classname="spec_perl_TestCombineEnum_t" time="0.000885009765625" />
    <testcase name="Equals (97)" classname="spec_perl_TestCombineEnum_t" time="6.29425048828125e-05" />
    <testcase name="Equals (98)" classname="spec_perl_TestCombineEnum_t" time="4.91142272949219e-05" />
  </testsuite>
  <testsuite name="spec_perl_TestRepeatUntilComplex_t" errors="0" failures="0" skipped="0" tests="15" time="0.0302128791809082">
    <system-out>1..15
ok 1 - Equals
ok 2 - Equals
ok 3 - Equals
ok 4 - Equals
ok 5 - Equals
ok 6 - Equals
ok 7 - Equals
ok 8 - Equals
ok 9 - Equals
ok 10 - Equals
ok 11 - Equals
ok 12 - Equals
ok 13 - Equals
ok 14 - Equals
ok 15 - Equals
</system-out>
    <testcase name="Equals (99)" classname="spec_perl_TestRepeatUntilComplex_t" time="0.00154399871826172" />
    <testcase name="Equals (100)" classname="spec_perl_TestRepeatUntilComplex_t" time="8.32080841064453e-05" />
    <testcase name="Equals (101)" classname="spec_perl_TestRepeatUntilComplex_t" time="4.98294830322266e-05" />
    <testcase name="Equals (102)" classname="spec_perl_TestRepeatUntilComplex_t" time="8.60691070556641e-05" />
    <testcase name="Equals (103)" classname="spec_perl_TestRepeatUntilComplex_t" time="7.89165496826172e-05" />
    <testcase name="Equals (104)" classname="spec_perl_TestRepeatUntilComplex_t" time="7.41481781005859e-05" />
    <testcase name="Equals (105)" classname="spec_perl_TestRepeatUntilComplex_t" time="7.58171081542969e-05" />
    <testcase name="Equals (106)" classname="spec_perl_TestRepeatUntilComplex_t" time="7.00950622558594e-05" />
    <testcase name="Equals (107)" classname="spec_perl_TestRepeatUntilComplex_t" time="8.51154327392578e-05" />
    <testcase name="Equals (108)" classname="spec_perl_TestRepeatUntilComplex_t" time="7.08103179931641e-05" />
    <testcase name="Equals (109)" classname="spec_perl_TestRepeatUntilComplex_t" time="9.41753387451172e-05" />
    <testcase name="Equals (110)" classname="spec_perl_TestRepeatUntilComplex_t" time="6.79492950439453e-05" />
    <testcase name="Equals (111)" classname="spec_perl_TestRepeatUntilComplex_t" time="8.98838043212891e-05" />
    <testcase name="Equals (112)" classname="spec_perl_TestRepeatUntilComplex_t" time="7.20024108886719e-05" />
    <testcase name="Equals (113)" classname="spec_perl_TestRepeatUntilComplex_t" time="9.01222229003906e-05" />
  </testsuite>
  <testsuite name="spec_perl_TestEnumLongRangeS_t" errors="0" failures="0" skipped="0" tests="7" time="0.0311100482940674">
    <system-out>1..7
ok 1 - Equals
ok 2 - Equals
ok 3 - Equals
ok 4 - Equals
ok 5 - Equals
ok 6 - Equals
ok 7 - Equals
</system-out>
    <testcase name="Equals (114)" classname="spec_perl_TestEnumLongRangeS_t" time="0.00115084648132324" />
    <testcase name="Equals (115)" classname="spec_perl_TestEnumLongRangeS_t" time="6.19888305664062e-05" />
    <testcase name="Equals (116)" classname="spec_perl_TestEnumLongRangeS_t" time="3.71932983398438e-05" />
    <testcase name="Equals (117)" classname="spec_perl_TestEnumLongRangeS_t" time="6.38961791992188e-05" />
    <testcase name="Equals (118)" classname="spec_perl_TestEnumLongRangeS_t" time="4.91142272949219e-05" />
    <testcase name="Equals (119)" classname="spec_perl_TestEnumLongRangeS_t" time="8.17775726318359e-05" />
    <testcase name="Equals (120)" classname="spec_perl_TestEnumLongRangeS_t" time="9.32216644287109e-05" />
  </testsuite>
  <testsuite name="spec_perl_TestProcessRepeatBytes_t" errors="0" failures="0" skipped="0" tests="2" time="0.0328679084777832">
    <system-out>1..2
ok 1 - Equals
ok 2 - Equals
</system-out>
    <testcase name="Equals (121)" classname="spec_perl_TestProcessRepeatBytes_t" time="0.0016179084777832" />
    <testcase name="Equals (122)" classname="spec_perl_TestProcessRepeatBytes_t" time="6.69956207275391e-05" />
  </testsuite>
  <testsuite name="spec_perl_TestExprIoPos_t" errors="0" failures="0" skipped="0" tests="6" time="0.0336289405822754">
    <system-out>1..6
ok 1 - Equals
ok 2 - Equals
ok 3 - Equals
ok 4 - Equals
ok 5 - Equals
ok 6 - Equals
</system-out>
    <testcase name="Equals (123)" classname="spec_perl_TestExprIoPos_t" time="0.00145697593688965" />
    <testcase name="Equals (124)" classname="spec_perl_TestExprIoPos_t" time="6.29425048828125e-05" />
    <testcase name="Equals (125)" classname="spec_perl_TestExprIoPos_t" time="3.69548797607422e-05" />
    <testcase name="Equals (126)" classname="spec_perl_TestExprIoPos_t" time="4.69684600830078e-05" />
    <testcase name="Equals (127)" classname="spec_perl_TestExprIoPos_t" time="4.60147857666016e-05" />
    <testcase name="Equals (128)" classname="spec_perl_TestExprIoPos_t" time="9.01222229003906e-05" />
  </testsuite>
  <testsuite name="spec_perl_TestValidLong_t" errors="0" failures="0" skipped="1" tests="1" time="0.0350990295410156">
    <system-out>1..1
ok 1 # skip ValidLong=HASH(0x56409a022ec0)
</system-out>
    <testcase name="Unnamed test case 128" classname="spec_perl_TestValidLong_t" time="0.00236201286315918">
      <skipped message="ok 1 # skip ValidLong=HASH(0x56409a022ec0)" />
    </testcase>
  </testsuite>
  <testsuite name="spec_perl_TestParamsCallShort_t" errors="0" failures="3" skipped="0" tests="3" time="0.0370779037475586">
    <system-out>1..3
not ok 1 - Equals
not ok 2 - Equals
not ok 3 - Equals
</system-out>
    <testcase name="Equals (129)" classname="spec_perl_TestParamsCallShort_t" time="0.00166702270507812">
      <failure message="not ok 1 - Equals" type="TAP::Parser::Result::Test"></failure>
    </testcase>
    <testcase name="Equals (130)" classname="spec_perl_TestParamsCallShort_t" time="0.000931978225708008">
      <failure message="not ok 2 - Equals" type="TAP::Parser::Result::Test"></failure>
    </testcase>
    <testcase name="Equals (131)" classname="spec_perl_TestParamsCallShort_t" time="8.60691070556641e-05">
      <failure message="not ok 3 - Equals" type="TAP::Parser::Result::Test"></failure>
    </testcase>
  </testsuite>
  <testsuite name="spec_perl_TestSwitchManualIntSizeEos_t" errors="0" failures="0" skipped="0" tests="10" time="0.037520170211792">
    <system-out>1..10
ok 1 - Equals
ok 2 - Equals
ok 3 - Equals
ok 4 - Equals
ok 5 - Equals
ok 6 - Equals
ok 7 - Equals
ok 8 - Equals
ok 9 - Equals
ok 10 - Equals
</system-out>
    <testcase name="Equals (132)" classname="spec_perl_TestSwitchManualIntSizeEos_t" time="0.00205206871032715" />
    <testcase name="Equals (133)" classname="spec_perl_TestSwitchManualIntSizeEos_t" time="6.60419464111328e-05" />
    <testcase name="Equals (134)" classname="spec_perl_TestSwitchManualIntSizeEos_t" time="3.79085540771484e-05" />
    <testcase name="Equals (135)" classname="spec_perl_TestSwitchManualIntSizeEos_t" time="4.88758087158203e-05" />
    <testcase name="Equals (136)" classname="spec_perl_TestSwitchManualIntSizeEos_t" time="5.10215759277344e-05" />
    <testcase name="Equals (137)" classname="spec_perl_TestSwitchManualIntSizeEos_t" time="9.41753387451172e-05" />
    <testcase name="Equals (138)" classname="spec_perl_TestSwitchManualIntSizeEos_t" time="6.98566436767578e-05" />
    <testcase name="Equals (139)" classname="spec_perl_TestSwitchManualIntSizeEos_t" time="7.79628753662109e-05" />
    <testcase name="Equals (140)" classname="spec_perl_TestSwitchManualIntSizeEos_t" time="0.000193119049072266" />
    <testcase name="Equals (141)" classname="spec_perl_TestSwitchManualIntSizeEos_t" time="7.39097595214844e-05" />
  </testsuite>
  <testsuite name="spec_perl_TestValidSwitch_t" errors="0" failures="0" skipped="1" tests="1" time="0.0332589149475098">
    <system-out>1..1
ok 1 # skip ValidSwitch=HASH(0x55e16566c8c0)
</system-out>
    <testcase name="Unnamed test case 141" classname="spec_perl_TestValidSwitch_t" time="0.00165700912475586">
      <skipped message="ok 1 # skip ValidSwitch=HASH(0x55e16566c8c0)" />
    </testcase>
  </testsuite>
  <testsuite name="spec_perl_TestTermStrz_t" errors="0" failures="0" skipped="0" tests="3" time="0.0366480350494385">
    <system-out>1..3
ok 1 - Equals
ok 2 - Equals
ok 3 - Equals
</system-out>
    <testcase name="Equals (142)" classname="spec_perl_TestTermStrz_t" time="0.00125408172607422" />
    <testcase name="Equals (143)" classname="spec_perl_TestTermStrz_t" time="6.4849853515625e-05" />
    <testcase name="Equals (144)" classname="spec_perl_TestTermStrz_t" time="3.60012054443359e-05" />
  </testsuite>
  <testsuite name="spec_perl_TestEofExceptionU4_t" errors="0" failures="0" skipped="0" tests="1" time="0.0365159511566162">
    <system-out>1..1
ok 1 - threw /^Requested \d+ bytes, but only \d+ bytes available/
</system-out>
    <testcase name="threw /^Requested \d+ bytes, but only \d+ bytes available/ (144)" classname="spec_perl_TestEofExceptionU4_t" time="0.00138282775878906" />
  </testsuite>
  <testsuite name="spec_perl_TestEnumLongRangeU_t" errors="0" failures="0" skipped="0" tests="4" time="0.0325579643249512">
    <system-out>1..4
ok 1 - Equals
ok 2 - Equals
ok 3 - Equals
ok 4 - Equals
</system-out>
    <testcase name="Equals (145)" classname="spec_perl_TestEnumLongRangeU_t" time="0.00115203857421875" />
    <testcase name="Equals (146)" classname="spec_perl_TestEnumLongRangeU_t" time="8.392333984375e-05" />
    <testcase name="Equals (147)" classname="spec_perl_TestEnumLongRangeU_t" time="3.69548797607422e-05" />
    <testcase name="Equals (148)" classname="spec_perl_TestEnumLongRangeU_t" time="4.91142272949219e-05" />
  </testsuite>
  <testsuite name="spec_perl_TestExprStrOps_t" errors="0" failures="0" skipped="0" tests="17" time="0.0380561351776123">
    <system-out>1..17
ok 1 - Equals
ok 2 - Equals
ok 3 - Equals
ok 4 - Equals
ok 5 - Equals
ok 6 - Equals
ok 7 - Equals
ok 8 - Equals
ok 9 - Equals
ok 10 - Equals
ok 11 - Equals
ok 12 - Equals
ok 13 - Equals
ok 14 - Equals
ok 15 - Equals
ok 16 - Equals
ok 17 - Equals
</system-out>
    <testcase name="Equals (149)" classname="spec_perl_TestExprStrOps_t" time="0.00146889686584473" />
    <testcase name="Equals (150)" classname="spec_perl_TestExprStrOps_t" time="0.000121116638183594" />
    <testcase name="Equals (151)" classname="spec_perl_TestExprStrOps_t" time="4.50611114501953e-05" />
    <testcase name="Equals (152)" classname="spec_perl_TestExprStrOps_t" time="5.29289245605469e-05" />
    <testcase name="Equals (153)" classname="spec_perl_TestExprStrOps_t" time="3.50475311279297e-05" />
    <testcase name="Equals (154)" classname="spec_perl_TestExprStrOps_t" time="5.48362731933594e-05" />
    <testcase name="Equals (155)" classname="spec_perl_TestExprStrOps_t" time="5.00679016113281e-05" />
    <testcase name="Equals (156)" classname="spec_perl_TestExprStrOps_t" time="8.60691070556641e-05" />
    <testcase name="Equals (157)" classname="spec_perl_TestExprStrOps_t" time="8.29696655273438e-05" />
    <testcase name="Equals (158)" classname="spec_perl_TestExprStrOps_t" time="8.29696655273438e-05" />
    <testcase name="Equals (159)" classname="spec_perl_TestExprStrOps_t" time="8.10623168945312e-05" />
    <testcase name="Equals (160)" classname="spec_perl_TestExprStrOps_t" time="0.00010991096496582" />
    <testcase name="Equals (161)" classname="spec_perl_TestExprStrOps_t" time="0.000143051147460938" />
    <testcase name="Equals (162)" classname="spec_perl_TestExprStrOps_t" time="0.000166893005371094" />
    <testcase name="Equals (163)" classname="spec_perl_TestExprStrOps_t" time="6.69956207275391e-05" />
    <testcase name="Equals (164)" classname="spec_perl_TestExprStrOps_t" time="5.31673431396484e-05" />
    <testcase name="Equals (165)" classname="spec_perl_TestExprStrOps_t" time="4.88758087158203e-05" />
  </testsuite>
  <testsuite name="spec_perl_TestBytesPadTerm_t" errors="0" failures="0" skipped="0" tests="4" time="0.0306110382080078">
    <system-out>1..4
ok 1 - Equals
ok 2 - Equals
ok 3 - Equals
ok 4 - Equals
</system-out>
    <testcase name="Equals (166)" classname="spec_perl_TestBytesPadTerm_t" time="0.00117611885070801" />
    <testcase name="Equals (167)" classname="spec_perl_TestBytesPadTerm_t" time="6.07967376708984e-05" />
    <testcase name="Equals (168)" classname="spec_perl_TestBytesPadTerm_t" time="5.00679016113281e-05" />
    <testcase name="Equals (169)" classname="spec_perl_TestBytesPadTerm_t" time="4.60147857666016e-05" />
  </testsuite>
  <testsuite name="spec_perl_TestSwitchManualEnumInvalid_t" errors="0" failures="0" skipped="0" tests="5" time="0.034102201461792">
    <system-out>1..5
ok 1 - Equals
ok 2 - Equals
ok 3 - nil
ok 4 - Equals
ok 5 - nil
</system-out>
    <testcase name="Equals (170)" classname="spec_perl_TestSwitchManualEnumInvalid_t" time="0.00129294395446777" />
    <testcase name="Equals (171)" classname="spec_perl_TestSwitchManualEnumInvalid_t" time="0.000179052352905273" />
    <testcase name="nil (171)" classname="spec_perl_TestSwitchManualEnumInvalid_t" time="7.20024108886719e-05" />
    <testcase name="Equals (172)" classname="spec_perl_TestSwitchManualEnumInvalid_t" time="0.000125885009765625" />
    <testcase name="nil (172)" classname="spec_perl_TestSwitchManualEnumInvalid_t" time="4.81605529785156e-05" />
  </testsuite>
  <testsuite name="spec_perl_TestParamsCallExtraParens_t" errors="0" failures="1" skipped="0" tests="1" time="0.0393900871276855">
    <system-out>1..1
not ok 1 - Equals
</system-out>
    <testcase name="Equals (173)" classname="spec_perl_TestParamsCallExtraParens_t" time="0.00164508819580078">
      <failure message="not ok 1 - Equals" type="TAP::Parser::Result::Test"></failure>
    </testcase>
  </testsuite>
  <testsuite name="spec_perl_TestBitsSimple_t" errors="0" failures="0" skipped="0" tests="14" time="0.0301949977874756">
    <system-out>1..14
ok 1 - Equals
ok 2 - Equals
ok 3 - Equals
ok 4 - Equals
ok 5 - Equals
ok 6 - Equals
ok 7 - Equals
ok 8 - Equals
ok 9 - Equals
ok 10 - Equals
ok 11 - Equals
ok 12 - Equals
ok 13 - Equals
ok 14 - Equals
</system-out>
    <testcase name="Equals (174)" classname="spec_perl_TestBitsSimple_t" time="0.000848054885864258" />
    <testcase name="Equals (175)" classname="spec_perl_TestBitsSimple_t" time="6.60419464111328e-05" />
    <testcase name="Equals (176)" classname="spec_perl_TestBitsSimple_t" time="7.98702239990234e-05" />
    <testcase name="Equals (177)" classname="spec_perl_TestBitsSimple_t" time="8.0108642578125e-05" />
    <testcase name="Equals (178)" classname="spec_perl_TestBitsSimple_t" time="8.58306884765625e-05" />
    <testcase name="Equals (179)" classname="spec_perl_TestBitsSimple_t" time="6.81877136230469e-05" />
    <testcase name="Equals (180)" classname="spec_perl_TestBitsSimple_t" time="9.58442687988281e-05" />
    <testcase name="Equals (181)" classname="spec_perl_TestBitsSimple_t" time="8.20159912109375e-05" />
    <testcase name="Equals (182)" classname="spec_perl_TestBitsSimple_t" time="4.69684600830078e-05" />
    <testcase name="Equals (183)" classname="spec_perl_TestBitsSimple_t" time="7.10487365722656e-05" />
    <testcase name="Equals (184)" classname="spec_perl_TestBitsSimple_t" time="6.91413879394531e-05" />
    <testcase name="Equals (185)" classname="spec_perl_TestBitsSimple_t" time="6.98566436767578e-05" />
    <testcase name="Equals (186)" classname="spec_perl_TestBitsSimple_t" time="7.00950622558594e-05" />
    <testcase name="Equals (187)" classname="spec_perl_TestBitsSimple_t" time="0.000129938125610352" />
  </testsuite>
  <testsuite name="spec_perl_TestEofExceptionBytes_t" errors="0" failures="0" skipped="0" tests="1" time="0.0348119735717773">
    <system-out>1..1
ok 1 - threw /^Requested \d+ bytes, but only \d+ bytes available/
</system-out>
    <testcase name="threw /^Requested \d+ bytes, but only \d+ bytes available/ (187)" classname="spec_perl_TestEofExceptionBytes_t" time="0.0012819766998291" />
  </testsuite>
  <testsuite name="spec_perl_TestIntegers_t" errors="0" failures="0" skipped="0" tests="20" time="0.0375778675079346">
    <system-out>1..20
ok 1 - Equals
ok 2 - Equals
ok 3 - Equals
ok 4 - Equals
ok 5 - Equals
ok 6 - Equals
ok 7 - Equals
ok 8 - Equals
ok 9 - Equals
ok 10 - Equals
ok 11 - Equals
ok 12 - Equals
ok 13 - Equals
ok 14 - Equals
ok 15 - Equals
ok 16 - Equals
ok 17 - Equals
ok 18 - Equals
ok 19 - Equals
ok 20 - Equals
</system-out>
    <testcase name="Equals (188)" classname="spec_perl_TestIntegers_t" time="0.0012509822845459" />
    <testcase name="Equals (189)" classname="spec_perl_TestIntegers_t" time="6.60419464111328e-05" />
    <testcase name="Equals (190)" classname="spec_perl_TestIntegers_t" time="4.10079956054688e-05" />
    <testcase name="Equals (191)" classname="spec_perl_TestIntegers_t" time="4.88758087158203e-05" />
    <testcase name="Equals (192)" classname="spec_perl_TestIntegers_t" time="5.41210174560547e-05" />
    <testcase name="Equals (193)" classname="spec_perl_TestIntegers_t" time="4.69684600830078e-05" />
    <testcase name="Equals (194)" classname="spec_perl_TestIntegers_t" time="4.50611114501953e-05" />
    <testcase name="Equals (195)" classname="spec_perl_TestIntegers_t" time="7.98702239990234e-05" />
    <testcase name="Equals (196)" classname="spec_perl_TestIntegers_t" time="5.79357147216797e-05" />
    <testcase name="Equals (197)" classname="spec_perl_TestIntegers_t" time="7.20024108886719e-05" />
    <testcase name="Equals (198)" classname="spec_perl_TestIntegers_t" time="7.60555267333984e-05" />
    <testcase name="Equals (199)" classname="spec_perl_TestIntegers_t" time="5.29289245605469e-05" />
    <testcase name="Equals (200)" classname="spec_perl_TestIntegers_t" time="7.70092010498047e-05" />
    <testcase name="Equals (201)" classname="spec_perl_TestIntegers_t" time="6.41345977783203e-05" />
    <testcase name="Equals (202)" classname="spec_perl_TestIntegers_t" time="7.10487365722656e-05" />
    <testcase name="Equals (203)" classname="spec_perl_TestIntegers_t" time="6.89029693603516e-05" />
    <testcase name="Equals (204)" classname="spec_perl_TestIntegers_t" time="5.19752502441406e-05" />
    <testcase name="Equals (205)" classname="spec_perl_TestIntegers_t" time="7.29560852050781e-05" />
    <testcase name="Equals (206)" classname="spec_perl_TestIntegers_t" time="9.20295715332031e-05" />
    <testcase name="Equals (207)" classname="spec_perl_TestIntegers_t" time="6.60419464111328e-05" />
  </testsuite>
  <testsuite name="spec_perl_TestJsSignedRightShift_t" errors="0" failures="0" skipped="0" tests="2" time="0.0370612144470215">
    <system-out>1..2
ok 1 - Equals
ok 2 - Equals
</system-out>
    <testcase name="Equals (208)" classname="spec_perl_TestJsSignedRightShift_t" time="0.00178098678588867" />
    <testcase name="Equals (209)" classname="spec_perl_TestJsSignedRightShift_t" time="0.000131130218505859" />
  </testsuite>
  <testsuite name="spec_perl_TestNavRoot_t" errors="0" failures="0" skipped="0" tests="5" time="0.0351119041442871">
    <system-out>1..5
ok 1 - Equals
ok 2 - Equals
ok 3 - Equals
ok 4 - Equals
ok 5 - Equals
</system-out>
    <testcase name="Equals (210)" classname="spec_perl_TestNavRoot_t" time="0.00134801864624023" />
    <testcase name="Equals (211)" classname="spec_perl_TestNavRoot_t" time="6.58035278320312e-05" />
    <testcase name="Equals (212)" classname="spec_perl_TestNavRoot_t" time="3.814697265625e-05" />
    <testcase name="Equals (213)" classname="spec_perl_TestNavRoot_t" time="4.79221343994141e-05" />
    <testcase name="Equals (214)" classname="spec_perl_TestNavRoot_t" time="4.69684600830078e-05" />
  </testsuite>
  <testsuite name="spec_perl_TestExpr0_t" errors="0" failures="0" skipped="0" tests="2" time="0.0328469276428223">
    <system-out>1..2
ok 1 - Equals
ok 2 - Equals
</system-out>
    <testcase name="Equals (215)" classname="spec_perl_TestExpr0_t" time="0.00117611885070801" />
    <testcase name="Equals (216)" classname="spec_perl_TestExpr0_t" time="6.103515625e-05" />
  </testsuite>
  <testsuite name="spec_perl_TestExprEnum_t" errors="0" failures="0" skipped="0" tests="3" time="0.0308640003204346">
    <system-out>1..3
ok 1 - Equals
ok 2 - Equals
ok 3 - Equals
</system-out>
    <testcase name="Equals (217)" classname="spec_perl_TestExprEnum_t" time="0.00124311447143555" />
    <testcase name="Equals (218)" classname="spec_perl_TestExprEnum_t" time="0.000523805618286133" />
    <testcase name="Equals (219)" classname="spec_perl_TestExprEnum_t" time="0.000131130218505859" />
  </testsuite>
  <testsuite name="spec_perl_TestBitsShiftByB64Le_t" errors="0" failures="0" skipped="0" tests="2" time="0.0353491306304932">
    <system-out>1..2
ok 1 - Equals
ok 2 - Equals
</system-out>
    <testcase name="Equals (220)" classname="spec_perl_TestBitsShiftByB64Le_t" time="0.00142502784729004" />
    <testcase name="Equals (221)" classname="spec_perl_TestBitsShiftByB64Le_t" time="8.51154327392578e-05" />
  </testsuite>
  <testsuite name="spec_perl_TestStrLiterals_t" errors="0" failures="0" skipped="0" tests="5" time="0.0308530330657959">
    <system-out>1..5
ok 1 - Equals
ok 2 - Equals
ok 3 - Equals
ok 4 - Equals
ok 5 - Equals
</system-out>
    <testcase name="Equals (222)" classname="spec_perl_TestStrLiterals_t" time="0.00137686729431152" />
    <testcase name="Equals (223)" classname="spec_perl_TestStrLiterals_t" time="8.41617584228516e-05" />
    <testcase name="Equals (224)" classname="spec_perl_TestStrLiterals_t" time="5.10215759277344e-05" />
    <testcase name="Equals (225)" classname="spec_perl_TestStrLiterals_t" time="4.79221343994141e-05" />
    <testcase name="Equals (226)" classname="spec_perl_TestStrLiterals_t" time="6.60419464111328e-05" />
  </testsuite>
  <testsuite name="spec_perl_TestProcessXorValue_t" errors="0" failures="0" skipped="0" tests="2" time="0.0343217849731445">
    <system-out>1..2
ok 1 - Equals
ok 2 - Equals
</system-out>
    <testcase name="Equals (227)" classname="spec_perl_TestProcessXorValue_t" time="0.00156879425048828" />
    <testcase name="Equals (228)" classname="spec_perl_TestProcessXorValue_t" time="8.20159912109375e-05" />
  </testsuite>
  <testsuite name="spec_perl_TestDefaultEndianExprIsLe_t" errors="0" failures="0" skipped="0" tests="12" time="0.0297610759735107">
    <system-out>1..12
ok 1 - Equals
ok 2 - Equals
ok 3 - Equals
ok 4 - Equals
ok 5 - Equals
ok 6 - Equals
ok 7 - Equals
ok 8 - Equals
ok 9 - Equals
ok 10 - Equals
ok 11 - Equals
ok 12 - Equals
</system-out>
    <testcase name="Equals (229)" classname="spec_perl_TestDefaultEndianExprIsLe_t" time="0.0011439323425293" />
    <testcase name="Equals (230)" classname="spec_perl_TestDefaultEndianExprIsLe_t" time="6.31809234619141e-05" />
    <testcase name="Equals (231)" classname="spec_perl_TestDefaultEndianExprIsLe_t" time="5.10215759277344e-05" />
    <testcase name="Equals (232)" classname="spec_perl_TestDefaultEndianExprIsLe_t" time="5.38825988769531e-05" />
    <testcase name="Equals (233)" classname="spec_perl_TestDefaultEndianExprIsLe_t" time="4.69684600830078e-05" />
    <testcase name="Equals (234)" classname="spec_perl_TestDefaultEndianExprIsLe_t" time="4.41074371337891e-05" />
    <testcase name="Equals (235)" classname="spec_perl_TestDefaultEndianExprIsLe_t" time="8.392333984375e-05" />
    <testcase name="Equals (236)" classname="spec_perl_TestDefaultEndianExprIsLe_t" time="7.39097595214844e-05" />
    <testcase name="Equals (237)" classname="spec_perl_TestDefaultEndianExprIsLe_t" time="6.31809234619141e-05" />
    <testcase name="Equals (238)" classname="spec_perl_TestDefaultEndianExprIsLe_t" time="7.10487365722656e-05" />
    <testcase name="Equals (239)" classname="spec_perl_TestDefaultEndianExprIsLe_t" time="7.20024108886719e-05" />
    <testcase name="Equals (240)" classname="spec_perl_TestDefaultEndianExprIsLe_t" time="6.98566436767578e-05" />
  </testsuite>
  <testsuite name="spec_perl_TestSwitchRepeatExpr_t" errors="0" failures="0" skipped="0" tests="3" time="0.034621000289917">
    <system-out>1..3
ok 1 - Equals
ok 2 - Equals
ok 3 - Equals
</system-out>
    <testcase name="Equals (241)" classname="spec_perl_TestSwitchRepeatExpr_t" time="0.0015869140625" />
    <testcase name="Equals (242)" classname="spec_perl_TestSwitchRepeatExpr_t" time="6.29425048828125e-05" />
    <testcase name="Equals (243)" classname="spec_perl_TestSwitchRepeatExpr_t" time="5.00679016113281e-05" />
  </testsuite>
  <testsuite name="spec_perl_TestMetaTags_t" errors="0" failures="0" skipped="1" tests="1" time="0.036323070526123">
    <system-out>1..1
ok 1 # skip MetaTags=HASH(0x564e8efe2140)
</system-out>
    <testcase name="Unnamed test case 243" classname="spec_perl_TestMetaTags_t" time="0.00194692611694336">
      <skipped message="ok 1 # skip MetaTags=HASH(0x564e8efe2140)" />
    </testcase>
  </testsuite>
  <testsuite name="spec_perl_TestTermU1Val_t" errors="0" failures="0" skipped="0" tests="2" time="0.0351989269256592">
    <system-out>1..2
ok 1 - Equals
ok 2 - Equals
</system-out>
    <testcase name="Equals (244)" classname="spec_perl_TestTermU1Val_t" time="0.00158500671386719" />
    <testcase name="Equals (245)" classname="spec_perl_TestTermU1Val_t" time="7.98702239990234e-05" />
  </testsuite>
  <testsuite name="spec_perl_TestExpr3_t" errors="0" failures="0" skipped="0" tests="12" time="0.038754940032959">
    <system-out>1..12
ok 1 - Equals
ok 2 - Equals
ok 3 - Equals
ok 4 - Equals
ok 5 - Equals
ok 6 - Equals
ok 7 - Equals
ok 8 - Equals
ok 9 - Equals
ok 10 - Equals
ok 11 - Equals
ok 12 - Equals
</system-out>
    <testcase name="Equals (246)" classname="spec_perl_TestExpr3_t" time="0.0014350414276123" />
    <testcase name="Equals (247)" classname="spec_perl_TestExpr3_t" time="7.20024108886719e-05" />
    <testcase name="Equals (248)" classname="spec_perl_TestExpr3_t" time="5.69820404052734e-05" />
    <testcase name="Equals (249)" classname="spec_perl_TestExpr3_t" time="8.20159912109375e-05" />
    <testcase name="Equals (250)" classname="spec_perl_TestExpr3_t" time="7.39097595214844e-05" />
    <testcase name="Equals (251)" classname="spec_perl_TestExpr3_t" time="7.70092010498047e-05" />
    <testcase name="Equals (252)" classname="spec_perl_TestExpr3_t" time="8.10623168945312e-05" />
    <testcase name="Equals (253)" classname="spec_perl_TestExpr3_t" time="7.39097595214844e-05" />
    <testcase name="Equals (254)" classname="spec_perl_TestExpr3_t" time="7.41481781005859e-05" />
    <testcase name="Equals (255)" classname="spec_perl_TestExpr3_t" time="7.70092010498047e-05" />
    <testcase name="Equals (256)" classname="spec_perl_TestExpr3_t" time="7.98702239990234e-05" />
    <testcase name="Equals (257)" classname="spec_perl_TestExpr3_t" time="0.000100135803222656" />
  </testsuite>
  <testsuite name="spec_perl_TestSwitchIntegers_t" errors="0" failures="0" skipped="0" tests="9" time="0.0334160327911377">
    <system-out>1..9
ok 1 - Equals
ok 2 - Equals
ok 3 - Equals
ok 4 - Equals
ok 5 - Equals
ok 6 - Equals
ok 7 - Equals
ok 8 - Equals
ok 9 - Equals
</system-out>
    <testcase name="Equals (258)" classname="spec_perl_TestSwitchIntegers_t" time="0.00112485885620117" />
    <testcase name="Equals (259)" classname="spec_perl_TestSwitchIntegers_t" time="6.91413879394531e-05" />
    <testcase name="Equals (260)" classname="spec_perl_TestSwitchIntegers_t" time="3.88622283935547e-05" />
    <testcase name="Equals (261)" classname="spec_perl_TestSwitchIntegers_t" time="5.00679016113281e-05" />
    <testcase name="Equals (262)" classname="spec_perl_TestSwitchIntegers_t" time="4.69684600830078e-05" />
    <testcase name="Equals (263)" classname="spec_perl_TestSwitchIntegers_t" time="4.69684600830078e-05" />
    <testcase name="Equals (264)" classname="spec_perl_TestSwitchIntegers_t" time="9.10758972167969e-05" />
    <testcase name="Equals (265)" classname="spec_perl_TestSwitchIntegers_t" time="5.69820404052734e-05" />
    <testcase name="Equals (266)" classname="spec_perl_TestSwitchIntegers_t" time="5.10215759277344e-05" />
  </testsuite>
  <testsuite name="spec_perl_TestParamsPassArrayStruct_t" errors="0" failures="1" skipped="2" tests="3" time="0.035071849822998">
    <system-out>1..3
not ok 1 - test_params_pass_array_struct died (Can't use an undefined value as an ARRAY reference at spec/perl/TestParamsPassArrayStruct.t line 14.)
ok 2 # skip test_params_pass_array_struct died
ok 3 # skip test_params_pass_array_struct died
</system-out>
    <testcase name="test_params_pass_array_struct died (Can't use an undefined value as an ARRAY reference at spec/perl/TestParamsPassArrayStruct.t line 14.) (266)" classname="spec_perl_TestParamsPassArrayStruct_t" time="0.00126194953918457">
      <failure message="not ok 1 - test_params_pass_array_struct died (Can't use an undefined value as an ARRAY reference at spec/perl/TestParamsPassArrayStruct.t line 14.)" type="TAP::Parser::Result::Test"></failure>
    </testcase>
    <testcase name="Unnamed test case 266" classname="spec_perl_TestParamsPassArrayStruct_t" time="0.000156164169311523">
      <skipped message="ok 2 # skip test_params_pass_array_struct died" />
    </testcase>
    <testcase name="Unnamed test case 267" classname="spec_perl_TestParamsPassArrayStruct_t" time="5.88893890380859e-05">
      <skipped message="ok 3 # skip test_params_pass_array_struct died" />
    </testcase>
  </testsuite>
  <testsuite name="spec_perl_TestProcessRepeatUsertype_t" errors="0" failures="0" skipped="0" tests="4" time="0.0323290824890137">
    <system-out>1..4
ok 1 - Equals
ok 2 - Equals
ok 3 - Equals
ok 4 - Equals
</system-out>
    <testcase name="Equals (267)" classname="spec_perl_TestProcessRepeatUsertype_t" time="0.00184798240661621" />
    <testcase name="Equals (268)" classname="spec_perl_TestProcessRepeatUsertype_t" time="0.0001220703125" />
    <testcase name="Equals (269)" classname="spec_perl_TestProcessRepeatUsertype_t" time="0.000149965286254883" />
    <testcase name="Equals (270)" classname="spec_perl_TestProcessRepeatUsertype_t" time="0.000110864639282227" />
  </testsuite>
  <testsuite name="spec_perl_TestBitsSeqEndianCombo_t" errors="0" failures="0" skipped="0" tests="8" time="0.0357179641723633">
    <system-out>1..8
ok 1 - Equals
ok 2 - Equals
ok 3 - Equals
ok 4 - Equals
ok 5 - Equals
ok 6 - Equals
ok 7 - Equals
ok 8 - Equals
</system-out>
    <testcase name="Equals (271)" classname="spec_perl_TestBitsSeqEndianCombo_t" time="0.00144696235656738" />
    <testcase name="Equals (272)" classname="spec_perl_TestBitsSeqEndianCombo_t" time="0.000195980072021484" />
    <testcase name="Equals (273)" classname="spec_perl_TestBitsSeqEndianCombo_t" time="0.000184059143066406" />
    <testcase name="Equals (274)" classname="spec_perl_TestBitsSeqEndianCombo_t" time="0.000328779220581055" />
    <testcase name="Equals (275)" classname="spec_perl_TestBitsSeqEndianCombo_t" time="0.00030207633972168" />
    <testcase name="Equals (276)" classname="spec_perl_TestBitsSeqEndianCombo_t" time="0.000200033187866211" />
    <testcase name="Equals (277)" classname="spec_perl_TestBitsSeqEndianCombo_t" time="0.000216960906982422" />
    <testcase name="Equals (278)" classname="spec_perl_TestBitsSeqEndianCombo_t" time="0.000195980072021484" />
  </testsuite>
  <testsuite name="spec_perl_TestCombineBool_t" errors="0" failures="0" skipped="0" tests="2" time="0.0318050384521484">
    <system-out>1..2
ok 1 - Equals
ok 2 - Equals
</system-out>
    <testcase name="Equals (279)" classname="spec_perl_TestCombineBool_t" time="0.00126099586486816" />
    <testcase name="Equals (280)" classname="spec_perl_TestCombineBool_t" time="6.60419464111328e-05" />
  </testsuite>
  <testsuite name="spec_perl_TestParamsPassUsertype_t" errors="0" failures="1" skipped="1" tests="2" time="0.0308640003204346">
    <system-out>1..2
not ok 1 - test_params_pass_usertype died (Can't call method &quot;foo&quot; on an undefined value at compiled/perl/ParamsPassUsertype.pm line 119.)
ok 2 # skip test_params_pass_usertype died
</system-out>
    <testcase name="test_params_pass_usertype died (Can't call method &quot;foo&quot; on an undefined value at compiled/perl/ParamsPassUsertype.pm line 119.) (280)" classname="spec_perl_TestParamsPassUsertype_t" time="0.00123405456542969">
      <failure message="not ok 1 - test_params_pass_usertype died (Can't call method &quot;foo&quot; on an undefined value at compiled/perl/ParamsPassUsertype.pm line 119.)" type="TAP::Parser::Result::Test"></failure>
    </testcase>
    <testcase name="Unnamed test case 280" classname="spec_perl_TestParamsPassUsertype_t" time="0.000113964080810547">
      <skipped message="ok 2 # skip test_params_pass_usertype died" />
    </testcase>
  </testsuite>
  <testsuite name="spec_perl_TestStrPadTerm_t" errors="0" failures="0" skipped="0" tests="4" time="0.0334219932556152">
    <system-out>1..4
ok 1 - Equals
ok 2 - Equals
ok 3 - Equals
ok 4 - Equals
</system-out>
    <testcase name="Equals (281)" classname="spec_perl_TestStrPadTerm_t" time="0.00117897987365723" />
    <testcase name="Equals (282)" classname="spec_perl_TestStrPadTerm_t" time="6.4849853515625e-05" />
    <testcase name="Equals (283)" classname="spec_perl_TestStrPadTerm_t" time="3.814697265625e-05" />
    <testcase name="Equals (284)" classname="spec_perl_TestStrPadTerm_t" time="4.69684600830078e-05" />
  </testsuite>
  <testsuite name="spec_perl_TestInstanceUserArray_t" errors="0" failures="0" skipped="0" tests="10" time="0.0414819717407227">
    <system-out>1..10
ok 1 - Equals
ok 2 - Equals
ok 3 - Equals
ok 4 - Equals
ok 5 - Equals
ok 6 - Equals
ok 7 - Equals
ok 8 - Equals
ok 9 - Equals
ok 10 - Equals
</system-out>
    <testcase name="Equals (285)" classname="spec_perl_TestInstanceUserArray_t" time="0.00143098831176758" />
    <testcase name="Equals (286)" classname="spec_perl_TestInstanceUserArray_t" time="6.98566436767578e-05" />
    <testcase name="Equals (287)" classname="spec_perl_TestInstanceUserArray_t" time="4.72068786621094e-05" />
    <testcase name="Equals (288)" classname="spec_perl_TestInstanceUserArray_t" time="0.000484943389892578" />
    <testcase name="Equals (289)" classname="spec_perl_TestInstanceUserArray_t" time="6.69956207275391e-05" />
    <testcase name="Equals (290)" classname="spec_perl_TestInstanceUserArray_t" time="5.38825988769531e-05" />
    <testcase name="Equals (291)" classname="spec_perl_TestInstanceUserArray_t" time="0.000127077102661133" />
    <testcase name="Equals (292)" classname="spec_perl_TestInstanceUserArray_t" time="0.0018310546875" />
    <testcase name="Equals (293)" classname="spec_perl_TestInstanceUserArray_t" time="4.10079956054688e-05" />
    <testcase name="Equals (294)" classname="spec_perl_TestInstanceUserArray_t" time="3.60012054443359e-05" />
  </testsuite>
  <testsuite name="spec_perl_TestPositionAbs_t" errors="0" failures="0" skipped="0" tests="2" time="0.0348470211029053">
    <system-out>1..2
ok 1 - Equals
ok 2 - Equals
</system-out>
    <testcase name="Equals (295)" classname="spec_perl_TestPositionAbs_t" time="0.00111603736877441" />
    <testcase name="Equals (296)" classname="spec_perl_TestPositionAbs_t" time="0.000152111053466797" />
  </testsuite>
  <testsuite name="spec_perl_TestYamlInts_t" errors="0" failures="0" skipped="0" tests="4" time="0.032958984375">
    <system-out>1..4
ok 1 - Equals
ok 2 - Equals
ok 3 - Equals
ok 4 - Equals
</system-out>
    <testcase name="Equals (297)" classname="spec_perl_TestYamlInts_t" time="0.00120401382446289" />
    <testcase name="Equals (298)" classname="spec_perl_TestYamlInts_t" time="6.38961791992188e-05" />
    <testcase name="Equals (299)" classname="spec_perl_TestYamlInts_t" time="5.19752502441406e-05" />
    <testcase name="Equals (300)" classname="spec_perl_TestYamlInts_t" time="4.72068786621094e-05" />
  </testsuite>
  <testsuite name="spec_perl_TestDefaultBitEndianMod_t" errors="0" failures="0" skipped="0" tests="4" time="0.0316371917724609">
    <system-out>1..4
ok 1 - Equals
ok 2 - Equals
ok 3 - Equals
ok 4 - Equals
</system-out>
    <testcase name="Equals (301)" classname="spec_perl_TestDefaultBitEndianMod_t" time="0.00138592720031738" />
    <testcase name="Equals (302)" classname="spec_perl_TestDefaultBitEndianMod_t" time="6.19888305664062e-05" />
    <testcase name="Equals (303)" classname="spec_perl_TestDefaultBitEndianMod_t" time="4.91142272949219e-05" />
    <testcase name="Equals (304)" classname="spec_perl_TestDefaultBitEndianMod_t" time="4.60147857666016e-05" />
  </testsuite>
  <testsuite name="spec_perl_TestNavParentSwitch_t" errors="0" failures="0" skipped="0" tests="3" time="0.0308518409729004">
    <system-out>1..3
ok 1 - Equals
ok 2 - Equals
ok 3 - Equals
</system-out>
    <testcase name="Equals (305)" classname="spec_perl_TestNavParentSwitch_t" time="0.00117588043212891" />
    <testcase name="Equals (306)" classname="spec_perl_TestNavParentSwitch_t" time="6.19888305664062e-05" />
    <testcase name="Equals (307)" classname="spec_perl_TestNavParentSwitch_t" time="5.00679016113281e-05" />
  </testsuite>
  <testsuite name="spec_perl_TestProcessXorConst_t" errors="0" failures="0" skipped="0" tests="2" time="0.0342898368835449">
    <system-out>1..2
ok 1 - Equals
ok 2 - Equals
</system-out>
    <testcase name="Equals (308)" classname="spec_perl_TestProcessXorConst_t" time="0.00156092643737793" />
    <testcase name="Equals (309)" classname="spec_perl_TestProcessXorConst_t" time="6.69956207275391e-05" />
  </testsuite>
  <testsuite name="spec_perl_TestExprStrEncodings_t" errors="0" failures="0" skipped="0" tests="7" time="0.0436241626739502">
    <system-out>1..7
ok 1 - Equals
ok 2 - Equals
ok 3 - Equals
ok 4 - Equals
ok 5 - Equals
ok 6 - Equals
ok 7 - Equals
</system-out>
    <testcase name="Equals (310)" classname="spec_perl_TestExprStrEncodings_t" time="0.0056910514831543" />
    <testcase name="Equals (311)" classname="spec_perl_TestExprStrEncodings_t" time="6.69956207275391e-05" />
    <testcase name="Equals (312)" classname="spec_perl_TestExprStrEncodings_t" time="5.31673431396484e-05" />
    <testcase name="Equals (313)" classname="spec_perl_TestExprStrEncodings_t" time="0.000136852264404297" />
    <testcase name="Equals (314)" classname="spec_perl_TestExprStrEncodings_t" time="0.000124931335449219" />
    <testcase name="Equals (315)" classname="spec_perl_TestExprStrEncodings_t" time="0.000158071517944336" />
    <testcase name="Equals (316)" classname="spec_perl_TestExprStrEncodings_t" time="0.000200986862182617" />
  </testsuite>
  <testsuite name="spec_perl_TestMultipleUse_t" errors="0" failures="0" skipped="0" tests="2" time="0.0326581001281738">
    <system-out>1..2
ok 1 - Equals
ok 2 - Equals
</system-out>
    <testcase name="Equals (317)" classname="spec_perl_TestMultipleUse_t" time="0.00114107131958008" />
    <testcase name="Equals (318)" classname="spec_perl_TestMultipleUse_t" time="6.98566436767578e-05" />
  </testsuite>
  <testsuite name="spec_perl_TestSwitchIntegers2_t" errors="0" failures="0" skipped="0" tests="5" time="0.0295109748840332">
    <system-out>1..5
ok 1 - Equals
ok 2 - Equals
ok 3 - Equals
ok 4 - Equals
ok 5 - Equals
</system-out>
    <testcase name="Equals (319)" classname="spec_perl_TestSwitchIntegers2_t" time="0.00124287605285645" />
    <testcase name="Equals (320)" classname="spec_perl_TestSwitchIntegers2_t" time="0.000112056732177734" />
    <testcase name="Equals (321)" classname="spec_perl_TestSwitchIntegers2_t" time="5.60283660888672e-05" />
    <testcase name="Equals (322)" classname="spec_perl_TestSwitchIntegers2_t" time="5.10215759277344e-05" />
    <testcase name="Equals (323)" classname="spec_perl_TestSwitchIntegers2_t" time="5.10215759277344e-05" />
  </testsuite>
  <testsuite name="spec_perl_TestStrPadTermEmpty_t" errors="0" failures="0" skipped="0" tests="4" time="0.0356431007385254">
    <system-out>1..4
ok 1 - Equals
ok 2 - Equals
ok 3 - Equals
ok 4 - Equals
</system-out>
    <testcase name="Equals (324)" classname="spec_perl_TestStrPadTermEmpty_t" time="0.0014488697052002" />
    <testcase name="Equals (325)" classname="spec_perl_TestStrPadTermEmpty_t" time="8.91685485839844e-05" />
    <testcase name="Equals (326)" classname="spec_perl_TestStrPadTermEmpty_t" time="6.58035278320312e-05" />
    <testcase name="Equals (327)" classname="spec_perl_TestStrPadTermEmpty_t" time="7.00950622558594e-05" />
  </testsuite>
  <testsuite name="spec_perl_TestNestedSameName2_t" errors="0" failures="0" skipped="0" tests="5" time="0.0304388999938965">
    <system-out>1..5
ok 1 - Equals
ok 2 - Equals
ok 3 - Equals
ok 4 - Equals
ok 5 - Equals
</system-out>
    <testcase name="Equals (328)" classname="spec_perl_TestNestedSameName2_t" time="0.00120711326599121" />
    <testcase name="Equals (329)" classname="spec_perl_TestNestedSameName2_t" time="6.58035278320312e-05" />
    <testcase name="Equals (330)" classname="spec_perl_TestNestedSameName2_t" time="8.70227813720703e-05" />
    <testcase name="Equals (331)" classname="spec_perl_TestNestedSameName2_t" time="5.10215759277344e-05" />
    <testcase name="Equals (332)" classname="spec_perl_TestNestedSameName2_t" time="7.79628753662109e-05" />
  </testsuite>
  <testsuite name="spec_perl_TestProcessCoerceUsertype1_t" errors="0" failures="0" skipped="0" tests="4" time="0.0315189361572266">
    <system-out>1..4
ok 1 - Equals
ok 2 - Equals
ok 3 - Equals
ok 4 - Equals
</system-out>
    <testcase name="Equals (333)" classname="spec_perl_TestProcessCoerceUsertype1_t" time="0.00176405906677246" />
    <testcase name="Equals (334)" classname="spec_perl_TestProcessCoerceUsertype1_t" time="0.000113964080810547" />
    <testcase name="Equals (335)" classname="spec_perl_TestProcessCoerceUsertype1_t" time="5.50746917724609e-05" />
    <testcase name="Equals (336)" classname="spec_perl_TestProcessCoerceUsertype1_t" time="5.10215759277344e-05" />
  </testsuite>
  <testsuite name="spec_perl_TestDefaultEndianExprException_t" errors="0" failures="0" skipped="0" tests="1" time="0.0333168506622314">
    <system-out>1..1
ok 1 - threw /^Unable to decide on endianness/
</system-out>
    <testcase name="threw /^Unable to decide on endianness/ (336)" classname="spec_perl_TestDefaultEndianExprException_t" time="0.000986099243164062" />
  </testsuite>
  <testsuite name="spec_perl_TestParamsPassBool_t" errors="0" failures="1" skipped="13" tests="14" time="0.03472900390625">
    <system-out>1..14
not ok 1 - test_params_pass_bool died (Requested 2 bytes, but only 1 bytes available at ../runtime/perl/lib/IO/KaitaiStruct.pm line 338.)
ok 2 # skip test_params_pass_bool died
ok 3 # skip test_params_pass_bool died
ok 4 # skip test_params_pass_bool died
ok 5 # skip test_params_pass_bool died
ok 6 # skip test_params_pass_bool died
ok 7 # skip test_params_pass_bool died
ok 8 # skip test_params_pass_bool died
ok 9 # skip test_params_pass_bool died
ok 10 # skip test_params_pass_bool died
ok 11 # skip test_params_pass_bool died
ok 12 # skip test_params_pass_bool died
ok 13 # skip test_params_pass_bool died
ok 14 # skip test_params_pass_bool died
</system-out>
    <testcase name="test_params_pass_bool died (Requested 2 bytes, but only 1 bytes available at ../runtime/perl/lib/IO/KaitaiStruct.pm line 338.) (336)" classname="spec_perl_TestParamsPassBool_t" time="0.0014951229095459">
      <failure message="not ok 1 - test_params_pass_bool died (Requested 2 bytes, but only 1 bytes available at ../runtime/perl/lib/IO/KaitaiStruct.pm line 338.)" type="TAP::Parser::Result::Test"></failure>
    </testcase>
    <testcase name="Unnamed test case 336" classname="spec_perl_TestParamsPassBool_t" time="9.48905944824219e-05">
      <skipped message="ok 2 # skip test_params_pass_bool died" />
    </testcase>
    <testcase name="Unnamed test case 337" classname="spec_perl_TestParamsPassBool_t" time="5.00679016113281e-05">
      <skipped message="ok 3 # skip test_params_pass_bool died" />
    </testcase>
    <testcase name="Unnamed test case 338" classname="spec_perl_TestParamsPassBool_t" time="3.91006469726562e-05">
      <skipped message="ok 4 # skip test_params_pass_bool died" />
    </testcase>
    <testcase name="Unnamed test case 339" classname="spec_perl_TestParamsPassBool_t" time="3.60012054443359e-05">
      <skipped message="ok 5 # skip test_params_pass_bool died" />
    </testcase>
    <testcase name="Unnamed test case 340" classname="spec_perl_TestParamsPassBool_t" time="3.48091125488281e-05">
      <skipped message="ok 6 # skip test_params_pass_bool died" />
    </testcase>
    <testcase name="Unnamed test case 341" classname="spec_perl_TestParamsPassBool_t" time="5.91278076171875e-05">
      <skipped message="ok 7 # skip test_params_pass_bool died" />
    </testcase>
    <testcase name="Unnamed test case 342" classname="spec_perl_TestParamsPassBool_t" time="4.1961669921875e-05">
      <skipped message="ok 8 # skip test_params_pass_bool died" />
    </testcase>
    <testcase name="Unnamed test case 343" classname="spec_perl_TestParamsPassBool_t" time="3.69548797607422e-05">
      <skipped message="ok 9 # skip test_params_pass_bool died" />
    </testcase>
    <testcase name="Unnamed test case 344" classname="spec_perl_TestParamsPassBool_t" time="3.60012054443359e-05">
      <skipped message="ok 10 # skip test_params_pass_bool died" />
    </testcase>
    <testcase name="Unnamed test case 345" classname="spec_perl_TestParamsPassBool_t" time="3.60012054443359e-05">
      <skipped message="ok 11 # skip test_params_pass_bool died" />
    </testcase>
    <testcase name="Unnamed test case 346" classname="spec_perl_TestParamsPassBool_t" time="3.50475311279297e-05">
      <skipped message="ok 12 # skip test_params_pass_bool died" />
    </testcase>
    <testcase name="Unnamed test case 347" classname="spec_perl_TestParamsPassBool_t" time="3.50475311279297e-05">
      <skipped message="ok 13 # skip test_params_pass_bool died" />
    </testcase>
    <testcase name="Unnamed test case 348" classname="spec_perl_TestParamsPassBool_t" time="4.29153442382812e-05">
      <skipped message="ok 14 # skip test_params_pass_bool died" />
    </testcase>
  </testsuite>
  <testsuite name="spec_perl_TestNestedTypeParam_t" errors="0" failures="2" skipped="0" tests="2" time="0.0359940528869629">
    <system-out>1..2
not ok 1 - Equals
not ok 2 - Equals
</system-out>
    <testcase name="Equals (348)" classname="spec_perl_TestNestedTypeParam_t" time="0.00151205062866211">
      <failure message="not ok 1 - Equals" type="TAP::Parser::Result::Test"></failure>
    </testcase>
    <testcase name="Equals (349)" classname="spec_perl_TestNestedTypeParam_t" time="0.000427007675170898">
      <failure message="not ok 2 - Equals" type="TAP::Parser::Result::Test"></failure>
    </testcase>
  </testsuite>
  <testsuite name="spec_perl_TestIndexSizes_t" errors="0" failures="0" skipped="0" tests="7" time="0.0371110439300537">
    <system-out>1..7
ok 1 - Equals
ok 2 - Equals
ok 3 - Equals
ok 4 - Equals
ok 5 - Equals
ok 6 - Equals
ok 7 - Equals
</system-out>
    <testcase name="Equals (350)" classname="spec_perl_TestIndexSizes_t" time="0.00120997428894043" />
    <testcase name="Equals (351)" classname="spec_perl_TestIndexSizes_t" time="6.91413879394531e-05" />
    <testcase name="Equals (352)" classname="spec_perl_TestIndexSizes_t" time="5.57899475097656e-05" />
    <testcase name="Equals (353)" classname="spec_perl_TestIndexSizes_t" time="6.103515625e-05" />
    <testcase name="Equals (354)" classname="spec_perl_TestIndexSizes_t" time="5.10215759277344e-05" />
    <testcase name="Equals (355)" classname="spec_perl_TestIndexSizes_t" time="4.60147857666016e-05" />
    <testcase name="Equals (356)" classname="spec_perl_TestIndexSizes_t" time="8.89301300048828e-05" />
  </testsuite>
  <testsuite name="spec_perl_TestStrEncodingsDefault_t" errors="0" failures="0" skipped="0" tests="4" time="0.038060188293457">
    <system-out>1..4
ok 1 - Equals
ok 2 - Equals
ok 3 - Equals
ok 4 - Equals
</system-out>
    <testcase name="Equals (357)" classname="spec_perl_TestStrEncodingsDefault_t" time="0.00458383560180664" />
    <testcase name="Equals (358)" classname="spec_perl_TestStrEncodingsDefault_t" time="6.41345977783203e-05" />
    <testcase name="Equals (359)" classname="spec_perl_TestStrEncodingsDefault_t" time="3.69548797607422e-05" />
    <testcase name="Equals (360)" classname="spec_perl_TestStrEncodingsDefault_t" time="4.60147857666016e-05" />
  </testsuite>
  <testsuite name="spec_perl_TestEnumFancy_t" errors="0" failures="0" skipped="0" tests="2" time="0.0319418907165527">
    <system-out>1..2
ok 1 - Equals
ok 2 - Equals
</system-out>
    <testcase name="Equals (361)" classname="spec_perl_TestEnumFancy_t" time="0.00134611129760742" />
    <testcase name="Equals (362)" classname="spec_perl_TestEnumFancy_t" time="6.60419464111328e-05" />
  </testsuite>
  <testsuite name="spec_perl_TestExprIoEof_t" errors="0" failures="0" skipped="0" tests="4" time="0.0330078601837158">
    <system-out>1..4
ok 1 - Equals
ok 2 - nil
ok 3 - Equals
ok 4 - Equals
</system-out>
    <testcase name="Equals (363)" classname="spec_perl_TestExprIoEof_t" time="0.00142097473144531" />
    <testcase name="nil (363)" classname="spec_perl_TestExprIoEof_t" time="6.50882720947266e-05" />
    <testcase name="Equals (364)" classname="spec_perl_TestExprIoEof_t" time="4.29153442382812e-05" />
    <testcase name="Equals (365)" classname="spec_perl_TestExprIoEof_t" time="5.00679016113281e-05" />
  </testsuite>
  <testsuite name="spec_perl_TestPositionInSeq_t" errors="0" failures="0" skipped="0" tests="1" time="0.0334780216217041">
    <system-out>1..1
ok 1 - Equals
</system-out>
    <testcase name="Equals (366)" classname="spec_perl_TestPositionInSeq_t" time="0.00138211250305176" />
  </testsuite>
  <testsuite name="spec_perl_TestEnumNegative_t" errors="0" failures="0" skipped="0" tests="2" time="0.0308730602264404">
    <system-out>1..2
ok 1 - Equals
ok 2 - Equals
</system-out>
    <testcase name="Equals (367)" classname="spec_perl_TestEnumNegative_t" time="0.00154995918273926" />
    <testcase name="Equals (368)" classname="spec_perl_TestEnumNegative_t" time="8.89301300048828e-05" />
  </testsuite>
  <testsuite name="spec_perl_TestEnumIf_t" errors="0" failures="0" skipped="0" tests="7" time="0.0369131565093994">
    <system-out>1..7
ok 1 - Equals
ok 2 - Equals
ok 3 - Equals
ok 4 - Equals
ok 5 - Equals
ok 6 - Equals
ok 7 - Equals
</system-out>
    <testcase name="Equals (369)" classname="spec_perl_TestEnumIf_t" time="0.00163602828979492" />
    <testcase name="Equals (370)" classname="spec_perl_TestEnumIf_t" time="6.69956207275391e-05" />
    <testcase name="Equals (371)" classname="spec_perl_TestEnumIf_t" time="5.10215759277344e-05" />
    <testcase name="Equals (372)" classname="spec_perl_TestEnumIf_t" time="4.88758087158203e-05" />
    <testcase name="Equals (373)" classname="spec_perl_TestEnumIf_t" time="8.41617584228516e-05" />
    <testcase name="Equals (374)" classname="spec_perl_TestEnumIf_t" time="0.000114917755126953" />
    <testcase name="Equals (375)" classname="spec_perl_TestEnumIf_t" time="0.0001220703125" />
  </testsuite>
  <testsuite name="spec_perl_TestStrEos_t" errors="0" failures="0" skipped="0" tests="1" time="0.0341401100158691">
    <system-out>1..1
ok 1 - Equals
</system-out>
    <testcase name="Equals (376)" classname="spec_perl_TestStrEos_t" time="0.00138998031616211" />
  </testsuite>
  <testsuite name="spec_perl_TestExprSizeofValue0_t" errors="0" failures="0" skipped="0" tests="5" time="0.0314269065856934">
    <system-out>1..5
ok 1 - Equals
ok 2 - Equals
ok 3 - Equals
ok 4 - Equals
ok 5 - Equals
</system-out>
    <testcase name="Equals (377)" classname="spec_perl_TestExprSizeofValue0_t" time="0.00127601623535156" />
    <testcase name="Equals (378)" classname="spec_perl_TestExprSizeofValue0_t" time="6.50882720947266e-05" />
    <testcase name="Equals (379)" classname="spec_perl_TestExprSizeofValue0_t" time="5.19752502441406e-05" />
    <testcase name="Equals (380)" classname="spec_perl_TestExprSizeofValue0_t" time="4.79221343994141e-05" />
    <testcase name="Equals (381)" classname="spec_perl_TestExprSizeofValue0_t" time="8.10623168945312e-05" />
  </testsuite>
  <testsuite name="spec_perl_TestBitsByteAligned_t" errors="0" failures="0" skipped="0" tests="9" time="0.0335419178009033">
    <system-out>1..9
ok 1 - Equals
ok 2 - Equals
ok 3 - Equals
ok 4 - Equals
ok 5 - Equals
ok 6 - Equals
ok 7 - Equals
ok 8 - Equals
ok 9 - Equals
</system-out>
    <testcase name="Equals (382)" classname="spec_perl_TestBitsByteAligned_t" time="0.00140094757080078" />
    <testcase name="Equals (383)" classname="spec_perl_TestBitsByteAligned_t" time="0.000215053558349609" />
    <testcase name="Equals (384)" classname="spec_perl_TestBitsByteAligned_t" time="0.000313043594360352" />
    <testcase name="Equals (385)" classname="spec_perl_TestBitsByteAligned_t" time="0.000268936157226562" />
    <testcase name="Equals (386)" classname="spec_perl_TestBitsByteAligned_t" time="0.000185966491699219" />
    <testcase name="Equals (387)" classname="spec_perl_TestBitsByteAligned_t" time="0.000178098678588867" />
    <testcase name="Equals (388)" classname="spec_perl_TestBitsByteAligned_t" time="0.000175952911376953" />
    <testcase name="Equals (389)" classname="spec_perl_TestBitsByteAligned_t" time="0.000173091888427734" />
    <testcase name="Equals (390)" classname="spec_perl_TestBitsByteAligned_t" time="0.000174999237060547" />
  </testsuite>
  <testsuite name="spec_perl_TestRepeatEosBit_t" errors="0" failures="0" skipped="0" tests="1" time="0.0307381153106689">
    <system-out>1..1
ok 1 - Equals
</system-out>
    <testcase name="Equals (391)" classname="spec_perl_TestRepeatEosBit_t" time="0.0012519359588623" />
  </testsuite>
  <testsuite name="spec_perl_TestBitsSignedResB32Be_t" errors="0" failures="0" skipped="0" tests="1" time="0.0316848754882812">
    <system-out>1..1
ok 1 - Equals
</system-out>
    <testcase name="Equals (392)" classname="spec_perl_TestBitsSignedResB32Be_t" time="0.00118207931518555" />
  </testsuite>
  <testsuite name="spec_perl_TestEnum0_t" errors="0" failures="0" skipped="0" tests="2" time="0.0323250293731689">
    <system-out>1..2
ok 1 - Equals
ok 2 - Equals
</system-out>
    <testcase name="Equals (393)" classname="spec_perl_TestEnum0_t" time="0.00135898590087891" />
    <testcase name="Equals (394)" classname="spec_perl_TestEnum0_t" time="6.60419464111328e-05" />
  </testsuite>
  <testsuite name="spec_perl_TestExprSizeofType1_t" errors="0" failures="0" skipped="0" tests="2" time="0.0332129001617432">
    <system-out>1..2
ok 1 - Equals
ok 2 - Equals
</system-out>
    <testcase name="Equals (395)" classname="spec_perl_TestExprSizeofType1_t" time="0.00130009651184082" />
    <testcase name="Equals (396)" classname="spec_perl_TestExprSizeofType1_t" time="6.69956207275391e-05" />
  </testsuite>
  <testsuite name="spec_perl_TestBitsEnum_t" errors="0" failures="0" skipped="0" tests="3" time="0.0333719253540039">
    <system-out>1..3
ok 1 - Equals
ok 2 - Equals
ok 3 - Equals
</system-out>
    <testcase name="Equals (397)" classname="spec_perl_TestBitsEnum_t" time="0.00138998031616211" />
    <testcase name="Equals (398)" classname="spec_perl_TestBitsEnum_t" time="0.000199079513549805" />
    <testcase name="Equals (399)" classname="spec_perl_TestBitsEnum_t" time="0.000185012817382812" />
  </testsuite>
  <testsuite name="spec_perl_TestDebugEnumName_t" errors="1" failures="0" skipped="0" tests="0" time="0.0257129669189453">
    <system-out></system-out>
    <testcase name="Test died too soon, even before plan. (399)" classname="spec_perl_TestDebugEnumName_t" time="0.0257129669189453">
      <failure message="The test suite died before a plan was produced. You need to have a plan." type="Plan">No plan</failure>
    </testcase>
  </testsuite>
  <testsuite name="spec_perl_TestIfStruct_t" errors="0" failures="0" skipped="0" tests="7" time="0.0337691307067871">
    <system-out>1..7
ok 1 - Equals
ok 2 - Equals
ok 3 - Equals
ok 4 - Equals
ok 5 - Equals
ok 6 - Equals
ok 7 - Equals
</system-out>
    <testcase name="Equals (400)" classname="spec_perl_TestIfStruct_t" time="0.00142407417297363" />
    <testcase name="Equals (401)" classname="spec_perl_TestIfStruct_t" time="6.38961791992188e-05" />
    <testcase name="Equals (402)" classname="spec_perl_TestIfStruct_t" time="3.69548797607422e-05" />
    <testcase name="Equals (403)" classname="spec_perl_TestIfStruct_t" time="5.60283660888672e-05" />
    <testcase name="Equals (404)" classname="spec_perl_TestIfStruct_t" time="4.81605529785156e-05" />
    <testcase name="Equals (405)" classname="spec_perl_TestIfStruct_t" time="6.98566436767578e-05" />
    <testcase name="Equals (406)" classname="spec_perl_TestIfStruct_t" time="6.79492950439453e-05" />
  </testsuite>
  <testsuite name="spec_perl_TestSwitchManualStrElse_t" errors="0" failures="0" skipped="0" tests="9" time="0.0365769863128662">
    <system-out>1..9
ok 1 - Equals
ok 2 - Equals
ok 3 - Equals
ok 4 - Equals
ok 5 - Equals
ok 6 - Equals
ok 7 - Equals
ok 8 - Equals
ok 9 - Equals
</system-out>
    <testcase name="Equals (407)" classname="spec_perl_TestSwitchManualStrElse_t" time="0.00153207778930664" />
    <testcase name="Equals (408)" classname="spec_perl_TestSwitchManualStrElse_t" time="6.69956207275391e-05" />
    <testcase name="Equals (409)" classname="spec_perl_TestSwitchManualStrElse_t" time="5.29289245605469e-05" />
    <testcase name="Equals (410)" classname="spec_perl_TestSwitchManualStrElse_t" time="6.60419464111328e-05" />
    <testcase name="Equals (411)" classname="spec_perl_TestSwitchManualStrElse_t" time="8.392333984375e-05" />
    <testcase name="Equals (412)" classname="spec_perl_TestSwitchManualStrElse_t" time="7.41481781005859e-05" />
    <testcase name="Equals (413)" classname="spec_perl_TestSwitchManualStrElse_t" time="0.000162839889526367" />
    <testcase name="Equals (414)" classname="spec_perl_TestSwitchManualStrElse_t" time="8.32080841064453e-05" />
    <testcase name="Equals (415)" classname="spec_perl_TestSwitchManualStrElse_t" time="0.000126838684082031" />
  </testsuite>
  <testsuite name="spec_perl_TestCastToTop_t" errors="0" failures="0" skipped="0" tests="3" time="0.0341229438781738">
    <system-out>1..3
ok 1 - Equals
ok 2 - Equals
ok 3 - Equals
</system-out>
    <testcase name="Equals (416)" classname="spec_perl_TestCastToTop_t" time="0.00150895118713379" />
    <testcase name="Equals (417)" classname="spec_perl_TestCastToTop_t" time="9.39369201660156e-05" />
    <testcase name="Equals (418)" classname="spec_perl_TestCastToTop_t" time="9.20295715332031e-05" />
  </testsuite>
  <testsuite name="spec_perl_TestDefaultEndianMod_t" errors="0" failures="0" skipped="0" tests="3" time="0.0307600498199463">
    <system-out>1..3
ok 1 - Equals
ok 2 - Equals
ok 3 - Equals
</system-out>
    <testcase name="Equals (419)" classname="spec_perl_TestDefaultEndianMod_t" time="0.0015559196472168" />
    <testcase name="Equals (420)" classname="spec_perl_TestDefaultEndianMod_t" time="7.00950622558594e-05" />
    <testcase name="Equals (421)" classname="spec_perl_TestDefaultEndianMod_t" time="6.89029693603516e-05" />
  </testsuite>
  <testsuite name="spec_perl_TestIndexToParamExpr_t" errors="0" failures="2" skipped="0" tests="7" time="0.0372591018676758">
    <system-out>1..7
ok 1 - Equals
ok 2 - Equals
ok 3 - Equals
ok 4 - Equals
ok 5 - Equals
not ok 6 - Equals
not ok 7 - Equals
</system-out>
    <testcase name="Equals (422)" classname="spec_perl_TestIndexToParamExpr_t" time="0.00166106224060059" />
    <testcase name="Equals (423)" classname="spec_perl_TestIndexToParamExpr_t" time="5.98430633544922e-05" />
    <testcase name="Equals (424)" classname="spec_perl_TestIndexToParamExpr_t" time="5.00679016113281e-05" />
    <testcase name="Equals (425)" classname="spec_perl_TestIndexToParamExpr_t" time="8.60691070556641e-05" />
    <testcase name="Equals (426)" classname="spec_perl_TestIndexToParamExpr_t" time="6.89029693603516e-05" />
    <testcase name="Equals (427)" classname="spec_perl_TestIndexToParamExpr_t" time="8.10623168945312e-05">
      <failure message="not ok 6 - Equals" type="TAP::Parser::Result::Test"></failure>
    </testcase>
    <testcase name="Equals (428)" classname="spec_perl_TestIndexToParamExpr_t" time="0.000938892364501953">
      <failure message="not ok 7 - Equals" type="TAP::Parser::Result::Test"></failure>
    </testcase>
  </testsuite>
  <testsuite name="spec_perl_TestImports0_t" errors="0" failures="0" skipped="0" tests="3" time="0.0314140319824219">
    <system-out>1..3
ok 1 - Equals
ok 2 - Equals
ok 3 - Equals
</system-out>
    <testcase name="Equals (429)" classname="spec_perl_TestImports0_t" time="0.00130891799926758" />
    <testcase name="Equals (430)" classname="spec_perl_TestImports0_t" time="7.10487365722656e-05" />
    <testcase name="Equals (431)" classname="spec_perl_TestImports0_t" time="3.88622283935547e-05" />
  </testsuite>
  <testsuite name="spec_perl_TestFloatToI_t" errors="0" failures="0" skipped="0" tests="8" time="0.0298709869384766">
    <system-out>1..8
ok 1 - Approx equals
ok 2 - Approx equals
ok 3 - Equals
ok 4 - Equals
ok 5 - Equals
ok 6 - Equals
ok 7 - Equals
ok 8 - Equals
</system-out>
    <testcase name="Approx equals (431)" classname="spec_perl_TestFloatToI_t" time="0.00127387046813965" />
    <testcase name="Approx equals (432)" classname="spec_perl_TestFloatToI_t" time="6.19888305664062e-05" />
    <testcase name="Equals (432)" classname="spec_perl_TestFloatToI_t" time="3.814697265625e-05" />
    <testcase name="Equals (433)" classname="spec_perl_TestFloatToI_t" time="6.69956207275391e-05" />
    <testcase name="Equals (434)" classname="spec_perl_TestFloatToI_t" time="6.4849853515625e-05" />
    <testcase name="Equals (435)" classname="spec_perl_TestFloatToI_t" time="8.60691070556641e-05" />
    <testcase name="Equals (436)" classname="spec_perl_TestFloatToI_t" time="7.51018524169922e-05" />
    <testcase name="Equals (437)" classname="spec_perl_TestFloatToI_t" time="7.79628753662109e-05" />
  </testsuite>
  <testsuite name="spec_perl_TestEnumIntRangeU_t" errors="0" failures="0" skipped="0" tests="2" time="0.0375192165374756">
    <system-out>1..2
ok 1 - Equals
ok 2 - Equals
</system-out>
    <testcase name="Equals (438)" classname="spec_perl_TestEnumIntRangeU_t" time="0.00132298469543457" />
    <testcase name="Equals (439)" classname="spec_perl_TestEnumIntRangeU_t" time="9.918212890625e-05" />
  </testsuite>
  <testsuite name="spec_perl_TestCastNested_t" errors="0" failures="0" skipped="0" tests="4" time="0.0387730598449707">
    <system-out>1..4
ok 1 - Equals
ok 2 - Equals
ok 3 - Equals
ok 4 - Equals
</system-out>
    <testcase name="Equals (440)" classname="spec_perl_TestCastNested_t" time="0.00129389762878418" />
    <testcase name="Equals (441)" classname="spec_perl_TestCastNested_t" time="8.70227813720703e-05" />
    <testcase name="Equals (442)" classname="spec_perl_TestCastNested_t" time="5.29289245605469e-05" />
    <testcase name="Equals (443)" classname="spec_perl_TestCastNested_t" time="4.91142272949219e-05" />
  </testsuite>
  <testsuite name="spec_perl_TestExprBytesNonLiteral_t" errors="0" failures="0" skipped="0" tests="3" time="0.0342221260070801">
    <system-out>1..3
ok 1 - Equals
ok 2 - Equals
ok 3 - Equals
</system-out>
[...]
    <system-out>1..15
ok 1 - Equals
ok 2 - Equals
ok 3 - Equals
ok 4 - Equals
ok 5 - Equals
ok 6 - Equals
ok 7 - Approx equals
ok 8 - Approx equals
not ok 9 - Approx equals
ok 10 - Approx equals
ok 11 - Equals
ok 12 - Equals
ok 13 - Equals
ok 14 - Equals
ok 15 - Equals
</system-out>
    <testcase name="Equals (883)" classname="spec_perl_TestExprArray_t" time="0.00127291679382324" />
    <testcase name="Equals (884)" classname="spec_perl_TestExprArray_t" time="6.60419464111328e-05" />
    <testcase name="Equals (885)" classname="spec_perl_TestExprArray_t" time="5.91278076171875e-05" />
    <testcase name="Equals (886)" classname="spec_perl_TestExprArray_t" time="4.98294830322266e-05" />
    <testcase name="Equals (887)" classname="spec_perl_TestExprArray_t" time="6.41345977783203e-05" />
    <testcase name="Equals (888)" classname="spec_perl_TestExprArray_t" time="6.79492950439453e-05" />
    <testcase name="Approx equals (888)" classname="spec_perl_TestExprArray_t" time="5.00679016113281e-05" />
    <testcase name="Approx equals (889)" classname="spec_perl_TestExprArray_t" time="4.88758087158203e-05" />
    <testcase name="Approx equals (890)" classname="spec_perl_TestExprArray_t" time="5.41210174560547e-05">
      <failure message="not ok 9 - Approx equals" type="TAP::Parser::Result::Test"></failure>
    </testcase>
    <testcase name="Approx equals (891)" classname="spec_perl_TestExprArray_t" time="0.000667810440063477" />
    <testcase name="Equals (891)" classname="spec_perl_TestExprArray_t" time="0.000114202499389648" />
    <testcase name="Equals (892)" classname="spec_perl_TestExprArray_t" time="6.29425048828125e-05" />
    <testcase name="Equals (893)" classname="spec_perl_TestExprArray_t" time="4.88758087158203e-05" />
    <testcase name="Equals (894)" classname="spec_perl_TestExprArray_t" time="6.50882720947266e-05" />
    <testcase name="Equals (895)" classname="spec_perl_TestExprArray_t" time="4.10079956054688e-05" />
  </testsuite>
  <testsuite name="spec_perl_TestBitsSignedShiftB32Le_t" errors="0" failures="0" skipped="0" tests="2" time="0.0309300422668457">
    <system-out>1..2
ok 1 - Equals
ok 2 - Equals
</system-out>
    <testcase name="Equals (896)" classname="spec_perl_TestBitsSignedShiftB32Le_t" time="0.00121712684631348" />
    <testcase name="Equals (897)" classname="spec_perl_TestBitsSignedShiftB32Le_t" time="6.38961791992188e-05" />
  </testsuite>
  <testsuite name="spec_perl_TestSwitchCast_t" errors="0" failures="0" skipped="0" tests="2" time="0.0347139835357666">
    <system-out>1..2
ok 1 - Equals
ok 2 - Equals
</system-out>
    <testcase name="Equals (898)" classname="spec_perl_TestSwitchCast_t" time="0.00124120712280273" />
    <testcase name="Equals (899)" classname="spec_perl_TestSwitchCast_t" time="6.69956207275391e-05" />
  </testsuite>
  <testsuite name="spec_perl_TestTsPacketHeader_t" errors="0" failures="0" skipped="0" tests="7" time="0.0316848754882812">
    <system-out>1..7
ok 1 - Equals
ok 2 - Equals
ok 3 - Equals
ok 4 - Equals
ok 5 - Equals
ok 6 - Equals
ok 7 - Equals
</system-out>
    <testcase name="Equals (900)" classname="spec_perl_TestTsPacketHeader_t" time="0.00152897834777832" />
    <testcase name="Equals (901)" classname="spec_perl_TestTsPacketHeader_t" time="7.20024108886719e-05" />
    <testcase name="Equals (902)" classname="spec_perl_TestTsPacketHeader_t" time="6.103515625e-05" />
    <testcase name="Equals (903)" classname="spec_perl_TestTsPacketHeader_t" time="5.19752502441406e-05" />
    <testcase name="Equals (904)" classname="spec_perl_TestTsPacketHeader_t" time="7.20024108886719e-05" />
    <testcase name="Equals (905)" classname="spec_perl_TestTsPacketHeader_t" time="9.79900360107422e-05" />
    <testcase name="Equals (906)" classname="spec_perl_TestTsPacketHeader_t" time="7.39097595214844e-05" />
  </testsuite>
  <testsuite name="spec_perl_TestStrLiterals2_t" errors="0" failures="0" skipped="0" tests="4" time="0.0330989360809326">
    <system-out>1..4
ok 1 - Equals
ok 2 - Equals
ok 3 - Equals
ok 4 - Equals
</system-out>
    <testcase name="Equals (907)" classname="spec_perl_TestStrLiterals2_t" time="0.00133991241455078" />
    <testcase name="Equals (908)" classname="spec_perl_TestStrLiterals2_t" time="7.20024108886719e-05" />
    <testcase name="Equals (909)" classname="spec_perl_TestStrLiterals2_t" time="6.00814819335938e-05" />
    <testcase name="Equals (910)" classname="spec_perl_TestStrLiterals2_t" time="5.00679016113281e-05" />
  </testsuite>
  <testsuite name="spec_perl_TestNavParentVsValueInst_t" errors="0" failures="0" skipped="0" tests="1" time="0.0353720188140869">
    <system-out>1..1
ok 1 - Equals
</system-out>
    <testcase name="Equals (911)" classname="spec_perl_TestNavParentVsValueInst_t" time="0.00127005577087402" />
  </testsuite>
  <testsuite name="spec_perl_TestRepeatNStrz_t" errors="0" failures="0" skipped="0" tests="2" time="0.0345859527587891">
    <system-out>1..2
ok 1 - Equals
ok 2 - Equals
</system-out>
    <testcase name="Equals (912)" classname="spec_perl_TestRepeatNStrz_t" time="0.00142407417297363" />
    <testcase name="Equals (913)" classname="spec_perl_TestRepeatNStrz_t" time="6.60419464111328e-05" />
  </testsuite>
  <testsuite name="spec_perl_TestExprIntDiv_t" errors="0" failures="2" skipped="0" tests="6" time="0.0383360385894775">
    <system-out>1..6
ok 1 - Equals
ok 2 - Equals
ok 3 - Equals
not ok 4 - Equals
ok 5 - Equals
not ok 6 - Equals
</system-out>
    <testcase name="Equals (914)" classname="spec_perl_TestExprIntDiv_t" time="0.00119996070861816" />
    <testcase name="Equals (915)" classname="spec_perl_TestExprIntDiv_t" time="9.70363616943359e-05" />
    <testcase name="Equals (916)" classname="spec_perl_TestExprIntDiv_t" time="0.000298023223876953" />
    <testcase name="Equals (917)" classname="spec_perl_TestExprIntDiv_t" time="0.000127077102661133">
      <failure message="not ok 4 - Equals" type="TAP::Parser::Result::Test"></failure>
    </testcase>
    <testcase name="Equals (918)" classname="spec_perl_TestExprIntDiv_t" time="0.00121283531188965" />
    <testcase name="Equals (919)" classname="spec_perl_TestExprIntDiv_t" time="6.50882720947266e-05">
      <failure message="not ok 6 - Equals" type="TAP::Parser::Result::Test"></failure>
    </testcase>
  </testsuite>
  <testsuite name="spec_perl_TestExprOpsParens_t" errors="0" failures="1" skipped="0" tests="9" time="0.0331308841705322">
    <system-out>1..9
ok 1 - Equals
ok 2 - Equals
ok 3 - Equals
ok 4 - Equals
ok 5 - Equals
ok 6 - Equals
not ok 7 - Equals
ok 8 - Equals
ok 9 - Equals
</system-out>
    <testcase name="Equals (920)" classname="spec_perl_TestExprOpsParens_t" time="0.00164699554443359" />
    <testcase name="Equals (921)" classname="spec_perl_TestExprOpsParens_t" time="6.69956207275391e-05" />
    <testcase name="Equals (922)" classname="spec_perl_TestExprOpsParens_t" time="5.10215759277344e-05" />
    <testcase name="Equals (923)" classname="spec_perl_TestExprOpsParens_t" time="4.91142272949219e-05" />
    <testcase name="Equals (924)" classname="spec_perl_TestExprOpsParens_t" time="9.20295715332031e-05" />
    <testcase name="Equals (925)" classname="spec_perl_TestExprOpsParens_t" time="7.89165496826172e-05" />
    <testcase name="Equals (926)" classname="spec_perl_TestExprOpsParens_t" time="9.10758972167969e-05">
      <failure message="not ok 7 - Equals" type="TAP::Parser::Result::Test"></failure>
    </testcase>
    <testcase name="Equals (927)" classname="spec_perl_TestExprOpsParens_t" time="0.000948905944824219" />
    <testcase name="Equals (928)" classname="spec_perl_TestExprOpsParens_t" time="4.60147857666016e-05" />
  </testsuite>
  <testsuite name="spec_perl_TestImportsAbs_t" errors="0" failures="0" skipped="0" tests="2" time="0.0297048091888428">
    <system-out>1..2
ok 1 - Equals
ok 2 - Equals
</system-out>
    <testcase name="Equals (929)" classname="spec_perl_TestImportsAbs_t" time="0.00136995315551758" />
    <testcase name="Equals (930)" classname="spec_perl_TestImportsAbs_t" time="6.60419464111328e-05" />
  </testsuite>
  <testsuite name="spec_perl_TestProcessXor4Value_t" errors="0" failures="0" skipped="0" tests="2" time="0.0313239097595215">
    <system-out>1..2
ok 1 - Equals
ok 2 - Equals
</system-out>
    <testcase name="Equals (931)" classname="spec_perl_TestProcessXor4Value_t" time="0.00116896629333496" />
    <testcase name="Equals (932)" classname="spec_perl_TestProcessXor4Value_t" time="9.48905944824219e-05" />
  </testsuite>
  <testsuite name="spec_perl_TestSwitchManualStr_t" errors="0" failures="0" skipped="0" tests="9" time="0.036323070526123">
    <system-out>1..9
ok 1 - Equals
ok 2 - Equals
ok 3 - Equals
ok 4 - Equals
ok 5 - Equals
ok 6 - Equals
ok 7 - Equals
ok 8 - Equals
ok 9 - Equals
</system-out>
    <testcase name="Equals (933)" classname="spec_perl_TestSwitchManualStr_t" time="0.00122499465942383" />
    <testcase name="Equals (934)" classname="spec_perl_TestSwitchManualStr_t" time="5.69820404052734e-05" />
    <testcase name="Equals (935)" classname="spec_perl_TestSwitchManualStr_t" time="7.51018524169922e-05" />
    <testcase name="Equals (936)" classname="spec_perl_TestSwitchManualStr_t" time="7.39097595214844e-05" />
    <testcase name="Equals (937)" classname="spec_perl_TestSwitchManualStr_t" time="7.39097595214844e-05" />
    <testcase name="Equals (938)" classname="spec_perl_TestSwitchManualStr_t" time="7.29560852050781e-05" />
    <testcase name="Equals (939)" classname="spec_perl_TestSwitchManualStr_t" time="8.0108642578125e-05" />
    <testcase name="Equals (940)" classname="spec_perl_TestSwitchManualStr_t" time="6.50882720947266e-05" />
    <testcase name="Equals (941)" classname="spec_perl_TestSwitchManualStr_t" time="7.29560852050781e-05" />
  </testsuite>
  <testsuite name="spec_perl_TestRepeatEosStruct_t" errors="0" failures="0" skipped="0" tests="5" time="0.0331659317016602">
    <system-out>1..5
ok 1 - Equals
ok 2 - Equals
ok 3 - Equals
ok 4 - Equals
ok 5 - Equals
</system-out>
    <testcase name="Equals (942)" classname="spec_perl_TestRepeatEosStruct_t" time="0.00115394592285156" />
    <testcase name="Equals (943)" classname="spec_perl_TestRepeatEosStruct_t" time="6.60419464111328e-05" />
    <testcase name="Equals (944)" classname="spec_perl_TestRepeatEosStruct_t" time="3.814697265625e-05" />
    <testcase name="Equals (945)" classname="spec_perl_TestRepeatEosStruct_t" time="4.98294830322266e-05" />
    <testcase name="Equals (946)" classname="spec_perl_TestRepeatEosStruct_t" time="4.81605529785156e-05" />
  </testsuite>
  <testsuite name="spec_perl_TestEnumOfValueInst_t" errors="0" failures="0" skipped="0" tests="4" time="0.0325829982757568">
    <system-out>1..4
ok 1 - Equals
ok 2 - Equals
ok 3 - Equals
ok 4 - Equals
</system-out>
    <testcase name="Equals (947)" classname="spec_perl_TestEnumOfValueInst_t" time="0.00114202499389648" />
    <testcase name="Equals (948)" classname="spec_perl_TestEnumOfValueInst_t" time="7.60555267333984e-05" />
    <testcase name="Equals (949)" classname="spec_perl_TestEnumOfValueInst_t" time="6.19888305664062e-05" />
    <testcase name="Equals (950)" classname="spec_perl_TestEnumOfValueInst_t" time="5.29289245605469e-05" />
  </testsuite>
  <testsuite name="spec_perl_TestValidNotParsedIf_t" errors="0" failures="0" skipped="1" tests="1" time="0.0330750942230225">
    <system-out>1..1
ok 1 # skip ValidNotParsedIf=HASH(0x560c55e69040)
</system-out>
    <testcase name="Unnamed test case 950" classname="spec_perl_TestValidNotParsedIf_t" time="0.0016639232635498">
      <skipped message="ok 1 # skip ValidNotParsedIf=HASH(0x560c55e69040)" />
    </testcase>
  </testsuite>
  <testsuite name="spec_perl_TestRepeatUntilSized_t" errors="0" failures="0" skipped="0" tests="7" time="0.0376379489898682">
    <system-out>1..7
ok 1 - Equals
ok 2 - Equals
ok 3 - Equals
ok 4 - Equals
ok 5 - Equals
ok 6 - Equals
ok 7 - Equals
</system-out>
    <testcase name="Equals (951)" classname="spec_perl_TestRepeatUntilSized_t" time="0.00159502029418945" />
    <testcase name="Equals (952)" classname="spec_perl_TestRepeatUntilSized_t" time="6.69956207275391e-05" />
    <testcase name="Equals (953)" classname="spec_perl_TestRepeatUntilSized_t" time="4.91142272949219e-05" />
    <testcase name="Equals (954)" classname="spec_perl_TestRepeatUntilSized_t" time="5.19752502441406e-05" />
    <testcase name="Equals (955)" classname="spec_perl_TestRepeatUntilSized_t" time="4.79221343994141e-05" />
    <testcase name="Equals (956)" classname="spec_perl_TestRepeatUntilSized_t" time="4.60147857666016e-05" />
    <testcase name="Equals (957)" classname="spec_perl_TestRepeatUntilSized_t" time="7.60555267333984e-05" />
  </testsuite>
  <testsuite name="spec_perl_TestImportsRel1_t" errors="0" failures="0" skipped="0" tests="3" time="0.0327792167663574">
    <system-out>1..3
ok 1 - Equals
ok 2 - Equals
ok 3 - Equals
</system-out>
    <testcase name="Equals (958)" classname="spec_perl_TestImportsRel1_t" time="0.00113296508789062" />
    <testcase name="Equals (959)" classname="spec_perl_TestImportsRel1_t" time="6.41345977783203e-05" />
    <testcase name="Equals (960)" classname="spec_perl_TestImportsRel1_t" time="3.69548797607422e-05" />
  </testsuite>
  <testsuite name="spec_perl_TestZlibWithHeader78_t" errors="0" failures="0" skipped="0" tests="1" time="0.0587430000305176">
    <system-out>1..1
ok 1 - Equals
</system-out>
    <testcase name="Equals (961)" classname="spec_perl_TestZlibWithHeader78_t" time="0.00132584571838379" />
  </testsuite>
  <testsuite name="spec_perl_TestIndexToParamEos_t" errors="0" failures="2" skipped="0" tests="7" time="0.0375130176544189">
    <system-out>1..7
ok 1 - Equals
ok 2 - Equals
ok 3 - Equals
ok 4 - Equals
ok 5 - Equals
not ok 6 - Equals
not ok 7 - Equals
</system-out>
    <testcase name="Equals (962)" classname="spec_perl_TestIndexToParamEos_t" time="0.00220608711242676" />
    <testcase name="Equals (963)" classname="spec_perl_TestIndexToParamEos_t" time="8.98838043212891e-05" />
    <testcase name="Equals (964)" classname="spec_perl_TestIndexToParamEos_t" time="4.1961669921875e-05" />
    <testcase name="Equals (965)" classname="spec_perl_TestIndexToParamEos_t" time="5.91278076171875e-05" />
    <testcase name="Equals (966)" classname="spec_perl_TestIndexToParamEos_t" time="4.88758087158203e-05" />
    <testcase name="Equals (967)" classname="spec_perl_TestIndexToParamEos_t" time="7.00950622558594e-05">
      <failure message="not ok 6 - Equals" type="TAP::Parser::Result::Test"></failure>
    </testcase>
    <testcase name="Equals (968)" classname="spec_perl_TestIndexToParamEos_t" time="0.000529050827026367">
      <failure message="not ok 7 - Equals" type="TAP::Parser::Result::Test"></failure>
    </testcase>
  </testsuite>
  <testsuite name="spec_perl_TestNavParentFalse_t" errors="0" failures="0" skipped="0" tests="5" time="0.031728982925415">
    <system-out>1..5
ok 1 - Equals
ok 2 - Equals
ok 3 - Equals
ok 4 - Equals
ok 5 - Equals
</system-out>
    <testcase name="Equals (969)" classname="spec_perl_TestNavParentFalse_t" time="0.00116300582885742" />
    <testcase name="Equals (970)" classname="spec_perl_TestNavParentFalse_t" time="6.41345977783203e-05" />
    <testcase name="Equals (971)" classname="spec_perl_TestNavParentFalse_t" time="5.07831573486328e-05" />
    <testcase name="Equals (972)" classname="spec_perl_TestNavParentFalse_t" time="4.91142272949219e-05" />
    <testcase name="Equals (973)" classname="spec_perl_TestNavParentFalse_t" time="6.50882720947266e-05" />
  </testsuite>
  <testsuite name="spec_perl_TestNestedSameName_t" errors="0" failures="0" skipped="0" tests="2" time="0.0314679145812988">
    <system-out>1..2
ok 1 - Equals
ok 2 - Equals
</system-out>
    <testcase name="Equals (974)" classname="spec_perl_TestNestedSameName_t" time="0.00130391120910645" />
    <testcase name="Equals (975)" classname="spec_perl_TestNestedSameName_t" time="8.48770141601562e-05" />
  </testsuite>
  <testsuite name="spec_perl_TestEnumForUnknownId_t" errors="0" failures="0" skipped="0" tests="1" time="0.0301649570465088">
    <system-out>1..1
ok 1 - Equals
</system-out>
    <testcase name="Equals (976)" classname="spec_perl_TestEnumForUnknownId_t" time="0.0011289119720459" />
  </testsuite>
  <testsuite name="spec_perl_TestParamsPassArrayStr_t" errors="0" failures="1" skipped="6" tests="7" time="0.0352380275726318">
    <system-out>1..7
not ok 1 - test_params_pass_array_str died (Can't use an undefined value as an ARRAY reference at spec/perl/TestParamsPassArrayStr.t line 14.)
ok 2 # skip test_params_pass_array_str died
ok 3 # skip test_params_pass_array_str died
ok 4 # skip test_params_pass_array_str died
ok 5 # skip test_params_pass_array_str died
ok 6 # skip test_params_pass_array_str died
ok 7 # skip test_params_pass_array_str died
</system-out>
    <testcase name="test_params_pass_array_str died (Can't use an undefined value as an ARRAY reference at spec/perl/TestParamsPassArrayStr.t line 14.) (976)" classname="spec_perl_TestParamsPassArrayStr_t" time="0.00122690200805664">
      <failure message="not ok 1 - test_params_pass_array_str died (Can't use an undefined value as an ARRAY reference at spec/perl/TestParamsPassArrayStr.t line 14.)" type="TAP::Parser::Result::Test"></failure>
    </testcase>
    <testcase name="Unnamed test case 976" classname="spec_perl_TestParamsPassArrayStr_t" time="9.20295715332031e-05">
      <skipped message="ok 2 # skip test_params_pass_array_str died" />
    </testcase>
    <testcase name="Unnamed test case 977" classname="spec_perl_TestParamsPassArrayStr_t" time="4.60147857666016e-05">
      <skipped message="ok 3 # skip test_params_pass_array_str died" />
    </testcase>
    <testcase name="Unnamed test case 978" classname="spec_perl_TestParamsPassArrayStr_t" time="3.79085540771484e-05">
      <skipped message="ok 4 # skip test_params_pass_array_str died" />
    </testcase>
    <testcase name="Unnamed test case 979" classname="spec_perl_TestParamsPassArrayStr_t" time="3.40938568115234e-05">
      <skipped message="ok 5 # skip test_params_pass_array_str died" />
    </testcase>
    <testcase name="Unnamed test case 980" classname="spec_perl_TestParamsPassArrayStr_t" time="5.19752502441406e-05">
      <skipped message="ok 6 # skip test_params_pass_array_str died" />
    </testcase>
    <testcase name="Unnamed test case 981" classname="spec_perl_TestParamsPassArrayStr_t" time="4.00543212890625e-05">
      <skipped message="ok 7 # skip test_params_pass_array_str died" />
    </testcase>
  </testsuite>
  <testsuite name="spec_perl_TestDefaultBigEndian_t" errors="0" failures="0" skipped="0" tests="1" time="0.0299959182739258">
    <system-out>1..1
ok 1 - Equals
</system-out>
    <testcase name="Equals (981)" classname="spec_perl_TestDefaultBigEndian_t" time="0.00131011009216309" />
  </testsuite>
  <testsuite name="spec_perl_TestParamsEnum_t" errors="0" failures="1" skipped="0" tests="2" time="0.0361521244049072">
    <system-out>1..2
ok 1 - Equals
not ok 2 - Equals
</system-out>
    <testcase name="Equals (982)" classname="spec_perl_TestParamsEnum_t" time="0.00115203857421875" />
    <testcase name="Equals (983)" classname="spec_perl_TestParamsEnum_t" time="8.10623168945312e-05">
      <failure message="not ok 2 - Equals" type="TAP::Parser::Result::Test"></failure>
    </testcase>
  </testsuite>
  <testsuite name="spec_perl_TestTypeTernaryOpaque_t" errors="0" failures="0" skipped="0" tests="3" time="0.0363459587097168">
    <system-out>1..3
ok 1 - Equals
ok 2 - Equals
ok 3 - Equals
</system-out>
    <testcase name="Equals (984)" classname="spec_perl_TestTypeTernaryOpaque_t" time="0.00200009346008301" />
    <testcase name="Equals (985)" classname="spec_perl_TestTypeTernaryOpaque_t" time="6.79492950439453e-05" />
    <testcase name="Equals (986)" classname="spec_perl_TestTypeTernaryOpaque_t" time="6.98566436767578e-05" />
  </testsuite>
</testsuites>
