<?xml version='1.0' encoding='utf-8'?>
<testsuites>
  <testsuite name="spec_perl_TestFixedContents_t" errors="1" failures="0" skipped="0" tests="0" time="0.0536401271820068">
    <system-out></system-out>
    <testcase name="Test died too soon, even before plan." classname="spec_perl_TestFixedContents_t" time="0.0536401271820068">
      <failure message="The test suite died before a plan was produced. You need to have a plan." type="Plan">No plan</failure>
    </testcase>
  </testsuite>
  <testsuite name="spec_perl_TestCombineStr_t" errors="0" failures="0" skipped="0" tests="15" time="0.0503320693969727">
    <system-out>1..15
ok 1 - Equals
ok 2 - Equals
ok 3 - Equals
ok 4 - Equals
ok 5 - Equals
ok 6 - Equals
ok 7 - Equals
ok 8 - Equals
ok 9 - Equals
ok 10 - Equals
ok 11 - Equals
ok 12 - Equals
ok 13 - Equals
ok 14 - Equals
ok 15 - Equals
</system-out>
    <testcase name="Equals" classname="spec_perl_TestCombineStr_t" time="0.000324010848999023" />
    <testcase name="Equals (2)" classname="spec_perl_TestCombineStr_t" time="0.000127077102661133" />
    <testcase name="Equals (3)" classname="spec_perl_TestCombineStr_t" time="9.17911529541016e-05" />
    <testcase name="Equals (4)" classname="spec_perl_TestCombineStr_t" time="0.000166177749633789" />
    <testcase name="Equals (5)" classname="spec_perl_TestCombineStr_t" time="0.000164031982421875" />
    <testcase name="Equals (6)" classname="spec_perl_TestCombineStr_t" time="0.000122785568237305" />
    <testcase name="Equals (7)" classname="spec_perl_TestCombineStr_t" time="0.000146150588989258" />
    <testcase name="Equals (8)" classname="spec_perl_TestCombineStr_t" time="0.000124931335449219" />
    <testcase name="Equals (9)" classname="spec_perl_TestCombineStr_t" time="0.00014495849609375" />
    <testcase name="Equals (10)" classname="spec_perl_TestCombineStr_t" time="0.0001220703125" />
    <testcase name="Equals (11)" classname="spec_perl_TestCombineStr_t" time="0.000149965286254883" />
    <testcase name="Equals (12)" classname="spec_perl_TestCombineStr_t" time="0.000117063522338867" />
    <testcase name="Equals (13)" classname="spec_perl_TestCombineStr_t" time="0.000149011611938477" />
    <testcase name="Equals (14)" classname="spec_perl_TestCombineStr_t" time="0.0001220703125" />
    <testcase name="Equals (15)" classname="spec_perl_TestCombineStr_t" time="0.000126838684082031" />
  </testsuite>
  <testsuite name="spec_perl_TestStrEos_t" errors="0" failures="0" skipped="0" tests="1" time="0.0501351356506348">
    <system-out>1..1
ok 1 - Equals
</system-out>
    <testcase name="Equals (16)" classname="spec_perl_TestStrEos_t" time="0.000346899032592773" />
  </testsuite>
  <testsuite name="spec_perl_TestBytesPadTerm_t" errors="0" failures="0" skipped="0" tests="4" time="0.0448229312896729">
    <system-out>1..4
ok 1 - Equals
ok 2 - Equals
ok 3 - Equals
ok 4 - Equals
</system-out>
    <testcase name="Equals (17)" classname="spec_perl_TestBytesPadTerm_t" time="0.000259876251220703" />
    <testcase name="Equals (18)" classname="spec_perl_TestBytesPadTerm_t" time="7.60555267333984e-05" />
    <testcase name="Equals (19)" classname="spec_perl_TestBytesPadTerm_t" time="0.000133991241455078" />
    <testcase name="Equals (20)" classname="spec_perl_TestBytesPadTerm_t" time="0.000139951705932617" />
  </testsuite>
  <testsuite name="spec_perl_TestSwitchManualEnumInvalid_t" errors="0" failures="0" skipped="0" tests="5" time="0.0486321449279785">
    <system-out>1..5
ok 1 - Equals
ok 2 - Equals
ok 3 - nil
ok 4 - Equals
ok 5 - nil
</system-out>
    <testcase name="Equals (21)" classname="spec_perl_TestSwitchManualEnumInvalid_t" time="0.000332117080688477" />
    <testcase name="Equals (22)" classname="spec_perl_TestSwitchManualEnumInvalid_t" time="8.20159912109375e-05" />
    <testcase name="nil (22)" classname="spec_perl_TestSwitchManualEnumInvalid_t" time="5.69820404052734e-05" />
    <testcase name="Equals (23)" classname="spec_perl_TestSwitchManualEnumInvalid_t" time="0.000123977661132812" />
    <testcase name="nil (23)" classname="spec_perl_TestSwitchManualEnumInvalid_t" time="5.98430633544922e-05" />
  </testsuite>
  <testsuite name="spec_perl_TestSwitchRepeatExprInvalid_t" errors="0" failures="0" skipped="0" tests="3" time="0.0454330444335938">
    <system-out>1..3
ok 1 - Equals
ok 2 - Equals
ok 3 - Equals
</system-out>
    <testcase name="Equals (24)" classname="spec_perl_TestSwitchRepeatExprInvalid_t" time="0.000283956527709961" />
    <testcase name="Equals (25)" classname="spec_perl_TestSwitchRepeatExprInvalid_t" time="0.0001220703125" />
    <testcase name="Equals (26)" classname="spec_perl_TestSwitchRepeatExprInvalid_t" time="5.79357147216797e-05" />
  </testsuite>
  <testsuite name="spec_perl_TestDebug0_t" errors="0" failures="0" skipped="1" tests="1" time="0.0440900325775146">
    <system-out>1..1
ok 1 # skip test_debug_0
</system-out>
    <testcase name="Unnamed test case 26" classname="spec_perl_TestDebug0_t" time="0.00035405158996582">
      <skipped message="ok 1 # skip test_debug_0" />
    </testcase>
  </testsuite>
  <testsuite name="spec_perl_TestEnumNegative_t" errors="0" failures="0" skipped="0" tests="2" time="0.0442140102386475">
    <system-out>1..2
ok 1 - Equals
ok 2 - Equals
</system-out>
    <testcase name="Equals (27)" classname="spec_perl_TestEnumNegative_t" time="0.000277042388916016" />
    <testcase name="Equals (28)" classname="spec_perl_TestEnumNegative_t" time="7.89165496826172e-05" />
  </testsuite>
  <testsuite name="spec_perl_TestExprSizeofValueSized_t" errors="0" failures="0" skipped="0" tests="5" time="0.0450098514556885">
    <system-out>1..5
ok 1 - Equals
ok 2 - Equals
ok 3 - Equals
ok 4 - Equals
ok 5 - Equals
</system-out>
    <testcase name="Equals (29)" classname="spec_perl_TestExprSizeofValueSized_t" time="0.000603199005126953" />
    <testcase name="Equals (30)" classname="spec_perl_TestExprSizeofValueSized_t" time="0.000101804733276367" />
    <testcase name="Equals (31)" classname="spec_perl_TestExprSizeofValueSized_t" time="6.00814819335938e-05" />
    <testcase name="Equals (32)" classname="spec_perl_TestExprSizeofValueSized_t" time="0.000133991241455078" />
    <testcase name="Equals (33)" classname="spec_perl_TestExprSizeofValueSized_t" time="0.000132083892822266" />
  </testsuite>
  <testsuite name="spec_perl_TestExpr2_t" errors="0" failures="0" skipped="0" tests="17" time="0.0509741306304932">
    <system-out>1..17
ok 1 - Equals
ok 2 - Equals
ok 3 - Equals
ok 4 - Equals
ok 5 - Equals
ok 6 - Equals
ok 7 - Equals
ok 8 - Equals
ok 9 - Equals
ok 10 - Equals
ok 11 - Equals
ok 12 - Equals
ok 13 - Equals
ok 14 - Equals
ok 15 - Equals
ok 16 - Equals
ok 17 - Equals
</system-out>
    <testcase name="Equals (34)" classname="spec_perl_TestExpr2_t" time="0.000741004943847656" />
    <testcase name="Equals (35)" classname="spec_perl_TestExpr2_t" time="0.000102996826171875" />
    <testcase name="Equals (36)" classname="spec_perl_TestExpr2_t" time="5.79357147216797e-05" />
    <testcase name="Equals (37)" classname="spec_perl_TestExpr2_t" time="0.000150918960571289" />
    <testcase name="Equals (38)" classname="spec_perl_TestExpr2_t" time="0.000132083892822266" />
    <testcase name="Equals (39)" classname="spec_perl_TestExpr2_t" time="0.000189065933227539" />
    <testcase name="Equals (40)" classname="spec_perl_TestExpr2_t" time="7.79628753662109e-05" />
    <testcase name="Equals (41)" classname="spec_perl_TestExpr2_t" time="0.000201940536499023" />
    <testcase name="Equals (42)" classname="spec_perl_TestExpr2_t" time="0.000158071517944336" />
    <testcase name="Equals (43)" classname="spec_perl_TestExpr2_t" time="0.000149011611938477" />
    <testcase name="Equals (44)" classname="spec_perl_TestExpr2_t" time="0.000119924545288086" />
    <testcase name="Equals (45)" classname="spec_perl_TestExpr2_t" time="0.000149965286254883" />
    <testcase name="Equals (46)" classname="spec_perl_TestExpr2_t" time="0.000167131423950195" />
    <testcase name="Equals (47)" classname="spec_perl_TestExpr2_t" time="0.000166893005371094" />
    <testcase name="Equals (48)" classname="spec_perl_TestExpr2_t" time="0.000116109848022461" />
    <testcase name="Equals (49)" classname="spec_perl_TestExpr2_t" time="0.000142812728881836" />
    <testcase name="Equals (50)" classname="spec_perl_TestExpr2_t" time="0.000142097473144531" />
  </testsuite>
  <testsuite name="spec_perl_TestRepeatNStrzDouble_t" errors="0" failures="0" skipped="0" tests="3" time="0.0485219955444336">
    <system-out>1..3
ok 1 - Equals
ok 2 - Equals
ok 3 - Equals
</system-out>
    <testcase name="Equals (51)" classname="spec_perl_TestRepeatNStrzDouble_t" time="0.000357866287231445" />
    <testcase name="Equals (52)" classname="spec_perl_TestRepeatNStrzDouble_t" time="8.41617584228516e-05" />
    <testcase name="Equals (53)" classname="spec_perl_TestRepeatNStrzDouble_t" time="0.00011897087097168" />
  </testsuite>
  <testsuite name="spec_perl_TestDefaultEndianMod_t" errors="0" failures="0" skipped="0" tests="3" time="0.0453839302062988">
    <system-out>1..3
ok 1 - Equals
ok 2 - Equals
ok 3 - Equals
</system-out>
    <testcase name="Equals (54)" classname="spec_perl_TestDefaultEndianMod_t" time="0.000320196151733398" />
    <testcase name="Equals (55)" classname="spec_perl_TestDefaultEndianMod_t" time="8.48770141601562e-05" />
    <testcase name="Equals (56)" classname="spec_perl_TestDefaultEndianMod_t" time="0.00011897087097168" />
  </testsuite>
  <testsuite name="spec_perl_TestStrEncodingsDefault_t" errors="0" failures="0" skipped="0" tests="4" time="0.0545551776885986">
    <system-out>1..4
ok 1 - Equals
ok 2 - Equals
ok 3 - Equals
ok 4 - Equals
</system-out>
    <testcase name="Equals (57)" classname="spec_perl_TestStrEncodingsDefault_t" time="0.00383901596069336" />
    <testcase name="Equals (58)" classname="spec_perl_TestStrEncodingsDefault_t" time="0.000128984451293945" />
    <testcase name="Equals (59)" classname="spec_perl_TestStrEncodingsDefault_t" time="4.79221343994141e-05" />
    <testcase name="Equals (60)" classname="spec_perl_TestStrEncodingsDefault_t" time="0.000110149383544922" />
  </testsuite>
  <testsuite name="spec_perl_TestParamsPassArrayStruct_t" errors="0" failures="1" skipped="2" tests="3" time="0.0487101078033447">
    <system-out>1..3
not ok 1 - test_params_pass_array_struct died (Can't use an undefined value as an ARRAY reference at spec/perl/TestParamsPassArrayStruct.t line 15.)
ok 2 # skip test_params_pass_array_struct died
ok 3 # skip test_params_pass_array_struct died
</system-out>
    <testcase name="test_params_pass_array_struct died (Can't use an undefined value as an ARRAY reference at spec/perl/TestParamsPassArrayStruct.t line 15.) (60)" classname="spec_perl_TestParamsPassArrayStruct_t" time="0.00040888786315918">
      <failure message="not ok 1 - test_params_pass_array_struct died (Can't use an undefined value as an ARRAY reference at spec/perl/TestParamsPassArrayStruct.t line 15.)" type="TAP::Parser::Result::Test"></failure>
    </testcase>
    <testcase name="Unnamed test case 60" classname="spec_perl_TestParamsPassArrayStruct_t" time="0.00379204750061035">
      <skipped message="ok 2 # skip test_params_pass_array_struct died" />
    </testcase>
    <testcase name="Unnamed test case 61" classname="spec_perl_TestParamsPassArrayStruct_t" time="7.39097595214844e-05">
      <skipped message="ok 3 # skip test_params_pass_array_struct died" />
    </testcase>
  </testsuite>
  <testsuite name="spec_perl_TestSwitchManualIntElse_t" errors="0" failures="0" skipped="0" tests="9" time="0.0490121841430664">
    <system-out>1..9
ok 1 - Equals
ok 2 - Equals
ok 3 - Equals
ok 4 - Equals
ok 5 - Equals
ok 6 - Equals
ok 7 - Equals
ok 8 - Equals
ok 9 - Equals
</system-out>
    <testcase name="Equals (61)" classname="spec_perl_TestSwitchManualIntElse_t" time="0.000409126281738281" />
    <testcase name="Equals (62)" classname="spec_perl_TestSwitchManualIntElse_t" time="9.08374786376953e-05" />
    <testcase name="Equals (63)" classname="spec_perl_TestSwitchManualIntElse_t" time="6.41345977783203e-05" />
    <testcase name="Equals (64)" classname="spec_perl_TestSwitchManualIntElse_t" time="0.00011897087097168" />
    <testcase name="Equals (65)" classname="spec_perl_TestSwitchManualIntElse_t" time="0.000130891799926758" />
    <testcase name="Equals (66)" classname="spec_perl_TestSwitchManualIntElse_t" time="0.000143051147460938" />
    <testcase name="Equals (67)" classname="spec_perl_TestSwitchManualIntElse_t" time="0.000120162963867188" />
    <testcase name="Equals (68)" classname="spec_perl_TestSwitchManualIntElse_t" time="0.000149011611938477" />
    <testcase name="Equals (69)" classname="spec_perl_TestSwitchManualIntElse_t" time="0.000130891799926758" />
  </testsuite>
  <testsuite name="spec_perl_TestValidShort_t" errors="1" failures="0" skipped="0" tests="0" time="0.04361891746521">
    <system-out></system-out>
    <testcase name="Test died too soon, even before plan. (69)" classname="spec_perl_TestValidShort_t" time="0.04361891746521">
      <failure message="The test suite died before a plan was produced. You need to have a plan." type="Plan">No plan</failure>
    </testcase>
  </testsuite>
  <testsuite name="spec_perl_TestParamsPassStruct_t" errors="0" failures="1" skipped="1" tests="4" time="0.0490438938140869">
    <system-out>1..4
ok 1 - Equals
ok 2 - Equals
not ok 3 - test_params_pass_struct died (Can't call method &quot;foo&quot; on an undefined value at spec/perl/TestParamsPassStruct.t line 17.)
ok 4 # skip test_params_pass_struct died
</system-out>
    <testcase name="Equals (70)" classname="spec_perl_TestParamsPassStruct_t" time="0.000305891036987305" />
    <testcase name="Equals (71)" classname="spec_perl_TestParamsPassStruct_t" time="8.0108642578125e-05" />
    <testcase name="test_params_pass_struct died (Can't call method &quot;foo&quot; on an undefined value at spec/perl/TestParamsPassStruct.t line 17.) (71)" classname="spec_perl_TestParamsPassStruct_t" time="0.000272035598754883">
      <failure message="not ok 3 - test_params_pass_struct died (Can't call method &quot;foo&quot; on an undefined value at spec/perl/TestParamsPassStruct.t line 17.)" type="TAP::Parser::Result::Test"></failure>
    </testcase>
    <testcase name="Unnamed test case 71" classname="spec_perl_TestParamsPassStruct_t" time="0.0017390251159668">
      <skipped message="ok 4 # skip test_params_pass_struct died" />
    </testcase>
  </testsuite>
  <testsuite name="spec_perl_TestPositionInSeq_t" errors="0" failures="0" skipped="0" tests="1" time="0.0453238487243652">
    <system-out>1..1
ok 1 - Equals
</system-out>
    <testcase name="Equals (72)" classname="spec_perl_TestPositionInSeq_t" time="0.000294923782348633" />
  </testsuite>
  <testsuite name="spec_perl_TestIndexSizes_t" errors="0" failures="0" skipped="0" tests="7" time="0.0493769645690918">
    <system-out>1..7
ok 1 - Equals
ok 2 - Equals
ok 3 - Equals
ok 4 - Equals
ok 5 - Equals
ok 6 - Equals
ok 7 - Equals
</system-out>
    <testcase name="Equals (73)" classname="spec_perl_TestIndexSizes_t" time="0.000361919403076172" />
    <testcase name="Equals (74)" classname="spec_perl_TestIndexSizes_t" time="0.000102996826171875" />
    <testcase name="Equals (75)" classname="spec_perl_TestIndexSizes_t" time="5.91278076171875e-05" />
    <testcase name="Equals (76)" classname="spec_perl_TestIndexSizes_t" time="0.000126838684082031" />
    <testcase name="Equals (77)" classname="spec_perl_TestIndexSizes_t" time="0.000136137008666992" />
    <testcase name="Equals (78)" classname="spec_perl_TestIndexSizes_t" time="0.000164985656738281" />
    <testcase name="Equals (79)" classname="spec_perl_TestIndexSizes_t" time="0.000120878219604492" />
  </testsuite>
  <testsuite name="spec_perl_TestImports0_t" errors="0" failures="0" skipped="0" tests="3" time="0.0456831455230713">
    <system-out>1..3
ok 1 - Equals
ok 2 - Equals
ok 3 - Equals
</system-out>
    <testcase name="Equals (80)" classname="spec_perl_TestImports0_t" time="0.00023198127746582" />
    <testcase name="Equals (81)" classname="spec_perl_TestImports0_t" time="8.29696655273438e-05" />
    <testcase name="Equals (82)" classname="spec_perl_TestImports0_t" time="0.000159978866577148" />
  </testsuite>
  <testsuite name="spec_perl_TestTypeTernary2ndFalsy_t" errors="0" failures="1" skipped="0" tests="13" time="0.0519919395446777">
    <system-out>1..13
ok 1 - Equals
ok 2 - Equals
ok 3 - Equals
ok 4 - Approx equals
ok 5 - Approx equals
ok 6 - Equals
ok 7 - Equals
ok 8 - Equals
ok 9 - nil
ok 10 - Equals
ok 11 - Equals
ok 12 - Equals
not ok 13 - test_type_ternary_2nd_falsy died (Can't use an undefined value as an ARRAY reference at spec/perl/TestTypeTernary2ndFalsy.t line 27.)
</system-out>
    <testcase name="Equals (83)" classname="spec_perl_TestTypeTernary2ndFalsy_t" time="0.000284910202026367" />
    <testcase name="Equals (84)" classname="spec_perl_TestTypeTernary2ndFalsy_t" time="8.10623168945312e-05" />
    <testcase name="Equals (85)" classname="spec_perl_TestTypeTernary2ndFalsy_t" time="0.000133037567138672" />
    <testcase name="Approx equals (85)" classname="spec_perl_TestTypeTernary2ndFalsy_t" time="6.19888305664062e-05" />
    <testcase name="Approx equals (86)" classname="spec_perl_TestTypeTernary2ndFalsy_t" time="8.89301300048828e-05" />
    <testcase name="Equals (86)" classname="spec_perl_TestTypeTernary2ndFalsy_t" time="9.79900360107422e-05" />
    <testcase name="Equals (87)" classname="spec_perl_TestTypeTernary2ndFalsy_t" time="0.000149965286254883" />
    <testcase name="Equals (88)" classname="spec_perl_TestTypeTernary2ndFalsy_t" time="0.000146150588989258" />
    <testcase name="nil (88)" classname="spec_perl_TestTypeTernary2ndFalsy_t" time="6.60419464111328e-05" />
    <testcase name="Equals (89)" classname="spec_perl_TestTypeTernary2ndFalsy_t" time="0.000188827514648438" />
    <testcase name="Equals (90)" classname="spec_perl_TestTypeTernary2ndFalsy_t" time="0.000120162963867188" />
    <testcase name="Equals (91)" classname="spec_perl_TestTypeTernary2ndFalsy_t" time="0.000152826309204102" />
    <testcase name="test_type_ternary_2nd_falsy died (Can't use an undefined value as an ARRAY reference at spec/perl/TestTypeTernary2ndFalsy.t line 27.) (91)" classname="spec_perl_TestTypeTernary2ndFalsy_t" time="0.000291109085083008">
      <failure message="not ok 13 - test_type_ternary_2nd_falsy died (Can't use an undefined value as an ARRAY reference at spec/perl/TestTypeTernary2ndFalsy.t line 27.)" type="TAP::Parser::Result::Test"></failure>
    </testcase>
  </testsuite>
  <testsuite name="spec_perl_TestBcdUserTypeBe_t" errors="0" failures="0" skipped="0" tests="6" time="0.0464248657226562">
    <system-out>1..6
ok 1 - Equals
ok 2 - Equals
ok 3 - Equals
ok 4 - Equals
ok 5 - Equals
ok 6 - Equals
</system-out>
    <testcase name="Equals (92)" classname="spec_perl_TestBcdUserTypeBe_t" time="0.00064396858215332" />
    <testcase name="Equals (93)" classname="spec_perl_TestBcdUserTypeBe_t" time="0.000104188919067383" />
    <testcase name="Equals (94)" classname="spec_perl_TestBcdUserTypeBe_t" time="5.60283660888672e-05" />
    <testcase name="Equals (95)" classname="spec_perl_TestBcdUserTypeBe_t" time="0.000156879425048828" />
    <testcase name="Equals (96)" classname="spec_perl_TestBcdUserTypeBe_t" time="0.000164985656738281" />
    <testcase name="Equals (97)" classname="spec_perl_TestBcdUserTypeBe_t" time="0.000138998031616211" />
  </testsuite>
  <testsuite name="spec_perl_TestExprArray_t" errors="0" failures="1" skipped="0" tests="15" time="0.0536630153656006">
    <system-out>1..15
ok 1 - Equals
ok 2 - Equals
ok 3 - Equals
ok 4 - Equals
ok 5 - Equals
ok 6 - Equals
ok 7 - Equals
ok 8 - Equals
not ok 9 - Equals
ok 10 - Equals
ok 11 - Equals
ok 12 - Equals
ok 13 - Equals
ok 14 - Equals
ok 15 - Equals
</system-out>
    <testcase name="Equals (98)" classname="spec_perl_TestExprArray_t" time="0.000434160232543945" />
    <testcase name="Equals (99)" classname="spec_perl_TestExprArray_t" time="8.98838043212891e-05" />
    <testcase name="Equals (100)" classname="spec_perl_TestExprArray_t" time="5.79357147216797e-05" />
    <testcase name="Equals (101)" classname="spec_perl_TestExprArray_t" time="0.000120162963867188" />
    <testcase name="Equals (102)" classname="spec_perl_TestExprArray_t" time="0.000144004821777344" />
    <testcase name="Equals (103)" classname="spec_perl_TestExprArray_t" time="0.000116825103759766" />
    <testcase name="Equals (104)" classname="spec_perl_TestExprArray_t" time="0.000202178955078125" />
    <testcase name="Equals (105)" classname="spec_perl_TestExprArray_t" time="0.00011897087097168" />
    <testcase name="Equals (106)" classname="spec_perl_TestExprArray_t" time="0.000244855880737305">
      <failure message="not ok 9 - Equals" type="TAP::Parser::Result::Test"></failure>
    </testcase>
    <testcase name="Equals (107)" classname="spec_perl_TestExprArray_t" time="0.00361800193786621" />
    <testcase name="Equals (108)" classname="spec_perl_TestExprArray_t" time="0.000121116638183594" />
    <testcase name="Equals (109)" classname="spec_perl_TestExprArray_t" time="6.38961791992188e-05" />
    <testcase name="Equals (110)" classname="spec_perl_TestExprArray_t" time="5.10215759277344e-05" />
    <testcase name="Equals (111)" classname="spec_perl_TestExprArray_t" time="3.31401824951172e-05" />
    <testcase name="Equals (112)" classname="spec_perl_TestExprArray_t" time="0.000684022903442383" />
  </testsuite>
  <testsuite name="spec_perl_TestRepeatUntilS4_t" errors="0" failures="0" skipped="0" tests="2" time="0.0475859642028809">
    <system-out>1..2
ok 1 - Equals
ok 2 - Equals
</system-out>
    <testcase name="Equals (113)" classname="spec_perl_TestRepeatUntilS4_t" time="0.000320911407470703" />
    <testcase name="Equals (114)" classname="spec_perl_TestRepeatUntilS4_t" time="8.60691070556641e-05" />
  </testsuite>
  <testsuite name="spec_perl_TestExprIoPos_t" errors="0" failures="0" skipped="0" tests="6" time="0.0490179061889648">
    <system-out>1..6
ok 1 - Equals
ok 2 - Equals
ok 3 - Equals
ok 4 - Equals
ok 5 - Equals
ok 6 - Equals
</system-out>
    <testcase name="Equals (115)" classname="spec_perl_TestExprIoPos_t" time="0.000689983367919922" />
    <testcase name="Equals (116)" classname="spec_perl_TestExprIoPos_t" time="0.000104188919067383" />
    <testcase name="Equals (117)" classname="spec_perl_TestExprIoPos_t" time="5.88893890380859e-05" />
    <testcase name="Equals (118)" classname="spec_perl_TestExprIoPos_t" time="0.000121116638183594" />
    <testcase name="Equals (119)" classname="spec_perl_TestExprIoPos_t" time="0.000133991241455078" />
    <testcase name="Equals (120)" classname="spec_perl_TestExprIoPos_t" time="0.000121831893920898" />
  </testsuite>
  <testsuite name="spec_perl_TestBufferedStruct_t" errors="0" failures="0" skipped="0" tests="7" time="0.0466978549957275">
    <system-out>1..7
ok 1 - Equals
ok 2 - Equals
ok 3 - Equals
ok 4 - Equals
ok 5 - Equals
ok 6 - Equals
ok 7 - Equals
</system-out>
    <testcase name="Equals (121)" classname="spec_perl_TestBufferedStruct_t" time="0.000630855560302734" />
    <testcase name="Equals (122)" classname="spec_perl_TestBufferedStruct_t" time="0.000102996826171875" />
    <testcase name="Equals (123)" classname="spec_perl_TestBufferedStruct_t" time="5.81741333007812e-05" />
    <testcase name="Equals (124)" classname="spec_perl_TestBufferedStruct_t" time="0.00014185905456543" />
    <testcase name="Equals (125)" classname="spec_perl_TestBufferedStruct_t" time="0.000164985656738281" />
    <testcase name="Equals (126)" classname="spec_perl_TestBufferedStruct_t" time="6.60419464111328e-05" />
    <testcase name="Equals (127)" classname="spec_perl_TestBufferedStruct_t" time="0.000155925750732422" />
  </testsuite>
  <testsuite name="spec_perl_TestBitsByteAligned_t" errors="0" failures="0" skipped="0" tests="9" time="0.045745849609375">
    <system-out>1..9
ok 1 - Equals
ok 2 - Equals
ok 3 - Equals
ok 4 - Equals
ok 5 - Equals
ok 6 - Equals
ok 7 - Equals
ok 8 - Equals
ok 9 - Equals
</system-out>
    <testcase name="Equals (128)" classname="spec_perl_TestBitsByteAligned_t" time="0.000316858291625977" />
    <testcase name="Equals (129)" classname="spec_perl_TestBitsByteAligned_t" time="8.51154327392578e-05" />
    <testcase name="Equals (130)" classname="spec_perl_TestBitsByteAligned_t" time="0.000116109848022461" />
    <testcase name="Equals (131)" classname="spec_perl_TestBitsByteAligned_t" time="0.000142812728881836" />
    <testcase name="Equals (132)" classname="spec_perl_TestBitsByteAligned_t" time="0.000113010406494141" />
    <testcase name="Equals (133)" classname="spec_perl_TestBitsByteAligned_t" time="0.000146150588989258" />
    <testcase name="Equals (134)" classname="spec_perl_TestBitsByteAligned_t" time="0.000110864639282227" />
    <testcase name="Equals (135)" classname="spec_perl_TestBitsByteAligned_t" time="0.000147104263305664" />
    <testcase name="Equals (136)" classname="spec_perl_TestBitsByteAligned_t" time="0.000113010406494141" />
  </testsuite>
  <testsuite name="spec_perl_TestBitsEnum_t" errors="0" failures="0" skipped="0" tests="3" time="0.0449061393737793">
    <system-out>1..3
ok 1 - Equals
ok 2 - Equals
ok 3 - Equals
</system-out>
    <testcase name="Equals (137)" classname="spec_perl_TestBitsEnum_t" time="0.000274896621704102" />
    <testcase name="Equals (138)" classname="spec_perl_TestBitsEnum_t" time="8.32080841064453e-05" />
    <testcase name="Equals (139)" classname="spec_perl_TestBitsEnum_t" time="0.000144004821777344" />
  </testsuite>
  <testsuite name="spec_perl_TestRepeatEosBit_t" errors="0" failures="0" skipped="0" tests="1" time="0.0436680316925049">
    <system-out>1..1
ok 1 - Equals
</system-out>
    <testcase name="Equals (140)" classname="spec_perl_TestRepeatEosBit_t" time="0.000344991683959961" />
  </testsuite>
  <testsuite name="spec_perl_TestParamsCallExtraParens_t" errors="0" failures="1" skipped="0" tests="1" time="0.0506711006164551">
    <system-out>1..1
not ok 1 - Equals
</system-out>
    <testcase name="Equals (141)" classname="spec_perl_TestParamsCallExtraParens_t" time="0.00440096855163574">
      <failure message="not ok 1 - Equals" type="TAP::Parser::Result::Test"></failure>
    </testcase>
  </testsuite>
  <testsuite name="spec_perl_TestEnumIntRangeU_t" errors="0" failures="0" skipped="0" tests="2" time="0.0441000461578369">
    <system-out>1..2
ok 1 - Equals
ok 2 - Equals
</system-out>
    <testcase name="Equals (142)" classname="spec_perl_TestEnumIntRangeU_t" time="0.000264883041381836" />
    <testcase name="Equals (143)" classname="spec_perl_TestEnumIntRangeU_t" time="7.51018524169922e-05" />
  </testsuite>
  <testsuite name="spec_perl_TestInstanceUserArray_t" errors="0" failures="0" skipped="0" tests="10" time="0.0483930110931396">
    <system-out>1..10
ok 1 - Equals
ok 2 - Equals
ok 3 - Equals
ok 4 - Equals
ok 5 - Equals
ok 6 - Equals
ok 7 - Equals
ok 8 - Equals
ok 9 - Equals
ok 10 - Equals
</system-out>
    <testcase name="Equals (144)" classname="spec_perl_TestInstanceUserArray_t" time="0.000288009643554688" />
    <testcase name="Equals (145)" classname="spec_perl_TestInstanceUserArray_t" time="8.0108642578125e-05" />
    <testcase name="Equals (146)" classname="spec_perl_TestInstanceUserArray_t" time="0.000140905380249023" />
    <testcase name="Equals (147)" classname="spec_perl_TestInstanceUserArray_t" time="0.000562906265258789" />
    <testcase name="Equals (148)" classname="spec_perl_TestInstanceUserArray_t" time="7.91549682617188e-05" />
    <testcase name="Equals (149)" classname="spec_perl_TestInstanceUserArray_t" time="0.000149011611938477" />
    <testcase name="Equals (150)" classname="spec_perl_TestInstanceUserArray_t" time="0.000133991241455078" />
    <testcase name="Equals (151)" classname="spec_perl_TestInstanceUserArray_t" time="0.000134944915771484" />
    <testcase name="Equals (152)" classname="spec_perl_TestInstanceUserArray_t" time="0.000190019607543945" />
    <testcase name="Equals (153)" classname="spec_perl_TestInstanceUserArray_t" time="6.89029693603516e-05" />
  </testsuite>
  <testsuite name="spec_perl_TestEnum0_t" errors="0" failures="0" skipped="0" tests="2" time="0.0441570281982422">
    <system-out>1..2
ok 1 - Equals
ok 2 - Equals
</system-out>
    <testcase name="Equals (154)" classname="spec_perl_TestEnum0_t" time="0.000235080718994141" />
    <testcase name="Equals (155)" classname="spec_perl_TestEnum0_t" time="7.10487365722656e-05" />
  </testsuite>
  <testsuite name="spec_perl_TestEnumDeepLiterals_t" errors="0" failures="0" skipped="0" tests="2" time="0.0444610118865967">
    <system-out>1..2
ok 1 - Equals
ok 2 - Equals
</system-out>
    <testcase name="Equals (156)" classname="spec_perl_TestEnumDeepLiterals_t" time="0.000265121459960938" />
    <testcase name="Equals (157)" classname="spec_perl_TestEnumDeepLiterals_t" time="0.000114917755126953" />
  </testsuite>
  <testsuite name="spec_perl_TestImportsCircularA_t" errors="0" failures="0" skipped="0" tests="5" time="0.0451068878173828">
    <system-out>1..5
ok 1 - Equals
ok 2 - Equals
ok 3 - Equals
ok 4 - Equals
ok 5 - nil
</system-out>
    <testcase name="Equals (158)" classname="spec_perl_TestImportsCircularA_t" time="0.000285863876342773" />
    <testcase name="Equals (159)" classname="spec_perl_TestImportsCircularA_t" time="9.01222229003906e-05" />
    <testcase name="Equals (160)" classname="spec_perl_TestImportsCircularA_t" time="0.000150918960571289" />
    <testcase name="Equals (161)" classname="spec_perl_TestImportsCircularA_t" time="0.000143051147460938" />
    <testcase name="nil (161)" classname="spec_perl_TestImportsCircularA_t" time="6.00814819335938e-05" />
  </testsuite>
  <testsuite name="spec_perl_TestExprMod_t" errors="0" failures="0" skipped="0" tests="6" time="0.0455920696258545">
    <system-out>1..6
ok 1 - Equals
ok 2 - Equals
ok 3 - Equals
ok 4 - Equals
ok 5 - Equals
ok 6 - Equals
</system-out>
    <testcase name="Equals (162)" classname="spec_perl_TestExprMod_t" time="0.000280141830444336" />
    <testcase name="Equals (163)" classname="spec_perl_TestExprMod_t" time="7.89165496826172e-05" />
    <testcase name="Equals (164)" classname="spec_perl_TestExprMod_t" time="0.000191926956176758" />
    <testcase name="Equals (165)" classname="spec_perl_TestExprMod_t" time="6.91413879394531e-05" />
    <testcase name="Equals (166)" classname="spec_perl_TestExprMod_t" time="0.000136852264404297" />
    <testcase name="Equals (167)" classname="spec_perl_TestExprMod_t" time="0.000115156173706055" />
  </testsuite>
  <testsuite name="spec_perl_TestInstanceIoUser_t" errors="0" failures="0" skipped="0" tests="4" time="0.0780351161956787">
    <system-out>1..4
ok 1 - Equals
ok 2 - Equals
ok 3 - Equals
ok 4 - Equals
</system-out>
    <testcase name="Equals (168)" classname="spec_perl_TestInstanceIoUser_t" time="0.000792026519775391" />
    <testcase name="Equals (169)" classname="spec_perl_TestInstanceIoUser_t" time="0.000102996826171875" />
    <testcase name="Equals (170)" classname="spec_perl_TestInstanceIoUser_t" time="6.103515625e-05" />
    <testcase name="Equals (171)" classname="spec_perl_TestInstanceIoUser_t" time="0.000200033187866211" />
  </testsuite>
  <testsuite name="spec_perl_TestProcessXorConst_t" errors="0" failures="0" skipped="0" tests="2" time="0.0448031425476074">
    <system-out>1..2
ok 1 - Equals
ok 2 - Equals
</system-out>
    <testcase name="Equals (172)" classname="spec_perl_TestProcessXorConst_t" time="0.000299930572509766" />
    <testcase name="Equals (173)" classname="spec_perl_TestProcessXorConst_t" time="8.0108642578125e-05" />
  </testsuite>
  <testsuite name="spec_perl_TestSwitchIntegers2_t" errors="0" failures="0" skipped="0" tests="5" time="0.0452249050140381">
    <system-out>1..5
ok 1 - Equals
ok 2 - Equals
ok 3 - Equals
ok 4 - Equals
ok 5 - Equals
</system-out>
    <testcase name="Equals (174)" classname="spec_perl_TestSwitchIntegers2_t" time="0.000271081924438477" />
    <testcase name="Equals (175)" classname="spec_perl_TestSwitchIntegers2_t" time="8.0108642578125e-05" />
    <testcase name="Equals (176)" classname="spec_perl_TestSwitchIntegers2_t" time="0.000117778778076172" />
    <testcase name="Equals (177)" classname="spec_perl_TestSwitchIntegers2_t" time="0.000136137008666992" />
    <testcase name="Equals (178)" classname="spec_perl_TestSwitchIntegers2_t" time="0.000166893005371094" />
  </testsuite>
  <testsuite name="spec_perl_TestDocstringsDocrefMulti_t" errors="0" failures="0" skipped="1" tests="1" time="0.0455498695373535">
    <system-out>1..1
ok 1 # skip DocstringsDocrefMulti=HASH(0x1b2dc98)
</system-out>
    <testcase name="Unnamed test case 178" classname="spec_perl_TestDocstringsDocrefMulti_t" time="0.00145816802978516">
      <skipped message="ok 1 # skip DocstringsDocrefMulti=HASH(0x1b2dc98)" />
    </testcase>
  </testsuite>
  <testsuite name="spec_perl_TestExprIntDiv_t" errors="0" failures="2" skipped="0" tests="6" time="0.0492830276489258">
    <system-out>1..6
ok 1 - Equals
ok 2 - Equals
ok 3 - Equals
not ok 4 - Equals
ok 5 - Equals
not ok 6 - Equals
</system-out>
    <testcase name="Equals (179)" classname="spec_perl_TestExprIntDiv_t" time="0.000255107879638672" />
    <testcase name="Equals (180)" classname="spec_perl_TestExprIntDiv_t" time="8.392333984375e-05" />
    <testcase name="Equals (181)" classname="spec_perl_TestExprIntDiv_t" time="0.00015711784362793" />
    <testcase name="Equals (182)" classname="spec_perl_TestExprIntDiv_t" time="0.000195026397705078">
      <failure message="not ok 4 - Equals" type="TAP::Parser::Result::Test"></failure>
    </testcase>
    <testcase name="Equals (183)" classname="spec_perl_TestExprIntDiv_t" time="0.00363779067993164" />
    <testcase name="Equals (184)" classname="spec_perl_TestExprIntDiv_t" time="6.41345977783203e-05">
      <failure message="not ok 6 - Equals" type="TAP::Parser::Result::Test"></failure>
    </testcase>
  </testsuite>
  <testsuite name="spec_perl_TestDocstringsDocref_t" errors="0" failures="0" skipped="1" tests="1" time="0.0462379455566406">
    <system-out>1..1
ok 1 # skip DocstringsDocref=HASH(0x190e590)
</system-out>
    <testcase name="Unnamed test case 184" classname="spec_perl_TestDocstringsDocref_t" time="0.00135707855224609">
      <skipped message="ok 1 # skip DocstringsDocref=HASH(0x190e590)" />
    </testcase>
  </testsuite>
  <testsuite name="spec_perl_TestProcessRotate_t" errors="0" failures="0" skipped="0" tests="3" time="0.0450098514556885">
    <system-out>1..3
ok 1 - Equals
ok 2 - Equals
ok 3 - Equals
</system-out>
    <testcase name="Equals (185)" classname="spec_perl_TestProcessRotate_t" time="0.000272989273071289" />
    <testcase name="Equals (186)" classname="spec_perl_TestProcessRotate_t" time="8.10623168945312e-05" />
    <testcase name="Equals (187)" classname="spec_perl_TestProcessRotate_t" time="0.000134944915771484" />
  </testsuite>
  <testsuite name="spec_perl_TestTypeTernaryOpaque_t" errors="0" failures="0" skipped="0" tests="3" time="0.0507919788360596">
    <system-out>1..3
ok 1 - Equals
ok 2 - Equals
ok 3 - Equals
</system-out>
    <testcase name="Equals (188)" classname="spec_perl_TestTypeTernaryOpaque_t" time="0.000714778900146484" />
    <testcase name="Equals (189)" classname="spec_perl_TestTypeTernaryOpaque_t" time="0.000105142593383789" />
    <testcase name="Equals (190)" classname="spec_perl_TestTypeTernaryOpaque_t" time="5.60283660888672e-05" />
  </testsuite>
  <testsuite name="spec_perl_TestDebugSwitchUser_t" errors="1" failures="0" skipped="0" tests="0" time="0.0595359802246094">
    <system-out></system-out>
    <testcase name="Test died too soon, even before plan. (190)" classname="spec_perl_TestDebugSwitchUser_t" time="0.0595359802246094">
      <failure message="The test suite died before a plan was produced. You need to have a plan." type="Plan">No plan</failure>
    </testcase>
  </testsuite>
  <testsuite name="spec_perl_TestSwitchManualInt_t" errors="0" failures="0" skipped="0" tests="9" time="0.0486938953399658">
    <system-out>1..9
ok 1 - Equals
ok 2 - Equals
ok 3 - Equals
ok 4 - Equals
ok 5 - Equals
ok 6 - Equals
ok 7 - Equals
ok 8 - Equals
ok 9 - Equals
</system-out>
    <testcase name="Equals (191)" classname="spec_perl_TestSwitchManualInt_t" time="0.000314950942993164" />
    <testcase name="Equals (192)" classname="spec_perl_TestSwitchManualInt_t" time="8.20159912109375e-05" />
    <testcase name="Equals (193)" classname="spec_perl_TestSwitchManualInt_t" time="0.000145196914672852" />
    <testcase name="Equals (194)" classname="spec_perl_TestSwitchManualInt_t" time="0.000129938125610352" />
    <testcase name="Equals (195)" classname="spec_perl_TestSwitchManualInt_t" time="0.000123977661132812" />
    <testcase name="Equals (196)" classname="spec_perl_TestSwitchManualInt_t" time="0.000127077102661133" />
    <testcase name="Equals (197)" classname="spec_perl_TestSwitchManualInt_t" time="0.000121831893920898" />
    <testcase name="Equals (198)" classname="spec_perl_TestSwitchManualInt_t" time="0.000127077102661133" />
    <testcase name="Equals (199)" classname="spec_perl_TestSwitchManualInt_t" time="0.000127077102661133" />
  </testsuite>
  <testsuite name="spec_perl_TestRecursiveOne_t" errors="0" failures="0" skipped="0" tests="4" time="0.04463791847229">
    <system-out>1..4
ok 1 - Equals
ok 2 - Equals
ok 3 - Equals
ok 4 - Equals
</system-out>
    <testcase name="Equals (200)" classname="spec_perl_TestRecursiveOne_t" time="0.000322103500366211" />
    <testcase name="Equals (201)" classname="spec_perl_TestRecursiveOne_t" time="8.70227813720703e-05" />
    <testcase name="Equals (202)" classname="spec_perl_TestRecursiveOne_t" time="5.79357147216797e-05" />
    <testcase name="Equals (203)" classname="spec_perl_TestRecursiveOne_t" time="0.000129938125610352" />
  </testsuite>
  <testsuite name="spec_perl_TestNavParent3_t" errors="0" failures="0" skipped="0" tests="10" time="0.0492808818817139">
    <system-out>1..10
ok 1 - Equals
ok 2 - Equals
ok 3 - Equals
ok 4 - Equals
ok 5 - Equals
ok 6 - Equals
ok 7 - Equals
ok 8 - Equals
ok 9 - Equals
ok 10 - Equals
</system-out>
    <testcase name="Equals (204)" classname="spec_perl_TestNavParent3_t" time="0.000272035598754883" />
    <testcase name="Equals (205)" classname="spec_perl_TestNavParent3_t" time="7.58171081542969e-05" />
    <testcase name="Equals (206)" classname="spec_perl_TestNavParent3_t" time="0.000239133834838867" />
    <testcase name="Equals (207)" classname="spec_perl_TestNavParent3_t" time="8.89301300048828e-05" />
    <testcase name="Equals (208)" classname="spec_perl_TestNavParent3_t" time="0.000147104263305664" />
    <testcase name="Equals (209)" classname="spec_perl_TestNavParent3_t" time="0.000185012817382812" />
    <testcase name="Equals (210)" classname="spec_perl_TestNavParent3_t" time="0.000123977661132812" />
    <testcase name="Equals (211)" classname="spec_perl_TestNavParent3_t" time="0.000135898590087891" />
    <testcase name="Equals (212)" classname="spec_perl_TestNavParent3_t" time="0.000121116638183594" />
    <testcase name="Equals (213)" classname="spec_perl_TestNavParent3_t" time="0.000185012817382812" />
  </testsuite>
  <testsuite name="spec_perl_TestStrEncodings_t" errors="0" failures="0" skipped="0" tests="4" time="0.0714778900146484">
    <system-out>1..4
ok 1 - Equals
ok 2 - Equals
ok 3 - Equals
ok 4 - Equals
</system-out>
    <testcase name="Equals (214)" classname="spec_perl_TestStrEncodings_t" time="0.0231339931488037" />
    <testcase name="Equals (215)" classname="spec_perl_TestStrEncodings_t" time="0.000128030776977539" />
    <testcase name="Equals (216)" classname="spec_perl_TestStrEncodings_t" time="5.98430633544922e-05" />
    <testcase name="Equals (217)" classname="spec_perl_TestStrEncodings_t" time="0.000172138214111328" />
  </testsuite>
  <testsuite name="spec_perl_TestStrLiterals_t" errors="0" failures="0" skipped="0" tests="5" time="0.0471251010894775">
    <system-out>1..5
ok 1 - Equals
ok 2 - Equals
ok 3 - Equals
ok 4 - Equals
ok 5 - Equals
</system-out>
    <testcase name="Equals (218)" classname="spec_perl_TestStrLiterals_t" time="0.000334024429321289" />
    <testcase name="Equals (219)" classname="spec_perl_TestStrLiterals_t" time="8.51154327392578e-05" />
    <testcase name="Equals (220)" classname="spec_perl_TestStrLiterals_t" time="0.000126838684082031" />
    <testcase name="Equals (221)" classname="spec_perl_TestStrLiterals_t" time="0.000169038772583008" />
    <testcase name="Equals (222)" classname="spec_perl_TestStrLiterals_t" time="0.000185966491699219" />
  </testsuite>
  <testsuite name="spec_perl_TestNestedSameName2_t" errors="0" failures="0" skipped="0" tests="5" time="0.0461230278015137">
    <system-out>1..5
ok 1 - Equals
ok 2 - Equals
ok 3 - Equals
ok 4 - Equals
ok 5 - Equals
</system-out>
    <testcase name="Equals (223)" classname="spec_perl_TestNestedSameName2_t" time="0.000380039215087891" />
    <testcase name="Equals (224)" classname="spec_perl_TestNestedSameName2_t" time="8.79764556884766e-05" />
    <testcase name="Equals (225)" classname="spec_perl_TestNestedSameName2_t" time="5.69820404052734e-05" />
    <testcase name="Equals (226)" classname="spec_perl_TestNestedSameName2_t" time="0.000124931335449219" />
    <testcase name="Equals (227)" classname="spec_perl_TestNestedSameName2_t" time="0.000133991241455078" />
  </testsuite>
  <testsuite name="spec_perl_TestEnumIntRangeS_t" errors="0" failures="0" skipped="0" tests="3" time="0.045788049697876">
    <system-out>1..3
ok 1 - Equals
ok 2 - Equals
ok 3 - Equals
</system-out>
    <testcase name="Equals (228)" classname="spec_perl_TestEnumIntRangeS_t" time="0.000283002853393555" />
    <testcase name="Equals (229)" classname="spec_perl_TestEnumIntRangeS_t" time="7.79628753662109e-05" />
    <testcase name="Equals (230)" classname="spec_perl_TestEnumIntRangeS_t" time="0.000194072723388672" />
  </testsuite>
  <testsuite name="spec_perl_TestParamsCallShort_t" errors="0" failures="3" skipped="0" tests="3" time="0.0638141632080078">
    <system-out>1..3
not ok 1 - Equals
not ok 2 - Equals
not ok 3 - Equals
</system-out>
    <testcase name="Equals (231)" classname="spec_perl_TestParamsCallShort_t" time="0.00046086311340332">
      <failure message="not ok 1 - Equals" type="TAP::Parser::Result::Test"></failure>
    </testcase>
    <testcase name="Equals (232)" classname="spec_perl_TestParamsCallShort_t" time="0.001190185546875">
      <failure message="not ok 2 - Equals" type="TAP::Parser::Result::Test"></failure>
    </testcase>
    <testcase name="Equals (233)" classname="spec_perl_TestParamsCallShort_t" time="0.000888824462890625">
      <failure message="not ok 3 - Equals" type="TAP::Parser::Result::Test"></failure>
    </testcase>
  </testsuite>
  <testsuite name="spec_perl_TestNestedTypes2_t" errors="0" failures="0" skipped="0" tests="7" time="0.0464310646057129">
    <system-out>1..7
ok 1 - Equals
ok 2 - Equals
ok 3 - Equals
ok 4 - Equals
ok 5 - Equals
ok 6 - Equals
ok 7 - Equals
</system-out>
    <testcase name="Equals (234)" classname="spec_perl_TestNestedTypes2_t" time="0.00032806396484375" />
    <testcase name="Equals (235)" classname="spec_perl_TestNestedTypes2_t" time="8.89301300048828e-05" />
    <testcase name="Equals (236)" classname="spec_perl_TestNestedTypes2_t" time="9.29832458496094e-05" />
    <testcase name="Equals (237)" classname="spec_perl_TestNestedTypes2_t" time="0.000161886215209961" />
    <testcase name="Equals (238)" classname="spec_perl_TestNestedTypes2_t" time="0.000106096267700195" />
    <testcase name="Equals (239)" classname="spec_perl_TestNestedTypes2_t" time="0.00015711784362793" />
    <testcase name="Equals (240)" classname="spec_perl_TestNestedTypes2_t" time="0.000108957290649414" />
  </testsuite>
  <testsuite name="spec_perl_TestValidLong_t" errors="1" failures="0" skipped="0" tests="0" time="0.0494468212127686">
    <system-out></system-out>
    <testcase name="Test died too soon, even before plan. (240)" classname="spec_perl_TestValidLong_t" time="0.0494468212127686">
      <failure message="The test suite died before a plan was produced. You need to have a plan." type="Plan">No plan</failure>
    </testcase>
  </testsuite>
  <testsuite name="spec_perl_TestParamsPassArrayUsertype_t" errors="0" failures="1" skipped="4" tests="5" time="0.05057692527771">
    <system-out>1..5
not ok 1 - test_params_pass_array_usertype died (Can't use an undefined value as an ARRAY reference at compiled/perl/ParamsPassArrayUsertype.pm line 123.)
ok 2 # skip test_params_pass_array_usertype died
ok 3 # skip test_params_pass_array_usertype died
ok 4 # skip test_params_pass_array_usertype died
ok 5 # skip test_params_pass_array_usertype died
</system-out>
    <testcase name="test_params_pass_array_usertype died (Can't use an undefined value as an ARRAY reference at compiled/perl/ParamsPassArrayUsertype.pm line 123.) (240)" classname="spec_perl_TestParamsPassArrayUsertype_t" time="0.000338077545166016">
      <failure message="not ok 1 - test_params_pass_array_usertype died (Can't use an undefined value as an ARRAY reference at compiled/perl/ParamsPassArrayUsertype.pm line 123.)" type="TAP::Parser::Result::Test"></failure>
    </testcase>
    <testcase name="Unnamed test case 240" classname="spec_perl_TestParamsPassArrayUsertype_t" time="0.000484943389892578">
      <skipped message="ok 2 # skip test_params_pass_array_usertype died" />
    </testcase>
    <testcase name="Unnamed test case 241" classname="spec_perl_TestParamsPassArrayUsertype_t" time="0.000304937362670898">
      <skipped message="ok 3 # skip test_params_pass_array_usertype died" />
    </testcase>
    <testcase name="Unnamed test case 242" classname="spec_perl_TestParamsPassArrayUsertype_t" time="0.000250101089477539">
      <skipped message="ok 4 # skip test_params_pass_array_usertype died" />
    </testcase>
    <testcase name="Unnamed test case 243" classname="spec_perl_TestParamsPassArrayUsertype_t" time="0.000337839126586914">
      <skipped message="ok 5 # skip test_params_pass_array_usertype died" />
    </testcase>
  </testsuite>
  <testsuite name="spec_perl_TestFloatingPoints_t" errors="0" failures="0" skipped="0" tests="8" time="0.0508289337158203">
    <system-out>1..8
ok 1 - Approx equals
ok 2 - Approx equals
ok 3 - Approx equals
ok 4 - Approx equals
ok 5 - Approx equals
ok 6 - Approx equals
ok 7 - Approx equals
ok 8 - Approx equals
</system-out>
    <testcase name="Approx equals (243)" classname="spec_perl_TestFloatingPoints_t" time="0.000175952911376953" />
    <testcase name="Approx equals (244)" classname="spec_perl_TestFloatingPoints_t" time="5.41210174560547e-05" />
    <testcase name="Approx equals (245)" classname="spec_perl_TestFloatingPoints_t" time="5.88893890380859e-05" />
    <testcase name="Approx equals (246)" classname="spec_perl_TestFloatingPoints_t" time="4.41074371337891e-05" />
    <testcase name="Approx equals (247)" classname="spec_perl_TestFloatingPoints_t" time="4.1961669921875e-05" />
    <testcase name="Approx equals (248)" classname="spec_perl_TestFloatingPoints_t" time="5.29289245605469e-05" />
    <testcase name="Approx equals (249)" classname="spec_perl_TestFloatingPoints_t" time="3.91006469726562e-05" />
    <testcase name="Approx equals (250)" classname="spec_perl_TestFloatingPoints_t" time="4.00543212890625e-05" />
  </testsuite>
  <testsuite name="spec_perl_TestCastToImported_t" errors="0" failures="0" skipped="0" tests="2" time="0.0450220108032227">
    <system-out>1..2
ok 1 - Equals
ok 2 - Equals
</system-out>
    <testcase name="Equals (250)" classname="spec_perl_TestCastToImported_t" time="0.000287055969238281" />
    <testcase name="Equals (251)" classname="spec_perl_TestCastToImported_t" time="7.89165496826172e-05" />
  </testsuite>
  <testsuite name="spec_perl_TestExprEnum_t" errors="0" failures="0" skipped="0" tests="3" time="0.0716700553894043">
    <system-out>1..3
ok 1 - Equals
ok 2 - Equals
ok 3 - Equals
</system-out>
    <testcase name="Equals (252)" classname="spec_perl_TestExprEnum_t" time="0.000237941741943359" />
    <testcase name="Equals (253)" classname="spec_perl_TestExprEnum_t" time="7.60555267333984e-05" />
    <testcase name="Equals (254)" classname="spec_perl_TestExprEnum_t" time="0.000150918960571289" />
  </testsuite>
  <testsuite name="spec_perl_TestIndexToParamEos_t" errors="0" failures="2" skipped="0" tests="7" time="0.0521631240844727">
    <system-out>1..7
ok 1 - Equals
ok 2 - Equals
ok 3 - Equals
ok 4 - Equals
ok 5 - Equals
not ok 6 - Equals
not ok 7 - Equals
</system-out>
    <testcase name="Equals (255)" classname="spec_perl_TestIndexToParamEos_t" time="0.00512194633483887" />
    <testcase name="Equals (256)" classname="spec_perl_TestIndexToParamEos_t" time="0.000134944915771484" />
    <testcase name="Equals (257)" classname="spec_perl_TestIndexToParamEos_t" time="5.19752502441406e-05" />
    <testcase name="Equals (258)" classname="spec_perl_TestIndexToParamEos_t" time="3.91006469726562e-05" />
    <testcase name="Equals (259)" classname="spec_perl_TestIndexToParamEos_t" time="3.69548797607422e-05" />
    <testcase name="Equals (260)" classname="spec_perl_TestIndexToParamEos_t" time="4.69684600830078e-05">
      <failure message="not ok 6 - Equals" type="TAP::Parser::Result::Test"></failure>
    </testcase>
    <testcase name="Equals (261)" classname="spec_perl_TestIndexToParamEos_t" time="3.71932983398438e-05">
      <failure message="not ok 7 - Equals" type="TAP::Parser::Result::Test"></failure>
    </testcase>
  </testsuite>
  <testsuite name="spec_perl_TestExpr3_t" errors="0" failures="0" skipped="0" tests="12" time="0.0497980117797852">
    <system-out>1..12
ok 1 - Equals
ok 2 - Equals
ok 3 - Equals
ok 4 - Equals
ok 5 - Equals
ok 6 - Equals
ok 7 - Equals
ok 8 - Equals
ok 9 - Equals
ok 10 - Equals
ok 11 - Equals
ok 12 - Equals
</system-out>
    <testcase name="Equals (262)" classname="spec_perl_TestExpr3_t" time="0.000294923782348633" />
    <testcase name="Equals (263)" classname="spec_perl_TestExpr3_t" time="8.20159912109375e-05" />
    <testcase name="Equals (264)" classname="spec_perl_TestExpr3_t" time="0.00014495849609375" />
    <testcase name="Equals (265)" classname="spec_perl_TestExpr3_t" time="0.000128030776977539" />
    <testcase name="Equals (266)" classname="spec_perl_TestExpr3_t" time="0.000140905380249023" />
    <testcase name="Equals (267)" classname="spec_perl_TestExpr3_t" time="0.000115156173706055" />
    <testcase name="Equals (268)" classname="spec_perl_TestExpr3_t" time="0.000145912170410156" />
    <testcase name="Equals (269)" classname="spec_perl_TestExpr3_t" time="0.000113964080810547" />
    <testcase name="Equals (270)" classname="spec_perl_TestExpr3_t" time="0.000159025192260742" />
    <testcase name="Equals (271)" classname="spec_perl_TestExpr3_t" time="0.000113964080810547" />
    <testcase name="Equals (272)" classname="spec_perl_TestExpr3_t" time="0.000149011611938477" />
    <testcase name="Equals (273)" classname="spec_perl_TestExpr3_t" time="0.000128984451293945" />
  </testsuite>
  <testsuite name="spec_perl_TestEosExceptionBytes_t" errors="0" failures="0" skipped="0" tests="1" time="0.0462179183959961">
    <system-out>1..1
ok 1 - Died
</system-out>
    <testcase name="Died (273)" classname="spec_perl_TestEosExceptionBytes_t" time="0.000628948211669922" />
  </testsuite>
  <testsuite name="spec_perl_TestParamsPassArrayInt_t" errors="0" failures="1" skipped="6" tests="7" time="0.0554931163787842">
    <system-out>1..7
not ok 1 - test_params_pass_array_int died (Can't use an undefined value as an ARRAY reference at spec/perl/TestParamsPassArrayInt.t line 15.)
ok 2 # skip test_params_pass_array_int died
ok 3 # skip test_params_pass_array_int died
ok 4 # skip test_params_pass_array_int died
ok 5 # skip test_params_pass_array_int died
ok 6 # skip test_params_pass_array_int died
ok 7 # skip test_params_pass_array_int died
</system-out>
    <testcase name="test_params_pass_array_int died (Can't use an undefined value as an ARRAY reference at spec/perl/TestParamsPassArrayInt.t line 15.) (273)" classname="spec_perl_TestParamsPassArrayInt_t" time="0.00110888481140137">
      <failure message="not ok 1 - test_params_pass_array_int died (Can't use an undefined value as an ARRAY reference at spec/perl/TestParamsPassArrayInt.t line 15.)" type="TAP::Parser::Result::Test"></failure>
    </testcase>
    <testcase name="Unnamed test case 273" classname="spec_perl_TestParamsPassArrayInt_t" time="0.000958919525146484">
      <skipped message="ok 2 # skip test_params_pass_array_int died" />
    </testcase>
    <testcase name="Unnamed test case 274" classname="spec_perl_TestParamsPassArrayInt_t" time="0.000434160232543945">
      <skipped message="ok 3 # skip test_params_pass_array_int died" />
    </testcase>
    <testcase name="Unnamed test case 275" classname="spec_perl_TestParamsPassArrayInt_t" time="0.000424861907958984">
      <skipped message="ok 4 # skip test_params_pass_array_int died" />
    </testcase>
    <testcase name="Unnamed test case 276" classname="spec_perl_TestParamsPassArrayInt_t" time="0.000345945358276367">
      <skipped message="ok 5 # skip test_params_pass_array_int died" />
    </testcase>
    <testcase name="Unnamed test case 277" classname="spec_perl_TestParamsPassArrayInt_t" time="0.000409126281738281">
      <skipped message="ok 6 # skip test_params_pass_array_int died" />
    </testcase>
    <testcase name="Unnamed test case 278" classname="spec_perl_TestParamsPassArrayInt_t" time="0.000397920608520508">
      <skipped message="ok 7 # skip test_params_pass_array_int died" />
    </testcase>
  </testsuite>
  <testsuite name="spec_perl_TestPositionToEnd_t" errors="0" failures="0" skipped="0" tests="2" time="0.0451509952545166">
    <system-out>1..2
ok 1 - Equals
ok 2 - Equals
</system-out>
    <testcase name="Equals (278)" classname="spec_perl_TestPositionToEnd_t" time="0.000287055969238281" />
    <testcase name="Equals (279)" classname="spec_perl_TestPositionToEnd_t" time="7.91549682617188e-05" />
  </testsuite>
  <testsuite name="spec_perl_TestExprSizeofType0_t" errors="0" failures="0" skipped="0" tests="1" time="0.0456819534301758">
    <system-out>1..1
ok 1 - Equals
</system-out>
    <testcase name="Equals (280)" classname="spec_perl_TestExprSizeofType0_t" time="0.000259876251220703" />
  </testsuite>
  <testsuite name="spec_perl_TestEnumInvalid_t" errors="0" failures="0" skipped="0" tests="2" time="0.0443179607391357">
    <system-out>1..2
ok 1 - Equals
ok 2 - Equals
</system-out>
    <testcase name="Equals (281)" classname="spec_perl_TestEnumInvalid_t" time="0.000191926956176758" />
    <testcase name="Equals (282)" classname="spec_perl_TestEnumInvalid_t" time="0.000111103057861328" />
  </testsuite>
  <testsuite name="spec_perl_TestNavParentOverride_t" errors="0" failures="0" skipped="0" tests="3" time="0.0464119911193848">
    <system-out>1..3
ok 1 - Equals
ok 2 - Equals
ok 3 - Equals
</system-out>
    <testcase name="Equals (283)" classname="spec_perl_TestNavParentOverride_t" time="0.000272035598754883" />
    <testcase name="Equals (284)" classname="spec_perl_TestNavParentOverride_t" time="0.000101089477539062" />
    <testcase name="Equals (285)" classname="spec_perl_TestNavParentOverride_t" time="0.000147819519042969" />
  </testsuite>
  <testsuite name="spec_perl_TestFloatToI_t" errors="0" failures="0" skipped="0" tests="8" time="0.044990062713623">
    <system-out>1..8
ok 1 - Equals
ok 2 - Equals
ok 3 - Equals
ok 4 - Equals
ok 5 - Equals
ok 6 - Equals
ok 7 - Equals
ok 8 - Equals
</system-out>
    <testcase name="Equals (286)" classname="spec_perl_TestFloatToI_t" time="0.000257015228271484" />
    <testcase name="Equals (287)" classname="spec_perl_TestFloatToI_t" time="7.98702239990234e-05" />
    <testcase name="Equals (288)" classname="spec_perl_TestFloatToI_t" time="0.00014495849609375" />
    <testcase name="Equals (289)" classname="spec_perl_TestFloatToI_t" time="0.000124216079711914" />
    <testcase name="Equals (290)" classname="spec_perl_TestFloatToI_t" time="0.000178813934326172" />
    <testcase name="Equals (291)" classname="spec_perl_TestFloatToI_t" time="6.69956207275391e-05" />
    <testcase name="Equals (292)" classname="spec_perl_TestFloatToI_t" time="0.000147104263305664" />
    <testcase name="Equals (293)" classname="spec_perl_TestFloatToI_t" time="0.000118017196655273" />
  </testsuite>
  <testsuite name="spec_perl_TestTypeIntUnaryOp_t" errors="0" failures="0" skipped="0" tests="4" time="0.0474228858947754">
    <system-out>1..4
ok 1 - Equals
ok 2 - Equals
ok 3 - Equals
ok 4 - Equals
</system-out>
    <testcase name="Equals (294)" classname="spec_perl_TestTypeIntUnaryOp_t" time="0.000246047973632812" />
    <testcase name="Equals (295)" classname="spec_perl_TestTypeIntUnaryOp_t" time="7.79628753662109e-05" />
    <testcase name="Equals (296)" classname="spec_perl_TestTypeIntUnaryOp_t" time="0.000167131423950195" />
    <testcase name="Equals (297)" classname="spec_perl_TestTypeIntUnaryOp_t" time="0.000108957290649414" />
  </testsuite>
  <testsuite name="spec_perl_TestProcessCustomNoArgs_t" errors="1" failures="0" skipped="0" tests="0" time="0.0593459606170654">
    <system-out></system-out>
    <testcase name="Test died too soon, even before plan. (297)" classname="spec_perl_TestProcessCustomNoArgs_t" time="0.0593459606170654">
      <failure message="The test suite died before a plan was produced. You need to have a plan." type="Plan">No plan</failure>
    </testcase>
  </testsuite>
  <testsuite name="spec_perl_TestExpr0_t" errors="0" failures="0" skipped="0" tests="2" time="0.0449531078338623">
    <system-out>1..2
ok 1 - Equals
ok 2 - Equals
</system-out>
    <testcase name="Equals (298)" classname="spec_perl_TestExpr0_t" time="0.00030207633972168" />
    <testcase name="Equals (299)" classname="spec_perl_TestExpr0_t" time="7.60555267333984e-05" />
  </testsuite>
  <testsuite name="spec_perl_TestNavRoot_t" errors="0" failures="0" skipped="0" tests="5" time="0.0489580631256104">
    <system-out>1..5
ok 1 - Equals
ok 2 - Equals
ok 3 - Equals
ok 4 - Equals
ok 5 - Equals
</system-out>
    <testcase name="Equals (300)" classname="spec_perl_TestNavRoot_t" time="0.00042414665222168" />
    <testcase name="Equals (301)" classname="spec_perl_TestNavRoot_t" time="8.67843627929688e-05" />
    <testcase name="Equals (302)" classname="spec_perl_TestNavRoot_t" time="7.91549682617188e-05" />
    <testcase name="Equals (303)" classname="spec_perl_TestNavRoot_t" time="0.000172853469848633" />
    <testcase name="Equals (304)" classname="spec_perl_TestNavRoot_t" time="0.000121116638183594" />
  </testsuite>
  <testsuite name="spec_perl_TestNestedTypes3_t" errors="0" failures="0" skipped="0" tests="5" time="0.0457620620727539">
    <system-out>1..5
ok 1 - Equals
ok 2 - Equals
ok 3 - Equals
ok 4 - Equals
ok 5 - Equals
</system-out>
    <testcase name="Equals (305)" classname="spec_perl_TestNestedTypes3_t" time="0.000338077545166016" />
    <testcase name="Equals (306)" classname="spec_perl_TestNestedTypes3_t" time="9.48905944824219e-05" />
    <testcase name="Equals (307)" classname="spec_perl_TestNestedTypes3_t" time="5.79357147216797e-05" />
    <testcase name="Equals (308)" classname="spec_perl_TestNestedTypes3_t" time="0.000123023986816406" />
    <testcase name="Equals (309)" classname="spec_perl_TestNestedTypes3_t" time="0.000133037567138672" />
  </testsuite>
  <testsuite name="spec_perl_TestSwitchCast_t" errors="0" failures="0" skipped="0" tests="2" time="0.0476901531219482">
    <system-out>1..2
ok 1 - Equals
ok 2 - Equals
</system-out>
    <testcase name="Equals (310)" classname="spec_perl_TestSwitchCast_t" time="0.000393152236938477" />
    <testcase name="Equals (311)" classname="spec_perl_TestSwitchCast_t" time="8.60691070556641e-05" />
  </testsuite>
  <testsuite name="spec_perl_TestExprOpsParens_t" errors="1" failures="0" skipped="0" tests="0" time="0.0454461574554443">
    <system-out></system-out>
    <testcase name="Test died too soon, even before plan. (311)" classname="spec_perl_TestExprOpsParens_t" time="0.0454461574554443">
      <failure message="The test suite died before a plan was produced. You need to have a plan." type="Plan">No plan</failure>
    </testcase>
  </testsuite>
  <testsuite name="spec_perl_TestInstanceStd_t" errors="0" failures="0" skipped="0" tests="1" time="0.0494439601898193">
    <system-out>1..1
ok 1 - Equals
</system-out>
    <testcase name="Equals (312)" classname="spec_perl_TestInstanceStd_t" time="0.000291824340820312" />
  </testsuite>
  <testsuite name="spec_perl_TestStrPadTermEmpty_t" errors="0" failures="0" skipped="0" tests="4" time="0.0481219291687012">
    <system-out>1..4
ok 1 - Equals
ok 2 - Equals
ok 3 - Equals
ok 4 - Equals
</system-out>
    <testcase name="Equals (313)" classname="spec_perl_TestStrPadTermEmpty_t" time="0.000357866287231445" />
    <testcase name="Equals (314)" classname="spec_perl_TestStrPadTermEmpty_t" time="0.000131130218505859" />
    <testcase name="Equals (315)" classname="spec_perl_TestStrPadTermEmpty_t" time="5.88893890380859e-05" />
    <testcase name="Equals (316)" classname="spec_perl_TestStrPadTermEmpty_t" time="0.000137090682983398" />
  </testsuite>
  <testsuite name="spec_perl_TestOptionalId_t" errors="0" failures="0" skipped="0" tests="3" time="0.0455429553985596">
    <system-out>1..3
ok 1 - Equals
ok 2 - Equals
ok 3 - Equals
</system-out>
    <testcase name="Equals (317)" classname="spec_perl_TestOptionalId_t" time="0.000257015228271484" />
    <testcase name="Equals (318)" classname="spec_perl_TestOptionalId_t" time="7.79628753662109e-05" />
    <testcase name="Equals (319)" classname="spec_perl_TestOptionalId_t" time="0.000180959701538086" />
  </testsuite>
  <testsuite name="spec_perl_TestDebugEnumName_t" errors="1" failures="0" skipped="0" tests="0" time="0.0440950393676758">
    <system-out></system-out>
    <testcase name="Test died too soon, even before plan. (319)" classname="spec_perl_TestDebugEnumName_t" time="0.0440950393676758">
      <failure message="The test suite died before a plan was produced. You need to have a plan." type="Plan">No plan</failure>
    </testcase>
  </testsuite>
  <testsuite name="spec_perl_TestMetaXref_t" errors="0" failures="0" skipped="1" tests="1" time="0.044992208480835">
    <system-out>1..1
ok 1 # skip MetaXref=HASH(0x18b8808)
</system-out>
    <testcase name="Unnamed test case 319" classname="spec_perl_TestMetaXref_t" time="0.00137114524841309">
      <skipped message="ok 1 # skip MetaXref=HASH(0x18b8808)" />
    </testcase>
  </testsuite>
  <testsuite name="spec_perl_TestYamlInts_t" errors="0" failures="0" skipped="0" tests="4" time="0.0488698482513428">
    <system-out>1..4
ok 1 - Equals
ok 2 - Equals
ok 3 - Equals
ok 4 - Equals
</system-out>
    <testcase name="Equals (320)" classname="spec_perl_TestYamlInts_t" time="0.000393867492675781" />
    <testcase name="Equals (321)" classname="spec_perl_TestYamlInts_t" time="9.29832458496094e-05" />
    <testcase name="Equals (322)" classname="spec_perl_TestYamlInts_t" time="0.000174999237060547" />
    <testcase name="Equals (323)" classname="spec_perl_TestYamlInts_t" time="0.000137090682983398" />
  </testsuite>
  <testsuite name="spec_perl_TestProcessRepeatBytes_t" errors="0" failures="0" skipped="0" tests="2" time="0.0513410568237305">
    <system-out>1..2
ok 1 - Equals
ok 2 - Equals
</system-out>
    <testcase name="Equals (324)" classname="spec_perl_TestProcessRepeatBytes_t" time="0.000294923782348633" />
    <testcase name="Equals (325)" classname="spec_perl_TestProcessRepeatBytes_t" time="8.29696655273438e-05" />
  </testsuite>
  <testsuite name="spec_perl_TestProcessCoerceBytes_t" errors="0" failures="0" skipped="0" tests="4" time="0.0456249713897705">
    <system-out>1..4
ok 1 - Equals
ok 2 - Equals
ok 3 - Equals
ok 4 - Equals
</system-out>
    <testcase name="Equals (326)" classname="spec_perl_TestProcessCoerceBytes_t" time="0.000334024429321289" />
    <testcase name="Equals (327)" classname="spec_perl_TestProcessCoerceBytes_t" time="8.48770141601562e-05" />
    <testcase name="Equals (328)" classname="spec_perl_TestProcessCoerceBytes_t" time="0.000124216079711914" />
    <testcase name="Equals (329)" classname="spec_perl_TestProcessCoerceBytes_t" time="0.000142812728881836" />
  </testsuite>
  <testsuite name="spec_perl_TestSwitchManualEnumInvalidElse_t" errors="0" failures="0" skipped="0" tests="5" time="0.0485818386077881">
    <system-out>1..5
ok 1 - Equals
ok 2 - Equals
ok 3 - Equals
ok 4 - Equals
ok 5 - Equals
</system-out>
    <testcase name="Equals (330)" classname="spec_perl_TestSwitchManualEnumInvalidElse_t" time="0.000300168991088867" />
    <testcase name="Equals (331)" classname="spec_perl_TestSwitchManualEnumInvalidElse_t" time="8.29696655273438e-05" />
    <testcase name="Equals (332)" classname="spec_perl_TestSwitchManualEnumInvalidElse_t" time="0.000118017196655273" />
    <testcase name="Equals (333)" classname="spec_perl_TestSwitchManualEnumInvalidElse_t" time="0.000142812728881836" />
    <testcase name="Equals (334)" classname="spec_perl_TestSwitchManualEnumInvalidElse_t" time="0.000112056732177734" />
  </testsuite>
  <testsuite name="spec_perl_TestProcessToUser_t" errors="0" failures="0" skipped="0" tests="1" time="0.0480248928070068">
    <system-out>1..1
ok 1 - Equals
</system-out>
    <testcase name="Equals (335)" classname="spec_perl_TestProcessToUser_t" time="0.000622987747192383" />
  </testsuite>
  <testsuite name="spec_perl_TestNestedTypes_t" errors="0" failures="0" skipped="0" tests="3" time="0.0470631122589111">
    <system-out>1..3
ok 1 - Equals
ok 2 - Equals
ok 3 - Equals
</system-out>
    <testcase name="Equals (336)" classname="spec_perl_TestNestedTypes_t" time="0.000353097915649414" />
    <testcase name="Equals (337)" classname="spec_perl_TestNestedTypes_t" time="8.70227813720703e-05" />
    <testcase name="Equals (338)" classname="spec_perl_TestNestedTypes_t" time="0.000139951705932617" />
  </testsuite>
  <testsuite name="spec_perl_TestTsPacketHeader_t" errors="0" failures="0" skipped="0" tests="7" time="0.0455958843231201">
    <system-out>1..7
ok 1 - Equals
ok 2 - Equals
ok 3 - Equals
ok 4 - Equals
ok 5 - Equals
ok 6 - Equals
ok 7 - Equals
</system-out>
    <testcase name="Equals (339)" classname="spec_perl_TestTsPacketHeader_t" time="0.000342130661010742" />
    <testcase name="Equals (340)" classname="spec_perl_TestTsPacketHeader_t" time="9.17911529541016e-05" />
    <testcase name="Equals (341)" classname="spec_perl_TestTsPacketHeader_t" time="6.103515625e-05" />
    <testcase name="Equals (342)" classname="spec_perl_TestTsPacketHeader_t" time="0.000256061553955078" />
    <testcase name="Equals (343)" classname="spec_perl_TestTsPacketHeader_t" time="0.000216960906982422" />
    <testcase name="Equals (344)" classname="spec_perl_TestTsPacketHeader_t" time="0.000164985656738281" />
    <testcase name="Equals (345)" classname="spec_perl_TestTsPacketHeader_t" time="0.000201940536499023" />
  </testsuite>
  <testsuite name="spec_perl_TestExprBytesOps_t" errors="1" failures="0" skipped="0" tests="0" time="0.0431609153747559">
    <system-out></system-out>
    <testcase name="Test died too soon, even before plan. (345)" classname="spec_perl_TestExprBytesOps_t" time="0.0431609153747559">
      <failure message="The test suite died before a plan was produced. You need to have a plan." type="Plan">No plan</failure>
    </testcase>
  </testsuite>
  <testsuite name="spec_perl_TestExpr1_t" errors="0" failures="0" skipped="0" tests="4" time="0.0483231544494629">
    <system-out>1..4
ok 1 - Equals
ok 2 - Equals
ok 3 - Equals
ok 4 - Equals
</system-out>
    <testcase name="Equals (346)" classname="spec_perl_TestExpr1_t" time="0.000334978103637695" />
    <testcase name="Equals (347)" classname="spec_perl_TestExpr1_t" time="0.000102043151855469" />
    <testcase name="Equals (348)" classname="spec_perl_TestExpr1_t" time="5.88893890380859e-05" />
    <testcase name="Equals (349)" classname="spec_perl_TestExpr1_t" time="0.000143051147460938" />
  </testsuite>
  <testsuite name="spec_perl_TestSwitchManualIntSize_t" errors="0" failures="1" skipped="0" tests="10" time="0.0527758598327637">
    <system-out>1..10
ok 1 - Equals
ok 2 - Equals
ok 3 - Equals
ok 4 - Equals
ok 5 - Equals
not ok 6 - test switch manual int size
ok 7 - Equals
ok 8 - Equals
ok 9 - Equals
ok 10 - Equals
</system-out>
    <testcase name="Equals (350)" classname="spec_perl_TestSwitchManualIntSize_t" time="0.000769138336181641" />
    <testcase name="Equals (351)" classname="spec_perl_TestSwitchManualIntSize_t" time="0.000103950500488281" />
    <testcase name="Equals (352)" classname="spec_perl_TestSwitchManualIntSize_t" time="5.91278076171875e-05" />
    <testcase name="Equals (353)" classname="spec_perl_TestSwitchManualIntSize_t" time="0.000136852264404297" />
    <testcase name="Equals (354)" classname="spec_perl_TestSwitchManualIntSize_t" time="0.000134944915771484" />
    <testcase name="test switch manual int size (354)" classname="spec_perl_TestSwitchManualIntSize_t" time="0.00502514839172363">
      <failure message="not ok 6 - test switch manual int size" type="TAP::Parser::Result::Test"></failure>
    </testcase>
    <testcase name="Equals (355)" classname="spec_perl_TestSwitchManualIntSize_t" time="9.39369201660156e-05" />
    <testcase name="Equals (356)" classname="spec_perl_TestSwitchManualIntSize_t" time="3.79085540771484e-05" />
    <testcase name="Equals (357)" classname="spec_perl_TestSwitchManualIntSize_t" time="3.50475311279297e-05" />
    <testcase name="Equals (358)" classname="spec_perl_TestSwitchManualIntSize_t" time="3.40938568115234e-05" />
  </testsuite>
  <testsuite name="spec_perl_TestParamsEnum_t" errors="0" failures="1" skipped="0" tests="2" time="0.0608210563659668">
    <system-out>1..2
ok 1 - Equals
not ok 2 - Equals
</system-out>
    <testcase name="Equals (359)" classname="spec_perl_TestParamsEnum_t" time="0.000240087509155273" />
    <testcase name="Equals (360)" classname="spec_perl_TestParamsEnum_t" time="0.000187873840332031">
      <failure message="not ok 2 - Equals" type="TAP::Parser::Result::Test"></failure>
    </testcase>
  </testsuite>
  <testsuite name="spec_perl_TestExprCalcArrayOps_t" errors="0" failures="1" skipped="17" tests="18" time="0.0670092105865479">
    <system-out>1..18
not ok 1 - test_expr_calc_array_ops died (Can't use string (&quot;1000&quot;) as an ARRAY ref while &quot;strict refs&quot; in use at compiled/perl/ExprCalcArrayOps.pm line 50.)
ok 2 # skip test_expr_calc_array_ops died
ok 3 # skip test_expr_calc_array_ops died
ok 4 # skip test_expr_calc_array_ops died
ok 5 # skip test_expr_calc_array_ops died
ok 6 # skip test_expr_calc_array_ops died
ok 7 # skip test_expr_calc_array_ops died
ok 8 # skip test_expr_calc_array_ops died
ok 9 # skip test_expr_calc_array_ops died
ok 10 # skip test_expr_calc_array_ops died
ok 11 # skip test_expr_calc_array_ops died
ok 12 # skip test_expr_calc_array_ops died
ok 13 # skip test_expr_calc_array_ops died
ok 14 # skip test_expr_calc_array_ops died
ok 15 # skip test_expr_calc_array_ops died
ok 16 # skip test_expr_calc_array_ops died
ok 17 # skip test_expr_calc_array_ops died
ok 18 # skip test_expr_calc_array_ops died
</system-out>
    <testcase name="test_expr_calc_array_ops died (Can't use string (&quot;1000&quot;) as an ARRAY ref while &quot;strict refs&quot; in use at compiled/perl/ExprCalcArrayOps.pm line 50.) (360)" classname="spec_perl_TestExprCalcArrayOps_t" time="0.00093388557434082">
      <failure message="not ok 1 - test_expr_calc_array_ops died (Can't use string (&quot;1000&quot;) as an ARRAY ref while &quot;strict refs&quot; in use at compiled/perl/ExprCalcArrayOps.pm line 50.)" type="TAP::Parser::Result::Test"></failure>
    </testcase>
    <testcase name="Unnamed test case 360" classname="spec_perl_TestExprCalcArrayOps_t" time="0.00117015838623047">
      <skipped message="ok 2 # skip test_expr_calc_array_ops died" />
    </testcase>
    <testcase name="Unnamed test case 361" classname="spec_perl_TestExprCalcArrayOps_t" time="0.000424861907958984">
      <skipped message="ok 3 # skip test_expr_calc_array_ops died" />
    </testcase>
    <testcase name="Unnamed test case 362" classname="spec_perl_TestExprCalcArrayOps_t" time="0.000416994094848633">
      <skipped message="ok 4 # skip test_expr_calc_array_ops died" />
    </testcase>
    <testcase name="Unnamed test case 363" classname="spec_perl_TestExprCalcArrayOps_t" time="0.000401973724365234">
      <skipped message="ok 5 # skip test_expr_calc_array_ops died" />
    </testcase>
    <testcase name="Unnamed test case 364" classname="spec_perl_TestExprCalcArrayOps_t" time="0.000399112701416016">
      <skipped message="ok 6 # skip test_expr_calc_array_ops died" />
    </testcase>
    <testcase name="Unnamed test case 365" classname="spec_perl_TestExprCalcArrayOps_t" time="0.000370979309082031">
      <skipped message="ok 7 # skip test_expr_calc_array_ops died" />
    </testcase>
    <testcase name="Unnamed test case 366" classname="spec_perl_TestExprCalcArrayOps_t" time="0.000257015228271484">
      <skipped message="ok 8 # skip test_expr_calc_array_ops died" />
    </testcase>
    <testcase name="Unnamed test case 367" classname="spec_perl_TestExprCalcArrayOps_t" time="0.000243902206420898">
      <skipped message="ok 9 # skip test_expr_calc_array_ops died" />
    </testcase>
    <testcase name="Unnamed test case 368" classname="spec_perl_TestExprCalcArrayOps_t" time="0.00021815299987793">
      <skipped message="ok 10 # skip test_expr_calc_array_ops died" />
    </testcase>
    <testcase name="Unnamed test case 369" classname="spec_perl_TestExprCalcArrayOps_t" time="0.000215053558349609">
      <skipped message="ok 11 # skip test_expr_calc_array_ops died" />
    </testcase>
    <testcase name="Unnamed test case 370" classname="spec_perl_TestExprCalcArrayOps_t" time="0.000219821929931641">
      <skipped message="ok 12 # skip test_expr_calc_array_ops died" />
    </testcase>
    <testcase name="Unnamed test case 371" classname="spec_perl_TestExprCalcArrayOps_t" time="0.000220060348510742">
      <skipped message="ok 13 # skip test_expr_calc_array_ops died" />
    </testcase>
    <testcase name="Unnamed test case 372" classname="spec_perl_TestExprCalcArrayOps_t" time="0.000212907791137695">
      <skipped message="ok 14 # skip test_expr_calc_array_ops died" />
    </testcase>
    <testcase name="Unnamed test case 373" classname="spec_perl_TestExprCalcArrayOps_t" time="0.000234127044677734">
      <skipped message="ok 15 # skip test_expr_calc_array_ops died" />
    </testcase>
    <testcase name="Unnamed test case 374" classname="spec_perl_TestExprCalcArrayOps_t" time="0.000277996063232422">
      <skipped message="ok 16 # skip test_expr_calc_array_ops died" />
    </testcase>
    <testcase name="Unnamed test case 375" classname="spec_perl_TestExprCalcArrayOps_t" time="0.000370979309082031">
      <skipped message="ok 17 # skip test_expr_calc_array_ops died" />
    </testcase>
    <testcase name="Unnamed test case 376" classname="spec_perl_TestExprCalcArrayOps_t" time="0.000366926193237305">
      <skipped message="ok 18 # skip test_expr_calc_array_ops died" />
    </testcase>
  </testsuite>
  <testsuite name="spec_perl_TestRepeatEosU4_t" errors="0" failures="0" skipped="0" tests="1" time="0.0442430973052979">
    <system-out>1..1
ok 1 - Equals
</system-out>
    <testcase name="Equals (376)" classname="spec_perl_TestRepeatEosU4_t" time="0.000283002853393555" />
  </testsuite>
  <testsuite name="spec_perl_TestImportsAbs_t" errors="0" failures="0" skipped="0" tests="2" time="0.0454318523406982">
    <system-out>1..2
ok 1 - Equals
ok 2 - Equals
</system-out>
    <testcase name="Equals (377)" classname="spec_perl_TestImportsAbs_t" time="0.000258922576904297" />
    <testcase name="Equals (378)" classname="spec_perl_TestImportsAbs_t" time="7.70092010498047e-05" />
  </testsuite>
  <testsuite name="spec_perl_TestTermBytes_t" errors="0" failures="0" skipped="0" tests="3" time="0.0446369647979736">
    <system-out>1..3
ok 1 - Equals
ok 2 - Equals
ok 3 - Equals
</system-out>
    <testcase name="Equals (379)" classname="spec_perl_TestTermBytes_t" time="0.00018000602722168" />
    <testcase name="Equals (380)" classname="spec_perl_TestTermBytes_t" time="7.00950622558594e-05" />
    <testcase name="Equals (381)" classname="spec_perl_TestTermBytes_t" time="0.000122785568237305" />
  </testsuite>
  <testsuite name="spec_perl_TestBcdUserTypeLe_t" errors="0" failures="0" skipped="0" tests="6" time="0.0468189716339111">
    <system-out>1..6
ok 1 - Equals
ok 2 - Equals
ok 3 - Equals
ok 4 - Equals
ok 5 - Equals
ok 6 - Equals
</system-out>
    <testcase name="Equals (382)" classname="spec_perl_TestBcdUserTypeLe_t" time="0.000711917877197266" />
    <testcase name="Equals (383)" classname="spec_perl_TestBcdUserTypeLe_t" time="0.000103950500488281" />
    <testcase name="Equals (384)" classname="spec_perl_TestBcdUserTypeLe_t" time="0.000100135803222656" />
    <testcase name="Equals (385)" classname="spec_perl_TestBcdUserTypeLe_t" time="0.000164985656738281" />
    <testcase name="Equals (386)" classname="spec_perl_TestBcdUserTypeLe_t" time="0.000154018402099609" />
    <testcase name="Equals (387)" classname="spec_perl_TestBcdUserTypeLe_t" time="0.000180959701538086" />
  </testsuite>
  <testsuite name="spec_perl_TestEofExceptionBytes_t" errors="0" failures="0" skipped="0" tests="1" time="0.0558750629425049">
    <system-out>1..1
ok 1 - Died
</system-out>
    <testcase name="Died (387)" classname="spec_perl_TestEofExceptionBytes_t" time="0.000172138214111328" />
  </testsuite>
  <testsuite name="spec_perl_TestEnum1_t" errors="0" failures="0" skipped="0" tests="2" time="0.0447790622711182">
    <system-out>1..2
ok 1 - Equals
ok 2 - Equals
</system-out>
    <testcase name="Equals (388)" classname="spec_perl_TestEnum1_t" time="0.000282049179077148" />
    <testcase name="Equals (389)" classname="spec_perl_TestEnum1_t" time="0.000166893005371094" />
  </testsuite>
  <testsuite name="spec_perl_TestNavParentSwitchCast_t" errors="0" failures="0" skipped="0" tests="3" time="0.0464959144592285">
    <system-out>1..3
ok 1 - Equals
ok 2 - Equals
ok 3 - Equals
</system-out>
    <testcase name="Equals (390)" classname="spec_perl_TestNavParentSwitchCast_t" time="0.000634908676147461" />
    <testcase name="Equals (391)" classname="spec_perl_TestNavParentSwitchCast_t" time="0.000113010406494141" />
    <testcase name="Equals (392)" classname="spec_perl_TestNavParentSwitchCast_t" time="5.88893890380859e-05" />
  </testsuite>
  <testsuite name="spec_perl_TestProcessCoerceSwitch_t" errors="0" failures="0" skipped="0" tests="3" time="0.0453999042510986">
    <system-out>1..3
ok 1 - Equals
ok 2 - Equals
ok 3 - Equals
</system-out>
    <testcase name="Equals (393)" classname="spec_perl_TestProcessCoerceSwitch_t" time="0.000574827194213867" />
    <testcase name="Equals (394)" classname="spec_perl_TestProcessCoerceSwitch_t" time="9.60826873779297e-05" />
    <testcase name="Equals (395)" classname="spec_perl_TestProcessCoerceSwitch_t" time="5.50746917724609e-05" />
  </testsuite>
  <testsuite name="spec_perl_TestNavParentFalse2_t" errors="0" failures="0" skipped="0" tests="1" time="0.0451719760894775">
    <system-out>1..1
ok 1 - Equals
</system-out>
    <testcase name="Equals (396)" classname="spec_perl_TestNavParentFalse2_t" time="0.000265836715698242" />
  </testsuite>
  <testsuite name="spec_perl_TestEosExceptionU4_t" errors="0" failures="0" skipped="0" tests="1" time="0.0462079048156738">
    <system-out>1..1
ok 1 - Died
</system-out>
    <testcase name="Died (396)" classname="spec_perl_TestEosExceptionU4_t" time="0.000563859939575195" />
  </testsuite>
[...]
ok 8 - Equals
ok 9 - Equals
ok 10 - Equals
</system-out>
    <testcase name="Equals (728)" classname="spec_perl_TestSwitchManualIntSizeElse_t" time="0.000771999359130859" />
    <testcase name="Equals (729)" classname="spec_perl_TestSwitchManualIntSizeElse_t" time="0.000105857849121094" />
    <testcase name="Equals (730)" classname="spec_perl_TestSwitchManualIntSizeElse_t" time="5.79357147216797e-05" />
    <testcase name="Equals (731)" classname="spec_perl_TestSwitchManualIntSizeElse_t" time="0.000150203704833984" />
    <testcase name="Equals (732)" classname="spec_perl_TestSwitchManualIntSizeElse_t" time="0.000125885009765625" />
    <testcase name="Equals (733)" classname="spec_perl_TestSwitchManualIntSizeElse_t" time="0.000194072723388672" />
    <testcase name="Equals (734)" classname="spec_perl_TestSwitchManualIntSizeElse_t" time="0.000154018402099609" />
    <testcase name="Equals (735)" classname="spec_perl_TestSwitchManualIntSizeElse_t" time="0.00018000602722168" />
    <testcase name="Equals (736)" classname="spec_perl_TestSwitchManualIntSizeElse_t" time="0.000113964080810547" />
    <testcase name="Equals (737)" classname="spec_perl_TestSwitchManualIntSizeElse_t" time="0.000159025192260742" />
  </testsuite>
  <testsuite name="spec_perl_TestEnumLongRangeS_t" errors="0" failures="0" skipped="0" tests="7" time="0.0448319911956787">
    <system-out>1..7
ok 1 - Equals
ok 2 - Equals
ok 3 - Equals
ok 4 - Equals
ok 5 - Equals
ok 6 - Equals
ok 7 - Equals
</system-out>
    <testcase name="Equals (738)" classname="spec_perl_TestEnumLongRangeS_t" time="0.000337123870849609" />
    <testcase name="Equals (739)" classname="spec_perl_TestEnumLongRangeS_t" time="9.08374786376953e-05" />
    <testcase name="Equals (740)" classname="spec_perl_TestEnumLongRangeS_t" time="5.60283660888672e-05" />
    <testcase name="Equals (741)" classname="spec_perl_TestEnumLongRangeS_t" time="0.000128984451293945" />
    <testcase name="Equals (742)" classname="spec_perl_TestEnumLongRangeS_t" time="0.000123023986816406" />
    <testcase name="Equals (743)" classname="spec_perl_TestEnumLongRangeS_t" time="0.000178098678588867" />
    <testcase name="Equals (744)" classname="spec_perl_TestEnumLongRangeS_t" time="9.08374786376953e-05" />
  </testsuite>
  <testsuite name="spec_perl_TestNestedTypeParam_t" errors="0" failures="2" skipped="0" tests="2" time="0.0544531345367432">
    <system-out>1..2
not ok 1 - Equals
not ok 2 - Equals
</system-out>
    <testcase name="Equals (745)" classname="spec_perl_TestNestedTypeParam_t" time="0.00256490707397461">
      <failure message="not ok 1 - Equals" type="TAP::Parser::Result::Test"></failure>
    </testcase>
    <testcase name="Equals (746)" classname="spec_perl_TestNestedTypeParam_t" time="0.000169992446899414">
      <failure message="not ok 2 - Equals" type="TAP::Parser::Result::Test"></failure>
    </testcase>
  </testsuite>
  <testsuite name="spec_perl_TestRepeatEosStruct_t" errors="0" failures="0" skipped="0" tests="5" time="0.0448501110076904">
    <system-out>1..5
ok 1 - Equals
ok 2 - Equals
ok 3 - Equals
ok 4 - Equals
ok 5 - Equals
</system-out>
    <testcase name="Equals (747)" classname="spec_perl_TestRepeatEosStruct_t" time="0.000241994857788086" />
    <testcase name="Equals (748)" classname="spec_perl_TestRepeatEosStruct_t" time="7.79628753662109e-05" />
    <testcase name="Equals (749)" classname="spec_perl_TestRepeatEosStruct_t" time="0.000143051147460938" />
    <testcase name="Equals (750)" classname="spec_perl_TestRepeatEosStruct_t" time="0.000121116638183594" />
    <testcase name="Equals (751)" classname="spec_perl_TestRepeatEosStruct_t" time="0.0001678466796875" />
  </testsuite>
  <testsuite name="spec_perl_TestProcessCoerceUsertype1_t" errors="0" failures="0" skipped="0" tests="4" time="0.0458471775054932">
    <system-out>1..4
ok 1 - Equals
ok 2 - Equals
ok 3 - Equals
ok 4 - Equals
</system-out>
    <testcase name="Equals (752)" classname="spec_perl_TestProcessCoerceUsertype1_t" time="0.000669002532958984" />
    <testcase name="Equals (753)" classname="spec_perl_TestProcessCoerceUsertype1_t" time="0.000104904174804688" />
    <testcase name="Equals (754)" classname="spec_perl_TestProcessCoerceUsertype1_t" time="4.81605529785156e-05" />
    <testcase name="Equals (755)" classname="spec_perl_TestProcessCoerceUsertype1_t" time="5.38825988769531e-05" />
  </testsuite>
  <testsuite name="spec_perl_TestEnumIf_t" errors="0" failures="0" skipped="0" tests="7" time="0.0488550662994385">
    <system-out>1..7
ok 1 - Equals
ok 2 - Equals
ok 3 - Equals
ok 4 - Equals
ok 5 - Equals
ok 6 - Equals
ok 7 - Equals
</system-out>
    <testcase name="Equals (756)" classname="spec_perl_TestEnumIf_t" time="0.000375986099243164" />
    <testcase name="Equals (757)" classname="spec_perl_TestEnumIf_t" time="8.48770141601562e-05" />
    <testcase name="Equals (758)" classname="spec_perl_TestEnumIf_t" time="0.000113010406494141" />
    <testcase name="Equals (759)" classname="spec_perl_TestEnumIf_t" time="0.000144004821777344" />
    <testcase name="Equals (760)" classname="spec_perl_TestEnumIf_t" time="0.000154972076416016" />
    <testcase name="Equals (761)" classname="spec_perl_TestEnumIf_t" time="0.000108957290649414" />
    <testcase name="Equals (762)" classname="spec_perl_TestEnumIf_t" time="0.000155210494995117" />
  </testsuite>
  <testsuite name="spec_perl_TestSwitchIntegers_t" errors="0" failures="0" skipped="0" tests="9" time="0.0455629825592041">
    <system-out>1..9
ok 1 - Equals
ok 2 - Equals
ok 3 - Equals
ok 4 - Equals
ok 5 - Equals
ok 6 - Equals
ok 7 - Equals
ok 8 - Equals
ok 9 - Equals
</system-out>
    <testcase name="Equals (763)" classname="spec_perl_TestSwitchIntegers_t" time="0.000321865081787109" />
    <testcase name="Equals (764)" classname="spec_perl_TestSwitchIntegers_t" time="8.51154327392578e-05" />
    <testcase name="Equals (765)" classname="spec_perl_TestSwitchIntegers_t" time="0.000139951705932617" />
    <testcase name="Equals (766)" classname="spec_perl_TestSwitchIntegers_t" time="0.000154972076416016" />
    <testcase name="Equals (767)" classname="spec_perl_TestSwitchIntegers_t" time="8.392333984375e-05" />
    <testcase name="Equals (768)" classname="spec_perl_TestSwitchIntegers_t" time="0.000145196914672852" />
    <testcase name="Equals (769)" classname="spec_perl_TestSwitchIntegers_t" time="0.000119924545288086" />
    <testcase name="Equals (770)" classname="spec_perl_TestSwitchIntegers_t" time="0.000123023986816406" />
    <testcase name="Equals (771)" classname="spec_perl_TestSwitchIntegers_t" time="0.000153064727783203" />
  </testsuite>
  <testsuite name="spec_perl_TestExprBits_t" errors="0" failures="0" skipped="0" tests="10" time="0.0475001335144043">
    <system-out>1..10
ok 1 - Equals
ok 2 - Equals
ok 3 - Equals
ok 4 - Equals
ok 5 - Equals
ok 6 - Equals
ok 7 - Equals
ok 8 - Equals
ok 9 - Equals
ok 10 - Equals
</system-out>
    <testcase name="Equals (772)" classname="spec_perl_TestExprBits_t" time="0.000292062759399414" />
    <testcase name="Equals (773)" classname="spec_perl_TestExprBits_t" time="7.79628753662109e-05" />
    <testcase name="Equals (774)" classname="spec_perl_TestExprBits_t" time="0.000133991241455078" />
    <testcase name="Equals (775)" classname="spec_perl_TestExprBits_t" time="0.000161170959472656" />
    <testcase name="Equals (776)" classname="spec_perl_TestExprBits_t" time="0.00010991096496582" />
    <testcase name="Equals (777)" classname="spec_perl_TestExprBits_t" time="0.00014805793762207" />
    <testcase name="Equals (778)" classname="spec_perl_TestExprBits_t" time="0.000119924545288086" />
    <testcase name="Equals (779)" classname="spec_perl_TestExprBits_t" time="0.000124931335449219" />
    <testcase name="Equals (780)" classname="spec_perl_TestExprBits_t" time="0.00014805793762207" />
    <testcase name="Equals (781)" classname="spec_perl_TestExprBits_t" time="0.000191926956176758" />
  </testsuite>
  <testsuite name="spec_perl_TestRepeatUntilCalcArrayType_t" errors="0" failures="0" skipped="0" tests="7" time="0.045788049697876">
    <system-out>1..7
ok 1 - Equals
ok 2 - Equals
ok 3 - Equals
ok 4 - Equals
ok 5 - Equals
ok 6 - Equals
ok 7 - Equals
</system-out>
    <testcase name="Equals (782)" classname="spec_perl_TestRepeatUntilCalcArrayType_t" time="0.000669002532958984" />
    <testcase name="Equals (783)" classname="spec_perl_TestRepeatUntilCalcArrayType_t" time="9.89437103271484e-05" />
    <testcase name="Equals (784)" classname="spec_perl_TestRepeatUntilCalcArrayType_t" time="4.79221343994141e-05" />
    <testcase name="Equals (785)" classname="spec_perl_TestRepeatUntilCalcArrayType_t" time="7.91549682617188e-05" />
    <testcase name="Equals (786)" classname="spec_perl_TestRepeatUntilCalcArrayType_t" time="0.000201940536499023" />
    <testcase name="Equals (787)" classname="spec_perl_TestRepeatUntilCalcArrayType_t" time="9.29832458496094e-05" />
    <testcase name="Equals (788)" classname="spec_perl_TestRepeatUntilCalcArrayType_t" time="0.000145912170410156" />
  </testsuite>
  <testsuite name="spec_perl_TestZlibSurrounded_t" errors="0" failures="0" skipped="0" tests="1" time="0.0652849674224854">
    <system-out>1..1
ok 1 - Equals
</system-out>
    <testcase name="Equals (789)" classname="spec_perl_TestZlibSurrounded_t" time="0.000626087188720703" />
  </testsuite>
  <testsuite name="spec_perl_TestStrPadTerm_t" errors="0" failures="0" skipped="0" tests="4" time="0.0496318340301514">
    <system-out>1..4
ok 1 - Equals
ok 2 - Equals
ok 3 - Equals
ok 4 - Equals
</system-out>
    <testcase name="Equals (790)" classname="spec_perl_TestStrPadTerm_t" time="0.000356912612915039" />
    <testcase name="Equals (791)" classname="spec_perl_TestStrPadTerm_t" time="8.70227813720703e-05" />
    <testcase name="Equals (792)" classname="spec_perl_TestStrPadTerm_t" time="9.70363616943359e-05" />
    <testcase name="Equals (793)" classname="spec_perl_TestStrPadTerm_t" time="0.000153064727783203" />
  </testsuite>
  <testsuite name="spec_perl_TestParamsPassArrayStr_t" errors="0" failures="1" skipped="6" tests="7" time="0.0545659065246582">
    <system-out>1..7
not ok 1 - test_params_pass_array_str died (Can't use an undefined value as an ARRAY reference at spec/perl/TestParamsPassArrayStr.t line 15.)
ok 2 # skip test_params_pass_array_str died
ok 3 # skip test_params_pass_array_str died
ok 4 # skip test_params_pass_array_str died
ok 5 # skip test_params_pass_array_str died
ok 6 # skip test_params_pass_array_str died
ok 7 # skip test_params_pass_array_str died
</system-out>
    <testcase name="test_params_pass_array_str died (Can't use an undefined value as an ARRAY reference at spec/perl/TestParamsPassArrayStr.t line 15.) (793)" classname="spec_perl_TestParamsPassArrayStr_t" time="0.000422954559326172">
      <failure message="not ok 1 - test_params_pass_array_str died (Can't use an undefined value as an ARRAY reference at spec/perl/TestParamsPassArrayStr.t line 15.)" type="TAP::Parser::Result::Test"></failure>
    </testcase>
    <testcase name="Unnamed test case 793" classname="spec_perl_TestParamsPassArrayStr_t" time="0.00260305404663086">
      <skipped message="ok 2 # skip test_params_pass_array_str died" />
    </testcase>
    <testcase name="Unnamed test case 794" classname="spec_perl_TestParamsPassArrayStr_t" time="0.000123977661132812">
      <skipped message="ok 3 # skip test_params_pass_array_str died" />
    </testcase>
    <testcase name="Unnamed test case 795" classname="spec_perl_TestParamsPassArrayStr_t" time="6.79492950439453e-05">
      <skipped message="ok 4 # skip test_params_pass_array_str died" />
    </testcase>
    <testcase name="Unnamed test case 796" classname="spec_perl_TestParamsPassArrayStr_t" time="0.000104904174804688">
      <skipped message="ok 5 # skip test_params_pass_array_str died" />
    </testcase>
    <testcase name="Unnamed test case 797" classname="spec_perl_TestParamsPassArrayStr_t" time="0.000119209289550781">
      <skipped message="ok 6 # skip test_params_pass_array_str died" />
    </testcase>
    <testcase name="Unnamed test case 798" classname="spec_perl_TestParamsPassArrayStr_t" time="0.000128984451293945">
      <skipped message="ok 7 # skip test_params_pass_array_str died" />
    </testcase>
  </testsuite>
  <testsuite name="spec_perl_TestExprIfIntOps_t" errors="0" failures="0" skipped="0" tests="2" time="0.0451319217681885">
    <system-out>1..2
ok 1 - Equals
ok 2 - Equals
</system-out>
    <testcase name="Equals (798)" classname="spec_perl_TestExprIfIntOps_t" time="0.000264883041381836" />
    <testcase name="Equals (799)" classname="spec_perl_TestExprIfIntOps_t" time="8.70227813720703e-05" />
  </testsuite>
  <testsuite name="spec_perl_TestNavParentFalse_t" errors="0" failures="0" skipped="0" tests="5" time="0.0456399917602539">
    <system-out>1..5
ok 1 - Equals
ok 2 - Equals
ok 3 - Equals
ok 4 - Equals
ok 5 - Equals
</system-out>
    <testcase name="Equals (800)" classname="spec_perl_TestNavParentFalse_t" time="0.000284910202026367" />
    <testcase name="Equals (801)" classname="spec_perl_TestNavParentFalse_t" time="8.29696655273438e-05" />
    <testcase name="Equals (802)" classname="spec_perl_TestNavParentFalse_t" time="0.000142097473144531" />
    <testcase name="Equals (803)" classname="spec_perl_TestNavParentFalse_t" time="0.000123977661132812" />
    <testcase name="Equals (804)" classname="spec_perl_TestNavParentFalse_t" time="0.000136852264404297" />
  </testsuite>
  <testsuite name="spec_perl_TestSwitchManualIntSizeEos_t" errors="0" failures="0" skipped="0" tests="10" time="0.049314022064209">
    <system-out>1..10
ok 1 - Equals
ok 2 - Equals
ok 3 - Equals
ok 4 - Equals
ok 5 - Equals
ok 6 - Equals
ok 7 - Equals
ok 8 - Equals
ok 9 - Equals
ok 10 - Equals
</system-out>
    <testcase name="Equals (805)" classname="spec_perl_TestSwitchManualIntSizeEos_t" time="0.000754833221435547" />
    <testcase name="Equals (806)" classname="spec_perl_TestSwitchManualIntSizeEos_t" time="0.000100135803222656" />
    <testcase name="Equals (807)" classname="spec_perl_TestSwitchManualIntSizeEos_t" time="5.88893890380859e-05" />
    <testcase name="Equals (808)" classname="spec_perl_TestSwitchManualIntSizeEos_t" time="0.000178098678588867" />
    <testcase name="Equals (809)" classname="spec_perl_TestSwitchManualIntSizeEos_t" time="0.000120878219604492" />
    <testcase name="Equals (810)" classname="spec_perl_TestSwitchManualIntSizeEos_t" time="0.000205039978027344" />
    <testcase name="Equals (811)" classname="spec_perl_TestSwitchManualIntSizeEos_t" time="0.000113010406494141" />
    <testcase name="Equals (812)" classname="spec_perl_TestSwitchManualIntSizeEos_t" time="0.000162124633789062" />
    <testcase name="Equals (813)" classname="spec_perl_TestSwitchManualIntSizeEos_t" time="0.000125885009765625" />
    <testcase name="Equals (814)" classname="spec_perl_TestSwitchManualIntSizeEos_t" time="0.00014495849609375" />
  </testsuite>
  <testsuite name="spec_perl_TestRepeatUntilComplex_t" errors="0" failures="0" skipped="0" tests="17" time="0.0463171005249023">
    <system-out>1..17
ok 1 - Equals
ok 2 - Equals
ok 3 - Equals
ok 4 - Equals
ok 5 - Equals
ok 6 - Equals
ok 7 - Equals
ok 8 - Equals
ok 9 - Equals
ok 10 - Equals
ok 11 - Equals
ok 12 - Equals
ok 13 - Equals
ok 14 - Equals
ok 15 - Equals
ok 16 - Equals
ok 17 - Equals
</system-out>
    <testcase name="Equals (815)" classname="spec_perl_TestRepeatUntilComplex_t" time="0.000340938568115234" />
    <testcase name="Equals (816)" classname="spec_perl_TestRepeatUntilComplex_t" time="8.51154327392578e-05" />
    <testcase name="Equals (817)" classname="spec_perl_TestRepeatUntilComplex_t" time="0.00014805793762207" />
    <testcase name="Equals (818)" classname="spec_perl_TestRepeatUntilComplex_t" time="0.000168800354003906" />
    <testcase name="Equals (819)" classname="spec_perl_TestRepeatUntilComplex_t" time="0.000118017196655273" />
    <testcase name="Equals (820)" classname="spec_perl_TestRepeatUntilComplex_t" time="0.000154018402099609" />
    <testcase name="Equals (821)" classname="spec_perl_TestRepeatUntilComplex_t" time="6.31809234619141e-05" />
    <testcase name="Equals (822)" classname="spec_perl_TestRepeatUntilComplex_t" time="0.000152826309204102" />
    <testcase name="Equals (823)" classname="spec_perl_TestRepeatUntilComplex_t" time="0.000113964080810547" />
    <testcase name="Equals (824)" classname="spec_perl_TestRepeatUntilComplex_t" time="0.000152111053466797" />
    <testcase name="Equals (825)" classname="spec_perl_TestRepeatUntilComplex_t" time="0.000128984451293945" />
    <testcase name="Equals (826)" classname="spec_perl_TestRepeatUntilComplex_t" time="0.000114917755126953" />
    <testcase name="Equals (827)" classname="spec_perl_TestRepeatUntilComplex_t" time="0.00014805793762207" />
    <testcase name="Equals (828)" classname="spec_perl_TestRepeatUntilComplex_t" time="0.000114917755126953" />
    <testcase name="Equals (829)" classname="spec_perl_TestRepeatUntilComplex_t" time="0.000146150588989258" />
    <testcase name="Equals (830)" classname="spec_perl_TestRepeatUntilComplex_t" time="8.60691070556641e-05" />
    <testcase name="Equals (831)" classname="spec_perl_TestRepeatUntilComplex_t" time="0.000144004821777344" />
  </testsuite>
  <testsuite name="spec_perl_TestHelloWorld_t" errors="0" failures="0" skipped="0" tests="1" time="0.0443270206451416">
    <system-out>1..1
ok 1 - Equals
</system-out>
    <testcase name="Equals (832)" classname="spec_perl_TestHelloWorld_t" time="0.000342130661010742" />
  </testsuite>
  <testsuite name="spec_perl_TestTermStrz_t" errors="0" failures="0" skipped="0" tests="3" time="0.0485830307006836">
    <system-out>1..3
ok 1 - Equals
ok 2 - Equals
ok 3 - Equals
</system-out>
    <testcase name="Equals (833)" classname="spec_perl_TestTermStrz_t" time="0.000306129455566406" />
    <testcase name="Equals (834)" classname="spec_perl_TestTermStrz_t" time="8.20159912109375e-05" />
    <testcase name="Equals (835)" classname="spec_perl_TestTermStrz_t" time="0.000113010406494141" />
  </testsuite>
  <testsuite name="spec_perl_TestProcessRepeatUsertype_t" errors="0" failures="0" skipped="0" tests="4" time="0.0456399917602539">
    <system-out>1..4
ok 1 - Equals
ok 2 - Equals
ok 3 - Equals
ok 4 - Equals
</system-out>
    <testcase name="Equals (836)" classname="spec_perl_TestProcessRepeatUsertype_t" time="0.000618934631347656" />
    <testcase name="Equals (837)" classname="spec_perl_TestProcessRepeatUsertype_t" time="0.000102043151855469" />
    <testcase name="Equals (838)" classname="spec_perl_TestProcessRepeatUsertype_t" time="5.69820404052734e-05" />
    <testcase name="Equals (839)" classname="spec_perl_TestProcessRepeatUsertype_t" time="0.000100851058959961" />
  </testsuite>
  <testsuite name="spec_perl_TestRepeatNStruct_t" errors="0" failures="0" skipped="0" tests="5" time="0.0455291271209717">
    <system-out>1..5
ok 1 - Equals
ok 2 - Equals
ok 3 - Equals
ok 4 - Equals
ok 5 - Equals
</system-out>
    <testcase name="Equals (840)" classname="spec_perl_TestRepeatNStruct_t" time="0.000272035598754883" />
    <testcase name="Equals (841)" classname="spec_perl_TestRepeatNStruct_t" time="7.70092010498047e-05" />
    <testcase name="Equals (842)" classname="spec_perl_TestRepeatNStruct_t" time="0.000118017196655273" />
    <testcase name="Equals (843)" classname="spec_perl_TestRepeatNStruct_t" time="0.000139951705932617" />
    <testcase name="Equals (844)" classname="spec_perl_TestRepeatNStruct_t" time="0.00018310546875" />
  </testsuite>
  <testsuite name="spec_perl_TestPositionAbs_t" errors="0" failures="0" skipped="0" tests="2" time="0.0491352081298828">
    <system-out>1..2
ok 1 - Equals
ok 2 - Equals
</system-out>
    <testcase name="Equals (845)" classname="spec_perl_TestPositionAbs_t" time="0.000257015228271484" />
    <testcase name="Equals (846)" classname="spec_perl_TestPositionAbs_t" time="0.000223159790039062" />
  </testsuite>
</testsuites>
