<?xml version='1.0' encoding='utf-8'?>
<testsuites>
  <testsuite name="spec_perl_TestFixedStruct_t" errors="0" failures="0" skipped="0" tests="20" time="0.0532219409942627">
    <system-out>1..20
ok 1 - Equals
ok 2 - Equals
ok 3 - Equals
ok 4 - Equals
ok 5 - Equals
ok 6 - Equals
ok 7 - Equals
ok 8 - Equals
ok 9 - Equals
ok 10 - Equals
ok 11 - Equals
ok 12 - Equals
ok 13 - Equals
ok 14 - Equals
ok 15 - Equals
ok 16 - Equals
ok 17 - Equals
ok 18 - Equals
ok 19 - Equals
ok 20 - Equals
</system-out>
    <testcase name="Equals" classname="spec_perl_TestFixedStruct_t" time="0.00209283828735352" />
    <testcase name="Equals (2)" classname="spec_perl_TestFixedStruct_t" time="0.000462055206298828" />
    <testcase name="Equals (3)" classname="spec_perl_TestFixedStruct_t" time="0.000267982482910156" />
    <testcase name="Equals (4)" classname="spec_perl_TestFixedStruct_t" time="0.000233173370361328" />
    <testcase name="Equals (5)" classname="spec_perl_TestFixedStruct_t" time="0.000230789184570312" />
    <testcase name="Equals (6)" classname="spec_perl_TestFixedStruct_t" time="0.000225067138671875" />
    <testcase name="Equals (7)" classname="spec_perl_TestFixedStruct_t" time="0.000242948532104492" />
    <testcase name="Equals (8)" classname="spec_perl_TestFixedStruct_t" time="0.000272035598754883" />
    <testcase name="Equals (9)" classname="spec_perl_TestFixedStruct_t" time="0.000225067138671875" />
    <testcase name="Equals (10)" classname="spec_perl_TestFixedStruct_t" time="0.000236988067626953" />
    <testcase name="Equals (11)" classname="spec_perl_TestFixedStruct_t" time="0.000246047973632812" />
    <testcase name="Equals (12)" classname="spec_perl_TestFixedStruct_t" time="0.000231027603149414" />
    <testcase name="Equals (13)" classname="spec_perl_TestFixedStruct_t" time="0.000223875045776367" />
    <testcase name="Equals (14)" classname="spec_perl_TestFixedStruct_t" time="0.000220060348510742" />
    <testcase name="Equals (15)" classname="spec_perl_TestFixedStruct_t" time="0.000233888626098633" />
    <testcase name="Equals (16)" classname="spec_perl_TestFixedStruct_t" time="0.000214099884033203" />
    <testcase name="Equals (17)" classname="spec_perl_TestFixedStruct_t" time="0.000234127044677734" />
    <testcase name="Equals (18)" classname="spec_perl_TestFixedStruct_t" time="0.000356912612915039" />
    <testcase name="Equals (19)" classname="spec_perl_TestFixedStruct_t" time="0.0002899169921875" />
    <testcase name="Equals (20)" classname="spec_perl_TestFixedStruct_t" time="0.000225067138671875" />
  </testsuite>
  <testsuite name="spec_perl_TestDocstringsDocref_t" errors="0" failures="0" skipped="1" tests="1" time="0.0419490337371826">
    <system-out>1..1
ok 1 # skip DocstringsDocref=HASH(0x56140d3b42c8)
</system-out>
    <testcase name="Unnamed test case 20" classname="spec_perl_TestDocstringsDocref_t" time="0.00262904167175293">
      <skipped message="ok 1 # skip DocstringsDocref=HASH(0x56140d3b42c8)" />
    </testcase>
  </testsuite>
  <testsuite name="spec_perl_TestEnumIntRangeU_t" errors="0" failures="0" skipped="0" tests="2" time="0.0387940406799316">
    <system-out>1..2
ok 1 - Equals
ok 2 - Equals
</system-out>
    <testcase name="Equals (21)" classname="spec_perl_TestEnumIntRangeU_t" time="0.00170993804931641" />
    <testcase name="Equals (22)" classname="spec_perl_TestEnumIntRangeU_t" time="8.20159912109375e-05" />
  </testsuite>
  <testsuite name="spec_perl_TestCombineBytes_t" errors="0" failures="0" skipped="0" tests="10" time="0.0496680736541748">
    <system-out>1..10
ok 1 - Equals
ok 2 - Equals
ok 3 - Equals
ok 4 - Equals
ok 5 - Equals
ok 6 - Equals
ok 7 - Equals
ok 8 - Equals
ok 9 - Equals
ok 10 - Equals
</system-out>
    <testcase name="Equals (23)" classname="spec_perl_TestCombineBytes_t" time="0.00157618522644043" />
    <testcase name="Equals (24)" classname="spec_perl_TestCombineBytes_t" time="8.392333984375e-05" />
    <testcase name="Equals (25)" classname="spec_perl_TestCombineBytes_t" time="6.29425048828125e-05" />
    <testcase name="Equals (26)" classname="spec_perl_TestCombineBytes_t" time="5.79357147216797e-05" />
    <testcase name="Equals (27)" classname="spec_perl_TestCombineBytes_t" time="5.81741333007812e-05" />
    <testcase name="Equals (28)" classname="spec_perl_TestCombineBytes_t" time="0.000130891799926758" />
    <testcase name="Equals (29)" classname="spec_perl_TestCombineBytes_t" time="6.19888305664062e-05" />
    <testcase name="Equals (30)" classname="spec_perl_TestCombineBytes_t" time="9.39369201660156e-05" />
    <testcase name="Equals (31)" classname="spec_perl_TestCombineBytes_t" time="9.70363616943359e-05" />
    <testcase name="Equals (32)" classname="spec_perl_TestCombineBytes_t" time="0.000136137008666992" />
  </testsuite>
  <testsuite name="spec_perl_TestTypeTernaryOpaque_t" errors="0" failures="0" skipped="0" tests="3" time="0.047914981842041">
    <system-out>1..3
ok 1 - Equals
ok 2 - Equals
ok 3 - Equals
</system-out>
    <testcase name="Equals (33)" classname="spec_perl_TestTypeTernaryOpaque_t" time="0.00201010704040527" />
    <testcase name="Equals (34)" classname="spec_perl_TestTypeTernaryOpaque_t" time="8.70227813720703e-05" />
    <testcase name="Equals (35)" classname="spec_perl_TestTypeTernaryOpaque_t" time="6.38961791992188e-05" />
  </testsuite>
  <testsuite name="spec_perl_TestIoLocalVar_t" errors="0" failures="0" skipped="0" tests="2" time="0.0441389083862305">
    <system-out>1..2
ok 1 - Equals
ok 2 - Equals
</system-out>
    <testcase name="Equals (36)" classname="spec_perl_TestIoLocalVar_t" time="0.00176811218261719" />
    <testcase name="Equals (37)" classname="spec_perl_TestIoLocalVar_t" time="7.39097595214844e-05" />
  </testsuite>
  <testsuite name="spec_perl_TestImportsCircularA_t" errors="0" failures="0" skipped="0" tests="5" time="0.0427720546722412">
    <system-out>1..5
ok 1 - Equals
ok 2 - Equals
ok 3 - Equals
ok 4 - Equals
ok 5 - nil
</system-out>
    <testcase name="Equals (38)" classname="spec_perl_TestImportsCircularA_t" time="0.00166010856628418" />
    <testcase name="Equals (39)" classname="spec_perl_TestImportsCircularA_t" time="9.08374786376953e-05" />
    <testcase name="Equals (40)" classname="spec_perl_TestImportsCircularA_t" time="5.00679016113281e-05" />
    <testcase name="Equals (41)" classname="spec_perl_TestImportsCircularA_t" time="4.91142272949219e-05" />
    <testcase name="nil (41)" classname="spec_perl_TestImportsCircularA_t" time="4.48226928710938e-05" />
  </testsuite>
  <testsuite name="spec_perl_TestParamsPassArrayInt_t" errors="0" failures="1" skipped="6" tests="7" time="0.0435340404510498">
    <system-out>1..7
not ok 1 - test_params_pass_array_int died (Can't use an undefined value as an ARRAY reference at spec/perl/TestParamsPassArrayInt.t line 14.)
ok 2 # skip test_params_pass_array_int died
ok 3 # skip test_params_pass_array_int died
ok 4 # skip test_params_pass_array_int died
ok 5 # skip test_params_pass_array_int died
ok 6 # skip test_params_pass_array_int died
ok 7 # skip test_params_pass_array_int died
</system-out>
    <testcase name="test_params_pass_array_int died (Can't use an undefined value as an ARRAY reference at spec/perl/TestParamsPassArrayInt.t line 14.) (41)" classname="spec_perl_TestParamsPassArrayInt_t" time="0.00156402587890625">
      <failure message="not ok 1 - test_params_pass_array_int died (Can't use an undefined value as an ARRAY reference at spec/perl/TestParamsPassArrayInt.t line 14.)" type="TAP::Parser::Result::Test"></failure>
    </testcase>
    <testcase name="Unnamed test case 41" classname="spec_perl_TestParamsPassArrayInt_t" time="0.00020599365234375">
      <skipped message="ok 2 # skip test_params_pass_array_int died" />
    </testcase>
    <testcase name="Unnamed test case 42" classname="spec_perl_TestParamsPassArrayInt_t" time="6.60419464111328e-05">
      <skipped message="ok 3 # skip test_params_pass_array_int died" />
    </testcase>
    <testcase name="Unnamed test case 43" classname="spec_perl_TestParamsPassArrayInt_t" time="4.98294830322266e-05">
      <skipped message="ok 4 # skip test_params_pass_array_int died" />
    </testcase>
    <testcase name="Unnamed test case 44" classname="spec_perl_TestParamsPassArrayInt_t" time="4.72068786621094e-05">
      <skipped message="ok 5 # skip test_params_pass_array_int died" />
    </testcase>
    <testcase name="Unnamed test case 45" classname="spec_perl_TestParamsPassArrayInt_t" time="5.98430633544922e-05">
      <skipped message="ok 6 # skip test_params_pass_array_int died" />
    </testcase>
    <testcase name="Unnamed test case 46" classname="spec_perl_TestParamsPassArrayInt_t" time="5.31673431396484e-05">
      <skipped message="ok 7 # skip test_params_pass_array_int died" />
    </testcase>
  </testsuite>
  <testsuite name="spec_perl_TestEnumFancy_t" errors="0" failures="0" skipped="0" tests="2" time="0.0398819446563721">
    <system-out>1..2
ok 1 - Equals
ok 2 - Equals
</system-out>
    <testcase name="Equals (46)" classname="spec_perl_TestEnumFancy_t" time="0.00164914131164551" />
    <testcase name="Equals (47)" classname="spec_perl_TestEnumFancy_t" time="9.58442687988281e-05" />
  </testsuite>
  <testsuite name="spec_perl_TestSwitchRepeatExprInvalid_t" errors="0" failures="0" skipped="0" tests="3" time="0.0431981086730957">
    <system-out>1..3
ok 1 - Equals
ok 2 - Equals
ok 3 - Equals
</system-out>
    <testcase name="Equals (48)" classname="spec_perl_TestSwitchRepeatExprInvalid_t" time="0.00211501121520996" />
    <testcase name="Equals (49)" classname="spec_perl_TestSwitchRepeatExprInvalid_t" time="0.000105857849121094" />
    <testcase name="Equals (50)" classname="spec_perl_TestSwitchRepeatExprInvalid_t" time="4.81605529785156e-05" />
  </testsuite>
  <testsuite name="spec_perl_TestExprArray_t" errors="0" failures="1" skipped="0" tests="15" time="0.0485179424285889">
    <system-out>1..15
ok 1 - Equals
ok 2 - Equals
ok 3 - Equals
ok 4 - Equals
ok 5 - Equals
ok 6 - Equals
ok 7 - Approx equals
ok 8 - Approx equals
not ok 9 - Approx equals
ok 10 - Approx equals
ok 11 - Equals
ok 12 - Equals
ok 13 - Equals
ok 14 - Equals
ok 15 - Equals
</system-out>
    <testcase name="Equals (51)" classname="spec_perl_TestExprArray_t" time="0.00160503387451172" />
    <testcase name="Equals (52)" classname="spec_perl_TestExprArray_t" time="7.79628753662109e-05" />
    <testcase name="Equals (53)" classname="spec_perl_TestExprArray_t" time="5.29289245605469e-05" />
    <testcase name="Equals (54)" classname="spec_perl_TestExprArray_t" time="5.81741333007812e-05" />
    <testcase name="Equals (55)" classname="spec_perl_TestExprArray_t" time="5.38825988769531e-05" />
    <testcase name="Equals (56)" classname="spec_perl_TestExprArray_t" time="5.29289245605469e-05" />
    <testcase name="Approx equals (56)" classname="spec_perl_TestExprArray_t" time="5.19752502441406e-05" />
    <testcase name="Approx equals (57)" classname="spec_perl_TestExprArray_t" time="4.91142272949219e-05" />
    <testcase name="Approx equals (58)" classname="spec_perl_TestExprArray_t" time="6.19888305664062e-05">
      <failure message="not ok 9 - Approx equals" type="TAP::Parser::Result::Test"></failure>
    </testcase>
    <testcase name="Approx equals (59)" classname="spec_perl_TestExprArray_t" time="0.000418901443481445" />
    <testcase name="Equals (59)" classname="spec_perl_TestExprArray_t" time="0.000138044357299805" />
    <testcase name="Equals (60)" classname="spec_perl_TestExprArray_t" time="0.000738143920898438" />
    <testcase name="Equals (61)" classname="spec_perl_TestExprArray_t" time="0.000316858291625977" />
    <testcase name="Equals (62)" classname="spec_perl_TestExprArray_t" time="8.29696655273438e-05" />
    <testcase name="Equals (63)" classname="spec_perl_TestExprArray_t" time="6.103515625e-05" />
  </testsuite>
  <testsuite name="spec_perl_TestRepeatUntilComplex_t" errors="0" failures="0" skipped="0" tests="15" time="0.0444471836090088">
    <system-out>1..15
ok 1 - Equals
ok 2 - Equals
ok 3 - Equals
ok 4 - Equals
ok 5 - Equals
ok 6 - Equals
ok 7 - Equals
ok 8 - Equals
ok 9 - Equals
ok 10 - Equals
ok 11 - Equals
ok 12 - Equals
ok 13 - Equals
ok 14 - Equals
ok 15 - Equals
</system-out>
    <testcase name="Equals (64)" classname="spec_perl_TestRepeatUntilComplex_t" time="0.00149917602539062" />
    <testcase name="Equals (65)" classname="spec_perl_TestRepeatUntilComplex_t" time="0.000118017196655273" />
    <testcase name="Equals (66)" classname="spec_perl_TestRepeatUntilComplex_t" time="7.29560852050781e-05" />
    <testcase name="Equals (67)" classname="spec_perl_TestRepeatUntilComplex_t" time="9.10758972167969e-05" />
    <testcase name="Equals (68)" classname="spec_perl_TestRepeatUntilComplex_t" time="0.000128984451293945" />
    <testcase name="Equals (69)" classname="spec_perl_TestRepeatUntilComplex_t" time="8.29696655273438e-05" />
    <testcase name="Equals (70)" classname="spec_perl_TestRepeatUntilComplex_t" time="0.000450849533081055" />
    <testcase name="Equals (71)" classname="spec_perl_TestRepeatUntilComplex_t" time="5.41210174560547e-05" />
    <testcase name="Equals (72)" classname="spec_perl_TestRepeatUntilComplex_t" time="5.29289245605469e-05" />
    <testcase name="Equals (73)" classname="spec_perl_TestRepeatUntilComplex_t" time="9.79900360107422e-05" />
    <testcase name="Equals (74)" classname="spec_perl_TestRepeatUntilComplex_t" time="4.81605529785156e-05" />
    <testcase name="Equals (75)" classname="spec_perl_TestRepeatUntilComplex_t" time="5.69820404052734e-05" />
    <testcase name="Equals (76)" classname="spec_perl_TestRepeatUntilComplex_t" time="5.88893890380859e-05" />
    <testcase name="Equals (77)" classname="spec_perl_TestRepeatUntilComplex_t" time="5.50746917724609e-05" />
    <testcase name="Equals (78)" classname="spec_perl_TestRepeatUntilComplex_t" time="0.000133991241455078" />
  </testsuite>
  <testsuite name="spec_perl_TestExprSizeofValue0_t" errors="0" failures="0" skipped="0" tests="5" time="0.039841890335083">
    <system-out>1..5
ok 1 - Equals
ok 2 - Equals
ok 3 - Equals
ok 4 - Equals
ok 5 - Equals
</system-out>
    <testcase name="Equals (79)" classname="spec_perl_TestExprSizeofValue0_t" time="0.00179004669189453" />
    <testcase name="Equals (80)" classname="spec_perl_TestExprSizeofValue0_t" time="8.392333984375e-05" />
    <testcase name="Equals (81)" classname="spec_perl_TestExprSizeofValue0_t" time="6.60419464111328e-05" />
    <testcase name="Equals (82)" classname="spec_perl_TestExprSizeofValue0_t" time="6.103515625e-05" />
    <testcase name="Equals (83)" classname="spec_perl_TestExprSizeofValue0_t" time="0.000108003616333008" />
  </testsuite>
  <testsuite name="spec_perl_TestSwitchManualIntSizeEos_t" errors="0" failures="0" skipped="0" tests="10" time="0.0478689670562744">
    <system-out>1..10
ok 1 - Equals
ok 2 - Equals
ok 3 - Equals
ok 4 - Equals
ok 5 - Equals
ok 6 - Equals
ok 7 - Equals
ok 8 - Equals
ok 9 - Equals
ok 10 - Equals
</system-out>
    <testcase name="Equals (84)" classname="spec_perl_TestSwitchManualIntSizeEos_t" time="0.00286197662353516" />
    <testcase name="Equals (85)" classname="spec_perl_TestSwitchManualIntSizeEos_t" time="8.20159912109375e-05" />
    <testcase name="Equals (86)" classname="spec_perl_TestSwitchManualIntSizeEos_t" time="5.10215759277344e-05" />
    <testcase name="Equals (87)" classname="spec_perl_TestSwitchManualIntSizeEos_t" time="5.88893890380859e-05" />
    <testcase name="Equals (88)" classname="spec_perl_TestSwitchManualIntSizeEos_t" time="5.60283660888672e-05" />
    <testcase name="Equals (89)" classname="spec_perl_TestSwitchManualIntSizeEos_t" time="0.000168085098266602" />
    <testcase name="Equals (90)" classname="spec_perl_TestSwitchManualIntSizeEos_t" time="0.000163078308105469" />
    <testcase name="Equals (91)" classname="spec_perl_TestSwitchManualIntSizeEos_t" time="0.000122785568237305" />
    <testcase name="Equals (92)" classname="spec_perl_TestSwitchManualIntSizeEos_t" time="0.000573158264160156" />
    <testcase name="Equals (93)" classname="spec_perl_TestSwitchManualIntSizeEos_t" time="5.29289245605469e-05" />
  </testsuite>
  <testsuite name="spec_perl_TestOpaqueExternalType_t" errors="0" failures="0" skipped="0" tests="3" time="0.0448119640350342">
    <system-out>1..3
ok 1 - Equals
ok 2 - Equals
ok 3 - Equals
</system-out>
    <testcase name="Equals (94)" classname="spec_perl_TestOpaqueExternalType_t" time="0.00165796279907227" />
    <testcase name="Equals (95)" classname="spec_perl_TestOpaqueExternalType_t" time="8.41617584228516e-05" />
    <testcase name="Equals (96)" classname="spec_perl_TestOpaqueExternalType_t" time="6.98566436767578e-05" />
  </testsuite>
  <testsuite name="spec_perl_TestIntegersMinMax_t" errors="0" failures="0" skipped="0" tests="28" time="0.0428359508514404">
    <system-out>1..28
ok 1 - Equals
ok 2 - Equals
ok 3 - Equals
ok 4 - Equals
ok 5 - Equals
ok 6 - Equals
ok 7 - Equals
ok 8 - Equals
ok 9 - Equals
ok 10 - Equals
ok 11 - Equals
ok 12 - Equals
ok 13 - Equals
ok 14 - Equals
ok 15 - Equals
ok 16 - Equals
ok 17 - Equals
ok 18 - Equals
ok 19 - Equals
ok 20 - Equals
ok 21 - Equals
ok 22 - Equals
ok 23 - Equals
ok 24 - Equals
ok 25 - Equals
ok 26 - Equals
ok 27 - Equals
ok 28 - Equals
</system-out>
    <testcase name="Equals (97)" classname="spec_perl_TestIntegersMinMax_t" time="0.00154304504394531" />
    <testcase name="Equals (98)" classname="spec_perl_TestIntegersMinMax_t" time="8.48770141601562e-05" />
    <testcase name="Equals (99)" classname="spec_perl_TestIntegersMinMax_t" time="4.79221343994141e-05" />
    <testcase name="Equals (100)" classname="spec_perl_TestIntegersMinMax_t" time="6.41345977783203e-05" />
    <testcase name="Equals (101)" classname="spec_perl_TestIntegersMinMax_t" time="5.88893890380859e-05" />
    <testcase name="Equals (102)" classname="spec_perl_TestIntegersMinMax_t" time="7.29560852050781e-05" />
    <testcase name="Equals (103)" classname="spec_perl_TestIntegersMinMax_t" time="0.000110149383544922" />
    <testcase name="Equals (104)" classname="spec_perl_TestIntegersMinMax_t" time="6.19888305664062e-05" />
    <testcase name="Equals (105)" classname="spec_perl_TestIntegersMinMax_t" time="0.000102043151855469" />
    <testcase name="Equals (106)" classname="spec_perl_TestIntegersMinMax_t" time="0.0001068115234375" />
    <testcase name="Equals (107)" classname="spec_perl_TestIntegersMinMax_t" time="0.000129222869873047" />
    <testcase name="Equals (108)" classname="spec_perl_TestIntegersMinMax_t" time="9.17911529541016e-05" />
    <testcase name="Equals (109)" classname="spec_perl_TestIntegersMinMax_t" time="9.41753387451172e-05" />
    <testcase name="Equals (110)" classname="spec_perl_TestIntegersMinMax_t" time="9.79900360107422e-05" />
    <testcase name="Equals (111)" classname="spec_perl_TestIntegersMinMax_t" time="9.29832458496094e-05" />
    <testcase name="Equals (112)" classname="spec_perl_TestIntegersMinMax_t" time="9.29832458496094e-05" />
    <testcase name="Equals (113)" classname="spec_perl_TestIntegersMinMax_t" time="6.60419464111328e-05" />
    <testcase name="Equals (114)" classname="spec_perl_TestIntegersMinMax_t" time="9.70363616943359e-05" />
    <testcase name="Equals (115)" classname="spec_perl_TestIntegersMinMax_t" time="0.000101804733276367" />
    <testcase name="Equals (116)" classname="spec_perl_TestIntegersMinMax_t" time="9.918212890625e-05" />
    <testcase name="Equals (117)" classname="spec_perl_TestIntegersMinMax_t" time="5.88893890380859e-05" />
    <testcase name="Equals (118)" classname="spec_perl_TestIntegersMinMax_t" time="0.000103950500488281" />
    <testcase name="Equals (119)" classname="spec_perl_TestIntegersMinMax_t" time="8.51154327392578e-05" />
    <testcase name="Equals (120)" classname="spec_perl_TestIntegersMinMax_t" time="8.89301300048828e-05" />
    <testcase name="Equals (121)" classname="spec_perl_TestIntegersMinMax_t" time="8.70227813720703e-05" />
    <testcase name="Equals (122)" classname="spec_perl_TestIntegersMinMax_t" time="8.98838043212891e-05" />
    <testcase name="Equals (123)" classname="spec_perl_TestIntegersMinMax_t" time="9.01222229003906e-05" />
    <testcase name="Equals (124)" classname="spec_perl_TestIntegersMinMax_t" time="0.00114202499389648" />
  </testsuite>
  <testsuite name="spec_perl_TestEnum1_t" errors="0" failures="0" skipped="0" tests="2" time="0.0420479774475098">
    <system-out>1..2
ok 1 - Equals
ok 2 - Equals
</system-out>
    <testcase name="Equals (125)" classname="spec_perl_TestEnum1_t" time="0.00219202041625977" />
    <testcase name="Equals (126)" classname="spec_perl_TestEnum1_t" time="0.000100851058959961" />
  </testsuite>
  <testsuite name="spec_perl_TestRepeatUntilSized_t" errors="0" failures="0" skipped="0" tests="7" time="0.0405929088592529">
    <system-out>1..7
ok 1 - Equals
ok 2 - Equals
ok 3 - Equals
ok 4 - Equals
ok 5 - Equals
ok 6 - Equals
ok 7 - Equals
</system-out>
    <testcase name="Equals (127)" classname="spec_perl_TestRepeatUntilSized_t" time="0.00190401077270508" />
    <testcase name="Equals (128)" classname="spec_perl_TestRepeatUntilSized_t" time="8.67843627929688e-05" />
    <testcase name="Equals (129)" classname="spec_perl_TestRepeatUntilSized_t" time="5.91278076171875e-05" />
    <testcase name="Equals (130)" classname="spec_perl_TestRepeatUntilSized_t" time="6.38961791992188e-05" />
    <testcase name="Equals (131)" classname="spec_perl_TestRepeatUntilSized_t" time="5.91278076171875e-05" />
    <testcase name="Equals (132)" classname="spec_perl_TestRepeatUntilSized_t" time="7.70092010498047e-05" />
    <testcase name="Equals (133)" classname="spec_perl_TestRepeatUntilSized_t" time="0.000752925872802734" />
  </testsuite>
  <testsuite name="spec_perl_TestEnum0_t" errors="0" failures="0" skipped="0" tests="2" time="0.0403730869293213">
    <system-out>1..2
ok 1 - Equals
ok 2 - Equals
</system-out>
    <testcase name="Equals (134)" classname="spec_perl_TestEnum0_t" time="0.00162506103515625" />
    <testcase name="Equals (135)" classname="spec_perl_TestEnum0_t" time="8.60691070556641e-05" />
  </testsuite>
  <testsuite name="spec_perl_TestProcessXorValue_t" errors="0" failures="0" skipped="0" tests="2" time="0.0375120639801025">
    <system-out>1..2
ok 1 - Equals
ok 2 - Equals
</system-out>
    <testcase name="Equals (136)" classname="spec_perl_TestProcessXorValue_t" time="0.00146794319152832" />
    <testcase name="Equals (137)" classname="spec_perl_TestProcessXorValue_t" time="0.00010991096496582" />
  </testsuite>
  <testsuite name="spec_perl_TestImportsAbsRel_t" errors="0" failures="0" skipped="0" tests="3" time="0.0425689220428467">
    <system-out>1..3
ok 1 - Equals
ok 2 - Equals
ok 3 - Equals
</system-out>
    <testcase name="Equals (138)" classname="spec_perl_TestImportsAbsRel_t" time="0.0019538402557373" />
    <testcase name="Equals (139)" classname="spec_perl_TestImportsAbsRel_t" time="8.60691070556641e-05" />
    <testcase name="Equals (140)" classname="spec_perl_TestImportsAbsRel_t" time="5.19752502441406e-05" />
  </testsuite>
  <testsuite name="spec_perl_TestNavParentFalse2_t" errors="0" failures="0" skipped="0" tests="1" time="0.0432109832763672">
    <system-out>1..1
ok 1 - Equals
</system-out>
    <testcase name="Equals (141)" classname="spec_perl_TestNavParentFalse2_t" time="0.00172710418701172" />
  </testsuite>
  <testsuite name="spec_perl_TestStrEncodings_t" errors="0" failures="0" skipped="0" tests="4" time="0.0514769554138184">
    <system-out>1..4
ok 1 - Equals
ok 2 - Equals
ok 3 - Equals
ok 4 - Equals
</system-out>
    <testcase name="Equals (142)" classname="spec_perl_TestStrEncodings_t" time="0.0062260627746582" />
    <testcase name="Equals (143)" classname="spec_perl_TestStrEncodings_t" time="0.000112056732177734" />
    <testcase name="Equals (144)" classname="spec_perl_TestStrEncodings_t" time="4.69684600830078e-05" />
    <testcase name="Equals (145)" classname="spec_perl_TestStrEncodings_t" time="6.89029693603516e-05" />
  </testsuite>
  <testsuite name="spec_perl_TestFixedContents_t" errors="0" failures="0" skipped="1" tests="1" time="0.0391089916229248">
    <system-out>1..1
ok 1 # skip FixedContents=HASH(0x559233f4ee18)
</system-out>
    <testcase name="Unnamed test case 145" classname="spec_perl_TestFixedContents_t" time="0.00185108184814453">
      <skipped message="ok 1 # skip FixedContents=HASH(0x559233f4ee18)" />
    </testcase>
  </testsuite>
  <testsuite name="spec_perl_TestToStringCustom_t" errors="0" failures="0" skipped="0" tests="1" time="0.0445089340209961">
    <system-out>1..1
ok 1 - Equals
</system-out>
    <testcase name="Equals (146)" classname="spec_perl_TestToStringCustom_t" time="0.000238895416259766" />
  </testsuite>
  <testsuite name="spec_perl_TestBitsSeqEndianCombo_t" errors="0" failures="0" skipped="0" tests="8" time="0.040398120880127">
    <system-out>1..8
ok 1 - Equals
ok 2 - Equals
ok 3 - Equals
ok 4 - Equals
ok 5 - Equals
ok 6 - Equals
ok 7 - Equals
ok 8 - Equals
</system-out>
    <testcase name="Equals (147)" classname="spec_perl_TestBitsSeqEndianCombo_t" time="0.00163006782531738" />
    <testcase name="Equals (148)" classname="spec_perl_TestBitsSeqEndianCombo_t" time="0.000105857849121094" />
    <testcase name="Equals (149)" classname="spec_perl_TestBitsSeqEndianCombo_t" time="5.31673431396484e-05" />
    <testcase name="Equals (150)" classname="spec_perl_TestBitsSeqEndianCombo_t" time="6.19888305664062e-05" />
    <testcase name="Equals (151)" classname="spec_perl_TestBitsSeqEndianCombo_t" time="6.19888305664062e-05" />
    <testcase name="Equals (152)" classname="spec_perl_TestBitsSeqEndianCombo_t" time="7.70092010498047e-05" />
    <testcase name="Equals (153)" classname="spec_perl_TestBitsSeqEndianCombo_t" time="0.000276803970336914" />
    <testcase name="Equals (154)" classname="spec_perl_TestBitsSeqEndianCombo_t" time="9.79900360107422e-05" />
  </testsuite>
  <testsuite name="spec_perl_TestExprBits_t" errors="0" failures="0" skipped="0" tests="10" time="0.0389361381530762">
    <system-out>1..10
ok 1 - Equals
ok 2 - Equals
ok 3 - Equals
ok 4 - Equals
ok 5 - Equals
ok 6 - Equals
ok 7 - Equals
ok 8 - Equals
ok 9 - Equals
ok 10 - Equals
</system-out>
    <testcase name="Equals (155)" classname="spec_perl_TestExprBits_t" time="0.00151395797729492" />
    <testcase name="Equals (156)" classname="spec_perl_TestExprBits_t" time="7.91549682617188e-05" />
    <testcase name="Equals (157)" classname="spec_perl_TestExprBits_t" time="5.19752502441406e-05" />
    <testcase name="Equals (158)" classname="spec_perl_TestExprBits_t" time="5.98430633544922e-05" />
    <testcase name="Equals (159)" classname="spec_perl_TestExprBits_t" time="5.91278076171875e-05" />
    <testcase name="Equals (160)" classname="spec_perl_TestExprBits_t" time="5.38825988769531e-05" />
    <testcase name="Equals (161)" classname="spec_perl_TestExprBits_t" time="9.20295715332031e-05" />
    <testcase name="Equals (162)" classname="spec_perl_TestExprBits_t" time="9.01222229003906e-05" />
    <testcase name="Equals (163)" classname="spec_perl_TestExprBits_t" time="6.4849853515625e-05" />
    <testcase name="Equals (164)" classname="spec_perl_TestExprBits_t" time="0.000158071517944336" />
  </testsuite>
  <testsuite name="spec_perl_TestExpr2_t" errors="0" failures="0" skipped="0" tests="17" time="0.0460600852966309">
    <system-out>1..17
ok 1 - Equals
ok 2 - Equals
ok 3 - Equals
ok 4 - Equals
ok 5 - Equals
ok 6 - Equals
ok 7 - Equals
ok 8 - Equals
ok 9 - Equals
ok 10 - Equals
ok 11 - Equals
ok 12 - Equals
ok 13 - Equals
ok 14 - Equals
ok 15 - Equals
ok 16 - Equals
ok 17 - Equals
</system-out>
    <testcase name="Equals (165)" classname="spec_perl_TestExpr2_t" time="0.0018458366394043" />
    <testcase name="Equals (166)" classname="spec_perl_TestExpr2_t" time="7.91549682617188e-05" />
    <testcase name="Equals (167)" classname="spec_perl_TestExpr2_t" time="5.29289245605469e-05" />
    <testcase name="Equals (168)" classname="spec_perl_TestExpr2_t" time="5.79357147216797e-05" />
    <testcase name="Equals (169)" classname="spec_perl_TestExpr2_t" time="6.19888305664062e-05" />
    <testcase name="Equals (170)" classname="spec_perl_TestExpr2_t" time="5.60283660888672e-05" />
    <testcase name="Equals (171)" classname="spec_perl_TestExpr2_t" time="8.70227813720703e-05" />
    <testcase name="Equals (172)" classname="spec_perl_TestExpr2_t" time="0.000131130218505859" />
    <testcase name="Equals (173)" classname="spec_perl_TestExpr2_t" time="0.000153779983520508" />
    <testcase name="Equals (174)" classname="spec_perl_TestExpr2_t" time="0.000105142593383789" />
    <testcase name="Equals (175)" classname="spec_perl_TestExpr2_t" time="6.38961791992188e-05" />
    <testcase name="Equals (176)" classname="spec_perl_TestExpr2_t" time="0.000115156173706055" />
    <testcase name="Equals (177)" classname="spec_perl_TestExpr2_t" time="8.70227813720703e-05" />
    <testcase name="Equals (178)" classname="spec_perl_TestExpr2_t" time="0.000137805938720703" />
    <testcase name="Equals (179)" classname="spec_perl_TestExpr2_t" time="8.60691070556641e-05" />
    <testcase name="Equals (180)" classname="spec_perl_TestExpr2_t" time="8.70227813720703e-05" />
    <testcase name="Equals (181)" classname="spec_perl_TestExpr2_t" time="7.89165496826172e-05" />
  </testsuite>
  <testsuite name="spec_perl_TestInstanceIoUser_t" errors="0" failures="0" skipped="0" tests="4" time="0.05051589012146">
    <system-out>1..4
ok 1 - Equals
ok 2 - Equals
ok 3 - Equals
ok 4 - Equals
</system-out>
    <testcase name="Equals (182)" classname="spec_perl_TestInstanceIoUser_t" time="0.00188398361206055" />
    <testcase name="Equals (183)" classname="spec_perl_TestInstanceIoUser_t" time="8.89301300048828e-05" />
    <testcase name="Equals (184)" classname="spec_perl_TestInstanceIoUser_t" time="0.00024104118347168" />
    <testcase name="Equals (185)" classname="spec_perl_TestInstanceIoUser_t" time="0.000133037567138672" />
  </testsuite>
  <testsuite name="spec_perl_TestEnumToIClassBorder1_t" errors="0" failures="1" skipped="0" tests="3" time="0.0449380874633789">
    <system-out>1..3
ok 1 - Equals
ok 2 - Equals
not ok 3 - test_enum_to_i_class_border_1 died (Can't call method &quot;some_dog&quot; on an undefined value at compiled/perl/EnumToIClassBorder2.pm line 42.)
</system-out>
    <testcase name="Equals (186)" classname="spec_perl_TestEnumToIClassBorder1_t" time="0.00164508819580078" />
    <testcase name="Equals (187)" classname="spec_perl_TestEnumToIClassBorder1_t" time="8.29696655273438e-05" />
    <testcase name="test_enum_to_i_class_border_1 died (Can't call method &quot;some_dog&quot; on an undefined value at compiled/perl/EnumToIClassBorder2.pm line 42.) (187)" classname="spec_perl_TestEnumToIClassBorder1_t" time="7.60555267333984e-05">
      <failure message="not ok 3 - test_enum_to_i_class_border_1 died (Can't call method &quot;some_dog&quot; on an undefined value at compiled/perl/EnumToIClassBorder2.pm line 42.)" type="TAP::Parser::Result::Test"></failure>
    </testcase>
  </testsuite>
  <testsuite name="spec_perl_TestBytesPadTerm_t" errors="0" failures="0" skipped="0" tests="4" time="0.0419290065765381">
    <system-out>1..4
ok 1 - Equals
ok 2 - Equals
ok 3 - Equals
ok 4 - Equals
</system-out>
    <testcase name="Equals (188)" classname="spec_perl_TestBytesPadTerm_t" time="0.0017549991607666" />
    <testcase name="Equals (189)" classname="spec_perl_TestBytesPadTerm_t" time="8.70227813720703e-05" />
    <testcase name="Equals (190)" classname="spec_perl_TestBytesPadTerm_t" time="4.88758087158203e-05" />
    <testcase name="Equals (191)" classname="spec_perl_TestBytesPadTerm_t" time="6.00814819335938e-05" />
  </testsuite>
  <testsuite name="spec_perl_TestBitsByteAligned_t" errors="0" failures="0" skipped="0" tests="9" time="0.0422577857971191">
    <system-out>1..9
ok 1 - Equals
ok 2 - Equals
ok 3 - Equals
ok 4 - Equals
ok 5 - Equals
ok 6 - Equals
ok 7 - Equals
ok 8 - Equals
ok 9 - Equals
</system-out>
    <testcase name="Equals (192)" classname="spec_perl_TestBitsByteAligned_t" time="0.00251603126525879" />
    <testcase name="Equals (193)" classname="spec_perl_TestBitsByteAligned_t" time="9.01222229003906e-05" />
    <testcase name="Equals (194)" classname="spec_perl_TestBitsByteAligned_t" time="4.79221343994141e-05" />
    <testcase name="Equals (195)" classname="spec_perl_TestBitsByteAligned_t" time="6.38961791992188e-05" />
    <testcase name="Equals (196)" classname="spec_perl_TestBitsByteAligned_t" time="6.50882720947266e-05" />
    <testcase name="Equals (197)" classname="spec_perl_TestBitsByteAligned_t" time="5.69820404052734e-05" />
    <testcase name="Equals (198)" classname="spec_perl_TestBitsByteAligned_t" time="0.000102996826171875" />
    <testcase name="Equals (199)" classname="spec_perl_TestBitsByteAligned_t" time="9.51290130615234e-05" />
    <testcase name="Equals (200)" classname="spec_perl_TestBitsByteAligned_t" time="0.000108957290649414" />
  </testsuite>
  <testsuite name="spec_perl_TestExpr0_t" errors="0" failures="0" skipped="0" tests="2" time="0.0396738052368164">
    <system-out>1..2
ok 1 - Equals
ok 2 - Equals
</system-out>
    <testcase name="Equals (201)" classname="spec_perl_TestExpr0_t" time="0.00147509574890137" />
    <testcase name="Equals (202)" classname="spec_perl_TestExpr0_t" time="7.48634338378906e-05" />
  </testsuite>
  <testsuite name="spec_perl_TestBitsEnum_t" errors="0" failures="0" skipped="0" tests="3" time="0.0403439998626709">
    <system-out>1..3
ok 1 - Equals
ok 2 - Equals
ok 3 - Equals
</system-out>
    <testcase name="Equals (203)" classname="spec_perl_TestBitsEnum_t" time="0.00163102149963379" />
    <testcase name="Equals (204)" classname="spec_perl_TestBitsEnum_t" time="0.000287055969238281" />
    <testcase name="Equals (205)" classname="spec_perl_TestBitsEnum_t" time="0.000145912170410156" />
  </testsuite>
  <testsuite name="spec_perl_TestMetaTags_t" errors="0" failures="0" skipped="1" tests="1" time="0.0389199256896973">
    <system-out>1..1
ok 1 # skip MetaTags=HASH(0x564504b97af8)
</system-out>
    <testcase name="Unnamed test case 205" classname="spec_perl_TestMetaTags_t" time="0.00178313255310059">
      <skipped message="ok 1 # skip MetaTags=HASH(0x564504b97af8)" />
    </testcase>
  </testsuite>
  <testsuite name="spec_perl_TestValidEqStrEncodings_t" errors="0" failures="0" skipped="1" tests="1" time="0.0538368225097656">
    <system-out>1..1
ok 1 # skip ValidEqStrEncodings=HASH(0x561b8cf172e8)
</system-out>
    <testcase name="Unnamed test case 206" classname="spec_perl_TestValidEqStrEncodings_t" time="0.00691485404968262">
      <skipped message="ok 1 # skip ValidEqStrEncodings=HASH(0x561b8cf172e8)" />
    </testcase>
  </testsuite>
  <testsuite name="spec_perl_TestIndexToParamEos_t" errors="0" failures="2" skipped="0" tests="7" time="0.0468850135803223">
    <system-out>1..7
ok 1 - Equals
ok 2 - Equals
ok 3 - Equals
ok 4 - Equals
ok 5 - Equals
not ok 6 - Equals
not ok 7 - Equals
</system-out>
    <testcase name="Equals (206)" classname="spec_perl_TestIndexToParamEos_t" time="0.00246787071228027" />
    <testcase name="Equals (207)" classname="spec_perl_TestIndexToParamEos_t" time="8.10623168945312e-05" />
    <testcase name="Equals (208)" classname="spec_perl_TestIndexToParamEos_t" time="6.29425048828125e-05" />
    <testcase name="Equals (209)" classname="spec_perl_TestIndexToParamEos_t" time="6.79492950439453e-05" />
    <testcase name="Equals (210)" classname="spec_perl_TestIndexToParamEos_t" time="5.91278076171875e-05" />
    <testcase name="Equals (211)" classname="spec_perl_TestIndexToParamEos_t" time="0.000124931335449219">
      <failure message="not ok 6 - Equals" type="TAP::Parser::Result::Test"></failure>
    </testcase>
    <testcase name="Equals (212)" classname="spec_perl_TestIndexToParamEos_t" time="0.0012059211730957">
      <failure message="not ok 7 - Equals" type="TAP::Parser::Result::Test"></failure>
    </testcase>
  </testsuite>
  <testsuite name="spec_perl_TestProcessCustomNoArgs_t" errors="1" failures="0" skipped="0" tests="0" time="0.0367059707641602">
    <system-out></system-out>
    <testcase name="Test died too soon, even before plan. (212)" classname="spec_perl_TestProcessCustomNoArgs_t" time="0.0367059707641602">
      <failure message="The test suite died before a plan was produced. You need to have a plan." type="Plan">No plan</failure>
    </testcase>
  </testsuite>
  <testsuite name="spec_perl_TestValidLong_t" errors="0" failures="0" skipped="1" tests="1" time="0.0451400279998779">
    <system-out>1..1
ok 1 # skip ValidLong=HASH(0x560234a8c1d0)
</system-out>
    <testcase name="Unnamed test case 212" classname="spec_perl_TestValidLong_t" time="0.00197482109069824">
      <skipped message="ok 1 # skip ValidLong=HASH(0x560234a8c1d0)" />
    </testcase>
  </testsuite>
  <testsuite name="spec_perl_TestIndexToParamUntil_t" errors="0" failures="2" skipped="0" tests="7" time="0.0501649379730225">
    <system-out>1..7
ok 1 - Equals
ok 2 - Equals
ok 3 - Equals
ok 4 - Equals
ok 5 - Equals
not ok 6 - Equals
not ok 7 - Equals
</system-out>
    <testcase name="Equals (213)" classname="spec_perl_TestIndexToParamUntil_t" time="0.00377607345581055" />
    <testcase name="Equals (214)" classname="spec_perl_TestIndexToParamUntil_t" time="8.89301300048828e-05" />
    <testcase name="Equals (215)" classname="spec_perl_TestIndexToParamUntil_t" time="4.79221343994141e-05" />
    <testcase name="Equals (216)" classname="spec_perl_TestIndexToParamUntil_t" time="6.00814819335938e-05" />
    <testcase name="Equals (217)" classname="spec_perl_TestIndexToParamUntil_t" time="6.79492950439453e-05" />
    <testcase name="Equals (218)" classname="spec_perl_TestIndexToParamUntil_t" time="0.000113010406494141">
      <failure message="not ok 6 - Equals" type="TAP::Parser::Result::Test"></failure>
    </testcase>
    <testcase name="Equals (219)" classname="spec_perl_TestIndexToParamUntil_t" time="0.000806093215942383">
      <failure message="not ok 7 - Equals" type="TAP::Parser::Result::Test"></failure>
    </testcase>
  </testsuite>
  <testsuite name="spec_perl_TestOpaqueExternalType02Parent_t" errors="0" failures="0" skipped="0" tests="3" time="0.0541229248046875">
    <system-out>1..3
ok 1 - Equals
ok 2 - Equals
ok 3 - Equals
</system-out>
    <testcase name="Equals (220)" classname="spec_perl_TestOpaqueExternalType02Parent_t" time="0.00173091888427734" />
    <testcase name="Equals (221)" classname="spec_perl_TestOpaqueExternalType02Parent_t" time="0.000115156173706055" />
    <testcase name="Equals (222)" classname="spec_perl_TestOpaqueExternalType02Parent_t" time="6.79492950439453e-05" />
  </testsuite>
  <testsuite name="spec_perl_TestTermBytes_t" errors="0" failures="0" skipped="0" tests="3" time="0.0431299209594727">
    <system-out>1..3
ok 1 - Equals
ok 2 - Equals
ok 3 - Equals
</system-out>
    <testcase name="Equals (223)" classname="spec_perl_TestTermBytes_t" time="0.00147485733032227" />
    <testcase name="Equals (224)" classname="spec_perl_TestTermBytes_t" time="8.10623168945312e-05" />
    <testcase name="Equals (225)" classname="spec_perl_TestTermBytes_t" time="4.60147857666016e-05" />
  </testsuite>
  <testsuite name="spec_perl_TestProcessCustom_t" errors="1" failures="0" skipped="0" tests="0" time="0.0379688739776611">
    <system-out></system-out>
    <testcase name="Test died too soon, even before plan. (225)" classname="spec_perl_TestProcessCustom_t" time="0.0379688739776611">
      <failure message="The test suite died before a plan was produced. You need to have a plan." type="Plan">No plan</failure>
    </testcase>
  </testsuite>
  <testsuite name="spec_perl_TestBitsUnalignedB64Le_t" errors="0" failures="0" skipped="0" tests="3" time="0.0418941974639893">
    <system-out>1..3
ok 1 - Equals
ok 2 - Equals
ok 3 - Equals
</system-out>
    <testcase name="Equals (226)" classname="spec_perl_TestBitsUnalignedB64Le_t" time="0.00155305862426758" />
    <testcase name="Equals (227)" classname="spec_perl_TestBitsUnalignedB64Le_t" time="8.51154327392578e-05" />
    <testcase name="Equals (228)" classname="spec_perl_TestBitsUnalignedB64Le_t" time="8.89301300048828e-05" />
  </testsuite>
  <testsuite name="spec_perl_TestJsSignedRightShift_t" errors="0" failures="0" skipped="0" tests="2" time="0.0417730808258057">
    <system-out>1..2
ok 1 - Equals
ok 2 - Equals
</system-out>
    <testcase name="Equals (229)" classname="spec_perl_TestJsSignedRightShift_t" time="0.0015099048614502" />
    <testcase name="Equals (230)" classname="spec_perl_TestJsSignedRightShift_t" time="0.000108003616333008" />
  </testsuite>
  <testsuite name="spec_perl_TestSwitchManualEnumInvalid_t" errors="0" failures="0" skipped="0" tests="5" time="0.0509510040283203">
    <system-out>1..5
ok 1 - Equals
ok 2 - Equals
ok 3 - nil
ok 4 - Equals
ok 5 - nil
</system-out>
    <testcase name="Equals (231)" classname="spec_perl_TestSwitchManualEnumInvalid_t" time="0.00163388252258301" />
    <testcase name="Equals (232)" classname="spec_perl_TestSwitchManualEnumInvalid_t" time="8.60691070556641e-05" />
    <testcase name="nil (232)" classname="spec_perl_TestSwitchManualEnumInvalid_t" time="5.19752502441406e-05" />
    <testcase name="Equals (233)" classname="spec_perl_TestSwitchManualEnumInvalid_t" time="6.29425048828125e-05" />
    <testcase name="nil (233)" classname="spec_perl_TestSwitchManualEnumInvalid_t" time="5.91278076171875e-05" />
  </testsuite>
  <testsuite name="spec_perl_TestSwitchIntegers_t" errors="0" failures="0" skipped="0" tests="9" time="0.0428910255432129">
    <system-out>1..9
ok 1 - Equals
ok 2 - Equals
ok 3 - Equals
ok 4 - Equals
ok 5 - Equals
ok 6 - Equals
ok 7 - Equals
ok 8 - Equals
ok 9 - Equals
</system-out>
    <testcase name="Equals (234)" classname="spec_perl_TestSwitchIntegers_t" time="0.0016779899597168" />
    <testcase name="Equals (235)" classname="spec_perl_TestSwitchIntegers_t" time="8.392333984375e-05" />
    <testcase name="Equals (236)" classname="spec_perl_TestSwitchIntegers_t" time="0.000107049942016602" />
    <testcase name="Equals (237)" classname="spec_perl_TestSwitchIntegers_t" time="6.29425048828125e-05" />
    <testcase name="Equals (238)" classname="spec_perl_TestSwitchIntegers_t" time="7.31945037841797e-05" />
    <testcase name="Equals (239)" classname="spec_perl_TestSwitchIntegers_t" time="0.000112771987915039" />
    <testcase name="Equals (240)" classname="spec_perl_TestSwitchIntegers_t" time="9.01222229003906e-05" />
    <testcase name="Equals (241)" classname="spec_perl_TestSwitchIntegers_t" time="9.60826873779297e-05" />
    <testcase name="Equals (242)" classname="spec_perl_TestSwitchIntegers_t" time="0.000135898590087891" />
  </testsuite>
  <testsuite name="spec_perl_TestIndexToParamExpr_t" errors="0" failures="2" skipped="0" tests="7" time="0.0483870506286621">
    <system-out>1..7
ok 1 - Equals
ok 2 - Equals
ok 3 - Equals
ok 4 - Equals
ok 5 - Equals
not ok 6 - Equals
not ok 7 - Equals
</system-out>
    <testcase name="Equals (243)" classname="spec_perl_TestIndexToParamExpr_t" time="0.00194215774536133" />
    <testcase name="Equals (244)" classname="spec_perl_TestIndexToParamExpr_t" time="7.70092010498047e-05" />
    <testcase name="Equals (245)" classname="spec_perl_TestIndexToParamExpr_t" time="0.000207901000976562" />
    <testcase name="Equals (246)" classname="spec_perl_TestIndexToParamExpr_t" time="0.000132083892822266" />
    <testcase name="Equals (247)" classname="spec_perl_TestIndexToParamExpr_t" time="0.000135898590087891" />
    <testcase name="Equals (248)" classname="spec_perl_TestIndexToParamExpr_t" time="7.91549682617188e-05">
      <failure message="not ok 6 - Equals" type="TAP::Parser::Result::Test"></failure>
    </testcase>
    <testcase name="Equals (249)" classname="spec_perl_TestIndexToParamExpr_t" time="0.00111484527587891">
      <failure message="not ok 7 - Equals" type="TAP::Parser::Result::Test"></failure>
    </testcase>
  </testsuite>
  <testsuite name="spec_perl_TestNavRoot_t" errors="0" failures="0" skipped="0" tests="5" time="0.0512340068817139">
    <system-out>1..5
ok 1 - Equals
ok 2 - Equals
ok 3 - Equals
ok 4 - Equals
ok 5 - Equals
</system-out>
    <testcase name="Equals (250)" classname="spec_perl_TestNavRoot_t" time="0.0018467903137207" />
    <testcase name="Equals (251)" classname="spec_perl_TestNavRoot_t" time="0.000102043151855469" />
    <testcase name="Equals (252)" classname="spec_perl_TestNavRoot_t" time="4.60147857666016e-05" />
    <testcase name="Equals (253)" classname="spec_perl_TestNavRoot_t" time="5.60283660888672e-05" />
    <testcase name="Equals (254)" classname="spec_perl_TestNavRoot_t" time="5.50746917724609e-05" />
  </testsuite>
  <testsuite name="spec_perl_TestProcessXor4Const_t" errors="0" failures="0" skipped="0" tests="2" time="0.0396771430969238">
    <system-out>1..2
ok 1 - Equals
ok 2 - Equals
</system-out>
    <testcase name="Equals (255)" classname="spec_perl_TestProcessXor4Const_t" time="0.00141000747680664" />
    <testcase name="Equals (256)" classname="spec_perl_TestProcessXor4Const_t" time="0.000121116638183594" />
  </testsuite>
  <testsuite name="spec_perl_TestBitsSignedResB32Le_t" errors="0" failures="0" skipped="0" tests="1" time="0.0402188301086426">
    <system-out>1..1
ok 1 - Equals
</system-out>
    <testcase name="Equals (257)" classname="spec_perl_TestBitsSignedResB32Le_t" time="0.00147294998168945" />
  </testsuite>
  <testsuite name="spec_perl_TestNavParentOverride_t" errors="0" failures="0" skipped="0" tests="3" time="0.0403108596801758">
    <system-out>1..3
ok 1 - Equals
ok 2 - Equals
ok 3 - Equals
</system-out>
    <testcase name="Equals (258)" classname="spec_perl_TestNavParentOverride_t" time="0.00159597396850586" />
    <testcase name="Equals (259)" classname="spec_perl_TestNavParentOverride_t" time="8.29696655273438e-05" />
    <testcase name="Equals (260)" classname="spec_perl_TestNavParentOverride_t" time="4.88758087158203e-05" />
  </testsuite>
  <testsuite name="spec_perl_TestRecursiveOne_t" errors="0" failures="0" skipped="0" tests="4" time="0.0391831398010254">
    <system-out>1..4
ok 1 - Equals
ok 2 - Equals
ok 3 - Equals
ok 4 - Equals
</system-out>
    <testcase name="Equals (261)" classname="spec_perl_TestRecursiveOne_t" time="0.00177407264709473" />
    <testcase name="Equals (262)" classname="spec_perl_TestRecursiveOne_t" time="0.000134944915771484" />
    <testcase name="Equals (263)" classname="spec_perl_TestRecursiveOne_t" time="5.19752502441406e-05" />
    <testcase name="Equals (264)" classname="spec_perl_TestRecursiveOne_t" time="6.103515625e-05" />
  </testsuite>
  <testsuite name="spec_perl_TestSwitchManualEnum_t" errors="0" failures="0" skipped="0" tests="9" time="0.0476081371307373">
    <system-out>1..9
ok 1 - Equals
ok 2 - Equals
ok 3 - Equals
ok 4 - Equals
ok 5 - Equals
ok 6 - Equals
ok 7 - Equals
ok 8 - Equals
ok 9 - Equals
</system-out>
    <testcase name="Equals (265)" classname="spec_perl_TestSwitchManualEnum_t" time="0.00199389457702637" />
    <testcase name="Equals (266)" classname="spec_perl_TestSwitchManualEnum_t" time="9.41753387451172e-05" />
    <testcase name="Equals (267)" classname="spec_perl_TestSwitchManualEnum_t" time="5.10215759277344e-05" />
    <testcase name="Equals (268)" classname="spec_perl_TestSwitchManualEnum_t" time="6.19888305664062e-05" />
    <testcase name="Equals (269)" classname="spec_perl_TestSwitchManualEnum_t" time="5.98430633544922e-05" />
    <testcase name="Equals (270)" classname="spec_perl_TestSwitchManualEnum_t" time="6.91413879394531e-05" />
    <testcase name="Equals (271)" classname="spec_perl_TestSwitchManualEnum_t" time="0.000104904174804688" />
    <testcase name="Equals (272)" classname="spec_perl_TestSwitchManualEnum_t" time="0.000225067138671875" />
    <testcase name="Equals (273)" classname="spec_perl_TestSwitchManualEnum_t" time="6.60419464111328e-05" />
  </testsuite>
  <testsuite name="spec_perl_TestValidNotParsedIf_t" errors="0" failures="0" skipped="1" tests="1" time="0.0385899543762207">
    <system-out>1..1
ok 1 # skip ValidNotParsedIf=HASH(0x564f60bd5fb0)
</system-out>
    <testcase name="Unnamed test case 273" classname="spec_perl_TestValidNotParsedIf_t" time="0.00248098373413086">
      <skipped message="ok 1 # skip ValidNotParsedIf=HASH(0x564f60bd5fb0)" />
    </testcase>
  </testsuite>
  <testsuite name="spec_perl_TestProcessRepeatUsertype_t" errors="0" failures="0" skipped="0" tests="4" time="0.0418081283569336">
    <system-out>1..4
ok 1 - Equals
ok 2 - Equals
ok 3 - Equals
ok 4 - Equals
</system-out>
    <testcase name="Equals (274)" classname="spec_perl_TestProcessRepeatUsertype_t" time="0.0020291805267334" />
    <testcase name="Equals (275)" classname="spec_perl_TestProcessRepeatUsertype_t" time="9.58442687988281e-05" />
    <testcase name="Equals (276)" classname="spec_perl_TestProcessRepeatUsertype_t" time="4.91142272949219e-05" />
    <testcase name="Equals (277)" classname="spec_perl_TestProcessRepeatUsertype_t" time="6.4849853515625e-05" />
  </testsuite>
  <testsuite name="spec_perl_TestEofExceptionBytes_t" errors="0" failures="0" skipped="0" tests="1" time="0.0419387817382812">
    <system-out>1..1
ok 1 - threw /^Requested \d+ bytes, but only \d+ bytes available/
</system-out>
    <testcase name="threw /^Requested \d+ bytes, but only \d+ bytes available/ (277)" classname="spec_perl_TestEofExceptionBytes_t" time="0.00162887573242188" />
  </testsuite>
  <testsuite name="spec_perl_TestParamsPassUsertype_t" errors="0" failures="1" skipped="1" tests="2" time="0.0421278476715088">
    <system-out>1..2
not ok 1 - test_params_pass_usertype died (Can't call method &quot;foo&quot; on an undefined value at compiled/perl/ParamsPassUsertype.pm line 119.)
ok 2 # skip test_params_pass_usertype died
</system-out>
    <testcase name="test_params_pass_usertype died (Can't call method &quot;foo&quot; on an undefined value at compiled/perl/ParamsPassUsertype.pm line 119.) (277)" classname="spec_perl_TestParamsPassUsertype_t" time="0.00142598152160645">
      <failure message="not ok 1 - test_params_pass_usertype died (Can't call method &quot;foo&quot; on an undefined value at compiled/perl/ParamsPassUsertype.pm line 119.)" type="TAP::Parser::Result::Test"></failure>
    </testcase>
    <testcase name="Unnamed test case 277" classname="spec_perl_TestParamsPassUsertype_t" time="0.000109195709228516">
      <skipped message="ok 2 # skip test_params_pass_usertype died" />
    </testcase>
  </testsuite>
  <testsuite name="spec_perl_TestExprBytesNonLiteral_t" errors="0" failures="0" skipped="0" tests="3" time="0.0371410846710205">
    <system-out>1..3
ok 1 - Equals
ok 2 - Equals
ok 3 - Equals
</system-out>
    <testcase name="Equals (278)" classname="spec_perl_TestExprBytesNonLiteral_t" time="0.00155496597290039" />
    <testcase name="Equals (279)" classname="spec_perl_TestExprBytesNonLiteral_t" time="8.98838043212891e-05" />
    <testcase name="Equals (280)" classname="spec_perl_TestExprBytesNonLiteral_t" time="6.103515625e-05" />
  </testsuite>
  <testsuite name="spec_perl_TestEnumDeep_t" errors="0" failures="0" skipped="0" tests="2" time="0.0406379699707031">
    <system-out>1..2
ok 1 - Equals
ok 2 - Equals
</system-out>
    <testcase name="Equals (281)" classname="spec_perl_TestEnumDeep_t" time="0.00136780738830566" />
    <testcase name="Equals (282)" classname="spec_perl_TestEnumDeep_t" time="0.000128030776977539" />
  </testsuite>
  <testsuite name="spec_perl_TestParamsPassArrayStruct_t" errors="0" failures="1" skipped="2" tests="3" time="0.0411951541900635">
    <system-out>1..3
not ok 1 - test_params_pass_array_struct died (Can't use an undefined value as an ARRAY reference at spec/perl/TestParamsPassArrayStruct.t line 14.)
ok 2 # skip test_params_pass_array_struct died
ok 3 # skip test_params_pass_array_struct died
</system-out>
    <testcase name="test_params_pass_array_struct died (Can't use an undefined value as an ARRAY reference at spec/perl/TestParamsPassArrayStruct.t line 14.) (282)" classname="spec_perl_TestParamsPassArrayStruct_t" time="0.00161600112915039">
      <failure message="not ok 1 - test_params_pass_array_struct died (Can't use an undefined value as an ARRAY reference at spec/perl/TestParamsPassArrayStruct.t line 14.)" type="TAP::Parser::Result::Test"></failure>
    </testcase>
    <testcase name="Unnamed test case 282" classname="spec_perl_TestParamsPassArrayStruct_t" time="0.000119924545288086">
      <skipped message="ok 2 # skip test_params_pass_array_struct died" />
    </testcase>
    <testcase name="Unnamed test case 283" classname="spec_perl_TestParamsPassArrayStruct_t" time="5.91278076171875e-05">
      <skipped message="ok 3 # skip test_params_pass_array_struct died" />
    </testcase>
  </testsuite>
  <testsuite name="spec_perl_TestEnumNegative_t" errors="0" failures="0" skipped="0" tests="2" time="0.0402331352233887">
    <system-out>1..2
ok 1 - Equals
ok 2 - Equals
</system-out>
    <testcase name="Equals (283)" classname="spec_perl_TestEnumNegative_t" time="0.00144290924072266" />
    <testcase name="Equals (284)" classname="spec_perl_TestEnumNegative_t" time="8.392333984375e-05" />
  </testsuite>
  <testsuite name="spec_perl_TestNestedTypes3_t" errors="0" failures="0" skipped="0" tests="5" time="0.0423061847686768">
    <system-out>1..5
ok 1 - Equals
ok 2 - Equals
ok 3 - Equals
ok 4 - Equals
ok 5 - Equals
</system-out>
    <testcase name="Equals (285)" classname="spec_perl_TestNestedTypes3_t" time="0.00184392929077148" />
    <testcase name="Equals (286)" classname="spec_perl_TestNestedTypes3_t" time="8.20159912109375e-05" />
    <testcase name="Equals (287)" classname="spec_perl_TestNestedTypes3_t" time="0.000123977661132812" />
    <testcase name="Equals (288)" classname="spec_perl_TestNestedTypes3_t" time="0.000324010848999023" />
    <testcase name="Equals (289)" classname="spec_perl_TestNestedTypes3_t" time="0.000100135803222656" />
  </testsuite>
  <testsuite name="spec_perl_TestDebugEnumName_t" errors="1" failures="0" skipped="0" tests="0" time="0.0362019538879395">
    <system-out></system-out>
    <testcase name="Test died too soon, even before plan. (289)" classname="spec_perl_TestDebugEnumName_t" time="0.0362019538879395">
      <failure message="The test suite died before a plan was produced. You need to have a plan." type="Plan">No plan</failure>
    </testcase>
  </testsuite>
  <testsuite name="spec_perl_TestParamsPassStruct_t" errors="0" failures="1" skipped="1" tests="4" time="0.0423400402069092">
    <system-out>1..4
ok 1 - Equals
ok 2 - Equals
not ok 3 - test_params_pass_struct died (Can't call method &quot;foo&quot; on an undefined value at spec/perl/TestParamsPassStruct.t line 16.)
ok 4 # skip test_params_pass_struct died
</system-out>
    <testcase name="Equals (290)" classname="spec_perl_TestParamsPassStruct_t" time="0.00189590454101562" />
    <testcase name="Equals (291)" classname="spec_perl_TestParamsPassStruct_t" time="8.32080841064453e-05" />
    <testcase name="test_params_pass_struct died (Can't call method &quot;foo&quot; on an undefined value at spec/perl/TestParamsPassStruct.t line 16.) (291)" classname="spec_perl_TestParamsPassStruct_t" time="8.89301300048828e-05">
      <failure message="not ok 3 - test_params_pass_struct died (Can't call method &quot;foo&quot; on an undefined value at spec/perl/TestParamsPassStruct.t line 16.)" type="TAP::Parser::Result::Test"></failure>
    </testcase>
    <testcase name="Unnamed test case 291" classname="spec_perl_TestParamsPassStruct_t" time="0.000650882720947266">
      <skipped message="ok 4 # skip test_params_pass_struct died" />
    </testcase>
  </testsuite>
  <testsuite name="spec_perl_TestStrPadTermEmpty_t" errors="0" failures="0" skipped="0" tests="4" time="0.0453879833221436">
    <system-out>1..4
ok 1 - Equals
ok 2 - Equals
ok 3 - Equals
ok 4 - Equals
</system-out>
    <testcase name="Equals (292)" classname="spec_perl_TestStrPadTermEmpty_t" time="0.00153017044067383" />
    <testcase name="Equals (293)" classname="spec_perl_TestStrPadTermEmpty_t" time="8.17775726318359e-05" />
    <testcase name="Equals (294)" classname="spec_perl_TestStrPadTermEmpty_t" time="4.91142272949219e-05" />
    <testcase name="Equals (295)" classname="spec_perl_TestStrPadTermEmpty_t" time="5.88893890380859e-05" />
  </testsuite>
  <testsuite name="spec_perl_TestRepeatEosStruct_t" errors="0" failures="0" skipped="0" tests="5" time="0.0426361560821533">
    <system-out>1..5
ok 1 - Equals
ok 2 - Equals
ok 3 - Equals
ok 4 - Equals
ok 5 - Equals
</system-out>
    <testcase name="Equals (296)" classname="spec_perl_TestRepeatEosStruct_t" time="0.0016169548034668" />
    <testcase name="Equals (297)" classname="spec_perl_TestRepeatEosStruct_t" time="8.32080841064453e-05" />
    <testcase name="Equals (298)" classname="spec_perl_TestRepeatEosStruct_t" time="6.58035278320312e-05" />
    <testcase name="Equals (299)" classname="spec_perl_TestRepeatEosStruct_t" time="7.91549682617188e-05" />
    <testcase name="Equals (300)" classname="spec_perl_TestRepeatEosStruct_t" time="5.69820404052734e-05" />
  </testsuite>
  <testsuite name="spec_perl_TestProcessRepeatBytes_t" errors="0" failures="0" skipped="0" tests="2" time="0.0414891242980957">
    <system-out>1..2
ok 1 - Equals
ok 2 - Equals
</system-out>
    <testcase name="Equals (301)" classname="spec_perl_TestProcessRepeatBytes_t" time="0.00147199630737305" />
    <testcase name="Equals (302)" classname="spec_perl_TestProcessRepeatBytes_t" time="8.29696655273438e-05" />
  </testsuite>
  <testsuite name="spec_perl_TestMetaXref_t" errors="0" failures="0" skipped="1" tests="1" time="0.0397870540618896">
    <system-out>1..1
ok 1 # skip MetaXref=HASH(0x55cc23522ad8)
</system-out>
    <testcase name="Unnamed test case 302" classname="spec_perl_TestMetaXref_t" time="0.00184297561645508">
      <skipped message="ok 1 # skip MetaXref=HASH(0x55cc23522ad8)" />
    </testcase>
  </testsuite>
  <testsuite name="spec_perl_TestInstanceUserArray_t" errors="0" failures="0" skipped="0" tests="10" time="0.0427038669586182">
    <system-out>1..10
ok 1 - Equals
ok 2 - Equals
ok 3 - Equals
ok 4 - Equals
ok 5 - Equals
ok 6 - Equals
ok 7 - Equals
ok 8 - Equals
ok 9 - Equals
ok 10 - Equals
</system-out>
    <testcase name="Equals (303)" classname="spec_perl_TestInstanceUserArray_t" time="0.00147604942321777" />
    <testcase name="Equals (304)" classname="spec_perl_TestInstanceUserArray_t" time="8.10623168945312e-05" />
    <testcase name="Equals (305)" classname="spec_perl_TestInstanceUserArray_t" time="6.07967376708984e-05" />
    <testcase name="Equals (306)" classname="spec_perl_TestInstanceUserArray_t" time="0.000580072402954102" />
    <testcase name="Equals (307)" classname="spec_perl_TestInstanceUserArray_t" time="0.000121116638183594" />
    <testcase name="Equals (308)" classname="spec_perl_TestInstanceUserArray_t" time="6.4849853515625e-05" />
    <testcase name="Equals (309)" classname="spec_perl_TestInstanceUserArray_t" time="0.000110149383544922" />
    <testcase name="Equals (310)" classname="spec_perl_TestInstanceUserArray_t" time="5.88893890380859e-05" />
    <testcase name="Equals (311)" classname="spec_perl_TestInstanceUserArray_t" time="0.000108957290649414" />
    <testcase name="Equals (312)" classname="spec_perl_TestInstanceUserArray_t" time="9.01222229003906e-05" />
  </testsuite>
  <testsuite name="spec_perl_TestValidSwitch_t" errors="0" failures="0" skipped="1" tests="1" time="0.0404951572418213">
    <system-out>1..1
ok 1 # skip ValidSwitch=HASH(0x55f604d6b340)
</system-out>
    <testcase name="Unnamed test case 312" classname="spec_perl_TestValidSwitch_t" time="0.00192594528198242">
      <skipped message="ok 1 # skip ValidSwitch=HASH(0x55f604d6b340)" />
    </testcase>
  </testsuite>
  <testsuite name="spec_perl_TestBufferedStruct_t" errors="0" failures="0" skipped="0" tests="7" time="0.0424630641937256">
    <system-out>1..7
ok 1 - Equals
ok 2 - Equals
ok 3 - Equals
ok 4 - Equals
ok 5 - Equals
ok 6 - Equals
ok 7 - Equals
</system-out>
    <testcase name="Equals (313)" classname="spec_perl_TestBufferedStruct_t" time="0.00207686424255371" />
    <testcase name="Equals (314)" classname="spec_perl_TestBufferedStruct_t" time="8.32080841064453e-05" />
    <testcase name="Equals (315)" classname="spec_perl_TestBufferedStruct_t" time="6.29425048828125e-05" />
    <testcase name="Equals (316)" classname="spec_perl_TestBufferedStruct_t" time="6.4849853515625e-05" />
    <testcase name="Equals (317)" classname="spec_perl_TestBufferedStruct_t" time="0.000101089477539062" />
    <testcase name="Equals (318)" classname="spec_perl_TestBufferedStruct_t" time="0.000103950500488281" />
    <testcase name="Equals (319)" classname="spec_perl_TestBufferedStruct_t" time="6.81877136230469e-05" />
  </testsuite>
  <testsuite name="spec_perl_TestImportsAbsAbs_t" errors="0" failures="0" skipped="0" tests="3" time="0.0419750213623047">
    <system-out>1..3
ok 1 - Equals
ok 2 - Equals
ok 3 - Equals
</system-out>
    <testcase name="Equals (320)" classname="spec_perl_TestImportsAbsAbs_t" time="0.00168609619140625" />
    <testcase name="Equals (321)" classname="spec_perl_TestImportsAbsAbs_t" time="8.79764556884766e-05" />
    <testcase name="Equals (322)" classname="spec_perl_TestImportsAbsAbs_t" time="4.69684600830078e-05" />
  </testsuite>
  <testsuite name="spec_perl_TestExprSizeofType0_t" errors="0" failures="0" skipped="0" tests="1" time="0.0388407707214355">
    <system-out>1..1
ok 1 - Equals
</system-out>
    <testcase name="Equals (323)" classname="spec_perl_TestExprSizeofType0_t" time="0.00152015686035156" />
  </testsuite>
  <testsuite name="spec_perl_TestExprBytesCmp_t" errors="0" failures="0" skipped="0" tests="10" time="0.0380871295928955">
    <system-out>1..10
ok 1 - Equals
ok 2 - Equals
ok 3 - Equals
ok 4 - Equals
ok 5 - Equals
ok 6 - Equals
ok 7 - Equals
ok 8 - Equals
ok 9 - Equals
ok 10 - Equals
</system-out>
    <testcase name="Equals (324)" classname="spec_perl_TestExprBytesCmp_t" time="0.00140500068664551" />
    <testcase name="Equals (325)" classname="spec_perl_TestExprBytesCmp_t" time="7.79628753662109e-05" />
    <testcase name="Equals (326)" classname="spec_perl_TestExprBytesCmp_t" time="7.89165496826172e-05" />
    <testcase name="Equals (327)" classname="spec_perl_TestExprBytesCmp_t" time="6.103515625e-05" />
    <testcase name="Equals (328)" classname="spec_perl_TestExprBytesCmp_t" time="6.103515625e-05" />
    <testcase name="Equals (329)" classname="spec_perl_TestExprBytesCmp_t" time="0.000135898590087891" />
    <testcase name="Equals (330)" classname="spec_perl_TestExprBytesCmp_t" time="8.91685485839844e-05" />
    <testcase name="Equals (331)" classname="spec_perl_TestExprBytesCmp_t" time="7.58171081542969e-05" />
    <testcase name="Equals (332)" classname="spec_perl_TestExprBytesCmp_t" time="8.29696655273438e-05" />
    <testcase name="Equals (333)" classname="spec_perl_TestExprBytesCmp_t" time="9.20295715332031e-05" />
  </testsuite>
  <testsuite name="spec_perl_TestSwitchIntegers2_t" errors="0" failures="0" skipped="0" tests="5" time="0.0450382232666016">
    <system-out>1..5
ok 1 - Equals
ok 2 - Equals
ok 3 - Equals
ok 4 - Equals
ok 5 - Equals
</system-out>
    <testcase name="Equals (334)" classname="spec_perl_TestSwitchIntegers2_t" time="0.00192713737487793" />
    <testcase name="Equals (335)" classname="spec_perl_TestSwitchIntegers2_t" time="8.17775726318359e-05" />
    <testcase name="Equals (336)" classname="spec_perl_TestSwitchIntegers2_t" time="4.91142272949219e-05" />
    <testcase name="Equals (337)" classname="spec_perl_TestSwitchIntegers2_t" time="5.69820404052734e-05" />
    <testcase name="Equals (338)" classname="spec_perl_TestSwitchIntegers2_t" time="0.000103950500488281" />
  </testsuite>
  <testsuite name="spec_perl_TestDefaultBitEndianMod_t" errors="0" failures="0" skipped="0" tests="4" time="0.0401568412780762">
    <system-out>1..4
ok 1 - Equals
ok 2 - Equals
ok 3 - Equals
ok 4 - Equals
</system-out>
    <testcase name="Equals (339)" classname="spec_perl_TestDefaultBitEndianMod_t" time="0.00157284736633301" />
    <testcase name="Equals (340)" classname="spec_perl_TestDefaultBitEndianMod_t" time="8.51154327392578e-05" />
    <testcase name="Equals (341)" classname="spec_perl_TestDefaultBitEndianMod_t" time="4.69684600830078e-05" />
    <testcase name="Equals (342)" classname="spec_perl_TestDefaultBitEndianMod_t" time="6.60419464111328e-05" />
  </testsuite>
  <testsuite name="spec_perl_TestEnumOfValueInst_t" errors="0" failures="0" skipped="0" tests="4" time="0.0385119915008545">
    <system-out>1..4
ok 1 - Equals
ok 2 - Equals
ok 3 - Equals
ok 4 - Equals
</system-out>
    <testcase name="Equals (343)" classname="spec_perl_TestEnumOfValueInst_t" time="0.00151801109313965" />
    <testcase name="Equals (344)" classname="spec_perl_TestEnumOfValueInst_t" time="9.20295715332031e-05" />
    <testcase name="Equals (345)" classname="spec_perl_TestEnumOfValueInst_t" time="5.60283660888672e-05" />
    <testcase name="Equals (346)" classname="spec_perl_TestEnumOfValueInst_t" time="6.103515625e-05" />
  </testsuite>
  <testsuite name="spec_perl_TestEnumDeepLiterals_t" errors="0" failures="0" skipped="0" tests="2" time="0.0400891304016113">
    <system-out>1..2
ok 1 - Equals
ok 2 - Equals
</system-out>
    <testcase name="Equals (347)" classname="spec_perl_TestEnumDeepLiterals_t" time="0.00154590606689453" />
    <testcase name="Equals (348)" classname="spec_perl_TestEnumDeepLiterals_t" time="9.60826873779297e-05" />
  </testsuite>
  <testsuite name="spec_perl_TestNestedSameName2_t" errors="0" failures="0" skipped="0" tests="5" time="0.0439460277557373">
    <system-out>1..5
ok 1 - Equals
ok 2 - Equals
ok 3 - Equals
ok 4 - Equals
ok 5 - Equals
</system-out>
    <testcase name="Equals (349)" classname="spec_perl_TestNestedSameName2_t" time="0.0016789436340332" />
    <testcase name="Equals (350)" classname="spec_perl_TestNestedSameName2_t" time="8.60691070556641e-05" />
    <testcase name="Equals (351)" classname="spec_perl_TestNestedSameName2_t" time="0.000110864639282227" />
    <testcase name="Equals (352)" classname="spec_perl_TestNestedSameName2_t" time="7.41481781005859e-05" />
    <testcase name="Equals (353)" classname="spec_perl_TestNestedSameName2_t" time="0.000124931335449219" />
  </testsuite>
  <testsuite name="spec_perl_TestSwitchElseOnly_t" errors="0" failures="0" skipped="0" tests="3" time="0.0405240058898926">
    <system-out>1..3
ok 1 - Equals
ok 2 - Equals
ok 3 - Equals
</system-out>
    <testcase name="Equals (354)" classname="spec_perl_TestSwitchElseOnly_t" time="0.0017399787902832" />
    <testcase name="Equals (355)" classname="spec_perl_TestSwitchElseOnly_t" time="0.000110864639282227" />
    <testcase name="Equals (356)" classname="spec_perl_TestSwitchElseOnly_t" time="5.22136688232422e-05" />
  </testsuite>
  <testsuite name="spec_perl_TestBitsSimple_t" errors="0" failures="0" skipped="0" tests="14" time="0.0410170555114746">
    <system-out>1..14
ok 1 - Equals
ok 2 - Equals
ok 3 - Equals
ok 4 - Equals
ok 5 - Equals
ok 6 - Equals
ok 7 - Equals
ok 8 - Equals
ok 9 - Equals
ok 10 - Equals
ok 11 - Equals
ok 12 - Equals
ok 13 - Equals
ok 14 - Equals
</system-out>
    <testcase name="Equals (357)" classname="spec_perl_TestBitsSimple_t" time="0.0015869140625" />
    <testcase name="Equals (358)" classname="spec_perl_TestBitsSimple_t" time="8.51154327392578e-05" />
    <testcase name="Equals (359)" classname="spec_perl_TestBitsSimple_t" time="4.88758087158203e-05" />
    <testcase name="Equals (360)" classname="spec_perl_TestBitsSimple_t" time="5.91278076171875e-05" />
    <testcase name="Equals (361)" classname="spec_perl_TestBitsSimple_t" time="9.48905944824219e-05" />
    <testcase name="Equals (362)" classname="spec_perl_TestBitsSimple_t" time="5.50746917724609e-05" />
    <testcase name="Equals (363)" classname="spec_perl_TestBitsSimple_t" time="5.19752502441406e-05" />
    <testcase name="Equals (364)" classname="spec_perl_TestBitsSimple_t" time="0.00010991096496582" />
    <testcase name="Equals (365)" classname="spec_perl_TestBitsSimple_t" time="5.81741333007812e-05" />
    <testcase name="Equals (366)" classname="spec_perl_TestBitsSimple_t" time="0.000177860260009766" />
    <testcase name="Equals (367)" classname="spec_perl_TestBitsSimple_t" time="7.20024108886719e-05" />
    <testcase name="Equals (368)" classname="spec_perl_TestBitsSimple_t" time="5.91278076171875e-05" />
    <testcase name="Equals (369)" classname="spec_perl_TestBitsSimple_t" time="9.48905944824219e-05" />
    <testcase name="Equals (370)" classname="spec_perl_TestBitsSimple_t" time="8.60691070556641e-05" />
  </testsuite>
  <testsuite name="spec_perl_TestBitsShiftByB64Le_t" errors="0" failures="0" skipped="0" tests="2" time="0.0412230491638184">
    <system-out>1..2
ok 1 - Equals
ok 2 - Equals
</system-out>
    <testcase name="Equals (371)" classname="spec_perl_TestBitsShiftByB64Le_t" time="0.00161409378051758" />
    <testcase name="Equals (372)" classname="spec_perl_TestBitsShiftByB64Le_t" time="0.000108003616333008" />
  </testsuite>
  <testsuite name="spec_perl_TestInstanceStdArray_t" errors="0" failures="0" skipped="0" tests="7" time="0.0430099964141846">
    <system-out>1..7
ok 1 - Equals
ok 2 - Equals
ok 3 - Equals
ok 4 - Equals
ok 5 - Equals
ok 6 - Equals
ok 7 - Equals
</system-out>
    <testcase name="Equals (373)" classname="spec_perl_TestInstanceStdArray_t" time="0.00183510780334473" />
    <testcase name="Equals (374)" classname="spec_perl_TestInstanceStdArray_t" time="9.20295715332031e-05" />
    <testcase name="Equals (375)" classname="spec_perl_TestInstanceStdArray_t" time="6.69956207275391e-05" />
    <testcase name="Equals (376)" classname="spec_perl_TestInstanceStdArray_t" time="0.000146865844726562" />
    <testcase name="Equals (377)" classname="spec_perl_TestInstanceStdArray_t" time="9.79900360107422e-05" />
    <testcase name="Equals (378)" classname="spec_perl_TestInstanceStdArray_t" time="0.000110149383544922" />
    <testcase name="Equals (379)" classname="spec_perl_TestInstanceStdArray_t" time="9.58442687988281e-05" />
  </testsuite>
  <testsuite name="spec_perl_TestYamlInts_t" errors="0" failures="0" skipped="0" tests="4" time="0.0404648780822754">
    <system-out>1..4
ok 1 - Equals
ok 2 - Equals
ok 3 - Equals
ok 4 - Equals
</system-out>
    <testcase name="Equals (380)" classname="spec_perl_TestYamlInts_t" time="0.00154685974121094" />
    <testcase name="Equals (381)" classname="spec_perl_TestYamlInts_t" time="8.51154327392578e-05" />
    <testcase name="Equals (382)" classname="spec_perl_TestYamlInts_t" time="6.79492950439453e-05" />
    <testcase name="Equals (383)" classname="spec_perl_TestYamlInts_t" time="7.91549682617188e-05" />
  </testsuite>
  <testsuite name="spec_perl_TestProcessCoerceUsertype2_t" errors="0" failures="0" skipped="0" tests="4" time="0.0422718524932861">
    <system-out>1..4
ok 1 - Equals
ok 2 - Equals
ok 3 - Equals
ok 4 - Equals
</system-out>
    <testcase name="Equals (384)" classname="spec_perl_TestProcessCoerceUsertype2_t" time="0.00194692611694336" />
    <testcase name="Equals (385)" classname="spec_perl_TestProcessCoerceUsertype2_t" time="0.000164985656738281" />
    <testcase name="Equals (386)" classname="spec_perl_TestProcessCoerceUsertype2_t" time="6.91413879394531e-05" />
    <testcase name="Equals (387)" classname="spec_perl_TestProcessCoerceUsertype2_t" time="6.19888305664062e-05" />
  </testsuite>
  <testsuite name="spec_perl_TestPositionAbs_t" errors="0" failures="0" skipped="0" tests="2" time="0.0460319519042969">
    <system-out>1..2
ok 1 - Equals
ok 2 - Equals
</system-out>
    <testcase name="Equals (388)" classname="spec_perl_TestPositionAbs_t" time="0.00157403945922852" />
    <testcase name="Equals (389)" classname="spec_perl_TestPositionAbs_t" time="9.39369201660156e-05" />
  </testsuite>
  <testsuite name="spec_perl_TestExprIntDiv_t" errors="0" failures="2" skipped="0" tests="6" time="0.0429160594940186">
    <system-out>1..6
ok 1 - Equals
ok 2 - Equals
ok 3 - Equals
not ok 4 - Equals
ok 5 - Equals
not ok 6 - Equals
</system-out>
    <testcase name="Equals (390)" classname="spec_perl_TestExprIntDiv_t" time="0.00159406661987305" />
    <testcase name="Equals (391)" classname="spec_perl_TestExprIntDiv_t" time="9.98973846435547e-05" />
    <testcase name="Equals (392)" classname="spec_perl_TestExprIntDiv_t" time="7.31945037841797e-05" />
    <testcase name="Equals (393)" classname="spec_perl_TestExprIntDiv_t" time="7.79628753662109e-05">
      <failure message="not ok 4 - Equals" type="TAP::Parser::Result::Test"></failure>
    </testcase>
    <testcase name="Equals (394)" classname="spec_perl_TestExprIntDiv_t" time="0.00164294242858887" />
    <testcase name="Equals (395)" classname="spec_perl_TestExprIntDiv_t" time="6.41345977783203e-05">
      <failure message="not ok 6 - Equals" type="TAP::Parser::Result::Test"></failure>
    </testcase>
  </testsuite>
  <testsuite name="spec_perl_TestProcessRotate_t" errors="0" failures="0" skipped="0" tests="3" time="0.0458028316497803">
    <system-out>1..3
ok 1 - Equals
ok 2 - Equals
ok 3 - Equals
</system-out>
    <testcase name="Equals (396)" classname="spec_perl_TestProcessRotate_t" time="0.0015869140625" />
    <testcase name="Equals (397)" classname="spec_perl_TestProcessRotate_t" time="8.51154327392578e-05" />
    <testcase name="Equals (398)" classname="spec_perl_TestProcessRotate_t" time="4.91142272949219e-05" />
  </testsuite>
  <testsuite name="spec_perl_TestDefaultEndianExprInherited_t" errors="0" failures="0" skipped="0" tests="15" time="0.0419731140136719">
    <system-out>1..15
ok 1 - Equals
ok 2 - Equals
ok 3 - Equals
ok 4 - Equals
ok 5 - Equals
ok 6 - Equals
ok 7 - Equals
ok 8 - Equals
ok 9 - Equals
ok 10 - Equals
ok 11 - Equals
ok 12 - Equals
ok 13 - Equals
ok 14 - Equals
ok 15 - Equals
</system-out>
    <testcase name="Equals (399)" classname="spec_perl_TestDefaultEndianExprInherited_t" time="0.0017549991607666" />
    <testcase name="Equals (400)" classname="spec_perl_TestDefaultEndianExprInherited_t" time="8.41617584228516e-05" />
    <testcase name="Equals (401)" classname="spec_perl_TestDefaultEndianExprInherited_t" time="4.79221343994141e-05" />
    <testcase name="Equals (402)" classname="spec_perl_TestDefaultEndianExprInherited_t" time="8.60691070556641e-05" />
    <testcase name="Equals (403)" classname="spec_perl_TestDefaultEndianExprInherited_t" time="0.000117063522338867" />
    <testcase name="Equals (404)" classname="spec_perl_TestDefaultEndianExprInherited_t" time="0.000101804733276367" />
    <testcase name="Equals (405)" classname="spec_perl_TestDefaultEndianExprInherited_t" time="9.79900360107422e-05" />
    <testcase name="Equals (406)" classname="spec_perl_TestDefaultEndianExprInherited_t" time="7.10487365722656e-05" />
    <testcase name="Equals (407)" classname="spec_perl_TestDefaultEndianExprInherited_t" time="0.00018310546875" />
    <testcase name="Equals (408)" classname="spec_perl_TestDefaultEndianExprInherited_t" time="0.000113010406494141" />
    <testcase name="Equals (409)" classname="spec_perl_TestDefaultEndianExprInherited_t" time="9.08374786376953e-05" />
    <testcase name="Equals (410)" classname="spec_perl_TestDefaultEndianExprInherited_t" time="0.000156164169311523" />
    <testcase name="Equals (411)" classname="spec_perl_TestDefaultEndianExprInherited_t" time="0.000102043151855469" />
    <testcase name="Equals (412)" classname="spec_perl_TestDefaultEndianExprInherited_t" time="8.98838043212891e-05" />
    <testcase name="Equals (413)" classname="spec_perl_TestDefaultEndianExprInherited_t" time="0.000108003616333008" />
  </testsuite>
  <testsuite name="spec_perl_TestDocstringsDocrefMulti_t" errors="0" failures="0" skipped="1" tests="1" time="0.0397350788116455">
    <system-out>1..1
ok 1 # skip DocstringsDocrefMulti=HASH(0x5641dce21a48)
</system-out>
    <testcase name="Unnamed test case 413" classname="spec_perl_TestDocstringsDocrefMulti_t" time="0.00190901756286621">
      <skipped message="ok 1 # skip DocstringsDocrefMulti=HASH(0x5641dce21a48)" />
    </testcase>
  </testsuite>
  <testsuite name="spec_perl_TestRepeatNStruct_t" errors="0" failures="0" skipped="0" tests="5" time="0.0435531139373779">
    <system-out>1..5
ok 1 - Equals
ok 2 - Equals
ok 3 - Equals
ok 4 - Equals
ok 5 - Equals
</system-out>
    <testcase name="Equals (414)" classname="spec_perl_TestRepeatNStruct_t" time="0.00167989730834961" />
    <testcase name="Equals (415)" classname="spec_perl_TestRepeatNStruct_t" time="9.20295715332031e-05" />
    <testcase name="Equals (416)" classname="spec_perl_TestRepeatNStruct_t" time="4.79221343994141e-05" />
    <testcase name="Equals (417)" classname="spec_perl_TestRepeatNStruct_t" time="6.00814819335938e-05" />
    <testcase name="Equals (418)" classname="spec_perl_TestRepeatNStruct_t" time="5.79357147216797e-05" />
  </testsuite>
  <testsuite name="spec_perl_TestOptionalId_t" errors="0" failures="0" skipped="0" tests="3" time="0.041193962097168">
    <system-out>1..3
ok 1 - Equals
ok 2 - Equals
ok 3 - Equals
</system-out>
    <testcase name="Equals (419)" classname="spec_perl_TestOptionalId_t" time="0.00158309936523438" />
    <testcase name="Equals (420)" classname="spec_perl_TestOptionalId_t" time="9.98973846435547e-05" />
    <testcase name="Equals (421)" classname="spec_perl_TestOptionalId_t" time="7.70092010498047e-05" />
  </testsuite>
  <testsuite name="spec_perl_TestEnumLongRangeS_t" errors="0" failures="0" skipped="0" tests="7" time="0.0401370525360107">
    <system-out>1..7
ok 1 - Equals
ok 2 - Equals
ok 3 - Equals
ok 4 - Equals
ok 5 - Equals
ok 6 - Equals
ok 7 - Equals
</system-out>
    <testcase name="Equals (422)" classname="spec_perl_TestEnumLongRangeS_t" time="0.00154805183410645" />
    <testcase name="Equals (423)" classname="spec_perl_TestEnumLongRangeS_t" time="7.89165496826172e-05" />
    <testcase name="Equals (424)" classname="spec_perl_TestEnumLongRangeS_t" time="6.19888305664062e-05" />
    <testcase name="Equals (425)" classname="spec_perl_TestEnumLongRangeS_t" time="5.7220458984375e-05" />
    <testcase name="Equals (426)" classname="spec_perl_TestEnumLongRangeS_t" time="5.69820404052734e-05" />
    <testcase name="Equals (427)" classname="spec_perl_TestEnumLongRangeS_t" time="8.08238983154297e-05" />
    <testcase name="Equals (428)" classname="spec_perl_TestEnumLongRangeS_t" time="9.41753387451172e-05" />
  </testsuite>
  <testsuite name="spec_perl_TestRepeatUntilS4_t" errors="0" failures="0" skipped="0" tests="2" time="0.0450739860534668">
    <system-out>1..2
ok 1 - Equals
ok 2 - Equals
</system-out>
    <testcase name="Equals (429)" classname="spec_perl_TestRepeatUntilS4_t" time="0.00156903266906738" />
    <testcase name="Equals (430)" classname="spec_perl_TestRepeatUntilS4_t" time="8.20159912109375e-05" />
  </testsuite>
  <testsuite name="spec_perl_TestExprOpsParens_t" errors="0" failures="1" skipped="0" tests="9" time="0.040895938873291">
    <system-out>1..9
ok 1 - Equals
ok 2 - Equals
ok 3 - Equals
ok 4 - Equals
ok 5 - Equals
ok 6 - Equals
not ok 7 - Equals
ok 8 - Equals
ok 9 - Equals
</system-out>
    <testcase name="Equals (431)" classname="spec_perl_TestExprOpsParens_t" time="0.00169491767883301" />
    <testcase name="Equals (432)" classname="spec_perl_TestExprOpsParens_t" time="6.41345977783203e-05" />
    <testcase name="Equals (433)" classname="spec_perl_TestExprOpsParens_t" time="7.20024108886719e-05" />
    <testcase name="Equals (434)" classname="spec_perl_TestExprOpsParens_t" time="5.88893890380859e-05" />
    <testcase name="Equals (435)" classname="spec_perl_TestExprOpsParens_t" time="5.91278076171875e-05" />
    <testcase name="Equals (436)" classname="spec_perl_TestExprOpsParens_t" time="7.39097595214844e-05" />
[...]
    <testcase name="Equals (872)" classname="spec_perl_TestRepeatNStrz_t" time="0.00168204307556152" />
    <testcase name="Equals (873)" classname="spec_perl_TestRepeatNStrz_t" time="0.00061488151550293" />
  </testsuite>
  <testsuite name="spec_perl_TestNavParent2_t" errors="0" failures="0" skipped="0" tests="10" time="0.0455338954925537">
    <system-out>1..10
ok 1 - Equals
ok 2 - Equals
ok 3 - Equals
ok 4 - Equals
ok 5 - Equals
ok 6 - Equals
ok 7 - Equals
ok 8 - Equals
ok 9 - Equals
ok 10 - Equals
</system-out>
    <testcase name="Equals (874)" classname="spec_perl_TestNavParent2_t" time="0.00146698951721191" />
    <testcase name="Equals (875)" classname="spec_perl_TestNavParent2_t" time="8.20159912109375e-05" />
    <testcase name="Equals (876)" classname="spec_perl_TestNavParent2_t" time="4.50611114501953e-05" />
    <testcase name="Equals (877)" classname="spec_perl_TestNavParent2_t" time="5.79357147216797e-05" />
    <testcase name="Equals (878)" classname="spec_perl_TestNavParent2_t" time="5.50746917724609e-05" />
    <testcase name="Equals (879)" classname="spec_perl_TestNavParent2_t" time="0.000241994857788086" />
    <testcase name="Equals (880)" classname="spec_perl_TestNavParent2_t" time="0.00020599365234375" />
    <testcase name="Equals (881)" classname="spec_perl_TestNavParent2_t" time="0.000967979431152344" />
    <testcase name="Equals (882)" classname="spec_perl_TestNavParent2_t" time="7.89165496826172e-05" />
    <testcase name="Equals (883)" classname="spec_perl_TestNavParent2_t" time="4.69684600830078e-05" />
  </testsuite>
  <testsuite name="spec_perl_TestBitsUnalignedB32Be_t" errors="0" failures="0" skipped="0" tests="3" time="0.0425560474395752">
    <system-out>1..3
ok 1 - Equals
ok 2 - Equals
ok 3 - Equals
</system-out>
    <testcase name="Equals (884)" classname="spec_perl_TestBitsUnalignedB32Be_t" time="0.00190997123718262" />
    <testcase name="Equals (885)" classname="spec_perl_TestBitsUnalignedB32Be_t" time="0.000252008438110352" />
    <testcase name="Equals (886)" classname="spec_perl_TestBitsUnalignedB32Be_t" time="0.000234127044677734" />
  </testsuite>
  <testsuite name="spec_perl_TestZlibSurrounded_t" errors="0" failures="0" skipped="0" tests="1" time="0.0761101245880127">
    <system-out>1..1
ok 1 - Equals
</system-out>
    <testcase name="Equals (887)" classname="spec_perl_TestZlibSurrounded_t" time="0.00192904472351074" />
  </testsuite>
  <testsuite name="spec_perl_TestEosExceptionU4_t" errors="0" failures="0" skipped="0" tests="1" time="0.0452959537506104">
    <system-out>1..1
ok 1 - threw /^Requested \d+ bytes, but only \d+ bytes available/
</system-out>
    <testcase name="threw /^Requested \d+ bytes, but only \d+ bytes available/ (887)" classname="spec_perl_TestEosExceptionU4_t" time="0.00240087509155273" />
  </testsuite>
  <testsuite name="spec_perl_TestSwitchBytearray_t" errors="0" failures="0" skipped="0" tests="9" time="0.0504119396209717">
    <system-out>1..9
ok 1 - Equals
ok 2 - Equals
ok 3 - Equals
ok 4 - Equals
ok 5 - Equals
ok 6 - Equals
ok 7 - Equals
ok 8 - Equals
ok 9 - Equals
</system-out>
    <testcase name="Equals (888)" classname="spec_perl_TestSwitchBytearray_t" time="0.00157690048217773" />
    <testcase name="Equals (889)" classname="spec_perl_TestSwitchBytearray_t" time="8.392333984375e-05" />
    <testcase name="Equals (890)" classname="spec_perl_TestSwitchBytearray_t" time="4.69684600830078e-05" />
    <testcase name="Equals (891)" classname="spec_perl_TestSwitchBytearray_t" time="5.81741333007812e-05" />
    <testcase name="Equals (892)" classname="spec_perl_TestSwitchBytearray_t" time="5.60283660888672e-05" />
    <testcase name="Equals (893)" classname="spec_perl_TestSwitchBytearray_t" time="7.39097595214844e-05" />
    <testcase name="Equals (894)" classname="spec_perl_TestSwitchBytearray_t" time="0.000590085983276367" />
    <testcase name="Equals (895)" classname="spec_perl_TestSwitchBytearray_t" time="0.000123023986816406" />
    <testcase name="Equals (896)" classname="spec_perl_TestSwitchBytearray_t" time="8.89301300048828e-05" />
  </testsuite>
  <testsuite name="spec_perl_TestUserType_t" errors="0" failures="0" skipped="0" tests="2" time="0.0434749126434326">
    <system-out>1..2
ok 1 - Equals
ok 2 - Equals
</system-out>
    <testcase name="Equals (897)" classname="spec_perl_TestUserType_t" time="0.00152897834777832" />
    <testcase name="Equals (898)" classname="spec_perl_TestUserType_t" time="0.000118017196655273" />
  </testsuite>
  <testsuite name="spec_perl_TestFloatingPoints_t" errors="0" failures="0" skipped="0" tests="8" time="0.0419647693634033">
    <system-out>1..8
ok 1 - Approx equals
ok 2 - Approx equals
ok 3 - Approx equals
ok 4 - Approx equals
ok 5 - Approx equals
ok 6 - Approx equals
ok 7 - Approx equals
ok 8 - Approx equals
</system-out>
    <testcase name="Approx equals (898)" classname="spec_perl_TestFloatingPoints_t" time="0.00172209739685059" />
    <testcase name="Approx equals (899)" classname="spec_perl_TestFloatingPoints_t" time="0.000115871429443359" />
    <testcase name="Approx equals (900)" classname="spec_perl_TestFloatingPoints_t" time="8.10623168945312e-05" />
    <testcase name="Approx equals (901)" classname="spec_perl_TestFloatingPoints_t" time="9.39369201660156e-05" />
    <testcase name="Approx equals (902)" classname="spec_perl_TestFloatingPoints_t" time="6.69956207275391e-05" />
    <testcase name="Approx equals (903)" classname="spec_perl_TestFloatingPoints_t" time="8.0108642578125e-05" />
    <testcase name="Approx equals (904)" classname="spec_perl_TestFloatingPoints_t" time="6.103515625e-05" />
    <testcase name="Approx equals (905)" classname="spec_perl_TestFloatingPoints_t" time="4.1961669921875e-05" />
  </testsuite>
  <testsuite name="spec_perl_TestProcessToUser_t" errors="0" failures="0" skipped="0" tests="1" time="0.0449559688568115">
    <system-out>1..1
ok 1 - Equals
</system-out>
    <testcase name="Equals (905)" classname="spec_perl_TestProcessToUser_t" time="0.00207805633544922" />
  </testsuite>
  <testsuite name="spec_perl_TestFloatToI_t" errors="0" failures="0" skipped="0" tests="8" time="0.0400080680847168">
    <system-out>1..8
ok 1 - Approx equals
ok 2 - Approx equals
ok 3 - Equals
ok 4 - Equals
ok 5 - Equals
ok 6 - Equals
ok 7 - Equals
ok 8 - Equals
</system-out>
    <testcase name="Approx equals (906)" classname="spec_perl_TestFloatToI_t" time="0.00145101547241211" />
    <testcase name="Approx equals (907)" classname="spec_perl_TestFloatToI_t" time="8.60691070556641e-05" />
    <testcase name="Equals (907)" classname="spec_perl_TestFloatToI_t" time="5.00679016113281e-05" />
    <testcase name="Equals (908)" classname="spec_perl_TestFloatToI_t" time="6.19888305664062e-05" />
    <testcase name="Equals (909)" classname="spec_perl_TestFloatToI_t" time="6.00814819335938e-05" />
    <testcase name="Equals (910)" classname="spec_perl_TestFloatToI_t" time="5.79357147216797e-05" />
    <testcase name="Equals (911)" classname="spec_perl_TestFloatToI_t" time="0.000117063522338867" />
    <testcase name="Equals (912)" classname="spec_perl_TestFloatToI_t" time="0.000114917755126953" />
  </testsuite>
  <testsuite name="spec_perl_TestBitsUnalignedB64Be_t" errors="0" failures="0" skipped="0" tests="3" time="0.0409350395202637">
    <system-out>1..3
ok 1 - Equals
ok 2 - Equals
ok 3 - Equals
</system-out>
    <testcase name="Equals (913)" classname="spec_perl_TestBitsUnalignedB64Be_t" time="0.00144290924072266" />
    <testcase name="Equals (914)" classname="spec_perl_TestBitsUnalignedB64Be_t" time="9.29832458496094e-05" />
    <testcase name="Equals (915)" classname="spec_perl_TestBitsUnalignedB64Be_t" time="5.69820404052734e-05" />
  </testsuite>
  <testsuite name="spec_perl_TestPositionToEnd_t" errors="0" failures="0" skipped="0" tests="2" time="0.0408399105072021">
    <system-out>1..2
ok 1 - Equals
ok 2 - Equals
</system-out>
    <testcase name="Equals (916)" classname="spec_perl_TestPositionToEnd_t" time="0.00160908699035645" />
    <testcase name="Equals (917)" classname="spec_perl_TestPositionToEnd_t" time="8.392333984375e-05" />
  </testsuite>
  <testsuite name="spec_perl_TestIndexSizes_t" errors="0" failures="0" skipped="0" tests="7" time="0.0481760501861572">
    <system-out>1..7
ok 1 - Equals
ok 2 - Equals
ok 3 - Equals
ok 4 - Equals
ok 5 - Equals
ok 6 - Equals
ok 7 - Equals
</system-out>
    <testcase name="Equals (918)" classname="spec_perl_TestIndexSizes_t" time="0.00159120559692383" />
    <testcase name="Equals (919)" classname="spec_perl_TestIndexSizes_t" time="8.29696655273438e-05" />
    <testcase name="Equals (920)" classname="spec_perl_TestIndexSizes_t" time="6.89029693603516e-05" />
    <testcase name="Equals (921)" classname="spec_perl_TestIndexSizes_t" time="7.29560852050781e-05" />
    <testcase name="Equals (922)" classname="spec_perl_TestIndexSizes_t" time="6.19888305664062e-05" />
    <testcase name="Equals (923)" classname="spec_perl_TestIndexSizes_t" time="5.81741333007812e-05" />
    <testcase name="Equals (924)" classname="spec_perl_TestIndexSizes_t" time="0.00011897087097168" />
  </testsuite>
  <testsuite name="spec_perl_TestNavParentSwitchCast_t" errors="0" failures="0" skipped="0" tests="3" time="0.040675163269043">
    <system-out>1..3
ok 1 - Equals
ok 2 - Equals
ok 3 - Equals
</system-out>
    <testcase name="Equals (925)" classname="spec_perl_TestNavParentSwitchCast_t" time="0.00185394287109375" />
    <testcase name="Equals (926)" classname="spec_perl_TestNavParentSwitchCast_t" time="8.79764556884766e-05" />
    <testcase name="Equals (927)" classname="spec_perl_TestNavParentSwitchCast_t" time="4.81605529785156e-05" />
  </testsuite>
  <testsuite name="spec_perl_TestBitsSignedResB32Be_t" errors="0" failures="0" skipped="0" tests="1" time="0.0380229949951172">
    <system-out>1..1
ok 1 - Equals
</system-out>
    <testcase name="Equals (928)" classname="spec_perl_TestBitsSignedResB32Be_t" time="0.00177693367004395" />
  </testsuite>
  <testsuite name="spec_perl_TestDefaultEndianExprIsLe_t" errors="0" failures="0" skipped="0" tests="12" time="0.0432949066162109">
    <system-out>1..12
ok 1 - Equals
ok 2 - Equals
ok 3 - Equals
ok 4 - Equals
ok 5 - Equals
ok 6 - Equals
ok 7 - Equals
ok 8 - Equals
ok 9 - Equals
ok 10 - Equals
ok 11 - Equals
ok 12 - Equals
</system-out>
    <testcase name="Equals (929)" classname="spec_perl_TestDefaultEndianExprIsLe_t" time="0.00147485733032227" />
    <testcase name="Equals (930)" classname="spec_perl_TestDefaultEndianExprIsLe_t" time="8.0108642578125e-05" />
    <testcase name="Equals (931)" classname="spec_perl_TestDefaultEndianExprIsLe_t" time="4.50611114501953e-05" />
    <testcase name="Equals (932)" classname="spec_perl_TestDefaultEndianExprIsLe_t" time="6.79492950439453e-05" />
    <testcase name="Equals (933)" classname="spec_perl_TestDefaultEndianExprIsLe_t" time="5.79357147216797e-05" />
    <testcase name="Equals (934)" classname="spec_perl_TestDefaultEndianExprIsLe_t" time="0.000137090682983398" />
    <testcase name="Equals (935)" classname="spec_perl_TestDefaultEndianExprIsLe_t" time="9.58442687988281e-05" />
    <testcase name="Equals (936)" classname="spec_perl_TestDefaultEndianExprIsLe_t" time="0.000102996826171875" />
    <testcase name="Equals (937)" classname="spec_perl_TestDefaultEndianExprIsLe_t" time="8.60691070556641e-05" />
    <testcase name="Equals (938)" classname="spec_perl_TestDefaultEndianExprIsLe_t" time="0.000139951705932617" />
    <testcase name="Equals (939)" classname="spec_perl_TestDefaultEndianExprIsLe_t" time="9.79900360107422e-05" />
    <testcase name="Equals (940)" classname="spec_perl_TestDefaultEndianExprIsLe_t" time="9.10758972167969e-05" />
  </testsuite>
  <testsuite name="spec_perl_TestZlibWithHeader78_t" errors="0" failures="0" skipped="0" tests="1" time="0.0745279788970947">
    <system-out>1..1
ok 1 - Equals
</system-out>
    <testcase name="Equals (941)" classname="spec_perl_TestZlibWithHeader78_t" time="0.00168395042419434" />
  </testsuite>
  <testsuite name="spec_perl_TestStrEncodingsUtf16_t" errors="0" failures="0" skipped="0" tests="6" time="0.0505361557006836">
    <system-out>1..6
ok 1 - Equals
ok 2 - Equals
ok 3 - Equals
ok 4 - Equals
ok 5 - Equals
ok 6 - Equals
</system-out>
    <testcase name="Equals (942)" classname="spec_perl_TestStrEncodingsUtf16_t" time="0.00281596183776855" />
    <testcase name="Equals (943)" classname="spec_perl_TestStrEncodingsUtf16_t" time="9.89437103271484e-05" />
    <testcase name="Equals (944)" classname="spec_perl_TestStrEncodingsUtf16_t" time="0.00011897087097168" />
    <testcase name="Equals (945)" classname="spec_perl_TestStrEncodingsUtf16_t" time="0.000193119049072266" />
    <testcase name="Equals (946)" classname="spec_perl_TestStrEncodingsUtf16_t" time="7.00950622558594e-05" />
    <testcase name="Equals (947)" classname="spec_perl_TestStrEncodingsUtf16_t" time="9.17911529541016e-05" />
  </testsuite>
  <testsuite name="spec_perl_TestRepeatEosBit_t" errors="0" failures="0" skipped="0" tests="1" time="0.0386538505554199">
    <system-out>1..1
ok 1 - Equals
</system-out>
    <testcase name="Equals (948)" classname="spec_perl_TestRepeatEosBit_t" time="0.00161314010620117" />
  </testsuite>
  <testsuite name="spec_perl_TestExprStrEncodings_t" errors="0" failures="0" skipped="0" tests="7" time="0.0539181232452393">
    <system-out>1..7
ok 1 - Equals
ok 2 - Equals
ok 3 - Equals
ok 4 - Equals
ok 5 - Equals
ok 6 - Equals
ok 7 - Equals
</system-out>
    <testcase name="Equals (949)" classname="spec_perl_TestExprStrEncodings_t" time="0.00672197341918945" />
    <testcase name="Equals (950)" classname="spec_perl_TestExprStrEncodings_t" time="0.000133037567138672" />
    <testcase name="Equals (951)" classname="spec_perl_TestExprStrEncodings_t" time="4.91142272949219e-05" />
    <testcase name="Equals (952)" classname="spec_perl_TestExprStrEncodings_t" time="6.38961791992188e-05" />
    <testcase name="Equals (953)" classname="spec_perl_TestExprStrEncodings_t" time="4.41074371337891e-05" />
    <testcase name="Equals (954)" classname="spec_perl_TestExprStrEncodings_t" time="6.38961791992188e-05" />
    <testcase name="Equals (955)" classname="spec_perl_TestExprStrEncodings_t" time="0.000576972961425781" />
  </testsuite>
  <testsuite name="spec_perl_TestCastToImported_t" errors="0" failures="0" skipped="0" tests="2" time="0.0423369407653809">
    <system-out>1..2
ok 1 - Equals
ok 2 - Equals
</system-out>
    <testcase name="Equals (956)" classname="spec_perl_TestCastToImported_t" time="0.00154280662536621" />
    <testcase name="Equals (957)" classname="spec_perl_TestCastToImported_t" time="8.70227813720703e-05" />
  </testsuite>
  <testsuite name="spec_perl_TestSwitchManualStrElse_t" errors="0" failures="0" skipped="0" tests="9" time="0.0479898452758789">
    <system-out>1..9
ok 1 - Equals
ok 2 - Equals
ok 3 - Equals
ok 4 - Equals
ok 5 - Equals
ok 6 - Equals
ok 7 - Equals
ok 8 - Equals
ok 9 - Equals
</system-out>
    <testcase name="Equals (958)" classname="spec_perl_TestSwitchManualStrElse_t" time="0.00166583061218262" />
    <testcase name="Equals (959)" classname="spec_perl_TestSwitchManualStrElse_t" time="8.10623168945312e-05" />
    <testcase name="Equals (960)" classname="spec_perl_TestSwitchManualStrElse_t" time="6.38961791992188e-05" />
    <testcase name="Equals (961)" classname="spec_perl_TestSwitchManualStrElse_t" time="5.81741333007812e-05" />
    <testcase name="Equals (962)" classname="spec_perl_TestSwitchManualStrElse_t" time="5.48362731933594e-05" />
    <testcase name="Equals (963)" classname="spec_perl_TestSwitchManualStrElse_t" time="0.000531196594238281" />
    <testcase name="Equals (964)" classname="spec_perl_TestSwitchManualStrElse_t" time="6.98566436767578e-05" />
    <testcase name="Equals (965)" classname="spec_perl_TestSwitchManualStrElse_t" time="0.000107049942016602" />
    <testcase name="Equals (966)" classname="spec_perl_TestSwitchManualStrElse_t" time="4.69684600830078e-05" />
  </testsuite>
  <testsuite name="spec_perl_TestProcessCoerceSwitch_t" errors="0" failures="0" skipped="0" tests="3" time="0.0436258316040039">
    <system-out>1..3
ok 1 - Equals
ok 2 - Equals
ok 3 - Equals
</system-out>
    <testcase name="Equals (967)" classname="spec_perl_TestProcessCoerceSwitch_t" time="0.00192499160766602" />
    <testcase name="Equals (968)" classname="spec_perl_TestProcessCoerceSwitch_t" time="9.08374786376953e-05" />
    <testcase name="Equals (969)" classname="spec_perl_TestProcessCoerceSwitch_t" time="6.50882720947266e-05" />
  </testsuite>
  <testsuite name="spec_perl_TestEofExceptionU4_t" errors="0" failures="0" skipped="0" tests="1" time="0.0409748554229736">
    <system-out>1..1
ok 1 - threw /^Requested \d+ bytes, but only \d+ bytes available/
</system-out>
    <testcase name="threw /^Requested \d+ bytes, but only \d+ bytes available/ (969)" classname="spec_perl_TestEofExceptionU4_t" time="0.00155997276306152" />
  </testsuite>
  <testsuite name="spec_perl_TestParamsEnum_t" errors="0" failures="1" skipped="0" tests="2" time="0.0434179306030273">
    <system-out>1..2
ok 1 - Equals
not ok 2 - Equals
</system-out>
    <testcase name="Equals (970)" classname="spec_perl_TestParamsEnum_t" time="0.00143003463745117" />
    <testcase name="Equals (971)" classname="spec_perl_TestParamsEnum_t" time="9.70363616943359e-05">
      <failure message="not ok 2 - Equals" type="TAP::Parser::Result::Test"></failure>
    </testcase>
  </testsuite>
  <testsuite name="spec_perl_TestExprCalcArrayOps_t" errors="0" failures="0" skipped="0" tests="18" time="0.0419130325317383">
    <system-out>1..18
ok 1 - Equals
ok 2 - Equals
ok 3 - Equals
ok 4 - Equals
ok 5 - Equals
ok 6 - Equals
ok 7 - Equals
ok 8 - Approx equals
ok 9 - Approx equals
ok 10 - Approx equals
ok 11 - Approx equals
ok 12 - Approx equals
ok 13 - Equals
ok 14 - Equals
ok 15 - Equals
ok 16 - Equals
ok 17 - Equals
ok 18 - Equals
</system-out>
    <testcase name="Equals (972)" classname="spec_perl_TestExprCalcArrayOps_t" time="0.00165295600891113" />
    <testcase name="Equals (973)" classname="spec_perl_TestExprCalcArrayOps_t" time="8.98838043212891e-05" />
    <testcase name="Equals (974)" classname="spec_perl_TestExprCalcArrayOps_t" time="4.60147857666016e-05" />
    <testcase name="Equals (975)" classname="spec_perl_TestExprCalcArrayOps_t" time="5.91278076171875e-05" />
    <testcase name="Equals (976)" classname="spec_perl_TestExprCalcArrayOps_t" time="5.48362731933594e-05" />
    <testcase name="Equals (977)" classname="spec_perl_TestExprCalcArrayOps_t" time="8.91685485839844e-05" />
    <testcase name="Equals (978)" classname="spec_perl_TestExprCalcArrayOps_t" time="7.79628753662109e-05" />
    <testcase name="Approx equals (978)" classname="spec_perl_TestExprCalcArrayOps_t" time="7.79628753662109e-05" />
    <testcase name="Approx equals (979)" classname="spec_perl_TestExprCalcArrayOps_t" time="0.00031590461730957" />
    <testcase name="Approx equals (980)" classname="spec_perl_TestExprCalcArrayOps_t" time="6.00814819335938e-05" />
    <testcase name="Approx equals (981)" classname="spec_perl_TestExprCalcArrayOps_t" time="5.69820404052734e-05" />
    <testcase name="Approx equals (982)" classname="spec_perl_TestExprCalcArrayOps_t" time="5.41210174560547e-05" />
    <testcase name="Equals (982)" classname="spec_perl_TestExprCalcArrayOps_t" time="0.000110864639282227" />
    <testcase name="Equals (983)" classname="spec_perl_TestExprCalcArrayOps_t" time="8.89301300048828e-05" />
    <testcase name="Equals (984)" classname="spec_perl_TestExprCalcArrayOps_t" time="0.000117063522338867" />
    <testcase name="Equals (985)" classname="spec_perl_TestExprCalcArrayOps_t" time="9.70363616943359e-05" />
    <testcase name="Equals (986)" classname="spec_perl_TestExprCalcArrayOps_t" time="0.000284910202026367" />
    <testcase name="Equals (987)" classname="spec_perl_TestExprCalcArrayOps_t" time="4.81605529785156e-05" />
  </testsuite>
</testsuites>
