<?xml version='1.0' encoding='utf-8'?>
<testsuites>
  <testsuite name="spec_perl_TestRepeatNStruct_t" errors="0" failures="0" skipped="0" tests="5" time="0.0452201366424561">
    <system-out>1..5
ok 1 - Equals
ok 2 - Equals
ok 3 - Equals
ok 4 - Equals
ok 5 - Equals
</system-out>
    <testcase name="Equals" classname="spec_perl_TestRepeatNStruct_t" time="0.000235080718994141" />
    <testcase name="Equals (2)" classname="spec_perl_TestRepeatNStruct_t" time="7.89165496826172e-05" />
    <testcase name="Equals (3)" classname="spec_perl_TestRepeatNStruct_t" time="0.000141143798828125" />
    <testcase name="Equals (4)" classname="spec_perl_TestRepeatNStruct_t" time="0.000119924545288086" />
    <testcase name="Equals (5)" classname="spec_perl_TestRepeatNStruct_t" time="0.000134944915771484" />
  </testsuite>
  <testsuite name="spec_perl_TestSwitchManualIntSizeElse_t" errors="0" failures="0" skipped="0" tests="10" time="0.0591580867767334">
    <system-out>1..10
ok 1 - Equals
ok 2 - Equals
ok 3 - Equals
ok 4 - Equals
ok 5 - Equals
ok 6 - Equals
ok 7 - Equals
ok 8 - Equals
ok 9 - Equals
ok 10 - Equals
</system-out>
    <testcase name="Equals (6)" classname="spec_perl_TestSwitchManualIntSizeElse_t" time="0.000749826431274414" />
    <testcase name="Equals (7)" classname="spec_perl_TestSwitchManualIntSizeElse_t" time="0.000102996826171875" />
    <testcase name="Equals (8)" classname="spec_perl_TestSwitchManualIntSizeElse_t" time="5.81741333007812e-05" />
    <testcase name="Equals (9)" classname="spec_perl_TestSwitchManualIntSizeElse_t" time="0.000126838684082031" />
    <testcase name="Equals (10)" classname="spec_perl_TestSwitchManualIntSizeElse_t" time="0.000138998031616211" />
    <testcase name="Equals (11)" classname="spec_perl_TestSwitchManualIntSizeElse_t" time="0.000168085098266602" />
    <testcase name="Equals (12)" classname="spec_perl_TestSwitchManualIntSizeElse_t" time="0.000128984451293945" />
    <testcase name="Equals (13)" classname="spec_perl_TestSwitchManualIntSizeElse_t" time="0.000164985656738281" />
    <testcase name="Equals (14)" classname="spec_perl_TestSwitchManualIntSizeElse_t" time="0.000110149383544922" />
    <testcase name="Equals (15)" classname="spec_perl_TestSwitchManualIntSizeElse_t" time="0.000142812728881836" />
  </testsuite>
  <testsuite name="spec_perl_TestSwitchManualInt_t" errors="0" failures="0" skipped="0" tests="9" time="0.0482189655303955">
    <system-out>1..9
ok 1 - Equals
ok 2 - Equals
ok 3 - Equals
ok 4 - Equals
ok 5 - Equals
ok 6 - Equals
ok 7 - Equals
ok 8 - Equals
ok 9 - Equals
</system-out>
    <testcase name="Equals (16)" classname="spec_perl_TestSwitchManualInt_t" time="0.000314950942993164" />
    <testcase name="Equals (17)" classname="spec_perl_TestSwitchManualInt_t" time="9.70363616943359e-05" />
    <testcase name="Equals (18)" classname="spec_perl_TestSwitchManualInt_t" time="5.88893890380859e-05" />
    <testcase name="Equals (19)" classname="spec_perl_TestSwitchManualInt_t" time="0.000154018402099609" />
    <testcase name="Equals (20)" classname="spec_perl_TestSwitchManualInt_t" time="0.000103950500488281" />
    <testcase name="Equals (21)" classname="spec_perl_TestSwitchManualInt_t" time="0.000139951705932617" />
    <testcase name="Equals (22)" classname="spec_perl_TestSwitchManualInt_t" time="0.000112056732177734" />
    <testcase name="Equals (23)" classname="spec_perl_TestSwitchManualInt_t" time="0.000144004821777344" />
    <testcase name="Equals (24)" classname="spec_perl_TestSwitchManualInt_t" time="0.000121116638183594" />
  </testsuite>
  <testsuite name="spec_perl_TestInstanceUserArray_t" errors="0" failures="0" skipped="0" tests="10" time="0.0445969104766846">
    <system-out>1..10
ok 1 - Equals
ok 2 - Equals
ok 3 - Equals
ok 4 - Equals
ok 5 - Equals
ok 6 - Equals
ok 7 - Equals
ok 8 - Equals
ok 9 - Equals
ok 10 - Equals
</system-out>
    <testcase name="Equals (25)" classname="spec_perl_TestInstanceUserArray_t" time="0.000249862670898438" />
    <testcase name="Equals (26)" classname="spec_perl_TestInstanceUserArray_t" time="8.10623168945312e-05" />
    <testcase name="Equals (27)" classname="spec_perl_TestInstanceUserArray_t" time="0.000123023986816406" />
    <testcase name="Equals (28)" classname="spec_perl_TestInstanceUserArray_t" time="0.000511884689331055" />
    <testcase name="Equals (29)" classname="spec_perl_TestInstanceUserArray_t" time="8.82148742675781e-05" />
    <testcase name="Equals (30)" classname="spec_perl_TestInstanceUserArray_t" time="0.000105857849121094" />
    <testcase name="Equals (31)" classname="spec_perl_TestInstanceUserArray_t" time="0.000133037567138672" />
    <testcase name="Equals (32)" classname="spec_perl_TestInstanceUserArray_t" time="0.000130891799926758" />
    <testcase name="Equals (33)" classname="spec_perl_TestInstanceUserArray_t" time="0.000144004821777344" />
    <testcase name="Equals (34)" classname="spec_perl_TestInstanceUserArray_t" time="0.000146150588989258" />
  </testsuite>
  <testsuite name="spec_perl_TestDefaultBitEndianMod_t" errors="0" failures="0" skipped="0" tests="4" time="0.0440020561218262">
    <system-out>1..4
ok 1 - Equals
ok 2 - Equals
ok 3 - Equals
ok 4 - Equals
</system-out>
    <testcase name="Equals (35)" classname="spec_perl_TestDefaultBitEndianMod_t" time="0.000287055969238281" />
    <testcase name="Equals (36)" classname="spec_perl_TestDefaultBitEndianMod_t" time="8.29696655273438e-05" />
    <testcase name="Equals (37)" classname="spec_perl_TestDefaultBitEndianMod_t" time="0.000134944915771484" />
    <testcase name="Equals (38)" classname="spec_perl_TestDefaultBitEndianMod_t" time="0.000128030776977539" />
  </testsuite>
  <testsuite name="spec_perl_TestValidShort_t" errors="0" failures="0" skipped="1" tests="1" time="0.0512409210205078">
    <system-out>1..1
ok 1 # skip ValidShort=HASH(0x178b910)
</system-out>
    <testcase name="Unnamed test case 38" classname="spec_perl_TestValidShort_t" time="0.00135397911071777">
      <skipped message="ok 1 # skip ValidShort=HASH(0x178b910)" />
    </testcase>
  </testsuite>
  <testsuite name="spec_perl_TestMetaTags_t" errors="0" failures="0" skipped="1" tests="1" time="0.0443458557128906">
    <system-out>1..1
ok 1 # skip MetaTags=HASH(0xfb6630)
</system-out>
    <testcase name="Unnamed test case 39" classname="spec_perl_TestMetaTags_t" time="0.00146293640136719">
      <skipped message="ok 1 # skip MetaTags=HASH(0xfb6630)" />
    </testcase>
  </testsuite>
  <testsuite name="spec_perl_TestImports0_t" errors="0" failures="0" skipped="0" tests="3" time="0.0438539981842041">
    <system-out>1..3
ok 1 - Equals
ok 2 - Equals
ok 3 - Equals
</system-out>
    <testcase name="Equals (39)" classname="spec_perl_TestImports0_t" time="0.000346183776855469" />
    <testcase name="Equals (40)" classname="spec_perl_TestImports0_t" time="8.98838043212891e-05" />
    <testcase name="Equals (41)" classname="spec_perl_TestImports0_t" time="0.000116109848022461" />
  </testsuite>
  <testsuite name="spec_perl_TestBitsSeqEndianCombo_t" errors="0" failures="0" skipped="0" tests="8" time="0.0440669059753418">
    <system-out>1..8
ok 1 - Equals
ok 2 - Equals
ok 3 - Equals
ok 4 - Equals
ok 5 - Equals
ok 6 - Equals
ok 7 - Equals
ok 8 - Equals
</system-out>
    <testcase name="Equals (42)" classname="spec_perl_TestBitsSeqEndianCombo_t" time="0.000295877456665039" />
    <testcase name="Equals (43)" classname="spec_perl_TestBitsSeqEndianCombo_t" time="8.20159912109375e-05" />
    <testcase name="Equals (44)" classname="spec_perl_TestBitsSeqEndianCombo_t" time="0.000114917755126953" />
    <testcase name="Equals (45)" classname="spec_perl_TestBitsSeqEndianCombo_t" time="0.000133991241455078" />
    <testcase name="Equals (46)" classname="spec_perl_TestBitsSeqEndianCombo_t" time="0.000121116638183594" />
    <testcase name="Equals (47)" classname="spec_perl_TestBitsSeqEndianCombo_t" time="0.000154018402099609" />
    <testcase name="Equals (48)" classname="spec_perl_TestBitsSeqEndianCombo_t" time="0.000105857849121094" />
    <testcase name="Equals (49)" classname="spec_perl_TestBitsSeqEndianCombo_t" time="0.000140190124511719" />
  </testsuite>
  <testsuite name="spec_perl_TestDebugSwitchUser_t" errors="1" failures="0" skipped="0" tests="0" time="0.0445001125335693">
    <system-out></system-out>
    <testcase name="Test died too soon, even before plan. (49)" classname="spec_perl_TestDebugSwitchUser_t" time="0.0445001125335693">
      <failure message="The test suite died before a plan was produced. You need to have a plan." type="Plan">No plan</failure>
    </testcase>
  </testsuite>
  <testsuite name="spec_perl_TestEnumFancy_t" errors="0" failures="0" skipped="0" tests="2" time="0.0432729721069336">
    <system-out>1..2
ok 1 - Equals
ok 2 - Equals
</system-out>
    <testcase name="Equals (50)" classname="spec_perl_TestEnumFancy_t" time="0.000271081924438477" />
    <testcase name="Equals (51)" classname="spec_perl_TestEnumFancy_t" time="8.89301300048828e-05" />
  </testsuite>
  <testsuite name="spec_perl_TestEnum1_t" errors="0" failures="0" skipped="0" tests="2" time="0.0435831546783447">
    <system-out>1..2
ok 1 - Equals
ok 2 - Equals
</system-out>
    <testcase name="Equals (52)" classname="spec_perl_TestEnum1_t" time="0.000279903411865234" />
    <testcase name="Equals (53)" classname="spec_perl_TestEnum1_t" time="8.51154327392578e-05" />
  </testsuite>
  <testsuite name="spec_perl_TestParamsPassBool_t" errors="0" failures="1" skipped="13" tests="14" time="0.0475931167602539">
    <system-out>1..14
not ok 1 - test_params_pass_bool died (Requested 2 bytes, but got only 1 bytes at ../runtime/perl/lib/IO/KaitaiStruct.pm line 333.)
ok 2 # skip test_params_pass_bool died
ok 3 # skip test_params_pass_bool died
ok 4 # skip test_params_pass_bool died
ok 5 # skip test_params_pass_bool died
ok 6 # skip test_params_pass_bool died
ok 7 # skip test_params_pass_bool died
ok 8 # skip test_params_pass_bool died
ok 9 # skip test_params_pass_bool died
ok 10 # skip test_params_pass_bool died
ok 11 # skip test_params_pass_bool died
ok 12 # skip test_params_pass_bool died
ok 13 # skip test_params_pass_bool died
ok 14 # skip test_params_pass_bool died
</system-out>
    <testcase name="test_params_pass_bool died (Requested 2 bytes, but got only 1 bytes at ../runtime/perl/lib/IO/KaitaiStruct.pm line 333.) (53)" classname="spec_perl_TestParamsPassBool_t" time="0.000365972518920898">
      <failure message="not ok 1 - test_params_pass_bool died (Requested 2 bytes, but got only 1 bytes at ../runtime/perl/lib/IO/KaitaiStruct.pm line 333.)" type="TAP::Parser::Result::Test"></failure>
    </testcase>
    <testcase name="Unnamed test case 53" classname="spec_perl_TestParamsPassBool_t" time="0.00355696678161621">
      <skipped message="ok 2 # skip test_params_pass_bool died" />
    </testcase>
    <testcase name="Unnamed test case 54" classname="spec_perl_TestParamsPassBool_t" time="6.89029693603516e-05">
      <skipped message="ok 3 # skip test_params_pass_bool died" />
    </testcase>
    <testcase name="Unnamed test case 55" classname="spec_perl_TestParamsPassBool_t" time="4.10079956054688e-05">
      <skipped message="ok 4 # skip test_params_pass_bool died" />
    </testcase>
    <testcase name="Unnamed test case 56" classname="spec_perl_TestParamsPassBool_t" time="3.60012054443359e-05">
      <skipped message="ok 5 # skip test_params_pass_bool died" />
    </testcase>
    <testcase name="Unnamed test case 57" classname="spec_perl_TestParamsPassBool_t" time="3.40938568115234e-05">
      <skipped message="ok 6 # skip test_params_pass_bool died" />
    </testcase>
    <testcase name="Unnamed test case 58" classname="spec_perl_TestParamsPassBool_t" time="3.38554382324219e-05">
      <skipped message="ok 7 # skip test_params_pass_bool died" />
    </testcase>
    <testcase name="Unnamed test case 59" classname="spec_perl_TestParamsPassBool_t" time="3.31401824951172e-05">
      <skipped message="ok 8 # skip test_params_pass_bool died" />
    </testcase>
    <testcase name="Unnamed test case 60" classname="spec_perl_TestParamsPassBool_t" time="3.50475311279297e-05">
      <skipped message="ok 9 # skip test_params_pass_bool died" />
    </testcase>
    <testcase name="Unnamed test case 61" classname="spec_perl_TestParamsPassBool_t" time="3.48091125488281e-05">
      <skipped message="ok 10 # skip test_params_pass_bool died" />
    </testcase>
    <testcase name="Unnamed test case 62" classname="spec_perl_TestParamsPassBool_t" time="3.50475311279297e-05">
      <skipped message="ok 11 # skip test_params_pass_bool died" />
    </testcase>
    <testcase name="Unnamed test case 63" classname="spec_perl_TestParamsPassBool_t" time="4.00543212890625e-05">
      <skipped message="ok 12 # skip test_params_pass_bool died" />
    </testcase>
    <testcase name="Unnamed test case 64" classname="spec_perl_TestParamsPassBool_t" time="3.50475311279297e-05">
      <skipped message="ok 13 # skip test_params_pass_bool died" />
    </testcase>
    <testcase name="Unnamed test case 65" classname="spec_perl_TestParamsPassBool_t" time="3.29017639160156e-05">
      <skipped message="ok 14 # skip test_params_pass_bool died" />
    </testcase>
  </testsuite>
  <testsuite name="spec_perl_TestTermStrz_t" errors="0" failures="0" skipped="0" tests="3" time="0.0465378761291504">
    <system-out>1..3
ok 1 - Equals
ok 2 - Equals
ok 3 - Equals
</system-out>
    <testcase name="Equals (65)" classname="spec_perl_TestTermStrz_t" time="0.000304937362670898" />
    <testcase name="Equals (66)" classname="spec_perl_TestTermStrz_t" time="0.000123977661132812" />
    <testcase name="Equals (67)" classname="spec_perl_TestTermStrz_t" time="6.50882720947266e-05" />
  </testsuite>
  <testsuite name="spec_perl_TestNavParentOverride_t" errors="0" failures="0" skipped="0" tests="3" time="0.0432479381561279">
    <system-out>1..3
ok 1 - Equals
ok 2 - Equals
ok 3 - Equals
</system-out>
    <testcase name="Equals (68)" classname="spec_perl_TestNavParentOverride_t" time="0.000258922576904297" />
    <testcase name="Equals (69)" classname="spec_perl_TestNavParentOverride_t" time="8.29696655273438e-05" />
    <testcase name="Equals (70)" classname="spec_perl_TestNavParentOverride_t" time="0.000108957290649414" />
  </testsuite>
  <testsuite name="spec_perl_TestImportsRel1_t" errors="0" failures="0" skipped="0" tests="3" time="0.0437450408935547">
    <system-out>1..3
ok 1 - Equals
ok 2 - Equals
ok 3 - Equals
</system-out>
    <testcase name="Equals (71)" classname="spec_perl_TestImportsRel1_t" time="0.000176191329956055" />
    <testcase name="Equals (72)" classname="spec_perl_TestImportsRel1_t" time="6.89029693603516e-05" />
    <testcase name="Equals (73)" classname="spec_perl_TestImportsRel1_t" time="0.000154972076416016" />
  </testsuite>
  <testsuite name="spec_perl_TestDebugEnumName_t" errors="1" failures="0" skipped="0" tests="0" time="0.0452160835266113">
    <system-out></system-out>
    <testcase name="Test died too soon, even before plan. (73)" classname="spec_perl_TestDebugEnumName_t" time="0.0452160835266113">
      <failure message="The test suite died before a plan was produced. You need to have a plan." type="Plan">No plan</failure>
    </testcase>
  </testsuite>
  <testsuite name="spec_perl_TestEosExceptionBytes_t" errors="0" failures="0" skipped="0" tests="1" time="0.0439000129699707">
    <system-out>1..1
ok 1 - Died
</system-out>
    <testcase name="Died (73)" classname="spec_perl_TestEosExceptionBytes_t" time="0.000405073165893555" />
  </testsuite>
  <testsuite name="spec_perl_TestStrEos_t" errors="0" failures="0" skipped="0" tests="1" time="0.046058177947998">
    <system-out>1..1
ok 1 - Equals
</system-out>
    <testcase name="Equals (74)" classname="spec_perl_TestStrEos_t" time="0.00028681755065918" />
  </testsuite>
  <testsuite name="spec_perl_TestIfInstances_t" errors="0" failures="0" skipped="0" tests="1" time="0.043632984161377">
    <system-out>1..1
ok 1 - nil
</system-out>
    <testcase name="nil (74)" classname="spec_perl_TestIfInstances_t" time="0.000174045562744141" />
  </testsuite>
  <testsuite name="spec_perl_TestRepeatNStrz_t" errors="0" failures="0" skipped="0" tests="2" time="0.0470030307769775">
    <system-out>1..2
ok 1 - Equals
ok 2 - Equals
</system-out>
    <testcase name="Equals (75)" classname="spec_perl_TestRepeatNStrz_t" time="0.000347137451171875" />
    <testcase name="Equals (76)" classname="spec_perl_TestRepeatNStrz_t" time="8.79764556884766e-05" />
  </testsuite>
  <testsuite name="spec_perl_TestPositionAbs_t" errors="0" failures="0" skipped="0" tests="2" time="0.052595853805542">
    <system-out>1..2
ok 1 - Equals
ok 2 - Equals
</system-out>
    <testcase name="Equals (77)" classname="spec_perl_TestPositionAbs_t" time="0.000247001647949219" />
    <testcase name="Equals (78)" classname="spec_perl_TestPositionAbs_t" time="0.000219106674194336" />
  </testsuite>
  <testsuite name="spec_perl_TestBitsEnum_t" errors="0" failures="0" skipped="0" tests="3" time="0.043438196182251">
    <system-out>1..3
ok 1 - Equals
ok 2 - Equals
ok 3 - Equals
</system-out>
    <testcase name="Equals (79)" classname="spec_perl_TestBitsEnum_t" time="0.000240087509155273" />
    <testcase name="Equals (80)" classname="spec_perl_TestBitsEnum_t" time="7.98702239990234e-05" />
    <testcase name="Equals (81)" classname="spec_perl_TestBitsEnum_t" time="0.000159978866577148" />
  </testsuite>
  <testsuite name="spec_perl_TestOpaqueExternalType02Parent_t" errors="0" failures="0" skipped="0" tests="3" time="0.0473129749298096">
    <system-out>1..3
ok 1 - Equals
ok 2 - Equals
ok 3 - Equals
</system-out>
    <testcase name="Equals (82)" classname="spec_perl_TestOpaqueExternalType02Parent_t" time="0.000331878662109375" />
    <testcase name="Equals (83)" classname="spec_perl_TestOpaqueExternalType02Parent_t" time="8.60691070556641e-05" />
    <testcase name="Equals (84)" classname="spec_perl_TestOpaqueExternalType02Parent_t" time="0.000138044357299805" />
  </testsuite>
  <testsuite name="spec_perl_TestExpr2_t" errors="0" failures="0" skipped="0" tests="17" time="0.0510890483856201">
    <system-out>1..17
ok 1 - Equals
ok 2 - Equals
ok 3 - Equals
ok 4 - Equals
ok 5 - Equals
ok 6 - Equals
ok 7 - Equals
ok 8 - Equals
ok 9 - Equals
ok 10 - Equals
ok 11 - Equals
ok 12 - Equals
ok 13 - Equals
ok 14 - Equals
ok 15 - Equals
ok 16 - Equals
ok 17 - Equals
</system-out>
    <testcase name="Equals (85)" classname="spec_perl_TestExpr2_t" time="0.000669002532958984" />
    <testcase name="Equals (86)" classname="spec_perl_TestExpr2_t" time="0.000102996826171875" />
    <testcase name="Equals (87)" classname="spec_perl_TestExpr2_t" time="5.60283660888672e-05" />
    <testcase name="Equals (88)" classname="spec_perl_TestExpr2_t" time="0.000145912170410156" />
    <testcase name="Equals (89)" classname="spec_perl_TestExpr2_t" time="0.000129938125610352" />
    <testcase name="Equals (90)" classname="spec_perl_TestExpr2_t" time="0.000136137008666992" />
    <testcase name="Equals (91)" classname="spec_perl_TestExpr2_t" time="0.000160932540893555" />
    <testcase name="Equals (92)" classname="spec_perl_TestExpr2_t" time="0.000164031982421875" />
    <testcase name="Equals (93)" classname="spec_perl_TestExpr2_t" time="0.000169992446899414" />
    <testcase name="Equals (94)" classname="spec_perl_TestExpr2_t" time="0.000110864639282227" />
    <testcase name="Equals (95)" classname="spec_perl_TestExpr2_t" time="0.00015711784362793" />
    <testcase name="Equals (96)" classname="spec_perl_TestExpr2_t" time="0.000120878219604492" />
    <testcase name="Equals (97)" classname="spec_perl_TestExpr2_t" time="0.000181198120117188" />
    <testcase name="Equals (98)" classname="spec_perl_TestExpr2_t" time="0.000150918960571289" />
    <testcase name="Equals (99)" classname="spec_perl_TestExpr2_t" time="0.000115871429443359" />
    <testcase name="Equals (100)" classname="spec_perl_TestExpr2_t" time="0.000149011611938477" />
    <testcase name="Equals (101)" classname="spec_perl_TestExpr2_t" time="0.000130176544189453" />
  </testsuite>
  <testsuite name="spec_perl_TestZlibWithHeader78_t" errors="0" failures="0" skipped="0" tests="1" time="0.0630409717559814">
    <system-out>1..1
ok 1 - Equals
</system-out>
    <testcase name="Equals (102)" classname="spec_perl_TestZlibWithHeader78_t" time="0.000361919403076172" />
  </testsuite>
  <testsuite name="spec_perl_TestParamsPassArrayUsertype_t" errors="0" failures="1" skipped="4" tests="5" time="0.0485920906066895">
    <system-out>1..5
not ok 1 - test_params_pass_array_usertype died (Can't use an undefined value as an ARRAY reference at compiled/perl/ParamsPassArrayUsertype.pm line 123.)
ok 2 # skip test_params_pass_array_usertype died
ok 3 # skip test_params_pass_array_usertype died
ok 4 # skip test_params_pass_array_usertype died
ok 5 # skip test_params_pass_array_usertype died
</system-out>
    <testcase name="test_params_pass_array_usertype died (Can't use an undefined value as an ARRAY reference at compiled/perl/ParamsPassArrayUsertype.pm line 123.) (102)" classname="spec_perl_TestParamsPassArrayUsertype_t" time="0.000333070755004883">
      <failure message="not ok 1 - test_params_pass_array_usertype died (Can't use an undefined value as an ARRAY reference at compiled/perl/ParamsPassArrayUsertype.pm line 123.)" type="TAP::Parser::Result::Test"></failure>
    </testcase>
    <testcase name="Unnamed test case 102" classname="spec_perl_TestParamsPassArrayUsertype_t" time="0.00202298164367676">
      <skipped message="ok 2 # skip test_params_pass_array_usertype died" />
    </testcase>
    <testcase name="Unnamed test case 103" classname="spec_perl_TestParamsPassArrayUsertype_t" time="9.10758972167969e-05">
      <skipped message="ok 3 # skip test_params_pass_array_usertype died" />
    </testcase>
    <testcase name="Unnamed test case 104" classname="spec_perl_TestParamsPassArrayUsertype_t" time="5.50746917724609e-05">
      <skipped message="ok 4 # skip test_params_pass_array_usertype died" />
    </testcase>
    <testcase name="Unnamed test case 105" classname="spec_perl_TestParamsPassArrayUsertype_t" time="6.4849853515625e-05">
      <skipped message="ok 5 # skip test_params_pass_array_usertype died" />
    </testcase>
  </testsuite>
  <testsuite name="spec_perl_TestEofExceptionU4_t" errors="0" failures="0" skipped="0" tests="1" time="0.0439729690551758">
    <system-out>1..1
ok 1 - Died
</system-out>
    <testcase name="Died (105)" classname="spec_perl_TestEofExceptionU4_t" time="0.000164985656738281" />
  </testsuite>
  <testsuite name="spec_perl_TestIndexToParamUntil_t" errors="0" failures="2" skipped="0" tests="7" time="0.0642750263214111">
    <system-out>1..7
ok 1 - Equals
ok 2 - Equals
ok 3 - Equals
ok 4 - Equals
ok 5 - Equals
not ok 6 - Equals
not ok 7 - Equals
</system-out>
    <testcase name="Equals (105)" classname="spec_perl_TestIndexToParamUntil_t" time="0.000423908233642578" />
    <testcase name="Equals (106)" classname="spec_perl_TestIndexToParamUntil_t" time="0.000532150268554688" />
    <testcase name="Equals (107)" classname="spec_perl_TestIndexToParamUntil_t" time="0.000296831130981445" />
    <testcase name="Equals (108)" classname="spec_perl_TestIndexToParamUntil_t" time="0.000353097915649414" />
    <testcase name="Equals (109)" classname="spec_perl_TestIndexToParamUntil_t" time="0.000277042388916016" />
    <testcase name="Equals (110)" classname="spec_perl_TestIndexToParamUntil_t" time="0.000355005264282227">
      <failure message="not ok 6 - Equals" type="TAP::Parser::Result::Test"></failure>
    </testcase>
    <testcase name="Equals (111)" classname="spec_perl_TestIndexToParamUntil_t" time="0.000971078872680664">
      <failure message="not ok 7 - Equals" type="TAP::Parser::Result::Test"></failure>
    </testcase>
  </testsuite>
  <testsuite name="spec_perl_TestCombineStr_t" errors="0" failures="0" skipped="0" tests="15" time="0.0508949756622314">
    <system-out>1..15
ok 1 - Equals
ok 2 - Equals
ok 3 - Equals
ok 4 - Equals
ok 5 - Equals
ok 6 - Equals
ok 7 - Equals
ok 8 - Equals
ok 9 - Equals
ok 10 - Equals
ok 11 - Equals
ok 12 - Equals
ok 13 - Equals
ok 14 - Equals
ok 15 - Equals
</system-out>
    <testcase name="Equals (112)" classname="spec_perl_TestCombineStr_t" time="0.000283956527709961" />
    <testcase name="Equals (113)" classname="spec_perl_TestCombineStr_t" time="8.32080841064453e-05" />
    <testcase name="Equals (114)" classname="spec_perl_TestCombineStr_t" time="0.000130891799926758" />
    <testcase name="Equals (115)" classname="spec_perl_TestCombineStr_t" time="0.000134944915771484" />
    <testcase name="Equals (116)" classname="spec_perl_TestCombineStr_t" time="0.000149965286254883" />
    <testcase name="Equals (117)" classname="spec_perl_TestCombineStr_t" time="0.000230073928833008" />
    <testcase name="Equals (118)" classname="spec_perl_TestCombineStr_t" time="9.39369201660156e-05" />
    <testcase name="Equals (119)" classname="spec_perl_TestCombineStr_t" time="5.60283660888672e-05" />
    <testcase name="Equals (120)" classname="spec_perl_TestCombineStr_t" time="0.000123023986816406" />
    <testcase name="Equals (121)" classname="spec_perl_TestCombineStr_t" time="0.000127077102661133" />
    <testcase name="Equals (122)" classname="spec_perl_TestCombineStr_t" time="0.000176906585693359" />
    <testcase name="Equals (123)" classname="spec_perl_TestCombineStr_t" time="0.000137090682983398" />
    <testcase name="Equals (124)" classname="spec_perl_TestCombineStr_t" time="0.000126838684082031" />
    <testcase name="Equals (125)" classname="spec_perl_TestCombineStr_t" time="0.000159025192260742" />
    <testcase name="Equals (126)" classname="spec_perl_TestCombineStr_t" time="0.00012516975402832" />
  </testsuite>
  <testsuite name="spec_perl_TestTsPacketHeader_t" errors="0" failures="0" skipped="0" tests="7" time="0.044050931930542">
    <system-out>1..7
ok 1 - Equals
ok 2 - Equals
ok 3 - Equals
ok 4 - Equals
ok 5 - Equals
ok 6 - Equals
ok 7 - Equals
</system-out>
    <testcase name="Equals (127)" classname="spec_perl_TestTsPacketHeader_t" time="0.000298976898193359" />
    <testcase name="Equals (128)" classname="spec_perl_TestTsPacketHeader_t" time="8.51154327392578e-05" />
    <testcase name="Equals (129)" classname="spec_perl_TestTsPacketHeader_t" time="0.000115871429443359" />
    <testcase name="Equals (130)" classname="spec_perl_TestTsPacketHeader_t" time="0.000131130218505859" />
    <testcase name="Equals (131)" classname="spec_perl_TestTsPacketHeader_t" time="0.000139951705932617" />
    <testcase name="Equals (132)" classname="spec_perl_TestTsPacketHeader_t" time="0.000117063522338867" />
    <testcase name="Equals (133)" classname="spec_perl_TestTsPacketHeader_t" time="0.000120878219604492" />
  </testsuite>
  <testsuite name="spec_perl_TestSwitchManualStrElse_t" errors="0" failures="0" skipped="0" tests="9" time="0.0483372211456299">
    <system-out>1..9
ok 1 - Equals
ok 2 - Equals
ok 3 - Equals
ok 4 - Equals
ok 5 - Equals
ok 6 - Equals
ok 7 - Equals
ok 8 - Equals
ok 9 - Equals
</system-out>
    <testcase name="Equals (134)" classname="spec_perl_TestSwitchManualStrElse_t" time="0.000360012054443359" />
    <testcase name="Equals (135)" classname="spec_perl_TestSwitchManualStrElse_t" time="9.60826873779297e-05" />
    <testcase name="Equals (136)" classname="spec_perl_TestSwitchManualStrElse_t" time="8.79764556884766e-05" />
    <testcase name="Equals (137)" classname="spec_perl_TestSwitchManualStrElse_t" time="0.000137090682983398" />
    <testcase name="Equals (138)" classname="spec_perl_TestSwitchManualStrElse_t" time="0.000140905380249023" />
    <testcase name="Equals (139)" classname="spec_perl_TestSwitchManualStrElse_t" time="0.00011897087097168" />
    <testcase name="Equals (140)" classname="spec_perl_TestSwitchManualStrElse_t" time="0.00014805793762207" />
    <testcase name="Equals (141)" classname="spec_perl_TestSwitchManualStrElse_t" time="0.000113010406494141" />
    <testcase name="Equals (142)" classname="spec_perl_TestSwitchManualStrElse_t" time="0.000156879425048828" />
  </testsuite>
  <testsuite name="spec_perl_TestDocstrings_t" errors="0" failures="0" skipped="1" tests="1" time="0.0440239906311035">
    <system-out>1..1
ok 1 # skip Docstrings=HASH(0x1373ff0)
</system-out>
    <testcase name="Unnamed test case 142" classname="spec_perl_TestDocstrings_t" time="0.00126504898071289">
      <skipped message="ok 1 # skip Docstrings=HASH(0x1373ff0)" />
    </testcase>
  </testsuite>
  <testsuite name="spec_perl_TestProcessRepeatUsertype_t" errors="0" failures="0" skipped="0" tests="4" time="0.0440289974212646">
    <system-out>1..4
ok 1 - Equals
ok 2 - Equals
ok 3 - Equals
ok 4 - Equals
</system-out>
    <testcase name="Equals (143)" classname="spec_perl_TestProcessRepeatUsertype_t" time="0.000514984130859375" />
    <testcase name="Equals (144)" classname="spec_perl_TestProcessRepeatUsertype_t" time="9.98973846435547e-05" />
    <testcase name="Equals (145)" classname="spec_perl_TestProcessRepeatUsertype_t" time="5.91278076171875e-05" />
    <testcase name="Equals (146)" classname="spec_perl_TestProcessRepeatUsertype_t" time="0.000138044357299805" />
  </testsuite>
  <testsuite name="spec_perl_TestRepeatEosU4_t" errors="0" failures="0" skipped="0" tests="1" time="0.0449810028076172">
    <system-out>1..1
ok 1 - Equals
</system-out>
    <testcase name="Equals (147)" classname="spec_perl_TestRepeatEosU4_t" time="0.000239849090576172" />
  </testsuite>
  <testsuite name="spec_perl_TestEnumLongRangeU_t" errors="0" failures="0" skipped="0" tests="4" time="0.0436410903930664">
    <system-out>1..4
ok 1 - Equals
ok 2 - Equals
ok 3 - Equals
ok 4 - Equals
</system-out>
    <testcase name="Equals (148)" classname="spec_perl_TestEnumLongRangeU_t" time="0.000277996063232422" />
    <testcase name="Equals (149)" classname="spec_perl_TestEnumLongRangeU_t" time="0.000126838684082031" />
    <testcase name="Equals (150)" classname="spec_perl_TestEnumLongRangeU_t" time="5.79357147216797e-05" />
    <testcase name="Equals (151)" classname="spec_perl_TestEnumLongRangeU_t" time="0.000154018402099609" />
  </testsuite>
  <testsuite name="spec_perl_TestDefaultEndianExprIsLe_t" errors="0" failures="0" skipped="0" tests="12" time="0.045367956161499">
    <system-out>1..12
ok 1 - Equals
ok 2 - Equals
ok 3 - Equals
ok 4 - Equals
ok 5 - Equals
ok 6 - Equals
ok 7 - Equals
ok 8 - Equals
ok 9 - Equals
ok 10 - Equals
ok 11 - Equals
ok 12 - Equals
</system-out>
    <testcase name="Equals (152)" classname="spec_perl_TestDefaultEndianExprIsLe_t" time="0.000333070755004883" />
    <testcase name="Equals (153)" classname="spec_perl_TestDefaultEndianExprIsLe_t" time="8.60691070556641e-05" />
    <testcase name="Equals (154)" classname="spec_perl_TestDefaultEndianExprIsLe_t" time="0.000139951705932617" />
    <testcase name="Equals (155)" classname="spec_perl_TestDefaultEndianExprIsLe_t" time="8.29696655273438e-05" />
    <testcase name="Equals (156)" classname="spec_perl_TestDefaultEndianExprIsLe_t" time="0.000159978866577148" />
    <testcase name="Equals (157)" classname="spec_perl_TestDefaultEndianExprIsLe_t" time="9.89437103271484e-05" />
    <testcase name="Equals (158)" classname="spec_perl_TestDefaultEndianExprIsLe_t" time="0.000154972076416016" />
    <testcase name="Equals (159)" classname="spec_perl_TestDefaultEndianExprIsLe_t" time="0.000115156173706055" />
    <testcase name="Equals (160)" classname="spec_perl_TestDefaultEndianExprIsLe_t" time="0.00014495849609375" />
    <testcase name="Equals (161)" classname="spec_perl_TestDefaultEndianExprIsLe_t" time="0.000117063522338867" />
    <testcase name="Equals (162)" classname="spec_perl_TestDefaultEndianExprIsLe_t" time="0.000131845474243164" />
    <testcase name="Equals (163)" classname="spec_perl_TestDefaultEndianExprIsLe_t" time="0.000143051147460938" />
  </testsuite>
  <testsuite name="spec_perl_TestBufferedStruct_t" errors="0" failures="0" skipped="0" tests="7" time="0.0441620349884033">
    <system-out>1..7
ok 1 - Equals
ok 2 - Equals
ok 3 - Equals
ok 4 - Equals
ok 5 - Equals
ok 6 - Equals
ok 7 - Equals
</system-out>
    <testcase name="Equals (164)" classname="spec_perl_TestBufferedStruct_t" time="0.000571966171264648" />
    <testcase name="Equals (165)" classname="spec_perl_TestBufferedStruct_t" time="9.89437103271484e-05" />
    <testcase name="Equals (166)" classname="spec_perl_TestBufferedStruct_t" time="8.70227813720703e-05" />
    <testcase name="Equals (167)" classname="spec_perl_TestBufferedStruct_t" time="5.81741333007812e-05" />
    <testcase name="Equals (168)" classname="spec_perl_TestBufferedStruct_t" time="0.000164985656738281" />
    <testcase name="Equals (169)" classname="spec_perl_TestBufferedStruct_t" time="0.000126838684082031" />
    <testcase name="Equals (170)" classname="spec_perl_TestBufferedStruct_t" time="0.0001220703125" />
  </testsuite>
  <testsuite name="spec_perl_TestExprOpsParens_t" errors="1" failures="0" skipped="0" tests="0" time="0.0512659549713135">
    <system-out></system-out>
    <testcase name="Test died too soon, even before plan. (170)" classname="spec_perl_TestExprOpsParens_t" time="0.0512659549713135">
      <failure message="The test suite died before a plan was produced. You need to have a plan." type="Plan">No plan</failure>
    </testcase>
  </testsuite>
  <testsuite name="spec_perl_TestExprEnum_t" errors="0" failures="0" skipped="0" tests="3" time="0.0442099571228027">
    <system-out>1..3
ok 1 - Equals
ok 2 - Equals
ok 3 - Equals
</system-out>
    <testcase name="Equals (171)" classname="spec_perl_TestExprEnum_t" time="0.000223159790039062" />
    <testcase name="Equals (172)" classname="spec_perl_TestExprEnum_t" time="7.79628753662109e-05" />
    <testcase name="Equals (173)" classname="spec_perl_TestExprEnum_t" time="0.000139951705932617" />
  </testsuite>
  <testsuite name="spec_perl_TestStrPadTermEmpty_t" errors="0" failures="0" skipped="0" tests="4" time="0.04693603515625">
    <system-out>1..4
ok 1 - Equals
ok 2 - Equals
ok 3 - Equals
ok 4 - Equals
</system-out>
    <testcase name="Equals (174)" classname="spec_perl_TestStrPadTermEmpty_t" time="0.000316858291625977" />
    <testcase name="Equals (175)" classname="spec_perl_TestStrPadTermEmpty_t" time="8.82148742675781e-05" />
    <testcase name="Equals (176)" classname="spec_perl_TestStrPadTermEmpty_t" time="0.000114917755126953" />
    <testcase name="Equals (177)" classname="spec_perl_TestStrPadTermEmpty_t" time="0.000133037567138672" />
  </testsuite>
  <testsuite name="spec_perl_TestDebug0_t" errors="0" failures="0" skipped="1" tests="1" time="0.0430772304534912">
    <system-out>1..1
ok 1 # skip test_debug_0
</system-out>
    <testcase name="Unnamed test case 177" classname="spec_perl_TestDebug0_t" time="0.000236034393310547">
      <skipped message="ok 1 # skip test_debug_0" />
    </testcase>
  </testsuite>
  <testsuite name="spec_perl_TestNonStandard_t" errors="0" failures="0" skipped="0" tests="1" time="0.0435230731964111">
    <system-out>1..1
ok 1 - Equals
</system-out>
    <testcase name="Equals (178)" classname="spec_perl_TestNonStandard_t" time="0.000221014022827148" />
  </testsuite>
  <testsuite name="spec_perl_TestExprIntDiv_t" errors="0" failures="2" skipped="0" tests="6" time="0.0482778549194336">
    <system-out>1..6
ok 1 - Equals
ok 2 - Equals
ok 3 - Equals
not ok 4 - Equals
ok 5 - Equals
not ok 6 - Equals
</system-out>
    <testcase name="Equals (179)" classname="spec_perl_TestExprIntDiv_t" time="0.000177145004272461" />
    <testcase name="Equals (180)" classname="spec_perl_TestExprIntDiv_t" time="0.000122785568237305" />
    <testcase name="Equals (181)" classname="spec_perl_TestExprIntDiv_t" time="0.000140190124511719" />
    <testcase name="Equals (182)" classname="spec_perl_TestExprIntDiv_t" time="0.000199794769287109">
      <failure message="not ok 4 - Equals" type="TAP::Parser::Result::Test"></failure>
    </testcase>
    <testcase name="Equals (183)" classname="spec_perl_TestExprIntDiv_t" time="0.0039360523223877" />
    <testcase name="Equals (184)" classname="spec_perl_TestExprIntDiv_t" time="6.41345977783203e-05">
      <failure message="not ok 6 - Equals" type="TAP::Parser::Result::Test"></failure>
    </testcase>
  </testsuite>
  <testsuite name="spec_perl_TestSwitchManualEnumInvalid_t" errors="0" failures="0" skipped="0" tests="5" time="0.0459439754486084">
    <system-out>1..5
ok 1 - Equals
ok 2 - Equals
ok 3 - nil
ok 4 - Equals
ok 5 - nil
</system-out>
    <testcase name="Equals (185)" classname="spec_perl_TestSwitchManualEnumInvalid_t" time="0.00026702880859375" />
    <testcase name="Equals (186)" classname="spec_perl_TestSwitchManualEnumInvalid_t" time="8.48770141601562e-05" />
    <testcase name="nil (186)" classname="spec_perl_TestSwitchManualEnumInvalid_t" time="5.81741333007812e-05" />
    <testcase name="Equals (187)" classname="spec_perl_TestSwitchManualEnumInvalid_t" time="0.000270843505859375" />
    <testcase name="nil (187)" classname="spec_perl_TestSwitchManualEnumInvalid_t" time="8.60691070556641e-05" />
  </testsuite>
  <testsuite name="spec_perl_TestEosExceptionU4_t" errors="0" failures="0" skipped="0" tests="1" time="0.0442118644714355">
    <system-out>1..1
ok 1 - Died
</system-out>
    <testcase name="Died (187)" classname="spec_perl_TestEosExceptionU4_t" time="0.000479936599731445" />
  </testsuite>
  <testsuite name="spec_perl_TestExprStrOps_t" errors="1" failures="0" skipped="0" tests="0" time="0.0454990863800049">
    <system-out></system-out>
    <testcase name="Test died too soon, even before plan. (187)" classname="spec_perl_TestExprStrOps_t" time="0.0454990863800049">
      <failure message="The test suite died before a plan was produced. You need to have a plan." type="Plan">No plan</failure>
    </testcase>
  </testsuite>
  <testsuite name="spec_perl_TestSwitchManualIntSizeEos_t" errors="0" failures="0" skipped="0" tests="10" time="0.0487949848175049">
    <system-out>1..10
ok 1 - Equals
ok 2 - Equals
ok 3 - Equals
ok 4 - Equals
ok 5 - Equals
ok 6 - Equals
ok 7 - Equals
ok 8 - Equals
ok 9 - Equals
ok 10 - Equals
</system-out>
    <testcase name="Equals (188)" classname="spec_perl_TestSwitchManualIntSizeEos_t" time="0.000749111175537109" />
    <testcase name="Equals (189)" classname="spec_perl_TestSwitchManualIntSizeEos_t" time="0.000102996826171875" />
    <testcase name="Equals (190)" classname="spec_perl_TestSwitchManualIntSizeEos_t" time="5.79357147216797e-05" />
    <testcase name="Equals (191)" classname="spec_perl_TestSwitchManualIntSizeEos_t" time="0.000158071517944336" />
    <testcase name="Equals (192)" classname="spec_perl_TestSwitchManualIntSizeEos_t" time="0.000164031982421875" />
    <testcase name="Equals (193)" classname="spec_perl_TestSwitchManualIntSizeEos_t" time="0.000150918960571289" />
    <testcase name="Equals (194)" classname="spec_perl_TestSwitchManualIntSizeEos_t" time="0.000119924545288086" />
    <testcase name="Equals (195)" classname="spec_perl_TestSwitchManualIntSizeEos_t" time="0.000156164169311523" />
    <testcase name="Equals (196)" classname="spec_perl_TestSwitchManualIntSizeEos_t" time="0.000126838684082031" />
    <testcase name="Equals (197)" classname="spec_perl_TestSwitchManualIntSizeEos_t" time="0.000144004821777344" />
  </testsuite>
  <testsuite name="spec_perl_TestBcdUserTypeLe_t" errors="0" failures="0" skipped="0" tests="6" time="0.0448181629180908">
    <system-out>1..6
ok 1 - Equals
ok 2 - Equals
ok 3 - Equals
ok 4 - Equals
ok 5 - Equals
ok 6 - Equals
</system-out>
    <testcase name="Equals (198)" classname="spec_perl_TestBcdUserTypeLe_t" time="0.000609874725341797" />
    <testcase name="Equals (199)" classname="spec_perl_TestBcdUserTypeLe_t" time="9.01222229003906e-05" />
    <testcase name="Equals (200)" classname="spec_perl_TestBcdUserTypeLe_t" time="0.000144004821777344" />
    <testcase name="Equals (201)" classname="spec_perl_TestBcdUserTypeLe_t" time="0.000150918960571289" />
    <testcase name="Equals (202)" classname="spec_perl_TestBcdUserTypeLe_t" time="0.000156164169311523" />
    <testcase name="Equals (203)" classname="spec_perl_TestBcdUserTypeLe_t" time="0.000160932540893555" />
  </testsuite>
  <testsuite name="spec_perl_TestIntegers_t" errors="0" failures="0" skipped="0" tests="20" time="0.0459699630737305">
    <system-out>1..20
ok 1 - Equals
ok 2 - Equals
ok 3 - Equals
ok 4 - Equals
ok 5 - Equals
ok 6 - Equals
ok 7 - Equals
ok 8 - Equals
ok 9 - Equals
ok 10 - Equals
ok 11 - Equals
ok 12 - Equals
ok 13 - Equals
ok 14 - Equals
ok 15 - Equals
ok 16 - Equals
ok 17 - Equals
ok 18 - Equals
ok 19 - Equals
ok 20 - Equals
</system-out>
    <testcase name="Equals (204)" classname="spec_perl_TestIntegers_t" time="0.000275135040283203" />
    <testcase name="Equals (205)" classname="spec_perl_TestIntegers_t" time="7.89165496826172e-05" />
    <testcase name="Equals (206)" classname="spec_perl_TestIntegers_t" time="0.000123023986816406" />
    <testcase name="Equals (207)" classname="spec_perl_TestIntegers_t" time="0.000150918960571289" />
    <testcase name="Equals (208)" classname="spec_perl_TestIntegers_t" time="0.000118017196655273" />
    <testcase name="Equals (209)" classname="spec_perl_TestIntegers_t" time="0.000138044357299805" />
    <testcase name="Equals (210)" classname="spec_perl_TestIntegers_t" time="0.0001220703125" />
    <testcase name="Equals (211)" classname="spec_perl_TestIntegers_t" time="0.00014495849609375" />
    <testcase name="Equals (212)" classname="spec_perl_TestIntegers_t" time="0.000119924545288086" />
    <testcase name="Equals (213)" classname="spec_perl_TestIntegers_t" time="0.000121116638183594" />
    <testcase name="Equals (214)" classname="spec_perl_TestIntegers_t" time="0.000174999237060547" />
    <testcase name="Equals (215)" classname="spec_perl_TestIntegers_t" time="0.000115871429443359" />
    <testcase name="Equals (216)" classname="spec_perl_TestIntegers_t" time="0.000126123428344727" />
    <testcase name="Equals (217)" classname="spec_perl_TestIntegers_t" time="0.000125885009765625" />
    <testcase name="Equals (218)" classname="spec_perl_TestIntegers_t" time="0.000149965286254883" />
    <testcase name="Equals (219)" classname="spec_perl_TestIntegers_t" time="0.000120162963867188" />
    <testcase name="Equals (220)" classname="spec_perl_TestIntegers_t" time="0.000140905380249023" />
    <testcase name="Equals (221)" classname="spec_perl_TestIntegers_t" time="0.000128984451293945" />
    <testcase name="Equals (222)" classname="spec_perl_TestIntegers_t" time="0.000121116638183594" />
    <testcase name="Equals (223)" classname="spec_perl_TestIntegers_t" time="0.000140905380249023" />
  </testsuite>
  <testsuite name="spec_perl_TestRepeatUntilCalcArrayType_t" errors="0" failures="0" skipped="0" tests="7" time="0.0451540946960449">
    <system-out>1..7
ok 1 - Equals
ok 2 - Equals
ok 3 - Equals
ok 4 - Equals
ok 5 - Equals
ok 6 - Equals
ok 7 - Equals
</system-out>
    <testcase name="Equals (224)" classname="spec_perl_TestRepeatUntilCalcArrayType_t" time="0.00055384635925293" />
    <testcase name="Equals (225)" classname="spec_perl_TestRepeatUntilCalcArrayType_t" time="9.70363616943359e-05" />
    <testcase name="Equals (226)" classname="spec_perl_TestRepeatUntilCalcArrayType_t" time="5.91278076171875e-05" />
    <testcase name="Equals (227)" classname="spec_perl_TestRepeatUntilCalcArrayType_t" time="0.00014185905456543" />
    <testcase name="Equals (228)" classname="spec_perl_TestRepeatUntilCalcArrayType_t" time="0.000116109848022461" />
    <testcase name="Equals (229)" classname="spec_perl_TestRepeatUntilCalcArrayType_t" time="0.000131845474243164" />
    <testcase name="Equals (230)" classname="spec_perl_TestRepeatUntilCalcArrayType_t" time="0.000116109848022461" />
  </testsuite>
  <testsuite name="spec_perl_TestNavParentVsValueInst_t" errors="0" failures="0" skipped="0" tests="1" time="0.0462141036987305">
    <system-out>1..1
ok 1 - Equals
</system-out>
    <testcase name="Equals (231)" classname="spec_perl_TestNavParentVsValueInst_t" time="0.000333786010742188" />
  </testsuite>
  <testsuite name="spec_perl_TestValidNotParsedIf_t" errors="0" failures="0" skipped="1" tests="1" time="0.0441989898681641">
    <system-out>1..1
ok 1 # skip ValidNotParsedIf=HASH(0x1871318)
</system-out>
    <testcase name="Unnamed test case 231" classname="spec_perl_TestValidNotParsedIf_t" time="0.00129103660583496">
      <skipped message="ok 1 # skip ValidNotParsedIf=HASH(0x1871318)" />
    </testcase>
  </testsuite>
  <testsuite name="spec_perl_TestEnumIf_t" errors="0" failures="0" skipped="0" tests="7" time="0.0472819805145264">
    <system-out>1..7
ok 1 - Equals
ok 2 - Equals
ok 3 - Equals
ok 4 - Equals
ok 5 - Equals
ok 6 - Equals
ok 7 - Equals
</system-out>
    <testcase name="Equals (232)" classname="spec_perl_TestEnumIf_t" time="0.000381946563720703" />
    <testcase name="Equals (233)" classname="spec_perl_TestEnumIf_t" time="0.00012516975402832" />
    <testcase name="Equals (234)" classname="spec_perl_TestEnumIf_t" time="9.58442687988281e-05" />
    <testcase name="Equals (235)" classname="spec_perl_TestEnumIf_t" time="7.20024108886719e-05" />
    <testcase name="Equals (236)" classname="spec_perl_TestEnumIf_t" time="0.000154018402099609" />
    <testcase name="Equals (237)" classname="spec_perl_TestEnumIf_t" time="0.000102996826171875" />
    <testcase name="Equals (238)" classname="spec_perl_TestEnumIf_t" time="0.000139951705932617" />
  </testsuite>
  <testsuite name="spec_perl_TestNavRoot_t" errors="0" failures="0" skipped="0" tests="5" time="0.0473599433898926">
    <system-out>1..5
ok 1 - Equals
ok 2 - Equals
ok 3 - Equals
ok 4 - Equals
ok 5 - Equals
</system-out>
    <testcase name="Equals (239)" classname="spec_perl_TestNavRoot_t" time="0.00038909912109375" />
    <testcase name="Equals (240)" classname="spec_perl_TestNavRoot_t" time="9.89437103271484e-05" />
    <testcase name="Equals (241)" classname="spec_perl_TestNavRoot_t" time="6.19888305664062e-05" />
    <testcase name="Equals (242)" classname="spec_perl_TestNavRoot_t" time="0.000164985656738281" />
    <testcase name="Equals (243)" classname="spec_perl_TestNavRoot_t" time="0.000138998031616211" />
  </testsuite>
  <testsuite name="spec_perl_TestDefaultEndianExprException_t" errors="0" failures="0" skipped="0" tests="1" time="0.0452048778533936">
    <system-out>1..1
ok 1 - Died
</system-out>
    <testcase name="Died (243)" classname="spec_perl_TestDefaultEndianExprException_t" time="0.000242948532104492" />
  </testsuite>
  <testsuite name="spec_perl_TestBitsSignedB64Le_t" errors="0" failures="0" skipped="0" tests="4" time="0.0443079471588135">
    <system-out>1..4
ok 1 - Equals
ok 2 - Equals
ok 3 - Equals
ok 4 - Equals
</system-out>
    <testcase name="Equals (244)" classname="spec_perl_TestBitsSignedB64Le_t" time="0.000294923782348633" />
    <testcase name="Equals (245)" classname="spec_perl_TestBitsSignedB64Le_t" time="0.000117063522338867" />
    <testcase name="Equals (246)" classname="spec_perl_TestBitsSignedB64Le_t" time="0.000130891799926758" />
    <testcase name="Equals (247)" classname="spec_perl_TestBitsSignedB64Le_t" time="0.000162124633789062" />
  </testsuite>
  <testsuite name="spec_perl_TestParamsCallExtraParens_t" errors="0" failures="1" skipped="0" tests="1" time="0.0506470203399658">
    <system-out>1..1
not ok 1 - Equals
</system-out>
    <testcase name="Equals (248)" classname="spec_perl_TestParamsCallExtraParens_t" time="0.00167703628540039">
      <failure message="not ok 1 - Equals" type="TAP::Parser::Result::Test"></failure>
    </testcase>
  </testsuite>
  <testsuite name="spec_perl_TestValidSwitch_t" errors="0" failures="0" skipped="1" tests="1" time="0.0443661212921143">
    <system-out>1..1
ok 1 # skip ValidSwitch=HASH(0x1c644a0)
</system-out>
    <testcase name="Unnamed test case 248" classname="spec_perl_TestValidSwitch_t" time="0.00120902061462402">
      <skipped message="ok 1 # skip ValidSwitch=HASH(0x1c644a0)" />
    </testcase>
  </testsuite>
  <testsuite name="spec_perl_TestExprSizeofType1_t" errors="0" failures="0" skipped="0" tests="2" time="0.0431280136108398">
    <system-out>1..2
ok 1 - Equals
ok 2 - Equals
</system-out>
    <testcase name="Equals (249)" classname="spec_perl_TestExprSizeofType1_t" time="0.000164031982421875" />
    <testcase name="Equals (250)" classname="spec_perl_TestExprSizeofType1_t" time="0.000131130218505859" />
  </testsuite>
  <testsuite name="spec_perl_TestNestedTypes2_t" errors="0" failures="0" skipped="0" tests="7" time="0.0447900295257568">
    <system-out>1..7
ok 1 - Equals
ok 2 - Equals
ok 3 - Equals
ok 4 - Equals
ok 5 - Equals
ok 6 - Equals
ok 7 - Equals
</system-out>
    <testcase name="Equals (251)" classname="spec_perl_TestNestedTypes2_t" time="0.000308036804199219" />
    <testcase name="Equals (252)" classname="spec_perl_TestNestedTypes2_t" time="9.20295715332031e-05" />
    <testcase name="Equals (253)" classname="spec_perl_TestNestedTypes2_t" time="8.79764556884766e-05" />
    <testcase name="Equals (254)" classname="spec_perl_TestNestedTypes2_t" time="0.000156879425048828" />
    <testcase name="Equals (255)" classname="spec_perl_TestNestedTypes2_t" time="0.000131130218505859" />
    <testcase name="Equals (256)" classname="spec_perl_TestNestedTypes2_t" time="0.00014185905456543" />
    <testcase name="Equals (257)" classname="spec_perl_TestNestedTypes2_t" time="0.0001220703125" />
  </testsuite>
  <testsuite name="spec_perl_TestFixedContents_t" errors="0" failures="0" skipped="1" tests="1" time="0.0416278839111328">
    <system-out>1..1
ok 1 # skip FixedContents=HASH(0x24520a8)
</system-out>
    <testcase name="Unnamed test case 257" classname="spec_perl_TestFixedContents_t" time="0.00126791000366211">
      <skipped message="ok 1 # skip FixedContents=HASH(0x24520a8)" />
    </testcase>
  </testsuite>
  <testsuite name="spec_perl_TestNestedSameName_t" errors="0" failures="0" skipped="0" tests="2" time="0.0441200733184814">
    <system-out>1..2
ok 1 - Equals
ok 2 - Equals
</system-out>
    <testcase name="Equals (258)" classname="spec_perl_TestNestedSameName_t" time="0.000285148620605469" />
    <testcase name="Equals (259)" classname="spec_perl_TestNestedSameName_t" time="0.00011897087097168" />
  </testsuite>
  <testsuite name="spec_perl_TestIndexToParamEos_t" errors="0" failures="2" skipped="0" tests="7" time="0.0514490604400635">
    <system-out>1..7
ok 1 - Equals
ok 2 - Equals
ok 3 - Equals
ok 4 - Equals
ok 5 - Equals
not ok 6 - Equals
not ok 7 - Equals
</system-out>
    <testcase name="Equals (260)" classname="spec_perl_TestIndexToParamEos_t" time="0.00584197044372559" />
    <testcase name="Equals (261)" classname="spec_perl_TestIndexToParamEos_t" time="0.000125885009765625" />
    <testcase name="Equals (262)" classname="spec_perl_TestIndexToParamEos_t" time="8.60691070556641e-05" />
    <testcase name="Equals (263)" classname="spec_perl_TestIndexToParamEos_t" time="9.10758972167969e-05" />
    <testcase name="Equals (264)" classname="spec_perl_TestIndexToParamEos_t" time="4.1961669921875e-05" />
    <testcase name="Equals (265)" classname="spec_perl_TestIndexToParamEos_t" time="8.79764556884766e-05">
      <failure message="not ok 6 - Equals" type="TAP::Parser::Result::Test"></failure>
    </testcase>
    <testcase name="Equals (266)" classname="spec_perl_TestIndexToParamEos_t" time="5.79357147216797e-05">
      <failure message="not ok 7 - Equals" type="TAP::Parser::Result::Test"></failure>
    </testcase>
  </testsuite>
  <testsuite name="spec_perl_TestNavParentSwitchCast_t" errors="0" failures="0" skipped="0" tests="3" time="0.0441069602966309">
    <system-out>1..3
ok 1 - Equals
ok 2 - Equals
ok 3 - Equals
</system-out>
    <testcase name="Equals (267)" classname="spec_perl_TestNavParentSwitchCast_t" time="0.000566959381103516" />
    <testcase name="Equals (268)" classname="spec_perl_TestNavParentSwitchCast_t" time="9.51290130615234e-05" />
    <testcase name="Equals (269)" classname="spec_perl_TestNavParentSwitchCast_t" time="0.00011897087097168" />
  </testsuite>
  <testsuite name="spec_perl_TestOptionalId_t" errors="0" failures="0" skipped="0" tests="3" time="0.0433359146118164">
    <system-out>1..3
ok 1 - Equals
ok 2 - Equals
ok 3 - Equals
</system-out>
    <testcase name="Equals (270)" classname="spec_perl_TestOptionalId_t" time="0.000161886215209961" />
    <testcase name="Equals (271)" classname="spec_perl_TestOptionalId_t" time="0.000133037567138672" />
    <testcase name="Equals (272)" classname="spec_perl_TestOptionalId_t" time="0.000137090682983398" />
  </testsuite>
  <testsuite name="spec_perl_TestExprIfIntOps_t" errors="0" failures="0" skipped="0" tests="2" time="0.0432169437408447">
    <system-out>1..2
ok 1 - Equals
ok 2 - Equals
</system-out>
    <testcase name="Equals (273)" classname="spec_perl_TestExprIfIntOps_t" time="0.000257968902587891" />
    <testcase name="Equals (274)" classname="spec_perl_TestExprIfIntOps_t" time="8.0108642578125e-05" />
  </testsuite>
  <testsuite name="spec_perl_TestTypeIntUnaryOp_t" errors="0" failures="0" skipped="0" tests="4" time="0.0433809757232666">
    <system-out>1..4
ok 1 - Equals
ok 2 - Equals
ok 3 - Equals
ok 4 - Equals
</system-out>
    <testcase name="Equals (275)" classname="spec_perl_TestTypeIntUnaryOp_t" time="0.000216007232666016" />
    <testcase name="Equals (276)" classname="spec_perl_TestTypeIntUnaryOp_t" time="7.51018524169922e-05" />
    <testcase name="Equals (277)" classname="spec_perl_TestTypeIntUnaryOp_t" time="0.000181913375854492" />
    <testcase name="Equals (278)" classname="spec_perl_TestTypeIntUnaryOp_t" time="0.000131130218505859" />
  </testsuite>
  <testsuite name="spec_perl_TestStrEncodings_t" errors="0" failures="0" skipped="0" tests="4" time="0.0751490592956543">
    <system-out>1..4
ok 1 - Equals
ok 2 - Equals
ok 3 - Equals
ok 4 - Equals
</system-out>
    <testcase name="Equals (279)" classname="spec_perl_TestStrEncodings_t" time="0.0281791687011719" />
    <testcase name="Equals (280)" classname="spec_perl_TestStrEncodings_t" time="0.000125885009765625" />
    <testcase name="Equals (281)" classname="spec_perl_TestStrEncodings_t" time="5.91278076171875e-05" />
    <testcase name="Equals (282)" classname="spec_perl_TestStrEncodings_t" time="0.000159978866577148" />
  </testsuite>
  <testsuite name="spec_perl_TestMultipleUse_t" errors="0" failures="0" skipped="0" tests="2" time="0.0438859462738037">
    <system-out>1..2
ok 1 - Equals
ok 2 - Equals
</system-out>
    <testcase name="Equals (283)" classname="spec_perl_TestMultipleUse_t" time="0.000268936157226562" />
    <testcase name="Equals (284)" classname="spec_perl_TestMultipleUse_t" time="0.000108003616333008" />
  </testsuite>
  <testsuite name="spec_perl_TestParamsCallShort_t" errors="0" failures="3" skipped="0" tests="3" time="0.0530319213867188">
    <system-out>1..3
not ok 1 - Equals
not ok 2 - Equals
not ok 3 - Equals
</system-out>
    <testcase name="Equals (285)" classname="spec_perl_TestParamsCallShort_t" time="0.00242304801940918">
      <failure message="not ok 1 - Equals" type="TAP::Parser::Result::Test"></failure>
    </testcase>
    <testcase name="Equals (286)" classname="spec_perl_TestParamsCallShort_t" time="0.0021359920501709">
      <failure message="not ok 2 - Equals" type="TAP::Parser::Result::Test"></failure>
    </testcase>
    <testcase name="Equals (287)" classname="spec_perl_TestParamsCallShort_t" time="0.00188684463500977">
      <failure message="not ok 3 - Equals" type="TAP::Parser::Result::Test"></failure>
    </testcase>
  </testsuite>
  <testsuite name="spec_perl_TestUserType_t" errors="0" failures="0" skipped="0" tests="2" time="0.0437979698181152">
    <system-out>1..2
ok 1 - Equals
ok 2 - Equals
</system-out>
    <testcase name="Equals (288)" classname="spec_perl_TestUserType_t" time="0.000235080718994141" />
    <testcase name="Equals (289)" classname="spec_perl_TestUserType_t" time="7.79628753662109e-05" />
  </testsuite>
  <testsuite name="spec_perl_TestExprCalcArrayOps_t" errors="0" failures="1" skipped="17" tests="18" time="0.0614991188049316">
    <system-out>1..18
not ok 1 - test_expr_calc_array_ops died (Can't use string (&quot;1000&quot;) as an ARRAY ref while &quot;strict refs&quot; in use at compiled/perl/ExprCalcArrayOps.pm line 50.)
ok 2 # skip test_expr_calc_array_ops died
ok 3 # skip test_expr_calc_array_ops died
ok 4 # skip test_expr_calc_array_ops died
ok 5 # skip test_expr_calc_array_ops died
ok 6 # skip test_expr_calc_array_ops died
ok 7 # skip test_expr_calc_array_ops died
ok 8 # skip test_expr_calc_array_ops died
ok 9 # skip test_expr_calc_array_ops died
ok 10 # skip test_expr_calc_array_ops died
ok 11 # skip test_expr_calc_array_ops died
ok 12 # skip test_expr_calc_array_ops died
ok 13 # skip test_expr_calc_array_ops died
ok 14 # skip test_expr_calc_array_ops died
ok 15 # skip test_expr_calc_array_ops died
ok 16 # skip test_expr_calc_array_ops died
ok 17 # skip test_expr_calc_array_ops died
ok 18 # skip test_expr_calc_array_ops died
</system-out>
    <testcase name="test_expr_calc_array_ops died (Can't use string (&quot;1000&quot;) as an ARRAY ref while &quot;strict refs&quot; in use at compiled/perl/ExprCalcArrayOps.pm line 50.) (289)" classname="spec_perl_TestExprCalcArrayOps_t" time="0.000993967056274414">
      <failure message="not ok 1 - test_expr_calc_array_ops died (Can't use string (&quot;1000&quot;) as an ARRAY ref while &quot;strict refs&quot; in use at compiled/perl/ExprCalcArrayOps.pm line 50.)" type="TAP::Parser::Result::Test"></failure>
    </testcase>
    <testcase name="Unnamed test case 289" classname="spec_perl_TestExprCalcArrayOps_t" time="0.00119400024414062">
      <skipped message="ok 2 # skip test_expr_calc_array_ops died" />
    </testcase>
    <testcase name="Unnamed test case 290" classname="spec_perl_TestExprCalcArrayOps_t" time="0.000538110733032227">
      <skipped message="ok 3 # skip test_expr_calc_array_ops died" />
    </testcase>
    <testcase name="Unnamed test case 291" classname="spec_perl_TestExprCalcArrayOps_t" time="0.000382900238037109">
      <skipped message="ok 4 # skip test_expr_calc_array_ops died" />
    </testcase>
    <testcase name="Unnamed test case 292" classname="spec_perl_TestExprCalcArrayOps_t" time="0.000405073165893555">
      <skipped message="ok 5 # skip test_expr_calc_array_ops died" />
    </testcase>
    <testcase name="Unnamed test case 293" classname="spec_perl_TestExprCalcArrayOps_t" time="0.000384092330932617">
      <skipped message="ok 6 # skip test_expr_calc_array_ops died" />
    </testcase>
    <testcase name="Unnamed test case 294" classname="spec_perl_TestExprCalcArrayOps_t" time="0.00039982795715332">
      <skipped message="ok 7 # skip test_expr_calc_array_ops died" />
    </testcase>
    <testcase name="Unnamed test case 295" classname="spec_perl_TestExprCalcArrayOps_t" time="0.000356197357177734">
      <skipped message="ok 8 # skip test_expr_calc_array_ops died" />
    </testcase>
    <testcase name="Unnamed test case 296" classname="spec_perl_TestExprCalcArrayOps_t" time="0.000349998474121094">
      <skipped message="ok 9 # skip test_expr_calc_array_ops died" />
    </testcase>
    <testcase name="Unnamed test case 297" classname="spec_perl_TestExprCalcArrayOps_t" time="0.000418901443481445">
      <skipped message="ok 10 # skip test_expr_calc_array_ops died" />
    </testcase>
    <testcase name="Unnamed test case 298" classname="spec_perl_TestExprCalcArrayOps_t" time="0.000379085540771484">
      <skipped message="ok 11 # skip test_expr_calc_array_ops died" />
    </testcase>
    <testcase name="Unnamed test case 299" classname="spec_perl_TestExprCalcArrayOps_t" time="0.000391006469726562">
      <skipped message="ok 12 # skip test_expr_calc_array_ops died" />
    </testcase>
    <testcase name="Unnamed test case 300" classname="spec_perl_TestExprCalcArrayOps_t" time="0.000406980514526367">
      <skipped message="ok 13 # skip test_expr_calc_array_ops died" />
    </testcase>
    <testcase name="Unnamed test case 301" classname="spec_perl_TestExprCalcArrayOps_t" time="0.000407934188842773">
      <skipped message="ok 14 # skip test_expr_calc_array_ops died" />
    </testcase>
    <testcase name="Unnamed test case 302" classname="spec_perl_TestExprCalcArrayOps_t" time="0.000355005264282227">
      <skipped message="ok 15 # skip test_expr_calc_array_ops died" />
    </testcase>
    <testcase name="Unnamed test case 303" classname="spec_perl_TestExprCalcArrayOps_t" time="0.000396013259887695">
      <skipped message="ok 16 # skip test_expr_calc_array_ops died" />
    </testcase>
    <testcase name="Unnamed test case 304" classname="spec_perl_TestExprCalcArrayOps_t" time="0.000406980514526367">
      <skipped message="ok 17 # skip test_expr_calc_array_ops died" />
    </testcase>
    <testcase name="Unnamed test case 305" classname="spec_perl_TestExprCalcArrayOps_t" time="0.000432014465332031">
      <skipped message="ok 18 # skip test_expr_calc_array_ops died" />
    </testcase>
  </testsuite>
  <testsuite name="spec_perl_TestParamsPassStruct_t" errors="0" failures="1" skipped="1" tests="4" time="0.0472800731658936">
    <system-out>1..4
ok 1 - Equals
ok 2 - Equals
not ok 3 - test_params_pass_struct died (Can't call method &quot;foo&quot; on an undefined value at spec/perl/TestParamsPassStruct.t line 17.)
ok 4 # skip test_params_pass_struct died
</system-out>
    <testcase name="Equals (305)" classname="spec_perl_TestParamsPassStruct_t" time="0.000267982482910156" />
    <testcase name="Equals (306)" classname="spec_perl_TestParamsPassStruct_t" time="8.98838043212891e-05" />
    <testcase name="test_params_pass_struct died (Can't call method &quot;foo&quot; on an undefined value at spec/perl/TestParamsPassStruct.t line 17.) (306)" classname="spec_perl_TestParamsPassStruct_t" time="0.00027012825012207">
      <failure message="not ok 3 - test_params_pass_struct died (Can't call method &quot;foo&quot; on an undefined value at spec/perl/TestParamsPassStruct.t line 17.)" type="TAP::Parser::Result::Test"></failure>
    </testcase>
    <testcase name="Unnamed test case 306" classname="spec_perl_TestParamsPassStruct_t" time="0.00365495681762695">
      <skipped message="ok 4 # skip test_params_pass_struct died" />
    </testcase>
  </testsuite>
  <testsuite name="spec_perl_TestNestedTypeParam_t" errors="0" failures="2" skipped="0" tests="2" time="0.0505340099334717">
    <system-out>1..2
not ok 1 - Equals
not ok 2 - Equals
</system-out>
    <testcase name="Equals (307)" classname="spec_perl_TestNestedTypeParam_t" time="0.00482010841369629">
      <failure message="not ok 1 - Equals" type="TAP::Parser::Result::Test"></failure>
    </testcase>
    <testcase name="Equals (308)" classname="spec_perl_TestNestedTypeParam_t" time="9.48905944824219e-05">
      <failure message="not ok 2 - Equals" type="TAP::Parser::Result::Test"></failure>
    </testcase>
  </testsuite>
  <testsuite name="spec_perl_TestCombineBytes_t" errors="0" failures="0" skipped="0" tests="10" time="0.0461111068725586">
    <system-out>1..10
ok 1 - Equals
ok 2 - Equals
ok 3 - Equals
ok 4 - Equals
ok 5 - Equals
ok 6 - Equals
ok 7 - Equals
ok 8 - Equals
ok 9 - Equals
ok 10 - Equals
</system-out>
    <testcase name="Equals (309)" classname="spec_perl_TestCombineBytes_t" time="0.000262022018432617" />
    <testcase name="Equals (310)" classname="spec_perl_TestCombineBytes_t" time="7.89165496826172e-05" />
    <testcase name="Equals (311)" classname="spec_perl_TestCombineBytes_t" time="0.000159025192260742" />
    <testcase name="Equals (312)" classname="spec_perl_TestCombineBytes_t" time="0.000113010406494141" />
    <testcase name="Equals (313)" classname="spec_perl_TestCombineBytes_t" time="0.000180959701538086" />
    <testcase name="Equals (314)" classname="spec_perl_TestCombineBytes_t" time="0.000113010406494141" />
    <testcase name="Equals (315)" classname="spec_perl_TestCombineBytes_t" time="0.000123023986816406" />
    <testcase name="Equals (316)" classname="spec_perl_TestCombineBytes_t" time="0.000156879425048828" />
    <testcase name="Equals (317)" classname="spec_perl_TestCombineBytes_t" time="0.000128030776977539" />
    <testcase name="Equals (318)" classname="spec_perl_TestCombineBytes_t" time="0.000146150588989258" />
  </testsuite>
  <testsuite name="spec_perl_TestEnumIntRangeS_t" errors="0" failures="0" skipped="0" tests="3" time="0.0450820922851562">
    <system-out>1..3
ok 1 - Equals
ok 2 - Equals
ok 3 - Equals
</system-out>
    <testcase name="Equals (319)" classname="spec_perl_TestEnumIntRangeS_t" time="0.000216960906982422" />
    <testcase name="Equals (320)" classname="spec_perl_TestEnumIntRangeS_t" time="7.51018524169922e-05" />
    <testcase name="Equals (321)" classname="spec_perl_TestEnumIntRangeS_t" time="0.000157833099365234" />
  </testsuite>
  <testsuite name="spec_perl_TestStrEncodingsDefault_t" errors="0" failures="0" skipped="0" tests="4" time="0.0500938892364502">
    <system-out>1..4
ok 1 - Equals
ok 2 - Equals
ok 3 - Equals
ok 4 - Equals
</system-out>
    <testcase name="Equals (322)" classname="spec_perl_TestStrEncodingsDefault_t" time="0.00329899787902832" />
    <testcase name="Equals (323)" classname="spec_perl_TestStrEncodingsDefault_t" time="0.000118017196655273" />
    <testcase name="Equals (324)" classname="spec_perl_TestStrEncodingsDefault_t" time="5.98430633544922e-05" />
    <testcase name="Equals (325)" classname="spec_perl_TestStrEncodingsDefault_t" time="0.000173091888427734" />
  </testsuite>
  <testsuite name="spec_perl_TestBitsSimple_t" errors="0" failures="0" skipped="0" tests="14" time="0.0455210208892822">
    <system-out>1..14
ok 1 - Equals
ok 2 - Equals
ok 3 - Equals
ok 4 - Equals
ok 5 - Equals
ok 6 - Equals
ok 7 - Equals
ok 8 - Equals
ok 9 - Equals
ok 10 - Equals
ok 11 - Equals
ok 12 - Equals
ok 13 - Equals
ok 14 - Equals
</system-out>
    <testcase name="Equals (326)" classname="spec_perl_TestBitsSimple_t" time="0.000287055969238281" />
    <testcase name="Equals (327)" classname="spec_perl_TestBitsSimple_t" time="8.392333984375e-05" />
    <testcase name="Equals (328)" classname="spec_perl_TestBitsSimple_t" time="0.000128984451293945" />
    <testcase name="Equals (329)" classname="spec_perl_TestBitsSimple_t" time="0.000127077102661133" />
    <testcase name="Equals (330)" classname="spec_perl_TestBitsSimple_t" time="0.000132083892822266" />
    <testcase name="Equals (331)" classname="spec_perl_TestBitsSimple_t" time="0.000124931335449219" />
    <testcase name="Equals (332)" classname="spec_perl_TestBitsSimple_t" time="0.00011897087097168" />
    <testcase name="Equals (333)" classname="spec_perl_TestBitsSimple_t" time="0.000169992446899414" />
    <testcase name="Equals (334)" classname="spec_perl_TestBitsSimple_t" time="0.000107049942016602" />
    <testcase name="Equals (335)" classname="spec_perl_TestBitsSimple_t" time="0.00014495849609375" />
    <testcase name="Equals (336)" classname="spec_perl_TestBitsSimple_t" time="0.0001220703125" />
    <testcase name="Equals (337)" classname="spec_perl_TestBitsSimple_t" time="0.000143051147460938" />
    <testcase name="Equals (338)" classname="spec_perl_TestBitsSimple_t" time="0.000123023986816406" />
    <testcase name="Equals (339)" classname="spec_perl_TestBitsSimple_t" time="0.000190973281860352" />
  </testsuite>
  <testsuite name="spec_perl_TestStrLiterals2_t" errors="0" failures="0" skipped="0" tests="4" time="0.043569803237915">
    <system-out>1..4
ok 1 - Equals
ok 2 - Equals
ok 3 - Equals
ok 4 - Equals
</system-out>
    <testcase name="Equals (340)" classname="spec_perl_TestStrLiterals2_t" time="0.000227928161621094" />
    <testcase name="Equals (341)" classname="spec_perl_TestStrLiterals2_t" time="7.70092010498047e-05" />
    <testcase name="Equals (342)" classname="spec_perl_TestStrLiterals2_t" time="0.000164985656738281" />
    <testcase name="Equals (343)" classname="spec_perl_TestStrLiterals2_t" time="0.000154972076416016" />
  </testsuite>
  <testsuite name="spec_perl_TestParamsEnum_t" errors="0" failures="1" skipped="0" tests="2" time="0.0477540493011475">
    <system-out>1..2
ok 1 - Equals
not ok 2 - Equals
</system-out>
    <testcase name="Equals (344)" classname="spec_perl_TestParamsEnum_t" time="0.000240087509155273" />
    <testcase name="Equals (345)" classname="spec_perl_TestParamsEnum_t" time="0.000682830810546875">
      <failure message="not ok 2 - Equals" type="TAP::Parser::Result::Test"></failure>
    </testcase>
  </testsuite>
  <testsuite name="spec_perl_TestZlibSurrounded_t" errors="0" failures="0" skipped="0" tests="1" time="0.0636930465698242">
    <system-out>1..1
ok 1 - Equals
</system-out>
    <testcase name="Equals (346)" classname="spec_perl_TestZlibSurrounded_t" time="0.00061488151550293" />
  </testsuite>
  <testsuite name="spec_perl_TestDocstringsDocref_t" errors="0" failures="0" skipped="1" tests="1" time="0.0440380573272705">
    <system-out>1..1
ok 1 # skip DocstringsDocref=HASH(0x1b875a8)
</system-out>
    <testcase name="Unnamed test case 346" classname="spec_perl_TestDocstringsDocref_t" time="0.00126218795776367">
      <skipped message="ok 1 # skip DocstringsDocref=HASH(0x1b875a8)" />
    </testcase>
  </testsuite>
  <testsuite name="spec_perl_TestCastNested_t" errors="0" failures="0" skipped="0" tests="4" time="0.0467021465301514">
    <system-out>1..4
ok 1 - Equals
ok 2 - Equals
ok 3 - Equals
ok 4 - Equals
</system-out>
    <testcase name="Equals (347)" classname="spec_perl_TestCastNested_t" time="0.000323057174682617" />
    <testcase name="Equals (348)" classname="spec_perl_TestCastNested_t" time="8.392333984375e-05" />
    <testcase name="Equals (349)" classname="spec_perl_TestCastNested_t" time="0.000119924545288086" />
    <testcase name="Equals (350)" classname="spec_perl_TestCastNested_t" time="0.000138044357299805" />
  </testsuite>
  <testsuite name="spec_perl_TestIndexSizes_t" errors="0" failures="0" skipped="0" tests="7" time="0.0476739406585693">
    <system-out>1..7
ok 1 - Equals
ok 2 - Equals
ok 3 - Equals
ok 4 - Equals
ok 5 - Equals
ok 6 - Equals
ok 7 - Equals
</system-out>
    <testcase name="Equals (351)" classname="spec_perl_TestIndexSizes_t" time="0.000331878662109375" />
    <testcase name="Equals (352)" classname="spec_perl_TestIndexSizes_t" time="8.89301300048828e-05" />
    <testcase name="Equals (353)" classname="spec_perl_TestIndexSizes_t" time="8.41617584228516e-05" />
    <testcase name="Equals (354)" classname="spec_perl_TestIndexSizes_t" time="0.000143051147460938" />
    <testcase name="Equals (355)" classname="spec_perl_TestIndexSizes_t" time="0.000160932540893555" />
    <testcase name="Equals (356)" classname="spec_perl_TestIndexSizes_t" time="9.98973846435547e-05" />
    <testcase name="Equals (357)" classname="spec_perl_TestIndexSizes_t" time="0.000144004821777344" />
  </testsuite>
  <testsuite name="spec_perl_TestCombineEnum_t" errors="0" failures="0" skipped="0" tests="3" time="0.0454080104827881">
    <system-out>1..3
ok 1 - Equals
ok 2 - Equals
ok 3 - Equals
</system-out>
    <testcase name="Equals (358)" classname="spec_perl_TestCombineEnum_t" time="0.000257015228271484" />
    <testcase name="Equals (359)" classname="spec_perl_TestCombineEnum_t" time="8.20159912109375e-05" />
    <testcase name="Equals (360)" classname="spec_perl_TestCombineEnum_t" time="0.000154018402099609" />
  </testsuite>
  <testsuite name="spec_perl_TestDocstringsDocrefMulti_t" errors="0" failures="0" skipped="1" tests="1" time="0.0444600582122803">
    <system-out>1..1
ok 1 # skip DocstringsDocrefMulti=HASH(0x23ecf18)
</system-out>
    <testcase name="Unnamed test case 360" classname="spec_perl_TestDocstringsDocrefMulti_t" time="0.00140905380249023">
      <skipped message="ok 1 # skip DocstringsDocrefMulti=HASH(0x23ecf18)" />
    </testcase>
  </testsuite>
  <testsuite name="spec_perl_TestSwitchManualStr_t" errors="0" failures="0" skipped="0" tests="9" time="0.0478332042694092">
    <system-out>1..9
ok 1 - Equals
ok 2 - Equals
ok 3 - Equals
ok 4 - Equals
ok 5 - Equals
ok 6 - Equals
ok 7 - Equals
ok 8 - Equals
ok 9 - Equals
</system-out>
    <testcase name="Equals (361)" classname="spec_perl_TestSwitchManualStr_t" time="0.000344038009643555" />
    <testcase name="Equals (362)" classname="spec_perl_TestSwitchManualStr_t" time="9.10758972167969e-05" />
    <testcase name="Equals (363)" classname="spec_perl_TestSwitchManualStr_t" time="6.29425048828125e-05" />
    <testcase name="Equals (364)" classname="spec_perl_TestSwitchManualStr_t" time="0.000149965286254883" />
    <testcase name="Equals (365)" classname="spec_perl_TestSwitchManualStr_t" time="0.000127077102661133" />
    <testcase name="Equals (366)" classname="spec_perl_TestSwitchManualStr_t" time="0.000113964080810547" />
    <testcase name="Equals (367)" classname="spec_perl_TestSwitchManualStr_t" time="0.000169038772583008" />
    <testcase name="Equals (368)" classname="spec_perl_TestSwitchManualStr_t" time="0.000160932540893555" />
    <testcase name="Equals (369)" classname="spec_perl_TestSwitchManualStr_t" time="8.0108642578125e-05" />
  </testsuite>
  <testsuite name="spec_perl_TestPositionInSeq_t" errors="0" failures="0" skipped="0" tests="1" time="0.0437979698181152">
    <system-out>1..1
ok 1 - Equals
</system-out>
    <testcase name="Equals (370)" classname="spec_perl_TestPositionInSeq_t" time="0.000232934951782227" />
  </testsuite>
  <testsuite name="spec_perl_TestIntegersDoubleOverflow_t" errors="0" failures="0" skipped="0" tests="8" time="0.0439231395721436">
    <system-out>1..8
ok 1 - Equals
ok 2 - Equals
ok 3 - Equals
ok 4 - Equals
ok 5 - Equals
ok 6 - Equals
ok 7 - Equals
ok 8 - Equals
</system-out>
    <testcase name="Equals (371)" classname="spec_perl_TestIntegersDoubleOverflow_t" time="0.000239849090576172" />
    <testcase name="Equals (372)" classname="spec_perl_TestIntegersDoubleOverflow_t" time="8.32080841064453e-05" />
    <testcase name="Equals (373)" classname="spec_perl_TestIntegersDoubleOverflow_t" time="0.000150918960571289" />
    <testcase name="Equals (374)" classname="spec_perl_TestIntegersDoubleOverflow_t" time="0.000124931335449219" />
    <testcase name="Equals (375)" classname="spec_perl_TestIntegersDoubleOverflow_t" time="0.000169992446899414" />
    <testcase name="Equals (376)" classname="spec_perl_TestIntegersDoubleOverflow_t" time="6.50882720947266e-05" />
    <testcase name="Equals (377)" classname="spec_perl_TestIntegersDoubleOverflow_t" time="0.00014805793762207" />
    <testcase name="Equals (378)" classname="spec_perl_TestIntegersDoubleOverflow_t" time="0.000114917755126953" />
  </testsuite>
  <testsuite name="spec_perl_TestNestedSameName2_t" errors="0" failures="0" skipped="0" tests="5" time="0.0440361499786377">
    <system-out>1..5
ok 1 - Equals
ok 2 - Equals
ok 3 - Equals
ok 4 - Equals
ok 5 - Equals
</system-out>
    <testcase name="Equals (379)" classname="spec_perl_TestNestedSameName2_t" time="0.00029301643371582" />
    <testcase name="Equals (380)" classname="spec_perl_TestNestedSameName2_t" time="8.29696655273438e-05" />
    <testcase name="Equals (381)" classname="spec_perl_TestNestedSameName2_t" time="0.000152111053466797" />
    <testcase name="Equals (382)" classname="spec_perl_TestNestedSameName2_t" time="9.29832458496094e-05" />
    <testcase name="Equals (383)" classname="spec_perl_TestNestedSameName2_t" time="0.000147104263305664" />
  </testsuite>
  <testsuite name="spec_perl_TestNavParent2_t" errors="0" failures="0" skipped="0" tests="10" time="0.0478620529174805">
    <system-out>1..10
ok 1 - Equals
ok 2 - Equals
ok 3 - Equals
ok 4 - Equals
ok 5 - Equals
ok 6 - Equals
ok 7 - Equals
ok 8 - Equals
ok 9 - Equals
ok 10 - Equals
</system-out>
    <testcase name="Equals (384)" classname="spec_perl_TestNavParent2_t" time="0.000249147415161133" />
    <testcase name="Equals (385)" classname="spec_perl_TestNavParent2_t" time="8.70227813720703e-05" />
    <testcase name="Equals (386)" classname="spec_perl_TestNavParent2_t" time="0.000149965286254883" />
    <testcase name="Equals (387)" classname="spec_perl_TestNavParent2_t" time="0.000128030776977539" />
    <testcase name="Equals (388)" classname="spec_perl_TestNavParent2_t" time="0.000114917755126953" />
    <testcase name="Equals (389)" classname="spec_perl_TestNavParent2_t" time="0.000205039978027344" />
    <testcase name="Equals (390)" classname="spec_perl_TestNavParent2_t" time="9.98973846435547e-05" />
    <testcase name="Equals (391)" classname="spec_perl_TestNavParent2_t" time="0.00014805793762207" />
    <testcase name="Equals (392)" classname="spec_perl_TestNavParent2_t" time="0.000119924545288086" />
    <testcase name="Equals (393)" classname="spec_perl_TestNavParent2_t" time="0.000181198120117188" />
  </testsuite>
  <testsuite name="spec_perl_TestSwitchRepeatExpr_t" errors="0" failures="0" skipped="0" tests="3" time="0.0439660549163818">
    <system-out>1..3
ok 1 - Equals
ok 2 - Equals
ok 3 - Equals
</system-out>
    <testcase name="Equals (394)" classname="spec_perl_TestSwitchRepeatExpr_t" time="0.00053095817565918" />
    <testcase name="Equals (395)" classname="spec_perl_TestSwitchRepeatExpr_t" time="0.000101089477539062" />
    <testcase name="Equals (396)" classname="spec_perl_TestSwitchRepeatExpr_t" time="5.60283660888672e-05" />
  </testsuite>
  <testsuite name="spec_perl_TestProcessCoerceBytes_t" errors="0" failures="0" skipped="0" tests="4" time="0.0443480014801025">
    <system-out>1..4
ok 1 - Equals
ok 2 - Equals
ok 3 - Equals
ok 4 - Equals
</system-out>
    <testcase name="Equals (397)" classname="spec_perl_TestProcessCoerceBytes_t" time="0.000145912170410156" />
    <testcase name="Equals (398)" classname="spec_perl_TestProcessCoerceBytes_t" time="7.91549682617188e-05" />
    <testcase name="Equals (399)" classname="spec_perl_TestProcessCoerceBytes_t" time="4.29153442382812e-05" />
    <testcase name="Equals (400)" classname="spec_perl_TestProcessCoerceBytes_t" time="5.50746917724609e-05" />
  </testsuite>
  <testsuite name="spec_perl_TestIoLocalVar_t" errors="0" failures="0" skipped="0" tests="2" time="0.0431840419769287">
    <system-out>1..2
ok 1 - Equals
ok 2 - Equals
</system-out>
    <testcase name="Equals (401)" classname="spec_perl_TestIoLocalVar_t" time="0.000544071197509766" />
    <testcase name="Equals (402)" classname="spec_perl_TestIoLocalVar_t" time="0.000100135803222656" />
  </testsuite>
  <testsuite name="spec_perl_TestExprMod_t" errors="0" failures="0" skipped="0" tests="6" time="0.0442359447479248">
    <system-out>1..6
ok 1 - Equals
ok 2 - Equals
ok 3 - Equals
ok 4 - Equals
ok 5 - Equals
ok 6 - Equals
</system-out>
    <testcase name="Equals (403)" classname="spec_perl_TestExprMod_t" time="0.000237941741943359" />
    <testcase name="Equals (404)" classname="spec_perl_TestExprMod_t" time="8.20159912109375e-05" />
    <testcase name="Equals (405)" classname="spec_perl_TestExprMod_t" time="0.000133037567138672" />
    <testcase name="Equals (406)" classname="spec_perl_TestExprMod_t" time="0.000128030776977539" />
    <testcase name="Equals (407)" classname="spec_perl_TestExprMod_t" time="0.000142812728881836" />
    <testcase name="Equals (408)" classname="spec_perl_TestExprMod_t" time="0.000163078308105469" />
  </testsuite>
  <testsuite name="spec_perl_TestInstanceStd_t" errors="0" failures="0" skipped="0" tests="1" time="0.0459330081939697">
    <system-out>1..1
ok 1 - Equals
</system-out>
    <testcase name="Equals (409)" classname="spec_perl_TestInstanceStd_t" time="0.000240087509155273" />
  </testsuite>
  <testsuite name="spec_perl_TestEnumForUnknownId_t" errors="0" failures="0" skipped="0" tests="1" time="0.0431599617004395">
    <system-out>1..1
ok 1 - Equals
</system-out>
    <testcase name="Equals (410)" classname="spec_perl_TestEnumForUnknownId_t" time="0.00021815299987793" />
  </testsuite>
[...]
      <failure message="not ok 3 - test_enum_to_i_class_border_1 died (Can't call method &quot;some_dog&quot; on an undefined value at compiled/perl/EnumToIClassBorder2.pm line 42.)" type="TAP::Parser::Result::Test"></failure>
    </testcase>
  </testsuite>
  <testsuite name="spec_perl_TestEnumOfValueInst_t" errors="0" failures="0" skipped="0" tests="4" time="0.0435400009155273">
    <system-out>1..4
ok 1 - Equals
ok 2 - Equals
ok 3 - Equals
ok 4 - Equals
</system-out>
    <testcase name="Equals (811)" classname="spec_perl_TestEnumOfValueInst_t" time="0.0002288818359375" />
    <testcase name="Equals (812)" classname="spec_perl_TestEnumOfValueInst_t" time="7.79628753662109e-05" />
    <testcase name="Equals (813)" classname="spec_perl_TestEnumOfValueInst_t" time="0.000149011611938477" />
    <testcase name="Equals (814)" classname="spec_perl_TestEnumOfValueInst_t" time="0.000132083892822266" />
  </testsuite>
  <testsuite name="spec_perl_TestBytesPadTerm_t" errors="0" failures="0" skipped="0" tests="4" time="0.0430490970611572">
    <system-out>1..4
ok 1 - Equals
ok 2 - Equals
ok 3 - Equals
ok 4 - Equals
</system-out>
    <testcase name="Equals (815)" classname="spec_perl_TestBytesPadTerm_t" time="0.000253915786743164" />
    <testcase name="Equals (816)" classname="spec_perl_TestBytesPadTerm_t" time="0.000116109848022461" />
    <testcase name="Equals (817)" classname="spec_perl_TestBytesPadTerm_t" time="8.08238983154297e-05" />
    <testcase name="Equals (818)" classname="spec_perl_TestBytesPadTerm_t" time="0.00014805793762207" />
  </testsuite>
  <testsuite name="spec_perl_TestRepeatNStrzDouble_t" errors="0" failures="0" skipped="0" tests="3" time="0.0470819473266602">
    <system-out>1..3
ok 1 - Equals
ok 2 - Equals
ok 3 - Equals
</system-out>
    <testcase name="Equals (819)" classname="spec_perl_TestRepeatNStrzDouble_t" time="0.000323057174682617" />
    <testcase name="Equals (820)" classname="spec_perl_TestRepeatNStrzDouble_t" time="9.29832458496094e-05" />
    <testcase name="Equals (821)" classname="spec_perl_TestRepeatNStrzDouble_t" time="0.000130176544189453" />
  </testsuite>
  <testsuite name="spec_perl_TestOpaqueExternalType_t" errors="0" failures="0" skipped="0" tests="3" time="0.0476179122924805">
    <system-out>1..3
ok 1 - Equals
ok 2 - Equals
ok 3 - Equals
</system-out>
    <testcase name="Equals (822)" classname="spec_perl_TestOpaqueExternalType_t" time="0.00038599967956543" />
    <testcase name="Equals (823)" classname="spec_perl_TestOpaqueExternalType_t" time="8.98838043212891e-05" />
    <testcase name="Equals (824)" classname="spec_perl_TestOpaqueExternalType_t" time="9.10758972167969e-05" />
  </testsuite>
  <testsuite name="spec_perl_TestTypeTernary2ndFalsy_t" errors="0" failures="1" skipped="0" tests="13" time="0.0485899448394775">
    <system-out>1..13
ok 1 - Equals
ok 2 - Equals
ok 3 - Equals
ok 4 - Approx equals
ok 5 - Approx equals
ok 6 - Equals
ok 7 - Equals
ok 8 - Equals
ok 9 - nil
ok 10 - Equals
ok 11 - Equals
ok 12 - Equals
not ok 13 - test_type_ternary_2nd_falsy died (Can't use an undefined value as an ARRAY reference at spec/perl/TestTypeTernary2ndFalsy.t line 27.)
</system-out>
    <testcase name="Equals (825)" classname="spec_perl_TestTypeTernary2ndFalsy_t" time="0.000266075134277344" />
    <testcase name="Equals (826)" classname="spec_perl_TestTypeTernary2ndFalsy_t" time="9.39369201660156e-05" />
    <testcase name="Equals (827)" classname="spec_perl_TestTypeTernary2ndFalsy_t" time="0.000153064727783203" />
    <testcase name="Approx equals (827)" classname="spec_perl_TestTypeTernary2ndFalsy_t" time="6.4849853515625e-05" />
    <testcase name="Approx equals (828)" classname="spec_perl_TestTypeTernary2ndFalsy_t" time="5.41210174560547e-05" />
    <testcase name="Equals (828)" classname="spec_perl_TestTypeTernary2ndFalsy_t" time="8.89301300048828e-05" />
    <testcase name="Equals (829)" classname="spec_perl_TestTypeTernary2ndFalsy_t" time="0.000156164169311523" />
    <testcase name="Equals (830)" classname="spec_perl_TestTypeTernary2ndFalsy_t" time="0.000108957290649414" />
    <testcase name="nil (830)" classname="spec_perl_TestTypeTernary2ndFalsy_t" time="5.69820404052734e-05" />
    <testcase name="Equals (831)" classname="spec_perl_TestTypeTernary2ndFalsy_t" time="0.00014185905456543" />
    <testcase name="Equals (832)" classname="spec_perl_TestTypeTernary2ndFalsy_t" time="0.000121116638183594" />
    <testcase name="Equals (833)" classname="spec_perl_TestTypeTernary2ndFalsy_t" time="0.000150918960571289" />
    <testcase name="test_type_ternary_2nd_falsy died (Can't use an undefined value as an ARRAY reference at spec/perl/TestTypeTernary2ndFalsy.t line 27.) (833)" classname="spec_perl_TestTypeTernary2ndFalsy_t" time="0.00026702880859375">
      <failure message="not ok 13 - test_type_ternary_2nd_falsy died (Can't use an undefined value as an ARRAY reference at spec/perl/TestTypeTernary2ndFalsy.t line 27.)" type="TAP::Parser::Result::Test"></failure>
    </testcase>
  </testsuite>
  <testsuite name="spec_perl_TestProcessCoerceSwitch_t" errors="0" failures="0" skipped="0" tests="3" time="0.043889045715332">
    <system-out>1..3
ok 1 - Equals
ok 2 - Equals
ok 3 - Equals
</system-out>
    <testcase name="Equals (834)" classname="spec_perl_TestProcessCoerceSwitch_t" time="0.000531911849975586" />
    <testcase name="Equals (835)" classname="spec_perl_TestProcessCoerceSwitch_t" time="9.918212890625e-05" />
    <testcase name="Equals (836)" classname="spec_perl_TestProcessCoerceSwitch_t" time="5.69820404052734e-05" />
  </testsuite>
  <testsuite name="spec_perl_TestRepeatEosStruct_t" errors="0" failures="0" skipped="0" tests="5" time="0.0460360050201416">
    <system-out>1..5
ok 1 - Equals
ok 2 - Equals
ok 3 - Equals
ok 4 - Equals
ok 5 - Equals
</system-out>
    <testcase name="Equals (837)" classname="spec_perl_TestRepeatEosStruct_t" time="0.000266075134277344" />
    <testcase name="Equals (838)" classname="spec_perl_TestRepeatEosStruct_t" time="8.70227813720703e-05" />
    <testcase name="Equals (839)" classname="spec_perl_TestRepeatEosStruct_t" time="0.000142097473144531" />
    <testcase name="Equals (840)" classname="spec_perl_TestRepeatEosStruct_t" time="0.000120878219604492" />
    <testcase name="Equals (841)" classname="spec_perl_TestRepeatEosStruct_t" time="0.000184059143066406" />
  </testsuite>
  <testsuite name="spec_perl_TestNavParent3_t" errors="0" failures="0" skipped="0" tests="10" time="0.0478489398956299">
    <system-out>1..10
ok 1 - Equals
ok 2 - Equals
ok 3 - Equals
ok 4 - Equals
ok 5 - Equals
ok 6 - Equals
ok 7 - Equals
ok 8 - Equals
ok 9 - Equals
ok 10 - Equals
</system-out>
    <testcase name="Equals (842)" classname="spec_perl_TestNavParent3_t" time="0.000255107879638672" />
    <testcase name="Equals (843)" classname="spec_perl_TestNavParent3_t" time="7.79628753662109e-05" />
    <testcase name="Equals (844)" classname="spec_perl_TestNavParent3_t" time="0.00020599365234375" />
    <testcase name="Equals (845)" classname="spec_perl_TestNavParent3_t" time="9.79900360107422e-05" />
    <testcase name="Equals (846)" classname="spec_perl_TestNavParent3_t" time="0.000140905380249023" />
    <testcase name="Equals (847)" classname="spec_perl_TestNavParent3_t" time="0.000193119049072266" />
    <testcase name="Equals (848)" classname="spec_perl_TestNavParent3_t" time="0.00011897087097168" />
    <testcase name="Equals (849)" classname="spec_perl_TestNavParent3_t" time="0.000120878219604492" />
    <testcase name="Equals (850)" classname="spec_perl_TestNavParent3_t" time="0.000153064727783203" />
    <testcase name="Equals (851)" classname="spec_perl_TestNavParent3_t" time="0.000189065933227539" />
  </testsuite>
  <testsuite name="spec_perl_TestTypeTernaryOpaque_t" errors="0" failures="0" skipped="0" tests="3" time="0.055574893951416">
    <system-out>1..3
ok 1 - Equals
ok 2 - Equals
ok 3 - Equals
</system-out>
    <testcase name="Equals (852)" classname="spec_perl_TestTypeTernaryOpaque_t" time="0.000680923461914062" />
    <testcase name="Equals (853)" classname="spec_perl_TestTypeTernaryOpaque_t" time="0.000113010406494141" />
    <testcase name="Equals (854)" classname="spec_perl_TestTypeTernaryOpaque_t" time="5.91278076171875e-05" />
  </testsuite>
  <testsuite name="spec_perl_TestExpr3_t" errors="0" failures="0" skipped="0" tests="12" time="0.0499558448791504">
    <system-out>1..12
ok 1 - Equals
ok 2 - Equals
ok 3 - Equals
ok 4 - Equals
ok 5 - Equals
ok 6 - Equals
ok 7 - Equals
ok 8 - Equals
ok 9 - Equals
ok 10 - Equals
ok 11 - Equals
ok 12 - Equals
</system-out>
    <testcase name="Equals (855)" classname="spec_perl_TestExpr3_t" time="0.000288009643554688" />
    <testcase name="Equals (856)" classname="spec_perl_TestExpr3_t" time="8.0108642578125e-05" />
    <testcase name="Equals (857)" classname="spec_perl_TestExpr3_t" time="0.000128030776977539" />
    <testcase name="Equals (858)" classname="spec_perl_TestExpr3_t" time="0.000145912170410156" />
    <testcase name="Equals (859)" classname="spec_perl_TestExpr3_t" time="0.000149011611938477" />
    <testcase name="Equals (860)" classname="spec_perl_TestExpr3_t" time="0.000119924545288086" />
    <testcase name="Equals (861)" classname="spec_perl_TestExpr3_t" time="0.000153064727783203" />
    <testcase name="Equals (862)" classname="spec_perl_TestExpr3_t" time="0.000126123428344727" />
    <testcase name="Equals (863)" classname="spec_perl_TestExpr3_t" time="0.000156879425048828" />
    <testcase name="Equals (864)" classname="spec_perl_TestExpr3_t" time="0.000128984451293945" />
    <testcase name="Equals (865)" classname="spec_perl_TestExpr3_t" time="0.000162124633789062" />
    <testcase name="Equals (866)" classname="spec_perl_TestExpr3_t" time="0.000370979309082031" />
  </testsuite>
  <testsuite name="spec_perl_TestPositionToEnd_t" errors="0" failures="0" skipped="0" tests="2" time="0.04463791847229">
    <system-out>1..2
ok 1 - Equals
ok 2 - Equals
</system-out>
    <testcase name="Equals (867)" classname="spec_perl_TestPositionToEnd_t" time="0.000267982482910156" />
    <testcase name="Equals (868)" classname="spec_perl_TestPositionToEnd_t" time="9.20295715332031e-05" />
  </testsuite>
  <testsuite name="spec_perl_TestEnumNegative_t" errors="0" failures="0" skipped="0" tests="2" time="0.0431339740753174">
    <system-out>1..2
ok 1 - Equals
ok 2 - Equals
</system-out>
    <testcase name="Equals (869)" classname="spec_perl_TestEnumNegative_t" time="0.000247001647949219" />
    <testcase name="Equals (870)" classname="spec_perl_TestEnumNegative_t" time="9.20295715332031e-05" />
  </testsuite>
  <testsuite name="spec_perl_TestImportsAbs_t" errors="0" failures="0" skipped="0" tests="2" time="0.043612003326416">
    <system-out>1..2
ok 1 - Equals
ok 2 - Equals
</system-out>
    <testcase name="Equals (871)" classname="spec_perl_TestImportsAbs_t" time="0.000217914581298828" />
    <testcase name="Equals (872)" classname="spec_perl_TestImportsAbs_t" time="7.79628753662109e-05" />
  </testsuite>
  <testsuite name="spec_perl_TestNavParent_t" errors="0" failures="0" skipped="0" tests="5" time="0.0469329357147217">
    <system-out>1..5
ok 1 - Equals
ok 2 - Equals
ok 3 - Equals
ok 4 - Equals
ok 5 - Equals
</system-out>
    <testcase name="Equals (873)" classname="spec_perl_TestNavParent_t" time="0.000357866287231445" />
    <testcase name="Equals (874)" classname="spec_perl_TestNavParent_t" time="8.79764556884766e-05" />
    <testcase name="Equals (875)" classname="spec_perl_TestNavParent_t" time="0.000112056732177734" />
    <testcase name="Equals (876)" classname="spec_perl_TestNavParent_t" time="0.000131130218505859" />
    <testcase name="Equals (877)" classname="spec_perl_TestNavParent_t" time="0.000136852264404297" />
  </testsuite>
  <testsuite name="spec_perl_TestValidLong_t" errors="0" failures="0" skipped="1" tests="1" time="0.048137903213501">
    <system-out>1..1
ok 1 # skip ValidLong=HASH(0x206bdc8)
</system-out>
    <testcase name="Unnamed test case 877" classname="spec_perl_TestValidLong_t" time="0.00140500068664551">
      <skipped message="ok 1 # skip ValidLong=HASH(0x206bdc8)" />
    </testcase>
  </testsuite>
  <testsuite name="spec_perl_TestEnumImport_t" errors="0" failures="2" skipped="0" tests="2" time="0.0473928451538086">
    <system-out>1..2
not ok 1 - Equals
not ok 2 - Equals
</system-out>
    <testcase name="Equals (878)" classname="spec_perl_TestEnumImport_t" time="0.000226974487304688">
      <failure message="not ok 1 - Equals" type="TAP::Parser::Result::Test"></failure>
    </testcase>
    <testcase name="Equals (879)" classname="spec_perl_TestEnumImport_t" time="8.70227813720703e-05">
      <failure message="not ok 2 - Equals" type="TAP::Parser::Result::Test"></failure>
    </testcase>
  </testsuite>
  <testsuite name="spec_perl_TestCombineBool_t" errors="0" failures="0" skipped="0" tests="2" time="0.0430240631103516">
    <system-out>1..2
ok 1 - Equals
ok 2 - Equals
</system-out>
    <testcase name="Equals (880)" classname="spec_perl_TestCombineBool_t" time="0.000159025192260742" />
    <testcase name="Equals (881)" classname="spec_perl_TestCombineBool_t" time="0.000127077102661133" />
  </testsuite>
  <testsuite name="spec_perl_TestTermU1Val_t" errors="0" failures="0" skipped="0" tests="2" time="0.0458829402923584">
    <system-out>1..2
ok 1 - Equals
ok 2 - Equals
</system-out>
    <testcase name="Equals (882)" classname="spec_perl_TestTermU1Val_t" time="0.000297069549560547" />
    <testcase name="Equals (883)" classname="spec_perl_TestTermU1Val_t" time="8.51154327392578e-05" />
  </testsuite>
  <testsuite name="spec_perl_TestTypeTernary_t" errors="0" failures="0" skipped="0" tests="1" time="0.0444099903106689">
    <system-out>1..1
ok 1 - Equals
</system-out>
    <testcase name="Equals (884)" classname="spec_perl_TestTypeTernary_t" time="0.00056004524230957" />
  </testsuite>
  <testsuite name="spec_perl_TestNavParentFalse_t" errors="0" failures="0" skipped="0" tests="5" time="0.0437939167022705">
    <system-out>1..5
ok 1 - Equals
ok 2 - Equals
ok 3 - Equals
ok 4 - Equals
ok 5 - Equals
</system-out>
    <testcase name="Equals (885)" classname="spec_perl_TestNavParentFalse_t" time="0.000258922576904297" />
    <testcase name="Equals (886)" classname="spec_perl_TestNavParentFalse_t" time="8.29696655273438e-05" />
    <testcase name="Equals (887)" classname="spec_perl_TestNavParentFalse_t" time="0.000110149383544922" />
    <testcase name="Equals (888)" classname="spec_perl_TestNavParentFalse_t" time="0.000140905380249023" />
    <testcase name="Equals (889)" classname="spec_perl_TestNavParentFalse_t" time="0.000117063522338867" />
  </testsuite>
  <testsuite name="spec_perl_TestBitsSimpleLe_t" errors="0" failures="0" skipped="0" tests="14" time="0.0455820560455322">
    <system-out>1..14
ok 1 - Equals
ok 2 - Equals
ok 3 - Equals
ok 4 - Equals
ok 5 - Equals
ok 6 - Equals
ok 7 - Equals
ok 8 - Equals
ok 9 - Equals
ok 10 - Equals
ok 11 - Equals
ok 12 - Equals
ok 13 - Equals
ok 14 - Equals
</system-out>
    <testcase name="Equals (890)" classname="spec_perl_TestBitsSimpleLe_t" time="0.000301122665405273" />
    <testcase name="Equals (891)" classname="spec_perl_TestBitsSimpleLe_t" time="8.29696655273438e-05" />
    <testcase name="Equals (892)" classname="spec_perl_TestBitsSimpleLe_t" time="0.000115871429443359" />
    <testcase name="Equals (893)" classname="spec_perl_TestBitsSimpleLe_t" time="0.000142097473144531" />
    <testcase name="Equals (894)" classname="spec_perl_TestBitsSimpleLe_t" time="0.000136852264404297" />
    <testcase name="Equals (895)" classname="spec_perl_TestBitsSimpleLe_t" time="0.000143051147460938" />
    <testcase name="Equals (896)" classname="spec_perl_TestBitsSimpleLe_t" time="0.000112056732177734" />
    <testcase name="Equals (897)" classname="spec_perl_TestBitsSimpleLe_t" time="0.00011897087097168" />
    <testcase name="Equals (898)" classname="spec_perl_TestBitsSimpleLe_t" time="0.00014805793762207" />
    <testcase name="Equals (899)" classname="spec_perl_TestBitsSimpleLe_t" time="0.000113010406494141" />
    <testcase name="Equals (900)" classname="spec_perl_TestBitsSimpleLe_t" time="0.000152826309204102" />
    <testcase name="Equals (901)" classname="spec_perl_TestBitsSimpleLe_t" time="0.000108003616333008" />
    <testcase name="Equals (902)" classname="spec_perl_TestBitsSimpleLe_t" time="0.000143051147460938" />
    <testcase name="Equals (903)" classname="spec_perl_TestBitsSimpleLe_t" time="0.000111103057861328" />
  </testsuite>
  <testsuite name="spec_perl_TestEofExceptionBytes_t" errors="0" failures="0" skipped="0" tests="1" time="0.045461893081665">
    <system-out>1..1
ok 1 - Died
</system-out>
    <testcase name="Died (903)" classname="spec_perl_TestEofExceptionBytes_t" time="0.00017094612121582" />
  </testsuite>
  <testsuite name="spec_perl_TestProcessCustomNoArgs_t" errors="1" failures="0" skipped="0" tests="0" time="0.0582759380340576">
    <system-out></system-out>
    <testcase name="Test died too soon, even before plan. (903)" classname="spec_perl_TestProcessCustomNoArgs_t" time="0.0582759380340576">
      <failure message="The test suite died before a plan was produced. You need to have a plan." type="Plan">No plan</failure>
    </testcase>
  </testsuite>
  <testsuite name="spec_perl_TestExpr1_t" errors="0" failures="0" skipped="0" tests="4" time="0.0467660427093506">
    <system-out>1..4
ok 1 - Equals
ok 2 - Equals
ok 3 - Equals
ok 4 - Equals
</system-out>
    <testcase name="Equals (904)" classname="spec_perl_TestExpr1_t" time="0.000254154205322266" />
    <testcase name="Equals (905)" classname="spec_perl_TestExpr1_t" time="8.08238983154297e-05" />
    <testcase name="Equals (906)" classname="spec_perl_TestExpr1_t" time="0.000120162963867188" />
    <testcase name="Equals (907)" classname="spec_perl_TestExpr1_t" time="0.000140905380249023" />
  </testsuite>
  <testsuite name="spec_perl_TestExprBytesOps_t" errors="1" failures="0" skipped="0" tests="0" time="0.0502331256866455">
    <system-out></system-out>
    <testcase name="Test died too soon, even before plan. (907)" classname="spec_perl_TestExprBytesOps_t" time="0.0502331256866455">
      <failure message="The test suite died before a plan was produced. You need to have a plan." type="Plan">No plan</failure>
    </testcase>
  </testsuite>
  <testsuite name="spec_perl_TestNavParentSwitch_t" errors="0" failures="0" skipped="0" tests="3" time="0.0432600975036621">
    <system-out>1..3
ok 1 - Equals
ok 2 - Equals
ok 3 - Equals
</system-out>
    <testcase name="Equals (908)" classname="spec_perl_TestNavParentSwitch_t" time="0.000273942947387695" />
    <testcase name="Equals (909)" classname="spec_perl_TestNavParentSwitch_t" time="8.60691070556641e-05" />
    <testcase name="Equals (910)" classname="spec_perl_TestNavParentSwitch_t" time="0.000107049942016602" />
  </testsuite>
  <testsuite name="spec_perl_TestBcdUserTypeBe_t" errors="0" failures="0" skipped="0" tests="6" time="0.0450839996337891">
    <system-out>1..6
ok 1 - Equals
ok 2 - Equals
ok 3 - Equals
ok 4 - Equals
ok 5 - Equals
ok 6 - Equals
</system-out>
    <testcase name="Equals (911)" classname="spec_perl_TestBcdUserTypeBe_t" time="0.000586032867431641" />
    <testcase name="Equals (912)" classname="spec_perl_TestBcdUserTypeBe_t" time="9.89437103271484e-05" />
    <testcase name="Equals (913)" classname="spec_perl_TestBcdUserTypeBe_t" time="5.50746917724609e-05" />
    <testcase name="Equals (914)" classname="spec_perl_TestBcdUserTypeBe_t" time="0.000206947326660156" />
    <testcase name="Equals (915)" classname="spec_perl_TestBcdUserTypeBe_t" time="0.000131130218505859" />
    <testcase name="Equals (916)" classname="spec_perl_TestBcdUserTypeBe_t" time="0.00014805793762207" />
  </testsuite>
</testsuites>
