<?xml version='1.0' encoding='utf-8'?>
<testsuites>
  <testsuite name="spec_perl_TestSwitchIntegers_t" errors="0" failures="0" skipped="0" tests="9" time="0.0700500011444092">
    <system-out>1..9
ok 1 - Equals
ok 2 - Equals
ok 3 - Equals
ok 4 - Equals
ok 5 - Equals
ok 6 - Equals
ok 7 - Equals
ok 8 - Equals
ok 9 - Equals
</system-out>
    <testcase name="Equals" classname="spec_perl_TestSwitchIntegers_t" time="0.000635147094726562" />
    <testcase name="Equals (2)" classname="spec_perl_TestSwitchIntegers_t" time="0.00032496452331543" />
    <testcase name="Equals (3)" classname="spec_perl_TestSwitchIntegers_t" time="0.0002899169921875" />
    <testcase name="Equals (4)" classname="spec_perl_TestSwitchIntegers_t" time="0.000271081924438477" />
    <testcase name="Equals (5)" classname="spec_perl_TestSwitchIntegers_t" time="0.000277996063232422" />
    <testcase name="Equals (6)" classname="spec_perl_TestSwitchIntegers_t" time="0.000296831130981445" />
    <testcase name="Equals (7)" classname="spec_perl_TestSwitchIntegers_t" time="0.000274181365966797" />
    <testcase name="Equals (8)" classname="spec_perl_TestSwitchIntegers_t" time="0.000290870666503906" />
    <testcase name="Equals (9)" classname="spec_perl_TestSwitchIntegers_t" time="0.000268936157226562" />
  </testsuite>
  <testsuite name="spec_perl_TestEnumToI_t" errors="0" failures="0" skipped="0" tests="5" time="0.0445568561553955">
    <system-out>1..5
ok 1 - Equals
ok 2 - Equals
ok 3 - Equals
ok 4 - Equals
ok 5 - Equals
</system-out>
    <testcase name="Equals (10)" classname="spec_perl_TestEnumToI_t" time="0.000168085098266602" />
    <testcase name="Equals (11)" classname="spec_perl_TestEnumToI_t" time="6.79492950439453e-05" />
    <testcase name="Equals (12)" classname="spec_perl_TestEnumToI_t" time="0.000140905380249023" />
    <testcase name="Equals (13)" classname="spec_perl_TestEnumToI_t" time="0.000123977661132812" />
    <testcase name="Equals (14)" classname="spec_perl_TestEnumToI_t" time="0.000128030776977539" />
  </testsuite>
  <testsuite name="spec_perl_TestSwitchManualEnum_t" errors="0" failures="0" skipped="0" tests="9" time="0.0468769073486328">
    <system-out>1..9
ok 1 - Equals
ok 2 - Equals
ok 3 - Equals
ok 4 - Equals
ok 5 - Equals
ok 6 - Equals
ok 7 - Equals
ok 8 - Equals
ok 9 - Equals
</system-out>
    <testcase name="Equals (15)" classname="spec_perl_TestSwitchManualEnum_t" time="0.000341892242431641" />
    <testcase name="Equals (16)" classname="spec_perl_TestSwitchManualEnum_t" time="8.79764556884766e-05" />
    <testcase name="Equals (17)" classname="spec_perl_TestSwitchManualEnum_t" time="6.00814819335938e-05" />
    <testcase name="Equals (18)" classname="spec_perl_TestSwitchManualEnum_t" time="0.000130891799926758" />
    <testcase name="Equals (19)" classname="spec_perl_TestSwitchManualEnum_t" time="0.000134944915771484" />
    <testcase name="Equals (20)" classname="spec_perl_TestSwitchManualEnum_t" time="0.000115156173706055" />
    <testcase name="Equals (21)" classname="spec_perl_TestSwitchManualEnum_t" time="0.000146865844726562" />
    <testcase name="Equals (22)" classname="spec_perl_TestSwitchManualEnum_t" time="0.000110149383544922" />
    <testcase name="Equals (23)" classname="spec_perl_TestSwitchManualEnum_t" time="0.000149011611938477" />
  </testsuite>
  <testsuite name="spec_perl_TestIntegers_t" errors="1" failures="0" skipped="0" tests="0" time="0.0437288284301758">
    <system-out></system-out>
    <testcase name="Test died too soon, even before plan. (23)" classname="spec_perl_TestIntegers_t" time="0.0437288284301758">
      <failure message="The test suite died before a plan was produced. You need to have a plan." type="Plan">No plan</failure>
    </testcase>
  </testsuite>
  <testsuite name="spec_perl_TestSwitchManualInt_t" errors="0" failures="0" skipped="0" tests="9" time="0.0499730110168457">
    <system-out>1..9
ok 1 - Equals
ok 2 - Equals
ok 3 - Equals
ok 4 - Equals
ok 5 - Equals
ok 6 - Equals
ok 7 - Equals
ok 8 - Equals
ok 9 - Equals
</system-out>
    <testcase name="Equals (24)" classname="spec_perl_TestSwitchManualInt_t" time="0.000370025634765625" />
    <testcase name="Equals (25)" classname="spec_perl_TestSwitchManualInt_t" time="8.89301300048828e-05" />
    <testcase name="Equals (26)" classname="spec_perl_TestSwitchManualInt_t" time="8.70227813720703e-05" />
    <testcase name="Equals (27)" classname="spec_perl_TestSwitchManualInt_t" time="0.000172138214111328" />
    <testcase name="Equals (28)" classname="spec_perl_TestSwitchManualInt_t" time="0.000108003616333008" />
    <testcase name="Equals (29)" classname="spec_perl_TestSwitchManualInt_t" time="0.000164031982421875" />
    <testcase name="Equals (30)" classname="spec_perl_TestSwitchManualInt_t" time="0.00010991096496582" />
    <testcase name="Equals (31)" classname="spec_perl_TestSwitchManualInt_t" time="0.000145912170410156" />
    <testcase name="Equals (32)" classname="spec_perl_TestSwitchManualInt_t" time="0.000110149383544922" />
  </testsuite>
  <testsuite name="spec_perl_TestNestedTypes3_t" errors="0" failures="0" skipped="0" tests="5" time="0.0436379909515381">
    <system-out>1..5
ok 1 - Equals
ok 2 - Equals
ok 3 - Equals
ok 4 - Equals
ok 5 - Equals
</system-out>
    <testcase name="Equals (33)" classname="spec_perl_TestNestedTypes3_t" time="0.000235080718994141" />
    <testcase name="Equals (34)" classname="spec_perl_TestNestedTypes3_t" time="0.000108957290649414" />
    <testcase name="Equals (35)" classname="spec_perl_TestNestedTypes3_t" time="0.000114917755126953" />
    <testcase name="Equals (36)" classname="spec_perl_TestNestedTypes3_t" time="0.000135898590087891" />
    <testcase name="Equals (37)" classname="spec_perl_TestNestedTypes3_t" time="0.000132083892822266" />
  </testsuite>
  <testsuite name="spec_perl_TestStrLiterals_t" errors="0" failures="0" skipped="0" tests="5" time="0.0477979183197021">
    <system-out>1..5
ok 1 - Equals
ok 2 - Equals
ok 3 - Equals
ok 4 - Equals
ok 5 - Equals
</system-out>
    <testcase name="Equals (38)" classname="spec_perl_TestStrLiterals_t" time="0.000310182571411133" />
    <testcase name="Equals (39)" classname="spec_perl_TestStrLiterals_t" time="8.58306884765625e-05" />
    <testcase name="Equals (40)" classname="spec_perl_TestStrLiterals_t" time="0.000152111053466797" />
    <testcase name="Equals (41)" classname="spec_perl_TestStrLiterals_t" time="0.000154018402099609" />
    <testcase name="Equals (42)" classname="spec_perl_TestStrLiterals_t" time="0.000156879425048828" />
  </testsuite>
  <testsuite name="spec_perl_TestSwitchManualStrElse_t" errors="0" failures="0" skipped="0" tests="9" time="0.0480010509490967">
    <system-out>1..9
ok 1 - Equals
ok 2 - Equals
ok 3 - Equals
ok 4 - Equals
ok 5 - Equals
ok 6 - Equals
ok 7 - Equals
ok 8 - Equals
ok 9 - Equals
</system-out>
    <testcase name="Equals (43)" classname="spec_perl_TestSwitchManualStrElse_t" time="0.000360012054443359" />
    <testcase name="Equals (44)" classname="spec_perl_TestSwitchManualStrElse_t" time="9.20295715332031e-05" />
    <testcase name="Equals (45)" classname="spec_perl_TestSwitchManualStrElse_t" time="6.00814819335938e-05" />
    <testcase name="Equals (46)" classname="spec_perl_TestSwitchManualStrElse_t" time="0.000169992446899414" />
    <testcase name="Equals (47)" classname="spec_perl_TestSwitchManualStrElse_t" time="8.79764556884766e-05" />
    <testcase name="Equals (48)" classname="spec_perl_TestSwitchManualStrElse_t" time="0.000174999237060547" />
    <testcase name="Equals (49)" classname="spec_perl_TestSwitchManualStrElse_t" time="0.000123977661132812" />
    <testcase name="Equals (50)" classname="spec_perl_TestSwitchManualStrElse_t" time="0.000144004821777344" />
    <testcase name="Equals (51)" classname="spec_perl_TestSwitchManualStrElse_t" time="0.000125885009765625" />
  </testsuite>
  <testsuite name="spec_perl_TestParamsCallExtraParens_t" errors="0" failures="1" skipped="0" tests="1" time="0.05069899559021">
    <system-out>1..1
not ok 1 - Equals
</system-out>
    <testcase name="Equals (52)" classname="spec_perl_TestParamsCallExtraParens_t" time="0.00262308120727539">
      <failure message="not ok 1 - Equals" type="TAP::Parser::Result::Test"></failure>
    </testcase>
  </testsuite>
  <testsuite name="spec_perl_TestIndexToParamUntil_t" errors="0" failures="2" skipped="0" tests="7" time="0.0676209926605225">
    <system-out>1..7
ok 1 - Equals
ok 2 - Equals
ok 3 - Equals
ok 4 - Equals
ok 5 - Equals
not ok 6 - Equals
not ok 7 - Equals
</system-out>
    <testcase name="Equals (53)" classname="spec_perl_TestIndexToParamUntil_t" time="0.000720977783203125" />
    <testcase name="Equals (54)" classname="spec_perl_TestIndexToParamUntil_t" time="0.000566005706787109" />
    <testcase name="Equals (55)" classname="spec_perl_TestIndexToParamUntil_t" time="0.000432014465332031" />
    <testcase name="Equals (56)" classname="spec_perl_TestIndexToParamUntil_t" time="0.000360012054443359" />
    <testcase name="Equals (57)" classname="spec_perl_TestIndexToParamUntil_t" time="0.000369071960449219" />
    <testcase name="Equals (58)" classname="spec_perl_TestIndexToParamUntil_t" time="0.000454902648925781">
      <failure message="not ok 6 - Equals" type="TAP::Parser::Result::Test"></failure>
    </testcase>
    <testcase name="Equals (59)" classname="spec_perl_TestIndexToParamUntil_t" time="0.00108504295349121">
      <failure message="not ok 7 - Equals" type="TAP::Parser::Result::Test"></failure>
    </testcase>
  </testsuite>
  <testsuite name="spec_perl_TestStrEncodings_t" errors="0" failures="0" skipped="0" tests="4" time="0.0707249641418457">
    <system-out>1..4
ok 1 - Equals
ok 2 - Equals
ok 3 - Equals
ok 4 - Equals
</system-out>
    <testcase name="Equals (60)" classname="spec_perl_TestStrEncodings_t" time="0.0234689712524414" />
    <testcase name="Equals (61)" classname="spec_perl_TestStrEncodings_t" time="0.000131130218505859" />
    <testcase name="Equals (62)" classname="spec_perl_TestStrEncodings_t" time="5.88893890380859e-05" />
    <testcase name="Equals (63)" classname="spec_perl_TestStrEncodings_t" time="0.000112056732177734" />
  </testsuite>
  <testsuite name="spec_perl_TestCastNested_t" errors="0" failures="0" skipped="0" tests="4" time="0.049454927444458">
    <system-out>1..4
ok 1 - Equals
ok 2 - Equals
ok 3 - Equals
ok 4 - Equals
</system-out>
    <testcase name="Equals (64)" classname="spec_perl_TestCastNested_t" time="0.000451087951660156" />
    <testcase name="Equals (65)" classname="spec_perl_TestCastNested_t" time="9.29832458496094e-05" />
    <testcase name="Equals (66)" classname="spec_perl_TestCastNested_t" time="0.000138998031616211" />
    <testcase name="Equals (67)" classname="spec_perl_TestCastNested_t" time="0.00014495849609375" />
  </testsuite>
  <testsuite name="spec_perl_TestExprMod_t" errors="0" failures="0" skipped="0" tests="6" time="0.0444228649139404">
    <system-out>1..6
ok 1 - Equals
ok 2 - Equals
ok 3 - Equals
ok 4 - Equals
ok 5 - Equals
ok 6 - Equals
</system-out>
    <testcase name="Equals (68)" classname="spec_perl_TestExprMod_t" time="0.000176191329956055" />
    <testcase name="Equals (69)" classname="spec_perl_TestExprMod_t" time="7.08103179931641e-05" />
    <testcase name="Equals (70)" classname="spec_perl_TestExprMod_t" time="0.000164031982421875" />
    <testcase name="Equals (71)" classname="spec_perl_TestExprMod_t" time="8.91685485839844e-05" />
    <testcase name="Equals (72)" classname="spec_perl_TestExprMod_t" time="0.000140905380249023" />
    <testcase name="Equals (73)" classname="spec_perl_TestExprMod_t" time="0.000123977661132812" />
  </testsuite>
  <testsuite name="spec_perl_TestProcessRepeatUsertype_t" errors="0" failures="0" skipped="0" tests="4" time="0.0457048416137695">
    <system-out>1..4
ok 1 - Equals
ok 2 - Equals
ok 3 - Equals
ok 4 - Equals
</system-out>
    <testcase name="Equals (74)" classname="spec_perl_TestProcessRepeatUsertype_t" time="0.000752925872802734" />
    <testcase name="Equals (75)" classname="spec_perl_TestProcessRepeatUsertype_t" time="0.000116109848022461" />
    <testcase name="Equals (76)" classname="spec_perl_TestProcessRepeatUsertype_t" time="4.88758087158203e-05" />
    <testcase name="Equals (77)" classname="spec_perl_TestProcessRepeatUsertype_t" time="5.50746917724609e-05" />
  </testsuite>
  <testsuite name="spec_perl_TestDefaultEndianMod_t" errors="0" failures="0" skipped="0" tests="3" time="0.043306827545166">
    <system-out>1..3
ok 1 - Equals
ok 2 - Equals
ok 3 - Equals
</system-out>
    <testcase name="Equals (78)" classname="spec_perl_TestDefaultEndianMod_t" time="0.000315189361572266" />
    <testcase name="Equals (79)" classname="spec_perl_TestDefaultEndianMod_t" time="0.000186920166015625" />
    <testcase name="Equals (80)" classname="spec_perl_TestDefaultEndianMod_t" time="0.000101089477539062" />
  </testsuite>
  <testsuite name="spec_perl_TestSwitchManualStr_t" errors="0" failures="0" skipped="0" tests="9" time="0.0466580390930176">
    <system-out>1..9
ok 1 - Equals
ok 2 - Equals
ok 3 - Equals
ok 4 - Equals
ok 5 - Equals
ok 6 - Equals
ok 7 - Equals
ok 8 - Equals
ok 9 - Equals
</system-out>
    <testcase name="Equals (81)" classname="spec_perl_TestSwitchManualStr_t" time="0.000329971313476562" />
    <testcase name="Equals (82)" classname="spec_perl_TestSwitchManualStr_t" time="8.392333984375e-05" />
    <testcase name="Equals (83)" classname="spec_perl_TestSwitchManualStr_t" time="0.000111103057861328" />
    <testcase name="Equals (84)" classname="spec_perl_TestSwitchManualStr_t" time="0.000159025192260742" />
    <testcase name="Equals (85)" classname="spec_perl_TestSwitchManualStr_t" time="9.98973846435547e-05" />
    <testcase name="Equals (86)" classname="spec_perl_TestSwitchManualStr_t" time="0.000147104263305664" />
    <testcase name="Equals (87)" classname="spec_perl_TestSwitchManualStr_t" time="0.000114917755126953" />
    <testcase name="Equals (88)" classname="spec_perl_TestSwitchManualStr_t" time="0.000149011611938477" />
    <testcase name="Equals (89)" classname="spec_perl_TestSwitchManualStr_t" time="0.000117063522338867" />
  </testsuite>
  <testsuite name="spec_perl_TestExprArray_t" errors="0" failures="1" skipped="0" tests="15" time="0.0521540641784668">
    <system-out>1..15
ok 1 - Equals
ok 2 - Equals
ok 3 - Equals
ok 4 - Equals
ok 5 - Equals
ok 6 - Equals
ok 7 - Equals
ok 8 - Equals
not ok 9 - Equals
ok 10 - Equals
ok 11 - Equals
ok 12 - Equals
ok 13 - Equals
ok 14 - Equals
ok 15 - Equals
</system-out>
    <testcase name="Equals (90)" classname="spec_perl_TestExprArray_t" time="0.000381231307983398" />
    <testcase name="Equals (91)" classname="spec_perl_TestExprArray_t" time="0.000126838684082031" />
    <testcase name="Equals (92)" classname="spec_perl_TestExprArray_t" time="5.91278076171875e-05" />
    <testcase name="Equals (93)" classname="spec_perl_TestExprArray_t" time="9.48905944824219e-05" />
    <testcase name="Equals (94)" classname="spec_perl_TestExprArray_t" time="0.000152111053466797" />
    <testcase name="Equals (95)" classname="spec_perl_TestExprArray_t" time="0.000102996826171875" />
    <testcase name="Equals (96)" classname="spec_perl_TestExprArray_t" time="0.000181913375854492" />
    <testcase name="Equals (97)" classname="spec_perl_TestExprArray_t" time="0.000111103057861328" />
    <testcase name="Equals (98)" classname="spec_perl_TestExprArray_t" time="0.000221014022827148">
      <failure message="not ok 9 - Equals" type="TAP::Parser::Result::Test"></failure>
    </testcase>
    <testcase name="Equals (99)" classname="spec_perl_TestExprArray_t" time="0.00383281707763672" />
    <testcase name="Equals (100)" classname="spec_perl_TestExprArray_t" time="5.81741333007812e-05" />
    <testcase name="Equals (101)" classname="spec_perl_TestExprArray_t" time="3.19480895996094e-05" />
    <testcase name="Equals (102)" classname="spec_perl_TestExprArray_t" time="2.88486480712891e-05" />
    <testcase name="Equals (103)" classname="spec_perl_TestExprArray_t" time="3.814697265625e-05" />
    <testcase name="Equals (104)" classname="spec_perl_TestExprArray_t" time="2.88486480712891e-05" />
  </testsuite>
  <testsuite name="spec_perl_TestValidSwitch_t" errors="1" failures="0" skipped="0" tests="0" time="0.0438220500946045">
    <system-out></system-out>
    <testcase name="Test died too soon, even before plan. (104)" classname="spec_perl_TestValidSwitch_t" time="0.0438220500946045">
      <failure message="The test suite died before a plan was produced. You need to have a plan." type="Plan">No plan</failure>
    </testcase>
  </testsuite>
  <testsuite name="spec_perl_TestExprBytesCmp_t" errors="0" failures="0" skipped="0" tests="10" time="0.0520639419555664">
    <system-out>1..10
ok 1 - Equals
ok 2 - Equals
ok 3 - Equals
ok 4 - Equals
ok 5 - Equals
ok 6 - Equals
ok 7 - Equals
ok 8 - Equals
ok 9 - Equals
ok 10 - Equals
</system-out>
    <testcase name="Equals (105)" classname="spec_perl_TestExprBytesCmp_t" time="0.000311136245727539" />
    <testcase name="Equals (106)" classname="spec_perl_TestExprBytesCmp_t" time="8.48770141601562e-05" />
    <testcase name="Equals (107)" classname="spec_perl_TestExprBytesCmp_t" time="0.000185012817382812" />
    <testcase name="Equals (108)" classname="spec_perl_TestExprBytesCmp_t" time="9.10758972167969e-05" />
    <testcase name="Equals (109)" classname="spec_perl_TestExprBytesCmp_t" time="0.000133037567138672" />
    <testcase name="Equals (110)" classname="spec_perl_TestExprBytesCmp_t" time="0.000149965286254883" />
    <testcase name="Equals (111)" classname="spec_perl_TestExprBytesCmp_t" time="0.000126838684082031" />
    <testcase name="Equals (112)" classname="spec_perl_TestExprBytesCmp_t" time="0.000193119049072266" />
    <testcase name="Equals (113)" classname="spec_perl_TestExprBytesCmp_t" time="0.000130891799926758" />
    <testcase name="Equals (114)" classname="spec_perl_TestExprBytesCmp_t" time="0.000158071517944336" />
  </testsuite>
  <testsuite name="spec_perl_TestRepeatNStruct_t" errors="0" failures="0" skipped="0" tests="5" time="0.0444538593292236">
    <system-out>1..5
ok 1 - Equals
ok 2 - Equals
ok 3 - Equals
ok 4 - Equals
ok 5 - Equals
</system-out>
    <testcase name="Equals (115)" classname="spec_perl_TestRepeatNStruct_t" time="0.000178098678588867" />
    <testcase name="Equals (116)" classname="spec_perl_TestRepeatNStruct_t" time="0.000132083892822266" />
    <testcase name="Equals (117)" classname="spec_perl_TestRepeatNStruct_t" time="0.000123977661132812" />
    <testcase name="Equals (118)" classname="spec_perl_TestRepeatNStruct_t" time="0.000134944915771484" />
    <testcase name="Equals (119)" classname="spec_perl_TestRepeatNStruct_t" time="0.000143051147460938" />
  </testsuite>
  <testsuite name="spec_perl_TestNavParent3_t" errors="0" failures="0" skipped="0" tests="10" time="0.0486319065093994">
    <system-out>1..10
ok 1 - Equals
ok 2 - Equals
ok 3 - Equals
ok 4 - Equals
ok 5 - Equals
ok 6 - Equals
ok 7 - Equals
ok 8 - Equals
ok 9 - Equals
ok 10 - Equals
</system-out>
    <testcase name="Equals (120)" classname="spec_perl_TestNavParent3_t" time="0.000241994857788086" />
    <testcase name="Equals (121)" classname="spec_perl_TestNavParent3_t" time="7.82012939453125e-05" />
    <testcase name="Equals (122)" classname="spec_perl_TestNavParent3_t" time="0.000185966491699219" />
    <testcase name="Equals (123)" classname="spec_perl_TestNavParent3_t" time="9.98973846435547e-05" />
    <testcase name="Equals (124)" classname="spec_perl_TestNavParent3_t" time="0.000154972076416016" />
    <testcase name="Equals (125)" classname="spec_perl_TestNavParent3_t" time="0.000180959701538086" />
    <testcase name="Equals (126)" classname="spec_perl_TestNavParent3_t" time="0.000116109848022461" />
    <testcase name="Equals (127)" classname="spec_perl_TestNavParent3_t" time="0.000132083892822266" />
    <testcase name="Equals (128)" classname="spec_perl_TestNavParent3_t" time="0.000142812728881836" />
    <testcase name="Equals (129)" classname="spec_perl_TestNavParent3_t" time="0.000179052352905273" />
  </testsuite>
  <testsuite name="spec_perl_TestJsSignedRightShift_t" errors="0" failures="0" skipped="0" tests="2" time="0.0427298545837402">
    <system-out>1..2
ok 1 - Equals
ok 2 - Equals
</system-out>
    <testcase name="Equals (130)" classname="spec_perl_TestJsSignedRightShift_t" time="0.000239849090576172" />
    <testcase name="Equals (131)" classname="spec_perl_TestJsSignedRightShift_t" time="9.60826873779297e-05" />
  </testsuite>
  <testsuite name="spec_perl_TestProcessCoerceUsertype1_t" errors="0" failures="0" skipped="0" tests="4" time="0.043950080871582">
    <system-out>1..4
ok 1 - Equals
ok 2 - Equals
ok 3 - Equals
ok 4 - Equals
</system-out>
    <testcase name="Equals (132)" classname="spec_perl_TestProcessCoerceUsertype1_t" time="0.000538110733032227" />
    <testcase name="Equals (133)" classname="spec_perl_TestProcessCoerceUsertype1_t" time="9.70363616943359e-05" />
    <testcase name="Equals (134)" classname="spec_perl_TestProcessCoerceUsertype1_t" time="5.88893890380859e-05" />
    <testcase name="Equals (135)" classname="spec_perl_TestProcessCoerceUsertype1_t" time="0.000154018402099609" />
  </testsuite>
  <testsuite name="spec_perl_TestFixedContents_t" errors="1" failures="0" skipped="0" tests="0" time="0.0558550357818604">
    <system-out></system-out>
    <testcase name="Test died too soon, even before plan. (135)" classname="spec_perl_TestFixedContents_t" time="0.0558550357818604">
      <failure message="The test suite died before a plan was produced. You need to have a plan." type="Plan">No plan</failure>
    </testcase>
  </testsuite>
  <testsuite name="spec_perl_TestRepeatEosBit_t" errors="0" failures="1" skipped="0" tests="1" time="0.0454039573669434">
    <system-out>1..1
not ok 1 - Equals
</system-out>
    <testcase name="Equals (136)" classname="spec_perl_TestRepeatEosBit_t" time="0.000329017639160156">
      <failure message="not ok 1 - Equals" type="TAP::Parser::Result::Test"></failure>
    </testcase>
  </testsuite>
  <testsuite name="spec_perl_TestBcdUserTypeLe_t" errors="0" failures="0" skipped="0" tests="6" time="0.046083927154541">
    <system-out>1..6
ok 1 - Equals
ok 2 - Equals
ok 3 - Equals
ok 4 - Equals
ok 5 - Equals
ok 6 - Equals
</system-out>
    <testcase name="Equals (137)" classname="spec_perl_TestBcdUserTypeLe_t" time="0.000643014907836914" />
    <testcase name="Equals (138)" classname="spec_perl_TestBcdUserTypeLe_t" time="0.000103950500488281" />
    <testcase name="Equals (139)" classname="spec_perl_TestBcdUserTypeLe_t" time="6.00814819335938e-05" />
    <testcase name="Equals (140)" classname="spec_perl_TestBcdUserTypeLe_t" time="0.000149011611938477" />
    <testcase name="Equals (141)" classname="spec_perl_TestBcdUserTypeLe_t" time="0.000200033187866211" />
    <testcase name="Equals (142)" classname="spec_perl_TestBcdUserTypeLe_t" time="8.48770141601562e-05" />
  </testsuite>
  <testsuite name="spec_perl_TestTsPacketHeader_t" errors="0" failures="0" skipped="0" tests="7" time="0.0435400009155273">
    <system-out>1..7
ok 1 - Equals
ok 2 - Equals
ok 3 - Equals
ok 4 - Equals
ok 5 - Equals
ok 6 - Equals
ok 7 - Equals
</system-out>
    <testcase name="Equals (143)" classname="spec_perl_TestTsPacketHeader_t" time="0.000276088714599609" />
    <testcase name="Equals (144)" classname="spec_perl_TestTsPacketHeader_t" time="0.000115871429443359" />
    <testcase name="Equals (145)" classname="spec_perl_TestTsPacketHeader_t" time="6.60419464111328e-05" />
    <testcase name="Equals (146)" classname="spec_perl_TestTsPacketHeader_t" time="0.000146150588989258" />
    <testcase name="Equals (147)" classname="spec_perl_TestTsPacketHeader_t" time="0.000103950500488281" />
    <testcase name="Equals (148)" classname="spec_perl_TestTsPacketHeader_t" time="0.000140905380249023" />
    <testcase name="Equals (149)" classname="spec_perl_TestTsPacketHeader_t" time="0.00011897087097168" />
  </testsuite>
  <testsuite name="spec_perl_TestExprSizeofValue0_t" errors="0" failures="0" skipped="0" tests="5" time="0.0446159839630127">
    <system-out>1..5
ok 1 - Equals
ok 2 - Equals
ok 3 - Equals
ok 4 - Equals
ok 5 - Equals
</system-out>
    <testcase name="Equals (150)" classname="spec_perl_TestExprSizeofValue0_t" time="0.000317096710205078" />
    <testcase name="Equals (151)" classname="spec_perl_TestExprSizeofValue0_t" time="8.392333984375e-05" />
    <testcase name="Equals (152)" classname="spec_perl_TestExprSizeofValue0_t" time="0.000136137008666992" />
    <testcase name="Equals (153)" classname="spec_perl_TestExprSizeofValue0_t" time="0.00010991096496582" />
    <testcase name="Equals (154)" classname="spec_perl_TestExprSizeofValue0_t" time="0.000159025192260742" />
  </testsuite>
  <testsuite name="spec_perl_TestCombineBool_t" errors="0" failures="0" skipped="0" tests="2" time="0.0440628528594971">
    <system-out>1..2
ok 1 - Equals
ok 2 - Equals
</system-out>
    <testcase name="Equals (155)" classname="spec_perl_TestCombineBool_t" time="0.000239849090576172" />
    <testcase name="Equals (156)" classname="spec_perl_TestCombineBool_t" time="7.82012939453125e-05" />
  </testsuite>
  <testsuite name="spec_perl_TestEnumInvalid_t" errors="0" failures="0" skipped="0" tests="2" time="0.0421648025512695">
    <system-out>1..2
ok 1 - Equals
ok 2 - Equals
</system-out>
    <testcase name="Equals (157)" classname="spec_perl_TestEnumInvalid_t" time="0.000172138214111328" />
    <testcase name="Equals (158)" classname="spec_perl_TestEnumInvalid_t" time="0.000113010406494141" />
  </testsuite>
  <testsuite name="spec_perl_TestStrPadTermEmpty_t" errors="0" failures="0" skipped="0" tests="4" time="0.048853874206543">
    <system-out>1..4
ok 1 - Equals
ok 2 - Equals
ok 3 - Equals
ok 4 - Equals
</system-out>
    <testcase name="Equals (159)" classname="spec_perl_TestStrPadTermEmpty_t" time="0.000425100326538086" />
    <testcase name="Equals (160)" classname="spec_perl_TestStrPadTermEmpty_t" time="9.48905944824219e-05" />
    <testcase name="Equals (161)" classname="spec_perl_TestStrPadTermEmpty_t" time="5.79357147216797e-05" />
    <testcase name="Equals (162)" classname="spec_perl_TestStrPadTermEmpty_t" time="0.000168085098266602" />
  </testsuite>
  <testsuite name="spec_perl_TestMetaXref_t" errors="0" failures="0" skipped="1" tests="1" time="0.0461270809173584">
    <system-out>1..1
ok 1 # skip MetaXref=HASH(0x20d93f0)
</system-out>
    <testcase name="Unnamed test case 162" classname="spec_perl_TestMetaXref_t" time="0.00142621994018555">
      <skipped message="ok 1 # skip MetaXref=HASH(0x20d93f0)" />
    </testcase>
  </testsuite>
  <testsuite name="spec_perl_TestOpaqueExternalType02Parent_t" errors="0" failures="0" skipped="0" tests="3" time="0.0470538139343262">
    <system-out>1..3
ok 1 - Equals
ok 2 - Equals
ok 3 - Equals
</system-out>
    <testcase name="Equals (163)" classname="spec_perl_TestOpaqueExternalType02Parent_t" time="0.000390052795410156" />
    <testcase name="Equals (164)" classname="spec_perl_TestOpaqueExternalType02Parent_t" time="0.000134944915771484" />
    <testcase name="Equals (165)" classname="spec_perl_TestOpaqueExternalType02Parent_t" time="5.81741333007812e-05" />
  </testsuite>
  <testsuite name="spec_perl_TestRepeatUntilSized_t" errors="0" failures="0" skipped="0" tests="7" time="0.0471041202545166">
    <system-out>1..7
ok 1 - Equals
ok 2 - Equals
ok 3 - Equals
ok 4 - Equals
ok 5 - Equals
ok 6 - Equals
ok 7 - Equals
</system-out>
    <testcase name="Equals (166)" classname="spec_perl_TestRepeatUntilSized_t" time="0.000596046447753906" />
    <testcase name="Equals (167)" classname="spec_perl_TestRepeatUntilSized_t" time="0.000103950500488281" />
    <testcase name="Equals (168)" classname="spec_perl_TestRepeatUntilSized_t" time="6.103515625e-05" />
    <testcase name="Equals (169)" classname="spec_perl_TestRepeatUntilSized_t" time="0.000106096267700195" />
    <testcase name="Equals (170)" classname="spec_perl_TestRepeatUntilSized_t" time="0.000131845474243164" />
    <testcase name="Equals (171)" classname="spec_perl_TestRepeatUntilSized_t" time="0.000142097473144531" />
    <testcase name="Equals (172)" classname="spec_perl_TestRepeatUntilSized_t" time="0.000107049942016602" />
  </testsuite>
  <testsuite name="spec_perl_TestSwitchCast_t" errors="0" failures="0" skipped="0" tests="2" time="0.0462889671325684">
    <system-out>1..2
ok 1 - Equals
ok 2 - Equals
</system-out>
    <testcase name="Equals (173)" classname="spec_perl_TestSwitchCast_t" time="0.000279903411865234" />
    <testcase name="Equals (174)" classname="spec_perl_TestSwitchCast_t" time="7.91549682617188e-05" />
  </testsuite>
  <testsuite name="spec_perl_TestEnumImport_t" errors="0" failures="2" skipped="0" tests="2" time="0.0538871288299561">
    <system-out>1..2
not ok 1 - Equals
not ok 2 - Equals
</system-out>
    <testcase name="Equals (175)" classname="spec_perl_TestEnumImport_t" time="0.000198841094970703">
      <failure message="not ok 1 - Equals" type="TAP::Parser::Result::Test"></failure>
    </testcase>
    <testcase name="Equals (176)" classname="spec_perl_TestEnumImport_t" time="0.000313997268676758">
      <failure message="not ok 2 - Equals" type="TAP::Parser::Result::Test"></failure>
    </testcase>
  </testsuite>
  <testsuite name="spec_perl_TestRepeatEosU4_t" errors="0" failures="0" skipped="0" tests="1" time="0.0447189807891846">
    <system-out>1..1
ok 1 - Equals
</system-out>
    <testcase name="Equals (177)" classname="spec_perl_TestRepeatEosU4_t" time="0.000270843505859375" />
  </testsuite>
  <testsuite name="spec_perl_TestCombineStr_t" errors="0" failures="0" skipped="0" tests="15" time="0.0502791404724121">
    <system-out>1..15
ok 1 - Equals
ok 2 - Equals
ok 3 - Equals
ok 4 - Equals
ok 5 - Equals
ok 6 - Equals
ok 7 - Equals
ok 8 - Equals
ok 9 - Equals
ok 10 - Equals
ok 11 - Equals
ok 12 - Equals
ok 13 - Equals
ok 14 - Equals
ok 15 - Equals
</system-out>
    <testcase name="Equals (178)" classname="spec_perl_TestCombineStr_t" time="0.000308036804199219" />
    <testcase name="Equals (179)" classname="spec_perl_TestCombineStr_t" time="8.10623168945312e-05" />
    <testcase name="Equals (180)" classname="spec_perl_TestCombineStr_t" time="8.98838043212891e-05" />
    <testcase name="Equals (181)" classname="spec_perl_TestCombineStr_t" time="0.00018310546875" />
    <testcase name="Equals (182)" classname="spec_perl_TestCombineStr_t" time="0.000206947326660156" />
    <testcase name="Equals (183)" classname="spec_perl_TestCombineStr_t" time="7.10487365722656e-05" />
    <testcase name="Equals (184)" classname="spec_perl_TestCombineStr_t" time="0.000147819519042969" />
    <testcase name="Equals (185)" classname="spec_perl_TestCombineStr_t" time="0.000117063522338867" />
    <testcase name="Equals (186)" classname="spec_perl_TestCombineStr_t" time="0.000142097473144531" />
    <testcase name="Equals (187)" classname="spec_perl_TestCombineStr_t" time="0.000116825103759766" />
    <testcase name="Equals (188)" classname="spec_perl_TestCombineStr_t" time="0.000161170959472656" />
    <testcase name="Equals (189)" classname="spec_perl_TestCombineStr_t" time="0.000125885009765625" />
    <testcase name="Equals (190)" classname="spec_perl_TestCombineStr_t" time="0.000142097473144531" />
    <testcase name="Equals (191)" classname="spec_perl_TestCombineStr_t" time="0.000144004821777344" />
    <testcase name="Equals (192)" classname="spec_perl_TestCombineStr_t" time="0.00011897087097168" />
  </testsuite>
  <testsuite name="spec_perl_TestNavParent_t" errors="0" failures="0" skipped="0" tests="5" time="0.0490458011627197">
    <system-out>1..5
ok 1 - Equals
ok 2 - Equals
ok 3 - Equals
ok 4 - Equals
ok 5 - Equals
</system-out>
    <testcase name="Equals (193)" classname="spec_perl_TestNavParent_t" time="0.000355958938598633" />
    <testcase name="Equals (194)" classname="spec_perl_TestNavParent_t" time="0.000124931335449219" />
    <testcase name="Equals (195)" classname="spec_perl_TestNavParent_t" time="6.19888305664062e-05" />
    <testcase name="Equals (196)" classname="spec_perl_TestNavParent_t" time="0.000136137008666992" />
    <testcase name="Equals (197)" classname="spec_perl_TestNavParent_t" time="0.000120878219604492" />
  </testsuite>
  <testsuite name="spec_perl_TestEnumIntRangeU_t" errors="0" failures="0" skipped="0" tests="2" time="0.0427181720733643">
    <system-out>1..2
ok 1 - Equals
ok 2 - Equals
</system-out>
    <testcase name="Equals (198)" classname="spec_perl_TestEnumIntRangeU_t" time="0.000171899795532227" />
    <testcase name="Equals (199)" classname="spec_perl_TestEnumIntRangeU_t" time="0.000113964080810547" />
  </testsuite>
  <testsuite name="spec_perl_TestTypeTernaryOpaque_t" errors="0" failures="0" skipped="0" tests="3" time="0.0509860515594482">
    <system-out>1..3
ok 1 - Equals
ok 2 - Equals
ok 3 - Equals
</system-out>
    <testcase name="Equals (200)" classname="spec_perl_TestTypeTernaryOpaque_t" time="0.000747919082641602" />
    <testcase name="Equals (201)" classname="spec_perl_TestTypeTernaryOpaque_t" time="0.000102996826171875" />
    <testcase name="Equals (202)" classname="spec_perl_TestTypeTernaryOpaque_t" time="6.41345977783203e-05" />
  </testsuite>
  <testsuite name="spec_perl_TestProcessXorConst_t" errors="0" failures="0" skipped="0" tests="2" time="0.0429108142852783">
    <system-out>1..2
ok 1 - Equals
ok 2 - Equals
</system-out>
    <testcase name="Equals (203)" classname="spec_perl_TestProcessXorConst_t" time="0.000235795974731445" />
    <testcase name="Equals (204)" classname="spec_perl_TestProcessXorConst_t" time="8.0108642578125e-05" />
  </testsuite>
  <testsuite name="spec_perl_TestInstanceStdArray_t" errors="0" failures="0" skipped="0" tests="7" time="0.0449459552764893">
    <system-out>1..7
ok 1 - Equals
ok 2 - Equals
ok 3 - Equals
ok 4 - Equals
ok 5 - Equals
ok 6 - Equals
ok 7 - Equals
</system-out>
    <testcase name="Equals (205)" classname="spec_perl_TestInstanceStdArray_t" time="0.000227928161621094" />
    <testcase name="Equals (206)" classname="spec_perl_TestInstanceStdArray_t" time="9.60826873779297e-05" />
    <testcase name="Equals (207)" classname="spec_perl_TestInstanceStdArray_t" time="0.000150918960571289" />
    <testcase name="Equals (208)" classname="spec_perl_TestInstanceStdArray_t" time="0.000158071517944336" />
    <testcase name="Equals (209)" classname="spec_perl_TestInstanceStdArray_t" time="0.000111103057861328" />
    <testcase name="Equals (210)" classname="spec_perl_TestInstanceStdArray_t" time="0.000145912170410156" />
    <testcase name="Equals (211)" classname="spec_perl_TestInstanceStdArray_t" time="0.000133991241455078" />
  </testsuite>
  <testsuite name="spec_perl_TestSwitchBytearray_t" errors="0" failures="0" skipped="0" tests="9" time="0.048508882522583">
    <system-out>1..9
ok 1 - Equals
ok 2 - Equals
ok 3 - Equals
ok 4 - Equals
ok 5 - Equals
ok 6 - Equals
ok 7 - Equals
ok 8 - Equals
ok 9 - Equals
</system-out>
    <testcase name="Equals (212)" classname="spec_perl_TestSwitchBytearray_t" time="0.000310897827148438" />
    <testcase name="Equals (213)" classname="spec_perl_TestSwitchBytearray_t" time="8.70227813720703e-05" />
    <testcase name="Equals (214)" classname="spec_perl_TestSwitchBytearray_t" time="8.20159912109375e-05" />
    <testcase name="Equals (215)" classname="spec_perl_TestSwitchBytearray_t" time="0.000142097473144531" />
    <testcase name="Equals (216)" classname="spec_perl_TestSwitchBytearray_t" time="0.00014185905456543" />
    <testcase name="Equals (217)" classname="spec_perl_TestSwitchBytearray_t" time="0.000138998031616211" />
    <testcase name="Equals (218)" classname="spec_perl_TestSwitchBytearray_t" time="0.000117063522338867" />
    <testcase name="Equals (219)" classname="spec_perl_TestSwitchBytearray_t" time="0.000139951705932617" />
    <testcase name="Equals (220)" classname="spec_perl_TestSwitchBytearray_t" time="0.000117063522338867" />
  </testsuite>
  <testsuite name="spec_perl_TestBcdUserTypeBe_t" errors="0" failures="0" skipped="0" tests="6" time="0.0447688102722168">
    <system-out>1..6
ok 1 - Equals
ok 2 - Equals
ok 3 - Equals
ok 4 - Equals
ok 5 - Equals
ok 6 - Equals
</system-out>
    <testcase name="Equals (221)" classname="spec_perl_TestBcdUserTypeBe_t" time="0.000569820404052734" />
    <testcase name="Equals (222)" classname="spec_perl_TestBcdUserTypeBe_t" time="0.000105142593383789" />
    <testcase name="Equals (223)" classname="spec_perl_TestBcdUserTypeBe_t" time="5.88893890380859e-05" />
    <testcase name="Equals (224)" classname="spec_perl_TestBcdUserTypeBe_t" time="0.000171184539794922" />
    <testcase name="Equals (225)" classname="spec_perl_TestBcdUserTypeBe_t" time="0.000129938125610352" />
    <testcase name="Equals (226)" classname="spec_perl_TestBcdUserTypeBe_t" time="0.000139951705932617" />
  </testsuite>
  <testsuite name="spec_perl_TestRepeatUntilS4_t" errors="0" failures="0" skipped="0" tests="2" time="0.0479109287261963">
    <system-out>1..2
ok 1 - Equals
ok 2 - Equals
</system-out>
    <testcase name="Equals (227)" classname="spec_perl_TestRepeatUntilS4_t" time="0.000292062759399414" />
    <testcase name="Equals (228)" classname="spec_perl_TestRepeatUntilS4_t" time="8.48770141601562e-05" />
  </testsuite>
  <testsuite name="spec_perl_TestNavParentOverride_t" errors="0" failures="0" skipped="0" tests="3" time="0.0452938079833984">
    <system-out>1..3
ok 1 - Equals
ok 2 - Equals
ok 3 - Equals
</system-out>
    <testcase name="Equals (229)" classname="spec_perl_TestNavParentOverride_t" time="0.000337839126586914" />
    <testcase name="Equals (230)" classname="spec_perl_TestNavParentOverride_t" time="8.70227813720703e-05" />
    <testcase name="Equals (231)" classname="spec_perl_TestNavParentOverride_t" time="8.10623168945312e-05" />
  </testsuite>
  <testsuite name="spec_perl_TestImportsAbs_t" errors="0" failures="0" skipped="0" tests="2" time="0.042902946472168">
    <system-out>1..2
ok 1 - Equals
ok 2 - Equals
</system-out>
    <testcase name="Equals (232)" classname="spec_perl_TestImportsAbs_t" time="0.000236988067626953" />
    <testcase name="Equals (233)" classname="spec_perl_TestImportsAbs_t" time="8.20159912109375e-05" />
  </testsuite>
  <testsuite name="spec_perl_TestBitsByteAligned_t" errors="0" failures="0" skipped="0" tests="9" time="0.0459730625152588">
    <system-out>1..9
ok 1 - Equals
ok 2 - Equals
ok 3 - Equals
ok 4 - Equals
ok 5 - Equals
ok 6 - Equals
ok 7 - Equals
ok 8 - Equals
ok 9 - Equals
</system-out>
    <testcase name="Equals (234)" classname="spec_perl_TestBitsByteAligned_t" time="0.000338077545166016" />
    <testcase name="Equals (235)" classname="spec_perl_TestBitsByteAligned_t" time="9.17911529541016e-05" />
    <testcase name="Equals (236)" classname="spec_perl_TestBitsByteAligned_t" time="8.91685485839844e-05" />
    <testcase name="Equals (237)" classname="spec_perl_TestBitsByteAligned_t" time="0.000150918960571289" />
    <testcase name="Equals (238)" classname="spec_perl_TestBitsByteAligned_t" time="0.000128030776977539" />
    <testcase name="Equals (239)" classname="spec_perl_TestBitsByteAligned_t" time="0.000135898590087891" />
    <testcase name="Equals (240)" classname="spec_perl_TestBitsByteAligned_t" time="0.00012516975402832" />
    <testcase name="Equals (241)" classname="spec_perl_TestBitsByteAligned_t" time="0.000152826309204102" />
    <testcase name="Equals (242)" classname="spec_perl_TestBitsByteAligned_t" time="0.000121116638183594" />
  </testsuite>
  <testsuite name="spec_perl_TestSwitchManualIntSizeEos_t" errors="0" failures="0" skipped="0" tests="10" time="0.0504179000854492">
    <system-out>1..10
ok 1 - Equals
ok 2 - Equals
ok 3 - Equals
ok 4 - Equals
ok 5 - Equals
ok 6 - Equals
ok 7 - Equals
ok 8 - Equals
ok 9 - Equals
ok 10 - Equals
</system-out>
    <testcase name="Equals (243)" classname="spec_perl_TestSwitchManualIntSizeEos_t" time="0.000616073608398438" />
    <testcase name="Equals (244)" classname="spec_perl_TestSwitchManualIntSizeEos_t" time="9.70363616943359e-05" />
    <testcase name="Equals (245)" classname="spec_perl_TestSwitchManualIntSizeEos_t" time="5.88893890380859e-05" />
    <testcase name="Equals (246)" classname="spec_perl_TestSwitchManualIntSizeEos_t" time="0.000132083892822266" />
    <testcase name="Equals (247)" classname="spec_perl_TestSwitchManualIntSizeEos_t" time="0.000117063522338867" />
    <testcase name="Equals (248)" classname="spec_perl_TestSwitchManualIntSizeEos_t" time="0.000151872634887695" />
    <testcase name="Equals (249)" classname="spec_perl_TestSwitchManualIntSizeEos_t" time="0.000127077102661133" />
    <testcase name="Equals (250)" classname="spec_perl_TestSwitchManualIntSizeEos_t" time="0.000153064727783203" />
    <testcase name="Equals (251)" classname="spec_perl_TestSwitchManualIntSizeEos_t" time="9.17911529541016e-05" />
    <testcase name="Equals (252)" classname="spec_perl_TestSwitchManualIntSizeEos_t" time="0.000147104263305664" />
  </testsuite>
  <testsuite name="spec_perl_TestUserType_t" errors="0" failures="0" skipped="0" tests="2" time="0.046396017074585">
    <system-out>1..2
ok 1 - Equals
ok 2 - Equals
</system-out>
    <testcase name="Equals (253)" classname="spec_perl_TestUserType_t" time="0.000292062759399414" />
    <testcase name="Equals (254)" classname="spec_perl_TestUserType_t" time="8.0108642578125e-05" />
  </testsuite>
  <testsuite name="spec_perl_TestRepeatUntilComplex_t" errors="0" failures="0" skipped="0" tests="17" time="0.0461130142211914">
    <system-out>1..17
ok 1 - Equals
ok 2 - Equals
ok 3 - Equals
ok 4 - Equals
ok 5 - Equals
ok 6 - Equals
ok 7 - Equals
ok 8 - Equals
ok 9 - Equals
ok 10 - Equals
ok 11 - Equals
ok 12 - Equals
ok 13 - Equals
ok 14 - Equals
ok 15 - Equals
ok 16 - Equals
ok 17 - Equals
</system-out>
    <testcase name="Equals (255)" classname="spec_perl_TestRepeatUntilComplex_t" time="0.000321149826049805" />
    <testcase name="Equals (256)" classname="spec_perl_TestRepeatUntilComplex_t" time="0.000122785568237305" />
    <testcase name="Equals (257)" classname="spec_perl_TestRepeatUntilComplex_t" time="0.000137090682983398" />
    <testcase name="Equals (258)" classname="spec_perl_TestRepeatUntilComplex_t" time="0.000131130218505859" />
    <testcase name="Equals (259)" classname="spec_perl_TestRepeatUntilComplex_t" time="0.00013279914855957" />
    <testcase name="Equals (260)" classname="spec_perl_TestRepeatUntilComplex_t" time="0.000126123428344727" />
    <testcase name="Equals (261)" classname="spec_perl_TestRepeatUntilComplex_t" time="8.392333984375e-05" />
    <testcase name="Equals (262)" classname="spec_perl_TestRepeatUntilComplex_t" time="0.00014495849609375" />
    <testcase name="Equals (263)" classname="spec_perl_TestRepeatUntilComplex_t" time="0.000133037567138672" />
    <testcase name="Equals (264)" classname="spec_perl_TestRepeatUntilComplex_t" time="0.000152111053466797" />
    <testcase name="Equals (265)" classname="spec_perl_TestRepeatUntilComplex_t" time="0.000123023986816406" />
    <testcase name="Equals (266)" classname="spec_perl_TestRepeatUntilComplex_t" time="0.000123023986816406" />
    <testcase name="Equals (267)" classname="spec_perl_TestRepeatUntilComplex_t" time="0.000145912170410156" />
    <testcase name="Equals (268)" classname="spec_perl_TestRepeatUntilComplex_t" time="0.0001220703125" />
    <testcase name="Equals (269)" classname="spec_perl_TestRepeatUntilComplex_t" time="0.000124931335449219" />
    <testcase name="Equals (270)" classname="spec_perl_TestRepeatUntilComplex_t" time="7.89165496826172e-05" />
    <testcase name="Equals (271)" classname="spec_perl_TestRepeatUntilComplex_t" time="0.00014495849609375" />
  </testsuite>
  <testsuite name="spec_perl_TestProcessCoerceUsertype2_t" errors="0" failures="0" skipped="0" tests="4" time="0.0450398921966553">
    <system-out>1..4
ok 1 - Equals
ok 2 - Equals
ok 3 - Equals
ok 4 - Equals
</system-out>
    <testcase name="Equals (272)" classname="spec_perl_TestProcessCoerceUsertype2_t" time="0.000576019287109375" />
    <testcase name="Equals (273)" classname="spec_perl_TestProcessCoerceUsertype2_t" time="0.000137805938720703" />
    <testcase name="Equals (274)" classname="spec_perl_TestProcessCoerceUsertype2_t" time="4.81605529785156e-05" />
    <testcase name="Equals (275)" classname="spec_perl_TestProcessCoerceUsertype2_t" time="5.98430633544922e-05" />
  </testsuite>
  <testsuite name="spec_perl_TestRepeatNStrz_t" errors="0" failures="0" skipped="0" tests="2" time="0.0491130352020264">
    <system-out>1..2
ok 1 - Equals
ok 2 - Equals
</system-out>
    <testcase name="Equals (276)" classname="spec_perl_TestRepeatNStrz_t" time="0.000434160232543945" />
    <testcase name="Equals (277)" classname="spec_perl_TestRepeatNStrz_t" time="8.89301300048828e-05" />
  </testsuite>
  <testsuite name="spec_perl_TestIoLocalVar_t" errors="0" failures="0" skipped="0" tests="2" time="0.044140100479126">
    <system-out>1..2
ok 1 - Equals
ok 2 - Equals
</system-out>
    <testcase name="Equals (278)" classname="spec_perl_TestIoLocalVar_t" time="0.000554800033569336" />
    <testcase name="Equals (279)" classname="spec_perl_TestIoLocalVar_t" time="9.20295715332031e-05" />
  </testsuite>
  <testsuite name="spec_perl_TestParamsCallShort_t" errors="0" failures="3" skipped="0" tests="3" time="0.0521669387817383">
    <system-out>1..3
not ok 1 - Equals
not ok 2 - Equals
not ok 3 - Equals
</system-out>
    <testcase name="Equals (280)" classname="spec_perl_TestParamsCallShort_t" time="0.00570893287658691">
      <failure message="not ok 1 - Equals" type="TAP::Parser::Result::Test"></failure>
    </testcase>
    <testcase name="Equals (281)" classname="spec_perl_TestParamsCallShort_t" time="0.000225067138671875">
      <failure message="not ok 2 - Equals" type="TAP::Parser::Result::Test"></failure>
    </testcase>
    <testcase name="Equals (282)" classname="spec_perl_TestParamsCallShort_t" time="7.00950622558594e-05">
      <failure message="not ok 3 - Equals" type="TAP::Parser::Result::Test"></failure>
    </testcase>
  </testsuite>
  <testsuite name="spec_perl_TestIndexSizes_t" errors="0" failures="0" skipped="0" tests="7" time="0.0480949878692627">
    <system-out>1..7
ok 1 - Equals
ok 2 - Equals
ok 3 - Equals
ok 4 - Equals
ok 5 - Equals
ok 6 - Equals
ok 7 - Equals
</system-out>
    <testcase name="Equals (283)" classname="spec_perl_TestIndexSizes_t" time="0.000272989273071289" />
    <testcase name="Equals (284)" classname="spec_perl_TestIndexSizes_t" time="8.10623168945312e-05" />
    <testcase name="Equals (285)" classname="spec_perl_TestIndexSizes_t" time="0.00014495849609375" />
    <testcase name="Equals (286)" classname="spec_perl_TestIndexSizes_t" time="0.000129938125610352" />
    <testcase name="Equals (287)" classname="spec_perl_TestIndexSizes_t" time="0.000117063522338867" />
    <testcase name="Equals (288)" classname="spec_perl_TestIndexSizes_t" time="0.000149011611938477" />
    <testcase name="Equals (289)" classname="spec_perl_TestIndexSizes_t" time="0.000111103057861328" />
  </testsuite>
  <testsuite name="spec_perl_TestProcessXorValue_t" errors="0" failures="0" skipped="0" tests="2" time="0.0444231033325195">
    <system-out>1..2
ok 1 - Equals
ok 2 - Equals
</system-out>
    <testcase name="Equals (290)" classname="spec_perl_TestProcessXorValue_t" time="0.000235080718994141" />
    <testcase name="Equals (291)" classname="spec_perl_TestProcessXorValue_t" time="7.98702239990234e-05" />
  </testsuite>
  <testsuite name="spec_perl_TestZlibWithHeader78_t" errors="0" failures="0" skipped="0" tests="1" time="0.0639410018920898">
    <system-out>1..1
ok 1 - Equals
</system-out>
    <testcase name="Equals (292)" classname="spec_perl_TestZlibWithHeader78_t" time="0.000311136245727539" />
  </testsuite>
  <testsuite name="spec_perl_TestOpaqueExternalType_t" errors="0" failures="0" skipped="0" tests="3" time="0.0493998527526855">
    <system-out>1..3
ok 1 - Equals
ok 2 - Equals
ok 3 - Equals
</system-out>
    <testcase name="Equals (293)" classname="spec_perl_TestOpaqueExternalType_t" time="0.00034785270690918" />
    <testcase name="Equals (294)" classname="spec_perl_TestOpaqueExternalType_t" time="8.79764556884766e-05" />
    <testcase name="Equals (295)" classname="spec_perl_TestOpaqueExternalType_t" time="6.00814819335938e-05" />
  </testsuite>
  <testsuite name="spec_perl_TestSwitchRepeatExpr_t" errors="0" failures="0" skipped="0" tests="3" time="0.047213077545166">
    <system-out>1..3
ok 1 - Equals
ok 2 - Equals
ok 3 - Equals
</system-out>
    <testcase name="Equals (296)" classname="spec_perl_TestSwitchRepeatExpr_t" time="0.000669002532958984" />
    <testcase name="Equals (297)" classname="spec_perl_TestSwitchRepeatExpr_t" time="0.000105857849121094" />
    <testcase name="Equals (298)" classname="spec_perl_TestSwitchRepeatExpr_t" time="5.50746917724609e-05" />
  </testsuite>
  <testsuite name="spec_perl_TestExprOpsParens_t" errors="1" failures="0" skipped="0" tests="0" time="0.0448811054229736">
    <system-out></system-out>
    <testcase name="Test died too soon, even before plan. (298)" classname="spec_perl_TestExprOpsParens_t" time="0.0448811054229736">
      <failure message="The test suite died before a plan was produced. You need to have a plan." type="Plan">No plan</failure>
    </testcase>
  </testsuite>
  <testsuite name="spec_perl_TestDefaultEndianExprInherited_t" errors="0" failures="0" skipped="0" tests="15" time="0.0483171939849854">
    <system-out>1..15
ok 1 - Equals
ok 2 - Equals
ok 3 - Equals
ok 4 - Equals
ok 5 - Equals
ok 6 - Equals
ok 7 - Equals
ok 8 - Equals
ok 9 - Equals
ok 10 - Equals
ok 11 - Equals
ok 12 - Equals
ok 13 - Equals
ok 14 - Equals
ok 15 - Equals
</system-out>
    <testcase name="Equals (299)" classname="spec_perl_TestDefaultEndianExprInherited_t" time="0.000455856323242188" />
    <testcase name="Equals (300)" classname="spec_perl_TestDefaultEndianExprInherited_t" time="0.000101089477539062" />
    <testcase name="Equals (301)" classname="spec_perl_TestDefaultEndianExprInherited_t" time="5.79357147216797e-05" />
    <testcase name="Equals (302)" classname="spec_perl_TestDefaultEndianExprInherited_t" time="0.000200986862182617" />
    <testcase name="Equals (303)" classname="spec_perl_TestDefaultEndianExprInherited_t" time="0.000131130218505859" />
    <testcase name="Equals (304)" classname="spec_perl_TestDefaultEndianExprInherited_t" time="0.000131845474243164" />
    <testcase name="Equals (305)" classname="spec_perl_TestDefaultEndianExprInherited_t" time="0.000138044357299805" />
    <testcase name="Equals (306)" classname="spec_perl_TestDefaultEndianExprInherited_t" time="0.0001220703125" />
    <testcase name="Equals (307)" classname="spec_perl_TestDefaultEndianExprInherited_t" time="0.00014805793762207" />
    <testcase name="Equals (308)" classname="spec_perl_TestDefaultEndianExprInherited_t" time="0.000165939331054688" />
    <testcase name="Equals (309)" classname="spec_perl_TestDefaultEndianExprInherited_t" time="0.000129938125610352" />
    <testcase name="Equals (310)" classname="spec_perl_TestDefaultEndianExprInherited_t" time="0.000145912170410156" />
    <testcase name="Equals (311)" classname="spec_perl_TestDefaultEndianExprInherited_t" time="0.000121116638183594" />
    <testcase name="Equals (312)" classname="spec_perl_TestDefaultEndianExprInherited_t" time="0.000154972076416016" />
    <testcase name="Equals (313)" classname="spec_perl_TestDefaultEndianExprInherited_t" time="0.000144004821777344" />
  </testsuite>
  <testsuite name="spec_perl_TestCastToTop_t" errors="0" failures="0" skipped="0" tests="3" time="0.0427701473236084">
    <system-out>1..3
ok 1 - Equals
ok 2 - Equals
ok 3 - Equals
</system-out>
    <testcase name="Equals (314)" classname="spec_perl_TestCastToTop_t" time="0.000185012817382812" />
    <testcase name="Equals (315)" classname="spec_perl_TestCastToTop_t" time="9.20295715332031e-05" />
    <testcase name="Equals (316)" classname="spec_perl_TestCastToTop_t" time="0.000159978866577148" />
  </testsuite>
  <testsuite name="spec_perl_TestNonStandard_t" errors="0" failures="0" skipped="0" tests="1" time="0.0426859855651855">
    <system-out>1..1
ok 1 - Equals
</system-out>
    <testcase name="Equals (317)" classname="spec_perl_TestNonStandard_t" time="0.000160932540893555" />
  </testsuite>
  <testsuite name="spec_perl_TestSwitchMultiBoolOps_t" errors="0" failures="0" skipped="0" tests="9" time="0.0442831516265869">
    <system-out>1..9
ok 1 - Equals
ok 2 - Equals
ok 3 - Equals
ok 4 - Equals
ok 5 - Equals
ok 6 - Equals
ok 7 - Equals
ok 8 - Equals
ok 9 - Equals
</system-out>
    <testcase name="Equals (318)" classname="spec_perl_TestSwitchMultiBoolOps_t" time="0.000283002853393555" />
    <testcase name="Equals (319)" classname="spec_perl_TestSwitchMultiBoolOps_t" time="8.48770141601562e-05" />
    <testcase name="Equals (320)" classname="spec_perl_TestSwitchMultiBoolOps_t" time="5.79357147216797e-05" />
    <testcase name="Equals (321)" classname="spec_perl_TestSwitchMultiBoolOps_t" time="0.000155210494995117" />
    <testcase name="Equals (322)" classname="spec_perl_TestSwitchMultiBoolOps_t" time="0.000105857849121094" />
    <testcase name="Equals (323)" classname="spec_perl_TestSwitchMultiBoolOps_t" time="0.000153064727783203" />
    <testcase name="Equals (324)" classname="spec_perl_TestSwitchMultiBoolOps_t" time="0.000110864639282227" />
    <testcase name="Equals (325)" classname="spec_perl_TestSwitchMultiBoolOps_t" time="0.00014805793762207" />
    <testcase name="Equals (326)" classname="spec_perl_TestSwitchMultiBoolOps_t" time="0.000113964080810547" />
  </testsuite>
  <testsuite name="spec_perl_TestExprSizeofType1_t" errors="0" failures="0" skipped="0" tests="2" time="0.043982982635498">
    <system-out>1..2
ok 1 - Equals
ok 2 - Equals
</system-out>
    <testcase name="Equals (327)" classname="spec_perl_TestExprSizeofType1_t" time="0.000272989273071289" />
    <testcase name="Equals (328)" classname="spec_perl_TestExprSizeofType1_t" time="8.29696655273438e-05" />
  </testsuite>
  <testsuite name="spec_perl_TestEnumIntRangeS_t" errors="0" failures="0" skipped="0" tests="3" time="0.0476348400115967">
    <system-out>1..3
ok 1 - Equals
ok 2 - Equals
ok 3 - Equals
</system-out>
    <testcase name="Equals (329)" classname="spec_perl_TestEnumIntRangeS_t" time="0.000365018844604492" />
    <testcase name="Equals (330)" classname="spec_perl_TestEnumIntRangeS_t" time="8.70227813720703e-05" />
    <testcase name="Equals (331)" classname="spec_perl_TestEnumIntRangeS_t" time="5.60283660888672e-05" />
  </testsuite>
  <testsuite name="spec_perl_TestNavRoot_t" errors="0" failures="0" skipped="0" tests="5" time="0.0499639511108398">
    <system-out>1..5
ok 1 - Equals
ok 2 - Equals
ok 3 - Equals
ok 4 - Equals
ok 5 - Equals
</system-out>
    <testcase name="Equals (332)" classname="spec_perl_TestNavRoot_t" time="0.00049591064453125" />
    <testcase name="Equals (333)" classname="spec_perl_TestNavRoot_t" time="9.70363616943359e-05" />
    <testcase name="Equals (334)" classname="spec_perl_TestNavRoot_t" time="6.19888305664062e-05" />
    <testcase name="Equals (335)" classname="spec_perl_TestNavRoot_t" time="0.000159025192260742" />
    <testcase name="Equals (336)" classname="spec_perl_TestNavRoot_t" time="0.000114917755126953" />
  </testsuite>
  <testsuite name="spec_perl_TestPositionAbs_t" errors="0" failures="0" skipped="0" tests="2" time="0.0478360652923584">
    <system-out>1..2
ok 1 - Equals
ok 2 - Equals
</system-out>
    <testcase name="Equals (337)" classname="spec_perl_TestPositionAbs_t" time="0.000221014022827148" />
    <testcase name="Equals (338)" classname="spec_perl_TestPositionAbs_t" time="0.000214099884033203" />
  </testsuite>
  <testsuite name="spec_perl_TestNestedTypes2_t" errors="0" failures="0" skipped="0" tests="7" time="0.0458991527557373">
    <system-out>1..7
ok 1 - Equals
ok 2 - Equals
ok 3 - Equals
ok 4 - Equals
ok 5 - Equals
ok 6 - Equals
ok 7 - Equals
</system-out>
    <testcase name="Equals (339)" classname="spec_perl_TestNestedTypes2_t" time="0.000265836715698242" />
    <testcase name="Equals (340)" classname="spec_perl_TestNestedTypes2_t" time="9.918212890625e-05" />
    <testcase name="Equals (341)" classname="spec_perl_TestNestedTypes2_t" time="0.000116825103759766" />
    <testcase name="Equals (342)" classname="spec_perl_TestNestedTypes2_t" time="0.000133037567138672" />
    <testcase name="Equals (343)" classname="spec_perl_TestNestedTypes2_t" time="0.00011897087097168" />
    <testcase name="Equals (344)" classname="spec_perl_TestNestedTypes2_t" time="0.000140190124511719" />
    <testcase name="Equals (345)" classname="spec_perl_TestNestedTypes2_t" time="0.000115871429443359" />
  </testsuite>
  <testsuite name="spec_perl_TestSwitchElseOnly_t" errors="1" failures="0" skipped="0" tests="0" time="0.0422499179840088">
    <system-out></system-out>
    <testcase name="Test died too soon, even before plan. (345)" classname="spec_perl_TestSwitchElseOnly_t" time="0.0422499179840088">
      <failure message="The test suite died before a plan was produced. You need to have a plan." type="Plan">No plan</failure>
    </testcase>
  </testsuite>
  <testsuite name="spec_perl_TestSwitchIntegers2_t" errors="0" failures="0" skipped="0" tests="5" time="0.0625789165496826">
    <system-out>1..5
ok 1 - Equals
ok 2 - Equals
ok 3 - Equals
ok 4 - Equals
ok 5 - Equals
</system-out>
    <testcase name="Equals (346)" classname="spec_perl_TestSwitchIntegers2_t" time="0.000174045562744141" />
    <testcase name="Equals (347)" classname="spec_perl_TestSwitchIntegers2_t" time="7.29560852050781e-05" />
    <testcase name="Equals (348)" classname="spec_perl_TestSwitchIntegers2_t" time="0.000159025192260742" />
    <testcase name="Equals (349)" classname="spec_perl_TestSwitchIntegers2_t" time="0.000123977661132812" />
    <testcase name="Equals (350)" classname="spec_perl_TestSwitchIntegers2_t" time="0.000137090682983398" />
  </testsuite>
  <testsuite name="spec_perl_TestBitsEnum_t" errors="0" failures="0" skipped="0" tests="3" time="0.0454599857330322">
    <system-out>1..3
ok 1 - Equals
ok 2 - Equals
ok 3 - Equals
</system-out>
    <testcase name="Equals (351)" classname="spec_perl_TestBitsEnum_t" time="0.000265121459960938" />
    <testcase name="Equals (352)" classname="spec_perl_TestBitsEnum_t" time="7.79628753662109e-05" />
    <testcase name="Equals (353)" classname="spec_perl_TestBitsEnum_t" time="0.000145912170410156" />
  </testsuite>
  <testsuite name="spec_perl_TestStrPadTerm_t" errors="0" failures="0" skipped="0" tests="4" time="0.0492339134216309">
    <system-out>1..4
ok 1 - Equals
ok 2 - Equals
ok 3 - Equals
ok 4 - Equals
</system-out>
    <testcase name="Equals (354)" classname="spec_perl_TestStrPadTerm_t" time="0.000401020050048828" />
    <testcase name="Equals (355)" classname="spec_perl_TestStrPadTerm_t" time="0.000103950500488281" />
    <testcase name="Equals (356)" classname="spec_perl_TestStrPadTerm_t" time="8.0108642578125e-05" />
    <testcase name="Equals (357)" classname="spec_perl_TestStrPadTerm_t" time="0.000152826309204102" />
  </testsuite>
  <testsuite name="spec_perl_TestEosExceptionBytes_t" errors="0" failures="0" skipped="0" tests="1" time="0.0453829765319824">
    <system-out>1..1
ok 1 - Died
</system-out>
    <testcase name="Died (357)" classname="spec_perl_TestEosExceptionBytes_t" time="0.000541925430297852" />
  </testsuite>
  <testsuite name="spec_perl_TestEofExceptionU4_t" errors="0" failures="0" skipped="0" tests="1" time="0.045598030090332">
    <system-out>1..1
ok 1 - Died
</system-out>
    <testcase name="Died (358)" classname="spec_perl_TestEofExceptionU4_t" time="0.000171899795532227" />
  </testsuite>
  <testsuite name="spec_perl_TestPositionInSeq_t" errors="0" failures="0" skipped="0" tests="1" time="0.0428829193115234">
    <system-out>1..1
ok 1 - Equals
</system-out>
    <testcase name="Equals (358)" classname="spec_perl_TestPositionInSeq_t" time="0.000210046768188477" />
  </testsuite>
  <testsuite name="spec_perl_TestTypeIntUnaryOp_t" errors="0" failures="0" skipped="0" tests="4" time="0.0458669662475586">
    <system-out>1..4
ok 1 - Equals
ok 2 - Equals
ok 3 - Equals
ok 4 - Equals
</system-out>
    <testcase name="Equals (359)" classname="spec_perl_TestTypeIntUnaryOp_t" time="0.000279903411865234" />
    <testcase name="Equals (360)" classname="spec_perl_TestTypeIntUnaryOp_t" time="8.60691070556641e-05" />
    <testcase name="Equals (361)" classname="spec_perl_TestTypeIntUnaryOp_t" time="0.000140905380249023" />
    <testcase name="Equals (362)" classname="spec_perl_TestTypeIntUnaryOp_t" time="0.000178098678588867" />
  </testsuite>
  <testsuite name="spec_perl_TestRepeatNStrzDouble_t" errors="0" failures="0" skipped="0" tests="3" time="0.0466868877410889">
    <system-out>1..3
ok 1 - Equals
ok 2 - Equals
ok 3 - Equals
</system-out>
    <testcase name="Equals (363)" classname="spec_perl_TestRepeatNStrzDouble_t" time="0.000305891036987305" />
    <testcase name="Equals (364)" classname="spec_perl_TestRepeatNStrzDouble_t" time="8.51154327392578e-05" />
    <testcase name="Equals (365)" classname="spec_perl_TestRepeatNStrzDouble_t" time="5.98430633544922e-05" />
  </testsuite>
  <testsuite name="spec_perl_TestDefaultEndianExprIsBe_t" errors="0" failures="0" skipped="0" tests="18" time="0.0485918521881104">
    <system-out>1..18
ok 1 - Equals
ok 2 - Equals
ok 3 - Equals
ok 4 - Equals
ok 5 - Equals
ok 6 - Equals
ok 7 - Equals
ok 8 - Equals
ok 9 - Equals
ok 10 - Equals
ok 11 - Equals
ok 12 - Equals
ok 13 - Equals
ok 14 - Equals
ok 15 - Equals
ok 16 - Equals
ok 17 - Equals
ok 18 - Equals
</system-out>
    <testcase name="Equals (366)" classname="spec_perl_TestDefaultEndianExprIsBe_t" time="0.000334978103637695" />
    <testcase name="Equals (367)" classname="spec_perl_TestDefaultEndianExprIsBe_t" time="8.60691070556641e-05" />
    <testcase name="Equals (368)" classname="spec_perl_TestDefaultEndianExprIsBe_t" time="0.000105857849121094" />
    <testcase name="Equals (369)" classname="spec_perl_TestDefaultEndianExprIsBe_t" time="0.00014495849609375" />
    <testcase name="Equals (370)" classname="spec_perl_TestDefaultEndianExprIsBe_t" time="0.000162124633789062" />
    <testcase name="Equals (371)" classname="spec_perl_TestDefaultEndianExprIsBe_t" time="0.00017094612121582" />
    <testcase name="Equals (372)" classname="spec_perl_TestDefaultEndianExprIsBe_t" time="0.000114917755126953" />
    <testcase name="Equals (373)" classname="spec_perl_TestDefaultEndianExprIsBe_t" time="0.000141143798828125" />
    <testcase name="Equals (374)" classname="spec_perl_TestDefaultEndianExprIsBe_t" time="0.000159978866577148" />
    <testcase name="Equals (375)" classname="spec_perl_TestDefaultEndianExprIsBe_t" time="0.000120878219604492" />
    <testcase name="Equals (376)" classname="spec_perl_TestDefaultEndianExprIsBe_t" time="0.000166177749633789" />
    <testcase name="Equals (377)" classname="spec_perl_TestDefaultEndianExprIsBe_t" time="0.000160932540893555" />
    <testcase name="Equals (378)" classname="spec_perl_TestDefaultEndianExprIsBe_t" time="0.000115871429443359" />
    <testcase name="Equals (379)" classname="spec_perl_TestDefaultEndianExprIsBe_t" time="0.000146150588989258" />
    <testcase name="Equals (380)" classname="spec_perl_TestDefaultEndianExprIsBe_t" time="0.000151872634887695" />
    <testcase name="Equals (381)" classname="spec_perl_TestDefaultEndianExprIsBe_t" time="0.000156164169311523" />
    <testcase name="Equals (382)" classname="spec_perl_TestDefaultEndianExprIsBe_t" time="0.00014495849609375" />
    <testcase name="Equals (383)" classname="spec_perl_TestDefaultEndianExprIsBe_t" time="0.000169992446899414" />
  </testsuite>
  <testsuite name="spec_perl_TestFloatToI_t" errors="0" failures="0" skipped="0" tests="8" time="0.0446150302886963">
    <system-out>1..8
ok 1 - Equals
ok 2 - Equals
ok 3 - Equals
ok 4 - Equals
ok 5 - Equals
ok 6 - Equals
ok 7 - Equals
ok 8 - Equals
</system-out>
    <testcase name="Equals (384)" classname="spec_perl_TestFloatToI_t" time="0.000216007232666016" />
    <testcase name="Equals (385)" classname="spec_perl_TestFloatToI_t" time="9.20295715332031e-05" />
    <testcase name="Equals (386)" classname="spec_perl_TestFloatToI_t" time="0.000146865844726562" />
    <testcase name="Equals (387)" classname="spec_perl_TestFloatToI_t" time="0.000118017196655273" />
    <testcase name="Equals (388)" classname="spec_perl_TestFloatToI_t" time="0.000149011611938477" />
    <testcase name="Equals (389)" classname="spec_perl_TestFloatToI_t" time="0.000102996826171875" />
    <testcase name="Equals (390)" classname="spec_perl_TestFloatToI_t" time="0.000154972076416016" />
    <testcase name="Equals (391)" classname="spec_perl_TestFloatToI_t" time="0.000113010406494141" />
  </testsuite>
  <testsuite name="spec_perl_TestExprBits_t" errors="0" failures="0" skipped="0" tests="10" time="0.0478310585021973">
    <system-out>1..10
ok 1 - Equals
ok 2 - Equals
ok 3 - Equals
ok 4 - Equals
ok 5 - Equals
ok 6 - Equals
ok 7 - Equals
ok 8 - Equals
ok 9 - Equals
ok 10 - Equals
</system-out>
    <testcase name="Equals (392)" classname="spec_perl_TestExprBits_t" time="0.000326156616210938" />
    <testcase name="Equals (393)" classname="spec_perl_TestExprBits_t" time="8.48770141601562e-05" />
    <testcase name="Equals (394)" classname="spec_perl_TestExprBits_t" time="0.000117063522338867" />
    <testcase name="Equals (395)" classname="spec_perl_TestExprBits_t" time="0.000133037567138672" />
    <testcase name="Equals (396)" classname="spec_perl_TestExprBits_t" time="0.000156879425048828" />
    <testcase name="Equals (397)" classname="spec_perl_TestExprBits_t" time="0.000144004821777344" />
    <testcase name="Equals (398)" classname="spec_perl_TestExprBits_t" time="0.000127077102661133" />
    <testcase name="Equals (399)" classname="spec_perl_TestExprBits_t" time="0.000149011611938477" />
    <testcase name="Equals (400)" classname="spec_perl_TestExprBits_t" time="0.000128030776977539" />
    <testcase name="Equals (401)" classname="spec_perl_TestExprBits_t" time="0.000160932540893555" />
  </testsuite>
  <testsuite name="spec_perl_TestEnumDeepLiterals_t" errors="0" failures="0" skipped="0" tests="2" time="0.0440349578857422">
    <system-out>1..2
ok 1 - Equals
ok 2 - Equals
</system-out>
    <testcase name="Equals (402)" classname="spec_perl_TestEnumDeepLiterals_t" time="0.000213861465454102" />
    <testcase name="Equals (403)" classname="spec_perl_TestEnumDeepLiterals_t" time="6.69956207275391e-05" />
  </testsuite>
  <testsuite name="spec_perl_TestProcessCustomNoArgs_t" errors="1" failures="0" skipped="0" tests="0" time="0.0612668991088867">
    <system-out></system-out>
    <testcase name="Test died too soon, even before plan. (403)" classname="spec_perl_TestProcessCustomNoArgs_t" time="0.0612668991088867">
      <failure message="The test suite died before a plan was produced. You need to have a plan." type="Plan">No plan</failure>
    </testcase>
  </testsuite>
  <testsuite name="spec_perl_TestBufferedStruct_t" errors="0" failures="0" skipped="0" tests="7" time="0.04709792137146">
    <system-out>1..7
ok 1 - Equals
ok 2 - Equals
ok 3 - Equals
ok 4 - Equals
ok 5 - Equals
ok 6 - Equals
ok 7 - Equals
</system-out>
    <testcase name="Equals (404)" classname="spec_perl_TestBufferedStruct_t" time="0.000699043273925781" />
    <testcase name="Equals (405)" classname="spec_perl_TestBufferedStruct_t" time="0.000102996826171875" />
    <testcase name="Equals (406)" classname="spec_perl_TestBufferedStruct_t" time="5.79357147216797e-05" />
    <testcase name="Equals (407)" classname="spec_perl_TestBufferedStruct_t" time="0.000111103057861328" />
    <testcase name="Equals (408)" classname="spec_perl_TestBufferedStruct_t" time="0.000160932540893555" />
    <testcase name="Equals (409)" classname="spec_perl_TestBufferedStruct_t" time="0.000106096267700195" />
    <testcase name="Equals (410)" classname="spec_perl_TestBufferedStruct_t" time="0.000150918960571289" />
  </testsuite>
  <testsuite name="spec_perl_TestEnumNegative_t" errors="0" failures="0" skipped="0" tests="2" time="0.0454890727996826">
    <system-out>1..2
ok 1 - Equals
ok 2 - Equals
</system-out>
    <testcase name="Equals (411)" classname="spec_perl_TestEnumNegative_t" time="0.000282049179077148" />
    <testcase name="Equals (412)" classname="spec_perl_TestEnumNegative_t" time="7.58171081542969e-05" />
  </testsuite>
  <testsuite name="spec_perl_TestDocstrings_t" errors="0" failures="0" skipped="1" tests="1" time="0.0435431003570557">
    <system-out>1..1
ok 1 # skip Docstrings=HASH(0x141a0f0)
</system-out>
    <testcase name="Unnamed test case 412" classname="spec_perl_TestDocstrings_t" time="0.00117301940917969">
      <skipped message="ok 1 # skip Docstrings=HASH(0x141a0f0)" />
    </testcase>
  </testsuite>
  <testsuite name="spec_perl_TestNestedSameName_t" errors="0" failures="0" skipped="0" tests="2" time="0.045989990234375">
    <system-out>1..2
ok 1 - Equals
ok 2 - Equals
</system-out>
    <testcase name="Equals (413)" classname="spec_perl_TestNestedSameName_t" time="0.00031590461730957" />
    <testcase name="Equals (414)" classname="spec_perl_TestNestedSameName_t" time="9.60826873779297e-05" />
  </testsuite>
  <testsuite name="spec_perl_TestSwitchManualEnumInvalidElse_t" errors="0" failures="0" skipped="0" tests="5" time="0.0495979785919189">
    <system-out>1..5
ok 1 - Equals
ok 2 - Equals
ok 3 - Equals
ok 4 - Equals
ok 5 - Equals
</system-out>
    <testcase name="Equals (415)" classname="spec_perl_TestSwitchManualEnumInvalidElse_t" time="0.000381946563720703" />
    <testcase name="Equals (416)" classname="spec_perl_TestSwitchManualEnumInvalidElse_t" time="0.000111103057861328" />
    <testcase name="Equals (417)" classname="spec_perl_TestSwitchManualEnumInvalidElse_t" time="6.19888305664062e-05" />
    <testcase name="Equals (418)" classname="spec_perl_TestSwitchManualEnumInvalidElse_t" time="0.000134944915771484" />
    <testcase name="Equals (419)" classname="spec_perl_TestSwitchManualEnumInvalidElse_t" time="0.000149011611938477" />
  </testsuite>
  <testsuite name="spec_perl_TestIndexToParamExpr_t" errors="0" failures="2" skipped="0" tests="7" time="0.0866060256958008">
    <system-out>1..7
ok 1 - Equals
ok 2 - Equals
ok 3 - Equals
ok 4 - Equals
ok 5 - Equals
not ok 6 - Equals
not ok 7 - Equals
</system-out>
    <testcase name="Equals (420)" classname="spec_perl_TestIndexToParamExpr_t" time="0.000380992889404297" />
    <testcase name="Equals (421)" classname="spec_perl_TestIndexToParamExpr_t" time="0.000517845153808594" />
    <testcase name="Equals (422)" classname="spec_perl_TestIndexToParamExpr_t" time="0.000401973724365234" />
    <testcase name="Equals (423)" classname="spec_perl_TestIndexToParamExpr_t" time="0.000400066375732422" />
    <testcase name="Equals (424)" classname="spec_perl_TestIndexToParamExpr_t" time="0.000332117080688477" />
    <testcase name="Equals (425)" classname="spec_perl_TestIndexToParamExpr_t" time="0.000479936599731445">
      <failure message="not ok 6 - Equals" type="TAP::Parser::Result::Test"></failure>
    </testcase>
    <testcase name="Equals (426)" classname="spec_perl_TestIndexToParamExpr_t" time="0.00119805335998535">
      <failure message="not ok 7 - Equals" type="TAP::Parser::Result::Test"></failure>
    </testcase>
  </testsuite>
  <testsuite name="spec_perl_TestNestedTypes_t" errors="0" failures="0" skipped="0" tests="3" time="0.0593850612640381">
    <system-out>1..3
ok 1 - Equals
ok 2 - Equals
ok 3 - Equals
</system-out>
    <testcase name="Equals (427)" classname="spec_perl_TestNestedTypes_t" time="0.000308036804199219" />
    <testcase name="Equals (428)" classname="spec_perl_TestNestedTypes_t" time="8.392333984375e-05" />
    <testcase name="Equals (429)" classname="spec_perl_TestNestedTypes_t" time="0.000139951705932617" />
  </testsuite>
  <testsuite name="spec_perl_TestFixedStruct_t" errors="1" failures="0" skipped="0" tests="0" time="0.0502059459686279">
    <system-out></system-out>
    <testcase name="Test died too soon, even before plan. (429)" classname="spec_perl_TestFixedStruct_t" time="0.0502059459686279">
      <failure message="The test suite died before a plan was produced. You need to have a plan." type="Plan">No plan</failure>
    </testcase>
  </testsuite>
  <testsuite name="spec_perl_TestParamsPassUsertype_t" errors="0" failures="1" skipped="1" tests="2" time="0.0507960319519043">
    <system-out>1..2
not ok 1 - test_params_pass_usertype died (Can't call method &quot;foo&quot; on an undefined value at compiled/perl/ParamsPassUsertype.pm line 119.)
ok 2 # skip test_params_pass_usertype died
</system-out>
    <testcase name="test_params_pass_usertype died (Can't call method &quot;foo&quot; on an undefined value at compiled/perl/ParamsPassUsertype.pm line 119.) (429)" classname="spec_perl_TestParamsPassUsertype_t" time="0.000304222106933594">
      <failure message="not ok 1 - test_params_pass_usertype died (Can't call method &quot;foo&quot; on an undefined value at compiled/perl/ParamsPassUsertype.pm line 119.)" type="TAP::Parser::Result::Test"></failure>
    </testcase>
    <testcase name="Unnamed test case 429" classname="spec_perl_TestParamsPassUsertype_t" time="0.000391960144042969">
      <skipped message="ok 2 # skip test_params_pass_usertype died" />
    </testcase>
  </testsuite>
  <testsuite name="spec_perl_TestSwitchManualEnumInvalid_t" errors="0" failures="0" skipped="0" tests="5" time="0.0463690757751465">
    <system-out>1..5
ok 1 - Equals
ok 2 - Equals
ok 3 - nil
ok 4 - Equals
ok 5 - nil
</system-out>
    <testcase name="Equals (430)" classname="spec_perl_TestSwitchManualEnumInvalid_t" time="0.000185966491699219" />
    <testcase name="Equals (431)" classname="spec_perl_TestSwitchManualEnumInvalid_t" time="9.01222229003906e-05" />
    <testcase name="nil (431)" classname="spec_perl_TestSwitchManualEnumInvalid_t" time="6.103515625e-05" />
    <testcase name="Equals (432)" classname="spec_perl_TestSwitchManualEnumInvalid_t" time="0.000157833099365234" />
    <testcase name="nil (432)" classname="spec_perl_TestSwitchManualEnumInvalid_t" time="6.60419464111328e-05" />
  </testsuite>
  <testsuite name="spec_perl_TestCastToImported_t" errors="0" failures="0" skipped="0" tests="2" time="0.0457360744476318">
    <system-out>1..2
ok 1 - Equals
ok 2 - Equals
</system-out>
    <testcase name="Equals (433)" classname="spec_perl_TestCastToImported_t" time="0.000230073928833008" />
    <testcase name="Equals (434)" classname="spec_perl_TestCastToImported_t" time="8.60691070556641e-05" />
  </testsuite>
  <testsuite name="spec_perl_TestDocstringsDocref_t" errors="0" failures="0" skipped="1" tests="1" time="0.0450029373168945">
    <system-out>1..1
ok 1 # skip DocstringsDocref=HASH(0x188e508)
</system-out>
    <testcase name="Unnamed test case 434" classname="spec_perl_TestDocstringsDocref_t" time="0.00151801109313965">
      <skipped message="ok 1 # skip DocstringsDocref=HASH(0x188e508)" />
    </testcase>
  </testsuite>
  <testsuite name="spec_perl_TestExpr2_t" errors="0" failures="0" skipped="0" tests="17" time="0.0518760681152344">
    <system-out>1..17
ok 1 - Equals
ok 2 - Equals
ok 3 - Equals
ok 4 - Equals
ok 5 - Equals
ok 6 - Equals
ok 7 - Equals
ok 8 - Equals
ok 9 - Equals
ok 10 - Equals
ok 11 - Equals
ok 12 - Equals
ok 13 - Equals
ok 14 - Equals
ok 15 - Equals
ok 16 - Equals
ok 17 - Equals
</system-out>
    <testcase name="Equals (435)" classname="spec_perl_TestExpr2_t" time="0.000690937042236328" />
    <testcase name="Equals (436)" classname="spec_perl_TestExpr2_t" time="0.0001220703125" />
    <testcase name="Equals (437)" classname="spec_perl_TestExpr2_t" time="4.69684600830078e-05" />
    <testcase name="Equals (438)" classname="spec_perl_TestExpr2_t" time="0.000113964080810547" />
    <testcase name="Equals (439)" classname="spec_perl_TestExpr2_t" time="0.000128030776977539" />
    <testcase name="Equals (440)" classname="spec_perl_TestExpr2_t" time="0.000144004821777344" />
    <testcase name="Equals (441)" classname="spec_perl_TestExpr2_t" time="0.000144004821777344" />
    <testcase name="Equals (442)" classname="spec_perl_TestExpr2_t" time="0.000190019607543945" />
    <testcase name="Equals (443)" classname="spec_perl_TestExpr2_t" time="0.000188827514648438" />
    <testcase name="Equals (444)" classname="spec_perl_TestExpr2_t" time="0.000101089477539062" />
    <testcase name="Equals (445)" classname="spec_perl_TestExpr2_t" time="0.000151872634887695" />
    <testcase name="Equals (446)" classname="spec_perl_TestExpr2_t" time="0.000127077102661133" />
    <testcase name="Equals (447)" classname="spec_perl_TestExpr2_t" time="0.000164031982421875" />
    <testcase name="Equals (448)" classname="spec_perl_TestExpr2_t" time="0.000159025192260742" />
    <testcase name="Equals (449)" classname="spec_perl_TestExpr2_t" time="0.000114917755126953" />
    <testcase name="Equals (450)" classname="spec_perl_TestExpr2_t" time="0.00015711784362793" />
    <testcase name="Equals (451)" classname="spec_perl_TestExpr2_t" time="0.00010991096496582" />
  </testsuite>
  <testsuite name="spec_perl_TestProcessRepeatBytes_t" errors="0" failures="0" skipped="0" tests="2" time="0.0576009750366211">
    <system-out>1..2
ok 1 - Equals
ok 2 - Equals
</system-out>
    <testcase name="Equals (452)" classname="spec_perl_TestProcessRepeatBytes_t" time="0.000388145446777344" />
    <testcase name="Equals (453)" classname="spec_perl_TestProcessRepeatBytes_t" time="9.70363616943359e-05" />
  </testsuite>
  <testsuite name="spec_perl_TestMultipleUse_t" errors="0" failures="0" skipped="0" tests="2" time="0.0452361106872559">
    <system-out>1..2
ok 1 - Equals
ok 2 - Equals
</system-out>
    <testcase name="Equals (454)" classname="spec_perl_TestMultipleUse_t" time="0.00032806396484375" />
    <testcase name="Equals (455)" classname="spec_perl_TestMultipleUse_t" time="0.000136852264404297" />
  </testsuite>
  <testsuite name="spec_perl_TestNavParentVsValueInst_t" errors="0" failures="0" skipped="0" tests="1" time="0.0470609664916992">
    <system-out>1..1
ok 1 - Equals
</system-out>
    <testcase name="Equals (456)" classname="spec_perl_TestNavParentVsValueInst_t" time="0.000333070755004883" />
  </testsuite>
  <testsuite name="spec_perl_TestIntegersMinMax_t" errors="0" failures="0" skipped="0" tests="28" time="0.0612168312072754">
    <system-out>1..28
ok 1 - Equals
ok 2 - Equals
ok 3 - Equals
ok 4 - Equals
ok 5 - Equals
ok 6 - Equals
ok 7 - Equals
ok 8 - Equals
ok 9 - Equals
ok 10 - Equals
ok 11 - Equals
ok 12 - Equals
ok 13 - Equals
ok 14 - Equals
ok 15 - Equals
ok 16 - Equals
ok 17 - Equals
ok 18 - Equals
ok 19 - Equals
ok 20 - Equals
ok 21 - Equals
ok 22 - Equals
ok 23 - Equals
ok 24 - Equals
ok 25 - Equals
ok 26 - Equals
ok 27 - Equals
ok 28 - Equals
</system-out>
    <testcase name="Equals (457)" classname="spec_perl_TestIntegersMinMax_t" time="0.000402927398681641" />
    <testcase name="Equals (458)" classname="spec_perl_TestIntegersMinMax_t" time="9.41753387451172e-05" />
    <testcase name="Equals (459)" classname="spec_perl_TestIntegersMinMax_t" time="8.392333984375e-05" />
    <testcase name="Equals (460)" classname="spec_perl_TestIntegersMinMax_t" time="0.000111103057861328" />
    <testcase name="Equals (461)" classname="spec_perl_TestIntegersMinMax_t" time="0.000139951705932617" />
    <testcase name="Equals (462)" classname="spec_perl_TestIntegersMinMax_t" time="0.000151872634887695" />
    <testcase name="Equals (463)" classname="spec_perl_TestIntegersMinMax_t" time="0.000123977661132812" />
    <testcase name="Equals (464)" classname="spec_perl_TestIntegersMinMax_t" time="0.000147104263305664" />
[...]
      <skipped message="ok 2 # skip test_params_pass_array_int died" />
    </testcase>
    <testcase name="Unnamed test case 684" classname="spec_perl_TestParamsPassArrayInt_t" time="0.000532150268554688">
      <skipped message="ok 3 # skip test_params_pass_array_int died" />
    </testcase>
    <testcase name="Unnamed test case 685" classname="spec_perl_TestParamsPassArrayInt_t" time="0.000360012054443359">
      <skipped message="ok 4 # skip test_params_pass_array_int died" />
    </testcase>
    <testcase name="Unnamed test case 686" classname="spec_perl_TestParamsPassArrayInt_t" time="0.000355005264282227">
      <skipped message="ok 5 # skip test_params_pass_array_int died" />
    </testcase>
    <testcase name="Unnamed test case 687" classname="spec_perl_TestParamsPassArrayInt_t" time="0.000361919403076172">
      <skipped message="ok 6 # skip test_params_pass_array_int died" />
    </testcase>
    <testcase name="Unnamed test case 688" classname="spec_perl_TestParamsPassArrayInt_t" time="0.000288009643554688">
      <skipped message="ok 7 # skip test_params_pass_array_int died" />
    </testcase>
  </testsuite>
  <testsuite name="spec_perl_TestExpr1_t" errors="0" failures="0" skipped="0" tests="4" time="0.0478849411010742">
    <system-out>1..4
ok 1 - Equals
ok 2 - Equals
ok 3 - Equals
ok 4 - Equals
</system-out>
    <testcase name="Equals (688)" classname="spec_perl_TestExpr1_t" time="0.000333070755004883" />
    <testcase name="Equals (689)" classname="spec_perl_TestExpr1_t" time="8.392333984375e-05" />
    <testcase name="Equals (690)" classname="spec_perl_TestExpr1_t" time="0.000113964080810547" />
    <testcase name="Equals (691)" classname="spec_perl_TestExpr1_t" time="0.000149011611938477" />
  </testsuite>
  <testsuite name="spec_perl_TestFloatingPoints_t" errors="0" failures="0" skipped="0" tests="8" time="0.0511670112609863">
    <system-out>1..8
ok 1 - Approx equals
ok 2 - Approx equals
ok 3 - Approx equals
ok 4 - Approx equals
ok 5 - Approx equals
ok 6 - Approx equals
ok 7 - Approx equals
ok 8 - Approx equals
</system-out>
    <testcase name="Approx equals (691)" classname="spec_perl_TestFloatingPoints_t" time="0.000177860260009766" />
    <testcase name="Approx equals (692)" classname="spec_perl_TestFloatingPoints_t" time="7.10487365722656e-05" />
    <testcase name="Approx equals (693)" classname="spec_perl_TestFloatingPoints_t" time="4.69684600830078e-05" />
    <testcase name="Approx equals (694)" classname="spec_perl_TestFloatingPoints_t" time="4.22000885009766e-05" />
    <testcase name="Approx equals (695)" classname="spec_perl_TestFloatingPoints_t" time="6.4849853515625e-05" />
    <testcase name="Approx equals (696)" classname="spec_perl_TestFloatingPoints_t" time="4.31537628173828e-05" />
    <testcase name="Approx equals (697)" classname="spec_perl_TestFloatingPoints_t" time="4.98294830322266e-05" />
    <testcase name="Approx equals (698)" classname="spec_perl_TestFloatingPoints_t" time="3.69548797607422e-05" />
  </testsuite>
  <testsuite name="spec_perl_TestParamsEnum_t" errors="0" failures="1" skipped="0" tests="2" time="0.0672619342803955">
    <system-out>1..2
ok 1 - Equals
not ok 2 - Equals
</system-out>
    <testcase name="Equals (698)" classname="spec_perl_TestParamsEnum_t" time="0.000217914581298828" />
    <testcase name="Equals (699)" classname="spec_perl_TestParamsEnum_t" time="0.000258922576904297">
      <failure message="not ok 2 - Equals" type="TAP::Parser::Result::Test"></failure>
    </testcase>
  </testsuite>
  <testsuite name="spec_perl_TestParamsPassArrayStr_t" errors="0" failures="1" skipped="6" tests="7" time="0.0537610054016113">
    <system-out>1..7
not ok 1 - test_params_pass_array_str died (Can't use an undefined value as an ARRAY reference at spec/perl/TestParamsPassArrayStr.t line 15.)
ok 2 # skip test_params_pass_array_str died
ok 3 # skip test_params_pass_array_str died
ok 4 # skip test_params_pass_array_str died
ok 5 # skip test_params_pass_array_str died
ok 6 # skip test_params_pass_array_str died
ok 7 # skip test_params_pass_array_str died
</system-out>
    <testcase name="test_params_pass_array_str died (Can't use an undefined value as an ARRAY reference at spec/perl/TestParamsPassArrayStr.t line 15.) (699)" classname="spec_perl_TestParamsPassArrayStr_t" time="0.000406980514526367">
      <failure message="not ok 1 - test_params_pass_array_str died (Can't use an undefined value as an ARRAY reference at spec/perl/TestParamsPassArrayStr.t line 15.)" type="TAP::Parser::Result::Test"></failure>
    </testcase>
    <testcase name="Unnamed test case 699" classname="spec_perl_TestParamsPassArrayStr_t" time="0.00171184539794922">
      <skipped message="ok 2 # skip test_params_pass_array_str died" />
    </testcase>
    <testcase name="Unnamed test case 700" classname="spec_perl_TestParamsPassArrayStr_t" time="0.000468015670776367">
      <skipped message="ok 3 # skip test_params_pass_array_str died" />
    </testcase>
    <testcase name="Unnamed test case 701" classname="spec_perl_TestParamsPassArrayStr_t" time="0.000285148620605469">
      <skipped message="ok 4 # skip test_params_pass_array_str died" />
    </testcase>
    <testcase name="Unnamed test case 702" classname="spec_perl_TestParamsPassArrayStr_t" time="8.20159912109375e-05">
      <skipped message="ok 5 # skip test_params_pass_array_str died" />
    </testcase>
    <testcase name="Unnamed test case 703" classname="spec_perl_TestParamsPassArrayStr_t" time="0.000150918960571289">
      <skipped message="ok 6 # skip test_params_pass_array_str died" />
    </testcase>
    <testcase name="Unnamed test case 704" classname="spec_perl_TestParamsPassArrayStr_t" time="0.00011897087097168">
      <skipped message="ok 7 # skip test_params_pass_array_str died" />
    </testcase>
  </testsuite>
  <testsuite name="spec_perl_TestEnumIf_t" errors="0" failures="0" skipped="0" tests="7" time="0.0513129234313965">
    <system-out>1..7
ok 1 - Equals
ok 2 - Equals
ok 3 - Equals
ok 4 - Equals
ok 5 - Equals
ok 6 - Equals
ok 7 - Equals
</system-out>
    <testcase name="Equals (704)" classname="spec_perl_TestEnumIf_t" time="0.000477790832519531" />
    <testcase name="Equals (705)" classname="spec_perl_TestEnumIf_t" time="9.82284545898438e-05" />
    <testcase name="Equals (706)" classname="spec_perl_TestEnumIf_t" time="5.57899475097656e-05" />
    <testcase name="Equals (707)" classname="spec_perl_TestEnumIf_t" time="0.000149011611938477" />
    <testcase name="Equals (708)" classname="spec_perl_TestEnumIf_t" time="0.000132083892822266" />
    <testcase name="Equals (709)" classname="spec_perl_TestEnumIf_t" time="0.000158071517944336" />
    <testcase name="Equals (710)" classname="spec_perl_TestEnumIf_t" time="9.39369201660156e-05" />
  </testsuite>
  <testsuite name="spec_perl_TestExprSizeofType0_t" errors="0" failures="0" skipped="0" tests="1" time="0.0495209693908691">
    <system-out>1..1
ok 1 - Equals
</system-out>
    <testcase name="Equals (711)" classname="spec_perl_TestExprSizeofType0_t" time="0.000220060348510742" />
  </testsuite>
  <testsuite name="spec_perl_TestDefaultEndianExprIsLe_t" errors="0" failures="0" skipped="0" tests="12" time="0.0470449924468994">
    <system-out>1..12
ok 1 - Equals
ok 2 - Equals
ok 3 - Equals
ok 4 - Equals
ok 5 - Equals
ok 6 - Equals
ok 7 - Equals
ok 8 - Equals
ok 9 - Equals
ok 10 - Equals
ok 11 - Equals
ok 12 - Equals
</system-out>
    <testcase name="Equals (712)" classname="spec_perl_TestDefaultEndianExprIsLe_t" time="0.000276088714599609" />
    <testcase name="Equals (713)" classname="spec_perl_TestDefaultEndianExprIsLe_t" time="7.98702239990234e-05" />
    <testcase name="Equals (714)" classname="spec_perl_TestDefaultEndianExprIsLe_t" time="0.000131130218505859" />
    <testcase name="Equals (715)" classname="spec_perl_TestDefaultEndianExprIsLe_t" time="0.000124931335449219" />
    <testcase name="Equals (716)" classname="spec_perl_TestDefaultEndianExprIsLe_t" time="0.000134944915771484" />
    <testcase name="Equals (717)" classname="spec_perl_TestDefaultEndianExprIsLe_t" time="0.000120162963867188" />
    <testcase name="Equals (718)" classname="spec_perl_TestDefaultEndianExprIsLe_t" time="0.000124931335449219" />
    <testcase name="Equals (719)" classname="spec_perl_TestDefaultEndianExprIsLe_t" time="0.000119924545288086" />
    <testcase name="Equals (720)" classname="spec_perl_TestDefaultEndianExprIsLe_t" time="0.000152111053466797" />
    <testcase name="Equals (721)" classname="spec_perl_TestDefaultEndianExprIsLe_t" time="0.000123977661132812" />
    <testcase name="Equals (722)" classname="spec_perl_TestDefaultEndianExprIsLe_t" time="0.000124931335449219" />
    <testcase name="Equals (723)" classname="spec_perl_TestDefaultEndianExprIsLe_t" time="0.000123023986816406" />
  </testsuite>
  <testsuite name="spec_perl_TestRecursiveOne_t" errors="0" failures="0" skipped="0" tests="4" time="0.0451829433441162">
    <system-out>1..4
ok 1 - Equals
ok 2 - Equals
ok 3 - Equals
ok 4 - Equals
</system-out>
    <testcase name="Equals (724)" classname="spec_perl_TestRecursiveOne_t" time="0.000265121459960938" />
    <testcase name="Equals (725)" classname="spec_perl_TestRecursiveOne_t" time="7.98702239990234e-05" />
    <testcase name="Equals (726)" classname="spec_perl_TestRecursiveOne_t" time="0.000131130218505859" />
    <testcase name="Equals (727)" classname="spec_perl_TestRecursiveOne_t" time="0.000136852264404297" />
  </testsuite>
  <testsuite name="spec_perl_TestBytesPadTerm_t" errors="0" failures="0" skipped="0" tests="4" time="0.045720100402832">
    <system-out>1..4
ok 1 - Equals
ok 2 - Equals
ok 3 - Equals
ok 4 - Equals
</system-out>
    <testcase name="Equals (728)" classname="spec_perl_TestBytesPadTerm_t" time="0.000310897827148438" />
    <testcase name="Equals (729)" classname="spec_perl_TestBytesPadTerm_t" time="8.41617584228516e-05" />
    <testcase name="Equals (730)" classname="spec_perl_TestBytesPadTerm_t" time="0.000139951705932617" />
    <testcase name="Equals (731)" classname="spec_perl_TestBytesPadTerm_t" time="0.000128030776977539" />
  </testsuite>
  <testsuite name="spec_perl_TestTypeTernary_t" errors="0" failures="0" skipped="0" tests="1" time="0.0474371910095215">
    <system-out>1..1
ok 1 - Equals
</system-out>
    <testcase name="Equals (732)" classname="spec_perl_TestTypeTernary_t" time="0.000648975372314453" />
  </testsuite>
  <testsuite name="spec_perl_TestSwitchManualIntElse_t" errors="0" failures="0" skipped="0" tests="9" time="0.0533139705657959">
    <system-out>1..9
ok 1 - Equals
ok 2 - Equals
ok 3 - Equals
ok 4 - Equals
ok 5 - Equals
ok 6 - Equals
ok 7 - Equals
ok 8 - Equals
ok 9 - Equals
</system-out>
    <testcase name="Equals (733)" classname="spec_perl_TestSwitchManualIntElse_t" time="0.000448942184448242" />
    <testcase name="Equals (734)" classname="spec_perl_TestSwitchManualIntElse_t" time="9.48905944824219e-05" />
    <testcase name="Equals (735)" classname="spec_perl_TestSwitchManualIntElse_t" time="5.81741333007812e-05" />
    <testcase name="Equals (736)" classname="spec_perl_TestSwitchManualIntElse_t" time="0.000160932540893555" />
    <testcase name="Equals (737)" classname="spec_perl_TestSwitchManualIntElse_t" time="0.000128030776977539" />
    <testcase name="Equals (738)" classname="spec_perl_TestSwitchManualIntElse_t" time="0.000133037567138672" />
    <testcase name="Equals (739)" classname="spec_perl_TestSwitchManualIntElse_t" time="0.000119924545288086" />
    <testcase name="Equals (740)" classname="spec_perl_TestSwitchManualIntElse_t" time="0.000174999237060547" />
    <testcase name="Equals (741)" classname="spec_perl_TestSwitchManualIntElse_t" time="9.58442687988281e-05" />
  </testsuite>
  <testsuite name="spec_perl_TestEofExceptionBytes_t" errors="0" failures="0" skipped="0" tests="1" time="0.0531928539276123">
    <system-out>1..1
ok 1 - Died
</system-out>
    <testcase name="Died (741)" classname="spec_perl_TestEofExceptionBytes_t" time="0.000167131423950195" />
  </testsuite>
  <testsuite name="spec_perl_TestDocstringsDocrefMulti_t" errors="0" failures="0" skipped="1" tests="1" time="0.0443940162658691">
    <system-out>1..1
ok 1 # skip DocstringsDocrefMulti=HASH(0x286a630)
</system-out>
    <testcase name="Unnamed test case 741" classname="spec_perl_TestDocstringsDocrefMulti_t" time="0.00140285491943359">
      <skipped message="ok 1 # skip DocstringsDocrefMulti=HASH(0x286a630)" />
    </testcase>
  </testsuite>
  <testsuite name="spec_perl_TestEnumToIClassBorder1_t" errors="0" failures="1" skipped="0" tests="3" time="0.0485279560089111">
    <system-out>1..3
ok 1 - Equals
ok 2 - Equals
not ok 3 - test_enum_to_i_class_border_1 died (Can't call method &quot;some_dog&quot; on an undefined value at compiled/perl/EnumToIClassBorder2.pm line 42.)
</system-out>
    <testcase name="Equals (742)" classname="spec_perl_TestEnumToIClassBorder1_t" time="0.000261068344116211" />
    <testcase name="Equals (743)" classname="spec_perl_TestEnumToIClassBorder1_t" time="7.39097595214844e-05" />
    <testcase name="test_enum_to_i_class_border_1 died (Can't call method &quot;some_dog&quot; on an undefined value at compiled/perl/EnumToIClassBorder2.pm line 42.) (743)" classname="spec_perl_TestEnumToIClassBorder1_t" time="0.000306129455566406">
      <failure message="not ok 3 - test_enum_to_i_class_border_1 died (Can't call method &quot;some_dog&quot; on an undefined value at compiled/perl/EnumToIClassBorder2.pm line 42.)" type="TAP::Parser::Result::Test"></failure>
    </testcase>
  </testsuite>
  <testsuite name="spec_perl_TestExprSizeofValueSized_t" errors="0" failures="0" skipped="0" tests="5" time="0.0474588871002197">
    <system-out>1..5
ok 1 - Equals
ok 2 - Equals
ok 3 - Equals
ok 4 - Equals
ok 5 - Equals
</system-out>
    <testcase name="Equals (744)" classname="spec_perl_TestExprSizeofValueSized_t" time="0.000682830810546875" />
    <testcase name="Equals (745)" classname="spec_perl_TestExprSizeofValueSized_t" time="0.000107049942016602" />
    <testcase name="Equals (746)" classname="spec_perl_TestExprSizeofValueSized_t" time="5.79357147216797e-05" />
    <testcase name="Equals (747)" classname="spec_perl_TestExprSizeofValueSized_t" time="0.000133037567138672" />
    <testcase name="Equals (748)" classname="spec_perl_TestExprSizeofValueSized_t" time="0.000113010406494141" />
  </testsuite>
  <testsuite name="spec_perl_TestProcessXor4Value_t" errors="0" failures="0" skipped="0" tests="2" time="0.0444080829620361">
    <system-out>1..2
ok 1 - Equals
ok 2 - Equals
</system-out>
    <testcase name="Equals (749)" classname="spec_perl_TestProcessXor4Value_t" time="0.000279903411865234" />
    <testcase name="Equals (750)" classname="spec_perl_TestProcessXor4Value_t" time="9.01222229003906e-05" />
  </testsuite>
  <testsuite name="spec_perl_TestExprEnum_t" errors="0" failures="0" skipped="0" tests="3" time="0.0565059185028076">
    <system-out>1..3
ok 1 - Equals
ok 2 - Equals
ok 3 - Equals
</system-out>
    <testcase name="Equals (751)" classname="spec_perl_TestExprEnum_t" time="0.000164985656738281" />
    <testcase name="Equals (752)" classname="spec_perl_TestExprEnum_t" time="7.41481781005859e-05" />
    <testcase name="Equals (753)" classname="spec_perl_TestExprEnum_t" time="0.00017094612121582" />
  </testsuite>
  <testsuite name="spec_perl_TestEnumForUnknownId_t" errors="0" failures="0" skipped="0" tests="1" time="0.0453801155090332">
    <system-out>1..1
ok 1 - Equals
</system-out>
    <testcase name="Equals (754)" classname="spec_perl_TestEnumForUnknownId_t" time="0.000272989273071289" />
  </testsuite>
  <testsuite name="spec_perl_TestEnum1_t" errors="0" failures="0" skipped="0" tests="2" time="0.0442490577697754">
    <system-out>1..2
ok 1 - Equals
ok 2 - Equals
</system-out>
    <testcase name="Equals (755)" classname="spec_perl_TestEnum1_t" time="0.00024104118347168" />
    <testcase name="Equals (756)" classname="spec_perl_TestEnum1_t" time="8.79764556884766e-05" />
  </testsuite>
  <testsuite name="spec_perl_TestNavParentFalse_t" errors="0" failures="0" skipped="0" tests="5" time="0.0437428951263428">
    <system-out>1..5
ok 1 - Equals
ok 2 - Equals
ok 3 - Equals
ok 4 - Equals
ok 5 - Equals
</system-out>
    <testcase name="Equals (757)" classname="spec_perl_TestNavParentFalse_t" time="0.000255823135375977" />
    <testcase name="Equals (758)" classname="spec_perl_TestNavParentFalse_t" time="7.82012939453125e-05" />
    <testcase name="Equals (759)" classname="spec_perl_TestNavParentFalse_t" time="0.000110864639282227" />
    <testcase name="Equals (760)" classname="spec_perl_TestNavParentFalse_t" time="0.00014805793762207" />
    <testcase name="Equals (761)" classname="spec_perl_TestNavParentFalse_t" time="0.000113964080810547" />
  </testsuite>
  <testsuite name="spec_perl_TestBitsSimple_t" errors="0" failures="0" skipped="0" tests="14" time="0.0486278533935547">
    <system-out>1..14
ok 1 - Equals
ok 2 - Equals
ok 3 - Equals
ok 4 - Equals
ok 5 - Equals
ok 6 - Equals
ok 7 - Equals
ok 8 - Equals
ok 9 - Equals
ok 10 - Equals
ok 11 - Equals
ok 12 - Equals
ok 13 - Equals
ok 14 - Equals
</system-out>
    <testcase name="Equals (762)" classname="spec_perl_TestBitsSimple_t" time="0.000335931777954102" />
    <testcase name="Equals (763)" classname="spec_perl_TestBitsSimple_t" time="8.70227813720703e-05" />
    <testcase name="Equals (764)" classname="spec_perl_TestBitsSimple_t" time="0.000135898590087891" />
    <testcase name="Equals (765)" classname="spec_perl_TestBitsSimple_t" time="0.000131130218505859" />
    <testcase name="Equals (766)" classname="spec_perl_TestBitsSimple_t" time="0.000138044357299805" />
    <testcase name="Equals (767)" classname="spec_perl_TestBitsSimple_t" time="0.000135898590087891" />
    <testcase name="Equals (768)" classname="spec_perl_TestBitsSimple_t" time="0.000114917755126953" />
    <testcase name="Equals (769)" classname="spec_perl_TestBitsSimple_t" time="0.000142097473144531" />
    <testcase name="Equals (770)" classname="spec_perl_TestBitsSimple_t" time="0.000151872634887695" />
    <testcase name="Equals (771)" classname="spec_perl_TestBitsSimple_t" time="0.000142097473144531" />
    <testcase name="Equals (772)" classname="spec_perl_TestBitsSimple_t" time="0.000121116638183594" />
    <testcase name="Equals (773)" classname="spec_perl_TestBitsSimple_t" time="0.000142812728881836" />
    <testcase name="Equals (774)" classname="spec_perl_TestBitsSimple_t" time="0.000121116638183594" />
    <testcase name="Equals (775)" classname="spec_perl_TestBitsSimple_t" time="0.000131845474243164" />
  </testsuite>
  <testsuite name="spec_perl_TestProcessXor4Const_t" errors="0" failures="0" skipped="0" tests="2" time="0.0437750816345215">
    <system-out>1..2
ok 1 - Equals
ok 2 - Equals
</system-out>
    <testcase name="Equals (776)" classname="spec_perl_TestProcessXor4Const_t" time="0.000241994857788086" />
    <testcase name="Equals (777)" classname="spec_perl_TestProcessXor4Const_t" time="7.60555267333984e-05" />
  </testsuite>
  <testsuite name="spec_perl_TestInstanceIoUser_t" errors="0" failures="0" skipped="0" tests="4" time="0.0726680755615234">
    <system-out>1..4
ok 1 - Equals
ok 2 - Equals
ok 3 - Equals
ok 4 - Equals
</system-out>
    <testcase name="Equals (778)" classname="spec_perl_TestInstanceIoUser_t" time="0.000638008117675781" />
    <testcase name="Equals (779)" classname="spec_perl_TestInstanceIoUser_t" time="9.67979431152344e-05" />
    <testcase name="Equals (780)" classname="spec_perl_TestInstanceIoUser_t" time="0.000118017196655273" />
    <testcase name="Equals (781)" classname="spec_perl_TestInstanceIoUser_t" time="0.000156164169311523" />
  </testsuite>
  <testsuite name="spec_perl_TestStrEos_t" errors="0" failures="0" skipped="0" tests="1" time="0.0482499599456787">
    <system-out>1..1
ok 1 - Equals
</system-out>
    <testcase name="Equals (782)" classname="spec_perl_TestStrEos_t" time="0.000362873077392578" />
  </testsuite>
</testsuites>
