<?xml version='1.0' encoding='utf-8'?>
<testsuites>
  <testsuite name="spec_perl_TestEnumLongRangeS_t" errors="0" failures="0" skipped="0" tests="7" time="0.0463781356811523">
    <system-out>1..7
ok 1 - Equals
ok 2 - Equals
ok 3 - Equals
ok 4 - Equals
ok 5 - Equals
ok 6 - Equals
ok 7 - Equals
</system-out>
    <testcase name="Equals" classname="spec_perl_TestEnumLongRangeS_t" time="0.000178098678588867" />
    <testcase name="Equals (2)" classname="spec_perl_TestEnumLongRangeS_t" time="6.79492950439453e-05" />
    <testcase name="Equals (3)" classname="spec_perl_TestEnumLongRangeS_t" time="0.00018310546875" />
    <testcase name="Equals (4)" classname="spec_perl_TestEnumLongRangeS_t" time="0.000153064727783203" />
    <testcase name="Equals (5)" classname="spec_perl_TestEnumLongRangeS_t" time="0.000153779983520508" />
    <testcase name="Equals (6)" classname="spec_perl_TestEnumLongRangeS_t" time="0.000109195709228516" />
    <testcase name="Equals (7)" classname="spec_perl_TestEnumLongRangeS_t" time="0.000190973281860352" />
  </testsuite>
  <testsuite name="spec_perl_TestEnum0_t" errors="0" failures="0" skipped="0" tests="2" time="0.0456209182739258">
    <system-out>1..2
ok 1 - Equals
ok 2 - Equals
</system-out>
    <testcase name="Equals (8)" classname="spec_perl_TestEnum0_t" time="0.000344991683959961" />
    <testcase name="Equals (9)" classname="spec_perl_TestEnum0_t" time="0.000414848327636719" />
  </testsuite>
  <testsuite name="spec_perl_TestStrEos_t" errors="0" failures="0" skipped="0" tests="1" time="0.0479779243469238">
    <system-out>1..1
ok 1 - Equals
</system-out>
    <testcase name="Equals (10)" classname="spec_perl_TestStrEos_t" time="0.000332117080688477" />
  </testsuite>
  <testsuite name="spec_perl_TestProcessCoerceUsertype2_t" errors="0" failures="0" skipped="0" tests="4" time="0.0451769828796387">
    <system-out>1..4
ok 1 - Equals
ok 2 - Equals
ok 3 - Equals
ok 4 - Equals
</system-out>
    <testcase name="Equals (11)" classname="spec_perl_TestProcessCoerceUsertype2_t" time="0.000523090362548828" />
    <testcase name="Equals (12)" classname="spec_perl_TestProcessCoerceUsertype2_t" time="0.000105857849121094" />
    <testcase name="Equals (13)" classname="spec_perl_TestProcessCoerceUsertype2_t" time="6.00814819335938e-05" />
    <testcase name="Equals (14)" classname="spec_perl_TestProcessCoerceUsertype2_t" time="0.000138998031616211" />
  </testsuite>
  <testsuite name="spec_perl_TestImports0_t" errors="0" failures="0" skipped="0" tests="3" time="0.0436060428619385">
    <system-out>1..3
ok 1 - Equals
ok 2 - Equals
ok 3 - Equals
</system-out>
    <testcase name="Equals (15)" classname="spec_perl_TestImports0_t" time="0.0002288818359375" />
    <testcase name="Equals (16)" classname="spec_perl_TestImports0_t" time="7.39097595214844e-05" />
    <testcase name="Equals (17)" classname="spec_perl_TestImports0_t" time="0.000162124633789062" />
  </testsuite>
  <testsuite name="spec_perl_TestEnumIf_t" errors="0" failures="0" skipped="0" tests="7" time="0.0496928691864014">
    <system-out>1..7
ok 1 - Equals
ok 2 - Equals
ok 3 - Equals
ok 4 - Equals
ok 5 - Equals
ok 6 - Equals
ok 7 - Equals
</system-out>
    <testcase name="Equals (18)" classname="spec_perl_TestEnumIf_t" time="0.000451087951660156" />
    <testcase name="Equals (19)" classname="spec_perl_TestEnumIf_t" time="9.67979431152344e-05" />
    <testcase name="Equals (20)" classname="spec_perl_TestEnumIf_t" time="5.81741333007812e-05" />
    <testcase name="Equals (21)" classname="spec_perl_TestEnumIf_t" time="0.000190019607543945" />
    <testcase name="Equals (22)" classname="spec_perl_TestEnumIf_t" time="7.48634338378906e-05" />
    <testcase name="Equals (23)" classname="spec_perl_TestEnumIf_t" time="0.000173091888427734" />
    <testcase name="Equals (24)" classname="spec_perl_TestEnumIf_t" time="9.70363616943359e-05" />
  </testsuite>
  <testsuite name="spec_perl_TestBcdUserTypeLe_t" errors="0" failures="0" skipped="0" tests="6" time="0.0474851131439209">
    <system-out>1..6
ok 1 - Equals
ok 2 - Equals
ok 3 - Equals
ok 4 - Equals
ok 5 - Equals
ok 6 - Equals
</system-out>
    <testcase name="Equals (25)" classname="spec_perl_TestBcdUserTypeLe_t" time="0.000602960586547852" />
    <testcase name="Equals (26)" classname="spec_perl_TestBcdUserTypeLe_t" time="9.01222229003906e-05" />
    <testcase name="Equals (27)" classname="spec_perl_TestBcdUserTypeLe_t" time="0.00014495849609375" />
    <testcase name="Equals (28)" classname="spec_perl_TestBcdUserTypeLe_t" time="0.000171899795532227" />
    <testcase name="Equals (29)" classname="spec_perl_TestBcdUserTypeLe_t" time="0.00017094612121582" />
    <testcase name="Equals (30)" classname="spec_perl_TestBcdUserTypeLe_t" time="0.000182151794433594" />
  </testsuite>
  <testsuite name="spec_perl_TestProcessCustom_t" errors="1" failures="0" skipped="0" tests="0" time="0.0432860851287842">
    <system-out></system-out>
    <testcase name="Test died too soon, even before plan. (30)" classname="spec_perl_TestProcessCustom_t" time="0.0432860851287842">
      <failure message="The test suite died before a plan was produced. You need to have a plan." type="Plan">No plan</failure>
    </testcase>
  </testsuite>
  <testsuite name="spec_perl_TestProcessXorConst_t" errors="0" failures="0" skipped="0" tests="2" time="0.0444049835205078">
    <system-out>1..2
ok 1 - Equals
ok 2 - Equals
</system-out>
    <testcase name="Equals (31)" classname="spec_perl_TestProcessXorConst_t" time="0.000261068344116211" />
    <testcase name="Equals (32)" classname="spec_perl_TestProcessXorConst_t" time="8.70227813720703e-05" />
  </testsuite>
  <testsuite name="spec_perl_TestDebugSwitchUser_t" errors="1" failures="0" skipped="0" tests="0" time="0.0613341331481934">
    <system-out></system-out>
    <testcase name="Test died too soon, even before plan. (32)" classname="spec_perl_TestDebugSwitchUser_t" time="0.0613341331481934">
      <failure message="The test suite died before a plan was produced. You need to have a plan." type="Plan">No plan</failure>
    </testcase>
  </testsuite>
  <testsuite name="spec_perl_TestMultipleUse_t" errors="0" failures="0" skipped="0" tests="2" time="0.0442960262298584">
    <system-out>1..2
ok 1 - Equals
ok 2 - Equals
</system-out>
    <testcase name="Equals (33)" classname="spec_perl_TestMultipleUse_t" time="0.000276088714599609" />
    <testcase name="Equals (34)" classname="spec_perl_TestMultipleUse_t" time="7.89165496826172e-05" />
  </testsuite>
  <testsuite name="spec_perl_TestMetaTags_t" errors="0" failures="0" skipped="1" tests="1" time="0.0452499389648438">
    <system-out>1..1
ok 1 # skip MetaTags=HASH(0x16484c0)
</system-out>
    <testcase name="Unnamed test case 34" classname="spec_perl_TestMetaTags_t" time="0.0012969970703125">
      <skipped message="ok 1 # skip MetaTags=HASH(0x16484c0)" />
    </testcase>
  </testsuite>
  <testsuite name="spec_perl_TestParamsEnum_t" errors="0" failures="1" skipped="0" tests="2" time="0.0700740814208984">
    <system-out>1..2
ok 1 - Equals
not ok 2 - Equals
</system-out>
    <testcase name="Equals (35)" classname="spec_perl_TestParamsEnum_t" time="0.000240087509155273" />
    <testcase name="Equals (36)" classname="spec_perl_TestParamsEnum_t" time="0.000162839889526367">
      <failure message="not ok 2 - Equals" type="TAP::Parser::Result::Test"></failure>
    </testcase>
  </testsuite>
  <testsuite name="spec_perl_TestProcessRotate_t" errors="0" failures="0" skipped="0" tests="3" time="0.0444309711456299">
    <system-out>1..3
ok 1 - Equals
ok 2 - Equals
ok 3 - Equals
</system-out>
    <testcase name="Equals (37)" classname="spec_perl_TestProcessRotate_t" time="0.000314950942993164" />
    <testcase name="Equals (38)" classname="spec_perl_TestProcessRotate_t" time="8.98838043212891e-05" />
    <testcase name="Equals (39)" classname="spec_perl_TestProcessRotate_t" time="5.69820404052734e-05" />
  </testsuite>
  <testsuite name="spec_perl_TestParamsPassArrayInt_t" errors="0" failures="1" skipped="6" tests="7" time="0.0528051853179932">
    <system-out>1..7
not ok 1 - test_params_pass_array_int died (Can't use an undefined value as an ARRAY reference at spec/perl/TestParamsPassArrayInt.t line 15.)
ok 2 # skip test_params_pass_array_int died
ok 3 # skip test_params_pass_array_int died
ok 4 # skip test_params_pass_array_int died
ok 5 # skip test_params_pass_array_int died
ok 6 # skip test_params_pass_array_int died
ok 7 # skip test_params_pass_array_int died
</system-out>
    <testcase name="test_params_pass_array_int died (Can't use an undefined value as an ARRAY reference at spec/perl/TestParamsPassArrayInt.t line 15.) (39)" classname="spec_perl_TestParamsPassArrayInt_t" time="0.000957965850830078">
      <failure message="not ok 1 - test_params_pass_array_int died (Can't use an undefined value as an ARRAY reference at spec/perl/TestParamsPassArrayInt.t line 15.)" type="TAP::Parser::Result::Test"></failure>
    </testcase>
    <testcase name="Unnamed test case 39" classname="spec_perl_TestParamsPassArrayInt_t" time="0.00106120109558105">
      <skipped message="ok 2 # skip test_params_pass_array_int died" />
    </testcase>
    <testcase name="Unnamed test case 40" classname="spec_perl_TestParamsPassArrayInt_t" time="0.000366926193237305">
      <skipped message="ok 3 # skip test_params_pass_array_int died" />
    </testcase>
    <testcase name="Unnamed test case 41" classname="spec_perl_TestParamsPassArrayInt_t" time="0.00041508674621582">
      <skipped message="ok 4 # skip test_params_pass_array_int died" />
    </testcase>
    <testcase name="Unnamed test case 42" classname="spec_perl_TestParamsPassArrayInt_t" time="0.000367879867553711">
      <skipped message="ok 5 # skip test_params_pass_array_int died" />
    </testcase>
    <testcase name="Unnamed test case 43" classname="spec_perl_TestParamsPassArrayInt_t" time="0.000358104705810547">
      <skipped message="ok 6 # skip test_params_pass_array_int died" />
    </testcase>
    <testcase name="Unnamed test case 44" classname="spec_perl_TestParamsPassArrayInt_t" time="0.000355958938598633">
      <skipped message="ok 7 # skip test_params_pass_array_int died" />
    </testcase>
  </testsuite>
  <testsuite name="spec_perl_TestExpr0_t" errors="0" failures="0" skipped="0" tests="2" time="0.0452158451080322">
    <system-out>1..2
ok 1 - Equals
ok 2 - Equals
</system-out>
    <testcase name="Equals (44)" classname="spec_perl_TestExpr0_t" time="0.000326156616210938" />
    <testcase name="Equals (45)" classname="spec_perl_TestExpr0_t" time="0.00013279914855957" />
  </testsuite>
  <testsuite name="spec_perl_TestSwitchRepeatExpr_t" errors="0" failures="0" skipped="0" tests="3" time="0.0459580421447754">
    <system-out>1..3
ok 1 - Equals
ok 2 - Equals
ok 3 - Equals
</system-out>
    <testcase name="Equals (46)" classname="spec_perl_TestSwitchRepeatExpr_t" time="0.000536918640136719" />
    <testcase name="Equals (47)" classname="spec_perl_TestSwitchRepeatExpr_t" time="9.10758972167969e-05" />
    <testcase name="Equals (48)" classname="spec_perl_TestSwitchRepeatExpr_t" time="6.19888305664062e-05" />
  </testsuite>
  <testsuite name="spec_perl_TestValidLong_t" errors="1" failures="0" skipped="0" tests="0" time="0.0420100688934326">
    <system-out></system-out>
    <testcase name="Test died too soon, even before plan. (48)" classname="spec_perl_TestValidLong_t" time="0.0420100688934326">
      <failure message="The test suite died before a plan was produced. You need to have a plan." type="Plan">No plan</failure>
    </testcase>
  </testsuite>
  <testsuite name="spec_perl_TestSwitchManualInt_t" errors="0" failures="0" skipped="0" tests="9" time="0.048691987991333">
    <system-out>1..9
ok 1 - Equals
ok 2 - Equals
ok 3 - Equals
ok 4 - Equals
ok 5 - Equals
ok 6 - Equals
ok 7 - Equals
ok 8 - Equals
ok 9 - Equals
</system-out>
    <testcase name="Equals (49)" classname="spec_perl_TestSwitchManualInt_t" time="0.000322818756103516" />
    <testcase name="Equals (50)" classname="spec_perl_TestSwitchManualInt_t" time="8.20159912109375e-05" />
    <testcase name="Equals (51)" classname="spec_perl_TestSwitchManualInt_t" time="0.000126123428344727" />
    <testcase name="Equals (52)" classname="spec_perl_TestSwitchManualInt_t" time="0.000138044357299805" />
    <testcase name="Equals (53)" classname="spec_perl_TestSwitchManualInt_t" time="0.000140905380249023" />
    <testcase name="Equals (54)" classname="spec_perl_TestSwitchManualInt_t" time="0.000123977661132812" />
    <testcase name="Equals (55)" classname="spec_perl_TestSwitchManualInt_t" time="0.00018000602722168" />
    <testcase name="Equals (56)" classname="spec_perl_TestSwitchManualInt_t" time="0.000123023986816406" />
    <testcase name="Equals (57)" classname="spec_perl_TestSwitchManualInt_t" time="0.000149965286254883" />
  </testsuite>
  <testsuite name="spec_perl_TestPositionAbs_t" errors="0" failures="0" skipped="0" tests="2" time="0.0608730316162109">
    <system-out>1..2
ok 1 - Equals
ok 2 - Equals
</system-out>
    <testcase name="Equals (58)" classname="spec_perl_TestPositionAbs_t" time="0.000268936157226562" />
    <testcase name="Equals (59)" classname="spec_perl_TestPositionAbs_t" time="0.000225067138671875" />
  </testsuite>
  <testsuite name="spec_perl_TestExprCalcArrayOps_t" errors="0" failures="1" skipped="17" tests="18" time="0.0595510005950928">
    <system-out>1..18
not ok 1 - test_expr_calc_array_ops died (Can't use string (&quot;1000&quot;) as an ARRAY ref while &quot;strict refs&quot; in use at compiled/perl/ExprCalcArrayOps.pm line 50.)
ok 2 # skip test_expr_calc_array_ops died
ok 3 # skip test_expr_calc_array_ops died
ok 4 # skip test_expr_calc_array_ops died
ok 5 # skip test_expr_calc_array_ops died
ok 6 # skip test_expr_calc_array_ops died
ok 7 # skip test_expr_calc_array_ops died
ok 8 # skip test_expr_calc_array_ops died
ok 9 # skip test_expr_calc_array_ops died
ok 10 # skip test_expr_calc_array_ops died
ok 11 # skip test_expr_calc_array_ops died
ok 12 # skip test_expr_calc_array_ops died
ok 13 # skip test_expr_calc_array_ops died
ok 14 # skip test_expr_calc_array_ops died
ok 15 # skip test_expr_calc_array_ops died
ok 16 # skip test_expr_calc_array_ops died
ok 17 # skip test_expr_calc_array_ops died
ok 18 # skip test_expr_calc_array_ops died
</system-out>
    <testcase name="test_expr_calc_array_ops died (Can't use string (&quot;1000&quot;) as an ARRAY ref while &quot;strict refs&quot; in use at compiled/perl/ExprCalcArrayOps.pm line 50.) (59)" classname="spec_perl_TestExprCalcArrayOps_t" time="0.000719070434570312">
      <failure message="not ok 1 - test_expr_calc_array_ops died (Can't use string (&quot;1000&quot;) as an ARRAY ref while &quot;strict refs&quot; in use at compiled/perl/ExprCalcArrayOps.pm line 50.)" type="TAP::Parser::Result::Test"></failure>
    </testcase>
    <testcase name="Unnamed test case 59" classname="spec_perl_TestExprCalcArrayOps_t" time="0.000866889953613281">
      <skipped message="ok 2 # skip test_expr_calc_array_ops died" />
    </testcase>
    <testcase name="Unnamed test case 60" classname="spec_perl_TestExprCalcArrayOps_t" time="0.000323057174682617">
      <skipped message="ok 3 # skip test_expr_calc_array_ops died" />
    </testcase>
    <testcase name="Unnamed test case 61" classname="spec_perl_TestExprCalcArrayOps_t" time="0.000300884246826172">
      <skipped message="ok 4 # skip test_expr_calc_array_ops died" />
    </testcase>
    <testcase name="Unnamed test case 62" classname="spec_perl_TestExprCalcArrayOps_t" time="0.000318050384521484">
      <skipped message="ok 5 # skip test_expr_calc_array_ops died" />
    </testcase>
    <testcase name="Unnamed test case 63" classname="spec_perl_TestExprCalcArrayOps_t" time="0.000288963317871094">
      <skipped message="ok 6 # skip test_expr_calc_array_ops died" />
    </testcase>
    <testcase name="Unnamed test case 64" classname="spec_perl_TestExprCalcArrayOps_t" time="0.000310182571411133">
      <skipped message="ok 7 # skip test_expr_calc_array_ops died" />
    </testcase>
    <testcase name="Unnamed test case 65" classname="spec_perl_TestExprCalcArrayOps_t" time="0.000303983688354492">
      <skipped message="ok 8 # skip test_expr_calc_array_ops died" />
    </testcase>
    <testcase name="Unnamed test case 66" classname="spec_perl_TestExprCalcArrayOps_t" time="0.000299930572509766">
      <skipped message="ok 9 # skip test_expr_calc_array_ops died" />
    </testcase>
    <testcase name="Unnamed test case 67" classname="spec_perl_TestExprCalcArrayOps_t" time="0.000293970108032227">
      <skipped message="ok 10 # skip test_expr_calc_array_ops died" />
    </testcase>
    <testcase name="Unnamed test case 68" classname="spec_perl_TestExprCalcArrayOps_t" time="0.000305891036987305">
      <skipped message="ok 11 # skip test_expr_calc_array_ops died" />
    </testcase>
    <testcase name="Unnamed test case 69" classname="spec_perl_TestExprCalcArrayOps_t" time="0.000296115875244141">
      <skipped message="ok 12 # skip test_expr_calc_array_ops died" />
    </testcase>
    <testcase name="Unnamed test case 70" classname="spec_perl_TestExprCalcArrayOps_t" time="0.000287055969238281">
      <skipped message="ok 13 # skip test_expr_calc_array_ops died" />
    </testcase>
    <testcase name="Unnamed test case 71" classname="spec_perl_TestExprCalcArrayOps_t" time="0.000299930572509766">
      <skipped message="ok 14 # skip test_expr_calc_array_ops died" />
    </testcase>
    <testcase name="Unnamed test case 72" classname="spec_perl_TestExprCalcArrayOps_t" time="0.000308990478515625">
      <skipped message="ok 15 # skip test_expr_calc_array_ops died" />
    </testcase>
    <testcase name="Unnamed test case 73" classname="spec_perl_TestExprCalcArrayOps_t" time="0.000287055969238281">
      <skipped message="ok 16 # skip test_expr_calc_array_ops died" />
    </testcase>
    <testcase name="Unnamed test case 74" classname="spec_perl_TestExprCalcArrayOps_t" time="0.000300884246826172">
      <skipped message="ok 17 # skip test_expr_calc_array_ops died" />
    </testcase>
    <testcase name="Unnamed test case 75" classname="spec_perl_TestExprCalcArrayOps_t" time="0.00030207633972168">
      <skipped message="ok 18 # skip test_expr_calc_array_ops died" />
    </testcase>
  </testsuite>
  <testsuite name="spec_perl_TestSwitchManualIntElse_t" errors="0" failures="0" skipped="0" tests="9" time="0.0491321086883545">
    <system-out>1..9
ok 1 - Equals
ok 2 - Equals
ok 3 - Equals
ok 4 - Equals
ok 5 - Equals
ok 6 - Equals
ok 7 - Equals
ok 8 - Equals
ok 9 - Equals
</system-out>
    <testcase name="Equals (75)" classname="spec_perl_TestSwitchManualIntElse_t" time="0.000401020050048828" />
    <testcase name="Equals (76)" classname="spec_perl_TestSwitchManualIntElse_t" time="8.89301300048828e-05" />
    <testcase name="Equals (77)" classname="spec_perl_TestSwitchManualIntElse_t" time="0.000117063522338867" />
    <testcase name="Equals (78)" classname="spec_perl_TestSwitchManualIntElse_t" time="7.10487365722656e-05" />
    <testcase name="Equals (79)" classname="spec_perl_TestSwitchManualIntElse_t" time="0.000169992446899414" />
    <testcase name="Equals (80)" classname="spec_perl_TestSwitchManualIntElse_t" time="0.000166893005371094" />
    <testcase name="Equals (81)" classname="spec_perl_TestSwitchManualIntElse_t" time="0.000123023986816406" />
    <testcase name="Equals (82)" classname="spec_perl_TestSwitchManualIntElse_t" time="0.000155925750732422" />
    <testcase name="Equals (83)" classname="spec_perl_TestSwitchManualIntElse_t" time="0.000136137008666992" />
  </testsuite>
  <testsuite name="spec_perl_TestProcessXorValue_t" errors="0" failures="0" skipped="0" tests="2" time="0.0449340343475342">
    <system-out>1..2
ok 1 - Equals
ok 2 - Equals
</system-out>
    <testcase name="Equals (84)" classname="spec_perl_TestProcessXorValue_t" time="0.000300884246826172" />
    <testcase name="Equals (85)" classname="spec_perl_TestProcessXorValue_t" time="7.91549682617188e-05" />
  </testsuite>
  <testsuite name="spec_perl_TestCombineBytes_t" errors="0" failures="0" skipped="0" tests="10" time="0.047706127166748">
    <system-out>1..10
ok 1 - Equals
ok 2 - Equals
ok 3 - Equals
ok 4 - Equals
ok 5 - Equals
ok 6 - Equals
ok 7 - Equals
ok 8 - Equals
ok 9 - Equals
ok 10 - Equals
</system-out>
    <testcase name="Equals (86)" classname="spec_perl_TestCombineBytes_t" time="0.000272035598754883" />
    <testcase name="Equals (87)" classname="spec_perl_TestCombineBytes_t" time="9.29832458496094e-05" />
    <testcase name="Equals (88)" classname="spec_perl_TestCombineBytes_t" time="8.20159912109375e-05" />
    <testcase name="Equals (89)" classname="spec_perl_TestCombineBytes_t" time="0.000190973281860352" />
    <testcase name="Equals (90)" classname="spec_perl_TestCombineBytes_t" time="6.60419464111328e-05" />
    <testcase name="Equals (91)" classname="spec_perl_TestCombineBytes_t" time="0.000175952911376953" />
    <testcase name="Equals (92)" classname="spec_perl_TestCombineBytes_t" time="0.000114917755126953" />
    <testcase name="Equals (93)" classname="spec_perl_TestCombineBytes_t" time="0.00018310546875" />
    <testcase name="Equals (94)" classname="spec_perl_TestCombineBytes_t" time="0.00010991096496582" />
    <testcase name="Equals (95)" classname="spec_perl_TestCombineBytes_t" time="0.000199079513549805" />
  </testsuite>
  <testsuite name="spec_perl_TestIndexSizes_t" errors="0" failures="0" skipped="0" tests="7" time="0.0471770763397217">
    <system-out>1..7
ok 1 - Equals
ok 2 - Equals
ok 3 - Equals
ok 4 - Equals
ok 5 - Equals
ok 6 - Equals
ok 7 - Equals
</system-out>
    <testcase name="Equals (96)" classname="spec_perl_TestIndexSizes_t" time="0.000290155410766602" />
    <testcase name="Equals (97)" classname="spec_perl_TestIndexSizes_t" time="7.98702239990234e-05" />
    <testcase name="Equals (98)" classname="spec_perl_TestIndexSizes_t" time="0.000202178955078125" />
    <testcase name="Equals (99)" classname="spec_perl_TestIndexSizes_t" time="7.29560852050781e-05" />
    <testcase name="Equals (100)" classname="spec_perl_TestIndexSizes_t" time="5.48362731933594e-05" />
    <testcase name="Equals (101)" classname="spec_perl_TestIndexSizes_t" time="0.000142097473144531" />
    <testcase name="Equals (102)" classname="spec_perl_TestIndexSizes_t" time="0.000113964080810547" />
  </testsuite>
  <testsuite name="spec_perl_TestCastToTop_t" errors="0" failures="0" skipped="0" tests="3" time="0.0456390380859375">
    <system-out>1..3
ok 1 - Equals
ok 2 - Equals
ok 3 - Equals
</system-out>
    <testcase name="Equals (103)" classname="spec_perl_TestCastToTop_t" time="0.000257015228271484" />
    <testcase name="Equals (104)" classname="spec_perl_TestCastToTop_t" time="0.00017094612121582" />
    <testcase name="Equals (105)" classname="spec_perl_TestCastToTop_t" time="0.00016021728515625" />
  </testsuite>
  <testsuite name="spec_perl_TestTermStrz_t" errors="0" failures="0" skipped="0" tests="3" time="0.0471749305725098">
    <system-out>1..3
ok 1 - Equals
ok 2 - Equals
ok 3 - Equals
</system-out>
    <testcase name="Equals (106)" classname="spec_perl_TestTermStrz_t" time="0.000351905822753906" />
    <testcase name="Equals (107)" classname="spec_perl_TestTermStrz_t" time="8.51154327392578e-05" />
    <testcase name="Equals (108)" classname="spec_perl_TestTermStrz_t" time="5.60283660888672e-05" />
  </testsuite>
  <testsuite name="spec_perl_TestTsPacketHeader_t" errors="0" failures="0" skipped="0" tests="7" time="0.0451970100402832">
    <system-out>1..7
ok 1 - Equals
ok 2 - Equals
ok 3 - Equals
ok 4 - Equals
ok 5 - Equals
ok 6 - Equals
ok 7 - Equals
</system-out>
    <testcase name="Equals (109)" classname="spec_perl_TestTsPacketHeader_t" time="0.000388860702514648" />
    <testcase name="Equals (110)" classname="spec_perl_TestTsPacketHeader_t" time="9.29832458496094e-05" />
    <testcase name="Equals (111)" classname="spec_perl_TestTsPacketHeader_t" time="6.60419464111328e-05" />
    <testcase name="Equals (112)" classname="spec_perl_TestTsPacketHeader_t" time="0.000138044357299805" />
    <testcase name="Equals (113)" classname="spec_perl_TestTsPacketHeader_t" time="0.000118017196655273" />
    <testcase name="Equals (114)" classname="spec_perl_TestTsPacketHeader_t" time="0.00014495849609375" />
    <testcase name="Equals (115)" classname="spec_perl_TestTsPacketHeader_t" time="0.000119924545288086" />
  </testsuite>
  <testsuite name="spec_perl_TestOptionalId_t" errors="0" failures="0" skipped="0" tests="3" time="0.0437440872192383">
    <system-out>1..3
ok 1 - Equals
ok 2 - Equals
ok 3 - Equals
</system-out>
    <testcase name="Equals (116)" classname="spec_perl_TestOptionalId_t" time="0.000243186950683594" />
    <testcase name="Equals (117)" classname="spec_perl_TestOptionalId_t" time="7.89165496826172e-05" />
    <testcase name="Equals (118)" classname="spec_perl_TestOptionalId_t" time="0.000174045562744141" />
  </testsuite>
  <testsuite name="spec_perl_TestNavParentSwitch_t" errors="0" failures="0" skipped="0" tests="3" time="0.044158935546875">
    <system-out>1..3
ok 1 - Equals
ok 2 - Equals
ok 3 - Equals
</system-out>
    <testcase name="Equals (119)" classname="spec_perl_TestNavParentSwitch_t" time="0.000259160995483398" />
    <testcase name="Equals (120)" classname="spec_perl_TestNavParentSwitch_t" time="7.70092010498047e-05" />
    <testcase name="Equals (121)" classname="spec_perl_TestNavParentSwitch_t" time="0.000116825103759766" />
  </testsuite>
  <testsuite name="spec_perl_TestExprSizeofValue0_t" errors="0" failures="0" skipped="0" tests="5" time="0.0448830127716064">
    <system-out>1..5
ok 1 - Equals
ok 2 - Equals
ok 3 - Equals
ok 4 - Equals
ok 5 - Equals
</system-out>
    <testcase name="Equals (122)" classname="spec_perl_TestExprSizeofValue0_t" time="0.000373125076293945" />
    <testcase name="Equals (123)" classname="spec_perl_TestExprSizeofValue0_t" time="8.29696655273438e-05" />
    <testcase name="Equals (124)" classname="spec_perl_TestExprSizeofValue0_t" time="0.000139951705932617" />
    <testcase name="Equals (125)" classname="spec_perl_TestExprSizeofValue0_t" time="6.79492950439453e-05" />
    <testcase name="Equals (126)" classname="spec_perl_TestExprSizeofValue0_t" time="0.00014805793762207" />
  </testsuite>
  <testsuite name="spec_perl_TestTypeTernaryOpaque_t" errors="0" failures="0" skipped="0" tests="3" time="0.0485398769378662">
    <system-out>1..3
ok 1 - Equals
ok 2 - Equals
ok 3 - Equals
</system-out>
    <testcase name="Equals (127)" classname="spec_perl_TestTypeTernaryOpaque_t" time="0.000637054443359375" />
    <testcase name="Equals (128)" classname="spec_perl_TestTypeTernaryOpaque_t" time="9.79900360107422e-05" />
    <testcase name="Equals (129)" classname="spec_perl_TestTypeTernaryOpaque_t" time="5.69820404052734e-05" />
  </testsuite>
  <testsuite name="spec_perl_TestFloatingPoints_t" errors="0" failures="0" skipped="0" tests="8" time="0.0467329025268555">
    <system-out>1..8
ok 1 - Approx equals
ok 2 - Approx equals
ok 3 - Approx equals
ok 4 - Approx equals
ok 5 - Approx equals
ok 6 - Approx equals
ok 7 - Approx equals
ok 8 - Approx equals
</system-out>
    <testcase name="Approx equals (129)" classname="spec_perl_TestFloatingPoints_t" time="0.000168085098266602" />
    <testcase name="Approx equals (130)" classname="spec_perl_TestFloatingPoints_t" time="5.38825988769531e-05" />
    <testcase name="Approx equals (131)" classname="spec_perl_TestFloatingPoints_t" time="5.81741333007812e-05" />
    <testcase name="Approx equals (132)" classname="spec_perl_TestFloatingPoints_t" time="4.38690185546875e-05" />
    <testcase name="Approx equals (133)" classname="spec_perl_TestFloatingPoints_t" time="4.10079956054688e-05" />
    <testcase name="Approx equals (134)" classname="spec_perl_TestFloatingPoints_t" time="5.19752502441406e-05" />
    <testcase name="Approx equals (135)" classname="spec_perl_TestFloatingPoints_t" time="3.91006469726562e-05" />
    <testcase name="Approx equals (136)" classname="spec_perl_TestFloatingPoints_t" time="3.79085540771484e-05" />
  </testsuite>
  <testsuite name="spec_perl_TestPositionToEnd_t" errors="0" failures="0" skipped="0" tests="2" time="0.0460550785064697">
    <system-out>1..2
ok 1 - Equals
ok 2 - Equals
</system-out>
    <testcase name="Equals (136)" classname="spec_perl_TestPositionToEnd_t" time="0.000277996063232422" />
    <testcase name="Equals (137)" classname="spec_perl_TestPositionToEnd_t" time="7.79628753662109e-05" />
  </testsuite>
  <testsuite name="spec_perl_TestRecursiveOne_t" errors="0" failures="0" skipped="0" tests="4" time="0.0447261333465576">
    <system-out>1..4
ok 1 - Equals
ok 2 - Equals
ok 3 - Equals
ok 4 - Equals
</system-out>
    <testcase name="Equals (138)" classname="spec_perl_TestRecursiveOne_t" time="0.000278949737548828" />
    <testcase name="Equals (139)" classname="spec_perl_TestRecursiveOne_t" time="8.70227813720703e-05" />
    <testcase name="Equals (140)" classname="spec_perl_TestRecursiveOne_t" time="9.51290130615234e-05" />
    <testcase name="Equals (141)" classname="spec_perl_TestRecursiveOne_t" time="0.00020289421081543" />
  </testsuite>
  <testsuite name="spec_perl_TestProcessToUser_t" errors="0" failures="0" skipped="0" tests="1" time="0.0474019050598145">
    <system-out>1..1
ok 1 - Equals
</system-out>
    <testcase name="Equals (142)" classname="spec_perl_TestProcessToUser_t" time="0.000613927841186523" />
  </testsuite>
  <testsuite name="spec_perl_TestProcessCoerceUsertype1_t" errors="0" failures="0" skipped="0" tests="4" time="0.0456418991088867">
    <system-out>1..4
ok 1 - Equals
ok 2 - Equals
ok 3 - Equals
ok 4 - Equals
</system-out>
    <testcase name="Equals (143)" classname="spec_perl_TestProcessCoerceUsertype1_t" time="0.000604867935180664" />
    <testcase name="Equals (144)" classname="spec_perl_TestProcessCoerceUsertype1_t" time="0.0001220703125" />
    <testcase name="Equals (145)" classname="spec_perl_TestProcessCoerceUsertype1_t" time="4.88758087158203e-05" />
    <testcase name="Equals (146)" classname="spec_perl_TestProcessCoerceUsertype1_t" time="0.000102043151855469" />
  </testsuite>
  <testsuite name="spec_perl_TestNavRoot_t" errors="0" failures="0" skipped="0" tests="5" time="0.0484271049499512">
    <system-out>1..5
ok 1 - Equals
ok 2 - Equals
ok 3 - Equals
ok 4 - Equals
ok 5 - Equals
</system-out>
    <testcase name="Equals (147)" classname="spec_perl_TestNavRoot_t" time="0.000357866287231445" />
    <testcase name="Equals (148)" classname="spec_perl_TestNavRoot_t" time="8.20159912109375e-05" />
    <testcase name="Equals (149)" classname="spec_perl_TestNavRoot_t" time="0.000145196914672852" />
    <testcase name="Equals (150)" classname="spec_perl_TestNavRoot_t" time="8.67843627929688e-05" />
    <testcase name="Equals (151)" classname="spec_perl_TestNavRoot_t" time="0.000164031982421875" />
  </testsuite>
  <testsuite name="spec_perl_TestIndexToParamUntil_t" errors="0" failures="2" skipped="0" tests="7" time="0.0628929138183594">
    <system-out>1..7
ok 1 - Equals
ok 2 - Equals
ok 3 - Equals
ok 4 - Equals
ok 5 - Equals
not ok 6 - Equals
not ok 7 - Equals
</system-out>
    <testcase name="Equals (152)" classname="spec_perl_TestIndexToParamUntil_t" time="0.00042414665222168" />
    <testcase name="Equals (153)" classname="spec_perl_TestIndexToParamUntil_t" time="0.000325918197631836" />
    <testcase name="Equals (154)" classname="spec_perl_TestIndexToParamUntil_t" time="0.000279903411865234" />
    <testcase name="Equals (155)" classname="spec_perl_TestIndexToParamUntil_t" time="0.000272989273071289" />
    <testcase name="Equals (156)" classname="spec_perl_TestIndexToParamUntil_t" time="0.000274181365966797" />
    <testcase name="Equals (157)" classname="spec_perl_TestIndexToParamUntil_t" time="0.000341892242431641">
      <failure message="not ok 6 - Equals" type="TAP::Parser::Result::Test"></failure>
    </testcase>
    <testcase name="Equals (158)" classname="spec_perl_TestIndexToParamUntil_t" time="0.000891923904418945">
      <failure message="not ok 7 - Equals" type="TAP::Parser::Result::Test"></failure>
    </testcase>
  </testsuite>
  <testsuite name="spec_perl_TestEnumDeepLiterals_t" errors="0" failures="0" skipped="0" tests="2" time="0.0447280406951904">
    <system-out>1..2
ok 1 - Equals
ok 2 - Equals
</system-out>
    <testcase name="Equals (159)" classname="spec_perl_TestEnumDeepLiterals_t" time="0.000208854675292969" />
    <testcase name="Equals (160)" classname="spec_perl_TestEnumDeepLiterals_t" time="6.91413879394531e-05" />
  </testsuite>
  <testsuite name="spec_perl_TestIntegers_t" errors="1" failures="0" skipped="0" tests="0" time="0.0429000854492188">
    <system-out></system-out>
    <testcase name="Test died too soon, even before plan. (160)" classname="spec_perl_TestIntegers_t" time="0.0429000854492188">
      <failure message="The test suite died before a plan was produced. You need to have a plan." type="Plan">No plan</failure>
    </testcase>
  </testsuite>
  <testsuite name="spec_perl_TestEnumInvalid_t" errors="0" failures="0" skipped="0" tests="2" time="0.0473060607910156">
    <system-out>1..2
ok 1 - Equals
ok 2 - Equals
</system-out>
    <testcase name="Equals (161)" classname="spec_perl_TestEnumInvalid_t" time="0.000164985656738281" />
    <testcase name="Equals (162)" classname="spec_perl_TestEnumInvalid_t" time="6.50882720947266e-05" />
  </testsuite>
  <testsuite name="spec_perl_TestJsSignedRightShift_t" errors="0" failures="0" skipped="0" tests="2" time="0.0446610450744629">
    <system-out>1..2
ok 1 - Equals
ok 2 - Equals
</system-out>
    <testcase name="Equals (163)" classname="spec_perl_TestJsSignedRightShift_t" time="0.000234127044677734" />
    <testcase name="Equals (164)" classname="spec_perl_TestJsSignedRightShift_t" time="8.29696655273438e-05" />
  </testsuite>
  <testsuite name="spec_perl_TestEnumLongRangeU_t" errors="0" failures="0" skipped="0" tests="4" time="0.0457420349121094">
    <system-out>1..4
ok 1 - Equals
ok 2 - Equals
ok 3 - Equals
ok 4 - Equals
</system-out>
    <testcase name="Equals (165)" classname="spec_perl_TestEnumLongRangeU_t" time="0.000224828720092773" />
    <testcase name="Equals (166)" classname="spec_perl_TestEnumLongRangeU_t" time="7.10487365722656e-05" />
    <testcase name="Equals (167)" classname="spec_perl_TestEnumLongRangeU_t" time="0.000172138214111328" />
    <testcase name="Equals (168)" classname="spec_perl_TestEnumLongRangeU_t" time="8.89301300048828e-05" />
  </testsuite>
  <testsuite name="spec_perl_TestRepeatNStruct_t" errors="0" failures="0" skipped="0" tests="5" time="0.0449240207672119">
    <system-out>1..5
ok 1 - Equals
ok 2 - Equals
ok 3 - Equals
ok 4 - Equals
ok 5 - Equals
</system-out>
    <testcase name="Equals (169)" classname="spec_perl_TestRepeatNStruct_t" time="0.000276088714599609" />
    <testcase name="Equals (170)" classname="spec_perl_TestRepeatNStruct_t" time="8.0108642578125e-05" />
    <testcase name="Equals (171)" classname="spec_perl_TestRepeatNStruct_t" time="0.000124931335449219" />
    <testcase name="Equals (172)" classname="spec_perl_TestRepeatNStruct_t" time="0.000125885009765625" />
    <testcase name="Equals (173)" classname="spec_perl_TestRepeatNStruct_t" time="0.000132083892822266" />
  </testsuite>
  <testsuite name="spec_perl_TestTermBytes_t" errors="0" failures="0" skipped="0" tests="3" time="0.044543981552124">
    <system-out>1..3
ok 1 - Equals
ok 2 - Equals
ok 3 - Equals
</system-out>
    <testcase name="Equals (174)" classname="spec_perl_TestTermBytes_t" time="0.000269889831542969" />
    <testcase name="Equals (175)" classname="spec_perl_TestTermBytes_t" time="8.20159912109375e-05" />
    <testcase name="Equals (176)" classname="spec_perl_TestTermBytes_t" time="0.000111103057861328" />
  </testsuite>
  <testsuite name="spec_perl_TestNonStandard_t" errors="0" failures="0" skipped="0" tests="1" time="0.0436990261077881">
    <system-out>1..1
ok 1 - Equals
</system-out>
    <testcase name="Equals (177)" classname="spec_perl_TestNonStandard_t" time="0.000173807144165039" />
  </testsuite>
  <testsuite name="spec_perl_TestNavParent2_t" errors="0" failures="0" skipped="0" tests="10" time="0.048961877822876">
    <system-out>1..10
ok 1 - Equals
ok 2 - Equals
ok 3 - Equals
ok 4 - Equals
ok 5 - Equals
ok 6 - Equals
ok 7 - Equals
ok 8 - Equals
ok 9 - Equals
ok 10 - Equals
</system-out>
    <testcase name="Equals (178)" classname="spec_perl_TestNavParent2_t" time="0.000316143035888672" />
    <testcase name="Equals (179)" classname="spec_perl_TestNavParent2_t" time="7.98702239990234e-05" />
    <testcase name="Equals (180)" classname="spec_perl_TestNavParent2_t" time="0.000107049942016602" />
    <testcase name="Equals (181)" classname="spec_perl_TestNavParent2_t" time="0.00014805793762207" />
    <testcase name="Equals (182)" classname="spec_perl_TestNavParent2_t" time="0.000113964080810547" />
    <testcase name="Equals (183)" classname="spec_perl_TestNavParent2_t" time="0.000241994857788086" />
    <testcase name="Equals (184)" classname="spec_perl_TestNavParent2_t" time="7.89165496826172e-05" />
    <testcase name="Equals (185)" classname="spec_perl_TestNavParent2_t" time="9.39369201660156e-05" />
    <testcase name="Equals (186)" classname="spec_perl_TestNavParent2_t" time="0.000144004821777344" />
    <testcase name="Equals (187)" classname="spec_perl_TestNavParent2_t" time="0.000176191329956055" />
  </testsuite>
  <testsuite name="spec_perl_TestValidShort_t" errors="1" failures="0" skipped="0" tests="0" time="0.0465970039367676">
    <system-out></system-out>
    <testcase name="Test died too soon, even before plan. (187)" classname="spec_perl_TestValidShort_t" time="0.0465970039367676">
      <failure message="The test suite died before a plan was produced. You need to have a plan." type="Plan">No plan</failure>
    </testcase>
  </testsuite>
  <testsuite name="spec_perl_TestRepeatEosU4_t" errors="0" failures="0" skipped="0" tests="1" time="0.0445659160614014">
    <system-out>1..1
ok 1 - Equals
</system-out>
    <testcase name="Equals (188)" classname="spec_perl_TestRepeatEosU4_t" time="0.000277042388916016" />
  </testsuite>
  <testsuite name="spec_perl_TestStrLiterals2_t" errors="0" failures="0" skipped="0" tests="4" time="0.0450739860534668">
    <system-out>1..4
ok 1 - Equals
ok 2 - Equals
ok 3 - Equals
ok 4 - Equals
</system-out>
    <testcase name="Equals (189)" classname="spec_perl_TestStrLiterals2_t" time="0.000258922576904297" />
    <testcase name="Equals (190)" classname="spec_perl_TestStrLiterals2_t" time="0.000113964080810547" />
    <testcase name="Equals (191)" classname="spec_perl_TestStrLiterals2_t" time="0.000161170959472656" />
    <testcase name="Equals (192)" classname="spec_perl_TestStrLiterals2_t" time="0.000138998031616211" />
  </testsuite>
  <testsuite name="spec_perl_TestProcessRepeatBytes_t" errors="0" failures="0" skipped="0" tests="2" time="0.0482947826385498">
    <system-out>1..2
ok 1 - Equals
ok 2 - Equals
</system-out>
    <testcase name="Equals (193)" classname="spec_perl_TestProcessRepeatBytes_t" time="0.000272035598754883" />
    <testcase name="Equals (194)" classname="spec_perl_TestProcessRepeatBytes_t" time="9.79900360107422e-05" />
  </testsuite>
  <testsuite name="spec_perl_TestParamsPassArrayStr_t" errors="0" failures="1" skipped="6" tests="7" time="0.0563809871673584">
    <system-out>1..7
not ok 1 - test_params_pass_array_str died (Can't use an undefined value as an ARRAY reference at spec/perl/TestParamsPassArrayStr.t line 15.)
ok 2 # skip test_params_pass_array_str died
ok 3 # skip test_params_pass_array_str died
ok 4 # skip test_params_pass_array_str died
ok 5 # skip test_params_pass_array_str died
ok 6 # skip test_params_pass_array_str died
ok 7 # skip test_params_pass_array_str died
</system-out>
    <testcase name="test_params_pass_array_str died (Can't use an undefined value as an ARRAY reference at spec/perl/TestParamsPassArrayStr.t line 15.) (194)" classname="spec_perl_TestParamsPassArrayStr_t" time="0.00101494789123535">
      <failure message="not ok 1 - test_params_pass_array_str died (Can't use an undefined value as an ARRAY reference at spec/perl/TestParamsPassArrayStr.t line 15.)" type="TAP::Parser::Result::Test"></failure>
    </testcase>
    <testcase name="Unnamed test case 194" classname="spec_perl_TestParamsPassArrayStr_t" time="0.00109100341796875">
      <skipped message="ok 2 # skip test_params_pass_array_str died" />
    </testcase>
    <testcase name="Unnamed test case 195" classname="spec_perl_TestParamsPassArrayStr_t" time="0.000416040420532227">
      <skipped message="ok 3 # skip test_params_pass_array_str died" />
    </testcase>
    <testcase name="Unnamed test case 196" classname="spec_perl_TestParamsPassArrayStr_t" time="0.000327825546264648">
      <skipped message="ok 4 # skip test_params_pass_array_str died" />
    </testcase>
    <testcase name="Unnamed test case 197" classname="spec_perl_TestParamsPassArrayStr_t" time="0.000380039215087891">
      <skipped message="ok 5 # skip test_params_pass_array_str died" />
    </testcase>
    <testcase name="Unnamed test case 198" classname="spec_perl_TestParamsPassArrayStr_t" time="0.000373125076293945">
      <skipped message="ok 6 # skip test_params_pass_array_str died" />
    </testcase>
    <testcase name="Unnamed test case 199" classname="spec_perl_TestParamsPassArrayStr_t" time="0.000450849533081055">
      <skipped message="ok 7 # skip test_params_pass_array_str died" />
    </testcase>
  </testsuite>
  <testsuite name="spec_perl_TestRepeatNStrzDouble_t" errors="0" failures="0" skipped="0" tests="3" time="0.0475389957427979">
    <system-out>1..3
ok 1 - Equals
ok 2 - Equals
ok 3 - Equals
</system-out>
    <testcase name="Equals (199)" classname="spec_perl_TestRepeatNStrzDouble_t" time="0.0003509521484375" />
    <testcase name="Equals (200)" classname="spec_perl_TestRepeatNStrzDouble_t" time="8.82148742675781e-05" />
    <testcase name="Equals (201)" classname="spec_perl_TestRepeatNStrzDouble_t" time="0.00010991096496582" />
  </testsuite>
  <testsuite name="spec_perl_TestSwitchCast_t" errors="0" failures="0" skipped="0" tests="2" time="0.0484449863433838">
    <system-out>1..2
ok 1 - Equals
ok 2 - Equals
</system-out>
    <testcase name="Equals (202)" classname="spec_perl_TestSwitchCast_t" time="0.000355005264282227" />
    <testcase name="Equals (203)" classname="spec_perl_TestSwitchCast_t" time="8.48770141601562e-05" />
  </testsuite>
  <testsuite name="spec_perl_TestDefaultEndianExprException_t" errors="0" failures="0" skipped="0" tests="1" time="0.0472159385681152">
    <system-out>1..1
ok 1 - Died
</system-out>
    <testcase name="Died (203)" classname="spec_perl_TestDefaultEndianExprException_t" time="0.000318050384521484" />
  </testsuite>
  <testsuite name="spec_perl_TestCastNested_t" errors="0" failures="0" skipped="0" tests="4" time="0.0497250556945801">
    <system-out>1..4
ok 1 - Equals
ok 2 - Equals
ok 3 - Equals
ok 4 - Equals
</system-out>
    <testcase name="Equals (204)" classname="spec_perl_TestCastNested_t" time="0.000394105911254883" />
    <testcase name="Equals (205)" classname="spec_perl_TestCastNested_t" time="9.08374786376953e-05" />
    <testcase name="Equals (206)" classname="spec_perl_TestCastNested_t" time="5.7220458984375e-05" />
    <testcase name="Equals (207)" classname="spec_perl_TestCastNested_t" time="0.000245809555053711" />
  </testsuite>
  <testsuite name="spec_perl_TestProcessXor4Const_t" errors="0" failures="0" skipped="0" tests="2" time="0.044597864151001">
    <system-out>1..2
ok 1 - Equals
ok 2 - Equals
</system-out>
    <testcase name="Equals (208)" classname="spec_perl_TestProcessXor4Const_t" time="0.000283002853393555" />
    <testcase name="Equals (209)" classname="spec_perl_TestProcessXor4Const_t" time="7.70092010498047e-05" />
  </testsuite>
  <testsuite name="spec_perl_TestSwitchManualIntSize_t" errors="0" failures="1" skipped="0" tests="10" time="0.0530729293823242">
    <system-out>1..10
ok 1 - Equals
ok 2 - Equals
ok 3 - Equals
ok 4 - Equals
ok 5 - Equals
not ok 6 - test switch manual int size
ok 7 - Equals
ok 8 - Equals
ok 9 - Equals
ok 10 - Equals
</system-out>
    <testcase name="Equals (210)" classname="spec_perl_TestSwitchManualIntSize_t" time="0.000713109970092773" />
    <testcase name="Equals (211)" classname="spec_perl_TestSwitchManualIntSize_t" time="9.98973846435547e-05" />
    <testcase name="Equals (212)" classname="spec_perl_TestSwitchManualIntSize_t" time="5.81741333007812e-05" />
    <testcase name="Equals (213)" classname="spec_perl_TestSwitchManualIntSize_t" time="0.000211954116821289" />
    <testcase name="Equals (214)" classname="spec_perl_TestSwitchManualIntSize_t" time="9.70363616943359e-05" />
    <testcase name="test switch manual int size (214)" classname="spec_perl_TestSwitchManualIntSize_t" time="0.00196480751037598">
      <failure message="not ok 6 - test switch manual int size" type="TAP::Parser::Result::Test"></failure>
    </testcase>
    <testcase name="Equals (215)" classname="spec_perl_TestSwitchManualIntSize_t" time="6.50882720947266e-05" />
    <testcase name="Equals (216)" classname="spec_perl_TestSwitchManualIntSize_t" time="0.000971078872680664" />
    <testcase name="Equals (217)" classname="spec_perl_TestSwitchManualIntSize_t" time="0.000272035598754883" />
    <testcase name="Equals (218)" classname="spec_perl_TestSwitchManualIntSize_t" time="0.000131845474243164" />
  </testsuite>
  <testsuite name="spec_perl_TestExprSizeofType0_t" errors="0" failures="0" skipped="0" tests="1" time="0.0509748458862305">
    <system-out>1..1
ok 1 - Equals
</system-out>
    <testcase name="Equals (219)" classname="spec_perl_TestExprSizeofType0_t" time="0.000247955322265625" />
  </testsuite>
  <testsuite name="spec_perl_TestUserType_t" errors="0" failures="0" skipped="0" tests="2" time="0.0445630550384521">
    <system-out>1..2
ok 1 - Equals
ok 2 - Equals
</system-out>
    <testcase name="Equals (220)" classname="spec_perl_TestUserType_t" time="0.000247955322265625" />
    <testcase name="Equals (221)" classname="spec_perl_TestUserType_t" time="7.79628753662109e-05" />
  </testsuite>
  <testsuite name="spec_perl_TestRepeatEosStruct_t" errors="0" failures="0" skipped="0" tests="5" time="0.044605016708374">
    <system-out>1..5
ok 1 - Equals
ok 2 - Equals
ok 3 - Equals
ok 4 - Equals
ok 5 - Equals
</system-out>
    <testcase name="Equals (222)" classname="spec_perl_TestRepeatEosStruct_t" time="0.000272989273071289" />
    <testcase name="Equals (223)" classname="spec_perl_TestRepeatEosStruct_t" time="7.91549682617188e-05" />
    <testcase name="Equals (224)" classname="spec_perl_TestRepeatEosStruct_t" time="0.000127792358398438" />
    <testcase name="Equals (225)" classname="spec_perl_TestRepeatEosStruct_t" time="0.000118017196655273" />
    <testcase name="Equals (226)" classname="spec_perl_TestRepeatEosStruct_t" time="0.000154972076416016" />
  </testsuite>
  <testsuite name="spec_perl_TestStrPadTermEmpty_t" errors="0" failures="0" skipped="0" tests="4" time="0.0475950241088867">
    <system-out>1..4
ok 1 - Equals
ok 2 - Equals
ok 3 - Equals
ok 4 - Equals
</system-out>
    <testcase name="Equals (227)" classname="spec_perl_TestStrPadTermEmpty_t" time="0.0003662109375" />
    <testcase name="Equals (228)" classname="spec_perl_TestStrPadTermEmpty_t" time="0.000138998031616211" />
    <testcase name="Equals (229)" classname="spec_perl_TestStrPadTermEmpty_t" time="4.88758087158203e-05" />
    <testcase name="Equals (230)" classname="spec_perl_TestStrPadTermEmpty_t" time="7.70092010498047e-05" />
  </testsuite>
  <testsuite name="spec_perl_TestInstanceUserArray_t" errors="0" failures="0" skipped="0" tests="10" time="0.0468909740447998">
    <system-out>1..10
ok 1 - Equals
ok 2 - Equals
ok 3 - Equals
ok 4 - Equals
ok 5 - Equals
ok 6 - Equals
ok 7 - Equals
ok 8 - Equals
ok 9 - Equals
ok 10 - Equals
</system-out>
    <testcase name="Equals (231)" classname="spec_perl_TestInstanceUserArray_t" time="0.000252008438110352" />
    <testcase name="Equals (232)" classname="spec_perl_TestInstanceUserArray_t" time="0.000163078308105469" />
    <testcase name="Equals (233)" classname="spec_perl_TestInstanceUserArray_t" time="8.392333984375e-05" />
    <testcase name="Equals (234)" classname="spec_perl_TestInstanceUserArray_t" time="0.000535011291503906" />
    <testcase name="Equals (235)" classname="spec_perl_TestInstanceUserArray_t" time="7.70092010498047e-05" />
    <testcase name="Equals (236)" classname="spec_perl_TestInstanceUserArray_t" time="0.000128984451293945" />
    <testcase name="Equals (237)" classname="spec_perl_TestInstanceUserArray_t" time="0.000133991241455078" />
    <testcase name="Equals (238)" classname="spec_perl_TestInstanceUserArray_t" time="0.000133991241455078" />
    <testcase name="Equals (239)" classname="spec_perl_TestInstanceUserArray_t" time="0.000169038772583008" />
    <testcase name="Equals (240)" classname="spec_perl_TestInstanceUserArray_t" time="0.000118017196655273" />
  </testsuite>
  <testsuite name="spec_perl_TestEofExceptionU4_t" errors="0" failures="0" skipped="0" tests="1" time="0.0463640689849854">
    <system-out>1..1
ok 1 - Died
</system-out>
    <testcase name="Died (240)" classname="spec_perl_TestEofExceptionU4_t" time="0.000168085098266602" />
  </testsuite>
  <testsuite name="spec_perl_TestZlibWithHeader78_t" errors="0" failures="0" skipped="0" tests="1" time="0.0641398429870605">
    <system-out>1..1
ok 1 - Equals
</system-out>
    <testcase name="Equals (241)" classname="spec_perl_TestZlibWithHeader78_t" time="0.000339984893798828" />
  </testsuite>
  <testsuite name="spec_perl_TestNestedTypes_t" errors="0" failures="0" skipped="0" tests="3" time="0.060931921005249">
    <system-out>1..3
ok 1 - Equals
ok 2 - Equals
ok 3 - Equals
</system-out>
    <testcase name="Equals (242)" classname="spec_perl_TestNestedTypes_t" time="0.000286102294921875" />
    <testcase name="Equals (243)" classname="spec_perl_TestNestedTypes_t" time="8.08238983154297e-05" />
    <testcase name="Equals (244)" classname="spec_perl_TestNestedTypes_t" time="0.000127077102661133" />
  </testsuite>
  <testsuite name="spec_perl_TestProcessCoerceSwitch_t" errors="0" failures="0" skipped="0" tests="3" time="0.0455009937286377">
    <system-out>1..3
ok 1 - Equals
ok 2 - Equals
ok 3 - Equals
</system-out>
    <testcase name="Equals (245)" classname="spec_perl_TestProcessCoerceSwitch_t" time="0.000599861145019531" />
    <testcase name="Equals (246)" classname="spec_perl_TestProcessCoerceSwitch_t" time="0.000104188919067383" />
    <testcase name="Equals (247)" classname="spec_perl_TestProcessCoerceSwitch_t" time="6.4849853515625e-05" />
  </testsuite>
  <testsuite name="spec_perl_TestExprMod_t" errors="0" failures="0" skipped="0" tests="6" time="0.0451309680938721">
    <system-out>1..6
ok 1 - Equals
ok 2 - Equals
ok 3 - Equals
ok 4 - Equals
ok 5 - Equals
ok 6 - Equals
</system-out>
    <testcase name="Equals (248)" classname="spec_perl_TestExprMod_t" time="0.000238895416259766" />
    <testcase name="Equals (249)" classname="spec_perl_TestExprMod_t" time="9.10758972167969e-05" />
    <testcase name="Equals (250)" classname="spec_perl_TestExprMod_t" time="0.00014495849609375" />
    <testcase name="Equals (251)" classname="spec_perl_TestExprMod_t" time="0.000128984451293945" />
    <testcase name="Equals (252)" classname="spec_perl_TestExprMod_t" time="0.000133037567138672" />
    <testcase name="Equals (253)" classname="spec_perl_TestExprMod_t" time="0.000120878219604492" />
  </testsuite>
  <testsuite name="spec_perl_TestEnumOfValueInst_t" errors="0" failures="0" skipped="0" tests="4" time="0.0452959537506104">
    <system-out>1..4
ok 1 - Equals
ok 2 - Equals
ok 3 - Equals
ok 4 - Equals
</system-out>
    <testcase name="Equals (254)" classname="spec_perl_TestEnumOfValueInst_t" time="0.000168085098266602" />
    <testcase name="Equals (255)" classname="spec_perl_TestEnumOfValueInst_t" time="6.79492950439453e-05" />
    <testcase name="Equals (256)" classname="spec_perl_TestEnumOfValueInst_t" time="0.000182867050170898" />
    <testcase name="Equals (257)" classname="spec_perl_TestEnumOfValueInst_t" time="0.000158071517944336" />
  </testsuite>
  <testsuite name="spec_perl_TestNestedTypeParam_t" errors="0" failures="2" skipped="0" tests="2" time="0.0519931316375732">
    <system-out>1..2
not ok 1 - Equals
not ok 2 - Equals
</system-out>
    <testcase name="Equals (258)" classname="spec_perl_TestNestedTypeParam_t" time="0.00452303886413574">
      <failure message="not ok 1 - Equals" type="TAP::Parser::Result::Test"></failure>
    </testcase>
    <testcase name="Equals (259)" classname="spec_perl_TestNestedTypeParam_t" time="0.0001220703125">
      <failure message="not ok 2 - Equals" type="TAP::Parser::Result::Test"></failure>
    </testcase>
  </testsuite>
  <testsuite name="spec_perl_TestParamsPassArrayStruct_t" errors="0" failures="1" skipped="2" tests="3" time="0.0488231182098389">
    <system-out>1..3
not ok 1 - test_params_pass_array_struct died (Can't use an undefined value as an ARRAY reference at spec/perl/TestParamsPassArrayStruct.t line 15.)
ok 2 # skip test_params_pass_array_struct died
ok 3 # skip test_params_pass_array_struct died
</system-out>
    <testcase name="test_params_pass_array_struct died (Can't use an undefined value as an ARRAY reference at spec/perl/TestParamsPassArrayStruct.t line 15.) (259)" classname="spec_perl_TestParamsPassArrayStruct_t" time="0.000353097915649414">
      <failure message="not ok 1 - test_params_pass_array_struct died (Can't use an undefined value as an ARRAY reference at spec/perl/TestParamsPassArrayStruct.t line 15.)" type="TAP::Parser::Result::Test"></failure>
    </testcase>
    <testcase name="Unnamed test case 259" classname="spec_perl_TestParamsPassArrayStruct_t" time="0.00237703323364258">
      <skipped message="ok 2 # skip test_params_pass_array_struct died" />
    </testcase>
    <testcase name="Unnamed test case 260" classname="spec_perl_TestParamsPassArrayStruct_t" time="0.000390768051147461">
      <skipped message="ok 3 # skip test_params_pass_array_struct died" />
    </testcase>
  </testsuite>
  <testsuite name="spec_perl_TestOpaqueExternalType_t" errors="0" failures="0" skipped="0" tests="3" time="0.0478792190551758">
    <system-out>1..3
ok 1 - Equals
ok 2 - Equals
ok 3 - Equals
</system-out>
    <testcase name="Equals (260)" classname="spec_perl_TestOpaqueExternalType_t" time="0.000339031219482422" />
    <testcase name="Equals (261)" classname="spec_perl_TestOpaqueExternalType_t" time="8.29696655273438e-05" />
    <testcase name="Equals (262)" classname="spec_perl_TestOpaqueExternalType_t" time="0.0001068115234375" />
  </testsuite>
  <testsuite name="spec_perl_TestDefaultEndianExprInherited_t" errors="0" failures="0" skipped="0" tests="15" time="0.0482800006866455">
    <system-out>1..15
ok 1 - Equals
ok 2 - Equals
ok 3 - Equals
ok 4 - Equals
ok 5 - Equals
ok 6 - Equals
ok 7 - Equals
ok 8 - Equals
ok 9 - Equals
ok 10 - Equals
ok 11 - Equals
ok 12 - Equals
ok 13 - Equals
ok 14 - Equals
ok 15 - Equals
</system-out>
    <testcase name="Equals (263)" classname="spec_perl_TestDefaultEndianExprInherited_t" time="0.000321865081787109" />
    <testcase name="Equals (264)" classname="spec_perl_TestDefaultEndianExprInherited_t" time="0.000221014022827148" />
    <testcase name="Equals (265)" classname="spec_perl_TestDefaultEndianExprInherited_t" time="0.000221967697143555" />
    <testcase name="Equals (266)" classname="spec_perl_TestDefaultEndianExprInherited_t" time="6.60419464111328e-05" />
    <testcase name="Equals (267)" classname="spec_perl_TestDefaultEndianExprInherited_t" time="0.000201940536499023" />
    <testcase name="Equals (268)" classname="spec_perl_TestDefaultEndianExprInherited_t" time="0.000102043151855469" />
    <testcase name="Equals (269)" classname="spec_perl_TestDefaultEndianExprInherited_t" time="0.000187158584594727" />
    <testcase name="Equals (270)" classname="spec_perl_TestDefaultEndianExprInherited_t" time="9.98973846435547e-05" />
    <testcase name="Equals (271)" classname="spec_perl_TestDefaultEndianExprInherited_t" time="0.000190973281860352" />
    <testcase name="Equals (272)" classname="spec_perl_TestDefaultEndianExprInherited_t" time="0.000191926956176758" />
    <testcase name="Equals (273)" classname="spec_perl_TestDefaultEndianExprInherited_t" time="0.000109195709228516" />
    <testcase name="Equals (274)" classname="spec_perl_TestDefaultEndianExprInherited_t" time="0.000185012817382812" />
    <testcase name="Equals (275)" classname="spec_perl_TestDefaultEndianExprInherited_t" time="0.000130891799926758" />
    <testcase name="Equals (276)" classname="spec_perl_TestDefaultEndianExprInherited_t" time="0.000195980072021484" />
    <testcase name="Equals (277)" classname="spec_perl_TestDefaultEndianExprInherited_t" time="0.000154972076416016" />
  </testsuite>
  <testsuite name="spec_perl_TestDebugEnumName_t" errors="1" failures="0" skipped="0" tests="0" time="0.0422940254211426">
    <system-out></system-out>
    <testcase name="Test died too soon, even before plan. (277)" classname="spec_perl_TestDebugEnumName_t" time="0.0422940254211426">
      <failure message="The test suite died before a plan was produced. You need to have a plan." type="Plan">No plan</failure>
    </testcase>
  </testsuite>
  <testsuite name="spec_perl_TestPositionInSeq_t" errors="0" failures="0" skipped="0" tests="1" time="0.0459439754486084">
    <system-out>1..1
ok 1 - Equals
</system-out>
    <testcase name="Equals (278)" classname="spec_perl_TestPositionInSeq_t" time="0.000304937362670898" />
  </testsuite>
  <testsuite name="spec_perl_TestExprSizeofType1_t" errors="0" failures="0" skipped="0" tests="2" time="0.0445330142974854">
    <system-out>1..2
ok 1 - Equals
ok 2 - Equals
</system-out>
    <testcase name="Equals (279)" classname="spec_perl_TestExprSizeofType1_t" time="0.000189065933227539" />
    <testcase name="Equals (280)" classname="spec_perl_TestExprSizeofType1_t" time="9.70363616943359e-05" />
  </testsuite>
  <testsuite name="spec_perl_TestNestedSameName2_t" errors="0" failures="0" skipped="0" tests="5" time="0.0463390350341797">
    <system-out>1..5
ok 1 - Equals
ok 2 - Equals
ok 3 - Equals
ok 4 - Equals
ok 5 - Equals
</system-out>
    <testcase name="Equals (281)" classname="spec_perl_TestNestedSameName2_t" time="0.000332117080688477" />
    <testcase name="Equals (282)" classname="spec_perl_TestNestedSameName2_t" time="8.98838043212891e-05" />
    <testcase name="Equals (283)" classname="spec_perl_TestNestedSameName2_t" time="0.00014805793762207" />
    <testcase name="Equals (284)" classname="spec_perl_TestNestedSameName2_t" time="8.98838043212891e-05" />
    <testcase name="Equals (285)" classname="spec_perl_TestNestedSameName2_t" time="0.000151157379150391" />
  </testsuite>
  <testsuite name="spec_perl_TestDefaultBigEndian_t" errors="0" failures="0" skipped="0" tests="1" time="0.053851842880249">
    <system-out>1..1
ok 1 - Equals
</system-out>
    <testcase name="Equals (286)" classname="spec_perl_TestDefaultBigEndian_t" time="0.00063014030456543" />
  </testsuite>
  <testsuite name="spec_perl_TestEnum1_t" errors="0" failures="0" skipped="0" tests="2" time="0.045943021774292">
    <system-out>1..2
ok 1 - Equals
ok 2 - Equals
</system-out>
    <testcase name="Equals (287)" classname="spec_perl_TestEnum1_t" time="0.000215053558349609" />
    <testcase name="Equals (288)" classname="spec_perl_TestEnum1_t" time="6.89029693603516e-05" />
  </testsuite>
  <testsuite name="spec_perl_TestTypeTernary2ndFalsy_t" errors="0" failures="1" skipped="0" tests="13" time="0.0494000911712646">
    <system-out>1..13
ok 1 - Equals
ok 2 - Equals
ok 3 - Equals
ok 4 - Approx equals
ok 5 - Approx equals
ok 6 - Equals
ok 7 - Equals
ok 8 - Equals
ok 9 - nil
ok 10 - Equals
ok 11 - Equals
ok 12 - Equals
not ok 13 - test_type_ternary_2nd_falsy died (Can't use an undefined value as an ARRAY reference at spec/perl/TestTypeTernary2ndFalsy.t line 27.)
</system-out>
    <testcase name="Equals (289)" classname="spec_perl_TestTypeTernary2ndFalsy_t" time="0.000254154205322266" />
    <testcase name="Equals (290)" classname="spec_perl_TestTypeTernary2ndFalsy_t" time="7.70092010498047e-05" />
    <testcase name="Equals (291)" classname="spec_perl_TestTypeTernary2ndFalsy_t" time="0.000211000442504883" />
    <testcase name="Approx equals (291)" classname="spec_perl_TestTypeTernary2ndFalsy_t" time="7.39097595214844e-05" />
    <testcase name="Approx equals (292)" classname="spec_perl_TestTypeTernary2ndFalsy_t" time="4.60147857666016e-05" />
    <testcase name="Equals (292)" classname="spec_perl_TestTypeTernary2ndFalsy_t" time="5.69820404052734e-05" />
    <testcase name="Equals (293)" classname="spec_perl_TestTypeTernary2ndFalsy_t" time="0.000130891799926758" />
    <testcase name="Equals (294)" classname="spec_perl_TestTypeTernary2ndFalsy_t" time="0.000145196914672852" />
    <testcase name="nil (294)" classname="spec_perl_TestTypeTernary2ndFalsy_t" time="5.88893890380859e-05" />
    <testcase name="Equals (295)" classname="spec_perl_TestTypeTernary2ndFalsy_t" time="0.00014495849609375" />
    <testcase name="Equals (296)" classname="spec_perl_TestTypeTernary2ndFalsy_t" time="0.000127077102661133" />
    <testcase name="Equals (297)" classname="spec_perl_TestTypeTernary2ndFalsy_t" time="0.000153064727783203" />
    <testcase name="test_type_ternary_2nd_falsy died (Can't use an undefined value as an ARRAY reference at spec/perl/TestTypeTernary2ndFalsy.t line 27.) (297)" classname="spec_perl_TestTypeTernary2ndFalsy_t" time="0.000258922576904297">
      <failure message="not ok 13 - test_type_ternary_2nd_falsy died (Can't use an undefined value as an ARRAY reference at spec/perl/TestTypeTernary2ndFalsy.t line 27.)" type="TAP::Parser::Result::Test"></failure>
    </testcase>
  </testsuite>
  <testsuite name="spec_perl_TestExprIntDiv_t" errors="0" failures="2" skipped="0" tests="6" time="0.0497720241546631">
    <system-out>1..6
ok 1 - Equals
ok 2 - Equals
ok 3 - Equals
not ok 4 - Equals
ok 5 - Equals
not ok 6 - Equals
</system-out>
    <testcase name="Equals (298)" classname="spec_perl_TestExprIntDiv_t" time="0.000249147415161133" />
    <testcase name="Equals (299)" classname="spec_perl_TestExprIntDiv_t" time="8.17775726318359e-05" />
    <testcase name="Equals (300)" classname="spec_perl_TestExprIntDiv_t" time="0.000210046768188477" />
    <testcase name="Equals (301)" classname="spec_perl_TestExprIntDiv_t" time="0.000185966491699219">
      <failure message="not ok 4 - Equals" type="TAP::Parser::Result::Test"></failure>
    </testcase>
    <testcase name="Equals (302)" classname="spec_perl_TestExprIntDiv_t" time="0.0014030933380127" />
    <testcase name="Equals (303)" classname="spec_perl_TestExprIntDiv_t" time="0.00067901611328125">
      <failure message="not ok 6 - Equals" type="TAP::Parser::Result::Test"></failure>
    </testcase>
  </testsuite>
  <testsuite name="spec_perl_TestDocstringsDocrefMulti_t" errors="0" failures="0" skipped="1" tests="1" time="0.0473401546478271">
    <system-out>1..1
ok 1 # skip DocstringsDocrefMulti=HASH(0x2acbb38)
</system-out>
    <testcase name="Unnamed test case 303" classname="spec_perl_TestDocstringsDocrefMulti_t" time="0.0014350414276123">
      <skipped message="ok 1 # skip DocstringsDocrefMulti=HASH(0x2acbb38)" />
    </testcase>
  </testsuite>
  <testsuite name="spec_perl_TestImportsAbsAbs_t" errors="0" failures="0" skipped="0" tests="3" time="0.0445859432220459">
    <system-out>1..3
ok 1 - Equals
ok 2 - Equals
ok 3 - Equals
</system-out>
    <testcase name="Equals (304)" classname="spec_perl_TestImportsAbsAbs_t" time="0.000247001647949219" />
    <testcase name="Equals (305)" classname="spec_perl_TestImportsAbsAbs_t" time="8.20159912109375e-05" />
    <testcase name="Equals (306)" classname="spec_perl_TestImportsAbsAbs_t" time="0.000123023986816406" />
  </testsuite>
  <testsuite name="spec_perl_TestParamsPassArrayUsertype_t" errors="0" failures="1" skipped="4" tests="5" time="0.0479168891906738">
    <system-out>1..5
not ok 1 - test_params_pass_array_usertype died (Can't use an undefined value as an ARRAY reference at compiled/perl/ParamsPassArrayUsertype.pm line 123.)
ok 2 # skip test_params_pass_array_usertype died
ok 3 # skip test_params_pass_array_usertype died
ok 4 # skip test_params_pass_array_usertype died
ok 5 # skip test_params_pass_array_usertype died
</system-out>
    <testcase name="test_params_pass_array_usertype died (Can't use an undefined value as an ARRAY reference at compiled/perl/ParamsPassArrayUsertype.pm line 123.) (306)" classname="spec_perl_TestParamsPassArrayUsertype_t" time="0.000284910202026367">
      <failure message="not ok 1 - test_params_pass_array_usertype died (Can't use an undefined value as an ARRAY reference at compiled/perl/ParamsPassArrayUsertype.pm line 123.)" type="TAP::Parser::Result::Test"></failure>
    </testcase>
    <testcase name="Unnamed test case 306" classname="spec_perl_TestParamsPassArrayUsertype_t" time="0.00408792495727539">
      <skipped message="ok 2 # skip test_params_pass_array_usertype died" />
    </testcase>
    <testcase name="Unnamed test case 307" classname="spec_perl_TestParamsPassArrayUsertype_t" time="0.000141143798828125">
      <skipped message="ok 3 # skip test_params_pass_array_usertype died" />
    </testcase>
    <testcase name="Unnamed test case 308" classname="spec_perl_TestParamsPassArrayUsertype_t" time="9.89437103271484e-05">
      <skipped message="ok 4 # skip test_params_pass_array_usertype died" />
    </testcase>
    <testcase name="Unnamed test case 309" classname="spec_perl_TestParamsPassArrayUsertype_t" time="7.89165496826172e-05">
      <skipped message="ok 5 # skip test_params_pass_array_usertype died" />
    </testcase>
  </testsuite>
  <testsuite name="spec_perl_TestNestedTypes3_t" errors="0" failures="0" skipped="0" tests="5" time="0.044835090637207">
    <system-out>1..5
ok 1 - Equals
ok 2 - Equals
ok 3 - Equals
ok 4 - Equals
ok 5 - Equals
</system-out>
    <testcase name="Equals (309)" classname="spec_perl_TestNestedTypes3_t" time="0.000175952911376953" />
    <testcase name="Equals (310)" classname="spec_perl_TestNestedTypes3_t" time="8.51154327392578e-05" />
    <testcase name="Equals (311)" classname="spec_perl_TestNestedTypes3_t" time="0.000149965286254883" />
    <testcase name="Equals (312)" classname="spec_perl_TestNestedTypes3_t" time="0.000126123428344727" />
    <testcase name="Equals (313)" classname="spec_perl_TestNestedTypes3_t" time="0.000129938125610352" />
  </testsuite>
  <testsuite name="spec_perl_TestExprBytesCmp_t" errors="0" failures="0" skipped="0" tests="10" time="0.0467081069946289">
    <system-out>1..10
ok 1 - Equals
ok 2 - Equals
ok 3 - Equals
ok 4 - Equals
ok 5 - Equals
ok 6 - Equals
ok 7 - Equals
ok 8 - Equals
ok 9 - Equals
ok 10 - Equals
</system-out>
    <testcase name="Equals (314)" classname="spec_perl_TestExprBytesCmp_t" time="0.000167131423950195" />
    <testcase name="Equals (315)" classname="spec_perl_TestExprBytesCmp_t" time="7.39097595214844e-05" />
    <testcase name="Equals (316)" classname="spec_perl_TestExprBytesCmp_t" time="0.000236034393310547" />
    <testcase name="Equals (317)" classname="spec_perl_TestExprBytesCmp_t" time="7.20024108886719e-05" />
    <testcase name="Equals (318)" classname="spec_perl_TestExprBytesCmp_t" time="8.29696655273438e-05" />
    <testcase name="Equals (319)" classname="spec_perl_TestExprBytesCmp_t" time="0.000190973281860352" />
    <testcase name="Equals (320)" classname="spec_perl_TestExprBytesCmp_t" time="0.000102043151855469" />
    <testcase name="Equals (321)" classname="spec_perl_TestExprBytesCmp_t" time="0.000210046768188477" />
    <testcase name="Equals (322)" classname="spec_perl_TestExprBytesCmp_t" time="9.98973846435547e-05" />
    <testcase name="Equals (323)" classname="spec_perl_TestExprBytesCmp_t" time="0.000185966491699219" />
  </testsuite>
  <testsuite name="spec_perl_TestValidNotParsedIf_t" errors="1" failures="0" skipped="0" tests="0" time="0.0543529987335205">
    <system-out></system-out>
    <testcase name="Test died too soon, even before plan. (323)" classname="spec_perl_TestValidNotParsedIf_t" time="0.0543529987335205">
      <failure message="The test suite died before a plan was produced. You need to have a plan." type="Plan">No plan</failure>
    </testcase>
  </testsuite>
  <testsuite name="spec_perl_TestCombineEnum_t" errors="0" failures="0" skipped="0" tests="3" time="0.0459589958190918">
    <system-out>1..3
ok 1 - Equals
ok 2 - Equals
ok 3 - Equals
</system-out>
    <testcase name="Equals (324)" classname="spec_perl_TestCombineEnum_t" time="0.000175952911376953" />
    <testcase name="Equals (325)" classname="spec_perl_TestCombineEnum_t" time="6.79492950439453e-05" />
    <testcase name="Equals (326)" classname="spec_perl_TestCombineEnum_t" time="0.000182151794433594" />
  </testsuite>
  <testsuite name="spec_perl_TestProcessCustomNoArgs_t" errors="1" failures="0" skipped="0" tests="0" time="0.0544447898864746">
    <system-out></system-out>
    <testcase name="Test died too soon, even before plan. (326)" classname="spec_perl_TestProcessCustomNoArgs_t" time="0.0544447898864746">
      <failure message="The test suite died before a plan was produced. You need to have a plan." type="Plan">No plan</failure>
    </testcase>
  </testsuite>
  <testsuite name="spec_perl_TestExprIoEof_t" errors="0" failures="0" skipped="0" tests="4" time="0.0440669059753418">
    <system-out>1..4
ok 1 - Equals
ok 2 - nil
ok 3 - Equals
ok 4 - Equals
</system-out>
    <testcase name="Equals (327)" classname="spec_perl_TestExprIoEof_t" time="0.000547885894775391" />
    <testcase name="nil (327)" classname="spec_perl_TestExprIoEof_t" time="9.60826873779297e-05" />
    <testcase name="Equals (328)" classname="spec_perl_TestExprIoEof_t" time="4.79221343994141e-05" />
    <testcase name="Equals (329)" classname="spec_perl_TestExprIoEof_t" time="6.41345977783203e-05" />
  </testsuite>
  <testsuite name="spec_perl_TestRepeatNStrz_t" errors="0" failures="0" skipped="0" tests="2" time="0.0469608306884766">
    <system-out>1..2
ok 1 - Equals
ok 2 - Equals
</system-out>
    <testcase name="Equals (330)" classname="spec_perl_TestRepeatNStrz_t" time="0.000283956527709961" />
    <testcase name="Equals (331)" classname="spec_perl_TestRepeatNStrz_t" time="9.41753387451172e-05" />
  </testsuite>
  <testsuite name="spec_perl_TestExpr3_t" errors="0" failures="0" skipped="0" tests="12" time="0.0494191646575928">
    <system-out>1..12
ok 1 - Equals
ok 2 - Equals
ok 3 - Equals
ok 4 - Equals
ok 5 - Equals
ok 6 - Equals
ok 7 - Equals
ok 8 - Equals
ok 9 - Equals
ok 10 - Equals
ok 11 - Equals
ok 12 - Equals
</system-out>
    <testcase name="Equals (332)" classname="spec_perl_TestExpr3_t" time="0.00027012825012207" />
    <testcase name="Equals (333)" classname="spec_perl_TestExpr3_t" time="7.89165496826172e-05" />
    <testcase name="Equals (334)" classname="spec_perl_TestExpr3_t" time="0.000169038772583008" />
    <testcase name="Equals (335)" classname="spec_perl_TestExpr3_t" time="8.51154327392578e-05" />
    <testcase name="Equals (336)" classname="spec_perl_TestExpr3_t" time="0.00017094612121582" />
    <testcase name="Equals (337)" classname="spec_perl_TestExpr3_t" time="9.98973846435547e-05" />
    <testcase name="Equals (338)" classname="spec_perl_TestExpr3_t" time="0.00018000602722168" />
    <testcase name="Equals (339)" classname="spec_perl_TestExpr3_t" time="0.000103950500488281" />
    <testcase name="Equals (340)" classname="spec_perl_TestExpr3_t" time="0.000188112258911133" />
    <testcase name="Equals (341)" classname="spec_perl_TestExpr3_t" time="9.89437103271484e-05" />
    <testcase name="Equals (342)" classname="spec_perl_TestExpr3_t" time="0.000194072723388672" />
    <testcase name="Equals (343)" classname="spec_perl_TestExpr3_t" time="0.000127077102661133" />
  </testsuite>
  <testsuite name="spec_perl_TestFloatToI_t" errors="0" failures="0" skipped="0" tests="8" time="0.044605016708374">
    <system-out>1..8
ok 1 - Equals
ok 2 - Equals
ok 3 - Equals
ok 4 - Equals
ok 5 - Equals
ok 6 - Equals
ok 7 - Equals
ok 8 - Equals
</system-out>
    <testcase name="Equals (344)" classname="spec_perl_TestFloatToI_t" time="0.000234127044677734" />
    <testcase name="Equals (345)" classname="spec_perl_TestFloatToI_t" time="9.39369201660156e-05" />
    <testcase name="Equals (346)" classname="spec_perl_TestFloatToI_t" time="0.000150918960571289" />
    <testcase name="Equals (347)" classname="spec_perl_TestFloatToI_t" time="0.00011897087097168" />
    <testcase name="Equals (348)" classname="spec_perl_TestFloatToI_t" time="0.000136137008666992" />
    <testcase name="Equals (349)" classname="spec_perl_TestFloatToI_t" time="0.000118017196655273" />
    <testcase name="Equals (350)" classname="spec_perl_TestFloatToI_t" time="0.00014185905456543" />
    <testcase name="Equals (351)" classname="spec_perl_TestFloatToI_t" time="0.000123023986816406" />
  </testsuite>
  <testsuite name="spec_perl_TestNestedTypes2_t" errors="0" failures="0" skipped="0" tests="7" time="0.0449469089508057">
    <system-out>1..7
ok 1 - Equals
ok 2 - Equals
ok 3 - Equals
ok 4 - Equals
ok 5 - Equals
ok 6 - Equals
ok 7 - Equals
</system-out>
    <testcase name="Equals (352)" classname="spec_perl_TestNestedTypes2_t" time="0.000277996063232422" />
    <testcase name="Equals (353)" classname="spec_perl_TestNestedTypes2_t" time="7.79628753662109e-05" />
    <testcase name="Equals (354)" classname="spec_perl_TestNestedTypes2_t" time="0.000138998031616211" />
    <testcase name="Equals (355)" classname="spec_perl_TestNestedTypes2_t" time="0.000130891799926758" />
    <testcase name="Equals (356)" classname="spec_perl_TestNestedTypes2_t" time="0.000159025192260742" />
    <testcase name="Equals (357)" classname="spec_perl_TestNestedTypes2_t" time="8.51154327392578e-05" />
    <testcase name="Equals (358)" classname="spec_perl_TestNestedTypes2_t" time="0.000150918960571289" />
  </testsuite>
  <testsuite name="spec_perl_TestBitsEnum_t" errors="0" failures="0" skipped="0" tests="3" time="0.046043872833252">
    <system-out>1..3
ok 1 - Equals
ok 2 - Equals
ok 3 - Equals
</system-out>
    <testcase name="Equals (359)" classname="spec_perl_TestBitsEnum_t" time="0.000264167785644531" />
    <testcase name="Equals (360)" classname="spec_perl_TestBitsEnum_t" time="7.79628753662109e-05" />
    <testcase name="Equals (361)" classname="spec_perl_TestBitsEnum_t" time="0.000187873840332031" />
  </testsuite>
  <testsuite name="spec_perl_TestSwitchManualEnum_t" errors="0" failures="0" skipped="0" tests="9" time="0.048062801361084">
    <system-out>1..9
ok 1 - Equals
ok 2 - Equals
ok 3 - Equals
ok 4 - Equals
ok 5 - Equals
ok 6 - Equals
ok 7 - Equals
ok 8 - Equals
ok 9 - Equals
</system-out>
    <testcase name="Equals (362)" classname="spec_perl_TestSwitchManualEnum_t" time="0.00031590461730957" />
    <testcase name="Equals (363)" classname="spec_perl_TestSwitchManualEnum_t" time="8.51154327392578e-05" />
    <testcase name="Equals (364)" classname="spec_perl_TestSwitchManualEnum_t" time="8.392333984375e-05" />
    <testcase name="Equals (365)" classname="spec_perl_TestSwitchManualEnum_t" time="0.000181913375854492" />
    <testcase name="Equals (366)" classname="spec_perl_TestSwitchManualEnum_t" time="0.000110149383544922" />
    <testcase name="Equals (367)" classname="spec_perl_TestSwitchManualEnum_t" time="0.000136852264404297" />
    <testcase name="Equals (368)" classname="spec_perl_TestSwitchManualEnum_t" time="0.000117063522338867" />
    <testcase name="Equals (369)" classname="spec_perl_TestSwitchManualEnum_t" time="0.000121116638183594" />
    <testcase name="Equals (370)" classname="spec_perl_TestSwitchManualEnum_t" time="0.000143051147460938" />
  </testsuite>
  <testsuite name="spec_perl_TestValidSwitch_t" errors="1" failures="0" skipped="0" tests="0" time="0.048853874206543">
    <system-out></system-out>
    <testcase name="Test died too soon, even before plan. (370)" classname="spec_perl_TestValidSwitch_t" time="0.048853874206543">
      <failure message="The test suite died before a plan was produced. You need to have a plan." type="Plan">No plan</failure>
    </testcase>
  </testsuite>
  <testsuite name="spec_perl_TestNavParentFalse2_t" errors="0" failures="0" skipped="0" tests="1" time="0.043813943862915">
    <system-out>1..1
ok 1 - Equals
</system-out>
    <testcase name="Equals (371)" classname="spec_perl_TestNavParentFalse2_t" time="0.000253915786743164" />
  </testsuite>
  <testsuite name="spec_perl_TestSwitchManualStrElse_t" errors="0" failures="0" skipped="0" tests="9" time="0.0492639541625977">
    <system-out>1..9
ok 1 - Equals
ok 2 - Equals
ok 3 - Equals
ok 4 - Equals
ok 5 - Equals
ok 6 - Equals
ok 7 - Equals
ok 8 - Equals
ok 9 - Equals
</system-out>
    <testcase name="Equals (372)" classname="spec_perl_TestSwitchManualStrElse_t" time="0.000368118286132812" />
    <testcase name="Equals (373)" classname="spec_perl_TestSwitchManualStrElse_t" time="8.70227813720703e-05" />
    <testcase name="Equals (374)" classname="spec_perl_TestSwitchManualStrElse_t" time="5.79357147216797e-05" />
    <testcase name="Equals (375)" classname="spec_perl_TestSwitchManualStrElse_t" time="0.000173091888427734" />
    <testcase name="Equals (376)" classname="spec_perl_TestSwitchManualStrElse_t" time="9.48905944824219e-05" />
    <testcase name="Equals (377)" classname="spec_perl_TestSwitchManualStrElse_t" time="0.000138998031616211" />
    <testcase name="Equals (378)" classname="spec_perl_TestSwitchManualStrElse_t" time="0.000123023986816406" />
    <testcase name="Equals (379)" classname="spec_perl_TestSwitchManualStrElse_t" time="0.000142097473144531" />
    <testcase name="Equals (380)" classname="spec_perl_TestSwitchManualStrElse_t" time="0.000121831893920898" />
  </testsuite>
  <testsuite name="spec_perl_TestDocstrings_t" errors="0" failures="0" skipped="1" tests="1" time="0.0473401546478271">
    <system-out>1..1
ok 1 # skip Docstrings=HASH(0x22021b8)
</system-out>
    <testcase name="Unnamed test case 380" classname="spec_perl_TestDocstrings_t" time="0.00142097473144531">
      <skipped message="ok 1 # skip Docstrings=HASH(0x22021b8)" />
    </testcase>
  </testsuite>
  <testsuite name="spec_perl_TestNavParentSwitchCast_t" errors="0" failures="0" skipped="0" tests="3" time="0.0443460941314697">
    <system-out>1..3
ok 1 - Equals
ok 2 - Equals
ok 3 - Equals
</system-out>
    <testcase name="Equals (381)" classname="spec_perl_TestNavParentSwitchCast_t" time="0.00058293342590332" />
    <testcase name="Equals (382)" classname="spec_perl_TestNavParentSwitchCast_t" time="9.918212890625e-05" />
    <testcase name="Equals (383)" classname="spec_perl_TestNavParentSwitchCast_t" time="0.000103950500488281" />
  </testsuite>
  <testsuite name="spec_perl_TestEnumImport_t" errors="0" failures="2" skipped="0" tests="2" time="0.0505681037902832">
    <system-out>1..2
not ok 1 - Equals
not ok 2 - Equals
</system-out>
    <testcase name="Equals (384)" classname="spec_perl_TestEnumImport_t" time="0.000209808349609375">
      <failure message="not ok 1 - Equals" type="TAP::Parser::Result::Test"></failure>
    </testcase>
    <testcase name="Equals (385)" classname="spec_perl_TestEnumImport_t" time="9.82284545898438e-05">
      <failure message="not ok 2 - Equals" type="TAP::Parser::Result::Test"></failure>
    </testcase>
  </testsuite>
  <testsuite name="spec_perl_TestNavParentVsValueInst_t" errors="0" failures="0" skipped="0" tests="1" time="0.0469579696655273">
    <system-out>1..1
ok 1 - Equals
</system-out>
    <testcase name="Equals (386)" classname="spec_perl_TestNavParentVsValueInst_t" time="0.000270843505859375" />
  </testsuite>
[...]
ok 2 - Equals
ok 3 - Equals
ok 4 - Equals
ok 5 - Equals
ok 6 - Equals
ok 7 - Equals
ok 8 - Equals
ok 9 - Equals
ok 10 - Equals
</system-out>
    <testcase name="Equals (723)" classname="spec_perl_TestSwitchManualIntSizeElse_t" time="0.000840902328491211" />
    <testcase name="Equals (724)" classname="spec_perl_TestSwitchManualIntSizeElse_t" time="0.000102996826171875" />
    <testcase name="Equals (725)" classname="spec_perl_TestSwitchManualIntSizeElse_t" time="6.50882720947266e-05" />
    <testcase name="Equals (726)" classname="spec_perl_TestSwitchManualIntSizeElse_t" time="0.000154972076416016" />
    <testcase name="Equals (727)" classname="spec_perl_TestSwitchManualIntSizeElse_t" time="0.000134944915771484" />
    <testcase name="Equals (728)" classname="spec_perl_TestSwitchManualIntSizeElse_t" time="0.000235080718994141" />
    <testcase name="Equals (729)" classname="spec_perl_TestSwitchManualIntSizeElse_t" time="8.70227813720703e-05" />
    <testcase name="Equals (730)" classname="spec_perl_TestSwitchManualIntSizeElse_t" time="0.000165939331054688" />
    <testcase name="Equals (731)" classname="spec_perl_TestSwitchManualIntSizeElse_t" time="0.000128030776977539" />
    <testcase name="Equals (732)" classname="spec_perl_TestSwitchManualIntSizeElse_t" time="0.000160932540893555" />
  </testsuite>
  <testsuite name="spec_perl_TestExprBytesOps_t" errors="1" failures="0" skipped="0" tests="0" time="0.0524849891662598">
    <system-out></system-out>
    <testcase name="Test died too soon, even before plan. (732)" classname="spec_perl_TestExprBytesOps_t" time="0.0524849891662598">
      <failure message="The test suite died before a plan was produced. You need to have a plan." type="Plan">No plan</failure>
    </testcase>
  </testsuite>
  <testsuite name="spec_perl_TestSwitchIntegers_t" errors="0" failures="0" skipped="0" tests="9" time="0.0466780662536621">
    <system-out>1..9
ok 1 - Equals
ok 2 - Equals
ok 3 - Equals
ok 4 - Equals
ok 5 - Equals
ok 6 - Equals
ok 7 - Equals
ok 8 - Equals
ok 9 - Equals
</system-out>
    <testcase name="Equals (733)" classname="spec_perl_TestSwitchIntegers_t" time="0.000317096710205078" />
    <testcase name="Equals (734)" classname="spec_perl_TestSwitchIntegers_t" time="8.60691070556641e-05" />
    <testcase name="Equals (735)" classname="spec_perl_TestSwitchIntegers_t" time="5.79357147216797e-05" />
    <testcase name="Equals (736)" classname="spec_perl_TestSwitchIntegers_t" time="0.000132083892822266" />
    <testcase name="Equals (737)" classname="spec_perl_TestSwitchIntegers_t" time="0.000125885009765625" />
    <testcase name="Equals (738)" classname="spec_perl_TestSwitchIntegers_t" time="0.00014805793762207" />
    <testcase name="Equals (739)" classname="spec_perl_TestSwitchIntegers_t" time="0.000121831893920898" />
    <testcase name="Equals (740)" classname="spec_perl_TestSwitchIntegers_t" time="0.000147104263305664" />
    <testcase name="Equals (741)" classname="spec_perl_TestSwitchIntegers_t" time="0.000121116638183594" />
  </testsuite>
  <testsuite name="spec_perl_TestEnumIntRangeS_t" errors="0" failures="0" skipped="0" tests="3" time="0.0634899139404297">
    <system-out>1..3
ok 1 - Equals
ok 2 - Equals
ok 3 - Equals
</system-out>
    <testcase name="Equals (742)" classname="spec_perl_TestEnumIntRangeS_t" time="0.000165939331054688" />
    <testcase name="Equals (743)" classname="spec_perl_TestEnumIntRangeS_t" time="7.00950622558594e-05" />
    <testcase name="Equals (744)" classname="spec_perl_TestEnumIntRangeS_t" time="0.000177860260009766" />
  </testsuite>
  <testsuite name="spec_perl_TestBitsSimple_t" errors="0" failures="0" skipped="0" tests="14" time="0.0469810962677002">
    <system-out>1..14
ok 1 - Equals
ok 2 - Equals
ok 3 - Equals
ok 4 - Equals
ok 5 - Equals
ok 6 - Equals
ok 7 - Equals
ok 8 - Equals
ok 9 - Equals
ok 10 - Equals
ok 11 - Equals
ok 12 - Equals
ok 13 - Equals
ok 14 - Equals
</system-out>
    <testcase name="Equals (745)" classname="spec_perl_TestBitsSimple_t" time="0.000298023223876953" />
    <testcase name="Equals (746)" classname="spec_perl_TestBitsSimple_t" time="8.29696655273438e-05" />
    <testcase name="Equals (747)" classname="spec_perl_TestBitsSimple_t" time="8.29696655273438e-05" />
    <testcase name="Equals (748)" classname="spec_perl_TestBitsSimple_t" time="0.000192165374755859" />
    <testcase name="Equals (749)" classname="spec_perl_TestBitsSimple_t" time="6.79492950439453e-05" />
    <testcase name="Equals (750)" classname="spec_perl_TestBitsSimple_t" time="0.000190019607543945" />
    <testcase name="Equals (751)" classname="spec_perl_TestBitsSimple_t" time="7.29560852050781e-05" />
    <testcase name="Equals (752)" classname="spec_perl_TestBitsSimple_t" time="0.000174045562744141" />
    <testcase name="Equals (753)" classname="spec_perl_TestBitsSimple_t" time="0.000108003616333008" />
    <testcase name="Equals (754)" classname="spec_perl_TestBitsSimple_t" time="0.000120878219604492" />
    <testcase name="Equals (755)" classname="spec_perl_TestBitsSimple_t" time="0.000198125839233398" />
    <testcase name="Equals (756)" classname="spec_perl_TestBitsSimple_t" time="9.98973846435547e-05" />
    <testcase name="Equals (757)" classname="spec_perl_TestBitsSimple_t" time="0.000193119049072266" />
    <testcase name="Equals (758)" classname="spec_perl_TestBitsSimple_t" time="9.58442687988281e-05" />
  </testsuite>
  <testsuite name="spec_perl_TestProcessXor4Value_t" errors="0" failures="0" skipped="0" tests="2" time="0.0443730354309082">
    <system-out>1..2
ok 1 - Equals
ok 2 - Equals
</system-out>
    <testcase name="Equals (759)" classname="spec_perl_TestProcessXor4Value_t" time="0.000297069549560547" />
    <testcase name="Equals (760)" classname="spec_perl_TestProcessXor4Value_t" time="0.000123023986816406" />
  </testsuite>
  <testsuite name="spec_perl_TestProcessCoerceBytes_t" errors="0" failures="0" skipped="0" tests="4" time="0.0455210208892822">
    <system-out>1..4
ok 1 - Equals
ok 2 - Equals
ok 3 - Equals
ok 4 - Equals
</system-out>
    <testcase name="Equals (761)" classname="spec_perl_TestProcessCoerceBytes_t" time="0.000321865081787109" />
    <testcase name="Equals (762)" classname="spec_perl_TestProcessCoerceBytes_t" time="0.000102043151855469" />
    <testcase name="Equals (763)" classname="spec_perl_TestProcessCoerceBytes_t" time="0.000108957290649414" />
    <testcase name="Equals (764)" classname="spec_perl_TestProcessCoerceBytes_t" time="0.000159025192260742" />
  </testsuite>
  <testsuite name="spec_perl_TestImportsAbs_t" errors="0" failures="0" skipped="0" tests="2" time="0.0438430309295654">
    <system-out>1..2
ok 1 - Equals
ok 2 - Equals
</system-out>
    <testcase name="Equals (765)" classname="spec_perl_TestImportsAbs_t" time="0.00026702880859375" />
    <testcase name="Equals (766)" classname="spec_perl_TestImportsAbs_t" time="7.70092010498047e-05" />
  </testsuite>
  <testsuite name="spec_perl_TestBitsSimpleLe_t" errors="0" failures="0" skipped="0" tests="14" time="0.0467369556427002">
    <system-out>1..14
ok 1 - Equals
ok 2 - Equals
ok 3 - Equals
ok 4 - Equals
ok 5 - Equals
ok 6 - Equals
ok 7 - Equals
ok 8 - Equals
ok 9 - Equals
ok 10 - Equals
ok 11 - Equals
ok 12 - Equals
ok 13 - Equals
ok 14 - Equals
</system-out>
    <testcase name="Equals (767)" classname="spec_perl_TestBitsSimpleLe_t" time="0.000262975692749023" />
    <testcase name="Equals (768)" classname="spec_perl_TestBitsSimpleLe_t" time="7.79628753662109e-05" />
    <testcase name="Equals (769)" classname="spec_perl_TestBitsSimpleLe_t" time="0.00017094612121582" />
    <testcase name="Equals (770)" classname="spec_perl_TestBitsSimpleLe_t" time="9.51290130615234e-05" />
    <testcase name="Equals (771)" classname="spec_perl_TestBitsSimpleLe_t" time="0.000231027603149414" />
    <testcase name="Equals (772)" classname="spec_perl_TestBitsSimpleLe_t" time="8.20159912109375e-05" />
    <testcase name="Equals (773)" classname="spec_perl_TestBitsSimpleLe_t" time="8.29696655273438e-05" />
    <testcase name="Equals (774)" classname="spec_perl_TestBitsSimpleLe_t" time="0.000182867050170898" />
    <testcase name="Equals (775)" classname="spec_perl_TestBitsSimpleLe_t" time="9.70363616943359e-05" />
    <testcase name="Equals (776)" classname="spec_perl_TestBitsSimpleLe_t" time="0.000242948532104492" />
    <testcase name="Equals (777)" classname="spec_perl_TestBitsSimpleLe_t" time="7.00950622558594e-05" />
    <testcase name="Equals (778)" classname="spec_perl_TestBitsSimpleLe_t" time="0.000195026397705078" />
    <testcase name="Equals (779)" classname="spec_perl_TestBitsSimpleLe_t" time="9.39369201660156e-05" />
    <testcase name="Equals (780)" classname="spec_perl_TestBitsSimpleLe_t" time="0.000189065933227539" />
  </testsuite>
  <testsuite name="spec_perl_TestParamsCallShort_t" errors="0" failures="3" skipped="0" tests="3" time="0.0515251159667969">
    <system-out>1..3
not ok 1 - Equals
not ok 2 - Equals
not ok 3 - Equals
</system-out>
    <testcase name="Equals (781)" classname="spec_perl_TestParamsCallShort_t" time="0.0052039623260498">
      <failure message="not ok 1 - Equals" type="TAP::Parser::Result::Test"></failure>
    </testcase>
    <testcase name="Equals (782)" classname="spec_perl_TestParamsCallShort_t" time="0.000108003616333008">
      <failure message="not ok 2 - Equals" type="TAP::Parser::Result::Test"></failure>
    </testcase>
    <testcase name="Equals (783)" classname="spec_perl_TestParamsCallShort_t" time="0.000130891799926758">
      <failure message="not ok 3 - Equals" type="TAP::Parser::Result::Test"></failure>
    </testcase>
  </testsuite>
  <testsuite name="spec_perl_TestStrPadTerm_t" errors="0" failures="0" skipped="0" tests="4" time="0.0475790500640869">
    <system-out>1..4
ok 1 - Equals
ok 2 - Equals
ok 3 - Equals
ok 4 - Equals
</system-out>
    <testcase name="Equals (784)" classname="spec_perl_TestStrPadTerm_t" time="0.000337123870849609" />
    <testcase name="Equals (785)" classname="spec_perl_TestStrPadTerm_t" time="8.29696655273438e-05" />
    <testcase name="Equals (786)" classname="spec_perl_TestStrPadTerm_t" time="0.000108957290649414" />
    <testcase name="Equals (787)" classname="spec_perl_TestStrPadTerm_t" time="0.000143051147460938" />
  </testsuite>
  <testsuite name="spec_perl_TestExpr2_t" errors="0" failures="0" skipped="0" tests="17" time="0.0519509315490723">
    <system-out>1..17
ok 1 - Equals
ok 2 - Equals
ok 3 - Equals
ok 4 - Equals
ok 5 - Equals
ok 6 - Equals
ok 7 - Equals
ok 8 - Equals
ok 9 - Equals
ok 10 - Equals
ok 11 - Equals
ok 12 - Equals
ok 13 - Equals
ok 14 - Equals
ok 15 - Equals
ok 16 - Equals
ok 17 - Equals
</system-out>
    <testcase name="Equals (788)" classname="spec_perl_TestExpr2_t" time="0.000672101974487305" />
    <testcase name="Equals (789)" classname="spec_perl_TestExpr2_t" time="9.70363616943359e-05" />
    <testcase name="Equals (790)" classname="spec_perl_TestExpr2_t" time="5.79357147216797e-05" />
    <testcase name="Equals (791)" classname="spec_perl_TestExpr2_t" time="0.000154018402099609" />
    <testcase name="Equals (792)" classname="spec_perl_TestExpr2_t" time="0.000160932540893555" />
    <testcase name="Equals (793)" classname="spec_perl_TestExpr2_t" time="0.000169992446899414" />
    <testcase name="Equals (794)" classname="spec_perl_TestExpr2_t" time="0.000106096267700195" />
    <testcase name="Equals (795)" classname="spec_perl_TestExpr2_t" time="0.000221014022827148" />
    <testcase name="Equals (796)" classname="spec_perl_TestExpr2_t" time="0.000132083892822266" />
    <testcase name="Equals (797)" classname="spec_perl_TestExpr2_t" time="0.000125885009765625" />
    <testcase name="Equals (798)" classname="spec_perl_TestExpr2_t" time="0.000124931335449219" />
    <testcase name="Equals (799)" classname="spec_perl_TestExpr2_t" time="0.000199079513549805" />
    <testcase name="Equals (800)" classname="spec_perl_TestExpr2_t" time="0.00010991096496582" />
    <testcase name="Equals (801)" classname="spec_perl_TestExpr2_t" time="0.000432968139648438" />
    <testcase name="Equals (802)" classname="spec_perl_TestExpr2_t" time="7.82012939453125e-05" />
    <testcase name="Equals (803)" classname="spec_perl_TestExpr2_t" time="0.000174999237060547" />
    <testcase name="Equals (804)" classname="spec_perl_TestExpr2_t" time="0.000150918960571289" />
  </testsuite>
  <testsuite name="spec_perl_TestDefaultEndianExprIsBe_t" errors="0" failures="0" skipped="0" tests="18" time="0.0492980480194092">
    <system-out>1..18
ok 1 - Equals
ok 2 - Equals
ok 3 - Equals
ok 4 - Equals
ok 5 - Equals
ok 6 - Equals
ok 7 - Equals
ok 8 - Equals
ok 9 - Equals
ok 10 - Equals
ok 11 - Equals
ok 12 - Equals
ok 13 - Equals
ok 14 - Equals
ok 15 - Equals
ok 16 - Equals
ok 17 - Equals
ok 18 - Equals
</system-out>
    <testcase name="Equals (805)" classname="spec_perl_TestDefaultEndianExprIsBe_t" time="0.000329017639160156" />
    <testcase name="Equals (806)" classname="spec_perl_TestDefaultEndianExprIsBe_t" time="8.70227813720703e-05" />
    <testcase name="Equals (807)" classname="spec_perl_TestDefaultEndianExprIsBe_t" time="8.48770141601562e-05" />
    <testcase name="Equals (808)" classname="spec_perl_TestDefaultEndianExprIsBe_t" time="0.000190019607543945" />
    <testcase name="Equals (809)" classname="spec_perl_TestDefaultEndianExprIsBe_t" time="0.000164985656738281" />
    <testcase name="Equals (810)" classname="spec_perl_TestDefaultEndianExprIsBe_t" time="0.000179052352905273" />
    <testcase name="Equals (811)" classname="spec_perl_TestDefaultEndianExprIsBe_t" time="0.000105142593383789" />
    <testcase name="Equals (812)" classname="spec_perl_TestDefaultEndianExprIsBe_t" time="0.000183820724487305" />
    <testcase name="Equals (813)" classname="spec_perl_TestDefaultEndianExprIsBe_t" time="0.000104188919067383" />
    <testcase name="Equals (814)" classname="spec_perl_TestDefaultEndianExprIsBe_t" time="0.000184774398803711" />
    <testcase name="Equals (815)" classname="spec_perl_TestDefaultEndianExprIsBe_t" time="0.000126123428344727" />
    <testcase name="Equals (816)" classname="spec_perl_TestDefaultEndianExprIsBe_t" time="0.00020289421081543" />
    <testcase name="Equals (817)" classname="spec_perl_TestDefaultEndianExprIsBe_t" time="9.29832458496094e-05" />
    <testcase name="Equals (818)" classname="spec_perl_TestDefaultEndianExprIsBe_t" time="0.00021815299987793" />
    <testcase name="Equals (819)" classname="spec_perl_TestDefaultEndianExprIsBe_t" time="9.48905944824219e-05" />
    <testcase name="Equals (820)" classname="spec_perl_TestDefaultEndianExprIsBe_t" time="0.000190973281860352" />
    <testcase name="Equals (821)" classname="spec_perl_TestDefaultEndianExprIsBe_t" time="0.000127077102661133" />
    <testcase name="Equals (822)" classname="spec_perl_TestDefaultEndianExprIsBe_t" time="0.000204086303710938" />
  </testsuite>
  <testsuite name="spec_perl_TestExprBytesLiteral_t" errors="1" failures="0" skipped="0" tests="0" time="0.0432479381561279">
    <system-out></system-out>
    <testcase name="Test died too soon, even before plan. (822)" classname="spec_perl_TestExprBytesLiteral_t" time="0.0432479381561279">
      <failure message="The test suite died before a plan was produced. You need to have a plan." type="Plan">No plan</failure>
    </testcase>
  </testsuite>
  <testsuite name="spec_perl_TestEosExceptionU4_t" errors="0" failures="0" skipped="0" tests="1" time="0.0472328662872314">
    <system-out>1..1
ok 1 - Died
</system-out>
    <testcase name="Died (822)" classname="spec_perl_TestEosExceptionU4_t" time="0.000437021255493164" />
  </testsuite>
  <testsuite name="spec_perl_TestBitsByteAligned_t" errors="0" failures="0" skipped="0" tests="9" time="0.0468111038208008">
    <system-out>1..9
ok 1 - Equals
ok 2 - Equals
ok 3 - Equals
ok 4 - Equals
ok 5 - Equals
ok 6 - Equals
ok 7 - Equals
ok 8 - Equals
ok 9 - Equals
</system-out>
    <testcase name="Equals (823)" classname="spec_perl_TestBitsByteAligned_t" time="0.000370979309082031" />
    <testcase name="Equals (824)" classname="spec_perl_TestBitsByteAligned_t" time="8.70227813720703e-05" />
    <testcase name="Equals (825)" classname="spec_perl_TestBitsByteAligned_t" time="6.4849853515625e-05" />
    <testcase name="Equals (826)" classname="spec_perl_TestBitsByteAligned_t" time="0.000204086303710938" />
    <testcase name="Equals (827)" classname="spec_perl_TestBitsByteAligned_t" time="6.79492950439453e-05" />
    <testcase name="Equals (828)" classname="spec_perl_TestBitsByteAligned_t" time="0.000169992446899414" />
    <testcase name="Equals (829)" classname="spec_perl_TestBitsByteAligned_t" time="9.60826873779297e-05" />
    <testcase name="Equals (830)" classname="spec_perl_TestBitsByteAligned_t" time="0.000176906585693359" />
    <testcase name="Equals (831)" classname="spec_perl_TestBitsByteAligned_t" time="0.000101089477539062" />
  </testsuite>
  <testsuite name="spec_perl_TestIndexToParamEos_t" errors="0" failures="2" skipped="0" tests="7" time="0.055088996887207">
    <system-out>1..7
ok 1 - Equals
ok 2 - Equals
ok 3 - Equals
ok 4 - Equals
ok 5 - Equals
not ok 6 - Equals
not ok 7 - Equals
</system-out>
    <testcase name="Equals (832)" classname="spec_perl_TestIndexToParamEos_t" time="0.00702691078186035" />
    <testcase name="Equals (833)" classname="spec_perl_TestIndexToParamEos_t" time="9.79900360107422e-05" />
    <testcase name="Equals (834)" classname="spec_perl_TestIndexToParamEos_t" time="4.41074371337891e-05" />
    <testcase name="Equals (835)" classname="spec_perl_TestIndexToParamEos_t" time="4.1961669921875e-05" />
    <testcase name="Equals (836)" classname="spec_perl_TestIndexToParamEos_t" time="4.1961669921875e-05" />
    <testcase name="Equals (837)" classname="spec_perl_TestIndexToParamEos_t" time="7.41481781005859e-05">
      <failure message="not ok 6 - Equals" type="TAP::Parser::Result::Test"></failure>
    </testcase>
    <testcase name="Equals (838)" classname="spec_perl_TestIndexToParamEos_t" time="0.00144195556640625">
      <failure message="not ok 7 - Equals" type="TAP::Parser::Result::Test"></failure>
    </testcase>
  </testsuite>
  <testsuite name="spec_perl_TestIoLocalVar_t" errors="0" failures="0" skipped="0" tests="2" time="0.0450069904327393">
    <system-out>1..2
ok 1 - Equals
ok 2 - Equals
</system-out>
    <testcase name="Equals (839)" classname="spec_perl_TestIoLocalVar_t" time="0.0005340576171875" />
    <testcase name="Equals (840)" classname="spec_perl_TestIoLocalVar_t" time="9.29832458496094e-05" />
  </testsuite>
  <testsuite name="spec_perl_TestSwitchRepeatExprInvalid_t" errors="0" failures="0" skipped="0" tests="3" time="0.0443220138549805">
    <system-out>1..3
ok 1 - Equals
ok 2 - Equals
ok 3 - Equals
</system-out>
    <testcase name="Equals (841)" classname="spec_perl_TestSwitchRepeatExprInvalid_t" time="0.000334978103637695" />
    <testcase name="Equals (842)" classname="spec_perl_TestSwitchRepeatExprInvalid_t" time="9.39369201660156e-05" />
    <testcase name="Equals (843)" classname="spec_perl_TestSwitchRepeatExprInvalid_t" time="5.81741333007812e-05" />
  </testsuite>
  <testsuite name="spec_perl_TestExprOpsParens_t" errors="1" failures="0" skipped="0" tests="0" time="0.0433061122894287">
    <system-out></system-out>
    <testcase name="Test died too soon, even before plan. (843)" classname="spec_perl_TestExprOpsParens_t" time="0.0433061122894287">
      <failure message="The test suite died before a plan was produced. You need to have a plan." type="Plan">No plan</failure>
    </testcase>
  </testsuite>
  <testsuite name="spec_perl_TestCombineBool_t" errors="0" failures="0" skipped="0" tests="2" time="0.0460798740386963">
    <system-out>1..2
ok 1 - Equals
ok 2 - Equals
</system-out>
    <testcase name="Equals (844)" classname="spec_perl_TestCombineBool_t" time="0.00018310546875" />
    <testcase name="Equals (845)" classname="spec_perl_TestCombineBool_t" time="7.60555267333984e-05" />
  </testsuite>
</testsuites>
