<?xml version='1.0' encoding='utf-8'?>
<testsuites>
  <testsuite name="spec_perl_TestExprArray_t" errors="0" failures="0" skipped="0" tests="15" time="0.0578169822692871">
    <system-out>1..15
ok 1 - Equals
ok 2 - Equals
ok 3 - Equals
ok 4 - Equals
ok 5 - Equals
ok 6 - Equals
ok 7 - Approx equals
ok 8 - Approx equals
ok 9 - Approx equals
ok 10 - Approx equals
ok 11 - Equals
ok 12 - Equals
ok 13 - Equals
ok 14 - Equals
ok 15 - Equals
</system-out>
    <testcase name="Equals" classname="spec_perl_TestExprArray_t" time="0.000261783599853516" />
    <testcase name="Equals (2)" classname="spec_perl_TestExprArray_t" time="7.41481781005859e-05" />
    <testcase name="Equals (3)" classname="spec_perl_TestExprArray_t" time="0.000114917755126953" />
    <testcase name="Equals (4)" classname="spec_perl_TestExprArray_t" time="0.000105142593383789" />
    <testcase name="Equals (5)" classname="spec_perl_TestExprArray_t" time="9.48905944824219e-05" />
    <testcase name="Equals (6)" classname="spec_perl_TestExprArray_t" time="8.79764556884766e-05" />
    <testcase name="Approx equals (6)" classname="spec_perl_TestExprArray_t" time="7.29560852050781e-05" />
    <testcase name="Approx equals (7)" classname="spec_perl_TestExprArray_t" time="4.1961669921875e-05" />
    <testcase name="Approx equals (8)" classname="spec_perl_TestExprArray_t" time="3.50475311279297e-05" />
    <testcase name="Approx equals (9)" classname="spec_perl_TestExprArray_t" time="3.40938568115234e-05" />
    <testcase name="Equals (9)" classname="spec_perl_TestExprArray_t" time="0.00010991096496582" />
    <testcase name="Equals (10)" classname="spec_perl_TestExprArray_t" time="9.89437103271484e-05" />
    <testcase name="Equals (11)" classname="spec_perl_TestExprArray_t" time="9.20295715332031e-05" />
    <testcase name="Equals (12)" classname="spec_perl_TestExprArray_t" time="9.60826873779297e-05" />
    <testcase name="Equals (13)" classname="spec_perl_TestExprArray_t" time="8.79764556884766e-05" />
  </testsuite>
  <testsuite name="spec_perl_TestBitsByteAligned_t" errors="0" failures="0" skipped="0" tests="12" time="0.0536389350891113">
    <system-out>1..12
ok 1 - Equals
ok 2 - Equals
ok 3 - Equals
ok 4 - Equals
ok 5 - Equals
ok 6 - Equals
ok 7 - Equals
ok 8 - Equals
ok 9 - Equals
ok 10 - Equals
ok 11 - Equals
ok 12 - Equals
</system-out>
    <testcase name="Equals (14)" classname="spec_perl_TestBitsByteAligned_t" time="0.000425100326538086" />
    <testcase name="Equals (15)" classname="spec_perl_TestBitsByteAligned_t" time="6.38961791992188e-05" />
    <testcase name="Equals (16)" classname="spec_perl_TestBitsByteAligned_t" time="0.000100135803222656" />
    <testcase name="Equals (17)" classname="spec_perl_TestBitsByteAligned_t" time="8.08238983154297e-05" />
    <testcase name="Equals (18)" classname="spec_perl_TestBitsByteAligned_t" time="8.60691070556641e-05" />
    <testcase name="Equals (19)" classname="spec_perl_TestBitsByteAligned_t" time="0.000119924545288086" />
    <testcase name="Equals (20)" classname="spec_perl_TestBitsByteAligned_t" time="9.41753387451172e-05" />
    <testcase name="Equals (21)" classname="spec_perl_TestBitsByteAligned_t" time="8.98838043212891e-05" />
    <testcase name="Equals (22)" classname="spec_perl_TestBitsByteAligned_t" time="8.70227813720703e-05" />
    <testcase name="Equals (23)" classname="spec_perl_TestBitsByteAligned_t" time="9.98973846435547e-05" />
    <testcase name="Equals (24)" classname="spec_perl_TestBitsByteAligned_t" time="8.60691070556641e-05" />
    <testcase name="Equals (25)" classname="spec_perl_TestBitsByteAligned_t" time="8.41617584228516e-05" />
  </testsuite>
  <testsuite name="spec_perl_TestSwitchManualIntSizeEos_t" errors="0" failures="0" skipped="0" tests="10" time="0.0589261054992676">
    <system-out>1..10
ok 1 - Equals
ok 2 - Equals
ok 3 - Equals
ok 4 - Equals
ok 5 - Equals
ok 6 - Equals
ok 7 - Equals
ok 8 - Equals
ok 9 - Equals
ok 10 - Equals
</system-out>
    <testcase name="Equals (26)" classname="spec_perl_TestSwitchManualIntSizeEos_t" time="0.000654935836791992" />
    <testcase name="Equals (27)" classname="spec_perl_TestSwitchManualIntSizeEos_t" time="0.000107049942016602" />
    <testcase name="Equals (28)" classname="spec_perl_TestSwitchManualIntSizeEos_t" time="9.60826873779297e-05" />
    <testcase name="Equals (29)" classname="spec_perl_TestSwitchManualIntSizeEos_t" time="0.000110864639282227" />
    <testcase name="Equals (30)" classname="spec_perl_TestSwitchManualIntSizeEos_t" time="9.29832458496094e-05" />
    <testcase name="Equals (31)" classname="spec_perl_TestSwitchManualIntSizeEos_t" time="0.00012516975402832" />
    <testcase name="Equals (32)" classname="spec_perl_TestSwitchManualIntSizeEos_t" time="9.08374786376953e-05" />
    <testcase name="Equals (33)" classname="spec_perl_TestSwitchManualIntSizeEos_t" time="0.000132083892822266" />
    <testcase name="Equals (34)" classname="spec_perl_TestSwitchManualIntSizeEos_t" time="9.60826873779297e-05" />
    <testcase name="Equals (35)" classname="spec_perl_TestSwitchManualIntSizeEos_t" time="0.000102996826171875" />
  </testsuite>
  <testsuite name="spec_perl_TestExpr2_t" errors="0" failures="0" skipped="0" tests="17" time="0.0585300922393799">
    <system-out>1..17
ok 1 - Equals
ok 2 - Equals
ok 3 - Equals
ok 4 - Equals
ok 5 - Equals
ok 6 - Equals
ok 7 - Equals
ok 8 - Equals
ok 9 - Equals
ok 10 - Equals
ok 11 - Equals
ok 12 - Equals
ok 13 - Equals
ok 14 - Equals
ok 15 - Equals
ok 16 - Equals
ok 17 - Equals
</system-out>
    <testcase name="Equals (36)" classname="spec_perl_TestExpr2_t" time="0.000490188598632812" />
    <testcase name="Equals (37)" classname="spec_perl_TestExpr2_t" time="8.392333984375e-05" />
    <testcase name="Equals (38)" classname="spec_perl_TestExpr2_t" time="0.000128030776977539" />
    <testcase name="Equals (39)" classname="spec_perl_TestExpr2_t" time="9.70363616943359e-05" />
    <testcase name="Equals (40)" classname="spec_perl_TestExpr2_t" time="9.08374786376953e-05" />
    <testcase name="Equals (41)" classname="spec_perl_TestExpr2_t" time="0.000100135803222656" />
    <testcase name="Equals (42)" classname="spec_perl_TestExpr2_t" time="9.08374786376953e-05" />
    <testcase name="Equals (43)" classname="spec_perl_TestExpr2_t" time="0.000124216079711914" />
    <testcase name="Equals (44)" classname="spec_perl_TestExpr2_t" time="0.000113010406494141" />
    <testcase name="Equals (45)" classname="spec_perl_TestExpr2_t" time="0.000110864639282227" />
    <testcase name="Equals (46)" classname="spec_perl_TestExpr2_t" time="7.20024108886719e-05" />
    <testcase name="Equals (47)" classname="spec_perl_TestExpr2_t" time="9.79900360107422e-05" />
    <testcase name="Equals (48)" classname="spec_perl_TestExpr2_t" time="0.000123977661132812" />
    <testcase name="Equals (49)" classname="spec_perl_TestExpr2_t" time="0.000116109848022461" />
    <testcase name="Equals (50)" classname="spec_perl_TestExpr2_t" time="0.000105857849121094" />
    <testcase name="Equals (51)" classname="spec_perl_TestExpr2_t" time="8.70227813720703e-05" />
    <testcase name="Equals (52)" classname="spec_perl_TestExpr2_t" time="8.91685485839844e-05" />
  </testsuite>
  <testsuite name="spec_perl_TestMultipleUse_t" errors="0" failures="0" skipped="0" tests="2" time="0.0522580146789551">
    <system-out>1..2
ok 1 - Equals
ok 2 - Equals
</system-out>
    <testcase name="Equals (53)" classname="spec_perl_TestMultipleUse_t" time="0.000163793563842773" />
    <testcase name="Equals (54)" classname="spec_perl_TestMultipleUse_t" time="9.32216644287109e-05" />
  </testsuite>
  <testsuite name="spec_perl_TestEnumDeepLiterals_t" errors="0" failures="0" skipped="0" tests="2" time="0.0531301498413086">
    <system-out>1..2
ok 1 - Equals
ok 2 - Equals
</system-out>
    <testcase name="Equals (55)" classname="spec_perl_TestEnumDeepLiterals_t" time="0.000125885009765625" />
    <testcase name="Equals (56)" classname="spec_perl_TestEnumDeepLiterals_t" time="5.10215759277344e-05" />
  </testsuite>
  <testsuite name="spec_perl_TestNavParentVsValueInst_t" errors="0" failures="0" skipped="0" tests="1" time="0.056743860244751">
    <system-out>1..1
ok 1 - Equals
</system-out>
    <testcase name="Equals (57)" classname="spec_perl_TestNavParentVsValueInst_t" time="0.000241994857788086" />
  </testsuite>
  <testsuite name="spec_perl_TestIoLocalVar_t" errors="0" failures="0" skipped="0" tests="2" time="0.0532228946685791">
    <system-out>1..2
ok 1 - Equals
ok 2 - Equals
</system-out>
    <testcase name="Equals (58)" classname="spec_perl_TestIoLocalVar_t" time="0.000483036041259766" />
    <testcase name="Equals (59)" classname="spec_perl_TestIoLocalVar_t" time="5.88893890380859e-05" />
  </testsuite>
  <testsuite name="spec_perl_TestDocstringsDocref_t" errors="0" failures="0" skipped="1" tests="1" time="0.0528230667114258">
    <system-out>1..1
ok 1 # skip DocstringsDocref=HASH(0x563e79df3668)
</system-out>
    <testcase name="Unnamed test case 59" classname="spec_perl_TestDocstringsDocref_t" time="0.000955820083618164">
      <skipped message="ok 1 # skip DocstringsDocref=HASH(0x563e79df3668)" />
    </testcase>
  </testsuite>
  <testsuite name="spec_perl_TestEofExceptionSized_t" errors="0" failures="0" skipped="0" tests="1" time="0.0536901950836182">
    <system-out>1..1
ok 1 - threw /^Requested \d+ bytes, but only \d+ bytes available/
</system-out>
    <testcase name="threw /^Requested \d+ bytes, but only \d+ bytes available/ (59)" classname="spec_perl_TestEofExceptionSized_t" time="0.000133037567138672" />
  </testsuite>
  <testsuite name="spec_perl_TestExprStrOps_t" errors="0" failures="0" skipped="0" tests="18" time="0.0594971179962158">
    <system-out>1..18
ok 1 - Equals
ok 2 - Equals
ok 3 - Equals
ok 4 - Equals
ok 5 - Equals
ok 6 - Equals
ok 7 - Equals
ok 8 - Equals
ok 9 - Equals
ok 10 - Equals
ok 11 - Equals
ok 12 - Equals
ok 13 - Equals
ok 14 - Equals
ok 15 - Equals
ok 16 - Equals
ok 17 - Equals
ok 18 - Equals
</system-out>
    <testcase name="Equals (60)" classname="spec_perl_TestExprStrOps_t" time="0.000169992446899414" />
    <testcase name="Equals (61)" classname="spec_perl_TestExprStrOps_t" time="9.89437103271484e-05" />
    <testcase name="Equals (62)" classname="spec_perl_TestExprStrOps_t" time="9.89437103271484e-05" />
    <testcase name="Equals (63)" classname="spec_perl_TestExprStrOps_t" time="0.000100135803222656" />
    <testcase name="Equals (64)" classname="spec_perl_TestExprStrOps_t" time="8.79764556884766e-05" />
    <testcase name="Equals (65)" classname="spec_perl_TestExprStrOps_t" time="9.10758972167969e-05" />
    <testcase name="Equals (66)" classname="spec_perl_TestExprStrOps_t" time="9.79900360107422e-05" />
    <testcase name="Equals (67)" classname="spec_perl_TestExprStrOps_t" time="9.58442687988281e-05" />
    <testcase name="Equals (68)" classname="spec_perl_TestExprStrOps_t" time="9.01222229003906e-05" />
    <testcase name="Equals (69)" classname="spec_perl_TestExprStrOps_t" time="8.98838043212891e-05" />
    <testcase name="Equals (70)" classname="spec_perl_TestExprStrOps_t" time="0.000124931335449219" />
    <testcase name="Equals (71)" classname="spec_perl_TestExprStrOps_t" time="0.000106096267700195" />
    <testcase name="Equals (72)" classname="spec_perl_TestExprStrOps_t" time="0.000103950500488281" />
    <testcase name="Equals (73)" classname="spec_perl_TestExprStrOps_t" time="9.01222229003906e-05" />
    <testcase name="Equals (74)" classname="spec_perl_TestExprStrOps_t" time="9.20295715332031e-05" />
    <testcase name="Equals (75)" classname="spec_perl_TestExprStrOps_t" time="8.392333984375e-05" />
    <testcase name="Equals (76)" classname="spec_perl_TestExprStrOps_t" time="8.98838043212891e-05" />
    <testcase name="Equals (77)" classname="spec_perl_TestExprStrOps_t" time="9.32216644287109e-05" />
  </testsuite>
  <testsuite name="spec_perl_TestNestedTypes_t" errors="0" failures="0" skipped="0" tests="3" time="0.0539150238037109">
    <system-out>1..3
ok 1 - Equals
ok 2 - Equals
ok 3 - Equals
</system-out>
    <testcase name="Equals (78)" classname="spec_perl_TestNestedTypes_t" time="0.000223875045776367" />
    <testcase name="Equals (79)" classname="spec_perl_TestNestedTypes_t" time="6.00814819335938e-05" />
    <testcase name="Equals (80)" classname="spec_perl_TestNestedTypes_t" time="0.000102996826171875" />
  </testsuite>
  <testsuite name="spec_perl_TestParamsPassBool_t" errors="0" failures="1" skipped="13" tests="14" time="0.0563149452209473">
    <system-out>1..14
not ok 1 - test_params_pass_bool died (Requested 2 bytes, but only 1 bytes available at ../runtime/perl/lib/IO/KaitaiStruct.pm line 347.)
ok 2 # skip test_params_pass_bool died
ok 3 # skip test_params_pass_bool died
ok 4 # skip test_params_pass_bool died
ok 5 # skip test_params_pass_bool died
ok 6 # skip test_params_pass_bool died
ok 7 # skip test_params_pass_bool died
ok 8 # skip test_params_pass_bool died
ok 9 # skip test_params_pass_bool died
ok 10 # skip test_params_pass_bool died
ok 11 # skip test_params_pass_bool died
ok 12 # skip test_params_pass_bool died
ok 13 # skip test_params_pass_bool died
ok 14 # skip test_params_pass_bool died
</system-out>
    <testcase name="test_params_pass_bool died (Requested 2 bytes, but only 1 bytes available at ../runtime/perl/lib/IO/KaitaiStruct.pm line 347.) (80)" classname="spec_perl_TestParamsPassBool_t" time="0.000226020812988281">
      <failure message="not ok 1 - test_params_pass_bool died (Requested 2 bytes, but only 1 bytes available at ../runtime/perl/lib/IO/KaitaiStruct.pm line 347.)" type="TAP::Parser::Result::Test"></failure>
    </testcase>
    <testcase name="Unnamed test case 80" classname="spec_perl_TestParamsPassBool_t" time="0.000463962554931641">
      <skipped message="ok 2 # skip test_params_pass_bool died" />
    </testcase>
    <testcase name="Unnamed test case 81" classname="spec_perl_TestParamsPassBool_t" time="0.000133037567138672">
      <skipped message="ok 3 # skip test_params_pass_bool died" />
    </testcase>
    <testcase name="Unnamed test case 82" classname="spec_perl_TestParamsPassBool_t" time="0.00014495849609375">
      <skipped message="ok 4 # skip test_params_pass_bool died" />
    </testcase>
    <testcase name="Unnamed test case 83" classname="spec_perl_TestParamsPassBool_t" time="0.000112056732177734">
      <skipped message="ok 5 # skip test_params_pass_bool died" />
    </testcase>
    <testcase name="Unnamed test case 84" classname="spec_perl_TestParamsPassBool_t" time="0.000127077102661133">
      <skipped message="ok 6 # skip test_params_pass_bool died" />
    </testcase>
    <testcase name="Unnamed test case 85" classname="spec_perl_TestParamsPassBool_t" time="0.00011897087097168">
      <skipped message="ok 7 # skip test_params_pass_bool died" />
    </testcase>
    <testcase name="Unnamed test case 86" classname="spec_perl_TestParamsPassBool_t" time="0.000135898590087891">
      <skipped message="ok 8 # skip test_params_pass_bool died" />
    </testcase>
    <testcase name="Unnamed test case 87" classname="spec_perl_TestParamsPassBool_t" time="0.000149011611938477">
      <skipped message="ok 9 # skip test_params_pass_bool died" />
    </testcase>
    <testcase name="Unnamed test case 88" classname="spec_perl_TestParamsPassBool_t" time="0.000144004821777344">
      <skipped message="ok 10 # skip test_params_pass_bool died" />
    </testcase>
    <testcase name="Unnamed test case 89" classname="spec_perl_TestParamsPassBool_t" time="0.000197172164916992">
      <skipped message="ok 11 # skip test_params_pass_bool died" />
    </testcase>
    <testcase name="Unnamed test case 90" classname="spec_perl_TestParamsPassBool_t" time="0.000135898590087891">
      <skipped message="ok 12 # skip test_params_pass_bool died" />
    </testcase>
    <testcase name="Unnamed test case 91" classname="spec_perl_TestParamsPassBool_t" time="0.000137090682983398">
      <skipped message="ok 13 # skip test_params_pass_bool died" />
    </testcase>
    <testcase name="Unnamed test case 92" classname="spec_perl_TestParamsPassBool_t" time="0.000138044357299805">
      <skipped message="ok 14 # skip test_params_pass_bool died" />
    </testcase>
  </testsuite>
  <testsuite name="spec_perl_TestRepeatUntilSized_t" errors="0" failures="0" skipped="0" tests="7" time="0.054401159286499">
    <system-out>1..7
ok 1 - Equals
ok 2 - Equals
ok 3 - Equals
ok 4 - Equals
ok 5 - Equals
ok 6 - Equals
ok 7 - Equals
</system-out>
    <testcase name="Equals (92)" classname="spec_perl_TestRepeatUntilSized_t" time="0.00049281120300293" />
    <testcase name="Equals (93)" classname="spec_perl_TestRepeatUntilSized_t" time="6.69956207275391e-05" />
    <testcase name="Equals (94)" classname="spec_perl_TestRepeatUntilSized_t" time="6.60419464111328e-05" />
    <testcase name="Equals (95)" classname="spec_perl_TestRepeatUntilSized_t" time="0.000109195709228516" />
    <testcase name="Equals (96)" classname="spec_perl_TestRepeatUntilSized_t" time="7.08103179931641e-05" />
    <testcase name="Equals (97)" classname="spec_perl_TestRepeatUntilSized_t" time="9.01222229003906e-05" />
    <testcase name="Equals (98)" classname="spec_perl_TestRepeatUntilSized_t" time="9.39369201660156e-05" />
  </testsuite>
  <testsuite name="spec_perl_TestBcdUserTypeBe_t" errors="0" failures="0" skipped="0" tests="6" time="0.0554840564727783">
    <system-out>1..6
ok 1 - Equals
ok 2 - Equals
ok 3 - Equals
ok 4 - Equals
ok 5 - Equals
ok 6 - Equals
</system-out>
    <testcase name="Equals (99)" classname="spec_perl_TestBcdUserTypeBe_t" time="0.000566959381103516" />
    <testcase name="Equals (100)" classname="spec_perl_TestBcdUserTypeBe_t" time="7.89165496826172e-05" />
    <testcase name="Equals (101)" classname="spec_perl_TestBcdUserTypeBe_t" time="8.41617584228516e-05" />
    <testcase name="Equals (102)" classname="spec_perl_TestBcdUserTypeBe_t" time="9.58442687988281e-05" />
    <testcase name="Equals (103)" classname="spec_perl_TestBcdUserTypeBe_t" time="0.000110149383544922" />
    <testcase name="Equals (104)" classname="spec_perl_TestBcdUserTypeBe_t" time="9.48905944824219e-05" />
  </testsuite>
  <testsuite name="spec_perl_TestSwitchMultiBoolOps_t" errors="0" failures="0" skipped="0" tests="9" time="0.0538499355316162">
    <system-out>1..9
ok 1 - Equals
ok 2 - Equals
ok 3 - Equals
ok 4 - Equals
ok 5 - Equals
ok 6 - Equals
ok 7 - Equals
ok 8 - Equals
ok 9 - Equals
</system-out>
    <testcase name="Equals (105)" classname="spec_perl_TestSwitchMultiBoolOps_t" time="0.000205039978027344" />
    <testcase name="Equals (106)" classname="spec_perl_TestSwitchMultiBoolOps_t" time="7.08103179931641e-05" />
    <testcase name="Equals (107)" classname="spec_perl_TestSwitchMultiBoolOps_t" time="9.79900360107422e-05" />
    <testcase name="Equals (108)" classname="spec_perl_TestSwitchMultiBoolOps_t" time="9.10758972167969e-05" />
    <testcase name="Equals (109)" classname="spec_perl_TestSwitchMultiBoolOps_t" time="9.01222229003906e-05" />
    <testcase name="Equals (110)" classname="spec_perl_TestSwitchMultiBoolOps_t" time="9.08374786376953e-05" />
    <testcase name="Equals (111)" classname="spec_perl_TestSwitchMultiBoolOps_t" time="9.01222229003906e-05" />
    <testcase name="Equals (112)" classname="spec_perl_TestSwitchMultiBoolOps_t" time="0.000100851058959961" />
    <testcase name="Equals (113)" classname="spec_perl_TestSwitchMultiBoolOps_t" time="7.10487365722656e-05" />
  </testsuite>
  <testsuite name="spec_perl_TestBitsSignedShiftB64Le_t" errors="0" failures="0" skipped="0" tests="2" time="0.0526759624481201">
    <system-out>1..2
ok 1 - Equals
ok 2 - Equals
</system-out>
    <testcase name="Equals (114)" classname="spec_perl_TestBitsSignedShiftB64Le_t" time="0.000174999237060547" />
    <testcase name="Equals (115)" classname="spec_perl_TestBitsSignedShiftB64Le_t" time="7.91549682617188e-05" />
  </testsuite>
  <testsuite name="spec_perl_TestZlibSurrounded_t" errors="0" failures="0" skipped="0" tests="1" time="0.0774328708648682">
    <system-out>1..1
ok 1 - Equals
</system-out>
    <testcase name="Equals (116)" classname="spec_perl_TestZlibSurrounded_t" time="0.000613927841186523" />
  </testsuite>
  <testsuite name="spec_perl_TestEnumDeep_t" errors="0" failures="0" skipped="0" tests="2" time="0.0530290603637695">
    <system-out>1..2
ok 1 - Equals
ok 2 - Equals
</system-out>
    <testcase name="Equals (117)" classname="spec_perl_TestEnumDeep_t" time="0.0001678466796875" />
    <testcase name="Equals (118)" classname="spec_perl_TestEnumDeep_t" time="6.00814819335938e-05" />
  </testsuite>
  <testsuite name="spec_perl_TestValidOptionalId_t" errors="0" failures="0" skipped="1" tests="1" time="0.0537738800048828">
    <system-out>1..1
ok 1 # skip ValidOptionalId=HASH(0x55bb30e50610)
</system-out>
    <testcase name="Unnamed test case 118" classname="spec_perl_TestValidOptionalId_t" time="0.000946998596191406">
      <skipped message="ok 1 # skip ValidOptionalId=HASH(0x55bb30e50610)" />
    </testcase>
  </testsuite>
  <testsuite name="spec_perl_TestSwitchBytearray_t" errors="0" failures="0" skipped="0" tests="9" time="0.057466983795166">
    <system-out>1..9
ok 1 - Equals
ok 2 - Equals
ok 3 - Equals
ok 4 - Equals
ok 5 - Equals
ok 6 - Equals
ok 7 - Equals
ok 8 - Equals
ok 9 - Equals
</system-out>
    <testcase name="Equals (119)" classname="spec_perl_TestSwitchBytearray_t" time="0.000256061553955078" />
    <testcase name="Equals (120)" classname="spec_perl_TestSwitchBytearray_t" time="6.29425048828125e-05" />
    <testcase name="Equals (121)" classname="spec_perl_TestSwitchBytearray_t" time="0.000109195709228516" />
    <testcase name="Equals (122)" classname="spec_perl_TestSwitchBytearray_t" time="9.67979431152344e-05" />
    <testcase name="Equals (123)" classname="spec_perl_TestSwitchBytearray_t" time="9.79900360107422e-05" />
    <testcase name="Equals (124)" classname="spec_perl_TestSwitchBytearray_t" time="0.000128030776977539" />
    <testcase name="Equals (125)" classname="spec_perl_TestSwitchBytearray_t" time="6.91413879394531e-05" />
    <testcase name="Equals (126)" classname="spec_perl_TestSwitchBytearray_t" time="9.79900360107422e-05" />
    <testcase name="Equals (127)" classname="spec_perl_TestSwitchBytearray_t" time="0.000125885009765625" />
  </testsuite>
  <testsuite name="spec_perl_TestInstanceStdArray_t" errors="0" failures="0" skipped="0" tests="7" time="0.0543529987335205">
    <system-out>1..7
ok 1 - Equals
ok 2 - Equals
ok 3 - Equals
ok 4 - Equals
ok 5 - Equals
ok 6 - Equals
ok 7 - Equals
</system-out>
    <testcase name="Equals (128)" classname="spec_perl_TestInstanceStdArray_t" time="0.000243902206420898" />
    <testcase name="Equals (129)" classname="spec_perl_TestInstanceStdArray_t" time="0.000124931335449219" />
    <testcase name="Equals (130)" classname="spec_perl_TestInstanceStdArray_t" time="0.000152111053466797" />
    <testcase name="Equals (131)" classname="spec_perl_TestInstanceStdArray_t" time="0.000185966491699219" />
    <testcase name="Equals (132)" classname="spec_perl_TestInstanceStdArray_t" time="0.000153064727783203" />
    <testcase name="Equals (133)" classname="spec_perl_TestInstanceStdArray_t" time="0.000165939331054688" />
    <testcase name="Equals (134)" classname="spec_perl_TestInstanceStdArray_t" time="0.000166893005371094" />
  </testsuite>
  <testsuite name="spec_perl_TestValidNotParsedIf_t" errors="0" failures="0" skipped="1" tests="1" time="0.0531890392303467">
    <system-out>1..1
ok 1 # skip ValidNotParsedIf=HASH(0x562e99bc56c8)
</system-out>
    <testcase name="Unnamed test case 134" classname="spec_perl_TestValidNotParsedIf_t" time="0.000944137573242188">
      <skipped message="ok 1 # skip ValidNotParsedIf=HASH(0x562e99bc56c8)" />
    </testcase>
  </testsuite>
  <testsuite name="spec_perl_TestParamsPassArrayStr_t" errors="0" failures="1" skipped="6" tests="7" time="0.0589909553527832">
    <system-out>1..7
not ok 1 - test_params_pass_array_str died (Can't use an undefined value as an ARRAY reference at spec/perl/TestParamsPassArrayStr.t line 14.)
ok 2 # skip test_params_pass_array_str died
ok 3 # skip test_params_pass_array_str died
ok 4 # skip test_params_pass_array_str died
ok 5 # skip test_params_pass_array_str died
ok 6 # skip test_params_pass_array_str died
ok 7 # skip test_params_pass_array_str died
</system-out>
    <testcase name="test_params_pass_array_str died (Can't use an undefined value as an ARRAY reference at spec/perl/TestParamsPassArrayStr.t line 14.) (134)" classname="spec_perl_TestParamsPassArrayStr_t" time="0.000239849090576172">
      <failure message="not ok 1 - test_params_pass_array_str died (Can't use an undefined value as an ARRAY reference at spec/perl/TestParamsPassArrayStr.t line 14.)" type="TAP::Parser::Result::Test"></failure>
    </testcase>
    <testcase name="Unnamed test case 135" classname="spec_perl_TestParamsPassArrayStr_t" time="0.000435113906860352">
      <skipped message="ok 2 # skip test_params_pass_array_str died" />
    </testcase>
    <testcase name="Unnamed test case 136" classname="spec_perl_TestParamsPassArrayStr_t" time="0.00014805793762207">
      <skipped message="ok 3 # skip test_params_pass_array_str died" />
    </testcase>
    <testcase name="Unnamed test case 137" classname="spec_perl_TestParamsPassArrayStr_t" time="0.000108957290649414">
      <skipped message="ok 4 # skip test_params_pass_array_str died" />
    </testcase>
    <testcase name="Unnamed test case 138" classname="spec_perl_TestParamsPassArrayStr_t" time="0.000118017196655273">
      <skipped message="ok 5 # skip test_params_pass_array_str died" />
    </testcase>
    <testcase name="Unnamed test case 139" classname="spec_perl_TestParamsPassArrayStr_t" time="0.000123023986816406">
      <skipped message="ok 6 # skip test_params_pass_array_str died" />
    </testcase>
    <testcase name="Unnamed test case 140" classname="spec_perl_TestParamsPassArrayStr_t" time="0.000129938125610352">
      <skipped message="ok 7 # skip test_params_pass_array_str died" />
    </testcase>
  </testsuite>
  <testsuite name="spec_perl_TestSwitchManualIntElse_t" errors="0" failures="0" skipped="0" tests="9" time="0.0582330226898193">
    <system-out>1..9
ok 1 - Equals
ok 2 - Equals
ok 3 - Equals
ok 4 - Equals
ok 5 - Equals
ok 6 - Equals
ok 7 - Equals
ok 8 - Equals
ok 9 - Equals
</system-out>
    <testcase name="Equals (140)" classname="spec_perl_TestSwitchManualIntElse_t" time="0.000255107879638672" />
    <testcase name="Equals (141)" classname="spec_perl_TestSwitchManualIntElse_t" time="6.29425048828125e-05" />
    <testcase name="Equals (142)" classname="spec_perl_TestSwitchManualIntElse_t" time="0.000108003616333008" />
    <testcase name="Equals (143)" classname="spec_perl_TestSwitchManualIntElse_t" time="0.000102996826171875" />
    <testcase name="Equals (144)" classname="spec_perl_TestSwitchManualIntElse_t" time="9.60826873779297e-05" />
    <testcase name="Equals (145)" classname="spec_perl_TestSwitchManualIntElse_t" time="0.000114917755126953" />
    <testcase name="Equals (146)" classname="spec_perl_TestSwitchManualIntElse_t" time="8.20159912109375e-05" />
    <testcase name="Equals (147)" classname="spec_perl_TestSwitchManualIntElse_t" time="8.70227813720703e-05" />
    <testcase name="Equals (148)" classname="spec_perl_TestSwitchManualIntElse_t" time="0.000119924545288086" />
  </testsuite>
  <testsuite name="spec_perl_TestEnumLongRangeS_t" errors="0" failures="0" skipped="0" tests="7" time="0.0530641078948975">
    <system-out>1..7
ok 1 - Equals
ok 2 - Equals
ok 3 - Equals
ok 4 - Equals
ok 5 - Equals
ok 6 - Equals
ok 7 - Equals
</system-out>
    <testcase name="Equals (149)" classname="spec_perl_TestEnumLongRangeS_t" time="0.000137805938720703" />
    <testcase name="Equals (150)" classname="spec_perl_TestEnumLongRangeS_t" time="6.103515625e-05" />
    <testcase name="Equals (151)" classname="spec_perl_TestEnumLongRangeS_t" time="0.00011897087097168" />
    <testcase name="Equals (152)" classname="spec_perl_TestEnumLongRangeS_t" time="9.41753387451172e-05" />
    <testcase name="Equals (153)" classname="spec_perl_TestEnumLongRangeS_t" time="9.08374786376953e-05" />
    <testcase name="Equals (154)" classname="spec_perl_TestEnumLongRangeS_t" time="0.000115156173706055" />
    <testcase name="Equals (155)" classname="spec_perl_TestEnumLongRangeS_t" time="4.88758087158203e-05" />
  </testsuite>
  <testsuite name="spec_perl_TestNestedSameName2_t" errors="0" failures="0" skipped="0" tests="5" time="0.053354024887085">
    <system-out>1..5
ok 1 - Equals
ok 2 - Equals
ok 3 - Equals
ok 4 - Equals
ok 5 - Equals
</system-out>
    <testcase name="Equals (156)" classname="spec_perl_TestNestedSameName2_t" time="0.000205039978027344" />
    <testcase name="Equals (157)" classname="spec_perl_TestNestedSameName2_t" time="6.103515625e-05" />
    <testcase name="Equals (158)" classname="spec_perl_TestNestedSameName2_t" time="0.000118017196655273" />
    <testcase name="Equals (159)" classname="spec_perl_TestNestedSameName2_t" time="0.000114917755126953" />
    <testcase name="Equals (160)" classname="spec_perl_TestNestedSameName2_t" time="9.918212890625e-05" />
  </testsuite>
  <testsuite name="spec_perl_TestSwitchManualEnum_t" errors="0" failures="0" skipped="0" tests="9" time="0.0575180053710938">
    <system-out>1..9
ok 1 - Equals
ok 2 - Equals
ok 3 - Equals
ok 4 - Equals
ok 5 - Equals
ok 6 - Equals
ok 7 - Equals
ok 8 - Equals
ok 9 - Equals
</system-out>
    <testcase name="Equals (161)" classname="spec_perl_TestSwitchManualEnum_t" time="0.000205039978027344" />
    <testcase name="Equals (162)" classname="spec_perl_TestSwitchManualEnum_t" time="7.10487365722656e-05" />
    <testcase name="Equals (163)" classname="spec_perl_TestSwitchManualEnum_t" time="9.29832458496094e-05" />
    <testcase name="Equals (164)" classname="spec_perl_TestSwitchManualEnum_t" time="9.48905944824219e-05" />
    <testcase name="Equals (165)" classname="spec_perl_TestSwitchManualEnum_t" time="9.20295715332031e-05" />
    <testcase name="Equals (166)" classname="spec_perl_TestSwitchManualEnum_t" time="9.70363616943359e-05" />
    <testcase name="Equals (167)" classname="spec_perl_TestSwitchManualEnum_t" time="0.000129938125610352" />
    <testcase name="Equals (168)" classname="spec_perl_TestSwitchManualEnum_t" time="9.98973846435547e-05" />
    <testcase name="Equals (169)" classname="spec_perl_TestSwitchManualEnum_t" time="9.20295715332031e-05" />
  </testsuite>
  <testsuite name="spec_perl_TestDefaultEndianExprIsLe_t" errors="0" failures="0" skipped="0" tests="12" time="0.0532279014587402">
    <system-out>1..12
ok 1 - Equals
ok 2 - Equals
ok 3 - Equals
ok 4 - Equals
ok 5 - Equals
ok 6 - Equals
ok 7 - Equals
ok 8 - Equals
ok 9 - Equals
ok 10 - Equals
ok 11 - Equals
ok 12 - Equals
</system-out>
    <testcase name="Equals (170)" classname="spec_perl_TestDefaultEndianExprIsLe_t" time="0.000207901000976562" />
    <testcase name="Equals (171)" classname="spec_perl_TestDefaultEndianExprIsLe_t" time="6.41345977783203e-05" />
    <testcase name="Equals (172)" classname="spec_perl_TestDefaultEndianExprIsLe_t" time="0.000111818313598633" />
    <testcase name="Equals (173)" classname="spec_perl_TestDefaultEndianExprIsLe_t" time="0.000112056732177734" />
    <testcase name="Equals (174)" classname="spec_perl_TestDefaultEndianExprIsLe_t" time="9.51290130615234e-05" />
    <testcase name="Equals (175)" classname="spec_perl_TestDefaultEndianExprIsLe_t" time="8.08238983154297e-05" />
    <testcase name="Equals (176)" classname="spec_perl_TestDefaultEndianExprIsLe_t" time="9.01222229003906e-05" />
    <testcase name="Equals (177)" classname="spec_perl_TestDefaultEndianExprIsLe_t" time="9.98973846435547e-05" />
    <testcase name="Equals (178)" classname="spec_perl_TestDefaultEndianExprIsLe_t" time="8.89301300048828e-05" />
    <testcase name="Equals (179)" classname="spec_perl_TestDefaultEndianExprIsLe_t" time="9.01222229003906e-05" />
    <testcase name="Equals (180)" classname="spec_perl_TestDefaultEndianExprIsLe_t" time="9.29832458496094e-05" />
    <testcase name="Equals (181)" classname="spec_perl_TestDefaultEndianExprIsLe_t" time="8.89301300048828e-05" />
  </testsuite>
  <testsuite name="spec_perl_TestSwitchManualIntSizeElse_t" errors="0" failures="0" skipped="0" tests="10" time="0.0589330196380615">
    <system-out>1..10
ok 1 - Equals
ok 2 - Equals
ok 3 - Equals
ok 4 - Equals
ok 5 - Equals
ok 6 - Equals
ok 7 - Equals
ok 8 - Equals
ok 9 - Equals
ok 10 - Equals
</system-out>
    <testcase name="Equals (182)" classname="spec_perl_TestSwitchManualIntSizeElse_t" time="0.000634908676147461" />
    <testcase name="Equals (183)" classname="spec_perl_TestSwitchManualIntSizeElse_t" time="7.91549682617188e-05" />
    <testcase name="Equals (184)" classname="spec_perl_TestSwitchManualIntSizeElse_t" time="9.67979431152344e-05" />
    <testcase name="Equals (185)" classname="spec_perl_TestSwitchManualIntSizeElse_t" time="9.51290130615234e-05" />
    <testcase name="Equals (186)" classname="spec_perl_TestSwitchManualIntSizeElse_t" time="9.48905944824219e-05" />
    <testcase name="Equals (187)" classname="spec_perl_TestSwitchManualIntSizeElse_t" time="0.000147104263305664" />
    <testcase name="Equals (188)" classname="spec_perl_TestSwitchManualIntSizeElse_t" time="0.000101089477539062" />
    <testcase name="Equals (189)" classname="spec_perl_TestSwitchManualIntSizeElse_t" time="9.48905944824219e-05" />
    <testcase name="Equals (190)" classname="spec_perl_TestSwitchManualIntSizeElse_t" time="9.20295715332031e-05" />
    <testcase name="Equals (191)" classname="spec_perl_TestSwitchManualIntSizeElse_t" time="8.79764556884766e-05" />
  </testsuite>
  <testsuite name="spec_perl_TestBcdUserTypeLe_t" errors="0" failures="0" skipped="0" tests="6" time="0.0555400848388672">
    <system-out>1..6
ok 1 - Equals
ok 2 - Equals
ok 3 - Equals
ok 4 - Equals
ok 5 - Equals
ok 6 - Equals
</system-out>
    <testcase name="Equals (192)" classname="spec_perl_TestBcdUserTypeLe_t" time="0.000517129898071289" />
    <testcase name="Equals (193)" classname="spec_perl_TestBcdUserTypeLe_t" time="0.000133991241455078" />
    <testcase name="Equals (194)" classname="spec_perl_TestBcdUserTypeLe_t" time="8.392333984375e-05" />
    <testcase name="Equals (195)" classname="spec_perl_TestBcdUserTypeLe_t" time="0.000121116638183594" />
    <testcase name="Equals (196)" classname="spec_perl_TestBcdUserTypeLe_t" time="0.000120878219604492" />
    <testcase name="Equals (197)" classname="spec_perl_TestBcdUserTypeLe_t" time="0.000118017196655273" />
  </testsuite>
  <testsuite name="spec_perl_TestBitsSimple_t" errors="0" failures="0" skipped="0" tests="14" time="0.0538990497589111">
    <system-out>1..14
ok 1 - Equals
ok 2 - Equals
ok 3 - Equals
ok 4 - Equals
ok 5 - Equals
ok 6 - Equals
ok 7 - Equals
ok 8 - Equals
ok 9 - Equals
ok 10 - Equals
ok 11 - Equals
ok 12 - Equals
ok 13 - Equals
ok 14 - Equals
</system-out>
    <testcase name="Equals (198)" classname="spec_perl_TestBitsSimple_t" time="0.00018000602722168" />
    <testcase name="Equals (199)" classname="spec_perl_TestBitsSimple_t" time="7.60555267333984e-05" />
    <testcase name="Equals (200)" classname="spec_perl_TestBitsSimple_t" time="8.70227813720703e-05" />
    <testcase name="Equals (201)" classname="spec_perl_TestBitsSimple_t" time="9.48905944824219e-05" />
    <testcase name="Equals (202)" classname="spec_perl_TestBitsSimple_t" time="8.29696655273438e-05" />
    <testcase name="Equals (203)" classname="spec_perl_TestBitsSimple_t" time="8.70227813720703e-05" />
    <testcase name="Equals (204)" classname="spec_perl_TestBitsSimple_t" time="0.000121116638183594" />
    <testcase name="Equals (205)" classname="spec_perl_TestBitsSimple_t" time="8.98838043212891e-05" />
    <testcase name="Equals (206)" classname="spec_perl_TestBitsSimple_t" time="8.60691070556641e-05" />
    <testcase name="Equals (207)" classname="spec_perl_TestBitsSimple_t" time="8.79764556884766e-05" />
    <testcase name="Equals (208)" classname="spec_perl_TestBitsSimple_t" time="8.89301300048828e-05" />
    <testcase name="Equals (209)" classname="spec_perl_TestBitsSimple_t" time="8.70227813720703e-05" />
    <testcase name="Equals (210)" classname="spec_perl_TestBitsSimple_t" time="8.70227813720703e-05" />
    <testcase name="Equals (211)" classname="spec_perl_TestBitsSimple_t" time="8.98838043212891e-05" />
  </testsuite>
  <testsuite name="spec_perl_TestDebugArrayUserEofException_t" errors="0" failures="0" skipped="0" tests="9" time="0.0549471378326416">
    <system-out>1..9
ok 1 - threw /^Requested \d+ bytes, but only \d+ bytes available/
ok 2 - Equals
ok 3 - Equals
ok 4 - Equals
ok 5 - Equals
ok 6 - Equals
ok 7 - Equals
ok 8 - Equals
ok 9 - Equals
</system-out>
    <testcase name="threw /^Requested \d+ bytes, but only \d+ bytes available/ (211)" classname="spec_perl_TestDebugArrayUserEofException_t" time="0.000139951705932617" />
    <testcase name="Equals (212)" classname="spec_perl_TestDebugArrayUserEofException_t" time="9.58442687988281e-05" />
    <testcase name="Equals (213)" classname="spec_perl_TestDebugArrayUserEofException_t" time="0.000130176544189453" />
    <testcase name="Equals (214)" classname="spec_perl_TestDebugArrayUserEofException_t" time="0.000107049942016602" />
    <testcase name="Equals (215)" classname="spec_perl_TestDebugArrayUserEofException_t" time="9.08374786376953e-05" />
    <testcase name="Equals (216)" classname="spec_perl_TestDebugArrayUserEofException_t" time="8.51154327392578e-05" />
    <testcase name="Equals (217)" classname="spec_perl_TestDebugArrayUserEofException_t" time="8.392333984375e-05" />
    <testcase name="Equals (218)" classname="spec_perl_TestDebugArrayUserEofException_t" time="9.01222229003906e-05" />
    <testcase name="Equals (219)" classname="spec_perl_TestDebugArrayUserEofException_t" time="9.98973846435547e-05" />
  </testsuite>
  <testsuite name="spec_perl_TestIntegers_t" errors="0" failures="0" skipped="0" tests="20" time="0.0548441410064697">
    <system-out>1..20
ok 1 - Equals
ok 2 - Equals
ok 3 - Equals
ok 4 - Equals
ok 5 - Equals
ok 6 - Equals
ok 7 - Equals
ok 8 - Equals
ok 9 - Equals
ok 10 - Equals
ok 11 - Equals
ok 12 - Equals
ok 13 - Equals
ok 14 - Equals
ok 15 - Equals
ok 16 - Equals
ok 17 - Equals
ok 18 - Equals
ok 19 - Equals
ok 20 - Equals
</system-out>
    <testcase name="Equals (220)" classname="spec_perl_TestIntegers_t" time="0.00015711784362793" />
    <testcase name="Equals (221)" classname="spec_perl_TestIntegers_t" time="6.38961791992188e-05" />
    <testcase name="Equals (222)" classname="spec_perl_TestIntegers_t" time="0.000149011611938477" />
    <testcase name="Equals (223)" classname="spec_perl_TestIntegers_t" time="7.39097595214844e-05" />
    <testcase name="Equals (224)" classname="spec_perl_TestIntegers_t" time="5.60283660888672e-05" />
    <testcase name="Equals (225)" classname="spec_perl_TestIntegers_t" time="7.79628753662109e-05" />
    <testcase name="Equals (226)" classname="spec_perl_TestIntegers_t" time="9.51290130615234e-05" />
    <testcase name="Equals (227)" classname="spec_perl_TestIntegers_t" time="7.98702239990234e-05" />
    <testcase name="Equals (228)" classname="spec_perl_TestIntegers_t" time="0.000110149383544922" />
    <testcase name="Equals (229)" classname="spec_perl_TestIntegers_t" time="8.60691070556641e-05" />
    <testcase name="Equals (230)" classname="spec_perl_TestIntegers_t" time="8.67843627929688e-05" />
    <testcase name="Equals (231)" classname="spec_perl_TestIntegers_t" time="9.10758972167969e-05" />
    <testcase name="Equals (232)" classname="spec_perl_TestIntegers_t" time="8.0108642578125e-05" />
    <testcase name="Equals (233)" classname="spec_perl_TestIntegers_t" time="8.48770141601562e-05" />
    <testcase name="Equals (234)" classname="spec_perl_TestIntegers_t" time="9.10758972167969e-05" />
    <testcase name="Equals (235)" classname="spec_perl_TestIntegers_t" time="8.60691070556641e-05" />
    <testcase name="Equals (236)" classname="spec_perl_TestIntegers_t" time="0.000104904174804688" />
    <testcase name="Equals (237)" classname="spec_perl_TestIntegers_t" time="6.69956207275391e-05" />
    <testcase name="Equals (238)" classname="spec_perl_TestIntegers_t" time="8.60691070556641e-05" />
    <testcase name="Equals (239)" classname="spec_perl_TestIntegers_t" time="8.89301300048828e-05" />
  </testsuite>
  <testsuite name="spec_perl_TestBitsUnalignedB64Le_t" errors="0" failures="0" skipped="0" tests="3" time="0.052603006362915">
    <system-out>1..3
ok 1 - Equals
ok 2 - Equals
ok 3 - Equals
</system-out>
    <testcase name="Equals (240)" classname="spec_perl_TestBitsUnalignedB64Le_t" time="0.000156879425048828" />
    <testcase name="Equals (241)" classname="spec_perl_TestBitsUnalignedB64Le_t" time="6.50882720947266e-05" />
    <testcase name="Equals (242)" classname="spec_perl_TestBitsUnalignedB64Le_t" time="0.000108003616333008" />
  </testsuite>
  <testsuite name="spec_perl_TestBitsSignedResB32Le_t" errors="0" failures="0" skipped="0" tests="1" time="0.0528709888458252">
    <system-out>1..1
ok 1 - Equals
</system-out>
    <testcase name="Equals (243)" classname="spec_perl_TestBitsSignedResB32Le_t" time="0.000200033187866211" />
  </testsuite>
  <testsuite name="spec_perl_TestOpaqueExternalType02Parent_t" errors="0" failures="0" skipped="0" tests="3" time="0.0568950176239014">
    <system-out>1..3
ok 1 - Equals
ok 2 - Equals
ok 3 - Equals
</system-out>
    <testcase name="Equals (244)" classname="spec_perl_TestOpaqueExternalType02Parent_t" time="0.000252008438110352" />
    <testcase name="Equals (245)" classname="spec_perl_TestOpaqueExternalType02Parent_t" time="8.29696655273438e-05" />
    <testcase name="Equals (246)" classname="spec_perl_TestOpaqueExternalType02Parent_t" time="5.31673431396484e-05" />
  </testsuite>
  <testsuite name="spec_perl_TestExprMod_t" errors="0" failures="0" skipped="0" tests="6" time="0.0525031089782715">
    <system-out>1..6
ok 1 - Equals
ok 2 - Equals
ok 3 - Equals
ok 4 - Equals
ok 5 - Equals
ok 6 - Equals
</system-out>
    <testcase name="Equals (247)" classname="spec_perl_TestExprMod_t" time="0.000142097473144531" />
    <testcase name="Equals (248)" classname="spec_perl_TestExprMod_t" time="6.69956207275391e-05" />
    <testcase name="Equals (249)" classname="spec_perl_TestExprMod_t" time="9.58442687988281e-05" />
    <testcase name="Equals (250)" classname="spec_perl_TestExprMod_t" time="9.29832458496094e-05" />
    <testcase name="Equals (251)" classname="spec_perl_TestExprMod_t" time="0.000120162963867188" />
    <testcase name="Equals (252)" classname="spec_perl_TestExprMod_t" time="9.79900360107422e-05" />
  </testsuite>
  <testsuite name="spec_perl_TestEosExceptionBytes_t" errors="0" failures="0" skipped="0" tests="1" time="0.0541198253631592">
    <system-out>1..1
ok 1 - threw /^Requested \d+ bytes, but only \d+ bytes available/
</system-out>
    <testcase name="threw /^Requested \d+ bytes, but only \d+ bytes available/ (252)" classname="spec_perl_TestEosExceptionBytes_t" time="0.000401973724365234" />
  </testsuite>
  <testsuite name="spec_perl_TestExprBytesCmp_t" errors="0" failures="0" skipped="0" tests="10" time="0.0535140037536621">
    <system-out>1..10
ok 1 - Equals
ok 2 - Equals
ok 3 - Equals
ok 4 - Equals
ok 5 - Equals
ok 6 - Equals
ok 7 - Equals
ok 8 - Equals
ok 9 - Equals
ok 10 - Equals
</system-out>
    <testcase name="Equals (253)" classname="spec_perl_TestExprBytesCmp_t" time="0.00014495849609375" />
    <testcase name="Equals (254)" classname="spec_perl_TestExprBytesCmp_t" time="8.60691070556641e-05" />
    <testcase name="Equals (255)" classname="spec_perl_TestExprBytesCmp_t" time="9.70363616943359e-05" />
    <testcase name="Equals (256)" classname="spec_perl_TestExprBytesCmp_t" time="8.70227813720703e-05" />
    <testcase name="Equals (257)" classname="spec_perl_TestExprBytesCmp_t" time="9.08374786376953e-05" />
    <testcase name="Equals (258)" classname="spec_perl_TestExprBytesCmp_t" time="7.70092010498047e-05" />
    <testcase name="Equals (259)" classname="spec_perl_TestExprBytesCmp_t" time="8.32080841064453e-05" />
    <testcase name="Equals (260)" classname="spec_perl_TestExprBytesCmp_t" time="7.20024108886719e-05" />
    <testcase name="Equals (261)" classname="spec_perl_TestExprBytesCmp_t" time="7.89165496826172e-05" />
    <testcase name="Equals (262)" classname="spec_perl_TestExprBytesCmp_t" time="8.60691070556641e-05" />
  </testsuite>
  <testsuite name="spec_perl_TestValidSwitch_t" errors="0" failures="0" skipped="1" tests="1" time="0.0542061328887939">
    <system-out>1..1
ok 1 # skip ValidSwitch=HASH(0x55da03697670)
</system-out>
    <testcase name="Unnamed test case 262" classname="spec_perl_TestValidSwitch_t" time="0.000938892364501953">
      <skipped message="ok 1 # skip ValidSwitch=HASH(0x55da03697670)" />
    </testcase>
  </testsuite>
  <testsuite name="spec_perl_TestValidShort_t" errors="0" failures="0" skipped="1" tests="1" time="0.0579979419708252">
    <system-out>1..1
ok 1 # skip ValidShort=HASH(0x5630cade12f0)
</system-out>
    <testcase name="Unnamed test case 263" classname="spec_perl_TestValidShort_t" time="0.00109004974365234">
      <skipped message="ok 1 # skip ValidShort=HASH(0x5630cade12f0)" />
    </testcase>
  </testsuite>
  <testsuite name="spec_perl_TestExprSizeofType1_t" errors="0" failures="0" skipped="0" tests="2" time="0.0531909465789795">
    <system-out>1..2
ok 1 - Equals
ok 2 - Equals
</system-out>
    <testcase name="Equals (263)" classname="spec_perl_TestExprSizeofType1_t" time="0.000140905380249023" />
    <testcase name="Equals (264)" classname="spec_perl_TestExprSizeofType1_t" time="6.00814819335938e-05" />
  </testsuite>
  <testsuite name="spec_perl_TestStrEncodingsDefault_t" errors="0" failures="0" skipped="0" tests="4" time="0.0612549781799316">
    <system-out>1..4
ok 1 - Equals
ok 2 - Equals
ok 3 - Equals
ok 4 - Equals
</system-out>
    <testcase name="Equals (265)" classname="spec_perl_TestStrEncodingsDefault_t" time="0.00343799591064453" />
    <testcase name="Equals (266)" classname="spec_perl_TestStrEncodingsDefault_t" time="8.29696655273438e-05" />
    <testcase name="Equals (267)" classname="spec_perl_TestStrEncodingsDefault_t" time="4.81605529785156e-05" />
    <testcase name="Equals (268)" classname="spec_perl_TestStrEncodingsDefault_t" time="0.000104904174804688" />
  </testsuite>
  <testsuite name="spec_perl_TestBitsSignedResB32Be_t" errors="0" failures="0" skipped="0" tests="1" time="0.0522208213806152">
    <system-out>1..1
ok 1 - Equals
</system-out>
    <testcase name="Equals (269)" classname="spec_perl_TestBitsSignedResB32Be_t" time="0.00014805793762207" />
  </testsuite>
  <testsuite name="spec_perl_TestCastToTop_t" errors="0" failures="0" skipped="0" tests="3" time="0.0523021221160889">
    <system-out>1..3
ok 1 - Equals
ok 2 - Equals
ok 3 - Equals
</system-out>
    <testcase name="Equals (270)" classname="spec_perl_TestCastToTop_t" time="0.000161170959472656" />
    <testcase name="Equals (271)" classname="spec_perl_TestCastToTop_t" time="9.08374786376953e-05" />
    <testcase name="Equals (272)" classname="spec_perl_TestCastToTop_t" time="9.51290130615234e-05" />
  </testsuite>
  <testsuite name="spec_perl_TestNavParentSwitchCast_t" errors="0" failures="0" skipped="0" tests="3" time="0.0534710884094238">
    <system-out>1..3
ok 1 - Equals
ok 2 - Equals
ok 3 - Equals
</system-out>
    <testcase name="Equals (273)" classname="spec_perl_TestNavParentSwitchCast_t" time="0.000506162643432617" />
    <testcase name="Equals (274)" classname="spec_perl_TestNavParentSwitchCast_t" time="6.89029693603516e-05" />
    <testcase name="Equals (275)" classname="spec_perl_TestNavParentSwitchCast_t" time="0.000101089477539062" />
  </testsuite>
  <testsuite name="spec_perl_TestIfValues_t" errors="0" failures="0" skipped="0" tests="6" time="0.0549440383911133">
    <system-out>1..6
ok 1 - Equals
ok 2 - Equals
ok 3 - Equals
ok 4 - nil
ok 5 - Equals
ok 6 - nil
</system-out>
    <testcase name="Equals (276)" classname="spec_perl_TestIfValues_t" time="0.000155925750732422" />
    <testcase name="Equals (277)" classname="spec_perl_TestIfValues_t" time="0.000102043151855469" />
    <testcase name="Equals (278)" classname="spec_perl_TestIfValues_t" time="7.70092010498047e-05" />
    <testcase name="nil (278)" classname="spec_perl_TestIfValues_t" time="5.19752502441406e-05" />
    <testcase name="Equals (279)" classname="spec_perl_TestIfValues_t" time="0.000103950500488281" />
    <testcase name="nil (279)" classname="spec_perl_TestIfValues_t" time="5.41210174560547e-05" />
  </testsuite>
  <testsuite name="spec_perl_TestNestedTypeParam_t" errors="0" failures="2" skipped="0" tests="2" time="0.0583651065826416">
    <system-out>1..2
not ok 1 - Equals
not ok 2 - Equals
</system-out>
    <testcase name="Equals (280)" classname="spec_perl_TestNestedTypeParam_t" time="0.000247955322265625">
      <failure message="not ok 1 - Equals" type="TAP::Parser::Result::Test"></failure>
    </testcase>
    <testcase name="Equals (281)" classname="spec_perl_TestNestedTypeParam_t" time="0.000792026519775391">
      <failure message="not ok 2 - Equals" type="TAP::Parser::Result::Test"></failure>
    </testcase>
  </testsuite>
  <testsuite name="spec_perl_TestCombineBytes_t" errors="0" failures="0" skipped="0" tests="10" time="0.0528120994567871">
    <system-out>1..10
ok 1 - Equals
ok 2 - Equals
ok 3 - Equals
ok 4 - Equals
ok 5 - Equals
ok 6 - Equals
ok 7 - Equals
ok 8 - Equals
ok 9 - Equals
ok 10 - Equals
</system-out>
    <testcase name="Equals (282)" classname="spec_perl_TestCombineBytes_t" time="0.000198841094970703" />
    <testcase name="Equals (283)" classname="spec_perl_TestCombineBytes_t" time="6.69956207275391e-05" />
    <testcase name="Equals (284)" classname="spec_perl_TestCombineBytes_t" time="9.51290130615234e-05" />
    <testcase name="Equals (285)" classname="spec_perl_TestCombineBytes_t" time="8.89301300048828e-05" />
    <testcase name="Equals (286)" classname="spec_perl_TestCombineBytes_t" time="0.000113010406494141" />
    <testcase name="Equals (287)" classname="spec_perl_TestCombineBytes_t" time="6.89029693603516e-05" />
    <testcase name="Equals (288)" classname="spec_perl_TestCombineBytes_t" time="9.32216644287109e-05" />
    <testcase name="Equals (289)" classname="spec_perl_TestCombineBytes_t" time="0.000114917755126953" />
    <testcase name="Equals (290)" classname="spec_perl_TestCombineBytes_t" time="9.70363616943359e-05" />
    <testcase name="Equals (291)" classname="spec_perl_TestCombineBytes_t" time="8.29696655273438e-05" />
  </testsuite>
  <testsuite name="spec_perl_TestDocstringsDocrefMulti_t" errors="0" failures="0" skipped="1" tests="1" time="0.0530810356140137">
    <system-out>1..1
ok 1 # skip DocstringsDocrefMulti=HASH(0x5568e6254638)
</system-out>
    <testcase name="Unnamed test case 291" classname="spec_perl_TestDocstringsDocrefMulti_t" time="0.00100588798522949">
      <skipped message="ok 1 # skip DocstringsDocrefMulti=HASH(0x5568e6254638)" />
    </testcase>
  </testsuite>
  <testsuite name="spec_perl_TestMetaXref_t" errors="0" failures="0" skipped="1" tests="1" time="0.0537691116333008">
    <system-out>1..1
ok 1 # skip MetaXref=HASH(0x5577e70f0f98)
</system-out>
    <testcase name="Unnamed test case 292" classname="spec_perl_TestMetaXref_t" time="0.000909090042114258">
      <skipped message="ok 1 # skip MetaXref=HASH(0x5577e70f0f98)" />
    </testcase>
  </testsuite>
  <testsuite name="spec_perl_TestImportsParamsDefArrayUsertypeImported_t" errors="0" failures="1" skipped="1" tests="5" time="0.0551688671112061">
    <system-out>1..5
ok 1 - Equals
ok 2 - Equals
ok 3 - Equals
not ok 4 - test_imports_params_def_array_usertype_imported died (Can't use an undefined value as an ARRAY reference at compiled/perl/ParamsDefArrayUsertypeImported.pm line 43.)
ok 5 # skip test_imports_params_def_array_usertype_imported died
</system-out>
    <testcase name="Equals (292)" classname="spec_perl_TestImportsParamsDefArrayUsertypeImported_t" time="0.000190973281860352" />
    <testcase name="Equals (293)" classname="spec_perl_TestImportsParamsDefArrayUsertypeImported_t" time="6.29425048828125e-05" />
    <testcase name="Equals (294)" classname="spec_perl_TestImportsParamsDefArrayUsertypeImported_t" time="0.000107049942016602" />
    <testcase name="test_imports_params_def_array_usertype_imported died (Can't use an undefined value as an ARRAY reference at compiled/perl/ParamsDefArrayUsertypeImported.pm line 43.) (294)" classname="spec_perl_TestImportsParamsDefArrayUsertypeImported_t" time="0.00020599365234375">
      <failure message="not ok 4 - test_imports_params_def_array_usertype_imported died (Can't use an undefined value as an ARRAY reference at compiled/perl/ParamsDefArrayUsertypeImported.pm line 43.)" type="TAP::Parser::Result::Test"></failure>
    </testcase>
    <testcase name="Unnamed test case 294" classname="spec_perl_TestImportsParamsDefArrayUsertypeImported_t" time="0.000510931015014648">
      <skipped message="ok 5 # skip test_imports_params_def_array_usertype_imported died" />
    </testcase>
  </testsuite>
  <testsuite name="spec_perl_TestBitsEnum_t" errors="0" failures="0" skipped="0" tests="3" time="0.0526940822601318">
    <system-out>1..3
ok 1 - Equals
ok 2 - Equals
ok 3 - Equals
</system-out>
    <testcase name="Equals (295)" classname="spec_perl_TestBitsEnum_t" time="0.000124931335449219" />
    <testcase name="Equals (296)" classname="spec_perl_TestBitsEnum_t" time="7.89165496826172e-05" />
    <testcase name="Equals (297)" classname="spec_perl_TestBitsEnum_t" time="9.41753387451172e-05" />
  </testsuite>
  <testsuite name="spec_perl_TestExprSizeofValue0_t" errors="0" failures="0" skipped="0" tests="5" time="0.0530128479003906">
    <system-out>1..5
ok 1 - Equals
ok 2 - Equals
ok 3 - Equals
ok 4 - Equals
ok 5 - Equals
</system-out>
    <testcase name="Equals (298)" classname="spec_perl_TestExprSizeofValue0_t" time="0.000138998031616211" />
    <testcase name="Equals (299)" classname="spec_perl_TestExprSizeofValue0_t" time="5.91278076171875e-05" />
    <testcase name="Equals (300)" classname="spec_perl_TestExprSizeofValue0_t" time="0.000103950500488281" />
    <testcase name="Equals (301)" classname="spec_perl_TestExprSizeofValue0_t" time="8.98838043212891e-05" />
    <testcase name="Equals (302)" classname="spec_perl_TestExprSizeofValue0_t" time="0.000128030776977539" />
  </testsuite>
  <testsuite name="spec_perl_TestProcessCoerceUsertype2_t" errors="0" failures="0" skipped="0" tests="4" time="0.0537669658660889">
    <system-out>1..4
ok 1 - Equals
ok 2 - Equals
ok 3 - Equals
ok 4 - Equals
</system-out>
    <testcase name="Equals (303)" classname="spec_perl_TestProcessCoerceUsertype2_t" time="0.00044703483581543" />
    <testcase name="Equals (304)" classname="spec_perl_TestProcessCoerceUsertype2_t" time="7.29560852050781e-05" />
    <testcase name="Equals (305)" classname="spec_perl_TestProcessCoerceUsertype2_t" time="0.000101089477539062" />
    <testcase name="Equals (306)" classname="spec_perl_TestProcessCoerceUsertype2_t" time="0.000113010406494141" />
  </testsuite>
  <testsuite name="spec_perl_TestIndexSizes_t" errors="0" failures="0" skipped="0" tests="7" time="0.0575568675994873">
    <system-out>1..7
ok 1 - Equals
ok 2 - Equals
ok 3 - Equals
ok 4 - Equals
ok 5 - Equals
ok 6 - Equals
ok 7 - Equals
</system-out>
    <testcase name="Equals (307)" classname="spec_perl_TestIndexSizes_t" time="0.00023198127746582" />
    <testcase name="Equals (308)" classname="spec_perl_TestIndexSizes_t" time="7.29560852050781e-05" />
    <testcase name="Equals (309)" classname="spec_perl_TestIndexSizes_t" time="0.000100851058959961" />
    <testcase name="Equals (310)" classname="spec_perl_TestIndexSizes_t" time="0.000100135803222656" />
    <testcase name="Equals (311)" classname="spec_perl_TestIndexSizes_t" time="9.79900360107422e-05" />
    <testcase name="Equals (312)" classname="spec_perl_TestIndexSizes_t" time="9.70363616943359e-05" />
    <testcase name="Equals (313)" classname="spec_perl_TestIndexSizes_t" time="8.89301300048828e-05" />
  </testsuite>
  <testsuite name="spec_perl_TestRepeatUntilS4_t" errors="0" failures="0" skipped="0" tests="2" time="0.0572991371154785">
    <system-out>1..2
ok 1 - Equals
ok 2 - Equals
</system-out>
    <testcase name="Equals (314)" classname="spec_perl_TestRepeatUntilS4_t" time="0.000147104263305664" />
    <testcase name="Equals (315)" classname="spec_perl_TestRepeatUntilS4_t" time="5.98430633544922e-05" />
  </testsuite>
  <testsuite name="spec_perl_TestEnumIntRangeU_t" errors="0" failures="0" skipped="0" tests="2" time="0.0523271560668945">
    <system-out>1..2
ok 1 - Equals
ok 2 - Equals
</system-out>
    <testcase name="Equals (316)" classname="spec_perl_TestEnumIntRangeU_t" time="0.000150918960571289" />
    <testcase name="Equals (317)" classname="spec_perl_TestEnumIntRangeU_t" time="6.31809234619141e-05" />
  </testsuite>
  <testsuite name="spec_perl_TestImportsAbsRel_t" errors="0" failures="0" skipped="0" tests="3" time="0.0538492202758789">
    <system-out>1..3
ok 1 - Equals
ok 2 - Equals
ok 3 - Equals
</system-out>
    <testcase name="Equals (318)" classname="spec_perl_TestImportsAbsRel_t" time="0.000165939331054688" />
    <testcase name="Equals (319)" classname="spec_perl_TestImportsAbsRel_t" time="6.38961791992188e-05" />
    <testcase name="Equals (320)" classname="spec_perl_TestImportsAbsRel_t" time="0.000100135803222656" />
  </testsuite>
  <testsuite name="spec_perl_TestCombineStr_t" errors="0" failures="0" skipped="0" tests="15" time="0.0572800636291504">
    <system-out>1..15
ok 1 - Equals
ok 2 - Equals
ok 3 - Equals
ok 4 - Equals
ok 5 - Equals
ok 6 - Equals
ok 7 - Equals
ok 8 - Equals
ok 9 - Equals
ok 10 - Equals
ok 11 - Equals
ok 12 - Equals
ok 13 - Equals
ok 14 - Equals
ok 15 - Equals
</system-out>
    <testcase name="Equals (321)" classname="spec_perl_TestCombineStr_t" time="0.00019383430480957" />
    <testcase name="Equals (322)" classname="spec_perl_TestCombineStr_t" time="6.00814819335938e-05" />
    <testcase name="Equals (323)" classname="spec_perl_TestCombineStr_t" time="8.89301300048828e-05" />
    <testcase name="Equals (324)" classname="spec_perl_TestCombineStr_t" time="9.01222229003906e-05" />
    <testcase name="Equals (325)" classname="spec_perl_TestCombineStr_t" time="9.79900360107422e-05" />
    <testcase name="Equals (326)" classname="spec_perl_TestCombineStr_t" time="8.89301300048828e-05" />
    <testcase name="Equals (327)" classname="spec_perl_TestCombineStr_t" time="8.89301300048828e-05" />
    <testcase name="Equals (328)" classname="spec_perl_TestCombineStr_t" time="0.00012516975402832" />
    <testcase name="Equals (329)" classname="spec_perl_TestCombineStr_t" time="4.38690185546875e-05" />
    <testcase name="Equals (330)" classname="spec_perl_TestCombineStr_t" time="0.000102043151855469" />
    <testcase name="Equals (331)" classname="spec_perl_TestCombineStr_t" time="0.000103950500488281" />
    <testcase name="Equals (332)" classname="spec_perl_TestCombineStr_t" time="0.000102043151855469" />
    <testcase name="Equals (333)" classname="spec_perl_TestCombineStr_t" time="9.60826873779297e-05" />
    <testcase name="Equals (334)" classname="spec_perl_TestCombineStr_t" time="9.08374786376953e-05" />
    <testcase name="Equals (335)" classname="spec_perl_TestCombineStr_t" time="9.29832458496094e-05" />
  </testsuite>
  <testsuite name="spec_perl_TestNonStandard_t" errors="0" failures="0" skipped="0" tests="1" time="0.0528478622436523">
    <system-out>1..1
ok 1 - Equals
</system-out>
    <testcase name="Equals (336)" classname="spec_perl_TestNonStandard_t" time="0.00014495849609375" />
  </testsuite>
  <testsuite name="spec_perl_TestProcessRepeatUsertype_t" errors="0" failures="0" skipped="0" tests="4" time="0.0528750419616699">
    <system-out>1..4
ok 1 - Equals
ok 2 - Equals
ok 3 - Equals
ok 4 - Equals
</system-out>
    <testcase name="Equals (337)" classname="spec_perl_TestProcessRepeatUsertype_t" time="0.000478982925415039" />
    <testcase name="Equals (338)" classname="spec_perl_TestProcessRepeatUsertype_t" time="5.69820404052734e-05" />
    <testcase name="Equals (339)" classname="spec_perl_TestProcessRepeatUsertype_t" time="0.000108957290649414" />
    <testcase name="Equals (340)" classname="spec_perl_TestProcessRepeatUsertype_t" time="8.10623168945312e-05" />
  </testsuite>
  <testsuite name="spec_perl_TestZlibWithHeader78_t" errors="0" failures="0" skipped="0" tests="1" time="0.0765860080718994">
    <system-out>1..1
ok 1 - Equals
</system-out>
    <testcase name="Equals (341)" classname="spec_perl_TestZlibWithHeader78_t" time="0.000223159790039062" />
  </testsuite>
  <testsuite name="spec_perl_TestIfInstances_t" errors="0" failures="0" skipped="0" tests="1" time="0.0531601905822754">
    <system-out>1..1
ok 1 - nil
</system-out>
    <testcase name="nil (341)" classname="spec_perl_TestIfInstances_t" time="0.000184059143066406" />
  </testsuite>
  <testsuite name="spec_perl_TestDebugSwitchUser_t" errors="0" failures="0" skipped="0" tests="2" time="0.0526511669158936">
    <system-out>1..2
ok 1 - Equals
ok 2 - Equals
</system-out>
    <testcase name="Equals (342)" classname="spec_perl_TestDebugSwitchUser_t" time="0.00018000602722168" />
    <testcase name="Equals (343)" classname="spec_perl_TestDebugSwitchUser_t" time="6.19888305664062e-05" />
  </testsuite>
  <testsuite name="spec_perl_TestProcessToUser_t" errors="0" failures="0" skipped="0" tests="1" time="0.0575780868530273">
    <system-out>1..1
ok 1 - Equals
</system-out>
    <testcase name="Equals (344)" classname="spec_perl_TestProcessToUser_t" time="0.000464916229248047" />
  </testsuite>
  <testsuite name="spec_perl_TestFixedStruct_t" errors="0" failures="0" skipped="0" tests="20" time="0.0557358264923096">
    <system-out>1..20
ok 1 - Equals
ok 2 - Equals
ok 3 - Equals
ok 4 - Equals
ok 5 - Equals
ok 6 - Equals
ok 7 - Equals
ok 8 - Equals
ok 9 - Equals
ok 10 - Equals
ok 11 - Equals
ok 12 - Equals
ok 13 - Equals
ok 14 - Equals
ok 15 - Equals
ok 16 - Equals
ok 17 - Equals
ok 18 - Equals
ok 19 - Equals
ok 20 - Equals
</system-out>
    <testcase name="Equals (345)" classname="spec_perl_TestFixedStruct_t" time="0.000214099884033203" />
    <testcase name="Equals (346)" classname="spec_perl_TestFixedStruct_t" time="6.89029693603516e-05" />
    <testcase name="Equals (347)" classname="spec_perl_TestFixedStruct_t" time="9.70363616943359e-05" />
    <testcase name="Equals (348)" classname="spec_perl_TestFixedStruct_t" time="9.10758972167969e-05" />
    <testcase name="Equals (349)" classname="spec_perl_TestFixedStruct_t" time="0.000108003616333008" />
    <testcase name="Equals (350)" classname="spec_perl_TestFixedStruct_t" time="7.39097595214844e-05" />
    <testcase name="Equals (351)" classname="spec_perl_TestFixedStruct_t" time="9.10758972167969e-05" />
    <testcase name="Equals (352)" classname="spec_perl_TestFixedStruct_t" time="9.70363616943359e-05" />
    <testcase name="Equals (353)" classname="spec_perl_TestFixedStruct_t" time="0.000127077102661133" />
    <testcase name="Equals (354)" classname="spec_perl_TestFixedStruct_t" time="0.000108003616333008" />
    <testcase name="Equals (355)" classname="spec_perl_TestFixedStruct_t" time="9.17911529541016e-05" />
    <testcase name="Equals (356)" classname="spec_perl_TestFixedStruct_t" time="9.01222229003906e-05" />
    <testcase name="Equals (357)" classname="spec_perl_TestFixedStruct_t" time="8.79764556884766e-05" />
    <testcase name="Equals (358)" classname="spec_perl_TestFixedStruct_t" time="8.89301300048828e-05" />
    <testcase name="Equals (359)" classname="spec_perl_TestFixedStruct_t" time="9.70363616943359e-05" />
    <testcase name="Equals (360)" classname="spec_perl_TestFixedStruct_t" time="8.89301300048828e-05" />
    <testcase name="Equals (361)" classname="spec_perl_TestFixedStruct_t" time="8.32080841064453e-05" />
    <testcase name="Equals (362)" classname="spec_perl_TestFixedStruct_t" time="8.67843627929688e-05" />
    <testcase name="Equals (363)" classname="spec_perl_TestFixedStruct_t" time="0.000117063522338867" />
    <testcase name="Equals (364)" classname="spec_perl_TestFixedStruct_t" time="0.000100135803222656" />
  </testsuite>
  <testsuite name="spec_perl_TestTypeTernaryOpaque_t" errors="0" failures="0" skipped="0" tests="1" time="0.0536401271820068">
    <system-out>1..1
ok 1 - Equals
</system-out>
    <testcase name="Equals (365)" classname="spec_perl_TestTypeTernaryOpaque_t" time="0.000427007675170898" />
  </testsuite>
  <testsuite name="spec_perl_TestParamsCall_t" errors="0" failures="3" skipped="0" tests="3" time="0.0590338706970215">
    <system-out>1..3
not ok 1 - Equals
not ok 2 - Equals
not ok 3 - Equals
</system-out>
    <testcase name="Equals (366)" classname="spec_perl_TestParamsCall_t" time="0.000382900238037109">
      <failure message="not ok 1 - Equals" type="TAP::Parser::Result::Test"></failure>
    </testcase>
    <testcase name="Equals (367)" classname="spec_perl_TestParamsCall_t" time="0.000688076019287109">
      <failure message="not ok 2 - Equals" type="TAP::Parser::Result::Test"></failure>
    </testcase>
    <testcase name="Equals (368)" classname="spec_perl_TestParamsCall_t" time="0.000399112701416016">
      <failure message="not ok 3 - Equals" type="TAP::Parser::Result::Test"></failure>
    </testcase>
  </testsuite>
  <testsuite name="spec_perl_TestEnumToIInvalid_t" errors="0" failures="0" skipped="0" tests="8" time="0.0536329746246338">
    <system-out>1..8
ok 1 - Equals
ok 2 - Equals
ok 3 - Equals
ok 4 - Equals
ok 5 - Equals
ok 6 - Equals
ok 7 - Equals
ok 8 - Equals
</system-out>
    <testcase name="Equals (369)" classname="spec_perl_TestEnumToIInvalid_t" time="0.000147104263305664" />
    <testcase name="Equals (370)" classname="spec_perl_TestEnumToIInvalid_t" time="6.89029693603516e-05" />
    <testcase name="Equals (371)" classname="spec_perl_TestEnumToIInvalid_t" time="0.000103950500488281" />
    <testcase name="Equals (372)" classname="spec_perl_TestEnumToIInvalid_t" time="9.82284545898438e-05" />
    <testcase name="Equals (373)" classname="spec_perl_TestEnumToIInvalid_t" time="0.000114917755126953" />
    <testcase name="Equals (374)" classname="spec_perl_TestEnumToIInvalid_t" time="8.89301300048828e-05" />
    <testcase name="Equals (375)" classname="spec_perl_TestEnumToIInvalid_t" time="8.60691070556641e-05" />
    <testcase name="Equals (376)" classname="spec_perl_TestEnumToIInvalid_t" time="7.60555267333984e-05" />
  </testsuite>
  <testsuite name="spec_perl_TestStrPadTermUtf16_t" errors="0" failures="0" skipped="0" tests="3" time="0.0582609176635742">
    <system-out>1..3
ok 1 - Equals
ok 2 - Equals
ok 3 - Equals
</system-out>
    <testcase name="Equals (377)" classname="spec_perl_TestStrPadTermUtf16_t" time="0.000938892364501953" />
    <testcase name="Equals (378)" classname="spec_perl_TestStrPadTermUtf16_t" time="0.000110149383544922" />
    <testcase name="Equals (379)" classname="spec_perl_TestStrPadTermUtf16_t" time="0.000146865844726562" />
  </testsuite>
  <testsuite name="spec_perl_TestCombineBool_t" errors="0" failures="0" skipped="0" tests="2" time="0.0519239902496338">
    <system-out>1..2
ok 1 - Equals
ok 2 - Equals
</system-out>
    <testcase name="Equals (380)" classname="spec_perl_TestCombineBool_t" time="0.00014185905456543" />
    <testcase name="Equals (381)" classname="spec_perl_TestCombineBool_t" time="5.50746917724609e-05" />
  </testsuite>
  <testsuite name="spec_perl_TestImportsAbsAbs_t" errors="0" failures="0" skipped="0" tests="3" time="0.05348801612854">
    <system-out>1..3
ok 1 - Equals
ok 2 - Equals
ok 3 - Equals
</system-out>
    <testcase name="Equals (382)" classname="spec_perl_TestImportsAbsAbs_t" time="0.000149011611938477" />
    <testcase name="Equals (383)" classname="spec_perl_TestImportsAbsAbs_t" time="6.29425048828125e-05" />
    <testcase name="Equals (384)" classname="spec_perl_TestImportsAbsAbs_t" time="0.000117063522338867" />
  </testsuite>
  <testsuite name="spec_perl_TestFixedContents_t" errors="0" failures="0" skipped="1" tests="1" time="0.0538148880004883">
    <system-out>1..1
ok 1 # skip FixedContents=HASH(0x55fee627a120)
</system-out>
    <testcase name="Unnamed test case 384" classname="spec_perl_TestFixedContents_t" time="0.000975847244262695">
      <skipped message="ok 1 # skip FixedContents=HASH(0x55fee627a120)" />
    </testcase>
  </testsuite>
  <testsuite name="spec_perl_TestEnumNegative_t" errors="0" failures="0" skipped="0" tests="2" time="0.0523090362548828">
    <system-out>1..2
ok 1 - Equals
ok 2 - Equals
</system-out>
    <testcase name="Equals (385)" classname="spec_perl_TestEnumNegative_t" time="0.000139951705932617" />
    <testcase name="Equals (386)" classname="spec_perl_TestEnumNegative_t" time="5.79357147216797e-05" />
  </testsuite>
  <testsuite name="spec_perl_TestParamsPassArrayInt_t" errors="0" failures="1" skipped="6" tests="7" time="0.0550699234008789">
    <system-out>1..7
not ok 1 - test_params_pass_array_int died (Can't use an undefined value as an ARRAY reference at spec/perl/TestParamsPassArrayInt.t line 14.)
ok 2 # skip test_params_pass_array_int died
ok 3 # skip test_params_pass_array_int died
ok 4 # skip test_params_pass_array_int died
ok 5 # skip test_params_pass_array_int died
ok 6 # skip test_params_pass_array_int died
ok 7 # skip test_params_pass_array_int died
</system-out>
    <testcase name="test_params_pass_array_int died (Can't use an undefined value as an ARRAY reference at spec/perl/TestParamsPassArrayInt.t line 14.) (386)" classname="spec_perl_TestParamsPassArrayInt_t" time="0.000271797180175781">
      <failure message="not ok 1 - test_params_pass_array_int died (Can't use an undefined value as an ARRAY reference at spec/perl/TestParamsPassArrayInt.t line 14.)" type="TAP::Parser::Result::Test"></failure>
    </testcase>
    <testcase name="Unnamed test case 386" classname="spec_perl_TestParamsPassArrayInt_t" time="0.000908136367797852">
      <skipped message="ok 2 # skip test_params_pass_array_int died" />
    </testcase>
    <testcase name="Unnamed test case 387" classname="spec_perl_TestParamsPassArrayInt_t" time="6.29425048828125e-05">
      <skipped message="ok 3 # skip test_params_pass_array_int died" />
    </testcase>
    <testcase name="Unnamed test case 388" classname="spec_perl_TestParamsPassArrayInt_t" time="5.19752502441406e-05">
      <skipped message="ok 4 # skip test_params_pass_array_int died" />
    </testcase>
    <testcase name="Unnamed test case 389" classname="spec_perl_TestParamsPassArrayInt_t" time="4.69684600830078e-05">
      <skipped message="ok 5 # skip test_params_pass_array_int died" />
    </testcase>
    <testcase name="Unnamed test case 390" classname="spec_perl_TestParamsPassArrayInt_t" time="0.000233173370361328">
      <skipped message="ok 6 # skip test_params_pass_array_int died" />
    </testcase>
    <testcase name="Unnamed test case 391" classname="spec_perl_TestParamsPassArrayInt_t" time="7.89165496826172e-05">
      <skipped message="ok 7 # skip test_params_pass_array_int died" />
    </testcase>
  </testsuite>
  <testsuite name="spec_perl_TestExprSizeofType0_t" errors="0" failures="0" skipped="0" tests="1" time="0.0532128810882568">
    <system-out>1..1
ok 1 - Equals
</system-out>
    <testcase name="Equals (391)" classname="spec_perl_TestExprSizeofType0_t" time="0.000147104263305664" />
  </testsuite>
  <testsuite name="spec_perl_TestTermStrzUtf16V1_t" errors="0" failures="0" skipped="0" tests="4" time="0.0575289726257324">
    <system-out>1..4
ok 1 - Equals
ok 2 - Equals
ok 3 - Equals
ok 4 - Equals
</system-out>
    <testcase name="Equals (392)" classname="spec_perl_TestTermStrzUtf16V1_t" time="0.000875949859619141" />
    <testcase name="Equals (393)" classname="spec_perl_TestTermStrzUtf16V1_t" time="6.103515625e-05" />
    <testcase name="Equals (394)" classname="spec_perl_TestTermStrzUtf16V1_t" time="0.000102043151855469" />
    <testcase name="Equals (395)" classname="spec_perl_TestTermStrzUtf16V1_t" time="0.000140905380249023" />
  </testsuite>
  <testsuite name="spec_perl_TestEosExceptionU4_t" errors="0" failures="0" skipped="0" tests="1" time="0.054710865020752">
    <system-out>1..1
ok 1 - threw /^Requested \d+ bytes, but only \d+ bytes available/
</system-out>
    <testcase name="threw /^Requested \d+ bytes, but only \d+ bytes available/ (395)" classname="spec_perl_TestEosExceptionU4_t" time="0.000458002090454102" />
  </testsuite>
  <testsuite name="spec_perl_TestExprStrEncodings_t" errors="0" failures="0" skipped="0" tests="7" time="0.0609240531921387">
    <system-out>1..7
ok 1 - Equals
ok 2 - Equals
ok 3 - Equals
ok 4 - Equals
ok 5 - Equals
ok 6 - Equals
ok 7 - Equals
</system-out>
    <testcase name="Equals (396)" classname="spec_perl_TestExprStrEncodings_t" time="0.00348901748657227" />
    <testcase name="Equals (397)" classname="spec_perl_TestExprStrEncodings_t" time="7.20024108886719e-05" />
    <testcase name="Equals (398)" classname="spec_perl_TestExprStrEncodings_t" time="9.79900360107422e-05" />
    <testcase name="Equals (399)" classname="spec_perl_TestExprStrEncodings_t" time="0.0001220703125" />
    <testcase name="Equals (400)" classname="spec_perl_TestExprStrEncodings_t" time="8.79764556884766e-05" />
    <testcase name="Equals (401)" classname="spec_perl_TestExprStrEncodings_t" time="8.392333984375e-05" />
    <testcase name="Equals (402)" classname="spec_perl_TestExprStrEncodings_t" time="9.20295715332031e-05" />
  </testsuite>
  <testsuite name="spec_perl_TestBitsSeqEndianCombo_t" errors="0" failures="0" skipped="0" tests="8" time="0.0523359775543213">
    <system-out>1..8
ok 1 - Equals
ok 2 - Equals
ok 3 - Equals
ok 4 - Equals
ok 5 - Equals
ok 6 - Equals
ok 7 - Equals
ok 8 - Equals
</system-out>
    <testcase name="Equals (403)" classname="spec_perl_TestBitsSeqEndianCombo_t" time="0.000204086303710938" />
    <testcase name="Equals (404)" classname="spec_perl_TestBitsSeqEndianCombo_t" time="0.00010991096496582" />
    <testcase name="Equals (405)" classname="spec_perl_TestBitsSeqEndianCombo_t" time="0.000102996826171875" />
    <testcase name="Equals (406)" classname="spec_perl_TestBitsSeqEndianCombo_t" time="9.29832458496094e-05" />
    <testcase name="Equals (407)" classname="spec_perl_TestBitsSeqEndianCombo_t" time="8.70227813720703e-05" />
    <testcase name="Equals (408)" classname="spec_perl_TestBitsSeqEndianCombo_t" time="9.29832458496094e-05" />
    <testcase name="Equals (409)" classname="spec_perl_TestBitsSeqEndianCombo_t" time="9.01222229003906e-05" />
    <testcase name="Equals (410)" classname="spec_perl_TestBitsSeqEndianCombo_t" time="7.20024108886719e-05" />
  </testsuite>
  <testsuite name="spec_perl_TestEnumOfValueInst_t" errors="0" failures="0" skipped="0" tests="4" time="0.053178071975708">
    <system-out>1..4
ok 1 - Equals
ok 2 - Equals
ok 3 - Equals
ok 4 - Equals
</system-out>
    <testcase name="Equals (411)" classname="spec_perl_TestEnumOfValueInst_t" time="0.00015711784362793" />
    <testcase name="Equals (412)" classname="spec_perl_TestEnumOfValueInst_t" time="6.00814819335938e-05" />
    <testcase name="Equals (413)" classname="spec_perl_TestEnumOfValueInst_t" time="6.58035278320312e-05" />
    <testcase name="Equals (414)" classname="spec_perl_TestEnumOfValueInst_t" time="9.70363616943359e-05" />
  </testsuite>
  <testsuite name="spec_perl_TestSwitchCast_t" errors="0" failures="0" skipped="0" tests="2" time="0.05741286277771">
    <system-out>1..2
ok 1 - Equals
ok 2 - Equals
</system-out>
    <testcase name="Equals (415)" classname="spec_perl_TestSwitchCast_t" time="0.000217199325561523" />
    <testcase name="Equals (416)" classname="spec_perl_TestSwitchCast_t" time="8.58306884765625e-05" />
  </testsuite>
  <testsuite name="spec_perl_TestValidLong_t" errors="0" failures="0" skipped="1" tests="1" time="0.0585289001464844">
    <system-out>1..1
ok 1 # skip ValidLong=HASH(0x563cbc2bc268)
</system-out>
    <testcase name="Unnamed test case 416" classname="spec_perl_TestValidLong_t" time="0.00104618072509766">
      <skipped message="ok 1 # skip ValidLong=HASH(0x563cbc2bc268)" />
    </testcase>
  </testsuite>
  <testsuite name="spec_perl_TestExprBits_t" errors="0" failures="0" skipped="0" tests="10" time="0.0532779693603516">
    <system-out>1..10
ok 1 - Equals
ok 2 - Equals
ok 3 - Equals
ok 4 - Equals
ok 5 - Equals
ok 6 - Equals
ok 7 - Equals
ok 8 - Equals
ok 9 - Equals
ok 10 - Equals
</system-out>
    <testcase name="Equals (417)" classname="spec_perl_TestExprBits_t" time="0.000162124633789062" />
    <testcase name="Equals (418)" classname="spec_perl_TestExprBits_t" time="6.79492950439453e-05" />
    <testcase name="Equals (419)" classname="spec_perl_TestExprBits_t" time="0.000106096267700195" />
    <testcase name="Equals (420)" classname="spec_perl_TestExprBits_t" time="9.98973846435547e-05" />
    <testcase name="Equals (421)" classname="spec_perl_TestExprBits_t" time="0.000117063522338867" />
    <testcase name="Equals (422)" classname="spec_perl_TestExprBits_t" time="9.98973846435547e-05" />
    <testcase name="Equals (423)" classname="spec_perl_TestExprBits_t" time="9.01222229003906e-05" />
    <testcase name="Equals (424)" classname="spec_perl_TestExprBits_t" time="9.29832458496094e-05" />
    <testcase name="Equals (425)" classname="spec_perl_TestExprBits_t" time="8.392333984375e-05" />
    <testcase name="Equals (426)" classname="spec_perl_TestExprBits_t" time="0.000107049942016602" />
  </testsuite>
  <testsuite name="spec_perl_TestBitsShiftByB32Le_t" errors="0" failures="0" skipped="0" tests="2" time="0.0522990226745605">
    <system-out>1..2
ok 1 - Equals
ok 2 - Equals
</system-out>
    <testcase name="Equals (427)" classname="spec_perl_TestBitsShiftByB32Le_t" time="0.000200033187866211" />
    <testcase name="Equals (428)" classname="spec_perl_TestBitsShiftByB32Le_t" time="9.08374786376953e-05" />
  </testsuite>
  <testsuite name="spec_perl_TestInstanceStd_t" errors="0" failures="0" skipped="0" tests="1" time="0.0610630512237549">
    <system-out>1..1
ok 1 - Equals
</system-out>
    <testcase name="Equals (429)" classname="spec_perl_TestInstanceStd_t" time="0.000308990478515625" />
  </testsuite>
  <testsuite name="spec_perl_TestEnumImportLiterals_t" errors="0" failures="0" skipped="0" tests="3" time="0.0533211231231689">
    <system-out>1..3
ok 1 - Equals
ok 2 - Equals
ok 3 - Equals
</system-out>
    <testcase name="Equals (430)" classname="spec_perl_TestEnumImportLiterals_t" time="0.000142812728881836" />
    <testcase name="Equals (431)" classname="spec_perl_TestEnumImportLiterals_t" time="5.60283660888672e-05" />
    <testcase name="Equals (432)" classname="spec_perl_TestEnumImportLiterals_t" time="9.10758972167969e-05" />
  </testsuite>
  <testsuite name="spec_perl_TestEnumToI_t" errors="0" failures="0" skipped="0" tests="8" time="0.0528299808502197">
    <system-out>1..8
ok 1 - Equals
ok 2 - Equals
ok 3 - Equals
ok 4 - Equals
ok 5 - Equals
ok 6 - Equals
ok 7 - Equals
ok 8 - Equals
</system-out>
    <testcase name="Equals (433)" classname="spec_perl_TestEnumToI_t" time="0.000164031982421875" />
    <testcase name="Equals (434)" classname="spec_perl_TestEnumToI_t" time="6.103515625e-05" />
    <testcase name="Equals (435)" classname="spec_perl_TestEnumToI_t" time="9.89437103271484e-05" />
    <testcase name="Equals (436)" classname="spec_perl_TestEnumToI_t" time="9.39369201660156e-05" />
    <testcase name="Equals (437)" classname="spec_perl_TestEnumToI_t" time="0.00012516975402832" />
    <testcase name="Equals (438)" classname="spec_perl_TestEnumToI_t" time="5.88893890380859e-05" />
    <testcase name="Equals (439)" classname="spec_perl_TestEnumToI_t" time="9.89437103271484e-05" />
[...]
    <system-out>1..18
ok 1 - Equals
ok 2 - Equals
ok 3 - Equals
ok 4 - Equals
ok 5 - Equals
ok 6 - Equals
ok 7 - Equals
ok 8 - Approx equals
ok 9 - Approx equals
ok 10 - Approx equals
ok 11 - Approx equals
ok 12 - Approx equals
ok 13 - Equals
ok 14 - Equals
ok 15 - Equals
ok 16 - Equals
ok 17 - Equals
ok 18 - Equals
</system-out>
    <testcase name="Equals (998)" classname="spec_perl_TestExprCalcArrayOps_t" time="0.000143051147460938" />
    <testcase name="Equals (999)" classname="spec_perl_TestExprCalcArrayOps_t" time="5.69820404052734e-05" />
    <testcase name="Equals (1000)" classname="spec_perl_TestExprCalcArrayOps_t" time="9.48905944824219e-05" />
    <testcase name="Equals (1001)" classname="spec_perl_TestExprCalcArrayOps_t" time="0.000116109848022461" />
    <testcase name="Equals (1002)" classname="spec_perl_TestExprCalcArrayOps_t" time="7.70092010498047e-05" />
    <testcase name="Equals (1003)" classname="spec_perl_TestExprCalcArrayOps_t" time="9.29832458496094e-05" />
    <testcase name="Equals (1004)" classname="spec_perl_TestExprCalcArrayOps_t" time="9.70363616943359e-05" />
    <testcase name="Approx equals (1004)" classname="spec_perl_TestExprCalcArrayOps_t" time="8.29696655273438e-05" />
    <testcase name="Approx equals (1005)" classname="spec_perl_TestExprCalcArrayOps_t" time="4.69684600830078e-05" />
    <testcase name="Approx equals (1006)" classname="spec_perl_TestExprCalcArrayOps_t" time="5.00679016113281e-05" />
    <testcase name="Approx equals (1007)" classname="spec_perl_TestExprCalcArrayOps_t" time="4.38690185546875e-05" />
    <testcase name="Approx equals (1008)" classname="spec_perl_TestExprCalcArrayOps_t" time="4.10079956054688e-05" />
    <testcase name="Equals (1008)" classname="spec_perl_TestExprCalcArrayOps_t" time="9.39369201660156e-05" />
    <testcase name="Equals (1009)" classname="spec_perl_TestExprCalcArrayOps_t" time="8.51154327392578e-05" />
    <testcase name="Equals (1010)" classname="spec_perl_TestExprCalcArrayOps_t" time="9.60826873779297e-05" />
    <testcase name="Equals (1011)" classname="spec_perl_TestExprCalcArrayOps_t" time="0.000101804733276367" />
    <testcase name="Equals (1012)" classname="spec_perl_TestExprCalcArrayOps_t" time="9.918212890625e-05" />
    <testcase name="Equals (1013)" classname="spec_perl_TestExprCalcArrayOps_t" time="8.20159912109375e-05" />
  </testsuite>
  <testsuite name="spec_perl_TestOptionalId_t" errors="0" failures="0" skipped="0" tests="3" time="0.052994966506958">
    <system-out>1..3
ok 1 - Equals
ok 2 - Equals
ok 3 - Equals
</system-out>
    <testcase name="Equals (1014)" classname="spec_perl_TestOptionalId_t" time="0.000137805938720703" />
    <testcase name="Equals (1015)" classname="spec_perl_TestOptionalId_t" time="8.70227813720703e-05" />
    <testcase name="Equals (1016)" classname="spec_perl_TestOptionalId_t" time="8.20159912109375e-05" />
  </testsuite>
  <testsuite name="spec_perl_TestDebugArrayUserCurrentExcluded_t" errors="0" failures="0" skipped="0" tests="3" time="0.0516879558563232">
    <system-out>1..3
ok 1 - Equals
ok 2 - Equals
ok 3 - Equals
</system-out>
    <testcase name="Equals (1017)" classname="spec_perl_TestDebugArrayUserCurrentExcluded_t" time="0.000184059143066406" />
    <testcase name="Equals (1018)" classname="spec_perl_TestDebugArrayUserCurrentExcluded_t" time="8.20159912109375e-05" />
    <testcase name="Equals (1019)" classname="spec_perl_TestDebugArrayUserCurrentExcluded_t" time="9.58442687988281e-05" />
  </testsuite>
  <testsuite name="spec_perl_TestIntegersMinMax_t" errors="0" failures="0" skipped="0" tests="28" time="0.0562019348144531">
    <system-out>1..28
ok 1 - Equals
ok 2 - Equals
ok 3 - Equals
ok 4 - Equals
ok 5 - Equals
ok 6 - Equals
ok 7 - Equals
ok 8 - Equals
ok 9 - Equals
ok 10 - Equals
ok 11 - Equals
ok 12 - Equals
ok 13 - Equals
ok 14 - Equals
ok 15 - Equals
ok 16 - Equals
ok 17 - Equals
ok 18 - Equals
ok 19 - Equals
ok 20 - Equals
ok 21 - Equals
ok 22 - Equals
ok 23 - Equals
ok 24 - Equals
ok 25 - Equals
ok 26 - Equals
ok 27 - Equals
ok 28 - Equals
</system-out>
    <testcase name="Equals (1020)" classname="spec_perl_TestIntegersMinMax_t" time="0.000215768814086914" />
    <testcase name="Equals (1021)" classname="spec_perl_TestIntegersMinMax_t" time="6.91413879394531e-05" />
    <testcase name="Equals (1022)" classname="spec_perl_TestIntegersMinMax_t" time="9.70363616943359e-05" />
    <testcase name="Equals (1023)" classname="spec_perl_TestIntegersMinMax_t" time="0.000116825103759766" />
    <testcase name="Equals (1024)" classname="spec_perl_TestIntegersMinMax_t" time="9.32216644287109e-05" />
    <testcase name="Equals (1025)" classname="spec_perl_TestIntegersMinMax_t" time="0.000101804733276367" />
    <testcase name="Equals (1026)" classname="spec_perl_TestIntegersMinMax_t" time="7.20024108886719e-05" />
    <testcase name="Equals (1027)" classname="spec_perl_TestIntegersMinMax_t" time="8.60691070556641e-05" />
    <testcase name="Equals (1028)" classname="spec_perl_TestIntegersMinMax_t" time="9.39369201660156e-05" />
    <testcase name="Equals (1029)" classname="spec_perl_TestIntegersMinMax_t" time="9.41753387451172e-05" />
    <testcase name="Equals (1030)" classname="spec_perl_TestIntegersMinMax_t" time="8.70227813720703e-05" />
    <testcase name="Equals (1031)" classname="spec_perl_TestIntegersMinMax_t" time="8.392333984375e-05" />
    <testcase name="Equals (1032)" classname="spec_perl_TestIntegersMinMax_t" time="8.29696655273438e-05" />
    <testcase name="Equals (1033)" classname="spec_perl_TestIntegersMinMax_t" time="8.98838043212891e-05" />
    <testcase name="Equals (1034)" classname="spec_perl_TestIntegersMinMax_t" time="0.000119209289550781" />
    <testcase name="Equals (1035)" classname="spec_perl_TestIntegersMinMax_t" time="0.000100851058959961" />
    <testcase name="Equals (1036)" classname="spec_perl_TestIntegersMinMax_t" time="8.89301300048828e-05" />
    <testcase name="Equals (1037)" classname="spec_perl_TestIntegersMinMax_t" time="9.10758972167969e-05" />
    <testcase name="Equals (1038)" classname="spec_perl_TestIntegersMinMax_t" time="9.01222229003906e-05" />
    <testcase name="Equals (1039)" classname="spec_perl_TestIntegersMinMax_t" time="9.39369201660156e-05" />
    <testcase name="Equals (1040)" classname="spec_perl_TestIntegersMinMax_t" time="8.98838043212891e-05" />
    <testcase name="Equals (1041)" classname="spec_perl_TestIntegersMinMax_t" time="9.29832458496094e-05" />
    <testcase name="Equals (1042)" classname="spec_perl_TestIntegersMinMax_t" time="8.51154327392578e-05" />
    <testcase name="Equals (1043)" classname="spec_perl_TestIntegersMinMax_t" time="8.70227813720703e-05" />
    <testcase name="Equals (1044)" classname="spec_perl_TestIntegersMinMax_t" time="9.29832458496094e-05" />
    <testcase name="Equals (1045)" classname="spec_perl_TestIntegersMinMax_t" time="0.000117063522338867" />
    <testcase name="Equals (1046)" classname="spec_perl_TestIntegersMinMax_t" time="9.29832458496094e-05" />
    <testcase name="Equals (1047)" classname="spec_perl_TestIntegersMinMax_t" time="8.58306884765625e-05" />
  </testsuite>
  <testsuite name="spec_perl_TestNavParentFalse_t" errors="0" failures="0" skipped="0" tests="5" time="0.0530171394348145">
    <system-out>1..5
ok 1 - Equals
ok 2 - Equals
ok 3 - Equals
ok 4 - Equals
ok 5 - Equals
</system-out>
    <testcase name="Equals (1048)" classname="spec_perl_TestNavParentFalse_t" time="0.000192880630493164" />
    <testcase name="Equals (1049)" classname="spec_perl_TestNavParentFalse_t" time="6.91413879394531e-05" />
    <testcase name="Equals (1050)" classname="spec_perl_TestNavParentFalse_t" time="9.39369201660156e-05" />
    <testcase name="Equals (1051)" classname="spec_perl_TestNavParentFalse_t" time="9.29832458496094e-05" />
    <testcase name="Equals (1052)" classname="spec_perl_TestNavParentFalse_t" time="8.89301300048828e-05" />
  </testsuite>
  <testsuite name="spec_perl_TestPositionInSeq_t" errors="0" failures="0" skipped="0" tests="1" time="0.0522861480712891">
    <system-out>1..1
ok 1 - Equals
</system-out>
    <testcase name="Equals (1053)" classname="spec_perl_TestPositionInSeq_t" time="0.000169992446899414" />
  </testsuite>
  <testsuite name="spec_perl_TestPositionToEnd_t" errors="0" failures="0" skipped="0" tests="2" time="0.0524511337280273">
    <system-out>1..2
ok 1 - Equals
ok 2 - Equals
</system-out>
    <testcase name="Equals (1054)" classname="spec_perl_TestPositionToEnd_t" time="0.000174999237060547" />
    <testcase name="Equals (1055)" classname="spec_perl_TestPositionToEnd_t" time="6.19888305664062e-05" />
  </testsuite>
  <testsuite name="spec_perl_TestNestedTypes2_t" errors="0" failures="0" skipped="0" tests="7" time="0.0529239177703857">
    <system-out>1..7
ok 1 - Equals
ok 2 - Equals
ok 3 - Equals
ok 4 - Equals
ok 5 - Equals
ok 6 - Equals
ok 7 - Equals
</system-out>
    <testcase name="Equals (1056)" classname="spec_perl_TestNestedTypes2_t" time="0.000190019607543945" />
    <testcase name="Equals (1057)" classname="spec_perl_TestNestedTypes2_t" time="6.29425048828125e-05" />
    <testcase name="Equals (1058)" classname="spec_perl_TestNestedTypes2_t" time="9.70363616943359e-05" />
    <testcase name="Equals (1059)" classname="spec_perl_TestNestedTypes2_t" time="7.60555267333984e-05" />
    <testcase name="Equals (1060)" classname="spec_perl_TestNestedTypes2_t" time="9.60826873779297e-05" />
    <testcase name="Equals (1061)" classname="spec_perl_TestNestedTypes2_t" time="0.000114917755126953" />
    <testcase name="Equals (1062)" classname="spec_perl_TestNestedTypes2_t" time="4.1961669921875e-05" />
  </testsuite>
  <testsuite name="spec_perl_TestNavParent3_t" errors="0" failures="0" skipped="0" tests="10" time="0.0582950115203857">
    <system-out>1..10
ok 1 - Equals
ok 2 - Equals
ok 3 - Equals
ok 4 - Equals
ok 5 - Equals
ok 6 - Equals
ok 7 - Equals
ok 8 - Equals
ok 9 - Equals
ok 10 - Equals
</system-out>
    <testcase name="Equals (1063)" classname="spec_perl_TestNavParent3_t" time="0.000133991241455078" />
    <testcase name="Equals (1064)" classname="spec_perl_TestNavParent3_t" time="8.51154327392578e-05" />
    <testcase name="Equals (1065)" classname="spec_perl_TestNavParent3_t" time="0.00017094612121582" />
    <testcase name="Equals (1066)" classname="spec_perl_TestNavParent3_t" time="0.000102996826171875" />
    <testcase name="Equals (1067)" classname="spec_perl_TestNavParent3_t" time="0.00011897087097168" />
    <testcase name="Equals (1068)" classname="spec_perl_TestNavParent3_t" time="0.000129938125610352" />
    <testcase name="Equals (1069)" classname="spec_perl_TestNavParent3_t" time="0.000101089477539062" />
    <testcase name="Equals (1070)" classname="spec_perl_TestNavParent3_t" time="0.000103950500488281" />
    <testcase name="Equals (1071)" classname="spec_perl_TestNavParent3_t" time="9.51290130615234e-05" />
    <testcase name="Equals (1072)" classname="spec_perl_TestNavParent3_t" time="0.000119924545288086" />
  </testsuite>
  <testsuite name="spec_perl_TestTypeTernary_t" errors="0" failures="0" skipped="0" tests="1" time="0.0532288551330566">
    <system-out>1..1
ok 1 - Equals
</system-out>
    <testcase name="Equals (1073)" classname="spec_perl_TestTypeTernary_t" time="0.000444889068603516" />
  </testsuite>
  <testsuite name="spec_perl_TestEnum1_t" errors="0" failures="0" skipped="0" tests="2" time="0.0534431934356689">
    <system-out>1..2
ok 1 - Equals
ok 2 - Equals
</system-out>
    <testcase name="Equals (1074)" classname="spec_perl_TestEnum1_t" time="0.000221014022827148" />
    <testcase name="Equals (1075)" classname="spec_perl_TestEnum1_t" time="6.89029693603516e-05" />
  </testsuite>
  <testsuite name="spec_perl_TestTermStrzUtf16V3_t" errors="0" failures="0" skipped="0" tests="4" time="0.0585880279541016">
    <system-out>1..4
ok 1 - Equals
ok 2 - Equals
ok 3 - Equals
ok 4 - Equals
</system-out>
    <testcase name="Equals (1076)" classname="spec_perl_TestTermStrzUtf16V3_t" time="0.000864028930664062" />
    <testcase name="Equals (1077)" classname="spec_perl_TestTermStrzUtf16V3_t" time="5.69820404052734e-05" />
    <testcase name="Equals (1078)" classname="spec_perl_TestTermStrzUtf16V3_t" time="6.69956207275391e-05" />
    <testcase name="Equals (1079)" classname="spec_perl_TestTermStrzUtf16V3_t" time="9.20295715332031e-05" />
  </testsuite>
  <testsuite name="spec_perl_TestExprOpsParens_t" errors="0" failures="1" skipped="0" tests="9" time="0.0547378063201904">
    <system-out>1..9
ok 1 - Equals
ok 2 - Equals
ok 3 - Equals
ok 4 - Equals
ok 5 - Equals
ok 6 - Equals
not ok 7 - Equals
ok 8 - Equals
ok 9 - Equals
</system-out>
    <testcase name="Equals (1080)" classname="spec_perl_TestExprOpsParens_t" time="0.000141143798828125" />
    <testcase name="Equals (1081)" classname="spec_perl_TestExprOpsParens_t" time="9.58442687988281e-05" />
    <testcase name="Equals (1082)" classname="spec_perl_TestExprOpsParens_t" time="9.79900360107422e-05" />
    <testcase name="Equals (1083)" classname="spec_perl_TestExprOpsParens_t" time="0.000108957290649414" />
    <testcase name="Equals (1084)" classname="spec_perl_TestExprOpsParens_t" time="0.000109195709228516" />
    <testcase name="Equals (1085)" classname="spec_perl_TestExprOpsParens_t" time="0.000204801559448242" />
    <testcase name="Equals (1086)" classname="spec_perl_TestExprOpsParens_t" time="0.000121116638183594">
      <failure message="not ok 7 - Equals" type="TAP::Parser::Result::Test"></failure>
    </testcase>
    <testcase name="Equals (1087)" classname="spec_perl_TestExprOpsParens_t" time="0.000565052032470703" />
    <testcase name="Equals (1088)" classname="spec_perl_TestExprOpsParens_t" time="0.000150918960571289" />
  </testsuite>
  <testsuite name="spec_perl_TestBytesPadTerm_t" errors="0" failures="0" skipped="0" tests="4" time="0.0528929233551025">
    <system-out>1..4
ok 1 - Equals
ok 2 - Equals
ok 3 - Equals
ok 4 - Equals
</system-out>
    <testcase name="Equals (1089)" classname="spec_perl_TestBytesPadTerm_t" time="0.00015711784362793" />
    <testcase name="Equals (1090)" classname="spec_perl_TestBytesPadTerm_t" time="6.103515625e-05" />
    <testcase name="Equals (1091)" classname="spec_perl_TestBytesPadTerm_t" time="0.000108957290649414" />
    <testcase name="Equals (1092)" classname="spec_perl_TestBytesPadTerm_t" time="8.70227813720703e-05" />
  </testsuite>
  <testsuite name="spec_perl_TestExpr1_t" errors="0" failures="0" skipped="0" tests="4" time="0.0563020706176758">
    <system-out>1..4
ok 1 - Equals
ok 2 - Equals
ok 3 - Equals
ok 4 - Equals
</system-out>
    <testcase name="Equals (1093)" classname="spec_perl_TestExpr1_t" time="0.000164985656738281" />
    <testcase name="Equals (1094)" classname="spec_perl_TestExpr1_t" time="6.103515625e-05" />
    <testcase name="Equals (1095)" classname="spec_perl_TestExpr1_t" time="0.000100851058959961" />
    <testcase name="Equals (1096)" classname="spec_perl_TestExpr1_t" time="9.41753387451172e-05" />
  </testsuite>
  <testsuite name="spec_perl_TestBufferedStruct_t" errors="0" failures="0" skipped="0" tests="7" time="0.0531480312347412">
    <system-out>1..7
ok 1 - Equals
ok 2 - Equals
ok 3 - Equals
ok 4 - Equals
ok 5 - Equals
ok 6 - Equals
ok 7 - Equals
</system-out>
    <testcase name="Equals (1097)" classname="spec_perl_TestBufferedStruct_t" time="0.000442981719970703" />
    <testcase name="Equals (1098)" classname="spec_perl_TestBufferedStruct_t" time="8.20159912109375e-05" />
    <testcase name="Equals (1099)" classname="spec_perl_TestBufferedStruct_t" time="8.48770141601562e-05" />
    <testcase name="Equals (1100)" classname="spec_perl_TestBufferedStruct_t" time="0.000108003616333008" />
    <testcase name="Equals (1101)" classname="spec_perl_TestBufferedStruct_t" time="7.10487365722656e-05" />
    <testcase name="Equals (1102)" classname="spec_perl_TestBufferedStruct_t" time="0.000102043151855469" />
    <testcase name="Equals (1103)" classname="spec_perl_TestBufferedStruct_t" time="0.000113010406494141" />
  </testsuite>
  <testsuite name="spec_perl_TestImportsCastToImported2_t" errors="0" failures="1" skipped="0" tests="2" time="0.0549249649047852">
    <system-out>1..2
ok 1 - Equals
not ok 2 - test_imports_cast_to_imported2 died (Can't call method &quot;one&quot; on an undefined value at spec/perl/TestImportsCastToImported2.t line 15.)
</system-out>
    <testcase name="Equals (1104)" classname="spec_perl_TestImportsCastToImported2_t" time="0.000158071517944336" />
    <testcase name="test_imports_cast_to_imported2 died (Can't call method &quot;one&quot; on an undefined value at spec/perl/TestImportsCastToImported2.t line 15.) (1104)" classname="spec_perl_TestImportsCastToImported2_t" time="0.000152826309204102">
      <failure message="not ok 2 - test_imports_cast_to_imported2 died (Can't call method &quot;one&quot; on an undefined value at spec/perl/TestImportsCastToImported2.t line 15.)" type="TAP::Parser::Result::Test"></failure>
    </testcase>
  </testsuite>
  <testsuite name="spec_perl_TestDebugEnumName_t" errors="0" failures="0" skipped="0" tests="4" time="0.0525128841400146">
    <system-out>1..4
ok 1 - Equals
ok 2 - Equals
ok 3 - Equals
ok 4 - Equals
</system-out>
    <testcase name="Equals (1105)" classname="spec_perl_TestDebugEnumName_t" time="0.000121116638183594" />
    <testcase name="Equals (1106)" classname="spec_perl_TestDebugEnumName_t" time="5.10215759277344e-05" />
    <testcase name="Equals (1107)" classname="spec_perl_TestDebugEnumName_t" time="0.000104904174804688" />
    <testcase name="Equals (1108)" classname="spec_perl_TestDebugEnumName_t" time="9.89437103271484e-05" />
  </testsuite>
  <testsuite name="spec_perl_TestStrPadTerm_t" errors="0" failures="0" skipped="0" tests="4" time="0.0571639537811279">
    <system-out>1..4
ok 1 - Equals
ok 2 - Equals
ok 3 - Equals
ok 4 - Equals
</system-out>
    <testcase name="Equals (1109)" classname="spec_perl_TestStrPadTerm_t" time="0.000201940536499023" />
    <testcase name="Equals (1110)" classname="spec_perl_TestStrPadTerm_t" time="5.81741333007812e-05" />
    <testcase name="Equals (1111)" classname="spec_perl_TestStrPadTerm_t" time="6.29425048828125e-05" />
    <testcase name="Equals (1112)" classname="spec_perl_TestStrPadTerm_t" time="9.79900360107422e-05" />
  </testsuite>
  <testsuite name="spec_perl_TestNavParentSwitch_t" errors="0" failures="0" skipped="0" tests="3" time="0.0532958507537842">
    <system-out>1..3
ok 1 - Equals
ok 2 - Equals
ok 3 - Equals
</system-out>
    <testcase name="Equals (1113)" classname="spec_perl_TestNavParentSwitch_t" time="0.000260829925537109" />
    <testcase name="Equals (1114)" classname="spec_perl_TestNavParentSwitch_t" time="0.000138044357299805" />
    <testcase name="Equals (1115)" classname="spec_perl_TestNavParentSwitch_t" time="0.00015711784362793" />
  </testsuite>
  <testsuite name="spec_perl_TestTsPacketHeader_t" errors="0" failures="0" skipped="0" tests="7" time="0.0540800094604492">
    <system-out>1..7
ok 1 - Equals
ok 2 - Equals
ok 3 - Equals
ok 4 - Equals
ok 5 - Equals
ok 6 - Equals
ok 7 - Equals
</system-out>
    <testcase name="Equals (1116)" classname="spec_perl_TestTsPacketHeader_t" time="0.000194072723388672" />
    <testcase name="Equals (1117)" classname="spec_perl_TestTsPacketHeader_t" time="5.07831573486328e-05" />
    <testcase name="Equals (1118)" classname="spec_perl_TestTsPacketHeader_t" time="9.32216644287109e-05" />
    <testcase name="Equals (1119)" classname="spec_perl_TestTsPacketHeader_t" time="8.58306884765625e-05" />
    <testcase name="Equals (1120)" classname="spec_perl_TestTsPacketHeader_t" time="8.60691070556641e-05" />
    <testcase name="Equals (1121)" classname="spec_perl_TestTsPacketHeader_t" time="0.000113010406494141" />
    <testcase name="Equals (1122)" classname="spec_perl_TestTsPacketHeader_t" time="5.88893890380859e-05" />
  </testsuite>
</testsuites>
