<?xml version='1.0' encoding='utf-8'?>
<testsuites>
  <testsuite name="spec_perl_TestMetaTags_t" errors="0" failures="0" skipped="1" tests="1" time="0.0451889038085938">
    <system-out>1..1
ok 1 # skip MetaTags=HASH(0x29908f0)
</system-out>
    <testcase name="Unnamed test case 1" classname="spec_perl_TestMetaTags_t" time="0.00133609771728516">
      <skipped message="ok 1 # skip MetaTags=HASH(0x29908f0)" />
    </testcase>
  </testsuite>
  <testsuite name="spec_perl_TestNavParentOverride_t" errors="0" failures="0" skipped="0" tests="3" time="0.0445470809936523">
    <system-out>1..3
ok 1 - Equals
ok 2 - Equals
ok 3 - Equals
</system-out>
    <testcase name="Equals" classname="spec_perl_TestNavParentOverride_t" time="0.000252962112426758" />
    <testcase name="Equals (2)" classname="spec_perl_TestNavParentOverride_t" time="8.20159912109375e-05" />
    <testcase name="Equals (3)" classname="spec_perl_TestNavParentOverride_t" time="0.000107049942016602" />
  </testsuite>
  <testsuite name="spec_perl_TestExprStrOps_t" errors="1" failures="0" skipped="0" tests="0" time="0.0456809997558594">
    <system-out></system-out>
    <testcase name="Test died too soon, even before plan. (3)" classname="spec_perl_TestExprStrOps_t" time="0.0456809997558594">
      <failure message="The test suite died before a plan was produced. You need to have a plan." type="Plan">No plan</failure>
    </testcase>
  </testsuite>
  <testsuite name="spec_perl_TestNestedTypes2_t" errors="0" failures="0" skipped="0" tests="7" time="0.0451319217681885">
    <system-out>1..7
ok 1 - Equals
ok 2 - Equals
ok 3 - Equals
ok 4 - Equals
ok 5 - Equals
ok 6 - Equals
ok 7 - Equals
</system-out>
    <testcase name="Equals (4)" classname="spec_perl_TestNestedTypes2_t" time="0.000292062759399414" />
    <testcase name="Equals (5)" classname="spec_perl_TestNestedTypes2_t" time="8.29696655273438e-05" />
    <testcase name="Equals (6)" classname="spec_perl_TestNestedTypes2_t" time="0.000126123428344727" />
    <testcase name="Equals (7)" classname="spec_perl_TestNestedTypes2_t" time="0.00018000602722168" />
    <testcase name="Equals (8)" classname="spec_perl_TestNestedTypes2_t" time="0.000120878219604492" />
    <testcase name="Equals (9)" classname="spec_perl_TestNestedTypes2_t" time="0.000154972076416016" />
    <testcase name="Equals (10)" classname="spec_perl_TestNestedTypes2_t" time="0.0001220703125" />
  </testsuite>
  <testsuite name="spec_perl_TestDefaultEndianExprIsBe_t" errors="0" failures="0" skipped="0" tests="18" time="0.048267126083374">
    <system-out>1..18
ok 1 - Equals
ok 2 - Equals
ok 3 - Equals
ok 4 - Equals
ok 5 - Equals
ok 6 - Equals
ok 7 - Equals
ok 8 - Equals
ok 9 - Equals
ok 10 - Equals
ok 11 - Equals
ok 12 - Equals
ok 13 - Equals
ok 14 - Equals
ok 15 - Equals
ok 16 - Equals
ok 17 - Equals
ok 18 - Equals
</system-out>
    <testcase name="Equals (11)" classname="spec_perl_TestDefaultEndianExprIsBe_t" time="0.000344991683959961" />
    <testcase name="Equals (12)" classname="spec_perl_TestDefaultEndianExprIsBe_t" time="8.70227813720703e-05" />
    <testcase name="Equals (13)" classname="spec_perl_TestDefaultEndianExprIsBe_t" time="5.91278076171875e-05" />
    <testcase name="Equals (14)" classname="spec_perl_TestDefaultEndianExprIsBe_t" time="0.000159025192260742" />
    <testcase name="Equals (15)" classname="spec_perl_TestDefaultEndianExprIsBe_t" time="0.000156879425048828" />
    <testcase name="Equals (16)" classname="spec_perl_TestDefaultEndianExprIsBe_t" time="0.000179052352905273" />
    <testcase name="Equals (17)" classname="spec_perl_TestDefaultEndianExprIsBe_t" time="0.000112056732177734" />
    <testcase name="Equals (18)" classname="spec_perl_TestDefaultEndianExprIsBe_t" time="0.00014495849609375" />
    <testcase name="Equals (19)" classname="spec_perl_TestDefaultEndianExprIsBe_t" time="0.000121831893920898" />
    <testcase name="Equals (20)" classname="spec_perl_TestDefaultEndianExprIsBe_t" time="0.000159025192260742" />
    <testcase name="Equals (21)" classname="spec_perl_TestDefaultEndianExprIsBe_t" time="0.000167131423950195" />
    <testcase name="Equals (22)" classname="spec_perl_TestDefaultEndianExprIsBe_t" time="0.000174045562744141" />
    <testcase name="Equals (23)" classname="spec_perl_TestDefaultEndianExprIsBe_t" time="0.000115871429443359" />
    <testcase name="Equals (24)" classname="spec_perl_TestDefaultEndianExprIsBe_t" time="0.000155925750732422" />
    <testcase name="Equals (25)" classname="spec_perl_TestDefaultEndianExprIsBe_t" time="0.000124216079711914" />
    <testcase name="Equals (26)" classname="spec_perl_TestDefaultEndianExprIsBe_t" time="0.000130891799926758" />
    <testcase name="Equals (27)" classname="spec_perl_TestDefaultEndianExprIsBe_t" time="0.000159978866577148" />
    <testcase name="Equals (28)" classname="spec_perl_TestDefaultEndianExprIsBe_t" time="0.000180959701538086" />
  </testsuite>
  <testsuite name="spec_perl_TestExprBits_t" errors="0" failures="0" skipped="0" tests="10" time="0.0474069118499756">
    <system-out>1..10
ok 1 - Equals
ok 2 - Equals
ok 3 - Equals
ok 4 - Equals
ok 5 - Equals
ok 6 - Equals
ok 7 - Equals
ok 8 - Equals
ok 9 - Equals
ok 10 - Equals
</system-out>
    <testcase name="Equals (29)" classname="spec_perl_TestExprBits_t" time="0.00043797492980957" />
    <testcase name="Equals (30)" classname="spec_perl_TestExprBits_t" time="0.000128984451293945" />
    <testcase name="Equals (31)" classname="spec_perl_TestExprBits_t" time="6.69956207275391e-05" />
    <testcase name="Equals (32)" classname="spec_perl_TestExprBits_t" time="0.000129938125610352" />
    <testcase name="Equals (33)" classname="spec_perl_TestExprBits_t" time="0.000154018402099609" />
    <testcase name="Equals (34)" classname="spec_perl_TestExprBits_t" time="0.00014805793762207" />
    <testcase name="Equals (35)" classname="spec_perl_TestExprBits_t" time="0.000125885009765625" />
    <testcase name="Equals (36)" classname="spec_perl_TestExprBits_t" time="0.00014495849609375" />
    <testcase name="Equals (37)" classname="spec_perl_TestExprBits_t" time="0.000151157379150391" />
    <testcase name="Equals (38)" classname="spec_perl_TestExprBits_t" time="0.000161886215209961" />
  </testsuite>
  <testsuite name="spec_perl_TestSwitchManualStr_t" errors="0" failures="0" skipped="0" tests="9" time="0.0499269962310791">
    <system-out>1..9
ok 1 - Equals
ok 2 - Equals
ok 3 - Equals
ok 4 - Equals
ok 5 - Equals
ok 6 - Equals
ok 7 - Equals
ok 8 - Equals
ok 9 - Equals
</system-out>
    <testcase name="Equals (39)" classname="spec_perl_TestSwitchManualStr_t" time="0.000349998474121094" />
    <testcase name="Equals (40)" classname="spec_perl_TestSwitchManualStr_t" time="8.89301300048828e-05" />
    <testcase name="Equals (41)" classname="spec_perl_TestSwitchManualStr_t" time="0.000106096267700195" />
    <testcase name="Equals (42)" classname="spec_perl_TestSwitchManualStr_t" time="0.00018000602722168" />
    <testcase name="Equals (43)" classname="spec_perl_TestSwitchManualStr_t" time="0.000118017196655273" />
    <testcase name="Equals (44)" classname="spec_perl_TestSwitchManualStr_t" time="0.000160932540893555" />
    <testcase name="Equals (45)" classname="spec_perl_TestSwitchManualStr_t" time="0.000121116638183594" />
    <testcase name="Equals (46)" classname="spec_perl_TestSwitchManualStr_t" time="0.00014495849609375" />
    <testcase name="Equals (47)" classname="spec_perl_TestSwitchManualStr_t" time="0.00011897087097168" />
  </testsuite>
  <testsuite name="spec_perl_TestBitsEnum_t" errors="0" failures="0" skipped="0" tests="3" time="0.047274112701416">
    <system-out>1..3
ok 1 - Equals
ok 2 - Equals
ok 3 - Equals
</system-out>
    <testcase name="Equals (48)" classname="spec_perl_TestBitsEnum_t" time="0.000281095504760742" />
    <testcase name="Equals (49)" classname="spec_perl_TestBitsEnum_t" time="8.89301300048828e-05" />
    <testcase name="Equals (50)" classname="spec_perl_TestBitsEnum_t" time="0.000164985656738281" />
  </testsuite>
  <testsuite name="spec_perl_TestExprIoEof_t" errors="0" failures="0" skipped="0" tests="4" time="0.0454740524291992">
    <system-out>1..4
ok 1 - Equals
ok 2 - nil
ok 3 - Equals
ok 4 - Equals
</system-out>
    <testcase name="Equals (51)" classname="spec_perl_TestExprIoEof_t" time="0.000597953796386719" />
    <testcase name="nil (51)" classname="spec_perl_TestExprIoEof_t" time="9.79900360107422e-05" />
    <testcase name="Equals (52)" classname="spec_perl_TestExprIoEof_t" time="4.79221343994141e-05" />
    <testcase name="Equals (53)" classname="spec_perl_TestExprIoEof_t" time="5.81741333007812e-05" />
  </testsuite>
  <testsuite name="spec_perl_TestTsPacketHeader_t" errors="0" failures="0" skipped="0" tests="7" time="0.0456180572509766">
    <system-out>1..7
ok 1 - Equals
ok 2 - Equals
ok 3 - Equals
ok 4 - Equals
ok 5 - Equals
ok 6 - Equals
ok 7 - Equals
</system-out>
    <testcase name="Equals (54)" classname="spec_perl_TestTsPacketHeader_t" time="0.000283956527709961" />
    <testcase name="Equals (55)" classname="spec_perl_TestTsPacketHeader_t" time="8.392333984375e-05" />
    <testcase name="Equals (56)" classname="spec_perl_TestTsPacketHeader_t" time="0.000134944915771484" />
    <testcase name="Equals (57)" classname="spec_perl_TestTsPacketHeader_t" time="0.000153064727783203" />
    <testcase name="Equals (58)" classname="spec_perl_TestTsPacketHeader_t" time="0.000136137008666992" />
    <testcase name="Equals (59)" classname="spec_perl_TestTsPacketHeader_t" time="0.000124931335449219" />
    <testcase name="Equals (60)" classname="spec_perl_TestTsPacketHeader_t" time="0.000144004821777344" />
  </testsuite>
  <testsuite name="spec_perl_TestRecursiveOne_t" errors="0" failures="0" skipped="0" tests="4" time="0.0466060638427734">
    <system-out>1..4
ok 1 - Equals
ok 2 - Equals
ok 3 - Equals
ok 4 - Equals
</system-out>
    <testcase name="Equals (61)" classname="spec_perl_TestRecursiveOne_t" time="0.000271081924438477" />
    <testcase name="Equals (62)" classname="spec_perl_TestRecursiveOne_t" time="8.392333984375e-05" />
    <testcase name="Equals (63)" classname="spec_perl_TestRecursiveOne_t" time="0.000147104263305664" />
    <testcase name="Equals (64)" classname="spec_perl_TestRecursiveOne_t" time="0.000140905380249023" />
  </testsuite>
  <testsuite name="spec_perl_TestZlibSurrounded_t" errors="0" failures="0" skipped="0" tests="1" time="0.0664908885955811">
    <system-out>1..1
ok 1 - Equals
</system-out>
    <testcase name="Equals (65)" classname="spec_perl_TestZlibSurrounded_t" time="0.0006561279296875" />
  </testsuite>
  <testsuite name="spec_perl_TestInstanceUserArray_t" errors="0" failures="0" skipped="0" tests="10" time="0.0466511249542236">
    <system-out>1..10
ok 1 - Equals
ok 2 - Equals
ok 3 - Equals
ok 4 - Equals
ok 5 - Equals
ok 6 - Equals
ok 7 - Equals
ok 8 - Equals
ok 9 - Equals
ok 10 - Equals
</system-out>
    <testcase name="Equals (66)" classname="spec_perl_TestInstanceUserArray_t" time="0.000247955322265625" />
    <testcase name="Equals (67)" classname="spec_perl_TestInstanceUserArray_t" time="0.000102996826171875" />
    <testcase name="Equals (68)" classname="spec_perl_TestInstanceUserArray_t" time="7.89165496826172e-05" />
    <testcase name="Equals (69)" classname="spec_perl_TestInstanceUserArray_t" time="0.000544071197509766" />
    <testcase name="Equals (70)" classname="spec_perl_TestInstanceUserArray_t" time="8.20159912109375e-05" />
    <testcase name="Equals (71)" classname="spec_perl_TestInstanceUserArray_t" time="0.000112056732177734" />
    <testcase name="Equals (72)" classname="spec_perl_TestInstanceUserArray_t" time="0.000131845474243164" />
    <testcase name="Equals (73)" classname="spec_perl_TestInstanceUserArray_t" time="0.000133037567138672" />
    <testcase name="Equals (74)" classname="spec_perl_TestInstanceUserArray_t" time="0.000133991241455078" />
    <testcase name="Equals (75)" classname="spec_perl_TestInstanceUserArray_t" time="0.000121116638183594" />
  </testsuite>
  <testsuite name="spec_perl_TestFixedStruct_t" errors="1" failures="0" skipped="0" tests="0" time="0.0498101711273193">
    <system-out></system-out>
    <testcase name="Test died too soon, even before plan. (75)" classname="spec_perl_TestFixedStruct_t" time="0.0498101711273193">
      <failure message="The test suite died before a plan was produced. You need to have a plan." type="Plan">No plan</failure>
    </testcase>
  </testsuite>
  <testsuite name="spec_perl_TestDebugSwitchUser_t" errors="1" failures="0" skipped="0" tests="0" time="0.05702805519104">
    <system-out></system-out>
    <testcase name="Test died too soon, even before plan. (76)" classname="spec_perl_TestDebugSwitchUser_t" time="0.05702805519104">
      <failure message="The test suite died before a plan was produced. You need to have a plan." type="Plan">No plan</failure>
    </testcase>
  </testsuite>
  <testsuite name="spec_perl_TestImportsCircularA_t" errors="0" failures="0" skipped="0" tests="5" time="0.0450091361999512">
    <system-out>1..5
ok 1 - Equals
ok 2 - Equals
ok 3 - Equals
ok 4 - Equals
ok 5 - Equals
</system-out>
    <testcase name="Equals (76)" classname="spec_perl_TestImportsCircularA_t" time="0.000179052352905273" />
    <testcase name="Equals (77)" classname="spec_perl_TestImportsCircularA_t" time="6.79492950439453e-05" />
    <testcase name="Equals (78)" classname="spec_perl_TestImportsCircularA_t" time="0.000149965286254883" />
    <testcase name="Equals (79)" classname="spec_perl_TestImportsCircularA_t" time="0.0001220703125" />
    <testcase name="Equals (80)" classname="spec_perl_TestImportsCircularA_t" time="8.20159912109375e-05" />
  </testsuite>
  <testsuite name="spec_perl_TestEosExceptionBytes_t" errors="0" failures="0" skipped="0" tests="1" time="0.0463290214538574">
    <system-out>1..1
ok 1 - Died
</system-out>
    <testcase name="Died (80)" classname="spec_perl_TestEosExceptionBytes_t" time="0.000479936599731445" />
  </testsuite>
  <testsuite name="spec_perl_TestMetaXref_t" errors="0" failures="0" skipped="1" tests="1" time="0.0448248386383057">
    <system-out>1..1
ok 1 # skip MetaXref=HASH(0x27e1930)
</system-out>
    <testcase name="Unnamed test case 80" classname="spec_perl_TestMetaXref_t" time="0.00130987167358398">
      <skipped message="ok 1 # skip MetaXref=HASH(0x27e1930)" />
    </testcase>
  </testsuite>
  <testsuite name="spec_perl_TestStrEncodingsDefault_t" errors="0" failures="0" skipped="0" tests="4" time="0.0504820346832275">
    <system-out>1..4
ok 1 - Equals
ok 2 - Equals
ok 3 - Equals
ok 4 - Equals
</system-out>
    <testcase name="Equals (81)" classname="spec_perl_TestStrEncodingsDefault_t" time="0.00330519676208496" />
    <testcase name="Equals (82)" classname="spec_perl_TestStrEncodingsDefault_t" time="0.000108003616333008" />
    <testcase name="Equals (83)" classname="spec_perl_TestStrEncodingsDefault_t" time="6.89029693603516e-05" />
    <testcase name="Equals (84)" classname="spec_perl_TestStrEncodingsDefault_t" time="0.000133037567138672" />
  </testsuite>
  <testsuite name="spec_perl_TestNavParent_t" errors="0" failures="0" skipped="0" tests="5" time="0.0494019985198975">
    <system-out>1..5
ok 1 - Equals
ok 2 - Equals
ok 3 - Equals
ok 4 - Equals
ok 5 - Equals
</system-out>
    <testcase name="Equals (85)" classname="spec_perl_TestNavParent_t" time="0.000395059585571289" />
    <testcase name="Equals (86)" classname="spec_perl_TestNavParent_t" time="9.29832458496094e-05" />
    <testcase name="Equals (87)" classname="spec_perl_TestNavParent_t" time="7.39097595214844e-05" />
    <testcase name="Equals (88)" classname="spec_perl_TestNavParent_t" time="0.000174999237060547" />
    <testcase name="Equals (89)" classname="spec_perl_TestNavParent_t" time="0.000102996826171875" />
  </testsuite>
  <testsuite name="spec_perl_TestSwitchManualEnumInvalidElse_t" errors="0" failures="0" skipped="0" tests="5" time="0.049738883972168">
    <system-out>1..5
ok 1 - Equals
ok 2 - Equals
ok 3 - Equals
ok 4 - Equals
ok 5 - Equals
</system-out>
    <testcase name="Equals (90)" classname="spec_perl_TestSwitchManualEnumInvalidElse_t" time="0.000290155410766602" />
    <testcase name="Equals (91)" classname="spec_perl_TestSwitchManualEnumInvalidElse_t" time="0.000100851058959961" />
    <testcase name="Equals (92)" classname="spec_perl_TestSwitchManualEnumInvalidElse_t" time="0.000119209289550781" />
    <testcase name="Equals (93)" classname="spec_perl_TestSwitchManualEnumInvalidElse_t" time="0.000147819519042969" />
    <testcase name="Equals (94)" classname="spec_perl_TestSwitchManualEnumInvalidElse_t" time="0.000144004821777344" />
  </testsuite>
  <testsuite name="spec_perl_TestEnumDeep_t" errors="0" failures="0" skipped="0" tests="2" time="0.0454981327056885">
    <system-out>1..2
ok 1 - Equals
ok 2 - Equals
</system-out>
    <testcase name="Equals (95)" classname="spec_perl_TestEnumDeep_t" time="0.000236988067626953" />
    <testcase name="Equals (96)" classname="spec_perl_TestEnumDeep_t" time="9.29832458496094e-05" />
  </testsuite>
  <testsuite name="spec_perl_TestExprIoPos_t" errors="0" failures="0" skipped="0" tests="6" time="0.0481960773468018">
    <system-out>1..6
ok 1 - Equals
ok 2 - Equals
ok 3 - Equals
ok 4 - Equals
ok 5 - Equals
ok 6 - Equals
</system-out>
    <testcase name="Equals (97)" classname="spec_perl_TestExprIoPos_t" time="0.000625133514404297" />
    <testcase name="Equals (98)" classname="spec_perl_TestExprIoPos_t" time="9.98973846435547e-05" />
    <testcase name="Equals (99)" classname="spec_perl_TestExprIoPos_t" time="5.81741333007812e-05" />
    <testcase name="Equals (100)" classname="spec_perl_TestExprIoPos_t" time="0.000123977661132812" />
    <testcase name="Equals (101)" classname="spec_perl_TestExprIoPos_t" time="0.000128984451293945" />
    <testcase name="Equals (102)" classname="spec_perl_TestExprIoPos_t" time="0.00014495849609375" />
  </testsuite>
  <testsuite name="spec_perl_TestEofExceptionU4_t" errors="0" failures="0" skipped="0" tests="1" time="0.0467300415039062">
    <system-out>1..1
ok 1 - Died
</system-out>
    <testcase name="Died (102)" classname="spec_perl_TestEofExceptionU4_t" time="0.00018000602722168" />
  </testsuite>
  <testsuite name="spec_perl_TestRepeatEosU4_t" errors="0" failures="0" skipped="0" tests="1" time="0.0443680286407471">
    <system-out>1..1
ok 1 - Equals
</system-out>
    <testcase name="Equals (103)" classname="spec_perl_TestRepeatEosU4_t" time="0.000261068344116211" />
  </testsuite>
  <testsuite name="spec_perl_TestStrEncodings_t" errors="0" failures="0" skipped="0" tests="4" time="0.0665359497070312">
    <system-out>1..4
ok 1 - Equals
ok 2 - Equals
ok 3 - Equals
ok 4 - Equals
</system-out>
    <testcase name="Equals (104)" classname="spec_perl_TestStrEncodings_t" time="0.0181679725646973" />
    <testcase name="Equals (105)" classname="spec_perl_TestStrEncodings_t" time="0.000137090682983398" />
    <testcase name="Equals (106)" classname="spec_perl_TestStrEncodings_t" time="6.29425048828125e-05" />
    <testcase name="Equals (107)" classname="spec_perl_TestStrEncodings_t" time="0.000133037567138672" />
  </testsuite>
  <testsuite name="spec_perl_TestExpr0_t" errors="0" failures="0" skipped="0" tests="2" time="0.0457539558410645">
    <system-out>1..2
ok 1 - Equals
ok 2 - Equals
</system-out>
    <testcase name="Equals (108)" classname="spec_perl_TestExpr0_t" time="0.000272035598754883" />
    <testcase name="Equals (109)" classname="spec_perl_TestExpr0_t" time="7.98702239990234e-05" />
  </testsuite>
  <testsuite name="spec_perl_TestBufferedStruct_t" errors="0" failures="0" skipped="0" tests="7" time="0.0480139255523682">
    <system-out>1..7
ok 1 - Equals
ok 2 - Equals
ok 3 - Equals
ok 4 - Equals
ok 5 - Equals
ok 6 - Equals
ok 7 - Equals
</system-out>
    <testcase name="Equals (110)" classname="spec_perl_TestBufferedStruct_t" time="0.00064396858215332" />
    <testcase name="Equals (111)" classname="spec_perl_TestBufferedStruct_t" time="0.000102996826171875" />
    <testcase name="Equals (112)" classname="spec_perl_TestBufferedStruct_t" time="5.81741333007812e-05" />
    <testcase name="Equals (113)" classname="spec_perl_TestBufferedStruct_t" time="0.000127792358398438" />
    <testcase name="Equals (114)" classname="spec_perl_TestBufferedStruct_t" time="0.000151157379150391" />
    <testcase name="Equals (115)" classname="spec_perl_TestBufferedStruct_t" time="0.000355958938598633" />
    <testcase name="Equals (116)" classname="spec_perl_TestBufferedStruct_t" time="0.000128030776977539" />
  </testsuite>
  <testsuite name="spec_perl_TestUserType_t" errors="0" failures="0" skipped="0" tests="2" time="0.0445089340209961">
    <system-out>1..2
ok 1 - Equals
ok 2 - Equals
</system-out>
    <testcase name="Equals (117)" classname="spec_perl_TestUserType_t" time="0.0002288818359375" />
    <testcase name="Equals (118)" classname="spec_perl_TestUserType_t" time="7.70092010498047e-05" />
  </testsuite>
  <testsuite name="spec_perl_TestNestedTypes_t" errors="0" failures="0" skipped="0" tests="3" time="0.0492639541625977">
    <system-out>1..3
ok 1 - Equals
ok 2 - Equals
ok 3 - Equals
</system-out>
    <testcase name="Equals (119)" classname="spec_perl_TestNestedTypes_t" time="0.000314950942993164" />
    <testcase name="Equals (120)" classname="spec_perl_TestNestedTypes_t" time="9.60826873779297e-05" />
    <testcase name="Equals (121)" classname="spec_perl_TestNestedTypes_t" time="5.91278076171875e-05" />
  </testsuite>
  <testsuite name="spec_perl_TestNavRoot_t" errors="0" failures="0" skipped="0" tests="5" time="0.047551155090332">
    <system-out>1..5
ok 1 - Equals
ok 2 - Equals
ok 3 - Equals
ok 4 - Equals
ok 5 - Equals
</system-out>
    <testcase name="Equals (122)" classname="spec_perl_TestNavRoot_t" time="0.000355958938598633" />
    <testcase name="Equals (123)" classname="spec_perl_TestNavRoot_t" time="8.98838043212891e-05" />
    <testcase name="Equals (124)" classname="spec_perl_TestNavRoot_t" time="5.91278076171875e-05" />
    <testcase name="Equals (125)" classname="spec_perl_TestNavRoot_t" time="0.000164985656738281" />
    <testcase name="Equals (126)" classname="spec_perl_TestNavRoot_t" time="0.000128030776977539" />
  </testsuite>
  <testsuite name="spec_perl_TestSwitchManualIntElse_t" errors="0" failures="0" skipped="0" tests="9" time="0.050166130065918">
    <system-out>1..9
ok 1 - Equals
ok 2 - Equals
ok 3 - Equals
ok 4 - Equals
ok 5 - Equals
ok 6 - Equals
ok 7 - Equals
ok 8 - Equals
ok 9 - Equals
</system-out>
    <testcase name="Equals (127)" classname="spec_perl_TestSwitchManualIntElse_t" time="0.000355005264282227" />
    <testcase name="Equals (128)" classname="spec_perl_TestSwitchManualIntElse_t" time="9.70363616943359e-05" />
    <testcase name="Equals (129)" classname="spec_perl_TestSwitchManualIntElse_t" time="0.000119924545288086" />
    <testcase name="Equals (130)" classname="spec_perl_TestSwitchManualIntElse_t" time="0.000142097473144531" />
    <testcase name="Equals (131)" classname="spec_perl_TestSwitchManualIntElse_t" time="0.000150918960571289" />
    <testcase name="Equals (132)" classname="spec_perl_TestSwitchManualIntElse_t" time="0.000128030776977539" />
    <testcase name="Equals (133)" classname="spec_perl_TestSwitchManualIntElse_t" time="0.000161170959472656" />
    <testcase name="Equals (134)" classname="spec_perl_TestSwitchManualIntElse_t" time="0.000121831893920898" />
    <testcase name="Equals (135)" classname="spec_perl_TestSwitchManualIntElse_t" time="0.000167131423950195" />
  </testsuite>
  <testsuite name="spec_perl_TestSwitchElseOnly_t" errors="1" failures="0" skipped="0" tests="0" time="0.0449318885803223">
    <system-out></system-out>
    <testcase name="Test died too soon, even before plan. (135)" classname="spec_perl_TestSwitchElseOnly_t" time="0.0449318885803223">
      <failure message="The test suite died before a plan was produced. You need to have a plan." type="Plan">No plan</failure>
    </testcase>
  </testsuite>
  <testsuite name="spec_perl_TestStrPadTermEmpty_t" errors="0" failures="0" skipped="0" tests="4" time="0.0486571788787842">
    <system-out>1..4
ok 1 - Equals
ok 2 - Equals
ok 3 - Equals
ok 4 - Equals
</system-out>
    <testcase name="Equals (136)" classname="spec_perl_TestStrPadTermEmpty_t" time="0.000434160232543945" />
    <testcase name="Equals (137)" classname="spec_perl_TestStrPadTermEmpty_t" time="9.89437103271484e-05" />
    <testcase name="Equals (138)" classname="spec_perl_TestStrPadTermEmpty_t" time="6.103515625e-05" />
    <testcase name="Equals (139)" classname="spec_perl_TestStrPadTermEmpty_t" time="0.000134944915771484" />
  </testsuite>
  <testsuite name="spec_perl_TestCastNested_t" errors="0" failures="0" skipped="0" tests="4" time="0.0516290664672852">
    <system-out>1..4
ok 1 - Equals
ok 2 - Equals
ok 3 - Equals
ok 4 - Equals
</system-out>
    <testcase name="Equals (140)" classname="spec_perl_TestCastNested_t" time="0.000322818756103516" />
    <testcase name="Equals (141)" classname="spec_perl_TestCastNested_t" time="8.51154327392578e-05" />
    <testcase name="Equals (142)" classname="spec_perl_TestCastNested_t" time="0.00014495849609375" />
    <testcase name="Equals (143)" classname="spec_perl_TestCastNested_t" time="0.000139951705932617" />
  </testsuite>
  <testsuite name="spec_perl_TestEosExceptionU4_t" errors="0" failures="0" skipped="0" tests="1" time="0.0467391014099121">
    <system-out>1..1
ok 1 - Died
</system-out>
    <testcase name="Died (143)" classname="spec_perl_TestEosExceptionU4_t" time="0.000487089157104492" />
  </testsuite>
  <testsuite name="spec_perl_TestExprBytesCmp_t" errors="0" failures="0" skipped="0" tests="10" time="0.0484981536865234">
    <system-out>1..10
ok 1 - Equals
ok 2 - Equals
ok 3 - Equals
ok 4 - Equals
ok 5 - Equals
ok 6 - Equals
ok 7 - Equals
ok 8 - Equals
ok 9 - Equals
ok 10 - Equals
</system-out>
    <testcase name="Equals (144)" classname="spec_perl_TestExprBytesCmp_t" time="0.000230073928833008" />
    <testcase name="Equals (145)" classname="spec_perl_TestExprBytesCmp_t" time="8.89301300048828e-05" />
    <testcase name="Equals (146)" classname="spec_perl_TestExprBytesCmp_t" time="0.0001220703125" />
    <testcase name="Equals (147)" classname="spec_perl_TestExprBytesCmp_t" time="0.000134944915771484" />
    <testcase name="Equals (148)" classname="spec_perl_TestExprBytesCmp_t" time="0.000133991241455078" />
    <testcase name="Equals (149)" classname="spec_perl_TestExprBytesCmp_t" time="0.000143051147460938" />
    <testcase name="Equals (150)" classname="spec_perl_TestExprBytesCmp_t" time="0.0001220703125" />
    <testcase name="Equals (151)" classname="spec_perl_TestExprBytesCmp_t" time="0.000123023986816406" />
    <testcase name="Equals (152)" classname="spec_perl_TestExprBytesCmp_t" time="0.000150918960571289" />
    <testcase name="Equals (153)" classname="spec_perl_TestExprBytesCmp_t" time="0.000123977661132812" />
  </testsuite>
  <testsuite name="spec_perl_TestYamlInts_t" errors="0" failures="0" skipped="0" tests="4" time="0.0459499359130859">
    <system-out>1..4
ok 1 - Equals
ok 2 - Equals
ok 3 - Equals
ok 4 - Equals
</system-out>
    <testcase name="Equals (154)" classname="spec_perl_TestYamlInts_t" time="0.000272035598754883" />
    <testcase name="Equals (155)" classname="spec_perl_TestYamlInts_t" time="8.58306884765625e-05" />
    <testcase name="Equals (156)" classname="spec_perl_TestYamlInts_t" time="0.000152111053466797" />
    <testcase name="Equals (157)" classname="spec_perl_TestYamlInts_t" time="0.000146865844726562" />
  </testsuite>
  <testsuite name="spec_perl_TestProcessRepeatBytes_t" errors="0" failures="0" skipped="0" tests="2" time="0.0452408790588379">
    <system-out>1..2
ok 1 - Equals
ok 2 - Equals
</system-out>
    <testcase name="Equals (158)" classname="spec_perl_TestProcessRepeatBytes_t" time="0.000262975692749023" />
    <testcase name="Equals (159)" classname="spec_perl_TestProcessRepeatBytes_t" time="8.51154327392578e-05" />
  </testsuite>
  <testsuite name="spec_perl_TestNavParentVsValueInst_t" errors="0" failures="0" skipped="0" tests="1" time="0.048551082611084">
    <system-out>1..1
ok 1 - Equals
</system-out>
    <testcase name="Equals (160)" classname="spec_perl_TestNavParentVsValueInst_t" time="0.000324010848999023" />
  </testsuite>
  <testsuite name="spec_perl_TestEnumIntRangeS_t" errors="0" failures="0" skipped="0" tests="3" time="0.0599169731140137">
    <system-out>1..3
ok 1 - Equals
ok 2 - Equals
ok 3 - Equals
</system-out>
    <testcase name="Equals (161)" classname="spec_perl_TestEnumIntRangeS_t" time="0.000259876251220703" />
    <testcase name="Equals (162)" classname="spec_perl_TestEnumIntRangeS_t" time="9.60826873779297e-05" />
    <testcase name="Equals (163)" classname="spec_perl_TestEnumIntRangeS_t" time="0.000125885009765625" />
  </testsuite>
  <testsuite name="spec_perl_TestDefaultEndianMod_t" errors="0" failures="0" skipped="0" tests="3" time="0.0465760231018066">
    <system-out>1..3
ok 1 - Equals
ok 2 - Equals
ok 3 - Equals
</system-out>
    <testcase name="Equals (164)" classname="spec_perl_TestDefaultEndianMod_t" time="0.000248908996582031" />
    <testcase name="Equals (165)" classname="spec_perl_TestDefaultEndianMod_t" time="7.82012939453125e-05" />
    <testcase name="Equals (166)" classname="spec_perl_TestDefaultEndianMod_t" time="0.000150918960571289" />
  </testsuite>
  <testsuite name="spec_perl_TestCastToImported_t" errors="0" failures="0" skipped="0" tests="2" time="0.0472860336303711">
    <system-out>1..2
ok 1 - Equals
ok 2 - Equals
</system-out>
    <testcase name="Equals (167)" classname="spec_perl_TestCastToImported_t" time="0.000262975692749023" />
    <testcase name="Equals (168)" classname="spec_perl_TestCastToImported_t" time="8.20159912109375e-05" />
  </testsuite>
  <testsuite name="spec_perl_TestParamsPassUsertype_t" errors="0" failures="1" skipped="1" tests="2" time="0.0488600730895996">
    <system-out>1..2
not ok 1 - test_params_pass_usertype died (Can't call method &quot;foo&quot; on an undefined value at compiled/perl/ParamsPassUsertype.pm line 119.)
ok 2 # skip test_params_pass_usertype died
</system-out>
    <testcase name="test_params_pass_usertype died (Can't call method &quot;foo&quot; on an undefined value at compiled/perl/ParamsPassUsertype.pm line 119.) (168)" classname="spec_perl_TestParamsPassUsertype_t" time="0.000341892242431641">
      <failure message="not ok 1 - test_params_pass_usertype died (Can't call method &quot;foo&quot; on an undefined value at compiled/perl/ParamsPassUsertype.pm line 119.)" type="TAP::Parser::Result::Test"></failure>
    </testcase>
    <testcase name="Unnamed test case 168" classname="spec_perl_TestParamsPassUsertype_t" time="0.00168108940124512">
      <skipped message="ok 2 # skip test_params_pass_usertype died" />
    </testcase>
  </testsuite>
  <testsuite name="spec_perl_TestSwitchManualEnumInvalid_t" errors="0" failures="0" skipped="0" tests="5" time="0.0487070083618164">
    <system-out>1..5
ok 1 - Equals
ok 2 - Equals
ok 3 - nil
ok 4 - Equals
ok 5 - nil
</system-out>
    <testcase name="Equals (169)" classname="spec_perl_TestSwitchManualEnumInvalid_t" time="0.000281810760498047" />
    <testcase name="Equals (170)" classname="spec_perl_TestSwitchManualEnumInvalid_t" time="8.60691070556641e-05" />
    <testcase name="nil (170)" classname="spec_perl_TestSwitchManualEnumInvalid_t" time="5.79357147216797e-05" />
    <testcase name="Equals (171)" classname="spec_perl_TestSwitchManualEnumInvalid_t" time="0.000117063522338867" />
    <testcase name="nil (171)" classname="spec_perl_TestSwitchManualEnumInvalid_t" time="6.103515625e-05" />
  </testsuite>
  <testsuite name="spec_perl_TestIndexToParamEos_t" errors="0" failures="2" skipped="0" tests="7" time="0.0529570579528809">
    <system-out>1..7
ok 1 - Equals
ok 2 - Equals
ok 3 - Equals
ok 4 - Equals
ok 5 - Equals
not ok 6 - Equals
not ok 7 - Equals
</system-out>
    <testcase name="Equals (172)" classname="spec_perl_TestIndexToParamEos_t" time="0.00607991218566895" />
    <testcase name="Equals (173)" classname="spec_perl_TestIndexToParamEos_t" time="9.79900360107422e-05" />
    <testcase name="Equals (174)" classname="spec_perl_TestIndexToParamEos_t" time="4.60147857666016e-05" />
    <testcase name="Equals (175)" classname="spec_perl_TestIndexToParamEos_t" time="0.000112056732177734" />
    <testcase name="Equals (176)" classname="spec_perl_TestIndexToParamEos_t" time="5.69820404052734e-05" />
    <testcase name="Equals (177)" classname="spec_perl_TestIndexToParamEos_t" time="4.91142272949219e-05">
      <failure message="not ok 6 - Equals" type="TAP::Parser::Result::Test"></failure>
    </testcase>
    <testcase name="Equals (178)" classname="spec_perl_TestIndexToParamEos_t" time="3.98159027099609e-05">
      <failure message="not ok 7 - Equals" type="TAP::Parser::Result::Test"></failure>
    </testcase>
  </testsuite>
  <testsuite name="spec_perl_TestDocstringsDocref_t" errors="0" failures="0" skipped="1" tests="1" time="0.0464510917663574">
    <system-out>1..1
ok 1 # skip DocstringsDocref=HASH(0x1bced50)
</system-out>
    <testcase name="Unnamed test case 178" classname="spec_perl_TestDocstringsDocref_t" time="0.00139498710632324">
      <skipped message="ok 1 # skip DocstringsDocref=HASH(0x1bced50)" />
    </testcase>
  </testsuite>
  <testsuite name="spec_perl_TestSwitchManualIntSizeElse_t" errors="0" failures="0" skipped="0" tests="10" time="0.0510249137878418">
    <system-out>1..10
ok 1 - Equals
ok 2 - Equals
ok 3 - Equals
ok 4 - Equals
ok 5 - Equals
ok 6 - Equals
ok 7 - Equals
ok 8 - Equals
ok 9 - Equals
ok 10 - Equals
</system-out>
    <testcase name="Equals (179)" classname="spec_perl_TestSwitchManualIntSizeElse_t" time="0.000721931457519531" />
    <testcase name="Equals (180)" classname="spec_perl_TestSwitchManualIntSizeElse_t" time="0.000101089477539062" />
    <testcase name="Equals (181)" classname="spec_perl_TestSwitchManualIntSizeElse_t" time="6.89029693603516e-05" />
    <testcase name="Equals (182)" classname="spec_perl_TestSwitchManualIntSizeElse_t" time="0.000134944915771484" />
    <testcase name="Equals (183)" classname="spec_perl_TestSwitchManualIntSizeElse_t" time="0.000126123428344727" />
    <testcase name="Equals (184)" classname="spec_perl_TestSwitchManualIntSizeElse_t" time="0.000160932540893555" />
    <testcase name="Equals (185)" classname="spec_perl_TestSwitchManualIntSizeElse_t" time="0.000134944915771484" />
    <testcase name="Equals (186)" classname="spec_perl_TestSwitchManualIntSizeElse_t" time="0.000152111053466797" />
    <testcase name="Equals (187)" classname="spec_perl_TestSwitchManualIntSizeElse_t" time="0.000128030776977539" />
    <testcase name="Equals (188)" classname="spec_perl_TestSwitchManualIntSizeElse_t" time="0.000149011611938477" />
  </testsuite>
  <testsuite name="spec_perl_TestDefaultEndianExprException_t" errors="0" failures="0" skipped="0" tests="1" time="0.0466980934143066">
    <system-out>1..1
ok 1 - Died
</system-out>
    <testcase name="Died (188)" classname="spec_perl_TestDefaultEndianExprException_t" time="0.000185012817382812" />
  </testsuite>
  <testsuite name="spec_perl_TestEnumImport_t" errors="0" failures="2" skipped="0" tests="2" time="0.0477678775787354">
    <system-out>1..2
not ok 1 - Equals
not ok 2 - Equals
</system-out>
    <testcase name="Equals (189)" classname="spec_perl_TestEnumImport_t" time="0.000164031982421875">
      <failure message="not ok 1 - Equals" type="TAP::Parser::Result::Test"></failure>
    </testcase>
    <testcase name="Equals (190)" classname="spec_perl_TestEnumImport_t" time="5.88893890380859e-05">
      <failure message="not ok 2 - Equals" type="TAP::Parser::Result::Test"></failure>
    </testcase>
  </testsuite>
  <testsuite name="spec_perl_TestIfInstances_t" errors="0" failures="0" skipped="0" tests="1" time="0.0448768138885498">
    <system-out>1..1
ok 1 - nil
</system-out>
    <testcase name="nil (190)" classname="spec_perl_TestIfInstances_t" time="0.000175952911376953" />
  </testsuite>
  <testsuite name="spec_perl_TestZlibWithHeader78_t" errors="0" failures="0" skipped="0" tests="1" time="0.0664868354797363">
    <system-out>1..1
ok 1 - Equals
</system-out>
    <testcase name="Equals (191)" classname="spec_perl_TestZlibWithHeader78_t" time="0.000368833541870117" />
  </testsuite>
  <testsuite name="spec_perl_TestValidShort_t" errors="1" failures="0" skipped="0" tests="0" time="0.0450668334960938">
    <system-out></system-out>
    <testcase name="Test died too soon, even before plan. (191)" classname="spec_perl_TestValidShort_t" time="0.0450668334960938">
      <failure message="The test suite died before a plan was produced. You need to have a plan." type="Plan">No plan</failure>
    </testcase>
  </testsuite>
  <testsuite name="spec_perl_TestNavParentFalse2_t" errors="0" failures="0" skipped="0" tests="1" time="0.0453710556030273">
    <system-out>1..1
ok 1 - Equals
</system-out>
    <testcase name="Equals (192)" classname="spec_perl_TestNavParentFalse2_t" time="0.000219106674194336" />
  </testsuite>
  <testsuite name="spec_perl_TestBytesPadTerm_t" errors="0" failures="0" skipped="0" tests="4" time="0.0480670928955078">
    <system-out>1..4
ok 1 - Equals
ok 2 - Equals
ok 3 - Equals
ok 4 - Equals
</system-out>
    <testcase name="Equals (193)" classname="spec_perl_TestBytesPadTerm_t" time="0.000323057174682617" />
    <testcase name="Equals (194)" classname="spec_perl_TestBytesPadTerm_t" time="8.79764556884766e-05" />
    <testcase name="Equals (195)" classname="spec_perl_TestBytesPadTerm_t" time="0.000169992446899414" />
    <testcase name="Equals (196)" classname="spec_perl_TestBytesPadTerm_t" time="0.000159978866577148" />
  </testsuite>
  <testsuite name="spec_perl_TestRepeatEosStruct_t" errors="0" failures="0" skipped="0" tests="5" time="0.0466070175170898">
    <system-out>1..5
ok 1 - Equals
ok 2 - Equals
ok 3 - Equals
ok 4 - Equals
ok 5 - Equals
</system-out>
    <testcase name="Equals (197)" classname="spec_perl_TestRepeatEosStruct_t" time="0.000281095504760742" />
    <testcase name="Equals (198)" classname="spec_perl_TestRepeatEosStruct_t" time="8.0108642578125e-05" />
    <testcase name="Equals (199)" classname="spec_perl_TestRepeatEosStruct_t" time="9.39369201660156e-05" />
    <testcase name="Equals (200)" classname="spec_perl_TestRepeatEosStruct_t" time="0.000166893005371094" />
    <testcase name="Equals (201)" classname="spec_perl_TestRepeatEosStruct_t" time="0.000117063522338867" />
  </testsuite>
  <testsuite name="spec_perl_TestRepeatNStrz_t" errors="0" failures="0" skipped="0" tests="2" time="0.0502049922943115">
    <system-out>1..2
ok 1 - Equals
ok 2 - Equals
</system-out>
    <testcase name="Equals (202)" classname="spec_perl_TestRepeatNStrz_t" time="0.000366926193237305" />
    <testcase name="Equals (203)" classname="spec_perl_TestRepeatNStrz_t" time="0.000105857849121094" />
  </testsuite>
  <testsuite name="spec_perl_TestRepeatNStruct_t" errors="0" failures="0" skipped="0" tests="5" time="0.046875">
    <system-out>1..5
ok 1 - Equals
ok 2 - Equals
ok 3 - Equals
ok 4 - Equals
ok 5 - Equals
</system-out>
    <testcase name="Equals (204)" classname="spec_perl_TestRepeatNStruct_t" time="0.000256061553955078" />
    <testcase name="Equals (205)" classname="spec_perl_TestRepeatNStruct_t" time="8.20159912109375e-05" />
    <testcase name="Equals (206)" classname="spec_perl_TestRepeatNStruct_t" time="0.000146865844726562" />
    <testcase name="Equals (207)" classname="spec_perl_TestRepeatNStruct_t" time="0.000132083892822266" />
    <testcase name="Equals (208)" classname="spec_perl_TestRepeatNStruct_t" time="0.000138044357299805" />
  </testsuite>
  <testsuite name="spec_perl_TestSwitchManualStrElse_t" errors="0" failures="0" skipped="0" tests="9" time="0.0493509769439697">
    <system-out>1..9
ok 1 - Equals
ok 2 - Equals
ok 3 - Equals
ok 4 - Equals
ok 5 - Equals
ok 6 - Equals
ok 7 - Equals
ok 8 - Equals
ok 9 - Equals
</system-out>
    <testcase name="Equals (209)" classname="spec_perl_TestSwitchManualStrElse_t" time="0.000395059585571289" />
    <testcase name="Equals (210)" classname="spec_perl_TestSwitchManualStrElse_t" time="9.89437103271484e-05" />
    <testcase name="Equals (211)" classname="spec_perl_TestSwitchManualStrElse_t" time="8.41617584228516e-05" />
    <testcase name="Equals (212)" classname="spec_perl_TestSwitchManualStrElse_t" time="0.0001678466796875" />
    <testcase name="Equals (213)" classname="spec_perl_TestSwitchManualStrElse_t" time="0.00012516975402832" />
    <testcase name="Equals (214)" classname="spec_perl_TestSwitchManualStrElse_t" time="0.000135898590087891" />
    <testcase name="Equals (215)" classname="spec_perl_TestSwitchManualStrElse_t" time="0.000134944915771484" />
    <testcase name="Equals (216)" classname="spec_perl_TestSwitchManualStrElse_t" time="0.000123023986816406" />
    <testcase name="Equals (217)" classname="spec_perl_TestSwitchManualStrElse_t" time="0.000158071517944336" />
  </testsuite>
  <testsuite name="spec_perl_TestProcessRepeatUsertype_t" errors="0" failures="0" skipped="0" tests="4" time="0.0465629100799561">
    <system-out>1..4
ok 1 - Equals
ok 2 - Equals
ok 3 - Equals
ok 4 - Equals
</system-out>
    <testcase name="Equals (218)" classname="spec_perl_TestProcessRepeatUsertype_t" time="0.000587940216064453" />
    <testcase name="Equals (219)" classname="spec_perl_TestProcessRepeatUsertype_t" time="0.000102996826171875" />
    <testcase name="Equals (220)" classname="spec_perl_TestProcessRepeatUsertype_t" time="5.91278076171875e-05" />
    <testcase name="Equals (221)" classname="spec_perl_TestProcessRepeatUsertype_t" time="0.000145912170410156" />
  </testsuite>
  <testsuite name="spec_perl_TestFloatToI_t" errors="0" failures="0" skipped="0" tests="8" time="0.0455060005187988">
    <system-out>1..8
ok 1 - Equals
ok 2 - Equals
ok 3 - Equals
ok 4 - Equals
ok 5 - Equals
ok 6 - Equals
ok 7 - Equals
ok 8 - Equals
</system-out>
    <testcase name="Equals (222)" classname="spec_perl_TestFloatToI_t" time="0.000264167785644531" />
    <testcase name="Equals (223)" classname="spec_perl_TestFloatToI_t" time="7.98702239990234e-05" />
    <testcase name="Equals (224)" classname="spec_perl_TestFloatToI_t" time="0.000120162963867188" />
    <testcase name="Equals (225)" classname="spec_perl_TestFloatToI_t" time="0.000131845474243164" />
    <testcase name="Equals (226)" classname="spec_perl_TestFloatToI_t" time="0.000138044357299805" />
    <testcase name="Equals (227)" classname="spec_perl_TestFloatToI_t" time="0.000143051147460938" />
    <testcase name="Equals (228)" classname="spec_perl_TestFloatToI_t" time="0.000128030776977539" />
    <testcase name="Equals (229)" classname="spec_perl_TestFloatToI_t" time="0.000128984451293945" />
  </testsuite>
  <testsuite name="spec_perl_TestSwitchManualEnum_t" errors="0" failures="0" skipped="0" tests="9" time="0.0489399433135986">
    <system-out>1..9
ok 1 - Equals
ok 2 - Equals
ok 3 - Equals
ok 4 - Equals
ok 5 - Equals
ok 6 - Equals
ok 7 - Equals
ok 8 - Equals
ok 9 - Equals
</system-out>
    <testcase name="Equals (230)" classname="spec_perl_TestSwitchManualEnum_t" time="0.000339984893798828" />
    <testcase name="Equals (231)" classname="spec_perl_TestSwitchManualEnum_t" time="8.89301300048828e-05" />
    <testcase name="Equals (232)" classname="spec_perl_TestSwitchManualEnum_t" time="0.000107049942016602" />
    <testcase name="Equals (233)" classname="spec_perl_TestSwitchManualEnum_t" time="0.000141143798828125" />
    <testcase name="Equals (234)" classname="spec_perl_TestSwitchManualEnum_t" time="0.00014495849609375" />
    <testcase name="Equals (235)" classname="spec_perl_TestSwitchManualEnum_t" time="0.00011897087097168" />
    <testcase name="Equals (236)" classname="spec_perl_TestSwitchManualEnum_t" time="0.000182867050170898" />
    <testcase name="Equals (237)" classname="spec_perl_TestSwitchManualEnum_t" time="0.000111103057861328" />
    <testcase name="Equals (238)" classname="spec_perl_TestSwitchManualEnum_t" time="0.000185966491699219" />
  </testsuite>
  <testsuite name="spec_perl_TestNonStandard_t" errors="0" failures="0" skipped="0" tests="1" time="0.0446679592132568">
    <system-out>1..1
ok 1 - Equals
</system-out>
    <testcase name="Equals (239)" classname="spec_perl_TestNonStandard_t" time="0.000251054763793945" />
  </testsuite>
  <testsuite name="spec_perl_TestDocstrings_t" errors="0" failures="0" skipped="1" tests="1" time="0.0467219352722168">
    <system-out>1..1
ok 1 # skip Docstrings=HASH(0x285f6e0)
</system-out>
    <testcase name="Unnamed test case 239" classname="spec_perl_TestDocstrings_t" time="0.00127315521240234">
      <skipped message="ok 1 # skip Docstrings=HASH(0x285f6e0)" />
    </testcase>
  </testsuite>
  <testsuite name="spec_perl_TestExpr2_t" errors="0" failures="0" skipped="0" tests="17" time="0.0532488822937012">
    <system-out>1..17
ok 1 - Equals
ok 2 - Equals
ok 3 - Equals
ok 4 - Equals
ok 5 - Equals
ok 6 - Equals
ok 7 - Equals
ok 8 - Equals
ok 9 - Equals
ok 10 - Equals
ok 11 - Equals
ok 12 - Equals
ok 13 - Equals
ok 14 - Equals
ok 15 - Equals
ok 16 - Equals
ok 17 - Equals
</system-out>
    <testcase name="Equals (240)" classname="spec_perl_TestExpr2_t" time="0.000689983367919922" />
    <testcase name="Equals (241)" classname="spec_perl_TestExpr2_t" time="0.000102043151855469" />
    <testcase name="Equals (242)" classname="spec_perl_TestExpr2_t" time="5.69820404052734e-05" />
    <testcase name="Equals (243)" classname="spec_perl_TestExpr2_t" time="0.000127077102661133" />
    <testcase name="Equals (244)" classname="spec_perl_TestExpr2_t" time="0.000154972076416016" />
    <testcase name="Equals (245)" classname="spec_perl_TestExpr2_t" time="0.000124931335449219" />
    <testcase name="Equals (246)" classname="spec_perl_TestExpr2_t" time="0.000132083892822266" />
    <testcase name="Equals (247)" classname="spec_perl_TestExpr2_t" time="0.000169038772583008" />
    <testcase name="Equals (248)" classname="spec_perl_TestExpr2_t" time="0.000176906585693359" />
    <testcase name="Equals (249)" classname="spec_perl_TestExpr2_t" time="0.000128030776977539" />
    <testcase name="Equals (250)" classname="spec_perl_TestExpr2_t" time="0.000126123428344727" />
    <testcase name="Equals (251)" classname="spec_perl_TestExpr2_t" time="0.000154972076416016" />
    <testcase name="Equals (252)" classname="spec_perl_TestExpr2_t" time="0.000123977661132812" />
    <testcase name="Equals (253)" classname="spec_perl_TestExpr2_t" time="0.000165939331054688" />
    <testcase name="Equals (254)" classname="spec_perl_TestExpr2_t" time="0.000139951705932617" />
    <testcase name="Equals (255)" classname="spec_perl_TestExpr2_t" time="0.00014805793762207" />
    <testcase name="Equals (256)" classname="spec_perl_TestExpr2_t" time="0.000128030776977539" />
  </testsuite>
  <testsuite name="spec_perl_TestStrLiterals_t" errors="0" failures="0" skipped="0" tests="5" time="0.0451099872589111">
    <system-out>1..5
ok 1 - Equals
ok 2 - Equals
ok 3 - Equals
ok 4 - Equals
ok 5 - Equals
</system-out>
    <testcase name="Equals (257)" classname="spec_perl_TestStrLiterals_t" time="0.000252008438110352" />
    <testcase name="Equals (258)" classname="spec_perl_TestStrLiterals_t" time="8.79764556884766e-05" />
    <testcase name="Equals (259)" classname="spec_perl_TestStrLiterals_t" time="0.00014495849609375" />
    <testcase name="Equals (260)" classname="spec_perl_TestStrLiterals_t" time="0.000163078308105469" />
    <testcase name="Equals (261)" classname="spec_perl_TestStrLiterals_t" time="0.000159025192260742" />
  </testsuite>
  <testsuite name="spec_perl_TestSwitchManualIntSize_t" errors="0" failures="0" skipped="0" tests="10" time="0.0503239631652832">
    <system-out>1..10
ok 1 - Equals
ok 2 - Equals
ok 3 - Equals
ok 4 - Equals
ok 5 - Equals
ok 6 - Equals
ok 7 - Equals
ok 8 - Equals
ok 9 - Equals
ok 10 - Equals
</system-out>
    <testcase name="Equals (262)" classname="spec_perl_TestSwitchManualIntSize_t" time="0.000719070434570312" />
    <testcase name="Equals (263)" classname="spec_perl_TestSwitchManualIntSize_t" time="0.00011897087097168" />
    <testcase name="Equals (264)" classname="spec_perl_TestSwitchManualIntSize_t" time="6.50882720947266e-05" />
    <testcase name="Equals (265)" classname="spec_perl_TestSwitchManualIntSize_t" time="0.000108957290649414" />
    <testcase name="Equals (266)" classname="spec_perl_TestSwitchManualIntSize_t" time="0.000142097473144531" />
    <testcase name="Equals (267)" classname="spec_perl_TestSwitchManualIntSize_t" time="0.000180959701538086" />
    <testcase name="Equals (268)" classname="spec_perl_TestSwitchManualIntSize_t" time="0.000182867050170898" />
    <testcase name="Equals (269)" classname="spec_perl_TestSwitchManualIntSize_t" time="0.000137090682983398" />
    <testcase name="Equals (270)" classname="spec_perl_TestSwitchManualIntSize_t" time="0.000173091888427734" />
    <testcase name="Equals (271)" classname="spec_perl_TestSwitchManualIntSize_t" time="0.000128984451293945" />
  </testsuite>
  <testsuite name="spec_perl_TestPositionInSeq_t" errors="0" failures="0" skipped="0" tests="1" time="0.0448629856109619">
    <system-out>1..1
ok 1 - Equals
</system-out>
    <testcase name="Equals (272)" classname="spec_perl_TestPositionInSeq_t" time="0.000277996063232422" />
  </testsuite>
  <testsuite name="spec_perl_TestBcdUserTypeBe_t" errors="0" failures="0" skipped="0" tests="6" time="0.0505859851837158">
    <system-out>1..6
ok 1 - Equals
ok 2 - Equals
ok 3 - Equals
ok 4 - Equals
ok 5 - Equals
ok 6 - Equals
</system-out>
    <testcase name="Equals (273)" classname="spec_perl_TestBcdUserTypeBe_t" time="0.00074005126953125" />
    <testcase name="Equals (274)" classname="spec_perl_TestBcdUserTypeBe_t" time="0.000126123428344727" />
    <testcase name="Equals (275)" classname="spec_perl_TestBcdUserTypeBe_t" time="0.000120878219604492" />
    <testcase name="Equals (276)" classname="spec_perl_TestBcdUserTypeBe_t" time="0.000174999237060547" />
    <testcase name="Equals (277)" classname="spec_perl_TestBcdUserTypeBe_t" time="0.000185966491699219" />
    <testcase name="Equals (278)" classname="spec_perl_TestBcdUserTypeBe_t" time="0.000179052352905273" />
  </testsuite>
  <testsuite name="spec_perl_TestValidNotParsedIf_t" errors="1" failures="0" skipped="0" tests="0" time="0.0448710918426514">
    <system-out></system-out>
    <testcase name="Test died too soon, even before plan. (278)" classname="spec_perl_TestValidNotParsedIf_t" time="0.0448710918426514">
      <failure message="The test suite died before a plan was produced. You need to have a plan." type="Plan">No plan</failure>
    </testcase>
  </testsuite>
  <testsuite name="spec_perl_TestTypeTernary_t" errors="0" failures="0" skipped="0" tests="1" time="0.0460560321807861">
    <system-out>1..1
ok 1 - Equals
</system-out>
    <testcase name="Equals (279)" classname="spec_perl_TestTypeTernary_t" time="0.000540018081665039" />
  </testsuite>
  <testsuite name="spec_perl_TestDefaultEndianExprInherited_t" errors="0" failures="0" skipped="0" tests="15" time="0.0478630065917969">
    <system-out>1..15
ok 1 - Equals
ok 2 - Equals
ok 3 - Equals
ok 4 - Equals
ok 5 - Equals
ok 6 - Equals
ok 7 - Equals
ok 8 - Equals
ok 9 - Equals
ok 10 - Equals
ok 11 - Equals
ok 12 - Equals
ok 13 - Equals
ok 14 - Equals
ok 15 - Equals
</system-out>
    <testcase name="Equals (280)" classname="spec_perl_TestDefaultEndianExprInherited_t" time="0.000341892242431641" />
    <testcase name="Equals (281)" classname="spec_perl_TestDefaultEndianExprInherited_t" time="0.000137090682983398" />
    <testcase name="Equals (282)" classname="spec_perl_TestDefaultEndianExprInherited_t" time="7.20024108886719e-05" />
    <testcase name="Equals (283)" classname="spec_perl_TestDefaultEndianExprInherited_t" time="0.00014805793762207" />
    <testcase name="Equals (284)" classname="spec_perl_TestDefaultEndianExprInherited_t" time="0.000157833099365234" />
    <testcase name="Equals (285)" classname="spec_perl_TestDefaultEndianExprInherited_t" time="0.000112056732177734" />
    <testcase name="Equals (286)" classname="spec_perl_TestDefaultEndianExprInherited_t" time="0.00014495849609375" />
    <testcase name="Equals (287)" classname="spec_perl_TestDefaultEndianExprInherited_t" time="0.000116109848022461" />
    <testcase name="Equals (288)" classname="spec_perl_TestDefaultEndianExprInherited_t" time="0.000144004821777344" />
    <testcase name="Equals (289)" classname="spec_perl_TestDefaultEndianExprInherited_t" time="0.000155925750732422" />
    <testcase name="Equals (290)" classname="spec_perl_TestDefaultEndianExprInherited_t" time="0.000118017196655273" />
    <testcase name="Equals (291)" classname="spec_perl_TestDefaultEndianExprInherited_t" time="0.000143051147460938" />
    <testcase name="Equals (292)" classname="spec_perl_TestDefaultEndianExprInherited_t" time="0.000149011611938477" />
    <testcase name="Equals (293)" classname="spec_perl_TestDefaultEndianExprInherited_t" time="0.000121831893920898" />
    <testcase name="Equals (294)" classname="spec_perl_TestDefaultEndianExprInherited_t" time="0.000158071517944336" />
  </testsuite>
  <testsuite name="spec_perl_TestExprSizeofType0_t" errors="0" failures="0" skipped="0" tests="1" time="0.0540599822998047">
    <system-out>1..1
ok 1 - Equals
</system-out>
    <testcase name="Equals (295)" classname="spec_perl_TestExprSizeofType0_t" time="0.000221967697143555" />
  </testsuite>
  <testsuite name="spec_perl_TestNavParentFalse_t" errors="0" failures="0" skipped="0" tests="5" time="0.0446491241455078">
    <system-out>1..5
ok 1 - Equals
ok 2 - Equals
ok 3 - Equals
ok 4 - Equals
ok 5 - Equals
</system-out>
    <testcase name="Equals (296)" classname="spec_perl_TestNavParentFalse_t" time="0.000326156616210938" />
    <testcase name="Equals (297)" classname="spec_perl_TestNavParentFalse_t" time="8.89301300048828e-05" />
    <testcase name="Equals (298)" classname="spec_perl_TestNavParentFalse_t" time="5.88893890380859e-05" />
    <testcase name="Equals (299)" classname="spec_perl_TestNavParentFalse_t" time="0.000154018402099609" />
    <testcase name="Equals (300)" classname="spec_perl_TestNavParentFalse_t" time="9.70363616943359e-05" />
  </testsuite>
  <testsuite name="spec_perl_TestNestedSameName_t" errors="0" failures="0" skipped="0" tests="2" time="0.0448770523071289">
    <system-out>1..2
ok 1 - Equals
ok 2 - Equals
</system-out>
    <testcase name="Equals (301)" classname="spec_perl_TestNestedSameName_t" time="0.000226974487304688" />
    <testcase name="Equals (302)" classname="spec_perl_TestNestedSameName_t" time="7.58171081542969e-05" />
  </testsuite>
  <testsuite name="spec_perl_TestNavParent2_t" errors="0" failures="0" skipped="0" tests="10" time="0.0490438938140869">
    <system-out>1..10
ok 1 - Equals
ok 2 - Equals
ok 3 - Equals
ok 4 - Equals
ok 5 - Equals
ok 6 - Equals
ok 7 - Equals
ok 8 - Equals
ok 9 - Equals
ok 10 - Equals
</system-out>
    <testcase name="Equals (303)" classname="spec_perl_TestNavParent2_t" time="0.000339031219482422" />
    <testcase name="Equals (304)" classname="spec_perl_TestNavParent2_t" time="8.79764556884766e-05" />
    <testcase name="Equals (305)" classname="spec_perl_TestNavParent2_t" time="0.000119924545288086" />
    <testcase name="Equals (306)" classname="spec_perl_TestNavParent2_t" time="0.00018000602722168" />
    <testcase name="Equals (307)" classname="spec_perl_TestNavParent2_t" time="0.0001220703125" />
    <testcase name="Equals (308)" classname="spec_perl_TestNavParent2_t" time="0.000238895416259766" />
    <testcase name="Equals (309)" classname="spec_perl_TestNavParent2_t" time="0.000108957290649414" />
    <testcase name="Equals (310)" classname="spec_perl_TestNavParent2_t" time="0.000156164169311523" />
    <testcase name="Equals (311)" classname="spec_perl_TestNavParent2_t" time="0.000138998031616211" />
    <testcase name="Equals (312)" classname="spec_perl_TestNavParent2_t" time="0.000185966491699219" />
  </testsuite>
  <testsuite name="spec_perl_TestStrPadTerm_t" errors="0" failures="0" skipped="0" tests="4" time="0.0470829010009766">
    <system-out>1..4
ok 1 - Equals
ok 2 - Equals
ok 3 - Equals
ok 4 - Equals
</system-out>
    <testcase name="Equals (313)" classname="spec_perl_TestStrPadTerm_t" time="0.000355958938598633" />
    <testcase name="Equals (314)" classname="spec_perl_TestStrPadTerm_t" time="9.29832458496094e-05" />
    <testcase name="Equals (315)" classname="spec_perl_TestStrPadTerm_t" time="5.69820404052734e-05" />
    <testcase name="Equals (316)" classname="spec_perl_TestStrPadTerm_t" time="0.000164985656738281" />
  </testsuite>
  <testsuite name="spec_perl_TestEnum0_t" errors="0" failures="0" skipped="0" tests="2" time="0.0458369255065918">
    <system-out>1..2
ok 1 - Equals
ok 2 - Equals
</system-out>
    <testcase name="Equals (317)" classname="spec_perl_TestEnum0_t" time="0.00026392936706543" />
    <testcase name="Equals (318)" classname="spec_perl_TestEnum0_t" time="7.89165496826172e-05" />
  </testsuite>
  <testsuite name="spec_perl_TestEnumLongRangeU_t" errors="0" failures="0" skipped="0" tests="4" time="0.0451390743255615">
    <system-out>1..4
ok 1 - Equals
ok 2 - Equals
ok 3 - Equals
ok 4 - Equals
</system-out>
    <testcase name="Equals (319)" classname="spec_perl_TestEnumLongRangeU_t" time="0.000256061553955078" />
    <testcase name="Equals (320)" classname="spec_perl_TestEnumLongRangeU_t" time="8.48770141601562e-05" />
    <testcase name="Equals (321)" classname="spec_perl_TestEnumLongRangeU_t" time="0.000127077102661133" />
    <testcase name="Equals (322)" classname="spec_perl_TestEnumLongRangeU_t" time="0.000138998031616211" />
  </testsuite>
  <testsuite name="spec_perl_TestIntegers_t" errors="1" failures="0" skipped="0" tests="0" time="0.0437800884246826">
    <system-out></system-out>
    <testcase name="Test died too soon, even before plan. (322)" classname="spec_perl_TestIntegers_t" time="0.0437800884246826">
      <failure message="The test suite died before a plan was produced. You need to have a plan." type="Plan">No plan</failure>
    </testcase>
  </testsuite>
  <testsuite name="spec_perl_TestStrLiterals2_t" errors="0" failures="0" skipped="0" tests="4" time="0.0449731349945068">
    <system-out>1..4
ok 1 - Equals
ok 2 - Equals
ok 3 - Equals
ok 4 - Equals
</system-out>
    <testcase name="Equals (323)" classname="spec_perl_TestStrLiterals2_t" time="0.000274896621704102" />
    <testcase name="Equals (324)" classname="spec_perl_TestStrLiterals2_t" time="9.79900360107422e-05" />
    <testcase name="Equals (325)" classname="spec_perl_TestStrLiterals2_t" time="0.000163078308105469" />
    <testcase name="Equals (326)" classname="spec_perl_TestStrLiterals2_t" time="0.000140905380249023" />
  </testsuite>
  <testsuite name="spec_perl_TestCombineBool_t" errors="0" failures="0" skipped="0" tests="2" time="0.0493259429931641">
    <system-out>1..2
ok 1 - Equals
ok 2 - Equals
</system-out>
    <testcase name="Equals (327)" classname="spec_perl_TestCombineBool_t" time="0.000310897827148438" />
    <testcase name="Equals (328)" classname="spec_perl_TestCombineBool_t" time="0.000107049942016602" />
  </testsuite>
  <testsuite name="spec_perl_TestParamsCallShort_t" errors="0" failures="3" skipped="0" tests="3" time="0.0565521717071533">
    <system-out>1..3
not ok 1 - Equals
not ok 2 - Equals
not ok 3 - Equals
</system-out>
    <testcase name="Equals (329)" classname="spec_perl_TestParamsCallShort_t" time="0.00201416015625">
      <failure message="not ok 1 - Equals" type="TAP::Parser::Result::Test"></failure>
    </testcase>
    <testcase name="Equals (330)" classname="spec_perl_TestParamsCallShort_t" time="0.00154495239257812">
      <failure message="not ok 2 - Equals" type="TAP::Parser::Result::Test"></failure>
    </testcase>
    <testcase name="Equals (331)" classname="spec_perl_TestParamsCallShort_t" time="0.00149893760681152">
      <failure message="not ok 3 - Equals" type="TAP::Parser::Result::Test"></failure>
    </testcase>
  </testsuite>
  <testsuite name="spec_perl_TestSwitchCast_t" errors="0" failures="0" skipped="0" tests="2" time="0.0463130474090576">
    <system-out>1..2
ok 1 - Equals
ok 2 - Equals
</system-out>
    <testcase name="Equals (332)" classname="spec_perl_TestSwitchCast_t" time="0.000303983688354492" />
    <testcase name="Equals (333)" classname="spec_perl_TestSwitchCast_t" time="8.392333984375e-05" />
  </testsuite>
  <testsuite name="spec_perl_TestEnum1_t" errors="0" failures="0" skipped="0" tests="2" time="0.0464980602264404">
    <system-out>1..2
ok 1 - Equals
ok 2 - Equals
</system-out>
    <testcase name="Equals (334)" classname="spec_perl_TestEnum1_t" time="0.000250101089477539" />
    <testcase name="Equals (335)" classname="spec_perl_TestEnum1_t" time="7.70092010498047e-05" />
  </testsuite>
  <testsuite name="spec_perl_TestRepeatUntilComplex_t" errors="0" failures="0" skipped="0" tests="17" time="0.0485050678253174">
    <system-out>1..17
ok 1 - Equals
ok 2 - Equals
ok 3 - Equals
ok 4 - Equals
ok 5 - Equals
ok 6 - Equals
ok 7 - Equals
ok 8 - Equals
ok 9 - Equals
ok 10 - Equals
ok 11 - Equals
ok 12 - Equals
ok 13 - Equals
ok 14 - Equals
ok 15 - Equals
ok 16 - Equals
ok 17 - Equals
</system-out>
    <testcase name="Equals (336)" classname="spec_perl_TestRepeatUntilComplex_t" time="0.000372886657714844" />
    <testcase name="Equals (337)" classname="spec_perl_TestRepeatUntilComplex_t" time="0.000214099884033203" />
    <testcase name="Equals (338)" classname="spec_perl_TestRepeatUntilComplex_t" time="0.000124931335449219" />
    <testcase name="Equals (339)" classname="spec_perl_TestRepeatUntilComplex_t" time="0.000164031982421875" />
    <testcase name="Equals (340)" classname="spec_perl_TestRepeatUntilComplex_t" time="0.000125885009765625" />
    <testcase name="Equals (341)" classname="spec_perl_TestRepeatUntilComplex_t" time="0.000377178192138672" />
    <testcase name="Equals (342)" classname="spec_perl_TestRepeatUntilComplex_t" time="8.08238983154297e-05" />
    <testcase name="Equals (343)" classname="spec_perl_TestRepeatUntilComplex_t" time="0.000128030776977539" />
    <testcase name="Equals (344)" classname="spec_perl_TestRepeatUntilComplex_t" time="0.000151157379150391" />
    <testcase name="Equals (345)" classname="spec_perl_TestRepeatUntilComplex_t" time="0.000214815139770508" />
    <testcase name="Equals (346)" classname="spec_perl_TestRepeatUntilComplex_t" time="0.000128030776977539" />
    <testcase name="Equals (347)" classname="spec_perl_TestRepeatUntilComplex_t" time="0.000147104263305664" />
    <testcase name="Equals (348)" classname="spec_perl_TestRepeatUntilComplex_t" time="0.000126838684082031" />
    <testcase name="Equals (349)" classname="spec_perl_TestRepeatUntilComplex_t" time="0.000151157379150391" />
    <testcase name="Equals (350)" classname="spec_perl_TestRepeatUntilComplex_t" time="0.000152826309204102" />
    <testcase name="Equals (351)" classname="spec_perl_TestRepeatUntilComplex_t" time="7.31945037841797e-05" />
    <testcase name="Equals (352)" classname="spec_perl_TestRepeatUntilComplex_t" time="0.000149965286254883" />
  </testsuite>
  <testsuite name="spec_perl_TestIntegersMinMax_t" errors="0" failures="0" skipped="0" tests="28" time="0.0580949783325195">
    <system-out>1..28
ok 1 - Equals
ok 2 - Equals
ok 3 - Equals
ok 4 - Equals
ok 5 - Equals
ok 6 - Equals
ok 7 - Equals
ok 8 - Equals
ok 9 - Equals
ok 10 - Equals
ok 11 - Equals
ok 12 - Equals
ok 13 - Equals
ok 14 - Equals
ok 15 - Equals
ok 16 - Equals
ok 17 - Equals
ok 18 - Equals
ok 19 - Equals
ok 20 - Equals
ok 21 - Equals
ok 22 - Equals
ok 23 - Equals
ok 24 - Equals
ok 25 - Equals
ok 26 - Equals
ok 27 - Equals
ok 28 - Equals
</system-out>
    <testcase name="Equals (353)" classname="spec_perl_TestIntegersMinMax_t" time="0.000333070755004883" />
    <testcase name="Equals (354)" classname="spec_perl_TestIntegersMinMax_t" time="8.89301300048828e-05" />
    <testcase name="Equals (355)" classname="spec_perl_TestIntegersMinMax_t" time="8.51154327392578e-05" />
    <testcase name="Equals (356)" classname="spec_perl_TestIntegersMinMax_t" time="0.000151872634887695" />
    <testcase name="Equals (357)" classname="spec_perl_TestIntegersMinMax_t" time="0.000129222869873047" />
    <testcase name="Equals (358)" classname="spec_perl_TestIntegersMinMax_t" time="0.000144004821777344" />
    <testcase name="Equals (359)" classname="spec_perl_TestIntegersMinMax_t" time="0.000119924545288086" />
    <testcase name="Equals (360)" classname="spec_perl_TestIntegersMinMax_t" time="0.000144004821777344" />
    <testcase name="Equals (361)" classname="spec_perl_TestIntegersMinMax_t" time="0.000125885009765625" />
    <testcase name="Equals (362)" classname="spec_perl_TestIntegersMinMax_t" time="0.000120162963867188" />
    <testcase name="Equals (363)" classname="spec_perl_TestIntegersMinMax_t" time="0.00014495849609375" />
    <testcase name="Equals (364)" classname="spec_perl_TestIntegersMinMax_t" time="0.000123977661132812" />
    <testcase name="Equals (365)" classname="spec_perl_TestIntegersMinMax_t" time="0.00014185905456543" />
    <testcase name="Equals (366)" classname="spec_perl_TestIntegersMinMax_t" time="0.000132083892822266" />
    <testcase name="Equals (367)" classname="spec_perl_TestIntegersMinMax_t" time="0.000142097473144531" />
    <testcase name="Equals (368)" classname="spec_perl_TestIntegersMinMax_t" time="0.000124931335449219" />
    <testcase name="Equals (369)" classname="spec_perl_TestIntegersMinMax_t" time="0.000149965286254883" />
    <testcase name="Equals (370)" classname="spec_perl_TestIntegersMinMax_t" time="0.000126123428344727" />
    <testcase name="Equals (371)" classname="spec_perl_TestIntegersMinMax_t" time="0.000154972076416016" />
    <testcase name="Equals (372)" classname="spec_perl_TestIntegersMinMax_t" time="0.000113964080810547" />
    <testcase name="Equals (373)" classname="spec_perl_TestIntegersMinMax_t" time="0.000155925750732422" />
    <testcase name="Equals (374)" classname="spec_perl_TestIntegersMinMax_t" time="0.000112056732177734" />
    <testcase name="Equals (375)" classname="spec_perl_TestIntegersMinMax_t" time="0.000147104263305664" />
    <testcase name="Equals (376)" classname="spec_perl_TestIntegersMinMax_t" time="0.000125885009765625" />
    <testcase name="Equals (377)" classname="spec_perl_TestIntegersMinMax_t" time="0.000128984451293945" />
    <testcase name="Equals (378)" classname="spec_perl_TestIntegersMinMax_t" time="0.000128030776977539" />
    <testcase name="Equals (379)" classname="spec_perl_TestIntegersMinMax_t" time="0.000113964080810547" />
    <testcase name="Equals (380)" classname="spec_perl_TestIntegersMinMax_t" time="0.000138998031616211" />
  </testsuite>
  <testsuite name="spec_perl_TestIfStruct_t" errors="0" failures="0" skipped="0" tests="7" time="0.0491819381713867">
    <system-out>1..7
ok 1 - Equals
ok 2 - Equals
ok 3 - Equals
ok 4 - Equals
ok 5 - Equals
ok 6 - Equals
ok 7 - Equals
</system-out>
    <testcase name="Equals (381)" classname="spec_perl_TestIfStruct_t" time="0.000590085983276367" />
    <testcase name="Equals (382)" classname="spec_perl_TestIfStruct_t" time="0.000110864639282227" />
    <testcase name="Equals (383)" classname="spec_perl_TestIfStruct_t" time="0.000128030776977539" />
    <testcase name="Equals (384)" classname="spec_perl_TestIfStruct_t" time="0.000142097473144531" />
    <testcase name="Equals (385)" classname="spec_perl_TestIfStruct_t" time="0.000130891799926758" />
    <testcase name="Equals (386)" classname="spec_perl_TestIfStruct_t" time="0.000163078308105469" />
    <testcase name="Equals (387)" classname="spec_perl_TestIfStruct_t" time="0.000119924545288086" />
  </testsuite>
  <testsuite name="spec_perl_TestRepeatUntilSized_t" errors="0" failures="0" skipped="0" tests="7" time="0.0472121238708496">
    <system-out>1..7
ok 1 - Equals
ok 2 - Equals
ok 3 - Equals
ok 4 - Equals
ok 5 - Equals
ok 6 - Equals
ok 7 - Equals
</system-out>
    <testcase name="Equals (388)" classname="spec_perl_TestRepeatUntilSized_t" time="0.000581026077270508" />
    <testcase name="Equals (389)" classname="spec_perl_TestRepeatUntilSized_t" time="9.58442687988281e-05" />
    <testcase name="Equals (390)" classname="spec_perl_TestRepeatUntilSized_t" time="5.91278076171875e-05" />
    <testcase name="Equals (391)" classname="spec_perl_TestRepeatUntilSized_t" time="0.000113964080810547" />
    <testcase name="Equals (392)" classname="spec_perl_TestRepeatUntilSized_t" time="0.000155925750732422" />
    <testcase name="Equals (393)" classname="spec_perl_TestRepeatUntilSized_t" time="0.000135183334350586" />
    <testcase name="Equals (394)" classname="spec_perl_TestRepeatUntilSized_t" time="0.000130891799926758" />
  </testsuite>
  <testsuite name="spec_perl_TestExprCalcArrayOps_t" errors="0" failures="1" skipped="17" tests="18" time="0.0730240345001221">
    <system-out>1..18
not ok 1 - test_expr_calc_array_ops died (Can't use string (&quot;1000&quot;) as an ARRAY ref while &quot;strict refs&quot; in use at compiled/perl/ExprCalcArrayOps.pm line 50.)
ok 2 # skip test_expr_calc_array_ops died
ok 3 # skip test_expr_calc_array_ops died
ok 4 # skip test_expr_calc_array_ops died
ok 5 # skip test_expr_calc_array_ops died
ok 6 # skip test_expr_calc_array_ops died
ok 7 # skip test_expr_calc_array_ops died
ok 8 # skip test_expr_calc_array_ops died
ok 9 # skip test_expr_calc_array_ops died
ok 10 # skip test_expr_calc_array_ops died
ok 11 # skip test_expr_calc_array_ops died
ok 12 # skip test_expr_calc_array_ops died
ok 13 # skip test_expr_calc_array_ops died
ok 14 # skip test_expr_calc_array_ops died
ok 15 # skip test_expr_calc_array_ops died
ok 16 # skip test_expr_calc_array_ops died
ok 17 # skip test_expr_calc_array_ops died
ok 18 # skip test_expr_calc_array_ops died
</system-out>
    <testcase name="test_expr_calc_array_ops died (Can't use string (&quot;1000&quot;) as an ARRAY ref while &quot;strict refs&quot; in use at compiled/perl/ExprCalcArrayOps.pm line 50.) (394)" classname="spec_perl_TestExprCalcArrayOps_t" time="0.00112104415893555">
      <failure message="not ok 1 - test_expr_calc_array_ops died (Can't use string (&quot;1000&quot;) as an ARRAY ref while &quot;strict refs&quot; in use at compiled/perl/ExprCalcArrayOps.pm line 50.)" type="TAP::Parser::Result::Test"></failure>
    </testcase>
    <testcase name="Unnamed test case 394" classname="spec_perl_TestExprCalcArrayOps_t" time="0.00117087364196777">
      <skipped message="ok 2 # skip test_expr_calc_array_ops died" />
    </testcase>
    <testcase name="Unnamed test case 395" classname="spec_perl_TestExprCalcArrayOps_t" time="0.000442028045654297">
      <skipped message="ok 3 # skip test_expr_calc_array_ops died" />
    </testcase>
    <testcase name="Unnamed test case 396" classname="spec_perl_TestExprCalcArrayOps_t" time="0.000401020050048828">
      <skipped message="ok 4 # skip test_expr_calc_array_ops died" />
    </testcase>
    <testcase name="Unnamed test case 397" classname="spec_perl_TestExprCalcArrayOps_t" time="0.000405073165893555">
      <skipped message="ok 5 # skip test_expr_calc_array_ops died" />
    </testcase>
    <testcase name="Unnamed test case 398" classname="spec_perl_TestExprCalcArrayOps_t" time="0.000360012054443359">
      <skipped message="ok 6 # skip test_expr_calc_array_ops died" />
    </testcase>
    <testcase name="Unnamed test case 399" classname="spec_perl_TestExprCalcArrayOps_t" time="0.000412940979003906">
      <skipped message="ok 7 # skip test_expr_calc_array_ops died" />
    </testcase>
    <testcase name="Unnamed test case 400" classname="spec_perl_TestExprCalcArrayOps_t" time="0.00037693977355957">
      <skipped message="ok 8 # skip test_expr_calc_array_ops died" />
    </testcase>
    <testcase name="Unnamed test case 401" classname="spec_perl_TestExprCalcArrayOps_t" time="0.000427007675170898">
      <skipped message="ok 9 # skip test_expr_calc_array_ops died" />
    </testcase>
    <testcase name="Unnamed test case 402" classname="spec_perl_TestExprCalcArrayOps_t" time="0.000402927398681641">
      <skipped message="ok 10 # skip test_expr_calc_array_ops died" />
    </testcase>
    <testcase name="Unnamed test case 403" classname="spec_perl_TestExprCalcArrayOps_t" time="0.000375032424926758">
      <skipped message="ok 11 # skip test_expr_calc_array_ops died" />
    </testcase>
    <testcase name="Unnamed test case 404" classname="spec_perl_TestExprCalcArrayOps_t" time="0.000462055206298828">
      <skipped message="ok 12 # skip test_expr_calc_array_ops died" />
    </testcase>
    <testcase name="Unnamed test case 405" classname="spec_perl_TestExprCalcArrayOps_t" time="0.000374078750610352">
      <skipped message="ok 13 # skip test_expr_calc_array_ops died" />
    </testcase>
    <testcase name="Unnamed test case 406" classname="spec_perl_TestExprCalcArrayOps_t" time="0.000422000885009766">
      <skipped message="ok 14 # skip test_expr_calc_array_ops died" />
    </testcase>
    <testcase name="Unnamed test case 407" classname="spec_perl_TestExprCalcArrayOps_t" time="0.000375986099243164">
      <skipped message="ok 15 # skip test_expr_calc_array_ops died" />
    </testcase>
    <testcase name="Unnamed test case 408" classname="spec_perl_TestExprCalcArrayOps_t" time="0.00043797492980957">
      <skipped message="ok 16 # skip test_expr_calc_array_ops died" />
    </testcase>
    <testcase name="Unnamed test case 409" classname="spec_perl_TestExprCalcArrayOps_t" time="0.000365018844604492">
      <skipped message="ok 17 # skip test_expr_calc_array_ops died" />
    </testcase>
    <testcase name="Unnamed test case 410" classname="spec_perl_TestExprCalcArrayOps_t" time="0.000368833541870117">
      <skipped message="ok 18 # skip test_expr_calc_array_ops died" />
    </testcase>
  </testsuite>
  <testsuite name="spec_perl_TestProcessXorConst_t" errors="0" failures="0" skipped="0" tests="2" time="0.0458478927612305">
    <system-out>1..2
ok 1 - Equals
ok 2 - Equals
</system-out>
    <testcase name="Equals (410)" classname="spec_perl_TestProcessXorConst_t" time="0.000269174575805664" />
    <testcase name="Equals (411)" classname="spec_perl_TestProcessXorConst_t" time="8.08238983154297e-05" />
  </testsuite>
  <testsuite name="spec_perl_TestExprArray_t" errors="0" failures="1" skipped="0" tests="15" time="0.0534918308258057">
    <system-out>1..15
ok 1 - Equals
ok 2 - Equals
ok 3 - Equals
ok 4 - Equals
ok 5 - Equals
ok 6 - Equals
ok 7 - Equals
ok 8 - Equals
not ok 9 - Equals
ok 10 - Equals
ok 11 - Equals
ok 12 - Equals
ok 13 - Equals
ok 14 - Equals
ok 15 - Equals
</system-out>
    <testcase name="Equals (412)" classname="spec_perl_TestExprArray_t" time="0.000391006469726562" />
    <testcase name="Equals (413)" classname="spec_perl_TestExprArray_t" time="9.70363616943359e-05" />
    <testcase name="Equals (414)" classname="spec_perl_TestExprArray_t" time="0.000112056732177734" />
    <testcase name="Equals (415)" classname="spec_perl_TestExprArray_t" time="0.000144004821777344" />
    <testcase name="Equals (416)" classname="spec_perl_TestExprArray_t" time="0.000136852264404297" />
    <testcase name="Equals (417)" classname="spec_perl_TestExprArray_t" time="0.000128984451293945" />
    <testcase name="Equals (418)" classname="spec_perl_TestExprArray_t" time="0.00018000602722168" />
    <testcase name="Equals (419)" classname="spec_perl_TestExprArray_t" time="0.00012516975402832" />
    <testcase name="Equals (420)" classname="spec_perl_TestExprArray_t" time="0.000233888626098633">
      <failure message="not ok 9 - Equals" type="TAP::Parser::Result::Test"></failure>
    </testcase>
    <testcase name="Equals (421)" classname="spec_perl_TestExprArray_t" time="0.0041658878326416" />
    <testcase name="Equals (422)" classname="spec_perl_TestExprArray_t" time="5.91278076171875e-05" />
    <testcase name="Equals (423)" classname="spec_perl_TestExprArray_t" time="3.29017639160156e-05" />
    <testcase name="Equals (424)" classname="spec_perl_TestExprArray_t" time="2.90870666503906e-05" />
    <testcase name="Equals (425)" classname="spec_perl_TestExprArray_t" time="3.09944152832031e-05" />
    <testcase name="Equals (426)" classname="spec_perl_TestExprArray_t" time="3.79085540771484e-05" />
  </testsuite>
  <testsuite name="spec_perl_TestEofExceptionBytes_t" errors="0" failures="0" skipped="0" tests="1" time="0.0546550750732422">
    <system-out>1..1
ok 1 - Died
</system-out>
    <testcase name="Died (426)" classname="spec_perl_TestEofExceptionBytes_t" time="0.000173091888427734" />
  </testsuite>
  <testsuite name="spec_perl_TestProcessCustom_t" errors="1" failures="0" skipped="0" tests="0" time="0.0462958812713623">
    <system-out></system-out>
    <testcase name="Test died too soon, even before plan. (426)" classname="spec_perl_TestProcessCustom_t" time="0.0462958812713623">
      <failure message="The test suite died before a plan was produced. You need to have a plan." type="Plan">No plan</failure>
    </testcase>
  </testsuite>
  <testsuite name="spec_perl_TestProcessRotate_t" errors="0" failures="0" skipped="0" tests="3" time="0.0446679592132568">
    <system-out>1..3
ok 1 - Equals
ok 2 - Equals
ok 3 - Equals
</system-out>
    <testcase name="Equals (427)" classname="spec_perl_TestProcessRotate_t" time="0.000253915786743164" />
    <testcase name="Equals (428)" classname="spec_perl_TestProcessRotate_t" time="9.89437103271484e-05" />
    <testcase name="Equals (429)" classname="spec_perl_TestProcessRotate_t" time="7.91549682617188e-05" />
  </testsuite>
  <testsuite name="spec_perl_TestIoLocalVar_t" errors="0" failures="0" skipped="0" tests="2" time="0.0454959869384766">
    <system-out>1..2
ok 1 - Equals
ok 2 - Equals
</system-out>
    <testcase name="Equals (430)" classname="spec_perl_TestIoLocalVar_t" time="0.000551939010620117" />
    <testcase name="Equals (431)" classname="spec_perl_TestIoLocalVar_t" time="0.000140905380249023" />
  </testsuite>
  <testsuite name="spec_perl_TestExprBytesLiteral_t" errors="1" failures="0" skipped="0" tests="0" time="0.0455019474029541">
    <system-out></system-out>
    <testcase name="Test died too soon, even before plan. (431)" classname="spec_perl_TestExprBytesLiteral_t" time="0.0455019474029541">
      <failure message="The test suite died before a plan was produced. You need to have a plan." type="Plan">No plan</failure>
    </testcase>
  </testsuite>
  <testsuite name="spec_perl_TestExprOpsParens_t" errors="1" failures="0" skipped="0" tests="0" time="0.0443918704986572">
    <system-out></system-out>
    <testcase name="Test died too soon, even before plan. (432)" classname="spec_perl_TestExprOpsParens_t" time="0.0443918704986572">
      <failure message="The test suite died before a plan was produced. You need to have a plan." type="Plan">No plan</failure>
    </testcase>
  </testsuite>
  <testsuite name="spec_perl_TestNestedTypes3_t" errors="0" failures="0" skipped="0" tests="5" time="0.0458588600158691">
    <system-out>1..5
ok 1 - Equals
ok 2 - Equals
ok 3 - Equals
ok 4 - Equals
ok 5 - Equals
</system-out>
    <testcase name="Equals (432)" classname="spec_perl_TestNestedTypes3_t" time="0.000273942947387695" />
    <testcase name="Equals (433)" classname="spec_perl_TestNestedTypes3_t" time="7.91549682617188e-05" />
    <testcase name="Equals (434)" classname="spec_perl_TestNestedTypes3_t" time="0.000114917755126953" />
    <testcase name="Equals (435)" classname="spec_perl_TestNestedTypes3_t" time="0.000131130218505859" />
    <testcase name="Equals (436)" classname="spec_perl_TestNestedTypes3_t" time="0.000138998031616211" />
  </testsuite>
  <testsuite name="spec_perl_TestOpaqueExternalType_t" errors="0" failures="0" skipped="0" tests="3" time="0.0479180812835693">
    <system-out>1..3
ok 1 - Equals
ok 2 - Equals
[...]
    <testcase name="Equals (688)" classname="spec_perl_TestIndexToParamExpr_t" time="0.00032496452331543" />
    <testcase name="Equals (689)" classname="spec_perl_TestIndexToParamExpr_t" time="0.000264883041381836" />
    <testcase name="Equals (690)" classname="spec_perl_TestIndexToParamExpr_t" time="0.000496149063110352">
      <failure message="not ok 6 - Equals" type="TAP::Parser::Result::Test"></failure>
    </testcase>
    <testcase name="Equals (691)" classname="spec_perl_TestIndexToParamExpr_t" time="0.000998020172119141">
      <failure message="not ok 7 - Equals" type="TAP::Parser::Result::Test"></failure>
    </testcase>
  </testsuite>
  <testsuite name="spec_perl_TestExprSizeofValueSized_t" errors="0" failures="0" skipped="0" tests="5" time="0.0487830638885498">
    <system-out>1..5
ok 1 - Equals
ok 2 - Equals
ok 3 - Equals
ok 4 - Equals
ok 5 - Equals
</system-out>
    <testcase name="Equals (692)" classname="spec_perl_TestExprSizeofValueSized_t" time="0.000626087188720703" />
    <testcase name="Equals (693)" classname="spec_perl_TestExprSizeofValueSized_t" time="0.000108003616333008" />
    <testcase name="Equals (694)" classname="spec_perl_TestExprSizeofValueSized_t" time="6.29425048828125e-05" />
    <testcase name="Equals (695)" classname="spec_perl_TestExprSizeofValueSized_t" time="0.000124931335449219" />
    <testcase name="Equals (696)" classname="spec_perl_TestExprSizeofValueSized_t" time="0.000159978866577148" />
  </testsuite>
  <testsuite name="spec_perl_TestRepeatEosBit_t" errors="0" failures="1" skipped="0" tests="1" time="0.0468831062316895">
    <system-out>1..1
not ok 1 - Equals
</system-out>
    <testcase name="Equals (697)" classname="spec_perl_TestRepeatEosBit_t" time="0.000338077545166016">
      <failure message="not ok 1 - Equals" type="TAP::Parser::Result::Test"></failure>
    </testcase>
  </testsuite>
  <testsuite name="spec_perl_TestValidSwitch_t" errors="1" failures="0" skipped="0" tests="0" time="0.0465419292449951">
    <system-out></system-out>
    <testcase name="Test died too soon, even before plan. (697)" classname="spec_perl_TestValidSwitch_t" time="0.0465419292449951">
      <failure message="The test suite died before a plan was produced. You need to have a plan." type="Plan">No plan</failure>
    </testcase>
  </testsuite>
  <testsuite name="spec_perl_TestNestedTypeParam_t" errors="0" failures="2" skipped="0" tests="2" time="0.0522449016571045">
    <system-out>1..2
not ok 1 - Equals
not ok 2 - Equals
</system-out>
    <testcase name="Equals (698)" classname="spec_perl_TestNestedTypeParam_t" time="0.00215911865234375">
      <failure message="not ok 1 - Equals" type="TAP::Parser::Result::Test"></failure>
    </testcase>
    <testcase name="Equals (699)" classname="spec_perl_TestNestedTypeParam_t" time="9.29832458496094e-05">
      <failure message="not ok 2 - Equals" type="TAP::Parser::Result::Test"></failure>
    </testcase>
  </testsuite>
  <testsuite name="spec_perl_TestEnumLongRangeS_t" errors="0" failures="0" skipped="0" tests="7" time="0.0455870628356934">
    <system-out>1..7
ok 1 - Equals
ok 2 - Equals
ok 3 - Equals
ok 4 - Equals
ok 5 - Equals
ok 6 - Equals
ok 7 - Equals
</system-out>
    <testcase name="Equals (700)" classname="spec_perl_TestEnumLongRangeS_t" time="0.000247001647949219" />
    <testcase name="Equals (701)" classname="spec_perl_TestEnumLongRangeS_t" time="9.60826873779297e-05" />
    <testcase name="Equals (702)" classname="spec_perl_TestEnumLongRangeS_t" time="0.000113010406494141" />
    <testcase name="Equals (703)" classname="spec_perl_TestEnumLongRangeS_t" time="0.000134944915771484" />
    <testcase name="Equals (704)" classname="spec_perl_TestEnumLongRangeS_t" time="0.00014495849609375" />
    <testcase name="Equals (705)" classname="spec_perl_TestEnumLongRangeS_t" time="0.000128984451293945" />
    <testcase name="Equals (706)" classname="spec_perl_TestEnumLongRangeS_t" time="0.000126123428344727" />
  </testsuite>
  <testsuite name="spec_perl_TestSwitchIntegers2_t" errors="0" failures="0" skipped="0" tests="5" time="0.0645170211791992">
    <system-out>1..5
ok 1 - Equals
ok 2 - Equals
ok 3 - Equals
ok 4 - Equals
ok 5 - Equals
</system-out>
    <testcase name="Equals (707)" classname="spec_perl_TestSwitchIntegers2_t" time="0.000248193740844727" />
    <testcase name="Equals (708)" classname="spec_perl_TestSwitchIntegers2_t" time="8.79764556884766e-05" />
    <testcase name="Equals (709)" classname="spec_perl_TestSwitchIntegers2_t" time="0.000125885009765625" />
    <testcase name="Equals (710)" classname="spec_perl_TestSwitchIntegers2_t" time="0.000128984451293945" />
    <testcase name="Equals (711)" classname="spec_perl_TestSwitchIntegers2_t" time="0.000173091888427734" />
  </testsuite>
  <testsuite name="spec_perl_TestExprMod_t" errors="0" failures="0" skipped="0" tests="6" time="0.0456969738006592">
    <system-out>1..6
ok 1 - Equals
ok 2 - Equals
ok 3 - Equals
ok 4 - Equals
ok 5 - Equals
ok 6 - Equals
</system-out>
    <testcase name="Equals (712)" classname="spec_perl_TestExprMod_t" time="0.000184059143066406" />
    <testcase name="Equals (713)" classname="spec_perl_TestExprMod_t" time="7.20024108886719e-05" />
    <testcase name="Equals (714)" classname="spec_perl_TestExprMod_t" time="0.000160932540893555" />
    <testcase name="Equals (715)" classname="spec_perl_TestExprMod_t" time="0.000116109848022461" />
    <testcase name="Equals (716)" classname="spec_perl_TestExprMod_t" time="0.000163793563842773" />
    <testcase name="Equals (717)" classname="spec_perl_TestExprMod_t" time="0.000131130218505859" />
  </testsuite>
  <testsuite name="spec_perl_TestTermBytes_t" errors="0" failures="0" skipped="0" tests="3" time="0.0451560020446777">
    <system-out>1..3
ok 1 - Equals
ok 2 - Equals
ok 3 - Equals
</system-out>
    <testcase name="Equals (718)" classname="spec_perl_TestTermBytes_t" time="0.000261068344116211" />
    <testcase name="Equals (719)" classname="spec_perl_TestTermBytes_t" time="0.000114917755126953" />
    <testcase name="Equals (720)" classname="spec_perl_TestTermBytes_t" time="9.918212890625e-05" />
  </testsuite>
  <testsuite name="spec_perl_TestImports0_t" errors="0" failures="0" skipped="0" tests="3" time="0.0449819564819336">
    <system-out>1..3
ok 1 - Equals
ok 2 - Equals
ok 3 - Equals
</system-out>
    <testcase name="Equals (721)" classname="spec_perl_TestImports0_t" time="0.000262022018432617" />
    <testcase name="Equals (722)" classname="spec_perl_TestImports0_t" time="9.39369201660156e-05" />
    <testcase name="Equals (723)" classname="spec_perl_TestImports0_t" time="0.000120878219604492" />
  </testsuite>
  <testsuite name="spec_perl_TestParamsPassArrayInt_t" errors="0" failures="1" skipped="6" tests="7" time="0.0492959022521973">
    <system-out>1..7
not ok 1 - test_params_pass_array_int died (Can't use an undefined value as an ARRAY reference at spec/perl/TestParamsPassArrayInt.t line 15.)
ok 2 # skip test_params_pass_array_int died
ok 3 # skip test_params_pass_array_int died
ok 4 # skip test_params_pass_array_int died
ok 5 # skip test_params_pass_array_int died
ok 6 # skip test_params_pass_array_int died
ok 7 # skip test_params_pass_array_int died
</system-out>
    <testcase name="test_params_pass_array_int died (Can't use an undefined value as an ARRAY reference at spec/perl/TestParamsPassArrayInt.t line 15.) (723)" classname="spec_perl_TestParamsPassArrayInt_t" time="0.000330924987792969">
      <failure message="not ok 1 - test_params_pass_array_int died (Can't use an undefined value as an ARRAY reference at spec/perl/TestParamsPassArrayInt.t line 15.)" type="TAP::Parser::Result::Test"></failure>
    </testcase>
    <testcase name="Unnamed test case 723" classname="spec_perl_TestParamsPassArrayInt_t" time="0.00181293487548828">
      <skipped message="ok 2 # skip test_params_pass_array_int died" />
    </testcase>
    <testcase name="Unnamed test case 724" classname="spec_perl_TestParamsPassArrayInt_t" time="9.29832458496094e-05">
      <skipped message="ok 3 # skip test_params_pass_array_int died" />
    </testcase>
    <testcase name="Unnamed test case 725" classname="spec_perl_TestParamsPassArrayInt_t" time="6.50882720947266e-05">
      <skipped message="ok 4 # skip test_params_pass_array_int died" />
    </testcase>
    <testcase name="Unnamed test case 726" classname="spec_perl_TestParamsPassArrayInt_t" time="0.000133037567138672">
      <skipped message="ok 5 # skip test_params_pass_array_int died" />
    </testcase>
    <testcase name="Unnamed test case 727" classname="spec_perl_TestParamsPassArrayInt_t" time="0.000119924545288086">
      <skipped message="ok 6 # skip test_params_pass_array_int died" />
    </testcase>
    <testcase name="Unnamed test case 728" classname="spec_perl_TestParamsPassArrayInt_t" time="0.000163078308105469">
      <skipped message="ok 7 # skip test_params_pass_array_int died" />
    </testcase>
  </testsuite>
  <testsuite name="spec_perl_TestEnumToIClassBorder1_t" errors="0" failures="1" skipped="0" tests="3" time="0.0480029582977295">
    <system-out>1..3
ok 1 - Equals
ok 2 - Equals
not ok 3 - test_enum_to_i_class_border_1 died (Can't call method &quot;some_dog&quot; on an undefined value at compiled/perl/EnumToIClassBorder2.pm line 42.)
</system-out>
    <testcase name="Equals (728)" classname="spec_perl_TestEnumToIClassBorder1_t" time="0.000221967697143555" />
    <testcase name="Equals (729)" classname="spec_perl_TestEnumToIClassBorder1_t" time="7.60555267333984e-05" />
    <testcase name="test_enum_to_i_class_border_1 died (Can't call method &quot;some_dog&quot; on an undefined value at compiled/perl/EnumToIClassBorder2.pm line 42.) (729)" classname="spec_perl_TestEnumToIClassBorder1_t" time="0.000274896621704102">
      <failure message="not ok 3 - test_enum_to_i_class_border_1 died (Can't call method &quot;some_dog&quot; on an undefined value at compiled/perl/EnumToIClassBorder2.pm line 42.)" type="TAP::Parser::Result::Test"></failure>
    </testcase>
  </testsuite>
  <testsuite name="spec_perl_TestDebugEnumName_t" errors="1" failures="0" skipped="0" tests="0" time="0.0445780754089355">
    <system-out></system-out>
    <testcase name="Test died too soon, even before plan. (729)" classname="spec_perl_TestDebugEnumName_t" time="0.0445780754089355">
      <failure message="The test suite died before a plan was produced. You need to have a plan." type="Plan">No plan</failure>
    </testcase>
  </testsuite>
  <testsuite name="spec_perl_TestInstanceStdArray_t" errors="0" failures="0" skipped="0" tests="7" time="0.0468108654022217">
    <system-out>1..7
ok 1 - Equals
ok 2 - Equals
ok 3 - Equals
ok 4 - Equals
ok 5 - Equals
ok 6 - Equals
ok 7 - Equals
</system-out>
    <testcase name="Equals (730)" classname="spec_perl_TestInstanceStdArray_t" time="0.000340938568115234" />
    <testcase name="Equals (731)" classname="spec_perl_TestInstanceStdArray_t" time="9.10758972167969e-05" />
    <testcase name="Equals (732)" classname="spec_perl_TestInstanceStdArray_t" time="5.69820404052734e-05" />
    <testcase name="Equals (733)" classname="spec_perl_TestInstanceStdArray_t" time="0.000182867050170898" />
    <testcase name="Equals (734)" classname="spec_perl_TestInstanceStdArray_t" time="0.000124931335449219" />
    <testcase name="Equals (735)" classname="spec_perl_TestInstanceStdArray_t" time="0.000131130218505859" />
    <testcase name="Equals (736)" classname="spec_perl_TestInstanceStdArray_t" time="0.000153064727783203" />
  </testsuite>
  <testsuite name="spec_perl_TestNavParentSwitch_t" errors="0" failures="0" skipped="0" tests="3" time="0.0448579788208008">
    <system-out>1..3
ok 1 - Equals
ok 2 - Equals
ok 3 - Equals
</system-out>
    <testcase name="Equals (737)" classname="spec_perl_TestNavParentSwitch_t" time="0.000279903411865234" />
    <testcase name="Equals (738)" classname="spec_perl_TestNavParentSwitch_t" time="8.20159912109375e-05" />
    <testcase name="Equals (739)" classname="spec_perl_TestNavParentSwitch_t" time="0.000123023986816406" />
  </testsuite>
  <testsuite name="spec_perl_TestStrEos_t" errors="0" failures="0" skipped="0" tests="1" time="0.0477030277252197">
    <system-out>1..1
ok 1 - Equals
</system-out>
    <testcase name="Equals (740)" classname="spec_perl_TestStrEos_t" time="0.000319957733154297" />
  </testsuite>
  <testsuite name="spec_perl_TestProcessToUser_t" errors="0" failures="0" skipped="0" tests="1" time="0.0487148761749268">
    <system-out>1..1
ok 1 - Equals
</system-out>
    <testcase name="Equals (741)" classname="spec_perl_TestProcessToUser_t" time="0.000622987747192383" />
  </testsuite>
  <testsuite name="spec_perl_TestSwitchIntegers_t" errors="0" failures="0" skipped="0" tests="9" time="0.0702409744262695">
    <system-out>1..9
ok 1 - Equals
ok 2 - Equals
ok 3 - Equals
ok 4 - Equals
ok 5 - Equals
ok 6 - Equals
ok 7 - Equals
ok 8 - Equals
ok 9 - Equals
</system-out>
    <testcase name="Equals (742)" classname="spec_perl_TestSwitchIntegers_t" time="0.000688076019287109" />
    <testcase name="Equals (743)" classname="spec_perl_TestSwitchIntegers_t" time="0.000340938568115234" />
    <testcase name="Equals (744)" classname="spec_perl_TestSwitchIntegers_t" time="0.000291109085083008" />
    <testcase name="Equals (745)" classname="spec_perl_TestSwitchIntegers_t" time="0.000288963317871094" />
    <testcase name="Equals (746)" classname="spec_perl_TestSwitchIntegers_t" time="0.000294923782348633" />
    <testcase name="Equals (747)" classname="spec_perl_TestSwitchIntegers_t" time="0.000282049179077148" />
    <testcase name="Equals (748)" classname="spec_perl_TestSwitchIntegers_t" time="0.000279903411865234" />
    <testcase name="Equals (749)" classname="spec_perl_TestSwitchIntegers_t" time="0.000293970108032227" />
    <testcase name="Equals (750)" classname="spec_perl_TestSwitchIntegers_t" time="0.000240087509155273" />
  </testsuite>
  <testsuite name="spec_perl_TestBitsByteAligned_t" errors="0" failures="0" skipped="0" tests="9" time="0.0501511096954346">
    <system-out>1..9
ok 1 - Equals
ok 2 - Equals
ok 3 - Equals
ok 4 - Equals
ok 5 - Equals
ok 6 - Equals
ok 7 - Equals
ok 8 - Equals
ok 9 - Equals
</system-out>
    <testcase name="Equals (751)" classname="spec_perl_TestBitsByteAligned_t" time="0.000399112701416016" />
    <testcase name="Equals (752)" classname="spec_perl_TestBitsByteAligned_t" time="0.000110864639282227" />
    <testcase name="Equals (753)" classname="spec_perl_TestBitsByteAligned_t" time="0.00015711784362793" />
    <testcase name="Equals (754)" classname="spec_perl_TestBitsByteAligned_t" time="0.000127077102661133" />
    <testcase name="Equals (755)" classname="spec_perl_TestBitsByteAligned_t" time="0.00013279914855957" />
    <testcase name="Equals (756)" classname="spec_perl_TestBitsByteAligned_t" time="0.000123977661132812" />
    <testcase name="Equals (757)" classname="spec_perl_TestBitsByteAligned_t" time="0.000123023986816406" />
    <testcase name="Equals (758)" classname="spec_perl_TestBitsByteAligned_t" time="0.000120162963867188" />
    <testcase name="Equals (759)" classname="spec_perl_TestBitsByteAligned_t" time="0.000121831893920898" />
  </testsuite>
  <testsuite name="spec_perl_TestEnumDeepLiterals_t" errors="0" failures="0" skipped="0" tests="2" time="0.0456979274749756">
    <system-out>1..2
ok 1 - Equals
ok 2 - Equals
</system-out>
    <testcase name="Equals (760)" classname="spec_perl_TestEnumDeepLiterals_t" time="0.000247001647949219" />
    <testcase name="Equals (761)" classname="spec_perl_TestEnumDeepLiterals_t" time="7.82012939453125e-05" />
  </testsuite>
  <testsuite name="spec_perl_TestSwitchManualIntSizeEos_t" errors="0" failures="0" skipped="0" tests="10" time="0.049813985824585">
    <system-out>1..10
ok 1 - Equals
ok 2 - Equals
ok 3 - Equals
ok 4 - Equals
ok 5 - Equals
ok 6 - Equals
ok 7 - Equals
ok 8 - Equals
ok 9 - Equals
ok 10 - Equals
</system-out>
    <testcase name="Equals (762)" classname="spec_perl_TestSwitchManualIntSizeEos_t" time="0.000723838806152344" />
    <testcase name="Equals (763)" classname="spec_perl_TestSwitchManualIntSizeEos_t" time="9.79900360107422e-05" />
    <testcase name="Equals (764)" classname="spec_perl_TestSwitchManualIntSizeEos_t" time="5.81741333007812e-05" />
    <testcase name="Equals (765)" classname="spec_perl_TestSwitchManualIntSizeEos_t" time="0.000155925750732422" />
    <testcase name="Equals (766)" classname="spec_perl_TestSwitchManualIntSizeEos_t" time="0.000135898590087891" />
    <testcase name="Equals (767)" classname="spec_perl_TestSwitchManualIntSizeEos_t" time="0.000167131423950195" />
    <testcase name="Equals (768)" classname="spec_perl_TestSwitchManualIntSizeEos_t" time="0.000143051147460938" />
    <testcase name="Equals (769)" classname="spec_perl_TestSwitchManualIntSizeEos_t" time="0.000131845474243164" />
    <testcase name="Equals (770)" classname="spec_perl_TestSwitchManualIntSizeEos_t" time="0.00014495849609375" />
    <testcase name="Equals (771)" classname="spec_perl_TestSwitchManualIntSizeEos_t" time="0.0001220703125" />
  </testsuite>
  <testsuite name="spec_perl_TestTypeTernaryOpaque_t" errors="0" failures="0" skipped="0" tests="3" time="0.0490901470184326">
    <system-out>1..3
ok 1 - Equals
ok 2 - Equals
ok 3 - Equals
</system-out>
    <testcase name="Equals (772)" classname="spec_perl_TestTypeTernaryOpaque_t" time="0.000594854354858398" />
    <testcase name="Equals (773)" classname="spec_perl_TestTypeTernaryOpaque_t" time="0.000120162963867188" />
    <testcase name="Equals (774)" classname="spec_perl_TestTypeTernaryOpaque_t" time="5.98430633544922e-05" />
  </testsuite>
  <testsuite name="spec_perl_TestExprBytesOps_t" errors="1" failures="0" skipped="0" tests="0" time="0.0453372001647949">
    <system-out></system-out>
    <testcase name="Test died too soon, even before plan. (774)" classname="spec_perl_TestExprBytesOps_t" time="0.0453372001647949">
      <failure message="The test suite died before a plan was produced. You need to have a plan." type="Plan">No plan</failure>
    </testcase>
  </testsuite>
  <testsuite name="spec_perl_TestJsSignedRightShift_t" errors="0" failures="0" skipped="0" tests="2" time="0.0446369647979736">
    <system-out>1..2
ok 1 - Equals
ok 2 - Equals
</system-out>
    <testcase name="Equals (775)" classname="spec_perl_TestJsSignedRightShift_t" time="0.000244140625" />
    <testcase name="Equals (776)" classname="spec_perl_TestJsSignedRightShift_t" time="9.58442687988281e-05" />
  </testsuite>
  <testsuite name="spec_perl_TestRepeatNStrzDouble_t" errors="0" failures="0" skipped="0" tests="3" time="0.0488770008087158">
    <system-out>1..3
ok 1 - Equals
ok 2 - Equals
ok 3 - Equals
</system-out>
    <testcase name="Equals (777)" classname="spec_perl_TestRepeatNStrzDouble_t" time="0.000370979309082031" />
    <testcase name="Equals (778)" classname="spec_perl_TestRepeatNStrzDouble_t" time="9.89437103271484e-05" />
    <testcase name="Equals (779)" classname="spec_perl_TestRepeatNStrzDouble_t" time="0.000146865844726562" />
  </testsuite>
  <testsuite name="spec_perl_TestEnumFancy_t" errors="0" failures="0" skipped="0" tests="2" time="0.0445189476013184">
    <system-out>1..2
ok 1 - Equals
ok 2 - Equals
</system-out>
    <testcase name="Equals (780)" classname="spec_perl_TestEnumFancy_t" time="0.000200986862182617" />
    <testcase name="Equals (781)" classname="spec_perl_TestEnumFancy_t" time="0.000114917755126953" />
  </testsuite>
  <testsuite name="spec_perl_TestExprSizeofType1_t" errors="0" failures="0" skipped="0" tests="2" time="0.045525074005127">
    <system-out>1..2
ok 1 - Equals
ok 2 - Equals
</system-out>
    <testcase name="Equals (782)" classname="spec_perl_TestExprSizeofType1_t" time="0.000261068344116211" />
    <testcase name="Equals (783)" classname="spec_perl_TestExprSizeofType1_t" time="0.000100851058959961" />
  </testsuite>
</testsuites>
