<?xml version='1.0' encoding='utf-8'?>
<testsuites>
  <testsuite name="spec_perl_TestSwitchIntegers_t" errors="0" failures="0" skipped="0" tests="9" time="0.052541971206665">
    <system-out>1..9
ok 1 - Equals
ok 2 - Equals
ok 3 - Equals
ok 4 - Equals
ok 5 - Equals
ok 6 - Equals
ok 7 - Equals
ok 8 - Equals
ok 9 - Equals
</system-out>
    <testcase name="Equals" classname="spec_perl_TestSwitchIntegers_t" time="0.000298976898193359" />
    <testcase name="Equals (2)" classname="spec_perl_TestSwitchIntegers_t" time="9.10758972167969e-05" />
    <testcase name="Equals (3)" classname="spec_perl_TestSwitchIntegers_t" time="0.000188112258911133" />
    <testcase name="Equals (4)" classname="spec_perl_TestSwitchIntegers_t" time="0.000157833099365234" />
    <testcase name="Equals (5)" classname="spec_perl_TestSwitchIntegers_t" time="0.000185966491699219" />
    <testcase name="Equals (6)" classname="spec_perl_TestSwitchIntegers_t" time="0.000168085098266602" />
    <testcase name="Equals (7)" classname="spec_perl_TestSwitchIntegers_t" time="0.000174999237060547" />
    <testcase name="Equals (8)" classname="spec_perl_TestSwitchIntegers_t" time="0.00017094612121582" />
    <testcase name="Equals (9)" classname="spec_perl_TestSwitchIntegers_t" time="0.000195026397705078" />
  </testsuite>
  <testsuite name="spec_perl_TestProcessCoerceUsertype1_t" errors="0" failures="0" skipped="0" tests="4" time="0.0513050556182861">
    <system-out>1..4
ok 1 - Equals
ok 2 - Equals
ok 3 - Equals
ok 4 - Equals
</system-out>
    <testcase name="Equals (10)" classname="spec_perl_TestProcessCoerceUsertype1_t" time="0.000507116317749023" />
    <testcase name="Equals (11)" classname="spec_perl_TestProcessCoerceUsertype1_t" time="9.98973846435547e-05" />
    <testcase name="Equals (12)" classname="spec_perl_TestProcessCoerceUsertype1_t" time="0.000150918960571289" />
    <testcase name="Equals (13)" classname="spec_perl_TestProcessCoerceUsertype1_t" time="0.000176191329956055" />
  </testsuite>
  <testsuite name="spec_perl_TestEnum1_t" errors="0" failures="0" skipped="0" tests="2" time="0.0509388446807861">
    <system-out>1..2
ok 1 - Equals
ok 2 - Equals
</system-out>
    <testcase name="Equals (14)" classname="spec_perl_TestEnum1_t" time="0.000272989273071289" />
    <testcase name="Equals (15)" classname="spec_perl_TestEnum1_t" time="9.79900360107422e-05" />
  </testsuite>
  <testsuite name="spec_perl_TestBufferedStruct_t" errors="0" failures="0" skipped="0" tests="7" time="0.0522720813751221">
    <system-out>1..7
ok 1 - Equals
ok 2 - Equals
ok 3 - Equals
ok 4 - Equals
ok 5 - Equals
ok 6 - Equals
ok 7 - Equals
</system-out>
    <testcase name="Equals (16)" classname="spec_perl_TestBufferedStruct_t" time="0.000587940216064453" />
    <testcase name="Equals (17)" classname="spec_perl_TestBufferedStruct_t" time="0.000100135803222656" />
    <testcase name="Equals (18)" classname="spec_perl_TestBufferedStruct_t" time="0.000120878219604492" />
    <testcase name="Equals (19)" classname="spec_perl_TestBufferedStruct_t" time="0.000165939331054688" />
    <testcase name="Equals (20)" classname="spec_perl_TestBufferedStruct_t" time="0.000163078308105469" />
    <testcase name="Equals (21)" classname="spec_perl_TestBufferedStruct_t" time="0.000169038772583008" />
    <testcase name="Equals (22)" classname="spec_perl_TestBufferedStruct_t" time="0.000180959701538086" />
  </testsuite>
  <testsuite name="spec_perl_TestValidShort_t" errors="0" failures="0" skipped="1" tests="1" time="0.0609359741210938">
    <system-out>1..1
ok 1 # skip ValidShort=HASH(0x55f008f06bf8)
</system-out>
    <testcase name="Unnamed test case 22" classname="spec_perl_TestValidShort_t" time="0.00124716758728027">
      <skipped message="ok 1 # skip ValidShort=HASH(0x55f008f06bf8)" />
    </testcase>
  </testsuite>
  <testsuite name="spec_perl_TestBitsUnalignedB64Le_t" errors="0" failures="0" skipped="0" tests="3" time="0.0517561435699463">
    <system-out>1..3
ok 1 - Equals
ok 2 - Equals
ok 3 - Equals
</system-out>
    <testcase name="Equals (23)" classname="spec_perl_TestBitsUnalignedB64Le_t" time="0.000261068344116211" />
    <testcase name="Equals (24)" classname="spec_perl_TestBitsUnalignedB64Le_t" time="9.98973846435547e-05" />
    <testcase name="Equals (25)" classname="spec_perl_TestBitsUnalignedB64Le_t" time="0.000202178955078125" />
  </testsuite>
  <testsuite name="spec_perl_TestBitsByteAligned_t" errors="0" failures="0" skipped="0" tests="9" time="0.0527000427246094">
    <system-out>1..9
ok 1 - Equals
ok 2 - Equals
ok 3 - Equals
ok 4 - Equals
ok 5 - Equals
ok 6 - Equals
ok 7 - Equals
ok 8 - Equals
ok 9 - Equals
</system-out>
    <testcase name="Equals (26)" classname="spec_perl_TestBitsByteAligned_t" time="0.000314950942993164" />
    <testcase name="Equals (27)" classname="spec_perl_TestBitsByteAligned_t" time="0.000107049942016602" />
    <testcase name="Equals (28)" classname="spec_perl_TestBitsByteAligned_t" time="0.000185966491699219" />
    <testcase name="Equals (29)" classname="spec_perl_TestBitsByteAligned_t" time="0.000153064727783203" />
    <testcase name="Equals (30)" classname="spec_perl_TestBitsByteAligned_t" time="0.000168800354003906" />
    <testcase name="Equals (31)" classname="spec_perl_TestBitsByteAligned_t" time="0.000179052352905273" />
    <testcase name="Equals (32)" classname="spec_perl_TestBitsByteAligned_t" time="0.000159978866577148" />
    <testcase name="Equals (33)" classname="spec_perl_TestBitsByteAligned_t" time="0.000169992446899414" />
    <testcase name="Equals (34)" classname="spec_perl_TestBitsByteAligned_t" time="0.000167131423950195" />
  </testsuite>
  <testsuite name="spec_perl_TestIndexToParamEos_t" errors="0" failures="2" skipped="0" tests="7" time="0.0741190910339355">
    <system-out>1..7
ok 1 - Equals
ok 2 - Equals
ok 3 - Equals
ok 4 - Equals
ok 5 - Equals
not ok 6 - Equals
not ok 7 - Equals
</system-out>
    <testcase name="Equals (35)" classname="spec_perl_TestIndexToParamEos_t" time="0.00915098190307617" />
    <testcase name="Equals (36)" classname="spec_perl_TestIndexToParamEos_t" time="0.00119400024414062" />
    <testcase name="Equals (37)" classname="spec_perl_TestIndexToParamEos_t" time="9.48905944824219e-05" />
    <testcase name="Equals (38)" classname="spec_perl_TestIndexToParamEos_t" time="5.41210174560547e-05" />
    <testcase name="Equals (39)" classname="spec_perl_TestIndexToParamEos_t" time="6.98566436767578e-05" />
    <testcase name="Equals (40)" classname="spec_perl_TestIndexToParamEos_t" time="0.00282597541809082">
      <failure message="not ok 6 - Equals" type="TAP::Parser::Result::Test"></failure>
    </testcase>
    <testcase name="Equals (41)" classname="spec_perl_TestIndexToParamEos_t" time="0.000147104263305664">
      <failure message="not ok 7 - Equals" type="TAP::Parser::Result::Test"></failure>
    </testcase>
  </testsuite>
  <testsuite name="spec_perl_TestNonStandard_t" errors="0" failures="0" skipped="0" tests="1" time="0.0535049438476562">
    <system-out>1..1
ok 1 - Equals
</system-out>
    <testcase name="Equals (42)" classname="spec_perl_TestNonStandard_t" time="0.000251054763793945" />
  </testsuite>
  <testsuite name="spec_perl_TestEnumImport_t" errors="0" failures="2" skipped="0" tests="2" time="0.0554409027099609">
    <system-out>1..2
not ok 1 - Equals
not ok 2 - Equals
</system-out>
    <testcase name="Equals (43)" classname="spec_perl_TestEnumImport_t" time="0.000669956207275391">
      <failure message="not ok 1 - Equals" type="TAP::Parser::Result::Test"></failure>
    </testcase>
    <testcase name="Equals (44)" classname="spec_perl_TestEnumImport_t" time="0.000900983810424805">
      <failure message="not ok 2 - Equals" type="TAP::Parser::Result::Test"></failure>
    </testcase>
  </testsuite>
  <testsuite name="spec_perl_TestBitsSignedResB32Le_t" errors="0" failures="0" skipped="0" tests="1" time="0.0510830879211426">
    <system-out>1..1
ok 1 - Equals
</system-out>
    <testcase name="Equals (45)" classname="spec_perl_TestBitsSignedResB32Le_t" time="0.000239849090576172" />
  </testsuite>
  <testsuite name="spec_perl_TestSwitchRepeatExpr_t" errors="0" failures="0" skipped="0" tests="3" time="0.0536861419677734">
    <system-out>1..3
ok 1 - Equals
ok 2 - Equals
ok 3 - Equals
</system-out>
    <testcase name="Equals (46)" classname="spec_perl_TestSwitchRepeatExpr_t" time="0.000520944595336914" />
    <testcase name="Equals (47)" classname="spec_perl_TestSwitchRepeatExpr_t" time="0.000101089477539062" />
    <testcase name="Equals (48)" classname="spec_perl_TestSwitchRepeatExpr_t" time="0.000135898590087891" />
  </testsuite>
  <testsuite name="spec_perl_TestCombineBool_t" errors="0" failures="0" skipped="0" tests="2" time="0.0555720329284668">
    <system-out>1..2
ok 1 - Equals
ok 2 - Equals
</system-out>
    <testcase name="Equals (49)" classname="spec_perl_TestCombineBool_t" time="0.000274181365966797" />
    <testcase name="Equals (50)" classname="spec_perl_TestCombineBool_t" time="8.20159912109375e-05" />
  </testsuite>
  <testsuite name="spec_perl_TestExprArray_t" errors="0" failures="0" skipped="0" tests="15" time="0.0572319030761719">
    <system-out>1..15
ok 1 - Equals
ok 2 - Equals
ok 3 - Equals
ok 4 - Equals
ok 5 - Equals
ok 6 - Equals
ok 7 - Approx equals
ok 8 - Approx equals
ok 9 - Approx equals
ok 10 - Approx equals
ok 11 - Equals
ok 12 - Equals
ok 13 - Equals
ok 14 - Equals
ok 15 - Equals
</system-out>
    <testcase name="Equals (51)" classname="spec_perl_TestExprArray_t" time="0.000397205352783203" />
    <testcase name="Equals (52)" classname="spec_perl_TestExprArray_t" time="0.000101804733276367" />
    <testcase name="Equals (53)" classname="spec_perl_TestExprArray_t" time="0.000162124633789062" />
    <testcase name="Equals (54)" classname="spec_perl_TestExprArray_t" time="0.000181913375854492" />
    <testcase name="Equals (55)" classname="spec_perl_TestExprArray_t" time="0.000169038772583008" />
    <testcase name="Equals (56)" classname="spec_perl_TestExprArray_t" time="0.000190973281860352" />
    <testcase name="Approx equals (56)" classname="spec_perl_TestExprArray_t" time="6.50882720947266e-05" />
    <testcase name="Approx equals (57)" classname="spec_perl_TestExprArray_t" time="5.29289245605469e-05" />
    <testcase name="Approx equals (58)" classname="spec_perl_TestExprArray_t" time="5.79357147216797e-05" />
    <testcase name="Approx equals (59)" classname="spec_perl_TestExprArray_t" time="5.10215759277344e-05" />
    <testcase name="Equals (59)" classname="spec_perl_TestExprArray_t" time="0.000198125839233398" />
    <testcase name="Equals (60)" classname="spec_perl_TestExprArray_t" time="0.000195980072021484" />
    <testcase name="Equals (61)" classname="spec_perl_TestExprArray_t" time="0.000187873840332031" />
    <testcase name="Equals (62)" classname="spec_perl_TestExprArray_t" time="0.000184059143066406" />
    <testcase name="Equals (63)" classname="spec_perl_TestExprArray_t" time="0.000175952911376953" />
  </testsuite>
  <testsuite name="spec_perl_TestStrEncodingsDefault_t" errors="0" failures="0" skipped="0" tests="4" time="0.0588779449462891">
    <system-out>1..4
ok 1 - Equals
ok 2 - Equals
ok 3 - Equals
ok 4 - Equals
</system-out>
    <testcase name="Equals (64)" classname="spec_perl_TestStrEncodingsDefault_t" time="0.00349998474121094" />
    <testcase name="Equals (65)" classname="spec_perl_TestStrEncodingsDefault_t" time="0.000113964080810547" />
    <testcase name="Equals (66)" classname="spec_perl_TestStrEncodingsDefault_t" time="7.51018524169922e-05" />
    <testcase name="Equals (67)" classname="spec_perl_TestStrEncodingsDefault_t" time="0.000207901000976562" />
  </testsuite>
  <testsuite name="spec_perl_TestExprStrEncodings_t" errors="0" failures="0" skipped="0" tests="7" time="0.0729970932006836">
    <system-out>1..7
ok 1 - Equals
ok 2 - Equals
ok 3 - Equals
ok 4 - Equals
ok 5 - Equals
ok 6 - Equals
ok 7 - Equals
</system-out>
    <testcase name="Equals (68)" classname="spec_perl_TestExprStrEncodings_t" time="0.0168039798736572" />
    <testcase name="Equals (69)" classname="spec_perl_TestExprStrEncodings_t" time="0.000153064727783203" />
    <testcase name="Equals (70)" classname="spec_perl_TestExprStrEncodings_t" time="6.60419464111328e-05" />
    <testcase name="Equals (71)" classname="spec_perl_TestExprStrEncodings_t" time="0.000138998031616211" />
    <testcase name="Equals (72)" classname="spec_perl_TestExprStrEncodings_t" time="0.000198841094970703" />
    <testcase name="Equals (73)" classname="spec_perl_TestExprStrEncodings_t" time="0.000167131423950195" />
    <testcase name="Equals (74)" classname="spec_perl_TestExprStrEncodings_t" time="0.000186920166015625" />
  </testsuite>
  <testsuite name="spec_perl_TestNavParentOverride_t" errors="0" failures="0" skipped="0" tests="3" time="0.0515410900115967">
    <system-out>1..3
ok 1 - Equals
ok 2 - Equals
ok 3 - Equals
</system-out>
    <testcase name="Equals (75)" classname="spec_perl_TestNavParentOverride_t" time="0.000277996063232422" />
    <testcase name="Equals (76)" classname="spec_perl_TestNavParentOverride_t" time="8.89301300048828e-05" />
    <testcase name="Equals (77)" classname="spec_perl_TestNavParentOverride_t" time="0.000200033187866211" />
  </testsuite>
  <testsuite name="spec_perl_TestEnumInvalid_t" errors="0" failures="0" skipped="0" tests="2" time="0.0538089275360107">
    <system-out>1..2
ok 1 - Equals
ok 2 - Equals
</system-out>
    <testcase name="Equals (78)" classname="spec_perl_TestEnumInvalid_t" time="0.0002899169921875" />
    <testcase name="Equals (79)" classname="spec_perl_TestEnumInvalid_t" time="9.29832458496094e-05" />
  </testsuite>
  <testsuite name="spec_perl_TestTypeIntUnaryOp_t" errors="0" failures="0" skipped="0" tests="4" time="0.0508959293365479">
    <system-out>1..4
ok 1 - Equals
ok 2 - Equals
ok 3 - Equals
ok 4 - Equals
</system-out>
    <testcase name="Equals (80)" classname="spec_perl_TestTypeIntUnaryOp_t" time="0.000204086303710938" />
    <testcase name="Equals (81)" classname="spec_perl_TestTypeIntUnaryOp_t" time="0.000151872634887695" />
    <testcase name="Equals (82)" classname="spec_perl_TestTypeIntUnaryOp_t" time="0.000177145004272461" />
    <testcase name="Equals (83)" classname="spec_perl_TestTypeIntUnaryOp_t" time="0.000181913375854492" />
  </testsuite>
  <testsuite name="spec_perl_TestPositionAbs_t" errors="0" failures="0" skipped="0" tests="2" time="0.0543680191040039">
    <system-out>1..2
ok 1 - Equals
ok 2 - Equals
</system-out>
    <testcase name="Equals (84)" classname="spec_perl_TestPositionAbs_t" time="0.000179052352905273" />
    <testcase name="Equals (85)" classname="spec_perl_TestPositionAbs_t" time="0.000252008438110352" />
  </testsuite>
  <testsuite name="spec_perl_TestImportsAbs_t" errors="0" failures="0" skipped="0" tests="2" time="0.0521559715270996">
    <system-out>1..2
ok 1 - Equals
ok 2 - Equals
</system-out>
    <testcase name="Equals (86)" classname="spec_perl_TestImportsAbs_t" time="0.000292062759399414" />
    <testcase name="Equals (87)" classname="spec_perl_TestImportsAbs_t" time="9.17911529541016e-05" />
  </testsuite>
  <testsuite name="spec_perl_TestIfInstances_t" errors="0" failures="0" skipped="0" tests="1" time="0.0504081249237061">
    <system-out>1..1
ok 1 - nil
</system-out>
    <testcase name="nil (87)" classname="spec_perl_TestIfInstances_t" time="0.000178098678588867" />
  </testsuite>
  <testsuite name="spec_perl_TestRepeatUntilComplex_t" errors="0" failures="0" skipped="0" tests="15" time="0.0542340278625488">
    <system-out>1..15
ok 1 - Equals
ok 2 - Equals
ok 3 - Equals
ok 4 - Equals
ok 5 - Equals
ok 6 - Equals
ok 7 - Equals
ok 8 - Equals
ok 9 - Equals
ok 10 - Equals
ok 11 - Equals
ok 12 - Equals
ok 13 - Equals
ok 14 - Equals
ok 15 - Equals
</system-out>
    <testcase name="Equals (88)" classname="spec_perl_TestRepeatUntilComplex_t" time="0.000377893447875977" />
    <testcase name="Equals (89)" classname="spec_perl_TestRepeatUntilComplex_t" time="9.39369201660156e-05" />
    <testcase name="Equals (90)" classname="spec_perl_TestRepeatUntilComplex_t" time="0.000182151794433594" />
    <testcase name="Equals (91)" classname="spec_perl_TestRepeatUntilComplex_t" time="0.000185012817382812" />
    <testcase name="Equals (92)" classname="spec_perl_TestRepeatUntilComplex_t" time="0.000125885009765625" />
    <testcase name="Equals (93)" classname="spec_perl_TestRepeatUntilComplex_t" time="0.00018310546875" />
    <testcase name="Equals (94)" classname="spec_perl_TestRepeatUntilComplex_t" time="0.00018000602722168" />
    <testcase name="Equals (95)" classname="spec_perl_TestRepeatUntilComplex_t" time="0.000189065933227539" />
    <testcase name="Equals (96)" classname="spec_perl_TestRepeatUntilComplex_t" time="0.000122785568237305" />
    <testcase name="Equals (97)" classname="spec_perl_TestRepeatUntilComplex_t" time="0.000182151794433594" />
    <testcase name="Equals (98)" classname="spec_perl_TestRepeatUntilComplex_t" time="0.000128030776977539" />
    <testcase name="Equals (99)" classname="spec_perl_TestRepeatUntilComplex_t" time="0.000180959701538086" />
    <testcase name="Equals (100)" classname="spec_perl_TestRepeatUntilComplex_t" time="0.000124931335449219" />
    <testcase name="Equals (101)" classname="spec_perl_TestRepeatUntilComplex_t" time="0.000195026397705078" />
    <testcase name="Equals (102)" classname="spec_perl_TestRepeatUntilComplex_t" time="0.000129938125610352" />
  </testsuite>
  <testsuite name="spec_perl_TestNavParent3_t" errors="0" failures="0" skipped="0" tests="10" time="0.0562801361083984">
    <system-out>1..10
ok 1 - Equals
ok 2 - Equals
ok 3 - Equals
ok 4 - Equals
ok 5 - Equals
ok 6 - Equals
ok 7 - Equals
ok 8 - Equals
ok 9 - Equals
ok 10 - Equals
</system-out>
    <testcase name="Equals (103)" classname="spec_perl_TestNavParent3_t" time="0.000257968902587891" />
    <testcase name="Equals (104)" classname="spec_perl_TestNavParent3_t" time="8.20159912109375e-05" />
    <testcase name="Equals (105)" classname="spec_perl_TestNavParent3_t" time="0.000264883041381836" />
    <testcase name="Equals (106)" classname="spec_perl_TestNavParent3_t" time="0.000147104263305664" />
    <testcase name="Equals (107)" classname="spec_perl_TestNavParent3_t" time="0.000171899795532227" />
    <testcase name="Equals (108)" classname="spec_perl_TestNavParent3_t" time="0.000215053558349609" />
    <testcase name="Equals (109)" classname="spec_perl_TestNavParent3_t" time="0.000153064727783203" />
    <testcase name="Equals (110)" classname="spec_perl_TestNavParent3_t" time="0.000195980072021484" />
    <testcase name="Equals (111)" classname="spec_perl_TestNavParent3_t" time="0.000179052352905273" />
    <testcase name="Equals (112)" classname="spec_perl_TestNavParent3_t" time="0.000203847885131836" />
  </testsuite>
  <testsuite name="spec_perl_TestProcessXor4Value_t" errors="0" failures="0" skipped="0" tests="2" time="0.0541431903839111">
    <system-out>1..2
ok 1 - Equals
ok 2 - Equals
</system-out>
    <testcase name="Equals (113)" classname="spec_perl_TestProcessXor4Value_t" time="0.000335931777954102" />
    <testcase name="Equals (114)" classname="spec_perl_TestProcessXor4Value_t" time="9.39369201660156e-05" />
  </testsuite>
  <testsuite name="spec_perl_TestEnumIntRangeS_t" errors="0" failures="0" skipped="0" tests="3" time="0.0555992126464844">
    <system-out>1..3
ok 1 - Equals
ok 2 - Equals
ok 3 - Equals
</system-out>
    <testcase name="Equals (115)" classname="spec_perl_TestEnumIntRangeS_t" time="0.00028681755065918" />
    <testcase name="Equals (116)" classname="spec_perl_TestEnumIntRangeS_t" time="0.000118017196655273" />
    <testcase name="Equals (117)" classname="spec_perl_TestEnumIntRangeS_t" time="0.000185012817382812" />
  </testsuite>
  <testsuite name="spec_perl_TestProcessXorValue_t" errors="0" failures="0" skipped="0" tests="2" time="0.0537698268890381">
    <system-out>1..2
ok 1 - Equals
ok 2 - Equals
</system-out>
    <testcase name="Equals (118)" classname="spec_perl_TestProcessXorValue_t" time="0.000283002853393555" />
    <testcase name="Equals (119)" classname="spec_perl_TestProcessXorValue_t" time="8.79764556884766e-05" />
  </testsuite>
  <testsuite name="spec_perl_TestProcessCoerceBytes_t" errors="0" failures="0" skipped="0" tests="4" time="0.0509939193725586">
    <system-out>1..4
ok 1 - Equals
ok 2 - Equals
ok 3 - Equals
ok 4 - Equals
</system-out>
    <testcase name="Equals (120)" classname="spec_perl_TestProcessCoerceBytes_t" time="0.000234127044677734" />
    <testcase name="Equals (121)" classname="spec_perl_TestProcessCoerceBytes_t" time="0.000108957290649414" />
    <testcase name="Equals (122)" classname="spec_perl_TestProcessCoerceBytes_t" time="0.000195026397705078" />
    <testcase name="Equals (123)" classname="spec_perl_TestProcessCoerceBytes_t" time="0.000164031982421875" />
  </testsuite>
  <testsuite name="spec_perl_TestSwitchManualIntSizeEos_t" errors="0" failures="0" skipped="0" tests="10" time="0.0607459545135498">
    <system-out>1..10
ok 1 - Equals
ok 2 - Equals
ok 3 - Equals
ok 4 - Equals
ok 5 - Equals
ok 6 - Equals
ok 7 - Equals
ok 8 - Equals
ok 9 - Equals
ok 10 - Equals
</system-out>
    <testcase name="Equals (124)" classname="spec_perl_TestSwitchManualIntSizeEos_t" time="0.000782012939453125" />
    <testcase name="Equals (125)" classname="spec_perl_TestSwitchManualIntSizeEos_t" time="0.000103950500488281" />
    <testcase name="Equals (126)" classname="spec_perl_TestSwitchManualIntSizeEos_t" time="9.41753387451172e-05" />
    <testcase name="Equals (127)" classname="spec_perl_TestSwitchManualIntSizeEos_t" time="0.00022578239440918" />
    <testcase name="Equals (128)" classname="spec_perl_TestSwitchManualIntSizeEos_t" time="0.000156164169311523" />
    <testcase name="Equals (129)" classname="spec_perl_TestSwitchManualIntSizeEos_t" time="0.000196933746337891" />
    <testcase name="Equals (130)" classname="spec_perl_TestSwitchManualIntSizeEos_t" time="0.000185966491699219" />
    <testcase name="Equals (131)" classname="spec_perl_TestSwitchManualIntSizeEos_t" time="0.000215053558349609" />
    <testcase name="Equals (132)" classname="spec_perl_TestSwitchManualIntSizeEos_t" time="0.000180959701538086" />
    <testcase name="Equals (133)" classname="spec_perl_TestSwitchManualIntSizeEos_t" time="0.000216007232666016" />
  </testsuite>
  <testsuite name="spec_perl_TestProcessRepeatBytes_t" errors="0" failures="0" skipped="0" tests="2" time="0.0544068813323975">
    <system-out>1..2
ok 1 - Equals
ok 2 - Equals
</system-out>
    <testcase name="Equals (134)" classname="spec_perl_TestProcessRepeatBytes_t" time="0.000277042388916016" />
    <testcase name="Equals (135)" classname="spec_perl_TestProcessRepeatBytes_t" time="8.79764556884766e-05" />
  </testsuite>
  <testsuite name="spec_perl_TestBytesPadTerm_t" errors="0" failures="0" skipped="0" tests="4" time="0.051278829574585">
    <system-out>1..4
ok 1 - Equals
ok 2 - Equals
ok 3 - Equals
ok 4 - Equals
</system-out>
    <testcase name="Equals (136)" classname="spec_perl_TestBytesPadTerm_t" time="0.000294923782348633" />
    <testcase name="Equals (137)" classname="spec_perl_TestBytesPadTerm_t" time="9.01222229003906e-05" />
    <testcase name="Equals (138)" classname="spec_perl_TestBytesPadTerm_t" time="0.000192880630493164" />
    <testcase name="Equals (139)" classname="spec_perl_TestBytesPadTerm_t" time="0.000163078308105469" />
  </testsuite>
  <testsuite name="spec_perl_TestDocstringsDocrefMulti_t" errors="0" failures="0" skipped="1" tests="1" time="0.0528099536895752">
    <system-out>1..1
ok 1 # skip DocstringsDocrefMulti=HASH(0x5642876cb940)
</system-out>
    <testcase name="Unnamed test case 139" classname="spec_perl_TestDocstringsDocrefMulti_t" time="0.00112080574035645">
      <skipped message="ok 1 # skip DocstringsDocrefMulti=HASH(0x5642876cb940)" />
    </testcase>
  </testsuite>
  <testsuite name="spec_perl_TestParamsPassStruct_t" errors="0" failures="1" skipped="1" tests="4" time="0.0579249858856201">
    <system-out>1..4
ok 1 - Equals
ok 2 - Equals
not ok 3 - test_params_pass_struct died (Can't call method &quot;foo&quot; on an undefined value at spec/perl/TestParamsPassStruct.t line 16.)
ok 4 # skip test_params_pass_struct died
</system-out>
    <testcase name="Equals (140)" classname="spec_perl_TestParamsPassStruct_t" time="0.000297069549560547" />
    <testcase name="Equals (141)" classname="spec_perl_TestParamsPassStruct_t" time="9.29832458496094e-05" />
    <testcase name="test_params_pass_struct died (Can't call method &quot;foo&quot; on an undefined value at spec/perl/TestParamsPassStruct.t line 16.) (141)" classname="spec_perl_TestParamsPassStruct_t" time="0.00026702880859375">
      <failure message="not ok 3 - test_params_pass_struct died (Can't call method &quot;foo&quot; on an undefined value at spec/perl/TestParamsPassStruct.t line 16.)" type="TAP::Parser::Result::Test"></failure>
    </testcase>
    <testcase name="Unnamed test case 141" classname="spec_perl_TestParamsPassStruct_t" time="0.000573873519897461">
      <skipped message="ok 4 # skip test_params_pass_struct died" />
    </testcase>
  </testsuite>
  <testsuite name="spec_perl_TestNestedTypes3_t" errors="0" failures="0" skipped="0" tests="5" time="0.0547540187835693">
    <system-out>1..5
ok 1 - Equals
ok 2 - Equals
ok 3 - Equals
ok 4 - Equals
ok 5 - Equals
</system-out>
    <testcase name="Equals (142)" classname="spec_perl_TestNestedTypes3_t" time="0.000284910202026367" />
    <testcase name="Equals (143)" classname="spec_perl_TestNestedTypes3_t" time="0.000106096267700195" />
    <testcase name="Equals (144)" classname="spec_perl_TestNestedTypes3_t" time="0.000180959701538086" />
    <testcase name="Equals (145)" classname="spec_perl_TestNestedTypes3_t" time="0.000164031982421875" />
    <testcase name="Equals (146)" classname="spec_perl_TestNestedTypes3_t" time="0.00017094612121582" />
  </testsuite>
  <testsuite name="spec_perl_TestExprBytesCmp_t" errors="0" failures="0" skipped="0" tests="10" time="0.0529940128326416">
    <system-out>1..10
ok 1 - Equals
ok 2 - Equals
ok 3 - Equals
ok 4 - Equals
ok 5 - Equals
ok 6 - Equals
ok 7 - Equals
ok 8 - Equals
ok 9 - Equals
ok 10 - Equals
</system-out>
    <testcase name="Equals (147)" classname="spec_perl_TestExprBytesCmp_t" time="0.000273942947387695" />
    <testcase name="Equals (148)" classname="spec_perl_TestExprBytesCmp_t" time="0.000107049942016602" />
    <testcase name="Equals (149)" classname="spec_perl_TestExprBytesCmp_t" time="0.000190019607543945" />
    <testcase name="Equals (150)" classname="spec_perl_TestExprBytesCmp_t" time="0.000130891799926758" />
    <testcase name="Equals (151)" classname="spec_perl_TestExprBytesCmp_t" time="0.000159978866577148" />
    <testcase name="Equals (152)" classname="spec_perl_TestExprBytesCmp_t" time="0.000163078308105469" />
    <testcase name="Equals (153)" classname="spec_perl_TestExprBytesCmp_t" time="0.00017094612121582" />
    <testcase name="Equals (154)" classname="spec_perl_TestExprBytesCmp_t" time="0.000132083892822266" />
    <testcase name="Equals (155)" classname="spec_perl_TestExprBytesCmp_t" time="0.000182867050170898" />
    <testcase name="Equals (156)" classname="spec_perl_TestExprBytesCmp_t" time="0.000126123428344727" />
  </testsuite>
  <testsuite name="spec_perl_TestNestedTypes_t" errors="0" failures="0" skipped="0" tests="3" time="0.0515389442443848">
    <system-out>1..3
ok 1 - Equals
ok 2 - Equals
ok 3 - Equals
</system-out>
    <testcase name="Equals (157)" classname="spec_perl_TestNestedTypes_t" time="0.000280141830444336" />
    <testcase name="Equals (158)" classname="spec_perl_TestNestedTypes_t" time="8.17775726318359e-05" />
    <testcase name="Equals (159)" classname="spec_perl_TestNestedTypes_t" time="0.00020599365234375" />
  </testsuite>
  <testsuite name="spec_perl_TestIfValues_t" errors="0" failures="0" skipped="0" tests="6" time="0.0529849529266357">
    <system-out>1..6
ok 1 - Equals
ok 2 - Equals
ok 3 - Equals
ok 4 - nil
ok 5 - Equals
ok 6 - nil
</system-out>
    <testcase name="Equals (160)" classname="spec_perl_TestIfValues_t" time="0.000462055206298828" />
    <testcase name="Equals (161)" classname="spec_perl_TestIfValues_t" time="0.000252962112426758" />
    <testcase name="Equals (162)" classname="spec_perl_TestIfValues_t" time="0.000195026397705078" />
    <testcase name="nil (162)" classname="spec_perl_TestIfValues_t" time="7.48634338378906e-05" />
    <testcase name="Equals (163)" classname="spec_perl_TestIfValues_t" time="0.000329017639160156" />
    <testcase name="nil (163)" classname="spec_perl_TestIfValues_t" time="8.10623168945312e-05" />
  </testsuite>
  <testsuite name="spec_perl_TestExpr3_t" errors="0" failures="0" skipped="0" tests="12" time="0.0567479133605957">
    <system-out>1..12
ok 1 - Equals
ok 2 - Equals
ok 3 - Equals
ok 4 - Equals
ok 5 - Equals
ok 6 - Equals
ok 7 - Equals
ok 8 - Equals
ok 9 - Equals
ok 10 - Equals
ok 11 - Equals
ok 12 - Equals
</system-out>
    <testcase name="Equals (164)" classname="spec_perl_TestExpr3_t" time="0.000284910202026367" />
    <testcase name="Equals (165)" classname="spec_perl_TestExpr3_t" time="8.41617584228516e-05" />
    <testcase name="Equals (166)" classname="spec_perl_TestExpr3_t" time="0.000198841094970703" />
    <testcase name="Equals (167)" classname="spec_perl_TestExpr3_t" time="0.00014805793762207" />
    <testcase name="Equals (168)" classname="spec_perl_TestExpr3_t" time="0.000167131423950195" />
    <testcase name="Equals (169)" classname="spec_perl_TestExpr3_t" time="0.000128984451293945" />
    <testcase name="Equals (170)" classname="spec_perl_TestExpr3_t" time="0.000168800354003906" />
    <testcase name="Equals (171)" classname="spec_perl_TestExpr3_t" time="0.00013422966003418" />
    <testcase name="Equals (172)" classname="spec_perl_TestExpr3_t" time="0.000181913375854492" />
    <testcase name="Equals (173)" classname="spec_perl_TestExpr3_t" time="0.000133037567138672" />
    <testcase name="Equals (174)" classname="spec_perl_TestExpr3_t" time="0.00017094612121582" />
    <testcase name="Equals (175)" classname="spec_perl_TestExpr3_t" time="0.000132083892822266" />
  </testsuite>
  <testsuite name="spec_perl_TestProcessRepeatUsertype_t" errors="0" failures="0" skipped="0" tests="4" time="0.0539829730987549">
    <system-out>1..4
ok 1 - Equals
ok 2 - Equals
ok 3 - Equals
ok 4 - Equals
</system-out>
    <testcase name="Equals (176)" classname="spec_perl_TestProcessRepeatUsertype_t" time="0.000581979751586914" />
    <testcase name="Equals (177)" classname="spec_perl_TestProcessRepeatUsertype_t" time="0.000103950500488281" />
    <testcase name="Equals (178)" classname="spec_perl_TestProcessRepeatUsertype_t" time="0.00014805793762207" />
    <testcase name="Equals (179)" classname="spec_perl_TestProcessRepeatUsertype_t" time="0.000159978866577148" />
  </testsuite>
  <testsuite name="spec_perl_TestImportsAbsRel_t" errors="0" failures="0" skipped="0" tests="3" time="0.0546941757202148">
    <system-out>1..3
ok 1 - Equals
ok 2 - Equals
ok 3 - Equals
</system-out>
    <testcase name="Equals (180)" classname="spec_perl_TestImportsAbsRel_t" time="0.000267982482910156" />
    <testcase name="Equals (181)" classname="spec_perl_TestImportsAbsRel_t" time="8.51154327392578e-05" />
    <testcase name="Equals (182)" classname="spec_perl_TestImportsAbsRel_t" time="0.00020289421081543" />
  </testsuite>
  <testsuite name="spec_perl_TestSwitchIntegers2_t" errors="0" failures="0" skipped="0" tests="5" time="0.0514309406280518">
    <system-out>1..5
ok 1 - Equals
ok 2 - Equals
ok 3 - Equals
ok 4 - Equals
ok 5 - Equals
</system-out>
    <testcase name="Equals (183)" classname="spec_perl_TestSwitchIntegers2_t" time="0.000259160995483398" />
    <testcase name="Equals (184)" classname="spec_perl_TestSwitchIntegers2_t" time="8.60691070556641e-05" />
    <testcase name="Equals (185)" classname="spec_perl_TestSwitchIntegers2_t" time="0.000197887420654297" />
    <testcase name="Equals (186)" classname="spec_perl_TestSwitchIntegers2_t" time="0.000145912170410156" />
    <testcase name="Equals (187)" classname="spec_perl_TestSwitchIntegers2_t" time="0.000178098678588867" />
  </testsuite>
  <testsuite name="spec_perl_TestValidNotParsedIf_t" errors="0" failures="0" skipped="1" tests="1" time="0.0520319938659668">
    <system-out>1..1
ok 1 # skip ValidNotParsedIf=HASH(0x556099531b08)
</system-out>
    <testcase name="Unnamed test case 187" classname="spec_perl_TestValidNotParsedIf_t" time="0.00108098983764648">
      <skipped message="ok 1 # skip ValidNotParsedIf=HASH(0x556099531b08)" />
    </testcase>
  </testsuite>
  <testsuite name="spec_perl_TestPositionToEnd_t" errors="0" failures="0" skipped="0" tests="2" time="0.0503830909729004">
    <system-out>1..2
ok 1 - Equals
ok 2 - Equals
</system-out>
    <testcase name="Equals (188)" classname="spec_perl_TestPositionToEnd_t" time="0.00026702880859375" />
    <testcase name="Equals (189)" classname="spec_perl_TestPositionToEnd_t" time="9.10758972167969e-05" />
  </testsuite>
  <testsuite name="spec_perl_TestParamsCallExtraParens_t" errors="0" failures="1" skipped="0" tests="1" time="0.0635330677032471">
    <system-out>1..1
not ok 1 - Equals
</system-out>
    <testcase name="Equals (190)" classname="spec_perl_TestParamsCallExtraParens_t" time="0.00566601753234863">
      <failure message="not ok 1 - Equals" type="TAP::Parser::Result::Test"></failure>
    </testcase>
  </testsuite>
  <testsuite name="spec_perl_TestDefaultEndianExprIsLe_t" errors="0" failures="0" skipped="0" tests="12" time="0.0527160167694092">
    <system-out>1..12
ok 1 - Equals
ok 2 - Equals
ok 3 - Equals
ok 4 - Equals
ok 5 - Equals
ok 6 - Equals
ok 7 - Equals
ok 8 - Equals
ok 9 - Equals
ok 10 - Equals
ok 11 - Equals
ok 12 - Equals
</system-out>
    <testcase name="Equals (191)" classname="spec_perl_TestDefaultEndianExprIsLe_t" time="0.000310897827148438" />
    <testcase name="Equals (192)" classname="spec_perl_TestDefaultEndianExprIsLe_t" time="8.82148742675781e-05" />
    <testcase name="Equals (193)" classname="spec_perl_TestDefaultEndianExprIsLe_t" time="0.00019383430480957" />
    <testcase name="Equals (194)" classname="spec_perl_TestDefaultEndianExprIsLe_t" time="0.000149011611938477" />
    <testcase name="Equals (195)" classname="spec_perl_TestDefaultEndianExprIsLe_t" time="0.000173091888427734" />
    <testcase name="Equals (196)" classname="spec_perl_TestDefaultEndianExprIsLe_t" time="0.000179052352905273" />
    <testcase name="Equals (197)" classname="spec_perl_TestDefaultEndianExprIsLe_t" time="0.000183820724487305" />
    <testcase name="Equals (198)" classname="spec_perl_TestDefaultEndianExprIsLe_t" time="0.000167131423950195" />
    <testcase name="Equals (199)" classname="spec_perl_TestDefaultEndianExprIsLe_t" time="0.000179052352905273" />
    <testcase name="Equals (200)" classname="spec_perl_TestDefaultEndianExprIsLe_t" time="0.000178813934326172" />
    <testcase name="Equals (201)" classname="spec_perl_TestDefaultEndianExprIsLe_t" time="0.000172138214111328" />
    <testcase name="Equals (202)" classname="spec_perl_TestDefaultEndianExprIsLe_t" time="0.000197887420654297" />
  </testsuite>
  <testsuite name="spec_perl_TestProcessRotate_t" errors="0" failures="0" skipped="0" tests="3" time="0.0530760288238525">
    <system-out>1..3
ok 1 - Equals
ok 2 - Equals
ok 3 - Equals
</system-out>
    <testcase name="Equals (203)" classname="spec_perl_TestProcessRotate_t" time="0.000298976898193359" />
    <testcase name="Equals (204)" classname="spec_perl_TestProcessRotate_t" time="0.000102996826171875" />
    <testcase name="Equals (205)" classname="spec_perl_TestProcessRotate_t" time="0.000192165374755859" />
  </testsuite>
  <testsuite name="spec_perl_TestNavParent2_t" errors="0" failures="0" skipped="0" tests="10" time="0.0568118095397949">
    <system-out>1..10
ok 1 - Equals
ok 2 - Equals
ok 3 - Equals
ok 4 - Equals
ok 5 - Equals
ok 6 - Equals
ok 7 - Equals
ok 8 - Equals
ok 9 - Equals
ok 10 - Equals
</system-out>
    <testcase name="Equals (206)" classname="spec_perl_TestNavParent2_t" time="0.000344038009643555" />
    <testcase name="Equals (207)" classname="spec_perl_TestNavParent2_t" time="0.000116825103759766" />
    <testcase name="Equals (208)" classname="spec_perl_TestNavParent2_t" time="0.000197172164916992" />
    <testcase name="Equals (209)" classname="spec_perl_TestNavParent2_t" time="0.000158786773681641" />
    <testcase name="Equals (210)" classname="spec_perl_TestNavParent2_t" time="0.000185012817382812" />
    <testcase name="Equals (211)" classname="spec_perl_TestNavParent2_t" time="0.000230073928833008" />
    <testcase name="Equals (212)" classname="spec_perl_TestNavParent2_t" time="0.000164985656738281" />
    <testcase name="Equals (213)" classname="spec_perl_TestNavParent2_t" time="0.000168085098266602" />
    <testcase name="Equals (214)" classname="spec_perl_TestNavParent2_t" time="0.00018000602722168" />
    <testcase name="Equals (215)" classname="spec_perl_TestNavParent2_t" time="0.00020599365234375" />
  </testsuite>
  <testsuite name="spec_perl_TestBitsSignedShiftB64Le_t" errors="0" failures="0" skipped="0" tests="2" time="0.0508580207824707">
    <system-out>1..2
ok 1 - Equals
ok 2 - Equals
</system-out>
    <testcase name="Equals (216)" classname="spec_perl_TestBitsSignedShiftB64Le_t" time="0.000288009643554688" />
    <testcase name="Equals (217)" classname="spec_perl_TestBitsSignedShiftB64Le_t" time="0.000103950500488281" />
  </testsuite>
  <testsuite name="spec_perl_TestBitsUnalignedB32Le_t" errors="0" failures="0" skipped="0" tests="3" time="0.0510098934173584">
    <system-out>1..3
ok 1 - Equals
ok 2 - Equals
ok 3 - Equals
</system-out>
    <testcase name="Equals (218)" classname="spec_perl_TestBitsUnalignedB32Le_t" time="0.000221014022827148" />
    <testcase name="Equals (219)" classname="spec_perl_TestBitsUnalignedB32Le_t" time="0.000151157379150391" />
    <testcase name="Equals (220)" classname="spec_perl_TestBitsUnalignedB32Le_t" time="0.000164031982421875" />
  </testsuite>
  <testsuite name="spec_perl_TestRepeatUntilSized_t" errors="0" failures="0" skipped="0" tests="7" time="0.0525269508361816">
    <system-out>1..7
ok 1 - Equals
ok 2 - Equals
ok 3 - Equals
ok 4 - Equals
ok 5 - Equals
ok 6 - Equals
ok 7 - Equals
</system-out>
    <testcase name="Equals (221)" classname="spec_perl_TestRepeatUntilSized_t" time="0.000609874725341797" />
    <testcase name="Equals (222)" classname="spec_perl_TestRepeatUntilSized_t" time="0.000116109848022461" />
    <testcase name="Equals (223)" classname="spec_perl_TestRepeatUntilSized_t" time="0.000127792358398438" />
    <testcase name="Equals (224)" classname="spec_perl_TestRepeatUntilSized_t" time="0.000189065933227539" />
    <testcase name="Equals (225)" classname="spec_perl_TestRepeatUntilSized_t" time="0.000169038772583008" />
    <testcase name="Equals (226)" classname="spec_perl_TestRepeatUntilSized_t" time="0.000171899795532227" />
    <testcase name="Equals (227)" classname="spec_perl_TestRepeatUntilSized_t" time="0.000169038772583008" />
  </testsuite>
  <testsuite name="spec_perl_TestProcessCustomNoArgs_t" errors="1" failures="0" skipped="0" tests="0" time="0.0529029369354248">
    <system-out></system-out>
    <testcase name="Test died too soon, even before plan. (227)" classname="spec_perl_TestProcessCustomNoArgs_t" time="0.0529029369354248">
      <failure message="The test suite died before a plan was produced. You need to have a plan." type="Plan">No plan</failure>
    </testcase>
  </testsuite>
  <testsuite name="spec_perl_TestTsPacketHeader_t" errors="0" failures="0" skipped="0" tests="7" time="0.0522329807281494">
    <system-out>1..7
ok 1 - Equals
ok 2 - Equals
ok 3 - Equals
ok 4 - Equals
ok 5 - Equals
ok 6 - Equals
ok 7 - Equals
</system-out>
    <testcase name="Equals (228)" classname="spec_perl_TestTsPacketHeader_t" time="0.000306129455566406" />
    <testcase name="Equals (229)" classname="spec_perl_TestTsPacketHeader_t" time="9.29832458496094e-05" />
    <testcase name="Equals (230)" classname="spec_perl_TestTsPacketHeader_t" time="0.000149011611938477" />
    <testcase name="Equals (231)" classname="spec_perl_TestTsPacketHeader_t" time="0.000145912170410156" />
    <testcase name="Equals (232)" classname="spec_perl_TestTsPacketHeader_t" time="0.000190973281860352" />
    <testcase name="Equals (233)" classname="spec_perl_TestTsPacketHeader_t" time="0.000169992446899414" />
    <testcase name="Equals (234)" classname="spec_perl_TestTsPacketHeader_t" time="0.000178098678588867" />
  </testsuite>
  <testsuite name="spec_perl_TestZlibWithHeader78_t" errors="0" failures="0" skipped="0" tests="1" time="0.0724780559539795">
    <system-out>1..1
ok 1 - Equals
</system-out>
    <testcase name="Equals (235)" classname="spec_perl_TestZlibWithHeader78_t" time="0.000372171401977539" />
  </testsuite>
  <testsuite name="spec_perl_TestDebug0_t" errors="0" failures="0" skipped="1" tests="1" time="0.0509350299835205">
    <system-out>1..1
ok 1 # skip test_debug_0
</system-out>
    <testcase name="Unnamed test case 235" classname="spec_perl_TestDebug0_t" time="0.000250101089477539">
      <skipped message="ok 1 # skip test_debug_0" />
    </testcase>
  </testsuite>
  <testsuite name="spec_perl_TestProcessCoerceUsertype2_t" errors="0" failures="0" skipped="0" tests="4" time="0.0515220165252686">
    <system-out>1..4
ok 1 - Equals
ok 2 - Equals
ok 3 - Equals
ok 4 - Equals
</system-out>
    <testcase name="Equals (236)" classname="spec_perl_TestProcessCoerceUsertype2_t" time="0.000555038452148438" />
    <testcase name="Equals (237)" classname="spec_perl_TestProcessCoerceUsertype2_t" time="0.000118017196655273" />
    <testcase name="Equals (238)" classname="spec_perl_TestProcessCoerceUsertype2_t" time="6.07967376708984e-05" />
    <testcase name="Equals (239)" classname="spec_perl_TestProcessCoerceUsertype2_t" time="0.000217199325561523" />
  </testsuite>
  <testsuite name="spec_perl_TestImports0_t" errors="0" failures="0" skipped="0" tests="3" time="0.0527539253234863">
    <system-out>1..3
ok 1 - Equals
ok 2 - Equals
ok 3 - Equals
</system-out>
    <testcase name="Equals (240)" classname="spec_perl_TestImports0_t" time="0.000313997268676758" />
    <testcase name="Equals (241)" classname="spec_perl_TestImports0_t" time="8.41617584228516e-05" />
    <testcase name="Equals (242)" classname="spec_perl_TestImports0_t" time="0.000217914581298828" />
  </testsuite>
  <testsuite name="spec_perl_TestExprIntDiv_t" errors="0" failures="2" skipped="0" tests="6" time="0.0586531162261963">
    <system-out>1..6
ok 1 - Equals
ok 2 - Equals
ok 3 - Equals
not ok 4 - Equals
ok 5 - Equals
not ok 6 - Equals
</system-out>
    <testcase name="Equals (243)" classname="spec_perl_TestExprIntDiv_t" time="0.000247001647949219" />
    <testcase name="Equals (244)" classname="spec_perl_TestExprIntDiv_t" time="0.000110864639282227" />
    <testcase name="Equals (245)" classname="spec_perl_TestExprIntDiv_t" time="0.000224113464355469" />
    <testcase name="Equals (246)" classname="spec_perl_TestExprIntDiv_t" time="0.000218868255615234">
      <failure message="not ok 4 - Equals" type="TAP::Parser::Result::Test"></failure>
    </testcase>
    <testcase name="Equals (247)" classname="spec_perl_TestExprIntDiv_t" time="0.00269317626953125" />
    <testcase name="Equals (248)" classname="spec_perl_TestExprIntDiv_t" time="0.000278949737548828">
      <failure message="not ok 6 - Equals" type="TAP::Parser::Result::Test"></failure>
    </testcase>
  </testsuite>
  <testsuite name="spec_perl_TestNavParentSwitch_t" errors="0" failures="0" skipped="0" tests="3" time="0.051671028137207">
    <system-out>1..3
ok 1 - Equals
ok 2 - Equals
ok 3 - Equals
</system-out>
    <testcase name="Equals (249)" classname="spec_perl_TestNavParentSwitch_t" time="0.000288963317871094" />
    <testcase name="Equals (250)" classname="spec_perl_TestNavParentSwitch_t" time="0.000114917755126953" />
    <testcase name="Equals (251)" classname="spec_perl_TestNavParentSwitch_t" time="0.000190019607543945" />
  </testsuite>
  <testsuite name="spec_perl_TestSwitchManualEnumInvalidElse_t" errors="0" failures="0" skipped="0" tests="5" time="0.0562000274658203">
    <system-out>1..5
ok 1 - Equals
ok 2 - Equals
ok 3 - Equals
ok 4 - Equals
ok 5 - Equals
</system-out>
    <testcase name="Equals (252)" classname="spec_perl_TestSwitchManualEnumInvalidElse_t" time="0.000300884246826172" />
    <testcase name="Equals (253)" classname="spec_perl_TestSwitchManualEnumInvalidElse_t" time="9.01222229003906e-05" />
    <testcase name="Equals (254)" classname="spec_perl_TestSwitchManualEnumInvalidElse_t" time="0.00020289421081543" />
    <testcase name="Equals (255)" classname="spec_perl_TestSwitchManualEnumInvalidElse_t" time="0.000158071517944336" />
    <testcase name="Equals (256)" classname="spec_perl_TestSwitchManualEnumInvalidElse_t" time="0.000179052352905273" />
  </testsuite>
  <testsuite name="spec_perl_TestParamsPassArrayUsertype_t" errors="0" failures="1" skipped="4" tests="5" time="0.0613269805908203">
    <system-out>1..5
not ok 1 - test_params_pass_array_usertype died (Can't use an undefined value as an ARRAY reference at compiled/perl/ParamsPassArrayUsertype.pm line 123.)
ok 2 # skip test_params_pass_array_usertype died
ok 3 # skip test_params_pass_array_usertype died
ok 4 # skip test_params_pass_array_usertype died
ok 5 # skip test_params_pass_array_usertype died
</system-out>
    <testcase name="test_params_pass_array_usertype died (Can't use an undefined value as an ARRAY reference at compiled/perl/ParamsPassArrayUsertype.pm line 123.) (256)" classname="spec_perl_TestParamsPassArrayUsertype_t" time="0.000356197357177734">
      <failure message="not ok 1 - test_params_pass_array_usertype died (Can't use an undefined value as an ARRAY reference at compiled/perl/ParamsPassArrayUsertype.pm line 123.)" type="TAP::Parser::Result::Test"></failure>
    </testcase>
    <testcase name="Unnamed test case 256" classname="spec_perl_TestParamsPassArrayUsertype_t" time="0.000507831573486328">
      <skipped message="ok 2 # skip test_params_pass_array_usertype died" />
    </testcase>
    <testcase name="Unnamed test case 257" classname="spec_perl_TestParamsPassArrayUsertype_t" time="0.000338077545166016">
      <skipped message="ok 3 # skip test_params_pass_array_usertype died" />
    </testcase>
    <testcase name="Unnamed test case 258" classname="spec_perl_TestParamsPassArrayUsertype_t" time="0.000300884246826172">
      <skipped message="ok 4 # skip test_params_pass_array_usertype died" />
    </testcase>
    <testcase name="Unnamed test case 259" classname="spec_perl_TestParamsPassArrayUsertype_t" time="0.000481128692626953">
      <skipped message="ok 5 # skip test_params_pass_array_usertype died" />
    </testcase>
  </testsuite>
  <testsuite name="spec_perl_TestCastToTop_t" errors="0" failures="0" skipped="0" tests="3" time="0.0521719455718994">
    <system-out>1..3
ok 1 - Equals
ok 2 - Equals
ok 3 - Equals
</system-out>
    <testcase name="Equals (259)" classname="spec_perl_TestCastToTop_t" time="0.000388860702514648" />
    <testcase name="Equals (260)" classname="spec_perl_TestCastToTop_t" time="0.000216960906982422" />
    <testcase name="Equals (261)" classname="spec_perl_TestCastToTop_t" time="0.000185966491699219" />
  </testsuite>
  <testsuite name="spec_perl_TestCombineBytes_t" errors="0" failures="0" skipped="0" tests="10" time="0.0535798072814941">
    <system-out>1..10
ok 1 - Equals
ok 2 - Equals
ok 3 - Equals
ok 4 - Equals
ok 5 - Equals
ok 6 - Equals
ok 7 - Equals
ok 8 - Equals
ok 9 - Equals
ok 10 - Equals
</system-out>
    <testcase name="Equals (262)" classname="spec_perl_TestCombineBytes_t" time="0.000321149826049805" />
    <testcase name="Equals (263)" classname="spec_perl_TestCombineBytes_t" time="8.48770141601562e-05" />
    <testcase name="Equals (264)" classname="spec_perl_TestCombineBytes_t" time="0.000169992446899414" />
    <testcase name="Equals (265)" classname="spec_perl_TestCombineBytes_t" time="0.000198125839233398" />
    <testcase name="Equals (266)" classname="spec_perl_TestCombineBytes_t" time="0.000144004821777344" />
    <testcase name="Equals (267)" classname="spec_perl_TestCombineBytes_t" time="0.000183820724487305" />
    <testcase name="Equals (268)" classname="spec_perl_TestCombineBytes_t" time="0.000177145004272461" />
    <testcase name="Equals (269)" classname="spec_perl_TestCombineBytes_t" time="0.000166893005371094" />
    <testcase name="Equals (270)" classname="spec_perl_TestCombineBytes_t" time="0.000172138214111328" />
    <testcase name="Equals (271)" classname="spec_perl_TestCombineBytes_t" time="0.000176906585693359" />
  </testsuite>
  <testsuite name="spec_perl_TestRepeatNStrzDouble_t" errors="0" failures="0" skipped="0" tests="3" time="0.053790807723999">
    <system-out>1..3
ok 1 - Equals
ok 2 - Equals
ok 3 - Equals
</system-out>
    <testcase name="Equals (272)" classname="spec_perl_TestRepeatNStrzDouble_t" time="0.000334024429321289" />
    <testcase name="Equals (273)" classname="spec_perl_TestRepeatNStrzDouble_t" time="8.79764556884766e-05" />
    <testcase name="Equals (274)" classname="spec_perl_TestRepeatNStrzDouble_t" time="5.79357147216797e-05" />
  </testsuite>
  <testsuite name="spec_perl_TestInstanceIoUser_t" errors="0" failures="0" skipped="0" tests="4" time="0.0815680027008057">
    <system-out>1..4
ok 1 - Equals
ok 2 - Equals
ok 3 - Equals
ok 4 - Equals
</system-out>
    <testcase name="Equals (275)" classname="spec_perl_TestInstanceIoUser_t" time="0.000719070434570312" />
    <testcase name="Equals (276)" classname="spec_perl_TestInstanceIoUser_t" time="0.000103950500488281" />
    <testcase name="Equals (277)" classname="spec_perl_TestInstanceIoUser_t" time="0.000253915786743164" />
    <testcase name="Equals (278)" classname="spec_perl_TestInstanceIoUser_t" time="0.000169992446899414" />
  </testsuite>
  <testsuite name="spec_perl_TestMultipleUse_t" errors="0" failures="0" skipped="0" tests="2" time="0.0518178939819336">
    <system-out>1..2
ok 1 - Equals
ok 2 - Equals
</system-out>
    <testcase name="Equals (279)" classname="spec_perl_TestMultipleUse_t" time="0.000276088714599609" />
    <testcase name="Equals (280)" classname="spec_perl_TestMultipleUse_t" time="0.000152111053466797" />
  </testsuite>
  <testsuite name="spec_perl_TestNavRoot_t" errors="0" failures="0" skipped="0" tests="5" time="0.0564248561859131">
    <system-out>1..5
ok 1 - Equals
ok 2 - Equals
ok 3 - Equals
ok 4 - Equals
ok 5 - Equals
</system-out>
    <testcase name="Equals (281)" classname="spec_perl_TestNavRoot_t" time="0.000396966934204102" />
    <testcase name="Equals (282)" classname="spec_perl_TestNavRoot_t" time="9.60826873779297e-05" />
    <testcase name="Equals (283)" classname="spec_perl_TestNavRoot_t" time="0.000166893005371094" />
    <testcase name="Equals (284)" classname="spec_perl_TestNavRoot_t" time="0.000348091125488281" />
    <testcase name="Equals (285)" classname="spec_perl_TestNavRoot_t" time="0.000177860260009766" />
  </testsuite>
  <testsuite name="spec_perl_TestEnumLongRangeS_t" errors="0" failures="0" skipped="0" tests="7" time="0.0548219680786133">
    <system-out>1..7
ok 1 - Equals
ok 2 - Equals
ok 3 - Equals
ok 4 - Equals
ok 5 - Equals
ok 6 - Equals
ok 7 - Equals
</system-out>
    <testcase name="Equals (286)" classname="spec_perl_TestEnumLongRangeS_t" time="0.000303030014038086" />
    <testcase name="Equals (287)" classname="spec_perl_TestEnumLongRangeS_t" time="9.70363616943359e-05" />
    <testcase name="Equals (288)" classname="spec_perl_TestEnumLongRangeS_t" time="0.000188827514648438" />
    <testcase name="Equals (289)" classname="spec_perl_TestEnumLongRangeS_t" time="0.00015711784362793" />
    <testcase name="Equals (290)" classname="spec_perl_TestEnumLongRangeS_t" time="0.000187873840332031" />
    <testcase name="Equals (291)" classname="spec_perl_TestEnumLongRangeS_t" time="0.000179052352905273" />
    <testcase name="Equals (292)" classname="spec_perl_TestEnumLongRangeS_t" time="0.000185966491699219" />
  </testsuite>
  <testsuite name="spec_perl_TestBcdUserTypeLe_t" errors="0" failures="0" skipped="0" tests="6" time="0.0537750720977783">
    <system-out>1..6
ok 1 - Equals
ok 2 - Equals
ok 3 - Equals
ok 4 - Equals
ok 5 - Equals
ok 6 - Equals
</system-out>
    <testcase name="Equals (293)" classname="spec_perl_TestBcdUserTypeLe_t" time="0.00063014030456543" />
    <testcase name="Equals (294)" classname="spec_perl_TestBcdUserTypeLe_t" time="0.000102043151855469" />
    <testcase name="Equals (295)" classname="spec_perl_TestBcdUserTypeLe_t" time="0.00018000602722168" />
    <testcase name="Equals (296)" classname="spec_perl_TestBcdUserTypeLe_t" time="0.000181913375854492" />
    <testcase name="Equals (297)" classname="spec_perl_TestBcdUserTypeLe_t" time="0.000219106674194336" />
    <testcase name="Equals (298)" classname="spec_perl_TestBcdUserTypeLe_t" time="0.000201940536499023" />
  </testsuite>
  <testsuite name="spec_perl_TestCombineStr_t" errors="0" failures="0" skipped="0" tests="15" time="0.0575358867645264">
    <system-out>1..15
ok 1 - Equals
ok 2 - Equals
ok 3 - Equals
ok 4 - Equals
ok 5 - Equals
ok 6 - Equals
ok 7 - Equals
ok 8 - Equals
ok 9 - Equals
ok 10 - Equals
ok 11 - Equals
ok 12 - Equals
ok 13 - Equals
ok 14 - Equals
ok 15 - Equals
</system-out>
    <testcase name="Equals (299)" classname="spec_perl_TestCombineStr_t" time="0.000334024429321289" />
    <testcase name="Equals (300)" classname="spec_perl_TestCombineStr_t" time="8.79764556884766e-05" />
    <testcase name="Equals (301)" classname="spec_perl_TestCombineStr_t" time="0.000196933746337891" />
    <testcase name="Equals (302)" classname="spec_perl_TestCombineStr_t" time="0.000133991241455078" />
    <testcase name="Equals (303)" classname="spec_perl_TestCombineStr_t" time="0.000180959701538086" />
    <testcase name="Equals (304)" classname="spec_perl_TestCombineStr_t" time="0.000177145004272461" />
    <testcase name="Equals (305)" classname="spec_perl_TestCombineStr_t" time="0.000169992446899414" />
    <testcase name="Equals (306)" classname="spec_perl_TestCombineStr_t" time="0.000299930572509766" />
    <testcase name="Equals (307)" classname="spec_perl_TestCombineStr_t" time="7.79628753662109e-05" />
    <testcase name="Equals (308)" classname="spec_perl_TestCombineStr_t" time="0.0001220703125" />
    <testcase name="Equals (309)" classname="spec_perl_TestCombineStr_t" time="0.000189065933227539" />
    <testcase name="Equals (310)" classname="spec_perl_TestCombineStr_t" time="0.000181913375854492" />
    <testcase name="Equals (311)" classname="spec_perl_TestCombineStr_t" time="0.000164985656738281" />
    <testcase name="Equals (312)" classname="spec_perl_TestCombineStr_t" time="0.000174045562744141" />
    <testcase name="Equals (313)" classname="spec_perl_TestCombineStr_t" time="0.000169038772583008" />
  </testsuite>
  <testsuite name="spec_perl_TestIntegers_t" errors="0" failures="0" skipped="0" tests="20" time="0.057499885559082">
    <system-out>1..20
ok 1 - Equals
ok 2 - Equals
ok 3 - Equals
ok 4 - Equals
ok 5 - Equals
ok 6 - Equals
ok 7 - Equals
ok 8 - Equals
ok 9 - Equals
ok 10 - Equals
ok 11 - Equals
ok 12 - Equals
ok 13 - Equals
ok 14 - Equals
ok 15 - Equals
ok 16 - Equals
ok 17 - Equals
ok 18 - Equals
ok 19 - Equals
ok 20 - Equals
</system-out>
    <testcase name="Equals (314)" classname="spec_perl_TestIntegers_t" time="0.000325918197631836" />
    <testcase name="Equals (315)" classname="spec_perl_TestIntegers_t" time="0.000103950500488281" />
    <testcase name="Equals (316)" classname="spec_perl_TestIntegers_t" time="0.00018000602722168" />
    <testcase name="Equals (317)" classname="spec_perl_TestIntegers_t" time="0.000158071517944336" />
    <testcase name="Equals (318)" classname="spec_perl_TestIntegers_t" time="0.000229120254516602" />
    <testcase name="Equals (319)" classname="spec_perl_TestIntegers_t" time="0.000121831893920898" />
    <testcase name="Equals (320)" classname="spec_perl_TestIntegers_t" time="0.000195980072021484" />
    <testcase name="Equals (321)" classname="spec_perl_TestIntegers_t" time="0.00014805793762207" />
    <testcase name="Equals (322)" classname="spec_perl_TestIntegers_t" time="0.000222921371459961" />
    <testcase name="Equals (323)" classname="spec_perl_TestIntegers_t" time="0.000119209289550781" />
    <testcase name="Equals (324)" classname="spec_perl_TestIntegers_t" time="0.000278949737548828" />
    <testcase name="Equals (325)" classname="spec_perl_TestIntegers_t" time="9.48905944824219e-05" />
    <testcase name="Equals (326)" classname="spec_perl_TestIntegers_t" time="0.000199079513549805" />
    <testcase name="Equals (327)" classname="spec_perl_TestIntegers_t" time="0.000174045562744141" />
    <testcase name="Equals (328)" classname="spec_perl_TestIntegers_t" time="0.000174999237060547" />
    <testcase name="Equals (329)" classname="spec_perl_TestIntegers_t" time="0.000175952911376953" />
    <testcase name="Equals (330)" classname="spec_perl_TestIntegers_t" time="0.000180959701538086" />
    <testcase name="Equals (331)" classname="spec_perl_TestIntegers_t" time="0.000191926956176758" />
    <testcase name="Equals (332)" classname="spec_perl_TestIntegers_t" time="0.000167131423950195" />
    <testcase name="Equals (333)" classname="spec_perl_TestIntegers_t" time="0.000181913375854492" />
  </testsuite>
  <testsuite name="spec_perl_TestRepeatNStruct_t" errors="0" failures="0" skipped="0" tests="5" time="0.0508570671081543">
    <system-out>1..5
ok 1 - Equals
ok 2 - Equals
ok 3 - Equals
ok 4 - Equals
ok 5 - Equals
</system-out>
    <testcase name="Equals (334)" classname="spec_perl_TestRepeatNStruct_t" time="0.00026392936706543" />
    <testcase name="Equals (335)" classname="spec_perl_TestRepeatNStruct_t" time="8.51154327392578e-05" />
    <testcase name="Equals (336)" classname="spec_perl_TestRepeatNStruct_t" time="0.00024104118347168" />
    <testcase name="Equals (337)" classname="spec_perl_TestRepeatNStruct_t" time="0.000144004821777344" />
    <testcase name="Equals (338)" classname="spec_perl_TestRepeatNStruct_t" time="0.000301837921142578" />
  </testsuite>
  <testsuite name="spec_perl_TestIndexSizes_t" errors="0" failures="0" skipped="0" tests="7" time="0.0595378875732422">
    <system-out>1..7
ok 1 - Equals
ok 2 - Equals
ok 3 - Equals
ok 4 - Equals
ok 5 - Equals
ok 6 - Equals
ok 7 - Equals
</system-out>
    <testcase name="Equals (339)" classname="spec_perl_TestIndexSizes_t" time="0.000329017639160156" />
    <testcase name="Equals (340)" classname="spec_perl_TestIndexSizes_t" time="9.20295715332031e-05" />
    <testcase name="Equals (341)" classname="spec_perl_TestIndexSizes_t" time="0.000200986862182617" />
    <testcase name="Equals (342)" classname="spec_perl_TestIndexSizes_t" time="0.000211954116821289" />
    <testcase name="Equals (343)" classname="spec_perl_TestIndexSizes_t" time="0.000114917755126953" />
    <testcase name="Equals (344)" classname="spec_perl_TestIndexSizes_t" time="0.000200033187866211" />
    <testcase name="Equals (345)" classname="spec_perl_TestIndexSizes_t" time="0.000184059143066406" />
  </testsuite>
  <testsuite name="spec_perl_TestExprStrOps_t" errors="0" failures="0" skipped="0" tests="17" time="0.0588538646697998">
    <system-out>1..17
ok 1 - Equals
ok 2 - Equals
ok 3 - Equals
ok 4 - Equals
ok 5 - Equals
ok 6 - Equals
ok 7 - Equals
ok 8 - Equals
ok 9 - Equals
ok 10 - Equals
ok 11 - Equals
ok 12 - Equals
ok 13 - Equals
ok 14 - Equals
ok 15 - Equals
ok 16 - Equals
ok 17 - Equals
</system-out>
    <testcase name="Equals (346)" classname="spec_perl_TestExprStrOps_t" time="0.000365972518920898" />
    <testcase name="Equals (347)" classname="spec_perl_TestExprStrOps_t" time="9.98973846435547e-05" />
    <testcase name="Equals (348)" classname="spec_perl_TestExprStrOps_t" time="0.000159978866577148" />
    <testcase name="Equals (349)" classname="spec_perl_TestExprStrOps_t" time="0.000192165374755859" />
    <testcase name="Equals (350)" classname="spec_perl_TestExprStrOps_t" time="0.000196933746337891" />
    <testcase name="Equals (351)" classname="spec_perl_TestExprStrOps_t" time="0.000195980072021484" />
    <testcase name="Equals (352)" classname="spec_perl_TestExprStrOps_t" time="0.000154018402099609" />
    <testcase name="Equals (353)" classname="spec_perl_TestExprStrOps_t" time="0.000181913375854492" />
    <testcase name="Equals (354)" classname="spec_perl_TestExprStrOps_t" time="0.000180959701538086" />
    <testcase name="Equals (355)" classname="spec_perl_TestExprStrOps_t" time="0.000174045562744141" />
    <testcase name="Equals (356)" classname="spec_perl_TestExprStrOps_t" time="0.000203132629394531" />
    <testcase name="Equals (357)" classname="spec_perl_TestExprStrOps_t" time="0.000135898590087891" />
    <testcase name="Equals (358)" classname="spec_perl_TestExprStrOps_t" time="0.000185966491699219" />
    <testcase name="Equals (359)" classname="spec_perl_TestExprStrOps_t" time="0.000177145004272461" />
    <testcase name="Equals (360)" classname="spec_perl_TestExprStrOps_t" time="0.0001678466796875" />
    <testcase name="Equals (361)" classname="spec_perl_TestExprStrOps_t" time="0.000190019607543945" />
    <testcase name="Equals (362)" classname="spec_perl_TestExprStrOps_t" time="0.000169038772583008" />
  </testsuite>
  <testsuite name="spec_perl_TestStrLiterals_t" errors="0" failures="0" skipped="0" tests="5" time="0.0525810718536377">
    <system-out>1..5
ok 1 - Equals
ok 2 - Equals
ok 3 - Equals
ok 4 - Equals
ok 5 - Equals
</system-out>
    <testcase name="Equals (363)" classname="spec_perl_TestStrLiterals_t" time="0.000254154205322266" />
    <testcase name="Equals (364)" classname="spec_perl_TestStrLiterals_t" time="0.000115871429443359" />
    <testcase name="Equals (365)" classname="spec_perl_TestStrLiterals_t" time="0.000216007232666016" />
    <testcase name="Equals (366)" classname="spec_perl_TestStrLiterals_t" time="0.000167131423950195" />
    <testcase name="Equals (367)" classname="spec_perl_TestStrLiterals_t" time="0.000213861465454102" />
  </testsuite>
  <testsuite name="spec_perl_TestTermBytes_t" errors="0" failures="0" skipped="0" tests="3" time="0.0515170097351074">
    <system-out>1..3
ok 1 - Equals
ok 2 - Equals
ok 3 - Equals
</system-out>
    <testcase name="Equals (368)" classname="spec_perl_TestTermBytes_t" time="0.000318050384521484" />
    <testcase name="Equals (369)" classname="spec_perl_TestTermBytes_t" time="9.70363616943359e-05" />
    <testcase name="Equals (370)" classname="spec_perl_TestTermBytes_t" time="0.00020289421081543" />
  </testsuite>
  <testsuite name="spec_perl_TestSwitchManualInt_t" errors="0" failures="0" skipped="0" tests="9" time="0.0566890239715576">
    <system-out>1..9
ok 1 - Equals
ok 2 - Equals
ok 3 - Equals
ok 4 - Equals
ok 5 - Equals
ok 6 - Equals
ok 7 - Equals
ok 8 - Equals
ok 9 - Equals
</system-out>
    <testcase name="Equals (371)" classname="spec_perl_TestSwitchManualInt_t" time="0.000351905822753906" />
    <testcase name="Equals (372)" classname="spec_perl_TestSwitchManualInt_t" time="9.60826873779297e-05" />
    <testcase name="Equals (373)" classname="spec_perl_TestSwitchManualInt_t" time="0.000174045562744141" />
    <testcase name="Equals (374)" classname="spec_perl_TestSwitchManualInt_t" time="0.000164985656738281" />
    <testcase name="Equals (375)" classname="spec_perl_TestSwitchManualInt_t" time="0.000175952911376953" />
    <testcase name="Equals (376)" classname="spec_perl_TestSwitchManualInt_t" time="0.000179052352905273" />
    <testcase name="Equals (377)" classname="spec_perl_TestSwitchManualInt_t" time="0.0001678466796875" />
    <testcase name="Equals (378)" classname="spec_perl_TestSwitchManualInt_t" time="0.000206947326660156" />
    <testcase name="Equals (379)" classname="spec_perl_TestSwitchManualInt_t" time="0.000181198120117188" />
  </testsuite>
  <testsuite name="spec_perl_TestExprBytesOps_t" errors="0" failures="0" skipped="0" tests="16" time="0.0545120239257812">
    <system-out>1..16
ok 1 - Equals
ok 2 - Equals
ok 3 - Equals
ok 4 - Equals
ok 5 - Equals
ok 6 - Equals
ok 7 - Equals
ok 8 - Equals
ok 9 - Equals
ok 10 - Equals
ok 11 - Equals
ok 12 - Equals
ok 13 - Equals
ok 14 - Equals
ok 15 - Equals
ok 16 - Equals
</system-out>
    <testcase name="Equals (380)" classname="spec_perl_TestExprBytesOps_t" time="0.000273942947387695" />
    <testcase name="Equals (381)" classname="spec_perl_TestExprBytesOps_t" time="0.000116109848022461" />
    <testcase name="Equals (382)" classname="spec_perl_TestExprBytesOps_t" time="0.000196933746337891" />
    <testcase name="Equals (383)" classname="spec_perl_TestExprBytesOps_t" time="0.000154972076416016" />
    <testcase name="Equals (384)" classname="spec_perl_TestExprBytesOps_t" time="0.000169992446899414" />
    <testcase name="Equals (385)" classname="spec_perl_TestExprBytesOps_t" time="0.000187158584594727" />
    <testcase name="Equals (386)" classname="spec_perl_TestExprBytesOps_t" time="0.00017094612121582" />
    <testcase name="Equals (387)" classname="spec_perl_TestExprBytesOps_t" time="0.000174999237060547" />
    <testcase name="Equals (388)" classname="spec_perl_TestExprBytesOps_t" time="0.000180959701538086" />
    <testcase name="Equals (389)" classname="spec_perl_TestExprBytesOps_t" time="0.000176906585693359" />
    <testcase name="Equals (390)" classname="spec_perl_TestExprBytesOps_t" time="0.000181198120117188" />
    <testcase name="Equals (391)" classname="spec_perl_TestExprBytesOps_t" time="0.000162839889526367" />
    <testcase name="Equals (392)" classname="spec_perl_TestExprBytesOps_t" time="0.00018310546875" />
    <testcase name="Equals (393)" classname="spec_perl_TestExprBytesOps_t" time="0.000161886215209961" />
    <testcase name="Equals (394)" classname="spec_perl_TestExprBytesOps_t" time="0.000211000442504883" />
    <testcase name="Equals (395)" classname="spec_perl_TestExprBytesOps_t" time="0.000169992446899414" />
  </testsuite>
  <testsuite name="spec_perl_TestOptionalId_t" errors="0" failures="0" skipped="0" tests="3" time="0.0538468360900879">
    <system-out>1..3
ok 1 - Equals
ok 2 - Equals
ok 3 - Equals
</system-out>
    <testcase name="Equals (396)" classname="spec_perl_TestOptionalId_t" time="0.000256061553955078" />
    <testcase name="Equals (397)" classname="spec_perl_TestOptionalId_t" time="0.00011897087097168" />
    <testcase name="Equals (398)" classname="spec_perl_TestOptionalId_t" time="0.000191926956176758" />
  </testsuite>
  <testsuite name="spec_perl_TestParamsCallShort_t" errors="0" failures="3" skipped="0" tests="3" time="0.063478946685791">
    <system-out>1..3
not ok 1 - Equals
not ok 2 - Equals
not ok 3 - Equals
</system-out>
    <testcase name="Equals (399)" classname="spec_perl_TestParamsCallShort_t" time="0.00716400146484375">
      <failure message="not ok 1 - Equals" type="TAP::Parser::Result::Test"></failure>
    </testcase>
    <testcase name="Equals (400)" classname="spec_perl_TestParamsCallShort_t" time="0.000200986862182617">
      <failure message="not ok 2 - Equals" type="TAP::Parser::Result::Test"></failure>
    </testcase>
    <testcase name="Equals (401)" classname="spec_perl_TestParamsCallShort_t" time="0.000145912170410156">
      <failure message="not ok 3 - Equals" type="TAP::Parser::Result::Test"></failure>
    </testcase>
  </testsuite>
  <testsuite name="spec_perl_TestRepeatUntilCalcArrayType_t" errors="0" failures="0" skipped="0" tests="7" time="0.052440881729126">
    <system-out>1..7
ok 1 - Equals
ok 2 - Equals
ok 3 - Equals
ok 4 - Equals
ok 5 - Equals
ok 6 - Equals
ok 7 - Equals
</system-out>
    <testcase name="Equals (402)" classname="spec_perl_TestRepeatUntilCalcArrayType_t" time="0.000577926635742188" />
    <testcase name="Equals (403)" classname="spec_perl_TestRepeatUntilCalcArrayType_t" time="0.000102043151855469" />
    <testcase name="Equals (404)" classname="spec_perl_TestRepeatUntilCalcArrayType_t" time="0.000145912170410156" />
    <testcase name="Equals (405)" classname="spec_perl_TestRepeatUntilCalcArrayType_t" time="0.000169038772583008" />
    <testcase name="Equals (406)" classname="spec_perl_TestRepeatUntilCalcArrayType_t" time="0.000169992446899414" />
    <testcase name="Equals (407)" classname="spec_perl_TestRepeatUntilCalcArrayType_t" time="0.000175952911376953" />
    <testcase name="Equals (408)" classname="spec_perl_TestRepeatUntilCalcArrayType_t" time="0.000185012817382812" />
  </testsuite>
  <testsuite name="spec_perl_TestInstanceStdArray_t" errors="0" failures="0" skipped="0" tests="7" time="0.0551390647888184">
    <system-out>1..7
ok 1 - Equals
ok 2 - Equals
ok 3 - Equals
ok 4 - Equals
ok 5 - Equals
ok 6 - Equals
ok 7 - Equals
</system-out>
    <testcase name="Equals (409)" classname="spec_perl_TestInstanceStdArray_t" time="0.000283002853393555" />
    <testcase name="Equals (410)" classname="spec_perl_TestInstanceStdArray_t" time="0.000129938125610352" />
    <testcase name="Equals (411)" classname="spec_perl_TestInstanceStdArray_t" time="0.000195980072021484" />
    <testcase name="Equals (412)" classname="spec_perl_TestInstanceStdArray_t" time="0.000179052352905273" />
    <testcase name="Equals (413)" classname="spec_perl_TestInstanceStdArray_t" time="0.000185966491699219" />
    <testcase name="Equals (414)" classname="spec_perl_TestInstanceStdArray_t" time="0.000211000442504883" />
    <testcase name="Equals (415)" classname="spec_perl_TestInstanceStdArray_t" time="0.000189065933227539" />
  </testsuite>
  <testsuite name="spec_perl_TestEnum0_t" errors="0" failures="0" skipped="0" tests="2" time="0.0524849891662598">
    <system-out>1..2
ok 1 - Equals
ok 2 - Equals
</system-out>
    <testcase name="Equals (416)" classname="spec_perl_TestEnum0_t" time="0.000262022018432617" />
    <testcase name="Equals (417)" classname="spec_perl_TestEnum0_t" time="9.20295715332031e-05" />
  </testsuite>
  <testsuite name="spec_perl_TestSwitchElseOnly_t" errors="0" failures="0" skipped="0" tests="3" time="0.0513441562652588">
    <system-out>1..3
ok 1 - Equals
ok 2 - Equals
ok 3 - Equals
</system-out>
    <testcase name="Equals (418)" classname="spec_perl_TestSwitchElseOnly_t" time="0.00027012825012207" />
    <testcase name="Equals (419)" classname="spec_perl_TestSwitchElseOnly_t" time="0.000113964080810547" />
    <testcase name="Equals (420)" classname="spec_perl_TestSwitchElseOnly_t" time="0.000196933746337891" />
  </testsuite>
  <testsuite name="spec_perl_TestNestedTypes2_t" errors="0" failures="0" skipped="0" tests="7" time="0.055189847946167">
    <system-out>1..7
ok 1 - Equals
ok 2 - Equals
ok 3 - Equals
ok 4 - Equals
ok 5 - Equals
ok 6 - Equals
ok 7 - Equals
</system-out>
    <testcase name="Equals (421)" classname="spec_perl_TestNestedTypes2_t" time="0.00030207633972168" />
    <testcase name="Equals (422)" classname="spec_perl_TestNestedTypes2_t" time="9.39369201660156e-05" />
    <testcase name="Equals (423)" classname="spec_perl_TestNestedTypes2_t" time="0.000199079513549805" />
    <testcase name="Equals (424)" classname="spec_perl_TestNestedTypes2_t" time="0.00017094612121582" />
    <testcase name="Equals (425)" classname="spec_perl_TestNestedTypes2_t" time="0.00017094612121582" />
    <testcase name="Equals (426)" classname="spec_perl_TestNestedTypes2_t" time="0.000180959701538086" />
    <testcase name="Equals (427)" classname="spec_perl_TestNestedTypes2_t" time="0.000185012817382812" />
  </testsuite>
  <testsuite name="spec_perl_TestNavParentVsValueInst_t" errors="0" failures="0" skipped="0" tests="1" time="0.0548689365386963">
    <system-out>1..1
ok 1 - Equals
</system-out>
    <testcase name="Equals (428)" classname="spec_perl_TestNavParentVsValueInst_t" time="0.000330924987792969" />
  </testsuite>
  <testsuite name="spec_perl_TestDebugEnumName_t" errors="1" failures="0" skipped="0" tests="0" time="0.0529899597167969">
    <system-out></system-out>
    <testcase name="Test died too soon, even before plan. (428)" classname="spec_perl_TestDebugEnumName_t" time="0.0529899597167969">
      <failure message="The test suite died before a plan was produced. You need to have a plan." type="Plan">No plan</failure>
    </testcase>
  </testsuite>
  <testsuite name="spec_perl_TestSwitchManualEnum_t" errors="0" failures="0" skipped="0" tests="9" time="0.0555849075317383">
    <system-out>1..9
ok 1 - Equals
ok 2 - Equals
ok 3 - Equals
ok 4 - Equals
ok 5 - Equals
ok 6 - Equals
ok 7 - Equals
ok 8 - Equals
ok 9 - Equals
</system-out>
    <testcase name="Equals (429)" classname="spec_perl_TestSwitchManualEnum_t" time="0.000381946563720703" />
    <testcase name="Equals (430)" classname="spec_perl_TestSwitchManualEnum_t" time="0.000128984451293945" />
    <testcase name="Equals (431)" classname="spec_perl_TestSwitchManualEnum_t" time="7.20024108886719e-05" />
    <testcase name="Equals (432)" classname="spec_perl_TestSwitchManualEnum_t" time="0.000188112258911133" />
    <testcase name="Equals (433)" classname="spec_perl_TestSwitchManualEnum_t" time="0.000149011611938477" />
    <testcase name="Equals (434)" classname="spec_perl_TestSwitchManualEnum_t" time="0.000181913375854492" />
    <testcase name="Equals (435)" classname="spec_perl_TestSwitchManualEnum_t" time="0.000168085098266602" />
    <testcase name="Equals (436)" classname="spec_perl_TestSwitchManualEnum_t" time="0.000245094299316406" />
    <testcase name="Equals (437)" classname="spec_perl_TestSwitchManualEnum_t" time="7.89165496826172e-05" />
  </testsuite>
  <testsuite name="spec_perl_TestRepeatEosBit_t" errors="0" failures="0" skipped="0" tests="1" time="0.0518889427185059">
    <system-out>1..1
ok 1 - Equals
</system-out>
    <testcase name="Equals (438)" classname="spec_perl_TestRepeatEosBit_t" time="0.000360012054443359" />
  </testsuite>
  <testsuite name="spec_perl_TestEofExceptionU4_t" errors="0" failures="0" skipped="0" tests="1" time="0.0555469989776611">
    <system-out>1..1
ok 1 - threw /^Requested \d+ bytes, but only \d+ bytes available/
</system-out>
    <testcase name="threw /^Requested \d+ bytes, but only \d+ bytes available/ (438)" classname="spec_perl_TestEofExceptionU4_t" time="0.000255107879638672" />
  </testsuite>
  <testsuite name="spec_perl_TestNavParentSwitchCast_t" errors="0" failures="0" skipped="0" tests="3" time="0.0518858432769775">
    <system-out>1..3
ok 1 - Equals
ok 2 - Equals
ok 3 - Equals
</system-out>
    <testcase name="Equals (439)" classname="spec_perl_TestNavParentSwitchCast_t" time="0.000550031661987305" />
    <testcase name="Equals (440)" classname="spec_perl_TestNavParentSwitchCast_t" time="9.60826873779297e-05" />
    <testcase name="Equals (441)" classname="spec_perl_TestNavParentSwitchCast_t" time="0.000185012817382812" />
  </testsuite>
  <testsuite name="spec_perl_TestInstanceUserArray_t" errors="0" failures="0" skipped="0" tests="10" time="0.055837869644165">
    <system-out>1..10
ok 1 - Equals
ok 2 - Equals
ok 3 - Equals
ok 4 - Equals
ok 5 - Equals
ok 6 - Equals
ok 7 - Equals
ok 8 - Equals
ok 9 - Equals
ok 10 - Equals
</system-out>
    <testcase name="Equals (442)" classname="spec_perl_TestInstanceUserArray_t" time="0.000253200531005859" />
    <testcase name="Equals (443)" classname="spec_perl_TestInstanceUserArray_t" time="0.00014495849609375" />
    <testcase name="Equals (444)" classname="spec_perl_TestInstanceUserArray_t" time="0.000172853469848633" />
    <testcase name="Equals (445)" classname="spec_perl_TestInstanceUserArray_t" time="0.000545978546142578" />
    <testcase name="Equals (446)" classname="spec_perl_TestInstanceUserArray_t" time="0.000151157379150391" />
    <testcase name="Equals (447)" classname="spec_perl_TestInstanceUserArray_t" time="0.000184059143066406" />
    <testcase name="Equals (448)" classname="spec_perl_TestInstanceUserArray_t" time="0.000171899795532227" />
    <testcase name="Equals (449)" classname="spec_perl_TestInstanceUserArray_t" time="0.000190973281860352" />
    <testcase name="Equals (450)" classname="spec_perl_TestInstanceUserArray_t" time="0.000164031982421875" />
    <testcase name="Equals (451)" classname="spec_perl_TestInstanceUserArray_t" time="0.00018000602722168" />
  </testsuite>
  <testsuite name="spec_perl_TestBitsShiftByB64Le_t" errors="0" failures="0" skipped="0" tests="2" time="0.0534470081329346">
    <system-out>1..2
ok 1 - Equals
ok 2 - Equals
</system-out>
    <testcase name="Equals (452)" classname="spec_perl_TestBitsShiftByB64Le_t" time="0.000304222106933594" />
    <testcase name="Equals (453)" classname="spec_perl_TestBitsShiftByB64Le_t" time="0.000111818313598633" />
  </testsuite>
  <testsuite name="spec_perl_TestBitsUnalignedB64Be_t" errors="0" failures="0" skipped="0" tests="3" time="0.0511689186096191">
    <system-out>1..3
ok 1 - Equals
ok 2 - Equals
ok 3 - Equals
</system-out>
    <testcase name="Equals (454)" classname="spec_perl_TestBitsUnalignedB64Be_t" time="0.000259160995483398" />
    <testcase name="Equals (455)" classname="spec_perl_TestBitsUnalignedB64Be_t" time="0.000115871429443359" />
    <testcase name="Equals (456)" classname="spec_perl_TestBitsUnalignedB64Be_t" time="0.000176906585693359" />
  </testsuite>
  <testsuite name="spec_perl_TestExprEnum_t" errors="0" failures="0" skipped="0" tests="3" time="0.0513160228729248">
    <system-out>1..3
ok 1 - Equals
ok 2 - Equals
ok 3 - Equals
</system-out>
    <testcase name="Equals (457)" classname="spec_perl_TestExprEnum_t" time="0.000238180160522461" />
    <testcase name="Equals (458)" classname="spec_perl_TestExprEnum_t" time="0.000136852264404297" />
    <testcase name="Equals (459)" classname="spec_perl_TestExprEnum_t" time="0.000163078308105469" />
  </testsuite>
  <testsuite name="spec_perl_TestExprIfIntOps_t" errors="0" failures="0" skipped="0" tests="2" time="0.0511469841003418">
    <system-out>1..2
ok 1 - Equals
ok 2 - Equals
</system-out>
    <testcase name="Equals (460)" classname="spec_perl_TestExprIfIntOps_t" time="0.000253915786743164" />
    <testcase name="Equals (461)" classname="spec_perl_TestExprIfIntOps_t" time="8.51154327392578e-05" />
  </testsuite>
  <testsuite name="spec_perl_TestOpaqueExternalType02Parent_t" errors="0" failures="0" skipped="0" tests="3" time="0.058521032333374">
    <system-out>1..3
ok 1 - Equals
ok 2 - Equals
ok 3 - Equals
</system-out>
    <testcase name="Equals (462)" classname="spec_perl_TestOpaqueExternalType02Parent_t" time="0.000439882278442383" />
    <testcase name="Equals (463)" classname="spec_perl_TestOpaqueExternalType02Parent_t" time="0.000115156173706055" />
    <testcase name="Equals (464)" classname="spec_perl_TestOpaqueExternalType02Parent_t" time="0.000164985656738281" />
  </testsuite>
  <testsuite name="spec_perl_TestCastNested_t" errors="0" failures="0" skipped="0" tests="4" time="0.0556299686431885">
    <system-out>1..4
ok 1 - Equals
ok 2 - Equals
ok 3 - Equals
ok 4 - Equals
</system-out>
    <testcase name="Equals (465)" classname="spec_perl_TestCastNested_t" time="0.000365018844604492" />
    <testcase name="Equals (466)" classname="spec_perl_TestCastNested_t" time="0.000100135803222656" />
    <testcase name="Equals (467)" classname="spec_perl_TestCastNested_t" time="0.000203847885131836" />
    <testcase name="Equals (468)" classname="spec_perl_TestCastNested_t" time="0.000151157379150391" />
  </testsuite>
  <testsuite name="spec_perl_TestImportsRel1_t" errors="0" failures="0" skipped="0" tests="3" time="0.0546979904174805">
    <system-out>1..3
ok 1 - Equals
ok 2 - Equals
ok 3 - Equals
</system-out>
    <testcase name="Equals (469)" classname="spec_perl_TestImportsRel1_t" time="0.000216960906982422" />
    <testcase name="Equals (470)" classname="spec_perl_TestImportsRel1_t" time="0.000158071517944336" />
[...]
    <system-out>1..2
ok 1 - Equals
ok 2 - Equals
</system-out>
    <testcase name="Equals (890)" classname="spec_perl_TestUserType_t" time="0.000266790390014648" />
    <testcase name="Equals (891)" classname="spec_perl_TestUserType_t" time="0.000131130218505859" />
  </testsuite>
  <testsuite name="spec_perl_TestTypeTernary_t" errors="0" failures="0" skipped="0" tests="1" time="0.0514090061187744">
    <system-out>1..1
ok 1 - Equals
</system-out>
    <testcase name="Equals (892)" classname="spec_perl_TestTypeTernary_t" time="0.000548124313354492" />
  </testsuite>
  <testsuite name="spec_perl_TestParamsPassUsertype_t" errors="0" failures="1" skipped="1" tests="2" time="0.0544910430908203">
    <system-out>1..2
not ok 1 - test_params_pass_usertype died (Can't call method &quot;foo&quot; on an undefined value at compiled/perl/ParamsPassUsertype.pm line 119.)
ok 2 # skip test_params_pass_usertype died
</system-out>
    <testcase name="test_params_pass_usertype died (Can't call method &quot;foo&quot; on an undefined value at compiled/perl/ParamsPassUsertype.pm line 119.) (892)" classname="spec_perl_TestParamsPassUsertype_t" time="0.000332117080688477">
      <failure message="not ok 1 - test_params_pass_usertype died (Can't call method &quot;foo&quot; on an undefined value at compiled/perl/ParamsPassUsertype.pm line 119.)" type="TAP::Parser::Result::Test"></failure>
    </testcase>
    <testcase name="Unnamed test case 892" classname="spec_perl_TestParamsPassUsertype_t" time="0.000515937805175781">
      <skipped message="ok 2 # skip test_params_pass_usertype died" />
    </testcase>
  </testsuite>
  <testsuite name="spec_perl_TestFloatingPoints_t" errors="0" failures="0" skipped="0" tests="8" time="0.051954984664917">
    <system-out>1..8
ok 1 - Approx equals
ok 2 - Approx equals
ok 3 - Approx equals
ok 4 - Approx equals
ok 5 - Approx equals
ok 6 - Approx equals
ok 7 - Approx equals
ok 8 - Approx equals
</system-out>
    <testcase name="Approx equals (892)" classname="spec_perl_TestFloatingPoints_t" time="0.000184059143066406" />
    <testcase name="Approx equals (893)" classname="spec_perl_TestFloatingPoints_t" time="6.98566436767578e-05" />
    <testcase name="Approx equals (894)" classname="spec_perl_TestFloatingPoints_t" time="4.60147857666016e-05" />
    <testcase name="Approx equals (895)" classname="spec_perl_TestFloatingPoints_t" time="4.50611114501953e-05" />
    <testcase name="Approx equals (896)" classname="spec_perl_TestFloatingPoints_t" time="5.50746917724609e-05" />
    <testcase name="Approx equals (897)" classname="spec_perl_TestFloatingPoints_t" time="4.1961669921875e-05" />
    <testcase name="Approx equals (898)" classname="spec_perl_TestFloatingPoints_t" time="5.00679016113281e-05" />
    <testcase name="Approx equals (899)" classname="spec_perl_TestFloatingPoints_t" time="3.79085540771484e-05" />
  </testsuite>
  <testsuite name="spec_perl_TestProcessCustom_t" errors="1" failures="0" skipped="0" tests="0" time="0.0513949394226074">
    <system-out></system-out>
    <testcase name="Test died too soon, even before plan. (899)" classname="spec_perl_TestProcessCustom_t" time="0.0513949394226074">
      <failure message="The test suite died before a plan was produced. You need to have a plan." type="Plan">No plan</failure>
    </testcase>
  </testsuite>
  <testsuite name="spec_perl_TestDefaultEndianMod_t" errors="0" failures="0" skipped="0" tests="3" time="0.051224946975708">
    <system-out>1..3
ok 1 - Equals
ok 2 - Equals
ok 3 - Equals
</system-out>
    <testcase name="Equals (899)" classname="spec_perl_TestDefaultEndianMod_t" time="0.00026392936706543" />
    <testcase name="Equals (900)" classname="spec_perl_TestDefaultEndianMod_t" time="8.20159912109375e-05" />
    <testcase name="Equals (901)" classname="spec_perl_TestDefaultEndianMod_t" time="0.00020599365234375" />
  </testsuite>
  <testsuite name="spec_perl_TestSwitchManualIntSizeElse_t" errors="0" failures="0" skipped="0" tests="10" time="0.0569500923156738">
    <system-out>1..10
ok 1 - Equals
ok 2 - Equals
ok 3 - Equals
ok 4 - Equals
ok 5 - Equals
ok 6 - Equals
ok 7 - Equals
ok 8 - Equals
ok 9 - Equals
ok 10 - Equals
</system-out>
    <testcase name="Equals (902)" classname="spec_perl_TestSwitchManualIntSizeElse_t" time="0.000703096389770508" />
    <testcase name="Equals (903)" classname="spec_perl_TestSwitchManualIntSizeElse_t" time="0.000102043151855469" />
    <testcase name="Equals (904)" classname="spec_perl_TestSwitchManualIntSizeElse_t" time="0.000134944915771484" />
    <testcase name="Equals (905)" classname="spec_perl_TestSwitchManualIntSizeElse_t" time="0.000179052352905273" />
    <testcase name="Equals (906)" classname="spec_perl_TestSwitchManualIntSizeElse_t" time="0.000171899795532227" />
    <testcase name="Equals (907)" classname="spec_perl_TestSwitchManualIntSizeElse_t" time="0.000163078308105469" />
    <testcase name="Equals (908)" classname="spec_perl_TestSwitchManualIntSizeElse_t" time="0.000200986862182617" />
    <testcase name="Equals (909)" classname="spec_perl_TestSwitchManualIntSizeElse_t" time="0.000147104263305664" />
    <testcase name="Equals (910)" classname="spec_perl_TestSwitchManualIntSizeElse_t" time="0.000197887420654297" />
    <testcase name="Equals (911)" classname="spec_perl_TestSwitchManualIntSizeElse_t" time="0.00018310546875" />
  </testsuite>
  <testsuite name="spec_perl_TestParamsPassBool_t" errors="0" failures="1" skipped="13" tests="14" time="0.0644590854644775">
    <system-out>1..14
not ok 1 - test_params_pass_bool died (Requested 2 bytes, but only 1 bytes available at ../runtime/perl/lib/IO/KaitaiStruct.pm line 338.)
ok 2 # skip test_params_pass_bool died
ok 3 # skip test_params_pass_bool died
ok 4 # skip test_params_pass_bool died
ok 5 # skip test_params_pass_bool died
ok 6 # skip test_params_pass_bool died
ok 7 # skip test_params_pass_bool died
ok 8 # skip test_params_pass_bool died
ok 9 # skip test_params_pass_bool died
ok 10 # skip test_params_pass_bool died
ok 11 # skip test_params_pass_bool died
ok 12 # skip test_params_pass_bool died
ok 13 # skip test_params_pass_bool died
ok 14 # skip test_params_pass_bool died
</system-out>
    <testcase name="test_params_pass_bool died (Requested 2 bytes, but only 1 bytes available at ../runtime/perl/lib/IO/KaitaiStruct.pm line 338.) (911)" classname="spec_perl_TestParamsPassBool_t" time="0.000346183776855469">
      <failure message="not ok 1 - test_params_pass_bool died (Requested 2 bytes, but only 1 bytes available at ../runtime/perl/lib/IO/KaitaiStruct.pm line 338.)" type="TAP::Parser::Result::Test"></failure>
    </testcase>
    <testcase name="Unnamed test case 911" classname="spec_perl_TestParamsPassBool_t" time="0.000462770462036133">
      <skipped message="ok 2 # skip test_params_pass_bool died" />
    </testcase>
    <testcase name="Unnamed test case 912" classname="spec_perl_TestParamsPassBool_t" time="0.000336170196533203">
      <skipped message="ok 3 # skip test_params_pass_bool died" />
    </testcase>
    <testcase name="Unnamed test case 913" classname="spec_perl_TestParamsPassBool_t" time="0.00031590461730957">
      <skipped message="ok 4 # skip test_params_pass_bool died" />
    </testcase>
    <testcase name="Unnamed test case 914" classname="spec_perl_TestParamsPassBool_t" time="0.000487089157104492">
      <skipped message="ok 5 # skip test_params_pass_bool died" />
    </testcase>
    <testcase name="Unnamed test case 915" classname="spec_perl_TestParamsPassBool_t" time="0.000544071197509766">
      <skipped message="ok 6 # skip test_params_pass_bool died" />
    </testcase>
    <testcase name="Unnamed test case 916" classname="spec_perl_TestParamsPassBool_t" time="0.000450849533081055">
      <skipped message="ok 7 # skip test_params_pass_bool died" />
    </testcase>
    <testcase name="Unnamed test case 917" classname="spec_perl_TestParamsPassBool_t" time="0.000433921813964844">
      <skipped message="ok 8 # skip test_params_pass_bool died" />
    </testcase>
    <testcase name="Unnamed test case 918" classname="spec_perl_TestParamsPassBool_t" time="0.000467061996459961">
      <skipped message="ok 9 # skip test_params_pass_bool died" />
    </testcase>
    <testcase name="Unnamed test case 919" classname="spec_perl_TestParamsPassBool_t" time="0.00038909912109375">
      <skipped message="ok 10 # skip test_params_pass_bool died" />
    </testcase>
    <testcase name="Unnamed test case 920" classname="spec_perl_TestParamsPassBool_t" time="0.00034785270690918">
      <skipped message="ok 11 # skip test_params_pass_bool died" />
    </testcase>
    <testcase name="Unnamed test case 921" classname="spec_perl_TestParamsPassBool_t" time="0.0005340576171875">
      <skipped message="ok 12 # skip test_params_pass_bool died" />
    </testcase>
    <testcase name="Unnamed test case 922" classname="spec_perl_TestParamsPassBool_t" time="0.000559091567993164">
      <skipped message="ok 13 # skip test_params_pass_bool died" />
    </testcase>
    <testcase name="Unnamed test case 923" classname="spec_perl_TestParamsPassBool_t" time="0.000386953353881836">
      <skipped message="ok 14 # skip test_params_pass_bool died" />
    </testcase>
  </testsuite>
  <testsuite name="spec_perl_TestDefaultEndianExprInherited_t" errors="0" failures="0" skipped="0" tests="15" time="0.0540518760681152">
    <system-out>1..15
ok 1 - Equals
ok 2 - Equals
ok 3 - Equals
ok 4 - Equals
ok 5 - Equals
ok 6 - Equals
ok 7 - Equals
ok 8 - Equals
ok 9 - Equals
ok 10 - Equals
ok 11 - Equals
ok 12 - Equals
ok 13 - Equals
ok 14 - Equals
ok 15 - Equals
</system-out>
    <testcase name="Equals (923)" classname="spec_perl_TestDefaultEndianExprInherited_t" time="0.000355958938598633" />
    <testcase name="Equals (924)" classname="spec_perl_TestDefaultEndianExprInherited_t" time="9.20295715332031e-05" />
    <testcase name="Equals (925)" classname="spec_perl_TestDefaultEndianExprInherited_t" time="0.000184059143066406" />
    <testcase name="Equals (926)" classname="spec_perl_TestDefaultEndianExprInherited_t" time="0.000159978866577148" />
    <testcase name="Equals (927)" classname="spec_perl_TestDefaultEndianExprInherited_t" time="0.000180959701538086" />
    <testcase name="Equals (928)" classname="spec_perl_TestDefaultEndianExprInherited_t" time="0.000173091888427734" />
    <testcase name="Equals (929)" classname="spec_perl_TestDefaultEndianExprInherited_t" time="0.000174045562744141" />
    <testcase name="Equals (930)" classname="spec_perl_TestDefaultEndianExprInherited_t" time="0.000207901000976562" />
    <testcase name="Equals (931)" classname="spec_perl_TestDefaultEndianExprInherited_t" time="0.000169038772583008" />
    <testcase name="Equals (932)" classname="spec_perl_TestDefaultEndianExprInherited_t" time="0.000186920166015625" />
    <testcase name="Equals (933)" classname="spec_perl_TestDefaultEndianExprInherited_t" time="0.000174045562744141" />
    <testcase name="Equals (934)" classname="spec_perl_TestDefaultEndianExprInherited_t" time="0.000169038772583008" />
    <testcase name="Equals (935)" classname="spec_perl_TestDefaultEndianExprInherited_t" time="0.000185966491699219" />
    <testcase name="Equals (936)" classname="spec_perl_TestDefaultEndianExprInherited_t" time="0.000152111053466797" />
    <testcase name="Equals (937)" classname="spec_perl_TestDefaultEndianExprInherited_t" time="0.000198841094970703" />
  </testsuite>
  <testsuite name="spec_perl_TestNestedSameName_t" errors="0" failures="0" skipped="0" tests="2" time="0.052199125289917">
    <system-out>1..2
ok 1 - Equals
ok 2 - Equals
</system-out>
    <testcase name="Equals (938)" classname="spec_perl_TestNestedSameName_t" time="0.000316143035888672" />
    <testcase name="Equals (939)" classname="spec_perl_TestNestedSameName_t" time="8.98838043212891e-05" />
  </testsuite>
  <testsuite name="spec_perl_TestZlibSurrounded_t" errors="0" failures="0" skipped="0" tests="1" time="0.0728108882904053">
    <system-out>1..1
ok 1 - Equals
</system-out>
    <testcase name="Equals (940)" classname="spec_perl_TestZlibSurrounded_t" time="0.000653982162475586" />
  </testsuite>
  <testsuite name="spec_perl_TestExprOpsParens_t" errors="0" failures="1" skipped="0" tests="9" time="0.0573809146881104">
    <system-out>1..9
ok 1 - Equals
ok 2 - Equals
ok 3 - Equals
ok 4 - Equals
ok 5 - Equals
ok 6 - Equals
not ok 7 - Equals
ok 8 - Equals
ok 9 - Equals
</system-out>
    <testcase name="Equals (941)" classname="spec_perl_TestExprOpsParens_t" time="0.000298023223876953" />
    <testcase name="Equals (942)" classname="spec_perl_TestExprOpsParens_t" time="0.000109195709228516" />
    <testcase name="Equals (943)" classname="spec_perl_TestExprOpsParens_t" time="0.000217914581298828" />
    <testcase name="Equals (944)" classname="spec_perl_TestExprOpsParens_t" time="0.000165939331054688" />
    <testcase name="Equals (945)" classname="spec_perl_TestExprOpsParens_t" time="0.000190973281860352" />
    <testcase name="Equals (946)" classname="spec_perl_TestExprOpsParens_t" time="0.000204086303710938" />
    <testcase name="Equals (947)" classname="spec_perl_TestExprOpsParens_t" time="0.000253915786743164">
      <failure message="not ok 7 - Equals" type="TAP::Parser::Result::Test"></failure>
    </testcase>
    <testcase name="Equals (948)" classname="spec_perl_TestExprOpsParens_t" time="0.00291800498962402" />
    <testcase name="Equals (949)" classname="spec_perl_TestExprOpsParens_t" time="6.91413879394531e-05" />
  </testsuite>
  <testsuite name="spec_perl_TestProcessXor4Const_t" errors="0" failures="0" skipped="0" tests="2" time="0.051630973815918">
    <system-out>1..2
ok 1 - Equals
ok 2 - Equals
</system-out>
    <testcase name="Equals (950)" classname="spec_perl_TestProcessXor4Const_t" time="0.000408172607421875" />
    <testcase name="Equals (951)" classname="spec_perl_TestProcessXor4Const_t" time="0.000155925750732422" />
  </testsuite>
  <testsuite name="spec_perl_TestFloatToI_t" errors="0" failures="0" skipped="0" tests="8" time="0.0522589683532715">
    <system-out>1..8
ok 1 - Approx equals
ok 2 - Approx equals
ok 3 - Equals
ok 4 - Equals
ok 5 - Equals
ok 6 - Equals
ok 7 - Equals
ok 8 - Equals
</system-out>
    <testcase name="Approx equals (951)" classname="spec_perl_TestFloatToI_t" time="0.000175237655639648" />
    <testcase name="Approx equals (952)" classname="spec_perl_TestFloatToI_t" time="7.08103179931641e-05" />
    <testcase name="Equals (952)" classname="spec_perl_TestFloatToI_t" time="0.000110149383544922" />
    <testcase name="Equals (953)" classname="spec_perl_TestFloatToI_t" time="0.000211000442504883" />
    <testcase name="Equals (954)" classname="spec_perl_TestFloatToI_t" time="0.000171899795532227" />
    <testcase name="Equals (955)" classname="spec_perl_TestFloatToI_t" time="0.000174045562744141" />
    <testcase name="Equals (956)" classname="spec_perl_TestFloatToI_t" time="0.000180959701538086" />
    <testcase name="Equals (957)" classname="spec_perl_TestFloatToI_t" time="0.00017094612121582" />
  </testsuite>
  <testsuite name="spec_perl_TestRepeatUntilS4_t" errors="0" failures="0" skipped="0" tests="2" time="0.0552511215209961">
    <system-out>1..2
ok 1 - Equals
ok 2 - Equals
</system-out>
    <testcase name="Equals (958)" classname="spec_perl_TestRepeatUntilS4_t" time="0.000298976898193359" />
    <testcase name="Equals (959)" classname="spec_perl_TestRepeatUntilS4_t" time="0.000134944915771484" />
  </testsuite>
  <testsuite name="spec_perl_TestExprBits_t" errors="0" failures="0" skipped="0" tests="10" time="0.0533299446105957">
    <system-out>1..10
ok 1 - Equals
ok 2 - Equals
ok 3 - Equals
ok 4 - Equals
ok 5 - Equals
ok 6 - Equals
ok 7 - Equals
ok 8 - Equals
ok 9 - Equals
ok 10 - Equals
</system-out>
    <testcase name="Equals (960)" classname="spec_perl_TestExprBits_t" time="0.000291824340820312" />
    <testcase name="Equals (961)" classname="spec_perl_TestExprBits_t" time="9.51290130615234e-05" />
    <testcase name="Equals (962)" classname="spec_perl_TestExprBits_t" time="0.000191926956176758" />
    <testcase name="Equals (963)" classname="spec_perl_TestExprBits_t" time="0.000180959701538086" />
    <testcase name="Equals (964)" classname="spec_perl_TestExprBits_t" time="0.00017094612121582" />
    <testcase name="Equals (965)" classname="spec_perl_TestExprBits_t" time="0.000182151794433594" />
    <testcase name="Equals (966)" classname="spec_perl_TestExprBits_t" time="0.0001678466796875" />
    <testcase name="Equals (967)" classname="spec_perl_TestExprBits_t" time="0.000169038772583008" />
    <testcase name="Equals (968)" classname="spec_perl_TestExprBits_t" time="0.000178098678588867" />
    <testcase name="Equals (969)" classname="spec_perl_TestExprBits_t" time="0.000194072723388672" />
  </testsuite>
  <testsuite name="spec_perl_TestYamlInts_t" errors="0" failures="0" skipped="0" tests="4" time="0.0515499114990234">
    <system-out>1..4
ok 1 - Equals
ok 2 - Equals
ok 3 - Equals
ok 4 - Equals
</system-out>
    <testcase name="Equals (970)" classname="spec_perl_TestYamlInts_t" time="0.000276088714599609" />
    <testcase name="Equals (971)" classname="spec_perl_TestYamlInts_t" time="0.000119924545288086" />
    <testcase name="Equals (972)" classname="spec_perl_TestYamlInts_t" time="0.000230073928833008" />
    <testcase name="Equals (973)" classname="spec_perl_TestYamlInts_t" time="0.000176906585693359" />
  </testsuite>
  <testsuite name="spec_perl_TestFixedContents_t" errors="0" failures="0" skipped="1" tests="1" time="0.0520720481872559">
    <system-out>1..1
ok 1 # skip FixedContents=HASH(0x5643ff7fbe78)
</system-out>
    <testcase name="Unnamed test case 973" classname="spec_perl_TestFixedContents_t" time="0.00112509727478027">
      <skipped message="ok 1 # skip FixedContents=HASH(0x5643ff7fbe78)" />
    </testcase>
  </testsuite>
  <testsuite name="spec_perl_TestBcdUserTypeBe_t" errors="0" failures="0" skipped="0" tests="6" time="0.053908109664917">
    <system-out>1..6
ok 1 - Equals
ok 2 - Equals
ok 3 - Equals
ok 4 - Equals
ok 5 - Equals
ok 6 - Equals
</system-out>
    <testcase name="Equals (974)" classname="spec_perl_TestBcdUserTypeBe_t" time="0.000592947006225586" />
    <testcase name="Equals (975)" classname="spec_perl_TestBcdUserTypeBe_t" time="0.000106096267700195" />
    <testcase name="Equals (976)" classname="spec_perl_TestBcdUserTypeBe_t" time="0.000180959701538086" />
    <testcase name="Equals (977)" classname="spec_perl_TestBcdUserTypeBe_t" time="0.000174045562744141" />
    <testcase name="Equals (978)" classname="spec_perl_TestBcdUserTypeBe_t" time="0.000182867050170898" />
    <testcase name="Equals (979)" classname="spec_perl_TestBcdUserTypeBe_t" time="0.000201940536499023" />
  </testsuite>
  <testsuite name="spec_perl_TestNestedSameName2_t" errors="0" failures="0" skipped="0" tests="5" time="0.0524630546569824">
    <system-out>1..5
ok 1 - Equals
ok 2 - Equals
ok 3 - Equals
ok 4 - Equals
ok 5 - Equals
</system-out>
    <testcase name="Equals (980)" classname="spec_perl_TestNestedSameName2_t" time="0.000330924987792969" />
    <testcase name="Equals (981)" classname="spec_perl_TestNestedSameName2_t" time="9.10758972167969e-05" />
    <testcase name="Equals (982)" classname="spec_perl_TestNestedSameName2_t" time="0.000163793563842773" />
    <testcase name="Equals (983)" classname="spec_perl_TestNestedSameName2_t" time="0.00016021728515625" />
    <testcase name="Equals (984)" classname="spec_perl_TestNestedSameName2_t" time="0.000182867050170898" />
  </testsuite>
  <testsuite name="spec_perl_TestEnumDeepLiterals_t" errors="0" failures="0" skipped="0" tests="2" time="0.051624059677124">
    <system-out>1..2
ok 1 - Equals
ok 2 - Equals
</system-out>
    <testcase name="Equals (985)" classname="spec_perl_TestEnumDeepLiterals_t" time="0.000272035598754883" />
    <testcase name="Equals (986)" classname="spec_perl_TestEnumDeepLiterals_t" time="9.10758972167969e-05" />
  </testsuite>
</testsuites>
