<?xml version='1.0' encoding='utf-8'?>
<testsuites>
  <testsuite name="spec_perl_TestZlibWithHeader78_t" errors="0" failures="0" skipped="0" tests="1" time="0.0656909942626953">
    <system-out>1..1
ok 1 - Equals
</system-out>
    <testcase name="Equals" classname="spec_perl_TestZlibWithHeader78_t" time="0.000395059585571289" />
  </testsuite>
  <testsuite name="spec_perl_TestSwitchManualEnumInvalid_t" errors="0" failures="0" skipped="0" tests="5" time="0.0481030941009521">
    <system-out>1..5
ok 1 - Equals
ok 2 - Equals
ok 3 - nil
ok 4 - Equals
ok 5 - nil
</system-out>
    <testcase name="Equals (2)" classname="spec_perl_TestSwitchManualEnumInvalid_t" time="0.000344991683959961" />
    <testcase name="Equals (3)" classname="spec_perl_TestSwitchManualEnumInvalid_t" time="9.10758972167969e-05" />
    <testcase name="nil (3)" classname="spec_perl_TestSwitchManualEnumInvalid_t" time="5.88893890380859e-05" />
    <testcase name="Equals (4)" classname="spec_perl_TestSwitchManualEnumInvalid_t" time="0.00012516975402832" />
    <testcase name="nil (4)" classname="spec_perl_TestSwitchManualEnumInvalid_t" time="5.88893890380859e-05" />
  </testsuite>
  <testsuite name="spec_perl_TestNavParentSwitchCast_t" errors="0" failures="0" skipped="0" tests="3" time="0.0448858737945557">
    <system-out>1..3
ok 1 - Equals
ok 2 - Equals
ok 3 - Equals
</system-out>
    <testcase name="Equals (5)" classname="spec_perl_TestNavParentSwitchCast_t" time="0.000608921051025391" />
    <testcase name="Equals (6)" classname="spec_perl_TestNavParentSwitchCast_t" time="0.000101089477539062" />
    <testcase name="Equals (7)" classname="spec_perl_TestNavParentSwitchCast_t" time="6.60419464111328e-05" />
  </testsuite>
  <testsuite name="spec_perl_TestRepeatEosBit_t" errors="0" failures="0" skipped="0" tests="1" time="0.0445349216461182">
    <system-out>1..1
ok 1 - Equals
</system-out>
    <testcase name="Equals (8)" classname="spec_perl_TestRepeatEosBit_t" time="0.000307083129882812" />
  </testsuite>
  <testsuite name="spec_perl_TestRecursiveOne_t" errors="0" failures="0" skipped="0" tests="4" time="0.0454990863800049">
    <system-out>1..4
ok 1 - Equals
ok 2 - Equals
ok 3 - Equals
ok 4 - Equals
</system-out>
    <testcase name="Equals (9)" classname="spec_perl_TestRecursiveOne_t" time="0.000268220901489258" />
    <testcase name="Equals (10)" classname="spec_perl_TestRecursiveOne_t" time="7.89165496826172e-05" />
    <testcase name="Equals (11)" classname="spec_perl_TestRecursiveOne_t" time="0.000153064727783203" />
    <testcase name="Equals (12)" classname="spec_perl_TestRecursiveOne_t" time="0.000123023986816406" />
  </testsuite>
  <testsuite name="spec_perl_TestExprSizeofValueSized_t" errors="0" failures="0" skipped="0" tests="5" time="0.0462539196014404">
    <system-out>1..5
ok 1 - Equals
ok 2 - Equals
ok 3 - Equals
ok 4 - Equals
ok 5 - Equals
</system-out>
    <testcase name="Equals (13)" classname="spec_perl_TestExprSizeofValueSized_t" time="0.000615835189819336" />
    <testcase name="Equals (14)" classname="spec_perl_TestExprSizeofValueSized_t" time="0.000100135803222656" />
    <testcase name="Equals (15)" classname="spec_perl_TestExprSizeofValueSized_t" time="5.98430633544922e-05" />
    <testcase name="Equals (16)" classname="spec_perl_TestExprSizeofValueSized_t" time="0.000154972076416016" />
    <testcase name="Equals (17)" classname="spec_perl_TestExprSizeofValueSized_t" time="0.000130176544189453" />
  </testsuite>
  <testsuite name="spec_perl_TestImportsAbsAbs_t" errors="0" failures="0" skipped="0" tests="3" time="0.0446810722351074">
    <system-out>1..3
ok 1 - Equals
ok 2 - Equals
ok 3 - Equals
</system-out>
    <testcase name="Equals (18)" classname="spec_perl_TestImportsAbsAbs_t" time="0.000293970108032227" />
    <testcase name="Equals (19)" classname="spec_perl_TestImportsAbsAbs_t" time="9.01222229003906e-05" />
    <testcase name="Equals (20)" classname="spec_perl_TestImportsAbsAbs_t" time="5.88893890380859e-05" />
  </testsuite>
  <testsuite name="spec_perl_TestParamsPassArrayUsertype_t" errors="0" failures="1" skipped="4" tests="5" time="0.0509989261627197">
    <system-out>1..5
not ok 1 - test_params_pass_array_usertype died (Can't use an undefined value as an ARRAY reference at compiled/perl/ParamsPassArrayUsertype.pm line 123.)
ok 2 # skip test_params_pass_array_usertype died
ok 3 # skip test_params_pass_array_usertype died
ok 4 # skip test_params_pass_array_usertype died
ok 5 # skip test_params_pass_array_usertype died
</system-out>
    <testcase name="test_params_pass_array_usertype died (Can't use an undefined value as an ARRAY reference at compiled/perl/ParamsPassArrayUsertype.pm line 123.) (20)" classname="spec_perl_TestParamsPassArrayUsertype_t" time="0.000357866287231445">
      <failure message="not ok 1 - test_params_pass_array_usertype died (Can't use an undefined value as an ARRAY reference at compiled/perl/ParamsPassArrayUsertype.pm line 123.)" type="TAP::Parser::Result::Test"></failure>
    </testcase>
    <testcase name="Unnamed test case 20" classname="spec_perl_TestParamsPassArrayUsertype_t" time="0.00558996200561523">
      <skipped message="ok 2 # skip test_params_pass_array_usertype died" />
    </testcase>
    <testcase name="Unnamed test case 21" classname="spec_perl_TestParamsPassArrayUsertype_t" time="8.60691070556641e-05">
      <skipped message="ok 3 # skip test_params_pass_array_usertype died" />
    </testcase>
    <testcase name="Unnamed test case 22" classname="spec_perl_TestParamsPassArrayUsertype_t" time="3.19480895996094e-05">
      <skipped message="ok 4 # skip test_params_pass_array_usertype died" />
    </testcase>
    <testcase name="Unnamed test case 23" classname="spec_perl_TestParamsPassArrayUsertype_t" time="2.90870666503906e-05">
      <skipped message="ok 5 # skip test_params_pass_array_usertype died" />
    </testcase>
  </testsuite>
  <testsuite name="spec_perl_TestProcessToUser_t" errors="0" failures="0" skipped="0" tests="1" time="0.0503690242767334">
    <system-out>1..1
ok 1 - Equals
</system-out>
    <testcase name="Equals (23)" classname="spec_perl_TestProcessToUser_t" time="0.000677108764648438" />
  </testsuite>
  <testsuite name="spec_perl_TestInstanceStd_t" errors="0" failures="0" skipped="0" tests="1" time="0.0490090847015381">
    <system-out>1..1
ok 1 - Equals
</system-out>
    <testcase name="Equals (24)" classname="spec_perl_TestInstanceStd_t" time="0.000298023223876953" />
  </testsuite>
  <testsuite name="spec_perl_TestPositionInSeq_t" errors="0" failures="0" skipped="0" tests="1" time="0.0449590682983398">
    <system-out>1..1
ok 1 - Equals
</system-out>
    <testcase name="Equals (25)" classname="spec_perl_TestPositionInSeq_t" time="0.000288963317871094" />
  </testsuite>
  <testsuite name="spec_perl_TestValidSwitch_t" errors="1" failures="0" skipped="0" tests="0" time="0.0500798225402832">
    <system-out></system-out>
    <testcase name="Test died too soon, even before plan. (25)" classname="spec_perl_TestValidSwitch_t" time="0.0500798225402832">
      <failure message="The test suite died before a plan was produced. You need to have a plan." type="Plan">No plan</failure>
    </testcase>
  </testsuite>
  <testsuite name="spec_perl_TestExprOpsParens_t" errors="1" failures="0" skipped="0" tests="0" time="0.0444691181182861">
    <system-out></system-out>
    <testcase name="Test died too soon, even before plan. (26)" classname="spec_perl_TestExprOpsParens_t" time="0.0444691181182861">
      <failure message="The test suite died before a plan was produced. You need to have a plan." type="Plan">No plan</failure>
    </testcase>
  </testsuite>
  <testsuite name="spec_perl_TestSwitchManualIntSizeEos_t" errors="0" failures="0" skipped="0" tests="10" time="0.0500760078430176">
    <system-out>1..10
ok 1 - Equals
ok 2 - Equals
ok 3 - Equals
ok 4 - Equals
ok 5 - Equals
ok 6 - Equals
ok 7 - Equals
ok 8 - Equals
ok 9 - Equals
ok 10 - Equals
</system-out>
    <testcase name="Equals (26)" classname="spec_perl_TestSwitchManualIntSizeEos_t" time="0.000817775726318359" />
    <testcase name="Equals (27)" classname="spec_perl_TestSwitchManualIntSizeEos_t" time="0.000105142593383789" />
    <testcase name="Equals (28)" classname="spec_perl_TestSwitchManualIntSizeEos_t" time="4.88758087158203e-05" />
    <testcase name="Equals (29)" classname="spec_perl_TestSwitchManualIntSizeEos_t" time="7.51018524169922e-05" />
    <testcase name="Equals (30)" classname="spec_perl_TestSwitchManualIntSizeEos_t" time="0.000164985656738281" />
    <testcase name="Equals (31)" classname="spec_perl_TestSwitchManualIntSizeEos_t" time="0.000164031982421875" />
    <testcase name="Equals (32)" classname="spec_perl_TestSwitchManualIntSizeEos_t" time="0.00014495849609375" />
    <testcase name="Equals (33)" classname="spec_perl_TestSwitchManualIntSizeEos_t" time="0.000142097473144531" />
    <testcase name="Equals (34)" classname="spec_perl_TestSwitchManualIntSizeEos_t" time="0.000118017196655273" />
    <testcase name="Equals (35)" classname="spec_perl_TestSwitchManualIntSizeEos_t" time="0.000142812728881836" />
  </testsuite>
  <testsuite name="spec_perl_TestNonStandard_t" errors="0" failures="0" skipped="0" tests="1" time="0.0444550514221191">
    <system-out>1..1
ok 1 - Equals
</system-out>
    <testcase name="Equals (36)" classname="spec_perl_TestNonStandard_t" time="0.000260114669799805" />
  </testsuite>
  <testsuite name="spec_perl_TestIndexToParamEos_t" errors="0" failures="2" skipped="0" tests="7" time="0.0608038902282715">
    <system-out>1..7
ok 1 - Equals
ok 2 - Equals
ok 3 - Equals
ok 4 - Equals
ok 5 - Equals
not ok 6 - Equals
not ok 7 - Equals
</system-out>
    <testcase name="Equals (37)" classname="spec_perl_TestIndexToParamEos_t" time="0.00931191444396973" />
    <testcase name="Equals (38)" classname="spec_perl_TestIndexToParamEos_t" time="0.00012516975402832" />
    <testcase name="Equals (39)" classname="spec_perl_TestIndexToParamEos_t" time="3.98159027099609e-05" />
    <testcase name="Equals (40)" classname="spec_perl_TestIndexToParamEos_t" time="3.40938568115234e-05" />
    <testcase name="Equals (41)" classname="spec_perl_TestIndexToParamEos_t" time="3.09944152832031e-05" />
    <testcase name="Equals (42)" classname="spec_perl_TestIndexToParamEos_t" time="4.50611114501953e-05">
      <failure message="not ok 6 - Equals" type="TAP::Parser::Result::Test"></failure>
    </testcase>
    <testcase name="Equals (43)" classname="spec_perl_TestIndexToParamEos_t" time="3.19480895996094e-05">
      <failure message="not ok 7 - Equals" type="TAP::Parser::Result::Test"></failure>
    </testcase>
  </testsuite>
  <testsuite name="spec_perl_TestInstanceUserArray_t" errors="0" failures="0" skipped="0" tests="10" time="0.045691967010498">
    <system-out>1..10
ok 1 - Equals
ok 2 - Equals
ok 3 - Equals
ok 4 - Equals
ok 5 - Equals
ok 6 - Equals
ok 7 - Equals
ok 8 - Equals
ok 9 - Equals
ok 10 - Equals
</system-out>
    <testcase name="Equals (44)" classname="spec_perl_TestInstanceUserArray_t" time="0.000284910202026367" />
    <testcase name="Equals (45)" classname="spec_perl_TestInstanceUserArray_t" time="8.70227813720703e-05" />
    <testcase name="Equals (46)" classname="spec_perl_TestInstanceUserArray_t" time="8.29696655273438e-05" />
    <testcase name="Equals (47)" classname="spec_perl_TestInstanceUserArray_t" time="0.000597953796386719" />
    <testcase name="Equals (48)" classname="spec_perl_TestInstanceUserArray_t" time="9.10758972167969e-05" />
    <testcase name="Equals (49)" classname="spec_perl_TestInstanceUserArray_t" time="0.000119924545288086" />
    <testcase name="Equals (50)" classname="spec_perl_TestInstanceUserArray_t" time="0.000133991241455078" />
    <testcase name="Equals (51)" classname="spec_perl_TestInstanceUserArray_t" time="0.000135183334350586" />
    <testcase name="Equals (52)" classname="spec_perl_TestInstanceUserArray_t" time="0.000152826309204102" />
    <testcase name="Equals (53)" classname="spec_perl_TestInstanceUserArray_t" time="0.000108957290649414" />
  </testsuite>
  <testsuite name="spec_perl_TestEnumOfValueInst_t" errors="0" failures="0" skipped="0" tests="4" time="0.0441339015960693">
    <system-out>1..4
ok 1 - Equals
ok 2 - Equals
ok 3 - Equals
ok 4 - Equals
</system-out>
    <testcase name="Equals (54)" classname="spec_perl_TestEnumOfValueInst_t" time="0.000251054763793945" />
    <testcase name="Equals (55)" classname="spec_perl_TestEnumOfValueInst_t" time="8.10623168945312e-05" />
    <testcase name="Equals (56)" classname="spec_perl_TestEnumOfValueInst_t" time="0.000127792358398438" />
    <testcase name="Equals (57)" classname="spec_perl_TestEnumOfValueInst_t" time="0.000123023986816406" />
  </testsuite>
  <testsuite name="spec_perl_TestImportsAbs_t" errors="0" failures="0" skipped="0" tests="2" time="0.0445919036865234">
    <system-out>1..2
ok 1 - Equals
ok 2 - Equals
</system-out>
    <testcase name="Equals (58)" classname="spec_perl_TestImportsAbs_t" time="0.000326871871948242" />
    <testcase name="Equals (59)" classname="spec_perl_TestImportsAbs_t" time="8.79764556884766e-05" />
  </testsuite>
  <testsuite name="spec_perl_TestOpaqueExternalType02Parent_t" errors="0" failures="0" skipped="0" tests="3" time="0.0492169857025146">
    <system-out>1..3
ok 1 - Equals
ok 2 - Equals
ok 3 - Equals
</system-out>
    <testcase name="Equals (60)" classname="spec_perl_TestOpaqueExternalType02Parent_t" time="0.000410079956054688" />
    <testcase name="Equals (61)" classname="spec_perl_TestOpaqueExternalType02Parent_t" time="0.000137090682983398" />
    <testcase name="Equals (62)" classname="spec_perl_TestOpaqueExternalType02Parent_t" time="6.60419464111328e-05" />
  </testsuite>
  <testsuite name="spec_perl_TestStrLiterals_t" errors="0" failures="0" skipped="0" tests="5" time="0.0450589656829834">
    <system-out>1..5
ok 1 - Equals
ok 2 - Equals
ok 3 - Equals
ok 4 - Equals
ok 5 - Equals
</system-out>
    <testcase name="Equals (63)" classname="spec_perl_TestStrLiterals_t" time="0.000282049179077148" />
    <testcase name="Equals (64)" classname="spec_perl_TestStrLiterals_t" time="8.10623168945312e-05" />
    <testcase name="Equals (65)" classname="spec_perl_TestStrLiterals_t" time="0.000169992446899414" />
    <testcase name="Equals (66)" classname="spec_perl_TestStrLiterals_t" time="0.000126838684082031" />
    <testcase name="Equals (67)" classname="spec_perl_TestStrLiterals_t" time="0.000177145004272461" />
  </testsuite>
  <testsuite name="spec_perl_TestNestedTypeParam_t" errors="0" failures="2" skipped="0" tests="2" time="0.0490021705627441">
    <system-out>1..2
not ok 1 - Equals
not ok 2 - Equals
</system-out>
    <testcase name="Equals (68)" classname="spec_perl_TestNestedTypeParam_t" time="0.00373005867004395">
      <failure message="not ok 1 - Equals" type="TAP::Parser::Result::Test"></failure>
    </testcase>
    <testcase name="Equals (69)" classname="spec_perl_TestNestedTypeParam_t" time="0.000123023986816406">
      <failure message="not ok 2 - Equals" type="TAP::Parser::Result::Test"></failure>
    </testcase>
  </testsuite>
  <testsuite name="spec_perl_TestProcessXorConst_t" errors="0" failures="0" skipped="0" tests="2" time="0.045374870300293">
    <system-out>1..2
ok 1 - Equals
ok 2 - Equals
</system-out>
    <testcase name="Equals (70)" classname="spec_perl_TestProcessXorConst_t" time="0.000287055969238281" />
    <testcase name="Equals (71)" classname="spec_perl_TestProcessXorConst_t" time="9.20295715332031e-05" />
  </testsuite>
  <testsuite name="spec_perl_TestParamsPassArrayInt_t" errors="0" failures="1" skipped="6" tests="7" time="0.0599009990692139">
    <system-out>1..7
not ok 1 - test_params_pass_array_int died (Can't use an undefined value as an ARRAY reference at spec/perl/TestParamsPassArrayInt.t line 15.)
ok 2 # skip test_params_pass_array_int died
ok 3 # skip test_params_pass_array_int died
ok 4 # skip test_params_pass_array_int died
ok 5 # skip test_params_pass_array_int died
ok 6 # skip test_params_pass_array_int died
ok 7 # skip test_params_pass_array_int died
</system-out>
    <testcase name="test_params_pass_array_int died (Can't use an undefined value as an ARRAY reference at spec/perl/TestParamsPassArrayInt.t line 15.) (71)" classname="spec_perl_TestParamsPassArrayInt_t" time="0.000946998596191406">
      <failure message="not ok 1 - test_params_pass_array_int died (Can't use an undefined value as an ARRAY reference at spec/perl/TestParamsPassArrayInt.t line 15.)" type="TAP::Parser::Result::Test"></failure>
    </testcase>
    <testcase name="Unnamed test case 71" classname="spec_perl_TestParamsPassArrayInt_t" time="0.00118708610534668">
      <skipped message="ok 2 # skip test_params_pass_array_int died" />
    </testcase>
    <testcase name="Unnamed test case 72" classname="spec_perl_TestParamsPassArrayInt_t" time="0.000387907028198242">
      <skipped message="ok 3 # skip test_params_pass_array_int died" />
    </testcase>
    <testcase name="Unnamed test case 73" classname="spec_perl_TestParamsPassArrayInt_t" time="0.000360012054443359">
      <skipped message="ok 4 # skip test_params_pass_array_int died" />
    </testcase>
    <testcase name="Unnamed test case 74" classname="spec_perl_TestParamsPassArrayInt_t" time="0.000391006469726562">
      <skipped message="ok 5 # skip test_params_pass_array_int died" />
    </testcase>
    <testcase name="Unnamed test case 75" classname="spec_perl_TestParamsPassArrayInt_t" time="0.000405073165893555">
      <skipped message="ok 6 # skip test_params_pass_array_int died" />
    </testcase>
    <testcase name="Unnamed test case 76" classname="spec_perl_TestParamsPassArrayInt_t" time="0.000418901443481445">
      <skipped message="ok 7 # skip test_params_pass_array_int died" />
    </testcase>
  </testsuite>
  <testsuite name="spec_perl_TestEofExceptionBytes_t" errors="0" failures="0" skipped="0" tests="1" time="0.054340124130249">
    <system-out>1..1
ok 1 - Died
</system-out>
    <testcase name="Died (76)" classname="spec_perl_TestEofExceptionBytes_t" time="0.000174999237060547" />
  </testsuite>
  <testsuite name="spec_perl_TestBitsSimple_t" errors="0" failures="0" skipped="0" tests="14" time="0.0463230609893799">
    <system-out>1..14
ok 1 - Equals
ok 2 - Equals
ok 3 - Equals
ok 4 - Equals
ok 5 - Equals
ok 6 - Equals
ok 7 - Equals
ok 8 - Equals
ok 9 - Equals
ok 10 - Equals
ok 11 - Equals
ok 12 - Equals
ok 13 - Equals
ok 14 - Equals
</system-out>
    <testcase name="Equals (76)" classname="spec_perl_TestBitsSimple_t" time="0.000303983688354492" />
    <testcase name="Equals (77)" classname="spec_perl_TestBitsSimple_t" time="8.41617584228516e-05" />
    <testcase name="Equals (78)" classname="spec_perl_TestBitsSimple_t" time="0.000111818313598633" />
    <testcase name="Equals (79)" classname="spec_perl_TestBitsSimple_t" time="0.000130176544189453" />
    <testcase name="Equals (80)" classname="spec_perl_TestBitsSimple_t" time="0.000138998031616211" />
    <testcase name="Equals (81)" classname="spec_perl_TestBitsSimple_t" time="0.00011897087097168" />
    <testcase name="Equals (82)" classname="spec_perl_TestBitsSimple_t" time="0.000126838684082031" />
    <testcase name="Equals (83)" classname="spec_perl_TestBitsSimple_t" time="0.000142097473144531" />
    <testcase name="Equals (84)" classname="spec_perl_TestBitsSimple_t" time="0.000123023986816406" />
    <testcase name="Equals (85)" classname="spec_perl_TestBitsSimple_t" time="0.000145912170410156" />
    <testcase name="Equals (86)" classname="spec_perl_TestBitsSimple_t" time="0.000115156173706055" />
    <testcase name="Equals (87)" classname="spec_perl_TestBitsSimple_t" time="0.000121831893920898" />
    <testcase name="Equals (88)" classname="spec_perl_TestBitsSimple_t" time="0.000147104263305664" />
    <testcase name="Equals (89)" classname="spec_perl_TestBitsSimple_t" time="0.000110864639282227" />
  </testsuite>
  <testsuite name="spec_perl_TestSwitchManualInt_t" errors="0" failures="0" skipped="0" tests="9" time="0.0483789443969727">
    <system-out>1..9
ok 1 - Equals
ok 2 - Equals
ok 3 - Equals
ok 4 - Equals
ok 5 - Equals
ok 6 - Equals
ok 7 - Equals
ok 8 - Equals
ok 9 - Equals
</system-out>
    <testcase name="Equals (90)" classname="spec_perl_TestSwitchManualInt_t" time="0.000375986099243164" />
    <testcase name="Equals (91)" classname="spec_perl_TestSwitchManualInt_t" time="9.10758972167969e-05" />
    <testcase name="Equals (92)" classname="spec_perl_TestSwitchManualInt_t" time="5.69820404052734e-05" />
    <testcase name="Equals (93)" classname="spec_perl_TestSwitchManualInt_t" time="0.000135898590087891" />
    <testcase name="Equals (94)" classname="spec_perl_TestSwitchManualInt_t" time="0.000123977661132812" />
    <testcase name="Equals (95)" classname="spec_perl_TestSwitchManualInt_t" time="0.000120162963867188" />
    <testcase name="Equals (96)" classname="spec_perl_TestSwitchManualInt_t" time="0.000145912170410156" />
    <testcase name="Equals (97)" classname="spec_perl_TestSwitchManualInt_t" time="0.00011897087097168" />
    <testcase name="Equals (98)" classname="spec_perl_TestSwitchManualInt_t" time="0.000149965286254883" />
  </testsuite>
  <testsuite name="spec_perl_TestEnum1_t" errors="0" failures="0" skipped="0" tests="2" time="0.0462110042572021">
    <system-out>1..2
ok 1 - Equals
ok 2 - Equals
</system-out>
    <testcase name="Equals (99)" classname="spec_perl_TestEnum1_t" time="0.000296115875244141" />
    <testcase name="Equals (100)" classname="spec_perl_TestEnum1_t" time="8.89301300048828e-05" />
  </testsuite>
  <testsuite name="spec_perl_TestEofExceptionU4_t" errors="0" failures="0" skipped="0" tests="1" time="0.0454950332641602">
    <system-out>1..1
ok 1 - Died
</system-out>
    <testcase name="Died (100)" classname="spec_perl_TestEofExceptionU4_t" time="0.000166893005371094" />
  </testsuite>
  <testsuite name="spec_perl_TestCombineBool_t" errors="0" failures="0" skipped="0" tests="2" time="0.0433518886566162">
    <system-out>1..2
ok 1 - Equals
ok 2 - Equals
</system-out>
    <testcase name="Equals (101)" classname="spec_perl_TestCombineBool_t" time="0.000242948532104492" />
    <testcase name="Equals (102)" classname="spec_perl_TestCombineBool_t" time="7.51018524169922e-05" />
  </testsuite>
  <testsuite name="spec_perl_TestSwitchMultiBoolOps_t" errors="0" failures="0" skipped="0" tests="9" time="0.0455911159515381">
    <system-out>1..9
ok 1 - Equals
ok 2 - Equals
ok 3 - Equals
ok 4 - Equals
ok 5 - Equals
ok 6 - Equals
ok 7 - Equals
ok 8 - Equals
ok 9 - Equals
</system-out>
    <testcase name="Equals (103)" classname="spec_perl_TestSwitchMultiBoolOps_t" time="0.000355958938598633" />
    <testcase name="Equals (104)" classname="spec_perl_TestSwitchMultiBoolOps_t" time="9.10758972167969e-05" />
    <testcase name="Equals (105)" classname="spec_perl_TestSwitchMultiBoolOps_t" time="5.69820404052734e-05" />
    <testcase name="Equals (106)" classname="spec_perl_TestSwitchMultiBoolOps_t" time="0.000149965286254883" />
    <testcase name="Equals (107)" classname="spec_perl_TestSwitchMultiBoolOps_t" time="9.41753387451172e-05" />
    <testcase name="Equals (108)" classname="spec_perl_TestSwitchMultiBoolOps_t" time="0.000151872634887695" />
    <testcase name="Equals (109)" classname="spec_perl_TestSwitchMultiBoolOps_t" time="0.000106096267700195" />
    <testcase name="Equals (110)" classname="spec_perl_TestSwitchMultiBoolOps_t" time="0.000138998031616211" />
    <testcase name="Equals (111)" classname="spec_perl_TestSwitchMultiBoolOps_t" time="0.000149965286254883" />
  </testsuite>
  <testsuite name="spec_perl_TestExprIfIntOps_t" errors="0" failures="0" skipped="0" tests="2" time="0.0453519821166992">
    <system-out>1..2
ok 1 - Equals
ok 2 - Equals
</system-out>
    <testcase name="Equals (112)" classname="spec_perl_TestExprIfIntOps_t" time="0.000295877456665039" />
    <testcase name="Equals (113)" classname="spec_perl_TestExprIfIntOps_t" time="8.60691070556641e-05" />
  </testsuite>
  <testsuite name="spec_perl_TestParamsPassUsertype_t" errors="0" failures="1" skipped="1" tests="2" time="0.0502068996429443">
    <system-out>1..2
not ok 1 - test_params_pass_usertype died (Can't call method &quot;foo&quot; on an undefined value at compiled/perl/ParamsPassUsertype.pm line 119.)
ok 2 # skip test_params_pass_usertype died
</system-out>
    <testcase name="test_params_pass_usertype died (Can't call method &quot;foo&quot; on an undefined value at compiled/perl/ParamsPassUsertype.pm line 119.) (113)" classname="spec_perl_TestParamsPassUsertype_t" time="0.000399112701416016">
      <failure message="not ok 1 - test_params_pass_usertype died (Can't call method &quot;foo&quot; on an undefined value at compiled/perl/ParamsPassUsertype.pm line 119.)" type="TAP::Parser::Result::Test"></failure>
    </testcase>
    <testcase name="Unnamed test case 113" classname="spec_perl_TestParamsPassUsertype_t" time="0.00268387794494629">
      <skipped message="ok 2 # skip test_params_pass_usertype died" />
    </testcase>
  </testsuite>
  <testsuite name="spec_perl_TestBufferedStruct_t" errors="0" failures="0" skipped="0" tests="7" time="0.0469198226928711">
    <system-out>1..7
ok 1 - Equals
ok 2 - Equals
ok 3 - Equals
ok 4 - Equals
ok 5 - Equals
ok 6 - Equals
ok 7 - Equals
</system-out>
    <testcase name="Equals (114)" classname="spec_perl_TestBufferedStruct_t" time="0.000627994537353516" />
    <testcase name="Equals (115)" classname="spec_perl_TestBufferedStruct_t" time="0.000102996826171875" />
    <testcase name="Equals (116)" classname="spec_perl_TestBufferedStruct_t" time="5.98430633544922e-05" />
    <testcase name="Equals (117)" classname="spec_perl_TestBufferedStruct_t" time="0.000126123428344727" />
    <testcase name="Equals (118)" classname="spec_perl_TestBufferedStruct_t" time="0.000131845474243164" />
    <testcase name="Equals (119)" classname="spec_perl_TestBufferedStruct_t" time="0.000138998031616211" />
    <testcase name="Equals (120)" classname="spec_perl_TestBufferedStruct_t" time="0.000110149383544922" />
  </testsuite>
  <testsuite name="spec_perl_TestProcessRotate_t" errors="0" failures="0" skipped="0" tests="3" time="0.0443589687347412">
    <system-out>1..3
ok 1 - Equals
ok 2 - Equals
ok 3 - Equals
</system-out>
    <testcase name="Equals (121)" classname="spec_perl_TestProcessRotate_t" time="0.000253915786743164" />
    <testcase name="Equals (122)" classname="spec_perl_TestProcessRotate_t" time="8.0108642578125e-05" />
    <testcase name="Equals (123)" classname="spec_perl_TestProcessRotate_t" time="0.000176906585693359" />
  </testsuite>
  <testsuite name="spec_perl_TestExprSizeofValue0_t" errors="0" failures="0" skipped="0" tests="5" time="0.044093132019043">
    <system-out>1..5
ok 1 - Equals
ok 2 - Equals
ok 3 - Equals
ok 4 - Equals
ok 5 - Equals
</system-out>
    <testcase name="Equals (124)" classname="spec_perl_TestExprSizeofValue0_t" time="0.000189065933227539" />
    <testcase name="Equals (125)" classname="spec_perl_TestExprSizeofValue0_t" time="7.29560852050781e-05" />
    <testcase name="Equals (126)" classname="spec_perl_TestExprSizeofValue0_t" time="0.000159978866577148" />
    <testcase name="Equals (127)" classname="spec_perl_TestExprSizeofValue0_t" time="9.89437103271484e-05" />
    <testcase name="Equals (128)" classname="spec_perl_TestExprSizeofValue0_t" time="0.000154018402099609" />
  </testsuite>
  <testsuite name="spec_perl_TestProcessRepeatUsertype_t" errors="0" failures="0" skipped="0" tests="4" time="0.0447418689727783">
    <system-out>1..4
ok 1 - Equals
ok 2 - Equals
ok 3 - Equals
ok 4 - Equals
</system-out>
    <testcase name="Equals (129)" classname="spec_perl_TestProcessRepeatUsertype_t" time="0.000551939010620117" />
    <testcase name="Equals (130)" classname="spec_perl_TestProcessRepeatUsertype_t" time="0.000100135803222656" />
    <testcase name="Equals (131)" classname="spec_perl_TestProcessRepeatUsertype_t" time="5.88893890380859e-05" />
    <testcase name="Equals (132)" classname="spec_perl_TestProcessRepeatUsertype_t" time="0.000138998031616211" />
  </testsuite>
  <testsuite name="spec_perl_TestDefaultBigEndian_t" errors="0" failures="0" skipped="0" tests="1" time="0.0507519245147705">
    <system-out>1..1
ok 1 - Equals
</system-out>
    <testcase name="Equals (133)" classname="spec_perl_TestDefaultBigEndian_t" time="0.000278949737548828" />
  </testsuite>
  <testsuite name="spec_perl_TestRepeatUntilComplex_t" errors="0" failures="0" skipped="0" tests="17" time="0.0458028316497803">
    <system-out>1..17
ok 1 - Equals
ok 2 - Equals
ok 3 - Equals
ok 4 - Equals
ok 5 - Equals
ok 6 - Equals
ok 7 - Equals
ok 8 - Equals
ok 9 - Equals
ok 10 - Equals
ok 11 - Equals
ok 12 - Equals
ok 13 - Equals
ok 14 - Equals
ok 15 - Equals
ok 16 - Equals
ok 17 - Equals
</system-out>
    <testcase name="Equals (134)" classname="spec_perl_TestRepeatUntilComplex_t" time="0.000338077545166016" />
    <testcase name="Equals (135)" classname="spec_perl_TestRepeatUntilComplex_t" time="8.79764556884766e-05" />
    <testcase name="Equals (136)" classname="spec_perl_TestRepeatUntilComplex_t" time="0.000132083892822266" />
    <testcase name="Equals (137)" classname="spec_perl_TestRepeatUntilComplex_t" time="0.000125885009765625" />
    <testcase name="Equals (138)" classname="spec_perl_TestRepeatUntilComplex_t" time="0.000138044357299805" />
    <testcase name="Equals (139)" classname="spec_perl_TestRepeatUntilComplex_t" time="0.000123023986816406" />
    <testcase name="Equals (140)" classname="spec_perl_TestRepeatUntilComplex_t" time="9.29832458496094e-05" />
    <testcase name="Equals (141)" classname="spec_perl_TestRepeatUntilComplex_t" time="0.00014805793762207" />
    <testcase name="Equals (142)" classname="spec_perl_TestRepeatUntilComplex_t" time="0.000195980072021484" />
    <testcase name="Equals (143)" classname="spec_perl_TestRepeatUntilComplex_t" time="6.4849853515625e-05" />
    <testcase name="Equals (144)" classname="spec_perl_TestRepeatUntilComplex_t" time="0.000110149383544922" />
    <testcase name="Equals (145)" classname="spec_perl_TestRepeatUntilComplex_t" time="0.000123023986816406" />
    <testcase name="Equals (146)" classname="spec_perl_TestRepeatUntilComplex_t" time="0.000154018402099609" />
    <testcase name="Equals (147)" classname="spec_perl_TestRepeatUntilComplex_t" time="0.000116825103759766" />
    <testcase name="Equals (148)" classname="spec_perl_TestRepeatUntilComplex_t" time="0.000147104263305664" />
    <testcase name="Equals (149)" classname="spec_perl_TestRepeatUntilComplex_t" time="8.48770141601562e-05" />
    <testcase name="Equals (150)" classname="spec_perl_TestRepeatUntilComplex_t" time="0.000143051147460938" />
  </testsuite>
  <testsuite name="spec_perl_TestNavParentFalse_t" errors="0" failures="0" skipped="0" tests="5" time="0.0449409484863281">
    <system-out>1..5
ok 1 - Equals
ok 2 - Equals
ok 3 - Equals
ok 4 - Equals
ok 5 - Equals
</system-out>
    <testcase name="Equals (151)" classname="spec_perl_TestNavParentFalse_t" time="0.000283002853393555" />
    <testcase name="Equals (152)" classname="spec_perl_TestNavParentFalse_t" time="8.17775726318359e-05" />
    <testcase name="Equals (153)" classname="spec_perl_TestNavParentFalse_t" time="0.000128030776977539" />
    <testcase name="Equals (154)" classname="spec_perl_TestNavParentFalse_t" time="0.000128030776977539" />
    <testcase name="Equals (155)" classname="spec_perl_TestNavParentFalse_t" time="0.000112056732177734" />
  </testsuite>
  <testsuite name="spec_perl_TestRepeatEosStruct_t" errors="0" failures="0" skipped="0" tests="5" time="0.0462260246276855">
    <system-out>1..5
ok 1 - Equals
ok 2 - Equals
ok 3 - Equals
ok 4 - Equals
ok 5 - Equals
</system-out>
    <testcase name="Equals (156)" classname="spec_perl_TestRepeatEosStruct_t" time="0.000273942947387695" />
    <testcase name="Equals (157)" classname="spec_perl_TestRepeatEosStruct_t" time="8.79764556884766e-05" />
    <testcase name="Equals (158)" classname="spec_perl_TestRepeatEosStruct_t" time="0.000116109848022461" />
    <testcase name="Equals (159)" classname="spec_perl_TestRepeatEosStruct_t" time="0.000142097473144531" />
    <testcase name="Equals (160)" classname="spec_perl_TestRepeatEosStruct_t" time="0.000136852264404297" />
  </testsuite>
  <testsuite name="spec_perl_TestDebugSwitchUser_t" errors="1" failures="0" skipped="0" tests="0" time="0.0518360137939453">
    <system-out></system-out>
    <testcase name="Test died too soon, even before plan. (160)" classname="spec_perl_TestDebugSwitchUser_t" time="0.0518360137939453">
      <failure message="The test suite died before a plan was produced. You need to have a plan." type="Plan">No plan</failure>
    </testcase>
  </testsuite>
  <testsuite name="spec_perl_TestProcessCustom_t" errors="1" failures="0" skipped="0" tests="0" time="0.041456937789917">
    <system-out></system-out>
    <testcase name="Test died too soon, even before plan. (161)" classname="spec_perl_TestProcessCustom_t" time="0.041456937789917">
      <failure message="The test suite died before a plan was produced. You need to have a plan." type="Plan">No plan</failure>
    </testcase>
  </testsuite>
  <testsuite name="spec_perl_TestJsSignedRightShift_t" errors="0" failures="0" skipped="0" tests="2" time="0.0445408821105957">
    <system-out>1..2
ok 1 - Equals
ok 2 - Equals
</system-out>
    <testcase name="Equals (161)" classname="spec_perl_TestJsSignedRightShift_t" time="0.000276088714599609" />
    <testcase name="Equals (162)" classname="spec_perl_TestJsSignedRightShift_t" time="8.08238983154297e-05" />
  </testsuite>
  <testsuite name="spec_perl_TestExprIoPos_t" errors="0" failures="0" skipped="0" tests="6" time="0.0491869449615479">
    <system-out>1..6
ok 1 - Equals
ok 2 - Equals
ok 3 - Equals
ok 4 - Equals
ok 5 - Equals
ok 6 - Equals
</system-out>
    <testcase name="Equals (163)" classname="spec_perl_TestExprIoPos_t" time="0.000711917877197266" />
    <testcase name="Equals (164)" classname="spec_perl_TestExprIoPos_t" time="0.000107049942016602" />
    <testcase name="Equals (165)" classname="spec_perl_TestExprIoPos_t" time="6.38961791992188e-05" />
    <testcase name="Equals (166)" classname="spec_perl_TestExprIoPos_t" time="6.41345977783203e-05" />
    <testcase name="Equals (167)" classname="spec_perl_TestExprIoPos_t" time="0.000162839889526367" />
    <testcase name="Equals (168)" classname="spec_perl_TestExprIoPos_t" time="0.000113964080810547" />
  </testsuite>
  <testsuite name="spec_perl_TestYamlInts_t" errors="0" failures="0" skipped="0" tests="4" time="0.0519318580627441">
    <system-out>1..4
ok 1 - Equals
ok 2 - Equals
ok 3 - Equals
ok 4 - Equals
</system-out>
    <testcase name="Equals (169)" classname="spec_perl_TestYamlInts_t" time="0.000296831130981445" />
    <testcase name="Equals (170)" classname="spec_perl_TestYamlInts_t" time="8.41617584228516e-05" />
    <testcase name="Equals (171)" classname="spec_perl_TestYamlInts_t" time="0.000152826309204102" />
    <testcase name="Equals (172)" classname="spec_perl_TestYamlInts_t" time="0.000132083892822266" />
  </testsuite>
  <testsuite name="spec_perl_TestTsPacketHeader_t" errors="0" failures="0" skipped="0" tests="7" time="0.0452799797058105">
    <system-out>1..7
ok 1 - Equals
ok 2 - Equals
ok 3 - Equals
ok 4 - Equals
ok 5 - Equals
ok 6 - Equals
ok 7 - Equals
</system-out>
    <testcase name="Equals (173)" classname="spec_perl_TestTsPacketHeader_t" time="0.00031590461730957" />
    <testcase name="Equals (174)" classname="spec_perl_TestTsPacketHeader_t" time="8.51154327392578e-05" />
    <testcase name="Equals (175)" classname="spec_perl_TestTsPacketHeader_t" time="0.000118017196655273" />
    <testcase name="Equals (176)" classname="spec_perl_TestTsPacketHeader_t" time="0.000134944915771484" />
    <testcase name="Equals (177)" classname="spec_perl_TestTsPacketHeader_t" time="0.000114917755126953" />
    <testcase name="Equals (178)" classname="spec_perl_TestTsPacketHeader_t" time="0.00015711784362793" />
    <testcase name="Equals (179)" classname="spec_perl_TestTsPacketHeader_t" time="0.000102043151855469" />
  </testsuite>
  <testsuite name="spec_perl_TestStrEos_t" errors="0" failures="0" skipped="0" tests="1" time="0.0477690696716309">
    <system-out>1..1
ok 1 - Equals
</system-out>
    <testcase name="Equals (180)" classname="spec_perl_TestStrEos_t" time="0.000337123870849609" />
  </testsuite>
  <testsuite name="spec_perl_TestDocstringsDocrefMulti_t" errors="0" failures="0" skipped="1" tests="1" time="0.0456879138946533">
    <system-out>1..1
ok 1 # skip DocstringsDocrefMulti=HASH(0x2330430)
</system-out>
    <testcase name="Unnamed test case 180" classname="spec_perl_TestDocstringsDocrefMulti_t" time="0.00132393836975098">
      <skipped message="ok 1 # skip DocstringsDocrefMulti=HASH(0x2330430)" />
    </testcase>
  </testsuite>
  <testsuite name="spec_perl_TestEnumIntRangeU_t" errors="0" failures="0" skipped="0" tests="2" time="0.0445270538330078">
    <system-out>1..2
ok 1 - Equals
ok 2 - Equals
</system-out>
    <testcase name="Equals (181)" classname="spec_perl_TestEnumIntRangeU_t" time="0.000254154205322266" />
    <testcase name="Equals (182)" classname="spec_perl_TestEnumIntRangeU_t" time="7.89165496826172e-05" />
  </testsuite>
  <testsuite name="spec_perl_TestParamsEnum_t" errors="0" failures="1" skipped="0" tests="2" time="0.0515830516815186">
    <system-out>1..2
ok 1 - Equals
not ok 2 - Equals
</system-out>
    <testcase name="Equals (183)" classname="spec_perl_TestParamsEnum_t" time="0.000236034393310547" />
    <testcase name="Equals (184)" classname="spec_perl_TestParamsEnum_t" time="0.000190973281860352">
      <failure message="not ok 2 - Equals" type="TAP::Parser::Result::Test"></failure>
    </testcase>
  </testsuite>
  <testsuite name="spec_perl_TestDocstringsDocref_t" errors="0" failures="0" skipped="1" tests="1" time="0.0453901290893555">
    <system-out>1..1
ok 1 # skip DocstringsDocref=HASH(0x186bf90)
</system-out>
    <testcase name="Unnamed test case 184" classname="spec_perl_TestDocstringsDocref_t" time="0.00125598907470703">
      <skipped message="ok 1 # skip DocstringsDocref=HASH(0x186bf90)" />
    </testcase>
  </testsuite>
  <testsuite name="spec_perl_TestParamsCallShort_t" errors="0" failures="3" skipped="0" tests="3" time="0.0516722202301025">
    <system-out>1..3
not ok 1 - Equals
not ok 2 - Equals
not ok 3 - Equals
</system-out>
    <testcase name="Equals (185)" classname="spec_perl_TestParamsCallShort_t" time="0.0053098201751709">
      <failure message="not ok 1 - Equals" type="TAP::Parser::Result::Test"></failure>
    </testcase>
    <testcase name="Equals (186)" classname="spec_perl_TestParamsCallShort_t" time="7.10487365722656e-05">
      <failure message="not ok 2 - Equals" type="TAP::Parser::Result::Test"></failure>
    </testcase>
    <testcase name="Equals (187)" classname="spec_perl_TestParamsCallShort_t" time="2.81333923339844e-05">
      <failure message="not ok 3 - Equals" type="TAP::Parser::Result::Test"></failure>
    </testcase>
  </testsuite>
  <testsuite name="spec_perl_TestTypeTernary_t" errors="0" failures="0" skipped="0" tests="1" time="0.0450870990753174">
    <system-out>1..1
ok 1 - Equals
</system-out>
    <testcase name="Equals (188)" classname="spec_perl_TestTypeTernary_t" time="0.00064396858215332" />
  </testsuite>
  <testsuite name="spec_perl_TestProcessRepeatBytes_t" errors="0" failures="0" skipped="0" tests="2" time="0.0443799495697021">
    <system-out>1..2
ok 1 - Equals
ok 2 - Equals
</system-out>
    <testcase name="Equals (189)" classname="spec_perl_TestProcessRepeatBytes_t" time="0.000239133834838867" />
    <testcase name="Equals (190)" classname="spec_perl_TestProcessRepeatBytes_t" time="7.79628753662109e-05" />
  </testsuite>
  <testsuite name="spec_perl_TestNestedSameName_t" errors="0" failures="0" skipped="0" tests="2" time="0.0443530082702637">
    <system-out>1..2
ok 1 - Equals
ok 2 - Equals
</system-out>
    <testcase name="Equals (191)" classname="spec_perl_TestNestedSameName_t" time="0.000291109085083008" />
    <testcase name="Equals (192)" classname="spec_perl_TestNestedSameName_t" time="8.89301300048828e-05" />
  </testsuite>
  <testsuite name="spec_perl_TestCombineStr_t" errors="0" failures="0" skipped="0" tests="15" time="0.0487630367279053">
    <system-out>1..15
ok 1 - Equals
ok 2 - Equals
ok 3 - Equals
ok 4 - Equals
ok 5 - Equals
ok 6 - Equals
ok 7 - Equals
ok 8 - Equals
ok 9 - Equals
ok 10 - Equals
ok 11 - Equals
ok 12 - Equals
ok 13 - Equals
ok 14 - Equals
ok 15 - Equals
</system-out>
    <testcase name="Equals (193)" classname="spec_perl_TestCombineStr_t" time="0.000298023223876953" />
    <testcase name="Equals (194)" classname="spec_perl_TestCombineStr_t" time="8.29696655273438e-05" />
    <testcase name="Equals (195)" classname="spec_perl_TestCombineStr_t" time="0.000124931335449219" />
    <testcase name="Equals (196)" classname="spec_perl_TestCombineStr_t" time="0.000138998031616211" />
    <testcase name="Equals (197)" classname="spec_perl_TestCombineStr_t" time="0.000158071517944336" />
    <testcase name="Equals (198)" classname="spec_perl_TestCombineStr_t" time="0.000149011611938477" />
    <testcase name="Equals (199)" classname="spec_perl_TestCombineStr_t" time="0.000111818313598633" />
    <testcase name="Equals (200)" classname="spec_perl_TestCombineStr_t" time="0.000144004821777344" />
    <testcase name="Equals (201)" classname="spec_perl_TestCombineStr_t" time="0.000118017196655273" />
    <testcase name="Equals (202)" classname="spec_perl_TestCombineStr_t" time="0.000151157379150391" />
    <testcase name="Equals (203)" classname="spec_perl_TestCombineStr_t" time="0.000119924545288086" />
    <testcase name="Equals (204)" classname="spec_perl_TestCombineStr_t" time="0.000159978866577148" />
    <testcase name="Equals (205)" classname="spec_perl_TestCombineStr_t" time="0.000126123428344727" />
    <testcase name="Equals (206)" classname="spec_perl_TestCombineStr_t" time="0.000145912170410156" />
    <testcase name="Equals (207)" classname="spec_perl_TestCombineStr_t" time="0.000120878219604492" />
  </testsuite>
  <testsuite name="spec_perl_TestIndexSizes_t" errors="0" failures="0" skipped="0" tests="7" time="0.0495181083679199">
    <system-out>1..7
ok 1 - Equals
ok 2 - Equals
ok 3 - Equals
ok 4 - Equals
ok 5 - Equals
ok 6 - Equals
ok 7 - Equals
</system-out>
    <testcase name="Equals (208)" classname="spec_perl_TestIndexSizes_t" time="0.000319004058837891" />
    <testcase name="Equals (209)" classname="spec_perl_TestIndexSizes_t" time="0.000112056732177734" />
    <testcase name="Equals (210)" classname="spec_perl_TestIndexSizes_t" time="6.19888305664062e-05" />
    <testcase name="Equals (211)" classname="spec_perl_TestIndexSizes_t" time="0.000136852264404297" />
    <testcase name="Equals (212)" classname="spec_perl_TestIndexSizes_t" time="0.000128030776977539" />
    <testcase name="Equals (213)" classname="spec_perl_TestIndexSizes_t" time="0.000136137008666992" />
    <testcase name="Equals (214)" classname="spec_perl_TestIndexSizes_t" time="0.000149965286254883" />
  </testsuite>
  <testsuite name="spec_perl_TestIfInstances_t" errors="0" failures="0" skipped="0" tests="1" time="0.0434639453887939">
    <system-out>1..1
ok 1 - nil
</system-out>
    <testcase name="nil (214)" classname="spec_perl_TestIfInstances_t" time="0.000210046768188477" />
  </testsuite>
  <testsuite name="spec_perl_TestTypeTernaryOpaque_t" errors="0" failures="0" skipped="0" tests="3" time="0.05690598487854">
    <system-out>1..3
ok 1 - Equals
ok 2 - Equals
ok 3 - Equals
</system-out>
    <testcase name="Equals (215)" classname="spec_perl_TestTypeTernaryOpaque_t" time="0.000639915466308594" />
    <testcase name="Equals (216)" classname="spec_perl_TestTypeTernaryOpaque_t" time="0.000142097473144531" />
    <testcase name="Equals (217)" classname="spec_perl_TestTypeTernaryOpaque_t" time="7.79628753662109e-05" />
  </testsuite>
  <testsuite name="spec_perl_TestNavParentVsValueInst_t" errors="0" failures="0" skipped="0" tests="1" time="0.0477790832519531">
    <system-out>1..1
ok 1 - Equals
</system-out>
    <testcase name="Equals (218)" classname="spec_perl_TestNavParentVsValueInst_t" time="0.000362873077392578" />
  </testsuite>
  <testsuite name="spec_perl_TestExpr3_t" errors="0" failures="0" skipped="0" tests="12" time="0.0508968830108643">
    <system-out>1..12
ok 1 - Equals
ok 2 - Equals
ok 3 - Equals
ok 4 - Equals
ok 5 - Equals
ok 6 - Equals
ok 7 - Equals
ok 8 - Equals
ok 9 - Equals
ok 10 - Equals
ok 11 - Equals
ok 12 - Equals
</system-out>
    <testcase name="Equals (219)" classname="spec_perl_TestExpr3_t" time="0.000271797180175781" />
    <testcase name="Equals (220)" classname="spec_perl_TestExpr3_t" time="8.51154327392578e-05" />
    <testcase name="Equals (221)" classname="spec_perl_TestExpr3_t" time="0.000140905380249023" />
    <testcase name="Equals (222)" classname="spec_perl_TestExpr3_t" time="0.000131130218505859" />
    <testcase name="Equals (223)" classname="spec_perl_TestExpr3_t" time="0.000164985656738281" />
    <testcase name="Equals (224)" classname="spec_perl_TestExpr3_t" time="9.79900360107422e-05" />
    <testcase name="Equals (225)" classname="spec_perl_TestExpr3_t" time="0.000151872634887695" />
    <testcase name="Equals (226)" classname="spec_perl_TestExpr3_t" time="0.000121116638183594" />
    <testcase name="Equals (227)" classname="spec_perl_TestExpr3_t" time="0.000166893005371094" />
    <testcase name="Equals (228)" classname="spec_perl_TestExpr3_t" time="0.00011897087097168" />
    <testcase name="Equals (229)" classname="spec_perl_TestExpr3_t" time="0.000164031982421875" />
    <testcase name="Equals (230)" classname="spec_perl_TestExpr3_t" time="0.000128984451293945" />
  </testsuite>
  <testsuite name="spec_perl_TestCombineBytes_t" errors="0" failures="0" skipped="0" tests="10" time="0.045015811920166">
    <system-out>1..10
ok 1 - Equals
ok 2 - Equals
ok 3 - Equals
ok 4 - Equals
ok 5 - Equals
ok 6 - Equals
ok 7 - Equals
ok 8 - Equals
ok 9 - Equals
ok 10 - Equals
</system-out>
    <testcase name="Equals (231)" classname="spec_perl_TestCombineBytes_t" time="0.000268936157226562" />
    <testcase name="Equals (232)" classname="spec_perl_TestCombineBytes_t" time="8.60691070556641e-05" />
    <testcase name="Equals (233)" classname="spec_perl_TestCombineBytes_t" time="0.000113010406494141" />
    <testcase name="Equals (234)" classname="spec_perl_TestCombineBytes_t" time="0.000159978866577148" />
    <testcase name="Equals (235)" classname="spec_perl_TestCombineBytes_t" time="9.20295715332031e-05" />
    <testcase name="Equals (236)" classname="spec_perl_TestCombineBytes_t" time="0.000139951705932617" />
    <testcase name="Equals (237)" classname="spec_perl_TestCombineBytes_t" time="0.000114917755126953" />
    <testcase name="Equals (238)" classname="spec_perl_TestCombineBytes_t" time="0.000147104263305664" />
    <testcase name="Equals (239)" classname="spec_perl_TestCombineBytes_t" time="0.000123023986816406" />
    <testcase name="Equals (240)" classname="spec_perl_TestCombineBytes_t" time="0.000142097473144531" />
  </testsuite>
  <testsuite name="spec_perl_TestDebugEnumName_t" errors="1" failures="0" skipped="0" tests="0" time="0.0444979667663574">
    <system-out></system-out>
    <testcase name="Test died too soon, even before plan. (240)" classname="spec_perl_TestDebugEnumName_t" time="0.0444979667663574">
      <failure message="The test suite died before a plan was produced. You need to have a plan." type="Plan">No plan</failure>
    </testcase>
  </testsuite>
  <testsuite name="spec_perl_TestEosExceptionU4_t" errors="0" failures="0" skipped="0" tests="1" time="0.0465290546417236">
    <system-out>1..1
ok 1 - Died
</system-out>
    <testcase name="Died (240)" classname="spec_perl_TestEosExceptionU4_t" time="0.000562906265258789" />
  </testsuite>
  <testsuite name="spec_perl_TestImports0_t" errors="0" failures="0" skipped="0" tests="3" time="0.0451219081878662">
    <system-out>1..3
ok 1 - Equals
ok 2 - Equals
ok 3 - Equals
</system-out>
    <testcase name="Equals (241)" classname="spec_perl_TestImports0_t" time="0.000253915786743164" />
    <testcase name="Equals (242)" classname="spec_perl_TestImports0_t" time="8.29696655273438e-05" />
    <testcase name="Equals (243)" classname="spec_perl_TestImports0_t" time="0.000140190124511719" />
  </testsuite>
  <testsuite name="spec_perl_TestEnumIntRangeS_t" errors="0" failures="0" skipped="0" tests="3" time="0.0447928905487061">
    <system-out>1..3
ok 1 - Equals
ok 2 - Equals
ok 3 - Equals
</system-out>
    <testcase name="Equals (244)" classname="spec_perl_TestEnumIntRangeS_t" time="0.000265121459960938" />
    <testcase name="Equals (245)" classname="spec_perl_TestEnumIntRangeS_t" time="7.79628753662109e-05" />
    <testcase name="Equals (246)" classname="spec_perl_TestEnumIntRangeS_t" time="0.000126838684082031" />
  </testsuite>
  <testsuite name="spec_perl_TestNavParent3_t" errors="0" failures="0" skipped="0" tests="10" time="0.0494139194488525">
    <system-out>1..10
ok 1 - Equals
ok 2 - Equals
ok 3 - Equals
ok 4 - Equals
ok 5 - Equals
ok 6 - Equals
ok 7 - Equals
ok 8 - Equals
ok 9 - Equals
ok 10 - Equals
</system-out>
    <testcase name="Equals (247)" classname="spec_perl_TestNavParent3_t" time="0.000251054763793945" />
    <testcase name="Equals (248)" classname="spec_perl_TestNavParent3_t" time="0.000108003616333008" />
    <testcase name="Equals (249)" classname="spec_perl_TestNavParent3_t" time="0.000185966491699219" />
    <testcase name="Equals (250)" classname="spec_perl_TestNavParent3_t" time="0.000129938125610352" />
    <testcase name="Equals (251)" classname="spec_perl_TestNavParent3_t" time="0.00011897087097168" />
    <testcase name="Equals (252)" classname="spec_perl_TestNavParent3_t" time="0.000223159790039062" />
    <testcase name="Equals (253)" classname="spec_perl_TestNavParent3_t" time="9.08374786376953e-05" />
    <testcase name="Equals (254)" classname="spec_perl_TestNavParent3_t" time="0.000150203704833984" />
    <testcase name="Equals (255)" classname="spec_perl_TestNavParent3_t" time="0.000120878219604492" />
    <testcase name="Equals (256)" classname="spec_perl_TestNavParent3_t" time="0.000179052352905273" />
  </testsuite>
  <testsuite name="spec_perl_TestTermStrz_t" errors="0" failures="0" skipped="0" tests="3" time="0.0479400157928467">
    <system-out>1..3
ok 1 - Equals
ok 2 - Equals
ok 3 - Equals
</system-out>
    <testcase name="Equals (257)" classname="spec_perl_TestTermStrz_t" time="0.000352859497070312" />
    <testcase name="Equals (258)" classname="spec_perl_TestTermStrz_t" time="0.000110149383544922" />
    <testcase name="Equals (259)" classname="spec_perl_TestTermStrz_t" time="6.07967376708984e-05" />
  </testsuite>
  <testsuite name="spec_perl_TestExprBytesLiteral_t" errors="1" failures="0" skipped="0" tests="0" time="0.0490660667419434">
    <system-out></system-out>
    <testcase name="Test died too soon, even before plan. (259)" classname="spec_perl_TestExprBytesLiteral_t" time="0.0490660667419434">
      <failure message="The test suite died before a plan was produced. You need to have a plan." type="Plan">No plan</failure>
    </testcase>
  </testsuite>
  <testsuite name="spec_perl_TestZlibSurrounded_t" errors="0" failures="0" skipped="0" tests="1" time="0.0665080547332764">
    <system-out>1..1
ok 1 - Equals
</system-out>
    <testcase name="Equals (260)" classname="spec_perl_TestZlibSurrounded_t" time="0.000669956207275391" />
  </testsuite>
  <testsuite name="spec_perl_TestDefaultEndianExprIsBe_t" errors="0" failures="0" skipped="0" tests="18" time="0.0473370552062988">
    <system-out>1..18
ok 1 - Equals
ok 2 - Equals
ok 3 - Equals
ok 4 - Equals
ok 5 - Equals
ok 6 - Equals
ok 7 - Equals
ok 8 - Equals
ok 9 - Equals
ok 10 - Equals
ok 11 - Equals
ok 12 - Equals
ok 13 - Equals
ok 14 - Equals
ok 15 - Equals
ok 16 - Equals
ok 17 - Equals
ok 18 - Equals
</system-out>
    <testcase name="Equals (261)" classname="spec_perl_TestDefaultEndianExprIsBe_t" time="0.000316143035888672" />
    <testcase name="Equals (262)" classname="spec_perl_TestDefaultEndianExprIsBe_t" time="8.20159912109375e-05" />
    <testcase name="Equals (263)" classname="spec_perl_TestDefaultEndianExprIsBe_t" time="0.000136852264404297" />
    <testcase name="Equals (264)" classname="spec_perl_TestDefaultEndianExprIsBe_t" time="0.000131130218505859" />
    <testcase name="Equals (265)" classname="spec_perl_TestDefaultEndianExprIsBe_t" time="0.000169038772583008" />
    <testcase name="Equals (266)" classname="spec_perl_TestDefaultEndianExprIsBe_t" time="0.00017094612121582" />
    <testcase name="Equals (267)" classname="spec_perl_TestDefaultEndianExprIsBe_t" time="0.000118017196655273" />
    <testcase name="Equals (268)" classname="spec_perl_TestDefaultEndianExprIsBe_t" time="0.000143051147460938" />
    <testcase name="Equals (269)" classname="spec_perl_TestDefaultEndianExprIsBe_t" time="0.000146865844726562" />
    <testcase name="Equals (270)" classname="spec_perl_TestDefaultEndianExprIsBe_t" time="0.000121116638183594" />
    <testcase name="Equals (271)" classname="spec_perl_TestDefaultEndianExprIsBe_t" time="0.000165939331054688" />
    <testcase name="Equals (272)" classname="spec_perl_TestDefaultEndianExprIsBe_t" time="0.00017094612121582" />
    <testcase name="Equals (273)" classname="spec_perl_TestDefaultEndianExprIsBe_t" time="0.000108957290649414" />
    <testcase name="Equals (274)" classname="spec_perl_TestDefaultEndianExprIsBe_t" time="0.000145196914672852" />
    <testcase name="Equals (275)" classname="spec_perl_TestDefaultEndianExprIsBe_t" time="0.000114917755126953" />
    <testcase name="Equals (276)" classname="spec_perl_TestDefaultEndianExprIsBe_t" time="0.000146865844726562" />
    <testcase name="Equals (277)" classname="spec_perl_TestDefaultEndianExprIsBe_t" time="0.000147104263305664" />
    <testcase name="Equals (278)" classname="spec_perl_TestDefaultEndianExprIsBe_t" time="0.000154972076416016" />
  </testsuite>
  <testsuite name="spec_perl_TestValidShort_t" errors="1" failures="0" skipped="0" tests="0" time="0.0440959930419922">
    <system-out></system-out>
    <testcase name="Test died too soon, even before plan. (278)" classname="spec_perl_TestValidShort_t" time="0.0440959930419922">
      <failure message="The test suite died before a plan was produced. You need to have a plan." type="Plan">No plan</failure>
    </testcase>
  </testsuite>
  <testsuite name="spec_perl_TestExprBytesCmp_t" errors="0" failures="0" skipped="0" tests="10" time="0.0452988147735596">
    <system-out>1..10
ok 1 - Equals
ok 2 - Equals
ok 3 - Equals
ok 4 - Equals
ok 5 - Equals
ok 6 - Equals
ok 7 - Equals
ok 8 - Equals
ok 9 - Equals
ok 10 - Equals
</system-out>
    <testcase name="Equals (279)" classname="spec_perl_TestExprBytesCmp_t" time="0.000216007232666016" />
    <testcase name="Equals (280)" classname="spec_perl_TestExprBytesCmp_t" time="0.000104904174804688" />
    <testcase name="Equals (281)" classname="spec_perl_TestExprBytesCmp_t" time="0.00014805793762207" />
    <testcase name="Equals (282)" classname="spec_perl_TestExprBytesCmp_t" time="0.000123023986816406" />
    <testcase name="Equals (283)" classname="spec_perl_TestExprBytesCmp_t" time="0.000124931335449219" />
    <testcase name="Equals (284)" classname="spec_perl_TestExprBytesCmp_t" time="0.000147104263305664" />
    <testcase name="Equals (285)" classname="spec_perl_TestExprBytesCmp_t" time="0.000149011611938477" />
    <testcase name="Equals (286)" classname="spec_perl_TestExprBytesCmp_t" time="0.000123977661132812" />
    <testcase name="Equals (287)" classname="spec_perl_TestExprBytesCmp_t" time="0.000149965286254883" />
    <testcase name="Equals (288)" classname="spec_perl_TestExprBytesCmp_t" time="0.000127077102661133" />
  </testsuite>
  <testsuite name="spec_perl_TestSwitchCast_t" errors="0" failures="0" skipped="0" tests="2" time="0.0469460487365723">
    <system-out>1..2
ok 1 - Equals
ok 2 - Equals
</system-out>
    <testcase name="Equals (289)" classname="spec_perl_TestSwitchCast_t" time="0.000324010848999023" />
    <testcase name="Equals (290)" classname="spec_perl_TestSwitchCast_t" time="9.29832458496094e-05" />
  </testsuite>
  <testsuite name="spec_perl_TestRepeatUntilSized_t" errors="0" failures="0" skipped="0" tests="7" time="0.0450499057769775">
    <system-out>1..7
ok 1 - Equals
ok 2 - Equals
ok 3 - Equals
ok 4 - Equals
ok 5 - Equals
ok 6 - Equals
ok 7 - Equals
</system-out>
    <testcase name="Equals (291)" classname="spec_perl_TestRepeatUntilSized_t" time="0.000584840774536133" />
    <testcase name="Equals (292)" classname="spec_perl_TestRepeatUntilSized_t" time="0.000105142593383789" />
    <testcase name="Equals (293)" classname="spec_perl_TestRepeatUntilSized_t" time="5.79357147216797e-05" />
    <testcase name="Equals (294)" classname="spec_perl_TestRepeatUntilSized_t" time="0.000118017196655273" />
    <testcase name="Equals (295)" classname="spec_perl_TestRepeatUntilSized_t" time="0.000139951705932617" />
    <testcase name="Equals (296)" classname="spec_perl_TestRepeatUntilSized_t" time="0.000124931335449219" />
    <testcase name="Equals (297)" classname="spec_perl_TestRepeatUntilSized_t" time="0.00014805793762207" />
  </testsuite>
  <testsuite name="spec_perl_TestNavParentOverride_t" errors="0" failures="0" skipped="0" tests="3" time="0.0447590351104736">
    <system-out>1..3
ok 1 - Equals
ok 2 - Equals
ok 3 - Equals
</system-out>
    <testcase name="Equals (298)" classname="spec_perl_TestNavParentOverride_t" time="0.000312089920043945" />
    <testcase name="Equals (299)" classname="spec_perl_TestNavParentOverride_t" time="8.60691070556641e-05" />
    <testcase name="Equals (300)" classname="spec_perl_TestNavParentOverride_t" time="9.20295715332031e-05" />
  </testsuite>
  <testsuite name="spec_perl_TestNavParentSwitch_t" errors="0" failures="0" skipped="0" tests="3" time="0.0447399616241455">
    <system-out>1..3
ok 1 - Equals
ok 2 - Equals
ok 3 - Equals
</system-out>
    <testcase name="Equals (301)" classname="spec_perl_TestNavParentSwitch_t" time="0.000275135040283203" />
    <testcase name="Equals (302)" classname="spec_perl_TestNavParentSwitch_t" time="8.29696655273438e-05" />
    <testcase name="Equals (303)" classname="spec_perl_TestNavParentSwitch_t" time="0.000117063522338867" />
  </testsuite>
  <testsuite name="spec_perl_TestStrPadTerm_t" errors="0" failures="0" skipped="0" tests="4" time="0.0488300323486328">
    <system-out>1..4
ok 1 - Equals
ok 2 - Equals
ok 3 - Equals
ok 4 - Equals
</system-out>
    <testcase name="Equals (304)" classname="spec_perl_TestStrPadTerm_t" time="0.00035405158996582" />
    <testcase name="Equals (305)" classname="spec_perl_TestStrPadTerm_t" time="9.17911529541016e-05" />
    <testcase name="Equals (306)" classname="spec_perl_TestStrPadTerm_t" time="5.81741333007812e-05" />
    <testcase name="Equals (307)" classname="spec_perl_TestStrPadTerm_t" time="0.000164985656738281" />
  </testsuite>
  <testsuite name="spec_perl_TestIndexToParamUntil_t" errors="0" failures="2" skipped="0" tests="7" time="0.0634059906005859">
    <system-out>1..7
ok 1 - Equals
ok 2 - Equals
ok 3 - Equals
ok 4 - Equals
ok 5 - Equals
not ok 6 - Equals
not ok 7 - Equals
</system-out>
    <testcase name="Equals (308)" classname="spec_perl_TestIndexToParamUntil_t" time="0.000546932220458984" />
    <testcase name="Equals (309)" classname="spec_perl_TestIndexToParamUntil_t" time="9.918212890625e-05" />
    <testcase name="Equals (310)" classname="spec_perl_TestIndexToParamUntil_t" time="0.000223875045776367" />
    <testcase name="Equals (311)" classname="spec_perl_TestIndexToParamUntil_t" time="0.000391960144042969" />
    <testcase name="Equals (312)" classname="spec_perl_TestIndexToParamUntil_t" time="0.000384092330932617" />
    <testcase name="Equals (313)" classname="spec_perl_TestIndexToParamUntil_t" time="0.000457048416137695">
      <failure message="not ok 6 - Equals" type="TAP::Parser::Result::Test"></failure>
    </testcase>
    <testcase name="Equals (314)" classname="spec_perl_TestIndexToParamUntil_t" time="0.00306797027587891">
      <failure message="not ok 7 - Equals" type="TAP::Parser::Result::Test"></failure>
    </testcase>
  </testsuite>
  <testsuite name="spec_perl_TestHelloWorld_t" errors="0" failures="0" skipped="0" tests="1" time="0.043687105178833">
    <system-out>1..1
ok 1 - Equals
</system-out>
    <testcase name="Equals (315)" classname="spec_perl_TestHelloWorld_t" time="0.000236034393310547" />
  </testsuite>
  <testsuite name="spec_perl_TestExprMod_t" errors="0" failures="0" skipped="0" tests="6" time="0.0456628799438477">
    <system-out>1..6
ok 1 - Equals
ok 2 - Equals
ok 3 - Equals
ok 4 - Equals
ok 5 - Equals
ok 6 - Equals
</system-out>
    <testcase name="Equals (316)" classname="spec_perl_TestExprMod_t" time="0.000237226486206055" />
    <testcase name="Equals (317)" classname="spec_perl_TestExprMod_t" time="8.08238983154297e-05" />
    <testcase name="Equals (318)" classname="spec_perl_TestExprMod_t" time="0.000174999237060547" />
    <testcase name="Equals (319)" classname="spec_perl_TestExprMod_t" time="9.70363616943359e-05" />
    <testcase name="Equals (320)" classname="spec_perl_TestExprMod_t" time="0.000153064727783203" />
    <testcase name="Equals (321)" classname="spec_perl_TestExprMod_t" time="0.000154018402099609" />
  </testsuite>
  <testsuite name="spec_perl_TestNestedTypes_t" errors="0" failures="0" skipped="0" tests="3" time="0.0577070713043213">
    <system-out>1..3
ok 1 - Equals
ok 2 - Equals
ok 3 - Equals
</system-out>
    <testcase name="Equals (322)" classname="spec_perl_TestNestedTypes_t" time="0.000272989273071289" />
    <testcase name="Equals (323)" classname="spec_perl_TestNestedTypes_t" time="8.392333984375e-05" />
    <testcase name="Equals (324)" classname="spec_perl_TestNestedTypes_t" time="0.000123023986816406" />
  </testsuite>
  <testsuite name="spec_perl_TestTypeTernary2ndFalsy_t" errors="0" failures="1" skipped="0" tests="13" time="0.0479130744934082">
    <system-out>1..13
ok 1 - Equals
ok 2 - Equals
ok 3 - Equals
ok 4 - Approx equals
ok 5 - Approx equals
ok 6 - Equals
ok 7 - Equals
ok 8 - Equals
ok 9 - nil
ok 10 - Equals
ok 11 - Equals
ok 12 - Equals
not ok 13 - test_type_ternary_2nd_falsy died (Can't use an undefined value as an ARRAY reference at spec/perl/TestTypeTernary2ndFalsy.t line 27.)
</system-out>
    <testcase name="Equals (325)" classname="spec_perl_TestTypeTernary2ndFalsy_t" time="0.000306844711303711" />
    <testcase name="Equals (326)" classname="spec_perl_TestTypeTernary2ndFalsy_t" time="8.82148742675781e-05" />
    <testcase name="Equals (327)" classname="spec_perl_TestTypeTernary2ndFalsy_t" time="0.000111818313598633" />
    <testcase name="Approx equals (327)" classname="spec_perl_TestTypeTernary2ndFalsy_t" time="6.00814819335938e-05" />
    <testcase name="Approx equals (328)" classname="spec_perl_TestTypeTernary2ndFalsy_t" time="5.60283660888672e-05" />
    <testcase name="Equals (328)" classname="spec_perl_TestTypeTernary2ndFalsy_t" time="0.000166893005371094" />
    <testcase name="Equals (329)" classname="spec_perl_TestTypeTernary2ndFalsy_t" time="0.000123977661132812" />
    <testcase name="Equals (330)" classname="spec_perl_TestTypeTernary2ndFalsy_t" time="0.000153064727783203" />
    <testcase name="nil (330)" classname="spec_perl_TestTypeTernary2ndFalsy_t" time="6.19888305664062e-05" />
    <testcase name="Equals (331)" classname="spec_perl_TestTypeTernary2ndFalsy_t" time="0.000106096267700195" />
    <testcase name="Equals (332)" classname="spec_perl_TestTypeTernary2ndFalsy_t" time="0.000151872634887695" />
    <testcase name="Equals (333)" classname="spec_perl_TestTypeTernary2ndFalsy_t" time="0.000115156173706055" />
    <testcase name="test_type_ternary_2nd_falsy died (Can't use an undefined value as an ARRAY reference at spec/perl/TestTypeTernary2ndFalsy.t line 27.) (333)" classname="spec_perl_TestTypeTernary2ndFalsy_t" time="0.000291824340820312">
      <failure message="not ok 13 - test_type_ternary_2nd_falsy died (Can't use an undefined value as an ARRAY reference at spec/perl/TestTypeTernary2ndFalsy.t line 27.)" type="TAP::Parser::Result::Test"></failure>
    </testcase>
  </testsuite>
  <testsuite name="spec_perl_TestValidNotParsedIf_t" errors="1" failures="0" skipped="0" tests="0" time="0.0440740585327148">
    <system-out></system-out>
    <testcase name="Test died too soon, even before plan. (333)" classname="spec_perl_TestValidNotParsedIf_t" time="0.0440740585327148">
      <failure message="The test suite died before a plan was produced. You need to have a plan." type="Plan">No plan</failure>
    </testcase>
  </testsuite>
  <testsuite name="spec_perl_TestDefaultEndianExprInherited_t" errors="0" failures="0" skipped="0" tests="15" time="0.0471980571746826">
    <system-out>1..15
ok 1 - Equals
ok 2 - Equals
ok 3 - Equals
ok 4 - Equals
ok 5 - Equals
ok 6 - Equals
ok 7 - Equals
ok 8 - Equals
ok 9 - Equals
ok 10 - Equals
ok 11 - Equals
ok 12 - Equals
ok 13 - Equals
ok 14 - Equals
ok 15 - Equals
</system-out>
    <testcase name="Equals (334)" classname="spec_perl_TestDefaultEndianExprInherited_t" time="0.00038599967956543" />
    <testcase name="Equals (335)" classname="spec_perl_TestDefaultEndianExprInherited_t" time="9.70363616943359e-05" />
    <testcase name="Equals (336)" classname="spec_perl_TestDefaultEndianExprInherited_t" time="5.81741333007812e-05" />
    <testcase name="Equals (337)" classname="spec_perl_TestDefaultEndianExprInherited_t" time="0.000145912170410156" />
    <testcase name="Equals (338)" classname="spec_perl_TestDefaultEndianExprInherited_t" time="0.000152111053466797" />
    <testcase name="Equals (339)" classname="spec_perl_TestDefaultEndianExprInherited_t" time="0.00011897087097168" />
    <testcase name="Equals (340)" classname="spec_perl_TestDefaultEndianExprInherited_t" time="0.000144004821777344" />
    <testcase name="Equals (341)" classname="spec_perl_TestDefaultEndianExprInherited_t" time="0.000115871429443359" />
    <testcase name="Equals (342)" classname="spec_perl_TestDefaultEndianExprInherited_t" time="0.000128984451293945" />
    <testcase name="Equals (343)" classname="spec_perl_TestDefaultEndianExprInherited_t" time="0.000160932540893555" />
    <testcase name="Equals (344)" classname="spec_perl_TestDefaultEndianExprInherited_t" time="0.000117063522338867" />
    <testcase name="Equals (345)" classname="spec_perl_TestDefaultEndianExprInherited_t" time="0.00017094612121582" />
    <testcase name="Equals (346)" classname="spec_perl_TestDefaultEndianExprInherited_t" time="0.000132083892822266" />
    <testcase name="Equals (347)" classname="spec_perl_TestDefaultEndianExprInherited_t" time="0.000175952911376953" />
    <testcase name="Equals (348)" classname="spec_perl_TestDefaultEndianExprInherited_t" time="0.00011897087097168" />
  </testsuite>
  <testsuite name="spec_perl_TestProcessCoerceBytes_t" errors="0" failures="0" skipped="0" tests="4" time="0.0445880889892578">
    <system-out>1..4
ok 1 - Equals
ok 2 - Equals
ok 3 - Equals
ok 4 - Equals
</system-out>
    <testcase name="Equals (349)" classname="spec_perl_TestProcessCoerceBytes_t" time="0.000326871871948242" />
    <testcase name="Equals (350)" classname="spec_perl_TestProcessCoerceBytes_t" time="8.89301300048828e-05" />
    <testcase name="Equals (351)" classname="spec_perl_TestProcessCoerceBytes_t" time="5.81741333007812e-05" />
    <testcase name="Equals (352)" classname="spec_perl_TestProcessCoerceBytes_t" time="0.000186920166015625" />
  </testsuite>
  <testsuite name="spec_perl_TestExprEnum_t" errors="0" failures="0" skipped="0" tests="3" time="0.0468318462371826">
    <system-out>1..3
ok 1 - Equals
ok 2 - Equals
ok 3 - Equals
</system-out>
    <testcase name="Equals (353)" classname="spec_perl_TestExprEnum_t" time="0.000240087509155273" />
    <testcase name="Equals (354)" classname="spec_perl_TestExprEnum_t" time="8.29696655273438e-05" />
    <testcase name="Equals (355)" classname="spec_perl_TestExprEnum_t" time="0.000164985656738281" />
  </testsuite>
  <testsuite name="spec_perl_TestProcessCoerceSwitch_t" errors="0" failures="0" skipped="0" tests="3" time="0.0439350605010986">
    <system-out>1..3
ok 1 - Equals
ok 2 - Equals
ok 3 - Equals
</system-out>
    <testcase name="Equals (356)" classname="spec_perl_TestProcessCoerceSwitch_t" time="0.000545978546142578" />
    <testcase name="Equals (357)" classname="spec_perl_TestProcessCoerceSwitch_t" time="0.000102043151855469" />
    <testcase name="Equals (358)" classname="spec_perl_TestProcessCoerceSwitch_t" time="5.79357147216797e-05" />
  </testsuite>
  <testsuite name="spec_perl_TestRepeatUntilS4_t" errors="0" failures="0" skipped="0" tests="2" time="0.047684907913208">
    <system-out>1..2
ok 1 - Equals
ok 2 - Equals
</system-out>
    <testcase name="Equals (359)" classname="spec_perl_TestRepeatUntilS4_t" time="0.000335931777954102" />
    <testcase name="Equals (360)" classname="spec_perl_TestRepeatUntilS4_t" time="8.51154327392578e-05" />
  </testsuite>
  <testsuite name="spec_perl_TestMetaXref_t" errors="0" failures="0" skipped="1" tests="1" time="0.0458250045776367">
    <system-out>1..1
ok 1 # skip MetaXref=HASH(0x2307bb8)
</system-out>
    <testcase name="Unnamed test case 360" classname="spec_perl_TestMetaXref_t" time="0.00137996673583984">
      <skipped message="ok 1 # skip MetaXref=HASH(0x2307bb8)" />
    </testcase>
  </testsuite>
  <testsuite name="spec_perl_TestBitsSeqEndianCombo_t" errors="0" failures="0" skipped="0" tests="8" time="0.0460941791534424">
    <system-out>1..8
ok 1 - Equals
ok 2 - Equals
ok 3 - Equals
ok 4 - Equals
ok 5 - Equals
ok 6 - Equals
ok 7 - Equals
ok 8 - Equals
</system-out>
    <testcase name="Equals (361)" classname="spec_perl_TestBitsSeqEndianCombo_t" time="0.000324010848999023" />
    <testcase name="Equals (362)" classname="spec_perl_TestBitsSeqEndianCombo_t" time="8.392333984375e-05" />
    <testcase name="Equals (363)" classname="spec_perl_TestBitsSeqEndianCombo_t" time="0.000127077102661133" />
    <testcase name="Equals (364)" classname="spec_perl_TestBitsSeqEndianCombo_t" time="0.000133037567138672" />
    <testcase name="Equals (365)" classname="spec_perl_TestBitsSeqEndianCombo_t" time="0.000133037567138672" />
    <testcase name="Equals (366)" classname="spec_perl_TestBitsSeqEndianCombo_t" time="0.000121831893920898" />
    <testcase name="Equals (367)" classname="spec_perl_TestBitsSeqEndianCombo_t" time="0.000139951705932617" />
    <testcase name="Equals (368)" classname="spec_perl_TestBitsSeqEndianCombo_t" time="0.000117063522338867" />
  </testsuite>
  <testsuite name="spec_perl_TestProcessXor4Const_t" errors="0" failures="0" skipped="0" tests="2" time="0.0465319156646729">
    <system-out>1..2
ok 1 - Equals
ok 2 - Equals
</system-out>
    <testcase name="Equals (369)" classname="spec_perl_TestProcessXor4Const_t" time="0.0002899169921875" />
    <testcase name="Equals (370)" classname="spec_perl_TestProcessXor4Const_t" time="7.91549682617188e-05" />
  </testsuite>
  <testsuite name="spec_perl_TestPositionToEnd_t" errors="0" failures="0" skipped="0" tests="2" time="0.0445249080657959">
    <system-out>1..2
ok 1 - Equals
ok 2 - Equals
</system-out>
    <testcase name="Equals (371)" classname="spec_perl_TestPositionToEnd_t" time="0.000128984451293945" />
    <testcase name="Equals (372)" classname="spec_perl_TestPositionToEnd_t" time="3.09944152832031e-05" />
  </testsuite>
  <testsuite name="spec_perl_TestEnumDeepLiterals_t" errors="0" failures="0" skipped="0" tests="2" time="0.0461499691009521">
    <system-out>1..2
ok 1 - Equals
ok 2 - Equals
</system-out>
    <testcase name="Equals (373)" classname="spec_perl_TestEnumDeepLiterals_t" time="0.000283002853393555" />
    <testcase name="Equals (374)" classname="spec_perl_TestEnumDeepLiterals_t" time="7.29560852050781e-05" />
  </testsuite>
  <testsuite name="spec_perl_TestRepeatNStruct_t" errors="0" failures="0" skipped="0" tests="5" time="0.0455889701843262">
    <system-out>1..5
ok 1 - Equals
ok 2 - Equals
ok 3 - Equals
ok 4 - Equals
ok 5 - Equals
</system-out>
    <testcase name="Equals (375)" classname="spec_perl_TestRepeatNStruct_t" time="0.000219106674194336" />
    <testcase name="Equals (376)" classname="spec_perl_TestRepeatNStruct_t" time="7.48634338378906e-05" />
    <testcase name="Equals (377)" classname="spec_perl_TestRepeatNStruct_t" time="0.000199079513549805" />
    <testcase name="Equals (378)" classname="spec_perl_TestRepeatNStruct_t" time="7.89165496826172e-05" />
    <testcase name="Equals (379)" classname="spec_perl_TestRepeatNStruct_t" time="8.41617584228516e-05" />
  </testsuite>
  <testsuite name="spec_perl_TestStrLiterals2_t" errors="0" failures="0" skipped="0" tests="4" time="0.045619010925293">
    <system-out>1..4
ok 1 - Equals
ok 2 - Equals
ok 3 - Equals
ok 4 - Equals
</system-out>
    <testcase name="Equals (380)" classname="spec_perl_TestStrLiterals2_t" time="0.000277996063232422" />
    <testcase name="Equals (381)" classname="spec_perl_TestStrLiterals2_t" time="8.392333984375e-05" />
    <testcase name="Equals (382)" classname="spec_perl_TestStrLiterals2_t" time="0.000137090682983398" />
    <testcase name="Equals (383)" classname="spec_perl_TestStrLiterals2_t" time="0.000138044357299805" />
  </testsuite>
  <testsuite name="spec_perl_TestEnumIf_t" errors="0" failures="0" skipped="0" tests="7" time="0.0485460758209229">
    <system-out>1..7
ok 1 - Equals
ok 2 - Equals
ok 3 - Equals
ok 4 - Equals
ok 5 - Equals
ok 6 - Equals
ok 7 - Equals
</system-out>
    <testcase name="Equals (384)" classname="spec_perl_TestEnumIf_t" time="0.000397920608520508" />
    <testcase name="Equals (385)" classname="spec_perl_TestEnumIf_t" time="9.70363616943359e-05" />
    <testcase name="Equals (386)" classname="spec_perl_TestEnumIf_t" time="5.79357147216797e-05" />
    <testcase name="Equals (387)" classname="spec_perl_TestEnumIf_t" time="0.000152111053466797" />
    <testcase name="Equals (388)" classname="spec_perl_TestEnumIf_t" time="0.000127792358398438" />
    <testcase name="Equals (389)" classname="spec_perl_TestEnumIf_t" time="0.000128030776977539" />
    <testcase name="Equals (390)" classname="spec_perl_TestEnumIf_t" time="0.000120162963867188" />
  </testsuite>
  <testsuite name="spec_perl_TestValidLong_t" errors="1" failures="0" skipped="0" tests="0" time="0.0428459644317627">
    <system-out></system-out>
    <testcase name="Test died too soon, even before plan. (390)" classname="spec_perl_TestValidLong_t" time="0.0428459644317627">
      <failure message="The test suite died before a plan was produced. You need to have a plan." type="Plan">No plan</failure>
    </testcase>
  </testsuite>
  <testsuite name="spec_perl_TestEnumDeep_t" errors="0" failures="0" skipped="0" tests="2" time="0.045773983001709">
    <system-out>1..2
ok 1 - Equals
ok 2 - Equals
</system-out>
    <testcase name="Equals (391)" classname="spec_perl_TestEnumDeep_t" time="0.000243186950683594" />
    <testcase name="Equals (392)" classname="spec_perl_TestEnumDeep_t" time="9.89437103271484e-05" />
  </testsuite>
  <testsuite name="spec_perl_TestFloatToI_t" errors="0" failures="0" skipped="0" tests="8" time="0.045274019241333">
    <system-out>1..8
ok 1 - Equals
ok 2 - Equals
ok 3 - Equals
ok 4 - Equals
ok 5 - Equals
ok 6 - Equals
ok 7 - Equals
ok 8 - Equals
</system-out>
    <testcase name="Equals (393)" classname="spec_perl_TestFloatToI_t" time="0.000298023223876953" />
    <testcase name="Equals (394)" classname="spec_perl_TestFloatToI_t" time="8.29696655273438e-05" />
    <testcase name="Equals (395)" classname="spec_perl_TestFloatToI_t" time="0.000129938125610352" />
    <testcase name="Equals (396)" classname="spec_perl_TestFloatToI_t" time="0.000118017196655273" />
    <testcase name="Equals (397)" classname="spec_perl_TestFloatToI_t" time="0.000149011611938477" />
    <testcase name="Equals (398)" classname="spec_perl_TestFloatToI_t" time="0.000113010406494141" />
    <testcase name="Equals (399)" classname="spec_perl_TestFloatToI_t" time="0.000147104263305664" />
    <testcase name="Equals (400)" classname="spec_perl_TestFloatToI_t" time="0.000132083892822266" />
  </testsuite>
  <testsuite name="spec_perl_TestProcessXor4Value_t" errors="0" failures="0" skipped="0" tests="2" time="0.0468230247497559">
    <system-out>1..2
ok 1 - Equals
ok 2 - Equals
</system-out>
    <testcase name="Equals (401)" classname="spec_perl_TestProcessXor4Value_t" time="0.000269889831542969" />
    <testcase name="Equals (402)" classname="spec_perl_TestProcessXor4Value_t" time="8.20159912109375e-05" />
  </testsuite>
  <testsuite name="spec_perl_TestSwitchIntegers2_t" errors="0" failures="0" skipped="0" tests="5" time="0.0442161560058594">
    <system-out>1..5
ok 1 - Equals
ok 2 - Equals
ok 3 - Equals
ok 4 - Equals
ok 5 - Equals
</system-out>
    <testcase name="Equals (403)" classname="spec_perl_TestSwitchIntegers2_t" time="0.000255107879638672" />
    <testcase name="Equals (404)" classname="spec_perl_TestSwitchIntegers2_t" time="0.0001068115234375" />
    <testcase name="Equals (405)" classname="spec_perl_TestSwitchIntegers2_t" time="6.81877136230469e-05" />
    <testcase name="Equals (406)" classname="spec_perl_TestSwitchIntegers2_t" time="0.000157833099365234" />
    <testcase name="Equals (407)" classname="spec_perl_TestSwitchIntegers2_t" time="0.0001220703125" />
  </testsuite>
  <testsuite name="spec_perl_TestNestedTypes3_t" errors="0" failures="0" skipped="0" tests="5" time="0.0453851222991943">
    <system-out>1..5
ok 1 - Equals
ok 2 - Equals
ok 3 - Equals
ok 4 - Equals
ok 5 - Equals
</system-out>
    <testcase name="Equals (408)" classname="spec_perl_TestNestedTypes3_t" time="0.00032806396484375" />
    <testcase name="Equals (409)" classname="spec_perl_TestNestedTypes3_t" time="9.20295715332031e-05" />
    <testcase name="Equals (410)" classname="spec_perl_TestNestedTypes3_t" time="8.70227813720703e-05" />
    <testcase name="Equals (411)" classname="spec_perl_TestNestedTypes3_t" time="0.000160932540893555" />
    <testcase name="Equals (412)" classname="spec_perl_TestNestedTypes3_t" time="9.70363616943359e-05" />
  </testsuite>
  <testsuite name="spec_perl_TestInstanceIoUser_t" errors="0" failures="0" skipped="0" tests="4" time="0.0520670413970947">
    <system-out>1..4
ok 1 - Equals
ok 2 - Equals
ok 3 - Equals
ok 4 - Equals
</system-out>
    <testcase name="Equals (413)" classname="spec_perl_TestInstanceIoUser_t" time="0.000694990158081055" />
    <testcase name="Equals (414)" classname="spec_perl_TestInstanceIoUser_t" time="0.000104188919067383" />
    <testcase name="Equals (415)" classname="spec_perl_TestInstanceIoUser_t" time="0.000144004821777344" />
    <testcase name="Equals (416)" classname="spec_perl_TestInstanceIoUser_t" time="0.0001678466796875" />
  </testsuite>
  <testsuite name="spec_perl_TestEnumImport_t" errors="0" failures="2" skipped="0" tests="2" time="0.0491259098052979">
    <system-out>1..2
not ok 1 - Equals
not ok 2 - Equals
</system-out>
    <testcase name="Equals (417)" classname="spec_perl_TestEnumImport_t" time="0.000133037567138672">
      <failure message="not ok 1 - Equals" type="TAP::Parser::Result::Test"></failure>
    </testcase>
    <testcase name="Equals (418)" classname="spec_perl_TestEnumImport_t" time="4.38690185546875e-05">
      <failure message="not ok 2 - Equals" type="TAP::Parser::Result::Test"></failure>
    </testcase>
  </testsuite>
  <testsuite name="spec_perl_TestNavRoot_t" errors="0" failures="0" skipped="0" tests="5" time="0.0478579998016357">
    <system-out>1..5
ok 1 - Equals
ok 2 - Equals
ok 3 - Equals
ok 4 - Equals
ok 5 - Equals
</system-out>
    <testcase name="Equals (419)" classname="spec_perl_TestNavRoot_t" time="0.000391006469726562" />
[...]
    <testcase name="Approx equals (748)" classname="spec_perl_TestFloatingPoints_t" time="3.814697265625e-05" />
  </testsuite>
  <testsuite name="spec_perl_TestBitsEnum_t" errors="0" failures="0" skipped="0" tests="3" time="0.0450079441070557">
    <system-out>1..3
ok 1 - Equals
ok 2 - Equals
ok 3 - Equals
</system-out>
    <testcase name="Equals (748)" classname="spec_perl_TestBitsEnum_t" time="0.000317096710205078" />
    <testcase name="Equals (749)" classname="spec_perl_TestBitsEnum_t" time="8.89301300048828e-05" />
    <testcase name="Equals (750)" classname="spec_perl_TestBitsEnum_t" time="7.91549682617188e-05" />
  </testsuite>
  <testsuite name="spec_perl_TestExprIoEof_t" errors="0" failures="0" skipped="0" tests="4" time="0.047123908996582">
    <system-out>1..4
ok 1 - Equals
ok 2 - nil
ok 3 - Equals
ok 4 - Equals
</system-out>
    <testcase name="Equals (751)" classname="spec_perl_TestExprIoEof_t" time="0.000735998153686523" />
    <testcase name="nil (751)" classname="spec_perl_TestExprIoEof_t" time="0.000144004821777344" />
    <testcase name="Equals (752)" classname="spec_perl_TestExprIoEof_t" time="6.69956207275391e-05" />
    <testcase name="Equals (753)" classname="spec_perl_TestExprIoEof_t" time="0.000116109848022461" />
  </testsuite>
  <testsuite name="spec_perl_TestNestedSameName2_t" errors="0" failures="0" skipped="0" tests="5" time="0.0445468425750732">
    <system-out>1..5
ok 1 - Equals
ok 2 - Equals
ok 3 - Equals
ok 4 - Equals
ok 5 - Equals
</system-out>
    <testcase name="Equals (754)" classname="spec_perl_TestNestedSameName2_t" time="0.0002899169921875" />
    <testcase name="Equals (755)" classname="spec_perl_TestNestedSameName2_t" time="8.48770141601562e-05" />
    <testcase name="Equals (756)" classname="spec_perl_TestNestedSameName2_t" time="0.000116109848022461" />
    <testcase name="Equals (757)" classname="spec_perl_TestNestedSameName2_t" time="0.000138044357299805" />
    <testcase name="Equals (758)" classname="spec_perl_TestNestedSameName2_t" time="0.00014495849609375" />
  </testsuite>
  <testsuite name="spec_perl_TestInstanceStdArray_t" errors="0" failures="0" skipped="0" tests="7" time="0.0463080406188965">
    <system-out>1..7
ok 1 - Equals
ok 2 - Equals
ok 3 - Equals
ok 4 - Equals
ok 5 - Equals
ok 6 - Equals
ok 7 - Equals
</system-out>
    <testcase name="Equals (759)" classname="spec_perl_TestInstanceStdArray_t" time="0.00028681755065918" />
    <testcase name="Equals (760)" classname="spec_perl_TestInstanceStdArray_t" time="8.32080841064453e-05" />
    <testcase name="Equals (761)" classname="spec_perl_TestInstanceStdArray_t" time="0.000158786773681641" />
    <testcase name="Equals (762)" classname="spec_perl_TestInstanceStdArray_t" time="0.000161170959472656" />
    <testcase name="Equals (763)" classname="spec_perl_TestInstanceStdArray_t" time="0.000134944915771484" />
    <testcase name="Equals (764)" classname="spec_perl_TestInstanceStdArray_t" time="0.000149011611938477" />
    <testcase name="Equals (765)" classname="spec_perl_TestInstanceStdArray_t" time="0.000135898590087891" />
  </testsuite>
  <testsuite name="spec_perl_TestDocstrings_t" errors="0" failures="0" skipped="1" tests="1" time="0.0450670719146729">
    <system-out>1..1
ok 1 # skip Docstrings=HASH(0xf95830)
</system-out>
    <testcase name="Unnamed test case 765" classname="spec_perl_TestDocstrings_t" time="0.00139999389648438">
      <skipped message="ok 1 # skip Docstrings=HASH(0xf95830)" />
    </testcase>
  </testsuite>
  <testsuite name="spec_perl_TestStrPadTermEmpty_t" errors="0" failures="0" skipped="0" tests="4" time="0.0475559234619141">
    <system-out>1..4
ok 1 - Equals
ok 2 - Equals
ok 3 - Equals
ok 4 - Equals
</system-out>
    <testcase name="Equals (766)" classname="spec_perl_TestStrPadTermEmpty_t" time="0.000363826751708984" />
    <testcase name="Equals (767)" classname="spec_perl_TestStrPadTermEmpty_t" time="8.70227813720703e-05" />
    <testcase name="Equals (768)" classname="spec_perl_TestStrPadTermEmpty_t" time="5.91278076171875e-05" />
    <testcase name="Equals (769)" classname="spec_perl_TestStrPadTermEmpty_t" time="0.000151872634887695" />
  </testsuite>
  <testsuite name="spec_perl_TestRepeatEosU4_t" errors="0" failures="0" skipped="0" tests="1" time="0.0464520454406738">
    <system-out>1..1
ok 1 - Equals
</system-out>
    <testcase name="Equals (770)" classname="spec_perl_TestRepeatEosU4_t" time="0.000326156616210938" />
  </testsuite>
  <testsuite name="spec_perl_TestEnumInvalid_t" errors="0" failures="0" skipped="0" tests="2" time="0.0437920093536377">
    <system-out>1..2
ok 1 - Equals
ok 2 - Equals
</system-out>
    <testcase name="Equals (771)" classname="spec_perl_TestEnumInvalid_t" time="0.000233173370361328" />
    <testcase name="Equals (772)" classname="spec_perl_TestEnumInvalid_t" time="7.70092010498047e-05" />
  </testsuite>
  <testsuite name="spec_perl_TestParamsPassArrayStr_t" errors="0" failures="1" skipped="6" tests="7" time="0.057373046875">
    <system-out>1..7
not ok 1 - test_params_pass_array_str died (Can't use an undefined value as an ARRAY reference at spec/perl/TestParamsPassArrayStr.t line 15.)
ok 2 # skip test_params_pass_array_str died
ok 3 # skip test_params_pass_array_str died
ok 4 # skip test_params_pass_array_str died
ok 5 # skip test_params_pass_array_str died
ok 6 # skip test_params_pass_array_str died
ok 7 # skip test_params_pass_array_str died
</system-out>
    <testcase name="test_params_pass_array_str died (Can't use an undefined value as an ARRAY reference at spec/perl/TestParamsPassArrayStr.t line 15.) (772)" classname="spec_perl_TestParamsPassArrayStr_t" time="0.000442981719970703">
      <failure message="not ok 1 - test_params_pass_array_str died (Can't use an undefined value as an ARRAY reference at spec/perl/TestParamsPassArrayStr.t line 15.)" type="TAP::Parser::Result::Test"></failure>
    </testcase>
    <testcase name="Unnamed test case 772" classname="spec_perl_TestParamsPassArrayStr_t" time="0.000574111938476562">
      <skipped message="ok 2 # skip test_params_pass_array_str died" />
    </testcase>
    <testcase name="Unnamed test case 773" classname="spec_perl_TestParamsPassArrayStr_t" time="0.00102901458740234">
      <skipped message="ok 3 # skip test_params_pass_array_str died" />
    </testcase>
    <testcase name="Unnamed test case 774" classname="spec_perl_TestParamsPassArrayStr_t" time="0.000470876693725586">
      <skipped message="ok 4 # skip test_params_pass_array_str died" />
    </testcase>
    <testcase name="Unnamed test case 775" classname="spec_perl_TestParamsPassArrayStr_t" time="0.00053715705871582">
      <skipped message="ok 5 # skip test_params_pass_array_str died" />
    </testcase>
    <testcase name="Unnamed test case 776" classname="spec_perl_TestParamsPassArrayStr_t" time="0.00184798240661621">
      <skipped message="ok 6 # skip test_params_pass_array_str died" />
    </testcase>
    <testcase name="Unnamed test case 777" classname="spec_perl_TestParamsPassArrayStr_t" time="0.00010991096496582">
      <skipped message="ok 7 # skip test_params_pass_array_str died" />
    </testcase>
  </testsuite>
  <testsuite name="spec_perl_TestUserType_t" errors="0" failures="0" skipped="0" tests="2" time="0.0438530445098877">
    <system-out>1..2
ok 1 - Equals
ok 2 - Equals
</system-out>
    <testcase name="Equals (777)" classname="spec_perl_TestUserType_t" time="0.000261068344116211" />
    <testcase name="Equals (778)" classname="spec_perl_TestUserType_t" time="7.79628753662109e-05" />
  </testsuite>
  <testsuite name="spec_perl_TestNavParent_t" errors="0" failures="0" skipped="0" tests="5" time="0.0481541156768799">
    <system-out>1..5
ok 1 - Equals
ok 2 - Equals
ok 3 - Equals
ok 4 - Equals
ok 5 - Equals
</system-out>
    <testcase name="Equals (779)" classname="spec_perl_TestNavParent_t" time="0.000399112701416016" />
    <testcase name="Equals (780)" classname="spec_perl_TestNavParent_t" time="9.39369201660156e-05" />
    <testcase name="Equals (781)" classname="spec_perl_TestNavParent_t" time="7.20024108886719e-05" />
    <testcase name="Equals (782)" classname="spec_perl_TestNavParent_t" time="0.000155925750732422" />
    <testcase name="Equals (783)" classname="spec_perl_TestNavParent_t" time="9.39369201660156e-05" />
  </testsuite>
  <testsuite name="spec_perl_TestSwitchManualIntElse_t" errors="0" failures="0" skipped="0" tests="9" time="0.0486869812011719">
    <system-out>1..9
ok 1 - Equals
ok 2 - Equals
ok 3 - Equals
ok 4 - Equals
ok 5 - Equals
ok 6 - Equals
ok 7 - Equals
ok 8 - Equals
ok 9 - Equals
</system-out>
    <testcase name="Equals (784)" classname="spec_perl_TestSwitchManualIntElse_t" time="0.000401973724365234" />
    <testcase name="Equals (785)" classname="spec_perl_TestSwitchManualIntElse_t" time="9.29832458496094e-05" />
    <testcase name="Equals (786)" classname="spec_perl_TestSwitchManualIntElse_t" time="6.38961791992188e-05" />
    <testcase name="Equals (787)" classname="spec_perl_TestSwitchManualIntElse_t" time="0.000149965286254883" />
    <testcase name="Equals (788)" classname="spec_perl_TestSwitchManualIntElse_t" time="0.000138044357299805" />
    <testcase name="Equals (789)" classname="spec_perl_TestSwitchManualIntElse_t" time="9.51290130615234e-05" />
    <testcase name="Equals (790)" classname="spec_perl_TestSwitchManualIntElse_t" time="0.00014185905456543" />
    <testcase name="Equals (791)" classname="spec_perl_TestSwitchManualIntElse_t" time="0.000137090682983398" />
    <testcase name="Equals (792)" classname="spec_perl_TestSwitchManualIntElse_t" time="0.000152111053466797" />
  </testsuite>
  <testsuite name="spec_perl_TestRepeatUntilCalcArrayType_t" errors="0" failures="0" skipped="0" tests="7" time="0.0452001094818115">
    <system-out>1..7
ok 1 - Equals
ok 2 - Equals
ok 3 - Equals
ok 4 - Equals
ok 5 - Equals
ok 6 - Equals
ok 7 - Equals
</system-out>
    <testcase name="Equals (793)" classname="spec_perl_TestRepeatUntilCalcArrayType_t" time="0.000566005706787109" />
    <testcase name="Equals (794)" classname="spec_perl_TestRepeatUntilCalcArrayType_t" time="9.58442687988281e-05" />
    <testcase name="Equals (795)" classname="spec_perl_TestRepeatUntilCalcArrayType_t" time="5.91278076171875e-05" />
    <testcase name="Equals (796)" classname="spec_perl_TestRepeatUntilCalcArrayType_t" time="0.000117063522338867" />
    <testcase name="Equals (797)" classname="spec_perl_TestRepeatUntilCalcArrayType_t" time="0.000126838684082031" />
    <testcase name="Equals (798)" classname="spec_perl_TestRepeatUntilCalcArrayType_t" time="0.000130176544189453" />
    <testcase name="Equals (799)" classname="spec_perl_TestRepeatUntilCalcArrayType_t" time="0.000115871429443359" />
  </testsuite>
  <testsuite name="spec_perl_TestMetaTags_t" errors="0" failures="0" skipped="1" tests="1" time="0.0447909832000732">
    <system-out>1..1
ok 1 # skip MetaTags=HASH(0x2bca630)
</system-out>
    <testcase name="Unnamed test case 799" classname="spec_perl_TestMetaTags_t" time="0.00136089324951172">
      <skipped message="ok 1 # skip MetaTags=HASH(0x2bca630)" />
    </testcase>
  </testsuite>
  <testsuite name="spec_perl_TestCombineEnum_t" errors="0" failures="0" skipped="0" tests="3" time="0.0436301231384277">
    <system-out>1..3
ok 1 - Equals
ok 2 - Equals
ok 3 - Equals
</system-out>
    <testcase name="Equals (800)" classname="spec_perl_TestCombineEnum_t" time="0.000244855880737305" />
    <testcase name="Equals (801)" classname="spec_perl_TestCombineEnum_t" time="7.91549682617188e-05" />
    <testcase name="Equals (802)" classname="spec_perl_TestCombineEnum_t" time="0.000146865844726562" />
  </testsuite>
  <testsuite name="spec_perl_TestProcessCoerceUsertype2_t" errors="0" failures="0" skipped="0" tests="4" time="0.044097900390625">
    <system-out>1..4
ok 1 - Equals
ok 2 - Equals
ok 3 - Equals
ok 4 - Equals
</system-out>
    <testcase name="Equals (803)" classname="spec_perl_TestProcessCoerceUsertype2_t" time="0.000555992126464844" />
    <testcase name="Equals (804)" classname="spec_perl_TestProcessCoerceUsertype2_t" time="9.60826873779297e-05" />
    <testcase name="Equals (805)" classname="spec_perl_TestProcessCoerceUsertype2_t" time="5.91278076171875e-05" />
    <testcase name="Equals (806)" classname="spec_perl_TestProcessCoerceUsertype2_t" time="0.000149011611938477" />
  </testsuite>
  <testsuite name="spec_perl_TestExprSizeofType1_t" errors="0" failures="0" skipped="0" tests="2" time="0.0438649654388428">
    <system-out>1..2
ok 1 - Equals
ok 2 - Equals
</system-out>
    <testcase name="Equals (807)" classname="spec_perl_TestExprSizeofType1_t" time="0.000236034393310547" />
    <testcase name="Equals (808)" classname="spec_perl_TestExprSizeofType1_t" time="8.29696655273438e-05" />
  </testsuite>
  <testsuite name="spec_perl_TestExprStrOps_t" errors="1" failures="0" skipped="0" tests="0" time="0.0441608428955078">
    <system-out></system-out>
    <testcase name="Test died too soon, even before plan. (808)" classname="spec_perl_TestExprStrOps_t" time="0.0441608428955078">
      <failure message="The test suite died before a plan was produced. You need to have a plan." type="Plan">No plan</failure>
    </testcase>
  </testsuite>
  <testsuite name="spec_perl_TestBcdUserTypeBe_t" errors="0" failures="0" skipped="0" tests="6" time="0.0466930866241455">
    <system-out>1..6
ok 1 - Equals
ok 2 - Equals
ok 3 - Equals
ok 4 - Equals
ok 5 - Equals
ok 6 - Equals
</system-out>
    <testcase name="Equals (809)" classname="spec_perl_TestBcdUserTypeBe_t" time="0.000620126724243164" />
    <testcase name="Equals (810)" classname="spec_perl_TestBcdUserTypeBe_t" time="0.000105857849121094" />
    <testcase name="Equals (811)" classname="spec_perl_TestBcdUserTypeBe_t" time="6.50882720947266e-05" />
    <testcase name="Equals (812)" classname="spec_perl_TestBcdUserTypeBe_t" time="0.000169992446899414" />
    <testcase name="Equals (813)" classname="spec_perl_TestBcdUserTypeBe_t" time="0.000144004821777344" />
    <testcase name="Equals (814)" classname="spec_perl_TestBcdUserTypeBe_t" time="0.000152111053466797" />
  </testsuite>
  <testsuite name="spec_perl_TestBitsByteAligned_t" errors="0" failures="0" skipped="0" tests="9" time="0.0452661514282227">
    <system-out>1..9
ok 1 - Equals
ok 2 - Equals
ok 3 - Equals
ok 4 - Equals
ok 5 - Equals
ok 6 - Equals
ok 7 - Equals
ok 8 - Equals
ok 9 - Equals
</system-out>
    <testcase name="Equals (815)" classname="spec_perl_TestBitsByteAligned_t" time="0.000323057174682617" />
    <testcase name="Equals (816)" classname="spec_perl_TestBitsByteAligned_t" time="8.89301300048828e-05" />
    <testcase name="Equals (817)" classname="spec_perl_TestBitsByteAligned_t" time="0.000154972076416016" />
    <testcase name="Equals (818)" classname="spec_perl_TestBitsByteAligned_t" time="0.000100135803222656" />
    <testcase name="Equals (819)" classname="spec_perl_TestBitsByteAligned_t" time="0.000153064727783203" />
    <testcase name="Equals (820)" classname="spec_perl_TestBitsByteAligned_t" time="0.000118017196655273" />
    <testcase name="Equals (821)" classname="spec_perl_TestBitsByteAligned_t" time="0.000140905380249023" />
    <testcase name="Equals (822)" classname="spec_perl_TestBitsByteAligned_t" time="0.000113010406494141" />
    <testcase name="Equals (823)" classname="spec_perl_TestBitsByteAligned_t" time="0.000156879425048828" />
  </testsuite>
  <testsuite name="spec_perl_TestProcessXorValue_t" errors="0" failures="0" skipped="0" tests="2" time="0.0446310043334961">
    <system-out>1..2
ok 1 - Equals
ok 2 - Equals
</system-out>
    <testcase name="Equals (824)" classname="spec_perl_TestProcessXorValue_t" time="0.000275135040283203" />
    <testcase name="Equals (825)" classname="spec_perl_TestProcessXorValue_t" time="7.89165496826172e-05" />
  </testsuite>
  <testsuite name="spec_perl_TestDefaultEndianExprException_t" errors="0" failures="0" skipped="0" tests="1" time="0.0459740161895752">
    <system-out>1..1
ok 1 - Died
</system-out>
    <testcase name="Died (825)" classname="spec_perl_TestDefaultEndianExprException_t" time="0.000277996063232422" />
  </testsuite>
  <testsuite name="spec_perl_TestImportsCircularA_t" errors="0" failures="0" skipped="0" tests="5" time="0.0453650951385498">
    <system-out>1..5
ok 1 - Equals
ok 2 - Equals
ok 3 - Equals
ok 4 - Equals
ok 5 - nil
</system-out>
    <testcase name="Equals (826)" classname="spec_perl_TestImportsCircularA_t" time="0.000283956527709961" />
    <testcase name="Equals (827)" classname="spec_perl_TestImportsCircularA_t" time="8.20159912109375e-05" />
    <testcase name="Equals (828)" classname="spec_perl_TestImportsCircularA_t" time="0.000140190124511719" />
    <testcase name="Equals (829)" classname="spec_perl_TestImportsCircularA_t" time="0.000126838684082031" />
    <testcase name="nil (829)" classname="spec_perl_TestImportsCircularA_t" time="6.103515625e-05" />
  </testsuite>
  <testsuite name="spec_perl_TestIntegers_t" errors="1" failures="0" skipped="0" tests="0" time="0.0446290969848633">
    <system-out></system-out>
    <testcase name="Test died too soon, even before plan. (829)" classname="spec_perl_TestIntegers_t" time="0.0446290969848633">
      <failure message="The test suite died before a plan was produced. You need to have a plan." type="Plan">No plan</failure>
    </testcase>
  </testsuite>
  <testsuite name="spec_perl_TestEnumLongRangeU_t" errors="0" failures="0" skipped="0" tests="4" time="0.0437240600585938">
    <system-out>1..4
ok 1 - Equals
ok 2 - Equals
ok 3 - Equals
ok 4 - Equals
</system-out>
    <testcase name="Equals (830)" classname="spec_perl_TestEnumLongRangeU_t" time="0.000245094299316406" />
    <testcase name="Equals (831)" classname="spec_perl_TestEnumLongRangeU_t" time="7.98702239990234e-05" />
    <testcase name="Equals (832)" classname="spec_perl_TestEnumLongRangeU_t" time="0.000118017196655273" />
    <testcase name="Equals (833)" classname="spec_perl_TestEnumLongRangeU_t" time="0.000141143798828125" />
  </testsuite>
  <testsuite name="spec_perl_TestTypeIntUnaryOp_t" errors="0" failures="0" skipped="0" tests="4" time="0.0451319217681885">
    <system-out>1..4
ok 1 - Equals
ok 2 - Equals
ok 3 - Equals
ok 4 - Equals
</system-out>
    <testcase name="Equals (834)" classname="spec_perl_TestTypeIntUnaryOp_t" time="0.000271081924438477" />
    <testcase name="Equals (835)" classname="spec_perl_TestTypeIntUnaryOp_t" time="7.70092010498047e-05" />
    <testcase name="Equals (836)" classname="spec_perl_TestTypeIntUnaryOp_t" time="0.00017094612121582" />
    <testcase name="Equals (837)" classname="spec_perl_TestTypeIntUnaryOp_t" time="8.70227813720703e-05" />
  </testsuite>
  <testsuite name="spec_perl_TestStrEncodings_t" errors="0" failures="0" skipped="0" tests="4" time="0.0686378479003906">
    <system-out>1..4
ok 1 - Equals
ok 2 - Equals
ok 3 - Equals
ok 4 - Equals
</system-out>
    <testcase name="Equals (838)" classname="spec_perl_TestStrEncodings_t" time="0.0204169750213623" />
    <testcase name="Equals (839)" classname="spec_perl_TestStrEncodings_t" time="0.000127077102661133" />
    <testcase name="Equals (840)" classname="spec_perl_TestStrEncodings_t" time="6.00814819335938e-05" />
    <testcase name="Equals (841)" classname="spec_perl_TestStrEncodings_t" time="0.000140905380249023" />
  </testsuite>
  <testsuite name="spec_perl_TestCastNested_t" errors="0" failures="0" skipped="0" tests="4" time="0.0480720996856689">
    <system-out>1..4
ok 1 - Equals
ok 2 - Equals
ok 3 - Equals
ok 4 - Equals
</system-out>
    <testcase name="Equals (842)" classname="spec_perl_TestCastNested_t" time="0.000360965728759766" />
    <testcase name="Equals (843)" classname="spec_perl_TestCastNested_t" time="8.60691070556641e-05" />
    <testcase name="Equals (844)" classname="spec_perl_TestCastNested_t" time="7.79628753662109e-05" />
    <testcase name="Equals (845)" classname="spec_perl_TestCastNested_t" time="0.00017094612121582" />
  </testsuite>
</testsuites>
