<?xml version='1.0' encoding='utf-8'?>
<testsuites>
  <testsuite name="spec_perl_TestValidShort_t" errors="0" failures="0" skipped="1" tests="1" time="0.029634952545166">
    <system-out>1..1
ok 1 # skip ValidShort=HASH(0x55f4227a6580)
</system-out>
    <testcase name="Unnamed test case 1" classname="spec_perl_TestValidShort_t" time="0.00125885009765625">
      <skipped message="ok 1 # skip ValidShort=HASH(0x55f4227a6580)" />
    </testcase>
  </testsuite>
  <testsuite name="spec_perl_TestSwitchManualIntElse_t" errors="0" failures="0" skipped="0" tests="9" time="0.0301141738891602">
    <system-out>1..9
ok 1 - Equals
ok 2 - Equals
ok 3 - Equals
ok 4 - Equals
ok 5 - Equals
ok 6 - Equals
ok 7 - Equals
ok 8 - Equals
ok 9 - Equals
</system-out>
    <testcase name="Equals" classname="spec_perl_TestSwitchManualIntElse_t" time="0.00108003616333008" />
    <testcase name="Equals (2)" classname="spec_perl_TestSwitchManualIntElse_t" time="4.98294830322266e-05" />
    <testcase name="Equals (3)" classname="spec_perl_TestSwitchManualIntElse_t" time="7.20024108886719e-05" />
    <testcase name="Equals (4)" classname="spec_perl_TestSwitchManualIntElse_t" time="7.10487365722656e-05" />
    <testcase name="Equals (5)" classname="spec_perl_TestSwitchManualIntElse_t" time="4.91142272949219e-05" />
    <testcase name="Equals (6)" classname="spec_perl_TestSwitchManualIntElse_t" time="6.98566436767578e-05" />
    <testcase name="Equals (7)" classname="spec_perl_TestSwitchManualIntElse_t" time="6.19888305664062e-05" />
    <testcase name="Equals (8)" classname="spec_perl_TestSwitchManualIntElse_t" time="5.50746917724609e-05" />
    <testcase name="Equals (9)" classname="spec_perl_TestSwitchManualIntElse_t" time="6.00814819335938e-05" />
  </testsuite>
  <testsuite name="spec_perl_TestBitsSimpleLe_t" errors="0" failures="0" skipped="0" tests="14" time="0.0276010036468506">
    <system-out>1..14
ok 1 - Equals
ok 2 - Equals
ok 3 - Equals
ok 4 - Equals
ok 5 - Equals
ok 6 - Equals
ok 7 - Equals
ok 8 - Equals
ok 9 - Equals
ok 10 - Equals
ok 11 - Equals
ok 12 - Equals
ok 13 - Equals
ok 14 - Equals
</system-out>
    <testcase name="Equals (10)" classname="spec_perl_TestBitsSimpleLe_t" time="0.00115299224853516" />
    <testcase name="Equals (11)" classname="spec_perl_TestBitsSimpleLe_t" time="4.98294830322266e-05" />
    <testcase name="Equals (12)" classname="spec_perl_TestBitsSimpleLe_t" time="6.103515625e-05" />
    <testcase name="Equals (13)" classname="spec_perl_TestBitsSimpleLe_t" time="6.103515625e-05" />
    <testcase name="Equals (14)" classname="spec_perl_TestBitsSimpleLe_t" time="6.00814819335938e-05" />
    <testcase name="Equals (15)" classname="spec_perl_TestBitsSimpleLe_t" time="5.88893890380859e-05" />
    <testcase name="Equals (16)" classname="spec_perl_TestBitsSimpleLe_t" time="5.50746917724609e-05" />
    <testcase name="Equals (17)" classname="spec_perl_TestBitsSimpleLe_t" time="6.19888305664062e-05" />
    <testcase name="Equals (18)" classname="spec_perl_TestBitsSimpleLe_t" time="6.29425048828125e-05" />
    <testcase name="Equals (19)" classname="spec_perl_TestBitsSimpleLe_t" time="6.41345977783203e-05" />
    <testcase name="Equals (20)" classname="spec_perl_TestBitsSimpleLe_t" time="6.29425048828125e-05" />
    <testcase name="Equals (21)" classname="spec_perl_TestBitsSimpleLe_t" time="5.29289245605469e-05" />
    <testcase name="Equals (22)" classname="spec_perl_TestBitsSimpleLe_t" time="6.79492950439453e-05" />
    <testcase name="Equals (23)" classname="spec_perl_TestBitsSimpleLe_t" time="6.103515625e-05" />
  </testsuite>
  <testsuite name="spec_perl_TestEofExceptionU4_t" errors="0" failures="0" skipped="0" tests="1" time="0.0267519950866699">
    <system-out>1..1
ok 1 - threw /^Requested \d+ bytes, but only \d+ bytes available/
</system-out>
    <testcase name="threw /^Requested \d+ bytes, but only \d+ bytes available/ (23)" classname="spec_perl_TestEofExceptionU4_t" time="0.001007080078125" />
  </testsuite>
  <testsuite name="spec_perl_TestIfValues_t" errors="0" failures="0" skipped="0" tests="6" time="0.0263290405273438">
    <system-out>1..6
ok 1 - Equals
ok 2 - Equals
ok 3 - Equals
ok 4 - nil
ok 5 - Equals
ok 6 - nil
</system-out>
    <testcase name="Equals (24)" classname="spec_perl_TestIfValues_t" time="0.00101089477539062" />
    <testcase name="Equals (25)" classname="spec_perl_TestIfValues_t" time="4.91142272949219e-05" />
    <testcase name="Equals (26)" classname="spec_perl_TestIfValues_t" time="7.20024108886719e-05" />
    <testcase name="nil (26)" classname="spec_perl_TestIfValues_t" time="4.38690185546875e-05" />
    <testcase name="Equals (27)" classname="spec_perl_TestIfValues_t" time="5.91278076171875e-05" />
    <testcase name="nil (27)" classname="spec_perl_TestIfValues_t" time="5.10215759277344e-05" />
  </testsuite>
  <testsuite name="spec_perl_TestFixedContents_t" errors="0" failures="0" skipped="1" tests="1" time="0.0260679721832275">
    <system-out>1..1
ok 1 # skip FixedContents=HASH(0x55d10feb2130)
</system-out>
    <testcase name="Unnamed test case 27" classname="spec_perl_TestFixedContents_t" time="0.00124287605285645">
      <skipped message="ok 1 # skip FixedContents=HASH(0x55d10feb2130)" />
    </testcase>
  </testsuite>
  <testsuite name="spec_perl_TestImports0_t" errors="0" failures="0" skipped="0" tests="3" time="0.0262820720672607">
    <system-out>1..3
ok 1 - Equals
ok 2 - Equals
ok 3 - Equals
</system-out>
    <testcase name="Equals (28)" classname="spec_perl_TestImports0_t" time="0.00102615356445312" />
    <testcase name="Equals (29)" classname="spec_perl_TestImports0_t" time="5.07831573486328e-05" />
    <testcase name="Equals (30)" classname="spec_perl_TestImports0_t" time="7.31945037841797e-05" />
  </testsuite>
  <testsuite name="spec_perl_TestTermStrzUtf16V2_t" errors="0" failures="0" skipped="0" tests="3" time="0.0298960208892822">
    <system-out>1..3
ok 1 - Equals
ok 2 - Equals
ok 3 - Equals
</system-out>
    <testcase name="Equals (31)" classname="spec_perl_TestTermStrzUtf16V2_t" time="0.00157713890075684" />
    <testcase name="Equals (32)" classname="spec_perl_TestTermStrzUtf16V2_t" time="5.19752502441406e-05" />
    <testcase name="Equals (33)" classname="spec_perl_TestTermStrzUtf16V2_t" time="6.60419464111328e-05" />
  </testsuite>
  <testsuite name="spec_perl_TestProcessCustom_t" errors="1" failures="0" skipped="0" tests="0" time="0.0235369205474854">
    <system-out></system-out>
    <testcase name="Test died too soon, even before plan. (33)" classname="spec_perl_TestProcessCustom_t" time="0.0235369205474854">
      <failure message="The test suite died before a plan was produced. You need to have a plan." type="Plan">No plan</failure>
    </testcase>
  </testsuite>
  <testsuite name="spec_perl_TestNavParentVsValueInst_t" errors="0" failures="0" skipped="0" tests="1" time="0.0291099548339844">
    <system-out>1..1
ok 1 - Equals
</system-out>
    <testcase name="Equals (34)" classname="spec_perl_TestNavParentVsValueInst_t" time="0.00102996826171875" />
  </testsuite>
  <testsuite name="spec_perl_TestRepeatNStrzDouble_t" errors="0" failures="0" skipped="0" tests="3" time="0.0293929576873779">
    <system-out>1..3
ok 1 - Equals
ok 2 - Equals
ok 3 - Equals
</system-out>
    <testcase name="Equals (35)" classname="spec_perl_TestRepeatNStrzDouble_t" time="0.00102710723876953" />
    <testcase name="Equals (36)" classname="spec_perl_TestRepeatNStrzDouble_t" time="7.70092010498047e-05" />
    <testcase name="Equals (37)" classname="spec_perl_TestRepeatNStrzDouble_t" time="8.10623168945312e-05" />
  </testsuite>
  <testsuite name="spec_perl_TestDefaultEndianExprIsLe_t" errors="0" failures="0" skipped="0" tests="12" time="0.0271279811859131">
    <system-out>1..12
ok 1 - Equals
ok 2 - Equals
ok 3 - Equals
ok 4 - Equals
ok 5 - Equals
ok 6 - Equals
ok 7 - Equals
ok 8 - Equals
ok 9 - Equals
ok 10 - Equals
ok 11 - Equals
ok 12 - Equals
</system-out>
    <testcase name="Equals (38)" classname="spec_perl_TestDefaultEndianExprIsLe_t" time="0.00104880332946777" />
    <testcase name="Equals (39)" classname="spec_perl_TestDefaultEndianExprIsLe_t" time="4.91142272949219e-05" />
    <testcase name="Equals (40)" classname="spec_perl_TestDefaultEndianExprIsLe_t" time="7.60555267333984e-05" />
    <testcase name="Equals (41)" classname="spec_perl_TestDefaultEndianExprIsLe_t" time="6.79492950439453e-05" />
    <testcase name="Equals (42)" classname="spec_perl_TestDefaultEndianExprIsLe_t" time="5.79357147216797e-05" />
    <testcase name="Equals (43)" classname="spec_perl_TestDefaultEndianExprIsLe_t" time="7.20024108886719e-05" />
    <testcase name="Equals (44)" classname="spec_perl_TestDefaultEndianExprIsLe_t" time="8.10623168945312e-05" />
    <testcase name="Equals (45)" classname="spec_perl_TestDefaultEndianExprIsLe_t" time="6.69956207275391e-05" />
    <testcase name="Equals (46)" classname="spec_perl_TestDefaultEndianExprIsLe_t" time="6.69956207275391e-05" />
    <testcase name="Equals (47)" classname="spec_perl_TestDefaultEndianExprIsLe_t" time="5.10215759277344e-05" />
    <testcase name="Equals (48)" classname="spec_perl_TestDefaultEndianExprIsLe_t" time="6.38961791992188e-05" />
    <testcase name="Equals (49)" classname="spec_perl_TestDefaultEndianExprIsLe_t" time="6.00814819335938e-05" />
  </testsuite>
  <testsuite name="spec_perl_TestExprBits_t" errors="0" failures="0" skipped="0" tests="10" time="0.0271070003509521">
    <system-out>1..10
ok 1 - Equals
ok 2 - Equals
ok 3 - Equals
ok 4 - Equals
ok 5 - Equals
ok 6 - Equals
ok 7 - Equals
ok 8 - Equals
ok 9 - Equals
ok 10 - Equals
</system-out>
    <testcase name="Equals (50)" classname="spec_perl_TestExprBits_t" time="0.00105595588684082" />
    <testcase name="Equals (51)" classname="spec_perl_TestExprBits_t" time="5.19752502441406e-05" />
    <testcase name="Equals (52)" classname="spec_perl_TestExprBits_t" time="6.69956207275391e-05" />
    <testcase name="Equals (53)" classname="spec_perl_TestExprBits_t" time="0.000136137008666992" />
    <testcase name="Equals (54)" classname="spec_perl_TestExprBits_t" time="7.98702239990234e-05" />
    <testcase name="Equals (55)" classname="spec_perl_TestExprBits_t" time="0.000126123428344727" />
    <testcase name="Equals (56)" classname="spec_perl_TestExprBits_t" time="0.000115871429443359" />
    <testcase name="Equals (57)" classname="spec_perl_TestExprBits_t" time="0.000113964080810547" />
    <testcase name="Equals (58)" classname="spec_perl_TestExprBits_t" time="0.000123023986816406" />
    <testcase name="Equals (59)" classname="spec_perl_TestExprBits_t" time="0.000123977661132812" />
  </testsuite>
  <testsuite name="spec_perl_TestSwitchManualInt_t" errors="0" failures="0" skipped="0" tests="9" time="0.0298128128051758">
    <system-out>1..9
ok 1 - Equals
ok 2 - Equals
ok 3 - Equals
ok 4 - Equals
ok 5 - Equals
ok 6 - Equals
ok 7 - Equals
ok 8 - Equals
ok 9 - Equals
</system-out>
    <testcase name="Equals (60)" classname="spec_perl_TestSwitchManualInt_t" time="0.00106000900268555" />
    <testcase name="Equals (61)" classname="spec_perl_TestSwitchManualInt_t" time="6.38961791992188e-05" />
    <testcase name="Equals (62)" classname="spec_perl_TestSwitchManualInt_t" time="5.10215759277344e-05" />
    <testcase name="Equals (63)" classname="spec_perl_TestSwitchManualInt_t" time="4.91142272949219e-05" />
    <testcase name="Equals (64)" classname="spec_perl_TestSwitchManualInt_t" time="4.60147857666016e-05" />
    <testcase name="Equals (65)" classname="spec_perl_TestSwitchManualInt_t" time="3.88622283935547e-05" />
    <testcase name="Equals (66)" classname="spec_perl_TestSwitchManualInt_t" time="7.60555267333984e-05" />
    <testcase name="Equals (67)" classname="spec_perl_TestSwitchManualInt_t" time="4.38690185546875e-05" />
    <testcase name="Equals (68)" classname="spec_perl_TestSwitchManualInt_t" time="6.41345977783203e-05" />
  </testsuite>
  <testsuite name="spec_perl_TestSwitchManualEnum_t" errors="0" failures="0" skipped="0" tests="9" time="0.0302350521087646">
    <system-out>1..9
ok 1 - Equals
ok 2 - Equals
ok 3 - Equals
ok 4 - Equals
ok 5 - Equals
ok 6 - Equals
ok 7 - Equals
ok 8 - Equals
ok 9 - Equals
</system-out>
    <testcase name="Equals (69)" classname="spec_perl_TestSwitchManualEnum_t" time="0.00106501579284668" />
    <testcase name="Equals (70)" classname="spec_perl_TestSwitchManualEnum_t" time="5.19752502441406e-05" />
    <testcase name="Equals (71)" classname="spec_perl_TestSwitchManualEnum_t" time="4.10079956054688e-05" />
    <testcase name="Equals (72)" classname="spec_perl_TestSwitchManualEnum_t" time="5.79357147216797e-05" />
    <testcase name="Equals (73)" classname="spec_perl_TestSwitchManualEnum_t" time="6.103515625e-05" />
    <testcase name="Equals (74)" classname="spec_perl_TestSwitchManualEnum_t" time="5.60283660888672e-05" />
    <testcase name="Equals (75)" classname="spec_perl_TestSwitchManualEnum_t" time="5.50746917724609e-05" />
    <testcase name="Equals (76)" classname="spec_perl_TestSwitchManualEnum_t" time="5.29289245605469e-05" />
    <testcase name="Equals (77)" classname="spec_perl_TestSwitchManualEnum_t" time="6.4849853515625e-05" />
  </testsuite>
  <testsuite name="spec_perl_TestNestedTypesImport_t" errors="0" failures="0" skipped="0" tests="11" time="0.0268459320068359">
    <system-out>1..11
ok 1 - Equals
ok 2 - Equals
ok 3 - Equals
ok 4 - Equals
ok 5 - Equals
ok 6 - nil
ok 7 - nil
ok 8 - nil
ok 9 - nil
ok 10 - nil
ok 11 - nil
</system-out>
    <testcase name="Equals (78)" classname="spec_perl_TestNestedTypesImport_t" time="0.00104498863220215" />
    <testcase name="Equals (79)" classname="spec_perl_TestNestedTypesImport_t" time="4.91142272949219e-05" />
    <testcase name="Equals (80)" classname="spec_perl_TestNestedTypesImport_t" time="7.48634338378906e-05" />
    <testcase name="Equals (81)" classname="spec_perl_TestNestedTypesImport_t" time="8.20159912109375e-05" />
    <testcase name="Equals (82)" classname="spec_perl_TestNestedTypesImport_t" time="6.91413879394531e-05" />
    <testcase name="nil (82)" classname="spec_perl_TestNestedTypesImport_t" time="4.69684600830078e-05" />
    <testcase name="nil (83)" classname="spec_perl_TestNestedTypesImport_t" time="4.10079956054688e-05" />
    <testcase name="nil (84)" classname="spec_perl_TestNestedTypesImport_t" time="3.88622283935547e-05" />
    <testcase name="nil (85)" classname="spec_perl_TestNestedTypesImport_t" time="3.91006469726562e-05" />
    <testcase name="nil (86)" classname="spec_perl_TestNestedTypesImport_t" time="4.50611114501953e-05" />
    <testcase name="nil (87)" classname="spec_perl_TestNestedTypesImport_t" time="2.98023223876953e-05" />
  </testsuite>
  <testsuite name="spec_perl_TestRepeatUntilCalcArrayType_t" errors="0" failures="0" skipped="0" tests="7" time="0.0267260074615479">
    <system-out>1..7
ok 1 - Equals
ok 2 - Equals
ok 3 - Equals
ok 4 - Equals
ok 5 - Equals
ok 6 - Equals
ok 7 - Equals
</system-out>
    <testcase name="Equals (87)" classname="spec_perl_TestRepeatUntilCalcArrayType_t" time="0.00128412246704102" />
    <testcase name="Equals (88)" classname="spec_perl_TestRepeatUntilCalcArrayType_t" time="4.98294830322266e-05" />
    <testcase name="Equals (89)" classname="spec_perl_TestRepeatUntilCalcArrayType_t" time="7.00950622558594e-05" />
    <testcase name="Equals (90)" classname="spec_perl_TestRepeatUntilCalcArrayType_t" time="5.60283660888672e-05" />
    <testcase name="Equals (91)" classname="spec_perl_TestRepeatUntilCalcArrayType_t" time="5.88893890380859e-05" />
    <testcase name="Equals (92)" classname="spec_perl_TestRepeatUntilCalcArrayType_t" time="8.29696655273438e-05" />
    <testcase name="Equals (93)" classname="spec_perl_TestRepeatUntilCalcArrayType_t" time="0.000105142593383789" />
  </testsuite>
  <testsuite name="spec_perl_TestProcessCoerceBytes_t" errors="0" failures="0" skipped="0" tests="4" time="0.0262179374694824">
    <system-out>1..4
ok 1 - Equals
ok 2 - Equals
ok 3 - Equals
ok 4 - Equals
</system-out>
    <testcase name="Equals (94)" classname="spec_perl_TestProcessCoerceBytes_t" time="0.0010230541229248" />
    <testcase name="Equals (95)" classname="spec_perl_TestProcessCoerceBytes_t" time="5.10215759277344e-05" />
    <testcase name="Equals (96)" classname="spec_perl_TestProcessCoerceBytes_t" time="5.88893890380859e-05" />
    <testcase name="Equals (97)" classname="spec_perl_TestProcessCoerceBytes_t" time="6.41345977783203e-05" />
  </testsuite>
  <testsuite name="spec_perl_TestEosExceptionSized_t" errors="0" failures="0" skipped="0" tests="1" time="0.027446985244751">
    <system-out>1..1
ok 1 - threw /^Requested \d+ bytes, but only \d+ bytes available/
</system-out>
    <testcase name="threw /^Requested \d+ bytes, but only \d+ bytes available/ (97)" classname="spec_perl_TestEosExceptionSized_t" time="0.00126504898071289" />
  </testsuite>
  <testsuite name="spec_perl_TestYamlInts_t" errors="0" failures="0" skipped="0" tests="4" time="0.0276329517364502">
    <system-out>1..4
ok 1 - Equals
ok 2 - Equals
ok 3 - Equals
ok 4 - Equals
</system-out>
    <testcase name="Equals (98)" classname="spec_perl_TestYamlInts_t" time="0.00106596946716309" />
    <testcase name="Equals (99)" classname="spec_perl_TestYamlInts_t" time="7.98702239990234e-05" />
    <testcase name="Equals (100)" classname="spec_perl_TestYamlInts_t" time="0.000108003616333008" />
    <testcase name="Equals (101)" classname="spec_perl_TestYamlInts_t" time="0.000113010406494141" />
  </testsuite>
  <testsuite name="spec_perl_TestDebug0_t" errors="0" failures="0" skipped="1" tests="1" time="0.0257019996643066">
    <system-out>1..1
ok 1 # skip test_debug_0
</system-out>
    <testcase name="Unnamed test case 101" classname="spec_perl_TestDebug0_t" time="0.000945091247558594">
      <skipped message="ok 1 # skip test_debug_0" />
    </testcase>
  </testsuite>
  <testsuite name="spec_perl_TestBitsUnalignedB32Be_t" errors="0" failures="0" skipped="0" tests="3" time="0.0259950160980225">
    <system-out>1..3
ok 1 - Equals
ok 2 - Equals
ok 3 - Equals
</system-out>
    <testcase name="Equals (102)" classname="spec_perl_TestBitsUnalignedB32Be_t" time="0.00102782249450684" />
    <testcase name="Equals (103)" classname="spec_perl_TestBitsUnalignedB32Be_t" time="6.103515625e-05" />
    <testcase name="Equals (104)" classname="spec_perl_TestBitsUnalignedB32Be_t" time="6.60419464111328e-05" />
  </testsuite>
  <testsuite name="spec_perl_TestParamsPassBool_t" errors="0" failures="1" skipped="13" tests="14" time="0.0275161266326904">
    <system-out>1..14
not ok 1 - test_params_pass_bool died (Requested 2 bytes, but only 1 bytes available at ../runtime/perl/lib/IO/KaitaiStruct.pm line 338.)
ok 2 # skip test_params_pass_bool died
ok 3 # skip test_params_pass_bool died
ok 4 # skip test_params_pass_bool died
ok 5 # skip test_params_pass_bool died
ok 6 # skip test_params_pass_bool died
ok 7 # skip test_params_pass_bool died
ok 8 # skip test_params_pass_bool died
ok 9 # skip test_params_pass_bool died
ok 10 # skip test_params_pass_bool died
ok 11 # skip test_params_pass_bool died
ok 12 # skip test_params_pass_bool died
ok 13 # skip test_params_pass_bool died
ok 14 # skip test_params_pass_bool died
</system-out>
    <testcase name="test_params_pass_bool died (Requested 2 bytes, but only 1 bytes available at ../runtime/perl/lib/IO/KaitaiStruct.pm line 338.) (104)" classname="spec_perl_TestParamsPassBool_t" time="0.0010380744934082">
      <failure message="not ok 1 - test_params_pass_bool died (Requested 2 bytes, but only 1 bytes available at ../runtime/perl/lib/IO/KaitaiStruct.pm line 338.)" type="TAP::Parser::Result::Test"></failure>
    </testcase>
    <testcase name="Unnamed test case 104" classname="spec_perl_TestParamsPassBool_t" time="0.000110149383544922">
      <skipped message="ok 2 # skip test_params_pass_bool died" />
    </testcase>
    <testcase name="Unnamed test case 105" classname="spec_perl_TestParamsPassBool_t" time="7.89165496826172e-05">
      <skipped message="ok 3 # skip test_params_pass_bool died" />
    </testcase>
    <testcase name="Unnamed test case 106" classname="spec_perl_TestParamsPassBool_t" time="7.98702239990234e-05">
      <skipped message="ok 4 # skip test_params_pass_bool died" />
    </testcase>
    <testcase name="Unnamed test case 107" classname="spec_perl_TestParamsPassBool_t" time="5.91278076171875e-05">
      <skipped message="ok 5 # skip test_params_pass_bool died" />
    </testcase>
    <testcase name="Unnamed test case 108" classname="spec_perl_TestParamsPassBool_t" time="5.50746917724609e-05">
      <skipped message="ok 6 # skip test_params_pass_bool died" />
    </testcase>
    <testcase name="Unnamed test case 109" classname="spec_perl_TestParamsPassBool_t" time="5.88893890380859e-05">
      <skipped message="ok 7 # skip test_params_pass_bool died" />
    </testcase>
    <testcase name="Unnamed test case 110" classname="spec_perl_TestParamsPassBool_t" time="3.79085540771484e-05">
      <skipped message="ok 8 # skip test_params_pass_bool died" />
    </testcase>
    <testcase name="Unnamed test case 111" classname="spec_perl_TestParamsPassBool_t" time="3.814697265625e-05">
      <skipped message="ok 9 # skip test_params_pass_bool died" />
    </testcase>
    <testcase name="Unnamed test case 112" classname="spec_perl_TestParamsPassBool_t" time="3.50475311279297e-05">
      <skipped message="ok 10 # skip test_params_pass_bool died" />
    </testcase>
    <testcase name="Unnamed test case 113" classname="spec_perl_TestParamsPassBool_t" time="3.09944152832031e-05">
      <skipped message="ok 11 # skip test_params_pass_bool died" />
    </testcase>
    <testcase name="Unnamed test case 114" classname="spec_perl_TestParamsPassBool_t" time="3.38554382324219e-05">
      <skipped message="ok 12 # skip test_params_pass_bool died" />
    </testcase>
    <testcase name="Unnamed test case 115" classname="spec_perl_TestParamsPassBool_t" time="3.00407409667969e-05">
      <skipped message="ok 13 # skip test_params_pass_bool died" />
    </testcase>
    <testcase name="Unnamed test case 116" classname="spec_perl_TestParamsPassBool_t" time="3.00407409667969e-05">
      <skipped message="ok 14 # skip test_params_pass_bool died" />
    </testcase>
  </testsuite>
  <testsuite name="spec_perl_TestCombineBytes_t" errors="0" failures="0" skipped="0" tests="10" time="0.0269389152526855">
    <system-out>1..10
ok 1 - Equals
ok 2 - Equals
ok 3 - Equals
ok 4 - Equals
ok 5 - Equals
ok 6 - Equals
ok 7 - Equals
ok 8 - Equals
ok 9 - Equals
ok 10 - Equals
</system-out>
    <testcase name="Equals (116)" classname="spec_perl_TestCombineBytes_t" time="0.00105714797973633" />
    <testcase name="Equals (117)" classname="spec_perl_TestCombineBytes_t" time="4.79221343994141e-05" />
    <testcase name="Equals (118)" classname="spec_perl_TestCombineBytes_t" time="8.48770141601562e-05" />
    <testcase name="Equals (119)" classname="spec_perl_TestCombineBytes_t" time="4.60147857666016e-05" />
    <testcase name="Equals (120)" classname="spec_perl_TestCombineBytes_t" time="7.60555267333984e-05" />
    <testcase name="Equals (121)" classname="spec_perl_TestCombineBytes_t" time="5.79357147216797e-05" />
    <testcase name="Equals (122)" classname="spec_perl_TestCombineBytes_t" time="5.7220458984375e-05" />
    <testcase name="Equals (123)" classname="spec_perl_TestCombineBytes_t" time="5.38825988769531e-05" />
    <testcase name="Equals (124)" classname="spec_perl_TestCombineBytes_t" time="7.10487365722656e-05" />
    <testcase name="Equals (125)" classname="spec_perl_TestCombineBytes_t" time="4.69684600830078e-05" />
  </testsuite>
  <testsuite name="spec_perl_TestCombineEnum_t" errors="0" failures="0" skipped="0" tests="3" time="0.0260519981384277">
    <system-out>1..3
ok 1 - Equals
ok 2 - Equals
ok 3 - Equals
</system-out>
    <testcase name="Equals (126)" classname="spec_perl_TestCombineEnum_t" time="0.00101900100708008" />
    <testcase name="Equals (127)" classname="spec_perl_TestCombineEnum_t" time="6.31809234619141e-05" />
    <testcase name="Equals (128)" classname="spec_perl_TestCombineEnum_t" time="9.20295715332031e-05" />
  </testsuite>
  <testsuite name="spec_perl_TestTypeTernaryOpaque_t" errors="0" failures="0" skipped="0" tests="3" time="0.0299351215362549">
    <system-out>1..3
ok 1 - Equals
ok 2 - Equals
ok 3 - Equals
</system-out>
    <testcase name="Equals (129)" classname="spec_perl_TestTypeTernaryOpaque_t" time="0.00131893157958984" />
    <testcase name="Equals (130)" classname="spec_perl_TestTypeTernaryOpaque_t" time="5.50746917724609e-05" />
    <testcase name="Equals (131)" classname="spec_perl_TestTypeTernaryOpaque_t" time="6.00814819335938e-05" />
  </testsuite>
  <testsuite name="spec_perl_TestBitsSignedResB32Be_t" errors="0" failures="0" skipped="0" tests="1" time="0.0258851051330566">
    <system-out>1..1
ok 1 - Equals
</system-out>
    <testcase name="Equals (132)" classname="spec_perl_TestBitsSignedResB32Be_t" time="0.00110912322998047" />
  </testsuite>
  <testsuite name="spec_perl_TestExpr0_t" errors="0" failures="0" skipped="0" tests="2" time="0.0260510444641113">
    <system-out>1..2
ok 1 - Equals
ok 2 - Equals
</system-out>
    <testcase name="Equals (133)" classname="spec_perl_TestExpr0_t" time="0.0010831356048584" />
    <testcase name="Equals (134)" classname="spec_perl_TestExpr0_t" time="7.89165496826172e-05" />
  </testsuite>
  <testsuite name="spec_perl_TestExprBytesNonLiteral_t" errors="0" failures="0" skipped="0" tests="3" time="0.0259239673614502">
    <system-out>1..3
ok 1 - Equals
ok 2 - Equals
ok 3 - Equals
</system-out>
    <testcase name="Equals (135)" classname="spec_perl_TestExprBytesNonLiteral_t" time="0.00102901458740234" />
    <testcase name="Equals (136)" classname="spec_perl_TestExprBytesNonLiteral_t" time="5.00679016113281e-05" />
    <testcase name="Equals (137)" classname="spec_perl_TestExprBytesNonLiteral_t" time="7.20024108886719e-05" />
  </testsuite>
  <testsuite name="spec_perl_TestTermStrz_t" errors="0" failures="0" skipped="0" tests="3" time="0.029202938079834">
    <system-out>1..3
ok 1 - Equals
ok 2 - Equals
ok 3 - Equals
</system-out>
    <testcase name="Equals (138)" classname="spec_perl_TestTermStrz_t" time="0.00102996826171875" />
    <testcase name="Equals (139)" classname="spec_perl_TestTermStrz_t" time="5.19752502441406e-05" />
    <testcase name="Equals (140)" classname="spec_perl_TestTermStrz_t" time="5.91278076171875e-05" />
  </testsuite>
  <testsuite name="spec_perl_TestDefaultBigEndian_t" errors="0" failures="0" skipped="0" tests="1" time="0.0257689952850342">
    <system-out>1..1
ok 1 - Equals
</system-out>
    <testcase name="Equals (141)" classname="spec_perl_TestDefaultBigEndian_t" time="0.00100803375244141" />
  </testsuite>
  <testsuite name="spec_perl_TestBitsUnalignedB64Be_t" errors="0" failures="0" skipped="0" tests="3" time="0.0260710716247559">
    <system-out>1..3
ok 1 - Equals
ok 2 - Equals
ok 3 - Equals
</system-out>
    <testcase name="Equals (142)" classname="spec_perl_TestBitsUnalignedB64Be_t" time="0.00104188919067383" />
    <testcase name="Equals (143)" classname="spec_perl_TestBitsUnalignedB64Be_t" time="4.72068786621094e-05" />
    <testcase name="Equals (144)" classname="spec_perl_TestBitsUnalignedB64Be_t" time="0.000104904174804688" />
  </testsuite>
  <testsuite name="spec_perl_TestSwitchCast_t" errors="0" failures="0" skipped="0" tests="2" time="0.0299041271209717">
    <system-out>1..2
ok 1 - Equals
ok 2 - Equals
</system-out>
    <testcase name="Equals (145)" classname="spec_perl_TestSwitchCast_t" time="0.00107288360595703" />
    <testcase name="Equals (146)" classname="spec_perl_TestSwitchCast_t" time="5.19752502441406e-05" />
  </testsuite>
  <testsuite name="spec_perl_TestEnumToI_t" errors="0" failures="0" skipped="0" tests="8" time="0.0265898704528809">
    <system-out>1..8
ok 1 - Equals
ok 2 - Equals
ok 3 - Equals
ok 4 - Equals
ok 5 - Equals
ok 6 - Equals
ok 7 - Equals
ok 8 - Equals
</system-out>
    <testcase name="Equals (147)" classname="spec_perl_TestEnumToI_t" time="0.000999927520751953" />
    <testcase name="Equals (148)" classname="spec_perl_TestEnumToI_t" time="5.00679016113281e-05" />
    <testcase name="Equals (149)" classname="spec_perl_TestEnumToI_t" time="7.39097595214844e-05" />
    <testcase name="Equals (150)" classname="spec_perl_TestEnumToI_t" time="7.39097595214844e-05" />
    <testcase name="Equals (151)" classname="spec_perl_TestEnumToI_t" time="4.41074371337891e-05" />
    <testcase name="Equals (152)" classname="spec_perl_TestEnumToI_t" time="7.98702239990234e-05" />
    <testcase name="Equals (153)" classname="spec_perl_TestEnumToI_t" time="6.103515625e-05" />
    <testcase name="Equals (154)" classname="spec_perl_TestEnumToI_t" time="6.50882720947266e-05" />
  </testsuite>
  <testsuite name="spec_perl_TestZlibSurrounded_t" errors="0" failures="0" skipped="0" tests="1" time="0.0487880706787109">
    <system-out>1..1
ok 1 - Equals
</system-out>
    <testcase name="Equals (155)" classname="spec_perl_TestZlibSurrounded_t" time="0.00138306617736816" />
  </testsuite>
  <testsuite name="spec_perl_TestOpaqueExternalType02Parent_t" errors="0" failures="0" skipped="0" tests="3" time="0.0299561023712158">
    <system-out>1..3
ok 1 - Equals
ok 2 - Equals
ok 3 - Equals
</system-out>
    <testcase name="Equals (156)" classname="spec_perl_TestOpaqueExternalType02Parent_t" time="0.00115203857421875" />
    <testcase name="Equals (157)" classname="spec_perl_TestOpaqueExternalType02Parent_t" time="6.00814819335938e-05" />
    <testcase name="Equals (158)" classname="spec_perl_TestOpaqueExternalType02Parent_t" time="4.88758087158203e-05" />
  </testsuite>
  <testsuite name="spec_perl_TestTermBytes_t" errors="0" failures="0" skipped="0" tests="3" time="0.0258281230926514">
    <system-out>1..3
ok 1 - Equals
ok 2 - Equals
ok 3 - Equals
</system-out>
    <testcase name="Equals (159)" classname="spec_perl_TestTermBytes_t" time="0.00101804733276367" />
    <testcase name="Equals (160)" classname="spec_perl_TestTermBytes_t" time="5.00679016113281e-05" />
    <testcase name="Equals (161)" classname="spec_perl_TestTermBytes_t" time="6.4849853515625e-05" />
  </testsuite>
  <testsuite name="spec_perl_TestProcessXor4Value_t" errors="0" failures="0" skipped="0" tests="2" time="0.0260241031646729">
    <system-out>1..2
ok 1 - Equals
ok 2 - Equals
</system-out>
    <testcase name="Equals (162)" classname="spec_perl_TestProcessXor4Value_t" time="0.00102496147155762" />
    <testcase name="Equals (163)" classname="spec_perl_TestProcessXor4Value_t" time="4.91142272949219e-05" />
  </testsuite>
  <testsuite name="spec_perl_TestNestedTypes2_t" errors="0" failures="0" skipped="0" tests="7" time="0.0269069671630859">
    <system-out>1..7
ok 1 - Equals
ok 2 - Equals
ok 3 - Equals
ok 4 - Equals
ok 5 - Equals
ok 6 - Equals
ok 7 - Equals
</system-out>
    <testcase name="Equals (164)" classname="spec_perl_TestNestedTypes2_t" time="0.00107288360595703" />
    <testcase name="Equals (165)" classname="spec_perl_TestNestedTypes2_t" time="6.00814819335938e-05" />
    <testcase name="Equals (166)" classname="spec_perl_TestNestedTypes2_t" time="3.88622283935547e-05" />
    <testcase name="Equals (167)" classname="spec_perl_TestNestedTypes2_t" time="6.19888305664062e-05" />
    <testcase name="Equals (168)" classname="spec_perl_TestNestedTypes2_t" time="6.60419464111328e-05" />
    <testcase name="Equals (169)" classname="spec_perl_TestNestedTypes2_t" time="6.103515625e-05" />
    <testcase name="Equals (170)" classname="spec_perl_TestNestedTypes2_t" time="5.91278076171875e-05" />
  </testsuite>
  <testsuite name="spec_perl_TestMetaXref_t" errors="0" failures="0" skipped="1" tests="1" time="0.0269930362701416">
    <system-out>1..1
ok 1 # skip MetaXref=HASH(0x557169365b08)
</system-out>
    <testcase name="Unnamed test case 170" classname="spec_perl_TestMetaXref_t" time="0.0012049674987793">
      <skipped message="ok 1 # skip MetaXref=HASH(0x557169365b08)" />
    </testcase>
  </testsuite>
  <testsuite name="spec_perl_TestUserType_t" errors="0" failures="0" skipped="0" tests="2" time="0.0259549617767334">
    <system-out>1..2
ok 1 - Equals
ok 2 - Equals
</system-out>
    <testcase name="Equals (171)" classname="spec_perl_TestUserType_t" time="0.00103187561035156" />
    <testcase name="Equals (172)" classname="spec_perl_TestUserType_t" time="4.91142272949219e-05" />
  </testsuite>
  <testsuite name="spec_perl_TestExprFstring0_t" errors="0" failures="0" skipped="0" tests="9" time="0.0297050476074219">
    <system-out>1..9
ok 1 - Equals
ok 2 - Equals
ok 3 - Equals
ok 4 - Equals
ok 5 - Equals
ok 6 - Equals
ok 7 - Equals
ok 8 - Equals
ok 9 - Equals
</system-out>
    <testcase name="Equals (173)" classname="spec_perl_TestExprFstring0_t" time="0.00101494789123535" />
    <testcase name="Equals (174)" classname="spec_perl_TestExprFstring0_t" time="5.50746917724609e-05" />
    <testcase name="Equals (175)" classname="spec_perl_TestExprFstring0_t" time="7.10487365722656e-05" />
    <testcase name="Equals (176)" classname="spec_perl_TestExprFstring0_t" time="5.60283660888672e-05" />
    <testcase name="Equals (177)" classname="spec_perl_TestExprFstring0_t" time="6.60419464111328e-05" />
    <testcase name="Equals (178)" classname="spec_perl_TestExprFstring0_t" time="5.79357147216797e-05" />
    <testcase name="Equals (179)" classname="spec_perl_TestExprFstring0_t" time="5.60283660888672e-05" />
    <testcase name="Equals (180)" classname="spec_perl_TestExprFstring0_t" time="6.4849853515625e-05" />
    <testcase name="Equals (181)" classname="spec_perl_TestExprFstring0_t" time="6.60419464111328e-05" />
  </testsuite>
  <testsuite name="spec_perl_TestBitsSignedShiftB32Le_t" errors="0" failures="0" skipped="0" tests="2" time="0.0258388519287109">
    <system-out>1..2
ok 1 - Equals
ok 2 - Equals
</system-out>
    <testcase name="Equals (182)" classname="spec_perl_TestBitsSignedShiftB32Le_t" time="0.00102400779724121" />
    <testcase name="Equals (183)" classname="spec_perl_TestBitsSignedShiftB32Le_t" time="4.79221343994141e-05" />
  </testsuite>
  <testsuite name="spec_perl_TestSwitchElseOnly_t" errors="0" failures="0" skipped="0" tests="3" time="0.0262191295623779">
    <system-out>1..3
ok 1 - Equals
ok 2 - Equals
ok 3 - Equals
</system-out>
    <testcase name="Equals (184)" classname="spec_perl_TestSwitchElseOnly_t" time="0.00102615356445312" />
    <testcase name="Equals (185)" classname="spec_perl_TestSwitchElseOnly_t" time="5.57899475097656e-05" />
    <testcase name="Equals (186)" classname="spec_perl_TestSwitchElseOnly_t" time="4.50611114501953e-05" />
  </testsuite>
  <testsuite name="spec_perl_TestDocstringsDocrefMulti_t" errors="0" failures="0" skipped="1" tests="1" time="0.0260701179504395">
    <system-out>1..1
ok 1 # skip DocstringsDocrefMulti=HASH(0x55d1c2e0f6b8)
</system-out>
    <testcase name="Unnamed test case 186" classname="spec_perl_TestDocstringsDocrefMulti_t" time="0.00130891799926758">
      <skipped message="ok 1 # skip DocstringsDocrefMulti=HASH(0x55d1c2e0f6b8)" />
    </testcase>
  </testsuite>
  <testsuite name="spec_perl_TestEnumIntRangeU_t" errors="0" failures="0" skipped="0" tests="2" time="0.0261058807373047">
    <system-out>1..2
ok 1 - Equals
ok 2 - Equals
</system-out>
    <testcase name="Equals (187)" classname="spec_perl_TestEnumIntRangeU_t" time="0.00107288360595703" />
    <testcase name="Equals (188)" classname="spec_perl_TestEnumIntRangeU_t" time="6.50882720947266e-05" />
  </testsuite>
  <testsuite name="spec_perl_TestPositionToEnd_t" errors="0" failures="0" skipped="0" tests="2" time="0.0278229713439941">
    <system-out>1..2
ok 1 - Equals
ok 2 - Equals
</system-out>
    <testcase name="Equals (189)" classname="spec_perl_TestPositionToEnd_t" time="0.00157999992370605" />
    <testcase name="Equals (190)" classname="spec_perl_TestPositionToEnd_t" time="9.79900360107422e-05" />
  </testsuite>
  <testsuite name="spec_perl_TestImportsRel1_t" errors="0" failures="0" skipped="0" tests="3" time="0.027040958404541">
    <system-out>1..3
ok 1 - Equals
ok 2 - Equals
ok 3 - Equals
</system-out>
    <testcase name="Equals (191)" classname="spec_perl_TestImportsRel1_t" time="0.00101804733276367" />
    <testcase name="Equals (192)" classname="spec_perl_TestImportsRel1_t" time="6.89029693603516e-05" />
    <testcase name="Equals (193)" classname="spec_perl_TestImportsRel1_t" time="6.69956207275391e-05" />
  </testsuite>
  <testsuite name="spec_perl_TestProcessXorConst_t" errors="0" failures="0" skipped="0" tests="2" time="0.0259888172149658">
    <system-out>1..2
ok 1 - Equals
ok 2 - Equals
</system-out>
    <testcase name="Equals (194)" classname="spec_perl_TestProcessXorConst_t" time="0.00101804733276367" />
    <testcase name="Equals (195)" classname="spec_perl_TestProcessXorConst_t" time="5.60283660888672e-05" />
  </testsuite>
  <testsuite name="spec_perl_TestValidNotParsedIf_t" errors="0" failures="0" skipped="1" tests="1" time="0.0260441303253174">
    <system-out>1..1
ok 1 # skip ValidNotParsedIf=HASH(0x562f61b6b430)
</system-out>
    <testcase name="Unnamed test case 195" classname="spec_perl_TestValidNotParsedIf_t" time="0.00132012367248535">
      <skipped message="ok 1 # skip ValidNotParsedIf=HASH(0x562f61b6b430)" />
    </testcase>
  </testsuite>
  <testsuite name="spec_perl_TestExpr3_t" errors="0" failures="0" skipped="0" tests="12" time="0.0299890041351318">
    <system-out>1..12
ok 1 - Equals
ok 2 - Equals
ok 3 - Equals
ok 4 - Equals
ok 5 - Equals
ok 6 - Equals
ok 7 - Equals
ok 8 - Equals
ok 9 - Equals
ok 10 - Equals
ok 11 - Equals
ok 12 - Equals
</system-out>
    <testcase name="Equals (196)" classname="spec_perl_TestExpr3_t" time="0.00103592872619629" />
    <testcase name="Equals (197)" classname="spec_perl_TestExpr3_t" time="4.91142272949219e-05" />
    <testcase name="Equals (198)" classname="spec_perl_TestExpr3_t" time="7.70092010498047e-05" />
    <testcase name="Equals (199)" classname="spec_perl_TestExpr3_t" time="6.79492950439453e-05" />
    <testcase name="Equals (200)" classname="spec_perl_TestExpr3_t" time="8.79764556884766e-05" />
    <testcase name="Equals (201)" classname="spec_perl_TestExpr3_t" time="6.103515625e-05" />
    <testcase name="Equals (202)" classname="spec_perl_TestExpr3_t" time="6.69956207275391e-05" />
    <testcase name="Equals (203)" classname="spec_perl_TestExpr3_t" time="6.103515625e-05" />
    <testcase name="Equals (204)" classname="spec_perl_TestExpr3_t" time="6.29425048828125e-05" />
    <testcase name="Equals (205)" classname="spec_perl_TestExpr3_t" time="7.10487365722656e-05" />
    <testcase name="Equals (206)" classname="spec_perl_TestExpr3_t" time="6.4849853515625e-05" />
    <testcase name="Equals (207)" classname="spec_perl_TestExpr3_t" time="6.60419464111328e-05" />
  </testsuite>
  <testsuite name="spec_perl_TestIndexToParamEos_t" errors="0" failures="2" skipped="0" tests="7" time="0.0314881801605225">
    <system-out>1..7
ok 1 - Equals
ok 2 - Equals
ok 3 - Equals
ok 4 - Equals
ok 5 - Equals
not ok 6 - Equals
not ok 7 - Equals
</system-out>
    <testcase name="Equals (208)" classname="spec_perl_TestIndexToParamEos_t" time="0.00162220001220703" />
    <testcase name="Equals (209)" classname="spec_perl_TestIndexToParamEos_t" time="7.89165496826172e-05" />
    <testcase name="Equals (210)" classname="spec_perl_TestIndexToParamEos_t" time="9.60826873779297e-05" />
    <testcase name="Equals (211)" classname="spec_perl_TestIndexToParamEos_t" time="0.000124931335449219" />
    <testcase name="Equals (212)" classname="spec_perl_TestIndexToParamEos_t" time="9.70363616943359e-05" />
    <testcase name="Equals (213)" classname="spec_perl_TestIndexToParamEos_t" time="0.00010991096496582">
      <failure message="not ok 6 - Equals" type="TAP::Parser::Result::Test"></failure>
    </testcase>
    <testcase name="Equals (214)" classname="spec_perl_TestIndexToParamEos_t" time="0.000468969345092773">
      <failure message="not ok 7 - Equals" type="TAP::Parser::Result::Test"></failure>
    </testcase>
  </testsuite>
  <testsuite name="spec_perl_TestBufferedStruct_t" errors="0" failures="0" skipped="0" tests="7" time="0.0269031524658203">
    <system-out>1..7
ok 1 - Equals
ok 2 - Equals
ok 3 - Equals
ok 4 - Equals
ok 5 - Equals
ok 6 - Equals
ok 7 - Equals
</system-out>
    <testcase name="Equals (215)" classname="spec_perl_TestBufferedStruct_t" time="0.00127911567687988" />
    <testcase name="Equals (216)" classname="spec_perl_TestBufferedStruct_t" time="4.98294830322266e-05" />
    <testcase name="Equals (217)" classname="spec_perl_TestBufferedStruct_t" time="7.91549682617188e-05" />
    <testcase name="Equals (218)" classname="spec_perl_TestBufferedStruct_t" time="5.69820404052734e-05" />
    <testcase name="Equals (219)" classname="spec_perl_TestBufferedStruct_t" time="5.48362731933594e-05" />
    <testcase name="Equals (220)" classname="spec_perl_TestBufferedStruct_t" time="8.32080841064453e-05" />
    <testcase name="Equals (221)" classname="spec_perl_TestBufferedStruct_t" time="7.89165496826172e-05" />
  </testsuite>
  <testsuite name="spec_perl_TestRecursiveOne_t" errors="0" failures="0" skipped="0" tests="4" time="0.0260560512542725">
    <system-out>1..4
ok 1 - Equals
ok 2 - Equals
ok 3 - Equals
ok 4 - Equals
</system-out>
    <testcase name="Equals (222)" classname="spec_perl_TestRecursiveOne_t" time="0.000998020172119141" />
    <testcase name="Equals (223)" classname="spec_perl_TestRecursiveOne_t" time="8.0108642578125e-05" />
    <testcase name="Equals (224)" classname="spec_perl_TestRecursiveOne_t" time="5.88893890380859e-05" />
    <testcase name="Equals (225)" classname="spec_perl_TestRecursiveOne_t" time="6.69956207275391e-05" />
  </testsuite>
  <testsuite name="spec_perl_TestIntegers_t" errors="0" failures="0" skipped="0" tests="20" time="0.0275750160217285">
    <system-out>1..20
ok 1 - Equals
ok 2 - Equals
ok 3 - Equals
ok 4 - Equals
ok 5 - Equals
ok 6 - Equals
ok 7 - Equals
ok 8 - Equals
ok 9 - Equals
ok 10 - Equals
ok 11 - Equals
ok 12 - Equals
ok 13 - Equals
ok 14 - Equals
ok 15 - Equals
ok 16 - Equals
ok 17 - Equals
ok 18 - Equals
ok 19 - Equals
ok 20 - Equals
</system-out>
    <testcase name="Equals (226)" classname="spec_perl_TestIntegers_t" time="0.00104498863220215" />
    <testcase name="Equals (227)" classname="spec_perl_TestIntegers_t" time="4.88758087158203e-05" />
    <testcase name="Equals (228)" classname="spec_perl_TestIntegers_t" time="5.7220458984375e-05" />
    <testcase name="Equals (229)" classname="spec_perl_TestIntegers_t" time="5.48362731933594e-05" />
    <testcase name="Equals (230)" classname="spec_perl_TestIntegers_t" time="6.60419464111328e-05" />
    <testcase name="Equals (231)" classname="spec_perl_TestIntegers_t" time="6.69956207275391e-05" />
    <testcase name="Equals (232)" classname="spec_perl_TestIntegers_t" time="5.79357147216797e-05" />
    <testcase name="Equals (233)" classname="spec_perl_TestIntegers_t" time="4.31537628173828e-05" />
    <testcase name="Equals (234)" classname="spec_perl_TestIntegers_t" time="6.19888305664062e-05" />
    <testcase name="Equals (235)" classname="spec_perl_TestIntegers_t" time="6.79492950439453e-05" />
    <testcase name="Equals (236)" classname="spec_perl_TestIntegers_t" time="7.60555267333984e-05" />
    <testcase name="Equals (237)" classname="spec_perl_TestIntegers_t" time="7.10487365722656e-05" />
    <testcase name="Equals (238)" classname="spec_perl_TestIntegers_t" time="4.29153442382812e-05" />
    <testcase name="Equals (239)" classname="spec_perl_TestIntegers_t" time="6.89029693603516e-05" />
    <testcase name="Equals (240)" classname="spec_perl_TestIntegers_t" time="5.91278076171875e-05" />
    <testcase name="Equals (241)" classname="spec_perl_TestIntegers_t" time="4.00543212890625e-05" />
    <testcase name="Equals (242)" classname="spec_perl_TestIntegers_t" time="7.29560852050781e-05" />
    <testcase name="Equals (243)" classname="spec_perl_TestIntegers_t" time="4.1961669921875e-05" />
    <testcase name="Equals (244)" classname="spec_perl_TestIntegers_t" time="5.38825988769531e-05" />
    <testcase name="Equals (245)" classname="spec_perl_TestIntegers_t" time="5.19752502441406e-05" />
  </testsuite>
  <testsuite name="spec_perl_TestImportsCircularA_t" errors="0" failures="0" skipped="0" tests="5" time="0.0263009071350098">
    <system-out>1..5
ok 1 - Equals
ok 2 - Equals
ok 3 - Equals
ok 4 - Equals
ok 5 - nil
</system-out>
    <testcase name="Equals (246)" classname="spec_perl_TestImportsCircularA_t" time="0.00102496147155762" />
    <testcase name="Equals (247)" classname="spec_perl_TestImportsCircularA_t" time="5.10215759277344e-05" />
    <testcase name="Equals (248)" classname="spec_perl_TestImportsCircularA_t" time="7.39097595214844e-05" />
    <testcase name="Equals (249)" classname="spec_perl_TestImportsCircularA_t" time="6.41345977783203e-05" />
    <testcase name="nil (249)" classname="spec_perl_TestImportsCircularA_t" time="4.1961669921875e-05" />
  </testsuite>
  <testsuite name="spec_perl_TestCastNested_t" errors="0" failures="0" skipped="0" tests="4" time="0.0302700996398926">
    <system-out>1..4
ok 1 - Equals
ok 2 - Equals
ok 3 - Equals
ok 4 - Equals
</system-out>
    <testcase name="Equals (250)" classname="spec_perl_TestCastNested_t" time="0.00115418434143066" />
    <testcase name="Equals (251)" classname="spec_perl_TestCastNested_t" time="7.89165496826172e-05" />
    <testcase name="Equals (252)" classname="spec_perl_TestCastNested_t" time="0.000117063522338867" />
    <testcase name="Equals (253)" classname="spec_perl_TestCastNested_t" time="0.000118017196655273" />
  </testsuite>
  <testsuite name="spec_perl_TestEnumNegative_t" errors="0" failures="0" skipped="0" tests="2" time="0.0256738662719727">
    <system-out>1..2
ok 1 - Equals
ok 2 - Equals
</system-out>
    <testcase name="Equals (254)" classname="spec_perl_TestEnumNegative_t" time="0.000995874404907227" />
    <testcase name="Equals (255)" classname="spec_perl_TestEnumNegative_t" time="5.29289245605469e-05" />
  </testsuite>
  <testsuite name="spec_perl_TestIoLocalVar_t" errors="0" failures="0" skipped="0" tests="2" time="0.0260961055755615">
    <system-out>1..2
ok 1 - Equals
ok 2 - Equals
</system-out>
    <testcase name="Equals (256)" classname="spec_perl_TestIoLocalVar_t" time="0.0012660026550293" />
    <testcase name="Equals (257)" classname="spec_perl_TestIoLocalVar_t" time="4.98294830322266e-05" />
  </testsuite>
  <testsuite name="spec_perl_TestRepeatEosStruct_t" errors="0" failures="0" skipped="0" tests="5" time="0.0261151790618896">
    <system-out>1..5
ok 1 - Equals
ok 2 - Equals
ok 3 - Equals
ok 4 - Equals
ok 5 - Equals
</system-out>
    <testcase name="Equals (258)" classname="spec_perl_TestRepeatEosStruct_t" time="0.00101613998413086" />
    <testcase name="Equals (259)" classname="spec_perl_TestRepeatEosStruct_t" time="5.00679016113281e-05" />
    <testcase name="Equals (260)" classname="spec_perl_TestRepeatEosStruct_t" time="8.67843627929688e-05" />
    <testcase name="Equals (261)" classname="spec_perl_TestRepeatEosStruct_t" time="6.72340393066406e-05" />
    <testcase name="Equals (262)" classname="spec_perl_TestRepeatEosStruct_t" time="6.29425048828125e-05" />
  </testsuite>
  <testsuite name="spec_perl_TestNestedTypes_t" errors="0" failures="0" skipped="0" tests="3" time="0.0264949798583984">
    <system-out>1..3
ok 1 - Equals
ok 2 - Equals
ok 3 - Equals
</system-out>
    <testcase name="Equals (263)" classname="spec_perl_TestNestedTypes_t" time="0.00111007690429688" />
    <testcase name="Equals (264)" classname="spec_perl_TestNestedTypes_t" time="7.89165496826172e-05" />
    <testcase name="Equals (265)" classname="spec_perl_TestNestedTypes_t" time="0.000111103057861328" />
  </testsuite>
  <testsuite name="spec_perl_TestStrEncodings_t" errors="0" failures="0" skipped="0" tests="4" time="0.0325961112976074">
    <system-out>1..4
ok 1 - Equals
ok 2 - Equals
ok 3 - Equals
ok 4 - Equals
</system-out>
    <testcase name="Equals (266)" classname="spec_perl_TestStrEncodings_t" time="0.00389599800109863" />
    <testcase name="Equals (267)" classname="spec_perl_TestStrEncodings_t" time="6.00814819335938e-05" />
    <testcase name="Equals (268)" classname="spec_perl_TestStrEncodings_t" time="4.88758087158203e-05" />
    <testcase name="Equals (269)" classname="spec_perl_TestStrEncodings_t" time="4.60147857666016e-05" />
  </testsuite>
  <testsuite name="spec_perl_TestNavParent3_t" errors="0" failures="0" skipped="0" tests="10" time="0.0301070213317871">
    <system-out>1..10
ok 1 - Equals
ok 2 - Equals
ok 3 - Equals
ok 4 - Equals
ok 5 - Equals
ok 6 - Equals
ok 7 - Equals
ok 8 - Equals
ok 9 - Equals
ok 10 - Equals
</system-out>
    <testcase name="Equals (270)" classname="spec_perl_TestNavParent3_t" time="0.00101590156555176" />
    <testcase name="Equals (271)" classname="spec_perl_TestNavParent3_t" time="5.00679016113281e-05" />
    <testcase name="Equals (272)" classname="spec_perl_TestNavParent3_t" time="0.00011897087097168" />
    <testcase name="Equals (273)" classname="spec_perl_TestNavParent3_t" time="6.69956207275391e-05" />
    <testcase name="Equals (274)" classname="spec_perl_TestNavParent3_t" time="6.60419464111328e-05" />
    <testcase name="Equals (275)" classname="spec_perl_TestNavParent3_t" time="8.89301300048828e-05" />
    <testcase name="Equals (276)" classname="spec_perl_TestNavParent3_t" time="6.103515625e-05" />
    <testcase name="Equals (277)" classname="spec_perl_TestNavParent3_t" time="5.50746917724609e-05" />
    <testcase name="Equals (278)" classname="spec_perl_TestNavParent3_t" time="5.88893890380859e-05" />
    <testcase name="Equals (279)" classname="spec_perl_TestNavParent3_t" time="8.70227813720703e-05" />
  </testsuite>
  <testsuite name="spec_perl_TestInstanceStd_t" errors="0" failures="0" skipped="0" tests="1" time="0.0293409824371338">
    <system-out>1..1
ok 1 - Equals
</system-out>
    <testcase name="Equals (280)" classname="spec_perl_TestInstanceStd_t" time="0.000986099243164062" />
  </testsuite>
  <testsuite name="spec_perl_TestBcdUserTypeBe_t" errors="0" failures="0" skipped="0" tests="6" time="0.0289340019226074">
    <system-out>1..6
ok 1 - Equals
ok 2 - Equals
ok 3 - Equals
ok 4 - Equals
ok 5 - Equals
ok 6 - Equals
</system-out>
    <testcase name="Equals (281)" classname="spec_perl_TestBcdUserTypeBe_t" time="0.00148105621337891" />
    <testcase name="Equals (282)" classname="spec_perl_TestBcdUserTypeBe_t" time="8.29696655273438e-05" />
    <testcase name="Equals (283)" classname="spec_perl_TestBcdUserTypeBe_t" time="0.000123023986816406" />
    <testcase name="Equals (284)" classname="spec_perl_TestBcdUserTypeBe_t" time="0.000124931335449219" />
    <testcase name="Equals (285)" classname="spec_perl_TestBcdUserTypeBe_t" time="0.000127077102661133" />
    <testcase name="Equals (286)" classname="spec_perl_TestBcdUserTypeBe_t" time="0.000124931335449219" />
  </testsuite>
  <testsuite name="spec_perl_TestEosExceptionU4_t" errors="0" failures="0" skipped="0" tests="1" time="0.0274558067321777">
    <system-out>1..1
ok 1 - threw /^Requested \d+ bytes, but only \d+ bytes available/
</system-out>
    <testcase name="threw /^Requested \d+ bytes, but only \d+ bytes available/ (286)" classname="spec_perl_TestEosExceptionU4_t" time="0.00127291679382324" />
  </testsuite>
  <testsuite name="spec_perl_TestExprOpsParens_t" errors="0" failures="1" skipped="0" tests="9" time="0.0274238586425781">
    <system-out>1..9
ok 1 - Equals
ok 2 - Equals
ok 3 - Equals
ok 4 - Equals
ok 5 - Equals
ok 6 - Equals
not ok 7 - Equals
ok 8 - Equals
ok 9 - Equals
</system-out>
    <testcase name="Equals (287)" classname="spec_perl_TestExprOpsParens_t" time="0.00104689598083496" />
    <testcase name="Equals (288)" classname="spec_perl_TestExprOpsParens_t" time="4.91142272949219e-05" />
    <testcase name="Equals (289)" classname="spec_perl_TestExprOpsParens_t" time="6.19888305664062e-05" />
    <testcase name="Equals (290)" classname="spec_perl_TestExprOpsParens_t" time="6.4849853515625e-05" />
    <testcase name="Equals (291)" classname="spec_perl_TestExprOpsParens_t" time="6.81877136230469e-05" />
    <testcase name="Equals (292)" classname="spec_perl_TestExprOpsParens_t" time="7.20024108886719e-05" />
    <testcase name="Equals (293)" classname="spec_perl_TestExprOpsParens_t" time="7.20024108886719e-05">
      <failure message="not ok 7 - Equals" type="TAP::Parser::Result::Test"></failure>
    </testcase>
    <testcase name="Equals (294)" classname="spec_perl_TestExprOpsParens_t" time="0.000283956527709961" />
    <testcase name="Equals (295)" classname="spec_perl_TestExprOpsParens_t" time="0.00014805793762207" />
  </testsuite>
  <testsuite name="spec_perl_TestExpr1_t" errors="0" failures="0" skipped="0" tests="4" time="0.0299510955810547">
    <system-out>1..4
ok 1 - Equals
ok 2 - Equals
ok 3 - Equals
ok 4 - Equals
</system-out>
    <testcase name="Equals (296)" classname="spec_perl_TestExpr1_t" time="0.000992059707641602" />
    <testcase name="Equals (297)" classname="spec_perl_TestExpr1_t" time="5.00679016113281e-05" />
    <testcase name="Equals (298)" classname="spec_perl_TestExpr1_t" time="7.58171081542969e-05" />
    <testcase name="Equals (299)" classname="spec_perl_TestExpr1_t" time="6.81877136230469e-05" />
  </testsuite>
  <testsuite name="spec_perl_TestSwitchManualStr_t" errors="0" failures="0" skipped="0" tests="9" time="0.0301969051361084">
    <system-out>1..9
ok 1 - Equals
ok 2 - Equals
ok 3 - Equals
ok 4 - Equals
ok 5 - Equals
ok 6 - Equals
ok 7 - Equals
ok 8 - Equals
ok 9 - Equals
</system-out>
    <testcase name="Equals (300)" classname="spec_perl_TestSwitchManualStr_t" time="0.0010981559753418" />
    <testcase name="Equals (301)" classname="spec_perl_TestSwitchManualStr_t" time="5.69820404052734e-05" />
    <testcase name="Equals (302)" classname="spec_perl_TestSwitchManualStr_t" time="4.38690185546875e-05" />
    <testcase name="Equals (303)" classname="spec_perl_TestSwitchManualStr_t" time="7.60555267333984e-05" />
    <testcase name="Equals (304)" classname="spec_perl_TestSwitchManualStr_t" time="4.50611114501953e-05" />
    <testcase name="Equals (305)" classname="spec_perl_TestSwitchManualStr_t" time="6.79492950439453e-05" />
    <testcase name="Equals (306)" classname="spec_perl_TestSwitchManualStr_t" time="5.88893890380859e-05" />
    <testcase name="Equals (307)" classname="spec_perl_TestSwitchManualStr_t" time="5.50746917724609e-05" />
    <testcase name="Equals (308)" classname="spec_perl_TestSwitchManualStr_t" time="6.50882720947266e-05" />
  </testsuite>
  <testsuite name="spec_perl_TestEofExceptionBytes_t" errors="0" failures="0" skipped="0" tests="1" time="0.0270040035247803">
    <system-out>1..1
ok 1 - threw /^Requested \d+ bytes, but only \d+ bytes available/
</system-out>
    <testcase name="threw /^Requested \d+ bytes, but only \d+ bytes available/ (308)" classname="spec_perl_TestEofExceptionBytes_t" time="0.00101518630981445" />
  </testsuite>
  <testsuite name="spec_perl_TestImportsAbsAbs_t" errors="0" failures="0" skipped="0" tests="3" time="0.0263059139251709">
    <system-out>1..3
ok 1 - Equals
ok 2 - Equals
ok 3 - Equals
</system-out>
    <testcase name="Equals (309)" classname="spec_perl_TestImportsAbsAbs_t" time="0.00103092193603516" />
    <testcase name="Equals (310)" classname="spec_perl_TestImportsAbsAbs_t" time="5.10215759277344e-05" />
    <testcase name="Equals (311)" classname="spec_perl_TestImportsAbsAbs_t" time="0.000100135803222656" />
  </testsuite>
  <testsuite name="spec_perl_TestTsPacketHeader_t" errors="0" failures="0" skipped="0" tests="7" time="0.0260469913482666">
    <system-out>1..7
ok 1 - Equals
ok 2 - Equals
ok 3 - Equals
ok 4 - Equals
ok 5 - Equals
ok 6 - Equals
ok 7 - Equals
</system-out>
    <testcase name="Equals (312)" classname="spec_perl_TestTsPacketHeader_t" time="0.00102090835571289" />
    <testcase name="Equals (313)" classname="spec_perl_TestTsPacketHeader_t" time="4.79221343994141e-05" />
    <testcase name="Equals (314)" classname="spec_perl_TestTsPacketHeader_t" time="6.91413879394531e-05" />
    <testcase name="Equals (315)" classname="spec_perl_TestTsPacketHeader_t" time="5.48362731933594e-05" />
    <testcase name="Equals (316)" classname="spec_perl_TestTsPacketHeader_t" time="5.50746917724609e-05" />
    <testcase name="Equals (317)" classname="spec_perl_TestTsPacketHeader_t" time="7.41481781005859e-05" />
    <testcase name="Equals (318)" classname="spec_perl_TestTsPacketHeader_t" time="6.98566436767578e-05" />
  </testsuite>
  <testsuite name="spec_perl_TestStrLiterals2_t" errors="0" failures="0" skipped="0" tests="4" time="0.0258030891418457">
    <system-out>1..4
ok 1 - Equals
ok 2 - Equals
ok 3 - Equals
ok 4 - Equals
</system-out>
    <testcase name="Equals (319)" classname="spec_perl_TestStrLiterals2_t" time="0.00101709365844727" />
    <testcase name="Equals (320)" classname="spec_perl_TestStrLiterals2_t" time="5.00679016113281e-05" />
    <testcase name="Equals (321)" classname="spec_perl_TestStrLiterals2_t" time="6.29425048828125e-05" />
    <testcase name="Equals (322)" classname="spec_perl_TestStrLiterals2_t" time="7.48634338378906e-05" />
  </testsuite>
  <testsuite name="spec_perl_TestNavRoot_t" errors="0" failures="0" skipped="0" tests="5" time="0.0296261310577393">
    <system-out>1..5
ok 1 - Equals
ok 2 - Equals
ok 3 - Equals
ok 4 - Equals
ok 5 - Equals
</system-out>
    <testcase name="Equals (323)" classname="spec_perl_TestNavRoot_t" time="0.00107598304748535" />
    <testcase name="Equals (324)" classname="spec_perl_TestNavRoot_t" time="5.00679016113281e-05" />
    <testcase name="Equals (325)" classname="spec_perl_TestNavRoot_t" time="5.79357147216797e-05" />
    <testcase name="Equals (326)" classname="spec_perl_TestNavRoot_t" time="9.51290130615234e-05" />
    <testcase name="Equals (327)" classname="spec_perl_TestNavRoot_t" time="5.10215759277344e-05" />
  </testsuite>
  <testsuite name="spec_perl_TestCombineStr_t" errors="0" failures="0" skipped="0" tests="15" time="0.0312860012054443">
    <system-out>1..15
ok 1 - Equals
ok 2 - Equals
ok 3 - Equals
ok 4 - Equals
ok 5 - Equals
ok 6 - Equals
ok 7 - Equals
ok 8 - Equals
ok 9 - Equals
ok 10 - Equals
ok 11 - Equals
ok 12 - Equals
ok 13 - Equals
ok 14 - Equals
ok 15 - Equals
</system-out>
    <testcase name="Equals (328)" classname="spec_perl_TestCombineStr_t" time="0.00105190277099609" />
    <testcase name="Equals (329)" classname="spec_perl_TestCombineStr_t" time="4.81605529785156e-05" />
    <testcase name="Equals (330)" classname="spec_perl_TestCombineStr_t" time="7.67707824707031e-05" />
    <testcase name="Equals (331)" classname="spec_perl_TestCombineStr_t" time="5.91278076171875e-05" />
    <testcase name="Equals (332)" classname="spec_perl_TestCombineStr_t" time="7.20024108886719e-05" />
    <testcase name="Equals (333)" classname="spec_perl_TestCombineStr_t" time="5.38825988769531e-05" />
    <testcase name="Equals (334)" classname="spec_perl_TestCombineStr_t" time="6.60419464111328e-05" />
    <testcase name="Equals (335)" classname="spec_perl_TestCombineStr_t" time="6.19888305664062e-05" />
    <testcase name="Equals (336)" classname="spec_perl_TestCombineStr_t" time="6.69956207275391e-05" />
    <testcase name="Equals (337)" classname="spec_perl_TestCombineStr_t" time="4.41074371337891e-05" />
    <testcase name="Equals (338)" classname="spec_perl_TestCombineStr_t" time="0.000102043151855469" />
    <testcase name="Equals (339)" classname="spec_perl_TestCombineStr_t" time="6.79492950439453e-05" />
    <testcase name="Equals (340)" classname="spec_perl_TestCombineStr_t" time="6.38961791992188e-05" />
    <testcase name="Equals (341)" classname="spec_perl_TestCombineStr_t" time="5.81741333007812e-05" />
    <testcase name="Equals (342)" classname="spec_perl_TestCombineStr_t" time="5.48362731933594e-05" />
  </testsuite>
  <testsuite name="spec_perl_TestMultipleUse_t" errors="0" failures="0" skipped="0" tests="2" time="0.0263059139251709">
    <system-out>1..2
ok 1 - Equals
ok 2 - Equals
</system-out>
    <testcase name="Equals (343)" classname="spec_perl_TestMultipleUse_t" time="0.00105905532836914" />
    <testcase name="Equals (344)" classname="spec_perl_TestMultipleUse_t" time="6.4849853515625e-05" />
  </testsuite>
  <testsuite name="spec_perl_TestInstanceIoUser_t" errors="0" failures="0" skipped="0" tests="4" time="0.0301380157470703">
    <system-out>1..4
ok 1 - Equals
ok 2 - Equals
ok 3 - Equals
ok 4 - Equals
</system-out>
    <testcase name="Equals (345)" classname="spec_perl_TestInstanceIoUser_t" time="0.00133204460144043" />
    <testcase name="Equals (346)" classname="spec_perl_TestInstanceIoUser_t" time="8.29696655273438e-05" />
    <testcase name="Equals (347)" classname="spec_perl_TestInstanceIoUser_t" time="8.20159912109375e-05" />
    <testcase name="Equals (348)" classname="spec_perl_TestInstanceIoUser_t" time="8.10623168945312e-05" />
  </testsuite>
  <testsuite name="spec_perl_TestEnumFancy_t" errors="0" failures="0" skipped="0" tests="2" time="0.026047945022583">
    <system-out>1..2
ok 1 - Equals
ok 2 - Equals
</system-out>
    <testcase name="Equals (349)" classname="spec_perl_TestEnumFancy_t" time="0.00109696388244629" />
    <testcase name="Equals (350)" classname="spec_perl_TestEnumFancy_t" time="8.0108642578125e-05" />
  </testsuite>
  <testsuite name="spec_perl_TestImportsParamsDefUsertypeImported_t" errors="0" failures="1" skipped="0" tests="2" time="0.0268809795379639">
    <system-out>1..2
ok 1 - Equals
not ok 2 - test_imports_params_def_usertype_imported died (Can't call method &quot;one&quot; on an undefined value at compiled/perl/ParamsDefUsertypeImported.pm line 43.)
</system-out>
    <testcase name="Equals (351)" classname="spec_perl_TestImportsParamsDefUsertypeImported_t" time="0.00104713439941406" />
    <testcase name="test_imports_params_def_usertype_imported died (Can't call method &quot;one&quot; on an undefined value at compiled/perl/ParamsDefUsertypeImported.pm line 43.) (351)" classname="spec_perl_TestImportsParamsDefUsertypeImported_t" time="6.19888305664062e-05">
      <failure message="not ok 2 - test_imports_params_def_usertype_imported died (Can't call method &quot;one&quot; on an undefined value at compiled/perl/ParamsDefUsertypeImported.pm line 43.)" type="TAP::Parser::Result::Test"></failure>
    </testcase>
  </testsuite>
  <testsuite name="spec_perl_TestDefaultEndianExprException_t" errors="0" failures="0" skipped="0" tests="1" time="0.0276298522949219">
    <system-out>1..1
ok 1 - threw /^Unable to decide on endianness/
</system-out>
    <testcase name="threw /^Unable to decide on endianness/ (351)" classname="spec_perl_TestDefaultEndianExprException_t" time="0.00113892555236816" />
  </testsuite>
  <testsuite name="spec_perl_TestSwitchManualIntSizeElse_t" errors="0" failures="0" skipped="0" tests="10" time="0.0310769081115723">
    <system-out>1..10
ok 1 - Equals
ok 2 - Equals
ok 3 - Equals
ok 4 - Equals
ok 5 - Equals
ok 6 - Equals
ok 7 - Equals
ok 8 - Equals
ok 9 - Equals
ok 10 - Equals
</system-out>
    <testcase name="Equals (352)" classname="spec_perl_TestSwitchManualIntSizeElse_t" time="0.00147485733032227" />
    <testcase name="Equals (353)" classname="spec_perl_TestSwitchManualIntSizeElse_t" time="4.91142272949219e-05" />
    <testcase name="Equals (354)" classname="spec_perl_TestSwitchManualIntSizeElse_t" time="7.79628753662109e-05" />
    <testcase name="Equals (355)" classname="spec_perl_TestSwitchManualIntSizeElse_t" time="7.39097595214844e-05" />
    <testcase name="Equals (356)" classname="spec_perl_TestSwitchManualIntSizeElse_t" time="5.7220458984375e-05" />
    <testcase name="Equals (357)" classname="spec_perl_TestSwitchManualIntSizeElse_t" time="0.000104904174804688" />
    <testcase name="Equals (358)" classname="spec_perl_TestSwitchManualIntSizeElse_t" time="7.10487365722656e-05" />
    <testcase name="Equals (359)" classname="spec_perl_TestSwitchManualIntSizeElse_t" time="4.88758087158203e-05" />
    <testcase name="Equals (360)" classname="spec_perl_TestSwitchManualIntSizeElse_t" time="6.31809234619141e-05" />
    <testcase name="Equals (361)" classname="spec_perl_TestSwitchManualIntSizeElse_t" time="6.79492950439453e-05" />
  </testsuite>
  <testsuite name="spec_perl_TestRepeatNStruct_t" errors="0" failures="0" skipped="0" tests="5" time="0.0260250568389893">
    <system-out>1..5
ok 1 - Equals
ok 2 - Equals
ok 3 - Equals
ok 4 - Equals
ok 5 - Equals
</system-out>
    <testcase name="Equals (362)" classname="spec_perl_TestRepeatNStruct_t" time="0.00101685523986816" />
    <testcase name="Equals (363)" classname="spec_perl_TestRepeatNStruct_t" time="5.00679016113281e-05" />
    <testcase name="Equals (364)" classname="spec_perl_TestRepeatNStruct_t" time="7.79628753662109e-05" />
    <testcase name="Equals (365)" classname="spec_perl_TestRepeatNStruct_t" time="5.69820404052734e-05" />
    <testcase name="Equals (366)" classname="spec_perl_TestRepeatNStruct_t" time="6.69956207275391e-05" />
  </testsuite>
  <testsuite name="spec_perl_TestExprBytesOps_t" errors="0" failures="0" skipped="0" tests="16" time="0.0269370079040527">
    <system-out>1..16
ok 1 - Equals
ok 2 - Equals
ok 3 - Equals
ok 4 - Equals
ok 5 - Equals
ok 6 - Equals
ok 7 - Equals
ok 8 - Equals
ok 9 - Equals
ok 10 - Equals
ok 11 - Equals
ok 12 - Equals
ok 13 - Equals
ok 14 - Equals
ok 15 - Equals
ok 16 - Equals
</system-out>
    <testcase name="Equals (367)" classname="spec_perl_TestExprBytesOps_t" time="0.00104188919067383" />
    <testcase name="Equals (368)" classname="spec_perl_TestExprBytesOps_t" time="5.91278076171875e-05" />
    <testcase name="Equals (369)" classname="spec_perl_TestExprBytesOps_t" time="4.98294830322266e-05" />
    <testcase name="Equals (370)" classname="spec_perl_TestExprBytesOps_t" time="5.19752502441406e-05" />
    <testcase name="Equals (371)" classname="spec_perl_TestExprBytesOps_t" time="8.41617584228516e-05" />
    <testcase name="Equals (372)" classname="spec_perl_TestExprBytesOps_t" time="6.60419464111328e-05" />
    <testcase name="Equals (373)" classname="spec_perl_TestExprBytesOps_t" time="6.4849853515625e-05" />
    <testcase name="Equals (374)" classname="spec_perl_TestExprBytesOps_t" time="6.41345977783203e-05" />
    <testcase name="Equals (375)" classname="spec_perl_TestExprBytesOps_t" time="8.08238983154297e-05" />
    <testcase name="Equals (376)" classname="spec_perl_TestExprBytesOps_t" time="6.69956207275391e-05" />
    <testcase name="Equals (377)" classname="spec_perl_TestExprBytesOps_t" time="7.20024108886719e-05" />
    <testcase name="Equals (378)" classname="spec_perl_TestExprBytesOps_t" time="4.41074371337891e-05" />
    <testcase name="Equals (379)" classname="spec_perl_TestExprBytesOps_t" time="6.69956207275391e-05" />
    <testcase name="Equals (380)" classname="spec_perl_TestExprBytesOps_t" time="5.38825988769531e-05" />
    <testcase name="Equals (381)" classname="spec_perl_TestExprBytesOps_t" time="6.103515625e-05" />
    <testcase name="Equals (382)" classname="spec_perl_TestExprBytesOps_t" time="6.41345977783203e-05" />
  </testsuite>
  <testsuite name="spec_perl_TestProcessCoerceSwitch_t" errors="0" failures="0" skipped="0" tests="3" time="0.0265629291534424">
    <system-out>1..3
ok 1 - Equals
ok 2 - Equals
ok 3 - Equals
</system-out>
    <testcase name="Equals (383)" classname="spec_perl_TestProcessCoerceSwitch_t" time="0.00129294395446777" />
    <testcase name="Equals (384)" classname="spec_perl_TestProcessCoerceSwitch_t" time="5.10215759277344e-05" />
    <testcase name="Equals (385)" classname="spec_perl_TestProcessCoerceSwitch_t" time="7.10487365722656e-05" />
  </testsuite>
  <testsuite name="spec_perl_TestNavParentFalse_t" errors="0" failures="0" skipped="0" tests="5" time="0.0260708332061768">
    <system-out>1..5
ok 1 - Equals
ok 2 - Equals
ok 3 - Equals
ok 4 - Equals
ok 5 - Equals
</system-out>
    <testcase name="Equals (386)" classname="spec_perl_TestNavParentFalse_t" time="0.00101304054260254" />
    <testcase name="Equals (387)" classname="spec_perl_TestNavParentFalse_t" time="8.20159912109375e-05" />
    <testcase name="Equals (388)" classname="spec_perl_TestNavParentFalse_t" time="6.58035278320312e-05" />
    <testcase name="Equals (389)" classname="spec_perl_TestNavParentFalse_t" time="6.81877136230469e-05" />
    <testcase name="Equals (390)" classname="spec_perl_TestNavParentFalse_t" time="6.38961791992188e-05" />
  </testsuite>
  <testsuite name="spec_perl_TestExprStrEncodings_t" errors="0" failures="0" skipped="0" tests="7" time="0.0331389904022217">
    <system-out>1..7
ok 1 - Equals
ok 2 - Equals
ok 3 - Equals
ok 4 - Equals
ok 5 - Equals
ok 6 - Equals
ok 7 - Equals
</system-out>
    <testcase name="Equals (391)" classname="spec_perl_TestExprStrEncodings_t" time="0.00403285026550293" />
    <testcase name="Equals (392)" classname="spec_perl_TestExprStrEncodings_t" time="6.00814819335938e-05" />
    <testcase name="Equals (393)" classname="spec_perl_TestExprStrEncodings_t" time="8.392333984375e-05" />
    <testcase name="Equals (394)" classname="spec_perl_TestExprStrEncodings_t" time="6.50882720947266e-05" />
    <testcase name="Equals (395)" classname="spec_perl_TestExprStrEncodings_t" time="5.29289245605469e-05" />
    <testcase name="Equals (396)" classname="spec_perl_TestExprStrEncodings_t" time="6.81877136230469e-05" />
    <testcase name="Equals (397)" classname="spec_perl_TestExprStrEncodings_t" time="8.392333984375e-05" />
  </testsuite>
  <testsuite name="spec_perl_TestExprIfIntOps_t" errors="0" failures="0" skipped="0" tests="2" time="0.0260281562805176">
    <system-out>1..2
ok 1 - Equals
ok 2 - Equals
</system-out>
    <testcase name="Equals (398)" classname="spec_perl_TestExprIfIntOps_t" time="0.00102591514587402" />
    <testcase name="Equals (399)" classname="spec_perl_TestExprIfIntOps_t" time="5.50746917724609e-05" />
  </testsuite>
  <testsuite name="spec_perl_TestCastToTop_t" errors="0" failures="0" skipped="0" tests="3" time="0.0265088081359863">
    <system-out>1..3
ok 1 - Equals
ok 2 - Equals
ok 3 - Equals
</system-out>
    <testcase name="Equals (400)" classname="spec_perl_TestCastToTop_t" time="0.00122189521789551" />
    <testcase name="Equals (401)" classname="spec_perl_TestCastToTop_t" time="5.60283660888672e-05" />
    <testcase name="Equals (402)" classname="spec_perl_TestCastToTop_t" time="7.48634338378906e-05" />
  </testsuite>
  <testsuite name="spec_perl_TestProcessRotate_t" errors="0" failures="0" skipped="0" tests="3" time="0.0260119438171387">
    <system-out>1..3
ok 1 - Equals
ok 2 - Equals
ok 3 - Equals
</system-out>
    <testcase name="Equals (403)" classname="spec_perl_TestProcessRotate_t" time="0.00103592872619629" />
    <testcase name="Equals (404)" classname="spec_perl_TestProcessRotate_t" time="5.10215759277344e-05" />
    <testcase name="Equals (405)" classname="spec_perl_TestProcessRotate_t" time="6.50882720947266e-05" />
  </testsuite>
  <testsuite name="spec_perl_TestBitsSeqEndianCombo_t" errors="0" failures="0" skipped="0" tests="8" time="0.0265600681304932">
    <system-out>1..8
ok 1 - Equals
ok 2 - Equals
ok 3 - Equals
ok 4 - Equals
ok 5 - Equals
ok 6 - Equals
ok 7 - Equals
ok 8 - Equals
</system-out>
    <testcase name="Equals (406)" classname="spec_perl_TestBitsSeqEndianCombo_t" time="0.00106000900268555" />
    <testcase name="Equals (407)" classname="spec_perl_TestBitsSeqEndianCombo_t" time="6.103515625e-05" />
    <testcase name="Equals (408)" classname="spec_perl_TestBitsSeqEndianCombo_t" time="6.103515625e-05" />
    <testcase name="Equals (409)" classname="spec_perl_TestBitsSeqEndianCombo_t" time="8.58306884765625e-05" />
    <testcase name="Equals (410)" classname="spec_perl_TestBitsSeqEndianCombo_t" time="8.0108642578125e-05" />
    <testcase name="Equals (411)" classname="spec_perl_TestBitsSeqEndianCombo_t" time="6.60419464111328e-05" />
    <testcase name="Equals (412)" classname="spec_perl_TestBitsSeqEndianCombo_t" time="6.38961791992188e-05" />
    <testcase name="Equals (413)" classname="spec_perl_TestBitsSeqEndianCombo_t" time="7.29560852050781e-05" />
  </testsuite>
  <testsuite name="spec_perl_TestNestedSameName2_t" errors="0" failures="0" skipped="0" tests="5" time="0.0262598991394043">
    <system-out>1..5
ok 1 - Equals
ok 2 - Equals
ok 3 - Equals
ok 4 - Equals
ok 5 - Equals
</system-out>
    <testcase name="Equals (414)" classname="spec_perl_TestNestedSameName2_t" time="0.00101089477539062" />
    <testcase name="Equals (415)" classname="spec_perl_TestNestedSameName2_t" time="4.91142272949219e-05" />
    <testcase name="Equals (416)" classname="spec_perl_TestNestedSameName2_t" time="7.00950622558594e-05" />
    <testcase name="Equals (417)" classname="spec_perl_TestNestedSameName2_t" time="6.07967376708984e-05" />
    <testcase name="Equals (418)" classname="spec_perl_TestNestedSameName2_t" time="7.00950622558594e-05" />
  </testsuite>
  <testsuite name="spec_perl_TestProcessCoerceUsertype2_t" errors="0" failures="0" skipped="0" tests="4" time="0.0263450145721436">
    <system-out>1..4
ok 1 - Equals
ok 2 - Equals
ok 3 - Equals
ok 4 - Equals
</system-out>
    <testcase name="Equals (419)" classname="spec_perl_TestProcessCoerceUsertype2_t" time="0.0012810230255127" />
    <testcase name="Equals (420)" classname="spec_perl_TestProcessCoerceUsertype2_t" time="5.38825988769531e-05" />
    <testcase name="Equals (421)" classname="spec_perl_TestProcessCoerceUsertype2_t" time="7.10487365722656e-05" />
    <testcase name="Equals (422)" classname="spec_perl_TestProcessCoerceUsertype2_t" time="6.60419464111328e-05" />
  </testsuite>
  <testsuite name="spec_perl_TestIndexToParamExpr_t" errors="0" failures="2" skipped="0" tests="7" time="0.0308570861816406">
    <system-out>1..7
ok 1 - Equals
ok 2 - Equals
ok 3 - Equals
ok 4 - Equals
ok 5 - Equals
not ok 6 - Equals
not ok 7 - Equals
</system-out>
    <testcase name="Equals (423)" classname="spec_perl_TestIndexToParamExpr_t" time="0.00139307975769043" />
    <testcase name="Equals (424)" classname="spec_perl_TestIndexToParamExpr_t" time="5.60283660888672e-05" />
    <testcase name="Equals (425)" classname="spec_perl_TestIndexToParamExpr_t" time="6.4849853515625e-05" />
    <testcase name="Equals (426)" classname="spec_perl_TestIndexToParamExpr_t" time="6.29425048828125e-05" />
    <testcase name="Equals (427)" classname="spec_perl_TestIndexToParamExpr_t" time="6.31809234619141e-05" />
    <testcase name="Equals (428)" classname="spec_perl_TestIndexToParamExpr_t" time="7.89165496826172e-05">
      <failure message="not ok 6 - Equals" type="TAP::Parser::Result::Test"></failure>
    </testcase>
    <testcase name="Equals (429)" classname="spec_perl_TestIndexToParamExpr_t" time="0.000319957733154297">
      <failure message="not ok 7 - Equals" type="TAP::Parser::Result::Test"></failure>
    </testcase>
  </testsuite>
  <testsuite name="spec_perl_TestDocstringsDocref_t" errors="0" failures="0" skipped="1" tests="1" time="0.0264091491699219">
    <system-out>1..1
ok 1 # skip DocstringsDocref=HASH(0x55efa89e3868)
</system-out>
    <testcase name="Unnamed test case 429" classname="spec_perl_TestDocstringsDocref_t" time="0.00131797790527344">
      <skipped message="ok 1 # skip DocstringsDocref=HASH(0x55efa89e3868)" />
    </testcase>
  </testsuite>
  <testsuite name="spec_perl_TestInstanceUserArray_t" errors="0" failures="0" skipped="0" tests="10" time="0.0266830921173096">
    <system-out>1..10
ok 1 - Equals
ok 2 - Equals
ok 3 - Equals
ok 4 - Equals
ok 5 - Equals
ok 6 - Equals
ok 7 - Equals
ok 8 - Equals
ok 9 - Equals
ok 10 - Equals
</system-out>
    <testcase name="Equals (430)" classname="spec_perl_TestInstanceUserArray_t" time="0.00100207328796387" />
    <testcase name="Equals (431)" classname="spec_perl_TestInstanceUserArray_t" time="5.29289245605469e-05" />
    <testcase name="Equals (432)" classname="spec_perl_TestInstanceUserArray_t" time="7.60555267333984e-05" />
    <testcase name="Equals (433)" classname="spec_perl_TestInstanceUserArray_t" time="0.000362873077392578" />
    <testcase name="Equals (434)" classname="spec_perl_TestInstanceUserArray_t" time="7.51018524169922e-05" />
    <testcase name="Equals (435)" classname="spec_perl_TestInstanceUserArray_t" time="4.50611114501953e-05" />
    <testcase name="Equals (436)" classname="spec_perl_TestInstanceUserArray_t" time="6.98566436767578e-05" />
    <testcase name="Equals (437)" classname="spec_perl_TestInstanceUserArray_t" time="4.69684600830078e-05" />
    <testcase name="Equals (438)" classname="spec_perl_TestInstanceUserArray_t" time="6.81877136230469e-05" />
    <testcase name="Equals (439)" classname="spec_perl_TestInstanceUserArray_t" time="5.98430633544922e-05" />
  </testsuite>
  <testsuite name="spec_perl_TestEnum0_t" errors="0" failures="0" skipped="0" tests="2" time="0.0260419845581055">
    <system-out>1..2
ok 1 - Equals
ok 2 - Equals
</system-out>
    <testcase name="Equals (440)" classname="spec_perl_TestEnum0_t" time="0.00103306770324707" />
    <testcase name="Equals (441)" classname="spec_perl_TestEnum0_t" time="5.50746917724609e-05" />
  </testsuite>
  <testsuite name="spec_perl_TestMetaTags_t" errors="0" failures="0" skipped="1" tests="1" time="0.0256500244140625">
    <system-out>1..1
ok 1 # skip MetaTags=HASH(0x5599a9514998)
</system-out>
    <testcase name="Unnamed test case 441" classname="spec_perl_TestMetaTags_t" time="0.00123095512390137">
      <skipped message="ok 1 # skip MetaTags=HASH(0x5599a9514998)" />
    </testcase>
  </testsuite>
  <testsuite name="spec_perl_TestEnumIf_t" errors="0" failures="0" skipped="0" tests="7" time="0.0300369262695312">
    <system-out>1..7
ok 1 - Equals
ok 2 - Equals
ok 3 - Equals
ok 4 - Equals
ok 5 - Equals
ok 6 - Equals
ok 7 - Equals
</system-out>
    <testcase name="Equals (442)" classname="spec_perl_TestEnumIf_t" time="0.0011141300201416" />
    <testcase name="Equals (443)" classname="spec_perl_TestEnumIf_t" time="4.98294830322266e-05" />
    <testcase name="Equals (444)" classname="spec_perl_TestEnumIf_t" time="7.00950622558594e-05" />
    <testcase name="Equals (445)" classname="spec_perl_TestEnumIf_t" time="6.69956207275391e-05" />
    <testcase name="Equals (446)" classname="spec_perl_TestEnumIf_t" time="5.60283660888672e-05" />
    <testcase name="Equals (447)" classname="spec_perl_TestEnumIf_t" time="5.69820404052734e-05" />
    <testcase name="Equals (448)" classname="spec_perl_TestEnumIf_t" time="6.19888305664062e-05" />
  </testsuite>
  <testsuite name="spec_perl_TestBcdUserTypeLe_t" errors="0" failures="0" skipped="0" tests="6" time="0.0286681652069092">
    <system-out>1..6
ok 1 - Equals
ok 2 - Equals
ok 3 - Equals
ok 4 - Equals
ok 5 - Equals
ok 6 - Equals
</system-out>
    <testcase name="Equals (449)" classname="spec_perl_TestBcdUserTypeLe_t" time="0.00139403343200684" />
    <testcase name="Equals (450)" classname="spec_perl_TestBcdUserTypeLe_t" time="7.70092010498047e-05" />
    <testcase name="Equals (451)" classname="spec_perl_TestBcdUserTypeLe_t" time="0.000144004821777344" />
    <testcase name="Equals (452)" classname="spec_perl_TestBcdUserTypeLe_t" time="0.0001220703125" />
    <testcase name="Equals (453)" classname="spec_perl_TestBcdUserTypeLe_t" time="0.000126838684082031" />
    <testcase name="Equals (454)" classname="spec_perl_TestBcdUserTypeLe_t" time="0.000123023986816406" />
  </testsuite>
  <testsuite name="spec_perl_TestSwitchManualEnumInvalidElse_t" errors="0" failures="0" skipped="0" tests="5" time="0.0297689437866211">
    <system-out>1..5
ok 1 - Equals
ok 2 - Equals
ok 3 - Equals
ok 4 - Equals
ok 5 - Equals
</system-out>
    <testcase name="Equals (455)" classname="spec_perl_TestSwitchManualEnumInvalidElse_t" time="0.00106310844421387" />
[...]
    <testcase name="Equals (929)" classname="spec_perl_TestSwitchManualIntSize_t" time="4.98294830322266e-05" />
    <testcase name="Equals (930)" classname="spec_perl_TestSwitchManualIntSize_t" time="6.91413879394531e-05" />
    <testcase name="Equals (931)" classname="spec_perl_TestSwitchManualIntSize_t" time="9.89437103271484e-05" />
    <testcase name="Equals (932)" classname="spec_perl_TestSwitchManualIntSize_t" time="4.91142272949219e-05" />
    <testcase name="Equals (933)" classname="spec_perl_TestSwitchManualIntSize_t" time="9.98973846435547e-05" />
    <testcase name="Equals (934)" classname="spec_perl_TestSwitchManualIntSize_t" time="6.60419464111328e-05" />
    <testcase name="Equals (935)" classname="spec_perl_TestSwitchManualIntSize_t" time="6.103515625e-05" />
    <testcase name="Equals (936)" classname="spec_perl_TestSwitchManualIntSize_t" time="6.38961791992188e-05" />
    <testcase name="Equals (937)" classname="spec_perl_TestSwitchManualIntSize_t" time="6.29425048828125e-05" />
  </testsuite>
  <testsuite name="spec_perl_TestTypeTernary2ndFalsy_t" errors="0" failures="0" skipped="0" tests="13" time="0.0267360210418701">
    <system-out>1..13
ok 1 - Equals
ok 2 - Equals
ok 3 - Equals
ok 4 - Approx equals
ok 5 - Approx equals
ok 6 - Equals
ok 7 - Equals
ok 8 - Equals
ok 9 - nil
ok 10 - Equals
ok 11 - Equals
ok 12 - Equals
ok 13 - Equals
</system-out>
    <testcase name="Equals (938)" classname="spec_perl_TestTypeTernary2ndFalsy_t" time="0.00100898742675781" />
    <testcase name="Equals (939)" classname="spec_perl_TestTypeTernary2ndFalsy_t" time="5.19752502441406e-05" />
    <testcase name="Equals (940)" classname="spec_perl_TestTypeTernary2ndFalsy_t" time="6.98566436767578e-05" />
    <testcase name="Approx equals (940)" classname="spec_perl_TestTypeTernary2ndFalsy_t" time="6.81877136230469e-05" />
    <testcase name="Approx equals (941)" classname="spec_perl_TestTypeTernary2ndFalsy_t" time="4.29153442382812e-05" />
    <testcase name="Equals (941)" classname="spec_perl_TestTypeTernary2ndFalsy_t" time="5.60283660888672e-05" />
    <testcase name="Equals (942)" classname="spec_perl_TestTypeTernary2ndFalsy_t" time="6.38961791992188e-05" />
    <testcase name="Equals (943)" classname="spec_perl_TestTypeTernary2ndFalsy_t" time="6.00814819335938e-05" />
    <testcase name="nil (943)" classname="spec_perl_TestTypeTernary2ndFalsy_t" time="4.69684600830078e-05" />
    <testcase name="Equals (944)" classname="spec_perl_TestTypeTernary2ndFalsy_t" time="4.00543212890625e-05" />
    <testcase name="Equals (945)" classname="spec_perl_TestTypeTernary2ndFalsy_t" time="5.60283660888672e-05" />
    <testcase name="Equals (946)" classname="spec_perl_TestTypeTernary2ndFalsy_t" time="6.19888305664062e-05" />
    <testcase name="Equals (947)" classname="spec_perl_TestTypeTernary2ndFalsy_t" time="4.29153442382812e-05" />
  </testsuite>
  <testsuite name="spec_perl_TestIntegersDoubleOverflow_t" errors="0" failures="0" skipped="0" tests="8" time="0.0263440608978271">
    <system-out>1..8
ok 1 - Equals
ok 2 - Equals
ok 3 - Equals
ok 4 - Equals
ok 5 - Equals
ok 6 - Equals
ok 7 - Equals
ok 8 - Equals
</system-out>
    <testcase name="Equals (948)" classname="spec_perl_TestIntegersDoubleOverflow_t" time="0.00100088119506836" />
    <testcase name="Equals (949)" classname="spec_perl_TestIntegersDoubleOverflow_t" time="5.10215759277344e-05" />
    <testcase name="Equals (950)" classname="spec_perl_TestIntegersDoubleOverflow_t" time="5.69820404052734e-05" />
    <testcase name="Equals (951)" classname="spec_perl_TestIntegersDoubleOverflow_t" time="6.41345977783203e-05" />
    <testcase name="Equals (952)" classname="spec_perl_TestIntegersDoubleOverflow_t" time="6.69956207275391e-05" />
    <testcase name="Equals (953)" classname="spec_perl_TestIntegersDoubleOverflow_t" time="9.39369201660156e-05" />
    <testcase name="Equals (954)" classname="spec_perl_TestIntegersDoubleOverflow_t" time="5.38825988769531e-05" />
    <testcase name="Equals (955)" classname="spec_perl_TestIntegersDoubleOverflow_t" time="6.103515625e-05" />
  </testsuite>
  <testsuite name="spec_perl_TestIntegersMinMax_t" errors="0" failures="0" skipped="0" tests="28" time="0.0274820327758789">
    <system-out>1..28
ok 1 - Equals
ok 2 - Equals
ok 3 - Equals
ok 4 - Equals
ok 5 - Equals
ok 6 - Equals
ok 7 - Equals
ok 8 - Equals
ok 9 - Equals
ok 10 - Equals
ok 11 - Equals
ok 12 - Equals
ok 13 - Equals
ok 14 - Equals
ok 15 - Equals
ok 16 - Equals
ok 17 - Equals
ok 18 - Equals
ok 19 - Equals
ok 20 - Equals
ok 21 - Equals
ok 22 - Equals
ok 23 - Equals
ok 24 - Equals
ok 25 - Equals
ok 26 - Equals
ok 27 - Equals
ok 28 - Equals
</system-out>
    <testcase name="Equals (956)" classname="spec_perl_TestIntegersMinMax_t" time="0.00104498863220215" />
    <testcase name="Equals (957)" classname="spec_perl_TestIntegersMinMax_t" time="6.00814819335938e-05" />
    <testcase name="Equals (958)" classname="spec_perl_TestIntegersMinMax_t" time="4.79221343994141e-05" />
    <testcase name="Equals (959)" classname="spec_perl_TestIntegersMinMax_t" time="3.88622283935547e-05" />
    <testcase name="Equals (960)" classname="spec_perl_TestIntegersMinMax_t" time="6.91413879394531e-05" />
    <testcase name="Equals (961)" classname="spec_perl_TestIntegersMinMax_t" time="5.69820404052734e-05" />
    <testcase name="Equals (962)" classname="spec_perl_TestIntegersMinMax_t" time="6.00814819335938e-05" />
    <testcase name="Equals (963)" classname="spec_perl_TestIntegersMinMax_t" time="5.79357147216797e-05" />
    <testcase name="Equals (964)" classname="spec_perl_TestIntegersMinMax_t" time="5.50746917724609e-05" />
    <testcase name="Equals (965)" classname="spec_perl_TestIntegersMinMax_t" time="6.38961791992188e-05" />
    <testcase name="Equals (966)" classname="spec_perl_TestIntegersMinMax_t" time="5.29289245605469e-05" />
    <testcase name="Equals (967)" classname="spec_perl_TestIntegersMinMax_t" time="5.50746917724609e-05" />
    <testcase name="Equals (968)" classname="spec_perl_TestIntegersMinMax_t" time="5.29289245605469e-05" />
    <testcase name="Equals (969)" classname="spec_perl_TestIntegersMinMax_t" time="6.00814819335938e-05" />
    <testcase name="Equals (970)" classname="spec_perl_TestIntegersMinMax_t" time="5.29289245605469e-05" />
    <testcase name="Equals (971)" classname="spec_perl_TestIntegersMinMax_t" time="7.79628753662109e-05" />
    <testcase name="Equals (972)" classname="spec_perl_TestIntegersMinMax_t" time="6.81877136230469e-05" />
    <testcase name="Equals (973)" classname="spec_perl_TestIntegersMinMax_t" time="5.29289245605469e-05" />
    <testcase name="Equals (974)" classname="spec_perl_TestIntegersMinMax_t" time="4.50611114501953e-05" />
    <testcase name="Equals (975)" classname="spec_perl_TestIntegersMinMax_t" time="3.98159027099609e-05" />
    <testcase name="Equals (976)" classname="spec_perl_TestIntegersMinMax_t" time="6.103515625e-05" />
    <testcase name="Equals (977)" classname="spec_perl_TestIntegersMinMax_t" time="6.00814819335938e-05" />
    <testcase name="Equals (978)" classname="spec_perl_TestIntegersMinMax_t" time="4.1961669921875e-05" />
    <testcase name="Equals (979)" classname="spec_perl_TestIntegersMinMax_t" time="7.10487365722656e-05" />
    <testcase name="Equals (980)" classname="spec_perl_TestIntegersMinMax_t" time="4.1961669921875e-05" />
    <testcase name="Equals (981)" classname="spec_perl_TestIntegersMinMax_t" time="6.38961791992188e-05" />
    <testcase name="Equals (982)" classname="spec_perl_TestIntegersMinMax_t" time="5.31673431396484e-05" />
    <testcase name="Equals (983)" classname="spec_perl_TestIntegersMinMax_t" time="5.29289245605469e-05" />
  </testsuite>
  <testsuite name="spec_perl_TestEosExceptionBytes_t" errors="0" failures="0" skipped="0" tests="1" time="0.0274779796600342">
    <system-out>1..1
ok 1 - threw /^Requested \d+ bytes, but only \d+ bytes available/
</system-out>
    <testcase name="threw /^Requested \d+ bytes, but only \d+ bytes available/ (983)" classname="spec_perl_TestEosExceptionBytes_t" time="0.00134110450744629" />
  </testsuite>
  <testsuite name="spec_perl_TestOptionalId_t" errors="0" failures="0" skipped="0" tests="3" time="0.0259349346160889">
    <system-out>1..3
ok 1 - Equals
ok 2 - Equals
ok 3 - Equals
</system-out>
    <testcase name="Equals (984)" classname="spec_perl_TestOptionalId_t" time="0.00101208686828613" />
    <testcase name="Equals (985)" classname="spec_perl_TestOptionalId_t" time="4.98294830322266e-05" />
    <testcase name="Equals (986)" classname="spec_perl_TestOptionalId_t" time="9.60826873779297e-05" />
  </testsuite>
  <testsuite name="spec_perl_TestProcessXor4Const_t" errors="0" failures="0" skipped="0" tests="2" time="0.0259370803833008">
    <system-out>1..2
ok 1 - Equals
ok 2 - Equals
</system-out>
    <testcase name="Equals (987)" classname="spec_perl_TestProcessXor4Const_t" time="0.00105595588684082" />
    <testcase name="Equals (988)" classname="spec_perl_TestProcessXor4Const_t" time="5.00679016113281e-05" />
  </testsuite>
  <testsuite name="spec_perl_TestImportsParamsDefEnumImported_t" errors="0" failures="2" skipped="0" tests="4" time="0.0273728370666504">
    <system-out>1..4
ok 1 - Equals
ok 2 - Equals
not ok 3 - Equals
not ok 4 - Equals
</system-out>
    <testcase name="Equals (989)" classname="spec_perl_TestImportsParamsDefEnumImported_t" time="0.00100994110107422" />
    <testcase name="Equals (990)" classname="spec_perl_TestImportsParamsDefEnumImported_t" time="4.91142272949219e-05" />
    <testcase name="Equals (991)" classname="spec_perl_TestImportsParamsDefEnumImported_t" time="4.69684600830078e-05">
      <failure message="not ok 3 - Equals" type="TAP::Parser::Result::Test"></failure>
    </testcase>
    <testcase name="Equals (992)" classname="spec_perl_TestImportsParamsDefEnumImported_t" time="0.000264883041381836">
      <failure message="not ok 4 - Equals" type="TAP::Parser::Result::Test"></failure>
    </testcase>
  </testsuite>
  <testsuite name="spec_perl_TestCombineBool_t" errors="0" failures="0" skipped="0" tests="2" time="0.0262370109558105">
    <system-out>1..2
ok 1 - Equals
ok 2 - Equals
</system-out>
    <testcase name="Equals (993)" classname="spec_perl_TestCombineBool_t" time="0.0010981559753418" />
    <testcase name="Equals (994)" classname="spec_perl_TestCombineBool_t" time="5.19752502441406e-05" />
  </testsuite>
  <testsuite name="spec_perl_TestBitsByteAligned_t" errors="0" failures="0" skipped="0" tests="9" time="0.0273220539093018">
    <system-out>1..9
ok 1 - Equals
ok 2 - Equals
ok 3 - Equals
ok 4 - Equals
ok 5 - Equals
ok 6 - Equals
ok 7 - Equals
ok 8 - Equals
ok 9 - Equals
</system-out>
    <testcase name="Equals (995)" classname="spec_perl_TestBitsByteAligned_t" time="0.00112318992614746" />
    <testcase name="Equals (996)" classname="spec_perl_TestBitsByteAligned_t" time="7.79628753662109e-05" />
    <testcase name="Equals (997)" classname="spec_perl_TestBitsByteAligned_t" time="0.000124931335449219" />
    <testcase name="Equals (998)" classname="spec_perl_TestBitsByteAligned_t" time="0.000112056732177734" />
    <testcase name="Equals (999)" classname="spec_perl_TestBitsByteAligned_t" time="0.000139951705932617" />
    <testcase name="Equals (1000)" classname="spec_perl_TestBitsByteAligned_t" time="0.000113964080810547" />
    <testcase name="Equals (1001)" classname="spec_perl_TestBitsByteAligned_t" time="0.000113964080810547" />
    <testcase name="Equals (1002)" classname="spec_perl_TestBitsByteAligned_t" time="0.000116109848022461" />
    <testcase name="Equals (1003)" classname="spec_perl_TestBitsByteAligned_t" time="0.000112056732177734" />
  </testsuite>
  <testsuite name="spec_perl_TestDefaultEndianExprIsBe_t" errors="0" failures="0" skipped="0" tests="18" time="0.0278689861297607">
    <system-out>1..18
ok 1 - Equals
ok 2 - Equals
ok 3 - Equals
ok 4 - Equals
ok 5 - Equals
ok 6 - Equals
ok 7 - Equals
ok 8 - Equals
ok 9 - Equals
ok 10 - Equals
ok 11 - Equals
ok 12 - Equals
ok 13 - Equals
ok 14 - Equals
ok 15 - Equals
ok 16 - Equals
ok 17 - Equals
ok 18 - Equals
</system-out>
    <testcase name="Equals (1004)" classname="spec_perl_TestDefaultEndianExprIsBe_t" time="0.00110483169555664" />
    <testcase name="Equals (1005)" classname="spec_perl_TestDefaultEndianExprIsBe_t" time="7.41481781005859e-05" />
    <testcase name="Equals (1006)" classname="spec_perl_TestDefaultEndianExprIsBe_t" time="6.98566436767578e-05" />
    <testcase name="Equals (1007)" classname="spec_perl_TestDefaultEndianExprIsBe_t" time="6.41345977783203e-05" />
    <testcase name="Equals (1008)" classname="spec_perl_TestDefaultEndianExprIsBe_t" time="8.08238983154297e-05" />
    <testcase name="Equals (1009)" classname="spec_perl_TestDefaultEndianExprIsBe_t" time="8.32080841064453e-05" />
    <testcase name="Equals (1010)" classname="spec_perl_TestDefaultEndianExprIsBe_t" time="6.38961791992188e-05" />
    <testcase name="Equals (1011)" classname="spec_perl_TestDefaultEndianExprIsBe_t" time="6.29425048828125e-05" />
    <testcase name="Equals (1012)" classname="spec_perl_TestDefaultEndianExprIsBe_t" time="5.50746917724609e-05" />
    <testcase name="Equals (1013)" classname="spec_perl_TestDefaultEndianExprIsBe_t" time="6.29425048828125e-05" />
    <testcase name="Equals (1014)" classname="spec_perl_TestDefaultEndianExprIsBe_t" time="7.10487365722656e-05" />
    <testcase name="Equals (1015)" classname="spec_perl_TestDefaultEndianExprIsBe_t" time="8.10623168945312e-05" />
    <testcase name="Equals (1016)" classname="spec_perl_TestDefaultEndianExprIsBe_t" time="5.48362731933594e-05" />
    <testcase name="Equals (1017)" classname="spec_perl_TestDefaultEndianExprIsBe_t" time="6.00814819335938e-05" />
    <testcase name="Equals (1018)" classname="spec_perl_TestDefaultEndianExprIsBe_t" time="5.19752502441406e-05" />
    <testcase name="Equals (1019)" classname="spec_perl_TestDefaultEndianExprIsBe_t" time="9.01222229003906e-05" />
    <testcase name="Equals (1020)" classname="spec_perl_TestDefaultEndianExprIsBe_t" time="8.29696655273438e-05" />
    <testcase name="Equals (1021)" classname="spec_perl_TestDefaultEndianExprIsBe_t" time="7.39097595214844e-05" />
  </testsuite>
  <testsuite name="spec_perl_TestIfStruct_t" errors="0" failures="0" skipped="0" tests="7" time="0.0302369594573975">
    <system-out>1..7
ok 1 - Equals
ok 2 - Equals
ok 3 - Equals
ok 4 - Equals
ok 5 - Equals
ok 6 - Equals
ok 7 - Equals
</system-out>
    <testcase name="Equals (1022)" classname="spec_perl_TestIfStruct_t" time="0.00112414360046387" />
    <testcase name="Equals (1023)" classname="spec_perl_TestIfStruct_t" time="8.29696655273438e-05" />
    <testcase name="Equals (1024)" classname="spec_perl_TestIfStruct_t" time="5.00679016113281e-05" />
    <testcase name="Equals (1025)" classname="spec_perl_TestIfStruct_t" time="8.392333984375e-05" />
    <testcase name="Equals (1026)" classname="spec_perl_TestIfStruct_t" time="4.50611114501953e-05" />
    <testcase name="Equals (1027)" classname="spec_perl_TestIfStruct_t" time="6.98566436767578e-05" />
    <testcase name="Equals (1028)" classname="spec_perl_TestIfStruct_t" time="5.50746917724609e-05" />
  </testsuite>
  <testsuite name="spec_perl_TestExprSizeofValueSized_t" errors="0" failures="0" skipped="0" tests="5" time="0.0267298221588135">
    <system-out>1..5
ok 1 - Equals
ok 2 - Equals
ok 3 - Equals
ok 4 - Equals
ok 5 - Equals
</system-out>
    <testcase name="Equals (1029)" classname="spec_perl_TestExprSizeofValueSized_t" time="0.00127696990966797" />
    <testcase name="Equals (1030)" classname="spec_perl_TestExprSizeofValueSized_t" time="7.60555267333984e-05" />
    <testcase name="Equals (1031)" classname="spec_perl_TestExprSizeofValueSized_t" time="7.00950622558594e-05" />
    <testcase name="Equals (1032)" classname="spec_perl_TestExprSizeofValueSized_t" time="6.4849853515625e-05" />
    <testcase name="Equals (1033)" classname="spec_perl_TestExprSizeofValueSized_t" time="6.41345977783203e-05" />
  </testsuite>
  <testsuite name="spec_perl_TestExprCalcArrayOps_t" errors="0" failures="0" skipped="0" tests="18" time="0.0271279811859131">
    <system-out>1..18
ok 1 - Equals
ok 2 - Equals
ok 3 - Equals
ok 4 - Equals
ok 5 - Equals
ok 6 - Equals
ok 7 - Equals
ok 8 - Approx equals
ok 9 - Approx equals
ok 10 - Approx equals
ok 11 - Approx equals
ok 12 - Approx equals
ok 13 - Equals
ok 14 - Equals
ok 15 - Equals
ok 16 - Equals
ok 17 - Equals
ok 18 - Equals
</system-out>
    <testcase name="Equals (1034)" classname="spec_perl_TestExprCalcArrayOps_t" time="0.00101685523986816" />
    <testcase name="Equals (1035)" classname="spec_perl_TestExprCalcArrayOps_t" time="5.00679016113281e-05" />
    <testcase name="Equals (1036)" classname="spec_perl_TestExprCalcArrayOps_t" time="7.60555267333984e-05" />
    <testcase name="Equals (1037)" classname="spec_perl_TestExprCalcArrayOps_t" time="8.48770141601562e-05" />
    <testcase name="Equals (1038)" classname="spec_perl_TestExprCalcArrayOps_t" time="8.20159912109375e-05" />
    <testcase name="Equals (1039)" classname="spec_perl_TestExprCalcArrayOps_t" time="5.00679016113281e-05" />
    <testcase name="Equals (1040)" classname="spec_perl_TestExprCalcArrayOps_t" time="5.79357147216797e-05" />
    <testcase name="Approx equals (1040)" classname="spec_perl_TestExprCalcArrayOps_t" time="4.10079956054688e-05" />
    <testcase name="Approx equals (1041)" classname="spec_perl_TestExprCalcArrayOps_t" time="4.50611114501953e-05" />
    <testcase name="Approx equals (1042)" classname="spec_perl_TestExprCalcArrayOps_t" time="3.88622283935547e-05" />
    <testcase name="Approx equals (1043)" classname="spec_perl_TestExprCalcArrayOps_t" time="3.91006469726562e-05" />
    <testcase name="Approx equals (1044)" classname="spec_perl_TestExprCalcArrayOps_t" time="3.60012054443359e-05" />
    <testcase name="Equals (1044)" classname="spec_perl_TestExprCalcArrayOps_t" time="3.79085540771484e-05" />
    <testcase name="Equals (1045)" classname="spec_perl_TestExprCalcArrayOps_t" time="7.91549682617188e-05" />
    <testcase name="Equals (1046)" classname="spec_perl_TestExprCalcArrayOps_t" time="6.38961791992188e-05" />
    <testcase name="Equals (1047)" classname="spec_perl_TestExprCalcArrayOps_t" time="4.29153442382812e-05" />
    <testcase name="Equals (1048)" classname="spec_perl_TestExprCalcArrayOps_t" time="7.10487365722656e-05" />
    <testcase name="Equals (1049)" classname="spec_perl_TestExprCalcArrayOps_t" time="6.79492950439453e-05" />
  </testsuite>
  <testsuite name="spec_perl_TestProcessXorValue_t" errors="0" failures="0" skipped="0" tests="2" time="0.0264191627502441">
    <system-out>1..2
ok 1 - Equals
ok 2 - Equals
</system-out>
    <testcase name="Equals (1050)" classname="spec_perl_TestProcessXorValue_t" time="0.00102400779724121" />
    <testcase name="Equals (1051)" classname="spec_perl_TestProcessXorValue_t" time="5.29289245605469e-05" />
  </testsuite>
  <testsuite name="spec_perl_TestImportsCastToImported_t" errors="0" failures="1" skipped="0" tests="2" time="0.0266139507293701">
    <system-out>1..2
ok 1 - Equals
not ok 2 - test_imports_cast_to_imported died (Can't call method &quot;one&quot; on an undefined value at compiled/perl/CastToImported.pm line 42.)
</system-out>
    <testcase name="Equals (1052)" classname="spec_perl_TestImportsCastToImported_t" time="0.00101089477539062" />
    <testcase name="test_imports_cast_to_imported died (Can't call method &quot;one&quot; on an undefined value at compiled/perl/CastToImported.pm line 42.) (1052)" classname="spec_perl_TestImportsCastToImported_t" time="8.10623168945312e-05">
      <failure message="not ok 2 - test_imports_cast_to_imported died (Can't call method &quot;one&quot; on an undefined value at compiled/perl/CastToImported.pm line 42.)" type="TAP::Parser::Result::Test"></failure>
    </testcase>
  </testsuite>
</testsuites>
