<?xml version='1.0' encoding='utf-8'?>
<testsuites>
  <testsuite name="spec_perl_TestOpaqueExternalType02Parent_t" errors="0" failures="0" skipped="0" tests="3" time="0.0562660694122314">
    <system-out>1..3
ok 1 - Equals
ok 2 - Equals
ok 3 - Equals
</system-out>
    <testcase name="Equals" classname="spec_perl_TestOpaqueExternalType02Parent_t" time="0.000255823135375977" />
    <testcase name="Equals (2)" classname="spec_perl_TestOpaqueExternalType02Parent_t" time="7.91549682617188e-05" />
    <testcase name="Equals (3)" classname="spec_perl_TestOpaqueExternalType02Parent_t" time="0.000117063522338867" />
  </testsuite>
  <testsuite name="spec_perl_TestExprBytesCmp_t" errors="0" failures="0" skipped="0" tests="10" time="0.0524361133575439">
    <system-out>1..10
ok 1 - Equals
ok 2 - Equals
ok 3 - Equals
ok 4 - Equals
ok 5 - Equals
ok 6 - Equals
ok 7 - Equals
ok 8 - Equals
ok 9 - Equals
ok 10 - Equals
</system-out>
    <testcase name="Equals (4)" classname="spec_perl_TestExprBytesCmp_t" time="0.000182867050170898" />
    <testcase name="Equals (5)" classname="spec_perl_TestExprBytesCmp_t" time="6.50882720947266e-05" />
    <testcase name="Equals (6)" classname="spec_perl_TestExprBytesCmp_t" time="4.69684600830078e-05" />
    <testcase name="Equals (7)" classname="spec_perl_TestExprBytesCmp_t" time="6.98566436767578e-05" />
    <testcase name="Equals (8)" classname="spec_perl_TestExprBytesCmp_t" time="8.82148742675781e-05" />
    <testcase name="Equals (9)" classname="spec_perl_TestExprBytesCmp_t" time="8.08238983154297e-05" />
    <testcase name="Equals (10)" classname="spec_perl_TestExprBytesCmp_t" time="9.29832458496094e-05" />
    <testcase name="Equals (11)" classname="spec_perl_TestExprBytesCmp_t" time="6.69956207275391e-05" />
    <testcase name="Equals (12)" classname="spec_perl_TestExprBytesCmp_t" time="9.20295715332031e-05" />
    <testcase name="Equals (13)" classname="spec_perl_TestExprBytesCmp_t" time="8.91685485839844e-05" />
  </testsuite>
  <testsuite name="spec_perl_TestParamsCall_t" errors="0" failures="3" skipped="0" tests="3" time="0.0586140155792236">
    <system-out>1..3
not ok 1 - Equals
not ok 2 - Equals
not ok 3 - Equals
</system-out>
    <testcase name="Equals (14)" classname="spec_perl_TestParamsCall_t" time="0.000391006469726562">
      <failure message="not ok 1 - Equals" type="TAP::Parser::Result::Test"></failure>
    </testcase>
    <testcase name="Equals (15)" classname="spec_perl_TestParamsCall_t" time="0.00062108039855957">
      <failure message="not ok 2 - Equals" type="TAP::Parser::Result::Test"></failure>
    </testcase>
    <testcase name="Equals (16)" classname="spec_perl_TestParamsCall_t" time="0.000502824783325195">
      <failure message="not ok 3 - Equals" type="TAP::Parser::Result::Test"></failure>
    </testcase>
  </testsuite>
  <testsuite name="spec_perl_TestExprSizeofValue0_t" errors="0" failures="0" skipped="0" tests="5" time="0.0534210205078125">
    <system-out>1..5
ok 1 - Equals
ok 2 - Equals
ok 3 - Equals
ok 4 - Equals
ok 5 - Equals
</system-out>
    <testcase name="Equals (17)" classname="spec_perl_TestExprSizeofValue0_t" time="0.000133991241455078" />
    <testcase name="Equals (18)" classname="spec_perl_TestExprSizeofValue0_t" time="8.79764556884766e-05" />
    <testcase name="Equals (19)" classname="spec_perl_TestExprSizeofValue0_t" time="9.70363616943359e-05" />
    <testcase name="Equals (20)" classname="spec_perl_TestExprSizeofValue0_t" time="0.000123977661132812" />
    <testcase name="Equals (21)" classname="spec_perl_TestExprSizeofValue0_t" time="9.98973846435547e-05" />
  </testsuite>
  <testsuite name="spec_perl_TestImportsCircularA_t" errors="0" failures="0" skipped="0" tests="5" time="0.0541591644287109">
    <system-out>1..5
ok 1 - Equals
ok 2 - Equals
ok 3 - Equals
ok 4 - Equals
ok 5 - nil
</system-out>
    <testcase name="Equals (22)" classname="spec_perl_TestImportsCircularA_t" time="0.000152111053466797" />
    <testcase name="Equals (23)" classname="spec_perl_TestImportsCircularA_t" time="6.103515625e-05" />
    <testcase name="Equals (24)" classname="spec_perl_TestImportsCircularA_t" time="0.000102996826171875" />
    <testcase name="Equals (25)" classname="spec_perl_TestImportsCircularA_t" time="9.79900360107422e-05" />
    <testcase name="nil (25)" classname="spec_perl_TestImportsCircularA_t" time="5.69820404052734e-05" />
  </testsuite>
  <testsuite name="spec_perl_TestMetaXref_t" errors="0" failures="0" skipped="1" tests="1" time="0.0534820556640625">
    <system-out>1..1
ok 1 # skip MetaXref=HASH(0x55bbbc0d3a28)
</system-out>
    <testcase name="Unnamed test case 25" classname="spec_perl_TestMetaXref_t" time="0.000918149948120117">
      <skipped message="ok 1 # skip MetaXref=HASH(0x55bbbc0d3a28)" />
    </testcase>
  </testsuite>
  <testsuite name="spec_perl_TestSwitchElseOnly_t" errors="0" failures="0" skipped="0" tests="3" time="0.0528671741485596">
    <system-out>1..3
ok 1 - Equals
ok 2 - Equals
ok 3 - Equals
</system-out>
    <testcase name="Equals (26)" classname="spec_perl_TestSwitchElseOnly_t" time="0.000149011611938477" />
    <testcase name="Equals (27)" classname="spec_perl_TestSwitchElseOnly_t" time="7.29560852050781e-05" />
    <testcase name="Equals (28)" classname="spec_perl_TestSwitchElseOnly_t" time="0.000101089477539062" />
  </testsuite>
  <testsuite name="spec_perl_TestExprIoEof_t" errors="0" failures="0" skipped="0" tests="4" time="0.0529658794403076">
    <system-out>1..4
ok 1 - Equals
ok 2 - nil
ok 3 - Equals
ok 4 - Equals
</system-out>
    <testcase name="Equals (29)" classname="spec_perl_TestExprIoEof_t" time="0.000429868698120117" />
    <testcase name="nil (29)" classname="spec_perl_TestExprIoEof_t" time="6.19888305664062e-05" />
    <testcase name="Equals (30)" classname="spec_perl_TestExprIoEof_t" time="5.81741333007812e-05" />
    <testcase name="Equals (31)" classname="spec_perl_TestExprIoEof_t" time="8.79764556884766e-05" />
  </testsuite>
  <testsuite name="spec_perl_TestZlibWithHeader78_t" errors="0" failures="0" skipped="0" tests="1" time="0.0751338005065918">
    <system-out>1..1
ok 1 - Equals
</system-out>
    <testcase name="Equals (32)" classname="spec_perl_TestZlibWithHeader78_t" time="0.000201940536499023" />
  </testsuite>
  <testsuite name="spec_perl_TestIndexSizes_t" errors="0" failures="0" skipped="0" tests="7" time="0.0569651126861572">
    <system-out>1..7
ok 1 - Equals
ok 2 - Equals
ok 3 - Equals
ok 4 - Equals
ok 5 - Equals
ok 6 - Equals
ok 7 - Equals
</system-out>
    <testcase name="Equals (33)" classname="spec_perl_TestIndexSizes_t" time="0.000185012817382812" />
    <testcase name="Equals (34)" classname="spec_perl_TestIndexSizes_t" time="6.19888305664062e-05" />
    <testcase name="Equals (35)" classname="spec_perl_TestIndexSizes_t" time="0.000107049942016602" />
    <testcase name="Equals (36)" classname="spec_perl_TestIndexSizes_t" time="0.000117063522338867" />
    <testcase name="Equals (37)" classname="spec_perl_TestIndexSizes_t" time="0.000123023986816406" />
    <testcase name="Equals (38)" classname="spec_perl_TestIndexSizes_t" time="0.0001068115234375" />
    <testcase name="Equals (39)" classname="spec_perl_TestIndexSizes_t" time="0.000102043151855469" />
  </testsuite>
  <testsuite name="spec_perl_TestExprSizeofType0_t" errors="0" failures="0" skipped="0" tests="1" time="0.0528090000152588">
    <system-out>1..1
ok 1 - Equals
</system-out>
    <testcase name="Equals (40)" classname="spec_perl_TestExprSizeofType0_t" time="0.000155925750732422" />
  </testsuite>
  <testsuite name="spec_perl_TestInstanceIoUser_t" errors="0" failures="0" skipped="0" tests="4" time="0.0584478378295898">
    <system-out>1..4
ok 1 - Equals
ok 2 - Equals
ok 3 - Equals
ok 4 - Equals
</system-out>
    <testcase name="Equals (41)" classname="spec_perl_TestInstanceIoUser_t" time="0.000674009323120117" />
    <testcase name="Equals (42)" classname="spec_perl_TestInstanceIoUser_t" time="0.00014495849609375" />
    <testcase name="Equals (43)" classname="spec_perl_TestInstanceIoUser_t" time="0.000178098678588867" />
    <testcase name="Equals (44)" classname="spec_perl_TestInstanceIoUser_t" time="0.000197887420654297" />
  </testsuite>
  <testsuite name="spec_perl_TestZlibSurrounded_t" errors="0" failures="0" skipped="0" tests="1" time="0.0766911506652832">
    <system-out>1..1
ok 1 - Equals
</system-out>
    <testcase name="Equals (45)" classname="spec_perl_TestZlibSurrounded_t" time="0.000478982925415039" />
  </testsuite>
  <testsuite name="spec_perl_TestEnumFancy_t" errors="0" failures="0" skipped="0" tests="2" time="0.0524971485137939">
    <system-out>1..2
ok 1 - Equals
ok 2 - Equals
</system-out>
    <testcase name="Equals (46)" classname="spec_perl_TestEnumFancy_t" time="0.000155210494995117" />
    <testcase name="Equals (47)" classname="spec_perl_TestEnumFancy_t" time="6.07967376708984e-05" />
  </testsuite>
  <testsuite name="spec_perl_TestTermBytes_t" errors="0" failures="0" skipped="0" tests="3" time="0.0528841018676758">
    <system-out>1..3
ok 1 - Equals
ok 2 - Equals
ok 3 - Equals
</system-out>
    <testcase name="Equals (48)" classname="spec_perl_TestTermBytes_t" time="0.000160932540893555" />
    <testcase name="Equals (49)" classname="spec_perl_TestTermBytes_t" time="6.19888305664062e-05" />
    <testcase name="Equals (50)" classname="spec_perl_TestTermBytes_t" time="5.10215759277344e-05" />
  </testsuite>
  <testsuite name="spec_perl_TestSwitchManualStrElse_t" errors="0" failures="0" skipped="0" tests="9" time="0.0572531223297119">
    <system-out>1..9
ok 1 - Equals
ok 2 - Equals
ok 3 - Equals
ok 4 - Equals
ok 5 - Equals
ok 6 - Equals
ok 7 - Equals
ok 8 - Equals
ok 9 - Equals
</system-out>
    <testcase name="Equals (51)" classname="spec_perl_TestSwitchManualStrElse_t" time="0.000199079513549805" />
    <testcase name="Equals (52)" classname="spec_perl_TestSwitchManualStrElse_t" time="6.19888305664062e-05" />
    <testcase name="Equals (53)" classname="spec_perl_TestSwitchManualStrElse_t" time="0.000103950500488281" />
    <testcase name="Equals (54)" classname="spec_perl_TestSwitchManualStrElse_t" time="9.20295715332031e-05" />
    <testcase name="Equals (55)" classname="spec_perl_TestSwitchManualStrElse_t" time="9.29832458496094e-05" />
    <testcase name="Equals (56)" classname="spec_perl_TestSwitchManualStrElse_t" time="9.29832458496094e-05" />
    <testcase name="Equals (57)" classname="spec_perl_TestSwitchManualStrElse_t" time="0.00011897087097168" />
    <testcase name="Equals (58)" classname="spec_perl_TestSwitchManualStrElse_t" time="9.10758972167969e-05" />
    <testcase name="Equals (59)" classname="spec_perl_TestSwitchManualStrElse_t" time="8.20159912109375e-05" />
  </testsuite>
  <testsuite name="spec_perl_TestSwitchManualEnumInvalidElse_t" errors="0" failures="0" skipped="0" tests="5" time="0.05753493309021">
    <system-out>1..5
ok 1 - Equals
ok 2 - Equals
ok 3 - Equals
ok 4 - Equals
ok 5 - Equals
</system-out>
    <testcase name="Equals (60)" classname="spec_perl_TestSwitchManualEnumInvalidElse_t" time="0.000155925750732422" />
    <testcase name="Equals (61)" classname="spec_perl_TestSwitchManualEnumInvalidElse_t" time="5.69820404052734e-05" />
    <testcase name="Equals (62)" classname="spec_perl_TestSwitchManualEnumInvalidElse_t" time="9.79900360107422e-05" />
    <testcase name="Equals (63)" classname="spec_perl_TestSwitchManualEnumInvalidElse_t" time="0.000137090682983398" />
    <testcase name="Equals (64)" classname="spec_perl_TestSwitchManualEnumInvalidElse_t" time="9.89437103271484e-05" />
  </testsuite>
  <testsuite name="spec_perl_TestBcdUserTypeLe_t" errors="0" failures="0" skipped="0" tests="6" time="0.0539629459381104">
    <system-out>1..6
ok 1 - Equals
ok 2 - Equals
ok 3 - Equals
ok 4 - Equals
ok 5 - Equals
ok 6 - Equals
</system-out>
    <testcase name="Equals (65)" classname="spec_perl_TestBcdUserTypeLe_t" time="0.000428915023803711" />
    <testcase name="Equals (66)" classname="spec_perl_TestBcdUserTypeLe_t" time="9.70363616943359e-05" />
    <testcase name="Equals (67)" classname="spec_perl_TestBcdUserTypeLe_t" time="0.000116109848022461" />
    <testcase name="Equals (68)" classname="spec_perl_TestBcdUserTypeLe_t" time="9.89437103271484e-05" />
    <testcase name="Equals (69)" classname="spec_perl_TestBcdUserTypeLe_t" time="0.000133991241455078" />
    <testcase name="Equals (70)" classname="spec_perl_TestBcdUserTypeLe_t" time="0.000118017196655273" />
  </testsuite>
  <testsuite name="spec_perl_TestStrPadTermEmpty_t" errors="0" failures="0" skipped="0" tests="4" time="0.0561480522155762">
    <system-out>1..4
ok 1 - Equals
ok 2 - Equals
ok 3 - Equals
ok 4 - Equals
</system-out>
    <testcase name="Equals (71)" classname="spec_perl_TestStrPadTermEmpty_t" time="0.000221014022827148" />
    <testcase name="Equals (72)" classname="spec_perl_TestStrPadTermEmpty_t" time="6.4849853515625e-05" />
    <testcase name="Equals (73)" classname="spec_perl_TestStrPadTermEmpty_t" time="9.51290130615234e-05" />
    <testcase name="Equals (74)" classname="spec_perl_TestStrPadTermEmpty_t" time="9.89437103271484e-05" />
  </testsuite>
  <testsuite name="spec_perl_TestNavParentSwitchCast_t" errors="0" failures="0" skipped="0" tests="3" time="0.0533909797668457">
    <system-out>1..3
ok 1 - Equals
ok 2 - Equals
ok 3 - Equals
</system-out>
    <testcase name="Equals (75)" classname="spec_perl_TestNavParentSwitchCast_t" time="0.000432968139648438" />
    <testcase name="Equals (76)" classname="spec_perl_TestNavParentSwitchCast_t" time="4.91142272949219e-05" />
    <testcase name="Equals (77)" classname="spec_perl_TestNavParentSwitchCast_t" time="0.000115871429443359" />
  </testsuite>
  <testsuite name="spec_perl_TestIntegersDoubleOverflow_t" errors="0" failures="0" skipped="0" tests="8" time="0.0545980930328369">
    <system-out>1..8
ok 1 - Equals
ok 2 - Equals
ok 3 - Equals
ok 4 - Equals
ok 5 - Equals
ok 6 - Equals
ok 7 - Equals
ok 8 - Equals
</system-out>
    <testcase name="Equals (78)" classname="spec_perl_TestIntegersDoubleOverflow_t" time="0.000161886215209961" />
    <testcase name="Equals (79)" classname="spec_perl_TestIntegersDoubleOverflow_t" time="6.103515625e-05" />
    <testcase name="Equals (80)" classname="spec_perl_TestIntegersDoubleOverflow_t" time="5.69820404052734e-05" />
    <testcase name="Equals (81)" classname="spec_perl_TestIntegersDoubleOverflow_t" time="9.10758972167969e-05" />
    <testcase name="Equals (82)" classname="spec_perl_TestIntegersDoubleOverflow_t" time="9.60826873779297e-05" />
    <testcase name="Equals (83)" classname="spec_perl_TestIntegersDoubleOverflow_t" time="0.000100851058959961" />
    <testcase name="Equals (84)" classname="spec_perl_TestIntegersDoubleOverflow_t" time="9.51290130615234e-05" />
    <testcase name="Equals (85)" classname="spec_perl_TestIntegersDoubleOverflow_t" time="9.08374786376953e-05" />
  </testsuite>
  <testsuite name="spec_perl_TestEofExceptionU4_t" errors="0" failures="0" skipped="0" tests="1" time="0.053156852722168">
    <system-out>1..1
ok 1 - threw /^Requested \d+ bytes, but only \d+ bytes available/
</system-out>
    <testcase name="threw /^Requested \d+ bytes, but only \d+ bytes available/ (85)" classname="spec_perl_TestEofExceptionU4_t" time="0.000135898590087891" />
  </testsuite>
  <testsuite name="spec_perl_TestParamsEnum_t" errors="0" failures="1" skipped="0" tests="2" time="0.0533058643341064">
    <system-out>1..2
ok 1 - Equals
not ok 2 - Equals
</system-out>
    <testcase name="Equals (86)" classname="spec_perl_TestParamsEnum_t" time="0.000152111053466797" />
    <testcase name="Equals (87)" classname="spec_perl_TestParamsEnum_t" time="0.000160932540893555">
      <failure message="not ok 2 - Equals" type="TAP::Parser::Result::Test"></failure>
    </testcase>
  </testsuite>
  <testsuite name="spec_perl_TestEnum1_t" errors="0" failures="0" skipped="0" tests="2" time="0.0530271530151367">
    <system-out>1..2
ok 1 - Equals
ok 2 - Equals
</system-out>
    <testcase name="Equals (88)" classname="spec_perl_TestEnum1_t" time="0.000138044357299805" />
    <testcase name="Equals (89)" classname="spec_perl_TestEnum1_t" time="8.08238983154297e-05" />
  </testsuite>
  <testsuite name="spec_perl_TestBitsSignedShiftB64Le_t" errors="0" failures="0" skipped="0" tests="2" time="0.0536081790924072">
    <system-out>1..2
ok 1 - Equals
ok 2 - Equals
</system-out>
    <testcase name="Equals (90)" classname="spec_perl_TestBitsSignedShiftB64Le_t" time="0.000217914581298828" />
    <testcase name="Equals (91)" classname="spec_perl_TestBitsSignedShiftB64Le_t" time="0.000133991241455078" />
  </testsuite>
  <testsuite name="spec_perl_TestNavParentVsValueInst_t" errors="0" failures="0" skipped="0" tests="1" time="0.0566480159759521">
    <system-out>1..1
ok 1 - Equals
</system-out>
    <testcase name="Equals (92)" classname="spec_perl_TestNavParentVsValueInst_t" time="0.000179052352905273" />
  </testsuite>
  <testsuite name="spec_perl_TestPositionInSeq_t" errors="0" failures="0" skipped="0" tests="1" time="0.0522580146789551">
    <system-out>1..1
ok 1 - Equals
</system-out>
    <testcase name="Equals (93)" classname="spec_perl_TestPositionInSeq_t" time="0.000158071517944336" />
  </testsuite>
  <testsuite name="spec_perl_TestNavRootRecursive_t" errors="0" failures="0" skipped="0" tests="4" time="0.0520319938659668">
    <system-out>1..4
ok 1 - Equals
ok 2 - Equals
ok 3 - Equals
ok 4 - nil
</system-out>
    <testcase name="Equals (94)" classname="spec_perl_TestNavRootRecursive_t" time="0.000165939331054688" />
    <testcase name="Equals (95)" classname="spec_perl_TestNavRootRecursive_t" time="5.60283660888672e-05" />
    <testcase name="Equals (96)" classname="spec_perl_TestNavRootRecursive_t" time="0.00010991096496582" />
    <testcase name="nil (96)" classname="spec_perl_TestNavRootRecursive_t" time="4.69684600830078e-05" />
  </testsuite>
  <testsuite name="spec_perl_TestParamsPassBool_t" errors="0" failures="1" skipped="13" tests="14" time="0.0562698841094971">
    <system-out>1..14
not ok 1 - test_params_pass_bool died (Requested 2 bytes, but only 1 bytes available at ../runtime/perl/lib/IO/KaitaiStruct.pm line 347.)
ok 2 # skip test_params_pass_bool died
ok 3 # skip test_params_pass_bool died
ok 4 # skip test_params_pass_bool died
ok 5 # skip test_params_pass_bool died
ok 6 # skip test_params_pass_bool died
ok 7 # skip test_params_pass_bool died
ok 8 # skip test_params_pass_bool died
ok 9 # skip test_params_pass_bool died
ok 10 # skip test_params_pass_bool died
ok 11 # skip test_params_pass_bool died
ok 12 # skip test_params_pass_bool died
ok 13 # skip test_params_pass_bool died
ok 14 # skip test_params_pass_bool died
</system-out>
    <testcase name="test_params_pass_bool died (Requested 2 bytes, but only 1 bytes available at ../runtime/perl/lib/IO/KaitaiStruct.pm line 347.) (96)" classname="spec_perl_TestParamsPassBool_t" time="0.000208139419555664">
      <failure message="not ok 1 - test_params_pass_bool died (Requested 2 bytes, but only 1 bytes available at ../runtime/perl/lib/IO/KaitaiStruct.pm line 347.)" type="TAP::Parser::Result::Test"></failure>
    </testcase>
    <testcase name="Unnamed test case 96" classname="spec_perl_TestParamsPassBool_t" time="0.000493049621582031">
      <skipped message="ok 2 # skip test_params_pass_bool died" />
    </testcase>
    <testcase name="Unnamed test case 97" classname="spec_perl_TestParamsPassBool_t" time="0.00010991096496582">
      <skipped message="ok 3 # skip test_params_pass_bool died" />
    </testcase>
    <testcase name="Unnamed test case 98" classname="spec_perl_TestParamsPassBool_t" time="0.000212907791137695">
      <skipped message="ok 4 # skip test_params_pass_bool died" />
    </testcase>
    <testcase name="Unnamed test case 99" classname="spec_perl_TestParamsPassBool_t" time="7.31945037841797e-05">
      <skipped message="ok 5 # skip test_params_pass_bool died" />
    </testcase>
    <testcase name="Unnamed test case 100" classname="spec_perl_TestParamsPassBool_t" time="0.000151872634887695">
      <skipped message="ok 6 # skip test_params_pass_bool died" />
    </testcase>
    <testcase name="Unnamed test case 101" classname="spec_perl_TestParamsPassBool_t" time="0.00018310546875">
      <skipped message="ok 7 # skip test_params_pass_bool died" />
    </testcase>
    <testcase name="Unnamed test case 102" classname="spec_perl_TestParamsPassBool_t" time="0.000159025192260742">
      <skipped message="ok 8 # skip test_params_pass_bool died" />
    </testcase>
    <testcase name="Unnamed test case 103" classname="spec_perl_TestParamsPassBool_t" time="0.000148773193359375">
      <skipped message="ok 9 # skip test_params_pass_bool died" />
    </testcase>
    <testcase name="Unnamed test case 104" classname="spec_perl_TestParamsPassBool_t" time="0.000139236450195312">
      <skipped message="ok 10 # skip test_params_pass_bool died" />
    </testcase>
    <testcase name="Unnamed test case 105" classname="spec_perl_TestParamsPassBool_t" time="0.000161886215209961">
      <skipped message="ok 11 # skip test_params_pass_bool died" />
    </testcase>
    <testcase name="Unnamed test case 106" classname="spec_perl_TestParamsPassBool_t" time="0.000140905380249023">
      <skipped message="ok 12 # skip test_params_pass_bool died" />
    </testcase>
    <testcase name="Unnamed test case 107" classname="spec_perl_TestParamsPassBool_t" time="0.000164031982421875">
      <skipped message="ok 13 # skip test_params_pass_bool died" />
    </testcase>
    <testcase name="Unnamed test case 108" classname="spec_perl_TestParamsPassBool_t" time="0.000138998031616211">
      <skipped message="ok 14 # skip test_params_pass_bool died" />
    </testcase>
  </testsuite>
  <testsuite name="spec_perl_TestProcessRotate_t" errors="0" failures="0" skipped="0" tests="3" time="0.0527629852294922">
    <system-out>1..3
ok 1 - Equals
ok 2 - Equals
ok 3 - Equals
</system-out>
    <testcase name="Equals (108)" classname="spec_perl_TestProcessRotate_t" time="0.00014495849609375" />
    <testcase name="Equals (109)" classname="spec_perl_TestProcessRotate_t" time="7.89165496826172e-05" />
    <testcase name="Equals (110)" classname="spec_perl_TestProcessRotate_t" time="9.70363616943359e-05" />
  </testsuite>
  <testsuite name="spec_perl_TestTermU1Val_t" errors="0" failures="0" skipped="0" tests="2" time="0.0565650463104248">
    <system-out>1..2
ok 1 - Equals
ok 2 - Equals
</system-out>
    <testcase name="Equals (111)" classname="spec_perl_TestTermU1Val_t" time="0.000195026397705078" />
    <testcase name="Equals (112)" classname="spec_perl_TestTermU1Val_t" time="5.79357147216797e-05" />
  </testsuite>
  <testsuite name="spec_perl_TestOpaqueExternalType_t" errors="0" failures="0" skipped="0" tests="1" time="0.0532431602478027">
    <system-out>1..1
ok 1 - Equals
</system-out>
    <testcase name="Equals (113)" classname="spec_perl_TestOpaqueExternalType_t" time="0.000159025192260742" />
  </testsuite>
  <testsuite name="spec_perl_TestSwitchManualEnumInvalid_t" errors="0" failures="0" skipped="0" tests="5" time="0.056757926940918">
    <system-out>1..5
ok 1 - Equals
ok 2 - Equals
ok 3 - nil
ok 4 - Equals
ok 5 - nil
</system-out>
    <testcase name="Equals (114)" classname="spec_perl_TestSwitchManualEnumInvalid_t" time="0.000123977661132812" />
    <testcase name="Equals (115)" classname="spec_perl_TestSwitchManualEnumInvalid_t" time="4.79221343994141e-05" />
    <testcase name="nil (115)" classname="spec_perl_TestSwitchManualEnumInvalid_t" time="6.81877136230469e-05" />
    <testcase name="Equals (116)" classname="spec_perl_TestSwitchManualEnumInvalid_t" time="0.000126838684082031" />
    <testcase name="nil (116)" classname="spec_perl_TestSwitchManualEnumInvalid_t" time="4.10079956054688e-05" />
  </testsuite>
  <testsuite name="spec_perl_TestNavRoot_t" errors="0" failures="0" skipped="0" tests="5" time="0.0570700168609619">
    <system-out>1..5
ok 1 - Equals
ok 2 - Equals
ok 3 - Equals
ok 4 - Equals
ok 5 - Equals
</system-out>
    <testcase name="Equals (117)" classname="spec_perl_TestNavRoot_t" time="0.00021815299987793" />
    <testcase name="Equals (118)" classname="spec_perl_TestNavRoot_t" time="5.48362731933594e-05" />
    <testcase name="Equals (119)" classname="spec_perl_TestNavRoot_t" time="0.000100135803222656" />
    <testcase name="Equals (120)" classname="spec_perl_TestNavRoot_t" time="9.70363616943359e-05" />
    <testcase name="Equals (121)" classname="spec_perl_TestNavRoot_t" time="9.89437103271484e-05" />
  </testsuite>
  <testsuite name="spec_perl_TestStrEncodingsEscapingEnc_t" errors="0" failures="0" skipped="0" tests="4" time="0.0594661235809326">
    <system-out>1..4
ok 1 - threw Regexp ((?^:^Unknown encoding 'ASCII\\\\x'))
ok 2 - threw Regexp ((?^:^Unknown encoding 'UTF-8\\'x'))
ok 3 - threw Regexp ((?^:^Unknown encoding 'SJIS\\\&quot;x'))
ok 4 - threw Regexp ((?^:^Unknown encoding 'IBM437\\nx'))
</system-out>
    <testcase name="threw Regexp ((?^:^Unknown encoding 'ASCII\\\\x')) (121)" classname="spec_perl_TestStrEncodingsEscapingEnc_t" time="0.000635147094726562" />
    <testcase name="threw Regexp ((?^:^Unknown encoding 'UTF-8\\'x')) (121)" classname="spec_perl_TestStrEncodingsEscapingEnc_t" time="0.000206947326660156" />
    <testcase name="threw Regexp ((?^:^Unknown encoding 'SJIS\\\&quot;x')) (121)" classname="spec_perl_TestStrEncodingsEscapingEnc_t" time="0.000212907791137695" />
    <testcase name="threw Regexp ((?^:^Unknown encoding 'IBM437\\nx')) (121)" classname="spec_perl_TestStrEncodingsEscapingEnc_t" time="0.000252962112426758" />
  </testsuite>
  <testsuite name="spec_perl_TestExprMod_t" errors="0" failures="0" skipped="0" tests="6" time="0.0531902313232422">
    <system-out>1..6
ok 1 - Equals
ok 2 - Equals
ok 3 - Equals
ok 4 - Equals
ok 5 - Equals
ok 6 - Equals
</system-out>
    <testcase name="Equals (122)" classname="spec_perl_TestExprMod_t" time="0.000158071517944336" />
    <testcase name="Equals (123)" classname="spec_perl_TestExprMod_t" time="6.50882720947266e-05" />
    <testcase name="Equals (124)" classname="spec_perl_TestExprMod_t" time="5.19752502441406e-05" />
    <testcase name="Equals (125)" classname="spec_perl_TestExprMod_t" time="0.00011897087097168" />
    <testcase name="Equals (126)" classname="spec_perl_TestExprMod_t" time="9.20295715332031e-05" />
    <testcase name="Equals (127)" classname="spec_perl_TestExprMod_t" time="0.000104904174804688" />
  </testsuite>
  <testsuite name="spec_perl_TestRepeatUntilS4_t" errors="0" failures="0" skipped="0" tests="2" time="0.0566880702972412">
    <system-out>1..2
ok 1 - Equals
ok 2 - Equals
</system-out>
    <testcase name="Equals (128)" classname="spec_perl_TestRepeatUntilS4_t" time="0.000162124633789062" />
    <testcase name="Equals (129)" classname="spec_perl_TestRepeatUntilS4_t" time="5.79357147216797e-05" />
  </testsuite>
  <testsuite name="spec_perl_TestExprBits_t" errors="0" failures="0" skipped="0" tests="10" time="0.0529930591583252">
    <system-out>1..10
ok 1 - Equals
ok 2 - Equals
ok 3 - Equals
ok 4 - Equals
ok 5 - Equals
ok 6 - Equals
ok 7 - Equals
ok 8 - Equals
ok 9 - Equals
ok 10 - Equals
</system-out>
    <testcase name="Equals (130)" classname="spec_perl_TestExprBits_t" time="0.000174999237060547" />
    <testcase name="Equals (131)" classname="spec_perl_TestExprBits_t" time="5.88893890380859e-05" />
    <testcase name="Equals (132)" classname="spec_perl_TestExprBits_t" time="9.82284545898438e-05" />
    <testcase name="Equals (133)" classname="spec_perl_TestExprBits_t" time="0.000100851058959961" />
    <testcase name="Equals (134)" classname="spec_perl_TestExprBits_t" time="0.000116109848022461" />
    <testcase name="Equals (135)" classname="spec_perl_TestExprBits_t" time="9.20295715332031e-05" />
    <testcase name="Equals (136)" classname="spec_perl_TestExprBits_t" time="9.17911529541016e-05" />
    <testcase name="Equals (137)" classname="spec_perl_TestExprBits_t" time="9.51290130615234e-05" />
    <testcase name="Equals (138)" classname="spec_perl_TestExprBits_t" time="8.70227813720703e-05" />
    <testcase name="Equals (139)" classname="spec_perl_TestExprBits_t" time="0.000108957290649414" />
  </testsuite>
  <testsuite name="spec_perl_TestDocstrings_t" errors="0" failures="0" skipped="1" tests="1" time="0.0528368949890137">
    <system-out>1..1
ok 1 # skip Docstrings=HASH(0x5579600ce750)
</system-out>
    <testcase name="Unnamed test case 139" classname="spec_perl_TestDocstrings_t" time="0.000939846038818359">
      <skipped message="ok 1 # skip Docstrings=HASH(0x5579600ce750)" />
    </testcase>
  </testsuite>
  <testsuite name="spec_perl_TestCombineBool_t" errors="0" failures="0" skipped="0" tests="2" time="0.0533981323242188">
    <system-out>1..2
ok 1 - Equals
ok 2 - Equals
</system-out>
    <testcase name="Equals (140)" classname="spec_perl_TestCombineBool_t" time="0.000149011611938477" />
    <testcase name="Equals (141)" classname="spec_perl_TestCombineBool_t" time="5.7220458984375e-05" />
  </testsuite>
  <testsuite name="spec_perl_TestEosExceptionU4_t" errors="0" failures="0" skipped="0" tests="1" time="0.0533831119537354">
    <system-out>1..1
ok 1 - threw /^Requested \d+ bytes, but only \d+ bytes available/
</system-out>
    <testcase name="threw /^Requested \d+ bytes, but only \d+ bytes available/ (141)" classname="spec_perl_TestEosExceptionU4_t" time="0.000402927398681641" />
  </testsuite>
  <testsuite name="spec_perl_TestStrEncodings_t" errors="0" failures="0" skipped="0" tests="4" time="0.0608589649200439">
    <system-out>1..4
ok 1 - Equals
ok 2 - Equals
ok 3 - Equals
ok 4 - Equals
</system-out>
    <testcase name="Equals (142)" classname="spec_perl_TestStrEncodings_t" time="0.00326395034790039" />
    <testcase name="Equals (143)" classname="spec_perl_TestStrEncodings_t" time="6.19888305664062e-05" />
    <testcase name="Equals (144)" classname="spec_perl_TestStrEncodings_t" time="8.70227813720703e-05" />
    <testcase name="Equals (145)" classname="spec_perl_TestStrEncodings_t" time="9.60826873779297e-05" />
  </testsuite>
  <testsuite name="spec_perl_TestDefaultEndianExprIsLe_t" errors="0" failures="0" skipped="0" tests="12" time="0.0539970397949219">
    <system-out>1..12
ok 1 - Equals
ok 2 - Equals
ok 3 - Equals
ok 4 - Equals
ok 5 - Equals
ok 6 - Equals
ok 7 - Equals
ok 8 - Equals
ok 9 - Equals
ok 10 - Equals
ok 11 - Equals
ok 12 - Equals
</system-out>
    <testcase name="Equals (146)" classname="spec_perl_TestDefaultEndianExprIsLe_t" time="0.000233888626098633" />
    <testcase name="Equals (147)" classname="spec_perl_TestDefaultEndianExprIsLe_t" time="0.000103950500488281" />
    <testcase name="Equals (148)" classname="spec_perl_TestDefaultEndianExprIsLe_t" time="0.000103950500488281" />
    <testcase name="Equals (149)" classname="spec_perl_TestDefaultEndianExprIsLe_t" time="9.82284545898438e-05" />
    <testcase name="Equals (150)" classname="spec_perl_TestDefaultEndianExprIsLe_t" time="9.89437103271484e-05" />
    <testcase name="Equals (151)" classname="spec_perl_TestDefaultEndianExprIsLe_t" time="9.39369201660156e-05" />
    <testcase name="Equals (152)" classname="spec_perl_TestDefaultEndianExprIsLe_t" time="9.79900360107422e-05" />
    <testcase name="Equals (153)" classname="spec_perl_TestDefaultEndianExprIsLe_t" time="9.29832458496094e-05" />
    <testcase name="Equals (154)" classname="spec_perl_TestDefaultEndianExprIsLe_t" time="9.51290130615234e-05" />
    <testcase name="Equals (155)" classname="spec_perl_TestDefaultEndianExprIsLe_t" time="9.48905944824219e-05" />
    <testcase name="Equals (156)" classname="spec_perl_TestDefaultEndianExprIsLe_t" time="0.000113964080810547" />
    <testcase name="Equals (157)" classname="spec_perl_TestDefaultEndianExprIsLe_t" time="0.000118017196655273" />
  </testsuite>
  <testsuite name="spec_perl_TestFloatToI_t" errors="0" failures="0" skipped="0" tests="13" time="0.0534341335296631">
    <system-out>1..13
ok 1 - Approx equals
ok 2 - Approx equals
ok 3 - Approx equals
ok 4 - Approx equals
ok 5 - Equals
ok 6 - Equals
ok 7 - Equals
ok 8 - Equals
ok 9 - Equals
ok 10 - Equals
ok 11 - Equals
ok 12 - Equals
ok 13 - Equals
</system-out>
    <testcase name="Approx equals (157)" classname="spec_perl_TestFloatToI_t" time="0.000156879425048828" />
    <testcase name="Approx equals (158)" classname="spec_perl_TestFloatToI_t" time="6.00814819335938e-05" />
    <testcase name="Approx equals (159)" classname="spec_perl_TestFloatToI_t" time="3.60012054443359e-05" />
    <testcase name="Approx equals (160)" classname="spec_perl_TestFloatToI_t" time="4.1961669921875e-05" />
    <testcase name="Equals (160)" classname="spec_perl_TestFloatToI_t" time="3.29017639160156e-05" />
    <testcase name="Equals (161)" classname="spec_perl_TestFloatToI_t" time="0.000131130218505859" />
    <testcase name="Equals (162)" classname="spec_perl_TestFloatToI_t" time="0.000102996826171875" />
    <testcase name="Equals (163)" classname="spec_perl_TestFloatToI_t" time="9.08374786376953e-05" />
    <testcase name="Equals (164)" classname="spec_perl_TestFloatToI_t" time="0.000100135803222656" />
    <testcase name="Equals (165)" classname="spec_perl_TestFloatToI_t" time="9.89437103271484e-05" />
    <testcase name="Equals (166)" classname="spec_perl_TestFloatToI_t" time="9.60826873779297e-05" />
    <testcase name="Equals (167)" classname="spec_perl_TestFloatToI_t" time="0.000107049942016602" />
    <testcase name="Equals (168)" classname="spec_perl_TestFloatToI_t" time="0.000118017196655273" />
  </testsuite>
  <testsuite name="spec_perl_TestMultipleUse_t" errors="0" failures="0" skipped="0" tests="2" time="0.0530378818511963">
    <system-out>1..2
ok 1 - Equals
ok 2 - Equals
</system-out>
    <testcase name="Equals (169)" classname="spec_perl_TestMultipleUse_t" time="0.000185012817382812" />
    <testcase name="Equals (170)" classname="spec_perl_TestMultipleUse_t" time="8.98838043212891e-05" />
  </testsuite>
  <testsuite name="spec_perl_TestSwitchIntegers2_t" errors="0" failures="0" skipped="0" tests="5" time="0.0525369644165039">
    <system-out>1..5
ok 1 - Equals
ok 2 - Equals
ok 3 - Equals
ok 4 - Equals
ok 5 - Equals
</system-out>
    <testcase name="Equals (171)" classname="spec_perl_TestSwitchIntegers2_t" time="0.00014805793762207" />
    <testcase name="Equals (172)" classname="spec_perl_TestSwitchIntegers2_t" time="7.79628753662109e-05" />
    <testcase name="Equals (173)" classname="spec_perl_TestSwitchIntegers2_t" time="0.000100851058959961" />
    <testcase name="Equals (174)" classname="spec_perl_TestSwitchIntegers2_t" time="9.51290130615234e-05" />
    <testcase name="Equals (175)" classname="spec_perl_TestSwitchIntegers2_t" time="0.000102043151855469" />
  </testsuite>
  <testsuite name="spec_perl_TestExpr0_t" errors="0" failures="0" skipped="0" tests="2" time="0.0522480010986328">
    <system-out>1..2
ok 1 - Equals
ok 2 - Equals
</system-out>
    <testcase name="Equals (176)" classname="spec_perl_TestExpr0_t" time="0.000154018402099609" />
    <testcase name="Equals (177)" classname="spec_perl_TestExpr0_t" time="6.89029693603516e-05" />
  </testsuite>
  <testsuite name="spec_perl_TestImports0_t" errors="0" failures="0" skipped="0" tests="3" time="0.0524590015411377">
    <system-out>1..3
ok 1 - Equals
ok 2 - Equals
ok 3 - Equals
</system-out>
    <testcase name="Equals (178)" classname="spec_perl_TestImports0_t" time="0.000125885009765625" />
    <testcase name="Equals (179)" classname="spec_perl_TestImports0_t" time="4.50611114501953e-05" />
    <testcase name="Equals (180)" classname="spec_perl_TestImports0_t" time="0.000124931335449219" />
  </testsuite>
  <testsuite name="spec_perl_TestParamsPassArrayStr_t" errors="0" failures="1" skipped="6" tests="7" time="0.0591440200805664">
    <system-out>1..7
not ok 1 - test_params_pass_array_str died (Can't use an undefined value as an ARRAY reference at spec/perl/TestParamsPassArrayStr.t line 14.)
ok 2 # skip test_params_pass_array_str died
ok 3 # skip test_params_pass_array_str died
ok 4 # skip test_params_pass_array_str died
ok 5 # skip test_params_pass_array_str died
ok 6 # skip test_params_pass_array_str died
ok 7 # skip test_params_pass_array_str died
</system-out>
    <testcase name="test_params_pass_array_str died (Can't use an undefined value as an ARRAY reference at spec/perl/TestParamsPassArrayStr.t line 14.) (180)" classname="spec_perl_TestParamsPassArrayStr_t" time="0.000215053558349609">
      <failure message="not ok 1 - test_params_pass_array_str died (Can't use an undefined value as an ARRAY reference at spec/perl/TestParamsPassArrayStr.t line 14.)" type="TAP::Parser::Result::Test"></failure>
    </testcase>
    <testcase name="Unnamed test case 180" classname="spec_perl_TestParamsPassArrayStr_t" time="0.000436782836914062">
      <skipped message="ok 2 # skip test_params_pass_array_str died" />
    </testcase>
    <testcase name="Unnamed test case 181" classname="spec_perl_TestParamsPassArrayStr_t" time="0.000112056732177734">
      <skipped message="ok 3 # skip test_params_pass_array_str died" />
    </testcase>
    <testcase name="Unnamed test case 182" classname="spec_perl_TestParamsPassArrayStr_t" time="0.000149965286254883">
      <skipped message="ok 4 # skip test_params_pass_array_str died" />
    </testcase>
    <testcase name="Unnamed test case 183" classname="spec_perl_TestParamsPassArrayStr_t" time="0.000195026397705078">
      <skipped message="ok 5 # skip test_params_pass_array_str died" />
    </testcase>
    <testcase name="Unnamed test case 184" classname="spec_perl_TestParamsPassArrayStr_t" time="0.000113964080810547">
      <skipped message="ok 6 # skip test_params_pass_array_str died" />
    </testcase>
    <testcase name="Unnamed test case 185" classname="spec_perl_TestParamsPassArrayStr_t" time="0.000159978866577148">
      <skipped message="ok 7 # skip test_params_pass_array_str died" />
    </testcase>
  </testsuite>
  <testsuite name="spec_perl_TestExprIoPos_t" errors="0" failures="0" skipped="0" tests="6" time="0.0564789772033691">
    <system-out>1..6
ok 1 - Equals
ok 2 - Equals
ok 3 - Equals
ok 4 - Equals
ok 5 - Equals
ok 6 - Equals
</system-out>
    <testcase name="Equals (185)" classname="spec_perl_TestExprIoPos_t" time="0.00052189826965332" />
    <testcase name="Equals (186)" classname="spec_perl_TestExprIoPos_t" time="6.29425048828125e-05" />
    <testcase name="Equals (187)" classname="spec_perl_TestExprIoPos_t" time="0.000108957290649414" />
    <testcase name="Equals (188)" classname="spec_perl_TestExprIoPos_t" time="9.70363616943359e-05" />
    <testcase name="Equals (189)" classname="spec_perl_TestExprIoPos_t" time="9.01222229003906e-05" />
    <testcase name="Equals (190)" classname="spec_perl_TestExprIoPos_t" time="9.29832458496094e-05" />
  </testsuite>
  <testsuite name="spec_perl_TestFixedStruct_t" errors="0" failures="0" skipped="0" tests="20" time="0.0549559593200684">
    <system-out>1..20
ok 1 - Equals
ok 2 - Equals
ok 3 - Equals
ok 4 - Equals
ok 5 - Equals
ok 6 - Equals
ok 7 - Equals
ok 8 - Equals
ok 9 - Equals
ok 10 - Equals
ok 11 - Equals
ok 12 - Equals
ok 13 - Equals
ok 14 - Equals
ok 15 - Equals
ok 16 - Equals
ok 17 - Equals
ok 18 - Equals
ok 19 - Equals
ok 20 - Equals
</system-out>
    <testcase name="Equals (191)" classname="spec_perl_TestFixedStruct_t" time="0.000177145004272461" />
    <testcase name="Equals (192)" classname="spec_perl_TestFixedStruct_t" time="6.07967376708984e-05" />
    <testcase name="Equals (193)" classname="spec_perl_TestFixedStruct_t" time="0.000105142593383789" />
    <testcase name="Equals (194)" classname="spec_perl_TestFixedStruct_t" time="0.000108957290649414" />
    <testcase name="Equals (195)" classname="spec_perl_TestFixedStruct_t" time="0.000101089477539062" />
    <testcase name="Equals (196)" classname="spec_perl_TestFixedStruct_t" time="9.17911529541016e-05" />
    <testcase name="Equals (197)" classname="spec_perl_TestFixedStruct_t" time="9.79900360107422e-05" />
    <testcase name="Equals (198)" classname="spec_perl_TestFixedStruct_t" time="9.918212890625e-05" />
    <testcase name="Equals (199)" classname="spec_perl_TestFixedStruct_t" time="8.98838043212891e-05" />
    <testcase name="Equals (200)" classname="spec_perl_TestFixedStruct_t" time="9.51290130615234e-05" />
    <testcase name="Equals (201)" classname="spec_perl_TestFixedStruct_t" time="8.98838043212891e-05" />
    <testcase name="Equals (202)" classname="spec_perl_TestFixedStruct_t" time="8.89301300048828e-05" />
    <testcase name="Equals (203)" classname="spec_perl_TestFixedStruct_t" time="8.70227813720703e-05" />
    <testcase name="Equals (204)" classname="spec_perl_TestFixedStruct_t" time="9.01222229003906e-05" />
    <testcase name="Equals (205)" classname="spec_perl_TestFixedStruct_t" time="0.0001678466796875" />
    <testcase name="Equals (206)" classname="spec_perl_TestFixedStruct_t" time="0.000119209289550781" />
    <testcase name="Equals (207)" classname="spec_perl_TestFixedStruct_t" time="9.39369201660156e-05" />
    <testcase name="Equals (208)" classname="spec_perl_TestFixedStruct_t" time="8.98838043212891e-05" />
    <testcase name="Equals (209)" classname="spec_perl_TestFixedStruct_t" time="9.51290130615234e-05" />
    <testcase name="Equals (210)" classname="spec_perl_TestFixedStruct_t" time="9.89437103271484e-05" />
  </testsuite>
  <testsuite name="spec_perl_TestRepeatUntilComplex_t" errors="0" failures="0" skipped="0" tests="15" time="0.0542848110198975">
    <system-out>1..15
ok 1 - Equals
ok 2 - Equals
ok 3 - Equals
ok 4 - Equals
ok 5 - Equals
ok 6 - Equals
ok 7 - Equals
ok 8 - Equals
ok 9 - Equals
ok 10 - Equals
ok 11 - Equals
ok 12 - Equals
ok 13 - Equals
ok 14 - Equals
ok 15 - Equals
</system-out>
    <testcase name="Equals (211)" classname="spec_perl_TestRepeatUntilComplex_t" time="0.000165939331054688" />
    <testcase name="Equals (212)" classname="spec_perl_TestRepeatUntilComplex_t" time="7.31945037841797e-05" />
    <testcase name="Equals (213)" classname="spec_perl_TestRepeatUntilComplex_t" time="0.00011897087097168" />
    <testcase name="Equals (214)" classname="spec_perl_TestRepeatUntilComplex_t" time="9.89437103271484e-05" />
    <testcase name="Equals (215)" classname="spec_perl_TestRepeatUntilComplex_t" time="0.000128984451293945" />
    <testcase name="Equals (216)" classname="spec_perl_TestRepeatUntilComplex_t" time="0.000123977661132812" />
    <testcase name="Equals (217)" classname="spec_perl_TestRepeatUntilComplex_t" time="0.000101089477539062" />
    <testcase name="Equals (218)" classname="spec_perl_TestRepeatUntilComplex_t" time="8.89301300048828e-05" />
    <testcase name="Equals (219)" classname="spec_perl_TestRepeatUntilComplex_t" time="9.39369201660156e-05" />
    <testcase name="Equals (220)" classname="spec_perl_TestRepeatUntilComplex_t" time="9.89437103271484e-05" />
    <testcase name="Equals (221)" classname="spec_perl_TestRepeatUntilComplex_t" time="9.32216644287109e-05" />
    <testcase name="Equals (222)" classname="spec_perl_TestRepeatUntilComplex_t" time="9.58442687988281e-05" />
    <testcase name="Equals (223)" classname="spec_perl_TestRepeatUntilComplex_t" time="9.01222229003906e-05" />
    <testcase name="Equals (224)" classname="spec_perl_TestRepeatUntilComplex_t" time="0.000105857849121094" />
    <testcase name="Equals (225)" classname="spec_perl_TestRepeatUntilComplex_t" time="0.000131130218505859" />
  </testsuite>
  <testsuite name="spec_perl_TestRepeatEosBitsB4_t" errors="0" failures="0" skipped="0" tests="5" time="0.0517508983612061">
    <system-out>1..5
ok 1 - Equals
ok 2 - Equals
ok 3 - Equals
ok 4 - Equals
ok 5 - Equals
</system-out>
    <testcase name="Equals (226)" classname="spec_perl_TestRepeatEosBitsB4_t" time="0.000190019607543945" />
    <testcase name="Equals (227)" classname="spec_perl_TestRepeatEosBitsB4_t" time="5.88893890380859e-05" />
    <testcase name="Equals (228)" classname="spec_perl_TestRepeatEosBitsB4_t" time="9.01222229003906e-05" />
    <testcase name="Equals (229)" classname="spec_perl_TestRepeatEosBitsB4_t" time="8.89301300048828e-05" />
    <testcase name="Equals (230)" classname="spec_perl_TestRepeatEosBitsB4_t" time="9.20295715332031e-05" />
  </testsuite>
  <testsuite name="spec_perl_TestExprIoTernary_t" errors="0" failures="0" skipped="0" tests="3" time="0.0535979270935059">
    <system-out>1..3
ok 1 - Equals
ok 2 - Equals
ok 3 - Equals
</system-out>
    <testcase name="Equals (231)" classname="spec_perl_TestExprIoTernary_t" time="0.000416040420532227" />
    <testcase name="Equals (232)" classname="spec_perl_TestExprIoTernary_t" time="9.39369201660156e-05" />
    <testcase name="Equals (233)" classname="spec_perl_TestExprIoTernary_t" time="0.000104904174804688" />
  </testsuite>
  <testsuite name="spec_perl_TestStrEncodingsEscapingToS_t" errors="0" failures="0" skipped="0" tests="4" time="0.0595839023590088">
    <system-out>1..4
ok 1 - threw Regexp ((?^:^Unknown encoding 'ASCII\\\\x'))
ok 2 - threw Regexp ((?^:^Unknown encoding 'UTF-8\\'x'))
ok 3 - threw Regexp ((?^:^Unknown encoding 'SJIS\\\&quot;x'))
ok 4 - threw Regexp ((?^:^Unknown encoding 'IBM437\\nx'))
</system-out>
    <testcase name="threw Regexp ((?^:^Unknown encoding 'ASCII\\\\x')) (233)" classname="spec_perl_TestStrEncodingsEscapingToS_t" time="0.00030517578125" />
    <testcase name="threw Regexp ((?^:^Unknown encoding 'UTF-8\\'x')) (233)" classname="spec_perl_TestStrEncodingsEscapingToS_t" time="0.000210046768188477" />
    <testcase name="threw Regexp ((?^:^Unknown encoding 'SJIS\\\&quot;x')) (233)" classname="spec_perl_TestStrEncodingsEscapingToS_t" time="0.000219821929931641" />
    <testcase name="threw Regexp ((?^:^Unknown encoding 'IBM437\\nx')) (233)" classname="spec_perl_TestStrEncodingsEscapingToS_t" time="0.000221014022827148" />
  </testsuite>
  <testsuite name="spec_perl_TestMetaTags_t" errors="0" failures="0" skipped="1" tests="1" time="0.0536239147186279">
    <system-out>1..1
ok 1 # skip MetaTags=HASH(0x55f5e146e778)
</system-out>
    <testcase name="Unnamed test case 233" classname="spec_perl_TestMetaTags_t" time="0.000905990600585938">
      <skipped message="ok 1 # skip MetaTags=HASH(0x55f5e146e778)" />
    </testcase>
  </testsuite>
  <testsuite name="spec_perl_TestJsSignedRightShift_t" errors="0" failures="0" skipped="0" tests="2" time="0.0527660846710205">
    <system-out>1..2
ok 1 - Equals
ok 2 - Equals
</system-out>
    <testcase name="Equals (234)" classname="spec_perl_TestJsSignedRightShift_t" time="0.000153064727783203" />
    <testcase name="Equals (235)" classname="spec_perl_TestJsSignedRightShift_t" time="6.19888305664062e-05" />
  </testsuite>
  <testsuite name="spec_perl_TestTypeTernaryOpaque_t" errors="0" failures="0" skipped="0" tests="1" time="0.0528008937835693">
    <system-out>1..1
ok 1 - Equals
</system-out>
    <testcase name="Equals (236)" classname="spec_perl_TestTypeTernaryOpaque_t" time="0.000422000885009766" />
  </testsuite>
  <testsuite name="spec_perl_TestNavParentSwitch_t" errors="0" failures="0" skipped="0" tests="3" time="0.0546538829803467">
    <system-out>1..3
ok 1 - Equals
ok 2 - Equals
ok 3 - Equals
</system-out>
    <testcase name="Equals (237)" classname="spec_perl_TestNavParentSwitch_t" time="0.000159978866577148" />
    <testcase name="Equals (238)" classname="spec_perl_TestNavParentSwitch_t" time="6.19888305664062e-05" />
    <testcase name="Equals (239)" classname="spec_perl_TestNavParentSwitch_t" time="4.81605529785156e-05" />
  </testsuite>
  <testsuite name="spec_perl_TestNestedTypesImport_t" errors="0" failures="0" skipped="0" tests="11" time="0.0540750026702881">
    <system-out>1..11
ok 1 - Equals
ok 2 - Equals
ok 3 - Equals
ok 4 - Equals
ok 5 - Equals
ok 6 - nil
ok 7 - nil
ok 8 - nil
ok 9 - nil
ok 10 - nil
ok 11 - nil
</system-out>
    <testcase name="Equals (240)" classname="spec_perl_TestNestedTypesImport_t" time="0.000166893005371094" />
    <testcase name="Equals (241)" classname="spec_perl_TestNestedTypesImport_t" time="6.69956207275391e-05" />
    <testcase name="Equals (242)" classname="spec_perl_TestNestedTypesImport_t" time="6.00814819335938e-05" />
    <testcase name="Equals (243)" classname="spec_perl_TestNestedTypesImport_t" time="0.000133991241455078" />
    <testcase name="Equals (244)" classname="spec_perl_TestNestedTypesImport_t" time="0.000107049942016602" />
    <testcase name="nil (244)" classname="spec_perl_TestNestedTypesImport_t" time="5.10215759277344e-05" />
    <testcase name="nil (245)" classname="spec_perl_TestNestedTypesImport_t" time="4.10079956054688e-05" />
    <testcase name="nil (246)" classname="spec_perl_TestNestedTypesImport_t" time="3.88622283935547e-05" />
    <testcase name="nil (247)" classname="spec_perl_TestNestedTypesImport_t" time="4.00543212890625e-05" />
    <testcase name="nil (248)" classname="spec_perl_TestNestedTypesImport_t" time="3.814697265625e-05" />
    <testcase name="nil (249)" classname="spec_perl_TestNestedTypesImport_t" time="4.98294830322266e-05" />
  </testsuite>
  <testsuite name="spec_perl_TestPositionAbs_t" errors="0" failures="0" skipped="0" tests="2" time="0.0566461086273193">
    <system-out>1..2
ok 1 - Equals
ok 2 - Equals
</system-out>
    <testcase name="Equals (249)" classname="spec_perl_TestPositionAbs_t" time="0.000152111053466797" />
    <testcase name="Equals (250)" classname="spec_perl_TestPositionAbs_t" time="9.20295715332031e-05" />
  </testsuite>
  <testsuite name="spec_perl_TestNameClashImportVsInst_t" errors="0" failures="0" skipped="0" tests="2" time="0.0525951385498047">
    <system-out>1..2
ok 1 - Equals
ok 2 - Equals
</system-out>
    <testcase name="Equals (251)" classname="spec_perl_TestNameClashImportVsInst_t" time="0.000154018402099609" />
    <testcase name="Equals (252)" classname="spec_perl_TestNameClashImportVsInst_t" time="6.00814819335938e-05" />
  </testsuite>
  <testsuite name="spec_perl_TestValidLong_t" errors="0" failures="0" skipped="1" tests="1" time="0.0571160316467285">
    <system-out>1..1
ok 1 # skip ValidLong=HASH(0x55be78650730)
</system-out>
    <testcase name="Unnamed test case 252" classname="spec_perl_TestValidLong_t" time="0.000962972640991211">
      <skipped message="ok 1 # skip ValidLong=HASH(0x55be78650730)" />
    </testcase>
  </testsuite>
  <testsuite name="spec_perl_TestParamsCallExtraParens_t" errors="0" failures="1" skipped="0" tests="1" time="0.056751012802124">
    <system-out>1..1
not ok 1 - Equals
</system-out>
    <testcase name="Equals (253)" classname="spec_perl_TestParamsCallExtraParens_t" time="0.000292062759399414">
      <failure message="not ok 1 - Equals" type="TAP::Parser::Result::Test"></failure>
    </testcase>
  </testsuite>
  <testsuite name="spec_perl_TestEnumToIClassBorder1_t" errors="0" failures="1" skipped="0" tests="3" time="0.053333044052124">
    <system-out>1..3
ok 1 - Equals
ok 2 - Equals
not ok 3 - test_enum_to_i_class_border_1 died (Can't call method &quot;some_dog&quot; on an undefined value at compiled/perl/EnumToIClassBorder2.pm line 43.)
</system-out>
    <testcase name="Equals (254)" classname="spec_perl_TestEnumToIClassBorder1_t" time="0.000177860260009766" />
    <testcase name="Equals (255)" classname="spec_perl_TestEnumToIClassBorder1_t" time="0.000102996826171875" />
    <testcase name="test_enum_to_i_class_border_1 died (Can't call method &quot;some_dog&quot; on an undefined value at compiled/perl/EnumToIClassBorder2.pm line 43.) (255)" classname="spec_perl_TestEnumToIClassBorder1_t" time="0.000200033187866211">
      <failure message="not ok 3 - test_enum_to_i_class_border_1 died (Can't call method &quot;some_dog&quot; on an undefined value at compiled/perl/EnumToIClassBorder2.pm line 43.)" type="TAP::Parser::Result::Test"></failure>
    </testcase>
  </testsuite>
  <testsuite name="spec_perl_TestIndexToParamEos_t" errors="0" failures="2" skipped="0" tests="7" time="0.0604310035705566">
    <system-out>1..7
ok 1 - Equals
ok 2 - Equals
ok 3 - Equals
ok 4 - Equals
ok 5 - Equals
not ok 6 - Equals
not ok 7 - Equals
</system-out>
    <testcase name="Equals (256)" classname="spec_perl_TestIndexToParamEos_t" time="0.000493049621582031" />
    <testcase name="Equals (257)" classname="spec_perl_TestIndexToParamEos_t" time="8.58306884765625e-05" />
    <testcase name="Equals (258)" classname="spec_perl_TestIndexToParamEos_t" time="0.000176191329956055" />
    <testcase name="Equals (259)" classname="spec_perl_TestIndexToParamEos_t" time="0.000189781188964844" />
    <testcase name="Equals (260)" classname="spec_perl_TestIndexToParamEos_t" time="0.00016021728515625" />
    <testcase name="Equals (261)" classname="spec_perl_TestIndexToParamEos_t" time="0.000197887420654297">
      <failure message="not ok 6 - Equals" type="TAP::Parser::Result::Test"></failure>
    </testcase>
    <testcase name="Equals (262)" classname="spec_perl_TestIndexToParamEos_t" time="0.000780105590820312">
      <failure message="not ok 7 - Equals" type="TAP::Parser::Result::Test"></failure>
    </testcase>
  </testsuite>
  <testsuite name="spec_perl_TestEnumIf_t" errors="0" failures="0" skipped="0" tests="7" time="0.057016134262085">
    <system-out>1..7
ok 1 - Equals
ok 2 - Equals
ok 3 - Equals
ok 4 - Equals
ok 5 - Equals
ok 6 - Equals
ok 7 - Equals
</system-out>
    <testcase name="Equals (263)" classname="spec_perl_TestEnumIf_t" time="0.000254154205322266" />
    <testcase name="Equals (264)" classname="spec_perl_TestEnumIf_t" time="0.000114917755126953" />
    <testcase name="Equals (265)" classname="spec_perl_TestEnumIf_t" time="9.20295715332031e-05" />
    <testcase name="Equals (266)" classname="spec_perl_TestEnumIf_t" time="9.29832458496094e-05" />
    <testcase name="Equals (267)" classname="spec_perl_TestEnumIf_t" time="9.20295715332031e-05" />
    <testcase name="Equals (268)" classname="spec_perl_TestEnumIf_t" time="9.20295715332031e-05" />
    <testcase name="Equals (269)" classname="spec_perl_TestEnumIf_t" time="0.000105857849121094" />
  </testsuite>
  <testsuite name="spec_perl_TestExprStrEncodings_t" errors="0" failures="0" skipped="0" tests="7" time="0.0616879463195801">
    <system-out>1..7
ok 1 - Equals
ok 2 - Equals
ok 3 - Equals
ok 4 - Equals
ok 5 - Equals
ok 6 - Equals
ok 7 - Equals
</system-out>
    <testcase name="Equals (270)" classname="spec_perl_TestExprStrEncodings_t" time="0.00354218482971191" />
    <testcase name="Equals (271)" classname="spec_perl_TestExprStrEncodings_t" time="7.98702239990234e-05" />
    <testcase name="Equals (272)" classname="spec_perl_TestExprStrEncodings_t" time="3.814697265625e-05" />
    <testcase name="Equals (273)" classname="spec_perl_TestExprStrEncodings_t" time="4.48226928710938e-05" />
    <testcase name="Equals (274)" classname="spec_perl_TestExprStrEncodings_t" time="9.20295715332031e-05" />
    <testcase name="Equals (275)" classname="spec_perl_TestExprStrEncodings_t" time="8.20159912109375e-05" />
    <testcase name="Equals (276)" classname="spec_perl_TestExprStrEncodings_t" time="9.39369201660156e-05" />
  </testsuite>
  <testsuite name="spec_perl_TestBitsUnalignedB64Be_t" errors="0" failures="0" skipped="0" tests="3" time="0.052199125289917">
    <system-out>1..3
ok 1 - Equals
ok 2 - Equals
ok 3 - Equals
</system-out>
    <testcase name="Equals (277)" classname="spec_perl_TestBitsUnalignedB64Be_t" time="0.000137090682983398" />
    <testcase name="Equals (278)" classname="spec_perl_TestBitsUnalignedB64Be_t" time="6.38961791992188e-05" />
    <testcase name="Equals (279)" classname="spec_perl_TestBitsUnalignedB64Be_t" time="0.000102996826171875" />
  </testsuite>
  <testsuite name="spec_perl_TestStrEncodingsUtf16_t" errors="0" failures="0" skipped="0" tests="6" time="0.058945894241333">
    <system-out>1..6
ok 1 - Equals
ok 2 - Equals
ok 3 - Equals
ok 4 - Equals
ok 5 - Equals
ok 6 - Equals
</system-out>
    <testcase name="Equals (280)" classname="spec_perl_TestStrEncodingsUtf16_t" time="0.00123691558837891" />
    <testcase name="Equals (281)" classname="spec_perl_TestStrEncodingsUtf16_t" time="5.29289245605469e-05" />
    <testcase name="Equals (282)" classname="spec_perl_TestStrEncodingsUtf16_t" time="0.000105142593383789" />
    <testcase name="Equals (283)" classname="spec_perl_TestStrEncodingsUtf16_t" time="9.58442687988281e-05" />
    <testcase name="Equals (284)" classname="spec_perl_TestStrEncodingsUtf16_t" time="9.918212890625e-05" />
    <testcase name="Equals (285)" classname="spec_perl_TestStrEncodingsUtf16_t" time="8.79764556884766e-05" />
  </testsuite>
  <testsuite name="spec_perl_TestImportsParamsDefEnumImported_t" errors="0" failures="2" skipped="0" tests="4" time="0.0550558567047119">
    <system-out>1..4
ok 1 - Equals
ok 2 - Equals
not ok 3 - Equals
not ok 4 - Equals
</system-out>
    <testcase name="Equals (286)" classname="spec_perl_TestImportsParamsDefEnumImported_t" time="0.000151872634887695" />
    <testcase name="Equals (287)" classname="spec_perl_TestImportsParamsDefEnumImported_t" time="7.00950622558594e-05" />
    <testcase name="Equals (288)" classname="spec_perl_TestImportsParamsDefEnumImported_t" time="6.00814819335938e-05">
      <failure message="not ok 3 - Equals" type="TAP::Parser::Result::Test"></failure>
    </testcase>
    <testcase name="Equals (289)" classname="spec_perl_TestImportsParamsDefEnumImported_t" time="0.000720024108886719">
      <failure message="not ok 4 - Equals" type="TAP::Parser::Result::Test"></failure>
    </testcase>
  </testsuite>
  <testsuite name="spec_perl_TestNestedSameName_t" errors="0" failures="0" skipped="0" tests="2" time="0.0530850887298584">
    <system-out>1..2
ok 1 - Equals
ok 2 - Equals
</system-out>
    <testcase name="Equals (290)" classname="spec_perl_TestNestedSameName_t" time="0.000196933746337891" />
    <testcase name="Equals (291)" classname="spec_perl_TestNestedSameName_t" time="6.103515625e-05" />
  </testsuite>
  <testsuite name="spec_perl_TestSwitchIntegers_t" errors="0" failures="0" skipped="0" tests="9" time="0.0538129806518555">
    <system-out>1..9
ok 1 - Equals
ok 2 - Equals
ok 3 - Equals
ok 4 - Equals
ok 5 - Equals
ok 6 - Equals
ok 7 - Equals
ok 8 - Equals
ok 9 - Equals
</system-out>
    <testcase name="Equals (292)" classname="spec_perl_TestSwitchIntegers_t" time="0.000181913375854492" />
    <testcase name="Equals (293)" classname="spec_perl_TestSwitchIntegers_t" time="6.00814819335938e-05" />
    <testcase name="Equals (294)" classname="spec_perl_TestSwitchIntegers_t" time="0.0001068115234375" />
    <testcase name="Equals (295)" classname="spec_perl_TestSwitchIntegers_t" time="9.51290130615234e-05" />
    <testcase name="Equals (296)" classname="spec_perl_TestSwitchIntegers_t" time="9.29832458496094e-05" />
    <testcase name="Equals (297)" classname="spec_perl_TestSwitchIntegers_t" time="9.70363616943359e-05" />
    <testcase name="Equals (298)" classname="spec_perl_TestSwitchIntegers_t" time="9.89437103271484e-05" />
    <testcase name="Equals (299)" classname="spec_perl_TestSwitchIntegers_t" time="0.000123977661132812" />
    <testcase name="Equals (300)" classname="spec_perl_TestSwitchIntegers_t" time="8.89301300048828e-05" />
  </testsuite>
  <testsuite name="spec_perl_TestRepeatEosBitsB1_t" errors="0" failures="0" skipped="0" tests="17" time="0.0530581474304199">
    <system-out>1..17
ok 1 - Equals
ok 2 - Equals
ok 3 - Equals
ok 4 - Equals
ok 5 - Equals
ok 6 - Equals
ok 7 - Equals
ok 8 - Equals
ok 9 - Equals
ok 10 - Equals
ok 11 - Equals
ok 12 - Equals
ok 13 - Equals
ok 14 - Equals
ok 15 - Equals
ok 16 - Equals
ok 17 - Equals
</system-out>
    <testcase name="Equals (301)" classname="spec_perl_TestRepeatEosBitsB1_t" time="0.000153064727783203" />
    <testcase name="Equals (302)" classname="spec_perl_TestRepeatEosBitsB1_t" time="5.91278076171875e-05" />
    <testcase name="Equals (303)" classname="spec_perl_TestRepeatEosBitsB1_t" time="5.98430633544922e-05" />
    <testcase name="Equals (304)" classname="spec_perl_TestRepeatEosBitsB1_t" time="9.29832458496094e-05" />
    <testcase name="Equals (305)" classname="spec_perl_TestRepeatEosBitsB1_t" time="7.31945037841797e-05" />
    <testcase name="Equals (306)" classname="spec_perl_TestRepeatEosBitsB1_t" time="7.48634338378906e-05" />
    <testcase name="Equals (307)" classname="spec_perl_TestRepeatEosBitsB1_t" time="8.10623168945312e-05" />
    <testcase name="Equals (308)" classname="spec_perl_TestRepeatEosBitsB1_t" time="7.10487365722656e-05" />
    <testcase name="Equals (309)" classname="spec_perl_TestRepeatEosBitsB1_t" time="7.39097595214844e-05" />
    <testcase name="Equals (310)" classname="spec_perl_TestRepeatEosBitsB1_t" time="7.60555267333984e-05" />
    <testcase name="Equals (311)" classname="spec_perl_TestRepeatEosBitsB1_t" time="7.48634338378906e-05" />
    <testcase name="Equals (312)" classname="spec_perl_TestRepeatEosBitsB1_t" time="9.79900360107422e-05" />
    <testcase name="Equals (313)" classname="spec_perl_TestRepeatEosBitsB1_t" time="8.20159912109375e-05" />
    <testcase name="Equals (314)" classname="spec_perl_TestRepeatEosBitsB1_t" time="7.70092010498047e-05" />
    <testcase name="Equals (315)" classname="spec_perl_TestRepeatEosBitsB1_t" time="8.51154327392578e-05" />
    <testcase name="Equals (316)" classname="spec_perl_TestRepeatEosBitsB1_t" time="7.39097595214844e-05" />
    <testcase name="Equals (317)" classname="spec_perl_TestRepeatEosBitsB1_t" time="7.79628753662109e-05" />
  </testsuite>
  <testsuite name="spec_perl_TestDebugEnumName_t" errors="0" failures="0" skipped="0" tests="4" time="0.0522880554199219">
    <system-out>1..4
ok 1 - Equals
ok 2 - Equals
ok 3 - Equals
ok 4 - Equals
</system-out>
    <testcase name="Equals (318)" classname="spec_perl_TestDebugEnumName_t" time="0.000162124633789062" />
    <testcase name="Equals (319)" classname="spec_perl_TestDebugEnumName_t" time="7.20024108886719e-05" />
    <testcase name="Equals (320)" classname="spec_perl_TestDebugEnumName_t" time="9.89437103271484e-05" />
    <testcase name="Equals (321)" classname="spec_perl_TestDebugEnumName_t" time="9.89437103271484e-05" />
  </testsuite>
  <testsuite name="spec_perl_TestDefaultEndianMod_t" errors="0" failures="0" skipped="0" tests="3" time="0.0520670413970947">
    <system-out>1..3
ok 1 - Equals
ok 2 - Equals
ok 3 - Equals
</system-out>
    <testcase name="Equals (322)" classname="spec_perl_TestDefaultEndianMod_t" time="0.000184059143066406" />
    <testcase name="Equals (323)" classname="spec_perl_TestDefaultEndianMod_t" time="8.98838043212891e-05" />
    <testcase name="Equals (324)" classname="spec_perl_TestDefaultEndianMod_t" time="9.29832458496094e-05" />
  </testsuite>
  <testsuite name="spec_perl_TestIndexToParamExpr_t" errors="0" failures="2" skipped="0" tests="7" time="0.0598850250244141">
    <system-out>1..7
ok 1 - Equals
ok 2 - Equals
ok 3 - Equals
ok 4 - Equals
ok 5 - Equals
not ok 6 - Equals
not ok 7 - Equals
</system-out>
    <testcase name="Equals (325)" classname="spec_perl_TestIndexToParamExpr_t" time="0.000405073165893555" />
    <testcase name="Equals (326)" classname="spec_perl_TestIndexToParamExpr_t" time="0.000117063522338867" />
    <testcase name="Equals (327)" classname="spec_perl_TestIndexToParamExpr_t" time="0.000164985656738281" />
    <testcase name="Equals (328)" classname="spec_perl_TestIndexToParamExpr_t" time="0.000139951705932617" />
    <testcase name="Equals (329)" classname="spec_perl_TestIndexToParamExpr_t" time="9.79900360107422e-05" />
    <testcase name="Equals (330)" classname="spec_perl_TestIndexToParamExpr_t" time="0.000124931335449219">
      <failure message="not ok 6 - Equals" type="TAP::Parser::Result::Test"></failure>
    </testcase>
    <testcase name="Equals (331)" classname="spec_perl_TestIndexToParamExpr_t" time="0.000660181045532227">
      <failure message="not ok 7 - Equals" type="TAP::Parser::Result::Test"></failure>
    </testcase>
  </testsuite>
  <testsuite name="spec_perl_TestNavParentOverride_t" errors="0" failures="0" skipped="0" tests="3" time="0.0528290271759033">
    <system-out>1..3
ok 1 - Equals
ok 2 - Equals
ok 3 - Equals
</system-out>
    <testcase name="Equals (332)" classname="spec_perl_TestNavParentOverride_t" time="0.000138044357299805" />
    <testcase name="Equals (333)" classname="spec_perl_TestNavParentOverride_t" time="4.81605529785156e-05" />
    <testcase name="Equals (334)" classname="spec_perl_TestNavParentOverride_t" time="0.000108957290649414" />
  </testsuite>
  <testsuite name="spec_perl_TestCastNested_t" errors="0" failures="0" skipped="0" tests="4" time="0.0568759441375732">
    <system-out>1..4
ok 1 - Equals
ok 2 - Equals
ok 3 - Equals
ok 4 - Equals
</system-out>
    <testcase name="Equals (335)" classname="spec_perl_TestCastNested_t" time="0.000247955322265625" />
    <testcase name="Equals (336)" classname="spec_perl_TestCastNested_t" time="0.000104188919067383" />
    <testcase name="Equals (337)" classname="spec_perl_TestCastNested_t" time="0.000111818313598633" />
    <testcase name="Equals (338)" classname="spec_perl_TestCastNested_t" time="9.41753387451172e-05" />
  </testsuite>
  <testsuite name="spec_perl_TestEnumToI_t" errors="0" failures="0" skipped="0" tests="8" time="0.0533120632171631">
    <system-out>1..8
ok 1 - Equals
ok 2 - Equals
ok 3 - Equals
ok 4 - Equals
ok 5 - Equals
ok 6 - Equals
ok 7 - Equals
ok 8 - Equals
</system-out>
    <testcase name="Equals (339)" classname="spec_perl_TestEnumToI_t" time="0.000138044357299805" />
    <testcase name="Equals (340)" classname="spec_perl_TestEnumToI_t" time="5.00679016113281e-05" />
    <testcase name="Equals (341)" classname="spec_perl_TestEnumToI_t" time="0.000156879425048828" />
    <testcase name="Equals (342)" classname="spec_perl_TestEnumToI_t" time="0.000110149383544922" />
    <testcase name="Equals (343)" classname="spec_perl_TestEnumToI_t" time="0.000104904174804688" />
    <testcase name="Equals (344)" classname="spec_perl_TestEnumToI_t" time="9.48905944824219e-05" />
    <testcase name="Equals (345)" classname="spec_perl_TestEnumToI_t" time="9.918212890625e-05" />
    <testcase name="Equals (346)" classname="spec_perl_TestEnumToI_t" time="8.20159912109375e-05" />
  </testsuite>
  <testsuite name="spec_perl_TestValidOptionalId_t" errors="0" failures="0" skipped="1" tests="1" time="0.0529561042785645">
    <system-out>1..1
ok 1 # skip ValidOptionalId=HASH(0x558329c9ec18)
</system-out>
    <testcase name="Unnamed test case 346" classname="spec_perl_TestValidOptionalId_t" time="0.000900983810424805">
      <skipped message="ok 1 # skip ValidOptionalId=HASH(0x558329c9ec18)" />
    </testcase>
  </testsuite>
  <testsuite name="spec_perl_TestExprStrOps_t" errors="0" failures="0" skipped="0" tests="18" time="0.0596978664398193">
    <system-out>1..18
ok 1 - Equals
ok 2 - Equals
ok 3 - Equals
ok 4 - Equals
ok 5 - Equals
ok 6 - Equals
ok 7 - Equals
ok 8 - Equals
ok 9 - Equals
ok 10 - Equals
ok 11 - Equals
ok 12 - Equals
ok 13 - Equals
ok 14 - Equals
ok 15 - Equals
ok 16 - Equals
ok 17 - Equals
ok 18 - Equals
</system-out>
    <testcase name="Equals (347)" classname="spec_perl_TestExprStrOps_t" time="0.000152826309204102" />
    <testcase name="Equals (348)" classname="spec_perl_TestExprStrOps_t" time="5.00679016113281e-05" />
    <testcase name="Equals (349)" classname="spec_perl_TestExprStrOps_t" time="0.000145912170410156" />
    <testcase name="Equals (350)" classname="spec_perl_TestExprStrOps_t" time="0.000118017196655273" />
    <testcase name="Equals (351)" classname="spec_perl_TestExprStrOps_t" time="9.60826873779297e-05" />
    <testcase name="Equals (352)" classname="spec_perl_TestExprStrOps_t" time="9.20295715332031e-05" />
    <testcase name="Equals (353)" classname="spec_perl_TestExprStrOps_t" time="9.58442687988281e-05" />
    <testcase name="Equals (354)" classname="spec_perl_TestExprStrOps_t" time="9.79900360107422e-05" />
    <testcase name="Equals (355)" classname="spec_perl_TestExprStrOps_t" time="9.70363616943359e-05" />
    <testcase name="Equals (356)" classname="spec_perl_TestExprStrOps_t" time="9.29832458496094e-05" />
    <testcase name="Equals (357)" classname="spec_perl_TestExprStrOps_t" time="9.918212890625e-05" />
    <testcase name="Equals (358)" classname="spec_perl_TestExprStrOps_t" time="0.000121831893920898" />
    <testcase name="Equals (359)" classname="spec_perl_TestExprStrOps_t" time="0.000146150588989258" />
    <testcase name="Equals (360)" classname="spec_perl_TestExprStrOps_t" time="0.000102996826171875" />
    <testcase name="Equals (361)" classname="spec_perl_TestExprStrOps_t" time="9.58442687988281e-05" />
    <testcase name="Equals (362)" classname="spec_perl_TestExprStrOps_t" time="9.41753387451172e-05" />
    <testcase name="Equals (363)" classname="spec_perl_TestExprStrOps_t" time="9.79900360107422e-05" />
    <testcase name="Equals (364)" classname="spec_perl_TestExprStrOps_t" time="8.89301300048828e-05" />
  </testsuite>
  <testsuite name="spec_perl_TestEnum0_t" errors="0" failures="0" skipped="0" tests="2" time="0.0537519454956055">
    <system-out>1..2
ok 1 - Equals
ok 2 - Equals
</system-out>
    <testcase name="Equals (365)" classname="spec_perl_TestEnum0_t" time="0.000156164169311523" />
    <testcase name="Equals (366)" classname="spec_perl_TestEnum0_t" time="5.48362731933594e-05" />
  </testsuite>
  <testsuite name="spec_perl_TestBitsShiftByB32Le_t" errors="0" failures="0" skipped="0" tests="2" time="0.0519521236419678">
    <system-out>1..2
ok 1 - Equals
ok 2 - Equals
</system-out>
    <testcase name="Equals (367)" classname="spec_perl_TestBitsShiftByB32Le_t" time="0.000184059143066406" />
    <testcase name="Equals (368)" classname="spec_perl_TestBitsShiftByB32Le_t" time="6.29425048828125e-05" />
  </testsuite>
  <testsuite name="spec_perl_TestYamlInts_t" errors="0" failures="0" skipped="0" tests="4" time="0.0522360801696777">
    <system-out>1..4
ok 1 - Equals
ok 2 - Equals
ok 3 - Equals
ok 4 - Equals
</system-out>
    <testcase name="Equals (369)" classname="spec_perl_TestYamlInts_t" time="0.000138998031616211" />
    <testcase name="Equals (370)" classname="spec_perl_TestYamlInts_t" time="4.79221343994141e-05" />
    <testcase name="Equals (371)" classname="spec_perl_TestYamlInts_t" time="8.20159912109375e-05" />
    <testcase name="Equals (372)" classname="spec_perl_TestYamlInts_t" time="9.70363616943359e-05" />
  </testsuite>
  <testsuite name="spec_perl_TestExprArray_t" errors="0" failures="0" skipped="0" tests="15" time="0.0575439929962158">
    <system-out>1..15
ok 1 - Equals
ok 2 - Equals
ok 3 - Equals
ok 4 - Equals
ok 5 - Equals
ok 6 - Equals
ok 7 - Approx equals
ok 8 - Approx equals
ok 9 - Approx equals
ok 10 - Approx equals
ok 11 - Equals
ok 12 - Equals
ok 13 - Equals
ok 14 - Equals
ok 15 - Equals
</system-out>
    <testcase name="Equals (373)" classname="spec_perl_TestExprArray_t" time="0.000206947326660156" />
    <testcase name="Equals (374)" classname="spec_perl_TestExprArray_t" time="6.00814819335938e-05" />
    <testcase name="Equals (375)" classname="spec_perl_TestExprArray_t" time="9.20295715332031e-05" />
    <testcase name="Equals (376)" classname="spec_perl_TestExprArray_t" time="9.17911529541016e-05" />
    <testcase name="Equals (377)" classname="spec_perl_TestExprArray_t" time="9.79900360107422e-05" />
    <testcase name="Equals (378)" classname="spec_perl_TestExprArray_t" time="0.000108003616333008" />
    <testcase name="Approx equals (378)" classname="spec_perl_TestExprArray_t" time="4.72068786621094e-05" />
    <testcase name="Approx equals (379)" classname="spec_perl_TestExprArray_t" time="3.98159027099609e-05" />
    <testcase name="Approx equals (380)" classname="spec_perl_TestExprArray_t" time="3.50475311279297e-05" />
    <testcase name="Approx equals (381)" classname="spec_perl_TestExprArray_t" time="3.31401824951172e-05" />
    <testcase name="Equals (381)" classname="spec_perl_TestExprArray_t" time="0.0001068115234375" />
    <testcase name="Equals (382)" classname="spec_perl_TestExprArray_t" time="9.79900360107422e-05" />
    <testcase name="Equals (383)" classname="spec_perl_TestExprArray_t" time="8.79764556884766e-05" />
    <testcase name="Equals (384)" classname="spec_perl_TestExprArray_t" time="0.000101089477539062" />
    <testcase name="Equals (385)" classname="spec_perl_TestExprArray_t" time="9.01222229003906e-05" />
  </testsuite>
  <testsuite name="spec_perl_TestProcessToUser_t" errors="0" failures="0" skipped="0" tests="1" time="0.0564031600952148">
    <system-out>1..1
ok 1 - Equals
</system-out>
    <testcase name="Equals (386)" classname="spec_perl_TestProcessToUser_t" time="0.000445127487182617" />
  </testsuite>
  <testsuite name="spec_perl_TestEofExceptionBytes_t" errors="0" failures="0" skipped="0" tests="1" time="0.0526471138000488">
    <system-out>1..1
ok 1 - threw /^Requested \d+ bytes, but only \d+ bytes available/
</system-out>
    <testcase name="threw /^Requested \d+ bytes, but only \d+ bytes available/ (386)" classname="spec_perl_TestEofExceptionBytes_t" time="0.000133991241455078" />
  </testsuite>
  <testsuite name="spec_perl_TestInstanceUserArray_t" errors="0" failures="0" skipped="0" tests="10" time="0.054548978805542">
    <system-out>1..10
ok 1 - Equals
ok 2 - Equals
ok 3 - Equals
ok 4 - Equals
ok 5 - Equals
ok 6 - Equals
ok 7 - Equals
ok 8 - Equals
ok 9 - Equals
ok 10 - Equals
</system-out>
    <testcase name="Equals (387)" classname="spec_perl_TestInstanceUserArray_t" time="0.000152826309204102" />
    <testcase name="Equals (388)" classname="spec_perl_TestInstanceUserArray_t" time="8.91685485839844e-05" />
    <testcase name="Equals (389)" classname="spec_perl_TestInstanceUserArray_t" time="0.00010991096496582" />
    <testcase name="Equals (390)" classname="spec_perl_TestInstanceUserArray_t" time="0.000445127487182617" />
    <testcase name="Equals (391)" classname="spec_perl_TestInstanceUserArray_t" time="0.000108957290649414" />
    <testcase name="Equals (392)" classname="spec_perl_TestInstanceUserArray_t" time="9.48905944824219e-05" />
    <testcase name="Equals (393)" classname="spec_perl_TestInstanceUserArray_t" time="9.20295715332031e-05" />
    <testcase name="Equals (394)" classname="spec_perl_TestInstanceUserArray_t" time="9.29832458496094e-05" />
    <testcase name="Equals (395)" classname="spec_perl_TestInstanceUserArray_t" time="0.000144004821777344" />
    <testcase name="Equals (396)" classname="spec_perl_TestInstanceUserArray_t" time="9.89437103271484e-05" />
  </testsuite>
  <testsuite name="spec_perl_TestBitsUnalignedB32Le_t" errors="0" failures="0" skipped="0" tests="3" time="0.0528910160064697">
    <system-out>1..3
ok 1 - Equals
ok 2 - Equals
ok 3 - Equals
</system-out>
    <testcase name="Equals (397)" classname="spec_perl_TestBitsUnalignedB32Le_t" time="0.000150918960571289" />
    <testcase name="Equals (398)" classname="spec_perl_TestBitsUnalignedB32Le_t" time="5.91278076171875e-05" />
    <testcase name="Equals (399)" classname="spec_perl_TestBitsUnalignedB32Le_t" time="5.00679016113281e-05" />
  </testsuite>
  <testsuite name="spec_perl_TestImportsCastToImported_t" errors="0" failures="1" skipped="0" tests="2" time="0.0538208484649658">
    <system-out>1..2
ok 1 - Equals
not ok 2 - test_imports_cast_to_imported died (Can't call method &quot;one&quot; on an undefined value at compiled/perl/CastToImported.pm line 42.)
</system-out>
    <testcase name="Equals (400)" classname="spec_perl_TestImportsCastToImported_t" time="0.000192165374755859" />
    <testcase name="test_imports_cast_to_imported died (Can't call method &quot;one&quot; on an undefined value at compiled/perl/CastToImported.pm line 42.) (400)" classname="spec_perl_TestImportsCastToImported_t" time="0.000159025192260742">
      <failure message="not ok 2 - test_imports_cast_to_imported died (Can't call method &quot;one&quot; on an undefined value at compiled/perl/CastToImported.pm line 42.)" type="TAP::Parser::Result::Test"></failure>
    </testcase>
  </testsuite>
  <testsuite name="spec_perl_TestIfInstances_t" errors="0" failures="0" skipped="0" tests="1" time="0.0520100593566895">
    <system-out>1..1
ok 1 - nil
</system-out>
    <testcase name="nil (400)" classname="spec_perl_TestIfInstances_t" time="0.000138044357299805" />
  </testsuite>
  <testsuite name="spec_perl_TestExprIfIntOps_t" errors="0" failures="0" skipped="0" tests="4" time="0.0532939434051514">
    <system-out>1..4
ok 1 - Equals
ok 2 - Equals
ok 3 - Equals
ok 4 - Equals
</system-out>
    <testcase name="Equals (401)" classname="spec_perl_TestExprIfIntOps_t" time="0.000164031982421875" />
    <testcase name="Equals (402)" classname="spec_perl_TestExprIfIntOps_t" time="8.70227813720703e-05" />
    <testcase name="Equals (403)" classname="spec_perl_TestExprIfIntOps_t" time="0.000154018402099609" />
    <testcase name="Equals (404)" classname="spec_perl_TestExprIfIntOps_t" time="0.000108957290649414" />
  </testsuite>
  <testsuite name="spec_perl_TestCastToTop_t" errors="0" failures="0" skipped="0" tests="3" time="0.0536270141601562">
    <system-out>1..3
ok 1 - Equals
ok 2 - Equals
ok 3 - Equals
</system-out>
    <testcase name="Equals (405)" classname="spec_perl_TestCastToTop_t" time="0.000160932540893555" />
    <testcase name="Equals (406)" classname="spec_perl_TestCastToTop_t" time="6.00814819335938e-05" />
    <testcase name="Equals (407)" classname="spec_perl_TestCastToTop_t" time="0.000124931335449219" />
  </testsuite>
  <testsuite name="spec_perl_TestRecursiveOne_t" errors="0" failures="0" skipped="0" tests="4" time="0.0520308017730713">
    <system-out>1..4
ok 1 - Equals
ok 2 - Equals
ok 3 - Equals
ok 4 - Equals
</system-out>
    <testcase name="Equals (408)" classname="spec_perl_TestRecursiveOne_t" time="0.000133991241455078" />
    <testcase name="Equals (409)" classname="spec_perl_TestRecursiveOne_t" time="8.98838043212891e-05" />
    <testcase name="Equals (410)" classname="spec_perl_TestRecursiveOne_t" time="0.000104904174804688" />
    <testcase name="Equals (411)" classname="spec_perl_TestRecursiveOne_t" time="9.01222229003906e-05" />
  </testsuite>
  <testsuite name="spec_perl_TestProcessCoerceUsertype2_t" errors="0" failures="0" skipped="0" tests="4" time="0.0535910129547119">
    <system-out>1..4
ok 1 - Equals
ok 2 - Equals
ok 3 - Equals
ok 4 - Equals
</system-out>
    <testcase name="Equals (412)" classname="spec_perl_TestProcessCoerceUsertype2_t" time="0.000467061996459961" />
    <testcase name="Equals (413)" classname="spec_perl_TestProcessCoerceUsertype2_t" time="6.79492950439453e-05" />
    <testcase name="Equals (414)" classname="spec_perl_TestProcessCoerceUsertype2_t" time="0.000128030776977539" />
    <testcase name="Equals (415)" classname="spec_perl_TestProcessCoerceUsertype2_t" time="0.000104904174804688" />
  </testsuite>
  <testsuite name="spec_perl_TestDebugArrayUserEofException_t" errors="0" failures="0" skipped="0" tests="9" time="0.0546581745147705">
    <system-out>1..9
ok 1 - threw /^Requested \d+ bytes, but only \d+ bytes available/
ok 2 - Equals
ok 3 - Equals
ok 4 - Equals
ok 5 - Equals
ok 6 - Equals
ok 7 - Equals
ok 8 - Equals
ok 9 - Equals
</system-out>
    <testcase name="threw /^Requested \d+ bytes, but only \d+ bytes available/ (415)" classname="spec_perl_TestDebugArrayUserEofException_t" time="0.00014495849609375" />
    <testcase name="Equals (416)" classname="spec_perl_TestDebugArrayUserEofException_t" time="5.50746917724609e-05" />
    <testcase name="Equals (417)" classname="spec_perl_TestDebugArrayUserEofException_t" time="4.38690185546875e-05" />
    <testcase name="Equals (418)" classname="spec_perl_TestDebugArrayUserEofException_t" time="0.000127077102661133" />
    <testcase name="Equals (419)" classname="spec_perl_TestDebugArrayUserEofException_t" time="0.000108957290649414" />
    <testcase name="Equals (420)" classname="spec_perl_TestDebugArrayUserEofException_t" time="0.000108003616333008" />
[...]
    <testcase name="Equals (997)" classname="spec_perl_TestInstanceStdArray_t" time="0.000116109848022461" />
    <testcase name="Equals (998)" classname="spec_perl_TestInstanceStdArray_t" time="8.79764556884766e-05" />
    <testcase name="Equals (999)" classname="spec_perl_TestInstanceStdArray_t" time="9.20295715332031e-05" />
    <testcase name="Equals (1000)" classname="spec_perl_TestInstanceStdArray_t" time="9.29832458496094e-05" />
  </testsuite>
  <testsuite name="spec_perl_TestIntegersMinMax_t" errors="0" failures="0" skipped="0" tests="28" time="0.0570929050445557">
    <system-out>1..28
ok 1 - Equals
ok 2 - Equals
ok 3 - Equals
ok 4 - Equals
ok 5 - Equals
ok 6 - Equals
ok 7 - Equals
ok 8 - Equals
ok 9 - Equals
ok 10 - Equals
ok 11 - Equals
ok 12 - Equals
ok 13 - Equals
ok 14 - Equals
ok 15 - Equals
ok 16 - Equals
ok 17 - Equals
ok 18 - Equals
ok 19 - Equals
ok 20 - Equals
ok 21 - Equals
ok 22 - Equals
ok 23 - Equals
ok 24 - Equals
ok 25 - Equals
ok 26 - Equals
ok 27 - Equals
ok 28 - Equals
</system-out>
    <testcase name="Equals (1001)" classname="spec_perl_TestIntegersMinMax_t" time="0.000282049179077148" />
    <testcase name="Equals (1002)" classname="spec_perl_TestIntegersMinMax_t" time="0.000129938125610352" />
    <testcase name="Equals (1003)" classname="spec_perl_TestIntegersMinMax_t" time="0.000164985656738281" />
    <testcase name="Equals (1004)" classname="spec_perl_TestIntegersMinMax_t" time="0.00014805793762207" />
    <testcase name="Equals (1005)" classname="spec_perl_TestIntegersMinMax_t" time="0.000149965286254883" />
    <testcase name="Equals (1006)" classname="spec_perl_TestIntegersMinMax_t" time="0.000159025192260742" />
    <testcase name="Equals (1007)" classname="spec_perl_TestIntegersMinMax_t" time="0.000149965286254883" />
    <testcase name="Equals (1008)" classname="spec_perl_TestIntegersMinMax_t" time="0.000189065933227539" />
    <testcase name="Equals (1009)" classname="spec_perl_TestIntegersMinMax_t" time="0.000156879425048828" />
    <testcase name="Equals (1010)" classname="spec_perl_TestIntegersMinMax_t" time="0.000158071517944336" />
    <testcase name="Equals (1011)" classname="spec_perl_TestIntegersMinMax_t" time="0.000151157379150391" />
    <testcase name="Equals (1012)" classname="spec_perl_TestIntegersMinMax_t" time="0.000147819519042969" />
    <testcase name="Equals (1013)" classname="spec_perl_TestIntegersMinMax_t" time="0.000154972076416016" />
    <testcase name="Equals (1014)" classname="spec_perl_TestIntegersMinMax_t" time="0.000169038772583008" />
    <testcase name="Equals (1015)" classname="spec_perl_TestIntegersMinMax_t" time="0.000154972076416016" />
    <testcase name="Equals (1016)" classname="spec_perl_TestIntegersMinMax_t" time="0.000164985656738281" />
    <testcase name="Equals (1017)" classname="spec_perl_TestIntegersMinMax_t" time="0.000145196914672852" />
    <testcase name="Equals (1018)" classname="spec_perl_TestIntegersMinMax_t" time="0.000154972076416016" />
    <testcase name="Equals (1019)" classname="spec_perl_TestIntegersMinMax_t" time="0.000145912170410156" />
    <testcase name="Equals (1020)" classname="spec_perl_TestIntegersMinMax_t" time="0.00014495849609375" />
    <testcase name="Equals (1021)" classname="spec_perl_TestIntegersMinMax_t" time="0.000174999237060547" />
    <testcase name="Equals (1022)" classname="spec_perl_TestIntegersMinMax_t" time="0.000167131423950195" />
    <testcase name="Equals (1023)" classname="spec_perl_TestIntegersMinMax_t" time="0.000146865844726562" />
    <testcase name="Equals (1024)" classname="spec_perl_TestIntegersMinMax_t" time="0.000154018402099609" />
    <testcase name="Equals (1025)" classname="spec_perl_TestIntegersMinMax_t" time="0.000149965286254883" />
    <testcase name="Equals (1026)" classname="spec_perl_TestIntegersMinMax_t" time="0.000149011611938477" />
    <testcase name="Equals (1027)" classname="spec_perl_TestIntegersMinMax_t" time="0.000164031982421875" />
    <testcase name="Equals (1028)" classname="spec_perl_TestIntegersMinMax_t" time="0.000150918960571289" />
  </testsuite>
  <testsuite name="spec_perl_TestCombineEnum_t" errors="0" failures="0" skipped="0" tests="3" time="0.0521919727325439">
    <system-out>1..3
ok 1 - Equals
ok 2 - Equals
ok 3 - Equals
</system-out>
    <testcase name="Equals (1029)" classname="spec_perl_TestCombineEnum_t" time="0.000146865844726562" />
    <testcase name="Equals (1030)" classname="spec_perl_TestCombineEnum_t" time="5.60283660888672e-05" />
    <testcase name="Equals (1031)" classname="spec_perl_TestCombineEnum_t" time="7.20024108886719e-05" />
  </testsuite>
  <testsuite name="spec_perl_TestBcdUserTypeBe_t" errors="0" failures="0" skipped="0" tests="6" time="0.0568039417266846">
    <system-out>1..6
ok 1 - Equals
ok 2 - Equals
ok 3 - Equals
ok 4 - Equals
ok 5 - Equals
ok 6 - Equals
</system-out>
    <testcase name="Equals (1032)" classname="spec_perl_TestBcdUserTypeBe_t" time="0.000491142272949219" />
    <testcase name="Equals (1033)" classname="spec_perl_TestBcdUserTypeBe_t" time="9.08374786376953e-05" />
    <testcase name="Equals (1034)" classname="spec_perl_TestBcdUserTypeBe_t" time="0.00011897087097168" />
    <testcase name="Equals (1035)" classname="spec_perl_TestBcdUserTypeBe_t" time="0.000102043151855469" />
    <testcase name="Equals (1036)" classname="spec_perl_TestBcdUserTypeBe_t" time="9.60826873779297e-05" />
    <testcase name="Equals (1037)" classname="spec_perl_TestBcdUserTypeBe_t" time="9.98973846435547e-05" />
  </testsuite>
  <testsuite name="spec_perl_TestNavParentFalse2_t" errors="0" failures="0" skipped="0" tests="1" time="0.0529398918151855">
    <system-out>1..1
ok 1 - Equals
</system-out>
    <testcase name="Equals (1038)" classname="spec_perl_TestNavParentFalse2_t" time="0.000159978866577148" />
  </testsuite>
  <testsuite name="spec_perl_TestParamsPassArrayStruct_t" errors="0" failures="1" skipped="2" tests="3" time="0.0538179874420166">
    <system-out>1..3
not ok 1 - test_params_pass_array_struct died (Can't use an undefined value as an ARRAY reference at spec/perl/TestParamsPassArrayStruct.t line 14.)
ok 2 # skip test_params_pass_array_struct died
ok 3 # skip test_params_pass_array_struct died
</system-out>
    <testcase name="test_params_pass_array_struct died (Can't use an undefined value as an ARRAY reference at spec/perl/TestParamsPassArrayStruct.t line 14.) (1038)" classname="spec_perl_TestParamsPassArrayStruct_t" time="0.000262975692749023">
      <failure message="not ok 1 - test_params_pass_array_struct died (Can't use an undefined value as an ARRAY reference at spec/perl/TestParamsPassArrayStruct.t line 14.)" type="TAP::Parser::Result::Test"></failure>
    </testcase>
    <testcase name="Unnamed test case 1038" classname="spec_perl_TestParamsPassArrayStruct_t" time="0.000627040863037109">
      <skipped message="ok 2 # skip test_params_pass_array_struct died" />
    </testcase>
    <testcase name="Unnamed test case 1039" classname="spec_perl_TestParamsPassArrayStruct_t" time="7.70092010498047e-05">
      <skipped message="ok 3 # skip test_params_pass_array_struct died" />
    </testcase>
  </testsuite>
  <testsuite name="spec_perl_TestIndexToParamUntil_t" errors="0" failures="2" skipped="0" tests="7" time="0.0595860481262207">
    <system-out>1..7
ok 1 - Equals
ok 2 - Equals
ok 3 - Equals
ok 4 - Equals
ok 5 - Equals
not ok 6 - Equals
not ok 7 - Equals
</system-out>
    <testcase name="Equals (1039)" classname="spec_perl_TestIndexToParamUntil_t" time="0.000581979751586914" />
    <testcase name="Equals (1040)" classname="spec_perl_TestIndexToParamUntil_t" time="9.10758972167969e-05" />
    <testcase name="Equals (1041)" classname="spec_perl_TestIndexToParamUntil_t" time="0.000173091888427734" />
    <testcase name="Equals (1042)" classname="spec_perl_TestIndexToParamUntil_t" time="0.000156879425048828" />
    <testcase name="Equals (1043)" classname="spec_perl_TestIndexToParamUntil_t" time="0.000216960906982422" />
    <testcase name="Equals (1044)" classname="spec_perl_TestIndexToParamUntil_t" time="0.000220060348510742">
      <failure message="not ok 6 - Equals" type="TAP::Parser::Result::Test"></failure>
    </testcase>
    <testcase name="Equals (1045)" classname="spec_perl_TestIndexToParamUntil_t" time="0.000705957412719727">
      <failure message="not ok 7 - Equals" type="TAP::Parser::Result::Test"></failure>
    </testcase>
  </testsuite>
  <testsuite name="spec_perl_TestExprFstring0_t" errors="0" failures="0" skipped="0" tests="9" time="0.0570571422576904">
    <system-out>1..9
ok 1 - Equals
ok 2 - Equals
ok 3 - Equals
ok 4 - Equals
ok 5 - Equals
ok 6 - Equals
ok 7 - Equals
ok 8 - Equals
ok 9 - Equals
</system-out>
    <testcase name="Equals (1046)" classname="spec_perl_TestExprFstring0_t" time="0.000190973281860352" />
    <testcase name="Equals (1047)" classname="spec_perl_TestExprFstring0_t" time="6.00814819335938e-05" />
    <testcase name="Equals (1048)" classname="spec_perl_TestExprFstring0_t" time="0.000117063522338867" />
    <testcase name="Equals (1049)" classname="spec_perl_TestExprFstring0_t" time="9.48905944824219e-05" />
    <testcase name="Equals (1050)" classname="spec_perl_TestExprFstring0_t" time="9.51290130615234e-05" />
    <testcase name="Equals (1051)" classname="spec_perl_TestExprFstring0_t" time="9.48905944824219e-05" />
    <testcase name="Equals (1052)" classname="spec_perl_TestExprFstring0_t" time="0.000102996826171875" />
    <testcase name="Equals (1053)" classname="spec_perl_TestExprFstring0_t" time="0.000115156173706055" />
    <testcase name="Equals (1054)" classname="spec_perl_TestExprFstring0_t" time="0.000122785568237305" />
  </testsuite>
  <testsuite name="spec_perl_TestValidEqStrEncodings_t" errors="0" failures="0" skipped="1" tests="1" time="0.0601630210876465">
    <system-out>1..1
ok 1 # skip ValidEqStrEncodings=HASH(0x55763b1cb468)
</system-out>
    <testcase name="Unnamed test case 1054" classname="spec_perl_TestValidEqStrEncodings_t" time="0.00404191017150879">
      <skipped message="ok 1 # skip ValidEqStrEncodings=HASH(0x55763b1cb468)" />
    </testcase>
  </testsuite>
  <testsuite name="spec_perl_TestSwitchMultiBoolOps_t" errors="0" failures="0" skipped="0" tests="9" time="0.0533220767974854">
    <system-out>1..9
ok 1 - Equals
ok 2 - Equals
ok 3 - Equals
ok 4 - Equals
ok 5 - Equals
ok 6 - Equals
ok 7 - Equals
ok 8 - Equals
ok 9 - Equals
</system-out>
    <testcase name="Equals (1055)" classname="spec_perl_TestSwitchMultiBoolOps_t" time="0.000143051147460938" />
    <testcase name="Equals (1056)" classname="spec_perl_TestSwitchMultiBoolOps_t" time="5.88893890380859e-05" />
    <testcase name="Equals (1057)" classname="spec_perl_TestSwitchMultiBoolOps_t" time="0.000108003616333008" />
    <testcase name="Equals (1058)" classname="spec_perl_TestSwitchMultiBoolOps_t" time="0.000120878219604492" />
    <testcase name="Equals (1059)" classname="spec_perl_TestSwitchMultiBoolOps_t" time="9.01222229003906e-05" />
    <testcase name="Equals (1060)" classname="spec_perl_TestSwitchMultiBoolOps_t" time="8.98838043212891e-05" />
    <testcase name="Equals (1061)" classname="spec_perl_TestSwitchMultiBoolOps_t" time="8.60691070556641e-05" />
    <testcase name="Equals (1062)" classname="spec_perl_TestSwitchMultiBoolOps_t" time="8.89301300048828e-05" />
    <testcase name="Equals (1063)" classname="spec_perl_TestSwitchMultiBoolOps_t" time="8.82148742675781e-05" />
  </testsuite>
  <testsuite name="spec_perl_TestExprBytesNonLiteral_t" errors="0" failures="0" skipped="0" tests="3" time="0.0519640445709229">
    <system-out>1..3
ok 1 - Equals
ok 2 - Equals
ok 3 - Equals
</system-out>
    <testcase name="Equals (1064)" classname="spec_perl_TestExprBytesNonLiteral_t" time="0.000164985656738281" />
    <testcase name="Equals (1065)" classname="spec_perl_TestExprBytesNonLiteral_t" time="7.60555267333984e-05" />
    <testcase name="Equals (1066)" classname="spec_perl_TestExprBytesNonLiteral_t" time="0.000103950500488281" />
  </testsuite>
  <testsuite name="spec_perl_TestStrLiteralsLatin1_t" errors="0" failures="0" skipped="0" tests="1" time="0.0557651519775391">
    <system-out>1..1
ok 1 - Equals
</system-out>
    <testcase name="Equals (1067)" classname="spec_perl_TestStrLiteralsLatin1_t" time="0.000163078308105469" />
  </testsuite>
  <testsuite name="spec_perl_TestProcessXor4Const_t" errors="0" failures="0" skipped="0" tests="2" time="0.0523509979248047">
    <system-out>1..2
ok 1 - Equals
ok 2 - Equals
</system-out>
    <testcase name="Equals (1068)" classname="spec_perl_TestProcessXor4Const_t" time="0.000133037567138672" />
    <testcase name="Equals (1069)" classname="spec_perl_TestProcessXor4Const_t" time="5.69820404052734e-05" />
  </testsuite>
  <testsuite name="spec_perl_TestEnumLongRangeS_t" errors="0" failures="0" skipped="0" tests="7" time="0.053178071975708">
    <system-out>1..7
ok 1 - Equals
ok 2 - Equals
ok 3 - Equals
ok 4 - Equals
ok 5 - Equals
ok 6 - Equals
ok 7 - Equals
</system-out>
    <testcase name="Equals (1070)" classname="spec_perl_TestEnumLongRangeS_t" time="0.000139951705932617" />
    <testcase name="Equals (1071)" classname="spec_perl_TestEnumLongRangeS_t" time="4.88758087158203e-05" />
    <testcase name="Equals (1072)" classname="spec_perl_TestEnumLongRangeS_t" time="3.69548797607422e-05" />
    <testcase name="Equals (1073)" classname="spec_perl_TestEnumLongRangeS_t" time="0.000107049942016602" />
    <testcase name="Equals (1074)" classname="spec_perl_TestEnumLongRangeS_t" time="9.20295715332031e-05" />
    <testcase name="Equals (1075)" classname="spec_perl_TestEnumLongRangeS_t" time="8.70227813720703e-05" />
    <testcase name="Equals (1076)" classname="spec_perl_TestEnumLongRangeS_t" time="0.000114917755126953" />
  </testsuite>
  <testsuite name="spec_perl_TestBufferedStruct_t" errors="0" failures="0" skipped="0" tests="7" time="0.0536901950836182">
    <system-out>1..7
ok 1 - Equals
ok 2 - Equals
ok 3 - Equals
ok 4 - Equals
ok 5 - Equals
ok 6 - Equals
ok 7 - Equals
</system-out>
    <testcase name="Equals (1077)" classname="spec_perl_TestBufferedStruct_t" time="0.000463962554931641" />
    <testcase name="Equals (1078)" classname="spec_perl_TestBufferedStruct_t" time="8.70227813720703e-05" />
    <testcase name="Equals (1079)" classname="spec_perl_TestBufferedStruct_t" time="9.79900360107422e-05" />
    <testcase name="Equals (1080)" classname="spec_perl_TestBufferedStruct_t" time="9.39369201660156e-05" />
    <testcase name="Equals (1081)" classname="spec_perl_TestBufferedStruct_t" time="9.39369201660156e-05" />
    <testcase name="Equals (1082)" classname="spec_perl_TestBufferedStruct_t" time="0.000124216079711914" />
    <testcase name="Equals (1083)" classname="spec_perl_TestBufferedStruct_t" time="9.89437103271484e-05" />
  </testsuite>
  <testsuite name="spec_perl_TestIntegers_t" errors="0" failures="0" skipped="0" tests="20" time="0.0549860000610352">
    <system-out>1..20
ok 1 - Equals
ok 2 - Equals
ok 3 - Equals
ok 4 - Equals
ok 5 - Equals
ok 6 - Equals
ok 7 - Equals
ok 8 - Equals
ok 9 - Equals
ok 10 - Equals
ok 11 - Equals
ok 12 - Equals
ok 13 - Equals
ok 14 - Equals
ok 15 - Equals
ok 16 - Equals
ok 17 - Equals
ok 18 - Equals
ok 19 - Equals
ok 20 - Equals
</system-out>
    <testcase name="Equals (1084)" classname="spec_perl_TestIntegers_t" time="0.000221967697143555" />
    <testcase name="Equals (1085)" classname="spec_perl_TestIntegers_t" time="6.50882720947266e-05" />
    <testcase name="Equals (1086)" classname="spec_perl_TestIntegers_t" time="9.70363616943359e-05" />
    <testcase name="Equals (1087)" classname="spec_perl_TestIntegers_t" time="9.67979431152344e-05" />
    <testcase name="Equals (1088)" classname="spec_perl_TestIntegers_t" time="9.41753387451172e-05" />
    <testcase name="Equals (1089)" classname="spec_perl_TestIntegers_t" time="9.39369201660156e-05" />
    <testcase name="Equals (1090)" classname="spec_perl_TestIntegers_t" time="0.000104904174804688" />
    <testcase name="Equals (1091)" classname="spec_perl_TestIntegers_t" time="9.20295715332031e-05" />
    <testcase name="Equals (1092)" classname="spec_perl_TestIntegers_t" time="8.70227813720703e-05" />
    <testcase name="Equals (1093)" classname="spec_perl_TestIntegers_t" time="8.29696655273438e-05" />
    <testcase name="Equals (1094)" classname="spec_perl_TestIntegers_t" time="0.000123977661132812" />
    <testcase name="Equals (1095)" classname="spec_perl_TestIntegers_t" time="9.60826873779297e-05" />
    <testcase name="Equals (1096)" classname="spec_perl_TestIntegers_t" time="8.79764556884766e-05" />
    <testcase name="Equals (1097)" classname="spec_perl_TestIntegers_t" time="9.51290130615234e-05" />
    <testcase name="Equals (1098)" classname="spec_perl_TestIntegers_t" time="9.89437103271484e-05" />
    <testcase name="Equals (1099)" classname="spec_perl_TestIntegers_t" time="9.89437103271484e-05" />
    <testcase name="Equals (1100)" classname="spec_perl_TestIntegers_t" time="8.89301300048828e-05" />
    <testcase name="Equals (1101)" classname="spec_perl_TestIntegers_t" time="9.20295715332031e-05" />
    <testcase name="Equals (1102)" classname="spec_perl_TestIntegers_t" time="9.39369201660156e-05" />
    <testcase name="Equals (1103)" classname="spec_perl_TestIntegers_t" time="8.91685485839844e-05" />
  </testsuite>
  <testsuite name="spec_perl_TestSwitchManualInt_t" errors="0" failures="0" skipped="0" tests="9" time="0.0577409267425537">
    <system-out>1..9
ok 1 - Equals
ok 2 - Equals
ok 3 - Equals
ok 4 - Equals
ok 5 - Equals
ok 6 - Equals
ok 7 - Equals
ok 8 - Equals
ok 9 - Equals
</system-out>
    <testcase name="Equals (1104)" classname="spec_perl_TestSwitchManualInt_t" time="0.000201940536499023" />
    <testcase name="Equals (1105)" classname="spec_perl_TestSwitchManualInt_t" time="7.51018524169922e-05" />
    <testcase name="Equals (1106)" classname="spec_perl_TestSwitchManualInt_t" time="9.98973846435547e-05" />
    <testcase name="Equals (1107)" classname="spec_perl_TestSwitchManualInt_t" time="0.000101089477539062" />
    <testcase name="Equals (1108)" classname="spec_perl_TestSwitchManualInt_t" time="8.98838043212891e-05" />
    <testcase name="Equals (1109)" classname="spec_perl_TestSwitchManualInt_t" time="9.51290130615234e-05" />
    <testcase name="Equals (1110)" classname="spec_perl_TestSwitchManualInt_t" time="9.20295715332031e-05" />
    <testcase name="Equals (1111)" classname="spec_perl_TestSwitchManualInt_t" time="8.79764556884766e-05" />
    <testcase name="Equals (1112)" classname="spec_perl_TestSwitchManualInt_t" time="0.000117063522338867" />
  </testsuite>
  <testsuite name="spec_perl_TestHelloWorld_t" errors="0" failures="0" skipped="0" tests="1" time="0.0516409873962402">
    <system-out>1..1
ok 1 - Equals
</system-out>
    <testcase name="Equals (1113)" classname="spec_perl_TestHelloWorld_t" time="0.000129938125610352" />
  </testsuite>
  <testsuite name="spec_perl_TestTsPacketHeader_t" errors="0" failures="0" skipped="0" tests="7" time="0.0530130863189697">
    <system-out>1..7
ok 1 - Equals
ok 2 - Equals
ok 3 - Equals
ok 4 - Equals
ok 5 - Equals
ok 6 - Equals
ok 7 - Equals
</system-out>
    <testcase name="Equals (1114)" classname="spec_perl_TestTsPacketHeader_t" time="0.000194072723388672" />
    <testcase name="Equals (1115)" classname="spec_perl_TestTsPacketHeader_t" time="5.79357147216797e-05" />
    <testcase name="Equals (1116)" classname="spec_perl_TestTsPacketHeader_t" time="4.50611114501953e-05" />
    <testcase name="Equals (1117)" classname="spec_perl_TestTsPacketHeader_t" time="4.69684600830078e-05" />
    <testcase name="Equals (1118)" classname="spec_perl_TestTsPacketHeader_t" time="0.000104904174804688" />
    <testcase name="Equals (1119)" classname="spec_perl_TestTsPacketHeader_t" time="9.60826873779297e-05" />
    <testcase name="Equals (1120)" classname="spec_perl_TestTsPacketHeader_t" time="8.89301300048828e-05" />
  </testsuite>
</testsuites>
