<?xml version='1.0' encoding='utf-8'?>
<testsuites>
  <testsuite name="spec_perl_TestExprSizeofType1_t" errors="0" failures="0" skipped="0" tests="2" time="0.0720999240875244">
    <system-out>1..2
ok 1 - Equals
ok 2 - Equals
</system-out>
    <testcase name="Equals" classname="spec_perl_TestExprSizeofType1_t" time="0.000203132629394531" />
    <testcase name="Equals (2)" classname="spec_perl_TestExprSizeofType1_t" time="0.000117063522338867" />
  </testsuite>
  <testsuite name="spec_perl_TestIndexSizes_t" errors="0" failures="0" skipped="0" tests="7" time="0.0769329071044922">
    <system-out>1..7
ok 1 - Equals
ok 2 - Equals
ok 3 - Equals
ok 4 - Equals
ok 5 - Equals
ok 6 - Equals
ok 7 - Equals
</system-out>
    <testcase name="Equals (3)" classname="spec_perl_TestIndexSizes_t" time="0.000242948532104492" />
    <testcase name="Equals (4)" classname="spec_perl_TestIndexSizes_t" time="8.10623168945312e-05" />
    <testcase name="Equals (5)" classname="spec_perl_TestIndexSizes_t" time="8.392333984375e-05" />
    <testcase name="Equals (6)" classname="spec_perl_TestIndexSizes_t" time="5.79357147216797e-05" />
    <testcase name="Equals (7)" classname="spec_perl_TestIndexSizes_t" time="5.69820404052734e-05" />
    <testcase name="Equals (8)" classname="spec_perl_TestIndexSizes_t" time="7.10487365722656e-05" />
    <testcase name="Equals (9)" classname="spec_perl_TestIndexSizes_t" time="6.79492950439453e-05" />
  </testsuite>
  <testsuite name="spec_perl_TestEnumToIClassBorder1_t" errors="0" failures="1" skipped="0" tests="3" time="0.0688190460205078">
    <system-out>1..3
ok 1 - Equals
ok 2 - Equals
not ok 3 - test_enum_to_i_class_border_1 died (Can't call method &quot;some_dog&quot; on an undefined value at compiled/perl/EnumToIClassBorder2.pm line 42.)
</system-out>
    <testcase name="Equals (10)" classname="spec_perl_TestEnumToIClassBorder1_t" time="0.000213146209716797" />
    <testcase name="Equals (11)" classname="spec_perl_TestEnumToIClassBorder1_t" time="9.39369201660156e-05" />
    <testcase name="test_enum_to_i_class_border_1 died (Can't call method &quot;some_dog&quot; on an undefined value at compiled/perl/EnumToIClassBorder2.pm line 42.) (11)" classname="spec_perl_TestEnumToIClassBorder1_t" time="0.000179052352905273">
      <failure message="not ok 3 - test_enum_to_i_class_border_1 died (Can't call method &quot;some_dog&quot; on an undefined value at compiled/perl/EnumToIClassBorder2.pm line 42.)" type="TAP::Parser::Result::Test"></failure>
    </testcase>
  </testsuite>
  <testsuite name="spec_perl_TestDefaultEndianMod_t" errors="0" failures="0" skipped="0" tests="3" time="0.0713391304016113">
    <system-out>1..3
ok 1 - Equals
ok 2 - Equals
ok 3 - Equals
</system-out>
    <testcase name="Equals (12)" classname="spec_perl_TestDefaultEndianMod_t" time="0.000220060348510742" />
    <testcase name="Equals (13)" classname="spec_perl_TestDefaultEndianMod_t" time="9.29832458496094e-05" />
    <testcase name="Equals (14)" classname="spec_perl_TestDefaultEndianMod_t" time="7.48634338378906e-05" />
  </testsuite>
  <testsuite name="spec_perl_TestEnumLongRangeU_t" errors="0" failures="0" skipped="0" tests="4" time="0.0721039772033691">
    <system-out>1..4
ok 1 - Equals
ok 2 - Equals
ok 3 - Equals
ok 4 - Equals
</system-out>
    <testcase name="Equals (15)" classname="spec_perl_TestEnumLongRangeU_t" time="0.000219821929931641" />
    <testcase name="Equals (16)" classname="spec_perl_TestEnumLongRangeU_t" time="9.918212890625e-05" />
    <testcase name="Equals (17)" classname="spec_perl_TestEnumLongRangeU_t" time="6.19888305664062e-05" />
    <testcase name="Equals (18)" classname="spec_perl_TestEnumLongRangeU_t" time="7.58171081542969e-05" />
  </testsuite>
  <testsuite name="spec_perl_TestExprSizeofType0_t" errors="0" failures="0" skipped="0" tests="1" time="0.0713860988616943">
    <system-out>1..1
ok 1 - Equals
</system-out>
    <testcase name="Equals (19)" classname="spec_perl_TestExprSizeofType0_t" time="0.000224828720092773" />
  </testsuite>
  <testsuite name="spec_perl_TestParamsEnum_t" errors="0" failures="1" skipped="0" tests="2" time="0.0700452327728271">
    <system-out>1..2
ok 1 - Equals
not ok 2 - Equals
</system-out>
    <testcase name="Equals (20)" classname="spec_perl_TestParamsEnum_t" time="0.000214815139770508" />
    <testcase name="Equals (21)" classname="spec_perl_TestParamsEnum_t" time="0.000104188919067383">
      <failure message="not ok 2 - Equals" type="TAP::Parser::Result::Test"></failure>
    </testcase>
  </testsuite>
  <testsuite name="spec_perl_TestIndexToParamEos_t" errors="0" failures="2" skipped="0" tests="7" time="0.0787827968597412">
    <system-out>1..7
ok 1 - Equals
ok 2 - Equals
ok 3 - Equals
ok 4 - Equals
ok 5 - Equals
not ok 6 - Equals
not ok 7 - Equals
</system-out>
    <testcase name="Equals (22)" classname="spec_perl_TestIndexToParamEos_t" time="0.000271081924438477" />
    <testcase name="Equals (23)" classname="spec_perl_TestIndexToParamEos_t" time="0.000138044357299805" />
    <testcase name="Equals (24)" classname="spec_perl_TestIndexToParamEos_t" time="7.70092010498047e-05" />
    <testcase name="Equals (25)" classname="spec_perl_TestIndexToParamEos_t" time="6.07967376708984e-05" />
    <testcase name="Equals (26)" classname="spec_perl_TestIndexToParamEos_t" time="5.50746917724609e-05" />
    <testcase name="Equals (27)" classname="spec_perl_TestIndexToParamEos_t" time="8.10623168945312e-05">
      <failure message="not ok 6 - Equals" type="TAP::Parser::Result::Test"></failure>
    </testcase>
    <testcase name="Equals (28)" classname="spec_perl_TestIndexToParamEos_t" time="8.70227813720703e-05">
      <failure message="not ok 7 - Equals" type="TAP::Parser::Result::Test"></failure>
    </testcase>
  </testsuite>
  <testsuite name="spec_perl_TestEnum1_t" errors="0" failures="0" skipped="0" tests="2" time="0.0686438083648682">
    <system-out>1..2
ok 1 - Equals
ok 2 - Equals
</system-out>
    <testcase name="Equals (29)" classname="spec_perl_TestEnum1_t" time="0.000253915786743164" />
    <testcase name="Equals (30)" classname="spec_perl_TestEnum1_t" time="7.91549682617188e-05" />
  </testsuite>
  <testsuite name="spec_perl_TestDefaultBigEndian_t" errors="0" failures="0" skipped="0" tests="1" time="0.06575608253479">
    <system-out>1..1
ok 1 - Equals
</system-out>
    <testcase name="Equals (31)" classname="spec_perl_TestDefaultBigEndian_t" time="0.000200033187866211" />
  </testsuite>
  <testsuite name="spec_perl_TestNestedSameName_t" errors="0" failures="0" skipped="0" tests="2" time="0.0699939727783203">
    <system-out>1..2
ok 1 - Equals
ok 2 - Equals
</system-out>
    <testcase name="Equals (32)" classname="spec_perl_TestNestedSameName_t" time="0.000206947326660156" />
    <testcase name="Equals (33)" classname="spec_perl_TestNestedSameName_t" time="0.000100851058959961" />
  </testsuite>
  <testsuite name="spec_perl_TestFloatToI_t" errors="0" failures="0" skipped="0" tests="8" time="0.0717120170593262">
    <system-out>1..8
ok 1 - Approx equals
ok 2 - Approx equals
ok 3 - Equals
ok 4 - Equals
ok 5 - Equals
ok 6 - Equals
ok 7 - Equals
ok 8 - Equals
</system-out>
    <testcase name="Approx equals (33)" classname="spec_perl_TestFloatToI_t" time="0.000219821929931641" />
    <testcase name="Approx equals (34)" classname="spec_perl_TestFloatToI_t" time="7.51018524169922e-05" />
    <testcase name="Equals (34)" classname="spec_perl_TestFloatToI_t" time="6.00814819335938e-05" />
    <testcase name="Equals (35)" classname="spec_perl_TestFloatToI_t" time="7.98702239990234e-05" />
    <testcase name="Equals (36)" classname="spec_perl_TestFloatToI_t" time="5.50746917724609e-05" />
    <testcase name="Equals (37)" classname="spec_perl_TestFloatToI_t" time="6.19888305664062e-05" />
    <testcase name="Equals (38)" classname="spec_perl_TestFloatToI_t" time="7.20024108886719e-05" />
    <testcase name="Equals (39)" classname="spec_perl_TestFloatToI_t" time="6.89029693603516e-05" />
  </testsuite>
  <testsuite name="spec_perl_TestEofExceptionU4_t" errors="0" failures="0" skipped="0" tests="1" time="0.0769860744476318">
    <system-out>1..1
ok 1 - threw /^Requested \d+ bytes, but only \d+ bytes available/
</system-out>
    <testcase name="threw /^Requested \d+ bytes, but only \d+ bytes available/ (39)" classname="spec_perl_TestEofExceptionU4_t" time="0.00022578239440918" />
  </testsuite>
  <testsuite name="spec_perl_TestBitsUnalignedB64Le_t" errors="0" failures="0" skipped="0" tests="3" time="0.0706710815429688">
    <system-out>1..3
ok 1 - Equals
ok 2 - Equals
ok 3 - Equals
</system-out>
    <testcase name="Equals (40)" classname="spec_perl_TestBitsUnalignedB64Le_t" time="0.0002288818359375" />
    <testcase name="Equals (41)" classname="spec_perl_TestBitsUnalignedB64Le_t" time="7.31945037841797e-05" />
    <testcase name="Equals (42)" classname="spec_perl_TestBitsUnalignedB64Le_t" time="8.08238983154297e-05" />
  </testsuite>
  <testsuite name="spec_perl_TestNavParentSwitchCast_t" errors="0" failures="0" skipped="0" tests="3" time="0.0695400238037109">
    <system-out>1..3
ok 1 - Equals
ok 2 - Equals
ok 3 - Equals
</system-out>
    <testcase name="Equals (43)" classname="spec_perl_TestNavParentSwitchCast_t" time="0.00047612190246582" />
    <testcase name="Equals (44)" classname="spec_perl_TestNavParentSwitchCast_t" time="0.000110864639282227" />
    <testcase name="Equals (45)" classname="spec_perl_TestNavParentSwitchCast_t" time="7.82012939453125e-05" />
  </testsuite>
  <testsuite name="spec_perl_TestMetaTags_t" errors="0" failures="0" skipped="1" tests="1" time="0.0703887939453125">
    <system-out>1..1
ok 1 # skip MetaTags=HASH(0x55f1cc5b7670)
</system-out>
    <testcase name="Unnamed test case 45" classname="spec_perl_TestMetaTags_t" time="0.00118899345397949">
      <skipped message="ok 1 # skip MetaTags=HASH(0x55f1cc5b7670)" />
    </testcase>
  </testsuite>
  <testsuite name="spec_perl_TestSwitchIntegers2_t" errors="0" failures="0" skipped="0" tests="5" time="0.0687599182128906">
    <system-out>1..5
ok 1 - Equals
ok 2 - Equals
ok 3 - Equals
ok 4 - Equals
ok 5 - Equals
</system-out>
    <testcase name="Equals (46)" classname="spec_perl_TestSwitchIntegers2_t" time="0.000225067138671875" />
    <testcase name="Equals (47)" classname="spec_perl_TestSwitchIntegers2_t" time="7.48634338378906e-05" />
    <testcase name="Equals (48)" classname="spec_perl_TestSwitchIntegers2_t" time="8.51154327392578e-05" />
    <testcase name="Equals (49)" classname="spec_perl_TestSwitchIntegers2_t" time="7.29560852050781e-05" />
    <testcase name="Equals (50)" classname="spec_perl_TestSwitchIntegers2_t" time="7.79628753662109e-05" />
  </testsuite>
  <testsuite name="spec_perl_TestExprSizeofValue0_t" errors="0" failures="0" skipped="0" tests="5" time="0.0723919868469238">
    <system-out>1..5
ok 1 - Equals
ok 2 - Equals
ok 3 - Equals
ok 4 - Equals
ok 5 - Equals
</system-out>
    <testcase name="Equals (51)" classname="spec_perl_TestExprSizeofValue0_t" time="0.000152111053466797" />
    <testcase name="Equals (52)" classname="spec_perl_TestExprSizeofValue0_t" time="5.60283660888672e-05" />
    <testcase name="Equals (53)" classname="spec_perl_TestExprSizeofValue0_t" time="0.000128984451293945" />
    <testcase name="Equals (54)" classname="spec_perl_TestExprSizeofValue0_t" time="0.000115871429443359" />
    <testcase name="Equals (55)" classname="spec_perl_TestExprSizeofValue0_t" time="0.000154972076416016" />
  </testsuite>
  <testsuite name="spec_perl_TestRepeatUntilS4_t" errors="0" failures="0" skipped="0" tests="2" time="0.0744130611419678">
    <system-out>1..2
ok 1 - Equals
ok 2 - Equals
</system-out>
    <testcase name="Equals (56)" classname="spec_perl_TestRepeatUntilS4_t" time="0.000222921371459961" />
    <testcase name="Equals (57)" classname="spec_perl_TestRepeatUntilS4_t" time="7.70092010498047e-05" />
  </testsuite>
  <testsuite name="spec_perl_TestSwitchElseOnly_t" errors="0" failures="0" skipped="0" tests="3" time="0.066896915435791">
    <system-out>1..3
ok 1 - Equals
ok 2 - Equals
ok 3 - Equals
</system-out>
    <testcase name="Equals (58)" classname="spec_perl_TestSwitchElseOnly_t" time="0.000144004821777344" />
    <testcase name="Equals (59)" classname="spec_perl_TestSwitchElseOnly_t" time="9.98973846435547e-05" />
    <testcase name="Equals (60)" classname="spec_perl_TestSwitchElseOnly_t" time="0.000115156173706055" />
  </testsuite>
  <testsuite name="spec_perl_TestMetaXref_t" errors="0" failures="0" skipped="1" tests="1" time="0.069572925567627">
    <system-out>1..1
ok 1 # skip MetaXref=HASH(0x55aa59a907c0)
</system-out>
    <testcase name="Unnamed test case 60" classname="spec_perl_TestMetaXref_t" time="0.0010218620300293">
      <skipped message="ok 1 # skip MetaXref=HASH(0x55aa59a907c0)" />
    </testcase>
  </testsuite>
  <testsuite name="spec_perl_TestSwitchManualEnumInvalid_t" errors="0" failures="0" skipped="0" tests="5" time="0.0695080757141113">
    <system-out>1..5
ok 1 - Equals
ok 2 - Equals
ok 3 - nil
ok 4 - Equals
ok 5 - nil
</system-out>
    <testcase name="Equals (61)" classname="spec_perl_TestSwitchManualEnumInvalid_t" time="0.000223159790039062" />
    <testcase name="Equals (62)" classname="spec_perl_TestSwitchManualEnumInvalid_t" time="9.20295715332031e-05" />
    <testcase name="nil (62)" classname="spec_perl_TestSwitchManualEnumInvalid_t" time="6.07967376708984e-05" />
    <testcase name="Equals (63)" classname="spec_perl_TestSwitchManualEnumInvalid_t" time="7.41481781005859e-05" />
    <testcase name="nil (63)" classname="spec_perl_TestSwitchManualEnumInvalid_t" time="5.48362731933594e-05" />
  </testsuite>
  <testsuite name="spec_perl_TestExpr3_t" errors="0" failures="0" skipped="0" tests="12" time="0.0750138759613037">
    <system-out>1..12
ok 1 - Equals
ok 2 - Equals
ok 3 - Equals
ok 4 - Equals
ok 5 - Equals
ok 6 - Equals
ok 7 - Equals
ok 8 - Equals
ok 9 - Equals
ok 10 - Equals
ok 11 - Equals
ok 12 - Equals
</system-out>
    <testcase name="Equals (64)" classname="spec_perl_TestExpr3_t" time="0.000174045562744141" />
    <testcase name="Equals (65)" classname="spec_perl_TestExpr3_t" time="4.79221343994141e-05" />
    <testcase name="Equals (66)" classname="spec_perl_TestExpr3_t" time="7.41481781005859e-05" />
    <testcase name="Equals (67)" classname="spec_perl_TestExpr3_t" time="0.000103950500488281" />
    <testcase name="Equals (68)" classname="spec_perl_TestExpr3_t" time="0.000118017196655273" />
    <testcase name="Equals (69)" classname="spec_perl_TestExpr3_t" time="0.0001068115234375" />
    <testcase name="Equals (70)" classname="spec_perl_TestExpr3_t" time="0.000109195709228516" />
    <testcase name="Equals (71)" classname="spec_perl_TestExpr3_t" time="0.000100851058959961" />
    <testcase name="Equals (72)" classname="spec_perl_TestExpr3_t" time="0.000108003616333008" />
    <testcase name="Equals (73)" classname="spec_perl_TestExpr3_t" time="0.000102043151855469" />
    <testcase name="Equals (74)" classname="spec_perl_TestExpr3_t" time="0.000102996826171875" />
    <testcase name="Equals (75)" classname="spec_perl_TestExpr3_t" time="0.000100135803222656" />
  </testsuite>
  <testsuite name="spec_perl_TestExprIoEof_t" errors="0" failures="0" skipped="0" tests="4" time="0.0730998516082764">
    <system-out>1..4
ok 1 - Equals
ok 2 - nil
ok 3 - Equals
ok 4 - Equals
</system-out>
    <testcase name="Equals (76)" classname="spec_perl_TestExprIoEof_t" time="0.000607013702392578" />
    <testcase name="nil (76)" classname="spec_perl_TestExprIoEof_t" time="0.000131130218505859" />
    <testcase name="Equals (77)" classname="spec_perl_TestExprIoEof_t" time="6.98566436767578e-05" />
    <testcase name="Equals (78)" classname="spec_perl_TestExprIoEof_t" time="7.60555267333984e-05" />
  </testsuite>
  <testsuite name="spec_perl_TestValidShort_t" errors="0" failures="0" skipped="1" tests="1" time="0.0704488754272461">
    <system-out>1..1
ok 1 # skip ValidShort=HASH(0x558eff7d1ab0)
</system-out>
    <testcase name="Unnamed test case 78" classname="spec_perl_TestValidShort_t" time="0.00105810165405273">
      <skipped message="ok 1 # skip ValidShort=HASH(0x558eff7d1ab0)" />
    </testcase>
  </testsuite>
  <testsuite name="spec_perl_TestExprBytesCmp_t" errors="0" failures="0" skipped="0" tests="10" time="0.0708189010620117">
    <system-out>1..10
ok 1 - Equals
ok 2 - Equals
ok 3 - Equals
ok 4 - Equals
ok 5 - Equals
ok 6 - Equals
ok 7 - Equals
ok 8 - Equals
ok 9 - Equals
ok 10 - Equals
</system-out>
    <testcase name="Equals (79)" classname="spec_perl_TestExprBytesCmp_t" time="0.000225067138671875" />
    <testcase name="Equals (80)" classname="spec_perl_TestExprBytesCmp_t" time="7.89165496826172e-05" />
    <testcase name="Equals (81)" classname="spec_perl_TestExprBytesCmp_t" time="8.29696655273438e-05" />
    <testcase name="Equals (82)" classname="spec_perl_TestExprBytesCmp_t" time="5.69820404052734e-05" />
    <testcase name="Equals (83)" classname="spec_perl_TestExprBytesCmp_t" time="7.29560852050781e-05" />
    <testcase name="Equals (84)" classname="spec_perl_TestExprBytesCmp_t" time="5.7220458984375e-05" />
    <testcase name="Equals (85)" classname="spec_perl_TestExprBytesCmp_t" time="7.29560852050781e-05" />
    <testcase name="Equals (86)" classname="spec_perl_TestExprBytesCmp_t" time="0.000120878219604492" />
    <testcase name="Equals (87)" classname="spec_perl_TestExprBytesCmp_t" time="0.000100135803222656" />
    <testcase name="Equals (88)" classname="spec_perl_TestExprBytesCmp_t" time="0.000120878219604492" />
  </testsuite>
  <testsuite name="spec_perl_TestEnumLongRangeS_t" errors="0" failures="0" skipped="0" tests="7" time="0.0746598243713379">
    <system-out>1..7
ok 1 - Equals
ok 2 - Equals
ok 3 - Equals
ok 4 - Equals
ok 5 - Equals
ok 6 - Equals
ok 7 - Equals
</system-out>
    <testcase name="Equals (89)" classname="spec_perl_TestEnumLongRangeS_t" time="0.000205039978027344" />
    <testcase name="Equals (90)" classname="spec_perl_TestEnumLongRangeS_t" time="6.89029693603516e-05" />
    <testcase name="Equals (91)" classname="spec_perl_TestEnumLongRangeS_t" time="7.70092010498047e-05" />
    <testcase name="Equals (92)" classname="spec_perl_TestEnumLongRangeS_t" time="5.19752502441406e-05" />
    <testcase name="Equals (93)" classname="spec_perl_TestEnumLongRangeS_t" time="0.000341176986694336" />
    <testcase name="Equals (94)" classname="spec_perl_TestEnumLongRangeS_t" time="0.000159025192260742" />
    <testcase name="Equals (95)" classname="spec_perl_TestEnumLongRangeS_t" time="0.000144004821777344" />
  </testsuite>
  <testsuite name="spec_perl_TestEnumInvalid_t" errors="0" failures="0" skipped="0" tests="2" time="0.073530912399292">
    <system-out>1..2
ok 1 - Equals
ok 2 - Equals
</system-out>
    <testcase name="Equals (96)" classname="spec_perl_TestEnumInvalid_t" time="0.000217914581298828" />
    <testcase name="Equals (97)" classname="spec_perl_TestEnumInvalid_t" time="9.79900360107422e-05" />
  </testsuite>
  <testsuite name="spec_perl_TestZlibWithHeader78_t" errors="0" failures="0" skipped="0" tests="1" time="0.101253986358643">
    <system-out>1..1
ok 1 - Equals
</system-out>
    <testcase name="Equals (98)" classname="spec_perl_TestZlibWithHeader78_t" time="0.000229120254516602" />
  </testsuite>
  <testsuite name="spec_perl_TestParamsCallShort_t" errors="0" failures="3" skipped="0" tests="3" time="0.075049877166748">
    <system-out>1..3
not ok 1 - Equals
not ok 2 - Equals
not ok 3 - Equals
</system-out>
    <testcase name="Equals (99)" classname="spec_perl_TestParamsCallShort_t" time="0.000236988067626953">
      <failure message="not ok 1 - Equals" type="TAP::Parser::Result::Test"></failure>
    </testcase>
    <testcase name="Equals (100)" classname="spec_perl_TestParamsCallShort_t" time="0.00252318382263184">
      <failure message="not ok 2 - Equals" type="TAP::Parser::Result::Test"></failure>
    </testcase>
    <testcase name="Equals (101)" classname="spec_perl_TestParamsCallShort_t" time="9.48905944824219e-05">
      <failure message="not ok 3 - Equals" type="TAP::Parser::Result::Test"></failure>
    </testcase>
  </testsuite>
  <testsuite name="spec_perl_TestIntegers_t" errors="0" failures="0" skipped="0" tests="20" time="0.0660049915313721">
    <system-out>1..20
ok 1 - Equals
ok 2 - Equals
ok 3 - Equals
ok 4 - Equals
ok 5 - Equals
ok 6 - Equals
ok 7 - Equals
ok 8 - Equals
ok 9 - Equals
ok 10 - Equals
ok 11 - Equals
ok 12 - Equals
ok 13 - Equals
ok 14 - Equals
ok 15 - Equals
ok 16 - Equals
ok 17 - Equals
ok 18 - Equals
ok 19 - Equals
ok 20 - Equals
</system-out>
    <testcase name="Equals (102)" classname="spec_perl_TestIntegers_t" time="0.000212907791137695" />
    <testcase name="Equals (103)" classname="spec_perl_TestIntegers_t" time="9.39369201660156e-05" />
    <testcase name="Equals (104)" classname="spec_perl_TestIntegers_t" time="8.10623168945312e-05" />
    <testcase name="Equals (105)" classname="spec_perl_TestIntegers_t" time="0.000137090682983398" />
    <testcase name="Equals (106)" classname="spec_perl_TestIntegers_t" time="0.000115871429443359" />
    <testcase name="Equals (107)" classname="spec_perl_TestIntegers_t" time="0.000128030776977539" />
    <testcase name="Equals (108)" classname="spec_perl_TestIntegers_t" time="0.000121116638183594" />
    <testcase name="Equals (109)" classname="spec_perl_TestIntegers_t" time="0.000113964080810547" />
    <testcase name="Equals (110)" classname="spec_perl_TestIntegers_t" time="0.000118017196655273" />
    <testcase name="Equals (111)" classname="spec_perl_TestIntegers_t" time="0.000104904174804688" />
    <testcase name="Equals (112)" classname="spec_perl_TestIntegers_t" time="9.60826873779297e-05" />
    <testcase name="Equals (113)" classname="spec_perl_TestIntegers_t" time="0.000116825103759766" />
    <testcase name="Equals (114)" classname="spec_perl_TestIntegers_t" time="0.000142097473144531" />
    <testcase name="Equals (115)" classname="spec_perl_TestIntegers_t" time="0.000111103057861328" />
    <testcase name="Equals (116)" classname="spec_perl_TestIntegers_t" time="0.000113010406494141" />
    <testcase name="Equals (117)" classname="spec_perl_TestIntegers_t" time="0.000112771987915039" />
    <testcase name="Equals (118)" classname="spec_perl_TestIntegers_t" time="0.000111103057861328" />
    <testcase name="Equals (119)" classname="spec_perl_TestIntegers_t" time="0.00010991096496582" />
    <testcase name="Equals (120)" classname="spec_perl_TestIntegers_t" time="0.000112056732177734" />
    <testcase name="Equals (121)" classname="spec_perl_TestIntegers_t" time="0.000110149383544922" />
  </testsuite>
  <testsuite name="spec_perl_TestCombineBytes_t" errors="0" failures="0" skipped="0" tests="10" time="0.0703020095825195">
    <system-out>1..10
ok 1 - Equals
ok 2 - Equals
ok 3 - Equals
ok 4 - Equals
ok 5 - Equals
ok 6 - Equals
ok 7 - Equals
ok 8 - Equals
ok 9 - Equals
ok 10 - Equals
</system-out>
    <testcase name="Equals (122)" classname="spec_perl_TestCombineBytes_t" time="0.000208139419555664" />
    <testcase name="Equals (123)" classname="spec_perl_TestCombineBytes_t" time="8.392333984375e-05" />
    <testcase name="Equals (124)" classname="spec_perl_TestCombineBytes_t" time="8.20159912109375e-05" />
    <testcase name="Equals (125)" classname="spec_perl_TestCombineBytes_t" time="5.60283660888672e-05" />
    <testcase name="Equals (126)" classname="spec_perl_TestCombineBytes_t" time="7.29560852050781e-05" />
    <testcase name="Equals (127)" classname="spec_perl_TestCombineBytes_t" time="9.39369201660156e-05" />
    <testcase name="Equals (128)" classname="spec_perl_TestCombineBytes_t" time="0.000140190124511719" />
    <testcase name="Equals (129)" classname="spec_perl_TestCombineBytes_t" time="0.000143766403198242" />
    <testcase name="Equals (130)" classname="spec_perl_TestCombineBytes_t" time="0.000111103057861328" />
    <testcase name="Equals (131)" classname="spec_perl_TestCombineBytes_t" time="0.000118017196655273" />
  </testsuite>
  <testsuite name="spec_perl_TestDefaultEndianExprException_t" errors="0" failures="0" skipped="0" tests="1" time="0.0722188949584961">
    <system-out>1..1
ok 1 - threw /^Unable to decide on endianness/
</system-out>
    <testcase name="threw /^Unable to decide on endianness/ (131)" classname="spec_perl_TestDefaultEndianExprException_t" time="0.000195980072021484" />
  </testsuite>
  <testsuite name="spec_perl_TestNavParentFalse2_t" errors="0" failures="0" skipped="0" tests="1" time="0.0650599002838135">
    <system-out>1..1
ok 1 - Equals
</system-out>
    <testcase name="Equals (132)" classname="spec_perl_TestNavParentFalse2_t" time="0.00018000602722168" />
  </testsuite>
  <testsuite name="spec_perl_TestImports0_t" errors="0" failures="0" skipped="0" tests="3" time="0.0705139636993408">
    <system-out>1..3
ok 1 - Equals
ok 2 - Equals
ok 3 - Equals
</system-out>
    <testcase name="Equals (133)" classname="spec_perl_TestImports0_t" time="0.000222206115722656" />
    <testcase name="Equals (134)" classname="spec_perl_TestImports0_t" time="8.08238983154297e-05" />
    <testcase name="Equals (135)" classname="spec_perl_TestImports0_t" time="8.41617584228516e-05" />
  </testsuite>
  <testsuite name="spec_perl_TestNavParentVsValueInst_t" errors="0" failures="0" skipped="0" tests="1" time="0.070343017578125">
    <system-out>1..1
ok 1 - Equals
</system-out>
    <testcase name="Equals (136)" classname="spec_perl_TestNavParentVsValueInst_t" time="0.000254154205322266" />
  </testsuite>
  <testsuite name="spec_perl_TestProcessXor4Const_t" errors="0" failures="0" skipped="0" tests="2" time="0.0659849643707275">
    <system-out>1..2
ok 1 - Equals
ok 2 - Equals
</system-out>
    <testcase name="Equals (137)" classname="spec_perl_TestProcessXor4Const_t" time="0.000215053558349609" />
    <testcase name="Equals (138)" classname="spec_perl_TestProcessXor4Const_t" time="7.41481781005859e-05" />
  </testsuite>
  <testsuite name="spec_perl_TestStrLiterals2_t" errors="0" failures="0" skipped="0" tests="4" time="0.0695009231567383">
    <system-out>1..4
ok 1 - Equals
ok 2 - Equals
ok 3 - Equals
ok 4 - Equals
</system-out>
    <testcase name="Equals (139)" classname="spec_perl_TestStrLiterals2_t" time="0.000225067138671875" />
    <testcase name="Equals (140)" classname="spec_perl_TestStrLiterals2_t" time="7.89165496826172e-05" />
    <testcase name="Equals (141)" classname="spec_perl_TestStrLiterals2_t" time="9.32216644287109e-05" />
    <testcase name="Equals (142)" classname="spec_perl_TestStrLiterals2_t" time="5.69820404052734e-05" />
  </testsuite>
  <testsuite name="spec_perl_TestNestedTypes3_t" errors="0" failures="0" skipped="0" tests="5" time="0.0668349266052246">
    <system-out>1..5
ok 1 - Equals
ok 2 - Equals
ok 3 - Equals
ok 4 - Equals
ok 5 - Equals
</system-out>
    <testcase name="Equals (143)" classname="spec_perl_TestNestedTypes3_t" time="0.000215053558349609" />
    <testcase name="Equals (144)" classname="spec_perl_TestNestedTypes3_t" time="0.000107049942016602" />
    <testcase name="Equals (145)" classname="spec_perl_TestNestedTypes3_t" time="6.29425048828125e-05" />
    <testcase name="Equals (146)" classname="spec_perl_TestNestedTypes3_t" time="7.29560852050781e-05" />
    <testcase name="Equals (147)" classname="spec_perl_TestNestedTypes3_t" time="7.10487365722656e-05" />
  </testsuite>
  <testsuite name="spec_perl_TestIntegersMinMax_t" errors="0" failures="0" skipped="0" tests="28" time="0.0709338188171387">
    <system-out>1..28
ok 1 - Equals
ok 2 - Equals
ok 3 - Equals
ok 4 - Equals
ok 5 - Equals
ok 6 - Equals
ok 7 - Equals
ok 8 - Equals
ok 9 - Equals
ok 10 - Equals
ok 11 - Equals
ok 12 - Equals
ok 13 - Equals
ok 14 - Equals
ok 15 - Equals
ok 16 - Equals
ok 17 - Equals
ok 18 - Equals
ok 19 - Equals
ok 20 - Equals
ok 21 - Equals
ok 22 - Equals
ok 23 - Equals
ok 24 - Equals
ok 25 - Equals
ok 26 - Equals
ok 27 - Equals
ok 28 - Equals
</system-out>
    <testcase name="Equals (148)" classname="spec_perl_TestIntegersMinMax_t" time="0.000223875045776367" />
    <testcase name="Equals (149)" classname="spec_perl_TestIntegersMinMax_t" time="0.000102996826171875" />
    <testcase name="Equals (150)" classname="spec_perl_TestIntegersMinMax_t" time="6.60419464111328e-05" />
    <testcase name="Equals (151)" classname="spec_perl_TestIntegersMinMax_t" time="7.79628753662109e-05" />
    <testcase name="Equals (152)" classname="spec_perl_TestIntegersMinMax_t" time="7.29560852050781e-05" />
    <testcase name="Equals (153)" classname="spec_perl_TestIntegersMinMax_t" time="0.000121116638183594" />
    <testcase name="Equals (154)" classname="spec_perl_TestIntegersMinMax_t" time="0.000100851058959961" />
    <testcase name="Equals (155)" classname="spec_perl_TestIntegersMinMax_t" time="0.000108003616333008" />
    <testcase name="Equals (156)" classname="spec_perl_TestIntegersMinMax_t" time="0.000126123428344727" />
    <testcase name="Equals (157)" classname="spec_perl_TestIntegersMinMax_t" time="9.70363616943359e-05" />
    <testcase name="Equals (158)" classname="spec_perl_TestIntegersMinMax_t" time="0.000149011611938477" />
    <testcase name="Equals (159)" classname="spec_perl_TestIntegersMinMax_t" time="7.29560852050781e-05" />
    <testcase name="Equals (160)" classname="spec_perl_TestIntegersMinMax_t" time="0.000128984451293945" />
    <testcase name="Equals (161)" classname="spec_perl_TestIntegersMinMax_t" time="0.000113964080810547" />
    <testcase name="Equals (162)" classname="spec_perl_TestIntegersMinMax_t" time="0.000107049942016602" />
    <testcase name="Equals (163)" classname="spec_perl_TestIntegersMinMax_t" time="0.000114917755126953" />
    <testcase name="Equals (164)" classname="spec_perl_TestIntegersMinMax_t" time="8.79764556884766e-05" />
    <testcase name="Equals (165)" classname="spec_perl_TestIntegersMinMax_t" time="0.000114202499389648" />
    <testcase name="Equals (166)" classname="spec_perl_TestIntegersMinMax_t" time="0.000119924545288086" />
    <testcase name="Equals (167)" classname="spec_perl_TestIntegersMinMax_t" time="0.000124931335449219" />
    <testcase name="Equals (168)" classname="spec_perl_TestIntegersMinMax_t" time="0.000113964080810547" />
    <testcase name="Equals (169)" classname="spec_perl_TestIntegersMinMax_t" time="0.000117063522338867" />
    <testcase name="Equals (170)" classname="spec_perl_TestIntegersMinMax_t" time="0.000142097473144531" />
    <testcase name="Equals (171)" classname="spec_perl_TestIntegersMinMax_t" time="0.000118017196655273" />
    <testcase name="Equals (172)" classname="spec_perl_TestIntegersMinMax_t" time="0.000102996826171875" />
    <testcase name="Equals (173)" classname="spec_perl_TestIntegersMinMax_t" time="0.000131845474243164" />
    <testcase name="Equals (174)" classname="spec_perl_TestIntegersMinMax_t" time="7.79628753662109e-05" />
    <testcase name="Equals (175)" classname="spec_perl_TestIntegersMinMax_t" time="0.000133991241455078" />
  </testsuite>
  <testsuite name="spec_perl_TestParamsCallExtraParens_t" errors="0" failures="1" skipped="0" tests="1" time="0.0737290382385254">
    <system-out>1..1
not ok 1 - Equals
</system-out>
    <testcase name="Equals (176)" classname="spec_perl_TestParamsCallExtraParens_t" time="0.000258922576904297">
      <failure message="not ok 1 - Equals" type="TAP::Parser::Result::Test"></failure>
    </testcase>
  </testsuite>
  <testsuite name="spec_perl_TestProcessToUser_t" errors="0" failures="0" skipped="0" tests="1" time="0.0700299739837646">
    <system-out>1..1
ok 1 - Equals
</system-out>
    <testcase name="Equals (177)" classname="spec_perl_TestProcessToUser_t" time="0.000459909439086914" />
  </testsuite>
  <testsuite name="spec_perl_TestProcessXorConst_t" errors="0" failures="0" skipped="0" tests="2" time="0.0666530132293701">
    <system-out>1..2
ok 1 - Equals
ok 2 - Equals
</system-out>
    <testcase name="Equals (178)" classname="spec_perl_TestProcessXorConst_t" time="0.000226020812988281" />
    <testcase name="Equals (179)" classname="spec_perl_TestProcessXorConst_t" time="7.70092010498047e-05" />
  </testsuite>
  <testsuite name="spec_perl_TestBcdUserTypeLe_t" errors="0" failures="0" skipped="0" tests="6" time="0.0714309215545654">
    <system-out>1..6
ok 1 - Equals
ok 2 - Equals
ok 3 - Equals
ok 4 - Equals
ok 5 - Equals
ok 6 - Equals
</system-out>
    <testcase name="Equals (180)" classname="spec_perl_TestBcdUserTypeLe_t" time="0.000440120697021484" />
    <testcase name="Equals (181)" classname="spec_perl_TestBcdUserTypeLe_t" time="9.79900360107422e-05" />
    <testcase name="Equals (182)" classname="spec_perl_TestBcdUserTypeLe_t" time="0.00014805793762207" />
    <testcase name="Equals (183)" classname="spec_perl_TestBcdUserTypeLe_t" time="0.000126838684082031" />
    <testcase name="Equals (184)" classname="spec_perl_TestBcdUserTypeLe_t" time="0.000151157379150391" />
    <testcase name="Equals (185)" classname="spec_perl_TestBcdUserTypeLe_t" time="0.000139951705932617" />
  </testsuite>
  <testsuite name="spec_perl_TestInstanceStd_t" errors="0" failures="0" skipped="0" tests="1" time="0.0764029026031494">
    <system-out>1..1
ok 1 - Equals
</system-out>
    <testcase name="Equals (186)" classname="spec_perl_TestInstanceStd_t" time="0.000224828720092773" />
  </testsuite>
  <testsuite name="spec_perl_TestExprIfIntOps_t" errors="0" failures="0" skipped="0" tests="2" time="0.0724341869354248">
    <system-out>1..2
ok 1 - Equals
ok 2 - Equals
</system-out>
    <testcase name="Equals (187)" classname="spec_perl_TestExprIfIntOps_t" time="0.000215053558349609" />
    <testcase name="Equals (188)" classname="spec_perl_TestExprIfIntOps_t" time="9.39369201660156e-05" />
  </testsuite>
  <testsuite name="spec_perl_TestCastToTop_t" errors="0" failures="0" skipped="0" tests="3" time="0.0683190822601318">
    <system-out>1..3
ok 1 - Equals
ok 2 - Equals
ok 3 - Equals
</system-out>
    <testcase name="Equals (189)" classname="spec_perl_TestCastToTop_t" time="0.000270843505859375" />
    <testcase name="Equals (190)" classname="spec_perl_TestCastToTop_t" time="0.000105142593383789" />
    <testcase name="Equals (191)" classname="spec_perl_TestCastToTop_t" time="5.98430633544922e-05" />
  </testsuite>
  <testsuite name="spec_perl_TestIndexToParamUntil_t" errors="0" failures="2" skipped="0" tests="7" time="0.0787391662597656">
    <system-out>1..7
ok 1 - Equals
ok 2 - Equals
ok 3 - Equals
ok 4 - Equals
ok 5 - Equals
not ok 6 - Equals
not ok 7 - Equals
</system-out>
    <testcase name="Equals (192)" classname="spec_perl_TestIndexToParamUntil_t" time="0.00246191024780273" />
    <testcase name="Equals (193)" classname="spec_perl_TestIndexToParamUntil_t" time="6.41345977783203e-05" />
    <testcase name="Equals (194)" classname="spec_perl_TestIndexToParamUntil_t" time="3.48091125488281e-05" />
    <testcase name="Equals (195)" classname="spec_perl_TestIndexToParamUntil_t" time="3.09944152832031e-05" />
    <testcase name="Equals (196)" classname="spec_perl_TestIndexToParamUntil_t" time="3.09944152832031e-05" />
    <testcase name="Equals (197)" classname="spec_perl_TestIndexToParamUntil_t" time="3.91006469726562e-05">
      <failure message="not ok 6 - Equals" type="TAP::Parser::Result::Test"></failure>
    </testcase>
    <testcase name="Equals (198)" classname="spec_perl_TestIndexToParamUntil_t" time="3.00407409667969e-05">
      <failure message="not ok 7 - Equals" type="TAP::Parser::Result::Test"></failure>
    </testcase>
  </testsuite>
  <testsuite name="spec_perl_TestHelloWorld_t" errors="0" failures="0" skipped="0" tests="1" time="0.0807671546936035">
    <system-out>1..1
ok 1 - Equals
</system-out>
    <testcase name="Equals (199)" classname="spec_perl_TestHelloWorld_t" time="0.000210046768188477" />
  </testsuite>
  <testsuite name="spec_perl_TestEnumDeep_t" errors="0" failures="0" skipped="0" tests="2" time="0.0698180198669434">
    <system-out>1..2
ok 1 - Equals
ok 2 - Equals
</system-out>
    <testcase name="Equals (200)" classname="spec_perl_TestEnumDeep_t" time="0.000220060348510742" />
    <testcase name="Equals (201)" classname="spec_perl_TestEnumDeep_t" time="9.48905944824219e-05" />
  </testsuite>
  <testsuite name="spec_perl_TestTermU1Val_t" errors="0" failures="0" skipped="0" tests="2" time="0.072192907333374">
    <system-out>1..2
ok 1 - Equals
ok 2 - Equals
</system-out>
    <testcase name="Equals (202)" classname="spec_perl_TestTermU1Val_t" time="0.000232934951782227" />
    <testcase name="Equals (203)" classname="spec_perl_TestTermU1Val_t" time="0.000106096267700195" />
  </testsuite>
  <testsuite name="spec_perl_TestDebug0_t" errors="0" failures="0" skipped="1" tests="1" time="0.0693120956420898">
    <system-out>1..1
ok 1 # skip test_debug_0
</system-out>
    <testcase name="Unnamed test case 203" classname="spec_perl_TestDebug0_t" time="0.000232934951782227">
      <skipped message="ok 1 # skip test_debug_0" />
    </testcase>
  </testsuite>
  <testsuite name="spec_perl_TestSwitchRepeatExpr_t" errors="0" failures="0" skipped="0" tests="3" time="0.0674419403076172">
    <system-out>1..3
ok 1 - Equals
ok 2 - Equals
ok 3 - Equals
</system-out>
    <testcase name="Equals (204)" classname="spec_perl_TestSwitchRepeatExpr_t" time="0.000412940979003906" />
    <testcase name="Equals (205)" classname="spec_perl_TestSwitchRepeatExpr_t" time="9.39369201660156e-05" />
    <testcase name="Equals (206)" classname="spec_perl_TestSwitchRepeatExpr_t" time="7.51018524169922e-05" />
  </testsuite>
  <testsuite name="spec_perl_TestSwitchManualEnum_t" errors="0" failures="0" skipped="0" tests="9" time="0.0732228755950928">
    <system-out>1..9
ok 1 - Equals
ok 2 - Equals
ok 3 - Equals
ok 4 - Equals
ok 5 - Equals
ok 6 - Equals
ok 7 - Equals
ok 8 - Equals
ok 9 - Equals
</system-out>
    <testcase name="Equals (207)" classname="spec_perl_TestSwitchManualEnum_t" time="0.000220060348510742" />
    <testcase name="Equals (208)" classname="spec_perl_TestSwitchManualEnum_t" time="9.79900360107422e-05" />
    <testcase name="Equals (209)" classname="spec_perl_TestSwitchManualEnum_t" time="8.58306884765625e-05" />
    <testcase name="Equals (210)" classname="spec_perl_TestSwitchManualEnum_t" time="7.20024108886719e-05" />
    <testcase name="Equals (211)" classname="spec_perl_TestSwitchManualEnum_t" time="0.000108003616333008" />
    <testcase name="Equals (212)" classname="spec_perl_TestSwitchManualEnum_t" time="9.01222229003906e-05" />
    <testcase name="Equals (213)" classname="spec_perl_TestSwitchManualEnum_t" time="0.000114917755126953" />
    <testcase name="Equals (214)" classname="spec_perl_TestSwitchManualEnum_t" time="8.79764556884766e-05" />
    <testcase name="Equals (215)" classname="spec_perl_TestSwitchManualEnum_t" time="0.000112056732177734" />
  </testsuite>
  <testsuite name="spec_perl_TestCombineBool_t" errors="0" failures="0" skipped="0" tests="2" time="0.0670990943908691">
    <system-out>1..2
ok 1 - Equals
ok 2 - Equals
</system-out>
    <testcase name="Equals (216)" classname="spec_perl_TestCombineBool_t" time="0.000213146209716797" />
    <testcase name="Equals (217)" classname="spec_perl_TestCombineBool_t" time="7.39097595214844e-05" />
  </testsuite>
  <testsuite name="spec_perl_TestOptionalId_t" errors="0" failures="0" skipped="0" tests="3" time="0.0652508735656738">
    <system-out>1..3
ok 1 - Equals
ok 2 - Equals
ok 3 - Equals
</system-out>
    <testcase name="Equals (218)" classname="spec_perl_TestOptionalId_t" time="0.000176906585693359" />
    <testcase name="Equals (219)" classname="spec_perl_TestOptionalId_t" time="7.00950622558594e-05" />
    <testcase name="Equals (220)" classname="spec_perl_TestOptionalId_t" time="8.67843627929688e-05" />
  </testsuite>
  <testsuite name="spec_perl_TestNavParentOverride_t" errors="0" failures="0" skipped="0" tests="3" time="0.0690851211547852">
    <system-out>1..3
ok 1 - Equals
ok 2 - Equals
ok 3 - Equals
</system-out>
    <testcase name="Equals (221)" classname="spec_perl_TestNavParentOverride_t" time="0.000296831130981445" />
    <testcase name="Equals (222)" classname="spec_perl_TestNavParentOverride_t" time="9.29832458496094e-05" />
    <testcase name="Equals (223)" classname="spec_perl_TestNavParentOverride_t" time="8.60691070556641e-05" />
  </testsuite>
  <testsuite name="spec_perl_TestSwitchManualIntSize_t" errors="0" failures="0" skipped="0" tests="10" time="0.0755171775817871">
    <system-out>1..10
ok 1 - Equals
ok 2 - Equals
ok 3 - Equals
ok 4 - Equals
ok 5 - Equals
ok 6 - Equals
ok 7 - Equals
ok 8 - Equals
ok 9 - Equals
ok 10 - Equals
</system-out>
    <testcase name="Equals (224)" classname="spec_perl_TestSwitchManualIntSize_t" time="0.000632047653198242" />
    <testcase name="Equals (225)" classname="spec_perl_TestSwitchManualIntSize_t" time="7.00950622558594e-05" />
    <testcase name="Equals (226)" classname="spec_perl_TestSwitchManualIntSize_t" time="0.000128984451293945" />
    <testcase name="Equals (227)" classname="spec_perl_TestSwitchManualIntSize_t" time="0.000116825103759766" />
    <testcase name="Equals (228)" classname="spec_perl_TestSwitchManualIntSize_t" time="0.000119209289550781" />
    <testcase name="Equals (229)" classname="spec_perl_TestSwitchManualIntSize_t" time="0.000126838684082031" />
    <testcase name="Equals (230)" classname="spec_perl_TestSwitchManualIntSize_t" time="0.000121116638183594" />
    <testcase name="Equals (231)" classname="spec_perl_TestSwitchManualIntSize_t" time="0.000134944915771484" />
    <testcase name="Equals (232)" classname="spec_perl_TestSwitchManualIntSize_t" time="0.000107049942016602" />
    <testcase name="Equals (233)" classname="spec_perl_TestSwitchManualIntSize_t" time="0.000117063522338867" />
  </testsuite>
  <testsuite name="spec_perl_TestExprStrEncodings_t" errors="0" failures="0" skipped="0" tests="7" time="0.0789029598236084">
    <system-out>1..7
ok 1 - Equals
ok 2 - Equals
ok 3 - Equals
ok 4 - Equals
ok 5 - Equals
ok 6 - Equals
ok 7 - Equals
</system-out>
    <testcase name="Equals (234)" classname="spec_perl_TestExprStrEncodings_t" time="0.00436806678771973" />
    <testcase name="Equals (235)" classname="spec_perl_TestExprStrEncodings_t" time="7.89165496826172e-05" />
    <testcase name="Equals (236)" classname="spec_perl_TestExprStrEncodings_t" time="4.91142272949219e-05" />
    <testcase name="Equals (237)" classname="spec_perl_TestExprStrEncodings_t" time="8.48770141601562e-05" />
    <testcase name="Equals (238)" classname="spec_perl_TestExprStrEncodings_t" time="0.000113010406494141" />
    <testcase name="Equals (239)" classname="spec_perl_TestExprStrEncodings_t" time="0.000111103057861328" />
    <testcase name="Equals (240)" classname="spec_perl_TestExprStrEncodings_t" time="0.000133037567138672" />
  </testsuite>
  <testsuite name="spec_perl_TestMultipleUse_t" errors="0" failures="0" skipped="0" tests="2" time="0.0676848888397217">
    <system-out>1..2
ok 1 - Equals
ok 2 - Equals
</system-out>
    <testcase name="Equals (241)" classname="spec_perl_TestMultipleUse_t" time="0.000152111053466797" />
    <testcase name="Equals (242)" classname="spec_perl_TestMultipleUse_t" time="6.103515625e-05" />
  </testsuite>
  <testsuite name="spec_perl_TestTypeIntUnaryOp_t" errors="0" failures="0" skipped="0" tests="4" time="0.0767130851745605">
    <system-out>1..4
ok 1 - Equals
ok 2 - Equals
ok 3 - Equals
ok 4 - Equals
</system-out>
    <testcase name="Equals (243)" classname="spec_perl_TestTypeIntUnaryOp_t" time="0.000240087509155273" />
    <testcase name="Equals (244)" classname="spec_perl_TestTypeIntUnaryOp_t" time="9.39369201660156e-05" />
    <testcase name="Equals (245)" classname="spec_perl_TestTypeIntUnaryOp_t" time="8.20159912109375e-05" />
    <testcase name="Equals (246)" classname="spec_perl_TestTypeIntUnaryOp_t" time="0.000113964080810547" />
  </testsuite>
  <testsuite name="spec_perl_TestParamsPassUsertype_t" errors="0" failures="1" skipped="1" tests="2" time="0.0669069290161133">
    <system-out>1..2
not ok 1 - test_params_pass_usertype died (Can't call method &quot;foo&quot; on an undefined value at compiled/perl/ParamsPassUsertype.pm line 119.)
ok 2 # skip test_params_pass_usertype died
</system-out>
    <testcase name="test_params_pass_usertype died (Can't call method &quot;foo&quot; on an undefined value at compiled/perl/ParamsPassUsertype.pm line 119.) (246)" classname="spec_perl_TestParamsPassUsertype_t" time="0.00020599365234375">
      <failure message="not ok 1 - test_params_pass_usertype died (Can't call method &quot;foo&quot; on an undefined value at compiled/perl/ParamsPassUsertype.pm line 119.)" type="TAP::Parser::Result::Test"></failure>
    </testcase>
    <testcase name="Unnamed test case 246" classname="spec_perl_TestParamsPassUsertype_t" time="0.000829935073852539">
      <skipped message="ok 2 # skip test_params_pass_usertype died" />
    </testcase>
  </testsuite>
  <testsuite name="spec_perl_TestRecursiveOne_t" errors="0" failures="0" skipped="0" tests="4" time="0.0682570934295654">
    <system-out>1..4
ok 1 - Equals
ok 2 - Equals
ok 3 - Equals
ok 4 - Equals
</system-out>
    <testcase name="Equals (247)" classname="spec_perl_TestRecursiveOne_t" time="0.000222206115722656" />
    <testcase name="Equals (248)" classname="spec_perl_TestRecursiveOne_t" time="0.000100851058959961" />
    <testcase name="Equals (249)" classname="spec_perl_TestRecursiveOne_t" time="6.41345977783203e-05" />
    <testcase name="Equals (250)" classname="spec_perl_TestRecursiveOne_t" time="7.39097595214844e-05" />
  </testsuite>
  <testsuite name="spec_perl_TestDocstrings_t" errors="0" failures="0" skipped="1" tests="1" time="0.0721518993377686">
    <system-out>1..1
ok 1 # skip Docstrings=HASH(0x55a20d46e548)
</system-out>
    <testcase name="Unnamed test case 250" classname="spec_perl_TestDocstrings_t" time="0.00156211853027344">
      <skipped message="ok 1 # skip Docstrings=HASH(0x55a20d46e548)" />
    </testcase>
  </testsuite>
  <testsuite name="spec_perl_TestEnumImport_t" errors="0" failures="2" skipped="0" tests="2" time="0.0705959796905518">
    <system-out>1..2
not ok 1 - Equals
not ok 2 - Equals
</system-out>
    <testcase name="Equals (251)" classname="spec_perl_TestEnumImport_t" time="0.000148773193359375">
      <failure message="not ok 1 - Equals" type="TAP::Parser::Result::Test"></failure>
    </testcase>
    <testcase name="Equals (252)" classname="spec_perl_TestEnumImport_t" time="0.000119209289550781">
      <failure message="not ok 2 - Equals" type="TAP::Parser::Result::Test"></failure>
    </testcase>
  </testsuite>
  <testsuite name="spec_perl_TestFixedStruct_t" errors="0" failures="0" skipped="0" tests="20" time="0.0751299858093262">
    <system-out>1..20
ok 1 - Equals
ok 2 - Equals
ok 3 - Equals
ok 4 - Equals
ok 5 - Equals
ok 6 - Equals
ok 7 - Equals
ok 8 - Equals
ok 9 - Equals
ok 10 - Equals
ok 11 - Equals
ok 12 - Equals
ok 13 - Equals
ok 14 - Equals
ok 15 - Equals
ok 16 - Equals
ok 17 - Equals
ok 18 - Equals
ok 19 - Equals
ok 20 - Equals
</system-out>
    <testcase name="Equals (253)" classname="spec_perl_TestFixedStruct_t" time="0.000272035598754883" />
    <testcase name="Equals (254)" classname="spec_perl_TestFixedStruct_t" time="9.60826873779297e-05" />
    <testcase name="Equals (255)" classname="spec_perl_TestFixedStruct_t" time="0.000116825103759766" />
    <testcase name="Equals (256)" classname="spec_perl_TestFixedStruct_t" time="0.0001220703125" />
    <testcase name="Equals (257)" classname="spec_perl_TestFixedStruct_t" time="0.00011897087097168" />
    <testcase name="Equals (258)" classname="spec_perl_TestFixedStruct_t" time="0.000494956970214844" />
    <testcase name="Equals (259)" classname="spec_perl_TestFixedStruct_t" time="5.00679016113281e-05" />
    <testcase name="Equals (260)" classname="spec_perl_TestFixedStruct_t" time="2.59876251220703e-05" />
    <testcase name="Equals (261)" classname="spec_perl_TestFixedStruct_t" time="2.40802764892578e-05" />
    <testcase name="Equals (262)" classname="spec_perl_TestFixedStruct_t" time="6.69956207275391e-05" />
    <testcase name="Equals (263)" classname="spec_perl_TestFixedStruct_t" time="3.69548797607422e-05" />
    <testcase name="Equals (264)" classname="spec_perl_TestFixedStruct_t" time="0.00271797180175781" />
    <testcase name="Equals (265)" classname="spec_perl_TestFixedStruct_t" time="5.00679016113281e-05" />
    <testcase name="Equals (266)" classname="spec_perl_TestFixedStruct_t" time="4.10079956054688e-05" />
    <testcase name="Equals (267)" classname="spec_perl_TestFixedStruct_t" time="3.19480895996094e-05" />
    <testcase name="Equals (268)" classname="spec_perl_TestFixedStruct_t" time="3.09944152832031e-05" />
    <testcase name="Equals (269)" classname="spec_perl_TestFixedStruct_t" time="3.09944152832031e-05" />
    <testcase name="Equals (270)" classname="spec_perl_TestFixedStruct_t" time="3.31401824951172e-05" />
    <testcase name="Equals (271)" classname="spec_perl_TestFixedStruct_t" time="3.09944152832031e-05" />
    <testcase name="Equals (272)" classname="spec_perl_TestFixedStruct_t" time="2.78949737548828e-05" />
  </testsuite>
  <testsuite name="spec_perl_TestSwitchCast_t" errors="0" failures="0" skipped="0" tests="2" time="0.0727219581604004">
    <system-out>1..2
ok 1 - Equals
ok 2 - Equals
</system-out>
    <testcase name="Equals (273)" classname="spec_perl_TestSwitchCast_t" time="0.00020289421081543" />
    <testcase name="Equals (274)" classname="spec_perl_TestSwitchCast_t" time="6.81877136230469e-05" />
  </testsuite>
  <testsuite name="spec_perl_TestExprMod_t" errors="0" failures="0" skipped="0" tests="6" time="0.0703639984130859">
    <system-out>1..6
ok 1 - Equals
ok 2 - Equals
ok 3 - Equals
ok 4 - Equals
ok 5 - Equals
ok 6 - Equals
</system-out>
    <testcase name="Equals (275)" classname="spec_perl_TestExprMod_t" time="0.000216007232666016" />
    <testcase name="Equals (276)" classname="spec_perl_TestExprMod_t" time="7.98702239990234e-05" />
    <testcase name="Equals (277)" classname="spec_perl_TestExprMod_t" time="8.51154327392578e-05" />
    <testcase name="Equals (278)" classname="spec_perl_TestExprMod_t" time="5.60283660888672e-05" />
    <testcase name="Equals (279)" classname="spec_perl_TestExprMod_t" time="7.29560852050781e-05" />
    <testcase name="Equals (280)" classname="spec_perl_TestExprMod_t" time="0.000149965286254883" />
  </testsuite>
  <testsuite name="spec_perl_TestRepeatUntilCalcArrayType_t" errors="0" failures="0" skipped="0" tests="7" time="0.0709331035614014">
    <system-out>1..7
ok 1 - Equals
ok 2 - Equals
ok 3 - Equals
ok 4 - Equals
ok 5 - Equals
ok 6 - Equals
ok 7 - Equals
</system-out>
    <testcase name="Equals (281)" classname="spec_perl_TestRepeatUntilCalcArrayType_t" time="0.000481128692626953" />
    <testcase name="Equals (282)" classname="spec_perl_TestRepeatUntilCalcArrayType_t" time="9.79900360107422e-05" />
    <testcase name="Equals (283)" classname="spec_perl_TestRepeatUntilCalcArrayType_t" time="7.60555267333984e-05" />
    <testcase name="Equals (284)" classname="spec_perl_TestRepeatUntilCalcArrayType_t" time="0.000146865844726562" />
    <testcase name="Equals (285)" classname="spec_perl_TestRepeatUntilCalcArrayType_t" time="0.000118017196655273" />
    <testcase name="Equals (286)" classname="spec_perl_TestRepeatUntilCalcArrayType_t" time="0.000113964080810547" />
    <testcase name="Equals (287)" classname="spec_perl_TestRepeatUntilCalcArrayType_t" time="0.000118017196655273" />
  </testsuite>
  <testsuite name="spec_perl_TestBitsUnalignedB32Be_t" errors="0" failures="0" skipped="0" tests="3" time="0.0673439502716064">
    <system-out>1..3
ok 1 - Equals
ok 2 - Equals
ok 3 - Equals
</system-out>
    <testcase name="Equals (288)" classname="spec_perl_TestBitsUnalignedB32Be_t" time="0.000212192535400391" />
    <testcase name="Equals (289)" classname="spec_perl_TestBitsUnalignedB32Be_t" time="8.392333984375e-05" />
    <testcase name="Equals (290)" classname="spec_perl_TestBitsUnalignedB32Be_t" time="8.392333984375e-05" />
  </testsuite>
  <testsuite name="spec_perl_TestSwitchRepeatExprInvalid_t" errors="0" failures="0" skipped="0" tests="3" time="0.0693738460540771">
    <system-out>1..3
ok 1 - Equals
ok 2 - Equals
ok 3 - Equals
</system-out>
    <testcase name="Equals (291)" classname="spec_perl_TestSwitchRepeatExprInvalid_t" time="0.000150918960571289" />
    <testcase name="Equals (292)" classname="spec_perl_TestSwitchRepeatExprInvalid_t" time="5.41210174560547e-05" />
    <testcase name="Equals (293)" classname="spec_perl_TestSwitchRepeatExprInvalid_t" time="0.000103950500488281" />
  </testsuite>
  <testsuite name="spec_perl_TestImportsAbsAbs_t" errors="0" failures="0" skipped="0" tests="3" time="0.066676139831543">
    <system-out>1..3
ok 1 - Equals
ok 2 - Equals
ok 3 - Equals
</system-out>
    <testcase name="Equals (294)" classname="spec_perl_TestImportsAbsAbs_t" time="0.000222921371459961" />
    <testcase name="Equals (295)" classname="spec_perl_TestImportsAbsAbs_t" time="7.70092010498047e-05" />
    <testcase name="Equals (296)" classname="spec_perl_TestImportsAbsAbs_t" time="8.20159912109375e-05" />
  </testsuite>
  <testsuite name="spec_perl_TestIoLocalVar_t" errors="0" failures="0" skipped="0" tests="2" time="0.068587064743042">
    <system-out>1..2
ok 1 - Equals
ok 2 - Equals
</system-out>
    <testcase name="Equals (297)" classname="spec_perl_TestIoLocalVar_t" time="0.000502109527587891" />
    <testcase name="Equals (298)" classname="spec_perl_TestIoLocalVar_t" time="7.08103179931641e-05" />
  </testsuite>
  <testsuite name="spec_perl_TestProcessXorValue_t" errors="0" failures="0" skipped="0" tests="2" time="0.070789098739624">
    <system-out>1..2
ok 1 - Equals
ok 2 - Equals
</system-out>
    <testcase name="Equals (299)" classname="spec_perl_TestProcessXorValue_t" time="0.000237941741943359" />
    <testcase name="Equals (300)" classname="spec_perl_TestProcessXorValue_t" time="9.98973846435547e-05" />
  </testsuite>
  <testsuite name="spec_perl_TestCombineEnum_t" errors="0" failures="0" skipped="0" tests="3" time="0.0703649520874023">
    <system-out>1..3
ok 1 - Equals
ok 2 - Equals
ok 3 - Equals
</system-out>
    <testcase name="Equals (301)" classname="spec_perl_TestCombineEnum_t" time="0.000211954116821289" />
    <testcase name="Equals (302)" classname="spec_perl_TestCombineEnum_t" time="9.79900360107422e-05" />
    <testcase name="Equals (303)" classname="spec_perl_TestCombineEnum_t" time="6.19888305664062e-05" />
  </testsuite>
  <testsuite name="spec_perl_TestSwitchManualEnumInvalidElse_t" errors="0" failures="0" skipped="0" tests="5" time="0.0735070705413818">
    <system-out>1..5
ok 1 - Equals
ok 2 - Equals
ok 3 - Equals
ok 4 - Equals
ok 5 - Equals
</system-out>
    <testcase name="Equals (304)" classname="spec_perl_TestSwitchManualEnumInvalidElse_t" time="0.000222921371459961" />
    <testcase name="Equals (305)" classname="spec_perl_TestSwitchManualEnumInvalidElse_t" time="9.89437103271484e-05" />
    <testcase name="Equals (306)" classname="spec_perl_TestSwitchManualEnumInvalidElse_t" time="6.103515625e-05" />
    <testcase name="Equals (307)" classname="spec_perl_TestSwitchManualEnumInvalidElse_t" time="7.70092010498047e-05" />
    <testcase name="Equals (308)" classname="spec_perl_TestSwitchManualEnumInvalidElse_t" time="7.00950622558594e-05" />
  </testsuite>
  <testsuite name="spec_perl_TestEosExceptionU4_t" errors="0" failures="0" skipped="0" tests="1" time="0.0728762149810791">
    <system-out>1..1
ok 1 - threw /^Requested \d+ bytes, but only \d+ bytes available/
</system-out>
    <testcase name="threw /^Requested \d+ bytes, but only \d+ bytes available/ (308)" classname="spec_perl_TestEosExceptionU4_t" time="0.000414133071899414" />
  </testsuite>
  <testsuite name="spec_perl_TestBitsSignedResB32Be_t" errors="0" failures="0" skipped="0" tests="1" time="0.0707240104675293">
    <system-out>1..1
ok 1 - Equals
</system-out>
    <testcase name="Equals (309)" classname="spec_perl_TestBitsSignedResB32Be_t" time="0.00014805793762207" />
  </testsuite>
  <testsuite name="spec_perl_TestRepeatUntilSized_t" errors="0" failures="0" skipped="0" tests="7" time="0.0701560974121094">
    <system-out>1..7
ok 1 - Equals
ok 2 - Equals
ok 3 - Equals
ok 4 - Equals
ok 5 - Equals
ok 6 - Equals
ok 7 - Equals
</system-out>
    <testcase name="Equals (310)" classname="spec_perl_TestRepeatUntilSized_t" time="0.000522851943969727" />
    <testcase name="Equals (311)" classname="spec_perl_TestRepeatUntilSized_t" time="9.918212890625e-05" />
    <testcase name="Equals (312)" classname="spec_perl_TestRepeatUntilSized_t" time="0.00014495849609375" />
    <testcase name="Equals (313)" classname="spec_perl_TestRepeatUntilSized_t" time="0.000129938125610352" />
    <testcase name="Equals (314)" classname="spec_perl_TestRepeatUntilSized_t" time="0.000132083892822266" />
    <testcase name="Equals (315)" classname="spec_perl_TestRepeatUntilSized_t" time="0.000118017196655273" />
    <testcase name="Equals (316)" classname="spec_perl_TestRepeatUntilSized_t" time="0.00014495849609375" />
  </testsuite>
  <testsuite name="spec_perl_TestYamlInts_t" errors="0" failures="0" skipped="0" tests="4" time="0.0675520896911621">
    <system-out>1..4
ok 1 - Equals
ok 2 - Equals
ok 3 - Equals
ok 4 - Equals
</system-out>
    <testcase name="Equals (317)" classname="spec_perl_TestYamlInts_t" time="0.00018310546875" />
    <testcase name="Equals (318)" classname="spec_perl_TestYamlInts_t" time="7.29560852050781e-05" />
    <testcase name="Equals (319)" classname="spec_perl_TestYamlInts_t" time="5.91278076171875e-05" />
    <testcase name="Equals (320)" classname="spec_perl_TestYamlInts_t" time="0.000102996826171875" />
  </testsuite>
  <testsuite name="spec_perl_TestEnumNegative_t" errors="0" failures="0" skipped="0" tests="2" time="0.0707440376281738">
    <system-out>1..2
ok 1 - Equals
ok 2 - Equals
</system-out>
    <testcase name="Equals (321)" classname="spec_perl_TestEnumNegative_t" time="0.000216960906982422" />
    <testcase name="Equals (322)" classname="spec_perl_TestEnumNegative_t" time="7.60555267333984e-05" />
  </testsuite>
  <testsuite name="spec_perl_TestProcessCoerceBytes_t" errors="0" failures="0" skipped="0" tests="4" time="0.0644569396972656">
    <system-out>1..4
ok 1 - Equals
ok 2 - Equals
ok 3 - Equals
ok 4 - Equals
</system-out>
    <testcase name="Equals (323)" classname="spec_perl_TestProcessCoerceBytes_t" time="0.000204086303710938" />
    <testcase name="Equals (324)" classname="spec_perl_TestProcessCoerceBytes_t" time="9.01222229003906e-05" />
    <testcase name="Equals (325)" classname="spec_perl_TestProcessCoerceBytes_t" time="6.4849853515625e-05" />
    <testcase name="Equals (326)" classname="spec_perl_TestProcessCoerceBytes_t" time="6.91413879394531e-05" />
  </testsuite>
  <testsuite name="spec_perl_TestSwitchManualStrElse_t" errors="0" failures="0" skipped="0" tests="9" time="0.0730280876159668">
    <system-out>1..9
ok 1 - Equals
ok 2 - Equals
ok 3 - Equals
ok 4 - Equals
ok 5 - Equals
ok 6 - Equals
ok 7 - Equals
ok 8 - Equals
ok 9 - Equals
</system-out>
    <testcase name="Equals (327)" classname="spec_perl_TestSwitchManualStrElse_t" time="0.000277996063232422" />
    <testcase name="Equals (328)" classname="spec_perl_TestSwitchManualStrElse_t" time="9.79900360107422e-05" />
    <testcase name="Equals (329)" classname="spec_perl_TestSwitchManualStrElse_t" time="7.60555267333984e-05" />
    <testcase name="Equals (330)" classname="spec_perl_TestSwitchManualStrElse_t" time="0.000185012817382812" />
    <testcase name="Equals (331)" classname="spec_perl_TestSwitchManualStrElse_t" time="9.58442687988281e-05" />
    <testcase name="Equals (332)" classname="spec_perl_TestSwitchManualStrElse_t" time="0.000133037567138672" />
    <testcase name="Equals (333)" classname="spec_perl_TestSwitchManualStrElse_t" time="0.000128984451293945" />
    <testcase name="Equals (334)" classname="spec_perl_TestSwitchManualStrElse_t" time="0.000130176544189453" />
    <testcase name="Equals (335)" classname="spec_perl_TestSwitchManualStrElse_t" time="0.000131845474243164" />
  </testsuite>
  <testsuite name="spec_perl_TestStrEncodingsDefault_t" errors="0" failures="0" skipped="0" tests="4" time="0.0748178958892822">
    <system-out>1..4
ok 1 - Equals
ok 2 - Equals
ok 3 - Equals
ok 4 - Equals
</system-out>
    <testcase name="Equals (336)" classname="spec_perl_TestStrEncodingsDefault_t" time="0.00410890579223633" />
    <testcase name="Equals (337)" classname="spec_perl_TestStrEncodingsDefault_t" time="0.000123023986816406" />
    <testcase name="Equals (338)" classname="spec_perl_TestStrEncodingsDefault_t" time="6.38961791992188e-05" />
    <testcase name="Equals (339)" classname="spec_perl_TestStrEncodingsDefault_t" time="7.60555267333984e-05" />
  </testsuite>
  <testsuite name="spec_perl_TestImportsAbs_t" errors="0" failures="0" skipped="0" tests="2" time="0.0701189041137695">
    <system-out>1..2
ok 1 - Equals
ok 2 - Equals
</system-out>
    <testcase name="Equals (340)" classname="spec_perl_TestImportsAbs_t" time="0.000226974487304688" />
    <testcase name="Equals (341)" classname="spec_perl_TestImportsAbs_t" time="8.41617584228516e-05" />
  </testsuite>
  <testsuite name="spec_perl_TestEnumFancy_t" errors="0" failures="0" skipped="0" tests="2" time="0.0680530071258545">
    <system-out>1..2
ok 1 - Equals
ok 2 - Equals
</system-out>
    <testcase name="Equals (342)" classname="spec_perl_TestEnumFancy_t" time="0.000266075134277344" />
    <testcase name="Equals (343)" classname="spec_perl_TestEnumFancy_t" time="6.41345977783203e-05" />
  </testsuite>
  <testsuite name="spec_perl_TestStrLiterals_t" errors="0" failures="0" skipped="0" tests="5" time="0.0647001266479492">
    <system-out>1..5
ok 1 - Equals
ok 2 - Equals
ok 3 - Equals
ok 4 - Equals
ok 5 - Equals
</system-out>
    <testcase name="Equals (344)" classname="spec_perl_TestStrLiterals_t" time="0.000219106674194336" />
    <testcase name="Equals (345)" classname="spec_perl_TestStrLiterals_t" time="0.000101089477539062" />
    <testcase name="Equals (346)" classname="spec_perl_TestStrLiterals_t" time="6.19888305664062e-05" />
    <testcase name="Equals (347)" classname="spec_perl_TestStrLiterals_t" time="7.39097595214844e-05" />
    <testcase name="Equals (348)" classname="spec_perl_TestStrLiterals_t" time="7.70092010498047e-05" />
  </testsuite>
  <testsuite name="spec_perl_TestSwitchManualInt_t" errors="0" failures="0" skipped="0" tests="9" time="0.0743651390075684">
    <system-out>1..9
ok 1 - Equals
ok 2 - Equals
ok 3 - Equals
ok 4 - Equals
ok 5 - Equals
ok 6 - Equals
ok 7 - Equals
ok 8 - Equals
ok 9 - Equals
</system-out>
    <testcase name="Equals (349)" classname="spec_perl_TestSwitchManualInt_t" time="0.000266790390014648" />
    <testcase name="Equals (350)" classname="spec_perl_TestSwitchManualInt_t" time="0.000104188919067383" />
    <testcase name="Equals (351)" classname="spec_perl_TestSwitchManualInt_t" time="0.000126838684082031" />
    <testcase name="Equals (352)" classname="spec_perl_TestSwitchManualInt_t" time="0.000120162963867188" />
    <testcase name="Equals (353)" classname="spec_perl_TestSwitchManualInt_t" time="0.000118017196655273" />
    <testcase name="Equals (354)" classname="spec_perl_TestSwitchManualInt_t" time="0.000119924545288086" />
    <testcase name="Equals (355)" classname="spec_perl_TestSwitchManualInt_t" time="0.000113010406494141" />
    <testcase name="Equals (356)" classname="spec_perl_TestSwitchManualInt_t" time="0.000114917755126953" />
    <testcase name="Equals (357)" classname="spec_perl_TestSwitchManualInt_t" time="0.000113010406494141" />
  </testsuite>
  <testsuite name="spec_perl_TestStrEncodings_t" errors="0" failures="0" skipped="0" tests="4" time="0.0753481388092041">
    <system-out>1..4
ok 1 - Equals
ok 2 - Equals
ok 3 - Equals
ok 4 - Equals
</system-out>
    <testcase name="Equals (358)" classname="spec_perl_TestStrEncodings_t" time="0.00412082672119141" />
    <testcase name="Equals (359)" classname="spec_perl_TestStrEncodings_t" time="7.41481781005859e-05" />
    <testcase name="Equals (360)" classname="spec_perl_TestStrEncodings_t" time="9.20295715332031e-05" />
    <testcase name="Equals (361)" classname="spec_perl_TestStrEncodings_t" time="0.000123023986816406" />
  </testsuite>
  <testsuite name="spec_perl_TestDebugEnumName_t" errors="1" failures="0" skipped="0" tests="0" time="0.0636129379272461">
    <system-out></system-out>
    <testcase name="Test died too soon, even before plan. (361)" classname="spec_perl_TestDebugEnumName_t" time="0.0636129379272461">
      <failure message="The test suite died before a plan was produced. You need to have a plan." type="Plan">No plan</failure>
    </testcase>
  </testsuite>
  <testsuite name="spec_perl_TestExprBytesOps_t" errors="0" failures="0" skipped="0" tests="16" time="0.0719530582427979">
    <system-out>1..16
ok 1 - Equals
ok 2 - Equals
ok 3 - Equals
ok 4 - Equals
ok 5 - Equals
ok 6 - Equals
ok 7 - Equals
ok 8 - Equals
ok 9 - Equals
ok 10 - Equals
ok 11 - Equals
ok 12 - Equals
ok 13 - Equals
ok 14 - Equals
ok 15 - Equals
ok 16 - Equals
</system-out>
    <testcase name="Equals (362)" classname="spec_perl_TestExprBytesOps_t" time="0.00383186340332031" />
    <testcase name="Equals (363)" classname="spec_perl_TestExprBytesOps_t" time="8.10623168945312e-05" />
    <testcase name="Equals (364)" classname="spec_perl_TestExprBytesOps_t" time="3.60012054443359e-05" />
    <testcase name="Equals (365)" classname="spec_perl_TestExprBytesOps_t" time="3.19480895996094e-05" />
    <testcase name="Equals (366)" classname="spec_perl_TestExprBytesOps_t" time="3.60012054443359e-05" />
    <testcase name="Equals (367)" classname="spec_perl_TestExprBytesOps_t" time="3.00407409667969e-05" />
    <testcase name="Equals (368)" classname="spec_perl_TestExprBytesOps_t" time="3.09944152832031e-05" />
    <testcase name="Equals (369)" classname="spec_perl_TestExprBytesOps_t" time="3.00407409667969e-05" />
    <testcase name="Equals (370)" classname="spec_perl_TestExprBytesOps_t" time="3.19480895996094e-05" />
    <testcase name="Equals (371)" classname="spec_perl_TestExprBytesOps_t" time="3.00407409667969e-05" />
    <testcase name="Equals (372)" classname="spec_perl_TestExprBytesOps_t" time="3.40938568115234e-05" />
    <testcase name="Equals (373)" classname="spec_perl_TestExprBytesOps_t" time="2.88486480712891e-05" />
    <testcase name="Equals (374)" classname="spec_perl_TestExprBytesOps_t" time="3.00407409667969e-05" />
    <testcase name="Equals (375)" classname="spec_perl_TestExprBytesOps_t" time="3.09944152832031e-05" />
    <testcase name="Equals (376)" classname="spec_perl_TestExprBytesOps_t" time="2.90870666503906e-05" />
    <testcase name="Equals (377)" classname="spec_perl_TestExprBytesOps_t" time="2.88486480712891e-05" />
  </testsuite>
  <testsuite name="spec_perl_TestPositionToEnd_t" errors="0" failures="0" skipped="0" tests="2" time="0.0690019130706787">
    <system-out>1..2
ok 1 - Equals
ok 2 - Equals
</system-out>
    <testcase name="Equals (378)" classname="spec_perl_TestPositionToEnd_t" time="0.000221967697143555" />
    <testcase name="Equals (379)" classname="spec_perl_TestPositionToEnd_t" time="9.70363616943359e-05" />
  </testsuite>
  <testsuite name="spec_perl_TestNavParentFalse_t" errors="0" failures="0" skipped="0" tests="5" time="0.0651259422302246">
    <system-out>1..5
ok 1 - Equals
ok 2 - Equals
ok 3 - Equals
ok 4 - Equals
ok 5 - Equals
</system-out>
    <testcase name="Equals (380)" classname="spec_perl_TestNavParentFalse_t" time="0.000128984451293945" />
    <testcase name="Equals (381)" classname="spec_perl_TestNavParentFalse_t" time="5.10215759277344e-05" />
    <testcase name="Equals (382)" classname="spec_perl_TestNavParentFalse_t" time="9.51290130615234e-05" />
    <testcase name="Equals (383)" classname="spec_perl_TestNavParentFalse_t" time="9.89437103271484e-05" />
    <testcase name="Equals (384)" classname="spec_perl_TestNavParentFalse_t" time="0.000108003616333008" />
  </testsuite>
  <testsuite name="spec_perl_TestPositionAbs_t" errors="0" failures="0" skipped="0" tests="2" time="0.0686671733856201">
    <system-out>1..2
ok 1 - Equals
ok 2 - Equals
</system-out>
    <testcase name="Equals (385)" classname="spec_perl_TestPositionAbs_t" time="0.000204086303710938" />
    <testcase name="Equals (386)" classname="spec_perl_TestPositionAbs_t" time="9.48905944824219e-05" />
  </testsuite>
  <testsuite name="spec_perl_TestBitsSimpleLe_t" errors="0" failures="0" skipped="0" tests="14" time="0.0700950622558594">
    <system-out>1..14
ok 1 - Equals
ok 2 - Equals
ok 3 - Equals
ok 4 - Equals
ok 5 - Equals
ok 6 - Equals
ok 7 - Equals
ok 8 - Equals
ok 9 - Equals
ok 10 - Equals
ok 11 - Equals
ok 12 - Equals
ok 13 - Equals
ok 14 - Equals
</system-out>
    <testcase name="Equals (387)" classname="spec_perl_TestBitsSimpleLe_t" time="0.000168085098266602" />
    <testcase name="Equals (388)" classname="spec_perl_TestBitsSimpleLe_t" time="0.000108003616333008" />
    <testcase name="Equals (389)" classname="spec_perl_TestBitsSimpleLe_t" time="0.000108003616333008" />
    <testcase name="Equals (390)" classname="spec_perl_TestBitsSimpleLe_t" time="0.000127077102661133" />
    <testcase name="Equals (391)" classname="spec_perl_TestBitsSimpleLe_t" time="0.000128030776977539" />
    <testcase name="Equals (392)" classname="spec_perl_TestBitsSimpleLe_t" time="0.000131845474243164" />
    <testcase name="Equals (393)" classname="spec_perl_TestBitsSimpleLe_t" time="0.000133037567138672" />
    <testcase name="Equals (394)" classname="spec_perl_TestBitsSimpleLe_t" time="0.000116109848022461" />
    <testcase name="Equals (395)" classname="spec_perl_TestBitsSimpleLe_t" time="0.000121831893920898" />
    <testcase name="Equals (396)" classname="spec_perl_TestBitsSimpleLe_t" time="0.000131130218505859" />
    <testcase name="Equals (397)" classname="spec_perl_TestBitsSimpleLe_t" time="0.000118017196655273" />
    <testcase name="Equals (398)" classname="spec_perl_TestBitsSimpleLe_t" time="0.000121831893920898" />
    <testcase name="Equals (399)" classname="spec_perl_TestBitsSimpleLe_t" time="0.000120162963867188" />
    <testcase name="Equals (400)" classname="spec_perl_TestBitsSimpleLe_t" time="0.000123023986816406" />
  </testsuite>
  <testsuite name="spec_perl_TestTypeTernary2ndFalsy_t" errors="0" failures="0" skipped="0" tests="13" time="0.0730628967285156">
    <system-out>1..13
ok 1 - Equals
ok 2 - Equals
ok 3 - Equals
ok 4 - Approx equals
ok 5 - Approx equals
ok 6 - Equals
ok 7 - Equals
ok 8 - Equals
ok 9 - nil
ok 10 - Equals
ok 11 - Equals
ok 12 - Equals
ok 13 - Equals
</system-out>
    <testcase name="Equals (401)" classname="spec_perl_TestTypeTernary2ndFalsy_t" time="0.000228166580200195" />
    <testcase name="Equals (402)" classname="spec_perl_TestTypeTernary2ndFalsy_t" time="7.89165496826172e-05" />
    <testcase name="Equals (403)" classname="spec_perl_TestTypeTernary2ndFalsy_t" time="8.51154327392578e-05" />
    <testcase name="Approx equals (403)" classname="spec_perl_TestTypeTernary2ndFalsy_t" time="5.79357147216797e-05" />
    <testcase name="Approx equals (404)" classname="spec_perl_TestTypeTernary2ndFalsy_t" time="5.48362731933594e-05" />
    <testcase name="Equals (404)" classname="spec_perl_TestTypeTernary2ndFalsy_t" time="7.41481781005859e-05" />
    <testcase name="Equals (405)" classname="spec_perl_TestTypeTernary2ndFalsy_t" time="5.50746917724609e-05" />
    <testcase name="Equals (406)" classname="spec_perl_TestTypeTernary2ndFalsy_t" time="7.79628753662109e-05" />
    <testcase name="nil (406)" classname="spec_perl_TestTypeTernary2ndFalsy_t" time="5.38825988769531e-05" />
    <testcase name="Equals (407)" classname="spec_perl_TestTypeTernary2ndFalsy_t" time="7.29560852050781e-05" />
    <testcase name="Equals (408)" classname="spec_perl_TestTypeTernary2ndFalsy_t" time="0.000128984451293945" />
    <testcase name="Equals (409)" classname="spec_perl_TestTypeTernary2ndFalsy_t" time="7.51018524169922e-05" />
    <testcase name="Equals (410)" classname="spec_perl_TestTypeTernary2ndFalsy_t" time="0.000380039215087891" />
  </testsuite>
  <testsuite name="spec_perl_TestBitsSignedResB32Le_t" errors="0" failures="0" skipped="0" tests="1" time="0.0689058303833008">
    <system-out>1..1
ok 1 - Equals
</system-out>
    <testcase name="Equals (411)" classname="spec_perl_TestBitsSignedResB32Le_t" time="0.000204086303710938" />
  </testsuite>
  <testsuite name="spec_perl_TestExprEnum_t" errors="0" failures="0" skipped="0" tests="3" time="0.0789868831634521">
    <system-out>1..3
ok 1 - Equals
ok 2 - Equals
ok 3 - Equals
</system-out>
    <testcase name="Equals (412)" classname="spec_perl_TestExprEnum_t" time="0.000135898590087891" />
    <testcase name="Equals (413)" classname="spec_perl_TestExprEnum_t" time="0.00203108787536621" />
    <testcase name="Equals (414)" classname="spec_perl_TestExprEnum_t" time="5.79357147216797e-05" />
  </testsuite>
  <testsuite name="spec_perl_TestInstanceUserArray_t" errors="0" failures="0" skipped="0" tests="10" time="0.0707080364227295">
    <system-out>1..10
ok 1 - Equals
ok 2 - Equals
ok 3 - Equals
ok 4 - Equals
ok 5 - Equals
ok 6 - Equals
ok 7 - Equals
ok 8 - Equals
ok 9 - Equals
ok 10 - Equals
</system-out>
    <testcase name="Equals (415)" classname="spec_perl_TestInstanceUserArray_t" time="0.000226974487304688" />
    <testcase name="Equals (416)" classname="spec_perl_TestInstanceUserArray_t" time="9.20295715332031e-05" />
    <testcase name="Equals (417)" classname="spec_perl_TestInstanceUserArray_t" time="6.103515625e-05" />
    <testcase name="Equals (418)" classname="spec_perl_TestInstanceUserArray_t" time="0.00040888786315918" />
    <testcase name="Equals (419)" classname="spec_perl_TestInstanceUserArray_t" time="0.000138998031616211" />
    <testcase name="Equals (420)" classname="spec_perl_TestInstanceUserArray_t" time="0.000118017196655273" />
    <testcase name="Equals (421)" classname="spec_perl_TestInstanceUserArray_t" time="0.000126123428344727" />
    <testcase name="Equals (422)" classname="spec_perl_TestInstanceUserArray_t" time="0.000112056732177734" />
    <testcase name="Equals (423)" classname="spec_perl_TestInstanceUserArray_t" time="0.000129938125610352" />
    <testcase name="Equals (424)" classname="spec_perl_TestInstanceUserArray_t" time="0.000123977661132812" />
  </testsuite>
  <testsuite name="spec_perl_TestProcessRotate_t" errors="0" failures="0" skipped="0" tests="3" time="0.0726010799407959">
    <system-out>1..3
ok 1 - Equals
ok 2 - Equals
ok 3 - Equals
</system-out>
    <testcase name="Equals (425)" classname="spec_perl_TestProcessRotate_t" time="0.000165939331054688" />
    <testcase name="Equals (426)" classname="spec_perl_TestProcessRotate_t" time="6.60419464111328e-05" />
    <testcase name="Equals (427)" classname="spec_perl_TestProcessRotate_t" time="0.000113010406494141" />
  </testsuite>
  <testsuite name="spec_perl_TestExprStrOps_t" errors="0" failures="0" skipped="0" tests="17" time="0.0796298980712891">
    <system-out>1..17
ok 1 - Equals
ok 2 - Equals
ok 3 - Equals
ok 4 - Equals
ok 5 - Equals
ok 6 - Equals
ok 7 - Equals
ok 8 - Equals
ok 9 - Equals
ok 10 - Equals
ok 11 - Equals
ok 12 - Equals
ok 13 - Equals
ok 14 - Equals
ok 15 - Equals
ok 16 - Equals
ok 17 - Equals
</system-out>
    <testcase name="Equals (428)" classname="spec_perl_TestExprStrOps_t" time="0.000172138214111328" />
    <testcase name="Equals (429)" classname="spec_perl_TestExprStrOps_t" time="7.60555267333984e-05" />
    <testcase name="Equals (430)" classname="spec_perl_TestExprStrOps_t" time="0.000125885009765625" />
    <testcase name="Equals (431)" classname="spec_perl_TestExprStrOps_t" time="0.000127077102661133" />
    <testcase name="Equals (432)" classname="spec_perl_TestExprStrOps_t" time="0.000120878219604492" />
    <testcase name="Equals (433)" classname="spec_perl_TestExprStrOps_t" time="0.000117063522338867" />
    <testcase name="Equals (434)" classname="spec_perl_TestExprStrOps_t" time="0.000117063522338867" />
    <testcase name="Equals (435)" classname="spec_perl_TestExprStrOps_t" time="0.000116825103759766" />
    <testcase name="Equals (436)" classname="spec_perl_TestExprStrOps_t" time="0.00012516975402832" />
    <testcase name="Equals (437)" classname="spec_perl_TestExprStrOps_t" time="0.000108003616333008" />
    <testcase name="Equals (438)" classname="spec_perl_TestExprStrOps_t" time="0.0001678466796875" />
    <testcase name="Equals (439)" classname="spec_perl_TestExprStrOps_t" time="0.000130176544189453" />
    <testcase name="Equals (440)" classname="spec_perl_TestExprStrOps_t" time="0.000123977661132812" />
    <testcase name="Equals (441)" classname="spec_perl_TestExprStrOps_t" time="0.000128030776977539" />
    <testcase name="Equals (442)" classname="spec_perl_TestExprStrOps_t" time="0.000125885009765625" />
    <testcase name="Equals (443)" classname="spec_perl_TestExprStrOps_t" time="0.000117063522338867" />
    <testcase name="Equals (444)" classname="spec_perl_TestExprStrOps_t" time="0.000119924545288086" />
  </testsuite>
  <testsuite name="spec_perl_TestExpr0_t" errors="0" failures="0" skipped="0" tests="2" time="0.0689890384674072">
    <system-out>1..2
ok 1 - Equals
ok 2 - Equals
</system-out>
    <testcase name="Equals (445)" classname="spec_perl_TestExpr0_t" time="0.000211000442504883" />
    <testcase name="Equals (446)" classname="spec_perl_TestExpr0_t" time="9.51290130615234e-05" />
  </testsuite>
  <testsuite name="spec_perl_TestSwitchManualIntSizeElse_t" errors="0" failures="0" skipped="0" tests="10" time="0.0776472091674805">
    <system-out>1..10
ok 1 - Equals
ok 2 - Equals
ok 3 - Equals
ok 4 - Equals
ok 5 - Equals
ok 6 - Equals
ok 7 - Equals
ok 8 - Equals
ok 9 - Equals
ok 10 - Equals
</system-out>
    <testcase name="Equals (447)" classname="spec_perl_TestSwitchManualIntSizeElse_t" time="0.00065302848815918" />
    <testcase name="Equals (448)" classname="spec_perl_TestSwitchManualIntSizeElse_t" time="0.000102043151855469" />
    <testcase name="Equals (449)" classname="spec_perl_TestSwitchManualIntSizeElse_t" time="7.60555267333984e-05" />
    <testcase name="Equals (450)" classname="spec_perl_TestSwitchManualIntSizeElse_t" time="0.00014185905456543" />
    <testcase name="Equals (451)" classname="spec_perl_TestSwitchManualIntSizeElse_t" time="0.000127077102661133" />
    <testcase name="Equals (452)" classname="spec_perl_TestSwitchManualIntSizeElse_t" time="0.000139951705932617" />
    <testcase name="Equals (453)" classname="spec_perl_TestSwitchManualIntSizeElse_t" time="0.000133037567138672" />
    <testcase name="Equals (454)" classname="spec_perl_TestSwitchManualIntSizeElse_t" time="0.000130891799926758" />
    <testcase name="Equals (455)" classname="spec_perl_TestSwitchManualIntSizeElse_t" time="0.000144004821777344" />
    <testcase name="Equals (456)" classname="spec_perl_TestSwitchManualIntSizeElse_t" time="0.000118017196655273" />
  </testsuite>
  <testsuite name="spec_perl_TestRepeatUntilComplex_t" errors="0" failures="0" skipped="0" tests="15" time="0.0735421180725098">
    <system-out>1..15
ok 1 - Equals
ok 2 - Equals
ok 3 - Equals
ok 4 - Equals
ok 5 - Equals
ok 6 - Equals
ok 7 - Equals
ok 8 - Equals
ok 9 - Equals
ok 10 - Equals
ok 11 - Equals
ok 12 - Equals
ok 13 - Equals
ok 14 - Equals
ok 15 - Equals
</system-out>
    <testcase name="Equals (457)" classname="spec_perl_TestRepeatUntilComplex_t" time="0.000228166580200195" />
    <testcase name="Equals (458)" classname="spec_perl_TestRepeatUntilComplex_t" time="9.20295715332031e-05" />
    <testcase name="Equals (459)" classname="spec_perl_TestRepeatUntilComplex_t" time="7.70092010498047e-05" />
    <testcase name="Equals (460)" classname="spec_perl_TestRepeatUntilComplex_t" time="0.000159978866577148" />
[...]
    <testcase name="Equals (884)" classname="spec_perl_TestProcessRepeatUsertype_t" time="0.000139951705932617" />
  </testsuite>
  <testsuite name="spec_perl_TestExprSizeofValueSized_t" errors="0" failures="0" skipped="0" tests="5" time="0.071707010269165">
    <system-out>1..5
ok 1 - Equals
ok 2 - Equals
ok 3 - Equals
ok 4 - Equals
ok 5 - Equals
</system-out>
    <testcase name="Equals (885)" classname="spec_perl_TestExprSizeofValueSized_t" time="0.000495195388793945" />
    <testcase name="Equals (886)" classname="spec_perl_TestExprSizeofValueSized_t" time="7.20024108886719e-05" />
    <testcase name="Equals (887)" classname="spec_perl_TestExprSizeofValueSized_t" time="0.000104904174804688" />
    <testcase name="Equals (888)" classname="spec_perl_TestExprSizeofValueSized_t" time="0.000104904174804688" />
    <testcase name="Equals (889)" classname="spec_perl_TestExprSizeofValueSized_t" time="0.000104188919067383" />
  </testsuite>
  <testsuite name="spec_perl_TestParamsPassArrayInt_t" errors="0" failures="1" skipped="6" tests="7" time="0.0705990791320801">
    <system-out>1..7
not ok 1 - test_params_pass_array_int died (Can't use an undefined value as an ARRAY reference at spec/perl/TestParamsPassArrayInt.t line 14.)
ok 2 # skip test_params_pass_array_int died
ok 3 # skip test_params_pass_array_int died
ok 4 # skip test_params_pass_array_int died
ok 5 # skip test_params_pass_array_int died
ok 6 # skip test_params_pass_array_int died
ok 7 # skip test_params_pass_array_int died
</system-out>
    <testcase name="test_params_pass_array_int died (Can't use an undefined value as an ARRAY reference at spec/perl/TestParamsPassArrayInt.t line 14.) (889)" classname="spec_perl_TestParamsPassArrayInt_t" time="0.000603914260864258">
      <failure message="not ok 1 - test_params_pass_array_int died (Can't use an undefined value as an ARRAY reference at spec/perl/TestParamsPassArrayInt.t line 14.)" type="TAP::Parser::Result::Test"></failure>
    </testcase>
    <testcase name="Unnamed test case 889" classname="spec_perl_TestParamsPassArrayInt_t" time="0.001708984375">
      <skipped message="ok 2 # skip test_params_pass_array_int died" />
    </testcase>
    <testcase name="Unnamed test case 890" classname="spec_perl_TestParamsPassArrayInt_t" time="0.000298976898193359">
      <skipped message="ok 3 # skip test_params_pass_array_int died" />
    </testcase>
    <testcase name="Unnamed test case 891" classname="spec_perl_TestParamsPassArrayInt_t" time="6.91413879394531e-05">
      <skipped message="ok 4 # skip test_params_pass_array_int died" />
    </testcase>
    <testcase name="Unnamed test case 892" classname="spec_perl_TestParamsPassArrayInt_t" time="4.29153442382812e-05">
      <skipped message="ok 5 # skip test_params_pass_array_int died" />
    </testcase>
    <testcase name="Unnamed test case 893" classname="spec_perl_TestParamsPassArrayInt_t" time="8.10623168945312e-05">
      <skipped message="ok 6 # skip test_params_pass_array_int died" />
    </testcase>
    <testcase name="Unnamed test case 894" classname="spec_perl_TestParamsPassArrayInt_t" time="0.000192880630493164">
      <skipped message="ok 7 # skip test_params_pass_array_int died" />
    </testcase>
  </testsuite>
  <testsuite name="spec_perl_TestProcessCoerceSwitch_t" errors="0" failures="0" skipped="0" tests="3" time="0.0667648315429688">
    <system-out>1..3
ok 1 - Equals
ok 2 - Equals
ok 3 - Equals
</system-out>
    <testcase name="Equals (894)" classname="spec_perl_TestProcessCoerceSwitch_t" time="0.000383138656616211" />
    <testcase name="Equals (895)" classname="spec_perl_TestProcessCoerceSwitch_t" time="9.89437103271484e-05" />
    <testcase name="Equals (896)" classname="spec_perl_TestProcessCoerceSwitch_t" time="7.70092010498047e-05" />
  </testsuite>
  <testsuite name="spec_perl_TestValidOptionalId_t" errors="1" failures="0" skipped="0" tests="0" time="0.0654571056365967">
    <system-out></system-out>
    <testcase name="Test died too soon, even before plan. (896)" classname="spec_perl_TestValidOptionalId_t" time="0.0654571056365967">
      <failure message="The test suite died before a plan was produced. You need to have a plan." type="Plan">No plan</failure>
    </testcase>
  </testsuite>
  <testsuite name="spec_perl_TestNavParent3_t" errors="0" failures="0" skipped="0" tests="10" time="0.0718410015106201">
    <system-out>1..10
ok 1 - Equals
ok 2 - Equals
ok 3 - Equals
ok 4 - Equals
ok 5 - Equals
ok 6 - Equals
ok 7 - Equals
ok 8 - Equals
ok 9 - Equals
ok 10 - Equals
</system-out>
    <testcase name="Equals (897)" classname="spec_perl_TestNavParent3_t" time="0.000197887420654297" />
    <testcase name="Equals (898)" classname="spec_perl_TestNavParent3_t" time="8.29696655273438e-05" />
    <testcase name="Equals (899)" classname="spec_perl_TestNavParent3_t" time="6.50882720947266e-05" />
    <testcase name="Equals (900)" classname="spec_perl_TestNavParent3_t" time="0.000126123428344727" />
    <testcase name="Equals (901)" classname="spec_perl_TestNavParent3_t" time="0.000114917755126953" />
    <testcase name="Equals (902)" classname="spec_perl_TestNavParent3_t" time="0.000164031982421875" />
    <testcase name="Equals (903)" classname="spec_perl_TestNavParent3_t" time="0.000115871429443359" />
    <testcase name="Equals (904)" classname="spec_perl_TestNavParent3_t" time="0.000115156173706055" />
    <testcase name="Equals (905)" classname="spec_perl_TestNavParent3_t" time="0.000133991241455078" />
    <testcase name="Equals (906)" classname="spec_perl_TestNavParent3_t" time="0.000133037567138672" />
  </testsuite>
  <testsuite name="spec_perl_TestStrPadTerm_t" errors="0" failures="0" skipped="0" tests="4" time="0.0774919986724854">
    <system-out>1..4
ok 1 - Equals
ok 2 - Equals
ok 3 - Equals
ok 4 - Equals
</system-out>
    <testcase name="Equals (907)" classname="spec_perl_TestStrPadTerm_t" time="0.0002899169921875" />
    <testcase name="Equals (908)" classname="spec_perl_TestStrPadTerm_t" time="7.00950622558594e-05" />
    <testcase name="Equals (909)" classname="spec_perl_TestStrPadTerm_t" time="0.000140905380249023" />
    <testcase name="Equals (910)" classname="spec_perl_TestStrPadTerm_t" time="0.000120162963867188" />
  </testsuite>
  <testsuite name="spec_perl_TestEnumIf_t" errors="0" failures="0" skipped="0" tests="7" time="0.077362060546875">
    <system-out>1..7
ok 1 - Equals
ok 2 - Equals
ok 3 - Equals
ok 4 - Equals
ok 5 - Equals
ok 6 - Equals
ok 7 - Equals
</system-out>
    <testcase name="Equals (911)" classname="spec_perl_TestEnumIf_t" time="0.000317096710205078" />
    <testcase name="Equals (912)" classname="spec_perl_TestEnumIf_t" time="9.29832458496094e-05" />
    <testcase name="Equals (913)" classname="spec_perl_TestEnumIf_t" time="0.000127077102661133" />
    <testcase name="Equals (914)" classname="spec_perl_TestEnumIf_t" time="0.000129938125610352" />
    <testcase name="Equals (915)" classname="spec_perl_TestEnumIf_t" time="0.000132083892822266" />
    <testcase name="Equals (916)" classname="spec_perl_TestEnumIf_t" time="0.000131845474243164" />
    <testcase name="Equals (917)" classname="spec_perl_TestEnumIf_t" time="0.00011897087097168" />
  </testsuite>
  <testsuite name="spec_perl_TestProcessRepeatBytes_t" errors="0" failures="0" skipped="0" tests="2" time="0.0706338882446289">
    <system-out>1..2
ok 1 - Equals
ok 2 - Equals
</system-out>
    <testcase name="Equals (918)" classname="spec_perl_TestProcessRepeatBytes_t" time="0.000221967697143555" />
    <testcase name="Equals (919)" classname="spec_perl_TestProcessRepeatBytes_t" time="5.79357147216797e-05" />
  </testsuite>
  <testsuite name="spec_perl_TestExprBytesNonLiteral_t" errors="0" failures="0" skipped="0" tests="3" time="0.0710670948028564">
    <system-out>1..3
ok 1 - Equals
ok 2 - Equals
ok 3 - Equals
</system-out>
    <testcase name="Equals (920)" classname="spec_perl_TestExprBytesNonLiteral_t" time="0.000156164169311523" />
    <testcase name="Equals (921)" classname="spec_perl_TestExprBytesNonLiteral_t" time="0.000104904174804688" />
    <testcase name="Equals (922)" classname="spec_perl_TestExprBytesNonLiteral_t" time="0.00011897087097168" />
  </testsuite>
  <testsuite name="spec_perl_TestNavParent_t" errors="0" failures="0" skipped="0" tests="5" time="0.072321891784668">
    <system-out>1..5
ok 1 - Equals
ok 2 - Equals
ok 3 - Equals
ok 4 - Equals
ok 5 - Equals
</system-out>
    <testcase name="Equals (923)" classname="spec_perl_TestNavParent_t" time="0.000293970108032227" />
    <testcase name="Equals (924)" classname="spec_perl_TestNavParent_t" time="9.79900360107422e-05" />
    <testcase name="Equals (925)" classname="spec_perl_TestNavParent_t" time="0.000149965286254883" />
    <testcase name="Equals (926)" classname="spec_perl_TestNavParent_t" time="0.000127077102661133" />
    <testcase name="Equals (927)" classname="spec_perl_TestNavParent_t" time="0.000126838684082031" />
  </testsuite>
  <testsuite name="spec_perl_TestBitsByteAligned_t" errors="0" failures="0" skipped="0" tests="9" time="0.0707099437713623">
    <system-out>1..9
ok 1 - Equals
ok 2 - Equals
ok 3 - Equals
ok 4 - Equals
ok 5 - Equals
ok 6 - Equals
ok 7 - Equals
ok 8 - Equals
ok 9 - Equals
</system-out>
    <testcase name="Equals (928)" classname="spec_perl_TestBitsByteAligned_t" time="0.000215053558349609" />
    <testcase name="Equals (929)" classname="spec_perl_TestBitsByteAligned_t" time="9.58442687988281e-05" />
    <testcase name="Equals (930)" classname="spec_perl_TestBitsByteAligned_t" time="6.29425048828125e-05" />
    <testcase name="Equals (931)" classname="spec_perl_TestBitsByteAligned_t" time="7.60555267333984e-05" />
    <testcase name="Equals (932)" classname="spec_perl_TestBitsByteAligned_t" time="0.000165939331054688" />
    <testcase name="Equals (933)" classname="spec_perl_TestBitsByteAligned_t" time="7.70092010498047e-05" />
    <testcase name="Equals (934)" classname="spec_perl_TestBitsByteAligned_t" time="0.000147104263305664" />
    <testcase name="Equals (935)" classname="spec_perl_TestBitsByteAligned_t" time="0.000118017196655273" />
    <testcase name="Equals (936)" classname="spec_perl_TestBitsByteAligned_t" time="0.000128984451293945" />
  </testsuite>
  <testsuite name="spec_perl_TestTsPacketHeader_t" errors="0" failures="0" skipped="0" tests="7" time="0.0725870132446289">
    <system-out>1..7
ok 1 - Equals
ok 2 - Equals
ok 3 - Equals
ok 4 - Equals
ok 5 - Equals
ok 6 - Equals
ok 7 - Equals
</system-out>
    <testcase name="Equals (937)" classname="spec_perl_TestTsPacketHeader_t" time="0.000215053558349609" />
    <testcase name="Equals (938)" classname="spec_perl_TestTsPacketHeader_t" time="9.20295715332031e-05" />
    <testcase name="Equals (939)" classname="spec_perl_TestTsPacketHeader_t" time="7.48634338378906e-05" />
    <testcase name="Equals (940)" classname="spec_perl_TestTsPacketHeader_t" time="8.29696655273438e-05" />
    <testcase name="Equals (941)" classname="spec_perl_TestTsPacketHeader_t" time="5.50746917724609e-05" />
    <testcase name="Equals (942)" classname="spec_perl_TestTsPacketHeader_t" time="7.00950622558594e-05" />
    <testcase name="Equals (943)" classname="spec_perl_TestTsPacketHeader_t" time="6.89029693603516e-05" />
  </testsuite>
  <testsuite name="spec_perl_TestExprIntDiv_t" errors="0" failures="2" skipped="0" tests="6" time="0.0794198513031006">
    <system-out>1..6
ok 1 - Equals
ok 2 - Equals
ok 3 - Equals
not ok 4 - Equals
ok 5 - Equals
not ok 6 - Equals
</system-out>
    <testcase name="Equals (944)" classname="spec_perl_TestExprIntDiv_t" time="0.000168085098266602" />
    <testcase name="Equals (945)" classname="spec_perl_TestExprIntDiv_t" time="5.88893890380859e-05" />
    <testcase name="Equals (946)" classname="spec_perl_TestExprIntDiv_t" time="0.000190019607543945" />
    <testcase name="Equals (947)" classname="spec_perl_TestExprIntDiv_t" time="0.000160932540893555">
      <failure message="not ok 4 - Equals" type="TAP::Parser::Result::Test"></failure>
    </testcase>
    <testcase name="Equals (948)" classname="spec_perl_TestExprIntDiv_t" time="0.000967979431152344" />
    <testcase name="Equals (949)" classname="spec_perl_TestExprIntDiv_t" time="6.41345977783203e-05">
      <failure message="not ok 6 - Equals" type="TAP::Parser::Result::Test"></failure>
    </testcase>
  </testsuite>
  <testsuite name="spec_perl_TestUserType_t" errors="0" failures="0" skipped="0" tests="2" time="0.0769121646881104">
    <system-out>1..2
ok 1 - Equals
ok 2 - Equals
</system-out>
    <testcase name="Equals (950)" classname="spec_perl_TestUserType_t" time="0.000221967697143555" />
    <testcase name="Equals (951)" classname="spec_perl_TestUserType_t" time="0.000102043151855469" />
  </testsuite>
  <testsuite name="spec_perl_TestIfInstances_t" errors="0" failures="0" skipped="0" tests="1" time="0.0676519870758057">
    <system-out>1..1
ok 1 - nil
</system-out>
    <testcase name="nil (951)" classname="spec_perl_TestIfInstances_t" time="0.000213861465454102" />
  </testsuite>
  <testsuite name="spec_perl_TestProcessCoerceUsertype1_t" errors="0" failures="0" skipped="0" tests="4" time="0.0670559406280518">
    <system-out>1..4
ok 1 - Equals
ok 2 - Equals
ok 3 - Equals
ok 4 - Equals
</system-out>
    <testcase name="Equals (952)" classname="spec_perl_TestProcessCoerceUsertype1_t" time="0.000518083572387695" />
    <testcase name="Equals (953)" classname="spec_perl_TestProcessCoerceUsertype1_t" time="0.000104904174804688" />
    <testcase name="Equals (954)" classname="spec_perl_TestProcessCoerceUsertype1_t" time="0.000123023986816406" />
    <testcase name="Equals (955)" classname="spec_perl_TestProcessCoerceUsertype1_t" time="0.000150918960571289" />
  </testsuite>
  <testsuite name="spec_perl_TestRepeatNStrzDouble_t" errors="0" failures="0" skipped="0" tests="3" time="0.070807933807373">
    <system-out>1..3
ok 1 - Equals
ok 2 - Equals
ok 3 - Equals
</system-out>
    <testcase name="Equals (956)" classname="spec_perl_TestRepeatNStrzDouble_t" time="0.000217914581298828" />
    <testcase name="Equals (957)" classname="spec_perl_TestRepeatNStrzDouble_t" time="0.000137090682983398" />
    <testcase name="Equals (958)" classname="spec_perl_TestRepeatNStrzDouble_t" time="6.103515625e-05" />
  </testsuite>
  <testsuite name="spec_perl_TestFixedContents_t" errors="0" failures="0" skipped="1" tests="1" time="0.0729877948760986">
    <system-out>1..1
ok 1 # skip FixedContents=HASH(0x55856617ee10)
</system-out>
    <testcase name="Unnamed test case 958" classname="spec_perl_TestFixedContents_t" time="0.00114989280700684">
      <skipped message="ok 1 # skip FixedContents=HASH(0x55856617ee10)" />
    </testcase>
  </testsuite>
  <testsuite name="spec_perl_TestEnumToI_t" errors="0" failures="0" skipped="0" tests="7" time="0.0714719295501709">
    <system-out>1..7
ok 1 - Equals
ok 2 - Equals
ok 3 - Equals
ok 4 - Equals
ok 5 - Equals
ok 6 - Equals
ok 7 - Equals
</system-out>
    <testcase name="Equals (959)" classname="spec_perl_TestEnumToI_t" time="0.000219106674194336" />
    <testcase name="Equals (960)" classname="spec_perl_TestEnumToI_t" time="8.29696655273438e-05" />
    <testcase name="Equals (961)" classname="spec_perl_TestEnumToI_t" time="8.20159912109375e-05" />
    <testcase name="Equals (962)" classname="spec_perl_TestEnumToI_t" time="6.60419464111328e-05" />
    <testcase name="Equals (963)" classname="spec_perl_TestEnumToI_t" time="0.00011897087097168" />
    <testcase name="Equals (964)" classname="spec_perl_TestEnumToI_t" time="0.000121116638183594" />
    <testcase name="Equals (965)" classname="spec_perl_TestEnumToI_t" time="0.000107765197753906" />
  </testsuite>
  <testsuite name="spec_perl_TestBitsEnum_t" errors="0" failures="0" skipped="0" tests="3" time="0.0660440921783447">
    <system-out>1..3
ok 1 - Equals
ok 2 - Equals
ok 3 - Equals
</system-out>
    <testcase name="Equals (966)" classname="spec_perl_TestBitsEnum_t" time="0.00018000602722168" />
    <testcase name="Equals (967)" classname="spec_perl_TestBitsEnum_t" time="7.08103179931641e-05" />
    <testcase name="Equals (968)" classname="spec_perl_TestBitsEnum_t" time="6.31809234619141e-05" />
  </testsuite>
  <testsuite name="spec_perl_TestValidSwitch_t" errors="0" failures="0" skipped="1" tests="1" time="0.0686841011047363">
    <system-out>1..1
ok 1 # skip ValidSwitch=HASH(0x5632e73977c8)
</system-out>
    <testcase name="Unnamed test case 968" classname="spec_perl_TestValidSwitch_t" time="0.00113892555236816">
      <skipped message="ok 1 # skip ValidSwitch=HASH(0x5632e73977c8)" />
    </testcase>
  </testsuite>
  <testsuite name="spec_perl_TestBitsSignedShiftB64Le_t" errors="0" failures="0" skipped="0" tests="2" time="0.0678949356079102">
    <system-out>1..2
ok 1 - Equals
ok 2 - Equals
</system-out>
    <testcase name="Equals (969)" classname="spec_perl_TestBitsSignedShiftB64Le_t" time="0.000210046768188477" />
    <testcase name="Equals (970)" classname="spec_perl_TestBitsSignedShiftB64Le_t" time="9.60826873779297e-05" />
  </testsuite>
  <testsuite name="spec_perl_TestIntegersDoubleOverflow_t" errors="0" failures="0" skipped="0" tests="8" time="0.0670599937438965">
    <system-out>1..8
ok 1 - Equals
ok 2 - Equals
ok 3 - Equals
ok 4 - Equals
ok 5 - Equals
ok 6 - Equals
ok 7 - Equals
ok 8 - Equals
</system-out>
    <testcase name="Equals (971)" classname="spec_perl_TestIntegersDoubleOverflow_t" time="0.00023198127746582" />
    <testcase name="Equals (972)" classname="spec_perl_TestIntegersDoubleOverflow_t" time="8.48770141601562e-05" />
    <testcase name="Equals (973)" classname="spec_perl_TestIntegersDoubleOverflow_t" time="8.392333984375e-05" />
    <testcase name="Equals (974)" classname="spec_perl_TestIntegersDoubleOverflow_t" time="6.31809234619141e-05" />
    <testcase name="Equals (975)" classname="spec_perl_TestIntegersDoubleOverflow_t" time="7.29560852050781e-05" />
    <testcase name="Equals (976)" classname="spec_perl_TestIntegersDoubleOverflow_t" time="6.89029693603516e-05" />
    <testcase name="Equals (977)" classname="spec_perl_TestIntegersDoubleOverflow_t" time="8.91685485839844e-05" />
    <testcase name="Equals (978)" classname="spec_perl_TestIntegersDoubleOverflow_t" time="0.000147819519042969" />
  </testsuite>
  <testsuite name="spec_perl_TestBitsShiftByB64Le_t" errors="0" failures="0" skipped="0" tests="2" time="0.0709559917449951">
    <system-out>1..2
ok 1 - Equals
ok 2 - Equals
</system-out>
    <testcase name="Equals (979)" classname="spec_perl_TestBitsShiftByB64Le_t" time="0.000207901000976562" />
    <testcase name="Equals (980)" classname="spec_perl_TestBitsShiftByB64Le_t" time="0.000106096267700195" />
  </testsuite>
  <testsuite name="spec_perl_TestBitsUnalignedB32Le_t" errors="0" failures="0" skipped="0" tests="3" time="0.0698859691619873">
    <system-out>1..3
ok 1 - Equals
ok 2 - Equals
ok 3 - Equals
</system-out>
    <testcase name="Equals (981)" classname="spec_perl_TestBitsUnalignedB32Le_t" time="0.000164985656738281" />
    <testcase name="Equals (982)" classname="spec_perl_TestBitsUnalignedB32Le_t" time="7.51018524169922e-05" />
    <testcase name="Equals (983)" classname="spec_perl_TestBitsUnalignedB32Le_t" time="0.00014185905456543" />
  </testsuite>
  <testsuite name="spec_perl_TestDefaultBitEndianMod_t" errors="0" failures="0" skipped="0" tests="4" time="0.0679869651794434">
    <system-out>1..4
ok 1 - Equals
ok 2 - Equals
ok 3 - Equals
ok 4 - Equals
</system-out>
    <testcase name="Equals (984)" classname="spec_perl_TestDefaultBitEndianMod_t" time="0.000149965286254883" />
    <testcase name="Equals (985)" classname="spec_perl_TestDefaultBitEndianMod_t" time="9.29832458496094e-05" />
    <testcase name="Equals (986)" classname="spec_perl_TestDefaultBitEndianMod_t" time="0.000125885009765625" />
    <testcase name="Equals (987)" classname="spec_perl_TestDefaultBitEndianMod_t" time="0.000116109848022461" />
  </testsuite>
</testsuites>
