<?xml version='1.0' encoding='utf-8'?>
<testsuites>
  <testsuite name="spec_perl_TestStrLiterals2_t" errors="0" failures="0" skipped="0" tests="4" time="0.0519728660583496">
    <system-out>1..4
ok 1 - Equals
ok 2 - Equals
ok 3 - Equals
ok 4 - Equals
</system-out>
    <testcase name="Equals" classname="spec_perl_TestStrLiterals2_t" time="0.000279903411865234" />
    <testcase name="Equals (2)" classname="spec_perl_TestStrLiterals2_t" time="0.000115871429443359" />
    <testcase name="Equals (3)" classname="spec_perl_TestStrLiterals2_t" time="0.000201225280761719" />
    <testcase name="Equals (4)" classname="spec_perl_TestStrLiterals2_t" time="0.000176906585693359" />
  </testsuite>
  <testsuite name="spec_perl_TestExprSizeofValueSized_t" errors="0" failures="0" skipped="0" tests="5" time="0.0475208759307861">
    <system-out>1..5
ok 1 - Equals
ok 2 - Equals
ok 3 - Equals
ok 4 - Equals
ok 5 - Equals
</system-out>
    <testcase name="Equals (5)" classname="spec_perl_TestExprSizeofValueSized_t" time="0.000592947006225586" />
    <testcase name="Equals (6)" classname="spec_perl_TestExprSizeofValueSized_t" time="0.000119924545288086" />
    <testcase name="Equals (7)" classname="spec_perl_TestExprSizeofValueSized_t" time="6.60419464111328e-05" />
    <testcase name="Equals (8)" classname="spec_perl_TestExprSizeofValueSized_t" time="7.79628753662109e-05" />
    <testcase name="Equals (9)" classname="spec_perl_TestExprSizeofValueSized_t" time="7.20024108886719e-05" />
  </testsuite>
  <testsuite name="spec_perl_TestNestedSameName_t" errors="0" failures="0" skipped="0" tests="2" time="0.0459859371185303">
    <system-out>1..2
ok 1 - Equals
ok 2 - Equals
</system-out>
    <testcase name="Equals (10)" classname="spec_perl_TestNestedSameName_t" time="0.000232219696044922" />
    <testcase name="Equals (11)" classname="spec_perl_TestNestedSameName_t" time="9.08374786376953e-05" />
  </testsuite>
  <testsuite name="spec_perl_TestEofExceptionU4_t" errors="0" failures="0" skipped="0" tests="1" time="0.0558681488037109">
    <system-out>1..1
ok 1 - Died
</system-out>
    <testcase name="Died (11)" classname="spec_perl_TestEofExceptionU4_t" time="0.000250101089477539" />
  </testsuite>
  <testsuite name="spec_perl_TestRepeatEosBit_t" errors="0" failures="0" skipped="0" tests="1" time="0.0437040328979492">
    <system-out>1..1
ok 1 - Equals
</system-out>
    <testcase name="Equals (12)" classname="spec_perl_TestRepeatEosBit_t" time="0.000316143035888672" />
  </testsuite>
  <testsuite name="spec_perl_TestEnumDeepLiterals_t" errors="0" failures="0" skipped="0" tests="2" time="0.0434041023254395">
    <system-out>1..2
ok 1 - Equals
ok 2 - Equals
</system-out>
    <testcase name="Equals (13)" classname="spec_perl_TestEnumDeepLiterals_t" time="0.000188112258911133" />
    <testcase name="Equals (14)" classname="spec_perl_TestEnumDeepLiterals_t" time="0.000118017196655273" />
  </testsuite>
  <testsuite name="spec_perl_TestDefaultEndianExprInherited_t" errors="0" failures="0" skipped="0" tests="15" time="0.0566020011901855">
    <system-out>1..15
ok 1 - Equals
ok 2 - Equals
ok 3 - Equals
ok 4 - Equals
ok 5 - Equals
ok 6 - Equals
ok 7 - Equals
ok 8 - Equals
ok 9 - Equals
ok 10 - Equals
ok 11 - Equals
ok 12 - Equals
ok 13 - Equals
ok 14 - Equals
ok 15 - Equals
</system-out>
    <testcase name="Equals (15)" classname="spec_perl_TestDefaultEndianExprInherited_t" time="0.000452995300292969" />
    <testcase name="Equals (16)" classname="spec_perl_TestDefaultEndianExprInherited_t" time="0.000119924545288086" />
    <testcase name="Equals (17)" classname="spec_perl_TestDefaultEndianExprInherited_t" time="0.000149011611938477" />
    <testcase name="Equals (18)" classname="spec_perl_TestDefaultEndianExprInherited_t" time="0.000146150588989258" />
    <testcase name="Equals (19)" classname="spec_perl_TestDefaultEndianExprInherited_t" time="0.00020599365234375" />
    <testcase name="Equals (20)" classname="spec_perl_TestDefaultEndianExprInherited_t" time="0.000200033187866211" />
    <testcase name="Equals (21)" classname="spec_perl_TestDefaultEndianExprInherited_t" time="0.000180959701538086" />
    <testcase name="Equals (22)" classname="spec_perl_TestDefaultEndianExprInherited_t" time="0.000190019607543945" />
    <testcase name="Equals (23)" classname="spec_perl_TestDefaultEndianExprInherited_t" time="0.000161886215209961" />
    <testcase name="Equals (24)" classname="spec_perl_TestDefaultEndianExprInherited_t" time="0.000165939331054688" />
    <testcase name="Equals (25)" classname="spec_perl_TestDefaultEndianExprInherited_t" time="0.000193119049072266" />
    <testcase name="Equals (26)" classname="spec_perl_TestDefaultEndianExprInherited_t" time="0.000154972076416016" />
    <testcase name="Equals (27)" classname="spec_perl_TestDefaultEndianExprInherited_t" time="0.000199079513549805" />
    <testcase name="Equals (28)" classname="spec_perl_TestDefaultEndianExprInherited_t" time="0.000124931335449219" />
    <testcase name="Equals (29)" classname="spec_perl_TestDefaultEndianExprInherited_t" time="0.000189065933227539" />
  </testsuite>
  <testsuite name="spec_perl_TestNavParentSwitchCast_t" errors="0" failures="0" skipped="0" tests="3" time="0.0529448986053467">
    <system-out>1..3
ok 1 - Equals
ok 2 - Equals
ok 3 - Equals
</system-out>
    <testcase name="Equals (30)" classname="spec_perl_TestNavParentSwitchCast_t" time="0.000677824020385742" />
    <testcase name="Equals (31)" classname="spec_perl_TestNavParentSwitchCast_t" time="0.000111103057861328" />
    <testcase name="Equals (32)" classname="spec_perl_TestNavParentSwitchCast_t" time="0.000184059143066406" />
  </testsuite>
  <testsuite name="spec_perl_TestParamsCallShort_t" errors="0" failures="3" skipped="0" tests="3" time="0.0558960437774658">
    <system-out>1..3
not ok 1 - Equals
not ok 2 - Equals
not ok 3 - Equals
</system-out>
    <testcase name="Equals (33)" classname="spec_perl_TestParamsCallShort_t" time="0.00239396095275879">
      <failure message="not ok 1 - Equals" type="TAP::Parser::Result::Test"></failure>
    </testcase>
    <testcase name="Equals (34)" classname="spec_perl_TestParamsCallShort_t" time="0.00136017799377441">
      <failure message="not ok 2 - Equals" type="TAP::Parser::Result::Test"></failure>
    </testcase>
    <testcase name="Equals (35)" classname="spec_perl_TestParamsCallShort_t" time="0.00132894515991211">
      <failure message="not ok 3 - Equals" type="TAP::Parser::Result::Test"></failure>
    </testcase>
  </testsuite>
  <testsuite name="spec_perl_TestParamsPassArrayUsertype_t" errors="0" failures="1" skipped="4" tests="5" time="0.0575821399688721">
    <system-out>1..5
not ok 1 - test_params_pass_array_usertype died (Can't use an undefined value as an ARRAY reference at compiled/perl/ParamsPassArrayUsertype.pm line 123.)
ok 2 # skip test_params_pass_array_usertype died
ok 3 # skip test_params_pass_array_usertype died
ok 4 # skip test_params_pass_array_usertype died
ok 5 # skip test_params_pass_array_usertype died
</system-out>
    <testcase name="test_params_pass_array_usertype died (Can't use an undefined value as an ARRAY reference at compiled/perl/ParamsPassArrayUsertype.pm line 123.) (35)" classname="spec_perl_TestParamsPassArrayUsertype_t" time="0.000240087509155273">
      <failure message="not ok 1 - test_params_pass_array_usertype died (Can't use an undefined value as an ARRAY reference at compiled/perl/ParamsPassArrayUsertype.pm line 123.)" type="TAP::Parser::Result::Test"></failure>
    </testcase>
    <testcase name="Unnamed test case 35" classname="spec_perl_TestParamsPassArrayUsertype_t" time="0.00044703483581543">
      <skipped message="ok 2 # skip test_params_pass_array_usertype died" />
    </testcase>
    <testcase name="Unnamed test case 36" classname="spec_perl_TestParamsPassArrayUsertype_t" time="0.000416040420532227">
      <skipped message="ok 3 # skip test_params_pass_array_usertype died" />
    </testcase>
    <testcase name="Unnamed test case 37" classname="spec_perl_TestParamsPassArrayUsertype_t" time="0.000397920608520508">
      <skipped message="ok 4 # skip test_params_pass_array_usertype died" />
    </testcase>
    <testcase name="Unnamed test case 38" classname="spec_perl_TestParamsPassArrayUsertype_t" time="0.000359058380126953">
      <skipped message="ok 5 # skip test_params_pass_array_usertype died" />
    </testcase>
  </testsuite>
  <testsuite name="spec_perl_TestExprIoEof_t" errors="0" failures="0" skipped="0" tests="4" time="0.056959867477417">
    <system-out>1..4
ok 1 - Equals
ok 2 - nil
ok 3 - Equals
ok 4 - Equals
</system-out>
    <testcase name="Equals (38)" classname="spec_perl_TestExprIoEof_t" time="0.000840902328491211" />
    <testcase name="nil (38)" classname="spec_perl_TestExprIoEof_t" time="0.000123023986816406" />
    <testcase name="Equals (39)" classname="spec_perl_TestExprIoEof_t" time="4.69684600830078e-05" />
    <testcase name="Equals (40)" classname="spec_perl_TestExprIoEof_t" time="6.19888305664062e-05" />
  </testsuite>
  <testsuite name="spec_perl_TestEnumForUnknownId_t" errors="0" failures="0" skipped="0" tests="1" time="0.0430560111999512">
    <system-out>1..1
ok 1 - Equals
</system-out>
    <testcase name="Equals (41)" classname="spec_perl_TestEnumForUnknownId_t" time="0.000174045562744141" />
  </testsuite>
  <testsuite name="spec_perl_TestInstanceUserArray_t" errors="0" failures="0" skipped="0" tests="10" time="0.04740309715271">
    <system-out>1..10
ok 1 - Equals
ok 2 - Equals
ok 3 - Equals
ok 4 - Equals
ok 5 - Equals
ok 6 - Equals
ok 7 - Equals
ok 8 - Equals
ok 9 - Equals
ok 10 - Equals
</system-out>
    <testcase name="Equals (42)" classname="spec_perl_TestInstanceUserArray_t" time="0.00024104118347168" />
    <testcase name="Equals (43)" classname="spec_perl_TestInstanceUserArray_t" time="0.000102043151855469" />
    <testcase name="Equals (44)" classname="spec_perl_TestInstanceUserArray_t" time="6.19888305664062e-05" />
    <testcase name="Equals (45)" classname="spec_perl_TestInstanceUserArray_t" time="0.000577926635742188" />
    <testcase name="Equals (46)" classname="spec_perl_TestInstanceUserArray_t" time="0.000111103057861328" />
    <testcase name="Equals (47)" classname="spec_perl_TestInstanceUserArray_t" time="6.38961791992188e-05" />
    <testcase name="Equals (48)" classname="spec_perl_TestInstanceUserArray_t" time="9.89437103271484e-05" />
    <testcase name="Equals (49)" classname="spec_perl_TestInstanceUserArray_t" time="8.20159912109375e-05" />
    <testcase name="Equals (50)" classname="spec_perl_TestInstanceUserArray_t" time="0.000137090682983398" />
    <testcase name="Equals (51)" classname="spec_perl_TestInstanceUserArray_t" time="9.20295715332031e-05" />
  </testsuite>
  <testsuite name="spec_perl_TestValidSwitch_t" errors="1" failures="0" skipped="0" tests="0" time="0.0553147792816162">
    <system-out></system-out>
    <testcase name="Test died too soon, even before plan. (51)" classname="spec_perl_TestValidSwitch_t" time="0.0553147792816162">
      <failure message="The test suite died before a plan was produced. You need to have a plan." type="Plan">No plan</failure>
    </testcase>
  </testsuite>
  <testsuite name="spec_perl_TestTypeTernary2ndFalsy_t" errors="0" failures="1" skipped="0" tests="13" time="0.0579280853271484">
    <system-out>1..13
ok 1 - Equals
ok 2 - Equals
ok 3 - Equals
ok 4 - Approx equals
ok 5 - Approx equals
ok 6 - Equals
ok 7 - Equals
ok 8 - Equals
ok 9 - nil
ok 10 - Equals
ok 11 - Equals
ok 12 - Equals
not ok 13 - test_type_ternary_2nd_falsy died (Can't use an undefined value as an ARRAY reference at spec/perl/TestTypeTernary2ndFalsy.t line 27.)
</system-out>
    <testcase name="Equals (52)" classname="spec_perl_TestTypeTernary2ndFalsy_t" time="0.000346899032592773" />
    <testcase name="Equals (53)" classname="spec_perl_TestTypeTernary2ndFalsy_t" time="9.10758972167969e-05" />
    <testcase name="Equals (54)" classname="spec_perl_TestTypeTernary2ndFalsy_t" time="0.000186920166015625" />
    <testcase name="Approx equals (54)" classname="spec_perl_TestTypeTernary2ndFalsy_t" time="6.81877136230469e-05" />
    <testcase name="Approx equals (55)" classname="spec_perl_TestTypeTernary2ndFalsy_t" time="5.29289245605469e-05" />
    <testcase name="Equals (55)" classname="spec_perl_TestTypeTernary2ndFalsy_t" time="0.000166893005371094" />
    <testcase name="Equals (56)" classname="spec_perl_TestTypeTernary2ndFalsy_t" time="0.000174999237060547" />
    <testcase name="Equals (57)" classname="spec_perl_TestTypeTernary2ndFalsy_t" time="0.000164985656738281" />
    <testcase name="nil (57)" classname="spec_perl_TestTypeTernary2ndFalsy_t" time="6.91413879394531e-05" />
    <testcase name="Equals (58)" classname="spec_perl_TestTypeTernary2ndFalsy_t" time="0.000179052352905273" />
    <testcase name="Equals (59)" classname="spec_perl_TestTypeTernary2ndFalsy_t" time="0.000168800354003906" />
    <testcase name="Equals (60)" classname="spec_perl_TestTypeTernary2ndFalsy_t" time="0.000146150588989258" />
    <testcase name="test_type_ternary_2nd_falsy died (Can't use an undefined value as an ARRAY reference at spec/perl/TestTypeTernary2ndFalsy.t line 27.) (60)" classname="spec_perl_TestTypeTernary2ndFalsy_t" time="0.000349044799804688">
      <failure message="not ok 13 - test_type_ternary_2nd_falsy died (Can't use an undefined value as an ARRAY reference at spec/perl/TestTypeTernary2ndFalsy.t line 27.)" type="TAP::Parser::Result::Test"></failure>
    </testcase>
  </testsuite>
  <testsuite name="spec_perl_TestIndexToParamExpr_t" errors="0" failures="2" skipped="0" tests="7" time="0.0807349681854248">
    <system-out>1..7
ok 1 - Equals
ok 2 - Equals
ok 3 - Equals
ok 4 - Equals
ok 5 - Equals
not ok 6 - Equals
not ok 7 - Equals
</system-out>
    <testcase name="Equals (61)" classname="spec_perl_TestIndexToParamExpr_t" time="0.000239849090576172" />
    <testcase name="Equals (62)" classname="spec_perl_TestIndexToParamExpr_t" time="0.000437021255493164" />
    <testcase name="Equals (63)" classname="spec_perl_TestIndexToParamExpr_t" time="0.000287055969238281" />
    <testcase name="Equals (64)" classname="spec_perl_TestIndexToParamExpr_t" time="0.000309944152832031" />
    <testcase name="Equals (65)" classname="spec_perl_TestIndexToParamExpr_t" time="0.000291109085083008" />
    <testcase name="Equals (66)" classname="spec_perl_TestIndexToParamExpr_t" time="0.000385046005249023">
      <failure message="not ok 6 - Equals" type="TAP::Parser::Result::Test"></failure>
    </testcase>
    <testcase name="Equals (67)" classname="spec_perl_TestIndexToParamExpr_t" time="0.000946998596191406">
      <failure message="not ok 7 - Equals" type="TAP::Parser::Result::Test"></failure>
    </testcase>
  </testsuite>
  <testsuite name="spec_perl_TestParamsPassArrayStr_t" errors="0" failures="1" skipped="6" tests="7" time="0.0610799789428711">
    <system-out>1..7
not ok 1 - test_params_pass_array_str died (Can't use an undefined value as an ARRAY reference at spec/perl/TestParamsPassArrayStr.t line 15.)
ok 2 # skip test_params_pass_array_str died
ok 3 # skip test_params_pass_array_str died
ok 4 # skip test_params_pass_array_str died
ok 5 # skip test_params_pass_array_str died
ok 6 # skip test_params_pass_array_str died
ok 7 # skip test_params_pass_array_str died
</system-out>
    <testcase name="test_params_pass_array_str died (Can't use an undefined value as an ARRAY reference at spec/perl/TestParamsPassArrayStr.t line 15.) (67)" classname="spec_perl_TestParamsPassArrayStr_t" time="0.000858783721923828">
      <failure message="not ok 1 - test_params_pass_array_str died (Can't use an undefined value as an ARRAY reference at spec/perl/TestParamsPassArrayStr.t line 15.)" type="TAP::Parser::Result::Test"></failure>
    </testcase>
    <testcase name="Unnamed test case 67" classname="spec_perl_TestParamsPassArrayStr_t" time="0.000769138336181641">
      <skipped message="ok 2 # skip test_params_pass_array_str died" />
    </testcase>
    <testcase name="Unnamed test case 68" classname="spec_perl_TestParamsPassArrayStr_t" time="0.000335931777954102">
      <skipped message="ok 3 # skip test_params_pass_array_str died" />
    </testcase>
    <testcase name="Unnamed test case 69" classname="spec_perl_TestParamsPassArrayStr_t" time="0.000332117080688477">
      <skipped message="ok 4 # skip test_params_pass_array_str died" />
    </testcase>
    <testcase name="Unnamed test case 70" classname="spec_perl_TestParamsPassArrayStr_t" time="0.000341892242431641">
      <skipped message="ok 5 # skip test_params_pass_array_str died" />
    </testcase>
    <testcase name="Unnamed test case 71" classname="spec_perl_TestParamsPassArrayStr_t" time="0.000311136245727539">
      <skipped message="ok 6 # skip test_params_pass_array_str died" />
    </testcase>
    <testcase name="Unnamed test case 72" classname="spec_perl_TestParamsPassArrayStr_t" time="0.000333786010742188">
      <skipped message="ok 7 # skip test_params_pass_array_str died" />
    </testcase>
  </testsuite>
  <testsuite name="spec_perl_TestExprBytesCmp_t" errors="0" failures="0" skipped="0" tests="10" time="0.0516109466552734">
    <system-out>1..10
ok 1 - Equals
ok 2 - Equals
ok 3 - Equals
ok 4 - Equals
ok 5 - Equals
ok 6 - Equals
ok 7 - Equals
ok 8 - Equals
ok 9 - Equals
ok 10 - Equals
</system-out>
    <testcase name="Equals (72)" classname="spec_perl_TestExprBytesCmp_t" time="0.000326871871948242" />
    <testcase name="Equals (73)" classname="spec_perl_TestExprBytesCmp_t" time="0.000101089477539062" />
    <testcase name="Equals (74)" classname="spec_perl_TestExprBytesCmp_t" time="0.000180959701538086" />
    <testcase name="Equals (75)" classname="spec_perl_TestExprBytesCmp_t" time="0.00020909309387207" />
    <testcase name="Equals (76)" classname="spec_perl_TestExprBytesCmp_t" time="0.000197887420654297" />
    <testcase name="Equals (77)" classname="spec_perl_TestExprBytesCmp_t" time="0.000180959701538086" />
    <testcase name="Equals (78)" classname="spec_perl_TestExprBytesCmp_t" time="0.000178098678588867" />
    <testcase name="Equals (79)" classname="spec_perl_TestExprBytesCmp_t" time="0.000164985656738281" />
    <testcase name="Equals (80)" classname="spec_perl_TestExprBytesCmp_t" time="0.00018310546875" />
    <testcase name="Equals (81)" classname="spec_perl_TestExprBytesCmp_t" time="0.000216960906982422" />
  </testsuite>
  <testsuite name="spec_perl_TestPositionInSeq_t" errors="0" failures="0" skipped="0" tests="1" time="0.0457780361175537">
    <system-out>1..1
ok 1 - Equals
</system-out>
    <testcase name="Equals (82)" classname="spec_perl_TestPositionInSeq_t" time="0.000247001647949219" />
  </testsuite>
  <testsuite name="spec_perl_TestInstanceStd_t" errors="0" failures="0" skipped="0" tests="1" time="0.0515508651733398">
    <system-out>1..1
ok 1 - Equals
</system-out>
    <testcase name="Equals (83)" classname="spec_perl_TestInstanceStd_t" time="0.000217914581298828" />
  </testsuite>
  <testsuite name="spec_perl_TestExprBytesOps_t" errors="1" failures="0" skipped="0" tests="0" time="0.0606250762939453">
    <system-out></system-out>
    <testcase name="Test died too soon, even before plan. (83)" classname="spec_perl_TestExprBytesOps_t" time="0.0606250762939453">
      <failure message="The test suite died before a plan was produced. You need to have a plan." type="Plan">No plan</failure>
    </testcase>
  </testsuite>
  <testsuite name="spec_perl_TestImportsCircularA_t" errors="0" failures="0" skipped="0" tests="5" time="0.0468158721923828">
    <system-out>1..5
ok 1 - Equals
ok 2 - Equals
ok 3 - Equals
ok 4 - Equals
ok 5 - nil
</system-out>
    <testcase name="Equals (84)" classname="spec_perl_TestImportsCircularA_t" time="0.000252008438110352" />
    <testcase name="Equals (85)" classname="spec_perl_TestImportsCircularA_t" time="0.000105142593383789" />
    <testcase name="Equals (86)" classname="spec_perl_TestImportsCircularA_t" time="8.58306884765625e-05" />
    <testcase name="Equals (87)" classname="spec_perl_TestImportsCircularA_t" time="0.000154972076416016" />
    <testcase name="nil (87)" classname="spec_perl_TestImportsCircularA_t" time="6.41345977783203e-05" />
  </testsuite>
  <testsuite name="spec_perl_TestExprOpsParens_t" errors="1" failures="0" skipped="0" tests="0" time="0.0447449684143066">
    <system-out></system-out>
    <testcase name="Test died too soon, even before plan. (87)" classname="spec_perl_TestExprOpsParens_t" time="0.0447449684143066">
      <failure message="The test suite died before a plan was produced. You need to have a plan." type="Plan">No plan</failure>
    </testcase>
  </testsuite>
  <testsuite name="spec_perl_TestIfValues_t" errors="0" failures="0" skipped="0" tests="6" time="0.053969144821167">
    <system-out>1..6
ok 1 - Equals
ok 2 - Equals
ok 3 - Equals
ok 4 - nil
ok 5 - Equals
ok 6 - nil
</system-out>
    <testcase name="Equals (88)" classname="spec_perl_TestIfValues_t" time="0.000340938568115234" />
    <testcase name="Equals (89)" classname="spec_perl_TestIfValues_t" time="0.000199079513549805" />
    <testcase name="Equals (90)" classname="spec_perl_TestIfValues_t" time="0.000154972076416016" />
    <testcase name="nil (90)" classname="spec_perl_TestIfValues_t" time="0.000108003616333008" />
    <testcase name="Equals (91)" classname="spec_perl_TestIfValues_t" time="0.000211000442504883" />
    <testcase name="nil (91)" classname="spec_perl_TestIfValues_t" time="6.50882720947266e-05" />
  </testsuite>
  <testsuite name="spec_perl_TestStrEos_t" errors="0" failures="0" skipped="0" tests="1" time="0.055804967880249">
    <system-out>1..1
ok 1 - Equals
</system-out>
    <testcase name="Equals (92)" classname="spec_perl_TestStrEos_t" time="0.000336885452270508" />
  </testsuite>
  <testsuite name="spec_perl_TestParamsPassStruct_t" errors="0" failures="1" skipped="1" tests="4" time="0.0572731494903564">
    <system-out>1..4
ok 1 - Equals
ok 2 - Equals
not ok 3 - test_params_pass_struct died (Can't call method &quot;foo&quot; on an undefined value at spec/perl/TestParamsPassStruct.t line 17.)
ok 4 # skip test_params_pass_struct died
</system-out>
    <testcase name="Equals (93)" classname="spec_perl_TestParamsPassStruct_t" time="0.00030207633972168" />
    <testcase name="Equals (94)" classname="spec_perl_TestParamsPassStruct_t" time="0.000129938125610352" />
    <testcase name="test_params_pass_struct died (Can't call method &quot;foo&quot; on an undefined value at spec/perl/TestParamsPassStruct.t line 17.) (94)" classname="spec_perl_TestParamsPassStruct_t" time="0.000298976898193359">
      <failure message="not ok 3 - test_params_pass_struct died (Can't call method &quot;foo&quot; on an undefined value at spec/perl/TestParamsPassStruct.t line 17.)" type="TAP::Parser::Result::Test"></failure>
    </testcase>
    <testcase name="Unnamed test case 94" classname="spec_perl_TestParamsPassStruct_t" time="0.0028691291809082">
      <skipped message="ok 4 # skip test_params_pass_struct died" />
    </testcase>
  </testsuite>
  <testsuite name="spec_perl_TestExpr1_t" errors="0" failures="0" skipped="0" tests="4" time="0.0503668785095215">
    <system-out>1..4
ok 1 - Equals
ok 2 - Equals
ok 3 - Equals
ok 4 - Equals
</system-out>
    <testcase name="Equals (95)" classname="spec_perl_TestExpr1_t" time="0.000251054763793945" />
    <testcase name="Equals (96)" classname="spec_perl_TestExpr1_t" time="0.000117063522338867" />
    <testcase name="Equals (97)" classname="spec_perl_TestExpr1_t" time="0.000123023986816406" />
    <testcase name="Equals (98)" classname="spec_perl_TestExpr1_t" time="8.392333984375e-05" />
  </testsuite>
  <testsuite name="spec_perl_TestParamsPassArrayInt_t" errors="0" failures="1" skipped="6" tests="7" time="0.0575618743896484">
    <system-out>1..7
not ok 1 - test_params_pass_array_int died (Can't use an undefined value as an ARRAY reference at spec/perl/TestParamsPassArrayInt.t line 15.)
ok 2 # skip test_params_pass_array_int died
ok 3 # skip test_params_pass_array_int died
ok 4 # skip test_params_pass_array_int died
ok 5 # skip test_params_pass_array_int died
ok 6 # skip test_params_pass_array_int died
ok 7 # skip test_params_pass_array_int died
</system-out>
    <testcase name="test_params_pass_array_int died (Can't use an undefined value as an ARRAY reference at spec/perl/TestParamsPassArrayInt.t line 15.) (98)" classname="spec_perl_TestParamsPassArrayInt_t" time="0.000909090042114258">
      <failure message="not ok 1 - test_params_pass_array_int died (Can't use an undefined value as an ARRAY reference at spec/perl/TestParamsPassArrayInt.t line 15.)" type="TAP::Parser::Result::Test"></failure>
    </testcase>
    <testcase name="Unnamed test case 98" classname="spec_perl_TestParamsPassArrayInt_t" time="0.000886917114257812">
      <skipped message="ok 2 # skip test_params_pass_array_int died" />
    </testcase>
    <testcase name="Unnamed test case 99" classname="spec_perl_TestParamsPassArrayInt_t" time="0.000352144241333008">
      <skipped message="ok 3 # skip test_params_pass_array_int died" />
    </testcase>
    <testcase name="Unnamed test case 100" classname="spec_perl_TestParamsPassArrayInt_t" time="0.000333786010742188">
      <skipped message="ok 4 # skip test_params_pass_array_int died" />
    </testcase>
    <testcase name="Unnamed test case 101" classname="spec_perl_TestParamsPassArrayInt_t" time="0.00027918815612793">
      <skipped message="ok 5 # skip test_params_pass_array_int died" />
    </testcase>
    <testcase name="Unnamed test case 102" classname="spec_perl_TestParamsPassArrayInt_t" time="0.000322818756103516">
      <skipped message="ok 6 # skip test_params_pass_array_int died" />
    </testcase>
    <testcase name="Unnamed test case 103" classname="spec_perl_TestParamsPassArrayInt_t" time="0.000261068344116211">
      <skipped message="ok 7 # skip test_params_pass_array_int died" />
    </testcase>
  </testsuite>
  <testsuite name="spec_perl_TestProcessCoerceSwitch_t" errors="0" failures="0" skipped="0" tests="3" time="0.0543091297149658">
    <system-out>1..3
ok 1 - Equals
ok 2 - Equals
ok 3 - Equals
</system-out>
    <testcase name="Equals (103)" classname="spec_perl_TestProcessCoerceSwitch_t" time="0.000625133514404297" />
    <testcase name="Equals (104)" classname="spec_perl_TestProcessCoerceSwitch_t" time="9.98973846435547e-05" />
    <testcase name="Equals (105)" classname="spec_perl_TestProcessCoerceSwitch_t" time="0.000143051147460938" />
  </testsuite>
  <testsuite name="spec_perl_TestHelloWorld_t" errors="0" failures="0" skipped="0" tests="1" time="0.0486900806427002">
    <system-out>1..1
ok 1 - Equals
</system-out>
    <testcase name="Equals (106)" classname="spec_perl_TestHelloWorld_t" time="0.000229120254516602" />
  </testsuite>
  <testsuite name="spec_perl_TestTypeTernaryOpaque_t" errors="0" failures="0" skipped="0" tests="3" time="0.0664949417114258">
    <system-out>1..3
ok 1 - Equals
ok 2 - Equals
ok 3 - Equals
</system-out>
    <testcase name="Equals (107)" classname="spec_perl_TestTypeTernaryOpaque_t" time="0.0007171630859375" />
    <testcase name="Equals (108)" classname="spec_perl_TestTypeTernaryOpaque_t" time="9.98973846435547e-05" />
    <testcase name="Equals (109)" classname="spec_perl_TestTypeTernaryOpaque_t" time="0.000167131423950195" />
  </testsuite>
  <testsuite name="spec_perl_TestExprIfIntOps_t" errors="0" failures="0" skipped="0" tests="2" time="0.043349027633667">
    <system-out>1..2
ok 1 - Equals
ok 2 - Equals
</system-out>
    <testcase name="Equals (110)" classname="spec_perl_TestExprIfIntOps_t" time="0.00025486946105957" />
    <testcase name="Equals (111)" classname="spec_perl_TestExprIfIntOps_t" time="9.60826873779297e-05" />
  </testsuite>
  <testsuite name="spec_perl_TestProcessCoerceBytes_t" errors="0" failures="0" skipped="0" tests="4" time="0.0465810298919678">
    <system-out>1..4
ok 1 - Equals
ok 2 - Equals
ok 3 - Equals
ok 4 - Equals
</system-out>
    <testcase name="Equals (112)" classname="spec_perl_TestProcessCoerceBytes_t" time="0.000258922576904297" />
    <testcase name="Equals (113)" classname="spec_perl_TestProcessCoerceBytes_t" time="9.20295715332031e-05" />
    <testcase name="Equals (114)" classname="spec_perl_TestProcessCoerceBytes_t" time="5.79357147216797e-05" />
    <testcase name="Equals (115)" classname="spec_perl_TestProcessCoerceBytes_t" time="7.00950622558594e-05" />
  </testsuite>
  <testsuite name="spec_perl_TestEnumFancy_t" errors="0" failures="0" skipped="0" tests="2" time="0.0435779094696045">
    <system-out>1..2
ok 1 - Equals
ok 2 - Equals
</system-out>
    <testcase name="Equals (116)" classname="spec_perl_TestEnumFancy_t" time="0.000198841094970703" />
    <testcase name="Equals (117)" classname="spec_perl_TestEnumFancy_t" time="0.000117063522338867" />
  </testsuite>
  <testsuite name="spec_perl_TestEnumLongRangeU_t" errors="0" failures="0" skipped="0" tests="4" time="0.0525839328765869">
    <system-out>1..4
ok 1 - Equals
ok 2 - Equals
ok 3 - Equals
ok 4 - Equals
</system-out>
    <testcase name="Equals (118)" classname="spec_perl_TestEnumLongRangeU_t" time="0.000378131866455078" />
    <testcase name="Equals (119)" classname="spec_perl_TestEnumLongRangeU_t" time="8.70227813720703e-05" />
    <testcase name="Equals (120)" classname="spec_perl_TestEnumLongRangeU_t" time="0.0001678466796875" />
    <testcase name="Equals (121)" classname="spec_perl_TestEnumLongRangeU_t" time="0.000135183334350586" />
  </testsuite>
  <testsuite name="spec_perl_TestCombineStr_t" errors="0" failures="0" skipped="0" tests="15" time="0.0488448143005371">
    <system-out>1..15
ok 1 - Equals
ok 2 - Equals
ok 3 - Equals
ok 4 - Equals
ok 5 - Equals
ok 6 - Equals
ok 7 - Equals
ok 8 - Equals
ok 9 - Equals
ok 10 - Equals
ok 11 - Equals
ok 12 - Equals
ok 13 - Equals
ok 14 - Equals
ok 15 - Equals
</system-out>
    <testcase name="Equals (122)" classname="spec_perl_TestCombineStr_t" time="0.000303030014038086" />
    <testcase name="Equals (123)" classname="spec_perl_TestCombineStr_t" time="8.89301300048828e-05" />
    <testcase name="Equals (124)" classname="spec_perl_TestCombineStr_t" time="8.70227813720703e-05" />
    <testcase name="Equals (125)" classname="spec_perl_TestCombineStr_t" time="0.000150918960571289" />
    <testcase name="Equals (126)" classname="spec_perl_TestCombineStr_t" time="0.00014805793762207" />
    <testcase name="Equals (127)" classname="spec_perl_TestCombineStr_t" time="0.000118017196655273" />
    <testcase name="Equals (128)" classname="spec_perl_TestCombineStr_t" time="0.000144004821777344" />
    <testcase name="Equals (129)" classname="spec_perl_TestCombineStr_t" time="0.000127077102661133" />
    <testcase name="Equals (130)" classname="spec_perl_TestCombineStr_t" time="0.000151872634887695" />
    <testcase name="Equals (131)" classname="spec_perl_TestCombineStr_t" time="0.000119924545288086" />
    <testcase name="Equals (132)" classname="spec_perl_TestCombineStr_t" time="0.000133037567138672" />
    <testcase name="Equals (133)" classname="spec_perl_TestCombineStr_t" time="0.000123023986816406" />
    <testcase name="Equals (134)" classname="spec_perl_TestCombineStr_t" time="0.000144004821777344" />
    <testcase name="Equals (135)" classname="spec_perl_TestCombineStr_t" time="0.000142097473144531" />
    <testcase name="Equals (136)" classname="spec_perl_TestCombineStr_t" time="0.000177860260009766" />
  </testsuite>
  <testsuite name="spec_perl_TestSwitchManualEnumInvalid_t" errors="0" failures="0" skipped="0" tests="5" time="0.0469338893890381">
    <system-out>1..5
ok 1 - Equals
ok 2 - Equals
ok 3 - nil
ok 4 - Equals
ok 5 - nil
</system-out>
    <testcase name="Equals (137)" classname="spec_perl_TestSwitchManualEnumInvalid_t" time="0.000221967697143555" />
    <testcase name="Equals (138)" classname="spec_perl_TestSwitchManualEnumInvalid_t" time="8.0108642578125e-05" />
    <testcase name="nil (138)" classname="spec_perl_TestSwitchManualEnumInvalid_t" time="7.29560852050781e-05" />
    <testcase name="Equals (139)" classname="spec_perl_TestSwitchManualEnumInvalid_t" time="0.000174045562744141" />
    <testcase name="nil (139)" classname="spec_perl_TestSwitchManualEnumInvalid_t" time="6.89029693603516e-05" />
  </testsuite>
  <testsuite name="spec_perl_TestDebugSwitchUser_t" errors="1" failures="0" skipped="0" tests="0" time="0.0612630844116211">
    <system-out></system-out>
    <testcase name="Test died too soon, even before plan. (139)" classname="spec_perl_TestDebugSwitchUser_t" time="0.0612630844116211">
      <failure message="The test suite died before a plan was produced. You need to have a plan." type="Plan">No plan</failure>
    </testcase>
  </testsuite>
  <testsuite name="spec_perl_TestTypeIntUnaryOp_t" errors="0" failures="0" skipped="0" tests="4" time="0.0534119606018066">
    <system-out>1..4
ok 1 - Equals
ok 2 - Equals
ok 3 - Equals
ok 4 - Equals
</system-out>
    <testcase name="Equals (140)" classname="spec_perl_TestTypeIntUnaryOp_t" time="0.000301837921142578" />
    <testcase name="Equals (141)" classname="spec_perl_TestTypeIntUnaryOp_t" time="0.000106096267700195" />
    <testcase name="Equals (142)" classname="spec_perl_TestTypeIntUnaryOp_t" time="0.000173091888427734" />
    <testcase name="Equals (143)" classname="spec_perl_TestTypeIntUnaryOp_t" time="0.000162839889526367" />
  </testsuite>
  <testsuite name="spec_perl_TestNavParent_t" errors="0" failures="0" skipped="0" tests="5" time="0.047295093536377">
    <system-out>1..5
ok 1 - Equals
ok 2 - Equals
ok 3 - Equals
ok 4 - Equals
ok 5 - Equals
</system-out>
    <testcase name="Equals (144)" classname="spec_perl_TestNavParent_t" time="0.000344038009643555" />
    <testcase name="Equals (145)" classname="spec_perl_TestNavParent_t" time="8.79764556884766e-05" />
    <testcase name="Equals (146)" classname="spec_perl_TestNavParent_t" time="0.000113010406494141" />
    <testcase name="Equals (147)" classname="spec_perl_TestNavParent_t" time="0.000136852264404297" />
    <testcase name="Equals (148)" classname="spec_perl_TestNavParent_t" time="0.000117063522338867" />
  </testsuite>
  <testsuite name="spec_perl_TestZlibSurrounded_t" errors="0" failures="0" skipped="0" tests="1" time="0.0682389736175537">
    <system-out>1..1
ok 1 - Equals
</system-out>
    <testcase name="Equals (149)" classname="spec_perl_TestZlibSurrounded_t" time="0.000567913055419922" />
  </testsuite>
  <testsuite name="spec_perl_TestProcessXorValue_t" errors="0" failures="0" skipped="0" tests="2" time="0.0520100593566895">
    <system-out>1..2
ok 1 - Equals
ok 2 - Equals
</system-out>
    <testcase name="Equals (150)" classname="spec_perl_TestProcessXorValue_t" time="0.000252008438110352" />
    <testcase name="Equals (151)" classname="spec_perl_TestProcessXorValue_t" time="8.10623168945312e-05" />
  </testsuite>
  <testsuite name="spec_perl_TestNestedTypes2_t" errors="0" failures="0" skipped="0" tests="7" time="0.0540370941162109">
    <system-out>1..7
ok 1 - Equals
ok 2 - Equals
ok 3 - Equals
ok 4 - Equals
ok 5 - Equals
ok 6 - Equals
ok 7 - Equals
</system-out>
    <testcase name="Equals (152)" classname="spec_perl_TestNestedTypes2_t" time="0.000382900238037109" />
    <testcase name="Equals (153)" classname="spec_perl_TestNestedTypes2_t" time="0.000138044357299805" />
    <testcase name="Equals (154)" classname="spec_perl_TestNestedTypes2_t" time="0.000174045562744141" />
    <testcase name="Equals (155)" classname="spec_perl_TestNestedTypes2_t" time="0.000143051147460938" />
    <testcase name="Equals (156)" classname="spec_perl_TestNestedTypes2_t" time="0.000166893005371094" />
    <testcase name="Equals (157)" classname="spec_perl_TestNestedTypes2_t" time="0.000159025192260742" />
    <testcase name="Equals (158)" classname="spec_perl_TestNestedTypes2_t" time="0.000190973281860352" />
  </testsuite>
  <testsuite name="spec_perl_TestCastToImported_t" errors="0" failures="0" skipped="0" tests="2" time="0.0435309410095215">
    <system-out>1..2
ok 1 - Equals
ok 2 - Equals
</system-out>
    <testcase name="Equals (159)" classname="spec_perl_TestCastToImported_t" time="0.000221014022827148" />
    <testcase name="Equals (160)" classname="spec_perl_TestCastToImported_t" time="7.79628753662109e-05" />
  </testsuite>
  <testsuite name="spec_perl_TestEofExceptionBytes_t" errors="0" failures="0" skipped="0" tests="1" time="0.0558109283447266">
    <system-out>1..1
ok 1 - Died
</system-out>
    <testcase name="Died (160)" classname="spec_perl_TestEofExceptionBytes_t" time="0.000232934951782227" />
  </testsuite>
  <testsuite name="spec_perl_TestExprArray_t" errors="0" failures="1" skipped="0" tests="15" time="0.0574860572814941">
    <system-out>1..15
ok 1 - Equals
ok 2 - Equals
ok 3 - Equals
ok 4 - Equals
ok 5 - Equals
ok 6 - Equals
ok 7 - Equals
ok 8 - Equals
not ok 9 - Equals
ok 10 - Equals
ok 11 - Equals
ok 12 - Equals
ok 13 - Equals
ok 14 - Equals
ok 15 - Equals
</system-out>
    <testcase name="Equals (161)" classname="spec_perl_TestExprArray_t" time="0.000364065170288086" />
    <testcase name="Equals (162)" classname="spec_perl_TestExprArray_t" time="9.20295715332031e-05" />
    <testcase name="Equals (163)" classname="spec_perl_TestExprArray_t" time="6.00814819335938e-05" />
    <testcase name="Equals (164)" classname="spec_perl_TestExprArray_t" time="0.00018000602722168" />
    <testcase name="Equals (165)" classname="spec_perl_TestExprArray_t" time="0.000135898590087891" />
    <testcase name="Equals (166)" classname="spec_perl_TestExprArray_t" time="0.000140905380249023" />
    <testcase name="Equals (167)" classname="spec_perl_TestExprArray_t" time="0.000164985656738281" />
    <testcase name="Equals (168)" classname="spec_perl_TestExprArray_t" time="0.000124216079711914" />
    <testcase name="Equals (169)" classname="spec_perl_TestExprArray_t" time="0.000249862670898438">
      <failure message="not ok 9 - Equals" type="TAP::Parser::Result::Test"></failure>
    </testcase>
    <testcase name="Equals (170)" classname="spec_perl_TestExprArray_t" time="0.00419998168945312" />
    <testcase name="Equals (171)" classname="spec_perl_TestExprArray_t" time="0.000112056732177734" />
    <testcase name="Equals (172)" classname="spec_perl_TestExprArray_t" time="0.000155925750732422" />
    <testcase name="Equals (173)" classname="spec_perl_TestExprArray_t" time="4.69684600830078e-05" />
    <testcase name="Equals (174)" classname="spec_perl_TestExprArray_t" time="3.91006469726562e-05" />
    <testcase name="Equals (175)" classname="spec_perl_TestExprArray_t" time="3.09944152832031e-05" />
  </testsuite>
  <testsuite name="spec_perl_TestEnumToI_t" errors="0" failures="0" skipped="0" tests="5" time="0.0478079319000244">
    <system-out>1..5
ok 1 - Equals
ok 2 - Equals
ok 3 - Equals
ok 4 - Equals
ok 5 - Equals
</system-out>
    <testcase name="Equals (176)" classname="spec_perl_TestEnumToI_t" time="0.000238895416259766" />
    <testcase name="Equals (177)" classname="spec_perl_TestEnumToI_t" time="0.000101089477539062" />
    <testcase name="Equals (178)" classname="spec_perl_TestEnumToI_t" time="6.29425048828125e-05" />
    <testcase name="Equals (179)" classname="spec_perl_TestEnumToI_t" time="7.60555267333984e-05" />
    <testcase name="Equals (180)" classname="spec_perl_TestEnumToI_t" time="8.29696655273438e-05" />
  </testsuite>
  <testsuite name="spec_perl_TestRepeatUntilComplex_t" errors="0" failures="0" skipped="0" tests="17" time="0.0488758087158203">
    <system-out>1..17
ok 1 - Equals
ok 2 - Equals
ok 3 - Equals
ok 4 - Equals
ok 5 - Equals
ok 6 - Equals
ok 7 - Equals
ok 8 - Equals
ok 9 - Equals
ok 10 - Equals
ok 11 - Equals
ok 12 - Equals
ok 13 - Equals
ok 14 - Equals
ok 15 - Equals
ok 16 - Equals
ok 17 - Equals
</system-out>
    <testcase name="Equals (181)" classname="spec_perl_TestRepeatUntilComplex_t" time="0.000218868255615234" />
    <testcase name="Equals (182)" classname="spec_perl_TestRepeatUntilComplex_t" time="8.51154327392578e-05" />
    <testcase name="Equals (183)" classname="spec_perl_TestRepeatUntilComplex_t" time="0.000116825103759766" />
    <testcase name="Equals (184)" classname="spec_perl_TestRepeatUntilComplex_t" time="0.000189065933227539" />
    <testcase name="Equals (185)" classname="spec_perl_TestRepeatUntilComplex_t" time="8.10623168945312e-05" />
    <testcase name="Equals (186)" classname="spec_perl_TestRepeatUntilComplex_t" time="0.000154972076416016" />
    <testcase name="Equals (187)" classname="spec_perl_TestRepeatUntilComplex_t" time="8.392333984375e-05" />
    <testcase name="Equals (188)" classname="spec_perl_TestRepeatUntilComplex_t" time="0.000100135803222656" />
    <testcase name="Equals (189)" classname="spec_perl_TestRepeatUntilComplex_t" time="0.000154972076416016" />
    <testcase name="Equals (190)" classname="spec_perl_TestRepeatUntilComplex_t" time="0.000115871429443359" />
    <testcase name="Equals (191)" classname="spec_perl_TestRepeatUntilComplex_t" time="0.000133037567138672" />
    <testcase name="Equals (192)" classname="spec_perl_TestRepeatUntilComplex_t" time="0.000134944915771484" />
    <testcase name="Equals (193)" classname="spec_perl_TestRepeatUntilComplex_t" time="0.000154972076416016" />
    <testcase name="Equals (194)" classname="spec_perl_TestRepeatUntilComplex_t" time="0.000121116638183594" />
    <testcase name="Equals (195)" classname="spec_perl_TestRepeatUntilComplex_t" time="0.000123023986816406" />
    <testcase name="Equals (196)" classname="spec_perl_TestRepeatUntilComplex_t" time="0.000102043151855469" />
    <testcase name="Equals (197)" classname="spec_perl_TestRepeatUntilComplex_t" time="7.58171081542969e-05" />
  </testsuite>
  <testsuite name="spec_perl_TestExprEnum_t" errors="0" failures="0" skipped="0" tests="3" time="0.0447590351104736">
    <system-out>1..3
ok 1 - Equals
ok 2 - Equals
ok 3 - Equals
</system-out>
    <testcase name="Equals (198)" classname="spec_perl_TestExprEnum_t" time="0.000205039978027344" />
    <testcase name="Equals (199)" classname="spec_perl_TestExprEnum_t" time="7.89165496826172e-05" />
    <testcase name="Equals (200)" classname="spec_perl_TestExprEnum_t" time="0.000152111053466797" />
  </testsuite>
  <testsuite name="spec_perl_TestFloatingPoints_t" errors="0" failures="0" skipped="0" tests="8" time="0.0480108261108398">
    <system-out>1..8
ok 1 - Approx equals
ok 2 - Approx equals
ok 3 - Approx equals
ok 4 - Approx equals
ok 5 - Approx equals
ok 6 - Approx equals
ok 7 - Approx equals
ok 8 - Approx equals
</system-out>
    <testcase name="Approx equals (200)" classname="spec_perl_TestFloatingPoints_t" time="0.000221967697143555" />
    <testcase name="Approx equals (201)" classname="spec_perl_TestFloatingPoints_t" time="8.98838043212891e-05" />
    <testcase name="Approx equals (202)" classname="spec_perl_TestFloatingPoints_t" time="5.81741333007812e-05" />
    <testcase name="Approx equals (203)" classname="spec_perl_TestFloatingPoints_t" time="5.88893890380859e-05" />
    <testcase name="Approx equals (204)" classname="spec_perl_TestFloatingPoints_t" time="4.10079956054688e-05" />
    <testcase name="Approx equals (205)" classname="spec_perl_TestFloatingPoints_t" time="3.69548797607422e-05" />
    <testcase name="Approx equals (206)" classname="spec_perl_TestFloatingPoints_t" time="3.60012054443359e-05" />
    <testcase name="Approx equals (207)" classname="spec_perl_TestFloatingPoints_t" time="5.10215759277344e-05" />
  </testsuite>
  <testsuite name="spec_perl_TestMetaTags_t" errors="0" failures="0" skipped="1" tests="1" time="0.0538299083709717">
    <system-out>1..1
ok 1 # skip MetaTags=HASH(0x153e180)
</system-out>
    <testcase name="Unnamed test case 207" classname="spec_perl_TestMetaTags_t" time="0.00156497955322266">
      <skipped message="ok 1 # skip MetaTags=HASH(0x153e180)" />
    </testcase>
  </testsuite>
  <testsuite name="spec_perl_TestParamsCallExtraParens_t" errors="0" failures="1" skipped="0" tests="1" time="0.0620071887969971">
    <system-out>1..1
not ok 1 - Equals
</system-out>
    <testcase name="Equals (207)" classname="spec_perl_TestParamsCallExtraParens_t" time="0.002716064453125">
      <failure message="not ok 1 - Equals" type="TAP::Parser::Result::Test"></failure>
    </testcase>
  </testsuite>
  <testsuite name="spec_perl_TestEnumToIClassBorder1_t" errors="0" failures="1" skipped="0" tests="3" time="0.0540990829467773">
    <system-out>1..3
ok 1 - Equals
ok 2 - Equals
not ok 3 - test_enum_to_i_class_border_1 died (Can't call method &quot;some_dog&quot; on an undefined value at compiled/perl/EnumToIClassBorder2.pm line 42.)
</system-out>
    <testcase name="Equals (208)" classname="spec_perl_TestEnumToIClassBorder1_t" time="0.000275850296020508" />
    <testcase name="Equals (209)" classname="spec_perl_TestEnumToIClassBorder1_t" time="8.20159912109375e-05" />
    <testcase name="test_enum_to_i_class_border_1 died (Can't call method &quot;some_dog&quot; on an undefined value at compiled/perl/EnumToIClassBorder2.pm line 42.) (209)" classname="spec_perl_TestEnumToIClassBorder1_t" time="0.00024104118347168">
      <failure message="not ok 3 - test_enum_to_i_class_border_1 died (Can't call method &quot;some_dog&quot; on an undefined value at compiled/perl/EnumToIClassBorder2.pm line 42.)" type="TAP::Parser::Result::Test"></failure>
    </testcase>
  </testsuite>
  <testsuite name="spec_perl_TestNonStandard_t" errors="0" failures="0" skipped="0" tests="1" time="0.0532779693603516">
    <system-out>1..1
ok 1 - Equals
</system-out>
    <testcase name="Equals (210)" classname="spec_perl_TestNonStandard_t" time="0.000298976898193359" />
  </testsuite>
  <testsuite name="spec_perl_TestSwitchMultiBoolOps_t" errors="0" failures="0" skipped="0" tests="9" time="0.0445821285247803">
    <system-out>1..9
ok 1 - Equals
ok 2 - Equals
ok 3 - Equals
ok 4 - Equals
ok 5 - Equals
ok 6 - Equals
ok 7 - Equals
ok 8 - Equals
ok 9 - Equals
</system-out>
    <testcase name="Equals (211)" classname="spec_perl_TestSwitchMultiBoolOps_t" time="0.000266075134277344" />
    <testcase name="Equals (212)" classname="spec_perl_TestSwitchMultiBoolOps_t" time="8.98838043212891e-05" />
    <testcase name="Equals (213)" classname="spec_perl_TestSwitchMultiBoolOps_t" time="8.51154327392578e-05" />
    <testcase name="Equals (214)" classname="spec_perl_TestSwitchMultiBoolOps_t" time="0.000149011611938477" />
    <testcase name="Equals (215)" classname="spec_perl_TestSwitchMultiBoolOps_t" time="0.000130891799926758" />
    <testcase name="Equals (216)" classname="spec_perl_TestSwitchMultiBoolOps_t" time="0.000123023986816406" />
    <testcase name="Equals (217)" classname="spec_perl_TestSwitchMultiBoolOps_t" time="0.000147104263305664" />
    <testcase name="Equals (218)" classname="spec_perl_TestSwitchMultiBoolOps_t" time="0.000116825103759766" />
    <testcase name="Equals (219)" classname="spec_perl_TestSwitchMultiBoolOps_t" time="0.00012516975402832" />
  </testsuite>
  <testsuite name="spec_perl_TestSwitchIntegers2_t" errors="0" failures="0" skipped="0" tests="5" time="0.0442030429840088">
    <system-out>1..5
ok 1 - Equals
ok 2 - Equals
ok 3 - Equals
ok 4 - Equals
ok 5 - Equals
</system-out>
    <testcase name="Equals (220)" classname="spec_perl_TestSwitchIntegers2_t" time="0.000252962112426758" />
    <testcase name="Equals (221)" classname="spec_perl_TestSwitchIntegers2_t" time="8.79764556884766e-05" />
    <testcase name="Equals (222)" classname="spec_perl_TestSwitchIntegers2_t" time="5.88893890380859e-05" />
    <testcase name="Equals (223)" classname="spec_perl_TestSwitchIntegers2_t" time="0.000153064727783203" />
    <testcase name="Equals (224)" classname="spec_perl_TestSwitchIntegers2_t" time="0.000134944915771484" />
  </testsuite>
  <testsuite name="spec_perl_TestProcessToUser_t" errors="0" failures="0" skipped="0" tests="1" time="0.0463631153106689">
    <system-out>1..1
ok 1 - Equals
</system-out>
    <testcase name="Equals (225)" classname="spec_perl_TestProcessToUser_t" time="0.000558137893676758" />
  </testsuite>
  <testsuite name="spec_perl_TestNavParentSwitch_t" errors="0" failures="0" skipped="0" tests="3" time="0.0464060306549072">
    <system-out>1..3
ok 1 - Equals
ok 2 - Equals
ok 3 - Equals
</system-out>
    <testcase name="Equals (226)" classname="spec_perl_TestNavParentSwitch_t" time="0.000241994857788086" />
    <testcase name="Equals (227)" classname="spec_perl_TestNavParentSwitch_t" time="0.000121831893920898" />
    <testcase name="Equals (228)" classname="spec_perl_TestNavParentSwitch_t" time="7.10487365722656e-05" />
  </testsuite>
  <testsuite name="spec_perl_TestRepeatEosU4_t" errors="0" failures="0" skipped="0" tests="1" time="0.0449759960174561">
    <system-out>1..1
ok 1 - Equals
</system-out>
    <testcase name="Equals (229)" classname="spec_perl_TestRepeatEosU4_t" time="0.000286102294921875" />
  </testsuite>
  <testsuite name="spec_perl_TestDefaultBitEndianMod_t" errors="0" failures="0" skipped="0" tests="4" time="0.0527310371398926">
    <system-out>1..4
ok 1 - Equals
ok 2 - Equals
ok 3 - Equals
ok 4 - Equals
</system-out>
    <testcase name="Equals (230)" classname="spec_perl_TestDefaultBitEndianMod_t" time="0.000396013259887695" />
    <testcase name="Equals (231)" classname="spec_perl_TestDefaultBitEndianMod_t" time="8.98838043212891e-05" />
    <testcase name="Equals (232)" classname="spec_perl_TestDefaultBitEndianMod_t" time="0.000213146209716797" />
    <testcase name="Equals (233)" classname="spec_perl_TestDefaultBitEndianMod_t" time="0.000177860260009766" />
  </testsuite>
  <testsuite name="spec_perl_TestTermBytes_t" errors="0" failures="0" skipped="0" tests="3" time="0.0466949939727783">
    <system-out>1..3
ok 1 - Equals
ok 2 - Equals
ok 3 - Equals
</system-out>
    <testcase name="Equals (234)" classname="spec_perl_TestTermBytes_t" time="0.0002288818359375" />
    <testcase name="Equals (235)" classname="spec_perl_TestTermBytes_t" time="0.000102043151855469" />
    <testcase name="Equals (236)" classname="spec_perl_TestTermBytes_t" time="6.103515625e-05" />
  </testsuite>
  <testsuite name="spec_perl_TestDefaultEndianExprIsBe_t" errors="0" failures="0" skipped="0" tests="18" time="0.0501229763031006">
    <system-out>1..18
ok 1 - Equals
ok 2 - Equals
ok 3 - Equals
ok 4 - Equals
ok 5 - Equals
ok 6 - Equals
ok 7 - Equals
ok 8 - Equals
ok 9 - Equals
ok 10 - Equals
ok 11 - Equals
ok 12 - Equals
ok 13 - Equals
ok 14 - Equals
ok 15 - Equals
ok 16 - Equals
ok 17 - Equals
ok 18 - Equals
</system-out>
    <testcase name="Equals (237)" classname="spec_perl_TestDefaultEndianExprIsBe_t" time="0.00020909309387207" />
    <testcase name="Equals (238)" classname="spec_perl_TestDefaultEndianExprIsBe_t" time="9.98973846435547e-05" />
    <testcase name="Equals (239)" classname="spec_perl_TestDefaultEndianExprIsBe_t" time="6.38961791992188e-05" />
    <testcase name="Equals (240)" classname="spec_perl_TestDefaultEndianExprIsBe_t" time="0.000166177749633789" />
    <testcase name="Equals (241)" classname="spec_perl_TestDefaultEndianExprIsBe_t" time="0.000149965286254883" />
    <testcase name="Equals (242)" classname="spec_perl_TestDefaultEndianExprIsBe_t" time="0.0001678466796875" />
    <testcase name="Equals (243)" classname="spec_perl_TestDefaultEndianExprIsBe_t" time="0.000101089477539062" />
    <testcase name="Equals (244)" classname="spec_perl_TestDefaultEndianExprIsBe_t" time="0.000153064727783203" />
    <testcase name="Equals (245)" classname="spec_perl_TestDefaultEndianExprIsBe_t" time="0.000123023986816406" />
    <testcase name="Equals (246)" classname="spec_perl_TestDefaultEndianExprIsBe_t" time="0.000102043151855469" />
    <testcase name="Equals (247)" classname="spec_perl_TestDefaultEndianExprIsBe_t" time="0.000191926956176758" />
    <testcase name="Equals (248)" classname="spec_perl_TestDefaultEndianExprIsBe_t" time="0.000127077102661133" />
    <testcase name="Equals (249)" classname="spec_perl_TestDefaultEndianExprIsBe_t" time="0.000154972076416016" />
    <testcase name="Equals (250)" classname="spec_perl_TestDefaultEndianExprIsBe_t" time="9.67979431152344e-05" />
    <testcase name="Equals (251)" classname="spec_perl_TestDefaultEndianExprIsBe_t" time="0.0001220703125" />
    <testcase name="Equals (252)" classname="spec_perl_TestDefaultEndianExprIsBe_t" time="0.000146150588989258" />
    <testcase name="Equals (253)" classname="spec_perl_TestDefaultEndianExprIsBe_t" time="0.000119924545288086" />
    <testcase name="Equals (254)" classname="spec_perl_TestDefaultEndianExprIsBe_t" time="0.000194072723388672" />
  </testsuite>
  <testsuite name="spec_perl_TestOpaqueExternalType02Parent_t" errors="0" failures="0" skipped="0" tests="3" time="0.05678391456604">
    <system-out>1..3
ok 1 - Equals
ok 2 - Equals
ok 3 - Equals
</system-out>
    <testcase name="Equals (255)" classname="spec_perl_TestOpaqueExternalType02Parent_t" time="0.000420808792114258" />
    <testcase name="Equals (256)" classname="spec_perl_TestOpaqueExternalType02Parent_t" time="9.01222229003906e-05" />
    <testcase name="Equals (257)" classname="spec_perl_TestOpaqueExternalType02Parent_t" time="0.000117063522338867" />
  </testsuite>
  <testsuite name="spec_perl_TestRecursiveOne_t" errors="0" failures="0" skipped="0" tests="4" time="0.0439889430999756">
    <system-out>1..4
ok 1 - Equals
ok 2 - Equals
ok 3 - Equals
ok 4 - Equals
</system-out>
    <testcase name="Equals (258)" classname="spec_perl_TestRecursiveOne_t" time="0.000251054763793945" />
    <testcase name="Equals (259)" classname="spec_perl_TestRecursiveOne_t" time="8.29696655273438e-05" />
    <testcase name="Equals (260)" classname="spec_perl_TestRecursiveOne_t" time="0.000116109848022461" />
    <testcase name="Equals (261)" classname="spec_perl_TestRecursiveOne_t" time="0.000130891799926758" />
  </testsuite>
  <testsuite name="spec_perl_TestRepeatNStrz_t" errors="0" failures="0" skipped="0" tests="2" time="0.0524771213531494">
    <system-out>1..2
ok 1 - Equals
ok 2 - Equals
</system-out>
    <testcase name="Equals (262)" classname="spec_perl_TestRepeatNStrz_t" time="0.000427007675170898" />
    <testcase name="Equals (263)" classname="spec_perl_TestRepeatNStrz_t" time="0.000189065933227539" />
  </testsuite>
  <testsuite name="spec_perl_TestNavParent2_t" errors="0" failures="0" skipped="0" tests="10" time="0.0547330379486084">
    <system-out>1..10
ok 1 - Equals
ok 2 - Equals
ok 3 - Equals
ok 4 - Equals
ok 5 - Equals
ok 6 - Equals
ok 7 - Equals
ok 8 - Equals
ok 9 - Equals
ok 10 - Equals
</system-out>
    <testcase name="Equals (264)" classname="spec_perl_TestNavParent2_t" time="0.000401973724365234" />
    <testcase name="Equals (265)" classname="spec_perl_TestNavParent2_t" time="9.10758972167969e-05" />
    <testcase name="Equals (266)" classname="spec_perl_TestNavParent2_t" time="0.000150918960571289" />
    <testcase name="Equals (267)" classname="spec_perl_TestNavParent2_t" time="0.000185966491699219" />
    <testcase name="Equals (268)" classname="spec_perl_TestNavParent2_t" time="0.000192165374755859" />
    <testcase name="Equals (269)" classname="spec_perl_TestNavParent2_t" time="0.000219821929931641" />
    <testcase name="Equals (270)" classname="spec_perl_TestNavParent2_t" time="0.000173091888427734" />
    <testcase name="Equals (271)" classname="spec_perl_TestNavParent2_t" time="0.000201940536499023" />
    <testcase name="Equals (272)" classname="spec_perl_TestNavParent2_t" time="0.000151157379150391" />
    <testcase name="Equals (273)" classname="spec_perl_TestNavParent2_t" time="0.000200986862182617" />
  </testsuite>
  <testsuite name="spec_perl_TestExpr0_t" errors="0" failures="0" skipped="0" tests="2" time="0.0518112182617188">
    <system-out>1..2
ok 1 - Equals
ok 2 - Equals
</system-out>
    <testcase name="Equals (274)" classname="spec_perl_TestExpr0_t" time="0.000314950942993164" />
    <testcase name="Equals (275)" classname="spec_perl_TestExpr0_t" time="8.41617584228516e-05" />
  </testsuite>
  <testsuite name="spec_perl_TestOpaqueExternalType_t" errors="0" failures="0" skipped="0" tests="3" time="0.049807071685791">
    <system-out>1..3
ok 1 - Equals
ok 2 - Equals
ok 3 - Equals
</system-out>
    <testcase name="Equals (276)" classname="spec_perl_TestOpaqueExternalType_t" time="0.000355005264282227" />
    <testcase name="Equals (277)" classname="spec_perl_TestOpaqueExternalType_t" time="0.00010991096496582" />
    <testcase name="Equals (278)" classname="spec_perl_TestOpaqueExternalType_t" time="7.10487365722656e-05" />
  </testsuite>
  <testsuite name="spec_perl_TestEnumIntRangeS_t" errors="0" failures="0" skipped="0" tests="3" time="0.047076940536499">
    <system-out>1..3
ok 1 - Equals
ok 2 - Equals
ok 3 - Equals
</system-out>
    <testcase name="Equals (279)" classname="spec_perl_TestEnumIntRangeS_t" time="0.000208139419555664" />
    <testcase name="Equals (280)" classname="spec_perl_TestEnumIntRangeS_t" time="7.70092010498047e-05" />
    <testcase name="Equals (281)" classname="spec_perl_TestEnumIntRangeS_t" time="0.00014185905456543" />
  </testsuite>
  <testsuite name="spec_perl_TestNavRoot_t" errors="0" failures="0" skipped="0" tests="5" time="0.0575640201568604">
    <system-out>1..5
ok 1 - Equals
ok 2 - Equals
ok 3 - Equals
ok 4 - Equals
ok 5 - Equals
</system-out>
    <testcase name="Equals (282)" classname="spec_perl_TestNavRoot_t" time="0.000427007675170898" />
    <testcase name="Equals (283)" classname="spec_perl_TestNavRoot_t" time="9.20295715332031e-05" />
    <testcase name="Equals (284)" classname="spec_perl_TestNavRoot_t" time="0.000189065933227539" />
    <testcase name="Equals (285)" classname="spec_perl_TestNavRoot_t" time="0.00014185905456543" />
    <testcase name="Equals (286)" classname="spec_perl_TestNavRoot_t" time="0.000204086303710938" />
  </testsuite>
  <testsuite name="spec_perl_TestDocstringsDocref_t" errors="0" failures="0" skipped="1" tests="1" time="0.0454959869384766">
    <system-out>1..1
ok 1 # skip DocstringsDocref=HASH(0x176e6b0)
</system-out>
    <testcase name="Unnamed test case 286" classname="spec_perl_TestDocstringsDocref_t" time="0.00126504898071289">
      <skipped message="ok 1 # skip DocstringsDocref=HASH(0x176e6b0)" />
    </testcase>
  </testsuite>
  <testsuite name="spec_perl_TestIndexToParamUntil_t" errors="0" failures="2" skipped="0" tests="7" time="0.0609350204467773">
    <system-out>1..7
ok 1 - Equals
ok 2 - Equals
ok 3 - Equals
ok 4 - Equals
ok 5 - Equals
not ok 6 - Equals
not ok 7 - Equals
</system-out>
    <testcase name="Equals (287)" classname="spec_perl_TestIndexToParamUntil_t" time="0.000367879867553711" />
    <testcase name="Equals (288)" classname="spec_perl_TestIndexToParamUntil_t" time="0.000421047210693359" />
    <testcase name="Equals (289)" classname="spec_perl_TestIndexToParamUntil_t" time="0.000339031219482422" />
    <testcase name="Equals (290)" classname="spec_perl_TestIndexToParamUntil_t" time="0.000277042388916016" />
    <testcase name="Equals (291)" classname="spec_perl_TestIndexToParamUntil_t" time="0.000293970108032227" />
    <testcase name="Equals (292)" classname="spec_perl_TestIndexToParamUntil_t" time="0.000410079956054688">
      <failure message="not ok 6 - Equals" type="TAP::Parser::Result::Test"></failure>
    </testcase>
    <testcase name="Equals (293)" classname="spec_perl_TestIndexToParamUntil_t" time="0.000996828079223633">
      <failure message="not ok 7 - Equals" type="TAP::Parser::Result::Test"></failure>
    </testcase>
  </testsuite>
  <testsuite name="spec_perl_TestNestedTypes_t" errors="0" failures="0" skipped="0" tests="3" time="0.0643949508666992">
    <system-out>1..3
ok 1 - Equals
ok 2 - Equals
ok 3 - Equals
</system-out>
    <testcase name="Equals (294)" classname="spec_perl_TestNestedTypes_t" time="0.000197887420654297" />
    <testcase name="Equals (295)" classname="spec_perl_TestNestedTypes_t" time="0.000129938125610352" />
    <testcase name="Equals (296)" classname="spec_perl_TestNestedTypes_t" time="8.0108642578125e-05" />
  </testsuite>
  <testsuite name="spec_perl_TestExpr3_t" errors="0" failures="0" skipped="0" tests="12" time="0.0580348968505859">
    <system-out>1..12
ok 1 - Equals
ok 2 - Equals
ok 3 - Equals
ok 4 - Equals
ok 5 - Equals
ok 6 - Equals
ok 7 - Equals
ok 8 - Equals
ok 9 - Equals
ok 10 - Equals
ok 11 - Equals
ok 12 - Equals
</system-out>
    <testcase name="Equals (297)" classname="spec_perl_TestExpr3_t" time="0.000348806381225586" />
    <testcase name="Equals (298)" classname="spec_perl_TestExpr3_t" time="0.000108003616333008" />
    <testcase name="Equals (299)" classname="spec_perl_TestExpr3_t" time="0.00018310546875" />
    <testcase name="Equals (300)" classname="spec_perl_TestExpr3_t" time="0.000154018402099609" />
    <testcase name="Equals (301)" classname="spec_perl_TestExpr3_t" time="0.000165939331054688" />
    <testcase name="Equals (302)" classname="spec_perl_TestExpr3_t" time="0.000219106674194336" />
    <testcase name="Equals (303)" classname="spec_perl_TestExpr3_t" time="0.000178813934326172" />
    <testcase name="Equals (304)" classname="spec_perl_TestExpr3_t" time="0.00012516975402832" />
    <testcase name="Equals (305)" classname="spec_perl_TestExpr3_t" time="0.000203847885131836" />
    <testcase name="Equals (306)" classname="spec_perl_TestExpr3_t" time="0.000185012817382812" />
    <testcase name="Equals (307)" classname="spec_perl_TestExpr3_t" time="0.000161170959472656" />
    <testcase name="Equals (308)" classname="spec_perl_TestExpr3_t" time="0.000201940536499023" />
  </testsuite>
  <testsuite name="spec_perl_TestDefaultBigEndian_t" errors="0" failures="0" skipped="0" tests="1" time="0.0470788478851318">
    <system-out>1..1
ok 1 - Equals
</system-out>
    <testcase name="Equals (309)" classname="spec_perl_TestDefaultBigEndian_t" time="0.000262022018432617" />
  </testsuite>
  <testsuite name="spec_perl_TestSwitchManualIntSizeEos_t" errors="0" failures="0" skipped="0" tests="10" time="0.0482048988342285">
    <system-out>1..10
ok 1 - Equals
ok 2 - Equals
ok 3 - Equals
ok 4 - Equals
ok 5 - Equals
ok 6 - Equals
ok 7 - Equals
ok 8 - Equals
ok 9 - Equals
ok 10 - Equals
</system-out>
    <testcase name="Equals (310)" classname="spec_perl_TestSwitchManualIntSizeEos_t" time="0.000725030899047852" />
    <testcase name="Equals (311)" classname="spec_perl_TestSwitchManualIntSizeEos_t" time="0.000103950500488281" />
    <testcase name="Equals (312)" classname="spec_perl_TestSwitchManualIntSizeEos_t" time="5.98430633544922e-05" />
    <testcase name="Equals (313)" classname="spec_perl_TestSwitchManualIntSizeEos_t" time="5.41210174560547e-05" />
    <testcase name="Equals (314)" classname="spec_perl_TestSwitchManualIntSizeEos_t" time="0.000163078308105469" />
    <testcase name="Equals (315)" classname="spec_perl_TestSwitchManualIntSizeEos_t" time="0.000156879425048828" />
    <testcase name="Equals (316)" classname="spec_perl_TestSwitchManualIntSizeEos_t" time="0.000138044357299805" />
    <testcase name="Equals (317)" classname="spec_perl_TestSwitchManualIntSizeEos_t" time="0.00014495849609375" />
    <testcase name="Equals (318)" classname="spec_perl_TestSwitchManualIntSizeEos_t" time="0.0001220703125" />
    <testcase name="Equals (319)" classname="spec_perl_TestSwitchManualIntSizeEos_t" time="0.000149011611938477" />
  </testsuite>
  <testsuite name="spec_perl_TestRepeatUntilSized_t" errors="0" failures="0" skipped="0" tests="7" time="0.0477941036224365">
    <system-out>1..7
ok 1 - Equals
ok 2 - Equals
ok 3 - Equals
ok 4 - Equals
ok 5 - Equals
ok 6 - Equals
ok 7 - Equals
</system-out>
    <testcase name="Equals (320)" classname="spec_perl_TestRepeatUntilSized_t" time="0.000576019287109375" />
    <testcase name="Equals (321)" classname="spec_perl_TestRepeatUntilSized_t" time="0.000107049942016602" />
    <testcase name="Equals (322)" classname="spec_perl_TestRepeatUntilSized_t" time="5.79357147216797e-05" />
    <testcase name="Equals (323)" classname="spec_perl_TestRepeatUntilSized_t" time="9.918212890625e-05" />
    <testcase name="Equals (324)" classname="spec_perl_TestRepeatUntilSized_t" time="0.00014185905456543" />
    <testcase name="Equals (325)" classname="spec_perl_TestRepeatUntilSized_t" time="0.000143051147460938" />
    <testcase name="Equals (326)" classname="spec_perl_TestRepeatUntilSized_t" time="0.000113964080810547" />
  </testsuite>
  <testsuite name="spec_perl_TestBitsEnum_t" errors="0" failures="0" skipped="0" tests="3" time="0.0536000728607178">
    <system-out>1..3
ok 1 - Equals
ok 2 - Equals
ok 3 - Equals
</system-out>
    <testcase name="Equals (327)" classname="spec_perl_TestBitsEnum_t" time="0.000360012054443359" />
    <testcase name="Equals (328)" classname="spec_perl_TestBitsEnum_t" time="0.000149011611938477" />
    <testcase name="Equals (329)" classname="spec_perl_TestBitsEnum_t" time="0.000208854675292969" />
  </testsuite>
  <testsuite name="spec_perl_TestUserType_t" errors="0" failures="0" skipped="0" tests="2" time="0.0463440418243408">
    <system-out>1..2
ok 1 - Equals
ok 2 - Equals
</system-out>
    <testcase name="Equals (330)" classname="spec_perl_TestUserType_t" time="0.000249147415161133" />
    <testcase name="Equals (331)" classname="spec_perl_TestUserType_t" time="0.000102043151855469" />
  </testsuite>
  <testsuite name="spec_perl_TestRepeatNStrzDouble_t" errors="0" failures="0" skipped="0" tests="3" time="0.0498709678649902">
    <system-out>1..3
ok 1 - Equals
ok 2 - Equals
ok 3 - Equals
</system-out>
    <testcase name="Equals (332)" classname="spec_perl_TestRepeatNStrzDouble_t" time="0.000277042388916016" />
    <testcase name="Equals (333)" classname="spec_perl_TestRepeatNStrzDouble_t" time="0.000145912170410156" />
    <testcase name="Equals (334)" classname="spec_perl_TestRepeatNStrzDouble_t" time="8.70227813720703e-05" />
  </testsuite>
  <testsuite name="spec_perl_TestCombineBool_t" errors="0" failures="0" skipped="0" tests="2" time="0.0432140827178955">
    <system-out>1..2
ok 1 - Equals
ok 2 - Equals
</system-out>
    <testcase name="Equals (335)" classname="spec_perl_TestCombineBool_t" time="0.000229120254516602" />
    <testcase name="Equals (336)" classname="spec_perl_TestCombineBool_t" time="8.10623168945312e-05" />
  </testsuite>
  <testsuite name="spec_perl_TestEosExceptionBytes_t" errors="0" failures="0" skipped="0" tests="1" time="0.0546259880065918">
    <system-out>1..1
ok 1 - Died
</system-out>
    <testcase name="Died (336)" classname="spec_perl_TestEosExceptionBytes_t" time="0.000550031661987305" />
  </testsuite>
  <testsuite name="spec_perl_TestEnumIntRangeU_t" errors="0" failures="0" skipped="0" tests="2" time="0.0440468788146973">
    <system-out>1..2
ok 1 - Equals
ok 2 - Equals
</system-out>
    <testcase name="Equals (337)" classname="spec_perl_TestEnumIntRangeU_t" time="0.000233173370361328" />
    <testcase name="Equals (338)" classname="spec_perl_TestEnumIntRangeU_t" time="8.70227813720703e-05" />
  </testsuite>
  <testsuite name="spec_perl_TestIfStruct_t" errors="0" failures="0" skipped="0" tests="7" time="0.0490500926971436">
    <system-out>1..7
ok 1 - Equals
ok 2 - Equals
ok 3 - Equals
ok 4 - Equals
ok 5 - Equals
ok 6 - Equals
ok 7 - Equals
</system-out>
    <testcase name="Equals (339)" classname="spec_perl_TestIfStruct_t" time="0.000352859497070312" />
    <testcase name="Equals (340)" classname="spec_perl_TestIfStruct_t" time="0.000130176544189453" />
    <testcase name="Equals (341)" classname="spec_perl_TestIfStruct_t" time="9.29832458496094e-05" />
    <testcase name="Equals (342)" classname="spec_perl_TestIfStruct_t" time="7.08103179931641e-05" />
    <testcase name="Equals (343)" classname="spec_perl_TestIfStruct_t" time="0.000112056732177734" />
    <testcase name="Equals (344)" classname="spec_perl_TestIfStruct_t" time="0.00018000602722168" />
    <testcase name="Equals (345)" classname="spec_perl_TestIfStruct_t" time="7.89165496826172e-05" />
  </testsuite>
  <testsuite name="spec_perl_TestImports0_t" errors="0" failures="0" skipped="0" tests="3" time="0.0469250679016113">
    <system-out>1..3
ok 1 - Equals
ok 2 - Equals
ok 3 - Equals
</system-out>
    <testcase name="Equals (346)" classname="spec_perl_TestImports0_t" time="0.000219821929931641" />
    <testcase name="Equals (347)" classname="spec_perl_TestImports0_t" time="0.000151157379150391" />
    <testcase name="Equals (348)" classname="spec_perl_TestImports0_t" time="8.20159912109375e-05" />
  </testsuite>
  <testsuite name="spec_perl_TestOptionalId_t" errors="0" failures="0" skipped="0" tests="3" time="0.0464880466461182">
    <system-out>1..3
ok 1 - Equals
ok 2 - Equals
ok 3 - Equals
</system-out>
    <testcase name="Equals (349)" classname="spec_perl_TestOptionalId_t" time="0.000226974487304688" />
    <testcase name="Equals (350)" classname="spec_perl_TestOptionalId_t" time="0.000149011611938477" />
    <testcase name="Equals (351)" classname="spec_perl_TestOptionalId_t" time="7.48634338378906e-05" />
  </testsuite>
  <testsuite name="spec_perl_TestInstanceStdArray_t" errors="0" failures="0" skipped="0" tests="7" time="0.0534868240356445">
    <system-out>1..7
ok 1 - Equals
ok 2 - Equals
ok 3 - Equals
ok 4 - Equals
ok 5 - Equals
ok 6 - Equals
ok 7 - Equals
</system-out>
    <testcase name="Equals (352)" classname="spec_perl_TestInstanceStdArray_t" time="0.000329017639160156" />
    <testcase name="Equals (353)" classname="spec_perl_TestInstanceStdArray_t" time="9.10758972167969e-05" />
    <testcase name="Equals (354)" classname="spec_perl_TestInstanceStdArray_t" time="0.000165939331054688" />
    <testcase name="Equals (355)" classname="spec_perl_TestInstanceStdArray_t" time="0.000174999237060547" />
    <testcase name="Equals (356)" classname="spec_perl_TestInstanceStdArray_t" time="0.000189065933227539" />
    <testcase name="Equals (357)" classname="spec_perl_TestInstanceStdArray_t" time="0.000153064727783203" />
    <testcase name="Equals (358)" classname="spec_perl_TestInstanceStdArray_t" time="0.000187873840332031" />
  </testsuite>
  <testsuite name="spec_perl_TestExprIoPos_t" errors="0" failures="0" skipped="0" tests="6" time="0.0483109951019287">
    <system-out>1..6
ok 1 - Equals
ok 2 - Equals
ok 3 - Equals
ok 4 - Equals
ok 5 - Equals
ok 6 - Equals
</system-out>
    <testcase name="Equals (359)" classname="spec_perl_TestExprIoPos_t" time="0.000618934631347656" />
    <testcase name="Equals (360)" classname="spec_perl_TestExprIoPos_t" time="0.000101089477539062" />
    <testcase name="Equals (361)" classname="spec_perl_TestExprIoPos_t" time="5.88893890380859e-05" />
    <testcase name="Equals (362)" classname="spec_perl_TestExprIoPos_t" time="0.000117063522338867" />
    <testcase name="Equals (363)" classname="spec_perl_TestExprIoPos_t" time="0.000133991241455078" />
    <testcase name="Equals (364)" classname="spec_perl_TestExprIoPos_t" time="0.000130176544189453" />
  </testsuite>
  <testsuite name="spec_perl_TestProcessCoerceUsertype1_t" errors="0" failures="0" skipped="0" tests="4" time="0.0548489093780518">
    <system-out>1..4
ok 1 - Equals
ok 2 - Equals
ok 3 - Equals
ok 4 - Equals
</system-out>
    <testcase name="Equals (365)" classname="spec_perl_TestProcessCoerceUsertype1_t" time="0.00250506401062012" />
    <testcase name="Equals (366)" classname="spec_perl_TestProcessCoerceUsertype1_t" time="9.48905944824219e-05" />
    <testcase name="Equals (367)" classname="spec_perl_TestProcessCoerceUsertype1_t" time="2.59876251220703e-05" />
    <testcase name="Equals (368)" classname="spec_perl_TestProcessCoerceUsertype1_t" time="3.19480895996094e-05" />
  </testsuite>
  <testsuite name="spec_perl_TestProcessXorConst_t" errors="0" failures="0" skipped="0" tests="2" time="0.0456979274749756">
    <system-out>1..2
ok 1 - Equals
ok 2 - Equals
</system-out>
    <testcase name="Equals (369)" classname="spec_perl_TestProcessXorConst_t" time="0.000231027603149414" />
    <testcase name="Equals (370)" classname="spec_perl_TestProcessXorConst_t" time="0.000104904174804688" />
  </testsuite>
  <testsuite name="spec_perl_TestValidLong_t" errors="1" failures="0" skipped="0" tests="0" time="0.0478100776672363">
    <system-out></system-out>
    <testcase name="Test died too soon, even before plan. (370)" classname="spec_perl_TestValidLong_t" time="0.0478100776672363">
      <failure message="The test suite died before a plan was produced. You need to have a plan." type="Plan">No plan</failure>
    </testcase>
  </testsuite>
  <testsuite name="spec_perl_TestTermStrz_t" errors="0" failures="0" skipped="0" tests="3" time="0.0572230815887451">
    <system-out>1..3
ok 1 - Equals
ok 2 - Equals
ok 3 - Equals
</system-out>
    <testcase name="Equals (371)" classname="spec_perl_TestTermStrz_t" time="0.000432014465332031" />
    <testcase name="Equals (372)" classname="spec_perl_TestTermStrz_t" time="9.08374786376953e-05" />
    <testcase name="Equals (373)" classname="spec_perl_TestTermStrz_t" time="0.000167131423950195" />
  </testsuite>
  <testsuite name="spec_perl_TestExprSizeofType0_t" errors="0" failures="0" skipped="0" tests="1" time="0.0498671531677246">
    <system-out>1..1
ok 1 - Equals
</system-out>
    <testcase name="Equals (374)" classname="spec_perl_TestExprSizeofType0_t" time="0.000313043594360352" />
  </testsuite>
  <testsuite name="spec_perl_TestBitsSimpleLe_t" errors="0" failures="0" skipped="0" tests="14" time="0.0477709770202637">
    <system-out>1..14
ok 1 - Equals
ok 2 - Equals
ok 3 - Equals
ok 4 - Equals
ok 5 - Equals
ok 6 - Equals
ok 7 - Equals
ok 8 - Equals
ok 9 - Equals
ok 10 - Equals
ok 11 - Equals
ok 12 - Equals
ok 13 - Equals
ok 14 - Equals
</system-out>
    <testcase name="Equals (375)" classname="spec_perl_TestBitsSimpleLe_t" time="0.000280857086181641" />
    <testcase name="Equals (376)" classname="spec_perl_TestBitsSimpleLe_t" time="8.91685485839844e-05" />
    <testcase name="Equals (377)" classname="spec_perl_TestBitsSimpleLe_t" time="7.20024108886719e-05" />
    <testcase name="Equals (378)" classname="spec_perl_TestBitsSimpleLe_t" time="0.000159978866577148" />
    <testcase name="Equals (379)" classname="spec_perl_TestBitsSimpleLe_t" time="0.000113010406494141" />
    <testcase name="Equals (380)" classname="spec_perl_TestBitsSimpleLe_t" time="0.000102996826171875" />
    <testcase name="Equals (381)" classname="spec_perl_TestBitsSimpleLe_t" time="0.000138044357299805" />
    <testcase name="Equals (382)" classname="spec_perl_TestBitsSimpleLe_t" time="0.000101804733276367" />
    <testcase name="Equals (383)" classname="spec_perl_TestBitsSimpleLe_t" time="0.00014805793762207" />
    <testcase name="Equals (384)" classname="spec_perl_TestBitsSimpleLe_t" time="0.000112056732177734" />
    <testcase name="Equals (385)" classname="spec_perl_TestBitsSimpleLe_t" time="0.000114917755126953" />
    <testcase name="Equals (386)" classname="spec_perl_TestBitsSimpleLe_t" time="0.000168085098266602" />
    <testcase name="Equals (387)" classname="spec_perl_TestBitsSimpleLe_t" time="0.00011897087097168" />
    <testcase name="Equals (388)" classname="spec_perl_TestBitsSimpleLe_t" time="0.000119924545288086" />
  </testsuite>
  <testsuite name="spec_perl_TestStrLiterals_t" errors="0" failures="0" skipped="0" tests="5" time="0.0465028285980225">
    <system-out>1..5
ok 1 - Equals
ok 2 - Equals
ok 3 - Equals
ok 4 - Equals
ok 5 - Equals
</system-out>
    <testcase name="Equals (389)" classname="spec_perl_TestStrLiterals_t" time="0.000221014022827148" />
    <testcase name="Equals (390)" classname="spec_perl_TestStrLiterals_t" time="8.67843627929688e-05" />
    <testcase name="Equals (391)" classname="spec_perl_TestStrLiterals_t" time="7.91549682617188e-05" />
    <testcase name="Equals (392)" classname="spec_perl_TestStrLiterals_t" time="0.000159025192260742" />
    <testcase name="Equals (393)" classname="spec_perl_TestStrLiterals_t" time="0.000151872634887695" />
  </testsuite>
  <testsuite name="spec_perl_TestRepeatEosStruct_t" errors="0" failures="0" skipped="0" tests="5" time="0.0438671112060547">
    <system-out>1..5
ok 1 - Equals
ok 2 - Equals
ok 3 - Equals
ok 4 - Equals
ok 5 - Equals
</system-out>
    <testcase name="Equals (394)" classname="spec_perl_TestRepeatEosStruct_t" time="0.000240802764892578" />
    <testcase name="Equals (395)" classname="spec_perl_TestRepeatEosStruct_t" time="0.000120162963867188" />
    <testcase name="Equals (396)" classname="spec_perl_TestRepeatEosStruct_t" time="0.000138044357299805" />
    <testcase name="Equals (397)" classname="spec_perl_TestRepeatEosStruct_t" time="0.000156879425048828" />
    <testcase name="Equals (398)" classname="spec_perl_TestRepeatEosStruct_t" time="9.20295715332031e-05" />
  </testsuite>
  <testsuite name="spec_perl_TestSwitchRepeatExpr_t" errors="0" failures="0" skipped="0" tests="3" time="0.0445330142974854">
    <system-out>1..3
ok 1 - Equals
ok 2 - Equals
ok 3 - Equals
</system-out>
    <testcase name="Equals (399)" classname="spec_perl_TestSwitchRepeatExpr_t" time="0.000598907470703125" />
    <testcase name="Equals (400)" classname="spec_perl_TestSwitchRepeatExpr_t" time="0.00013422966003418" />
    <testcase name="Equals (401)" classname="spec_perl_TestSwitchRepeatExpr_t" time="5.07831573486328e-05" />
  </testsuite>
  <testsuite name="spec_perl_TestRepeatUntilCalcArrayType_t" errors="0" failures="0" skipped="0" tests="7" time="0.0550301074981689">
    <system-out>1..7
ok 1 - Equals
ok 2 - Equals
ok 3 - Equals
ok 4 - Equals
ok 5 - Equals
ok 6 - Equals
ok 7 - Equals
</system-out>
    <testcase name="Equals (402)" classname="spec_perl_TestRepeatUntilCalcArrayType_t" time="0.000687837600708008" />
    <testcase name="Equals (403)" classname="spec_perl_TestRepeatUntilCalcArrayType_t" time="9.79900360107422e-05" />
    <testcase name="Equals (404)" classname="spec_perl_TestRepeatUntilCalcArrayType_t" time="0.000161170959472656" />
    <testcase name="Equals (405)" classname="spec_perl_TestRepeatUntilCalcArrayType_t" time="0.000164031982421875" />
    <testcase name="Equals (406)" classname="spec_perl_TestRepeatUntilCalcArrayType_t" time="0.000155925750732422" />
    <testcase name="Equals (407)" classname="spec_perl_TestRepeatUntilCalcArrayType_t" time="0.000166893005371094" />
    <testcase name="Equals (408)" classname="spec_perl_TestRepeatUntilCalcArrayType_t" time="0.000177145004272461" />
  </testsuite>
  <testsuite name="spec_perl_TestMultipleUse_t" errors="0" failures="0" skipped="0" tests="2" time="0.0435090065002441">
    <system-out>1..2
ok 1 - Equals
ok 2 - Equals
</system-out>
    <testcase name="Equals (409)" classname="spec_perl_TestMultipleUse_t" time="0.000251054763793945" />
    <testcase name="Equals (410)" classname="spec_perl_TestMultipleUse_t" time="8.392333984375e-05" />
  </testsuite>
  <testsuite name="spec_perl_TestCastToTop_t" errors="0" failures="0" skipped="0" tests="3" time="0.0439639091491699">
    <system-out>1..3
ok 1 - Equals
ok 2 - Equals
ok 3 - Equals
</system-out>
    <testcase name="Equals (411)" classname="spec_perl_TestCastToTop_t" time="0.000231027603149414" />
    <testcase name="Equals (412)" classname="spec_perl_TestCastToTop_t" time="0.000104904174804688" />
    <testcase name="Equals (413)" classname="spec_perl_TestCastToTop_t" time="0.000137090682983398" />
  </testsuite>
  <testsuite name="spec_perl_TestExprSizeofValue0_t" errors="0" failures="0" skipped="0" tests="5" time="0.0540659427642822">
    <system-out>1..5
ok 1 - Equals
ok 2 - Equals
ok 3 - Equals
ok 4 - Equals
ok 5 - Equals
</system-out>
    <testcase name="Equals (414)" classname="spec_perl_TestExprSizeofValue0_t" time="0.000367164611816406" />
    <testcase name="Equals (415)" classname="spec_perl_TestExprSizeofValue0_t" time="0.000139951705932617" />
    <testcase name="Equals (416)" classname="spec_perl_TestExprSizeofValue0_t" time="0.000191926956176758" />
    <testcase name="Equals (417)" classname="spec_perl_TestExprSizeofValue0_t" time="0.000174999237060547" />
[...]
  </testsuite>
  <testsuite name="spec_perl_TestStrEncodings_t" errors="0" failures="0" skipped="0" tests="4" time="0.0685150623321533">
    <system-out>1..4
ok 1 - Equals
ok 2 - Equals
ok 3 - Equals
ok 4 - Equals
</system-out>
    <testcase name="Equals (755)" classname="spec_perl_TestStrEncodings_t" time="0.0206978321075439" />
    <testcase name="Equals (756)" classname="spec_perl_TestStrEncodings_t" time="0.000135183334350586" />
    <testcase name="Equals (757)" classname="spec_perl_TestStrEncodings_t" time="0.000152826309204102" />
    <testcase name="Equals (758)" classname="spec_perl_TestStrEncodings_t" time="0.000185966491699219" />
  </testsuite>
  <testsuite name="spec_perl_TestSwitchManualInt_t" errors="0" failures="0" skipped="0" tests="9" time="0.0483541488647461">
    <system-out>1..9
ok 1 - Equals
ok 2 - Equals
ok 3 - Equals
ok 4 - Equals
ok 5 - Equals
ok 6 - Equals
ok 7 - Equals
ok 8 - Equals
ok 9 - Equals
</system-out>
    <testcase name="Equals (759)" classname="spec_perl_TestSwitchManualInt_t" time="0.000339031219482422" />
    <testcase name="Equals (760)" classname="spec_perl_TestSwitchManualInt_t" time="9.20295715332031e-05" />
    <testcase name="Equals (761)" classname="spec_perl_TestSwitchManualInt_t" time="6.103515625e-05" />
    <testcase name="Equals (762)" classname="spec_perl_TestSwitchManualInt_t" time="0.000134944915771484" />
    <testcase name="Equals (763)" classname="spec_perl_TestSwitchManualInt_t" time="0.000123977661132812" />
    <testcase name="Equals (764)" classname="spec_perl_TestSwitchManualInt_t" time="0.000140905380249023" />
    <testcase name="Equals (765)" classname="spec_perl_TestSwitchManualInt_t" time="0.000121116638183594" />
    <testcase name="Equals (766)" classname="spec_perl_TestSwitchManualInt_t" time="0.000125885009765625" />
    <testcase name="Equals (767)" classname="spec_perl_TestSwitchManualInt_t" time="0.000127077102661133" />
  </testsuite>
  <testsuite name="spec_perl_TestDefaultEndianExprException_t" errors="0" failures="0" skipped="0" tests="1" time="0.0478229522705078">
    <system-out>1..1
ok 1 - Died
</system-out>
    <testcase name="Died (767)" classname="spec_perl_TestDefaultEndianExprException_t" time="0.00031590461730957" />
  </testsuite>
  <testsuite name="spec_perl_TestImportsAbsAbs_t" errors="0" failures="0" skipped="0" tests="3" time="0.0477321147918701">
    <system-out>1..3
ok 1 - Equals
ok 2 - Equals
ok 3 - Equals
</system-out>
    <testcase name="Equals (768)" classname="spec_perl_TestImportsAbsAbs_t" time="0.000239133834838867" />
    <testcase name="Equals (769)" classname="spec_perl_TestImportsAbsAbs_t" time="0.000114917755126953" />
    <testcase name="Equals (770)" classname="spec_perl_TestImportsAbsAbs_t" time="6.60419464111328e-05" />
  </testsuite>
  <testsuite name="spec_perl_TestExprBytesLiteral_t" errors="1" failures="0" skipped="0" tests="0" time="0.045619010925293">
    <system-out></system-out>
    <testcase name="Test died too soon, even before plan. (770)" classname="spec_perl_TestExprBytesLiteral_t" time="0.045619010925293">
      <failure message="The test suite died before a plan was produced. You need to have a plan." type="Plan">No plan</failure>
    </testcase>
  </testsuite>
  <testsuite name="spec_perl_TestProcessXor4Const_t" errors="0" failures="0" skipped="0" tests="2" time="0.0431289672851562">
    <system-out>1..2
ok 1 - Equals
ok 2 - Equals
</system-out>
    <testcase name="Equals (771)" classname="spec_perl_TestProcessXor4Const_t" time="0.000220060348510742" />
    <testcase name="Equals (772)" classname="spec_perl_TestProcessXor4Const_t" time="7.79628753662109e-05" />
  </testsuite>
  <testsuite name="spec_perl_TestImportsAbsRel_t" errors="0" failures="0" skipped="0" tests="3" time="0.0552361011505127">
    <system-out>1..3
ok 1 - Equals
ok 2 - Equals
ok 3 - Equals
</system-out>
    <testcase name="Equals (773)" classname="spec_perl_TestImportsAbsRel_t" time="0.000325918197631836" />
    <testcase name="Equals (774)" classname="spec_perl_TestImportsAbsRel_t" time="0.000107049942016602" />
    <testcase name="Equals (775)" classname="spec_perl_TestImportsAbsRel_t" time="0.000188827514648438" />
  </testsuite>
  <testsuite name="spec_perl_TestIntegersMinMax_t" errors="0" failures="0" skipped="0" tests="28" time="0.0501499176025391">
    <system-out>1..28
ok 1 - Equals
ok 2 - Equals
ok 3 - Equals
ok 4 - Equals
ok 5 - Equals
ok 6 - Equals
ok 7 - Equals
ok 8 - Equals
ok 9 - Equals
ok 10 - Equals
ok 11 - Equals
ok 12 - Equals
ok 13 - Equals
ok 14 - Equals
ok 15 - Equals
ok 16 - Equals
ok 17 - Equals
ok 18 - Equals
ok 19 - Equals
ok 20 - Equals
ok 21 - Equals
ok 22 - Equals
ok 23 - Equals
ok 24 - Equals
ok 25 - Equals
ok 26 - Equals
ok 27 - Equals
ok 28 - Equals
</system-out>
    <testcase name="Equals (776)" classname="spec_perl_TestIntegersMinMax_t" time="0.000303030014038086" />
    <testcase name="Equals (777)" classname="spec_perl_TestIntegersMinMax_t" time="0.000103950500488281" />
    <testcase name="Equals (778)" classname="spec_perl_TestIntegersMinMax_t" time="6.89029693603516e-05" />
    <testcase name="Equals (779)" classname="spec_perl_TestIntegersMinMax_t" time="8.51154327392578e-05" />
    <testcase name="Equals (780)" classname="spec_perl_TestIntegersMinMax_t" time="0.000134944915771484" />
    <testcase name="Equals (781)" classname="spec_perl_TestIntegersMinMax_t" time="0.000124931335449219" />
    <testcase name="Equals (782)" classname="spec_perl_TestIntegersMinMax_t" time="0.000158071517944336" />
    <testcase name="Equals (783)" classname="spec_perl_TestIntegersMinMax_t" time="0.000134944915771484" />
    <testcase name="Equals (784)" classname="spec_perl_TestIntegersMinMax_t" time="9.60826873779297e-05" />
    <testcase name="Equals (785)" classname="spec_perl_TestIntegersMinMax_t" time="0.000114917755126953" />
    <testcase name="Equals (786)" classname="spec_perl_TestIntegersMinMax_t" time="0.000106096267700195" />
    <testcase name="Equals (787)" classname="spec_perl_TestIntegersMinMax_t" time="0.000154972076416016" />
    <testcase name="Equals (788)" classname="spec_perl_TestIntegersMinMax_t" time="0.000139951705932617" />
    <testcase name="Equals (789)" classname="spec_perl_TestIntegersMinMax_t" time="0.000129938125610352" />
    <testcase name="Equals (790)" classname="spec_perl_TestIntegersMinMax_t" time="0.000158071517944336" />
    <testcase name="Equals (791)" classname="spec_perl_TestIntegersMinMax_t" time="0.000102043151855469" />
    <testcase name="Equals (792)" classname="spec_perl_TestIntegersMinMax_t" time="0.000120878219604492" />
    <testcase name="Equals (793)" classname="spec_perl_TestIntegersMinMax_t" time="0.000108003616333008" />
    <testcase name="Equals (794)" classname="spec_perl_TestIntegersMinMax_t" time="0.000138998031616211" />
    <testcase name="Equals (795)" classname="spec_perl_TestIntegersMinMax_t" time="0.00012516975402832" />
    <testcase name="Equals (796)" classname="spec_perl_TestIntegersMinMax_t" time="0.000119924545288086" />
    <testcase name="Equals (797)" classname="spec_perl_TestIntegersMinMax_t" time="0.000185966491699219" />
    <testcase name="Equals (798)" classname="spec_perl_TestIntegersMinMax_t" time="9.29832458496094e-05" />
    <testcase name="Equals (799)" classname="spec_perl_TestIntegersMinMax_t" time="0.000100135803222656" />
    <testcase name="Equals (800)" classname="spec_perl_TestIntegersMinMax_t" time="0.000124931335449219" />
    <testcase name="Equals (801)" classname="spec_perl_TestIntegersMinMax_t" time="0.000103950500488281" />
    <testcase name="Equals (802)" classname="spec_perl_TestIntegersMinMax_t" time="0.000141143798828125" />
    <testcase name="Equals (803)" classname="spec_perl_TestIntegersMinMax_t" time="0.000123977661132812" />
  </testsuite>
  <testsuite name="spec_perl_TestDocstrings_t" errors="0" failures="0" skipped="1" tests="1" time="0.0454199314117432">
    <system-out>1..1
ok 1 # skip Docstrings=HASH(0x2922c20)
</system-out>
    <testcase name="Unnamed test case 803" classname="spec_perl_TestDocstrings_t" time="0.00126910209655762">
      <skipped message="ok 1 # skip Docstrings=HASH(0x2922c20)" />
    </testcase>
  </testsuite>
  <testsuite name="spec_perl_TestParamsPassUsertype_t" errors="0" failures="1" skipped="1" tests="2" time="0.0499348640441895">
    <system-out>1..2
not ok 1 - test_params_pass_usertype died (Can't call method &quot;foo&quot; on an undefined value at compiled/perl/ParamsPassUsertype.pm line 119.)
ok 2 # skip test_params_pass_usertype died
</system-out>
    <testcase name="test_params_pass_usertype died (Can't call method &quot;foo&quot; on an undefined value at compiled/perl/ParamsPassUsertype.pm line 119.) (803)" classname="spec_perl_TestParamsPassUsertype_t" time="0.000225067138671875">
      <failure message="not ok 1 - test_params_pass_usertype died (Can't call method &quot;foo&quot; on an undefined value at compiled/perl/ParamsPassUsertype.pm line 119.)" type="TAP::Parser::Result::Test"></failure>
    </testcase>
    <testcase name="Unnamed test case 804" classname="spec_perl_TestParamsPassUsertype_t" time="0.00371384620666504">
      <skipped message="ok 2 # skip test_params_pass_usertype died" />
    </testcase>
  </testsuite>
  <testsuite name="spec_perl_TestFixedStruct_t" errors="1" failures="0" skipped="0" tests="0" time="0.0488917827606201">
    <system-out></system-out>
    <testcase name="Test died too soon, even before plan. (804)" classname="spec_perl_TestFixedStruct_t" time="0.0488917827606201">
      <failure message="The test suite died before a plan was produced. You need to have a plan." type="Plan">No plan</failure>
    </testcase>
  </testsuite>
  <testsuite name="spec_perl_TestTsPacketHeader_t" errors="0" failures="0" skipped="0" tests="7" time="0.0470669269561768">
    <system-out>1..7
ok 1 - Equals
ok 2 - Equals
ok 3 - Equals
ok 4 - Equals
ok 5 - Equals
ok 6 - Equals
ok 7 - Equals
</system-out>
    <testcase name="Equals (804)" classname="spec_perl_TestTsPacketHeader_t" time="0.000303030014038086" />
    <testcase name="Equals (805)" classname="spec_perl_TestTsPacketHeader_t" time="0.000100135803222656" />
    <testcase name="Equals (806)" classname="spec_perl_TestTsPacketHeader_t" time="9.58442687988281e-05" />
    <testcase name="Equals (807)" classname="spec_perl_TestTsPacketHeader_t" time="7.10487365722656e-05" />
    <testcase name="Equals (808)" classname="spec_perl_TestTsPacketHeader_t" time="0.000128030776977539" />
    <testcase name="Equals (809)" classname="spec_perl_TestTsPacketHeader_t" time="0.000127077102661133" />
    <testcase name="Equals (810)" classname="spec_perl_TestTsPacketHeader_t" time="0.000145912170410156" />
  </testsuite>
  <testsuite name="spec_perl_TestEnum1_t" errors="0" failures="0" skipped="0" tests="2" time="0.0452249050140381">
    <system-out>1..2
ok 1 - Equals
ok 2 - Equals
</system-out>
    <testcase name="Equals (811)" classname="spec_perl_TestEnum1_t" time="0.000224113464355469" />
    <testcase name="Equals (812)" classname="spec_perl_TestEnum1_t" time="8.29696655273438e-05" />
  </testsuite>
  <testsuite name="spec_perl_TestExprCalcArrayOps_t" errors="0" failures="1" skipped="17" tests="18" time="0.0598878860473633">
    <system-out>1..18
not ok 1 - test_expr_calc_array_ops died (Can't use string (&quot;1000&quot;) as an ARRAY ref while &quot;strict refs&quot; in use at compiled/perl/ExprCalcArrayOps.pm line 50.)
ok 2 # skip test_expr_calc_array_ops died
ok 3 # skip test_expr_calc_array_ops died
ok 4 # skip test_expr_calc_array_ops died
ok 5 # skip test_expr_calc_array_ops died
ok 6 # skip test_expr_calc_array_ops died
ok 7 # skip test_expr_calc_array_ops died
ok 8 # skip test_expr_calc_array_ops died
ok 9 # skip test_expr_calc_array_ops died
ok 10 # skip test_expr_calc_array_ops died
ok 11 # skip test_expr_calc_array_ops died
ok 12 # skip test_expr_calc_array_ops died
ok 13 # skip test_expr_calc_array_ops died
ok 14 # skip test_expr_calc_array_ops died
ok 15 # skip test_expr_calc_array_ops died
ok 16 # skip test_expr_calc_array_ops died
ok 17 # skip test_expr_calc_array_ops died
ok 18 # skip test_expr_calc_array_ops died
</system-out>
    <testcase name="test_expr_calc_array_ops died (Can't use string (&quot;1000&quot;) as an ARRAY ref while &quot;strict refs&quot; in use at compiled/perl/ExprCalcArrayOps.pm line 50.) (812)" classname="spec_perl_TestExprCalcArrayOps_t" time="0.000655174255371094">
      <failure message="not ok 1 - test_expr_calc_array_ops died (Can't use string (&quot;1000&quot;) as an ARRAY ref while &quot;strict refs&quot; in use at compiled/perl/ExprCalcArrayOps.pm line 50.)" type="TAP::Parser::Result::Test"></failure>
    </testcase>
    <testcase name="Unnamed test case 812" classname="spec_perl_TestExprCalcArrayOps_t" time="0.000697851181030273">
      <skipped message="ok 2 # skip test_expr_calc_array_ops died" />
    </testcase>
    <testcase name="Unnamed test case 813" classname="spec_perl_TestExprCalcArrayOps_t" time="0.00133013725280762">
      <skipped message="ok 3 # skip test_expr_calc_array_ops died" />
    </testcase>
    <testcase name="Unnamed test case 814" classname="spec_perl_TestExprCalcArrayOps_t" time="0.0022728443145752">
      <skipped message="ok 4 # skip test_expr_calc_array_ops died" />
    </testcase>
    <testcase name="Unnamed test case 815" classname="spec_perl_TestExprCalcArrayOps_t" time="0.00122714042663574">
      <skipped message="ok 5 # skip test_expr_calc_array_ops died" />
    </testcase>
    <testcase name="Unnamed test case 816" classname="spec_perl_TestExprCalcArrayOps_t" time="0.00071406364440918">
      <skipped message="ok 6 # skip test_expr_calc_array_ops died" />
    </testcase>
    <testcase name="Unnamed test case 817" classname="spec_perl_TestExprCalcArrayOps_t" time="0.000309944152832031">
      <skipped message="ok 7 # skip test_expr_calc_array_ops died" />
    </testcase>
    <testcase name="Unnamed test case 818" classname="spec_perl_TestExprCalcArrayOps_t" time="0.000100851058959961">
      <skipped message="ok 8 # skip test_expr_calc_array_ops died" />
    </testcase>
    <testcase name="Unnamed test case 819" classname="spec_perl_TestExprCalcArrayOps_t" time="0.000163078308105469">
      <skipped message="ok 9 # skip test_expr_calc_array_ops died" />
    </testcase>
    <testcase name="Unnamed test case 820" classname="spec_perl_TestExprCalcArrayOps_t" time="0.000123023986816406">
      <skipped message="ok 10 # skip test_expr_calc_array_ops died" />
    </testcase>
    <testcase name="Unnamed test case 821" classname="spec_perl_TestExprCalcArrayOps_t" time="0.000159978866577148">
      <skipped message="ok 11 # skip test_expr_calc_array_ops died" />
    </testcase>
    <testcase name="Unnamed test case 822" classname="spec_perl_TestExprCalcArrayOps_t" time="0.000119924545288086">
      <skipped message="ok 12 # skip test_expr_calc_array_ops died" />
    </testcase>
    <testcase name="Unnamed test case 823" classname="spec_perl_TestExprCalcArrayOps_t" time="0.000131130218505859">
      <skipped message="ok 13 # skip test_expr_calc_array_ops died" />
    </testcase>
    <testcase name="Unnamed test case 824" classname="spec_perl_TestExprCalcArrayOps_t" time="0.000140905380249023">
      <skipped message="ok 14 # skip test_expr_calc_array_ops died" />
    </testcase>
    <testcase name="Unnamed test case 825" classname="spec_perl_TestExprCalcArrayOps_t" time="0.000128984451293945">
      <skipped message="ok 15 # skip test_expr_calc_array_ops died" />
    </testcase>
    <testcase name="Unnamed test case 826" classname="spec_perl_TestExprCalcArrayOps_t" time="0.000126123428344727">
      <skipped message="ok 16 # skip test_expr_calc_array_ops died" />
    </testcase>
    <testcase name="Unnamed test case 827" classname="spec_perl_TestExprCalcArrayOps_t" time="0.00014185905456543">
      <skipped message="ok 17 # skip test_expr_calc_array_ops died" />
    </testcase>
    <testcase name="Unnamed test case 828" classname="spec_perl_TestExprCalcArrayOps_t" time="0.000162124633789062">
      <skipped message="ok 18 # skip test_expr_calc_array_ops died" />
    </testcase>
  </testsuite>
  <testsuite name="spec_perl_TestNestedTypes3_t" errors="0" failures="0" skipped="0" tests="5" time="0.0467650890350342">
    <system-out>1..5
ok 1 - Equals
ok 2 - Equals
ok 3 - Equals
ok 4 - Equals
ok 5 - Equals
</system-out>
    <testcase name="Equals (828)" classname="spec_perl_TestNestedTypes3_t" time="0.000236034393310547" />
    <testcase name="Equals (829)" classname="spec_perl_TestNestedTypes3_t" time="0.000102043151855469" />
    <testcase name="Equals (830)" classname="spec_perl_TestNestedTypes3_t" time="6.89029693603516e-05" />
    <testcase name="Equals (831)" classname="spec_perl_TestNestedTypes3_t" time="7.51018524169922e-05" />
    <testcase name="Equals (832)" classname="spec_perl_TestNestedTypes3_t" time="0.000160932540893555" />
  </testsuite>
  <testsuite name="spec_perl_TestParamsEnum_t" errors="0" failures="1" skipped="0" tests="2" time="0.0569639205932617">
    <system-out>1..2
ok 1 - Equals
not ok 2 - Equals
</system-out>
    <testcase name="Equals (833)" classname="spec_perl_TestParamsEnum_t" time="0.000323057174682617" />
    <testcase name="Equals (834)" classname="spec_perl_TestParamsEnum_t" time="0.000993013381958008">
      <failure message="not ok 2 - Equals" type="TAP::Parser::Result::Test"></failure>
    </testcase>
  </testsuite>
  <testsuite name="spec_perl_TestRepeatNStruct_t" errors="0" failures="0" skipped="0" tests="5" time="0.0438108444213867">
    <system-out>1..5
ok 1 - Equals
ok 2 - Equals
ok 3 - Equals
ok 4 - Equals
ok 5 - Equals
</system-out>
    <testcase name="Equals (835)" classname="spec_perl_TestRepeatNStruct_t" time="0.000233888626098633" />
    <testcase name="Equals (836)" classname="spec_perl_TestRepeatNStruct_t" time="8.20159912109375e-05" />
    <testcase name="Equals (837)" classname="spec_perl_TestRepeatNStruct_t" time="0.000123977661132812" />
    <testcase name="Equals (838)" classname="spec_perl_TestRepeatNStruct_t" time="0.000143051147460938" />
    <testcase name="Equals (839)" classname="spec_perl_TestRepeatNStruct_t" time="9.98973846435547e-05" />
  </testsuite>
  <testsuite name="spec_perl_TestValidShort_t" errors="1" failures="0" skipped="0" tests="0" time="0.0480358600616455">
    <system-out></system-out>
    <testcase name="Test died too soon, even before plan. (839)" classname="spec_perl_TestValidShort_t" time="0.0480358600616455">
      <failure message="The test suite died before a plan was produced. You need to have a plan." type="Plan">No plan</failure>
    </testcase>
  </testsuite>
  <testsuite name="spec_perl_TestTypeTernary_t" errors="0" failures="0" skipped="0" tests="1" time="0.0462749004364014">
    <system-out>1..1
ok 1 - Equals
</system-out>
    <testcase name="Equals (840)" classname="spec_perl_TestTypeTernary_t" time="0.000570058822631836" />
  </testsuite>
  <testsuite name="spec_perl_TestProcessRotate_t" errors="0" failures="0" skipped="0" tests="3" time="0.0436968803405762">
    <system-out>1..3
ok 1 - Equals
ok 2 - Equals
ok 3 - Equals
</system-out>
    <testcase name="Equals (841)" classname="spec_perl_TestProcessRotate_t" time="0.000292778015136719" />
    <testcase name="Equals (842)" classname="spec_perl_TestProcessRotate_t" time="8.70227813720703e-05" />
    <testcase name="Equals (843)" classname="spec_perl_TestProcessRotate_t" time="5.69820404052734e-05" />
  </testsuite>
  <testsuite name="spec_perl_TestIoLocalVar_t" errors="0" failures="0" skipped="0" tests="2" time="0.0541400909423828">
    <system-out>1..2
ok 1 - Equals
ok 2 - Equals
</system-out>
    <testcase name="Equals (844)" classname="spec_perl_TestIoLocalVar_t" time="0.00068211555480957" />
    <testcase name="Equals (845)" classname="spec_perl_TestIoLocalVar_t" time="9.58442687988281e-05" />
  </testsuite>
</testsuites>
