<?xml version='1.0' encoding='utf-8'?>
<testsuites>
  <testsuite name="spec_perl_TestRepeatUntilCalcArrayType_t" errors="0" failures="0" skipped="0" tests="7" time="0.0517849922180176">
    <system-out>1..7
ok 1 - Equals
ok 2 - Equals
ok 3 - Equals
ok 4 - Equals
ok 5 - Equals
ok 6 - Equals
ok 7 - Equals
</system-out>
    <testcase name="Equals" classname="spec_perl_TestRepeatUntilCalcArrayType_t" time="0.000568151473999023" />
    <testcase name="Equals (2)" classname="spec_perl_TestRepeatUntilCalcArrayType_t" time="9.79900360107422e-05" />
    <testcase name="Equals (3)" classname="spec_perl_TestRepeatUntilCalcArrayType_t" time="0.000129938125610352" />
    <testcase name="Equals (4)" classname="spec_perl_TestRepeatUntilCalcArrayType_t" time="0.00017094612121582" />
    <testcase name="Equals (5)" classname="spec_perl_TestRepeatUntilCalcArrayType_t" time="0.000166177749633789" />
    <testcase name="Equals (6)" classname="spec_perl_TestRepeatUntilCalcArrayType_t" time="0.000186920166015625" />
    <testcase name="Equals (7)" classname="spec_perl_TestRepeatUntilCalcArrayType_t" time="0.000138998031616211" />
  </testsuite>
  <testsuite name="spec_perl_TestMetaXref_t" errors="0" failures="0" skipped="1" tests="1" time="0.0521769523620605">
    <system-out>1..1
ok 1 # skip MetaXref=HASH(0x55a9d23dbdc0)
</system-out>
    <testcase name="Unnamed test case 7" classname="spec_perl_TestMetaXref_t" time="0.00127005577087402">
      <skipped message="ok 1 # skip MetaXref=HASH(0x55a9d23dbdc0)" />
    </testcase>
  </testsuite>
  <testsuite name="spec_perl_TestDefaultEndianExprInherited_t" errors="0" failures="0" skipped="0" tests="15" time="0.0540900230407715">
    <system-out>1..15
ok 1 - Equals
ok 2 - Equals
ok 3 - Equals
ok 4 - Equals
ok 5 - Equals
ok 6 - Equals
ok 7 - Equals
ok 8 - Equals
ok 9 - Equals
ok 10 - Equals
ok 11 - Equals
ok 12 - Equals
ok 13 - Equals
ok 14 - Equals
ok 15 - Equals
</system-out>
    <testcase name="Equals (8)" classname="spec_perl_TestDefaultEndianExprInherited_t" time="0.000402927398681641" />
    <testcase name="Equals (9)" classname="spec_perl_TestDefaultEndianExprInherited_t" time="9.29832458496094e-05" />
    <testcase name="Equals (10)" classname="spec_perl_TestDefaultEndianExprInherited_t" time="0.000224113464355469" />
    <testcase name="Equals (11)" classname="spec_perl_TestDefaultEndianExprInherited_t" time="0.000128984451293945" />
    <testcase name="Equals (12)" classname="spec_perl_TestDefaultEndianExprInherited_t" time="0.000195026397705078" />
    <testcase name="Equals (13)" classname="spec_perl_TestDefaultEndianExprInherited_t" time="0.000164985656738281" />
    <testcase name="Equals (14)" classname="spec_perl_TestDefaultEndianExprInherited_t" time="0.000187873840332031" />
    <testcase name="Equals (15)" classname="spec_perl_TestDefaultEndianExprInherited_t" time="0.000178098678588867" />
    <testcase name="Equals (16)" classname="spec_perl_TestDefaultEndianExprInherited_t" time="0.000169038772583008" />
    <testcase name="Equals (17)" classname="spec_perl_TestDefaultEndianExprInherited_t" time="0.000195980072021484" />
    <testcase name="Equals (18)" classname="spec_perl_TestDefaultEndianExprInherited_t" time="0.000165939331054688" />
    <testcase name="Equals (19)" classname="spec_perl_TestDefaultEndianExprInherited_t" time="0.000177860260009766" />
    <testcase name="Equals (20)" classname="spec_perl_TestDefaultEndianExprInherited_t" time="0.000179052352905273" />
    <testcase name="Equals (21)" classname="spec_perl_TestDefaultEndianExprInherited_t" time="0.000164031982421875" />
    <testcase name="Equals (22)" classname="spec_perl_TestDefaultEndianExprInherited_t" time="0.000193119049072266" />
  </testsuite>
  <testsuite name="spec_perl_TestTypeTernary2ndFalsy_t" errors="0" failures="1" skipped="0" tests="13" time="0.0550229549407959">
    <system-out>1..13
ok 1 - Equals
ok 2 - Equals
ok 3 - Equals
ok 4 - Approx equals
ok 5 - Approx equals
ok 6 - Equals
ok 7 - Equals
ok 8 - Equals
ok 9 - nil
ok 10 - Equals
ok 11 - Equals
ok 12 - Equals
not ok 13 - test_type_ternary_2nd_falsy died (Can't use an undefined value as an ARRAY reference at spec/perl/TestTypeTernary2ndFalsy.t line 26.)
</system-out>
    <testcase name="Equals (23)" classname="spec_perl_TestTypeTernary2ndFalsy_t" time="0.000241994857788086" />
    <testcase name="Equals (24)" classname="spec_perl_TestTypeTernary2ndFalsy_t" time="0.000119209289550781" />
    <testcase name="Equals (25)" classname="spec_perl_TestTypeTernary2ndFalsy_t" time="0.000178813934326172" />
    <testcase name="Approx equals (25)" classname="spec_perl_TestTypeTernary2ndFalsy_t" time="6.60419464111328e-05" />
    <testcase name="Approx equals (26)" classname="spec_perl_TestTypeTernary2ndFalsy_t" time="5.50746917724609e-05" />
    <testcase name="Equals (26)" classname="spec_perl_TestTypeTernary2ndFalsy_t" time="0.000190019607543945" />
    <testcase name="Equals (27)" classname="spec_perl_TestTypeTernary2ndFalsy_t" time="0.000165939331054688" />
    <testcase name="Equals (28)" classname="spec_perl_TestTypeTernary2ndFalsy_t" time="0.000176906585693359" />
    <testcase name="nil (28)" classname="spec_perl_TestTypeTernary2ndFalsy_t" time="6.41345977783203e-05" />
    <testcase name="Equals (29)" classname="spec_perl_TestTypeTernary2ndFalsy_t" time="0.000169992446899414" />
    <testcase name="Equals (30)" classname="spec_perl_TestTypeTernary2ndFalsy_t" time="0.000182867050170898" />
    <testcase name="Equals (31)" classname="spec_perl_TestTypeTernary2ndFalsy_t" time="0.000163078308105469" />
    <testcase name="test_type_ternary_2nd_falsy died (Can't use an undefined value as an ARRAY reference at spec/perl/TestTypeTernary2ndFalsy.t line 26.) (31)" classname="spec_perl_TestTypeTernary2ndFalsy_t" time="0.000283002853393555">
      <failure message="not ok 13 - test_type_ternary_2nd_falsy died (Can't use an undefined value as an ARRAY reference at spec/perl/TestTypeTernary2ndFalsy.t line 26.)" type="TAP::Parser::Result::Test"></failure>
    </testcase>
  </testsuite>
  <testsuite name="spec_perl_TestExprBytesNonLiteral_t" errors="0" failures="0" skipped="0" tests="3" time="0.0507009029388428">
    <system-out>1..3
ok 1 - Equals
ok 2 - Equals
ok 3 - Equals
</system-out>
    <testcase name="Equals (32)" classname="spec_perl_TestExprBytesNonLiteral_t" time="0.000257968902587891" />
    <testcase name="Equals (33)" classname="spec_perl_TestExprBytesNonLiteral_t" time="9.20295715332031e-05" />
    <testcase name="Equals (34)" classname="spec_perl_TestExprBytesNonLiteral_t" time="0.000218868255615234" />
  </testsuite>
  <testsuite name="spec_perl_TestExprIfIntOps_t" errors="0" failures="0" skipped="0" tests="2" time="0.0513699054718018">
    <system-out>1..2
ok 1 - Equals
ok 2 - Equals
</system-out>
    <testcase name="Equals (35)" classname="spec_perl_TestExprIfIntOps_t" time="0.000265121459960938" />
    <testcase name="Equals (36)" classname="spec_perl_TestExprIfIntOps_t" time="8.48770141601562e-05" />
  </testsuite>
  <testsuite name="spec_perl_TestRepeatNStrz_t" errors="0" failures="0" skipped="0" tests="2" time="0.0544948577880859">
    <system-out>1..2
ok 1 - Equals
ok 2 - Equals
</system-out>
    <testcase name="Equals (37)" classname="spec_perl_TestRepeatNStrz_t" time="0.000395059585571289" />
    <testcase name="Equals (38)" classname="spec_perl_TestRepeatNStrz_t" time="9.39369201660156e-05" />
  </testsuite>
  <testsuite name="spec_perl_TestSwitchBytearray_t" errors="0" failures="0" skipped="0" tests="9" time="0.0595450401306152">
    <system-out>1..9
ok 1 - Equals
ok 2 - Equals
ok 3 - Equals
ok 4 - Equals
ok 5 - Equals
ok 6 - Equals
ok 7 - Equals
ok 8 - Equals
ok 9 - Equals
</system-out>
    <testcase name="Equals (39)" classname="spec_perl_TestSwitchBytearray_t" time="0.000356912612915039" />
    <testcase name="Equals (40)" classname="spec_perl_TestSwitchBytearray_t" time="0.000120162963867188" />
    <testcase name="Equals (41)" classname="spec_perl_TestSwitchBytearray_t" time="0.000177860260009766" />
    <testcase name="Equals (42)" classname="spec_perl_TestSwitchBytearray_t" time="0.000176191329956055" />
    <testcase name="Equals (43)" classname="spec_perl_TestSwitchBytearray_t" time="0.000206947326660156" />
    <testcase name="Equals (44)" classname="spec_perl_TestSwitchBytearray_t" time="0.000174999237060547" />
    <testcase name="Equals (45)" classname="spec_perl_TestSwitchBytearray_t" time="0.000195026397705078" />
    <testcase name="Equals (46)" classname="spec_perl_TestSwitchBytearray_t" time="0.000159978866577148" />
    <testcase name="Equals (47)" classname="spec_perl_TestSwitchBytearray_t" time="0.00018000602722168" />
  </testsuite>
  <testsuite name="spec_perl_TestExprBits_t" errors="0" failures="0" skipped="0" tests="10" time="0.0530569553375244">
    <system-out>1..10
ok 1 - Equals
ok 2 - Equals
ok 3 - Equals
ok 4 - Equals
ok 5 - Equals
ok 6 - Equals
ok 7 - Equals
ok 8 - Equals
ok 9 - Equals
ok 10 - Equals
</system-out>
    <testcase name="Equals (48)" classname="spec_perl_TestExprBits_t" time="0.000283956527709961" />
    <testcase name="Equals (49)" classname="spec_perl_TestExprBits_t" time="0.000133037567138672" />
    <testcase name="Equals (50)" classname="spec_perl_TestExprBits_t" time="0.000194072723388672" />
    <testcase name="Equals (51)" classname="spec_perl_TestExprBits_t" time="0.000175952911376953" />
    <testcase name="Equals (52)" classname="spec_perl_TestExprBits_t" time="0.000159025192260742" />
    <testcase name="Equals (53)" classname="spec_perl_TestExprBits_t" time="0.00017094612121582" />
    <testcase name="Equals (54)" classname="spec_perl_TestExprBits_t" time="0.000179052352905273" />
    <testcase name="Equals (55)" classname="spec_perl_TestExprBits_t" time="0.000169992446899414" />
    <testcase name="Equals (56)" classname="spec_perl_TestExprBits_t" time="0.000174045562744141" />
    <testcase name="Equals (57)" classname="spec_perl_TestExprBits_t" time="0.000198841094970703" />
  </testsuite>
  <testsuite name="spec_perl_TestSwitchManualInt_t" errors="0" failures="0" skipped="0" tests="9" time="0.0560660362243652">
    <system-out>1..9
ok 1 - Equals
ok 2 - Equals
ok 3 - Equals
ok 4 - Equals
ok 5 - Equals
ok 6 - Equals
ok 7 - Equals
ok 8 - Equals
ok 9 - Equals
</system-out>
    <testcase name="Equals (58)" classname="spec_perl_TestSwitchManualInt_t" time="0.000346899032592773" />
    <testcase name="Equals (59)" classname="spec_perl_TestSwitchManualInt_t" time="9.10758972167969e-05" />
    <testcase name="Equals (60)" classname="spec_perl_TestSwitchManualInt_t" time="0.000169038772583008" />
    <testcase name="Equals (61)" classname="spec_perl_TestSwitchManualInt_t" time="0.000161886215209961" />
    <testcase name="Equals (62)" classname="spec_perl_TestSwitchManualInt_t" time="0.000169038772583008" />
    <testcase name="Equals (63)" classname="spec_perl_TestSwitchManualInt_t" time="0.000180959701538086" />
    <testcase name="Equals (64)" classname="spec_perl_TestSwitchManualInt_t" time="0.000162124633789062" />
    <testcase name="Equals (65)" classname="spec_perl_TestSwitchManualInt_t" time="0.000181913375854492" />
    <testcase name="Equals (66)" classname="spec_perl_TestSwitchManualInt_t" time="0.000179052352905273" />
  </testsuite>
  <testsuite name="spec_perl_TestCombineEnum_t" errors="0" failures="0" skipped="0" tests="3" time="0.0511460304260254">
    <system-out>1..3
ok 1 - Equals
ok 2 - Equals
ok 3 - Equals
</system-out>
    <testcase name="Equals (67)" classname="spec_perl_TestCombineEnum_t" time="0.000262975692749023" />
    <testcase name="Equals (68)" classname="spec_perl_TestCombineEnum_t" time="0.000102996826171875" />
    <testcase name="Equals (69)" classname="spec_perl_TestCombineEnum_t" time="0.000208854675292969" />
  </testsuite>
  <testsuite name="spec_perl_TestExprEnum_t" errors="0" failures="0" skipped="0" tests="3" time="0.0507371425628662">
    <system-out>1..3
ok 1 - Equals
ok 2 - Equals
ok 3 - Equals
</system-out>
    <testcase name="Equals (70)" classname="spec_perl_TestExprEnum_t" time="0.000236988067626953" />
    <testcase name="Equals (71)" classname="spec_perl_TestExprEnum_t" time="0.000106096267700195" />
    <testcase name="Equals (72)" classname="spec_perl_TestExprEnum_t" time="0.000199079513549805" />
  </testsuite>
  <testsuite name="spec_perl_TestEnum1_t" errors="0" failures="0" skipped="0" tests="2" time="0.0505068302154541">
    <system-out>1..2
ok 1 - Equals
ok 2 - Equals
</system-out>
    <testcase name="Equals (73)" classname="spec_perl_TestEnum1_t" time="0.000276803970336914" />
    <testcase name="Equals (74)" classname="spec_perl_TestEnum1_t" time="0.000106096267700195" />
  </testsuite>
  <testsuite name="spec_perl_TestImportsAbsAbs_t" errors="0" failures="0" skipped="0" tests="3" time="0.0528430938720703">
    <system-out>1..3
ok 1 - Equals
ok 2 - Equals
ok 3 - Equals
</system-out>
    <testcase name="Equals (75)" classname="spec_perl_TestImportsAbsAbs_t" time="0.000313043594360352" />
    <testcase name="Equals (76)" classname="spec_perl_TestImportsAbsAbs_t" time="8.89301300048828e-05" />
    <testcase name="Equals (77)" classname="spec_perl_TestImportsAbsAbs_t" time="0.000190019607543945" />
  </testsuite>
  <testsuite name="spec_perl_TestProcessRepeatBytes_t" errors="0" failures="0" skipped="0" tests="2" time="0.0574290752410889">
    <system-out>1..2
ok 1 - Equals
ok 2 - Equals
</system-out>
    <testcase name="Equals (78)" classname="spec_perl_TestProcessRepeatBytes_t" time="0.000268936157226562" />
    <testcase name="Equals (79)" classname="spec_perl_TestProcessRepeatBytes_t" time="8.60691070556641e-05" />
  </testsuite>
  <testsuite name="spec_perl_TestRecursiveOne_t" errors="0" failures="0" skipped="0" tests="4" time="0.0516319274902344">
    <system-out>1..4
ok 1 - Equals
ok 2 - Equals
ok 3 - Equals
ok 4 - Equals
</system-out>
    <testcase name="Equals (80)" classname="spec_perl_TestRecursiveOne_t" time="0.000265836715698242" />
    <testcase name="Equals (81)" classname="spec_perl_TestRecursiveOne_t" time="0.000112056732177734" />
    <testcase name="Equals (82)" classname="spec_perl_TestRecursiveOne_t" time="0.000186920166015625" />
    <testcase name="Equals (83)" classname="spec_perl_TestRecursiveOne_t" time="0.000159025192260742" />
  </testsuite>
  <testsuite name="spec_perl_TestZlibSurrounded_t" errors="0" failures="0" skipped="0" tests="1" time="0.0743141174316406">
    <system-out>1..1
ok 1 - Equals
</system-out>
    <testcase name="Equals (84)" classname="spec_perl_TestZlibSurrounded_t" time="0.000652074813842773" />
  </testsuite>
  <testsuite name="spec_perl_TestProcessCoerceUsertype1_t" errors="0" failures="0" skipped="0" tests="4" time="0.0513620376586914">
    <system-out>1..4
ok 1 - Equals
ok 2 - Equals
ok 3 - Equals
ok 4 - Equals
</system-out>
    <testcase name="Equals (85)" classname="spec_perl_TestProcessCoerceUsertype1_t" time="0.000526189804077148" />
    <testcase name="Equals (86)" classname="spec_perl_TestProcessCoerceUsertype1_t" time="9.79900360107422e-05" />
    <testcase name="Equals (87)" classname="spec_perl_TestProcessCoerceUsertype1_t" time="0.00014185905456543" />
    <testcase name="Equals (88)" classname="spec_perl_TestProcessCoerceUsertype1_t" time="0.000174045562744141" />
  </testsuite>
  <testsuite name="spec_perl_TestParamsPassArrayStr_t" errors="0" failures="1" skipped="6" tests="7" time="0.0602419376373291">
    <system-out>1..7
not ok 1 - test_params_pass_array_str died (Can't use an undefined value as an ARRAY reference at spec/perl/TestParamsPassArrayStr.t line 14.)
ok 2 # skip test_params_pass_array_str died
ok 3 # skip test_params_pass_array_str died
ok 4 # skip test_params_pass_array_str died
ok 5 # skip test_params_pass_array_str died
ok 6 # skip test_params_pass_array_str died
ok 7 # skip test_params_pass_array_str died
</system-out>
    <testcase name="test_params_pass_array_str died (Can't use an undefined value as an ARRAY reference at spec/perl/TestParamsPassArrayStr.t line 14.) (88)" classname="spec_perl_TestParamsPassArrayStr_t" time="0.000344038009643555">
      <failure message="not ok 1 - test_params_pass_array_str died (Can't use an undefined value as an ARRAY reference at spec/perl/TestParamsPassArrayStr.t line 14.)" type="TAP::Parser::Result::Test"></failure>
    </testcase>
    <testcase name="Unnamed test case 88" classname="spec_perl_TestParamsPassArrayStr_t" time="0.000497817993164062">
      <skipped message="ok 2 # skip test_params_pass_array_str died" />
    </testcase>
    <testcase name="Unnamed test case 89" classname="spec_perl_TestParamsPassArrayStr_t" time="0.000460147857666016">
      <skipped message="ok 3 # skip test_params_pass_array_str died" />
    </testcase>
    <testcase name="Unnamed test case 90" classname="spec_perl_TestParamsPassArrayStr_t" time="0.00043487548828125">
      <skipped message="ok 4 # skip test_params_pass_array_str died" />
    </testcase>
    <testcase name="Unnamed test case 91" classname="spec_perl_TestParamsPassArrayStr_t" time="0.000360012054443359">
      <skipped message="ok 5 # skip test_params_pass_array_str died" />
    </testcase>
    <testcase name="Unnamed test case 92" classname="spec_perl_TestParamsPassArrayStr_t" time="0.000396013259887695">
      <skipped message="ok 6 # skip test_params_pass_array_str died" />
    </testcase>
    <testcase name="Unnamed test case 93" classname="spec_perl_TestParamsPassArrayStr_t" time="0.000419139862060547">
      <skipped message="ok 7 # skip test_params_pass_array_str died" />
    </testcase>
  </testsuite>
  <testsuite name="spec_perl_TestEnumIntRangeU_t" errors="0" failures="0" skipped="0" tests="2" time="0.0510759353637695">
    <system-out>1..2
ok 1 - Equals
ok 2 - Equals
</system-out>
    <testcase name="Equals (93)" classname="spec_perl_TestEnumIntRangeU_t" time="0.000283002853393555" />
    <testcase name="Equals (94)" classname="spec_perl_TestEnumIntRangeU_t" time="8.48770141601562e-05" />
  </testsuite>
  <testsuite name="spec_perl_TestEnumToI_t" errors="0" failures="0" skipped="0" tests="7" time="0.0519580841064453">
    <system-out>1..7
ok 1 - Equals
ok 2 - Equals
ok 3 - Equals
ok 4 - Equals
ok 5 - Equals
ok 6 - Equals
ok 7 - Equals
</system-out>
    <testcase name="Equals (95)" classname="spec_perl_TestEnumToI_t" time="0.000280857086181641" />
    <testcase name="Equals (96)" classname="spec_perl_TestEnumToI_t" time="0.000107049942016602" />
    <testcase name="Equals (97)" classname="spec_perl_TestEnumToI_t" time="0.000185966491699219" />
    <testcase name="Equals (98)" classname="spec_perl_TestEnumToI_t" time="0.000151157379150391" />
    <testcase name="Equals (99)" classname="spec_perl_TestEnumToI_t" time="0.000162839889526367" />
    <testcase name="Equals (100)" classname="spec_perl_TestEnumToI_t" time="0.000163078308105469" />
    <testcase name="Equals (101)" classname="spec_perl_TestEnumToI_t" time="0.000152111053466797" />
  </testsuite>
  <testsuite name="spec_perl_TestDefaultEndianExprIsBe_t" errors="0" failures="0" skipped="0" tests="18" time="0.0546391010284424">
    <system-out>1..18
ok 1 - Equals
ok 2 - Equals
ok 3 - Equals
ok 4 - Equals
ok 5 - Equals
ok 6 - Equals
ok 7 - Equals
ok 8 - Equals
ok 9 - Equals
ok 10 - Equals
ok 11 - Equals
ok 12 - Equals
ok 13 - Equals
ok 14 - Equals
ok 15 - Equals
ok 16 - Equals
ok 17 - Equals
ok 18 - Equals
</system-out>
    <testcase name="Equals (102)" classname="spec_perl_TestDefaultEndianExprIsBe_t" time="0.000334978103637695" />
    <testcase name="Equals (103)" classname="spec_perl_TestDefaultEndianExprIsBe_t" time="9.08374786376953e-05" />
    <testcase name="Equals (104)" classname="spec_perl_TestDefaultEndianExprIsBe_t" time="0.000205039978027344" />
    <testcase name="Equals (105)" classname="spec_perl_TestDefaultEndianExprIsBe_t" time="0.000158071517944336" />
    <testcase name="Equals (106)" classname="spec_perl_TestDefaultEndianExprIsBe_t" time="0.000193119049072266" />
    <testcase name="Equals (107)" classname="spec_perl_TestDefaultEndianExprIsBe_t" time="0.000194787979125977" />
    <testcase name="Equals (108)" classname="spec_perl_TestDefaultEndianExprIsBe_t" time="0.000168085098266602" />
    <testcase name="Equals (109)" classname="spec_perl_TestDefaultEndianExprIsBe_t" time="0.000174045562744141" />
    <testcase name="Equals (110)" classname="spec_perl_TestDefaultEndianExprIsBe_t" time="0.000174045562744141" />
    <testcase name="Equals (111)" classname="spec_perl_TestDefaultEndianExprIsBe_t" time="0.000169038772583008" />
    <testcase name="Equals (112)" classname="spec_perl_TestDefaultEndianExprIsBe_t" time="0.000199794769287109" />
    <testcase name="Equals (113)" classname="spec_perl_TestDefaultEndianExprIsBe_t" time="0.000188112258911133" />
    <testcase name="Equals (114)" classname="spec_perl_TestDefaultEndianExprIsBe_t" time="0.000169038772583008" />
    <testcase name="Equals (115)" classname="spec_perl_TestDefaultEndianExprIsBe_t" time="0.000174045562744141" />
    <testcase name="Equals (116)" classname="spec_perl_TestDefaultEndianExprIsBe_t" time="0.00018000602722168" />
    <testcase name="Equals (117)" classname="spec_perl_TestDefaultEndianExprIsBe_t" time="0.0001678466796875" />
    <testcase name="Equals (118)" classname="spec_perl_TestDefaultEndianExprIsBe_t" time="0.000186920166015625" />
    <testcase name="Equals (119)" classname="spec_perl_TestDefaultEndianExprIsBe_t" time="0.000201225280761719" />
  </testsuite>
  <testsuite name="spec_perl_TestIfStruct_t" errors="0" failures="0" skipped="0" tests="7" time="0.0569090843200684">
    <system-out>1..7
ok 1 - Equals
ok 2 - Equals
ok 3 - Equals
ok 4 - Equals
ok 5 - Equals
ok 6 - Equals
ok 7 - Equals
</system-out>
    <testcase name="Equals (120)" classname="spec_perl_TestIfStruct_t" time="0.00039982795715332" />
    <testcase name="Equals (121)" classname="spec_perl_TestIfStruct_t" time="0.000144004821777344" />
    <testcase name="Equals (122)" classname="spec_perl_TestIfStruct_t" time="0.000173091888427734" />
    <testcase name="Equals (123)" classname="spec_perl_TestIfStruct_t" time="0.000169038772583008" />
    <testcase name="Equals (124)" classname="spec_perl_TestIfStruct_t" time="0.000161886215209961" />
    <testcase name="Equals (125)" classname="spec_perl_TestIfStruct_t" time="0.000174045562744141" />
    <testcase name="Equals (126)" classname="spec_perl_TestIfStruct_t" time="0.000185012817382812" />
  </testsuite>
  <testsuite name="spec_perl_TestDefaultEndianMod_t" errors="0" failures="0" skipped="0" tests="3" time="0.0514988899230957">
    <system-out>1..3
ok 1 - Equals
ok 2 - Equals
ok 3 - Equals
</system-out>
    <testcase name="Equals (127)" classname="spec_perl_TestDefaultEndianMod_t" time="0.000285863876342773" />
    <testcase name="Equals (128)" classname="spec_perl_TestDefaultEndianMod_t" time="8.41617584228516e-05" />
    <testcase name="Equals (129)" classname="spec_perl_TestDefaultEndianMod_t" time="0.000201940536499023" />
  </testsuite>
  <testsuite name="spec_perl_TestExprSizeofType0_t" errors="0" failures="0" skipped="0" tests="1" time="0.0541701316833496">
    <system-out>1..1
ok 1 - Equals
</system-out>
    <testcase name="Equals (130)" classname="spec_perl_TestExprSizeofType0_t" time="0.00032496452331543" />
  </testsuite>
  <testsuite name="spec_perl_TestPositionToEnd_t" errors="0" failures="0" skipped="0" tests="2" time="0.0505990982055664">
    <system-out>1..2
ok 1 - Equals
ok 2 - Equals
</system-out>
    <testcase name="Equals (131)" classname="spec_perl_TestPositionToEnd_t" time="0.000252962112426758" />
    <testcase name="Equals (132)" classname="spec_perl_TestPositionToEnd_t" time="0.000127077102661133" />
  </testsuite>
  <testsuite name="spec_perl_TestSwitchCast_t" errors="0" failures="0" skipped="0" tests="2" time="0.0574300289154053">
    <system-out>1..2
ok 1 - Equals
ok 2 - Equals
</system-out>
    <testcase name="Equals (133)" classname="spec_perl_TestSwitchCast_t" time="0.00036311149597168" />
    <testcase name="Equals (134)" classname="spec_perl_TestSwitchCast_t" time="0.000108957290649414" />
  </testsuite>
  <testsuite name="spec_perl_TestCastToImported_t" errors="0" failures="0" skipped="0" tests="2" time="0.051285982131958">
    <system-out>1..2
ok 1 - Equals
ok 2 - Equals
</system-out>
    <testcase name="Equals (135)" classname="spec_perl_TestCastToImported_t" time="0.000306129455566406" />
    <testcase name="Equals (136)" classname="spec_perl_TestCastToImported_t" time="8.58306884765625e-05" />
  </testsuite>
  <testsuite name="spec_perl_TestTypeTernary_t" errors="0" failures="0" skipped="0" tests="1" time="0.0504879951477051">
    <system-out>1..1
ok 1 - Equals
</system-out>
    <testcase name="Equals (137)" classname="spec_perl_TestTypeTernary_t" time="0.000529050827026367" />
  </testsuite>
  <testsuite name="spec_perl_TestRepeatUntilComplex_t" errors="0" failures="0" skipped="0" tests="15" time="0.0529448986053467">
    <system-out>1..15
ok 1 - Equals
ok 2 - Equals
ok 3 - Equals
ok 4 - Equals
ok 5 - Equals
ok 6 - Equals
ok 7 - Equals
ok 8 - Equals
ok 9 - Equals
ok 10 - Equals
ok 11 - Equals
ok 12 - Equals
ok 13 - Equals
ok 14 - Equals
ok 15 - Equals
</system-out>
    <testcase name="Equals (138)" classname="spec_perl_TestRepeatUntilComplex_t" time="0.000356912612915039" />
    <testcase name="Equals (139)" classname="spec_perl_TestRepeatUntilComplex_t" time="9.01222229003906e-05" />
    <testcase name="Equals (140)" classname="spec_perl_TestRepeatUntilComplex_t" time="0.000185012817382812" />
    <testcase name="Equals (141)" classname="spec_perl_TestRepeatUntilComplex_t" time="0.000166893005371094" />
    <testcase name="Equals (142)" classname="spec_perl_TestRepeatUntilComplex_t" time="0.000133991241455078" />
    <testcase name="Equals (143)" classname="spec_perl_TestRepeatUntilComplex_t" time="0.000178098678588867" />
    <testcase name="Equals (144)" classname="spec_perl_TestRepeatUntilComplex_t" time="0.000185966491699219" />
    <testcase name="Equals (145)" classname="spec_perl_TestRepeatUntilComplex_t" time="0.000176906585693359" />
    <testcase name="Equals (146)" classname="spec_perl_TestRepeatUntilComplex_t" time="0.000133991241455078" />
    <testcase name="Equals (147)" classname="spec_perl_TestRepeatUntilComplex_t" time="0.000187158584594727" />
    <testcase name="Equals (148)" classname="spec_perl_TestRepeatUntilComplex_t" time="0.000120878219604492" />
    <testcase name="Equals (149)" classname="spec_perl_TestRepeatUntilComplex_t" time="0.000188112258911133" />
    <testcase name="Equals (150)" classname="spec_perl_TestRepeatUntilComplex_t" time="0.000124931335449219" />
    <testcase name="Equals (151)" classname="spec_perl_TestRepeatUntilComplex_t" time="0.000196933746337891" />
    <testcase name="Equals (152)" classname="spec_perl_TestRepeatUntilComplex_t" time="0.000126123428344727" />
  </testsuite>
  <testsuite name="spec_perl_TestEnumToIClassBorder1_t" errors="0" failures="1" skipped="0" tests="3" time="0.0532469749450684">
    <system-out>1..3
ok 1 - Equals
ok 2 - Equals
not ok 3 - test_enum_to_i_class_border_1 died (Can't call method &quot;some_dog&quot; on an undefined value at compiled/perl/EnumToIClassBorder2.pm line 42.)
</system-out>
    <testcase name="Equals (153)" classname="spec_perl_TestEnumToIClassBorder1_t" time="0.000284910202026367" />
    <testcase name="Equals (154)" classname="spec_perl_TestEnumToIClassBorder1_t" time="8.20159912109375e-05" />
    <testcase name="test_enum_to_i_class_border_1 died (Can't call method &quot;some_dog&quot; on an undefined value at compiled/perl/EnumToIClassBorder2.pm line 42.) (154)" classname="spec_perl_TestEnumToIClassBorder1_t" time="0.000294923782348633">
      <failure message="not ok 3 - test_enum_to_i_class_border_1 died (Can't call method &quot;some_dog&quot; on an undefined value at compiled/perl/EnumToIClassBorder2.pm line 42.)" type="TAP::Parser::Result::Test"></failure>
    </testcase>
  </testsuite>
  <testsuite name="spec_perl_TestNestedTypes_t" errors="0" failures="0" skipped="0" tests="3" time="0.0571000576019287">
    <system-out>1..3
ok 1 - Equals
ok 2 - Equals
ok 3 - Equals
</system-out>
    <testcase name="Equals (155)" classname="spec_perl_TestNestedTypes_t" time="0.000279903411865234" />
    <testcase name="Equals (156)" classname="spec_perl_TestNestedTypes_t" time="0.000113010406494141" />
    <testcase name="Equals (157)" classname="spec_perl_TestNestedTypes_t" time="0.000190019607543945" />
  </testsuite>
  <testsuite name="spec_perl_TestBitsEnum_t" errors="0" failures="0" skipped="0" tests="3" time="0.056751012802124">
    <system-out>1..3
ok 1 - Equals
ok 2 - Equals
ok 3 - Equals
</system-out>
    <testcase name="Equals (158)" classname="spec_perl_TestBitsEnum_t" time="0.000274181365966797" />
    <testcase name="Equals (159)" classname="spec_perl_TestBitsEnum_t" time="0.000104904174804688" />
    <testcase name="Equals (160)" classname="spec_perl_TestBitsEnum_t" time="0.000181913375854492" />
  </testsuite>
  <testsuite name="spec_perl_TestCombineBytes_t" errors="0" failures="0" skipped="0" tests="10" time="0.0559420585632324">
    <system-out>1..10
ok 1 - Equals
ok 2 - Equals
ok 3 - Equals
ok 4 - Equals
ok 5 - Equals
ok 6 - Equals
ok 7 - Equals
ok 8 - Equals
ok 9 - Equals
ok 10 - Equals
</system-out>
    <testcase name="Equals (161)" classname="spec_perl_TestCombineBytes_t" time="0.000340938568115234" />
    <testcase name="Equals (162)" classname="spec_perl_TestCombineBytes_t" time="8.91685485839844e-05" />
    <testcase name="Equals (163)" classname="spec_perl_TestCombineBytes_t" time="0.000199794769287109" />
    <testcase name="Equals (164)" classname="spec_perl_TestCombineBytes_t" time="0.000152111053466797" />
    <testcase name="Equals (165)" classname="spec_perl_TestCombineBytes_t" time="0.000184059143066406" />
    <testcase name="Equals (166)" classname="spec_perl_TestCombineBytes_t" time="0.00020289421081543" />
    <testcase name="Equals (167)" classname="spec_perl_TestCombineBytes_t" time="0.00017094612121582" />
    <testcase name="Equals (168)" classname="spec_perl_TestCombineBytes_t" time="0.000177145004272461" />
    <testcase name="Equals (169)" classname="spec_perl_TestCombineBytes_t" time="0.000172853469848633" />
    <testcase name="Equals (170)" classname="spec_perl_TestCombineBytes_t" time="0.000176191329956055" />
  </testsuite>
  <testsuite name="spec_perl_TestExprCalcArrayOps_t" errors="0" failures="0" skipped="0" tests="18" time="0.0536367893218994">
    <system-out>1..18
ok 1 - Equals
ok 2 - Equals
ok 3 - Equals
ok 4 - Equals
ok 5 - Equals
ok 6 - Equals
ok 7 - Equals
ok 8 - Approx equals
ok 9 - Approx equals
ok 10 - Approx equals
ok 11 - Approx equals
ok 12 - Approx equals
ok 13 - Equals
ok 14 - Equals
ok 15 - Equals
ok 16 - Equals
ok 17 - Equals
ok 18 - Equals
</system-out>
    <testcase name="Equals (171)" classname="spec_perl_TestExprCalcArrayOps_t" time="0.000278949737548828" />
    <testcase name="Equals (172)" classname="spec_perl_TestExprCalcArrayOps_t" time="0.000133037567138672" />
    <testcase name="Equals (173)" classname="spec_perl_TestExprCalcArrayOps_t" time="0.00019383430480957" />
    <testcase name="Equals (174)" classname="spec_perl_TestExprCalcArrayOps_t" time="0.000174999237060547" />
    <testcase name="Equals (175)" classname="spec_perl_TestExprCalcArrayOps_t" time="0.000188112258911133" />
    <testcase name="Equals (176)" classname="spec_perl_TestExprCalcArrayOps_t" time="0.000207901000976562" />
    <testcase name="Equals (177)" classname="spec_perl_TestExprCalcArrayOps_t" time="0.000178098678588867" />
    <testcase name="Approx equals (177)" classname="spec_perl_TestExprCalcArrayOps_t" time="6.50882720947266e-05" />
    <testcase name="Approx equals (178)" classname="spec_perl_TestExprCalcArrayOps_t" time="5.57899475097656e-05" />
    <testcase name="Approx equals (179)" classname="spec_perl_TestExprCalcArrayOps_t" time="0.000102043151855469" />
    <testcase name="Approx equals (180)" classname="spec_perl_TestExprCalcArrayOps_t" time="5.81741333007812e-05" />
    <testcase name="Approx equals (181)" classname="spec_perl_TestExprCalcArrayOps_t" time="5.19752502441406e-05" />
    <testcase name="Equals (181)" classname="spec_perl_TestExprCalcArrayOps_t" time="0.000219821929931641" />
    <testcase name="Equals (182)" classname="spec_perl_TestExprCalcArrayOps_t" time="0.000179052352905273" />
    <testcase name="Equals (183)" classname="spec_perl_TestExprCalcArrayOps_t" time="0.000195026397705078" />
    <testcase name="Equals (184)" classname="spec_perl_TestExprCalcArrayOps_t" time="0.000191926956176758" />
    <testcase name="Equals (185)" classname="spec_perl_TestExprCalcArrayOps_t" time="0.000198125839233398" />
    <testcase name="Equals (186)" classname="spec_perl_TestExprCalcArrayOps_t" time="0.000190019607543945" />
  </testsuite>
  <testsuite name="spec_perl_TestIoLocalVar_t" errors="0" failures="0" skipped="0" tests="2" time="0.054110050201416">
    <system-out>1..2
ok 1 - Equals
ok 2 - Equals
</system-out>
    <testcase name="Equals (187)" classname="spec_perl_TestIoLocalVar_t" time="0.000537872314453125" />
    <testcase name="Equals (188)" classname="spec_perl_TestIoLocalVar_t" time="0.000113010406494141" />
  </testsuite>
  <testsuite name="spec_perl_TestNavParent_t" errors="0" failures="0" skipped="0" tests="5" time="0.054995059967041">
    <system-out>1..5
ok 1 - Equals
ok 2 - Equals
ok 3 - Equals
ok 4 - Equals
ok 5 - Equals
</system-out>
    <testcase name="Equals (189)" classname="spec_perl_TestNavParent_t" time="0.000378131866455078" />
    <testcase name="Equals (190)" classname="spec_perl_TestNavParent_t" time="9.29832458496094e-05" />
    <testcase name="Equals (191)" classname="spec_perl_TestNavParent_t" time="0.000156879425048828" />
    <testcase name="Equals (192)" classname="spec_perl_TestNavParent_t" time="0.000160932540893555" />
    <testcase name="Equals (193)" classname="spec_perl_TestNavParent_t" time="0.00018310546875" />
  </testsuite>
  <testsuite name="spec_perl_TestEnumIf_t" errors="0" failures="0" skipped="0" tests="7" time="0.0552859306335449">
    <system-out>1..7
ok 1 - Equals
ok 2 - Equals
ok 3 - Equals
ok 4 - Equals
ok 5 - Equals
ok 6 - Equals
ok 7 - Equals
</system-out>
    <testcase name="Equals (194)" classname="spec_perl_TestEnumIf_t" time="0.000374078750610352" />
    <testcase name="Equals (195)" classname="spec_perl_TestEnumIf_t" time="8.98838043212891e-05" />
    <testcase name="Equals (196)" classname="spec_perl_TestEnumIf_t" time="0.000190019607543945" />
    <testcase name="Equals (197)" classname="spec_perl_TestEnumIf_t" time="0.000156164169311523" />
    <testcase name="Equals (198)" classname="spec_perl_TestEnumIf_t" time="0.000169992446899414" />
    <testcase name="Equals (199)" classname="spec_perl_TestEnumIf_t" time="0.000175952911376953" />
    <testcase name="Equals (200)" classname="spec_perl_TestEnumIf_t" time="0.000168085098266602" />
  </testsuite>
  <testsuite name="spec_perl_TestBitsUnalignedB64Le_t" errors="0" failures="0" skipped="0" tests="3" time="0.0512619018554688">
    <system-out>1..3
ok 1 - Equals
ok 2 - Equals
ok 3 - Equals
</system-out>
    <testcase name="Equals (201)" classname="spec_perl_TestBitsUnalignedB64Le_t" time="0.000237941741943359" />
    <testcase name="Equals (202)" classname="spec_perl_TestBitsUnalignedB64Le_t" time="0.000127077102661133" />
    <testcase name="Equals (203)" classname="spec_perl_TestBitsUnalignedB64Le_t" time="0.000190973281860352" />
  </testsuite>
  <testsuite name="spec_perl_TestOptionalId_t" errors="0" failures="0" skipped="0" tests="3" time="0.0505640506744385">
    <system-out>1..3
ok 1 - Equals
ok 2 - Equals
ok 3 - Equals
</system-out>
    <testcase name="Equals (204)" classname="spec_perl_TestOptionalId_t" time="0.000278949737548828" />
    <testcase name="Equals (205)" classname="spec_perl_TestOptionalId_t" time="9.51290130615234e-05" />
    <testcase name="Equals (206)" classname="spec_perl_TestOptionalId_t" time="0.000183820724487305" />
  </testsuite>
  <testsuite name="spec_perl_TestImportsCircularA_t" errors="0" failures="0" skipped="0" tests="5" time="0.0524101257324219">
    <system-out>1..5
ok 1 - Equals
ok 2 - Equals
ok 3 - Equals
ok 4 - Equals
ok 5 - nil
</system-out>
    <testcase name="Equals (207)" classname="spec_perl_TestImportsCircularA_t" time="0.000293970108032227" />
    <testcase name="Equals (208)" classname="spec_perl_TestImportsCircularA_t" time="0.0001068115234375" />
    <testcase name="Equals (209)" classname="spec_perl_TestImportsCircularA_t" time="0.000184059143066406" />
    <testcase name="Equals (210)" classname="spec_perl_TestImportsCircularA_t" time="0.000190019607543945" />
    <testcase name="nil (210)" classname="spec_perl_TestImportsCircularA_t" time="6.60419464111328e-05" />
  </testsuite>
  <testsuite name="spec_perl_TestExprMod_t" errors="0" failures="0" skipped="0" tests="6" time="0.0554089546203613">
    <system-out>1..6
ok 1 - Equals
ok 2 - Equals
ok 3 - Equals
ok 4 - Equals
ok 5 - Equals
ok 6 - Equals
</system-out>
    <testcase name="Equals (211)" classname="spec_perl_TestExprMod_t" time="0.000272035598754883" />
    <testcase name="Equals (212)" classname="spec_perl_TestExprMod_t" time="9.67979431152344e-05" />
    <testcase name="Equals (213)" classname="spec_perl_TestExprMod_t" time="0.000234127044677734" />
    <testcase name="Equals (214)" classname="spec_perl_TestExprMod_t" time="0.000149965286254883" />
    <testcase name="Equals (215)" classname="spec_perl_TestExprMod_t" time="0.000185012817382812" />
    <testcase name="Equals (216)" classname="spec_perl_TestExprMod_t" time="0.000171899795532227" />
  </testsuite>
  <testsuite name="spec_perl_TestSwitchRepeatExprInvalid_t" errors="0" failures="0" skipped="0" tests="3" time="0.0509481430053711">
    <system-out>1..3
ok 1 - Equals
ok 2 - Equals
ok 3 - Equals
</system-out>
    <testcase name="Equals (217)" classname="spec_perl_TestSwitchRepeatExprInvalid_t" time="0.000257968902587891" />
    <testcase name="Equals (218)" classname="spec_perl_TestSwitchRepeatExprInvalid_t" time="0.000112056732177734" />
    <testcase name="Equals (219)" classname="spec_perl_TestSwitchRepeatExprInvalid_t" time="0.000154972076416016" />
  </testsuite>
  <testsuite name="spec_perl_TestNavParentVsValueInst_t" errors="0" failures="0" skipped="0" tests="1" time="0.0537369251251221">
    <system-out>1..1
ok 1 - Equals
</system-out>
    <testcase name="Equals (220)" classname="spec_perl_TestNavParentVsValueInst_t" time="0.000318050384521484" />
  </testsuite>
  <testsuite name="spec_perl_TestNestedSameName2_t" errors="0" failures="0" skipped="0" tests="5" time="0.0547759532928467">
    <system-out>1..5
ok 1 - Equals
ok 2 - Equals
ok 3 - Equals
ok 4 - Equals
ok 5 - Equals
</system-out>
    <testcase name="Equals (221)" classname="spec_perl_TestNestedSameName2_t" time="0.000310897827148438" />
    <testcase name="Equals (222)" classname="spec_perl_TestNestedSameName2_t" time="8.98838043212891e-05" />
    <testcase name="Equals (223)" classname="spec_perl_TestNestedSameName2_t" time="0.000195026397705078" />
    <testcase name="Equals (224)" classname="spec_perl_TestNestedSameName2_t" time="0.00015711784362793" />
    <testcase name="Equals (225)" classname="spec_perl_TestNestedSameName2_t" time="0.00018000602722168" />
  </testsuite>
  <testsuite name="spec_perl_TestBitsSimple_t" errors="0" failures="0" skipped="0" tests="14" time="0.0563590526580811">
    <system-out>1..14
ok 1 - Equals
ok 2 - Equals
ok 3 - Equals
ok 4 - Equals
ok 5 - Equals
ok 6 - Equals
ok 7 - Equals
ok 8 - Equals
ok 9 - Equals
ok 10 - Equals
ok 11 - Equals
ok 12 - Equals
ok 13 - Equals
ok 14 - Equals
</system-out>
    <testcase name="Equals (226)" classname="spec_perl_TestBitsSimple_t" time="0.000303983688354492" />
    <testcase name="Equals (227)" classname="spec_perl_TestBitsSimple_t" time="8.58306884765625e-05" />
    <testcase name="Equals (228)" classname="spec_perl_TestBitsSimple_t" time="0.00018310546875" />
    <testcase name="Equals (229)" classname="spec_perl_TestBitsSimple_t" time="0.000150918960571289" />
    <testcase name="Equals (230)" classname="spec_perl_TestBitsSimple_t" time="0.000169038772583008" />
    <testcase name="Equals (231)" classname="spec_perl_TestBitsSimple_t" time="0.000178098678588867" />
    <testcase name="Equals (232)" classname="spec_perl_TestBitsSimple_t" time="0.000161886215209961" />
    <testcase name="Equals (233)" classname="spec_perl_TestBitsSimple_t" time="0.000177145004272461" />
    <testcase name="Equals (234)" classname="spec_perl_TestBitsSimple_t" time="0.000211000442504883" />
    <testcase name="Equals (235)" classname="spec_perl_TestBitsSimple_t" time="0.000185966491699219" />
    <testcase name="Equals (236)" classname="spec_perl_TestBitsSimple_t" time="0.000162839889526367" />
    <testcase name="Equals (237)" classname="spec_perl_TestBitsSimple_t" time="0.000168085098266602" />
    <testcase name="Equals (238)" classname="spec_perl_TestBitsSimple_t" time="0.000171899795532227" />
    <testcase name="Equals (239)" classname="spec_perl_TestBitsSimple_t" time="0.000190019607543945" />
  </testsuite>
  <testsuite name="spec_perl_TestEnumOfValueInst_t" errors="0" failures="0" skipped="0" tests="4" time="0.051206111907959">
    <system-out>1..4
ok 1 - Equals
ok 2 - Equals
ok 3 - Equals
ok 4 - Equals
</system-out>
    <testcase name="Equals (240)" classname="spec_perl_TestEnumOfValueInst_t" time="0.000259160995483398" />
    <testcase name="Equals (241)" classname="spec_perl_TestEnumOfValueInst_t" time="0.000128984451293945" />
    <testcase name="Equals (242)" classname="spec_perl_TestEnumOfValueInst_t" time="0.00018000602722168" />
    <testcase name="Equals (243)" classname="spec_perl_TestEnumOfValueInst_t" time="0.000169038772583008" />
  </testsuite>
  <testsuite name="spec_perl_TestBcdUserTypeLe_t" errors="0" failures="0" skipped="0" tests="6" time="0.053184986114502">
    <system-out>1..6
ok 1 - Equals
ok 2 - Equals
ok 3 - Equals
ok 4 - Equals
ok 5 - Equals
ok 6 - Equals
</system-out>
    <testcase name="Equals (244)" classname="spec_perl_TestBcdUserTypeLe_t" time="0.000586986541748047" />
    <testcase name="Equals (245)" classname="spec_perl_TestBcdUserTypeLe_t" time="9.60826873779297e-05" />
    <testcase name="Equals (246)" classname="spec_perl_TestBcdUserTypeLe_t" time="0.000191926956176758" />
    <testcase name="Equals (247)" classname="spec_perl_TestBcdUserTypeLe_t" time="0.000163078308105469" />
    <testcase name="Equals (248)" classname="spec_perl_TestBcdUserTypeLe_t" time="0.000179052352905273" />
    <testcase name="Equals (249)" classname="spec_perl_TestBcdUserTypeLe_t" time="0.000212907791137695" />
  </testsuite>
  <testsuite name="spec_perl_TestParamsPassArrayStruct_t" errors="0" failures="1" skipped="2" tests="3" time="0.0567278861999512">
    <system-out>1..3
not ok 1 - test_params_pass_array_struct died (Can't use an undefined value as an ARRAY reference at spec/perl/TestParamsPassArrayStruct.t line 14.)
ok 2 # skip test_params_pass_array_struct died
ok 3 # skip test_params_pass_array_struct died
</system-out>
    <testcase name="test_params_pass_array_struct died (Can't use an undefined value as an ARRAY reference at spec/perl/TestParamsPassArrayStruct.t line 14.) (249)" classname="spec_perl_TestParamsPassArrayStruct_t" time="0.000308036804199219">
      <failure message="not ok 1 - test_params_pass_array_struct died (Can't use an undefined value as an ARRAY reference at spec/perl/TestParamsPassArrayStruct.t line 14.)" type="TAP::Parser::Result::Test"></failure>
    </testcase>
    <testcase name="Unnamed test case 249" classname="spec_perl_TestParamsPassArrayStruct_t" time="0.0013129711151123">
      <skipped message="ok 2 # skip test_params_pass_array_struct died" />
    </testcase>
    <testcase name="Unnamed test case 250" classname="spec_perl_TestParamsPassArrayStruct_t" time="0.000818967819213867">
      <skipped message="ok 3 # skip test_params_pass_array_struct died" />
    </testcase>
  </testsuite>
  <testsuite name="spec_perl_TestImportsAbs_t" errors="0" failures="0" skipped="0" tests="2" time="0.0531578063964844">
    <system-out>1..2
ok 1 - Equals
ok 2 - Equals
</system-out>
    <testcase name="Equals (250)" classname="spec_perl_TestImportsAbs_t" time="0.00029301643371582" />
    <testcase name="Equals (251)" classname="spec_perl_TestImportsAbs_t" time="0.00011897087097168" />
  </testsuite>
  <testsuite name="spec_perl_TestImports0_t" errors="0" failures="0" skipped="0" tests="3" time="0.0512499809265137">
    <system-out>1..3
ok 1 - Equals
ok 2 - Equals
ok 3 - Equals
</system-out>
    <testcase name="Equals (252)" classname="spec_perl_TestImports0_t" time="0.000260114669799805" />
    <testcase name="Equals (253)" classname="spec_perl_TestImports0_t" time="0.000110864639282227" />
    <testcase name="Equals (254)" classname="spec_perl_TestImports0_t" time="0.000178098678588867" />
  </testsuite>
  <testsuite name="spec_perl_TestProcessCoerceUsertype2_t" errors="0" failures="0" skipped="0" tests="4" time="0.050961971282959">
    <system-out>1..4
ok 1 - Equals
ok 2 - Equals
ok 3 - Equals
ok 4 - Equals
</system-out>
    <testcase name="Equals (255)" classname="spec_perl_TestProcessCoerceUsertype2_t" time="0.000530004501342773" />
    <testcase name="Equals (256)" classname="spec_perl_TestProcessCoerceUsertype2_t" time="9.79900360107422e-05" />
    <testcase name="Equals (257)" classname="spec_perl_TestProcessCoerceUsertype2_t" time="0.000149011611938477" />
    <testcase name="Equals (258)" classname="spec_perl_TestProcessCoerceUsertype2_t" time="0.000177860260009766" />
  </testsuite>
  <testsuite name="spec_perl_TestOpaqueExternalType_t" errors="0" failures="0" skipped="0" tests="3" time="0.0541949272155762">
    <system-out>1..3
ok 1 - Equals
ok 2 - Equals
ok 3 - Equals
</system-out>
    <testcase name="Equals (259)" classname="spec_perl_TestOpaqueExternalType_t" time="0.000345230102539062" />
    <testcase name="Equals (260)" classname="spec_perl_TestOpaqueExternalType_t" time="0.000114917755126953" />
    <testcase name="Equals (261)" classname="spec_perl_TestOpaqueExternalType_t" time="0.000107049942016602" />
  </testsuite>
  <testsuite name="spec_perl_TestEosExceptionU4_t" errors="0" failures="0" skipped="0" tests="1" time="0.0522029399871826">
    <system-out>1..1
ok 1 - threw /^Requested \d+ bytes, but only \d+ bytes available/
</system-out>
    <testcase name="threw /^Requested \d+ bytes, but only \d+ bytes available/ (261)" classname="spec_perl_TestEosExceptionU4_t" time="0.000488996505737305" />
  </testsuite>
  <testsuite name="spec_perl_TestDefaultBigEndian_t" errors="0" failures="0" skipped="0" tests="1" time="0.0568180084228516">
    <system-out>1..1
ok 1 - Equals
</system-out>
    <testcase name="Equals (262)" classname="spec_perl_TestDefaultBigEndian_t" time="0.000236034393310547" />
  </testsuite>
  <testsuite name="spec_perl_TestSwitchManualIntSizeEos_t" errors="0" failures="0" skipped="0" tests="10" time="0.0568640232086182">
    <system-out>1..10
ok 1 - Equals
ok 2 - Equals
ok 3 - Equals
ok 4 - Equals
ok 5 - Equals
ok 6 - Equals
ok 7 - Equals
ok 8 - Equals
ok 9 - Equals
ok 10 - Equals
</system-out>
    <testcase name="Equals (263)" classname="spec_perl_TestSwitchManualIntSizeEos_t" time="0.000857114791870117" />
    <testcase name="Equals (264)" classname="spec_perl_TestSwitchManualIntSizeEos_t" time="0.000114917755126953" />
    <testcase name="Equals (265)" classname="spec_perl_TestSwitchManualIntSizeEos_t" time="0.00014185905456543" />
    <testcase name="Equals (266)" classname="spec_perl_TestSwitchManualIntSizeEos_t" time="0.000159025192260742" />
    <testcase name="Equals (267)" classname="spec_perl_TestSwitchManualIntSizeEos_t" time="0.000172138214111328" />
    <testcase name="Equals (268)" classname="spec_perl_TestSwitchManualIntSizeEos_t" time="0.00018000602722168" />
    <testcase name="Equals (269)" classname="spec_perl_TestSwitchManualIntSizeEos_t" time="0.00017094612121582" />
    <testcase name="Equals (270)" classname="spec_perl_TestSwitchManualIntSizeEos_t" time="0.000179052352905273" />
    <testcase name="Equals (271)" classname="spec_perl_TestSwitchManualIntSizeEos_t" time="0.000171899795532227" />
    <testcase name="Equals (272)" classname="spec_perl_TestSwitchManualIntSizeEos_t" time="0.000169038772583008" />
  </testsuite>
  <testsuite name="spec_perl_TestBitsShiftByB32Le_t" errors="0" failures="0" skipped="0" tests="2" time="0.0619790554046631">
    <system-out>1..2
ok 1 - Equals
ok 2 - Equals
</system-out>
    <testcase name="Equals (273)" classname="spec_perl_TestBitsShiftByB32Le_t" time="0.000293970108032227" />
    <testcase name="Equals (274)" classname="spec_perl_TestBitsShiftByB32Le_t" time="0.000108957290649414" />
  </testsuite>
  <testsuite name="spec_perl_TestNavRoot_t" errors="0" failures="0" skipped="0" tests="5" time="0.0551478862762451">
    <system-out>1..5
ok 1 - Equals
ok 2 - Equals
ok 3 - Equals
ok 4 - Equals
ok 5 - Equals
</system-out>
    <testcase name="Equals (275)" classname="spec_perl_TestNavRoot_t" time="0.000385046005249023" />
    <testcase name="Equals (276)" classname="spec_perl_TestNavRoot_t" time="0.000116825103759766" />
    <testcase name="Equals (277)" classname="spec_perl_TestNavRoot_t" time="0.000169992446899414" />
    <testcase name="Equals (278)" classname="spec_perl_TestNavRoot_t" time="0.000159025192260742" />
    <testcase name="Equals (279)" classname="spec_perl_TestNavRoot_t" time="0.000189065933227539" />
  </testsuite>
  <testsuite name="spec_perl_TestImportsAbsRel_t" errors="0" failures="0" skipped="0" tests="3" time="0.0516750812530518">
    <system-out>1..3
ok 1 - Equals
ok 2 - Equals
ok 3 - Equals
</system-out>
    <testcase name="Equals (280)" classname="spec_perl_TestImportsAbsRel_t" time="0.000316143035888672" />
    <testcase name="Equals (281)" classname="spec_perl_TestImportsAbsRel_t" time="0.000103950500488281" />
    <testcase name="Equals (282)" classname="spec_perl_TestImportsAbsRel_t" time="0.000185012817382812" />
  </testsuite>
  <testsuite name="spec_perl_TestIndexToParamUntil_t" errors="0" failures="2" skipped="0" tests="7" time="0.0662758350372314">
    <system-out>1..7
ok 1 - Equals
ok 2 - Equals
ok 3 - Equals
ok 4 - Equals
ok 5 - Equals
not ok 6 - Equals
not ok 7 - Equals
</system-out>
    <testcase name="Equals (283)" classname="spec_perl_TestIndexToParamUntil_t" time="0.00104403495788574" />
    <testcase name="Equals (284)" classname="spec_perl_TestIndexToParamUntil_t" time="0.00032806396484375" />
    <testcase name="Equals (285)" classname="spec_perl_TestIndexToParamUntil_t" time="0.000276803970336914" />
    <testcase name="Equals (286)" classname="spec_perl_TestIndexToParamUntil_t" time="0.000315189361572266" />
    <testcase name="Equals (287)" classname="spec_perl_TestIndexToParamUntil_t" time="0.000382900238037109" />
    <testcase name="Equals (288)" classname="spec_perl_TestIndexToParamUntil_t" time="0.000375986099243164">
      <failure message="not ok 6 - Equals" type="TAP::Parser::Result::Test"></failure>
    </testcase>
    <testcase name="Equals (289)" classname="spec_perl_TestIndexToParamUntil_t" time="0.000853061676025391">
      <failure message="not ok 7 - Equals" type="TAP::Parser::Result::Test"></failure>
    </testcase>
  </testsuite>
  <testsuite name="spec_perl_TestEnumNegative_t" errors="0" failures="0" skipped="0" tests="2" time="0.0503339767456055">
    <system-out>1..2
ok 1 - Equals
ok 2 - Equals
</system-out>
    <testcase name="Equals (290)" classname="spec_perl_TestEnumNegative_t" time="0.000236034393310547" />
    <testcase name="Equals (291)" classname="spec_perl_TestEnumNegative_t" time="0.000113010406494141" />
  </testsuite>
  <testsuite name="spec_perl_TestProcessXorValue_t" errors="0" failures="0" skipped="0" tests="2" time="0.0512690544128418">
    <system-out>1..2
ok 1 - Equals
ok 2 - Equals
</system-out>
    <testcase name="Equals (292)" classname="spec_perl_TestProcessXorValue_t" time="0.000256061553955078" />
    <testcase name="Equals (293)" classname="spec_perl_TestProcessXorValue_t" time="0.000108003616333008" />
  </testsuite>
  <testsuite name="spec_perl_TestMetaTags_t" errors="0" failures="0" skipped="1" tests="1" time="0.0515871047973633">
    <system-out>1..1
ok 1 # skip MetaTags=HASH(0x561154aa5568)
</system-out>
    <testcase name="Unnamed test case 293" classname="spec_perl_TestMetaTags_t" time="0.00108718872070312">
      <skipped message="ok 1 # skip MetaTags=HASH(0x561154aa5568)" />
    </testcase>
  </testsuite>
  <testsuite name="spec_perl_TestJsSignedRightShift_t" errors="0" failures="0" skipped="0" tests="2" time="0.0511999130249023">
    <system-out>1..2
ok 1 - Equals
ok 2 - Equals
</system-out>
    <testcase name="Equals (294)" classname="spec_perl_TestJsSignedRightShift_t" time="0.000292062759399414" />
    <testcase name="Equals (295)" classname="spec_perl_TestJsSignedRightShift_t" time="0.00017094612121582" />
  </testsuite>
  <testsuite name="spec_perl_TestExprSizeofValueSized_t" errors="0" failures="0" skipped="0" tests="5" time="0.0525388717651367">
    <system-out>1..5
ok 1 - Equals
ok 2 - Equals
ok 3 - Equals
ok 4 - Equals
ok 5 - Equals
</system-out>
    <testcase name="Equals (296)" classname="spec_perl_TestExprSizeofValueSized_t" time="0.000590085983276367" />
    <testcase name="Equals (297)" classname="spec_perl_TestExprSizeofValueSized_t" time="0.000108957290649414" />
    <testcase name="Equals (298)" classname="spec_perl_TestExprSizeofValueSized_t" time="9.48905944824219e-05" />
    <testcase name="Equals (299)" classname="spec_perl_TestExprSizeofValueSized_t" time="0.000195026397705078" />
    <testcase name="Equals (300)" classname="spec_perl_TestExprSizeofValueSized_t" time="0.000179052352905273" />
  </testsuite>
  <testsuite name="spec_perl_TestNavParent2_t" errors="0" failures="0" skipped="0" tests="10" time="0.0558738708496094">
    <system-out>1..10
ok 1 - Equals
ok 2 - Equals
ok 3 - Equals
ok 4 - Equals
ok 5 - Equals
ok 6 - Equals
ok 7 - Equals
ok 8 - Equals
ok 9 - Equals
ok 10 - Equals
</system-out>
    <testcase name="Equals (301)" classname="spec_perl_TestNavParent2_t" time="0.000340938568115234" />
    <testcase name="Equals (302)" classname="spec_perl_TestNavParent2_t" time="0.00018000602722168" />
    <testcase name="Equals (303)" classname="spec_perl_TestNavParent2_t" time="7.89165496826172e-05" />
    <testcase name="Equals (304)" classname="spec_perl_TestNavParent2_t" time="0.000163078308105469" />
    <testcase name="Equals (305)" classname="spec_perl_TestNavParent2_t" time="0.000173091888427734" />
    <testcase name="Equals (306)" classname="spec_perl_TestNavParent2_t" time="0.000214815139770508" />
    <testcase name="Equals (307)" classname="spec_perl_TestNavParent2_t" time="0.000166177749633789" />
    <testcase name="Equals (308)" classname="spec_perl_TestNavParent2_t" time="0.000169038772583008" />
    <testcase name="Equals (309)" classname="spec_perl_TestNavParent2_t" time="0.000168800354003906" />
    <testcase name="Equals (310)" classname="spec_perl_TestNavParent2_t" time="0.000199079513549805" />
  </testsuite>
  <testsuite name="spec_perl_TestParamsCallExtraParens_t" errors="0" failures="1" skipped="0" tests="1" time="0.0570690631866455">
    <system-out>1..1
not ok 1 - Equals
</system-out>
    <testcase name="Equals (311)" classname="spec_perl_TestParamsCallExtraParens_t" time="0.0044410228729248">
      <failure message="not ok 1 - Equals" type="TAP::Parser::Result::Test"></failure>
    </testcase>
  </testsuite>
  <testsuite name="spec_perl_TestDocstringsDocref_t" errors="0" failures="0" skipped="1" tests="1" time="0.051304817199707">
    <system-out>1..1
ok 1 # skip DocstringsDocref=HASH(0x55a448fecd38)
</system-out>
    <testcase name="Unnamed test case 311" classname="spec_perl_TestDocstringsDocref_t" time="0.00105404853820801">
      <skipped message="ok 1 # skip DocstringsDocref=HASH(0x55a448fecd38)" />
    </testcase>
  </testsuite>
  <testsuite name="spec_perl_TestRepeatNStruct_t" errors="0" failures="0" skipped="0" tests="5" time="0.0507330894470215">
    <system-out>1..5
ok 1 - Equals
ok 2 - Equals
ok 3 - Equals
ok 4 - Equals
ok 5 - Equals
</system-out>
    <testcase name="Equals (312)" classname="spec_perl_TestRepeatNStruct_t" time="0.00027012825012207" />
    <testcase name="Equals (313)" classname="spec_perl_TestRepeatNStruct_t" time="8.58306884765625e-05" />
    <testcase name="Equals (314)" classname="spec_perl_TestRepeatNStruct_t" time="0.000197172164916992" />
    <testcase name="Equals (315)" classname="spec_perl_TestRepeatNStruct_t" time="0.000138998031616211" />
    <testcase name="Equals (316)" classname="spec_perl_TestRepeatNStruct_t" time="0.000173807144165039" />
  </testsuite>
  <testsuite name="spec_perl_TestValidOptionalId_t" errors="1" failures="0" skipped="0" tests="0" time="0.0520551204681396">
    <system-out></system-out>
    <testcase name="Test died too soon, even before plan. (316)" classname="spec_perl_TestValidOptionalId_t" time="0.0520551204681396">
      <failure message="The test suite died before a plan was produced. You need to have a plan." type="Plan">No plan</failure>
    </testcase>
  </testsuite>
  <testsuite name="spec_perl_TestProcessRepeatUsertype_t" errors="0" failures="0" skipped="0" tests="4" time="0.0511021614074707">
    <system-out>1..4
ok 1 - Equals
ok 2 - Equals
ok 3 - Equals
ok 4 - Equals
</system-out>
    <testcase name="Equals (317)" classname="spec_perl_TestProcessRepeatUsertype_t" time="0.000522851943969727" />
    <testcase name="Equals (318)" classname="spec_perl_TestProcessRepeatUsertype_t" time="9.79900360107422e-05" />
    <testcase name="Equals (319)" classname="spec_perl_TestProcessRepeatUsertype_t" time="0.000164031982421875" />
    <testcase name="Equals (320)" classname="spec_perl_TestProcessRepeatUsertype_t" time="0.000174999237060547" />
  </testsuite>
  <testsuite name="spec_perl_TestSwitchManualEnumInvalid_t" errors="0" failures="0" skipped="0" tests="5" time="0.0555610656738281">
    <system-out>1..5
ok 1 - Equals
ok 2 - Equals
ok 3 - nil
ok 4 - Equals
ok 5 - nil
</system-out>
    <testcase name="Equals (321)" classname="spec_perl_TestSwitchManualEnumInvalid_t" time="0.000281095504760742" />
    <testcase name="Equals (322)" classname="spec_perl_TestSwitchManualEnumInvalid_t" time="9.39369201660156e-05" />
    <testcase name="nil (322)" classname="spec_perl_TestSwitchManualEnumInvalid_t" time="5.69820404052734e-05" />
    <testcase name="Equals (323)" classname="spec_perl_TestSwitchManualEnumInvalid_t" time="0.00024104118347168" />
    <testcase name="nil (323)" classname="spec_perl_TestSwitchManualEnumInvalid_t" time="7.70092010498047e-05" />
  </testsuite>
  <testsuite name="spec_perl_TestParamsCallShort_t" errors="0" failures="3" skipped="0" tests="3" time="0.0630030632019043">
    <system-out>1..3
not ok 1 - Equals
not ok 2 - Equals
not ok 3 - Equals
</system-out>
    <testcase name="Equals (324)" classname="spec_perl_TestParamsCallShort_t" time="0.000435829162597656">
      <failure message="not ok 1 - Equals" type="TAP::Parser::Result::Test"></failure>
    </testcase>
    <testcase name="Equals (325)" classname="spec_perl_TestParamsCallShort_t" time="0.00129413604736328">
      <failure message="not ok 2 - Equals" type="TAP::Parser::Result::Test"></failure>
    </testcase>
    <testcase name="Equals (326)" classname="spec_perl_TestParamsCallShort_t" time="0.00101685523986816">
      <failure message="not ok 3 - Equals" type="TAP::Parser::Result::Test"></failure>
    </testcase>
  </testsuite>
  <testsuite name="spec_perl_TestInstanceUserArray_t" errors="0" failures="0" skipped="0" tests="10" time="0.0531301498413086">
    <system-out>1..10
ok 1 - Equals
ok 2 - Equals
ok 3 - Equals
ok 4 - Equals
ok 5 - Equals
ok 6 - Equals
ok 7 - Equals
ok 8 - Equals
ok 9 - Equals
ok 10 - Equals
</system-out>
    <testcase name="Equals (327)" classname="spec_perl_TestInstanceUserArray_t" time="0.000262022018432617" />
    <testcase name="Equals (328)" classname="spec_perl_TestInstanceUserArray_t" time="0.000106096267700195" />
    <testcase name="Equals (329)" classname="spec_perl_TestInstanceUserArray_t" time="0.000190019607543945" />
    <testcase name="Equals (330)" classname="spec_perl_TestInstanceUserArray_t" time="0.000483989715576172" />
    <testcase name="Equals (331)" classname="spec_perl_TestInstanceUserArray_t" time="0.000140905380249023" />
    <testcase name="Equals (332)" classname="spec_perl_TestInstanceUserArray_t" time="0.000179052352905273" />
    <testcase name="Equals (333)" classname="spec_perl_TestInstanceUserArray_t" time="0.000164985656738281" />
    <testcase name="Equals (334)" classname="spec_perl_TestInstanceUserArray_t" time="0.000187158584594727" />
    <testcase name="Equals (335)" classname="spec_perl_TestInstanceUserArray_t" time="0.000145912170410156" />
    <testcase name="Equals (336)" classname="spec_perl_TestInstanceUserArray_t" time="0.00018000602722168" />
  </testsuite>
  <testsuite name="spec_perl_TestNestedTypeParam_t" errors="0" failures="2" skipped="0" tests="2" time="0.0608720779418945">
    <system-out>1..2
not ok 1 - Equals
not ok 2 - Equals
</system-out>
    <testcase name="Equals (337)" classname="spec_perl_TestNestedTypeParam_t" time="0.000221967697143555">
      <failure message="not ok 1 - Equals" type="TAP::Parser::Result::Test"></failure>
    </testcase>
    <testcase name="Equals (338)" classname="spec_perl_TestNestedTypeParam_t" time="0.00100898742675781">
      <failure message="not ok 2 - Equals" type="TAP::Parser::Result::Test"></failure>
    </testcase>
  </testsuite>
  <testsuite name="spec_perl_TestNonStandard_t" errors="0" failures="0" skipped="0" tests="1" time="0.0507678985595703">
    <system-out>1..1
ok 1 - Equals
</system-out>
    <testcase name="Equals (339)" classname="spec_perl_TestNonStandard_t" time="0.000256061553955078" />
  </testsuite>
  <testsuite name="spec_perl_TestTermU1Val_t" errors="0" failures="0" skipped="0" tests="2" time="0.0544059276580811">
    <system-out>1..2
ok 1 - Equals
ok 2 - Equals
</system-out>
    <testcase name="Equals (340)" classname="spec_perl_TestTermU1Val_t" time="0.00037693977355957" />
    <testcase name="Equals (341)" classname="spec_perl_TestTermU1Val_t" time="9.20295715332031e-05" />
  </testsuite>
  <testsuite name="spec_perl_TestValidSwitch_t" errors="0" failures="0" skipped="1" tests="1" time="0.0516819953918457">
    <system-out>1..1
ok 1 # skip ValidSwitch=HASH(0x55fa0eccf2f0)
</system-out>
    <testcase name="Unnamed test case 341" classname="spec_perl_TestValidSwitch_t" time="0.00110197067260742">
      <skipped message="ok 1 # skip ValidSwitch=HASH(0x55fa0eccf2f0)" />
    </testcase>
  </testsuite>
  <testsuite name="spec_perl_TestExprStrOps_t" errors="0" failures="0" skipped="0" tests="17" time="0.0580389499664307">
    <system-out>1..17
ok 1 - Equals
ok 2 - Equals
ok 3 - Equals
ok 4 - Equals
ok 5 - Equals
ok 6 - Equals
ok 7 - Equals
ok 8 - Equals
ok 9 - Equals
ok 10 - Equals
ok 11 - Equals
ok 12 - Equals
ok 13 - Equals
ok 14 - Equals
ok 15 - Equals
ok 16 - Equals
ok 17 - Equals
</system-out>
    <testcase name="Equals (342)" classname="spec_perl_TestExprStrOps_t" time="0.000290870666503906" />
    <testcase name="Equals (343)" classname="spec_perl_TestExprStrOps_t" time="0.000102996826171875" />
    <testcase name="Equals (344)" classname="spec_perl_TestExprStrOps_t" time="0.000187158584594727" />
    <testcase name="Equals (345)" classname="spec_perl_TestExprStrOps_t" time="0.000183820724487305" />
    <testcase name="Equals (346)" classname="spec_perl_TestExprStrOps_t" time="0.000172138214111328" />
    <testcase name="Equals (347)" classname="spec_perl_TestExprStrOps_t" time="0.000174999237060547" />
    <testcase name="Equals (348)" classname="spec_perl_TestExprStrOps_t" time="0.000166893005371094" />
    <testcase name="Equals (349)" classname="spec_perl_TestExprStrOps_t" time="0.000169992446899414" />
    <testcase name="Equals (350)" classname="spec_perl_TestExprStrOps_t" time="0.00018000602722168" />
    <testcase name="Equals (351)" classname="spec_perl_TestExprStrOps_t" time="0.0023491382598877" />
    <testcase name="Equals (352)" classname="spec_perl_TestExprStrOps_t" time="4.10079956054688e-05" />
    <testcase name="Equals (353)" classname="spec_perl_TestExprStrOps_t" time="2.288818359375e-05" />
    <testcase name="Equals (354)" classname="spec_perl_TestExprStrOps_t" time="2.19345092773438e-05" />
    <testcase name="Equals (355)" classname="spec_perl_TestExprStrOps_t" time="2.09808349609375e-05" />
    <testcase name="Equals (356)" classname="spec_perl_TestExprStrOps_t" time="2.00271606445312e-05" />
    <testcase name="Equals (357)" classname="spec_perl_TestExprStrOps_t" time="2.00271606445312e-05" />
    <testcase name="Equals (358)" classname="spec_perl_TestExprStrOps_t" time="2.19345092773438e-05" />
  </testsuite>
  <testsuite name="spec_perl_TestBitsSeqEndianCombo_t" errors="0" failures="0" skipped="0" tests="8" time="0.0603151321411133">
    <system-out>1..8
ok 1 - Equals
ok 2 - Equals
ok 3 - Equals
ok 4 - Equals
ok 5 - Equals
ok 6 - Equals
ok 7 - Equals
ok 8 - Equals
</system-out>
    <testcase name="Equals (359)" classname="spec_perl_TestBitsSeqEndianCombo_t" time="0.000545024871826172" />
    <testcase name="Equals (360)" classname="spec_perl_TestBitsSeqEndianCombo_t" time="0.000164031982421875" />
    <testcase name="Equals (361)" classname="spec_perl_TestBitsSeqEndianCombo_t" time="0.00026702880859375" />
    <testcase name="Equals (362)" classname="spec_perl_TestBitsSeqEndianCombo_t" time="0.000221014022827148" />
    <testcase name="Equals (363)" classname="spec_perl_TestBitsSeqEndianCombo_t" time="0.000346899032592773" />
    <testcase name="Equals (364)" classname="spec_perl_TestBitsSeqEndianCombo_t" time="0.000155925750732422" />
    <testcase name="Equals (365)" classname="spec_perl_TestBitsSeqEndianCombo_t" time="0.000169038772583008" />
    <testcase name="Equals (366)" classname="spec_perl_TestBitsSeqEndianCombo_t" time="0.00018000602722168" />
  </testsuite>
  <testsuite name="spec_perl_TestEofExceptionU4_t" errors="0" failures="0" skipped="0" tests="1" time="0.0517690181732178">
    <system-out>1..1
ok 1 - threw /^Requested \d+ bytes, but only \d+ bytes available/
</system-out>
    <testcase name="threw /^Requested \d+ bytes, but only \d+ bytes available/ (366)" classname="spec_perl_TestEofExceptionU4_t" time="0.0001678466796875" />
  </testsuite>
  <testsuite name="spec_perl_TestExprSizeofType1_t" errors="0" failures="0" skipped="0" tests="2" time="0.0528669357299805">
    <system-out>1..2
ok 1 - Equals
ok 2 - Equals
</system-out>
    <testcase name="Equals (367)" classname="spec_perl_TestExprSizeofType1_t" time="0.000288963317871094" />
    <testcase name="Equals (368)" classname="spec_perl_TestExprSizeofType1_t" time="0.000106096267700195" />
  </testsuite>
  <testsuite name="spec_perl_TestNestedSameName_t" errors="0" failures="0" skipped="0" tests="2" time="0.0512139797210693">
    <system-out>1..2
ok 1 - Equals
ok 2 - Equals
</system-out>
    <testcase name="Equals (369)" classname="spec_perl_TestNestedSameName_t" time="0.000394105911254883" />
    <testcase name="Equals (370)" classname="spec_perl_TestNestedSameName_t" time="0.000161886215209961" />
  </testsuite>
  <testsuite name="spec_perl_TestSwitchManualEnumInvalidElse_t" errors="0" failures="0" skipped="0" tests="5" time="0.0550467967987061">
    <system-out>1..5
ok 1 - Equals
ok 2 - Equals
ok 3 - Equals
ok 4 - Equals
ok 5 - Equals
</system-out>
    <testcase name="Equals (371)" classname="spec_perl_TestSwitchManualEnumInvalidElse_t" time="0.000283002853393555" />
    <testcase name="Equals (372)" classname="spec_perl_TestSwitchManualEnumInvalidElse_t" time="8.51154327392578e-05" />
    <testcase name="Equals (373)" classname="spec_perl_TestSwitchManualEnumInvalidElse_t" time="0.000218868255615234" />
    <testcase name="Equals (374)" classname="spec_perl_TestSwitchManualEnumInvalidElse_t" time="0.000133037567138672" />
    <testcase name="Equals (375)" classname="spec_perl_TestSwitchManualEnumInvalidElse_t" time="0.000192165374755859" />
  </testsuite>
  <testsuite name="spec_perl_TestStrPadTerm_t" errors="0" failures="0" skipped="0" tests="4" time="0.0546901226043701">
    <system-out>1..4
ok 1 - Equals
ok 2 - Equals
ok 3 - Equals
ok 4 - Equals
</system-out>
    <testcase name="Equals (376)" classname="spec_perl_TestStrPadTerm_t" time="0.00048518180847168" />
    <testcase name="Equals (377)" classname="spec_perl_TestStrPadTerm_t" time="0.000108957290649414" />
    <testcase name="Equals (378)" classname="spec_perl_TestStrPadTerm_t" time="0.000135898590087891" />
    <testcase name="Equals (379)" classname="spec_perl_TestStrPadTerm_t" time="0.000178098678588867" />
  </testsuite>
  <testsuite name="spec_perl_TestValidEqStrEncodings_t" errors="0" failures="0" skipped="1" tests="1" time="0.0580799579620361">
    <system-out>1..1
ok 1 # skip ValidEqStrEncodings=HASH(0x5564f01eedf0)
</system-out>
    <testcase name="Unnamed test case 379" classname="spec_perl_TestValidEqStrEncodings_t" time="0.00415611267089844">
      <skipped message="ok 1 # skip ValidEqStrEncodings=HASH(0x5564f01eedf0)" />
    </testcase>
  </testsuite>
  <testsuite name="spec_perl_TestRepeatEosBit_t" errors="0" failures="0" skipped="0" tests="1" time="0.0504951477050781">
    <system-out>1..1
ok 1 - Equals
</system-out>
    <testcase name="Equals (380)" classname="spec_perl_TestRepeatEosBit_t" time="0.000279903411865234" />
  </testsuite>
  <testsuite name="spec_perl_TestTermBytes_t" errors="0" failures="0" skipped="0" tests="3" time="0.0507738590240479">
    <system-out>1..3
ok 1 - Equals
ok 2 - Equals
ok 3 - Equals
</system-out>
    <testcase name="Equals (381)" classname="spec_perl_TestTermBytes_t" time="0.000245809555053711" />
    <testcase name="Equals (382)" classname="spec_perl_TestTermBytes_t" time="0.000101089477539062" />
    <testcase name="Equals (383)" classname="spec_perl_TestTermBytes_t" time="0.000208139419555664" />
  </testsuite>
  <testsuite name="spec_perl_TestExpr0_t" errors="0" failures="0" skipped="0" tests="2" time="0.0508232116699219">
    <system-out>1..2
ok 1 - Equals
ok 2 - Equals
</system-out>
    <testcase name="Equals (384)" classname="spec_perl_TestExpr0_t" time="0.000277996063232422" />
    <testcase name="Equals (385)" classname="spec_perl_TestExpr0_t" time="0.00010991096496582" />
  </testsuite>
  <testsuite name="spec_perl_TestStrLiterals2_t" errors="0" failures="0" skipped="0" tests="4" time="0.0513758659362793">
    <system-out>1..4
ok 1 - Equals
ok 2 - Equals
ok 3 - Equals
ok 4 - Equals
</system-out>
    <testcase name="Equals (386)" classname="spec_perl_TestStrLiterals2_t" time="0.000270843505859375" />
    <testcase name="Equals (387)" classname="spec_perl_TestStrLiterals2_t" time="0.000128030776977539" />
    <testcase name="Equals (388)" classname="spec_perl_TestStrLiterals2_t" time="0.000227928161621094" />
    <testcase name="Equals (389)" classname="spec_perl_TestStrLiterals2_t" time="0.000176191329956055" />
  </testsuite>
  <testsuite name="spec_perl_TestParamsEnum_t" errors="0" failures="1" skipped="0" tests="2" time="0.0592498779296875">
    <system-out>1..2
ok 1 - Equals
not ok 2 - Equals
</system-out>
    <testcase name="Equals (390)" classname="spec_perl_TestParamsEnum_t" time="0.000262022018432617" />
    <testcase name="Equals (391)" classname="spec_perl_TestParamsEnum_t" time="0.000161886215209961">
      <failure message="not ok 2 - Equals" type="TAP::Parser::Result::Test"></failure>
    </testcase>
  </testsuite>
  <testsuite name="spec_perl_TestPositionInSeq_t" errors="0" failures="0" skipped="0" tests="1" time="0.0507729053497314">
    <system-out>1..1
ok 1 - Equals
</system-out>
    <testcase name="Equals (392)" classname="spec_perl_TestPositionInSeq_t" time="0.000262022018432617" />
  </testsuite>
  <testsuite name="spec_perl_TestEnumForUnknownId_t" errors="0" failures="0" skipped="0" tests="1" time="0.0500099658966064">
    <system-out>1..1
ok 1 - Equals
</system-out>
    <testcase name="Equals (393)" classname="spec_perl_TestEnumForUnknownId_t" time="0.000206947326660156" />
  </testsuite>
  <testsuite name="spec_perl_TestFixedContents_t" errors="0" failures="0" skipped="1" tests="1" time="0.0521600246429443">
    <system-out>1..1
ok 1 # skip FixedContents=HASH(0x55b09c7e2758)
</system-out>
    <testcase name="Unnamed test case 393" classname="spec_perl_TestFixedContents_t" time="0.00112390518188477">
      <skipped message="ok 1 # skip FixedContents=HASH(0x55b09c7e2758)" />
    </testcase>
  </testsuite>
  <testsuite name="spec_perl_TestEofExceptionBytes_t" errors="0" failures="0" skipped="0" tests="1" time="0.0543348789215088">
    <system-out>1..1
ok 1 - threw /^Requested \d+ bytes, but only \d+ bytes available/
</system-out>
    <testcase name="threw /^Requested \d+ bytes, but only \d+ bytes available/ (393)" classname="spec_perl_TestEofExceptionBytes_t" time="0.000164031982421875" />
  </testsuite>
  <testsuite name="spec_perl_TestEosExceptionBytes_t" errors="0" failures="0" skipped="0" tests="1" time="0.0520949363708496">
    <system-out>1..1
ok 1 - threw /^Requested \d+ bytes, but only \d+ bytes available/
</system-out>
    <testcase name="threw /^Requested \d+ bytes, but only \d+ bytes available/ (394)" classname="spec_perl_TestEosExceptionBytes_t" time="0.000472068786621094" />
  </testsuite>
  <testsuite name="spec_perl_TestCombineBool_t" errors="0" failures="0" skipped="0" tests="2" time="0.0519759654998779">
    <system-out>1..2
ok 1 - Equals
ok 2 - Equals
</system-out>
    <testcase name="Equals (394)" classname="spec_perl_TestCombineBool_t" time="0.000276088714599609" />
    <testcase name="Equals (395)" classname="spec_perl_TestCombineBool_t" time="8.70227813720703e-05" />
  </testsuite>
  <testsuite name="spec_perl_TestBitsSignedShiftB64Le_t" errors="0" failures="0" skipped="0" tests="2" time="0.0610809326171875">
    <system-out>1..2
ok 1 - Equals
ok 2 - Equals
</system-out>
    <testcase name="Equals (396)" classname="spec_perl_TestBitsSignedShiftB64Le_t" time="0.000286102294921875" />
    <testcase name="Equals (397)" classname="spec_perl_TestBitsSignedShiftB64Le_t" time="0.000112771987915039" />
  </testsuite>
  <testsuite name="spec_perl_TestBitsSignedResB32Le_t" errors="0" failures="0" skipped="0" tests="1" time="0.0580999851226807">
    <system-out>1..1
ok 1 - Equals
</system-out>
    <testcase name="Equals (398)" classname="spec_perl_TestBitsSignedResB32Le_t" time="0.000276803970336914" />
  </testsuite>
  <testsuite name="spec_perl_TestZlibWithHeader78_t" errors="0" failures="0" skipped="0" tests="1" time="0.071882963180542">
    <system-out>1..1
ok 1 - Equals
</system-out>
    <testcase name="Equals (399)" classname="spec_perl_TestZlibWithHeader78_t" time="0.00035405158996582" />
  </testsuite>
  <testsuite name="spec_perl_TestBitsUnalignedB32Be_t" errors="0" failures="0" skipped="0" tests="3" time="0.0514872074127197">
    <system-out>1..3
ok 1 - Equals
ok 2 - Equals
ok 3 - Equals
</system-out>
    <testcase name="Equals (400)" classname="spec_perl_TestBitsUnalignedB32Be_t" time="0.000260829925537109" />
    <testcase name="Equals (401)" classname="spec_perl_TestBitsUnalignedB32Be_t" time="9.10758972167969e-05" />
    <testcase name="Equals (402)" classname="spec_perl_TestBitsUnalignedB32Be_t" time="0.000203132629394531" />
  </testsuite>
  <testsuite name="spec_perl_TestValidLong_t" errors="0" failures="0" skipped="1" tests="1" time="0.0553700923919678">
    <system-out>1..1
ok 1 # skip ValidLong=HASH(0x55d780e32b60)
</system-out>
    <testcase name="Unnamed test case 402" classname="spec_perl_TestValidLong_t" time="0.00120210647583008">
      <skipped message="ok 1 # skip ValidLong=HASH(0x55d780e32b60)" />
    </testcase>
  </testsuite>
  <testsuite name="spec_perl_TestNavParent3_t" errors="0" failures="0" skipped="0" tests="10" time="0.0561671257019043">
    <system-out>1..10
ok 1 - Equals
ok 2 - Equals
ok 3 - Equals
ok 4 - Equals
ok 5 - Equals
ok 6 - Equals
ok 7 - Equals
ok 8 - Equals
ok 9 - Equals
ok 10 - Equals
</system-out>
    <testcase name="Equals (403)" classname="spec_perl_TestNavParent3_t" time="0.000253915786743164" />
    <testcase name="Equals (404)" classname="spec_perl_TestNavParent3_t" time="0.000102043151855469" />
    <testcase name="Equals (405)" classname="spec_perl_TestNavParent3_t" time="0.000252962112426758" />
    <testcase name="Equals (406)" classname="spec_perl_TestNavParent3_t" time="0.000169038772583008" />
    <testcase name="Equals (407)" classname="spec_perl_TestNavParent3_t" time="0.000173091888427734" />
    <testcase name="Equals (408)" classname="spec_perl_TestNavParent3_t" time="0.000219821929931641" />
    <testcase name="Equals (409)" classname="spec_perl_TestNavParent3_t" time="0.000182151794433594" />
    <testcase name="Equals (410)" classname="spec_perl_TestNavParent3_t" time="0.000171899795532227" />
    <testcase name="Equals (411)" classname="spec_perl_TestNavParent3_t" time="0.000169992446899414" />
    <testcase name="Equals (412)" classname="spec_perl_TestNavParent3_t" time="0.000203132629394531" />
  </testsuite>
  <testsuite name="spec_perl_TestParamsPassStruct_t" errors="0" failures="1" skipped="1" tests="4" time="0.0562508106231689">
    <system-out>1..4
ok 1 - Equals
ok 2 - Equals
not ok 3 - test_params_pass_struct died (Can't call method &quot;foo&quot; on an undefined value at spec/perl/TestParamsPassStruct.t line 16.)
ok 4 # skip test_params_pass_struct died
</system-out>
    <testcase name="Equals (413)" classname="spec_perl_TestParamsPassStruct_t" time="0.000283002853393555" />
    <testcase name="Equals (414)" classname="spec_perl_TestParamsPassStruct_t" time="0.000110149383544922" />
    <testcase name="test_params_pass_struct died (Can't call method &quot;foo&quot; on an undefined value at spec/perl/TestParamsPassStruct.t line 16.) (414)" classname="spec_perl_TestParamsPassStruct_t" time="0.000262022018432617">
      <failure message="not ok 3 - test_params_pass_struct died (Can't call method &quot;foo&quot; on an undefined value at spec/perl/TestParamsPassStruct.t line 16.)" type="TAP::Parser::Result::Test"></failure>
    </testcase>
    <testcase name="Unnamed test case 414" classname="spec_perl_TestParamsPassStruct_t" time="0.000808954238891602">
      <skipped message="ok 4 # skip test_params_pass_struct died" />
    </testcase>
  </testsuite>
  <testsuite name="spec_perl_TestIndexSizes_t" errors="0" failures="0" skipped="0" tests="7" time="0.0557670593261719">
    <system-out>1..7
ok 1 - Equals
ok 2 - Equals
ok 3 - Equals
ok 4 - Equals
ok 5 - Equals
ok 6 - Equals
ok 7 - Equals
</system-out>
    <testcase name="Equals (415)" classname="spec_perl_TestIndexSizes_t" time="0.000323057174682617" />
    <testcase name="Equals (416)" classname="spec_perl_TestIndexSizes_t" time="9.17911529541016e-05" />
    <testcase name="Equals (417)" classname="spec_perl_TestIndexSizes_t" time="0.000171184539794922" />
    <testcase name="Equals (418)" classname="spec_perl_TestIndexSizes_t" time="0.000164985656738281" />
    <testcase name="Equals (419)" classname="spec_perl_TestIndexSizes_t" time="0.000164031982421875" />
    <testcase name="Equals (420)" classname="spec_perl_TestIndexSizes_t" time="0.000180959701538086" />
    <testcase name="Equals (421)" classname="spec_perl_TestIndexSizes_t" time="0.000165939331054688" />
  </testsuite>
  <testsuite name="spec_perl_TestProcessCustomNoArgs_t" errors="1" failures="0" skipped="0" tests="0" time="0.0541660785675049">
    <system-out></system-out>
[...]
    <system-out>1..4
ok 1 - Equals
ok 2 - Equals
ok 3 - Equals
ok 4 - Equals
</system-out>
    <testcase name="Equals (863)" classname="spec_perl_TestStrEncodings_t" time="0.00326108932495117" />
    <testcase name="Equals (864)" classname="spec_perl_TestStrEncodings_t" time="0.000108957290649414" />
    <testcase name="Equals (865)" classname="spec_perl_TestStrEncodings_t" time="0.000151157379150391" />
    <testcase name="Equals (866)" classname="spec_perl_TestStrEncodings_t" time="0.000185012817382812" />
  </testsuite>
  <testsuite name="spec_perl_TestIndexToParamExpr_t" errors="0" failures="2" skipped="0" tests="7" time="0.0729579925537109">
    <system-out>1..7
ok 1 - Equals
ok 2 - Equals
ok 3 - Equals
ok 4 - Equals
ok 5 - Equals
not ok 6 - Equals
not ok 7 - Equals
</system-out>
    <testcase name="Equals (867)" classname="spec_perl_TestIndexToParamExpr_t" time="0.000377893447875977" />
    <testcase name="Equals (868)" classname="spec_perl_TestIndexToParamExpr_t" time="0.00042414665222168" />
    <testcase name="Equals (869)" classname="spec_perl_TestIndexToParamExpr_t" time="0.000339031219482422" />
    <testcase name="Equals (870)" classname="spec_perl_TestIndexToParamExpr_t" time="0.000325918197631836" />
    <testcase name="Equals (871)" classname="spec_perl_TestIndexToParamExpr_t" time="0.000351905822753906" />
    <testcase name="Equals (872)" classname="spec_perl_TestIndexToParamExpr_t" time="0.000444173812866211">
      <failure message="not ok 6 - Equals" type="TAP::Parser::Result::Test"></failure>
    </testcase>
    <testcase name="Equals (873)" classname="spec_perl_TestIndexToParamExpr_t" time="0.00107192993164062">
      <failure message="not ok 7 - Equals" type="TAP::Parser::Result::Test"></failure>
    </testcase>
  </testsuite>
  <testsuite name="spec_perl_TestNavParentFalse_t" errors="0" failures="0" skipped="0" tests="5" time="0.0515539646148682">
    <system-out>1..5
ok 1 - Equals
ok 2 - Equals
ok 3 - Equals
ok 4 - Equals
ok 5 - Equals
</system-out>
    <testcase name="Equals (874)" classname="spec_perl_TestNavParentFalse_t" time="0.000307083129882812" />
    <testcase name="Equals (875)" classname="spec_perl_TestNavParentFalse_t" time="9.89437103271484e-05" />
    <testcase name="Equals (876)" classname="spec_perl_TestNavParentFalse_t" time="0.000169038772583008" />
    <testcase name="Equals (877)" classname="spec_perl_TestNavParentFalse_t" time="0.00017094612121582" />
    <testcase name="Equals (878)" classname="spec_perl_TestNavParentFalse_t" time="0.000174999237060547" />
  </testsuite>
  <testsuite name="spec_perl_TestBitsUnalignedB64Be_t" errors="0" failures="0" skipped="0" tests="3" time="0.0515480041503906">
    <system-out>1..3
ok 1 - Equals
ok 2 - Equals
ok 3 - Equals
</system-out>
    <testcase name="Equals (879)" classname="spec_perl_TestBitsUnalignedB64Be_t" time="0.000244855880737305" />
    <testcase name="Equals (880)" classname="spec_perl_TestBitsUnalignedB64Be_t" time="0.000103950500488281" />
    <testcase name="Equals (881)" classname="spec_perl_TestBitsUnalignedB64Be_t" time="0.000191211700439453" />
  </testsuite>
  <testsuite name="spec_perl_TestRepeatNStrzDouble_t" errors="0" failures="0" skipped="0" tests="3" time="0.0547029972076416">
    <system-out>1..3
ok 1 - Equals
ok 2 - Equals
ok 3 - Equals
</system-out>
    <testcase name="Equals (882)" classname="spec_perl_TestRepeatNStrzDouble_t" time="0.000335931777954102" />
    <testcase name="Equals (883)" classname="spec_perl_TestRepeatNStrzDouble_t" time="9.01222229003906e-05" />
    <testcase name="Equals (884)" classname="spec_perl_TestRepeatNStrzDouble_t" time="5.79357147216797e-05" />
  </testsuite>
  <testsuite name="spec_perl_TestSwitchManualStrElse_t" errors="0" failures="0" skipped="0" tests="9" time="0.0574760437011719">
    <system-out>1..9
ok 1 - Equals
ok 2 - Equals
ok 3 - Equals
ok 4 - Equals
ok 5 - Equals
ok 6 - Equals
ok 7 - Equals
ok 8 - Equals
ok 9 - Equals
</system-out>
    <testcase name="Equals (885)" classname="spec_perl_TestSwitchManualStrElse_t" time="0.000403881072998047" />
    <testcase name="Equals (886)" classname="spec_perl_TestSwitchManualStrElse_t" time="0.000102043151855469" />
    <testcase name="Equals (887)" classname="spec_perl_TestSwitchManualStrElse_t" time="0.000221967697143555" />
    <testcase name="Equals (888)" classname="spec_perl_TestSwitchManualStrElse_t" time="0.000173091888427734" />
    <testcase name="Equals (889)" classname="spec_perl_TestSwitchManualStrElse_t" time="0.000195980072021484" />
    <testcase name="Equals (890)" classname="spec_perl_TestSwitchManualStrElse_t" time="0.000187873840332031" />
    <testcase name="Equals (891)" classname="spec_perl_TestSwitchManualStrElse_t" time="0.000194072723388672" />
    <testcase name="Equals (892)" classname="spec_perl_TestSwitchManualStrElse_t" time="0.000175952911376953" />
    <testcase name="Equals (893)" classname="spec_perl_TestSwitchManualStrElse_t" time="0.000181913375854492" />
  </testsuite>
  <testsuite name="spec_perl_TestSwitchManualStr_t" errors="0" failures="0" skipped="0" tests="9" time="0.0599739551544189">
    <system-out>1..9
ok 1 - Equals
ok 2 - Equals
ok 3 - Equals
ok 4 - Equals
ok 5 - Equals
ok 6 - Equals
ok 7 - Equals
ok 8 - Equals
ok 9 - Equals
</system-out>
    <testcase name="Equals (894)" classname="spec_perl_TestSwitchManualStr_t" time="0.000359058380126953" />
    <testcase name="Equals (895)" classname="spec_perl_TestSwitchManualStr_t" time="9.48905944824219e-05" />
    <testcase name="Equals (896)" classname="spec_perl_TestSwitchManualStr_t" time="0.000190019607543945" />
    <testcase name="Equals (897)" classname="spec_perl_TestSwitchManualStr_t" time="0.000143051147460938" />
    <testcase name="Equals (898)" classname="spec_perl_TestSwitchManualStr_t" time="0.000190019607543945" />
    <testcase name="Equals (899)" classname="spec_perl_TestSwitchManualStr_t" time="0.00018000602722168" />
    <testcase name="Equals (900)" classname="spec_perl_TestSwitchManualStr_t" time="0.000174045562744141" />
    <testcase name="Equals (901)" classname="spec_perl_TestSwitchManualStr_t" time="0.000171899795532227" />
    <testcase name="Equals (902)" classname="spec_perl_TestSwitchManualStr_t" time="0.000193119049072266" />
  </testsuite>
  <testsuite name="spec_perl_TestSwitchIntegers2_t" errors="0" failures="0" skipped="0" tests="5" time="0.053455114364624">
    <system-out>1..5
ok 1 - Equals
ok 2 - Equals
ok 3 - Equals
ok 4 - Equals
ok 5 - Equals
</system-out>
    <testcase name="Equals (903)" classname="spec_perl_TestSwitchIntegers2_t" time="0.000233888626098633" />
    <testcase name="Equals (904)" classname="spec_perl_TestSwitchIntegers2_t" time="0.000103950500488281" />
    <testcase name="Equals (905)" classname="spec_perl_TestSwitchIntegers2_t" time="0.00018620491027832" />
    <testcase name="Equals (906)" classname="spec_perl_TestSwitchIntegers2_t" time="0.000158786773681641" />
    <testcase name="Equals (907)" classname="spec_perl_TestSwitchIntegers2_t" time="0.000181198120117188" />
  </testsuite>
  <testsuite name="spec_perl_TestFloatToI_t" errors="0" failures="0" skipped="0" tests="8" time="0.0519130229949951">
    <system-out>1..8
ok 1 - Approx equals
ok 2 - Approx equals
ok 3 - Equals
ok 4 - Equals
ok 5 - Equals
ok 6 - Equals
ok 7 - Equals
ok 8 - Equals
</system-out>
    <testcase name="Approx equals (907)" classname="spec_perl_TestFloatToI_t" time="0.00018000602722168" />
    <testcase name="Approx equals (908)" classname="spec_perl_TestFloatToI_t" time="7.70092010498047e-05" />
    <testcase name="Equals (908)" classname="spec_perl_TestFloatToI_t" time="9.41753387451172e-05" />
    <testcase name="Equals (909)" classname="spec_perl_TestFloatToI_t" time="0.000226020812988281" />
    <testcase name="Equals (910)" classname="spec_perl_TestFloatToI_t" time="0.00014495849609375" />
    <testcase name="Equals (911)" classname="spec_perl_TestFloatToI_t" time="0.00017094612121582" />
    <testcase name="Equals (912)" classname="spec_perl_TestFloatToI_t" time="0.000174999237060547" />
    <testcase name="Equals (913)" classname="spec_perl_TestFloatToI_t" time="0.000173091888427734" />
  </testsuite>
  <testsuite name="spec_perl_TestFixedStruct_t" errors="0" failures="0" skipped="0" tests="20" time="0.0555388927459717">
    <system-out>1..20
ok 1 - Equals
ok 2 - Equals
ok 3 - Equals
ok 4 - Equals
ok 5 - Equals
ok 6 - Equals
ok 7 - Equals
ok 8 - Equals
ok 9 - Equals
ok 10 - Equals
ok 11 - Equals
ok 12 - Equals
ok 13 - Equals
ok 14 - Equals
ok 15 - Equals
ok 16 - Equals
ok 17 - Equals
ok 18 - Equals
ok 19 - Equals
ok 20 - Equals
</system-out>
    <testcase name="Equals (914)" classname="spec_perl_TestFixedStruct_t" time="0.00033116340637207" />
    <testcase name="Equals (915)" classname="spec_perl_TestFixedStruct_t" time="9.89437103271484e-05" />
    <testcase name="Equals (916)" classname="spec_perl_TestFixedStruct_t" time="0.000185966491699219" />
    <testcase name="Equals (917)" classname="spec_perl_TestFixedStruct_t" time="0.00015711784362793" />
    <testcase name="Equals (918)" classname="spec_perl_TestFixedStruct_t" time="0.000171899795532227" />
    <testcase name="Equals (919)" classname="spec_perl_TestFixedStruct_t" time="0.000180959701538086" />
    <testcase name="Equals (920)" classname="spec_perl_TestFixedStruct_t" time="0.000186920166015625" />
    <testcase name="Equals (921)" classname="spec_perl_TestFixedStruct_t" time="0.000154018402099609" />
    <testcase name="Equals (922)" classname="spec_perl_TestFixedStruct_t" time="0.000174999237060547" />
    <testcase name="Equals (923)" classname="spec_perl_TestFixedStruct_t" time="0.000174999237060547" />
    <testcase name="Equals (924)" classname="spec_perl_TestFixedStruct_t" time="0.000156164169311523" />
    <testcase name="Equals (925)" classname="spec_perl_TestFixedStruct_t" time="0.000185966491699219" />
    <testcase name="Equals (926)" classname="spec_perl_TestFixedStruct_t" time="0.000165939331054688" />
    <testcase name="Equals (927)" classname="spec_perl_TestFixedStruct_t" time="0.00018000602722168" />
    <testcase name="Equals (928)" classname="spec_perl_TestFixedStruct_t" time="0.000188112258911133" />
    <testcase name="Equals (929)" classname="spec_perl_TestFixedStruct_t" time="0.000166893005371094" />
    <testcase name="Equals (930)" classname="spec_perl_TestFixedStruct_t" time="0.000174045562744141" />
    <testcase name="Equals (931)" classname="spec_perl_TestFixedStruct_t" time="0.000172853469848633" />
    <testcase name="Equals (932)" classname="spec_perl_TestFixedStruct_t" time="0.000169038772583008" />
    <testcase name="Equals (933)" classname="spec_perl_TestFixedStruct_t" time="0.000168085098266602" />
  </testsuite>
  <testsuite name="spec_perl_TestIfValues_t" errors="0" failures="0" skipped="0" tests="6" time="0.0518620014190674">
    <system-out>1..6
ok 1 - Equals
ok 2 - Equals
ok 3 - Equals
ok 4 - nil
ok 5 - Equals
ok 6 - nil
</system-out>
    <testcase name="Equals (934)" classname="spec_perl_TestIfValues_t" time="0.000287055969238281" />
    <testcase name="Equals (935)" classname="spec_perl_TestIfValues_t" time="0.000219821929931641" />
    <testcase name="Equals (936)" classname="spec_perl_TestIfValues_t" time="7.91549682617188e-05" />
    <testcase name="nil (936)" classname="spec_perl_TestIfValues_t" time="6.29425048828125e-05" />
    <testcase name="Equals (937)" classname="spec_perl_TestIfValues_t" time="0.000185012817382812" />
    <testcase name="nil (937)" classname="spec_perl_TestIfValues_t" time="6.4849853515625e-05" />
  </testsuite>
  <testsuite name="spec_perl_TestOpaqueExternalType02Parent_t" errors="0" failures="0" skipped="0" tests="3" time="0.0544009208679199">
    <system-out>1..3
ok 1 - Equals
ok 2 - Equals
ok 3 - Equals
</system-out>
    <testcase name="Equals (938)" classname="spec_perl_TestOpaqueExternalType02Parent_t" time="0.000360965728759766" />
    <testcase name="Equals (939)" classname="spec_perl_TestOpaqueExternalType02Parent_t" time="9.70363616943359e-05" />
    <testcase name="Equals (940)" classname="spec_perl_TestOpaqueExternalType02Parent_t" time="0.000172853469848633" />
  </testsuite>
  <testsuite name="spec_perl_TestDocstringsDocrefMulti_t" errors="0" failures="0" skipped="1" tests="1" time="0.0543169975280762">
    <system-out>1..1
ok 1 # skip DocstringsDocrefMulti=HASH(0x559ccd259418)
</system-out>
    <testcase name="Unnamed test case 940" classname="spec_perl_TestDocstringsDocrefMulti_t" time="0.00114798545837402">
      <skipped message="ok 1 # skip DocstringsDocrefMulti=HASH(0x559ccd259418)" />
    </testcase>
  </testsuite>
  <testsuite name="spec_perl_TestExprStrEncodings_t" errors="0" failures="0" skipped="0" tests="7" time="0.0592749118804932">
    <system-out>1..7
ok 1 - Equals
ok 2 - Equals
ok 3 - Equals
ok 4 - Equals
ok 5 - Equals
ok 6 - Equals
ok 7 - Equals
</system-out>
    <testcase name="Equals (941)" classname="spec_perl_TestExprStrEncodings_t" time="0.00373005867004395" />
    <testcase name="Equals (942)" classname="spec_perl_TestExprStrEncodings_t" time="0.000131845474243164" />
    <testcase name="Equals (943)" classname="spec_perl_TestExprStrEncodings_t" time="6.50882720947266e-05" />
    <testcase name="Equals (944)" classname="spec_perl_TestExprStrEncodings_t" time="0.000169038772583008" />
    <testcase name="Equals (945)" classname="spec_perl_TestExprStrEncodings_t" time="0.000159978866577148" />
    <testcase name="Equals (946)" classname="spec_perl_TestExprStrEncodings_t" time="0.000164985656738281" />
    <testcase name="Equals (947)" classname="spec_perl_TestExprStrEncodings_t" time="0.000184059143066406" />
  </testsuite>
  <testsuite name="spec_perl_TestBcdUserTypeBe_t" errors="0" failures="0" skipped="0" tests="6" time="0.0530259609222412">
    <system-out>1..6
ok 1 - Equals
ok 2 - Equals
ok 3 - Equals
ok 4 - Equals
ok 5 - Equals
ok 6 - Equals
</system-out>
    <testcase name="Equals (948)" classname="spec_perl_TestBcdUserTypeBe_t" time="0.000568151473999023" />
    <testcase name="Equals (949)" classname="spec_perl_TestBcdUserTypeBe_t" time="0.00014805793762207" />
    <testcase name="Equals (950)" classname="spec_perl_TestBcdUserTypeBe_t" time="6.69956207275391e-05" />
    <testcase name="Equals (951)" classname="spec_perl_TestBcdUserTypeBe_t" time="0.000227928161621094" />
    <testcase name="Equals (952)" classname="spec_perl_TestBcdUserTypeBe_t" time="0.000175952911376953" />
    <testcase name="Equals (953)" classname="spec_perl_TestBcdUserTypeBe_t" time="0.000189065933227539" />
  </testsuite>
  <testsuite name="spec_perl_TestEnumLongRangeS_t" errors="0" failures="0" skipped="0" tests="7" time="0.0514278411865234">
    <system-out>1..7
ok 1 - Equals
ok 2 - Equals
ok 3 - Equals
ok 4 - Equals
ok 5 - Equals
ok 6 - Equals
ok 7 - Equals
</system-out>
    <testcase name="Equals (954)" classname="spec_perl_TestEnumLongRangeS_t" time="0.000291109085083008" />
    <testcase name="Equals (955)" classname="spec_perl_TestEnumLongRangeS_t" time="0.000102043151855469" />
    <testcase name="Equals (956)" classname="spec_perl_TestEnumLongRangeS_t" time="0.000185012817382812" />
    <testcase name="Equals (957)" classname="spec_perl_TestEnumLongRangeS_t" time="0.000166893005371094" />
    <testcase name="Equals (958)" classname="spec_perl_TestEnumLongRangeS_t" time="0.000169992446899414" />
    <testcase name="Equals (959)" classname="spec_perl_TestEnumLongRangeS_t" time="0.000184059143066406" />
    <testcase name="Equals (960)" classname="spec_perl_TestEnumLongRangeS_t" time="0.00018310546875" />
  </testsuite>
  <testsuite name="spec_perl_TestProcessXorConst_t" errors="0" failures="0" skipped="0" tests="2" time="0.054412841796875">
    <system-out>1..2
ok 1 - Equals
ok 2 - Equals
</system-out>
    <testcase name="Equals (961)" classname="spec_perl_TestProcessXorConst_t" time="0.000313997268676758" />
    <testcase name="Equals (962)" classname="spec_perl_TestProcessXorConst_t" time="8.70227813720703e-05" />
  </testsuite>
  <testsuite name="spec_perl_TestIfInstances_t" errors="0" failures="0" skipped="0" tests="1" time="0.0506570339202881">
    <system-out>1..1
ok 1 - nil
</system-out>
    <testcase name="nil (962)" classname="spec_perl_TestIfInstances_t" time="0.000175952911376953" />
  </testsuite>
  <testsuite name="spec_perl_TestNavParentSwitchCast_t" errors="0" failures="0" skipped="0" tests="3" time="0.0510959625244141">
    <system-out>1..3
ok 1 - Equals
ok 2 - Equals
ok 3 - Equals
</system-out>
    <testcase name="Equals (963)" classname="spec_perl_TestNavParentSwitchCast_t" time="0.000541210174560547" />
    <testcase name="Equals (964)" classname="spec_perl_TestNavParentSwitchCast_t" time="0.000100851058959961" />
    <testcase name="Equals (965)" classname="spec_perl_TestNavParentSwitchCast_t" time="0.000198125839233398" />
  </testsuite>
  <testsuite name="spec_perl_TestBitsSignedResB32Be_t" errors="0" failures="0" skipped="0" tests="1" time="0.0529000759124756">
    <system-out>1..1
ok 1 - Equals
</system-out>
    <testcase name="Equals (966)" classname="spec_perl_TestBitsSignedResB32Be_t" time="0.000273942947387695" />
  </testsuite>
  <testsuite name="spec_perl_TestCastToTop_t" errors="0" failures="0" skipped="0" tests="3" time="0.0520651340484619">
    <system-out>1..3
ok 1 - Equals
ok 2 - Equals
ok 3 - Equals
</system-out>
    <testcase name="Equals (967)" classname="spec_perl_TestCastToTop_t" time="0.000375986099243164" />
    <testcase name="Equals (968)" classname="spec_perl_TestCastToTop_t" time="0.000250101089477539" />
    <testcase name="Equals (969)" classname="spec_perl_TestCastToTop_t" time="0.000172853469848633" />
  </testsuite>
  <testsuite name="spec_perl_TestIntegersDoubleOverflow_t" errors="0" failures="0" skipped="0" tests="8" time="0.0523648262023926">
    <system-out>1..8
ok 1 - Equals
ok 2 - Equals
ok 3 - Equals
ok 4 - Equals
ok 5 - Equals
ok 6 - Equals
ok 7 - Equals
ok 8 - Equals
</system-out>
    <testcase name="Equals (970)" classname="spec_perl_TestIntegersDoubleOverflow_t" time="0.000308990478515625" />
    <testcase name="Equals (971)" classname="spec_perl_TestIntegersDoubleOverflow_t" time="8.79764556884766e-05" />
    <testcase name="Equals (972)" classname="spec_perl_TestIntegersDoubleOverflow_t" time="0.000185012817382812" />
    <testcase name="Equals (973)" classname="spec_perl_TestIntegersDoubleOverflow_t" time="0.000154972076416016" />
    <testcase name="Equals (974)" classname="spec_perl_TestIntegersDoubleOverflow_t" time="0.000169992446899414" />
    <testcase name="Equals (975)" classname="spec_perl_TestIntegersDoubleOverflow_t" time="0.000184059143066406" />
    <testcase name="Equals (976)" classname="spec_perl_TestIntegersDoubleOverflow_t" time="0.000172853469848633" />
    <testcase name="Equals (977)" classname="spec_perl_TestIntegersDoubleOverflow_t" time="0.000174999237060547" />
  </testsuite>
  <testsuite name="spec_perl_TestRepeatUntilSized_t" errors="0" failures="0" skipped="0" tests="7" time="0.0519809722900391">
    <system-out>1..7
ok 1 - Equals
ok 2 - Equals
ok 3 - Equals
ok 4 - Equals
ok 5 - Equals
ok 6 - Equals
ok 7 - Equals
</system-out>
    <testcase name="Equals (978)" classname="spec_perl_TestRepeatUntilSized_t" time="0.000501871109008789" />
    <testcase name="Equals (979)" classname="spec_perl_TestRepeatUntilSized_t" time="9.79900360107422e-05" />
    <testcase name="Equals (980)" classname="spec_perl_TestRepeatUntilSized_t" time="0.00014805793762207" />
    <testcase name="Equals (981)" classname="spec_perl_TestRepeatUntilSized_t" time="0.000169992446899414" />
    <testcase name="Equals (982)" classname="spec_perl_TestRepeatUntilSized_t" time="0.000163078308105469" />
    <testcase name="Equals (983)" classname="spec_perl_TestRepeatUntilSized_t" time="0.000161886215209961" />
    <testcase name="Equals (984)" classname="spec_perl_TestRepeatUntilSized_t" time="0.000164985656738281" />
  </testsuite>
</testsuites>
