<?xml version='1.0' encoding='utf-8'?>
<testsuites>
  <testsuite name="spec_perl_TestNavParentOverride_t" errors="1" failures="0" skipped="0" tests="0" time="0.0507371425628662">
    <system-out></system-out>
    <testcase name="Test died too soon, even before plan." classname="spec_perl_TestNavParentOverride_t" time="0.0507371425628662">
      <failure message="The test suite died before a plan was produced. You need to have a plan." type="Plan">No plan</failure>
    </testcase>
  </testsuite>
  <testsuite name="spec_perl_TestDefaultEndianExprInherited_t" errors="1" failures="0" skipped="0" tests="0" time="0.0441009998321533">
    <system-out></system-out>
    <testcase name="Test died too soon, even before plan. (2)" classname="spec_perl_TestDefaultEndianExprInherited_t" time="0.0441009998321533">
      <failure message="The test suite died before a plan was produced. You need to have a plan." type="Plan">No plan</failure>
    </testcase>
  </testsuite>
  <testsuite name="spec_perl_TestStrEncodings_t" errors="1" failures="0" skipped="0" tests="0" time="0.0441529750823975">
    <system-out></system-out>
    <testcase name="Test died too soon, even before plan. (3)" classname="spec_perl_TestStrEncodings_t" time="0.0441529750823975">
      <failure message="The test suite died before a plan was produced. You need to have a plan." type="Plan">No plan</failure>
    </testcase>
  </testsuite>
  <testsuite name="spec_perl_TestEofExceptionBytes_t" errors="1" failures="0" skipped="0" tests="0" time="0.0435440540313721">
    <system-out></system-out>
    <testcase name="Test died too soon, even before plan. (4)" classname="spec_perl_TestEofExceptionBytes_t" time="0.0435440540313721">
      <failure message="The test suite died before a plan was produced. You need to have a plan." type="Plan">No plan</failure>
    </testcase>
  </testsuite>
  <testsuite name="spec_perl_TestEnumOfValueInst_t" errors="1" failures="0" skipped="0" tests="0" time="0.048954963684082">
    <system-out></system-out>
    <testcase name="Test died too soon, even before plan. (5)" classname="spec_perl_TestEnumOfValueInst_t" time="0.048954963684082">
      <failure message="The test suite died before a plan was produced. You need to have a plan." type="Plan">No plan</failure>
    </testcase>
  </testsuite>
  <testsuite name="spec_perl_TestTermStrz_t" errors="1" failures="0" skipped="0" tests="0" time="0.0432171821594238">
    <system-out></system-out>
    <testcase name="Test died too soon, even before plan. (6)" classname="spec_perl_TestTermStrz_t" time="0.0432171821594238">
      <failure message="The test suite died before a plan was produced. You need to have a plan." type="Plan">No plan</failure>
    </testcase>
  </testsuite>
  <testsuite name="spec_perl_TestEnum1_t" errors="1" failures="0" skipped="0" tests="0" time="0.0437588691711426">
    <system-out></system-out>
    <testcase name="Test died too soon, even before plan. (7)" classname="spec_perl_TestEnum1_t" time="0.0437588691711426">
      <failure message="The test suite died before a plan was produced. You need to have a plan." type="Plan">No plan</failure>
    </testcase>
  </testsuite>
  <testsuite name="spec_perl_TestPositionInSeq_t" errors="1" failures="0" skipped="0" tests="0" time="0.0460970401763916">
    <system-out></system-out>
    <testcase name="Test died too soon, even before plan. (8)" classname="spec_perl_TestPositionInSeq_t" time="0.0460970401763916">
      <failure message="The test suite died before a plan was produced. You need to have a plan." type="Plan">No plan</failure>
    </testcase>
  </testsuite>
  <testsuite name="spec_perl_TestNavParentFalse2_t" errors="1" failures="0" skipped="0" tests="0" time="0.0469889640808105">
    <system-out></system-out>
    <testcase name="Test died too soon, even before plan. (9)" classname="spec_perl_TestNavParentFalse2_t" time="0.0469889640808105">
      <failure message="The test suite died before a plan was produced. You need to have a plan." type="Plan">No plan</failure>
    </testcase>
  </testsuite>
  <testsuite name="spec_perl_TestPositionToEnd_t" errors="1" failures="0" skipped="0" tests="0" time="0.0425288677215576">
    <system-out></system-out>
    <testcase name="Test died too soon, even before plan. (10)" classname="spec_perl_TestPositionToEnd_t" time="0.0425288677215576">
      <failure message="The test suite died before a plan was produced. You need to have a plan." type="Plan">No plan</failure>
    </testcase>
  </testsuite>
  <testsuite name="spec_perl_TestProcessCoerceUsertype1_t" errors="1" failures="0" skipped="0" tests="0" time="0.0469949245452881">
    <system-out></system-out>
    <testcase name="Test died too soon, even before plan. (11)" classname="spec_perl_TestProcessCoerceUsertype1_t" time="0.0469949245452881">
      <failure message="The test suite died before a plan was produced. You need to have a plan." type="Plan">No plan</failure>
    </testcase>
  </testsuite>
  <testsuite name="spec_perl_TestIndexSizes_t" errors="1" failures="0" skipped="0" tests="0" time="0.04469895362854">
    <system-out></system-out>
    <testcase name="Test died too soon, even before plan. (12)" classname="spec_perl_TestIndexSizes_t" time="0.04469895362854">
      <failure message="The test suite died before a plan was produced. You need to have a plan." type="Plan">No plan</failure>
    </testcase>
  </testsuite>
  <testsuite name="spec_perl_TestExprArray_t" errors="1" failures="0" skipped="0" tests="0" time="0.0409979820251465">
    <system-out></system-out>
    <testcase name="Test died too soon, even before plan. (13)" classname="spec_perl_TestExprArray_t" time="0.0409979820251465">
      <failure message="The test suite died before a plan was produced. You need to have a plan." type="Plan">No plan</failure>
    </testcase>
  </testsuite>
  <testsuite name="spec_perl_TestEnumIntRangeU_t" errors="1" failures="0" skipped="0" tests="0" time="0.0446288585662842">
    <system-out></system-out>
    <testcase name="Test died too soon, even before plan. (14)" classname="spec_perl_TestEnumIntRangeU_t" time="0.0446288585662842">
      <failure message="The test suite died before a plan was produced. You need to have a plan." type="Plan">No plan</failure>
    </testcase>
  </testsuite>
  <testsuite name="spec_perl_TestOpaqueExternalType_t" errors="1" failures="0" skipped="0" tests="0" time="0.047029972076416">
    <system-out></system-out>
    <testcase name="Test died too soon, even before plan. (15)" classname="spec_perl_TestOpaqueExternalType_t" time="0.047029972076416">
      <failure message="The test suite died before a plan was produced. You need to have a plan." type="Plan">No plan</failure>
    </testcase>
  </testsuite>
  <testsuite name="spec_perl_TestImports0_t" errors="1" failures="0" skipped="0" tests="0" time="0.0428059101104736">
    <system-out></system-out>
    <testcase name="Test died too soon, even before plan. (16)" classname="spec_perl_TestImports0_t" time="0.0428059101104736">
      <failure message="The test suite died before a plan was produced. You need to have a plan." type="Plan">No plan</failure>
    </testcase>
  </testsuite>
  <testsuite name="spec_perl_TestBitsSimple_t" errors="1" failures="0" skipped="0" tests="0" time="0.041862964630127">
    <system-out></system-out>
    <testcase name="Test died too soon, even before plan. (17)" classname="spec_perl_TestBitsSimple_t" time="0.041862964630127">
      <failure message="The test suite died before a plan was produced. You need to have a plan." type="Plan">No plan</failure>
    </testcase>
  </testsuite>
  <testsuite name="spec_perl_TestEnumIf_t" errors="1" failures="0" skipped="0" tests="0" time="0.0503871440887451">
    <system-out></system-out>
    <testcase name="Test died too soon, even before plan. (18)" classname="spec_perl_TestEnumIf_t" time="0.0503871440887451">
      <failure message="The test suite died before a plan was produced. You need to have a plan." type="Plan">No plan</failure>
    </testcase>
  </testsuite>
  <testsuite name="spec_perl_TestIfInstances_t" errors="1" failures="0" skipped="0" tests="0" time="0.0414369106292725">
    <system-out></system-out>
    <testcase name="Test died too soon, even before plan. (19)" classname="spec_perl_TestIfInstances_t" time="0.0414369106292725">
      <failure message="The test suite died before a plan was produced. You need to have a plan." type="Plan">No plan</failure>
    </testcase>
  </testsuite>
  <testsuite name="spec_perl_TestSwitchCast_t" errors="1" failures="0" skipped="0" tests="0" time="0.0436038970947266">
    <system-out></system-out>
    <testcase name="Test died too soon, even before plan. (20)" classname="spec_perl_TestSwitchCast_t" time="0.0436038970947266">
      <failure message="The test suite died before a plan was produced. You need to have a plan." type="Plan">No plan</failure>
    </testcase>
  </testsuite>
  <testsuite name="spec_perl_TestProcessRotate_t" errors="1" failures="0" skipped="0" tests="0" time="0.0437009334564209">
    <system-out></system-out>
    <testcase name="Test died too soon, even before plan. (21)" classname="spec_perl_TestProcessRotate_t" time="0.0437009334564209">
      <failure message="The test suite died before a plan was produced. You need to have a plan." type="Plan">No plan</failure>
    </testcase>
  </testsuite>
  <testsuite name="spec_perl_TestInstanceIoUser_t" errors="1" failures="0" skipped="0" tests="0" time="0.0435299873352051">
    <system-out></system-out>
    <testcase name="Test died too soon, even before plan. (22)" classname="spec_perl_TestInstanceIoUser_t" time="0.0435299873352051">
      <failure message="The test suite died before a plan was produced. You need to have a plan." type="Plan">No plan</failure>
    </testcase>
  </testsuite>
  <testsuite name="spec_perl_TestSwitchRepeatExpr_t" errors="1" failures="0" skipped="0" tests="0" time="0.0438101291656494">
    <system-out></system-out>
    <testcase name="Test died too soon, even before plan. (23)" classname="spec_perl_TestSwitchRepeatExpr_t" time="0.0438101291656494">
      <failure message="The test suite died before a plan was produced. You need to have a plan." type="Plan">No plan</failure>
    </testcase>
  </testsuite>
  <testsuite name="spec_perl_TestParamsCallExtraParens_t" errors="1" failures="0" skipped="0" tests="0" time="0.046860933303833">
    <system-out></system-out>
    <testcase name="Test died too soon, even before plan. (24)" classname="spec_perl_TestParamsCallExtraParens_t" time="0.046860933303833">
      <failure message="The test suite died before a plan was produced. You need to have a plan." type="Plan">No plan</failure>
    </testcase>
  </testsuite>
  <testsuite name="spec_perl_TestRepeatUntilComplex_t" errors="1" failures="0" skipped="0" tests="0" time="0.0471038818359375">
    <system-out></system-out>
    <testcase name="Test died too soon, even before plan. (25)" classname="spec_perl_TestRepeatUntilComplex_t" time="0.0471038818359375">
      <failure message="The test suite died before a plan was produced. You need to have a plan." type="Plan">No plan</failure>
    </testcase>
  </testsuite>
  <testsuite name="spec_perl_TestSwitchManualEnumInvalidElse_t" errors="1" failures="0" skipped="0" tests="0" time="0.0470678806304932">
    <system-out></system-out>
    <testcase name="Test died too soon, even before plan. (26)" classname="spec_perl_TestSwitchManualEnumInvalidElse_t" time="0.0470678806304932">
      <failure message="The test suite died before a plan was produced. You need to have a plan." type="Plan">No plan</failure>
    </testcase>
  </testsuite>
  <testsuite name="spec_perl_TestEnumLongRangeS_t" errors="1" failures="0" skipped="0" tests="0" time="0.0455410480499268">
    <system-out></system-out>
    <testcase name="Test died too soon, even before plan. (27)" classname="spec_perl_TestEnumLongRangeS_t" time="0.0455410480499268">
      <failure message="The test suite died before a plan was produced. You need to have a plan." type="Plan">No plan</failure>
    </testcase>
  </testsuite>
  <testsuite name="spec_perl_TestExprSizeofType0_t" errors="1" failures="0" skipped="0" tests="0" time="0.0438759326934814">
    <system-out></system-out>
    <testcase name="Test died too soon, even before plan. (28)" classname="spec_perl_TestExprSizeofType0_t" time="0.0438759326934814">
      <failure message="The test suite died before a plan was produced. You need to have a plan." type="Plan">No plan</failure>
    </testcase>
  </testsuite>
  <testsuite name="spec_perl_TestMetaXref_t" errors="1" failures="0" skipped="0" tests="0" time="0.0503799915313721">
    <system-out></system-out>
    <testcase name="Test died too soon, even before plan. (29)" classname="spec_perl_TestMetaXref_t" time="0.0503799915313721">
      <failure message="The test suite died before a plan was produced. You need to have a plan." type="Plan">No plan</failure>
    </testcase>
  </testsuite>
  <testsuite name="spec_perl_TestEnumImport_t" errors="1" failures="0" skipped="0" tests="0" time="0.0473239421844482">
    <system-out></system-out>
    <testcase name="Test died too soon, even before plan. (30)" classname="spec_perl_TestEnumImport_t" time="0.0473239421844482">
      <failure message="The test suite died before a plan was produced. You need to have a plan." type="Plan">No plan</failure>
    </testcase>
  </testsuite>
  <testsuite name="spec_perl_TestYamlInts_t" errors="1" failures="0" skipped="0" tests="0" time="0.0461630821228027">
    <system-out></system-out>
    <testcase name="Test died too soon, even before plan. (31)" classname="spec_perl_TestYamlInts_t" time="0.0461630821228027">
      <failure message="The test suite died before a plan was produced. You need to have a plan." type="Plan">No plan</failure>
    </testcase>
  </testsuite>
  <testsuite name="spec_perl_TestEnumToIClassBorder1_t" errors="1" failures="0" skipped="0" tests="0" time="0.0435750484466553">
    <system-out></system-out>
    <testcase name="Test died too soon, even before plan. (32)" classname="spec_perl_TestEnumToIClassBorder1_t" time="0.0435750484466553">
      <failure message="The test suite died before a plan was produced. You need to have a plan." type="Plan">No plan</failure>
    </testcase>
  </testsuite>
  <testsuite name="spec_perl_TestSwitchManualInt_t" errors="1" failures="0" skipped="0" tests="0" time="0.0476539134979248">
    <system-out></system-out>
    <testcase name="Test died too soon, even before plan. (33)" classname="spec_perl_TestSwitchManualInt_t" time="0.0476539134979248">
      <failure message="The test suite died before a plan was produced. You need to have a plan." type="Plan">No plan</failure>
    </testcase>
  </testsuite>
  <testsuite name="spec_perl_TestDocstringsDocref_t" errors="1" failures="0" skipped="0" tests="0" time="0.0463659763336182">
    <system-out></system-out>
    <testcase name="Test died too soon, even before plan. (34)" classname="spec_perl_TestDocstringsDocref_t" time="0.0463659763336182">
      <failure message="The test suite died before a plan was produced. You need to have a plan." type="Plan">No plan</failure>
    </testcase>
  </testsuite>
  <testsuite name="spec_perl_TestExprEnum_t" errors="1" failures="0" skipped="0" tests="0" time="0.0432720184326172">
    <system-out></system-out>
    <testcase name="Test died too soon, even before plan. (35)" classname="spec_perl_TestExprEnum_t" time="0.0432720184326172">
      <failure message="The test suite died before a plan was produced. You need to have a plan." type="Plan">No plan</failure>
    </testcase>
  </testsuite>
  <testsuite name="spec_perl_TestExprSizeofValueSized_t" errors="1" failures="0" skipped="0" tests="0" time="0.0440890789031982">
    <system-out></system-out>
    <testcase name="Test died too soon, even before plan. (36)" classname="spec_perl_TestExprSizeofValueSized_t" time="0.0440890789031982">
      <failure message="The test suite died before a plan was produced. You need to have a plan." type="Plan">No plan</failure>
    </testcase>
  </testsuite>
  <testsuite name="spec_perl_TestExprStrOps_t" errors="1" failures="0" skipped="0" tests="0" time="0.0434820652008057">
    <system-out></system-out>
    <testcase name="Test died too soon, even before plan. (37)" classname="spec_perl_TestExprStrOps_t" time="0.0434820652008057">
      <failure message="The test suite died before a plan was produced. You need to have a plan." type="Plan">No plan</failure>
    </testcase>
  </testsuite>
  <testsuite name="spec_perl_TestIoLocalVar_t" errors="1" failures="0" skipped="0" tests="0" time="0.0507738590240479">
    <system-out></system-out>
    <testcase name="Test died too soon, even before plan. (38)" classname="spec_perl_TestIoLocalVar_t" time="0.0507738590240479">
      <failure message="The test suite died before a plan was produced. You need to have a plan." type="Plan">No plan</failure>
    </testcase>
  </testsuite>
  <testsuite name="spec_perl_TestEosExceptionBytes_t" errors="1" failures="0" skipped="0" tests="0" time="0.0422389507293701">
    <system-out></system-out>
    <testcase name="Test died too soon, even before plan. (39)" classname="spec_perl_TestEosExceptionBytes_t" time="0.0422389507293701">
      <failure message="The test suite died before a plan was produced. You need to have a plan." type="Plan">No plan</failure>
    </testcase>
  </testsuite>
  <testsuite name="spec_perl_TestInstanceStdArray_t" errors="1" failures="0" skipped="0" tests="0" time="0.0425040721893311">
    <system-out></system-out>
    <testcase name="Test died too soon, even before plan. (40)" classname="spec_perl_TestInstanceStdArray_t" time="0.0425040721893311">
      <failure message="The test suite died before a plan was produced. You need to have a plan." type="Plan">No plan</failure>
    </testcase>
  </testsuite>
  <testsuite name="spec_perl_TestIfValues_t" errors="1" failures="0" skipped="0" tests="0" time="0.042316198348999">
    <system-out></system-out>
    <testcase name="Test died too soon, even before plan. (41)" classname="spec_perl_TestIfValues_t" time="0.042316198348999">
      <failure message="The test suite died before a plan was produced. You need to have a plan." type="Plan">No plan</failure>
    </testcase>
  </testsuite>
  <testsuite name="spec_perl_TestSwitchManualEnum_t" errors="1" failures="0" skipped="0" tests="0" time="0.0408740043640137">
    <system-out></system-out>
    <testcase name="Test died too soon, even before plan. (42)" classname="spec_perl_TestSwitchManualEnum_t" time="0.0408740043640137">
      <failure message="The test suite died before a plan was produced. You need to have a plan." type="Plan">No plan</failure>
    </testcase>
  </testsuite>
  <testsuite name="spec_perl_TestCastToImported_t" errors="1" failures="0" skipped="0" tests="0" time="0.0439891815185547">
    <system-out></system-out>
    <testcase name="Test died too soon, even before plan. (43)" classname="spec_perl_TestCastToImported_t" time="0.0439891815185547">
      <failure message="The test suite died before a plan was produced. You need to have a plan." type="Plan">No plan</failure>
    </testcase>
  </testsuite>
  <testsuite name="spec_perl_TestRepeatNStrzDouble_t" errors="1" failures="0" skipped="0" tests="0" time="0.0467579364776611">
    <system-out></system-out>
    <testcase name="Test died too soon, even before plan. (44)" classname="spec_perl_TestRepeatNStrzDouble_t" time="0.0467579364776611">
      <failure message="The test suite died before a plan was produced. You need to have a plan." type="Plan">No plan</failure>
    </testcase>
  </testsuite>
  <testsuite name="spec_perl_TestSwitchIntegers2_t" errors="1" failures="0" skipped="0" tests="0" time="0.0430278778076172">
    <system-out></system-out>
    <testcase name="Test died too soon, even before plan. (45)" classname="spec_perl_TestSwitchIntegers2_t" time="0.0430278778076172">
      <failure message="The test suite died before a plan was produced. You need to have a plan." type="Plan">No plan</failure>
    </testcase>
  </testsuite>
  <testsuite name="spec_perl_TestIfStruct_t" errors="1" failures="0" skipped="0" tests="0" time="0.0481600761413574">
    <system-out></system-out>
    <testcase name="Test died too soon, even before plan. (46)" classname="spec_perl_TestIfStruct_t" time="0.0481600761413574">
      <failure message="The test suite died before a plan was produced. You need to have a plan." type="Plan">No plan</failure>
    </testcase>
  </testsuite>
  <testsuite name="spec_perl_TestNestedSameName_t" errors="1" failures="0" skipped="0" tests="0" time="0.048367977142334">
    <system-out></system-out>
    <testcase name="Test died too soon, even before plan. (47)" classname="spec_perl_TestNestedSameName_t" time="0.048367977142334">
      <failure message="The test suite died before a plan was produced. You need to have a plan." type="Plan">No plan</failure>
    </testcase>
  </testsuite>
  <testsuite name="spec_perl_TestTsPacketHeader_t" errors="1" failures="0" skipped="0" tests="0" time="0.0430748462677002">
    <system-out></system-out>
    <testcase name="Test died too soon, even before plan. (48)" classname="spec_perl_TestTsPacketHeader_t" time="0.0430748462677002">
      <failure message="The test suite died before a plan was produced. You need to have a plan." type="Plan">No plan</failure>
    </testcase>
  </testsuite>
  <testsuite name="spec_perl_TestParamsEnum_t" errors="1" failures="0" skipped="0" tests="0" time="0.0423738956451416">
    <system-out></system-out>
    <testcase name="Test died too soon, even before plan. (49)" classname="spec_perl_TestParamsEnum_t" time="0.0423738956451416">
      <failure message="The test suite died before a plan was produced. You need to have a plan." type="Plan">No plan</failure>
    </testcase>
  </testsuite>
  <testsuite name="spec_perl_TestSwitchManualIntSizeElse_t" errors="1" failures="0" skipped="0" tests="0" time="0.0437910556793213">
    <system-out></system-out>
    <testcase name="Test died too soon, even before plan. (50)" classname="spec_perl_TestSwitchManualIntSizeElse_t" time="0.0437910556793213">
      <failure message="The test suite died before a plan was produced. You need to have a plan." type="Plan">No plan</failure>
    </testcase>
  </testsuite>
  <testsuite name="spec_perl_TestTypeIntUnaryOp_t" errors="1" failures="0" skipped="0" tests="0" time="0.0440540313720703">
    <system-out></system-out>
    <testcase name="Test died too soon, even before plan. (51)" classname="spec_perl_TestTypeIntUnaryOp_t" time="0.0440540313720703">
      <failure message="The test suite died before a plan was produced. You need to have a plan." type="Plan">No plan</failure>
    </testcase>
  </testsuite>
  <testsuite name="spec_perl_TestRepeatUntilSized_t" errors="1" failures="0" skipped="0" tests="0" time="0.0447151660919189">
    <system-out></system-out>
    <testcase name="Test died too soon, even before plan. (52)" classname="spec_perl_TestRepeatUntilSized_t" time="0.0447151660919189">
      <failure message="The test suite died before a plan was produced. You need to have a plan." type="Plan">No plan</failure>
    </testcase>
  </testsuite>
  <testsuite name="spec_perl_TestProcessCoerceUsertype2_t" errors="1" failures="0" skipped="0" tests="0" time="0.04547119140625">
    <system-out></system-out>
    <testcase name="Test died too soon, even before plan. (53)" classname="spec_perl_TestProcessCoerceUsertype2_t" time="0.04547119140625">
      <failure message="The test suite died before a plan was produced. You need to have a plan." type="Plan">No plan</failure>
    </testcase>
  </testsuite>
  <testsuite name="spec_perl_TestOptionalId_t" errors="1" failures="0" skipped="0" tests="0" time="0.0464010238647461">
    <system-out></system-out>
    <testcase name="Test died too soon, even before plan. (54)" classname="spec_perl_TestOptionalId_t" time="0.0464010238647461">
      <failure message="The test suite died before a plan was produced. You need to have a plan." type="Plan">No plan</failure>
    </testcase>
  </testsuite>
  <testsuite name="spec_perl_TestInstanceStd_t" errors="1" failures="0" skipped="0" tests="0" time="0.0426859855651855">
    <system-out></system-out>
    <testcase name="Test died too soon, even before plan. (55)" classname="spec_perl_TestInstanceStd_t" time="0.0426859855651855">
      <failure message="The test suite died before a plan was produced. You need to have a plan." type="Plan">No plan</failure>
    </testcase>
  </testsuite>
  <testsuite name="spec_perl_TestExpr1_t" errors="1" failures="0" skipped="0" tests="0" time="0.0437140464782715">
    <system-out></system-out>
    <testcase name="Test died too soon, even before plan. (56)" classname="spec_perl_TestExpr1_t" time="0.0437140464782715">
      <failure message="The test suite died before a plan was produced. You need to have a plan." type="Plan">No plan</failure>
    </testcase>
  </testsuite>
  <testsuite name="spec_perl_TestProcessXor4Value_t" errors="1" failures="0" skipped="0" tests="0" time="0.0492711067199707">
    <system-out></system-out>
    <testcase name="Test died too soon, even before plan. (57)" classname="spec_perl_TestProcessXor4Value_t" time="0.0492711067199707">
      <failure message="The test suite died before a plan was produced. You need to have a plan." type="Plan">No plan</failure>
    </testcase>
  </testsuite>
  <testsuite name="spec_perl_TestValidNotParsedIf_t" errors="1" failures="0" skipped="0" tests="0" time="0.0513060092926025">
    <system-out></system-out>
    <testcase name="Test died too soon, even before plan. (58)" classname="spec_perl_TestValidNotParsedIf_t" time="0.0513060092926025">
      <failure message="The test suite died before a plan was produced. You need to have a plan." type="Plan">No plan</failure>
    </testcase>
  </testsuite>
  <testsuite name="spec_perl_TestNestedSameName2_t" errors="1" failures="0" skipped="0" tests="0" time="0.0463440418243408">
    <system-out></system-out>
    <testcase name="Test died too soon, even before plan. (59)" classname="spec_perl_TestNestedSameName2_t" time="0.0463440418243408">
      <failure message="The test suite died before a plan was produced. You need to have a plan." type="Plan">No plan</failure>
    </testcase>
  </testsuite>
  <testsuite name="spec_perl_TestNavParentSwitchCast_t" errors="1" failures="0" skipped="0" tests="0" time="0.0482320785522461">
    <system-out></system-out>
    <testcase name="Test died too soon, even before plan. (60)" classname="spec_perl_TestNavParentSwitchCast_t" time="0.0482320785522461">
      <failure message="The test suite died before a plan was produced. You need to have a plan." type="Plan">No plan</failure>
    </testcase>
  </testsuite>
  <testsuite name="spec_perl_TestProcessCustom_t" errors="1" failures="0" skipped="0" tests="0" time="0.0467519760131836">
    <system-out></system-out>
    <testcase name="Test died too soon, even before plan. (61)" classname="spec_perl_TestProcessCustom_t" time="0.0467519760131836">
      <failure message="The test suite died before a plan was produced. You need to have a plan." type="Plan">No plan</failure>
    </testcase>
  </testsuite>
  <testsuite name="spec_perl_TestIndexToParamEos_t" errors="1" failures="0" skipped="0" tests="0" time="0.0466499328613281">
    <system-out></system-out>
    <testcase name="Test died too soon, even before plan. (62)" classname="spec_perl_TestIndexToParamEos_t" time="0.0466499328613281">
      <failure message="The test suite died before a plan was produced. You need to have a plan." type="Plan">No plan</failure>
    </testcase>
  </testsuite>
  <testsuite name="spec_perl_TestDefaultEndianExprIsBe_t" errors="1" failures="0" skipped="0" tests="0" time="0.0517590045928955">
    <system-out></system-out>
    <testcase name="Test died too soon, even before plan. (63)" classname="spec_perl_TestDefaultEndianExprIsBe_t" time="0.0517590045928955">
      <failure message="The test suite died before a plan was produced. You need to have a plan." type="Plan">No plan</failure>
    </testcase>
  </testsuite>
  <testsuite name="spec_perl_TestIndexToParamUntil_t" errors="1" failures="0" skipped="0" tests="0" time="0.0437250137329102">
    <system-out></system-out>
    <testcase name="Test died too soon, even before plan. (64)" classname="spec_perl_TestIndexToParamUntil_t" time="0.0437250137329102">
      <failure message="The test suite died before a plan was produced. You need to have a plan." type="Plan">No plan</failure>
    </testcase>
  </testsuite>
  <testsuite name="spec_perl_TestSwitchMultiBoolOps_t" errors="1" failures="0" skipped="0" tests="0" time="0.0443251132965088">
    <system-out></system-out>
    <testcase name="Test died too soon, even before plan. (65)" classname="spec_perl_TestSwitchMultiBoolOps_t" time="0.0443251132965088">
      <failure message="The test suite died before a plan was produced. You need to have a plan." type="Plan">No plan</failure>
    </testcase>
  </testsuite>
  <testsuite name="spec_perl_TestEofExceptionU4_t" errors="1" failures="0" skipped="0" tests="0" time="0.0415439605712891">
    <system-out></system-out>
    <testcase name="Test died too soon, even before plan. (66)" classname="spec_perl_TestEofExceptionU4_t" time="0.0415439605712891">
      <failure message="The test suite died before a plan was produced. You need to have a plan." type="Plan">No plan</failure>
    </testcase>
  </testsuite>
  <testsuite name="spec_perl_TestSwitchIntegers_t" errors="1" failures="0" skipped="0" tests="0" time="0.0422639846801758">
    <system-out></system-out>
    <testcase name="Test died too soon, even before plan. (67)" classname="spec_perl_TestSwitchIntegers_t" time="0.0422639846801758">
      <failure message="The test suite died before a plan was produced. You need to have a plan." type="Plan">No plan</failure>
    </testcase>
  </testsuite>
  <testsuite name="spec_perl_TestSwitchManualIntSize_t" errors="1" failures="0" skipped="0" tests="0" time="0.0441861152648926">
    <system-out></system-out>
    <testcase name="Test died too soon, even before plan. (68)" classname="spec_perl_TestSwitchManualIntSize_t" time="0.0441861152648926">
      <failure message="The test suite died before a plan was produced. You need to have a plan." type="Plan">No plan</failure>
    </testcase>
  </testsuite>
  <testsuite name="spec_perl_TestProcessXorConst_t" errors="1" failures="0" skipped="0" tests="0" time="0.0436110496520996">
    <system-out></system-out>
    <testcase name="Test died too soon, even before plan. (69)" classname="spec_perl_TestProcessXorConst_t" time="0.0436110496520996">
      <failure message="The test suite died before a plan was produced. You need to have a plan." type="Plan">No plan</failure>
    </testcase>
  </testsuite>
  <testsuite name="spec_perl_TestOpaqueExternalType02Parent_t" errors="1" failures="0" skipped="0" tests="0" time="0.0467820167541504">
    <system-out></system-out>
    <testcase name="Test died too soon, even before plan. (70)" classname="spec_perl_TestOpaqueExternalType02Parent_t" time="0.0467820167541504">
      <failure message="The test suite died before a plan was produced. You need to have a plan." type="Plan">No plan</failure>
    </testcase>
  </testsuite>
  <testsuite name="spec_perl_TestBcdUserTypeLe_t" errors="1" failures="0" skipped="0" tests="0" time="0.0440349578857422">
    <system-out></system-out>
    <testcase name="Test died too soon, even before plan. (71)" classname="spec_perl_TestBcdUserTypeLe_t" time="0.0440349578857422">
      <failure message="The test suite died before a plan was produced. You need to have a plan." type="Plan">No plan</failure>
    </testcase>
  </testsuite>
  <testsuite name="spec_perl_TestProcessRepeatUsertype_t" errors="1" failures="0" skipped="0" tests="0" time="0.0473511219024658">
    <system-out></system-out>
    <testcase name="Test died too soon, even before plan. (72)" classname="spec_perl_TestProcessRepeatUsertype_t" time="0.0473511219024658">
      <failure message="The test suite died before a plan was produced. You need to have a plan." type="Plan">No plan</failure>
    </testcase>
  </testsuite>
  <testsuite name="spec_perl_TestNestedTypes2_t" errors="1" failures="0" skipped="0" tests="0" time="0.0477221012115479">
    <system-out></system-out>
    <testcase name="Test died too soon, even before plan. (73)" classname="spec_perl_TestNestedTypes2_t" time="0.0477221012115479">
      <failure message="The test suite died before a plan was produced. You need to have a plan." type="Plan">No plan</failure>
    </testcase>
  </testsuite>
  <testsuite name="spec_perl_TestNavParent3_t" errors="1" failures="0" skipped="0" tests="0" time="0.045788049697876">
    <system-out></system-out>
    <testcase name="Test died too soon, even before plan. (74)" classname="spec_perl_TestNavParent3_t" time="0.045788049697876">
      <failure message="The test suite died before a plan was produced. You need to have a plan." type="Plan">No plan</failure>
    </testcase>
  </testsuite>
  <testsuite name="spec_perl_TestValidShort_t" errors="1" failures="0" skipped="0" tests="0" time="0.0422899723052979">
    <system-out></system-out>
    <testcase name="Test died too soon, even before plan. (75)" classname="spec_perl_TestValidShort_t" time="0.0422899723052979">
      <failure message="The test suite died before a plan was produced. You need to have a plan." type="Plan">No plan</failure>
    </testcase>
  </testsuite>
  <testsuite name="spec_perl_TestExprCalcArrayOps_t" errors="1" failures="0" skipped="0" tests="0" time="0.0434489250183105">
    <system-out></system-out>
    <testcase name="Test died too soon, even before plan. (76)" classname="spec_perl_TestExprCalcArrayOps_t" time="0.0434489250183105">
      <failure message="The test suite died before a plan was produced. You need to have a plan." type="Plan">No plan</failure>
    </testcase>
  </testsuite>
  <testsuite name="spec_perl_TestTypeTernary_t" errors="1" failures="0" skipped="0" tests="0" time="0.0453739166259766">
    <system-out></system-out>
    <testcase name="Test died too soon, even before plan. (77)" classname="spec_perl_TestTypeTernary_t" time="0.0453739166259766">
      <failure message="The test suite died before a plan was produced. You need to have a plan." type="Plan">No plan</failure>
    </testcase>
  </testsuite>
  <testsuite name="spec_perl_TestCastToTop_t" errors="1" failures="0" skipped="0" tests="0" time="0.0435140132904053">
    <system-out></system-out>
    <testcase name="Test died too soon, even before plan. (78)" classname="spec_perl_TestCastToTop_t" time="0.0435140132904053">
      <failure message="The test suite died before a plan was produced. You need to have a plan." type="Plan">No plan</failure>
    </testcase>
  </testsuite>
  <testsuite name="spec_perl_TestJsSignedRightShift_t" errors="1" failures="0" skipped="0" tests="0" time="0.0437641143798828">
    <system-out></system-out>
    <testcase name="Test died too soon, even before plan. (79)" classname="spec_perl_TestJsSignedRightShift_t" time="0.0437641143798828">
      <failure message="The test suite died before a plan was produced. You need to have a plan." type="Plan">No plan</failure>
    </testcase>
  </testsuite>
  <testsuite name="spec_perl_TestDefaultEndianMod_t" errors="1" failures="0" skipped="0" tests="0" time="0.0479621887207031">
    <system-out></system-out>
    <testcase name="Test died too soon, even before plan. (80)" classname="spec_perl_TestDefaultEndianMod_t" time="0.0479621887207031">
      <failure message="The test suite died before a plan was produced. You need to have a plan." type="Plan">No plan</failure>
    </testcase>
  </testsuite>
  <testsuite name="spec_perl_TestNavParent_t" errors="1" failures="0" skipped="0" tests="0" time="0.044173002243042">
    <system-out></system-out>
    <testcase name="Test died too soon, even before plan. (81)" classname="spec_perl_TestNavParent_t" time="0.044173002243042">
      <failure message="The test suite died before a plan was produced. You need to have a plan." type="Plan">No plan</failure>
    </testcase>
  </testsuite>
  <testsuite name="spec_perl_TestPositionAbs_t" errors="1" failures="0" skipped="0" tests="0" time="0.0496799945831299">
    <system-out></system-out>
    <testcase name="Test died too soon, even before plan. (82)" classname="spec_perl_TestPositionAbs_t" time="0.0496799945831299">
      <failure message="The test suite died before a plan was produced. You need to have a plan." type="Plan">No plan</failure>
    </testcase>
  </testsuite>
  <testsuite name="spec_perl_TestExprBytesOps_t" errors="1" failures="0" skipped="0" tests="0" time="0.0455758571624756">
    <system-out></system-out>
    <testcase name="Test died too soon, even before plan. (83)" classname="spec_perl_TestExprBytesOps_t" time="0.0455758571624756">
      <failure message="The test suite died before a plan was produced. You need to have a plan." type="Plan">No plan</failure>
    </testcase>
  </testsuite>
  <testsuite name="spec_perl_TestSwitchManualIntSizeEos_t" errors="1" failures="0" skipped="0" tests="0" time="0.0441169738769531">
    <system-out></system-out>
    <testcase name="Test died too soon, even before plan. (84)" classname="spec_perl_TestSwitchManualIntSizeEos_t" time="0.0441169738769531">
      <failure message="The test suite died before a plan was produced. You need to have a plan." type="Plan">No plan</failure>
    </testcase>
  </testsuite>
  <testsuite name="spec_perl_TestStrPadTermEmpty_t" errors="1" failures="0" skipped="0" tests="0" time="0.0443079471588135">
    <system-out></system-out>
    <testcase name="Test died too soon, even before plan. (85)" classname="spec_perl_TestStrPadTermEmpty_t" time="0.0443079471588135">
      <failure message="The test suite died before a plan was produced. You need to have a plan." type="Plan">No plan</failure>
    </testcase>
  </testsuite>
  <testsuite name="spec_perl_TestProcessToUser_t" errors="1" failures="0" skipped="0" tests="0" time="0.0446481704711914">
    <system-out></system-out>
    <testcase name="Test died too soon, even before plan. (86)" classname="spec_perl_TestProcessToUser_t" time="0.0446481704711914">
      <failure message="The test suite died before a plan was produced. You need to have a plan." type="Plan">No plan</failure>
    </testcase>
  </testsuite>
  <testsuite name="spec_perl_TestZlibWithHeader78_t" errors="1" failures="0" skipped="0" tests="0" time="0.0435819625854492">
    <system-out></system-out>
    <testcase name="Test died too soon, even before plan. (87)" classname="spec_perl_TestZlibWithHeader78_t" time="0.0435819625854492">
      <failure message="The test suite died before a plan was produced. You need to have a plan." type="Plan">No plan</failure>
    </testcase>
  </testsuite>
  <testsuite name="spec_perl_TestMetaTags_t" errors="1" failures="0" skipped="0" tests="0" time="0.0430059432983398">
    <system-out></system-out>
    <testcase name="Test died too soon, even before plan. (88)" classname="spec_perl_TestMetaTags_t" time="0.0430059432983398">
      <failure message="The test suite died before a plan was produced. You need to have a plan." type="Plan">No plan</failure>
    </testcase>
  </testsuite>
  <testsuite name="spec_perl_TestRepeatEosBit_t" errors="1" failures="0" skipped="0" tests="0" time="0.0438408851623535">
    <system-out></system-out>
    <testcase name="Test died too soon, even before plan. (89)" classname="spec_perl_TestRepeatEosBit_t" time="0.0438408851623535">
      <failure message="The test suite died before a plan was produced. You need to have a plan." type="Plan">No plan</failure>
    </testcase>
  </testsuite>
  <testsuite name="spec_perl_TestProcessCoerceBytes_t" errors="1" failures="0" skipped="0" tests="0" time="0.0502939224243164">
    <system-out></system-out>
    <testcase name="Test died too soon, even before plan. (90)" classname="spec_perl_TestProcessCoerceBytes_t" time="0.0502939224243164">
      <failure message="The test suite died before a plan was produced. You need to have a plan." type="Plan">No plan</failure>
    </testcase>
  </testsuite>
  <testsuite name="spec_perl_TestDebugEnumName_t" errors="1" failures="0" skipped="0" tests="0" time="0.042165994644165">
    <system-out></system-out>
    <testcase name="Test died too soon, even before plan. (91)" classname="spec_perl_TestDebugEnumName_t" time="0.042165994644165">
      <failure message="The test suite died before a plan was produced. You need to have a plan." type="Plan">No plan</failure>
    </testcase>
  </testsuite>
  <testsuite name="spec_perl_TestImportsCircularA_t" errors="1" failures="0" skipped="0" tests="0" time="0.0442860126495361">
    <system-out></system-out>
    <testcase name="Test died too soon, even before plan. (92)" classname="spec_perl_TestImportsCircularA_t" time="0.0442860126495361">
      <failure message="The test suite died before a plan was produced. You need to have a plan." type="Plan">No plan</failure>
    </testcase>
  </testsuite>
  <testsuite name="spec_perl_TestIndexToParamExpr_t" errors="1" failures="0" skipped="0" tests="0" time="0.046680212020874">
    <system-out></system-out>
    <testcase name="Test died too soon, even before plan. (93)" classname="spec_perl_TestIndexToParamExpr_t" time="0.046680212020874">
      <failure message="The test suite died before a plan was produced. You need to have a plan." type="Plan">No plan</failure>
    </testcase>
  </testsuite>
  <testsuite name="spec_perl_TestProcessXor4Const_t" errors="1" failures="0" skipped="0" tests="0" time="0.0445849895477295">
    <system-out></system-out>
    <testcase name="Test died too soon, even before plan. (94)" classname="spec_perl_TestProcessXor4Const_t" time="0.0445849895477295">
      <failure message="The test suite died before a plan was produced. You need to have a plan." type="Plan">No plan</failure>
    </testcase>
  </testsuite>
  <testsuite name="spec_perl_TestDebugSwitchUser_t" errors="1" failures="0" skipped="0" tests="0" time="0.0404348373413086">
    <system-out></system-out>
    <testcase name="Test died too soon, even before plan. (95)" classname="spec_perl_TestDebugSwitchUser_t" time="0.0404348373413086">
      <failure message="The test suite died before a plan was produced. You need to have a plan." type="Plan">No plan</failure>
    </testcase>
  </testsuite>
  <testsuite name="spec_perl_TestParamsPassUsertype_t" errors="1" failures="0" skipped="0" tests="0" time="0.0506868362426758">
    <system-out></system-out>
    <testcase name="Test died too soon, even before plan. (96)" classname="spec_perl_TestParamsPassUsertype_t" time="0.0506868362426758">
      <failure message="The test suite died before a plan was produced. You need to have a plan." type="Plan">No plan</failure>
    </testcase>
  </testsuite>
  <testsuite name="spec_perl_TestBufferedStruct_t" errors="1" failures="0" skipped="0" tests="0" time="0.0512330532073975">
    <system-out></system-out>
    <testcase name="Test died too soon, even before plan. (97)" classname="spec_perl_TestBufferedStruct_t" time="0.0512330532073975">
      <failure message="The test suite died before a plan was produced. You need to have a plan." type="Plan">No plan</failure>
    </testcase>
  </testsuite>
  <testsuite name="spec_perl_TestBytesPadTerm_t" errors="1" failures="0" skipped="0" tests="0" time="0.0479898452758789">
    <system-out></system-out>
    <testcase name="Test died too soon, even before plan. (98)" classname="spec_perl_TestBytesPadTerm_t" time="0.0479898452758789">
      <failure message="The test suite died before a plan was produced. You need to have a plan." type="Plan">No plan</failure>
    </testcase>
  </testsuite>
  <testsuite name="spec_perl_TestValidLong_t" errors="1" failures="0" skipped="0" tests="0" time="0.0412640571594238">
    <system-out></system-out>
    <testcase name="Test died too soon, even before plan. (99)" classname="spec_perl_TestValidLong_t" time="0.0412640571594238">
      <failure message="The test suite died before a plan was produced. You need to have a plan." type="Plan">No plan</failure>
    </testcase>
  </testsuite>
  <testsuite name="spec_perl_TestStrEos_t" errors="1" failures="0" skipped="0" tests="0" time="0.0457160472869873">
    <system-out></system-out>
    <testcase name="Test died too soon, even before plan. (100)" classname="spec_perl_TestStrEos_t" time="0.0457160472869873">
      <failure message="The test suite died before a plan was produced. You need to have a plan." type="Plan">No plan</failure>
    </testcase>
  </testsuite>
  <testsuite name="spec_perl_TestTermBytes_t" errors="1" failures="0" skipped="0" tests="0" time="0.0447709560394287">
    <system-out></system-out>
    <testcase name="Test died too soon, even before plan. (101)" classname="spec_perl_TestTermBytes_t" time="0.0447709560394287">
      <failure message="The test suite died before a plan was produced. You need to have a plan." type="Plan">No plan</failure>
    </testcase>
  </testsuite>
  <testsuite name="spec_perl_TestEnumFancy_t" errors="1" failures="0" skipped="0" tests="0" time="0.0435090065002441">
    <system-out></system-out>
    <testcase name="Test died too soon, even before plan. (102)" classname="spec_perl_TestEnumFancy_t" time="0.0435090065002441">
      <failure message="The test suite died before a plan was produced. You need to have a plan." type="Plan">No plan</failure>
    </testcase>
  </testsuite>
  <testsuite name="spec_perl_TestDefaultBigEndian_t" errors="1" failures="0" skipped="0" tests="0" time="0.0518391132354736">
    <system-out></system-out>
    <testcase name="Test died too soon, even before plan. (103)" classname="spec_perl_TestDefaultBigEndian_t" time="0.0518391132354736">
      <failure message="The test suite died before a plan was produced. You need to have a plan." type="Plan">No plan</failure>
    </testcase>
  </testsuite>
  <testsuite name="spec_perl_TestBitsEnum_t" errors="1" failures="0" skipped="0" tests="0" time="0.0438961982727051">
    <system-out></system-out>
    <testcase name="Test died too soon, even before plan. (104)" classname="spec_perl_TestBitsEnum_t" time="0.0438961982727051">
      <failure message="The test suite died before a plan was produced. You need to have a plan." type="Plan">No plan</failure>
    </testcase>
  </testsuite>
  <testsuite name="spec_perl_TestNavParent2_t" errors="1" failures="0" skipped="0" tests="0" time="0.0436239242553711">
    <system-out></system-out>
    <testcase name="Test died too soon, even before plan. (105)" classname="spec_perl_TestNavParent2_t" time="0.0436239242553711">
      <failure message="The test suite died before a plan was produced. You need to have a plan." type="Plan">No plan</failure>
    </testcase>
  </testsuite>
  <testsuite name="spec_perl_TestRepeatNStrz_t" errors="1" failures="0" skipped="0" tests="0" time="0.0460782051086426">
    <system-out></system-out>
    <testcase name="Test died too soon, even before plan. (106)" classname="spec_perl_TestRepeatNStrz_t" time="0.0460782051086426">
      <failure message="The test suite died before a plan was produced. You need to have a plan." type="Plan">No plan</failure>
    </testcase>
  </testsuite>
  <testsuite name="spec_perl_TestProcessRepeatBytes_t" errors="1" failures="0" skipped="0" tests="0" time="0.0450160503387451">
    <system-out></system-out>
    <testcase name="Test died too soon, even before plan. (107)" classname="spec_perl_TestProcessRepeatBytes_t" time="0.0450160503387451">
      <failure message="The test suite died before a plan was produced. You need to have a plan." type="Plan">No plan</failure>
    </testcase>
  </testsuite>
  <testsuite name="spec_perl_TestSwitchManualEnumInvalid_t" errors="1" failures="0" skipped="0" tests="0" time="0.0516529083251953">
    <system-out></system-out>
    <testcase name="Test died too soon, even before plan. (108)" classname="spec_perl_TestSwitchManualEnumInvalid_t" time="0.0516529083251953">
      <failure message="The test suite died before a plan was produced. You need to have a plan." type="Plan">No plan</failure>
    </testcase>
  </testsuite>
  <testsuite name="spec_perl_TestEnumForUnknownId_t" errors="1" failures="0" skipped="0" tests="0" time="0.0417861938476562">
    <system-out></system-out>
    <testcase name="Test died too soon, even before plan. (109)" classname="spec_perl_TestEnumForUnknownId_t" time="0.0417861938476562">
      <failure message="The test suite died before a plan was produced. You need to have a plan." type="Plan">No plan</failure>
    </testcase>
  </testsuite>
  <testsuite name="spec_perl_TestBitsByteAligned_t" errors="1" failures="0" skipped="0" tests="0" time="0.0474629402160645">
    <system-out></system-out>
    <testcase name="Test died too soon, even before plan. (110)" classname="spec_perl_TestBitsByteAligned_t" time="0.0474629402160645">
      <failure message="The test suite died before a plan was produced. You need to have a plan." type="Plan">No plan</failure>
    </testcase>
  </testsuite>
  <testsuite name="spec_perl_TestNavRoot_t" errors="1" failures="0" skipped="0" tests="0" time="0.0523619651794434">
    <system-out></system-out>
    <testcase name="Test died too soon, even before plan. (111)" classname="spec_perl_TestNavRoot_t" time="0.0523619651794434">
      <failure message="The test suite died before a plan was produced. You need to have a plan." type="Plan">No plan</failure>
    </testcase>
  </testsuite>
  <testsuite name="spec_perl_TestMultipleUse_t" errors="1" failures="0" skipped="0" tests="0" time="0.04404616355896">
    <system-out></system-out>
    <testcase name="Test died too soon, even before plan. (112)" classname="spec_perl_TestMultipleUse_t" time="0.04404616355896">
      <failure message="The test suite died before a plan was produced. You need to have a plan." type="Plan">No plan</failure>
    </testcase>
  </testsuite>
  <testsuite name="spec_perl_TestNestedTypes3_t" errors="1" failures="0" skipped="0" tests="0" time="0.0501639842987061">
    <system-out></system-out>
    <testcase name="Test died too soon, even before plan. (113)" classname="spec_perl_TestNestedTypes3_t" time="0.0501639842987061">
      <failure message="The test suite died before a plan was produced. You need to have a plan." type="Plan">No plan</failure>
    </testcase>
  </testsuite>
  <testsuite name="spec_perl_TestBcdUserTypeBe_t" errors="1" failures="0" skipped="0" tests="0" time="0.0437769889831543">
    <system-out></system-out>
    <testcase name="Test died too soon, even before plan. (114)" classname="spec_perl_TestBcdUserTypeBe_t" time="0.0437769889831543">
      <failure message="The test suite died before a plan was produced. You need to have a plan." type="Plan">No plan</failure>
    </testcase>
  </testsuite>
  <testsuite name="spec_perl_TestExpr2_t" errors="1" failures="0" skipped="0" tests="0" time="0.0428800582885742">
    <system-out></system-out>
    <testcase name="Test died too soon, even before plan. (115)" classname="spec_perl_TestExpr2_t" time="0.0428800582885742">
      <failure message="The test suite died before a plan was produced. You need to have a plan." type="Plan">No plan</failure>
    </testcase>
  </testsuite>
  <testsuite name="spec_perl_TestRepeatUntilS4_t" errors="1" failures="0" skipped="0" tests="0" time="0.0466551780700684">
    <system-out></system-out>
    <testcase name="Test died too soon, even before plan. (116)" classname="spec_perl_TestRepeatUntilS4_t" time="0.0466551780700684">
      <failure message="The test suite died before a plan was produced. You need to have a plan." type="Plan">No plan</failure>
    </testcase>
  </testsuite>
  <testsuite name="spec_perl_TestDefaultEndianExprException_t" errors="1" failures="0" skipped="0" tests="0" time="0.0432710647583008">
    <system-out></system-out>
    <testcase name="Test died too soon, even before plan. (117)" classname="spec_perl_TestDefaultEndianExprException_t" time="0.0432710647583008">
      <failure message="The test suite died before a plan was produced. You need to have a plan." type="Plan">No plan</failure>
    </testcase>
  </testsuite>
  <testsuite name="spec_perl_TestNonStandard_t" errors="1" failures="0" skipped="0" tests="0" time="0.0469441413879395">
    <system-out></system-out>
    <testcase name="Test died too soon, even before plan. (118)" classname="spec_perl_TestNonStandard_t" time="0.0469441413879395">
      <failure message="The test suite died before a plan was produced. You need to have a plan." type="Plan">No plan</failure>
    </testcase>
  </testsuite>
  <testsuite name="spec_perl_TestEnumNegative_t" errors="1" failures="0" skipped="0" tests="0" time="0.0413920879364014">
    <system-out></system-out>
    <testcase name="Test died too soon, even before plan. (119)" classname="spec_perl_TestEnumNegative_t" time="0.0413920879364014">
      <failure message="The test suite died before a plan was produced. You need to have a plan." type="Plan">No plan</failure>
    </testcase>
  </testsuite>
  <testsuite name="spec_perl_TestNavParentFalse_t" errors="1" failures="0" skipped="0" tests="0" time="0.0466849803924561">
    <system-out></system-out>
    <testcase name="Test died too soon, even before plan. (120)" classname="spec_perl_TestNavParentFalse_t" time="0.0466849803924561">
      <failure message="The test suite died before a plan was produced. You need to have a plan." type="Plan">No plan</failure>
    </testcase>
  </testsuite>
  <testsuite name="spec_perl_TestExprSizeofType1_t" errors="1" failures="0" skipped="0" tests="0" time="0.0437228679656982">
    <system-out></system-out>
    <testcase name="Test died too soon, even before plan. (121)" classname="spec_perl_TestExprSizeofType1_t" time="0.0437228679656982">
      <failure message="The test suite died before a plan was produced. You need to have a plan." type="Plan">No plan</failure>
    </testcase>
  </testsuite>
  <testsuite name="spec_perl_TestFloatToI_t" errors="1" failures="0" skipped="0" tests="0" time="0.0446369647979736">
    <system-out></system-out>
    <testcase name="Test died too soon, even before plan. (122)" classname="spec_perl_TestFloatToI_t" time="0.0446369647979736">
      <failure message="The test suite died before a plan was produced. You need to have a plan." type="Plan">No plan</failure>
    </testcase>
  </testsuite>
  <testsuite name="spec_perl_TestEnumToI_t" errors="1" failures="0" skipped="0" tests="0" time="0.0479562282562256">
    <system-out></system-out>
    <testcase name="Test died too soon, even before plan. (123)" classname="spec_perl_TestEnumToI_t" time="0.0479562282562256">
      <failure message="The test suite died before a plan was produced. You need to have a plan." type="Plan">No plan</failure>
    </testcase>
  </testsuite>
  <testsuite name="spec_perl_TestNestedTypes_t" errors="1" failures="0" skipped="0" tests="0" time="0.0464918613433838">
    <system-out></system-out>
    <testcase name="Test died too soon, even before plan. (124)" classname="spec_perl_TestNestedTypes_t" time="0.0464918613433838">
      <failure message="The test suite died before a plan was produced. You need to have a plan." type="Plan">No plan</failure>
    </testcase>
  </testsuite>
  <testsuite name="spec_perl_TestExprMod_t" errors="1" failures="0" skipped="0" tests="0" time="0.0421350002288818">
    <system-out></system-out>
    <testcase name="Test died too soon, even before plan. (125)" classname="spec_perl_TestExprMod_t" time="0.0421350002288818">
      <failure message="The test suite died before a plan was produced. You need to have a plan." type="Plan">No plan</failure>
    </testcase>
  </testsuite>
  <testsuite name="spec_perl_TestFloatingPoints_t" errors="1" failures="0" skipped="0" tests="0" time="0.0468640327453613">
    <system-out></system-out>
    <testcase name="Test died too soon, even before plan. (126)" classname="spec_perl_TestFloatingPoints_t" time="0.0468640327453613">
      <failure message="The test suite died before a plan was produced. You need to have a plan." type="Plan">No plan</failure>
    </testcase>
  </testsuite>
  <testsuite name="spec_perl_TestHelloWorld_t" errors="1" failures="0" skipped="0" tests="0" time="0.0435080528259277">
    <system-out></system-out>
    <testcase name="Test died too soon, even before plan. (127)" classname="spec_perl_TestHelloWorld_t" time="0.0435080528259277">
      <failure message="The test suite died before a plan was produced. You need to have a plan." type="Plan">No plan</failure>
    </testcase>
  </testsuite>
  <testsuite name="spec_perl_TestStrCombine_t" errors="1" failures="0" skipped="0" tests="0" time="0.0469880104064941">
    <system-out></system-out>
    <testcase name="Test died too soon, even before plan. (128)" classname="spec_perl_TestStrCombine_t" time="0.0469880104064941">
      <failure message="The test suite died before a plan was produced. You need to have a plan." type="Plan">No plan</failure>
    </testcase>
  </testsuite>
  <testsuite name="spec_perl_TestDebug0_t" errors="1" failures="0" skipped="0" tests="0" time="0.0421910285949707">
    <system-out></system-out>
    <testcase name="Test died too soon, even before plan. (129)" classname="spec_perl_TestDebug0_t" time="0.0421910285949707">
      <failure message="The test suite died before a plan was produced. You need to have a plan." type="Plan">No plan</failure>
    </testcase>
  </testsuite>
  <testsuite name="spec_perl_TestExprIoEof_t" errors="1" failures="0" skipped="0" tests="0" time="0.0445029735565186">
    <system-out></system-out>
    <testcase name="Test died too soon, even before plan. (130)" classname="spec_perl_TestExprIoEof_t" time="0.0445029735565186">
      <failure message="The test suite died before a plan was produced. You need to have a plan." type="Plan">No plan</failure>
    </testcase>
  </testsuite>
  <testsuite name="spec_perl_TestExpr0_t" errors="1" failures="0" skipped="0" tests="0" time="0.0479531288146973">
    <system-out></system-out>
    <testcase name="Test died too soon, even before plan. (131)" classname="spec_perl_TestExpr0_t" time="0.0479531288146973">
      <failure message="The test suite died before a plan was produced. You need to have a plan." type="Plan">No plan</failure>
    </testcase>
  </testsuite>
  <testsuite name="spec_perl_TestCastNested_t" errors="1" failures="0" skipped="0" tests="0" time="0.042104959487915">
    <system-out></system-out>
    <testcase name="Test died too soon, even before plan. (132)" classname="spec_perl_TestCastNested_t" time="0.042104959487915">
      <failure message="The test suite died before a plan was produced. You need to have a plan." type="Plan">No plan</failure>
    </testcase>
  </testsuite>
  <testsuite name="spec_perl_TestExprBytesCmp_t" errors="1" failures="0" skipped="0" tests="0" time="0.0471091270446777">
    <system-out></system-out>
    <testcase name="Test died too soon, even before plan. (133)" classname="spec_perl_TestExprBytesCmp_t" time="0.0471091270446777">
      <failure message="The test suite died before a plan was produced. You need to have a plan." type="Plan">No plan</failure>
    </testcase>
  </testsuite>
  <testsuite name="spec_perl_TestSwitchManualStr_t" errors="1" failures="0" skipped="0" tests="0" time="0.0500099658966064">
    <system-out></system-out>
    <testcase name="Test died too soon, even before plan. (134)" classname="spec_perl_TestSwitchManualStr_t" time="0.0500099658966064">
      <failure message="The test suite died before a plan was produced. You need to have a plan." type="Plan">No plan</failure>
    </testcase>
  </testsuite>
  <testsuite name="spec_perl_TestSwitchManualIntElse_t" errors="1" failures="0" skipped="0" tests="0" time="0.0472900867462158">
    <system-out></system-out>
    <testcase name="Test died too soon, even before plan. (135)" classname="spec_perl_TestSwitchManualIntElse_t" time="0.0472900867462158">
      <failure message="The test suite died before a plan was produced. You need to have a plan." type="Plan">No plan</failure>
    </testcase>
  </testsuite>
  <testsuite name="spec_perl_TestRecursiveOne_t" errors="1" failures="0" skipped="0" tests="0" time="0.0455260276794434">
    <system-out></system-out>
    <testcase name="Test died too soon, even before plan. (136)" classname="spec_perl_TestRecursiveOne_t" time="0.0455260276794434">
      <failure message="The test suite died before a plan was produced. You need to have a plan." type="Plan">No plan</failure>
    </testcase>
  </testsuite>
  <testsuite name="spec_perl_TestSwitchManualStrElse_t" errors="1" failures="0" skipped="0" tests="0" time="0.0443558692932129">
    <system-out></system-out>
    <testcase name="Test died too soon, even before plan. (137)" classname="spec_perl_TestSwitchManualStrElse_t" time="0.0443558692932129">
      <failure message="The test suite died before a plan was produced. You need to have a plan." type="Plan">No plan</failure>
    </testcase>
  </testsuite>
  <testsuite name="spec_perl_TestInstanceUserArray_t" errors="1" failures="0" skipped="0" tests="0" time="0.0413072109222412">
    <system-out></system-out>
    <testcase name="Test died too soon, even before plan. (138)" classname="spec_perl_TestInstanceUserArray_t" time="0.0413072109222412">
      <failure message="The test suite died before a plan was produced. You need to have a plan." type="Plan">No plan</failure>
    </testcase>
  </testsuite>
  <testsuite name="spec_perl_TestRepeatEosStruct_t" errors="1" failures="0" skipped="0" tests="0" time="0.0440948009490967">
    <system-out></system-out>
    <testcase name="Test died too soon, even before plan. (139)" classname="spec_perl_TestRepeatEosStruct_t" time="0.0440948009490967">
      <failure message="The test suite died before a plan was produced. You need to have a plan." type="Plan">No plan</failure>
    </testcase>
  </testsuite>
  <testsuite name="spec_perl_TestUserType_t" errors="1" failures="0" skipped="0" tests="0" time="0.0437040328979492">
    <system-out></system-out>
    <testcase name="Test died too soon, even before plan. (140)" classname="spec_perl_TestUserType_t" time="0.0437040328979492">
      <failure message="The test suite died before a plan was produced. You need to have a plan." type="Plan">No plan</failure>
    </testcase>
  </testsuite>
  <testsuite name="spec_perl_TestDocstrings_t" errors="1" failures="0" skipped="0" tests="0" time="0.0507521629333496">
    <system-out></system-out>
    <testcase name="Test died too soon, even before plan. (141)" classname="spec_perl_TestDocstrings_t" time="0.0507521629333496">
      <failure message="The test suite died before a plan was produced. You need to have a plan." type="Plan">No plan</failure>
    </testcase>
  </testsuite>
  <testsuite name="spec_perl_TestDocstringsDocrefMulti_t" errors="1" failures="0" skipped="0" tests="0" time="0.0492701530456543">
    <system-out></system-out>
    <testcase name="Test died too soon, even before plan. (142)" classname="spec_perl_TestDocstringsDocrefMulti_t" time="0.0492701530456543">
      <failure message="The test suite died before a plan was produced. You need to have a plan." type="Plan">No plan</failure>
    </testcase>
  </testsuite>
  <testsuite name="spec_perl_TestExprIoPos_t" errors="1" failures="0" skipped="0" tests="0" time="0.0413000583648682">
    <system-out></system-out>
    <testcase name="Test died too soon, even before plan. (143)" classname="spec_perl_TestExprIoPos_t" time="0.0413000583648682">
      <failure message="The test suite died before a plan was produced. You need to have a plan." type="Plan">No plan</failure>
    </testcase>
  </testsuite>
  <testsuite name="spec_perl_TestStrEncodingsDefault_t" errors="1" failures="0" skipped="0" tests="0" time="0.044957160949707">
    <system-out></system-out>
    <testcase name="Test died too soon, even before plan. (144)" classname="spec_perl_TestStrEncodingsDefault_t" time="0.044957160949707">
      <failure message="The test suite died before a plan was produced. You need to have a plan." type="Plan">No plan</failure>
    </testcase>
  </testsuite>
  <testsuite name="spec_perl_TestNavParentSwitch_t" errors="1" failures="0" skipped="0" tests="0" time="0.0460751056671143">
    <system-out></system-out>
    <testcase name="Test died too soon, even before plan. (145)" classname="spec_perl_TestNavParentSwitch_t" time="0.0460751056671143">
      <failure message="The test suite died before a plan was produced. You need to have a plan." type="Plan">No plan</failure>
    </testcase>
  </testsuite>
  <testsuite name="spec_perl_TestIntegers_t" errors="1" failures="0" skipped="0" tests="0" time="0.0530469417572021">
    <system-out></system-out>
    <testcase name="Test died too soon, even before plan. (146)" classname="spec_perl_TestIntegers_t" time="0.0530469417572021">
      <failure message="The test suite died before a plan was produced. You need to have a plan." type="Plan">No plan</failure>
    </testcase>
  </testsuite>
  <testsuite name="spec_perl_TestValidSwitch_t" errors="1" failures="0" skipped="0" tests="0" time="0.0484089851379395">
    <system-out></system-out>
    <testcase name="Test died too soon, even before plan. (147)" classname="spec_perl_TestValidSwitch_t" time="0.0484089851379395">
      <failure message="The test suite died before a plan was produced. You need to have a plan." type="Plan">No plan</failure>
    </testcase>
  </testsuite>
  <testsuite name="spec_perl_TestParamsCallShort_t" errors="1" failures="0" skipped="0" tests="0" time="0.0472838878631592">
    <system-out></system-out>
    <testcase name="Test died too soon, even before plan. (148)" classname="spec_perl_TestParamsCallShort_t" time="0.0472838878631592">
      <failure message="The test suite died before a plan was produced. You need to have a plan." type="Plan">No plan</failure>
    </testcase>
  </testsuite>
  <testsuite name="spec_perl_TestEosExceptionU4_t" errors="1" failures="0" skipped="0" tests="0" time="0.045353889465332">
    <system-out></system-out>
    <testcase name="Test died too soon, even before plan. (149)" classname="spec_perl_TestEosExceptionU4_t" time="0.045353889465332">
      <failure message="The test suite died before a plan was produced. You need to have a plan." type="Plan">No plan</failure>
    </testcase>
  </testsuite>
  <testsuite name="spec_perl_TestEnumIntRangeS_t" errors="1" failures="0" skipped="0" tests="0" time="0.0439281463623047">
    <system-out></system-out>
    <testcase name="Test died too soon, even before plan. (150)" classname="spec_perl_TestEnumIntRangeS_t" time="0.0439281463623047">
      <failure message="The test suite died before a plan was produced. You need to have a plan." type="Plan">No plan</failure>
    </testcase>
  </testsuite>
  <testsuite name="spec_perl_TestImportsAbs_t" errors="1" failures="0" skipped="0" tests="0" time="0.0463790893554688">
    <system-out></system-out>
    <testcase name="Test died too soon, even before plan. (151)" classname="spec_perl_TestImportsAbs_t" time="0.0463790893554688">
      <failure message="The test suite died before a plan was produced. You need to have a plan." type="Plan">No plan</failure>
    </testcase>
  </testsuite>
  <testsuite name="spec_perl_TestStrLiterals_t" errors="1" failures="0" skipped="0" tests="0" time="0.0440449714660645">
    <system-out></system-out>
    <testcase name="Test died too soon, even before plan. (152)" classname="spec_perl_TestStrLiterals_t" time="0.0440449714660645">
      <failure message="The test suite died before a plan was produced. You need to have a plan." type="Plan">No plan</failure>
    </testcase>
  </testsuite>
  <testsuite name="spec_perl_TestEnumDeep_t" errors="1" failures="0" skipped="0" tests="0" time="0.043910026550293">
    <system-out></system-out>
    <testcase name="Test died too soon, even before plan. (153)" classname="spec_perl_TestEnumDeep_t" time="0.043910026550293">
      <failure message="The test suite died before a plan was produced. You need to have a plan." type="Plan">No plan</failure>
    </testcase>
  </testsuite>
  <testsuite name="spec_perl_TestDefaultEndianExprIsLe_t" errors="1" failures="0" skipped="0" tests="0" time="0.0495851039886475">
    <system-out></system-out>
    <testcase name="Test died too soon, even before plan. (154)" classname="spec_perl_TestDefaultEndianExprIsLe_t" time="0.0495851039886475">
      <failure message="The test suite died before a plan was produced. You need to have a plan." type="Plan">No plan</failure>
    </testcase>
  </testsuite>
  <testsuite name="spec_perl_TestTypeTernaryOpaque_t" errors="1" failures="0" skipped="0" tests="0" time="0.0433299541473389">
    <system-out></system-out>
    <testcase name="Test died too soon, even before plan. (155)" classname="spec_perl_TestTypeTernaryOpaque_t" time="0.0433299541473389">
      <failure message="The test suite died before a plan was produced. You need to have a plan." type="Plan">No plan</failure>
    </testcase>
  </testsuite>
  <testsuite name="spec_perl_TestExprSizeofValue0_t" errors="1" failures="0" skipped="0" tests="0" time="0.0441830158233643">
    <system-out></system-out>
    <testcase name="Test died too soon, even before plan. (156)" classname="spec_perl_TestExprSizeofValue0_t" time="0.0441830158233643">
      <failure message="The test suite died before a plan was produced. You need to have a plan." type="Plan">No plan</failure>
    </testcase>
  </testsuite>
  <testsuite name="spec_perl_TestProcessXorValue_t" errors="1" failures="0" skipped="0" tests="0" time="0.0446300506591797">
    <system-out></system-out>
    <testcase name="Test died too soon, even before plan. (157)" classname="spec_perl_TestProcessXorValue_t" time="0.0446300506591797">
      <failure message="The test suite died before a plan was produced. You need to have a plan." type="Plan">No plan</failure>
    </testcase>
  </testsuite>
  <testsuite name="spec_perl_TestRepeatEosU4_t" errors="1" failures="0" skipped="0" tests="0" time="0.0459961891174316">
    <system-out></system-out>
    <testcase name="Test died too soon, even before plan. (158)" classname="spec_perl_TestRepeatEosU4_t" time="0.0459961891174316">
      <failure message="The test suite died before a plan was produced. You need to have a plan." type="Plan">No plan</failure>
    </testcase>
  </testsuite>
  <testsuite name="spec_perl_TestSwitchBytearray_t" errors="1" failures="0" skipped="0" tests="0" time="0.044644832611084">
    <system-out></system-out>
    <testcase name="Test died too soon, even before plan. (159)" classname="spec_perl_TestSwitchBytearray_t" time="0.044644832611084">
      <failure message="The test suite died before a plan was produced. You need to have a plan." type="Plan">No plan</failure>
    </testcase>
  </testsuite>
  <testsuite name="spec_perl_TestEnumLongRangeU_t" errors="1" failures="0" skipped="0" tests="0" time="0.0461599826812744">
    <system-out></system-out>
    <testcase name="Test died too soon, even before plan. (160)" classname="spec_perl_TestEnumLongRangeU_t" time="0.0461599826812744">
      <failure message="The test suite died before a plan was produced. You need to have a plan." type="Plan">No plan</failure>
    </testcase>
  </testsuite>
  <testsuite name="spec_perl_TestStrPadTerm_t" errors="1" failures="0" skipped="0" tests="0" time="0.0464701652526855">
    <system-out></system-out>
    <testcase name="Test died too soon, even before plan. (161)" classname="spec_perl_TestStrPadTerm_t" time="0.0464701652526855">
      <failure message="The test suite died before a plan was produced. You need to have a plan." type="Plan">No plan</failure>
    </testcase>
  </testsuite>
  <testsuite name="spec_perl_TestEnum0_t" errors="1" failures="0" skipped="0" tests="0" time="0.0435249805450439">
    <system-out></system-out>
    <testcase name="Test died too soon, even before plan. (162)" classname="spec_perl_TestEnum0_t" time="0.0435249805450439">
      <failure message="The test suite died before a plan was produced. You need to have a plan." type="Plan">No plan</failure>
    </testcase>
  </testsuite>
  <testsuite name="spec_perl_TestRepeatNStruct_t" errors="1" failures="0" skipped="0" tests="0" time="0.0441629886627197">
    <system-out></system-out>
    <testcase name="Test died too soon, even before plan. (163)" classname="spec_perl_TestRepeatNStruct_t" time="0.0441629886627197">
      <failure message="The test suite died before a plan was produced. You need to have a plan." type="Plan">No plan</failure>
    </testcase>
  </testsuite>
  <testsuite name="spec_perl_TestProcessCoerceSwitch_t" errors="1" failures="0" skipped="0" tests="0" time="0.043428897857666">
    <system-out></system-out>
    <testcase name="Test died too soon, even before plan. (164)" classname="spec_perl_TestProcessCoerceSwitch_t" time="0.043428897857666">
      <failure message="The test suite died before a plan was produced. You need to have a plan." type="Plan">No plan</failure>
    </testcase>
  </testsuite>
  <testsuite name="spec_perl_TestFixedStruct_t" errors="1" failures="0" skipped="0" tests="0" time="0.0468959808349609">
    <system-out></system-out>
    <testcase name="Test died too soon, even before plan. (165)" classname="spec_perl_TestFixedStruct_t" time="0.0468959808349609">
      <failure message="The test suite died before a plan was produced. You need to have a plan." type="Plan">No plan</failure>
    </testcase>
  </testsuite>
  <testsuite name="spec_perl_TestNavParentVsValueInst_t" errors="1" failures="0" skipped="0" tests="0" time="0.0478219985961914">
    <system-out></system-out>
    <testcase name="Test died too soon, even before plan. (166)" classname="spec_perl_TestNavParentVsValueInst_t" time="0.0478219985961914">
      <failure message="The test suite died before a plan was produced. You need to have a plan." type="Plan">No plan</failure>
    </testcase>
  </testsuite>
  <testsuite name="spec_perl_TestEnumDeepLiterals_t" errors="1" failures="0" skipped="0" tests="0" time="0.0440821647644043">
    <system-out></system-out>
    <testcase name="Test died too soon, even before plan. (167)" classname="spec_perl_TestEnumDeepLiterals_t" time="0.0440821647644043">
      <failure message="The test suite died before a plan was produced. You need to have a plan." type="Plan">No plan</failure>
    </testcase>
  </testsuite>
  <testsuite name="spec_perl_TestFixedContents_t" errors="1" failures="0" skipped="0" tests="0" time="0.0511820316314697">
    <system-out></system-out>
    <testcase name="Test died too soon, even before plan. (168)" classname="spec_perl_TestFixedContents_t" time="0.0511820316314697">
      <failure message="The test suite died before a plan was produced. You need to have a plan." type="Plan">No plan</failure>
    </testcase>
  </testsuite>
  <testsuite name="spec_perl_TestStrLiterals2_t" errors="1" failures="0" skipped="0" tests="0" time="0.0471868515014648">
    <system-out></system-out>
    <testcase name="Test died too soon, even before plan. (169)" classname="spec_perl_TestStrLiterals2_t" time="0.0471868515014648">
      <failure message="The test suite died before a plan was produced. You need to have a plan." type="Plan">No plan</failure>
    </testcase>
  </testsuite>
  <testsuite name="spec_perl_TestExpr3_t" errors="1" failures="0" skipped="0" tests="0" time="0.0419521331787109">
    <system-out></system-out>
    <testcase name="Test died too soon, even before plan. (170)" classname="spec_perl_TestExpr3_t" time="0.0419521331787109">
      <failure message="The test suite died before a plan was produced. You need to have a plan." type="Plan">No plan</failure>
    </testcase>
  </testsuite>
</testsuites>
