<?xml version='1.0' encoding='utf-8'?>
<testsuites>
  <testsuite name="spec_perl_TestSwitchManualEnumInvalidElse_t" errors="0" failures="0" skipped="0" tests="5" time="0.0499939918518066">
    <system-out>1..5
ok 1 - Equals
ok 2 - Equals
ok 3 - Equals
ok 4 - Equals
ok 5 - Equals
</system-out>
    <testcase name="Equals" classname="spec_perl_TestSwitchManualEnumInvalidElse_t" time="0.000303030014038086" />
    <testcase name="Equals (2)" classname="spec_perl_TestSwitchManualEnumInvalidElse_t" time="9.39369201660156e-05" />
    <testcase name="Equals (3)" classname="spec_perl_TestSwitchManualEnumInvalidElse_t" time="6.103515625e-05" />
    <testcase name="Equals (4)" classname="spec_perl_TestSwitchManualEnumInvalidElse_t" time="0.000132083892822266" />
    <testcase name="Equals (5)" classname="spec_perl_TestSwitchManualEnumInvalidElse_t" time="0.000136852264404297" />
  </testsuite>
  <testsuite name="spec_perl_TestFloatToI_t" errors="0" failures="0" skipped="0" tests="8" time="0.0432400703430176">
    <system-out>1..8
ok 1 - Equals
ok 2 - Equals
ok 3 - Equals
ok 4 - Equals
ok 5 - Equals
ok 6 - Equals
ok 7 - Equals
ok 8 - Equals
</system-out>
    <testcase name="Equals (6)" classname="spec_perl_TestFloatToI_t" time="0.000190973281860352" />
    <testcase name="Equals (7)" classname="spec_perl_TestFloatToI_t" time="7.10487365722656e-05" />
    <testcase name="Equals (8)" classname="spec_perl_TestFloatToI_t" time="0.000186920166015625" />
    <testcase name="Equals (9)" classname="spec_perl_TestFloatToI_t" time="9.20295715332031e-05" />
    <testcase name="Equals (10)" classname="spec_perl_TestFloatToI_t" time="0.000174045562744141" />
    <testcase name="Equals (11)" classname="spec_perl_TestFloatToI_t" time="0.000142097473144531" />
    <testcase name="Equals (12)" classname="spec_perl_TestFloatToI_t" time="6.89029693603516e-05" />
    <testcase name="Equals (13)" classname="spec_perl_TestFloatToI_t" time="0.000154018402099609" />
  </testsuite>
  <testsuite name="spec_perl_TestProcessXor4Value_t" errors="0" failures="0" skipped="0" tests="2" time="0.0445239543914795">
    <system-out>1..2
ok 1 - Equals
ok 2 - Equals
</system-out>
    <testcase name="Equals (14)" classname="spec_perl_TestProcessXor4Value_t" time="0.000234842300415039" />
    <testcase name="Equals (15)" classname="spec_perl_TestProcessXor4Value_t" time="0.000138998031616211" />
  </testsuite>
  <testsuite name="spec_perl_TestFloatingPoints_t" errors="0" failures="0" skipped="0" tests="8" time="0.0436601638793945">
    <system-out>1..8
ok 1 - Approx equals
ok 2 - Approx equals
ok 3 - Approx equals
ok 4 - Approx equals
ok 5 - Approx equals
ok 6 - Approx equals
ok 7 - Approx equals
ok 8 - Approx equals
</system-out>
    <testcase name="Approx equals (15)" classname="spec_perl_TestFloatingPoints_t" time="0.000154018402099609" />
    <testcase name="Approx equals (16)" classname="spec_perl_TestFloatingPoints_t" time="5.29289245605469e-05" />
    <testcase name="Approx equals (17)" classname="spec_perl_TestFloatingPoints_t" time="5.88893890380859e-05" />
    <testcase name="Approx equals (18)" classname="spec_perl_TestFloatingPoints_t" time="4.10079956054688e-05" />
    <testcase name="Approx equals (19)" classname="spec_perl_TestFloatingPoints_t" time="4.1961669921875e-05" />
    <testcase name="Approx equals (20)" classname="spec_perl_TestFloatingPoints_t" time="4.00543212890625e-05" />
    <testcase name="Approx equals (21)" classname="spec_perl_TestFloatingPoints_t" time="5.29289245605469e-05" />
    <testcase name="Approx equals (22)" classname="spec_perl_TestFloatingPoints_t" time="3.91006469726562e-05" />
  </testsuite>
  <testsuite name="spec_perl_TestBitsSeqEndianCombo_t" errors="0" failures="0" skipped="0" tests="8" time="0.0441710948944092">
    <system-out>1..8
ok 1 - Equals
ok 2 - Equals
ok 3 - Equals
ok 4 - Equals
ok 5 - Equals
ok 6 - Equals
ok 7 - Equals
ok 8 - Equals
</system-out>
    <testcase name="Equals (22)" classname="spec_perl_TestBitsSeqEndianCombo_t" time="0.000268220901489258" />
    <testcase name="Equals (23)" classname="spec_perl_TestBitsSeqEndianCombo_t" time="7.79628753662109e-05" />
    <testcase name="Equals (24)" classname="spec_perl_TestBitsSeqEndianCombo_t" time="0.000123023986816406" />
    <testcase name="Equals (25)" classname="spec_perl_TestBitsSeqEndianCombo_t" time="0.000119924545288086" />
    <testcase name="Equals (26)" classname="spec_perl_TestBitsSeqEndianCombo_t" time="0.000133991241455078" />
    <testcase name="Equals (27)" classname="spec_perl_TestBitsSeqEndianCombo_t" time="0.000123977661132812" />
    <testcase name="Equals (28)" classname="spec_perl_TestBitsSeqEndianCombo_t" time="0.000160932540893555" />
    <testcase name="Equals (29)" classname="spec_perl_TestBitsSeqEndianCombo_t" time="0.000105142593383789" />
  </testsuite>
  <testsuite name="spec_perl_TestEosExceptionBytes_t" errors="0" failures="0" skipped="0" tests="1" time="0.0443367958068848">
    <system-out>1..1
ok 1 - Died
</system-out>
    <testcase name="Died (29)" classname="spec_perl_TestEosExceptionBytes_t" time="0.000421047210693359" />
  </testsuite>
  <testsuite name="spec_perl_TestExpr3_t" errors="0" failures="0" skipped="0" tests="12" time="0.0463650226593018">
    <system-out>1..12
ok 1 - Equals
ok 2 - Equals
ok 3 - Equals
ok 4 - Equals
ok 5 - Equals
ok 6 - Equals
ok 7 - Equals
ok 8 - Equals
ok 9 - Equals
ok 10 - Equals
ok 11 - Equals
ok 12 - Equals
</system-out>
    <testcase name="Equals (30)" classname="spec_perl_TestExpr3_t" time="0.000222206115722656" />
    <testcase name="Equals (31)" classname="spec_perl_TestExpr3_t" time="7.58171081542969e-05" />
    <testcase name="Equals (32)" classname="spec_perl_TestExpr3_t" time="0.000118017196655273" />
    <testcase name="Equals (33)" classname="spec_perl_TestExpr3_t" time="0.000131130218505859" />
    <testcase name="Equals (34)" classname="spec_perl_TestExpr3_t" time="0.000161886215209961" />
    <testcase name="Equals (35)" classname="spec_perl_TestExpr3_t" time="0.000112056732177734" />
    <testcase name="Equals (36)" classname="spec_perl_TestExpr3_t" time="0.000149011611938477" />
    <testcase name="Equals (37)" classname="spec_perl_TestExpr3_t" time="0.00010991096496582" />
    <testcase name="Equals (38)" classname="spec_perl_TestExpr3_t" time="0.000130176544189453" />
    <testcase name="Equals (39)" classname="spec_perl_TestExpr3_t" time="0.000121831893920898" />
    <testcase name="Equals (40)" classname="spec_perl_TestExpr3_t" time="0.000146150588989258" />
    <testcase name="Equals (41)" classname="spec_perl_TestExpr3_t" time="0.000123977661132812" />
  </testsuite>
  <testsuite name="spec_perl_TestDefaultEndianExprInherited_t" errors="0" failures="0" skipped="0" tests="15" time="0.0455121994018555">
    <system-out>1..15
ok 1 - Equals
ok 2 - Equals
ok 3 - Equals
ok 4 - Equals
ok 5 - Equals
ok 6 - Equals
ok 7 - Equals
ok 8 - Equals
ok 9 - Equals
ok 10 - Equals
ok 11 - Equals
ok 12 - Equals
ok 13 - Equals
ok 14 - Equals
ok 15 - Equals
</system-out>
    <testcase name="Equals (42)" classname="spec_perl_TestDefaultEndianExprInherited_t" time="0.000310182571411133" />
    <testcase name="Equals (43)" classname="spec_perl_TestDefaultEndianExprInherited_t" time="8.58306884765625e-05" />
    <testcase name="Equals (44)" classname="spec_perl_TestDefaultEndianExprInherited_t" time="5.69820404052734e-05" />
    <testcase name="Equals (45)" classname="spec_perl_TestDefaultEndianExprInherited_t" time="0.000164985656738281" />
    <testcase name="Equals (46)" classname="spec_perl_TestDefaultEndianExprInherited_t" time="0.000140190124511719" />
    <testcase name="Equals (47)" classname="spec_perl_TestDefaultEndianExprInherited_t" time="0.000144004821777344" />
    <testcase name="Equals (48)" classname="spec_perl_TestDefaultEndianExprInherited_t" time="0.00011897087097168" />
    <testcase name="Equals (49)" classname="spec_perl_TestDefaultEndianExprInherited_t" time="0.000150918960571289" />
    <testcase name="Equals (50)" classname="spec_perl_TestDefaultEndianExprInherited_t" time="0.000116109848022461" />
    <testcase name="Equals (51)" classname="spec_perl_TestDefaultEndianExprInherited_t" time="0.000155925750732422" />
    <testcase name="Equals (52)" classname="spec_perl_TestDefaultEndianExprInherited_t" time="0.000123977661132812" />
    <testcase name="Equals (53)" classname="spec_perl_TestDefaultEndianExprInherited_t" time="0.00011897087097168" />
    <testcase name="Equals (54)" classname="spec_perl_TestDefaultEndianExprInherited_t" time="0.000152111053466797" />
    <testcase name="Equals (55)" classname="spec_perl_TestDefaultEndianExprInherited_t" time="0.000119924545288086" />
    <testcase name="Equals (56)" classname="spec_perl_TestDefaultEndianExprInherited_t" time="0.000161886215209961" />
  </testsuite>
  <testsuite name="spec_perl_TestTsPacketHeader_t" errors="0" failures="0" skipped="0" tests="7" time="0.0426700115203857">
    <system-out>1..7
ok 1 - Equals
ok 2 - Equals
ok 3 - Equals
ok 4 - Equals
ok 5 - Equals
ok 6 - Equals
ok 7 - Equals
</system-out>
    <testcase name="Equals (57)" classname="spec_perl_TestTsPacketHeader_t" time="0.000246047973632812" />
    <testcase name="Equals (58)" classname="spec_perl_TestTsPacketHeader_t" time="8.29696655273438e-05" />
    <testcase name="Equals (59)" classname="spec_perl_TestTsPacketHeader_t" time="0.000112056732177734" />
    <testcase name="Equals (60)" classname="spec_perl_TestTsPacketHeader_t" time="0.000131845474243164" />
    <testcase name="Equals (61)" classname="spec_perl_TestTsPacketHeader_t" time="0.000138044357299805" />
    <testcase name="Equals (62)" classname="spec_perl_TestTsPacketHeader_t" time="0.000146150588989258" />
    <testcase name="Equals (63)" classname="spec_perl_TestTsPacketHeader_t" time="0.000160932540893555" />
  </testsuite>
  <testsuite name="spec_perl_TestPositionToEnd_t" errors="0" failures="0" skipped="0" tests="2" time="0.0447251796722412">
    <system-out>1..2
ok 1 - Equals
ok 2 - Equals
</system-out>
    <testcase name="Equals (64)" classname="spec_perl_TestPositionToEnd_t" time="0.000178098678588867" />
    <testcase name="Equals (65)" classname="spec_perl_TestPositionToEnd_t" time="6.89029693603516e-05" />
  </testsuite>
  <testsuite name="spec_perl_TestOpaqueExternalType02Parent_t" errors="0" failures="0" skipped="0" tests="3" time="0.0458500385284424">
    <system-out>1..3
ok 1 - Equals
ok 2 - Equals
ok 3 - Equals
</system-out>
    <testcase name="Equals (66)" classname="spec_perl_TestOpaqueExternalType02Parent_t" time="0.000295162200927734" />
    <testcase name="Equals (67)" classname="spec_perl_TestOpaqueExternalType02Parent_t" time="8.58306884765625e-05" />
    <testcase name="Equals (68)" classname="spec_perl_TestOpaqueExternalType02Parent_t" time="0.000110149383544922" />
  </testsuite>
  <testsuite name="spec_perl_TestSwitchMultiBoolOps_t" errors="0" failures="0" skipped="0" tests="9" time="0.0432331562042236">
    <system-out>1..9
ok 1 - Equals
ok 2 - Equals
ok 3 - Equals
ok 4 - Equals
ok 5 - Equals
ok 6 - Equals
ok 7 - Equals
ok 8 - Equals
ok 9 - Equals
</system-out>
    <testcase name="Equals (69)" classname="spec_perl_TestSwitchMultiBoolOps_t" time="0.000240087509155273" />
    <testcase name="Equals (70)" classname="spec_perl_TestSwitchMultiBoolOps_t" time="8.79764556884766e-05" />
    <testcase name="Equals (71)" classname="spec_perl_TestSwitchMultiBoolOps_t" time="0.00011897087097168" />
    <testcase name="Equals (72)" classname="spec_perl_TestSwitchMultiBoolOps_t" time="0.000133037567138672" />
    <testcase name="Equals (73)" classname="spec_perl_TestSwitchMultiBoolOps_t" time="0.000143051147460938" />
    <testcase name="Equals (74)" classname="spec_perl_TestSwitchMultiBoolOps_t" time="0.000137805938720703" />
    <testcase name="Equals (75)" classname="spec_perl_TestSwitchMultiBoolOps_t" time="0.000126123428344727" />
    <testcase name="Equals (76)" classname="spec_perl_TestSwitchMultiBoolOps_t" time="0.000123977661132812" />
    <testcase name="Equals (77)" classname="spec_perl_TestSwitchMultiBoolOps_t" time="0.000149965286254883" />
  </testsuite>
  <testsuite name="spec_perl_TestRepeatEosU4_t" errors="0" failures="0" skipped="0" tests="1" time="0.0424978733062744">
    <system-out>1..1
ok 1 - Equals
</system-out>
    <testcase name="Equals (78)" classname="spec_perl_TestRepeatEosU4_t" time="0.000269889831542969" />
  </testsuite>
  <testsuite name="spec_perl_TestCastToTop_t" errors="0" failures="0" skipped="0" tests="3" time="0.0429179668426514">
    <system-out>1..3
ok 1 - Equals
ok 2 - Equals
ok 3 - Equals
</system-out>
    <testcase name="Equals (79)" classname="spec_perl_TestCastToTop_t" time="0.000168085098266602" />
    <testcase name="Equals (80)" classname="spec_perl_TestCastToTop_t" time="0.000121831893920898" />
    <testcase name="Equals (81)" classname="spec_perl_TestCastToTop_t" time="0.000135183334350586" />
  </testsuite>
  <testsuite name="spec_perl_TestProcessCoerceBytes_t" errors="0" failures="0" skipped="0" tests="4" time="0.0455851554870605">
    <system-out>1..4
ok 1 - Equals
ok 2 - Equals
ok 3 - Equals
ok 4 - Equals
</system-out>
    <testcase name="Equals (82)" classname="spec_perl_TestProcessCoerceBytes_t" time="0.000299930572509766" />
    <testcase name="Equals (83)" classname="spec_perl_TestProcessCoerceBytes_t" time="8.29696655273438e-05" />
    <testcase name="Equals (84)" classname="spec_perl_TestProcessCoerceBytes_t" time="0.00011897087097168" />
    <testcase name="Equals (85)" classname="spec_perl_TestProcessCoerceBytes_t" time="0.000154972076416016" />
  </testsuite>
  <testsuite name="spec_perl_TestMultipleUse_t" errors="0" failures="0" skipped="0" tests="2" time="0.0420129299163818">
    <system-out>1..2
ok 1 - Equals
ok 2 - Equals
</system-out>
    <testcase name="Equals (86)" classname="spec_perl_TestMultipleUse_t" time="0.000277996063232422" />
    <testcase name="Equals (87)" classname="spec_perl_TestMultipleUse_t" time="8.08238983154297e-05" />
  </testsuite>
  <testsuite name="spec_perl_TestValidSwitch_t" errors="1" failures="0" skipped="0" tests="0" time="0.046004056930542">
    <system-out></system-out>
    <testcase name="Test died too soon, even before plan. (87)" classname="spec_perl_TestValidSwitch_t" time="0.046004056930542">
      <failure message="The test suite died before a plan was produced. You need to have a plan." type="Plan">No plan</failure>
    </testcase>
  </testsuite>
  <testsuite name="spec_perl_TestExprIfIntOps_t" errors="0" failures="0" skipped="0" tests="2" time="0.0425310134887695">
    <system-out>1..2
ok 1 - Equals
ok 2 - Equals
</system-out>
    <testcase name="Equals (88)" classname="spec_perl_TestExprIfIntOps_t" time="0.000227928161621094" />
    <testcase name="Equals (89)" classname="spec_perl_TestExprIfIntOps_t" time="8.20159912109375e-05" />
  </testsuite>
  <testsuite name="spec_perl_TestImportsAbsAbs_t" errors="0" failures="0" skipped="0" tests="3" time="0.0430150032043457">
    <system-out>1..3
ok 1 - Equals
ok 2 - Equals
ok 3 - Equals
</system-out>
    <testcase name="Equals (90)" classname="spec_perl_TestImportsAbsAbs_t" time="0.000218868255615234" />
    <testcase name="Equals (91)" classname="spec_perl_TestImportsAbsAbs_t" time="7.31945037841797e-05" />
    <testcase name="Equals (92)" classname="spec_perl_TestImportsAbsAbs_t" time="0.00011897087097168" />
  </testsuite>
  <testsuite name="spec_perl_TestExprIoEof_t" errors="0" failures="0" skipped="0" tests="4" time="0.0435960292816162">
    <system-out>1..4
ok 1 - Equals
ok 2 - nil
ok 3 - Equals
ok 4 - Equals
</system-out>
    <testcase name="Equals (93)" classname="spec_perl_TestExprIoEof_t" time="0.000487089157104492" />
    <testcase name="nil (93)" classname="spec_perl_TestExprIoEof_t" time="9.39369201660156e-05" />
    <testcase name="Equals (94)" classname="spec_perl_TestExprIoEof_t" time="4.79221343994141e-05" />
    <testcase name="Equals (95)" classname="spec_perl_TestExprIoEof_t" time="6.103515625e-05" />
  </testsuite>
  <testsuite name="spec_perl_TestNestedSameName_t" errors="0" failures="0" skipped="0" tests="2" time="0.0444350242614746">
    <system-out>1..2
ok 1 - Equals
ok 2 - Equals
</system-out>
    <testcase name="Equals (96)" classname="spec_perl_TestNestedSameName_t" time="0.00029301643371582" />
    <testcase name="Equals (97)" classname="spec_perl_TestNestedSameName_t" time="8.60691070556641e-05" />
  </testsuite>
  <testsuite name="spec_perl_TestTermBytes_t" errors="0" failures="0" skipped="0" tests="3" time="0.0424461364746094">
    <system-out>1..3
ok 1 - Equals
ok 2 - Equals
ok 3 - Equals
</system-out>
    <testcase name="Equals (98)" classname="spec_perl_TestTermBytes_t" time="0.000203132629394531" />
    <testcase name="Equals (99)" classname="spec_perl_TestTermBytes_t" time="7.70092010498047e-05" />
    <testcase name="Equals (100)" classname="spec_perl_TestTermBytes_t" time="0.000145912170410156" />
  </testsuite>
  <testsuite name="spec_perl_TestRepeatEosStruct_t" errors="0" failures="0" skipped="0" tests="5" time="0.0432190895080566">
    <system-out>1..5
ok 1 - Equals
ok 2 - Equals
ok 3 - Equals
ok 4 - Equals
ok 5 - Equals
</system-out>
    <testcase name="Equals (101)" classname="spec_perl_TestRepeatEosStruct_t" time="0.000227928161621094" />
    <testcase name="Equals (102)" classname="spec_perl_TestRepeatEosStruct_t" time="7.98702239990234e-05" />
    <testcase name="Equals (103)" classname="spec_perl_TestRepeatEosStruct_t" time="0.000138044357299805" />
    <testcase name="Equals (104)" classname="spec_perl_TestRepeatEosStruct_t" time="0.000126123428344727" />
    <testcase name="Equals (105)" classname="spec_perl_TestRepeatEosStruct_t" time="0.000159978866577148" />
  </testsuite>
  <testsuite name="spec_perl_TestBitsEnum_t" errors="0" failures="0" skipped="0" tests="3" time="0.0425789356231689">
    <system-out>1..3
ok 1 - Equals
ok 2 - Equals
ok 3 - Equals
</system-out>
    <testcase name="Equals (106)" classname="spec_perl_TestBitsEnum_t" time="0.000182867050170898" />
    <testcase name="Equals (107)" classname="spec_perl_TestBitsEnum_t" time="7.10487365722656e-05" />
    <testcase name="Equals (108)" classname="spec_perl_TestBitsEnum_t" time="0.000123977661132812" />
  </testsuite>
  <testsuite name="spec_perl_TestExprStrOps_t" errors="1" failures="0" skipped="0" tests="0" time="0.0455548763275146">
    <system-out></system-out>
    <testcase name="Test died too soon, even before plan. (108)" classname="spec_perl_TestExprStrOps_t" time="0.0455548763275146">
      <failure message="The test suite died before a plan was produced. You need to have a plan." type="Plan">No plan</failure>
    </testcase>
  </testsuite>
  <testsuite name="spec_perl_TestParamsPassStruct_t" errors="0" failures="1" skipped="1" tests="4" time="0.0456058979034424">
    <system-out>1..4
ok 1 - Equals
ok 2 - Equals
not ok 3 - test_params_pass_struct died (Can't call method &quot;foo&quot; on an undefined value at spec/perl/TestParamsPassStruct.t line 17.)
ok 4 # skip test_params_pass_struct died
</system-out>
    <testcase name="Equals (109)" classname="spec_perl_TestParamsPassStruct_t" time="0.000226974487304688" />
    <testcase name="Equals (110)" classname="spec_perl_TestParamsPassStruct_t" time="7.98702239990234e-05" />
    <testcase name="test_params_pass_struct died (Can't call method &quot;foo&quot; on an undefined value at spec/perl/TestParamsPassStruct.t line 17.) (110)" classname="spec_perl_TestParamsPassStruct_t" time="0.000214099884033203">
      <failure message="not ok 3 - test_params_pass_struct died (Can't call method &quot;foo&quot; on an undefined value at spec/perl/TestParamsPassStruct.t line 17.)" type="TAP::Parser::Result::Test"></failure>
    </testcase>
    <testcase name="Unnamed test case 110" classname="spec_perl_TestParamsPassStruct_t" time="0.00199389457702637">
      <skipped message="ok 4 # skip test_params_pass_struct died" />
    </testcase>
  </testsuite>
  <testsuite name="spec_perl_TestExprCalcArrayOps_t" errors="0" failures="1" skipped="17" tests="18" time="0.0559461116790771">
    <system-out>1..18
not ok 1 - test_expr_calc_array_ops died (Can't use string (&quot;1000&quot;) as an ARRAY ref while &quot;strict refs&quot; in use at compiled/perl/ExprCalcArrayOps.pm line 50.)
ok 2 # skip test_expr_calc_array_ops died
ok 3 # skip test_expr_calc_array_ops died
ok 4 # skip test_expr_calc_array_ops died
ok 5 # skip test_expr_calc_array_ops died
ok 6 # skip test_expr_calc_array_ops died
ok 7 # skip test_expr_calc_array_ops died
ok 8 # skip test_expr_calc_array_ops died
ok 9 # skip test_expr_calc_array_ops died
ok 10 # skip test_expr_calc_array_ops died
ok 11 # skip test_expr_calc_array_ops died
ok 12 # skip test_expr_calc_array_ops died
ok 13 # skip test_expr_calc_array_ops died
ok 14 # skip test_expr_calc_array_ops died
ok 15 # skip test_expr_calc_array_ops died
ok 16 # skip test_expr_calc_array_ops died
ok 17 # skip test_expr_calc_array_ops died
ok 18 # skip test_expr_calc_array_ops died
</system-out>
    <testcase name="test_expr_calc_array_ops died (Can't use string (&quot;1000&quot;) as an ARRAY ref while &quot;strict refs&quot; in use at compiled/perl/ExprCalcArrayOps.pm line 50.) (110)" classname="spec_perl_TestExprCalcArrayOps_t" time="0.00151801109313965">
      <failure message="not ok 1 - test_expr_calc_array_ops died (Can't use string (&quot;1000&quot;) as an ARRAY ref while &quot;strict refs&quot; in use at compiled/perl/ExprCalcArrayOps.pm line 50.)" type="TAP::Parser::Result::Test"></failure>
    </testcase>
    <testcase name="Unnamed test case 111" classname="spec_perl_TestExprCalcArrayOps_t" time="0.00167679786682129">
      <skipped message="ok 2 # skip test_expr_calc_array_ops died" />
    </testcase>
    <testcase name="Unnamed test case 112" classname="spec_perl_TestExprCalcArrayOps_t" time="0.000710010528564453">
      <skipped message="ok 3 # skip test_expr_calc_array_ops died" />
    </testcase>
    <testcase name="Unnamed test case 113" classname="spec_perl_TestExprCalcArrayOps_t" time="0.000634193420410156">
      <skipped message="ok 4 # skip test_expr_calc_array_ops died" />
    </testcase>
    <testcase name="Unnamed test case 114" classname="spec_perl_TestExprCalcArrayOps_t" time="0.000414848327636719">
      <skipped message="ok 5 # skip test_expr_calc_array_ops died" />
    </testcase>
    <testcase name="Unnamed test case 115" classname="spec_perl_TestExprCalcArrayOps_t" time="0.000360012054443359">
      <skipped message="ok 6 # skip test_expr_calc_array_ops died" />
    </testcase>
    <testcase name="Unnamed test case 116" classname="spec_perl_TestExprCalcArrayOps_t" time="0.000347137451171875">
      <skipped message="ok 7 # skip test_expr_calc_array_ops died" />
    </testcase>
    <testcase name="Unnamed test case 117" classname="spec_perl_TestExprCalcArrayOps_t" time="0.000405788421630859">
      <skipped message="ok 8 # skip test_expr_calc_array_ops died" />
    </testcase>
    <testcase name="Unnamed test case 118" classname="spec_perl_TestExprCalcArrayOps_t" time="0.000409126281738281">
      <skipped message="ok 9 # skip test_expr_calc_array_ops died" />
    </testcase>
    <testcase name="Unnamed test case 119" classname="spec_perl_TestExprCalcArrayOps_t" time="0.000334978103637695">
      <skipped message="ok 10 # skip test_expr_calc_array_ops died" />
    </testcase>
    <testcase name="Unnamed test case 120" classname="spec_perl_TestExprCalcArrayOps_t" time="0.00037693977355957">
      <skipped message="ok 11 # skip test_expr_calc_array_ops died" />
    </testcase>
    <testcase name="Unnamed test case 121" classname="spec_perl_TestExprCalcArrayOps_t" time="0.000355005264282227">
      <skipped message="ok 12 # skip test_expr_calc_array_ops died" />
    </testcase>
    <testcase name="Unnamed test case 122" classname="spec_perl_TestExprCalcArrayOps_t" time="0.000329017639160156">
      <skipped message="ok 13 # skip test_expr_calc_array_ops died" />
    </testcase>
    <testcase name="Unnamed test case 123" classname="spec_perl_TestExprCalcArrayOps_t" time="0.000379085540771484">
      <skipped message="ok 14 # skip test_expr_calc_array_ops died" />
    </testcase>
    <testcase name="Unnamed test case 124" classname="spec_perl_TestExprCalcArrayOps_t" time="0.000318050384521484">
      <skipped message="ok 15 # skip test_expr_calc_array_ops died" />
    </testcase>
    <testcase name="Unnamed test case 125" classname="spec_perl_TestExprCalcArrayOps_t" time="0.000232934951782227">
      <skipped message="ok 16 # skip test_expr_calc_array_ops died" />
    </testcase>
    <testcase name="Unnamed test case 126" classname="spec_perl_TestExprCalcArrayOps_t" time="0.000221967697143555">
      <skipped message="ok 17 # skip test_expr_calc_array_ops died" />
    </testcase>
    <testcase name="Unnamed test case 127" classname="spec_perl_TestExprCalcArrayOps_t" time="0.000230073928833008">
      <skipped message="ok 18 # skip test_expr_calc_array_ops died" />
    </testcase>
  </testsuite>
  <testsuite name="spec_perl_TestDocstringsDocrefMulti_t" errors="0" failures="0" skipped="1" tests="1" time="0.0460121631622314">
    <system-out>1..1
ok 1 # skip DocstringsDocrefMulti=HASH(0x1632c08)
</system-out>
    <testcase name="Unnamed test case 128" classname="spec_perl_TestDocstringsDocrefMulti_t" time="0.0013120174407959">
      <skipped message="ok 1 # skip DocstringsDocrefMulti=HASH(0x1632c08)" />
    </testcase>
  </testsuite>
  <testsuite name="spec_perl_TestRepeatUntilSized_t" errors="0" failures="0" skipped="0" tests="7" time="0.0436761379241943">
    <system-out>1..7
ok 1 - Equals
ok 2 - Equals
ok 3 - Equals
ok 4 - Equals
ok 5 - Equals
ok 6 - Equals
ok 7 - Equals
</system-out>
    <testcase name="Equals (128)" classname="spec_perl_TestRepeatUntilSized_t" time="0.000533103942871094" />
    <testcase name="Equals (129)" classname="spec_perl_TestRepeatUntilSized_t" time="9.89437103271484e-05" />
    <testcase name="Equals (130)" classname="spec_perl_TestRepeatUntilSized_t" time="5.79357147216797e-05" />
    <testcase name="Equals (131)" classname="spec_perl_TestRepeatUntilSized_t" time="9.60826873779297e-05" />
    <testcase name="Equals (132)" classname="spec_perl_TestRepeatUntilSized_t" time="0.000149965286254883" />
    <testcase name="Equals (133)" classname="spec_perl_TestRepeatUntilSized_t" time="0.000147104263305664" />
    <testcase name="Equals (134)" classname="spec_perl_TestRepeatUntilSized_t" time="0.00010991096496582" />
  </testsuite>
  <testsuite name="spec_perl_TestRepeatNStrzDouble_t" errors="0" failures="0" skipped="0" tests="3" time="0.0458509922027588">
    <system-out>1..3
ok 1 - Equals
ok 2 - Equals
ok 3 - Equals
</system-out>
    <testcase name="Equals (135)" classname="spec_perl_TestRepeatNStrzDouble_t" time="0.000306844711303711" />
    <testcase name="Equals (136)" classname="spec_perl_TestRepeatNStrzDouble_t" time="9.20295715332031e-05" />
    <testcase name="Equals (137)" classname="spec_perl_TestRepeatNStrzDouble_t" time="9.10758972167969e-05" />
  </testsuite>
  <testsuite name="spec_perl_TestInstanceIoUser_t" errors="0" failures="0" skipped="0" tests="4" time="0.0614490509033203">
    <system-out>1..4
ok 1 - Equals
ok 2 - Equals
ok 3 - Equals
ok 4 - Equals
</system-out>
    <testcase name="Equals (138)" classname="spec_perl_TestInstanceIoUser_t" time="0.000602960586547852" />
    <testcase name="Equals (139)" classname="spec_perl_TestInstanceIoUser_t" time="9.98973846435547e-05" />
    <testcase name="Equals (140)" classname="spec_perl_TestInstanceIoUser_t" time="0.000184059143066406" />
    <testcase name="Equals (141)" classname="spec_perl_TestInstanceIoUser_t" time="0.000139951705932617" />
  </testsuite>
  <testsuite name="spec_perl_TestSwitchIntegers2_t" errors="0" failures="0" skipped="0" tests="5" time="0.0434839725494385">
    <system-out>1..5
ok 1 - Equals
ok 2 - Equals
ok 3 - Equals
ok 4 - Equals
ok 5 - Equals
</system-out>
    <testcase name="Equals (142)" classname="spec_perl_TestSwitchIntegers2_t" time="0.000169038772583008" />
    <testcase name="Equals (143)" classname="spec_perl_TestSwitchIntegers2_t" time="9.01222229003906e-05" />
    <testcase name="Equals (144)" classname="spec_perl_TestSwitchIntegers2_t" time="0.000151872634887695" />
    <testcase name="Equals (145)" classname="spec_perl_TestSwitchIntegers2_t" time="0.000114917755126953" />
    <testcase name="Equals (146)" classname="spec_perl_TestSwitchIntegers2_t" time="0.000138044357299805" />
  </testsuite>
  <testsuite name="spec_perl_TestNavParentSwitch_t" errors="0" failures="0" skipped="0" tests="3" time="0.0431411266326904">
    <system-out>1..3
ok 1 - Equals
ok 2 - Equals
ok 3 - Equals
</system-out>
    <testcase name="Equals (147)" classname="spec_perl_TestNavParentSwitch_t" time="0.000221967697143555" />
    <testcase name="Equals (148)" classname="spec_perl_TestNavParentSwitch_t" time="0.000104904174804688" />
    <testcase name="Equals (149)" classname="spec_perl_TestNavParentSwitch_t" time="0.000179052352905273" />
  </testsuite>
  <testsuite name="spec_perl_TestCombineBool_t" errors="0" failures="0" skipped="0" tests="2" time="0.0428371429443359">
    <system-out>1..2
ok 1 - Equals
ok 2 - Equals
</system-out>
    <testcase name="Equals (150)" classname="spec_perl_TestCombineBool_t" time="0.000231027603149414" />
    <testcase name="Equals (151)" classname="spec_perl_TestCombineBool_t" time="7.79628753662109e-05" />
  </testsuite>
  <testsuite name="spec_perl_TestImports0_t" errors="0" failures="0" skipped="0" tests="3" time="0.0428891181945801">
    <system-out>1..3
ok 1 - Equals
ok 2 - Equals
ok 3 - Equals
</system-out>
    <testcase name="Equals (152)" classname="spec_perl_TestImports0_t" time="0.000193119049072266" />
    <testcase name="Equals (153)" classname="spec_perl_TestImports0_t" time="9.08374786376953e-05" />
    <testcase name="Equals (154)" classname="spec_perl_TestImports0_t" time="0.000146150588989258" />
  </testsuite>
  <testsuite name="spec_perl_TestParamsEnum_t" errors="0" failures="1" skipped="0" tests="2" time="0.0597429275512695">
    <system-out>1..2
ok 1 - Equals
not ok 2 - Equals
</system-out>
    <testcase name="Equals (155)" classname="spec_perl_TestParamsEnum_t" time="0.000181198120117188" />
    <testcase name="Equals (156)" classname="spec_perl_TestParamsEnum_t" time="9.58442687988281e-05">
      <failure message="not ok 2 - Equals" type="TAP::Parser::Result::Test"></failure>
    </testcase>
  </testsuite>
  <testsuite name="spec_perl_TestStrPadTermEmpty_t" errors="0" failures="0" skipped="0" tests="4" time="0.0459609031677246">
    <system-out>1..4
ok 1 - Equals
ok 2 - Equals
ok 3 - Equals
ok 4 - Equals
</system-out>
    <testcase name="Equals (157)" classname="spec_perl_TestStrPadTermEmpty_t" time="0.000699996948242188" />
    <testcase name="Equals (158)" classname="spec_perl_TestStrPadTermEmpty_t" time="0.000101089477539062" />
    <testcase name="Equals (159)" classname="spec_perl_TestStrPadTermEmpty_t" time="4.69684600830078e-05" />
    <testcase name="Equals (160)" classname="spec_perl_TestStrPadTermEmpty_t" time="0.000106096267700195" />
  </testsuite>
  <testsuite name="spec_perl_TestEofExceptionBytes_t" errors="0" failures="0" skipped="0" tests="1" time="0.0542149543762207">
    <system-out>1..1
ok 1 - Died
</system-out>
    <testcase name="Died (160)" classname="spec_perl_TestEofExceptionBytes_t" time="0.000159025192260742" />
  </testsuite>
  <testsuite name="spec_perl_TestNavParentFalse_t" errors="0" failures="0" skipped="0" tests="5" time="0.0435731410980225">
    <system-out>1..5
ok 1 - Equals
ok 2 - Equals
ok 3 - Equals
ok 4 - Equals
ok 5 - Equals
</system-out>
    <testcase name="Equals (161)" classname="spec_perl_TestNavParentFalse_t" time="0.000226020812988281" />
    <testcase name="Equals (162)" classname="spec_perl_TestNavParentFalse_t" time="7.70092010498047e-05" />
    <testcase name="Equals (163)" classname="spec_perl_TestNavParentFalse_t" time="0.000141143798828125" />
    <testcase name="Equals (164)" classname="spec_perl_TestNavParentFalse_t" time="0.000123023986816406" />
    <testcase name="Equals (165)" classname="spec_perl_TestNavParentFalse_t" time="0.000135898590087891" />
  </testsuite>
  <testsuite name="spec_perl_TestInstanceStdArray_t" errors="0" failures="0" skipped="0" tests="7" time="0.0434808731079102">
    <system-out>1..7
ok 1 - Equals
ok 2 - Equals
ok 3 - Equals
ok 4 - Equals
ok 5 - Equals
ok 6 - Equals
ok 7 - Equals
</system-out>
    <testcase name="Equals (166)" classname="spec_perl_TestInstanceStdArray_t" time="0.000192880630493164" />
    <testcase name="Equals (167)" classname="spec_perl_TestInstanceStdArray_t" time="8.89301300048828e-05" />
    <testcase name="Equals (168)" classname="spec_perl_TestInstanceStdArray_t" time="0.000172138214111328" />
    <testcase name="Equals (169)" classname="spec_perl_TestInstanceStdArray_t" time="0.000135898590087891" />
    <testcase name="Equals (170)" classname="spec_perl_TestInstanceStdArray_t" time="0.000113964080810547" />
    <testcase name="Equals (171)" classname="spec_perl_TestInstanceStdArray_t" time="0.000193119049072266" />
    <testcase name="Equals (172)" classname="spec_perl_TestInstanceStdArray_t" time="6.50882720947266e-05" />
  </testsuite>
  <testsuite name="spec_perl_TestRepeatUntilCalcArrayType_t" errors="0" failures="0" skipped="0" tests="7" time="0.0440540313720703">
    <system-out>1..7
ok 1 - Equals
ok 2 - Equals
ok 3 - Equals
ok 4 - Equals
ok 5 - Equals
ok 6 - Equals
ok 7 - Equals
</system-out>
    <testcase name="Equals (173)" classname="spec_perl_TestRepeatUntilCalcArrayType_t" time="0.000497817993164062" />
    <testcase name="Equals (174)" classname="spec_perl_TestRepeatUntilCalcArrayType_t" time="0.000100135803222656" />
    <testcase name="Equals (175)" classname="spec_perl_TestRepeatUntilCalcArrayType_t" time="6.89029693603516e-05" />
    <testcase name="Equals (176)" classname="spec_perl_TestRepeatUntilCalcArrayType_t" time="5.91278076171875e-05" />
    <testcase name="Equals (177)" classname="spec_perl_TestRepeatUntilCalcArrayType_t" time="0.000152826309204102" />
    <testcase name="Equals (178)" classname="spec_perl_TestRepeatUntilCalcArrayType_t" time="0.000113010406494141" />
    <testcase name="Equals (179)" classname="spec_perl_TestRepeatUntilCalcArrayType_t" time="0.000136137008666992" />
  </testsuite>
  <testsuite name="spec_perl_TestImportsCircularA_t" errors="0" failures="0" skipped="0" tests="5" time="0.0432689189910889">
    <system-out>1..5
ok 1 - Equals
ok 2 - Equals
ok 3 - Equals
ok 4 - Equals
ok 5 - nil
</system-out>
    <testcase name="Equals (180)" classname="spec_perl_TestImportsCircularA_t" time="0.000266790390014648" />
    <testcase name="Equals (181)" classname="spec_perl_TestImportsCircularA_t" time="8.41617584228516e-05" />
    <testcase name="Equals (182)" classname="spec_perl_TestImportsCircularA_t" time="7.48634338378906e-05" />
    <testcase name="Equals (183)" classname="spec_perl_TestImportsCircularA_t" time="0.000147104263305664" />
    <testcase name="nil (183)" classname="spec_perl_TestImportsCircularA_t" time="9.98973846435547e-05" />
  </testsuite>
  <testsuite name="spec_perl_TestDefaultEndianExprIsBe_t" errors="0" failures="0" skipped="0" tests="18" time="0.0457868576049805">
    <system-out>1..18
ok 1 - Equals
ok 2 - Equals
ok 3 - Equals
ok 4 - Equals
ok 5 - Equals
ok 6 - Equals
ok 7 - Equals
ok 8 - Equals
ok 9 - Equals
ok 10 - Equals
ok 11 - Equals
ok 12 - Equals
ok 13 - Equals
ok 14 - Equals
ok 15 - Equals
ok 16 - Equals
ok 17 - Equals
ok 18 - Equals
</system-out>
    <testcase name="Equals (184)" classname="spec_perl_TestDefaultEndianExprIsBe_t" time="0.000265836715698242" />
    <testcase name="Equals (185)" classname="spec_perl_TestDefaultEndianExprIsBe_t" time="0.000141143798828125" />
    <testcase name="Equals (186)" classname="spec_perl_TestDefaultEndianExprIsBe_t" time="6.07967376708984e-05" />
    <testcase name="Equals (187)" classname="spec_perl_TestDefaultEndianExprIsBe_t" time="0.000113010406494141" />
    <testcase name="Equals (188)" classname="spec_perl_TestDefaultEndianExprIsBe_t" time="0.000146150588989258" />
    <testcase name="Equals (189)" classname="spec_perl_TestDefaultEndianExprIsBe_t" time="0.000179052352905273" />
    <testcase name="Equals (190)" classname="spec_perl_TestDefaultEndianExprIsBe_t" time="0.000110864639282227" />
    <testcase name="Equals (191)" classname="spec_perl_TestDefaultEndianExprIsBe_t" time="0.00014805793762207" />
    <testcase name="Equals (192)" classname="spec_perl_TestDefaultEndianExprIsBe_t" time="0.000128984451293945" />
    <testcase name="Equals (193)" classname="spec_perl_TestDefaultEndianExprIsBe_t" time="0.000120878219604492" />
    <testcase name="Equals (194)" classname="spec_perl_TestDefaultEndianExprIsBe_t" time="0.000187158584594727" />
    <testcase name="Equals (195)" classname="spec_perl_TestDefaultEndianExprIsBe_t" time="0.000136852264404297" />
    <testcase name="Equals (196)" classname="spec_perl_TestDefaultEndianExprIsBe_t" time="0.00014805793762207" />
    <testcase name="Equals (197)" classname="spec_perl_TestDefaultEndianExprIsBe_t" time="0.000123977661132812" />
    <testcase name="Equals (198)" classname="spec_perl_TestDefaultEndianExprIsBe_t" time="0.000123977661132812" />
    <testcase name="Equals (199)" classname="spec_perl_TestDefaultEndianExprIsBe_t" time="0.0001220703125" />
    <testcase name="Equals (200)" classname="spec_perl_TestDefaultEndianExprIsBe_t" time="0.000154972076416016" />
    <testcase name="Equals (201)" classname="spec_perl_TestDefaultEndianExprIsBe_t" time="0.000144004821777344" />
  </testsuite>
  <testsuite name="spec_perl_TestExprSizeofType0_t" errors="0" failures="0" skipped="0" tests="1" time="0.0428011417388916">
    <system-out>1..1
ok 1 - Equals
</system-out>
    <testcase name="Equals (202)" classname="spec_perl_TestExprSizeofType0_t" time="0.000162839889526367" />
  </testsuite>
  <testsuite name="spec_perl_TestParamsPassArrayStruct_t" errors="0" failures="1" skipped="2" tests="3" time="0.0463640689849854">
    <system-out>1..3
not ok 1 - test_params_pass_array_struct died (Can't use an undefined value as an ARRAY reference at spec/perl/TestParamsPassArrayStruct.t line 15.)
ok 2 # skip test_params_pass_array_struct died
ok 3 # skip test_params_pass_array_struct died
</system-out>
    <testcase name="test_params_pass_array_struct died (Can't use an undefined value as an ARRAY reference at spec/perl/TestParamsPassArrayStruct.t line 15.) (202)" classname="spec_perl_TestParamsPassArrayStruct_t" time="0.000282049179077148">
      <failure message="not ok 1 - test_params_pass_array_struct died (Can't use an undefined value as an ARRAY reference at spec/perl/TestParamsPassArrayStruct.t line 15.)" type="TAP::Parser::Result::Test"></failure>
    </testcase>
    <testcase name="Unnamed test case 202" classname="spec_perl_TestParamsPassArrayStruct_t" time="0.00167107582092285">
      <skipped message="ok 2 # skip test_params_pass_array_struct died" />
    </testcase>
    <testcase name="Unnamed test case 203" classname="spec_perl_TestParamsPassArrayStruct_t" time="0.000673055648803711">
      <skipped message="ok 3 # skip test_params_pass_array_struct died" />
    </testcase>
  </testsuite>
  <testsuite name="spec_perl_TestCastToImported_t" errors="0" failures="0" skipped="0" tests="2" time="0.0429811477661133">
    <system-out>1..2
ok 1 - Equals
ok 2 - Equals
</system-out>
    <testcase name="Equals (203)" classname="spec_perl_TestCastToImported_t" time="0.000244140625" />
    <testcase name="Equals (204)" classname="spec_perl_TestCastToImported_t" time="8.10623168945312e-05" />
  </testsuite>
  <testsuite name="spec_perl_TestSwitchManualEnum_t" errors="0" failures="0" skipped="0" tests="9" time="0.0471429824829102">
    <system-out>1..9
ok 1 - Equals
ok 2 - Equals
ok 3 - Equals
ok 4 - Equals
ok 5 - Equals
ok 6 - Equals
ok 7 - Equals
ok 8 - Equals
ok 9 - Equals
</system-out>
    <testcase name="Equals (205)" classname="spec_perl_TestSwitchManualEnum_t" time="0.000344991683959961" />
    <testcase name="Equals (206)" classname="spec_perl_TestSwitchManualEnum_t" time="9.10758972167969e-05" />
    <testcase name="Equals (207)" classname="spec_perl_TestSwitchManualEnum_t" time="5.88893890380859e-05" />
    <testcase name="Equals (208)" classname="spec_perl_TestSwitchManualEnum_t" time="0.000154972076416016" />
    <testcase name="Equals (209)" classname="spec_perl_TestSwitchManualEnum_t" time="0.000111103057861328" />
    <testcase name="Equals (210)" classname="spec_perl_TestSwitchManualEnum_t" time="0.000149011611938477" />
    <testcase name="Equals (211)" classname="spec_perl_TestSwitchManualEnum_t" time="0.000113964080810547" />
    <testcase name="Equals (212)" classname="spec_perl_TestSwitchManualEnum_t" time="0.000149011611938477" />
    <testcase name="Equals (213)" classname="spec_perl_TestSwitchManualEnum_t" time="0.000113964080810547" />
  </testsuite>
  <testsuite name="spec_perl_TestParamsPassUsertype_t" errors="0" failures="1" skipped="1" tests="2" time="0.0460629463195801">
    <system-out>1..2
not ok 1 - test_params_pass_usertype died (Can't call method &quot;foo&quot; on an undefined value at compiled/perl/ParamsPassUsertype.pm line 119.)
ok 2 # skip test_params_pass_usertype died
</system-out>
    <testcase name="test_params_pass_usertype died (Can't call method &quot;foo&quot; on an undefined value at compiled/perl/ParamsPassUsertype.pm line 119.) (213)" classname="spec_perl_TestParamsPassUsertype_t" time="0.000297069549560547">
      <failure message="not ok 1 - test_params_pass_usertype died (Can't call method &quot;foo&quot; on an undefined value at compiled/perl/ParamsPassUsertype.pm line 119.)" type="TAP::Parser::Result::Test"></failure>
    </testcase>
    <testcase name="Unnamed test case 213" classname="spec_perl_TestParamsPassUsertype_t" time="0.0018618106842041">
      <skipped message="ok 2 # skip test_params_pass_usertype died" />
    </testcase>
  </testsuite>
  <testsuite name="spec_perl_TestExprEnum_t" errors="0" failures="0" skipped="0" tests="3" time="0.0539319515228271">
    <system-out>1..3
ok 1 - Equals
ok 2 - Equals
ok 3 - Equals
</system-out>
    <testcase name="Equals (214)" classname="spec_perl_TestExprEnum_t" time="0.000179052352905273" />
    <testcase name="Equals (215)" classname="spec_perl_TestExprEnum_t" time="7.10487365722656e-05" />
    <testcase name="Equals (216)" classname="spec_perl_TestExprEnum_t" time="0.000131845474243164" />
  </testsuite>
  <testsuite name="spec_perl_TestProcessToUser_t" errors="0" failures="0" skipped="0" tests="1" time="0.0485608577728271">
    <system-out>1..1
ok 1 - Equals
</system-out>
    <testcase name="Equals (217)" classname="spec_perl_TestProcessToUser_t" time="0.000551939010620117" />
  </testsuite>
  <testsuite name="spec_perl_TestTypeIntUnaryOp_t" errors="0" failures="0" skipped="0" tests="4" time="0.0425548553466797">
    <system-out>1..4
ok 1 - Equals
ok 2 - Equals
ok 3 - Equals
ok 4 - Equals
</system-out>
    <testcase name="Equals (218)" classname="spec_perl_TestTypeIntUnaryOp_t" time="0.000174045562744141" />
    <testcase name="Equals (219)" classname="spec_perl_TestTypeIntUnaryOp_t" time="0.000119924545288086" />
    <testcase name="Equals (220)" classname="spec_perl_TestTypeIntUnaryOp_t" time="0.000134944915771484" />
    <testcase name="Equals (221)" classname="spec_perl_TestTypeIntUnaryOp_t" time="0.000138998031616211" />
  </testsuite>
  <testsuite name="spec_perl_TestBitsSimpleLe_t" errors="0" failures="0" skipped="0" tests="14" time="0.0449481010437012">
    <system-out>1..14
ok 1 - Equals
ok 2 - Equals
ok 3 - Equals
ok 4 - Equals
ok 5 - Equals
ok 6 - Equals
ok 7 - Equals
ok 8 - Equals
ok 9 - Equals
ok 10 - Equals
ok 11 - Equals
ok 12 - Equals
ok 13 - Equals
ok 14 - Equals
</system-out>
    <testcase name="Equals (222)" classname="spec_perl_TestBitsSimpleLe_t" time="0.000258922576904297" />
    <testcase name="Equals (223)" classname="spec_perl_TestBitsSimpleLe_t" time="8.10623168945312e-05" />
    <testcase name="Equals (224)" classname="spec_perl_TestBitsSimpleLe_t" time="0.000105857849121094" />
    <testcase name="Equals (225)" classname="spec_perl_TestBitsSimpleLe_t" time="0.000159025192260742" />
    <testcase name="Equals (226)" classname="spec_perl_TestBitsSimpleLe_t" time="0.000105142593383789" />
    <testcase name="Equals (227)" classname="spec_perl_TestBitsSimpleLe_t" time="0.000160932540893555" />
    <testcase name="Equals (228)" classname="spec_perl_TestBitsSimpleLe_t" time="0.000105857849121094" />
    <testcase name="Equals (229)" classname="spec_perl_TestBitsSimpleLe_t" time="0.000143051147460938" />
    <testcase name="Equals (230)" classname="spec_perl_TestBitsSimpleLe_t" time="0.000120162963867188" />
    <testcase name="Equals (231)" classname="spec_perl_TestBitsSimpleLe_t" time="0.000121831893920898" />
    <testcase name="Equals (232)" classname="spec_perl_TestBitsSimpleLe_t" time="0.000178098678588867" />
    <testcase name="Equals (233)" classname="spec_perl_TestBitsSimpleLe_t" time="0.000112056732177734" />
    <testcase name="Equals (234)" classname="spec_perl_TestBitsSimpleLe_t" time="0.000144004821777344" />
    <testcase name="Equals (235)" classname="spec_perl_TestBitsSimpleLe_t" time="0.000125885009765625" />
  </testsuite>
  <testsuite name="spec_perl_TestRepeatUntilS4_t" errors="0" failures="0" skipped="0" tests="2" time="0.0453858375549316">
    <system-out>1..2
ok 1 - Equals
ok 2 - Equals
</system-out>
    <testcase name="Equals (236)" classname="spec_perl_TestRepeatUntilS4_t" time="0.000247955322265625" />
    <testcase name="Equals (237)" classname="spec_perl_TestRepeatUntilS4_t" time="8.10623168945312e-05" />
  </testsuite>
  <testsuite name="spec_perl_TestMetaXref_t" errors="0" failures="0" skipped="1" tests="1" time="0.0432429313659668">
    <system-out>1..1
ok 1 # skip MetaXref=HASH(0x29cda58)
</system-out>
    <testcase name="Unnamed test case 237" classname="spec_perl_TestMetaXref_t" time="0.00119709968566895">
      <skipped message="ok 1 # skip MetaXref=HASH(0x29cda58)" />
    </testcase>
  </testsuite>
  <testsuite name="spec_perl_TestRepeatEosBit_t" errors="0" failures="0" skipped="0" tests="1" time="0.0433928966522217">
    <system-out>1..1
ok 1 - Equals
</system-out>
    <testcase name="Equals (238)" classname="spec_perl_TestRepeatEosBit_t" time="0.000260829925537109" />
  </testsuite>
  <testsuite name="spec_perl_TestValidShort_t" errors="1" failures="0" skipped="0" tests="0" time="0.0465030670166016">
    <system-out></system-out>
    <testcase name="Test died too soon, even before plan. (238)" classname="spec_perl_TestValidShort_t" time="0.0465030670166016">
      <failure message="The test suite died before a plan was produced. You need to have a plan." type="Plan">No plan</failure>
    </testcase>
  </testsuite>
  <testsuite name="spec_perl_TestInstanceStd_t" errors="0" failures="0" skipped="0" tests="1" time="0.0458290576934814">
    <system-out>1..1
ok 1 - Equals
</system-out>
    <testcase name="Equals (239)" classname="spec_perl_TestInstanceStd_t" time="0.000213146209716797" />
  </testsuite>
  <testsuite name="spec_perl_TestExpr0_t" errors="0" failures="0" skipped="0" tests="2" time="0.0424239635467529">
    <system-out>1..2
ok 1 - Equals
ok 2 - Equals
</system-out>
    <testcase name="Equals (240)" classname="spec_perl_TestExpr0_t" time="0.000168800354003906" />
    <testcase name="Equals (241)" classname="spec_perl_TestExpr0_t" time="6.69956207275391e-05" />
  </testsuite>
  <testsuite name="spec_perl_TestCombineBytes_t" errors="0" failures="0" skipped="0" tests="10" time="0.0436949729919434">
    <system-out>1..10
ok 1 - Equals
ok 2 - Equals
ok 3 - Equals
ok 4 - Equals
ok 5 - Equals
ok 6 - Equals
ok 7 - Equals
ok 8 - Equals
ok 9 - Equals
ok 10 - Equals
</system-out>
    <testcase name="Equals (242)" classname="spec_perl_TestCombineBytes_t" time="0.000257968902587891" />
    <testcase name="Equals (243)" classname="spec_perl_TestCombineBytes_t" time="8.20159912109375e-05" />
    <testcase name="Equals (244)" classname="spec_perl_TestCombineBytes_t" time="7.39097595214844e-05" />
    <testcase name="Equals (245)" classname="spec_perl_TestCombineBytes_t" time="0.000161170959472656" />
    <testcase name="Equals (246)" classname="spec_perl_TestCombineBytes_t" time="9.70363616943359e-05" />
    <testcase name="Equals (247)" classname="spec_perl_TestCombineBytes_t" time="0.00014495849609375" />
    <testcase name="Equals (248)" classname="spec_perl_TestCombineBytes_t" time="0.000110864639282227" />
    <testcase name="Equals (249)" classname="spec_perl_TestCombineBytes_t" time="0.000149965286254883" />
    <testcase name="Equals (250)" classname="spec_perl_TestCombineBytes_t" time="0.0001220703125" />
    <testcase name="Equals (251)" classname="spec_perl_TestCombineBytes_t" time="0.00014805793762207" />
  </testsuite>
  <testsuite name="spec_perl_TestRepeatUntilComplex_t" errors="0" failures="0" skipped="0" tests="17" time="0.0449428558349609">
    <system-out>1..17
ok 1 - Equals
ok 2 - Equals
ok 3 - Equals
ok 4 - Equals
ok 5 - Equals
ok 6 - Equals
ok 7 - Equals
ok 8 - Equals
ok 9 - Equals
ok 10 - Equals
ok 11 - Equals
ok 12 - Equals
ok 13 - Equals
ok 14 - Equals
ok 15 - Equals
ok 16 - Equals
ok 17 - Equals
</system-out>
    <testcase name="Equals (252)" classname="spec_perl_TestRepeatUntilComplex_t" time="0.000275135040283203" />
    <testcase name="Equals (253)" classname="spec_perl_TestRepeatUntilComplex_t" time="9.39369201660156e-05" />
    <testcase name="Equals (254)" classname="spec_perl_TestRepeatUntilComplex_t" time="0.0001220703125" />
    <testcase name="Equals (255)" classname="spec_perl_TestRepeatUntilComplex_t" time="0.000142812728881836" />
    <testcase name="Equals (256)" classname="spec_perl_TestRepeatUntilComplex_t" time="0.000114202499389648" />
    <testcase name="Equals (257)" classname="spec_perl_TestRepeatUntilComplex_t" time="0.000153779983520508" />
    <testcase name="Equals (258)" classname="spec_perl_TestRepeatUntilComplex_t" time="6.22272491455078e-05" />
    <testcase name="Equals (259)" classname="spec_perl_TestRepeatUntilComplex_t" time="0.000147819519042969" />
    <testcase name="Equals (260)" classname="spec_perl_TestRepeatUntilComplex_t" time="0.000121116638183594" />
    <testcase name="Equals (261)" classname="spec_perl_TestRepeatUntilComplex_t" time="0.000146865844726562" />
    <testcase name="Equals (262)" classname="spec_perl_TestRepeatUntilComplex_t" time="0.000120162963867188" />
    <testcase name="Equals (263)" classname="spec_perl_TestRepeatUntilComplex_t" time="0.000142812728881836" />
    <testcase name="Equals (264)" classname="spec_perl_TestRepeatUntilComplex_t" time="0.000127077102661133" />
    <testcase name="Equals (265)" classname="spec_perl_TestRepeatUntilComplex_t" time="0.000154018402099609" />
    <testcase name="Equals (266)" classname="spec_perl_TestRepeatUntilComplex_t" time="0.000129938125610352" />
    <testcase name="Equals (267)" classname="spec_perl_TestRepeatUntilComplex_t" time="8.41617584228516e-05" />
    <testcase name="Equals (268)" classname="spec_perl_TestRepeatUntilComplex_t" time="0.000139951705932617" />
  </testsuite>
  <testsuite name="spec_perl_TestNavRoot_t" errors="0" failures="0" skipped="0" tests="5" time="0.0470771789550781">
    <system-out>1..5
ok 1 - Equals
ok 2 - Equals
ok 3 - Equals
ok 4 - Equals
ok 5 - Equals
</system-out>
    <testcase name="Equals (269)" classname="spec_perl_TestNavRoot_t" time="0.000334978103637695" />
    <testcase name="Equals (270)" classname="spec_perl_TestNavRoot_t" time="8.89301300048828e-05" />
    <testcase name="Equals (271)" classname="spec_perl_TestNavRoot_t" time="8.70227813720703e-05" />
    <testcase name="Equals (272)" classname="spec_perl_TestNavRoot_t" time="0.00015711784362793" />
    <testcase name="Equals (273)" classname="spec_perl_TestNavRoot_t" time="0.000120878219604492" />
  </testsuite>
  <testsuite name="spec_perl_TestNavParentOverride_t" errors="0" failures="0" skipped="0" tests="3" time="0.0423500537872314">
    <system-out>1..3
ok 1 - Equals
ok 2 - Equals
ok 3 - Equals
</system-out>
    <testcase name="Equals (274)" classname="spec_perl_TestNavParentOverride_t" time="0.000165939331054688" />
    <testcase name="Equals (275)" classname="spec_perl_TestNavParentOverride_t" time="7.00950622558594e-05" />
    <testcase name="Equals (276)" classname="spec_perl_TestNavParentOverride_t" time="0.000143051147460938" />
  </testsuite>
  <testsuite name="spec_perl_TestEnumLongRangeS_t" errors="0" failures="0" skipped="0" tests="7" time="0.0429949760437012">
    <system-out>1..7
ok 1 - Equals
ok 2 - Equals
ok 3 - Equals
ok 4 - Equals
ok 5 - Equals
ok 6 - Equals
ok 7 - Equals
</system-out>
    <testcase name="Equals (277)" classname="spec_perl_TestEnumLongRangeS_t" time="0.00017094612121582" />
    <testcase name="Equals (278)" classname="spec_perl_TestEnumLongRangeS_t" time="7.31945037841797e-05" />
    <testcase name="Equals (279)" classname="spec_perl_TestEnumLongRangeS_t" time="0.000147819519042969" />
    <testcase name="Equals (280)" classname="spec_perl_TestEnumLongRangeS_t" time="0.000120162963867188" />
    <testcase name="Equals (281)" classname="spec_perl_TestEnumLongRangeS_t" time="0.000130891799926758" />
    <testcase name="Equals (282)" classname="spec_perl_TestEnumLongRangeS_t" time="0.000115156173706055" />
    <testcase name="Equals (283)" classname="spec_perl_TestEnumLongRangeS_t" time="0.000146865844726562" />
  </testsuite>
  <testsuite name="spec_perl_TestBcdUserTypeBe_t" errors="0" failures="0" skipped="0" tests="6" time="0.0445051193237305">
    <system-out>1..6
ok 1 - Equals
ok 2 - Equals
ok 3 - Equals
ok 4 - Equals
ok 5 - Equals
ok 6 - Equals
</system-out>
    <testcase name="Equals (284)" classname="spec_perl_TestBcdUserTypeBe_t" time="0.00055694580078125" />
    <testcase name="Equals (285)" classname="spec_perl_TestBcdUserTypeBe_t" time="9.89437103271484e-05" />
    <testcase name="Equals (286)" classname="spec_perl_TestBcdUserTypeBe_t" time="5.60283660888672e-05" />
    <testcase name="Equals (287)" classname="spec_perl_TestBcdUserTypeBe_t" time="0.000178098678588867" />
    <testcase name="Equals (288)" classname="spec_perl_TestBcdUserTypeBe_t" time="0.000137805938720703" />
    <testcase name="Equals (289)" classname="spec_perl_TestBcdUserTypeBe_t" time="0.000138044357299805" />
  </testsuite>
  <testsuite name="spec_perl_TestExprBits_t" errors="0" failures="0" skipped="0" tests="10" time="0.0477569103240967">
    <system-out>1..10
ok 1 - Equals
ok 2 - Equals
ok 3 - Equals
ok 4 - Equals
ok 5 - Equals
ok 6 - Equals
ok 7 - Equals
ok 8 - Equals
ok 9 - Equals
ok 10 - Equals
</system-out>
    <testcase name="Equals (290)" classname="spec_perl_TestExprBits_t" time="0.00017094612121582" />
    <testcase name="Equals (291)" classname="spec_perl_TestExprBits_t" time="9.79900360107422e-05" />
    <testcase name="Equals (292)" classname="spec_perl_TestExprBits_t" time="0.000138998031616211" />
    <testcase name="Equals (293)" classname="spec_perl_TestExprBits_t" time="0.000119924545288086" />
    <testcase name="Equals (294)" classname="spec_perl_TestExprBits_t" time="0.000133991241455078" />
    <testcase name="Equals (295)" classname="spec_perl_TestExprBits_t" time="0.0001220703125" />
    <testcase name="Equals (296)" classname="spec_perl_TestExprBits_t" time="0.000154972076416016" />
    <testcase name="Equals (297)" classname="spec_perl_TestExprBits_t" time="0.000118017196655273" />
    <testcase name="Equals (298)" classname="spec_perl_TestExprBits_t" time="0.000142097473144531" />
    <testcase name="Equals (299)" classname="spec_perl_TestExprBits_t" time="0.000169992446899414" />
  </testsuite>
  <testsuite name="spec_perl_TestNavParent3_t" errors="0" failures="0" skipped="0" tests="10" time="0.0467829704284668">
    <system-out>1..10
ok 1 - Equals
ok 2 - Equals
ok 3 - Equals
ok 4 - Equals
ok 5 - Equals
ok 6 - Equals
ok 7 - Equals
ok 8 - Equals
ok 9 - Equals
ok 10 - Equals
</system-out>
    <testcase name="Equals (300)" classname="spec_perl_TestNavParent3_t" time="0.000212907791137695" />
    <testcase name="Equals (301)" classname="spec_perl_TestNavParent3_t" time="9.20295715332031e-05" />
    <testcase name="Equals (302)" classname="spec_perl_TestNavParent3_t" time="0.000226974487304688" />
    <testcase name="Equals (303)" classname="spec_perl_TestNavParent3_t" time="8.10623168945312e-05" />
    <testcase name="Equals (304)" classname="spec_perl_TestNavParent3_t" time="0.000133991241455078" />
    <testcase name="Equals (305)" classname="spec_perl_TestNavParent3_t" time="0.000177145004272461" />
    <testcase name="Equals (306)" classname="spec_perl_TestNavParent3_t" time="0.000116825103759766" />
    <testcase name="Equals (307)" classname="spec_perl_TestNavParent3_t" time="0.00014805793762207" />
    <testcase name="Equals (308)" classname="spec_perl_TestNavParent3_t" time="0.000112056732177734" />
    <testcase name="Equals (309)" classname="spec_perl_TestNavParent3_t" time="0.000181913375854492" />
  </testsuite>
  <testsuite name="spec_perl_TestImportsAbsRel_t" errors="0" failures="0" skipped="0" tests="3" time="0.043097972869873">
    <system-out>1..3
ok 1 - Equals
ok 2 - Equals
ok 3 - Equals
</system-out>
    <testcase name="Equals (310)" classname="spec_perl_TestImportsAbsRel_t" time="0.000226020812988281" />
    <testcase name="Equals (311)" classname="spec_perl_TestImportsAbsRel_t" time="7.89165496826172e-05" />
    <testcase name="Equals (312)" classname="spec_perl_TestImportsAbsRel_t" time="0.000138998031616211" />
  </testsuite>
  <testsuite name="spec_perl_TestZlibWithHeader78_t" errors="0" failures="0" skipped="0" tests="1" time="0.0629909038543701">
    <system-out>1..1
ok 1 - Equals
</system-out>
    <testcase name="Equals (313)" classname="spec_perl_TestZlibWithHeader78_t" time="0.000365018844604492" />
  </testsuite>
  <testsuite name="spec_perl_TestNestedTypeParam_t" errors="0" failures="2" skipped="0" tests="2" time="0.0515649318695068">
    <system-out>1..2
not ok 1 - Equals
not ok 2 - Equals
</system-out>
    <testcase name="Equals (314)" classname="spec_perl_TestNestedTypeParam_t" time="0.00176501274108887">
      <failure message="not ok 1 - Equals" type="TAP::Parser::Result::Test"></failure>
    </testcase>
    <testcase name="Equals (315)" classname="spec_perl_TestNestedTypeParam_t" time="0.00274395942687988">
      <failure message="not ok 2 - Equals" type="TAP::Parser::Result::Test"></failure>
    </testcase>
  </testsuite>
  <testsuite name="spec_perl_TestIfValues_t" errors="0" failures="0" skipped="0" tests="6" time="0.0442590713500977">
    <system-out>1..6
ok 1 - Equals
ok 2 - Equals
ok 3 - Equals
ok 4 - nil
ok 5 - Equals
ok 6 - nil
</system-out>
    <testcase name="Equals (316)" classname="spec_perl_TestIfValues_t" time="0.000175952911376953" />
    <testcase name="Equals (317)" classname="spec_perl_TestIfValues_t" time="7.10487365722656e-05" />
    <testcase name="Equals (318)" classname="spec_perl_TestIfValues_t" time="0.000117063522338867" />
    <testcase name="nil (318)" classname="spec_perl_TestIfValues_t" time="6.60419464111328e-05" />
    <testcase name="Equals (319)" classname="spec_perl_TestIfValues_t" time="0.000133991241455078" />
    <testcase name="nil (319)" classname="spec_perl_TestIfValues_t" time="8.58306884765625e-05" />
  </testsuite>
  <testsuite name="spec_perl_TestStrEos_t" errors="0" failures="0" skipped="0" tests="1" time="0.0452921390533447">
    <system-out>1..1
ok 1 - Equals
</system-out>
    <testcase name="Equals (320)" classname="spec_perl_TestStrEos_t" time="0.000250101089477539" />
  </testsuite>
  <testsuite name="spec_perl_TestRepeatNStruct_t" errors="0" failures="0" skipped="0" tests="5" time="0.0436229705810547">
    <system-out>1..5
ok 1 - Equals
ok 2 - Equals
ok 3 - Equals
ok 4 - Equals
ok 5 - Equals
</system-out>
    <testcase name="Equals (321)" classname="spec_perl_TestRepeatNStruct_t" time="0.000177145004272461" />
    <testcase name="Equals (322)" classname="spec_perl_TestRepeatNStruct_t" time="6.79492950439453e-05" />
    <testcase name="Equals (323)" classname="spec_perl_TestRepeatNStruct_t" time="0.000139951705932617" />
    <testcase name="Equals (324)" classname="spec_perl_TestRepeatNStruct_t" time="0.000121116638183594" />
    <testcase name="Equals (325)" classname="spec_perl_TestRepeatNStruct_t" time="0.000142812728881836" />
  </testsuite>
  <testsuite name="spec_perl_TestParamsCallExtraParens_t" errors="0" failures="1" skipped="0" tests="1" time="0.0475590229034424">
    <system-out>1..1
not ok 1 - Equals
</system-out>
    <testcase name="Equals (326)" classname="spec_perl_TestParamsCallExtraParens_t" time="0.00356388092041016">
      <failure message="not ok 1 - Equals" type="TAP::Parser::Result::Test"></failure>
    </testcase>
  </testsuite>
  <testsuite name="spec_perl_TestSwitchManualStrElse_t" errors="0" failures="0" skipped="0" tests="9" time="0.0465919971466064">
    <system-out>1..9
ok 1 - Equals
ok 2 - Equals
ok 3 - Equals
ok 4 - Equals
ok 5 - Equals
ok 6 - Equals
ok 7 - Equals
ok 8 - Equals
ok 9 - Equals
</system-out>
    <testcase name="Equals (327)" classname="spec_perl_TestSwitchManualStrElse_t" time="0.000310897827148438" />
    <testcase name="Equals (328)" classname="spec_perl_TestSwitchManualStrElse_t" time="8.60691070556641e-05" />
    <testcase name="Equals (329)" classname="spec_perl_TestSwitchManualStrElse_t" time="8.20159912109375e-05" />
    <testcase name="Equals (330)" classname="spec_perl_TestSwitchManualStrElse_t" time="0.000154018402099609" />
    <testcase name="Equals (331)" classname="spec_perl_TestSwitchManualStrElse_t" time="0.000114917755126953" />
    <testcase name="Equals (332)" classname="spec_perl_TestSwitchManualStrElse_t" time="0.000124931335449219" />
    <testcase name="Equals (333)" classname="spec_perl_TestSwitchManualStrElse_t" time="0.000112056732177734" />
    <testcase name="Equals (334)" classname="spec_perl_TestSwitchManualStrElse_t" time="0.000146150588989258" />
    <testcase name="Equals (335)" classname="spec_perl_TestSwitchManualStrElse_t" time="0.000128984451293945" />
  </testsuite>
  <testsuite name="spec_perl_TestEnumToIClassBorder1_t" errors="0" failures="1" skipped="0" tests="3" time="0.0451788902282715">
    <system-out>1..3
ok 1 - Equals
ok 2 - Equals
not ok 3 - test_enum_to_i_class_border_1 died (Can't call method &quot;some_dog&quot; on an undefined value at compiled/perl/EnumToIClassBorder2.pm line 42.)
</system-out>
    <testcase name="Equals (336)" classname="spec_perl_TestEnumToIClassBorder1_t" time="0.000164031982421875" />
    <testcase name="Equals (337)" classname="spec_perl_TestEnumToIClassBorder1_t" time="0.000139951705932617" />
    <testcase name="test_enum_to_i_class_border_1 died (Can't call method &quot;some_dog&quot; on an undefined value at compiled/perl/EnumToIClassBorder2.pm line 42.) (337)" classname="spec_perl_TestEnumToIClassBorder1_t" time="0.000211954116821289">
      <failure message="not ok 3 - test_enum_to_i_class_border_1 died (Can't call method &quot;some_dog&quot; on an undefined value at compiled/perl/EnumToIClassBorder2.pm line 42.)" type="TAP::Parser::Result::Test"></failure>
    </testcase>
  </testsuite>
  <testsuite name="spec_perl_TestExprArray_t" errors="0" failures="1" skipped="0" tests="15" time="0.0528550148010254">
    <system-out>1..15
ok 1 - Equals
ok 2 - Equals
ok 3 - Equals
ok 4 - Equals
ok 5 - Equals
ok 6 - Equals
ok 7 - Equals
ok 8 - Equals
not ok 9 - Equals
ok 10 - Equals
ok 11 - Equals
ok 12 - Equals
ok 13 - Equals
ok 14 - Equals
ok 15 - Equals
</system-out>
    <testcase name="Equals (338)" classname="spec_perl_TestExprArray_t" time="0.000382184982299805" />
    <testcase name="Equals (339)" classname="spec_perl_TestExprArray_t" time="9.89437103271484e-05" />
    <testcase name="Equals (340)" classname="spec_perl_TestExprArray_t" time="5.98430633544922e-05" />
    <testcase name="Equals (341)" classname="spec_perl_TestExprArray_t" time="7.91549682617188e-05" />
    <testcase name="Equals (342)" classname="spec_perl_TestExprArray_t" time="0.00014495849609375" />
    <testcase name="Equals (343)" classname="spec_perl_TestExprArray_t" time="0.000138998031616211" />
    <testcase name="Equals (344)" classname="spec_perl_TestExprArray_t" time="0.000153064727783203" />
    <testcase name="Equals (345)" classname="spec_perl_TestExprArray_t" time="0.000134944915771484" />
    <testcase name="Equals (346)" classname="spec_perl_TestExprArray_t" time="0.000257968902587891">
      <failure message="not ok 9 - Equals" type="TAP::Parser::Result::Test"></failure>
    </testcase>
    <testcase name="Equals (347)" classname="spec_perl_TestExprArray_t" time="0.00432801246643066" />
    <testcase name="Equals (348)" classname="spec_perl_TestExprArray_t" time="8.60691070556641e-05" />
    <testcase name="Equals (349)" classname="spec_perl_TestExprArray_t" time="5.88893890380859e-05" />
    <testcase name="Equals (350)" classname="spec_perl_TestExprArray_t" time="4.00543212890625e-05" />
    <testcase name="Equals (351)" classname="spec_perl_TestExprArray_t" time="3.79085540771484e-05" />
    <testcase name="Equals (352)" classname="spec_perl_TestExprArray_t" time="4.1961669921875e-05" />
  </testsuite>
  <testsuite name="spec_perl_TestStrLiterals_t" errors="0" failures="0" skipped="0" tests="5" time="0.0429348945617676">
    <system-out>1..5
ok 1 - Equals
ok 2 - Equals
ok 3 - Equals
ok 4 - Equals
ok 5 - Equals
</system-out>
    <testcase name="Equals (353)" classname="spec_perl_TestStrLiterals_t" time="0.000223875045776367" />
    <testcase name="Equals (354)" classname="spec_perl_TestStrLiterals_t" time="8.20159912109375e-05" />
    <testcase name="Equals (355)" classname="spec_perl_TestStrLiterals_t" time="0.000163078308105469" />
    <testcase name="Equals (356)" classname="spec_perl_TestStrLiterals_t" time="0.000136852264404297" />
    <testcase name="Equals (357)" classname="spec_perl_TestStrLiterals_t" time="0.000159025192260742" />
  </testsuite>
  <testsuite name="spec_perl_TestParamsPassArrayInt_t" errors="0" failures="1" skipped="6" tests="7" time="0.0500319004058838">
    <system-out>1..7
not ok 1 - test_params_pass_array_int died (Can't use an undefined value as an ARRAY reference at spec/perl/TestParamsPassArrayInt.t line 15.)
ok 2 # skip test_params_pass_array_int died
ok 3 # skip test_params_pass_array_int died
ok 4 # skip test_params_pass_array_int died
ok 5 # skip test_params_pass_array_int died
ok 6 # skip test_params_pass_array_int died
ok 7 # skip test_params_pass_array_int died
</system-out>
    <testcase name="test_params_pass_array_int died (Can't use an undefined value as an ARRAY reference at spec/perl/TestParamsPassArrayInt.t line 15.) (357)" classname="spec_perl_TestParamsPassArrayInt_t" time="0.000678062438964844">
      <failure message="not ok 1 - test_params_pass_array_int died (Can't use an undefined value as an ARRAY reference at spec/perl/TestParamsPassArrayInt.t line 15.)" type="TAP::Parser::Result::Test"></failure>
    </testcase>
    <testcase name="Unnamed test case 357" classname="spec_perl_TestParamsPassArrayInt_t" time="0.000732898712158203">
      <skipped message="ok 2 # skip test_params_pass_array_int died" />
    </testcase>
    <testcase name="Unnamed test case 358" classname="spec_perl_TestParamsPassArrayInt_t" time="0.000300168991088867">
      <skipped message="ok 3 # skip test_params_pass_array_int died" />
    </testcase>
    <testcase name="Unnamed test case 359" classname="spec_perl_TestParamsPassArrayInt_t" time="0.000283002853393555">
      <skipped message="ok 4 # skip test_params_pass_array_int died" />
    </testcase>
    <testcase name="Unnamed test case 360" classname="spec_perl_TestParamsPassArrayInt_t" time="0.000310897827148438">
      <skipped message="ok 5 # skip test_params_pass_array_int died" />
    </testcase>
    <testcase name="Unnamed test case 361" classname="spec_perl_TestParamsPassArrayInt_t" time="0.00029301643371582">
      <skipped message="ok 6 # skip test_params_pass_array_int died" />
    </testcase>
    <testcase name="Unnamed test case 362" classname="spec_perl_TestParamsPassArrayInt_t" time="0.000286102294921875">
      <skipped message="ok 7 # skip test_params_pass_array_int died" />
    </testcase>
  </testsuite>
  <testsuite name="spec_perl_TestProcessCoerceUsertype1_t" errors="0" failures="0" skipped="0" tests="4" time="0.0458760261535645">
    <system-out>1..4
ok 1 - Equals
ok 2 - Equals
ok 3 - Equals
ok 4 - Equals
</system-out>
    <testcase name="Equals (362)" classname="spec_perl_TestProcessCoerceUsertype1_t" time="0.00063014030456543" />
    <testcase name="Equals (363)" classname="spec_perl_TestProcessCoerceUsertype1_t" time="0.000105857849121094" />
    <testcase name="Equals (364)" classname="spec_perl_TestProcessCoerceUsertype1_t" time="6.103515625e-05" />
    <testcase name="Equals (365)" classname="spec_perl_TestProcessCoerceUsertype1_t" time="9.70363616943359e-05" />
  </testsuite>
  <testsuite name="spec_perl_TestIntegers_t" errors="1" failures="0" skipped="0" tests="0" time="0.0428388118743896">
    <system-out></system-out>
    <testcase name="Test died too soon, even before plan. (365)" classname="spec_perl_TestIntegers_t" time="0.0428388118743896">
      <failure message="The test suite died before a plan was produced. You need to have a plan." type="Plan">No plan</failure>
    </testcase>
  </testsuite>
  <testsuite name="spec_perl_TestIndexToParamUntil_t" errors="0" failures="2" skipped="0" tests="7" time="0.0588839054107666">
    <system-out>1..7
ok 1 - Equals
ok 2 - Equals
ok 3 - Equals
ok 4 - Equals
ok 5 - Equals
not ok 6 - Equals
not ok 7 - Equals
</system-out>
    <testcase name="Equals (366)" classname="spec_perl_TestIndexToParamUntil_t" time="0.00052189826965332" />
    <testcase name="Equals (367)" classname="spec_perl_TestIndexToParamUntil_t" time="0.000457048416137695" />
    <testcase name="Equals (368)" classname="spec_perl_TestIndexToParamUntil_t" time="0.000321865081787109" />
    <testcase name="Equals (369)" classname="spec_perl_TestIndexToParamUntil_t" time="0.000343084335327148" />
    <testcase name="Equals (370)" classname="spec_perl_TestIndexToParamUntil_t" time="0.000380039215087891" />
    <testcase name="Equals (371)" classname="spec_perl_TestIndexToParamUntil_t" time="0.000463008880615234">
      <failure message="not ok 6 - Equals" type="TAP::Parser::Result::Test"></failure>
    </testcase>
    <testcase name="Equals (372)" classname="spec_perl_TestIndexToParamUntil_t" time="0.00108695030212402">
      <failure message="not ok 7 - Equals" type="TAP::Parser::Result::Test"></failure>
    </testcase>
  </testsuite>
  <testsuite name="spec_perl_TestEnumLongRangeU_t" errors="0" failures="0" skipped="0" tests="4" time="0.0429401397705078">
    <system-out>1..4
ok 1 - Equals
ok 2 - Equals
ok 3 - Equals
ok 4 - Equals
</system-out>
    <testcase name="Equals (373)" classname="spec_perl_TestEnumLongRangeU_t" time="0.000226974487304688" />
    <testcase name="Equals (374)" classname="spec_perl_TestEnumLongRangeU_t" time="0.000117063522338867" />
    <testcase name="Equals (375)" classname="spec_perl_TestEnumLongRangeU_t" time="6.60419464111328e-05" />
    <testcase name="Equals (376)" classname="spec_perl_TestEnumLongRangeU_t" time="0.000139951705932617" />
  </testsuite>
  <testsuite name="spec_perl_TestRepeatNStrz_t" errors="0" failures="0" skipped="0" tests="2" time="0.0455808639526367">
    <system-out>1..2
ok 1 - Equals
ok 2 - Equals
</system-out>
    <testcase name="Equals (377)" classname="spec_perl_TestRepeatNStrz_t" time="0.000291824340820312" />
    <testcase name="Equals (378)" classname="spec_perl_TestRepeatNStrz_t" time="8.29696655273438e-05" />
  </testsuite>
  <testsuite name="spec_perl_TestSwitchManualIntSize_t" errors="0" failures="1" skipped="0" tests="10" time="0.0521008968353271">
    <system-out>1..10
ok 1 - Equals
ok 2 - Equals
ok 3 - Equals
ok 4 - Equals
ok 5 - Equals
not ok 6 - test switch manual int size
ok 7 - Equals
ok 8 - Equals
ok 9 - Equals
ok 10 - Equals
</system-out>
    <testcase name="Equals (379)" classname="spec_perl_TestSwitchManualIntSize_t" time="0.000624895095825195" />
    <testcase name="Equals (380)" classname="spec_perl_TestSwitchManualIntSize_t" time="0.000111103057861328" />
    <testcase name="Equals (381)" classname="spec_perl_TestSwitchManualIntSize_t" time="9.08374786376953e-05" />
    <testcase name="Equals (382)" classname="spec_perl_TestSwitchManualIntSize_t" time="6.50882720947266e-05" />
    <testcase name="Equals (383)" classname="spec_perl_TestSwitchManualIntSize_t" time="0.00015711784362793" />
    <testcase name="test switch manual int size (383)" classname="spec_perl_TestSwitchManualIntSize_t" time="0.00472688674926758">
      <failure message="not ok 6 - test switch manual int size" type="TAP::Parser::Result::Test"></failure>
    </testcase>
    <testcase name="Equals (384)" classname="spec_perl_TestSwitchManualIntSize_t" time="6.79492950439453e-05" />
    <testcase name="Equals (385)" classname="spec_perl_TestSwitchManualIntSize_t" time="3.00407409667969e-05" />
    <testcase name="Equals (386)" classname="spec_perl_TestSwitchManualIntSize_t" time="2.90870666503906e-05" />
    <testcase name="Equals (387)" classname="spec_perl_TestSwitchManualIntSize_t" time="2.288818359375e-05" />
  </testsuite>
  <testsuite name="spec_perl_TestBitsByteAligned_t" errors="0" failures="0" skipped="0" tests="9" time="0.0437850952148438">
    <system-out>1..9
ok 1 - Equals
ok 2 - Equals
ok 3 - Equals
ok 4 - Equals
ok 5 - Equals
ok 6 - Equals
ok 7 - Equals
ok 8 - Equals
ok 9 - Equals
</system-out>
    <testcase name="Equals (388)" classname="spec_perl_TestBitsByteAligned_t" time="0.000255107879638672" />
    <testcase name="Equals (389)" classname="spec_perl_TestBitsByteAligned_t" time="8.20159912109375e-05" />
    <testcase name="Equals (390)" classname="spec_perl_TestBitsByteAligned_t" time="0.000138044357299805" />
    <testcase name="Equals (391)" classname="spec_perl_TestBitsByteAligned_t" time="0.000125885009765625" />
    <testcase name="Equals (392)" classname="spec_perl_TestBitsByteAligned_t" time="0.000113010406494141" />
    <testcase name="Equals (393)" classname="spec_perl_TestBitsByteAligned_t" time="0.000145912170410156" />
    <testcase name="Equals (394)" classname="spec_perl_TestBitsByteAligned_t" time="0.000111103057861328" />
    <testcase name="Equals (395)" classname="spec_perl_TestBitsByteAligned_t" time="0.000149965286254883" />
    <testcase name="Equals (396)" classname="spec_perl_TestBitsByteAligned_t" time="0.000120162963867188" />
  </testsuite>
  <testsuite name="spec_perl_TestEnum0_t" errors="0" failures="0" skipped="0" tests="2" time="0.0451040267944336">
    <system-out>1..2
ok 1 - Equals
ok 2 - Equals
</system-out>
    <testcase name="Equals (397)" classname="spec_perl_TestEnum0_t" time="0.000272035598754883" />
    <testcase name="Equals (398)" classname="spec_perl_TestEnum0_t" time="8.08238983154297e-05" />
  </testsuite>
  <testsuite name="spec_perl_TestIoLocalVar_t" errors="0" failures="0" skipped="0" tests="2" time="0.0432169437408447">
    <system-out>1..2
ok 1 - Equals
ok 2 - Equals
</system-out>
    <testcase name="Equals (399)" classname="spec_perl_TestIoLocalVar_t" time="0.00052189826965332" />
    <testcase name="Equals (400)" classname="spec_perl_TestIoLocalVar_t" time="9.29832458496094e-05" />
  </testsuite>
  <testsuite name="spec_perl_TestParamsCallShort_t" errors="0" failures="3" skipped="0" tests="3" time="0.0617451667785645">
    <system-out>1..3
not ok 1 - Equals
not ok 2 - Equals
not ok 3 - Equals
</system-out>
    <testcase name="Equals (401)" classname="spec_perl_TestParamsCallShort_t" time="0.000361919403076172">
      <failure message="not ok 1 - Equals" type="TAP::Parser::Result::Test"></failure>
    </testcase>
    <testcase name="Equals (402)" classname="spec_perl_TestParamsCallShort_t" time="0.00107407569885254">
      <failure message="not ok 2 - Equals" type="TAP::Parser::Result::Test"></failure>
    </testcase>
    <testcase name="Equals (403)" classname="spec_perl_TestParamsCallShort_t" time="0.000824928283691406">
      <failure message="not ok 3 - Equals" type="TAP::Parser::Result::Test"></failure>
    </testcase>
  </testsuite>
  <testsuite name="spec_perl_TestFixedContents_t" errors="1" failures="0" skipped="0" tests="0" time="0.0436019897460938">
    <system-out></system-out>
    <testcase name="Test died too soon, even before plan. (403)" classname="spec_perl_TestFixedContents_t" time="0.0436019897460938">
      <failure message="The test suite died before a plan was produced. You need to have a plan." type="Plan">No plan</failure>
    </testcase>
  </testsuite>
  <testsuite name="spec_perl_TestParamsPassArrayStr_t" errors="0" failures="1" skipped="6" tests="7" time="0.0498471260070801">
    <system-out>1..7
not ok 1 - test_params_pass_array_str died (Can't use an undefined value as an ARRAY reference at spec/perl/TestParamsPassArrayStr.t line 15.)
ok 2 # skip test_params_pass_array_str died
ok 3 # skip test_params_pass_array_str died
ok 4 # skip test_params_pass_array_str died
ok 5 # skip test_params_pass_array_str died
ok 6 # skip test_params_pass_array_str died
ok 7 # skip test_params_pass_array_str died
</system-out>
    <testcase name="test_params_pass_array_str died (Can't use an undefined value as an ARRAY reference at spec/perl/TestParamsPassArrayStr.t line 15.) (403)" classname="spec_perl_TestParamsPassArrayStr_t" time="0.000316143035888672">
      <failure message="not ok 1 - test_params_pass_array_str died (Can't use an undefined value as an ARRAY reference at spec/perl/TestParamsPassArrayStr.t line 15.)" type="TAP::Parser::Result::Test"></failure>
    </testcase>
    <testcase name="Unnamed test case 403" classname="spec_perl_TestParamsPassArrayStr_t" time="0.00174498558044434">
      <skipped message="ok 2 # skip test_params_pass_array_str died" />
    </testcase>
    <testcase name="Unnamed test case 404" classname="spec_perl_TestParamsPassArrayStr_t" time="8.98838043212891e-05">
      <skipped message="ok 3 # skip test_params_pass_array_str died" />
    </testcase>
    <testcase name="Unnamed test case 405" classname="spec_perl_TestParamsPassArrayStr_t" time="0.000226974487304688">
      <skipped message="ok 4 # skip test_params_pass_array_str died" />
    </testcase>
    <testcase name="Unnamed test case 406" classname="spec_perl_TestParamsPassArrayStr_t" time="0.000101089477539062">
      <skipped message="ok 5 # skip test_params_pass_array_str died" />
    </testcase>
    <testcase name="Unnamed test case 407" classname="spec_perl_TestParamsPassArrayStr_t" time="7.20024108886719e-05">
      <skipped message="ok 6 # skip test_params_pass_array_str died" />
    </testcase>
    <testcase name="Unnamed test case 408" classname="spec_perl_TestParamsPassArrayStr_t" time="9.79900360107422e-05">
      <skipped message="ok 7 # skip test_params_pass_array_str died" />
    </testcase>
  </testsuite>
  <testsuite name="spec_perl_TestIndexToParamExpr_t" errors="0" failures="2" skipped="0" tests="7" time="0.0547127723693848">
    <system-out>1..7
ok 1 - Equals
ok 2 - Equals
ok 3 - Equals
ok 4 - Equals
ok 5 - Equals
not ok 6 - Equals
not ok 7 - Equals
</system-out>
    <testcase name="Equals (408)" classname="spec_perl_TestIndexToParamExpr_t" time="0.00284004211425781" />
    <testcase name="Equals (409)" classname="spec_perl_TestIndexToParamExpr_t" time="8.48770141601562e-05" />
    <testcase name="Equals (410)" classname="spec_perl_TestIndexToParamExpr_t" time="4.41074371337891e-05" />
    <testcase name="Equals (411)" classname="spec_perl_TestIndexToParamExpr_t" time="4.1961669921875e-05" />
[...]
  <testsuite name="spec_perl_TestYamlInts_t" errors="0" failures="0" skipped="0" tests="4" time="0.0504591464996338">
    <system-out>1..4
ok 1 - Equals
ok 2 - Equals
ok 3 - Equals
ok 4 - Equals
</system-out>
    <testcase name="Equals (725)" classname="spec_perl_TestYamlInts_t" time="0.000187873840332031" />
    <testcase name="Equals (726)" classname="spec_perl_TestYamlInts_t" time="0.000149965286254883" />
    <testcase name="Equals (727)" classname="spec_perl_TestYamlInts_t" time="0.000141143798828125" />
    <testcase name="Equals (728)" classname="spec_perl_TestYamlInts_t" time="0.000155925750732422" />
  </testsuite>
  <testsuite name="spec_perl_TestBcdUserTypeLe_t" errors="0" failures="0" skipped="0" tests="6" time="0.0442140102386475">
    <system-out>1..6
ok 1 - Equals
ok 2 - Equals
ok 3 - Equals
ok 4 - Equals
ok 5 - Equals
ok 6 - Equals
</system-out>
    <testcase name="Equals (729)" classname="spec_perl_TestBcdUserTypeLe_t" time="0.000546932220458984" />
    <testcase name="Equals (730)" classname="spec_perl_TestBcdUserTypeLe_t" time="0.000132083892822266" />
    <testcase name="Equals (731)" classname="spec_perl_TestBcdUserTypeLe_t" time="6.103515625e-05" />
    <testcase name="Equals (732)" classname="spec_perl_TestBcdUserTypeLe_t" time="0.000161886215209961" />
    <testcase name="Equals (733)" classname="spec_perl_TestBcdUserTypeLe_t" time="0.000144004821777344" />
    <testcase name="Equals (734)" classname="spec_perl_TestBcdUserTypeLe_t" time="0.000147104263305664" />
  </testsuite>
  <testsuite name="spec_perl_TestSwitchElseOnly_t" errors="0" failures="0" skipped="0" tests="3" time="0.042917013168335">
    <system-out>1..3
ok 1 - Equals
ok 2 - Equals
ok 3 - Equals
</system-out>
    <testcase name="Equals (735)" classname="spec_perl_TestSwitchElseOnly_t" time="0.000250101089477539" />
    <testcase name="Equals (736)" classname="spec_perl_TestSwitchElseOnly_t" time="8.29696655273438e-05" />
    <testcase name="Equals (737)" classname="spec_perl_TestSwitchElseOnly_t" time="0.000103950500488281" />
  </testsuite>
  <testsuite name="spec_perl_TestSwitchRepeatExpr_t" errors="0" failures="0" skipped="0" tests="3" time="0.0434510707855225">
    <system-out>1..3
ok 1 - Equals
ok 2 - Equals
ok 3 - Equals
</system-out>
    <testcase name="Equals (738)" classname="spec_perl_TestSwitchRepeatExpr_t" time="0.000488996505737305" />
    <testcase name="Equals (739)" classname="spec_perl_TestSwitchRepeatExpr_t" time="9.51290130615234e-05" />
    <testcase name="Equals (740)" classname="spec_perl_TestSwitchRepeatExpr_t" time="6.19888305664062e-05" />
  </testsuite>
  <testsuite name="spec_perl_TestImportsRel1_t" errors="0" failures="0" skipped="0" tests="3" time="0.0430798530578613">
    <system-out>1..3
ok 1 - Equals
ok 2 - Equals
ok 3 - Equals
</system-out>
    <testcase name="Equals (741)" classname="spec_perl_TestImportsRel1_t" time="0.000237941741943359" />
    <testcase name="Equals (742)" classname="spec_perl_TestImportsRel1_t" time="8.10623168945312e-05" />
    <testcase name="Equals (743)" classname="spec_perl_TestImportsRel1_t" time="0.00011897087097168" />
  </testsuite>
  <testsuite name="spec_perl_TestIndexSizes_t" errors="0" failures="0" skipped="0" tests="7" time="0.0462329387664795">
    <system-out>1..7
ok 1 - Equals
ok 2 - Equals
ok 3 - Equals
ok 4 - Equals
ok 5 - Equals
ok 6 - Equals
ok 7 - Equals
</system-out>
    <testcase name="Equals (744)" classname="spec_perl_TestIndexSizes_t" time="0.000262975692749023" />
    <testcase name="Equals (745)" classname="spec_perl_TestIndexSizes_t" time="8.20159912109375e-05" />
    <testcase name="Equals (746)" classname="spec_perl_TestIndexSizes_t" time="0.000116109848022461" />
    <testcase name="Equals (747)" classname="spec_perl_TestIndexSizes_t" time="0.000133991241455078" />
    <testcase name="Equals (748)" classname="spec_perl_TestIndexSizes_t" time="0.000118017196655273" />
    <testcase name="Equals (749)" classname="spec_perl_TestIndexSizes_t" time="0.00014185905456543" />
    <testcase name="Equals (750)" classname="spec_perl_TestIndexSizes_t" time="0.000119924545288086" />
  </testsuite>
  <testsuite name="spec_perl_TestEnumDeep_t" errors="0" failures="0" skipped="0" tests="2" time="0.0450670719146729">
    <system-out>1..2
ok 1 - Equals
ok 2 - Equals
</system-out>
    <testcase name="Equals (751)" classname="spec_perl_TestEnumDeep_t" time="0.000185012817382812" />
    <testcase name="Equals (752)" classname="spec_perl_TestEnumDeep_t" time="6.81877136230469e-05" />
  </testsuite>
  <testsuite name="spec_perl_TestEnumToI_t" errors="0" failures="0" skipped="0" tests="5" time="0.043165922164917">
    <system-out>1..5
ok 1 - Equals
ok 2 - Equals
ok 3 - Equals
ok 4 - Equals
ok 5 - Equals
</system-out>
    <testcase name="Equals (753)" classname="spec_perl_TestEnumToI_t" time="0.0001678466796875" />
    <testcase name="Equals (754)" classname="spec_perl_TestEnumToI_t" time="0.000121116638183594" />
    <testcase name="Equals (755)" classname="spec_perl_TestEnumToI_t" time="0.000133037567138672" />
    <testcase name="Equals (756)" classname="spec_perl_TestEnumToI_t" time="0.00014185905456543" />
    <testcase name="Equals (757)" classname="spec_perl_TestEnumToI_t" time="0.000113010406494141" />
  </testsuite>
  <testsuite name="spec_perl_TestNestedTypes_t" errors="0" failures="0" skipped="0" tests="3" time="0.0439119338989258">
    <system-out>1..3
ok 1 - Equals
ok 2 - Equals
ok 3 - Equals
</system-out>
    <testcase name="Equals (758)" classname="spec_perl_TestNestedTypes_t" time="0.000209808349609375" />
    <testcase name="Equals (759)" classname="spec_perl_TestNestedTypes_t" time="7.10487365722656e-05" />
    <testcase name="Equals (760)" classname="spec_perl_TestNestedTypes_t" time="0.000161170959472656" />
  </testsuite>
  <testsuite name="spec_perl_TestSwitchManualIntSizeElse_t" errors="0" failures="0" skipped="0" tests="10" time="0.050847053527832">
    <system-out>1..10
ok 1 - Equals
ok 2 - Equals
ok 3 - Equals
ok 4 - Equals
ok 5 - Equals
ok 6 - Equals
ok 7 - Equals
ok 8 - Equals
ok 9 - Equals
ok 10 - Equals
</system-out>
    <testcase name="Equals (761)" classname="spec_perl_TestSwitchManualIntSizeElse_t" time="0.000681877136230469" />
    <testcase name="Equals (762)" classname="spec_perl_TestSwitchManualIntSizeElse_t" time="0.000102996826171875" />
    <testcase name="Equals (763)" classname="spec_perl_TestSwitchManualIntSizeElse_t" time="5.91278076171875e-05" />
    <testcase name="Equals (764)" classname="spec_perl_TestSwitchManualIntSizeElse_t" time="0.000113964080810547" />
    <testcase name="Equals (765)" classname="spec_perl_TestSwitchManualIntSizeElse_t" time="0.00014495849609375" />
    <testcase name="Equals (766)" classname="spec_perl_TestSwitchManualIntSizeElse_t" time="0.000160932540893555" />
    <testcase name="Equals (767)" classname="spec_perl_TestSwitchManualIntSizeElse_t" time="0.000121116638183594" />
    <testcase name="Equals (768)" classname="spec_perl_TestSwitchManualIntSizeElse_t" time="0.000206947326660156" />
    <testcase name="Equals (769)" classname="spec_perl_TestSwitchManualIntSizeElse_t" time="0.000108957290649414" />
    <testcase name="Equals (770)" classname="spec_perl_TestSwitchManualIntSizeElse_t" time="0.000153064727783203" />
  </testsuite>
  <testsuite name="spec_perl_TestEnumFancy_t" errors="0" failures="0" skipped="0" tests="2" time="0.0438668727874756">
    <system-out>1..2
ok 1 - Equals
ok 2 - Equals
</system-out>
    <testcase name="Equals (771)" classname="spec_perl_TestEnumFancy_t" time="0.000216007232666016" />
    <testcase name="Equals (772)" classname="spec_perl_TestEnumFancy_t" time="7.79628753662109e-05" />
  </testsuite>
  <testsuite name="spec_perl_TestDocstrings_t" errors="0" failures="0" skipped="1" tests="1" time="0.0450918674468994">
    <system-out>1..1
ok 1 # skip Docstrings=HASH(0x2dc2908)
</system-out>
    <testcase name="Unnamed test case 772" classname="spec_perl_TestDocstrings_t" time="0.00122594833374023">
      <skipped message="ok 1 # skip Docstrings=HASH(0x2dc2908)" />
    </testcase>
  </testsuite>
  <testsuite name="spec_perl_TestExprBytesOps_t" errors="1" failures="0" skipped="0" tests="0" time="0.0428140163421631">
    <system-out></system-out>
    <testcase name="Test died too soon, even before plan. (772)" classname="spec_perl_TestExprBytesOps_t" time="0.0428140163421631">
      <failure message="The test suite died before a plan was produced. You need to have a plan." type="Plan">No plan</failure>
    </testcase>
  </testsuite>
  <testsuite name="spec_perl_TestCombineEnum_t" errors="0" failures="0" skipped="0" tests="3" time="0.0429589748382568">
    <system-out>1..3
ok 1 - Equals
ok 2 - Equals
ok 3 - Equals
</system-out>
    <testcase name="Equals (773)" classname="spec_perl_TestCombineEnum_t" time="0.000226020812988281" />
    <testcase name="Equals (774)" classname="spec_perl_TestCombineEnum_t" time="0.000121831893920898" />
    <testcase name="Equals (775)" classname="spec_perl_TestCombineEnum_t" time="6.31809234619141e-05" />
  </testsuite>
  <testsuite name="spec_perl_TestEnumImport_t" errors="0" failures="2" skipped="0" tests="2" time="0.0483889579772949">
    <system-out>1..2
not ok 1 - Equals
not ok 2 - Equals
</system-out>
    <testcase name="Equals (776)" classname="spec_perl_TestEnumImport_t" time="0.000226020812988281">
      <failure message="not ok 1 - Equals" type="TAP::Parser::Result::Test"></failure>
    </testcase>
    <testcase name="Equals (777)" classname="spec_perl_TestEnumImport_t" time="0.00216507911682129">
      <failure message="not ok 2 - Equals" type="TAP::Parser::Result::Test"></failure>
    </testcase>
  </testsuite>
  <testsuite name="spec_perl_TestEnumNegative_t" errors="0" failures="0" skipped="0" tests="2" time="0.0426499843597412">
    <system-out>1..2
ok 1 - Equals
ok 2 - Equals
</system-out>
    <testcase name="Equals (778)" classname="spec_perl_TestEnumNegative_t" time="0.000180959701538086" />
    <testcase name="Equals (779)" classname="spec_perl_TestEnumNegative_t" time="6.79492950439453e-05" />
  </testsuite>
  <testsuite name="spec_perl_TestDefaultEndianExprException_t" errors="0" failures="0" skipped="0" tests="1" time="0.0439631938934326">
    <system-out>1..1
ok 1 - Died
</system-out>
    <testcase name="Died (779)" classname="spec_perl_TestDefaultEndianExprException_t" time="0.000252008438110352" />
  </testsuite>
  <testsuite name="spec_perl_TestSwitchManualStr_t" errors="0" failures="0" skipped="0" tests="9" time="0.0463168621063232">
    <system-out>1..9
ok 1 - Equals
ok 2 - Equals
ok 3 - Equals
ok 4 - Equals
ok 5 - Equals
ok 6 - Equals
ok 7 - Equals
ok 8 - Equals
ok 9 - Equals
</system-out>
    <testcase name="Equals (780)" classname="spec_perl_TestSwitchManualStr_t" time="0.000310897827148438" />
    <testcase name="Equals (781)" classname="spec_perl_TestSwitchManualStr_t" time="8.91685485839844e-05" />
    <testcase name="Equals (782)" classname="spec_perl_TestSwitchManualStr_t" time="6.69956207275391e-05" />
    <testcase name="Equals (783)" classname="spec_perl_TestSwitchManualStr_t" time="0.00023198127746582" />
    <testcase name="Equals (784)" classname="spec_perl_TestSwitchManualStr_t" time="8.20159912109375e-05" />
    <testcase name="Equals (785)" classname="spec_perl_TestSwitchManualStr_t" time="7.70092010498047e-05" />
    <testcase name="Equals (786)" classname="spec_perl_TestSwitchManualStr_t" time="0.000156879425048828" />
    <testcase name="Equals (787)" classname="spec_perl_TestSwitchManualStr_t" time="0.000113964080810547" />
    <testcase name="Equals (788)" classname="spec_perl_TestSwitchManualStr_t" time="0.000151157379150391" />
  </testsuite>
  <testsuite name="spec_perl_TestSwitchManualInt_t" errors="0" failures="0" skipped="0" tests="9" time="0.0469069480895996">
    <system-out>1..9
ok 1 - Equals
ok 2 - Equals
ok 3 - Equals
ok 4 - Equals
ok 5 - Equals
ok 6 - Equals
ok 7 - Equals
ok 8 - Equals
ok 9 - Equals
</system-out>
    <testcase name="Equals (789)" classname="spec_perl_TestSwitchManualInt_t" time="0.000276088714599609" />
    <testcase name="Equals (790)" classname="spec_perl_TestSwitchManualInt_t" time="9.10758972167969e-05" />
    <testcase name="Equals (791)" classname="spec_perl_TestSwitchManualInt_t" time="0.000114917755126953" />
    <testcase name="Equals (792)" classname="spec_perl_TestSwitchManualInt_t" time="0.00015711784362793" />
    <testcase name="Equals (793)" classname="spec_perl_TestSwitchManualInt_t" time="0.000114917755126953" />
    <testcase name="Equals (794)" classname="spec_perl_TestSwitchManualInt_t" time="0.000160932540893555" />
    <testcase name="Equals (795)" classname="spec_perl_TestSwitchManualInt_t" time="0.000131130218505859" />
    <testcase name="Equals (796)" classname="spec_perl_TestSwitchManualInt_t" time="0.000121831893920898" />
    <testcase name="Equals (797)" classname="spec_perl_TestSwitchManualInt_t" time="0.000141143798828125" />
  </testsuite>
  <testsuite name="spec_perl_TestPositionAbs_t" errors="0" failures="0" skipped="0" tests="2" time="0.046921968460083">
    <system-out>1..2
ok 1 - Equals
ok 2 - Equals
</system-out>
    <testcase name="Equals (798)" classname="spec_perl_TestPositionAbs_t" time="0.000230073928833008" />
    <testcase name="Equals (799)" classname="spec_perl_TestPositionAbs_t" time="0.000194787979125977" />
  </testsuite>
  <testsuite name="spec_perl_TestExpr1_t" errors="0" failures="0" skipped="0" tests="4" time="0.0455329418182373">
    <system-out>1..4
ok 1 - Equals
ok 2 - Equals
ok 3 - Equals
ok 4 - Equals
</system-out>
    <testcase name="Equals (800)" classname="spec_perl_TestExpr1_t" time="0.000215053558349609" />
    <testcase name="Equals (801)" classname="spec_perl_TestExpr1_t" time="7.70092010498047e-05" />
    <testcase name="Equals (802)" classname="spec_perl_TestExpr1_t" time="5.69820404052734e-05" />
    <testcase name="Equals (803)" classname="spec_perl_TestExpr1_t" time="0.000151872634887695" />
  </testsuite>
  <testsuite name="spec_perl_TestExprIoPos_t" errors="0" failures="0" skipped="0" tests="6" time="0.0466358661651611">
    <system-out>1..6
ok 1 - Equals
ok 2 - Equals
ok 3 - Equals
ok 4 - Equals
ok 5 - Equals
ok 6 - Equals
</system-out>
    <testcase name="Equals (804)" classname="spec_perl_TestExprIoPos_t" time="0.000603914260864258" />
    <testcase name="Equals (805)" classname="spec_perl_TestExprIoPos_t" time="0.000114917755126953" />
    <testcase name="Equals (806)" classname="spec_perl_TestExprIoPos_t" time="6.19888305664062e-05" />
    <testcase name="Equals (807)" classname="spec_perl_TestExprIoPos_t" time="5.50746917724609e-05" />
    <testcase name="Equals (808)" classname="spec_perl_TestExprIoPos_t" time="0.000149011611938477" />
    <testcase name="Equals (809)" classname="spec_perl_TestExprIoPos_t" time="0.00010991096496582" />
  </testsuite>
  <testsuite name="spec_perl_TestProcessRepeatBytes_t" errors="0" failures="0" skipped="0" tests="2" time="0.0587809085845947">
    <system-out>1..2
ok 1 - Equals
ok 2 - Equals
</system-out>
    <testcase name="Equals (810)" classname="spec_perl_TestProcessRepeatBytes_t" time="0.000173091888427734" />
    <testcase name="Equals (811)" classname="spec_perl_TestProcessRepeatBytes_t" time="7.20024108886719e-05" />
  </testsuite>
  <testsuite name="spec_perl_TestNestedTypes3_t" errors="0" failures="0" skipped="0" tests="5" time="0.0434110164642334">
    <system-out>1..5
ok 1 - Equals
ok 2 - Equals
ok 3 - Equals
ok 4 - Equals
ok 5 - Equals
</system-out>
    <testcase name="Equals (812)" classname="spec_perl_TestNestedTypes3_t" time="0.000197172164916992" />
    <testcase name="Equals (813)" classname="spec_perl_TestNestedTypes3_t" time="7.70092010498047e-05" />
    <testcase name="Equals (814)" classname="spec_perl_TestNestedTypes3_t" time="0.000131845474243164" />
    <testcase name="Equals (815)" classname="spec_perl_TestNestedTypes3_t" time="0.000128984451293945" />
    <testcase name="Equals (816)" classname="spec_perl_TestNestedTypes3_t" time="0.000132083892822266" />
  </testsuite>
  <testsuite name="spec_perl_TestExpr2_t" errors="0" failures="0" skipped="0" tests="17" time="0.0482890605926514">
    <system-out>1..17
ok 1 - Equals
ok 2 - Equals
ok 3 - Equals
ok 4 - Equals
ok 5 - Equals
ok 6 - Equals
ok 7 - Equals
ok 8 - Equals
ok 9 - Equals
ok 10 - Equals
ok 11 - Equals
ok 12 - Equals
ok 13 - Equals
ok 14 - Equals
ok 15 - Equals
ok 16 - Equals
ok 17 - Equals
</system-out>
    <testcase name="Equals (817)" classname="spec_perl_TestExpr2_t" time="0.000552177429199219" />
    <testcase name="Equals (818)" classname="spec_perl_TestExpr2_t" time="9.58442687988281e-05" />
    <testcase name="Equals (819)" classname="spec_perl_TestExpr2_t" time="5.60283660888672e-05" />
    <testcase name="Equals (820)" classname="spec_perl_TestExpr2_t" time="0.000117063522338867" />
    <testcase name="Equals (821)" classname="spec_perl_TestExpr2_t" time="0.000135898590087891" />
    <testcase name="Equals (822)" classname="spec_perl_TestExpr2_t" time="0.000127077102661133" />
    <testcase name="Equals (823)" classname="spec_perl_TestExpr2_t" time="0.000133037567138672" />
    <testcase name="Equals (824)" classname="spec_perl_TestExpr2_t" time="0.000176906585693359" />
    <testcase name="Equals (825)" classname="spec_perl_TestExpr2_t" time="0.000153064727783203" />
    <testcase name="Equals (826)" classname="spec_perl_TestExpr2_t" time="0.000123977661132812" />
    <testcase name="Equals (827)" classname="spec_perl_TestExpr2_t" time="0.000124931335449219" />
    <testcase name="Equals (828)" classname="spec_perl_TestExpr2_t" time="0.0001220703125" />
    <testcase name="Equals (829)" classname="spec_perl_TestExpr2_t" time="0.000154972076416016" />
    <testcase name="Equals (830)" classname="spec_perl_TestExpr2_t" time="0.000154018402099609" />
    <testcase name="Equals (831)" classname="spec_perl_TestExpr2_t" time="0.0001220703125" />
    <testcase name="Equals (832)" classname="spec_perl_TestExpr2_t" time="0.000126838684082031" />
    <testcase name="Equals (833)" classname="spec_perl_TestExpr2_t" time="0.000120162963867188" />
  </testsuite>
  <testsuite name="spec_perl_TestBitsSimple_t" errors="0" failures="0" skipped="0" tests="14" time="0.0453701019287109">
    <system-out>1..14
ok 1 - Equals
ok 2 - Equals
ok 3 - Equals
ok 4 - Equals
ok 5 - Equals
ok 6 - Equals
ok 7 - Equals
ok 8 - Equals
ok 9 - Equals
ok 10 - Equals
ok 11 - Equals
ok 12 - Equals
ok 13 - Equals
ok 14 - Equals
</system-out>
    <testcase name="Equals (834)" classname="spec_perl_TestBitsSimple_t" time="0.000279903411865234" />
    <testcase name="Equals (835)" classname="spec_perl_TestBitsSimple_t" time="0.000127077102661133" />
    <testcase name="Equals (836)" classname="spec_perl_TestBitsSimple_t" time="6.60419464111328e-05" />
    <testcase name="Equals (837)" classname="spec_perl_TestBitsSimple_t" time="0.000114917755126953" />
    <testcase name="Equals (838)" classname="spec_perl_TestBitsSimple_t" time="0.000143051147460938" />
    <testcase name="Equals (839)" classname="spec_perl_TestBitsSimple_t" time="0.000134944915771484" />
    <testcase name="Equals (840)" classname="spec_perl_TestBitsSimple_t" time="0.000153064727783203" />
    <testcase name="Equals (841)" classname="spec_perl_TestBitsSimple_t" time="0.000118017196655273" />
    <testcase name="Equals (842)" classname="spec_perl_TestBitsSimple_t" time="0.000135898590087891" />
    <testcase name="Equals (843)" classname="spec_perl_TestBitsSimple_t" time="0.0001220703125" />
    <testcase name="Equals (844)" classname="spec_perl_TestBitsSimple_t" time="0.000156879425048828" />
    <testcase name="Equals (845)" classname="spec_perl_TestBitsSimple_t" time="0.00011897087097168" />
    <testcase name="Equals (846)" classname="spec_perl_TestBitsSimple_t" time="0.000123023986816406" />
    <testcase name="Equals (847)" classname="spec_perl_TestBitsSimple_t" time="0.000164985656738281" />
  </testsuite>
</testsuites>
