<?xml version='1.0' encoding='utf-8'?>
<testsuites>
  <testsuite name="spec_perl_TestFloatToI_t" errors="0" failures="0" skipped="0" tests="8" time="0.0790479183197021">
    <system-out>1..8
ok 1 - Approx equals
ok 2 - Approx equals
ok 3 - Equals
ok 4 - Equals
ok 5 - Equals
ok 6 - Equals
ok 7 - Equals
ok 8 - Equals
</system-out>
    <testcase name="Approx equals" classname="spec_perl_TestFloatToI_t" time="0.000279903411865234" />
    <testcase name="Approx equals (2)" classname="spec_perl_TestFloatToI_t" time="6.00814819335938e-05" />
    <testcase name="Equals (2)" classname="spec_perl_TestFloatToI_t" time="8.79764556884766e-05" />
    <testcase name="Equals (3)" classname="spec_perl_TestFloatToI_t" time="0.000123977661132812" />
    <testcase name="Equals (4)" classname="spec_perl_TestFloatToI_t" time="0.00015711784362793" />
    <testcase name="Equals (5)" classname="spec_perl_TestFloatToI_t" time="0.000185012817382812" />
    <testcase name="Equals (6)" classname="spec_perl_TestFloatToI_t" time="0.000154018402099609" />
    <testcase name="Equals (7)" classname="spec_perl_TestFloatToI_t" time="0.000159025192260742" />
  </testsuite>
  <testsuite name="spec_perl_TestEnumDeep_t" errors="0" failures="0" skipped="0" tests="2" time="0.0823590755462646">
    <system-out>1..2
ok 1 - Equals
ok 2 - Equals
</system-out>
    <testcase name="Equals (8)" classname="spec_perl_TestEnumDeep_t" time="0.000178098678588867" />
    <testcase name="Equals (9)" classname="spec_perl_TestEnumDeep_t" time="0.000157833099365234" />
  </testsuite>
  <testsuite name="spec_perl_TestExpr0_t" errors="0" failures="0" skipped="0" tests="2" time="0.0757122039794922">
    <system-out>1..2
ok 1 - Equals
ok 2 - Equals
</system-out>
    <testcase name="Equals (10)" classname="spec_perl_TestExpr0_t" time="0.000174999237060547" />
    <testcase name="Equals (11)" classname="spec_perl_TestExpr0_t" time="0.000107049942016602" />
  </testsuite>
  <testsuite name="spec_perl_TestExprSizeofValueSized_t" errors="0" failures="0" skipped="0" tests="5" time="0.0758659839630127">
    <system-out>1..5
ok 1 - Equals
ok 2 - Equals
ok 3 - Equals
ok 4 - Equals
ok 5 - Equals
</system-out>
    <testcase name="Equals (12)" classname="spec_perl_TestExprSizeofValueSized_t" time="0.000597000122070312" />
    <testcase name="Equals (13)" classname="spec_perl_TestExprSizeofValueSized_t" time="8.0108642578125e-05" />
    <testcase name="Equals (14)" classname="spec_perl_TestExprSizeofValueSized_t" time="0.000174999237060547" />
    <testcase name="Equals (15)" classname="spec_perl_TestExprSizeofValueSized_t" time="0.000159978866577148" />
    <testcase name="Equals (16)" classname="spec_perl_TestExprSizeofValueSized_t" time="0.000160932540893555" />
  </testsuite>
  <testsuite name="spec_perl_TestTypeTernary2ndFalsy_t" errors="0" failures="0" skipped="0" tests="13" time="0.0705640316009521">
    <system-out>1..13
ok 1 - Equals
ok 2 - Equals
ok 3 - Equals
ok 4 - Approx equals
ok 5 - Approx equals
ok 6 - Equals
ok 7 - Equals
ok 8 - Equals
ok 9 - nil
ok 10 - Equals
ok 11 - Equals
ok 12 - Equals
ok 13 - Equals
</system-out>
    <testcase name="Equals (17)" classname="spec_perl_TestTypeTernary2ndFalsy_t" time="0.000277996063232422" />
    <testcase name="Equals (18)" classname="spec_perl_TestTypeTernary2ndFalsy_t" time="0.000138044357299805" />
    <testcase name="Equals (19)" classname="spec_perl_TestTypeTernary2ndFalsy_t" time="0.000153064727783203" />
    <testcase name="Approx equals (19)" classname="spec_perl_TestTypeTernary2ndFalsy_t" time="7.20024108886719e-05" />
    <testcase name="Approx equals (20)" classname="spec_perl_TestTypeTernary2ndFalsy_t" time="4.60147857666016e-05" />
    <testcase name="Equals (20)" classname="spec_perl_TestTypeTernary2ndFalsy_t" time="0.000181913375854492" />
    <testcase name="Equals (21)" classname="spec_perl_TestTypeTernary2ndFalsy_t" time="0.00020909309387207" />
    <testcase name="Equals (22)" classname="spec_perl_TestTypeTernary2ndFalsy_t" time="0.000197887420654297" />
    <testcase name="nil (22)" classname="spec_perl_TestTypeTernary2ndFalsy_t" time="0.000110149383544922" />
    <testcase name="Equals (23)" classname="spec_perl_TestTypeTernary2ndFalsy_t" time="0.000158786773681641" />
    <testcase name="Equals (24)" classname="spec_perl_TestTypeTernary2ndFalsy_t" time="0.000135183334350586" />
    <testcase name="Equals (25)" classname="spec_perl_TestTypeTernary2ndFalsy_t" time="0.000175952911376953" />
    <testcase name="Equals (26)" classname="spec_perl_TestTypeTernary2ndFalsy_t" time="0.000153064727783203" />
  </testsuite>
  <testsuite name="spec_perl_TestEnumIntRangeU_t" errors="0" failures="0" skipped="0" tests="2" time="0.071829080581665">
    <system-out>1..2
ok 1 - Equals
ok 2 - Equals
</system-out>
    <testcase name="Equals (27)" classname="spec_perl_TestEnumIntRangeU_t" time="0.000197887420654297" />
    <testcase name="Equals (28)" classname="spec_perl_TestEnumIntRangeU_t" time="0.000138044357299805" />
  </testsuite>
  <testsuite name="spec_perl_TestCombineBool_t" errors="0" failures="0" skipped="0" tests="2" time="0.0699660778045654">
    <system-out>1..2
ok 1 - Equals
ok 2 - Equals
</system-out>
    <testcase name="Equals (29)" classname="spec_perl_TestCombineBool_t" time="0.000184059143066406" />
    <testcase name="Equals (30)" classname="spec_perl_TestCombineBool_t" time="0.000110864639282227" />
  </testsuite>
  <testsuite name="spec_perl_TestEnumDeepLiterals_t" errors="0" failures="0" skipped="0" tests="2" time="0.0792279243469238">
    <system-out>1..2
ok 1 - Equals
ok 2 - Equals
</system-out>
    <testcase name="Equals (31)" classname="spec_perl_TestEnumDeepLiterals_t" time="0.000277996063232422" />
    <testcase name="Equals (32)" classname="spec_perl_TestEnumDeepLiterals_t" time="0.00020599365234375" />
  </testsuite>
  <testsuite name="spec_perl_TestImportsAbs_t" errors="0" failures="0" skipped="0" tests="2" time="0.0750718116760254">
    <system-out>1..2
ok 1 - Equals
ok 2 - Equals
</system-out>
    <testcase name="Equals (33)" classname="spec_perl_TestImportsAbs_t" time="0.000266075134277344" />
    <testcase name="Equals (34)" classname="spec_perl_TestImportsAbs_t" time="0.000132083892822266" />
  </testsuite>
  <testsuite name="spec_perl_TestSwitchRepeatExpr_t" errors="0" failures="0" skipped="0" tests="3" time="0.0784201622009277">
    <system-out>1..3
ok 1 - Equals
ok 2 - Equals
ok 3 - Equals
</system-out>
    <testcase name="Equals (35)" classname="spec_perl_TestSwitchRepeatExpr_t" time="0.000484943389892578" />
    <testcase name="Equals (36)" classname="spec_perl_TestSwitchRepeatExpr_t" time="0.000113010406494141" />
    <testcase name="Equals (37)" classname="spec_perl_TestSwitchRepeatExpr_t" time="0.000146865844726562" />
  </testsuite>
  <testsuite name="spec_perl_TestDocstringsDocref_t" errors="0" failures="0" skipped="1" tests="1" time="0.0774459838867188">
    <system-out>1..1
ok 1 # skip DocstringsDocref=HASH(0x5560940525a8)
</system-out>
    <testcase name="Unnamed test case 37" classname="spec_perl_TestDocstringsDocref_t" time="0.0015110969543457">
      <skipped message="ok 1 # skip DocstringsDocref=HASH(0x5560940525a8)" />
    </testcase>
  </testsuite>
  <testsuite name="spec_perl_TestStrEos_t" errors="0" failures="0" skipped="0" tests="1" time="0.0762898921966553">
    <system-out>1..1
ok 1 - Equals
</system-out>
    <testcase name="Equals (38)" classname="spec_perl_TestStrEos_t" time="0.000298023223876953" />
  </testsuite>
  <testsuite name="spec_perl_TestSwitchMultiBoolOps_t" errors="0" failures="0" skipped="0" tests="9" time="0.0791800022125244">
    <system-out>1..9
ok 1 - Equals
ok 2 - Equals
ok 3 - Equals
ok 4 - Equals
ok 5 - Equals
ok 6 - Equals
ok 7 - Equals
ok 8 - Equals
ok 9 - Equals
</system-out>
    <testcase name="Equals (39)" classname="spec_perl_TestSwitchMultiBoolOps_t" time="0.000334978103637695" />
    <testcase name="Equals (40)" classname="spec_perl_TestSwitchMultiBoolOps_t" time="0.000185966491699219" />
    <testcase name="Equals (41)" classname="spec_perl_TestSwitchMultiBoolOps_t" time="0.000153064727783203" />
    <testcase name="Equals (42)" classname="spec_perl_TestSwitchMultiBoolOps_t" time="0.000160932540893555" />
    <testcase name="Equals (43)" classname="spec_perl_TestSwitchMultiBoolOps_t" time="0.000144004821777344" />
    <testcase name="Equals (44)" classname="spec_perl_TestSwitchMultiBoolOps_t" time="0.000154018402099609" />
    <testcase name="Equals (45)" classname="spec_perl_TestSwitchMultiBoolOps_t" time="0.000181913375854492" />
    <testcase name="Equals (46)" classname="spec_perl_TestSwitchMultiBoolOps_t" time="0.000174999237060547" />
    <testcase name="Equals (47)" classname="spec_perl_TestSwitchMultiBoolOps_t" time="0.000150203704833984" />
  </testsuite>
  <testsuite name="spec_perl_TestPositionToEnd_t" errors="0" failures="0" skipped="0" tests="2" time="0.072376012802124">
    <system-out>1..2
ok 1 - Equals
ok 2 - Equals
</system-out>
    <testcase name="Equals (48)" classname="spec_perl_TestPositionToEnd_t" time="0.000234842300415039" />
    <testcase name="Equals (49)" classname="spec_perl_TestPositionToEnd_t" time="0.000158071517944336" />
  </testsuite>
  <testsuite name="spec_perl_TestIndexToParamEos_t" errors="0" failures="2" skipped="0" tests="7" time="0.0935001373291016">
    <system-out>1..7
ok 1 - Equals
ok 2 - Equals
ok 3 - Equals
ok 4 - Equals
ok 5 - Equals
not ok 6 - Equals
not ok 7 - Equals
</system-out>
    <testcase name="Equals (50)" classname="spec_perl_TestIndexToParamEos_t" time="0.000710010528564453" />
    <testcase name="Equals (51)" classname="spec_perl_TestIndexToParamEos_t" time="6.79492950439453e-05" />
    <testcase name="Equals (52)" classname="spec_perl_TestIndexToParamEos_t" time="0.000794887542724609" />
    <testcase name="Equals (53)" classname="spec_perl_TestIndexToParamEos_t" time="0.00241708755493164" />
    <testcase name="Equals (54)" classname="spec_perl_TestIndexToParamEos_t" time="5.38825988769531e-05" />
    <testcase name="Equals (55)" classname="spec_perl_TestIndexToParamEos_t" time="7.10487365722656e-05">
      <failure message="not ok 6 - Equals" type="TAP::Parser::Result::Test"></failure>
    </testcase>
    <testcase name="Equals (56)" classname="spec_perl_TestIndexToParamEos_t" time="3.91006469726562e-05">
      <failure message="not ok 7 - Equals" type="TAP::Parser::Result::Test"></failure>
    </testcase>
  </testsuite>
  <testsuite name="spec_perl_TestImportsCircularA_t" errors="0" failures="0" skipped="0" tests="5" time="0.0793111324310303">
    <system-out>1..5
ok 1 - Equals
ok 2 - Equals
ok 3 - Equals
ok 4 - Equals
ok 5 - nil
</system-out>
    <testcase name="Equals (57)" classname="spec_perl_TestImportsCircularA_t" time="0.000197172164916992" />
    <testcase name="Equals (58)" classname="spec_perl_TestImportsCircularA_t" time="0.00255179405212402" />
    <testcase name="Equals (59)" classname="spec_perl_TestImportsCircularA_t" time="5.22136688232422e-05" />
    <testcase name="Equals (60)" classname="spec_perl_TestImportsCircularA_t" time="4.1961669921875e-05" />
    <testcase name="nil (60)" classname="spec_perl_TestImportsCircularA_t" time="3.79085540771484e-05" />
  </testsuite>
  <testsuite name="spec_perl_TestProcessCoerceBytes_t" errors="0" failures="0" skipped="0" tests="4" time="0.0807459354400635">
    <system-out>1..4
ok 1 - Equals
ok 2 - Equals
ok 3 - Equals
ok 4 - Equals
</system-out>
    <testcase name="Equals (61)" classname="spec_perl_TestProcessCoerceBytes_t" time="0.000259160995483398" />
    <testcase name="Equals (62)" classname="spec_perl_TestProcessCoerceBytes_t" time="0.00014495849609375" />
    <testcase name="Equals (63)" classname="spec_perl_TestProcessCoerceBytes_t" time="0.000162839889526367" />
    <testcase name="Equals (64)" classname="spec_perl_TestProcessCoerceBytes_t" time="0.000173091888427734" />
  </testsuite>
  <testsuite name="spec_perl_TestEnumForUnknownId_t" errors="0" failures="0" skipped="0" tests="1" time="0.0766639709472656">
    <system-out>1..1
ok 1 - Equals
</system-out>
    <testcase name="Equals (65)" classname="spec_perl_TestEnumForUnknownId_t" time="0.000192880630493164" />
  </testsuite>
  <testsuite name="spec_perl_TestIndexSizes_t" errors="0" failures="0" skipped="0" tests="7" time="0.0872619152069092">
    <system-out>1..7
ok 1 - Equals
ok 2 - Equals
ok 3 - Equals
ok 4 - Equals
ok 5 - Equals
ok 6 - Equals
ok 7 - Equals
</system-out>
    <testcase name="Equals (66)" classname="spec_perl_TestIndexSizes_t" time="0.00027012825012207" />
    <testcase name="Equals (67)" classname="spec_perl_TestIndexSizes_t" time="0.000145912170410156" />
    <testcase name="Equals (68)" classname="spec_perl_TestIndexSizes_t" time="0.000164985656738281" />
    <testcase name="Equals (69)" classname="spec_perl_TestIndexSizes_t" time="0.000178098678588867" />
    <testcase name="Equals (70)" classname="spec_perl_TestIndexSizes_t" time="0.000163078308105469" />
    <testcase name="Equals (71)" classname="spec_perl_TestIndexSizes_t" time="0.000158786773681641" />
    <testcase name="Equals (72)" classname="spec_perl_TestIndexSizes_t" time="0.000158071517944336" />
  </testsuite>
  <testsuite name="spec_perl_TestParamsCallExtraParens_t" errors="0" failures="1" skipped="0" tests="1" time="0.0784881114959717">
    <system-out>1..1
not ok 1 - Equals
</system-out>
    <testcase name="Equals (73)" classname="spec_perl_TestParamsCallExtraParens_t" time="0.00084686279296875">
      <failure message="not ok 1 - Equals" type="TAP::Parser::Result::Test"></failure>
    </testcase>
  </testsuite>
  <testsuite name="spec_perl_TestParamsPassUsertype_t" errors="0" failures="1" skipped="1" tests="2" time="0.0755360126495361">
    <system-out>1..2
not ok 1 - test_params_pass_usertype died (Can't call method &quot;foo&quot; on an undefined value at compiled/perl/ParamsPassUsertype.pm line 119.)
ok 2 # skip test_params_pass_usertype died
</system-out>
    <testcase name="test_params_pass_usertype died (Can't call method &quot;foo&quot; on an undefined value at compiled/perl/ParamsPassUsertype.pm line 119.) (73)" classname="spec_perl_TestParamsPassUsertype_t" time="0.00027012825012207">
      <failure message="not ok 1 - test_params_pass_usertype died (Can't call method &quot;foo&quot; on an undefined value at compiled/perl/ParamsPassUsertype.pm line 119.)" type="TAP::Parser::Result::Test"></failure>
    </testcase>
    <testcase name="Unnamed test case 73" classname="spec_perl_TestParamsPassUsertype_t" time="0.00111699104309082">
      <skipped message="ok 2 # skip test_params_pass_usertype died" />
    </testcase>
  </testsuite>
  <testsuite name="spec_perl_TestIndexToParamUntil_t" errors="0" failures="2" skipped="0" tests="7" time="0.0839650630950928">
    <system-out>1..7
ok 1 - Equals
ok 2 - Equals
ok 3 - Equals
ok 4 - Equals
ok 5 - Equals
not ok 6 - Equals
not ok 7 - Equals
</system-out>
    <testcase name="Equals (74)" classname="spec_perl_TestIndexToParamUntil_t" time="0.000747919082641602" />
    <testcase name="Equals (75)" classname="spec_perl_TestIndexToParamUntil_t" time="0.000312089920043945" />
    <testcase name="Equals (76)" classname="spec_perl_TestIndexToParamUntil_t" time="0.000303983688354492" />
    <testcase name="Equals (77)" classname="spec_perl_TestIndexToParamUntil_t" time="0.000319957733154297" />
    <testcase name="Equals (78)" classname="spec_perl_TestIndexToParamUntil_t" time="0.000298023223876953" />
    <testcase name="Equals (79)" classname="spec_perl_TestIndexToParamUntil_t" time="0.000467061996459961">
      <failure message="not ok 6 - Equals" type="TAP::Parser::Result::Test"></failure>
    </testcase>
    <testcase name="Equals (80)" classname="spec_perl_TestIndexToParamUntil_t" time="0.000949859619140625">
      <failure message="not ok 7 - Equals" type="TAP::Parser::Result::Test"></failure>
    </testcase>
  </testsuite>
  <testsuite name="spec_perl_TestDebugEnumName_t" errors="1" failures="0" skipped="0" tests="0" time="0.0757300853729248">
    <system-out></system-out>
    <testcase name="Test died too soon, even before plan. (80)" classname="spec_perl_TestDebugEnumName_t" time="0.0757300853729248">
      <failure message="The test suite died before a plan was produced. You need to have a plan." type="Plan">No plan</failure>
    </testcase>
  </testsuite>
  <testsuite name="spec_perl_TestIndexToParamExpr_t" errors="0" failures="2" skipped="0" tests="7" time="0.0854120254516602">
    <system-out>1..7
ok 1 - Equals
ok 2 - Equals
ok 3 - Equals
ok 4 - Equals
ok 5 - Equals
not ok 6 - Equals
not ok 7 - Equals
</system-out>
    <testcase name="Equals (81)" classname="spec_perl_TestIndexToParamExpr_t" time="0.000356912612915039" />
    <testcase name="Equals (82)" classname="spec_perl_TestIndexToParamExpr_t" time="0.000446081161499023" />
    <testcase name="Equals (83)" classname="spec_perl_TestIndexToParamExpr_t" time="0.00031590461730957" />
    <testcase name="Equals (84)" classname="spec_perl_TestIndexToParamExpr_t" time="0.000317096710205078" />
    <testcase name="Equals (85)" classname="spec_perl_TestIndexToParamExpr_t" time="0.000128030776977539" />
    <testcase name="Equals (86)" classname="spec_perl_TestIndexToParamExpr_t" time="0.000226020812988281">
      <failure message="not ok 6 - Equals" type="TAP::Parser::Result::Test"></failure>
    </testcase>
    <testcase name="Equals (87)" classname="spec_perl_TestIndexToParamExpr_t" time="0.000939846038818359">
      <failure message="not ok 7 - Equals" type="TAP::Parser::Result::Test"></failure>
    </testcase>
  </testsuite>
  <testsuite name="spec_perl_TestExprMod_t" errors="0" failures="0" skipped="0" tests="6" time="0.0665380954742432">
    <system-out>1..6
ok 1 - Equals
ok 2 - Equals
ok 3 - Equals
ok 4 - Equals
ok 5 - Equals
ok 6 - Equals
</system-out>
    <testcase name="Equals (88)" classname="spec_perl_TestExprMod_t" time="0.000206947326660156" />
    <testcase name="Equals (89)" classname="spec_perl_TestExprMod_t" time="0.000171899795532227" />
    <testcase name="Equals (90)" classname="spec_perl_TestExprMod_t" time="0.000146150588989258" />
    <testcase name="Equals (91)" classname="spec_perl_TestExprMod_t" time="0.000180959701538086" />
    <testcase name="Equals (92)" classname="spec_perl_TestExprMod_t" time="0.000145912170410156" />
    <testcase name="Equals (93)" classname="spec_perl_TestExprMod_t" time="0.000154972076416016" />
  </testsuite>
  <testsuite name="spec_perl_TestParamsPassArrayStruct_t" errors="0" failures="1" skipped="2" tests="3" time="0.0735378265380859">
    <system-out>1..3
not ok 1 - test_params_pass_array_struct died (Can't use an undefined value as an ARRAY reference at spec/perl/TestParamsPassArrayStruct.t line 14.)
ok 2 # skip test_params_pass_array_struct died
ok 3 # skip test_params_pass_array_struct died
</system-out>
    <testcase name="test_params_pass_array_struct died (Can't use an undefined value as an ARRAY reference at spec/perl/TestParamsPassArrayStruct.t line 14.) (93)" classname="spec_perl_TestParamsPassArrayStruct_t" time="0.000270843505859375">
      <failure message="not ok 1 - test_params_pass_array_struct died (Can't use an undefined value as an ARRAY reference at spec/perl/TestParamsPassArrayStruct.t line 14.)" type="TAP::Parser::Result::Test"></failure>
    </testcase>
    <testcase name="Unnamed test case 93" classname="spec_perl_TestParamsPassArrayStruct_t" time="0.000781059265136719">
      <skipped message="ok 2 # skip test_params_pass_array_struct died" />
    </testcase>
    <testcase name="Unnamed test case 94" classname="spec_perl_TestParamsPassArrayStruct_t" time="0.00255012512207031">
      <skipped message="ok 3 # skip test_params_pass_array_struct died" />
    </testcase>
  </testsuite>
  <testsuite name="spec_perl_TestRepeatEosBit_t" errors="0" failures="0" skipped="0" tests="1" time="0.0742788314819336">
    <system-out>1..1
ok 1 - Equals
</system-out>
    <testcase name="Equals (94)" classname="spec_perl_TestRepeatEosBit_t" time="0.000319004058837891" />
  </testsuite>
  <testsuite name="spec_perl_TestCombineEnum_t" errors="0" failures="0" skipped="0" tests="3" time="0.0823521614074707">
    <system-out>1..3
ok 1 - Equals
ok 2 - Equals
ok 3 - Equals
</system-out>
    <testcase name="Equals (95)" classname="spec_perl_TestCombineEnum_t" time="0.000201940536499023" />
    <testcase name="Equals (96)" classname="spec_perl_TestCombineEnum_t" time="0.0001220703125" />
    <testcase name="Equals (97)" classname="spec_perl_TestCombineEnum_t" time="0.000188827514648438" />
  </testsuite>
  <testsuite name="spec_perl_TestCombineBytes_t" errors="0" failures="0" skipped="0" tests="10" time="0.0758061408996582">
    <system-out>1..10
ok 1 - Equals
ok 2 - Equals
ok 3 - Equals
ok 4 - Equals
ok 5 - Equals
ok 6 - Equals
ok 7 - Equals
ok 8 - Equals
ok 9 - Equals
ok 10 - Equals
</system-out>
    <testcase name="Equals (98)" classname="spec_perl_TestCombineBytes_t" time="0.000243186950683594" />
    <testcase name="Equals (99)" classname="spec_perl_TestCombineBytes_t" time="0.000136852264404297" />
    <testcase name="Equals (100)" classname="spec_perl_TestCombineBytes_t" time="0.000152111053466797" />
    <testcase name="Equals (101)" classname="spec_perl_TestCombineBytes_t" time="0.000146865844726562" />
    <testcase name="Equals (102)" classname="spec_perl_TestCombineBytes_t" time="0.000147104263305664" />
    <testcase name="Equals (103)" classname="spec_perl_TestCombineBytes_t" time="0.000145912170410156" />
    <testcase name="Equals (104)" classname="spec_perl_TestCombineBytes_t" time="0.000174045562744141" />
    <testcase name="Equals (105)" classname="spec_perl_TestCombineBytes_t" time="0.000160932540893555" />
    <testcase name="Equals (106)" classname="spec_perl_TestCombineBytes_t" time="0.000163078308105469" />
    <testcase name="Equals (107)" classname="spec_perl_TestCombineBytes_t" time="0.000144004821777344" />
  </testsuite>
  <testsuite name="spec_perl_TestBytesPadTerm_t" errors="0" failures="0" skipped="0" tests="4" time="0.0785019397735596">
    <system-out>1..4
ok 1 - Equals
ok 2 - Equals
ok 3 - Equals
ok 4 - Equals
</system-out>
    <testcase name="Equals (108)" classname="spec_perl_TestBytesPadTerm_t" time="0.000290155410766602" />
    <testcase name="Equals (109)" classname="spec_perl_TestBytesPadTerm_t" time="0.000129938125610352" />
    <testcase name="Equals (110)" classname="spec_perl_TestBytesPadTerm_t" time="0.000175952911376953" />
    <testcase name="Equals (111)" classname="spec_perl_TestBytesPadTerm_t" time="0.000188112258911133" />
  </testsuite>
  <testsuite name="spec_perl_TestCombineStr_t" errors="0" failures="0" skipped="0" tests="15" time="0.0886290073394775">
    <system-out>1..15
ok 1 - Equals
ok 2 - Equals
ok 3 - Equals
ok 4 - Equals
ok 5 - Equals
ok 6 - Equals
ok 7 - Equals
ok 8 - Equals
ok 9 - Equals
ok 10 - Equals
ok 11 - Equals
ok 12 - Equals
ok 13 - Equals
ok 14 - Equals
ok 15 - Equals
</system-out>
    <testcase name="Equals (112)" classname="spec_perl_TestCombineStr_t" time="0.000225067138671875" />
    <testcase name="Equals (113)" classname="spec_perl_TestCombineStr_t" time="0.000174999237060547" />
    <testcase name="Equals (114)" classname="spec_perl_TestCombineStr_t" time="0.00017094612121582" />
    <testcase name="Equals (115)" classname="spec_perl_TestCombineStr_t" time="0.000190019607543945" />
    <testcase name="Equals (116)" classname="spec_perl_TestCombineStr_t" time="0.000163078308105469" />
    <testcase name="Equals (117)" classname="spec_perl_TestCombineStr_t" time="0.000154972076416016" />
    <testcase name="Equals (118)" classname="spec_perl_TestCombineStr_t" time="0.000185966491699219" />
    <testcase name="Equals (119)" classname="spec_perl_TestCombineStr_t" time="0.000182867050170898" />
    <testcase name="Equals (120)" classname="spec_perl_TestCombineStr_t" time="0.000199079513549805" />
    <testcase name="Equals (121)" classname="spec_perl_TestCombineStr_t" time="0.00015711784362793" />
    <testcase name="Equals (122)" classname="spec_perl_TestCombineStr_t" time="0.000152826309204102" />
    <testcase name="Equals (123)" classname="spec_perl_TestCombineStr_t" time="0.000151157379150391" />
    <testcase name="Equals (124)" classname="spec_perl_TestCombineStr_t" time="0.000190019607543945" />
    <testcase name="Equals (125)" classname="spec_perl_TestCombineStr_t" time="0.000169992446899414" />
    <testcase name="Equals (126)" classname="spec_perl_TestCombineStr_t" time="0.000190973281860352" />
  </testsuite>
  <testsuite name="spec_perl_TestFloatingPoints_t" errors="0" failures="0" skipped="0" tests="8" time="0.0754590034484863">
    <system-out>1..8
ok 1 - Approx equals
ok 2 - Approx equals
ok 3 - Approx equals
ok 4 - Approx equals
ok 5 - Approx equals
ok 6 - Approx equals
ok 7 - Approx equals
ok 8 - Approx equals
</system-out>
    <testcase name="Approx equals (126)" classname="spec_perl_TestFloatingPoints_t" time="0.000195026397705078" />
    <testcase name="Approx equals (127)" classname="spec_perl_TestFloatingPoints_t" time="5.19752502441406e-05" />
    <testcase name="Approx equals (128)" classname="spec_perl_TestFloatingPoints_t" time="8.0108642578125e-05" />
    <testcase name="Approx equals (129)" classname="spec_perl_TestFloatingPoints_t" time="0.000135898590087891" />
    <testcase name="Approx equals (130)" classname="spec_perl_TestFloatingPoints_t" time="4.91142272949219e-05" />
    <testcase name="Approx equals (131)" classname="spec_perl_TestFloatingPoints_t" time="7.58171081542969e-05" />
    <testcase name="Approx equals (132)" classname="spec_perl_TestFloatingPoints_t" time="6.00814819335938e-05" />
    <testcase name="Approx equals (133)" classname="spec_perl_TestFloatingPoints_t" time="9.60826873779297e-05" />
  </testsuite>
  <testsuite name="spec_perl_TestCastToTop_t" errors="0" failures="0" skipped="0" tests="3" time="0.0760650634765625">
    <system-out>1..3
ok 1 - Equals
ok 2 - Equals
ok 3 - Equals
</system-out>
    <testcase name="Equals (133)" classname="spec_perl_TestCastToTop_t" time="0.000203132629394531" />
    <testcase name="Equals (134)" classname="spec_perl_TestCastToTop_t" time="0.000152826309204102" />
    <testcase name="Equals (135)" classname="spec_perl_TestCastToTop_t" time="0.000174045562744141" />
  </testsuite>
  <testsuite name="spec_perl_TestSwitchElseOnly_t" errors="0" failures="0" skipped="0" tests="3" time="0.0713739395141602">
    <system-out>1..3
ok 1 - Equals
ok 2 - Equals
ok 3 - Equals
</system-out>
    <testcase name="Equals (136)" classname="spec_perl_TestSwitchElseOnly_t" time="0.000299930572509766" />
    <testcase name="Equals (137)" classname="spec_perl_TestSwitchElseOnly_t" time="0.00012516975402832" />
    <testcase name="Equals (138)" classname="spec_perl_TestSwitchElseOnly_t" time="0.000149965286254883" />
  </testsuite>
  <testsuite name="spec_perl_TestParamsPassArrayInt_t" errors="0" failures="1" skipped="6" tests="7" time="0.075383186340332">
    <system-out>1..7
not ok 1 - test_params_pass_array_int died (Can't use an undefined value as an ARRAY reference at spec/perl/TestParamsPassArrayInt.t line 14.)
ok 2 # skip test_params_pass_array_int died
ok 3 # skip test_params_pass_array_int died
ok 4 # skip test_params_pass_array_int died
ok 5 # skip test_params_pass_array_int died
ok 6 # skip test_params_pass_array_int died
ok 7 # skip test_params_pass_array_int died
</system-out>
    <testcase name="test_params_pass_array_int died (Can't use an undefined value as an ARRAY reference at spec/perl/TestParamsPassArrayInt.t line 14.) (138)" classname="spec_perl_TestParamsPassArrayInt_t" time="0.000236034393310547">
      <failure message="not ok 1 - test_params_pass_array_int died (Can't use an undefined value as an ARRAY reference at spec/perl/TestParamsPassArrayInt.t line 14.)" type="TAP::Parser::Result::Test"></failure>
    </testcase>
    <testcase name="Unnamed test case 138" classname="spec_perl_TestParamsPassArrayInt_t" time="0.000877141952514648">
      <skipped message="ok 2 # skip test_params_pass_array_int died" />
    </testcase>
    <testcase name="Unnamed test case 139" classname="spec_perl_TestParamsPassArrayInt_t" time="5.98430633544922e-05">
      <skipped message="ok 3 # skip test_params_pass_array_int died" />
    </testcase>
    <testcase name="Unnamed test case 140" classname="spec_perl_TestParamsPassArrayInt_t" time="6.31809234619141e-05">
      <skipped message="ok 4 # skip test_params_pass_array_int died" />
    </testcase>
    <testcase name="Unnamed test case 141" classname="spec_perl_TestParamsPassArrayInt_t" time="5.69820404052734e-05">
      <skipped message="ok 5 # skip test_params_pass_array_int died" />
    </testcase>
    <testcase name="Unnamed test case 142" classname="spec_perl_TestParamsPassArrayInt_t" time="5.38825988769531e-05">
      <skipped message="ok 6 # skip test_params_pass_array_int died" />
    </testcase>
    <testcase name="Unnamed test case 143" classname="spec_perl_TestParamsPassArrayInt_t" time="0.00102615356445312">
      <skipped message="ok 7 # skip test_params_pass_array_int died" />
    </testcase>
  </testsuite>
  <testsuite name="spec_perl_TestBitsUnalignedB32Be_t" errors="0" failures="0" skipped="0" tests="3" time="0.0678601264953613">
    <system-out>1..3
ok 1 - Equals
ok 2 - Equals
ok 3 - Equals
</system-out>
    <testcase name="Equals (143)" classname="spec_perl_TestBitsUnalignedB32Be_t" time="0.000189065933227539" />
    <testcase name="Equals (144)" classname="spec_perl_TestBitsUnalignedB32Be_t" time="0.000151872634887695" />
    <testcase name="Equals (145)" classname="spec_perl_TestBitsUnalignedB32Be_t" time="0.00014805793762207" />
  </testsuite>
  <testsuite name="spec_perl_TestNestedTypes2_t" errors="0" failures="0" skipped="0" tests="7" time="0.0767488479614258">
    <system-out>1..7
ok 1 - Equals
ok 2 - Equals
ok 3 - Equals
ok 4 - Equals
ok 5 - Equals
ok 6 - Equals
ok 7 - Equals
</system-out>
    <testcase name="Equals (146)" classname="spec_perl_TestNestedTypes2_t" time="0.000235795974731445" />
    <testcase name="Equals (147)" classname="spec_perl_TestNestedTypes2_t" time="0.000129222869873047" />
    <testcase name="Equals (148)" classname="spec_perl_TestNestedTypes2_t" time="0.000165939331054688" />
    <testcase name="Equals (149)" classname="spec_perl_TestNestedTypes2_t" time="0.000153064727783203" />
    <testcase name="Equals (150)" classname="spec_perl_TestNestedTypes2_t" time="0.000155925750732422" />
    <testcase name="Equals (151)" classname="spec_perl_TestNestedTypes2_t" time="0.000135898590087891" />
    <testcase name="Equals (152)" classname="spec_perl_TestNestedTypes2_t" time="0.000141143798828125" />
  </testsuite>
  <testsuite name="spec_perl_TestBcdUserTypeLe_t" errors="0" failures="0" skipped="0" tests="6" time="0.0832340717315674">
    <system-out>1..6
ok 1 - Equals
ok 2 - Equals
ok 3 - Equals
ok 4 - Equals
ok 5 - Equals
ok 6 - Equals
</system-out>
    <testcase name="Equals (153)" classname="spec_perl_TestBcdUserTypeLe_t" time="0.000986099243164062" />
    <testcase name="Equals (154)" classname="spec_perl_TestBcdUserTypeLe_t" time="0.000108957290649414" />
    <testcase name="Equals (155)" classname="spec_perl_TestBcdUserTypeLe_t" time="0.000197887420654297" />
    <testcase name="Equals (156)" classname="spec_perl_TestBcdUserTypeLe_t" time="0.000168085098266602" />
    <testcase name="Equals (157)" classname="spec_perl_TestBcdUserTypeLe_t" time="0.000185012817382812" />
    <testcase name="Equals (158)" classname="spec_perl_TestBcdUserTypeLe_t" time="0.000184059143066406" />
  </testsuite>
  <testsuite name="spec_perl_TestStrPadTerm_t" errors="0" failures="0" skipped="0" tests="4" time="0.0715219974517822">
    <system-out>1..4
ok 1 - Equals
ok 2 - Equals
ok 3 - Equals
ok 4 - Equals
</system-out>
    <testcase name="Equals (159)" classname="spec_perl_TestStrPadTerm_t" time="0.000320911407470703" />
    <testcase name="Equals (160)" classname="spec_perl_TestStrPadTerm_t" time="0.000143051147460938" />
    <testcase name="Equals (161)" classname="spec_perl_TestStrPadTerm_t" time="0.000200986862182617" />
    <testcase name="Equals (162)" classname="spec_perl_TestStrPadTerm_t" time="0.000158071517944336" />
  </testsuite>
  <testsuite name="spec_perl_TestPositionInSeq_t" errors="0" failures="0" skipped="0" tests="1" time="0.0655660629272461">
    <system-out>1..1
ok 1 - Equals
</system-out>
    <testcase name="Equals (163)" classname="spec_perl_TestPositionInSeq_t" time="0.000207901000976562" />
  </testsuite>
  <testsuite name="spec_perl_TestExprIfIntOps_t" errors="0" failures="0" skipped="0" tests="2" time="0.0721352100372314">
    <system-out>1..2
ok 1 - Equals
ok 2 - Equals
</system-out>
    <testcase name="Equals (164)" classname="spec_perl_TestExprIfIntOps_t" time="0.000149965286254883" />
    <testcase name="Equals (165)" classname="spec_perl_TestExprIfIntOps_t" time="0.000116109848022461" />
  </testsuite>
  <testsuite name="spec_perl_TestFixedStruct_t" errors="0" failures="0" skipped="0" tests="20" time="0.0791299343109131">
    <system-out>1..20
ok 1 - Equals
ok 2 - Equals
ok 3 - Equals
ok 4 - Equals
ok 5 - Equals
ok 6 - Equals
ok 7 - Equals
ok 8 - Equals
ok 9 - Equals
ok 10 - Equals
ok 11 - Equals
ok 12 - Equals
ok 13 - Equals
ok 14 - Equals
ok 15 - Equals
ok 16 - Equals
ok 17 - Equals
ok 18 - Equals
ok 19 - Equals
ok 20 - Equals
</system-out>
    <testcase name="Equals (166)" classname="spec_perl_TestFixedStruct_t" time="0.000233173370361328" />
    <testcase name="Equals (167)" classname="spec_perl_TestFixedStruct_t" time="0.000131845474243164" />
    <testcase name="Equals (168)" classname="spec_perl_TestFixedStruct_t" time="0.000177145004272461" />
    <testcase name="Equals (169)" classname="spec_perl_TestFixedStruct_t" time="0.000154972076416016" />
    <testcase name="Equals (170)" classname="spec_perl_TestFixedStruct_t" time="0.000168085098266602" />
    <testcase name="Equals (171)" classname="spec_perl_TestFixedStruct_t" time="0.000185966491699219" />
    <testcase name="Equals (172)" classname="spec_perl_TestFixedStruct_t" time="0.000337839126586914" />
    <testcase name="Equals (173)" classname="spec_perl_TestFixedStruct_t" time="0.000204086303710938" />
    <testcase name="Equals (174)" classname="spec_perl_TestFixedStruct_t" time="0.000165939331054688" />
    <testcase name="Equals (175)" classname="spec_perl_TestFixedStruct_t" time="0.00014805793762207" />
    <testcase name="Equals (176)" classname="spec_perl_TestFixedStruct_t" time="0.000147104263305664" />
    <testcase name="Equals (177)" classname="spec_perl_TestFixedStruct_t" time="0.000145912170410156" />
    <testcase name="Equals (178)" classname="spec_perl_TestFixedStruct_t" time="0.000145912170410156" />
    <testcase name="Equals (179)" classname="spec_perl_TestFixedStruct_t" time="0.000177145004272461" />
    <testcase name="Equals (180)" classname="spec_perl_TestFixedStruct_t" time="0.000160932540893555" />
    <testcase name="Equals (181)" classname="spec_perl_TestFixedStruct_t" time="0.000169038772583008" />
    <testcase name="Equals (182)" classname="spec_perl_TestFixedStruct_t" time="0.000139951705932617" />
    <testcase name="Equals (183)" classname="spec_perl_TestFixedStruct_t" time="0.000149965286254883" />
    <testcase name="Equals (184)" classname="spec_perl_TestFixedStruct_t" time="0.000139951705932617" />
    <testcase name="Equals (185)" classname="spec_perl_TestFixedStruct_t" time="0.000172138214111328" />
  </testsuite>
  <testsuite name="spec_perl_TestEnumOfValueInst_t" errors="0" failures="0" skipped="0" tests="4" time="0.0741341114044189">
    <system-out>1..4
ok 1 - Equals
ok 2 - Equals
ok 3 - Equals
ok 4 - Equals
</system-out>
    <testcase name="Equals (186)" classname="spec_perl_TestEnumOfValueInst_t" time="0.000177145004272461" />
    <testcase name="Equals (187)" classname="spec_perl_TestEnumOfValueInst_t" time="0.000119924545288086" />
    <testcase name="Equals (188)" classname="spec_perl_TestEnumOfValueInst_t" time="0.000190973281860352" />
    <testcase name="Equals (189)" classname="spec_perl_TestEnumOfValueInst_t" time="0.000156164169311523" />
  </testsuite>
  <testsuite name="spec_perl_TestExprSizeofValue0_t" errors="0" failures="0" skipped="0" tests="5" time="0.0720610618591309">
    <system-out>1..5
ok 1 - Equals
ok 2 - Equals
ok 3 - Equals
ok 4 - Equals
ok 5 - Equals
</system-out>
    <testcase name="Equals (190)" classname="spec_perl_TestExprSizeofValue0_t" time="0.000211954116821289" />
    <testcase name="Equals (191)" classname="spec_perl_TestExprSizeofValue0_t" time="0.000130176544189453" />
    <testcase name="Equals (192)" classname="spec_perl_TestExprSizeofValue0_t" time="0.000160932540893555" />
    <testcase name="Equals (193)" classname="spec_perl_TestExprSizeofValue0_t" time="0.000159025192260742" />
    <testcase name="Equals (194)" classname="spec_perl_TestExprSizeofValue0_t" time="0.000171899795532227" />
  </testsuite>
  <testsuite name="spec_perl_TestSwitchManualIntSizeElse_t" errors="0" failures="0" skipped="0" tests="10" time="0.082089900970459">
    <system-out>1..10
ok 1 - Equals
ok 2 - Equals
ok 3 - Equals
ok 4 - Equals
ok 5 - Equals
ok 6 - Equals
ok 7 - Equals
ok 8 - Equals
ok 9 - Equals
ok 10 - Equals
</system-out>
    <testcase name="Equals (195)" classname="spec_perl_TestSwitchManualIntSizeElse_t" time="0.000884056091308594" />
    <testcase name="Equals (196)" classname="spec_perl_TestSwitchManualIntSizeElse_t" time="0.000102043151855469" />
    <testcase name="Equals (197)" classname="spec_perl_TestSwitchManualIntSizeElse_t" time="0.000153779983520508" />
    <testcase name="Equals (198)" classname="spec_perl_TestSwitchManualIntSizeElse_t" time="0.000173091888427734" />
    <testcase name="Equals (199)" classname="spec_perl_TestSwitchManualIntSizeElse_t" time="0.000154018402099609" />
    <testcase name="Equals (200)" classname="spec_perl_TestSwitchManualIntSizeElse_t" time="0.000154972076416016" />
    <testcase name="Equals (201)" classname="spec_perl_TestSwitchManualIntSizeElse_t" time="0.000164985656738281" />
    <testcase name="Equals (202)" classname="spec_perl_TestSwitchManualIntSizeElse_t" time="0.000182151794433594" />
    <testcase name="Equals (203)" classname="spec_perl_TestSwitchManualIntSizeElse_t" time="0.000159978866577148" />
    <testcase name="Equals (204)" classname="spec_perl_TestSwitchManualIntSizeElse_t" time="0.000180959701538086" />
  </testsuite>
  <testsuite name="spec_perl_TestRepeatNStruct_t" errors="0" failures="0" skipped="0" tests="5" time="0.0766611099243164">
    <system-out>1..5
ok 1 - Equals
ok 2 - Equals
ok 3 - Equals
ok 4 - Equals
ok 5 - Equals
</system-out>
    <testcase name="Equals (205)" classname="spec_perl_TestRepeatNStruct_t" time="0.000340938568115234" />
    <testcase name="Equals (206)" classname="spec_perl_TestRepeatNStruct_t" time="0.000165939331054688" />
    <testcase name="Equals (207)" classname="spec_perl_TestRepeatNStruct_t" time="0.000169038772583008" />
    <testcase name="Equals (208)" classname="spec_perl_TestRepeatNStruct_t" time="0.000167131423950195" />
    <testcase name="Equals (209)" classname="spec_perl_TestRepeatNStruct_t" time="0.000165939331054688" />
  </testsuite>
  <testsuite name="spec_perl_TestBitsEnum_t" errors="0" failures="0" skipped="0" tests="3" time="0.0811450481414795">
    <system-out>1..3
ok 1 - Equals
ok 2 - Equals
ok 3 - Equals
</system-out>
    <testcase name="Equals (210)" classname="spec_perl_TestBitsEnum_t" time="0.000257015228271484" />
    <testcase name="Equals (211)" classname="spec_perl_TestBitsEnum_t" time="0.000190019607543945" />
    <testcase name="Equals (212)" classname="spec_perl_TestBitsEnum_t" time="0.00019383430480957" />
  </testsuite>
  <testsuite name="spec_perl_TestInstanceStd_t" errors="0" failures="0" skipped="0" tests="1" time="0.0771780014038086">
    <system-out>1..1
ok 1 - Equals
</system-out>
    <testcase name="Equals (213)" classname="spec_perl_TestInstanceStd_t" time="0.000184059143066406" />
  </testsuite>
  <testsuite name="spec_perl_TestTypeTernaryOpaque_t" errors="0" failures="0" skipped="0" tests="3" time="0.0822360515594482">
    <system-out>1..3
ok 1 - Equals
ok 2 - Equals
ok 3 - Equals
</system-out>
    <testcase name="Equals (214)" classname="spec_perl_TestTypeTernaryOpaque_t" time="0.000620841979980469" />
    <testcase name="Equals (215)" classname="spec_perl_TestTypeTernaryOpaque_t" time="8.29696655273438e-05" />
    <testcase name="Equals (216)" classname="spec_perl_TestTypeTernaryOpaque_t" time="0.000173091888427734" />
  </testsuite>
  <testsuite name="spec_perl_TestProcessCoerceUsertype1_t" errors="0" failures="0" skipped="0" tests="4" time="0.0792548656463623">
    <system-out>1..4
ok 1 - Equals
ok 2 - Equals
ok 3 - Equals
ok 4 - Equals
</system-out>
    <testcase name="Equals (217)" classname="spec_perl_TestProcessCoerceUsertype1_t" time="0.000748157501220703" />
    <testcase name="Equals (218)" classname="spec_perl_TestProcessCoerceUsertype1_t" time="8.89301300048828e-05" />
    <testcase name="Equals (219)" classname="spec_perl_TestProcessCoerceUsertype1_t" time="0.000189065933227539" />
    <testcase name="Equals (220)" classname="spec_perl_TestProcessCoerceUsertype1_t" time="0.000186920166015625" />
  </testsuite>
  <testsuite name="spec_perl_TestSwitchCast_t" errors="0" failures="0" skipped="0" tests="2" time="0.0755760669708252">
    <system-out>1..2
ok 1 - Equals
ok 2 - Equals
</system-out>
    <testcase name="Equals (221)" classname="spec_perl_TestSwitchCast_t" time="0.000277042388916016" />
    <testcase name="Equals (222)" classname="spec_perl_TestSwitchCast_t" time="0.000196933746337891" />
  </testsuite>
  <testsuite name="spec_perl_TestProcessCustomNoArgs_t" errors="1" failures="0" skipped="0" tests="0" time="0.0678961277008057">
    <system-out></system-out>
    <testcase name="Test died too soon, even before plan. (222)" classname="spec_perl_TestProcessCustomNoArgs_t" time="0.0678961277008057">
      <failure message="The test suite died before a plan was produced. You need to have a plan." type="Plan">No plan</failure>
    </testcase>
  </testsuite>
  <testsuite name="spec_perl_TestPositionAbs_t" errors="0" failures="0" skipped="0" tests="2" time="0.0802249908447266">
    <system-out>1..2
ok 1 - Equals
ok 2 - Equals
</system-out>
    <testcase name="Equals (223)" classname="spec_perl_TestPositionAbs_t" time="0.000153064727783203" />
    <testcase name="Equals (224)" classname="spec_perl_TestPositionAbs_t" time="0.000199079513549805" />
  </testsuite>
  <testsuite name="spec_perl_TestMetaTags_t" errors="0" failures="0" skipped="1" tests="1" time="0.0756042003631592">
    <system-out>1..1
ok 1 # skip MetaTags=HASH(0x55df918292d8)
</system-out>
    <testcase name="Unnamed test case 224" classname="spec_perl_TestMetaTags_t" time="0.00177907943725586">
      <skipped message="ok 1 # skip MetaTags=HASH(0x55df918292d8)" />
    </testcase>
  </testsuite>
  <testsuite name="spec_perl_TestExprStrEncodings_t" errors="0" failures="0" skipped="0" tests="7" time="0.0979630947113037">
    <system-out>1..7
ok 1 - Equals
ok 2 - Equals
ok 3 - Equals
ok 4 - Equals
ok 5 - Equals
ok 6 - Equals
ok 7 - Equals
</system-out>
    <testcase name="Equals (225)" classname="spec_perl_TestExprStrEncodings_t" time="0.00562405586242676" />
    <testcase name="Equals (226)" classname="spec_perl_TestExprStrEncodings_t" time="7.39097595214844e-05" />
    <testcase name="Equals (227)" classname="spec_perl_TestExprStrEncodings_t" time="0.000138998031616211" />
    <testcase name="Equals (228)" classname="spec_perl_TestExprStrEncodings_t" time="0.000162124633789062" />
    <testcase name="Equals (229)" classname="spec_perl_TestExprStrEncodings_t" time="0.000212907791137695" />
    <testcase name="Equals (230)" classname="spec_perl_TestExprStrEncodings_t" time="0.000292062759399414" />
    <testcase name="Equals (231)" classname="spec_perl_TestExprStrEncodings_t" time="0.000247001647949219" />
  </testsuite>
  <testsuite name="spec_perl_TestTermStrz_t" errors="0" failures="0" skipped="0" tests="3" time="0.0721080303192139">
    <system-out>1..3
ok 1 - Equals
ok 2 - Equals
ok 3 - Equals
</system-out>
    <testcase name="Equals (232)" classname="spec_perl_TestTermStrz_t" time="0.000303030014038086" />
    <testcase name="Equals (233)" classname="spec_perl_TestTermStrz_t" time="0.00014805793762207" />
    <testcase name="Equals (234)" classname="spec_perl_TestTermStrz_t" time="0.00014185905456543" />
  </testsuite>
  <testsuite name="spec_perl_TestUserType_t" errors="0" failures="0" skipped="0" tests="2" time="0.0713508129119873">
    <system-out>1..2
ok 1 - Equals
ok 2 - Equals
</system-out>
    <testcase name="Equals (235)" classname="spec_perl_TestUserType_t" time="0.000298023223876953" />
    <testcase name="Equals (236)" classname="spec_perl_TestUserType_t" time="0.000143051147460938" />
  </testsuite>
  <testsuite name="spec_perl_TestBufferedStruct_t" errors="0" failures="0" skipped="0" tests="7" time="0.0867271423339844">
    <system-out>1..7
ok 1 - Equals
ok 2 - Equals
ok 3 - Equals
ok 4 - Equals
ok 5 - Equals
ok 6 - Equals
ok 7 - Equals
</system-out>
    <testcase name="Equals (237)" classname="spec_perl_TestBufferedStruct_t" time="0.000648021697998047" />
    <testcase name="Equals (238)" classname="spec_perl_TestBufferedStruct_t" time="8.51154327392578e-05" />
    <testcase name="Equals (239)" classname="spec_perl_TestBufferedStruct_t" time="0.000196933746337891" />
    <testcase name="Equals (240)" classname="spec_perl_TestBufferedStruct_t" time="0.000163078308105469" />
    <testcase name="Equals (241)" classname="spec_perl_TestBufferedStruct_t" time="0.000176906585693359" />
    <testcase name="Equals (242)" classname="spec_perl_TestBufferedStruct_t" time="0.000165939331054688" />
    <testcase name="Equals (243)" classname="spec_perl_TestBufferedStruct_t" time="0.00018310546875" />
  </testsuite>
  <testsuite name="spec_perl_TestOpaqueExternalType_t" errors="0" failures="0" skipped="0" tests="3" time="0.0831079483032227">
    <system-out>1..3
ok 1 - Equals
ok 2 - Equals
ok 3 - Equals
</system-out>
    <testcase name="Equals (244)" classname="spec_perl_TestOpaqueExternalType_t" time="0.000290155410766602" />
    <testcase name="Equals (245)" classname="spec_perl_TestOpaqueExternalType_t" time="0.000117063522338867" />
    <testcase name="Equals (246)" classname="spec_perl_TestOpaqueExternalType_t" time="0.000147819519042969" />
  </testsuite>
  <testsuite name="spec_perl_TestSwitchRepeatExprInvalid_t" errors="0" failures="0" skipped="0" tests="3" time="0.0692119598388672">
    <system-out>1..3
ok 1 - Equals
ok 2 - Equals
ok 3 - Equals
</system-out>
    <testcase name="Equals (247)" classname="spec_perl_TestSwitchRepeatExprInvalid_t" time="0.000214099884033203" />
    <testcase name="Equals (248)" classname="spec_perl_TestSwitchRepeatExprInvalid_t" time="0.000234842300415039" />
    <testcase name="Equals (249)" classname="spec_perl_TestSwitchRepeatExprInvalid_t" time="0.000211000442504883" />
  </testsuite>
  <testsuite name="spec_perl_TestRepeatUntilCalcArrayType_t" errors="0" failures="0" skipped="0" tests="7" time="0.0841991901397705">
    <system-out>1..7
ok 1 - Equals
ok 2 - Equals
ok 3 - Equals
ok 4 - Equals
ok 5 - Equals
ok 6 - Equals
ok 7 - Equals
</system-out>
    <testcase name="Equals (250)" classname="spec_perl_TestRepeatUntilCalcArrayType_t" time="0.00218701362609863" />
    <testcase name="Equals (251)" classname="spec_perl_TestRepeatUntilCalcArrayType_t" time="5.41210174560547e-05" />
    <testcase name="Equals (252)" classname="spec_perl_TestRepeatUntilCalcArrayType_t" time="3.79085540771484e-05" />
    <testcase name="Equals (253)" classname="spec_perl_TestRepeatUntilCalcArrayType_t" time="4.00543212890625e-05" />
    <testcase name="Equals (254)" classname="spec_perl_TestRepeatUntilCalcArrayType_t" time="3.69548797607422e-05" />
    <testcase name="Equals (255)" classname="spec_perl_TestRepeatUntilCalcArrayType_t" time="3.31401824951172e-05" />
    <testcase name="Equals (256)" classname="spec_perl_TestRepeatUntilCalcArrayType_t" time="3.09944152832031e-05" />
  </testsuite>
  <testsuite name="spec_perl_TestValidOptionalId_t" errors="1" failures="0" skipped="0" tests="0" time="0.0703020095825195">
    <system-out></system-out>
    <testcase name="Test died too soon, even before plan. (256)" classname="spec_perl_TestValidOptionalId_t" time="0.0703020095825195">
      <failure message="The test suite died before a plan was produced. You need to have a plan." type="Plan">No plan</failure>
    </testcase>
  </testsuite>
  <testsuite name="spec_perl_TestSwitchManualStr_t" errors="0" failures="0" skipped="0" tests="9" time="0.0850419998168945">
    <system-out>1..9
ok 1 - Equals
ok 2 - Equals
ok 3 - Equals
ok 4 - Equals
ok 5 - Equals
ok 6 - Equals
ok 7 - Equals
ok 8 - Equals
ok 9 - Equals
</system-out>
    <testcase name="Equals (257)" classname="spec_perl_TestSwitchManualStr_t" time="0.000284910202026367" />
    <testcase name="Equals (258)" classname="spec_perl_TestSwitchManualStr_t" time="0.000169038772583008" />
    <testcase name="Equals (259)" classname="spec_perl_TestSwitchManualStr_t" time="0.000194072723388672" />
    <testcase name="Equals (260)" classname="spec_perl_TestSwitchManualStr_t" time="0.000153064727783203" />
    <testcase name="Equals (261)" classname="spec_perl_TestSwitchManualStr_t" time="0.000165939331054688" />
    <testcase name="Equals (262)" classname="spec_perl_TestSwitchManualStr_t" time="0.000180959701538086" />
    <testcase name="Equals (263)" classname="spec_perl_TestSwitchManualStr_t" time="0.000142097473144531" />
    <testcase name="Equals (264)" classname="spec_perl_TestSwitchManualStr_t" time="0.000169038772583008" />
    <testcase name="Equals (265)" classname="spec_perl_TestSwitchManualStr_t" time="0.000183820724487305" />
  </testsuite>
  <testsuite name="spec_perl_TestRepeatUntilComplex_t" errors="0" failures="0" skipped="0" tests="15" time="0.0747089385986328">
    <system-out>1..15
ok 1 - Equals
ok 2 - Equals
ok 3 - Equals
ok 4 - Equals
ok 5 - Equals
ok 6 - Equals
ok 7 - Equals
ok 8 - Equals
ok 9 - Equals
ok 10 - Equals
ok 11 - Equals
ok 12 - Equals
ok 13 - Equals
ok 14 - Equals
ok 15 - Equals
</system-out>
    <testcase name="Equals (266)" classname="spec_perl_TestRepeatUntilComplex_t" time="0.000222206115722656" />
    <testcase name="Equals (267)" classname="spec_perl_TestRepeatUntilComplex_t" time="0.000120878219604492" />
    <testcase name="Equals (268)" classname="spec_perl_TestRepeatUntilComplex_t" time="0.000154972076416016" />
    <testcase name="Equals (269)" classname="spec_perl_TestRepeatUntilComplex_t" time="0.000195026397705078" />
    <testcase name="Equals (270)" classname="spec_perl_TestRepeatUntilComplex_t" time="0.000118017196655273" />
    <testcase name="Equals (271)" classname="spec_perl_TestRepeatUntilComplex_t" time="0.000184059143066406" />
    <testcase name="Equals (272)" classname="spec_perl_TestRepeatUntilComplex_t" time="0.000160932540893555" />
    <testcase name="Equals (273)" classname="spec_perl_TestRepeatUntilComplex_t" time="0.000128030776977539" />
    <testcase name="Equals (274)" classname="spec_perl_TestRepeatUntilComplex_t" time="0.000108003616333008" />
    <testcase name="Equals (275)" classname="spec_perl_TestRepeatUntilComplex_t" time="0.000218868255615234" />
    <testcase name="Equals (276)" classname="spec_perl_TestRepeatUntilComplex_t" time="0.000115156173706055" />
    <testcase name="Equals (277)" classname="spec_perl_TestRepeatUntilComplex_t" time="0.000205039978027344" />
    <testcase name="Equals (278)" classname="spec_perl_TestRepeatUntilComplex_t" time="0.000104904174804688" />
    <testcase name="Equals (279)" classname="spec_perl_TestRepeatUntilComplex_t" time="0.000149965286254883" />
    <testcase name="Equals (280)" classname="spec_perl_TestRepeatUntilComplex_t" time="0.00018310546875" />
  </testsuite>
  <testsuite name="spec_perl_TestDefaultEndianMod_t" errors="0" failures="0" skipped="0" tests="3" time="0.0769410133361816">
    <system-out>1..3
ok 1 - Equals
ok 2 - Equals
ok 3 - Equals
</system-out>
    <testcase name="Equals (281)" classname="spec_perl_TestDefaultEndianMod_t" time="0.000235080718994141" />
    <testcase name="Equals (282)" classname="spec_perl_TestDefaultEndianMod_t" time="0.000134944915771484" />
    <testcase name="Equals (283)" classname="spec_perl_TestDefaultEndianMod_t" time="0.000158071517944336" />
  </testsuite>
  <testsuite name="spec_perl_TestProcessCoerceSwitch_t" errors="0" failures="0" skipped="0" tests="3" time="0.0802888870239258">
    <system-out>1..3
ok 1 - Equals
ok 2 - Equals
ok 3 - Equals
</system-out>
    <testcase name="Equals (284)" classname="spec_perl_TestProcessCoerceSwitch_t" time="0.000623941421508789" />
    <testcase name="Equals (285)" classname="spec_perl_TestProcessCoerceSwitch_t" time="6.98566436767578e-05" />
    <testcase name="Equals (286)" classname="spec_perl_TestProcessCoerceSwitch_t" time="0.000189065933227539" />
  </testsuite>
  <testsuite name="spec_perl_TestNestedTypes_t" errors="0" failures="0" skipped="0" tests="3" time="0.0750091075897217">
    <system-out>1..3
ok 1 - Equals
ok 2 - Equals
ok 3 - Equals
</system-out>
    <testcase name="Equals (287)" classname="spec_perl_TestNestedTypes_t" time="0.000195026397705078" />
    <testcase name="Equals (288)" classname="spec_perl_TestNestedTypes_t" time="0.000118017196655273" />
    <testcase name="Equals (289)" classname="spec_perl_TestNestedTypes_t" time="0.000152111053466797" />
  </testsuite>
  <testsuite name="spec_perl_TestRepeatEosStruct_t" errors="0" failures="0" skipped="0" tests="5" time="0.0794780254364014">
    <system-out>1..5
ok 1 - Equals
ok 2 - Equals
ok 3 - Equals
ok 4 - Equals
ok 5 - Equals
</system-out>
    <testcase name="Equals (290)" classname="spec_perl_TestRepeatEosStruct_t" time="0.000297069549560547" />
    <testcase name="Equals (291)" classname="spec_perl_TestRepeatEosStruct_t" time="0.000213861465454102" />
    <testcase name="Equals (292)" classname="spec_perl_TestRepeatEosStruct_t" time="0.00014805793762207" />
    <testcase name="Equals (293)" classname="spec_perl_TestRepeatEosStruct_t" time="0.00014495849609375" />
    <testcase name="Equals (294)" classname="spec_perl_TestRepeatEosStruct_t" time="0.000164985656738281" />
  </testsuite>
  <testsuite name="spec_perl_TestEofExceptionU4_t" errors="0" failures="0" skipped="0" tests="1" time="0.07474684715271">
    <system-out>1..1
ok 1 - threw /^Requested \d+ bytes, but only \d+ bytes available/
</system-out>
    <testcase name="threw /^Requested \d+ bytes, but only \d+ bytes available/ (294)" classname="spec_perl_TestEofExceptionU4_t" time="0.000178813934326172" />
  </testsuite>
  <testsuite name="spec_perl_TestRepeatNStrzDouble_t" errors="0" failures="0" skipped="0" tests="3" time="0.0855190753936768">
    <system-out>1..3
ok 1 - Equals
ok 2 - Equals
ok 3 - Equals
</system-out>
    <testcase name="Equals (295)" classname="spec_perl_TestRepeatNStrzDouble_t" time="0.000353097915649414" />
    <testcase name="Equals (296)" classname="spec_perl_TestRepeatNStrzDouble_t" time="0.000140905380249023" />
    <testcase name="Equals (297)" classname="spec_perl_TestRepeatNStrzDouble_t" time="0.000126123428344727" />
  </testsuite>
  <testsuite name="spec_perl_TestExprSizeofType1_t" errors="0" failures="0" skipped="0" tests="2" time="0.0790729522705078">
    <system-out>1..2
ok 1 - Equals
ok 2 - Equals
</system-out>
    <testcase name="Equals (298)" classname="spec_perl_TestExprSizeofType1_t" time="0.000208854675292969" />
    <testcase name="Equals (299)" classname="spec_perl_TestExprSizeofType1_t" time="0.000123023986816406" />
  </testsuite>
  <testsuite name="spec_perl_TestCastNested_t" errors="0" failures="0" skipped="0" tests="4" time="0.0829470157623291">
    <system-out>1..4
ok 1 - Equals
ok 2 - Equals
ok 3 - Equals
ok 4 - Equals
</system-out>
    <testcase name="Equals (300)" classname="spec_perl_TestCastNested_t" time="0.000314950942993164" />
    <testcase name="Equals (301)" classname="spec_perl_TestCastNested_t" time="0.000121116638183594" />
    <testcase name="Equals (302)" classname="spec_perl_TestCastNested_t" time="0.000152111053466797" />
    <testcase name="Equals (303)" classname="spec_perl_TestCastNested_t" time="0.000204801559448242" />
  </testsuite>
  <testsuite name="spec_perl_TestImportsRel1_t" errors="0" failures="0" skipped="0" tests="3" time="0.0842199325561523">
    <system-out>1..3
ok 1 - Equals
ok 2 - Equals
ok 3 - Equals
</system-out>
    <testcase name="Equals (304)" classname="spec_perl_TestImportsRel1_t" time="0.000308036804199219" />
    <testcase name="Equals (305)" classname="spec_perl_TestImportsRel1_t" time="0.000128984451293945" />
    <testcase name="Equals (306)" classname="spec_perl_TestImportsRel1_t" time="0.000172138214111328" />
  </testsuite>
  <testsuite name="spec_perl_TestSwitchManualStrElse_t" errors="0" failures="0" skipped="0" tests="9" time="0.0838580131530762">
    <system-out>1..9
ok 1 - Equals
ok 2 - Equals
ok 3 - Equals
ok 4 - Equals
ok 5 - Equals
ok 6 - Equals
ok 7 - Equals
ok 8 - Equals
ok 9 - Equals
</system-out>
    <testcase name="Equals (307)" classname="spec_perl_TestSwitchManualStrElse_t" time="0.000440835952758789" />
    <testcase name="Equals (308)" classname="spec_perl_TestSwitchManualStrElse_t" time="0.000117063522338867" />
    <testcase name="Equals (309)" classname="spec_perl_TestSwitchManualStrElse_t" time="0.000189065933227539" />
    <testcase name="Equals (310)" classname="spec_perl_TestSwitchManualStrElse_t" time="0.000200033187866211" />
    <testcase name="Equals (311)" classname="spec_perl_TestSwitchManualStrElse_t" time="0.00020599365234375" />
    <testcase name="Equals (312)" classname="spec_perl_TestSwitchManualStrElse_t" time="0.000212907791137695" />
    <testcase name="Equals (313)" classname="spec_perl_TestSwitchManualStrElse_t" time="0.000145912170410156" />
    <testcase name="Equals (314)" classname="spec_perl_TestSwitchManualStrElse_t" time="0.000174999237060547" />
    <testcase name="Equals (315)" classname="spec_perl_TestSwitchManualStrElse_t" time="0.000204086303710938" />
  </testsuite>
  <testsuite name="spec_perl_TestTermU1Val_t" errors="0" failures="0" skipped="0" tests="2" time="0.0752320289611816">
    <system-out>1..2
ok 1 - Equals
ok 2 - Equals
</system-out>
    <testcase name="Equals (316)" classname="spec_perl_TestTermU1Val_t" time="0.000300884246826172" />
    <testcase name="Equals (317)" classname="spec_perl_TestTermU1Val_t" time="0.000153064727783203" />
  </testsuite>
  <testsuite name="spec_perl_TestBitsUnalignedB32Le_t" errors="0" failures="0" skipped="0" tests="3" time="0.0691149234771729">
    <system-out>1..3
ok 1 - Equals
ok 2 - Equals
ok 3 - Equals
</system-out>
    <testcase name="Equals (318)" classname="spec_perl_TestBitsUnalignedB32Le_t" time="0.00023198127746582" />
    <testcase name="Equals (319)" classname="spec_perl_TestBitsUnalignedB32Le_t" time="0.000154972076416016" />
    <testcase name="Equals (320)" classname="spec_perl_TestBitsUnalignedB32Le_t" time="0.000164031982421875" />
  </testsuite>
  <testsuite name="spec_perl_TestRecursiveOne_t" errors="0" failures="0" skipped="0" tests="4" time="0.0695278644561768">
    <system-out>1..4
ok 1 - Equals
ok 2 - Equals
ok 3 - Equals
ok 4 - Equals
</system-out>
    <testcase name="Equals (321)" classname="spec_perl_TestRecursiveOne_t" time="0.000247955322265625" />
    <testcase name="Equals (322)" classname="spec_perl_TestRecursiveOne_t" time="0.000355005264282227" />
    <testcase name="Equals (323)" classname="spec_perl_TestRecursiveOne_t" time="0.000160932540893555" />
    <testcase name="Equals (324)" classname="spec_perl_TestRecursiveOne_t" time="0.000174999237060547" />
  </testsuite>
  <testsuite name="spec_perl_TestEosExceptionBytes_t" errors="0" failures="0" skipped="0" tests="1" time="0.0747840404510498">
    <system-out>1..1
ok 1 - threw /^Requested \d+ bytes, but only \d+ bytes available/
</system-out>
    <testcase name="threw /^Requested \d+ bytes, but only \d+ bytes available/ (324)" classname="spec_perl_TestEosExceptionBytes_t" time="0.000416994094848633" />
  </testsuite>
  <testsuite name="spec_perl_TestIntegersDoubleOverflow_t" errors="0" failures="0" skipped="0" tests="8" time="0.0761110782623291">
    <system-out>1..8
ok 1 - Equals
ok 2 - Equals
ok 3 - Equals
ok 4 - Equals
ok 5 - Equals
ok 6 - Equals
ok 7 - Equals
ok 8 - Equals
</system-out>
    <testcase name="Equals (325)" classname="spec_perl_TestIntegersDoubleOverflow_t" time="0.000177860260009766" />
    <testcase name="Equals (326)" classname="spec_perl_TestIntegersDoubleOverflow_t" time="0.0001220703125" />
    <testcase name="Equals (327)" classname="spec_perl_TestIntegersDoubleOverflow_t" time="0.000144004821777344" />
    <testcase name="Equals (328)" classname="spec_perl_TestIntegersDoubleOverflow_t" time="0.000150918960571289" />
    <testcase name="Equals (329)" classname="spec_perl_TestIntegersDoubleOverflow_t" time="0.000177145004272461" />
    <testcase name="Equals (330)" classname="spec_perl_TestIntegersDoubleOverflow_t" time="0.000151872634887695" />
    <testcase name="Equals (331)" classname="spec_perl_TestIntegersDoubleOverflow_t" time="0.000174999237060547" />
    <testcase name="Equals (332)" classname="spec_perl_TestIntegersDoubleOverflow_t" time="0.000146150588989258" />
  </testsuite>
  <testsuite name="spec_perl_TestExpr1_t" errors="0" failures="0" skipped="0" tests="4" time="0.0774059295654297">
    <system-out>1..4
ok 1 - Equals
ok 2 - Equals
ok 3 - Equals
ok 4 - Equals
</system-out>
    <testcase name="Equals (333)" classname="spec_perl_TestExpr1_t" time="0.000162839889526367" />
    <testcase name="Equals (334)" classname="spec_perl_TestExpr1_t" time="4.69684600830078e-05" />
    <testcase name="Equals (335)" classname="spec_perl_TestExpr1_t" time="3.50475311279297e-05" />
    <testcase name="Equals (336)" classname="spec_perl_TestExpr1_t" time="3.31401824951172e-05" />
  </testsuite>
  <testsuite name="spec_perl_TestSwitchManualEnum_t" errors="0" failures="0" skipped="0" tests="9" time="0.0744400024414062">
    <system-out>1..9
ok 1 - Equals
ok 2 - Equals
ok 3 - Equals
ok 4 - Equals
ok 5 - Equals
ok 6 - Equals
ok 7 - Equals
ok 8 - Equals
ok 9 - Equals
</system-out>
    <testcase name="Equals (337)" classname="spec_perl_TestSwitchManualEnum_t" time="0.00036311149597168" />
    <testcase name="Equals (338)" classname="spec_perl_TestSwitchManualEnum_t" time="0.000156879425048828" />
    <testcase name="Equals (339)" classname="spec_perl_TestSwitchManualEnum_t" time="0.000154972076416016" />
    <testcase name="Equals (340)" classname="spec_perl_TestSwitchManualEnum_t" time="0.000175952911376953" />
    <testcase name="Equals (341)" classname="spec_perl_TestSwitchManualEnum_t" time="0.000172138214111328" />
    <testcase name="Equals (342)" classname="spec_perl_TestSwitchManualEnum_t" time="0.000223875045776367" />
    <testcase name="Equals (343)" classname="spec_perl_TestSwitchManualEnum_t" time="0.000190019607543945" />
    <testcase name="Equals (344)" classname="spec_perl_TestSwitchManualEnum_t" time="0.000228166580200195" />
    <testcase name="Equals (345)" classname="spec_perl_TestSwitchManualEnum_t" time="0.000235795974731445" />
  </testsuite>
  <testsuite name="spec_perl_TestSwitchManualIntElse_t" errors="0" failures="0" skipped="0" tests="9" time="0.0710568428039551">
    <system-out>1..9
ok 1 - Equals
ok 2 - Equals
ok 3 - Equals
ok 4 - Equals
ok 5 - Equals
ok 6 - Equals
ok 7 - Equals
ok 8 - Equals
ok 9 - Equals
</system-out>
    <testcase name="Equals (346)" classname="spec_perl_TestSwitchManualIntElse_t" time="0.000413894653320312" />
    <testcase name="Equals (347)" classname="spec_perl_TestSwitchManualIntElse_t" time="0.000169038772583008" />
    <testcase name="Equals (348)" classname="spec_perl_TestSwitchManualIntElse_t" time="0.000205039978027344" />
    <testcase name="Equals (349)" classname="spec_perl_TestSwitchManualIntElse_t" time="0.000175952911376953" />
    <testcase name="Equals (350)" classname="spec_perl_TestSwitchManualIntElse_t" time="0.000164031982421875" />
    <testcase name="Equals (351)" classname="spec_perl_TestSwitchManualIntElse_t" time="0.000146865844726562" />
    <testcase name="Equals (352)" classname="spec_perl_TestSwitchManualIntElse_t" time="0.000163078308105469" />
    <testcase name="Equals (353)" classname="spec_perl_TestSwitchManualIntElse_t" time="0.000162124633789062" />
    <testcase name="Equals (354)" classname="spec_perl_TestSwitchManualIntElse_t" time="0.000211954116821289" />
  </testsuite>
  <testsuite name="spec_perl_TestOpaqueExternalType02Parent_t" errors="0" failures="0" skipped="0" tests="3" time="0.0751509666442871">
    <system-out>1..3
ok 1 - Equals
ok 2 - Equals
ok 3 - Equals
</system-out>
    <testcase name="Equals (355)" classname="spec_perl_TestOpaqueExternalType02Parent_t" time="0.000267982482910156" />
    <testcase name="Equals (356)" classname="spec_perl_TestOpaqueExternalType02Parent_t" time="0.000154972076416016" />
    <testcase name="Equals (357)" classname="spec_perl_TestOpaqueExternalType02Parent_t" time="0.00014495849609375" />
  </testsuite>
  <testsuite name="spec_perl_TestParamsPassStruct_t" errors="0" failures="1" skipped="1" tests="4" time="0.0729401111602783">
    <system-out>1..4
ok 1 - Equals
ok 2 - Equals
not ok 3 - test_params_pass_struct died (Can't call method &quot;foo&quot; on an undefined value at spec/perl/TestParamsPassStruct.t line 16.)
ok 4 # skip test_params_pass_struct died
</system-out>
    <testcase name="Equals (358)" classname="spec_perl_TestParamsPassStruct_t" time="0.000218868255615234" />
    <testcase name="Equals (359)" classname="spec_perl_TestParamsPassStruct_t" time="0.000138998031616211" />
    <testcase name="test_params_pass_struct died (Can't call method &quot;foo&quot; on an undefined value at spec/perl/TestParamsPassStruct.t line 16.) (359)" classname="spec_perl_TestParamsPassStruct_t" time="0.000260114669799805">
      <failure message="not ok 3 - test_params_pass_struct died (Can't call method &quot;foo&quot; on an undefined value at spec/perl/TestParamsPassStruct.t line 16.)" type="TAP::Parser::Result::Test"></failure>
    </testcase>
    <testcase name="Unnamed test case 359" classname="spec_perl_TestParamsPassStruct_t" time="0.000588893890380859">
      <skipped message="ok 4 # skip test_params_pass_struct died" />
    </testcase>
  </testsuite>
  <testsuite name="spec_perl_TestEnumIf_t" errors="0" failures="0" skipped="0" tests="7" time="0.0776770114898682">
    <system-out>1..7
ok 1 - Equals
ok 2 - Equals
ok 3 - Equals
ok 4 - Equals
ok 5 - Equals
ok 6 - Equals
ok 7 - Equals
</system-out>
    <testcase name="Equals (360)" classname="spec_perl_TestEnumIf_t" time="0.000638008117675781" />
    <testcase name="Equals (361)" classname="spec_perl_TestEnumIf_t" time="7.20024108886719e-05" />
    <testcase name="Equals (362)" classname="spec_perl_TestEnumIf_t" time="0.000165939331054688" />
    <testcase name="Equals (363)" classname="spec_perl_TestEnumIf_t" time="0.000161170959472656" />
    <testcase name="Equals (364)" classname="spec_perl_TestEnumIf_t" time="0.000149011611938477" />
    <testcase name="Equals (365)" classname="spec_perl_TestEnumIf_t" time="0.000137805938720703" />
    <testcase name="Equals (366)" classname="spec_perl_TestEnumIf_t" time="0.000169992446899414" />
  </testsuite>
  <testsuite name="spec_perl_TestEofExceptionBytes_t" errors="0" failures="0" skipped="0" tests="1" time="0.0747921466827393">
    <system-out>1..1
ok 1 - threw /^Requested \d+ bytes, but only \d+ bytes available/
</system-out>
    <testcase name="threw /^Requested \d+ bytes, but only \d+ bytes available/ (366)" classname="spec_perl_TestEofExceptionBytes_t" time="0.000165939331054688" />
  </testsuite>
  <testsuite name="spec_perl_TestProcessRepeatBytes_t" errors="0" failures="0" skipped="0" tests="2" time="0.0710799694061279">
    <system-out>1..2
ok 1 - Equals
ok 2 - Equals
</system-out>
    <testcase name="Equals (367)" classname="spec_perl_TestProcessRepeatBytes_t" time="0.00020909309387207" />
    <testcase name="Equals (368)" classname="spec_perl_TestProcessRepeatBytes_t" time="0.000124931335449219" />
  </testsuite>
  <testsuite name="spec_perl_TestRepeatNStrz_t" errors="0" failures="0" skipped="0" tests="2" time="0.0841491222381592">
    <system-out>1..2
ok 1 - Equals
ok 2 - Equals
</system-out>
    <testcase name="Equals (369)" classname="spec_perl_TestRepeatNStrz_t" time="0.000277042388916016" />
    <testcase name="Equals (370)" classname="spec_perl_TestRepeatNStrz_t" time="9.41753387451172e-05" />
  </testsuite>
  <testsuite name="spec_perl_TestTypeTernary_t" errors="0" failures="0" skipped="0" tests="1" time="0.0718469619750977">
    <system-out>1..1
ok 1 - Equals
</system-out>
    <testcase name="Equals (371)" classname="spec_perl_TestTypeTernary_t" time="0.000639200210571289" />
  </testsuite>
  <testsuite name="spec_perl_TestEosExceptionU4_t" errors="0" failures="0" skipped="0" tests="1" time="0.0745868682861328">
    <system-out>1..1
ok 1 - threw /^Requested \d+ bytes, but only \d+ bytes available/
</system-out>
    <testcase name="threw /^Requested \d+ bytes, but only \d+ bytes available/ (371)" classname="spec_perl_TestEosExceptionU4_t" time="0.000576019287109375" />
  </testsuite>
  <testsuite name="spec_perl_TestSwitchManualEnumInvalid_t" errors="0" failures="0" skipped="0" tests="5" time="0.0726020336151123">
    <system-out>1..5
ok 1 - Equals
ok 2 - Equals
ok 3 - nil
ok 4 - Equals
ok 5 - nil
</system-out>
    <testcase name="Equals (372)" classname="spec_perl_TestSwitchManualEnumInvalid_t" time="0.000215053558349609" />
    <testcase name="Equals (373)" classname="spec_perl_TestSwitchManualEnumInvalid_t" time="0.000124931335449219" />
    <testcase name="nil (373)" classname="spec_perl_TestSwitchManualEnumInvalid_t" time="6.29425048828125e-05" />
    <testcase name="Equals (374)" classname="spec_perl_TestSwitchManualEnumInvalid_t" time="0.000151157379150391" />
    <testcase name="nil (374)" classname="spec_perl_TestSwitchManualEnumInvalid_t" time="8.98838043212891e-05" />
  </testsuite>
  <testsuite name="spec_perl_TestEnumNegative_t" errors="0" failures="0" skipped="0" tests="2" time="0.0731880664825439">
    <system-out>1..2
ok 1 - Equals
ok 2 - Equals
</system-out>
    <testcase name="Equals (375)" classname="spec_perl_TestEnumNegative_t" time="0.000223875045776367" />
    <testcase name="Equals (376)" classname="spec_perl_TestEnumNegative_t" time="0.000154018402099609" />
  </testsuite>
  <testsuite name="spec_perl_TestEnumIntRangeS_t" errors="0" failures="0" skipped="0" tests="3" time="0.0755980014801025">
    <system-out>1..3
ok 1 - Equals
ok 2 - Equals
ok 3 - Equals
</system-out>
    <testcase name="Equals (377)" classname="spec_perl_TestEnumIntRangeS_t" time="0.000153064727783203" />
    <testcase name="Equals (378)" classname="spec_perl_TestEnumIntRangeS_t" time="0.000169038772583008" />
    <testcase name="Equals (379)" classname="spec_perl_TestEnumIntRangeS_t" time="0.000138044357299805" />
  </testsuite>
  <testsuite name="spec_perl_TestOptionalId_t" errors="0" failures="0" skipped="0" tests="3" time="0.0713999271392822">
    <system-out>1..3
ok 1 - Equals
ok 2 - Equals
ok 3 - Equals
</system-out>
    <testcase name="Equals (380)" classname="spec_perl_TestOptionalId_t" time="0.000169992446899414" />
    <testcase name="Equals (381)" classname="spec_perl_TestOptionalId_t" time="0.000103950500488281" />
    <testcase name="Equals (382)" classname="spec_perl_TestOptionalId_t" time="0.000156164169311523" />
  </testsuite>
  <testsuite name="spec_perl_TestStrLiterals2_t" errors="0" failures="0" skipped="0" tests="4" time="0.0701749324798584">
    <system-out>1..4
ok 1 - Equals
ok 2 - Equals
ok 3 - Equals
ok 4 - Equals
</system-out>
    <testcase name="Equals (383)" classname="spec_perl_TestStrLiterals2_t" time="0.000208854675292969" />
    <testcase name="Equals (384)" classname="spec_perl_TestStrLiterals2_t" time="0.000162124633789062" />
    <testcase name="Equals (385)" classname="spec_perl_TestStrLiterals2_t" time="0.000175952911376953" />
    <testcase name="Equals (386)" classname="spec_perl_TestStrLiterals2_t" time="0.000185966491699219" />
  </testsuite>
  <testsuite name="spec_perl_TestBcdUserTypeBe_t" errors="0" failures="0" skipped="0" tests="6" time="0.0867009162902832">
    <system-out>1..6
ok 1 - Equals
ok 2 - Equals
ok 3 - Equals
ok 4 - Equals
ok 5 - Equals
ok 6 - Equals
</system-out>
    <testcase name="Equals (387)" classname="spec_perl_TestBcdUserTypeBe_t" time="0.000684976577758789" />
    <testcase name="Equals (388)" classname="spec_perl_TestBcdUserTypeBe_t" time="7.70092010498047e-05" />
    <testcase name="Equals (389)" classname="spec_perl_TestBcdUserTypeBe_t" time="0.000185012817382812" />
    <testcase name="Equals (390)" classname="spec_perl_TestBcdUserTypeBe_t" time="0.000291824340820312" />
    <testcase name="Equals (391)" classname="spec_perl_TestBcdUserTypeBe_t" time="0.00015711784362793" />
    <testcase name="Equals (392)" classname="spec_perl_TestBcdUserTypeBe_t" time="0.000178098678588867" />
  </testsuite>
  <testsuite name="spec_perl_TestNavParentFalse_t" errors="0" failures="0" skipped="0" tests="5" time="0.0692849159240723">
    <system-out>1..5
ok 1 - Equals
ok 2 - Equals
ok 3 - Equals
ok 4 - Equals
ok 5 - Equals
</system-out>
    <testcase name="Equals (393)" classname="spec_perl_TestNavParentFalse_t" time="0.000190019607543945" />
    <testcase name="Equals (394)" classname="spec_perl_TestNavParentFalse_t" time="0.000113010406494141" />
    <testcase name="Equals (395)" classname="spec_perl_TestNavParentFalse_t" time="0.000169038772583008" />
    <testcase name="Equals (396)" classname="spec_perl_TestNavParentFalse_t" time="0.00014495849609375" />
    <testcase name="Equals (397)" classname="spec_perl_TestNavParentFalse_t" time="0.000158071517944336" />
  </testsuite>
  <testsuite name="spec_perl_TestParamsPassArrayStr_t" errors="0" failures="1" skipped="6" tests="7" time="0.0775258541107178">
    <system-out>1..7
not ok 1 - test_params_pass_array_str died (Can't use an undefined value as an ARRAY reference at spec/perl/TestParamsPassArrayStr.t line 14.)
ok 2 # skip test_params_pass_array_str died
ok 3 # skip test_params_pass_array_str died
ok 4 # skip test_params_pass_array_str died
ok 5 # skip test_params_pass_array_str died
ok 6 # skip test_params_pass_array_str died
ok 7 # skip test_params_pass_array_str died
</system-out>
    <testcase name="test_params_pass_array_str died (Can't use an undefined value as an ARRAY reference at spec/perl/TestParamsPassArrayStr.t line 14.) (397)" classname="spec_perl_TestParamsPassArrayStr_t" time="0.000279903411865234">
      <failure message="not ok 1 - test_params_pass_array_str died (Can't use an undefined value as an ARRAY reference at spec/perl/TestParamsPassArrayStr.t line 14.)" type="TAP::Parser::Result::Test"></failure>
    </testcase>
    <testcase name="Unnamed test case 397" classname="spec_perl_TestParamsPassArrayStr_t" time="0.00127410888671875">
      <skipped message="ok 2 # skip test_params_pass_array_str died" />
    </testcase>
    <testcase name="Unnamed test case 398" classname="spec_perl_TestParamsPassArrayStr_t" time="0.000162839889526367">
      <skipped message="ok 3 # skip test_params_pass_array_str died" />
    </testcase>
    <testcase name="Unnamed test case 399" classname="spec_perl_TestParamsPassArrayStr_t" time="0.000193119049072266">
      <skipped message="ok 4 # skip test_params_pass_array_str died" />
    </testcase>
    <testcase name="Unnamed test case 400" classname="spec_perl_TestParamsPassArrayStr_t" time="0.000176906585693359">
      <skipped message="ok 5 # skip test_params_pass_array_str died" />
    </testcase>
    <testcase name="Unnamed test case 401" classname="spec_perl_TestParamsPassArrayStr_t" time="0.00014805793762207">
      <skipped message="ok 6 # skip test_params_pass_array_str died" />
    </testcase>
    <testcase name="Unnamed test case 402" classname="spec_perl_TestParamsPassArrayStr_t" time="0.000131845474243164">
      <skipped message="ok 7 # skip test_params_pass_array_str died" />
    </testcase>
  </testsuite>
  <testsuite name="spec_perl_TestNavParentSwitchCast_t" errors="0" failures="0" skipped="0" tests="3" time="0.0779139995574951">
    <system-out>1..3
ok 1 - Equals
ok 2 - Equals
ok 3 - Equals
</system-out>
    <testcase name="Equals (402)" classname="spec_perl_TestNavParentSwitchCast_t" time="0.000625848770141602" />
    <testcase name="Equals (403)" classname="spec_perl_TestNavParentSwitchCast_t" time="0.000152111053466797" />
    <testcase name="Equals (404)" classname="spec_perl_TestNavParentSwitchCast_t" time="0.00020289421081543" />
  </testsuite>
  <testsuite name="spec_perl_TestExprIoEof_t" errors="0" failures="0" skipped="0" tests="4" time="0.0717110633850098">
    <system-out>1..4
ok 1 - Equals
ok 2 - nil
ok 3 - Equals
ok 4 - Equals
</system-out>
    <testcase name="Equals (405)" classname="spec_perl_TestExprIoEof_t" time="0.000713109970092773" />
    <testcase name="nil (405)" classname="spec_perl_TestExprIoEof_t" time="7.00950622558594e-05" />
    <testcase name="Equals (406)" classname="spec_perl_TestExprIoEof_t" time="0.000130891799926758" />
    <testcase name="Equals (407)" classname="spec_perl_TestExprIoEof_t" time="0.000223875045776367" />
  </testsuite>
  <testsuite name="spec_perl_TestExpr2_t" errors="0" failures="0" skipped="0" tests="17" time="0.0866029262542725">
    <system-out>1..17
ok 1 - Equals
ok 2 - Equals
ok 3 - Equals
ok 4 - Equals
ok 5 - Equals
ok 6 - Equals
ok 7 - Equals
ok 8 - Equals
ok 9 - Equals
ok 10 - Equals
ok 11 - Equals
ok 12 - Equals
ok 13 - Equals
ok 14 - Equals
ok 15 - Equals
ok 16 - Equals
ok 17 - Equals
</system-out>
    <testcase name="Equals (408)" classname="spec_perl_TestExpr2_t" time="0.000954151153564453" />
    <testcase name="Equals (409)" classname="spec_perl_TestExpr2_t" time="0.000299930572509766" />
    <testcase name="Equals (410)" classname="spec_perl_TestExpr2_t" time="0.000338077545166016" />
    <testcase name="Equals (411)" classname="spec_perl_TestExpr2_t" time="0.000304937362670898" />
    <testcase name="Equals (412)" classname="spec_perl_TestExpr2_t" time="0.000278949737548828" />
    <testcase name="Equals (413)" classname="spec_perl_TestExpr2_t" time="0.000308036804199219" />
    <testcase name="Equals (414)" classname="spec_perl_TestExpr2_t" time="0.000364065170288086" />
    <testcase name="Equals (415)" classname="spec_perl_TestExpr2_t" time="0.000301837921142578" />
    <testcase name="Equals (416)" classname="spec_perl_TestExpr2_t" time="0.000388145446777344" />
    <testcase name="Equals (417)" classname="spec_perl_TestExpr2_t" time="0.000355005264282227" />
    <testcase name="Equals (418)" classname="spec_perl_TestExpr2_t" time="0.000275850296020508" />
    <testcase name="Equals (419)" classname="spec_perl_TestExpr2_t" time="0.000267982482910156" />
    <testcase name="Equals (420)" classname="spec_perl_TestExpr2_t" time="0.00027918815612793" />
    <testcase name="Equals (421)" classname="spec_perl_TestExpr2_t" time="0.000478029251098633" />
    <testcase name="Equals (422)" classname="spec_perl_TestExpr2_t" time="0.000458002090454102" />
    <testcase name="Equals (423)" classname="spec_perl_TestExpr2_t" time="0.000359773635864258" />
    <testcase name="Equals (424)" classname="spec_perl_TestExpr2_t" time="0.000272035598754883" />
  </testsuite>
  <testsuite name="spec_perl_TestExprBytesNonLiteral_t" errors="0" failures="0" skipped="0" tests="3" time="0.0759379863739014">
    <system-out>1..3
ok 1 - Equals
ok 2 - Equals
ok 3 - Equals
</system-out>
[...]
    <system-out>1..3
ok 1 - Equals
ok 2 - Equals
ok 3 - Equals
</system-out>
    <testcase name="Equals (893)" classname="spec_perl_TestNavParentOverride_t" time="0.000138998031616211" />
    <testcase name="Equals (894)" classname="spec_perl_TestNavParentOverride_t" time="6.29425048828125e-05" />
    <testcase name="Equals (895)" classname="spec_perl_TestNavParentOverride_t" time="5.29289245605469e-05" />
  </testsuite>
  <testsuite name="spec_perl_TestTypeIntUnaryOp_t" errors="0" failures="0" skipped="0" tests="4" time="0.0807249546051025">
    <system-out>1..4
ok 1 - Equals
ok 2 - Equals
ok 3 - Equals
ok 4 - Equals
</system-out>
    <testcase name="Equals (896)" classname="spec_perl_TestTypeIntUnaryOp_t" time="0.000236988067626953" />
    <testcase name="Equals (897)" classname="spec_perl_TestTypeIntUnaryOp_t" time="0.000138998031616211" />
    <testcase name="Equals (898)" classname="spec_perl_TestTypeIntUnaryOp_t" time="0.000176191329956055" />
    <testcase name="Equals (899)" classname="spec_perl_TestTypeIntUnaryOp_t" time="0.000153779983520508" />
  </testsuite>
  <testsuite name="spec_perl_TestValidLong_t" errors="0" failures="0" skipped="1" tests="1" time="0.0880060195922852">
    <system-out>1..1
ok 1 # skip ValidLong=HASH(0x5603c0991e30)
</system-out>
    <testcase name="Unnamed test case 899" classname="spec_perl_TestValidLong_t" time="0.00152802467346191">
      <skipped message="ok 1 # skip ValidLong=HASH(0x5603c0991e30)" />
    </testcase>
  </testsuite>
  <testsuite name="spec_perl_TestExprCalcArrayOps_t" errors="0" failures="0" skipped="0" tests="18" time="0.0849299430847168">
    <system-out>1..18
ok 1 - Equals
ok 2 - Equals
ok 3 - Equals
ok 4 - Equals
ok 5 - Equals
ok 6 - Equals
ok 7 - Equals
ok 8 - Approx equals
ok 9 - Approx equals
ok 10 - Approx equals
ok 11 - Approx equals
ok 12 - Approx equals
ok 13 - Equals
ok 14 - Equals
ok 15 - Equals
ok 16 - Equals
ok 17 - Equals
ok 18 - Equals
</system-out>
    <testcase name="Equals (900)" classname="spec_perl_TestExprCalcArrayOps_t" time="0.00015711784362793" />
    <testcase name="Equals (901)" classname="spec_perl_TestExprCalcArrayOps_t" time="0.000133037567138672" />
    <testcase name="Equals (902)" classname="spec_perl_TestExprCalcArrayOps_t" time="0.000211954116821289" />
    <testcase name="Equals (903)" classname="spec_perl_TestExprCalcArrayOps_t" time="0.000169038772583008" />
    <testcase name="Equals (904)" classname="spec_perl_TestExprCalcArrayOps_t" time="0.000198841094970703" />
    <testcase name="Equals (905)" classname="spec_perl_TestExprCalcArrayOps_t" time="0.000163078308105469" />
    <testcase name="Equals (906)" classname="spec_perl_TestExprCalcArrayOps_t" time="0.000155925750732422" />
    <testcase name="Approx equals (906)" classname="spec_perl_TestExprCalcArrayOps_t" time="8.29696655273438e-05" />
    <testcase name="Approx equals (907)" classname="spec_perl_TestExprCalcArrayOps_t" time="4.91142272949219e-05" />
    <testcase name="Approx equals (908)" classname="spec_perl_TestExprCalcArrayOps_t" time="0.000128030776977539" />
    <testcase name="Approx equals (909)" classname="spec_perl_TestExprCalcArrayOps_t" time="5.79357147216797e-05" />
    <testcase name="Approx equals (910)" classname="spec_perl_TestExprCalcArrayOps_t" time="5.00679016113281e-05" />
    <testcase name="Equals (910)" classname="spec_perl_TestExprCalcArrayOps_t" time="0.000210046768188477" />
    <testcase name="Equals (911)" classname="spec_perl_TestExprCalcArrayOps_t" time="0.000164985656738281" />
    <testcase name="Equals (912)" classname="spec_perl_TestExprCalcArrayOps_t" time="0.000159025192260742" />
    <testcase name="Equals (913)" classname="spec_perl_TestExprCalcArrayOps_t" time="0.000156879425048828" />
    <testcase name="Equals (914)" classname="spec_perl_TestExprCalcArrayOps_t" time="0.000194072723388672" />
    <testcase name="Equals (915)" classname="spec_perl_TestExprCalcArrayOps_t" time="0.000162839889526367" />
  </testsuite>
  <testsuite name="spec_perl_TestIfInstances_t" errors="0" failures="0" skipped="0" tests="1" time="0.071727991104126">
    <system-out>1..1
ok 1 - nil
</system-out>
    <testcase name="nil (915)" classname="spec_perl_TestIfInstances_t" time="0.000136137008666992" />
  </testsuite>
  <testsuite name="spec_perl_TestToStringCustom_t" errors="0" failures="0" skipped="0" tests="1" time="0.0742080211639404">
    <system-out>1..1
ok 1 - Equals
</system-out>
    <testcase name="Equals (916)" classname="spec_perl_TestToStringCustom_t" time="0.000301122665405273" />
  </testsuite>
  <testsuite name="spec_perl_TestBitsShiftByB32Le_t" errors="0" failures="0" skipped="0" tests="2" time="0.0811059474945068">
    <system-out>1..2
ok 1 - Equals
ok 2 - Equals
</system-out>
    <testcase name="Equals (917)" classname="spec_perl_TestBitsShiftByB32Le_t" time="0.00286293029785156" />
    <testcase name="Equals (918)" classname="spec_perl_TestBitsShiftByB32Le_t" time="7.79628753662109e-05" />
  </testsuite>
  <testsuite name="spec_perl_TestCastToImported_t" errors="0" failures="0" skipped="0" tests="2" time="0.0727698802947998">
    <system-out>1..2
ok 1 - Equals
ok 2 - Equals
</system-out>
    <testcase name="Equals (919)" classname="spec_perl_TestCastToImported_t" time="0.000192165374755859" />
    <testcase name="Equals (920)" classname="spec_perl_TestCastToImported_t" time="0.000136852264404297" />
  </testsuite>
  <testsuite name="spec_perl_TestBitsSignedShiftB32Le_t" errors="0" failures="0" skipped="0" tests="2" time="0.080129861831665">
    <system-out>1..2
ok 1 - Equals
ok 2 - Equals
</system-out>
    <testcase name="Equals (921)" classname="spec_perl_TestBitsSignedShiftB32Le_t" time="0.000203132629394531" />
    <testcase name="Equals (922)" classname="spec_perl_TestBitsSignedShiftB32Le_t" time="0.000130891799926758" />
  </testsuite>
  <testsuite name="spec_perl_TestEnumToIClassBorder1_t" errors="0" failures="1" skipped="0" tests="3" time="0.0739829540252686">
    <system-out>1..3
ok 1 - Equals
ok 2 - Equals
not ok 3 - test_enum_to_i_class_border_1 died (Can't call method &quot;some_dog&quot; on an undefined value at compiled/perl/EnumToIClassBorder2.pm line 42.)
</system-out>
    <testcase name="Equals (923)" classname="spec_perl_TestEnumToIClassBorder1_t" time="0.000167131423950195" />
    <testcase name="Equals (924)" classname="spec_perl_TestEnumToIClassBorder1_t" time="0.000108003616333008" />
    <testcase name="test_enum_to_i_class_border_1 died (Can't call method &quot;some_dog&quot; on an undefined value at compiled/perl/EnumToIClassBorder2.pm line 42.) (924)" classname="spec_perl_TestEnumToIClassBorder1_t" time="0.000238895416259766">
      <failure message="not ok 3 - test_enum_to_i_class_border_1 died (Can't call method &quot;some_dog&quot; on an undefined value at compiled/perl/EnumToIClassBorder2.pm line 42.)" type="TAP::Parser::Result::Test"></failure>
    </testcase>
  </testsuite>
  <testsuite name="spec_perl_TestMultipleUse_t" errors="0" failures="0" skipped="0" tests="2" time="0.0788190364837646">
    <system-out>1..2
ok 1 - Equals
ok 2 - Equals
</system-out>
    <testcase name="Equals (925)" classname="spec_perl_TestMultipleUse_t" time="0.000288009643554688" />
    <testcase name="Equals (926)" classname="spec_perl_TestMultipleUse_t" time="0.000182151794433594" />
  </testsuite>
  <testsuite name="spec_perl_TestImportsAbsAbs_t" errors="0" failures="0" skipped="0" tests="3" time="0.0801210403442383">
    <system-out>1..3
ok 1 - Equals
ok 2 - Equals
ok 3 - Equals
</system-out>
    <testcase name="Equals (927)" classname="spec_perl_TestImportsAbsAbs_t" time="0.000193119049072266" />
    <testcase name="Equals (928)" classname="spec_perl_TestImportsAbsAbs_t" time="0.000781774520874023" />
    <testcase name="Equals (929)" classname="spec_perl_TestImportsAbsAbs_t" time="5.22136688232422e-05" />
  </testsuite>
  <testsuite name="spec_perl_TestSwitchManualInt_t" errors="0" failures="0" skipped="0" tests="9" time="0.0740549564361572">
    <system-out>1..9
ok 1 - Equals
ok 2 - Equals
ok 3 - Equals
ok 4 - Equals
ok 5 - Equals
ok 6 - Equals
ok 7 - Equals
ok 8 - Equals
ok 9 - Equals
</system-out>
    <testcase name="Equals (930)" classname="spec_perl_TestSwitchManualInt_t" time="0.000349998474121094" />
    <testcase name="Equals (931)" classname="spec_perl_TestSwitchManualInt_t" time="0.000164031982421875" />
    <testcase name="Equals (932)" classname="spec_perl_TestSwitchManualInt_t" time="0.000139951705932617" />
    <testcase name="Equals (933)" classname="spec_perl_TestSwitchManualInt_t" time="0.000158071517944336" />
    <testcase name="Equals (934)" classname="spec_perl_TestSwitchManualInt_t" time="0.000218868255615234" />
    <testcase name="Equals (935)" classname="spec_perl_TestSwitchManualInt_t" time="0.000149965286254883" />
    <testcase name="Equals (936)" classname="spec_perl_TestSwitchManualInt_t" time="0.000172138214111328" />
    <testcase name="Equals (937)" classname="spec_perl_TestSwitchManualInt_t" time="0.000135898590087891" />
    <testcase name="Equals (938)" classname="spec_perl_TestSwitchManualInt_t" time="0.000159978866577148" />
  </testsuite>
  <testsuite name="spec_perl_TestProcessXor4Const_t" errors="0" failures="0" skipped="0" tests="2" time="0.0777559280395508">
    <system-out>1..2
ok 1 - Equals
ok 2 - Equals
</system-out>
    <testcase name="Equals (939)" classname="spec_perl_TestProcessXor4Const_t" time="0.000240802764892578" />
    <testcase name="Equals (940)" classname="spec_perl_TestProcessXor4Const_t" time="0.000131130218505859" />
  </testsuite>
  <testsuite name="spec_perl_TestHelloWorld_t" errors="0" failures="0" skipped="0" tests="1" time="0.0758399963378906">
    <system-out>1..1
ok 1 - Equals
</system-out>
    <testcase name="Equals (941)" classname="spec_perl_TestHelloWorld_t" time="0.000190973281860352" />
  </testsuite>
  <testsuite name="spec_perl_TestParamsEnum_t" errors="0" failures="1" skipped="0" tests="2" time="0.0736498832702637">
    <system-out>1..2
ok 1 - Equals
not ok 2 - Equals
</system-out>
    <testcase name="Equals (942)" classname="spec_perl_TestParamsEnum_t" time="0.000195980072021484" />
    <testcase name="Equals (943)" classname="spec_perl_TestParamsEnum_t" time="0.000478029251098633">
      <failure message="not ok 2 - Equals" type="TAP::Parser::Result::Test"></failure>
    </testcase>
  </testsuite>
  <testsuite name="spec_perl_TestProcessCoerceUsertype2_t" errors="0" failures="0" skipped="0" tests="4" time="0.077103853225708">
    <system-out>1..4
ok 1 - Equals
ok 2 - Equals
ok 3 - Equals
ok 4 - Equals
</system-out>
    <testcase name="Equals (944)" classname="spec_perl_TestProcessCoerceUsertype2_t" time="0.000603914260864258" />
    <testcase name="Equals (945)" classname="spec_perl_TestProcessCoerceUsertype2_t" time="0.000103950500488281" />
    <testcase name="Equals (946)" classname="spec_perl_TestProcessCoerceUsertype2_t" time="0.000171184539794922" />
    <testcase name="Equals (947)" classname="spec_perl_TestProcessCoerceUsertype2_t" time="0.000178813934326172" />
  </testsuite>
  <testsuite name="spec_perl_TestDefaultBitEndianMod_t" errors="0" failures="0" skipped="0" tests="4" time="0.0767688751220703">
    <system-out>1..4
ok 1 - Equals
ok 2 - Equals
ok 3 - Equals
ok 4 - Equals
</system-out>
    <testcase name="Equals (948)" classname="spec_perl_TestDefaultBitEndianMod_t" time="0.00017094612121582" />
    <testcase name="Equals (949)" classname="spec_perl_TestDefaultBitEndianMod_t" time="7.60555267333984e-05" />
    <testcase name="Equals (950)" classname="spec_perl_TestDefaultBitEndianMod_t" time="7.29560852050781e-05" />
    <testcase name="Equals (951)" classname="spec_perl_TestDefaultBitEndianMod_t" time="0.00026702880859375" />
  </testsuite>
  <testsuite name="spec_perl_TestBitsSignedResB32Le_t" errors="0" failures="0" skipped="0" tests="1" time="0.0810370445251465">
    <system-out>1..1
ok 1 - Equals
</system-out>
    <testcase name="Equals (952)" classname="spec_perl_TestBitsSignedResB32Le_t" time="0.000309944152832031" />
  </testsuite>
  <testsuite name="spec_perl_TestDefaultEndianExprInherited_t" errors="0" failures="0" skipped="0" tests="15" time="0.0805909633636475">
    <system-out>1..15
ok 1 - Equals
ok 2 - Equals
ok 3 - Equals
ok 4 - Equals
ok 5 - Equals
ok 6 - Equals
ok 7 - Equals
ok 8 - Equals
ok 9 - Equals
ok 10 - Equals
ok 11 - Equals
ok 12 - Equals
ok 13 - Equals
ok 14 - Equals
ok 15 - Equals
</system-out>
    <testcase name="Equals (953)" classname="spec_perl_TestDefaultEndianExprInherited_t" time="0.000283002853393555" />
    <testcase name="Equals (954)" classname="spec_perl_TestDefaultEndianExprInherited_t" time="0.000126123428344727" />
    <testcase name="Equals (955)" classname="spec_perl_TestDefaultEndianExprInherited_t" time="0.000283002853393555" />
    <testcase name="Equals (956)" classname="spec_perl_TestDefaultEndianExprInherited_t" time="9.29832458496094e-05" />
    <testcase name="Equals (957)" classname="spec_perl_TestDefaultEndianExprInherited_t" time="0.000179052352905273" />
    <testcase name="Equals (958)" classname="spec_perl_TestDefaultEndianExprInherited_t" time="0.000158786773681641" />
    <testcase name="Equals (959)" classname="spec_perl_TestDefaultEndianExprInherited_t" time="0.000290155410766602" />
    <testcase name="Equals (960)" classname="spec_perl_TestDefaultEndianExprInherited_t" time="0.000184059143066406" />
    <testcase name="Equals (961)" classname="spec_perl_TestDefaultEndianExprInherited_t" time="0.000173807144165039" />
    <testcase name="Equals (962)" classname="spec_perl_TestDefaultEndianExprInherited_t" time="0.000249147415161133" />
    <testcase name="Equals (963)" classname="spec_perl_TestDefaultEndianExprInherited_t" time="0.00020289421081543" />
    <testcase name="Equals (964)" classname="spec_perl_TestDefaultEndianExprInherited_t" time="0.000143051147460938" />
    <testcase name="Equals (965)" classname="spec_perl_TestDefaultEndianExprInherited_t" time="0.000261068344116211" />
    <testcase name="Equals (966)" classname="spec_perl_TestDefaultEndianExprInherited_t" time="0.000248908996582031" />
    <testcase name="Equals (967)" classname="spec_perl_TestDefaultEndianExprInherited_t" time="0.000283956527709961" />
  </testsuite>
  <testsuite name="spec_perl_TestValidNotParsedIf_t" errors="0" failures="0" skipped="1" tests="1" time="0.0737218856811523">
    <system-out>1..1
ok 1 # skip ValidNotParsedIf=HASH(0x56290be28040)
</system-out>
    <testcase name="Unnamed test case 967" classname="spec_perl_TestValidNotParsedIf_t" time="0.00181198120117188">
      <skipped message="ok 1 # skip ValidNotParsedIf=HASH(0x56290be28040)" />
    </testcase>
  </testsuite>
  <testsuite name="spec_perl_TestExprOpsParens_t" errors="0" failures="1" skipped="0" tests="9" time="0.0735290050506592">
    <system-out>1..9
ok 1 - Equals
ok 2 - Equals
ok 3 - Equals
ok 4 - Equals
ok 5 - Equals
ok 6 - Equals
not ok 7 - Equals
ok 8 - Equals
ok 9 - Equals
</system-out>
    <testcase name="Equals (968)" classname="spec_perl_TestExprOpsParens_t" time="0.000199079513549805" />
    <testcase name="Equals (969)" classname="spec_perl_TestExprOpsParens_t" time="0.000200033187866211" />
    <testcase name="Equals (970)" classname="spec_perl_TestExprOpsParens_t" time="0.000279903411865234" />
    <testcase name="Equals (971)" classname="spec_perl_TestExprOpsParens_t" time="0.000203132629394531" />
    <testcase name="Equals (972)" classname="spec_perl_TestExprOpsParens_t" time="0.00020599365234375" />
    <testcase name="Equals (973)" classname="spec_perl_TestExprOpsParens_t" time="0.000186920166015625" />
    <testcase name="Equals (974)" classname="spec_perl_TestExprOpsParens_t" time="0.000212907791137695">
      <failure message="not ok 7 - Equals" type="TAP::Parser::Result::Test"></failure>
    </testcase>
    <testcase name="Equals (975)" classname="spec_perl_TestExprOpsParens_t" time="0.00179004669189453" />
    <testcase name="Equals (976)" classname="spec_perl_TestExprOpsParens_t" time="0.000299930572509766" />
  </testsuite>
  <testsuite name="spec_perl_TestParamsPassBool_t" errors="0" failures="1" skipped="13" tests="14" time="0.0788850784301758">
    <system-out>1..14
not ok 1 - test_params_pass_bool died (Requested 2 bytes, but only 1 bytes available at ../runtime/perl/lib/IO/KaitaiStruct.pm line 338.)
ok 2 # skip test_params_pass_bool died
ok 3 # skip test_params_pass_bool died
ok 4 # skip test_params_pass_bool died
ok 5 # skip test_params_pass_bool died
ok 6 # skip test_params_pass_bool died
ok 7 # skip test_params_pass_bool died
ok 8 # skip test_params_pass_bool died
ok 9 # skip test_params_pass_bool died
ok 10 # skip test_params_pass_bool died
ok 11 # skip test_params_pass_bool died
ok 12 # skip test_params_pass_bool died
ok 13 # skip test_params_pass_bool died
ok 14 # skip test_params_pass_bool died
</system-out>
    <testcase name="test_params_pass_bool died (Requested 2 bytes, but only 1 bytes available at ../runtime/perl/lib/IO/KaitaiStruct.pm line 338.) (976)" classname="spec_perl_TestParamsPassBool_t" time="0.000206947326660156">
      <failure message="not ok 1 - test_params_pass_bool died (Requested 2 bytes, but only 1 bytes available at ../runtime/perl/lib/IO/KaitaiStruct.pm line 338.)" type="TAP::Parser::Result::Test"></failure>
    </testcase>
    <testcase name="Unnamed test case 976" classname="spec_perl_TestParamsPassBool_t" time="0.000828981399536133">
      <skipped message="ok 2 # skip test_params_pass_bool died" />
    </testcase>
    <testcase name="Unnamed test case 977" classname="spec_perl_TestParamsPassBool_t" time="0.000587940216064453">
      <skipped message="ok 3 # skip test_params_pass_bool died" />
    </testcase>
    <testcase name="Unnamed test case 978" classname="spec_perl_TestParamsPassBool_t" time="8.60691070556641e-05">
      <skipped message="ok 4 # skip test_params_pass_bool died" />
    </testcase>
    <testcase name="Unnamed test case 979" classname="spec_perl_TestParamsPassBool_t" time="0.00011897087097168">
      <skipped message="ok 5 # skip test_params_pass_bool died" />
    </testcase>
    <testcase name="Unnamed test case 980" classname="spec_perl_TestParamsPassBool_t" time="0.000252962112426758">
      <skipped message="ok 6 # skip test_params_pass_bool died" />
    </testcase>
    <testcase name="Unnamed test case 981" classname="spec_perl_TestParamsPassBool_t" time="0.000150203704833984">
      <skipped message="ok 7 # skip test_params_pass_bool died" />
    </testcase>
    <testcase name="Unnamed test case 982" classname="spec_perl_TestParamsPassBool_t" time="0.000163793563842773">
      <skipped message="ok 8 # skip test_params_pass_bool died" />
    </testcase>
    <testcase name="Unnamed test case 983" classname="spec_perl_TestParamsPassBool_t" time="0.000131130218505859">
      <skipped message="ok 9 # skip test_params_pass_bool died" />
    </testcase>
    <testcase name="Unnamed test case 984" classname="spec_perl_TestParamsPassBool_t" time="0.0001220703125">
      <skipped message="ok 10 # skip test_params_pass_bool died" />
    </testcase>
    <testcase name="Unnamed test case 985" classname="spec_perl_TestParamsPassBool_t" time="0.000116825103759766">
      <skipped message="ok 11 # skip test_params_pass_bool died" />
    </testcase>
    <testcase name="Unnamed test case 986" classname="spec_perl_TestParamsPassBool_t" time="0.000112056732177734">
      <skipped message="ok 12 # skip test_params_pass_bool died" />
    </testcase>
    <testcase name="Unnamed test case 987" classname="spec_perl_TestParamsPassBool_t" time="0.000340938568115234">
      <skipped message="ok 13 # skip test_params_pass_bool died" />
    </testcase>
    <testcase name="Unnamed test case 988" classname="spec_perl_TestParamsPassBool_t" time="0.000184059143066406">
      <skipped message="ok 14 # skip test_params_pass_bool died" />
    </testcase>
  </testsuite>
</testsuites>
