<?xml version='1.0' encoding='utf-8'?>
<testsuites>
  <testsuite name="spec_perl_TestParamsCallShort_t" errors="0" failures="3" skipped="0" tests="3" time="0.0309288501739502">
    <system-out>1..3
not ok 1 - Equals
not ok 2 - Equals
not ok 3 - Equals
</system-out>
    <testcase name="Equals" classname="spec_perl_TestParamsCallShort_t" time="0.00137996673583984">
      <failure message="not ok 1 - Equals" type="TAP::Parser::Result::Test"></failure>
    </testcase>
    <testcase name="Equals (2)" classname="spec_perl_TestParamsCallShort_t" time="0.000242948532104492">
      <failure message="not ok 2 - Equals" type="TAP::Parser::Result::Test"></failure>
    </testcase>
    <testcase name="Equals (3)" classname="spec_perl_TestParamsCallShort_t" time="0.000299930572509766">
      <failure message="not ok 3 - Equals" type="TAP::Parser::Result::Test"></failure>
    </testcase>
  </testsuite>
  <testsuite name="spec_perl_TestNavParent2_t" errors="0" failures="0" skipped="0" tests="10" time="0.0321218967437744">
    <system-out>1..10
ok 1 - Equals
ok 2 - Equals
ok 3 - Equals
ok 4 - Equals
ok 5 - Equals
ok 6 - Equals
ok 7 - Equals
ok 8 - Equals
ok 9 - Equals
ok 10 - Equals
</system-out>
    <testcase name="Equals (4)" classname="spec_perl_TestNavParent2_t" time="0.00118589401245117" />
    <testcase name="Equals (5)" classname="spec_perl_TestNavParent2_t" time="0.00011897087097168" />
    <testcase name="Equals (6)" classname="spec_perl_TestNavParent2_t" time="7.00950622558594e-05" />
    <testcase name="Equals (7)" classname="spec_perl_TestNavParent2_t" time="3.50475311279297e-05" />
    <testcase name="Equals (8)" classname="spec_perl_TestNavParent2_t" time="4.29153442382812e-05" />
    <testcase name="Equals (9)" classname="spec_perl_TestNavParent2_t" time="0.000113010406494141" />
    <testcase name="Equals (10)" classname="spec_perl_TestNavParent2_t" time="4.91142272949219e-05" />
    <testcase name="Equals (11)" classname="spec_perl_TestNavParent2_t" time="7.58171081542969e-05" />
    <testcase name="Equals (12)" classname="spec_perl_TestNavParent2_t" time="5.81741333007812e-05" />
    <testcase name="Equals (13)" classname="spec_perl_TestNavParent2_t" time="0.000102043151855469" />
  </testsuite>
  <testsuite name="spec_perl_TestMetaTags_t" errors="0" failures="0" skipped="1" tests="1" time="0.0268330574035645">
    <system-out>1..1
ok 1 # skip MetaTags=HASH(0x55b1d1514490)
</system-out>
    <testcase name="Unnamed test case 13" classname="spec_perl_TestMetaTags_t" time="0.00121212005615234">
      <skipped message="ok 1 # skip MetaTags=HASH(0x55b1d1514490)" />
    </testcase>
  </testsuite>
  <testsuite name="spec_perl_TestEnum0_t" errors="0" failures="0" skipped="0" tests="2" time="0.0261270999908447">
    <system-out>1..2
ok 1 - Equals
ok 2 - Equals
</system-out>
    <testcase name="Equals (14)" classname="spec_perl_TestEnum0_t" time="0.0010528564453125" />
    <testcase name="Equals (15)" classname="spec_perl_TestEnum0_t" time="5.00679016113281e-05" />
  </testsuite>
  <testsuite name="spec_perl_TestExprIntDiv_t" errors="0" failures="2" skipped="0" tests="6" time="0.0272719860076904">
    <system-out>1..6
ok 1 - Equals
ok 2 - Equals
ok 3 - Equals
not ok 4 - Equals
ok 5 - Equals
not ok 6 - Equals
</system-out>
    <testcase name="Equals (16)" classname="spec_perl_TestExprIntDiv_t" time="0.00103282928466797" />
    <testcase name="Equals (17)" classname="spec_perl_TestExprIntDiv_t" time="6.41345977783203e-05" />
    <testcase name="Equals (18)" classname="spec_perl_TestExprIntDiv_t" time="4.1961669921875e-05" />
    <testcase name="Equals (19)" classname="spec_perl_TestExprIntDiv_t" time="4.69684600830078e-05">
      <failure message="not ok 4 - Equals" type="TAP::Parser::Result::Test"></failure>
    </testcase>
    <testcase name="Equals (20)" classname="spec_perl_TestExprIntDiv_t" time="0.000272035598754883" />
    <testcase name="Equals (21)" classname="spec_perl_TestExprIntDiv_t" time="0.000113010406494141">
      <failure message="not ok 6 - Equals" type="TAP::Parser::Result::Test"></failure>
    </testcase>
  </testsuite>
  <testsuite name="spec_perl_TestSwitchMultiBoolOps_t" errors="0" failures="0" skipped="0" tests="9" time="0.0275380611419678">
    <system-out>1..9
ok 1 - Equals
ok 2 - Equals
ok 3 - Equals
ok 4 - Equals
ok 5 - Equals
ok 6 - Equals
ok 7 - Equals
ok 8 - Equals
ok 9 - Equals
</system-out>
    <testcase name="Equals (22)" classname="spec_perl_TestSwitchMultiBoolOps_t" time="0.00111794471740723" />
    <testcase name="Equals (23)" classname="spec_perl_TestSwitchMultiBoolOps_t" time="5.48362731933594e-05" />
    <testcase name="Equals (24)" classname="spec_perl_TestSwitchMultiBoolOps_t" time="4.10079956054688e-05" />
    <testcase name="Equals (25)" classname="spec_perl_TestSwitchMultiBoolOps_t" time="6.41345977783203e-05" />
    <testcase name="Equals (26)" classname="spec_perl_TestSwitchMultiBoolOps_t" time="6.29425048828125e-05" />
    <testcase name="Equals (27)" classname="spec_perl_TestSwitchMultiBoolOps_t" time="6.69956207275391e-05" />
    <testcase name="Equals (28)" classname="spec_perl_TestSwitchMultiBoolOps_t" time="6.103515625e-05" />
    <testcase name="Equals (29)" classname="spec_perl_TestSwitchMultiBoolOps_t" time="5.79357147216797e-05" />
    <testcase name="Equals (30)" classname="spec_perl_TestSwitchMultiBoolOps_t" time="6.00814819335938e-05" />
  </testsuite>
  <testsuite name="spec_perl_TestEosExceptionU4_t" errors="0" failures="0" skipped="0" tests="1" time="0.0277678966522217">
    <system-out>1..1
ok 1 - threw /^Requested \d+ bytes, but only \d+ bytes available/
</system-out>
    <testcase name="threw /^Requested \d+ bytes, but only \d+ bytes available/ (30)" classname="spec_perl_TestEosExceptionU4_t" time="0.00133395195007324" />
  </testsuite>
  <testsuite name="spec_perl_TestCombineBytes_t" errors="0" failures="0" skipped="0" tests="10" time="0.0279691219329834">
    <system-out>1..10
ok 1 - Equals
ok 2 - Equals
ok 3 - Equals
ok 4 - Equals
ok 5 - Equals
ok 6 - Equals
ok 7 - Equals
ok 8 - Equals
ok 9 - Equals
ok 10 - Equals
</system-out>
    <testcase name="Equals (31)" classname="spec_perl_TestCombineBytes_t" time="0.00130081176757812" />
    <testcase name="Equals (32)" classname="spec_perl_TestCombineBytes_t" time="5.50746917724609e-05" />
    <testcase name="Equals (33)" classname="spec_perl_TestCombineBytes_t" time="4.29153442382812e-05" />
    <testcase name="Equals (34)" classname="spec_perl_TestCombineBytes_t" time="3.91006469726562e-05" />
    <testcase name="Equals (35)" classname="spec_perl_TestCombineBytes_t" time="7.79628753662109e-05" />
    <testcase name="Equals (36)" classname="spec_perl_TestCombineBytes_t" time="5.79357147216797e-05" />
    <testcase name="Equals (37)" classname="spec_perl_TestCombineBytes_t" time="6.103515625e-05" />
    <testcase name="Equals (38)" classname="spec_perl_TestCombineBytes_t" time="5.69820404052734e-05" />
    <testcase name="Equals (39)" classname="spec_perl_TestCombineBytes_t" time="6.19888305664062e-05" />
    <testcase name="Equals (40)" classname="spec_perl_TestCombineBytes_t" time="5.69820404052734e-05" />
  </testsuite>
  <testsuite name="spec_perl_TestFixedStruct_t" errors="0" failures="0" skipped="0" tests="20" time="0.0280089378356934">
    <system-out>1..20
ok 1 - Equals
ok 2 - Equals
ok 3 - Equals
ok 4 - Equals
ok 5 - Equals
ok 6 - Equals
ok 7 - Equals
ok 8 - Equals
ok 9 - Equals
ok 10 - Equals
ok 11 - Equals
ok 12 - Equals
ok 13 - Equals
ok 14 - Equals
ok 15 - Equals
ok 16 - Equals
ok 17 - Equals
ok 18 - Equals
ok 19 - Equals
ok 20 - Equals
</system-out>
    <testcase name="Equals (41)" classname="spec_perl_TestFixedStruct_t" time="0.00109601020812988" />
    <testcase name="Equals (42)" classname="spec_perl_TestFixedStruct_t" time="5.31673431396484e-05" />
    <testcase name="Equals (43)" classname="spec_perl_TestFixedStruct_t" time="6.4849853515625e-05" />
    <testcase name="Equals (44)" classname="spec_perl_TestFixedStruct_t" time="7.00950622558594e-05" />
    <testcase name="Equals (45)" classname="spec_perl_TestFixedStruct_t" time="5.10215759277344e-05" />
    <testcase name="Equals (46)" classname="spec_perl_TestFixedStruct_t" time="6.89029693603516e-05" />
    <testcase name="Equals (47)" classname="spec_perl_TestFixedStruct_t" time="6.60419464111328e-05" />
    <testcase name="Equals (48)" classname="spec_perl_TestFixedStruct_t" time="6.29425048828125e-05" />
    <testcase name="Equals (49)" classname="spec_perl_TestFixedStruct_t" time="6.50882720947266e-05" />
    <testcase name="Equals (50)" classname="spec_perl_TestFixedStruct_t" time="6.19888305664062e-05" />
    <testcase name="Equals (51)" classname="spec_perl_TestFixedStruct_t" time="7.00950622558594e-05" />
    <testcase name="Equals (52)" classname="spec_perl_TestFixedStruct_t" time="6.89029693603516e-05" />
    <testcase name="Equals (53)" classname="spec_perl_TestFixedStruct_t" time="6.103515625e-05" />
    <testcase name="Equals (54)" classname="spec_perl_TestFixedStruct_t" time="6.19888305664062e-05" />
    <testcase name="Equals (55)" classname="spec_perl_TestFixedStruct_t" time="5.88893890380859e-05" />
    <testcase name="Equals (56)" classname="spec_perl_TestFixedStruct_t" time="6.103515625e-05" />
    <testcase name="Equals (57)" classname="spec_perl_TestFixedStruct_t" time="6.19888305664062e-05" />
    <testcase name="Equals (58)" classname="spec_perl_TestFixedStruct_t" time="6.60419464111328e-05" />
    <testcase name="Equals (59)" classname="spec_perl_TestFixedStruct_t" time="8.29696655273438e-05" />
    <testcase name="Equals (60)" classname="spec_perl_TestFixedStruct_t" time="8.70227813720703e-05" />
  </testsuite>
  <testsuite name="spec_perl_TestRepeatNStrzDouble_t" errors="0" failures="0" skipped="0" tests="3" time="0.0295031070709229">
    <system-out>1..3
ok 1 - Equals
ok 2 - Equals
ok 3 - Equals
</system-out>
    <testcase name="Equals (61)" classname="spec_perl_TestRepeatNStrzDouble_t" time="0.00102806091308594" />
    <testcase name="Equals (62)" classname="spec_perl_TestRepeatNStrzDouble_t" time="7.51018524169922e-05" />
    <testcase name="Equals (63)" classname="spec_perl_TestRepeatNStrzDouble_t" time="8.392333984375e-05" />
  </testsuite>
  <testsuite name="spec_perl_TestBytesPadTerm_t" errors="0" failures="0" skipped="0" tests="4" time="0.0263400077819824">
    <system-out>1..4
ok 1 - Equals
ok 2 - Equals
ok 3 - Equals
ok 4 - Equals
</system-out>
    <testcase name="Equals (64)" classname="spec_perl_TestBytesPadTerm_t" time="0.00101399421691895" />
    <testcase name="Equals (65)" classname="spec_perl_TestBytesPadTerm_t" time="5.10215759277344e-05" />
    <testcase name="Equals (66)" classname="spec_perl_TestBytesPadTerm_t" time="4.29153442382812e-05" />
    <testcase name="Equals (67)" classname="spec_perl_TestBytesPadTerm_t" time="6.79492950439453e-05" />
  </testsuite>
  <testsuite name="spec_perl_TestSwitchManualEnum_t" errors="0" failures="0" skipped="0" tests="9" time="0.0309159755706787">
    <system-out>1..9
ok 1 - Equals
ok 2 - Equals
ok 3 - Equals
ok 4 - Equals
ok 5 - Equals
ok 6 - Equals
ok 7 - Equals
ok 8 - Equals
ok 9 - Equals
</system-out>
    <testcase name="Equals (68)" classname="spec_perl_TestSwitchManualEnum_t" time="0.00106406211853027" />
    <testcase name="Equals (69)" classname="spec_perl_TestSwitchManualEnum_t" time="5.38825988769531e-05" />
    <testcase name="Equals (70)" classname="spec_perl_TestSwitchManualEnum_t" time="4.41074371337891e-05" />
    <testcase name="Equals (71)" classname="spec_perl_TestSwitchManualEnum_t" time="7.10487365722656e-05" />
    <testcase name="Equals (72)" classname="spec_perl_TestSwitchManualEnum_t" time="6.58035278320312e-05" />
    <testcase name="Equals (73)" classname="spec_perl_TestSwitchManualEnum_t" time="6.31809234619141e-05" />
    <testcase name="Equals (74)" classname="spec_perl_TestSwitchManualEnum_t" time="6.4849853515625e-05" />
    <testcase name="Equals (75)" classname="spec_perl_TestSwitchManualEnum_t" time="6.00814819335938e-05" />
    <testcase name="Equals (76)" classname="spec_perl_TestSwitchManualEnum_t" time="6.38961791992188e-05" />
  </testsuite>
  <testsuite name="spec_perl_TestPositionToEnd_t" errors="0" failures="0" skipped="0" tests="2" time="0.025784969329834">
    <system-out>1..2
ok 1 - Equals
ok 2 - Equals
</system-out>
    <testcase name="Equals (77)" classname="spec_perl_TestPositionToEnd_t" time="0.001007080078125" />
    <testcase name="Equals (78)" classname="spec_perl_TestPositionToEnd_t" time="5.07831573486328e-05" />
  </testsuite>
  <testsuite name="spec_perl_TestNavParentSwitch_t" errors="0" failures="0" skipped="0" tests="3" time="0.0258409976959229">
    <system-out>1..3
ok 1 - Equals
ok 2 - Equals
ok 3 - Equals
</system-out>
    <testcase name="Equals (79)" classname="spec_perl_TestNavParentSwitch_t" time="0.00100994110107422" />
    <testcase name="Equals (80)" classname="spec_perl_TestNavParentSwitch_t" time="5.29289245605469e-05" />
    <testcase name="Equals (81)" classname="spec_perl_TestNavParentSwitch_t" time="7.00950622558594e-05" />
  </testsuite>
  <testsuite name="spec_perl_TestExprArray_t" errors="0" failures="1" skipped="0" tests="15" time="0.0314311981201172">
    <system-out>1..15
ok 1 - Equals
ok 2 - Equals
ok 3 - Equals
ok 4 - Equals
ok 5 - Equals
ok 6 - Equals
ok 7 - Approx equals
ok 8 - Approx equals
not ok 9 - Approx equals
ok 10 - Approx equals
ok 11 - Equals
ok 12 - Equals
ok 13 - Equals
ok 14 - Equals
ok 15 - Equals
</system-out>
    <testcase name="Equals (82)" classname="spec_perl_TestExprArray_t" time="0.00113081932067871" />
    <testcase name="Equals (83)" classname="spec_perl_TestExprArray_t" time="6.103515625e-05" />
    <testcase name="Equals (84)" classname="spec_perl_TestExprArray_t" time="3.31401824951172e-05" />
    <testcase name="Equals (85)" classname="spec_perl_TestExprArray_t" time="4.29153442382812e-05" />
    <testcase name="Equals (86)" classname="spec_perl_TestExprArray_t" time="4.00543212890625e-05" />
    <testcase name="Equals (87)" classname="spec_perl_TestExprArray_t" time="6.4849853515625e-05" />
    <testcase name="Approx equals (87)" classname="spec_perl_TestExprArray_t" time="4.81605529785156e-05" />
    <testcase name="Approx equals (88)" classname="spec_perl_TestExprArray_t" time="3.98159027099609e-05" />
    <testcase name="Approx equals (89)" classname="spec_perl_TestExprArray_t" time="4.81605529785156e-05">
      <failure message="not ok 9 - Approx equals" type="TAP::Parser::Result::Test"></failure>
    </testcase>
    <testcase name="Approx equals (90)" classname="spec_perl_TestExprArray_t" time="0.000133991241455078" />
    <testcase name="Equals (90)" classname="spec_perl_TestExprArray_t" time="0.000186920166015625" />
    <testcase name="Equals (91)" classname="spec_perl_TestExprArray_t" time="7.20024108886719e-05" />
    <testcase name="Equals (92)" classname="spec_perl_TestExprArray_t" time="8.392333984375e-05" />
    <testcase name="Equals (93)" classname="spec_perl_TestExprArray_t" time="0.000239133834838867" />
    <testcase name="Equals (94)" classname="spec_perl_TestExprArray_t" time="5.10215759277344e-05" />
  </testsuite>
  <testsuite name="spec_perl_TestIoLocalVar_t" errors="0" failures="0" skipped="0" tests="2" time="0.0262050628662109">
    <system-out>1..2
ok 1 - Equals
ok 2 - Equals
</system-out>
    <testcase name="Equals (95)" classname="spec_perl_TestIoLocalVar_t" time="0.00127410888671875" />
    <testcase name="Equals (96)" classname="spec_perl_TestIoLocalVar_t" time="5.48362731933594e-05" />
  </testsuite>
  <testsuite name="spec_perl_TestImportsAbsAbs_t" errors="0" failures="0" skipped="0" tests="3" time="0.0431079864501953">
    <system-out>1..3
ok 1 - Equals
ok 2 - Equals
ok 3 - Equals
</system-out>
    <testcase name="Equals (97)" classname="spec_perl_TestImportsAbsAbs_t" time="0.00166606903076172" />
    <testcase name="Equals (98)" classname="spec_perl_TestImportsAbsAbs_t" time="6.60419464111328e-05" />
    <testcase name="Equals (99)" classname="spec_perl_TestImportsAbsAbs_t" time="8.20159912109375e-05" />
  </testsuite>
  <testsuite name="spec_perl_TestRepeatUntilS4_t" errors="0" failures="0" skipped="0" tests="2" time="0.0292661190032959">
    <system-out>1..2
ok 1 - Equals
ok 2 - Equals
</system-out>
    <testcase name="Equals (100)" classname="spec_perl_TestRepeatUntilS4_t" time="0.000997781753540039" />
    <testcase name="Equals (101)" classname="spec_perl_TestRepeatUntilS4_t" time="7.00950622558594e-05" />
  </testsuite>
  <testsuite name="spec_perl_TestDefaultEndianExprInherited_t" errors="0" failures="0" skipped="0" tests="15" time="0.028235912322998">
    <system-out>1..15
ok 1 - Equals
ok 2 - Equals
ok 3 - Equals
ok 4 - Equals
ok 5 - Equals
ok 6 - Equals
ok 7 - Equals
ok 8 - Equals
ok 9 - Equals
ok 10 - Equals
ok 11 - Equals
ok 12 - Equals
ok 13 - Equals
ok 14 - Equals
ok 15 - Equals
</system-out>
    <testcase name="Equals (102)" classname="spec_perl_TestDefaultEndianExprInherited_t" time="0.00111103057861328" />
    <testcase name="Equals (103)" classname="spec_perl_TestDefaultEndianExprInherited_t" time="5.10215759277344e-05" />
    <testcase name="Equals (104)" classname="spec_perl_TestDefaultEndianExprInherited_t" time="4.10079956054688e-05" />
    <testcase name="Equals (105)" classname="spec_perl_TestDefaultEndianExprInherited_t" time="7.89165496826172e-05" />
    <testcase name="Equals (106)" classname="spec_perl_TestDefaultEndianExprInherited_t" time="8.51154327392578e-05" />
    <testcase name="Equals (107)" classname="spec_perl_TestDefaultEndianExprInherited_t" time="6.38961791992188e-05" />
    <testcase name="Equals (108)" classname="spec_perl_TestDefaultEndianExprInherited_t" time="6.29425048828125e-05" />
    <testcase name="Equals (109)" classname="spec_perl_TestDefaultEndianExprInherited_t" time="6.103515625e-05" />
    <testcase name="Equals (110)" classname="spec_perl_TestDefaultEndianExprInherited_t" time="6.103515625e-05" />
    <testcase name="Equals (111)" classname="spec_perl_TestDefaultEndianExprInherited_t" time="7.79628753662109e-05" />
    <testcase name="Equals (112)" classname="spec_perl_TestDefaultEndianExprInherited_t" time="6.19888305664062e-05" />
    <testcase name="Equals (113)" classname="spec_perl_TestDefaultEndianExprInherited_t" time="6.41345977783203e-05" />
    <testcase name="Equals (114)" classname="spec_perl_TestDefaultEndianExprInherited_t" time="7.48634338378906e-05" />
    <testcase name="Equals (115)" classname="spec_perl_TestDefaultEndianExprInherited_t" time="5.91278076171875e-05" />
    <testcase name="Equals (116)" classname="spec_perl_TestDefaultEndianExprInherited_t" time="7.79628753662109e-05" />
  </testsuite>
  <testsuite name="spec_perl_TestValidShort_t" errors="0" failures="0" skipped="1" tests="1" time="0.0298511981964111">
    <system-out>1..1
ok 1 # skip ValidShort=HASH(0x55b4470e93f0)
</system-out>
    <testcase name="Unnamed test case 116" classname="spec_perl_TestValidShort_t" time="0.00125408172607422">
      <skipped message="ok 1 # skip ValidShort=HASH(0x55b4470e93f0)" />
    </testcase>
  </testsuite>
  <testsuite name="spec_perl_TestFloatingPoints_t" errors="0" failures="0" skipped="0" tests="8" time="0.0265729427337646">
    <system-out>1..8
ok 1 - Approx equals
ok 2 - Approx equals
ok 3 - Approx equals
ok 4 - Approx equals
ok 5 - Approx equals
ok 6 - Approx equals
ok 7 - Approx equals
ok 8 - Approx equals
</system-out>
    <testcase name="Approx equals (116)" classname="spec_perl_TestFloatingPoints_t" time="0.000997066497802734" />
    <testcase name="Approx equals (117)" classname="spec_perl_TestFloatingPoints_t" time="6.00814819335938e-05" />
    <testcase name="Approx equals (118)" classname="spec_perl_TestFloatingPoints_t" time="3.50475311279297e-05" />
    <testcase name="Approx equals (119)" classname="spec_perl_TestFloatingPoints_t" time="4.1961669921875e-05" />
    <testcase name="Approx equals (120)" classname="spec_perl_TestFloatingPoints_t" time="3.00407409667969e-05" />
    <testcase name="Approx equals (121)" classname="spec_perl_TestFloatingPoints_t" time="2.88486480712891e-05" />
    <testcase name="Approx equals (122)" classname="spec_perl_TestFloatingPoints_t" time="3.69548797607422e-05" />
    <testcase name="Approx equals (123)" classname="spec_perl_TestFloatingPoints_t" time="3.31401824951172e-05" />
  </testsuite>
  <testsuite name="spec_perl_TestExpr0_t" errors="0" failures="0" skipped="0" tests="2" time="0.0265800952911377">
    <system-out>1..2
ok 1 - Equals
ok 2 - Equals
</system-out>
    <testcase name="Equals (123)" classname="spec_perl_TestExpr0_t" time="0.0010831356048584" />
    <testcase name="Equals (124)" classname="spec_perl_TestExpr0_t" time="7.70092010498047e-05" />
  </testsuite>
  <testsuite name="spec_perl_TestProcessCustomNoArgs_t" errors="1" failures="0" skipped="0" tests="0" time="0.0231449604034424">
    <system-out></system-out>
    <testcase name="Test died too soon, even before plan. (124)" classname="spec_perl_TestProcessCustomNoArgs_t" time="0.0231449604034424">
      <failure message="The test suite died before a plan was produced. You need to have a plan." type="Plan">No plan</failure>
    </testcase>
  </testsuite>
  <testsuite name="spec_perl_TestTermStrz_t" errors="0" failures="0" skipped="0" tests="3" time="0.0301451683044434">
    <system-out>1..3
ok 1 - Equals
ok 2 - Equals
ok 3 - Equals
</system-out>
    <testcase name="Equals (125)" classname="spec_perl_TestTermStrz_t" time="0.0010979175567627" />
    <testcase name="Equals (126)" classname="spec_perl_TestTermStrz_t" time="5.50746917724609e-05" />
    <testcase name="Equals (127)" classname="spec_perl_TestTermStrz_t" time="4.1961669921875e-05" />
  </testsuite>
  <testsuite name="spec_perl_TestStrEncodingsUtf16_t" errors="0" failures="0" skipped="0" tests="6" time="0.0313048362731934">
    <system-out>1..6
ok 1 - Equals
ok 2 - Equals
ok 3 - Equals
ok 4 - Equals
ok 5 - Equals
ok 6 - Equals
</system-out>
    <testcase name="Equals (128)" classname="spec_perl_TestStrEncodingsUtf16_t" time="0.00204205513000488" />
    <testcase name="Equals (129)" classname="spec_perl_TestStrEncodingsUtf16_t" time="6.60419464111328e-05" />
    <testcase name="Equals (130)" classname="spec_perl_TestStrEncodingsUtf16_t" time="8.48770141601562e-05" />
    <testcase name="Equals (131)" classname="spec_perl_TestStrEncodingsUtf16_t" time="6.91413879394531e-05" />
    <testcase name="Equals (132)" classname="spec_perl_TestStrEncodingsUtf16_t" time="5.19752502441406e-05" />
    <testcase name="Equals (133)" classname="spec_perl_TestStrEncodingsUtf16_t" time="9.48905944824219e-05" />
  </testsuite>
  <testsuite name="spec_perl_TestNestedSameName2_t" errors="0" failures="0" skipped="0" tests="5" time="0.0261368751525879">
    <system-out>1..5
ok 1 - Equals
ok 2 - Equals
ok 3 - Equals
ok 4 - Equals
ok 5 - Equals
</system-out>
    <testcase name="Equals (134)" classname="spec_perl_TestNestedSameName2_t" time="0.00104999542236328" />
    <testcase name="Equals (135)" classname="spec_perl_TestNestedSameName2_t" time="7.41481781005859e-05" />
    <testcase name="Equals (136)" classname="spec_perl_TestNestedSameName2_t" time="6.4849853515625e-05" />
    <testcase name="Equals (137)" classname="spec_perl_TestNestedSameName2_t" time="6.50882720947266e-05" />
    <testcase name="Equals (138)" classname="spec_perl_TestNestedSameName2_t" time="6.89029693603516e-05" />
  </testsuite>
  <testsuite name="spec_perl_TestCombineEnum_t" errors="0" failures="0" skipped="0" tests="3" time="0.026846170425415">
    <system-out>1..3
ok 1 - Equals
ok 2 - Equals
ok 3 - Equals
</system-out>
    <testcase name="Equals (139)" classname="spec_perl_TestCombineEnum_t" time="0.00112605094909668" />
    <testcase name="Equals (140)" classname="spec_perl_TestCombineEnum_t" time="5.48362731933594e-05" />
    <testcase name="Equals (141)" classname="spec_perl_TestCombineEnum_t" time="4.31537628173828e-05" />
  </testsuite>
  <testsuite name="spec_perl_TestToStringCustom_t" errors="0" failures="0" skipped="0" tests="1" time="0.0297281742095947">
    <system-out>1..1
ok 1 - Equals
</system-out>
    <testcase name="Equals (142)" classname="spec_perl_TestToStringCustom_t" time="0.000190019607543945" />
  </testsuite>
  <testsuite name="spec_perl_TestIntegersMinMax_t" errors="0" failures="0" skipped="0" tests="28" time="0.0279049873352051">
    <system-out>1..28
ok 1 - Equals
ok 2 - Equals
ok 3 - Equals
ok 4 - Equals
ok 5 - Equals
ok 6 - Equals
ok 7 - Equals
ok 8 - Equals
ok 9 - Equals
ok 10 - Equals
ok 11 - Equals
ok 12 - Equals
ok 13 - Equals
ok 14 - Equals
ok 15 - Equals
ok 16 - Equals
ok 17 - Equals
ok 18 - Equals
ok 19 - Equals
ok 20 - Equals
ok 21 - Equals
ok 22 - Equals
ok 23 - Equals
ok 24 - Equals
ok 25 - Equals
ok 26 - Equals
ok 27 - Equals
ok 28 - Equals
</system-out>
    <testcase name="Equals (143)" classname="spec_perl_TestIntegersMinMax_t" time="0.00103497505187988" />
    <testcase name="Equals (144)" classname="spec_perl_TestIntegersMinMax_t" time="5.60283660888672e-05" />
    <testcase name="Equals (145)" classname="spec_perl_TestIntegersMinMax_t" time="4.1961669921875e-05" />
    <testcase name="Equals (146)" classname="spec_perl_TestIntegersMinMax_t" time="3.88622283935547e-05" />
    <testcase name="Equals (147)" classname="spec_perl_TestIntegersMinMax_t" time="7.51018524169922e-05" />
    <testcase name="Equals (148)" classname="spec_perl_TestIntegersMinMax_t" time="4.50611114501953e-05" />
    <testcase name="Equals (149)" classname="spec_perl_TestIntegersMinMax_t" time="6.69956207275391e-05" />
    <testcase name="Equals (150)" classname="spec_perl_TestIntegersMinMax_t" time="6.19888305664062e-05" />
    <testcase name="Equals (151)" classname="spec_perl_TestIntegersMinMax_t" time="5.48362731933594e-05" />
    <testcase name="Equals (152)" classname="spec_perl_TestIntegersMinMax_t" time="5.50746917724609e-05" />
    <testcase name="Equals (153)" classname="spec_perl_TestIntegersMinMax_t" time="7.00950622558594e-05" />
    <testcase name="Equals (154)" classname="spec_perl_TestIntegersMinMax_t" time="6.19888305664062e-05" />
    <testcase name="Equals (155)" classname="spec_perl_TestIntegersMinMax_t" time="9.98973846435547e-05" />
    <testcase name="Equals (156)" classname="spec_perl_TestIntegersMinMax_t" time="6.29425048828125e-05" />
    <testcase name="Equals (157)" classname="spec_perl_TestIntegersMinMax_t" time="6.103515625e-05" />
    <testcase name="Equals (158)" classname="spec_perl_TestIntegersMinMax_t" time="5.50746917724609e-05" />
    <testcase name="Equals (159)" classname="spec_perl_TestIntegersMinMax_t" time="5.69820404052734e-05" />
    <testcase name="Equals (160)" classname="spec_perl_TestIntegersMinMax_t" time="5.29289245605469e-05" />
    <testcase name="Equals (161)" classname="spec_perl_TestIntegersMinMax_t" time="6.19888305664062e-05" />
    <testcase name="Equals (162)" classname="spec_perl_TestIntegersMinMax_t" time="6.50882720947266e-05" />
    <testcase name="Equals (163)" classname="spec_perl_TestIntegersMinMax_t" time="4.10079956054688e-05" />
    <testcase name="Equals (164)" classname="spec_perl_TestIntegersMinMax_t" time="6.69956207275391e-05" />
    <testcase name="Equals (165)" classname="spec_perl_TestIntegersMinMax_t" time="5.38825988769531e-05" />
    <testcase name="Equals (166)" classname="spec_perl_TestIntegersMinMax_t" time="6.69956207275391e-05" />
    <testcase name="Equals (167)" classname="spec_perl_TestIntegersMinMax_t" time="4.00543212890625e-05" />
    <testcase name="Equals (168)" classname="spec_perl_TestIntegersMinMax_t" time="7.20024108886719e-05" />
    <testcase name="Equals (169)" classname="spec_perl_TestIntegersMinMax_t" time="4.10079956054688e-05" />
    <testcase name="Equals (170)" classname="spec_perl_TestIntegersMinMax_t" time="7.51018524169922e-05" />
  </testsuite>
  <testsuite name="spec_perl_TestFixedContents_t" errors="0" failures="0" skipped="1" tests="1" time="0.0267281532287598">
    <system-out>1..1
ok 1 # skip FixedContents=HASH(0x55f86e91da80)
</system-out>
    <testcase name="Unnamed test case 170" classname="spec_perl_TestFixedContents_t" time="0.00126004219055176">
      <skipped message="ok 1 # skip FixedContents=HASH(0x55f86e91da80)" />
    </testcase>
  </testsuite>
  <testsuite name="spec_perl_TestExprBytesNonLiteral_t" errors="0" failures="0" skipped="0" tests="3" time="0.0266242027282715">
    <system-out>1..3
ok 1 - Equals
ok 2 - Equals
ok 3 - Equals
</system-out>
    <testcase name="Equals (171)" classname="spec_perl_TestExprBytesNonLiteral_t" time="0.00107288360595703" />
    <testcase name="Equals (172)" classname="spec_perl_TestExprBytesNonLiteral_t" time="6.00814819335938e-05" />
    <testcase name="Equals (173)" classname="spec_perl_TestExprBytesNonLiteral_t" time="4.1961669921875e-05" />
  </testsuite>
  <testsuite name="spec_perl_TestExprSizeofType0_t" errors="0" failures="0" skipped="0" tests="1" time="0.0265119075775146">
    <system-out>1..1
ok 1 - Equals
</system-out>
    <testcase name="Equals (174)" classname="spec_perl_TestExprSizeofType0_t" time="0.00112080574035645" />
  </testsuite>
  <testsuite name="spec_perl_TestIfInstances_t" errors="0" failures="0" skipped="0" tests="1" time="0.025892972946167">
    <system-out>1..1
ok 1 - nil
</system-out>
    <testcase name="nil (174)" classname="spec_perl_TestIfInstances_t" time="0.000932931900024414" />
  </testsuite>
  <testsuite name="spec_perl_TestEnumLongRangeU_t" errors="0" failures="0" skipped="0" tests="4" time="0.0264840126037598">
    <system-out>1..4
ok 1 - Equals
ok 2 - Equals
ok 3 - Equals
ok 4 - Equals
</system-out>
    <testcase name="Equals (175)" classname="spec_perl_TestEnumLongRangeU_t" time="0.00107717514038086" />
    <testcase name="Equals (176)" classname="spec_perl_TestEnumLongRangeU_t" time="7.39097595214844e-05" />
    <testcase name="Equals (177)" classname="spec_perl_TestEnumLongRangeU_t" time="3.69548797607422e-05" />
    <testcase name="Equals (178)" classname="spec_perl_TestEnumLongRangeU_t" time="4.41074371337891e-05" />
  </testsuite>
  <testsuite name="spec_perl_TestSwitchElseOnly_t" errors="0" failures="0" skipped="0" tests="3" time="0.0259189605712891">
    <system-out>1..3
ok 1 - Equals
ok 2 - Equals
ok 3 - Equals
</system-out>
    <testcase name="Equals (179)" classname="spec_perl_TestSwitchElseOnly_t" time="0.00102996826171875" />
    <testcase name="Equals (180)" classname="spec_perl_TestSwitchElseOnly_t" time="5.00679016113281e-05" />
    <testcase name="Equals (181)" classname="spec_perl_TestSwitchElseOnly_t" time="6.89029693603516e-05" />
  </testsuite>
  <testsuite name="spec_perl_TestNavParent_t" errors="0" failures="0" skipped="0" tests="5" time="0.0297219753265381">
    <system-out>1..5
ok 1 - Equals
ok 2 - Equals
ok 3 - Equals
ok 4 - Equals
ok 5 - Equals
</system-out>
    <testcase name="Equals (182)" classname="spec_perl_TestNavParent_t" time="0.0011289119720459" />
    <testcase name="Equals (183)" classname="spec_perl_TestNavParent_t" time="6.103515625e-05" />
    <testcase name="Equals (184)" classname="spec_perl_TestNavParent_t" time="4.50611114501953e-05" />
    <testcase name="Equals (185)" classname="spec_perl_TestNavParent_t" time="4.10079956054688e-05" />
    <testcase name="Equals (186)" classname="spec_perl_TestNavParent_t" time="4.69684600830078e-05" />
  </testsuite>
  <testsuite name="spec_perl_TestSwitchIntegers_t" errors="0" failures="0" skipped="0" tests="9" time="0.0268881320953369">
    <system-out>1..9
ok 1 - Equals
ok 2 - Equals
ok 3 - Equals
ok 4 - Equals
ok 5 - Equals
ok 6 - Equals
ok 7 - Equals
ok 8 - Equals
ok 9 - Equals
</system-out>
    <testcase name="Equals (187)" classname="spec_perl_TestSwitchIntegers_t" time="0.00102519989013672" />
    <testcase name="Equals (188)" classname="spec_perl_TestSwitchIntegers_t" time="4.88758087158203e-05" />
    <testcase name="Equals (189)" classname="spec_perl_TestSwitchIntegers_t" time="4.10079956054688e-05" />
    <testcase name="Equals (190)" classname="spec_perl_TestSwitchIntegers_t" time="7.41481781005859e-05" />
    <testcase name="Equals (191)" classname="spec_perl_TestSwitchIntegers_t" time="6.29425048828125e-05" />
    <testcase name="Equals (192)" classname="spec_perl_TestSwitchIntegers_t" time="6.29425048828125e-05" />
    <testcase name="Equals (193)" classname="spec_perl_TestSwitchIntegers_t" time="6.19888305664062e-05" />
    <testcase name="Equals (194)" classname="spec_perl_TestSwitchIntegers_t" time="6.60419464111328e-05" />
    <testcase name="Equals (195)" classname="spec_perl_TestSwitchIntegers_t" time="5.38825988769531e-05" />
  </testsuite>
  <testsuite name="spec_perl_TestParamsPassUsertype_t" errors="0" failures="1" skipped="1" tests="2" time="0.0262689590454102">
    <system-out>1..2
not ok 1 - test_params_pass_usertype died (Can't call method &quot;foo&quot; on an undefined value at compiled/perl/ParamsPassUsertype.pm line 119.)
ok 2 # skip test_params_pass_usertype died
</system-out>
    <testcase name="test_params_pass_usertype died (Can't call method &quot;foo&quot; on an undefined value at compiled/perl/ParamsPassUsertype.pm line 119.) (195)" classname="spec_perl_TestParamsPassUsertype_t" time="0.00101184844970703">
      <failure message="not ok 1 - test_params_pass_usertype died (Can't call method &quot;foo&quot; on an undefined value at compiled/perl/ParamsPassUsertype.pm line 119.)" type="TAP::Parser::Result::Test"></failure>
    </testcase>
    <testcase name="Unnamed test case 195" classname="spec_perl_TestParamsPassUsertype_t" time="7.70092010498047e-05">
      <skipped message="ok 2 # skip test_params_pass_usertype died" />
    </testcase>
  </testsuite>
  <testsuite name="spec_perl_TestTermBytes_t" errors="0" failures="0" skipped="0" tests="3" time="0.0267789363861084">
    <system-out>1..3
ok 1 - Equals
ok 2 - Equals
ok 3 - Equals
</system-out>
    <testcase name="Equals (196)" classname="spec_perl_TestTermBytes_t" time="0.00104403495788574" />
    <testcase name="Equals (197)" classname="spec_perl_TestTermBytes_t" time="5.60283660888672e-05" />
    <testcase name="Equals (198)" classname="spec_perl_TestTermBytes_t" time="5.19752502441406e-05" />
  </testsuite>
  <testsuite name="spec_perl_TestCastNested_t" errors="0" failures="0" skipped="0" tests="4" time="0.0312190055847168">
    <system-out>1..4
ok 1 - Equals
ok 2 - Equals
ok 3 - Equals
ok 4 - Equals
</system-out>
    <testcase name="Equals (199)" classname="spec_perl_TestCastNested_t" time="0.00139808654785156" />
    <testcase name="Equals (200)" classname="spec_perl_TestCastNested_t" time="6.79492950439453e-05" />
    <testcase name="Equals (201)" classname="spec_perl_TestCastNested_t" time="4.69684600830078e-05" />
    <testcase name="Equals (202)" classname="spec_perl_TestCastNested_t" time="7.20024108886719e-05" />
  </testsuite>
  <testsuite name="spec_perl_TestParamsCallExtraParens_t" errors="0" failures="1" skipped="0" tests="1" time="0.0294759273529053">
    <system-out>1..1
not ok 1 - Equals
</system-out>
    <testcase name="Equals (203)" classname="spec_perl_TestParamsCallExtraParens_t" time="0.00118684768676758">
      <failure message="not ok 1 - Equals" type="TAP::Parser::Result::Test"></failure>
    </testcase>
  </testsuite>
  <testsuite name="spec_perl_TestProcessCoerceSwitch_t" errors="0" failures="0" skipped="0" tests="3" time="0.0260839462280273">
    <system-out>1..3
ok 1 - Equals
ok 2 - Equals
ok 3 - Equals
</system-out>
    <testcase name="Equals (204)" classname="spec_perl_TestProcessCoerceSwitch_t" time="0.00124216079711914" />
    <testcase name="Equals (205)" classname="spec_perl_TestProcessCoerceSwitch_t" time="5.19752502441406e-05" />
    <testcase name="Equals (206)" classname="spec_perl_TestProcessCoerceSwitch_t" time="7.39097595214844e-05" />
  </testsuite>
  <testsuite name="spec_perl_TestProcessXorConst_t" errors="0" failures="0" skipped="0" tests="2" time="0.0257048606872559">
    <system-out>1..2
ok 1 - Equals
ok 2 - Equals
</system-out>
    <testcase name="Equals (207)" classname="spec_perl_TestProcessXorConst_t" time="0.00103092193603516" />
    <testcase name="Equals (208)" classname="spec_perl_TestProcessXorConst_t" time="5.10215759277344e-05" />
  </testsuite>
  <testsuite name="spec_perl_TestDocstringsDocrefMulti_t" errors="0" failures="0" skipped="1" tests="1" time="0.0268809795379639">
    <system-out>1..1
ok 1 # skip DocstringsDocrefMulti=HASH(0x560c540f5a80)
</system-out>
    <testcase name="Unnamed test case 208" classname="spec_perl_TestDocstringsDocrefMulti_t" time="0.00121402740478516">
      <skipped message="ok 1 # skip DocstringsDocrefMulti=HASH(0x560c540f5a80)" />
    </testcase>
  </testsuite>
  <testsuite name="spec_perl_TestNavRoot_t" errors="0" failures="0" skipped="0" tests="5" time="0.0295200347900391">
    <system-out>1..5
ok 1 - Equals
ok 2 - Equals
ok 3 - Equals
ok 4 - Equals
ok 5 - Equals
</system-out>
    <testcase name="Equals (209)" classname="spec_perl_TestNavRoot_t" time="0.00105690956115723" />
    <testcase name="Equals (210)" classname="spec_perl_TestNavRoot_t" time="4.91142272949219e-05" />
    <testcase name="Equals (211)" classname="spec_perl_TestNavRoot_t" time="7.20024108886719e-05" />
    <testcase name="Equals (212)" classname="spec_perl_TestNavRoot_t" time="6.58035278320312e-05" />
    <testcase name="Equals (213)" classname="spec_perl_TestNavRoot_t" time="6.41345977783203e-05" />
  </testsuite>
  <testsuite name="spec_perl_TestRecursiveOne_t" errors="0" failures="0" skipped="0" tests="4" time="0.0262918472290039">
    <system-out>1..4
ok 1 - Equals
ok 2 - Equals
ok 3 - Equals
ok 4 - Equals
</system-out>
    <testcase name="Equals (214)" classname="spec_perl_TestRecursiveOne_t" time="0.00106096267700195" />
    <testcase name="Equals (215)" classname="spec_perl_TestRecursiveOne_t" time="5.00679016113281e-05" />
    <testcase name="Equals (216)" classname="spec_perl_TestRecursiveOne_t" time="4.79221343994141e-05" />
    <testcase name="Equals (217)" classname="spec_perl_TestRecursiveOne_t" time="6.50882720947266e-05" />
  </testsuite>
  <testsuite name="spec_perl_TestOpaqueExternalType_t" errors="0" failures="0" skipped="0" tests="3" time="0.029569149017334">
    <system-out>1..3
ok 1 - Equals
ok 2 - Equals
ok 3 - Equals
</system-out>
    <testcase name="Equals (218)" classname="spec_perl_TestOpaqueExternalType_t" time="0.0010979175567627" />
    <testcase name="Equals (219)" classname="spec_perl_TestOpaqueExternalType_t" time="5.60283660888672e-05" />
    <testcase name="Equals (220)" classname="spec_perl_TestOpaqueExternalType_t" time="4.81605529785156e-05" />
  </testsuite>
  <testsuite name="spec_perl_TestTypeTernary2ndFalsy_t" errors="0" failures="0" skipped="0" tests="13" time="0.0267448425292969">
    <system-out>1..13
ok 1 - Equals
ok 2 - Equals
ok 3 - Equals
ok 4 - Approx equals
ok 5 - Approx equals
ok 6 - Equals
ok 7 - Equals
ok 8 - Equals
ok 9 - nil
ok 10 - Equals
ok 11 - Equals
ok 12 - Equals
ok 13 - Equals
</system-out>
    <testcase name="Equals (221)" classname="spec_perl_TestTypeTernary2ndFalsy_t" time="0.00104093551635742" />
    <testcase name="Equals (222)" classname="spec_perl_TestTypeTernary2ndFalsy_t" time="5.10215759277344e-05" />
    <testcase name="Equals (223)" classname="spec_perl_TestTypeTernary2ndFalsy_t" time="5.88893890380859e-05" />
    <testcase name="Approx equals (223)" classname="spec_perl_TestTypeTernary2ndFalsy_t" time="4.31537628173828e-05" />
    <testcase name="Approx equals (224)" classname="spec_perl_TestTypeTernary2ndFalsy_t" time="3.69548797607422e-05" />
    <testcase name="Equals (224)" classname="spec_perl_TestTypeTernary2ndFalsy_t" time="6.38961791992188e-05" />
    <testcase name="Equals (225)" classname="spec_perl_TestTypeTernary2ndFalsy_t" time="6.60419464111328e-05" />
    <testcase name="Equals (226)" classname="spec_perl_TestTypeTernary2ndFalsy_t" time="6.41345977783203e-05" />
    <testcase name="nil (226)" classname="spec_perl_TestTypeTernary2ndFalsy_t" time="4.38690185546875e-05" />
    <testcase name="Equals (227)" classname="spec_perl_TestTypeTernary2ndFalsy_t" time="5.91278076171875e-05" />
    <testcase name="Equals (228)" classname="spec_perl_TestTypeTernary2ndFalsy_t" time="4.38690185546875e-05" />
    <testcase name="Equals (229)" classname="spec_perl_TestTypeTernary2ndFalsy_t" time="6.91413879394531e-05" />
    <testcase name="Equals (230)" classname="spec_perl_TestTypeTernary2ndFalsy_t" time="6.29425048828125e-05" />
  </testsuite>
  <testsuite name="spec_perl_TestFloatToI_t" errors="0" failures="0" skipped="0" tests="8" time="0.0266728401184082">
    <system-out>1..8
ok 1 - Approx equals
ok 2 - Approx equals
ok 3 - Equals
ok 4 - Equals
ok 5 - Equals
ok 6 - Equals
ok 7 - Equals
ok 8 - Equals
</system-out>
    <testcase name="Approx equals (230)" classname="spec_perl_TestFloatToI_t" time="0.000953912734985352" />
    <testcase name="Approx equals (231)" classname="spec_perl_TestFloatToI_t" time="6.50882720947266e-05" />
    <testcase name="Equals (231)" classname="spec_perl_TestFloatToI_t" time="4.29153442382812e-05" />
    <testcase name="Equals (232)" classname="spec_perl_TestFloatToI_t" time="4.1961669921875e-05" />
    <testcase name="Equals (233)" classname="spec_perl_TestFloatToI_t" time="4.22000885009766e-05" />
    <testcase name="Equals (234)" classname="spec_perl_TestFloatToI_t" time="3.79085540771484e-05" />
    <testcase name="Equals (235)" classname="spec_perl_TestFloatToI_t" time="7.29560852050781e-05" />
    <testcase name="Equals (236)" classname="spec_perl_TestFloatToI_t" time="6.79492950439453e-05" />
  </testsuite>
  <testsuite name="spec_perl_TestIfStruct_t" errors="0" failures="0" skipped="0" tests="7" time="0.0307397842407227">
    <system-out>1..7
ok 1 - Equals
ok 2 - Equals
ok 3 - Equals
ok 4 - Equals
ok 5 - Equals
ok 6 - Equals
ok 7 - Equals
</system-out>
    <testcase name="Equals (237)" classname="spec_perl_TestIfStruct_t" time="0.00116920471191406" />
    <testcase name="Equals (238)" classname="spec_perl_TestIfStruct_t" time="5.38825988769531e-05" />
    <testcase name="Equals (239)" classname="spec_perl_TestIfStruct_t" time="4.41074371337891e-05" />
    <testcase name="Equals (240)" classname="spec_perl_TestIfStruct_t" time="6.79492950439453e-05" />
    <testcase name="Equals (241)" classname="spec_perl_TestIfStruct_t" time="6.29425048828125e-05" />
    <testcase name="Equals (242)" classname="spec_perl_TestIfStruct_t" time="5.60283660888672e-05" />
    <testcase name="Equals (243)" classname="spec_perl_TestIfStruct_t" time="6.89029693603516e-05" />
  </testsuite>
  <testsuite name="spec_perl_TestExprSizeofType1_t" errors="0" failures="0" skipped="0" tests="2" time="0.0266718864440918">
    <system-out>1..2
ok 1 - Equals
ok 2 - Equals
</system-out>
    <testcase name="Equals (244)" classname="spec_perl_TestExprSizeofType1_t" time="0.00101494789123535" />
    <testcase name="Equals (245)" classname="spec_perl_TestExprSizeofType1_t" time="5.31673431396484e-05" />
  </testsuite>
  <testsuite name="spec_perl_TestExprStrOps_t" errors="0" failures="0" skipped="0" tests="17" time="0.0312960147857666">
    <system-out>1..17
ok 1 - Equals
ok 2 - Equals
ok 3 - Equals
ok 4 - Equals
ok 5 - Equals
ok 6 - Equals
ok 7 - Equals
ok 8 - Equals
ok 9 - Equals
ok 10 - Equals
ok 11 - Equals
ok 12 - Equals
ok 13 - Equals
ok 14 - Equals
ok 15 - Equals
ok 16 - Equals
ok 17 - Equals
</system-out>
    <testcase name="Equals (246)" classname="spec_perl_TestExprStrOps_t" time="0.00104284286499023" />
    <testcase name="Equals (247)" classname="spec_perl_TestExprStrOps_t" time="5.19752502441406e-05" />
    <testcase name="Equals (248)" classname="spec_perl_TestExprStrOps_t" time="4.10079956054688e-05" />
    <testcase name="Equals (249)" classname="spec_perl_TestExprStrOps_t" time="8.10623168945312e-05" />
    <testcase name="Equals (250)" classname="spec_perl_TestExprStrOps_t" time="6.38961791992188e-05" />
    <testcase name="Equals (251)" classname="spec_perl_TestExprStrOps_t" time="6.50882720947266e-05" />
    <testcase name="Equals (252)" classname="spec_perl_TestExprStrOps_t" time="6.60419464111328e-05" />
    <testcase name="Equals (253)" classname="spec_perl_TestExprStrOps_t" time="6.19888305664062e-05" />
    <testcase name="Equals (254)" classname="spec_perl_TestExprStrOps_t" time="6.50882720947266e-05" />
    <testcase name="Equals (255)" classname="spec_perl_TestExprStrOps_t" time="5.48362731933594e-05" />
    <testcase name="Equals (256)" classname="spec_perl_TestExprStrOps_t" time="5.91278076171875e-05" />
    <testcase name="Equals (257)" classname="spec_perl_TestExprStrOps_t" time="6.79492950439453e-05" />
    <testcase name="Equals (258)" classname="spec_perl_TestExprStrOps_t" time="5.60283660888672e-05" />
    <testcase name="Equals (259)" classname="spec_perl_TestExprStrOps_t" time="6.38961791992188e-05" />
    <testcase name="Equals (260)" classname="spec_perl_TestExprStrOps_t" time="5.50746917724609e-05" />
    <testcase name="Equals (261)" classname="spec_perl_TestExprStrOps_t" time="5.29289245605469e-05" />
    <testcase name="Equals (262)" classname="spec_perl_TestExprStrOps_t" time="6.79492950439453e-05" />
  </testsuite>
  <testsuite name="spec_perl_TestZlibWithHeader78_t" errors="0" failures="0" skipped="0" tests="1" time="0.0479609966278076">
    <system-out>1..1
ok 1 - Equals
</system-out>
    <testcase name="Equals (263)" classname="spec_perl_TestZlibWithHeader78_t" time="0.00108814239501953" />
  </testsuite>
  <testsuite name="spec_perl_TestEnumIf_t" errors="0" failures="0" skipped="0" tests="7" time="0.0302839279174805">
    <system-out>1..7
ok 1 - Equals
ok 2 - Equals
ok 3 - Equals
ok 4 - Equals
ok 5 - Equals
ok 6 - Equals
ok 7 - Equals
</system-out>
    <testcase name="Equals (264)" classname="spec_perl_TestEnumIf_t" time="0.00109100341796875" />
    <testcase name="Equals (265)" classname="spec_perl_TestEnumIf_t" time="6.00814819335938e-05" />
    <testcase name="Equals (266)" classname="spec_perl_TestEnumIf_t" time="4.50611114501953e-05" />
    <testcase name="Equals (267)" classname="spec_perl_TestEnumIf_t" time="6.58035278320312e-05" />
    <testcase name="Equals (268)" classname="spec_perl_TestEnumIf_t" time="6.31809234619141e-05" />
    <testcase name="Equals (269)" classname="spec_perl_TestEnumIf_t" time="6.69956207275391e-05" />
    <testcase name="Equals (270)" classname="spec_perl_TestEnumIf_t" time="6.07967376708984e-05" />
  </testsuite>
  <testsuite name="spec_perl_TestMultipleUse_t" errors="0" failures="0" skipped="0" tests="2" time="0.0260009765625">
    <system-out>1..2
ok 1 - Equals
ok 2 - Equals
</system-out>
    <testcase name="Equals (271)" classname="spec_perl_TestMultipleUse_t" time="0.0010380744934082" />
    <testcase name="Equals (272)" classname="spec_perl_TestMultipleUse_t" time="6.29425048828125e-05" />
  </testsuite>
  <testsuite name="spec_perl_TestDefaultEndianExprIsLe_t" errors="0" failures="0" skipped="0" tests="12" time="0.0272641181945801">
    <system-out>1..12
ok 1 - Equals
ok 2 - Equals
ok 3 - Equals
ok 4 - Equals
ok 5 - Equals
ok 6 - Equals
ok 7 - Equals
ok 8 - Equals
ok 9 - Equals
ok 10 - Equals
ok 11 - Equals
ok 12 - Equals
</system-out>
    <testcase name="Equals (273)" classname="spec_perl_TestDefaultEndianExprIsLe_t" time="0.00105404853820801" />
    <testcase name="Equals (274)" classname="spec_perl_TestDefaultEndianExprIsLe_t" time="7.51018524169922e-05" />
    <testcase name="Equals (275)" classname="spec_perl_TestDefaultEndianExprIsLe_t" time="8.48770141601562e-05" />
    <testcase name="Equals (276)" classname="spec_perl_TestDefaultEndianExprIsLe_t" time="7.70092010498047e-05" />
    <testcase name="Equals (277)" classname="spec_perl_TestDefaultEndianExprIsLe_t" time="4.50611114501953e-05" />
    <testcase name="Equals (278)" classname="spec_perl_TestDefaultEndianExprIsLe_t" time="7.20024108886719e-05" />
    <testcase name="Equals (279)" classname="spec_perl_TestDefaultEndianExprIsLe_t" time="6.19888305664062e-05" />
    <testcase name="Equals (280)" classname="spec_perl_TestDefaultEndianExprIsLe_t" time="5.50746917724609e-05" />
    <testcase name="Equals (281)" classname="spec_perl_TestDefaultEndianExprIsLe_t" time="5.38825988769531e-05" />
    <testcase name="Equals (282)" classname="spec_perl_TestDefaultEndianExprIsLe_t" time="5.29289245605469e-05" />
    <testcase name="Equals (283)" classname="spec_perl_TestDefaultEndianExprIsLe_t" time="6.103515625e-05" />
    <testcase name="Equals (284)" classname="spec_perl_TestDefaultEndianExprIsLe_t" time="5.41210174560547e-05" />
  </testsuite>
  <testsuite name="spec_perl_TestJsSignedRightShift_t" errors="0" failures="0" skipped="0" tests="2" time="0.0255780220031738">
    <system-out>1..2
ok 1 - Equals
ok 2 - Equals
</system-out>
    <testcase name="Equals (285)" classname="spec_perl_TestJsSignedRightShift_t" time="0.00100016593933105" />
    <testcase name="Equals (286)" classname="spec_perl_TestJsSignedRightShift_t" time="5.79357147216797e-05" />
  </testsuite>
  <testsuite name="spec_perl_TestImportsAbsRel_t" errors="0" failures="0" skipped="0" tests="3" time="0.0365309715270996">
    <system-out>1..3
ok 1 - Equals
ok 2 - Equals
ok 3 - Equals
</system-out>
    <testcase name="Equals (287)" classname="spec_perl_TestImportsAbsRel_t" time="0.0014948844909668" />
    <testcase name="Equals (288)" classname="spec_perl_TestImportsAbsRel_t" time="8.29696655273438e-05" />
    <testcase name="Equals (289)" classname="spec_perl_TestImportsAbsRel_t" time="5.00679016113281e-05" />
  </testsuite>
  <testsuite name="spec_perl_TestStrEos_t" errors="0" failures="0" skipped="0" tests="1" time="0.0296330451965332">
    <system-out>1..1
ok 1 - Equals
</system-out>
    <testcase name="Equals (290)" classname="spec_perl_TestStrEos_t" time="0.00107502937316895" />
  </testsuite>
  <testsuite name="spec_perl_TestStrEncodings_t" errors="0" failures="0" skipped="0" tests="4" time="0.0327229499816895">
    <system-out>1..4
ok 1 - Equals
ok 2 - Equals
ok 3 - Equals
ok 4 - Equals
</system-out>
    <testcase name="Equals (291)" classname="spec_perl_TestStrEncodings_t" time="0.00398516654968262" />
    <testcase name="Equals (292)" classname="spec_perl_TestStrEncodings_t" time="6.29425048828125e-05" />
    <testcase name="Equals (293)" classname="spec_perl_TestStrEncodings_t" time="5.10215759277344e-05" />
    <testcase name="Equals (294)" classname="spec_perl_TestStrEncodings_t" time="5.29289245605469e-05" />
  </testsuite>
  <testsuite name="spec_perl_TestExprMod_t" errors="0" failures="0" skipped="0" tests="6" time="0.0262420177459717">
    <system-out>1..6
ok 1 - Equals
ok 2 - Equals
ok 3 - Equals
ok 4 - Equals
ok 5 - Equals
ok 6 - Equals
</system-out>
    <testcase name="Equals (295)" classname="spec_perl_TestExprMod_t" time="0.00096893310546875" />
    <testcase name="Equals (296)" classname="spec_perl_TestExprMod_t" time="6.79492950439453e-05" />
    <testcase name="Equals (297)" classname="spec_perl_TestExprMod_t" time="4.60147857666016e-05" />
    <testcase name="Equals (298)" classname="spec_perl_TestExprMod_t" time="4.10079956054688e-05" />
    <testcase name="Equals (299)" classname="spec_perl_TestExprMod_t" time="4.41074371337891e-05" />
    <testcase name="Equals (300)" classname="spec_perl_TestExprMod_t" time="4.10079956054688e-05" />
  </testsuite>
  <testsuite name="spec_perl_TestNestedTypes_t" errors="0" failures="0" skipped="0" tests="3" time="0.0257568359375">
    <system-out>1..3
ok 1 - Equals
ok 2 - Equals
ok 3 - Equals
</system-out>
    <testcase name="Equals (301)" classname="spec_perl_TestNestedTypes_t" time="0.00104784965515137" />
    <testcase name="Equals (302)" classname="spec_perl_TestNestedTypes_t" time="5.22136688232422e-05" />
    <testcase name="Equals (303)" classname="spec_perl_TestNestedTypes_t" time="6.98566436767578e-05" />
  </testsuite>
  <testsuite name="spec_perl_TestValidEqStrEncodings_t" errors="0" failures="0" skipped="1" tests="1" time="0.032459020614624">
    <system-out>1..1
ok 1 # skip ValidEqStrEncodings=HASH(0x558d61b512d8)
</system-out>
    <testcase name="Unnamed test case 303" classname="spec_perl_TestValidEqStrEncodings_t" time="0.00419998168945312">
      <skipped message="ok 1 # skip ValidEqStrEncodings=HASH(0x558d61b512d8)" />
    </testcase>
  </testsuite>
  <testsuite name="spec_perl_TestEnumFancy_t" errors="0" failures="0" skipped="0" tests="2" time="0.0264148712158203">
    <system-out>1..2
ok 1 - Equals
ok 2 - Equals
</system-out>
    <testcase name="Equals (304)" classname="spec_perl_TestEnumFancy_t" time="0.00101804733276367" />
    <testcase name="Equals (305)" classname="spec_perl_TestEnumFancy_t" time="5.10215759277344e-05" />
  </testsuite>
  <testsuite name="spec_perl_TestProcessXor4Const_t" errors="0" failures="0" skipped="0" tests="2" time="0.0255999565124512">
    <system-out>1..2
ok 1 - Equals
ok 2 - Equals
</system-out>
    <testcase name="Equals (306)" classname="spec_perl_TestProcessXor4Const_t" time="0.00103402137756348" />
    <testcase name="Equals (307)" classname="spec_perl_TestProcessXor4Const_t" time="6.103515625e-05" />
  </testsuite>
  <testsuite name="spec_perl_TestImportsAbs_t" errors="0" failures="0" skipped="0" tests="2" time="0.0281589031219482">
    <system-out>1..2
ok 1 - Equals
ok 2 - Equals
</system-out>
    <testcase name="Equals (308)" classname="spec_perl_TestImportsAbs_t" time="0.00107502937316895" />
    <testcase name="Equals (309)" classname="spec_perl_TestImportsAbs_t" time="5.41210174560547e-05" />
  </testsuite>
  <testsuite name="spec_perl_TestValidNotParsedIf_t" errors="0" failures="0" skipped="1" tests="1" time="0.02630615234375">
    <system-out>1..1
ok 1 # skip ValidNotParsedIf=HASH(0x55c48dfe6a60)
</system-out>
    <testcase name="Unnamed test case 309" classname="spec_perl_TestValidNotParsedIf_t" time="0.0013120174407959">
      <skipped message="ok 1 # skip ValidNotParsedIf=HASH(0x55c48dfe6a60)" />
    </testcase>
  </testsuite>
  <testsuite name="spec_perl_TestExprEnum_t" errors="0" failures="0" skipped="0" tests="3" time="0.0261521339416504">
    <system-out>1..3
ok 1 - Equals
ok 2 - Equals
ok 3 - Equals
</system-out>
    <testcase name="Equals (310)" classname="spec_perl_TestExprEnum_t" time="0.00101613998413086" />
    <testcase name="Equals (311)" classname="spec_perl_TestExprEnum_t" time="5.98430633544922e-05" />
    <testcase name="Equals (312)" classname="spec_perl_TestExprEnum_t" time="4.60147857666016e-05" />
  </testsuite>
  <testsuite name="spec_perl_TestTypeTernaryOpaque_t" errors="0" failures="0" skipped="0" tests="3" time="0.0298690795898438">
    <system-out>1..3
ok 1 - Equals
ok 2 - Equals
ok 3 - Equals
</system-out>
    <testcase name="Equals (313)" classname="spec_perl_TestTypeTernaryOpaque_t" time="0.00143313407897949" />
    <testcase name="Equals (314)" classname="spec_perl_TestTypeTernaryOpaque_t" time="5.10215759277344e-05" />
    <testcase name="Equals (315)" classname="spec_perl_TestTypeTernaryOpaque_t" time="6.98566436767578e-05" />
  </testsuite>
  <testsuite name="spec_perl_TestSwitchBytearray_t" errors="0" failures="0" skipped="0" tests="9" time="0.0299398899078369">
    <system-out>1..9
ok 1 - Equals
ok 2 - Equals
ok 3 - Equals
ok 4 - Equals
ok 5 - Equals
ok 6 - Equals
ok 7 - Equals
ok 8 - Equals
ok 9 - Equals
</system-out>
    <testcase name="Equals (316)" classname="spec_perl_TestSwitchBytearray_t" time="0.00105404853820801" />
    <testcase name="Equals (317)" classname="spec_perl_TestSwitchBytearray_t" time="4.81605529785156e-05" />
    <testcase name="Equals (318)" classname="spec_perl_TestSwitchBytearray_t" time="6.69956207275391e-05" />
    <testcase name="Equals (319)" classname="spec_perl_TestSwitchBytearray_t" time="8.08238983154297e-05" />
    <testcase name="Equals (320)" classname="spec_perl_TestSwitchBytearray_t" time="4.91142272949219e-05" />
    <testcase name="Equals (321)" classname="spec_perl_TestSwitchBytearray_t" time="5.69820404052734e-05" />
    <testcase name="Equals (322)" classname="spec_perl_TestSwitchBytearray_t" time="6.00814819335938e-05" />
    <testcase name="Equals (323)" classname="spec_perl_TestSwitchBytearray_t" time="5.98430633544922e-05" />
    <testcase name="Equals (324)" classname="spec_perl_TestSwitchBytearray_t" time="6.00814819335938e-05" />
  </testsuite>
  <testsuite name="spec_perl_TestIntegersDoubleOverflow_t" errors="0" failures="0" skipped="0" tests="8" time="0.0268180370330811">
    <system-out>1..8
ok 1 - Equals
ok 2 - Equals
ok 3 - Equals
ok 4 - Equals
ok 5 - Equals
ok 6 - Equals
ok 7 - Equals
ok 8 - Equals
</system-out>
    <testcase name="Equals (325)" classname="spec_perl_TestIntegersDoubleOverflow_t" time="0.00100994110107422" />
    <testcase name="Equals (326)" classname="spec_perl_TestIntegersDoubleOverflow_t" time="5.79357147216797e-05" />
    <testcase name="Equals (327)" classname="spec_perl_TestIntegersDoubleOverflow_t" time="4.31537628173828e-05" />
    <testcase name="Equals (328)" classname="spec_perl_TestIntegersDoubleOverflow_t" time="6.4849853515625e-05" />
    <testcase name="Equals (329)" classname="spec_perl_TestIntegersDoubleOverflow_t" time="6.79492950439453e-05" />
    <testcase name="Equals (330)" classname="spec_perl_TestIntegersDoubleOverflow_t" time="5.81741333007812e-05" />
    <testcase name="Equals (331)" classname="spec_perl_TestIntegersDoubleOverflow_t" time="6.60419464111328e-05" />
    <testcase name="Equals (332)" classname="spec_perl_TestIntegersDoubleOverflow_t" time="6.58035278320312e-05" />
  </testsuite>
  <testsuite name="spec_perl_TestExprBits_t" errors="0" failures="0" skipped="0" tests="10" time="0.0268909931182861">
    <system-out>1..10
ok 1 - Equals
ok 2 - Equals
ok 3 - Equals
ok 4 - Equals
ok 5 - Equals
ok 6 - Equals
ok 7 - Equals
ok 8 - Equals
ok 9 - Equals
ok 10 - Equals
</system-out>
    <testcase name="Equals (333)" classname="spec_perl_TestExprBits_t" time="0.0010230541229248" />
    <testcase name="Equals (334)" classname="spec_perl_TestExprBits_t" time="6.69956207275391e-05" />
    <testcase name="Equals (335)" classname="spec_perl_TestExprBits_t" time="3.91006469726562e-05" />
    <testcase name="Equals (336)" classname="spec_perl_TestExprBits_t" time="4.38690185546875e-05" />
    <testcase name="Equals (337)" classname="spec_perl_TestExprBits_t" time="4.1961669921875e-05" />
    <testcase name="Equals (338)" classname="spec_perl_TestExprBits_t" time="3.91006469726562e-05" />
    <testcase name="Equals (339)" classname="spec_perl_TestExprBits_t" time="6.69956207275391e-05" />
    <testcase name="Equals (340)" classname="spec_perl_TestExprBits_t" time="6.00814819335938e-05" />
    <testcase name="Equals (341)" classname="spec_perl_TestExprBits_t" time="6.69956207275391e-05" />
    <testcase name="Equals (342)" classname="spec_perl_TestExprBits_t" time="7.48634338378906e-05" />
  </testsuite>
  <testsuite name="spec_perl_TestNestedTypeParam_t" errors="0" failures="2" skipped="0" tests="2" time="0.0296280384063721">
    <system-out>1..2
not ok 1 - Equals
not ok 2 - Equals
</system-out>
    <testcase name="Equals (343)" classname="spec_perl_TestNestedTypeParam_t" time="0.00112605094909668">
      <failure message="not ok 1 - Equals" type="TAP::Parser::Result::Test"></failure>
    </testcase>
    <testcase name="Equals (344)" classname="spec_perl_TestNestedTypeParam_t" time="0.000392913818359375">
      <failure message="not ok 2 - Equals" type="TAP::Parser::Result::Test"></failure>
    </testcase>
  </testsuite>
  <testsuite name="spec_perl_TestIndexToParamExpr_t" errors="0" failures="2" skipped="0" tests="7" time="0.0316939353942871">
    <system-out>1..7
ok 1 - Equals
ok 2 - Equals
ok 3 - Equals
ok 4 - Equals
ok 5 - Equals
not ok 6 - Equals
not ok 7 - Equals
</system-out>
    <testcase name="Equals (345)" classname="spec_perl_TestIndexToParamExpr_t" time="0.00131702423095703" />
    <testcase name="Equals (346)" classname="spec_perl_TestIndexToParamExpr_t" time="8.79764556884766e-05" />
    <testcase name="Equals (347)" classname="spec_perl_TestIndexToParamExpr_t" time="7.70092010498047e-05" />
    <testcase name="Equals (348)" classname="spec_perl_TestIndexToParamExpr_t" time="7.70092010498047e-05" />
    <testcase name="Equals (349)" classname="spec_perl_TestIndexToParamExpr_t" time="0.000128984451293945" />
    <testcase name="Equals (350)" classname="spec_perl_TestIndexToParamExpr_t" time="0.000131130218505859">
      <failure message="not ok 6 - Equals" type="TAP::Parser::Result::Test"></failure>
    </testcase>
    <testcase name="Equals (351)" classname="spec_perl_TestIndexToParamExpr_t" time="0.000401020050048828">
      <failure message="not ok 7 - Equals" type="TAP::Parser::Result::Test"></failure>
    </testcase>
  </testsuite>
  <testsuite name="spec_perl_TestNavParentFalse2_t" errors="0" failures="0" skipped="0" tests="1" time="0.0254940986633301">
    <system-out>1..1
ok 1 - Equals
</system-out>
    <testcase name="Equals (352)" classname="spec_perl_TestNavParentFalse2_t" time="0.000982999801635742" />
  </testsuite>
  <testsuite name="spec_perl_TestInstanceUserArray_t" errors="0" failures="0" skipped="0" tests="10" time="0.027634859085083">
    <system-out>1..10
ok 1 - Equals
ok 2 - Equals
ok 3 - Equals
ok 4 - Equals
ok 5 - Equals
ok 6 - Equals
ok 7 - Equals
ok 8 - Equals
ok 9 - Equals
ok 10 - Equals
</system-out>
    <testcase name="Equals (353)" classname="spec_perl_TestInstanceUserArray_t" time="0.00100398063659668" />
    <testcase name="Equals (354)" classname="spec_perl_TestInstanceUserArray_t" time="6.91413879394531e-05" />
    <testcase name="Equals (355)" classname="spec_perl_TestInstanceUserArray_t" time="3.60012054443359e-05" />
    <testcase name="Equals (356)" classname="spec_perl_TestInstanceUserArray_t" time="0.000349044799804688" />
    <testcase name="Equals (357)" classname="spec_perl_TestInstanceUserArray_t" time="7.08103179931641e-05" />
    <testcase name="Equals (358)" classname="spec_perl_TestInstanceUserArray_t" time="6.41345977783203e-05" />
    <testcase name="Equals (359)" classname="spec_perl_TestInstanceUserArray_t" time="5.69820404052734e-05" />
    <testcase name="Equals (360)" classname="spec_perl_TestInstanceUserArray_t" time="6.79492950439453e-05" />
    <testcase name="Equals (361)" classname="spec_perl_TestInstanceUserArray_t" time="6.19888305664062e-05" />
    <testcase name="Equals (362)" classname="spec_perl_TestInstanceUserArray_t" time="6.19888305664062e-05" />
  </testsuite>
  <testsuite name="spec_perl_TestHelloWorld_t" errors="0" failures="0" skipped="0" tests="1" time="0.0257139205932617">
    <system-out>1..1
ok 1 - Equals
</system-out>
    <testcase name="Equals (363)" classname="spec_perl_TestHelloWorld_t" time="0.000982999801635742" />
  </testsuite>
  <testsuite name="spec_perl_TestZlibSurrounded_t" errors="0" failures="0" skipped="0" tests="1" time="0.0482940673828125">
    <system-out>1..1
ok 1 - Equals
</system-out>
    <testcase name="Equals (364)" classname="spec_perl_TestZlibSurrounded_t" time="0.00135016441345215" />
  </testsuite>
  <testsuite name="spec_perl_TestProcessCoerceUsertype2_t" errors="0" failures="0" skipped="0" tests="4" time="0.0267031192779541">
    <system-out>1..4
ok 1 - Equals
ok 2 - Equals
ok 3 - Equals
ok 4 - Equals
</system-out>
    <testcase name="Equals (365)" classname="spec_perl_TestProcessCoerceUsertype2_t" time="0.00126886367797852" />
    <testcase name="Equals (366)" classname="spec_perl_TestProcessCoerceUsertype2_t" time="5.50746917724609e-05" />
    <testcase name="Equals (367)" classname="spec_perl_TestProcessCoerceUsertype2_t" time="4.38690185546875e-05" />
    <testcase name="Equals (368)" classname="spec_perl_TestProcessCoerceUsertype2_t" time="7.31945037841797e-05" />
  </testsuite>
  <testsuite name="spec_perl_TestMetaXref_t" errors="0" failures="0" skipped="1" tests="1" time="0.0259649753570557">
    <system-out>1..1
ok 1 # skip MetaXref=HASH(0x564d324d90e0)
</system-out>
    <testcase name="Unnamed test case 368" classname="spec_perl_TestMetaXref_t" time="0.00124502182006836">
      <skipped message="ok 1 # skip MetaXref=HASH(0x564d324d90e0)" />
    </testcase>
  </testsuite>
  <testsuite name="spec_perl_TestNestedTypes3_t" errors="0" failures="0" skipped="0" tests="5" time="0.026198148727417">
    <system-out>1..5
ok 1 - Equals
ok 2 - Equals
ok 3 - Equals
ok 4 - Equals
ok 5 - Equals
</system-out>
    <testcase name="Equals (369)" classname="spec_perl_TestNestedTypes3_t" time="0.00100588798522949" />
    <testcase name="Equals (370)" classname="spec_perl_TestNestedTypes3_t" time="5.31673431396484e-05" />
    <testcase name="Equals (371)" classname="spec_perl_TestNestedTypes3_t" time="6.60419464111328e-05" />
    <testcase name="Equals (372)" classname="spec_perl_TestNestedTypes3_t" time="4.88758087158203e-05" />
    <testcase name="Equals (373)" classname="spec_perl_TestNestedTypes3_t" time="7.10487365722656e-05" />
  </testsuite>
  <testsuite name="spec_perl_TestProcessRepeatBytes_t" errors="0" failures="0" skipped="0" tests="2" time="0.0255129337310791">
    <system-out>1..2
ok 1 - Equals
ok 2 - Equals
</system-out>
    <testcase name="Equals (374)" classname="spec_perl_TestProcessRepeatBytes_t" time="0.00107884407043457" />
    <testcase name="Equals (375)" classname="spec_perl_TestProcessRepeatBytes_t" time="5.19752502441406e-05" />
  </testsuite>
  <testsuite name="spec_perl_TestParamsPassArrayStr_t" errors="0" failures="1" skipped="6" tests="7" time="0.0294668674468994">
    <system-out>1..7
not ok 1 - test_params_pass_array_str died (Can't use an undefined value as an ARRAY reference at spec/perl/TestParamsPassArrayStr.t line 14.)
ok 2 # skip test_params_pass_array_str died
ok 3 # skip test_params_pass_array_str died
ok 4 # skip test_params_pass_array_str died
ok 5 # skip test_params_pass_array_str died
ok 6 # skip test_params_pass_array_str died
ok 7 # skip test_params_pass_array_str died
</system-out>
    <testcase name="test_params_pass_array_str died (Can't use an undefined value as an ARRAY reference at spec/perl/TestParamsPassArrayStr.t line 14.) (375)" classname="spec_perl_TestParamsPassArrayStr_t" time="0.00100398063659668">
      <failure message="not ok 1 - test_params_pass_array_str died (Can't use an undefined value as an ARRAY reference at spec/perl/TestParamsPassArrayStr.t line 14.)" type="TAP::Parser::Result::Test"></failure>
    </testcase>
    <testcase name="Unnamed test case 375" classname="spec_perl_TestParamsPassArrayStr_t" time="0.000108957290649414">
      <skipped message="ok 2 # skip test_params_pass_array_str died" />
    </testcase>
    <testcase name="Unnamed test case 376" classname="spec_perl_TestParamsPassArrayStr_t" time="8.0108642578125e-05">
      <skipped message="ok 3 # skip test_params_pass_array_str died" />
    </testcase>
    <testcase name="Unnamed test case 377" classname="spec_perl_TestParamsPassArrayStr_t" time="6.103515625e-05">
      <skipped message="ok 4 # skip test_params_pass_array_str died" />
    </testcase>
    <testcase name="Unnamed test case 378" classname="spec_perl_TestParamsPassArrayStr_t" time="0.000169992446899414">
      <skipped message="ok 5 # skip test_params_pass_array_str died" />
    </testcase>
    <testcase name="Unnamed test case 379" classname="spec_perl_TestParamsPassArrayStr_t" time="5.19752502441406e-05">
      <skipped message="ok 6 # skip test_params_pass_array_str died" />
    </testcase>
    <testcase name="Unnamed test case 380" classname="spec_perl_TestParamsPassArrayStr_t" time="6.60419464111328e-05">
      <skipped message="ok 7 # skip test_params_pass_array_str died" />
    </testcase>
  </testsuite>
  <testsuite name="spec_perl_TestEnumNegative_t" errors="0" failures="0" skipped="0" tests="2" time="0.0260310173034668">
    <system-out>1..2
ok 1 - Equals
ok 2 - Equals
</system-out>
    <testcase name="Equals (380)" classname="spec_perl_TestEnumNegative_t" time="0.00102901458740234" />
    <testcase name="Equals (381)" classname="spec_perl_TestEnumNegative_t" time="6.19888305664062e-05" />
  </testsuite>
  <testsuite name="spec_perl_TestExprIoEof_t" errors="0" failures="0" skipped="0" tests="4" time="0.0264029502868652">
    <system-out>1..4
ok 1 - Equals
ok 2 - nil
ok 3 - Equals
ok 4 - Equals
</system-out>
    <testcase name="Equals (382)" classname="spec_perl_TestExprIoEof_t" time="0.00123810768127441" />
    <testcase name="nil (382)" classname="spec_perl_TestExprIoEof_t" time="6.38961791992188e-05" />
    <testcase name="Equals (383)" classname="spec_perl_TestExprIoEof_t" time="3.50475311279297e-05" />
    <testcase name="Equals (384)" classname="spec_perl_TestExprIoEof_t" time="4.00543212890625e-05" />
  </testsuite>
  <testsuite name="spec_perl_TestEnumIntRangeU_t" errors="0" failures="0" skipped="0" tests="2" time="0.0259261131286621">
    <system-out>1..2
ok 1 - Equals
ok 2 - Equals
</system-out>
    <testcase name="Equals (385)" classname="spec_perl_TestEnumIntRangeU_t" time="0.00103211402893066" />
    <testcase name="Equals (386)" classname="spec_perl_TestEnumIntRangeU_t" time="5.60283660888672e-05" />
  </testsuite>
  <testsuite name="spec_perl_TestDebugEnumName_t" errors="1" failures="0" skipped="0" tests="0" time="0.0238091945648193">
    <system-out></system-out>
    <testcase name="Test died too soon, even before plan. (386)" classname="spec_perl_TestDebugEnumName_t" time="0.0238091945648193">
      <failure message="The test suite died before a plan was produced. You need to have a plan." type="Plan">No plan</failure>
    </testcase>
  </testsuite>
  <testsuite name="spec_perl_TestCastToTop_t" errors="0" failures="0" skipped="0" tests="3" time="0.0268220901489258">
    <system-out>1..3
ok 1 - Equals
ok 2 - Equals
ok 3 - Equals
</system-out>
    <testcase name="Equals (387)" classname="spec_perl_TestCastToTop_t" time="0.00100803375244141" />
    <testcase name="Equals (388)" classname="spec_perl_TestCastToTop_t" time="5.10215759277344e-05" />
    <testcase name="Equals (389)" classname="spec_perl_TestCastToTop_t" time="7.20024108886719e-05" />
  </testsuite>
  <testsuite name="spec_perl_TestRepeatUntilCalcArrayType_t" errors="0" failures="0" skipped="0" tests="7" time="0.0264089107513428">
    <system-out>1..7
ok 1 - Equals
ok 2 - Equals
ok 3 - Equals
ok 4 - Equals
ok 5 - Equals
ok 6 - Equals
ok 7 - Equals
</system-out>
    <testcase name="Equals (390)" classname="spec_perl_TestRepeatUntilCalcArrayType_t" time="0.00128602981567383" />
    <testcase name="Equals (391)" classname="spec_perl_TestRepeatUntilCalcArrayType_t" time="4.88758087158203e-05" />
    <testcase name="Equals (392)" classname="spec_perl_TestRepeatUntilCalcArrayType_t" time="7.10487365722656e-05" />
    <testcase name="Equals (393)" classname="spec_perl_TestRepeatUntilCalcArrayType_t" time="6.29425048828125e-05" />
    <testcase name="Equals (394)" classname="spec_perl_TestRepeatUntilCalcArrayType_t" time="6.60419464111328e-05" />
    <testcase name="Equals (395)" classname="spec_perl_TestRepeatUntilCalcArrayType_t" time="6.41345977783203e-05" />
    <testcase name="Equals (396)" classname="spec_perl_TestRepeatUntilCalcArrayType_t" time="6.60419464111328e-05" />
  </testsuite>
  <testsuite name="spec_perl_TestDefaultBitEndianMod_t" errors="0" failures="0" skipped="0" tests="4" time="0.0265100002288818">
    <system-out>1..4
ok 1 - Equals
ok 2 - Equals
ok 3 - Equals
ok 4 - Equals
</system-out>
    <testcase name="Equals (397)" classname="spec_perl_TestDefaultBitEndianMod_t" time="0.00103116035461426" />
    <testcase name="Equals (398)" classname="spec_perl_TestDefaultBitEndianMod_t" time="6.4849853515625e-05" />
    <testcase name="Equals (399)" classname="spec_perl_TestDefaultBitEndianMod_t" time="3.50475311279297e-05" />
    <testcase name="Equals (400)" classname="spec_perl_TestDefaultBitEndianMod_t" time="3.91006469726562e-05" />
  </testsuite>
  <testsuite name="spec_perl_TestTermU1Val_t" errors="0" failures="0" skipped="0" tests="2" time="0.0301809310913086">
    <system-out>1..2
ok 1 - Equals
ok 2 - Equals
</system-out>
    <testcase name="Equals (401)" classname="spec_perl_TestTermU1Val_t" time="0.0010371208190918" />
    <testcase name="Equals (402)" classname="spec_perl_TestTermU1Val_t" time="5.38825988769531e-05" />
  </testsuite>
  <testsuite name="spec_perl_TestBcdUserTypeBe_t" errors="0" failures="0" skipped="0" tests="6" time="0.0281128883361816">
    <system-out>1..6
ok 1 - Equals
ok 2 - Equals
ok 3 - Equals
ok 4 - Equals
ok 5 - Equals
ok 6 - Equals
</system-out>
    <testcase name="Equals (403)" classname="spec_perl_TestBcdUserTypeBe_t" time="0.00137495994567871" />
    <testcase name="Equals (404)" classname="spec_perl_TestBcdUserTypeBe_t" time="5.31673431396484e-05" />
    <testcase name="Equals (405)" classname="spec_perl_TestBcdUserTypeBe_t" time="8.29696655273438e-05" />
    <testcase name="Equals (406)" classname="spec_perl_TestBcdUserTypeBe_t" time="0.000100851058959961" />
    <testcase name="Equals (407)" classname="spec_perl_TestBcdUserTypeBe_t" time="8.82148742675781e-05" />
    <testcase name="Equals (408)" classname="spec_perl_TestBcdUserTypeBe_t" time="8.08238983154297e-05" />
  </testsuite>
  <testsuite name="spec_perl_TestInstanceStd_t" errors="0" failures="0" skipped="0" tests="1" time="0.0297098159790039">
    <system-out>1..1
ok 1 - Equals
</system-out>
    <testcase name="Equals (409)" classname="spec_perl_TestInstanceStd_t" time="0.000971078872680664" />
  </testsuite>
  <testsuite name="spec_perl_TestPositionAbs_t" errors="0" failures="0" skipped="0" tests="2" time="0.029109001159668">
    <system-out>1..2
ok 1 - Equals
ok 2 - Equals
</system-out>
    <testcase name="Equals (410)" classname="spec_perl_TestPositionAbs_t" time="0.00101900100708008" />
    <testcase name="Equals (411)" classname="spec_perl_TestPositionAbs_t" time="0.00011897087097168" />
  </testsuite>
  <testsuite name="spec_perl_TestEosExceptionBytes_t" errors="0" failures="0" skipped="0" tests="1" time="0.0278418064117432">
    <system-out>1..1
ok 1 - threw /^Requested \d+ bytes, but only \d+ bytes available/
</system-out>
    <testcase name="threw /^Requested \d+ bytes, but only \d+ bytes available/ (411)" classname="spec_perl_TestEosExceptionBytes_t" time="0.00127291679382324" />
  </testsuite>
  <testsuite name="spec_perl_TestRepeatEosU4_t" errors="0" failures="0" skipped="0" tests="1" time="0.0252912044525146">
    <system-out>1..1
ok 1 - Equals
</system-out>
    <testcase name="Equals (412)" classname="spec_perl_TestRepeatEosU4_t" time="0.00104403495788574" />
  </testsuite>
  <testsuite name="spec_perl_TestSwitchRepeatExprInvalid_t" errors="0" failures="0" skipped="0" tests="3" time="0.0270340442657471">
    <system-out>1..3
ok 1 - Equals
ok 2 - Equals
ok 3 - Equals
</system-out>
    <testcase name="Equals (413)" classname="spec_perl_TestSwitchRepeatExprInvalid_t" time="0.0010988712310791" />
    <testcase name="Equals (414)" classname="spec_perl_TestSwitchRepeatExprInvalid_t" time="6.103515625e-05" />
    <testcase name="Equals (415)" classname="spec_perl_TestSwitchRepeatExprInvalid_t" time="4.1961669921875e-05" />
  </testsuite>
  <testsuite name="spec_perl_TestEnumLongRangeS_t" errors="0" failures="0" skipped="0" tests="7" time="0.0268049240112305">
    <system-out>1..7
ok 1 - Equals
ok 2 - Equals
ok 3 - Equals
ok 4 - Equals
ok 5 - Equals
ok 6 - Equals
ok 7 - Equals
</system-out>
    <testcase name="Equals (416)" classname="spec_perl_TestEnumLongRangeS_t" time="0.00104999542236328" />
    <testcase name="Equals (417)" classname="spec_perl_TestEnumLongRangeS_t" time="5.91278076171875e-05" />
    <testcase name="Equals (418)" classname="spec_perl_TestEnumLongRangeS_t" time="4.1961669921875e-05" />
    <testcase name="Equals (419)" classname="spec_perl_TestEnumLongRangeS_t" time="3.91006469726562e-05" />
    <testcase name="Equals (420)" classname="spec_perl_TestEnumLongRangeS_t" time="6.69956207275391e-05" />
    <testcase name="Equals (421)" classname="spec_perl_TestEnumLongRangeS_t" time="5.57899475097656e-05" />
    <testcase name="Equals (422)" classname="spec_perl_TestEnumLongRangeS_t" time="6.60419464111328e-05" />
  </testsuite>
  <testsuite name="spec_perl_TestExprSizeofValueSized_t" errors="0" failures="0" skipped="0" tests="5" time="0.0271639823913574">
    <system-out>1..5
ok 1 - Equals
ok 2 - Equals
ok 3 - Equals
ok 4 - Equals
ok 5 - Equals
</system-out>
    <testcase name="Equals (423)" classname="spec_perl_TestExprSizeofValueSized_t" time="0.00129103660583496" />
    <testcase name="Equals (424)" classname="spec_perl_TestExprSizeofValueSized_t" time="5.19752502441406e-05" />
    <testcase name="Equals (425)" classname="spec_perl_TestExprSizeofValueSized_t" time="4.1961669921875e-05" />
    <testcase name="Equals (426)" classname="spec_perl_TestExprSizeofValueSized_t" time="7.41481781005859e-05" />
    <testcase name="Equals (427)" classname="spec_perl_TestExprSizeofValueSized_t" time="6.29425048828125e-05" />
  </testsuite>
  <testsuite name="spec_perl_TestNavParentVsValueInst_t" errors="0" failures="0" skipped="0" tests="1" time="0.0290470123291016">
    <system-out>1..1
ok 1 - Equals
</system-out>
    <testcase name="Equals (428)" classname="spec_perl_TestNavParentVsValueInst_t" time="0.00102806091308594" />
  </testsuite>
  <testsuite name="spec_perl_TestEnumDeepLiterals_t" errors="0" failures="0" skipped="0" tests="2" time="0.0266609191894531">
    <system-out>1..2
ok 1 - Equals
ok 2 - Equals
</system-out>
    <testcase name="Equals (429)" classname="spec_perl_TestEnumDeepLiterals_t" time="0.00100183486938477" />
    <testcase name="Equals (430)" classname="spec_perl_TestEnumDeepLiterals_t" time="5.19752502441406e-05" />
  </testsuite>
  <testsuite name="spec_perl_TestBitsEnum_t" errors="0" failures="0" skipped="0" tests="3" time="0.0256381034851074">
    <system-out>1..3
ok 1 - Equals
ok 2 - Equals
ok 3 - Equals
</system-out>
    <testcase name="Equals (431)" classname="spec_perl_TestBitsEnum_t" time="0.0010068416595459" />
    <testcase name="Equals (432)" classname="spec_perl_TestBitsEnum_t" time="5.00679016113281e-05" />
    <testcase name="Equals (433)" classname="spec_perl_TestBitsEnum_t" time="7.20024108886719e-05" />
  </testsuite>
  <testsuite name="spec_perl_TestSwitchManualStr_t" errors="0" failures="0" skipped="0" tests="9" time="0.0302519798278809">
    <system-out>1..9
ok 1 - Equals
ok 2 - Equals
ok 3 - Equals
ok 4 - Equals
ok 5 - Equals
ok 6 - Equals
ok 7 - Equals
ok 8 - Equals
ok 9 - Equals
</system-out>
    <testcase name="Equals (434)" classname="spec_perl_TestSwitchManualStr_t" time="0.00109100341796875" />
    <testcase name="Equals (435)" classname="spec_perl_TestSwitchManualStr_t" time="5.31673431396484e-05" />
    <testcase name="Equals (436)" classname="spec_perl_TestSwitchManualStr_t" time="4.1961669921875e-05" />
    <testcase name="Equals (437)" classname="spec_perl_TestSwitchManualStr_t" time="6.98566436767578e-05" />
    <testcase name="Equals (438)" classname="spec_perl_TestSwitchManualStr_t" time="6.69956207275391e-05" />
    <testcase name="Equals (439)" classname="spec_perl_TestSwitchManualStr_t" time="6.81877136230469e-05" />
    <testcase name="Equals (440)" classname="spec_perl_TestSwitchManualStr_t" time="6.89029693603516e-05" />
    <testcase name="Equals (441)" classname="spec_perl_TestSwitchManualStr_t" time="4.10079956054688e-05" />
    <testcase name="Equals (442)" classname="spec_perl_TestSwitchManualStr_t" time="7.00950622558594e-05" />
  </testsuite>
  <testsuite name="spec_perl_TestInstanceIoUser_t" errors="0" failures="0" skipped="0" tests="4" time="0.0311319828033447">
    <system-out>1..4
ok 1 - Equals
ok 2 - Equals
ok 3 - Equals
ok 4 - Equals
</system-out>
    <testcase name="Equals (443)" classname="spec_perl_TestInstanceIoUser_t" time="0.00148105621337891" />
    <testcase name="Equals (444)" classname="spec_perl_TestInstanceIoUser_t" time="8.10623168945312e-05" />
[...]
    <testcase name="Equals (892)" classname="spec_perl_TestNestedTypes2_t" time="4.41074371337891e-05" />
    <testcase name="Equals (893)" classname="spec_perl_TestNestedTypes2_t" time="6.98566436767578e-05" />
    <testcase name="Equals (894)" classname="spec_perl_TestNestedTypes2_t" time="6.91413879394531e-05" />
    <testcase name="Equals (895)" classname="spec_perl_TestNestedTypes2_t" time="6.4849853515625e-05" />
    <testcase name="Equals (896)" classname="spec_perl_TestNestedTypes2_t" time="6.19888305664062e-05" />
  </testsuite>
  <testsuite name="spec_perl_TestEnumInvalid_t" errors="0" failures="0" skipped="0" tests="2" time="0.0261969566345215">
    <system-out>1..2
ok 1 - Equals
ok 2 - Equals
</system-out>
    <testcase name="Equals (897)" classname="spec_perl_TestEnumInvalid_t" time="0.00105905532836914" />
    <testcase name="Equals (898)" classname="spec_perl_TestEnumInvalid_t" time="7.48634338378906e-05" />
  </testsuite>
  <testsuite name="spec_perl_TestDefaultEndianExprException_t" errors="0" failures="0" skipped="0" tests="1" time="0.0278451442718506">
    <system-out>1..1
ok 1 - threw /^Unable to decide on endianness/
</system-out>
    <testcase name="threw /^Unable to decide on endianness/ (898)" classname="spec_perl_TestDefaultEndianExprException_t" time="0.00119614601135254" />
  </testsuite>
  <testsuite name="spec_perl_TestNavParentSwitchCast_t" errors="0" failures="0" skipped="0" tests="3" time="0.0262761116027832">
    <system-out>1..3
ok 1 - Equals
ok 2 - Equals
ok 3 - Equals
</system-out>
    <testcase name="Equals (899)" classname="spec_perl_TestNavParentSwitchCast_t" time="0.0012669563293457" />
    <testcase name="Equals (900)" classname="spec_perl_TestNavParentSwitchCast_t" time="5.00679016113281e-05" />
    <testcase name="Equals (901)" classname="spec_perl_TestNavParentSwitchCast_t" time="7.91549682617188e-05" />
  </testsuite>
  <testsuite name="spec_perl_TestEnumOfValueInst_t" errors="0" failures="0" skipped="0" tests="4" time="0.0262100696563721">
    <system-out>1..4
ok 1 - Equals
ok 2 - Equals
ok 3 - Equals
ok 4 - Equals
</system-out>
    <testcase name="Equals (902)" classname="spec_perl_TestEnumOfValueInst_t" time="0.000997066497802734" />
    <testcase name="Equals (903)" classname="spec_perl_TestEnumOfValueInst_t" time="5.79357147216797e-05" />
    <testcase name="Equals (904)" classname="spec_perl_TestEnumOfValueInst_t" time="7.20024108886719e-05" />
    <testcase name="Equals (905)" classname="spec_perl_TestEnumOfValueInst_t" time="4.69684600830078e-05" />
  </testsuite>
  <testsuite name="spec_perl_TestEnumToIInvalid_t" errors="0" failures="0" skipped="0" tests="8" time="0.0266659259796143">
    <system-out>1..8
ok 1 - Equals
ok 2 - Equals
ok 3 - Equals
ok 4 - Equals
ok 5 - Equals
ok 6 - Equals
ok 7 - Equals
ok 8 - Equals
</system-out>
    <testcase name="Equals (906)" classname="spec_perl_TestEnumToIInvalid_t" time="0.00102782249450684" />
    <testcase name="Equals (907)" classname="spec_perl_TestEnumToIInvalid_t" time="5.60283660888672e-05" />
    <testcase name="Equals (908)" classname="spec_perl_TestEnumToIInvalid_t" time="4.10079956054688e-05" />
    <testcase name="Equals (909)" classname="spec_perl_TestEnumToIInvalid_t" time="6.29425048828125e-05" />
    <testcase name="Equals (910)" classname="spec_perl_TestEnumToIInvalid_t" time="6.60419464111328e-05" />
    <testcase name="Equals (911)" classname="spec_perl_TestEnumToIInvalid_t" time="6.81877136230469e-05" />
    <testcase name="Equals (912)" classname="spec_perl_TestEnumToIInvalid_t" time="6.07967376708984e-05" />
    <testcase name="Equals (913)" classname="spec_perl_TestEnumToIInvalid_t" time="5.91278076171875e-05" />
  </testsuite>
  <testsuite name="spec_perl_TestEnumImport_t" errors="0" failures="2" skipped="0" tests="2" time="0.0272281169891357">
    <system-out>1..2
not ok 1 - Equals
not ok 2 - Equals
</system-out>
    <testcase name="Equals (914)" classname="spec_perl_TestEnumImport_t" time="0.00116801261901855">
      <failure message="not ok 1 - Equals" type="TAP::Parser::Result::Test"></failure>
    </testcase>
    <testcase name="Equals (915)" classname="spec_perl_TestEnumImport_t" time="0.000169038772583008">
      <failure message="not ok 2 - Equals" type="TAP::Parser::Result::Test"></failure>
    </testcase>
  </testsuite>
  <testsuite name="spec_perl_TestNavParent3_t" errors="0" failures="0" skipped="0" tests="10" time="0.030189037322998">
    <system-out>1..10
ok 1 - Equals
ok 2 - Equals
ok 3 - Equals
ok 4 - Equals
ok 5 - Equals
ok 6 - Equals
ok 7 - Equals
ok 8 - Equals
ok 9 - Equals
ok 10 - Equals
</system-out>
    <testcase name="Equals (916)" classname="spec_perl_TestNavParent3_t" time="0.00103497505187988" />
    <testcase name="Equals (917)" classname="spec_perl_TestNavParent3_t" time="6.29425048828125e-05" />
    <testcase name="Equals (918)" classname="spec_perl_TestNavParent3_t" time="0.000128984451293945" />
    <testcase name="Equals (919)" classname="spec_perl_TestNavParent3_t" time="5.41210174560547e-05" />
    <testcase name="Equals (920)" classname="spec_perl_TestNavParent3_t" time="7.20024108886719e-05" />
    <testcase name="Equals (921)" classname="spec_perl_TestNavParent3_t" time="9.20295715332031e-05" />
    <testcase name="Equals (922)" classname="spec_perl_TestNavParent3_t" time="5.48362731933594e-05" />
    <testcase name="Equals (923)" classname="spec_perl_TestNavParent3_t" time="6.91413879394531e-05" />
    <testcase name="Equals (924)" classname="spec_perl_TestNavParent3_t" time="4.38690185546875e-05" />
    <testcase name="Equals (925)" classname="spec_perl_TestNavParent3_t" time="9.41753387451172e-05" />
  </testsuite>
  <testsuite name="spec_perl_TestValidOptionalId_t" errors="1" failures="0" skipped="0" tests="0" time="0.0235869884490967">
    <system-out></system-out>
    <testcase name="Test died too soon, even before plan. (925)" classname="spec_perl_TestValidOptionalId_t" time="0.0235869884490967">
      <failure message="The test suite died before a plan was produced. You need to have a plan." type="Plan">No plan</failure>
    </testcase>
  </testsuite>
  <testsuite name="spec_perl_TestIndexToParamEos_t" errors="0" failures="2" skipped="0" tests="7" time="0.0458869934082031">
    <system-out>1..7
ok 1 - Equals
ok 2 - Equals
ok 3 - Equals
ok 4 - Equals
ok 5 - Equals
not ok 6 - Equals
not ok 7 - Equals
</system-out>
    <testcase name="Equals (926)" classname="spec_perl_TestIndexToParamEos_t" time="0.00209999084472656" />
    <testcase name="Equals (927)" classname="spec_perl_TestIndexToParamEos_t" time="0.000132083892822266" />
    <testcase name="Equals (928)" classname="spec_perl_TestIndexToParamEos_t" time="7.10487365722656e-05" />
    <testcase name="Equals (929)" classname="spec_perl_TestIndexToParamEos_t" time="8.392333984375e-05" />
    <testcase name="Equals (930)" classname="spec_perl_TestIndexToParamEos_t" time="5.60283660888672e-05" />
    <testcase name="Equals (931)" classname="spec_perl_TestIndexToParamEos_t" time="7.98702239990234e-05">
      <failure message="not ok 6 - Equals" type="TAP::Parser::Result::Test"></failure>
    </testcase>
    <testcase name="Equals (932)" classname="spec_perl_TestIndexToParamEos_t" time="0.000832080841064453">
      <failure message="not ok 7 - Equals" type="TAP::Parser::Result::Test"></failure>
    </testcase>
  </testsuite>
  <testsuite name="spec_perl_TestBitsUnalignedB32Be_t" errors="0" failures="0" skipped="0" tests="3" time="0.0254089832305908">
    <system-out>1..3
ok 1 - Equals
ok 2 - Equals
ok 3 - Equals
</system-out>
    <testcase name="Equals (933)" classname="spec_perl_TestBitsUnalignedB32Be_t" time="0.00100898742675781" />
    <testcase name="Equals (934)" classname="spec_perl_TestBitsUnalignedB32Be_t" time="5.69820404052734e-05" />
    <testcase name="Equals (935)" classname="spec_perl_TestBitsUnalignedB32Be_t" time="4.81605529785156e-05" />
  </testsuite>
  <testsuite name="spec_perl_TestDefaultEndianExprIsBe_t" errors="0" failures="0" skipped="0" tests="18" time="0.0290498733520508">
    <system-out>1..18
ok 1 - Equals
ok 2 - Equals
ok 3 - Equals
ok 4 - Equals
ok 5 - Equals
ok 6 - Equals
ok 7 - Equals
ok 8 - Equals
ok 9 - Equals
ok 10 - Equals
ok 11 - Equals
ok 12 - Equals
ok 13 - Equals
ok 14 - Equals
ok 15 - Equals
ok 16 - Equals
ok 17 - Equals
ok 18 - Equals
</system-out>
    <testcase name="Equals (936)" classname="spec_perl_TestDefaultEndianExprIsBe_t" time="0.001068115234375" />
    <testcase name="Equals (937)" classname="spec_perl_TestDefaultEndianExprIsBe_t" time="5.29289245605469e-05" />
    <testcase name="Equals (938)" classname="spec_perl_TestDefaultEndianExprIsBe_t" time="4.41074371337891e-05" />
    <testcase name="Equals (939)" classname="spec_perl_TestDefaultEndianExprIsBe_t" time="7.39097595214844e-05" />
    <testcase name="Equals (940)" classname="spec_perl_TestDefaultEndianExprIsBe_t" time="8.79764556884766e-05" />
    <testcase name="Equals (941)" classname="spec_perl_TestDefaultEndianExprIsBe_t" time="9.48905944824219e-05" />
    <testcase name="Equals (942)" classname="spec_perl_TestDefaultEndianExprIsBe_t" time="6.60419464111328e-05" />
    <testcase name="Equals (943)" classname="spec_perl_TestDefaultEndianExprIsBe_t" time="6.91413879394531e-05" />
    <testcase name="Equals (944)" classname="spec_perl_TestDefaultEndianExprIsBe_t" time="5.88893890380859e-05" />
    <testcase name="Equals (945)" classname="spec_perl_TestDefaultEndianExprIsBe_t" time="5.50746917724609e-05" />
    <testcase name="Equals (946)" classname="spec_perl_TestDefaultEndianExprIsBe_t" time="8.392333984375e-05" />
    <testcase name="Equals (947)" classname="spec_perl_TestDefaultEndianExprIsBe_t" time="8.51154327392578e-05" />
    <testcase name="Equals (948)" classname="spec_perl_TestDefaultEndianExprIsBe_t" time="6.69956207275391e-05" />
    <testcase name="Equals (949)" classname="spec_perl_TestDefaultEndianExprIsBe_t" time="4.1961669921875e-05" />
    <testcase name="Equals (950)" classname="spec_perl_TestDefaultEndianExprIsBe_t" time="7.10487365722656e-05" />
    <testcase name="Equals (951)" classname="spec_perl_TestDefaultEndianExprIsBe_t" time="5.60283660888672e-05" />
    <testcase name="Equals (952)" classname="spec_perl_TestDefaultEndianExprIsBe_t" time="7.89165496826172e-05" />
    <testcase name="Equals (953)" classname="spec_perl_TestDefaultEndianExprIsBe_t" time="7.70092010498047e-05" />
  </testsuite>
  <testsuite name="spec_perl_TestTypeIntUnaryOp_t" errors="0" failures="0" skipped="0" tests="4" time="0.0264060497283936">
    <system-out>1..4
ok 1 - Equals
ok 2 - Equals
ok 3 - Equals
ok 4 - Equals
</system-out>
    <testcase name="Equals (954)" classname="spec_perl_TestTypeIntUnaryOp_t" time="0.00102114677429199" />
    <testcase name="Equals (955)" classname="spec_perl_TestTypeIntUnaryOp_t" time="5.10215759277344e-05" />
    <testcase name="Equals (956)" classname="spec_perl_TestTypeIntUnaryOp_t" time="6.38961791992188e-05" />
    <testcase name="Equals (957)" classname="spec_perl_TestTypeIntUnaryOp_t" time="6.79492950439453e-05" />
  </testsuite>
  <testsuite name="spec_perl_TestPositionInSeq_t" errors="0" failures="0" skipped="0" tests="1" time="0.0256209373474121">
    <system-out>1..1
ok 1 - Equals
</system-out>
    <testcase name="Equals (958)" classname="spec_perl_TestPositionInSeq_t" time="0.00100994110107422" />
  </testsuite>
  <testsuite name="spec_perl_TestValidSwitch_t" errors="0" failures="0" skipped="1" tests="1" time="0.0259978771209717">
    <system-out>1..1
ok 1 # skip ValidSwitch=HASH(0x55ab04796628)
</system-out>
    <testcase name="Unnamed test case 958" classname="spec_perl_TestValidSwitch_t" time="0.00123500823974609">
      <skipped message="ok 1 # skip ValidSwitch=HASH(0x55ab04796628)" />
    </testcase>
  </testsuite>
  <testsuite name="spec_perl_TestDefaultEndianMod_t" errors="0" failures="0" skipped="0" tests="3" time="0.0268900394439697">
    <system-out>1..3
ok 1 - Equals
ok 2 - Equals
ok 3 - Equals
</system-out>
    <testcase name="Equals (959)" classname="spec_perl_TestDefaultEndianMod_t" time="0.00104308128356934" />
    <testcase name="Equals (960)" classname="spec_perl_TestDefaultEndianMod_t" time="5.50746917724609e-05" />
    <testcase name="Equals (961)" classname="spec_perl_TestDefaultEndianMod_t" time="4.38690185546875e-05" />
  </testsuite>
  <testsuite name="spec_perl_TestValidLong_t" errors="0" failures="0" skipped="1" tests="1" time="0.0298008918762207">
    <system-out>1..1
ok 1 # skip ValidLong=HASH(0x564d5f3f4998)
</system-out>
    <testcase name="Unnamed test case 961" classname="spec_perl_TestValidLong_t" time="0.00130987167358398">
      <skipped message="ok 1 # skip ValidLong=HASH(0x564d5f3f4998)" />
    </testcase>
  </testsuite>
  <testsuite name="spec_perl_TestProcessCoerceUsertype1_t" errors="0" failures="0" skipped="0" tests="4" time="0.0265569686889648">
    <system-out>1..4
ok 1 - Equals
ok 2 - Equals
ok 3 - Equals
ok 4 - Equals
</system-out>
    <testcase name="Equals (962)" classname="spec_perl_TestProcessCoerceUsertype1_t" time="0.00133395195007324" />
    <testcase name="Equals (963)" classname="spec_perl_TestProcessCoerceUsertype1_t" time="5.41210174560547e-05" />
    <testcase name="Equals (964)" classname="spec_perl_TestProcessCoerceUsertype1_t" time="4.29153442382812e-05" />
    <testcase name="Equals (965)" classname="spec_perl_TestProcessCoerceUsertype1_t" time="7.70092010498047e-05" />
  </testsuite>
  <testsuite name="spec_perl_TestExprCalcArrayOps_t" errors="0" failures="0" skipped="0" tests="18" time="0.0273818969726562">
    <system-out>1..18
ok 1 - Equals
ok 2 - Equals
ok 3 - Equals
ok 4 - Equals
ok 5 - Equals
ok 6 - Equals
ok 7 - Equals
ok 8 - Approx equals
ok 9 - Approx equals
ok 10 - Approx equals
ok 11 - Approx equals
ok 12 - Approx equals
ok 13 - Equals
ok 14 - Equals
ok 15 - Equals
ok 16 - Equals
ok 17 - Equals
ok 18 - Equals
</system-out>
    <testcase name="Equals (966)" classname="spec_perl_TestExprCalcArrayOps_t" time="0.00111293792724609" />
    <testcase name="Equals (967)" classname="spec_perl_TestExprCalcArrayOps_t" time="7.31945037841797e-05" />
    <testcase name="Equals (968)" classname="spec_perl_TestExprCalcArrayOps_t" time="4.38690185546875e-05" />
    <testcase name="Equals (969)" classname="spec_perl_TestExprCalcArrayOps_t" time="4.00543212890625e-05" />
    <testcase name="Equals (970)" classname="spec_perl_TestExprCalcArrayOps_t" time="3.88622283935547e-05" />
    <testcase name="Equals (971)" classname="spec_perl_TestExprCalcArrayOps_t" time="7.91549682617188e-05" />
    <testcase name="Equals (972)" classname="spec_perl_TestExprCalcArrayOps_t" time="6.89029693603516e-05" />
    <testcase name="Approx equals (972)" classname="spec_perl_TestExprCalcArrayOps_t" time="5.19752502441406e-05" />
    <testcase name="Approx equals (973)" classname="spec_perl_TestExprCalcArrayOps_t" time="4.1961669921875e-05" />
    <testcase name="Approx equals (974)" classname="spec_perl_TestExprCalcArrayOps_t" time="3.91006469726562e-05" />
    <testcase name="Approx equals (975)" classname="spec_perl_TestExprCalcArrayOps_t" time="3.79085540771484e-05" />
    <testcase name="Approx equals (976)" classname="spec_perl_TestExprCalcArrayOps_t" time="3.60012054443359e-05" />
    <testcase name="Equals (976)" classname="spec_perl_TestExprCalcArrayOps_t" time="7.00950622558594e-05" />
    <testcase name="Equals (977)" classname="spec_perl_TestExprCalcArrayOps_t" time="7.10487365722656e-05" />
    <testcase name="Equals (978)" classname="spec_perl_TestExprCalcArrayOps_t" time="6.60419464111328e-05" />
    <testcase name="Equals (979)" classname="spec_perl_TestExprCalcArrayOps_t" time="6.58035278320312e-05" />
    <testcase name="Equals (980)" classname="spec_perl_TestExprCalcArrayOps_t" time="6.81877136230469e-05" />
    <testcase name="Equals (981)" classname="spec_perl_TestExprCalcArrayOps_t" time="6.89029693603516e-05" />
  </testsuite>
  <testsuite name="spec_perl_TestImportsCircularA_t" errors="0" failures="0" skipped="0" tests="5" time="0.0278339385986328">
    <system-out>1..5
ok 1 - Equals
ok 2 - Equals
ok 3 - Equals
ok 4 - Equals
ok 5 - nil
</system-out>
    <testcase name="Equals (982)" classname="spec_perl_TestImportsCircularA_t" time="0.00117087364196777" />
    <testcase name="Equals (983)" classname="spec_perl_TestImportsCircularA_t" time="0.0001220703125" />
    <testcase name="Equals (984)" classname="spec_perl_TestImportsCircularA_t" time="8.70227813720703e-05" />
    <testcase name="Equals (985)" classname="spec_perl_TestImportsCircularA_t" time="7.29560852050781e-05" />
    <testcase name="nil (985)" classname="spec_perl_TestImportsCircularA_t" time="5.19752502441406e-05" />
  </testsuite>
  <testsuite name="spec_perl_TestBitsUnalignedB64Be_t" errors="0" failures="0" skipped="0" tests="3" time="0.0256929397583008">
    <system-out>1..3
ok 1 - Equals
ok 2 - Equals
ok 3 - Equals
</system-out>
    <testcase name="Equals (986)" classname="spec_perl_TestBitsUnalignedB64Be_t" time="0.0010530948638916" />
    <testcase name="Equals (987)" classname="spec_perl_TestBitsUnalignedB64Be_t" time="5.48362731933594e-05" />
    <testcase name="Equals (988)" classname="spec_perl_TestBitsUnalignedB64Be_t" time="5.69820404052734e-05" />
  </testsuite>
  <testsuite name="spec_perl_TestEnum1_t" errors="0" failures="0" skipped="0" tests="2" time="0.0268399715423584">
    <system-out>1..2
ok 1 - Equals
ok 2 - Equals
</system-out>
    <testcase name="Equals (989)" classname="spec_perl_TestEnum1_t" time="0.00104212760925293" />
    <testcase name="Equals (990)" classname="spec_perl_TestEnum1_t" time="5.29289245605469e-05" />
  </testsuite>
  <testsuite name="spec_perl_TestParamsPassArrayInt_t" errors="0" failures="1" skipped="6" tests="7" time="0.0264270305633545">
    <system-out>1..7
not ok 1 - test_params_pass_array_int died (Can't use an undefined value as an ARRAY reference at spec/perl/TestParamsPassArrayInt.t line 14.)
ok 2 # skip test_params_pass_array_int died
ok 3 # skip test_params_pass_array_int died
ok 4 # skip test_params_pass_array_int died
ok 5 # skip test_params_pass_array_int died
ok 6 # skip test_params_pass_array_int died
ok 7 # skip test_params_pass_array_int died
</system-out>
    <testcase name="test_params_pass_array_int died (Can't use an undefined value as an ARRAY reference at spec/perl/TestParamsPassArrayInt.t line 14.) (990)" classname="spec_perl_TestParamsPassArrayInt_t" time="0.00101685523986816">
      <failure message="not ok 1 - test_params_pass_array_int died (Can't use an undefined value as an ARRAY reference at spec/perl/TestParamsPassArrayInt.t line 14.)" type="TAP::Parser::Result::Test"></failure>
    </testcase>
    <testcase name="Unnamed test case 990" classname="spec_perl_TestParamsPassArrayInt_t" time="0.000128030776977539">
      <skipped message="ok 2 # skip test_params_pass_array_int died" />
    </testcase>
    <testcase name="Unnamed test case 991" classname="spec_perl_TestParamsPassArrayInt_t" time="9.10758972167969e-05">
      <skipped message="ok 3 # skip test_params_pass_array_int died" />
    </testcase>
    <testcase name="Unnamed test case 992" classname="spec_perl_TestParamsPassArrayInt_t" time="0.0001678466796875">
      <skipped message="ok 4 # skip test_params_pass_array_int died" />
    </testcase>
    <testcase name="Unnamed test case 993" classname="spec_perl_TestParamsPassArrayInt_t" time="5.31673431396484e-05">
      <skipped message="ok 5 # skip test_params_pass_array_int died" />
    </testcase>
    <testcase name="Unnamed test case 994" classname="spec_perl_TestParamsPassArrayInt_t" time="4.10079956054688e-05">
      <skipped message="ok 6 # skip test_params_pass_array_int died" />
    </testcase>
    <testcase name="Unnamed test case 995" classname="spec_perl_TestParamsPassArrayInt_t" time="5.69820404052734e-05">
      <skipped message="ok 7 # skip test_params_pass_array_int died" />
    </testcase>
  </testsuite>
</testsuites>
