<?xml version='1.0' encoding='utf-8'?>
<testsuites>
  <testsuite name="spec_perl_TestDebug0_t" errors="0" failures="0" skipped="1" tests="1" time="0.0541610717773438">
    <system-out>1..1
ok 1 # skip test_debug_0
</system-out>
    <testcase name="Unnamed test case 1" classname="spec_perl_TestDebug0_t" time="0.000318050384521484">
      <skipped message="ok 1 # skip test_debug_0" />
    </testcase>
  </testsuite>
  <testsuite name="spec_perl_TestEofExceptionBytes_t" errors="0" failures="0" skipped="0" tests="1" time="0.0575430393218994">
    <system-out>1..1
ok 1 - threw /^Requested \d+ bytes, but only \d+ bytes available/
</system-out>
    <testcase name="threw /^Requested \d+ bytes, but only \d+ bytes available/" classname="spec_perl_TestEofExceptionBytes_t" time="0.000187873840332031" />
  </testsuite>
  <testsuite name="spec_perl_TestNavParent2_t" errors="0" failures="0" skipped="0" tests="10" time="0.0598881244659424">
    <system-out>1..10
ok 1 - Equals
ok 2 - Equals
ok 3 - Equals
ok 4 - Equals
ok 5 - Equals
ok 6 - Equals
ok 7 - Equals
ok 8 - Equals
ok 9 - Equals
ok 10 - Equals
</system-out>
    <testcase name="Equals" classname="spec_perl_TestNavParent2_t" time="0.000385046005249023" />
    <testcase name="Equals (2)" classname="spec_perl_TestNavParent2_t" time="0.000102996826171875" />
    <testcase name="Equals (3)" classname="spec_perl_TestNavParent2_t" time="0.000163078308105469" />
    <testcase name="Equals (4)" classname="spec_perl_TestNavParent2_t" time="0.000146865844726562" />
    <testcase name="Equals (5)" classname="spec_perl_TestNavParent2_t" time="0.000167131423950195" />
    <testcase name="Equals (6)" classname="spec_perl_TestNavParent2_t" time="0.000232934951782227" />
    <testcase name="Equals (7)" classname="spec_perl_TestNavParent2_t" time="0.000142097473144531" />
    <testcase name="Equals (8)" classname="spec_perl_TestNavParent2_t" time="0.000174999237060547" />
    <testcase name="Equals (9)" classname="spec_perl_TestNavParent2_t" time="0.000139951705932617" />
    <testcase name="Equals (10)" classname="spec_perl_TestNavParent2_t" time="0.000212907791137695" />
  </testsuite>
  <testsuite name="spec_perl_TestNavParent_t" errors="0" failures="0" skipped="0" tests="5" time="0.0587418079376221">
    <system-out>1..5
ok 1 - Equals
ok 2 - Equals
ok 3 - Equals
ok 4 - Equals
ok 5 - Equals
</system-out>
    <testcase name="Equals (11)" classname="spec_perl_TestNavParent_t" time="0.000401020050048828" />
    <testcase name="Equals (12)" classname="spec_perl_TestNavParent_t" time="9.79900360107422e-05" />
    <testcase name="Equals (13)" classname="spec_perl_TestNavParent_t" time="0.000144004821777344" />
    <testcase name="Equals (14)" classname="spec_perl_TestNavParent_t" time="0.00015711784362793" />
    <testcase name="Equals (15)" classname="spec_perl_TestNavParent_t" time="0.000175952911376953" />
  </testsuite>
  <testsuite name="spec_perl_TestValidOptionalId_t" errors="1" failures="0" skipped="0" tests="0" time="0.0549588203430176">
    <system-out></system-out>
    <testcase name="Test died too soon, even before plan. (15)" classname="spec_perl_TestValidOptionalId_t" time="0.0549588203430176">
      <failure message="The test suite died before a plan was produced. You need to have a plan." type="Plan">No plan</failure>
    </testcase>
  </testsuite>
  <testsuite name="spec_perl_TestEnumIf_t" errors="0" failures="0" skipped="0" tests="7" time="0.0620229244232178">
    <system-out>1..7
ok 1 - Equals
ok 2 - Equals
ok 3 - Equals
ok 4 - Equals
ok 5 - Equals
ok 6 - Equals
ok 7 - Equals
</system-out>
    <testcase name="Equals (16)" classname="spec_perl_TestEnumIf_t" time="0.000457048416137695" />
    <testcase name="Equals (17)" classname="spec_perl_TestEnumIf_t" time="0.000102043151855469" />
    <testcase name="Equals (18)" classname="spec_perl_TestEnumIf_t" time="0.000119924545288086" />
    <testcase name="Equals (19)" classname="spec_perl_TestEnumIf_t" time="0.000155925750732422" />
    <testcase name="Equals (20)" classname="spec_perl_TestEnumIf_t" time="0.000150203704833984" />
    <testcase name="Equals (21)" classname="spec_perl_TestEnumIf_t" time="0.000160932540893555" />
    <testcase name="Equals (22)" classname="spec_perl_TestEnumIf_t" time="0.000191926956176758" />
  </testsuite>
  <testsuite name="spec_perl_TestProcessXorValue_t" errors="0" failures="0" skipped="0" tests="2" time="0.0559358596801758">
    <system-out>1..2
ok 1 - Equals
ok 2 - Equals
</system-out>
    <testcase name="Equals (23)" classname="spec_perl_TestProcessXorValue_t" time="0.000303983688354492" />
    <testcase name="Equals (24)" classname="spec_perl_TestProcessXorValue_t" time="9.29832458496094e-05" />
  </testsuite>
  <testsuite name="spec_perl_TestFloatToI_t" errors="0" failures="0" skipped="0" tests="8" time="0.0548498630523682">
    <system-out>1..8
ok 1 - Approx equals
ok 2 - Approx equals
ok 3 - Equals
ok 4 - Equals
ok 5 - Equals
ok 6 - Equals
ok 7 - Equals
ok 8 - Equals
</system-out>
    <testcase name="Approx equals (24)" classname="spec_perl_TestFloatToI_t" time="0.000177145004272461" />
    <testcase name="Approx equals (25)" classname="spec_perl_TestFloatToI_t" time="6.4849853515625e-05" />
    <testcase name="Equals (25)" classname="spec_perl_TestFloatToI_t" time="6.41345977783203e-05" />
    <testcase name="Equals (26)" classname="spec_perl_TestFloatToI_t" time="0.000207901000976562" />
    <testcase name="Equals (27)" classname="spec_perl_TestFloatToI_t" time="0.000100135803222656" />
    <testcase name="Equals (28)" classname="spec_perl_TestFloatToI_t" time="0.000164985656738281" />
    <testcase name="Equals (29)" classname="spec_perl_TestFloatToI_t" time="0.000145912170410156" />
    <testcase name="Equals (30)" classname="spec_perl_TestFloatToI_t" time="0.000169038772583008" />
  </testsuite>
  <testsuite name="spec_perl_TestNestedTypeParam_t" errors="0" failures="2" skipped="0" tests="2" time="0.0685288906097412">
    <system-out>1..2
not ok 1 - Equals
not ok 2 - Equals
</system-out>
    <testcase name="Equals (31)" classname="spec_perl_TestNestedTypeParam_t" time="0.000313043594360352">
      <failure message="not ok 1 - Equals" type="TAP::Parser::Result::Test"></failure>
    </testcase>
    <testcase name="Equals (32)" classname="spec_perl_TestNestedTypeParam_t" time="0.0082850456237793">
      <failure message="not ok 2 - Equals" type="TAP::Parser::Result::Test"></failure>
    </testcase>
  </testsuite>
  <testsuite name="spec_perl_TestRepeatEosU4_t" errors="0" failures="0" skipped="0" tests="1" time="0.0565400123596191">
    <system-out>1..1
ok 1 - Equals
</system-out>
    <testcase name="Equals (33)" classname="spec_perl_TestRepeatEosU4_t" time="0.000283002853393555" />
  </testsuite>
  <testsuite name="spec_perl_TestBitsEnum_t" errors="0" failures="0" skipped="0" tests="3" time="0.0548698902130127">
    <system-out>1..3
ok 1 - Equals
ok 2 - Equals
ok 3 - Equals
</system-out>
    <testcase name="Equals (34)" classname="spec_perl_TestBitsEnum_t" time="0.000324010848999023" />
    <testcase name="Equals (35)" classname="spec_perl_TestBitsEnum_t" time="8.58306884765625e-05" />
    <testcase name="Equals (36)" classname="spec_perl_TestBitsEnum_t" time="0.000193119049072266" />
  </testsuite>
  <testsuite name="spec_perl_TestIndexToParamUntil_t" errors="0" failures="2" skipped="0" tests="7" time="0.0717439651489258">
    <system-out>1..7
ok 1 - Equals
ok 2 - Equals
ok 3 - Equals
ok 4 - Equals
ok 5 - Equals
not ok 6 - Equals
not ok 7 - Equals
</system-out>
    <testcase name="Equals (37)" classname="spec_perl_TestIndexToParamUntil_t" time="0.00068211555480957" />
    <testcase name="Equals (38)" classname="spec_perl_TestIndexToParamUntil_t" time="0.000447988510131836" />
    <testcase name="Equals (39)" classname="spec_perl_TestIndexToParamUntil_t" time="0.000380039215087891" />
    <testcase name="Equals (40)" classname="spec_perl_TestIndexToParamUntil_t" time="0.0003509521484375" />
    <testcase name="Equals (41)" classname="spec_perl_TestIndexToParamUntil_t" time="0.000370979309082031" />
    <testcase name="Equals (42)" classname="spec_perl_TestIndexToParamUntil_t" time="0.000452995300292969">
      <failure message="not ok 6 - Equals" type="TAP::Parser::Result::Test"></failure>
    </testcase>
    <testcase name="Equals (43)" classname="spec_perl_TestIndexToParamUntil_t" time="0.00117397308349609">
      <failure message="not ok 7 - Equals" type="TAP::Parser::Result::Test"></failure>
    </testcase>
  </testsuite>
  <testsuite name="spec_perl_TestTermBytes_t" errors="0" failures="0" skipped="0" tests="3" time="0.0534110069274902">
    <system-out>1..3
ok 1 - Equals
ok 2 - Equals
ok 3 - Equals
</system-out>
    <testcase name="Equals (44)" classname="spec_perl_TestTermBytes_t" time="0.000285148620605469" />
    <testcase name="Equals (45)" classname="spec_perl_TestTermBytes_t" time="9.08374786376953e-05" />
    <testcase name="Equals (46)" classname="spec_perl_TestTermBytes_t" time="0.000146150588989258" />
  </testsuite>
  <testsuite name="spec_perl_TestCastToImported_t" errors="0" failures="0" skipped="0" tests="2" time="0.0546319484710693">
    <system-out>1..2
ok 1 - Equals
ok 2 - Equals
</system-out>
    <testcase name="Equals (47)" classname="spec_perl_TestCastToImported_t" time="0.00028681755065918" />
    <testcase name="Equals (48)" classname="spec_perl_TestCastToImported_t" time="0.000130176544189453" />
  </testsuite>
  <testsuite name="spec_perl_TestIfValues_t" errors="0" failures="0" skipped="0" tests="6" time="0.0545120239257812">
    <system-out>1..6
ok 1 - Equals
ok 2 - Equals
ok 3 - Equals
ok 4 - nil
ok 5 - Equals
ok 6 - nil
</system-out>
    <testcase name="Equals (49)" classname="spec_perl_TestIfValues_t" time="0.000287055969238281" />
    <testcase name="Equals (50)" classname="spec_perl_TestIfValues_t" time="8.89301300048828e-05" />
    <testcase name="Equals (51)" classname="spec_perl_TestIfValues_t" time="0.000168085098266602" />
    <testcase name="nil (51)" classname="spec_perl_TestIfValues_t" time="7.20024108886719e-05" />
    <testcase name="Equals (52)" classname="spec_perl_TestIfValues_t" time="0.000147819519042969" />
    <testcase name="nil (52)" classname="spec_perl_TestIfValues_t" time="6.79492950439453e-05" />
  </testsuite>
  <testsuite name="spec_perl_TestSwitchRepeatExpr_t" errors="0" failures="0" skipped="0" tests="3" time="0.0546329021453857">
    <system-out>1..3
ok 1 - Equals
ok 2 - Equals
ok 3 - Equals
</system-out>
    <testcase name="Equals (53)" classname="spec_perl_TestSwitchRepeatExpr_t" time="0.000579118728637695" />
    <testcase name="Equals (54)" classname="spec_perl_TestSwitchRepeatExpr_t" time="0.000103950500488281" />
    <testcase name="Equals (55)" classname="spec_perl_TestSwitchRepeatExpr_t" time="6.38961791992188e-05" />
  </testsuite>
  <testsuite name="spec_perl_TestHelloWorld_t" errors="0" failures="0" skipped="0" tests="1" time="0.0535399913787842">
    <system-out>1..1
ok 1 - Equals
</system-out>
    <testcase name="Equals (56)" classname="spec_perl_TestHelloWorld_t" time="0.000260114669799805" />
  </testsuite>
  <testsuite name="spec_perl_TestNestedTypes_t" errors="0" failures="0" skipped="0" tests="3" time="0.0567758083343506">
    <system-out>1..3
ok 1 - Equals
ok 2 - Equals
ok 3 - Equals
</system-out>
    <testcase name="Equals (57)" classname="spec_perl_TestNestedTypes_t" time="0.000324010848999023" />
    <testcase name="Equals (58)" classname="spec_perl_TestNestedTypes_t" time="0.000108003616333008" />
    <testcase name="Equals (59)" classname="spec_perl_TestNestedTypes_t" time="0.000140190124511719" />
  </testsuite>
  <testsuite name="spec_perl_TestExprSizeofValueSized_t" errors="0" failures="0" skipped="0" tests="5" time="0.0558681488037109">
    <system-out>1..5
ok 1 - Equals
ok 2 - Equals
ok 3 - Equals
ok 4 - Equals
ok 5 - Equals
</system-out>
    <testcase name="Equals (60)" classname="spec_perl_TestExprSizeofValueSized_t" time="0.000638008117675781" />
    <testcase name="Equals (61)" classname="spec_perl_TestExprSizeofValueSized_t" time="0.000111818313598633" />
    <testcase name="Equals (62)" classname="spec_perl_TestExprSizeofValueSized_t" time="6.50882720947266e-05" />
    <testcase name="Equals (63)" classname="spec_perl_TestExprSizeofValueSized_t" time="0.00018310546875" />
    <testcase name="Equals (64)" classname="spec_perl_TestExprSizeofValueSized_t" time="0.0001068115234375" />
  </testsuite>
  <testsuite name="spec_perl_TestEnumInvalid_t" errors="0" failures="0" skipped="0" tests="2" time="0.053969144821167">
    <system-out>1..2
ok 1 - Equals
ok 2 - Equals
</system-out>
    <testcase name="Equals (65)" classname="spec_perl_TestEnumInvalid_t" time="0.000294923782348633" />
    <testcase name="Equals (66)" classname="spec_perl_TestEnumInvalid_t" time="8.98838043212891e-05" />
  </testsuite>
  <testsuite name="spec_perl_TestBcdUserTypeBe_t" errors="0" failures="0" skipped="0" tests="6" time="0.0570559501647949">
    <system-out>1..6
ok 1 - Equals
ok 2 - Equals
ok 3 - Equals
ok 4 - Equals
ok 5 - Equals
ok 6 - Equals
</system-out>
    <testcase name="Equals (67)" classname="spec_perl_TestBcdUserTypeBe_t" time="0.000655889511108398" />
    <testcase name="Equals (68)" classname="spec_perl_TestBcdUserTypeBe_t" time="0.000107049942016602" />
    <testcase name="Equals (69)" classname="spec_perl_TestBcdUserTypeBe_t" time="0.000140905380249023" />
    <testcase name="Equals (70)" classname="spec_perl_TestBcdUserTypeBe_t" time="0.000169038772583008" />
    <testcase name="Equals (71)" classname="spec_perl_TestBcdUserTypeBe_t" time="0.00018000602722168" />
    <testcase name="Equals (72)" classname="spec_perl_TestBcdUserTypeBe_t" time="0.000173091888427734" />
  </testsuite>
  <testsuite name="spec_perl_TestTypeIntUnaryOp_t" errors="0" failures="0" skipped="0" tests="4" time="0.0540268421173096">
    <system-out>1..4
ok 1 - Equals
ok 2 - Equals
ok 3 - Equals
ok 4 - Equals
</system-out>
    <testcase name="Equals (73)" classname="spec_perl_TestTypeIntUnaryOp_t" time="0.000282049179077148" />
    <testcase name="Equals (74)" classname="spec_perl_TestTypeIntUnaryOp_t" time="8.58306884765625e-05" />
    <testcase name="Equals (75)" classname="spec_perl_TestTypeIntUnaryOp_t" time="0.000173091888427734" />
    <testcase name="Equals (76)" classname="spec_perl_TestTypeIntUnaryOp_t" time="0.000134944915771484" />
  </testsuite>
  <testsuite name="spec_perl_TestProcessCoerceUsertype1_t" errors="0" failures="0" skipped="0" tests="4" time="0.0546700954437256">
    <system-out>1..4
ok 1 - Equals
ok 2 - Equals
ok 3 - Equals
ok 4 - Equals
</system-out>
    <testcase name="Equals (77)" classname="spec_perl_TestProcessCoerceUsertype1_t" time="0.000638961791992188" />
    <testcase name="Equals (78)" classname="spec_perl_TestProcessCoerceUsertype1_t" time="0.000105857849121094" />
    <testcase name="Equals (79)" classname="spec_perl_TestProcessCoerceUsertype1_t" time="8.82148742675781e-05" />
    <testcase name="Equals (80)" classname="spec_perl_TestProcessCoerceUsertype1_t" time="0.000186920166015625" />
  </testsuite>
  <testsuite name="spec_perl_TestParamsPassArrayUsertype_t" errors="0" failures="1" skipped="4" tests="5" time="0.0618288516998291">
    <system-out>1..5
not ok 1 - test_params_pass_array_usertype died (Can't use an undefined value as an ARRAY reference at compiled/perl/ParamsPassArrayUsertype.pm line 123.)
ok 2 # skip test_params_pass_array_usertype died
ok 3 # skip test_params_pass_array_usertype died
ok 4 # skip test_params_pass_array_usertype died
ok 5 # skip test_params_pass_array_usertype died
</system-out>
    <testcase name="test_params_pass_array_usertype died (Can't use an undefined value as an ARRAY reference at compiled/perl/ParamsPassArrayUsertype.pm line 123.) (80)" classname="spec_perl_TestParamsPassArrayUsertype_t" time="0.000333070755004883">
      <failure message="not ok 1 - test_params_pass_array_usertype died (Can't use an undefined value as an ARRAY reference at compiled/perl/ParamsPassArrayUsertype.pm line 123.)" type="TAP::Parser::Result::Test"></failure>
    </testcase>
    <testcase name="Unnamed test case 80" classname="spec_perl_TestParamsPassArrayUsertype_t" time="0.000622034072875977">
      <skipped message="ok 2 # skip test_params_pass_array_usertype died" />
    </testcase>
    <testcase name="Unnamed test case 81" classname="spec_perl_TestParamsPassArrayUsertype_t" time="0.000581026077270508">
      <skipped message="ok 3 # skip test_params_pass_array_usertype died" />
    </testcase>
    <testcase name="Unnamed test case 82" classname="spec_perl_TestParamsPassArrayUsertype_t" time="0.000430822372436523">
      <skipped message="ok 4 # skip test_params_pass_array_usertype died" />
    </testcase>
    <testcase name="Unnamed test case 83" classname="spec_perl_TestParamsPassArrayUsertype_t" time="0.000427007675170898">
      <skipped message="ok 5 # skip test_params_pass_array_usertype died" />
    </testcase>
  </testsuite>
  <testsuite name="spec_perl_TestExprBits_t" errors="0" failures="0" skipped="0" tests="10" time="0.0555660724639893">
    <system-out>1..10
ok 1 - Equals
ok 2 - Equals
ok 3 - Equals
ok 4 - Equals
ok 5 - Equals
ok 6 - Equals
ok 7 - Equals
ok 8 - Equals
ok 9 - Equals
ok 10 - Equals
</system-out>
    <testcase name="Equals (83)" classname="spec_perl_TestExprBits_t" time="0.000294923782348633" />
    <testcase name="Equals (84)" classname="spec_perl_TestExprBits_t" time="9.29832458496094e-05" />
    <testcase name="Equals (85)" classname="spec_perl_TestExprBits_t" time="0.000189065933227539" />
    <testcase name="Equals (86)" classname="spec_perl_TestExprBits_t" time="0.000145912170410156" />
    <testcase name="Equals (87)" classname="spec_perl_TestExprBits_t" time="0.000179052352905273" />
    <testcase name="Equals (88)" classname="spec_perl_TestExprBits_t" time="0.000139951705932617" />
    <testcase name="Equals (89)" classname="spec_perl_TestExprBits_t" time="0.00017094612121582" />
    <testcase name="Equals (90)" classname="spec_perl_TestExprBits_t" time="0.000142097473144531" />
    <testcase name="Equals (91)" classname="spec_perl_TestExprBits_t" time="0.000206947326660156" />
    <testcase name="Equals (92)" classname="spec_perl_TestExprBits_t" time="0.000169038772583008" />
  </testsuite>
  <testsuite name="spec_perl_TestSwitchManualInt_t" errors="0" failures="0" skipped="0" tests="9" time="0.0601379871368408">
    <system-out>1..9
ok 1 - Equals
ok 2 - Equals
ok 3 - Equals
ok 4 - Equals
ok 5 - Equals
ok 6 - Equals
ok 7 - Equals
ok 8 - Equals
ok 9 - Equals
</system-out>
    <testcase name="Equals (93)" classname="spec_perl_TestSwitchManualInt_t" time="0.000391006469726562" />
    <testcase name="Equals (94)" classname="spec_perl_TestSwitchManualInt_t" time="9.79900360107422e-05" />
    <testcase name="Equals (95)" classname="spec_perl_TestSwitchManualInt_t" time="0.000113964080810547" />
    <testcase name="Equals (96)" classname="spec_perl_TestSwitchManualInt_t" time="0.00017094612121582" />
    <testcase name="Equals (97)" classname="spec_perl_TestSwitchManualInt_t" time="0.00014805793762207" />
    <testcase name="Equals (98)" classname="spec_perl_TestSwitchManualInt_t" time="0.000162124633789062" />
    <testcase name="Equals (99)" classname="spec_perl_TestSwitchManualInt_t" time="0.000172853469848633" />
    <testcase name="Equals (100)" classname="spec_perl_TestSwitchManualInt_t" time="0.000149011611938477" />
    <testcase name="Equals (101)" classname="spec_perl_TestSwitchManualInt_t" time="0.000179052352905273" />
  </testsuite>
  <testsuite name="spec_perl_TestSwitchManualStrElse_t" errors="0" failures="0" skipped="0" tests="9" time="0.0591061115264893">
    <system-out>1..9
ok 1 - Equals
ok 2 - Equals
ok 3 - Equals
ok 4 - Equals
ok 5 - Equals
ok 6 - Equals
ok 7 - Equals
ok 8 - Equals
ok 9 - Equals
</system-out>
    <testcase name="Equals (102)" classname="spec_perl_TestSwitchManualStrElse_t" time="0.000382900238037109" />
    <testcase name="Equals (103)" classname="spec_perl_TestSwitchManualStrElse_t" time="9.70363616943359e-05" />
    <testcase name="Equals (104)" classname="spec_perl_TestSwitchManualStrElse_t" time="0.000164031982421875" />
    <testcase name="Equals (105)" classname="spec_perl_TestSwitchManualStrElse_t" time="0.000164985656738281" />
    <testcase name="Equals (106)" classname="spec_perl_TestSwitchManualStrElse_t" time="0.000165939331054688" />
    <testcase name="Equals (107)" classname="spec_perl_TestSwitchManualStrElse_t" time="0.000138998031616211" />
    <testcase name="Equals (108)" classname="spec_perl_TestSwitchManualStrElse_t" time="0.000178098678588867" />
    <testcase name="Equals (109)" classname="spec_perl_TestSwitchManualStrElse_t" time="0.00017094612121582" />
    <testcase name="Equals (110)" classname="spec_perl_TestSwitchManualStrElse_t" time="0.000141143798828125" />
  </testsuite>
  <testsuite name="spec_perl_TestZlibSurrounded_t" errors="0" failures="0" skipped="0" tests="1" time="0.0792319774627686">
    <system-out>1..1
ok 1 - Equals
</system-out>
    <testcase name="Equals (111)" classname="spec_perl_TestZlibSurrounded_t" time="0.000802993774414062" />
  </testsuite>
  <testsuite name="spec_perl_TestFloatingPoints_t" errors="0" failures="0" skipped="0" tests="8" time="0.0544400215148926">
    <system-out>1..8
ok 1 - Approx equals
ok 2 - Approx equals
ok 3 - Approx equals
ok 4 - Approx equals
ok 5 - Approx equals
ok 6 - Approx equals
ok 7 - Approx equals
ok 8 - Approx equals
</system-out>
    <testcase name="Approx equals (111)" classname="spec_perl_TestFloatingPoints_t" time="0.000182867050170898" />
    <testcase name="Approx equals (112)" classname="spec_perl_TestFloatingPoints_t" time="8.0108642578125e-05" />
    <testcase name="Approx equals (113)" classname="spec_perl_TestFloatingPoints_t" time="5.00679016113281e-05" />
    <testcase name="Approx equals (114)" classname="spec_perl_TestFloatingPoints_t" time="5.10215759277344e-05" />
    <testcase name="Approx equals (115)" classname="spec_perl_TestFloatingPoints_t" time="6.07967376708984e-05" />
    <testcase name="Approx equals (116)" classname="spec_perl_TestFloatingPoints_t" time="4.81605529785156e-05" />
    <testcase name="Approx equals (117)" classname="spec_perl_TestFloatingPoints_t" time="5.98430633544922e-05" />
    <testcase name="Approx equals (118)" classname="spec_perl_TestFloatingPoints_t" time="4.41074371337891e-05" />
  </testsuite>
  <testsuite name="spec_perl_TestOptionalId_t" errors="0" failures="0" skipped="0" tests="3" time="0.0561821460723877">
    <system-out>1..3
ok 1 - Equals
ok 2 - Equals
ok 3 - Equals
</system-out>
    <testcase name="Equals (118)" classname="spec_perl_TestOptionalId_t" time="0.000287055969238281" />
    <testcase name="Equals (119)" classname="spec_perl_TestOptionalId_t" time="8.98838043212891e-05" />
    <testcase name="Equals (120)" classname="spec_perl_TestOptionalId_t" time="0.00018000602722168" />
  </testsuite>
  <testsuite name="spec_perl_TestMetaTags_t" errors="0" failures="0" skipped="1" tests="1" time="0.0548930168151855">
    <system-out>1..1
ok 1 # skip MetaTags=HASH(0xd39470)
</system-out>
    <testcase name="Unnamed test case 120" classname="spec_perl_TestMetaTags_t" time="0.00154304504394531">
      <skipped message="ok 1 # skip MetaTags=HASH(0xd39470)" />
    </testcase>
  </testsuite>
  <testsuite name="spec_perl_TestTermStrz_t" errors="0" failures="0" skipped="0" tests="3" time="0.0575830936431885">
    <system-out>1..3
ok 1 - Equals
ok 2 - Equals
ok 3 - Equals
</system-out>
    <testcase name="Equals (121)" classname="spec_perl_TestTermStrz_t" time="0.000370025634765625" />
    <testcase name="Equals (122)" classname="spec_perl_TestTermStrz_t" time="0.000115871429443359" />
    <testcase name="Equals (123)" classname="spec_perl_TestTermStrz_t" time="6.60419464111328e-05" />
  </testsuite>
  <testsuite name="spec_perl_TestSwitchManualIntSizeElse_t" errors="0" failures="0" skipped="0" tests="10" time="0.059981107711792">
    <system-out>1..10
ok 1 - Equals
ok 2 - Equals
ok 3 - Equals
ok 4 - Equals
ok 5 - Equals
ok 6 - Equals
ok 7 - Equals
ok 8 - Equals
ok 9 - Equals
ok 10 - Equals
</system-out>
    <testcase name="Equals (124)" classname="spec_perl_TestSwitchManualIntSizeElse_t" time="0.000763893127441406" />
    <testcase name="Equals (125)" classname="spec_perl_TestSwitchManualIntSizeElse_t" time="0.000110149383544922" />
    <testcase name="Equals (126)" classname="spec_perl_TestSwitchManualIntSizeElse_t" time="8.10623168945312e-05" />
    <testcase name="Equals (127)" classname="spec_perl_TestSwitchManualIntSizeElse_t" time="0.000168800354003906" />
    <testcase name="Equals (128)" classname="spec_perl_TestSwitchManualIntSizeElse_t" time="0.000152111053466797" />
    <testcase name="Equals (129)" classname="spec_perl_TestSwitchManualIntSizeElse_t" time="0.000206947326660156" />
    <testcase name="Equals (130)" classname="spec_perl_TestSwitchManualIntSizeElse_t" time="0.000169992446899414" />
    <testcase name="Equals (131)" classname="spec_perl_TestSwitchManualIntSizeElse_t" time="0.00015711784362793" />
    <testcase name="Equals (132)" classname="spec_perl_TestSwitchManualIntSizeElse_t" time="0.000156879425048828" />
    <testcase name="Equals (133)" classname="spec_perl_TestSwitchManualIntSizeElse_t" time="0.00014805793762207" />
  </testsuite>
  <testsuite name="spec_perl_TestSwitchElseOnly_t" errors="0" failures="0" skipped="0" tests="3" time="0.0544629096984863">
    <system-out>1..3
ok 1 - Equals
ok 2 - Equals
ok 3 - Equals
</system-out>
    <testcase name="Equals (134)" classname="spec_perl_TestSwitchElseOnly_t" time="0.000278949737548828" />
    <testcase name="Equals (135)" classname="spec_perl_TestSwitchElseOnly_t" time="9.20295715332031e-05" />
    <testcase name="Equals (136)" classname="spec_perl_TestSwitchElseOnly_t" time="0.000186920166015625" />
  </testsuite>
  <testsuite name="spec_perl_TestPositionAbs_t" errors="0" failures="0" skipped="0" tests="2" time="0.0627739429473877">
    <system-out>1..2
ok 1 - Equals
ok 2 - Equals
</system-out>
    <testcase name="Equals (137)" classname="spec_perl_TestPositionAbs_t" time="0.000307083129882812" />
    <testcase name="Equals (138)" classname="spec_perl_TestPositionAbs_t" time="0.0002288818359375" />
  </testsuite>
  <testsuite name="spec_perl_TestIfInstances_t" errors="0" failures="0" skipped="0" tests="1" time="0.0539240837097168">
    <system-out>1..1
ok 1 - nil
</system-out>
    <testcase name="nil (138)" classname="spec_perl_TestIfInstances_t" time="0.000180959701538086" />
  </testsuite>
  <testsuite name="spec_perl_TestRepeatEosBit_t" errors="0" failures="0" skipped="0" tests="1" time="0.0559089183807373">
    <system-out>1..1
ok 1 - Equals
</system-out>
    <testcase name="Equals (139)" classname="spec_perl_TestRepeatEosBit_t" time="0.000360012054443359" />
  </testsuite>
  <testsuite name="spec_perl_TestImportsAbsAbs_t" errors="0" failures="0" skipped="0" tests="3" time="0.0546691417694092">
    <system-out>1..3
ok 1 - Equals
ok 2 - Equals
ok 3 - Equals
</system-out>
    <testcase name="Equals (140)" classname="spec_perl_TestImportsAbsAbs_t" time="0.000309944152832031" />
    <testcase name="Equals (141)" classname="spec_perl_TestImportsAbsAbs_t" time="9.29832458496094e-05" />
    <testcase name="Equals (142)" classname="spec_perl_TestImportsAbsAbs_t" time="0.000150918960571289" />
  </testsuite>
  <testsuite name="spec_perl_TestParamsPassArrayInt_t" errors="0" failures="1" skipped="6" tests="7" time="0.0628941059112549">
    <system-out>1..7
not ok 1 - test_params_pass_array_int died (Can't use an undefined value as an ARRAY reference at spec/perl/TestParamsPassArrayInt.t line 14.)
ok 2 # skip test_params_pass_array_int died
ok 3 # skip test_params_pass_array_int died
ok 4 # skip test_params_pass_array_int died
ok 5 # skip test_params_pass_array_int died
ok 6 # skip test_params_pass_array_int died
ok 7 # skip test_params_pass_array_int died
</system-out>
    <testcase name="test_params_pass_array_int died (Can't use an undefined value as an ARRAY reference at spec/perl/TestParamsPassArrayInt.t line 14.) (142)" classname="spec_perl_TestParamsPassArrayInt_t" time="0.000379085540771484">
      <failure message="not ok 1 - test_params_pass_array_int died (Can't use an undefined value as an ARRAY reference at spec/perl/TestParamsPassArrayInt.t line 14.)" type="TAP::Parser::Result::Test"></failure>
    </testcase>
    <testcase name="Unnamed test case 142" classname="spec_perl_TestParamsPassArrayInt_t" time="0.000586032867431641">
      <skipped message="ok 2 # skip test_params_pass_array_int died" />
    </testcase>
    <testcase name="Unnamed test case 143" classname="spec_perl_TestParamsPassArrayInt_t" time="0.000597000122070312">
      <skipped message="ok 3 # skip test_params_pass_array_int died" />
    </testcase>
    <testcase name="Unnamed test case 144" classname="spec_perl_TestParamsPassArrayInt_t" time="0.000346899032592773">
      <skipped message="ok 4 # skip test_params_pass_array_int died" />
    </testcase>
    <testcase name="Unnamed test case 145" classname="spec_perl_TestParamsPassArrayInt_t" time="0.00047612190246582">
      <skipped message="ok 5 # skip test_params_pass_array_int died" />
    </testcase>
    <testcase name="Unnamed test case 146" classname="spec_perl_TestParamsPassArrayInt_t" time="0.000422000885009766">
      <skipped message="ok 6 # skip test_params_pass_array_int died" />
    </testcase>
    <testcase name="Unnamed test case 147" classname="spec_perl_TestParamsPassArrayInt_t" time="0.000427007675170898">
      <skipped message="ok 7 # skip test_params_pass_array_int died" />
    </testcase>
  </testsuite>
  <testsuite name="spec_perl_TestStrEncodings_t" errors="0" failures="0" skipped="0" tests="4" time="0.0644500255584717">
    <system-out>1..4
ok 1 - Equals
ok 2 - Equals
ok 3 - Equals
ok 4 - Equals
</system-out>
    <testcase name="Equals (147)" classname="spec_perl_TestStrEncodings_t" time="0.00395393371582031" />
    <testcase name="Equals (148)" classname="spec_perl_TestStrEncodings_t" time="0.000123977661132812" />
    <testcase name="Equals (149)" classname="spec_perl_TestStrEncodings_t" time="7.82012939453125e-05" />
    <testcase name="Equals (150)" classname="spec_perl_TestStrEncodings_t" time="0.000183820724487305" />
  </testsuite>
  <testsuite name="spec_perl_TestExprIfIntOps_t" errors="0" failures="0" skipped="0" tests="2" time="0.0539581775665283">
    <system-out>1..2
ok 1 - Equals
ok 2 - Equals
</system-out>
    <testcase name="Equals (151)" classname="spec_perl_TestExprIfIntOps_t" time="0.000321149826049805" />
    <testcase name="Equals (152)" classname="spec_perl_TestExprIfIntOps_t" time="0.000115871429443359" />
  </testsuite>
  <testsuite name="spec_perl_TestCombineStr_t" errors="0" failures="0" skipped="0" tests="15" time="0.0602710247039795">
    <system-out>1..15
ok 1 - Equals
ok 2 - Equals
ok 3 - Equals
ok 4 - Equals
ok 5 - Equals
ok 6 - Equals
ok 7 - Equals
ok 8 - Equals
ok 9 - Equals
ok 10 - Equals
ok 11 - Equals
ok 12 - Equals
ok 13 - Equals
ok 14 - Equals
ok 15 - Equals
</system-out>
    <testcase name="Equals (153)" classname="spec_perl_TestCombineStr_t" time="0.000346899032592773" />
    <testcase name="Equals (154)" classname="spec_perl_TestCombineStr_t" time="0.000102043151855469" />
    <testcase name="Equals (155)" classname="spec_perl_TestCombineStr_t" time="0.000113964080810547" />
    <testcase name="Equals (156)" classname="spec_perl_TestCombineStr_t" time="0.000168085098266602" />
    <testcase name="Equals (157)" classname="spec_perl_TestCombineStr_t" time="0.000169038772583008" />
    <testcase name="Equals (158)" classname="spec_perl_TestCombineStr_t" time="0.000177860260009766" />
    <testcase name="Equals (159)" classname="spec_perl_TestCombineStr_t" time="0.000141143798828125" />
    <testcase name="Equals (160)" classname="spec_perl_TestCombineStr_t" time="0.000164985656738281" />
    <testcase name="Equals (161)" classname="spec_perl_TestCombineStr_t" time="0.000149965286254883" />
    <testcase name="Equals (162)" classname="spec_perl_TestCombineStr_t" time="0.000165939331054688" />
    <testcase name="Equals (163)" classname="spec_perl_TestCombineStr_t" time="0.00014805793762207" />
    <testcase name="Equals (164)" classname="spec_perl_TestCombineStr_t" time="0.000191926956176758" />
    <testcase name="Equals (165)" classname="spec_perl_TestCombineStr_t" time="0.000136137008666992" />
    <testcase name="Equals (166)" classname="spec_perl_TestCombineStr_t" time="0.000163078308105469" />
    <testcase name="Equals (167)" classname="spec_perl_TestCombineStr_t" time="0.000152826309204102" />
  </testsuite>
  <testsuite name="spec_perl_TestProcessCoerceUsertype2_t" errors="0" failures="0" skipped="0" tests="4" time="0.0546860694885254">
    <system-out>1..4
ok 1 - Equals
ok 2 - Equals
ok 3 - Equals
ok 4 - Equals
</system-out>
    <testcase name="Equals (168)" classname="spec_perl_TestProcessCoerceUsertype2_t" time="0.00061488151550293" />
    <testcase name="Equals (169)" classname="spec_perl_TestProcessCoerceUsertype2_t" time="0.000108957290649414" />
    <testcase name="Equals (170)" classname="spec_perl_TestProcessCoerceUsertype2_t" time="6.31809234619141e-05" />
    <testcase name="Equals (171)" classname="spec_perl_TestProcessCoerceUsertype2_t" time="0.000204801559448242" />
  </testsuite>
  <testsuite name="spec_perl_TestRepeatUntilS4_t" errors="0" failures="0" skipped="0" tests="2" time="0.0602459907531738">
    <system-out>1..2
ok 1 - Equals
ok 2 - Equals
</system-out>
    <testcase name="Equals (172)" classname="spec_perl_TestRepeatUntilS4_t" time="0.000334024429321289" />
    <testcase name="Equals (173)" classname="spec_perl_TestRepeatUntilS4_t" time="9.39369201660156e-05" />
  </testsuite>
  <testsuite name="spec_perl_TestRepeatNStrzDouble_t" errors="0" failures="0" skipped="0" tests="3" time="0.0606582164764404">
    <system-out>1..3
ok 1 - Equals
ok 2 - Equals
ok 3 - Equals
</system-out>
    <testcase name="Equals (174)" classname="spec_perl_TestRepeatNStrzDouble_t" time="0.000368118286132812" />
    <testcase name="Equals (175)" classname="spec_perl_TestRepeatNStrzDouble_t" time="0.000110864639282227" />
    <testcase name="Equals (176)" classname="spec_perl_TestRepeatNStrzDouble_t" time="0.000111103057861328" />
  </testsuite>
  <testsuite name="spec_perl_TestIntegersMinMax_t" errors="0" failures="0" skipped="0" tests="28" time="0.0587148666381836">
    <system-out>1..28
ok 1 - Equals
ok 2 - Equals
ok 3 - Equals
ok 4 - Equals
ok 5 - Equals
ok 6 - Equals
ok 7 - Equals
ok 8 - Equals
ok 9 - Equals
ok 10 - Equals
ok 11 - Equals
ok 12 - Equals
ok 13 - Equals
ok 14 - Equals
ok 15 - Equals
ok 16 - Equals
ok 17 - Equals
ok 18 - Equals
ok 19 - Equals
ok 20 - Equals
ok 21 - Equals
ok 22 - Equals
ok 23 - Equals
ok 24 - Equals
ok 25 - Equals
ok 26 - Equals
ok 27 - Equals
ok 28 - Equals
</system-out>
    <testcase name="Equals (177)" classname="spec_perl_TestIntegersMinMax_t" time="0.000355005264282227" />
    <testcase name="Equals (178)" classname="spec_perl_TestIntegersMinMax_t" time="0.000106096267700195" />
    <testcase name="Equals (179)" classname="spec_perl_TestIntegersMinMax_t" time="0.000127077102661133" />
    <testcase name="Equals (180)" classname="spec_perl_TestIntegersMinMax_t" time="0.000158786773681641" />
    <testcase name="Equals (181)" classname="spec_perl_TestIntegersMinMax_t" time="0.000165224075317383" />
    <testcase name="Equals (182)" classname="spec_perl_TestIntegersMinMax_t" time="0.000157833099365234" />
    <testcase name="Equals (183)" classname="spec_perl_TestIntegersMinMax_t" time="0.000163078308105469" />
    <testcase name="Equals (184)" classname="spec_perl_TestIntegersMinMax_t" time="0.000158071517944336" />
    <testcase name="Equals (185)" classname="spec_perl_TestIntegersMinMax_t" time="0.000155925750732422" />
    <testcase name="Equals (186)" classname="spec_perl_TestIntegersMinMax_t" time="0.000156879425048828" />
    <testcase name="Equals (187)" classname="spec_perl_TestIntegersMinMax_t" time="0.000171184539794922" />
    <testcase name="Equals (188)" classname="spec_perl_TestIntegersMinMax_t" time="0.000140905380249023" />
    <testcase name="Equals (189)" classname="spec_perl_TestIntegersMinMax_t" time="0.000169992446899414" />
    <testcase name="Equals (190)" classname="spec_perl_TestIntegersMinMax_t" time="0.000139951705932617" />
    <testcase name="Equals (191)" classname="spec_perl_TestIntegersMinMax_t" time="0.000189065933227539" />
    <testcase name="Equals (192)" classname="spec_perl_TestIntegersMinMax_t" time="0.000147104263305664" />
    <testcase name="Equals (193)" classname="spec_perl_TestIntegersMinMax_t" time="0.000178813934326172" />
    <testcase name="Equals (194)" classname="spec_perl_TestIntegersMinMax_t" time="0.000144004821777344" />
    <testcase name="Equals (195)" classname="spec_perl_TestIntegersMinMax_t" time="0.000185012817382812" />
    <testcase name="Equals (196)" classname="spec_perl_TestIntegersMinMax_t" time="0.00014495849609375" />
    <testcase name="Equals (197)" classname="spec_perl_TestIntegersMinMax_t" time="0.000153064727783203" />
    <testcase name="Equals (198)" classname="spec_perl_TestIntegersMinMax_t" time="0.000174045562744141" />
    <testcase name="Equals (199)" classname="spec_perl_TestIntegersMinMax_t" time="0.000143051147460938" />
    <testcase name="Equals (200)" classname="spec_perl_TestIntegersMinMax_t" time="0.000165939331054688" />
    <testcase name="Equals (201)" classname="spec_perl_TestIntegersMinMax_t" time="0.00014805793762207" />
    <testcase name="Equals (202)" classname="spec_perl_TestIntegersMinMax_t" time="0.000151872634887695" />
    <testcase name="Equals (203)" classname="spec_perl_TestIntegersMinMax_t" time="0.000163078308105469" />
    <testcase name="Equals (204)" classname="spec_perl_TestIntegersMinMax_t" time="0.000147104263305664" />
  </testsuite>
  <testsuite name="spec_perl_TestSwitchManualEnumInvalidElse_t" errors="0" failures="0" skipped="0" tests="5" time="0.0587711334228516">
    <system-out>1..5
ok 1 - Equals
ok 2 - Equals
ok 3 - Equals
ok 4 - Equals
ok 5 - Equals
</system-out>
    <testcase name="Equals (205)" classname="spec_perl_TestSwitchManualEnumInvalidElse_t" time="0.000365018844604492" />
    <testcase name="Equals (206)" classname="spec_perl_TestSwitchManualEnumInvalidElse_t" time="0.000106096267700195" />
    <testcase name="Equals (207)" classname="spec_perl_TestSwitchManualEnumInvalidElse_t" time="0.000140905380249023" />
    <testcase name="Equals (208)" classname="spec_perl_TestSwitchManualEnumInvalidElse_t" time="0.000168085098266602" />
    <testcase name="Equals (209)" classname="spec_perl_TestSwitchManualEnumInvalidElse_t" time="0.000169038772583008" />
  </testsuite>
  <testsuite name="spec_perl_TestIndexToParamExpr_t" errors="0" failures="2" skipped="0" tests="7" time="0.0819511413574219">
    <system-out>1..7
ok 1 - Equals
ok 2 - Equals
ok 3 - Equals
ok 4 - Equals
ok 5 - Equals
not ok 6 - Equals
not ok 7 - Equals
</system-out>
    <testcase name="Equals (210)" classname="spec_perl_TestIndexToParamExpr_t" time="0.000378847122192383" />
    <testcase name="Equals (211)" classname="spec_perl_TestIndexToParamExpr_t" time="0.000467061996459961" />
    <testcase name="Equals (212)" classname="spec_perl_TestIndexToParamExpr_t" time="0.000337123870849609" />
    <testcase name="Equals (213)" classname="spec_perl_TestIndexToParamExpr_t" time="0.000322818756103516" />
    <testcase name="Equals (214)" classname="spec_perl_TestIndexToParamExpr_t" time="0.000338077545166016" />
    <testcase name="Equals (215)" classname="spec_perl_TestIndexToParamExpr_t" time="0.00049591064453125">
      <failure message="not ok 6 - Equals" type="TAP::Parser::Result::Test"></failure>
    </testcase>
    <testcase name="Equals (216)" classname="spec_perl_TestIndexToParamExpr_t" time="0.00113201141357422">
      <failure message="not ok 7 - Equals" type="TAP::Parser::Result::Test"></failure>
    </testcase>
  </testsuite>
  <testsuite name="spec_perl_TestEnumLongRangeU_t" errors="0" failures="0" skipped="0" tests="4" time="0.0544779300689697">
    <system-out>1..4
ok 1 - Equals
ok 2 - Equals
ok 3 - Equals
ok 4 - Equals
</system-out>
    <testcase name="Equals (217)" classname="spec_perl_TestEnumLongRangeU_t" time="0.000303983688354492" />
    <testcase name="Equals (218)" classname="spec_perl_TestEnumLongRangeU_t" time="9.89437103271484e-05" />
    <testcase name="Equals (219)" classname="spec_perl_TestEnumLongRangeU_t" time="0.00014805793762207" />
    <testcase name="Equals (220)" classname="spec_perl_TestEnumLongRangeU_t" time="0.000145912170410156" />
  </testsuite>
  <testsuite name="spec_perl_TestStrLiterals_t" errors="0" failures="0" skipped="0" tests="5" time="0.0569889545440674">
    <system-out>1..5
ok 1 - Equals
ok 2 - Equals
ok 3 - Equals
ok 4 - Equals
ok 5 - Equals
</system-out>
    <testcase name="Equals (221)" classname="spec_perl_TestStrLiterals_t" time="0.000337839126586914" />
    <testcase name="Equals (222)" classname="spec_perl_TestStrLiterals_t" time="0.000123977661132812" />
    <testcase name="Equals (223)" classname="spec_perl_TestStrLiterals_t" time="0.000184059143066406" />
    <testcase name="Equals (224)" classname="spec_perl_TestStrLiterals_t" time="0.00017094612121582" />
    <testcase name="Equals (225)" classname="spec_perl_TestStrLiterals_t" time="0.000176191329956055" />
  </testsuite>
  <testsuite name="spec_perl_TestTypeTernary_t" errors="0" failures="0" skipped="0" tests="1" time="0.0548381805419922">
    <system-out>1..1
ok 1 - Equals
</system-out>
    <testcase name="Equals (226)" classname="spec_perl_TestTypeTernary_t" time="0.000588893890380859" />
  </testsuite>
  <testsuite name="spec_perl_TestNavParentFalse_t" errors="0" failures="0" skipped="0" tests="5" time="0.0547819137573242">
    <system-out>1..5
ok 1 - Equals
ok 2 - Equals
ok 3 - Equals
ok 4 - Equals
ok 5 - Equals
</system-out>
    <testcase name="Equals (227)" classname="spec_perl_TestNavParentFalse_t" time="0.000333786010742188" />
    <testcase name="Equals (228)" classname="spec_perl_TestNavParentFalse_t" time="9.51290130615234e-05" />
    <testcase name="Equals (229)" classname="spec_perl_TestNavParentFalse_t" time="0.000146865844726562" />
    <testcase name="Equals (230)" classname="spec_perl_TestNavParentFalse_t" time="0.000159025192260742" />
    <testcase name="Equals (231)" classname="spec_perl_TestNavParentFalse_t" time="0.000174999237060547" />
  </testsuite>
  <testsuite name="spec_perl_TestValidSwitch_t" errors="0" failures="0" skipped="1" tests="1" time="0.0563299655914307">
    <system-out>1..1
ok 1 # skip ValidSwitch=HASH(0x23a7b70)
</system-out>
    <testcase name="Unnamed test case 231" classname="spec_perl_TestValidSwitch_t" time="0.0015559196472168">
      <skipped message="ok 1 # skip ValidSwitch=HASH(0x23a7b70)" />
    </testcase>
  </testsuite>
  <testsuite name="spec_perl_TestTypeTernaryOpaque_t" errors="0" failures="0" skipped="0" tests="3" time="0.0585110187530518">
    <system-out>1..3
ok 1 - Equals
ok 2 - Equals
ok 3 - Equals
</system-out>
    <testcase name="Equals (232)" classname="spec_perl_TestTypeTernaryOpaque_t" time="0.000699996948242188" />
    <testcase name="Equals (233)" classname="spec_perl_TestTypeTernaryOpaque_t" time="0.000105857849121094" />
    <testcase name="Equals (234)" classname="spec_perl_TestTypeTernaryOpaque_t" time="6.41345977783203e-05" />
  </testsuite>
  <testsuite name="spec_perl_TestNavParentSwitchCast_t" errors="0" failures="0" skipped="0" tests="3" time="0.0547580718994141">
    <system-out>1..3
ok 1 - Equals
ok 2 - Equals
ok 3 - Equals
</system-out>
    <testcase name="Equals (235)" classname="spec_perl_TestNavParentSwitchCast_t" time="0.000654935836791992" />
    <testcase name="Equals (236)" classname="spec_perl_TestNavParentSwitchCast_t" time="0.000105142593383789" />
    <testcase name="Equals (237)" classname="spec_perl_TestNavParentSwitchCast_t" time="0.000169038772583008" />
  </testsuite>
  <testsuite name="spec_perl_TestExprCalcArrayOps_t" errors="0" failures="0" skipped="0" tests="18" time="0.0568051338195801">
    <system-out>1..18
ok 1 - Equals
ok 2 - Equals
ok 3 - Equals
ok 4 - Equals
ok 5 - Equals
ok 6 - Equals
ok 7 - Equals
ok 8 - Approx equals
ok 9 - Approx equals
ok 10 - Approx equals
ok 11 - Approx equals
ok 12 - Approx equals
ok 13 - Equals
ok 14 - Equals
ok 15 - Equals
ok 16 - Equals
ok 17 - Equals
ok 18 - Equals
</system-out>
    <testcase name="Equals (238)" classname="spec_perl_TestExprCalcArrayOps_t" time="0.000272989273071289" />
    <testcase name="Equals (239)" classname="spec_perl_TestExprCalcArrayOps_t" time="0.000108003616333008" />
    <testcase name="Equals (240)" classname="spec_perl_TestExprCalcArrayOps_t" time="0.000185966491699219" />
    <testcase name="Equals (241)" classname="spec_perl_TestExprCalcArrayOps_t" time="0.000159978866577148" />
    <testcase name="Equals (242)" classname="spec_perl_TestExprCalcArrayOps_t" time="0.000174045562744141" />
    <testcase name="Equals (243)" classname="spec_perl_TestExprCalcArrayOps_t" time="0.000181913375854492" />
    <testcase name="Equals (244)" classname="spec_perl_TestExprCalcArrayOps_t" time="0.000178098678588867" />
    <testcase name="Approx equals (244)" classname="spec_perl_TestExprCalcArrayOps_t" time="6.98566436767578e-05" />
    <testcase name="Approx equals (245)" classname="spec_perl_TestExprCalcArrayOps_t" time="6.91413879394531e-05" />
    <testcase name="Approx equals (246)" classname="spec_perl_TestExprCalcArrayOps_t" time="5.79357147216797e-05" />
    <testcase name="Approx equals (247)" classname="spec_perl_TestExprCalcArrayOps_t" time="7.70092010498047e-05" />
    <testcase name="Approx equals (248)" classname="spec_perl_TestExprCalcArrayOps_t" time="7.70092010498047e-05" />
    <testcase name="Equals (248)" classname="spec_perl_TestExprCalcArrayOps_t" time="0.000234842300415039" />
    <testcase name="Equals (249)" classname="spec_perl_TestExprCalcArrayOps_t" time="0.000181198120117188" />
    <testcase name="Equals (250)" classname="spec_perl_TestExprCalcArrayOps_t" time="0.000186920166015625" />
    <testcase name="Equals (251)" classname="spec_perl_TestExprCalcArrayOps_t" time="0.000176906585693359" />
    <testcase name="Equals (252)" classname="spec_perl_TestExprCalcArrayOps_t" time="0.000178098678588867" />
    <testcase name="Equals (253)" classname="spec_perl_TestExprCalcArrayOps_t" time="0.000179052352905273" />
  </testsuite>
  <testsuite name="spec_perl_TestProcessToUser_t" errors="0" failures="0" skipped="0" tests="1" time="0.0584471225738525">
    <system-out>1..1
ok 1 - Equals
</system-out>
    <testcase name="Equals (254)" classname="spec_perl_TestProcessToUser_t" time="0.000641107559204102" />
  </testsuite>
  <testsuite name="spec_perl_TestTypeTernary2ndFalsy_t" errors="0" failures="1" skipped="0" tests="13" time="0.0605669021606445">
    <system-out>1..13
ok 1 - Equals
ok 2 - Equals
ok 3 - Equals
ok 4 - Approx equals
ok 5 - Approx equals
ok 6 - Equals
ok 7 - Equals
ok 8 - Equals
ok 9 - nil
ok 10 - Equals
ok 11 - Equals
ok 12 - Equals
not ok 13 - test_type_ternary_2nd_falsy died (Can't use an undefined value as an ARRAY reference at spec/perl/TestTypeTernary2ndFalsy.t line 26.)
</system-out>
    <testcase name="Equals (255)" classname="spec_perl_TestTypeTernary2ndFalsy_t" time="0.000277042388916016" />
    <testcase name="Equals (256)" classname="spec_perl_TestTypeTernary2ndFalsy_t" time="9.41753387451172e-05" />
    <testcase name="Equals (257)" classname="spec_perl_TestTypeTernary2ndFalsy_t" time="0.000174999237060547" />
    <testcase name="Approx equals (257)" classname="spec_perl_TestTypeTernary2ndFalsy_t" time="7.29560852050781e-05" />
    <testcase name="Approx equals (258)" classname="spec_perl_TestTypeTernary2ndFalsy_t" time="5.88893890380859e-05" />
    <testcase name="Equals (258)" classname="spec_perl_TestTypeTernary2ndFalsy_t" time="0.000164985656738281" />
    <testcase name="Equals (259)" classname="spec_perl_TestTypeTernary2ndFalsy_t" time="0.000159978866577148" />
    <testcase name="Equals (260)" classname="spec_perl_TestTypeTernary2ndFalsy_t" time="0.000145196914672852" />
    <testcase name="nil (260)" classname="spec_perl_TestTypeTernary2ndFalsy_t" time="7.17639923095703e-05" />
    <testcase name="Equals (261)" classname="spec_perl_TestTypeTernary2ndFalsy_t" time="0.000187158584594727" />
    <testcase name="Equals (262)" classname="spec_perl_TestTypeTernary2ndFalsy_t" time="0.000171899795532227" />
    <testcase name="Equals (263)" classname="spec_perl_TestTypeTernary2ndFalsy_t" time="0.00015711784362793" />
    <testcase name="test_type_ternary_2nd_falsy died (Can't use an undefined value as an ARRAY reference at spec/perl/TestTypeTernary2ndFalsy.t line 26.) (263)" classname="spec_perl_TestTypeTernary2ndFalsy_t" time="0.000295877456665039">
      <failure message="not ok 13 - test_type_ternary_2nd_falsy died (Can't use an undefined value as an ARRAY reference at spec/perl/TestTypeTernary2ndFalsy.t line 26.)" type="TAP::Parser::Result::Test"></failure>
    </testcase>
  </testsuite>
  <testsuite name="spec_perl_TestRepeatUntilSized_t" errors="0" failures="0" skipped="0" tests="7" time="0.0575540065765381">
    <system-out>1..7
ok 1 - Equals
ok 2 - Equals
ok 3 - Equals
ok 4 - Equals
ok 5 - Equals
ok 6 - Equals
ok 7 - Equals
</system-out>
    <testcase name="Equals (264)" classname="spec_perl_TestRepeatUntilSized_t" time="0.000694036483764648" />
    <testcase name="Equals (265)" classname="spec_perl_TestRepeatUntilSized_t" time="0.000115871429443359" />
    <testcase name="Equals (266)" classname="spec_perl_TestRepeatUntilSized_t" time="6.50882720947266e-05" />
    <testcase name="Equals (267)" classname="spec_perl_TestRepeatUntilSized_t" time="0.000190973281860352" />
    <testcase name="Equals (268)" classname="spec_perl_TestRepeatUntilSized_t" time="0.000139951705932617" />
    <testcase name="Equals (269)" classname="spec_perl_TestRepeatUntilSized_t" time="0.000153064727783203" />
    <testcase name="Equals (270)" classname="spec_perl_TestRepeatUntilSized_t" time="0.000164985656738281" />
  </testsuite>
  <testsuite name="spec_perl_TestBitsSimpleLe_t" errors="0" failures="0" skipped="0" tests="14" time="0.0568559169769287">
    <system-out>1..14
ok 1 - Equals
ok 2 - Equals
ok 3 - Equals
ok 4 - Equals
ok 5 - Equals
ok 6 - Equals
ok 7 - Equals
ok 8 - Equals
ok 9 - Equals
ok 10 - Equals
ok 11 - Equals
ok 12 - Equals
ok 13 - Equals
ok 14 - Equals
</system-out>
    <testcase name="Equals (271)" classname="spec_perl_TestBitsSimpleLe_t" time="0.000319004058837891" />
    <testcase name="Equals (272)" classname="spec_perl_TestBitsSimpleLe_t" time="8.70227813720703e-05" />
    <testcase name="Equals (273)" classname="spec_perl_TestBitsSimpleLe_t" time="0.000156879425048828" />
    <testcase name="Equals (274)" classname="spec_perl_TestBitsSimpleLe_t" time="0.000138998031616211" />
    <testcase name="Equals (275)" classname="spec_perl_TestBitsSimpleLe_t" time="0.000182151794433594" />
    <testcase name="Equals (276)" classname="spec_perl_TestBitsSimpleLe_t" time="0.000140905380249023" />
    <testcase name="Equals (277)" classname="spec_perl_TestBitsSimpleLe_t" time="0.000172138214111328" />
    <testcase name="Equals (278)" classname="spec_perl_TestBitsSimpleLe_t" time="0.000137805938720703" />
    <testcase name="Equals (279)" classname="spec_perl_TestBitsSimpleLe_t" time="0.000169992446899414" />
    <testcase name="Equals (280)" classname="spec_perl_TestBitsSimpleLe_t" time="0.000164985656738281" />
    <testcase name="Equals (281)" classname="spec_perl_TestBitsSimpleLe_t" time="0.000155210494995117" />
    <testcase name="Equals (282)" classname="spec_perl_TestBitsSimpleLe_t" time="0.000164985656738281" />
    <testcase name="Equals (283)" classname="spec_perl_TestBitsSimpleLe_t" time="0.000157833099365234" />
    <testcase name="Equals (284)" classname="spec_perl_TestBitsSimpleLe_t" time="0.000164985656738281" />
  </testsuite>
  <testsuite name="spec_perl_TestInstanceIoUser_t" errors="0" failures="0" skipped="0" tests="4" time="0.0816099643707275">
    <system-out>1..4
ok 1 - Equals
ok 2 - Equals
ok 3 - Equals
ok 4 - Equals
</system-out>
    <testcase name="Equals (285)" classname="spec_perl_TestInstanceIoUser_t" time="0.000725030899047852" />
    <testcase name="Equals (286)" classname="spec_perl_TestInstanceIoUser_t" time="0.000108003616333008" />
    <testcase name="Equals (287)" classname="spec_perl_TestInstanceIoUser_t" time="0.000168800354003906" />
    <testcase name="Equals (288)" classname="spec_perl_TestInstanceIoUser_t" time="0.00018000602722168" />
  </testsuite>
  <testsuite name="spec_perl_TestParamsEnum_t" errors="0" failures="1" skipped="0" tests="2" time="0.0722780227661133">
    <system-out>1..2
ok 1 - Equals
not ok 2 - Equals
</system-out>
    <testcase name="Equals (289)" classname="spec_perl_TestParamsEnum_t" time="0.000292062759399414" />
    <testcase name="Equals (290)" classname="spec_perl_TestParamsEnum_t" time="0.000197887420654297">
      <failure message="not ok 2 - Equals" type="TAP::Parser::Result::Test"></failure>
    </testcase>
  </testsuite>
  <testsuite name="spec_perl_TestExpr2_t" errors="0" failures="0" skipped="0" tests="17" time="0.0613250732421875">
    <system-out>1..17
ok 1 - Equals
ok 2 - Equals
ok 3 - Equals
ok 4 - Equals
ok 5 - Equals
ok 6 - Equals
ok 7 - Equals
ok 8 - Equals
ok 9 - Equals
ok 10 - Equals
ok 11 - Equals
ok 12 - Equals
ok 13 - Equals
ok 14 - Equals
ok 15 - Equals
ok 16 - Equals
ok 17 - Equals
</system-out>
    <testcase name="Equals (291)" classname="spec_perl_TestExpr2_t" time="0.000744104385375977" />
    <testcase name="Equals (292)" classname="spec_perl_TestExpr2_t" time="0.000108957290649414" />
    <testcase name="Equals (293)" classname="spec_perl_TestExpr2_t" time="8.98838043212891e-05" />
    <testcase name="Equals (294)" classname="spec_perl_TestExpr2_t" time="0.000175952911376953" />
    <testcase name="Equals (295)" classname="spec_perl_TestExpr2_t" time="0.000146150588989258" />
    <testcase name="Equals (296)" classname="spec_perl_TestExpr2_t" time="0.000154972076416016" />
    <testcase name="Equals (297)" classname="spec_perl_TestExpr2_t" time="0.000174045562744141" />
    <testcase name="Equals (298)" classname="spec_perl_TestExpr2_t" time="0.000203847885131836" />
    <testcase name="Equals (299)" classname="spec_perl_TestExpr2_t" time="0.000185012817382812" />
    <testcase name="Equals (300)" classname="spec_perl_TestExpr2_t" time="0.000135183334350586" />
    <testcase name="Equals (301)" classname="spec_perl_TestExpr2_t" time="0.000173807144165039" />
    <testcase name="Equals (302)" classname="spec_perl_TestExpr2_t" time="0.000138044357299805" />
    <testcase name="Equals (303)" classname="spec_perl_TestExpr2_t" time="0.00213408470153809" />
    <testcase name="Equals (304)" classname="spec_perl_TestExpr2_t" time="4.38690185546875e-05" />
    <testcase name="Equals (305)" classname="spec_perl_TestExpr2_t" time="3.50475311279297e-05" />
    <testcase name="Equals (306)" classname="spec_perl_TestExpr2_t" time="2.59876251220703e-05" />
    <testcase name="Equals (307)" classname="spec_perl_TestExpr2_t" time="2.31266021728516e-05" />
  </testsuite>
  <testsuite name="spec_perl_TestIoLocalVar_t" errors="0" failures="0" skipped="0" tests="2" time="0.0545179843902588">
    <system-out>1..2
ok 1 - Equals
ok 2 - Equals
</system-out>
    <testcase name="Equals (308)" classname="spec_perl_TestIoLocalVar_t" time="0.000609159469604492" />
    <testcase name="Equals (309)" classname="spec_perl_TestIoLocalVar_t" time="0.000102996826171875" />
  </testsuite>
  <testsuite name="spec_perl_TestStrPadTermEmpty_t" errors="0" failures="0" skipped="0" tests="4" time="0.0583951473236084">
    <system-out>1..4
ok 1 - Equals
ok 2 - Equals
ok 3 - Equals
ok 4 - Equals
</system-out>
    <testcase name="Equals (310)" classname="spec_perl_TestStrPadTermEmpty_t" time="0.000399112701416016" />
    <testcase name="Equals (311)" classname="spec_perl_TestStrPadTermEmpty_t" time="0.000120878219604492" />
    <testcase name="Equals (312)" classname="spec_perl_TestStrPadTermEmpty_t" time="0.000128984451293945" />
    <testcase name="Equals (313)" classname="spec_perl_TestStrPadTermEmpty_t" time="0.000167131423950195" />
  </testsuite>
  <testsuite name="spec_perl_TestValidShort_t" errors="0" failures="0" skipped="1" tests="1" time="0.059779167175293">
    <system-out>1..1
ok 1 # skip ValidShort=HASH(0x8aa010)
</system-out>
    <testcase name="Unnamed test case 313" classname="spec_perl_TestValidShort_t" time="0.00163102149963379">
      <skipped message="ok 1 # skip ValidShort=HASH(0x8aa010)" />
    </testcase>
  </testsuite>
  <testsuite name="spec_perl_TestNavParent3_t" errors="0" failures="0" skipped="0" tests="10" time="0.0595450401306152">
    <system-out>1..10
ok 1 - Equals
ok 2 - Equals
ok 3 - Equals
ok 4 - Equals
ok 5 - Equals
ok 6 - Equals
ok 7 - Equals
ok 8 - Equals
ok 9 - Equals
ok 10 - Equals
</system-out>
    <testcase name="Equals (314)" classname="spec_perl_TestNavParent3_t" time="0.00027012825012207" />
    <testcase name="Equals (315)" classname="spec_perl_TestNavParent3_t" time="0.000127077102661133" />
    <testcase name="Equals (316)" classname="spec_perl_TestNavParent3_t" time="0.000247955322265625" />
    <testcase name="Equals (317)" classname="spec_perl_TestNavParent3_t" time="0.000108957290649414" />
    <testcase name="Equals (318)" classname="spec_perl_TestNavParent3_t" time="0.000164985656738281" />
    <testcase name="Equals (319)" classname="spec_perl_TestNavParent3_t" time="0.000206947326660156" />
    <testcase name="Equals (320)" classname="spec_perl_TestNavParent3_t" time="0.000164985656738281" />
    <testcase name="Equals (321)" classname="spec_perl_TestNavParent3_t" time="0.000158071517944336" />
    <testcase name="Equals (322)" classname="spec_perl_TestNavParent3_t" time="0.000160932540893555" />
    <testcase name="Equals (323)" classname="spec_perl_TestNavParent3_t" time="0.000195026397705078" />
  </testsuite>
  <testsuite name="spec_perl_TestNestedTypes3_t" errors="0" failures="0" skipped="0" tests="5" time="0.0554049015045166">
    <system-out>1..5
ok 1 - Equals
ok 2 - Equals
ok 3 - Equals
ok 4 - Equals
ok 5 - Equals
</system-out>
    <testcase name="Equals (324)" classname="spec_perl_TestNestedTypes3_t" time="0.000330924987792969" />
    <testcase name="Equals (325)" classname="spec_perl_TestNestedTypes3_t" time="0.000123977661132812" />
    <testcase name="Equals (326)" classname="spec_perl_TestNestedTypes3_t" time="0.000271081924438477" />
    <testcase name="Equals (327)" classname="spec_perl_TestNestedTypes3_t" time="0.000242948532104492" />
    <testcase name="Equals (328)" classname="spec_perl_TestNestedTypes3_t" time="0.000185012817382812" />
  </testsuite>
  <testsuite name="spec_perl_TestTermU1Val_t" errors="0" failures="0" skipped="0" tests="2" time="0.0573399066925049">
    <system-out>1..2
ok 1 - Equals
ok 2 - Equals
</system-out>
    <testcase name="Equals (329)" classname="spec_perl_TestTermU1Val_t" time="0.00033116340637207" />
    <testcase name="Equals (330)" classname="spec_perl_TestTermU1Val_t" time="8.89301300048828e-05" />
  </testsuite>
  <testsuite name="spec_perl_TestInstanceUserArray_t" errors="0" failures="0" skipped="0" tests="10" time="0.0563688278198242">
    <system-out>1..10
ok 1 - Equals
ok 2 - Equals
ok 3 - Equals
ok 4 - Equals
ok 5 - Equals
ok 6 - Equals
ok 7 - Equals
ok 8 - Equals
ok 9 - Equals
ok 10 - Equals
</system-out>
    <testcase name="Equals (331)" classname="spec_perl_TestInstanceUserArray_t" time="0.000263214111328125" />
    <testcase name="Equals (332)" classname="spec_perl_TestInstanceUserArray_t" time="9.48905944824219e-05" />
    <testcase name="Equals (333)" classname="spec_perl_TestInstanceUserArray_t" time="0.000185012817382812" />
    <testcase name="Equals (334)" classname="spec_perl_TestInstanceUserArray_t" time="0.0005340576171875" />
    <testcase name="Equals (335)" classname="spec_perl_TestInstanceUserArray_t" time="8.98838043212891e-05" />
    <testcase name="Equals (336)" classname="spec_perl_TestInstanceUserArray_t" time="0.000164985656738281" />
    <testcase name="Equals (337)" classname="spec_perl_TestInstanceUserArray_t" time="0.000146150588989258" />
    <testcase name="Equals (338)" classname="spec_perl_TestInstanceUserArray_t" time="0.000149965286254883" />
    <testcase name="Equals (339)" classname="spec_perl_TestInstanceUserArray_t" time="0.000171899795532227" />
    <testcase name="Equals (340)" classname="spec_perl_TestInstanceUserArray_t" time="0.000133991241455078" />
  </testsuite>
  <testsuite name="spec_perl_TestProcessRepeatBytes_t" errors="0" failures="0" skipped="0" tests="2" time="0.0623750686645508">
    <system-out>1..2
ok 1 - Equals
ok 2 - Equals
</system-out>
    <testcase name="Equals (341)" classname="spec_perl_TestProcessRepeatBytes_t" time="0.000285863876342773" />
    <testcase name="Equals (342)" classname="spec_perl_TestProcessRepeatBytes_t" time="9.10758972167969e-05" />
  </testsuite>
  <testsuite name="spec_perl_TestSwitchManualIntSizeEos_t" errors="0" failures="0" skipped="0" tests="10" time="0.0600779056549072">
    <system-out>1..10
ok 1 - Equals
ok 2 - Equals
ok 3 - Equals
ok 4 - Equals
ok 5 - Equals
ok 6 - Equals
ok 7 - Equals
ok 8 - Equals
ok 9 - Equals
ok 10 - Equals
</system-out>
    <testcase name="Equals (343)" classname="spec_perl_TestSwitchManualIntSizeEos_t" time="0.000819921493530273" />
    <testcase name="Equals (344)" classname="spec_perl_TestSwitchManualIntSizeEos_t" time="0.000104904174804688" />
    <testcase name="Equals (345)" classname="spec_perl_TestSwitchManualIntSizeEos_t" time="6.41345977783203e-05" />
    <testcase name="Equals (346)" classname="spec_perl_TestSwitchManualIntSizeEos_t" time="0.000186920166015625" />
    <testcase name="Equals (347)" classname="spec_perl_TestSwitchManualIntSizeEos_t" time="0.000128984451293945" />
    <testcase name="Equals (348)" classname="spec_perl_TestSwitchManualIntSizeEos_t" time="0.000193119049072266" />
    <testcase name="Equals (349)" classname="spec_perl_TestSwitchManualIntSizeEos_t" time="0.000175952911376953" />
    <testcase name="Equals (350)" classname="spec_perl_TestSwitchManualIntSizeEos_t" time="0.000164031982421875" />
    <testcase name="Equals (351)" classname="spec_perl_TestSwitchManualIntSizeEos_t" time="0.000140905380249023" />
    <testcase name="Equals (352)" classname="spec_perl_TestSwitchManualIntSizeEos_t" time="0.000168085098266602" />
  </testsuite>
  <testsuite name="spec_perl_TestPositionInSeq_t" errors="0" failures="0" skipped="0" tests="1" time="0.0549731254577637">
    <system-out>1..1
ok 1 - Equals
</system-out>
    <testcase name="Equals (353)" classname="spec_perl_TestPositionInSeq_t" time="0.000283002853393555" />
  </testsuite>
  <testsuite name="spec_perl_TestEnumDeepLiterals_t" errors="0" failures="0" skipped="0" tests="2" time="0.0580160617828369">
    <system-out>1..2
ok 1 - Equals
ok 2 - Equals
</system-out>
    <testcase name="Equals (354)" classname="spec_perl_TestEnumDeepLiterals_t" time="0.000217914581298828" />
    <testcase name="Equals (355)" classname="spec_perl_TestEnumDeepLiterals_t" time="0.000100135803222656" />
  </testsuite>
  <testsuite name="spec_perl_TestCastNested_t" errors="0" failures="0" skipped="0" tests="4" time="0.0581867694854736">
    <system-out>1..4
ok 1 - Equals
ok 2 - Equals
ok 3 - Equals
ok 4 - Equals
</system-out>
    <testcase name="Equals (356)" classname="spec_perl_TestCastNested_t" time="0.000401973724365234" />
    <testcase name="Equals (357)" classname="spec_perl_TestCastNested_t" time="9.89437103271484e-05" />
    <testcase name="Equals (358)" classname="spec_perl_TestCastNested_t" time="0.000159978866577148" />
    <testcase name="Equals (359)" classname="spec_perl_TestCastNested_t" time="0.000163078308105469" />
  </testsuite>
  <testsuite name="spec_perl_TestExprSizeofType0_t" errors="0" failures="0" skipped="0" tests="1" time="0.0549619197845459">
    <system-out>1..1
ok 1 - Equals
</system-out>
    <testcase name="Equals (360)" classname="spec_perl_TestExprSizeofType0_t" time="0.000281095504760742" />
  </testsuite>
  <testsuite name="spec_perl_TestIntegers_t" errors="0" failures="0" skipped="0" tests="20" time="0.0571911334991455">
    <system-out>1..20
ok 1 - Equals
ok 2 - Equals
ok 3 - Equals
ok 4 - Equals
ok 5 - Equals
ok 6 - Equals
ok 7 - Equals
ok 8 - Equals
ok 9 - Equals
ok 10 - Equals
ok 11 - Equals
ok 12 - Equals
ok 13 - Equals
ok 14 - Equals
ok 15 - Equals
ok 16 - Equals
ok 17 - Equals
ok 18 - Equals
ok 19 - Equals
ok 20 - Equals
</system-out>
    <testcase name="Equals (361)" classname="spec_perl_TestIntegers_t" time="0.00030207633972168" />
    <testcase name="Equals (362)" classname="spec_perl_TestIntegers_t" time="8.79764556884766e-05" />
    <testcase name="Equals (363)" classname="spec_perl_TestIntegers_t" time="0.000181913375854492" />
    <testcase name="Equals (364)" classname="spec_perl_TestIntegers_t" time="0.000113964080810547" />
    <testcase name="Equals (365)" classname="spec_perl_TestIntegers_t" time="0.000158071517944336" />
    <testcase name="Equals (366)" classname="spec_perl_TestIntegers_t" time="0.000150918960571289" />
    <testcase name="Equals (367)" classname="spec_perl_TestIntegers_t" time="0.000156164169311523" />
    <testcase name="Equals (368)" classname="spec_perl_TestIntegers_t" time="0.000160932540893555" />
    <testcase name="Equals (369)" classname="spec_perl_TestIntegers_t" time="0.000160932540893555" />
    <testcase name="Equals (370)" classname="spec_perl_TestIntegers_t" time="0.000168085098266602" />
    <testcase name="Equals (371)" classname="spec_perl_TestIntegers_t" time="0.000142097473144531" />
    <testcase name="Equals (372)" classname="spec_perl_TestIntegers_t" time="0.000168800354003906" />
    <testcase name="Equals (373)" classname="spec_perl_TestIntegers_t" time="0.000159025192260742" />
    <testcase name="Equals (374)" classname="spec_perl_TestIntegers_t" time="0.000154018402099609" />
    <testcase name="Equals (375)" classname="spec_perl_TestIntegers_t" time="0.000153064727783203" />
    <testcase name="Equals (376)" classname="spec_perl_TestIntegers_t" time="0.00017094612121582" />
    <testcase name="Equals (377)" classname="spec_perl_TestIntegers_t" time="0.000136137008666992" />
    <testcase name="Equals (378)" classname="spec_perl_TestIntegers_t" time="0.000161886215209961" />
    <testcase name="Equals (379)" classname="spec_perl_TestIntegers_t" time="0.000142097473144531" />
    <testcase name="Equals (380)" classname="spec_perl_TestIntegers_t" time="0.000192880630493164" />
  </testsuite>
  <testsuite name="spec_perl_TestNestedSameName2_t" errors="0" failures="0" skipped="0" tests="5" time="0.0547440052032471">
    <system-out>1..5
ok 1 - Equals
ok 2 - Equals
ok 3 - Equals
ok 4 - Equals
ok 5 - Equals
</system-out>
    <testcase name="Equals (381)" classname="spec_perl_TestNestedSameName2_t" time="0.000323057174682617" />
    <testcase name="Equals (382)" classname="spec_perl_TestNestedSameName2_t" time="9.89437103271484e-05" />
    <testcase name="Equals (383)" classname="spec_perl_TestNestedSameName2_t" time="0.000149965286254883" />
    <testcase name="Equals (384)" classname="spec_perl_TestNestedSameName2_t" time="0.000149011611938477" />
    <testcase name="Equals (385)" classname="spec_perl_TestNestedSameName2_t" time="0.000159978866577148" />
  </testsuite>
  <testsuite name="spec_perl_TestIfStruct_t" errors="0" failures="0" skipped="0" tests="7" time="0.0587830543518066">
    <system-out>1..7
ok 1 - Equals
ok 2 - Equals
ok 3 - Equals
ok 4 - Equals
ok 5 - Equals
ok 6 - Equals
ok 7 - Equals
</system-out>
    <testcase name="Equals (386)" classname="spec_perl_TestIfStruct_t" time="0.000466823577880859" />
    <testcase name="Equals (387)" classname="spec_perl_TestIfStruct_t" time="0.000126123428344727" />
    <testcase name="Equals (388)" classname="spec_perl_TestIfStruct_t" time="7.70092010498047e-05" />
    <testcase name="Equals (389)" classname="spec_perl_TestIfStruct_t" time="0.000164031982421875" />
    <testcase name="Equals (390)" classname="spec_perl_TestIfStruct_t" time="0.00014185905456543" />
    <testcase name="Equals (391)" classname="spec_perl_TestIfStruct_t" time="0.000167131423950195" />
    <testcase name="Equals (392)" classname="spec_perl_TestIfStruct_t" time="0.000150918960571289" />
  </testsuite>
  <testsuite name="spec_perl_TestProcessXorConst_t" errors="0" failures="0" skipped="0" tests="2" time="0.0540769100189209">
    <system-out>1..2
ok 1 - Equals
ok 2 - Equals
</system-out>
    <testcase name="Equals (393)" classname="spec_perl_TestProcessXorConst_t" time="0.000359058380126953" />
    <testcase name="Equals (394)" classname="spec_perl_TestProcessXorConst_t" time="9.48905944824219e-05" />
  </testsuite>
  <testsuite name="spec_perl_TestProcessRotate_t" errors="0" failures="0" skipped="0" tests="3" time="0.0546708106994629">
    <system-out>1..3
ok 1 - Equals
ok 2 - Equals
ok 3 - Equals
</system-out>
    <testcase name="Equals (395)" classname="spec_perl_TestProcessRotate_t" time="0.000330924987792969" />
    <testcase name="Equals (396)" classname="spec_perl_TestProcessRotate_t" time="9.29832458496094e-05" />
    <testcase name="Equals (397)" classname="spec_perl_TestProcessRotate_t" time="0.000164031982421875" />
  </testsuite>
  <testsuite name="spec_perl_TestBitsUnalignedB32Le_t" errors="0" failures="0" skipped="0" tests="3" time="0.0554821491241455">
    <system-out>1..3
ok 1 - Equals
ok 2 - Equals
ok 3 - Equals
</system-out>
    <testcase name="Equals (398)" classname="spec_perl_TestBitsUnalignedB32Le_t" time="0.000297069549560547" />
    <testcase name="Equals (399)" classname="spec_perl_TestBitsUnalignedB32Le_t" time="8.48770141601562e-05" />
    <testcase name="Equals (400)" classname="spec_perl_TestBitsUnalignedB32Le_t" time="0.00018620491027832" />
  </testsuite>
  <testsuite name="spec_perl_TestParamsPassArrayStr_t" errors="0" failures="1" skipped="6" tests="7" time="0.0674948692321777">
    <system-out>1..7
not ok 1 - test_params_pass_array_str died (Can't use an undefined value as an ARRAY reference at spec/perl/TestParamsPassArrayStr.t line 14.)
ok 2 # skip test_params_pass_array_str died
ok 3 # skip test_params_pass_array_str died
ok 4 # skip test_params_pass_array_str died
ok 5 # skip test_params_pass_array_str died
ok 6 # skip test_params_pass_array_str died
ok 7 # skip test_params_pass_array_str died
</system-out>
    <testcase name="test_params_pass_array_str died (Can't use an undefined value as an ARRAY reference at spec/perl/TestParamsPassArrayStr.t line 14.) (400)" classname="spec_perl_TestParamsPassArrayStr_t" time="0.000402927398681641">
      <failure message="not ok 1 - test_params_pass_array_str died (Can't use an undefined value as an ARRAY reference at spec/perl/TestParamsPassArrayStr.t line 14.)" type="TAP::Parser::Result::Test"></failure>
    </testcase>
    <testcase name="Unnamed test case 400" classname="spec_perl_TestParamsPassArrayStr_t" time="0.000611066818237305">
      <skipped message="ok 2 # skip test_params_pass_array_str died" />
    </testcase>
    <testcase name="Unnamed test case 401" classname="spec_perl_TestParamsPassArrayStr_t" time="0.000541925430297852">
      <skipped message="ok 3 # skip test_params_pass_array_str died" />
    </testcase>
    <testcase name="Unnamed test case 402" classname="spec_perl_TestParamsPassArrayStr_t" time="0.000504016876220703">
      <skipped message="ok 4 # skip test_params_pass_array_str died" />
    </testcase>
    <testcase name="Unnamed test case 403" classname="spec_perl_TestParamsPassArrayStr_t" time="0.000430107116699219">
      <skipped message="ok 5 # skip test_params_pass_array_str died" />
    </testcase>
    <testcase name="Unnamed test case 404" classname="spec_perl_TestParamsPassArrayStr_t" time="0.000478029251098633">
      <skipped message="ok 6 # skip test_params_pass_array_str died" />
    </testcase>
    <testcase name="Unnamed test case 405" classname="spec_perl_TestParamsPassArrayStr_t" time="0.000396013259887695">
      <skipped message="ok 7 # skip test_params_pass_array_str died" />
    </testcase>
  </testsuite>
  <testsuite name="spec_perl_TestSwitchManualStr_t" errors="0" failures="0" skipped="0" tests="9" time="0.0589261054992676">
    <system-out>1..9
ok 1 - Equals
ok 2 - Equals
ok 3 - Equals
ok 4 - Equals
ok 5 - Equals
ok 6 - Equals
ok 7 - Equals
ok 8 - Equals
ok 9 - Equals
</system-out>
    <testcase name="Equals (405)" classname="spec_perl_TestSwitchManualStr_t" time="0.000387907028198242" />
    <testcase name="Equals (406)" classname="spec_perl_TestSwitchManualStr_t" time="0.000103950500488281" />
    <testcase name="Equals (407)" classname="spec_perl_TestSwitchManualStr_t" time="0.000154018402099609" />
    <testcase name="Equals (408)" classname="spec_perl_TestSwitchManualStr_t" time="0.000169038772583008" />
    <testcase name="Equals (409)" classname="spec_perl_TestSwitchManualStr_t" time="0.000145912170410156" />
    <testcase name="Equals (410)" classname="spec_perl_TestSwitchManualStr_t" time="0.000162124633789062" />
    <testcase name="Equals (411)" classname="spec_perl_TestSwitchManualStr_t" time="0.000158071517944336" />
    <testcase name="Equals (412)" classname="spec_perl_TestSwitchManualStr_t" time="0.00017094612121582" />
    <testcase name="Equals (413)" classname="spec_perl_TestSwitchManualStr_t" time="0.000159978866577148" />
  </testsuite>
  <testsuite name="spec_perl_TestExprBytesOps_t" errors="0" failures="0" skipped="0" tests="16" time="0.0567739009857178">
    <system-out>1..16
ok 1 - Equals
ok 2 - Equals
ok 3 - Equals
ok 4 - Equals
ok 5 - Equals
ok 6 - Equals
ok 7 - Equals
ok 8 - Equals
ok 9 - Equals
ok 10 - Equals
ok 11 - Equals
ok 12 - Equals
ok 13 - Equals
ok 14 - Equals
ok 15 - Equals
ok 16 - Equals
</system-out>
    <testcase name="Equals (414)" classname="spec_perl_TestExprBytesOps_t" time="0.000318050384521484" />
    <testcase name="Equals (415)" classname="spec_perl_TestExprBytesOps_t" time="9.39369201660156e-05" />
    <testcase name="Equals (416)" classname="spec_perl_TestExprBytesOps_t" time="0.000155925750732422" />
    <testcase name="Equals (417)" classname="spec_perl_TestExprBytesOps_t" time="0.000145912170410156" />
    <testcase name="Equals (418)" classname="spec_perl_TestExprBytesOps_t" time="0.000169992446899414" />
    <testcase name="Equals (419)" classname="spec_perl_TestExprBytesOps_t" time="0.000138044357299805" />
    <testcase name="Equals (420)" classname="spec_perl_TestExprBytesOps_t" time="0.000179052352905273" />
    <testcase name="Equals (421)" classname="spec_perl_TestExprBytesOps_t" time="0.000140905380249023" />
    <testcase name="Equals (422)" classname="spec_perl_TestExprBytesOps_t" time="0.00016021728515625" />
    <testcase name="Equals (423)" classname="spec_perl_TestExprBytesOps_t" time="0.000154972076416016" />
    <testcase name="Equals (424)" classname="spec_perl_TestExprBytesOps_t" time="0.000156879425048828" />
    <testcase name="Equals (425)" classname="spec_perl_TestExprBytesOps_t" time="0.000169038772583008" />
    <testcase name="Equals (426)" classname="spec_perl_TestExprBytesOps_t" time="0.000169992446899414" />
    <testcase name="Equals (427)" classname="spec_perl_TestExprBytesOps_t" time="0.000142097473144531" />
    <testcase name="Equals (428)" classname="spec_perl_TestExprBytesOps_t" time="0.000161886215209961" />
    <testcase name="Equals (429)" classname="spec_perl_TestExprBytesOps_t" time="0.000134944915771484" />
  </testsuite>
  <testsuite name="spec_perl_TestExprBytesCmp_t" errors="0" failures="0" skipped="0" tests="10" time="0.0555319786071777">
    <system-out>1..10
ok 1 - Equals
ok 2 - Equals
ok 3 - Equals
ok 4 - Equals
ok 5 - Equals
ok 6 - Equals
ok 7 - Equals
ok 8 - Equals
ok 9 - Equals
ok 10 - Equals
</system-out>
    <testcase name="Equals (430)" classname="spec_perl_TestExprBytesCmp_t" time="0.000252008438110352" />
    <testcase name="Equals (431)" classname="spec_perl_TestExprBytesCmp_t" time="8.70227813720703e-05" />
    <testcase name="Equals (432)" classname="spec_perl_TestExprBytesCmp_t" time="0.000174045562744141" />
    <testcase name="Equals (433)" classname="spec_perl_TestExprBytesCmp_t" time="0.000135898590087891" />
    <testcase name="Equals (434)" classname="spec_perl_TestExprBytesCmp_t" time="0.000146150588989258" />
    <testcase name="Equals (435)" classname="spec_perl_TestExprBytesCmp_t" time="0.000123977661132812" />
    <testcase name="Equals (436)" classname="spec_perl_TestExprBytesCmp_t" time="0.000133991241455078" />
    <testcase name="Equals (437)" classname="spec_perl_TestExprBytesCmp_t" time="0.000135898590087891" />
    <testcase name="Equals (438)" classname="spec_perl_TestExprBytesCmp_t" time="0.000123977661132812" />
    <testcase name="Equals (439)" classname="spec_perl_TestExprBytesCmp_t" time="0.000194072723388672" />
  </testsuite>
  <testsuite name="spec_perl_TestProcessCustom_t" errors="1" failures="0" skipped="0" tests="0" time="0.0524039268493652">
    <system-out></system-out>
    <testcase name="Test died too soon, even before plan. (439)" classname="spec_perl_TestProcessCustom_t" time="0.0524039268493652">
      <failure message="The test suite died before a plan was produced. You need to have a plan." type="Plan">No plan</failure>
    </testcase>
  </testsuite>
  <testsuite name="spec_perl_TestDefaultEndianExprException_t" errors="0" failures="0" skipped="0" tests="1" time="0.0563240051269531">
    <system-out>1..1
ok 1 - threw /^Unable to decide on endianness/
</system-out>
    <testcase name="threw /^Unable to decide on endianness/ (439)" classname="spec_perl_TestDefaultEndianExprException_t" time="0.0004730224609375" />
  </testsuite>
  <testsuite name="spec_perl_TestBitsShiftByB32Le_t" errors="0" failures="0" skipped="0" tests="2" time="0.0545618534088135">
    <system-out>1..2
ok 1 - Equals
ok 2 - Equals
</system-out>
    <testcase name="Equals (440)" classname="spec_perl_TestBitsShiftByB32Le_t" time="0.000297069549560547" />
    <testcase name="Equals (441)" classname="spec_perl_TestBitsShiftByB32Le_t" time="8.392333984375e-05" />
  </testsuite>
  <testsuite name="spec_perl_TestProcessCoerceBytes_t" errors="0" failures="0" skipped="0" tests="4" time="0.054192066192627">
    <system-out>1..4
ok 1 - Equals
ok 2 - Equals
ok 3 - Equals
ok 4 - Equals
</system-out>
    <testcase name="Equals (442)" classname="spec_perl_TestProcessCoerceBytes_t" time="0.000308036804199219" />
    <testcase name="Equals (443)" classname="spec_perl_TestProcessCoerceBytes_t" time="0.00011897087097168" />
    <testcase name="Equals (444)" classname="spec_perl_TestProcessCoerceBytes_t" time="0.0001678466796875" />
    <testcase name="Equals (445)" classname="spec_perl_TestProcessCoerceBytes_t" time="0.000149011611938477" />
  </testsuite>
  <testsuite name="spec_perl_TestCombineEnum_t" errors="0" failures="0" skipped="0" tests="3" time="0.0541720390319824">
    <system-out>1..3
ok 1 - Equals
ok 2 - Equals
ok 3 - Equals
</system-out>
    <testcase name="Equals (446)" classname="spec_perl_TestCombineEnum_t" time="0.000266075134277344" />
    <testcase name="Equals (447)" classname="spec_perl_TestCombineEnum_t" time="0.000107049942016602" />
    <testcase name="Equals (448)" classname="spec_perl_TestCombineEnum_t" time="0.000160932540893555" />
  </testsuite>
  <testsuite name="spec_perl_TestIndexToParamEos_t" errors="0" failures="2" skipped="0" tests="7" time="0.0645420551300049">
    <system-out>1..7
ok 1 - Equals
ok 2 - Equals
ok 3 - Equals
ok 4 - Equals
ok 5 - Equals
not ok 6 - Equals
not ok 7 - Equals
[...]
    <testcase name="Equals (891)" classname="spec_perl_TestRepeatNStruct_t" time="0.000194787979125977" />
    <testcase name="Equals (892)" classname="spec_perl_TestRepeatNStruct_t" time="0.000141143798828125" />
    <testcase name="Equals (893)" classname="spec_perl_TestRepeatNStruct_t" time="0.000164031982421875" />
  </testsuite>
  <testsuite name="spec_perl_TestYamlInts_t" errors="0" failures="0" skipped="0" tests="4" time="0.0545661449432373">
    <system-out>1..4
ok 1 - Equals
ok 2 - Equals
ok 3 - Equals
ok 4 - Equals
</system-out>
    <testcase name="Equals (894)" classname="spec_perl_TestYamlInts_t" time="0.000303983688354492" />
    <testcase name="Equals (895)" classname="spec_perl_TestYamlInts_t" time="0.000102043151855469" />
    <testcase name="Equals (896)" classname="spec_perl_TestYamlInts_t" time="0.000200986862182617" />
    <testcase name="Equals (897)" classname="spec_perl_TestYamlInts_t" time="0.000173091888427734" />
  </testsuite>
  <testsuite name="spec_perl_TestSwitchManualEnumInvalid_t" errors="0" failures="0" skipped="0" tests="5" time="0.0586011409759521">
    <system-out>1..5
ok 1 - Equals
ok 2 - Equals
ok 3 - nil
ok 4 - Equals
ok 5 - nil
</system-out>
    <testcase name="Equals (898)" classname="spec_perl_TestSwitchManualEnumInvalid_t" time="0.000346183776855469" />
    <testcase name="Equals (899)" classname="spec_perl_TestSwitchManualEnumInvalid_t" time="0.000100851058959961" />
    <testcase name="nil (899)" classname="spec_perl_TestSwitchManualEnumInvalid_t" time="6.50882720947266e-05" />
    <testcase name="Equals (900)" classname="spec_perl_TestSwitchManualEnumInvalid_t" time="0.000169038772583008" />
    <testcase name="nil (900)" classname="spec_perl_TestSwitchManualEnumInvalid_t" time="6.98566436767578e-05" />
  </testsuite>
  <testsuite name="spec_perl_TestExpr3_t" errors="0" failures="0" skipped="0" tests="12" time="0.0593719482421875">
    <system-out>1..12
ok 1 - Equals
ok 2 - Equals
ok 3 - Equals
ok 4 - Equals
ok 5 - Equals
ok 6 - Equals
ok 7 - Equals
ok 8 - Equals
ok 9 - Equals
ok 10 - Equals
ok 11 - Equals
ok 12 - Equals
</system-out>
    <testcase name="Equals (901)" classname="spec_perl_TestExpr3_t" time="0.000313043594360352" />
    <testcase name="Equals (902)" classname="spec_perl_TestExpr3_t" time="9.60826873779297e-05" />
    <testcase name="Equals (903)" classname="spec_perl_TestExpr3_t" time="0.000135898590087891" />
    <testcase name="Equals (904)" classname="spec_perl_TestExpr3_t" time="0.000165939331054688" />
    <testcase name="Equals (905)" classname="spec_perl_TestExpr3_t" time="0.000126123428344727" />
    <testcase name="Equals (906)" classname="spec_perl_TestExpr3_t" time="0.000132083892822266" />
    <testcase name="Equals (907)" classname="spec_perl_TestExpr3_t" time="0.000159978866577148" />
    <testcase name="Equals (908)" classname="spec_perl_TestExpr3_t" time="0.000126838684082031" />
    <testcase name="Equals (909)" classname="spec_perl_TestExpr3_t" time="0.000136137008666992" />
    <testcase name="Equals (910)" classname="spec_perl_TestExpr3_t" time="0.000128984451293945" />
    <testcase name="Equals (911)" classname="spec_perl_TestExpr3_t" time="0.000136852264404297" />
    <testcase name="Equals (912)" classname="spec_perl_TestExpr3_t" time="0.000144004821777344" />
  </testsuite>
  <testsuite name="spec_perl_TestNavParentFalse2_t" errors="0" failures="0" skipped="0" tests="1" time="0.0540030002593994">
    <system-out>1..1
ok 1 - Equals
</system-out>
    <testcase name="Equals (913)" classname="spec_perl_TestNavParentFalse2_t" time="0.000297784805297852" />
  </testsuite>
  <testsuite name="spec_perl_TestBitsSignedResB32Le_t" errors="0" failures="0" skipped="0" tests="1" time="0.0545258522033691">
    <system-out>1..1
ok 1 - Equals
</system-out>
    <testcase name="Equals (914)" classname="spec_perl_TestBitsSignedResB32Le_t" time="0.000277996063232422" />
  </testsuite>
  <testsuite name="spec_perl_TestZlibWithHeader78_t" errors="0" failures="0" skipped="0" tests="1" time="0.0785200595855713">
    <system-out>1..1
ok 1 - Equals
</system-out>
    <testcase name="Equals (915)" classname="spec_perl_TestZlibWithHeader78_t" time="0.000393867492675781" />
  </testsuite>
  <testsuite name="spec_perl_TestProcessCoerceSwitch_t" errors="0" failures="0" skipped="0" tests="3" time="0.0539240837097168">
    <system-out>1..3
ok 1 - Equals
ok 2 - Equals
ok 3 - Equals
</system-out>
    <testcase name="Equals (916)" classname="spec_perl_TestProcessCoerceSwitch_t" time="0.000551939010620117" />
    <testcase name="Equals (917)" classname="spec_perl_TestProcessCoerceSwitch_t" time="0.000105142593383789" />
    <testcase name="Equals (918)" classname="spec_perl_TestProcessCoerceSwitch_t" time="6.38961791992188e-05" />
  </testsuite>
  <testsuite name="spec_perl_TestInstanceStdArray_t" errors="0" failures="0" skipped="0" tests="7" time="0.0549900531768799">
    <system-out>1..7
ok 1 - Equals
ok 2 - Equals
ok 3 - Equals
ok 4 - Equals
ok 5 - Equals
ok 6 - Equals
ok 7 - Equals
</system-out>
    <testcase name="Equals (919)" classname="spec_perl_TestInstanceStdArray_t" time="0.000273942947387695" />
    <testcase name="Equals (920)" classname="spec_perl_TestInstanceStdArray_t" time="8.89301300048828e-05" />
    <testcase name="Equals (921)" classname="spec_perl_TestInstanceStdArray_t" time="0.000164985656738281" />
    <testcase name="Equals (922)" classname="spec_perl_TestInstanceStdArray_t" time="0.00017094612121582" />
    <testcase name="Equals (923)" classname="spec_perl_TestInstanceStdArray_t" time="0.00014805793762207" />
    <testcase name="Equals (924)" classname="spec_perl_TestInstanceStdArray_t" time="0.000155925750732422" />
    <testcase name="Equals (925)" classname="spec_perl_TestInstanceStdArray_t" time="0.000138998031616211" />
  </testsuite>
  <testsuite name="spec_perl_TestParamsCallShort_t" errors="0" failures="3" skipped="0" tests="3" time="0.0673601627349854">
    <system-out>1..3
not ok 1 - Equals
not ok 2 - Equals
not ok 3 - Equals
</system-out>
    <testcase name="Equals (926)" classname="spec_perl_TestParamsCallShort_t" time="0.000516176223754883">
      <failure message="not ok 1 - Equals" type="TAP::Parser::Result::Test"></failure>
    </testcase>
    <testcase name="Equals (927)" classname="spec_perl_TestParamsCallShort_t" time="0.00153684616088867">
      <failure message="not ok 2 - Equals" type="TAP::Parser::Result::Test"></failure>
    </testcase>
    <testcase name="Equals (928)" classname="spec_perl_TestParamsCallShort_t" time="0.00116205215454102">
      <failure message="not ok 3 - Equals" type="TAP::Parser::Result::Test"></failure>
    </testcase>
  </testsuite>
  <testsuite name="spec_perl_TestImports0_t" errors="0" failures="0" skipped="0" tests="3" time="0.0540149211883545">
    <system-out>1..3
ok 1 - Equals
ok 2 - Equals
ok 3 - Equals
</system-out>
    <testcase name="Equals (929)" classname="spec_perl_TestImports0_t" time="0.000295877456665039" />
    <testcase name="Equals (930)" classname="spec_perl_TestImports0_t" time="9.29832458496094e-05" />
    <testcase name="Equals (931)" classname="spec_perl_TestImports0_t" time="0.00015711784362793" />
  </testsuite>
  <testsuite name="spec_perl_TestParamsPassUsertype_t" errors="0" failures="1" skipped="1" tests="2" time="0.0614819526672363">
    <system-out>1..2
not ok 1 - test_params_pass_usertype died (Can't call method &quot;foo&quot; on an undefined value at compiled/perl/ParamsPassUsertype.pm line 119.)
ok 2 # skip test_params_pass_usertype died
</system-out>
    <testcase name="test_params_pass_usertype died (Can't call method &quot;foo&quot; on an undefined value at compiled/perl/ParamsPassUsertype.pm line 119.) (931)" classname="spec_perl_TestParamsPassUsertype_t" time="0.00037693977355957">
      <failure message="not ok 1 - test_params_pass_usertype died (Can't call method &quot;foo&quot; on an undefined value at compiled/perl/ParamsPassUsertype.pm line 119.)" type="TAP::Parser::Result::Test"></failure>
    </testcase>
    <testcase name="Unnamed test case 931" classname="spec_perl_TestParamsPassUsertype_t" time="0.00055694580078125">
      <skipped message="ok 2 # skip test_params_pass_usertype died" />
    </testcase>
  </testsuite>
  <testsuite name="spec_perl_TestSwitchManualIntSize_t" errors="0" failures="0" skipped="0" tests="10" time="0.06050705909729">
    <system-out>1..10
ok 1 - Equals
ok 2 - Equals
ok 3 - Equals
ok 4 - Equals
ok 5 - Equals
ok 6 - Equals
ok 7 - Equals
ok 8 - Equals
ok 9 - Equals
ok 10 - Equals
</system-out>
    <testcase name="Equals (932)" classname="spec_perl_TestSwitchManualIntSize_t" time="0.000786781311035156" />
    <testcase name="Equals (933)" classname="spec_perl_TestSwitchManualIntSize_t" time="0.000118017196655273" />
    <testcase name="Equals (934)" classname="spec_perl_TestSwitchManualIntSize_t" time="6.69956207275391e-05" />
    <testcase name="Equals (935)" classname="spec_perl_TestSwitchManualIntSize_t" time="0.000194072723388672" />
    <testcase name="Equals (936)" classname="spec_perl_TestSwitchManualIntSize_t" time="0.000128984451293945" />
    <testcase name="Equals (937)" classname="spec_perl_TestSwitchManualIntSize_t" time="0.000198125839233398" />
    <testcase name="Equals (938)" classname="spec_perl_TestSwitchManualIntSize_t" time="0.000168800354003906" />
    <testcase name="Equals (939)" classname="spec_perl_TestSwitchManualIntSize_t" time="0.00016021728515625" />
    <testcase name="Equals (940)" classname="spec_perl_TestSwitchManualIntSize_t" time="0.000174999237060547" />
    <testcase name="Equals (941)" classname="spec_perl_TestSwitchManualIntSize_t" time="0.000146865844726562" />
  </testsuite>
  <testsuite name="spec_perl_TestSwitchBytearray_t" errors="0" failures="0" skipped="0" tests="9" time="0.0593268871307373">
    <system-out>1..9
ok 1 - Equals
ok 2 - Equals
ok 3 - Equals
ok 4 - Equals
ok 5 - Equals
ok 6 - Equals
ok 7 - Equals
ok 8 - Equals
ok 9 - Equals
</system-out>
    <testcase name="Equals (942)" classname="spec_perl_TestSwitchBytearray_t" time="0.000370025634765625" />
    <testcase name="Equals (943)" classname="spec_perl_TestSwitchBytearray_t" time="9.89437103271484e-05" />
    <testcase name="Equals (944)" classname="spec_perl_TestSwitchBytearray_t" time="0.000179052352905273" />
    <testcase name="Equals (945)" classname="spec_perl_TestSwitchBytearray_t" time="0.000123023986816406" />
    <testcase name="Equals (946)" classname="spec_perl_TestSwitchBytearray_t" time="0.000165939331054688" />
    <testcase name="Equals (947)" classname="spec_perl_TestSwitchBytearray_t" time="0.000158071517944336" />
    <testcase name="Equals (948)" classname="spec_perl_TestSwitchBytearray_t" time="0.000173091888427734" />
    <testcase name="Equals (949)" classname="spec_perl_TestSwitchBytearray_t" time="0.000236988067626953" />
    <testcase name="Equals (950)" classname="spec_perl_TestSwitchBytearray_t" time="0.000102043151855469" />
  </testsuite>
  <testsuite name="spec_perl_TestEnumLongRangeS_t" errors="0" failures="0" skipped="0" tests="7" time="0.055063009262085">
    <system-out>1..7
ok 1 - Equals
ok 2 - Equals
ok 3 - Equals
ok 4 - Equals
ok 5 - Equals
ok 6 - Equals
ok 7 - Equals
</system-out>
    <testcase name="Equals (951)" classname="spec_perl_TestEnumLongRangeS_t" time="0.00029301643371582" />
    <testcase name="Equals (952)" classname="spec_perl_TestEnumLongRangeS_t" time="0.000110149383544922" />
    <testcase name="Equals (953)" classname="spec_perl_TestEnumLongRangeS_t" time="0.000160932540893555" />
    <testcase name="Equals (954)" classname="spec_perl_TestEnumLongRangeS_t" time="0.00014805793762207" />
    <testcase name="Equals (955)" classname="spec_perl_TestEnumLongRangeS_t" time="0.000156879425048828" />
    <testcase name="Equals (956)" classname="spec_perl_TestEnumLongRangeS_t" time="0.000182151794433594" />
    <testcase name="Equals (957)" classname="spec_perl_TestEnumLongRangeS_t" time="0.000165939331054688" />
  </testsuite>
  <testsuite name="spec_perl_TestSwitchManualEnum_t" errors="0" failures="0" skipped="0" tests="9" time="0.0592508316040039">
    <system-out>1..9
ok 1 - Equals
ok 2 - Equals
ok 3 - Equals
ok 4 - Equals
ok 5 - Equals
ok 6 - Equals
ok 7 - Equals
ok 8 - Equals
ok 9 - Equals
</system-out>
    <testcase name="Equals (958)" classname="spec_perl_TestSwitchManualEnum_t" time="0.000386953353881836" />
    <testcase name="Equals (959)" classname="spec_perl_TestSwitchManualEnum_t" time="0.000104904174804688" />
    <testcase name="Equals (960)" classname="spec_perl_TestSwitchManualEnum_t" time="0.000138998031616211" />
    <testcase name="Equals (961)" classname="spec_perl_TestSwitchManualEnum_t" time="0.000168085098266602" />
    <testcase name="Equals (962)" classname="spec_perl_TestSwitchManualEnum_t" time="0.000169992446899414" />
    <testcase name="Equals (963)" classname="spec_perl_TestSwitchManualEnum_t" time="0.000174999237060547" />
    <testcase name="Equals (964)" classname="spec_perl_TestSwitchManualEnum_t" time="0.00014805793762207" />
    <testcase name="Equals (965)" classname="spec_perl_TestSwitchManualEnum_t" time="0.000177860260009766" />
    <testcase name="Equals (966)" classname="spec_perl_TestSwitchManualEnum_t" time="0.000141143798828125" />
  </testsuite>
  <testsuite name="spec_perl_TestSwitchCast_t" errors="0" failures="0" skipped="0" tests="2" time="0.0580828189849854">
    <system-out>1..2
ok 1 - Equals
ok 2 - Equals
</system-out>
    <testcase name="Equals (967)" classname="spec_perl_TestSwitchCast_t" time="0.000419139862060547" />
    <testcase name="Equals (968)" classname="spec_perl_TestSwitchCast_t" time="9.89437103271484e-05" />
  </testsuite>
  <testsuite name="spec_perl_TestImportsCircularA_t" errors="0" failures="0" skipped="0" tests="5" time="0.0546360015869141">
    <system-out>1..5
ok 1 - Equals
ok 2 - Equals
ok 3 - Equals
ok 4 - Equals
ok 5 - nil
</system-out>
    <testcase name="Equals (969)" classname="spec_perl_TestImportsCircularA_t" time="0.000301837921142578" />
    <testcase name="Equals (970)" classname="spec_perl_TestImportsCircularA_t" time="9.79900360107422e-05" />
    <testcase name="Equals (971)" classname="spec_perl_TestImportsCircularA_t" time="0.000159025192260742" />
    <testcase name="Equals (972)" classname="spec_perl_TestImportsCircularA_t" time="0.00014805793762207" />
    <testcase name="nil (972)" classname="spec_perl_TestImportsCircularA_t" time="6.69956207275391e-05" />
  </testsuite>
  <testsuite name="spec_perl_TestParamsPassArrayStruct_t" errors="0" failures="1" skipped="2" tests="3" time="0.0618331432342529">
    <system-out>1..3
not ok 1 - test_params_pass_array_struct died (Can't use an undefined value as an ARRAY reference at spec/perl/TestParamsPassArrayStruct.t line 14.)
ok 2 # skip test_params_pass_array_struct died
ok 3 # skip test_params_pass_array_struct died
</system-out>
    <testcase name="test_params_pass_array_struct died (Can't use an undefined value as an ARRAY reference at spec/perl/TestParamsPassArrayStruct.t line 14.) (972)" classname="spec_perl_TestParamsPassArrayStruct_t" time="0.000387907028198242">
      <failure message="not ok 1 - test_params_pass_array_struct died (Can't use an undefined value as an ARRAY reference at spec/perl/TestParamsPassArrayStruct.t line 14.)" type="TAP::Parser::Result::Test"></failure>
    </testcase>
    <testcase name="Unnamed test case 972" classname="spec_perl_TestParamsPassArrayStruct_t" time="0.000562191009521484">
      <skipped message="ok 2 # skip test_params_pass_array_struct died" />
    </testcase>
    <testcase name="Unnamed test case 973" classname="spec_perl_TestParamsPassArrayStruct_t" time="0.000490903854370117">
      <skipped message="ok 3 # skip test_params_pass_array_struct died" />
    </testcase>
  </testsuite>
  <testsuite name="spec_perl_TestValidEqStrEncodings_t" errors="0" failures="0" skipped="1" tests="1" time="0.0621368885040283">
    <system-out>1..1
ok 1 # skip ValidEqStrEncodings=HASH(0x19d0bc0)
</system-out>
    <testcase name="Unnamed test case 974" classname="spec_perl_TestValidEqStrEncodings_t" time="0.00479412078857422">
      <skipped message="ok 1 # skip ValidEqStrEncodings=HASH(0x19d0bc0)" />
    </testcase>
  </testsuite>
  <testsuite name="spec_perl_TestOpaqueExternalType02Parent_t" errors="0" failures="0" skipped="0" tests="3" time="0.0605192184448242">
    <system-out>1..3
ok 1 - Equals
ok 2 - Equals
ok 3 - Equals
</system-out>
    <testcase name="Equals (974)" classname="spec_perl_TestOpaqueExternalType02Parent_t" time="0.000421047210693359" />
    <testcase name="Equals (975)" classname="spec_perl_TestOpaqueExternalType02Parent_t" time="0.000101089477539062" />
    <testcase name="Equals (976)" classname="spec_perl_TestOpaqueExternalType02Parent_t" time="0.000138044357299805" />
  </testsuite>
  <testsuite name="spec_perl_TestParamsPassStruct_t" errors="0" failures="1" skipped="1" tests="4" time="0.057682991027832">
    <system-out>1..4
ok 1 - Equals
ok 2 - Equals
not ok 3 - test_params_pass_struct died (Can't call method &quot;foo&quot; on an undefined value at spec/perl/TestParamsPassStruct.t line 16.)
ok 4 # skip test_params_pass_struct died
</system-out>
    <testcase name="Equals (977)" classname="spec_perl_TestParamsPassStruct_t" time="0.000294923782348633" />
    <testcase name="Equals (978)" classname="spec_perl_TestParamsPassStruct_t" time="9.20295715332031e-05" />
    <testcase name="test_params_pass_struct died (Can't call method &quot;foo&quot; on an undefined value at spec/perl/TestParamsPassStruct.t line 16.) (978)" classname="spec_perl_TestParamsPassStruct_t" time="0.000322103500366211">
      <failure message="not ok 3 - test_params_pass_struct died (Can't call method &quot;foo&quot; on an undefined value at spec/perl/TestParamsPassStruct.t line 16.)" type="TAP::Parser::Result::Test"></failure>
    </testcase>
    <testcase name="Unnamed test case 978" classname="spec_perl_TestParamsPassStruct_t" time="0.00442099571228027">
      <skipped message="ok 4 # skip test_params_pass_struct died" />
    </testcase>
  </testsuite>
  <testsuite name="spec_perl_TestEosExceptionBytes_t" errors="0" failures="0" skipped="0" tests="1" time="0.0552668571472168">
    <system-out>1..1
ok 1 - threw /^Requested \d+ bytes, but only \d+ bytes available/
</system-out>
    <testcase name="threw /^Requested \d+ bytes, but only \d+ bytes available/ (978)" classname="spec_perl_TestEosExceptionBytes_t" time="0.00053095817565918" />
  </testsuite>
  <testsuite name="spec_perl_TestMetaXref_t" errors="0" failures="0" skipped="1" tests="1" time="0.0551278591156006">
    <system-out>1..1
ok 1 # skip MetaXref=HASH(0x14b5988)
</system-out>
    <testcase name="Unnamed test case 979" classname="spec_perl_TestMetaXref_t" time="0.00154304504394531">
      <skipped message="ok 1 # skip MetaXref=HASH(0x14b5988)" />
    </testcase>
  </testsuite>
  <testsuite name="spec_perl_TestExprStrEncodings_t" errors="0" failures="0" skipped="0" tests="7" time="0.0753231048583984">
    <system-out>1..7
ok 1 - Equals
ok 2 - Equals
ok 3 - Equals
ok 4 - Equals
ok 5 - Equals
ok 6 - Equals
ok 7 - Equals
</system-out>
    <testcase name="Equals (979)" classname="spec_perl_TestExprStrEncodings_t" time="0.0166709423065186" />
    <testcase name="Equals (980)" classname="spec_perl_TestExprStrEncodings_t" time="0.000140905380249023" />
    <testcase name="Equals (981)" classname="spec_perl_TestExprStrEncodings_t" time="7.00950622558594e-05" />
    <testcase name="Equals (982)" classname="spec_perl_TestExprStrEncodings_t" time="0.000112056732177734" />
    <testcase name="Equals (983)" classname="spec_perl_TestExprStrEncodings_t" time="0.000177860260009766" />
    <testcase name="Equals (984)" classname="spec_perl_TestExprStrEncodings_t" time="0.000147104263305664" />
    <testcase name="Equals (985)" classname="spec_perl_TestExprStrEncodings_t" time="0.000177860260009766" />
  </testsuite>
</testsuites>
