<?xml version='1.0' encoding='utf-8'?>
<testsuites>
  <testsuite name="spec_perl_TestProcessRepeatBytes_t" errors="0" failures="0" skipped="0" tests="2" time="0.0388498306274414">
    <system-out>1..2
ok 1 - Equals
ok 2 - Equals
</system-out>
    <testcase name="Equals" classname="spec_perl_TestProcessRepeatBytes_t" time="0.00144600868225098" />
    <testcase name="Equals (2)" classname="spec_perl_TestProcessRepeatBytes_t" time="8.51154327392578e-05" />
  </testsuite>
  <testsuite name="spec_perl_TestCastNested_t" errors="0" failures="0" skipped="0" tests="4" time="0.0472149848937988">
    <system-out>1..4
ok 1 - Equals
ok 2 - Equals
ok 3 - Equals
ok 4 - Equals
</system-out>
    <testcase name="Equals (3)" classname="spec_perl_TestCastNested_t" time="0.00186300277709961" />
    <testcase name="Equals (4)" classname="spec_perl_TestCastNested_t" time="9.60826873779297e-05" />
    <testcase name="Equals (5)" classname="spec_perl_TestCastNested_t" time="6.4849853515625e-05" />
    <testcase name="Equals (6)" classname="spec_perl_TestCastNested_t" time="5.91278076171875e-05" />
  </testsuite>
  <testsuite name="spec_perl_TestEnumForUnknownId_t" errors="0" failures="0" skipped="0" tests="1" time="0.0420629978179932">
    <system-out>1..1
ok 1 - Equals
</system-out>
    <testcase name="Equals (7)" classname="spec_perl_TestEnumForUnknownId_t" time="0.00205111503601074" />
  </testsuite>
  <testsuite name="spec_perl_TestDocstringsDocref_t" errors="0" failures="0" skipped="1" tests="1" time="0.0502040386199951">
    <system-out>1..1
ok 1 # skip DocstringsDocref=HASH(0x55cecc87e430)
</system-out>
    <testcase name="Unnamed test case 7" classname="spec_perl_TestDocstringsDocref_t" time="0.00370311737060547">
      <skipped message="ok 1 # skip DocstringsDocref=HASH(0x55cecc87e430)" />
    </testcase>
  </testsuite>
  <testsuite name="spec_perl_TestExprStrEncodings_t" errors="0" failures="0" skipped="0" tests="7" time="0.0534460544586182">
    <system-out>1..7
ok 1 - Equals
ok 2 - Equals
ok 3 - Equals
ok 4 - Equals
ok 5 - Equals
ok 6 - Equals
ok 7 - Equals
</system-out>
    <testcase name="Equals (8)" classname="spec_perl_TestExprStrEncodings_t" time="0.00648283958435059" />
    <testcase name="Equals (9)" classname="spec_perl_TestExprStrEncodings_t" time="0.000120162963867188" />
    <testcase name="Equals (10)" classname="spec_perl_TestExprStrEncodings_t" time="4.88758087158203e-05" />
    <testcase name="Equals (11)" classname="spec_perl_TestExprStrEncodings_t" time="6.19888305664062e-05" />
    <testcase name="Equals (12)" classname="spec_perl_TestExprStrEncodings_t" time="6.29425048828125e-05" />
    <testcase name="Equals (13)" classname="spec_perl_TestExprStrEncodings_t" time="5.91278076171875e-05" />
    <testcase name="Equals (14)" classname="spec_perl_TestExprStrEncodings_t" time="0.000115871429443359" />
  </testsuite>
  <testsuite name="spec_perl_TestNavParentFalse2_t" errors="0" failures="0" skipped="0" tests="1" time="0.0406050682067871">
    <system-out>1..1
ok 1 - Equals
</system-out>
    <testcase name="Equals (15)" classname="spec_perl_TestNavParentFalse2_t" time="0.0016629695892334" />
  </testsuite>
  <testsuite name="spec_perl_TestProcessCoerceUsertype2_t" errors="0" failures="0" skipped="0" tests="4" time="0.0409150123596191">
    <system-out>1..4
ok 1 - Equals
ok 2 - Equals
ok 3 - Equals
ok 4 - Equals
</system-out>
    <testcase name="Equals (16)" classname="spec_perl_TestProcessCoerceUsertype2_t" time="0.00190401077270508" />
    <testcase name="Equals (17)" classname="spec_perl_TestProcessCoerceUsertype2_t" time="8.79764556884766e-05" />
    <testcase name="Equals (18)" classname="spec_perl_TestProcessCoerceUsertype2_t" time="6.38961791992188e-05" />
    <testcase name="Equals (19)" classname="spec_perl_TestProcessCoerceUsertype2_t" time="0.000102996826171875" />
  </testsuite>
  <testsuite name="spec_perl_TestValidShort_t" errors="0" failures="0" skipped="1" tests="1" time="0.0449440479278564">
    <system-out>1..1
ok 1 # skip ValidShort=HASH(0x55aab1481328)
</system-out>
    <testcase name="Unnamed test case 19" classname="spec_perl_TestValidShort_t" time="0.00200319290161133">
      <skipped message="ok 1 # skip ValidShort=HASH(0x55aab1481328)" />
    </testcase>
  </testsuite>
  <testsuite name="spec_perl_TestSwitchManualIntSizeEos_t" errors="0" failures="0" skipped="0" tests="10" time="0.0486938953399658">
    <system-out>1..10
ok 1 - Equals
ok 2 - Equals
ok 3 - Equals
ok 4 - Equals
ok 5 - Equals
ok 6 - Equals
ok 7 - Equals
ok 8 - Equals
ok 9 - Equals
ok 10 - Equals
</system-out>
    <testcase name="Equals (20)" classname="spec_perl_TestSwitchManualIntSizeEos_t" time="0.00252199172973633" />
    <testcase name="Equals (21)" classname="spec_perl_TestSwitchManualIntSizeEos_t" time="8.51154327392578e-05" />
    <testcase name="Equals (22)" classname="spec_perl_TestSwitchManualIntSizeEos_t" time="6.29425048828125e-05" />
    <testcase name="Equals (23)" classname="spec_perl_TestSwitchManualIntSizeEos_t" time="5.79357147216797e-05" />
    <testcase name="Equals (24)" classname="spec_perl_TestSwitchManualIntSizeEos_t" time="8.10623168945312e-05" />
    <testcase name="Equals (25)" classname="spec_perl_TestSwitchManualIntSizeEos_t" time="0.000185012817382812" />
    <testcase name="Equals (26)" classname="spec_perl_TestSwitchManualIntSizeEos_t" time="6.50882720947266e-05" />
    <testcase name="Equals (27)" classname="spec_perl_TestSwitchManualIntSizeEos_t" time="0.000103950500488281" />
    <testcase name="Equals (28)" classname="spec_perl_TestSwitchManualIntSizeEos_t" time="0.000102996826171875" />
    <testcase name="Equals (29)" classname="spec_perl_TestSwitchManualIntSizeEos_t" time="7.89165496826172e-05" />
  </testsuite>
  <testsuite name="spec_perl_TestDebugSwitchUser_t" errors="1" failures="0" skipped="0" tests="0" time="0.0371589660644531">
    <system-out></system-out>
    <testcase name="Test died too soon, even before plan. (29)" classname="spec_perl_TestDebugSwitchUser_t" time="0.0371589660644531">
      <failure message="The test suite died before a plan was produced. You need to have a plan." type="Plan">No plan</failure>
    </testcase>
  </testsuite>
  <testsuite name="spec_perl_TestIndexToParamEos_t" errors="0" failures="2" skipped="0" tests="7" time="0.0503489971160889">
    <system-out>1..7
ok 1 - Equals
ok 2 - Equals
ok 3 - Equals
ok 4 - Equals
ok 5 - Equals
not ok 6 - Equals
not ok 7 - Equals
</system-out>
    <testcase name="Equals (30)" classname="spec_perl_TestIndexToParamEos_t" time="0.00313115119934082" />
    <testcase name="Equals (31)" classname="spec_perl_TestIndexToParamEos_t" time="9.29832458496094e-05" />
    <testcase name="Equals (32)" classname="spec_perl_TestIndexToParamEos_t" time="0.000176906585693359" />
    <testcase name="Equals (33)" classname="spec_perl_TestIndexToParamEos_t" time="0.000478029251098633" />
    <testcase name="Equals (34)" classname="spec_perl_TestIndexToParamEos_t" time="0.000182867050170898" />
    <testcase name="Equals (35)" classname="spec_perl_TestIndexToParamEos_t" time="0.000104188919067383">
      <failure message="not ok 6 - Equals" type="TAP::Parser::Result::Test"></failure>
    </testcase>
    <testcase name="Equals (36)" classname="spec_perl_TestIndexToParamEos_t" time="0.00114989280700684">
      <failure message="not ok 7 - Equals" type="TAP::Parser::Result::Test"></failure>
    </testcase>
  </testsuite>
  <testsuite name="spec_perl_TestSwitchManualEnumInvalid_t" errors="0" failures="0" skipped="0" tests="5" time="0.0507669448852539">
    <system-out>1..5
ok 1 - Equals
ok 2 - Equals
ok 3 - nil
ok 4 - Equals
ok 5 - nil
</system-out>
    <testcase name="Equals (37)" classname="spec_perl_TestSwitchManualEnumInvalid_t" time="0.00186705589294434" />
    <testcase name="Equals (38)" classname="spec_perl_TestSwitchManualEnumInvalid_t" time="9.89437103271484e-05" />
    <testcase name="nil (38)" classname="spec_perl_TestSwitchManualEnumInvalid_t" time="4.81605529785156e-05" />
    <testcase name="Equals (39)" classname="spec_perl_TestSwitchManualEnumInvalid_t" time="5.79357147216797e-05" />
    <testcase name="nil (39)" classname="spec_perl_TestSwitchManualEnumInvalid_t" time="4.1961669921875e-05" />
  </testsuite>
  <testsuite name="spec_perl_TestValidOptionalId_t" errors="1" failures="0" skipped="0" tests="0" time="0.0347931385040283">
    <system-out></system-out>
    <testcase name="Test died too soon, even before plan. (39)" classname="spec_perl_TestValidOptionalId_t" time="0.0347931385040283">
      <failure message="The test suite died before a plan was produced. You need to have a plan." type="Plan">No plan</failure>
    </testcase>
  </testsuite>
  <testsuite name="spec_perl_TestCombineBytes_t" errors="0" failures="0" skipped="0" tests="10" time="0.0446059703826904">
    <system-out>1..10
ok 1 - Equals
ok 2 - Equals
ok 3 - Equals
ok 4 - Equals
ok 5 - Equals
ok 6 - Equals
ok 7 - Equals
ok 8 - Equals
ok 9 - Equals
ok 10 - Equals
</system-out>
    <testcase name="Equals (40)" classname="spec_perl_TestCombineBytes_t" time="0.00153183937072754" />
    <testcase name="Equals (41)" classname="spec_perl_TestCombineBytes_t" time="8.10623168945312e-05" />
    <testcase name="Equals (42)" classname="spec_perl_TestCombineBytes_t" time="6.29425048828125e-05" />
    <testcase name="Equals (43)" classname="spec_perl_TestCombineBytes_t" time="5.81741333007812e-05" />
    <testcase name="Equals (44)" classname="spec_perl_TestCombineBytes_t" time="5.57899475097656e-05" />
    <testcase name="Equals (45)" classname="spec_perl_TestCombineBytes_t" time="0.000959157943725586" />
    <testcase name="Equals (46)" classname="spec_perl_TestCombineBytes_t" time="0.000352859497070312" />
    <testcase name="Equals (47)" classname="spec_perl_TestCombineBytes_t" time="0.000195026397705078" />
    <testcase name="Equals (48)" classname="spec_perl_TestCombineBytes_t" time="9.29832458496094e-05" />
    <testcase name="Equals (49)" classname="spec_perl_TestCombineBytes_t" time="9.918212890625e-05" />
  </testsuite>
  <testsuite name="spec_perl_TestDefaultBitEndianMod_t" errors="0" failures="0" skipped="0" tests="4" time="0.0422461032867432">
    <system-out>1..4
ok 1 - Equals
ok 2 - Equals
ok 3 - Equals
ok 4 - Equals
</system-out>
    <testcase name="Equals (50)" classname="spec_perl_TestDefaultBitEndianMod_t" time="0.00159907341003418" />
    <testcase name="Equals (51)" classname="spec_perl_TestDefaultBitEndianMod_t" time="8.48770141601562e-05" />
    <testcase name="Equals (52)" classname="spec_perl_TestDefaultBitEndianMod_t" time="4.69684600830078e-05" />
    <testcase name="Equals (53)" classname="spec_perl_TestDefaultBitEndianMod_t" time="6.103515625e-05" />
  </testsuite>
  <testsuite name="spec_perl_TestIfStruct_t" errors="0" failures="0" skipped="0" tests="7" time="0.0513911247253418">
    <system-out>1..7
ok 1 - Equals
ok 2 - Equals
ok 3 - Equals
ok 4 - Equals
ok 5 - Equals
ok 6 - Equals
ok 7 - Equals
</system-out>
    <testcase name="Equals (54)" classname="spec_perl_TestIfStruct_t" time="0.00189995765686035" />
    <testcase name="Equals (55)" classname="spec_perl_TestIfStruct_t" time="8.41617584228516e-05" />
    <testcase name="Equals (56)" classname="spec_perl_TestIfStruct_t" time="6.19888305664062e-05" />
    <testcase name="Equals (57)" classname="spec_perl_TestIfStruct_t" time="8.89301300048828e-05" />
    <testcase name="Equals (58)" classname="spec_perl_TestIfStruct_t" time="5.91278076171875e-05" />
    <testcase name="Equals (59)" classname="spec_perl_TestIfStruct_t" time="9.17911529541016e-05" />
    <testcase name="Equals (60)" classname="spec_perl_TestIfStruct_t" time="0.000129222869873047" />
  </testsuite>
  <testsuite name="spec_perl_TestProcessXorConst_t" errors="0" failures="0" skipped="0" tests="2" time="0.039402961730957">
    <system-out>1..2
ok 1 - Equals
ok 2 - Equals
</system-out>
    <testcase name="Equals (61)" classname="spec_perl_TestProcessXorConst_t" time="0.00151801109313965" />
    <testcase name="Equals (62)" classname="spec_perl_TestProcessXorConst_t" time="9.39369201660156e-05" />
  </testsuite>
  <testsuite name="spec_perl_TestIfValues_t" errors="0" failures="0" skipped="0" tests="6" time="0.0401499271392822">
    <system-out>1..6
ok 1 - Equals
ok 2 - Equals
ok 3 - Equals
ok 4 - nil
ok 5 - Equals
ok 6 - nil
</system-out>
    <testcase name="Equals (63)" classname="spec_perl_TestIfValues_t" time="0.00177383422851562" />
    <testcase name="Equals (64)" classname="spec_perl_TestIfValues_t" time="9.70363616943359e-05" />
    <testcase name="Equals (65)" classname="spec_perl_TestIfValues_t" time="7.70092010498047e-05" />
    <testcase name="nil (65)" classname="spec_perl_TestIfValues_t" time="6.19888305664062e-05" />
    <testcase name="Equals (66)" classname="spec_perl_TestIfValues_t" time="5.81741333007812e-05" />
    <testcase name="nil (66)" classname="spec_perl_TestIfValues_t" time="4.10079956054688e-05" />
  </testsuite>
  <testsuite name="spec_perl_TestParamsPassArrayStruct_t" errors="0" failures="1" skipped="2" tests="3" time="0.040755033493042">
    <system-out>1..3
not ok 1 - test_params_pass_array_struct died (Can't use an undefined value as an ARRAY reference at spec/perl/TestParamsPassArrayStruct.t line 14.)
ok 2 # skip test_params_pass_array_struct died
ok 3 # skip test_params_pass_array_struct died
</system-out>
    <testcase name="test_params_pass_array_struct died (Can't use an undefined value as an ARRAY reference at spec/perl/TestParamsPassArrayStruct.t line 14.) (66)" classname="spec_perl_TestParamsPassArrayStruct_t" time="0.00141191482543945">
      <failure message="not ok 1 - test_params_pass_array_struct died (Can't use an undefined value as an ARRAY reference at spec/perl/TestParamsPassArrayStruct.t line 14.)" type="TAP::Parser::Result::Test"></failure>
    </testcase>
    <testcase name="Unnamed test case 66" classname="spec_perl_TestParamsPassArrayStruct_t" time="0.000216007232666016">
      <skipped message="ok 2 # skip test_params_pass_array_struct died" />
    </testcase>
    <testcase name="Unnamed test case 67" classname="spec_perl_TestParamsPassArrayStruct_t" time="7.70092010498047e-05">
      <skipped message="ok 3 # skip test_params_pass_array_struct died" />
    </testcase>
  </testsuite>
  <testsuite name="spec_perl_TestNestedTypes3_t" errors="0" failures="0" skipped="0" tests="5" time="0.0415191650390625">
    <system-out>1..5
ok 1 - Equals
ok 2 - Equals
ok 3 - Equals
ok 4 - Equals
ok 5 - Equals
</system-out>
    <testcase name="Equals (67)" classname="spec_perl_TestNestedTypes3_t" time="0.0016019344329834" />
    <testcase name="Equals (68)" classname="spec_perl_TestNestedTypes3_t" time="8.0108642578125e-05" />
    <testcase name="Equals (69)" classname="spec_perl_TestNestedTypes3_t" time="4.48226928710938e-05" />
    <testcase name="Equals (70)" classname="spec_perl_TestNestedTypes3_t" time="5.69820404052734e-05" />
    <testcase name="Equals (71)" classname="spec_perl_TestNestedTypes3_t" time="5.31673431396484e-05" />
  </testsuite>
  <testsuite name="spec_perl_TestDocstringsDocrefMulti_t" errors="0" failures="0" skipped="1" tests="1" time="0.0430049896240234">
    <system-out>1..1
ok 1 # skip DocstringsDocrefMulti=HASH(0x556e39e02730)
</system-out>
    <testcase name="Unnamed test case 71" classname="spec_perl_TestDocstringsDocrefMulti_t" time="0.0020139217376709">
      <skipped message="ok 1 # skip DocstringsDocrefMulti=HASH(0x556e39e02730)" />
    </testcase>
  </testsuite>
  <testsuite name="spec_perl_TestRepeatNStrzDouble_t" errors="0" failures="0" skipped="0" tests="3" time="0.0448141098022461">
    <system-out>1..3
ok 1 - Equals
ok 2 - Equals
ok 3 - Equals
</system-out>
    <testcase name="Equals (72)" classname="spec_perl_TestRepeatNStrzDouble_t" time="0.00204300880432129" />
    <testcase name="Equals (73)" classname="spec_perl_TestRepeatNStrzDouble_t" time="0.000219106674194336" />
    <testcase name="Equals (74)" classname="spec_perl_TestRepeatNStrzDouble_t" time="0.000221967697143555" />
  </testsuite>
  <testsuite name="spec_perl_TestImportsAbs_t" errors="0" failures="0" skipped="0" tests="2" time="0.0417299270629883">
    <system-out>1..2
ok 1 - Equals
ok 2 - Equals
</system-out>
    <testcase name="Equals (75)" classname="spec_perl_TestImportsAbs_t" time="0.00177407264709473" />
    <testcase name="Equals (76)" classname="spec_perl_TestImportsAbs_t" time="9.58442687988281e-05" />
  </testsuite>
  <testsuite name="spec_perl_TestProcessToUser_t" errors="0" failures="0" skipped="0" tests="1" time="0.0456631183624268">
    <system-out>1..1
ok 1 - Equals
</system-out>
    <testcase name="Equals (77)" classname="spec_perl_TestProcessToUser_t" time="0.00188589096069336" />
  </testsuite>
  <testsuite name="spec_perl_TestBcdUserTypeLe_t" errors="0" failures="0" skipped="0" tests="6" time="0.0440249443054199">
    <system-out>1..6
ok 1 - Equals
ok 2 - Equals
ok 3 - Equals
ok 4 - Equals
ok 5 - Equals
ok 6 - Equals
</system-out>
    <testcase name="Equals (78)" classname="spec_perl_TestBcdUserTypeLe_t" time="0.00202703475952148" />
    <testcase name="Equals (79)" classname="spec_perl_TestBcdUserTypeLe_t" time="8.48770141601562e-05" />
    <testcase name="Equals (80)" classname="spec_perl_TestBcdUserTypeLe_t" time="7.79628753662109e-05" />
    <testcase name="Equals (81)" classname="spec_perl_TestBcdUserTypeLe_t" time="7.70092010498047e-05" />
    <testcase name="Equals (82)" classname="spec_perl_TestBcdUserTypeLe_t" time="0.000114917755126953" />
    <testcase name="Equals (83)" classname="spec_perl_TestBcdUserTypeLe_t" time="0.000158071517944336" />
  </testsuite>
  <testsuite name="spec_perl_TestIntegersDoubleOverflow_t" errors="0" failures="0" skipped="0" tests="8" time="0.0442991256713867">
    <system-out>1..8
ok 1 - Equals
ok 2 - Equals
ok 3 - Equals
ok 4 - Equals
ok 5 - Equals
ok 6 - Equals
ok 7 - Equals
ok 8 - Equals
</system-out>
    <testcase name="Equals (84)" classname="spec_perl_TestIntegersDoubleOverflow_t" time="0.0016779899597168" />
    <testcase name="Equals (85)" classname="spec_perl_TestIntegersDoubleOverflow_t" time="7.70092010498047e-05" />
    <testcase name="Equals (86)" classname="spec_perl_TestIntegersDoubleOverflow_t" time="8.08238983154297e-05" />
    <testcase name="Equals (87)" classname="spec_perl_TestIntegersDoubleOverflow_t" time="6.81877136230469e-05" />
    <testcase name="Equals (88)" classname="spec_perl_TestIntegersDoubleOverflow_t" time="0.000104904174804688" />
    <testcase name="Equals (89)" classname="spec_perl_TestIntegersDoubleOverflow_t" time="0.000101089477539062" />
    <testcase name="Equals (90)" classname="spec_perl_TestIntegersDoubleOverflow_t" time="0.000104904174804688" />
    <testcase name="Equals (91)" classname="spec_perl_TestIntegersDoubleOverflow_t" time="0.000101089477539062" />
  </testsuite>
  <testsuite name="spec_perl_TestOptionalId_t" errors="0" failures="0" skipped="0" tests="3" time="0.0397131443023682">
    <system-out>1..3
ok 1 - Equals
ok 2 - Equals
ok 3 - Equals
</system-out>
    <testcase name="Equals (92)" classname="spec_perl_TestOptionalId_t" time="0.0014808177947998" />
    <testcase name="Equals (93)" classname="spec_perl_TestOptionalId_t" time="8.10623168945312e-05" />
    <testcase name="Equals (94)" classname="spec_perl_TestOptionalId_t" time="5.41210174560547e-05" />
  </testsuite>
  <testsuite name="spec_perl_TestEnumLongRangeS_t" errors="0" failures="0" skipped="0" tests="7" time="0.0424849987030029">
    <system-out>1..7
ok 1 - Equals
ok 2 - Equals
ok 3 - Equals
ok 4 - Equals
ok 5 - Equals
ok 6 - Equals
ok 7 - Equals
</system-out>
    <testcase name="Equals (95)" classname="spec_perl_TestEnumLongRangeS_t" time="0.00186395645141602" />
    <testcase name="Equals (96)" classname="spec_perl_TestEnumLongRangeS_t" time="8.10623168945312e-05" />
    <testcase name="Equals (97)" classname="spec_perl_TestEnumLongRangeS_t" time="6.38961791992188e-05" />
    <testcase name="Equals (98)" classname="spec_perl_TestEnumLongRangeS_t" time="5.7220458984375e-05" />
    <testcase name="Equals (99)" classname="spec_perl_TestEnumLongRangeS_t" time="7.48634338378906e-05" />
    <testcase name="Equals (100)" classname="spec_perl_TestEnumLongRangeS_t" time="0.000102996826171875" />
    <testcase name="Equals (101)" classname="spec_perl_TestEnumLongRangeS_t" time="9.60826873779297e-05" />
  </testsuite>
  <testsuite name="spec_perl_TestEnumDeepLiterals_t" errors="0" failures="0" skipped="0" tests="2" time="0.042564868927002">
    <system-out>1..2
ok 1 - Equals
ok 2 - Equals
</system-out>
    <testcase name="Equals (102)" classname="spec_perl_TestEnumDeepLiterals_t" time="0.00169920921325684" />
    <testcase name="Equals (103)" classname="spec_perl_TestEnumDeepLiterals_t" time="8.98838043212891e-05" />
  </testsuite>
  <testsuite name="spec_perl_TestIoLocalVar_t" errors="0" failures="0" skipped="0" tests="2" time="0.0430901050567627">
    <system-out>1..2
ok 1 - Equals
ok 2 - Equals
</system-out>
    <testcase name="Equals (104)" classname="spec_perl_TestIoLocalVar_t" time="0.00197696685791016" />
    <testcase name="Equals (105)" classname="spec_perl_TestIoLocalVar_t" time="8.29696655273438e-05" />
  </testsuite>
  <testsuite name="spec_perl_TestExprIoPos_t" errors="0" failures="0" skipped="0" tests="6" time="0.0481870174407959">
    <system-out>1..6
ok 1 - Equals
ok 2 - Equals
ok 3 - Equals
ok 4 - Equals
ok 5 - Equals
ok 6 - Equals
</system-out>
    <testcase name="Equals (106)" classname="spec_perl_TestExprIoPos_t" time="0.00203418731689453" />
    <testcase name="Equals (107)" classname="spec_perl_TestExprIoPos_t" time="9.29832458496094e-05" />
    <testcase name="Equals (108)" classname="spec_perl_TestExprIoPos_t" time="4.88758087158203e-05" />
    <testcase name="Equals (109)" classname="spec_perl_TestExprIoPos_t" time="7.10487365722656e-05" />
    <testcase name="Equals (110)" classname="spec_perl_TestExprIoPos_t" time="5.69820404052734e-05" />
    <testcase name="Equals (111)" classname="spec_perl_TestExprIoPos_t" time="5.50746917724609e-05" />
  </testsuite>
  <testsuite name="spec_perl_TestInstanceUserArray_t" errors="0" failures="0" skipped="0" tests="10" time="0.0415289402008057">
    <system-out>1..10
ok 1 - Equals
ok 2 - Equals
ok 3 - Equals
ok 4 - Equals
ok 5 - Equals
ok 6 - Equals
ok 7 - Equals
ok 8 - Equals
ok 9 - Equals
ok 10 - Equals
</system-out>
    <testcase name="Equals (112)" classname="spec_perl_TestInstanceUserArray_t" time="0.00154304504394531" />
    <testcase name="Equals (113)" classname="spec_perl_TestInstanceUserArray_t" time="8.60691070556641e-05" />
    <testcase name="Equals (114)" classname="spec_perl_TestInstanceUserArray_t" time="6.29425048828125e-05" />
    <testcase name="Equals (115)" classname="spec_perl_TestInstanceUserArray_t" time="0.000638961791992188" />
    <testcase name="Equals (116)" classname="spec_perl_TestInstanceUserArray_t" time="8.60691070556641e-05" />
    <testcase name="Equals (117)" classname="spec_perl_TestInstanceUserArray_t" time="0.000180959701538086" />
    <testcase name="Equals (118)" classname="spec_perl_TestInstanceUserArray_t" time="7.60555267333984e-05" />
    <testcase name="Equals (119)" classname="spec_perl_TestInstanceUserArray_t" time="0.000179052352905273" />
    <testcase name="Equals (120)" classname="spec_perl_TestInstanceUserArray_t" time="6.4849853515625e-05" />
    <testcase name="Equals (121)" classname="spec_perl_TestInstanceUserArray_t" time="5.60283660888672e-05" />
  </testsuite>
  <testsuite name="spec_perl_TestNavRoot_t" errors="0" failures="0" skipped="0" tests="5" time="0.0461108684539795">
    <system-out>1..5
ok 1 - Equals
ok 2 - Equals
ok 3 - Equals
ok 4 - Equals
ok 5 - Equals
</system-out>
    <testcase name="Equals (122)" classname="spec_perl_TestNavRoot_t" time="0.00150895118713379" />
    <testcase name="Equals (123)" classname="spec_perl_TestNavRoot_t" time="7.91549682617188e-05" />
    <testcase name="Equals (124)" classname="spec_perl_TestNavRoot_t" time="6.19888305664062e-05" />
    <testcase name="Equals (125)" classname="spec_perl_TestNavRoot_t" time="5.60283660888672e-05" />
    <testcase name="Equals (126)" classname="spec_perl_TestNavRoot_t" time="0.000104904174804688" />
  </testsuite>
  <testsuite name="spec_perl_TestProcessCoerceBytes_t" errors="0" failures="0" skipped="0" tests="4" time="0.0427088737487793">
    <system-out>1..4
ok 1 - Equals
ok 2 - Equals
ok 3 - Equals
ok 4 - Equals
</system-out>
    <testcase name="Equals (127)" classname="spec_perl_TestProcessCoerceBytes_t" time="0.00152993202209473" />
    <testcase name="Equals (128)" classname="spec_perl_TestProcessCoerceBytes_t" time="8.51154327392578e-05" />
    <testcase name="Equals (129)" classname="spec_perl_TestProcessCoerceBytes_t" time="4.69684600830078e-05" />
    <testcase name="Equals (130)" classname="spec_perl_TestProcessCoerceBytes_t" time="5.60283660888672e-05" />
  </testsuite>
  <testsuite name="spec_perl_TestTsPacketHeader_t" errors="0" failures="0" skipped="0" tests="7" time="0.0413582324981689">
    <system-out>1..7
ok 1 - Equals
ok 2 - Equals
ok 3 - Equals
ok 4 - Equals
ok 5 - Equals
ok 6 - Equals
ok 7 - Equals
</system-out>
    <testcase name="Equals (131)" classname="spec_perl_TestTsPacketHeader_t" time="0.00177788734436035" />
    <testcase name="Equals (132)" classname="spec_perl_TestTsPacketHeader_t" time="9.41753387451172e-05" />
    <testcase name="Equals (133)" classname="spec_perl_TestTsPacketHeader_t" time="5.10215759277344e-05" />
    <testcase name="Equals (134)" classname="spec_perl_TestTsPacketHeader_t" time="7.39097595214844e-05" />
    <testcase name="Equals (135)" classname="spec_perl_TestTsPacketHeader_t" time="5.10215759277344e-05" />
    <testcase name="Equals (136)" classname="spec_perl_TestTsPacketHeader_t" time="6.29425048828125e-05" />
    <testcase name="Equals (137)" classname="spec_perl_TestTsPacketHeader_t" time="5.60283660888672e-05" />
  </testsuite>
  <testsuite name="spec_perl_TestZlibSurrounded_t" errors="0" failures="0" skipped="0" tests="1" time="0.0767791271209717">
    <system-out>1..1
ok 1 - Equals
</system-out>
    <testcase name="Equals (138)" classname="spec_perl_TestZlibSurrounded_t" time="0.00230097770690918" />
  </testsuite>
  <testsuite name="spec_perl_TestExprArray_t" errors="0" failures="1" skipped="0" tests="15" time="0.0479488372802734">
    <system-out>1..15
ok 1 - Equals
ok 2 - Equals
ok 3 - Equals
ok 4 - Equals
ok 5 - Equals
ok 6 - Equals
ok 7 - Approx equals
ok 8 - Approx equals
not ok 9 - Approx equals
ok 10 - Approx equals
ok 11 - Equals
ok 12 - Equals
ok 13 - Equals
ok 14 - Equals
ok 15 - Equals
</system-out>
    <testcase name="Equals (139)" classname="spec_perl_TestExprArray_t" time="0.0016179084777832" />
    <testcase name="Equals (140)" classname="spec_perl_TestExprArray_t" time="0.00018310546875" />
    <testcase name="Equals (141)" classname="spec_perl_TestExprArray_t" time="0.000113010406494141" />
    <testcase name="Equals (142)" classname="spec_perl_TestExprArray_t" time="8.48770141601562e-05" />
    <testcase name="Equals (143)" classname="spec_perl_TestExprArray_t" time="4.69684600830078e-05" />
    <testcase name="Equals (144)" classname="spec_perl_TestExprArray_t" time="0.000102996826171875" />
    <testcase name="Approx equals (144)" classname="spec_perl_TestExprArray_t" time="0.000116109848022461" />
    <testcase name="Approx equals (145)" classname="spec_perl_TestExprArray_t" time="4.69684600830078e-05" />
    <testcase name="Approx equals (146)" classname="spec_perl_TestExprArray_t" time="6.19888305664062e-05">
      <failure message="not ok 9 - Approx equals" type="TAP::Parser::Result::Test"></failure>
    </testcase>
    <testcase name="Approx equals (147)" classname="spec_perl_TestExprArray_t" time="6.29425048828125e-05" />
    <testcase name="Equals (147)" classname="spec_perl_TestExprArray_t" time="4.1961669921875e-05" />
    <testcase name="Equals (148)" classname="spec_perl_TestExprArray_t" time="5.91278076171875e-05" />
    <testcase name="Equals (149)" classname="spec_perl_TestExprArray_t" time="4.10079956054688e-05" />
    <testcase name="Equals (150)" classname="spec_perl_TestExprArray_t" time="6.29425048828125e-05" />
    <testcase name="Equals (151)" classname="spec_perl_TestExprArray_t" time="5.69820404052734e-05" />
  </testsuite>
  <testsuite name="spec_perl_TestRepeatNStruct_t" errors="0" failures="0" skipped="0" tests="5" time="0.0406239032745361">
    <system-out>1..5
ok 1 - Equals
ok 2 - Equals
ok 3 - Equals
ok 4 - Equals
ok 5 - Equals
</system-out>
    <testcase name="Equals (152)" classname="spec_perl_TestRepeatNStruct_t" time="0.00160384178161621" />
    <testcase name="Equals (153)" classname="spec_perl_TestRepeatNStruct_t" time="8.41617584228516e-05" />
    <testcase name="Equals (154)" classname="spec_perl_TestRepeatNStruct_t" time="5.38825988769531e-05" />
    <testcase name="Equals (155)" classname="spec_perl_TestRepeatNStruct_t" time="6.38961791992188e-05" />
    <testcase name="Equals (156)" classname="spec_perl_TestRepeatNStruct_t" time="6.22272491455078e-05" />
  </testsuite>
  <testsuite name="spec_perl_TestExprIntDiv_t" errors="0" failures="2" skipped="0" tests="6" time="0.0457079410552979">
    <system-out>1..6
ok 1 - Equals
ok 2 - Equals
ok 3 - Equals
not ok 4 - Equals
ok 5 - Equals
not ok 6 - Equals
</system-out>
    <testcase name="Equals (157)" classname="spec_perl_TestExprIntDiv_t" time="0.00173521041870117" />
    <testcase name="Equals (158)" classname="spec_perl_TestExprIntDiv_t" time="0.000120878219604492" />
    <testcase name="Equals (159)" classname="spec_perl_TestExprIntDiv_t" time="0.000124931335449219" />
    <testcase name="Equals (160)" classname="spec_perl_TestExprIntDiv_t" time="9.29832458496094e-05">
      <failure message="not ok 4 - Equals" type="TAP::Parser::Result::Test"></failure>
    </testcase>
    <testcase name="Equals (161)" classname="spec_perl_TestExprIntDiv_t" time="0.000687122344970703" />
    <testcase name="Equals (162)" classname="spec_perl_TestExprIntDiv_t" time="0.00076603889465332">
      <failure message="not ok 6 - Equals" type="TAP::Parser::Result::Test"></failure>
    </testcase>
  </testsuite>
  <testsuite name="spec_perl_TestSwitchRepeatExprInvalid_t" errors="0" failures="0" skipped="0" tests="3" time="0.0382759571075439">
    <system-out>1..3
ok 1 - Equals
ok 2 - Equals
ok 3 - Equals
</system-out>
    <testcase name="Equals (163)" classname="spec_perl_TestSwitchRepeatExprInvalid_t" time="0.00138998031616211" />
    <testcase name="Equals (164)" classname="spec_perl_TestSwitchRepeatExprInvalid_t" time="8.79764556884766e-05" />
    <testcase name="Equals (165)" classname="spec_perl_TestSwitchRepeatExprInvalid_t" time="9.89437103271484e-05" />
  </testsuite>
  <testsuite name="spec_perl_TestEnumInvalid_t" errors="0" failures="0" skipped="0" tests="2" time="0.0409798622131348">
    <system-out>1..2
ok 1 - Equals
ok 2 - Equals
</system-out>
    <testcase name="Equals (166)" classname="spec_perl_TestEnumInvalid_t" time="0.0017390251159668" />
    <testcase name="Equals (167)" classname="spec_perl_TestEnumInvalid_t" time="9.29832458496094e-05" />
  </testsuite>
  <testsuite name="spec_perl_TestBitsSeqEndianCombo_t" errors="0" failures="0" skipped="0" tests="8" time="0.0434679985046387">
    <system-out>1..8
ok 1 - Equals
ok 2 - Equals
ok 3 - Equals
ok 4 - Equals
ok 5 - Equals
ok 6 - Equals
ok 7 - Equals
ok 8 - Equals
</system-out>
    <testcase name="Equals (168)" classname="spec_perl_TestBitsSeqEndianCombo_t" time="0.00194716453552246" />
    <testcase name="Equals (169)" classname="spec_perl_TestBitsSeqEndianCombo_t" time="9.39369201660156e-05" />
    <testcase name="Equals (170)" classname="spec_perl_TestBitsSeqEndianCombo_t" time="5.10215759277344e-05" />
    <testcase name="Equals (171)" classname="spec_perl_TestBitsSeqEndianCombo_t" time="6.38961791992188e-05" />
    <testcase name="Equals (172)" classname="spec_perl_TestBitsSeqEndianCombo_t" time="6.00814819335938e-05" />
    <testcase name="Equals (173)" classname="spec_perl_TestBitsSeqEndianCombo_t" time="8.20159912109375e-05" />
    <testcase name="Equals (174)" classname="spec_perl_TestBitsSeqEndianCombo_t" time="8.98838043212891e-05" />
    <testcase name="Equals (175)" classname="spec_perl_TestBitsSeqEndianCombo_t" time="8.89301300048828e-05" />
  </testsuite>
  <testsuite name="spec_perl_TestProcessCoerceUsertype1_t" errors="0" failures="0" skipped="0" tests="4" time="0.0409250259399414">
    <system-out>1..4
ok 1 - Equals
ok 2 - Equals
ok 3 - Equals
ok 4 - Equals
</system-out>
    <testcase name="Equals (176)" classname="spec_perl_TestProcessCoerceUsertype1_t" time="0.00186300277709961" />
    <testcase name="Equals (177)" classname="spec_perl_TestProcessCoerceUsertype1_t" time="8.392333984375e-05" />
    <testcase name="Equals (178)" classname="spec_perl_TestProcessCoerceUsertype1_t" time="8.91685485839844e-05" />
    <testcase name="Equals (179)" classname="spec_perl_TestProcessCoerceUsertype1_t" time="7.29560852050781e-05" />
  </testsuite>
  <testsuite name="spec_perl_TestExprSizeofType1_t" errors="0" failures="0" skipped="0" tests="2" time="0.0442910194396973">
    <system-out>1..2
ok 1 - Equals
ok 2 - Equals
</system-out>
    <testcase name="Equals (180)" classname="spec_perl_TestExprSizeofType1_t" time="0.00184488296508789" />
    <testcase name="Equals (181)" classname="spec_perl_TestExprSizeofType1_t" time="0.000112056732177734" />
  </testsuite>
  <testsuite name="spec_perl_TestDefaultEndianMod_t" errors="0" failures="0" skipped="0" tests="3" time="0.0421469211578369">
    <system-out>1..3
ok 1 - Equals
ok 2 - Equals
ok 3 - Equals
</system-out>
    <testcase name="Equals (182)" classname="spec_perl_TestDefaultEndianMod_t" time="0.00177097320556641" />
    <testcase name="Equals (183)" classname="spec_perl_TestDefaultEndianMod_t" time="9.60826873779297e-05" />
    <testcase name="Equals (184)" classname="spec_perl_TestDefaultEndianMod_t" time="5.00679016113281e-05" />
  </testsuite>
  <testsuite name="spec_perl_TestEnumFancy_t" errors="0" failures="0" skipped="0" tests="2" time="0.043956995010376">
    <system-out>1..2
ok 1 - Equals
ok 2 - Equals
</system-out>
    <testcase name="Equals (185)" classname="spec_perl_TestEnumFancy_t" time="0.00197196006774902" />
    <testcase name="Equals (186)" classname="spec_perl_TestEnumFancy_t" time="8.29696655273438e-05" />
  </testsuite>
  <testsuite name="spec_perl_TestBitsUnalignedB32Le_t" errors="0" failures="0" skipped="0" tests="3" time="0.0581240653991699">
    <system-out>1..3
ok 1 - Equals
ok 2 - Equals
ok 3 - Equals
</system-out>
    <testcase name="Equals (187)" classname="spec_perl_TestBitsUnalignedB32Le_t" time="0.00154304504394531" />
    <testcase name="Equals (188)" classname="spec_perl_TestBitsUnalignedB32Le_t" time="8.29696655273438e-05" />
    <testcase name="Equals (189)" classname="spec_perl_TestBitsUnalignedB32Le_t" time="0.000160932540893555" />
  </testsuite>
  <testsuite name="spec_perl_TestExprMod_t" errors="0" failures="0" skipped="0" tests="6" time="0.0422940254211426">
    <system-out>1..6
ok 1 - Equals
ok 2 - Equals
ok 3 - Equals
ok 4 - Equals
ok 5 - Equals
ok 6 - Equals
</system-out>
    <testcase name="Equals (190)" classname="spec_perl_TestExprMod_t" time="0.00168395042419434" />
    <testcase name="Equals (191)" classname="spec_perl_TestExprMod_t" time="7.70092010498047e-05" />
    <testcase name="Equals (192)" classname="spec_perl_TestExprMod_t" time="8.20159912109375e-05" />
    <testcase name="Equals (193)" classname="spec_perl_TestExprMod_t" time="7.79628753662109e-05" />
    <testcase name="Equals (194)" classname="spec_perl_TestExprMod_t" time="6.31809234619141e-05" />
    <testcase name="Equals (195)" classname="spec_perl_TestExprMod_t" time="5.60283660888672e-05" />
  </testsuite>
  <testsuite name="spec_perl_TestEnumNegative_t" errors="0" failures="0" skipped="0" tests="2" time="0.0414361953735352">
    <system-out>1..2
ok 1 - Equals
ok 2 - Equals
</system-out>
    <testcase name="Equals (196)" classname="spec_perl_TestEnumNegative_t" time="0.00161194801330566" />
    <testcase name="Equals (197)" classname="spec_perl_TestEnumNegative_t" time="8.60691070556641e-05" />
  </testsuite>
  <testsuite name="spec_perl_TestStrPadTerm_t" errors="0" failures="0" skipped="0" tests="4" time="0.0472438335418701">
    <system-out>1..4
ok 1 - Equals
ok 2 - Equals
ok 3 - Equals
ok 4 - Equals
</system-out>
    <testcase name="Equals (198)" classname="spec_perl_TestStrPadTerm_t" time="0.00159192085266113" />
    <testcase name="Equals (199)" classname="spec_perl_TestStrPadTerm_t" time="0.000108957290649414" />
    <testcase name="Equals (200)" classname="spec_perl_TestStrPadTerm_t" time="8.70227813720703e-05" />
    <testcase name="Equals (201)" classname="spec_perl_TestStrPadTerm_t" time="6.60419464111328e-05" />
  </testsuite>
  <testsuite name="spec_perl_TestRepeatUntilCalcArrayType_t" errors="0" failures="0" skipped="0" tests="7" time="0.0430090427398682">
    <system-out>1..7
ok 1 - Equals
ok 2 - Equals
ok 3 - Equals
ok 4 - Equals
ok 5 - Equals
ok 6 - Equals
ok 7 - Equals
</system-out>
    <testcase name="Equals (202)" classname="spec_perl_TestRepeatUntilCalcArrayType_t" time="0.0022270679473877" />
    <testcase name="Equals (203)" classname="spec_perl_TestRepeatUntilCalcArrayType_t" time="0.000101089477539062" />
    <testcase name="Equals (204)" classname="spec_perl_TestRepeatUntilCalcArrayType_t" time="4.98294830322266e-05" />
    <testcase name="Equals (205)" classname="spec_perl_TestRepeatUntilCalcArrayType_t" time="7.00950622558594e-05" />
    <testcase name="Equals (206)" classname="spec_perl_TestRepeatUntilCalcArrayType_t" time="6.19888305664062e-05" />
    <testcase name="Equals (207)" classname="spec_perl_TestRepeatUntilCalcArrayType_t" time="5.79357147216797e-05" />
    <testcase name="Equals (208)" classname="spec_perl_TestRepeatUntilCalcArrayType_t" time="6.19888305664062e-05" />
  </testsuite>
  <testsuite name="spec_perl_TestNavParent2_t" errors="0" failures="0" skipped="0" tests="10" time="0.0520329475402832">
    <system-out>1..10
ok 1 - Equals
ok 2 - Equals
ok 3 - Equals
ok 4 - Equals
ok 5 - Equals
ok 6 - Equals
ok 7 - Equals
ok 8 - Equals
ok 9 - Equals
ok 10 - Equals
</system-out>
    <testcase name="Equals (209)" classname="spec_perl_TestNavParent2_t" time="0.00205206871032715" />
    <testcase name="Equals (210)" classname="spec_perl_TestNavParent2_t" time="9.39369201660156e-05" />
    <testcase name="Equals (211)" classname="spec_perl_TestNavParent2_t" time="4.88758087158203e-05" />
    <testcase name="Equals (212)" classname="spec_perl_TestNavParent2_t" time="6.103515625e-05" />
    <testcase name="Equals (213)" classname="spec_perl_TestNavParent2_t" time="4.31537628173828e-05" />
    <testcase name="Equals (214)" classname="spec_perl_TestNavParent2_t" time="0.000114917755126953" />
    <testcase name="Equals (215)" classname="spec_perl_TestNavParent2_t" time="7.79628753662109e-05" />
    <testcase name="Equals (216)" classname="spec_perl_TestNavParent2_t" time="0.000152111053466797" />
    <testcase name="Equals (217)" classname="spec_perl_TestNavParent2_t" time="0.000264883041381836" />
    <testcase name="Equals (218)" classname="spec_perl_TestNavParent2_t" time="9.60826873779297e-05" />
  </testsuite>
  <testsuite name="spec_perl_TestIndexToParamUntil_t" errors="0" failures="2" skipped="0" tests="7" time="0.0560688972473145">
    <system-out>1..7
ok 1 - Equals
ok 2 - Equals
ok 3 - Equals
ok 4 - Equals
ok 5 - Equals
not ok 6 - Equals
not ok 7 - Equals
</system-out>
    <testcase name="Equals (219)" classname="spec_perl_TestIndexToParamUntil_t" time="0.00322604179382324" />
    <testcase name="Equals (220)" classname="spec_perl_TestIndexToParamUntil_t" time="0.00014805793762207" />
    <testcase name="Equals (221)" classname="spec_perl_TestIndexToParamUntil_t" time="4.60147857666016e-05" />
    <testcase name="Equals (222)" classname="spec_perl_TestIndexToParamUntil_t" time="5.79357147216797e-05" />
    <testcase name="Equals (223)" classname="spec_perl_TestIndexToParamUntil_t" time="6.103515625e-05" />
    <testcase name="Equals (224)" classname="spec_perl_TestIndexToParamUntil_t" time="6.69956207275391e-05">
      <failure message="not ok 6 - Equals" type="TAP::Parser::Result::Test"></failure>
    </testcase>
    <testcase name="Equals (225)" classname="spec_perl_TestIndexToParamUntil_t" time="0.000823020935058594">
      <failure message="not ok 7 - Equals" type="TAP::Parser::Result::Test"></failure>
    </testcase>
  </testsuite>
  <testsuite name="spec_perl_TestTypeIntUnaryOp_t" errors="0" failures="0" skipped="0" tests="4" time="0.0414700508117676">
    <system-out>1..4
ok 1 - Equals
ok 2 - Equals
ok 3 - Equals
ok 4 - Equals
</system-out>
    <testcase name="Equals (226)" classname="spec_perl_TestTypeIntUnaryOp_t" time="0.00194191932678223" />
    <testcase name="Equals (227)" classname="spec_perl_TestTypeIntUnaryOp_t" time="0.000121116638183594" />
    <testcase name="Equals (228)" classname="spec_perl_TestTypeIntUnaryOp_t" time="0.000114917755126953" />
    <testcase name="Equals (229)" classname="spec_perl_TestTypeIntUnaryOp_t" time="9.48905944824219e-05" />
  </testsuite>
  <testsuite name="spec_perl_TestBytesPadTerm_t" errors="0" failures="0" skipped="0" tests="4" time="0.0424258708953857">
    <system-out>1..4
ok 1 - Equals
ok 2 - Equals
ok 3 - Equals
ok 4 - Equals
</system-out>
    <testcase name="Equals (230)" classname="spec_perl_TestBytesPadTerm_t" time="0.00162482261657715" />
    <testcase name="Equals (231)" classname="spec_perl_TestBytesPadTerm_t" time="0.000113010406494141" />
    <testcase name="Equals (232)" classname="spec_perl_TestBytesPadTerm_t" time="6.29425048828125e-05" />
    <testcase name="Equals (233)" classname="spec_perl_TestBytesPadTerm_t" time="5.81741333007812e-05" />
  </testsuite>
  <testsuite name="spec_perl_TestImportsAbsRel_t" errors="0" failures="0" skipped="0" tests="3" time="0.0436019897460938">
    <system-out>1..3
ok 1 - Equals
ok 2 - Equals
ok 3 - Equals
</system-out>
    <testcase name="Equals (234)" classname="spec_perl_TestImportsAbsRel_t" time="0.00169706344604492" />
    <testcase name="Equals (235)" classname="spec_perl_TestImportsAbsRel_t" time="9.10758972167969e-05" />
    <testcase name="Equals (236)" classname="spec_perl_TestImportsAbsRel_t" time="6.58035278320312e-05" />
  </testsuite>
  <testsuite name="spec_perl_TestParamsCallShort_t" errors="0" failures="3" skipped="0" tests="3" time="0.0485098361968994">
    <system-out>1..3
not ok 1 - Equals
not ok 2 - Equals
not ok 3 - Equals
</system-out>
    <testcase name="Equals (237)" classname="spec_perl_TestParamsCallShort_t" time="0.00287818908691406">
      <failure message="not ok 1 - Equals" type="TAP::Parser::Result::Test"></failure>
    </testcase>
    <testcase name="Equals (238)" classname="spec_perl_TestParamsCallShort_t" time="0.000545024871826172">
      <failure message="not ok 2 - Equals" type="TAP::Parser::Result::Test"></failure>
    </testcase>
    <testcase name="Equals (239)" classname="spec_perl_TestParamsCallShort_t" time="0.000159978866577148">
      <failure message="not ok 3 - Equals" type="TAP::Parser::Result::Test"></failure>
    </testcase>
  </testsuite>
  <testsuite name="spec_perl_TestSwitchManualEnumInvalidElse_t" errors="0" failures="0" skipped="0" tests="5" time="0.0478751659393311">
    <system-out>1..5
ok 1 - Equals
ok 2 - Equals
ok 3 - Equals
ok 4 - Equals
ok 5 - Equals
</system-out>
    <testcase name="Equals (240)" classname="spec_perl_TestSwitchManualEnumInvalidElse_t" time="0.00190591812133789" />
    <testcase name="Equals (241)" classname="spec_perl_TestSwitchManualEnumInvalidElse_t" time="9.60826873779297e-05" />
    <testcase name="Equals (242)" classname="spec_perl_TestSwitchManualEnumInvalidElse_t" time="5.91278076171875e-05" />
    <testcase name="Equals (243)" classname="spec_perl_TestSwitchManualEnumInvalidElse_t" time="6.58035278320312e-05" />
    <testcase name="Equals (244)" classname="spec_perl_TestSwitchManualEnumInvalidElse_t" time="5.60283660888672e-05" />
  </testsuite>
  <testsuite name="spec_perl_TestMetaXref_t" errors="0" failures="0" skipped="1" tests="1" time="0.041283130645752">
    <system-out>1..1
ok 1 # skip MetaXref=HASH(0x55a6c6c7c288)
</system-out>
    <testcase name="Unnamed test case 244" classname="spec_perl_TestMetaXref_t" time="0.00191879272460938">
      <skipped message="ok 1 # skip MetaXref=HASH(0x55a6c6c7c288)" />
    </testcase>
  </testsuite>
  <testsuite name="spec_perl_TestRepeatEosStruct_t" errors="0" failures="0" skipped="0" tests="5" time="0.0405271053314209">
    <system-out>1..5
ok 1 - Equals
ok 2 - Equals
ok 3 - Equals
ok 4 - Equals
ok 5 - Equals
</system-out>
    <testcase name="Equals (245)" classname="spec_perl_TestRepeatEosStruct_t" time="0.00144290924072266" />
    <testcase name="Equals (246)" classname="spec_perl_TestRepeatEosStruct_t" time="8.70227813720703e-05" />
    <testcase name="Equals (247)" classname="spec_perl_TestRepeatEosStruct_t" time="6.50882720947266e-05" />
    <testcase name="Equals (248)" classname="spec_perl_TestRepeatEosStruct_t" time="6.29425048828125e-05" />
    <testcase name="Equals (249)" classname="spec_perl_TestRepeatEosStruct_t" time="5.69820404052734e-05" />
  </testsuite>
  <testsuite name="spec_perl_TestStrLiterals2_t" errors="0" failures="0" skipped="0" tests="4" time="0.0393800735473633">
    <system-out>1..4
ok 1 - Equals
ok 2 - Equals
ok 3 - Equals
ok 4 - Equals
</system-out>
    <testcase name="Equals (250)" classname="spec_perl_TestStrLiterals2_t" time="0.00141596794128418" />
    <testcase name="Equals (251)" classname="spec_perl_TestStrLiterals2_t" time="8.48770141601562e-05" />
    <testcase name="Equals (252)" classname="spec_perl_TestStrLiterals2_t" time="7.20024108886719e-05" />
    <testcase name="Equals (253)" classname="spec_perl_TestStrLiterals2_t" time="6.81877136230469e-05" />
  </testsuite>
  <testsuite name="spec_perl_TestIndexSizes_t" errors="0" failures="0" skipped="0" tests="7" time="0.0474119186401367">
    <system-out>1..7
ok 1 - Equals
ok 2 - Equals
ok 3 - Equals
ok 4 - Equals
ok 5 - Equals
ok 6 - Equals
ok 7 - Equals
</system-out>
    <testcase name="Equals (254)" classname="spec_perl_TestIndexSizes_t" time="0.00163602828979492" />
    <testcase name="Equals (255)" classname="spec_perl_TestIndexSizes_t" time="9.10758972167969e-05" />
    <testcase name="Equals (256)" classname="spec_perl_TestIndexSizes_t" time="4.88758087158203e-05" />
    <testcase name="Equals (257)" classname="spec_perl_TestIndexSizes_t" time="7.79628753662109e-05" />
    <testcase name="Equals (258)" classname="spec_perl_TestIndexSizes_t" time="6.31809234619141e-05" />
    <testcase name="Equals (259)" classname="spec_perl_TestIndexSizes_t" time="5.79357147216797e-05" />
    <testcase name="Equals (260)" classname="spec_perl_TestIndexSizes_t" time="5.50746917724609e-05" />
  </testsuite>
  <testsuite name="spec_perl_TestIndexToParamExpr_t" errors="0" failures="2" skipped="0" tests="7" time="0.0517098903656006">
    <system-out>1..7
ok 1 - Equals
ok 2 - Equals
ok 3 - Equals
ok 4 - Equals
ok 5 - Equals
not ok 6 - Equals
not ok 7 - Equals
</system-out>
    <testcase name="Equals (261)" classname="spec_perl_TestIndexToParamExpr_t" time="0.00257396697998047" />
    <testcase name="Equals (262)" classname="spec_perl_TestIndexToParamExpr_t" time="8.89301300048828e-05" />
    <testcase name="Equals (263)" classname="spec_perl_TestIndexToParamExpr_t" time="4.69684600830078e-05" />
    <testcase name="Equals (264)" classname="spec_perl_TestIndexToParamExpr_t" time="0.000111103057861328" />
    <testcase name="Equals (265)" classname="spec_perl_TestIndexToParamExpr_t" time="0.000113010406494141" />
    <testcase name="Equals (266)" classname="spec_perl_TestIndexToParamExpr_t" time="0.000119924545288086">
      <failure message="not ok 6 - Equals" type="TAP::Parser::Result::Test"></failure>
    </testcase>
    <testcase name="Equals (267)" classname="spec_perl_TestIndexToParamExpr_t" time="0.00110197067260742">
      <failure message="not ok 7 - Equals" type="TAP::Parser::Result::Test"></failure>
    </testcase>
  </testsuite>
  <testsuite name="spec_perl_TestValidLong_t" errors="0" failures="0" skipped="1" tests="1" time="0.0455989837646484">
    <system-out>1..1
ok 1 # skip ValidLong=HASH(0x55d3f463f570)
</system-out>
    <testcase name="Unnamed test case 267" classname="spec_perl_TestValidLong_t" time="0.00226497650146484">
      <skipped message="ok 1 # skip ValidLong=HASH(0x55d3f463f570)" />
    </testcase>
  </testsuite>
  <testsuite name="spec_perl_TestEnumImport_t" errors="0" failures="2" skipped="0" tests="2" time="0.0443129539489746">
    <system-out>1..2
not ok 1 - Equals
not ok 2 - Equals
</system-out>
    <testcase name="Equals (268)" classname="spec_perl_TestEnumImport_t" time="0.00170087814331055">
      <failure message="not ok 1 - Equals" type="TAP::Parser::Result::Test"></failure>
    </testcase>
    <testcase name="Equals (269)" classname="spec_perl_TestEnumImport_t" time="0.000112056732177734">
      <failure message="not ok 2 - Equals" type="TAP::Parser::Result::Test"></failure>
    </testcase>
  </testsuite>
  <testsuite name="spec_perl_TestBitsUnalignedB64Be_t" errors="0" failures="0" skipped="0" tests="3" time="0.0485310554504395">
    <system-out>1..3
ok 1 - Equals
ok 2 - Equals
ok 3 - Equals
</system-out>
    <testcase name="Equals (270)" classname="spec_perl_TestBitsUnalignedB64Be_t" time="0.001708984375" />
    <testcase name="Equals (271)" classname="spec_perl_TestBitsUnalignedB64Be_t" time="0.000120162963867188" />
    <testcase name="Equals (272)" classname="spec_perl_TestBitsUnalignedB64Be_t" time="5.79357147216797e-05" />
  </testsuite>
  <testsuite name="spec_perl_TestExprEnum_t" errors="0" failures="0" skipped="0" tests="3" time="0.0416080951690674">
    <system-out>1..3
ok 1 - Equals
ok 2 - Equals
ok 3 - Equals
</system-out>
    <testcase name="Equals (273)" classname="spec_perl_TestExprEnum_t" time="0.0016021728515625" />
    <testcase name="Equals (274)" classname="spec_perl_TestExprEnum_t" time="8.08238983154297e-05" />
    <testcase name="Equals (275)" classname="spec_perl_TestExprEnum_t" time="6.69956207275391e-05" />
  </testsuite>
  <testsuite name="spec_perl_TestMultipleUse_t" errors="0" failures="0" skipped="0" tests="2" time="0.0421822071075439">
    <system-out>1..2
ok 1 - Equals
ok 2 - Equals
</system-out>
    <testcase name="Equals (276)" classname="spec_perl_TestMultipleUse_t" time="0.00161385536193848" />
    <testcase name="Equals (277)" classname="spec_perl_TestMultipleUse_t" time="0.000100135803222656" />
  </testsuite>
  <testsuite name="spec_perl_TestPositionToEnd_t" errors="0" failures="0" skipped="0" tests="2" time="0.0414137840270996">
    <system-out>1..2
ok 1 - Equals
ok 2 - Equals
</system-out>
    <testcase name="Equals (278)" classname="spec_perl_TestPositionToEnd_t" time="0.00155210494995117" />
    <testcase name="Equals (279)" classname="spec_perl_TestPositionToEnd_t" time="9.29832458496094e-05" />
  </testsuite>
  <testsuite name="spec_perl_TestNavParent_t" errors="0" failures="0" skipped="0" tests="5" time="0.046781063079834">
    <system-out>1..5
ok 1 - Equals
ok 2 - Equals
ok 3 - Equals
ok 4 - Equals
ok 5 - Equals
</system-out>
    <testcase name="Equals (280)" classname="spec_perl_TestNavParent_t" time="0.0018000602722168" />
    <testcase name="Equals (281)" classname="spec_perl_TestNavParent_t" time="8.48770141601562e-05" />
    <testcase name="Equals (282)" classname="spec_perl_TestNavParent_t" time="5.00679016113281e-05" />
    <testcase name="Equals (283)" classname="spec_perl_TestNavParent_t" time="6.103515625e-05" />
    <testcase name="Equals (284)" classname="spec_perl_TestNavParent_t" time="8.29696655273438e-05" />
  </testsuite>
  <testsuite name="spec_perl_TestParamsEnum_t" errors="0" failures="1" skipped="0" tests="2" time="0.0437591075897217">
    <system-out>1..2
ok 1 - Equals
not ok 2 - Equals
</system-out>
    <testcase name="Equals (285)" classname="spec_perl_TestParamsEnum_t" time="0.00162196159362793" />
    <testcase name="Equals (286)" classname="spec_perl_TestParamsEnum_t" time="9.51290130615234e-05">
      <failure message="not ok 2 - Equals" type="TAP::Parser::Result::Test"></failure>
    </testcase>
  </testsuite>
  <testsuite name="spec_perl_TestDebugEnumName_t" errors="1" failures="0" skipped="0" tests="0" time="0.0399680137634277">
    <system-out></system-out>
    <testcase name="Test died too soon, even before plan. (286)" classname="spec_perl_TestDebugEnumName_t" time="0.0399680137634277">
      <failure message="The test suite died before a plan was produced. You need to have a plan." type="Plan">No plan</failure>
    </testcase>
  </testsuite>
  <testsuite name="spec_perl_TestEofExceptionBytes_t" errors="0" failures="0" skipped="0" tests="1" time="0.044032096862793">
    <system-out>1..1
ok 1 - threw /^Requested \d+ bytes, but only \d+ bytes available/
</system-out>
    <testcase name="threw /^Requested \d+ bytes, but only \d+ bytes available/ (286)" classname="spec_perl_TestEofExceptionBytes_t" time="0.00173187255859375" />
  </testsuite>
  <testsuite name="spec_perl_TestNestedTypeParam_t" errors="0" failures="2" skipped="0" tests="2" time="0.0484771728515625">
    <system-out>1..2
not ok 1 - Equals
not ok 2 - Equals
</system-out>
    <testcase name="Equals (287)" classname="spec_perl_TestNestedTypeParam_t" time="0.00237679481506348">
      <failure message="not ok 1 - Equals" type="TAP::Parser::Result::Test"></failure>
    </testcase>
    <testcase name="Equals (288)" classname="spec_perl_TestNestedTypeParam_t" time="0.000169992446899414">
      <failure message="not ok 2 - Equals" type="TAP::Parser::Result::Test"></failure>
    </testcase>
  </testsuite>
  <testsuite name="spec_perl_TestRepeatUntilS4_t" errors="0" failures="0" skipped="0" tests="2" time="0.0463049411773682">
    <system-out>1..2
ok 1 - Equals
ok 2 - Equals
</system-out>
    <testcase name="Equals (289)" classname="spec_perl_TestRepeatUntilS4_t" time="0.0016019344329834" />
    <testcase name="Equals (290)" classname="spec_perl_TestRepeatUntilS4_t" time="8.60691070556641e-05" />
  </testsuite>
  <testsuite name="spec_perl_TestNavParentOverride_t" errors="0" failures="0" skipped="0" tests="3" time="0.0416181087493896">
    <system-out>1..3
ok 1 - Equals
ok 2 - Equals
ok 3 - Equals
</system-out>
    <testcase name="Equals (291)" classname="spec_perl_TestNavParentOverride_t" time="0.00181698799133301" />
    <testcase name="Equals (292)" classname="spec_perl_TestNavParentOverride_t" time="9.39369201660156e-05" />
    <testcase name="Equals (293)" classname="spec_perl_TestNavParentOverride_t" time="4.69684600830078e-05" />
  </testsuite>
  <testsuite name="spec_perl_TestValidSwitch_t" errors="0" failures="0" skipped="1" tests="1" time="0.03861403465271">
    <system-out>1..1
ok 1 # skip ValidSwitch=HASH(0x5639667d1eb0)
</system-out>
    <testcase name="Unnamed test case 293" classname="spec_perl_TestValidSwitch_t" time="0.00180912017822266">
      <skipped message="ok 1 # skip ValidSwitch=HASH(0x5639667d1eb0)" />
    </testcase>
  </testsuite>
  <testsuite name="spec_perl_TestImportsAbsAbs_t" errors="0" failures="0" skipped="0" tests="3" time="0.0406777858734131">
    <system-out>1..3
ok 1 - Equals
ok 2 - Equals
ok 3 - Equals
</system-out>
    <testcase name="Equals (294)" classname="spec_perl_TestImportsAbsAbs_t" time="0.00160098075866699" />
    <testcase name="Equals (295)" classname="spec_perl_TestImportsAbsAbs_t" time="0.00017094612121582" />
    <testcase name="Equals (296)" classname="spec_perl_TestImportsAbsAbs_t" time="7.20024108886719e-05" />
  </testsuite>
  <testsuite name="spec_perl_TestCastToImported_t" errors="0" failures="0" skipped="0" tests="2" time="0.04361891746521">
    <system-out>1..2
ok 1 - Equals
ok 2 - Equals
</system-out>
    <testcase name="Equals (297)" classname="spec_perl_TestCastToImported_t" time="0.00159597396850586" />
    <testcase name="Equals (298)" classname="spec_perl_TestCastToImported_t" time="0.000136137008666992" />
  </testsuite>
  <testsuite name="spec_perl_TestJsSignedRightShift_t" errors="0" failures="0" skipped="0" tests="2" time="0.0395231246948242">
    <system-out>1..2
ok 1 - Equals
ok 2 - Equals
</system-out>
    <testcase name="Equals (299)" classname="spec_perl_TestJsSignedRightShift_t" time="0.00147700309753418" />
    <testcase name="Equals (300)" classname="spec_perl_TestJsSignedRightShift_t" time="0.000109195709228516" />
  </testsuite>
  <testsuite name="spec_perl_TestParamsPassUsertype_t" errors="0" failures="1" skipped="1" tests="2" time="0.045525074005127">
    <system-out>1..2
not ok 1 - test_params_pass_usertype died (Can't call method &quot;foo&quot; on an undefined value at compiled/perl/ParamsPassUsertype.pm line 119.)
ok 2 # skip test_params_pass_usertype died
</system-out>
    <testcase name="test_params_pass_usertype died (Can't call method &quot;foo&quot; on an undefined value at compiled/perl/ParamsPassUsertype.pm line 119.) (300)" classname="spec_perl_TestParamsPassUsertype_t" time="0.00158381462097168">
      <failure message="not ok 1 - test_params_pass_usertype died (Can't call method &quot;foo&quot; on an undefined value at compiled/perl/ParamsPassUsertype.pm line 119.)" type="TAP::Parser::Result::Test"></failure>
    </testcase>
    <testcase name="Unnamed test case 300" classname="spec_perl_TestParamsPassUsertype_t" time="0.000114202499389648">
      <skipped message="ok 2 # skip test_params_pass_usertype died" />
    </testcase>
  </testsuite>
  <testsuite name="spec_perl_TestCastToTop_t" errors="0" failures="0" skipped="0" tests="3" time="0.0491998195648193">
    <system-out>1..3
ok 1 - Equals
ok 2 - Equals
ok 3 - Equals
</system-out>
    <testcase name="Equals (301)" classname="spec_perl_TestCastToTop_t" time="0.00188279151916504" />
    <testcase name="Equals (302)" classname="spec_perl_TestCastToTop_t" time="8.41617584228516e-05" />
    <testcase name="Equals (303)" classname="spec_perl_TestCastToTop_t" time="7.48634338378906e-05" />
  </testsuite>
  <testsuite name="spec_perl_TestBcdUserTypeBe_t" errors="0" failures="0" skipped="0" tests="6" time="0.0477969646453857">
    <system-out>1..6
ok 1 - Equals
ok 2 - Equals
ok 3 - Equals
ok 4 - Equals
ok 5 - Equals
ok 6 - Equals
</system-out>
    <testcase name="Equals (304)" classname="spec_perl_TestBcdUserTypeBe_t" time="0.0021359920501709" />
    <testcase name="Equals (305)" classname="spec_perl_TestBcdUserTypeBe_t" time="0.000117063522338867" />
    <testcase name="Equals (306)" classname="spec_perl_TestBcdUserTypeBe_t" time="0.000126838684082031" />
    <testcase name="Equals (307)" classname="spec_perl_TestBcdUserTypeBe_t" time="0.000111103057861328" />
    <testcase name="Equals (308)" classname="spec_perl_TestBcdUserTypeBe_t" time="0.000102996826171875" />
    <testcase name="Equals (309)" classname="spec_perl_TestBcdUserTypeBe_t" time="0.000136852264404297" />
  </testsuite>
  <testsuite name="spec_perl_TestEnumLongRangeU_t" errors="0" failures="0" skipped="0" tests="4" time="0.0418858528137207">
    <system-out>1..4
ok 1 - Equals
ok 2 - Equals
ok 3 - Equals
ok 4 - Equals
</system-out>
    <testcase name="Equals (310)" classname="spec_perl_TestEnumLongRangeU_t" time="0.00170111656188965" />
    <testcase name="Equals (311)" classname="spec_perl_TestEnumLongRangeU_t" time="9.29832458496094e-05" />
    <testcase name="Equals (312)" classname="spec_perl_TestEnumLongRangeU_t" time="4.91142272949219e-05" />
    <testcase name="Equals (313)" classname="spec_perl_TestEnumLongRangeU_t" time="6.07967376708984e-05" />
  </testsuite>
  <testsuite name="spec_perl_TestZlibWithHeader78_t" errors="0" failures="0" skipped="0" tests="1" time="0.0745148658752441">
    <system-out>1..1
ok 1 - Equals
</system-out>
    <testcase name="Equals (314)" classname="spec_perl_TestZlibWithHeader78_t" time="0.00192403793334961" />
  </testsuite>
  <testsuite name="spec_perl_TestSwitchManualIntElse_t" errors="0" failures="0" skipped="0" tests="9" time="0.0785610675811768">
    <system-out>1..9
ok 1 - Equals
ok 2 - Equals
ok 3 - Equals
ok 4 - Equals
ok 5 - Equals
ok 6 - Equals
ok 7 - Equals
ok 8 - Equals
ok 9 - Equals
</system-out>
    <testcase name="Equals (315)" classname="spec_perl_TestSwitchManualIntElse_t" time="0.0017850399017334" />
    <testcase name="Equals (316)" classname="spec_perl_TestSwitchManualIntElse_t" time="0.000104904174804688" />
    <testcase name="Equals (317)" classname="spec_perl_TestSwitchManualIntElse_t" time="5.50746917724609e-05" />
    <testcase name="Equals (318)" classname="spec_perl_TestSwitchManualIntElse_t" time="7.48634338378906e-05" />
    <testcase name="Equals (319)" classname="spec_perl_TestSwitchManualIntElse_t" time="4.81605529785156e-05" />
    <testcase name="Equals (320)" classname="spec_perl_TestSwitchManualIntElse_t" time="6.29425048828125e-05" />
    <testcase name="Equals (321)" classname="spec_perl_TestSwitchManualIntElse_t" time="6.4849853515625e-05" />
    <testcase name="Equals (322)" classname="spec_perl_TestSwitchManualIntElse_t" time="6.19888305664062e-05" />
    <testcase name="Equals (323)" classname="spec_perl_TestSwitchManualIntElse_t" time="0.000128030776977539" />
  </testsuite>
  <testsuite name="spec_perl_TestBitsUnalignedB64Le_t" errors="0" failures="0" skipped="0" tests="3" time="0.041834831237793">
    <system-out>1..3
ok 1 - Equals
ok 2 - Equals
ok 3 - Equals
</system-out>
    <testcase name="Equals (324)" classname="spec_perl_TestBitsUnalignedB64Le_t" time="0.00174093246459961" />
    <testcase name="Equals (325)" classname="spec_perl_TestBitsUnalignedB64Le_t" time="0.000112056732177734" />
    <testcase name="Equals (326)" classname="spec_perl_TestBitsUnalignedB64Le_t" time="5.79357147216797e-05" />
  </testsuite>
  <testsuite name="spec_perl_TestStrPadTermEmpty_t" errors="0" failures="0" skipped="0" tests="4" time="0.0536339282989502">
    <system-out>1..4
ok 1 - Equals
ok 2 - Equals
ok 3 - Equals
ok 4 - Equals
</system-out>
    <testcase name="Equals (327)" classname="spec_perl_TestStrPadTermEmpty_t" time="0.00319004058837891" />
    <testcase name="Equals (328)" classname="spec_perl_TestStrPadTermEmpty_t" time="0.000104904174804688" />
    <testcase name="Equals (329)" classname="spec_perl_TestStrPadTermEmpty_t" time="4.91142272949219e-05" />
    <testcase name="Equals (330)" classname="spec_perl_TestStrPadTermEmpty_t" time="6.29425048828125e-05" />
  </testsuite>
  <testsuite name="spec_perl_TestStrEncodingsDefault_t" errors="0" failures="0" skipped="0" tests="4" time="0.0519740581512451">
    <system-out>1..4
ok 1 - Equals
ok 2 - Equals
ok 3 - Equals
ok 4 - Equals
</system-out>
    <testcase name="Equals (331)" classname="spec_perl_TestStrEncodingsDefault_t" time="0.006134033203125" />
    <testcase name="Equals (332)" classname="spec_perl_TestStrEncodingsDefault_t" time="8.98838043212891e-05" />
    <testcase name="Equals (333)" classname="spec_perl_TestStrEncodingsDefault_t" time="6.60419464111328e-05" />
    <testcase name="Equals (334)" classname="spec_perl_TestStrEncodingsDefault_t" time="5.91278076171875e-05" />
  </testsuite>
  <testsuite name="spec_perl_TestExpr3_t" errors="0" failures="0" skipped="0" tests="12" time="0.0477709770202637">
    <system-out>1..12
ok 1 - Equals
ok 2 - Equals
ok 3 - Equals
ok 4 - Equals
ok 5 - Equals
ok 6 - Equals
ok 7 - Equals
ok 8 - Equals
ok 9 - Equals
ok 10 - Equals
ok 11 - Equals
ok 12 - Equals
</system-out>
    <testcase name="Equals (335)" classname="spec_perl_TestExpr3_t" time="0.00142407417297363" />
    <testcase name="Equals (336)" classname="spec_perl_TestExpr3_t" time="8.58306884765625e-05" />
    <testcase name="Equals (337)" classname="spec_perl_TestExpr3_t" time="4.60147857666016e-05" />
    <testcase name="Equals (338)" classname="spec_perl_TestExpr3_t" time="6.69956207275391e-05" />
    <testcase name="Equals (339)" classname="spec_perl_TestExpr3_t" time="5.69820404052734e-05" />
    <testcase name="Equals (340)" classname="spec_perl_TestExpr3_t" time="5.41210174560547e-05" />
    <testcase name="Equals (341)" classname="spec_perl_TestExpr3_t" time="0.000112056732177734" />
    <testcase name="Equals (342)" classname="spec_perl_TestExpr3_t" time="7.70092010498047e-05" />
    <testcase name="Equals (343)" classname="spec_perl_TestExpr3_t" time="0.000105857849121094" />
    <testcase name="Equals (344)" classname="spec_perl_TestExpr3_t" time="8.79764556884766e-05" />
    <testcase name="Equals (345)" classname="spec_perl_TestExpr3_t" time="0.000115156173706055" />
    <testcase name="Equals (346)" classname="spec_perl_TestExpr3_t" time="9.79900360107422e-05" />
  </testsuite>
  <testsuite name="spec_perl_TestBitsShiftByB64Le_t" errors="0" failures="0" skipped="0" tests="2" time="0.0418119430541992">
    <system-out>1..2
ok 1 - Equals
ok 2 - Equals
</system-out>
    <testcase name="Equals (347)" classname="spec_perl_TestBitsShiftByB64Le_t" time="0.00157499313354492" />
    <testcase name="Equals (348)" classname="spec_perl_TestBitsShiftByB64Le_t" time="7.82012939453125e-05" />
  </testsuite>
  <testsuite name="spec_perl_TestSwitchIntegers_t" errors="0" failures="0" skipped="0" tests="9" time="0.0423111915588379">
    <system-out>1..9
ok 1 - Equals
ok 2 - Equals
ok 3 - Equals
ok 4 - Equals
ok 5 - Equals
ok 6 - Equals
ok 7 - Equals
ok 8 - Equals
ok 9 - Equals
</system-out>
    <testcase name="Equals (349)" classname="spec_perl_TestSwitchIntegers_t" time="0.00154304504394531" />
    <testcase name="Equals (350)" classname="spec_perl_TestSwitchIntegers_t" time="0.000147104263305664" />
    <testcase name="Equals (351)" classname="spec_perl_TestSwitchIntegers_t" time="5.50746917724609e-05" />
    <testcase name="Equals (352)" classname="spec_perl_TestSwitchIntegers_t" time="6.29425048828125e-05" />
    <testcase name="Equals (353)" classname="spec_perl_TestSwitchIntegers_t" time="5.69820404052734e-05" />
    <testcase name="Equals (354)" classname="spec_perl_TestSwitchIntegers_t" time="0.000114917755126953" />
    <testcase name="Equals (355)" classname="spec_perl_TestSwitchIntegers_t" time="6.00814819335938e-05" />
    <testcase name="Equals (356)" classname="spec_perl_TestSwitchIntegers_t" time="0.000186920166015625" />
    <testcase name="Equals (357)" classname="spec_perl_TestSwitchIntegers_t" time="0.000154018402099609" />
  </testsuite>
  <testsuite name="spec_perl_TestParamsPassArrayStr_t" errors="0" failures="1" skipped="6" tests="7" time="0.0478799343109131">
    <system-out>1..7
not ok 1 - test_params_pass_array_str died (Can't use an undefined value as an ARRAY reference at spec/perl/TestParamsPassArrayStr.t line 14.)
ok 2 # skip test_params_pass_array_str died
ok 3 # skip test_params_pass_array_str died
ok 4 # skip test_params_pass_array_str died
ok 5 # skip test_params_pass_array_str died
ok 6 # skip test_params_pass_array_str died
ok 7 # skip test_params_pass_array_str died
</system-out>
    <testcase name="test_params_pass_array_str died (Can't use an undefined value as an ARRAY reference at spec/perl/TestParamsPassArrayStr.t line 14.) (357)" classname="spec_perl_TestParamsPassArrayStr_t" time="0.00152206420898438">
      <failure message="not ok 1 - test_params_pass_array_str died (Can't use an undefined value as an ARRAY reference at spec/perl/TestParamsPassArrayStr.t line 14.)" type="TAP::Parser::Result::Test"></failure>
    </testcase>
    <testcase name="Unnamed test case 357" classname="spec_perl_TestParamsPassArrayStr_t" time="0.000118017196655273">
      <skipped message="ok 2 # skip test_params_pass_array_str died" />
    </testcase>
    <testcase name="Unnamed test case 358" classname="spec_perl_TestParamsPassArrayStr_t" time="5.79357147216797e-05">
      <skipped message="ok 3 # skip test_params_pass_array_str died" />
    </testcase>
    <testcase name="Unnamed test case 359" classname="spec_perl_TestParamsPassArrayStr_t" time="5.98430633544922e-05">
      <skipped message="ok 4 # skip test_params_pass_array_str died" />
    </testcase>
    <testcase name="Unnamed test case 360" classname="spec_perl_TestParamsPassArrayStr_t" time="4.91142272949219e-05">
      <skipped message="ok 5 # skip test_params_pass_array_str died" />
    </testcase>
    <testcase name="Unnamed test case 361" classname="spec_perl_TestParamsPassArrayStr_t" time="4.41074371337891e-05">
      <skipped message="ok 6 # skip test_params_pass_array_str died" />
    </testcase>
    <testcase name="Unnamed test case 362" classname="spec_perl_TestParamsPassArrayStr_t" time="6.69956207275391e-05">
      <skipped message="ok 7 # skip test_params_pass_array_str died" />
    </testcase>
  </testsuite>
  <testsuite name="spec_perl_TestExprCalcArrayOps_t" errors="0" failures="0" skipped="0" tests="18" time="0.042557954788208">
    <system-out>1..18
ok 1 - Equals
ok 2 - Equals
ok 3 - Equals
ok 4 - Equals
ok 5 - Equals
ok 6 - Equals
ok 7 - Equals
ok 8 - Approx equals
ok 9 - Approx equals
ok 10 - Approx equals
ok 11 - Approx equals
ok 12 - Approx equals
ok 13 - Equals
ok 14 - Equals
ok 15 - Equals
ok 16 - Equals
ok 17 - Equals
ok 18 - Equals
</system-out>
    <testcase name="Equals (362)" classname="spec_perl_TestExprCalcArrayOps_t" time="0.00174903869628906" />
    <testcase name="Equals (363)" classname="spec_perl_TestExprCalcArrayOps_t" time="9.29832458496094e-05" />
    <testcase name="Equals (364)" classname="spec_perl_TestExprCalcArrayOps_t" time="7.20024108886719e-05" />
    <testcase name="Equals (365)" classname="spec_perl_TestExprCalcArrayOps_t" time="0.0001220703125" />
    <testcase name="Equals (366)" classname="spec_perl_TestExprCalcArrayOps_t" time="9.89437103271484e-05" />
    <testcase name="Equals (367)" classname="spec_perl_TestExprCalcArrayOps_t" time="9.60826873779297e-05" />
    <testcase name="Equals (368)" classname="spec_perl_TestExprCalcArrayOps_t" time="9.70363616943359e-05" />
    <testcase name="Approx equals (368)" classname="spec_perl_TestExprCalcArrayOps_t" time="6.103515625e-05" />
    <testcase name="Approx equals (369)" classname="spec_perl_TestExprCalcArrayOps_t" time="5.69820404052734e-05" />
    <testcase name="Approx equals (370)" classname="spec_perl_TestExprCalcArrayOps_t" time="5.60283660888672e-05" />
    <testcase name="Approx equals (371)" classname="spec_perl_TestExprCalcArrayOps_t" time="5.57899475097656e-05" />
    <testcase name="Approx equals (372)" classname="spec_perl_TestExprCalcArrayOps_t" time="5.50746917724609e-05" />
    <testcase name="Equals (372)" classname="spec_perl_TestExprCalcArrayOps_t" time="0.000206947326660156" />
    <testcase name="Equals (373)" classname="spec_perl_TestExprCalcArrayOps_t" time="0.00011897087097168" />
    <testcase name="Equals (374)" classname="spec_perl_TestExprCalcArrayOps_t" time="0.000109195709228516" />
    <testcase name="Equals (375)" classname="spec_perl_TestExprCalcArrayOps_t" time="9.29832458496094e-05" />
    <testcase name="Equals (376)" classname="spec_perl_TestExprCalcArrayOps_t" time="0.000108957290649414" />
    <testcase name="Equals (377)" classname="spec_perl_TestExprCalcArrayOps_t" time="0.000129938125610352" />
  </testsuite>
  <testsuite name="spec_perl_TestImportsCircularA_t" errors="0" failures="0" skipped="0" tests="5" time="0.0439059734344482">
    <system-out>1..5
ok 1 - Equals
ok 2 - Equals
ok 3 - Equals
ok 4 - Equals
ok 5 - nil
</system-out>
    <testcase name="Equals (378)" classname="spec_perl_TestImportsCircularA_t" time="0.00156784057617188" />
    <testcase name="Equals (379)" classname="spec_perl_TestImportsCircularA_t" time="7.70092010498047e-05" />
    <testcase name="Equals (380)" classname="spec_perl_TestImportsCircularA_t" time="6.103515625e-05" />
    <testcase name="Equals (381)" classname="spec_perl_TestImportsCircularA_t" time="0.000216007232666016" />
    <testcase name="nil (381)" classname="spec_perl_TestImportsCircularA_t" time="6.91413879394531e-05" />
  </testsuite>
  <testsuite name="spec_perl_TestProcessXorValue_t" errors="0" failures="0" skipped="0" tests="2" time="0.0401937961578369">
    <system-out>1..2
ok 1 - Equals
ok 2 - Equals
</system-out>
    <testcase name="Equals (382)" classname="spec_perl_TestProcessXorValue_t" time="0.00179004669189453" />
    <testcase name="Equals (383)" classname="spec_perl_TestProcessXorValue_t" time="8.17775726318359e-05" />
  </testsuite>
  <testsuite name="spec_perl_TestSwitchCast_t" errors="0" failures="0" skipped="0" tests="2" time="0.0492329597473145">
    <system-out>1..2
ok 1 - Equals
ok 2 - Equals
</system-out>
    <testcase name="Equals (384)" classname="spec_perl_TestSwitchCast_t" time="0.00130200386047363" />
    <testcase name="Equals (385)" classname="spec_perl_TestSwitchCast_t" time="8.10623168945312e-05" />
  </testsuite>
  <testsuite name="spec_perl_TestEnumIntRangeS_t" errors="0" failures="0" skipped="0" tests="3" time="0.0416069030761719">
    <system-out>1..3
ok 1 - Equals
ok 2 - Equals
ok 3 - Equals
</system-out>
    <testcase name="Equals (386)" classname="spec_perl_TestEnumIntRangeS_t" time="0.0017848014831543" />
    <testcase name="Equals (387)" classname="spec_perl_TestEnumIntRangeS_t" time="7.82012939453125e-05" />
    <testcase name="Equals (388)" classname="spec_perl_TestEnumIntRangeS_t" time="7.39097595214844e-05" />
  </testsuite>
  <testsuite name="spec_perl_TestParamsPassStruct_t" errors="0" failures="1" skipped="1" tests="4" time="0.0415949821472168">
    <system-out>1..4
ok 1 - Equals
ok 2 - Equals
not ok 3 - test_params_pass_struct died (Can't call method &quot;foo&quot; on an undefined value at spec/perl/TestParamsPassStruct.t line 16.)
ok 4 # skip test_params_pass_struct died
</system-out>
    <testcase name="Equals (389)" classname="spec_perl_TestParamsPassStruct_t" time="0.00156211853027344" />
    <testcase name="Equals (390)" classname="spec_perl_TestParamsPassStruct_t" time="8.98838043212891e-05" />
    <testcase name="test_params_pass_struct died (Can't call method &quot;foo&quot; on an undefined value at spec/perl/TestParamsPassStruct.t line 16.) (390)" classname="spec_perl_TestParamsPassStruct_t" time="8.20159912109375e-05">
      <failure message="not ok 3 - test_params_pass_struct died (Can't call method &quot;foo&quot; on an undefined value at spec/perl/TestParamsPassStruct.t line 16.)" type="TAP::Parser::Result::Test"></failure>
    </testcase>
    <testcase name="Unnamed test case 390" classname="spec_perl_TestParamsPassStruct_t" time="9.79900360107422e-05">
      <skipped message="ok 4 # skip test_params_pass_struct died" />
    </testcase>
  </testsuite>
  <testsuite name="spec_perl_TestProcessCoerceSwitch_t" errors="0" failures="0" skipped="0" tests="3" time="0.0406970977783203">
    <system-out>1..3
ok 1 - Equals
ok 2 - Equals
ok 3 - Equals
</system-out>
    <testcase name="Equals (391)" classname="spec_perl_TestProcessCoerceSwitch_t" time="0.00205492973327637" />
    <testcase name="Equals (392)" classname="spec_perl_TestProcessCoerceSwitch_t" time="8.32080841064453e-05" />
    <testcase name="Equals (393)" classname="spec_perl_TestProcessCoerceSwitch_t" time="4.69684600830078e-05" />
  </testsuite>
  <testsuite name="spec_perl_TestTermStrz_t" errors="0" failures="0" skipped="0" tests="3" time="0.0443110466003418">
    <system-out>1..3
ok 1 - Equals
ok 2 - Equals
ok 3 - Equals
</system-out>
    <testcase name="Equals (394)" classname="spec_perl_TestTermStrz_t" time="0.00171804428100586" />
    <testcase name="Equals (395)" classname="spec_perl_TestTermStrz_t" time="0.000187873840332031" />
    <testcase name="Equals (396)" classname="spec_perl_TestTermStrz_t" time="5.91278076171875e-05" />
  </testsuite>
  <testsuite name="spec_perl_TestValidNotParsedIf_t" errors="0" failures="0" skipped="1" tests="1" time="0.0397019386291504">
    <system-out>1..1
ok 1 # skip ValidNotParsedIf=HASH(0x55e25b136e50)
</system-out>
    <testcase name="Unnamed test case 396" classname="spec_perl_TestValidNotParsedIf_t" time="0.00177478790283203">
      <skipped message="ok 1 # skip ValidNotParsedIf=HASH(0x55e25b136e50)" />
    </testcase>
  </testsuite>
  <testsuite name="spec_perl_TestEnumOfValueInst_t" errors="0" failures="0" skipped="0" tests="4" time="0.0445311069488525">
    <system-out>1..4
ok 1 - Equals
ok 2 - Equals
ok 3 - Equals
ok 4 - Equals
</system-out>
    <testcase name="Equals (397)" classname="spec_perl_TestEnumOfValueInst_t" time="0.00167298316955566" />
    <testcase name="Equals (398)" classname="spec_perl_TestEnumOfValueInst_t" time="7.79628753662109e-05" />
    <testcase name="Equals (399)" classname="spec_perl_TestEnumOfValueInst_t" time="6.60419464111328e-05" />
    <testcase name="Equals (400)" classname="spec_perl_TestEnumOfValueInst_t" time="5.98430633544922e-05" />
  </testsuite>
  <testsuite name="spec_perl_TestNestedTypes2_t" errors="0" failures="0" skipped="0" tests="7" time="0.0393779277801514">
    <system-out>1..7
ok 1 - Equals
ok 2 - Equals
ok 3 - Equals
ok 4 - Equals
ok 5 - Equals
ok 6 - Equals
ok 7 - Equals
</system-out>
    <testcase name="Equals (401)" classname="spec_perl_TestNestedTypes2_t" time="0.00168800354003906" />
    <testcase name="Equals (402)" classname="spec_perl_TestNestedTypes2_t" time="8.20159912109375e-05" />
    <testcase name="Equals (403)" classname="spec_perl_TestNestedTypes2_t" time="7.20024108886719e-05" />
    <testcase name="Equals (404)" classname="spec_perl_TestNestedTypes2_t" time="9.89437103271484e-05" />
    <testcase name="Equals (405)" classname="spec_perl_TestNestedTypes2_t" time="0.000136137008666992" />
    <testcase name="Equals (406)" classname="spec_perl_TestNestedTypes2_t" time="6.58035278320312e-05" />
    <testcase name="Equals (407)" classname="spec_perl_TestNestedTypes2_t" time="5.81741333007812e-05" />
  </testsuite>
  <testsuite name="spec_perl_TestNestedSameName2_t" errors="0" failures="0" skipped="0" tests="5" time="0.0441098213195801">
    <system-out>1..5
ok 1 - Equals
ok 2 - Equals
ok 3 - Equals
ok 4 - Equals
ok 5 - Equals
</system-out>
    <testcase name="Equals (408)" classname="spec_perl_TestNestedSameName2_t" time="0.0015099048614502" />
    <testcase name="Equals (409)" classname="spec_perl_TestNestedSameName2_t" time="8.10623168945312e-05" />
    <testcase name="Equals (410)" classname="spec_perl_TestNestedSameName2_t" time="8.60691070556641e-05" />
    <testcase name="Equals (411)" classname="spec_perl_TestNestedSameName2_t" time="5.79357147216797e-05" />
    <testcase name="Equals (412)" classname="spec_perl_TestNestedSameName2_t" time="8.60691070556641e-05" />
  </testsuite>
  <testsuite name="spec_perl_TestParamsPassArrayUsertype_t" errors="0" failures="1" skipped="4" tests="5" time="0.0417687892913818">
    <system-out>1..5
not ok 1 - test_params_pass_array_usertype died (Can't use an undefined value as an ARRAY reference at compiled/perl/ParamsPassArrayUsertype.pm line 123.)
ok 2 # skip test_params_pass_array_usertype died
ok 3 # skip test_params_pass_array_usertype died
ok 4 # skip test_params_pass_array_usertype died
ok 5 # skip test_params_pass_array_usertype died
</system-out>
    <testcase name="test_params_pass_array_usertype died (Can't use an undefined value as an ARRAY reference at compiled/perl/ParamsPassArrayUsertype.pm line 123.) (412)" classname="spec_perl_TestParamsPassArrayUsertype_t" time="0.00161099433898926">
      <failure message="not ok 1 - test_params_pass_array_usertype died (Can't use an undefined value as an ARRAY reference at compiled/perl/ParamsPassArrayUsertype.pm line 123.)" type="TAP::Parser::Result::Test"></failure>
    </testcase>
    <testcase name="Unnamed test case 412" classname="spec_perl_TestParamsPassArrayUsertype_t" time="0.000522851943969727">
      <skipped message="ok 2 # skip test_params_pass_array_usertype died" />
    </testcase>
[...]
    <testcase name="Equals (885)" classname="spec_perl_TestExprBytesOps_t" time="6.00814819335938e-05" />
    <testcase name="Equals (886)" classname="spec_perl_TestExprBytesOps_t" time="0.000102043151855469" />
    <testcase name="Equals (887)" classname="spec_perl_TestExprBytesOps_t" time="8.89301300048828e-05" />
    <testcase name="Equals (888)" classname="spec_perl_TestExprBytesOps_t" time="8.70227813720703e-05" />
    <testcase name="Equals (889)" classname="spec_perl_TestExprBytesOps_t" time="9.10758972167969e-05" />
    <testcase name="Equals (890)" classname="spec_perl_TestExprBytesOps_t" time="9.08374786376953e-05" />
    <testcase name="Equals (891)" classname="spec_perl_TestExprBytesOps_t" time="9.51290130615234e-05" />
    <testcase name="Equals (892)" classname="spec_perl_TestExprBytesOps_t" time="0.000125885009765625" />
  </testsuite>
  <testsuite name="spec_perl_TestPositionAbs_t" errors="0" failures="0" skipped="0" tests="2" time="0.0532708168029785">
    <system-out>1..2
ok 1 - Equals
ok 2 - Equals
</system-out>
    <testcase name="Equals (893)" classname="spec_perl_TestPositionAbs_t" time="0.00168800354003906" />
    <testcase name="Equals (894)" classname="spec_perl_TestPositionAbs_t" time="0.000262022018432617" />
  </testsuite>
  <testsuite name="spec_perl_TestEnumIntRangeU_t" errors="0" failures="0" skipped="0" tests="2" time="0.0437231063842773">
    <system-out>1..2
ok 1 - Equals
ok 2 - Equals
</system-out>
    <testcase name="Equals (895)" classname="spec_perl_TestEnumIntRangeU_t" time="0.00163483619689941" />
    <testcase name="Equals (896)" classname="spec_perl_TestEnumIntRangeU_t" time="8.10623168945312e-05" />
  </testsuite>
  <testsuite name="spec_perl_TestExprIfIntOps_t" errors="0" failures="0" skipped="0" tests="2" time="0.0419650077819824">
    <system-out>1..2
ok 1 - Equals
ok 2 - Equals
</system-out>
    <testcase name="Equals (897)" classname="spec_perl_TestExprIfIntOps_t" time="0.00230503082275391" />
    <testcase name="Equals (898)" classname="spec_perl_TestExprIfIntOps_t" time="0.000103950500488281" />
  </testsuite>
  <testsuite name="spec_perl_TestParamsPassArrayInt_t" errors="0" failures="1" skipped="6" tests="7" time="0.0441839694976807">
    <system-out>1..7
not ok 1 - test_params_pass_array_int died (Can't use an undefined value as an ARRAY reference at spec/perl/TestParamsPassArrayInt.t line 14.)
ok 2 # skip test_params_pass_array_int died
ok 3 # skip test_params_pass_array_int died
ok 4 # skip test_params_pass_array_int died
ok 5 # skip test_params_pass_array_int died
ok 6 # skip test_params_pass_array_int died
ok 7 # skip test_params_pass_array_int died
</system-out>
    <testcase name="test_params_pass_array_int died (Can't use an undefined value as an ARRAY reference at spec/perl/TestParamsPassArrayInt.t line 14.) (898)" classname="spec_perl_TestParamsPassArrayInt_t" time="0.00187993049621582">
      <failure message="not ok 1 - test_params_pass_array_int died (Can't use an undefined value as an ARRAY reference at spec/perl/TestParamsPassArrayInt.t line 14.)" type="TAP::Parser::Result::Test"></failure>
    </testcase>
    <testcase name="Unnamed test case 898" classname="spec_perl_TestParamsPassArrayInt_t" time="0.000126123428344727">
      <skipped message="ok 2 # skip test_params_pass_array_int died" />
    </testcase>
    <testcase name="Unnamed test case 899" classname="spec_perl_TestParamsPassArrayInt_t" time="5.98430633544922e-05">
      <skipped message="ok 3 # skip test_params_pass_array_int died" />
    </testcase>
    <testcase name="Unnamed test case 900" classname="spec_perl_TestParamsPassArrayInt_t" time="4.81605529785156e-05">
      <skipped message="ok 4 # skip test_params_pass_array_int died" />
    </testcase>
    <testcase name="Unnamed test case 901" classname="spec_perl_TestParamsPassArrayInt_t" time="4.60147857666016e-05">
      <skipped message="ok 5 # skip test_params_pass_array_int died" />
    </testcase>
    <testcase name="Unnamed test case 902" classname="spec_perl_TestParamsPassArrayInt_t" time="6.38961791992188e-05">
      <skipped message="ok 6 # skip test_params_pass_array_int died" />
    </testcase>
    <testcase name="Unnamed test case 903" classname="spec_perl_TestParamsPassArrayInt_t" time="5.60283660888672e-05">
      <skipped message="ok 7 # skip test_params_pass_array_int died" />
    </testcase>
  </testsuite>
  <testsuite name="spec_perl_TestExprIoEof_t" errors="0" failures="0" skipped="0" tests="4" time="0.0407459735870361">
    <system-out>1..4
ok 1 - Equals
ok 2 - nil
ok 3 - Equals
ok 4 - Equals
</system-out>
    <testcase name="Equals (903)" classname="spec_perl_TestExprIoEof_t" time="0.00197100639343262" />
    <testcase name="nil (903)" classname="spec_perl_TestExprIoEof_t" time="8.41617584228516e-05" />
    <testcase name="Equals (904)" classname="spec_perl_TestExprIoEof_t" time="0.000216960906982422" />
    <testcase name="Equals (905)" classname="spec_perl_TestExprIoEof_t" time="8.392333984375e-05" />
  </testsuite>
  <testsuite name="spec_perl_TestProcessCustom_t" errors="1" failures="0" skipped="0" tests="0" time="0.038283109664917">
    <system-out></system-out>
    <testcase name="Test died too soon, even before plan. (905)" classname="spec_perl_TestProcessCustom_t" time="0.038283109664917">
      <failure message="The test suite died before a plan was produced. You need to have a plan." type="Plan">No plan</failure>
    </testcase>
  </testsuite>
  <testsuite name="spec_perl_TestExpr1_t" errors="0" failures="0" skipped="0" tests="4" time="0.0478498935699463">
    <system-out>1..4
ok 1 - Equals
ok 2 - Equals
ok 3 - Equals
ok 4 - Equals
</system-out>
    <testcase name="Equals (906)" classname="spec_perl_TestExpr1_t" time="0.00185894966125488" />
    <testcase name="Equals (907)" classname="spec_perl_TestExpr1_t" time="0.000114202499389648" />
    <testcase name="Equals (908)" classname="spec_perl_TestExpr1_t" time="4.79221343994141e-05" />
    <testcase name="Equals (909)" classname="spec_perl_TestExpr1_t" time="6.103515625e-05" />
  </testsuite>
  <testsuite name="spec_perl_TestBitsSignedResB32Be_t" errors="0" failures="0" skipped="0" tests="1" time="0.0396890640258789">
    <system-out>1..1
ok 1 - Equals
</system-out>
    <testcase name="Equals (910)" classname="spec_perl_TestBitsSignedResB32Be_t" time="0.00154900550842285" />
  </testsuite>
  <testsuite name="spec_perl_TestInstanceStd_t" errors="0" failures="0" skipped="0" tests="1" time="0.0567610263824463">
    <system-out>1..1
ok 1 - Equals
</system-out>
    <testcase name="Equals (911)" classname="spec_perl_TestInstanceStd_t" time="0.00221896171569824" />
  </testsuite>
  <testsuite name="spec_perl_TestRepeatUntilSized_t" errors="0" failures="0" skipped="0" tests="7" time="0.0411999225616455">
    <system-out>1..7
ok 1 - Equals
ok 2 - Equals
ok 3 - Equals
ok 4 - Equals
ok 5 - Equals
ok 6 - Equals
ok 7 - Equals
</system-out>
    <testcase name="Equals (912)" classname="spec_perl_TestRepeatUntilSized_t" time="0.00207400321960449" />
    <testcase name="Equals (913)" classname="spec_perl_TestRepeatUntilSized_t" time="9.67979431152344e-05" />
    <testcase name="Equals (914)" classname="spec_perl_TestRepeatUntilSized_t" time="4.91142272949219e-05" />
    <testcase name="Equals (915)" classname="spec_perl_TestRepeatUntilSized_t" time="7.00950622558594e-05" />
    <testcase name="Equals (916)" classname="spec_perl_TestRepeatUntilSized_t" time="6.07967376708984e-05" />
    <testcase name="Equals (917)" classname="spec_perl_TestRepeatUntilSized_t" time="5.60283660888672e-05" />
    <testcase name="Equals (918)" classname="spec_perl_TestRepeatUntilSized_t" time="5.50746917724609e-05" />
  </testsuite>
  <testsuite name="spec_perl_TestSwitchMultiBoolOps_t" errors="0" failures="0" skipped="0" tests="9" time="0.0414700508117676">
    <system-out>1..9
ok 1 - Equals
ok 2 - Equals
ok 3 - Equals
ok 4 - Equals
ok 5 - Equals
ok 6 - Equals
ok 7 - Equals
ok 8 - Equals
ok 9 - Equals
</system-out>
    <testcase name="Equals (919)" classname="spec_perl_TestSwitchMultiBoolOps_t" time="0.00156092643737793" />
    <testcase name="Equals (920)" classname="spec_perl_TestSwitchMultiBoolOps_t" time="7.79628753662109e-05" />
    <testcase name="Equals (921)" classname="spec_perl_TestSwitchMultiBoolOps_t" time="8.70227813720703e-05" />
    <testcase name="Equals (922)" classname="spec_perl_TestSwitchMultiBoolOps_t" time="5.91278076171875e-05" />
    <testcase name="Equals (923)" classname="spec_perl_TestSwitchMultiBoolOps_t" time="8.60691070556641e-05" />
    <testcase name="Equals (924)" classname="spec_perl_TestSwitchMultiBoolOps_t" time="8.79764556884766e-05" />
    <testcase name="Equals (925)" classname="spec_perl_TestSwitchMultiBoolOps_t" time="0.000105857849121094" />
    <testcase name="Equals (926)" classname="spec_perl_TestSwitchMultiBoolOps_t" time="0.000102043151855469" />
    <testcase name="Equals (927)" classname="spec_perl_TestSwitchMultiBoolOps_t" time="5.69820404052734e-05" />
  </testsuite>
  <testsuite name="spec_perl_TestProcessCustomNoArgs_t" errors="1" failures="0" skipped="0" tests="0" time="0.0367250442504883">
    <system-out></system-out>
    <testcase name="Test died too soon, even before plan. (927)" classname="spec_perl_TestProcessCustomNoArgs_t" time="0.0367250442504883">
      <failure message="The test suite died before a plan was produced. You need to have a plan." type="Plan">No plan</failure>
    </testcase>
  </testsuite>
  <testsuite name="spec_perl_TestInstanceIoUser_t" errors="0" failures="0" skipped="0" tests="4" time="0.0499849319458008">
    <system-out>1..4
ok 1 - Equals
ok 2 - Equals
ok 3 - Equals
ok 4 - Equals
</system-out>
    <testcase name="Equals (928)" classname="spec_perl_TestInstanceIoUser_t" time="0.00224900245666504" />
    <testcase name="Equals (929)" classname="spec_perl_TestInstanceIoUser_t" time="0.000101089477539062" />
    <testcase name="Equals (930)" classname="spec_perl_TestInstanceIoUser_t" time="6.69956207275391e-05" />
    <testcase name="Equals (931)" classname="spec_perl_TestInstanceIoUser_t" time="0.000180959701538086" />
  </testsuite>
  <testsuite name="spec_perl_TestFloatingPoints_t" errors="0" failures="0" skipped="0" tests="8" time="0.0424680709838867">
    <system-out>1..8
ok 1 - Approx equals
ok 2 - Approx equals
ok 3 - Approx equals
ok 4 - Approx equals
ok 5 - Approx equals
ok 6 - Approx equals
ok 7 - Approx equals
ok 8 - Approx equals
</system-out>
    <testcase name="Approx equals (931)" classname="spec_perl_TestFloatingPoints_t" time="0.00151181221008301" />
    <testcase name="Approx equals (932)" classname="spec_perl_TestFloatingPoints_t" time="6.103515625e-05" />
    <testcase name="Approx equals (933)" classname="spec_perl_TestFloatingPoints_t" time="7.10487365722656e-05" />
    <testcase name="Approx equals (934)" classname="spec_perl_TestFloatingPoints_t" time="4.1961669921875e-05" />
    <testcase name="Approx equals (935)" classname="spec_perl_TestFloatingPoints_t" time="4.41074371337891e-05" />
    <testcase name="Approx equals (936)" classname="spec_perl_TestFloatingPoints_t" time="8.392333984375e-05" />
    <testcase name="Approx equals (937)" classname="spec_perl_TestFloatingPoints_t" time="6.103515625e-05" />
    <testcase name="Approx equals (938)" classname="spec_perl_TestFloatingPoints_t" time="4.00543212890625e-05" />
  </testsuite>
  <testsuite name="spec_perl_TestBitsUnalignedB32Be_t" errors="0" failures="0" skipped="0" tests="3" time="0.048414945602417">
    <system-out>1..3
ok 1 - Equals
ok 2 - Equals
ok 3 - Equals
</system-out>
    <testcase name="Equals (938)" classname="spec_perl_TestBitsUnalignedB32Be_t" time="0.00187587738037109" />
    <testcase name="Equals (939)" classname="spec_perl_TestBitsUnalignedB32Be_t" time="9.51290130615234e-05" />
    <testcase name="Equals (940)" classname="spec_perl_TestBitsUnalignedB32Be_t" time="4.79221343994141e-05" />
  </testsuite>
  <testsuite name="spec_perl_TestExprBits_t" errors="0" failures="0" skipped="0" tests="10" time="0.0432181358337402">
    <system-out>1..10
ok 1 - Equals
ok 2 - Equals
ok 3 - Equals
ok 4 - Equals
ok 5 - Equals
ok 6 - Equals
ok 7 - Equals
ok 8 - Equals
ok 9 - Equals
ok 10 - Equals
</system-out>
    <testcase name="Equals (941)" classname="spec_perl_TestExprBits_t" time="0.0017390251159668" />
    <testcase name="Equals (942)" classname="spec_perl_TestExprBits_t" time="9.08374786376953e-05" />
    <testcase name="Equals (943)" classname="spec_perl_TestExprBits_t" time="5.60283660888672e-05" />
    <testcase name="Equals (944)" classname="spec_perl_TestExprBits_t" time="0.000100135803222656" />
    <testcase name="Equals (945)" classname="spec_perl_TestExprBits_t" time="5.60283660888672e-05" />
    <testcase name="Equals (946)" classname="spec_perl_TestExprBits_t" time="5.88893890380859e-05" />
    <testcase name="Equals (947)" classname="spec_perl_TestExprBits_t" time="8.70227813720703e-05" />
    <testcase name="Equals (948)" classname="spec_perl_TestExprBits_t" time="5.50746917724609e-05" />
    <testcase name="Equals (949)" classname="spec_perl_TestExprBits_t" time="0.000147819519042969" />
    <testcase name="Equals (950)" classname="spec_perl_TestExprBits_t" time="0.000138998031616211" />
  </testsuite>
  <testsuite name="spec_perl_TestEnum0_t" errors="0" failures="0" skipped="0" tests="2" time="0.0420401096343994">
    <system-out>1..2
ok 1 - Equals
ok 2 - Equals
</system-out>
    <testcase name="Equals (951)" classname="spec_perl_TestEnum0_t" time="0.00168895721435547" />
    <testcase name="Equals (952)" classname="spec_perl_TestEnum0_t" time="6.69956207275391e-05" />
  </testsuite>
  <testsuite name="spec_perl_TestDebug0_t" errors="0" failures="0" skipped="1" tests="1" time="0.0400331020355225">
    <system-out>1..1
ok 1 # skip test_debug_0
</system-out>
    <testcase name="Unnamed test case 952" classname="spec_perl_TestDebug0_t" time="0.00133585929870605">
      <skipped message="ok 1 # skip test_debug_0" />
    </testcase>
  </testsuite>
  <testsuite name="spec_perl_TestDefaultEndianExprIsBe_t" errors="0" failures="0" skipped="0" tests="18" time="0.0441808700561523">
    <system-out>1..18
ok 1 - Equals
ok 2 - Equals
ok 3 - Equals
ok 4 - Equals
ok 5 - Equals
ok 6 - Equals
ok 7 - Equals
ok 8 - Equals
ok 9 - Equals
ok 10 - Equals
ok 11 - Equals
ok 12 - Equals
ok 13 - Equals
ok 14 - Equals
ok 15 - Equals
ok 16 - Equals
ok 17 - Equals
ok 18 - Equals
</system-out>
    <testcase name="Equals (953)" classname="spec_perl_TestDefaultEndianExprIsBe_t" time="0.00158286094665527" />
    <testcase name="Equals (954)" classname="spec_perl_TestDefaultEndianExprIsBe_t" time="7.70092010498047e-05" />
    <testcase name="Equals (955)" classname="spec_perl_TestDefaultEndianExprIsBe_t" time="6.41345977783203e-05" />
    <testcase name="Equals (956)" classname="spec_perl_TestDefaultEndianExprIsBe_t" time="8.20159912109375e-05" />
    <testcase name="Equals (957)" classname="spec_perl_TestDefaultEndianExprIsBe_t" time="0.000169992446899414" />
    <testcase name="Equals (958)" classname="spec_perl_TestDefaultEndianExprIsBe_t" time="0.000121831893920898" />
    <testcase name="Equals (959)" classname="spec_perl_TestDefaultEndianExprIsBe_t" time="9.79900360107422e-05" />
    <testcase name="Equals (960)" classname="spec_perl_TestDefaultEndianExprIsBe_t" time="0.000116109848022461" />
    <testcase name="Equals (961)" classname="spec_perl_TestDefaultEndianExprIsBe_t" time="0.000180959701538086" />
    <testcase name="Equals (962)" classname="spec_perl_TestDefaultEndianExprIsBe_t" time="8.392333984375e-05" />
    <testcase name="Equals (963)" classname="spec_perl_TestDefaultEndianExprIsBe_t" time="0.000271081924438477" />
    <testcase name="Equals (964)" classname="spec_perl_TestDefaultEndianExprIsBe_t" time="6.19888305664062e-05" />
    <testcase name="Equals (965)" classname="spec_perl_TestDefaultEndianExprIsBe_t" time="0.000115156173706055" />
    <testcase name="Equals (966)" classname="spec_perl_TestDefaultEndianExprIsBe_t" time="0.000108957290649414" />
    <testcase name="Equals (967)" classname="spec_perl_TestDefaultEndianExprIsBe_t" time="9.20295715332031e-05" />
    <testcase name="Equals (968)" classname="spec_perl_TestDefaultEndianExprIsBe_t" time="9.08374786376953e-05" />
    <testcase name="Equals (969)" classname="spec_perl_TestDefaultEndianExprIsBe_t" time="0.000115156173706055" />
    <testcase name="Equals (970)" classname="spec_perl_TestDefaultEndianExprIsBe_t" time="0.000168800354003906" />
  </testsuite>
  <testsuite name="spec_perl_TestFixedContents_t" errors="0" failures="0" skipped="1" tests="1" time="0.0406608581542969">
    <system-out>1..1
ok 1 # skip FixedContents=HASH(0x56334ae11030)
</system-out>
    <testcase name="Unnamed test case 970" classname="spec_perl_TestFixedContents_t" time="0.0017850399017334">
      <skipped message="ok 1 # skip FixedContents=HASH(0x56334ae11030)" />
    </testcase>
  </testsuite>
  <testsuite name="spec_perl_TestExprBytesNonLiteral_t" errors="0" failures="0" skipped="0" tests="3" time="0.0424039363861084">
    <system-out>1..3
ok 1 - Equals
ok 2 - Equals
ok 3 - Equals
</system-out>
    <testcase name="Equals (971)" classname="spec_perl_TestExprBytesNonLiteral_t" time="0.00157499313354492" />
    <testcase name="Equals (972)" classname="spec_perl_TestExprBytesNonLiteral_t" time="8.51154327392578e-05" />
    <testcase name="Equals (973)" classname="spec_perl_TestExprBytesNonLiteral_t" time="6.60419464111328e-05" />
  </testsuite>
  <testsuite name="spec_perl_TestNestedSameName_t" errors="0" failures="0" skipped="0" tests="2" time="0.0415937900543213">
    <system-out>1..2
ok 1 - Equals
ok 2 - Equals
</system-out>
    <testcase name="Equals (974)" classname="spec_perl_TestNestedSameName_t" time="0.000103950500488281" />
    <testcase name="Equals (975)" classname="spec_perl_TestNestedSameName_t" time="5.00679016113281e-05" />
  </testsuite>
  <testsuite name="spec_perl_TestUserType_t" errors="0" failures="0" skipped="0" tests="2" time="0.0393431186676025">
    <system-out>1..2
ok 1 - Equals
ok 2 - Equals
</system-out>
    <testcase name="Equals (976)" classname="spec_perl_TestUserType_t" time="0.00147390365600586" />
    <testcase name="Equals (977)" classname="spec_perl_TestUserType_t" time="8.41617584228516e-05" />
  </testsuite>
  <testsuite name="spec_perl_TestDefaultEndianExprException_t" errors="0" failures="0" skipped="0" tests="1" time="0.0462319850921631">
    <system-out>1..1
ok 1 - threw /^Unable to decide on endianness/
</system-out>
    <testcase name="threw /^Unable to decide on endianness/ (977)" classname="spec_perl_TestDefaultEndianExprException_t" time="0.00169110298156738" />
  </testsuite>
  <testsuite name="spec_perl_TestDefaultBigEndian_t" errors="0" failures="0" skipped="0" tests="1" time="0.0423710346221924">
    <system-out>1..1
ok 1 - Equals
</system-out>
    <testcase name="Equals (978)" classname="spec_perl_TestDefaultBigEndian_t" time="0.0015099048614502" />
  </testsuite>
  <testsuite name="spec_perl_TestEnumToI_t" errors="0" failures="0" skipped="0" tests="7" time="0.0409820079803467">
    <system-out>1..7
ok 1 - Equals
ok 2 - Equals
ok 3 - Equals
ok 4 - Equals
ok 5 - Equals
ok 6 - Equals
ok 7 - Equals
</system-out>
    <testcase name="Equals (979)" classname="spec_perl_TestEnumToI_t" time="0.00139904022216797" />
    <testcase name="Equals (980)" classname="spec_perl_TestEnumToI_t" time="9.58442687988281e-05" />
    <testcase name="Equals (981)" classname="spec_perl_TestEnumToI_t" time="4.50611114501953e-05" />
    <testcase name="Equals (982)" classname="spec_perl_TestEnumToI_t" time="9.20295715332031e-05" />
    <testcase name="Equals (983)" classname="spec_perl_TestEnumToI_t" time="5.50746917724609e-05" />
    <testcase name="Equals (984)" classname="spec_perl_TestEnumToI_t" time="9.08374786376953e-05" />
    <testcase name="Equals (985)" classname="spec_perl_TestEnumToI_t" time="8.79764556884766e-05" />
  </testsuite>
</testsuites>
