<?xml version='1.0' encoding='utf-8'?>
<testsuites>
  <testsuite name="spec_perl_TestSwitchManualEnumInvalidElse_t" errors="0" failures="0" skipped="0" tests="5" time="0.0470120906829834">
    <system-out>1..5
ok 1 - Equals
ok 2 - Equals
ok 3 - Equals
ok 4 - Equals
ok 5 - Equals
</system-out>
    <testcase name="Equals" classname="spec_perl_TestSwitchManualEnumInvalidElse_t" time="0.00027012825012207" />
    <testcase name="Equals (2)" classname="spec_perl_TestSwitchManualEnumInvalidElse_t" time="8.48770141601562e-05" />
    <testcase name="Equals (3)" classname="spec_perl_TestSwitchManualEnumInvalidElse_t" time="0.000115156173706055" />
    <testcase name="Equals (4)" classname="spec_perl_TestSwitchManualEnumInvalidElse_t" time="0.000128030776977539" />
    <testcase name="Equals (5)" classname="spec_perl_TestSwitchManualEnumInvalidElse_t" time="0.000134944915771484" />
  </testsuite>
  <testsuite name="spec_perl_TestNestedTypeParam_t" errors="0" failures="2" skipped="0" tests="2" time="0.0523779392242432">
    <system-out>1..2
not ok 1 - Equals
not ok 2 - Equals
</system-out>
    <testcase name="Equals (6)" classname="spec_perl_TestNestedTypeParam_t" time="0.0020899772644043">
      <failure message="not ok 1 - Equals" type="TAP::Parser::Result::Test"></failure>
    </testcase>
    <testcase name="Equals (7)" classname="spec_perl_TestNestedTypeParam_t" time="0.000113010406494141">
      <failure message="not ok 2 - Equals" type="TAP::Parser::Result::Test"></failure>
    </testcase>
  </testsuite>
  <testsuite name="spec_perl_TestExprEnum_t" errors="0" failures="0" skipped="0" tests="3" time="0.0516171455383301">
    <system-out>1..3
ok 1 - Equals
ok 2 - Equals
ok 3 - Equals
</system-out>
    <testcase name="Equals (8)" classname="spec_perl_TestExprEnum_t" time="0.000168800354003906" />
    <testcase name="Equals (9)" classname="spec_perl_TestExprEnum_t" time="7.51018524169922e-05" />
    <testcase name="Equals (10)" classname="spec_perl_TestExprEnum_t" time="0.000164031982421875" />
  </testsuite>
  <testsuite name="spec_perl_TestValidLong_t" errors="0" failures="0" skipped="1" tests="1" time="0.0458991527557373">
    <system-out>1..1
ok 1 # skip ValidLong=HASH(0x1f8c4f0)
</system-out>
    <testcase name="Unnamed test case 10" classname="spec_perl_TestValidLong_t" time="0.0012519359588623">
      <skipped message="ok 1 # skip ValidLong=HASH(0x1f8c4f0)" />
    </testcase>
  </testsuite>
  <testsuite name="spec_perl_TestRepeatUntilCalcArrayType_t" errors="0" failures="0" skipped="0" tests="7" time="0.0457139015197754">
    <system-out>1..7
ok 1 - Equals
ok 2 - Equals
ok 3 - Equals
ok 4 - Equals
ok 5 - Equals
ok 6 - Equals
ok 7 - Equals
</system-out>
    <testcase name="Equals (11)" classname="spec_perl_TestRepeatUntilCalcArrayType_t" time="0.000525951385498047" />
    <testcase name="Equals (12)" classname="spec_perl_TestRepeatUntilCalcArrayType_t" time="0.000102043151855469" />
    <testcase name="Equals (13)" classname="spec_perl_TestRepeatUntilCalcArrayType_t" time="5.69820404052734e-05" />
    <testcase name="Equals (14)" classname="spec_perl_TestRepeatUntilCalcArrayType_t" time="0.000113010406494141" />
    <testcase name="Equals (15)" classname="spec_perl_TestRepeatUntilCalcArrayType_t" time="0.00014495849609375" />
    <testcase name="Equals (16)" classname="spec_perl_TestRepeatUntilCalcArrayType_t" time="0.000191926956176758" />
    <testcase name="Equals (17)" classname="spec_perl_TestRepeatUntilCalcArrayType_t" time="0.000149965286254883" />
  </testsuite>
  <testsuite name="spec_perl_TestProcessCoerceUsertype1_t" errors="0" failures="0" skipped="0" tests="4" time="0.0448858737945557">
    <system-out>1..4
ok 1 - Equals
ok 2 - Equals
ok 3 - Equals
ok 4 - Equals
</system-out>
    <testcase name="Equals (18)" classname="spec_perl_TestProcessCoerceUsertype1_t" time="0.000572919845581055" />
    <testcase name="Equals (19)" classname="spec_perl_TestProcessCoerceUsertype1_t" time="9.79900360107422e-05" />
    <testcase name="Equals (20)" classname="spec_perl_TestProcessCoerceUsertype1_t" time="5.60283660888672e-05" />
    <testcase name="Equals (21)" classname="spec_perl_TestProcessCoerceUsertype1_t" time="0.000118017196655273" />
  </testsuite>
  <testsuite name="spec_perl_TestEnumInvalid_t" errors="0" failures="0" skipped="0" tests="2" time="0.0429010391235352">
    <system-out>1..2
ok 1 - Equals
ok 2 - Equals
</system-out>
    <testcase name="Equals (22)" classname="spec_perl_TestEnumInvalid_t" time="0.000215053558349609" />
    <testcase name="Equals (23)" classname="spec_perl_TestEnumInvalid_t" time="7.29560852050781e-05" />
  </testsuite>
  <testsuite name="spec_perl_TestTermBytes_t" errors="0" failures="0" skipped="0" tests="3" time="0.0427460670471191">
    <system-out>1..3
ok 1 - Equals
ok 2 - Equals
ok 3 - Equals
</system-out>
    <testcase name="Equals (24)" classname="spec_perl_TestTermBytes_t" time="0.000176191329956055" />
    <testcase name="Equals (25)" classname="spec_perl_TestTermBytes_t" time="7.20024108886719e-05" />
    <testcase name="Equals (26)" classname="spec_perl_TestTermBytes_t" time="0.000156879425048828" />
  </testsuite>
  <testsuite name="spec_perl_TestIntegers_t" errors="0" failures="0" skipped="0" tests="20" time="0.045753002166748">
    <system-out>1..20
ok 1 - Equals
ok 2 - Equals
ok 3 - Equals
ok 4 - Equals
ok 5 - Equals
ok 6 - Equals
ok 7 - Equals
ok 8 - Equals
ok 9 - Equals
ok 10 - Equals
ok 11 - Equals
ok 12 - Equals
ok 13 - Equals
ok 14 - Equals
ok 15 - Equals
ok 16 - Equals
ok 17 - Equals
ok 18 - Equals
ok 19 - Equals
ok 20 - Equals
</system-out>
    <testcase name="Equals (27)" classname="spec_perl_TestIntegers_t" time="0.000252962112426758" />
    <testcase name="Equals (28)" classname="spec_perl_TestIntegers_t" time="8.0108642578125e-05" />
    <testcase name="Equals (29)" classname="spec_perl_TestIntegers_t" time="0.000135898590087891" />
    <testcase name="Equals (30)" classname="spec_perl_TestIntegers_t" time="0.000130176544189453" />
    <testcase name="Equals (31)" classname="spec_perl_TestIntegers_t" time="0.000138998031616211" />
    <testcase name="Equals (32)" classname="spec_perl_TestIntegers_t" time="0.000126838684082031" />
    <testcase name="Equals (33)" classname="spec_perl_TestIntegers_t" time="0.000121116638183594" />
    <testcase name="Equals (34)" classname="spec_perl_TestIntegers_t" time="0.00014495849609375" />
    <testcase name="Equals (35)" classname="spec_perl_TestIntegers_t" time="0.000117063522338867" />
    <testcase name="Equals (36)" classname="spec_perl_TestIntegers_t" time="0.000149965286254883" />
    <testcase name="Equals (37)" classname="spec_perl_TestIntegers_t" time="0.000134944915771484" />
    <testcase name="Equals (38)" classname="spec_perl_TestIntegers_t" time="0.000124931335449219" />
    <testcase name="Equals (39)" classname="spec_perl_TestIntegers_t" time="0.000154018402099609" />
    <testcase name="Equals (40)" classname="spec_perl_TestIntegers_t" time="0.000106096267700195" />
    <testcase name="Equals (41)" classname="spec_perl_TestIntegers_t" time="0.000144004821777344" />
    <testcase name="Equals (42)" classname="spec_perl_TestIntegers_t" time="0.000114917755126953" />
    <testcase name="Equals (43)" classname="spec_perl_TestIntegers_t" time="0.000161170959472656" />
    <testcase name="Equals (44)" classname="spec_perl_TestIntegers_t" time="0.000117778778076172" />
    <testcase name="Equals (45)" classname="spec_perl_TestIntegers_t" time="0.000127077102661133" />
    <testcase name="Equals (46)" classname="spec_perl_TestIntegers_t" time="0.000117063522338867" />
  </testsuite>
  <testsuite name="spec_perl_TestExprBytesCmp_t" errors="1" failures="0" skipped="0" tests="0" time="0.0439929962158203">
    <system-out></system-out>
    <testcase name="Test died too soon, even before plan. (46)" classname="spec_perl_TestExprBytesCmp_t" time="0.0439929962158203">
      <failure message="The test suite died before a plan was produced. You need to have a plan." type="Plan">No plan</failure>
    </testcase>
  </testsuite>
  <testsuite name="spec_perl_TestStrPadTermEmpty_t" errors="0" failures="0" skipped="0" tests="4" time="0.0471439361572266">
    <system-out>1..4
ok 1 - Equals
ok 2 - Equals
ok 3 - Equals
ok 4 - Equals
</system-out>
    <testcase name="Equals (47)" classname="spec_perl_TestStrPadTermEmpty_t" time="0.000381946563720703" />
    <testcase name="Equals (48)" classname="spec_perl_TestStrPadTermEmpty_t" time="9.10758972167969e-05" />
    <testcase name="Equals (49)" classname="spec_perl_TestStrPadTermEmpty_t" time="6.103515625e-05" />
    <testcase name="Equals (50)" classname="spec_perl_TestStrPadTermEmpty_t" time="0.000140905380249023" />
  </testsuite>
  <testsuite name="spec_perl_TestIndexToParamUntil_t" errors="0" failures="2" skipped="0" tests="7" time="0.0546469688415527">
    <system-out>1..7
ok 1 - Equals
ok 2 - Equals
ok 3 - Equals
ok 4 - Equals
ok 5 - Equals
not ok 6 - Equals
not ok 7 - Equals
</system-out>
    <testcase name="Equals (51)" classname="spec_perl_TestIndexToParamUntil_t" time="0.000492095947265625" />
    <testcase name="Equals (52)" classname="spec_perl_TestIndexToParamUntil_t" time="0.000424861907958984" />
    <testcase name="Equals (53)" classname="spec_perl_TestIndexToParamUntil_t" time="0.000348091125488281" />
    <testcase name="Equals (54)" classname="spec_perl_TestIndexToParamUntil_t" time="0.00032806396484375" />
    <testcase name="Equals (55)" classname="spec_perl_TestIndexToParamUntil_t" time="0.000348806381225586" />
    <testcase name="Equals (56)" classname="spec_perl_TestIndexToParamUntil_t" time="0.00045013427734375">
      <failure message="not ok 6 - Equals" type="TAP::Parser::Result::Test"></failure>
    </testcase>
    <testcase name="Equals (57)" classname="spec_perl_TestIndexToParamUntil_t" time="0.00110292434692383">
      <failure message="not ok 7 - Equals" type="TAP::Parser::Result::Test"></failure>
    </testcase>
  </testsuite>
  <testsuite name="spec_perl_TestParamsPassBool_t" errors="0" failures="1" skipped="13" tests="14" time="0.0468709468841553">
    <system-out>1..14
not ok 1 - test_params_pass_bool died (Requested 2 bytes, but got only 1 bytes at ../runtime/perl/lib/IO/KaitaiStruct.pm line 333.)
ok 2 # skip test_params_pass_bool died
ok 3 # skip test_params_pass_bool died
ok 4 # skip test_params_pass_bool died
ok 5 # skip test_params_pass_bool died
ok 6 # skip test_params_pass_bool died
ok 7 # skip test_params_pass_bool died
ok 8 # skip test_params_pass_bool died
ok 9 # skip test_params_pass_bool died
ok 10 # skip test_params_pass_bool died
ok 11 # skip test_params_pass_bool died
ok 12 # skip test_params_pass_bool died
ok 13 # skip test_params_pass_bool died
ok 14 # skip test_params_pass_bool died
</system-out>
    <testcase name="test_params_pass_bool died (Requested 2 bytes, but got only 1 bytes at ../runtime/perl/lib/IO/KaitaiStruct.pm line 333.) (57)" classname="spec_perl_TestParamsPassBool_t" time="0.000327110290527344">
      <failure message="not ok 1 - test_params_pass_bool died (Requested 2 bytes, but got only 1 bytes at ../runtime/perl/lib/IO/KaitaiStruct.pm line 333.)" type="TAP::Parser::Result::Test"></failure>
    </testcase>
    <testcase name="Unnamed test case 57" classname="spec_perl_TestParamsPassBool_t" time="0.0040290355682373">
      <skipped message="ok 2 # skip test_params_pass_bool died" />
    </testcase>
    <testcase name="Unnamed test case 58" classname="spec_perl_TestParamsPassBool_t" time="8.48770141601562e-05">
      <skipped message="ok 3 # skip test_params_pass_bool died" />
    </testcase>
    <testcase name="Unnamed test case 59" classname="spec_perl_TestParamsPassBool_t" time="5.81741333007812e-05">
      <skipped message="ok 4 # skip test_params_pass_bool died" />
    </testcase>
    <testcase name="Unnamed test case 60" classname="spec_perl_TestParamsPassBool_t" time="5.19752502441406e-05">
      <skipped message="ok 5 # skip test_params_pass_bool died" />
    </testcase>
    <testcase name="Unnamed test case 61" classname="spec_perl_TestParamsPassBool_t" time="4.48226928710938e-05">
      <skipped message="ok 6 # skip test_params_pass_bool died" />
    </testcase>
    <testcase name="Unnamed test case 62" classname="spec_perl_TestParamsPassBool_t" time="4.22000885009766e-05">
      <skipped message="ok 7 # skip test_params_pass_bool died" />
    </testcase>
    <testcase name="Unnamed test case 63" classname="spec_perl_TestParamsPassBool_t" time="4.1961669921875e-05">
      <skipped message="ok 8 # skip test_params_pass_bool died" />
    </testcase>
    <testcase name="Unnamed test case 64" classname="spec_perl_TestParamsPassBool_t" time="3.88622283935547e-05">
      <skipped message="ok 9 # skip test_params_pass_bool died" />
    </testcase>
    <testcase name="Unnamed test case 65" classname="spec_perl_TestParamsPassBool_t" time="4.10079956054688e-05">
      <skipped message="ok 10 # skip test_params_pass_bool died" />
    </testcase>
    <testcase name="Unnamed test case 66" classname="spec_perl_TestParamsPassBool_t" time="4.1961669921875e-05">
      <skipped message="ok 11 # skip test_params_pass_bool died" />
    </testcase>
    <testcase name="Unnamed test case 67" classname="spec_perl_TestParamsPassBool_t" time="4.00543212890625e-05">
      <skipped message="ok 12 # skip test_params_pass_bool died" />
    </testcase>
    <testcase name="Unnamed test case 68" classname="spec_perl_TestParamsPassBool_t" time="3.91006469726562e-05">
      <skipped message="ok 13 # skip test_params_pass_bool died" />
    </testcase>
    <testcase name="Unnamed test case 69" classname="spec_perl_TestParamsPassBool_t" time="3.88622283935547e-05">
      <skipped message="ok 14 # skip test_params_pass_bool died" />
    </testcase>
  </testsuite>
  <testsuite name="spec_perl_TestRepeatUntilSized_t" errors="0" failures="0" skipped="0" tests="7" time="0.0440700054168701">
    <system-out>1..7
ok 1 - Equals
ok 2 - Equals
ok 3 - Equals
ok 4 - Equals
ok 5 - Equals
ok 6 - Equals
ok 7 - Equals
</system-out>
    <testcase name="Equals (69)" classname="spec_perl_TestRepeatUntilSized_t" time="0.000564098358154297" />
    <testcase name="Equals (70)" classname="spec_perl_TestRepeatUntilSized_t" time="0.000102996826171875" />
    <testcase name="Equals (71)" classname="spec_perl_TestRepeatUntilSized_t" time="5.79357147216797e-05" />
    <testcase name="Equals (72)" classname="spec_perl_TestRepeatUntilSized_t" time="7.41481781005859e-05" />
    <testcase name="Equals (73)" classname="spec_perl_TestRepeatUntilSized_t" time="0.000190973281860352" />
    <testcase name="Equals (74)" classname="spec_perl_TestRepeatUntilSized_t" time="9.39369201660156e-05" />
    <testcase name="Equals (75)" classname="spec_perl_TestRepeatUntilSized_t" time="0.000139951705932617" />
  </testsuite>
  <testsuite name="spec_perl_TestEnumForUnknownId_t" errors="0" failures="0" skipped="0" tests="1" time="0.0432970523834229">
    <system-out>1..1
ok 1 - Equals
</system-out>
    <testcase name="Equals (76)" classname="spec_perl_TestEnumForUnknownId_t" time="0.000168800354003906" />
  </testsuite>
  <testsuite name="spec_perl_TestSwitchRepeatExpr_t" errors="0" failures="0" skipped="0" tests="3" time="0.0438849925994873">
    <system-out>1..3
ok 1 - Equals
ok 2 - Equals
ok 3 - Equals
</system-out>
    <testcase name="Equals (77)" classname="spec_perl_TestSwitchRepeatExpr_t" time="0.000563144683837891" />
    <testcase name="Equals (78)" classname="spec_perl_TestSwitchRepeatExpr_t" time="9.89437103271484e-05" />
    <testcase name="Equals (79)" classname="spec_perl_TestSwitchRepeatExpr_t" time="5.48362731933594e-05" />
  </testsuite>
  <testsuite name="spec_perl_TestNavParent3_t" errors="0" failures="0" skipped="0" tests="10" time="0.0470190048217773">
    <system-out>1..10
ok 1 - Equals
ok 2 - Equals
ok 3 - Equals
ok 4 - Equals
ok 5 - Equals
ok 6 - Equals
ok 7 - Equals
ok 8 - Equals
ok 9 - Equals
ok 10 - Equals
</system-out>
    <testcase name="Equals (80)" classname="spec_perl_TestNavParent3_t" time="0.00025177001953125" />
    <testcase name="Equals (81)" classname="spec_perl_TestNavParent3_t" time="8.60691070556641e-05" />
    <testcase name="Equals (82)" classname="spec_perl_TestNavParent3_t" time="0.000368118286132812" />
    <testcase name="Equals (83)" classname="spec_perl_TestNavParent3_t" time="0.000111818313598633" />
    <testcase name="Equals (84)" classname="spec_perl_TestNavParent3_t" time="0.000149011611938477" />
    <testcase name="Equals (85)" classname="spec_perl_TestNavParent3_t" time="0.00018310546875" />
    <testcase name="Equals (86)" classname="spec_perl_TestNavParent3_t" time="0.000114917755126953" />
    <testcase name="Equals (87)" classname="spec_perl_TestNavParent3_t" time="0.000142097473144531" />
    <testcase name="Equals (88)" classname="spec_perl_TestNavParent3_t" time="0.000143051147460938" />
    <testcase name="Equals (89)" classname="spec_perl_TestNavParent3_t" time="0.000186920166015625" />
  </testsuite>
  <testsuite name="spec_perl_TestEofExceptionU4_t" errors="0" failures="0" skipped="0" tests="1" time="0.0441868305206299">
    <system-out>1..1
ok 1 - Died
</system-out>
    <testcase name="Died (89)" classname="spec_perl_TestEofExceptionU4_t" time="0.000168085098266602" />
  </testsuite>
  <testsuite name="spec_perl_TestSwitchRepeatExprInvalid_t" errors="0" failures="0" skipped="0" tests="3" time="0.0437030792236328">
    <system-out>1..3
ok 1 - Equals
ok 2 - Equals
ok 3 - Equals
</system-out>
    <testcase name="Equals (90)" classname="spec_perl_TestSwitchRepeatExprInvalid_t" time="0.00026702880859375" />
    <testcase name="Equals (91)" classname="spec_perl_TestSwitchRepeatExprInvalid_t" time="7.79628753662109e-05" />
    <testcase name="Equals (92)" classname="spec_perl_TestSwitchRepeatExprInvalid_t" time="0.000112056732177734" />
  </testsuite>
  <testsuite name="spec_perl_TestParamsPassArrayStr_t" errors="0" failures="1" skipped="6" tests="7" time="0.0546081066131592">
    <system-out>1..7
not ok 1 - test_params_pass_array_str died (Can't use an undefined value as an ARRAY reference at spec/perl/TestParamsPassArrayStr.t line 15.)
ok 2 # skip test_params_pass_array_str died
ok 3 # skip test_params_pass_array_str died
ok 4 # skip test_params_pass_array_str died
ok 5 # skip test_params_pass_array_str died
ok 6 # skip test_params_pass_array_str died
ok 7 # skip test_params_pass_array_str died
</system-out>
    <testcase name="test_params_pass_array_str died (Can't use an undefined value as an ARRAY reference at spec/perl/TestParamsPassArrayStr.t line 15.) (92)" classname="spec_perl_TestParamsPassArrayStr_t" time="0.00073695182800293">
      <failure message="not ok 1 - test_params_pass_array_str died (Can't use an undefined value as an ARRAY reference at spec/perl/TestParamsPassArrayStr.t line 15.)" type="TAP::Parser::Result::Test"></failure>
    </testcase>
    <testcase name="Unnamed test case 92" classname="spec_perl_TestParamsPassArrayStr_t" time="0.000815153121948242">
      <skipped message="ok 2 # skip test_params_pass_array_str died" />
    </testcase>
    <testcase name="Unnamed test case 93" classname="spec_perl_TestParamsPassArrayStr_t" time="0.000321865081787109">
      <skipped message="ok 3 # skip test_params_pass_array_str died" />
    </testcase>
    <testcase name="Unnamed test case 94" classname="spec_perl_TestParamsPassArrayStr_t" time="0.000282049179077148">
      <skipped message="ok 4 # skip test_params_pass_array_str died" />
    </testcase>
    <testcase name="Unnamed test case 95" classname="spec_perl_TestParamsPassArrayStr_t" time="0.000281095504760742">
      <skipped message="ok 5 # skip test_params_pass_array_str died" />
    </testcase>
    <testcase name="Unnamed test case 96" classname="spec_perl_TestParamsPassArrayStr_t" time="0.000288963317871094">
      <skipped message="ok 6 # skip test_params_pass_array_str died" />
    </testcase>
    <testcase name="Unnamed test case 97" classname="spec_perl_TestParamsPassArrayStr_t" time="0.000281095504760742">
      <skipped message="ok 7 # skip test_params_pass_array_str died" />
    </testcase>
  </testsuite>
  <testsuite name="spec_perl_TestExprOpsParens_t" errors="1" failures="0" skipped="0" tests="0" time="0.043982982635498">
    <system-out></system-out>
    <testcase name="Test died too soon, even before plan. (97)" classname="spec_perl_TestExprOpsParens_t" time="0.043982982635498">
      <failure message="The test suite died before a plan was produced. You need to have a plan." type="Plan">No plan</failure>
    </testcase>
  </testsuite>
  <testsuite name="spec_perl_TestProcessToUser_t" errors="0" failures="0" skipped="0" tests="1" time="0.0465819835662842">
    <system-out>1..1
ok 1 - Equals
</system-out>
    <testcase name="Equals (97)" classname="spec_perl_TestProcessToUser_t" time="0.00059199333190918" />
  </testsuite>
  <testsuite name="spec_perl_TestNavParentFalse_t" errors="0" failures="0" skipped="0" tests="5" time="0.0433220863342285">
    <system-out>1..5
ok 1 - Equals
ok 2 - Equals
ok 3 - Equals
ok 4 - Equals
ok 5 - Equals
</system-out>
    <testcase name="Equals (98)" classname="spec_perl_TestNavParentFalse_t" time="0.00026392936706543" />
    <testcase name="Equals (99)" classname="spec_perl_TestNavParentFalse_t" time="9.51290130615234e-05" />
    <testcase name="Equals (100)" classname="spec_perl_TestNavParentFalse_t" time="7.98702239990234e-05" />
    <testcase name="Equals (101)" classname="spec_perl_TestNavParentFalse_t" time="0.000152111053466797" />
    <testcase name="Equals (102)" classname="spec_perl_TestNavParentFalse_t" time="0.000123023986816406" />
  </testsuite>
  <testsuite name="spec_perl_TestEnumNegative_t" errors="0" failures="0" skipped="0" tests="2" time="0.0423719882965088">
    <system-out>1..2
ok 1 - Equals
ok 2 - Equals
</system-out>
    <testcase name="Equals (103)" classname="spec_perl_TestEnumNegative_t" time="0.0001678466796875" />
    <testcase name="Equals (104)" classname="spec_perl_TestEnumNegative_t" time="0.000123023986816406" />
  </testsuite>
  <testsuite name="spec_perl_TestIndexToParamExpr_t" errors="0" failures="2" skipped="0" tests="7" time="0.0559258460998535">
    <system-out>1..7
ok 1 - Equals
ok 2 - Equals
ok 3 - Equals
ok 4 - Equals
ok 5 - Equals
not ok 6 - Equals
not ok 7 - Equals
</system-out>
    <testcase name="Equals (105)" classname="spec_perl_TestIndexToParamExpr_t" time="0.00377202033996582" />
    <testcase name="Equals (106)" classname="spec_perl_TestIndexToParamExpr_t" time="0.000110149383544922" />
    <testcase name="Equals (107)" classname="spec_perl_TestIndexToParamExpr_t" time="4.38690185546875e-05" />
    <testcase name="Equals (108)" classname="spec_perl_TestIndexToParamExpr_t" time="3.91006469726562e-05" />
    <testcase name="Equals (109)" classname="spec_perl_TestIndexToParamExpr_t" time="3.29017639160156e-05" />
    <testcase name="Equals (110)" classname="spec_perl_TestIndexToParamExpr_t" time="7.41481781005859e-05">
      <failure message="not ok 6 - Equals" type="TAP::Parser::Result::Test"></failure>
    </testcase>
    <testcase name="Equals (111)" classname="spec_perl_TestIndexToParamExpr_t" time="3.69548797607422e-05">
      <failure message="not ok 7 - Equals" type="TAP::Parser::Result::Test"></failure>
    </testcase>
  </testsuite>
  <testsuite name="spec_perl_TestStrLiterals_t" errors="0" failures="0" skipped="0" tests="5" time="0.0439968109130859">
    <system-out>1..5
ok 1 - Equals
ok 2 - Equals
ok 3 - Equals
ok 4 - Equals
ok 5 - Equals
</system-out>
    <testcase name="Equals (112)" classname="spec_perl_TestStrLiterals_t" time="0.000273942947387695" />
    <testcase name="Equals (113)" classname="spec_perl_TestStrLiterals_t" time="0.000112056732177734" />
    <testcase name="Equals (114)" classname="spec_perl_TestStrLiterals_t" time="8.20159912109375e-05" />
    <testcase name="Equals (115)" classname="spec_perl_TestStrLiterals_t" time="0.000172853469848633" />
    <testcase name="Equals (116)" classname="spec_perl_TestStrLiterals_t" time="0.000174045562744141" />
  </testsuite>
  <testsuite name="spec_perl_TestDebugSwitchUser_t" errors="1" failures="0" skipped="0" tests="0" time="0.0438621044158936">
    <system-out></system-out>
    <testcase name="Test died too soon, even before plan. (116)" classname="spec_perl_TestDebugSwitchUser_t" time="0.0438621044158936">
      <failure message="The test suite died before a plan was produced. You need to have a plan." type="Plan">No plan</failure>
    </testcase>
  </testsuite>
  <testsuite name="spec_perl_TestImportsAbsRel_t" errors="0" failures="0" skipped="0" tests="3" time="0.0438170433044434">
    <system-out>1..3
ok 1 - Equals
ok 2 - Equals
ok 3 - Equals
</system-out>
    <testcase name="Equals (117)" classname="spec_perl_TestImportsAbsRel_t" time="0.000164985656738281" />
    <testcase name="Equals (118)" classname="spec_perl_TestImportsAbsRel_t" time="0.000102996826171875" />
    <testcase name="Equals (119)" classname="spec_perl_TestImportsAbsRel_t" time="0.000171899795532227" />
  </testsuite>
  <testsuite name="spec_perl_TestIfInstances_t" errors="0" failures="0" skipped="0" tests="1" time="0.0426678657531738">
    <system-out>1..1
ok 1 - nil
</system-out>
    <testcase name="nil (119)" classname="spec_perl_TestIfInstances_t" time="0.000164985656738281" />
  </testsuite>
  <testsuite name="spec_perl_TestRepeatNStruct_t" errors="0" failures="0" skipped="0" tests="5" time="0.0432860851287842">
    <system-out>1..5
ok 1 - Equals
ok 2 - Equals
ok 3 - Equals
ok 4 - Equals
ok 5 - Equals
</system-out>
    <testcase name="Equals (120)" classname="spec_perl_TestRepeatNStruct_t" time="0.000240087509155273" />
    <testcase name="Equals (121)" classname="spec_perl_TestRepeatNStruct_t" time="0.000113964080810547" />
    <testcase name="Equals (122)" classname="spec_perl_TestRepeatNStruct_t" time="6.29425048828125e-05" />
    <testcase name="Equals (123)" classname="spec_perl_TestRepeatNStruct_t" time="0.000142097473144531" />
    <testcase name="Equals (124)" classname="spec_perl_TestRepeatNStruct_t" time="0.000123977661132812" />
  </testsuite>
  <testsuite name="spec_perl_TestYamlInts_t" errors="0" failures="0" skipped="0" tests="4" time="0.0412380695343018">
    <system-out>1..4
ok 1 - Equals
ok 2 - Equals
ok 3 - Equals
ok 4 - Equals
</system-out>
    <testcase name="Equals (125)" classname="spec_perl_TestYamlInts_t" time="0.000245094299316406" />
    <testcase name="Equals (126)" classname="spec_perl_TestYamlInts_t" time="7.79628753662109e-05" />
    <testcase name="Equals (127)" classname="spec_perl_TestYamlInts_t" time="0.000174045562744141" />
    <testcase name="Equals (128)" classname="spec_perl_TestYamlInts_t" time="0.000124931335449219" />
  </testsuite>
  <testsuite name="spec_perl_TestRepeatEosU4_t" errors="0" failures="0" skipped="0" tests="1" time="0.0428969860076904">
    <system-out>1..1
ok 1 - Equals
</system-out>
    <testcase name="Equals (129)" classname="spec_perl_TestRepeatEosU4_t" time="0.000195026397705078" />
  </testsuite>
  <testsuite name="spec_perl_TestEnumLongRangeU_t" errors="0" failures="0" skipped="0" tests="4" time="0.0428769588470459">
    <system-out>1..4
ok 1 - Equals
ok 2 - Equals
ok 3 - Equals
ok 4 - Equals
</system-out>
    <testcase name="Equals (130)" classname="spec_perl_TestEnumLongRangeU_t" time="0.000211954116821289" />
    <testcase name="Equals (131)" classname="spec_perl_TestEnumLongRangeU_t" time="7.31945037841797e-05" />
    <testcase name="Equals (132)" classname="spec_perl_TestEnumLongRangeU_t" time="0.000139951705932617" />
    <testcase name="Equals (133)" classname="spec_perl_TestEnumLongRangeU_t" time="0.000133991241455078" />
  </testsuite>
  <testsuite name="spec_perl_TestEnumIntRangeU_t" errors="0" failures="0" skipped="0" tests="2" time="0.0423789024353027">
    <system-out>1..2
ok 1 - Equals
ok 2 - Equals
</system-out>
    <testcase name="Equals (134)" classname="spec_perl_TestEnumIntRangeU_t" time="0.000163078308105469" />
    <testcase name="Equals (135)" classname="spec_perl_TestEnumIntRangeU_t" time="6.50882720947266e-05" />
  </testsuite>
  <testsuite name="spec_perl_TestRepeatEosStruct_t" errors="0" failures="0" skipped="0" tests="5" time="0.0433099269866943">
    <system-out>1..5
ok 1 - Equals
ok 2 - Equals
ok 3 - Equals
ok 4 - Equals
ok 5 - Equals
</system-out>
    <testcase name="Equals (136)" classname="spec_perl_TestRepeatEosStruct_t" time="0.000267982482910156" />
    <testcase name="Equals (137)" classname="spec_perl_TestRepeatEosStruct_t" time="8.29696655273438e-05" />
    <testcase name="Equals (138)" classname="spec_perl_TestRepeatEosStruct_t" time="0.000125885009765625" />
    <testcase name="Equals (139)" classname="spec_perl_TestRepeatEosStruct_t" time="0.00012516975402832" />
    <testcase name="Equals (140)" classname="spec_perl_TestRepeatEosStruct_t" time="0.00013279914855957" />
  </testsuite>
  <testsuite name="spec_perl_TestEnum0_t" errors="0" failures="0" skipped="0" tests="2" time="0.0425670146942139">
    <system-out>1..2
ok 1 - Equals
ok 2 - Equals
</system-out>
    <testcase name="Equals (141)" classname="spec_perl_TestEnum0_t" time="0.000176906585693359" />
    <testcase name="Equals (142)" classname="spec_perl_TestEnum0_t" time="6.50882720947266e-05" />
  </testsuite>
  <testsuite name="spec_perl_TestCombineBytes_t" errors="1" failures="0" skipped="0" tests="0" time="0.0425629615783691">
    <system-out></system-out>
    <testcase name="Test died too soon, even before plan. (142)" classname="spec_perl_TestCombineBytes_t" time="0.0425629615783691">
      <failure message="The test suite died before a plan was produced. You need to have a plan." type="Plan">No plan</failure>
    </testcase>
  </testsuite>
  <testsuite name="spec_perl_TestTermStrz_t" errors="0" failures="0" skipped="0" tests="3" time="0.0464279651641846">
    <system-out>1..3
ok 1 - Equals
ok 2 - Equals
ok 3 - Equals
</system-out>
    <testcase name="Equals (143)" classname="spec_perl_TestTermStrz_t" time="0.000320196151733398" />
    <testcase name="Equals (144)" classname="spec_perl_TestTermStrz_t" time="8.48770141601562e-05" />
    <testcase name="Equals (145)" classname="spec_perl_TestTermStrz_t" time="5.60283660888672e-05" />
  </testsuite>
  <testsuite name="spec_perl_TestExpr3_t" errors="0" failures="0" skipped="0" tests="12" time="0.0620889663696289">
    <system-out>1..12
ok 1 - Equals
ok 2 - Equals
ok 3 - Equals
ok 4 - Equals
ok 5 - Equals
ok 6 - Equals
ok 7 - Equals
ok 8 - Equals
ok 9 - Equals
ok 10 - Equals
ok 11 - Equals
ok 12 - Equals
</system-out>
    <testcase name="Equals (146)" classname="spec_perl_TestExpr3_t" time="0.000260114669799805" />
    <testcase name="Equals (147)" classname="spec_perl_TestExpr3_t" time="7.39097595214844e-05" />
    <testcase name="Equals (148)" classname="spec_perl_TestExpr3_t" time="0.000142097473144531" />
    <testcase name="Equals (149)" classname="spec_perl_TestExpr3_t" time="0.0001068115234375" />
    <testcase name="Equals (150)" classname="spec_perl_TestExpr3_t" time="0.000149011611938477" />
    <testcase name="Equals (151)" classname="spec_perl_TestExpr3_t" time="0.00012516975402832" />
    <testcase name="Equals (152)" classname="spec_perl_TestExpr3_t" time="0.000120878219604492" />
    <testcase name="Equals (153)" classname="spec_perl_TestExpr3_t" time="0.000144004821777344" />
    <testcase name="Equals (154)" classname="spec_perl_TestExpr3_t" time="0.000118017196655273" />
    <testcase name="Equals (155)" classname="spec_perl_TestExpr3_t" time="0.000142097473144531" />
    <testcase name="Equals (156)" classname="spec_perl_TestExpr3_t" time="0.00014185905456543" />
    <testcase name="Equals (157)" classname="spec_perl_TestExpr3_t" time="0.000123023986816406" />
  </testsuite>
  <testsuite name="spec_perl_TestDebug0_t" errors="0" failures="0" skipped="1" tests="1" time="0.0434370040893555">
    <system-out>1..1
ok 1 # skip test_debug_0
</system-out>
    <testcase name="Unnamed test case 157" classname="spec_perl_TestDebug0_t" time="0.000269889831542969">
      <skipped message="ok 1 # skip test_debug_0" />
    </testcase>
  </testsuite>
  <testsuite name="spec_perl_TestExprSizeofValue0_t" errors="0" failures="0" skipped="0" tests="5" time="0.0437610149383545">
    <system-out>1..5
ok 1 - Equals
ok 2 - Equals
ok 3 - Equals
ok 4 - Equals
ok 5 - Equals
</system-out>
    <testcase name="Equals (158)" classname="spec_perl_TestExprSizeofValue0_t" time="0.00027012825012207" />
    <testcase name="Equals (159)" classname="spec_perl_TestExprSizeofValue0_t" time="8.20159912109375e-05" />
    <testcase name="Equals (160)" classname="spec_perl_TestExprSizeofValue0_t" time="0.000130891799926758" />
    <testcase name="Equals (161)" classname="spec_perl_TestExprSizeofValue0_t" time="0.000123977661132812" />
    <testcase name="Equals (162)" classname="spec_perl_TestExprSizeofValue0_t" time="0.000117063522338867" />
  </testsuite>
  <testsuite name="spec_perl_TestTsPacketHeader_t" errors="0" failures="0" skipped="0" tests="7" time="0.0437331199645996">
    <system-out>1..7
ok 1 - Equals
ok 2 - Equals
ok 3 - Equals
ok 4 - Equals
ok 5 - Equals
ok 6 - Equals
ok 7 - Equals
</system-out>
    <testcase name="Equals (163)" classname="spec_perl_TestTsPacketHeader_t" time="0.000274896621704102" />
    <testcase name="Equals (164)" classname="spec_perl_TestTsPacketHeader_t" time="8.392333984375e-05" />
    <testcase name="Equals (165)" classname="spec_perl_TestTsPacketHeader_t" time="6.31809234619141e-05" />
    <testcase name="Equals (166)" classname="spec_perl_TestTsPacketHeader_t" time="0.000143766403198242" />
    <testcase name="Equals (167)" classname="spec_perl_TestTsPacketHeader_t" time="0.000121116638183594" />
    <testcase name="Equals (168)" classname="spec_perl_TestTsPacketHeader_t" time="0.000138998031616211" />
    <testcase name="Equals (169)" classname="spec_perl_TestTsPacketHeader_t" time="0.00011897087097168" />
  </testsuite>
  <testsuite name="spec_perl_TestBitsSignedB64Le_t" errors="0" failures="0" skipped="0" tests="4" time="0.0430138111114502">
    <system-out>1..4
ok 1 - Equals
ok 2 - Equals
ok 3 - Equals
ok 4 - Equals
</system-out>
    <testcase name="Equals (170)" classname="spec_perl_TestBitsSignedB64Le_t" time="0.000250101089477539" />
    <testcase name="Equals (171)" classname="spec_perl_TestBitsSignedB64Le_t" time="7.89165496826172e-05" />
    <testcase name="Equals (172)" classname="spec_perl_TestBitsSignedB64Le_t" time="0.000134944915771484" />
    <testcase name="Equals (173)" classname="spec_perl_TestBitsSignedB64Le_t" time="0.00012516975402832" />
  </testsuite>
  <testsuite name="spec_perl_TestRepeatEosBit_t" errors="0" failures="0" skipped="0" tests="1" time="0.0436549186706543">
    <system-out>1..1
ok 1 - Equals
</system-out>
    <testcase name="Equals (174)" classname="spec_perl_TestRepeatEosBit_t" time="0.000319004058837891" />
  </testsuite>
  <testsuite name="spec_perl_TestProcessRepeatBytes_t" errors="0" failures="0" skipped="0" tests="2" time="0.0436580181121826">
    <system-out>1..2
ok 1 - Equals
ok 2 - Equals
</system-out>
    <testcase name="Equals (175)" classname="spec_perl_TestProcessRepeatBytes_t" time="0.000237941741943359" />
    <testcase name="Equals (176)" classname="spec_perl_TestProcessRepeatBytes_t" time="7.51018524169922e-05" />
  </testsuite>
  <testsuite name="spec_perl_TestParamsPassArrayStruct_t" errors="0" failures="1" skipped="2" tests="3" time="0.0492801666259766">
    <system-out>1..3
not ok 1 - test_params_pass_array_struct died (Can't use an undefined value as an ARRAY reference at spec/perl/TestParamsPassArrayStruct.t line 15.)
ok 2 # skip test_params_pass_array_struct died
ok 3 # skip test_params_pass_array_struct died
</system-out>
    <testcase name="test_params_pass_array_struct died (Can't use an undefined value as an ARRAY reference at spec/perl/TestParamsPassArrayStruct.t line 15.) (176)" classname="spec_perl_TestParamsPassArrayStruct_t" time="0.000344991683959961">
      <failure message="not ok 1 - test_params_pass_array_struct died (Can't use an undefined value as an ARRAY reference at spec/perl/TestParamsPassArrayStruct.t line 15.)" type="TAP::Parser::Result::Test"></failure>
    </testcase>
    <testcase name="Unnamed test case 176" classname="spec_perl_TestParamsPassArrayStruct_t" time="0.00163483619689941">
      <skipped message="ok 2 # skip test_params_pass_array_struct died" />
    </testcase>
    <testcase name="Unnamed test case 177" classname="spec_perl_TestParamsPassArrayStruct_t" time="0.000529050827026367">
      <skipped message="ok 3 # skip test_params_pass_array_struct died" />
    </testcase>
  </testsuite>
  <testsuite name="spec_perl_TestNestedTypes_t" errors="0" failures="0" skipped="0" tests="3" time="0.0437240600585938">
    <system-out>1..3
ok 1 - Equals
ok 2 - Equals
ok 3 - Equals
</system-out>
    <testcase name="Equals (177)" classname="spec_perl_TestNestedTypes_t" time="0.000221967697143555" />
    <testcase name="Equals (178)" classname="spec_perl_TestNestedTypes_t" time="7.70092010498047e-05" />
    <testcase name="Equals (179)" classname="spec_perl_TestNestedTypes_t" time="0.000143051147460938" />
  </testsuite>
  <testsuite name="spec_perl_TestRepeatUntilS4_t" errors="0" failures="0" skipped="0" tests="2" time="0.046475887298584">
    <system-out>1..2
ok 1 - Equals
ok 2 - Equals
</system-out>
    <testcase name="Equals (180)" classname="spec_perl_TestRepeatUntilS4_t" time="0.000283002853393555" />
    <testcase name="Equals (181)" classname="spec_perl_TestRepeatUntilS4_t" time="8.60691070556641e-05" />
  </testsuite>
  <testsuite name="spec_perl_TestIntegersMinMax_t" errors="0" failures="0" skipped="0" tests="28" time="0.0463550090789795">
    <system-out>1..28
ok 1 - Equals
ok 2 - Equals
ok 3 - Equals
ok 4 - Equals
ok 5 - Equals
ok 6 - Equals
ok 7 - Equals
ok 8 - Equals
ok 9 - Equals
ok 10 - Equals
ok 11 - Equals
ok 12 - Equals
ok 13 - Equals
ok 14 - Equals
ok 15 - Equals
ok 16 - Equals
ok 17 - Equals
ok 18 - Equals
ok 19 - Equals
ok 20 - Equals
ok 21 - Equals
ok 22 - Equals
ok 23 - Equals
ok 24 - Equals
ok 25 - Equals
ok 26 - Equals
ok 27 - Equals
ok 28 - Equals
</system-out>
    <testcase name="Equals (182)" classname="spec_perl_TestIntegersMinMax_t" time="0.000303030014038086" />
    <testcase name="Equals (183)" classname="spec_perl_TestIntegersMinMax_t" time="8.58306884765625e-05" />
    <testcase name="Equals (184)" classname="spec_perl_TestIntegersMinMax_t" time="5.81741333007812e-05" />
    <testcase name="Equals (185)" classname="spec_perl_TestIntegersMinMax_t" time="0.000154972076416016" />
    <testcase name="Equals (186)" classname="spec_perl_TestIntegersMinMax_t" time="0.000105857849121094" />
    <testcase name="Equals (187)" classname="spec_perl_TestIntegersMinMax_t" time="0.000161170959472656" />
    <testcase name="Equals (188)" classname="spec_perl_TestIntegersMinMax_t" time="9.58442687988281e-05" />
    <testcase name="Equals (189)" classname="spec_perl_TestIntegersMinMax_t" time="0.00014805793762207" />
    <testcase name="Equals (190)" classname="spec_perl_TestIntegersMinMax_t" time="0.000116109848022461" />
    <testcase name="Equals (191)" classname="spec_perl_TestIntegersMinMax_t" time="0.000152826309204102" />
    <testcase name="Equals (192)" classname="spec_perl_TestIntegersMinMax_t" time="0.000107049942016602" />
    <testcase name="Equals (193)" classname="spec_perl_TestIntegersMinMax_t" time="0.000119924545288086" />
    <testcase name="Equals (194)" classname="spec_perl_TestIntegersMinMax_t" time="0.000131130218505859" />
    <testcase name="Equals (195)" classname="spec_perl_TestIntegersMinMax_t" time="0.000120878219604492" />
    <testcase name="Equals (196)" classname="spec_perl_TestIntegersMinMax_t" time="0.0001220703125" />
    <testcase name="Equals (197)" classname="spec_perl_TestIntegersMinMax_t" time="0.000141143798828125" />
    <testcase name="Equals (198)" classname="spec_perl_TestIntegersMinMax_t" time="0.000131845474243164" />
    <testcase name="Equals (199)" classname="spec_perl_TestIntegersMinMax_t" time="0.000147104263305664" />
    <testcase name="Equals (200)" classname="spec_perl_TestIntegersMinMax_t" time="0.000123977661132812" />
    <testcase name="Equals (201)" classname="spec_perl_TestIntegersMinMax_t" time="0.00011897087097168" />
    <testcase name="Equals (202)" classname="spec_perl_TestIntegersMinMax_t" time="0.000166893005371094" />
    <testcase name="Equals (203)" classname="spec_perl_TestIntegersMinMax_t" time="0.000100135803222656" />
    <testcase name="Equals (204)" classname="spec_perl_TestIntegersMinMax_t" time="0.000153064727783203" />
    <testcase name="Equals (205)" classname="spec_perl_TestIntegersMinMax_t" time="0.000102996826171875" />
    <testcase name="Equals (206)" classname="spec_perl_TestIntegersMinMax_t" time="0.000149011611938477" />
    <testcase name="Equals (207)" classname="spec_perl_TestIntegersMinMax_t" time="0.000108003616333008" />
    <testcase name="Equals (208)" classname="spec_perl_TestIntegersMinMax_t" time="0.000149965286254883" />
    <testcase name="Equals (209)" classname="spec_perl_TestIntegersMinMax_t" time="0.000108957290649414" />
  </testsuite>
  <testsuite name="spec_perl_TestIntegersDoubleOverflow_t" errors="0" failures="0" skipped="0" tests="8" time="0.0438690185546875">
    <system-out>1..8
ok 1 - Equals
ok 2 - Equals
ok 3 - Equals
ok 4 - Equals
ok 5 - Equals
ok 6 - Equals
ok 7 - Equals
ok 8 - Equals
</system-out>
    <testcase name="Equals (210)" classname="spec_perl_TestIntegersDoubleOverflow_t" time="0.000220060348510742" />
    <testcase name="Equals (211)" classname="spec_perl_TestIntegersDoubleOverflow_t" time="7.00950622558594e-05" />
    <testcase name="Equals (212)" classname="spec_perl_TestIntegersDoubleOverflow_t" time="0.000128030776977539" />
    <testcase name="Equals (213)" classname="spec_perl_TestIntegersDoubleOverflow_t" time="0.000122785568237305" />
    <testcase name="Equals (214)" classname="spec_perl_TestIntegersDoubleOverflow_t" time="0.000144004821777344" />
    <testcase name="Equals (215)" classname="spec_perl_TestIntegersDoubleOverflow_t" time="0.000151157379150391" />
    <testcase name="Equals (216)" classname="spec_perl_TestIntegersDoubleOverflow_t" time="0.000138998031616211" />
    <testcase name="Equals (217)" classname="spec_perl_TestIntegersDoubleOverflow_t" time="0.000123977661132812" />
  </testsuite>
  <testsuite name="spec_perl_TestImportsCircularA_t" errors="0" failures="0" skipped="0" tests="5" time="0.044173002243042">
    <system-out>1..5
ok 1 - Equals
ok 2 - Equals
ok 3 - Equals
ok 4 - Equals
ok 5 - nil
</system-out>
    <testcase name="Equals (218)" classname="spec_perl_TestImportsCircularA_t" time="0.000260829925537109" />
    <testcase name="Equals (219)" classname="spec_perl_TestImportsCircularA_t" time="7.79628753662109e-05" />
    <testcase name="Equals (220)" classname="spec_perl_TestImportsCircularA_t" time="0.000128030776977539" />
    <testcase name="Equals (221)" classname="spec_perl_TestImportsCircularA_t" time="0.000136137008666992" />
    <testcase name="nil (221)" classname="spec_perl_TestImportsCircularA_t" time="5.98430633544922e-05" />
  </testsuite>
  <testsuite name="spec_perl_TestDefaultEndianExprInherited_t" errors="0" failures="0" skipped="0" tests="15" time="0.0457909107208252">
    <system-out>1..15
ok 1 - Equals
ok 2 - Equals
ok 3 - Equals
ok 4 - Equals
ok 5 - Equals
ok 6 - Equals
ok 7 - Equals
ok 8 - Equals
ok 9 - Equals
ok 10 - Equals
ok 11 - Equals
ok 12 - Equals
ok 13 - Equals
ok 14 - Equals
ok 15 - Equals
</system-out>
    <testcase name="Equals (222)" classname="spec_perl_TestDefaultEndianExprInherited_t" time="0.000314950942993164" />
    <testcase name="Equals (223)" classname="spec_perl_TestDefaultEndianExprInherited_t" time="8.89301300048828e-05" />
    <testcase name="Equals (224)" classname="spec_perl_TestDefaultEndianExprInherited_t" time="5.50746917724609e-05" />
    <testcase name="Equals (225)" classname="spec_perl_TestDefaultEndianExprInherited_t" time="0.00017094612121582" />
    <testcase name="Equals (226)" classname="spec_perl_TestDefaultEndianExprInherited_t" time="0.00014805793762207" />
    <testcase name="Equals (227)" classname="spec_perl_TestDefaultEndianExprInherited_t" time="0.000107049942016602" />
    <testcase name="Equals (228)" classname="spec_perl_TestDefaultEndianExprInherited_t" time="0.00014185905456543" />
    <testcase name="Equals (229)" classname="spec_perl_TestDefaultEndianExprInherited_t" time="0.000113010406494141" />
    <testcase name="Equals (230)" classname="spec_perl_TestDefaultEndianExprInherited_t" time="0.000149011611938477" />
    <testcase name="Equals (231)" classname="spec_perl_TestDefaultEndianExprInherited_t" time="0.000127077102661133" />
    <testcase name="Equals (232)" classname="spec_perl_TestDefaultEndianExprInherited_t" time="0.000149965286254883" />
    <testcase name="Equals (233)" classname="spec_perl_TestDefaultEndianExprInherited_t" time="0.000112056732177734" />
    <testcase name="Equals (234)" classname="spec_perl_TestDefaultEndianExprInherited_t" time="0.000146865844726562" />
    <testcase name="Equals (235)" classname="spec_perl_TestDefaultEndianExprInherited_t" time="0.000120162963867188" />
    <testcase name="Equals (236)" classname="spec_perl_TestDefaultEndianExprInherited_t" time="0.000157833099365234" />
  </testsuite>
  <testsuite name="spec_perl_TestParamsCallShort_t" errors="0" failures="3" skipped="0" tests="3" time="0.0593819618225098">
    <system-out>1..3
not ok 1 - Equals
not ok 2 - Equals
not ok 3 - Equals
</system-out>
    <testcase name="Equals (237)" classname="spec_perl_TestParamsCallShort_t" time="0.000381946563720703">
      <failure message="not ok 1 - Equals" type="TAP::Parser::Result::Test"></failure>
    </testcase>
    <testcase name="Equals (238)" classname="spec_perl_TestParamsCallShort_t" time="0.00106287002563477">
      <failure message="not ok 2 - Equals" type="TAP::Parser::Result::Test"></failure>
    </testcase>
    <testcase name="Equals (239)" classname="spec_perl_TestParamsCallShort_t" time="0.000683069229125977">
      <failure message="not ok 3 - Equals" type="TAP::Parser::Result::Test"></failure>
    </testcase>
  </testsuite>
  <testsuite name="spec_perl_TestSwitchManualIntSize_t" errors="0" failures="1" skipped="0" tests="10" time="0.0525228977203369">
    <system-out>1..10
ok 1 - Equals
ok 2 - Equals
ok 3 - Equals
ok 4 - Equals
ok 5 - Equals
not ok 6 - test switch manual int size
ok 7 - Equals
ok 8 - Equals
ok 9 - Equals
ok 10 - Equals
</system-out>
    <testcase name="Equals (240)" classname="spec_perl_TestSwitchManualIntSize_t" time="0.000703096389770508" />
    <testcase name="Equals (241)" classname="spec_perl_TestSwitchManualIntSize_t" time="0.000108003616333008" />
    <testcase name="Equals (242)" classname="spec_perl_TestSwitchManualIntSize_t" time="6.00814819335938e-05" />
    <testcase name="Equals (243)" classname="spec_perl_TestSwitchManualIntSize_t" time="9.98973846435547e-05" />
    <testcase name="Equals (244)" classname="spec_perl_TestSwitchManualIntSize_t" time="0.000147104263305664" />
    <testcase name="test switch manual int size (244)" classname="spec_perl_TestSwitchManualIntSize_t" time="0.00183987617492676">
      <failure message="not ok 6 - test switch manual int size" type="TAP::Parser::Result::Test"></failure>
    </testcase>
    <testcase name="Equals (245)" classname="spec_perl_TestSwitchManualIntSize_t" time="0.000900983810424805" />
    <testcase name="Equals (246)" classname="spec_perl_TestSwitchManualIntSize_t" time="7.91549682617188e-05" />
    <testcase name="Equals (247)" classname="spec_perl_TestSwitchManualIntSize_t" time="4.1961669921875e-05" />
    <testcase name="Equals (248)" classname="spec_perl_TestSwitchManualIntSize_t" time="4.29153442382812e-05" />
  </testsuite>
  <testsuite name="spec_perl_TestCastNested_t" errors="0" failures="0" skipped="0" tests="4" time="0.0467300415039062">
    <system-out>1..4
ok 1 - Equals
ok 2 - Equals
ok 3 - Equals
ok 4 - Equals
</system-out>
    <testcase name="Equals (249)" classname="spec_perl_TestCastNested_t" time="0.000341892242431641" />
    <testcase name="Equals (250)" classname="spec_perl_TestCastNested_t" time="9.41753387451172e-05" />
    <testcase name="Equals (251)" classname="spec_perl_TestCastNested_t" time="8.48770141601562e-05" />
    <testcase name="Equals (252)" classname="spec_perl_TestCastNested_t" time="0.000169992446899414" />
  </testsuite>
  <testsuite name="spec_perl_TestNavParentSwitchCast_t" errors="0" failures="0" skipped="0" tests="3" time="0.0433399677276611">
    <system-out>1..3
ok 1 - Equals
ok 2 - Equals
ok 3 - Equals
</system-out>
    <testcase name="Equals (253)" classname="spec_perl_TestNavParentSwitchCast_t" time="0.000558853149414062" />
    <testcase name="Equals (254)" classname="spec_perl_TestNavParentSwitchCast_t" time="0.00012516975402832" />
    <testcase name="Equals (255)" classname="spec_perl_TestNavParentSwitchCast_t" time="5.88893890380859e-05" />
  </testsuite>
  <testsuite name="spec_perl_TestExprIntDiv_t" errors="0" failures="2" skipped="0" tests="6" time="0.046644926071167">
    <system-out>1..6
ok 1 - Equals
ok 2 - Equals
ok 3 - Equals
not ok 4 - Equals
ok 5 - Equals
not ok 6 - Equals
</system-out>
    <testcase name="Equals (256)" classname="spec_perl_TestExprIntDiv_t" time="0.000234127044677734" />
    <testcase name="Equals (257)" classname="spec_perl_TestExprIntDiv_t" time="8.48770141601562e-05" />
    <testcase name="Equals (258)" classname="spec_perl_TestExprIntDiv_t" time="0.000112056732177734" />
    <testcase name="Equals (259)" classname="spec_perl_TestExprIntDiv_t" time="0.000191926956176758">
      <failure message="not ok 4 - Equals" type="TAP::Parser::Result::Test"></failure>
    </testcase>
    <testcase name="Equals (260)" classname="spec_perl_TestExprIntDiv_t" time="0.00136804580688477" />
    <testcase name="Equals (261)" classname="spec_perl_TestExprIntDiv_t" time="0.000139951705932617">
      <failure message="not ok 6 - Equals" type="TAP::Parser::Result::Test"></failure>
    </testcase>
  </testsuite>
  <testsuite name="spec_perl_TestParamsPassArrayUsertype_t" errors="0" failures="1" skipped="4" tests="5" time="0.0489192008972168">
    <system-out>1..5
not ok 1 - test_params_pass_array_usertype died (Can't use an undefined value as an ARRAY reference at compiled/perl/ParamsPassArrayUsertype.pm line 123.)
ok 2 # skip test_params_pass_array_usertype died
ok 3 # skip test_params_pass_array_usertype died
ok 4 # skip test_params_pass_array_usertype died
ok 5 # skip test_params_pass_array_usertype died
</system-out>
    <testcase name="test_params_pass_array_usertype died (Can't use an undefined value as an ARRAY reference at compiled/perl/ParamsPassArrayUsertype.pm line 123.) (261)" classname="spec_perl_TestParamsPassArrayUsertype_t" time="0.000401973724365234">
      <failure message="not ok 1 - test_params_pass_array_usertype died (Can't use an undefined value as an ARRAY reference at compiled/perl/ParamsPassArrayUsertype.pm line 123.)" type="TAP::Parser::Result::Test"></failure>
    </testcase>
    <testcase name="Unnamed test case 261" classname="spec_perl_TestParamsPassArrayUsertype_t" time="0.00285887718200684">
      <skipped message="ok 2 # skip test_params_pass_array_usertype died" />
    </testcase>
    <testcase name="Unnamed test case 262" classname="spec_perl_TestParamsPassArrayUsertype_t" time="0.000115156173706055">
      <skipped message="ok 3 # skip test_params_pass_array_usertype died" />
    </testcase>
    <testcase name="Unnamed test case 263" classname="spec_perl_TestParamsPassArrayUsertype_t" time="5.69820404052734e-05">
      <skipped message="ok 4 # skip test_params_pass_array_usertype died" />
    </testcase>
    <testcase name="Unnamed test case 264" classname="spec_perl_TestParamsPassArrayUsertype_t" time="6.89029693603516e-05">
      <skipped message="ok 5 # skip test_params_pass_array_usertype died" />
    </testcase>
  </testsuite>
  <testsuite name="spec_perl_TestEnumDeepLiterals_t" errors="0" failures="0" skipped="0" tests="2" time="0.0423979759216309">
    <system-out>1..2
ok 1 - Equals
ok 2 - Equals
</system-out>
    <testcase name="Equals (264)" classname="spec_perl_TestEnumDeepLiterals_t" time="0.000199079513549805" />
    <testcase name="Equals (265)" classname="spec_perl_TestEnumDeepLiterals_t" time="7.39097595214844e-05" />
  </testsuite>
  <testsuite name="spec_perl_TestBitsByteAligned_t" errors="0" failures="0" skipped="0" tests="9" time="0.0439159870147705">
    <system-out>1..9
ok 1 - Equals
ok 2 - Equals
ok 3 - Equals
ok 4 - Equals
ok 5 - Equals
ok 6 - Equals
ok 7 - Equals
ok 8 - Equals
ok 9 - Equals
</system-out>
    <testcase name="Equals (266)" classname="spec_perl_TestBitsByteAligned_t" time="0.00020289421081543" />
    <testcase name="Equals (267)" classname="spec_perl_TestBitsByteAligned_t" time="8.0108642578125e-05" />
    <testcase name="Equals (268)" classname="spec_perl_TestBitsByteAligned_t" time="0.00014805793762207" />
    <testcase name="Equals (269)" classname="spec_perl_TestBitsByteAligned_t" time="9.48905944824219e-05" />
    <testcase name="Equals (270)" classname="spec_perl_TestBitsByteAligned_t" time="0.00014495849609375" />
    <testcase name="Equals (271)" classname="spec_perl_TestBitsByteAligned_t" time="0.000105142593383789" />
    <testcase name="Equals (272)" classname="spec_perl_TestBitsByteAligned_t" time="0.000139951705932617" />
    <testcase name="Equals (273)" classname="spec_perl_TestBitsByteAligned_t" time="0.000108957290649414" />
    <testcase name="Equals (274)" classname="spec_perl_TestBitsByteAligned_t" time="0.000128030776977539" />
  </testsuite>
  <testsuite name="spec_perl_TestProcessCoerceBytes_t" errors="0" failures="0" skipped="0" tests="4" time="0.0438368320465088">
    <system-out>1..4
ok 1 - Equals
ok 2 - Equals
ok 3 - Equals
ok 4 - Equals
</system-out>
    <testcase name="Equals (275)" classname="spec_perl_TestProcessCoerceBytes_t" time="0.000303983688354492" />
    <testcase name="Equals (276)" classname="spec_perl_TestProcessCoerceBytes_t" time="9.79900360107422e-05" />
    <testcase name="Equals (277)" classname="spec_perl_TestProcessCoerceBytes_t" time="7.91549682617188e-05" />
    <testcase name="Equals (278)" classname="spec_perl_TestProcessCoerceBytes_t" time="0.000145912170410156" />
  </testsuite>
  <testsuite name="spec_perl_TestFixedContents_t" errors="0" failures="0" skipped="1" tests="1" time="0.0552318096160889">
    <system-out>1..1
ok 1 # skip FixedContents=HASH(0x1e12eb8)
</system-out>
    <testcase name="Unnamed test case 278" classname="spec_perl_TestFixedContents_t" time="0.00126409530639648">
      <skipped message="ok 1 # skip FixedContents=HASH(0x1e12eb8)" />
    </testcase>
  </testsuite>
  <testsuite name="spec_perl_TestProcessCustom_t" errors="1" failures="0" skipped="0" tests="0" time="0.0441911220550537">
    <system-out></system-out>
    <testcase name="Test died too soon, even before plan. (278)" classname="spec_perl_TestProcessCustom_t" time="0.0441911220550537">
      <failure message="The test suite died before a plan was produced. You need to have a plan." type="Plan">No plan</failure>
    </testcase>
  </testsuite>
  <testsuite name="spec_perl_TestSwitchManualIntSizeElse_t" errors="0" failures="0" skipped="0" tests="10" time="0.0496869087219238">
    <system-out>1..10
ok 1 - Equals
ok 2 - Equals
ok 3 - Equals
ok 4 - Equals
ok 5 - Equals
ok 6 - Equals
ok 7 - Equals
ok 8 - Equals
ok 9 - Equals
ok 10 - Equals
</system-out>
    <testcase name="Equals (279)" classname="spec_perl_TestSwitchManualIntSizeElse_t" time="0.000758886337280273" />
    <testcase name="Equals (280)" classname="spec_perl_TestSwitchManualIntSizeElse_t" time="0.000108957290649414" />
    <testcase name="Equals (281)" classname="spec_perl_TestSwitchManualIntSizeElse_t" time="4.69684600830078e-05" />
    <testcase name="Equals (282)" classname="spec_perl_TestSwitchManualIntSizeElse_t" time="7.51018524169922e-05" />
    <testcase name="Equals (283)" classname="spec_perl_TestSwitchManualIntSizeElse_t" time="0.000150918960571289" />
    <testcase name="Equals (284)" classname="spec_perl_TestSwitchManualIntSizeElse_t" time="0.000174045562744141" />
    <testcase name="Equals (285)" classname="spec_perl_TestSwitchManualIntSizeElse_t" time="0.000140905380249023" />
    <testcase name="Equals (286)" classname="spec_perl_TestSwitchManualIntSizeElse_t" time="0.000149011611938477" />
    <testcase name="Equals (287)" classname="spec_perl_TestSwitchManualIntSizeElse_t" time="0.000146150588989258" />
    <testcase name="Equals (288)" classname="spec_perl_TestSwitchManualIntSizeElse_t" time="0.000130891799926758" />
  </testsuite>
  <testsuite name="spec_perl_TestValidShort_t" errors="0" failures="0" skipped="1" tests="1" time="0.0453119277954102">
    <system-out>1..1
ok 1 # skip ValidShort=HASH(0x1c88888)
</system-out>
    <testcase name="Unnamed test case 288" classname="spec_perl_TestValidShort_t" time="0.0012061595916748">
      <skipped message="ok 1 # skip ValidShort=HASH(0x1c88888)" />
    </testcase>
  </testsuite>
  <testsuite name="spec_perl_TestSwitchManualEnum_t" errors="0" failures="0" skipped="0" tests="9" time="0.0483591556549072">
    <system-out>1..9
ok 1 - Equals
ok 2 - Equals
ok 3 - Equals
ok 4 - Equals
ok 5 - Equals
ok 6 - Equals
ok 7 - Equals
ok 8 - Equals
ok 9 - Equals
</system-out>
    <testcase name="Equals (289)" classname="spec_perl_TestSwitchManualEnum_t" time="0.000322818756103516" />
    <testcase name="Equals (290)" classname="spec_perl_TestSwitchManualEnum_t" time="8.79764556884766e-05" />
    <testcase name="Equals (291)" classname="spec_perl_TestSwitchManualEnum_t" time="7.20024108886719e-05" />
    <testcase name="Equals (292)" classname="spec_perl_TestSwitchManualEnum_t" time="0.00018620491027832" />
    <testcase name="Equals (293)" classname="spec_perl_TestSwitchManualEnum_t" time="9.08374786376953e-05" />
    <testcase name="Equals (294)" classname="spec_perl_TestSwitchManualEnum_t" time="0.000161170959472656" />
    <testcase name="Equals (295)" classname="spec_perl_TestSwitchManualEnum_t" time="9.58442687988281e-05" />
    <testcase name="Equals (296)" classname="spec_perl_TestSwitchManualEnum_t" time="0.000142097473144531" />
    <testcase name="Equals (297)" classname="spec_perl_TestSwitchManualEnum_t" time="0.000119924545288086" />
  </testsuite>
  <testsuite name="spec_perl_TestNavParentSwitch_t" errors="0" failures="0" skipped="0" tests="3" time="0.043604850769043">
    <system-out>1..3
ok 1 - Equals
ok 2 - Equals
ok 3 - Equals
</system-out>
    <testcase name="Equals (298)" classname="spec_perl_TestNavParentSwitch_t" time="0.000283956527709961" />
    <testcase name="Equals (299)" classname="spec_perl_TestNavParentSwitch_t" time="8.20159912109375e-05" />
    <testcase name="Equals (300)" classname="spec_perl_TestNavParentSwitch_t" time="9.01222229003906e-05" />
  </testsuite>
  <testsuite name="spec_perl_TestEnumToI_t" errors="0" failures="1" skipped="0" tests="7" time="0.0458841323852539">
    <system-out>1..7
ok 1 - Equals
ok 2 - Equals
ok 3 - Equals
ok 4 - Equals
ok 5 - Equals
ok 6 - Equals
not ok 7 - Equals
</system-out>
    <testcase name="Equals (301)" classname="spec_perl_TestEnumToI_t" time="0.000231027603149414" />
    <testcase name="Equals (302)" classname="spec_perl_TestEnumToI_t" time="7.51018524169922e-05" />
    <testcase name="Equals (303)" classname="spec_perl_TestEnumToI_t" time="0.000123977661132812" />
    <testcase name="Equals (304)" classname="spec_perl_TestEnumToI_t" time="0.000132083892822266" />
    <testcase name="Equals (305)" classname="spec_perl_TestEnumToI_t" time="0.000114917755126953" />
    <testcase name="Equals (306)" classname="spec_perl_TestEnumToI_t" time="0.000138998031616211" />
    <testcase name="Equals (307)" classname="spec_perl_TestEnumToI_t" time="0.000196933746337891">
      <failure message="not ok 7 - Equals" type="TAP::Parser::Result::Test"></failure>
    </testcase>
  </testsuite>
  <testsuite name="spec_perl_TestExpr0_t" errors="0" failures="0" skipped="0" tests="2" time="0.0431089401245117">
    <system-out>1..2
ok 1 - Equals
ok 2 - Equals
</system-out>
    <testcase name="Equals (308)" classname="spec_perl_TestExpr0_t" time="0.000177860260009766" />
    <testcase name="Equals (309)" classname="spec_perl_TestExpr0_t" time="7.10487365722656e-05" />
  </testsuite>
  <testsuite name="spec_perl_TestBitsSeqEndianCombo_t" errors="0" failures="0" skipped="0" tests="8" time="0.0441138744354248">
    <system-out>1..8
ok 1 - Equals
ok 2 - Equals
ok 3 - Equals
ok 4 - Equals
ok 5 - Equals
ok 6 - Equals
ok 7 - Equals
ok 8 - Equals
</system-out>
    <testcase name="Equals (310)" classname="spec_perl_TestBitsSeqEndianCombo_t" time="0.000278949737548828" />
    <testcase name="Equals (311)" classname="spec_perl_TestBitsSeqEndianCombo_t" time="8.70227813720703e-05" />
    <testcase name="Equals (312)" classname="spec_perl_TestBitsSeqEndianCombo_t" time="0.000147819519042969" />
    <testcase name="Equals (313)" classname="spec_perl_TestBitsSeqEndianCombo_t" time="0.000120162963867188" />
    <testcase name="Equals (314)" classname="spec_perl_TestBitsSeqEndianCombo_t" time="0.00014495849609375" />
    <testcase name="Equals (315)" classname="spec_perl_TestBitsSeqEndianCombo_t" time="0.000107049942016602" />
    <testcase name="Equals (316)" classname="spec_perl_TestBitsSeqEndianCombo_t" time="0.000121831893920898" />
    <testcase name="Equals (317)" classname="spec_perl_TestBitsSeqEndianCombo_t" time="0.00012516975402832" />
  </testsuite>
  <testsuite name="spec_perl_TestPositionInSeq_t" errors="0" failures="0" skipped="0" tests="1" time="0.0426681041717529">
    <system-out>1..1
ok 1 - Equals
</system-out>
    <testcase name="Equals (318)" classname="spec_perl_TestPositionInSeq_t" time="0.000171899795532227" />
  </testsuite>
  <testsuite name="spec_perl_TestEosExceptionBytes_t" errors="0" failures="0" skipped="0" tests="1" time="0.0441088676452637">
    <system-out>1..1
ok 1 - Died
</system-out>
    <testcase name="Died (318)" classname="spec_perl_TestEosExceptionBytes_t" time="0.0004730224609375" />
  </testsuite>
  <testsuite name="spec_perl_TestTypeTernaryOpaque_t" errors="0" failures="0" skipped="0" tests="3" time="0.0571529865264893">
    <system-out>1..3
ok 1 - Equals
ok 2 - Equals
ok 3 - Equals
</system-out>
    <testcase name="Equals (319)" classname="spec_perl_TestTypeTernaryOpaque_t" time="0.000850200653076172" />
    <testcase name="Equals (320)" classname="spec_perl_TestTypeTernaryOpaque_t" time="0.000105857849121094" />
    <testcase name="Equals (321)" classname="spec_perl_TestTypeTernaryOpaque_t" time="6.103515625e-05" />
  </testsuite>
  <testsuite name="spec_perl_TestOpaqueExternalType02Parent_t" errors="0" failures="0" skipped="0" tests="3" time="0.0466041564941406">
    <system-out>1..3
ok 1 - Equals
ok 2 - Equals
ok 3 - Equals
</system-out>
    <testcase name="Equals (322)" classname="spec_perl_TestOpaqueExternalType02Parent_t" time="0.000370979309082031" />
    <testcase name="Equals (323)" classname="spec_perl_TestOpaqueExternalType02Parent_t" time="9.48905944824219e-05" />
    <testcase name="Equals (324)" classname="spec_perl_TestOpaqueExternalType02Parent_t" time="6.103515625e-05" />
  </testsuite>
  <testsuite name="spec_perl_TestImportsAbs_t" errors="1" failures="0" skipped="0" tests="0" time="0.0438179969787598">
    <system-out></system-out>
    <testcase name="Test died too soon, even before plan. (324)" classname="spec_perl_TestImportsAbs_t" time="0.0438179969787598">
      <failure message="The test suite died before a plan was produced. You need to have a plan." type="Plan">No plan</failure>
    </testcase>
  </testsuite>
  <testsuite name="spec_perl_TestBitsEnum_t" errors="0" failures="0" skipped="0" tests="3" time="0.0432078838348389">
    <system-out>1..3
ok 1 - Equals
ok 2 - Equals
ok 3 - Equals
</system-out>
    <testcase name="Equals (325)" classname="spec_perl_TestBitsEnum_t" time="0.000242948532104492" />
    <testcase name="Equals (326)" classname="spec_perl_TestBitsEnum_t" time="7.91549682617188e-05" />
    <testcase name="Equals (327)" classname="spec_perl_TestBitsEnum_t" time="0.000123977661132812" />
  </testsuite>
  <testsuite name="spec_perl_TestMultipleUse_t" errors="0" failures="0" skipped="0" tests="2" time="0.0437850952148438">
    <system-out>1..2
ok 1 - Equals
ok 2 - Equals
</system-out>
    <testcase name="Equals (328)" classname="spec_perl_TestMultipleUse_t" time="0.000262022018432617" />
    <testcase name="Equals (329)" classname="spec_perl_TestMultipleUse_t" time="8.392333984375e-05" />
  </testsuite>
  <testsuite name="spec_perl_TestEnumIf_t" errors="0" failures="0" skipped="0" tests="7" time="0.0466930866241455">
    <system-out>1..7
ok 1 - Equals
ok 2 - Equals
ok 3 - Equals
ok 4 - Equals
ok 5 - Equals
ok 6 - Equals
ok 7 - Equals
</system-out>
    <testcase name="Equals (330)" classname="spec_perl_TestEnumIf_t" time="0.000402927398681641" />
    <testcase name="Equals (331)" classname="spec_perl_TestEnumIf_t" time="8.89301300048828e-05" />
    <testcase name="Equals (332)" classname="spec_perl_TestEnumIf_t" time="5.60283660888672e-05" />
    <testcase name="Equals (333)" classname="spec_perl_TestEnumIf_t" time="0.000142097473144531" />
    <testcase name="Equals (334)" classname="spec_perl_TestEnumIf_t" time="9.58442687988281e-05" />
    <testcase name="Equals (335)" classname="spec_perl_TestEnumIf_t" time="0.000149965286254883" />
    <testcase name="Equals (336)" classname="spec_perl_TestEnumIf_t" time="0.000111103057861328" />
  </testsuite>
  <testsuite name="spec_perl_TestValidNotParsedIf_t" errors="0" failures="0" skipped="1" tests="1" time="0.0423619747161865">
    <system-out>1..1
ok 1 # skip ValidNotParsedIf=HASH(0xef84c8)
</system-out>
    <testcase name="Unnamed test case 336" classname="spec_perl_TestValidNotParsedIf_t" time="0.0011439323425293">
      <skipped message="ok 1 # skip ValidNotParsedIf=HASH(0xef84c8)" />
    </testcase>
  </testsuite>
  <testsuite name="spec_perl_TestDocstringsDocref_t" errors="0" failures="0" skipped="1" tests="1" time="0.0430359840393066">
    <system-out>1..1
ok 1 # skip DocstringsDocref=HASH(0x14aff88)
</system-out>
    <testcase name="Unnamed test case 337" classname="spec_perl_TestDocstringsDocref_t" time="0.00118422508239746">
      <skipped message="ok 1 # skip DocstringsDocref=HASH(0x14aff88)" />
    </testcase>
  </testsuite>
  <testsuite name="spec_perl_TestSwitchCast_t" errors="0" failures="0" skipped="0" tests="2" time="0.0469739437103271">
    <system-out>1..2
ok 1 - Equals
ok 2 - Equals
</system-out>
    <testcase name="Equals (337)" classname="spec_perl_TestSwitchCast_t" time="0.00031590461730957" />
    <testcase name="Equals (338)" classname="spec_perl_TestSwitchCast_t" time="8.51154327392578e-05" />
  </testsuite>
  <testsuite name="spec_perl_TestProcessXor4Const_t" errors="0" failures="0" skipped="0" tests="2" time="0.0429561138153076">
    <system-out>1..2
ok 1 - Equals
ok 2 - Equals
</system-out>
    <testcase name="Equals (339)" classname="spec_perl_TestProcessXor4Const_t" time="0.000235080718994141" />
    <testcase name="Equals (340)" classname="spec_perl_TestProcessXor4Const_t" time="7.70092010498047e-05" />
  </testsuite>
  <testsuite name="spec_perl_TestInstanceUserArray_t" errors="0" failures="0" skipped="0" tests="10" time="0.0454480648040771">
    <system-out>1..10
ok 1 - Equals
ok 2 - Equals
ok 3 - Equals
ok 4 - Equals
ok 5 - Equals
ok 6 - Equals
ok 7 - Equals
ok 8 - Equals
ok 9 - Equals
ok 10 - Equals
</system-out>
    <testcase name="Equals (341)" classname="spec_perl_TestInstanceUserArray_t" time="0.000212192535400391" />
    <testcase name="Equals (342)" classname="spec_perl_TestInstanceUserArray_t" time="6.98566436767578e-05" />
    <testcase name="Equals (343)" classname="spec_perl_TestInstanceUserArray_t" time="0.000105142593383789" />
    <testcase name="Equals (344)" classname="spec_perl_TestInstanceUserArray_t" time="0.000518798828125" />
    <testcase name="Equals (345)" classname="spec_perl_TestInstanceUserArray_t" time="8.10623168945312e-05" />
    <testcase name="Equals (346)" classname="spec_perl_TestInstanceUserArray_t" time="0.000113010406494141" />
    <testcase name="Equals (347)" classname="spec_perl_TestInstanceUserArray_t" time="0.000128030776977539" />
    <testcase name="Equals (348)" classname="spec_perl_TestInstanceUserArray_t" time="0.000150918960571289" />
    <testcase name="Equals (349)" classname="spec_perl_TestInstanceUserArray_t" time="0.000115156173706055" />
    <testcase name="Equals (350)" classname="spec_perl_TestInstanceUserArray_t" time="0.000156879425048828" />
  </testsuite>
  <testsuite name="spec_perl_TestParamsPassArrayInt_t" errors="0" failures="1" skipped="6" tests="7" time="0.0515718460083008">
    <system-out>1..7
not ok 1 - test_params_pass_array_int died (Can't use an undefined value as an ARRAY reference at spec/perl/TestParamsPassArrayInt.t line 15.)
ok 2 # skip test_params_pass_array_int died
ok 3 # skip test_params_pass_array_int died
ok 4 # skip test_params_pass_array_int died
ok 5 # skip test_params_pass_array_int died
ok 6 # skip test_params_pass_array_int died
ok 7 # skip test_params_pass_array_int died
</system-out>
    <testcase name="test_params_pass_array_int died (Can't use an undefined value as an ARRAY reference at spec/perl/TestParamsPassArrayInt.t line 15.) (350)" classname="spec_perl_TestParamsPassArrayInt_t" time="0.00123691558837891">
      <failure message="not ok 1 - test_params_pass_array_int died (Can't use an undefined value as an ARRAY reference at spec/perl/TestParamsPassArrayInt.t line 15.)" type="TAP::Parser::Result::Test"></failure>
    </testcase>
    <testcase name="Unnamed test case 350" classname="spec_perl_TestParamsPassArrayInt_t" time="0.000815868377685547">
      <skipped message="ok 2 # skip test_params_pass_array_int died" />
    </testcase>
    <testcase name="Unnamed test case 351" classname="spec_perl_TestParamsPassArrayInt_t" time="0.000310182571411133">
      <skipped message="ok 3 # skip test_params_pass_array_int died" />
    </testcase>
    <testcase name="Unnamed test case 352" classname="spec_perl_TestParamsPassArrayInt_t" time="0.000294923782348633">
      <skipped message="ok 4 # skip test_params_pass_array_int died" />
    </testcase>
    <testcase name="Unnamed test case 353" classname="spec_perl_TestParamsPassArrayInt_t" time="0.000274896621704102">
      <skipped message="ok 5 # skip test_params_pass_array_int died" />
    </testcase>
    <testcase name="Unnamed test case 354" classname="spec_perl_TestParamsPassArrayInt_t" time="0.00027918815612793">
      <skipped message="ok 6 # skip test_params_pass_array_int died" />
    </testcase>
    <testcase name="Unnamed test case 355" classname="spec_perl_TestParamsPassArrayInt_t" time="0.0002899169921875">
      <skipped message="ok 7 # skip test_params_pass_array_int died" />
    </testcase>
  </testsuite>
  <testsuite name="spec_perl_TestProcessCoerceUsertype2_t" errors="0" failures="0" skipped="0" tests="4" time="0.0438179969787598">
    <system-out>1..4
ok 1 - Equals
ok 2 - Equals
ok 3 - Equals
ok 4 - Equals
</system-out>
    <testcase name="Equals (355)" classname="spec_perl_TestProcessCoerceUsertype2_t" time="0.000558853149414062" />
    <testcase name="Equals (356)" classname="spec_perl_TestProcessCoerceUsertype2_t" time="0.000147104263305664" />
    <testcase name="Equals (357)" classname="spec_perl_TestProcessCoerceUsertype2_t" time="4.88758087158203e-05" />
    <testcase name="Equals (358)" classname="spec_perl_TestProcessCoerceUsertype2_t" time="8.10623168945312e-05" />
  </testsuite>
  <testsuite name="spec_perl_TestDefaultEndianExprException_t" errors="0" failures="0" skipped="0" tests="1" time="0.0443120002746582">
    <system-out>1..1
ok 1 - Died
</system-out>
    <testcase name="Died (358)" classname="spec_perl_TestDefaultEndianExprException_t" time="0.000272989273071289" />
  </testsuite>
  <testsuite name="spec_perl_TestEnumDeep_t" errors="0" failures="0" skipped="0" tests="2" time="0.0427300930023193">
    <system-out>1..2
ok 1 - Equals
ok 2 - Equals
</system-out>
    <testcase name="Equals (359)" classname="spec_perl_TestEnumDeep_t" time="0.000192165374755859" />
    <testcase name="Equals (360)" classname="spec_perl_TestEnumDeep_t" time="6.89029693603516e-05" />
  </testsuite>
  <testsuite name="spec_perl_TestHelloWorld_t" errors="0" failures="0" skipped="0" tests="1" time="0.0428040027618408">
    <system-out>1..1
ok 1 - Equals
</system-out>
    <testcase name="Equals (361)" classname="spec_perl_TestHelloWorld_t" time="0.000234127044677734" />
  </testsuite>
  <testsuite name="spec_perl_TestInstanceStd_t" errors="0" failures="0" skipped="0" tests="1" time="0.0456960201263428">
    <system-out>1..1
ok 1 - Equals
</system-out>
    <testcase name="Equals (362)" classname="spec_perl_TestInstanceStd_t" time="0.000233888626098633" />
  </testsuite>
  <testsuite name="spec_perl_TestExprArray_t" errors="0" failures="1" skipped="0" tests="15" time="0.0524179935455322">
    <system-out>1..15
ok 1 - Equals
ok 2 - Equals
ok 3 - Equals
ok 4 - Equals
ok 5 - Equals
ok 6 - Equals
ok 7 - Equals
ok 8 - Equals
not ok 9 - Equals
ok 10 - Equals
ok 11 - Equals
ok 12 - Equals
ok 13 - Equals
ok 14 - Equals
ok 15 - Equals
</system-out>
    <testcase name="Equals (363)" classname="spec_perl_TestExprArray_t" time="0.000692844390869141" />
    <testcase name="Equals (364)" classname="spec_perl_TestExprArray_t" time="0.000128030776977539" />
    <testcase name="Equals (365)" classname="spec_perl_TestExprArray_t" time="5.41210174560547e-05" />
    <testcase name="Equals (366)" classname="spec_perl_TestExprArray_t" time="5.79357147216797e-05" />
    <testcase name="Equals (367)" classname="spec_perl_TestExprArray_t" time="0.000159978866577148" />
    <testcase name="Equals (368)" classname="spec_perl_TestExprArray_t" time="0.000140905380249023" />
    <testcase name="Equals (369)" classname="spec_perl_TestExprArray_t" time="0.000144004821777344" />
    <testcase name="Equals (370)" classname="spec_perl_TestExprArray_t" time="0.000133037567138672" />
    <testcase name="Equals (371)" classname="spec_perl_TestExprArray_t" time="0.000224113464355469">
      <failure message="not ok 9 - Equals" type="TAP::Parser::Result::Test"></failure>
    </testcase>
    <testcase name="Equals (372)" classname="spec_perl_TestExprArray_t" time="0.00096893310546875" />
    <testcase name="Equals (373)" classname="spec_perl_TestExprArray_t" time="0.00130295753479004" />
    <testcase name="Equals (374)" classname="spec_perl_TestExprArray_t" time="0.000375986099243164" />
    <testcase name="Equals (375)" classname="spec_perl_TestExprArray_t" time="0.000106096267700195" />
    <testcase name="Equals (376)" classname="spec_perl_TestExprArray_t" time="0.000154018402099609" />
    <testcase name="Equals (377)" classname="spec_perl_TestExprArray_t" time="0.000118017196655273" />
  </testsuite>
  <testsuite name="spec_perl_TestNavParentVsValueInst_t" errors="0" failures="0" skipped="0" tests="1" time="0.0453259944915771">
    <system-out>1..1
ok 1 - Equals
</system-out>
    <testcase name="Equals (378)" classname="spec_perl_TestNavParentVsValueInst_t" time="0.000256061553955078" />
  </testsuite>
  <testsuite name="spec_perl_TestEnum1_t" errors="0" failures="0" skipped="0" tests="2" time="0.0429959297180176">
    <system-out>1..2
ok 1 - Equals
ok 2 - Equals
</system-out>
    <testcase name="Equals (379)" classname="spec_perl_TestEnum1_t" time="0.000253915786743164" />
    <testcase name="Equals (380)" classname="spec_perl_TestEnum1_t" time="7.60555267333984e-05" />
  </testsuite>
  <testsuite name="spec_perl_TestTypeTernary_t" errors="0" failures="0" skipped="0" tests="1" time="0.0437271595001221">
    <system-out>1..1
ok 1 - Equals
</system-out>
    <testcase name="Equals (381)" classname="spec_perl_TestTypeTernary_t" time="0.000587940216064453" />
  </testsuite>
  <testsuite name="spec_perl_TestStrPadTerm_t" errors="0" failures="0" skipped="0" tests="4" time="0.0472400188446045">
    <system-out>1..4
ok 1 - Equals
ok 2 - Equals
ok 3 - Equals
ok 4 - Equals
</system-out>
    <testcase name="Equals (382)" classname="spec_perl_TestStrPadTerm_t" time="0.000370025634765625" />
    <testcase name="Equals (383)" classname="spec_perl_TestStrPadTerm_t" time="0.000110864639282227" />
    <testcase name="Equals (384)" classname="spec_perl_TestStrPadTerm_t" time="6.00814819335938e-05" />
    <testcase name="Equals (385)" classname="spec_perl_TestStrPadTerm_t" time="0.000127077102661133" />
  </testsuite>
  <testsuite name="spec_perl_TestInstanceStdArray_t" errors="0" failures="0" skipped="0" tests="7" time="0.04380202293396">
    <system-out>1..7
ok 1 - Equals
ok 2 - Equals
ok 3 - Equals
ok 4 - Equals
ok 5 - Equals
ok 6 - Equals
ok 7 - Equals
</system-out>
    <testcase name="Equals (386)" classname="spec_perl_TestInstanceStdArray_t" time="0.000228166580200195" />
    <testcase name="Equals (387)" classname="spec_perl_TestInstanceStdArray_t" time="7.89165496826172e-05" />
    <testcase name="Equals (388)" classname="spec_perl_TestInstanceStdArray_t" time="0.000149965286254883" />
    <testcase name="Equals (389)" classname="spec_perl_TestInstanceStdArray_t" time="0.000147104263305664" />
    <testcase name="Equals (390)" classname="spec_perl_TestInstanceStdArray_t" time="0.000116825103759766" />
    <testcase name="Equals (391)" classname="spec_perl_TestInstanceStdArray_t" time="0.00016021728515625" />
    <testcase name="Equals (392)" classname="spec_perl_TestInstanceStdArray_t" time="0.000125885009765625" />
  </testsuite>
  <testsuite name="spec_perl_TestStrLiterals2_t" errors="0" failures="0" skipped="0" tests="4" time="0.0435178279876709">
    <system-out>1..4
ok 1 - Equals
ok 2 - Equals
ok 3 - Equals
ok 4 - Equals
</system-out>
    <testcase name="Equals (393)" classname="spec_perl_TestStrLiterals2_t" time="0.000265836715698242" />
    <testcase name="Equals (394)" classname="spec_perl_TestStrLiterals2_t" time="8.0108642578125e-05" />
    <testcase name="Equals (395)" classname="spec_perl_TestStrLiterals2_t" time="0.000158071517944336" />
    <testcase name="Equals (396)" classname="spec_perl_TestStrLiterals2_t" time="0.00014185905456543" />
  </testsuite>
  <testsuite name="spec_perl_TestSwitchIntegers2_t" errors="0" failures="0" skipped="0" tests="5" time="0.043816089630127">
    <system-out>1..5
ok 1 - Equals
ok 2 - Equals
ok 3 - Equals
ok 4 - Equals
ok 5 - Equals
</system-out>
    <testcase name="Equals (397)" classname="spec_perl_TestSwitchIntegers2_t" time="0.000259160995483398" />
    <testcase name="Equals (398)" classname="spec_perl_TestSwitchIntegers2_t" time="8.48770141601562e-05" />
    <testcase name="Equals (399)" classname="spec_perl_TestSwitchIntegers2_t" time="7.51018524169922e-05" />
    <testcase name="Equals (400)" classname="spec_perl_TestSwitchIntegers2_t" time="0.000151872634887695" />
    <testcase name="Equals (401)" classname="spec_perl_TestSwitchIntegers2_t" time="0.000123023986816406" />
  </testsuite>
  <testsuite name="spec_perl_TestProcessCustomNoArgs_t" errors="1" failures="0" skipped="0" tests="0" time="0.0443201065063477">
    <system-out></system-out>
    <testcase name="Test died too soon, even before plan. (401)" classname="spec_perl_TestProcessCustomNoArgs_t" time="0.0443201065063477">
      <failure message="The test suite died before a plan was produced. You need to have a plan." type="Plan">No plan</failure>
    </testcase>
  </testsuite>
  <testsuite name="spec_perl_TestNestedSameName_t" errors="0" failures="0" skipped="0" tests="2" time="0.0431420803070068">
    <system-out>1..2
ok 1 - Equals
ok 2 - Equals
</system-out>
[...]
    <system-out>1..4
ok 1 - Equals
ok 2 - Equals
ok 3 - Equals
ok 4 - Equals
</system-out>
    <testcase name="Equals (707)" classname="spec_perl_TestInstanceIoUser_t" time="0.00062108039855957" />
    <testcase name="Equals (708)" classname="spec_perl_TestInstanceIoUser_t" time="0.000116109848022461" />
    <testcase name="Equals (709)" classname="spec_perl_TestInstanceIoUser_t" time="0.000146865844726562" />
    <testcase name="Equals (710)" classname="spec_perl_TestInstanceIoUser_t" time="0.000153064727783203" />
  </testsuite>
  <testsuite name="spec_perl_TestCastToTop_t" errors="0" failures="0" skipped="0" tests="3" time="0.0428919792175293">
    <system-out>1..3
ok 1 - Equals
ok 2 - Equals
ok 3 - Equals
</system-out>
    <testcase name="Equals (711)" classname="spec_perl_TestCastToTop_t" time="0.000183820724487305" />
    <testcase name="Equals (712)" classname="spec_perl_TestCastToTop_t" time="0.000120162963867188" />
    <testcase name="Equals (713)" classname="spec_perl_TestCastToTop_t" time="0.000134944915771484" />
  </testsuite>
  <testsuite name="spec_perl_TestExprSizeofType1_t" errors="0" failures="0" skipped="0" tests="2" time="0.0430419445037842">
    <system-out>1..2
ok 1 - Equals
ok 2 - Equals
</system-out>
    <testcase name="Equals (714)" classname="spec_perl_TestExprSizeofType1_t" time="0.000235080718994141" />
    <testcase name="Equals (715)" classname="spec_perl_TestExprSizeofType1_t" time="9.89437103271484e-05" />
  </testsuite>
  <testsuite name="spec_perl_TestProcessXor4Value_t" errors="0" failures="0" skipped="0" tests="2" time="0.0441529750823975">
    <system-out>1..2
ok 1 - Equals
ok 2 - Equals
</system-out>
    <testcase name="Equals (716)" classname="spec_perl_TestProcessXor4Value_t" time="0.000212907791137695" />
    <testcase name="Equals (717)" classname="spec_perl_TestProcessXor4Value_t" time="6.91413879394531e-05" />
  </testsuite>
  <testsuite name="spec_perl_TestProcessCoerceSwitch_t" errors="0" failures="0" skipped="0" tests="3" time="0.0434939861297607">
    <system-out>1..3
ok 1 - Equals
ok 2 - Equals
ok 3 - Equals
</system-out>
    <testcase name="Equals (718)" classname="spec_perl_TestProcessCoerceSwitch_t" time="0.000544071197509766" />
    <testcase name="Equals (719)" classname="spec_perl_TestProcessCoerceSwitch_t" time="9.79900360107422e-05" />
    <testcase name="Equals (720)" classname="spec_perl_TestProcessCoerceSwitch_t" time="4.50611114501953e-05" />
  </testsuite>
  <testsuite name="spec_perl_TestIfValues_t" errors="0" failures="0" skipped="0" tests="6" time="0.0430150032043457">
    <system-out>1..6
ok 1 - Equals
ok 2 - Equals
ok 3 - Equals
ok 4 - nil
ok 5 - Equals
ok 6 - nil
</system-out>
    <testcase name="Equals (721)" classname="spec_perl_TestIfValues_t" time="0.000184059143066406" />
    <testcase name="Equals (722)" classname="spec_perl_TestIfValues_t" time="6.98566436767578e-05" />
    <testcase name="Equals (723)" classname="spec_perl_TestIfValues_t" time="0.000130176544189453" />
    <testcase name="nil (723)" classname="spec_perl_TestIfValues_t" time="5.98430633544922e-05" />
    <testcase name="Equals (724)" classname="spec_perl_TestIfValues_t" time="0.000138998031616211" />
    <testcase name="nil (724)" classname="spec_perl_TestIfValues_t" time="6.00814819335938e-05" />
  </testsuite>
  <testsuite name="spec_perl_TestDefaultEndianExprIsLe_t" errors="0" failures="0" skipped="0" tests="12" time="0.0450479984283447">
    <system-out>1..12
ok 1 - Equals
ok 2 - Equals
ok 3 - Equals
ok 4 - Equals
ok 5 - Equals
ok 6 - Equals
ok 7 - Equals
ok 8 - Equals
ok 9 - Equals
ok 10 - Equals
ok 11 - Equals
ok 12 - Equals
</system-out>
    <testcase name="Equals (725)" classname="spec_perl_TestDefaultEndianExprIsLe_t" time="0.000298976898193359" />
    <testcase name="Equals (726)" classname="spec_perl_TestDefaultEndianExprIsLe_t" time="8.48770141601562e-05" />
    <testcase name="Equals (727)" classname="spec_perl_TestDefaultEndianExprIsLe_t" time="9.29832458496094e-05" />
    <testcase name="Equals (728)" classname="spec_perl_TestDefaultEndianExprIsLe_t" time="0.000406026840209961" />
    <testcase name="Equals (729)" classname="spec_perl_TestDefaultEndianExprIsLe_t" time="0.000100135803222656" />
    <testcase name="Equals (730)" classname="spec_perl_TestDefaultEndianExprIsLe_t" time="0.000169038772583008" />
    <testcase name="Equals (731)" classname="spec_perl_TestDefaultEndianExprIsLe_t" time="0.000133991241455078" />
    <testcase name="Equals (732)" classname="spec_perl_TestDefaultEndianExprIsLe_t" time="0.000134944915771484" />
    <testcase name="Equals (733)" classname="spec_perl_TestDefaultEndianExprIsLe_t" time="0.000151872634887695" />
    <testcase name="Equals (734)" classname="spec_perl_TestDefaultEndianExprIsLe_t" time="0.000128030776977539" />
    <testcase name="Equals (735)" classname="spec_perl_TestDefaultEndianExprIsLe_t" time="0.000153064727783203" />
    <testcase name="Equals (736)" classname="spec_perl_TestDefaultEndianExprIsLe_t" time="0.000113010406494141" />
  </testsuite>
  <testsuite name="spec_perl_TestNonStandard_t" errors="0" failures="0" skipped="0" tests="1" time="0.0426540374755859">
    <system-out>1..1
ok 1 - Equals
</system-out>
    <testcase name="Equals (737)" classname="spec_perl_TestNonStandard_t" time="0.000171899795532227" />
  </testsuite>
  <testsuite name="spec_perl_TestSwitchManualIntSizeEos_t" errors="0" failures="0" skipped="0" tests="10" time="0.0480170249938965">
    <system-out>1..10
ok 1 - Equals
ok 2 - Equals
ok 3 - Equals
ok 4 - Equals
ok 5 - Equals
ok 6 - Equals
ok 7 - Equals
ok 8 - Equals
ok 9 - Equals
ok 10 - Equals
</system-out>
    <testcase name="Equals (738)" classname="spec_perl_TestSwitchManualIntSizeEos_t" time="0.000792980194091797" />
    <testcase name="Equals (739)" classname="spec_perl_TestSwitchManualIntSizeEos_t" time="0.000108957290649414" />
    <testcase name="Equals (740)" classname="spec_perl_TestSwitchManualIntSizeEos_t" time="4.69684600830078e-05" />
    <testcase name="Equals (741)" classname="spec_perl_TestSwitchManualIntSizeEos_t" time="5.7220458984375e-05" />
    <testcase name="Equals (742)" classname="spec_perl_TestSwitchManualIntSizeEos_t" time="0.000152826309204102" />
    <testcase name="Equals (743)" classname="spec_perl_TestSwitchManualIntSizeEos_t" time="0.000169992446899414" />
    <testcase name="Equals (744)" classname="spec_perl_TestSwitchManualIntSizeEos_t" time="0.000131130218505859" />
    <testcase name="Equals (745)" classname="spec_perl_TestSwitchManualIntSizeEos_t" time="0.000153064727783203" />
    <testcase name="Equals (746)" classname="spec_perl_TestSwitchManualIntSizeEos_t" time="0.000111818313598633" />
    <testcase name="Equals (747)" classname="spec_perl_TestSwitchManualIntSizeEos_t" time="0.000128984451293945" />
  </testsuite>
  <testsuite name="spec_perl_TestExprCalcArrayOps_t" errors="1" failures="0" skipped="0" tests="0" time="0.0520849227905273">
    <system-out></system-out>
    <testcase name="Test died too soon, even before plan. (747)" classname="spec_perl_TestExprCalcArrayOps_t" time="0.0520849227905273">
      <failure message="The test suite died before a plan was produced. You need to have a plan." type="Plan">No plan</failure>
    </testcase>
  </testsuite>
  <testsuite name="spec_perl_TestRepeatNStrz_t" errors="0" failures="0" skipped="0" tests="2" time="0.0465450286865234">
    <system-out>1..2
ok 1 - Equals
ok 2 - Equals
</system-out>
    <testcase name="Equals (748)" classname="spec_perl_TestRepeatNStrz_t" time="0.000367164611816406" />
    <testcase name="Equals (749)" classname="spec_perl_TestRepeatNStrz_t" time="8.79764556884766e-05" />
  </testsuite>
  <testsuite name="spec_perl_TestSwitchManualStrElse_t" errors="0" failures="0" skipped="0" tests="9" time="0.0474011898040771">
    <system-out>1..9
ok 1 - Equals
ok 2 - Equals
ok 3 - Equals
ok 4 - Equals
ok 5 - Equals
ok 6 - Equals
ok 7 - Equals
ok 8 - Equals
ok 9 - Equals
</system-out>
    <testcase name="Equals (750)" classname="spec_perl_TestSwitchManualStrElse_t" time="0.000366926193237305" />
    <testcase name="Equals (751)" classname="spec_perl_TestSwitchManualStrElse_t" time="9.79900360107422e-05" />
    <testcase name="Equals (752)" classname="spec_perl_TestSwitchManualStrElse_t" time="5.79357147216797e-05" />
    <testcase name="Equals (753)" classname="spec_perl_TestSwitchManualStrElse_t" time="0.000159025192260742" />
    <testcase name="Equals (754)" classname="spec_perl_TestSwitchManualStrElse_t" time="0.000102043151855469" />
    <testcase name="Equals (755)" classname="spec_perl_TestSwitchManualStrElse_t" time="0.000150918960571289" />
    <testcase name="Equals (756)" classname="spec_perl_TestSwitchManualStrElse_t" time="0.000102996826171875" />
    <testcase name="Equals (757)" classname="spec_perl_TestSwitchManualStrElse_t" time="0.000150203704833984" />
    <testcase name="Equals (758)" classname="spec_perl_TestSwitchManualStrElse_t" time="0.000118017196655273" />
  </testsuite>
  <testsuite name="spec_perl_TestBufferedStruct_t" errors="0" failures="0" skipped="0" tests="7" time="0.0441808700561523">
    <system-out>1..7
ok 1 - Equals
ok 2 - Equals
ok 3 - Equals
ok 4 - Equals
ok 5 - Equals
ok 6 - Equals
ok 7 - Equals
</system-out>
    <testcase name="Equals (759)" classname="spec_perl_TestBufferedStruct_t" time="0.000571966171264648" />
    <testcase name="Equals (760)" classname="spec_perl_TestBufferedStruct_t" time="9.58442687988281e-05" />
    <testcase name="Equals (761)" classname="spec_perl_TestBufferedStruct_t" time="5.69820404052734e-05" />
    <testcase name="Equals (762)" classname="spec_perl_TestBufferedStruct_t" time="0.00012516975402832" />
    <testcase name="Equals (763)" classname="spec_perl_TestBufferedStruct_t" time="0.000134944915771484" />
    <testcase name="Equals (764)" classname="spec_perl_TestBufferedStruct_t" time="0.000133991241455078" />
    <testcase name="Equals (765)" classname="spec_perl_TestBufferedStruct_t" time="0.000133991241455078" />
  </testsuite>
  <testsuite name="spec_perl_TestRepeatNStrzDouble_t" errors="0" failures="0" skipped="0" tests="3" time="0.0467569828033447">
    <system-out>1..3
ok 1 - Equals
ok 2 - Equals
ok 3 - Equals
</system-out>
    <testcase name="Equals (766)" classname="spec_perl_TestRepeatNStrzDouble_t" time="0.000322103500366211" />
    <testcase name="Equals (767)" classname="spec_perl_TestRepeatNStrzDouble_t" time="8.98838043212891e-05" />
    <testcase name="Equals (768)" classname="spec_perl_TestRepeatNStrzDouble_t" time="7.51018524169922e-05" />
  </testsuite>
  <testsuite name="spec_perl_TestEnumIntRangeS_t" errors="0" failures="0" skipped="0" tests="3" time="0.0432798862457275">
    <system-out>1..3
ok 1 - Equals
ok 2 - Equals
ok 3 - Equals
</system-out>
    <testcase name="Equals (769)" classname="spec_perl_TestEnumIntRangeS_t" time="0.000166893005371094" />
    <testcase name="Equals (770)" classname="spec_perl_TestEnumIntRangeS_t" time="0.000117063522338867" />
    <testcase name="Equals (771)" classname="spec_perl_TestEnumIntRangeS_t" time="0.000128984451293945" />
  </testsuite>
  <testsuite name="spec_perl_TestNestedTypes2_t" errors="0" failures="0" skipped="0" tests="7" time="0.0440230369567871">
    <system-out>1..7
ok 1 - Equals
ok 2 - Equals
ok 3 - Equals
ok 4 - Equals
ok 5 - Equals
ok 6 - Equals
ok 7 - Equals
</system-out>
    <testcase name="Equals (772)" classname="spec_perl_TestNestedTypes2_t" time="0.000288009643554688" />
    <testcase name="Equals (773)" classname="spec_perl_TestNestedTypes2_t" time="8.29696655273438e-05" />
    <testcase name="Equals (774)" classname="spec_perl_TestNestedTypes2_t" time="0.000128984451293945" />
    <testcase name="Equals (775)" classname="spec_perl_TestNestedTypes2_t" time="0.000131130218505859" />
    <testcase name="Equals (776)" classname="spec_perl_TestNestedTypes2_t" time="0.000136852264404297" />
    <testcase name="Equals (777)" classname="spec_perl_TestNestedTypes2_t" time="0.0001220703125" />
    <testcase name="Equals (778)" classname="spec_perl_TestNestedTypes2_t" time="0.0001220703125" />
  </testsuite>
  <testsuite name="spec_perl_TestOpaqueExternalType_t" errors="0" failures="0" skipped="0" tests="3" time="0.0461928844451904">
    <system-out>1..3
ok 1 - Equals
ok 2 - Equals
ok 3 - Equals
</system-out>
    <testcase name="Equals (779)" classname="spec_perl_TestOpaqueExternalType_t" time="0.000283002853393555" />
    <testcase name="Equals (780)" classname="spec_perl_TestOpaqueExternalType_t" time="8.17775726318359e-05" />
    <testcase name="Equals (781)" classname="spec_perl_TestOpaqueExternalType_t" time="5.7220458984375e-05" />
  </testsuite>
  <testsuite name="spec_perl_TestIndexSizes_t" errors="0" failures="0" skipped="0" tests="7" time="0.0465681552886963">
    <system-out>1..7
ok 1 - Equals
ok 2 - Equals
ok 3 - Equals
ok 4 - Equals
ok 5 - Equals
ok 6 - Equals
ok 7 - Equals
</system-out>
    <testcase name="Equals (782)" classname="spec_perl_TestIndexSizes_t" time="0.000250101089477539" />
    <testcase name="Equals (783)" classname="spec_perl_TestIndexSizes_t" time="7.79628753662109e-05" />
    <testcase name="Equals (784)" classname="spec_perl_TestIndexSizes_t" time="8.60691070556641e-05" />
    <testcase name="Equals (785)" classname="spec_perl_TestIndexSizes_t" time="0.00014495849609375" />
    <testcase name="Equals (786)" classname="spec_perl_TestIndexSizes_t" time="0.000131845474243164" />
    <testcase name="Equals (787)" classname="spec_perl_TestIndexSizes_t" time="0.000116109848022461" />
    <testcase name="Equals (788)" classname="spec_perl_TestIndexSizes_t" time="0.00014805793762207" />
  </testsuite>
  <testsuite name="spec_perl_TestNavParentFalse2_t" errors="0" failures="0" skipped="0" tests="1" time="0.0426008701324463">
    <system-out>1..1
ok 1 - Equals
</system-out>
    <testcase name="Equals (789)" classname="spec_perl_TestNavParentFalse2_t" time="0.000212907791137695" />
  </testsuite>
  <testsuite name="spec_perl_TestPositionToEnd_t" errors="0" failures="0" skipped="0" tests="2" time="0.0424299240112305">
    <system-out>1..2
ok 1 - Equals
ok 2 - Equals
</system-out>
    <testcase name="Equals (790)" classname="spec_perl_TestPositionToEnd_t" time="0.000188827514648438" />
    <testcase name="Equals (791)" classname="spec_perl_TestPositionToEnd_t" time="0.000105142593383789" />
  </testsuite>
  <testsuite name="spec_perl_TestNavRoot_t" errors="0" failures="0" skipped="0" tests="5" time="0.0462450981140137">
    <system-out>1..5
ok 1 - Equals
ok 2 - Equals
ok 3 - Equals
ok 4 - Equals
ok 5 - Equals
</system-out>
    <testcase name="Equals (792)" classname="spec_perl_TestNavRoot_t" time="0.000319957733154297" />
    <testcase name="Equals (793)" classname="spec_perl_TestNavRoot_t" time="8.70227813720703e-05" />
    <testcase name="Equals (794)" classname="spec_perl_TestNavRoot_t" time="5.88893890380859e-05" />
    <testcase name="Equals (795)" classname="spec_perl_TestNavRoot_t" time="0.000171184539794922" />
    <testcase name="Equals (796)" classname="spec_perl_TestNavRoot_t" time="9.39369201660156e-05" />
  </testsuite>
  <testsuite name="spec_perl_TestExpr1_t" errors="0" failures="0" skipped="0" tests="4" time="0.0461001396179199">
    <system-out>1..4
ok 1 - Equals
ok 2 - Equals
ok 3 - Equals
ok 4 - Equals
</system-out>
    <testcase name="Equals (797)" classname="spec_perl_TestExpr1_t" time="0.000227928161621094" />
    <testcase name="Equals (798)" classname="spec_perl_TestExpr1_t" time="7.60555267333984e-05" />
    <testcase name="Equals (799)" classname="spec_perl_TestExpr1_t" time="0.000131130218505859" />
    <testcase name="Equals (800)" classname="spec_perl_TestExpr1_t" time="0.000149965286254883" />
  </testsuite>
  <testsuite name="spec_perl_TestFloatToI_t" errors="1" failures="0" skipped="0" tests="0" time="0.0446679592132568">
    <system-out></system-out>
    <testcase name="Test died too soon, even before plan. (800)" classname="spec_perl_TestFloatToI_t" time="0.0446679592132568">
      <failure message="The test suite died before a plan was produced. You need to have a plan." type="Plan">No plan</failure>
    </testcase>
  </testsuite>
  <testsuite name="spec_perl_TestExprIfIntOps_t" errors="0" failures="0" skipped="0" tests="2" time="0.042604923248291">
    <system-out>1..2
ok 1 - Equals
ok 2 - Equals
</system-out>
    <testcase name="Equals (801)" classname="spec_perl_TestExprIfIntOps_t" time="0.000173091888427734" />
    <testcase name="Equals (802)" classname="spec_perl_TestExprIfIntOps_t" time="0.000123023986816406" />
  </testsuite>
  <testsuite name="spec_perl_TestSwitchManualEnumInvalid_t" errors="0" failures="0" skipped="0" tests="5" time="0.0477330684661865">
    <system-out>1..5
ok 1 - Equals
ok 2 - Equals
ok 3 - nil
ok 4 - Equals
ok 5 - nil
</system-out>
    <testcase name="Equals (803)" classname="spec_perl_TestSwitchManualEnumInvalid_t" time="0.000310897827148438" />
    <testcase name="Equals (804)" classname="spec_perl_TestSwitchManualEnumInvalid_t" time="8.20159912109375e-05" />
    <testcase name="nil (804)" classname="spec_perl_TestSwitchManualEnumInvalid_t" time="5.69820404052734e-05" />
    <testcase name="Equals (805)" classname="spec_perl_TestSwitchManualEnumInvalid_t" time="0.00010991096496582" />
    <testcase name="nil (805)" classname="spec_perl_TestSwitchManualEnumInvalid_t" time="6.00814819335938e-05" />
  </testsuite>
  <testsuite name="spec_perl_TestBitsSignedB32Le_t" errors="0" failures="0" skipped="0" tests="4" time="0.0437347888946533">
    <system-out>1..4
ok 1 - Equals
ok 2 - Equals
ok 3 - Equals
ok 4 - Equals
</system-out>
    <testcase name="Equals (806)" classname="spec_perl_TestBitsSignedB32Le_t" time="0.000324010848999023" />
    <testcase name="Equals (807)" classname="spec_perl_TestBitsSignedB32Le_t" time="8.29696655273438e-05" />
    <testcase name="Equals (808)" classname="spec_perl_TestBitsSignedB32Le_t" time="5.69820404052734e-05" />
    <testcase name="Equals (809)" classname="spec_perl_TestBitsSignedB32Le_t" time="0.000138998031616211" />
  </testsuite>
  <testsuite name="spec_perl_TestExpr2_t" errors="1" failures="0" skipped="0" tests="0" time="0.0413439273834229">
    <system-out></system-out>
    <testcase name="Test died too soon, even before plan. (809)" classname="spec_perl_TestExpr2_t" time="0.0413439273834229">
      <failure message="The test suite died before a plan was produced. You need to have a plan." type="Plan">No plan</failure>
    </testcase>
  </testsuite>
  <testsuite name="spec_perl_TestValidSwitch_t" errors="0" failures="0" skipped="1" tests="1" time="0.0420150756835938">
    <system-out>1..1
ok 1 # skip ValidSwitch=HASH(0x2339888)
</system-out>
    <testcase name="Unnamed test case 809" classname="spec_perl_TestValidSwitch_t" time="0.00108909606933594">
      <skipped message="ok 1 # skip ValidSwitch=HASH(0x2339888)" />
    </testcase>
  </testsuite>
  <testsuite name="spec_perl_TestExprIoEof_t" errors="0" failures="0" skipped="0" tests="4" time="0.0436558723449707">
    <system-out>1..4
ok 1 - Equals
ok 2 - nil
ok 3 - Equals
ok 4 - Equals
</system-out>
    <testcase name="Equals (810)" classname="spec_perl_TestExprIoEof_t" time="0.000550985336303711" />
    <testcase name="nil (810)" classname="spec_perl_TestExprIoEof_t" time="9.48905944824219e-05" />
    <testcase name="Equals (811)" classname="spec_perl_TestExprIoEof_t" time="6.103515625e-05" />
    <testcase name="Equals (812)" classname="spec_perl_TestExprIoEof_t" time="5.50746917724609e-05" />
  </testsuite>
  <testsuite name="spec_perl_TestIoLocalVar_t" errors="0" failures="0" skipped="0" tests="2" time="0.0433089733123779">
    <system-out>1..2
ok 1 - Equals
ok 2 - Equals
</system-out>
    <testcase name="Equals (813)" classname="spec_perl_TestIoLocalVar_t" time="0.000533103942871094" />
    <testcase name="Equals (814)" classname="spec_perl_TestIoLocalVar_t" time="9.79900360107422e-05" />
  </testsuite>
</testsuites>
