<?xml version='1.0' encoding='utf-8'?>
<testsuites>
  <testsuite name="spec_perl_TestExprCalcArrayOps_t" errors="0" failures="0" skipped="0" tests="18" time="0.0279569625854492">
    <system-out>1..18
ok 1 - Equals
ok 2 - Equals
ok 3 - Equals
ok 4 - Equals
ok 5 - Equals
ok 6 - Equals
ok 7 - Equals
ok 8 - Approx equals
ok 9 - Approx equals
ok 10 - Approx equals
ok 11 - Approx equals
ok 12 - Approx equals
ok 13 - Equals
ok 14 - Equals
ok 15 - Equals
ok 16 - Equals
ok 17 - Equals
ok 18 - Equals
</system-out>
    <testcase name="Equals" classname="spec_perl_TestExprCalcArrayOps_t" time="0.00103282928466797" />
    <testcase name="Equals (2)" classname="spec_perl_TestExprCalcArrayOps_t" time="5.31673431396484e-05" />
    <testcase name="Equals (3)" classname="spec_perl_TestExprCalcArrayOps_t" time="7.20024108886719e-05" />
    <testcase name="Equals (4)" classname="spec_perl_TestExprCalcArrayOps_t" time="7.70092010498047e-05" />
    <testcase name="Equals (5)" classname="spec_perl_TestExprCalcArrayOps_t" time="7.58171081542969e-05" />
    <testcase name="Equals (6)" classname="spec_perl_TestExprCalcArrayOps_t" time="7.29560852050781e-05" />
    <testcase name="Equals (7)" classname="spec_perl_TestExprCalcArrayOps_t" time="7.20024108886719e-05" />
    <testcase name="Approx equals (7)" classname="spec_perl_TestExprCalcArrayOps_t" time="4.31537628173828e-05" />
    <testcase name="Approx equals (8)" classname="spec_perl_TestExprCalcArrayOps_t" time="4.50611114501953e-05" />
    <testcase name="Approx equals (9)" classname="spec_perl_TestExprCalcArrayOps_t" time="3.88622283935547e-05" />
    <testcase name="Approx equals (10)" classname="spec_perl_TestExprCalcArrayOps_t" time="3.91006469726562e-05" />
    <testcase name="Approx equals (11)" classname="spec_perl_TestExprCalcArrayOps_t" time="3.79085540771484e-05" />
    <testcase name="Equals (11)" classname="spec_perl_TestExprCalcArrayOps_t" time="7.51018524169922e-05" />
    <testcase name="Equals (12)" classname="spec_perl_TestExprCalcArrayOps_t" time="7.20024108886719e-05" />
    <testcase name="Equals (13)" classname="spec_perl_TestExprCalcArrayOps_t" time="5.79357147216797e-05" />
    <testcase name="Equals (14)" classname="spec_perl_TestExprCalcArrayOps_t" time="7.20024108886719e-05" />
    <testcase name="Equals (15)" classname="spec_perl_TestExprCalcArrayOps_t" time="6.89029693603516e-05" />
    <testcase name="Equals (16)" classname="spec_perl_TestExprCalcArrayOps_t" time="6.69956207275391e-05" />
  </testsuite>
  <testsuite name="spec_perl_TestExprIoTernary_t" errors="0" failures="0" skipped="0" tests="3" time="0.0267989635467529">
    <system-out>1..3
ok 1 - Equals
ok 2 - Equals
ok 3 - Equals
</system-out>
    <testcase name="Equals (17)" classname="spec_perl_TestExprIoTernary_t" time="0.00129914283752441" />
    <testcase name="Equals (18)" classname="spec_perl_TestExprIoTernary_t" time="6.103515625e-05" />
    <testcase name="Equals (19)" classname="spec_perl_TestExprIoTernary_t" time="4.79221343994141e-05" />
  </testsuite>
  <testsuite name="spec_perl_TestIfStruct_t" errors="0" failures="0" skipped="0" tests="7" time="0.0305359363555908">
    <system-out>1..7
ok 1 - Equals
ok 2 - Equals
ok 3 - Equals
ok 4 - Equals
ok 5 - Equals
ok 6 - Equals
ok 7 - Equals
</system-out>
    <testcase name="Equals (20)" classname="spec_perl_TestIfStruct_t" time="0.00115418434143066" />
    <testcase name="Equals (21)" classname="spec_perl_TestIfStruct_t" time="6.4849853515625e-05" />
    <testcase name="Equals (22)" classname="spec_perl_TestIfStruct_t" time="4.69684600830078e-05" />
    <testcase name="Equals (23)" classname="spec_perl_TestIfStruct_t" time="4.10079956054688e-05" />
    <testcase name="Equals (24)" classname="spec_perl_TestIfStruct_t" time="4.60147857666016e-05" />
    <testcase name="Equals (25)" classname="spec_perl_TestIfStruct_t" time="8.20159912109375e-05" />
    <testcase name="Equals (26)" classname="spec_perl_TestIfStruct_t" time="4.60147857666016e-05" />
  </testsuite>
  <testsuite name="spec_perl_TestExprBytesCmp_t" errors="0" failures="0" skipped="0" tests="10" time="0.0276379585266113">
    <system-out>1..10
ok 1 - Equals
ok 2 - Equals
ok 3 - Equals
ok 4 - Equals
ok 5 - Equals
ok 6 - Equals
ok 7 - Equals
ok 8 - Equals
ok 9 - Equals
ok 10 - Equals
</system-out>
    <testcase name="Equals (27)" classname="spec_perl_TestExprBytesCmp_t" time="0.00106096267700195" />
    <testcase name="Equals (28)" classname="spec_perl_TestExprBytesCmp_t" time="0.000105857849121094" />
    <testcase name="Equals (29)" classname="spec_perl_TestExprBytesCmp_t" time="7.41481781005859e-05" />
    <testcase name="Equals (30)" classname="spec_perl_TestExprBytesCmp_t" time="6.69956207275391e-05" />
    <testcase name="Equals (31)" classname="spec_perl_TestExprBytesCmp_t" time="6.4849853515625e-05" />
    <testcase name="Equals (32)" classname="spec_perl_TestExprBytesCmp_t" time="6.41345977783203e-05" />
    <testcase name="Equals (33)" classname="spec_perl_TestExprBytesCmp_t" time="6.29425048828125e-05" />
    <testcase name="Equals (34)" classname="spec_perl_TestExprBytesCmp_t" time="6.50882720947266e-05" />
    <testcase name="Equals (35)" classname="spec_perl_TestExprBytesCmp_t" time="4.50611114501953e-05" />
    <testcase name="Equals (36)" classname="spec_perl_TestExprBytesCmp_t" time="7.39097595214844e-05" />
  </testsuite>
  <testsuite name="spec_perl_TestProcessToUser_t" errors="0" failures="0" skipped="0" tests="1" time="0.0309319496154785">
    <system-out>1..1
ok 1 - Equals
</system-out>
    <testcase name="Equals (37)" classname="spec_perl_TestProcessToUser_t" time="0.00139808654785156" />
  </testsuite>
  <testsuite name="spec_perl_TestEofExceptionU4_t" errors="0" failures="0" skipped="0" tests="1" time="0.0278861522674561">
    <system-out>1..1
ok 1 - threw /^Requested \d+ bytes, but only \d+ bytes available/
</system-out>
    <testcase name="threw /^Requested \d+ bytes, but only \d+ bytes available/ (37)" classname="spec_perl_TestEofExceptionU4_t" time="0.00109100341796875" />
  </testsuite>
  <testsuite name="spec_perl_TestSwitchManualEnumInvalidElse_t" errors="0" failures="0" skipped="0" tests="5" time="0.0304250717163086">
    <system-out>1..5
ok 1 - Equals
ok 2 - Equals
ok 3 - Equals
ok 4 - Equals
ok 5 - Equals
</system-out>
    <testcase name="Equals (38)" classname="spec_perl_TestSwitchManualEnumInvalidElse_t" time="0.00109386444091797" />
    <testcase name="Equals (39)" classname="spec_perl_TestSwitchManualEnumInvalidElse_t" time="5.31673431396484e-05" />
    <testcase name="Equals (40)" classname="spec_perl_TestSwitchManualEnumInvalidElse_t" time="4.29153442382812e-05" />
    <testcase name="Equals (41)" classname="spec_perl_TestSwitchManualEnumInvalidElse_t" time="6.103515625e-05" />
    <testcase name="Equals (42)" classname="spec_perl_TestSwitchManualEnumInvalidElse_t" time="5.69820404052734e-05" />
  </testsuite>
  <testsuite name="spec_perl_TestIfInstances_t" errors="0" failures="0" skipped="0" tests="1" time="0.025972843170166">
    <system-out>1..1
ok 1 - nil
</system-out>
    <testcase name="nil (42)" classname="spec_perl_TestIfInstances_t" time="0.000977993011474609" />
  </testsuite>
  <testsuite name="spec_perl_TestNavParent_t" errors="0" failures="0" skipped="0" tests="5" time="0.0315380096435547">
    <system-out>1..5
ok 1 - Equals
ok 2 - Equals
ok 3 - Equals
ok 4 - Equals
ok 5 - Equals
</system-out>
    <testcase name="Equals (43)" classname="spec_perl_TestNavParent_t" time="0.00111985206604004" />
    <testcase name="Equals (44)" classname="spec_perl_TestNavParent_t" time="5.41210174560547e-05" />
    <testcase name="Equals (45)" classname="spec_perl_TestNavParent_t" time="4.29153442382812e-05" />
    <testcase name="Equals (46)" classname="spec_perl_TestNavParent_t" time="7.10487365722656e-05" />
    <testcase name="Equals (47)" classname="spec_perl_TestNavParent_t" time="6.79492950439453e-05" />
  </testsuite>
  <testsuite name="spec_perl_TestFloatToI_t" errors="0" failures="0" skipped="0" tests="8" time="0.0274379253387451">
    <system-out>1..8
ok 1 - Approx equals
ok 2 - Approx equals
ok 3 - Equals
ok 4 - Equals
ok 5 - Equals
ok 6 - Equals
ok 7 - Equals
ok 8 - Equals
</system-out>
    <testcase name="Approx equals (47)" classname="spec_perl_TestFloatToI_t" time="0.00102019309997559" />
    <testcase name="Approx equals (48)" classname="spec_perl_TestFloatToI_t" time="7.79628753662109e-05" />
    <testcase name="Equals (48)" classname="spec_perl_TestFloatToI_t" time="3.98159027099609e-05" />
    <testcase name="Equals (49)" classname="spec_perl_TestFloatToI_t" time="4.31537628173828e-05" />
    <testcase name="Equals (50)" classname="spec_perl_TestFloatToI_t" time="4.50611114501953e-05" />
    <testcase name="Equals (51)" classname="spec_perl_TestFloatToI_t" time="3.98159027099609e-05" />
    <testcase name="Equals (52)" classname="spec_perl_TestFloatToI_t" time="7.60555267333984e-05" />
    <testcase name="Equals (53)" classname="spec_perl_TestFloatToI_t" time="6.29425048828125e-05" />
  </testsuite>
  <testsuite name="spec_perl_TestBitsSignedShiftB32Le_t" errors="0" failures="0" skipped="0" tests="2" time="0.0262389183044434">
    <system-out>1..2
ok 1 - Equals
ok 2 - Equals
</system-out>
    <testcase name="Equals (54)" classname="spec_perl_TestBitsSignedShiftB32Le_t" time="0.00101900100708008" />
    <testcase name="Equals (55)" classname="spec_perl_TestBitsSignedShiftB32Le_t" time="5.29289245605469e-05" />
  </testsuite>
  <testsuite name="spec_perl_TestRepeatEosBit_t" errors="0" failures="0" skipped="0" tests="1" time="0.0267820358276367">
    <system-out>1..1
ok 1 - Equals
</system-out>
    <testcase name="Equals (56)" classname="spec_perl_TestRepeatEosBit_t" time="0.00105690956115723" />
  </testsuite>
  <testsuite name="spec_perl_TestPositionInSeq_t" errors="0" failures="0" skipped="0" tests="1" time="0.0269598960876465">
    <system-out>1..1
ok 1 - Equals
</system-out>
    <testcase name="Equals (57)" classname="spec_perl_TestPositionInSeq_t" time="0.00110197067260742" />
  </testsuite>
  <testsuite name="spec_perl_TestSwitchManualEnumInvalid_t" errors="0" failures="0" skipped="0" tests="5" time="0.0311930179595947">
    <system-out>1..5
ok 1 - Equals
ok 2 - Equals
ok 3 - nil
ok 4 - Equals
ok 5 - nil
</system-out>
    <testcase name="Equals (58)" classname="spec_perl_TestSwitchManualEnumInvalid_t" time="0.00105404853820801" />
    <testcase name="Equals (59)" classname="spec_perl_TestSwitchManualEnumInvalid_t" time="5.29289245605469e-05" />
    <testcase name="nil (59)" classname="spec_perl_TestSwitchManualEnumInvalid_t" time="4.31537628173828e-05" />
    <testcase name="Equals (60)" classname="spec_perl_TestSwitchManualEnumInvalid_t" time="4.10079956054688e-05" />
    <testcase name="nil (60)" classname="spec_perl_TestSwitchManualEnumInvalid_t" time="7.39097595214844e-05" />
  </testsuite>
  <testsuite name="spec_perl_TestIntegersMinMax_t" errors="0" failures="0" skipped="0" tests="28" time="0.0286438465118408">
    <system-out>1..28
ok 1 - Equals
ok 2 - Equals
ok 3 - Equals
ok 4 - Equals
ok 5 - Equals
ok 6 - Equals
ok 7 - Equals
ok 8 - Equals
ok 9 - Equals
ok 10 - Equals
ok 11 - Equals
ok 12 - Equals
ok 13 - Equals
ok 14 - Equals
ok 15 - Equals
ok 16 - Equals
ok 17 - Equals
ok 18 - Equals
ok 19 - Equals
ok 20 - Equals
ok 21 - Equals
ok 22 - Equals
ok 23 - Equals
ok 24 - Equals
ok 25 - Equals
ok 26 - Equals
ok 27 - Equals
ok 28 - Equals
</system-out>
    <testcase name="Equals (61)" classname="spec_perl_TestIntegersMinMax_t" time="0.00108194351196289" />
    <testcase name="Equals (62)" classname="spec_perl_TestIntegersMinMax_t" time="7.39097595214844e-05" />
    <testcase name="Equals (63)" classname="spec_perl_TestIntegersMinMax_t" time="3.814697265625e-05" />
    <testcase name="Equals (64)" classname="spec_perl_TestIntegersMinMax_t" time="4.1961669921875e-05" />
    <testcase name="Equals (65)" classname="spec_perl_TestIntegersMinMax_t" time="4.10079956054688e-05" />
    <testcase name="Equals (66)" classname="spec_perl_TestIntegersMinMax_t" time="8.20159912109375e-05" />
    <testcase name="Equals (67)" classname="spec_perl_TestIntegersMinMax_t" time="4.98294830322266e-05" />
    <testcase name="Equals (68)" classname="spec_perl_TestIntegersMinMax_t" time="7.60555267333984e-05" />
    <testcase name="Equals (69)" classname="spec_perl_TestIntegersMinMax_t" time="5.60283660888672e-05" />
    <testcase name="Equals (70)" classname="spec_perl_TestIntegersMinMax_t" time="6.103515625e-05" />
    <testcase name="Equals (71)" classname="spec_perl_TestIntegersMinMax_t" time="4.29153442382812e-05" />
    <testcase name="Equals (72)" classname="spec_perl_TestIntegersMinMax_t" time="7.10487365722656e-05" />
    <testcase name="Equals (73)" classname="spec_perl_TestIntegersMinMax_t" time="4.41074371337891e-05" />
    <testcase name="Equals (74)" classname="spec_perl_TestIntegersMinMax_t" time="5.57899475097656e-05" />
    <testcase name="Equals (75)" classname="spec_perl_TestIntegersMinMax_t" time="6.103515625e-05" />
    <testcase name="Equals (76)" classname="spec_perl_TestIntegersMinMax_t" time="5.50746917724609e-05" />
    <testcase name="Equals (77)" classname="spec_perl_TestIntegersMinMax_t" time="5.69820404052734e-05" />
    <testcase name="Equals (78)" classname="spec_perl_TestIntegersMinMax_t" time="4.1961669921875e-05" />
    <testcase name="Equals (79)" classname="spec_perl_TestIntegersMinMax_t" time="7.20024108886719e-05" />
    <testcase name="Equals (80)" classname="spec_perl_TestIntegersMinMax_t" time="4.1961669921875e-05" />
    <testcase name="Equals (81)" classname="spec_perl_TestIntegersMinMax_t" time="6.81877136230469e-05" />
    <testcase name="Equals (82)" classname="spec_perl_TestIntegersMinMax_t" time="5.88893890380859e-05" />
    <testcase name="Equals (83)" classname="spec_perl_TestIntegersMinMax_t" time="4.1961669921875e-05" />
    <testcase name="Equals (84)" classname="spec_perl_TestIntegersMinMax_t" time="7.41481781005859e-05" />
    <testcase name="Equals (85)" classname="spec_perl_TestIntegersMinMax_t" time="5.88893890380859e-05" />
    <testcase name="Equals (86)" classname="spec_perl_TestIntegersMinMax_t" time="5.60283660888672e-05" />
    <testcase name="Equals (87)" classname="spec_perl_TestIntegersMinMax_t" time="5.69820404052734e-05" />
    <testcase name="Equals (88)" classname="spec_perl_TestIntegersMinMax_t" time="6.60419464111328e-05" />
  </testsuite>
  <testsuite name="spec_perl_TestBitsUnalignedB64Be_t" errors="0" failures="0" skipped="0" tests="3" time="0.0267620086669922">
    <system-out>1..3
ok 1 - Equals
ok 2 - Equals
ok 3 - Equals
</system-out>
    <testcase name="Equals (89)" classname="spec_perl_TestBitsUnalignedB64Be_t" time="0.0010218620300293" />
    <testcase name="Equals (90)" classname="spec_perl_TestBitsUnalignedB64Be_t" time="5.31673431396484e-05" />
    <testcase name="Equals (91)" classname="spec_perl_TestBitsUnalignedB64Be_t" time="4.79221343994141e-05" />
  </testsuite>
  <testsuite name="spec_perl_TestRepeatUntilSized_t" errors="0" failures="0" skipped="0" tests="7" time="0.0275239944458008">
    <system-out>1..7
ok 1 - Equals
ok 2 - Equals
ok 3 - Equals
ok 4 - Equals
ok 5 - Equals
ok 6 - Equals
ok 7 - Equals
</system-out>
    <testcase name="Equals (92)" classname="spec_perl_TestRepeatUntilSized_t" time="0.00132298469543457" />
    <testcase name="Equals (93)" classname="spec_perl_TestRepeatUntilSized_t" time="5.48362731933594e-05" />
    <testcase name="Equals (94)" classname="spec_perl_TestRepeatUntilSized_t" time="4.31537628173828e-05" />
    <testcase name="Equals (95)" classname="spec_perl_TestRepeatUntilSized_t" time="7.58171081542969e-05" />
    <testcase name="Equals (96)" classname="spec_perl_TestRepeatUntilSized_t" time="6.41345977783203e-05" />
    <testcase name="Equals (97)" classname="spec_perl_TestRepeatUntilSized_t" time="7.20024108886719e-05" />
    <testcase name="Equals (98)" classname="spec_perl_TestRepeatUntilSized_t" time="6.103515625e-05" />
  </testsuite>
  <testsuite name="spec_perl_TestNestedSameName_t" errors="0" failures="0" skipped="0" tests="2" time="0.0274860858917236">
    <system-out>1..2
ok 1 - Equals
ok 2 - Equals
</system-out>
    <testcase name="Equals (99)" classname="spec_perl_TestNestedSameName_t" time="0.00106596946716309" />
    <testcase name="Equals (100)" classname="spec_perl_TestNestedSameName_t" time="5.50746917724609e-05" />
  </testsuite>
  <testsuite name="spec_perl_TestPositionToEnd_t" errors="0" failures="0" skipped="0" tests="2" time="0.0276479721069336">
    <system-out>1..2
ok 1 - Equals
ok 2 - Equals
</system-out>
    <testcase name="Equals (101)" classname="spec_perl_TestPositionToEnd_t" time="0.0012810230255127" />
    <testcase name="Equals (102)" classname="spec_perl_TestPositionToEnd_t" time="0.000102043151855469" />
  </testsuite>
  <testsuite name="spec_perl_TestNestedTypes_t" errors="0" failures="0" skipped="0" tests="3" time="0.0269999504089355">
    <system-out>1..3
ok 1 - Equals
ok 2 - Equals
ok 3 - Equals
</system-out>
    <testcase name="Equals (103)" classname="spec_perl_TestNestedTypes_t" time="0.00108098983764648" />
    <testcase name="Equals (104)" classname="spec_perl_TestNestedTypes_t" time="5.69820404052734e-05" />
    <testcase name="Equals (105)" classname="spec_perl_TestNestedTypes_t" time="4.22000885009766e-05" />
  </testsuite>
  <testsuite name="spec_perl_TestInstanceStdArray_t" errors="0" failures="0" skipped="0" tests="7" time="0.0276851654052734">
    <system-out>1..7
ok 1 - Equals
ok 2 - Equals
ok 3 - Equals
ok 4 - Equals
ok 5 - Equals
ok 6 - Equals
ok 7 - Equals
</system-out>
    <testcase name="Equals (106)" classname="spec_perl_TestInstanceStdArray_t" time="0.0010230541229248" />
    <testcase name="Equals (107)" classname="spec_perl_TestInstanceStdArray_t" time="5.79357147216797e-05" />
    <testcase name="Equals (108)" classname="spec_perl_TestInstanceStdArray_t" time="4.50611114501953e-05" />
    <testcase name="Equals (109)" classname="spec_perl_TestInstanceStdArray_t" time="9.10758972167969e-05" />
    <testcase name="Equals (110)" classname="spec_perl_TestInstanceStdArray_t" time="4.69684600830078e-05" />
    <testcase name="Equals (111)" classname="spec_perl_TestInstanceStdArray_t" time="7.98702239990234e-05" />
    <testcase name="Equals (112)" classname="spec_perl_TestInstanceStdArray_t" time="4.31537628173828e-05" />
  </testsuite>
  <testsuite name="spec_perl_TestValidShort_t" errors="0" failures="0" skipped="1" tests="1" time="0.0306980609893799">
    <system-out>1..1
ok 1 # skip ValidShort=HASH(0x55f712223ad8)
</system-out>
    <testcase name="Unnamed test case 112" classname="spec_perl_TestValidShort_t" time="0.00128602981567383">
      <skipped message="ok 1 # skip ValidShort=HASH(0x55f712223ad8)" />
    </testcase>
  </testsuite>
  <testsuite name="spec_perl_TestEnumToIInvalid_t" errors="0" failures="0" skipped="0" tests="8" time="0.0269958972930908">
    <system-out>1..8
ok 1 - Equals
ok 2 - Equals
ok 3 - Equals
ok 4 - Equals
ok 5 - Equals
ok 6 - Equals
ok 7 - Equals
ok 8 - Equals
</system-out>
    <testcase name="Equals (113)" classname="spec_perl_TestEnumToIInvalid_t" time="0.00100803375244141" />
    <testcase name="Equals (114)" classname="spec_perl_TestEnumToIInvalid_t" time="0.000106096267700195" />
    <testcase name="Equals (115)" classname="spec_perl_TestEnumToIInvalid_t" time="5.48362731933594e-05" />
    <testcase name="Equals (116)" classname="spec_perl_TestEnumToIInvalid_t" time="7.51018524169922e-05" />
    <testcase name="Equals (117)" classname="spec_perl_TestEnumToIInvalid_t" time="6.79492950439453e-05" />
    <testcase name="Equals (118)" classname="spec_perl_TestEnumToIInvalid_t" time="7.29560852050781e-05" />
    <testcase name="Equals (119)" classname="spec_perl_TestEnumToIInvalid_t" time="6.69956207275391e-05" />
    <testcase name="Equals (120)" classname="spec_perl_TestEnumToIInvalid_t" time="6.41345977783203e-05" />
  </testsuite>
  <testsuite name="spec_perl_TestPositionAbs_t" errors="0" failures="0" skipped="0" tests="2" time="0.0315430164337158">
    <system-out>1..2
ok 1 - Equals
ok 2 - Equals
</system-out>
    <testcase name="Equals (121)" classname="spec_perl_TestPositionAbs_t" time="0.0010378360748291" />
    <testcase name="Equals (122)" classname="spec_perl_TestPositionAbs_t" time="0.000136137008666992" />
  </testsuite>
  <testsuite name="spec_perl_TestNavParentFalse_t" errors="0" failures="0" skipped="0" tests="5" time="0.027534008026123">
    <system-out>1..5
ok 1 - Equals
ok 2 - Equals
ok 3 - Equals
ok 4 - Equals
ok 5 - Equals
</system-out>
    <testcase name="Equals (123)" classname="spec_perl_TestNavParentFalse_t" time="0.00107192993164062" />
    <testcase name="Equals (124)" classname="spec_perl_TestNavParentFalse_t" time="5.60283660888672e-05" />
    <testcase name="Equals (125)" classname="spec_perl_TestNavParentFalse_t" time="4.31537628173828e-05" />
    <testcase name="Equals (126)" classname="spec_perl_TestNavParentFalse_t" time="5.88893890380859e-05" />
    <testcase name="Equals (127)" classname="spec_perl_TestNavParentFalse_t" time="6.69956207275391e-05" />
  </testsuite>
  <testsuite name="spec_perl_TestSwitchMultiBoolOps_t" errors="0" failures="0" skipped="0" tests="9" time="0.0278160572052002">
    <system-out>1..9
ok 1 - Equals
ok 2 - Equals
ok 3 - Equals
ok 4 - Equals
ok 5 - Equals
ok 6 - Equals
ok 7 - Equals
ok 8 - Equals
ok 9 - Equals
</system-out>
    <testcase name="Equals (128)" classname="spec_perl_TestSwitchMultiBoolOps_t" time="0.00105404853820801" />
    <testcase name="Equals (129)" classname="spec_perl_TestSwitchMultiBoolOps_t" time="6.4849853515625e-05" />
    <testcase name="Equals (130)" classname="spec_perl_TestSwitchMultiBoolOps_t" time="4.41074371337891e-05" />
    <testcase name="Equals (131)" classname="spec_perl_TestSwitchMultiBoolOps_t" time="4.10079956054688e-05" />
    <testcase name="Equals (132)" classname="spec_perl_TestSwitchMultiBoolOps_t" time="3.79085540771484e-05" />
    <testcase name="Equals (133)" classname="spec_perl_TestSwitchMultiBoolOps_t" time="7.29560852050781e-05" />
    <testcase name="Equals (134)" classname="spec_perl_TestSwitchMultiBoolOps_t" time="9.01222229003906e-05" />
    <testcase name="Equals (135)" classname="spec_perl_TestSwitchMultiBoolOps_t" time="8.29696655273438e-05" />
    <testcase name="Equals (136)" classname="spec_perl_TestSwitchMultiBoolOps_t" time="6.79492950439453e-05" />
  </testsuite>
  <testsuite name="spec_perl_TestStrEncodingsUtf16_t" errors="0" failures="0" skipped="0" tests="6" time="0.0328390598297119">
    <system-out>1..6
ok 1 - Equals
ok 2 - Equals
ok 3 - Equals
ok 4 - Equals
ok 5 - Equals
ok 6 - Equals
</system-out>
    <testcase name="Equals (137)" classname="spec_perl_TestStrEncodingsUtf16_t" time="0.00222086906433105" />
    <testcase name="Equals (138)" classname="spec_perl_TestStrEncodingsUtf16_t" time="7.79628753662109e-05" />
    <testcase name="Equals (139)" classname="spec_perl_TestStrEncodingsUtf16_t" time="4.41074371337891e-05" />
    <testcase name="Equals (140)" classname="spec_perl_TestStrEncodingsUtf16_t" time="5.00679016113281e-05" />
    <testcase name="Equals (141)" classname="spec_perl_TestStrEncodingsUtf16_t" time="5.29289245605469e-05" />
    <testcase name="Equals (142)" classname="spec_perl_TestStrEncodingsUtf16_t" time="4.91142272949219e-05" />
  </testsuite>
  <testsuite name="spec_perl_TestExpr1_t" errors="0" failures="0" skipped="0" tests="4" time="0.0300359725952148">
    <system-out>1..4
ok 1 - Equals
ok 2 - Equals
ok 3 - Equals
ok 4 - Equals
</system-out>
    <testcase name="Equals (143)" classname="spec_perl_TestExpr1_t" time="0.000977039337158203" />
    <testcase name="Equals (144)" classname="spec_perl_TestExpr1_t" time="5.29289245605469e-05" />
    <testcase name="Equals (145)" classname="spec_perl_TestExpr1_t" time="4.50611114501953e-05" />
    <testcase name="Equals (146)" classname="spec_perl_TestExpr1_t" time="7.39097595214844e-05" />
  </testsuite>
  <testsuite name="spec_perl_TestDefaultBitEndianMod_t" errors="0" failures="0" skipped="0" tests="4" time="0.0281388759613037">
    <system-out>1..4
ok 1 - Equals
ok 2 - Equals
ok 3 - Equals
ok 4 - Equals
</system-out>
    <testcase name="Equals (147)" classname="spec_perl_TestDefaultBitEndianMod_t" time="0.00105810165405273" />
    <testcase name="Equals (148)" classname="spec_perl_TestDefaultBitEndianMod_t" time="6.79492950439453e-05" />
    <testcase name="Equals (149)" classname="spec_perl_TestDefaultBitEndianMod_t" time="4.88758087158203e-05" />
    <testcase name="Equals (150)" classname="spec_perl_TestDefaultBitEndianMod_t" time="4.31537628173828e-05" />
  </testsuite>
  <testsuite name="spec_perl_TestParamsEnum_t" errors="0" failures="1" skipped="0" tests="2" time="0.0274438858032227">
    <system-out>1..2
ok 1 - Equals
not ok 2 - Equals
</system-out>
    <testcase name="Equals (151)" classname="spec_perl_TestParamsEnum_t" time="0.00102519989013672" />
    <testcase name="Equals (152)" classname="spec_perl_TestParamsEnum_t" time="7.70092010498047e-05">
      <failure message="not ok 2 - Equals" type="TAP::Parser::Result::Test"></failure>
    </testcase>
  </testsuite>
  <testsuite name="spec_perl_TestProcessXor4Const_t" errors="0" failures="0" skipped="0" tests="2" time="0.0265519618988037">
    <system-out>1..2
ok 1 - Equals
ok 2 - Equals
</system-out>
    <testcase name="Equals (153)" classname="spec_perl_TestProcessXor4Const_t" time="0.0010378360748291" />
    <testcase name="Equals (154)" classname="spec_perl_TestProcessXor4Const_t" time="5.31673431396484e-05" />
  </testsuite>
  <testsuite name="spec_perl_TestProcessCoerceUsertype1_t" errors="0" failures="0" skipped="0" tests="4" time="0.027583122253418">
    <system-out>1..4
ok 1 - Equals
ok 2 - Equals
ok 3 - Equals
ok 4 - Equals
</system-out>
    <testcase name="Equals (155)" classname="spec_perl_TestProcessCoerceUsertype1_t" time="0.00135588645935059" />
    <testcase name="Equals (156)" classname="spec_perl_TestProcessCoerceUsertype1_t" time="5.50746917724609e-05" />
    <testcase name="Equals (157)" classname="spec_perl_TestProcessCoerceUsertype1_t" time="4.29153442382812e-05" />
    <testcase name="Equals (158)" classname="spec_perl_TestProcessCoerceUsertype1_t" time="7.60555267333984e-05" />
  </testsuite>
  <testsuite name="spec_perl_TestDefaultBigEndian_t" errors="0" failures="0" skipped="0" tests="1" time="0.0273728370666504">
    <system-out>1..1
ok 1 - Equals
</system-out>
    <testcase name="Equals (159)" classname="spec_perl_TestDefaultBigEndian_t" time="0.00104093551635742" />
  </testsuite>
  <testsuite name="spec_perl_TestTypeIntUnaryOp_t" errors="0" failures="0" skipped="0" tests="4" time="0.0267510414123535">
    <system-out>1..4
ok 1 - Equals
ok 2 - Equals
ok 3 - Equals
ok 4 - Equals
</system-out>
    <testcase name="Equals (160)" classname="spec_perl_TestTypeIntUnaryOp_t" time="0.00107717514038086" />
    <testcase name="Equals (161)" classname="spec_perl_TestTypeIntUnaryOp_t" time="5.69820404052734e-05" />
    <testcase name="Equals (162)" classname="spec_perl_TestTypeIntUnaryOp_t" time="4.29153442382812e-05" />
    <testcase name="Equals (163)" classname="spec_perl_TestTypeIntUnaryOp_t" time="6.19888305664062e-05" />
  </testsuite>
  <testsuite name="spec_perl_TestSwitchManualIntSizeEos_t" errors="0" failures="0" skipped="0" tests="10" time="0.0323429107666016">
    <system-out>1..10
ok 1 - Equals
ok 2 - Equals
ok 3 - Equals
ok 4 - Equals
ok 5 - Equals
ok 6 - Equals
ok 7 - Equals
ok 8 - Equals
ok 9 - Equals
ok 10 - Equals
</system-out>
    <testcase name="Equals (164)" classname="spec_perl_TestSwitchManualIntSizeEos_t" time="0.00151586532592773" />
    <testcase name="Equals (165)" classname="spec_perl_TestSwitchManualIntSizeEos_t" time="6.19888305664062e-05" />
    <testcase name="Equals (166)" classname="spec_perl_TestSwitchManualIntSizeEos_t" time="4.50611114501953e-05" />
    <testcase name="Equals (167)" classname="spec_perl_TestSwitchManualIntSizeEos_t" time="4.00543212890625e-05" />
    <testcase name="Equals (168)" classname="spec_perl_TestSwitchManualIntSizeEos_t" time="6.89029693603516e-05" />
    <testcase name="Equals (169)" classname="spec_perl_TestSwitchManualIntSizeEos_t" time="0.000110149383544922" />
    <testcase name="Equals (170)" classname="spec_perl_TestSwitchManualIntSizeEos_t" time="6.89029693603516e-05" />
    <testcase name="Equals (171)" classname="spec_perl_TestSwitchManualIntSizeEos_t" time="6.38961791992188e-05" />
    <testcase name="Equals (172)" classname="spec_perl_TestSwitchManualIntSizeEos_t" time="6.50882720947266e-05" />
    <testcase name="Equals (173)" classname="spec_perl_TestSwitchManualIntSizeEos_t" time="7.10487365722656e-05" />
  </testsuite>
  <testsuite name="spec_perl_TestParamsPassUsertype_t" errors="0" failures="1" skipped="1" tests="2" time="0.0273890495300293">
    <system-out>1..2
not ok 1 - test_params_pass_usertype died (Can't call method &quot;foo&quot; on an undefined value at compiled/perl/ParamsPassUsertype.pm line 119.)
ok 2 # skip test_params_pass_usertype died
</system-out>
    <testcase name="test_params_pass_usertype died (Can't call method &quot;foo&quot; on an undefined value at compiled/perl/ParamsPassUsertype.pm line 119.) (173)" classname="spec_perl_TestParamsPassUsertype_t" time="0.00110793113708496">
      <failure message="not ok 1 - test_params_pass_usertype died (Can't call method &quot;foo&quot; on an undefined value at compiled/perl/ParamsPassUsertype.pm line 119.)" type="TAP::Parser::Result::Test"></failure>
    </testcase>
    <testcase name="Unnamed test case 173" classname="spec_perl_TestParamsPassUsertype_t" time="7.79628753662109e-05">
      <skipped message="ok 2 # skip test_params_pass_usertype died" />
    </testcase>
  </testsuite>
  <testsuite name="spec_perl_TestBitsByteAligned_t" errors="0" failures="0" skipped="0" tests="9" time="0.0295917987823486">
    <system-out>1..9
ok 1 - Equals
ok 2 - Equals
ok 3 - Equals
ok 4 - Equals
ok 5 - Equals
ok 6 - Equals
ok 7 - Equals
ok 8 - Equals
ok 9 - Equals
</system-out>
    <testcase name="Equals (174)" classname="spec_perl_TestBitsByteAligned_t" time="0.00110101699829102" />
    <testcase name="Equals (175)" classname="spec_perl_TestBitsByteAligned_t" time="8.29696655273438e-05" />
    <testcase name="Equals (176)" classname="spec_perl_TestBitsByteAligned_t" time="7.20024108886719e-05" />
    <testcase name="Equals (177)" classname="spec_perl_TestBitsByteAligned_t" time="0.000115156173706055" />
    <testcase name="Equals (178)" classname="spec_perl_TestBitsByteAligned_t" time="0.000111818313598633" />
    <testcase name="Equals (179)" classname="spec_perl_TestBitsByteAligned_t" time="0.000113010406494141" />
    <testcase name="Equals (180)" classname="spec_perl_TestBitsByteAligned_t" time="0.000111103057861328" />
    <testcase name="Equals (181)" classname="spec_perl_TestBitsByteAligned_t" time="0.000108957290649414" />
    <testcase name="Equals (182)" classname="spec_perl_TestBitsByteAligned_t" time="0.00010991096496582" />
  </testsuite>
  <testsuite name="spec_perl_TestBitsEnum_t" errors="0" failures="0" skipped="0" tests="3" time="0.0266470909118652">
    <system-out>1..3
ok 1 - Equals
ok 2 - Equals
ok 3 - Equals
</system-out>
    <testcase name="Equals (183)" classname="spec_perl_TestBitsEnum_t" time="0.00105905532836914" />
    <testcase name="Equals (184)" classname="spec_perl_TestBitsEnum_t" time="5.29289245605469e-05" />
    <testcase name="Equals (185)" classname="spec_perl_TestBitsEnum_t" time="4.60147857666016e-05" />
  </testsuite>
  <testsuite name="spec_perl_TestDefaultEndianExprInherited_t" errors="0" failures="0" skipped="0" tests="15" time="0.0290710926055908">
    <system-out>1..15
ok 1 - Equals
ok 2 - Equals
ok 3 - Equals
ok 4 - Equals
ok 5 - Equals
ok 6 - Equals
ok 7 - Equals
ok 8 - Equals
ok 9 - Equals
ok 10 - Equals
ok 11 - Equals
ok 12 - Equals
ok 13 - Equals
ok 14 - Equals
ok 15 - Equals
</system-out>
    <testcase name="Equals (186)" classname="spec_perl_TestDefaultEndianExprInherited_t" time="0.00109505653381348" />
    <testcase name="Equals (187)" classname="spec_perl_TestDefaultEndianExprInherited_t" time="5.48362731933594e-05" />
    <testcase name="Equals (188)" classname="spec_perl_TestDefaultEndianExprInherited_t" time="4.81605529785156e-05" />
    <testcase name="Equals (189)" classname="spec_perl_TestDefaultEndianExprInherited_t" time="8.08238983154297e-05" />
    <testcase name="Equals (190)" classname="spec_perl_TestDefaultEndianExprInherited_t" time="8.51154327392578e-05" />
    <testcase name="Equals (191)" classname="spec_perl_TestDefaultEndianExprInherited_t" time="7.20024108886719e-05" />
    <testcase name="Equals (192)" classname="spec_perl_TestDefaultEndianExprInherited_t" time="4.79221343994141e-05" />
    <testcase name="Equals (193)" classname="spec_perl_TestDefaultEndianExprInherited_t" time="7.51018524169922e-05" />
    <testcase name="Equals (194)" classname="spec_perl_TestDefaultEndianExprInherited_t" time="7.08103179931641e-05" />
    <testcase name="Equals (195)" classname="spec_perl_TestDefaultEndianExprInherited_t" time="9.01222229003906e-05" />
    <testcase name="Equals (196)" classname="spec_perl_TestDefaultEndianExprInherited_t" time="6.60419464111328e-05" />
    <testcase name="Equals (197)" classname="spec_perl_TestDefaultEndianExprInherited_t" time="5.98430633544922e-05" />
    <testcase name="Equals (198)" classname="spec_perl_TestDefaultEndianExprInherited_t" time="5.41210174560547e-05" />
    <testcase name="Equals (199)" classname="spec_perl_TestDefaultEndianExprInherited_t" time="6.38961791992188e-05" />
    <testcase name="Equals (200)" classname="spec_perl_TestDefaultEndianExprInherited_t" time="0.000105142593383789" />
  </testsuite>
  <testsuite name="spec_perl_TestNavParentOverride_t" errors="0" failures="0" skipped="0" tests="3" time="0.0272998809814453">
    <system-out>1..3
ok 1 - Equals
ok 2 - Equals
ok 3 - Equals
</system-out>
    <testcase name="Equals (201)" classname="spec_perl_TestNavParentOverride_t" time="0.00105404853820801" />
    <testcase name="Equals (202)" classname="spec_perl_TestNavParentOverride_t" time="5.69820404052734e-05" />
    <testcase name="Equals (203)" classname="spec_perl_TestNavParentOverride_t" time="4.1961669921875e-05" />
  </testsuite>
  <testsuite name="spec_perl_TestBitsSimple_t" errors="0" failures="0" skipped="0" tests="14" time="0.0284039974212646">
    <system-out>1..14
ok 1 - Equals
ok 2 - Equals
ok 3 - Equals
ok 4 - Equals
ok 5 - Equals
ok 6 - Equals
ok 7 - Equals
ok 8 - Equals
ok 9 - Equals
ok 10 - Equals
ok 11 - Equals
ok 12 - Equals
ok 13 - Equals
ok 14 - Equals
</system-out>
    <testcase name="Equals (204)" classname="spec_perl_TestBitsSimple_t" time="0.00116610527038574" />
    <testcase name="Equals (205)" classname="spec_perl_TestBitsSimple_t" time="5.19752502441406e-05" />
    <testcase name="Equals (206)" classname="spec_perl_TestBitsSimple_t" time="4.29153442382812e-05" />
    <testcase name="Equals (207)" classname="spec_perl_TestBitsSimple_t" time="6.103515625e-05" />
    <testcase name="Equals (208)" classname="spec_perl_TestBitsSimple_t" time="6.41345977783203e-05" />
    <testcase name="Equals (209)" classname="spec_perl_TestBitsSimple_t" time="7.29560852050781e-05" />
    <testcase name="Equals (210)" classname="spec_perl_TestBitsSimple_t" time="5.60283660888672e-05" />
    <testcase name="Equals (211)" classname="spec_perl_TestBitsSimple_t" time="6.19888305664062e-05" />
    <testcase name="Equals (212)" classname="spec_perl_TestBitsSimple_t" time="6.19888305664062e-05" />
    <testcase name="Equals (213)" classname="spec_perl_TestBitsSimple_t" time="6.00814819335938e-05" />
    <testcase name="Equals (214)" classname="spec_perl_TestBitsSimple_t" time="5.98430633544922e-05" />
    <testcase name="Equals (215)" classname="spec_perl_TestBitsSimple_t" time="6.00814819335938e-05" />
    <testcase name="Equals (216)" classname="spec_perl_TestBitsSimple_t" time="5.79357147216797e-05" />
    <testcase name="Equals (217)" classname="spec_perl_TestBitsSimple_t" time="6.89029693603516e-05" />
  </testsuite>
  <testsuite name="spec_perl_TestProcessCustom_t" errors="1" failures="0" skipped="0" tests="0" time="0.0241060256958008">
    <system-out></system-out>
    <testcase name="Test died too soon, even before plan. (217)" classname="spec_perl_TestProcessCustom_t" time="0.0241060256958008">
      <failure message="The test suite died before a plan was produced. You need to have a plan." type="Plan">No plan</failure>
    </testcase>
  </testsuite>
  <testsuite name="spec_perl_TestExprIoPos_t" errors="0" failures="0" skipped="0" tests="6" time="0.0302560329437256">
    <system-out>1..6
ok 1 - Equals
ok 2 - Equals
ok 3 - Equals
ok 4 - Equals
ok 5 - Equals
ok 6 - Equals
</system-out>
    <testcase name="Equals (218)" classname="spec_perl_TestExprIoPos_t" time="0.00133490562438965" />
    <testcase name="Equals (219)" classname="spec_perl_TestExprIoPos_t" time="5.79357147216797e-05" />
    <testcase name="Equals (220)" classname="spec_perl_TestExprIoPos_t" time="4.10079956054688e-05" />
    <testcase name="Equals (221)" classname="spec_perl_TestExprIoPos_t" time="3.814697265625e-05" />
    <testcase name="Equals (222)" classname="spec_perl_TestExprIoPos_t" time="0.000174045562744141" />
    <testcase name="Equals (223)" classname="spec_perl_TestExprIoPos_t" time="6.98566436767578e-05" />
  </testsuite>
  <testsuite name="spec_perl_TestHelloWorld_t" errors="0" failures="0" skipped="0" tests="1" time="0.0264310836791992">
    <system-out>1..1
ok 1 - Equals
</system-out>
    <testcase name="Equals (224)" classname="spec_perl_TestHelloWorld_t" time="0.00101208686828613" />
  </testsuite>
  <testsuite name="spec_perl_TestParamsPassStruct_t" errors="0" failures="1" skipped="1" tests="4" time="0.0273480415344238">
    <system-out>1..4
ok 1 - Equals
ok 2 - Equals
not ok 3 - test_params_pass_struct died (Can't call method &quot;foo&quot; on an undefined value at spec/perl/TestParamsPassStruct.t line 16.)
ok 4 # skip test_params_pass_struct died
</system-out>
    <testcase name="Equals (225)" classname="spec_perl_TestParamsPassStruct_t" time="0.00102996826171875" />
    <testcase name="Equals (226)" classname="spec_perl_TestParamsPassStruct_t" time="5.41210174560547e-05" />
    <testcase name="test_params_pass_struct died (Can't call method &quot;foo&quot; on an undefined value at spec/perl/TestParamsPassStruct.t line 16.) (226)" classname="spec_perl_TestParamsPassStruct_t" time="8.70227813720703e-05">
      <failure message="not ok 3 - test_params_pass_struct died (Can't call method &quot;foo&quot; on an undefined value at spec/perl/TestParamsPassStruct.t line 16.)" type="TAP::Parser::Result::Test"></failure>
    </testcase>
    <testcase name="Unnamed test case 226" classname="spec_perl_TestParamsPassStruct_t" time="0.000149965286254883">
      <skipped message="ok 4 # skip test_params_pass_struct died" />
    </testcase>
  </testsuite>
  <testsuite name="spec_perl_TestIntegers_t" errors="0" failures="0" skipped="0" tests="20" time="0.0292479991912842">
    <system-out>1..20
ok 1 - Equals
ok 2 - Equals
ok 3 - Equals
ok 4 - Equals
ok 5 - Equals
ok 6 - Equals
ok 7 - Equals
ok 8 - Equals
ok 9 - Equals
ok 10 - Equals
ok 11 - Equals
ok 12 - Equals
ok 13 - Equals
ok 14 - Equals
ok 15 - Equals
ok 16 - Equals
ok 17 - Equals
ok 18 - Equals
ok 19 - Equals
ok 20 - Equals
</system-out>
    <testcase name="Equals (227)" classname="spec_perl_TestIntegers_t" time="0.00107502937316895" />
    <testcase name="Equals (228)" classname="spec_perl_TestIntegers_t" time="5.19752502441406e-05" />
    <testcase name="Equals (229)" classname="spec_perl_TestIntegers_t" time="4.22000885009766e-05" />
    <testcase name="Equals (230)" classname="spec_perl_TestIntegers_t" time="7.98702239990234e-05" />
    <testcase name="Equals (231)" classname="spec_perl_TestIntegers_t" time="6.50882720947266e-05" />
    <testcase name="Equals (232)" classname="spec_perl_TestIntegers_t" time="5.69820404052734e-05" />
    <testcase name="Equals (233)" classname="spec_perl_TestIntegers_t" time="6.98566436767578e-05" />
    <testcase name="Equals (234)" classname="spec_perl_TestIntegers_t" time="4.41074371337891e-05" />
    <testcase name="Equals (235)" classname="spec_perl_TestIntegers_t" time="7.39097595214844e-05" />
    <testcase name="Equals (236)" classname="spec_perl_TestIntegers_t" time="6.103515625e-05" />
    <testcase name="Equals (237)" classname="spec_perl_TestIntegers_t" time="5.91278076171875e-05" />
    <testcase name="Equals (238)" classname="spec_perl_TestIntegers_t" time="6.98566436767578e-05" />
    <testcase name="Equals (239)" classname="spec_perl_TestIntegers_t" time="4.69684600830078e-05" />
    <testcase name="Equals (240)" classname="spec_perl_TestIntegers_t" time="7.70092010498047e-05" />
    <testcase name="Equals (241)" classname="spec_perl_TestIntegers_t" time="5.81741333007812e-05" />
    <testcase name="Equals (242)" classname="spec_perl_TestIntegers_t" time="6.79492950439453e-05" />
    <testcase name="Equals (243)" classname="spec_perl_TestIntegers_t" time="8.20159912109375e-05" />
    <testcase name="Equals (244)" classname="spec_perl_TestIntegers_t" time="8.20159912109375e-05" />
    <testcase name="Equals (245)" classname="spec_perl_TestIntegers_t" time="4.50611114501953e-05" />
    <testcase name="Equals (246)" classname="spec_perl_TestIntegers_t" time="9.48905944824219e-05" />
  </testsuite>
  <testsuite name="spec_perl_TestOpaqueExternalType02Parent_t" errors="0" failures="0" skipped="0" tests="3" time="0.0310828685760498">
    <system-out>1..3
ok 1 - Equals
ok 2 - Equals
ok 3 - Equals
</system-out>
    <testcase name="Equals (247)" classname="spec_perl_TestOpaqueExternalType02Parent_t" time="0.00114893913269043" />
    <testcase name="Equals (248)" classname="spec_perl_TestOpaqueExternalType02Parent_t" time="5.29289245605469e-05" />
    <testcase name="Equals (249)" classname="spec_perl_TestOpaqueExternalType02Parent_t" time="6.31809234619141e-05" />
  </testsuite>
  <testsuite name="spec_perl_TestEnumDeep_t" errors="0" failures="0" skipped="0" tests="2" time="0.0277419090270996">
    <system-out>1..2
ok 1 - Equals
ok 2 - Equals
</system-out>
    <testcase name="Equals (250)" classname="spec_perl_TestEnumDeep_t" time="0.00104618072509766" />
    <testcase name="Equals (251)" classname="spec_perl_TestEnumDeep_t" time="7.20024108886719e-05" />
  </testsuite>
  <testsuite name="spec_perl_TestEosExceptionBytes_t" errors="0" failures="0" skipped="0" tests="1" time="0.0282812118530273">
    <system-out>1..1
ok 1 - threw /^Requested \d+ bytes, but only \d+ bytes available/
</system-out>
    <testcase name="threw /^Requested \d+ bytes, but only \d+ bytes available/ (251)" classname="spec_perl_TestEosExceptionBytes_t" time="0.00138688087463379" />
  </testsuite>
  <testsuite name="spec_perl_TestZlibSurrounded_t" errors="0" failures="0" skipped="0" tests="1" time="0.0502939224243164">
    <system-out>1..1
ok 1 - Equals
</system-out>
    <testcase name="Equals (252)" classname="spec_perl_TestZlibSurrounded_t" time="0.00137996673583984" />
  </testsuite>
  <testsuite name="spec_perl_TestZlibWithHeader78_t" errors="0" failures="0" skipped="0" tests="1" time="0.0494780540466309">
    <system-out>1..1
ok 1 - Equals
</system-out>
    <testcase name="Equals (253)" classname="spec_perl_TestZlibWithHeader78_t" time="0.00117301940917969" />
  </testsuite>
  <testsuite name="spec_perl_TestEnumImportSeq_t" errors="0" failures="0" skipped="0" tests="2" time="0.0276391506195068">
    <system-out>1..2
ok 1 - Equals
ok 2 - Equals
</system-out>
    <testcase name="Equals (254)" classname="spec_perl_TestEnumImportSeq_t" time="0.00102901458740234" />
    <testcase name="Equals (255)" classname="spec_perl_TestEnumImportSeq_t" time="6.29425048828125e-05" />
  </testsuite>
  <testsuite name="spec_perl_TestProcessXorConst_t" errors="0" failures="0" skipped="0" tests="2" time="0.0271151065826416">
    <system-out>1..2
ok 1 - Equals
ok 2 - Equals
</system-out>
    <testcase name="Equals (256)" classname="spec_perl_TestProcessXorConst_t" time="0.00113987922668457" />
    <testcase name="Equals (257)" classname="spec_perl_TestProcessXorConst_t" time="5.41210174560547e-05" />
  </testsuite>
  <testsuite name="spec_perl_TestEnumLongRangeU_t" errors="0" failures="0" skipped="0" tests="4" time="0.0264689922332764">
    <system-out>1..4
ok 1 - Equals
ok 2 - Equals
ok 3 - Equals
ok 4 - Equals
</system-out>
    <testcase name="Equals (258)" classname="spec_perl_TestEnumLongRangeU_t" time="0.00104808807373047" />
    <testcase name="Equals (259)" classname="spec_perl_TestEnumLongRangeU_t" time="6.07967376708984e-05" />
    <testcase name="Equals (260)" classname="spec_perl_TestEnumLongRangeU_t" time="4.22000885009766e-05" />
    <testcase name="Equals (261)" classname="spec_perl_TestEnumLongRangeU_t" time="3.88622283935547e-05" />
  </testsuite>
  <testsuite name="spec_perl_TestDocstringsDocrefMulti_t" errors="0" failures="0" skipped="1" tests="1" time="0.0268800258636475">
    <system-out>1..1
ok 1 # skip DocstringsDocrefMulti=HASH(0x55cd8a8f2d80)
</system-out>
    <testcase name="Unnamed test case 261" classname="spec_perl_TestDocstringsDocrefMulti_t" time="0.00125408172607422">
      <skipped message="ok 1 # skip DocstringsDocrefMulti=HASH(0x55cd8a8f2d80)" />
    </testcase>
  </testsuite>
  <testsuite name="spec_perl_TestNonStandard_t" errors="0" failures="0" skipped="0" tests="1" time="0.0269689559936523">
    <system-out>1..1
ok 1 - Equals
</system-out>
    <testcase name="Equals (262)" classname="spec_perl_TestNonStandard_t" time="0.00101900100708008" />
  </testsuite>
  <testsuite name="spec_perl_TestTermBytes_t" errors="0" failures="0" skipped="0" tests="3" time="0.0277080535888672">
    <system-out>1..3
ok 1 - Equals
ok 2 - Equals
ok 3 - Equals
</system-out>
    <testcase name="Equals (263)" classname="spec_perl_TestTermBytes_t" time="0.00107288360595703" />
    <testcase name="Equals (264)" classname="spec_perl_TestTermBytes_t" time="7.31945037841797e-05" />
    <testcase name="Equals (265)" classname="spec_perl_TestTermBytes_t" time="4.69684600830078e-05" />
  </testsuite>
  <testsuite name="spec_perl_TestImportsParamsDefArrayUsertypeImported_t" errors="0" failures="1" skipped="1" tests="5" time="0.0284049510955811">
    <system-out>1..5
ok 1 - Equals
ok 2 - Equals
ok 3 - Equals
not ok 4 - test_imports_params_def_array_usertype_imported died (Can't use an undefined value as an ARRAY reference at compiled/perl/ParamsDefArrayUsertypeImported.pm line 43.)
ok 5 # skip test_imports_params_def_array_usertype_imported died
</system-out>
    <testcase name="Equals (266)" classname="spec_perl_TestImportsParamsDefArrayUsertypeImported_t" time="0.00101709365844727" />
    <testcase name="Equals (267)" classname="spec_perl_TestImportsParamsDefArrayUsertypeImported_t" time="5.29289245605469e-05" />
    <testcase name="Equals (268)" classname="spec_perl_TestImportsParamsDefArrayUsertypeImported_t" time="4.10079956054688e-05" />
    <testcase name="test_imports_params_def_array_usertype_imported died (Can't use an undefined value as an ARRAY reference at compiled/perl/ParamsDefArrayUsertypeImported.pm line 43.) (268)" classname="spec_perl_TestImportsParamsDefArrayUsertypeImported_t" time="0.000117063522338867">
      <failure message="not ok 4 - test_imports_params_def_array_usertype_imported died (Can't use an undefined value as an ARRAY reference at compiled/perl/ParamsDefArrayUsertypeImported.pm line 43.)" type="TAP::Parser::Result::Test"></failure>
    </testcase>
    <testcase name="Unnamed test case 268" classname="spec_perl_TestImportsParamsDefArrayUsertypeImported_t" time="0.000144004821777344">
      <skipped message="ok 5 # skip test_imports_params_def_array_usertype_imported died" />
    </testcase>
  </testsuite>
  <testsuite name="spec_perl_TestImportsRel1_t" errors="0" failures="0" skipped="0" tests="3" time="0.0266740322113037">
    <system-out>1..3
ok 1 - Equals
ok 2 - Equals
ok 3 - Equals
</system-out>
    <testcase name="Equals (269)" classname="spec_perl_TestImportsRel1_t" time="0.00106501579284668" />
    <testcase name="Equals (270)" classname="spec_perl_TestImportsRel1_t" time="7.29560852050781e-05" />
    <testcase name="Equals (271)" classname="spec_perl_TestImportsRel1_t" time="3.60012054443359e-05" />
  </testsuite>
  <testsuite name="spec_perl_TestParamsCall_t" errors="0" failures="3" skipped="0" tests="3" time="0.0320191383361816">
    <system-out>1..3
not ok 1 - Equals
not ok 2 - Equals
not ok 3 - Equals
</system-out>
    <testcase name="Equals (272)" classname="spec_perl_TestParamsCall_t" time="0.00157904624938965">
      <failure message="not ok 1 - Equals" type="TAP::Parser::Result::Test"></failure>
    </testcase>
    <testcase name="Equals (273)" classname="spec_perl_TestParamsCall_t" time="0.00025486946105957">
      <failure message="not ok 2 - Equals" type="TAP::Parser::Result::Test"></failure>
    </testcase>
    <testcase name="Equals (274)" classname="spec_perl_TestParamsCall_t" time="0.000318050384521484">
      <failure message="not ok 3 - Equals" type="TAP::Parser::Result::Test"></failure>
    </testcase>
  </testsuite>
  <testsuite name="spec_perl_TestSwitchRepeatExprInvalid_t" errors="0" failures="0" skipped="0" tests="3" time="0.0270431041717529">
    <system-out>1..3
ok 1 - Equals
ok 2 - Equals
ok 3 - Equals
</system-out>
    <testcase name="Equals (275)" classname="spec_perl_TestSwitchRepeatExprInvalid_t" time="0.00106596946716309" />
    <testcase name="Equals (276)" classname="spec_perl_TestSwitchRepeatExprInvalid_t" time="7.00950622558594e-05" />
    <testcase name="Equals (277)" classname="spec_perl_TestSwitchRepeatExprInvalid_t" time="4.69684600830078e-05" />
  </testsuite>
  <testsuite name="spec_perl_TestBitsUnalignedB32Be_t" errors="0" failures="0" skipped="0" tests="3" time="0.0265438556671143">
    <system-out>1..3
ok 1 - Equals
ok 2 - Equals
ok 3 - Equals
</system-out>
    <testcase name="Equals (278)" classname="spec_perl_TestBitsUnalignedB32Be_t" time="0.00103616714477539" />
    <testcase name="Equals (279)" classname="spec_perl_TestBitsUnalignedB32Be_t" time="5.19752502441406e-05" />
    <testcase name="Equals (280)" classname="spec_perl_TestBitsUnalignedB32Be_t" time="4.29153442382812e-05" />
  </testsuite>
  <testsuite name="spec_perl_TestDebugSwitchUser_t" errors="1" failures="0" skipped="0" tests="0" time="0.0246009826660156">
    <system-out></system-out>
    <testcase name="Test died too soon, even before plan. (280)" classname="spec_perl_TestDebugSwitchUser_t" time="0.0246009826660156">
      <failure message="The test suite died before a plan was produced. You need to have a plan." type="Plan">No plan</failure>
    </testcase>
  </testsuite>
  <testsuite name="spec_perl_TestSwitchBytearray_t" errors="0" failures="0" skipped="0" tests="9" time="0.0306718349456787">
    <system-out>1..9
ok 1 - Equals
ok 2 - Equals
ok 3 - Equals
ok 4 - Equals
ok 5 - Equals
ok 6 - Equals
ok 7 - Equals
ok 8 - Equals
ok 9 - Equals
</system-out>
    <testcase name="Equals (281)" classname="spec_perl_TestSwitchBytearray_t" time="0.0011591911315918" />
    <testcase name="Equals (282)" classname="spec_perl_TestSwitchBytearray_t" time="5.38825988769531e-05" />
    <testcase name="Equals (283)" classname="spec_perl_TestSwitchBytearray_t" time="4.1961669921875e-05" />
    <testcase name="Equals (284)" classname="spec_perl_TestSwitchBytearray_t" time="8.0108642578125e-05" />
    <testcase name="Equals (285)" classname="spec_perl_TestSwitchBytearray_t" time="6.89029693603516e-05" />
    <testcase name="Equals (286)" classname="spec_perl_TestSwitchBytearray_t" time="4.50611114501953e-05" />
    <testcase name="Equals (287)" classname="spec_perl_TestSwitchBytearray_t" time="7.10487365722656e-05" />
    <testcase name="Equals (288)" classname="spec_perl_TestSwitchBytearray_t" time="6.19888305664062e-05" />
    <testcase name="Equals (289)" classname="spec_perl_TestSwitchBytearray_t" time="6.79492950439453e-05" />
  </testsuite>
  <testsuite name="spec_perl_TestExprArray_t" errors="0" failures="1" skipped="0" tests="15" time="0.0317878723144531">
    <system-out>1..15
ok 1 - Equals
ok 2 - Equals
ok 3 - Equals
ok 4 - Equals
ok 5 - Equals
ok 6 - Equals
ok 7 - Approx equals
ok 8 - Approx equals
not ok 9 - Approx equals
ok 10 - Approx equals
ok 11 - Equals
ok 12 - Equals
ok 13 - Equals
ok 14 - Equals
ok 15 - Equals
</system-out>
    <testcase name="Equals (290)" classname="spec_perl_TestExprArray_t" time="0.00113415718078613" />
    <testcase name="Equals (291)" classname="spec_perl_TestExprArray_t" time="5.19752502441406e-05" />
    <testcase name="Equals (292)" classname="spec_perl_TestExprArray_t" time="4.1961669921875e-05" />
    <testcase name="Equals (293)" classname="spec_perl_TestExprArray_t" time="7.29560852050781e-05" />
    <testcase name="Equals (294)" classname="spec_perl_TestExprArray_t" time="6.79492950439453e-05" />
    <testcase name="Equals (295)" classname="spec_perl_TestExprArray_t" time="7.10487365722656e-05" />
    <testcase name="Approx equals (295)" classname="spec_perl_TestExprArray_t" time="4.41074371337891e-05" />
    <testcase name="Approx equals (296)" classname="spec_perl_TestExprArray_t" time="3.98159027099609e-05" />
    <testcase name="Approx equals (297)" classname="spec_perl_TestExprArray_t" time="4.69684600830078e-05">
      <failure message="not ok 9 - Approx equals" type="TAP::Parser::Result::Test"></failure>
    </testcase>
    <testcase name="Approx equals (298)" classname="spec_perl_TestExprArray_t" time="0.000144004821777344" />
    <testcase name="Equals (298)" classname="spec_perl_TestExprArray_t" time="0.000205039978027344" />
    <testcase name="Equals (299)" classname="spec_perl_TestExprArray_t" time="0.000143051147460938" />
    <testcase name="Equals (300)" classname="spec_perl_TestExprArray_t" time="7.10487365722656e-05" />
    <testcase name="Equals (301)" classname="spec_perl_TestExprArray_t" time="0.000124931335449219" />
    <testcase name="Equals (302)" classname="spec_perl_TestExprArray_t" time="7.20024108886719e-05" />
  </testsuite>
  <testsuite name="spec_perl_TestSwitchCast_t" errors="0" failures="0" skipped="0" tests="2" time="0.0304899215698242">
    <system-out>1..2
ok 1 - Equals
ok 2 - Equals
</system-out>
    <testcase name="Equals (303)" classname="spec_perl_TestSwitchCast_t" time="0.00112104415893555" />
    <testcase name="Equals (304)" classname="spec_perl_TestSwitchCast_t" time="5.29289245605469e-05" />
  </testsuite>
  <testsuite name="spec_perl_TestProcessRepeatUsertype_t" errors="0" failures="0" skipped="0" tests="4" time="0.0281360149383545">
    <system-out>1..4
ok 1 - Equals
ok 2 - Equals
ok 3 - Equals
ok 4 - Equals
</system-out>
    <testcase name="Equals (305)" classname="spec_perl_TestProcessRepeatUsertype_t" time="0.00135111808776855" />
    <testcase name="Equals (306)" classname="spec_perl_TestProcessRepeatUsertype_t" time="5.48362731933594e-05" />
    <testcase name="Equals (307)" classname="spec_perl_TestProcessRepeatUsertype_t" time="4.60147857666016e-05" />
    <testcase name="Equals (308)" classname="spec_perl_TestProcessRepeatUsertype_t" time="7.00950622558594e-05" />
  </testsuite>
  <testsuite name="spec_perl_TestProcessXor4Value_t" errors="0" failures="0" skipped="0" tests="2" time="0.0267281532287598">
    <system-out>1..2
ok 1 - Equals
ok 2 - Equals
</system-out>
    <testcase name="Equals (309)" classname="spec_perl_TestProcessXor4Value_t" time="0.00104880332946777" />
    <testcase name="Equals (310)" classname="spec_perl_TestProcessXor4Value_t" time="6.41345977783203e-05" />
  </testsuite>
  <testsuite name="spec_perl_TestNavParent2_t" errors="0" failures="0" skipped="0" tests="10" time="0.0319111347198486">
    <system-out>1..10
ok 1 - Equals
ok 2 - Equals
ok 3 - Equals
ok 4 - Equals
ok 5 - Equals
ok 6 - Equals
ok 7 - Equals
ok 8 - Equals
ok 9 - Equals
ok 10 - Equals
</system-out>
    <testcase name="Equals (311)" classname="spec_perl_TestNavParent2_t" time="0.00109481811523438" />
    <testcase name="Equals (312)" classname="spec_perl_TestNavParent2_t" time="6.00814819335938e-05" />
    <testcase name="Equals (313)" classname="spec_perl_TestNavParent2_t" time="4.60147857666016e-05" />
    <testcase name="Equals (314)" classname="spec_perl_TestNavParent2_t" time="8.0108642578125e-05" />
    <testcase name="Equals (315)" classname="spec_perl_TestNavParent2_t" time="0.000138998031616211" />
    <testcase name="Equals (316)" classname="spec_perl_TestNavParent2_t" time="0.000135898590087891" />
    <testcase name="Equals (317)" classname="spec_perl_TestNavParent2_t" time="6.89029693603516e-05" />
    <testcase name="Equals (318)" classname="spec_perl_TestNavParent2_t" time="6.41345977783203e-05" />
    <testcase name="Equals (319)" classname="spec_perl_TestNavParent2_t" time="6.29425048828125e-05" />
    <testcase name="Equals (320)" classname="spec_perl_TestNavParent2_t" time="9.20295715332031e-05" />
  </testsuite>
  <testsuite name="spec_perl_TestStrEncodingsDefault_t" errors="0" failures="0" skipped="0" tests="4" time="0.033674955368042">
    <system-out>1..4
ok 1 - Equals
ok 2 - Equals
ok 3 - Equals
ok 4 - Equals
</system-out>
    <testcase name="Equals (321)" classname="spec_perl_TestStrEncodingsDefault_t" time="0.00396990776062012" />
    <testcase name="Equals (322)" classname="spec_perl_TestStrEncodingsDefault_t" time="6.29425048828125e-05" />
    <testcase name="Equals (323)" classname="spec_perl_TestStrEncodingsDefault_t" time="5.60283660888672e-05" />
    <testcase name="Equals (324)" classname="spec_perl_TestStrEncodingsDefault_t" time="4.91142272949219e-05" />
  </testsuite>
  <testsuite name="spec_perl_TestExprSizeofType0_t" errors="0" failures="0" skipped="0" tests="1" time="0.0264229774475098">
    <system-out>1..1
ok 1 - Equals
</system-out>
    <testcase name="Equals (325)" classname="spec_perl_TestExprSizeofType0_t" time="0.00101399421691895" />
  </testsuite>
  <testsuite name="spec_perl_TestBcdUserTypeBe_t" errors="0" failures="0" skipped="0" tests="6" time="0.0291049480438232">
    <system-out>1..6
ok 1 - Equals
ok 2 - Equals
ok 3 - Equals
ok 4 - Equals
ok 5 - Equals
ok 6 - Equals
</system-out>
    <testcase name="Equals (326)" classname="spec_perl_TestBcdUserTypeBe_t" time="0.00144100189208984" />
    <testcase name="Equals (327)" classname="spec_perl_TestBcdUserTypeBe_t" time="9.60826873779297e-05" />
    <testcase name="Equals (328)" classname="spec_perl_TestBcdUserTypeBe_t" time="5.60283660888672e-05" />
    <testcase name="Equals (329)" classname="spec_perl_TestBcdUserTypeBe_t" time="6.79492950439453e-05" />
    <testcase name="Equals (330)" classname="spec_perl_TestBcdUserTypeBe_t" time="5.10215759277344e-05" />
    <testcase name="Equals (331)" classname="spec_perl_TestBcdUserTypeBe_t" time="6.89029693603516e-05" />
  </testsuite>
  <testsuite name="spec_perl_TestRepeatUntilS4_t" errors="0" failures="0" skipped="0" tests="2" time="0.0302431583404541">
    <system-out>1..2
ok 1 - Equals
ok 2 - Equals
</system-out>
    <testcase name="Equals (332)" classname="spec_perl_TestRepeatUntilS4_t" time="0.00109291076660156" />
    <testcase name="Equals (333)" classname="spec_perl_TestRepeatUntilS4_t" time="5.29289245605469e-05" />
  </testsuite>
  <testsuite name="spec_perl_TestExpr0_t" errors="0" failures="0" skipped="0" tests="2" time="0.0265851020812988">
    <system-out>1..2
ok 1 - Equals
ok 2 - Equals
</system-out>
    <testcase name="Equals (334)" classname="spec_perl_TestExpr0_t" time="0.00105714797973633" />
    <testcase name="Equals (335)" classname="spec_perl_TestExpr0_t" time="5.29289245605469e-05" />
  </testsuite>
  <testsuite name="spec_perl_TestRepeatNStruct_t" errors="0" failures="0" skipped="0" tests="5" time="0.0271828174591064">
    <system-out>1..5
ok 1 - Equals
ok 2 - Equals
ok 3 - Equals
ok 4 - Equals
ok 5 - Equals
</system-out>
    <testcase name="Equals (336)" classname="spec_perl_TestRepeatNStruct_t" time="0.00104594230651855" />
    <testcase name="Equals (337)" classname="spec_perl_TestRepeatNStruct_t" time="7.20024108886719e-05" />
    <testcase name="Equals (338)" classname="spec_perl_TestRepeatNStruct_t" time="4.81605529785156e-05" />
    <testcase name="Equals (339)" classname="spec_perl_TestRepeatNStruct_t" time="7.79628753662109e-05" />
    <testcase name="Equals (340)" classname="spec_perl_TestRepeatNStruct_t" time="5.10215759277344e-05" />
  </testsuite>
  <testsuite name="spec_perl_TestImportsCircularA_t" errors="0" failures="0" skipped="0" tests="5" time="0.0275239944458008">
    <system-out>1..5
ok 1 - Equals
ok 2 - Equals
ok 3 - Equals
ok 4 - Equals
ok 5 - nil
</system-out>
    <testcase name="Equals (341)" classname="spec_perl_TestImportsCircularA_t" time="0.0010828971862793" />
    <testcase name="Equals (342)" classname="spec_perl_TestImportsCircularA_t" time="5.29289245605469e-05" />
    <testcase name="Equals (343)" classname="spec_perl_TestImportsCircularA_t" time="4.1961669921875e-05" />
    <testcase name="Equals (344)" classname="spec_perl_TestImportsCircularA_t" time="6.60419464111328e-05" />
    <testcase name="nil (344)" classname="spec_perl_TestImportsCircularA_t" time="4.60147857666016e-05" />
  </testsuite>
  <testsuite name="spec_perl_TestCombineEnum_t" errors="0" failures="0" skipped="0" tests="3" time="0.0272300243377686">
    <system-out>1..3
ok 1 - Equals
ok 2 - Equals
ok 3 - Equals
</system-out>
    <testcase name="Equals (345)" classname="spec_perl_TestCombineEnum_t" time="0.00101995468139648" />
    <testcase name="Equals (346)" classname="spec_perl_TestCombineEnum_t" time="5.19752502441406e-05" />
    <testcase name="Equals (347)" classname="spec_perl_TestCombineEnum_t" time="4.1961669921875e-05" />
  </testsuite>
  <testsuite name="spec_perl_TestExprIfIntOps_t" errors="0" failures="0" skipped="0" tests="2" time="0.0264060497283936">
    <system-out>1..2
ok 1 - Equals
ok 2 - Equals
</system-out>
    <testcase name="Equals (348)" classname="spec_perl_TestExprIfIntOps_t" time="0.00106215476989746" />
    <testcase name="Equals (349)" classname="spec_perl_TestExprIfIntOps_t" time="5.29289245605469e-05" />
  </testsuite>
  <testsuite name="spec_perl_TestExprBytesOps_t" errors="0" failures="0" skipped="0" tests="16" time="0.0279340744018555">
    <system-out>1..16
ok 1 - Equals
ok 2 - Equals
ok 3 - Equals
ok 4 - Equals
ok 5 - Equals
ok 6 - Equals
ok 7 - Equals
ok 8 - Equals
ok 9 - Equals
ok 10 - Equals
ok 11 - Equals
ok 12 - Equals
ok 13 - Equals
ok 14 - Equals
ok 15 - Equals
ok 16 - Equals
</system-out>
    <testcase name="Equals (350)" classname="spec_perl_TestExprBytesOps_t" time="0.00102496147155762" />
    <testcase name="Equals (351)" classname="spec_perl_TestExprBytesOps_t" time="5.31673431396484e-05" />
    <testcase name="Equals (352)" classname="spec_perl_TestExprBytesOps_t" time="4.48226928710938e-05" />
    <testcase name="Equals (353)" classname="spec_perl_TestExprBytesOps_t" time="7.91549682617188e-05" />
    <testcase name="Equals (354)" classname="spec_perl_TestExprBytesOps_t" time="7.60555267333984e-05" />
    <testcase name="Equals (355)" classname="spec_perl_TestExprBytesOps_t" time="6.98566436767578e-05" />
    <testcase name="Equals (356)" classname="spec_perl_TestExprBytesOps_t" time="9.79900360107422e-05" />
    <testcase name="Equals (357)" classname="spec_perl_TestExprBytesOps_t" time="0.000107049942016602" />
    <testcase name="Equals (358)" classname="spec_perl_TestExprBytesOps_t" time="7.79628753662109e-05" />
    <testcase name="Equals (359)" classname="spec_perl_TestExprBytesOps_t" time="7.41481781005859e-05" />
    <testcase name="Equals (360)" classname="spec_perl_TestExprBytesOps_t" time="7.39097595214844e-05" />
    <testcase name="Equals (361)" classname="spec_perl_TestExprBytesOps_t" time="6.79492950439453e-05" />
    <testcase name="Equals (362)" classname="spec_perl_TestExprBytesOps_t" time="4.50611114501953e-05" />
    <testcase name="Equals (363)" classname="spec_perl_TestExprBytesOps_t" time="7.98702239990234e-05" />
    <testcase name="Equals (364)" classname="spec_perl_TestExprBytesOps_t" time="5.81741333007812e-05" />
    <testcase name="Equals (365)" classname="spec_perl_TestExprBytesOps_t" time="6.79492950439453e-05" />
  </testsuite>
  <testsuite name="spec_perl_TestStrEncodingsEscapingToS_t" errors="0" failures="0" skipped="0" tests="4" time="0.0325279235839844">
    <system-out>1..4
ok 1 - threw Regexp ((?^:^Unknown encoding 'ASCII\\\\x'))
ok 2 - threw Regexp ((?^:^Unknown encoding 'UTF-8\\'x'))
ok 3 - threw Regexp ((?^:^Unknown encoding 'SJIS\\\&quot;x'))
ok 4 - threw Regexp ((?^:^Unknown encoding 'IBM437\\nx'))
</system-out>
    <testcase name="threw Regexp ((?^:^Unknown encoding 'ASCII\\\\x')) (365)" classname="spec_perl_TestStrEncodingsEscapingToS_t" time="0.00126004219055176" />
    <testcase name="threw Regexp ((?^:^Unknown encoding 'UTF-8\\'x')) (365)" classname="spec_perl_TestStrEncodingsEscapingToS_t" time="0.00022578239440918" />
    <testcase name="threw Regexp ((?^:^Unknown encoding 'SJIS\\\&quot;x')) (365)" classname="spec_perl_TestStrEncodingsEscapingToS_t" time="0.00024104118347168" />
    <testcase name="threw Regexp ((?^:^Unknown encoding 'IBM437\\nx')) (365)" classname="spec_perl_TestStrEncodingsEscapingToS_t" time="0.000288963317871094" />
  </testsuite>
  <testsuite name="spec_perl_TestProcessXorValue_t" errors="0" failures="0" skipped="0" tests="2" time="0.0276110172271729">
    <system-out>1..2
ok 1 - Equals
ok 2 - Equals
</system-out>
    <testcase name="Equals (366)" classname="spec_perl_TestProcessXorValue_t" time="0.00103878974914551" />
    <testcase name="Equals (367)" classname="spec_perl_TestProcessXorValue_t" time="5.81741333007812e-05" />
  </testsuite>
  <testsuite name="spec_perl_TestBitsSimpleLe_t" errors="0" failures="0" skipped="0" tests="14" time="0.0275809764862061">
    <system-out>1..14
ok 1 - Equals
ok 2 - Equals
ok 3 - Equals
ok 4 - Equals
ok 5 - Equals
ok 6 - Equals
ok 7 - Equals
ok 8 - Equals
ok 9 - Equals
ok 10 - Equals
ok 11 - Equals
ok 12 - Equals
ok 13 - Equals
ok 14 - Equals
</system-out>
    <testcase name="Equals (368)" classname="spec_perl_TestBitsSimpleLe_t" time="0.00106096267700195" />
    <testcase name="Equals (369)" classname="spec_perl_TestBitsSimpleLe_t" time="5.19752502441406e-05" />
    <testcase name="Equals (370)" classname="spec_perl_TestBitsSimpleLe_t" time="4.1961669921875e-05" />
    <testcase name="Equals (371)" classname="spec_perl_TestBitsSimpleLe_t" time="7.39097595214844e-05" />
    <testcase name="Equals (372)" classname="spec_perl_TestBitsSimpleLe_t" time="5.81741333007812e-05" />
    <testcase name="Equals (373)" classname="spec_perl_TestBitsSimpleLe_t" time="6.4849853515625e-05" />
    <testcase name="Equals (374)" classname="spec_perl_TestBitsSimpleLe_t" time="6.00814819335938e-05" />
    <testcase name="Equals (375)" classname="spec_perl_TestBitsSimpleLe_t" time="4.91142272949219e-05" />
    <testcase name="Equals (376)" classname="spec_perl_TestBitsSimpleLe_t" time="7.29560852050781e-05" />
    <testcase name="Equals (377)" classname="spec_perl_TestBitsSimpleLe_t" time="4.79221343994141e-05" />
    <testcase name="Equals (378)" classname="spec_perl_TestBitsSimpleLe_t" time="6.89029693603516e-05" />
    <testcase name="Equals (379)" classname="spec_perl_TestBitsSimpleLe_t" time="5.91278076171875e-05" />
    <testcase name="Equals (380)" classname="spec_perl_TestBitsSimpleLe_t" time="5.38825988769531e-05" />
    <testcase name="Equals (381)" classname="spec_perl_TestBitsSimpleLe_t" time="6.50882720947266e-05" />
  </testsuite>
  <testsuite name="spec_perl_TestFloatingPoints_t" errors="0" failures="0" skipped="0" tests="8" time="0.027230978012085">
    <system-out>1..8
ok 1 - Approx equals
ok 2 - Approx equals
ok 3 - Approx equals
ok 4 - Approx equals
ok 5 - Approx equals
ok 6 - Approx equals
ok 7 - Approx equals
ok 8 - Approx equals
</system-out>
    <testcase name="Approx equals (381)" classname="spec_perl_TestFloatingPoints_t" time="0.00109505653381348" />
    <testcase name="Approx equals (382)" classname="spec_perl_TestFloatingPoints_t" time="0.00010991096496582" />
    <testcase name="Approx equals (383)" classname="spec_perl_TestFloatingPoints_t" time="7.29560852050781e-05" />
    <testcase name="Approx equals (384)" classname="spec_perl_TestFloatingPoints_t" time="7.41481781005859e-05" />
    <testcase name="Approx equals (385)" classname="spec_perl_TestFloatingPoints_t" time="5.48362731933594e-05" />
    <testcase name="Approx equals (386)" classname="spec_perl_TestFloatingPoints_t" time="5.10215759277344e-05" />
    <testcase name="Approx equals (387)" classname="spec_perl_TestFloatingPoints_t" time="6.81877136230469e-05" />
    <testcase name="Approx equals (388)" classname="spec_perl_TestFloatingPoints_t" time="4.88758087158203e-05" />
  </testsuite>
  <testsuite name="spec_perl_TestRepeatEosStruct_t" errors="0" failures="0" skipped="0" tests="5" time="0.0268402099609375">
    <system-out>1..5
ok 1 - Equals
ok 2 - Equals
ok 3 - Equals
ok 4 - Equals
ok 5 - Equals
</system-out>
    <testcase name="Equals (388)" classname="spec_perl_TestRepeatEosStruct_t" time="0.00113797187805176" />
    <testcase name="Equals (389)" classname="spec_perl_TestRepeatEosStruct_t" time="5.50746917724609e-05" />
    <testcase name="Equals (390)" classname="spec_perl_TestRepeatEosStruct_t" time="4.29153442382812e-05" />
    <testcase name="Equals (391)" classname="spec_perl_TestRepeatEosStruct_t" time="4.29153442382812e-05" />
    <testcase name="Equals (392)" classname="spec_perl_TestRepeatEosStruct_t" time="7.10487365722656e-05" />
  </testsuite>
  <testsuite name="spec_perl_TestBufferedStruct_t" errors="0" failures="0" skipped="0" tests="7" time="0.0272080898284912">
    <system-out>1..7
ok 1 - Equals
ok 2 - Equals
ok 3 - Equals
ok 4 - Equals
ok 5 - Equals
ok 6 - Equals
ok 7 - Equals
</system-out>
    <testcase name="Equals (393)" classname="spec_perl_TestBufferedStruct_t" time="0.00134015083312988" />
    <testcase name="Equals (394)" classname="spec_perl_TestBufferedStruct_t" time="5.48362731933594e-05" />
    <testcase name="Equals (395)" classname="spec_perl_TestBufferedStruct_t" time="4.22000885009766e-05" />
    <testcase name="Equals (396)" classname="spec_perl_TestBufferedStruct_t" time="7.20024108886719e-05" />
    <testcase name="Equals (397)" classname="spec_perl_TestBufferedStruct_t" time="5.98430633544922e-05" />
    <testcase name="Equals (398)" classname="spec_perl_TestBufferedStruct_t" time="6.19888305664062e-05" />
    <testcase name="Equals (399)" classname="spec_perl_TestBufferedStruct_t" time="6.19888305664062e-05" />
  </testsuite>
  <testsuite name="spec_perl_TestTypeTernaryOpaque_t" errors="0" failures="0" skipped="0" tests="3" time="0.0307600498199463">
    <system-out>1..3
ok 1 - Equals
ok 2 - Equals
ok 3 - Equals
</system-out>
    <testcase name="Equals (400)" classname="spec_perl_TestTypeTernaryOpaque_t" time="0.0013420581817627" />
    <testcase name="Equals (401)" classname="spec_perl_TestTypeTernaryOpaque_t" time="5.41210174560547e-05" />
    <testcase name="Equals (402)" classname="spec_perl_TestTypeTernaryOpaque_t" time="4.38690185546875e-05" />
  </testsuite>
  <testsuite name="spec_perl_TestCombineBool_t" errors="0" failures="0" skipped="0" tests="2" time="0.0270490646362305">
    <system-out>1..2
ok 1 - Equals
ok 2 - Equals
</system-out>
    <testcase name="Equals (403)" classname="spec_perl_TestCombineBool_t" time="0.00103402137756348" />
    <testcase name="Equals (404)" classname="spec_perl_TestCombineBool_t" time="5.29289245605469e-05" />
  </testsuite>
  <testsuite name="spec_perl_TestEnum0_t" errors="0" failures="0" skipped="0" tests="2" time="0.0272550582885742">
    <system-out>1..2
ok 1 - Equals
ok 2 - Equals
</system-out>
    <testcase name="Equals (405)" classname="spec_perl_TestEnum0_t" time="0.00113415718078613" />
    <testcase name="Equals (406)" classname="spec_perl_TestEnum0_t" time="9.39369201660156e-05" />
  </testsuite>
  <testsuite name="spec_perl_TestIndexToParamUntil_t" errors="0" failures="2" skipped="0" tests="7" time="0.0312669277191162">
    <system-out>1..7
ok 1 - Equals
ok 2 - Equals
ok 3 - Equals
ok 4 - Equals
ok 5 - Equals
not ok 6 - Equals
not ok 7 - Equals
</system-out>
    <testcase name="Equals (407)" classname="spec_perl_TestIndexToParamUntil_t" time="0.00137090682983398" />
    <testcase name="Equals (408)" classname="spec_perl_TestIndexToParamUntil_t" time="7.60555267333984e-05" />
    <testcase name="Equals (409)" classname="spec_perl_TestIndexToParamUntil_t" time="4.69684600830078e-05" />
    <testcase name="Equals (410)" classname="spec_perl_TestIndexToParamUntil_t" time="6.31809234619141e-05" />
    <testcase name="Equals (411)" classname="spec_perl_TestIndexToParamUntil_t" time="4.48226928710938e-05" />
    <testcase name="Equals (412)" classname="spec_perl_TestIndexToParamUntil_t" time="7.10487365722656e-05">
      <failure message="not ok 6 - Equals" type="TAP::Parser::Result::Test"></failure>
    </testcase>
    <testcase name="Equals (413)" classname="spec_perl_TestIndexToParamUntil_t" time="0.000332117080688477">
      <failure message="not ok 7 - Equals" type="TAP::Parser::Result::Test"></failure>
    </testcase>
  </testsuite>
  <testsuite name="spec_perl_TestNestedTypes2_t" errors="0" failures="0" skipped="0" tests="7" time="0.0276451110839844">
    <system-out>1..7
ok 1 - Equals
ok 2 - Equals
ok 3 - Equals
ok 4 - Equals
ok 5 - Equals
ok 6 - Equals
ok 7 - Equals
</system-out>
    <testcase name="Equals (414)" classname="spec_perl_TestNestedTypes2_t" time="0.0011289119720459" />
    <testcase name="Equals (415)" classname="spec_perl_TestNestedTypes2_t" time="5.38825988769531e-05" />
    <testcase name="Equals (416)" classname="spec_perl_TestNestedTypes2_t" time="4.60147857666016e-05" />
    <testcase name="Equals (417)" classname="spec_perl_TestNestedTypes2_t" time="7.10487365722656e-05" />
    <testcase name="Equals (418)" classname="spec_perl_TestNestedTypes2_t" time="6.103515625e-05" />
    <testcase name="Equals (419)" classname="spec_perl_TestNestedTypes2_t" time="8.89301300048828e-05" />
    <testcase name="Equals (420)" classname="spec_perl_TestNestedTypes2_t" time="5.60283660888672e-05" />
  </testsuite>
  <testsuite name="spec_perl_TestSwitchRepeatExpr_t" errors="0" failures="0" skipped="0" tests="3" time="0.0271000862121582">
    <system-out>1..3
ok 1 - Equals
ok 2 - Equals
ok 3 - Equals
</system-out>
    <testcase name="Equals (421)" classname="spec_perl_TestSwitchRepeatExpr_t" time="0.00130701065063477" />
    <testcase name="Equals (422)" classname="spec_perl_TestSwitchRepeatExpr_t" time="6.19888305664062e-05" />
    <testcase name="Equals (423)" classname="spec_perl_TestSwitchRepeatExpr_t" time="4.60147857666016e-05" />
  </testsuite>
  <testsuite name="spec_perl_TestSwitchManualStr_t" errors="0" failures="0" skipped="0" tests="9" time="0.0309090614318848">
    <system-out>1..9
ok 1 - Equals
ok 2 - Equals
ok 3 - Equals
ok 4 - Equals
ok 5 - Equals
ok 6 - Equals
ok 7 - Equals
ok 8 - Equals
ok 9 - Equals
</system-out>
    <testcase name="Equals (424)" classname="spec_perl_TestSwitchManualStr_t" time="0.00113391876220703" />
    <testcase name="Equals (425)" classname="spec_perl_TestSwitchManualStr_t" time="6.103515625e-05" />
    <testcase name="Equals (426)" classname="spec_perl_TestSwitchManualStr_t" time="4.41074371337891e-05" />
    <testcase name="Equals (427)" classname="spec_perl_TestSwitchManualStr_t" time="3.88622283935547e-05" />
    <testcase name="Equals (428)" classname="spec_perl_TestSwitchManualStr_t" time="7.51018524169922e-05" />
    <testcase name="Equals (429)" classname="spec_perl_TestSwitchManualStr_t" time="6.38961791992188e-05" />
    <testcase name="Equals (430)" classname="spec_perl_TestSwitchManualStr_t" time="6.50882720947266e-05" />
    <testcase name="Equals (431)" classname="spec_perl_TestSwitchManualStr_t" time="6.89029693603516e-05" />
    <testcase name="Equals (432)" classname="spec_perl_TestSwitchManualStr_t" time="6.31809234619141e-05" />
  </testsuite>
  <testsuite name="spec_perl_TestProcessCoerceSwitch_t" errors="0" failures="0" skipped="0" tests="3" time="0.027925968170166">
    <system-out>1..3
ok 1 - Equals
ok 2 - Equals
ok 3 - Equals
</system-out>
    <testcase name="Equals (433)" classname="spec_perl_TestProcessCoerceSwitch_t" time="0.00130391120910645" />
    <testcase name="Equals (434)" classname="spec_perl_TestProcessCoerceSwitch_t" time="5.60283660888672e-05" />
    <testcase name="Equals (435)" classname="spec_perl_TestProcessCoerceSwitch_t" time="4.29153442382812e-05" />
  </testsuite>
  <testsuite name="spec_perl_TestCombineStr_t" errors="0" failures="0" skipped="0" tests="15" time="0.0313448905944824">
    <system-out>1..15
ok 1 - Equals
ok 2 - Equals
ok 3 - Equals
ok 4 - Equals
ok 5 - Equals
ok 6 - Equals
ok 7 - Equals
ok 8 - Equals
ok 9 - Equals
ok 10 - Equals
ok 11 - Equals
ok 12 - Equals
ok 13 - Equals
ok 14 - Equals
ok 15 - Equals
</system-out>
    <testcase name="Equals (436)" classname="spec_perl_TestCombineStr_t" time="0.00104713439941406" />
    <testcase name="Equals (437)" classname="spec_perl_TestCombineStr_t" time="5.50746917724609e-05" />
    <testcase name="Equals (438)" classname="spec_perl_TestCombineStr_t" time="4.29153442382812e-05" />
    <testcase name="Equals (439)" classname="spec_perl_TestCombineStr_t" time="6.79492950439453e-05" />
    <testcase name="Equals (440)" classname="spec_perl_TestCombineStr_t" time="0.000100135803222656" />
    <testcase name="Equals (441)" classname="spec_perl_TestCombineStr_t" time="6.19888305664062e-05" />
    <testcase name="Equals (442)" classname="spec_perl_TestCombineStr_t" time="6.79492950439453e-05" />
    <testcase name="Equals (443)" classname="spec_perl_TestCombineStr_t" time="5.98430633544922e-05" />
    <testcase name="Equals (444)" classname="spec_perl_TestCombineStr_t" time="6.31809234619141e-05" />
    <testcase name="Equals (445)" classname="spec_perl_TestCombineStr_t" time="5.98430633544922e-05" />
    <testcase name="Equals (446)" classname="spec_perl_TestCombineStr_t" time="5.10215759277344e-05" />
    <testcase name="Equals (447)" classname="spec_perl_TestCombineStr_t" time="6.60419464111328e-05" />
    <testcase name="Equals (448)" classname="spec_perl_TestCombineStr_t" time="5.79357147216797e-05" />
    <testcase name="Equals (449)" classname="spec_perl_TestCombineStr_t" time="5.91278076171875e-05" />
    <testcase name="Equals (450)" classname="spec_perl_TestCombineStr_t" time="6.60419464111328e-05" />
  </testsuite>
  <testsuite name="spec_perl_TestSwitchManualInt_t" errors="0" failures="0" skipped="0" tests="9" time="0.0307049751281738">
    <system-out>1..9
ok 1 - Equals
ok 2 - Equals
ok 3 - Equals
ok 4 - Equals
ok 5 - Equals
ok 6 - Equals
ok 7 - Equals
ok 8 - Equals
ok 9 - Equals
</system-out>
    <testcase name="Equals (451)" classname="spec_perl_TestSwitchManualInt_t" time="0.00110292434692383" />
    <testcase name="Equals (452)" classname="spec_perl_TestSwitchManualInt_t" time="5.19752502441406e-05" />
    <testcase name="Equals (453)" classname="spec_perl_TestSwitchManualInt_t" time="4.41074371337891e-05" />
    <testcase name="Equals (454)" classname="spec_perl_TestSwitchManualInt_t" time="3.98159027099609e-05" />
    <testcase name="Equals (455)" classname="spec_perl_TestSwitchManualInt_t" time="7.70092010498047e-05" />
    <testcase name="Equals (456)" classname="spec_perl_TestSwitchManualInt_t" time="6.41345977783203e-05" />
    <testcase name="Equals (457)" classname="spec_perl_TestSwitchManualInt_t" time="4.38690185546875e-05" />
    <testcase name="Equals (458)" classname="spec_perl_TestSwitchManualInt_t" time="7.41481781005859e-05" />
[...]
      <failure message="not ok 3 - test_enum_to_i_class_border_1 died (Can't call method &quot;some_dog&quot; on an undefined value at compiled/perl/EnumToIClassBorder2.pm line 43.)" type="TAP::Parser::Result::Test"></failure>
    </testcase>
  </testsuite>
  <testsuite name="spec_perl_TestExprIoEof_t" errors="0" failures="0" skipped="0" tests="4" time="0.0274989604949951">
    <system-out>1..4
ok 1 - Equals
ok 2 - nil
ok 3 - Equals
ok 4 - Equals
</system-out>
    <testcase name="Equals (964)" classname="spec_perl_TestExprIoEof_t" time="0.00130295753479004" />
    <testcase name="nil (964)" classname="spec_perl_TestExprIoEof_t" time="5.69820404052734e-05" />
    <testcase name="Equals (965)" classname="spec_perl_TestExprIoEof_t" time="3.21865081787109e-05" />
    <testcase name="Equals (966)" classname="spec_perl_TestExprIoEof_t" time="3.79085540771484e-05" />
  </testsuite>
  <testsuite name="spec_perl_TestProcessCoerceBytes_t" errors="0" failures="0" skipped="0" tests="4" time="0.0283970832824707">
    <system-out>1..4
ok 1 - Equals
ok 2 - Equals
ok 3 - Equals
ok 4 - Equals
</system-out>
    <testcase name="Equals (967)" classname="spec_perl_TestProcessCoerceBytes_t" time="0.00109386444091797" />
    <testcase name="Equals (968)" classname="spec_perl_TestProcessCoerceBytes_t" time="5.50746917724609e-05" />
    <testcase name="Equals (969)" classname="spec_perl_TestProcessCoerceBytes_t" time="4.29153442382812e-05" />
    <testcase name="Equals (970)" classname="spec_perl_TestProcessCoerceBytes_t" time="8.91685485839844e-05" />
  </testsuite>
  <testsuite name="spec_perl_TestImportsCastToImported_t" errors="0" failures="1" skipped="0" tests="2" time="0.0278379917144775">
    <system-out>1..2
ok 1 - Equals
not ok 2 - test_imports_cast_to_imported died (Can't call method &quot;one&quot; on an undefined value at compiled/perl/CastToImported.pm line 42.)
</system-out>
    <testcase name="Equals (971)" classname="spec_perl_TestImportsCastToImported_t" time="0.0010380744934082" />
    <testcase name="test_imports_cast_to_imported died (Can't call method &quot;one&quot; on an undefined value at compiled/perl/CastToImported.pm line 42.) (971)" classname="spec_perl_TestImportsCastToImported_t" time="7.48634338378906e-05">
      <failure message="not ok 2 - test_imports_cast_to_imported died (Can't call method &quot;one&quot; on an undefined value at compiled/perl/CastToImported.pm line 42.)" type="TAP::Parser::Result::Test"></failure>
    </testcase>
  </testsuite>
  <testsuite name="spec_perl_TestParamsPassArrayUsertype_t" errors="0" failures="1" skipped="4" tests="5" time="0.0284831523895264">
    <system-out>1..5
not ok 1 - test_params_pass_array_usertype died (Can't use an undefined value as an ARRAY reference at compiled/perl/ParamsPassArrayUsertype.pm line 123.)
ok 2 # skip test_params_pass_array_usertype died
ok 3 # skip test_params_pass_array_usertype died
ok 4 # skip test_params_pass_array_usertype died
ok 5 # skip test_params_pass_array_usertype died
</system-out>
    <testcase name="test_params_pass_array_usertype died (Can't use an undefined value as an ARRAY reference at compiled/perl/ParamsPassArrayUsertype.pm line 123.) (971)" classname="spec_perl_TestParamsPassArrayUsertype_t" time="0.0010530948638916">
      <failure message="not ok 1 - test_params_pass_array_usertype died (Can't use an undefined value as an ARRAY reference at compiled/perl/ParamsPassArrayUsertype.pm line 123.)" type="TAP::Parser::Result::Test"></failure>
    </testcase>
    <testcase name="Unnamed test case 971" classname="spec_perl_TestParamsPassArrayUsertype_t" time="7.70092010498047e-05">
      <skipped message="ok 2 # skip test_params_pass_array_usertype died" />
    </testcase>
    <testcase name="Unnamed test case 972" classname="spec_perl_TestParamsPassArrayUsertype_t" time="5.79357147216797e-05">
      <skipped message="ok 3 # skip test_params_pass_array_usertype died" />
    </testcase>
    <testcase name="Unnamed test case 973" classname="spec_perl_TestParamsPassArrayUsertype_t" time="3.79085540771484e-05">
      <skipped message="ok 4 # skip test_params_pass_array_usertype died" />
    </testcase>
    <testcase name="Unnamed test case 974" classname="spec_perl_TestParamsPassArrayUsertype_t" time="3.19480895996094e-05">
      <skipped message="ok 5 # skip test_params_pass_array_usertype died" />
    </testcase>
  </testsuite>
  <testsuite name="spec_perl_TestBitsShiftByB64Le_t" errors="0" failures="0" skipped="0" tests="2" time="0.0270659923553467">
    <system-out>1..2
ok 1 - Equals
ok 2 - Equals
</system-out>
    <testcase name="Equals (974)" classname="spec_perl_TestBitsShiftByB64Le_t" time="0.00119209289550781" />
    <testcase name="Equals (975)" classname="spec_perl_TestBitsShiftByB64Le_t" time="9.89437103271484e-05" />
  </testsuite>
  <testsuite name="spec_perl_TestSwitchManualIntElse_t" errors="0" failures="0" skipped="0" tests="9" time="0.0313689708709717">
    <system-out>1..9
ok 1 - Equals
ok 2 - Equals
ok 3 - Equals
ok 4 - Equals
ok 5 - Equals
ok 6 - Equals
ok 7 - Equals
ok 8 - Equals
ok 9 - Equals
</system-out>
    <testcase name="Equals (976)" classname="spec_perl_TestSwitchManualIntElse_t" time="0.0012052059173584" />
    <testcase name="Equals (977)" classname="spec_perl_TestSwitchManualIntElse_t" time="0.00013279914855957" />
    <testcase name="Equals (978)" classname="spec_perl_TestSwitchManualIntElse_t" time="8.0108642578125e-05" />
    <testcase name="Equals (979)" classname="spec_perl_TestSwitchManualIntElse_t" time="7.29560852050781e-05" />
    <testcase name="Equals (980)" classname="spec_perl_TestSwitchManualIntElse_t" time="0.000118017196655273" />
    <testcase name="Equals (981)" classname="spec_perl_TestSwitchManualIntElse_t" time="0.00011897087097168" />
    <testcase name="Equals (982)" classname="spec_perl_TestSwitchManualIntElse_t" time="0.000119924545288086" />
    <testcase name="Equals (983)" classname="spec_perl_TestSwitchManualIntElse_t" time="0.000118017196655273" />
    <testcase name="Equals (984)" classname="spec_perl_TestSwitchManualIntElse_t" time="0.000113010406494141" />
  </testsuite>
  <testsuite name="spec_perl_TestImportsAbs_t" errors="0" failures="0" skipped="0" tests="2" time="0.0275840759277344">
    <system-out>1..2
ok 1 - Equals
ok 2 - Equals
</system-out>
    <testcase name="Equals (985)" classname="spec_perl_TestImportsAbs_t" time="0.00104999542236328" />
    <testcase name="Equals (986)" classname="spec_perl_TestImportsAbs_t" time="6.19888305664062e-05" />
  </testsuite>
  <testsuite name="spec_perl_TestExprSizeofValueSized_t" errors="0" failures="0" skipped="0" tests="5" time="0.0278971195220947">
    <system-out>1..5
ok 1 - Equals
ok 2 - Equals
ok 3 - Equals
ok 4 - Equals
ok 5 - Equals
</system-out>
    <testcase name="Equals (987)" classname="spec_perl_TestExprSizeofValueSized_t" time="0.00126886367797852" />
    <testcase name="Equals (988)" classname="spec_perl_TestExprSizeofValueSized_t" time="6.19888305664062e-05" />
    <testcase name="Equals (989)" classname="spec_perl_TestExprSizeofValueSized_t" time="4.1961669921875e-05" />
    <testcase name="Equals (990)" classname="spec_perl_TestExprSizeofValueSized_t" time="7.82012939453125e-05" />
    <testcase name="Equals (991)" classname="spec_perl_TestExprSizeofValueSized_t" time="8.20159912109375e-05" />
  </testsuite>
  <testsuite name="spec_perl_TestRecursiveOne_t" errors="0" failures="0" skipped="0" tests="4" time="0.0272650718688965">
    <system-out>1..4
ok 1 - Equals
ok 2 - Equals
ok 3 - Equals
ok 4 - Equals
</system-out>
    <testcase name="Equals (992)" classname="spec_perl_TestRecursiveOne_t" time="0.00104498863220215" />
    <testcase name="Equals (993)" classname="spec_perl_TestRecursiveOne_t" time="5.31673431396484e-05" />
    <testcase name="Equals (994)" classname="spec_perl_TestRecursiveOne_t" time="4.1961669921875e-05" />
    <testcase name="Equals (995)" classname="spec_perl_TestRecursiveOne_t" time="7.00950622558594e-05" />
  </testsuite>
  <testsuite name="spec_perl_TestNavParentVsValueInst_t" errors="0" failures="0" skipped="0" tests="1" time="0.0308768749237061">
    <system-out>1..1
ok 1 - Equals
</system-out>
    <testcase name="Equals (996)" classname="spec_perl_TestNavParentVsValueInst_t" time="0.00104808807373047" />
  </testsuite>
  <testsuite name="spec_perl_TestRepeatNStrz_t" errors="0" failures="0" skipped="0" tests="2" time="0.0304021835327148">
    <system-out>1..2
ok 1 - Equals
ok 2 - Equals
</system-out>
    <testcase name="Equals (997)" classname="spec_perl_TestRepeatNStrz_t" time="0.00114107131958008" />
    <testcase name="Equals (998)" classname="spec_perl_TestRepeatNStrz_t" time="7.70092010498047e-05" />
  </testsuite>
  <testsuite name="spec_perl_TestEosExceptionSized_t" errors="0" failures="0" skipped="0" tests="1" time="0.0293910503387451">
    <system-out>1..1
ok 1 - threw /^Requested \d+ bytes, but only \d+ bytes available/
</system-out>
    <testcase name="threw /^Requested \d+ bytes, but only \d+ bytes available/ (998)" classname="spec_perl_TestEosExceptionSized_t" time="0.00131607055664062" />
  </testsuite>
  <testsuite name="spec_perl_TestSwitchManualIntSize_t" errors="0" failures="0" skipped="0" tests="10" time="0.0319008827209473">
    <system-out>1..10
ok 1 - Equals
ok 2 - Equals
ok 3 - Equals
ok 4 - Equals
ok 5 - Equals
ok 6 - Equals
ok 7 - Equals
ok 8 - Equals
ok 9 - Equals
ok 10 - Equals
</system-out>
    <testcase name="Equals (999)" classname="spec_perl_TestSwitchManualIntSize_t" time="0.00152397155761719" />
    <testcase name="Equals (1000)" classname="spec_perl_TestSwitchManualIntSize_t" time="7.41481781005859e-05" />
    <testcase name="Equals (1001)" classname="spec_perl_TestSwitchManualIntSize_t" time="4.60147857666016e-05" />
    <testcase name="Equals (1002)" classname="spec_perl_TestSwitchManualIntSize_t" time="3.98159027099609e-05" />
    <testcase name="Equals (1003)" classname="spec_perl_TestSwitchManualIntSize_t" time="4.60147857666016e-05" />
    <testcase name="Equals (1004)" classname="spec_perl_TestSwitchManualIntSize_t" time="0.000117063522338867" />
    <testcase name="Equals (1005)" classname="spec_perl_TestSwitchManualIntSize_t" time="6.89029693603516e-05" />
    <testcase name="Equals (1006)" classname="spec_perl_TestSwitchManualIntSize_t" time="6.41345977783203e-05" />
    <testcase name="Equals (1007)" classname="spec_perl_TestSwitchManualIntSize_t" time="6.29425048828125e-05" />
    <testcase name="Equals (1008)" classname="spec_perl_TestSwitchManualIntSize_t" time="6.41345977783203e-05" />
  </testsuite>
  <testsuite name="spec_perl_TestSwitchElseOnly_t" errors="0" failures="0" skipped="0" tests="3" time="0.0267250537872314">
    <system-out>1..3
ok 1 - Equals
ok 2 - Equals
ok 3 - Equals
</system-out>
    <testcase name="Equals (1009)" classname="spec_perl_TestSwitchElseOnly_t" time="0.00101995468139648" />
    <testcase name="Equals (1010)" classname="spec_perl_TestSwitchElseOnly_t" time="5.69820404052734e-05" />
    <testcase name="Equals (1011)" classname="spec_perl_TestSwitchElseOnly_t" time="6.69956207275391e-05" />
  </testsuite>
  <testsuite name="spec_perl_TestExprBytesNonLiteral_t" errors="0" failures="0" skipped="0" tests="3" time="0.0265510082244873">
    <system-out>1..3
ok 1 - Equals
ok 2 - Equals
ok 3 - Equals
</system-out>
    <testcase name="Equals (1012)" classname="spec_perl_TestExprBytesNonLiteral_t" time="0.00106716156005859" />
    <testcase name="Equals (1013)" classname="spec_perl_TestExprBytesNonLiteral_t" time="5.38825988769531e-05" />
    <testcase name="Equals (1014)" classname="spec_perl_TestExprBytesNonLiteral_t" time="4.41074371337891e-05" />
  </testsuite>
  <testsuite name="spec_perl_TestBcdUserTypeLe_t" errors="0" failures="0" skipped="0" tests="6" time="0.0332040786743164">
    <system-out>1..6
ok 1 - Equals
ok 2 - Equals
ok 3 - Equals
ok 4 - Equals
ok 5 - Equals
ok 6 - Equals
</system-out>
    <testcase name="Equals (1015)" classname="spec_perl_TestBcdUserTypeLe_t" time="0.00217103958129883" />
    <testcase name="Equals (1016)" classname="spec_perl_TestBcdUserTypeLe_t" time="9.89437103271484e-05" />
    <testcase name="Equals (1017)" classname="spec_perl_TestBcdUserTypeLe_t" time="0.000149965286254883" />
    <testcase name="Equals (1018)" classname="spec_perl_TestBcdUserTypeLe_t" time="0.000133037567138672" />
    <testcase name="Equals (1019)" classname="spec_perl_TestBcdUserTypeLe_t" time="0.000133037567138672" />
    <testcase name="Equals (1020)" classname="spec_perl_TestBcdUserTypeLe_t" time="0.000134944915771484" />
  </testsuite>
  <testsuite name="spec_perl_TestParamsPassArrayStruct_t" errors="0" failures="1" skipped="2" tests="3" time="0.0280981063842773">
    <system-out>1..3
not ok 1 - test_params_pass_array_struct died (Can't use an undefined value as an ARRAY reference at spec/perl/TestParamsPassArrayStruct.t line 14.)
ok 2 # skip test_params_pass_array_struct died
ok 3 # skip test_params_pass_array_struct died
</system-out>
    <testcase name="test_params_pass_array_struct died (Can't use an undefined value as an ARRAY reference at spec/perl/TestParamsPassArrayStruct.t line 14.) (1020)" classname="spec_perl_TestParamsPassArrayStruct_t" time="0.00107884407043457">
      <failure message="not ok 1 - test_params_pass_array_struct died (Can't use an undefined value as an ARRAY reference at spec/perl/TestParamsPassArrayStruct.t line 14.)" type="TAP::Parser::Result::Test"></failure>
    </testcase>
    <testcase name="Unnamed test case 1020" classname="spec_perl_TestParamsPassArrayStruct_t" time="9.20295715332031e-05">
      <skipped message="ok 2 # skip test_params_pass_array_struct died" />
    </testcase>
    <testcase name="Unnamed test case 1021" classname="spec_perl_TestParamsPassArrayStruct_t" time="4.50611114501953e-05">
      <skipped message="ok 3 # skip test_params_pass_array_struct died" />
    </testcase>
  </testsuite>
  <testsuite name="spec_perl_TestStrEos_t" errors="0" failures="0" skipped="0" tests="1" time="0.0305709838867188">
    <system-out>1..1
ok 1 - Equals
</system-out>
    <testcase name="Equals (1021)" classname="spec_perl_TestStrEos_t" time="0.00115394592285156" />
  </testsuite>
  <testsuite name="spec_perl_TestBitsSignedResB32Be_t" errors="0" failures="0" skipped="0" tests="1" time="0.0265741348266602">
    <system-out>1..1
ok 1 - Equals
</system-out>
    <testcase name="Equals (1022)" classname="spec_perl_TestBitsSignedResB32Be_t" time="0.00107884407043457" />
  </testsuite>
  <testsuite name="spec_perl_TestEnumFancy_t" errors="0" failures="0" skipped="0" tests="2" time="0.0266637802124023">
    <system-out>1..2
ok 1 - Equals
ok 2 - Equals
</system-out>
    <testcase name="Equals (1023)" classname="spec_perl_TestEnumFancy_t" time="0.00112700462341309" />
    <testcase name="Equals (1024)" classname="spec_perl_TestEnumFancy_t" time="0.000113010406494141" />
  </testsuite>
  <testsuite name="spec_perl_TestUserType_t" errors="0" failures="0" skipped="0" tests="2" time="0.02652907371521">
    <system-out>1..2
ok 1 - Equals
ok 2 - Equals
</system-out>
    <testcase name="Equals (1025)" classname="spec_perl_TestUserType_t" time="0.00108790397644043" />
    <testcase name="Equals (1026)" classname="spec_perl_TestUserType_t" time="5.91278076171875e-05" />
  </testsuite>
  <testsuite name="spec_perl_TestIndexToParamExpr_t" errors="0" failures="2" skipped="0" tests="7" time="0.0316259860992432">
    <system-out>1..7
ok 1 - Equals
ok 2 - Equals
ok 3 - Equals
ok 4 - Equals
ok 5 - Equals
not ok 6 - Equals
not ok 7 - Equals
</system-out>
    <testcase name="Equals (1027)" classname="spec_perl_TestIndexToParamExpr_t" time="0.00140595436096191" />
    <testcase name="Equals (1028)" classname="spec_perl_TestIndexToParamExpr_t" time="7.70092010498047e-05" />
    <testcase name="Equals (1029)" classname="spec_perl_TestIndexToParamExpr_t" time="3.79085540771484e-05" />
    <testcase name="Equals (1030)" classname="spec_perl_TestIndexToParamExpr_t" time="4.31537628173828e-05" />
    <testcase name="Equals (1031)" classname="spec_perl_TestIndexToParamExpr_t" time="8.98838043212891e-05" />
    <testcase name="Equals (1032)" classname="spec_perl_TestIndexToParamExpr_t" time="5.69820404052734e-05">
      <failure message="not ok 6 - Equals" type="TAP::Parser::Result::Test"></failure>
    </testcase>
    <testcase name="Equals (1033)" classname="spec_perl_TestIndexToParamExpr_t" time="0.000329971313476562">
      <failure message="not ok 7 - Equals" type="TAP::Parser::Result::Test"></failure>
    </testcase>
  </testsuite>
  <testsuite name="spec_perl_TestNavRootRecursive_t" errors="0" failures="0" skipped="0" tests="4" time="0.0277600288391113">
    <system-out>1..4
ok 1 - Equals
ok 2 - Equals
ok 3 - Equals
ok 4 - nil
</system-out>
    <testcase name="Equals (1034)" classname="spec_perl_TestNavRootRecursive_t" time="0.00108599662780762" />
    <testcase name="Equals (1035)" classname="spec_perl_TestNavRootRecursive_t" time="5.69820404052734e-05" />
    <testcase name="Equals (1036)" classname="spec_perl_TestNavRootRecursive_t" time="6.89029693603516e-05" />
    <testcase name="nil (1036)" classname="spec_perl_TestNavRootRecursive_t" time="4.60147857666016e-05" />
  </testsuite>
  <testsuite name="spec_perl_TestEnumNegative_t" errors="0" failures="0" skipped="0" tests="2" time="0.0263941287994385">
    <system-out>1..2
ok 1 - Equals
ok 2 - Equals
</system-out>
    <testcase name="Equals (1037)" classname="spec_perl_TestEnumNegative_t" time="0.000997066497802734" />
    <testcase name="Equals (1038)" classname="spec_perl_TestEnumNegative_t" time="5.48362731933594e-05" />
  </testsuite>
  <testsuite name="spec_perl_TestStrLiterals_t" errors="0" failures="0" skipped="0" tests="5" time="0.0269730091094971">
    <system-out>1..5
ok 1 - Equals
ok 2 - Equals
ok 3 - Equals
ok 4 - Equals
ok 5 - Equals
</system-out>
    <testcase name="Equals (1039)" classname="spec_perl_TestStrLiterals_t" time="0.00104784965515137" />
    <testcase name="Equals (1040)" classname="spec_perl_TestStrLiterals_t" time="6.41345977783203e-05" />
    <testcase name="Equals (1041)" classname="spec_perl_TestStrLiterals_t" time="5.10215759277344e-05" />
    <testcase name="Equals (1042)" classname="spec_perl_TestStrLiterals_t" time="4.38690185546875e-05" />
    <testcase name="Equals (1043)" classname="spec_perl_TestStrLiterals_t" time="3.79085540771484e-05" />
  </testsuite>
  <testsuite name="spec_perl_TestTermStrz_t" errors="0" failures="0" skipped="0" tests="3" time="0.0299811363220215">
    <system-out>1..3
ok 1 - Equals
ok 2 - Equals
ok 3 - Equals
</system-out>
    <testcase name="Equals (1044)" classname="spec_perl_TestTermStrz_t" time="0.00110793113708496" />
    <testcase name="Equals (1045)" classname="spec_perl_TestTermStrz_t" time="6.69956207275391e-05" />
    <testcase name="Equals (1046)" classname="spec_perl_TestTermStrz_t" time="3.69548797607422e-05" />
  </testsuite>
  <testsuite name="spec_perl_TestImportsAbsRel_t" errors="0" failures="0" skipped="0" tests="3" time="0.0272119045257568">
    <system-out>1..3
ok 1 - Equals
ok 2 - Equals
ok 3 - Equals
</system-out>
    <testcase name="Equals (1047)" classname="spec_perl_TestImportsAbsRel_t" time="0.00119590759277344" />
    <testcase name="Equals (1048)" classname="spec_perl_TestImportsAbsRel_t" time="7.10487365722656e-05" />
    <testcase name="Equals (1049)" classname="spec_perl_TestImportsAbsRel_t" time="4.48226928710938e-05" />
  </testsuite>
  <testsuite name="spec_perl_TestToStringCustom_t" errors="0" failures="0" skipped="0" tests="1" time="0.0303740501403809">
    <system-out>1..1
ok 1 - Equals
</system-out>
    <testcase name="Equals (1050)" classname="spec_perl_TestToStringCustom_t" time="0.000208854675292969" />
  </testsuite>
</testsuites>
