<?xml version='1.0' encoding='utf-8'?>
<testsuites>
  <testsuite name="spec_perl_TestEosExceptionU4_t" errors="0" failures="0" skipped="0" tests="1" time="0.0433788299560547">
    <system-out>1..1
ok 1 - Died
</system-out>
    <testcase name="Died" classname="spec_perl_TestEosExceptionU4_t" time="0.000416994094848633" />
  </testsuite>
  <testsuite name="spec_perl_TestUserType_t" errors="0" failures="0" skipped="0" tests="2" time="0.0431809425354004">
    <system-out>1..2
ok 1 - Equals
ok 2 - Equals
</system-out>
    <testcase name="Equals" classname="spec_perl_TestUserType_t" time="0.000268936157226562" />
    <testcase name="Equals (2)" classname="spec_perl_TestUserType_t" time="0.000130891799926758" />
  </testsuite>
  <testsuite name="spec_perl_TestInstanceStdArray_t" errors="0" failures="0" skipped="0" tests="7" time="0.0436961650848389">
    <system-out>1..7
ok 1 - Equals
ok 2 - Equals
ok 3 - Equals
ok 4 - Equals
ok 5 - Equals
ok 6 - Equals
ok 7 - Equals
</system-out>
    <testcase name="Equals (3)" classname="spec_perl_TestInstanceStdArray_t" time="0.000247001647949219" />
    <testcase name="Equals (4)" classname="spec_perl_TestInstanceStdArray_t" time="8.98838043212891e-05" />
    <testcase name="Equals (5)" classname="spec_perl_TestInstanceStdArray_t" time="0.000177145004272461" />
    <testcase name="Equals (6)" classname="spec_perl_TestInstanceStdArray_t" time="0.000163078308105469" />
    <testcase name="Equals (7)" classname="spec_perl_TestInstanceStdArray_t" time="0.000116825103759766" />
    <testcase name="Equals (8)" classname="spec_perl_TestInstanceStdArray_t" time="0.000158071517944336" />
    <testcase name="Equals (9)" classname="spec_perl_TestInstanceStdArray_t" time="0.000119924545288086" />
  </testsuite>
  <testsuite name="spec_perl_TestMetaXref_t" errors="0" failures="0" skipped="1" tests="1" time="0.0428218841552734">
    <system-out>1..1
ok 1 # skip MetaXref=HASH(0x1f89b50)
</system-out>
    <testcase name="Unnamed test case 9" classname="spec_perl_TestMetaXref_t" time="0.00117993354797363">
      <skipped message="ok 1 # skip MetaXref=HASH(0x1f89b50)" />
    </testcase>
  </testsuite>
  <testsuite name="spec_perl_TestRepeatNStruct_t" errors="0" failures="0" skipped="0" tests="5" time="0.0412149429321289">
    <system-out>1..5
ok 1 - Equals
ok 2 - Equals
ok 3 - Equals
ok 4 - Equals
ok 5 - Equals
</system-out>
    <testcase name="Equals (10)" classname="spec_perl_TestRepeatNStruct_t" time="0.000278234481811523" />
    <testcase name="Equals (11)" classname="spec_perl_TestRepeatNStruct_t" time="8.58306884765625e-05" />
    <testcase name="Equals (12)" classname="spec_perl_TestRepeatNStruct_t" time="0.000154018402099609" />
    <testcase name="Equals (13)" classname="spec_perl_TestRepeatNStruct_t" time="0.000141143798828125" />
    <testcase name="Equals (14)" classname="spec_perl_TestRepeatNStruct_t" time="0.000174999237060547" />
  </testsuite>
  <testsuite name="spec_perl_TestDefaultEndianMod_t" errors="0" failures="0" skipped="0" tests="3" time="0.0421309471130371">
    <system-out>1..3
ok 1 - Equals
ok 2 - Equals
ok 3 - Equals
</system-out>
    <testcase name="Equals (15)" classname="spec_perl_TestDefaultEndianMod_t" time="0.000266075134277344" />
    <testcase name="Equals (16)" classname="spec_perl_TestDefaultEndianMod_t" time="9.20295715332031e-05" />
    <testcase name="Equals (17)" classname="spec_perl_TestDefaultEndianMod_t" time="0.000169038772583008" />
  </testsuite>
  <testsuite name="spec_perl_TestRepeatEosBit_t" errors="0" failures="1" skipped="0" tests="1" time="0.0445950031280518">
    <system-out>1..1
not ok 1 - Equals
</system-out>
    <testcase name="Equals (18)" classname="spec_perl_TestRepeatEosBit_t" time="0.000319957733154297">
      <failure message="not ok 1 - Equals" type="TAP::Parser::Result::Test"></failure>
    </testcase>
  </testsuite>
  <testsuite name="spec_perl_TestMetaTags_t" errors="0" failures="0" skipped="1" tests="1" time="0.0434021949768066">
    <system-out>1..1
ok 1 # skip MetaTags=HASH(0x104ed70)
</system-out>
    <testcase name="Unnamed test case 18" classname="spec_perl_TestMetaTags_t" time="0.00123691558837891">
      <skipped message="ok 1 # skip MetaTags=HASH(0x104ed70)" />
    </testcase>
  </testsuite>
  <testsuite name="spec_perl_TestStrLiterals2_t" errors="0" failures="0" skipped="0" tests="4" time="0.044227123260498">
    <system-out>1..4
ok 1 - Equals
ok 2 - Equals
ok 3 - Equals
ok 4 - Equals
</system-out>
    <testcase name="Equals (19)" classname="spec_perl_TestStrLiterals2_t" time="0.000303983688354492" />
    <testcase name="Equals (20)" classname="spec_perl_TestStrLiterals2_t" time="8.392333984375e-05" />
    <testcase name="Equals (21)" classname="spec_perl_TestStrLiterals2_t" time="0.000175952911376953" />
    <testcase name="Equals (22)" classname="spec_perl_TestStrLiterals2_t" time="0.000123023986816406" />
  </testsuite>
  <testsuite name="spec_perl_TestNavParentSwitch_t" errors="0" failures="0" skipped="0" tests="3" time="0.0407428741455078">
    <system-out>1..3
ok 1 - Equals
ok 2 - Equals
ok 3 - Equals
</system-out>
    <testcase name="Equals (23)" classname="spec_perl_TestNavParentSwitch_t" time="0.000282049179077148" />
    <testcase name="Equals (24)" classname="spec_perl_TestNavParentSwitch_t" time="7.79628753662109e-05" />
    <testcase name="Equals (25)" classname="spec_perl_TestNavParentSwitch_t" time="0.000165939331054688" />
  </testsuite>
  <testsuite name="spec_perl_TestNonStandard_t" errors="0" failures="0" skipped="0" tests="1" time="0.0425059795379639">
    <system-out>1..1
ok 1 - Equals
</system-out>
    <testcase name="Equals (26)" classname="spec_perl_TestNonStandard_t" time="0.000243902206420898" />
  </testsuite>
  <testsuite name="spec_perl_TestProcessCustom_t" errors="1" failures="0" skipped="0" tests="0" time="0.0464391708374023">
    <system-out></system-out>
    <testcase name="Test died too soon, even before plan. (26)" classname="spec_perl_TestProcessCustom_t" time="0.0464391708374023">
      <failure message="The test suite died before a plan was produced. You need to have a plan." type="Plan">No plan</failure>
    </testcase>
  </testsuite>
  <testsuite name="spec_perl_TestDefaultEndianExprException_t" errors="0" failures="0" skipped="0" tests="1" time="0.0445621013641357">
    <system-out>1..1
ok 1 - Died
</system-out>
    <testcase name="Died (26)" classname="spec_perl_TestDefaultEndianExprException_t" time="0.00024104118347168" />
  </testsuite>
  <testsuite name="spec_perl_TestEosExceptionBytes_t" errors="0" failures="0" skipped="0" tests="1" time="0.0432379245758057">
    <system-out>1..1
ok 1 - Died
</system-out>
    <testcase name="Died (27)" classname="spec_perl_TestEosExceptionBytes_t" time="0.000437021255493164" />
  </testsuite>
  <testsuite name="spec_perl_TestTypeIntUnaryOp_t" errors="0" failures="0" skipped="0" tests="4" time="0.0435969829559326">
    <system-out>1..4
ok 1 - Equals
ok 2 - Equals
ok 3 - Equals
ok 4 - Equals
</system-out>
    <testcase name="Equals (27)" classname="spec_perl_TestTypeIntUnaryOp_t" time="0.000252962112426758" />
    <testcase name="Equals (28)" classname="spec_perl_TestTypeIntUnaryOp_t" time="7.79628753662109e-05" />
    <testcase name="Equals (29)" classname="spec_perl_TestTypeIntUnaryOp_t" time="0.000155925750732422" />
    <testcase name="Equals (30)" classname="spec_perl_TestTypeIntUnaryOp_t" time="0.000138044357299805" />
  </testsuite>
  <testsuite name="spec_perl_TestNavParent2_t" errors="0" failures="0" skipped="0" tests="10" time="0.0450289249420166">
    <system-out>1..10
ok 1 - Equals
ok 2 - Equals
ok 3 - Equals
ok 4 - Equals
ok 5 - Equals
ok 6 - Equals
ok 7 - Equals
ok 8 - Equals
ok 9 - Equals
ok 10 - Equals
</system-out>
    <testcase name="Equals (31)" classname="spec_perl_TestNavParent2_t" time="0.000268936157226562" />
    <testcase name="Equals (32)" classname="spec_perl_TestNavParent2_t" time="7.10487365722656e-05" />
    <testcase name="Equals (33)" classname="spec_perl_TestNavParent2_t" time="0.000156879425048828" />
    <testcase name="Equals (34)" classname="spec_perl_TestNavParent2_t" time="0.000179052352905273" />
    <testcase name="Equals (35)" classname="spec_perl_TestNavParent2_t" time="8.51154327392578e-05" />
    <testcase name="Equals (36)" classname="spec_perl_TestNavParent2_t" time="0.000214815139770508" />
    <testcase name="Equals (37)" classname="spec_perl_TestNavParent2_t" time="9.29832458496094e-05" />
    <testcase name="Equals (38)" classname="spec_perl_TestNavParent2_t" time="0.000174045562744141" />
    <testcase name="Equals (39)" classname="spec_perl_TestNavParent2_t" time="0.000102043151855469" />
    <testcase name="Equals (40)" classname="spec_perl_TestNavParent2_t" time="0.000195026397705078" />
  </testsuite>
  <testsuite name="spec_perl_TestExprEnum_t" errors="0" failures="0" skipped="0" tests="3" time="0.0432560443878174">
    <system-out>1..3
ok 1 - Equals
ok 2 - Equals
ok 3 - Equals
</system-out>
    <testcase name="Equals (41)" classname="spec_perl_TestExprEnum_t" time="0.000262022018432617" />
    <testcase name="Equals (42)" classname="spec_perl_TestExprEnum_t" time="0.000106096267700195" />
    <testcase name="Equals (43)" classname="spec_perl_TestExprEnum_t" time="0.000165939331054688" />
  </testsuite>
  <testsuite name="spec_perl_TestRepeatUntilComplex_t" errors="0" failures="0" skipped="0" tests="17" time="0.0446689128875732">
    <system-out>1..17
ok 1 - Equals
ok 2 - Equals
ok 3 - Equals
ok 4 - Equals
ok 5 - Equals
ok 6 - Equals
ok 7 - Equals
ok 8 - Equals
ok 9 - Equals
ok 10 - Equals
ok 11 - Equals
ok 12 - Equals
ok 13 - Equals
ok 14 - Equals
ok 15 - Equals
ok 16 - Equals
ok 17 - Equals
</system-out>
    <testcase name="Equals (44)" classname="spec_perl_TestRepeatUntilComplex_t" time="0.000334978103637695" />
    <testcase name="Equals (45)" classname="spec_perl_TestRepeatUntilComplex_t" time="8.08238983154297e-05" />
    <testcase name="Equals (46)" classname="spec_perl_TestRepeatUntilComplex_t" time="0.000181198120117188" />
    <testcase name="Equals (47)" classname="spec_perl_TestRepeatUntilComplex_t" time="8.58306884765625e-05" />
    <testcase name="Equals (48)" classname="spec_perl_TestRepeatUntilComplex_t" time="0.000164031982421875" />
    <testcase name="Equals (49)" classname="spec_perl_TestRepeatUntilComplex_t" time="0.000100135803222656" />
    <testcase name="Equals (50)" classname="spec_perl_TestRepeatUntilComplex_t" time="8.58306884765625e-05" />
    <testcase name="Equals (51)" classname="spec_perl_TestRepeatUntilComplex_t" time="0.00017094612121582" />
    <testcase name="Equals (52)" classname="spec_perl_TestRepeatUntilComplex_t" time="0.000107049942016602" />
    <testcase name="Equals (53)" classname="spec_perl_TestRepeatUntilComplex_t" time="0.000169992446899414" />
    <testcase name="Equals (54)" classname="spec_perl_TestRepeatUntilComplex_t" time="0.000111103057861328" />
    <testcase name="Equals (55)" classname="spec_perl_TestRepeatUntilComplex_t" time="0.000124931335449219" />
    <testcase name="Equals (56)" classname="spec_perl_TestRepeatUntilComplex_t" time="0.000174045562744141" />
    <testcase name="Equals (57)" classname="spec_perl_TestRepeatUntilComplex_t" time="0.000101089477539062" />
    <testcase name="Equals (58)" classname="spec_perl_TestRepeatUntilComplex_t" time="0.000169992446899414" />
    <testcase name="Equals (59)" classname="spec_perl_TestRepeatUntilComplex_t" time="6.69956207275391e-05" />
    <testcase name="Equals (60)" classname="spec_perl_TestRepeatUntilComplex_t" time="0.0001678466796875" />
  </testsuite>
  <testsuite name="spec_perl_TestValidSwitch_t" errors="1" failures="0" skipped="0" tests="0" time="0.0407159328460693">
    <system-out></system-out>
    <testcase name="Test died too soon, even before plan. (60)" classname="spec_perl_TestValidSwitch_t" time="0.0407159328460693">
      <failure message="The test suite died before a plan was produced. You need to have a plan." type="Plan">No plan</failure>
    </testcase>
  </testsuite>
  <testsuite name="spec_perl_TestEnumOfValueInst_t" errors="0" failures="0" skipped="0" tests="4" time="0.0432758331298828">
    <system-out>1..4
ok 1 - Equals
ok 2 - Equals
ok 3 - Equals
ok 4 - Equals
</system-out>
    <testcase name="Equals (61)" classname="spec_perl_TestEnumOfValueInst_t" time="0.000235080718994141" />
    <testcase name="Equals (62)" classname="spec_perl_TestEnumOfValueInst_t" time="8.79764556884766e-05" />
    <testcase name="Equals (63)" classname="spec_perl_TestEnumOfValueInst_t" time="0.000175952911376953" />
    <testcase name="Equals (64)" classname="spec_perl_TestEnumOfValueInst_t" time="0.000102043151855469" />
  </testsuite>
  <testsuite name="spec_perl_TestTermStrz_t" errors="0" failures="0" skipped="0" tests="3" time="0.0462498664855957">
    <system-out>1..3
ok 1 - Equals
ok 2 - Equals
ok 3 - Equals
</system-out>
    <testcase name="Equals (65)" classname="spec_perl_TestTermStrz_t" time="0.000334024429321289" />
    <testcase name="Equals (66)" classname="spec_perl_TestTermStrz_t" time="7.58171081542969e-05" />
    <testcase name="Equals (67)" classname="spec_perl_TestTermStrz_t" time="0.000178098678588867" />
  </testsuite>
  <testsuite name="spec_perl_TestSwitchManualStr_t" errors="0" failures="0" skipped="0" tests="9" time="0.0474908351898193">
    <system-out>1..9
ok 1 - Equals
ok 2 - Equals
ok 3 - Equals
ok 4 - Equals
ok 5 - Equals
ok 6 - Equals
ok 7 - Equals
ok 8 - Equals
ok 9 - Equals
</system-out>
    <testcase name="Equals (68)" classname="spec_perl_TestSwitchManualStr_t" time="0.00036311149597168" />
    <testcase name="Equals (69)" classname="spec_perl_TestSwitchManualStr_t" time="7.70092010498047e-05" />
    <testcase name="Equals (70)" classname="spec_perl_TestSwitchManualStr_t" time="0.000177860260009766" />
    <testcase name="Equals (71)" classname="spec_perl_TestSwitchManualStr_t" time="0.00014495849609375" />
    <testcase name="Equals (72)" classname="spec_perl_TestSwitchManualStr_t" time="0.000162124633789062" />
    <testcase name="Equals (73)" classname="spec_perl_TestSwitchManualStr_t" time="0.000124931335449219" />
    <testcase name="Equals (74)" classname="spec_perl_TestSwitchManualStr_t" time="0.000174045562744141" />
    <testcase name="Equals (75)" classname="spec_perl_TestSwitchManualStr_t" time="0.000112056732177734" />
    <testcase name="Equals (76)" classname="spec_perl_TestSwitchManualStr_t" time="0.000181913375854492" />
  </testsuite>
  <testsuite name="spec_perl_TestExprStrOps_t" errors="1" failures="0" skipped="0" tests="0" time="0.0408539772033691">
    <system-out></system-out>
    <testcase name="Test died too soon, even before plan. (76)" classname="spec_perl_TestExprStrOps_t" time="0.0408539772033691">
      <failure message="The test suite died before a plan was produced. You need to have a plan." type="Plan">No plan</failure>
    </testcase>
  </testsuite>
  <testsuite name="spec_perl_TestSwitchManualIntElse_t" errors="0" failures="0" skipped="0" tests="9" time="0.0484797954559326">
    <system-out>1..9
ok 1 - Equals
ok 2 - Equals
ok 3 - Equals
ok 4 - Equals
ok 5 - Equals
ok 6 - Equals
ok 7 - Equals
ok 8 - Equals
ok 9 - Equals
</system-out>
    <testcase name="Equals (77)" classname="spec_perl_TestSwitchManualIntElse_t" time="0.000524997711181641" />
    <testcase name="Equals (78)" classname="spec_perl_TestSwitchManualIntElse_t" time="0.000229120254516602" />
    <testcase name="Equals (79)" classname="spec_perl_TestSwitchManualIntElse_t" time="7.29560852050781e-05" />
    <testcase name="Equals (80)" classname="spec_perl_TestSwitchManualIntElse_t" time="0.00018000602722168" />
    <testcase name="Equals (81)" classname="spec_perl_TestSwitchManualIntElse_t" time="9.70363616943359e-05" />
    <testcase name="Equals (82)" classname="spec_perl_TestSwitchManualIntElse_t" time="0.000169038772583008" />
    <testcase name="Equals (83)" classname="spec_perl_TestSwitchManualIntElse_t" time="0.00011897087097168" />
    <testcase name="Equals (84)" classname="spec_perl_TestSwitchManualIntElse_t" time="0.000163078308105469" />
    <testcase name="Equals (85)" classname="spec_perl_TestSwitchManualIntElse_t" time="0.00011897087097168" />
  </testsuite>
  <testsuite name="spec_perl_TestRepeatNStrzDouble_t" errors="0" failures="0" skipped="0" tests="3" time="0.0464589595794678">
    <system-out>1..3
ok 1 - Equals
ok 2 - Equals
ok 3 - Equals
</system-out>
    <testcase name="Equals (86)" classname="spec_perl_TestRepeatNStrzDouble_t" time="0.000340938568115234" />
    <testcase name="Equals (87)" classname="spec_perl_TestRepeatNStrzDouble_t" time="8.20159912109375e-05" />
    <testcase name="Equals (88)" classname="spec_perl_TestRepeatNStrzDouble_t" time="8.392333984375e-05" />
  </testsuite>
  <testsuite name="spec_perl_TestImportsCircularA_t" errors="0" failures="0" skipped="0" tests="5" time="0.041222095489502">
    <system-out>1..5
ok 1 - Equals
ok 2 - Equals
ok 3 - Equals
ok 4 - Equals
ok 5 - Equals
</system-out>
    <testcase name="Equals (89)" classname="spec_perl_TestImportsCircularA_t" time="0.000237941741943359" />
    <testcase name="Equals (90)" classname="spec_perl_TestImportsCircularA_t" time="7.10487365722656e-05" />
    <testcase name="Equals (91)" classname="spec_perl_TestImportsCircularA_t" time="0.0001678466796875" />
    <testcase name="Equals (92)" classname="spec_perl_TestImportsCircularA_t" time="0.000172138214111328" />
    <testcase name="Equals (93)" classname="spec_perl_TestImportsCircularA_t" time="6.29425048828125e-05" />
  </testsuite>
  <testsuite name="spec_perl_TestStrCombine_t" errors="0" failures="0" skipped="0" tests="15" time="0.0453691482543945">
    <system-out>1..15
ok 1 - Equals
ok 2 - Equals
ok 3 - Equals
ok 4 - Equals
ok 5 - Equals
ok 6 - Equals
ok 7 - Equals
ok 8 - Equals
ok 9 - Equals
ok 10 - Equals
ok 11 - Equals
ok 12 - Equals
ok 13 - Equals
ok 14 - Equals
ok 15 - Equals
</system-out>
    <testcase name="Equals (94)" classname="spec_perl_TestStrCombine_t" time="0.000245809555053711" />
    <testcase name="Equals (95)" classname="spec_perl_TestStrCombine_t" time="9.01222229003906e-05" />
    <testcase name="Equals (96)" classname="spec_perl_TestStrCombine_t" time="0.000171899795532227" />
    <testcase name="Equals (97)" classname="spec_perl_TestStrCombine_t" time="9.29832458496094e-05" />
    <testcase name="Equals (98)" classname="spec_perl_TestStrCombine_t" time="0.000189065933227539" />
    <testcase name="Equals (99)" classname="spec_perl_TestStrCombine_t" time="8.29696655273438e-05" />
    <testcase name="Equals (100)" classname="spec_perl_TestStrCombine_t" time="0.000163078308105469" />
    <testcase name="Equals (101)" classname="spec_perl_TestStrCombine_t" time="0.000104904174804688" />
    <testcase name="Equals (102)" classname="spec_perl_TestStrCombine_t" time="0.000171184539794922" />
    <testcase name="Equals (103)" classname="spec_perl_TestStrCombine_t" time="0.000113964080810547" />
    <testcase name="Equals (104)" classname="spec_perl_TestStrCombine_t" time="0.000196933746337891" />
    <testcase name="Equals (105)" classname="spec_perl_TestStrCombine_t" time="9.89437103271484e-05" />
    <testcase name="Equals (106)" classname="spec_perl_TestStrCombine_t" time="0.000178098678588867" />
    <testcase name="Equals (107)" classname="spec_perl_TestStrCombine_t" time="9.98973846435547e-05" />
    <testcase name="Equals (108)" classname="spec_perl_TestStrCombine_t" time="0.000177145004272461" />
  </testsuite>
  <testsuite name="spec_perl_TestTypeTernary_t" errors="0" failures="0" skipped="0" tests="1" time="0.0421590805053711">
    <system-out>1..1
ok 1 - Equals
</system-out>
    <testcase name="Equals (109)" classname="spec_perl_TestTypeTernary_t" time="0.000468015670776367" />
  </testsuite>
  <testsuite name="spec_perl_TestDocstringsDocref_t" errors="0" failures="0" skipped="1" tests="1" time="0.0431530475616455">
    <system-out>1..1
ok 1 # skip DocstringsDocref=HASH(0x132b598)
</system-out>
    <testcase name="Unnamed test case 109" classname="spec_perl_TestDocstringsDocref_t" time="0.00121188163757324">
      <skipped message="ok 1 # skip DocstringsDocref=HASH(0x132b598)" />
    </testcase>
  </testsuite>
  <testsuite name="spec_perl_TestNavParentFalse2_t" errors="0" failures="0" skipped="0" tests="1" time="0.0411548614501953">
    <system-out>1..1
ok 1 - Equals
</system-out>
    <testcase name="Equals (110)" classname="spec_perl_TestNavParentFalse2_t" time="0.000227928161621094" />
  </testsuite>
  <testsuite name="spec_perl_TestProcessCoerceUsertype1_t" errors="0" failures="0" skipped="0" tests="4" time="0.0430428981781006">
    <system-out>1..4
ok 1 - Equals
ok 2 - Equals
ok 3 - Equals
ok 4 - Equals
</system-out>
    <testcase name="Equals (111)" classname="spec_perl_TestProcessCoerceUsertype1_t" time="0.000555992126464844" />
    <testcase name="Equals (112)" classname="spec_perl_TestProcessCoerceUsertype1_t" time="9.20295715332031e-05" />
    <testcase name="Equals (113)" classname="spec_perl_TestProcessCoerceUsertype1_t" time="0.000174999237060547" />
    <testcase name="Equals (114)" classname="spec_perl_TestProcessCoerceUsertype1_t" time="0.00014805793762207" />
  </testsuite>
  <testsuite name="spec_perl_TestNavParent3_t" errors="0" failures="0" skipped="0" tests="10" time="0.0482969284057617">
    <system-out>1..10
ok 1 - Equals
ok 2 - Equals
ok 3 - Equals
ok 4 - Equals
ok 5 - Equals
ok 6 - Equals
ok 7 - Equals
ok 8 - Equals
ok 9 - Equals
ok 10 - Equals
</system-out>
    <testcase name="Equals (115)" classname="spec_perl_TestNavParent3_t" time="0.000235080718994141" />
    <testcase name="Equals (116)" classname="spec_perl_TestNavParent3_t" time="8.79764556884766e-05" />
    <testcase name="Equals (117)" classname="spec_perl_TestNavParent3_t" time="0.000246047973632812" />
    <testcase name="Equals (118)" classname="spec_perl_TestNavParent3_t" time="6.79492950439453e-05" />
    <testcase name="Equals (119)" classname="spec_perl_TestNavParent3_t" time="0.000174045562744141" />
    <testcase name="Equals (120)" classname="spec_perl_TestNavParent3_t" time="0.000194787979125977" />
    <testcase name="Equals (121)" classname="spec_perl_TestNavParent3_t" time="0.000123023986816406" />
    <testcase name="Equals (122)" classname="spec_perl_TestNavParent3_t" time="0.000181198120117188" />
    <testcase name="Equals (123)" classname="spec_perl_TestNavParent3_t" time="0.000111818313598633" />
    <testcase name="Equals (124)" classname="spec_perl_TestNavParent3_t" time="0.000203132629394531" />
  </testsuite>
  <testsuite name="spec_perl_TestSwitchManualIntSizeEos_t" errors="0" failures="0" skipped="0" tests="10" time="0.048292875289917">
    <system-out>1..10
ok 1 - Equals
ok 2 - Equals
ok 3 - Equals
ok 4 - Equals
ok 5 - Equals
ok 6 - Equals
ok 7 - Equals
ok 8 - Equals
ok 9 - Equals
ok 10 - Equals
</system-out>
    <testcase name="Equals (125)" classname="spec_perl_TestSwitchManualIntSizeEos_t" time="0.000655174255371094" />
    <testcase name="Equals (126)" classname="spec_perl_TestSwitchManualIntSizeEos_t" time="7.89165496826172e-05" />
    <testcase name="Equals (127)" classname="spec_perl_TestSwitchManualIntSizeEos_t" time="0.00014805793762207" />
    <testcase name="Equals (128)" classname="spec_perl_TestSwitchManualIntSizeEos_t" time="0.000145912170410156" />
    <testcase name="Equals (129)" classname="spec_perl_TestSwitchManualIntSizeEos_t" time="0.00014495849609375" />
    <testcase name="Equals (130)" classname="spec_perl_TestSwitchManualIntSizeEos_t" time="0.000169038772583008" />
    <testcase name="Equals (131)" classname="spec_perl_TestSwitchManualIntSizeEos_t" time="0.000131130218505859" />
    <testcase name="Equals (132)" classname="spec_perl_TestSwitchManualIntSizeEos_t" time="0.000175952911376953" />
    <testcase name="Equals (133)" classname="spec_perl_TestSwitchManualIntSizeEos_t" time="0.000121831893920898" />
    <testcase name="Equals (134)" classname="spec_perl_TestSwitchManualIntSizeEos_t" time="0.000182151794433594" />
  </testsuite>
  <testsuite name="spec_perl_TestRepeatUntilS4_t" errors="0" failures="0" skipped="0" tests="2" time="0.043442964553833">
    <system-out>1..2
ok 1 - Equals
ok 2 - Equals
</system-out>
    <testcase name="Equals (135)" classname="spec_perl_TestRepeatUntilS4_t" time="0.000250101089477539" />
    <testcase name="Equals (136)" classname="spec_perl_TestRepeatUntilS4_t" time="0.000103950500488281" />
  </testsuite>
  <testsuite name="spec_perl_TestInstanceStd_t" errors="0" failures="0" skipped="0" tests="1" time="0.0464038848876953">
    <system-out>1..1
ok 1 - Equals
</system-out>
    <testcase name="Equals (137)" classname="spec_perl_TestInstanceStd_t" time="0.000269889831542969" />
  </testsuite>
  <testsuite name="spec_perl_TestProcessXor4Value_t" errors="0" failures="0" skipped="0" tests="2" time="0.0424771308898926">
    <system-out>1..2
ok 1 - Equals
ok 2 - Equals
</system-out>
    <testcase name="Equals (138)" classname="spec_perl_TestProcessXor4Value_t" time="0.000264883041381836" />
    <testcase name="Equals (139)" classname="spec_perl_TestProcessXor4Value_t" time="7.29560852050781e-05" />
  </testsuite>
  <testsuite name="spec_perl_TestFloatingPoints_t" errors="0" failures="0" skipped="0" tests="8" time="0.0474169254302979">
    <system-out>1..8
ok 1 - Approx equals
ok 2 - Approx equals
ok 3 - Approx equals
ok 4 - Approx equals
ok 5 - Approx equals
ok 6 - Approx equals
ok 7 - Approx equals
ok 8 - Approx equals
</system-out>
    <testcase name="Approx equals (139)" classname="spec_perl_TestFloatingPoints_t" time="0.000123977661132812" />
    <testcase name="Approx equals (140)" classname="spec_perl_TestFloatingPoints_t" time="6.4849853515625e-05" />
    <testcase name="Approx equals (141)" classname="spec_perl_TestFloatingPoints_t" time="5.60283660888672e-05" />
    <testcase name="Approx equals (142)" classname="spec_perl_TestFloatingPoints_t" time="5.81741333007812e-05" />
    <testcase name="Approx equals (143)" classname="spec_perl_TestFloatingPoints_t" time="4.29153442382812e-05" />
    <testcase name="Approx equals (144)" classname="spec_perl_TestFloatingPoints_t" time="5.38825988769531e-05" />
    <testcase name="Approx equals (145)" classname="spec_perl_TestFloatingPoints_t" time="4.72068786621094e-05" />
    <testcase name="Approx equals (146)" classname="spec_perl_TestFloatingPoints_t" time="5.19752502441406e-05" />
  </testsuite>
  <testsuite name="spec_perl_TestEofExceptionBytes_t" errors="0" failures="0" skipped="0" tests="1" time="0.0560379028320312">
    <system-out>1..1
ok 1 - Died
</system-out>
    <testcase name="Died (146)" classname="spec_perl_TestEofExceptionBytes_t" time="0.000201940536499023" />
  </testsuite>
  <testsuite name="spec_perl_TestValidNotParsedIf_t" errors="1" failures="0" skipped="0" tests="0" time="0.0547878742218018">
    <system-out></system-out>
    <testcase name="Test died too soon, even before plan. (146)" classname="spec_perl_TestValidNotParsedIf_t" time="0.0547878742218018">
      <failure message="The test suite died before a plan was produced. You need to have a plan." type="Plan">No plan</failure>
    </testcase>
  </testsuite>
  <testsuite name="spec_perl_TestCastToImported_t" errors="0" failures="0" skipped="0" tests="2" time="0.041719913482666">
    <system-out>1..2
ok 1 - Equals
ok 2 - Equals
</system-out>
    <testcase name="Equals (146)" classname="spec_perl_TestCastToImported_t" time="0.000233888626098633" />
    <testcase name="Equals (147)" classname="spec_perl_TestCastToImported_t" time="7.10487365722656e-05" />
  </testsuite>
  <testsuite name="spec_perl_TestExpr2_t" errors="0" failures="0" skipped="0" tests="17" time="0.048969030380249">
    <system-out>1..17
ok 1 - Equals
ok 2 - Equals
ok 3 - Equals
ok 4 - Equals
ok 5 - Equals
ok 6 - Equals
ok 7 - Equals
ok 8 - Equals
ok 9 - Equals
ok 10 - Equals
ok 11 - Equals
ok 12 - Equals
ok 13 - Equals
ok 14 - Equals
ok 15 - Equals
ok 16 - Equals
ok 17 - Equals
</system-out>
    <testcase name="Equals (148)" classname="spec_perl_TestExpr2_t" time="0.000554800033569336" />
    <testcase name="Equals (149)" classname="spec_perl_TestExpr2_t" time="7.60555267333984e-05" />
    <testcase name="Equals (150)" classname="spec_perl_TestExpr2_t" time="0.000149965286254883" />
    <testcase name="Equals (151)" classname="spec_perl_TestExpr2_t" time="0.000147104263305664" />
    <testcase name="Equals (152)" classname="spec_perl_TestExpr2_t" time="0.000149011611938477" />
    <testcase name="Equals (153)" classname="spec_perl_TestExpr2_t" time="0.000113010406494141" />
    <testcase name="Equals (154)" classname="spec_perl_TestExpr2_t" time="0.000182867050170898" />
    <testcase name="Equals (155)" classname="spec_perl_TestExpr2_t" time="0.000130176544189453" />
    <testcase name="Equals (156)" classname="spec_perl_TestExpr2_t" time="0.000192880630493164" />
    <testcase name="Equals (157)" classname="spec_perl_TestExpr2_t" time="9.70363616943359e-05" />
    <testcase name="Equals (158)" classname="spec_perl_TestExpr2_t" time="0.00017094612121582" />
    <testcase name="Equals (159)" classname="spec_perl_TestExpr2_t" time="0.000182151794433594" />
    <testcase name="Equals (160)" classname="spec_perl_TestExpr2_t" time="0.000116825103759766" />
    <testcase name="Equals (161)" classname="spec_perl_TestExpr2_t" time="0.000197172164916992" />
    <testcase name="Equals (162)" classname="spec_perl_TestExpr2_t" time="9.58442687988281e-05" />
    <testcase name="Equals (163)" classname="spec_perl_TestExpr2_t" time="0.000172138214111328" />
    <testcase name="Equals (164)" classname="spec_perl_TestExpr2_t" time="0.000113964080810547" />
  </testsuite>
  <testsuite name="spec_perl_TestIfInstances_t" errors="0" failures="0" skipped="0" tests="1" time="0.0411679744720459">
    <system-out>1..1
ok 1 - nil
</system-out>
    <testcase name="nil (164)" classname="spec_perl_TestIfInstances_t" time="0.00011897087097168" />
  </testsuite>
  <testsuite name="spec_perl_TestFixedContents_t" errors="1" failures="0" skipped="0" tests="0" time="0.0606520175933838">
    <system-out></system-out>
    <testcase name="Test died too soon, even before plan. (164)" classname="spec_perl_TestFixedContents_t" time="0.0606520175933838">
      <failure message="The test suite died before a plan was produced. You need to have a plan." type="Plan">No plan</failure>
    </testcase>
  </testsuite>
  <testsuite name="spec_perl_TestSwitchMultiBoolOps_t" errors="0" failures="0" skipped="0" tests="9" time="0.0454270839691162">
    <system-out>1..9
ok 1 - Equals
ok 2 - Equals
ok 3 - Equals
ok 4 - Equals
ok 5 - Equals
ok 6 - Equals
ok 7 - Equals
ok 8 - Equals
ok 9 - Equals
</system-out>
    <testcase name="Equals (165)" classname="spec_perl_TestSwitchMultiBoolOps_t" time="0.000257968902587891" />
    <testcase name="Equals (166)" classname="spec_perl_TestSwitchMultiBoolOps_t" time="7.79628753662109e-05" />
    <testcase name="Equals (167)" classname="spec_perl_TestSwitchMultiBoolOps_t" time="0.000180959701538086" />
    <testcase name="Equals (168)" classname="spec_perl_TestSwitchMultiBoolOps_t" time="9.70363616943359e-05" />
    <testcase name="Equals (169)" classname="spec_perl_TestSwitchMultiBoolOps_t" time="0.000167131423950195" />
    <testcase name="Equals (170)" classname="spec_perl_TestSwitchMultiBoolOps_t" time="0.000104904174804688" />
    <testcase name="Equals (171)" classname="spec_perl_TestSwitchMultiBoolOps_t" time="0.000164985656738281" />
    <testcase name="Equals (172)" classname="spec_perl_TestSwitchMultiBoolOps_t" time="0.000105142593383789" />
    <testcase name="Equals (173)" classname="spec_perl_TestSwitchMultiBoolOps_t" time="0.000180959701538086" />
  </testsuite>
  <testsuite name="spec_perl_TestTypeTernaryOpaque_t" errors="0" failures="0" skipped="0" tests="3" time="0.0463941097259521">
    <system-out>1..3
ok 1 - Equals
ok 2 - Equals
ok 3 - Equals
</system-out>
    <testcase name="Equals (174)" classname="spec_perl_TestTypeTernaryOpaque_t" time="0.000441789627075195" />
    <testcase name="Equals (175)" classname="spec_perl_TestTypeTernaryOpaque_t" time="7.91549682617188e-05" />
    <testcase name="Equals (176)" classname="spec_perl_TestTypeTernaryOpaque_t" time="0.000131845474243164" />
  </testsuite>
  <testsuite name="spec_perl_TestNestedTypes2_t" errors="0" failures="0" skipped="0" tests="7" time="0.0437541007995605">
    <system-out>1..7
ok 1 - Equals
ok 2 - Equals
ok 3 - Equals
ok 4 - Equals
ok 5 - Equals
ok 6 - Equals
ok 7 - Equals
</system-out>
    <testcase name="Equals (177)" classname="spec_perl_TestNestedTypes2_t" time="0.00028681755065918" />
    <testcase name="Equals (178)" classname="spec_perl_TestNestedTypes2_t" time="7.41481781005859e-05" />
    <testcase name="Equals (179)" classname="spec_perl_TestNestedTypes2_t" time="0.000174999237060547" />
    <testcase name="Equals (180)" classname="spec_perl_TestNestedTypes2_t" time="0.000159025192260742" />
    <testcase name="Equals (181)" classname="spec_perl_TestNestedTypes2_t" time="0.000102996826171875" />
    <testcase name="Equals (182)" classname="spec_perl_TestNestedTypes2_t" time="0.000174999237060547" />
    <testcase name="Equals (183)" classname="spec_perl_TestNestedTypes2_t" time="0.000103950500488281" />
  </testsuite>
  <testsuite name="spec_perl_TestProcessToUser_t" errors="0" failures="0" skipped="0" tests="1" time="0.0456209182739258">
    <system-out>1..1
ok 1 - Equals
</system-out>
    <testcase name="Equals (184)" classname="spec_perl_TestProcessToUser_t" time="0.000500917434692383" />
  </testsuite>
  <testsuite name="spec_perl_TestCastToTop_t" errors="0" failures="0" skipped="0" tests="3" time="0.0413861274719238">
    <system-out>1..3
ok 1 - Equals
ok 2 - Equals
ok 3 - Equals
</system-out>
    <testcase name="Equals (185)" classname="spec_perl_TestCastToTop_t" time="0.000252008438110352" />
    <testcase name="Equals (186)" classname="spec_perl_TestCastToTop_t" time="0.000104904174804688" />
    <testcase name="Equals (187)" classname="spec_perl_TestCastToTop_t" time="0.000167131423950195" />
  </testsuite>
  <testsuite name="spec_perl_TestEnumToIClassBorder1_t" errors="0" failures="1" skipped="0" tests="3" time="0.0437870025634766">
    <system-out>1..3
ok 1 - Equals
ok 2 - Equals
not ok 3 - test_enum_to_i_class_border_1 died (Can't call method &quot;some_dog&quot; on an undefined value at compiled/perl/EnumToIClassBorder2.pm line 42.)
</system-out>
    <testcase name="Equals (188)" classname="spec_perl_TestEnumToIClassBorder1_t" time="0.000237941741943359" />
    <testcase name="Equals (189)" classname="spec_perl_TestEnumToIClassBorder1_t" time="0.000152111053466797" />
    <testcase name="test_enum_to_i_class_border_1 died (Can't call method &quot;some_dog&quot; on an undefined value at compiled/perl/EnumToIClassBorder2.pm line 42.) (189)" classname="spec_perl_TestEnumToIClassBorder1_t" time="0.000251054763793945">
      <failure message="not ok 3 - test_enum_to_i_class_border_1 died (Can't call method &quot;some_dog&quot; on an undefined value at compiled/perl/EnumToIClassBorder2.pm line 42.)" type="TAP::Parser::Result::Test"></failure>
    </testcase>
  </testsuite>
  <testsuite name="spec_perl_TestExprBytesCmp_t" errors="0" failures="0" skipped="0" tests="10" time="0.0427088737487793">
    <system-out>1..10
ok 1 - Equals
ok 2 - Equals
ok 3 - Equals
ok 4 - Equals
ok 5 - Equals
ok 6 - Equals
ok 7 - Equals
ok 8 - Equals
ok 9 - Equals
ok 10 - Equals
</system-out>
    <testcase name="Equals (190)" classname="spec_perl_TestExprBytesCmp_t" time="0.000223159790039062" />
    <testcase name="Equals (191)" classname="spec_perl_TestExprBytesCmp_t" time="9.79900360107422e-05" />
    <testcase name="Equals (192)" classname="spec_perl_TestExprBytesCmp_t" time="0.000171899795532227" />
    <testcase name="Equals (193)" classname="spec_perl_TestExprBytesCmp_t" time="0.000159025192260742" />
    <testcase name="Equals (194)" classname="spec_perl_TestExprBytesCmp_t" time="9.79900360107422e-05" />
    <testcase name="Equals (195)" classname="spec_perl_TestExprBytesCmp_t" time="0.000174045562744141" />
    <testcase name="Equals (196)" classname="spec_perl_TestExprBytesCmp_t" time="0.000102043151855469" />
    <testcase name="Equals (197)" classname="spec_perl_TestExprBytesCmp_t" time="0.000174045562744141" />
    <testcase name="Equals (198)" classname="spec_perl_TestExprBytesCmp_t" time="0.000113010406494141" />
    <testcase name="Equals (199)" classname="spec_perl_TestExprBytesCmp_t" time="0.000173807144165039" />
  </testsuite>
  <testsuite name="spec_perl_TestExpr3_t" errors="0" failures="0" skipped="0" tests="12" time="0.0455338954925537">
    <system-out>1..12
ok 1 - Equals
ok 2 - Equals
ok 3 - Equals
ok 4 - Equals
ok 5 - Equals
ok 6 - Equals
ok 7 - Equals
ok 8 - Equals
ok 9 - Equals
ok 10 - Equals
ok 11 - Equals
ok 12 - Equals
</system-out>
    <testcase name="Equals (200)" classname="spec_perl_TestExpr3_t" time="0.00089716911315918" />
    <testcase name="Equals (201)" classname="spec_perl_TestExpr3_t" time="8.392333984375e-05" />
    <testcase name="Equals (202)" classname="spec_perl_TestExpr3_t" time="4.69684600830078e-05" />
    <testcase name="Equals (203)" classname="spec_perl_TestExpr3_t" time="4.31537628173828e-05" />
    <testcase name="Equals (204)" classname="spec_perl_TestExpr3_t" time="7.29560852050781e-05" />
    <testcase name="Equals (205)" classname="spec_perl_TestExpr3_t" time="4.60147857666016e-05" />
    <testcase name="Equals (206)" classname="spec_perl_TestExpr3_t" time="4.10079956054688e-05" />
    <testcase name="Equals (207)" classname="spec_perl_TestExpr3_t" time="4.38690185546875e-05" />
    <testcase name="Equals (208)" classname="spec_perl_TestExpr3_t" time="5.79357147216797e-05" />
    <testcase name="Equals (209)" classname="spec_perl_TestExpr3_t" time="4.31537628173828e-05" />
    <testcase name="Equals (210)" classname="spec_perl_TestExpr3_t" time="5.69820404052734e-05" />
    <testcase name="Equals (211)" classname="spec_perl_TestExpr3_t" time="5.00679016113281e-05" />
  </testsuite>
  <testsuite name="spec_perl_TestDocstringsDocrefMulti_t" errors="0" failures="0" skipped="1" tests="1" time="0.0434539318084717">
    <system-out>1..1
ok 1 # skip DocstringsDocrefMulti=HASH(0x2ee38d0)
</system-out>
    <testcase name="Unnamed test case 211" classname="spec_perl_TestDocstringsDocrefMulti_t" time="0.00121021270751953">
      <skipped message="ok 1 # skip DocstringsDocrefMulti=HASH(0x2ee38d0)" />
    </testcase>
  </testsuite>
  <testsuite name="spec_perl_TestProcessXor4Const_t" errors="0" failures="0" skipped="0" tests="2" time="0.0423769950866699">
    <system-out>1..2
ok 1 - Equals
ok 2 - Equals
</system-out>
    <testcase name="Equals (212)" classname="spec_perl_TestProcessXor4Const_t" time="0.000260114669799805" />
    <testcase name="Equals (213)" classname="spec_perl_TestProcessXor4Const_t" time="7.79628753662109e-05" />
  </testsuite>
  <testsuite name="spec_perl_TestSwitchElseOnly_t" errors="1" failures="0" skipped="0" tests="0" time="0.0432629585266113">
    <system-out></system-out>
    <testcase name="Test died too soon, even before plan. (213)" classname="spec_perl_TestSwitchElseOnly_t" time="0.0432629585266113">
      <failure message="The test suite died before a plan was produced. You need to have a plan." type="Plan">No plan</failure>
    </testcase>
  </testsuite>
  <testsuite name="spec_perl_TestIndexSizes_t" errors="0" failures="0" skipped="0" tests="7" time="0.0457868576049805">
    <system-out>1..7
ok 1 - Equals
ok 2 - Equals
ok 3 - Equals
ok 4 - Equals
ok 5 - Equals
ok 6 - Equals
ok 7 - Equals
</system-out>
    <testcase name="Equals (214)" classname="spec_perl_TestIndexSizes_t" time="0.000295877456665039" />
    <testcase name="Equals (215)" classname="spec_perl_TestIndexSizes_t" time="8.79764556884766e-05" />
    <testcase name="Equals (216)" classname="spec_perl_TestIndexSizes_t" time="0.000138044357299805" />
    <testcase name="Equals (217)" classname="spec_perl_TestIndexSizes_t" time="0.00014805793762207" />
    <testcase name="Equals (218)" classname="spec_perl_TestIndexSizes_t" time="0.000113010406494141" />
    <testcase name="Equals (219)" classname="spec_perl_TestIndexSizes_t" time="0.000177860260009766" />
    <testcase name="Equals (220)" classname="spec_perl_TestIndexSizes_t" time="0.000111103057861328" />
  </testsuite>
  <testsuite name="spec_perl_TestProcessCoerceSwitch_t" errors="0" failures="0" skipped="0" tests="3" time="0.0425629615783691">
    <system-out>1..3
ok 1 - Equals
ok 2 - Equals
ok 3 - Equals
</system-out>
    <testcase name="Equals (221)" classname="spec_perl_TestProcessCoerceSwitch_t" time="0.000454902648925781" />
    <testcase name="Equals (222)" classname="spec_perl_TestProcessCoerceSwitch_t" time="8.10623168945312e-05" />
    <testcase name="Equals (223)" classname="spec_perl_TestProcessCoerceSwitch_t" time="0.000169038772583008" />
  </testsuite>
  <testsuite name="spec_perl_TestExprBytesOps_t" errors="1" failures="0" skipped="0" tests="0" time="0.0435159206390381">
    <system-out></system-out>
    <testcase name="Test died too soon, even before plan. (223)" classname="spec_perl_TestExprBytesOps_t" time="0.0435159206390381">
      <failure message="The test suite died before a plan was produced. You need to have a plan." type="Plan">No plan</failure>
    </testcase>
  </testsuite>
  <testsuite name="spec_perl_TestProcessCustomNoArgs_t" errors="1" failures="0" skipped="0" tests="0" time="0.0455141067504883">
    <system-out></system-out>
    <testcase name="Test died too soon, even before plan. (224)" classname="spec_perl_TestProcessCustomNoArgs_t" time="0.0455141067504883">
      <failure message="The test suite died before a plan was produced. You need to have a plan." type="Plan">No plan</failure>
    </testcase>
  </testsuite>
  <testsuite name="spec_perl_TestMultipleUse_t" errors="0" failures="0" skipped="0" tests="2" time="0.0432808399200439">
    <system-out>1..2
ok 1 - Equals
ok 2 - Equals
</system-out>
    <testcase name="Equals (224)" classname="spec_perl_TestMultipleUse_t" time="0.000266075134277344" />
    <testcase name="Equals (225)" classname="spec_perl_TestMultipleUse_t" time="9.70363616943359e-05" />
  </testsuite>
  <testsuite name="spec_perl_TestExprMod_t" errors="0" failures="0" skipped="0" tests="6" time="0.0425069332122803">
    <system-out>1..6
ok 1 - Equals
ok 2 - Equals
ok 3 - Equals
ok 4 - Equals
ok 5 - Equals
ok 6 - Equals
</system-out>
    <testcase name="Equals (226)" classname="spec_perl_TestExprMod_t" time="0.000244855880737305" />
    <testcase name="Equals (227)" classname="spec_perl_TestExprMod_t" time="9.01222229003906e-05" />
    <testcase name="Equals (228)" classname="spec_perl_TestExprMod_t" time="0.000180959701538086" />
    <testcase name="Equals (229)" classname="spec_perl_TestExprMod_t" time="0.000149965286254883" />
    <testcase name="Equals (230)" classname="spec_perl_TestExprMod_t" time="0.000108003616333008" />
    <testcase name="Equals (231)" classname="spec_perl_TestExprMod_t" time="0.000169992446899414" />
  </testsuite>
  <testsuite name="spec_perl_TestExprIoPos_t" errors="0" failures="0" skipped="0" tests="6" time="0.0463650226593018">
    <system-out>1..6
ok 1 - Equals
ok 2 - Equals
ok 3 - Equals
ok 4 - Equals
ok 5 - Equals
ok 6 - Equals
</system-out>
    <testcase name="Equals (232)" classname="spec_perl_TestExprIoPos_t" time="0.000571966171264648" />
    <testcase name="Equals (233)" classname="spec_perl_TestExprIoPos_t" time="8.20159912109375e-05" />
    <testcase name="Equals (234)" classname="spec_perl_TestExprIoPos_t" time="0.000159978866577148" />
    <testcase name="Equals (235)" classname="spec_perl_TestExprIoPos_t" time="0.000135898590087891" />
    <testcase name="Equals (236)" classname="spec_perl_TestExprIoPos_t" time="0.00014805793762207" />
    <testcase name="Equals (237)" classname="spec_perl_TestExprIoPos_t" time="0.000113010406494141" />
  </testsuite>
  <testsuite name="spec_perl_TestRepeatEosU4_t" errors="0" failures="0" skipped="0" tests="1" time="0.0397529602050781">
    <system-out>1..1
ok 1 - Equals
</system-out>
    <testcase name="Equals (238)" classname="spec_perl_TestRepeatEosU4_t" time="0.000232934951782227" />
  </testsuite>
  <testsuite name="spec_perl_TestParamsCallExtraParens_t" errors="0" failures="1" skipped="0" tests="1" time="0.0477941036224365">
    <system-out>1..1
not ok 1 - Equals
</system-out>
    <testcase name="Equals (239)" classname="spec_perl_TestParamsCallExtraParens_t" time="0.00056910514831543">
      <failure message="not ok 1 - Equals" type="TAP::Parser::Result::Test"></failure>
    </testcase>
  </testsuite>
  <testsuite name="spec_perl_TestEnumIntRangeS_t" errors="0" failures="0" skipped="0" tests="3" time="0.0438110828399658">
    <system-out>1..3
ok 1 - Equals
ok 2 - Equals
ok 3 - Equals
</system-out>
    <testcase name="Equals (240)" classname="spec_perl_TestEnumIntRangeS_t" time="0.000253915786743164" />
    <testcase name="Equals (241)" classname="spec_perl_TestEnumIntRangeS_t" time="7.41481781005859e-05" />
    <testcase name="Equals (242)" classname="spec_perl_TestEnumIntRangeS_t" time="0.0001678466796875" />
  </testsuite>
  <testsuite name="spec_perl_TestOptionalId_t" errors="0" failures="0" skipped="0" tests="3" time="0.042870044708252">
    <system-out>1..3
ok 1 - Equals
ok 2 - Equals
ok 3 - Equals
</system-out>
    <testcase name="Equals (243)" classname="spec_perl_TestOptionalId_t" time="0.000240802764892578" />
    <testcase name="Equals (244)" classname="spec_perl_TestOptionalId_t" time="9.918212890625e-05" />
    <testcase name="Equals (245)" classname="spec_perl_TestOptionalId_t" time="0.000169992446899414" />
  </testsuite>
  <testsuite name="spec_perl_TestDefaultEndianExprInherited_t" errors="0" failures="0" skipped="0" tests="15" time="0.0449659824371338">
    <system-out>1..15
ok 1 - Equals
ok 2 - Equals
ok 3 - Equals
ok 4 - Equals
ok 5 - Equals
ok 6 - Equals
ok 7 - Equals
ok 8 - Equals
ok 9 - Equals
ok 10 - Equals
ok 11 - Equals
ok 12 - Equals
ok 13 - Equals
ok 14 - Equals
ok 15 - Equals
</system-out>
    <testcase name="Equals (246)" classname="spec_perl_TestDefaultEndianExprInherited_t" time="0.000318050384521484" />
    <testcase name="Equals (247)" classname="spec_perl_TestDefaultEndianExprInherited_t" time="7.60555267333984e-05" />
    <testcase name="Equals (248)" classname="spec_perl_TestDefaultEndianExprInherited_t" time="0.000171899795532227" />
    <testcase name="Equals (249)" classname="spec_perl_TestDefaultEndianExprInherited_t" time="9.89437103271484e-05" />
    <testcase name="Equals (250)" classname="spec_perl_TestDefaultEndianExprInherited_t" time="0.00018620491027832" />
    <testcase name="Equals (251)" classname="spec_perl_TestDefaultEndianExprInherited_t" time="9.98973846435547e-05" />
    <testcase name="Equals (252)" classname="spec_perl_TestDefaultEndianExprInherited_t" time="0.000173091888427734" />
    <testcase name="Equals (253)" classname="spec_perl_TestDefaultEndianExprInherited_t" time="0.00010991096496582" />
    <testcase name="Equals (254)" classname="spec_perl_TestDefaultEndianExprInherited_t" time="0.000174045562744141" />
    <testcase name="Equals (255)" classname="spec_perl_TestDefaultEndianExprInherited_t" time="0.00017094612121582" />
    <testcase name="Equals (256)" classname="spec_perl_TestDefaultEndianExprInherited_t" time="0.000142097473144531" />
    <testcase name="Equals (257)" classname="spec_perl_TestDefaultEndianExprInherited_t" time="0.000124931335449219" />
    <testcase name="Equals (258)" classname="spec_perl_TestDefaultEndianExprInherited_t" time="0.000174045562744141" />
    <testcase name="Equals (259)" classname="spec_perl_TestDefaultEndianExprInherited_t" time="0.000113964080810547" />
    <testcase name="Equals (260)" classname="spec_perl_TestDefaultEndianExprInherited_t" time="0.000189065933227539" />
  </testsuite>
  <testsuite name="spec_perl_TestProcessRotate_t" errors="0" failures="0" skipped="0" tests="3" time="0.0525898933410645">
    <system-out>1..3
ok 1 - Equals
ok 2 - Equals
ok 3 - Equals
</system-out>
    <testcase name="Equals (261)" classname="spec_perl_TestProcessRotate_t" time="0.00028681755065918" />
    <testcase name="Equals (262)" classname="spec_perl_TestProcessRotate_t" time="7.31945037841797e-05" />
    <testcase name="Equals (263)" classname="spec_perl_TestProcessRotate_t" time="0.000176906585693359" />
  </testsuite>
  <testsuite name="spec_perl_TestImportsAbs_t" errors="0" failures="0" skipped="0" tests="2" time="0.040877103805542">
    <system-out>1..2
ok 1 - Equals
ok 2 - Equals
</system-out>
    <testcase name="Equals (264)" classname="spec_perl_TestImportsAbs_t" time="0.000253915786743164" />
    <testcase name="Equals (265)" classname="spec_perl_TestImportsAbs_t" time="9.29832458496094e-05" />
  </testsuite>
  <testsuite name="spec_perl_TestBcdUserTypeLe_t" errors="0" failures="0" skipped="0" tests="6" time="0.0454239845275879">
    <system-out>1..6
ok 1 - Equals
ok 2 - Equals
ok 3 - Equals
ok 4 - Equals
ok 5 - Equals
ok 6 - Equals
</system-out>
    <testcase name="Equals (266)" classname="spec_perl_TestBcdUserTypeLe_t" time="0.000542879104614258" />
    <testcase name="Equals (267)" classname="spec_perl_TestBcdUserTypeLe_t" time="9.10758972167969e-05" />
    <testcase name="Equals (268)" classname="spec_perl_TestBcdUserTypeLe_t" time="0.000166893005371094" />
    <testcase name="Equals (269)" classname="spec_perl_TestBcdUserTypeLe_t" time="0.000146150588989258" />
    <testcase name="Equals (270)" classname="spec_perl_TestBcdUserTypeLe_t" time="0.00017094612121582" />
    <testcase name="Equals (271)" classname="spec_perl_TestBcdUserTypeLe_t" time="0.000128984451293945" />
  </testsuite>
  <testsuite name="spec_perl_TestExprIoEof_t" errors="0" failures="0" skipped="0" tests="4" time="0.0429840087890625">
    <system-out>1..4
ok 1 - Equals
ok 2 - Equals
ok 3 - Equals
ok 4 - Equals
</system-out>
    <testcase name="Equals (272)" classname="spec_perl_TestExprIoEof_t" time="0.000541210174560547" />
    <testcase name="Equals (273)" classname="spec_perl_TestExprIoEof_t" time="7.89165496826172e-05" />
    <testcase name="Equals (274)" classname="spec_perl_TestExprIoEof_t" time="0.000155925750732422" />
    <testcase name="Equals (275)" classname="spec_perl_TestExprIoEof_t" time="9.89437103271484e-05" />
  </testsuite>
  <testsuite name="spec_perl_TestNavParentVsValueInst_t" errors="0" failures="0" skipped="0" tests="1" time="0.0459048748016357">
    <system-out>1..1
ok 1 - Equals
</system-out>
    <testcase name="Equals (276)" classname="spec_perl_TestNavParentVsValueInst_t" time="0.000272989273071289" />
  </testsuite>
  <testsuite name="spec_perl_TestBytesPadTerm_t" errors="0" failures="0" skipped="0" tests="4" time="0.0461628437042236">
    <system-out>1..4
ok 1 - Equals
ok 2 - Equals
ok 3 - Equals
ok 4 - Equals
</system-out>
    <testcase name="Equals (277)" classname="spec_perl_TestBytesPadTerm_t" time="0.000255107879638672" />
    <testcase name="Equals (278)" classname="spec_perl_TestBytesPadTerm_t" time="7.79628753662109e-05" />
    <testcase name="Equals (279)" classname="spec_perl_TestBytesPadTerm_t" time="0.000169038772583008" />
    <testcase name="Equals (280)" classname="spec_perl_TestBytesPadTerm_t" time="0.000159978866577148" />
  </testsuite>
  <testsuite name="spec_perl_TestPositionToEnd_t" errors="0" failures="0" skipped="0" tests="2" time="0.0435380935668945">
    <system-out>1..2
ok 1 - Equals
ok 2 - Equals
</system-out>
    <testcase name="Equals (281)" classname="spec_perl_TestPositionToEnd_t" time="0.000264883041381836" />
    <testcase name="Equals (282)" classname="spec_perl_TestPositionToEnd_t" time="7.60555267333984e-05" />
  </testsuite>
  <testsuite name="spec_perl_TestIndexToParamExpr_t" errors="0" failures="2" skipped="0" tests="7" time="0.0564799308776855">
    <system-out>1..7
ok 1 - Equals
ok 2 - Equals
ok 3 - Equals
ok 4 - Equals
ok 5 - Equals
not ok 6 - Equals
not ok 7 - Equals
</system-out>
    <testcase name="Equals (283)" classname="spec_perl_TestIndexToParamExpr_t" time="0.00310301780700684" />
    <testcase name="Equals (284)" classname="spec_perl_TestIndexToParamExpr_t" time="7.60555267333984e-05" />
    <testcase name="Equals (285)" classname="spec_perl_TestIndexToParamExpr_t" time="8.60691070556641e-05" />
    <testcase name="Equals (286)" classname="spec_perl_TestIndexToParamExpr_t" time="0.000176906585693359" />
    <testcase name="Equals (287)" classname="spec_perl_TestIndexToParamExpr_t" time="0.000145912170410156" />
    <testcase name="Equals (288)" classname="spec_perl_TestIndexToParamExpr_t" time="0.000247001647949219">
      <failure message="not ok 6 - Equals" type="TAP::Parser::Result::Test"></failure>
    </testcase>
    <testcase name="Equals (289)" classname="spec_perl_TestIndexToParamExpr_t" time="0.000510215759277344">
      <failure message="not ok 7 - Equals" type="TAP::Parser::Result::Test"></failure>
    </testcase>
  </testsuite>
  <testsuite name="spec_perl_TestInstanceUserArray_t" errors="0" failures="0" skipped="0" tests="10" time="0.0445210933685303">
    <system-out>1..10
ok 1 - Equals
ok 2 - Equals
ok 3 - Equals
ok 4 - Equals
ok 5 - Equals
ok 6 - Equals
ok 7 - Equals
ok 8 - Equals
ok 9 - Equals
ok 10 - Equals
</system-out>
    <testcase name="Equals (290)" classname="spec_perl_TestInstanceUserArray_t" time="0.00024104118347168" />
    <testcase name="Equals (291)" classname="spec_perl_TestInstanceUserArray_t" time="9.60826873779297e-05" />
    <testcase name="Equals (292)" classname="spec_perl_TestInstanceUserArray_t" time="0.000169992446899414" />
    <testcase name="Equals (293)" classname="spec_perl_TestInstanceUserArray_t" time="0.000454902648925781" />
    <testcase name="Equals (294)" classname="spec_perl_TestInstanceUserArray_t" time="7.91549682617188e-05" />
    <testcase name="Equals (295)" classname="spec_perl_TestInstanceUserArray_t" time="0.000162839889526367" />
    <testcase name="Equals (296)" classname="spec_perl_TestInstanceUserArray_t" time="0.000135183334350586" />
    <testcase name="Equals (297)" classname="spec_perl_TestInstanceUserArray_t" time="0.000145912170410156" />
    <testcase name="Equals (298)" classname="spec_perl_TestInstanceUserArray_t" time="0.000121116638183594" />
    <testcase name="Equals (299)" classname="spec_perl_TestInstanceUserArray_t" time="0.000162839889526367" />
  </testsuite>
  <testsuite name="spec_perl_TestPositionAbs_t" errors="0" failures="0" skipped="0" tests="2" time="0.047260046005249">
    <system-out>1..2
ok 1 - Equals
ok 2 - Equals
</system-out>
    <testcase name="Equals (300)" classname="spec_perl_TestPositionAbs_t" time="0.000305891036987305" />
    <testcase name="Equals (301)" classname="spec_perl_TestPositionAbs_t" time="0.000205039978027344" />
  </testsuite>
  <testsuite name="spec_perl_TestExprBits_t" errors="0" failures="0" skipped="0" tests="10" time="0.0451080799102783">
    <system-out>1..10
ok 1 - Equals
ok 2 - Equals
ok 3 - Equals
ok 4 - Equals
ok 5 - Equals
ok 6 - Equals
ok 7 - Equals
ok 8 - Equals
ok 9 - Equals
ok 10 - Equals
</system-out>
    <testcase name="Equals (302)" classname="spec_perl_TestExprBits_t" time="0.000334978103637695" />
    <testcase name="Equals (303)" classname="spec_perl_TestExprBits_t" time="7.29560852050781e-05" />
    <testcase name="Equals (304)" classname="spec_perl_TestExprBits_t" time="0.000184059143066406" />
    <testcase name="Equals (305)" classname="spec_perl_TestExprBits_t" time="8.392333984375e-05" />
    <testcase name="Equals (306)" classname="spec_perl_TestExprBits_t" time="0.000172138214111328" />
    <testcase name="Equals (307)" classname="spec_perl_TestExprBits_t" time="9.98973846435547e-05" />
    <testcase name="Equals (308)" classname="spec_perl_TestExprBits_t" time="0.00017094612121582" />
    <testcase name="Equals (309)" classname="spec_perl_TestExprBits_t" time="0.000108003616333008" />
    <testcase name="Equals (310)" classname="spec_perl_TestExprBits_t" time="0.000170230865478516" />
    <testcase name="Equals (311)" classname="spec_perl_TestExprBits_t" time="0.000116825103759766" />
  </testsuite>
  <testsuite name="spec_perl_TestZlibWithHeader78_t" errors="0" failures="0" skipped="0" tests="1" time="0.0598959922790527">
    <system-out>1..1
ok 1 - Equals
</system-out>
    <testcase name="Equals (312)" classname="spec_perl_TestZlibWithHeader78_t" time="0.000297069549560547" />
  </testsuite>
  <testsuite name="spec_perl_TestOpaqueExternalType_t" errors="0" failures="0" skipped="0" tests="3" time="0.0466368198394775">
    <system-out>1..3
ok 1 - Equals
ok 2 - Equals
ok 3 - Equals
</system-out>
    <testcase name="Equals (313)" classname="spec_perl_TestOpaqueExternalType_t" time="0.000319957733154297" />
    <testcase name="Equals (314)" classname="spec_perl_TestOpaqueExternalType_t" time="7.60555267333984e-05" />
    <testcase name="Equals (315)" classname="spec_perl_TestOpaqueExternalType_t" time="0.000156879425048828" />
  </testsuite>
  <testsuite name="spec_perl_TestSwitchManualIntSize_t" errors="0" failures="0" skipped="0" tests="10" time="0.0478610992431641">
    <system-out>1..10
ok 1 - Equals
ok 2 - Equals
ok 3 - Equals
ok 4 - Equals
ok 5 - Equals
ok 6 - Equals
ok 7 - Equals
ok 8 - Equals
ok 9 - Equals
ok 10 - Equals
</system-out>
    <testcase name="Equals (316)" classname="spec_perl_TestSwitchManualIntSize_t" time="0.000612020492553711" />
    <testcase name="Equals (317)" classname="spec_perl_TestSwitchManualIntSize_t" time="7.79628753662109e-05" />
    <testcase name="Equals (318)" classname="spec_perl_TestSwitchManualIntSize_t" time="0.000184059143066406" />
    <testcase name="Equals (319)" classname="spec_perl_TestSwitchManualIntSize_t" time="0.000138044357299805" />
    <testcase name="Equals (320)" classname="spec_perl_TestSwitchManualIntSize_t" time="0.000146865844726562" />
    <testcase name="Equals (321)" classname="spec_perl_TestSwitchManualIntSize_t" time="0.000172138214111328" />
    <testcase name="Equals (322)" classname="spec_perl_TestSwitchManualIntSize_t" time="0.000123023986816406" />
    <testcase name="Equals (323)" classname="spec_perl_TestSwitchManualIntSize_t" time="0.000178813934326172" />
    <testcase name="Equals (324)" classname="spec_perl_TestSwitchManualIntSize_t" time="0.000124216079711914" />
    <testcase name="Equals (325)" classname="spec_perl_TestSwitchManualIntSize_t" time="0.000174999237060547" />
  </testsuite>
  <testsuite name="spec_perl_TestSwitchManualEnumInvalidElse_t" errors="0" failures="0" skipped="0" tests="5" time="0.0448400974273682">
    <system-out>1..5
ok 1 - Equals
ok 2 - Equals
ok 3 - Equals
ok 4 - Equals
ok 5 - Equals
</system-out>
    <testcase name="Equals (326)" classname="spec_perl_TestSwitchManualEnumInvalidElse_t" time="0.00025486946105957" />
    <testcase name="Equals (327)" classname="spec_perl_TestSwitchManualEnumInvalidElse_t" time="7.70092010498047e-05" />
    <testcase name="Equals (328)" classname="spec_perl_TestSwitchManualEnumInvalidElse_t" time="0.000159978866577148" />
    <testcase name="Equals (329)" classname="spec_perl_TestSwitchManualEnumInvalidElse_t" time="0.000108003616333008" />
    <testcase name="Equals (330)" classname="spec_perl_TestSwitchManualEnumInvalidElse_t" time="0.000160932540893555" />
  </testsuite>
  <testsuite name="spec_perl_TestNavRoot_t" errors="0" failures="0" skipped="0" tests="5" time="0.0458571910858154">
    <system-out>1..5
ok 1 - Equals
ok 2 - Equals
ok 3 - Equals
ok 4 - Equals
ok 5 - Equals
</system-out>
    <testcase name="Equals (331)" classname="spec_perl_TestNavRoot_t" time="0.000344991683959961" />
    <testcase name="Equals (332)" classname="spec_perl_TestNavRoot_t" time="7.60555267333984e-05" />
    <testcase name="Equals (333)" classname="spec_perl_TestNavRoot_t" time="0.000156879425048828" />
    <testcase name="Equals (334)" classname="spec_perl_TestNavRoot_t" time="0.000169992446899414" />
    <testcase name="Equals (335)" classname="spec_perl_TestNavRoot_t" time="0.000123977661132812" />
  </testsuite>
  <testsuite name="spec_perl_TestExprSizeofType0_t" errors="0" failures="0" skipped="0" tests="1" time="0.0427601337432861">
    <system-out>1..1
ok 1 - Equals
</system-out>
    <testcase name="Equals (336)" classname="spec_perl_TestExprSizeofType0_t" time="0.000249862670898438" />
  </testsuite>
  <testsuite name="spec_perl_TestRecursiveOne_t" errors="0" failures="0" skipped="0" tests="4" time="0.0421450138092041">
    <system-out>1..4
ok 1 - Equals
ok 2 - Equals
ok 3 - Equals
ok 4 - Equals
</system-out>
    <testcase name="Equals (337)" classname="spec_perl_TestRecursiveOne_t" time="0.000244140625" />
    <testcase name="Equals (338)" classname="spec_perl_TestRecursiveOne_t" time="0.000146865844726562" />
    <testcase name="Equals (339)" classname="spec_perl_TestRecursiveOne_t" time="0.00014805793762207" />
    <testcase name="Equals (340)" classname="spec_perl_TestRecursiveOne_t" time="0.000123023986816406" />
  </testsuite>
  <testsuite name="spec_perl_TestStrPadTermEmpty_t" errors="0" failures="0" skipped="0" tests="4" time="0.0465500354766846">
    <system-out>1..4
ok 1 - Equals
ok 2 - Equals
ok 3 - Equals
ok 4 - Equals
</system-out>
    <testcase name="Equals (341)" classname="spec_perl_TestStrPadTermEmpty_t" time="0.000313043594360352" />
    <testcase name="Equals (342)" classname="spec_perl_TestStrPadTermEmpty_t" time="7.70092010498047e-05" />
    <testcase name="Equals (343)" classname="spec_perl_TestStrPadTermEmpty_t" time="0.0001678466796875" />
    <testcase name="Equals (344)" classname="spec_perl_TestStrPadTermEmpty_t" time="0.000164031982421875" />
  </testsuite>
  <testsuite name="spec_perl_TestSwitchIntegers2_t" errors="0" failures="0" skipped="0" tests="5" time="0.0421609878540039">
    <system-out>1..5
ok 1 - Equals
ok 2 - Equals
ok 3 - Equals
ok 4 - Equals
ok 5 - Equals
</system-out>
    <testcase name="Equals (345)" classname="spec_perl_TestSwitchIntegers2_t" time="0.00022578239440918" />
    <testcase name="Equals (346)" classname="spec_perl_TestSwitchIntegers2_t" time="7.20024108886719e-05" />
    <testcase name="Equals (347)" classname="spec_perl_TestSwitchIntegers2_t" time="0.000178098678588867" />
    <testcase name="Equals (348)" classname="spec_perl_TestSwitchIntegers2_t" time="8.98838043212891e-05" />
    <testcase name="Equals (349)" classname="spec_perl_TestSwitchIntegers2_t" time="0.000163078308105469" />
  </testsuite>
  <testsuite name="spec_perl_TestDebug0_t" errors="0" failures="0" skipped="1" tests="1" time="0.0408480167388916">
    <system-out>1..1
ok 1 # skip test_debug_0
</system-out>
    <testcase name="Unnamed test case 349" classname="spec_perl_TestDebug0_t" time="0.000298023223876953">
      <skipped message="ok 1 # skip test_debug_0" />
    </testcase>
  </testsuite>
  <testsuite name="spec_perl_TestIndexToParamUntil_t" errors="0" failures="2" skipped="0" tests="7" time="0.0588948726654053">
    <system-out>1..7
ok 1 - Equals
ok 2 - Equals
ok 3 - Equals
ok 4 - Equals
ok 5 - Equals
not ok 6 - Equals
not ok 7 - Equals
</system-out>
    <testcase name="Equals (350)" classname="spec_perl_TestIndexToParamUntil_t" time="0.00256705284118652" />
    <testcase name="Equals (351)" classname="spec_perl_TestIndexToParamUntil_t" time="0.00168704986572266" />
    <testcase name="Equals (352)" classname="spec_perl_TestIndexToParamUntil_t" time="0.000338077545166016" />
    <testcase name="Equals (353)" classname="spec_perl_TestIndexToParamUntil_t" time="0.000361919403076172" />
    <testcase name="Equals (354)" classname="spec_perl_TestIndexToParamUntil_t" time="0.000368118286132812" />
    <testcase name="Equals (355)" classname="spec_perl_TestIndexToParamUntil_t" time="0.000427961349487305">
      <failure message="not ok 6 - Equals" type="TAP::Parser::Result::Test"></failure>
    </testcase>
    <testcase name="Equals (356)" classname="spec_perl_TestIndexToParamUntil_t" time="0.00100898742675781">
      <failure message="not ok 7 - Equals" type="TAP::Parser::Result::Test"></failure>
    </testcase>
  </testsuite>
  <testsuite name="spec_perl_TestYamlInts_t" errors="0" failures="0" skipped="0" tests="4" time="0.0418679714202881">
    <system-out>1..4
ok 1 - Equals
ok 2 - Equals
ok 3 - Equals
ok 4 - Equals
</system-out>
    <testcase name="Equals (357)" classname="spec_perl_TestYamlInts_t" time="0.000254154205322266" />
    <testcase name="Equals (358)" classname="spec_perl_TestYamlInts_t" time="7.79628753662109e-05" />
    <testcase name="Equals (359)" classname="spec_perl_TestYamlInts_t" time="0.000169992446899414" />
    <testcase name="Equals (360)" classname="spec_perl_TestYamlInts_t" time="0.000131845474243164" />
  </testsuite>
  <testsuite name="spec_perl_TestEnumFancy_t" errors="0" failures="0" skipped="0" tests="2" time="0.0428500175476074">
    <system-out>1..2
ok 1 - Equals
ok 2 - Equals
</system-out>
    <testcase name="Equals (361)" classname="spec_perl_TestEnumFancy_t" time="0.000252008438110352" />
    <testcase name="Equals (362)" classname="spec_perl_TestEnumFancy_t" time="7.48634338378906e-05" />
  </testsuite>
  <testsuite name="spec_perl_TestDefaultBigEndian_t" errors="0" failures="0" skipped="0" tests="1" time="0.0438809394836426">
    <system-out>1..1
ok 1 - Equals
</system-out>
    <testcase name="Equals (363)" classname="spec_perl_TestDefaultBigEndian_t" time="0.000252962112426758" />
  </testsuite>
  <testsuite name="spec_perl_TestEnumDeep_t" errors="0" failures="0" skipped="0" tests="2" time="0.0465807914733887">
    <system-out>1..2
ok 1 - Equals
ok 2 - Equals
</system-out>
    <testcase name="Equals (364)" classname="spec_perl_TestEnumDeep_t" time="0.000236034393310547" />
    <testcase name="Equals (365)" classname="spec_perl_TestEnumDeep_t" time="0.000100851058959961" />
  </testsuite>
  <testsuite name="spec_perl_TestExprArray_t" errors="0" failures="1" skipped="0" tests="15" time="0.0458929538726807">
    <system-out>1..15
ok 1 - Equals
ok 2 - Equals
ok 3 - Equals
ok 4 - Equals
ok 5 - Equals
ok 6 - Equals
ok 7 - Equals
ok 8 - Equals
not ok 9 - Equals
ok 10 - Equals
ok 11 - Equals
ok 12 - Equals
ok 13 - Equals
ok 14 - Equals
ok 15 - Equals
</system-out>
    <testcase name="Equals (366)" classname="spec_perl_TestExprArray_t" time="0.000305891036987305" />
    <testcase name="Equals (367)" classname="spec_perl_TestExprArray_t" time="7.10487365722656e-05" />
    <testcase name="Equals (368)" classname="spec_perl_TestExprArray_t" time="0.000165939331054688" />
    <testcase name="Equals (369)" classname="spec_perl_TestExprArray_t" time="0.000141143798828125" />
    <testcase name="Equals (370)" classname="spec_perl_TestExprArray_t" time="0.000159978866577148" />
    <testcase name="Equals (371)" classname="spec_perl_TestExprArray_t" time="0.000108957290649414" />
    <testcase name="Equals (372)" classname="spec_perl_TestExprArray_t" time="0.000181913375854492" />
    <testcase name="Equals (373)" classname="spec_perl_TestExprArray_t" time="0.00223398208618164" />
    <testcase name="Equals (374)" classname="spec_perl_TestExprArray_t" time="4.22000885009766e-05">
      <failure message="not ok 9 - Equals" type="TAP::Parser::Result::Test"></failure>
    </testcase>
    <testcase name="Equals (375)" classname="spec_perl_TestExprArray_t" time="2.59876251220703e-05" />
    <testcase name="Equals (376)" classname="spec_perl_TestExprArray_t" time="2.19345092773438e-05" />
    <testcase name="Equals (377)" classname="spec_perl_TestExprArray_t" time="2.59876251220703e-05" />
    <testcase name="Equals (378)" classname="spec_perl_TestExprArray_t" time="2.09808349609375e-05" />
    <testcase name="Equals (379)" classname="spec_perl_TestExprArray_t" time="2.09808349609375e-05" />
    <testcase name="Equals (380)" classname="spec_perl_TestExprArray_t" time="2.00271606445312e-05" />
  </testsuite>
  <testsuite name="spec_perl_TestIndexToParamEos_t" errors="0" failures="2" skipped="0" tests="7" time="0.0571489334106445">
    <system-out>1..7
ok 1 - Equals
ok 2 - Equals
ok 3 - Equals
ok 4 - Equals
ok 5 - Equals
not ok 6 - Equals
not ok 7 - Equals
</system-out>
    <testcase name="Equals (381)" classname="spec_perl_TestIndexToParamEos_t" time="0.00633597373962402" />
    <testcase name="Equals (382)" classname="spec_perl_TestIndexToParamEos_t" time="8.60691070556641e-05" />
    <testcase name="Equals (383)" classname="spec_perl_TestIndexToParamEos_t" time="4.91142272949219e-05" />
    <testcase name="Equals (384)" classname="spec_perl_TestIndexToParamEos_t" time="3.79085540771484e-05" />
    <testcase name="Equals (385)" classname="spec_perl_TestIndexToParamEos_t" time="2.59876251220703e-05" />
    <testcase name="Equals (386)" classname="spec_perl_TestIndexToParamEos_t" time="3.60012054443359e-05">
      <failure message="not ok 6 - Equals" type="TAP::Parser::Result::Test"></failure>
    </testcase>
    <testcase name="Equals (387)" classname="spec_perl_TestIndexToParamEos_t" time="2.59876251220703e-05">
      <failure message="not ok 7 - Equals" type="TAP::Parser::Result::Test"></failure>
    </testcase>
  </testsuite>
  <testsuite name="spec_perl_TestDebugSwitchUser_t" errors="1" failures="0" skipped="0" tests="0" time="0.058419942855835">
    <system-out></system-out>
    <testcase name="Test died too soon, even before plan. (387)" classname="spec_perl_TestDebugSwitchUser_t" time="0.058419942855835">
      <failure message="The test suite died before a plan was produced. You need to have a plan." type="Plan">No plan</failure>
    </testcase>
  </testsuite>
  <testsuite name="spec_perl_TestNestedTypes_t" errors="0" failures="0" skipped="0" tests="3" time="0.0428950786590576">
    <system-out>1..3
ok 1 - Equals
ok 2 - Equals
ok 3 - Equals
</system-out>
    <testcase name="Equals (388)" classname="spec_perl_TestNestedTypes_t" time="0.000265121459960938" />
    <testcase name="Equals (389)" classname="spec_perl_TestNestedTypes_t" time="0.000169038772583008" />
    <testcase name="Equals (390)" classname="spec_perl_TestNestedTypes_t" time="0.000153064727783203" />
  </testsuite>
  <testsuite name="spec_perl_TestImports0_t" errors="0" failures="0" skipped="0" tests="3" time="0.0411958694458008">
    <system-out>1..3
ok 1 - Equals
ok 2 - Equals
ok 3 - Equals
</system-out>
    <testcase name="Equals (391)" classname="spec_perl_TestImports0_t" time="0.000243902206420898" />
    <testcase name="Equals (392)" classname="spec_perl_TestImports0_t" time="8.41617584228516e-05" />
    <testcase name="Equals (393)" classname="spec_perl_TestImports0_t" time="0.000168800354003906" />
  </testsuite>
  <testsuite name="spec_perl_TestNestedSameName2_t" errors="0" failures="0" skipped="0" tests="5" time="0.0426650047302246">
    <system-out>1..5
ok 1 - Equals
ok 2 - Equals
ok 3 - Equals
ok 4 - Equals
ok 5 - Equals
</system-out>
    <testcase name="Equals (394)" classname="spec_perl_TestNestedSameName2_t" time="0.000265121459960938" />
    <testcase name="Equals (395)" classname="spec_perl_TestNestedSameName2_t" time="9.89437103271484e-05" />
    <testcase name="Equals (396)" classname="spec_perl_TestNestedSameName2_t" time="0.000180959701538086" />
    <testcase name="Equals (397)" classname="spec_perl_TestNestedSameName2_t" time="0.000147104263305664" />
    <testcase name="Equals (398)" classname="spec_perl_TestNestedSameName2_t" time="0.00011897087097168" />
  </testsuite>
  <testsuite name="spec_perl_TestBitsByteAligned_t" errors="0" failures="0" skipped="0" tests="9" time="0.0442850589752197">
    <system-out>1..9
ok 1 - Equals
ok 2 - Equals
ok 3 - Equals
ok 4 - Equals
ok 5 - Equals
ok 6 - Equals
ok 7 - Equals
ok 8 - Equals
ok 9 - Equals
</system-out>
    <testcase name="Equals (399)" classname="spec_perl_TestBitsByteAligned_t" time="0.000266075134277344" />
    <testcase name="Equals (400)" classname="spec_perl_TestBitsByteAligned_t" time="7.79628753662109e-05" />
    <testcase name="Equals (401)" classname="spec_perl_TestBitsByteAligned_t" time="0.000164031982421875" />
    <testcase name="Equals (402)" classname="spec_perl_TestBitsByteAligned_t" time="0.000124931335449219" />
    <testcase name="Equals (403)" classname="spec_perl_TestBitsByteAligned_t" time="0.00014495849609375" />
    <testcase name="Equals (404)" classname="spec_perl_TestBitsByteAligned_t" time="0.000113010406494141" />
    <testcase name="Equals (405)" classname="spec_perl_TestBitsByteAligned_t" time="0.000190973281860352" />
    <testcase name="Equals (406)" classname="spec_perl_TestBitsByteAligned_t" time="0.000116109848022461" />
    <testcase name="Equals (407)" classname="spec_perl_TestBitsByteAligned_t" time="0.000178098678588867" />
  </testsuite>
  <testsuite name="spec_perl_TestSwitchManualEnum_t" errors="0" failures="0" skipped="0" tests="9" time="0.0452179908752441">
    <system-out>1..9
ok 1 - Equals
ok 2 - Equals
ok 3 - Equals
ok 4 - Equals
ok 5 - Equals
ok 6 - Equals
ok 7 - Equals
ok 8 - Equals
ok 9 - Equals
</system-out>
    <testcase name="Equals (408)" classname="spec_perl_TestSwitchManualEnum_t" time="0.000282049179077148" />
    <testcase name="Equals (409)" classname="spec_perl_TestSwitchManualEnum_t" time="7.20024108886719e-05" />
    <testcase name="Equals (410)" classname="spec_perl_TestSwitchManualEnum_t" time="0.000165939331054688" />
    <testcase name="Equals (411)" classname="spec_perl_TestSwitchManualEnum_t" time="0.00014495849609375" />
    <testcase name="Equals (412)" classname="spec_perl_TestSwitchManualEnum_t" time="0.000117063522338867" />
    <testcase name="Equals (413)" classname="spec_perl_TestSwitchManualEnum_t" time="0.000169038772583008" />
    <testcase name="Equals (414)" classname="spec_perl_TestSwitchManualEnum_t" time="9.79900360107422e-05" />
    <testcase name="Equals (415)" classname="spec_perl_TestSwitchManualEnum_t" time="0.0001220703125" />
    <testcase name="Equals (416)" classname="spec_perl_TestSwitchManualEnum_t" time="0.000171899795532227" />
  </testsuite>
  <testsuite name="spec_perl_TestSwitchCast_t" errors="0" failures="0" skipped="0" tests="2" time="0.0466179847717285">
    <system-out>1..2
ok 1 - Equals
ok 2 - Equals
</system-out>
    <testcase name="Equals (417)" classname="spec_perl_TestSwitchCast_t" time="0.000306129455566406" />
    <testcase name="Equals (418)" classname="spec_perl_TestSwitchCast_t" time="7.58171081542969e-05" />
  </testsuite>
  <testsuite name="spec_perl_TestProcessXorValue_t" errors="0" failures="0" skipped="0" tests="2" time="0.0417280197143555">
    <system-out>1..2
ok 1 - Equals
ok 2 - Equals
</system-out>
    <testcase name="Equals (419)" classname="spec_perl_TestProcessXorValue_t" time="0.000257968902587891" />
    <testcase name="Equals (420)" classname="spec_perl_TestProcessXorValue_t" time="7.20024108886719e-05" />
  </testsuite>
  <testsuite name="spec_perl_TestExpr1_t" errors="0" failures="0" skipped="0" tests="4" time="0.04659104347229">
    <system-out>1..4
ok 1 - Equals
ok 2 - Equals
ok 3 - Equals
ok 4 - Equals
</system-out>
    <testcase name="Equals (421)" classname="spec_perl_TestExpr1_t" time="0.000261068344116211" />
    <testcase name="Equals (422)" classname="spec_perl_TestExpr1_t" time="7.79628753662109e-05" />
    <testcase name="Equals (423)" classname="spec_perl_TestExpr1_t" time="0.000171899795532227" />
    <testcase name="Equals (424)" classname="spec_perl_TestExpr1_t" time="9.82284545898438e-05" />
  </testsuite>
  <testsuite name="spec_perl_TestEnum1_t" errors="0" failures="0" skipped="0" tests="2" time="0.0423860549926758">
    <system-out>1..2
ok 1 - Equals
ok 2 - Equals
</system-out>
    <testcase name="Equals (425)" classname="spec_perl_TestEnum1_t" time="0.000261783599853516" />
    <testcase name="Equals (426)" classname="spec_perl_TestEnum1_t" time="8.0108642578125e-05" />
  </testsuite>
  <testsuite name="spec_perl_TestIfStruct_t" errors="0" failures="0" skipped="0" tests="7" time="0.0450940132141113">
    <system-out>1..7
ok 1 - Equals
ok 2 - Equals
ok 3 - Equals
ok 4 - Equals
ok 5 - Equals
ok 6 - Equals
ok 7 - Equals
</system-out>
    <testcase name="Equals (427)" classname="spec_perl_TestIfStruct_t" time="0.000320911407470703" />
    <testcase name="Equals (428)" classname="spec_perl_TestIfStruct_t" time="7.70092010498047e-05" />
    <testcase name="Equals (429)" classname="spec_perl_TestIfStruct_t" time="0.000159978866577148" />
    <testcase name="Equals (430)" classname="spec_perl_TestIfStruct_t" time="0.000101089477539062" />
    <testcase name="Equals (431)" classname="spec_perl_TestIfStruct_t" time="0.000167131423950195" />
    <testcase name="Equals (432)" classname="spec_perl_TestIfStruct_t" time="9.79900360107422e-05" />
    <testcase name="Equals (433)" classname="spec_perl_TestIfStruct_t" time="0.000161886215209961" />
  </testsuite>
  <testsuite name="spec_perl_TestBufferedStruct_t" errors="0" failures="0" skipped="0" tests="7" time="0.0477159023284912">
    <system-out>1..7
ok 1 - Equals
ok 2 - Equals
ok 3 - Equals
ok 4 - Equals
ok 5 - Equals
ok 6 - Equals
ok 7 - Equals
</system-out>
    <testcase name="Equals (434)" classname="spec_perl_TestBufferedStruct_t" time="0.000684976577758789" />
    <testcase name="Equals (435)" classname="spec_perl_TestBufferedStruct_t" time="9.10758972167969e-05" />
    <testcase name="Equals (436)" classname="spec_perl_TestBufferedStruct_t" time="5.79357147216797e-05" />
    <testcase name="Equals (437)" classname="spec_perl_TestBufferedStruct_t" time="0.000149011611938477" />
    <testcase name="Equals (438)" classname="spec_perl_TestBufferedStruct_t" time="0.000133037567138672" />
    <testcase name="Equals (439)" classname="spec_perl_TestBufferedStruct_t" time="0.000149011611938477" />
    <testcase name="Equals (440)" classname="spec_perl_TestBufferedStruct_t" time="0.000112056732177734" />
  </testsuite>
  <testsuite name="spec_perl_TestNestedTypes3_t" errors="0" failures="0" skipped="0" tests="5" time="0.043269157409668">
    <system-out>1..5
ok 1 - Equals
ok 2 - Equals
ok 3 - Equals
ok 4 - Equals
ok 5 - Equals
</system-out>
    <testcase name="Equals (441)" classname="spec_perl_TestNestedTypes3_t" time="0.00149893760681152" />
    <testcase name="Equals (442)" classname="spec_perl_TestNestedTypes3_t" time="5.29289245605469e-05" />
    <testcase name="Equals (443)" classname="spec_perl_TestNestedTypes3_t" time="2.50339508056641e-05" />
    <testcase name="Equals (444)" classname="spec_perl_TestNestedTypes3_t" time="2.31266021728516e-05" />
    <testcase name="Equals (445)" classname="spec_perl_TestNestedTypes3_t" time="2.19345092773438e-05" />
  </testsuite>
  <testsuite name="spec_perl_TestSwitchRepeatExpr_t" errors="0" failures="0" skipped="0" tests="3" time="0.0439519882202148">
    <system-out>1..3
ok 1 - Equals
ok 2 - Equals
ok 3 - Equals
</system-out>
    <testcase name="Equals (446)" classname="spec_perl_TestSwitchRepeatExpr_t" time="0.000483036041259766" />
    <testcase name="Equals (447)" classname="spec_perl_TestSwitchRepeatExpr_t" time="8.48770141601562e-05" />
    <testcase name="Equals (448)" classname="spec_perl_TestSwitchRepeatExpr_t" time="0.000145196914672852" />
  </testsuite>
  <testsuite name="spec_perl_TestDefaultEndianExprIsBe_t" errors="0" failures="0" skipped="0" tests="18" time="0.044856071472168">
    <system-out>1..18
ok 1 - Equals
ok 2 - Equals
ok 3 - Equals
ok 4 - Equals
ok 5 - Equals
ok 6 - Equals
ok 7 - Equals
ok 8 - Equals
ok 9 - Equals
ok 10 - Equals
ok 11 - Equals
ok 12 - Equals
ok 13 - Equals
ok 14 - Equals
ok 15 - Equals
ok 16 - Equals
ok 17 - Equals
ok 18 - Equals
</system-out>
    <testcase name="Equals (449)" classname="spec_perl_TestDefaultEndianExprIsBe_t" time="0.000289201736450195" />
    <testcase name="Equals (450)" classname="spec_perl_TestDefaultEndianExprIsBe_t" time="7.29560852050781e-05" />
    <testcase name="Equals (451)" classname="spec_perl_TestDefaultEndianExprIsBe_t" time="0.0001678466796875" />
[...]
    <testcase name="Equals (623)" classname="spec_perl_TestBcdUserTypeBe_t" time="9.58442687988281e-05" />
    <testcase name="Equals (624)" classname="spec_perl_TestBcdUserTypeBe_t" time="0.000135183334350586" />
    <testcase name="Equals (625)" classname="spec_perl_TestBcdUserTypeBe_t" time="0.000166893005371094" />
    <testcase name="Equals (626)" classname="spec_perl_TestBcdUserTypeBe_t" time="0.000160932540893555" />
    <testcase name="Equals (627)" classname="spec_perl_TestBcdUserTypeBe_t" time="0.000172138214111328" />
  </testsuite>
  <testsuite name="spec_perl_TestFloatToI_t" errors="0" failures="0" skipped="0" tests="8" time="0.043687105178833">
    <system-out>1..8
ok 1 - Equals
ok 2 - Equals
ok 3 - Equals
ok 4 - Equals
ok 5 - Equals
ok 6 - Equals
ok 7 - Equals
ok 8 - Equals
</system-out>
    <testcase name="Equals (628)" classname="spec_perl_TestFloatToI_t" time="0.000251054763793945" />
    <testcase name="Equals (629)" classname="spec_perl_TestFloatToI_t" time="9.29832458496094e-05" />
    <testcase name="Equals (630)" classname="spec_perl_TestFloatToI_t" time="0.00014805793762207" />
    <testcase name="Equals (631)" classname="spec_perl_TestFloatToI_t" time="0.000144004821777344" />
    <testcase name="Equals (632)" classname="spec_perl_TestFloatToI_t" time="0.000185966491699219" />
    <testcase name="Equals (633)" classname="spec_perl_TestFloatToI_t" time="0.000129938125610352" />
    <testcase name="Equals (634)" classname="spec_perl_TestFloatToI_t" time="0.000178098678588867" />
    <testcase name="Equals (635)" classname="spec_perl_TestFloatToI_t" time="0.00010991096496582" />
  </testsuite>
  <testsuite name="spec_perl_TestStrLiterals_t" errors="0" failures="0" skipped="0" tests="5" time="0.0430130958557129">
    <system-out>1..5
ok 1 - Equals
ok 2 - Equals
ok 3 - Equals
ok 4 - Equals
ok 5 - Equals
</system-out>
    <testcase name="Equals (636)" classname="spec_perl_TestStrLiterals_t" time="0.000241994857788086" />
    <testcase name="Equals (637)" classname="spec_perl_TestStrLiterals_t" time="9.29832458496094e-05" />
    <testcase name="Equals (638)" classname="spec_perl_TestStrLiterals_t" time="0.000197887420654297" />
    <testcase name="Equals (639)" classname="spec_perl_TestStrLiterals_t" time="0.00014805793762207" />
    <testcase name="Equals (640)" classname="spec_perl_TestStrLiterals_t" time="0.000199079513549805" />
  </testsuite>
  <testsuite name="spec_perl_TestIfValues_t" errors="0" failures="0" skipped="0" tests="6" time="0.0411009788513184">
    <system-out>1..6
ok 1 - Equals
ok 2 - Equals
ok 3 - Equals
ok 4 - nil
ok 5 - Equals
ok 6 - nil
</system-out>
    <testcase name="Equals (641)" classname="spec_perl_TestIfValues_t" time="0.000252962112426758" />
    <testcase name="Equals (642)" classname="spec_perl_TestIfValues_t" time="7.51018524169922e-05" />
    <testcase name="Equals (643)" classname="spec_perl_TestIfValues_t" time="0.000156879425048828" />
    <testcase name="nil (643)" classname="spec_perl_TestIfValues_t" time="6.29425048828125e-05" />
    <testcase name="Equals (644)" classname="spec_perl_TestIfValues_t" time="9.20295715332031e-05" />
    <testcase name="nil (644)" classname="spec_perl_TestIfValues_t" time="6.91413879394531e-05" />
  </testsuite>
  <testsuite name="spec_perl_TestNavParent_t" errors="0" failures="0" skipped="0" tests="5" time="0.0450809001922607">
    <system-out>1..5
ok 1 - Equals
ok 2 - Equals
ok 3 - Equals
ok 4 - Equals
ok 5 - Equals
</system-out>
    <testcase name="Equals (645)" classname="spec_perl_TestNavParent_t" time="0.000349998474121094" />
    <testcase name="Equals (646)" classname="spec_perl_TestNavParent_t" time="7.70092010498047e-05" />
    <testcase name="Equals (647)" classname="spec_perl_TestNavParent_t" time="0.000154972076416016" />
    <testcase name="Equals (648)" classname="spec_perl_TestNavParent_t" time="0.000101089477539062" />
    <testcase name="Equals (649)" classname="spec_perl_TestNavParent_t" time="0.000159978866577148" />
  </testsuite>
  <testsuite name="spec_perl_TestEnumLongRangeS_t" errors="0" failures="0" skipped="0" tests="7" time="0.0435678958892822">
    <system-out>1..7
ok 1 - Equals
ok 2 - Equals
ok 3 - Equals
ok 4 - Equals
ok 5 - Equals
ok 6 - Equals
ok 7 - Equals
</system-out>
    <testcase name="Equals (650)" classname="spec_perl_TestEnumLongRangeS_t" time="0.000238895416259766" />
    <testcase name="Equals (651)" classname="spec_perl_TestEnumLongRangeS_t" time="9.39369201660156e-05" />
    <testcase name="Equals (652)" classname="spec_perl_TestEnumLongRangeS_t" time="0.000167131423950195" />
    <testcase name="Equals (653)" classname="spec_perl_TestEnumLongRangeS_t" time="0.00014805793762207" />
    <testcase name="Equals (654)" classname="spec_perl_TestEnumLongRangeS_t" time="0.000114917755126953" />
    <testcase name="Equals (655)" classname="spec_perl_TestEnumLongRangeS_t" time="0.000161886215209961" />
    <testcase name="Equals (656)" classname="spec_perl_TestEnumLongRangeS_t" time="0.000121116638183594" />
  </testsuite>
  <testsuite name="spec_perl_TestInstanceIoUser_t" errors="0" failures="0" skipped="0" tests="4" time="0.0542550086975098">
    <system-out>1..4
ok 1 - Equals
ok 2 - Equals
ok 3 - Equals
ok 4 - Equals
</system-out>
    <testcase name="Equals (657)" classname="spec_perl_TestInstanceIoUser_t" time="0.000572919845581055" />
    <testcase name="Equals (658)" classname="spec_perl_TestInstanceIoUser_t" time="0.000103950500488281" />
    <testcase name="Equals (659)" classname="spec_perl_TestInstanceIoUser_t" time="0.000173091888427734" />
    <testcase name="Equals (660)" classname="spec_perl_TestInstanceIoUser_t" time="0.000165939331054688" />
  </testsuite>
  <testsuite name="spec_perl_TestProcessRepeatBytes_t" errors="0" failures="1" skipped="1" tests="2" time="0.0483698844909668">
    <system-out>1..2
not ok 1 - test_process_repeat_bytes died (Can't use string (&quot;����Ƕ�毫������&quot;) as an ARRAY ref while &quot;strict refs&quot; in use at spec/perl/TestProcessRepeatBytes.t line 15.)
ok 2 # skip test_process_repeat_bytes died
</system-out>
    <testcase name="test_process_repeat_bytes died (Can't use string (&quot;����Ƕ�毫������&quot;) as an ARRAY ref while &quot;strict refs&quot; in use at spec/perl/TestProcessRepeatBytes.t line 15.) (660)" classname="spec_perl_TestProcessRepeatBytes_t" time="0.000329017639160156">
      <failure message="not ok 1 - test_process_repeat_bytes died (Can't use string (&quot;����Ƕ�毫������&quot;) as an ARRAY ref while &quot;strict refs&quot; in use at spec/perl/TestProcessRepeatBytes.t line 15.)" type="TAP::Parser::Result::Test"></failure>
    </testcase>
    <testcase name="Unnamed test case 660" classname="spec_perl_TestProcessRepeatBytes_t" time="0.000818967819213867">
      <skipped message="ok 2 # skip test_process_repeat_bytes died" />
    </testcase>
  </testsuite>
  <testsuite name="spec_perl_TestNavParentSwitchCast_t" errors="0" failures="0" skipped="0" tests="3" time="0.0406858921051025">
    <system-out>1..3
ok 1 - Equals
ok 2 - Equals
ok 3 - Equals
</system-out>
    <testcase name="Equals (661)" classname="spec_perl_TestNavParentSwitchCast_t" time="0.000459909439086914" />
    <testcase name="Equals (662)" classname="spec_perl_TestNavParentSwitchCast_t" time="7.39097595214844e-05" />
    <testcase name="Equals (663)" classname="spec_perl_TestNavParentSwitchCast_t" time="0.000195026397705078" />
  </testsuite>
  <testsuite name="spec_perl_TestParamsEnum_t" errors="0" failures="1" skipped="0" tests="2" time="0.0533950328826904">
    <system-out>1..2
ok 1 - Equals
not ok 2 - Equals
</system-out>
    <testcase name="Equals (664)" classname="spec_perl_TestParamsEnum_t" time="0.000239133834838867" />
    <testcase name="Equals (665)" classname="spec_perl_TestParamsEnum_t" time="0.000181913375854492">
      <failure message="not ok 2 - Equals" type="TAP::Parser::Result::Test"></failure>
    </testcase>
  </testsuite>
  <testsuite name="spec_perl_TestStrEos_t" errors="0" failures="0" skipped="0" tests="1" time="0.0456178188323975">
    <system-out>1..1
ok 1 - Equals
</system-out>
    <testcase name="Equals (666)" classname="spec_perl_TestStrEos_t" time="0.000280857086181641" />
  </testsuite>
  <testsuite name="spec_perl_TestTsPacketHeader_t" errors="0" failures="0" skipped="0" tests="7" time="0.043159008026123">
    <system-out>1..7
ok 1 - Equals
ok 2 - Equals
ok 3 - Equals
ok 4 - Equals
ok 5 - Equals
ok 6 - Equals
ok 7 - Equals
</system-out>
    <testcase name="Equals (667)" classname="spec_perl_TestTsPacketHeader_t" time="0.000127077102661133" />
    <testcase name="Equals (668)" classname="spec_perl_TestTsPacketHeader_t" time="5.29289245605469e-05" />
    <testcase name="Equals (669)" classname="spec_perl_TestTsPacketHeader_t" time="4.41074371337891e-05" />
    <testcase name="Equals (670)" classname="spec_perl_TestTsPacketHeader_t" time="4.1961669921875e-05" />
    <testcase name="Equals (671)" classname="spec_perl_TestTsPacketHeader_t" time="5.88893890380859e-05" />
    <testcase name="Equals (672)" classname="spec_perl_TestTsPacketHeader_t" time="6.19888305664062e-05" />
    <testcase name="Equals (673)" classname="spec_perl_TestTsPacketHeader_t" time="0.000130176544189453" />
  </testsuite>
  <testsuite name="spec_perl_TestEnumImport_t" errors="0" failures="2" skipped="0" tests="2" time="0.0497012138366699">
    <system-out>1..2
not ok 1 - Equals
not ok 2 - Equals
</system-out>
    <testcase name="Equals (674)" classname="spec_perl_TestEnumImport_t" time="0.000250816345214844">
      <failure message="not ok 1 - Equals" type="TAP::Parser::Result::Test"></failure>
    </testcase>
    <testcase name="Equals (675)" classname="spec_perl_TestEnumImport_t" time="0.00204896926879883">
      <failure message="not ok 2 - Equals" type="TAP::Parser::Result::Test"></failure>
    </testcase>
  </testsuite>
  <testsuite name="spec_perl_TestNavParentFalse_t" errors="0" failures="0" skipped="0" tests="5" time="0.0435278415679932">
    <system-out>1..5
ok 1 - Equals
ok 2 - Equals
ok 3 - Equals
ok 4 - Equals
ok 5 - Equals
</system-out>
    <testcase name="Equals (676)" classname="spec_perl_TestNavParentFalse_t" time="0.000262975692749023" />
    <testcase name="Equals (677)" classname="spec_perl_TestNavParentFalse_t" time="9.01222229003906e-05" />
    <testcase name="Equals (678)" classname="spec_perl_TestNavParentFalse_t" time="0.000171899795532227" />
    <testcase name="Equals (679)" classname="spec_perl_TestNavParentFalse_t" time="0.00014805793762207" />
    <testcase name="Equals (680)" classname="spec_perl_TestNavParentFalse_t" time="0.000111818313598633" />
  </testsuite>
  <testsuite name="spec_perl_TestValidShort_t" errors="1" failures="0" skipped="0" tests="0" time="0.0434441566467285">
    <system-out></system-out>
    <testcase name="Test died too soon, even before plan. (680)" classname="spec_perl_TestValidShort_t" time="0.0434441566467285">
      <failure message="The test suite died before a plan was produced. You need to have a plan." type="Plan">No plan</failure>
    </testcase>
  </testsuite>
  <testsuite name="spec_perl_TestStrEncodingsDefault_t" errors="0" failures="0" skipped="0" tests="4" time="0.0496211051940918">
    <system-out>1..4
ok 1 - Equals
ok 2 - Equals
ok 3 - Equals
ok 4 - Equals
</system-out>
    <testcase name="Equals (681)" classname="spec_perl_TestStrEncodingsDefault_t" time="0.00301098823547363" />
    <testcase name="Equals (682)" classname="spec_perl_TestStrEncodingsDefault_t" time="8.20159912109375e-05" />
    <testcase name="Equals (683)" classname="spec_perl_TestStrEncodingsDefault_t" time="0.000201940536499023" />
    <testcase name="Equals (684)" classname="spec_perl_TestStrEncodingsDefault_t" time="0.000142097473144531" />
  </testsuite>
  <testsuite name="spec_perl_TestRepeatNStrz_t" errors="0" failures="0" skipped="0" tests="2" time="0.0443778038024902">
    <system-out>1..2
ok 1 - Equals
ok 2 - Equals
</system-out>
    <testcase name="Equals (685)" classname="spec_perl_TestRepeatNStrz_t" time="0.00030207633972168" />
    <testcase name="Equals (686)" classname="spec_perl_TestRepeatNStrz_t" time="9.39369201660156e-05" />
  </testsuite>
  <testsuite name="spec_perl_TestRepeatUntilSized_t" errors="0" failures="0" skipped="0" tests="7" time="0.0413219928741455">
    <system-out>1..7
ok 1 - Equals
ok 2 - Equals
ok 3 - Equals
ok 4 - Equals
ok 5 - Equals
ok 6 - Equals
ok 7 - Equals
</system-out>
    <testcase name="Equals (687)" classname="spec_perl_TestRepeatUntilSized_t" time="0.000465869903564453" />
    <testcase name="Equals (688)" classname="spec_perl_TestRepeatUntilSized_t" time="7.41481781005859e-05" />
    <testcase name="Equals (689)" classname="spec_perl_TestRepeatUntilSized_t" time="0.000155925750732422" />
    <testcase name="Equals (690)" classname="spec_perl_TestRepeatUntilSized_t" time="0.000147104263305664" />
    <testcase name="Equals (691)" classname="spec_perl_TestRepeatUntilSized_t" time="9.39369201660156e-05" />
    <testcase name="Equals (692)" classname="spec_perl_TestRepeatUntilSized_t" time="0.000162839889526367" />
    <testcase name="Equals (693)" classname="spec_perl_TestRepeatUntilSized_t" time="0.000102043151855469" />
  </testsuite>
  <testsuite name="spec_perl_TestBitsEnum_t" errors="0" failures="0" skipped="0" tests="3" time="0.043936014175415">
    <system-out>1..3
ok 1 - Equals
ok 2 - Equals
ok 3 - Equals
</system-out>
    <testcase name="Equals (694)" classname="spec_perl_TestBitsEnum_t" time="0.000242948532104492" />
    <testcase name="Equals (695)" classname="spec_perl_TestBitsEnum_t" time="7.79628753662109e-05" />
    <testcase name="Equals (696)" classname="spec_perl_TestBitsEnum_t" time="0.000171899795532227" />
  </testsuite>
  <testsuite name="spec_perl_TestExprCalcArrayOps_t" errors="0" failures="1" skipped="17" tests="18" time="0.0617799758911133">
    <system-out>1..18
not ok 1 - test_expr_calc_array_ops died (Can't use string (&quot;1000&quot;) as an ARRAY ref while &quot;strict refs&quot; in use at compiled/perl/ExprCalcArrayOps.pm line 50.)
ok 2 # skip test_expr_calc_array_ops died
ok 3 # skip test_expr_calc_array_ops died
ok 4 # skip test_expr_calc_array_ops died
ok 5 # skip test_expr_calc_array_ops died
ok 6 # skip test_expr_calc_array_ops died
ok 7 # skip test_expr_calc_array_ops died
ok 8 # skip test_expr_calc_array_ops died
ok 9 # skip test_expr_calc_array_ops died
ok 10 # skip test_expr_calc_array_ops died
ok 11 # skip test_expr_calc_array_ops died
ok 12 # skip test_expr_calc_array_ops died
ok 13 # skip test_expr_calc_array_ops died
ok 14 # skip test_expr_calc_array_ops died
ok 15 # skip test_expr_calc_array_ops died
ok 16 # skip test_expr_calc_array_ops died
ok 17 # skip test_expr_calc_array_ops died
ok 18 # skip test_expr_calc_array_ops died
</system-out>
    <testcase name="test_expr_calc_array_ops died (Can't use string (&quot;1000&quot;) as an ARRAY ref while &quot;strict refs&quot; in use at compiled/perl/ExprCalcArrayOps.pm line 50.) (696)" classname="spec_perl_TestExprCalcArrayOps_t" time="0.000982999801635742">
      <failure message="not ok 1 - test_expr_calc_array_ops died (Can't use string (&quot;1000&quot;) as an ARRAY ref while &quot;strict refs&quot; in use at compiled/perl/ExprCalcArrayOps.pm line 50.)" type="TAP::Parser::Result::Test"></failure>
    </testcase>
    <testcase name="Unnamed test case 696" classname="spec_perl_TestExprCalcArrayOps_t" time="0.0042879581451416">
      <skipped message="ok 2 # skip test_expr_calc_array_ops died" />
    </testcase>
    <testcase name="Unnamed test case 697" classname="spec_perl_TestExprCalcArrayOps_t" time="0.00029301643371582">
      <skipped message="ok 3 # skip test_expr_calc_array_ops died" />
    </testcase>
    <testcase name="Unnamed test case 698" classname="spec_perl_TestExprCalcArrayOps_t" time="0.000236034393310547">
      <skipped message="ok 4 # skip test_expr_calc_array_ops died" />
    </testcase>
    <testcase name="Unnamed test case 699" classname="spec_perl_TestExprCalcArrayOps_t" time="0.000226974487304688">
      <skipped message="ok 5 # skip test_expr_calc_array_ops died" />
    </testcase>
    <testcase name="Unnamed test case 700" classname="spec_perl_TestExprCalcArrayOps_t" time="0.000235080718994141">
      <skipped message="ok 6 # skip test_expr_calc_array_ops died" />
    </testcase>
    <testcase name="Unnamed test case 701" classname="spec_perl_TestExprCalcArrayOps_t" time="0.00080108642578125">
      <skipped message="ok 7 # skip test_expr_calc_array_ops died" />
    </testcase>
    <testcase name="Unnamed test case 702" classname="spec_perl_TestExprCalcArrayOps_t" time="0.000190019607543945">
      <skipped message="ok 8 # skip test_expr_calc_array_ops died" />
    </testcase>
    <testcase name="Unnamed test case 703" classname="spec_perl_TestExprCalcArrayOps_t" time="0.000121831893920898">
      <skipped message="ok 9 # skip test_expr_calc_array_ops died" />
    </testcase>
    <testcase name="Unnamed test case 704" classname="spec_perl_TestExprCalcArrayOps_t" time="0.000189065933227539">
      <skipped message="ok 10 # skip test_expr_calc_array_ops died" />
    </testcase>
    <testcase name="Unnamed test case 705" classname="spec_perl_TestExprCalcArrayOps_t" time="0.000133037567138672">
      <skipped message="ok 11 # skip test_expr_calc_array_ops died" />
    </testcase>
    <testcase name="Unnamed test case 706" classname="spec_perl_TestExprCalcArrayOps_t" time="0.000186920166015625">
      <skipped message="ok 12 # skip test_expr_calc_array_ops died" />
    </testcase>
    <testcase name="Unnamed test case 707" classname="spec_perl_TestExprCalcArrayOps_t" time="0.000138998031616211">
      <skipped message="ok 13 # skip test_expr_calc_array_ops died" />
    </testcase>
    <testcase name="Unnamed test case 708" classname="spec_perl_TestExprCalcArrayOps_t" time="0.000124931335449219">
      <skipped message="ok 14 # skip test_expr_calc_array_ops died" />
    </testcase>
    <testcase name="Unnamed test case 709" classname="spec_perl_TestExprCalcArrayOps_t" time="0.000274181365966797">
      <skipped message="ok 15 # skip test_expr_calc_array_ops died" />
    </testcase>
    <testcase name="Unnamed test case 710" classname="spec_perl_TestExprCalcArrayOps_t" time="0.00028681755065918">
      <skipped message="ok 16 # skip test_expr_calc_array_ops died" />
    </testcase>
    <testcase name="Unnamed test case 711" classname="spec_perl_TestExprCalcArrayOps_t" time="0.00020599365234375">
      <skipped message="ok 17 # skip test_expr_calc_array_ops died" />
    </testcase>
    <testcase name="Unnamed test case 712" classname="spec_perl_TestExprCalcArrayOps_t" time="0.000126123428344727">
      <skipped message="ok 18 # skip test_expr_calc_array_ops died" />
    </testcase>
  </testsuite>
  <testsuite name="spec_perl_TestJsSignedRightShift_t" errors="0" failures="0" skipped="0" tests="2" time="0.0424039363861084">
    <system-out>1..2
ok 1 - Equals
ok 2 - Equals
</system-out>
    <testcase name="Equals (712)" classname="spec_perl_TestJsSignedRightShift_t" time="0.000253915786743164" />
    <testcase name="Equals (713)" classname="spec_perl_TestJsSignedRightShift_t" time="0.000154018402099609" />
  </testsuite>
  <testsuite name="spec_perl_TestEnumToI_t" errors="0" failures="0" skipped="0" tests="5" time="0.0426738262176514">
    <system-out>1..5
ok 1 - Equals
ok 2 - Equals
ok 3 - Equals
ok 4 - Equals
ok 5 - Equals
</system-out>
    <testcase name="Equals (714)" classname="spec_perl_TestEnumToI_t" time="0.000237941741943359" />
    <testcase name="Equals (715)" classname="spec_perl_TestEnumToI_t" time="9.32216644287109e-05" />
    <testcase name="Equals (716)" classname="spec_perl_TestEnumToI_t" time="0.000173807144165039" />
    <testcase name="Equals (717)" classname="spec_perl_TestEnumToI_t" time="0.000145196914672852" />
    <testcase name="Equals (718)" classname="spec_perl_TestEnumToI_t" time="0.000111818313598633" />
  </testsuite>
</testsuites>
