<?xml version='1.0' encoding='utf-8'?>
<testsuites>
  <testsuite name="spec_perl_TestZlibSurrounded_t" errors="0" failures="0" skipped="0" tests="1" time="0.0685172080993652">
    <system-out>1..1
ok 1 - Equals
</system-out>
    <testcase name="Equals" classname="spec_perl_TestZlibSurrounded_t" time="0.00200700759887695" />
  </testsuite>
  <testsuite name="spec_perl_TestDebugSwitchUser_t" errors="1" failures="0" skipped="0" tests="0" time="0.0327579975128174">
    <system-out></system-out>
    <testcase name="Test died too soon, even before plan." classname="spec_perl_TestDebugSwitchUser_t" time="0.0327579975128174">
      <failure message="The test suite died before a plan was produced. You need to have a plan." type="Plan">No plan</failure>
    </testcase>
  </testsuite>
  <testsuite name="spec_perl_TestSwitchIntegers_t" errors="0" failures="0" skipped="0" tests="9" time="0.0368471145629883">
    <system-out>1..9
ok 1 - Equals
ok 2 - Equals
ok 3 - Equals
ok 4 - Equals
ok 5 - Equals
ok 6 - Equals
ok 7 - Equals
ok 8 - Equals
ok 9 - Equals
</system-out>
    <testcase name="Equals (2)" classname="spec_perl_TestSwitchIntegers_t" time="0.00128006935119629" />
    <testcase name="Equals (3)" classname="spec_perl_TestSwitchIntegers_t" time="8.29696655273438e-05" />
    <testcase name="Equals (4)" classname="spec_perl_TestSwitchIntegers_t" time="3.91006469726562e-05" />
    <testcase name="Equals (5)" classname="spec_perl_TestSwitchIntegers_t" time="4.69684600830078e-05" />
    <testcase name="Equals (6)" classname="spec_perl_TestSwitchIntegers_t" time="4.50611114501953e-05" />
    <testcase name="Equals (7)" classname="spec_perl_TestSwitchIntegers_t" time="4.29153442382812e-05" />
    <testcase name="Equals (8)" classname="spec_perl_TestSwitchIntegers_t" time="7.51018524169922e-05" />
    <testcase name="Equals (9)" classname="spec_perl_TestSwitchIntegers_t" time="7.39097595214844e-05" />
    <testcase name="Equals (10)" classname="spec_perl_TestSwitchIntegers_t" time="5.60283660888672e-05" />
  </testsuite>
  <testsuite name="spec_perl_TestCastToTop_t" errors="0" failures="0" skipped="0" tests="3" time="0.0401980876922607">
    <system-out>1..3
ok 1 - Equals
ok 2 - Equals
ok 3 - Equals
</system-out>
    <testcase name="Equals (11)" classname="spec_perl_TestCastToTop_t" time="0.00154900550842285" />
    <testcase name="Equals (12)" classname="spec_perl_TestCastToTop_t" time="8.0108642578125e-05" />
    <testcase name="Equals (13)" classname="spec_perl_TestCastToTop_t" time="4.69684600830078e-05" />
  </testsuite>
  <testsuite name="spec_perl_TestBcdUserTypeBe_t" errors="0" failures="0" skipped="0" tests="6" time="0.0433461666107178">
    <system-out>1..6
ok 1 - Equals
ok 2 - Equals
ok 3 - Equals
ok 4 - Equals
ok 5 - Equals
ok 6 - Equals
</system-out>
    <testcase name="Equals (14)" classname="spec_perl_TestBcdUserTypeBe_t" time="0.00188803672790527" />
    <testcase name="Equals (15)" classname="spec_perl_TestBcdUserTypeBe_t" time="7.70092010498047e-05" />
    <testcase name="Equals (16)" classname="spec_perl_TestBcdUserTypeBe_t" time="5.00679016113281e-05" />
    <testcase name="Equals (17)" classname="spec_perl_TestBcdUserTypeBe_t" time="4.48226928710938e-05" />
    <testcase name="Equals (18)" classname="spec_perl_TestBcdUserTypeBe_t" time="0.000100135803222656" />
    <testcase name="Equals (19)" classname="spec_perl_TestBcdUserTypeBe_t" time="7.89165496826172e-05" />
  </testsuite>
  <testsuite name="spec_perl_TestTypeIntUnaryOp_t" errors="0" failures="0" skipped="0" tests="4" time="0.0364458560943604">
    <system-out>1..4
ok 1 - Equals
ok 2 - Equals
ok 3 - Equals
ok 4 - Equals
</system-out>
    <testcase name="Equals (20)" classname="spec_perl_TestTypeIntUnaryOp_t" time="0.00128722190856934" />
    <testcase name="Equals (21)" classname="spec_perl_TestTypeIntUnaryOp_t" time="0.00010991096496582" />
    <testcase name="Equals (22)" classname="spec_perl_TestTypeIntUnaryOp_t" time="7.98702239990234e-05" />
    <testcase name="Equals (23)" classname="spec_perl_TestTypeIntUnaryOp_t" time="6.19888305664062e-05" />
  </testsuite>
  <testsuite name="spec_perl_TestEnumToIClassBorder1_t" errors="0" failures="1" skipped="0" tests="3" time="0.0447888374328613">
    <system-out>1..3
ok 1 - Equals
ok 2 - Equals
not ok 3 - test_enum_to_i_class_border_1 died (Can't call method &quot;some_dog&quot; on an undefined value at compiled/perl/EnumToIClassBorder2.pm line 42.)
</system-out>
    <testcase name="Equals (24)" classname="spec_perl_TestEnumToIClassBorder1_t" time="0.00133609771728516" />
    <testcase name="Equals (25)" classname="spec_perl_TestEnumToIClassBorder1_t" time="0.000108003616333008" />
    <testcase name="test_enum_to_i_class_border_1 died (Can't call method &quot;some_dog&quot; on an undefined value at compiled/perl/EnumToIClassBorder2.pm line 42.) (25)" classname="spec_perl_TestEnumToIClassBorder1_t" time="7.98702239990234e-05">
      <failure message="not ok 3 - test_enum_to_i_class_border_1 died (Can't call method &quot;some_dog&quot; on an undefined value at compiled/perl/EnumToIClassBorder2.pm line 42.)" type="TAP::Parser::Result::Test"></failure>
    </testcase>
  </testsuite>
  <testsuite name="spec_perl_TestProcessCustomNoArgs_t" errors="1" failures="0" skipped="0" tests="0" time="0.0336480140686035">
    <system-out></system-out>
    <testcase name="Test died too soon, even before plan. (25)" classname="spec_perl_TestProcessCustomNoArgs_t" time="0.0336480140686035">
      <failure message="The test suite died before a plan was produced. You need to have a plan." type="Plan">No plan</failure>
    </testcase>
  </testsuite>
  <testsuite name="spec_perl_TestValidEqStrEncodings_t" errors="0" failures="0" skipped="1" tests="1" time="0.0447580814361572">
    <system-out>1..1
ok 1 # skip ValidEqStrEncodings=HASH(0x564bff2ba080)
</system-out>
    <testcase name="Unnamed test case 25" classname="spec_perl_TestValidEqStrEncodings_t" time="0.00579619407653809">
      <skipped message="ok 1 # skip ValidEqStrEncodings=HASH(0x564bff2ba080)" />
    </testcase>
  </testsuite>
  <testsuite name="spec_perl_TestMultipleUse_t" errors="0" failures="0" skipped="0" tests="2" time="0.0359630584716797">
    <system-out>1..2
ok 1 - Equals
ok 2 - Equals
</system-out>
    <testcase name="Equals (26)" classname="spec_perl_TestMultipleUse_t" time="0.00150299072265625" />
    <testcase name="Equals (27)" classname="spec_perl_TestMultipleUse_t" time="0.000115156173706055" />
  </testsuite>
  <testsuite name="spec_perl_TestPositionAbs_t" errors="0" failures="0" skipped="0" tests="2" time="0.0411379337310791">
    <system-out>1..2
ok 1 - Equals
ok 2 - Equals
</system-out>
    <testcase name="Equals (28)" classname="spec_perl_TestPositionAbs_t" time="0.0015251636505127" />
    <testcase name="Equals (29)" classname="spec_perl_TestPositionAbs_t" time="0.000144004821777344" />
  </testsuite>
  <testsuite name="spec_perl_TestIndexSizes_t" errors="0" failures="0" skipped="0" tests="7" time="0.0431768894195557">
    <system-out>1..7
ok 1 - Equals
ok 2 - Equals
ok 3 - Equals
ok 4 - Equals
ok 5 - Equals
ok 6 - Equals
ok 7 - Equals
</system-out>
    <testcase name="Equals (30)" classname="spec_perl_TestIndexSizes_t" time="0.00136899948120117" />
    <testcase name="Equals (31)" classname="spec_perl_TestIndexSizes_t" time="0.000110864639282227" />
    <testcase name="Equals (32)" classname="spec_perl_TestIndexSizes_t" time="7.10487365722656e-05" />
    <testcase name="Equals (33)" classname="spec_perl_TestIndexSizes_t" time="7.70092010498047e-05" />
    <testcase name="Equals (34)" classname="spec_perl_TestIndexSizes_t" time="0.000852108001708984" />
    <testcase name="Equals (35)" classname="spec_perl_TestIndexSizes_t" time="0.00011897087097168" />
    <testcase name="Equals (36)" classname="spec_perl_TestIndexSizes_t" time="6.79492950439453e-05" />
  </testsuite>
  <testsuite name="spec_perl_TestProcessRotate_t" errors="0" failures="0" skipped="0" tests="3" time="0.0434889793395996">
    <system-out>1..3
ok 1 - Equals
ok 2 - Equals
ok 3 - Equals
</system-out>
    <testcase name="Equals (37)" classname="spec_perl_TestProcessRotate_t" time="0.00134897232055664" />
    <testcase name="Equals (38)" classname="spec_perl_TestProcessRotate_t" time="0.000112056732177734" />
    <testcase name="Equals (39)" classname="spec_perl_TestProcessRotate_t" time="6.79492950439453e-05" />
  </testsuite>
  <testsuite name="spec_perl_TestSwitchCast_t" errors="0" failures="0" skipped="0" tests="2" time="0.0417571067810059">
    <system-out>1..2
ok 1 - Equals
ok 2 - Equals
</system-out>
    <testcase name="Equals (40)" classname="spec_perl_TestSwitchCast_t" time="0.00161910057067871" />
    <testcase name="Equals (41)" classname="spec_perl_TestSwitchCast_t" time="0.000113010406494141" />
  </testsuite>
  <testsuite name="spec_perl_TestProcessXorConst_t" errors="0" failures="0" skipped="0" tests="2" time="0.0378499031066895">
    <system-out>1..2
ok 1 - Equals
ok 2 - Equals
</system-out>
    <testcase name="Equals (42)" classname="spec_perl_TestProcessXorConst_t" time="0.00161290168762207" />
    <testcase name="Equals (43)" classname="spec_perl_TestProcessXorConst_t" time="0.000108003616333008" />
  </testsuite>
  <testsuite name="spec_perl_TestExprStrEncodings_t" errors="0" failures="0" skipped="0" tests="7" time="0.0455219745635986">
    <system-out>1..7
ok 1 - Equals
ok 2 - Equals
ok 3 - Equals
ok 4 - Equals
ok 5 - Equals
ok 6 - Equals
ok 7 - Equals
</system-out>
    <testcase name="Equals (44)" classname="spec_perl_TestExprStrEncodings_t" time="0.00408005714416504" />
    <testcase name="Equals (45)" classname="spec_perl_TestExprStrEncodings_t" time="9.08374786376953e-05" />
    <testcase name="Equals (46)" classname="spec_perl_TestExprStrEncodings_t" time="4.1961669921875e-05" />
    <testcase name="Equals (47)" classname="spec_perl_TestExprStrEncodings_t" time="4.41074371337891e-05" />
    <testcase name="Equals (48)" classname="spec_perl_TestExprStrEncodings_t" time="5.19752502441406e-05" />
    <testcase name="Equals (49)" classname="spec_perl_TestExprStrEncodings_t" time="3.29017639160156e-05" />
    <testcase name="Equals (50)" classname="spec_perl_TestExprStrEncodings_t" time="5.22136688232422e-05" />
  </testsuite>
  <testsuite name="spec_perl_TestImportsCircularA_t" errors="0" failures="0" skipped="0" tests="5" time="0.0382208824157715">
    <system-out>1..5
ok 1 - Equals
ok 2 - Equals
ok 3 - Equals
ok 4 - Equals
ok 5 - nil
</system-out>
    <testcase name="Equals (51)" classname="spec_perl_TestImportsCircularA_t" time="0.00160384178161621" />
    <testcase name="Equals (52)" classname="spec_perl_TestImportsCircularA_t" time="7.79628753662109e-05" />
    <testcase name="Equals (53)" classname="spec_perl_TestImportsCircularA_t" time="4.10079956054688e-05" />
    <testcase name="Equals (54)" classname="spec_perl_TestImportsCircularA_t" time="4.00543212890625e-05" />
    <testcase name="nil (54)" classname="spec_perl_TestImportsCircularA_t" time="5.00679016113281e-05" />
  </testsuite>
  <testsuite name="spec_perl_TestExprBytesNonLiteral_t" errors="0" failures="0" skipped="0" tests="3" time="0.0360569953918457">
    <system-out>1..3
ok 1 - Equals
ok 2 - Equals
ok 3 - Equals
</system-out>
    <testcase name="Equals (55)" classname="spec_perl_TestExprBytesNonLiteral_t" time="0.0013129711151123" />
    <testcase name="Equals (56)" classname="spec_perl_TestExprBytesNonLiteral_t" time="6.69956207275391e-05" />
    <testcase name="Equals (57)" classname="spec_perl_TestExprBytesNonLiteral_t" time="4.91142272949219e-05" />
  </testsuite>
  <testsuite name="spec_perl_TestExprSizeofType0_t" errors="0" failures="0" skipped="0" tests="1" time="0.0354399681091309">
    <system-out>1..1
ok 1 - Equals
</system-out>
    <testcase name="Equals (58)" classname="spec_perl_TestExprSizeofType0_t" time="0.00148105621337891" />
  </testsuite>
  <testsuite name="spec_perl_TestNonStandard_t" errors="0" failures="0" skipped="0" tests="1" time="0.03603196144104">
    <system-out>1..1
ok 1 - Equals
</system-out>
    <testcase name="Equals (59)" classname="spec_perl_TestNonStandard_t" time="0.00147104263305664" />
  </testsuite>
  <testsuite name="spec_perl_TestFixedContents_t" errors="0" failures="0" skipped="1" tests="1" time="0.0385539531707764">
    <system-out>1..1
ok 1 # skip FixedContents=HASH(0x55d8146234a0)
</system-out>
    <testcase name="Unnamed test case 59" classname="spec_perl_TestFixedContents_t" time="0.00223708152770996">
      <skipped message="ok 1 # skip FixedContents=HASH(0x55d8146234a0)" />
    </testcase>
  </testsuite>
  <testsuite name="spec_perl_TestSwitchManualEnum_t" errors="0" failures="0" skipped="0" tests="9" time="0.0418479442596436">
    <system-out>1..9
ok 1 - Equals
ok 2 - Equals
ok 3 - Equals
ok 4 - Equals
ok 5 - Equals
ok 6 - Equals
ok 7 - Equals
ok 8 - Equals
ok 9 - Equals
</system-out>
    <testcase name="Equals (60)" classname="spec_perl_TestSwitchManualEnum_t" time="0.00157499313354492" />
    <testcase name="Equals (61)" classname="spec_perl_TestSwitchManualEnum_t" time="0.000124931335449219" />
    <testcase name="Equals (62)" classname="spec_perl_TestSwitchManualEnum_t" time="6.60419464111328e-05" />
    <testcase name="Equals (63)" classname="spec_perl_TestSwitchManualEnum_t" time="5.88893890380859e-05" />
    <testcase name="Equals (64)" classname="spec_perl_TestSwitchManualEnum_t" time="7.82012939453125e-05" />
    <testcase name="Equals (65)" classname="spec_perl_TestSwitchManualEnum_t" time="6.4849853515625e-05" />
    <testcase name="Equals (66)" classname="spec_perl_TestSwitchManualEnum_t" time="5.41210174560547e-05" />
    <testcase name="Equals (67)" classname="spec_perl_TestSwitchManualEnum_t" time="5.29289245605469e-05" />
    <testcase name="Equals (68)" classname="spec_perl_TestSwitchManualEnum_t" time="7.20024108886719e-05" />
  </testsuite>
  <testsuite name="spec_perl_TestSwitchElseOnly_t" errors="0" failures="0" skipped="0" tests="3" time="0.0359871387481689">
    <system-out>1..3
ok 1 - Equals
ok 2 - Equals
ok 3 - Equals
</system-out>
    <testcase name="Equals (69)" classname="spec_perl_TestSwitchElseOnly_t" time="0.00144219398498535" />
    <testcase name="Equals (70)" classname="spec_perl_TestSwitchElseOnly_t" time="7.79628753662109e-05" />
    <testcase name="Equals (71)" classname="spec_perl_TestSwitchElseOnly_t" time="4.29153442382812e-05" />
  </testsuite>
  <testsuite name="spec_perl_TestBitsByteAligned_t" errors="0" failures="0" skipped="0" tests="9" time="0.0372450351715088">
    <system-out>1..9
ok 1 - Equals
ok 2 - Equals
ok 3 - Equals
ok 4 - Equals
ok 5 - Equals
ok 6 - Equals
ok 7 - Equals
ok 8 - Equals
ok 9 - Equals
</system-out>
    <testcase name="Equals (72)" classname="spec_perl_TestBitsByteAligned_t" time="0.00231599807739258" />
    <testcase name="Equals (73)" classname="spec_perl_TestBitsByteAligned_t" time="6.69956207275391e-05" />
    <testcase name="Equals (74)" classname="spec_perl_TestBitsByteAligned_t" time="3.91006469726562e-05" />
    <testcase name="Equals (75)" classname="spec_perl_TestBitsByteAligned_t" time="3.60012054443359e-05" />
    <testcase name="Equals (76)" classname="spec_perl_TestBitsByteAligned_t" time="3.60012054443359e-05" />
    <testcase name="Equals (77)" classname="spec_perl_TestBitsByteAligned_t" time="3.19480895996094e-05" />
    <testcase name="Equals (78)" classname="spec_perl_TestBitsByteAligned_t" time="3.19480895996094e-05" />
    <testcase name="Equals (79)" classname="spec_perl_TestBitsByteAligned_t" time="3.09944152832031e-05" />
    <testcase name="Equals (80)" classname="spec_perl_TestBitsByteAligned_t" time="5.00679016113281e-05" />
  </testsuite>
  <testsuite name="spec_perl_TestProcessXor4Const_t" errors="0" failures="0" skipped="0" tests="2" time="0.0362420082092285">
    <system-out>1..2
ok 1 - Equals
ok 2 - Equals
</system-out>
    <testcase name="Equals (81)" classname="spec_perl_TestProcessXor4Const_t" time="0.0014030933380127" />
    <testcase name="Equals (82)" classname="spec_perl_TestProcessXor4Const_t" time="0.000301837921142578" />
  </testsuite>
  <testsuite name="spec_perl_TestEnumToI_t" errors="0" failures="0" skipped="0" tests="7" time="0.0388791561126709">
    <system-out>1..7
ok 1 - Equals
ok 2 - Equals
ok 3 - Equals
ok 4 - Equals
ok 5 - Equals
ok 6 - Equals
ok 7 - Equals
</system-out>
    <testcase name="Equals (83)" classname="spec_perl_TestEnumToI_t" time="0.00157594680786133" />
    <testcase name="Equals (84)" classname="spec_perl_TestEnumToI_t" time="7.39097595214844e-05" />
    <testcase name="Equals (85)" classname="spec_perl_TestEnumToI_t" time="4.00543212890625e-05" />
    <testcase name="Equals (86)" classname="spec_perl_TestEnumToI_t" time="4.60147857666016e-05" />
    <testcase name="Equals (87)" classname="spec_perl_TestEnumToI_t" time="0.000240087509155273" />
    <testcase name="Equals (88)" classname="spec_perl_TestEnumToI_t" time="9.29832458496094e-05" />
    <testcase name="Equals (89)" classname="spec_perl_TestEnumToI_t" time="8.20159912109375e-05" />
  </testsuite>
  <testsuite name="spec_perl_TestOptionalId_t" errors="0" failures="0" skipped="0" tests="3" time="0.0358939170837402">
    <system-out>1..3
ok 1 - Equals
ok 2 - Equals
ok 3 - Equals
</system-out>
    <testcase name="Equals (90)" classname="spec_perl_TestOptionalId_t" time="0.00151920318603516" />
    <testcase name="Equals (91)" classname="spec_perl_TestOptionalId_t" time="8.58306884765625e-05" />
    <testcase name="Equals (92)" classname="spec_perl_TestOptionalId_t" time="4.41074371337891e-05" />
  </testsuite>
  <testsuite name="spec_perl_TestNestedTypeParam_t" errors="0" failures="2" skipped="0" tests="2" time="0.0431530475616455">
    <system-out>1..2
not ok 1 - Equals
not ok 2 - Equals
</system-out>
    <testcase name="Equals (93)" classname="spec_perl_TestNestedTypeParam_t" time="0.00201201438903809">
      <failure message="not ok 1 - Equals" type="TAP::Parser::Result::Test"></failure>
    </testcase>
    <testcase name="Equals (94)" classname="spec_perl_TestNestedTypeParam_t" time="9.89437103271484e-05">
      <failure message="not ok 2 - Equals" type="TAP::Parser::Result::Test"></failure>
    </testcase>
  </testsuite>
  <testsuite name="spec_perl_TestBcdUserTypeLe_t" errors="0" failures="0" skipped="0" tests="6" time="0.0396859645843506">
    <system-out>1..6
ok 1 - Equals
ok 2 - Equals
ok 3 - Equals
ok 4 - Equals
ok 5 - Equals
ok 6 - Equals
</system-out>
    <testcase name="Equals (95)" classname="spec_perl_TestBcdUserTypeLe_t" time="0.00216794013977051" />
    <testcase name="Equals (96)" classname="spec_perl_TestBcdUserTypeLe_t" time="0.000137090682983398" />
    <testcase name="Equals (97)" classname="spec_perl_TestBcdUserTypeLe_t" time="7.29560852050781e-05" />
    <testcase name="Equals (98)" classname="spec_perl_TestBcdUserTypeLe_t" time="5.98430633544922e-05" />
    <testcase name="Equals (99)" classname="spec_perl_TestBcdUserTypeLe_t" time="8.29696655273438e-05" />
    <testcase name="Equals (100)" classname="spec_perl_TestBcdUserTypeLe_t" time="5.81741333007812e-05" />
  </testsuite>
  <testsuite name="spec_perl_TestNavParentFalse2_t" errors="0" failures="0" skipped="0" tests="1" time="0.0314061641693115">
    <system-out>1..1
ok 1 - Equals
</system-out>
    <testcase name="Equals (101)" classname="spec_perl_TestNavParentFalse2_t" time="0.00145578384399414" />
  </testsuite>
  <testsuite name="spec_perl_TestNavParent3_t" errors="0" failures="0" skipped="0" tests="10" time="0.0463500022888184">
    <system-out>1..10
ok 1 - Equals
ok 2 - Equals
ok 3 - Equals
ok 4 - Equals
ok 5 - Equals
ok 6 - Equals
ok 7 - Equals
ok 8 - Equals
ok 9 - Equals
ok 10 - Equals
</system-out>
    <testcase name="Equals (102)" classname="spec_perl_TestNavParent3_t" time="0.00220012664794922" />
    <testcase name="Equals (103)" classname="spec_perl_TestNavParent3_t" time="5.98430633544922e-05" />
    <testcase name="Equals (104)" classname="spec_perl_TestNavParent3_t" time="0.000164031982421875" />
    <testcase name="Equals (105)" classname="spec_perl_TestNavParent3_t" time="7.29560852050781e-05" />
    <testcase name="Equals (106)" classname="spec_perl_TestNavParent3_t" time="7.20024108886719e-05" />
    <testcase name="Equals (107)" classname="spec_perl_TestNavParent3_t" time="0.000115156173706055" />
    <testcase name="Equals (108)" classname="spec_perl_TestNavParent3_t" time="7.70092010498047e-05" />
    <testcase name="Equals (109)" classname="spec_perl_TestNavParent3_t" time="6.69956207275391e-05" />
    <testcase name="Equals (110)" classname="spec_perl_TestNavParent3_t" time="7.39097595214844e-05" />
    <testcase name="Equals (111)" classname="spec_perl_TestNavParent3_t" time="9.20295715332031e-05" />
  </testsuite>
  <testsuite name="spec_perl_TestImportsAbs_t" errors="0" failures="0" skipped="0" tests="2" time="0.0379321575164795">
    <system-out>1..2
ok 1 - Equals
ok 2 - Equals
</system-out>
    <testcase name="Equals (112)" classname="spec_perl_TestImportsAbs_t" time="0.00155496597290039" />
    <testcase name="Equals (113)" classname="spec_perl_TestImportsAbs_t" time="9.20295715332031e-05" />
  </testsuite>
  <testsuite name="spec_perl_TestJsSignedRightShift_t" errors="0" failures="0" skipped="0" tests="2" time="0.0357940196990967">
    <system-out>1..2
ok 1 - Equals
ok 2 - Equals
</system-out>
    <testcase name="Equals (114)" classname="spec_perl_TestJsSignedRightShift_t" time="0.0014641284942627" />
    <testcase name="Equals (115)" classname="spec_perl_TestJsSignedRightShift_t" time="7.67707824707031e-05" />
  </testsuite>
  <testsuite name="spec_perl_TestSwitchManualIntSizeElse_t" errors="0" failures="0" skipped="0" tests="10" time="0.0424990653991699">
    <system-out>1..10
ok 1 - Equals
ok 2 - Equals
ok 3 - Equals
ok 4 - Equals
ok 5 - Equals
ok 6 - Equals
ok 7 - Equals
ok 8 - Equals
ok 9 - Equals
ok 10 - Equals
</system-out>
    <testcase name="Equals (116)" classname="spec_perl_TestSwitchManualIntSizeElse_t" time="0.00206899642944336" />
    <testcase name="Equals (117)" classname="spec_perl_TestSwitchManualIntSizeElse_t" time="8.60691070556641e-05" />
    <testcase name="Equals (118)" classname="spec_perl_TestSwitchManualIntSizeElse_t" time="4.1961669921875e-05" />
    <testcase name="Equals (119)" classname="spec_perl_TestSwitchManualIntSizeElse_t" time="3.60012054443359e-05" />
    <testcase name="Equals (120)" classname="spec_perl_TestSwitchManualIntSizeElse_t" time="4.69684600830078e-05" />
    <testcase name="Equals (121)" classname="spec_perl_TestSwitchManualIntSizeElse_t" time="5.60283660888672e-05" />
    <testcase name="Equals (122)" classname="spec_perl_TestSwitchManualIntSizeElse_t" time="6.38961791992188e-05" />
    <testcase name="Equals (123)" classname="spec_perl_TestSwitchManualIntSizeElse_t" time="7.41481781005859e-05" />
    <testcase name="Equals (124)" classname="spec_perl_TestSwitchManualIntSizeElse_t" time="6.79492950439453e-05" />
    <testcase name="Equals (125)" classname="spec_perl_TestSwitchManualIntSizeElse_t" time="7.29560852050781e-05" />
  </testsuite>
  <testsuite name="spec_perl_TestSwitchBytearray_t" errors="0" failures="0" skipped="0" tests="9" time="0.042410135269165">
    <system-out>1..9
ok 1 - Equals
ok 2 - Equals
ok 3 - Equals
ok 4 - Equals
ok 5 - Equals
ok 6 - Equals
ok 7 - Equals
ok 8 - Equals
ok 9 - Equals
</system-out>
    <testcase name="Equals (126)" classname="spec_perl_TestSwitchBytearray_t" time="0.00139713287353516" />
    <testcase name="Equals (127)" classname="spec_perl_TestSwitchBytearray_t" time="9.70363616943359e-05" />
    <testcase name="Equals (128)" classname="spec_perl_TestSwitchBytearray_t" time="5.48362731933594e-05" />
    <testcase name="Equals (129)" classname="spec_perl_TestSwitchBytearray_t" time="6.50882720947266e-05" />
    <testcase name="Equals (130)" classname="spec_perl_TestSwitchBytearray_t" time="4.69684600830078e-05" />
    <testcase name="Equals (131)" classname="spec_perl_TestSwitchBytearray_t" time="6.29425048828125e-05" />
    <testcase name="Equals (132)" classname="spec_perl_TestSwitchBytearray_t" time="5.00679016113281e-05" />
    <testcase name="Equals (133)" classname="spec_perl_TestSwitchBytearray_t" time="7.10487365722656e-05" />
    <testcase name="Equals (134)" classname="spec_perl_TestSwitchBytearray_t" time="6.103515625e-05" />
  </testsuite>
  <testsuite name="spec_perl_TestExprBytesCmp_t" errors="0" failures="0" skipped="0" tests="10" time="0.037013053894043">
    <system-out>1..10
ok 1 - Equals
ok 2 - Equals
ok 3 - Equals
ok 4 - Equals
ok 5 - Equals
ok 6 - Equals
ok 7 - Equals
ok 8 - Equals
ok 9 - Equals
ok 10 - Equals
</system-out>
    <testcase name="Equals (135)" classname="spec_perl_TestExprBytesCmp_t" time="0.00145220756530762" />
    <testcase name="Equals (136)" classname="spec_perl_TestExprBytesCmp_t" time="6.69956207275391e-05" />
    <testcase name="Equals (137)" classname="spec_perl_TestExprBytesCmp_t" time="4.88758087158203e-05" />
    <testcase name="Equals (138)" classname="spec_perl_TestExprBytesCmp_t" time="4.69684600830078e-05" />
    <testcase name="Equals (139)" classname="spec_perl_TestExprBytesCmp_t" time="8.51154327392578e-05" />
    <testcase name="Equals (140)" classname="spec_perl_TestExprBytesCmp_t" time="6.89029693603516e-05" />
    <testcase name="Equals (141)" classname="spec_perl_TestExprBytesCmp_t" time="6.91413879394531e-05" />
    <testcase name="Equals (142)" classname="spec_perl_TestExprBytesCmp_t" time="7.20024108886719e-05" />
    <testcase name="Equals (143)" classname="spec_perl_TestExprBytesCmp_t" time="7.20024108886719e-05" />
    <testcase name="Equals (144)" classname="spec_perl_TestExprBytesCmp_t" time="7.70092010498047e-05" />
  </testsuite>
  <testsuite name="spec_perl_TestDefaultEndianExprInherited_t" errors="0" failures="0" skipped="0" tests="15" time="0.040276050567627">
    <system-out>1..15
ok 1 - Equals
ok 2 - Equals
ok 3 - Equals
ok 4 - Equals
ok 5 - Equals
ok 6 - Equals
ok 7 - Equals
ok 8 - Equals
ok 9 - Equals
ok 10 - Equals
ok 11 - Equals
ok 12 - Equals
ok 13 - Equals
ok 14 - Equals
ok 15 - Equals
</system-out>
    <testcase name="Equals (145)" classname="spec_perl_TestDefaultEndianExprInherited_t" time="0.00148987770080566" />
    <testcase name="Equals (146)" classname="spec_perl_TestDefaultEndianExprInherited_t" time="0.000100135803222656" />
    <testcase name="Equals (147)" classname="spec_perl_TestDefaultEndianExprInherited_t" time="6.58035278320312e-05" />
    <testcase name="Equals (148)" classname="spec_perl_TestDefaultEndianExprInherited_t" time="8.10623168945312e-05" />
    <testcase name="Equals (149)" classname="spec_perl_TestDefaultEndianExprInherited_t" time="5.79357147216797e-05" />
    <testcase name="Equals (150)" classname="spec_perl_TestDefaultEndianExprInherited_t" time="7.70092010498047e-05" />
    <testcase name="Equals (151)" classname="spec_perl_TestDefaultEndianExprInherited_t" time="5.60283660888672e-05" />
    <testcase name="Equals (152)" classname="spec_perl_TestDefaultEndianExprInherited_t" time="7.29560852050781e-05" />
    <testcase name="Equals (153)" classname="spec_perl_TestDefaultEndianExprInherited_t" time="5.69820404052734e-05" />
    <testcase name="Equals (154)" classname="spec_perl_TestDefaultEndianExprInherited_t" time="7.41481781005859e-05" />
    <testcase name="Equals (155)" classname="spec_perl_TestDefaultEndianExprInherited_t" time="5.60283660888672e-05" />
    <testcase name="Equals (156)" classname="spec_perl_TestDefaultEndianExprInherited_t" time="8.29696655273438e-05" />
    <testcase name="Equals (157)" classname="spec_perl_TestDefaultEndianExprInherited_t" time="5.69820404052734e-05" />
    <testcase name="Equals (158)" classname="spec_perl_TestDefaultEndianExprInherited_t" time="7.89165496826172e-05" />
    <testcase name="Equals (159)" classname="spec_perl_TestDefaultEndianExprInherited_t" time="5.81741333007812e-05" />
  </testsuite>
  <testsuite name="spec_perl_TestNavParentSwitchCast_t" errors="0" failures="0" skipped="0" tests="3" time="0.0389971733093262">
    <system-out>1..3
ok 1 - Equals
ok 2 - Equals
ok 3 - Equals
</system-out>
    <testcase name="Equals (160)" classname="spec_perl_TestNavParentSwitchCast_t" time="0.00185108184814453" />
    <testcase name="Equals (161)" classname="spec_perl_TestNavParentSwitchCast_t" time="9.79900360107422e-05" />
    <testcase name="Equals (162)" classname="spec_perl_TestNavParentSwitchCast_t" time="3.98159027099609e-05" />
  </testsuite>
  <testsuite name="spec_perl_TestValidShort_t" errors="0" failures="0" skipped="1" tests="1" time="0.0409309864044189">
    <system-out>1..1
ok 1 # skip ValidShort=HASH(0x5593b780a2a8)
</system-out>
    <testcase name="Unnamed test case 162" classname="spec_perl_TestValidShort_t" time="0.00186920166015625">
      <skipped message="ok 1 # skip ValidShort=HASH(0x5593b780a2a8)" />
    </testcase>
  </testsuite>
  <testsuite name="spec_perl_TestMetaXref_t" errors="0" failures="0" skipped="1" tests="1" time="0.035944938659668">
    <system-out>1..1
ok 1 # skip MetaXref=HASH(0x55b8b3454af8)
</system-out>
    <testcase name="Unnamed test case 163" classname="spec_perl_TestMetaXref_t" time="0.00159907341003418">
      <skipped message="ok 1 # skip MetaXref=HASH(0x55b8b3454af8)" />
    </testcase>
  </testsuite>
  <testsuite name="spec_perl_TestNestedTypes3_t" errors="0" failures="0" skipped="0" tests="5" time="0.0384109020233154">
    <system-out>1..5
ok 1 - Equals
ok 2 - Equals
ok 3 - Equals
ok 4 - Equals
ok 5 - Equals
</system-out>
    <testcase name="Equals (163)" classname="spec_perl_TestNestedTypes3_t" time="0.00113391876220703" />
    <testcase name="Equals (164)" classname="spec_perl_TestNestedTypes3_t" time="6.00814819335938e-05" />
    <testcase name="Equals (165)" classname="spec_perl_TestNestedTypes3_t" time="4.79221343994141e-05" />
    <testcase name="Equals (166)" classname="spec_perl_TestNestedTypes3_t" time="7.70092010498047e-05" />
    <testcase name="Equals (167)" classname="spec_perl_TestNestedTypes3_t" time="7.20024108886719e-05" />
  </testsuite>
  <testsuite name="spec_perl_TestStrLiterals2_t" errors="0" failures="0" skipped="0" tests="4" time="0.0361039638519287">
    <system-out>1..4
ok 1 - Equals
ok 2 - Equals
ok 3 - Equals
ok 4 - Equals
</system-out>
    <testcase name="Equals (168)" classname="spec_perl_TestStrLiterals2_t" time="0.00142717361450195" />
    <testcase name="Equals (169)" classname="spec_perl_TestStrLiterals2_t" time="7.79628753662109e-05" />
    <testcase name="Equals (170)" classname="spec_perl_TestStrLiterals2_t" time="4.1961669921875e-05" />
    <testcase name="Equals (171)" classname="spec_perl_TestStrLiterals2_t" time="3.29017639160156e-05" />
  </testsuite>
  <testsuite name="spec_perl_TestExpr1_t" errors="0" failures="0" skipped="0" tests="4" time="0.0414350032806396">
    <system-out>1..4
ok 1 - Equals
ok 2 - Equals
ok 3 - Equals
ok 4 - Equals
</system-out>
    <testcase name="Equals (172)" classname="spec_perl_TestExpr1_t" time="0.00145220756530762" />
    <testcase name="Equals (173)" classname="spec_perl_TestExpr1_t" time="7.48634338378906e-05" />
    <testcase name="Equals (174)" classname="spec_perl_TestExpr1_t" time="4.00543212890625e-05" />
    <testcase name="Equals (175)" classname="spec_perl_TestExpr1_t" time="3.60012054443359e-05" />
  </testsuite>
  <testsuite name="spec_perl_TestIntegers_t" errors="0" failures="0" skipped="0" tests="20" time="0.0375230312347412">
    <system-out>1..20
ok 1 - Equals
ok 2 - Equals
ok 3 - Equals
ok 4 - Equals
ok 5 - Equals
ok 6 - Equals
ok 7 - Equals
ok 8 - Equals
ok 9 - Equals
ok 10 - Equals
ok 11 - Equals
ok 12 - Equals
ok 13 - Equals
ok 14 - Equals
ok 15 - Equals
ok 16 - Equals
ok 17 - Equals
ok 18 - Equals
ok 19 - Equals
ok 20 - Equals
</system-out>
    <testcase name="Equals (176)" classname="spec_perl_TestIntegers_t" time="0.00146007537841797" />
    <testcase name="Equals (177)" classname="spec_perl_TestIntegers_t" time="9.70363616943359e-05" />
    <testcase name="Equals (178)" classname="spec_perl_TestIntegers_t" time="5.10215759277344e-05" />
    <testcase name="Equals (179)" classname="spec_perl_TestIntegers_t" time="4.29153442382812e-05" />
    <testcase name="Equals (180)" classname="spec_perl_TestIntegers_t" time="7.51018524169922e-05" />
    <testcase name="Equals (181)" classname="spec_perl_TestIntegers_t" time="4.29153442382812e-05" />
    <testcase name="Equals (182)" classname="spec_perl_TestIntegers_t" time="4.00543212890625e-05" />
    <testcase name="Equals (183)" classname="spec_perl_TestIntegers_t" time="5.50746917724609e-05" />
    <testcase name="Equals (184)" classname="spec_perl_TestIntegers_t" time="3.88622283935547e-05" />
    <testcase name="Equals (185)" classname="spec_perl_TestIntegers_t" time="5.19752502441406e-05" />
    <testcase name="Equals (186)" classname="spec_perl_TestIntegers_t" time="5.60283660888672e-05" />
    <testcase name="Equals (187)" classname="spec_perl_TestIntegers_t" time="0.00115108489990234" />
    <testcase name="Equals (188)" classname="spec_perl_TestIntegers_t" time="8.79764556884766e-05" />
    <testcase name="Equals (189)" classname="spec_perl_TestIntegers_t" time="7.48634338378906e-05" />
    <testcase name="Equals (190)" classname="spec_perl_TestIntegers_t" time="4.72068786621094e-05" />
    <testcase name="Equals (191)" classname="spec_perl_TestIntegers_t" time="4.1961669921875e-05" />
    <testcase name="Equals (192)" classname="spec_perl_TestIntegers_t" time="4.00543212890625e-05" />
    <testcase name="Equals (193)" classname="spec_perl_TestIntegers_t" time="3.98159027099609e-05" />
    <testcase name="Equals (194)" classname="spec_perl_TestIntegers_t" time="4.00543212890625e-05" />
    <testcase name="Equals (195)" classname="spec_perl_TestIntegers_t" time="4.00543212890625e-05" />
  </testsuite>
  <testsuite name="spec_perl_TestEnumForUnknownId_t" errors="0" failures="0" skipped="0" tests="1" time="0.0400199890136719">
    <system-out>1..1
ok 1 - Equals
</system-out>
    <testcase name="Equals (196)" classname="spec_perl_TestEnumForUnknownId_t" time="0.00133490562438965" />
  </testsuite>
  <testsuite name="spec_perl_TestCastNested_t" errors="0" failures="0" skipped="0" tests="4" time="0.0412330627441406">
    <system-out>1..4
ok 1 - Equals
ok 2 - Equals
ok 3 - Equals
ok 4 - Equals
</system-out>
    <testcase name="Equals (197)" classname="spec_perl_TestCastNested_t" time="0.00154781341552734" />
    <testcase name="Equals (198)" classname="spec_perl_TestCastNested_t" time="7.82012939453125e-05" />
    <testcase name="Equals (199)" classname="spec_perl_TestCastNested_t" time="4.69684600830078e-05" />
    <testcase name="Equals (200)" classname="spec_perl_TestCastNested_t" time="5.69820404052734e-05" />
  </testsuite>
  <testsuite name="spec_perl_TestDocstrings_t" errors="0" failures="0" skipped="1" tests="1" time="0.0362529754638672">
    <system-out>1..1
ok 1 # skip Docstrings=HASH(0x55db6d73fe68)
</system-out>
    <testcase name="Unnamed test case 200" classname="spec_perl_TestDocstrings_t" time="0.00168704986572266">
      <skipped message="ok 1 # skip Docstrings=HASH(0x55db6d73fe68)" />
    </testcase>
  </testsuite>
  <testsuite name="spec_perl_TestEnumDeepLiterals_t" errors="0" failures="0" skipped="0" tests="2" time="0.0363509654998779">
    <system-out>1..2
ok 1 - Equals
ok 2 - Equals
</system-out>
    <testcase name="Equals (201)" classname="spec_perl_TestEnumDeepLiterals_t" time="0.00144314765930176" />
    <testcase name="Equals (202)" classname="spec_perl_TestEnumDeepLiterals_t" time="7.79628753662109e-05" />
  </testsuite>
  <testsuite name="spec_perl_TestNavParentVsValueInst_t" errors="0" failures="0" skipped="0" tests="1" time="0.0446279048919678">
    <system-out>1..1
ok 1 - Equals
</system-out>
    <testcase name="Equals (203)" classname="spec_perl_TestNavParentVsValueInst_t" time="0.00158500671386719" />
  </testsuite>
  <testsuite name="spec_perl_TestParamsCallExtraParens_t" errors="0" failures="1" skipped="0" tests="1" time="0.0419228076934814">
    <system-out>1..1
not ok 1 - Equals
</system-out>
    <testcase name="Equals (204)" classname="spec_perl_TestParamsCallExtraParens_t" time="0.00200581550598145">
      <failure message="not ok 1 - Equals" type="TAP::Parser::Result::Test"></failure>
    </testcase>
  </testsuite>
  <testsuite name="spec_perl_TestCombineStr_t" errors="0" failures="0" skipped="0" tests="15" time="0.0416698455810547">
    <system-out>1..15
ok 1 - Equals
ok 2 - Equals
ok 3 - Equals
ok 4 - Equals
ok 5 - Equals
ok 6 - Equals
ok 7 - Equals
ok 8 - Equals
ok 9 - Equals
ok 10 - Equals
ok 11 - Equals
ok 12 - Equals
ok 13 - Equals
ok 14 - Equals
ok 15 - Equals
</system-out>
    <testcase name="Equals (205)" classname="spec_perl_TestCombineStr_t" time="0.00151610374450684" />
    <testcase name="Equals (206)" classname="spec_perl_TestCombineStr_t" time="0.000340938568115234" />
    <testcase name="Equals (207)" classname="spec_perl_TestCombineStr_t" time="4.60147857666016e-05" />
    <testcase name="Equals (208)" classname="spec_perl_TestCombineStr_t" time="3.79085540771484e-05" />
    <testcase name="Equals (209)" classname="spec_perl_TestCombineStr_t" time="3.50475311279297e-05" />
    <testcase name="Equals (210)" classname="spec_perl_TestCombineStr_t" time="3.31401824951172e-05" />
    <testcase name="Equals (211)" classname="spec_perl_TestCombineStr_t" time="4.79221343994141e-05" />
    <testcase name="Equals (212)" classname="spec_perl_TestCombineStr_t" time="3.19480895996094e-05" />
    <testcase name="Equals (213)" classname="spec_perl_TestCombineStr_t" time="4.10079956054688e-05" />
    <testcase name="Equals (214)" classname="spec_perl_TestCombineStr_t" time="3.29017639160156e-05" />
    <testcase name="Equals (215)" classname="spec_perl_TestCombineStr_t" time="4.81605529785156e-05" />
    <testcase name="Equals (216)" classname="spec_perl_TestCombineStr_t" time="3.09944152832031e-05" />
    <testcase name="Equals (217)" classname="spec_perl_TestCombineStr_t" time="3.09944152832031e-05" />
    <testcase name="Equals (218)" classname="spec_perl_TestCombineStr_t" time="4.1961669921875e-05" />
    <testcase name="Equals (219)" classname="spec_perl_TestCombineStr_t" time="4.10079956054688e-05" />
  </testsuite>
  <testsuite name="spec_perl_TestSwitchManualEnumInvalidElse_t" errors="0" failures="0" skipped="0" tests="5" time="0.0411128997802734">
    <system-out>1..5
ok 1 - Equals
ok 2 - Equals
ok 3 - Equals
ok 4 - Equals
ok 5 - Equals
</system-out>
    <testcase name="Equals (220)" classname="spec_perl_TestSwitchManualEnumInvalidElse_t" time="0.00152397155761719" />
    <testcase name="Equals (221)" classname="spec_perl_TestSwitchManualEnumInvalidElse_t" time="8.0108642578125e-05" />
    <testcase name="Equals (222)" classname="spec_perl_TestSwitchManualEnumInvalidElse_t" time="4.00543212890625e-05" />
    <testcase name="Equals (223)" classname="spec_perl_TestSwitchManualEnumInvalidElse_t" time="4.79221343994141e-05" />
    <testcase name="Equals (224)" classname="spec_perl_TestSwitchManualEnumInvalidElse_t" time="4.91142272949219e-05" />
  </testsuite>
  <testsuite name="spec_perl_TestSwitchRepeatExpr_t" errors="0" failures="0" skipped="0" tests="3" time="0.036855936050415">
    <system-out>1..3
ok 1 - Equals
ok 2 - Equals
ok 3 - Equals
</system-out>
    <testcase name="Equals (225)" classname="spec_perl_TestSwitchRepeatExpr_t" time="0.00181698799133301" />
    <testcase name="Equals (226)" classname="spec_perl_TestSwitchRepeatExpr_t" time="7.91549682617188e-05" />
    <testcase name="Equals (227)" classname="spec_perl_TestSwitchRepeatExpr_t" time="4.10079956054688e-05" />
  </testsuite>
  <testsuite name="spec_perl_TestBitsUnalignedB32Le_t" errors="0" failures="0" skipped="0" tests="3" time="0.0375518798828125">
    <system-out>1..3
ok 1 - Equals
ok 2 - Equals
ok 3 - Equals
</system-out>
    <testcase name="Equals (228)" classname="spec_perl_TestBitsUnalignedB32Le_t" time="0.00172305107116699" />
    <testcase name="Equals (229)" classname="spec_perl_TestBitsUnalignedB32Le_t" time="0.00023198127746582" />
    <testcase name="Equals (230)" classname="spec_perl_TestBitsUnalignedB32Le_t" time="0.000174045562744141" />
  </testsuite>
  <testsuite name="spec_perl_TestEnumFancy_t" errors="0" failures="0" skipped="0" tests="2" time="0.0361361503601074">
    <system-out>1..2
ok 1 - Equals
ok 2 - Equals
</system-out>
    <testcase name="Equals (231)" classname="spec_perl_TestEnumFancy_t" time="0.00147891044616699" />
    <testcase name="Equals (232)" classname="spec_perl_TestEnumFancy_t" time="9.10758972167969e-05" />
  </testsuite>
  <testsuite name="spec_perl_TestRepeatUntilS4_t" errors="0" failures="0" skipped="0" tests="2" time="0.0432131290435791">
    <system-out>1..2
ok 1 - Equals
ok 2 - Equals
</system-out>
    <testcase name="Equals (233)" classname="spec_perl_TestRepeatUntilS4_t" time="0.00135111808776855" />
    <testcase name="Equals (234)" classname="spec_perl_TestRepeatUntilS4_t" time="0.000108003616333008" />
  </testsuite>
  <testsuite name="spec_perl_TestBitsUnalignedB64Le_t" errors="0" failures="0" skipped="0" tests="3" time="0.0370728969573975">
    <system-out>1..3
ok 1 - Equals
ok 2 - Equals
ok 3 - Equals
</system-out>
    <testcase name="Equals (235)" classname="spec_perl_TestBitsUnalignedB64Le_t" time="0.00139594078063965" />
    <testcase name="Equals (236)" classname="spec_perl_TestBitsUnalignedB64Le_t" time="0.000108003616333008" />
    <testcase name="Equals (237)" classname="spec_perl_TestBitsUnalignedB64Le_t" time="6.60419464111328e-05" />
  </testsuite>
  <testsuite name="spec_perl_TestYamlInts_t" errors="0" failures="0" skipped="0" tests="4" time="0.0364010334014893">
    <system-out>1..4
ok 1 - Equals
ok 2 - Equals
ok 3 - Equals
ok 4 - Equals
</system-out>
    <testcase name="Equals (238)" classname="spec_perl_TestYamlInts_t" time="0.00153803825378418" />
    <testcase name="Equals (239)" classname="spec_perl_TestYamlInts_t" time="8.70227813720703e-05" />
    <testcase name="Equals (240)" classname="spec_perl_TestYamlInts_t" time="4.00543212890625e-05" />
    <testcase name="Equals (241)" classname="spec_perl_TestYamlInts_t" time="3.50475311279297e-05" />
  </testsuite>
  <testsuite name="spec_perl_TestFloatToI_t" errors="0" failures="0" skipped="0" tests="8" time="0.038424015045166">
    <system-out>1..8
ok 1 - Approx equals
ok 2 - Approx equals
ok 3 - Equals
ok 4 - Equals
ok 5 - Equals
ok 6 - Equals
ok 7 - Equals
ok 8 - Equals
</system-out>
    <testcase name="Approx equals (241)" classname="spec_perl_TestFloatToI_t" time="0.00127696990966797" />
    <testcase name="Approx equals (242)" classname="spec_perl_TestFloatToI_t" time="0.000110864639282227" />
    <testcase name="Equals (242)" classname="spec_perl_TestFloatToI_t" time="6.91413879394531e-05" />
    <testcase name="Equals (243)" classname="spec_perl_TestFloatToI_t" time="6.103515625e-05" />
    <testcase name="Equals (244)" classname="spec_perl_TestFloatToI_t" time="8.08238983154297e-05" />
    <testcase name="Equals (245)" classname="spec_perl_TestFloatToI_t" time="5.81741333007812e-05" />
    <testcase name="Equals (246)" classname="spec_perl_TestFloatToI_t" time="5.79357147216797e-05" />
    <testcase name="Equals (247)" classname="spec_perl_TestFloatToI_t" time="7.48634338378906e-05" />
  </testsuite>
  <testsuite name="spec_perl_TestSwitchRepeatExprInvalid_t" errors="0" failures="0" skipped="0" tests="3" time="0.0367867946624756">
    <system-out>1..3
ok 1 - Equals
ok 2 - Equals
ok 3 - Equals
</system-out>
    <testcase name="Equals (248)" classname="spec_perl_TestSwitchRepeatExprInvalid_t" time="0.00144100189208984" />
    <testcase name="Equals (249)" classname="spec_perl_TestSwitchRepeatExprInvalid_t" time="0.000107049942016602" />
    <testcase name="Equals (250)" classname="spec_perl_TestSwitchRepeatExprInvalid_t" time="5.91278076171875e-05" />
  </testsuite>
  <testsuite name="spec_perl_TestToStringCustom_t" errors="0" failures="0" skipped="0" tests="1" time="0.0408530235290527">
    <system-out>1..1
ok 1 - Equals
</system-out>
    <testcase name="Equals (251)" classname="spec_perl_TestToStringCustom_t" time="0.000243902206420898" />
  </testsuite>
  <testsuite name="spec_perl_TestImports0_t" errors="0" failures="0" skipped="0" tests="3" time="0.0392220020294189">
    <system-out>1..3
ok 1 - Equals
ok 2 - Equals
ok 3 - Equals
</system-out>
    <testcase name="Equals (252)" classname="spec_perl_TestImports0_t" time="0.0014338493347168" />
    <testcase name="Equals (253)" classname="spec_perl_TestImports0_t" time="9.70363616943359e-05" />
    <testcase name="Equals (254)" classname="spec_perl_TestImports0_t" time="4.00543212890625e-05" />
  </testsuite>
  <testsuite name="spec_perl_TestStrPadTerm_t" errors="0" failures="0" skipped="0" tests="4" time="0.0410749912261963">
    <system-out>1..4
ok 1 - Equals
ok 2 - Equals
ok 3 - Equals
ok 4 - Equals
</system-out>
    <testcase name="Equals (255)" classname="spec_perl_TestStrPadTerm_t" time="0.00152897834777832" />
    <testcase name="Equals (256)" classname="spec_perl_TestStrPadTerm_t" time="9.79900360107422e-05" />
    <testcase name="Equals (257)" classname="spec_perl_TestStrPadTerm_t" time="4.10079956054688e-05" />
    <testcase name="Equals (258)" classname="spec_perl_TestStrPadTerm_t" time="3.60012054443359e-05" />
  </testsuite>
  <testsuite name="spec_perl_TestExprEnum_t" errors="0" failures="0" skipped="0" tests="3" time="0.0359277725219727">
    <system-out>1..3
ok 1 - Equals
ok 2 - Equals
ok 3 - Equals
</system-out>
    <testcase name="Equals (259)" classname="spec_perl_TestExprEnum_t" time="0.00136303901672363" />
    <testcase name="Equals (260)" classname="spec_perl_TestExprEnum_t" time="0.000108957290649414" />
    <testcase name="Equals (261)" classname="spec_perl_TestExprEnum_t" time="6.69956207275391e-05" />
  </testsuite>
  <testsuite name="spec_perl_TestValidSwitch_t" errors="0" failures="0" skipped="1" tests="1" time="0.0364398956298828">
    <system-out>1..1
ok 1 # skip ValidSwitch=HASH(0x55e803f68d08)
</system-out>
    <testcase name="Unnamed test case 261" classname="spec_perl_TestValidSwitch_t" time="0.00174379348754883">
      <skipped message="ok 1 # skip ValidSwitch=HASH(0x55e803f68d08)" />
    </testcase>
  </testsuite>
  <testsuite name="spec_perl_TestInstanceIoUser_t" errors="0" failures="0" skipped="0" tests="4" time="0.0418548583984375">
    <system-out>1..4
ok 1 - Equals
ok 2 - Equals
ok 3 - Equals
ok 4 - Equals
</system-out>
    <testcase name="Equals (262)" classname="spec_perl_TestInstanceIoUser_t" time="0.00178408622741699" />
    <testcase name="Equals (263)" classname="spec_perl_TestInstanceIoUser_t" time="7.10487365722656e-05" />
    <testcase name="Equals (264)" classname="spec_perl_TestInstanceIoUser_t" time="4.79221343994141e-05" />
    <testcase name="Equals (265)" classname="spec_perl_TestInstanceIoUser_t" time="0.000103950500488281" />
  </testsuite>
  <testsuite name="spec_perl_TestSwitchManualStrElse_t" errors="0" failures="0" skipped="0" tests="9" time="0.0421760082244873">
    <system-out>1..9
ok 1 - Equals
ok 2 - Equals
ok 3 - Equals
ok 4 - Equals
ok 5 - Equals
ok 6 - Equals
ok 7 - Equals
ok 8 - Equals
ok 9 - Equals
</system-out>
    <testcase name="Equals (266)" classname="spec_perl_TestSwitchManualStrElse_t" time="0.00150012969970703" />
    <testcase name="Equals (267)" classname="spec_perl_TestSwitchManualStrElse_t" time="7.10487365722656e-05" />
    <testcase name="Equals (268)" classname="spec_perl_TestSwitchManualStrElse_t" time="4.79221343994141e-05" />
    <testcase name="Equals (269)" classname="spec_perl_TestSwitchManualStrElse_t" time="4.50611114501953e-05" />
    <testcase name="Equals (270)" classname="spec_perl_TestSwitchManualStrElse_t" time="5.19752502441406e-05" />
    <testcase name="Equals (271)" classname="spec_perl_TestSwitchManualStrElse_t" time="8.10623168945312e-05" />
    <testcase name="Equals (272)" classname="spec_perl_TestSwitchManualStrElse_t" time="7.58171081542969e-05" />
    <testcase name="Equals (273)" classname="spec_perl_TestSwitchManualStrElse_t" time="6.103515625e-05" />
    <testcase name="Equals (274)" classname="spec_perl_TestSwitchManualStrElse_t" time="6.91413879394531e-05" />
  </testsuite>
  <testsuite name="spec_perl_TestRepeatEosBit_t" errors="0" failures="0" skipped="0" tests="1" time="0.0364458560943604">
    <system-out>1..1
ok 1 - Equals
</system-out>
    <testcase name="Equals (275)" classname="spec_perl_TestRepeatEosBit_t" time="0.00147318840026855" />
  </testsuite>
  <testsuite name="spec_perl_TestProcessCustom_t" errors="1" failures="0" skipped="0" tests="0" time="0.0321600437164307">
    <system-out></system-out>
    <testcase name="Test died too soon, even before plan. (275)" classname="spec_perl_TestProcessCustom_t" time="0.0321600437164307">
      <failure message="The test suite died before a plan was produced. You need to have a plan." type="Plan">No plan</failure>
    </testcase>
  </testsuite>
  <testsuite name="spec_perl_TestSwitchManualEnumInvalid_t" errors="0" failures="0" skipped="0" tests="5" time="0.0412890911102295">
    <system-out>1..5
ok 1 - Equals
ok 2 - Equals
ok 3 - nil
ok 4 - Equals
ok 5 - nil
</system-out>
    <testcase name="Equals (276)" classname="spec_perl_TestSwitchManualEnumInvalid_t" time="0.00139403343200684" />
    <testcase name="Equals (277)" classname="spec_perl_TestSwitchManualEnumInvalid_t" time="0.000124931335449219" />
    <testcase name="nil (277)" classname="spec_perl_TestSwitchManualEnumInvalid_t" time="7.10487365722656e-05" />
    <testcase name="Equals (278)" classname="spec_perl_TestSwitchManualEnumInvalid_t" time="6.29425048828125e-05" />
    <testcase name="nil (278)" classname="spec_perl_TestSwitchManualEnumInvalid_t" time="6.103515625e-05" />
  </testsuite>
  <testsuite name="spec_perl_TestExpr0_t" errors="0" failures="0" skipped="0" tests="2" time="0.0354049205780029">
    <system-out>1..2
ok 1 - Equals
ok 2 - Equals
</system-out>
    <testcase name="Equals (279)" classname="spec_perl_TestExpr0_t" time="0.0014338493347168" />
    <testcase name="Equals (280)" classname="spec_perl_TestExpr0_t" time="7.60555267333984e-05" />
  </testsuite>
  <testsuite name="spec_perl_TestBitsUnalignedB32Be_t" errors="0" failures="0" skipped="0" tests="3" time="0.0366480350494385">
    <system-out>1..3
ok 1 - Equals
ok 2 - Equals
ok 3 - Equals
</system-out>
    <testcase name="Equals (281)" classname="spec_perl_TestBitsUnalignedB32Be_t" time="0.00177788734436035" />
    <testcase name="Equals (282)" classname="spec_perl_TestBitsUnalignedB32Be_t" time="7.10487365722656e-05" />
    <testcase name="Equals (283)" classname="spec_perl_TestBitsUnalignedB32Be_t" time="3.79085540771484e-05" />
  </testsuite>
  <testsuite name="spec_perl_TestExpr2_t" errors="0" failures="0" skipped="0" tests="17" time="0.0434050559997559">
    <system-out>1..17
ok 1 - Equals
ok 2 - Equals
ok 3 - Equals
ok 4 - Equals
ok 5 - Equals
ok 6 - Equals
ok 7 - Equals
ok 8 - Equals
ok 9 - Equals
ok 10 - Equals
ok 11 - Equals
ok 12 - Equals
ok 13 - Equals
ok 14 - Equals
ok 15 - Equals
ok 16 - Equals
ok 17 - Equals
</system-out>
    <testcase name="Equals (284)" classname="spec_perl_TestExpr2_t" time="0.00184798240661621" />
    <testcase name="Equals (285)" classname="spec_perl_TestExpr2_t" time="7.51018524169922e-05" />
    <testcase name="Equals (286)" classname="spec_perl_TestExpr2_t" time="7.29560852050781e-05" />
    <testcase name="Equals (287)" classname="spec_perl_TestExpr2_t" time="0.000119924545288086" />
    <testcase name="Equals (288)" classname="spec_perl_TestExpr2_t" time="6.00814819335938e-05" />
    <testcase name="Equals (289)" classname="spec_perl_TestExpr2_t" time="8.48770141601562e-05" />
    <testcase name="Equals (290)" classname="spec_perl_TestExpr2_t" time="0.000228166580200195" />
    <testcase name="Equals (291)" classname="spec_perl_TestExpr2_t" time="8.29696655273438e-05" />
    <testcase name="Equals (292)" classname="spec_perl_TestExpr2_t" time="4.00543212890625e-05" />
    <testcase name="Equals (293)" classname="spec_perl_TestExpr2_t" time="5.79357147216797e-05" />
    <testcase name="Equals (294)" classname="spec_perl_TestExpr2_t" time="3.69548797607422e-05" />
    <testcase name="Equals (295)" classname="spec_perl_TestExpr2_t" time="4.41074371337891e-05" />
    <testcase name="Equals (296)" classname="spec_perl_TestExpr2_t" time="4.29153442382812e-05" />
    <testcase name="Equals (297)" classname="spec_perl_TestExpr2_t" time="9.10758972167969e-05" />
    <testcase name="Equals (298)" classname="spec_perl_TestExpr2_t" time="6.98566436767578e-05" />
    <testcase name="Equals (299)" classname="spec_perl_TestExpr2_t" time="6.60419464111328e-05" />
    <testcase name="Equals (300)" classname="spec_perl_TestExpr2_t" time="0.000138044357299805" />
  </testsuite>
  <testsuite name="spec_perl_TestSwitchIntegers2_t" errors="0" failures="0" skipped="0" tests="5" time="0.0378081798553467">
    <system-out>1..5
ok 1 - Equals
ok 2 - Equals
ok 3 - Equals
ok 4 - Equals
ok 5 - Equals
</system-out>
    <testcase name="Equals (301)" classname="spec_perl_TestSwitchIntegers2_t" time="0.00186991691589355" />
    <testcase name="Equals (302)" classname="spec_perl_TestSwitchIntegers2_t" time="0.000128030776977539" />
    <testcase name="Equals (303)" classname="spec_perl_TestSwitchIntegers2_t" time="4.29153442382812e-05" />
    <testcase name="Equals (304)" classname="spec_perl_TestSwitchIntegers2_t" time="3.50475311279297e-05" />
    <testcase name="Equals (305)" classname="spec_perl_TestSwitchIntegers2_t" time="3.29017639160156e-05" />
  </testsuite>
  <testsuite name="spec_perl_TestEofExceptionBytes_t" errors="0" failures="0" skipped="0" tests="1" time="0.0389738082885742">
    <system-out>1..1
ok 1 - threw /^Requested \d+ bytes, but only \d+ bytes available/
</system-out>
    <testcase name="threw /^Requested \d+ bytes, but only \d+ bytes available/ (305)" classname="spec_perl_TestEofExceptionBytes_t" time="0.00166606903076172" />
  </testsuite>
  <testsuite name="spec_perl_TestBitsSignedResB32Be_t" errors="0" failures="0" skipped="0" tests="1" time="0.0380470752716064">
    <system-out>1..1
ok 1 - Equals
</system-out>
    <testcase name="Equals (306)" classname="spec_perl_TestBitsSignedResB32Be_t" time="0.00138497352600098" />
  </testsuite>
  <testsuite name="spec_perl_TestEnumIf_t" errors="0" failures="0" skipped="0" tests="7" time="0.0417261123657227">
    <system-out>1..7
ok 1 - Equals
ok 2 - Equals
ok 3 - Equals
ok 4 - Equals
ok 5 - Equals
ok 6 - Equals
ok 7 - Equals
</system-out>
    <testcase name="Equals (307)" classname="spec_perl_TestEnumIf_t" time="0.00158119201660156" />
    <testcase name="Equals (308)" classname="spec_perl_TestEnumIf_t" time="0.000125885009765625" />
    <testcase name="Equals (309)" classname="spec_perl_TestEnumIf_t" time="8.20159912109375e-05" />
    <testcase name="Equals (310)" classname="spec_perl_TestEnumIf_t" time="6.19888305664062e-05" />
    <testcase name="Equals (311)" classname="spec_perl_TestEnumIf_t" time="5.91278076171875e-05" />
    <testcase name="Equals (312)" classname="spec_perl_TestEnumIf_t" time="8.29696655273438e-05" />
    <testcase name="Equals (313)" classname="spec_perl_TestEnumIf_t" time="5.79357147216797e-05" />
  </testsuite>
  <testsuite name="spec_perl_TestExprIntDiv_t" errors="0" failures="2" skipped="0" tests="6" time="0.0372960567474365">
    <system-out>1..6
ok 1 - Equals
ok 2 - Equals
ok 3 - Equals
not ok 4 - Equals
ok 5 - Equals
not ok 6 - Equals
</system-out>
    <testcase name="Equals (314)" classname="spec_perl_TestExprIntDiv_t" time="0.00162386894226074" />
    <testcase name="Equals (315)" classname="spec_perl_TestExprIntDiv_t" time="8.10623168945312e-05" />
    <testcase name="Equals (316)" classname="spec_perl_TestExprIntDiv_t" time="4.00543212890625e-05" />
    <testcase name="Equals (317)" classname="spec_perl_TestExprIntDiv_t" time="5.50746917724609e-05">
      <failure message="not ok 4 - Equals" type="TAP::Parser::Result::Test"></failure>
    </testcase>
    <testcase name="Equals (318)" classname="spec_perl_TestExprIntDiv_t" time="4.69684600830078e-05" />
    <testcase name="Equals (319)" classname="spec_perl_TestExprIntDiv_t" time="4.79221343994141e-05">
      <failure message="not ok 6 - Equals" type="TAP::Parser::Result::Test"></failure>
    </testcase>
  </testsuite>
  <testsuite name="spec_perl_TestDefaultBitEndianMod_t" errors="0" failures="0" skipped="0" tests="4" time="0.0388209819793701">
    <system-out>1..4
ok 1 - Equals
ok 2 - Equals
ok 3 - Equals
ok 4 - Equals
</system-out>
    <testcase name="Equals (320)" classname="spec_perl_TestDefaultBitEndianMod_t" time="0.00162005424499512" />
    <testcase name="Equals (321)" classname="spec_perl_TestDefaultBitEndianMod_t" time="6.19888305664062e-05" />
    <testcase name="Equals (322)" classname="spec_perl_TestDefaultBitEndianMod_t" time="5.91278076171875e-05" />
    <testcase name="Equals (323)" classname="spec_perl_TestDefaultBitEndianMod_t" time="3.60012054443359e-05" />
  </testsuite>
  <testsuite name="spec_perl_TestBitsSimpleLe_t" errors="0" failures="0" skipped="0" tests="14" time="0.0371348857879639">
    <system-out>1..14
ok 1 - Equals
ok 2 - Equals
ok 3 - Equals
ok 4 - Equals
ok 5 - Equals
ok 6 - Equals
ok 7 - Equals
ok 8 - Equals
ok 9 - Equals
ok 10 - Equals
ok 11 - Equals
ok 12 - Equals
ok 13 - Equals
ok 14 - Equals
</system-out>
    <testcase name="Equals (324)" classname="spec_perl_TestBitsSimpleLe_t" time="0.00153303146362305" />
    <testcase name="Equals (325)" classname="spec_perl_TestBitsSimpleLe_t" time="8.89301300048828e-05" />
    <testcase name="Equals (326)" classname="spec_perl_TestBitsSimpleLe_t" time="4.10079956054688e-05" />
    <testcase name="Equals (327)" classname="spec_perl_TestBitsSimpleLe_t" time="4.69684600830078e-05" />
    <testcase name="Equals (328)" classname="spec_perl_TestBitsSimpleLe_t" time="3.31401824951172e-05" />
    <testcase name="Equals (329)" classname="spec_perl_TestBitsSimpleLe_t" time="4.29153442382812e-05" />
    <testcase name="Equals (330)" classname="spec_perl_TestBitsSimpleLe_t" time="4.60147857666016e-05" />
    <testcase name="Equals (331)" classname="spec_perl_TestBitsSimpleLe_t" time="5.79357147216797e-05" />
    <testcase name="Equals (332)" classname="spec_perl_TestBitsSimpleLe_t" time="7.10487365722656e-05" />
    <testcase name="Equals (333)" classname="spec_perl_TestBitsSimpleLe_t" time="6.89029693603516e-05" />
    <testcase name="Equals (334)" classname="spec_perl_TestBitsSimpleLe_t" time="6.41345977783203e-05" />
    <testcase name="Equals (335)" classname="spec_perl_TestBitsSimpleLe_t" time="6.69956207275391e-05" />
    <testcase name="Equals (336)" classname="spec_perl_TestBitsSimpleLe_t" time="7.00950622558594e-05" />
    <testcase name="Equals (337)" classname="spec_perl_TestBitsSimpleLe_t" time="6.89029693603516e-05" />
  </testsuite>
  <testsuite name="spec_perl_TestParamsCallShort_t" errors="0" failures="3" skipped="0" tests="3" time="0.0436780452728271">
    <system-out>1..3
not ok 1 - Equals
not ok 2 - Equals
not ok 3 - Equals
</system-out>
    <testcase name="Equals (338)" classname="spec_perl_TestParamsCallShort_t" time="0.00177001953125">
      <failure message="not ok 1 - Equals" type="TAP::Parser::Result::Test"></failure>
    </testcase>
    <testcase name="Equals (339)" classname="spec_perl_TestParamsCallShort_t" time="0.00117301940917969">
      <failure message="not ok 2 - Equals" type="TAP::Parser::Result::Test"></failure>
    </testcase>
    <testcase name="Equals (340)" classname="spec_perl_TestParamsCallShort_t" time="5.81741333007812e-05">
      <failure message="not ok 3 - Equals" type="TAP::Parser::Result::Test"></failure>
    </testcase>
  </testsuite>
  <testsuite name="spec_perl_TestTermU1Val_t" errors="0" failures="0" skipped="0" tests="2" time="0.0407090187072754">
    <system-out>1..2
ok 1 - Equals
ok 2 - Equals
</system-out>
    <testcase name="Equals (341)" classname="spec_perl_TestTermU1Val_t" time="0.00136208534240723" />
    <testcase name="Equals (342)" classname="spec_perl_TestTermU1Val_t" time="0.000108003616333008" />
  </testsuite>
  <testsuite name="spec_perl_TestUserType_t" errors="0" failures="0" skipped="0" tests="2" time="0.0355708599090576">
    <system-out>1..2
ok 1 - Equals
ok 2 - Equals
</system-out>
    <testcase name="Equals (343)" classname="spec_perl_TestUserType_t" time="0.00128912925720215" />
    <testcase name="Equals (344)" classname="spec_perl_TestUserType_t" time="0.000104904174804688" />
  </testsuite>
  <testsuite name="spec_perl_TestImportsAbsAbs_t" errors="0" failures="0" skipped="0" tests="3" time="0.0405828952789307">
    <system-out>1..3
ok 1 - Equals
ok 2 - Equals
ok 3 - Equals
</system-out>
    <testcase name="Equals (345)" classname="spec_perl_TestImportsAbsAbs_t" time="0.00262117385864258" />
    <testcase name="Equals (346)" classname="spec_perl_TestImportsAbsAbs_t" time="8.98838043212891e-05" />
    <testcase name="Equals (347)" classname="spec_perl_TestImportsAbsAbs_t" time="9.20295715332031e-05" />
  </testsuite>
  <testsuite name="spec_perl_TestExprBytesOps_t" errors="0" failures="0" skipped="0" tests="16" time="0.0375039577484131">
    <system-out>1..16
ok 1 - Equals
ok 2 - Equals
ok 3 - Equals
ok 4 - Equals
ok 5 - Equals
ok 6 - Equals
ok 7 - Equals
ok 8 - Equals
ok 9 - Equals
ok 10 - Equals
ok 11 - Equals
ok 12 - Equals
ok 13 - Equals
ok 14 - Equals
ok 15 - Equals
ok 16 - Equals
</system-out>
    <testcase name="Equals (348)" classname="spec_perl_TestExprBytesOps_t" time="0.00150513648986816" />
    <testcase name="Equals (349)" classname="spec_perl_TestExprBytesOps_t" time="9.89437103271484e-05" />
    <testcase name="Equals (350)" classname="spec_perl_TestExprBytesOps_t" time="0.000104904174804688" />
    <testcase name="Equals (351)" classname="spec_perl_TestExprBytesOps_t" time="6.41345977783203e-05" />
    <testcase name="Equals (352)" classname="spec_perl_TestExprBytesOps_t" time="6.103515625e-05" />
    <testcase name="Equals (353)" classname="spec_perl_TestExprBytesOps_t" time="7.29560852050781e-05" />
    <testcase name="Equals (354)" classname="spec_perl_TestExprBytesOps_t" time="9.29832458496094e-05" />
    <testcase name="Equals (355)" classname="spec_perl_TestExprBytesOps_t" time="5.79357147216797e-05" />
    <testcase name="Equals (356)" classname="spec_perl_TestExprBytesOps_t" time="5.81741333007812e-05" />
    <testcase name="Equals (357)" classname="spec_perl_TestExprBytesOps_t" time="5.57899475097656e-05" />
    <testcase name="Equals (358)" classname="spec_perl_TestExprBytesOps_t" time="5.69820404052734e-05" />
    <testcase name="Equals (359)" classname="spec_perl_TestExprBytesOps_t" time="7.82012939453125e-05" />
    <testcase name="Equals (360)" classname="spec_perl_TestExprBytesOps_t" time="6.29425048828125e-05" />
    <testcase name="Equals (361)" classname="spec_perl_TestExprBytesOps_t" time="5.60283660888672e-05" />
    <testcase name="Equals (362)" classname="spec_perl_TestExprBytesOps_t" time="5.48362731933594e-05" />
    <testcase name="Equals (363)" classname="spec_perl_TestExprBytesOps_t" time="5.60283660888672e-05" />
  </testsuite>
  <testsuite name="spec_perl_TestEnumIntRangeU_t" errors="0" failures="0" skipped="0" tests="2" time="0.0361659526824951">
    <system-out>1..2
ok 1 - Equals
ok 2 - Equals
</system-out>
    <testcase name="Equals (364)" classname="spec_perl_TestEnumIntRangeU_t" time="0.00131893157958984" />
    <testcase name="Equals (365)" classname="spec_perl_TestEnumIntRangeU_t" time="0.000113010406494141" />
  </testsuite>
  <testsuite name="spec_perl_TestIfStruct_t" errors="0" failures="0" skipped="0" tests="7" time="0.0449888706207275">
    <system-out>1..7
ok 1 - Equals
ok 2 - Equals
ok 3 - Equals
ok 4 - Equals
ok 5 - Equals
ok 6 - Equals
ok 7 - Equals
</system-out>
    <testcase name="Equals (366)" classname="spec_perl_TestIfStruct_t" time="0.00170016288757324" />
    <testcase name="Equals (367)" classname="spec_perl_TestIfStruct_t" time="8.89301300048828e-05" />
    <testcase name="Equals (368)" classname="spec_perl_TestIfStruct_t" time="4.00543212890625e-05" />
    <testcase name="Equals (369)" classname="spec_perl_TestIfStruct_t" time="4.50611114501953e-05" />
    <testcase name="Equals (370)" classname="spec_perl_TestIfStruct_t" time="3.38554382324219e-05" />
    <testcase name="Equals (371)" classname="spec_perl_TestIfStruct_t" time="4.60147857666016e-05" />
    <testcase name="Equals (372)" classname="spec_perl_TestIfStruct_t" time="3.60012054443359e-05" />
  </testsuite>
  <testsuite name="spec_perl_TestStrEncodingsDefault_t" errors="0" failures="0" skipped="0" tests="4" time="0.0535788536071777">
    <system-out>1..4
ok 1 - Equals
ok 2 - Equals
ok 3 - Equals
ok 4 - Equals
</system-out>
    <testcase name="Equals (373)" classname="spec_perl_TestStrEncodingsDefault_t" time="0.00562810897827148" />
    <testcase name="Equals (374)" classname="spec_perl_TestStrEncodingsDefault_t" time="0.000106096267700195" />
    <testcase name="Equals (375)" classname="spec_perl_TestStrEncodingsDefault_t" time="0.000101804733276367" />
    <testcase name="Equals (376)" classname="spec_perl_TestStrEncodingsDefault_t" time="6.60419464111328e-05" />
  </testsuite>
  <testsuite name="spec_perl_TestParamsEnum_t" errors="0" failures="1" skipped="0" tests="2" time="0.0374999046325684">
    <system-out>1..2
ok 1 - Equals
not ok 2 - Equals
</system-out>
    <testcase name="Equals (377)" classname="spec_perl_TestParamsEnum_t" time="0.00141787528991699" />
    <testcase name="Equals (378)" classname="spec_perl_TestParamsEnum_t" time="0.000112056732177734">
      <failure message="not ok 2 - Equals" type="TAP::Parser::Result::Test"></failure>
    </testcase>
  </testsuite>
  <testsuite name="spec_perl_TestBitsSimple_t" errors="0" failures="0" skipped="0" tests="14" time="0.0391190052032471">
    <system-out>1..14
ok 1 - Equals
ok 2 - Equals
ok 3 - Equals
ok 4 - Equals
ok 5 - Equals
ok 6 - Equals
ok 7 - Equals
ok 8 - Equals
ok 9 - Equals
ok 10 - Equals
ok 11 - Equals
ok 12 - Equals
ok 13 - Equals
ok 14 - Equals
</system-out>
    <testcase name="Equals (379)" classname="spec_perl_TestBitsSimple_t" time="0.00155305862426758" />
    <testcase name="Equals (380)" classname="spec_perl_TestBitsSimple_t" time="0.000111818313598633" />
    <testcase name="Equals (381)" classname="spec_perl_TestBitsSimple_t" time="4.10079956054688e-05" />
    <testcase name="Equals (382)" classname="spec_perl_TestBitsSimple_t" time="3.50475311279297e-05" />
    <testcase name="Equals (383)" classname="spec_perl_TestBitsSimple_t" time="3.79085540771484e-05" />
    <testcase name="Equals (384)" classname="spec_perl_TestBitsSimple_t" time="4.72068786621094e-05" />
    <testcase name="Equals (385)" classname="spec_perl_TestBitsSimple_t" time="3.29017639160156e-05" />
    <testcase name="Equals (386)" classname="spec_perl_TestBitsSimple_t" time="3.50475311279297e-05" />
    <testcase name="Equals (387)" classname="spec_perl_TestBitsSimple_t" time="4.38690185546875e-05" />
    <testcase name="Equals (388)" classname="spec_perl_TestBitsSimple_t" time="4.10079956054688e-05" />
    <testcase name="Equals (389)" classname="spec_perl_TestBitsSimple_t" time="4.1961669921875e-05" />
    <testcase name="Equals (390)" classname="spec_perl_TestBitsSimple_t" time="6.50882720947266e-05" />
    <testcase name="Equals (391)" classname="spec_perl_TestBitsSimple_t" time="6.69956207275391e-05" />
    <testcase name="Equals (392)" classname="spec_perl_TestBitsSimple_t" time="7.51018524169922e-05" />
  </testsuite>
  <testsuite name="spec_perl_TestFloatingPoints_t" errors="0" failures="0" skipped="0" tests="8" time="0.0370509624481201">
    <system-out>1..8
ok 1 - Approx equals
ok 2 - Approx equals
ok 3 - Approx equals
ok 4 - Approx equals
ok 5 - Approx equals
ok 6 - Approx equals
ok 7 - Approx equals
ok 8 - Approx equals
</system-out>
    <testcase name="Approx equals (392)" classname="spec_perl_TestFloatingPoints_t" time="0.00154399871826172" />
    <testcase name="Approx equals (393)" classname="spec_perl_TestFloatingPoints_t" time="9.60826873779297e-05" />
    <testcase name="Approx equals (394)" classname="spec_perl_TestFloatingPoints_t" time="6.89029693603516e-05" />
    <testcase name="Approx equals (395)" classname="spec_perl_TestFloatingPoints_t" time="9.70363616943359e-05" />
    <testcase name="Approx equals (396)" classname="spec_perl_TestFloatingPoints_t" time="7.20024108886719e-05" />
    <testcase name="Approx equals (397)" classname="spec_perl_TestFloatingPoints_t" time="7.20024108886719e-05" />
    <testcase name="Approx equals (398)" classname="spec_perl_TestFloatingPoints_t" time="5.98430633544922e-05" />
    <testcase name="Approx equals (399)" classname="spec_perl_TestFloatingPoints_t" time="5.7220458984375e-05" />
  </testsuite>
  <testsuite name="spec_perl_TestIntegersMinMax_t" errors="0" failures="0" skipped="0" tests="28" time="0.0384349822998047">
    <system-out>1..28
ok 1 - Equals
ok 2 - Equals
ok 3 - Equals
ok 4 - Equals
ok 5 - Equals
ok 6 - Equals
ok 7 - Equals
ok 8 - Equals
ok 9 - Equals
ok 10 - Equals
ok 11 - Equals
ok 12 - Equals
ok 13 - Equals
ok 14 - Equals
ok 15 - Equals
ok 16 - Equals
ok 17 - Equals
ok 18 - Equals
ok 19 - Equals
ok 20 - Equals
ok 21 - Equals
ok 22 - Equals
ok 23 - Equals
ok 24 - Equals
ok 25 - Equals
ok 26 - Equals
ok 27 - Equals
ok 28 - Equals
</system-out>
    <testcase name="Equals (399)" classname="spec_perl_TestIntegersMinMax_t" time="0.00141596794128418" />
    <testcase name="Equals (400)" classname="spec_perl_TestIntegersMinMax_t" time="0.000132083892822266" />
    <testcase name="Equals (401)" classname="spec_perl_TestIntegersMinMax_t" time="7.20024108886719e-05" />
    <testcase name="Equals (402)" classname="spec_perl_TestIntegersMinMax_t" time="6.69956207275391e-05" />
    <testcase name="Equals (403)" classname="spec_perl_TestIntegersMinMax_t" time="8.48770141601562e-05" />
    <testcase name="Equals (404)" classname="spec_perl_TestIntegersMinMax_t" time="6.103515625e-05" />
    <testcase name="Equals (405)" classname="spec_perl_TestIntegersMinMax_t" time="7.20024108886719e-05" />
    <testcase name="Equals (406)" classname="spec_perl_TestIntegersMinMax_t" time="6.00814819335938e-05" />
    <testcase name="Equals (407)" classname="spec_perl_TestIntegersMinMax_t" time="7.89165496826172e-05" />
    <testcase name="Equals (408)" classname="spec_perl_TestIntegersMinMax_t" time="5.69820404052734e-05" />
    <testcase name="Equals (409)" classname="spec_perl_TestIntegersMinMax_t" time="0.00011897087097168" />
    <testcase name="Equals (410)" classname="spec_perl_TestIntegersMinMax_t" time="6.103515625e-05" />
    <testcase name="Equals (411)" classname="spec_perl_TestIntegersMinMax_t" time="8.0108642578125e-05" />
    <testcase name="Equals (412)" classname="spec_perl_TestIntegersMinMax_t" time="5.69820404052734e-05" />
    <testcase name="Equals (413)" classname="spec_perl_TestIntegersMinMax_t" time="5.69820404052734e-05" />
    <testcase name="Equals (414)" classname="spec_perl_TestIntegersMinMax_t" time="5.79357147216797e-05" />
    <testcase name="Equals (415)" classname="spec_perl_TestIntegersMinMax_t" time="7.51018524169922e-05" />
    <testcase name="Equals (416)" classname="spec_perl_TestIntegersMinMax_t" time="6.103515625e-05" />
    <testcase name="Equals (417)" classname="spec_perl_TestIntegersMinMax_t" time="5.79357147216797e-05" />
    <testcase name="Equals (418)" classname="spec_perl_TestIntegersMinMax_t" time="6.29425048828125e-05" />
    <testcase name="Equals (419)" classname="spec_perl_TestIntegersMinMax_t" time="7.70092010498047e-05" />
    <testcase name="Equals (420)" classname="spec_perl_TestIntegersMinMax_t" time="6.103515625e-05" />
    <testcase name="Equals (421)" classname="spec_perl_TestIntegersMinMax_t" time="5.79357147216797e-05" />
    <testcase name="Equals (422)" classname="spec_perl_TestIntegersMinMax_t" time="5.69820404052734e-05" />
    <testcase name="Equals (423)" classname="spec_perl_TestIntegersMinMax_t" time="7.51018524169922e-05" />
    <testcase name="Equals (424)" classname="spec_perl_TestIntegersMinMax_t" time="5.50746917724609e-05" />
    <testcase name="Equals (425)" classname="spec_perl_TestIntegersMinMax_t" time="5.48362731933594e-05" />
    <testcase name="Equals (426)" classname="spec_perl_TestIntegersMinMax_t" time="6.79492950439453e-05" />
  </testsuite>
  <testsuite name="spec_perl_TestSwitchManualStr_t" errors="0" failures="0" skipped="0" tests="9" time="0.0421319007873535">
    <system-out>1..9
ok 1 - Equals
ok 2 - Equals
ok 3 - Equals
ok 4 - Equals
ok 5 - Equals
ok 6 - Equals
ok 7 - Equals
ok 8 - Equals
ok 9 - Equals
</system-out>
    <testcase name="Equals (427)" classname="spec_perl_TestSwitchManualStr_t" time="0.0015110969543457" />
    <testcase name="Equals (428)" classname="spec_perl_TestSwitchManualStr_t" time="9.67979431152344e-05" />
    <testcase name="Equals (429)" classname="spec_perl_TestSwitchManualStr_t" time="5.41210174560547e-05" />
    <testcase name="Equals (430)" classname="spec_perl_TestSwitchManualStr_t" time="6.50882720947266e-05" />
    <testcase name="Equals (431)" classname="spec_perl_TestSwitchManualStr_t" time="4.98294830322266e-05" />
    <testcase name="Equals (432)" classname="spec_perl_TestSwitchManualStr_t" time="6.103515625e-05" />
    <testcase name="Equals (433)" classname="spec_perl_TestSwitchManualStr_t" time="4.60147857666016e-05" />
    <testcase name="Equals (434)" classname="spec_perl_TestSwitchManualStr_t" time="5.79357147216797e-05" />
    <testcase name="Equals (435)" classname="spec_perl_TestSwitchManualStr_t" time="4.41074371337891e-05" />
  </testsuite>
  <testsuite name="spec_perl_TestBitsEnum_t" errors="0" failures="0" skipped="0" tests="3" time="0.0379009246826172">
    <system-out>1..3
ok 1 - Equals
ok 2 - Equals
ok 3 - Equals
</system-out>
    <testcase name="Equals (436)" classname="spec_perl_TestBitsEnum_t" time="0.00136709213256836" />
    <testcase name="Equals (437)" classname="spec_perl_TestBitsEnum_t" time="9.79900360107422e-05" />
    <testcase name="Equals (438)" classname="spec_perl_TestBitsEnum_t" time="7.79628753662109e-05" />
  </testsuite>
  <testsuite name="spec_perl_TestProcessXor4Value_t" errors="0" failures="0" skipped="0" tests="2" time="0.0363790988922119">
    <system-out>1..2
ok 1 - Equals
ok 2 - Equals
</system-out>
    <testcase name="Equals (439)" classname="spec_perl_TestProcessXor4Value_t" time="0.00129008293151855" />
    <testcase name="Equals (440)" classname="spec_perl_TestProcessXor4Value_t" time="0.000107049942016602" />
  </testsuite>
  <testsuite name="spec_perl_TestExprSizeofValueSized_t" errors="0" failures="0" skipped="0" tests="5" time="0.0368709564208984">
    <system-out>1..5
ok 1 - Equals
ok 2 - Equals
ok 3 - Equals
ok 4 - Equals
ok 5 - Equals
</system-out>
    <testcase name="Equals (441)" classname="spec_perl_TestExprSizeofValueSized_t" time="0.00180506706237793" />
    <testcase name="Equals (442)" classname="spec_perl_TestExprSizeofValueSized_t" time="0.000103950500488281" />
    <testcase name="Equals (443)" classname="spec_perl_TestExprSizeofValueSized_t" time="0.000105142593383789" />
    <testcase name="Equals (444)" classname="spec_perl_TestExprSizeofValueSized_t" time="6.38961791992188e-05" />
    <testcase name="Equals (445)" classname="spec_perl_TestExprSizeofValueSized_t" time="6.103515625e-05" />
  </testsuite>
  <testsuite name="spec_perl_TestValidNotParsedIf_t" errors="0" failures="0" skipped="1" tests="1" time="0.0360779762268066">
    <system-out>1..1
ok 1 # skip ValidNotParsedIf=HASH(0x5618bb6f4090)
</system-out>
    <testcase name="Unnamed test case 445" classname="spec_perl_TestValidNotParsedIf_t" time="0.00159406661987305">
      <skipped message="ok 1 # skip ValidNotParsedIf=HASH(0x5618bb6f4090)" />
    </testcase>
  </testsuite>
  <testsuite name="spec_perl_TestTypeTernary2ndFalsy_t" errors="0" failures="0" skipped="0" tests="13" time="0.0370891094207764">
    <system-out>1..13
ok 1 - Equals
ok 2 - Equals
ok 3 - Equals
ok 4 - Approx equals
ok 5 - Approx equals
ok 6 - Equals
ok 7 - Equals
ok 8 - Equals
ok 9 - nil
ok 10 - Equals
ok 11 - Equals
ok 12 - Equals
ok 13 - Equals
</system-out>
    <testcase name="Equals (446)" classname="spec_perl_TestTypeTernary2ndFalsy_t" time="0.00132393836975098" />
    <testcase name="Equals (447)" classname="spec_perl_TestTypeTernary2ndFalsy_t" time="0.000113010406494141" />
    <testcase name="Equals (448)" classname="spec_perl_TestTypeTernary2ndFalsy_t" time="6.81877136230469e-05" />
    <testcase name="Approx equals (448)" classname="spec_perl_TestTypeTernary2ndFalsy_t" time="6.4849853515625e-05" />
    <testcase name="Approx equals (449)" classname="spec_perl_TestTypeTernary2ndFalsy_t" time="8.79764556884766e-05" />
    <testcase name="Equals (449)" classname="spec_perl_TestTypeTernary2ndFalsy_t" time="7.10487365722656e-05" />
    <testcase name="Equals (450)" classname="spec_perl_TestTypeTernary2ndFalsy_t" time="5.79357147216797e-05" />
    <testcase name="Equals (451)" classname="spec_perl_TestTypeTernary2ndFalsy_t" time="7.79628753662109e-05" />
    <testcase name="nil (451)" classname="spec_perl_TestTypeTernary2ndFalsy_t" time="6.00814819335938e-05" />
    <testcase name="Equals (452)" classname="spec_perl_TestTypeTernary2ndFalsy_t" time="5.79357147216797e-05" />
    <testcase name="Equals (453)" classname="spec_perl_TestTypeTernary2ndFalsy_t" time="6.19888305664062e-05" />
    <testcase name="Equals (454)" classname="spec_perl_TestTypeTernary2ndFalsy_t" time="7.51018524169922e-05" />
    <testcase name="Equals (455)" classname="spec_perl_TestTypeTernary2ndFalsy_t" time="5.79357147216797e-05" />
  </testsuite>
  <testsuite name="spec_perl_TestProcessToUser_t" errors="0" failures="0" skipped="0" tests="1" time="0.0450739860534668">
    <system-out>1..1
ok 1 - Equals
</system-out>
    <testcase name="Equals (456)" classname="spec_perl_TestProcessToUser_t" time="0.00336289405822754" />
  </testsuite>
  <testsuite name="spec_perl_TestNavParentSwitch_t" errors="0" failures="0" skipped="0" tests="3" time="0.0362470149993896">
    <system-out>1..3
ok 1 - Equals
ok 2 - Equals
ok 3 - Equals
</system-out>
    <testcase name="Equals (457)" classname="spec_perl_TestNavParentSwitch_t" time="0.00146603584289551" />
    <testcase name="Equals (458)" classname="spec_perl_TestNavParentSwitch_t" time="8.89301300048828e-05" />
    <testcase name="Equals (459)" classname="spec_perl_TestNavParentSwitch_t" time="4.00543212890625e-05" />
  </testsuite>
  <testsuite name="spec_perl_TestProcessCoerceBytes_t" errors="0" failures="0" skipped="0" tests="4" time="0.036203145980835">
    <system-out>1..4
ok 1 - Equals
ok 2 - Equals
ok 3 - Equals
ok 4 - Equals
</system-out>
    <testcase name="Equals (460)" classname="spec_perl_TestProcessCoerceBytes_t" time="0.00147294998168945" />
    <testcase name="Equals (461)" classname="spec_perl_TestProcessCoerceBytes_t" time="9.20295715332031e-05" />
    <testcase name="Equals (462)" classname="spec_perl_TestProcessCoerceBytes_t" time="5.29289245605469e-05" />
    <testcase name="Equals (463)" classname="spec_perl_TestProcessCoerceBytes_t" time="0.000133991241455078" />
  </testsuite>
  <testsuite name="spec_perl_TestExprIoEof_t" errors="0" failures="0" skipped="0" tests="4" time="0.0367038249969482">
    <system-out>1..4
ok 1 - Equals
ok 2 - nil
ok 3 - Equals
ok 4 - Equals
</system-out>
    <testcase name="Equals (464)" classname="spec_perl_TestExprIoEof_t" time="0.00150609016418457" />
    <testcase name="nil (464)" classname="spec_perl_TestExprIoEof_t" time="7.29560852050781e-05" />
    <testcase name="Equals (465)" classname="spec_perl_TestExprIoEof_t" time="4.38690185546875e-05" />
[...]
ok 1 - Equals
ok 2 - Equals
ok 3 - Equals
ok 4 - Equals
ok 5 - Equals
</system-out>
    <testcase name="Equals (886)" classname="spec_perl_TestRepeatEosStruct_t" time="0.00145316123962402" />
    <testcase name="Equals (887)" classname="spec_perl_TestRepeatEosStruct_t" time="8.98838043212891e-05" />
    <testcase name="Equals (888)" classname="spec_perl_TestRepeatEosStruct_t" time="0.000108957290649414" />
    <testcase name="Equals (889)" classname="spec_perl_TestRepeatEosStruct_t" time="6.31809234619141e-05" />
    <testcase name="Equals (890)" classname="spec_perl_TestRepeatEosStruct_t" time="5.69820404052734e-05" />
  </testsuite>
  <testsuite name="spec_perl_TestExprIoPos_t" errors="0" failures="0" skipped="0" tests="6" time="0.0421829223632812">
    <system-out>1..6
ok 1 - Equals
ok 2 - Equals
ok 3 - Equals
ok 4 - Equals
ok 5 - Equals
ok 6 - Equals
</system-out>
    <testcase name="Equals (891)" classname="spec_perl_TestExprIoPos_t" time="0.00192904472351074" />
    <testcase name="Equals (892)" classname="spec_perl_TestExprIoPos_t" time="0.000156164169311523" />
    <testcase name="Equals (893)" classname="spec_perl_TestExprIoPos_t" time="7.48634338378906e-05" />
    <testcase name="Equals (894)" classname="spec_perl_TestExprIoPos_t" time="7.89165496826172e-05" />
    <testcase name="Equals (895)" classname="spec_perl_TestExprIoPos_t" time="3.71932983398438e-05" />
    <testcase name="Equals (896)" classname="spec_perl_TestExprIoPos_t" time="0.000159025192260742" />
  </testsuite>
  <testsuite name="spec_perl_TestParamsPassUsertype_t" errors="0" failures="1" skipped="1" tests="2" time="0.0372710227966309">
    <system-out>1..2
not ok 1 - test_params_pass_usertype died (Can't call method &quot;foo&quot; on an undefined value at compiled/perl/ParamsPassUsertype.pm line 119.)
ok 2 # skip test_params_pass_usertype died
</system-out>
    <testcase name="test_params_pass_usertype died (Can't call method &quot;foo&quot; on an undefined value at compiled/perl/ParamsPassUsertype.pm line 119.) (896)" classname="spec_perl_TestParamsPassUsertype_t" time="0.00149798393249512">
      <failure message="not ok 1 - test_params_pass_usertype died (Can't call method &quot;foo&quot; on an undefined value at compiled/perl/ParamsPassUsertype.pm line 119.)" type="TAP::Parser::Result::Test"></failure>
    </testcase>
    <testcase name="Unnamed test case 896" classname="spec_perl_TestParamsPassUsertype_t" time="0.000142812728881836">
      <skipped message="ok 2 # skip test_params_pass_usertype died" />
    </testcase>
  </testsuite>
  <testsuite name="spec_perl_TestDebugEnumName_t" errors="1" failures="0" skipped="0" tests="0" time="0.0330371856689453">
    <system-out></system-out>
    <testcase name="Test died too soon, even before plan. (896)" classname="spec_perl_TestDebugEnumName_t" time="0.0330371856689453">
      <failure message="The test suite died before a plan was produced. You need to have a plan." type="Plan">No plan</failure>
    </testcase>
  </testsuite>
  <testsuite name="spec_perl_TestParamsPassStruct_t" errors="0" failures="1" skipped="1" tests="4" time="0.0374062061309814">
    <system-out>1..4
ok 1 - Equals
ok 2 - Equals
not ok 3 - test_params_pass_struct died (Can't call method &quot;foo&quot; on an undefined value at spec/perl/TestParamsPassStruct.t line 16.)
ok 4 # skip test_params_pass_struct died
</system-out>
    <testcase name="Equals (897)" classname="spec_perl_TestParamsPassStruct_t" time="0.00133800506591797" />
    <testcase name="Equals (898)" classname="spec_perl_TestParamsPassStruct_t" time="7.48634338378906e-05" />
    <testcase name="test_params_pass_struct died (Can't call method &quot;foo&quot; on an undefined value at spec/perl/TestParamsPassStruct.t line 16.) (898)" classname="spec_perl_TestParamsPassStruct_t" time="8.20159912109375e-05">
      <failure message="not ok 3 - test_params_pass_struct died (Can't call method &quot;foo&quot; on an undefined value at spec/perl/TestParamsPassStruct.t line 16.)" type="TAP::Parser::Result::Test"></failure>
    </testcase>
    <testcase name="Unnamed test case 898" classname="spec_perl_TestParamsPassStruct_t" time="0.000396013259887695">
      <skipped message="ok 4 # skip test_params_pass_struct died" />
    </testcase>
  </testsuite>
  <testsuite name="spec_perl_TestIndexToParamUntil_t" errors="0" failures="2" skipped="0" tests="7" time="0.0521738529205322">
    <system-out>1..7
ok 1 - Equals
ok 2 - Equals
ok 3 - Equals
ok 4 - Equals
ok 5 - Equals
not ok 6 - Equals
not ok 7 - Equals
</system-out>
    <testcase name="Equals (899)" classname="spec_perl_TestIndexToParamUntil_t" time="0.00487995147705078" />
    <testcase name="Equals (900)" classname="spec_perl_TestIndexToParamUntil_t" time="0.000138998031616211" />
    <testcase name="Equals (901)" classname="spec_perl_TestIndexToParamUntil_t" time="5.10215759277344e-05" />
    <testcase name="Equals (902)" classname="spec_perl_TestIndexToParamUntil_t" time="3.91006469726562e-05" />
    <testcase name="Equals (903)" classname="spec_perl_TestIndexToParamUntil_t" time="3.60012054443359e-05" />
    <testcase name="Equals (904)" classname="spec_perl_TestIndexToParamUntil_t" time="4.60147857666016e-05">
      <failure message="not ok 6 - Equals" type="TAP::Parser::Result::Test"></failure>
    </testcase>
    <testcase name="Equals (905)" classname="spec_perl_TestIndexToParamUntil_t" time="3.50475311279297e-05">
      <failure message="not ok 7 - Equals" type="TAP::Parser::Result::Test"></failure>
    </testcase>
  </testsuite>
  <testsuite name="spec_perl_TestSwitchMultiBoolOps_t" errors="0" failures="0" skipped="0" tests="9" time="0.0373430252075195">
    <system-out>1..9
ok 1 - Equals
ok 2 - Equals
ok 3 - Equals
ok 4 - Equals
ok 5 - Equals
ok 6 - Equals
ok 7 - Equals
ok 8 - Equals
ok 9 - Equals
</system-out>
    <testcase name="Equals (906)" classname="spec_perl_TestSwitchMultiBoolOps_t" time="0.00152492523193359" />
    <testcase name="Equals (907)" classname="spec_perl_TestSwitchMultiBoolOps_t" time="8.79764556884766e-05" />
    <testcase name="Equals (908)" classname="spec_perl_TestSwitchMultiBoolOps_t" time="3.91006469726562e-05" />
    <testcase name="Equals (909)" classname="spec_perl_TestSwitchMultiBoolOps_t" time="0.000125885009765625" />
    <testcase name="Equals (910)" classname="spec_perl_TestSwitchMultiBoolOps_t" time="4.60147857666016e-05" />
    <testcase name="Equals (911)" classname="spec_perl_TestSwitchMultiBoolOps_t" time="6.29425048828125e-05" />
    <testcase name="Equals (912)" classname="spec_perl_TestSwitchMultiBoolOps_t" time="3.60012054443359e-05" />
    <testcase name="Equals (913)" classname="spec_perl_TestSwitchMultiBoolOps_t" time="5.10215759277344e-05" />
    <testcase name="Equals (914)" classname="spec_perl_TestSwitchMultiBoolOps_t" time="3.21865081787109e-05" />
  </testsuite>
  <testsuite name="spec_perl_TestDefaultEndianMod_t" errors="0" failures="0" skipped="0" tests="3" time="0.0416178703308105">
    <system-out>1..3
ok 1 - Equals
ok 2 - Equals
ok 3 - Equals
</system-out>
    <testcase name="Equals (915)" classname="spec_perl_TestDefaultEndianMod_t" time="0.00141692161560059" />
    <testcase name="Equals (916)" classname="spec_perl_TestDefaultEndianMod_t" time="8.70227813720703e-05" />
    <testcase name="Equals (917)" classname="spec_perl_TestDefaultEndianMod_t" time="4.10079956054688e-05" />
  </testsuite>
  <testsuite name="spec_perl_TestIfInstances_t" errors="0" failures="0" skipped="0" tests="1" time="0.036884069442749">
    <system-out>1..1
ok 1 - nil
</system-out>
    <testcase name="nil (917)" classname="spec_perl_TestIfInstances_t" time="0.00127792358398438" />
  </testsuite>
  <testsuite name="spec_perl_TestNestedSameName_t" errors="0" failures="0" skipped="0" tests="2" time="0.0364940166473389">
    <system-out>1..2
ok 1 - Equals
ok 2 - Equals
</system-out>
    <testcase name="Equals (918)" classname="spec_perl_TestNestedSameName_t" time="0.00140500068664551" />
    <testcase name="Equals (919)" classname="spec_perl_TestNestedSameName_t" time="8.29696655273438e-05" />
  </testsuite>
  <testsuite name="spec_perl_TestProcessRepeatBytes_t" errors="0" failures="0" skipped="0" tests="2" time="0.0366039276123047">
    <system-out>1..2
ok 1 - Equals
ok 2 - Equals
</system-out>
    <testcase name="Equals (920)" classname="spec_perl_TestProcessRepeatBytes_t" time="0.00141286849975586" />
    <testcase name="Equals (921)" classname="spec_perl_TestProcessRepeatBytes_t" time="0.000108957290649414" />
  </testsuite>
  <testsuite name="spec_perl_TestStrPadTermEmpty_t" errors="0" failures="0" skipped="0" tests="4" time="0.0389270782470703">
    <system-out>1..4
ok 1 - Equals
ok 2 - Equals
ok 3 - Equals
ok 4 - Equals
</system-out>
    <testcase name="Equals (922)" classname="spec_perl_TestStrPadTermEmpty_t" time="0.0015571117401123" />
    <testcase name="Equals (923)" classname="spec_perl_TestStrPadTermEmpty_t" time="8.70227813720703e-05" />
    <testcase name="Equals (924)" classname="spec_perl_TestStrPadTermEmpty_t" time="3.88622283935547e-05" />
    <testcase name="Equals (925)" classname="spec_perl_TestStrPadTermEmpty_t" time="4.81605529785156e-05" />
  </testsuite>
  <testsuite name="spec_perl_TestProcessCoerceUsertype2_t" errors="0" failures="0" skipped="0" tests="4" time="0.0365638732910156">
    <system-out>1..4
ok 1 - Equals
ok 2 - Equals
ok 3 - Equals
ok 4 - Equals
</system-out>
    <testcase name="Equals (926)" classname="spec_perl_TestProcessCoerceUsertype2_t" time="0.00170302391052246" />
    <testcase name="Equals (927)" classname="spec_perl_TestProcessCoerceUsertype2_t" time="0.000113964080810547" />
    <testcase name="Equals (928)" classname="spec_perl_TestProcessCoerceUsertype2_t" time="6.79492950439453e-05" />
    <testcase name="Equals (929)" classname="spec_perl_TestProcessCoerceUsertype2_t" time="8.10623168945312e-05" />
  </testsuite>
  <testsuite name="spec_perl_TestDefaultBigEndian_t" errors="0" failures="0" skipped="0" tests="1" time="0.0392498970031738">
    <system-out>1..1
ok 1 - Equals
</system-out>
    <testcase name="Equals (930)" classname="spec_perl_TestDefaultBigEndian_t" time="0.00155305862426758" />
  </testsuite>
  <testsuite name="spec_perl_TestNavParent2_t" errors="0" failures="0" skipped="0" tests="10" time="0.0427310466766357">
    <system-out>1..10
ok 1 - Equals
ok 2 - Equals
ok 3 - Equals
ok 4 - Equals
ok 5 - Equals
ok 6 - Equals
ok 7 - Equals
ok 8 - Equals
ok 9 - Equals
ok 10 - Equals
</system-out>
    <testcase name="Equals (931)" classname="spec_perl_TestNavParent2_t" time="0.00014495849609375" />
    <testcase name="Equals (932)" classname="spec_perl_TestNavParent2_t" time="4.50611114501953e-05" />
    <testcase name="Equals (933)" classname="spec_perl_TestNavParent2_t" time="3.69548797607422e-05" />
    <testcase name="Equals (934)" classname="spec_perl_TestNavParent2_t" time="3.40938568115234e-05" />
    <testcase name="Equals (935)" classname="spec_perl_TestNavParent2_t" time="3.19480895996094e-05" />
    <testcase name="Equals (936)" classname="spec_perl_TestNavParent2_t" time="3.19480895996094e-05" />
    <testcase name="Equals (937)" classname="spec_perl_TestNavParent2_t" time="6.41345977783203e-05" />
    <testcase name="Equals (938)" classname="spec_perl_TestNavParent2_t" time="3.38554382324219e-05" />
    <testcase name="Equals (939)" classname="spec_perl_TestNavParent2_t" time="3.21865081787109e-05" />
    <testcase name="Equals (940)" classname="spec_perl_TestNavParent2_t" time="3.29017639160156e-05" />
  </testsuite>
  <testsuite name="spec_perl_TestBitsSignedShiftB32Le_t" errors="0" failures="0" skipped="0" tests="2" time="0.0377781391143799">
    <system-out>1..2
ok 1 - Equals
ok 2 - Equals
</system-out>
    <testcase name="Equals (941)" classname="spec_perl_TestBitsSignedShiftB32Le_t" time="0.00151991844177246" />
    <testcase name="Equals (942)" classname="spec_perl_TestBitsSignedShiftB32Le_t" time="8.60691070556641e-05" />
  </testsuite>
  <testsuite name="spec_perl_TestStrLiterals_t" errors="0" failures="0" skipped="0" tests="5" time="0.0363609790802002">
    <system-out>1..5
ok 1 - Equals
ok 2 - Equals
ok 3 - Equals
ok 4 - Equals
ok 5 - Equals
</system-out>
    <testcase name="Equals (943)" classname="spec_perl_TestStrLiterals_t" time="0.00142097473144531" />
    <testcase name="Equals (944)" classname="spec_perl_TestStrLiterals_t" time="7.89165496826172e-05" />
    <testcase name="Equals (945)" classname="spec_perl_TestStrLiterals_t" time="8.20159912109375e-05" />
    <testcase name="Equals (946)" classname="spec_perl_TestStrLiterals_t" time="5.00679016113281e-05" />
    <testcase name="Equals (947)" classname="spec_perl_TestStrLiterals_t" time="4.79221343994141e-05" />
  </testsuite>
  <testsuite name="spec_perl_TestRepeatEosU4_t" errors="0" failures="0" skipped="0" tests="1" time="0.0357198715209961">
    <system-out>1..1
ok 1 - Equals
</system-out>
    <testcase name="Equals (948)" classname="spec_perl_TestRepeatEosU4_t" time="0.00145983695983887" />
  </testsuite>
  <testsuite name="spec_perl_TestEnumOfValueInst_t" errors="0" failures="0" skipped="0" tests="4" time="0.0398969650268555">
    <system-out>1..4
ok 1 - Equals
ok 2 - Equals
ok 3 - Equals
ok 4 - Equals
</system-out>
    <testcase name="Equals (949)" classname="spec_perl_TestEnumOfValueInst_t" time="0.00279903411865234" />
    <testcase name="Equals (950)" classname="spec_perl_TestEnumOfValueInst_t" time="0.000110864639282227" />
    <testcase name="Equals (951)" classname="spec_perl_TestEnumOfValueInst_t" time="0.000105142593383789" />
    <testcase name="Equals (952)" classname="spec_perl_TestEnumOfValueInst_t" time="5.98430633544922e-05" />
  </testsuite>
  <testsuite name="spec_perl_TestFixedStruct_t" errors="0" failures="0" skipped="0" tests="20" time="0.0407090187072754">
    <system-out>1..20
ok 1 - Equals
ok 2 - Equals
ok 3 - Equals
ok 4 - Equals
ok 5 - Equals
ok 6 - Equals
ok 7 - Equals
ok 8 - Equals
ok 9 - Equals
ok 10 - Equals
ok 11 - Equals
ok 12 - Equals
ok 13 - Equals
ok 14 - Equals
ok 15 - Equals
ok 16 - Equals
ok 17 - Equals
ok 18 - Equals
ok 19 - Equals
ok 20 - Equals
</system-out>
    <testcase name="Equals (953)" classname="spec_perl_TestFixedStruct_t" time="0.00164604187011719" />
    <testcase name="Equals (954)" classname="spec_perl_TestFixedStruct_t" time="0.000149965286254883" />
    <testcase name="Equals (955)" classname="spec_perl_TestFixedStruct_t" time="7.20024108886719e-05" />
    <testcase name="Equals (956)" classname="spec_perl_TestFixedStruct_t" time="6.29425048828125e-05" />
    <testcase name="Equals (957)" classname="spec_perl_TestFixedStruct_t" time="6.19888305664062e-05" />
    <testcase name="Equals (958)" classname="spec_perl_TestFixedStruct_t" time="8.41617584228516e-05" />
    <testcase name="Equals (959)" classname="spec_perl_TestFixedStruct_t" time="5.98430633544922e-05" />
    <testcase name="Equals (960)" classname="spec_perl_TestFixedStruct_t" time="5.60283660888672e-05" />
    <testcase name="Equals (961)" classname="spec_perl_TestFixedStruct_t" time="5.69820404052734e-05" />
    <testcase name="Equals (962)" classname="spec_perl_TestFixedStruct_t" time="5.60283660888672e-05" />
    <testcase name="Equals (963)" classname="spec_perl_TestFixedStruct_t" time="8.70227813720703e-05" />
    <testcase name="Equals (964)" classname="spec_perl_TestFixedStruct_t" time="6.38961791992188e-05" />
    <testcase name="Equals (965)" classname="spec_perl_TestFixedStruct_t" time="5.81741333007812e-05" />
    <testcase name="Equals (966)" classname="spec_perl_TestFixedStruct_t" time="5.69820404052734e-05" />
    <testcase name="Equals (967)" classname="spec_perl_TestFixedStruct_t" time="5.69820404052734e-05" />
    <testcase name="Equals (968)" classname="spec_perl_TestFixedStruct_t" time="7.70092010498047e-05" />
    <testcase name="Equals (969)" classname="spec_perl_TestFixedStruct_t" time="6.38961791992188e-05" />
    <testcase name="Equals (970)" classname="spec_perl_TestFixedStruct_t" time="6.69956207275391e-05" />
    <testcase name="Equals (971)" classname="spec_perl_TestFixedStruct_t" time="5.79357147216797e-05" />
    <testcase name="Equals (972)" classname="spec_perl_TestFixedStruct_t" time="5.60283660888672e-05" />
  </testsuite>
  <testsuite name="spec_perl_TestParamsPassArrayStruct_t" errors="0" failures="1" skipped="2" tests="3" time="0.0372250080108643">
    <system-out>1..3
not ok 1 - test_params_pass_array_struct died (Can't use an undefined value as an ARRAY reference at spec/perl/TestParamsPassArrayStruct.t line 14.)
ok 2 # skip test_params_pass_array_struct died
ok 3 # skip test_params_pass_array_struct died
</system-out>
    <testcase name="test_params_pass_array_struct died (Can't use an undefined value as an ARRAY reference at spec/perl/TestParamsPassArrayStruct.t line 14.) (972)" classname="spec_perl_TestParamsPassArrayStruct_t" time="0.0015408992767334">
      <failure message="not ok 1 - test_params_pass_array_struct died (Can't use an undefined value as an ARRAY reference at spec/perl/TestParamsPassArrayStruct.t line 14.)" type="TAP::Parser::Result::Test"></failure>
    </testcase>
    <testcase name="Unnamed test case 972" classname="spec_perl_TestParamsPassArrayStruct_t" time="0.000113010406494141">
      <skipped message="ok 2 # skip test_params_pass_array_struct died" />
    </testcase>
    <testcase name="Unnamed test case 973" classname="spec_perl_TestParamsPassArrayStruct_t" time="5.10215759277344e-05">
      <skipped message="ok 3 # skip test_params_pass_array_struct died" />
    </testcase>
  </testsuite>
  <testsuite name="spec_perl_TestBitsSeqEndianCombo_t" errors="0" failures="0" skipped="0" tests="8" time="0.0384929180145264">
    <system-out>1..8
ok 1 - Equals
ok 2 - Equals
ok 3 - Equals
ok 4 - Equals
ok 5 - Equals
ok 6 - Equals
ok 7 - Equals
ok 8 - Equals
</system-out>
    <testcase name="Equals (973)" classname="spec_perl_TestBitsSeqEndianCombo_t" time="0.00147604942321777" />
    <testcase name="Equals (974)" classname="spec_perl_TestBitsSeqEndianCombo_t" time="6.50882720947266e-05" />
    <testcase name="Equals (975)" classname="spec_perl_TestBitsSeqEndianCombo_t" time="5.10215759277344e-05" />
    <testcase name="Equals (976)" classname="spec_perl_TestBitsSeqEndianCombo_t" time="4.69684600830078e-05" />
    <testcase name="Equals (977)" classname="spec_perl_TestBitsSeqEndianCombo_t" time="8.392333984375e-05" />
    <testcase name="Equals (978)" classname="spec_perl_TestBitsSeqEndianCombo_t" time="6.91413879394531e-05" />
    <testcase name="Equals (979)" classname="spec_perl_TestBitsSeqEndianCombo_t" time="6.79492950439453e-05" />
    <testcase name="Equals (980)" classname="spec_perl_TestBitsSeqEndianCombo_t" time="7.79628753662109e-05" />
  </testsuite>
  <testsuite name="spec_perl_TestEnumInvalid_t" errors="0" failures="0" skipped="0" tests="2" time="0.0354349613189697">
    <system-out>1..2
ok 1 - Equals
ok 2 - Equals
</system-out>
    <testcase name="Equals (981)" classname="spec_perl_TestEnumInvalid_t" time="0.00141310691833496" />
    <testcase name="Equals (982)" classname="spec_perl_TestEnumInvalid_t" time="7.98702239990234e-05" />
  </testsuite>
  <testsuite name="spec_perl_TestExprSizeofValue0_t" errors="0" failures="0" skipped="0" tests="5" time="0.0365979671478271">
    <system-out>1..5
ok 1 - Equals
ok 2 - Equals
ok 3 - Equals
ok 4 - Equals
ok 5 - Equals
</system-out>
    <testcase name="Equals (983)" classname="spec_perl_TestExprSizeofValue0_t" time="0.00144600868225098" />
    <testcase name="Equals (984)" classname="spec_perl_TestExprSizeofValue0_t" time="0.000118017196655273" />
    <testcase name="Equals (985)" classname="spec_perl_TestExprSizeofValue0_t" time="5.88893890380859e-05" />
    <testcase name="Equals (986)" classname="spec_perl_TestExprSizeofValue0_t" time="4.91142272949219e-05" />
    <testcase name="Equals (987)" classname="spec_perl_TestExprSizeofValue0_t" time="6.58035278320312e-05" />
  </testsuite>
</testsuites>
