<?xml version='1.0' encoding='utf-8'?>
<testsuites>
  <testsuite name="spec_perl_TestEnumLongRangeU_t" errors="0" failures="0" skipped="0" tests="4" time="0.0258269309997559">
    <system-out>1..4
ok 1 - Equals
ok 2 - Equals
ok 3 - Equals
ok 4 - Equals
</system-out>
    <testcase name="Equals" classname="spec_perl_TestEnumLongRangeU_t" time="0.00109696388244629" />
    <testcase name="Equals (2)" classname="spec_perl_TestEnumLongRangeU_t" time="6.103515625e-05" />
    <testcase name="Equals (3)" classname="spec_perl_TestEnumLongRangeU_t" time="4.60147857666016e-05" />
    <testcase name="Equals (4)" classname="spec_perl_TestEnumLongRangeU_t" time="6.69956207275391e-05" />
  </testsuite>
  <testsuite name="spec_perl_TestIntegersMinMax_t" errors="0" failures="0" skipped="0" tests="28" time="0.0293228626251221">
    <system-out>1..28
ok 1 - Equals
ok 2 - Equals
ok 3 - Equals
ok 4 - Equals
ok 5 - Equals
ok 6 - Equals
ok 7 - Equals
ok 8 - Equals
ok 9 - Equals
ok 10 - Equals
ok 11 - Equals
ok 12 - Equals
ok 13 - Equals
ok 14 - Equals
ok 15 - Equals
ok 16 - Equals
ok 17 - Equals
ok 18 - Equals
ok 19 - Equals
ok 20 - Equals
ok 21 - Equals
ok 22 - Equals
ok 23 - Equals
ok 24 - Equals
ok 25 - Equals
ok 26 - Equals
ok 27 - Equals
ok 28 - Equals
</system-out>
    <testcase name="Equals (5)" classname="spec_perl_TestIntegersMinMax_t" time="0.00114083290100098" />
    <testcase name="Equals (6)" classname="spec_perl_TestIntegersMinMax_t" time="8.0108642578125e-05" />
    <testcase name="Equals (7)" classname="spec_perl_TestIntegersMinMax_t" time="0.000114917755126953" />
    <testcase name="Equals (8)" classname="spec_perl_TestIntegersMinMax_t" time="0.000113010406494141" />
    <testcase name="Equals (9)" classname="spec_perl_TestIntegersMinMax_t" time="0.000112056732177734" />
    <testcase name="Equals (10)" classname="spec_perl_TestIntegersMinMax_t" time="0.000133037567138672" />
    <testcase name="Equals (11)" classname="spec_perl_TestIntegersMinMax_t" time="0.000113964080810547" />
    <testcase name="Equals (12)" classname="spec_perl_TestIntegersMinMax_t" time="0.000108003616333008" />
    <testcase name="Equals (13)" classname="spec_perl_TestIntegersMinMax_t" time="0.000110864639282227" />
    <testcase name="Equals (14)" classname="spec_perl_TestIntegersMinMax_t" time="0.000116109848022461" />
    <testcase name="Equals (15)" classname="spec_perl_TestIntegersMinMax_t" time="0.000107049942016602" />
    <testcase name="Equals (16)" classname="spec_perl_TestIntegersMinMax_t" time="0.000108957290649414" />
    <testcase name="Equals (17)" classname="spec_perl_TestIntegersMinMax_t" time="0.000108003616333008" />
    <testcase name="Equals (18)" classname="spec_perl_TestIntegersMinMax_t" time="0.000107049942016602" />
    <testcase name="Equals (19)" classname="spec_perl_TestIntegersMinMax_t" time="0.00010991096496582" />
    <testcase name="Equals (20)" classname="spec_perl_TestIntegersMinMax_t" time="0.000110149383544922" />
    <testcase name="Equals (21)" classname="spec_perl_TestIntegersMinMax_t" time="0.0001068115234375" />
    <testcase name="Equals (22)" classname="spec_perl_TestIntegersMinMax_t" time="0.000112056732177734" />
    <testcase name="Equals (23)" classname="spec_perl_TestIntegersMinMax_t" time="0.000107049942016602" />
    <testcase name="Equals (24)" classname="spec_perl_TestIntegersMinMax_t" time="0.000108003616333008" />
    <testcase name="Equals (25)" classname="spec_perl_TestIntegersMinMax_t" time="0.000105857849121094" />
    <testcase name="Equals (26)" classname="spec_perl_TestIntegersMinMax_t" time="0.000108003616333008" />
    <testcase name="Equals (27)" classname="spec_perl_TestIntegersMinMax_t" time="0.000115156173706055" />
    <testcase name="Equals (28)" classname="spec_perl_TestIntegersMinMax_t" time="0.000102996826171875" />
    <testcase name="Equals (29)" classname="spec_perl_TestIntegersMinMax_t" time="0.00010991096496582" />
    <testcase name="Equals (30)" classname="spec_perl_TestIntegersMinMax_t" time="0.000110149383544922" />
    <testcase name="Equals (31)" classname="spec_perl_TestIntegersMinMax_t" time="0.000103950500488281" />
    <testcase name="Equals (32)" classname="spec_perl_TestIntegersMinMax_t" time="0.000108957290649414" />
  </testsuite>
  <testsuite name="spec_perl_TestEnumNegative_t" errors="0" failures="0" skipped="0" tests="2" time="0.0254299640655518">
    <system-out>1..2
ok 1 - Equals
ok 2 - Equals
</system-out>
    <testcase name="Equals (33)" classname="spec_perl_TestEnumNegative_t" time="0.00101995468139648" />
    <testcase name="Equals (34)" classname="spec_perl_TestEnumNegative_t" time="6.19888305664062e-05" />
  </testsuite>
  <testsuite name="spec_perl_TestStrEncodingsUtf16_t" errors="0" failures="0" skipped="0" tests="6" time="0.0307350158691406">
    <system-out>1..6
ok 1 - Equals
ok 2 - Equals
ok 3 - Equals
ok 4 - Equals
ok 5 - Equals
ok 6 - Equals
</system-out>
    <testcase name="Equals (35)" classname="spec_perl_TestStrEncodingsUtf16_t" time="0.00201678276062012" />
    <testcase name="Equals (36)" classname="spec_perl_TestStrEncodingsUtf16_t" time="5.91278076171875e-05" />
    <testcase name="Equals (37)" classname="spec_perl_TestStrEncodingsUtf16_t" time="4.79221343994141e-05" />
    <testcase name="Equals (38)" classname="spec_perl_TestStrEncodingsUtf16_t" time="4.41074371337891e-05" />
    <testcase name="Equals (39)" classname="spec_perl_TestStrEncodingsUtf16_t" time="7.20024108886719e-05" />
    <testcase name="Equals (40)" classname="spec_perl_TestStrEncodingsUtf16_t" time="7.48634338378906e-05" />
  </testsuite>
  <testsuite name="spec_perl_TestTypeTernary2ndFalsy_t" errors="0" failures="0" skipped="0" tests="13" time="0.0269320011138916">
    <system-out>1..13
ok 1 - Equals
ok 2 - Equals
ok 3 - Equals
ok 4 - Approx equals
ok 5 - Approx equals
ok 6 - Equals
ok 7 - Equals
ok 8 - Equals
ok 9 - nil
ok 10 - Equals
ok 11 - Equals
ok 12 - Equals
ok 13 - Equals
</system-out>
    <testcase name="Equals (41)" classname="spec_perl_TestTypeTernary2ndFalsy_t" time="0.00103497505187988" />
    <testcase name="Equals (42)" classname="spec_perl_TestTypeTernary2ndFalsy_t" time="5.10215759277344e-05" />
    <testcase name="Equals (43)" classname="spec_perl_TestTypeTernary2ndFalsy_t" time="6.31809234619141e-05" />
    <testcase name="Approx equals (43)" classname="spec_perl_TestTypeTernary2ndFalsy_t" time="4.48226928710938e-05" />
    <testcase name="Approx equals (44)" classname="spec_perl_TestTypeTernary2ndFalsy_t" time="4.1961669921875e-05" />
    <testcase name="Equals (44)" classname="spec_perl_TestTypeTernary2ndFalsy_t" time="7.20024108886719e-05" />
    <testcase name="Equals (45)" classname="spec_perl_TestTypeTernary2ndFalsy_t" time="4.50611114501953e-05" />
    <testcase name="Equals (46)" classname="spec_perl_TestTypeTernary2ndFalsy_t" time="7.29560852050781e-05" />
    <testcase name="nil (46)" classname="spec_perl_TestTypeTernary2ndFalsy_t" time="4.72068786621094e-05" />
    <testcase name="Equals (47)" classname="spec_perl_TestTypeTernary2ndFalsy_t" time="4.38690185546875e-05" />
    <testcase name="Equals (48)" classname="spec_perl_TestTypeTernary2ndFalsy_t" time="7.70092010498047e-05" />
    <testcase name="Equals (49)" classname="spec_perl_TestTypeTernary2ndFalsy_t" time="4.29153442382812e-05" />
    <testcase name="Equals (50)" classname="spec_perl_TestTypeTernary2ndFalsy_t" time="7.60555267333984e-05" />
  </testsuite>
  <testsuite name="spec_perl_TestDocstrings_t" errors="0" failures="0" skipped="1" tests="1" time="0.0264830589294434">
    <system-out>1..1
ok 1 # skip Docstrings=HASH(0x5562857b7a40)
</system-out>
    <testcase name="Unnamed test case 50" classname="spec_perl_TestDocstrings_t" time="0.00120115280151367">
      <skipped message="ok 1 # skip Docstrings=HASH(0x5562857b7a40)" />
    </testcase>
  </testsuite>
  <testsuite name="spec_perl_TestEosExceptionSized_t" errors="0" failures="0" skipped="0" tests="1" time="0.0279641151428223">
    <system-out>1..1
ok 1 - threw /^Requested \d+ bytes, but only \d+ bytes available/
</system-out>
    <testcase name="threw /^Requested \d+ bytes, but only \d+ bytes available/ (50)" classname="spec_perl_TestEosExceptionSized_t" time="0.00126194953918457" />
  </testsuite>
  <testsuite name="spec_perl_TestSwitchCast_t" errors="0" failures="0" skipped="0" tests="2" time="0.0296850204467773">
    <system-out>1..2
ok 1 - Equals
ok 2 - Equals
</system-out>
    <testcase name="Equals (51)" classname="spec_perl_TestSwitchCast_t" time="0.00117802619934082" />
    <testcase name="Equals (52)" classname="spec_perl_TestSwitchCast_t" time="8.10623168945312e-05" />
  </testsuite>
  <testsuite name="spec_perl_TestSwitchRepeatExpr_t" errors="0" failures="0" skipped="0" tests="3" time="0.0265450477600098">
    <system-out>1..3
ok 1 - Equals
ok 2 - Equals
ok 3 - Equals
</system-out>
    <testcase name="Equals (53)" classname="spec_perl_TestSwitchRepeatExpr_t" time="0.0013120174407959" />
    <testcase name="Equals (54)" classname="spec_perl_TestSwitchRepeatExpr_t" time="5.00679016113281e-05" />
    <testcase name="Equals (55)" classname="spec_perl_TestSwitchRepeatExpr_t" time="7.29560852050781e-05" />
  </testsuite>
  <testsuite name="spec_perl_TestSwitchManualEnumInvalid_t" errors="0" failures="0" skipped="0" tests="5" time="0.0300390720367432">
    <system-out>1..5
ok 1 - Equals
ok 2 - Equals
ok 3 - nil
ok 4 - Equals
ok 5 - nil
</system-out>
    <testcase name="Equals (56)" classname="spec_perl_TestSwitchManualEnumInvalid_t" time="0.00100088119506836" />
    <testcase name="Equals (57)" classname="spec_perl_TestSwitchManualEnumInvalid_t" time="5.31673431396484e-05" />
    <testcase name="nil (57)" classname="spec_perl_TestSwitchManualEnumInvalid_t" time="4.38690185546875e-05" />
    <testcase name="Equals (58)" classname="spec_perl_TestSwitchManualEnumInvalid_t" time="4.00543212890625e-05" />
    <testcase name="nil (58)" classname="spec_perl_TestSwitchManualEnumInvalid_t" time="3.91006469726562e-05" />
  </testsuite>
  <testsuite name="spec_perl_TestBitsEnum_t" errors="0" failures="0" skipped="0" tests="3" time="0.0256328582763672">
    <system-out>1..3
ok 1 - Equals
ok 2 - Equals
ok 3 - Equals
</system-out>
    <testcase name="Equals (59)" classname="spec_perl_TestBitsEnum_t" time="0.00100016593933105" />
    <testcase name="Equals (60)" classname="spec_perl_TestBitsEnum_t" time="4.79221343994141e-05" />
    <testcase name="Equals (61)" classname="spec_perl_TestBitsEnum_t" time="7.89165496826172e-05" />
  </testsuite>
  <testsuite name="spec_perl_TestExprEnum_t" errors="0" failures="0" skipped="0" tests="3" time="0.0261518955230713">
    <system-out>1..3
ok 1 - Equals
ok 2 - Equals
ok 3 - Equals
</system-out>
    <testcase name="Equals (62)" classname="spec_perl_TestExprEnum_t" time="0.00107192993164062" />
    <testcase name="Equals (63)" classname="spec_perl_TestExprEnum_t" time="8.0108642578125e-05" />
    <testcase name="Equals (64)" classname="spec_perl_TestExprEnum_t" time="0.000113010406494141" />
  </testsuite>
  <testsuite name="spec_perl_TestEnum1_t" errors="0" failures="0" skipped="0" tests="2" time="0.0256569385528564">
    <system-out>1..2
ok 1 - Equals
ok 2 - Equals
</system-out>
    <testcase name="Equals (65)" classname="spec_perl_TestEnum1_t" time="0.00100302696228027" />
    <testcase name="Equals (66)" classname="spec_perl_TestEnum1_t" time="4.88758087158203e-05" />
  </testsuite>
  <testsuite name="spec_perl_TestSwitchManualIntElse_t" errors="0" failures="0" skipped="0" tests="9" time="0.0320489406585693">
    <system-out>1..9
ok 1 - Equals
ok 2 - Equals
ok 3 - Equals
ok 4 - Equals
ok 5 - Equals
ok 6 - Equals
ok 7 - Equals
ok 8 - Equals
ok 9 - Equals
</system-out>
    <testcase name="Equals (67)" classname="spec_perl_TestSwitchManualIntElse_t" time="0.00106310844421387" />
    <testcase name="Equals (68)" classname="spec_perl_TestSwitchManualIntElse_t" time="5.19752502441406e-05" />
    <testcase name="Equals (69)" classname="spec_perl_TestSwitchManualIntElse_t" time="4.41074371337891e-05" />
    <testcase name="Equals (70)" classname="spec_perl_TestSwitchManualIntElse_t" time="7.08103179931641e-05" />
    <testcase name="Equals (71)" classname="spec_perl_TestSwitchManualIntElse_t" time="5.60283660888672e-05" />
    <testcase name="Equals (72)" classname="spec_perl_TestSwitchManualIntElse_t" time="5.31673431396484e-05" />
    <testcase name="Equals (73)" classname="spec_perl_TestSwitchManualIntElse_t" time="6.4849853515625e-05" />
    <testcase name="Equals (74)" classname="spec_perl_TestSwitchManualIntElse_t" time="5.50746917724609e-05" />
    <testcase name="Equals (75)" classname="spec_perl_TestSwitchManualIntElse_t" time="5.79357147216797e-05" />
  </testsuite>
  <testsuite name="spec_perl_TestNavParentOverride_t" errors="0" failures="0" skipped="0" tests="3" time="0.0253429412841797">
    <system-out>1..3
ok 1 - Equals
ok 2 - Equals
ok 3 - Equals
</system-out>
    <testcase name="Equals (76)" classname="spec_perl_TestNavParentOverride_t" time="0.00104880332946777" />
    <testcase name="Equals (77)" classname="spec_perl_TestNavParentOverride_t" time="5.81741333007812e-05" />
    <testcase name="Equals (78)" classname="spec_perl_TestNavParentOverride_t" time="4.98294830322266e-05" />
  </testsuite>
  <testsuite name="spec_perl_TestStrEncodingsDefault_t" errors="0" failures="0" skipped="0" tests="4" time="0.0326640605926514">
    <system-out>1..4
ok 1 - Equals
ok 2 - Equals
ok 3 - Equals
ok 4 - Equals
</system-out>
    <testcase name="Equals (79)" classname="spec_perl_TestStrEncodingsDefault_t" time="0.00393891334533691" />
    <testcase name="Equals (80)" classname="spec_perl_TestStrEncodingsDefault_t" time="7.41481781005859e-05" />
    <testcase name="Equals (81)" classname="spec_perl_TestStrEncodingsDefault_t" time="4.1961669921875e-05" />
    <testcase name="Equals (82)" classname="spec_perl_TestStrEncodingsDefault_t" time="6.50882720947266e-05" />
  </testsuite>
  <testsuite name="spec_perl_TestExprSizeofType1_t" errors="0" failures="0" skipped="0" tests="2" time="0.0259461402893066">
    <system-out>1..2
ok 1 - Equals
ok 2 - Equals
</system-out>
    <testcase name="Equals (83)" classname="spec_perl_TestExprSizeofType1_t" time="0.00101709365844727" />
    <testcase name="Equals (84)" classname="spec_perl_TestExprSizeofType1_t" time="5.79357147216797e-05" />
  </testsuite>
  <testsuite name="spec_perl_TestIfInstances_t" errors="0" failures="0" skipped="0" tests="1" time="0.0258851051330566">
    <system-out>1..1
ok 1 - nil
</system-out>
    <testcase name="nil (84)" classname="spec_perl_TestIfInstances_t" time="0.00106287002563477" />
  </testsuite>
  <testsuite name="spec_perl_TestValidLong_t" errors="0" failures="0" skipped="1" tests="1" time="0.0293099880218506">
    <system-out>1..1
ok 1 # skip ValidLong=HASH(0x55b494deb100)
</system-out>
    <testcase name="Unnamed test case 84" classname="spec_perl_TestValidLong_t" time="0.00129508972167969">
      <skipped message="ok 1 # skip ValidLong=HASH(0x55b494deb100)" />
    </testcase>
  </testsuite>
  <testsuite name="spec_perl_TestTsPacketHeader_t" errors="0" failures="0" skipped="0" tests="7" time="0.026392936706543">
    <system-out>1..7
ok 1 - Equals
ok 2 - Equals
ok 3 - Equals
ok 4 - Equals
ok 5 - Equals
ok 6 - Equals
ok 7 - Equals
</system-out>
    <testcase name="Equals (85)" classname="spec_perl_TestTsPacketHeader_t" time="0.00103998184204102" />
    <testcase name="Equals (86)" classname="spec_perl_TestTsPacketHeader_t" time="5.29289245605469e-05" />
    <testcase name="Equals (87)" classname="spec_perl_TestTsPacketHeader_t" time="4.41074371337891e-05" />
    <testcase name="Equals (88)" classname="spec_perl_TestTsPacketHeader_t" time="4.98294830322266e-05" />
    <testcase name="Equals (89)" classname="spec_perl_TestTsPacketHeader_t" time="8.20159912109375e-05" />
    <testcase name="Equals (90)" classname="spec_perl_TestTsPacketHeader_t" time="6.00814819335938e-05" />
    <testcase name="Equals (91)" classname="spec_perl_TestTsPacketHeader_t" time="6.19888305664062e-05" />
  </testsuite>
  <testsuite name="spec_perl_TestImportsCastToImported_t" errors="0" failures="1" skipped="0" tests="2" time="0.0265491008758545">
    <system-out>1..2
ok 1 - Equals
not ok 2 - test_imports_cast_to_imported died (Can't call method &quot;one&quot; on an undefined value at compiled/perl/CastToImported.pm line 42.)
</system-out>
    <testcase name="Equals (92)" classname="spec_perl_TestImportsCastToImported_t" time="0.00100398063659668" />
    <testcase name="test_imports_cast_to_imported died (Can't call method &quot;one&quot; on an undefined value at compiled/perl/CastToImported.pm line 42.) (92)" classname="spec_perl_TestImportsCastToImported_t" time="7.00950622558594e-05">
      <failure message="not ok 2 - test_imports_cast_to_imported died (Can't call method &quot;one&quot; on an undefined value at compiled/perl/CastToImported.pm line 42.)" type="TAP::Parser::Result::Test"></failure>
    </testcase>
  </testsuite>
  <testsuite name="spec_perl_TestSwitchManualIntSizeEos_t" errors="0" failures="0" skipped="0" tests="10" time="0.0306518077850342">
    <system-out>1..10
ok 1 - Equals
ok 2 - Equals
ok 3 - Equals
ok 4 - Equals
ok 5 - Equals
ok 6 - Equals
ok 7 - Equals
ok 8 - Equals
ok 9 - Equals
ok 10 - Equals
</system-out>
    <testcase name="Equals (93)" classname="spec_perl_TestSwitchManualIntSizeEos_t" time="0.00144314765930176" />
    <testcase name="Equals (94)" classname="spec_perl_TestSwitchManualIntSizeEos_t" time="5.98430633544922e-05" />
    <testcase name="Equals (95)" classname="spec_perl_TestSwitchManualIntSizeEos_t" time="7.70092010498047e-05" />
    <testcase name="Equals (96)" classname="spec_perl_TestSwitchManualIntSizeEos_t" time="6.79492950439453e-05" />
    <testcase name="Equals (97)" classname="spec_perl_TestSwitchManualIntSizeEos_t" time="6.60419464111328e-05" />
    <testcase name="Equals (98)" classname="spec_perl_TestSwitchManualIntSizeEos_t" time="0.000108957290649414" />
    <testcase name="Equals (99)" classname="spec_perl_TestSwitchManualIntSizeEos_t" time="5.91278076171875e-05" />
    <testcase name="Equals (100)" classname="spec_perl_TestSwitchManualIntSizeEos_t" time="6.69956207275391e-05" />
    <testcase name="Equals (101)" classname="spec_perl_TestSwitchManualIntSizeEos_t" time="6.19888305664062e-05" />
    <testcase name="Equals (102)" classname="spec_perl_TestSwitchManualIntSizeEos_t" time="7.29560852050781e-05" />
  </testsuite>
  <testsuite name="spec_perl_TestProcessRepeatBytes_t" errors="0" failures="0" skipped="0" tests="2" time="0.0260889530181885">
    <system-out>1..2
ok 1 - Equals
ok 2 - Equals
</system-out>
    <testcase name="Equals (103)" classname="spec_perl_TestProcessRepeatBytes_t" time="0.00117897987365723" />
    <testcase name="Equals (104)" classname="spec_perl_TestProcessRepeatBytes_t" time="0.000100135803222656" />
  </testsuite>
  <testsuite name="spec_perl_TestJsSignedRightShift_t" errors="0" failures="0" skipped="0" tests="2" time="0.0253798961639404">
    <system-out>1..2
ok 1 - Equals
ok 2 - Equals
</system-out>
    <testcase name="Equals (105)" classname="spec_perl_TestJsSignedRightShift_t" time="0.000969886779785156" />
    <testcase name="Equals (106)" classname="spec_perl_TestJsSignedRightShift_t" time="6.79492950439453e-05" />
  </testsuite>
  <testsuite name="spec_perl_TestBcdUserTypeBe_t" errors="0" failures="0" skipped="0" tests="6" time="0.0309460163116455">
    <system-out>1..6
ok 1 - Equals
ok 2 - Equals
ok 3 - Equals
ok 4 - Equals
ok 5 - Equals
ok 6 - Equals
</system-out>
    <testcase name="Equals (107)" classname="spec_perl_TestBcdUserTypeBe_t" time="0.00149416923522949" />
    <testcase name="Equals (108)" classname="spec_perl_TestBcdUserTypeBe_t" time="9.48905944824219e-05" />
    <testcase name="Equals (109)" classname="spec_perl_TestBcdUserTypeBe_t" time="7.51018524169922e-05" />
    <testcase name="Equals (110)" classname="spec_perl_TestBcdUserTypeBe_t" time="0.000128030776977539" />
    <testcase name="Equals (111)" classname="spec_perl_TestBcdUserTypeBe_t" time="0.000123977661132812" />
    <testcase name="Equals (112)" classname="spec_perl_TestBcdUserTypeBe_t" time="0.000121831893920898" />
  </testsuite>
  <testsuite name="spec_perl_TestDocstringsDocrefMulti_t" errors="0" failures="0" skipped="1" tests="1" time="0.0255708694458008">
    <system-out>1..1
ok 1 # skip DocstringsDocrefMulti=HASH(0x55b0eb5b10e0)
</system-out>
    <testcase name="Unnamed test case 112" classname="spec_perl_TestDocstringsDocrefMulti_t" time="0.00122785568237305">
      <skipped message="ok 1 # skip DocstringsDocrefMulti=HASH(0x55b0eb5b10e0)" />
    </testcase>
  </testsuite>
  <testsuite name="spec_perl_TestSwitchIntegers_t" errors="0" failures="0" skipped="0" tests="9" time="0.0264461040496826">
    <system-out>1..9
ok 1 - Equals
ok 2 - Equals
ok 3 - Equals
ok 4 - Equals
ok 5 - Equals
ok 6 - Equals
ok 7 - Equals
ok 8 - Equals
ok 9 - Equals
</system-out>
    <testcase name="Equals (113)" classname="spec_perl_TestSwitchIntegers_t" time="0.00104308128356934" />
    <testcase name="Equals (114)" classname="spec_perl_TestSwitchIntegers_t" time="4.98294830322266e-05" />
    <testcase name="Equals (115)" classname="spec_perl_TestSwitchIntegers_t" time="6.00814819335938e-05" />
    <testcase name="Equals (116)" classname="spec_perl_TestSwitchIntegers_t" time="6.19888305664062e-05" />
    <testcase name="Equals (117)" classname="spec_perl_TestSwitchIntegers_t" time="6.29425048828125e-05" />
    <testcase name="Equals (118)" classname="spec_perl_TestSwitchIntegers_t" time="6.103515625e-05" />
    <testcase name="Equals (119)" classname="spec_perl_TestSwitchIntegers_t" time="5.50746917724609e-05" />
    <testcase name="Equals (120)" classname="spec_perl_TestSwitchIntegers_t" time="6.29425048828125e-05" />
    <testcase name="Equals (121)" classname="spec_perl_TestSwitchIntegers_t" time="5.50746917724609e-05" />
  </testsuite>
  <testsuite name="spec_perl_TestPositionToEnd_t" errors="0" failures="0" skipped="0" tests="2" time="0.0254158973693848">
    <system-out>1..2
ok 1 - Equals
ok 2 - Equals
</system-out>
    <testcase name="Equals (122)" classname="spec_perl_TestPositionToEnd_t" time="0.00101995468139648" />
    <testcase name="Equals (123)" classname="spec_perl_TestPositionToEnd_t" time="5.10215759277344e-05" />
  </testsuite>
  <testsuite name="spec_perl_TestExprFstring0_t" errors="0" failures="0" skipped="0" tests="9" time="0.030148983001709">
    <system-out>1..9
ok 1 - Equals
ok 2 - Equals
ok 3 - Equals
ok 4 - Equals
ok 5 - Equals
ok 6 - Equals
ok 7 - Equals
ok 8 - Equals
ok 9 - Equals
</system-out>
    <testcase name="Equals (124)" classname="spec_perl_TestExprFstring0_t" time="0.00100398063659668" />
    <testcase name="Equals (125)" classname="spec_perl_TestExprFstring0_t" time="5.10215759277344e-05" />
    <testcase name="Equals (126)" classname="spec_perl_TestExprFstring0_t" time="7.20024108886719e-05" />
    <testcase name="Equals (127)" classname="spec_perl_TestExprFstring0_t" time="4.50611114501953e-05" />
    <testcase name="Equals (128)" classname="spec_perl_TestExprFstring0_t" time="7.10487365722656e-05" />
    <testcase name="Equals (129)" classname="spec_perl_TestExprFstring0_t" time="6.19888305664062e-05" />
    <testcase name="Equals (130)" classname="spec_perl_TestExprFstring0_t" time="6.29425048828125e-05" />
    <testcase name="Equals (131)" classname="spec_perl_TestExprFstring0_t" time="6.38961791992188e-05" />
    <testcase name="Equals (132)" classname="spec_perl_TestExprFstring0_t" time="6.41345977783203e-05" />
  </testsuite>
  <testsuite name="spec_perl_TestEnumIf_t" errors="0" failures="0" skipped="0" tests="7" time="0.0308201313018799">
    <system-out>1..7
ok 1 - Equals
ok 2 - Equals
ok 3 - Equals
ok 4 - Equals
ok 5 - Equals
ok 6 - Equals
ok 7 - Equals
</system-out>
    <testcase name="Equals (133)" classname="spec_perl_TestEnumIf_t" time="0.00112509727478027" />
    <testcase name="Equals (134)" classname="spec_perl_TestEnumIf_t" time="5.10215759277344e-05" />
    <testcase name="Equals (135)" classname="spec_perl_TestEnumIf_t" time="5.69820404052734e-05" />
    <testcase name="Equals (136)" classname="spec_perl_TestEnumIf_t" time="7.48634338378906e-05" />
    <testcase name="Equals (137)" classname="spec_perl_TestEnumIf_t" time="4.31537628173828e-05" />
    <testcase name="Equals (138)" classname="spec_perl_TestEnumIf_t" time="7.20024108886719e-05" />
    <testcase name="Equals (139)" classname="spec_perl_TestEnumIf_t" time="5.60283660888672e-05" />
  </testsuite>
  <testsuite name="spec_perl_TestValidSwitch_t" errors="0" failures="0" skipped="1" tests="1" time="0.0262589454650879">
    <system-out>1..1
ok 1 # skip ValidSwitch=HASH(0x55ac0d0371f8)
</system-out>
    <testcase name="Unnamed test case 139" classname="spec_perl_TestValidSwitch_t" time="0.00133490562438965">
      <skipped message="ok 1 # skip ValidSwitch=HASH(0x55ac0d0371f8)" />
    </testcase>
  </testsuite>
  <testsuite name="spec_perl_TestTypeTernary_t" errors="0" failures="0" skipped="0" tests="1" time="0.0266602039337158">
    <system-out>1..1
ok 1 - Equals
</system-out>
    <testcase name="Equals (140)" classname="spec_perl_TestTypeTernary_t" time="0.00131893157958984" />
  </testsuite>
  <testsuite name="spec_perl_TestBitsUnalignedB32Be_t" errors="0" failures="0" skipped="0" tests="3" time="0.0330867767333984">
    <system-out>1..3
ok 1 - Equals
ok 2 - Equals
ok 3 - Equals
</system-out>
    <testcase name="Equals (141)" classname="spec_perl_TestBitsUnalignedB32Be_t" time="0.00106096267700195" />
    <testcase name="Equals (142)" classname="spec_perl_TestBitsUnalignedB32Be_t" time="8.10623168945312e-05" />
    <testcase name="Equals (143)" classname="spec_perl_TestBitsUnalignedB32Be_t" time="9.67979431152344e-05" />
  </testsuite>
  <testsuite name="spec_perl_TestImportsAbsAbs_t" errors="0" failures="0" skipped="0" tests="3" time="0.0260519981384277">
    <system-out>1..3
ok 1 - Equals
ok 2 - Equals
ok 3 - Equals
</system-out>
    <testcase name="Equals (144)" classname="spec_perl_TestImportsAbsAbs_t" time="0.0010678768157959" />
    <testcase name="Equals (145)" classname="spec_perl_TestImportsAbsAbs_t" time="5.10215759277344e-05" />
    <testcase name="Equals (146)" classname="spec_perl_TestImportsAbsAbs_t" time="7.10487365722656e-05" />
  </testsuite>
  <testsuite name="spec_perl_TestExprIoTernary_t" errors="0" failures="0" skipped="0" tests="3" time="0.0262770652770996">
    <system-out>1..3
ok 1 - Equals
ok 2 - Equals
ok 3 - Equals
</system-out>
    <testcase name="Equals (147)" classname="spec_perl_TestExprIoTernary_t" time="0.00128412246704102" />
    <testcase name="Equals (148)" classname="spec_perl_TestExprIoTernary_t" time="6.79492950439453e-05" />
    <testcase name="Equals (149)" classname="spec_perl_TestExprIoTernary_t" time="7.70092010498047e-05" />
  </testsuite>
  <testsuite name="spec_perl_TestTypeIntUnaryOp_t" errors="0" failures="0" skipped="0" tests="4" time="0.0264370441436768">
    <system-out>1..4
ok 1 - Equals
ok 2 - Equals
ok 3 - Equals
ok 4 - Equals
</system-out>
    <testcase name="Equals (150)" classname="spec_perl_TestTypeIntUnaryOp_t" time="0.00108599662780762" />
    <testcase name="Equals (151)" classname="spec_perl_TestTypeIntUnaryOp_t" time="8.0108642578125e-05" />
    <testcase name="Equals (152)" classname="spec_perl_TestTypeIntUnaryOp_t" time="0.000116825103759766" />
    <testcase name="Equals (153)" classname="spec_perl_TestTypeIntUnaryOp_t" time="0.000138044357299805" />
  </testsuite>
  <testsuite name="spec_perl_TestBitsShiftByB64Le_t" errors="0" failures="0" skipped="0" tests="2" time="0.0258629322052002">
    <system-out>1..2
ok 1 - Equals
ok 2 - Equals
</system-out>
    <testcase name="Equals (154)" classname="spec_perl_TestBitsShiftByB64Le_t" time="0.000988006591796875" />
    <testcase name="Equals (155)" classname="spec_perl_TestBitsShiftByB64Le_t" time="8.08238983154297e-05" />
  </testsuite>
  <testsuite name="spec_perl_TestMultipleUse_t" errors="0" failures="0" skipped="0" tests="2" time="0.0269069671630859">
    <system-out>1..2
ok 1 - Equals
ok 2 - Equals
</system-out>
    <testcase name="Equals (156)" classname="spec_perl_TestMultipleUse_t" time="0.00100517272949219" />
    <testcase name="Equals (157)" classname="spec_perl_TestMultipleUse_t" time="6.69956207275391e-05" />
  </testsuite>
  <testsuite name="spec_perl_TestDefaultBigEndian_t" errors="0" failures="0" skipped="0" tests="1" time="0.0260860919952393">
    <system-out>1..1
ok 1 - Equals
</system-out>
    <testcase name="Equals (158)" classname="spec_perl_TestDefaultBigEndian_t" time="0.000988006591796875" />
  </testsuite>
  <testsuite name="spec_perl_TestRecursiveOne_t" errors="0" failures="0" skipped="0" tests="4" time="0.026716947555542">
    <system-out>1..4
ok 1 - Equals
ok 2 - Equals
ok 3 - Equals
ok 4 - Equals
</system-out>
    <testcase name="Equals (159)" classname="spec_perl_TestRecursiveOne_t" time="0.00104093551635742" />
    <testcase name="Equals (160)" classname="spec_perl_TestRecursiveOne_t" time="5.19752502441406e-05" />
    <testcase name="Equals (161)" classname="spec_perl_TestRecursiveOne_t" time="6.81877136230469e-05" />
    <testcase name="Equals (162)" classname="spec_perl_TestRecursiveOne_t" time="6.98566436767578e-05" />
  </testsuite>
  <testsuite name="spec_perl_TestEnumDeepLiterals_t" errors="0" failures="0" skipped="0" tests="2" time="0.0259230136871338">
    <system-out>1..2
ok 1 - Equals
ok 2 - Equals
</system-out>
    <testcase name="Equals (163)" classname="spec_perl_TestEnumDeepLiterals_t" time="0.00103187561035156" />
    <testcase name="Equals (164)" classname="spec_perl_TestEnumDeepLiterals_t" time="5.19752502441406e-05" />
  </testsuite>
  <testsuite name="spec_perl_TestZlibWithHeader78_t" errors="0" failures="0" skipped="0" tests="1" time="0.0476679801940918">
    <system-out>1..1
ok 1 - Equals
</system-out>
    <testcase name="Equals (165)" classname="spec_perl_TestZlibWithHeader78_t" time="0.00108695030212402" />
  </testsuite>
  <testsuite name="spec_perl_TestSwitchManualStr_t" errors="0" failures="0" skipped="0" tests="9" time="0.0304749011993408">
    <system-out>1..9
ok 1 - Equals
ok 2 - Equals
ok 3 - Equals
ok 4 - Equals
ok 5 - Equals
ok 6 - Equals
ok 7 - Equals
ok 8 - Equals
ok 9 - Equals
</system-out>
    <testcase name="Equals (166)" classname="spec_perl_TestSwitchManualStr_t" time="0.00120306015014648" />
    <testcase name="Equals (167)" classname="spec_perl_TestSwitchManualStr_t" time="8.48770141601562e-05" />
    <testcase name="Equals (168)" classname="spec_perl_TestSwitchManualStr_t" time="0.000108003616333008" />
    <testcase name="Equals (169)" classname="spec_perl_TestSwitchManualStr_t" time="0.000109195709228516" />
    <testcase name="Equals (170)" classname="spec_perl_TestSwitchManualStr_t" time="0.000111818313598633" />
    <testcase name="Equals (171)" classname="spec_perl_TestSwitchManualStr_t" time="0.000128984451293945" />
    <testcase name="Equals (172)" classname="spec_perl_TestSwitchManualStr_t" time="0.000110149383544922" />
    <testcase name="Equals (173)" classname="spec_perl_TestSwitchManualStr_t" time="0.000107049942016602" />
    <testcase name="Equals (174)" classname="spec_perl_TestSwitchManualStr_t" time="0.000118017196655273" />
  </testsuite>
  <testsuite name="spec_perl_TestEnum0_t" errors="0" failures="0" skipped="0" tests="2" time="0.0262689590454102">
    <system-out>1..2
ok 1 - Equals
ok 2 - Equals
</system-out>
    <testcase name="Equals (175)" classname="spec_perl_TestEnum0_t" time="0.000981807708740234" />
    <testcase name="Equals (176)" classname="spec_perl_TestEnum0_t" time="5.10215759277344e-05" />
  </testsuite>
  <testsuite name="spec_perl_TestNavRootRecursive_t" errors="0" failures="0" skipped="0" tests="4" time="0.0265181064605713">
    <system-out>1..4
ok 1 - Equals
ok 2 - Equals
ok 3 - Equals
ok 4 - nil
</system-out>
    <testcase name="Equals (177)" classname="spec_perl_TestNavRootRecursive_t" time="0.0010530948638916" />
    <testcase name="Equals (178)" classname="spec_perl_TestNavRootRecursive_t" time="5.19752502441406e-05" />
    <testcase name="Equals (179)" classname="spec_perl_TestNavRootRecursive_t" time="5.88893890380859e-05" />
    <testcase name="nil (179)" classname="spec_perl_TestNavRootRecursive_t" time="4.50611114501953e-05" />
  </testsuite>
  <testsuite name="spec_perl_TestIoLocalVar_t" errors="0" failures="0" skipped="0" tests="2" time="0.0260250568389893">
    <system-out>1..2
ok 1 - Equals
ok 2 - Equals
</system-out>
    <testcase name="Equals (180)" classname="spec_perl_TestIoLocalVar_t" time="0.00126504898071289" />
    <testcase name="Equals (181)" classname="spec_perl_TestIoLocalVar_t" time="5.10215759277344e-05" />
  </testsuite>
  <testsuite name="spec_perl_TestImports0_t" errors="0" failures="0" skipped="0" tests="3" time="0.0256509780883789">
    <system-out>1..3
ok 1 - Equals
ok 2 - Equals
ok 3 - Equals
</system-out>
    <testcase name="Equals (182)" classname="spec_perl_TestImports0_t" time="0.00100207328796387" />
    <testcase name="Equals (183)" classname="spec_perl_TestImports0_t" time="6.19888305664062e-05" />
    <testcase name="Equals (184)" classname="spec_perl_TestImports0_t" time="0.000101089477539062" />
  </testsuite>
  <testsuite name="spec_perl_TestExprIoPos_t" errors="0" failures="0" skipped="0" tests="6" time="0.0300321578979492">
    <system-out>1..6
ok 1 - Equals
ok 2 - Equals
ok 3 - Equals
ok 4 - Equals
ok 5 - Equals
ok 6 - Equals
</system-out>
    <testcase name="Equals (185)" classname="spec_perl_TestExprIoPos_t" time="0.00132393836975098" />
    <testcase name="Equals (186)" classname="spec_perl_TestExprIoPos_t" time="5.10215759277344e-05" />
    <testcase name="Equals (187)" classname="spec_perl_TestExprIoPos_t" time="4.29153442382812e-05" />
    <testcase name="Equals (188)" classname="spec_perl_TestExprIoPos_t" time="7.51018524169922e-05" />
    <testcase name="Equals (189)" classname="spec_perl_TestExprIoPos_t" time="5.79357147216797e-05" />
    <testcase name="Equals (190)" classname="spec_perl_TestExprIoPos_t" time="6.50882720947266e-05" />
  </testsuite>
  <testsuite name="spec_perl_TestExprSizeofValueSized_t" errors="0" failures="0" skipped="0" tests="5" time="0.0261008739471436">
    <system-out>1..5
ok 1 - Equals
ok 2 - Equals
ok 3 - Equals
ok 4 - Equals
ok 5 - Equals
</system-out>
    <testcase name="Equals (191)" classname="spec_perl_TestExprSizeofValueSized_t" time="0.00123906135559082" />
    <testcase name="Equals (192)" classname="spec_perl_TestExprSizeofValueSized_t" time="4.79221343994141e-05" />
    <testcase name="Equals (193)" classname="spec_perl_TestExprSizeofValueSized_t" time="7.41481781005859e-05" />
    <testcase name="Equals (194)" classname="spec_perl_TestExprSizeofValueSized_t" time="6.19888305664062e-05" />
    <testcase name="Equals (195)" classname="spec_perl_TestExprSizeofValueSized_t" time="6.69956207275391e-05" />
  </testsuite>
  <testsuite name="spec_perl_TestExpr1_t" errors="0" failures="0" skipped="0" tests="4" time="0.0292341709136963">
    <system-out>1..4
ok 1 - Equals
ok 2 - Equals
ok 3 - Equals
ok 4 - Equals
</system-out>
    <testcase name="Equals (196)" classname="spec_perl_TestExpr1_t" time="0.00097203254699707" />
    <testcase name="Equals (197)" classname="spec_perl_TestExpr1_t" time="5.69820404052734e-05" />
    <testcase name="Equals (198)" classname="spec_perl_TestExpr1_t" time="4.48226928710938e-05" />
    <testcase name="Equals (199)" classname="spec_perl_TestExpr1_t" time="4.10079956054688e-05" />
  </testsuite>
  <testsuite name="spec_perl_TestBitsSimple_t" errors="0" failures="0" skipped="0" tests="14" time="0.0272111892700195">
    <system-out>1..14
ok 1 - Equals
ok 2 - Equals
ok 3 - Equals
ok 4 - Equals
ok 5 - Equals
ok 6 - Equals
ok 7 - Equals
ok 8 - Equals
ok 9 - Equals
ok 10 - Equals
ok 11 - Equals
ok 12 - Equals
ok 13 - Equals
ok 14 - Equals
</system-out>
    <testcase name="Equals (200)" classname="spec_perl_TestBitsSimple_t" time="0.00104093551635742" />
    <testcase name="Equals (201)" classname="spec_perl_TestBitsSimple_t" time="4.91142272949219e-05" />
    <testcase name="Equals (202)" classname="spec_perl_TestBitsSimple_t" time="5.69820404052734e-05" />
    <testcase name="Equals (203)" classname="spec_perl_TestBitsSimple_t" time="6.38961791992188e-05" />
    <testcase name="Equals (204)" classname="spec_perl_TestBitsSimple_t" time="5.69820404052734e-05" />
    <testcase name="Equals (205)" classname="spec_perl_TestBitsSimple_t" time="6.00814819335938e-05" />
    <testcase name="Equals (206)" classname="spec_perl_TestBitsSimple_t" time="6.38961791992188e-05" />
    <testcase name="Equals (207)" classname="spec_perl_TestBitsSimple_t" time="4.10079956054688e-05" />
    <testcase name="Equals (208)" classname="spec_perl_TestBitsSimple_t" time="7.31945037841797e-05" />
    <testcase name="Equals (209)" classname="spec_perl_TestBitsSimple_t" time="5.38825988769531e-05" />
    <testcase name="Equals (210)" classname="spec_perl_TestBitsSimple_t" time="6.00814819335938e-05" />
    <testcase name="Equals (211)" classname="spec_perl_TestBitsSimple_t" time="6.103515625e-05" />
    <testcase name="Equals (212)" classname="spec_perl_TestBitsSimple_t" time="5.29289245605469e-05" />
    <testcase name="Equals (213)" classname="spec_perl_TestBitsSimple_t" time="6.38961791992188e-05" />
  </testsuite>
  <testsuite name="spec_perl_TestExprBytesOps_t" errors="0" failures="0" skipped="0" tests="16" time="0.0272841453552246">
    <system-out>1..16
ok 1 - Equals
ok 2 - Equals
ok 3 - Equals
ok 4 - Equals
ok 5 - Equals
ok 6 - Equals
ok 7 - Equals
ok 8 - Equals
ok 9 - Equals
ok 10 - Equals
ok 11 - Equals
ok 12 - Equals
ok 13 - Equals
ok 14 - Equals
ok 15 - Equals
ok 16 - Equals
</system-out>
    <testcase name="Equals (214)" classname="spec_perl_TestExprBytesOps_t" time="0.00104284286499023" />
    <testcase name="Equals (215)" classname="spec_perl_TestExprBytesOps_t" time="6.69956207275391e-05" />
    <testcase name="Equals (216)" classname="spec_perl_TestExprBytesOps_t" time="7.00950622558594e-05" />
    <testcase name="Equals (217)" classname="spec_perl_TestExprBytesOps_t" time="6.79492950439453e-05" />
    <testcase name="Equals (218)" classname="spec_perl_TestExprBytesOps_t" time="6.91413879394531e-05" />
    <testcase name="Equals (219)" classname="spec_perl_TestExprBytesOps_t" time="6.69956207275391e-05" />
    <testcase name="Equals (220)" classname="spec_perl_TestExprBytesOps_t" time="6.69956207275391e-05" />
    <testcase name="Equals (221)" classname="spec_perl_TestExprBytesOps_t" time="6.4849853515625e-05" />
    <testcase name="Equals (222)" classname="spec_perl_TestExprBytesOps_t" time="7.20024108886719e-05" />
    <testcase name="Equals (223)" classname="spec_perl_TestExprBytesOps_t" time="6.60419464111328e-05" />
    <testcase name="Equals (224)" classname="spec_perl_TestExprBytesOps_t" time="6.79492950439453e-05" />
    <testcase name="Equals (225)" classname="spec_perl_TestExprBytesOps_t" time="6.19888305664062e-05" />
    <testcase name="Equals (226)" classname="spec_perl_TestExprBytesOps_t" time="6.31809234619141e-05" />
    <testcase name="Equals (227)" classname="spec_perl_TestExprBytesOps_t" time="6.29425048828125e-05" />
    <testcase name="Equals (228)" classname="spec_perl_TestExprBytesOps_t" time="6.19888305664062e-05" />
    <testcase name="Equals (229)" classname="spec_perl_TestExprBytesOps_t" time="6.29425048828125e-05" />
  </testsuite>
  <testsuite name="spec_perl_TestBitsSignedResB32Be_t" errors="0" failures="0" skipped="0" tests="1" time="0.0258090496063232">
    <system-out>1..1
ok 1 - Equals
</system-out>
    <testcase name="Equals (230)" classname="spec_perl_TestBitsSignedResB32Be_t" time="0.00100803375244141" />
  </testsuite>
  <testsuite name="spec_perl_TestIndexToParamEos_t" errors="0" failures="2" skipped="0" tests="7" time="0.0306379795074463">
    <system-out>1..7
ok 1 - Equals
ok 2 - Equals
ok 3 - Equals
ok 4 - Equals
ok 5 - Equals
not ok 6 - Equals
not ok 7 - Equals
</system-out>
    <testcase name="Equals (231)" classname="spec_perl_TestIndexToParamEos_t" time="0.00165414810180664" />
    <testcase name="Equals (232)" classname="spec_perl_TestIndexToParamEos_t" time="7.58171081542969e-05" />
    <testcase name="Equals (233)" classname="spec_perl_TestIndexToParamEos_t" time="6.19888305664062e-05" />
    <testcase name="Equals (234)" classname="spec_perl_TestIndexToParamEos_t" time="5.7220458984375e-05" />
    <testcase name="Equals (235)" classname="spec_perl_TestIndexToParamEos_t" time="5.38825988769531e-05" />
    <testcase name="Equals (236)" classname="spec_perl_TestIndexToParamEos_t" time="6.19888305664062e-05">
      <failure message="not ok 6 - Equals" type="TAP::Parser::Result::Test"></failure>
    </testcase>
    <testcase name="Equals (237)" classname="spec_perl_TestIndexToParamEos_t" time="0.000478982925415039">
      <failure message="not ok 7 - Equals" type="TAP::Parser::Result::Test"></failure>
    </testcase>
  </testsuite>
  <testsuite name="spec_perl_TestSwitchRepeatExprInvalid_t" errors="0" failures="0" skipped="0" tests="3" time="0.0258610248565674">
    <system-out>1..3
ok 1 - Equals
ok 2 - Equals
ok 3 - Equals
</system-out>
    <testcase name="Equals (238)" classname="spec_perl_TestSwitchRepeatExprInvalid_t" time="0.0010378360748291" />
    <testcase name="Equals (239)" classname="spec_perl_TestSwitchRepeatExprInvalid_t" time="6.103515625e-05" />
    <testcase name="Equals (240)" classname="spec_perl_TestSwitchRepeatExprInvalid_t" time="5.10215759277344e-05" />
  </testsuite>
  <testsuite name="spec_perl_TestParamsPassUsertype_t" errors="0" failures="1" skipped="1" tests="2" time="0.0266141891479492">
    <system-out>1..2
not ok 1 - test_params_pass_usertype died (Can't call method &quot;foo&quot; on an undefined value at compiled/perl/ParamsPassUsertype.pm line 119.)
ok 2 # skip test_params_pass_usertype died
</system-out>
    <testcase name="test_params_pass_usertype died (Can't call method &quot;foo&quot; on an undefined value at compiled/perl/ParamsPassUsertype.pm line 119.) (240)" classname="spec_perl_TestParamsPassUsertype_t" time="0.00108480453491211">
      <failure message="not ok 1 - test_params_pass_usertype died (Can't call method &quot;foo&quot; on an undefined value at compiled/perl/ParamsPassUsertype.pm line 119.)" type="TAP::Parser::Result::Test"></failure>
    </testcase>
    <testcase name="Unnamed test case 240" classname="spec_perl_TestParamsPassUsertype_t" time="0.00015711784362793">
      <skipped message="ok 2 # skip test_params_pass_usertype died" />
    </testcase>
  </testsuite>
  <testsuite name="spec_perl_TestNonStandard_t" errors="0" failures="0" skipped="0" tests="1" time="0.0258429050445557">
    <system-out>1..1
ok 1 - Equals
</system-out>
    <testcase name="Equals (241)" classname="spec_perl_TestNonStandard_t" time="0.00099492073059082" />
  </testsuite>
  <testsuite name="spec_perl_TestZlibSurrounded_t" errors="0" failures="0" skipped="0" tests="1" time="0.0482280254364014">
    <system-out>1..1
ok 1 - Equals
</system-out>
    <testcase name="Equals (242)" classname="spec_perl_TestZlibSurrounded_t" time="0.00137615203857422" />
  </testsuite>
  <testsuite name="spec_perl_TestProcessCustom_t" errors="1" failures="0" skipped="0" tests="0" time="0.0232260227203369">
    <system-out></system-out>
    <testcase name="Test died too soon, even before plan. (242)" classname="spec_perl_TestProcessCustom_t" time="0.0232260227203369">
      <failure message="The test suite died before a plan was produced. You need to have a plan." type="Plan">No plan</failure>
    </testcase>
  </testsuite>
  <testsuite name="spec_perl_TestFloatToI_t" errors="0" failures="0" skipped="0" tests="8" time="0.0261998176574707">
    <system-out>1..8
ok 1 - Approx equals
ok 2 - Approx equals
ok 3 - Equals
ok 4 - Equals
ok 5 - Equals
ok 6 - Equals
ok 7 - Equals
ok 8 - Equals
</system-out>
    <testcase name="Approx equals (242)" classname="spec_perl_TestFloatToI_t" time="0.001007080078125" />
    <testcase name="Approx equals (243)" classname="spec_perl_TestFloatToI_t" time="9.29832458496094e-05" />
    <testcase name="Equals (243)" classname="spec_perl_TestFloatToI_t" time="8.20159912109375e-05" />
    <testcase name="Equals (244)" classname="spec_perl_TestFloatToI_t" time="6.103515625e-05" />
    <testcase name="Equals (245)" classname="spec_perl_TestFloatToI_t" time="7.39097595214844e-05" />
    <testcase name="Equals (246)" classname="spec_perl_TestFloatToI_t" time="6.50882720947266e-05" />
    <testcase name="Equals (247)" classname="spec_perl_TestFloatToI_t" time="6.4849853515625e-05" />
    <testcase name="Equals (248)" classname="spec_perl_TestFloatToI_t" time="9.70363616943359e-05" />
  </testsuite>
  <testsuite name="spec_perl_TestSwitchManualInt_t" errors="0" failures="0" skipped="0" tests="9" time="0.0296990871429443">
    <system-out>1..9
ok 1 - Equals
ok 2 - Equals
ok 3 - Equals
ok 4 - Equals
ok 5 - Equals
ok 6 - Equals
ok 7 - Equals
ok 8 - Equals
ok 9 - Equals
</system-out>
    <testcase name="Equals (249)" classname="spec_perl_TestSwitchManualInt_t" time="0.00107002258300781" />
    <testcase name="Equals (250)" classname="spec_perl_TestSwitchManualInt_t" time="5.50746917724609e-05" />
    <testcase name="Equals (251)" classname="spec_perl_TestSwitchManualInt_t" time="4.50611114501953e-05" />
    <testcase name="Equals (252)" classname="spec_perl_TestSwitchManualInt_t" time="7.48634338378906e-05" />
    <testcase name="Equals (253)" classname="spec_perl_TestSwitchManualInt_t" time="5.60283660888672e-05" />
    <testcase name="Equals (254)" classname="spec_perl_TestSwitchManualInt_t" time="7.51018524169922e-05" />
    <testcase name="Equals (255)" classname="spec_perl_TestSwitchManualInt_t" time="7.10487365722656e-05" />
    <testcase name="Equals (256)" classname="spec_perl_TestSwitchManualInt_t" time="5.69820404052734e-05" />
    <testcase name="Equals (257)" classname="spec_perl_TestSwitchManualInt_t" time="5.69820404052734e-05" />
  </testsuite>
  <testsuite name="spec_perl_TestTermStrzUtf16V4_t" errors="0" failures="0" skipped="0" tests="3" time="0.0307900905609131">
    <system-out>1..3
ok 1 - Equals
ok 2 - Equals
ok 3 - Equals
</system-out>
    <testcase name="Equals (258)" classname="spec_perl_TestTermStrzUtf16V4_t" time="0.00200796127319336" />
    <testcase name="Equals (259)" classname="spec_perl_TestTermStrzUtf16V4_t" time="8.51154327392578e-05" />
    <testcase name="Equals (260)" classname="spec_perl_TestTermStrzUtf16V4_t" time="0.00010991096496582" />
  </testsuite>
  <testsuite name="spec_perl_TestRepeatNStrzDouble_t" errors="0" failures="0" skipped="0" tests="3" time="0.028986930847168">
    <system-out>1..3
ok 1 - Equals
ok 2 - Equals
ok 3 - Equals
</system-out>
    <testcase name="Equals (261)" classname="spec_perl_TestRepeatNStrzDouble_t" time="0.00108003616333008" />
    <testcase name="Equals (262)" classname="spec_perl_TestRepeatNStrzDouble_t" time="7.39097595214844e-05" />
    <testcase name="Equals (263)" classname="spec_perl_TestRepeatNStrzDouble_t" time="7.79628753662109e-05" />
  </testsuite>
  <testsuite name="spec_perl_TestProcessXorValue_t" errors="0" failures="0" skipped="0" tests="2" time="0.0257120132446289">
    <system-out>1..2
ok 1 - Equals
ok 2 - Equals
</system-out>
    <testcase name="Equals (264)" classname="spec_perl_TestProcessXorValue_t" time="0.00101494789123535" />
    <testcase name="Equals (265)" classname="spec_perl_TestProcessXorValue_t" time="4.91142272949219e-05" />
  </testsuite>
  <testsuite name="spec_perl_TestStrPadTermUtf16_t" errors="0" failures="0" skipped="0" tests="3" time="0.0295369625091553">
    <system-out>1..3
ok 1 - Equals
ok 2 - Equals
ok 3 - Equals
</system-out>
    <testcase name="Equals (266)" classname="spec_perl_TestStrPadTermUtf16_t" time="0.00160408020019531" />
    <testcase name="Equals (267)" classname="spec_perl_TestStrPadTermUtf16_t" time="5.19752502441406e-05" />
    <testcase name="Equals (268)" classname="spec_perl_TestStrPadTermUtf16_t" time="4.1961669921875e-05" />
  </testsuite>
  <testsuite name="spec_perl_TestInstanceUserArray_t" errors="0" failures="0" skipped="0" tests="10" time="0.0264749526977539">
    <system-out>1..10
ok 1 - Equals
ok 2 - Equals
ok 3 - Equals
ok 4 - Equals
ok 5 - Equals
ok 6 - Equals
ok 7 - Equals
ok 8 - Equals
ok 9 - Equals
ok 10 - Equals
</system-out>
    <testcase name="Equals (269)" classname="spec_perl_TestInstanceUserArray_t" time="0.000983953475952148" />
    <testcase name="Equals (270)" classname="spec_perl_TestInstanceUserArray_t" time="4.88758087158203e-05" />
    <testcase name="Equals (271)" classname="spec_perl_TestInstanceUserArray_t" time="7.51018524169922e-05" />
    <testcase name="Equals (272)" classname="spec_perl_TestInstanceUserArray_t" time="0.000401973724365234" />
    <testcase name="Equals (273)" classname="spec_perl_TestInstanceUserArray_t" time="7.10487365722656e-05" />
    <testcase name="Equals (274)" classname="spec_perl_TestInstanceUserArray_t" time="6.4849853515625e-05" />
    <testcase name="Equals (275)" classname="spec_perl_TestInstanceUserArray_t" time="6.60419464111328e-05" />
    <testcase name="Equals (276)" classname="spec_perl_TestInstanceUserArray_t" time="6.103515625e-05" />
    <testcase name="Equals (277)" classname="spec_perl_TestInstanceUserArray_t" time="4.1961669921875e-05" />
    <testcase name="Equals (278)" classname="spec_perl_TestInstanceUserArray_t" time="7.41481781005859e-05" />
  </testsuite>
  <testsuite name="spec_perl_TestCombineBool_t" errors="0" failures="0" skipped="0" tests="2" time="0.0255889892578125">
    <system-out>1..2
ok 1 - Equals
ok 2 - Equals
</system-out>
    <testcase name="Equals (279)" classname="spec_perl_TestCombineBool_t" time="0.00098419189453125" />
    <testcase name="Equals (280)" classname="spec_perl_TestCombineBool_t" time="7.70092010498047e-05" />
  </testsuite>
  <testsuite name="spec_perl_TestEnumToIInvalid_t" errors="0" failures="0" skipped="0" tests="8" time="0.0266749858856201">
    <system-out>1..8
ok 1 - Equals
ok 2 - Equals
ok 3 - Equals
ok 4 - Equals
ok 5 - Equals
ok 6 - Equals
ok 7 - Equals
ok 8 - Equals
</system-out>
    <testcase name="Equals (281)" classname="spec_perl_TestEnumToIInvalid_t" time="0.00109219551086426" />
    <testcase name="Equals (282)" classname="spec_perl_TestEnumToIInvalid_t" time="7.89165496826172e-05" />
    <testcase name="Equals (283)" classname="spec_perl_TestEnumToIInvalid_t" time="0.000118017196655273" />
    <testcase name="Equals (284)" classname="spec_perl_TestEnumToIInvalid_t" time="0.000119924545288086" />
    <testcase name="Equals (285)" classname="spec_perl_TestEnumToIInvalid_t" time="0.000110149383544922" />
    <testcase name="Equals (286)" classname="spec_perl_TestEnumToIInvalid_t" time="0.000116825103759766" />
    <testcase name="Equals (287)" classname="spec_perl_TestEnumToIInvalid_t" time="0.000108003616333008" />
    <testcase name="Equals (288)" classname="spec_perl_TestEnumToIInvalid_t" time="0.000111103057861328" />
  </testsuite>
  <testsuite name="spec_perl_TestMetaTags_t" errors="0" failures="0" skipped="1" tests="1" time="0.0255918502807617">
    <system-out>1..1
ok 1 # skip MetaTags=HASH(0x563dc559b450)
</system-out>
    <testcase name="Unnamed test case 288" classname="spec_perl_TestMetaTags_t" time="0.00122690200805664">
      <skipped message="ok 1 # skip MetaTags=HASH(0x563dc559b450)" />
    </testcase>
  </testsuite>
  <testsuite name="spec_perl_TestBitsUnalignedB64Le_t" errors="0" failures="0" skipped="0" tests="3" time="0.0257458686828613">
    <system-out>1..3
ok 1 - Equals
ok 2 - Equals
ok 3 - Equals
</system-out>
    <testcase name="Equals (289)" classname="spec_perl_TestBitsUnalignedB64Le_t" time="0.00103497505187988" />
    <testcase name="Equals (290)" classname="spec_perl_TestBitsUnalignedB64Le_t" time="4.91142272949219e-05" />
    <testcase name="Equals (291)" classname="spec_perl_TestBitsUnalignedB64Le_t" time="7.39097595214844e-05" />
  </testsuite>
  <testsuite name="spec_perl_TestEnumImportSeq_t" errors="0" failures="0" skipped="0" tests="2" time="0.0267879962921143">
    <system-out>1..2
ok 1 - Equals
ok 2 - Equals
</system-out>
    <testcase name="Equals (292)" classname="spec_perl_TestEnumImportSeq_t" time="0.000987052917480469" />
    <testcase name="Equals (293)" classname="spec_perl_TestEnumImportSeq_t" time="5.07831573486328e-05" />
  </testsuite>
  <testsuite name="spec_perl_TestSwitchManualIntSizeElse_t" errors="0" failures="0" skipped="0" tests="10" time="0.0306050777435303">
    <system-out>1..10
ok 1 - Equals
ok 2 - Equals
ok 3 - Equals
ok 4 - Equals
ok 5 - Equals
ok 6 - Equals
ok 7 - Equals
ok 8 - Equals
ok 9 - Equals
ok 10 - Equals
</system-out>
    <testcase name="Equals (294)" classname="spec_perl_TestSwitchManualIntSizeElse_t" time="0.00139403343200684" />
    <testcase name="Equals (295)" classname="spec_perl_TestSwitchManualIntSizeElse_t" time="4.88758087158203e-05" />
    <testcase name="Equals (296)" classname="spec_perl_TestSwitchManualIntSizeElse_t" time="8.29696655273438e-05" />
    <testcase name="Equals (297)" classname="spec_perl_TestSwitchManualIntSizeElse_t" time="5.19752502441406e-05" />
    <testcase name="Equals (298)" classname="spec_perl_TestSwitchManualIntSizeElse_t" time="7.20024108886719e-05" />
    <testcase name="Equals (299)" classname="spec_perl_TestSwitchManualIntSizeElse_t" time="0.000100135803222656" />
    <testcase name="Equals (300)" classname="spec_perl_TestSwitchManualIntSizeElse_t" time="6.98566436767578e-05" />
    <testcase name="Equals (301)" classname="spec_perl_TestSwitchManualIntSizeElse_t" time="6.60419464111328e-05" />
    <testcase name="Equals (302)" classname="spec_perl_TestSwitchManualIntSizeElse_t" time="6.41345977783203e-05" />
    <testcase name="Equals (303)" classname="spec_perl_TestSwitchManualIntSizeElse_t" time="6.4849853515625e-05" />
  </testsuite>
  <testsuite name="spec_perl_TestImportsCircularA_t" errors="0" failures="0" skipped="0" tests="5" time="0.0265209674835205">
    <system-out>1..5
ok 1 - Equals
ok 2 - Equals
ok 3 - Equals
ok 4 - Equals
ok 5 - nil
</system-out>
    <testcase name="Equals (304)" classname="spec_perl_TestImportsCircularA_t" time="0.00107502937316895" />
    <testcase name="Equals (305)" classname="spec_perl_TestImportsCircularA_t" time="5.38825988769531e-05" />
    <testcase name="Equals (306)" classname="spec_perl_TestImportsCircularA_t" time="4.31537628173828e-05" />
    <testcase name="Equals (307)" classname="spec_perl_TestImportsCircularA_t" time="7.17639923095703e-05" />
    <testcase name="nil (307)" classname="spec_perl_TestImportsCircularA_t" time="4.22000885009766e-05" />
  </testsuite>
  <testsuite name="spec_perl_TestEnumInvalid_t" errors="0" failures="0" skipped="0" tests="2" time="0.0258638858795166">
    <system-out>1..2
ok 1 - Equals
ok 2 - Equals
</system-out>
    <testcase name="Equals (308)" classname="spec_perl_TestEnumInvalid_t" time="0.000997066497802734" />
    <testcase name="Equals (309)" classname="spec_perl_TestEnumInvalid_t" time="5.69820404052734e-05" />
  </testsuite>
  <testsuite name="spec_perl_TestEnumToIClassBorder1_t" errors="0" failures="1" skipped="0" tests="3" time="0.0264589786529541">
    <system-out>1..3
ok 1 - Equals
ok 2 - Equals
not ok 3 - test_enum_to_i_class_border_1 died (Can't call method &quot;some_dog&quot; on an undefined value at compiled/perl/EnumToIClassBorder2.pm line 43.)
</system-out>
    <testcase name="Equals (310)" classname="spec_perl_TestEnumToIClassBorder1_t" time="0.00107502937316895" />
    <testcase name="Equals (311)" classname="spec_perl_TestEnumToIClassBorder1_t" time="5.10215759277344e-05" />
    <testcase name="test_enum_to_i_class_border_1 died (Can't call method &quot;some_dog&quot; on an undefined value at compiled/perl/EnumToIClassBorder2.pm line 43.) (311)" classname="spec_perl_TestEnumToIClassBorder1_t" time="0.000111103057861328">
      <failure message="not ok 3 - test_enum_to_i_class_border_1 died (Can't call method &quot;some_dog&quot; on an undefined value at compiled/perl/EnumToIClassBorder2.pm line 43.)" type="TAP::Parser::Result::Test"></failure>
    </testcase>
  </testsuite>
  <testsuite name="spec_perl_TestSwitchManualIntSize_t" errors="0" failures="0" skipped="0" tests="10" time="0.0306911468505859">
    <system-out>1..10
ok 1 - Equals
ok 2 - Equals
ok 3 - Equals
ok 4 - Equals
ok 5 - Equals
ok 6 - Equals
ok 7 - Equals
ok 8 - Equals
ok 9 - Equals
ok 10 - Equals
</system-out>
    <testcase name="Equals (312)" classname="spec_perl_TestSwitchManualIntSize_t" time="0.00141382217407227" />
    <testcase name="Equals (313)" classname="spec_perl_TestSwitchManualIntSize_t" time="5.10215759277344e-05" />
    <testcase name="Equals (314)" classname="spec_perl_TestSwitchManualIntSize_t" time="7.31945037841797e-05" />
    <testcase name="Equals (315)" classname="spec_perl_TestSwitchManualIntSize_t" time="6.4849853515625e-05" />
    <testcase name="Equals (316)" classname="spec_perl_TestSwitchManualIntSize_t" time="5.60283660888672e-05" />
    <testcase name="Equals (317)" classname="spec_perl_TestSwitchManualIntSize_t" time="0.000103950500488281" />
    <testcase name="Equals (318)" classname="spec_perl_TestSwitchManualIntSize_t" time="7.00950622558594e-05" />
    <testcase name="Equals (319)" classname="spec_perl_TestSwitchManualIntSize_t" time="6.38961791992188e-05" />
    <testcase name="Equals (320)" classname="spec_perl_TestSwitchManualIntSize_t" time="6.31809234619141e-05" />
    <testcase name="Equals (321)" classname="spec_perl_TestSwitchManualIntSize_t" time="6.4849853515625e-05" />
  </testsuite>
  <testsuite name="spec_perl_TestDefaultEndianExprInherited_t" errors="0" failures="0" skipped="0" tests="15" time="0.0286111831665039">
    <system-out>1..15
ok 1 - Equals
ok 2 - Equals
ok 3 - Equals
ok 4 - Equals
ok 5 - Equals
ok 6 - Equals
ok 7 - Equals
ok 8 - Equals
ok 9 - Equals
ok 10 - Equals
ok 11 - Equals
ok 12 - Equals
ok 13 - Equals
ok 14 - Equals
ok 15 - Equals
</system-out>
    <testcase name="Equals (322)" classname="spec_perl_TestDefaultEndianExprInherited_t" time="0.00110387802124023" />
    <testcase name="Equals (323)" classname="spec_perl_TestDefaultEndianExprInherited_t" time="5.31673431396484e-05" />
    <testcase name="Equals (324)" classname="spec_perl_TestDefaultEndianExprInherited_t" time="5.79357147216797e-05" />
    <testcase name="Equals (325)" classname="spec_perl_TestDefaultEndianExprInherited_t" time="7.20024108886719e-05" />
    <testcase name="Equals (326)" classname="spec_perl_TestDefaultEndianExprInherited_t" time="9.98973846435547e-05" />
    <testcase name="Equals (327)" classname="spec_perl_TestDefaultEndianExprInherited_t" time="7.31945037841797e-05" />
    <testcase name="Equals (328)" classname="spec_perl_TestDefaultEndianExprInherited_t" time="6.89029693603516e-05" />
    <testcase name="Equals (329)" classname="spec_perl_TestDefaultEndianExprInherited_t" time="6.19888305664062e-05" />
    <testcase name="Equals (330)" classname="spec_perl_TestDefaultEndianExprInherited_t" time="9.39369201660156e-05" />
    <testcase name="Equals (331)" classname="spec_perl_TestDefaultEndianExprInherited_t" time="8.29696655273438e-05" />
    <testcase name="Equals (332)" classname="spec_perl_TestDefaultEndianExprInherited_t" time="6.31809234619141e-05" />
    <testcase name="Equals (333)" classname="spec_perl_TestDefaultEndianExprInherited_t" time="5.48362731933594e-05" />
    <testcase name="Equals (334)" classname="spec_perl_TestDefaultEndianExprInherited_t" time="6.19888305664062e-05" />
    <testcase name="Equals (335)" classname="spec_perl_TestDefaultEndianExprInherited_t" time="7.51018524169922e-05" />
    <testcase name="Equals (336)" classname="spec_perl_TestDefaultEndianExprInherited_t" time="6.103515625e-05" />
  </testsuite>
  <testsuite name="spec_perl_TestTermBytes_t" errors="0" failures="0" skipped="0" tests="3" time="0.0259361267089844">
    <system-out>1..3
ok 1 - Equals
ok 2 - Equals
ok 3 - Equals
</system-out>
    <testcase name="Equals (337)" classname="spec_perl_TestTermBytes_t" time="0.00099492073059082" />
    <testcase name="Equals (338)" classname="spec_perl_TestTermBytes_t" time="4.79221343994141e-05" />
    <testcase name="Equals (339)" classname="spec_perl_TestTermBytes_t" time="7.10487365722656e-05" />
  </testsuite>
  <testsuite name="spec_perl_TestNestedSameName_t" errors="0" failures="0" skipped="0" tests="2" time="0.0261490345001221">
    <system-out>1..2
ok 1 - Equals
ok 2 - Equals
</system-out>
    <testcase name="Equals (340)" classname="spec_perl_TestNestedSameName_t" time="0.00101494789123535" />
    <testcase name="Equals (341)" classname="spec_perl_TestNestedSameName_t" time="5.10215759277344e-05" />
  </testsuite>
  <testsuite name="spec_perl_TestBytesPadTerm_t" errors="0" failures="0" skipped="0" tests="4" time="0.0257980823516846">
    <system-out>1..4
ok 1 - Equals
ok 2 - Equals
ok 3 - Equals
ok 4 - Equals
</system-out>
    <testcase name="Equals (342)" classname="spec_perl_TestBytesPadTerm_t" time="0.00103497505187988" />
    <testcase name="Equals (343)" classname="spec_perl_TestBytesPadTerm_t" time="7.60555267333984e-05" />
    <testcase name="Equals (344)" classname="spec_perl_TestBytesPadTerm_t" time="9.70363616943359e-05" />
    <testcase name="Equals (345)" classname="spec_perl_TestBytesPadTerm_t" time="6.89029693603516e-05" />
  </testsuite>
  <testsuite name="spec_perl_TestDebugEnumName_t" errors="1" failures="0" skipped="0" tests="0" time="0.0230739116668701">
    <system-out></system-out>
    <testcase name="Test died too soon, even before plan. (345)" classname="spec_perl_TestDebugEnumName_t" time="0.0230739116668701">
      <failure message="The test suite died before a plan was produced. You need to have a plan." type="Plan">No plan</failure>
    </testcase>
  </testsuite>
  <testsuite name="spec_perl_TestParamsPassBool_t" errors="0" failures="1" skipped="13" tests="14" time="0.0287458896636963">
    <system-out>1..14
not ok 1 - test_params_pass_bool died (Requested 2 bytes, but only 1 bytes available at ../runtime/perl/lib/IO/KaitaiStruct.pm line 338.)
ok 2 # skip test_params_pass_bool died
ok 3 # skip test_params_pass_bool died
ok 4 # skip test_params_pass_bool died
ok 5 # skip test_params_pass_bool died
ok 6 # skip test_params_pass_bool died
ok 7 # skip test_params_pass_bool died
ok 8 # skip test_params_pass_bool died
ok 9 # skip test_params_pass_bool died
ok 10 # skip test_params_pass_bool died
ok 11 # skip test_params_pass_bool died
ok 12 # skip test_params_pass_bool died
ok 13 # skip test_params_pass_bool died
ok 14 # skip test_params_pass_bool died
</system-out>
    <testcase name="test_params_pass_bool died (Requested 2 bytes, but only 1 bytes available at ../runtime/perl/lib/IO/KaitaiStruct.pm line 338.) (345)" classname="spec_perl_TestParamsPassBool_t" time="0.00159001350402832">
      <failure message="not ok 1 - test_params_pass_bool died (Requested 2 bytes, but only 1 bytes available at ../runtime/perl/lib/IO/KaitaiStruct.pm line 338.)" type="TAP::Parser::Result::Test"></failure>
    </testcase>
    <testcase name="Unnamed test case 345" classname="spec_perl_TestParamsPassBool_t" time="0.000456094741821289">
      <skipped message="ok 2 # skip test_params_pass_bool died" />
    </testcase>
    <testcase name="Unnamed test case 346" classname="spec_perl_TestParamsPassBool_t" time="6.79492950439453e-05">
      <skipped message="ok 3 # skip test_params_pass_bool died" />
    </testcase>
    <testcase name="Unnamed test case 347" classname="spec_perl_TestParamsPassBool_t" time="8.10623168945312e-05">
      <skipped message="ok 4 # skip test_params_pass_bool died" />
    </testcase>
    <testcase name="Unnamed test case 348" classname="spec_perl_TestParamsPassBool_t" time="5.38825988769531e-05">
      <skipped message="ok 5 # skip test_params_pass_bool died" />
    </testcase>
    <testcase name="Unnamed test case 349" classname="spec_perl_TestParamsPassBool_t" time="4.79221343994141e-05">
      <skipped message="ok 6 # skip test_params_pass_bool died" />
    </testcase>
    <testcase name="Unnamed test case 350" classname="spec_perl_TestParamsPassBool_t" time="6.69956207275391e-05">
      <skipped message="ok 7 # skip test_params_pass_bool died" />
    </testcase>
    <testcase name="Unnamed test case 351" classname="spec_perl_TestParamsPassBool_t" time="5.50746917724609e-05">
      <skipped message="ok 8 # skip test_params_pass_bool died" />
    </testcase>
    <testcase name="Unnamed test case 352" classname="spec_perl_TestParamsPassBool_t" time="5.29289245605469e-05">
      <skipped message="ok 9 # skip test_params_pass_bool died" />
    </testcase>
    <testcase name="Unnamed test case 353" classname="spec_perl_TestParamsPassBool_t" time="5.31673431396484e-05">
      <skipped message="ok 10 # skip test_params_pass_bool died" />
    </testcase>
    <testcase name="Unnamed test case 354" classname="spec_perl_TestParamsPassBool_t" time="4.98294830322266e-05">
      <skipped message="ok 11 # skip test_params_pass_bool died" />
    </testcase>
    <testcase name="Unnamed test case 355" classname="spec_perl_TestParamsPassBool_t" time="4.81605529785156e-05">
      <skipped message="ok 12 # skip test_params_pass_bool died" />
    </testcase>
    <testcase name="Unnamed test case 356" classname="spec_perl_TestParamsPassBool_t" time="4.38690185546875e-05">
      <skipped message="ok 13 # skip test_params_pass_bool died" />
    </testcase>
    <testcase name="Unnamed test case 357" classname="spec_perl_TestParamsPassBool_t" time="4.10079956054688e-05">
      <skipped message="ok 14 # skip test_params_pass_bool died" />
    </testcase>
  </testsuite>
  <testsuite name="spec_perl_TestNavRoot_t" errors="0" failures="0" skipped="0" tests="5" time="0.029541015625">
    <system-out>1..5
ok 1 - Equals
ok 2 - Equals
ok 3 - Equals
ok 4 - Equals
ok 5 - Equals
</system-out>
    <testcase name="Equals (357)" classname="spec_perl_TestNavRoot_t" time="0.00107002258300781" />
    <testcase name="Equals (358)" classname="spec_perl_TestNavRoot_t" time="4.88758087158203e-05" />
    <testcase name="Equals (359)" classname="spec_perl_TestNavRoot_t" time="6.69956207275391e-05" />
    <testcase name="Equals (360)" classname="spec_perl_TestNavRoot_t" time="6.91413879394531e-05" />
    <testcase name="Equals (361)" classname="spec_perl_TestNavRoot_t" time="6.79492950439453e-05" />
  </testsuite>
  <testsuite name="spec_perl_TestRepeatUntilCalcArrayType_t" errors="0" failures="0" skipped="0" tests="7" time="0.0265839099884033">
    <system-out>1..7
ok 1 - Equals
ok 2 - Equals
ok 3 - Equals
ok 4 - Equals
ok 5 - Equals
ok 6 - Equals
ok 7 - Equals
</system-out>
    <testcase name="Equals (362)" classname="spec_perl_TestRepeatUntilCalcArrayType_t" time="0.00129103660583496" />
    <testcase name="Equals (363)" classname="spec_perl_TestRepeatUntilCalcArrayType_t" time="5.29289245605469e-05" />
    <testcase name="Equals (364)" classname="spec_perl_TestRepeatUntilCalcArrayType_t" time="6.69956207275391e-05" />
    <testcase name="Equals (365)" classname="spec_perl_TestRepeatUntilCalcArrayType_t" time="7.10487365722656e-05" />
    <testcase name="Equals (366)" classname="spec_perl_TestRepeatUntilCalcArrayType_t" time="6.50882720947266e-05" />
    <testcase name="Equals (367)" classname="spec_perl_TestRepeatUntilCalcArrayType_t" time="5.69820404052734e-05" />
    <testcase name="Equals (368)" classname="spec_perl_TestRepeatUntilCalcArrayType_t" time="5.48362731933594e-05" />
  </testsuite>
  <testsuite name="spec_perl_TestDocstringsDocref_t" errors="0" failures="0" skipped="1" tests="1" time="0.0256748199462891">
    <system-out>1..1
ok 1 # skip DocstringsDocref=HASH(0x563cfa7f3bb8)
</system-out>
    <testcase name="Unnamed test case 368" classname="spec_perl_TestDocstringsDocref_t" time="0.00121903419494629">
      <skipped message="ok 1 # skip DocstringsDocref=HASH(0x563cfa7f3bb8)" />
    </testcase>
  </testsuite>
  <testsuite name="spec_perl_TestBitsSimpleLe_t" errors="0" failures="0" skipped="0" tests="14" time="0.026486873626709">
    <system-out>1..14
ok 1 - Equals
ok 2 - Equals
ok 3 - Equals
ok 4 - Equals
ok 5 - Equals
ok 6 - Equals
ok 7 - Equals
ok 8 - Equals
ok 9 - Equals
ok 10 - Equals
ok 11 - Equals
ok 12 - Equals
ok 13 - Equals
ok 14 - Equals
</system-out>
    <testcase name="Equals (369)" classname="spec_perl_TestBitsSimpleLe_t" time="0.00102686882019043" />
    <testcase name="Equals (370)" classname="spec_perl_TestBitsSimpleLe_t" time="4.91142272949219e-05" />
    <testcase name="Equals (371)" classname="spec_perl_TestBitsSimpleLe_t" time="7.39097595214844e-05" />
    <testcase name="Equals (372)" classname="spec_perl_TestBitsSimpleLe_t" time="6.38961791992188e-05" />
    <testcase name="Equals (373)" classname="spec_perl_TestBitsSimpleLe_t" time="6.41345977783203e-05" />
    <testcase name="Equals (374)" classname="spec_perl_TestBitsSimpleLe_t" time="6.19888305664062e-05" />
    <testcase name="Equals (375)" classname="spec_perl_TestBitsSimpleLe_t" time="5.60283660888672e-05" />
    <testcase name="Equals (376)" classname="spec_perl_TestBitsSimpleLe_t" time="6.38961791992188e-05" />
    <testcase name="Equals (377)" classname="spec_perl_TestBitsSimpleLe_t" time="5.79357147216797e-05" />
    <testcase name="Equals (378)" classname="spec_perl_TestBitsSimpleLe_t" time="5.41210174560547e-05" />
    <testcase name="Equals (379)" classname="spec_perl_TestBitsSimpleLe_t" time="6.19888305664062e-05" />
    <testcase name="Equals (380)" classname="spec_perl_TestBitsSimpleLe_t" time="5.29289245605469e-05" />
    <testcase name="Equals (381)" classname="spec_perl_TestBitsSimpleLe_t" time="6.41345977783203e-05" />
    <testcase name="Equals (382)" classname="spec_perl_TestBitsSimpleLe_t" time="6.29425048828125e-05" />
  </testsuite>
  <testsuite name="spec_perl_TestCombineBytes_t" errors="0" failures="0" skipped="0" tests="10" time="0.0279409885406494">
    <system-out>1..10
ok 1 - Equals
ok 2 - Equals
ok 3 - Equals
ok 4 - Equals
ok 5 - Equals
ok 6 - Equals
ok 7 - Equals
ok 8 - Equals
ok 9 - Equals
ok 10 - Equals
</system-out>
    <testcase name="Equals (383)" classname="spec_perl_TestCombineBytes_t" time="0.000998973846435547" />
    <testcase name="Equals (384)" classname="spec_perl_TestCombineBytes_t" time="4.98294830322266e-05" />
    <testcase name="Equals (385)" classname="spec_perl_TestCombineBytes_t" time="7.41481781005859e-05" />
    <testcase name="Equals (386)" classname="spec_perl_TestCombineBytes_t" time="5.88893890380859e-05" />
    <testcase name="Equals (387)" classname="spec_perl_TestCombineBytes_t" time="6.60419464111328e-05" />
    <testcase name="Equals (388)" classname="spec_perl_TestCombineBytes_t" time="6.19888305664062e-05" />
    <testcase name="Equals (389)" classname="spec_perl_TestCombineBytes_t" time="6.19888305664062e-05" />
    <testcase name="Equals (390)" classname="spec_perl_TestCombineBytes_t" time="6.41345977783203e-05" />
    <testcase name="Equals (391)" classname="spec_perl_TestCombineBytes_t" time="6.38961791992188e-05" />
    <testcase name="Equals (392)" classname="spec_perl_TestCombineBytes_t" time="6.103515625e-05" />
  </testsuite>
  <testsuite name="spec_perl_TestNavParentSwitchCast_t" errors="0" failures="0" skipped="0" tests="3" time="0.0263388156890869">
    <system-out>1..3
ok 1 - Equals
ok 2 - Equals
ok 3 - Equals
</system-out>
    <testcase name="Equals (393)" classname="spec_perl_TestNavParentSwitchCast_t" time="0.00127315521240234" />
    <testcase name="Equals (394)" classname="spec_perl_TestNavParentSwitchCast_t" time="5.10215759277344e-05" />
    <testcase name="Equals (395)" classname="spec_perl_TestNavParentSwitchCast_t" time="7.20024108886719e-05" />
  </testsuite>
  <testsuite name="spec_perl_TestValidShort_t" errors="0" failures="0" skipped="1" tests="1" time="0.0294489860534668">
    <system-out>1..1
ok 1 # skip ValidShort=HASH(0x556deed25580)
</system-out>
    <testcase name="Unnamed test case 395" classname="spec_perl_TestValidShort_t" time="0.0012810230255127">
      <skipped message="ok 1 # skip ValidShort=HASH(0x556deed25580)" />
    </testcase>
  </testsuite>
  <testsuite name="spec_perl_TestParamsCall_t" errors="0" failures="3" skipped="0" tests="3" time="0.0303938388824463">
    <system-out>1..3
not ok 1 - Equals
not ok 2 - Equals
not ok 3 - Equals
</system-out>
    <testcase name="Equals (396)" classname="spec_perl_TestParamsCall_t" time="0.00126481056213379">
      <failure message="not ok 1 - Equals" type="TAP::Parser::Result::Test"></failure>
    </testcase>
    <testcase name="Equals (397)" classname="spec_perl_TestParamsCall_t" time="0.000514030456542969">
      <failure message="not ok 2 - Equals" type="TAP::Parser::Result::Test"></failure>
    </testcase>
    <testcase name="Equals (398)" classname="spec_perl_TestParamsCall_t" time="8.29696655273438e-05">
      <failure message="not ok 3 - Equals" type="TAP::Parser::Result::Test"></failure>
    </testcase>
  </testsuite>
  <testsuite name="spec_perl_TestInstanceStdArray_t" errors="0" failures="0" skipped="0" tests="7" time="0.0257251262664795">
    <system-out>1..7
ok 1 - Equals
ok 2 - Equals
ok 3 - Equals
ok 4 - Equals
ok 5 - Equals
ok 6 - Equals
ok 7 - Equals
</system-out>
    <testcase name="Equals (399)" classname="spec_perl_TestInstanceStdArray_t" time="0.000976085662841797" />
    <testcase name="Equals (400)" classname="spec_perl_TestInstanceStdArray_t" time="4.88758087158203e-05" />
    <testcase name="Equals (401)" classname="spec_perl_TestInstanceStdArray_t" time="7.70092010498047e-05" />
    <testcase name="Equals (402)" classname="spec_perl_TestInstanceStdArray_t" time="8.10623168945312e-05" />
    <testcase name="Equals (403)" classname="spec_perl_TestInstanceStdArray_t" time="6.79492950439453e-05" />
    <testcase name="Equals (404)" classname="spec_perl_TestInstanceStdArray_t" time="5.91278076171875e-05" />
    <testcase name="Equals (405)" classname="spec_perl_TestInstanceStdArray_t" time="6.103515625e-05" />
  </testsuite>
  <testsuite name="spec_perl_TestExprBytesCmp_t" errors="0" failures="0" skipped="0" tests="10" time="0.0263960361480713">
    <system-out>1..10
ok 1 - Equals
ok 2 - Equals
ok 3 - Equals
ok 4 - Equals
ok 5 - Equals
ok 6 - Equals
ok 7 - Equals
ok 8 - Equals
ok 9 - Equals
ok 10 - Equals
</system-out>
    <testcase name="Equals (406)" classname="spec_perl_TestExprBytesCmp_t" time="0.000980138778686523" />
    <testcase name="Equals (407)" classname="spec_perl_TestExprBytesCmp_t" time="6.19888305664062e-05" />
    <testcase name="Equals (408)" classname="spec_perl_TestExprBytesCmp_t" time="7.10487365722656e-05" />
    <testcase name="Equals (409)" classname="spec_perl_TestExprBytesCmp_t" time="6.69956207275391e-05" />
    <testcase name="Equals (410)" classname="spec_perl_TestExprBytesCmp_t" time="6.58035278320312e-05" />
    <testcase name="Equals (411)" classname="spec_perl_TestExprBytesCmp_t" time="6.60419464111328e-05" />
    <testcase name="Equals (412)" classname="spec_perl_TestExprBytesCmp_t" time="6.19888305664062e-05" />
    <testcase name="Equals (413)" classname="spec_perl_TestExprBytesCmp_t" time="6.91413879394531e-05" />
    <testcase name="Equals (414)" classname="spec_perl_TestExprBytesCmp_t" time="7.48634338378906e-05" />
    <testcase name="Equals (415)" classname="spec_perl_TestExprBytesCmp_t" time="8.0108642578125e-05" />
  </testsuite>
  <testsuite name="spec_perl_TestFixedStruct_t" errors="0" failures="0" skipped="0" tests="20" time="0.0275349617004395">
    <system-out>1..20
ok 1 - Equals
ok 2 - Equals
ok 3 - Equals
ok 4 - Equals
ok 5 - Equals
ok 6 - Equals
ok 7 - Equals
ok 8 - Equals
ok 9 - Equals
ok 10 - Equals
ok 11 - Equals
ok 12 - Equals
ok 13 - Equals
ok 14 - Equals
ok 15 - Equals
ok 16 - Equals
ok 17 - Equals
ok 18 - Equals
ok 19 - Equals
ok 20 - Equals
</system-out>
    <testcase name="Equals (416)" classname="spec_perl_TestFixedStruct_t" time="0.00105786323547363" />
    <testcase name="Equals (417)" classname="spec_perl_TestFixedStruct_t" time="5.00679016113281e-05" />
    <testcase name="Equals (418)" classname="spec_perl_TestFixedStruct_t" time="6.98566436767578e-05" />
    <testcase name="Equals (419)" classname="spec_perl_TestFixedStruct_t" time="6.41345977783203e-05" />
    <testcase name="Equals (420)" classname="spec_perl_TestFixedStruct_t" time="6.60419464111328e-05" />
    <testcase name="Equals (421)" classname="spec_perl_TestFixedStruct_t" time="6.38961791992188e-05" />
    <testcase name="Equals (422)" classname="spec_perl_TestFixedStruct_t" time="6.29425048828125e-05" />
    <testcase name="Equals (423)" classname="spec_perl_TestFixedStruct_t" time="6.00814819335938e-05" />
    <testcase name="Equals (424)" classname="spec_perl_TestFixedStruct_t" time="6.50882720947266e-05" />
    <testcase name="Equals (425)" classname="spec_perl_TestFixedStruct_t" time="5.48362731933594e-05" />
    <testcase name="Equals (426)" classname="spec_perl_TestFixedStruct_t" time="6.19888305664062e-05" />
    <testcase name="Equals (427)" classname="spec_perl_TestFixedStruct_t" time="6.19888305664062e-05" />
    <testcase name="Equals (428)" classname="spec_perl_TestFixedStruct_t" time="6.103515625e-05" />
    <testcase name="Equals (429)" classname="spec_perl_TestFixedStruct_t" time="6.50882720947266e-05" />
    <testcase name="Equals (430)" classname="spec_perl_TestFixedStruct_t" time="5.50746917724609e-05" />
    <testcase name="Equals (431)" classname="spec_perl_TestFixedStruct_t" time="6.4849853515625e-05" />
    <testcase name="Equals (432)" classname="spec_perl_TestFixedStruct_t" time="6.00814819335938e-05" />
    <testcase name="Equals (433)" classname="spec_perl_TestFixedStruct_t" time="5.29289245605469e-05" />
    <testcase name="Equals (434)" classname="spec_perl_TestFixedStruct_t" time="6.41345977783203e-05" />
    <testcase name="Equals (435)" classname="spec_perl_TestFixedStruct_t" time="6.4849853515625e-05" />
  </testsuite>
  <testsuite name="spec_perl_TestEnumImportLiterals_t" errors="0" failures="0" skipped="0" tests="3" time="0.0270121097564697">
    <system-out>1..3
ok 1 - Equals
ok 2 - Equals
ok 3 - Equals
</system-out>
    <testcase name="Equals (436)" classname="spec_perl_TestEnumImportLiterals_t" time="0.00105404853820801" />
    <testcase name="Equals (437)" classname="spec_perl_TestEnumImportLiterals_t" time="7.48634338378906e-05" />
    <testcase name="Equals (438)" classname="spec_perl_TestEnumImportLiterals_t" time="7.20024108886719e-05" />
  </testsuite>
  <testsuite name="spec_perl_TestProcessCoerceUsertype1_t" errors="0" failures="0" skipped="0" tests="4" time="0.0264699459075928">
    <system-out>1..4
ok 1 - Equals
ok 2 - Equals
ok 3 - Equals
ok 4 - Equals
</system-out>
    <testcase name="Equals (439)" classname="spec_perl_TestProcessCoerceUsertype1_t" time="0.00135612487792969" />
    <testcase name="Equals (440)" classname="spec_perl_TestProcessCoerceUsertype1_t" time="6.29425048828125e-05" />
    <testcase name="Equals (441)" classname="spec_perl_TestProcessCoerceUsertype1_t" time="7.10487365722656e-05" />
    <testcase name="Equals (442)" classname="spec_perl_TestProcessCoerceUsertype1_t" time="6.69956207275391e-05" />
  </testsuite>
  <testsuite name="spec_perl_TestSwitchMultiBoolOps_t" errors="0" failures="0" skipped="0" tests="9" time="0.0265049934387207">
    <system-out>1..9
ok 1 - Equals
ok 2 - Equals
ok 3 - Equals
ok 4 - Equals
ok 5 - Equals
ok 6 - Equals
ok 7 - Equals
ok 8 - Equals
ok 9 - Equals
</system-out>
    <testcase name="Equals (443)" classname="spec_perl_TestSwitchMultiBoolOps_t" time="0.00103020668029785" />
    <testcase name="Equals (444)" classname="spec_perl_TestSwitchMultiBoolOps_t" time="4.98294830322266e-05" />
[...]
    <system-out>1..3
ok 1 - Equals
ok 2 - Equals
ok 3 - Equals
</system-out>
    <testcase name="Equals (939)" classname="spec_perl_TestProcessCoerceSwitch_t" time="0.00124001502990723" />
    <testcase name="Equals (940)" classname="spec_perl_TestProcessCoerceSwitch_t" time="5.00679016113281e-05" />
    <testcase name="Equals (941)" classname="spec_perl_TestProcessCoerceSwitch_t" time="7.08103179931641e-05" />
  </testsuite>
  <testsuite name="spec_perl_TestBitsShiftByB32Le_t" errors="0" failures="0" skipped="0" tests="2" time="0.0257210731506348">
    <system-out>1..2
ok 1 - Equals
ok 2 - Equals
</system-out>
    <testcase name="Equals (942)" classname="spec_perl_TestBitsShiftByB32Le_t" time="0.00100207328796387" />
    <testcase name="Equals (943)" classname="spec_perl_TestBitsShiftByB32Le_t" time="6.60419464111328e-05" />
  </testsuite>
  <testsuite name="spec_perl_TestProcessRepeatUsertype_t" errors="0" failures="0" skipped="0" tests="4" time="0.0264720916748047">
    <system-out>1..4
ok 1 - Equals
ok 2 - Equals
ok 3 - Equals
ok 4 - Equals
</system-out>
    <testcase name="Equals (944)" classname="spec_perl_TestProcessRepeatUsertype_t" time="0.00132894515991211" />
    <testcase name="Equals (945)" classname="spec_perl_TestProcessRepeatUsertype_t" time="5.19752502441406e-05" />
    <testcase name="Equals (946)" classname="spec_perl_TestProcessRepeatUsertype_t" time="6.41345977783203e-05" />
    <testcase name="Equals (947)" classname="spec_perl_TestProcessRepeatUsertype_t" time="6.29425048828125e-05" />
  </testsuite>
  <testsuite name="spec_perl_TestTermStrz_t" errors="0" failures="0" skipped="0" tests="3" time="0.0295591354370117">
    <system-out>1..3
ok 1 - Equals
ok 2 - Equals
ok 3 - Equals
</system-out>
    <testcase name="Equals (948)" classname="spec_perl_TestTermStrz_t" time="0.00117015838623047" />
    <testcase name="Equals (949)" classname="spec_perl_TestTermStrz_t" time="5.48362731933594e-05" />
    <testcase name="Equals (950)" classname="spec_perl_TestTermStrz_t" time="4.41074371337891e-05" />
  </testsuite>
  <testsuite name="spec_perl_TestEnumToI_t" errors="0" failures="0" skipped="0" tests="8" time="0.0263011455535889">
    <system-out>1..8
ok 1 - Equals
ok 2 - Equals
ok 3 - Equals
ok 4 - Equals
ok 5 - Equals
ok 6 - Equals
ok 7 - Equals
ok 8 - Equals
</system-out>
    <testcase name="Equals (951)" classname="spec_perl_TestEnumToI_t" time="0.000990867614746094" />
    <testcase name="Equals (952)" classname="spec_perl_TestEnumToI_t" time="5.10215759277344e-05" />
    <testcase name="Equals (953)" classname="spec_perl_TestEnumToI_t" time="4.31537628173828e-05" />
    <testcase name="Equals (954)" classname="spec_perl_TestEnumToI_t" time="7.58171081542969e-05" />
    <testcase name="Equals (955)" classname="spec_perl_TestEnumToI_t" time="6.22272491455078e-05" />
    <testcase name="Equals (956)" classname="spec_perl_TestEnumToI_t" time="6.89029693603516e-05" />
    <testcase name="Equals (957)" classname="spec_perl_TestEnumToI_t" time="6.69956207275391e-05" />
    <testcase name="Equals (958)" classname="spec_perl_TestEnumToI_t" time="4.41074371337891e-05" />
  </testsuite>
  <testsuite name="spec_perl_TestOpaqueExternalType02Parent_t" errors="0" failures="0" skipped="0" tests="3" time="0.0296459197998047">
    <system-out>1..3
ok 1 - Equals
ok 2 - Equals
ok 3 - Equals
</system-out>
    <testcase name="Equals (959)" classname="spec_perl_TestOpaqueExternalType02Parent_t" time="0.0010988712310791" />
    <testcase name="Equals (960)" classname="spec_perl_TestOpaqueExternalType02Parent_t" time="6.29425048828125e-05" />
    <testcase name="Equals (961)" classname="spec_perl_TestOpaqueExternalType02Parent_t" time="7.00950622558594e-05" />
  </testsuite>
  <testsuite name="spec_perl_TestDefaultEndianExprIsBe_t" errors="0" failures="0" skipped="0" tests="18" time="0.027987003326416">
    <system-out>1..18
ok 1 - Equals
ok 2 - Equals
ok 3 - Equals
ok 4 - Equals
ok 5 - Equals
ok 6 - Equals
ok 7 - Equals
ok 8 - Equals
ok 9 - Equals
ok 10 - Equals
ok 11 - Equals
ok 12 - Equals
ok 13 - Equals
ok 14 - Equals
ok 15 - Equals
ok 16 - Equals
ok 17 - Equals
ok 18 - Equals
</system-out>
    <testcase name="Equals (962)" classname="spec_perl_TestDefaultEndianExprIsBe_t" time="0.00101590156555176" />
    <testcase name="Equals (963)" classname="spec_perl_TestDefaultEndianExprIsBe_t" time="5.19752502441406e-05" />
    <testcase name="Equals (964)" classname="spec_perl_TestDefaultEndianExprIsBe_t" time="7.00950622558594e-05" />
    <testcase name="Equals (965)" classname="spec_perl_TestDefaultEndianExprIsBe_t" time="6.50882720947266e-05" />
    <testcase name="Equals (966)" classname="spec_perl_TestDefaultEndianExprIsBe_t" time="8.58306884765625e-05" />
    <testcase name="Equals (967)" classname="spec_perl_TestDefaultEndianExprIsBe_t" time="8.20159912109375e-05" />
    <testcase name="Equals (968)" classname="spec_perl_TestDefaultEndianExprIsBe_t" time="6.41345977783203e-05" />
    <testcase name="Equals (969)" classname="spec_perl_TestDefaultEndianExprIsBe_t" time="6.38961791992188e-05" />
    <testcase name="Equals (970)" classname="spec_perl_TestDefaultEndianExprIsBe_t" time="6.103515625e-05" />
    <testcase name="Equals (971)" classname="spec_perl_TestDefaultEndianExprIsBe_t" time="6.19888305664062e-05" />
    <testcase name="Equals (972)" classname="spec_perl_TestDefaultEndianExprIsBe_t" time="7.70092010498047e-05" />
    <testcase name="Equals (973)" classname="spec_perl_TestDefaultEndianExprIsBe_t" time="8.29696655273438e-05" />
    <testcase name="Equals (974)" classname="spec_perl_TestDefaultEndianExprIsBe_t" time="5.91278076171875e-05" />
    <testcase name="Equals (975)" classname="spec_perl_TestDefaultEndianExprIsBe_t" time="6.38961791992188e-05" />
    <testcase name="Equals (976)" classname="spec_perl_TestDefaultEndianExprIsBe_t" time="5.60283660888672e-05" />
    <testcase name="Equals (977)" classname="spec_perl_TestDefaultEndianExprIsBe_t" time="6.103515625e-05" />
    <testcase name="Equals (978)" classname="spec_perl_TestDefaultEndianExprIsBe_t" time="7.20024108886719e-05" />
    <testcase name="Equals (979)" classname="spec_perl_TestDefaultEndianExprIsBe_t" time="7.98702239990234e-05" />
  </testsuite>
  <testsuite name="spec_perl_TestExprMod_t" errors="0" failures="0" skipped="0" tests="6" time="0.0263099670410156">
    <system-out>1..6
ok 1 - Equals
ok 2 - Equals
ok 3 - Equals
ok 4 - Equals
ok 5 - Equals
ok 6 - Equals
</system-out>
    <testcase name="Equals (980)" classname="spec_perl_TestExprMod_t" time="0.00099492073059082" />
    <testcase name="Equals (981)" classname="spec_perl_TestExprMod_t" time="5.10215759277344e-05" />
    <testcase name="Equals (982)" classname="spec_perl_TestExprMod_t" time="7.60555267333984e-05" />
    <testcase name="Equals (983)" classname="spec_perl_TestExprMod_t" time="6.79492950439453e-05" />
    <testcase name="Equals (984)" classname="spec_perl_TestExprMod_t" time="6.98566436767578e-05" />
    <testcase name="Equals (985)" classname="spec_perl_TestExprMod_t" time="6.60419464111328e-05" />
  </testsuite>
  <testsuite name="spec_perl_TestSwitchManualEnum_t" errors="0" failures="0" skipped="0" tests="9" time="0.0296881198883057">
    <system-out>1..9
ok 1 - Equals
ok 2 - Equals
ok 3 - Equals
ok 4 - Equals
ok 5 - Equals
ok 6 - Equals
ok 7 - Equals
ok 8 - Equals
ok 9 - Equals
</system-out>
    <testcase name="Equals (986)" classname="spec_perl_TestSwitchManualEnum_t" time="0.00110316276550293" />
    <testcase name="Equals (987)" classname="spec_perl_TestSwitchManualEnum_t" time="5.00679016113281e-05" />
    <testcase name="Equals (988)" classname="spec_perl_TestSwitchManualEnum_t" time="6.79492950439453e-05" />
    <testcase name="Equals (989)" classname="spec_perl_TestSwitchManualEnum_t" time="6.19888305664062e-05" />
    <testcase name="Equals (990)" classname="spec_perl_TestSwitchManualEnum_t" time="4.29153442382812e-05" />
    <testcase name="Equals (991)" classname="spec_perl_TestSwitchManualEnum_t" time="7.39097595214844e-05" />
    <testcase name="Equals (992)" classname="spec_perl_TestSwitchManualEnum_t" time="4.91142272949219e-05" />
    <testcase name="Equals (993)" classname="spec_perl_TestSwitchManualEnum_t" time="5.69820404052734e-05" />
    <testcase name="Equals (994)" classname="spec_perl_TestSwitchManualEnum_t" time="4.1961669921875e-05" />
  </testsuite>
  <testsuite name="spec_perl_TestDefaultEndianMod_t" errors="0" failures="0" skipped="0" tests="3" time="0.0261349678039551">
    <system-out>1..3
ok 1 - Equals
ok 2 - Equals
ok 3 - Equals
</system-out>
    <testcase name="Equals (995)" classname="spec_perl_TestDefaultEndianMod_t" time="0.001068115234375" />
    <testcase name="Equals (996)" classname="spec_perl_TestDefaultEndianMod_t" time="8.392333984375e-05" />
    <testcase name="Equals (997)" classname="spec_perl_TestDefaultEndianMod_t" time="6.19888305664062e-05" />
  </testsuite>
  <testsuite name="spec_perl_TestSwitchBytearray_t" errors="0" failures="0" skipped="0" tests="9" time="0.0299232006072998">
    <system-out>1..9
ok 1 - Equals
ok 2 - Equals
ok 3 - Equals
ok 4 - Equals
ok 5 - Equals
ok 6 - Equals
ok 7 - Equals
ok 8 - Equals
ok 9 - Equals
</system-out>
    <testcase name="Equals (998)" classname="spec_perl_TestSwitchBytearray_t" time="0.00112605094909668" />
    <testcase name="Equals (999)" classname="spec_perl_TestSwitchBytearray_t" time="6.38961791992188e-05" />
    <testcase name="Equals (1000)" classname="spec_perl_TestSwitchBytearray_t" time="5.19752502441406e-05" />
    <testcase name="Equals (1001)" classname="spec_perl_TestSwitchBytearray_t" time="5.69820404052734e-05" />
    <testcase name="Equals (1002)" classname="spec_perl_TestSwitchBytearray_t" time="6.69956207275391e-05" />
    <testcase name="Equals (1003)" classname="spec_perl_TestSwitchBytearray_t" time="6.103515625e-05" />
    <testcase name="Equals (1004)" classname="spec_perl_TestSwitchBytearray_t" time="5.60283660888672e-05" />
    <testcase name="Equals (1005)" classname="spec_perl_TestSwitchBytearray_t" time="6.103515625e-05" />
    <testcase name="Equals (1006)" classname="spec_perl_TestSwitchBytearray_t" time="6.38961791992188e-05" />
  </testsuite>
  <testsuite name="spec_perl_TestNavParent3_t" errors="0" failures="0" skipped="0" tests="10" time="0.0299630165100098">
    <system-out>1..10
ok 1 - Equals
ok 2 - Equals
ok 3 - Equals
ok 4 - Equals
ok 5 - Equals
ok 6 - Equals
ok 7 - Equals
ok 8 - Equals
ok 9 - Equals
ok 10 - Equals
</system-out>
    <testcase name="Equals (1007)" classname="spec_perl_TestNavParent3_t" time="0.00101685523986816" />
    <testcase name="Equals (1008)" classname="spec_perl_TestNavParent3_t" time="4.91142272949219e-05" />
    <testcase name="Equals (1009)" classname="spec_perl_TestNavParent3_t" time="0.000113964080810547" />
    <testcase name="Equals (1010)" classname="spec_perl_TestNavParent3_t" time="6.89029693603516e-05" />
    <testcase name="Equals (1011)" classname="spec_perl_TestNavParent3_t" time="5.7220458984375e-05" />
    <testcase name="Equals (1012)" classname="spec_perl_TestNavParent3_t" time="9.79900360107422e-05" />
    <testcase name="Equals (1013)" classname="spec_perl_TestNavParent3_t" time="7.08103179931641e-05" />
    <testcase name="Equals (1014)" classname="spec_perl_TestNavParent3_t" time="4.41074371337891e-05" />
    <testcase name="Equals (1015)" classname="spec_perl_TestNavParent3_t" time="6.69956207275391e-05" />
    <testcase name="Equals (1016)" classname="spec_perl_TestNavParent3_t" time="8.98838043212891e-05" />
  </testsuite>
  <testsuite name="spec_perl_TestExprStrEncodings_t" errors="0" failures="0" skipped="0" tests="7" time="0.032721996307373">
    <system-out>1..7
ok 1 - Equals
ok 2 - Equals
ok 3 - Equals
ok 4 - Equals
ok 5 - Equals
ok 6 - Equals
ok 7 - Equals
</system-out>
    <testcase name="Equals (1017)" classname="spec_perl_TestExprStrEncodings_t" time="0.00405502319335938" />
    <testcase name="Equals (1018)" classname="spec_perl_TestExprStrEncodings_t" time="6.38961791992188e-05" />
    <testcase name="Equals (1019)" classname="spec_perl_TestExprStrEncodings_t" time="7.82012939453125e-05" />
    <testcase name="Equals (1020)" classname="spec_perl_TestExprStrEncodings_t" time="7.08103179931641e-05" />
    <testcase name="Equals (1021)" classname="spec_perl_TestExprStrEncodings_t" time="6.31809234619141e-05" />
    <testcase name="Equals (1022)" classname="spec_perl_TestExprStrEncodings_t" time="6.4849853515625e-05" />
    <testcase name="Equals (1023)" classname="spec_perl_TestExprStrEncodings_t" time="8.0108642578125e-05" />
  </testsuite>
  <testsuite name="spec_perl_TestParamsPassArrayUsertype_t" errors="0" failures="1" skipped="4" tests="5" time="0.0262961387634277">
    <system-out>1..5
not ok 1 - test_params_pass_array_usertype died (Can't use an undefined value as an ARRAY reference at compiled/perl/ParamsPassArrayUsertype.pm line 123.)
ok 2 # skip test_params_pass_array_usertype died
ok 3 # skip test_params_pass_array_usertype died
ok 4 # skip test_params_pass_array_usertype died
ok 5 # skip test_params_pass_array_usertype died
</system-out>
    <testcase name="test_params_pass_array_usertype died (Can't use an undefined value as an ARRAY reference at compiled/perl/ParamsPassArrayUsertype.pm line 123.) (1023)" classname="spec_perl_TestParamsPassArrayUsertype_t" time="0.00101995468139648">
      <failure message="not ok 1 - test_params_pass_array_usertype died (Can't use an undefined value as an ARRAY reference at compiled/perl/ParamsPassArrayUsertype.pm line 123.)" type="TAP::Parser::Result::Test"></failure>
    </testcase>
    <testcase name="Unnamed test case 1023" classname="spec_perl_TestParamsPassArrayUsertype_t" time="0.000207185745239258">
      <skipped message="ok 2 # skip test_params_pass_array_usertype died" />
    </testcase>
    <testcase name="Unnamed test case 1024" classname="spec_perl_TestParamsPassArrayUsertype_t" time="9.58442687988281e-05">
      <skipped message="ok 3 # skip test_params_pass_array_usertype died" />
    </testcase>
    <testcase name="Unnamed test case 1025" classname="spec_perl_TestParamsPassArrayUsertype_t" time="6.41345977783203e-05">
      <skipped message="ok 4 # skip test_params_pass_array_usertype died" />
    </testcase>
    <testcase name="Unnamed test case 1026" classname="spec_perl_TestParamsPassArrayUsertype_t" time="5.29289245605469e-05">
      <skipped message="ok 5 # skip test_params_pass_array_usertype died" />
    </testcase>
  </testsuite>
  <testsuite name="spec_perl_TestNestedTypes_t" errors="0" failures="0" skipped="0" tests="3" time="0.0262210369110107">
    <system-out>1..3
ok 1 - Equals
ok 2 - Equals
ok 3 - Equals
</system-out>
    <testcase name="Equals (1026)" classname="spec_perl_TestNestedTypes_t" time="0.00104594230651855" />
    <testcase name="Equals (1027)" classname="spec_perl_TestNestedTypes_t" time="5.41210174560547e-05" />
    <testcase name="Equals (1028)" classname="spec_perl_TestNestedTypes_t" time="7.29560852050781e-05" />
  </testsuite>
  <testsuite name="spec_perl_TestDebug0_t" errors="0" failures="0" skipped="1" tests="1" time="0.0262038707733154">
    <system-out>1..1
ok 1 # skip test_debug_0
</system-out>
    <testcase name="Unnamed test case 1028" classname="spec_perl_TestDebug0_t" time="0.000938892364501953">
      <skipped message="ok 1 # skip test_debug_0" />
    </testcase>
  </testsuite>
  <testsuite name="spec_perl_TestBitsByteAligned_t" errors="0" failures="0" skipped="0" tests="9" time="0.0261709690093994">
    <system-out>1..9
ok 1 - Equals
ok 2 - Equals
ok 3 - Equals
ok 4 - Equals
ok 5 - Equals
ok 6 - Equals
ok 7 - Equals
ok 8 - Equals
ok 9 - Equals
</system-out>
    <testcase name="Equals (1029)" classname="spec_perl_TestBitsByteAligned_t" time="0.00100183486938477" />
    <testcase name="Equals (1030)" classname="spec_perl_TestBitsByteAligned_t" time="6.31809234619141e-05" />
    <testcase name="Equals (1031)" classname="spec_perl_TestBitsByteAligned_t" time="6.69956207275391e-05" />
    <testcase name="Equals (1032)" classname="spec_perl_TestBitsByteAligned_t" time="6.38961791992188e-05" />
    <testcase name="Equals (1033)" classname="spec_perl_TestBitsByteAligned_t" time="6.79492950439453e-05" />
    <testcase name="Equals (1034)" classname="spec_perl_TestBitsByteAligned_t" time="6.60419464111328e-05" />
    <testcase name="Equals (1035)" classname="spec_perl_TestBitsByteAligned_t" time="6.29425048828125e-05" />
    <testcase name="Equals (1036)" classname="spec_perl_TestBitsByteAligned_t" time="6.103515625e-05" />
    <testcase name="Equals (1037)" classname="spec_perl_TestBitsByteAligned_t" time="6.19888305664062e-05" />
  </testsuite>
  <testsuite name="spec_perl_TestTypeTernaryOpaque_t" errors="0" failures="0" skipped="0" tests="3" time="0.0296890735626221">
    <system-out>1..3
ok 1 - Equals
ok 2 - Equals
ok 3 - Equals
</system-out>
    <testcase name="Equals (1038)" classname="spec_perl_TestTypeTernaryOpaque_t" time="0.00131702423095703" />
    <testcase name="Equals (1039)" classname="spec_perl_TestTypeTernaryOpaque_t" time="4.98294830322266e-05" />
    <testcase name="Equals (1040)" classname="spec_perl_TestTypeTernaryOpaque_t" time="7.00950622558594e-05" />
  </testsuite>
  <testsuite name="spec_perl_TestNestedTypeParam_t" errors="0" failures="2" skipped="0" tests="2" time="0.0301158428192139">
    <system-out>1..2
not ok 1 - Equals
not ok 2 - Equals
</system-out>
    <testcase name="Equals (1041)" classname="spec_perl_TestNestedTypeParam_t" time="0.0011448860168457">
      <failure message="not ok 1 - Equals" type="TAP::Parser::Result::Test"></failure>
    </testcase>
    <testcase name="Equals (1042)" classname="spec_perl_TestNestedTypeParam_t" time="0.000259160995483398">
      <failure message="not ok 2 - Equals" type="TAP::Parser::Result::Test"></failure>
    </testcase>
  </testsuite>
  <testsuite name="spec_perl_TestImportsParamsDefUsertypeImported_t" errors="0" failures="1" skipped="0" tests="2" time="0.0261099338531494">
    <system-out>1..2
ok 1 - Equals
not ok 2 - test_imports_params_def_usertype_imported died (Can't call method &quot;one&quot; on an undefined value at compiled/perl/ParamsDefUsertypeImported.pm line 43.)
</system-out>
    <testcase name="Equals (1043)" classname="spec_perl_TestImportsParamsDefUsertypeImported_t" time="0.000984907150268555" />
    <testcase name="test_imports_params_def_usertype_imported died (Can't call method &quot;one&quot; on an undefined value at compiled/perl/ParamsDefUsertypeImported.pm line 43.) (1043)" classname="spec_perl_TestImportsParamsDefUsertypeImported_t" time="5.91278076171875e-05">
      <failure message="not ok 2 - test_imports_params_def_usertype_imported died (Can't call method &quot;one&quot; on an undefined value at compiled/perl/ParamsDefUsertypeImported.pm line 43.)" type="TAP::Parser::Result::Test"></failure>
    </testcase>
  </testsuite>
  <testsuite name="spec_perl_TestStrLiterals_t" errors="0" failures="0" skipped="0" tests="5" time="0.0262079238891602">
    <system-out>1..5
ok 1 - Equals
ok 2 - Equals
ok 3 - Equals
ok 4 - Equals
ok 5 - Equals
</system-out>
    <testcase name="Equals (1044)" classname="spec_perl_TestStrLiterals_t" time="0.00100207328796387" />
    <testcase name="Equals (1045)" classname="spec_perl_TestStrLiterals_t" time="5.19752502441406e-05" />
    <testcase name="Equals (1046)" classname="spec_perl_TestStrLiterals_t" time="7.51018524169922e-05" />
    <testcase name="Equals (1047)" classname="spec_perl_TestStrLiterals_t" time="6.79492950439453e-05" />
    <testcase name="Equals (1048)" classname="spec_perl_TestStrLiterals_t" time="7.29560852050781e-05" />
  </testsuite>
  <testsuite name="spec_perl_TestProcessToUser_t" errors="0" failures="0" skipped="0" tests="1" time="0.0303468704223633">
    <system-out>1..1
ok 1 - Equals
</system-out>
    <testcase name="Equals (1049)" classname="spec_perl_TestProcessToUser_t" time="0.0012669563293457" />
  </testsuite>
</testsuites>
