<?xml version='1.0' encoding='utf-8'?>
<testsuites>
  <testsuite name="spec_perl_TestNestedTypes3_t" errors="0" failures="0" skipped="0" tests="5" time="0.0453090667724609">
    <system-out>1..5
ok 1 - Equals
ok 2 - Equals
ok 3 - Equals
ok 4 - Equals
ok 5 - Equals
</system-out>
    <testcase name="Equals" classname="spec_perl_TestNestedTypes3_t" time="0.000265121459960938" />
    <testcase name="Equals (2)" classname="spec_perl_TestNestedTypes3_t" time="9.08374786376953e-05" />
    <testcase name="Equals (3)" classname="spec_perl_TestNestedTypes3_t" time="6.103515625e-05" />
    <testcase name="Equals (4)" classname="spec_perl_TestNestedTypes3_t" time="0.000158071517944336" />
    <testcase name="Equals (5)" classname="spec_perl_TestNestedTypes3_t" time="0.000125885009765625" />
  </testsuite>
  <testsuite name="spec_perl_TestSwitchManualIntSize_t" errors="0" failures="0" skipped="0" tests="10" time="0.0460479259490967">
    <system-out>1..10
ok 1 - Equals
ok 2 - Equals
ok 3 - Equals
ok 4 - Equals
ok 5 - Equals
ok 6 - Equals
ok 7 - Equals
ok 8 - Equals
ok 9 - Equals
ok 10 - Equals
</system-out>
    <testcase name="Equals (6)" classname="spec_perl_TestSwitchManualIntSize_t" time="0.000585079193115234" />
    <testcase name="Equals (7)" classname="spec_perl_TestSwitchManualIntSize_t" time="0.00010991096496582" />
    <testcase name="Equals (8)" classname="spec_perl_TestSwitchManualIntSize_t" time="5.91278076171875e-05" />
    <testcase name="Equals (9)" classname="spec_perl_TestSwitchManualIntSize_t" time="0.000149965286254883" />
    <testcase name="Equals (10)" classname="spec_perl_TestSwitchManualIntSize_t" time="0.000108957290649414" />
    <testcase name="Equals (11)" classname="spec_perl_TestSwitchManualIntSize_t" time="0.000159025192260742" />
    <testcase name="Equals (12)" classname="spec_perl_TestSwitchManualIntSize_t" time="0.000118017196655273" />
    <testcase name="Equals (13)" classname="spec_perl_TestSwitchManualIntSize_t" time="0.000155925750732422" />
    <testcase name="Equals (14)" classname="spec_perl_TestSwitchManualIntSize_t" time="0.0001220703125" />
    <testcase name="Equals (15)" classname="spec_perl_TestSwitchManualIntSize_t" time="0.000147104263305664" />
  </testsuite>
  <testsuite name="spec_perl_TestSwitchManualIntSizeElse_t" errors="0" failures="0" skipped="0" tests="10" time="0.0472249984741211">
    <system-out>1..10
ok 1 - Equals
ok 2 - Equals
ok 3 - Equals
ok 4 - Equals
ok 5 - Equals
ok 6 - Equals
ok 7 - Equals
ok 8 - Equals
ok 9 - Equals
ok 10 - Equals
</system-out>
    <testcase name="Equals (16)" classname="spec_perl_TestSwitchManualIntSizeElse_t" time="0.000627994537353516" />
    <testcase name="Equals (17)" classname="spec_perl_TestSwitchManualIntSizeElse_t" time="9.20295715332031e-05" />
    <testcase name="Equals (18)" classname="spec_perl_TestSwitchManualIntSizeElse_t" time="5.69820404052734e-05" />
    <testcase name="Equals (19)" classname="spec_perl_TestSwitchManualIntSizeElse_t" time="0.000160932540893555" />
    <testcase name="Equals (20)" classname="spec_perl_TestSwitchManualIntSizeElse_t" time="9.20295715332031e-05" />
    <testcase name="Equals (21)" classname="spec_perl_TestSwitchManualIntSizeElse_t" time="0.000198125839233398" />
    <testcase name="Equals (22)" classname="spec_perl_TestSwitchManualIntSizeElse_t" time="0.000100851058959961" />
    <testcase name="Equals (23)" classname="spec_perl_TestSwitchManualIntSizeElse_t" time="0.000146150588989258" />
    <testcase name="Equals (24)" classname="spec_perl_TestSwitchManualIntSizeElse_t" time="0.000114917755126953" />
    <testcase name="Equals (25)" classname="spec_perl_TestSwitchManualIntSizeElse_t" time="0.000149965286254883" />
  </testsuite>
  <testsuite name="spec_perl_TestParamsEnum_t" errors="0" failures="1" skipped="0" tests="2" time="0.0760438442230225">
    <system-out>1..2
ok 1 - Equals
not ok 2 - Equals
</system-out>
    <testcase name="Equals (26)" classname="spec_perl_TestParamsEnum_t" time="0.00018000602722168" />
    <testcase name="Equals (27)" classname="spec_perl_TestParamsEnum_t" time="0.000190019607543945">
      <failure message="not ok 2 - Equals" type="TAP::Parser::Result::Test"></failure>
    </testcase>
  </testsuite>
  <testsuite name="spec_perl_TestStrEos_t" errors="0" failures="0" skipped="0" tests="1" time="0.0460338592529297">
    <system-out>1..1
ok 1 - Equals
</system-out>
    <testcase name="Equals (28)" classname="spec_perl_TestStrEos_t" time="0.000154018402099609" />
  </testsuite>
  <testsuite name="spec_perl_TestIndexToParamEos_t" errors="0" failures="2" skipped="0" tests="7" time="0.0482890605926514">
    <system-out>1..7
ok 1 - Equals
ok 2 - Equals
ok 3 - Equals
ok 4 - Equals
ok 5 - Equals
not ok 6 - Equals
not ok 7 - Equals
</system-out>
    <testcase name="Equals (29)" classname="spec_perl_TestIndexToParamEos_t" time="0.00424003601074219" />
    <testcase name="Equals (30)" classname="spec_perl_TestIndexToParamEos_t" time="0.000102043151855469" />
    <testcase name="Equals (31)" classname="spec_perl_TestIndexToParamEos_t" time="4.60147857666016e-05" />
    <testcase name="Equals (32)" classname="spec_perl_TestIndexToParamEos_t" time="4.38690185546875e-05" />
    <testcase name="Equals (33)" classname="spec_perl_TestIndexToParamEos_t" time="3.814697265625e-05" />
    <testcase name="Equals (34)" classname="spec_perl_TestIndexToParamEos_t" time="5.29289245605469e-05">
      <failure message="not ok 6 - Equals" type="TAP::Parser::Result::Test"></failure>
    </testcase>
    <testcase name="Equals (35)" classname="spec_perl_TestIndexToParamEos_t" time="4.38690185546875e-05">
      <failure message="not ok 7 - Equals" type="TAP::Parser::Result::Test"></failure>
    </testcase>
  </testsuite>
  <testsuite name="spec_perl_TestSwitchManualStrElse_t" errors="0" failures="0" skipped="0" tests="9" time="0.0459010601043701">
    <system-out>1..9
ok 1 - Equals
ok 2 - Equals
ok 3 - Equals
ok 4 - Equals
ok 5 - Equals
ok 6 - Equals
ok 7 - Equals
ok 8 - Equals
ok 9 - Equals
</system-out>
    <testcase name="Equals (36)" classname="spec_perl_TestSwitchManualStrElse_t" time="0.000292062759399414" />
    <testcase name="Equals (37)" classname="spec_perl_TestSwitchManualStrElse_t" time="8.29696655273438e-05" />
    <testcase name="Equals (38)" classname="spec_perl_TestSwitchManualStrElse_t" time="0.000128984451293945" />
    <testcase name="Equals (39)" classname="spec_perl_TestSwitchManualStrElse_t" time="0.000124931335449219" />
    <testcase name="Equals (40)" classname="spec_perl_TestSwitchManualStrElse_t" time="0.000141143798828125" />
    <testcase name="Equals (41)" classname="spec_perl_TestSwitchManualStrElse_t" time="0.00011897087097168" />
    <testcase name="Equals (42)" classname="spec_perl_TestSwitchManualStrElse_t" time="0.000127077102661133" />
    <testcase name="Equals (43)" classname="spec_perl_TestSwitchManualStrElse_t" time="0.00011897087097168" />
    <testcase name="Equals (44)" classname="spec_perl_TestSwitchManualStrElse_t" time="0.000157833099365234" />
  </testsuite>
  <testsuite name="spec_perl_TestParamsPassUsertype_t" errors="0" failures="1" skipped="1" tests="2" time="0.0490179061889648">
    <system-out>1..2
not ok 1 - test_params_pass_usertype died (Can't call method &quot;foo&quot; on an undefined value at compiled/perl/ParamsPassUsertype.pm line 119.)
ok 2 # skip test_params_pass_usertype died
</system-out>
    <testcase name="test_params_pass_usertype died (Can't call method &quot;foo&quot; on an undefined value at compiled/perl/ParamsPassUsertype.pm line 119.) (44)" classname="spec_perl_TestParamsPassUsertype_t" time="0.00029301643371582">
      <failure message="not ok 1 - test_params_pass_usertype died (Can't call method &quot;foo&quot; on an undefined value at compiled/perl/ParamsPassUsertype.pm line 119.)" type="TAP::Parser::Result::Test"></failure>
    </testcase>
    <testcase name="Unnamed test case 44" classname="spec_perl_TestParamsPassUsertype_t" time="0.000396966934204102">
      <skipped message="ok 2 # skip test_params_pass_usertype died" />
    </testcase>
  </testsuite>
  <testsuite name="spec_perl_TestRepeatEosStruct_t" errors="0" failures="0" skipped="0" tests="5" time="0.0467040538787842">
    <system-out>1..5
ok 1 - Equals
ok 2 - Equals
ok 3 - Equals
ok 4 - Equals
ok 5 - Equals
</system-out>
    <testcase name="Equals (45)" classname="spec_perl_TestRepeatEosStruct_t" time="0.000216007232666016" />
    <testcase name="Equals (46)" classname="spec_perl_TestRepeatEosStruct_t" time="7.79628753662109e-05" />
    <testcase name="Equals (47)" classname="spec_perl_TestRepeatEosStruct_t" time="0.000152111053466797" />
    <testcase name="Equals (48)" classname="spec_perl_TestRepeatEosStruct_t" time="0.000116825103759766" />
    <testcase name="Equals (49)" classname="spec_perl_TestRepeatEosStruct_t" time="0.000133991241455078" />
  </testsuite>
  <testsuite name="spec_perl_TestPositionToEnd_t" errors="0" failures="0" skipped="0" tests="2" time="0.0439438819885254">
    <system-out>1..2
ok 1 - Equals
ok 2 - Equals
</system-out>
    <testcase name="Equals (50)" classname="spec_perl_TestPositionToEnd_t" time="0.000240087509155273" />
    <testcase name="Equals (51)" classname="spec_perl_TestPositionToEnd_t" time="7.48634338378906e-05" />
  </testsuite>
  <testsuite name="spec_perl_TestNestedTypes_t" errors="0" failures="0" skipped="0" tests="3" time="0.0450358390808105">
    <system-out>1..3
ok 1 - Equals
ok 2 - Equals
ok 3 - Equals
</system-out>
    <testcase name="Equals (52)" classname="spec_perl_TestNestedTypes_t" time="0.000237941741943359" />
    <testcase name="Equals (53)" classname="spec_perl_TestNestedTypes_t" time="7.82012939453125e-05" />
    <testcase name="Equals (54)" classname="spec_perl_TestNestedTypes_t" time="0.000130891799926758" />
  </testsuite>
  <testsuite name="spec_perl_TestSwitchIntegers2_t" errors="0" failures="0" skipped="0" tests="5" time="0.042773962020874">
    <system-out>1..5
ok 1 - Equals
ok 2 - Equals
ok 3 - Equals
ok 4 - Equals
ok 5 - Equals
</system-out>
    <testcase name="Equals (55)" classname="spec_perl_TestSwitchIntegers2_t" time="0.000205039978027344" />
    <testcase name="Equals (56)" classname="spec_perl_TestSwitchIntegers2_t" time="7.20024108886719e-05" />
    <testcase name="Equals (57)" classname="spec_perl_TestSwitchIntegers2_t" time="0.000154018402099609" />
    <testcase name="Equals (58)" classname="spec_perl_TestSwitchIntegers2_t" time="9.79900360107422e-05" />
    <testcase name="Equals (59)" classname="spec_perl_TestSwitchIntegers2_t" time="0.000162839889526367" />
  </testsuite>
  <testsuite name="spec_perl_TestDebugSwitchUser_t" errors="1" failures="0" skipped="0" tests="0" time="0.0500550270080566">
    <system-out></system-out>
    <testcase name="Test died too soon, even before plan. (59)" classname="spec_perl_TestDebugSwitchUser_t" time="0.0500550270080566">
      <failure message="The test suite died before a plan was produced. You need to have a plan." type="Plan">No plan</failure>
    </testcase>
  </testsuite>
  <testsuite name="spec_perl_TestStrLiterals2_t" errors="0" failures="0" skipped="0" tests="4" time="0.043489933013916">
    <system-out>1..4
ok 1 - Equals
ok 2 - Equals
ok 3 - Equals
ok 4 - Equals
</system-out>
    <testcase name="Equals (60)" classname="spec_perl_TestStrLiterals2_t" time="0.000250101089477539" />
    <testcase name="Equals (61)" classname="spec_perl_TestStrLiterals2_t" time="0.000104904174804688" />
    <testcase name="Equals (62)" classname="spec_perl_TestStrLiterals2_t" time="0.000167131423950195" />
    <testcase name="Equals (63)" classname="spec_perl_TestStrLiterals2_t" time="0.000145912170410156" />
  </testsuite>
  <testsuite name="spec_perl_TestExprStrOps_t" errors="1" failures="0" skipped="0" tests="0" time="0.0407578945159912">
    <system-out></system-out>
    <testcase name="Test died too soon, even before plan. (63)" classname="spec_perl_TestExprStrOps_t" time="0.0407578945159912">
      <failure message="The test suite died before a plan was produced. You need to have a plan." type="Plan">No plan</failure>
    </testcase>
  </testsuite>
  <testsuite name="spec_perl_TestStrCombine_t" errors="0" failures="0" skipped="0" tests="15" time="0.0461828708648682">
    <system-out>1..15
ok 1 - Equals
ok 2 - Equals
ok 3 - Equals
ok 4 - Equals
ok 5 - Equals
ok 6 - Equals
ok 7 - Equals
ok 8 - Equals
ok 9 - Equals
ok 10 - Equals
ok 11 - Equals
ok 12 - Equals
ok 13 - Equals
ok 14 - Equals
ok 15 - Equals
</system-out>
    <testcase name="Equals (64)" classname="spec_perl_TestStrCombine_t" time="0.000221014022827148" />
    <testcase name="Equals (65)" classname="spec_perl_TestStrCombine_t" time="7.29560852050781e-05" />
    <testcase name="Equals (66)" classname="spec_perl_TestStrCombine_t" time="0.000128984451293945" />
    <testcase name="Equals (67)" classname="spec_perl_TestStrCombine_t" time="0.000127077102661133" />
    <testcase name="Equals (68)" classname="spec_perl_TestStrCombine_t" time="0.000150918960571289" />
    <testcase name="Equals (69)" classname="spec_perl_TestStrCombine_t" time="0.000135183334350586" />
    <testcase name="Equals (70)" classname="spec_perl_TestStrCombine_t" time="0.000151872634887695" />
    <testcase name="Equals (71)" classname="spec_perl_TestStrCombine_t" time="0.00011897087097168" />
    <testcase name="Equals (72)" classname="spec_perl_TestStrCombine_t" time="0.000120162963867188" />
    <testcase name="Equals (73)" classname="spec_perl_TestStrCombine_t" time="0.00014185905456543" />
    <testcase name="Equals (74)" classname="spec_perl_TestStrCombine_t" time="0.000121116638183594" />
    <testcase name="Equals (75)" classname="spec_perl_TestStrCombine_t" time="0.00014495849609375" />
    <testcase name="Equals (76)" classname="spec_perl_TestStrCombine_t" time="0.000149965286254883" />
    <testcase name="Equals (77)" classname="spec_perl_TestStrCombine_t" time="0.000116109848022461" />
    <testcase name="Equals (78)" classname="spec_perl_TestStrCombine_t" time="0.00014495849609375" />
  </testsuite>
  <testsuite name="spec_perl_TestNavParentFalse2_t" errors="0" failures="0" skipped="0" tests="1" time="0.0419211387634277">
    <system-out>1..1
ok 1 - Equals
</system-out>
    <testcase name="Equals (79)" classname="spec_perl_TestNavParentFalse2_t" time="0.000194787979125977" />
  </testsuite>
  <testsuite name="spec_perl_TestExprSizeofType0_t" errors="0" failures="0" skipped="0" tests="1" time="0.0417730808258057">
    <system-out>1..1
ok 1 - Equals
</system-out>
    <testcase name="Equals (80)" classname="spec_perl_TestExprSizeofType0_t" time="0.000206947326660156" />
  </testsuite>
  <testsuite name="spec_perl_TestDefaultEndianMod_t" errors="0" failures="0" skipped="0" tests="3" time="0.0422019958496094">
    <system-out>1..3
ok 1 - Equals
ok 2 - Equals
ok 3 - Equals
</system-out>
    <testcase name="Equals (81)" classname="spec_perl_TestDefaultEndianMod_t" time="0.000230073928833008" />
    <testcase name="Equals (82)" classname="spec_perl_TestDefaultEndianMod_t" time="7.51018524169922e-05" />
    <testcase name="Equals (83)" classname="spec_perl_TestDefaultEndianMod_t" time="0.000139951705932617" />
  </testsuite>
  <testsuite name="spec_perl_TestUserType_t" errors="0" failures="0" skipped="0" tests="2" time="0.0437300205230713">
    <system-out>1..2
ok 1 - Equals
ok 2 - Equals
</system-out>
    <testcase name="Equals (84)" classname="spec_perl_TestUserType_t" time="0.000244855880737305" />
    <testcase name="Equals (85)" classname="spec_perl_TestUserType_t" time="8.29696655273438e-05" />
  </testsuite>
  <testsuite name="spec_perl_TestBitsEnum_t" errors="0" failures="0" skipped="0" tests="3" time="0.0421268939971924">
    <system-out>1..3
ok 1 - Equals
ok 2 - Equals
ok 3 - Equals
</system-out>
    <testcase name="Equals (86)" classname="spec_perl_TestBitsEnum_t" time="0.000235080718994141" />
    <testcase name="Equals (87)" classname="spec_perl_TestBitsEnum_t" time="7.48634338378906e-05" />
    <testcase name="Equals (88)" classname="spec_perl_TestBitsEnum_t" time="0.000152111053466797" />
  </testsuite>
  <testsuite name="spec_perl_TestDocstrings_t" errors="0" failures="0" skipped="1" tests="1" time="0.0437309741973877">
    <system-out>1..1
ok 1 # skip Docstrings=HASH(0x2651d18)
</system-out>
    <testcase name="Unnamed test case 88" classname="spec_perl_TestDocstrings_t" time="0.0011742115020752">
      <skipped message="ok 1 # skip Docstrings=HASH(0x2651d18)" />
    </testcase>
  </testsuite>
  <testsuite name="spec_perl_TestProcessRepeatBytes_t" errors="0" failures="0" skipped="0" tests="2" time="0.0447928905487061">
    <system-out>1..2
ok 1 - Equals
ok 2 - Equals
</system-out>
    <testcase name="Equals (89)" classname="spec_perl_TestProcessRepeatBytes_t" time="0.000230073928833008" />
    <testcase name="Equals (90)" classname="spec_perl_TestProcessRepeatBytes_t" time="7.39097595214844e-05" />
  </testsuite>
  <testsuite name="spec_perl_TestExpr3_t" errors="0" failures="0" skipped="0" tests="12" time="0.0463521480560303">
    <system-out>1..12
ok 1 - Equals
ok 2 - Equals
ok 3 - Equals
ok 4 - Equals
ok 5 - Equals
ok 6 - Equals
ok 7 - Equals
ok 8 - Equals
ok 9 - Equals
ok 10 - Equals
ok 11 - Equals
ok 12 - Equals
</system-out>
    <testcase name="Equals (91)" classname="spec_perl_TestExpr3_t" time="0.000191926956176758" />
    <testcase name="Equals (92)" classname="spec_perl_TestExpr3_t" time="8.70227813720703e-05" />
    <testcase name="Equals (93)" classname="spec_perl_TestExpr3_t" time="0.00014185905456543" />
    <testcase name="Equals (94)" classname="spec_perl_TestExpr3_t" time="0.000159025192260742" />
    <testcase name="Equals (95)" classname="spec_perl_TestExpr3_t" time="0.000132083892822266" />
    <testcase name="Equals (96)" classname="spec_perl_TestExpr3_t" time="0.000113010406494141" />
    <testcase name="Equals (97)" classname="spec_perl_TestExpr3_t" time="0.000139951705932617" />
    <testcase name="Equals (98)" classname="spec_perl_TestExpr3_t" time="0.000121116638183594" />
    <testcase name="Equals (99)" classname="spec_perl_TestExpr3_t" time="0.000126838684082031" />
    <testcase name="Equals (100)" classname="spec_perl_TestExpr3_t" time="0.000145196914672852" />
    <testcase name="Equals (101)" classname="spec_perl_TestExpr3_t" time="0.000114917755126953" />
    <testcase name="Equals (102)" classname="spec_perl_TestExpr3_t" time="0.00014185905456543" />
  </testsuite>
  <testsuite name="spec_perl_TestFloatToI_t" errors="0" failures="0" skipped="0" tests="8" time="0.0424540042877197">
    <system-out>1..8
ok 1 - Equals
ok 2 - Equals
ok 3 - Equals
ok 4 - Equals
ok 5 - Equals
ok 6 - Equals
ok 7 - Equals
ok 8 - Equals
</system-out>
    <testcase name="Equals (103)" classname="spec_perl_TestFloatToI_t" time="0.000199079513549805" />
    <testcase name="Equals (104)" classname="spec_perl_TestFloatToI_t" time="7.79628753662109e-05" />
    <testcase name="Equals (105)" classname="spec_perl_TestFloatToI_t" time="0.000149965286254883" />
    <testcase name="Equals (106)" classname="spec_perl_TestFloatToI_t" time="0.000117063522338867" />
    <testcase name="Equals (107)" classname="spec_perl_TestFloatToI_t" time="0.000129938125610352" />
    <testcase name="Equals (108)" classname="spec_perl_TestFloatToI_t" time="0.000116109848022461" />
    <testcase name="Equals (109)" classname="spec_perl_TestFloatToI_t" time="0.000144004821777344" />
    <testcase name="Equals (110)" classname="spec_perl_TestFloatToI_t" time="0.000110864639282227" />
  </testsuite>
  <testsuite name="spec_perl_TestRepeatUntilComplex_t" errors="0" failures="0" skipped="0" tests="17" time="0.0437560081481934">
    <system-out>1..17
ok 1 - Equals
ok 2 - Equals
ok 3 - Equals
ok 4 - Equals
ok 5 - Equals
ok 6 - Equals
ok 7 - Equals
ok 8 - Equals
ok 9 - Equals
ok 10 - Equals
ok 11 - Equals
ok 12 - Equals
ok 13 - Equals
ok 14 - Equals
ok 15 - Equals
ok 16 - Equals
ok 17 - Equals
</system-out>
    <testcase name="Equals (111)" classname="spec_perl_TestRepeatUntilComplex_t" time="0.000344991683959961" />
    <testcase name="Equals (112)" classname="spec_perl_TestRepeatUntilComplex_t" time="0.000105857849121094" />
    <testcase name="Equals (113)" classname="spec_perl_TestRepeatUntilComplex_t" time="6.50882720947266e-05" />
    <testcase name="Equals (114)" classname="spec_perl_TestRepeatUntilComplex_t" time="0.000127077102661133" />
    <testcase name="Equals (115)" classname="spec_perl_TestRepeatUntilComplex_t" time="0.000133991241455078" />
    <testcase name="Equals (116)" classname="spec_perl_TestRepeatUntilComplex_t" time="0.000116825103759766" />
    <testcase name="Equals (117)" classname="spec_perl_TestRepeatUntilComplex_t" time="9.79900360107422e-05" />
    <testcase name="Equals (118)" classname="spec_perl_TestRepeatUntilComplex_t" time="0.000151157379150391" />
    <testcase name="Equals (119)" classname="spec_perl_TestRepeatUntilComplex_t" time="0.000114917755126953" />
    <testcase name="Equals (120)" classname="spec_perl_TestRepeatUntilComplex_t" time="0.000160932540893555" />
    <testcase name="Equals (121)" classname="spec_perl_TestRepeatUntilComplex_t" time="0.000113964080810547" />
    <testcase name="Equals (122)" classname="spec_perl_TestRepeatUntilComplex_t" time="0.000143051147460938" />
    <testcase name="Equals (123)" classname="spec_perl_TestRepeatUntilComplex_t" time="0.000128984451293945" />
    <testcase name="Equals (124)" classname="spec_perl_TestRepeatUntilComplex_t" time="0.0001220703125" />
    <testcase name="Equals (125)" classname="spec_perl_TestRepeatUntilComplex_t" time="0.000168085098266602" />
    <testcase name="Equals (126)" classname="spec_perl_TestRepeatUntilComplex_t" time="7.20024108886719e-05" />
    <testcase name="Equals (127)" classname="spec_perl_TestRepeatUntilComplex_t" time="0.000105857849121094" />
  </testsuite>
  <testsuite name="spec_perl_TestFloatingPoints_t" errors="0" failures="0" skipped="0" tests="8" time="0.0476779937744141">
    <system-out>1..8
ok 1 - Approx equals
ok 2 - Approx equals
ok 3 - Approx equals
ok 4 - Approx equals
ok 5 - Approx equals
ok 6 - Approx equals
ok 7 - Approx equals
ok 8 - Approx equals
</system-out>
    <testcase name="Approx equals (127)" classname="spec_perl_TestFloatingPoints_t" time="0.00015711784362793" />
    <testcase name="Approx equals (128)" classname="spec_perl_TestFloatingPoints_t" time="5.29289245605469e-05" />
    <testcase name="Approx equals (129)" classname="spec_perl_TestFloatingPoints_t" time="5.91278076171875e-05" />
    <testcase name="Approx equals (130)" classname="spec_perl_TestFloatingPoints_t" time="4.1961669921875e-05" />
    <testcase name="Approx equals (131)" classname="spec_perl_TestFloatingPoints_t" time="4.1961669921875e-05" />
    <testcase name="Approx equals (132)" classname="spec_perl_TestFloatingPoints_t" time="3.79085540771484e-05" />
    <testcase name="Approx equals (133)" classname="spec_perl_TestFloatingPoints_t" time="5.31673431396484e-05" />
    <testcase name="Approx equals (134)" classname="spec_perl_TestFloatingPoints_t" time="3.88622283935547e-05" />
  </testsuite>
  <testsuite name="spec_perl_TestProcessCustomNoArgs_t" errors="1" failures="0" skipped="0" tests="0" time="0.045644998550415">
    <system-out></system-out>
    <testcase name="Test died too soon, even before plan. (134)" classname="spec_perl_TestProcessCustomNoArgs_t" time="0.045644998550415">
      <failure message="The test suite died before a plan was produced. You need to have a plan." type="Plan">No plan</failure>
    </testcase>
  </testsuite>
  <testsuite name="spec_perl_TestProcessXorConst_t" errors="0" failures="0" skipped="0" tests="2" time="0.0421440601348877">
    <system-out>1..2
ok 1 - Equals
ok 2 - Equals
</system-out>
    <testcase name="Equals (134)" classname="spec_perl_TestProcessXorConst_t" time="0.000236034393310547" />
    <testcase name="Equals (135)" classname="spec_perl_TestProcessXorConst_t" time="9.10758972167969e-05" />
  </testsuite>
  <testsuite name="spec_perl_TestIoLocalVar_t" errors="0" failures="0" skipped="0" tests="2" time="0.0420839786529541">
    <system-out>1..2
ok 1 - Equals
ok 2 - Equals
</system-out>
    <testcase name="Equals (136)" classname="spec_perl_TestIoLocalVar_t" time="0.000460147857666016" />
    <testcase name="Equals (137)" classname="spec_perl_TestIoLocalVar_t" time="8.98838043212891e-05" />
  </testsuite>
  <testsuite name="spec_perl_TestTypeTernaryOpaque_t" errors="0" failures="0" skipped="0" tests="3" time="0.0476160049438477">
    <system-out>1..3
ok 1 - Equals
ok 2 - Equals
ok 3 - Equals
</system-out>
    <testcase name="Equals (138)" classname="spec_perl_TestTypeTernaryOpaque_t" time="0.000615835189819336" />
    <testcase name="Equals (139)" classname="spec_perl_TestTypeTernaryOpaque_t" time="0.000100135803222656" />
    <testcase name="Equals (140)" classname="spec_perl_TestTypeTernaryOpaque_t" time="4.60147857666016e-05" />
  </testsuite>
  <testsuite name="spec_perl_TestSwitchRepeatExpr_t" errors="0" failures="0" skipped="0" tests="3" time="0.0425281524658203">
    <system-out>1..3
ok 1 - Equals
ok 2 - Equals
ok 3 - Equals
</system-out>
    <testcase name="Equals (141)" classname="spec_perl_TestSwitchRepeatExpr_t" time="0.000443935394287109" />
    <testcase name="Equals (142)" classname="spec_perl_TestSwitchRepeatExpr_t" time="8.89301300048828e-05" />
    <testcase name="Equals (143)" classname="spec_perl_TestSwitchRepeatExpr_t" time="5.79357147216797e-05" />
  </testsuite>
  <testsuite name="spec_perl_TestMetaXref_t" errors="0" failures="0" skipped="1" tests="1" time="0.0425140857696533">
    <system-out>1..1
ok 1 # skip MetaXref=HASH(0x20b1c70)
</system-out>
    <testcase name="Unnamed test case 143" classname="spec_perl_TestMetaXref_t" time="0.00115585327148438">
      <skipped message="ok 1 # skip MetaXref=HASH(0x20b1c70)" />
    </testcase>
  </testsuite>
  <testsuite name="spec_perl_TestEnumToIClassBorder1_t" errors="0" failures="1" skipped="0" tests="3" time="0.0442690849304199">
    <system-out>1..3
ok 1 - Equals
ok 2 - Equals
not ok 3 - test_enum_to_i_class_border_1 died (Can't call method &quot;some_dog&quot; on an undefined value at compiled/perl/EnumToIClassBorder2.pm line 42.)
</system-out>
    <testcase name="Equals (144)" classname="spec_perl_TestEnumToIClassBorder1_t" time="0.00014805793762207" />
    <testcase name="Equals (145)" classname="spec_perl_TestEnumToIClassBorder1_t" time="0.000124931335449219" />
    <testcase name="test_enum_to_i_class_border_1 died (Can't call method &quot;some_dog&quot; on an undefined value at compiled/perl/EnumToIClassBorder2.pm line 42.) (145)" classname="spec_perl_TestEnumToIClassBorder1_t" time="0.000232934951782227">
      <failure message="not ok 3 - test_enum_to_i_class_border_1 died (Can't call method &quot;some_dog&quot; on an undefined value at compiled/perl/EnumToIClassBorder2.pm line 42.)" type="TAP::Parser::Result::Test"></failure>
    </testcase>
  </testsuite>
  <testsuite name="spec_perl_TestSwitchManualStr_t" errors="0" failures="0" skipped="0" tests="9" time="0.0462460517883301">
    <system-out>1..9
ok 1 - Equals
ok 2 - Equals
ok 3 - Equals
ok 4 - Equals
ok 5 - Equals
ok 6 - Equals
ok 7 - Equals
ok 8 - Equals
ok 9 - Equals
</system-out>
    <testcase name="Equals (146)" classname="spec_perl_TestSwitchManualStr_t" time="0.000306844711303711" />
    <testcase name="Equals (147)" classname="spec_perl_TestSwitchManualStr_t" time="8.51154327392578e-05" />
    <testcase name="Equals (148)" classname="spec_perl_TestSwitchManualStr_t" time="0.000121116638183594" />
    <testcase name="Equals (149)" classname="spec_perl_TestSwitchManualStr_t" time="0.000128984451293945" />
    <testcase name="Equals (150)" classname="spec_perl_TestSwitchManualStr_t" time="0.00014495849609375" />
    <testcase name="Equals (151)" classname="spec_perl_TestSwitchManualStr_t" time="0.000125885009765625" />
    <testcase name="Equals (152)" classname="spec_perl_TestSwitchManualStr_t" time="0.000123023986816406" />
    <testcase name="Equals (153)" classname="spec_perl_TestSwitchManualStr_t" time="0.000126123428344727" />
    <testcase name="Equals (154)" classname="spec_perl_TestSwitchManualStr_t" time="0.00014185905456543" />
  </testsuite>
  <testsuite name="spec_perl_TestNestedSameName_t" errors="0" failures="0" skipped="0" tests="2" time="0.0434119701385498">
    <system-out>1..2
ok 1 - Equals
ok 2 - Equals
</system-out>
    <testcase name="Equals (155)" classname="spec_perl_TestNestedSameName_t" time="0.000267982482910156" />
    <testcase name="Equals (156)" classname="spec_perl_TestNestedSameName_t" time="8.08238983154297e-05" />
  </testsuite>
  <testsuite name="spec_perl_TestSwitchManualIntElse_t" errors="0" failures="0" skipped="0" tests="9" time="0.0460681915283203">
    <system-out>1..9
ok 1 - Equals
ok 2 - Equals
ok 3 - Equals
ok 4 - Equals
ok 5 - Equals
ok 6 - Equals
ok 7 - Equals
ok 8 - Equals
ok 9 - Equals
</system-out>
    <testcase name="Equals (157)" classname="spec_perl_TestSwitchManualIntElse_t" time="0.000288009643554688" />
    <testcase name="Equals (158)" classname="spec_perl_TestSwitchManualIntElse_t" time="8.89301300048828e-05" />
    <testcase name="Equals (159)" classname="spec_perl_TestSwitchManualIntElse_t" time="8.20159912109375e-05" />
    <testcase name="Equals (160)" classname="spec_perl_TestSwitchManualIntElse_t" time="0.000155925750732422" />
    <testcase name="Equals (161)" classname="spec_perl_TestSwitchManualIntElse_t" time="0.00011897087097168" />
    <testcase name="Equals (162)" classname="spec_perl_TestSwitchManualIntElse_t" time="0.000133991241455078" />
    <testcase name="Equals (163)" classname="spec_perl_TestSwitchManualIntElse_t" time="0.000113010406494141" />
    <testcase name="Equals (164)" classname="spec_perl_TestSwitchManualIntElse_t" time="0.000151157379150391" />
    <testcase name="Equals (165)" classname="spec_perl_TestSwitchManualIntElse_t" time="0.000125885009765625" />
  </testsuite>
  <testsuite name="spec_perl_TestBcdUserTypeLe_t" errors="0" failures="0" skipped="0" tests="6" time="0.0439689159393311">
    <system-out>1..6
ok 1 - Equals
ok 2 - Equals
ok 3 - Equals
ok 4 - Equals
ok 5 - Equals
ok 6 - Equals
</system-out>
    <testcase name="Equals (166)" classname="spec_perl_TestBcdUserTypeLe_t" time="0.000532150268554688" />
    <testcase name="Equals (167)" classname="spec_perl_TestBcdUserTypeLe_t" time="0.0001068115234375" />
    <testcase name="Equals (168)" classname="spec_perl_TestBcdUserTypeLe_t" time="6.00814819335938e-05" />
    <testcase name="Equals (169)" classname="spec_perl_TestBcdUserTypeLe_t" time="0.000339984893798828" />
    <testcase name="Equals (170)" classname="spec_perl_TestBcdUserTypeLe_t" time="0.000114917755126953" />
    <testcase name="Equals (171)" classname="spec_perl_TestBcdUserTypeLe_t" time="0.000158071517944336" />
  </testsuite>
  <testsuite name="spec_perl_TestPositionInSeq_t" errors="0" failures="0" skipped="0" tests="1" time="0.0432021617889404">
    <system-out>1..1
ok 1 - Equals
</system-out>
    <testcase name="Equals (172)" classname="spec_perl_TestPositionInSeq_t" time="0.000226974487304688" />
  </testsuite>
  <testsuite name="spec_perl_TestMultipleUse_t" errors="0" failures="0" skipped="0" tests="2" time="0.0428788661956787">
    <system-out>1..2
ok 1 - Equals
ok 2 - Equals
</system-out>
    <testcase name="Equals (173)" classname="spec_perl_TestMultipleUse_t" time="0.000227928161621094" />
    <testcase name="Equals (174)" classname="spec_perl_TestMultipleUse_t" time="9.20295715332031e-05" />
  </testsuite>
  <testsuite name="spec_perl_TestSwitchElseOnly_t" errors="1" failures="0" skipped="0" tests="0" time="0.0514869689941406">
    <system-out></system-out>
    <testcase name="Test died too soon, even before plan. (174)" classname="spec_perl_TestSwitchElseOnly_t" time="0.0514869689941406">
      <failure message="The test suite died before a plan was produced. You need to have a plan." type="Plan">No plan</failure>
    </testcase>
  </testsuite>
  <testsuite name="spec_perl_TestProcessXor4Value_t" errors="0" failures="0" skipped="0" tests="2" time="0.0414679050445557">
    <system-out>1..2
ok 1 - Equals
ok 2 - Equals
</system-out>
    <testcase name="Equals (175)" classname="spec_perl_TestProcessXor4Value_t" time="0.000237941741943359" />
    <testcase name="Equals (176)" classname="spec_perl_TestProcessXor4Value_t" time="7.82012939453125e-05" />
  </testsuite>
  <testsuite name="spec_perl_TestMetaTags_t" errors="0" failures="0" skipped="1" tests="1" time="0.0424990653991699">
    <system-out>1..1
ok 1 # skip MetaTags=HASH(0x2277688)
</system-out>
    <testcase name="Unnamed test case 176" classname="spec_perl_TestMetaTags_t" time="0.00117993354797363">
      <skipped message="ok 1 # skip MetaTags=HASH(0x2277688)" />
    </testcase>
  </testsuite>
  <testsuite name="spec_perl_TestStrEncodingsDefault_t" errors="0" failures="0" skipped="0" tests="4" time="0.047813892364502">
    <system-out>1..4
ok 1 - Equals
ok 2 - Equals
ok 3 - Equals
ok 4 - Equals
</system-out>
    <testcase name="Equals (177)" classname="spec_perl_TestStrEncodingsDefault_t" time="0.00326204299926758" />
    <testcase name="Equals (178)" classname="spec_perl_TestStrEncodingsDefault_t" time="0.000100851058959961" />
    <testcase name="Equals (179)" classname="spec_perl_TestStrEncodingsDefault_t" time="4.81605529785156e-05" />
    <testcase name="Equals (180)" classname="spec_perl_TestStrEncodingsDefault_t" time="0.000111818313598633" />
  </testsuite>
  <testsuite name="spec_perl_TestStrEncodings_t" errors="0" failures="0" skipped="0" tests="4" time="0.0644519329071045">
    <system-out>1..4
ok 1 - Equals
ok 2 - Equals
ok 3 - Equals
ok 4 - Equals
</system-out>
    <testcase name="Equals (181)" classname="spec_perl_TestStrEncodings_t" time="0.019970178604126" />
    <testcase name="Equals (182)" classname="spec_perl_TestStrEncodings_t" time="0.0001068115234375" />
    <testcase name="Equals (183)" classname="spec_perl_TestStrEncodings_t" time="5.91278076171875e-05" />
    <testcase name="Equals (184)" classname="spec_perl_TestStrEncodings_t" time="0.000174999237060547" />
  </testsuite>
  <testsuite name="spec_perl_TestExprEnum_t" errors="0" failures="0" skipped="0" tests="3" time="0.073840856552124">
    <system-out>1..3
ok 1 - Equals
ok 2 - Equals
ok 3 - Equals
</system-out>
    <testcase name="Equals (185)" classname="spec_perl_TestExprEnum_t" time="0.000200986862182617" />
    <testcase name="Equals (186)" classname="spec_perl_TestExprEnum_t" time="7.08103179931641e-05" />
    <testcase name="Equals (187)" classname="spec_perl_TestExprEnum_t" time="0.000146150588989258" />
  </testsuite>
  <testsuite name="spec_perl_TestEnumIf_t" errors="0" failures="0" skipped="0" tests="7" time="0.0458569526672363">
    <system-out>1..7
ok 1 - Equals
ok 2 - Equals
ok 3 - Equals
ok 4 - Equals
ok 5 - Equals
ok 6 - Equals
ok 7 - Equals
</system-out>
    <testcase name="Equals (188)" classname="spec_perl_TestEnumIf_t" time="0.000332832336425781" />
    <testcase name="Equals (189)" classname="spec_perl_TestEnumIf_t" time="8.32080841064453e-05" />
    <testcase name="Equals (190)" classname="spec_perl_TestEnumIf_t" time="0.0001068115234375" />
    <testcase name="Equals (191)" classname="spec_perl_TestEnumIf_t" time="0.000140190124511719" />
    <testcase name="Equals (192)" classname="spec_perl_TestEnumIf_t" time="0.00014185905456543" />
    <testcase name="Equals (193)" classname="spec_perl_TestEnumIf_t" time="0.000113964080810547" />
    <testcase name="Equals (194)" classname="spec_perl_TestEnumIf_t" time="0.000128984451293945" />
  </testsuite>
  <testsuite name="spec_perl_TestNavParentSwitchCast_t" errors="0" failures="0" skipped="0" tests="3" time="0.042698860168457">
    <system-out>1..3
ok 1 - Equals
ok 2 - Equals
ok 3 - Equals
</system-out>
    <testcase name="Equals (195)" classname="spec_perl_TestNavParentSwitchCast_t" time="0.000526905059814453" />
    <testcase name="Equals (196)" classname="spec_perl_TestNavParentSwitchCast_t" time="9.29832458496094e-05" />
    <testcase name="Equals (197)" classname="spec_perl_TestNavParentSwitchCast_t" time="0.000102043151855469" />
  </testsuite>
  <testsuite name="spec_perl_TestStrPadTermEmpty_t" errors="0" failures="0" skipped="0" tests="4" time="0.0467190742492676">
    <system-out>1..4
ok 1 - Equals
ok 2 - Equals
ok 3 - Equals
ok 4 - Equals
</system-out>
    <testcase name="Equals (198)" classname="spec_perl_TestStrPadTermEmpty_t" time="0.000333070755004883" />
    <testcase name="Equals (199)" classname="spec_perl_TestStrPadTermEmpty_t" time="8.392333984375e-05" />
    <testcase name="Equals (200)" classname="spec_perl_TestStrPadTermEmpty_t" time="0.000113010406494141" />
    <testcase name="Equals (201)" classname="spec_perl_TestStrPadTermEmpty_t" time="0.000138998031616211" />
  </testsuite>
  <testsuite name="spec_perl_TestParamsCallShort_t" errors="0" failures="3" skipped="0" tests="3" time="0.0502860546112061">
    <system-out>1..3
not ok 1 - Equals
not ok 2 - Equals
not ok 3 - Equals
</system-out>
    <testcase name="Equals (202)" classname="spec_perl_TestParamsCallShort_t" time="0.00461006164550781">
      <failure message="not ok 1 - Equals" type="TAP::Parser::Result::Test"></failure>
    </testcase>
    <testcase name="Equals (203)" classname="spec_perl_TestParamsCallShort_t" time="8.89301300048828e-05">
      <failure message="not ok 2 - Equals" type="TAP::Parser::Result::Test"></failure>
    </testcase>
    <testcase name="Equals (204)" classname="spec_perl_TestParamsCallShort_t" time="4.72068786621094e-05">
      <failure message="not ok 3 - Equals" type="TAP::Parser::Result::Test"></failure>
    </testcase>
  </testsuite>
  <testsuite name="spec_perl_TestEnumNegative_t" errors="0" failures="0" skipped="0" tests="2" time="0.0415329933166504">
    <system-out>1..2
ok 1 - Equals
ok 2 - Equals
</system-out>
    <testcase name="Equals (205)" classname="spec_perl_TestEnumNegative_t" time="0.000193119049072266" />
    <testcase name="Equals (206)" classname="spec_perl_TestEnumNegative_t" time="8.0108642578125e-05" />
  </testsuite>
  <testsuite name="spec_perl_TestEnumImport_t" errors="0" failures="2" skipped="0" tests="2" time="0.0473179817199707">
    <system-out>1..2
not ok 1 - Equals
not ok 2 - Equals
</system-out>
    <testcase name="Equals (207)" classname="spec_perl_TestEnumImport_t" time="0.000128984451293945">
      <failure message="not ok 1 - Equals" type="TAP::Parser::Result::Test"></failure>
    </testcase>
    <testcase name="Equals (208)" classname="spec_perl_TestEnumImport_t" time="3.19480895996094e-05">
      <failure message="not ok 2 - Equals" type="TAP::Parser::Result::Test"></failure>
    </testcase>
  </testsuite>
  <testsuite name="spec_perl_TestPositionAbs_t" errors="0" failures="0" skipped="0" tests="2" time="0.0536119937896729">
    <system-out>1..2
ok 1 - Equals
ok 2 - Equals
</system-out>
    <testcase name="Equals (209)" classname="spec_perl_TestPositionAbs_t" time="0.000190973281860352" />
    <testcase name="Equals (210)" classname="spec_perl_TestPositionAbs_t" time="0.000174045562744141" />
  </testsuite>
  <testsuite name="spec_perl_TestSwitchManualInt_t" errors="0" failures="0" skipped="0" tests="9" time="0.0460419654846191">
    <system-out>1..9
ok 1 - Equals
ok 2 - Equals
ok 3 - Equals
ok 4 - Equals
ok 5 - Equals
ok 6 - Equals
ok 7 - Equals
ok 8 - Equals
ok 9 - Equals
</system-out>
    <testcase name="Equals (211)" classname="spec_perl_TestSwitchManualInt_t" time="0.000274181365966797" />
    <testcase name="Equals (212)" classname="spec_perl_TestSwitchManualInt_t" time="8.392333984375e-05" />
    <testcase name="Equals (213)" classname="spec_perl_TestSwitchManualInt_t" time="0.000118017196655273" />
    <testcase name="Equals (214)" classname="spec_perl_TestSwitchManualInt_t" time="0.000133037567138672" />
    <testcase name="Equals (215)" classname="spec_perl_TestSwitchManualInt_t" time="0.000129938125610352" />
    <testcase name="Equals (216)" classname="spec_perl_TestSwitchManualInt_t" time="0.000154018402099609" />
    <testcase name="Equals (217)" classname="spec_perl_TestSwitchManualInt_t" time="0.000102996826171875" />
    <testcase name="Equals (218)" classname="spec_perl_TestSwitchManualInt_t" time="0.000138044357299805" />
    <testcase name="Equals (219)" classname="spec_perl_TestSwitchManualInt_t" time="0.0001220703125" />
  </testsuite>
  <testsuite name="spec_perl_TestNavParentVsValueInst_t" errors="0" failures="0" skipped="0" tests="1" time="0.0447819232940674">
    <system-out>1..1
ok 1 - Equals
</system-out>
    <testcase name="Equals (220)" classname="spec_perl_TestNavParentVsValueInst_t" time="0.000269889831542969" />
  </testsuite>
  <testsuite name="spec_perl_TestNavParent2_t" errors="0" failures="0" skipped="0" tests="10" time="0.0463449954986572">
    <system-out>1..10
ok 1 - Equals
ok 2 - Equals
ok 3 - Equals
ok 4 - Equals
ok 5 - Equals
ok 6 - Equals
ok 7 - Equals
ok 8 - Equals
ok 9 - Equals
ok 10 - Equals
</system-out>
    <testcase name="Equals (221)" classname="spec_perl_TestNavParent2_t" time="0.000283002853393555" />
    <testcase name="Equals (222)" classname="spec_perl_TestNavParent2_t" time="8.29696655273438e-05" />
    <testcase name="Equals (223)" classname="spec_perl_TestNavParent2_t" time="8.29696655273438e-05" />
    <testcase name="Equals (224)" classname="spec_perl_TestNavParent2_t" time="0.00014495849609375" />
    <testcase name="Equals (225)" classname="spec_perl_TestNavParent2_t" time="0.000123023986816406" />
    <testcase name="Equals (226)" classname="spec_perl_TestNavParent2_t" time="0.000187158584594727" />
    <testcase name="Equals (227)" classname="spec_perl_TestNavParent2_t" time="0.000113010406494141" />
    <testcase name="Equals (228)" classname="spec_perl_TestNavParent2_t" time="0.000140905380249023" />
    <testcase name="Equals (229)" classname="spec_perl_TestNavParent2_t" time="0.000132083892822266" />
    <testcase name="Equals (230)" classname="spec_perl_TestNavParent2_t" time="0.000168800354003906" />
  </testsuite>
  <testsuite name="spec_perl_TestBitsSimple_t" errors="0" failures="0" skipped="0" tests="14" time="0.0436170101165771">
    <system-out>1..14
ok 1 - Equals
ok 2 - Equals
ok 3 - Equals
ok 4 - Equals
ok 5 - Equals
ok 6 - Equals
ok 7 - Equals
ok 8 - Equals
ok 9 - Equals
ok 10 - Equals
ok 11 - Equals
ok 12 - Equals
ok 13 - Equals
ok 14 - Equals
</system-out>
    <testcase name="Equals (231)" classname="spec_perl_TestBitsSimple_t" time="0.000262975692749023" />
    <testcase name="Equals (232)" classname="spec_perl_TestBitsSimple_t" time="8.10623168945312e-05" />
    <testcase name="Equals (233)" classname="spec_perl_TestBitsSimple_t" time="0.000123977661132812" />
    <testcase name="Equals (234)" classname="spec_perl_TestBitsSimple_t" time="0.000129938125610352" />
    <testcase name="Equals (235)" classname="spec_perl_TestBitsSimple_t" time="0.000137090682983398" />
    <testcase name="Equals (236)" classname="spec_perl_TestBitsSimple_t" time="0.000123977661132812" />
    <testcase name="Equals (237)" classname="spec_perl_TestBitsSimple_t" time="0.000121116638183594" />
    <testcase name="Equals (238)" classname="spec_perl_TestBitsSimple_t" time="0.000131845474243164" />
    <testcase name="Equals (239)" classname="spec_perl_TestBitsSimple_t" time="0.000117063522338867" />
    <testcase name="Equals (240)" classname="spec_perl_TestBitsSimple_t" time="0.00011897087097168" />
    <testcase name="Equals (241)" classname="spec_perl_TestBitsSimple_t" time="0.000121116638183594" />
    <testcase name="Equals (242)" classname="spec_perl_TestBitsSimple_t" time="0.000125885009765625" />
    <testcase name="Equals (243)" classname="spec_perl_TestBitsSimple_t" time="0.000149965286254883" />
    <testcase name="Equals (244)" classname="spec_perl_TestBitsSimple_t" time="0.000111103057861328" />
  </testsuite>
  <testsuite name="spec_perl_TestHelloWorld_t" errors="0" failures="0" skipped="0" tests="1" time="0.0414481163024902">
    <system-out>1..1
ok 1 - Equals
</system-out>
    <testcase name="Equals (245)" classname="spec_perl_TestHelloWorld_t" time="0.000157833099365234" />
  </testsuite>
  <testsuite name="spec_perl_TestOpaqueExternalType_t" errors="0" failures="0" skipped="0" tests="3" time="0.0489249229431152">
    <system-out>1..3
ok 1 - Equals
ok 2 - Equals
ok 3 - Equals
</system-out>
    <testcase name="Equals (246)" classname="spec_perl_TestOpaqueExternalType_t" time="0.00030517578125" />
    <testcase name="Equals (247)" classname="spec_perl_TestOpaqueExternalType_t" time="8.29696655273438e-05" />
    <testcase name="Equals (248)" classname="spec_perl_TestOpaqueExternalType_t" time="8.48770141601562e-05" />
  </testsuite>
  <testsuite name="spec_perl_TestCastToTop_t" errors="0" failures="0" skipped="0" tests="3" time="0.0416688919067383">
    <system-out>1..3
ok 1 - Equals
ok 2 - Equals
ok 3 - Equals
</system-out>
    <testcase name="Equals (249)" classname="spec_perl_TestCastToTop_t" time="0.000211000442504883" />
    <testcase name="Equals (250)" classname="spec_perl_TestCastToTop_t" time="0.000121116638183594" />
    <testcase name="Equals (251)" classname="spec_perl_TestCastToTop_t" time="0.000138998031616211" />
  </testsuite>
  <testsuite name="spec_perl_TestProcessCoerceSwitch_t" errors="0" failures="0" skipped="0" tests="3" time="0.0440731048583984">
    <system-out>1..3
ok 1 - Equals
ok 2 - Equals
ok 3 - Equals
</system-out>
    <testcase name="Equals (252)" classname="spec_perl_TestProcessCoerceSwitch_t" time="0.000468969345092773" />
    <testcase name="Equals (253)" classname="spec_perl_TestProcessCoerceSwitch_t" time="9.20295715332031e-05" />
    <testcase name="Equals (254)" classname="spec_perl_TestProcessCoerceSwitch_t" time="5.98430633544922e-05" />
  </testsuite>
  <testsuite name="spec_perl_TestDebug0_t" errors="0" failures="0" skipped="1" tests="1" time="0.0416030883789062">
    <system-out>1..1
ok 1 # skip test_debug_0
</system-out>
    <testcase name="Unnamed test case 254" classname="spec_perl_TestDebug0_t" time="0.000211954116821289">
      <skipped message="ok 1 # skip test_debug_0" />
    </testcase>
  </testsuite>
  <testsuite name="spec_perl_TestRepeatEosU4_t" errors="0" failures="0" skipped="0" tests="1" time="0.0415890216827393">
    <system-out>1..1
ok 1 - Equals
</system-out>
    <testcase name="Equals (255)" classname="spec_perl_TestRepeatEosU4_t" time="0.000215053558349609" />
  </testsuite>
  <testsuite name="spec_perl_TestProcessXor4Const_t" errors="0" failures="0" skipped="0" tests="2" time="0.0450351238250732">
    <system-out>1..2
ok 1 - Equals
ok 2 - Equals
</system-out>
    <testcase name="Equals (256)" classname="spec_perl_TestProcessXor4Const_t" time="0.000255823135375977" />
    <testcase name="Equals (257)" classname="spec_perl_TestProcessXor4Const_t" time="8.29696655273438e-05" />
  </testsuite>
  <testsuite name="spec_perl_TestDefaultEndianExprIsBe_t" errors="0" failures="0" skipped="0" tests="18" time="0.0447289943695068">
    <system-out>1..18
ok 1 - Equals
ok 2 - Equals
ok 3 - Equals
ok 4 - Equals
ok 5 - Equals
ok 6 - Equals
ok 7 - Equals
ok 8 - Equals
ok 9 - Equals
ok 10 - Equals
ok 11 - Equals
ok 12 - Equals
ok 13 - Equals
ok 14 - Equals
ok 15 - Equals
ok 16 - Equals
ok 17 - Equals
ok 18 - Equals
</system-out>
    <testcase name="Equals (258)" classname="spec_perl_TestDefaultEndianExprIsBe_t" time="0.000262022018432617" />
    <testcase name="Equals (259)" classname="spec_perl_TestDefaultEndianExprIsBe_t" time="7.79628753662109e-05" />
    <testcase name="Equals (260)" classname="spec_perl_TestDefaultEndianExprIsBe_t" time="0.000123977661132812" />
    <testcase name="Equals (261)" classname="spec_perl_TestDefaultEndianExprIsBe_t" time="0.000133991241455078" />
    <testcase name="Equals (262)" classname="spec_perl_TestDefaultEndianExprIsBe_t" time="0.00014805793762207" />
    <testcase name="Equals (263)" classname="spec_perl_TestDefaultEndianExprIsBe_t" time="0.00017094612121582" />
    <testcase name="Equals (264)" classname="spec_perl_TestDefaultEndianExprIsBe_t" time="0.000133037567138672" />
    <testcase name="Equals (265)" classname="spec_perl_TestDefaultEndianExprIsBe_t" time="0.000120878219604492" />
    <testcase name="Equals (266)" classname="spec_perl_TestDefaultEndianExprIsBe_t" time="0.000146150588989258" />
    <testcase name="Equals (267)" classname="spec_perl_TestDefaultEndianExprIsBe_t" time="0.000113010406494141" />
    <testcase name="Equals (268)" classname="spec_perl_TestDefaultEndianExprIsBe_t" time="0.0001678466796875" />
    <testcase name="Equals (269)" classname="spec_perl_TestDefaultEndianExprIsBe_t" time="0.000162124633789062" />
    <testcase name="Equals (270)" classname="spec_perl_TestDefaultEndianExprIsBe_t" time="0.0001220703125" />
    <testcase name="Equals (271)" classname="spec_perl_TestDefaultEndianExprIsBe_t" time="0.000159978866577148" />
    <testcase name="Equals (272)" classname="spec_perl_TestDefaultEndianExprIsBe_t" time="0.000110864639282227" />
    <testcase name="Equals (273)" classname="spec_perl_TestDefaultEndianExprIsBe_t" time="0.000174999237060547" />
    <testcase name="Equals (274)" classname="spec_perl_TestDefaultEndianExprIsBe_t" time="0.000133991241455078" />
    <testcase name="Equals (275)" classname="spec_perl_TestDefaultEndianExprIsBe_t" time="0.000172138214111328" />
  </testsuite>
  <testsuite name="spec_perl_TestImportsAbs_t" errors="0" failures="0" skipped="0" tests="2" time="0.0421440601348877">
    <system-out>1..2
ok 1 - Equals
ok 2 - Equals
</system-out>
    <testcase name="Equals (276)" classname="spec_perl_TestImportsAbs_t" time="0.000216960906982422" />
    <testcase name="Equals (277)" classname="spec_perl_TestImportsAbs_t" time="7.70092010498047e-05" />
  </testsuite>
  <testsuite name="spec_perl_TestProcessToUser_t" errors="0" failures="0" skipped="0" tests="1" time="0.0470459461212158">
    <system-out>1..1
ok 1 - Equals
</system-out>
    <testcase name="Equals (278)" classname="spec_perl_TestProcessToUser_t" time="0.000585079193115234" />
  </testsuite>
  <testsuite name="spec_perl_TestInstanceUserArray_t" errors="0" failures="0" skipped="0" tests="10" time="0.043813943862915">
    <system-out>1..10
ok 1 - Equals
ok 2 - Equals
ok 3 - Equals
ok 4 - Equals
ok 5 - Equals
ok 6 - Equals
ok 7 - Equals
ok 8 - Equals
ok 9 - Equals
ok 10 - Equals
</system-out>
    <testcase name="Equals (279)" classname="spec_perl_TestInstanceUserArray_t" time="0.000166177749633789" />
    <testcase name="Equals (280)" classname="spec_perl_TestInstanceUserArray_t" time="6.89029693603516e-05" />
    <testcase name="Equals (281)" classname="spec_perl_TestInstanceUserArray_t" time="0.000155925750732422" />
    <testcase name="Equals (282)" classname="spec_perl_TestInstanceUserArray_t" time="0.000442028045654297" />
    <testcase name="Equals (283)" classname="spec_perl_TestInstanceUserArray_t" time="8.51154327392578e-05" />
    <testcase name="Equals (284)" classname="spec_perl_TestInstanceUserArray_t" time="0.000118017196655273" />
    <testcase name="Equals (285)" classname="spec_perl_TestInstanceUserArray_t" time="0.000125885009765625" />
    <testcase name="Equals (286)" classname="spec_perl_TestInstanceUserArray_t" time="0.000124931335449219" />
    <testcase name="Equals (287)" classname="spec_perl_TestInstanceUserArray_t" time="0.000130176544189453" />
    <testcase name="Equals (288)" classname="spec_perl_TestInstanceUserArray_t" time="0.000139951705932617" />
  </testsuite>
  <testsuite name="spec_perl_TestBitsByteAligned_t" errors="0" failures="0" skipped="0" tests="9" time="0.0431790351867676">
    <system-out>1..9
ok 1 - Equals
ok 2 - Equals
ok 3 - Equals
ok 4 - Equals
ok 5 - Equals
ok 6 - Equals
ok 7 - Equals
ok 8 - Equals
ok 9 - Equals
</system-out>
    <testcase name="Equals (289)" classname="spec_perl_TestBitsByteAligned_t" time="0.000244855880737305" />
    <testcase name="Equals (290)" classname="spec_perl_TestBitsByteAligned_t" time="7.60555267333984e-05" />
    <testcase name="Equals (291)" classname="spec_perl_TestBitsByteAligned_t" time="0.000136137008666992" />
    <testcase name="Equals (292)" classname="spec_perl_TestBitsByteAligned_t" time="0.000125885009765625" />
    <testcase name="Equals (293)" classname="spec_perl_TestBitsByteAligned_t" time="0.000128984451293945" />
    <testcase name="Equals (294)" classname="spec_perl_TestBitsByteAligned_t" time="0.000108957290649414" />
    <testcase name="Equals (295)" classname="spec_perl_TestBitsByteAligned_t" time="0.000138998031616211" />
    <testcase name="Equals (296)" classname="spec_perl_TestBitsByteAligned_t" time="0.000118017196655273" />
    <testcase name="Equals (297)" classname="spec_perl_TestBitsByteAligned_t" time="0.000143051147460938" />
  </testsuite>
  <testsuite name="spec_perl_TestExpr0_t" errors="0" failures="0" skipped="0" tests="2" time="0.042227029800415">
    <system-out>1..2
ok 1 - Equals
ok 2 - Equals
</system-out>
    <testcase name="Equals (298)" classname="spec_perl_TestExpr0_t" time="0.000258922576904297" />
    <testcase name="Equals (299)" classname="spec_perl_TestExpr0_t" time="7.70092010498047e-05" />
  </testsuite>
  <testsuite name="spec_perl_TestSwitchIntegers_t" errors="0" failures="0" skipped="0" tests="9" time="0.0427460670471191">
    <system-out>1..9
ok 1 - Equals
ok 2 - Equals
ok 3 - Equals
ok 4 - Equals
ok 5 - Equals
ok 6 - Equals
ok 7 - Equals
ok 8 - Equals
ok 9 - Equals
</system-out>
    <testcase name="Equals (300)" classname="spec_perl_TestSwitchIntegers_t" time="0.000244140625" />
    <testcase name="Equals (301)" classname="spec_perl_TestSwitchIntegers_t" time="7.79628753662109e-05" />
    <testcase name="Equals (302)" classname="spec_perl_TestSwitchIntegers_t" time="0.000119924545288086" />
    <testcase name="Equals (303)" classname="spec_perl_TestSwitchIntegers_t" time="0.000143051147460938" />
    <testcase name="Equals (304)" classname="spec_perl_TestSwitchIntegers_t" time="0.000115871429443359" />
    <testcase name="Equals (305)" classname="spec_perl_TestSwitchIntegers_t" time="0.000131130218505859" />
    <testcase name="Equals (306)" classname="spec_perl_TestSwitchIntegers_t" time="0.000119924545288086" />
    <testcase name="Equals (307)" classname="spec_perl_TestSwitchIntegers_t" time="0.000123023986816406" />
    <testcase name="Equals (308)" classname="spec_perl_TestSwitchIntegers_t" time="0.000124931335449219" />
  </testsuite>
  <testsuite name="spec_perl_TestEnumToI_t" errors="0" failures="0" skipped="0" tests="5" time="0.0416381359100342">
    <system-out>1..5
ok 1 - Equals
ok 2 - Equals
ok 3 - Equals
ok 4 - Equals
ok 5 - Equals
</system-out>
    <testcase name="Equals (309)" classname="spec_perl_TestEnumToI_t" time="0.000226020812988281" />
    <testcase name="Equals (310)" classname="spec_perl_TestEnumToI_t" time="9.89437103271484e-05" />
    <testcase name="Equals (311)" classname="spec_perl_TestEnumToI_t" time="0.000156164169311523" />
    <testcase name="Equals (312)" classname="spec_perl_TestEnumToI_t" time="0.000119924545288086" />
    <testcase name="Equals (313)" classname="spec_perl_TestEnumToI_t" time="0.000137090682983398" />
  </testsuite>
  <testsuite name="spec_perl_TestProcessCoerceUsertype2_t" errors="0" failures="0" skipped="0" tests="4" time="0.0447280406951904">
    <system-out>1..4
ok 1 - Equals
ok 2 - Equals
ok 3 - Equals
ok 4 - Equals
</system-out>
    <testcase name="Equals (314)" classname="spec_perl_TestProcessCoerceUsertype2_t" time="0.000530004501342773" />
    <testcase name="Equals (315)" classname="spec_perl_TestProcessCoerceUsertype2_t" time="9.20295715332031e-05" />
    <testcase name="Equals (316)" classname="spec_perl_TestProcessCoerceUsertype2_t" time="6.4849853515625e-05" />
    <testcase name="Equals (317)" classname="spec_perl_TestProcessCoerceUsertype2_t" time="0.000143051147460938" />
  </testsuite>
  <testsuite name="spec_perl_TestEnumIntRangeU_t" errors="0" failures="0" skipped="0" tests="2" time="0.041762113571167">
    <system-out>1..2
ok 1 - Equals
ok 2 - Equals
</system-out>
    <testcase name="Equals (318)" classname="spec_perl_TestEnumIntRangeU_t" time="0.000225067138671875" />
    <testcase name="Equals (319)" classname="spec_perl_TestEnumIntRangeU_t" time="7.51018524169922e-05" />
  </testsuite>
  <testsuite name="spec_perl_TestDebugEnumName_t" errors="1" failures="0" skipped="0" tests="0" time="0.0403928756713867">
    <system-out></system-out>
    <testcase name="Test died too soon, even before plan. (319)" classname="spec_perl_TestDebugEnumName_t" time="0.0403928756713867">
      <failure message="The test suite died before a plan was produced. You need to have a plan." type="Plan">No plan</failure>
    </testcase>
  </testsuite>
  <testsuite name="spec_perl_TestProcessRepeatUsertype_t" errors="0" failures="0" skipped="0" tests="4" time="0.0446310043334961">
    <system-out>1..4
ok 1 - Equals
ok 2 - Equals
ok 3 - Equals
ok 4 - Equals
</system-out>
    <testcase name="Equals (320)" classname="spec_perl_TestProcessRepeatUsertype_t" time="0.000535011291503906" />
    <testcase name="Equals (321)" classname="spec_perl_TestProcessRepeatUsertype_t" time="0.000100135803222656" />
    <testcase name="Equals (322)" classname="spec_perl_TestProcessRepeatUsertype_t" time="5.79357147216797e-05" />
    <testcase name="Equals (323)" classname="spec_perl_TestProcessRepeatUsertype_t" time="0.000151872634887695" />
  </testsuite>
  <testsuite name="spec_perl_TestNavRoot_t" errors="0" failures="0" skipped="0" tests="5" time="0.0459589958190918">
    <system-out>1..5
ok 1 - Equals
ok 2 - Equals
ok 3 - Equals
ok 4 - Equals
ok 5 - Equals
</system-out>
    <testcase name="Equals (324)" classname="spec_perl_TestNavRoot_t" time="0.000307083129882812" />
    <testcase name="Equals (325)" classname="spec_perl_TestNavRoot_t" time="8.20159912109375e-05" />
    <testcase name="Equals (326)" classname="spec_perl_TestNavRoot_t" time="0.000112056732177734" />
    <testcase name="Equals (327)" classname="spec_perl_TestNavRoot_t" time="0.000147819519042969" />
    <testcase name="Equals (328)" classname="spec_perl_TestNavRoot_t" time="0.000107049942016602" />
  </testsuite>
  <testsuite name="spec_perl_TestExprIoPos_t" errors="0" failures="0" skipped="0" tests="6" time="0.0465638637542725">
    <system-out>1..6
ok 1 - Equals
ok 2 - Equals
ok 3 - Equals
ok 4 - Equals
ok 5 - Equals
ok 6 - Equals
</system-out>
    <testcase name="Equals (329)" classname="spec_perl_TestExprIoPos_t" time="0.000518083572387695" />
    <testcase name="Equals (330)" classname="spec_perl_TestExprIoPos_t" time="9.10758972167969e-05" />
    <testcase name="Equals (331)" classname="spec_perl_TestExprIoPos_t" time="5.69820404052734e-05" />
    <testcase name="Equals (332)" classname="spec_perl_TestExprIoPos_t" time="0.000123023986816406" />
    <testcase name="Equals (333)" classname="spec_perl_TestExprIoPos_t" time="0.000129938125610352" />
    <testcase name="Equals (334)" classname="spec_perl_TestExprIoPos_t" time="0.000131845474243164" />
  </testsuite>
  <testsuite name="spec_perl_TestValidSwitch_t" errors="1" failures="0" skipped="0" tests="0" time="0.0437939167022705">
    <system-out></system-out>
    <testcase name="Test died too soon, even before plan. (334)" classname="spec_perl_TestValidSwitch_t" time="0.0437939167022705">
      <failure message="The test suite died before a plan was produced. You need to have a plan." type="Plan">No plan</failure>
    </testcase>
  </testsuite>
  <testsuite name="spec_perl_TestNestedSameName2_t" errors="0" failures="0" skipped="0" tests="5" time="0.044701099395752">
    <system-out>1..5
ok 1 - Equals
ok 2 - Equals
ok 3 - Equals
ok 4 - Equals
ok 5 - Equals
</system-out>
    <testcase name="Equals (335)" classname="spec_perl_TestNestedSameName2_t" time="0.000262975692749023" />
    <testcase name="Equals (336)" classname="spec_perl_TestNestedSameName2_t" time="8.0108642578125e-05" />
    <testcase name="Equals (337)" classname="spec_perl_TestNestedSameName2_t" time="0.000143051147460938" />
    <testcase name="Equals (338)" classname="spec_perl_TestNestedSameName2_t" time="0.000146865844726562" />
    <testcase name="Equals (339)" classname="spec_perl_TestNestedSameName2_t" time="0.000110149383544922" />
  </testsuite>
  <testsuite name="spec_perl_TestEnumFancy_t" errors="0" failures="0" skipped="0" tests="2" time="0.0425069332122803">
    <system-out>1..2
ok 1 - Equals
ok 2 - Equals
</system-out>
    <testcase name="Equals (340)" classname="spec_perl_TestEnumFancy_t" time="0.000233173370361328" />
    <testcase name="Equals (341)" classname="spec_perl_TestEnumFancy_t" time="7.48634338378906e-05" />
  </testsuite>
  <testsuite name="spec_perl_TestRepeatNStruct_t" errors="0" failures="0" skipped="0" tests="5" time="0.0424108505249023">
    <system-out>1..5
ok 1 - Equals
ok 2 - Equals
ok 3 - Equals
ok 4 - Equals
ok 5 - Equals
</system-out>
    <testcase name="Equals (342)" classname="spec_perl_TestRepeatNStruct_t" time="0.000205039978027344" />
    <testcase name="Equals (343)" classname="spec_perl_TestRepeatNStruct_t" time="7.29560852050781e-05" />
    <testcase name="Equals (344)" classname="spec_perl_TestRepeatNStruct_t" time="0.000137090682983398" />
    <testcase name="Equals (345)" classname="spec_perl_TestRepeatNStruct_t" time="0.000129938125610352" />
    <testcase name="Equals (346)" classname="spec_perl_TestRepeatNStruct_t" time="0.000113010406494141" />
  </testsuite>
  <testsuite name="spec_perl_TestInstanceIoUser_t" errors="0" failures="0" skipped="0" tests="4" time="0.0716321468353271">
    <system-out>1..4
ok 1 - Equals
ok 2 - Equals
ok 3 - Equals
ok 4 - Equals
</system-out>
    <testcase name="Equals (347)" classname="spec_perl_TestInstanceIoUser_t" time="0.000895977020263672" />
    <testcase name="Equals (348)" classname="spec_perl_TestInstanceIoUser_t" time="0.000291109085083008" />
    <testcase name="Equals (349)" classname="spec_perl_TestInstanceIoUser_t" time="0.000279903411865234" />
    <testcase name="Equals (350)" classname="spec_perl_TestInstanceIoUser_t" time="0.000303030014038086" />
  </testsuite>
  <testsuite name="spec_perl_TestYamlInts_t" errors="0" failures="0" skipped="0" tests="4" time="0.0435469150543213">
    <system-out>1..4
ok 1 - Equals
ok 2 - Equals
ok 3 - Equals
ok 4 - Equals
</system-out>
    <testcase name="Equals (351)" classname="spec_perl_TestYamlInts_t" time="0.000218868255615234" />
    <testcase name="Equals (352)" classname="spec_perl_TestYamlInts_t" time="7.51018524169922e-05" />
    <testcase name="Equals (353)" classname="spec_perl_TestYamlInts_t" time="0.000166893005371094" />
    <testcase name="Equals (354)" classname="spec_perl_TestYamlInts_t" time="0.000138998031616211" />
  </testsuite>
  <testsuite name="spec_perl_TestNonStandard_t" errors="0" failures="0" skipped="0" tests="1" time="0.0442371368408203">
    <system-out>1..1
ok 1 - Equals
</system-out>
    <testcase name="Equals (355)" classname="spec_perl_TestNonStandard_t" time="0.000236034393310547" />
  </testsuite>
  <testsuite name="spec_perl_TestStrPadTerm_t" errors="0" failures="0" skipped="0" tests="4" time="0.048015832901001">
    <system-out>1..4
ok 1 - Equals
ok 2 - Equals
ok 3 - Equals
ok 4 - Equals
</system-out>
    <testcase name="Equals (356)" classname="spec_perl_TestStrPadTerm_t" time="0.000333070755004883" />
    <testcase name="Equals (357)" classname="spec_perl_TestStrPadTerm_t" time="8.392333984375e-05" />
    <testcase name="Equals (358)" classname="spec_perl_TestStrPadTerm_t" time="0.00010991096496582" />
    <testcase name="Equals (359)" classname="spec_perl_TestStrPadTerm_t" time="0.000138044357299805" />
  </testsuite>
  <testsuite name="spec_perl_TestProcessCustom_t" errors="1" failures="0" skipped="0" tests="0" time="0.0461001396179199">
    <system-out></system-out>
    <testcase name="Test died too soon, even before plan. (359)" classname="spec_perl_TestProcessCustom_t" time="0.0461001396179199">
      <failure message="The test suite died before a plan was produced. You need to have a plan." type="Plan">No plan</failure>
    </testcase>
  </testsuite>
  <testsuite name="spec_perl_TestExprSizeofValue0_t" errors="0" failures="0" skipped="0" tests="5" time="0.04327392578125">
    <system-out>1..5
ok 1 - Equals
ok 2 - Equals
ok 3 - Equals
ok 4 - Equals
ok 5 - Equals
</system-out>
    <testcase name="Equals (360)" classname="spec_perl_TestExprSizeofValue0_t" time="0.000211954116821289" />
    <testcase name="Equals (361)" classname="spec_perl_TestExprSizeofValue0_t" time="7.41481781005859e-05" />
    <testcase name="Equals (362)" classname="spec_perl_TestExprSizeofValue0_t" time="0.000135898590087891" />
    <testcase name="Equals (363)" classname="spec_perl_TestExprSizeofValue0_t" time="0.000131130218505859" />
    <testcase name="Equals (364)" classname="spec_perl_TestExprSizeofValue0_t" time="0.00011897087097168" />
  </testsuite>
  <testsuite name="spec_perl_TestDefaultEndianExprException_t" errors="0" failures="0" skipped="0" tests="1" time="0.0429320335388184">
    <system-out>1..1
ok 1 - Died
</system-out>
    <testcase name="Died (364)" classname="spec_perl_TestDefaultEndianExprException_t" time="0.0001678466796875" />
  </testsuite>
  <testsuite name="spec_perl_TestDefaultBigEndian_t" errors="0" failures="0" skipped="0" tests="1" time="0.0460519790649414">
    <system-out>1..1
ok 1 - Equals
</system-out>
    <testcase name="Equals (365)" classname="spec_perl_TestDefaultBigEndian_t" time="0.000179052352905273" />
  </testsuite>
  <testsuite name="spec_perl_TestRepeatEosBit_t" errors="0" failures="1" skipped="0" tests="1" time="0.0431630611419678">
    <system-out>1..1
not ok 1 - Equals
</system-out>
    <testcase name="Equals (366)" classname="spec_perl_TestRepeatEosBit_t" time="0.000308990478515625">
      <failure message="not ok 1 - Equals" type="TAP::Parser::Result::Test"></failure>
    </testcase>
  </testsuite>
  <testsuite name="spec_perl_TestDocstringsDocrefMulti_t" errors="0" failures="0" skipped="1" tests="1" time="0.0424909591674805">
    <system-out>1..1
ok 1 # skip DocstringsDocrefMulti=HASH(0x1e04af8)
</system-out>
    <testcase name="Unnamed test case 366" classname="spec_perl_TestDocstringsDocrefMulti_t" time="0.00116109848022461">
      <skipped message="ok 1 # skip DocstringsDocrefMulti=HASH(0x1e04af8)" />
    </testcase>
  </testsuite>
  <testsuite name="spec_perl_TestEnumForUnknownId_t" errors="0" failures="0" skipped="0" tests="1" time="0.0419669151306152">
    <system-out>1..1
ok 1 - Equals
</system-out>
    <testcase name="Equals (367)" classname="spec_perl_TestEnumForUnknownId_t" time="0.000187158584594727" />
  </testsuite>
  <testsuite name="spec_perl_TestNavParentFalse_t" errors="0" failures="0" skipped="0" tests="5" time="0.0424878597259521">
    <system-out>1..5
ok 1 - Equals
ok 2 - Equals
ok 3 - Equals
ok 4 - Equals
ok 5 - Equals
</system-out>
    <testcase name="Equals (368)" classname="spec_perl_TestNavParentFalse_t" time="0.000229835510253906" />
    <testcase name="Equals (369)" classname="spec_perl_TestNavParentFalse_t" time="7.51018524169922e-05" />
    <testcase name="Equals (370)" classname="spec_perl_TestNavParentFalse_t" time="0.000133037567138672" />
    <testcase name="Equals (371)" classname="spec_perl_TestNavParentFalse_t" time="0.000138998031616211" />
    <testcase name="Equals (372)" classname="spec_perl_TestNavParentFalse_t" time="0.000110864639282227" />
  </testsuite>
  <testsuite name="spec_perl_TestIndexToParamUntil_t" errors="0" failures="2" skipped="0" tests="7" time="0.0637788772583008">
    <system-out>1..7
ok 1 - Equals
ok 2 - Equals
ok 3 - Equals
ok 4 - Equals
ok 5 - Equals
not ok 6 - Equals
not ok 7 - Equals
</system-out>
    <testcase name="Equals (373)" classname="spec_perl_TestIndexToParamUntil_t" time="0.000417947769165039" />
    <testcase name="Equals (374)" classname="spec_perl_TestIndexToParamUntil_t" time="0.000338077545166016" />
    <testcase name="Equals (375)" classname="spec_perl_TestIndexToParamUntil_t" time="0.000259876251220703" />
    <testcase name="Equals (376)" classname="spec_perl_TestIndexToParamUntil_t" time="0.000269174575805664" />
    <testcase name="Equals (377)" classname="spec_perl_TestIndexToParamUntil_t" time="0.000279903411865234" />
    <testcase name="Equals (378)" classname="spec_perl_TestIndexToParamUntil_t" time="0.000324010848999023">
      <failure message="not ok 6 - Equals" type="TAP::Parser::Result::Test"></failure>
    </testcase>
    <testcase name="Equals (379)" classname="spec_perl_TestIndexToParamUntil_t" time="0.000822067260742188">
      <failure message="not ok 7 - Equals" type="TAP::Parser::Result::Test"></failure>
    </testcase>
  </testsuite>
  <testsuite name="spec_perl_TestDocstringsDocref_t" errors="0" failures="0" skipped="1" tests="1" time="0.0442900657653809">
    <system-out>1..1
ok 1 # skip DocstringsDocref=HASH(0x205e658)
</system-out>
    <testcase name="Unnamed test case 379" classname="spec_perl_TestDocstringsDocref_t" time="0.00119185447692871">
      <skipped message="ok 1 # skip DocstringsDocref=HASH(0x205e658)" />
    </testcase>
  </testsuite>
  <testsuite name="spec_perl_TestSwitchManualEnumInvalid_t" errors="0" failures="0" skipped="0" tests="5" time="0.0455739498138428">
    <system-out>1..5
ok 1 - Equals
ok 2 - Equals
ok 3 - nil
ok 4 - Equals
ok 5 - nil
</system-out>
    <testcase name="Equals (380)" classname="spec_perl_TestSwitchManualEnumInvalid_t" time="0.000192880630493164" />
    <testcase name="Equals (381)" classname="spec_perl_TestSwitchManualEnumInvalid_t" time="9.79900360107422e-05" />
    <testcase name="nil (381)" classname="spec_perl_TestSwitchManualEnumInvalid_t" time="7.10487365722656e-05" />
    <testcase name="Equals (382)" classname="spec_perl_TestSwitchManualEnumInvalid_t" time="0.000107049942016602" />
    <testcase name="nil (382)" classname="spec_perl_TestSwitchManualEnumInvalid_t" time="5.88893890380859e-05" />
  </testsuite>
  <testsuite name="spec_perl_TestImports0_t" errors="0" failures="0" skipped="0" tests="3" time="0.0422999858856201">
    <system-out>1..3
ok 1 - Equals
ok 2 - Equals
ok 3 - Equals
</system-out>
    <testcase name="Equals (383)" classname="spec_perl_TestImports0_t" time="0.000206947326660156" />
    <testcase name="Equals (384)" classname="spec_perl_TestImports0_t" time="7.60555267333984e-05" />
    <testcase name="Equals (385)" classname="spec_perl_TestImports0_t" time="0.000156879425048828" />
  </testsuite>
  <testsuite name="spec_perl_TestCastNested_t" errors="0" failures="0" skipped="0" tests="4" time="0.0457069873809814">
    <system-out>1..4
ok 1 - Equals
ok 2 - Equals
ok 3 - Equals
ok 4 - Equals
</system-out>
    <testcase name="Equals (386)" classname="spec_perl_TestCastNested_t" time="0.000325202941894531" />
    <testcase name="Equals (387)" classname="spec_perl_TestCastNested_t" time="8.70227813720703e-05" />
    <testcase name="Equals (388)" classname="spec_perl_TestCastNested_t" time="6.07967376708984e-05" />
    <testcase name="Equals (389)" classname="spec_perl_TestCastNested_t" time="0.000163078308105469" />
  </testsuite>
  <testsuite name="spec_perl_TestImportsCircularA_t" errors="0" failures="0" skipped="0" tests="5" time="0.0417389869689941">
    <system-out>1..5
ok 1 - Equals
ok 2 - Equals
ok 3 - Equals
ok 4 - Equals
ok 5 - Equals
</system-out>
    <testcase name="Equals (390)" classname="spec_perl_TestImportsCircularA_t" time="0.000229835510253906" />
    <testcase name="Equals (391)" classname="spec_perl_TestImportsCircularA_t" time="7.41481781005859e-05" />
    <testcase name="Equals (392)" classname="spec_perl_TestImportsCircularA_t" time="0.000134944915771484" />
    <testcase name="Equals (393)" classname="spec_perl_TestImportsCircularA_t" time="0.000127077102661133" />
    <testcase name="Equals (394)" classname="spec_perl_TestImportsCircularA_t" time="5.88893890380859e-05" />
  </testsuite>
  <testsuite name="spec_perl_TestExprArray_t" errors="0" failures="1" skipped="0" tests="15" time="0.0502221584320068">
    <system-out>1..15
ok 1 - Equals
ok 2 - Equals
ok 3 - Equals
ok 4 - Equals
ok 5 - Equals
ok 6 - Equals
ok 7 - Equals
ok 8 - Equals
not ok 9 - Equals
ok 10 - Equals
ok 11 - Equals
ok 12 - Equals
ok 13 - Equals
ok 14 - Equals
ok 15 - Equals
</system-out>
    <testcase name="Equals (395)" classname="spec_perl_TestExprArray_t" time="0.000283956527709961" />
    <testcase name="Equals (396)" classname="spec_perl_TestExprArray_t" time="8.10623168945312e-05" />
    <testcase name="Equals (397)" classname="spec_perl_TestExprArray_t" time="0.000114917755126953" />
    <testcase name="Equals (398)" classname="spec_perl_TestExprArray_t" time="0.000132083892822266" />
    <testcase name="Equals (399)" classname="spec_perl_TestExprArray_t" time="0.000132083892822266" />
    <testcase name="Equals (400)" classname="spec_perl_TestExprArray_t" time="0.000133037567138672" />
    <testcase name="Equals (401)" classname="spec_perl_TestExprArray_t" time="0.000144004821777344" />
    <testcase name="Equals (402)" classname="spec_perl_TestExprArray_t" time="0.00014185905456543" />
    <testcase name="Equals (403)" classname="spec_perl_TestExprArray_t" time="0.000196933746337891">
      <failure message="not ok 9 - Equals" type="TAP::Parser::Result::Test"></failure>
    </testcase>
    <testcase name="Equals (404)" classname="spec_perl_TestExprArray_t" time="0.00394105911254883" />
    <testcase name="Equals (405)" classname="spec_perl_TestExprArray_t" time="5.79357147216797e-05" />
    <testcase name="Equals (406)" classname="spec_perl_TestExprArray_t" time="4.31537628173828e-05" />
    <testcase name="Equals (407)" classname="spec_perl_TestExprArray_t" time="3.29017639160156e-05" />
    <testcase name="Equals (408)" classname="spec_perl_TestExprArray_t" time="3.09944152832031e-05" />
    <testcase name="Equals (409)" classname="spec_perl_TestExprArray_t" time="3.00407409667969e-05" />
  </testsuite>
  <testsuite name="spec_perl_TestRepeatUntilS4_t" errors="0" failures="0" skipped="0" tests="2" time="0.044536828994751">
    <system-out>1..2
ok 1 - Equals
ok 2 - Equals
</system-out>
    <testcase name="Equals (410)" classname="spec_perl_TestRepeatUntilS4_t" time="0.000216007232666016" />
    <testcase name="Equals (411)" classname="spec_perl_TestRepeatUntilS4_t" time="7.51018524169922e-05" />
  </testsuite>
  <testsuite name="spec_perl_TestSwitchManualEnumInvalidElse_t" errors="0" failures="0" skipped="0" tests="5" time="0.0453569889068604">
    <system-out>1..5
ok 1 - Equals
ok 2 - Equals
ok 3 - Equals
ok 4 - Equals
ok 5 - Equals
</system-out>
    <testcase name="Equals (412)" classname="spec_perl_TestSwitchManualEnumInvalidElse_t" time="0.000257968902587891" />
    <testcase name="Equals (413)" classname="spec_perl_TestSwitchManualEnumInvalidElse_t" time="0.000105857849121094" />
    <testcase name="Equals (414)" classname="spec_perl_TestSwitchManualEnumInvalidElse_t" time="0.000132083892822266" />
    <testcase name="Equals (415)" classname="spec_perl_TestSwitchManualEnumInvalidElse_t" time="0.000124931335449219" />
    <testcase name="Equals (416)" classname="spec_perl_TestSwitchManualEnumInvalidElse_t" time="0.000147104263305664" />
  </testsuite>
  <testsuite name="spec_perl_TestBufferedStruct_t" errors="0" failures="0" skipped="0" tests="7" time="0.042492151260376">
    <system-out>1..7
ok 1 - Equals
ok 2 - Equals
ok 3 - Equals
ok 4 - Equals
ok 5 - Equals
ok 6 - Equals
ok 7 - Equals
</system-out>
    <testcase name="Equals (417)" classname="spec_perl_TestBufferedStruct_t" time="0.000471115112304688" />
    <testcase name="Equals (418)" classname="spec_perl_TestBufferedStruct_t" time="8.79764556884766e-05" />
    <testcase name="Equals (419)" classname="spec_perl_TestBufferedStruct_t" time="5.60283660888672e-05" />
    <testcase name="Equals (420)" classname="spec_perl_TestBufferedStruct_t" time="0.000123023986816406" />
    <testcase name="Equals (421)" classname="spec_perl_TestBufferedStruct_t" time="0.000126838684082031" />
    <testcase name="Equals (422)" classname="spec_perl_TestBufferedStruct_t" time="0.000133037567138672" />
    <testcase name="Equals (423)" classname="spec_perl_TestBufferedStruct_t" time="0.000108957290649414" />
  </testsuite>
  <testsuite name="spec_perl_TestEnum1_t" errors="0" failures="0" skipped="0" tests="2" time="0.0428619384765625">
    <system-out>1..2
ok 1 - Equals
ok 2 - Equals
</system-out>
    <testcase name="Equals (424)" classname="spec_perl_TestEnum1_t" time="0.000225067138671875" />
    <testcase name="Equals (425)" classname="spec_perl_TestEnum1_t" time="9.79900360107422e-05" />
  </testsuite>
  <testsuite name="spec_perl_TestEnumLongRangeU_t" errors="0" failures="0" skipped="0" tests="4" time="0.041827917098999">
    <system-out>1..4
ok 1 - Equals
ok 2 - Equals
ok 3 - Equals
ok 4 - Equals
</system-out>
    <testcase name="Equals (426)" classname="spec_perl_TestEnumLongRangeU_t" time="0.000211000442504883" />
    <testcase name="Equals (427)" classname="spec_perl_TestEnumLongRangeU_t" time="8.60691070556641e-05" />
    <testcase name="Equals (428)" classname="spec_perl_TestEnumLongRangeU_t" time="0.000159978866577148" />
    <testcase name="Equals (429)" classname="spec_perl_TestEnumLongRangeU_t" time="0.000121831893920898" />
  </testsuite>
  <testsuite name="spec_perl_TestDefaultEndianExprInherited_t" errors="0" failures="0" skipped="0" tests="15" time="0.0446619987487793">
    <system-out>1..15
ok 1 - Equals
ok 2 - Equals
ok 3 - Equals
ok 4 - Equals
ok 5 - Equals
ok 6 - Equals
ok 7 - Equals
ok 8 - Equals
ok 9 - Equals
ok 10 - Equals
ok 11 - Equals
ok 12 - Equals
ok 13 - Equals
ok 14 - Equals
ok 15 - Equals
</system-out>
    <testcase name="Equals (430)" classname="spec_perl_TestDefaultEndianExprInherited_t" time="0.000272989273071289" />
    <testcase name="Equals (431)" classname="spec_perl_TestDefaultEndianExprInherited_t" time="7.79628753662109e-05" />
    <testcase name="Equals (432)" classname="spec_perl_TestDefaultEndianExprInherited_t" time="0.000127077102661133" />
    <testcase name="Equals (433)" classname="spec_perl_TestDefaultEndianExprInherited_t" time="0.000128030776977539" />
    <testcase name="Equals (434)" classname="spec_perl_TestDefaultEndianExprInherited_t" time="0.00014495849609375" />
    <testcase name="Equals (435)" classname="spec_perl_TestDefaultEndianExprInherited_t" time="0.000129938125610352" />
    <testcase name="Equals (436)" classname="spec_perl_TestDefaultEndianExprInherited_t" time="0.000120162963867188" />
    <testcase name="Equals (437)" classname="spec_perl_TestDefaultEndianExprInherited_t" time="0.000118017196655273" />
    <testcase name="Equals (438)" classname="spec_perl_TestDefaultEndianExprInherited_t" time="0.000140905380249023" />
    <testcase name="Equals (439)" classname="spec_perl_TestDefaultEndianExprInherited_t" time="0.000150918960571289" />
    <testcase name="Equals (440)" classname="spec_perl_TestDefaultEndianExprInherited_t" time="0.000146150588989258" />
    <testcase name="Equals (441)" classname="spec_perl_TestDefaultEndianExprInherited_t" time="0.000123023986816406" />
    <testcase name="Equals (442)" classname="spec_perl_TestDefaultEndianExprInherited_t" time="0.000151872634887695" />
    <testcase name="Equals (443)" classname="spec_perl_TestDefaultEndianExprInherited_t" time="0.00011897087097168" />
    <testcase name="Equals (444)" classname="spec_perl_TestDefaultEndianExprInherited_t" time="0.000151157379150391" />
  </testsuite>
  <testsuite name="spec_perl_TestEnumLongRangeS_t" errors="0" failures="0" skipped="0" tests="7" time="0.0422720909118652">
    <system-out>1..7
ok 1 - Equals
ok 2 - Equals
ok 3 - Equals
ok 4 - Equals
ok 5 - Equals
ok 6 - Equals
ok 7 - Equals
</system-out>
[...]
    </testcase>
    <testcase name="Unnamed test case 636" classname="spec_perl_TestExprCalcArrayOps_t" time="0.000337123870849609">
      <skipped message="ok 14 # skip test_expr_calc_array_ops died" />
    </testcase>
    <testcase name="Unnamed test case 637" classname="spec_perl_TestExprCalcArrayOps_t" time="0.000367879867553711">
      <skipped message="ok 15 # skip test_expr_calc_array_ops died" />
    </testcase>
    <testcase name="Unnamed test case 638" classname="spec_perl_TestExprCalcArrayOps_t" time="0.000401020050048828">
      <skipped message="ok 16 # skip test_expr_calc_array_ops died" />
    </testcase>
    <testcase name="Unnamed test case 639" classname="spec_perl_TestExprCalcArrayOps_t" time="0.00038909912109375">
      <skipped message="ok 17 # skip test_expr_calc_array_ops died" />
    </testcase>
    <testcase name="Unnamed test case 640" classname="spec_perl_TestExprCalcArrayOps_t" time="0.000297069549560547">
      <skipped message="ok 18 # skip test_expr_calc_array_ops died" />
    </testcase>
  </testsuite>
  <testsuite name="spec_perl_TestParamsCallExtraParens_t" errors="0" failures="1" skipped="0" tests="1" time="0.0487411022186279">
    <system-out>1..1
not ok 1 - Equals
</system-out>
    <testcase name="Equals (640)" classname="spec_perl_TestParamsCallExtraParens_t" time="0.0016629695892334">
      <failure message="not ok 1 - Equals" type="TAP::Parser::Result::Test"></failure>
    </testcase>
  </testsuite>
  <testsuite name="spec_perl_TestEofExceptionU4_t" errors="0" failures="0" skipped="0" tests="1" time="0.042853832244873">
    <system-out>1..1
ok 1 - Died
</system-out>
    <testcase name="Died (640)" classname="spec_perl_TestEofExceptionU4_t" time="0.000164031982421875" />
  </testsuite>
  <testsuite name="spec_perl_TestBcdUserTypeBe_t" errors="0" failures="0" skipped="0" tests="6" time="0.0438880920410156">
    <system-out>1..6
ok 1 - Equals
ok 2 - Equals
ok 3 - Equals
ok 4 - Equals
ok 5 - Equals
ok 6 - Equals
</system-out>
    <testcase name="Equals (641)" classname="spec_perl_TestBcdUserTypeBe_t" time="0.000540971755981445" />
    <testcase name="Equals (642)" classname="spec_perl_TestBcdUserTypeBe_t" time="9.60826873779297e-05" />
    <testcase name="Equals (643)" classname="spec_perl_TestBcdUserTypeBe_t" time="5.60283660888672e-05" />
    <testcase name="Equals (644)" classname="spec_perl_TestBcdUserTypeBe_t" time="0.000169038772583008" />
    <testcase name="Equals (645)" classname="spec_perl_TestBcdUserTypeBe_t" time="0.000139951705932617" />
    <testcase name="Equals (646)" classname="spec_perl_TestBcdUserTypeBe_t" time="0.000136852264404297" />
  </testsuite>
  <testsuite name="spec_perl_TestExprBits_t" errors="0" failures="0" skipped="0" tests="10" time="0.0438978672027588">
    <system-out>1..10
ok 1 - Equals
ok 2 - Equals
ok 3 - Equals
ok 4 - Equals
ok 5 - Equals
ok 6 - Equals
ok 7 - Equals
ok 8 - Equals
ok 9 - Equals
ok 10 - Equals
</system-out>
    <testcase name="Equals (647)" classname="spec_perl_TestExprBits_t" time="0.000324010848999023" />
    <testcase name="Equals (648)" classname="spec_perl_TestExprBits_t" time="7.89165496826172e-05" />
    <testcase name="Equals (649)" classname="spec_perl_TestExprBits_t" time="0.000102996826171875" />
    <testcase name="Equals (650)" classname="spec_perl_TestExprBits_t" time="0.000133037567138672" />
    <testcase name="Equals (651)" classname="spec_perl_TestExprBits_t" time="0.000132083892822266" />
    <testcase name="Equals (652)" classname="spec_perl_TestExprBits_t" time="0.000123023986816406" />
    <testcase name="Equals (653)" classname="spec_perl_TestExprBits_t" time="0.000143051147460938" />
    <testcase name="Equals (654)" classname="spec_perl_TestExprBits_t" time="0.000108957290649414" />
    <testcase name="Equals (655)" classname="spec_perl_TestExprBits_t" time="0.000146865844726562" />
    <testcase name="Equals (656)" classname="spec_perl_TestExprBits_t" time="0.000130176544189453" />
  </testsuite>
  <testsuite name="spec_perl_TestEnumDeep_t" errors="0" failures="0" skipped="0" tests="2" time="0.0422549247741699">
    <system-out>1..2
ok 1 - Equals
ok 2 - Equals
</system-out>
    <testcase name="Equals (657)" classname="spec_perl_TestEnumDeep_t" time="0.000182151794433594" />
    <testcase name="Equals (658)" classname="spec_perl_TestEnumDeep_t" time="0.000113010406494141" />
  </testsuite>
  <testsuite name="spec_perl_TestRepeatUntilSized_t" errors="0" failures="0" skipped="0" tests="7" time="0.0427021980285645">
    <system-out>1..7
ok 1 - Equals
ok 2 - Equals
ok 3 - Equals
ok 4 - Equals
ok 5 - Equals
ok 6 - Equals
ok 7 - Equals
</system-out>
    <testcase name="Equals (659)" classname="spec_perl_TestRepeatUntilSized_t" time="0.0004730224609375" />
    <testcase name="Equals (660)" classname="spec_perl_TestRepeatUntilSized_t" time="9.01222229003906e-05" />
    <testcase name="Equals (661)" classname="spec_perl_TestRepeatUntilSized_t" time="5.88893890380859e-05" />
    <testcase name="Equals (662)" classname="spec_perl_TestRepeatUntilSized_t" time="0.000190019607543945" />
    <testcase name="Equals (663)" classname="spec_perl_TestRepeatUntilSized_t" time="0.000108003616333008" />
    <testcase name="Equals (664)" classname="spec_perl_TestRepeatUntilSized_t" time="0.000138998031616211" />
    <testcase name="Equals (665)" classname="spec_perl_TestRepeatUntilSized_t" time="0.000130891799926758" />
  </testsuite>
  <testsuite name="spec_perl_TestTermBytes_t" errors="0" failures="0" skipped="0" tests="3" time="0.0417900085449219">
    <system-out>1..3
ok 1 - Equals
ok 2 - Equals
ok 3 - Equals
</system-out>
    <testcase name="Equals (666)" classname="spec_perl_TestTermBytes_t" time="0.000232934951782227" />
    <testcase name="Equals (667)" classname="spec_perl_TestTermBytes_t" time="7.89165496826172e-05" />
    <testcase name="Equals (668)" classname="spec_perl_TestTermBytes_t" time="0.000120162963867188" />
  </testsuite>
  <testsuite name="spec_perl_TestExpr1_t" errors="0" failures="0" skipped="0" tests="4" time="0.0454370975494385">
    <system-out>1..4
ok 1 - Equals
ok 2 - Equals
ok 3 - Equals
ok 4 - Equals
</system-out>
    <testcase name="Equals (669)" classname="spec_perl_TestExpr1_t" time="0.000229120254516602" />
    <testcase name="Equals (670)" classname="spec_perl_TestExpr1_t" time="7.98702239990234e-05" />
    <testcase name="Equals (671)" classname="spec_perl_TestExpr1_t" time="0.000132083892822266" />
    <testcase name="Equals (672)" classname="spec_perl_TestExpr1_t" time="0.000139951705932617" />
  </testsuite>
  <testsuite name="spec_perl_TestNestedTypes2_t" errors="0" failures="0" skipped="0" tests="7" time="0.0439510345458984">
    <system-out>1..7
ok 1 - Equals
ok 2 - Equals
ok 3 - Equals
ok 4 - Equals
ok 5 - Equals
ok 6 - Equals
ok 7 - Equals
</system-out>
    <testcase name="Equals (673)" classname="spec_perl_TestNestedTypes2_t" time="0.000241994857788086" />
    <testcase name="Equals (674)" classname="spec_perl_TestNestedTypes2_t" time="7.70092010498047e-05" />
    <testcase name="Equals (675)" classname="spec_perl_TestNestedTypes2_t" time="0.000140905380249023" />
    <testcase name="Equals (676)" classname="spec_perl_TestNestedTypes2_t" time="0.000131130218505859" />
    <testcase name="Equals (677)" classname="spec_perl_TestNestedTypes2_t" time="0.000136852264404297" />
    <testcase name="Equals (678)" classname="spec_perl_TestNestedTypes2_t" time="0.000131130218505859" />
    <testcase name="Equals (679)" classname="spec_perl_TestNestedTypes2_t" time="0.000115871429443359" />
  </testsuite>
  <testsuite name="spec_perl_TestIndexToParamExpr_t" errors="0" failures="2" skipped="0" tests="7" time="0.0731830596923828">
    <system-out>1..7
ok 1 - Equals
ok 2 - Equals
ok 3 - Equals
ok 4 - Equals
ok 5 - Equals
not ok 6 - Equals
not ok 7 - Equals
</system-out>
    <testcase name="Equals (680)" classname="spec_perl_TestIndexToParamExpr_t" time="0.000720024108886719" />
    <testcase name="Equals (681)" classname="spec_perl_TestIndexToParamExpr_t" time="0.000307083129882812" />
    <testcase name="Equals (682)" classname="spec_perl_TestIndexToParamExpr_t" time="0.000267982482910156" />
    <testcase name="Equals (683)" classname="spec_perl_TestIndexToParamExpr_t" time="0.000275850296020508" />
    <testcase name="Equals (684)" classname="spec_perl_TestIndexToParamExpr_t" time="0.000276088714599609" />
    <testcase name="Equals (685)" classname="spec_perl_TestIndexToParamExpr_t" time="0.000325918197631836">
      <failure message="not ok 6 - Equals" type="TAP::Parser::Result::Test"></failure>
    </testcase>
    <testcase name="Equals (686)" classname="spec_perl_TestIndexToParamExpr_t" time="0.000833034515380859">
      <failure message="not ok 7 - Equals" type="TAP::Parser::Result::Test"></failure>
    </testcase>
  </testsuite>
  <testsuite name="spec_perl_TestBytesPadTerm_t" errors="0" failures="0" skipped="0" tests="4" time="0.0418689250946045">
    <system-out>1..4
ok 1 - Equals
ok 2 - Equals
ok 3 - Equals
ok 4 - Equals
</system-out>
    <testcase name="Equals (687)" classname="spec_perl_TestBytesPadTerm_t" time="0.000247001647949219" />
    <testcase name="Equals (688)" classname="spec_perl_TestBytesPadTerm_t" time="0.000130176544189453" />
    <testcase name="Equals (689)" classname="spec_perl_TestBytesPadTerm_t" time="0.000134944915771484" />
    <testcase name="Equals (690)" classname="spec_perl_TestBytesPadTerm_t" time="0.000140905380249023" />
  </testsuite>
  <testsuite name="spec_perl_TestEnumOfValueInst_t" errors="0" failures="0" skipped="0" tests="4" time="0.0418689250946045">
    <system-out>1..4
ok 1 - Equals
ok 2 - Equals
ok 3 - Equals
ok 4 - Equals
</system-out>
    <testcase name="Equals (691)" classname="spec_perl_TestEnumOfValueInst_t" time="0.000223875045776367" />
    <testcase name="Equals (692)" classname="spec_perl_TestEnumOfValueInst_t" time="9.51290130615234e-05" />
    <testcase name="Equals (693)" classname="spec_perl_TestEnumOfValueInst_t" time="0.0001220703125" />
    <testcase name="Equals (694)" classname="spec_perl_TestEnumOfValueInst_t" time="0.000150918960571289" />
  </testsuite>
  <testsuite name="spec_perl_TestRepeatNStrz_t" errors="0" failures="0" skipped="0" tests="2" time="0.0444071292877197">
    <system-out>1..2
ok 1 - Equals
ok 2 - Equals
</system-out>
    <testcase name="Equals (695)" classname="spec_perl_TestRepeatNStrz_t" time="0.000280141830444336" />
    <testcase name="Equals (696)" classname="spec_perl_TestRepeatNStrz_t" time="7.89165496826172e-05" />
  </testsuite>
  <testsuite name="spec_perl_TestEnumIntRangeS_t" errors="0" failures="0" skipped="0" tests="3" time="0.0421149730682373">
    <system-out>1..3
ok 1 - Equals
ok 2 - Equals
ok 3 - Equals
</system-out>
    <testcase name="Equals (697)" classname="spec_perl_TestEnumIntRangeS_t" time="0.000236988067626953" />
    <testcase name="Equals (698)" classname="spec_perl_TestEnumIntRangeS_t" time="7.70092010498047e-05" />
    <testcase name="Equals (699)" classname="spec_perl_TestEnumIntRangeS_t" time="0.000124931335449219" />
  </testsuite>
  <testsuite name="spec_perl_TestZlibWithHeader78_t" errors="0" failures="0" skipped="0" tests="1" time="0.0617430210113525">
    <system-out>1..1
ok 1 - Equals
</system-out>
    <testcase name="Equals (700)" classname="spec_perl_TestZlibWithHeader78_t" time="0.000309228897094727" />
  </testsuite>
  <testsuite name="spec_perl_TestSwitchMultiBoolOps_t" errors="0" failures="0" skipped="0" tests="9" time="0.043281078338623">
    <system-out>1..9
ok 1 - Equals
ok 2 - Equals
ok 3 - Equals
ok 4 - Equals
ok 5 - Equals
ok 6 - Equals
ok 7 - Equals
ok 8 - Equals
ok 9 - Equals
</system-out>
    <testcase name="Equals (701)" classname="spec_perl_TestSwitchMultiBoolOps_t" time="0.000229120254516602" />
    <testcase name="Equals (702)" classname="spec_perl_TestSwitchMultiBoolOps_t" time="7.79628753662109e-05" />
    <testcase name="Equals (703)" classname="spec_perl_TestSwitchMultiBoolOps_t" time="0.000135898590087891" />
    <testcase name="Equals (704)" classname="spec_perl_TestSwitchMultiBoolOps_t" time="0.000136137008666992" />
    <testcase name="Equals (705)" classname="spec_perl_TestSwitchMultiBoolOps_t" time="0.000114917755126953" />
    <testcase name="Equals (706)" classname="spec_perl_TestSwitchMultiBoolOps_t" time="0.00014495849609375" />
    <testcase name="Equals (707)" classname="spec_perl_TestSwitchMultiBoolOps_t" time="0.000108003616333008" />
    <testcase name="Equals (708)" classname="spec_perl_TestSwitchMultiBoolOps_t" time="0.000128984451293945" />
    <testcase name="Equals (709)" classname="spec_perl_TestSwitchMultiBoolOps_t" time="0.000143051147460938" />
  </testsuite>
  <testsuite name="spec_perl_TestEosExceptionU4_t" errors="0" failures="0" skipped="0" tests="1" time="0.0442259311676025">
    <system-out>1..1
ok 1 - Died
</system-out>
    <testcase name="Died (709)" classname="spec_perl_TestEosExceptionU4_t" time="0.000393867492675781" />
  </testsuite>
  <testsuite name="spec_perl_TestDefaultEndianExprIsLe_t" errors="0" failures="0" skipped="0" tests="12" time="0.0434091091156006">
    <system-out>1..12
ok 1 - Equals
ok 2 - Equals
ok 3 - Equals
ok 4 - Equals
ok 5 - Equals
ok 6 - Equals
ok 7 - Equals
ok 8 - Equals
ok 9 - Equals
ok 10 - Equals
ok 11 - Equals
ok 12 - Equals
</system-out>
    <testcase name="Equals (710)" classname="spec_perl_TestDefaultEndianExprIsLe_t" time="0.000250816345214844" />
    <testcase name="Equals (711)" classname="spec_perl_TestDefaultEndianExprIsLe_t" time="0.000101089477539062" />
    <testcase name="Equals (712)" classname="spec_perl_TestDefaultEndianExprIsLe_t" time="7.89165496826172e-05" />
    <testcase name="Equals (713)" classname="spec_perl_TestDefaultEndianExprIsLe_t" time="0.000152111053466797" />
    <testcase name="Equals (714)" classname="spec_perl_TestDefaultEndianExprIsLe_t" time="0.000115871429443359" />
    <testcase name="Equals (715)" classname="spec_perl_TestDefaultEndianExprIsLe_t" time="0.000141143798828125" />
    <testcase name="Equals (716)" classname="spec_perl_TestDefaultEndianExprIsLe_t" time="0.000165939331054688" />
    <testcase name="Equals (717)" classname="spec_perl_TestDefaultEndianExprIsLe_t" time="0.000117063522338867" />
    <testcase name="Equals (718)" classname="spec_perl_TestDefaultEndianExprIsLe_t" time="0.000123023986816406" />
    <testcase name="Equals (719)" classname="spec_perl_TestDefaultEndianExprIsLe_t" time="0.000125885009765625" />
    <testcase name="Equals (720)" classname="spec_perl_TestDefaultEndianExprIsLe_t" time="0.000143051147460938" />
    <testcase name="Equals (721)" classname="spec_perl_TestDefaultEndianExprIsLe_t" time="0.000118017196655273" />
  </testsuite>
  <testsuite name="spec_perl_TestIfValues_t" errors="0" failures="0" skipped="0" tests="6" time="0.0432109832763672">
    <system-out>1..6
ok 1 - Equals
ok 2 - Equals
ok 3 - Equals
ok 4 - nil
ok 5 - Equals
ok 6 - nil
</system-out>
    <testcase name="Equals (722)" classname="spec_perl_TestIfValues_t" time="0.00020599365234375" />
    <testcase name="Equals (723)" classname="spec_perl_TestIfValues_t" time="7.29560852050781e-05" />
    <testcase name="Equals (724)" classname="spec_perl_TestIfValues_t" time="0.000143051147460938" />
    <testcase name="nil (724)" classname="spec_perl_TestIfValues_t" time="6.103515625e-05" />
    <testcase name="Equals (725)" classname="spec_perl_TestIfValues_t" time="0.000116825103759766" />
    <testcase name="nil (725)" classname="spec_perl_TestIfValues_t" time="5.69820404052734e-05" />
  </testsuite>
  <testsuite name="spec_perl_TestExpr2_t" errors="0" failures="0" skipped="0" tests="17" time="0.0483758449554443">
    <system-out>1..17
ok 1 - Equals
ok 2 - Equals
ok 3 - Equals
ok 4 - Equals
ok 5 - Equals
ok 6 - Equals
ok 7 - Equals
ok 8 - Equals
ok 9 - Equals
ok 10 - Equals
ok 11 - Equals
ok 12 - Equals
ok 13 - Equals
ok 14 - Equals
ok 15 - Equals
ok 16 - Equals
ok 17 - Equals
</system-out>
    <testcase name="Equals (726)" classname="spec_perl_TestExpr2_t" time="0.000528097152709961" />
    <testcase name="Equals (727)" classname="spec_perl_TestExpr2_t" time="8.89301300048828e-05" />
    <testcase name="Equals (728)" classname="spec_perl_TestExpr2_t" time="0.000102996826171875" />
    <testcase name="Equals (729)" classname="spec_perl_TestExpr2_t" time="0.000140905380249023" />
    <testcase name="Equals (730)" classname="spec_perl_TestExpr2_t" time="0.000128030776977539" />
    <testcase name="Equals (731)" classname="spec_perl_TestExpr2_t" time="0.000139951705932617" />
    <testcase name="Equals (732)" classname="spec_perl_TestExpr2_t" time="0.000121116638183594" />
    <testcase name="Equals (733)" classname="spec_perl_TestExpr2_t" time="0.000181913375854492" />
    <testcase name="Equals (734)" classname="spec_perl_TestExpr2_t" time="0.000149965286254883" />
    <testcase name="Equals (735)" classname="spec_perl_TestExpr2_t" time="0.000117063522338867" />
    <testcase name="Equals (736)" classname="spec_perl_TestExpr2_t" time="0.000146150588989258" />
    <testcase name="Equals (737)" classname="spec_perl_TestExpr2_t" time="0.000123977661132812" />
    <testcase name="Equals (738)" classname="spec_perl_TestExpr2_t" time="0.000157833099365234" />
    <testcase name="Equals (739)" classname="spec_perl_TestExpr2_t" time="0.000164031982421875" />
    <testcase name="Equals (740)" classname="spec_perl_TestExpr2_t" time="0.000111103057861328" />
    <testcase name="Equals (741)" classname="spec_perl_TestExpr2_t" time="0.000149011611938477" />
    <testcase name="Equals (742)" classname="spec_perl_TestExpr2_t" time="0.000119924545288086" />
  </testsuite>
  <testsuite name="spec_perl_TestValidNotParsedIf_t" errors="1" failures="0" skipped="0" tests="0" time="0.0499110221862793">
    <system-out></system-out>
    <testcase name="Test died too soon, even before plan. (742)" classname="spec_perl_TestValidNotParsedIf_t" time="0.0499110221862793">
      <failure message="The test suite died before a plan was produced. You need to have a plan." type="Plan">No plan</failure>
    </testcase>
  </testsuite>
  <testsuite name="spec_perl_TestCastToImported_t" errors="0" failures="0" skipped="0" tests="2" time="0.0419919490814209">
    <system-out>1..2
ok 1 - Equals
ok 2 - Equals
</system-out>
    <testcase name="Equals (743)" classname="spec_perl_TestCastToImported_t" time="0.000213861465454102" />
    <testcase name="Equals (744)" classname="spec_perl_TestCastToImported_t" time="7.41481781005859e-05" />
  </testsuite>
  <testsuite name="spec_perl_TestZlibSurrounded_t" errors="0" failures="0" skipped="0" tests="1" time="0.0619900226593018">
    <system-out>1..1
ok 1 - Equals
</system-out>
    <testcase name="Equals (745)" classname="spec_perl_TestZlibSurrounded_t" time="0.000535964965820312" />
  </testsuite>
  <testsuite name="spec_perl_TestNavParentOverride_t" errors="0" failures="0" skipped="0" tests="3" time="0.0420660972595215">
    <system-out>1..3
ok 1 - Equals
ok 2 - Equals
ok 3 - Equals
</system-out>
    <testcase name="Equals (746)" classname="spec_perl_TestNavParentOverride_t" time="0.000262022018432617" />
    <testcase name="Equals (747)" classname="spec_perl_TestNavParentOverride_t" time="8.51154327392578e-05" />
    <testcase name="Equals (748)" classname="spec_perl_TestNavParentOverride_t" time="6.29425048828125e-05" />
  </testsuite>
  <testsuite name="spec_perl_TestOpaqueExternalType02Parent_t" errors="0" failures="0" skipped="0" tests="3" time="0.0463969707489014">
    <system-out>1..3
ok 1 - Equals
ok 2 - Equals
ok 3 - Equals
</system-out>
    <testcase name="Equals (749)" classname="spec_perl_TestOpaqueExternalType02Parent_t" time="0.000319004058837891" />
    <testcase name="Equals (750)" classname="spec_perl_TestOpaqueExternalType02Parent_t" time="8.51154327392578e-05" />
    <testcase name="Equals (751)" classname="spec_perl_TestOpaqueExternalType02Parent_t" time="7.67707824707031e-05" />
  </testsuite>
</testsuites>
