<?xml version='1.0' encoding='utf-8'?>
<testsuites>
  <testsuite name="spec_perl_TestNestedTypeParam_t" errors="0" failures="2" skipped="0" tests="2" time="0.0463519096374512">
    <system-out>1..2
not ok 1 - Equals
not ok 2 - Equals
</system-out>
    <testcase name="Equals" classname="spec_perl_TestNestedTypeParam_t" time="0.00187993049621582">
      <failure message="not ok 1 - Equals" type="TAP::Parser::Result::Test"></failure>
    </testcase>
    <testcase name="Equals (2)" classname="spec_perl_TestNestedTypeParam_t" time="0.000874042510986328">
      <failure message="not ok 2 - Equals" type="TAP::Parser::Result::Test"></failure>
    </testcase>
  </testsuite>
  <testsuite name="spec_perl_TestProcessXor4Value_t" errors="0" failures="0" skipped="0" tests="2" time="0.0388510227203369">
    <system-out>1..2
ok 1 - Equals
ok 2 - Equals
</system-out>
    <testcase name="Equals (3)" classname="spec_perl_TestProcessXor4Value_t" time="0.00146698951721191" />
    <testcase name="Equals (4)" classname="spec_perl_TestProcessXor4Value_t" time="7.20024108886719e-05" />
  </testsuite>
  <testsuite name="spec_perl_TestOptionalId_t" errors="0" failures="0" skipped="0" tests="3" time="0.0384321212768555">
    <system-out>1..3
ok 1 - Equals
ok 2 - Equals
ok 3 - Equals
</system-out>
    <testcase name="Equals (5)" classname="spec_perl_TestOptionalId_t" time="0.00142383575439453" />
    <testcase name="Equals (6)" classname="spec_perl_TestOptionalId_t" time="7.70092010498047e-05" />
    <testcase name="Equals (7)" classname="spec_perl_TestOptionalId_t" time="6.29425048828125e-05" />
  </testsuite>
  <testsuite name="spec_perl_TestSwitchRepeatExprInvalid_t" errors="0" failures="0" skipped="0" tests="3" time="0.0405240058898926">
    <system-out>1..3
ok 1 - Equals
ok 2 - Equals
ok 3 - Equals
</system-out>
    <testcase name="Equals (8)" classname="spec_perl_TestSwitchRepeatExprInvalid_t" time="0.00152707099914551" />
    <testcase name="Equals (9)" classname="spec_perl_TestSwitchRepeatExprInvalid_t" time="7.70092010498047e-05" />
    <testcase name="Equals (10)" classname="spec_perl_TestSwitchRepeatExprInvalid_t" time="6.103515625e-05" />
  </testsuite>
  <testsuite name="spec_perl_TestStrLiterals_t" errors="0" failures="0" skipped="0" tests="5" time="0.0420210361480713">
    <system-out>1..5
ok 1 - Equals
ok 2 - Equals
ok 3 - Equals
ok 4 - Equals
ok 5 - Equals
</system-out>
    <testcase name="Equals (11)" classname="spec_perl_TestStrLiterals_t" time="0.00161218643188477" />
    <testcase name="Equals (12)" classname="spec_perl_TestStrLiterals_t" time="7.39097595214844e-05" />
    <testcase name="Equals (13)" classname="spec_perl_TestStrLiterals_t" time="7.29560852050781e-05" />
    <testcase name="Equals (14)" classname="spec_perl_TestStrLiterals_t" time="0.000103950500488281" />
    <testcase name="Equals (15)" classname="spec_perl_TestStrLiterals_t" time="9.51290130615234e-05" />
  </testsuite>
  <testsuite name="spec_perl_TestRepeatUntilSized_t" errors="0" failures="0" skipped="0" tests="7" time="0.0391650199890137">
    <system-out>1..7
ok 1 - Equals
ok 2 - Equals
ok 3 - Equals
ok 4 - Equals
ok 5 - Equals
ok 6 - Equals
ok 7 - Equals
</system-out>
    <testcase name="Equals (16)" classname="spec_perl_TestRepeatUntilSized_t" time="0.00181293487548828" />
    <testcase name="Equals (17)" classname="spec_perl_TestRepeatUntilSized_t" time="0.000245094299316406" />
    <testcase name="Equals (18)" classname="spec_perl_TestRepeatUntilSized_t" time="8.58306884765625e-05" />
    <testcase name="Equals (19)" classname="spec_perl_TestRepeatUntilSized_t" time="4.91142272949219e-05" />
    <testcase name="Equals (20)" classname="spec_perl_TestRepeatUntilSized_t" time="4.10079956054688e-05" />
    <testcase name="Equals (21)" classname="spec_perl_TestRepeatUntilSized_t" time="5.79357147216797e-05" />
    <testcase name="Equals (22)" classname="spec_perl_TestRepeatUntilSized_t" time="4.60147857666016e-05" />
  </testsuite>
  <testsuite name="spec_perl_TestParamsCallExtraParens_t" errors="0" failures="1" skipped="0" tests="1" time="0.0467970371246338">
    <system-out>1..1
not ok 1 - Equals
</system-out>
    <testcase name="Equals (23)" classname="spec_perl_TestParamsCallExtraParens_t" time="0.0023348331451416">
      <failure message="not ok 1 - Equals" type="TAP::Parser::Result::Test"></failure>
    </testcase>
  </testsuite>
  <testsuite name="spec_perl_TestNestedTypes2_t" errors="0" failures="0" skipped="0" tests="7" time="0.0403048992156982">
    <system-out>1..7
ok 1 - Equals
ok 2 - Equals
ok 3 - Equals
ok 4 - Equals
ok 5 - Equals
ok 6 - Equals
ok 7 - Equals
</system-out>
    <testcase name="Equals (24)" classname="spec_perl_TestNestedTypes2_t" time="0.00146293640136719" />
    <testcase name="Equals (25)" classname="spec_perl_TestNestedTypes2_t" time="7.98702239990234e-05" />
    <testcase name="Equals (26)" classname="spec_perl_TestNestedTypes2_t" time="6.103515625e-05" />
    <testcase name="Equals (27)" classname="spec_perl_TestNestedTypes2_t" time="5.81741333007812e-05" />
    <testcase name="Equals (28)" classname="spec_perl_TestNestedTypes2_t" time="0.000110864639282227" />
    <testcase name="Equals (29)" classname="spec_perl_TestNestedTypes2_t" time="0.000102043151855469" />
    <testcase name="Equals (30)" classname="spec_perl_TestNestedTypes2_t" time="8.79764556884766e-05" />
  </testsuite>
  <testsuite name="spec_perl_TestSwitchManualInt_t" errors="0" failures="0" skipped="0" tests="9" time="0.050156831741333">
    <system-out>1..9
ok 1 - Equals
ok 2 - Equals
ok 3 - Equals
ok 4 - Equals
ok 5 - Equals
ok 6 - Equals
ok 7 - Equals
ok 8 - Equals
ok 9 - Equals
</system-out>
    <testcase name="Equals (31)" classname="spec_perl_TestSwitchManualInt_t" time="0.00248098373413086" />
    <testcase name="Equals (32)" classname="spec_perl_TestSwitchManualInt_t" time="6.19888305664062e-05" />
    <testcase name="Equals (33)" classname="spec_perl_TestSwitchManualInt_t" time="4.38690185546875e-05" />
    <testcase name="Equals (34)" classname="spec_perl_TestSwitchManualInt_t" time="4.10079956054688e-05" />
    <testcase name="Equals (35)" classname="spec_perl_TestSwitchManualInt_t" time="3.814697265625e-05" />
    <testcase name="Equals (36)" classname="spec_perl_TestSwitchManualInt_t" time="4.88758087158203e-05" />
    <testcase name="Equals (37)" classname="spec_perl_TestSwitchManualInt_t" time="3.69548797607422e-05" />
    <testcase name="Equals (38)" classname="spec_perl_TestSwitchManualInt_t" time="3.60012054443359e-05" />
    <testcase name="Equals (39)" classname="spec_perl_TestSwitchManualInt_t" time="3.50475311279297e-05" />
  </testsuite>
  <testsuite name="spec_perl_TestParamsPassStruct_t" errors="0" failures="1" skipped="1" tests="4" time="0.0422501564025879">
    <system-out>1..4
ok 1 - Equals
ok 2 - Equals
not ok 3 - test_params_pass_struct died (Can't call method &quot;foo&quot; on an undefined value at spec/perl/TestParamsPassStruct.t line 16.)
ok 4 # skip test_params_pass_struct died
</system-out>
    <testcase name="Equals (40)" classname="spec_perl_TestParamsPassStruct_t" time="0.00150895118713379" />
    <testcase name="Equals (41)" classname="spec_perl_TestParamsPassStruct_t" time="7.39097595214844e-05" />
    <testcase name="test_params_pass_struct died (Can't call method &quot;foo&quot; on an undefined value at spec/perl/TestParamsPassStruct.t line 16.) (41)" classname="spec_perl_TestParamsPassStruct_t" time="0.000105142593383789">
      <failure message="not ok 3 - test_params_pass_struct died (Can't call method &quot;foo&quot; on an undefined value at spec/perl/TestParamsPassStruct.t line 16.)" type="TAP::Parser::Result::Test"></failure>
    </testcase>
    <testcase name="Unnamed test case 41" classname="spec_perl_TestParamsPassStruct_t" time="0.000296831130981445">
      <skipped message="ok 4 # skip test_params_pass_struct died" />
    </testcase>
  </testsuite>
  <testsuite name="spec_perl_TestStrEncodingsDefault_t" errors="0" failures="0" skipped="0" tests="4" time="0.0513958930969238">
    <system-out>1..4
ok 1 - Equals
ok 2 - Equals
ok 3 - Equals
ok 4 - Equals
</system-out>
    <testcase name="Equals (42)" classname="spec_perl_TestStrEncodingsDefault_t" time="0.00660991668701172" />
    <testcase name="Equals (43)" classname="spec_perl_TestStrEncodingsDefault_t" time="8.392333984375e-05" />
    <testcase name="Equals (44)" classname="spec_perl_TestStrEncodingsDefault_t" time="7.00950622558594e-05" />
    <testcase name="Equals (45)" classname="spec_perl_TestStrEncodingsDefault_t" time="5.69820404052734e-05" />
  </testsuite>
  <testsuite name="spec_perl_TestExprIfIntOps_t" errors="0" failures="0" skipped="0" tests="2" time="0.0386159420013428">
    <system-out>1..2
ok 1 - Equals
ok 2 - Equals
</system-out>
    <testcase name="Equals (46)" classname="spec_perl_TestExprIfIntOps_t" time="0.00145411491394043" />
    <testcase name="Equals (47)" classname="spec_perl_TestExprIfIntOps_t" time="0.000108957290649414" />
  </testsuite>
  <testsuite name="spec_perl_TestRepeatNStrz_t" errors="0" failures="0" skipped="0" tests="2" time="0.0518507957458496">
    <system-out>1..2
ok 1 - Equals
ok 2 - Equals
</system-out>
    <testcase name="Equals (48)" classname="spec_perl_TestRepeatNStrz_t" time="0.00147294998168945" />
    <testcase name="Equals (49)" classname="spec_perl_TestRepeatNStrz_t" time="8.70227813720703e-05" />
  </testsuite>
  <testsuite name="spec_perl_TestRepeatEosU4_t" errors="0" failures="0" skipped="0" tests="1" time="0.0413599014282227">
    <system-out>1..1
ok 1 - Equals
</system-out>
    <testcase name="Equals (50)" classname="spec_perl_TestRepeatEosU4_t" time="0.00152802467346191" />
  </testsuite>
  <testsuite name="spec_perl_TestValidOptionalId_t" errors="1" failures="0" skipped="0" tests="0" time="0.0352659225463867">
    <system-out></system-out>
    <testcase name="Test died too soon, even before plan. (50)" classname="spec_perl_TestValidOptionalId_t" time="0.0352659225463867">
      <failure message="The test suite died before a plan was produced. You need to have a plan." type="Plan">No plan</failure>
    </testcase>
  </testsuite>
  <testsuite name="spec_perl_TestProcessCoerceBytes_t" errors="0" failures="0" skipped="0" tests="4" time="0.0402657985687256">
    <system-out>1..4
ok 1 - Equals
ok 2 - Equals
ok 3 - Equals
ok 4 - Equals
</system-out>
    <testcase name="Equals (51)" classname="spec_perl_TestProcessCoerceBytes_t" time="0.0023200511932373" />
    <testcase name="Equals (52)" classname="spec_perl_TestProcessCoerceBytes_t" time="7.70092010498047e-05" />
    <testcase name="Equals (53)" classname="spec_perl_TestProcessCoerceBytes_t" time="5.88893890380859e-05" />
    <testcase name="Equals (54)" classname="spec_perl_TestProcessCoerceBytes_t" time="9.60826873779297e-05" />
  </testsuite>
  <testsuite name="spec_perl_TestTypeTernary_t" errors="0" failures="0" skipped="0" tests="1" time="0.0390310287475586">
    <system-out>1..1
ok 1 - Equals
</system-out>
    <testcase name="Equals (55)" classname="spec_perl_TestTypeTernary_t" time="0.00193095207214355" />
  </testsuite>
  <testsuite name="spec_perl_TestSwitchManualIntSize_t" errors="0" failures="0" skipped="0" tests="10" time="0.0487120151519775">
    <system-out>1..10
ok 1 - Equals
ok 2 - Equals
ok 3 - Equals
ok 4 - Equals
ok 5 - Equals
ok 6 - Equals
ok 7 - Equals
ok 8 - Equals
ok 9 - Equals
ok 10 - Equals
</system-out>
    <testcase name="Equals (56)" classname="spec_perl_TestSwitchManualIntSize_t" time="0.00224781036376953" />
    <testcase name="Equals (57)" classname="spec_perl_TestSwitchManualIntSize_t" time="9.60826873779297e-05" />
    <testcase name="Equals (58)" classname="spec_perl_TestSwitchManualIntSize_t" time="6.19888305664062e-05" />
    <testcase name="Equals (59)" classname="spec_perl_TestSwitchManualIntSize_t" time="6.50882720947266e-05" />
    <testcase name="Equals (60)" classname="spec_perl_TestSwitchManualIntSize_t" time="5.69820404052734e-05" />
    <testcase name="Equals (61)" classname="spec_perl_TestSwitchManualIntSize_t" time="0.00017094612121582" />
    <testcase name="Equals (62)" classname="spec_perl_TestSwitchManualIntSize_t" time="9.60826873779297e-05" />
    <testcase name="Equals (63)" classname="spec_perl_TestSwitchManualIntSize_t" time="9.29832458496094e-05" />
    <testcase name="Equals (64)" classname="spec_perl_TestSwitchManualIntSize_t" time="9.29832458496094e-05" />
    <testcase name="Equals (65)" classname="spec_perl_TestSwitchManualIntSize_t" time="9.29832458496094e-05" />
  </testsuite>
  <testsuite name="spec_perl_TestExprSizeofValue0_t" errors="0" failures="0" skipped="0" tests="5" time="0.0404751300811768">
    <system-out>1..5
ok 1 - Equals
ok 2 - Equals
ok 3 - Equals
ok 4 - Equals
ok 5 - Equals
</system-out>
    <testcase name="Equals (66)" classname="spec_perl_TestExprSizeofValue0_t" time="0.00153708457946777" />
    <testcase name="Equals (67)" classname="spec_perl_TestExprSizeofValue0_t" time="7.39097595214844e-05" />
    <testcase name="Equals (68)" classname="spec_perl_TestExprSizeofValue0_t" time="8.10623168945312e-05" />
    <testcase name="Equals (69)" classname="spec_perl_TestExprSizeofValue0_t" time="9.39369201660156e-05" />
    <testcase name="Equals (70)" classname="spec_perl_TestExprSizeofValue0_t" time="9.10758972167969e-05" />
  </testsuite>
  <testsuite name="spec_perl_TestImportsAbsAbs_t" errors="0" failures="0" skipped="0" tests="3" time="0.0392072200775146">
    <system-out>1..3
ok 1 - Equals
ok 2 - Equals
ok 3 - Equals
</system-out>
    <testcase name="Equals (71)" classname="spec_perl_TestImportsAbsAbs_t" time="0.00145196914672852" />
    <testcase name="Equals (72)" classname="spec_perl_TestImportsAbsAbs_t" time="7.70092010498047e-05" />
    <testcase name="Equals (73)" classname="spec_perl_TestImportsAbsAbs_t" time="5.98430633544922e-05" />
  </testsuite>
  <testsuite name="spec_perl_TestImports0_t" errors="0" failures="0" skipped="0" tests="3" time="0.0411391258239746">
    <system-out>1..3
ok 1 - Equals
ok 2 - Equals
ok 3 - Equals
</system-out>
    <testcase name="Equals (74)" classname="spec_perl_TestImports0_t" time="0.00144386291503906" />
    <testcase name="Equals (75)" classname="spec_perl_TestImports0_t" time="8.32080841064453e-05" />
    <testcase name="Equals (76)" classname="spec_perl_TestImports0_t" time="6.07967376708984e-05" />
  </testsuite>
  <testsuite name="spec_perl_TestBitsShiftByB32Le_t" errors="0" failures="0" skipped="0" tests="2" time="0.0413148403167725">
    <system-out>1..2
ok 1 - Equals
ok 2 - Equals
</system-out>
    <testcase name="Equals (77)" classname="spec_perl_TestBitsShiftByB32Le_t" time="0.00183916091918945" />
    <testcase name="Equals (78)" classname="spec_perl_TestBitsShiftByB32Le_t" time="8.79764556884766e-05" />
  </testsuite>
  <testsuite name="spec_perl_TestExprArray_t" errors="0" failures="1" skipped="0" tests="15" time="0.0474720001220703">
    <system-out>1..15
ok 1 - Equals
ok 2 - Equals
ok 3 - Equals
ok 4 - Equals
ok 5 - Equals
ok 6 - Equals
ok 7 - Approx equals
ok 8 - Approx equals
not ok 9 - Approx equals
ok 10 - Approx equals
ok 11 - Equals
ok 12 - Equals
ok 13 - Equals
ok 14 - Equals
ok 15 - Equals
</system-out>
    <testcase name="Equals (79)" classname="spec_perl_TestExprArray_t" time="0.00169205665588379" />
    <testcase name="Equals (80)" classname="spec_perl_TestExprArray_t" time="8.0108642578125e-05" />
    <testcase name="Equals (81)" classname="spec_perl_TestExprArray_t" time="6.89029693603516e-05" />
    <testcase name="Equals (82)" classname="spec_perl_TestExprArray_t" time="6.103515625e-05" />
    <testcase name="Equals (83)" classname="spec_perl_TestExprArray_t" time="0.000100851058959961" />
    <testcase name="Equals (84)" classname="spec_perl_TestExprArray_t" time="8.91685485839844e-05" />
    <testcase name="Approx equals (84)" classname="spec_perl_TestExprArray_t" time="5.69820404052734e-05" />
    <testcase name="Approx equals (85)" classname="spec_perl_TestExprArray_t" time="5.29289245605469e-05" />
    <testcase name="Approx equals (86)" classname="spec_perl_TestExprArray_t" time="6.41345977783203e-05">
      <failure message="not ok 9 - Approx equals" type="TAP::Parser::Result::Test"></failure>
    </testcase>
    <testcase name="Approx equals (87)" classname="spec_perl_TestExprArray_t" time="0.000640869140625" />
    <testcase name="Equals (87)" classname="spec_perl_TestExprArray_t" time="0.000101089477539062" />
    <testcase name="Equals (88)" classname="spec_perl_TestExprArray_t" time="0.000349044799804688" />
    <testcase name="Equals (89)" classname="spec_perl_TestExprArray_t" time="0.000147819519042969" />
    <testcase name="Equals (90)" classname="spec_perl_TestExprArray_t" time="0.000113964080810547" />
    <testcase name="Equals (91)" classname="spec_perl_TestExprArray_t" time="9.32216644287109e-05" />
  </testsuite>
  <testsuite name="spec_perl_TestNavRoot_t" errors="0" failures="0" skipped="0" tests="5" time="0.0448479652404785">
    <system-out>1..5
ok 1 - Equals
ok 2 - Equals
ok 3 - Equals
ok 4 - Equals
ok 5 - Equals
</system-out>
    <testcase name="Equals (92)" classname="spec_perl_TestNavRoot_t" time="0.00161600112915039" />
    <testcase name="Equals (93)" classname="spec_perl_TestNavRoot_t" time="8.0108642578125e-05" />
    <testcase name="Equals (94)" classname="spec_perl_TestNavRoot_t" time="6.38961791992188e-05" />
    <testcase name="Equals (95)" classname="spec_perl_TestNavRoot_t" time="5.79357147216797e-05" />
    <testcase name="Equals (96)" classname="spec_perl_TestNavRoot_t" time="8.10623168945312e-05" />
  </testsuite>
  <testsuite name="spec_perl_TestFixedContents_t" errors="0" failures="0" skipped="1" tests="1" time="0.0380270481109619">
    <system-out>1..1
ok 1 # skip FixedContents=HASH(0x562caecb55a8)
</system-out>
    <testcase name="Unnamed test case 96" classname="spec_perl_TestFixedContents_t" time="0.00176501274108887">
      <skipped message="ok 1 # skip FixedContents=HASH(0x562caecb55a8)" />
    </testcase>
  </testsuite>
  <testsuite name="spec_perl_TestIfInstances_t" errors="0" failures="0" skipped="0" tests="1" time="0.0402379035949707">
    <system-out>1..1
ok 1 - nil
</system-out>
    <testcase name="nil (96)" classname="spec_perl_TestIfInstances_t" time="0.00151681900024414" />
  </testsuite>
  <testsuite name="spec_perl_TestRepeatNStrzDouble_t" errors="0" failures="0" skipped="0" tests="3" time="0.0456821918487549">
    <system-out>1..3
ok 1 - Equals
ok 2 - Equals
ok 3 - Equals
</system-out>
    <testcase name="Equals (97)" classname="spec_perl_TestRepeatNStrzDouble_t" time="0.00135183334350586" />
    <testcase name="Equals (98)" classname="spec_perl_TestRepeatNStrzDouble_t" time="7.41481781005859e-05" />
    <testcase name="Equals (99)" classname="spec_perl_TestRepeatNStrzDouble_t" time="0.000116825103759766" />
  </testsuite>
  <testsuite name="spec_perl_TestMetaTags_t" errors="0" failures="0" skipped="1" tests="1" time="0.0402741432189941">
    <system-out>1..1
ok 1 # skip MetaTags=HASH(0x55e7d51e4f18)
</system-out>
    <testcase name="Unnamed test case 99" classname="spec_perl_TestMetaTags_t" time="0.00174212455749512">
      <skipped message="ok 1 # skip MetaTags=HASH(0x55e7d51e4f18)" />
    </testcase>
  </testsuite>
  <testsuite name="spec_perl_TestParamsPassArrayUsertype_t" errors="0" failures="1" skipped="4" tests="5" time="0.043626070022583">
    <system-out>1..5
not ok 1 - test_params_pass_array_usertype died (Can't use an undefined value as an ARRAY reference at compiled/perl/ParamsPassArrayUsertype.pm line 123.)
ok 2 # skip test_params_pass_array_usertype died
ok 3 # skip test_params_pass_array_usertype died
ok 4 # skip test_params_pass_array_usertype died
ok 5 # skip test_params_pass_array_usertype died
</system-out>
    <testcase name="test_params_pass_array_usertype died (Can't use an undefined value as an ARRAY reference at compiled/perl/ParamsPassArrayUsertype.pm line 123.) (99)" classname="spec_perl_TestParamsPassArrayUsertype_t" time="0.00177288055419922">
      <failure message="not ok 1 - test_params_pass_array_usertype died (Can't use an undefined value as an ARRAY reference at compiled/perl/ParamsPassArrayUsertype.pm line 123.)" type="TAP::Parser::Result::Test"></failure>
    </testcase>
    <testcase name="Unnamed test case 100" classname="spec_perl_TestParamsPassArrayUsertype_t" time="0.000107049942016602">
      <skipped message="ok 2 # skip test_params_pass_array_usertype died" />
    </testcase>
    <testcase name="Unnamed test case 101" classname="spec_perl_TestParamsPassArrayUsertype_t" time="5.60283660888672e-05">
      <skipped message="ok 3 # skip test_params_pass_array_usertype died" />
    </testcase>
    <testcase name="Unnamed test case 102" classname="spec_perl_TestParamsPassArrayUsertype_t" time="6.4849853515625e-05">
      <skipped message="ok 4 # skip test_params_pass_array_usertype died" />
    </testcase>
    <testcase name="Unnamed test case 103" classname="spec_perl_TestParamsPassArrayUsertype_t" time="9.10758972167969e-05">
      <skipped message="ok 5 # skip test_params_pass_array_usertype died" />
    </testcase>
  </testsuite>
  <testsuite name="spec_perl_TestZlibWithHeader78_t" errors="0" failures="0" skipped="0" tests="1" time="0.0734119415283203">
    <system-out>1..1
ok 1 - Equals
</system-out>
    <testcase name="Equals (103)" classname="spec_perl_TestZlibWithHeader78_t" time="0.00174307823181152" />
  </testsuite>
  <testsuite name="spec_perl_TestTermU1Val_t" errors="0" failures="0" skipped="0" tests="2" time="0.0460188388824463">
    <system-out>1..2
ok 1 - Equals
ok 2 - Equals
</system-out>
    <testcase name="Equals (104)" classname="spec_perl_TestTermU1Val_t" time="0.00172019004821777" />
    <testcase name="Equals (105)" classname="spec_perl_TestTermU1Val_t" time="8.392333984375e-05" />
  </testsuite>
  <testsuite name="spec_perl_TestCombineBytes_t" errors="0" failures="0" skipped="0" tests="10" time="0.0431549549102783">
    <system-out>1..10
ok 1 - Equals
ok 2 - Equals
ok 3 - Equals
ok 4 - Equals
ok 5 - Equals
ok 6 - Equals
ok 7 - Equals
ok 8 - Equals
ok 9 - Equals
ok 10 - Equals
</system-out>
    <testcase name="Equals (106)" classname="spec_perl_TestCombineBytes_t" time="0.00144195556640625" />
    <testcase name="Equals (107)" classname="spec_perl_TestCombineBytes_t" time="7.39097595214844e-05" />
    <testcase name="Equals (108)" classname="spec_perl_TestCombineBytes_t" time="6.00814819335938e-05" />
    <testcase name="Equals (109)" classname="spec_perl_TestCombineBytes_t" time="0.000103950500488281" />
    <testcase name="Equals (110)" classname="spec_perl_TestCombineBytes_t" time="7.79628753662109e-05" />
    <testcase name="Equals (111)" classname="spec_perl_TestCombineBytes_t" time="0.000107049942016602" />
    <testcase name="Equals (112)" classname="spec_perl_TestCombineBytes_t" time="6.00814819335938e-05" />
    <testcase name="Equals (113)" classname="spec_perl_TestCombineBytes_t" time="9.89437103271484e-05" />
    <testcase name="Equals (114)" classname="spec_perl_TestCombineBytes_t" time="8.60691070556641e-05" />
    <testcase name="Equals (115)" classname="spec_perl_TestCombineBytes_t" time="9.98973846435547e-05" />
  </testsuite>
  <testsuite name="spec_perl_TestPositionAbs_t" errors="0" failures="0" skipped="0" tests="2" time="0.0468850135803223">
    <system-out>1..2
ok 1 - Equals
ok 2 - Equals
</system-out>
    <testcase name="Equals (116)" classname="spec_perl_TestPositionAbs_t" time="0.00144004821777344" />
    <testcase name="Equals (117)" classname="spec_perl_TestPositionAbs_t" time="0.000169992446899414" />
  </testsuite>
  <testsuite name="spec_perl_TestStrPadTermEmpty_t" errors="0" failures="0" skipped="0" tests="4" time="0.0451560020446777">
    <system-out>1..4
ok 1 - Equals
ok 2 - Equals
ok 3 - Equals
ok 4 - Equals
</system-out>
    <testcase name="Equals (118)" classname="spec_perl_TestStrPadTermEmpty_t" time="0.00198888778686523" />
    <testcase name="Equals (119)" classname="spec_perl_TestStrPadTermEmpty_t" time="7.41481781005859e-05" />
    <testcase name="Equals (120)" classname="spec_perl_TestStrPadTermEmpty_t" time="5.98430633544922e-05" />
    <testcase name="Equals (121)" classname="spec_perl_TestStrPadTermEmpty_t" time="8.60691070556641e-05" />
  </testsuite>
  <testsuite name="spec_perl_TestBitsByteAligned_t" errors="0" failures="0" skipped="0" tests="9" time="0.0386619567871094">
    <system-out>1..9
ok 1 - Equals
ok 2 - Equals
ok 3 - Equals
ok 4 - Equals
ok 5 - Equals
ok 6 - Equals
ok 7 - Equals
ok 8 - Equals
ok 9 - Equals
</system-out>
    <testcase name="Equals (122)" classname="spec_perl_TestBitsByteAligned_t" time="0.00145101547241211" />
    <testcase name="Equals (123)" classname="spec_perl_TestBitsByteAligned_t" time="7.20024108886719e-05" />
    <testcase name="Equals (124)" classname="spec_perl_TestBitsByteAligned_t" time="5.91278076171875e-05" />
    <testcase name="Equals (125)" classname="spec_perl_TestBitsByteAligned_t" time="0.000105857849121094" />
    <testcase name="Equals (126)" classname="spec_perl_TestBitsByteAligned_t" time="9.20295715332031e-05" />
    <testcase name="Equals (127)" classname="spec_perl_TestBitsByteAligned_t" time="8.41617584228516e-05" />
    <testcase name="Equals (128)" classname="spec_perl_TestBitsByteAligned_t" time="8.79764556884766e-05" />
    <testcase name="Equals (129)" classname="spec_perl_TestBitsByteAligned_t" time="8.70227813720703e-05" />
    <testcase name="Equals (130)" classname="spec_perl_TestBitsByteAligned_t" time="8.67843627929688e-05" />
  </testsuite>
  <testsuite name="spec_perl_TestNavParentSwitchCast_t" errors="0" failures="0" skipped="0" tests="3" time="0.0403811931610107">
    <system-out>1..3
ok 1 - Equals
ok 2 - Equals
ok 3 - Equals
</system-out>
    <testcase name="Equals (131)" classname="spec_perl_TestNavParentSwitchCast_t" time="0.0018010139465332" />
    <testcase name="Equals (132)" classname="spec_perl_TestNavParentSwitchCast_t" time="8.29696655273438e-05" />
    <testcase name="Equals (133)" classname="spec_perl_TestNavParentSwitchCast_t" time="6.38961791992188e-05" />
  </testsuite>
  <testsuite name="spec_perl_TestIndexToParamExpr_t" errors="0" failures="2" skipped="0" tests="7" time="0.0475471019744873">
    <system-out>1..7
ok 1 - Equals
ok 2 - Equals
ok 3 - Equals
ok 4 - Equals
ok 5 - Equals
not ok 6 - Equals
not ok 7 - Equals
</system-out>
    <testcase name="Equals (134)" classname="spec_perl_TestIndexToParamExpr_t" time="0.00156998634338379" />
    <testcase name="Equals (135)" classname="spec_perl_TestIndexToParamExpr_t" time="8.0108642578125e-05" />
    <testcase name="Equals (136)" classname="spec_perl_TestIndexToParamExpr_t" time="6.19888305664062e-05" />
    <testcase name="Equals (137)" classname="spec_perl_TestIndexToParamExpr_t" time="9.79900360107422e-05" />
    <testcase name="Equals (138)" classname="spec_perl_TestIndexToParamExpr_t" time="6.69956207275391e-05" />
    <testcase name="Equals (139)" classname="spec_perl_TestIndexToParamExpr_t" time="0.000120878219604492">
      <failure message="not ok 6 - Equals" type="TAP::Parser::Result::Test"></failure>
    </testcase>
    <testcase name="Equals (140)" classname="spec_perl_TestIndexToParamExpr_t" time="0.00036311149597168">
      <failure message="not ok 7 - Equals" type="TAP::Parser::Result::Test"></failure>
    </testcase>
  </testsuite>
  <testsuite name="spec_perl_TestParamsPassArrayStr_t" errors="0" failures="1" skipped="6" tests="7" time="0.0502328872680664">
    <system-out>1..7
not ok 1 - test_params_pass_array_str died (Can't use an undefined value as an ARRAY reference at spec/perl/TestParamsPassArrayStr.t line 14.)
ok 2 # skip test_params_pass_array_str died
ok 3 # skip test_params_pass_array_str died
ok 4 # skip test_params_pass_array_str died
ok 5 # skip test_params_pass_array_str died
ok 6 # skip test_params_pass_array_str died
ok 7 # skip test_params_pass_array_str died
</system-out>
    <testcase name="test_params_pass_array_str died (Can't use an undefined value as an ARRAY reference at spec/perl/TestParamsPassArrayStr.t line 14.) (140)" classname="spec_perl_TestParamsPassArrayStr_t" time="0.00156307220458984">
      <failure message="not ok 1 - test_params_pass_array_str died (Can't use an undefined value as an ARRAY reference at spec/perl/TestParamsPassArrayStr.t line 14.)" type="TAP::Parser::Result::Test"></failure>
    </testcase>
    <testcase name="Unnamed test case 140" classname="spec_perl_TestParamsPassArrayStr_t" time="0.0020909309387207">
      <skipped message="ok 2 # skip test_params_pass_array_str died" />
    </testcase>
    <testcase name="Unnamed test case 141" classname="spec_perl_TestParamsPassArrayStr_t" time="8.20159912109375e-05">
      <skipped message="ok 3 # skip test_params_pass_array_str died" />
    </testcase>
    <testcase name="Unnamed test case 142" classname="spec_perl_TestParamsPassArrayStr_t" time="5.19752502441406e-05">
      <skipped message="ok 4 # skip test_params_pass_array_str died" />
    </testcase>
    <testcase name="Unnamed test case 143" classname="spec_perl_TestParamsPassArrayStr_t" time="4.38690185546875e-05">
      <skipped message="ok 5 # skip test_params_pass_array_str died" />
    </testcase>
    <testcase name="Unnamed test case 144" classname="spec_perl_TestParamsPassArrayStr_t" time="4.31537628173828e-05">
      <skipped message="ok 6 # skip test_params_pass_array_str died" />
    </testcase>
    <testcase name="Unnamed test case 145" classname="spec_perl_TestParamsPassArrayStr_t" time="4.1961669921875e-05">
      <skipped message="ok 7 # skip test_params_pass_array_str died" />
    </testcase>
  </testsuite>
  <testsuite name="spec_perl_TestSwitchBytearray_t" errors="0" failures="0" skipped="0" tests="9" time="0.0453579425811768">
    <system-out>1..9
ok 1 - Equals
ok 2 - Equals
ok 3 - Equals
ok 4 - Equals
ok 5 - Equals
ok 6 - Equals
ok 7 - Equals
ok 8 - Equals
ok 9 - Equals
</system-out>
    <testcase name="Equals (145)" classname="spec_perl_TestSwitchBytearray_t" time="0.00155520439147949" />
    <testcase name="Equals (146)" classname="spec_perl_TestSwitchBytearray_t" time="7.39097595214844e-05" />
    <testcase name="Equals (147)" classname="spec_perl_TestSwitchBytearray_t" time="6.19888305664062e-05" />
    <testcase name="Equals (148)" classname="spec_perl_TestSwitchBytearray_t" time="0.000102996826171875" />
    <testcase name="Equals (149)" classname="spec_perl_TestSwitchBytearray_t" time="9.10758972167969e-05" />
    <testcase name="Equals (150)" classname="spec_perl_TestSwitchBytearray_t" time="9.08374786376953e-05" />
    <testcase name="Equals (151)" classname="spec_perl_TestSwitchBytearray_t" time="9.01222229003906e-05" />
    <testcase name="Equals (152)" classname="spec_perl_TestSwitchBytearray_t" time="9.98973846435547e-05" />
    <testcase name="Equals (153)" classname="spec_perl_TestSwitchBytearray_t" time="6.91413879394531e-05" />
  </testsuite>
  <testsuite name="spec_perl_TestEnum1_t" errors="0" failures="0" skipped="0" tests="2" time="0.0407500267028809">
    <system-out>1..2
ok 1 - Equals
ok 2 - Equals
</system-out>
    <testcase name="Equals (154)" classname="spec_perl_TestEnum1_t" time="0.00142908096313477" />
    <testcase name="Equals (155)" classname="spec_perl_TestEnum1_t" time="7.08103179931641e-05" />
  </testsuite>
  <testsuite name="spec_perl_TestImportsCircularA_t" errors="0" failures="0" skipped="0" tests="5" time="0.0402960777282715">
    <system-out>1..5
ok 1 - Equals
ok 2 - Equals
ok 3 - Equals
ok 4 - Equals
ok 5 - nil
</system-out>
    <testcase name="Equals (156)" classname="spec_perl_TestImportsCircularA_t" time="0.00153303146362305" />
    <testcase name="Equals (157)" classname="spec_perl_TestImportsCircularA_t" time="7.29560852050781e-05" />
    <testcase name="Equals (158)" classname="spec_perl_TestImportsCircularA_t" time="6.00814819335938e-05" />
    <testcase name="Equals (159)" classname="spec_perl_TestImportsCircularA_t" time="0.000106096267700195" />
    <testcase name="nil (159)" classname="spec_perl_TestImportsCircularA_t" time="6.07967376708984e-05" />
  </testsuite>
  <testsuite name="spec_perl_TestYamlInts_t" errors="0" failures="0" skipped="0" tests="4" time="0.0398399829864502">
    <system-out>1..4
ok 1 - Equals
ok 2 - Equals
ok 3 - Equals
ok 4 - Equals
</system-out>
    <testcase name="Equals (160)" classname="spec_perl_TestYamlInts_t" time="0.00185418128967285" />
    <testcase name="Equals (161)" classname="spec_perl_TestYamlInts_t" time="7.58171081542969e-05" />
    <testcase name="Equals (162)" classname="spec_perl_TestYamlInts_t" time="6.31809234619141e-05" />
    <testcase name="Equals (163)" classname="spec_perl_TestYamlInts_t" time="9.58442687988281e-05" />
  </testsuite>
  <testsuite name="spec_perl_TestStrEncodings_t" errors="0" failures="0" skipped="0" tests="4" time="0.0508060455322266">
    <system-out>1..4
ok 1 - Equals
ok 2 - Equals
ok 3 - Equals
ok 4 - Equals
</system-out>
    <testcase name="Equals (164)" classname="spec_perl_TestStrEncodings_t" time="0.00334000587463379" />
    <testcase name="Equals (165)" classname="spec_perl_TestStrEncodings_t" time="8.58306884765625e-05" />
    <testcase name="Equals (166)" classname="spec_perl_TestStrEncodings_t" time="6.103515625e-05" />
    <testcase name="Equals (167)" classname="spec_perl_TestStrEncodings_t" time="5.81741333007812e-05" />
  </testsuite>
  <testsuite name="spec_perl_TestDefaultEndianExprException_t" errors="0" failures="0" skipped="0" tests="1" time="0.0399549007415771">
    <system-out>1..1
ok 1 - threw /^Unable to decide on endianness/
</system-out>
    <testcase name="threw /^Unable to decide on endianness/ (167)" classname="spec_perl_TestDefaultEndianExprException_t" time="0.00148892402648926" />
  </testsuite>
  <testsuite name="spec_perl_TestValidShort_t" errors="0" failures="0" skipped="1" tests="1" time="0.0436780452728271">
    <system-out>1..1
ok 1 # skip ValidShort=HASH(0x55b6b1555818)
</system-out>
    <testcase name="Unnamed test case 167" classname="spec_perl_TestValidShort_t" time="0.00194311141967773">
      <skipped message="ok 1 # skip ValidShort=HASH(0x55b6b1555818)" />
    </testcase>
  </testsuite>
  <testsuite name="spec_perl_TestExprSizeofType1_t" errors="0" failures="0" skipped="0" tests="2" time="0.0379579067230225">
    <system-out>1..2
ok 1 - Equals
ok 2 - Equals
</system-out>
    <testcase name="Equals (168)" classname="spec_perl_TestExprSizeofType1_t" time="0.00156283378601074" />
    <testcase name="Equals (169)" classname="spec_perl_TestExprSizeofType1_t" time="7.60555267333984e-05" />
  </testsuite>
  <testsuite name="spec_perl_TestCastToImported_t" errors="0" failures="0" skipped="0" tests="2" time="0.0399491786956787">
    <system-out>1..2
ok 1 - Equals
ok 2 - Equals
</system-out>
    <testcase name="Equals (170)" classname="spec_perl_TestCastToImported_t" time="0.00178408622741699" />
    <testcase name="Equals (171)" classname="spec_perl_TestCastToImported_t" time="7.60555267333984e-05" />
  </testsuite>
  <testsuite name="spec_perl_TestCastToTop_t" errors="0" failures="0" skipped="0" tests="3" time="0.0394060611724854">
    <system-out>1..3
ok 1 - Equals
ok 2 - Equals
ok 3 - Equals
</system-out>
    <testcase name="Equals (172)" classname="spec_perl_TestCastToTop_t" time="0.00148296356201172" />
    <testcase name="Equals (173)" classname="spec_perl_TestCastToTop_t" time="8.10623168945312e-05" />
    <testcase name="Equals (174)" classname="spec_perl_TestCastToTop_t" time="9.70363616943359e-05" />
  </testsuite>
  <testsuite name="spec_perl_TestEnumOfValueInst_t" errors="0" failures="0" skipped="0" tests="4" time="0.0426750183105469">
    <system-out>1..4
ok 1 - Equals
ok 2 - Equals
ok 3 - Equals
ok 4 - Equals
</system-out>
    <testcase name="Equals (175)" classname="spec_perl_TestEnumOfValueInst_t" time="0.00199508666992188" />
    <testcase name="Equals (176)" classname="spec_perl_TestEnumOfValueInst_t" time="0.000339984893798828" />
    <testcase name="Equals (177)" classname="spec_perl_TestEnumOfValueInst_t" time="0.000103950500488281" />
    <testcase name="Equals (178)" classname="spec_perl_TestEnumOfValueInst_t" time="9.01222229003906e-05" />
  </testsuite>
  <testsuite name="spec_perl_TestExpr2_t" errors="0" failures="0" skipped="0" tests="17" time="0.0471699237823486">
    <system-out>1..17
ok 1 - Equals
ok 2 - Equals
ok 3 - Equals
ok 4 - Equals
ok 5 - Equals
ok 6 - Equals
ok 7 - Equals
ok 8 - Equals
ok 9 - Equals
ok 10 - Equals
ok 11 - Equals
ok 12 - Equals
ok 13 - Equals
ok 14 - Equals
ok 15 - Equals
ok 16 - Equals
ok 17 - Equals
</system-out>
    <testcase name="Equals (179)" classname="spec_perl_TestExpr2_t" time="0.00194597244262695" />
    <testcase name="Equals (180)" classname="spec_perl_TestExpr2_t" time="7.51018524169922e-05" />
    <testcase name="Equals (181)" classname="spec_perl_TestExpr2_t" time="6.89029693603516e-05" />
    <testcase name="Equals (182)" classname="spec_perl_TestExpr2_t" time="8.20159912109375e-05" />
    <testcase name="Equals (183)" classname="spec_perl_TestExpr2_t" time="9.98973846435547e-05" />
    <testcase name="Equals (184)" classname="spec_perl_TestExpr2_t" time="7.51018524169922e-05" />
    <testcase name="Equals (185)" classname="spec_perl_TestExpr2_t" time="9.70363616943359e-05" />
    <testcase name="Equals (186)" classname="spec_perl_TestExpr2_t" time="0.000125885009765625" />
    <testcase name="Equals (187)" classname="spec_perl_TestExpr2_t" time="0.000116109848022461" />
    <testcase name="Equals (188)" classname="spec_perl_TestExpr2_t" time="9.29832458496094e-05" />
    <testcase name="Equals (189)" classname="spec_perl_TestExpr2_t" time="8.89301300048828e-05" />
    <testcase name="Equals (190)" classname="spec_perl_TestExpr2_t" time="7.79628753662109e-05" />
    <testcase name="Equals (191)" classname="spec_perl_TestExpr2_t" time="8.91685485839844e-05" />
    <testcase name="Equals (192)" classname="spec_perl_TestExpr2_t" time="0.000113010406494141" />
    <testcase name="Equals (193)" classname="spec_perl_TestExpr2_t" time="8.48770141601562e-05" />
    <testcase name="Equals (194)" classname="spec_perl_TestExpr2_t" time="8.70227813720703e-05" />
    <testcase name="Equals (195)" classname="spec_perl_TestExpr2_t" time="8.79764556884766e-05" />
  </testsuite>
  <testsuite name="spec_perl_TestExprMod_t" errors="0" failures="0" skipped="0" tests="6" time="0.039600133895874">
    <system-out>1..6
ok 1 - Equals
ok 2 - Equals
ok 3 - Equals
ok 4 - Equals
ok 5 - Equals
ok 6 - Equals
</system-out>
    <testcase name="Equals (196)" classname="spec_perl_TestExprMod_t" time="0.00165891647338867" />
    <testcase name="Equals (197)" classname="spec_perl_TestExprMod_t" time="7.70092010498047e-05" />
    <testcase name="Equals (198)" classname="spec_perl_TestExprMod_t" time="6.00814819335938e-05" />
    <testcase name="Equals (199)" classname="spec_perl_TestExprMod_t" time="5.60283660888672e-05" />
    <testcase name="Equals (200)" classname="spec_perl_TestExprMod_t" time="0.000103950500488281" />
    <testcase name="Equals (201)" classname="spec_perl_TestExprMod_t" time="9.01222229003906e-05" />
  </testsuite>
  <testsuite name="spec_perl_TestEnumInvalid_t" errors="0" failures="0" skipped="0" tests="2" time="0.0389080047607422">
    <system-out>1..2
ok 1 - Equals
ok 2 - Equals
</system-out>
    <testcase name="Equals (202)" classname="spec_perl_TestEnumInvalid_t" time="0.00142908096313477" />
    <testcase name="Equals (203)" classname="spec_perl_TestEnumInvalid_t" time="7.39097595214844e-05" />
  </testsuite>
  <testsuite name="spec_perl_TestInstanceStdArray_t" errors="0" failures="0" skipped="0" tests="7" time="0.0385739803314209">
    <system-out>1..7
ok 1 - Equals
ok 2 - Equals
ok 3 - Equals
ok 4 - Equals
ok 5 - Equals
ok 6 - Equals
ok 7 - Equals
</system-out>
    <testcase name="Equals (204)" classname="spec_perl_TestInstanceStdArray_t" time="0.00141501426696777" />
    <testcase name="Equals (205)" classname="spec_perl_TestInstanceStdArray_t" time="7.29560852050781e-05" />
    <testcase name="Equals (206)" classname="spec_perl_TestInstanceStdArray_t" time="6.60419464111328e-05" />
    <testcase name="Equals (207)" classname="spec_perl_TestInstanceStdArray_t" time="0.000123977661132812" />
    <testcase name="Equals (208)" classname="spec_perl_TestInstanceStdArray_t" time="9.70363616943359e-05" />
    <testcase name="Equals (209)" classname="spec_perl_TestInstanceStdArray_t" time="9.98973846435547e-05" />
    <testcase name="Equals (210)" classname="spec_perl_TestInstanceStdArray_t" time="8.70227813720703e-05" />
  </testsuite>
  <testsuite name="spec_perl_TestBitsSeqEndianCombo_t" errors="0" failures="0" skipped="0" tests="8" time="0.0422599315643311">
    <system-out>1..8
ok 1 - Equals
ok 2 - Equals
ok 3 - Equals
ok 4 - Equals
ok 5 - Equals
ok 6 - Equals
ok 7 - Equals
ok 8 - Equals
</system-out>
    <testcase name="Equals (211)" classname="spec_perl_TestBitsSeqEndianCombo_t" time="0.00149416923522949" />
    <testcase name="Equals (212)" classname="spec_perl_TestBitsSeqEndianCombo_t" time="7.70092010498047e-05" />
    <testcase name="Equals (213)" classname="spec_perl_TestBitsSeqEndianCombo_t" time="6.4849853515625e-05" />
    <testcase name="Equals (214)" classname="spec_perl_TestBitsSeqEndianCombo_t" time="9.79900360107422e-05" />
    <testcase name="Equals (215)" classname="spec_perl_TestBitsSeqEndianCombo_t" time="9.51290130615234e-05" />
    <testcase name="Equals (216)" classname="spec_perl_TestBitsSeqEndianCombo_t" time="9.10758972167969e-05" />
    <testcase name="Equals (217)" classname="spec_perl_TestBitsSeqEndianCombo_t" time="0.000166893005371094" />
    <testcase name="Equals (218)" classname="spec_perl_TestBitsSeqEndianCombo_t" time="8.392333984375e-05" />
  </testsuite>
  <testsuite name="spec_perl_TestBitsUnalignedB64Le_t" errors="0" failures="0" skipped="0" tests="3" time="0.0415239334106445">
    <system-out>1..3
ok 1 - Equals
ok 2 - Equals
ok 3 - Equals
</system-out>
    <testcase name="Equals (219)" classname="spec_perl_TestBitsUnalignedB64Le_t" time="0.00241184234619141" />
    <testcase name="Equals (220)" classname="spec_perl_TestBitsUnalignedB64Le_t" time="0.000282049179077148" />
    <testcase name="Equals (221)" classname="spec_perl_TestBitsUnalignedB64Le_t" time="0.000941038131713867" />
  </testsuite>
  <testsuite name="spec_perl_TestIndexToParamEos_t" errors="0" failures="2" skipped="0" tests="7" time="0.0458099842071533">
    <system-out>1..7
ok 1 - Equals
ok 2 - Equals
ok 3 - Equals
ok 4 - Equals
ok 5 - Equals
not ok 6 - Equals
not ok 7 - Equals
</system-out>
    <testcase name="Equals (222)" classname="spec_perl_TestIndexToParamEos_t" time="0.00193095207214355" />
    <testcase name="Equals (223)" classname="spec_perl_TestIndexToParamEos_t" time="7.51018524169922e-05" />
    <testcase name="Equals (224)" classname="spec_perl_TestIndexToParamEos_t" time="5.98430633544922e-05" />
    <testcase name="Equals (225)" classname="spec_perl_TestIndexToParamEos_t" time="5.41210174560547e-05" />
    <testcase name="Equals (226)" classname="spec_perl_TestIndexToParamEos_t" time="0.000115871429443359" />
    <testcase name="Equals (227)" classname="spec_perl_TestIndexToParamEos_t" time="9.918212890625e-05">
      <failure message="not ok 6 - Equals" type="TAP::Parser::Result::Test"></failure>
    </testcase>
    <testcase name="Equals (228)" classname="spec_perl_TestIndexToParamEos_t" time="0.000583887100219727">
      <failure message="not ok 7 - Equals" type="TAP::Parser::Result::Test"></failure>
    </testcase>
  </testsuite>
  <testsuite name="spec_perl_TestProcessCoerceUsertype1_t" errors="0" failures="0" skipped="0" tests="4" time="0.0420751571655273">
    <system-out>1..4
ok 1 - Equals
ok 2 - Equals
ok 3 - Equals
ok 4 - Equals
</system-out>
    <testcase name="Equals (229)" classname="spec_perl_TestProcessCoerceUsertype1_t" time="0.00194907188415527" />
    <testcase name="Equals (230)" classname="spec_perl_TestProcessCoerceUsertype1_t" time="8.58306884765625e-05" />
    <testcase name="Equals (231)" classname="spec_perl_TestProcessCoerceUsertype1_t" time="6.50882720947266e-05" />
    <testcase name="Equals (232)" classname="spec_perl_TestProcessCoerceUsertype1_t" time="5.79357147216797e-05" />
  </testsuite>
  <testsuite name="spec_perl_TestProcessRotate_t" errors="0" failures="0" skipped="0" tests="3" time="0.0427439212799072">
    <system-out>1..3
ok 1 - Equals
ok 2 - Equals
ok 3 - Equals
</system-out>
    <testcase name="Equals (233)" classname="spec_perl_TestProcessRotate_t" time="0.00307798385620117" />
    <testcase name="Equals (234)" classname="spec_perl_TestProcessRotate_t" time="7.79628753662109e-05" />
    <testcase name="Equals (235)" classname="spec_perl_TestProcessRotate_t" time="5.98430633544922e-05" />
  </testsuite>
  <testsuite name="spec_perl_TestBitsUnalignedB64Be_t" errors="0" failures="0" skipped="0" tests="3" time="0.0392570495605469">
    <system-out>1..3
ok 1 - Equals
ok 2 - Equals
ok 3 - Equals
</system-out>
    <testcase name="Equals (236)" classname="spec_perl_TestBitsUnalignedB64Be_t" time="0.00144791603088379" />
    <testcase name="Equals (237)" classname="spec_perl_TestBitsUnalignedB64Be_t" time="8.70227813720703e-05" />
    <testcase name="Equals (238)" classname="spec_perl_TestBitsUnalignedB64Be_t" time="6.89029693603516e-05" />
  </testsuite>
  <testsuite name="spec_perl_TestNavParent_t" errors="0" failures="0" skipped="0" tests="5" time="0.0431270599365234">
    <system-out>1..5
ok 1 - Equals
ok 2 - Equals
ok 3 - Equals
ok 4 - Equals
ok 5 - Equals
</system-out>
    <testcase name="Equals (239)" classname="spec_perl_TestNavParent_t" time="0.00165295600891113" />
    <testcase name="Equals (240)" classname="spec_perl_TestNavParent_t" time="7.20024108886719e-05" />
    <testcase name="Equals (241)" classname="spec_perl_TestNavParent_t" time="6.103515625e-05" />
    <testcase name="Equals (242)" classname="spec_perl_TestNavParent_t" time="0.000100135803222656" />
    <testcase name="Equals (243)" classname="spec_perl_TestNavParent_t" time="7.67707824707031e-05" />
  </testsuite>
  <testsuite name="spec_perl_TestBufferedStruct_t" errors="0" failures="0" skipped="0" tests="7" time="0.0451550483703613">
    <system-out>1..7
ok 1 - Equals
ok 2 - Equals
ok 3 - Equals
ok 4 - Equals
ok 5 - Equals
ok 6 - Equals
ok 7 - Equals
</system-out>
    <testcase name="Equals (244)" classname="spec_perl_TestBufferedStruct_t" time="0.00203609466552734" />
    <testcase name="Equals (245)" classname="spec_perl_TestBufferedStruct_t" time="0.000298976898193359" />
    <testcase name="Equals (246)" classname="spec_perl_TestBufferedStruct_t" time="0.000142097473144531" />
    <testcase name="Equals (247)" classname="spec_perl_TestBufferedStruct_t" time="0.000102043151855469" />
    <testcase name="Equals (248)" classname="spec_perl_TestBufferedStruct_t" time="8.08238983154297e-05" />
    <testcase name="Equals (249)" classname="spec_perl_TestBufferedStruct_t" time="9.89437103271484e-05" />
    <testcase name="Equals (250)" classname="spec_perl_TestBufferedStruct_t" time="6.00814819335938e-05" />
  </testsuite>
  <testsuite name="spec_perl_TestEnumForUnknownId_t" errors="0" failures="0" skipped="0" tests="1" time="0.038499116897583">
    <system-out>1..1
ok 1 - Equals
</system-out>
    <testcase name="Equals (251)" classname="spec_perl_TestEnumForUnknownId_t" time="0.00146198272705078" />
  </testsuite>
  <testsuite name="spec_perl_TestExprIntDiv_t" errors="0" failures="2" skipped="0" tests="6" time="0.040632963180542">
    <system-out>1..6
ok 1 - Equals
ok 2 - Equals
ok 3 - Equals
not ok 4 - Equals
ok 5 - Equals
not ok 6 - Equals
</system-out>
    <testcase name="Equals (252)" classname="spec_perl_TestExprIntDiv_t" time="0.0014500617980957" />
    <testcase name="Equals (253)" classname="spec_perl_TestExprIntDiv_t" time="7.10487365722656e-05" />
    <testcase name="Equals (254)" classname="spec_perl_TestExprIntDiv_t" time="5.98430633544922e-05" />
    <testcase name="Equals (255)" classname="spec_perl_TestExprIntDiv_t" time="0.000123977661132812">
      <failure message="not ok 4 - Equals" type="TAP::Parser::Result::Test"></failure>
    </testcase>
    <testcase name="Equals (256)" classname="spec_perl_TestExprIntDiv_t" time="0.00153803825378418" />
    <testcase name="Equals (257)" classname="spec_perl_TestExprIntDiv_t" time="0.000108957290649414">
      <failure message="not ok 6 - Equals" type="TAP::Parser::Result::Test"></failure>
    </testcase>
  </testsuite>
  <testsuite name="spec_perl_TestProcessXor4Const_t" errors="0" failures="0" skipped="0" tests="2" time="0.0398690700531006">
    <system-out>1..2
ok 1 - Equals
ok 2 - Equals
</system-out>
    <testcase name="Equals (258)" classname="spec_perl_TestProcessXor4Const_t" time="0.00152492523193359" />
    <testcase name="Equals (259)" classname="spec_perl_TestProcessXor4Const_t" time="7.70092010498047e-05" />
  </testsuite>
  <testsuite name="spec_perl_TestExprCalcArrayOps_t" errors="0" failures="0" skipped="0" tests="18" time="0.0400040149688721">
    <system-out>1..18
ok 1 - Equals
ok 2 - Equals
ok 3 - Equals
ok 4 - Equals
ok 5 - Equals
ok 6 - Equals
ok 7 - Equals
ok 8 - Approx equals
ok 9 - Approx equals
ok 10 - Approx equals
ok 11 - Approx equals
ok 12 - Approx equals
ok 13 - Equals
ok 14 - Equals
ok 15 - Equals
ok 16 - Equals
ok 17 - Equals
ok 18 - Equals
</system-out>
    <testcase name="Equals (260)" classname="spec_perl_TestExprCalcArrayOps_t" time="0.00151586532592773" />
    <testcase name="Equals (261)" classname="spec_perl_TestExprCalcArrayOps_t" time="7.41481781005859e-05" />
    <testcase name="Equals (262)" classname="spec_perl_TestExprCalcArrayOps_t" time="5.88893890380859e-05" />
    <testcase name="Equals (263)" classname="spec_perl_TestExprCalcArrayOps_t" time="0.000120162963867188" />
    <testcase name="Equals (264)" classname="spec_perl_TestExprCalcArrayOps_t" time="9.39369201660156e-05" />
    <testcase name="Equals (265)" classname="spec_perl_TestExprCalcArrayOps_t" time="9.79900360107422e-05" />
    <testcase name="Equals (266)" classname="spec_perl_TestExprCalcArrayOps_t" time="9.48905944824219e-05" />
    <testcase name="Approx equals (266)" classname="spec_perl_TestExprCalcArrayOps_t" time="6.41345977783203e-05" />
    <testcase name="Approx equals (267)" classname="spec_perl_TestExprCalcArrayOps_t" time="5.29289245605469e-05" />
    <testcase name="Approx equals (268)" classname="spec_perl_TestExprCalcArrayOps_t" time="6.89029693603516e-05" />
    <testcase name="Approx equals (269)" classname="spec_perl_TestExprCalcArrayOps_t" time="5.81741333007812e-05" />
    <testcase name="Approx equals (270)" classname="spec_perl_TestExprCalcArrayOps_t" time="7.98702239990234e-05" />
    <testcase name="Equals (270)" classname="spec_perl_TestExprCalcArrayOps_t" time="9.79900360107422e-05" />
    <testcase name="Equals (271)" classname="spec_perl_TestExprCalcArrayOps_t" time="9.41753387451172e-05" />
    <testcase name="Equals (272)" classname="spec_perl_TestExprCalcArrayOps_t" time="0.000104904174804688" />
    <testcase name="Equals (273)" classname="spec_perl_TestExprCalcArrayOps_t" time="8.98838043212891e-05" />
    <testcase name="Equals (274)" classname="spec_perl_TestExprCalcArrayOps_t" time="9.10758972167969e-05" />
    <testcase name="Equals (275)" classname="spec_perl_TestExprCalcArrayOps_t" time="0.000101089477539062" />
  </testsuite>
  <testsuite name="spec_perl_TestProcessToUser_t" errors="0" failures="0" skipped="0" tests="1" time="0.0464661121368408">
    <system-out>1..1
ok 1 - Equals
</system-out>
    <testcase name="Equals (276)" classname="spec_perl_TestProcessToUser_t" time="0.00179290771484375" />
  </testsuite>
  <testsuite name="spec_perl_TestEofExceptionU4_t" errors="0" failures="0" skipped="0" tests="1" time="0.0412449836730957">
    <system-out>1..1
ok 1 - threw /^Requested \d+ bytes, but only \d+ bytes available/
</system-out>
    <testcase name="threw /^Requested \d+ bytes, but only \d+ bytes available/ (276)" classname="spec_perl_TestEofExceptionU4_t" time="0.00148296356201172" />
  </testsuite>
  <testsuite name="spec_perl_TestProcessCoerceUsertype2_t" errors="0" failures="0" skipped="0" tests="4" time="0.0407638549804688">
    <system-out>1..4
ok 1 - Equals
ok 2 - Equals
ok 3 - Equals
ok 4 - Equals
</system-out>
    <testcase name="Equals (277)" classname="spec_perl_TestProcessCoerceUsertype2_t" time="0.00182294845581055" />
    <testcase name="Equals (278)" classname="spec_perl_TestProcessCoerceUsertype2_t" time="0.000192880630493164" />
    <testcase name="Equals (279)" classname="spec_perl_TestProcessCoerceUsertype2_t" time="0.000393152236938477" />
    <testcase name="Equals (280)" classname="spec_perl_TestProcessCoerceUsertype2_t" time="0.000102996826171875" />
  </testsuite>
  <testsuite name="spec_perl_TestEnumLongRangeU_t" errors="0" failures="0" skipped="0" tests="4" time="0.0401780605316162">
    <system-out>1..4
ok 1 - Equals
ok 2 - Equals
ok 3 - Equals
ok 4 - Equals
</system-out>
    <testcase name="Equals (281)" classname="spec_perl_TestEnumLongRangeU_t" time="0.00146603584289551" />
    <testcase name="Equals (282)" classname="spec_perl_TestEnumLongRangeU_t" time="7.70092010498047e-05" />
    <testcase name="Equals (283)" classname="spec_perl_TestEnumLongRangeU_t" time="7.70092010498047e-05" />
    <testcase name="Equals (284)" classname="spec_perl_TestEnumLongRangeU_t" time="0.000132083892822266" />
  </testsuite>
  <testsuite name="spec_perl_TestExpr3_t" errors="0" failures="0" skipped="0" tests="12" time="0.0458660125732422">
    <system-out>1..12
ok 1 - Equals
ok 2 - Equals
ok 3 - Equals
ok 4 - Equals
ok 5 - Equals
ok 6 - Equals
ok 7 - Equals
ok 8 - Equals
ok 9 - Equals
ok 10 - Equals
ok 11 - Equals
ok 12 - Equals
</system-out>
    <testcase name="Equals (285)" classname="spec_perl_TestExpr3_t" time="0.00149202346801758" />
    <testcase name="Equals (286)" classname="spec_perl_TestExpr3_t" time="8.10623168945312e-05" />
    <testcase name="Equals (287)" classname="spec_perl_TestExpr3_t" time="6.29425048828125e-05" />
    <testcase name="Equals (288)" classname="spec_perl_TestExpr3_t" time="6.103515625e-05" />
    <testcase name="Equals (289)" classname="spec_perl_TestExpr3_t" time="0.000108957290649414" />
    <testcase name="Equals (290)" classname="spec_perl_TestExpr3_t" time="7.79628753662109e-05" />
    <testcase name="Equals (291)" classname="spec_perl_TestExpr3_t" time="9.79900360107422e-05" />
    <testcase name="Equals (292)" classname="spec_perl_TestExpr3_t" time="6.91413879394531e-05" />
    <testcase name="Equals (293)" classname="spec_perl_TestExpr3_t" time="9.48905944824219e-05" />
    <testcase name="Equals (294)" classname="spec_perl_TestExpr3_t" time="9.20295715332031e-05" />
    <testcase name="Equals (295)" classname="spec_perl_TestExpr3_t" time="0.000106096267700195" />
    <testcase name="Equals (296)" classname="spec_perl_TestExpr3_t" time="0.000103950500488281" />
  </testsuite>
  <testsuite name="spec_perl_TestDefaultEndianMod_t" errors="0" failures="0" skipped="0" tests="3" time="0.0416951179504395">
    <system-out>1..3
ok 1 - Equals
ok 2 - Equals
ok 3 - Equals
</system-out>
    <testcase name="Equals (297)" classname="spec_perl_TestDefaultEndianMod_t" time="0.00171303749084473" />
    <testcase name="Equals (298)" classname="spec_perl_TestDefaultEndianMod_t" time="0.000151872634887695" />
    <testcase name="Equals (299)" classname="spec_perl_TestDefaultEndianMod_t" time="9.60826873779297e-05" />
  </testsuite>
  <testsuite name="spec_perl_TestRepeatNStruct_t" errors="0" failures="0" skipped="0" tests="5" time="0.0423820018768311">
    <system-out>1..5
ok 1 - Equals
ok 2 - Equals
ok 3 - Equals
ok 4 - Equals
ok 5 - Equals
</system-out>
    <testcase name="Equals (300)" classname="spec_perl_TestRepeatNStruct_t" time="0.00155186653137207" />
    <testcase name="Equals (301)" classname="spec_perl_TestRepeatNStruct_t" time="7.70092010498047e-05" />
    <testcase name="Equals (302)" classname="spec_perl_TestRepeatNStruct_t" time="6.19888305664062e-05" />
    <testcase name="Equals (303)" classname="spec_perl_TestRepeatNStruct_t" time="5.60283660888672e-05" />
    <testcase name="Equals (304)" classname="spec_perl_TestRepeatNStruct_t" time="8.60691070556641e-05" />
  </testsuite>
  <testsuite name="spec_perl_TestIntegers_t" errors="0" failures="0" skipped="0" tests="20" time="0.0481250286102295">
    <system-out>1..20
ok 1 - Equals
ok 2 - Equals
ok 3 - Equals
ok 4 - Equals
ok 5 - Equals
ok 6 - Equals
ok 7 - Equals
ok 8 - Equals
ok 9 - Equals
ok 10 - Equals
ok 11 - Equals
ok 12 - Equals
ok 13 - Equals
ok 14 - Equals
ok 15 - Equals
ok 16 - Equals
ok 17 - Equals
ok 18 - Equals
ok 19 - Equals
ok 20 - Equals
</system-out>
    <testcase name="Equals (305)" classname="spec_perl_TestIntegers_t" time="0.00156211853027344" />
    <testcase name="Equals (306)" classname="spec_perl_TestIntegers_t" time="7.89165496826172e-05" />
    <testcase name="Equals (307)" classname="spec_perl_TestIntegers_t" time="6.29425048828125e-05" />
    <testcase name="Equals (308)" classname="spec_perl_TestIntegers_t" time="5.91278076171875e-05" />
    <testcase name="Equals (309)" classname="spec_perl_TestIntegers_t" time="0.000115871429443359" />
    <testcase name="Equals (310)" classname="spec_perl_TestIntegers_t" time="7.91549682617188e-05" />
    <testcase name="Equals (311)" classname="spec_perl_TestIntegers_t" time="9.08374786376953e-05" />
    <testcase name="Equals (312)" classname="spec_perl_TestIntegers_t" time="8.82148742675781e-05" />
    <testcase name="Equals (313)" classname="spec_perl_TestIntegers_t" time="9.17911529541016e-05" />
    <testcase name="Equals (314)" classname="spec_perl_TestIntegers_t" time="9.41753387451172e-05" />
    <testcase name="Equals (315)" classname="spec_perl_TestIntegers_t" time="9.29832458496094e-05" />
    <testcase name="Equals (316)" classname="spec_perl_TestIntegers_t" time="8.98838043212891e-05" />
    <testcase name="Equals (317)" classname="spec_perl_TestIntegers_t" time="9.60826873779297e-05" />
    <testcase name="Equals (318)" classname="spec_perl_TestIntegers_t" time="8.392333984375e-05" />
    <testcase name="Equals (319)" classname="spec_perl_TestIntegers_t" time="8.91685485839844e-05" />
    <testcase name="Equals (320)" classname="spec_perl_TestIntegers_t" time="9.67979431152344e-05" />
    <testcase name="Equals (321)" classname="spec_perl_TestIntegers_t" time="8.41617584228516e-05" />
    <testcase name="Equals (322)" classname="spec_perl_TestIntegers_t" time="8.79764556884766e-05" />
    <testcase name="Equals (323)" classname="spec_perl_TestIntegers_t" time="8.98838043212891e-05" />
    <testcase name="Equals (324)" classname="spec_perl_TestIntegers_t" time="9.01222229003906e-05" />
  </testsuite>
  <testsuite name="spec_perl_TestStrPadTerm_t" errors="0" failures="0" skipped="0" tests="4" time="0.0435538291931152">
    <system-out>1..4
ok 1 - Equals
ok 2 - Equals
ok 3 - Equals
ok 4 - Equals
</system-out>
    <testcase name="Equals (325)" classname="spec_perl_TestStrPadTerm_t" time="0.00153017044067383" />
    <testcase name="Equals (326)" classname="spec_perl_TestStrPadTerm_t" time="7.48634338378906e-05" />
    <testcase name="Equals (327)" classname="spec_perl_TestStrPadTerm_t" time="6.60419464111328e-05" />
    <testcase name="Equals (328)" classname="spec_perl_TestStrPadTerm_t" time="7.00950622558594e-05" />
  </testsuite>
  <testsuite name="spec_perl_TestCombineEnum_t" errors="0" failures="0" skipped="0" tests="3" time="0.0451521873474121">
    <system-out>1..3
ok 1 - Equals
ok 2 - Equals
ok 3 - Equals
</system-out>
    <testcase name="Equals (329)" classname="spec_perl_TestCombineEnum_t" time="0.00139999389648438" />
    <testcase name="Equals (330)" classname="spec_perl_TestCombineEnum_t" time="7.10487365722656e-05" />
    <testcase name="Equals (331)" classname="spec_perl_TestCombineEnum_t" time="6.50882720947266e-05" />
  </testsuite>
  <testsuite name="spec_perl_TestSwitchManualEnumInvalidElse_t" errors="0" failures="0" skipped="0" tests="5" time="0.0495450496673584">
    <system-out>1..5
ok 1 - Equals
ok 2 - Equals
ok 3 - Equals
ok 4 - Equals
ok 5 - Equals
</system-out>
    <testcase name="Equals (332)" classname="spec_perl_TestSwitchManualEnumInvalidElse_t" time="0.00159716606140137" />
    <testcase name="Equals (333)" classname="spec_perl_TestSwitchManualEnumInvalidElse_t" time="8.20159912109375e-05" />
    <testcase name="Equals (334)" classname="spec_perl_TestSwitchManualEnumInvalidElse_t" time="6.98566436767578e-05" />
    <testcase name="Equals (335)" classname="spec_perl_TestSwitchManualEnumInvalidElse_t" time="0.00105500221252441" />
    <testcase name="Equals (336)" classname="spec_perl_TestSwitchManualEnumInvalidElse_t" time="0.000131130218505859" />
  </testsuite>
  <testsuite name="spec_perl_TestSwitchManualStrElse_t" errors="0" failures="0" skipped="0" tests="9" time="0.0484049320220947">
    <system-out>1..9
ok 1 - Equals
ok 2 - Equals
ok 3 - Equals
ok 4 - Equals
ok 5 - Equals
ok 6 - Equals
ok 7 - Equals
ok 8 - Equals
ok 9 - Equals
</system-out>
    <testcase name="Equals (337)" classname="spec_perl_TestSwitchManualStrElse_t" time="0.00158190727233887" />
    <testcase name="Equals (338)" classname="spec_perl_TestSwitchManualStrElse_t" time="7.60555267333984e-05" />
    <testcase name="Equals (339)" classname="spec_perl_TestSwitchManualStrElse_t" time="6.103515625e-05" />
    <testcase name="Equals (340)" classname="spec_perl_TestSwitchManualStrElse_t" time="8.392333984375e-05" />
    <testcase name="Equals (341)" classname="spec_perl_TestSwitchManualStrElse_t" time="7.79628753662109e-05" />
    <testcase name="Equals (342)" classname="spec_perl_TestSwitchManualStrElse_t" time="9.39369201660156e-05" />
    <testcase name="Equals (343)" classname="spec_perl_TestSwitchManualStrElse_t" time="8.51154327392578e-05" />
    <testcase name="Equals (344)" classname="spec_perl_TestSwitchManualStrElse_t" time="0.00020909309387207" />
    <testcase name="Equals (345)" classname="spec_perl_TestSwitchManualStrElse_t" time="6.29425048828125e-05" />
  </testsuite>
  <testsuite name="spec_perl_TestCastNested_t" errors="0" failures="0" skipped="0" tests="4" time="0.0478880405426025">
    <system-out>1..4
ok 1 - Equals
ok 2 - Equals
ok 3 - Equals
ok 4 - Equals
</system-out>
    <testcase name="Equals (346)" classname="spec_perl_TestCastNested_t" time="0.00154399871826172" />
    <testcase name="Equals (347)" classname="spec_perl_TestCastNested_t" time="7.39097595214844e-05" />
    <testcase name="Equals (348)" classname="spec_perl_TestCastNested_t" time="6.00814819335938e-05" />
    <testcase name="Equals (349)" classname="spec_perl_TestCastNested_t" time="0.000101804733276367" />
  </testsuite>
  <testsuite name="spec_perl_TestParamsPassBool_t" errors="0" failures="1" skipped="13" tests="14" time="0.0483160018920898">
    <system-out>1..14
not ok 1 - test_params_pass_bool died (Requested 2 bytes, but only 1 bytes available at ../runtime/perl/lib/IO/KaitaiStruct.pm line 338.)
ok 2 # skip test_params_pass_bool died
ok 3 # skip test_params_pass_bool died
ok 4 # skip test_params_pass_bool died
ok 5 # skip test_params_pass_bool died
ok 6 # skip test_params_pass_bool died
ok 7 # skip test_params_pass_bool died
ok 8 # skip test_params_pass_bool died
ok 9 # skip test_params_pass_bool died
ok 10 # skip test_params_pass_bool died
ok 11 # skip test_params_pass_bool died
ok 12 # skip test_params_pass_bool died
ok 13 # skip test_params_pass_bool died
ok 14 # skip test_params_pass_bool died
</system-out>
    <testcase name="test_params_pass_bool died (Requested 2 bytes, but only 1 bytes available at ../runtime/perl/lib/IO/KaitaiStruct.pm line 338.) (349)" classname="spec_perl_TestParamsPassBool_t" time="0.00166988372802734">
      <failure message="not ok 1 - test_params_pass_bool died (Requested 2 bytes, but only 1 bytes available at ../runtime/perl/lib/IO/KaitaiStruct.pm line 338.)" type="TAP::Parser::Result::Test"></failure>
    </testcase>
    <testcase name="Unnamed test case 349" classname="spec_perl_TestParamsPassBool_t" time="0.000552177429199219">
      <skipped message="ok 2 # skip test_params_pass_bool died" />
    </testcase>
    <testcase name="Unnamed test case 350" classname="spec_perl_TestParamsPassBool_t" time="0.000108957290649414">
      <skipped message="ok 3 # skip test_params_pass_bool died" />
    </testcase>
    <testcase name="Unnamed test case 351" classname="spec_perl_TestParamsPassBool_t" time="5.38825988769531e-05">
      <skipped message="ok 4 # skip test_params_pass_bool died" />
    </testcase>
    <testcase name="Unnamed test case 352" classname="spec_perl_TestParamsPassBool_t" time="0.00406503677368164">
      <skipped message="ok 5 # skip test_params_pass_bool died" />
    </testcase>
    <testcase name="Unnamed test case 353" classname="spec_perl_TestParamsPassBool_t" time="9.01222229003906e-05">
      <skipped message="ok 6 # skip test_params_pass_bool died" />
    </testcase>
    <testcase name="Unnamed test case 354" classname="spec_perl_TestParamsPassBool_t" time="4.98294830322266e-05">
      <skipped message="ok 7 # skip test_params_pass_bool died" />
    </testcase>
    <testcase name="Unnamed test case 355" classname="spec_perl_TestParamsPassBool_t" time="6.00814819335938e-05">
      <skipped message="ok 8 # skip test_params_pass_bool died" />
    </testcase>
    <testcase name="Unnamed test case 356" classname="spec_perl_TestParamsPassBool_t" time="5.10215759277344e-05">
      <skipped message="ok 9 # skip test_params_pass_bool died" />
    </testcase>
    <testcase name="Unnamed test case 357" classname="spec_perl_TestParamsPassBool_t" time="4.38690185546875e-05">
      <skipped message="ok 10 # skip test_params_pass_bool died" />
    </testcase>
    <testcase name="Unnamed test case 358" classname="spec_perl_TestParamsPassBool_t" time="4.22000885009766e-05">
      <skipped message="ok 11 # skip test_params_pass_bool died" />
    </testcase>
    <testcase name="Unnamed test case 359" classname="spec_perl_TestParamsPassBool_t" time="4.10079956054688e-05">
      <skipped message="ok 12 # skip test_params_pass_bool died" />
    </testcase>
    <testcase name="Unnamed test case 360" classname="spec_perl_TestParamsPassBool_t" time="4.10079956054688e-05">
      <skipped message="ok 13 # skip test_params_pass_bool died" />
    </testcase>
    <testcase name="Unnamed test case 361" classname="spec_perl_TestParamsPassBool_t" time="4.10079956054688e-05">
      <skipped message="ok 14 # skip test_params_pass_bool died" />
    </testcase>
  </testsuite>
  <testsuite name="spec_perl_TestRepeatEosBit_t" errors="0" failures="0" skipped="0" tests="1" time="0.0406389236450195">
    <system-out>1..1
ok 1 - Equals
</system-out>
    <testcase name="Equals (361)" classname="spec_perl_TestRepeatEosBit_t" time="0.00149297714233398" />
  </testsuite>
  <testsuite name="spec_perl_TestNavParent3_t" errors="0" failures="0" skipped="0" tests="10" time="0.044558048248291">
    <system-out>1..10
ok 1 - Equals
ok 2 - Equals
ok 3 - Equals
ok 4 - Equals
ok 5 - Equals
ok 6 - Equals
ok 7 - Equals
ok 8 - Equals
ok 9 - Equals
ok 10 - Equals
</system-out>
    <testcase name="Equals (362)" classname="spec_perl_TestNavParent3_t" time="0.00148677825927734" />
    <testcase name="Equals (363)" classname="spec_perl_TestNavParent3_t" time="7.31945037841797e-05" />
    <testcase name="Equals (364)" classname="spec_perl_TestNavParent3_t" time="0.00028681755065918" />
    <testcase name="Equals (365)" classname="spec_perl_TestNavParent3_t" time="0.000113010406494141" />
    <testcase name="Equals (366)" classname="spec_perl_TestNavParent3_t" time="9.51290130615234e-05" />
    <testcase name="Equals (367)" classname="spec_perl_TestNavParent3_t" time="0.000164031982421875" />
    <testcase name="Equals (368)" classname="spec_perl_TestNavParent3_t" time="9.08374786376953e-05" />
    <testcase name="Equals (369)" classname="spec_perl_TestNavParent3_t" time="7.60555267333984e-05" />
    <testcase name="Equals (370)" classname="spec_perl_TestNavParent3_t" time="9.20295715332031e-05" />
    <testcase name="Equals (371)" classname="spec_perl_TestNavParent3_t" time="0.000129938125610352" />
  </testsuite>
  <testsuite name="spec_perl_TestProcessRepeatBytes_t" errors="0" failures="0" skipped="0" tests="2" time="0.0407328605651855">
    <system-out>1..2
ok 1 - Equals
ok 2 - Equals
</system-out>
    <testcase name="Equals (372)" classname="spec_perl_TestProcessRepeatBytes_t" time="0.00165104866027832" />
    <testcase name="Equals (373)" classname="spec_perl_TestProcessRepeatBytes_t" time="8.51154327392578e-05" />
  </testsuite>
  <testsuite name="spec_perl_TestBcdUserTypeBe_t" errors="0" failures="0" skipped="0" tests="6" time="0.0473458766937256">
    <system-out>1..6
ok 1 - Equals
ok 2 - Equals
ok 3 - Equals
ok 4 - Equals
ok 5 - Equals
ok 6 - Equals
</system-out>
    <testcase name="Equals (374)" classname="spec_perl_TestBcdUserTypeBe_t" time="0.00274395942687988" />
    <testcase name="Equals (375)" classname="spec_perl_TestBcdUserTypeBe_t" time="0.000268936157226562" />
    <testcase name="Equals (376)" classname="spec_perl_TestBcdUserTypeBe_t" time="0.000247955322265625" />
    <testcase name="Equals (377)" classname="spec_perl_TestBcdUserTypeBe_t" time="0.000247001647949219" />
    <testcase name="Equals (378)" classname="spec_perl_TestBcdUserTypeBe_t" time="0.000238180160522461" />
    <testcase name="Equals (379)" classname="spec_perl_TestBcdUserTypeBe_t" time="0.000280857086181641" />
  </testsuite>
  <testsuite name="spec_perl_TestEnumToI_t" errors="0" failures="0" skipped="0" tests="7" time="0.0400300025939941">
    <system-out>1..7
ok 1 - Equals
ok 2 - Equals
ok 3 - Equals
ok 4 - Equals
ok 5 - Equals
ok 6 - Equals
ok 7 - Equals
</system-out>
    <testcase name="Equals (380)" classname="spec_perl_TestEnumToI_t" time="0.00144195556640625" />
    <testcase name="Equals (381)" classname="spec_perl_TestEnumToI_t" time="7.20024108886719e-05" />
    <testcase name="Equals (382)" classname="spec_perl_TestEnumToI_t" time="6.103515625e-05" />
    <testcase name="Equals (383)" classname="spec_perl_TestEnumToI_t" time="9.60826873779297e-05" />
    <testcase name="Equals (384)" classname="spec_perl_TestEnumToI_t" time="9.39369201660156e-05" />
    <testcase name="Equals (385)" classname="spec_perl_TestEnumToI_t" time="9.10758972167969e-05" />
    <testcase name="Equals (386)" classname="spec_perl_TestEnumToI_t" time="9.17911529541016e-05" />
  </testsuite>
  <testsuite name="spec_perl_TestSwitchManualStr_t" errors="0" failures="0" skipped="0" tests="9" time="0.0469481945037842">
    <system-out>1..9
ok 1 - Equals
ok 2 - Equals
ok 3 - Equals
ok 4 - Equals
ok 5 - Equals
ok 6 - Equals
ok 7 - Equals
ok 8 - Equals
ok 9 - Equals
</system-out>
    <testcase name="Equals (387)" classname="spec_perl_TestSwitchManualStr_t" time="0.00155806541442871" />
    <testcase name="Equals (388)" classname="spec_perl_TestSwitchManualStr_t" time="7.70092010498047e-05" />
    <testcase name="Equals (389)" classname="spec_perl_TestSwitchManualStr_t" time="6.103515625e-05" />
    <testcase name="Equals (390)" classname="spec_perl_TestSwitchManualStr_t" time="5.69820404052734e-05" />
    <testcase name="Equals (391)" classname="spec_perl_TestSwitchManualStr_t" time="0.000112056732177734" />
    <testcase name="Equals (392)" classname="spec_perl_TestSwitchManualStr_t" time="7.98702239990234e-05" />
    <testcase name="Equals (393)" classname="spec_perl_TestSwitchManualStr_t" time="9.60826873779297e-05" />
    <testcase name="Equals (394)" classname="spec_perl_TestSwitchManualStr_t" time="8.98838043212891e-05" />
    <testcase name="Equals (395)" classname="spec_perl_TestSwitchManualStr_t" time="8.82148742675781e-05" />
  </testsuite>
  <testsuite name="spec_perl_TestDocstringsDocref_t" errors="0" failures="0" skipped="1" tests="1" time="0.0408639907836914">
    <system-out>1..1
ok 1 # skip DocstringsDocref=HASH(0x55bbecdd9b08)
</system-out>
    <testcase name="Unnamed test case 395" classname="spec_perl_TestDocstringsDocref_t" time="0.00174498558044434">
      <skipped message="ok 1 # skip DocstringsDocref=HASH(0x55bbecdd9b08)" />
    </testcase>
  </testsuite>
  <testsuite name="spec_perl_TestSwitchIntegers2_t" errors="0" failures="0" skipped="0" tests="5" time="0.0443820953369141">
    <system-out>1..5
ok 1 - Equals
ok 2 - Equals
ok 3 - Equals
ok 4 - Equals
ok 5 - Equals
</system-out>
    <testcase name="Equals (396)" classname="spec_perl_TestSwitchIntegers2_t" time="0.00156903266906738" />
    <testcase name="Equals (397)" classname="spec_perl_TestSwitchIntegers2_t" time="0.000102043151855469" />
    <testcase name="Equals (398)" classname="spec_perl_TestSwitchIntegers2_t" time="6.19888305664062e-05" />
    <testcase name="Equals (399)" classname="spec_perl_TestSwitchIntegers2_t" time="0.000107049942016602" />
    <testcase name="Equals (400)" classname="spec_perl_TestSwitchIntegers2_t" time="9.98973846435547e-05" />
  </testsuite>
  <testsuite name="spec_perl_TestBitsEnum_t" errors="0" failures="0" skipped="0" tests="3" time="0.0388820171356201">
    <system-out>1..3
ok 1 - Equals
ok 2 - Equals
ok 3 - Equals
</system-out>
    <testcase name="Equals (401)" classname="spec_perl_TestBitsEnum_t" time="0.00145697593688965" />
    <testcase name="Equals (402)" classname="spec_perl_TestBitsEnum_t" time="8.0108642578125e-05" />
    <testcase name="Equals (403)" classname="spec_perl_TestBitsEnum_t" time="0.000101804733276367" />
  </testsuite>
  <testsuite name="spec_perl_TestZlibSurrounded_t" errors="0" failures="0" skipped="0" tests="1" time="0.0791079998016357">
    <system-out>1..1
ok 1 - Equals
</system-out>
    <testcase name="Equals (404)" classname="spec_perl_TestZlibSurrounded_t" time="0.00193119049072266" />
  </testsuite>
  <testsuite name="spec_perl_TestEosExceptionU4_t" errors="0" failures="0" skipped="0" tests="1" time="0.0404970645904541">
    <system-out>1..1
ok 1 - threw /^Requested \d+ bytes, but only \d+ bytes available/
</system-out>
    <testcase name="threw /^Requested \d+ bytes, but only \d+ bytes available/ (404)" classname="spec_perl_TestEosExceptionU4_t" time="0.00179314613342285" />
  </testsuite>
  <testsuite name="spec_perl_TestBitsUnalignedB32Le_t" errors="0" failures="0" skipped="0" tests="3" time="0.0406417846679688">
    <system-out>1..3
ok 1 - Equals
ok 2 - Equals
ok 3 - Equals
</system-out>
    <testcase name="Equals (405)" classname="spec_perl_TestBitsUnalignedB32Le_t" time="0.00151896476745605" />
    <testcase name="Equals (406)" classname="spec_perl_TestBitsUnalignedB32Le_t" time="7.39097595214844e-05" />
    <testcase name="Equals (407)" classname="spec_perl_TestBitsUnalignedB32Le_t" time="5.91278076171875e-05" />
  </testsuite>
  <testsuite name="spec_perl_TestNavParentOverride_t" errors="0" failures="0" skipped="0" tests="3" time="0.0384840965270996">
    <system-out>1..3
ok 1 - Equals
ok 2 - Equals
ok 3 - Equals
</system-out>
    <testcase name="Equals (408)" classname="spec_perl_TestNavParentOverride_t" time="0.00218605995178223" />
    <testcase name="Equals (409)" classname="spec_perl_TestNavParentOverride_t" time="9.10758972167969e-05" />
    <testcase name="Equals (410)" classname="spec_perl_TestNavParentOverride_t" time="4.69684600830078e-05" />
  </testsuite>
  <testsuite name="spec_perl_TestNestedTypes3_t" errors="0" failures="0" skipped="0" tests="5" time="0.0401918888092041">
    <system-out>1..5
ok 1 - Equals
ok 2 - Equals
ok 3 - Equals
ok 4 - Equals
ok 5 - Equals
</system-out>
    <testcase name="Equals (411)" classname="spec_perl_TestNestedTypes3_t" time="0.00140786170959473" />
    <testcase name="Equals (412)" classname="spec_perl_TestNestedTypes3_t" time="7.29560852050781e-05" />
    <testcase name="Equals (413)" classname="spec_perl_TestNestedTypes3_t" time="6.00814819335938e-05" />
    <testcase name="Equals (414)" classname="spec_perl_TestNestedTypes3_t" time="9.79900360107422e-05" />
    <testcase name="Equals (415)" classname="spec_perl_TestNestedTypes3_t" time="8.89301300048828e-05" />
  </testsuite>
  <testsuite name="spec_perl_TestExprStrOps_t" errors="0" failures="0" skipped="0" tests="17" time="0.0451312065124512">
    <system-out>1..17
ok 1 - Equals
ok 2 - Equals
ok 3 - Equals
ok 4 - Equals
ok 5 - Equals
ok 6 - Equals
ok 7 - Equals
ok 8 - Equals
ok 9 - Equals
ok 10 - Equals
ok 11 - Equals
ok 12 - Equals
ok 13 - Equals
ok 14 - Equals
ok 15 - Equals
ok 16 - Equals
ok 17 - Equals
</system-out>
    <testcase name="Equals (416)" classname="spec_perl_TestExprStrOps_t" time="0.00142002105712891" />
    <testcase name="Equals (417)" classname="spec_perl_TestExprStrOps_t" time="7.20024108886719e-05" />
    <testcase name="Equals (418)" classname="spec_perl_TestExprStrOps_t" time="8.20159912109375e-05" />
    <testcase name="Equals (419)" classname="spec_perl_TestExprStrOps_t" time="0.000102043151855469" />
    <testcase name="Equals (420)" classname="spec_perl_TestExprStrOps_t" time="7.79628753662109e-05" />
    <testcase name="Equals (421)" classname="spec_perl_TestExprStrOps_t" time="9.39369201660156e-05" />
    <testcase name="Equals (422)" classname="spec_perl_TestExprStrOps_t" time="9.10758972167969e-05" />
    <testcase name="Equals (423)" classname="spec_perl_TestExprStrOps_t" time="9.20295715332031e-05" />
    <testcase name="Equals (424)" classname="spec_perl_TestExprStrOps_t" time="8.29696655273438e-05" />
    <testcase name="Equals (425)" classname="spec_perl_TestExprStrOps_t" time="7.39097595214844e-05" />
    <testcase name="Equals (426)" classname="spec_perl_TestExprStrOps_t" time="8.91685485839844e-05" />
    <testcase name="Equals (427)" classname="spec_perl_TestExprStrOps_t" time="8.58306884765625e-05" />
    <testcase name="Equals (428)" classname="spec_perl_TestExprStrOps_t" time="8.91685485839844e-05" />
    <testcase name="Equals (429)" classname="spec_perl_TestExprStrOps_t" time="8.48770141601562e-05" />
    <testcase name="Equals (430)" classname="spec_perl_TestExprStrOps_t" time="9.01222229003906e-05" />
    <testcase name="Equals (431)" classname="spec_perl_TestExprStrOps_t" time="8.58306884765625e-05" />
    <testcase name="Equals (432)" classname="spec_perl_TestExprStrOps_t" time="5.60283660888672e-05" />
  </testsuite>
  <testsuite name="spec_perl_TestBitsSimpleLe_t" errors="0" failures="0" skipped="0" tests="14" time="0.0396790504455566">
    <system-out>1..14
ok 1 - Equals
ok 2 - Equals
ok 3 - Equals
ok 4 - Equals
ok 5 - Equals
ok 6 - Equals
ok 7 - Equals
ok 8 - Equals
ok 9 - Equals
ok 10 - Equals
ok 11 - Equals
ok 12 - Equals
ok 13 - Equals
ok 14 - Equals
</system-out>
    <testcase name="Equals (433)" classname="spec_perl_TestBitsSimpleLe_t" time="0.0015571117401123" />
    <testcase name="Equals (434)" classname="spec_perl_TestBitsSimpleLe_t" time="9.70363616943359e-05" />
    <testcase name="Equals (435)" classname="spec_perl_TestBitsSimpleLe_t" time="5.00679016113281e-05" />
    <testcase name="Equals (436)" classname="spec_perl_TestBitsSimpleLe_t" time="5.29289245605469e-05" />
    <testcase name="Equals (437)" classname="spec_perl_TestBitsSimpleLe_t" time="6.50882720947266e-05" />
    <testcase name="Equals (438)" classname="spec_perl_TestBitsSimpleLe_t" time="4.1961669921875e-05" />
    <testcase name="Equals (439)" classname="spec_perl_TestBitsSimpleLe_t" time="5.69820404052734e-05" />
    <testcase name="Equals (440)" classname="spec_perl_TestBitsSimpleLe_t" time="4.00543212890625e-05" />
    <testcase name="Equals (441)" classname="spec_perl_TestBitsSimpleLe_t" time="5.29289245605469e-05" />
    <testcase name="Equals (442)" classname="spec_perl_TestBitsSimpleLe_t" time="8.60691070556641e-05" />
    <testcase name="Equals (443)" classname="spec_perl_TestBitsSimpleLe_t" time="8.67843627929688e-05" />
[...]
  </testsuite>
  <testsuite name="spec_perl_TestStrEos_t" errors="0" failures="0" skipped="0" tests="1" time="0.0479719638824463">
    <system-out>1..1
ok 1 - Equals
</system-out>
    <testcase name="Equals (878)" classname="spec_perl_TestStrEos_t" time="0.00152397155761719" />
  </testsuite>
  <testsuite name="spec_perl_TestEnumIntRangeS_t" errors="0" failures="0" skipped="0" tests="3" time="0.0383760929107666">
    <system-out>1..3
ok 1 - Equals
ok 2 - Equals
ok 3 - Equals
</system-out>
    <testcase name="Equals (879)" classname="spec_perl_TestEnumIntRangeS_t" time="0.00142407417297363" />
    <testcase name="Equals (880)" classname="spec_perl_TestEnumIntRangeS_t" time="7.20024108886719e-05" />
    <testcase name="Equals (881)" classname="spec_perl_TestEnumIntRangeS_t" time="6.58035278320312e-05" />
  </testsuite>
  <testsuite name="spec_perl_TestMetaXref_t" errors="0" failures="0" skipped="1" tests="1" time="0.0432820320129395">
    <system-out>1..1
ok 1 # skip MetaXref=HASH(0x559e75ae2218)
</system-out>
    <testcase name="Unnamed test case 881" classname="spec_perl_TestMetaXref_t" time="0.00168085098266602">
      <skipped message="ok 1 # skip MetaXref=HASH(0x559e75ae2218)" />
    </testcase>
  </testsuite>
  <testsuite name="spec_perl_TestIndexSizes_t" errors="0" failures="0" skipped="0" tests="7" time="0.0480649471282959">
    <system-out>1..7
ok 1 - Equals
ok 2 - Equals
ok 3 - Equals
ok 4 - Equals
ok 5 - Equals
ok 6 - Equals
ok 7 - Equals
</system-out>
    <testcase name="Equals (882)" classname="spec_perl_TestIndexSizes_t" time="0.00143098831176758" />
    <testcase name="Equals (883)" classname="spec_perl_TestIndexSizes_t" time="7.29560852050781e-05" />
    <testcase name="Equals (884)" classname="spec_perl_TestIndexSizes_t" time="5.81741333007812e-05" />
    <testcase name="Equals (885)" classname="spec_perl_TestIndexSizes_t" time="9.98973846435547e-05" />
    <testcase name="Equals (886)" classname="spec_perl_TestIndexSizes_t" time="5.91278076171875e-05" />
    <testcase name="Equals (887)" classname="spec_perl_TestIndexSizes_t" time="8.98838043212891e-05" />
    <testcase name="Equals (888)" classname="spec_perl_TestIndexSizes_t" time="7.39097595214844e-05" />
  </testsuite>
  <testsuite name="spec_perl_TestStrLiterals2_t" errors="0" failures="0" skipped="0" tests="4" time="0.0397968292236328">
    <system-out>1..4
ok 1 - Equals
ok 2 - Equals
ok 3 - Equals
ok 4 - Equals
</system-out>
    <testcase name="Equals (889)" classname="spec_perl_TestStrLiterals2_t" time="0.00148987770080566" />
    <testcase name="Equals (890)" classname="spec_perl_TestStrLiterals2_t" time="8.0108642578125e-05" />
    <testcase name="Equals (891)" classname="spec_perl_TestStrLiterals2_t" time="6.98566436767578e-05" />
    <testcase name="Equals (892)" classname="spec_perl_TestStrLiterals2_t" time="7.00950622558594e-05" />
  </testsuite>
  <testsuite name="spec_perl_TestSwitchManualIntSizeEos_t" errors="0" failures="0" skipped="0" tests="10" time="0.0463249683380127">
    <system-out>1..10
ok 1 - Equals
ok 2 - Equals
ok 3 - Equals
ok 4 - Equals
ok 5 - Equals
ok 6 - Equals
ok 7 - Equals
ok 8 - Equals
ok 9 - Equals
ok 10 - Equals
</system-out>
    <testcase name="Equals (893)" classname="spec_perl_TestSwitchManualIntSizeEos_t" time="0.00198793411254883" />
    <testcase name="Equals (894)" classname="spec_perl_TestSwitchManualIntSizeEos_t" time="8.89301300048828e-05" />
    <testcase name="Equals (895)" classname="spec_perl_TestSwitchManualIntSizeEos_t" time="6.19888305664062e-05" />
    <testcase name="Equals (896)" classname="spec_perl_TestSwitchManualIntSizeEos_t" time="5.81741333007812e-05" />
    <testcase name="Equals (897)" classname="spec_perl_TestSwitchManualIntSizeEos_t" time="5.48362731933594e-05" />
    <testcase name="Equals (898)" classname="spec_perl_TestSwitchManualIntSizeEos_t" time="0.000153064727783203" />
    <testcase name="Equals (899)" classname="spec_perl_TestSwitchManualIntSizeEos_t" time="9.20295715332031e-05" />
    <testcase name="Equals (900)" classname="spec_perl_TestSwitchManualIntSizeEos_t" time="9.20295715332031e-05" />
    <testcase name="Equals (901)" classname="spec_perl_TestSwitchManualIntSizeEos_t" time="0.000102996826171875" />
    <testcase name="Equals (902)" classname="spec_perl_TestSwitchManualIntSizeEos_t" time="7.79628753662109e-05" />
  </testsuite>
  <testsuite name="spec_perl_TestInstanceStd_t" errors="0" failures="0" skipped="0" tests="1" time="0.0425739288330078">
    <system-out>1..1
ok 1 - Equals
</system-out>
    <testcase name="Equals (903)" classname="spec_perl_TestInstanceStd_t" time="0.00137686729431152" />
  </testsuite>
  <testsuite name="spec_perl_TestIoLocalVar_t" errors="0" failures="0" skipped="0" tests="2" time="0.0431680679321289">
    <system-out>1..2
ok 1 - Equals
ok 2 - Equals
</system-out>
    <testcase name="Equals (904)" classname="spec_perl_TestIoLocalVar_t" time="0.00184106826782227" />
    <testcase name="Equals (905)" classname="spec_perl_TestIoLocalVar_t" time="7.39097595214844e-05" />
  </testsuite>
  <testsuite name="spec_perl_TestParamsEnum_t" errors="0" failures="1" skipped="0" tests="2" time="0.0411410331726074">
    <system-out>1..2
ok 1 - Equals
not ok 2 - Equals
</system-out>
    <testcase name="Equals (906)" classname="spec_perl_TestParamsEnum_t" time="0.00179600715637207" />
    <testcase name="Equals (907)" classname="spec_perl_TestParamsEnum_t" time="0.000589847564697266">
      <failure message="not ok 2 - Equals" type="TAP::Parser::Result::Test"></failure>
    </testcase>
  </testsuite>
  <testsuite name="spec_perl_TestEnumDeep_t" errors="0" failures="0" skipped="0" tests="2" time="0.0394608974456787">
    <system-out>1..2
ok 1 - Equals
ok 2 - Equals
</system-out>
    <testcase name="Equals (908)" classname="spec_perl_TestEnumDeep_t" time="0.00150108337402344" />
    <testcase name="Equals (909)" classname="spec_perl_TestEnumDeep_t" time="0.000118017196655273" />
  </testsuite>
  <testsuite name="spec_perl_TestBcdUserTypeLe_t" errors="0" failures="0" skipped="0" tests="6" time="0.0405988693237305">
    <system-out>1..6
ok 1 - Equals
ok 2 - Equals
ok 3 - Equals
ok 4 - Equals
ok 5 - Equals
ok 6 - Equals
</system-out>
    <testcase name="Equals (910)" classname="spec_perl_TestBcdUserTypeLe_t" time="0.00187206268310547" />
    <testcase name="Equals (911)" classname="spec_perl_TestBcdUserTypeLe_t" time="7.39097595214844e-05" />
    <testcase name="Equals (912)" classname="spec_perl_TestBcdUserTypeLe_t" time="0.000100135803222656" />
    <testcase name="Equals (913)" classname="spec_perl_TestBcdUserTypeLe_t" time="0.000133991241455078" />
    <testcase name="Equals (914)" classname="spec_perl_TestBcdUserTypeLe_t" time="0.00010991096496582" />
    <testcase name="Equals (915)" classname="spec_perl_TestBcdUserTypeLe_t" time="0.000102043151855469" />
  </testsuite>
  <testsuite name="spec_perl_TestBitsSignedResB32Be_t" errors="0" failures="0" skipped="0" tests="1" time="0.0396320819854736">
    <system-out>1..1
ok 1 - Equals
</system-out>
    <testcase name="Equals (916)" classname="spec_perl_TestBitsSignedResB32Be_t" time="0.00143098831176758" />
  </testsuite>
  <testsuite name="spec_perl_TestEnumImport_t" errors="0" failures="2" skipped="0" tests="2" time="0.0394618511199951">
    <system-out>1..2
not ok 1 - Equals
not ok 2 - Equals
</system-out>
    <testcase name="Equals (917)" classname="spec_perl_TestEnumImport_t" time="0.000758171081542969">
      <failure message="not ok 1 - Equals" type="TAP::Parser::Result::Test"></failure>
    </testcase>
    <testcase name="Equals (918)" classname="spec_perl_TestEnumImport_t" time="0.000103950500488281">
      <failure message="not ok 2 - Equals" type="TAP::Parser::Result::Test"></failure>
    </testcase>
  </testsuite>
  <testsuite name="spec_perl_TestNavParent2_t" errors="0" failures="0" skipped="0" tests="10" time="0.0455400943756104">
    <system-out>1..10
ok 1 - Equals
ok 2 - Equals
ok 3 - Equals
ok 4 - Equals
ok 5 - Equals
ok 6 - Equals
ok 7 - Equals
ok 8 - Equals
ok 9 - Equals
ok 10 - Equals
</system-out>
    <testcase name="Equals (919)" classname="spec_perl_TestNavParent2_t" time="0.00160694122314453" />
    <testcase name="Equals (920)" classname="spec_perl_TestNavParent2_t" time="7.20024108886719e-05" />
    <testcase name="Equals (921)" classname="spec_perl_TestNavParent2_t" time="5.88893890380859e-05" />
    <testcase name="Equals (922)" classname="spec_perl_TestNavParent2_t" time="9.79900360107422e-05" />
    <testcase name="Equals (923)" classname="spec_perl_TestNavParent2_t" time="7.70092010498047e-05" />
    <testcase name="Equals (924)" classname="spec_perl_TestNavParent2_t" time="0.000185966491699219" />
    <testcase name="Equals (925)" classname="spec_perl_TestNavParent2_t" time="9.01222229003906e-05" />
    <testcase name="Equals (926)" classname="spec_perl_TestNavParent2_t" time="8.89301300048828e-05" />
    <testcase name="Equals (927)" classname="spec_perl_TestNavParent2_t" time="8.91685485839844e-05" />
    <testcase name="Equals (928)" classname="spec_perl_TestNavParent2_t" time="0.000123977661132812" />
  </testsuite>
  <testsuite name="spec_perl_TestExprBytesNonLiteral_t" errors="0" failures="0" skipped="0" tests="3" time="0.0404248237609863">
    <system-out>1..3
ok 1 - Equals
ok 2 - Equals
ok 3 - Equals
</system-out>
    <testcase name="Equals (929)" classname="spec_perl_TestExprBytesNonLiteral_t" time="0.00142407417297363" />
    <testcase name="Equals (930)" classname="spec_perl_TestExprBytesNonLiteral_t" time="7.20024108886719e-05" />
    <testcase name="Equals (931)" classname="spec_perl_TestExprBytesNonLiteral_t" time="8.98838043212891e-05" />
  </testsuite>
  <testsuite name="spec_perl_TestProcessCustomNoArgs_t" errors="1" failures="0" skipped="0" tests="0" time="0.0390169620513916">
    <system-out></system-out>
    <testcase name="Test died too soon, even before plan. (931)" classname="spec_perl_TestProcessCustomNoArgs_t" time="0.0390169620513916">
      <failure message="The test suite died before a plan was produced. You need to have a plan." type="Plan">No plan</failure>
    </testcase>
  </testsuite>
  <testsuite name="spec_perl_TestOpaqueExternalType_t" errors="0" failures="0" skipped="0" tests="3" time="0.0454299449920654">
    <system-out>1..3
ok 1 - Equals
ok 2 - Equals
ok 3 - Equals
</system-out>
    <testcase name="Equals (932)" classname="spec_perl_TestOpaqueExternalType_t" time="0.00158214569091797" />
    <testcase name="Equals (933)" classname="spec_perl_TestOpaqueExternalType_t" time="7.17639923095703e-05" />
    <testcase name="Equals (934)" classname="spec_perl_TestOpaqueExternalType_t" time="0.000174045562744141" />
  </testsuite>
  <testsuite name="spec_perl_TestUserType_t" errors="0" failures="0" skipped="0" tests="2" time="0.0394439697265625">
    <system-out>1..2
ok 1 - Equals
ok 2 - Equals
</system-out>
    <testcase name="Equals (935)" classname="spec_perl_TestUserType_t" time="0.00145697593688965" />
    <testcase name="Equals (936)" classname="spec_perl_TestUserType_t" time="7.51018524169922e-05" />
  </testsuite>
  <testsuite name="spec_perl_TestTypeIntUnaryOp_t" errors="0" failures="0" skipped="0" tests="4" time="0.0398049354553223">
    <system-out>1..4
ok 1 - Equals
ok 2 - Equals
ok 3 - Equals
ok 4 - Equals
</system-out>
    <testcase name="Equals (937)" classname="spec_perl_TestTypeIntUnaryOp_t" time="0.00174093246459961" />
    <testcase name="Equals (938)" classname="spec_perl_TestTypeIntUnaryOp_t" time="7.51018524169922e-05" />
    <testcase name="Equals (939)" classname="spec_perl_TestTypeIntUnaryOp_t" time="7.20024108886719e-05" />
    <testcase name="Equals (940)" classname="spec_perl_TestTypeIntUnaryOp_t" time="6.00814819335938e-05" />
  </testsuite>
  <testsuite name="spec_perl_TestMultipleUse_t" errors="0" failures="0" skipped="0" tests="2" time="0.0389759540557861">
    <system-out>1..2
ok 1 - Equals
ok 2 - Equals
</system-out>
    <testcase name="Equals (941)" classname="spec_perl_TestMultipleUse_t" time="0.00155520439147949" />
    <testcase name="Equals (942)" classname="spec_perl_TestMultipleUse_t" time="9.29832458496094e-05" />
  </testsuite>
  <testsuite name="spec_perl_TestProcessCustom_t" errors="1" failures="0" skipped="0" tests="0" time="0.0351569652557373">
    <system-out></system-out>
    <testcase name="Test died too soon, even before plan. (942)" classname="spec_perl_TestProcessCustom_t" time="0.0351569652557373">
      <failure message="The test suite died before a plan was produced. You need to have a plan." type="Plan">No plan</failure>
    </testcase>
  </testsuite>
  <testsuite name="spec_perl_TestDefaultEndianExprIsBe_t" errors="0" failures="0" skipped="0" tests="18" time="0.038477897644043">
    <system-out>1..18
ok 1 - Equals
ok 2 - Equals
ok 3 - Equals
ok 4 - Equals
ok 5 - Equals
ok 6 - Equals
ok 7 - Equals
ok 8 - Equals
ok 9 - Equals
ok 10 - Equals
ok 11 - Equals
ok 12 - Equals
ok 13 - Equals
ok 14 - Equals
ok 15 - Equals
ok 16 - Equals
ok 17 - Equals
ok 18 - Equals
</system-out>
    <testcase name="Equals (943)" classname="spec_perl_TestDefaultEndianExprIsBe_t" time="0.00176596641540527" />
    <testcase name="Equals (944)" classname="spec_perl_TestDefaultEndianExprIsBe_t" time="7.48634338378906e-05" />
    <testcase name="Equals (945)" classname="spec_perl_TestDefaultEndianExprIsBe_t" time="6.103515625e-05" />
    <testcase name="Equals (946)" classname="spec_perl_TestDefaultEndianExprIsBe_t" time="8.79764556884766e-05" />
    <testcase name="Equals (947)" classname="spec_perl_TestDefaultEndianExprIsBe_t" time="0.000112056732177734" />
    <testcase name="Equals (948)" classname="spec_perl_TestDefaultEndianExprIsBe_t" time="0.000121116638183594" />
    <testcase name="Equals (949)" classname="spec_perl_TestDefaultEndianExprIsBe_t" time="8.89301300048828e-05" />
    <testcase name="Equals (950)" classname="spec_perl_TestDefaultEndianExprIsBe_t" time="9.98973846435547e-05" />
    <testcase name="Equals (951)" classname="spec_perl_TestDefaultEndianExprIsBe_t" time="7.51018524169922e-05" />
    <testcase name="Equals (952)" classname="spec_perl_TestDefaultEndianExprIsBe_t" time="9.20295715332031e-05" />
    <testcase name="Equals (953)" classname="spec_perl_TestDefaultEndianExprIsBe_t" time="0.000102043151855469" />
    <testcase name="Equals (954)" classname="spec_perl_TestDefaultEndianExprIsBe_t" time="0.00010991096496582" />
    <testcase name="Equals (955)" classname="spec_perl_TestDefaultEndianExprIsBe_t" time="9.39369201660156e-05" />
    <testcase name="Equals (956)" classname="spec_perl_TestDefaultEndianExprIsBe_t" time="7.91549682617188e-05" />
    <testcase name="Equals (957)" classname="spec_perl_TestDefaultEndianExprIsBe_t" time="8.392333984375e-05" />
    <testcase name="Equals (958)" classname="spec_perl_TestDefaultEndianExprIsBe_t" time="8.70227813720703e-05" />
    <testcase name="Equals (959)" classname="spec_perl_TestDefaultEndianExprIsBe_t" time="0.00010991096496582" />
    <testcase name="Equals (960)" classname="spec_perl_TestDefaultEndianExprIsBe_t" time="0.000106096267700195" />
  </testsuite>
  <testsuite name="spec_perl_TestBitsSignedResB32Le_t" errors="0" failures="0" skipped="0" tests="1" time="0.0395801067352295">
    <system-out>1..1
ok 1 - Equals
</system-out>
    <testcase name="Equals (961)" classname="spec_perl_TestBitsSignedResB32Le_t" time="0.00162196159362793" />
  </testsuite>
  <testsuite name="spec_perl_TestPositionInSeq_t" errors="0" failures="0" skipped="0" tests="1" time="0.0389518737792969">
    <system-out>1..1
ok 1 - Equals
</system-out>
    <testcase name="Equals (962)" classname="spec_perl_TestPositionInSeq_t" time="0.00143790245056152" />
  </testsuite>
  <testsuite name="spec_perl_TestNestedSameName_t" errors="0" failures="0" skipped="0" tests="2" time="0.0374970436096191">
    <system-out>1..2
ok 1 - Equals
ok 2 - Equals
</system-out>
    <testcase name="Equals (963)" classname="spec_perl_TestNestedSameName_t" time="0.00161099433898926" />
    <testcase name="Equals (964)" classname="spec_perl_TestNestedSameName_t" time="0.000101089477539062" />
  </testsuite>
  <testsuite name="spec_perl_TestEnum0_t" errors="0" failures="0" skipped="0" tests="2" time="0.0404889583587646">
    <system-out>1..2
ok 1 - Equals
ok 2 - Equals
</system-out>
    <testcase name="Equals (965)" classname="spec_perl_TestEnum0_t" time="0.00149893760681152" />
    <testcase name="Equals (966)" classname="spec_perl_TestEnum0_t" time="7.20024108886719e-05" />
  </testsuite>
  <testsuite name="spec_perl_TestDebug0_t" errors="0" failures="0" skipped="1" tests="1" time="0.0384719371795654">
    <system-out>1..1
ok 1 # skip test_debug_0
</system-out>
    <testcase name="Unnamed test case 966" classname="spec_perl_TestDebug0_t" time="0.00138711929321289">
      <skipped message="ok 1 # skip test_debug_0" />
    </testcase>
  </testsuite>
  <testsuite name="spec_perl_TestExprSizeofType0_t" errors="0" failures="0" skipped="0" tests="1" time="0.0379610061645508">
    <system-out>1..1
ok 1 - Equals
</system-out>
    <testcase name="Equals (967)" classname="spec_perl_TestExprSizeofType0_t" time="0.00141501426696777" />
  </testsuite>
  <testsuite name="spec_perl_TestBitsSimple_t" errors="0" failures="0" skipped="0" tests="14" time="0.04180908203125">
    <system-out>1..14
ok 1 - Equals
ok 2 - Equals
ok 3 - Equals
ok 4 - Equals
ok 5 - Equals
ok 6 - Equals
ok 7 - Equals
ok 8 - Equals
ok 9 - Equals
ok 10 - Equals
ok 11 - Equals
ok 12 - Equals
ok 13 - Equals
ok 14 - Equals
</system-out>
    <testcase name="Equals (968)" classname="spec_perl_TestBitsSimple_t" time="0.00153398513793945" />
    <testcase name="Equals (969)" classname="spec_perl_TestBitsSimple_t" time="8.51154327392578e-05" />
    <testcase name="Equals (970)" classname="spec_perl_TestBitsSimple_t" time="6.19888305664062e-05" />
    <testcase name="Equals (971)" classname="spec_perl_TestBitsSimple_t" time="0.000121831893920898" />
    <testcase name="Equals (972)" classname="spec_perl_TestBitsSimple_t" time="0.00012516975402832" />
    <testcase name="Equals (973)" classname="spec_perl_TestBitsSimple_t" time="8.79764556884766e-05" />
    <testcase name="Equals (974)" classname="spec_perl_TestBitsSimple_t" time="8.89301300048828e-05" />
    <testcase name="Equals (975)" classname="spec_perl_TestBitsSimple_t" time="8.51154327392578e-05" />
    <testcase name="Equals (976)" classname="spec_perl_TestBitsSimple_t" time="9.29832458496094e-05" />
    <testcase name="Equals (977)" classname="spec_perl_TestBitsSimple_t" time="8.08238983154297e-05" />
    <testcase name="Equals (978)" classname="spec_perl_TestBitsSimple_t" time="8.51154327392578e-05" />
    <testcase name="Equals (979)" classname="spec_perl_TestBitsSimple_t" time="8.48770141601562e-05" />
    <testcase name="Equals (980)" classname="spec_perl_TestBitsSimple_t" time="8.60691070556641e-05" />
    <testcase name="Equals (981)" classname="spec_perl_TestBitsSimple_t" time="9.20295715332031e-05" />
  </testsuite>
  <testsuite name="spec_perl_TestSwitchCast_t" errors="0" failures="0" skipped="0" tests="2" time="0.0468828678131104">
    <system-out>1..2
ok 1 - Equals
ok 2 - Equals
</system-out>
    <testcase name="Equals (982)" classname="spec_perl_TestSwitchCast_t" time="0.00161600112915039" />
    <testcase name="Equals (983)" classname="spec_perl_TestSwitchCast_t" time="7.10487365722656e-05" />
  </testsuite>
  <testsuite name="spec_perl_TestExprEnum_t" errors="0" failures="0" skipped="0" tests="3" time="0.037837028503418">
    <system-out>1..3
ok 1 - Equals
ok 2 - Equals
ok 3 - Equals
</system-out>
    <testcase name="Equals (984)" classname="spec_perl_TestExprEnum_t" time="0.00184106826782227" />
    <testcase name="Equals (985)" classname="spec_perl_TestExprEnum_t" time="6.98566436767578e-05" />
    <testcase name="Equals (986)" classname="spec_perl_TestExprEnum_t" time="5.91278076171875e-05" />
  </testsuite>
</testsuites>
