<?xml version='1.0' encoding='utf-8'?>
<testsuites>
  <testsuite name="spec_perl_TestBitsUnalignedB64Le_t" errors="0" failures="0" skipped="0" tests="3" time="0.0618860721588135">
    <system-out>1..3
ok 1 - Equals
ok 2 - Equals
ok 3 - Equals
</system-out>
    <testcase name="Equals" classname="spec_perl_TestBitsUnalignedB64Le_t" time="0.000161886215209961" />
    <testcase name="Equals (2)" classname="spec_perl_TestBitsUnalignedB64Le_t" time="5.31673431396484e-05" />
    <testcase name="Equals (3)" classname="spec_perl_TestBitsUnalignedB64Le_t" time="3.79085540771484e-05" />
  </testsuite>
  <testsuite name="spec_perl_TestProcessCoerceUsertype1_t" errors="0" failures="0" skipped="0" tests="4" time="0.0628490447998047">
    <system-out>1..4
ok 1 - Equals
ok 2 - Equals
ok 3 - Equals
ok 4 - Equals
</system-out>
    <testcase name="Equals (4)" classname="spec_perl_TestProcessCoerceUsertype1_t" time="0.000414848327636719" />
    <testcase name="Equals (5)" classname="spec_perl_TestProcessCoerceUsertype1_t" time="6.29425048828125e-05" />
    <testcase name="Equals (6)" classname="spec_perl_TestProcessCoerceUsertype1_t" time="9.41753387451172e-05" />
    <testcase name="Equals (7)" classname="spec_perl_TestProcessCoerceUsertype1_t" time="0.00011897087097168" />
  </testsuite>
  <testsuite name="spec_perl_TestBitsSignedResB32Be_t" errors="0" failures="0" skipped="0" tests="1" time="0.062263011932373">
    <system-out>1..1
ok 1 - Equals
</system-out>
    <testcase name="Equals (8)" classname="spec_perl_TestBitsSignedResB32Be_t" time="0.000123977661132812" />
  </testsuite>
  <testsuite name="spec_perl_TestExprStrOps_t" errors="0" failures="0" skipped="0" tests="17" time="0.0692079067230225">
    <system-out>1..17
ok 1 - Equals
ok 2 - Equals
ok 3 - Equals
ok 4 - Equals
ok 5 - Equals
ok 6 - Equals
ok 7 - Equals
ok 8 - Equals
ok 9 - Equals
ok 10 - Equals
ok 11 - Equals
ok 12 - Equals
ok 13 - Equals
ok 14 - Equals
ok 15 - Equals
ok 16 - Equals
ok 17 - Equals
</system-out>
    <testcase name="Equals (9)" classname="spec_perl_TestExprStrOps_t" time="0.000264167785644531" />
    <testcase name="Equals (10)" classname="spec_perl_TestExprStrOps_t" time="0.000128030776977539" />
    <testcase name="Equals (11)" classname="spec_perl_TestExprStrOps_t" time="0.000102996826171875" />
    <testcase name="Equals (12)" classname="spec_perl_TestExprStrOps_t" time="5.07831573486328e-05" />
    <testcase name="Equals (13)" classname="spec_perl_TestExprStrOps_t" time="7.51018524169922e-05" />
    <testcase name="Equals (14)" classname="spec_perl_TestExprStrOps_t" time="0.000108957290649414" />
    <testcase name="Equals (15)" classname="spec_perl_TestExprStrOps_t" time="0.000108957290649414" />
    <testcase name="Equals (16)" classname="spec_perl_TestExprStrOps_t" time="0.000105142593383789" />
    <testcase name="Equals (17)" classname="spec_perl_TestExprStrOps_t" time="0.000118017196655273" />
    <testcase name="Equals (18)" classname="spec_perl_TestExprStrOps_t" time="0.000155925750732422" />
    <testcase name="Equals (19)" classname="spec_perl_TestExprStrOps_t" time="4.91142272949219e-05" />
    <testcase name="Equals (20)" classname="spec_perl_TestExprStrOps_t" time="0.000119924545288086" />
    <testcase name="Equals (21)" classname="spec_perl_TestExprStrOps_t" time="9.29832458496094e-05" />
    <testcase name="Equals (22)" classname="spec_perl_TestExprStrOps_t" time="0.000113964080810547" />
    <testcase name="Equals (23)" classname="spec_perl_TestExprStrOps_t" time="0.000131130218505859" />
    <testcase name="Equals (24)" classname="spec_perl_TestExprStrOps_t" time="0.000165939331054688" />
    <testcase name="Equals (25)" classname="spec_perl_TestExprStrOps_t" time="5.38825988769531e-05" />
  </testsuite>
  <testsuite name="spec_perl_TestProcessToUser_t" errors="0" failures="0" skipped="0" tests="1" time="0.0658650398254395">
    <system-out>1..1
ok 1 - Equals
</system-out>
    <testcase name="Equals (26)" classname="spec_perl_TestProcessToUser_t" time="0.000423908233642578" />
  </testsuite>
  <testsuite name="spec_perl_TestExprBytesCmp_t" errors="0" failures="0" skipped="0" tests="10" time="0.0630879402160645">
    <system-out>1..10
ok 1 - Equals
ok 2 - Equals
ok 3 - Equals
ok 4 - Equals
ok 5 - Equals
ok 6 - Equals
ok 7 - Equals
ok 8 - Equals
ok 9 - Equals
ok 10 - Equals
</system-out>
    <testcase name="Equals (27)" classname="spec_perl_TestExprBytesCmp_t" time="0.000185966491699219" />
    <testcase name="Equals (28)" classname="spec_perl_TestExprBytesCmp_t" time="5.00679016113281e-05" />
    <testcase name="Equals (29)" classname="spec_perl_TestExprBytesCmp_t" time="4.79221343994141e-05" />
    <testcase name="Equals (30)" classname="spec_perl_TestExprBytesCmp_t" time="4.41074371337891e-05" />
    <testcase name="Equals (31)" classname="spec_perl_TestExprBytesCmp_t" time="8.98838043212891e-05" />
    <testcase name="Equals (32)" classname="spec_perl_TestExprBytesCmp_t" time="9.41753387451172e-05" />
    <testcase name="Equals (33)" classname="spec_perl_TestExprBytesCmp_t" time="9.48905944824219e-05" />
    <testcase name="Equals (34)" classname="spec_perl_TestExprBytesCmp_t" time="9.48905944824219e-05" />
    <testcase name="Equals (35)" classname="spec_perl_TestExprBytesCmp_t" time="9.41753387451172e-05" />
    <testcase name="Equals (36)" classname="spec_perl_TestExprBytesCmp_t" time="0.000107049942016602" />
  </testsuite>
  <testsuite name="spec_perl_TestSwitchCast_t" errors="0" failures="0" skipped="0" tests="2" time="0.0669949054718018">
    <system-out>1..2
ok 1 - Equals
ok 2 - Equals
</system-out>
    <testcase name="Equals (37)" classname="spec_perl_TestSwitchCast_t" time="0.00020289421081543" />
    <testcase name="Equals (38)" classname="spec_perl_TestSwitchCast_t" time="6.00814819335938e-05" />
  </testsuite>
  <testsuite name="spec_perl_TestNavParentSwitch_t" errors="0" failures="0" skipped="0" tests="3" time="0.0621910095214844">
    <system-out>1..3
ok 1 - Equals
ok 2 - Equals
ok 3 - Equals
</system-out>
    <testcase name="Equals (39)" classname="spec_perl_TestNavParentSwitch_t" time="0.000175952911376953" />
    <testcase name="Equals (40)" classname="spec_perl_TestNavParentSwitch_t" time="6.103515625e-05" />
    <testcase name="Equals (41)" classname="spec_perl_TestNavParentSwitch_t" time="4.50611114501953e-05" />
  </testsuite>
  <testsuite name="spec_perl_TestStrLiterals2_t" errors="0" failures="0" skipped="0" tests="4" time="0.0640270709991455">
    <system-out>1..4
ok 1 - Equals
ok 2 - Equals
ok 3 - Equals
ok 4 - Equals
</system-out>
    <testcase name="Equals (42)" classname="spec_perl_TestStrLiterals2_t" time="0.000178098678588867" />
    <testcase name="Equals (43)" classname="spec_perl_TestStrLiterals2_t" time="5.98430633544922e-05" />
    <testcase name="Equals (44)" classname="spec_perl_TestStrLiterals2_t" time="5.00679016113281e-05" />
    <testcase name="Equals (45)" classname="spec_perl_TestStrLiterals2_t" time="0.000123023986816406" />
  </testsuite>
  <testsuite name="spec_perl_TestSwitchRepeatExprInvalid_t" errors="0" failures="0" skipped="0" tests="3" time="0.0625360012054443">
    <system-out>1..3
ok 1 - Equals
ok 2 - Equals
ok 3 - Equals
</system-out>
    <testcase name="Equals (46)" classname="spec_perl_TestSwitchRepeatExprInvalid_t" time="0.000197887420654297" />
    <testcase name="Equals (47)" classname="spec_perl_TestSwitchRepeatExprInvalid_t" time="6.81877136230469e-05" />
    <testcase name="Equals (48)" classname="spec_perl_TestSwitchRepeatExprInvalid_t" time="4.60147857666016e-05" />
  </testsuite>
  <testsuite name="spec_perl_TestIntegersDoubleOverflow_t" errors="0" failures="0" skipped="0" tests="8" time="0.0640890598297119">
    <system-out>1..8
ok 1 - Equals
ok 2 - Equals
ok 3 - Equals
ok 4 - Equals
ok 5 - Equals
ok 6 - Equals
ok 7 - Equals
ok 8 - Equals
</system-out>
    <testcase name="Equals (49)" classname="spec_perl_TestIntegersDoubleOverflow_t" time="0.000171899795532227" />
    <testcase name="Equals (50)" classname="spec_perl_TestIntegersDoubleOverflow_t" time="6.103515625e-05" />
    <testcase name="Equals (51)" classname="spec_perl_TestIntegersDoubleOverflow_t" time="9.20295715332031e-05" />
    <testcase name="Equals (52)" classname="spec_perl_TestIntegersDoubleOverflow_t" time="0.000111818313598633" />
    <testcase name="Equals (53)" classname="spec_perl_TestIntegersDoubleOverflow_t" time="0.000106096267700195" />
    <testcase name="Equals (54)" classname="spec_perl_TestIntegersDoubleOverflow_t" time="0.000108003616333008" />
    <testcase name="Equals (55)" classname="spec_perl_TestIntegersDoubleOverflow_t" time="0.000112056732177734" />
    <testcase name="Equals (56)" classname="spec_perl_TestIntegersDoubleOverflow_t" time="0.000107049942016602" />
  </testsuite>
  <testsuite name="spec_perl_TestSwitchManualStr_t" errors="0" failures="0" skipped="0" tests="9" time="0.0678157806396484">
    <system-out>1..9
ok 1 - Equals
ok 2 - Equals
ok 3 - Equals
ok 4 - Equals
ok 5 - Equals
ok 6 - Equals
ok 7 - Equals
ok 8 - Equals
ok 9 - Equals
</system-out>
    <testcase name="Equals (57)" classname="spec_perl_TestSwitchManualStr_t" time="0.000214815139770508" />
    <testcase name="Equals (58)" classname="spec_perl_TestSwitchManualStr_t" time="5.91278076171875e-05" />
    <testcase name="Equals (59)" classname="spec_perl_TestSwitchManualStr_t" time="0.00010991096496582" />
    <testcase name="Equals (60)" classname="spec_perl_TestSwitchManualStr_t" time="0.000118017196655273" />
    <testcase name="Equals (61)" classname="spec_perl_TestSwitchManualStr_t" time="0.000106096267700195" />
    <testcase name="Equals (62)" classname="spec_perl_TestSwitchManualStr_t" time="0.000107049942016602" />
    <testcase name="Equals (63)" classname="spec_perl_TestSwitchManualStr_t" time="0.0001068115234375" />
    <testcase name="Equals (64)" classname="spec_perl_TestSwitchManualStr_t" time="0.000106096267700195" />
    <testcase name="Equals (65)" classname="spec_perl_TestSwitchManualStr_t" time="0.000105857849121094" />
  </testsuite>
  <testsuite name="spec_perl_TestParamsPassArrayInt_t" errors="0" failures="1" skipped="6" tests="7" time="0.063906192779541">
    <system-out>1..7
not ok 1 - test_params_pass_array_int died (Can't use an undefined value as an ARRAY reference at spec/perl/TestParamsPassArrayInt.t line 14.)
ok 2 # skip test_params_pass_array_int died
ok 3 # skip test_params_pass_array_int died
ok 4 # skip test_params_pass_array_int died
ok 5 # skip test_params_pass_array_int died
ok 6 # skip test_params_pass_array_int died
ok 7 # skip test_params_pass_array_int died
</system-out>
    <testcase name="test_params_pass_array_int died (Can't use an undefined value as an ARRAY reference at spec/perl/TestParamsPassArrayInt.t line 14.) (65)" classname="spec_perl_TestParamsPassArrayInt_t" time="0.000187873840332031">
      <failure message="not ok 1 - test_params_pass_array_int died (Can't use an undefined value as an ARRAY reference at spec/perl/TestParamsPassArrayInt.t line 14.)" type="TAP::Parser::Result::Test"></failure>
    </testcase>
    <testcase name="Unnamed test case 65" classname="spec_perl_TestParamsPassArrayInt_t" time="0.00115799903869629">
      <skipped message="ok 2 # skip test_params_pass_array_int died" />
    </testcase>
    <testcase name="Unnamed test case 66" classname="spec_perl_TestParamsPassArrayInt_t" time="7.20024108886719e-05">
      <skipped message="ok 3 # skip test_params_pass_array_int died" />
    </testcase>
    <testcase name="Unnamed test case 67" classname="spec_perl_TestParamsPassArrayInt_t" time="3.814697265625e-05">
      <skipped message="ok 4 # skip test_params_pass_array_int died" />
    </testcase>
    <testcase name="Unnamed test case 68" classname="spec_perl_TestParamsPassArrayInt_t" time="3.38554382324219e-05">
      <skipped message="ok 5 # skip test_params_pass_array_int died" />
    </testcase>
    <testcase name="Unnamed test case 69" classname="spec_perl_TestParamsPassArrayInt_t" time="3.40938568115234e-05">
      <skipped message="ok 6 # skip test_params_pass_array_int died" />
    </testcase>
    <testcase name="Unnamed test case 70" classname="spec_perl_TestParamsPassArrayInt_t" time="4.50611114501953e-05">
      <skipped message="ok 7 # skip test_params_pass_array_int died" />
    </testcase>
  </testsuite>
  <testsuite name="spec_perl_TestNavParentFalse2_t" errors="0" failures="0" skipped="0" tests="1" time="0.0620009899139404">
    <system-out>1..1
ok 1 - Equals
</system-out>
    <testcase name="Equals (70)" classname="spec_perl_TestNavParentFalse2_t" time="0.000180959701538086" />
  </testsuite>
  <testsuite name="spec_perl_TestTypeIntUnaryOp_t" errors="0" failures="0" skipped="0" tests="4" time="0.06266188621521">
    <system-out>1..4
ok 1 - Equals
ok 2 - Equals
ok 3 - Equals
ok 4 - Equals
</system-out>
    <testcase name="Equals (71)" classname="spec_perl_TestTypeIntUnaryOp_t" time="0.000174999237060547" />
    <testcase name="Equals (72)" classname="spec_perl_TestTypeIntUnaryOp_t" time="5.98430633544922e-05" />
    <testcase name="Equals (73)" classname="spec_perl_TestTypeIntUnaryOp_t" time="5.00679016113281e-05" />
    <testcase name="Equals (74)" classname="spec_perl_TestTypeIntUnaryOp_t" time="0.000117063522338867" />
  </testsuite>
  <testsuite name="spec_perl_TestMetaXref_t" errors="0" failures="0" skipped="1" tests="1" time="0.0629310607910156">
    <system-out>1..1
ok 1 # skip MetaXref=HASH(0x561ce3c3b8a0)
</system-out>
    <testcase name="Unnamed test case 74" classname="spec_perl_TestMetaXref_t" time="0.00107097625732422">
      <skipped message="ok 1 # skip MetaXref=HASH(0x561ce3c3b8a0)" />
    </testcase>
  </testsuite>
  <testsuite name="spec_perl_TestImportsAbsAbs_t" errors="0" failures="0" skipped="0" tests="3" time="0.0624630451202393">
    <system-out>1..3
ok 1 - Equals
ok 2 - Equals
ok 3 - Equals
</system-out>
    <testcase name="Equals (75)" classname="spec_perl_TestImportsAbsAbs_t" time="0.000176906585693359" />
    <testcase name="Equals (76)" classname="spec_perl_TestImportsAbsAbs_t" time="5.41210174560547e-05" />
    <testcase name="Equals (77)" classname="spec_perl_TestImportsAbsAbs_t" time="0.00010991096496582" />
  </testsuite>
  <testsuite name="spec_perl_TestExprIoPos_t" errors="0" failures="0" skipped="0" tests="6" time="0.0677089691162109">
    <system-out>1..6
ok 1 - Equals
ok 2 - Equals
ok 3 - Equals
ok 4 - Equals
ok 5 - Equals
ok 6 - Equals
</system-out>
    <testcase name="Equals (78)" classname="spec_perl_TestExprIoPos_t" time="0.000620126724243164" />
    <testcase name="Equals (79)" classname="spec_perl_TestExprIoPos_t" time="6.00814819335938e-05" />
    <testcase name="Equals (80)" classname="spec_perl_TestExprIoPos_t" time="7.89165496826172e-05" />
    <testcase name="Equals (81)" classname="spec_perl_TestExprIoPos_t" time="0.000112056732177734" />
    <testcase name="Equals (82)" classname="spec_perl_TestExprIoPos_t" time="0.000108003616333008" />
    <testcase name="Equals (83)" classname="spec_perl_TestExprIoPos_t" time="0.000118017196655273" />
  </testsuite>
  <testsuite name="spec_perl_TestCastToImported_t" errors="0" failures="0" skipped="0" tests="2" time="0.0626399517059326">
    <system-out>1..2
ok 1 - Equals
ok 2 - Equals
</system-out>
    <testcase name="Equals (84)" classname="spec_perl_TestCastToImported_t" time="0.000174999237060547" />
    <testcase name="Equals (85)" classname="spec_perl_TestCastToImported_t" time="5.79357147216797e-05" />
  </testsuite>
  <testsuite name="spec_perl_TestEnumLongRangeS_t" errors="0" failures="0" skipped="0" tests="7" time="0.0630528926849365">
    <system-out>1..7
ok 1 - Equals
ok 2 - Equals
ok 3 - Equals
ok 4 - Equals
ok 5 - Equals
ok 6 - Equals
ok 7 - Equals
</system-out>
    <testcase name="Equals (86)" classname="spec_perl_TestEnumLongRangeS_t" time="0.000174999237060547" />
    <testcase name="Equals (87)" classname="spec_perl_TestEnumLongRangeS_t" time="6.31809234619141e-05" />
    <testcase name="Equals (88)" classname="spec_perl_TestEnumLongRangeS_t" time="4.69684600830078e-05" />
    <testcase name="Equals (89)" classname="spec_perl_TestEnumLongRangeS_t" time="0.000102996826171875" />
    <testcase name="Equals (90)" classname="spec_perl_TestEnumLongRangeS_t" time="0.000103950500488281" />
    <testcase name="Equals (91)" classname="spec_perl_TestEnumLongRangeS_t" time="0.000106096267700195" />
    <testcase name="Equals (92)" classname="spec_perl_TestEnumLongRangeS_t" time="0.0001068115234375" />
  </testsuite>
  <testsuite name="spec_perl_TestRepeatNStrzDouble_t" errors="0" failures="0" skipped="0" tests="3" time="0.066586971282959">
    <system-out>1..3
ok 1 - Equals
ok 2 - Equals
ok 3 - Equals
</system-out>
    <testcase name="Equals (93)" classname="spec_perl_TestRepeatNStrzDouble_t" time="0.000226020812988281" />
    <testcase name="Equals (94)" classname="spec_perl_TestRepeatNStrzDouble_t" time="6.07967376708984e-05" />
    <testcase name="Equals (95)" classname="spec_perl_TestRepeatNStrzDouble_t" time="4.31537628173828e-05" />
  </testsuite>
  <testsuite name="spec_perl_TestToStringCustom_t" errors="0" failures="0" skipped="0" tests="1" time="0.0681300163269043">
    <system-out>1..1
ok 1 - Equals
</system-out>
    <testcase name="Equals (96)" classname="spec_perl_TestToStringCustom_t" time="0.000277996063232422" />
  </testsuite>
  <testsuite name="spec_perl_TestSwitchElseOnly_t" errors="0" failures="0" skipped="0" tests="3" time="0.0624411106109619">
    <system-out>1..3
ok 1 - Equals
ok 2 - Equals
ok 3 - Equals
</system-out>
    <testcase name="Equals (97)" classname="spec_perl_TestSwitchElseOnly_t" time="0.000180959701538086" />
    <testcase name="Equals (98)" classname="spec_perl_TestSwitchElseOnly_t" time="6.38961791992188e-05" />
    <testcase name="Equals (99)" classname="spec_perl_TestSwitchElseOnly_t" time="3.814697265625e-05" />
  </testsuite>
  <testsuite name="spec_perl_TestExprSizeofValueSized_t" errors="0" failures="0" skipped="0" tests="5" time="0.0629560947418213">
    <system-out>1..5
ok 1 - Equals
ok 2 - Equals
ok 3 - Equals
ok 4 - Equals
ok 5 - Equals
</system-out>
    <testcase name="Equals (100)" classname="spec_perl_TestExprSizeofValueSized_t" time="0.000420808792114258" />
    <testcase name="Equals (101)" classname="spec_perl_TestExprSizeofValueSized_t" time="6.103515625e-05" />
    <testcase name="Equals (102)" classname="spec_perl_TestExprSizeofValueSized_t" time="0.00011897087097168" />
    <testcase name="Equals (103)" classname="spec_perl_TestExprSizeofValueSized_t" time="0.000111103057861328" />
    <testcase name="Equals (104)" classname="spec_perl_TestExprSizeofValueSized_t" time="0.000108957290649414" />
  </testsuite>
  <testsuite name="spec_perl_TestParamsPassArrayUsertype_t" errors="0" failures="1" skipped="4" tests="5" time="0.0635650157928467">
    <system-out>1..5
not ok 1 - test_params_pass_array_usertype died (Can't use an undefined value as an ARRAY reference at compiled/perl/ParamsPassArrayUsertype.pm line 123.)
ok 2 # skip test_params_pass_array_usertype died
ok 3 # skip test_params_pass_array_usertype died
ok 4 # skip test_params_pass_array_usertype died
ok 5 # skip test_params_pass_array_usertype died
</system-out>
    <testcase name="test_params_pass_array_usertype died (Can't use an undefined value as an ARRAY reference at compiled/perl/ParamsPassArrayUsertype.pm line 123.) (104)" classname="spec_perl_TestParamsPassArrayUsertype_t" time="0.000184059143066406">
      <failure message="not ok 1 - test_params_pass_array_usertype died (Can't use an undefined value as an ARRAY reference at compiled/perl/ParamsPassArrayUsertype.pm line 123.)" type="TAP::Parser::Result::Test"></failure>
    </testcase>
    <testcase name="Unnamed test case 104" classname="spec_perl_TestParamsPassArrayUsertype_t" time="0.000612020492553711">
      <skipped message="ok 2 # skip test_params_pass_array_usertype died" />
    </testcase>
    <testcase name="Unnamed test case 105" classname="spec_perl_TestParamsPassArrayUsertype_t" time="0.000748872756958008">
      <skipped message="ok 3 # skip test_params_pass_array_usertype died" />
    </testcase>
    <testcase name="Unnamed test case 106" classname="spec_perl_TestParamsPassArrayUsertype_t" time="6.41345977783203e-05">
      <skipped message="ok 4 # skip test_params_pass_array_usertype died" />
    </testcase>
    <testcase name="Unnamed test case 107" classname="spec_perl_TestParamsPassArrayUsertype_t" time="8.392333984375e-05">
      <skipped message="ok 5 # skip test_params_pass_array_usertype died" />
    </testcase>
  </testsuite>
  <testsuite name="spec_perl_TestNavParentFalse_t" errors="0" failures="0" skipped="0" tests="5" time="0.0635349750518799">
    <system-out>1..5
ok 1 - Equals
ok 2 - Equals
ok 3 - Equals
ok 4 - Equals
ok 5 - Equals
</system-out>
    <testcase name="Equals (107)" classname="spec_perl_TestNavParentFalse_t" time="0.000138044357299805" />
    <testcase name="Equals (108)" classname="spec_perl_TestNavParentFalse_t" time="3.69548797607422e-05" />
    <testcase name="Equals (109)" classname="spec_perl_TestNavParentFalse_t" time="2.78949737548828e-05" />
    <testcase name="Equals (110)" classname="spec_perl_TestNavParentFalse_t" time="2.59876251220703e-05" />
    <testcase name="Equals (111)" classname="spec_perl_TestNavParentFalse_t" time="3.19480895996094e-05" />
  </testsuite>
  <testsuite name="spec_perl_TestStrLiterals_t" errors="0" failures="0" skipped="0" tests="5" time="0.0637540817260742">
    <system-out>1..5
ok 1 - Equals
ok 2 - Equals
ok 3 - Equals
ok 4 - Equals
ok 5 - Equals
</system-out>
    <testcase name="Equals (112)" classname="spec_perl_TestStrLiterals_t" time="0.00018000602722168" />
    <testcase name="Equals (113)" classname="spec_perl_TestStrLiterals_t" time="6.41345977783203e-05" />
    <testcase name="Equals (114)" classname="spec_perl_TestStrLiterals_t" time="4.69684600830078e-05" />
    <testcase name="Equals (115)" classname="spec_perl_TestStrLiterals_t" time="8.98838043212891e-05" />
    <testcase name="Equals (116)" classname="spec_perl_TestStrLiterals_t" time="0.000114202499389648" />
  </testsuite>
  <testsuite name="spec_perl_TestExprIntDiv_t" errors="0" failures="2" skipped="0" tests="6" time="0.0637478828430176">
    <system-out>1..6
ok 1 - Equals
ok 2 - Equals
ok 3 - Equals
not ok 4 - Equals
ok 5 - Equals
not ok 6 - Equals
</system-out>
    <testcase name="Equals (117)" classname="spec_perl_TestExprIntDiv_t" time="0.000157833099365234" />
    <testcase name="Equals (118)" classname="spec_perl_TestExprIntDiv_t" time="4.69684600830078e-05" />
    <testcase name="Equals (119)" classname="spec_perl_TestExprIntDiv_t" time="0.000102043151855469" />
    <testcase name="Equals (120)" classname="spec_perl_TestExprIntDiv_t" time="0.000162124633789062">
      <failure message="not ok 4 - Equals" type="TAP::Parser::Result::Test"></failure>
    </testcase>
    <testcase name="Equals (121)" classname="spec_perl_TestExprIntDiv_t" time="0.00114297866821289" />
    <testcase name="Equals (122)" classname="spec_perl_TestExprIntDiv_t" time="6.60419464111328e-05">
      <failure message="not ok 6 - Equals" type="TAP::Parser::Result::Test"></failure>
    </testcase>
  </testsuite>
  <testsuite name="spec_perl_TestExprEnum_t" errors="0" failures="0" skipped="0" tests="3" time="0.0626969337463379">
    <system-out>1..3
ok 1 - Equals
ok 2 - Equals
ok 3 - Equals
</system-out>
    <testcase name="Equals (123)" classname="spec_perl_TestExprEnum_t" time="0.000165939331054688" />
    <testcase name="Equals (124)" classname="spec_perl_TestExprEnum_t" time="6.41345977783203e-05" />
    <testcase name="Equals (125)" classname="spec_perl_TestExprEnum_t" time="4.79221343994141e-05" />
  </testsuite>
  <testsuite name="spec_perl_TestDefaultBitEndianMod_t" errors="0" failures="0" skipped="0" tests="4" time="0.0630531311035156">
    <system-out>1..4
ok 1 - Equals
ok 2 - Equals
ok 3 - Equals
ok 4 - Equals
</system-out>
    <testcase name="Equals (126)" classname="spec_perl_TestDefaultBitEndianMod_t" time="0.000176906585693359" />
    <testcase name="Equals (127)" classname="spec_perl_TestDefaultBitEndianMod_t" time="6.19888305664062e-05" />
    <testcase name="Equals (128)" classname="spec_perl_TestDefaultBitEndianMod_t" time="7.51018524169922e-05" />
    <testcase name="Equals (129)" classname="spec_perl_TestDefaultBitEndianMod_t" time="0.0001068115234375" />
  </testsuite>
  <testsuite name="spec_perl_TestIndexToParamUntil_t" errors="0" failures="2" skipped="0" tests="7" time="0.0714139938354492">
    <system-out>1..7
ok 1 - Equals
ok 2 - Equals
ok 3 - Equals
ok 4 - Equals
ok 5 - Equals
not ok 6 - Equals
not ok 7 - Equals
</system-out>
    <testcase name="Equals (130)" classname="spec_perl_TestIndexToParamUntil_t" time="0.0021669864654541" />
    <testcase name="Equals (131)" classname="spec_perl_TestIndexToParamUntil_t" time="7.00950622558594e-05" />
    <testcase name="Equals (132)" classname="spec_perl_TestIndexToParamUntil_t" time="3.38554382324219e-05" />
    <testcase name="Equals (133)" classname="spec_perl_TestIndexToParamUntil_t" time="3.00407409667969e-05" />
    <testcase name="Equals (134)" classname="spec_perl_TestIndexToParamUntil_t" time="3.00407409667969e-05" />
    <testcase name="Equals (135)" classname="spec_perl_TestIndexToParamUntil_t" time="3.91006469726562e-05">
      <failure message="not ok 6 - Equals" type="TAP::Parser::Result::Test"></failure>
    </testcase>
    <testcase name="Equals (136)" classname="spec_perl_TestIndexToParamUntil_t" time="4.48226928710938e-05">
      <failure message="not ok 7 - Equals" type="TAP::Parser::Result::Test"></failure>
    </testcase>
  </testsuite>
  <testsuite name="spec_perl_TestSwitchManualIntElse_t" errors="0" failures="0" skipped="0" tests="9" time="0.0652570724487305">
    <system-out>1..9
ok 1 - Equals
ok 2 - Equals
ok 3 - Equals
ok 4 - Equals
ok 5 - Equals
ok 6 - Equals
ok 7 - Equals
ok 8 - Equals
ok 9 - Equals
</system-out>
    <testcase name="Equals (137)" classname="spec_perl_TestSwitchManualIntElse_t" time="0.000207901000976562" />
    <testcase name="Equals (138)" classname="spec_perl_TestSwitchManualIntElse_t" time="5.69820404052734e-05" />
    <testcase name="Equals (139)" classname="spec_perl_TestSwitchManualIntElse_t" time="0.000123977661132812" />
    <testcase name="Equals (140)" classname="spec_perl_TestSwitchManualIntElse_t" time="0.000104904174804688" />
    <testcase name="Equals (141)" classname="spec_perl_TestSwitchManualIntElse_t" time="0.000116109848022461" />
    <testcase name="Equals (142)" classname="spec_perl_TestSwitchManualIntElse_t" time="0.000111103057861328" />
    <testcase name="Equals (143)" classname="spec_perl_TestSwitchManualIntElse_t" time="0.000113010406494141" />
    <testcase name="Equals (144)" classname="spec_perl_TestSwitchManualIntElse_t" time="0.000101804733276367" />
    <testcase name="Equals (145)" classname="spec_perl_TestSwitchManualIntElse_t" time="0.000112056732177734" />
  </testsuite>
  <testsuite name="spec_perl_TestNestedTypes_t" errors="0" failures="0" skipped="0" tests="3" time="0.0629911422729492">
    <system-out>1..3
ok 1 - Equals
ok 2 - Equals
ok 3 - Equals
</system-out>
    <testcase name="Equals (146)" classname="spec_perl_TestNestedTypes_t" time="0.000181198120117188" />
    <testcase name="Equals (147)" classname="spec_perl_TestNestedTypes_t" time="5.79357147216797e-05" />
    <testcase name="Equals (148)" classname="spec_perl_TestNestedTypes_t" time="0.000125885009765625" />
  </testsuite>
  <testsuite name="spec_perl_TestDefaultEndianMod_t" errors="0" failures="0" skipped="0" tests="3" time="0.0614109039306641">
    <system-out>1..3
ok 1 - Equals
ok 2 - Equals
ok 3 - Equals
</system-out>
    <testcase name="Equals (149)" classname="spec_perl_TestDefaultEndianMod_t" time="0.000169992446899414" />
    <testcase name="Equals (150)" classname="spec_perl_TestDefaultEndianMod_t" time="6.103515625e-05" />
    <testcase name="Equals (151)" classname="spec_perl_TestDefaultEndianMod_t" time="4.41074371337891e-05" />
  </testsuite>
  <testsuite name="spec_perl_TestOptionalId_t" errors="0" failures="0" skipped="0" tests="3" time="0.0615048408508301">
    <system-out>1..3
ok 1 - Equals
ok 2 - Equals
ok 3 - Equals
</system-out>
    <testcase name="Equals (152)" classname="spec_perl_TestOptionalId_t" time="0.000178098678588867" />
    <testcase name="Equals (153)" classname="spec_perl_TestOptionalId_t" time="9.89437103271484e-05" />
    <testcase name="Equals (154)" classname="spec_perl_TestOptionalId_t" time="4.10079956054688e-05" />
  </testsuite>
  <testsuite name="spec_perl_TestSwitchManualIntSizeEos_t" errors="0" failures="0" skipped="0" tests="10" time="0.0676169395446777">
    <system-out>1..10
ok 1 - Equals
ok 2 - Equals
ok 3 - Equals
ok 4 - Equals
ok 5 - Equals
ok 6 - Equals
ok 7 - Equals
ok 8 - Equals
ok 9 - Equals
ok 10 - Equals
</system-out>
    <testcase name="Equals (155)" classname="spec_perl_TestSwitchManualIntSizeEos_t" time="0.000575065612792969" />
    <testcase name="Equals (156)" classname="spec_perl_TestSwitchManualIntSizeEos_t" time="5.79357147216797e-05" />
    <testcase name="Equals (157)" classname="spec_perl_TestSwitchManualIntSizeEos_t" time="0.000116109848022461" />
    <testcase name="Equals (158)" classname="spec_perl_TestSwitchManualIntSizeEos_t" time="0.000140905380249023" />
    <testcase name="Equals (159)" classname="spec_perl_TestSwitchManualIntSizeEos_t" time="0.000127077102661133" />
    <testcase name="Equals (160)" classname="spec_perl_TestSwitchManualIntSizeEos_t" time="0.00011897087097168" />
    <testcase name="Equals (161)" classname="spec_perl_TestSwitchManualIntSizeEos_t" time="0.00011897087097168" />
    <testcase name="Equals (162)" classname="spec_perl_TestSwitchManualIntSizeEos_t" time="0.000108003616333008" />
    <testcase name="Equals (163)" classname="spec_perl_TestSwitchManualIntSizeEos_t" time="0.000108957290649414" />
    <testcase name="Equals (164)" classname="spec_perl_TestSwitchManualIntSizeEos_t" time="0.000113010406494141" />
  </testsuite>
  <testsuite name="spec_perl_TestZlibSurrounded_t" errors="0" failures="0" skipped="0" tests="1" time="0.0919711589813232">
    <system-out>1..1
ok 1 - Equals
</system-out>
    <testcase name="Equals (165)" classname="spec_perl_TestZlibSurrounded_t" time="0.000538110733032227" />
  </testsuite>
  <testsuite name="spec_perl_TestIndexToParamEos_t" errors="0" failures="2" skipped="0" tests="7" time="0.0721168518066406">
    <system-out>1..7
ok 1 - Equals
ok 2 - Equals
ok 3 - Equals
ok 4 - Equals
ok 5 - Equals
not ok 6 - Equals
not ok 7 - Equals
</system-out>
    <testcase name="Equals (166)" classname="spec_perl_TestIndexToParamEos_t" time="0.000182151794433594" />
    <testcase name="Equals (167)" classname="spec_perl_TestIndexToParamEos_t" time="4.79221343994141e-05" />
    <testcase name="Equals (168)" classname="spec_perl_TestIndexToParamEos_t" time="0.000742912292480469" />
    <testcase name="Equals (169)" classname="spec_perl_TestIndexToParamEos_t" time="7.31945037841797e-05" />
    <testcase name="Equals (170)" classname="spec_perl_TestIndexToParamEos_t" time="0.000653982162475586" />
    <testcase name="Equals (171)" classname="spec_perl_TestIndexToParamEos_t" time="0.000227928161621094">
      <failure message="not ok 6 - Equals" type="TAP::Parser::Result::Test"></failure>
    </testcase>
    <testcase name="Equals (172)" classname="spec_perl_TestIndexToParamEos_t" time="0.00116395950317383">
      <failure message="not ok 7 - Equals" type="TAP::Parser::Result::Test"></failure>
    </testcase>
  </testsuite>
  <testsuite name="spec_perl_TestFloatToI_t" errors="0" failures="0" skipped="0" tests="8" time="0.0629100799560547">
    <system-out>1..8
ok 1 - Approx equals
ok 2 - Approx equals
ok 3 - Equals
ok 4 - Equals
ok 5 - Equals
ok 6 - Equals
ok 7 - Equals
ok 8 - Equals
</system-out>
    <testcase name="Approx equals (172)" classname="spec_perl_TestFloatToI_t" time="0.000169992446899414" />
    <testcase name="Approx equals (173)" classname="spec_perl_TestFloatToI_t" time="4.79221343994141e-05" />
    <testcase name="Equals (173)" classname="spec_perl_TestFloatToI_t" time="4.69684600830078e-05" />
    <testcase name="Equals (174)" classname="spec_perl_TestFloatToI_t" time="4.29153442382812e-05" />
    <testcase name="Equals (175)" classname="spec_perl_TestFloatToI_t" time="0.000102996826171875" />
    <testcase name="Equals (176)" classname="spec_perl_TestFloatToI_t" time="0.000115156173706055" />
    <testcase name="Equals (177)" classname="spec_perl_TestFloatToI_t" time="0.00010991096496582" />
    <testcase name="Equals (178)" classname="spec_perl_TestFloatToI_t" time="0.000113964080810547" />
  </testsuite>
  <testsuite name="spec_perl_TestBitsSignedShiftB32Le_t" errors="0" failures="0" skipped="0" tests="2" time="0.0626790523529053">
    <system-out>1..2
ok 1 - Equals
ok 2 - Equals
</system-out>
    <testcase name="Equals (179)" classname="spec_perl_TestBitsSignedShiftB32Le_t" time="0.000160932540893555" />
    <testcase name="Equals (180)" classname="spec_perl_TestBitsSignedShiftB32Le_t" time="5.69820404052734e-05" />
  </testsuite>
  <testsuite name="spec_perl_TestPositionToEnd_t" errors="0" failures="0" skipped="0" tests="2" time="0.0617151260375977">
    <system-out>1..2
ok 1 - Equals
ok 2 - Equals
</system-out>
    <testcase name="Equals (181)" classname="spec_perl_TestPositionToEnd_t" time="0.00017094612121582" />
    <testcase name="Equals (182)" classname="spec_perl_TestPositionToEnd_t" time="5.79357147216797e-05" />
  </testsuite>
  <testsuite name="spec_perl_TestEnumFancy_t" errors="0" failures="0" skipped="0" tests="2" time="0.0622718334197998">
    <system-out>1..2
ok 1 - Equals
ok 2 - Equals
</system-out>
    <testcase name="Equals (183)" classname="spec_perl_TestEnumFancy_t" time="0.000181913375854492" />
    <testcase name="Equals (184)" classname="spec_perl_TestEnumFancy_t" time="6.29425048828125e-05" />
  </testsuite>
  <testsuite name="spec_perl_TestProcessXorValue_t" errors="0" failures="0" skipped="0" tests="2" time="0.061892032623291">
    <system-out>1..2
ok 1 - Equals
ok 2 - Equals
</system-out>
    <testcase name="Equals (185)" classname="spec_perl_TestProcessXorValue_t" time="0.000190019607543945" />
    <testcase name="Equals (186)" classname="spec_perl_TestProcessXorValue_t" time="4.50611114501953e-05" />
  </testsuite>
  <testsuite name="spec_perl_TestValidEqStrEncodings_t" errors="0" failures="0" skipped="1" tests="1" time="0.069936990737915">
    <system-out>1..1
ok 1 # skip ValidEqStrEncodings=HASH(0x5601b45a8230)
</system-out>
    <testcase name="Unnamed test case 186" classname="spec_perl_TestValidEqStrEncodings_t" time="0.00490403175354004">
      <skipped message="ok 1 # skip ValidEqStrEncodings=HASH(0x5601b45a8230)" />
    </testcase>
  </testsuite>
  <testsuite name="spec_perl_TestCombineStr_t" errors="0" failures="0" skipped="0" tests="15" time="0.0685799121856689">
    <system-out>1..15
ok 1 - Equals
ok 2 - Equals
ok 3 - Equals
ok 4 - Equals
ok 5 - Equals
ok 6 - Equals
ok 7 - Equals
ok 8 - Equals
ok 9 - Equals
ok 10 - Equals
ok 11 - Equals
ok 12 - Equals
ok 13 - Equals
ok 14 - Equals
ok 15 - Equals
</system-out>
    <testcase name="Equals (187)" classname="spec_perl_TestCombineStr_t" time="0.000251054763793945" />
    <testcase name="Equals (188)" classname="spec_perl_TestCombineStr_t" time="5.88893890380859e-05" />
    <testcase name="Equals (189)" classname="spec_perl_TestCombineStr_t" time="0.000107049942016602" />
    <testcase name="Equals (190)" classname="spec_perl_TestCombineStr_t" time="0.000111103057861328" />
    <testcase name="Equals (191)" classname="spec_perl_TestCombineStr_t" time="0.000116825103759766" />
    <testcase name="Equals (192)" classname="spec_perl_TestCombineStr_t" time="0.000110149383544922" />
    <testcase name="Equals (193)" classname="spec_perl_TestCombineStr_t" time="0.000113010406494141" />
    <testcase name="Equals (194)" classname="spec_perl_TestCombineStr_t" time="9.89437103271484e-05" />
    <testcase name="Equals (195)" classname="spec_perl_TestCombineStr_t" time="0.000111103057861328" />
    <testcase name="Equals (196)" classname="spec_perl_TestCombineStr_t" time="0.000102996826171875" />
    <testcase name="Equals (197)" classname="spec_perl_TestCombineStr_t" time="0.000103950500488281" />
    <testcase name="Equals (198)" classname="spec_perl_TestCombineStr_t" time="0.000103950500488281" />
    <testcase name="Equals (199)" classname="spec_perl_TestCombineStr_t" time="0.000106096267700195" />
    <testcase name="Equals (200)" classname="spec_perl_TestCombineStr_t" time="0.000108003616333008" />
    <testcase name="Equals (201)" classname="spec_perl_TestCombineStr_t" time="0.000105857849121094" />
  </testsuite>
  <testsuite name="spec_perl_TestParamsPassArrayStr_t" errors="0" failures="1" skipped="6" tests="7" time="0.0679390430450439">
    <system-out>1..7
not ok 1 - test_params_pass_array_str died (Can't use an undefined value as an ARRAY reference at spec/perl/TestParamsPassArrayStr.t line 14.)
ok 2 # skip test_params_pass_array_str died
ok 3 # skip test_params_pass_array_str died
ok 4 # skip test_params_pass_array_str died
ok 5 # skip test_params_pass_array_str died
ok 6 # skip test_params_pass_array_str died
ok 7 # skip test_params_pass_array_str died
</system-out>
    <testcase name="test_params_pass_array_str died (Can't use an undefined value as an ARRAY reference at spec/perl/TestParamsPassArrayStr.t line 14.) (201)" classname="spec_perl_TestParamsPassArrayStr_t" time="0.000181913375854492">
      <failure message="not ok 1 - test_params_pass_array_str died (Can't use an undefined value as an ARRAY reference at spec/perl/TestParamsPassArrayStr.t line 14.)" type="TAP::Parser::Result::Test"></failure>
    </testcase>
    <testcase name="Unnamed test case 201" classname="spec_perl_TestParamsPassArrayStr_t" time="0.00137996673583984">
      <skipped message="ok 2 # skip test_params_pass_array_str died" />
    </testcase>
    <testcase name="Unnamed test case 202" classname="spec_perl_TestParamsPassArrayStr_t" time="7.51018524169922e-05">
      <skipped message="ok 3 # skip test_params_pass_array_str died" />
    </testcase>
    <testcase name="Unnamed test case 203" classname="spec_perl_TestParamsPassArrayStr_t" time="3.79085540771484e-05">
      <skipped message="ok 4 # skip test_params_pass_array_str died" />
    </testcase>
    <testcase name="Unnamed test case 204" classname="spec_perl_TestParamsPassArrayStr_t" time="3.60012054443359e-05">
      <skipped message="ok 5 # skip test_params_pass_array_str died" />
    </testcase>
    <testcase name="Unnamed test case 205" classname="spec_perl_TestParamsPassArrayStr_t" time="3.71932983398438e-05">
      <skipped message="ok 6 # skip test_params_pass_array_str died" />
    </testcase>
    <testcase name="Unnamed test case 206" classname="spec_perl_TestParamsPassArrayStr_t" time="3.48091125488281e-05">
      <skipped message="ok 7 # skip test_params_pass_array_str died" />
    </testcase>
  </testsuite>
  <testsuite name="spec_perl_TestInstanceStd_t" errors="0" failures="0" skipped="0" tests="1" time="0.0666179656982422">
    <system-out>1..1
ok 1 - Equals
</system-out>
    <testcase name="Equals (206)" classname="spec_perl_TestInstanceStd_t" time="0.000168800354003906" />
  </testsuite>
  <testsuite name="spec_perl_TestStrEncodings_t" errors="0" failures="0" skipped="0" tests="4" time="0.0701150894165039">
    <system-out>1..4
ok 1 - Equals
ok 2 - Equals
ok 3 - Equals
ok 4 - Equals
</system-out>
    <testcase name="Equals (207)" classname="spec_perl_TestStrEncodings_t" time="0.00405192375183105" />
    <testcase name="Equals (208)" classname="spec_perl_TestStrEncodings_t" time="9.89437103271484e-05" />
    <testcase name="Equals (209)" classname="spec_perl_TestStrEncodings_t" time="3.71932983398438e-05" />
    <testcase name="Equals (210)" classname="spec_perl_TestStrEncodings_t" time="4.29153442382812e-05" />
  </testsuite>
  <testsuite name="spec_perl_TestNavParentSwitchCast_t" errors="0" failures="0" skipped="0" tests="3" time="0.0631442070007324">
    <system-out>1..3
ok 1 - Equals
ok 2 - Equals
ok 3 - Equals
</system-out>
    <testcase name="Equals (211)" classname="spec_perl_TestNavParentSwitchCast_t" time="0.000432968139648438" />
    <testcase name="Equals (212)" classname="spec_perl_TestNavParentSwitchCast_t" time="6.103515625e-05" />
    <testcase name="Equals (213)" classname="spec_perl_TestNavParentSwitchCast_t" time="0.000128984451293945" />
  </testsuite>
  <testsuite name="spec_perl_TestNestedTypes2_t" errors="0" failures="0" skipped="0" tests="7" time="0.063593864440918">
    <system-out>1..7
ok 1 - Equals
ok 2 - Equals
ok 3 - Equals
ok 4 - Equals
ok 5 - Equals
ok 6 - Equals
ok 7 - Equals
</system-out>
    <testcase name="Equals (214)" classname="spec_perl_TestNestedTypes2_t" time="0.000176906585693359" />
    <testcase name="Equals (215)" classname="spec_perl_TestNestedTypes2_t" time="6.103515625e-05" />
    <testcase name="Equals (216)" classname="spec_perl_TestNestedTypes2_t" time="0.000102996826171875" />
    <testcase name="Equals (217)" classname="spec_perl_TestNestedTypes2_t" time="0.000105142593383789" />
    <testcase name="Equals (218)" classname="spec_perl_TestNestedTypes2_t" time="0.000140905380249023" />
    <testcase name="Equals (219)" classname="spec_perl_TestNestedTypes2_t" time="9.70363616943359e-05" />
    <testcase name="Equals (220)" classname="spec_perl_TestNestedTypes2_t" time="0.000106096267700195" />
  </testsuite>
  <testsuite name="spec_perl_TestRepeatEosBit_t" errors="0" failures="0" skipped="0" tests="1" time="0.0630500316619873">
    <system-out>1..1
ok 1 - Equals
</system-out>
    <testcase name="Equals (221)" classname="spec_perl_TestRepeatEosBit_t" time="0.000183820724487305" />
  </testsuite>
  <testsuite name="spec_perl_TestDebugSwitchUser_t" errors="1" failures="0" skipped="0" tests="0" time="0.0601911544799805">
    <system-out></system-out>
    <testcase name="Test died too soon, even before plan. (221)" classname="spec_perl_TestDebugSwitchUser_t" time="0.0601911544799805">
      <failure message="The test suite died before a plan was produced. You need to have a plan." type="Plan">No plan</failure>
    </testcase>
  </testsuite>
  <testsuite name="spec_perl_TestDefaultBigEndian_t" errors="0" failures="0" skipped="0" tests="1" time="0.0617809295654297">
    <system-out>1..1
ok 1 - Equals
</system-out>
    <testcase name="Equals (222)" classname="spec_perl_TestDefaultBigEndian_t" time="0.000177145004272461" />
  </testsuite>
  <testsuite name="spec_perl_TestSwitchIntegers_t" errors="0" failures="0" skipped="0" tests="9" time="0.0623559951782227">
    <system-out>1..9
ok 1 - Equals
ok 2 - Equals
ok 3 - Equals
ok 4 - Equals
ok 5 - Equals
ok 6 - Equals
ok 7 - Equals
ok 8 - Equals
ok 9 - Equals
</system-out>
    <testcase name="Equals (223)" classname="spec_perl_TestSwitchIntegers_t" time="0.000178098678588867" />
    <testcase name="Equals (224)" classname="spec_perl_TestSwitchIntegers_t" time="6.29425048828125e-05" />
    <testcase name="Equals (225)" classname="spec_perl_TestSwitchIntegers_t" time="8.10623168945312e-05" />
    <testcase name="Equals (226)" classname="spec_perl_TestSwitchIntegers_t" time="0.000113964080810547" />
    <testcase name="Equals (227)" classname="spec_perl_TestSwitchIntegers_t" time="0.000104904174804688" />
    <testcase name="Equals (228)" classname="spec_perl_TestSwitchIntegers_t" time="0.000104188919067383" />
    <testcase name="Equals (229)" classname="spec_perl_TestSwitchIntegers_t" time="0.000108003616333008" />
    <testcase name="Equals (230)" classname="spec_perl_TestSwitchIntegers_t" time="0.0001068115234375" />
    <testcase name="Equals (231)" classname="spec_perl_TestSwitchIntegers_t" time="0.000108003616333008" />
  </testsuite>
  <testsuite name="spec_perl_TestCombineBool_t" errors="0" failures="0" skipped="0" tests="2" time="0.0620748996734619">
    <system-out>1..2
ok 1 - Equals
ok 2 - Equals
</system-out>
    <testcase name="Equals (232)" classname="spec_perl_TestCombineBool_t" time="0.000316858291625977" />
    <testcase name="Equals (233)" classname="spec_perl_TestCombineBool_t" time="5.91278076171875e-05" />
  </testsuite>
  <testsuite name="spec_perl_TestDebugEnumName_t" errors="1" failures="0" skipped="0" tests="0" time="0.0603008270263672">
    <system-out></system-out>
    <testcase name="Test died too soon, even before plan. (233)" classname="spec_perl_TestDebugEnumName_t" time="0.0603008270263672">
      <failure message="The test suite died before a plan was produced. You need to have a plan." type="Plan">No plan</failure>
    </testcase>
  </testsuite>
  <testsuite name="spec_perl_TestTermBytes_t" errors="0" failures="0" skipped="0" tests="3" time="0.0627269744873047">
    <system-out>1..3
ok 1 - Equals
ok 2 - Equals
ok 3 - Equals
</system-out>
    <testcase name="Equals (234)" classname="spec_perl_TestTermBytes_t" time="0.000179052352905273" />
    <testcase name="Equals (235)" classname="spec_perl_TestTermBytes_t" time="6.19888305664062e-05" />
    <testcase name="Equals (236)" classname="spec_perl_TestTermBytes_t" time="4.60147857666016e-05" />
  </testsuite>
  <testsuite name="spec_perl_TestEnumIf_t" errors="0" failures="0" skipped="0" tests="7" time="0.0671801567077637">
    <system-out>1..7
ok 1 - Equals
ok 2 - Equals
ok 3 - Equals
ok 4 - Equals
ok 5 - Equals
ok 6 - Equals
ok 7 - Equals
</system-out>
    <testcase name="Equals (237)" classname="spec_perl_TestEnumIf_t" time="0.00029301643371582" />
    <testcase name="Equals (238)" classname="spec_perl_TestEnumIf_t" time="7.98702239990234e-05" />
    <testcase name="Equals (239)" classname="spec_perl_TestEnumIf_t" time="0.000110149383544922" />
    <testcase name="Equals (240)" classname="spec_perl_TestEnumIf_t" time="0.000108957290649414" />
    <testcase name="Equals (241)" classname="spec_perl_TestEnumIf_t" time="0.000115871429443359" />
    <testcase name="Equals (242)" classname="spec_perl_TestEnumIf_t" time="9.918212890625e-05" />
    <testcase name="Equals (243)" classname="spec_perl_TestEnumIf_t" time="9.98973846435547e-05" />
  </testsuite>
  <testsuite name="spec_perl_TestProcessRepeatUsertype_t" errors="0" failures="0" skipped="0" tests="4" time="0.0629382133483887">
    <system-out>1..4
ok 1 - Equals
ok 2 - Equals
ok 3 - Equals
ok 4 - Equals
</system-out>
    <testcase name="Equals (244)" classname="spec_perl_TestProcessRepeatUsertype_t" time="0.00046992301940918" />
    <testcase name="Equals (245)" classname="spec_perl_TestProcessRepeatUsertype_t" time="5.69820404052734e-05" />
    <testcase name="Equals (246)" classname="spec_perl_TestProcessRepeatUsertype_t" time="0.000110149383544922" />
    <testcase name="Equals (247)" classname="spec_perl_TestProcessRepeatUsertype_t" time="0.000108003616333008" />
  </testsuite>
  <testsuite name="spec_perl_TestSwitchMultiBoolOps_t" errors="0" failures="0" skipped="0" tests="9" time="0.0634210109710693">
    <system-out>1..9
ok 1 - Equals
ok 2 - Equals
ok 3 - Equals
ok 4 - Equals
ok 5 - Equals
ok 6 - Equals
ok 7 - Equals
ok 8 - Equals
ok 9 - Equals
</system-out>
    <testcase name="Equals (248)" classname="spec_perl_TestSwitchMultiBoolOps_t" time="0.000175952911376953" />
    <testcase name="Equals (249)" classname="spec_perl_TestSwitchMultiBoolOps_t" time="5.60283660888672e-05" />
    <testcase name="Equals (250)" classname="spec_perl_TestSwitchMultiBoolOps_t" time="4.79221343994141e-05" />
    <testcase name="Equals (251)" classname="spec_perl_TestSwitchMultiBoolOps_t" time="0.000117063522338867" />
    <testcase name="Equals (252)" classname="spec_perl_TestSwitchMultiBoolOps_t" time="0.000102043151855469" />
    <testcase name="Equals (253)" classname="spec_perl_TestSwitchMultiBoolOps_t" time="0.000107049942016602" />
    <testcase name="Equals (254)" classname="spec_perl_TestSwitchMultiBoolOps_t" time="0.000104904174804688" />
    <testcase name="Equals (255)" classname="spec_perl_TestSwitchMultiBoolOps_t" time="0.000111103057861328" />
    <testcase name="Equals (256)" classname="spec_perl_TestSwitchMultiBoolOps_t" time="0.000110864639282227" />
  </testsuite>
  <testsuite name="spec_perl_TestSwitchManualEnumInvalidElse_t" errors="0" failures="0" skipped="0" tests="5" time="0.0674409866333008">
    <system-out>1..5
ok 1 - Equals
ok 2 - Equals
ok 3 - Equals
ok 4 - Equals
ok 5 - Equals
</system-out>
    <testcase name="Equals (257)" classname="spec_perl_TestSwitchManualEnumInvalidElse_t" time="0.000221967697143555" />
    <testcase name="Equals (258)" classname="spec_perl_TestSwitchManualEnumInvalidElse_t" time="6.00814819335938e-05" />
    <testcase name="Equals (259)" classname="spec_perl_TestSwitchManualEnumInvalidElse_t" time="0.000103950500488281" />
    <testcase name="Equals (260)" classname="spec_perl_TestSwitchManualEnumInvalidElse_t" time="0.000112056732177734" />
    <testcase name="Equals (261)" classname="spec_perl_TestSwitchManualEnumInvalidElse_t" time="0.00010991096496582" />
  </testsuite>
  <testsuite name="spec_perl_TestExprBytesNonLiteral_t" errors="0" failures="0" skipped="0" tests="3" time="0.0625879764556885">
    <system-out>1..3
ok 1 - Equals
ok 2 - Equals
ok 3 - Equals
</system-out>
    <testcase name="Equals (262)" classname="spec_perl_TestExprBytesNonLiteral_t" time="0.000168085098266602" />
    <testcase name="Equals (263)" classname="spec_perl_TestExprBytesNonLiteral_t" time="5.79357147216797e-05" />
    <testcase name="Equals (264)" classname="spec_perl_TestExprBytesNonLiteral_t" time="9.51290130615234e-05" />
  </testsuite>
  <testsuite name="spec_perl_TestStrEncodingsDefault_t" errors="0" failures="0" skipped="0" tests="4" time="0.0713708400726318">
    <system-out>1..4
ok 1 - Equals
ok 2 - Equals
ok 3 - Equals
ok 4 - Equals
</system-out>
    <testcase name="Equals (265)" classname="spec_perl_TestStrEncodingsDefault_t" time="0.00409889221191406" />
    <testcase name="Equals (266)" classname="spec_perl_TestStrEncodingsDefault_t" time="8.0108642578125e-05" />
    <testcase name="Equals (267)" classname="spec_perl_TestStrEncodingsDefault_t" time="3.69548797607422e-05" />
    <testcase name="Equals (268)" classname="spec_perl_TestStrEncodingsDefault_t" time="4.29153442382812e-05" />
  </testsuite>
  <testsuite name="spec_perl_TestExprArray_t" errors="0" failures="0" skipped="0" tests="15" time="0.0685410499572754">
    <system-out>1..15
ok 1 - Equals
ok 2 - Equals
ok 3 - Equals
ok 4 - Equals
ok 5 - Equals
ok 6 - Equals
ok 7 - Approx equals
ok 8 - Approx equals
ok 9 - Approx equals
ok 10 - Approx equals
ok 11 - Equals
ok 12 - Equals
ok 13 - Equals
ok 14 - Equals
ok 15 - Equals
</system-out>
    <testcase name="Equals (269)" classname="spec_perl_TestExprArray_t" time="0.000214099884033203" />
    <testcase name="Equals (270)" classname="spec_perl_TestExprArray_t" time="5.98430633544922e-05" />
    <testcase name="Equals (271)" classname="spec_perl_TestExprArray_t" time="0.0001220703125" />
    <testcase name="Equals (272)" classname="spec_perl_TestExprArray_t" time="0.000104904174804688" />
    <testcase name="Equals (273)" classname="spec_perl_TestExprArray_t" time="0.000112056732177734" />
    <testcase name="Equals (274)" classname="spec_perl_TestExprArray_t" time="0.000107049942016602" />
    <testcase name="Approx equals (274)" classname="spec_perl_TestExprArray_t" time="5.38825988769531e-05" />
    <testcase name="Approx equals (275)" classname="spec_perl_TestExprArray_t" time="3.91006469726562e-05" />
    <testcase name="Approx equals (276)" classname="spec_perl_TestExprArray_t" time="4.29153442382812e-05" />
    <testcase name="Approx equals (277)" classname="spec_perl_TestExprArray_t" time="4.31537628173828e-05" />
    <testcase name="Equals (277)" classname="spec_perl_TestExprArray_t" time="0.0001068115234375" />
    <testcase name="Equals (278)" classname="spec_perl_TestExprArray_t" time="0.000116109848022461" />
    <testcase name="Equals (279)" classname="spec_perl_TestExprArray_t" time="0.000108003616333008" />
    <testcase name="Equals (280)" classname="spec_perl_TestExprArray_t" time="0.000108003616333008" />
    <testcase name="Equals (281)" classname="spec_perl_TestExprArray_t" time="0.00010991096496582" />
  </testsuite>
  <testsuite name="spec_perl_TestNestedSameName2_t" errors="0" failures="0" skipped="0" tests="5" time="0.0622320175170898">
    <system-out>1..5
ok 1 - Equals
ok 2 - Equals
ok 3 - Equals
ok 4 - Equals
ok 5 - Equals
</system-out>
    <testcase name="Equals (282)" classname="spec_perl_TestNestedSameName2_t" time="0.000169992446899414" />
    <testcase name="Equals (283)" classname="spec_perl_TestNestedSameName2_t" time="6.103515625e-05" />
    <testcase name="Equals (284)" classname="spec_perl_TestNestedSameName2_t" time="9.70363616943359e-05" />
    <testcase name="Equals (285)" classname="spec_perl_TestNestedSameName2_t" time="9.67979431152344e-05" />
    <testcase name="Equals (286)" classname="spec_perl_TestNestedSameName2_t" time="0.000111103057861328" />
  </testsuite>
  <testsuite name="spec_perl_TestExprStrEncodings_t" errors="0" failures="0" skipped="0" tests="7" time="0.0720789432525635">
    <system-out>1..7
ok 1 - Equals
ok 2 - Equals
ok 3 - Equals
ok 4 - Equals
ok 5 - Equals
ok 6 - Equals
ok 7 - Equals
</system-out>
    <testcase name="Equals (287)" classname="spec_perl_TestExprStrEncodings_t" time="0.00418305397033691" />
    <testcase name="Equals (288)" classname="spec_perl_TestExprStrEncodings_t" time="7.79628753662109e-05" />
    <testcase name="Equals (289)" classname="spec_perl_TestExprStrEncodings_t" time="4.00543212890625e-05" />
    <testcase name="Equals (290)" classname="spec_perl_TestExprStrEncodings_t" time="7.60555267333984e-05" />
    <testcase name="Equals (291)" classname="spec_perl_TestExprStrEncodings_t" time="9.10758972167969e-05" />
    <testcase name="Equals (292)" classname="spec_perl_TestExprStrEncodings_t" time="9.67979431152344e-05" />
    <testcase name="Equals (293)" classname="spec_perl_TestExprStrEncodings_t" time="0.000111103057861328" />
  </testsuite>
  <testsuite name="spec_perl_TestTypeTernary_t" errors="0" failures="0" skipped="0" tests="1" time="0.0627419948577881">
    <system-out>1..1
ok 1 - Equals
</system-out>
    <testcase name="Equals (294)" classname="spec_perl_TestTypeTernary_t" time="0.00043797492980957" />
  </testsuite>
  <testsuite name="spec_perl_TestTermU1Val_t" errors="0" failures="0" skipped="0" tests="2" time="0.0665919780731201">
    <system-out>1..2
ok 1 - Equals
ok 2 - Equals
</system-out>
    <testcase name="Equals (295)" classname="spec_perl_TestTermU1Val_t" time="0.00019383430480957" />
    <testcase name="Equals (296)" classname="spec_perl_TestTermU1Val_t" time="6.72340393066406e-05" />
  </testsuite>
  <testsuite name="spec_perl_TestBitsUnalignedB32Le_t" errors="0" failures="0" skipped="0" tests="3" time="0.062035083770752">
    <system-out>1..3
ok 1 - Equals
ok 2 - Equals
ok 3 - Equals
</system-out>
    <testcase name="Equals (297)" classname="spec_perl_TestBitsUnalignedB32Le_t" time="0.000197172164916992" />
    <testcase name="Equals (298)" classname="spec_perl_TestBitsUnalignedB32Le_t" time="6.98566436767578e-05" />
    <testcase name="Equals (299)" classname="spec_perl_TestBitsUnalignedB32Le_t" time="3.40938568115234e-05" />
  </testsuite>
  <testsuite name="spec_perl_TestBitsUnalignedB64Be_t" errors="0" failures="0" skipped="0" tests="3" time="0.0619421005249023">
    <system-out>1..3
ok 1 - Equals
ok 2 - Equals
ok 3 - Equals
</system-out>
    <testcase name="Equals (300)" classname="spec_perl_TestBitsUnalignedB64Be_t" time="0.000160932540893555" />
    <testcase name="Equals (301)" classname="spec_perl_TestBitsUnalignedB64Be_t" time="5.60283660888672e-05" />
    <testcase name="Equals (302)" classname="spec_perl_TestBitsUnalignedB64Be_t" time="9.70363616943359e-05" />
  </testsuite>
  <testsuite name="spec_perl_TestRepeatNStrz_t" errors="0" failures="0" skipped="0" tests="2" time="0.0660908222198486">
    <system-out>1..2
ok 1 - Equals
ok 2 - Equals
</system-out>
    <testcase name="Equals (303)" classname="spec_perl_TestRepeatNStrz_t" time="0.000174999237060547" />
    <testcase name="Equals (304)" classname="spec_perl_TestRepeatNStrz_t" time="7.48634338378906e-05" />
  </testsuite>
  <testsuite name="spec_perl_TestNavParent2_t" errors="0" failures="0" skipped="0" tests="10" time="0.0711779594421387">
    <system-out>1..10
ok 1 - Equals
ok 2 - Equals
ok 3 - Equals
ok 4 - Equals
ok 5 - Equals
ok 6 - Equals
ok 7 - Equals
ok 8 - Equals
ok 9 - Equals
ok 10 - Equals
</system-out>
    <testcase name="Equals (305)" classname="spec_perl_TestNavParent2_t" time="0.00064396858215332" />
    <testcase name="Equals (306)" classname="spec_perl_TestNavParent2_t" time="0.000282049179077148" />
    <testcase name="Equals (307)" classname="spec_perl_TestNavParent2_t" time="0.000229120254516602" />
    <testcase name="Equals (308)" classname="spec_perl_TestNavParent2_t" time="0.000217914581298828" />
    <testcase name="Equals (309)" classname="spec_perl_TestNavParent2_t" time="0.000226974487304688" />
    <testcase name="Equals (310)" classname="spec_perl_TestNavParent2_t" time="0.000278949737548828" />
    <testcase name="Equals (311)" classname="spec_perl_TestNavParent2_t" time="0.000224113464355469" />
    <testcase name="Equals (312)" classname="spec_perl_TestNavParent2_t" time="0.000220060348510742" />
    <testcase name="Equals (313)" classname="spec_perl_TestNavParent2_t" time="0.000214815139770508" />
    <testcase name="Equals (314)" classname="spec_perl_TestNavParent2_t" time="0.000250101089477539" />
  </testsuite>
  <testsuite name="spec_perl_TestSwitchRepeatExpr_t" errors="0" failures="0" skipped="0" tests="3" time="0.0629158020019531">
    <system-out>1..3
ok 1 - Equals
ok 2 - Equals
ok 3 - Equals
</system-out>
    <testcase name="Equals (315)" classname="spec_perl_TestSwitchRepeatExpr_t" time="0.000396966934204102" />
    <testcase name="Equals (316)" classname="spec_perl_TestSwitchRepeatExpr_t" time="6.103515625e-05" />
    <testcase name="Equals (317)" classname="spec_perl_TestSwitchRepeatExpr_t" time="0.000104904174804688" />
  </testsuite>
  <testsuite name="spec_perl_TestImportsAbs_t" errors="0" failures="0" skipped="0" tests="2" time="0.0628650188446045">
    <system-out>1..2
ok 1 - Equals
ok 2 - Equals
</system-out>
    <testcase name="Equals (318)" classname="spec_perl_TestImportsAbs_t" time="0.000171899795532227" />
    <testcase name="Equals (319)" classname="spec_perl_TestImportsAbs_t" time="6.41345977783203e-05" />
  </testsuite>
  <testsuite name="spec_perl_TestBitsShiftByB32Le_t" errors="0" failures="0" skipped="0" tests="2" time="0.0611021518707275">
    <system-out>1..2
ok 1 - Equals
ok 2 - Equals
</system-out>
    <testcase name="Equals (320)" classname="spec_perl_TestBitsShiftByB32Le_t" time="0.000154018402099609" />
    <testcase name="Equals (321)" classname="spec_perl_TestBitsShiftByB32Le_t" time="6.103515625e-05" />
  </testsuite>
  <testsuite name="spec_perl_TestExpr3_t" errors="0" failures="0" skipped="0" tests="12" time="0.0685670375823975">
    <system-out>1..12
ok 1 - Equals
ok 2 - Equals
ok 3 - Equals
ok 4 - Equals
ok 5 - Equals
ok 6 - Equals
ok 7 - Equals
ok 8 - Equals
ok 9 - Equals
ok 10 - Equals
ok 11 - Equals
ok 12 - Equals
</system-out>
    <testcase name="Equals (322)" classname="spec_perl_TestExpr3_t" time="0.000200033187866211" />
    <testcase name="Equals (323)" classname="spec_perl_TestExpr3_t" time="5.88893890380859e-05" />
    <testcase name="Equals (324)" classname="spec_perl_TestExpr3_t" time="0.000113964080810547" />
    <testcase name="Equals (325)" classname="spec_perl_TestExpr3_t" time="0.000108003616333008" />
    <testcase name="Equals (326)" classname="spec_perl_TestExpr3_t" time="0.000101089477539062" />
    <testcase name="Equals (327)" classname="spec_perl_TestExpr3_t" time="9.79900360107422e-05" />
    <testcase name="Equals (328)" classname="spec_perl_TestExpr3_t" time="9.60826873779297e-05" />
    <testcase name="Equals (329)" classname="spec_perl_TestExpr3_t" time="0.000100851058959961" />
    <testcase name="Equals (330)" classname="spec_perl_TestExpr3_t" time="9.01222229003906e-05" />
    <testcase name="Equals (331)" classname="spec_perl_TestExpr3_t" time="9.20295715332031e-05" />
    <testcase name="Equals (332)" classname="spec_perl_TestExpr3_t" time="9.58442687988281e-05" />
    <testcase name="Equals (333)" classname="spec_perl_TestExpr3_t" time="8.79764556884766e-05" />
  </testsuite>
  <testsuite name="spec_perl_TestDocstringsDocref_t" errors="0" failures="0" skipped="1" tests="1" time="0.0618741512298584">
    <system-out>1..1
ok 1 # skip DocstringsDocref=HASH(0x55ce728eb530)
</system-out>
    <testcase name="Unnamed test case 333" classname="spec_perl_TestDocstringsDocref_t" time="0.00101590156555176">
      <skipped message="ok 1 # skip DocstringsDocref=HASH(0x55ce728eb530)" />
    </testcase>
  </testsuite>
  <testsuite name="spec_perl_TestNavParent3_t" errors="0" failures="0" skipped="0" tests="10" time="0.0689599514007568">
    <system-out>1..10
ok 1 - Equals
ok 2 - Equals
ok 3 - Equals
ok 4 - Equals
ok 5 - Equals
ok 6 - Equals
ok 7 - Equals
ok 8 - Equals
ok 9 - Equals
ok 10 - Equals
</system-out>
    <testcase name="Equals (334)" classname="spec_perl_TestNavParent3_t" time="0.000174045562744141" />
    <testcase name="Equals (335)" classname="spec_perl_TestNavParent3_t" time="6.19888305664062e-05" />
    <testcase name="Equals (336)" classname="spec_perl_TestNavParent3_t" time="0.000174999237060547" />
    <testcase name="Equals (337)" classname="spec_perl_TestNavParent3_t" time="0.000118017196655273" />
    <testcase name="Equals (338)" classname="spec_perl_TestNavParent3_t" time="0.000113010406494141" />
    <testcase name="Equals (339)" classname="spec_perl_TestNavParent3_t" time="0.00018000602722168" />
    <testcase name="Equals (340)" classname="spec_perl_TestNavParent3_t" time="0.000111818313598633" />
    <testcase name="Equals (341)" classname="spec_perl_TestNavParent3_t" time="0.000112056732177734" />
    <testcase name="Equals (342)" classname="spec_perl_TestNavParent3_t" time="0.000114917755126953" />
    <testcase name="Equals (343)" classname="spec_perl_TestNavParent3_t" time="0.000133037567138672" />
  </testsuite>
  <testsuite name="spec_perl_TestImportsRel1_t" errors="0" failures="0" skipped="0" tests="3" time="0.0620641708374023">
    <system-out>1..3
ok 1 - Equals
ok 2 - Equals
ok 3 - Equals
</system-out>
    <testcase name="Equals (344)" classname="spec_perl_TestImportsRel1_t" time="0.000169992446899414" />
    <testcase name="Equals (345)" classname="spec_perl_TestImportsRel1_t" time="6.00814819335938e-05" />
    <testcase name="Equals (346)" classname="spec_perl_TestImportsRel1_t" time="4.60147857666016e-05" />
  </testsuite>
  <testsuite name="spec_perl_TestEnum0_t" errors="0" failures="0" skipped="0" tests="2" time="0.0619199275970459">
    <system-out>1..2
ok 1 - Equals
ok 2 - Equals
</system-out>
    <testcase name="Equals (347)" classname="spec_perl_TestEnum0_t" time="0.000169038772583008" />
    <testcase name="Equals (348)" classname="spec_perl_TestEnum0_t" time="4.69684600830078e-05" />
  </testsuite>
  <testsuite name="spec_perl_TestSwitchManualStrElse_t" errors="0" failures="0" skipped="0" tests="9" time="0.0680320262908936">
    <system-out>1..9
ok 1 - Equals
ok 2 - Equals
ok 3 - Equals
ok 4 - Equals
ok 5 - Equals
ok 6 - Equals
ok 7 - Equals
ok 8 - Equals
ok 9 - Equals
</system-out>
    <testcase name="Equals (349)" classname="spec_perl_TestSwitchManualStrElse_t" time="0.000226974487304688" />
    <testcase name="Equals (350)" classname="spec_perl_TestSwitchManualStrElse_t" time="5.88893890380859e-05" />
    <testcase name="Equals (351)" classname="spec_perl_TestSwitchManualStrElse_t" time="0.000118017196655273" />
    <testcase name="Equals (352)" classname="spec_perl_TestSwitchManualStrElse_t" time="0.000123023986816406" />
    <testcase name="Equals (353)" classname="spec_perl_TestSwitchManualStrElse_t" time="0.000102996826171875" />
    <testcase name="Equals (354)" classname="spec_perl_TestSwitchManualStrElse_t" time="0.000108003616333008" />
    <testcase name="Equals (355)" classname="spec_perl_TestSwitchManualStrElse_t" time="0.000106096267700195" />
    <testcase name="Equals (356)" classname="spec_perl_TestSwitchManualStrElse_t" time="0.000108957290649414" />
    <testcase name="Equals (357)" classname="spec_perl_TestSwitchManualStrElse_t" time="0.000111103057861328" />
  </testsuite>
  <testsuite name="spec_perl_TestBitsSimple_t" errors="0" failures="0" skipped="0" tests="14" time="0.0634109973907471">
    <system-out>1..14
ok 1 - Equals
ok 2 - Equals
ok 3 - Equals
ok 4 - Equals
ok 5 - Equals
ok 6 - Equals
ok 7 - Equals
ok 8 - Equals
ok 9 - Equals
ok 10 - Equals
ok 11 - Equals
ok 12 - Equals
ok 13 - Equals
ok 14 - Equals
</system-out>
    <testcase name="Equals (358)" classname="spec_perl_TestBitsSimple_t" time="0.000159978866577148" />
    <testcase name="Equals (359)" classname="spec_perl_TestBitsSimple_t" time="6.41345977783203e-05" />
    <testcase name="Equals (360)" classname="spec_perl_TestBitsSimple_t" time="4.1961669921875e-05" />
    <testcase name="Equals (361)" classname="spec_perl_TestBitsSimple_t" time="7.70092010498047e-05" />
    <testcase name="Equals (362)" classname="spec_perl_TestBitsSimple_t" time="0.000102996826171875" />
    <testcase name="Equals (363)" classname="spec_perl_TestBitsSimple_t" time="0.000106096267700195" />
    <testcase name="Equals (364)" classname="spec_perl_TestBitsSimple_t" time="0.000108003616333008" />
    <testcase name="Equals (365)" classname="spec_perl_TestBitsSimple_t" time="0.000105857849121094" />
    <testcase name="Equals (366)" classname="spec_perl_TestBitsSimple_t" time="0.000103950500488281" />
    <testcase name="Equals (367)" classname="spec_perl_TestBitsSimple_t" time="0.000102043151855469" />
    <testcase name="Equals (368)" classname="spec_perl_TestBitsSimple_t" time="0.000108957290649414" />
    <testcase name="Equals (369)" classname="spec_perl_TestBitsSimple_t" time="0.000105142593383789" />
    <testcase name="Equals (370)" classname="spec_perl_TestBitsSimple_t" time="0.000108003616333008" />
    <testcase name="Equals (371)" classname="spec_perl_TestBitsSimple_t" time="9.89437103271484e-05" />
  </testsuite>
  <testsuite name="spec_perl_TestEnumInvalid_t" errors="0" failures="0" skipped="0" tests="2" time="0.0623419284820557">
    <system-out>1..2
ok 1 - Equals
ok 2 - Equals
</system-out>
    <testcase name="Equals (372)" classname="spec_perl_TestEnumInvalid_t" time="0.000169992446899414" />
    <testcase name="Equals (373)" classname="spec_perl_TestEnumInvalid_t" time="6.29425048828125e-05" />
  </testsuite>
  <testsuite name="spec_perl_TestRecursiveOne_t" errors="0" failures="0" skipped="0" tests="4" time="0.0625929832458496">
    <system-out>1..4
ok 1 - Equals
ok 2 - Equals
ok 3 - Equals
ok 4 - Equals
</system-out>
    <testcase name="Equals (374)" classname="spec_perl_TestRecursiveOne_t" time="0.000176906585693359" />
    <testcase name="Equals (375)" classname="spec_perl_TestRecursiveOne_t" time="4.69684600830078e-05" />
    <testcase name="Equals (376)" classname="spec_perl_TestRecursiveOne_t" time="4.50611114501953e-05" />
    <testcase name="Equals (377)" classname="spec_perl_TestRecursiveOne_t" time="4.00543212890625e-05" />
  </testsuite>
  <testsuite name="spec_perl_TestOpaqueExternalType02Parent_t" errors="0" failures="0" skipped="0" tests="3" time="0.0676078796386719">
    <system-out>1..3
ok 1 - Equals
ok 2 - Equals
ok 3 - Equals
</system-out>
    <testcase name="Equals (378)" classname="spec_perl_TestOpaqueExternalType02Parent_t" time="0.000234127044677734" />
    <testcase name="Equals (379)" classname="spec_perl_TestOpaqueExternalType02Parent_t" time="5.88893890380859e-05" />
    <testcase name="Equals (380)" classname="spec_perl_TestOpaqueExternalType02Parent_t" time="0.000108957290649414" />
  </testsuite>
  <testsuite name="spec_perl_TestSwitchManualEnumInvalid_t" errors="0" failures="0" skipped="0" tests="5" time="0.0665428638458252">
    <system-out>1..5
ok 1 - Equals
ok 2 - Equals
ok 3 - nil
ok 4 - Equals
ok 5 - nil
</system-out>
    <testcase name="Equals (381)" classname="spec_perl_TestSwitchManualEnumInvalid_t" time="0.000283956527709961" />
    <testcase name="Equals (382)" classname="spec_perl_TestSwitchManualEnumInvalid_t" time="7.70092010498047e-05" />
    <testcase name="nil (382)" classname="spec_perl_TestSwitchManualEnumInvalid_t" time="3.09944152832031e-05" />
    <testcase name="Equals (383)" classname="spec_perl_TestSwitchManualEnumInvalid_t" time="3.71932983398438e-05" />
    <testcase name="nil (383)" classname="spec_perl_TestSwitchManualEnumInvalid_t" time="2.69412994384766e-05" />
  </testsuite>
  <testsuite name="spec_perl_TestProcessCustom_t" errors="1" failures="0" skipped="0" tests="0" time="0.0591020584106445">
    <system-out></system-out>
    <testcase name="Test died too soon, even before plan. (383)" classname="spec_perl_TestProcessCustom_t" time="0.0591020584106445">
      <failure message="The test suite died before a plan was produced. You need to have a plan." type="Plan">No plan</failure>
    </testcase>
  </testsuite>
  <testsuite name="spec_perl_TestEnumToIClassBorder1_t" errors="0" failures="1" skipped="0" tests="3" time="0.0637030601501465">
    <system-out>1..3
ok 1 - Equals
ok 2 - Equals
not ok 3 - test_enum_to_i_class_border_1 died (Can't call method &quot;some_dog&quot; on an undefined value at compiled/perl/EnumToIClassBorder2.pm line 42.)
</system-out>
    <testcase name="Equals (384)" classname="spec_perl_TestEnumToIClassBorder1_t" time="0.00017094612121582" />
    <testcase name="Equals (385)" classname="spec_perl_TestEnumToIClassBorder1_t" time="6.19888305664062e-05" />
    <testcase name="test_enum_to_i_class_border_1 died (Can't call method &quot;some_dog&quot; on an undefined value at compiled/perl/EnumToIClassBorder2.pm line 42.) (385)" classname="spec_perl_TestEnumToIClassBorder1_t" time="0.000138998031616211">
      <failure message="not ok 3 - test_enum_to_i_class_border_1 died (Can't call method &quot;some_dog&quot; on an undefined value at compiled/perl/EnumToIClassBorder2.pm line 42.)" type="TAP::Parser::Result::Test"></failure>
    </testcase>
  </testsuite>
  <testsuite name="spec_perl_TestBitsByteAligned_t" errors="0" failures="0" skipped="0" tests="9" time="0.0638649463653564">
    <system-out>1..9
ok 1 - Equals
ok 2 - Equals
ok 3 - Equals
ok 4 - Equals
ok 5 - Equals
ok 6 - Equals
ok 7 - Equals
ok 8 - Equals
ok 9 - Equals
</system-out>
    <testcase name="Equals (386)" classname="spec_perl_TestBitsByteAligned_t" time="0.000199079513549805" />
    <testcase name="Equals (387)" classname="spec_perl_TestBitsByteAligned_t" time="8.60691070556641e-05" />
    <testcase name="Equals (388)" classname="spec_perl_TestBitsByteAligned_t" time="0.000112056732177734" />
    <testcase name="Equals (389)" classname="spec_perl_TestBitsByteAligned_t" time="0.000100851058959961" />
    <testcase name="Equals (390)" classname="spec_perl_TestBitsByteAligned_t" time="0.000107049942016602" />
    <testcase name="Equals (391)" classname="spec_perl_TestBitsByteAligned_t" time="0.000108957290649414" />
    <testcase name="Equals (392)" classname="spec_perl_TestBitsByteAligned_t" time="0.000106096267700195" />
    <testcase name="Equals (393)" classname="spec_perl_TestBitsByteAligned_t" time="0.000113010406494141" />
    <testcase name="Equals (394)" classname="spec_perl_TestBitsByteAligned_t" time="0.000113010406494141" />
  </testsuite>
  <testsuite name="spec_perl_TestValidShort_t" errors="0" failures="0" skipped="1" tests="1" time="0.0681681632995605">
    <system-out>1..1
ok 1 # skip ValidShort=HASH(0x556d8296a948)
</system-out>
    <testcase name="Unnamed test case 394" classname="spec_perl_TestValidShort_t" time="0.00128006935119629">
      <skipped message="ok 1 # skip ValidShort=HASH(0x556d8296a948)" />
    </testcase>
  </testsuite>
  <testsuite name="spec_perl_TestPositionAbs_t" errors="0" failures="0" skipped="0" tests="2" time="0.0688531398773193">
    <system-out>1..2
ok 1 - Equals
ok 2 - Equals
</system-out>
    <testcase name="Equals (395)" classname="spec_perl_TestPositionAbs_t" time="0.000186920166015625" />
    <testcase name="Equals (396)" classname="spec_perl_TestPositionAbs_t" time="0.000154972076416016" />
  </testsuite>
  <testsuite name="spec_perl_TestUserType_t" errors="0" failures="0" skipped="0" tests="2" time="0.0618560314178467">
    <system-out>1..2
ok 1 - Equals
ok 2 - Equals
</system-out>
    <testcase name="Equals (397)" classname="spec_perl_TestUserType_t" time="0.000179052352905273" />
    <testcase name="Equals (398)" classname="spec_perl_TestUserType_t" time="6.60419464111328e-05" />
  </testsuite>
  <testsuite name="spec_perl_TestExprBits_t" errors="0" failures="0" skipped="0" tests="10" time="0.0636928081512451">
    <system-out>1..10
ok 1 - Equals
ok 2 - Equals
ok 3 - Equals
ok 4 - Equals
ok 5 - Equals
ok 6 - Equals
ok 7 - Equals
ok 8 - Equals
ok 9 - Equals
ok 10 - Equals
</system-out>
    <testcase name="Equals (399)" classname="spec_perl_TestExprBits_t" time="0.000161886215209961" />
    <testcase name="Equals (400)" classname="spec_perl_TestExprBits_t" time="5.31673431396484e-05" />
    <testcase name="Equals (401)" classname="spec_perl_TestExprBits_t" time="4.38690185546875e-05" />
    <testcase name="Equals (402)" classname="spec_perl_TestExprBits_t" time="0.000123977661132812" />
    <testcase name="Equals (403)" classname="spec_perl_TestExprBits_t" time="0.000106096267700195" />
    <testcase name="Equals (404)" classname="spec_perl_TestExprBits_t" time="0.000106096267700195" />
    <testcase name="Equals (405)" classname="spec_perl_TestExprBits_t" time="0.000110864639282227" />
    <testcase name="Equals (406)" classname="spec_perl_TestExprBits_t" time="0.0001220703125" />
    <testcase name="Equals (407)" classname="spec_perl_TestExprBits_t" time="0.000107049942016602" />
    <testcase name="Equals (408)" classname="spec_perl_TestExprBits_t" time="0.000130891799926758" />
  </testsuite>
  <testsuite name="spec_perl_TestRepeatUntilComplex_t" errors="0" failures="0" skipped="0" tests="15" time="0.0633139610290527">
    <system-out>1..15
ok 1 - Equals
ok 2 - Equals
ok 3 - Equals
ok 4 - Equals
ok 5 - Equals
ok 6 - Equals
ok 7 - Equals
ok 8 - Equals
ok 9 - Equals
ok 10 - Equals
ok 11 - Equals
ok 12 - Equals
ok 13 - Equals
ok 14 - Equals
ok 15 - Equals
</system-out>
    <testcase name="Equals (409)" classname="spec_perl_TestRepeatUntilComplex_t" time="0.000188827514648438" />
    <testcase name="Equals (410)" classname="spec_perl_TestRepeatUntilComplex_t" time="5.50746917724609e-05" />
    <testcase name="Equals (411)" classname="spec_perl_TestRepeatUntilComplex_t" time="0.000129938125610352" />
    <testcase name="Equals (412)" classname="spec_perl_TestRepeatUntilComplex_t" time="0.000127077102661133" />
    <testcase name="Equals (413)" classname="spec_perl_TestRepeatUntilComplex_t" time="0.000103950500488281" />
    <testcase name="Equals (414)" classname="spec_perl_TestRepeatUntilComplex_t" time="0.000118017196655273" />
    <testcase name="Equals (415)" classname="spec_perl_TestRepeatUntilComplex_t" time="0.000112056732177734" />
    <testcase name="Equals (416)" classname="spec_perl_TestRepeatUntilComplex_t" time="0.000108003616333008" />
    <testcase name="Equals (417)" classname="spec_perl_TestRepeatUntilComplex_t" time="9.58442687988281e-05" />
    <testcase name="Equals (418)" classname="spec_perl_TestRepeatUntilComplex_t" time="0.000113010406494141" />
    <testcase name="Equals (419)" classname="spec_perl_TestRepeatUntilComplex_t" time="8.41617584228516e-05" />
    <testcase name="Equals (420)" classname="spec_perl_TestRepeatUntilComplex_t" time="0.00010991096496582" />
    <testcase name="Equals (421)" classname="spec_perl_TestRepeatUntilComplex_t" time="8.60691070556641e-05" />
    <testcase name="Equals (422)" classname="spec_perl_TestRepeatUntilComplex_t" time="0.00010991096496582" />
    <testcase name="Equals (423)" classname="spec_perl_TestRepeatUntilComplex_t" time="9.20295715332031e-05" />
  </testsuite>
  <testsuite name="spec_perl_TestSwitchManualEnum_t" errors="0" failures="0" skipped="0" tests="9" time="0.0685811042785645">
    <system-out>1..9
ok 1 - Equals
ok 2 - Equals
ok 3 - Equals
ok 4 - Equals
ok 5 - Equals
ok 6 - Equals
ok 7 - Equals
ok 8 - Equals
ok 9 - Equals
</system-out>
    <testcase name="Equals (424)" classname="spec_perl_TestSwitchManualEnum_t" time="0.000247001647949219" />
    <testcase name="Equals (425)" classname="spec_perl_TestSwitchManualEnum_t" time="6.103515625e-05" />
    <testcase name="Equals (426)" classname="spec_perl_TestSwitchManualEnum_t" time="0.000126123428344727" />
    <testcase name="Equals (427)" classname="spec_perl_TestSwitchManualEnum_t" time="0.000108957290649414" />
    <testcase name="Equals (428)" classname="spec_perl_TestSwitchManualEnum_t" time="0.000112056732177734" />
    <testcase name="Equals (429)" classname="spec_perl_TestSwitchManualEnum_t" time="0.000105857849121094" />
    <testcase name="Equals (430)" classname="spec_perl_TestSwitchManualEnum_t" time="0.000111103057861328" />
    <testcase name="Equals (431)" classname="spec_perl_TestSwitchManualEnum_t" time="9.89437103271484e-05" />
    <testcase name="Equals (432)" classname="spec_perl_TestSwitchManualEnum_t" time="0.000106096267700195" />
  </testsuite>
  <testsuite name="spec_perl_TestIntegers_t" errors="0" failures="0" skipped="0" tests="20" time="0.0645937919616699">
    <system-out>1..20
ok 1 - Equals
ok 2 - Equals
ok 3 - Equals
ok 4 - Equals
ok 5 - Equals
ok 6 - Equals
ok 7 - Equals
ok 8 - Equals
ok 9 - Equals
ok 10 - Equals
ok 11 - Equals
ok 12 - Equals
ok 13 - Equals
ok 14 - Equals
ok 15 - Equals
ok 16 - Equals
ok 17 - Equals
ok 18 - Equals
ok 19 - Equals
ok 20 - Equals
</system-out>
    <testcase name="Equals (433)" classname="spec_perl_TestIntegers_t" time="0.000155210494995117" />
    <testcase name="Equals (434)" classname="spec_perl_TestIntegers_t" time="9.08374786376953e-05" />
    <testcase name="Equals (435)" classname="spec_perl_TestIntegers_t" time="0.000110149383544922" />
    <testcase name="Equals (436)" classname="spec_perl_TestIntegers_t" time="0.000108957290649414" />
    <testcase name="Equals (437)" classname="spec_perl_TestIntegers_t" time="0.00010991096496582" />
    <testcase name="Equals (438)" classname="spec_perl_TestIntegers_t" time="0.000115156173706055" />
    <testcase name="Equals (439)" classname="spec_perl_TestIntegers_t" time="0.000110864639282227" />
    <testcase name="Equals (440)" classname="spec_perl_TestIntegers_t" time="0.000108003616333008" />
    <testcase name="Equals (441)" classname="spec_perl_TestIntegers_t" time="0.000111103057861328" />
    <testcase name="Equals (442)" classname="spec_perl_TestIntegers_t" time="0.000105857849121094" />
    <testcase name="Equals (443)" classname="spec_perl_TestIntegers_t" time="0.000131130218505859" />
    <testcase name="Equals (444)" classname="spec_perl_TestIntegers_t" time="9.39369201660156e-05" />
    <testcase name="Equals (445)" classname="spec_perl_TestIntegers_t" time="9.48905944824219e-05" />
    <testcase name="Equals (446)" classname="spec_perl_TestIntegers_t" time="0.000101089477539062" />
    <testcase name="Equals (447)" classname="spec_perl_TestIntegers_t" time="0.000107049942016602" />
    <testcase name="Equals (448)" classname="spec_perl_TestIntegers_t" time="0.000102996826171875" />
    <testcase name="Equals (449)" classname="spec_perl_TestIntegers_t" time="0.000102043151855469" />
    <testcase name="Equals (450)" classname="spec_perl_TestIntegers_t" time="0.000108957290649414" />
[...]
  </testsuite>
  <testsuite name="spec_perl_TestValidLong_t" errors="0" failures="0" skipped="1" tests="1" time="0.0673799514770508">
    <system-out>1..1
ok 1 # skip ValidLong=HASH(0x5587e62e9a80)
</system-out>
    <testcase name="Unnamed test case 871" classname="spec_perl_TestValidLong_t" time="0.00124883651733398">
      <skipped message="ok 1 # skip ValidLong=HASH(0x5587e62e9a80)" />
    </testcase>
  </testsuite>
  <testsuite name="spec_perl_TestEnumNegative_t" errors="0" failures="0" skipped="0" tests="2" time="0.0614809989929199">
    <system-out>1..2
ok 1 - Equals
ok 2 - Equals
</system-out>
    <testcase name="Equals (872)" classname="spec_perl_TestEnumNegative_t" time="0.000159025192260742" />
    <testcase name="Equals (873)" classname="spec_perl_TestEnumNegative_t" time="6.00814819335938e-05" />
  </testsuite>
  <testsuite name="spec_perl_TestIndexSizes_t" errors="0" failures="0" skipped="0" tests="7" time="0.0669229030609131">
    <system-out>1..7
ok 1 - Equals
ok 2 - Equals
ok 3 - Equals
ok 4 - Equals
ok 5 - Equals
ok 6 - Equals
ok 7 - Equals
</system-out>
    <testcase name="Equals (874)" classname="spec_perl_TestIndexSizes_t" time="0.000200986862182617" />
    <testcase name="Equals (875)" classname="spec_perl_TestIndexSizes_t" time="6.19888305664062e-05" />
    <testcase name="Equals (876)" classname="spec_perl_TestIndexSizes_t" time="0.000110864639282227" />
    <testcase name="Equals (877)" classname="spec_perl_TestIndexSizes_t" time="0.000108003616333008" />
    <testcase name="Equals (878)" classname="spec_perl_TestIndexSizes_t" time="0.000111103057861328" />
    <testcase name="Equals (879)" classname="spec_perl_TestIndexSizes_t" time="0.00010991096496582" />
    <testcase name="Equals (880)" classname="spec_perl_TestIndexSizes_t" time="0.000108003616333008" />
  </testsuite>
  <testsuite name="spec_perl_TestDefaultEndianExprInherited_t" errors="0" failures="0" skipped="0" tests="15" time="0.0645928382873535">
    <system-out>1..15
ok 1 - Equals
ok 2 - Equals
ok 3 - Equals
ok 4 - Equals
ok 5 - Equals
ok 6 - Equals
ok 7 - Equals
ok 8 - Equals
ok 9 - Equals
ok 10 - Equals
ok 11 - Equals
ok 12 - Equals
ok 13 - Equals
ok 14 - Equals
ok 15 - Equals
</system-out>
    <testcase name="Equals (881)" classname="spec_perl_TestDefaultEndianExprInherited_t" time="0.00023198127746582" />
    <testcase name="Equals (882)" classname="spec_perl_TestDefaultEndianExprInherited_t" time="7.89165496826172e-05" />
    <testcase name="Equals (883)" classname="spec_perl_TestDefaultEndianExprInherited_t" time="0.000110149383544922" />
    <testcase name="Equals (884)" classname="spec_perl_TestDefaultEndianExprInherited_t" time="0.000112056732177734" />
    <testcase name="Equals (885)" classname="spec_perl_TestDefaultEndianExprInherited_t" time="0.000125885009765625" />
    <testcase name="Equals (886)" classname="spec_perl_TestDefaultEndianExprInherited_t" time="0.000112056732177734" />
    <testcase name="Equals (887)" classname="spec_perl_TestDefaultEndianExprInherited_t" time="0.000103950500488281" />
    <testcase name="Equals (888)" classname="spec_perl_TestDefaultEndianExprInherited_t" time="0.000107049942016602" />
    <testcase name="Equals (889)" classname="spec_perl_TestDefaultEndianExprInherited_t" time="0.000107049942016602" />
    <testcase name="Equals (890)" classname="spec_perl_TestDefaultEndianExprInherited_t" time="0.00011897087097168" />
    <testcase name="Equals (891)" classname="spec_perl_TestDefaultEndianExprInherited_t" time="0.000108957290649414" />
    <testcase name="Equals (892)" classname="spec_perl_TestDefaultEndianExprInherited_t" time="0.000102043151855469" />
    <testcase name="Equals (893)" classname="spec_perl_TestDefaultEndianExprInherited_t" time="0.000100851058959961" />
    <testcase name="Equals (894)" classname="spec_perl_TestDefaultEndianExprInherited_t" time="0.000102996826171875" />
    <testcase name="Equals (895)" classname="spec_perl_TestDefaultEndianExprInherited_t" time="0.00012516975402832" />
  </testsuite>
  <testsuite name="spec_perl_TestBytesPadTerm_t" errors="0" failures="0" skipped="0" tests="4" time="0.0620319843292236">
    <system-out>1..4
ok 1 - Equals
ok 2 - Equals
ok 3 - Equals
ok 4 - Equals
</system-out>
    <testcase name="Equals (896)" classname="spec_perl_TestBytesPadTerm_t" time="0.000164031982421875" />
    <testcase name="Equals (897)" classname="spec_perl_TestBytesPadTerm_t" time="5.88893890380859e-05" />
    <testcase name="Equals (898)" classname="spec_perl_TestBytesPadTerm_t" time="0.000126123428344727" />
    <testcase name="Equals (899)" classname="spec_perl_TestBytesPadTerm_t" time="0.000103950500488281" />
  </testsuite>
  <testsuite name="spec_perl_TestNestedTypeParam_t" errors="0" failures="2" skipped="0" tests="2" time="0.0698301792144775">
    <system-out>1..2
not ok 1 - Equals
not ok 2 - Equals
</system-out>
    <testcase name="Equals (900)" classname="spec_perl_TestNestedTypeParam_t" time="0.000197172164916992">
      <failure message="not ok 1 - Equals" type="TAP::Parser::Result::Test"></failure>
    </testcase>
    <testcase name="Equals (901)" classname="spec_perl_TestNestedTypeParam_t" time="0.00138688087463379">
      <failure message="not ok 2 - Equals" type="TAP::Parser::Result::Test"></failure>
    </testcase>
  </testsuite>
  <testsuite name="spec_perl_TestDefaultEndianExprIsLe_t" errors="0" failures="0" skipped="0" tests="12" time="0.063169002532959">
    <system-out>1..12
ok 1 - Equals
ok 2 - Equals
ok 3 - Equals
ok 4 - Equals
ok 5 - Equals
ok 6 - Equals
ok 7 - Equals
ok 8 - Equals
ok 9 - Equals
ok 10 - Equals
ok 11 - Equals
ok 12 - Equals
</system-out>
    <testcase name="Equals (902)" classname="spec_perl_TestDefaultEndianExprIsLe_t" time="0.000164031982421875" />
    <testcase name="Equals (903)" classname="spec_perl_TestDefaultEndianExprIsLe_t" time="6.60419464111328e-05" />
    <testcase name="Equals (904)" classname="spec_perl_TestDefaultEndianExprIsLe_t" time="4.60147857666016e-05" />
    <testcase name="Equals (905)" classname="spec_perl_TestDefaultEndianExprIsLe_t" time="0.000117063522338867" />
    <testcase name="Equals (906)" classname="spec_perl_TestDefaultEndianExprIsLe_t" time="0.000103950500488281" />
    <testcase name="Equals (907)" classname="spec_perl_TestDefaultEndianExprIsLe_t" time="0.000106096267700195" />
    <testcase name="Equals (908)" classname="spec_perl_TestDefaultEndianExprIsLe_t" time="0.000105857849121094" />
    <testcase name="Equals (909)" classname="spec_perl_TestDefaultEndianExprIsLe_t" time="0.000108957290649414" />
    <testcase name="Equals (910)" classname="spec_perl_TestDefaultEndianExprIsLe_t" time="0.000133991241455078" />
    <testcase name="Equals (911)" classname="spec_perl_TestDefaultEndianExprIsLe_t" time="0.000110149383544922" />
    <testcase name="Equals (912)" classname="spec_perl_TestDefaultEndianExprIsLe_t" time="0.000108003616333008" />
    <testcase name="Equals (913)" classname="spec_perl_TestDefaultEndianExprIsLe_t" time="9.70363616943359e-05" />
  </testsuite>
  <testsuite name="spec_perl_TestTypeTernary2ndFalsy_t" errors="0" failures="0" skipped="0" tests="13" time="0.0637099742889404">
    <system-out>1..13
ok 1 - Equals
ok 2 - Equals
ok 3 - Equals
ok 4 - Approx equals
ok 5 - Approx equals
ok 6 - Equals
ok 7 - Equals
ok 8 - Equals
ok 9 - nil
ok 10 - Equals
ok 11 - Equals
ok 12 - Equals
ok 13 - Equals
</system-out>
    <testcase name="Equals (914)" classname="spec_perl_TestTypeTernary2ndFalsy_t" time="0.00018000602722168" />
    <testcase name="Equals (915)" classname="spec_perl_TestTypeTernary2ndFalsy_t" time="6.00814819335938e-05" />
    <testcase name="Equals (916)" classname="spec_perl_TestTypeTernary2ndFalsy_t" time="9.67979431152344e-05" />
    <testcase name="Approx equals (916)" classname="spec_perl_TestTypeTernary2ndFalsy_t" time="4.22000885009766e-05" />
    <testcase name="Approx equals (917)" classname="spec_perl_TestTypeTernary2ndFalsy_t" time="3.79085540771484e-05" />
    <testcase name="Equals (917)" classname="spec_perl_TestTypeTernary2ndFalsy_t" time="0.000118017196655273" />
    <testcase name="Equals (918)" classname="spec_perl_TestTypeTernary2ndFalsy_t" time="0.000108003616333008" />
    <testcase name="Equals (919)" classname="spec_perl_TestTypeTernary2ndFalsy_t" time="0.000110864639282227" />
    <testcase name="nil (919)" classname="spec_perl_TestTypeTernary2ndFalsy_t" time="6.41345977783203e-05" />
    <testcase name="Equals (920)" classname="spec_perl_TestTypeTernary2ndFalsy_t" time="9.39369201660156e-05" />
    <testcase name="Equals (921)" classname="spec_perl_TestTypeTernary2ndFalsy_t" time="0.000106096267700195" />
    <testcase name="Equals (922)" classname="spec_perl_TestTypeTernary2ndFalsy_t" time="0.000103950500488281" />
    <testcase name="Equals (923)" classname="spec_perl_TestTypeTernary2ndFalsy_t" time="0.000112056732177734" />
  </testsuite>
  <testsuite name="spec_perl_TestEnumLongRangeU_t" errors="0" failures="0" skipped="0" tests="4" time="0.0619359016418457">
    <system-out>1..4
ok 1 - Equals
ok 2 - Equals
ok 3 - Equals
ok 4 - Equals
</system-out>
    <testcase name="Equals (924)" classname="spec_perl_TestEnumLongRangeU_t" time="0.000175952911376953" />
    <testcase name="Equals (925)" classname="spec_perl_TestEnumLongRangeU_t" time="5.91278076171875e-05" />
    <testcase name="Equals (926)" classname="spec_perl_TestEnumLongRangeU_t" time="8.48770141601562e-05" />
    <testcase name="Equals (927)" classname="spec_perl_TestEnumLongRangeU_t" time="0.000106096267700195" />
  </testsuite>
  <testsuite name="spec_perl_TestCombineBytes_t" errors="0" failures="0" skipped="0" tests="10" time="0.0631921291351318">
    <system-out>1..10
ok 1 - Equals
ok 2 - Equals
ok 3 - Equals
ok 4 - Equals
ok 5 - Equals
ok 6 - Equals
ok 7 - Equals
ok 8 - Equals
ok 9 - Equals
ok 10 - Equals
</system-out>
    <testcase name="Equals (928)" classname="spec_perl_TestCombineBytes_t" time="0.000172853469848633" />
    <testcase name="Equals (929)" classname="spec_perl_TestCombineBytes_t" time="6.69956207275391e-05" />
    <testcase name="Equals (930)" classname="spec_perl_TestCombineBytes_t" time="4.41074371337891e-05" />
    <testcase name="Equals (931)" classname="spec_perl_TestCombineBytes_t" time="8.60691070556641e-05" />
    <testcase name="Equals (932)" classname="spec_perl_TestCombineBytes_t" time="0.000111818313598633" />
    <testcase name="Equals (933)" classname="spec_perl_TestCombineBytes_t" time="0.000106096267700195" />
    <testcase name="Equals (934)" classname="spec_perl_TestCombineBytes_t" time="0.000113010406494141" />
    <testcase name="Equals (935)" classname="spec_perl_TestCombineBytes_t" time="0.000108003616333008" />
    <testcase name="Equals (936)" classname="spec_perl_TestCombineBytes_t" time="0.000103950500488281" />
    <testcase name="Equals (937)" classname="spec_perl_TestCombineBytes_t" time="0.000107049942016602" />
  </testsuite>
  <testsuite name="spec_perl_TestExpr1_t" errors="0" failures="0" skipped="0" tests="4" time="0.0662310123443604">
    <system-out>1..4
ok 1 - Equals
ok 2 - Equals
ok 3 - Equals
ok 4 - Equals
</system-out>
    <testcase name="Equals (938)" classname="spec_perl_TestExpr1_t" time="0.000174999237060547" />
    <testcase name="Equals (939)" classname="spec_perl_TestExpr1_t" time="6.19888305664062e-05" />
    <testcase name="Equals (940)" classname="spec_perl_TestExpr1_t" time="0.000101089477539062" />
    <testcase name="Equals (941)" classname="spec_perl_TestExpr1_t" time="0.000163078308105469" />
  </testsuite>
  <testsuite name="spec_perl_TestBitsSignedResB32Le_t" errors="0" failures="0" skipped="0" tests="1" time="0.0622069835662842">
    <system-out>1..1
ok 1 - Equals
</system-out>
    <testcase name="Equals (942)" classname="spec_perl_TestBitsSignedResB32Le_t" time="0.000174999237060547" />
  </testsuite>
  <testsuite name="spec_perl_TestExprCalcArrayOps_t" errors="0" failures="0" skipped="0" tests="18" time="0.0641920566558838">
    <system-out>1..18
ok 1 - Equals
ok 2 - Equals
ok 3 - Equals
ok 4 - Equals
ok 5 - Equals
ok 6 - Equals
ok 7 - Equals
ok 8 - Approx equals
ok 9 - Approx equals
ok 10 - Approx equals
ok 11 - Approx equals
ok 12 - Approx equals
ok 13 - Equals
ok 14 - Equals
ok 15 - Equals
ok 16 - Equals
ok 17 - Equals
ok 18 - Equals
</system-out>
    <testcase name="Equals (943)" classname="spec_perl_TestExprCalcArrayOps_t" time="0.000172853469848633" />
    <testcase name="Equals (944)" classname="spec_perl_TestExprCalcArrayOps_t" time="5.81741333007812e-05" />
    <testcase name="Equals (945)" classname="spec_perl_TestExprCalcArrayOps_t" time="8.48770141601562e-05" />
    <testcase name="Equals (946)" classname="spec_perl_TestExprCalcArrayOps_t" time="0.000106096267700195" />
    <testcase name="Equals (947)" classname="spec_perl_TestExprCalcArrayOps_t" time="0.000113964080810547" />
    <testcase name="Equals (948)" classname="spec_perl_TestExprCalcArrayOps_t" time="0.000114917755126953" />
    <testcase name="Equals (949)" classname="spec_perl_TestExprCalcArrayOps_t" time="0.000113964080810547" />
    <testcase name="Approx equals (949)" classname="spec_perl_TestExprCalcArrayOps_t" time="5.81741333007812e-05" />
    <testcase name="Approx equals (950)" classname="spec_perl_TestExprCalcArrayOps_t" time="3.48091125488281e-05" />
    <testcase name="Approx equals (951)" classname="spec_perl_TestExprCalcArrayOps_t" time="5.50746917724609e-05" />
    <testcase name="Approx equals (952)" classname="spec_perl_TestExprCalcArrayOps_t" time="4.60147857666016e-05" />
    <testcase name="Approx equals (953)" classname="spec_perl_TestExprCalcArrayOps_t" time="3.40938568115234e-05" />
    <testcase name="Equals (953)" classname="spec_perl_TestExprCalcArrayOps_t" time="0.000123023986816406" />
    <testcase name="Equals (954)" classname="spec_perl_TestExprCalcArrayOps_t" time="0.000118017196655273" />
    <testcase name="Equals (955)" classname="spec_perl_TestExprCalcArrayOps_t" time="0.000112771987915039" />
    <testcase name="Equals (956)" classname="spec_perl_TestExprCalcArrayOps_t" time="0.000113010406494141" />
    <testcase name="Equals (957)" classname="spec_perl_TestExprCalcArrayOps_t" time="0.000137090682983398" />
    <testcase name="Equals (958)" classname="spec_perl_TestExprCalcArrayOps_t" time="0.00010991096496582" />
  </testsuite>
  <testsuite name="spec_perl_TestMultipleUse_t" errors="0" failures="0" skipped="0" tests="2" time="0.0635769367218018">
    <system-out>1..2
ok 1 - Equals
ok 2 - Equals
</system-out>
    <testcase name="Equals (959)" classname="spec_perl_TestMultipleUse_t" time="0.000196933746337891" />
    <testcase name="Equals (960)" classname="spec_perl_TestMultipleUse_t" time="5.88893890380859e-05" />
  </testsuite>
  <testsuite name="spec_perl_TestYamlInts_t" errors="0" failures="0" skipped="0" tests="4" time="0.0629510879516602">
    <system-out>1..4
ok 1 - Equals
ok 2 - Equals
ok 3 - Equals
ok 4 - Equals
</system-out>
    <testcase name="Equals (961)" classname="spec_perl_TestYamlInts_t" time="0.000184059143066406" />
    <testcase name="Equals (962)" classname="spec_perl_TestYamlInts_t" time="5.88893890380859e-05" />
    <testcase name="Equals (963)" classname="spec_perl_TestYamlInts_t" time="6.69956207275391e-05" />
    <testcase name="Equals (964)" classname="spec_perl_TestYamlInts_t" time="0.000117063522338867" />
  </testsuite>
  <testsuite name="spec_perl_TestRepeatEosU4_t" errors="0" failures="0" skipped="0" tests="1" time="0.0614709854125977">
    <system-out>1..1
ok 1 - Equals
</system-out>
    <testcase name="Equals (965)" classname="spec_perl_TestRepeatEosU4_t" time="0.000166893005371094" />
  </testsuite>
  <testsuite name="spec_perl_TestNonStandard_t" errors="0" failures="0" skipped="0" tests="1" time="0.0621140003204346">
    <system-out>1..1
ok 1 - Equals
</system-out>
    <testcase name="Equals (966)" classname="spec_perl_TestNonStandard_t" time="0.000171899795532227" />
  </testsuite>
  <testsuite name="spec_perl_TestTermStrz_t" errors="0" failures="0" skipped="0" tests="3" time="0.0668411254882812">
    <system-out>1..3
ok 1 - Equals
ok 2 - Equals
ok 3 - Equals
</system-out>
    <testcase name="Equals (967)" classname="spec_perl_TestTermStrz_t" time="0.000223875045776367" />
    <testcase name="Equals (968)" classname="spec_perl_TestTermStrz_t" time="6.103515625e-05" />
    <testcase name="Equals (969)" classname="spec_perl_TestTermStrz_t" time="9.89437103271484e-05" />
  </testsuite>
  <testsuite name="spec_perl_TestExprIfIntOps_t" errors="0" failures="0" skipped="0" tests="2" time="0.0616922378540039">
    <system-out>1..2
ok 1 - Equals
ok 2 - Equals
</system-out>
    <testcase name="Equals (970)" classname="spec_perl_TestExprIfIntOps_t" time="0.000174045562744141" />
    <testcase name="Equals (971)" classname="spec_perl_TestExprIfIntOps_t" time="5.00679016113281e-05" />
  </testsuite>
  <testsuite name="spec_perl_TestProcessCoerceBytes_t" errors="0" failures="0" skipped="0" tests="4" time="0.0617749691009521">
    <system-out>1..4
ok 1 - Equals
ok 2 - Equals
ok 3 - Equals
ok 4 - Equals
</system-out>
    <testcase name="Equals (972)" classname="spec_perl_TestProcessCoerceBytes_t" time="0.000174999237060547" />
    <testcase name="Equals (973)" classname="spec_perl_TestProcessCoerceBytes_t" time="7.89165496826172e-05" />
    <testcase name="Equals (974)" classname="spec_perl_TestProcessCoerceBytes_t" time="0.000105142593383789" />
    <testcase name="Equals (975)" classname="spec_perl_TestProcessCoerceBytes_t" time="0.000105857849121094" />
  </testsuite>
  <testsuite name="spec_perl_TestEnumImport_t" errors="0" failures="2" skipped="0" tests="2" time="0.0652248859405518">
    <system-out>1..2
not ok 1 - Equals
not ok 2 - Equals
</system-out>
    <testcase name="Equals (976)" classname="spec_perl_TestEnumImport_t" time="0.000171899795532227">
      <failure message="not ok 1 - Equals" type="TAP::Parser::Result::Test"></failure>
    </testcase>
    <testcase name="Equals (977)" classname="spec_perl_TestEnumImport_t" time="0.000763893127441406">
      <failure message="not ok 2 - Equals" type="TAP::Parser::Result::Test"></failure>
    </testcase>
  </testsuite>
  <testsuite name="spec_perl_TestEnumIntRangeU_t" errors="0" failures="0" skipped="0" tests="2" time="0.0612621307373047">
    <system-out>1..2
ok 1 - Equals
ok 2 - Equals
</system-out>
    <testcase name="Equals (978)" classname="spec_perl_TestEnumIntRangeU_t" time="0.000163078308105469" />
    <testcase name="Equals (979)" classname="spec_perl_TestEnumIntRangeU_t" time="5.48362731933594e-05" />
  </testsuite>
  <testsuite name="spec_perl_TestProcessXor4Value_t" errors="0" failures="0" skipped="0" tests="2" time="0.0619330406188965">
    <system-out>1..2
ok 1 - Equals
ok 2 - Equals
</system-out>
    <testcase name="Equals (980)" classname="spec_perl_TestProcessXor4Value_t" time="0.000177860260009766" />
    <testcase name="Equals (981)" classname="spec_perl_TestProcessXor4Value_t" time="6.50882720947266e-05" />
  </testsuite>
  <testsuite name="spec_perl_TestStrEncodingsUtf16_t" errors="0" failures="0" skipped="0" tests="6" time="0.0692369937896729">
    <system-out>1..6
ok 1 - Equals
ok 2 - Equals
ok 3 - Equals
ok 4 - Equals
ok 5 - Equals
ok 6 - Equals
</system-out>
    <testcase name="Equals (982)" classname="spec_perl_TestStrEncodingsUtf16_t" time="0.00142598152160645" />
    <testcase name="Equals (983)" classname="spec_perl_TestStrEncodingsUtf16_t" time="6.60419464111328e-05" />
    <testcase name="Equals (984)" classname="spec_perl_TestStrEncodingsUtf16_t" time="0.000100851058959961" />
    <testcase name="Equals (985)" classname="spec_perl_TestStrEncodingsUtf16_t" time="0.000108003616333008" />
    <testcase name="Equals (986)" classname="spec_perl_TestStrEncodingsUtf16_t" time="0.000110149383544922" />
    <testcase name="Equals (987)" classname="spec_perl_TestStrEncodingsUtf16_t" time="0.000108957290649414" />
  </testsuite>
</testsuites>
