<?xml version='1.0' encoding='utf-8'?>
<testsuites>
  <testsuite name="spec_perl_TestSwitchManualStr_t" errors="0" failures="0" skipped="0" tests="9" time="0.0465478897094727">
    <system-out>1..9
ok 1 - Equals
ok 2 - Equals
ok 3 - Equals
ok 4 - Equals
ok 5 - Equals
ok 6 - Equals
ok 7 - Equals
ok 8 - Equals
ok 9 - Equals
</system-out>
    <testcase name="Equals" classname="spec_perl_TestSwitchManualStr_t" time="0.000334024429321289" />
    <testcase name="Equals (2)" classname="spec_perl_TestSwitchManualStr_t" time="9.41753387451172e-05" />
    <testcase name="Equals (3)" classname="spec_perl_TestSwitchManualStr_t" time="5.69820404052734e-05" />
    <testcase name="Equals (4)" classname="spec_perl_TestSwitchManualStr_t" time="0.00010991096496582" />
    <testcase name="Equals (5)" classname="spec_perl_TestSwitchManualStr_t" time="0.000158071517944336" />
    <testcase name="Equals (6)" classname="spec_perl_TestSwitchManualStr_t" time="0.000113010406494141" />
    <testcase name="Equals (7)" classname="spec_perl_TestSwitchManualStr_t" time="0.000147819519042969" />
    <testcase name="Equals (8)" classname="spec_perl_TestSwitchManualStr_t" time="0.000112056732177734" />
    <testcase name="Equals (9)" classname="spec_perl_TestSwitchManualStr_t" time="0.000142097473144531" />
  </testsuite>
  <testsuite name="spec_perl_TestCombineBool_t" errors="0" failures="0" skipped="0" tests="2" time="0.0431690216064453">
    <system-out>1..2
ok 1 - Equals
ok 2 - Equals
</system-out>
    <testcase name="Equals (10)" classname="spec_perl_TestCombineBool_t" time="0.000220060348510742" />
    <testcase name="Equals (11)" classname="spec_perl_TestCombineBool_t" time="7.51018524169922e-05" />
  </testsuite>
  <testsuite name="spec_perl_TestProcessCustomNoArgs_t" errors="1" failures="0" skipped="0" tests="0" time="0.0442121028900146">
    <system-out></system-out>
    <testcase name="Test died too soon, even before plan. (11)" classname="spec_perl_TestProcessCustomNoArgs_t" time="0.0442121028900146">
      <failure message="The test suite died before a plan was produced. You need to have a plan." type="Plan">No plan</failure>
    </testcase>
  </testsuite>
  <testsuite name="spec_perl_TestParamsEnum_t" errors="0" failures="1" skipped="0" tests="2" time="0.065546989440918">
    <system-out>1..2
ok 1 - Equals
not ok 2 - Equals
</system-out>
    <testcase name="Equals (12)" classname="spec_perl_TestParamsEnum_t" time="0.00018000602722168" />
    <testcase name="Equals (13)" classname="spec_perl_TestParamsEnum_t" time="0.000138998031616211">
      <failure message="not ok 2 - Equals" type="TAP::Parser::Result::Test"></failure>
    </testcase>
  </testsuite>
  <testsuite name="spec_perl_TestExpr0_t" errors="0" failures="0" skipped="0" tests="2" time="0.0416848659515381">
    <system-out>1..2
ok 1 - Equals
ok 2 - Equals
</system-out>
    <testcase name="Equals (14)" classname="spec_perl_TestExpr0_t" time="0.00023198127746582" />
    <testcase name="Equals (15)" classname="spec_perl_TestExpr0_t" time="7.70092010498047e-05" />
  </testsuite>
  <testsuite name="spec_perl_TestIntegers_t" errors="1" failures="0" skipped="0" tests="0" time="0.0432260036468506">
    <system-out></system-out>
    <testcase name="Test died too soon, even before plan. (15)" classname="spec_perl_TestIntegers_t" time="0.0432260036468506">
      <failure message="The test suite died before a plan was produced. You need to have a plan." type="Plan">No plan</failure>
    </testcase>
  </testsuite>
  <testsuite name="spec_perl_TestImportsCircularA_t" errors="0" failures="0" skipped="0" tests="5" time="0.0423929691314697">
    <system-out>1..5
ok 1 - Equals
ok 2 - Equals
ok 3 - Equals
ok 4 - Equals
ok 5 - Equals
</system-out>
    <testcase name="Equals (16)" classname="spec_perl_TestImportsCircularA_t" time="0.000235080718994141" />
    <testcase name="Equals (17)" classname="spec_perl_TestImportsCircularA_t" time="8.08238983154297e-05" />
    <testcase name="Equals (18)" classname="spec_perl_TestImportsCircularA_t" time="0.000107049942016602" />
    <testcase name="Equals (19)" classname="spec_perl_TestImportsCircularA_t" time="0.000139951705932617" />
    <testcase name="Equals (20)" classname="spec_perl_TestImportsCircularA_t" time="8.0108642578125e-05" />
  </testsuite>
  <testsuite name="spec_perl_TestDefaultEndianExprInherited_t" errors="0" failures="0" skipped="0" tests="15" time="0.0440680980682373">
    <system-out>1..15
ok 1 - Equals
ok 2 - Equals
ok 3 - Equals
ok 4 - Equals
ok 5 - Equals
ok 6 - Equals
ok 7 - Equals
ok 8 - Equals
ok 9 - Equals
ok 10 - Equals
ok 11 - Equals
ok 12 - Equals
ok 13 - Equals
ok 14 - Equals
ok 15 - Equals
</system-out>
    <testcase name="Equals (21)" classname="spec_perl_TestDefaultEndianExprInherited_t" time="0.000303030014038086" />
    <testcase name="Equals (22)" classname="spec_perl_TestDefaultEndianExprInherited_t" time="0.000110864639282227" />
    <testcase name="Equals (23)" classname="spec_perl_TestDefaultEndianExprInherited_t" time="6.00814819335938e-05" />
    <testcase name="Equals (24)" classname="spec_perl_TestDefaultEndianExprInherited_t" time="0.000135898590087891" />
    <testcase name="Equals (25)" classname="spec_perl_TestDefaultEndianExprInherited_t" time="0.000138998031616211" />
    <testcase name="Equals (26)" classname="spec_perl_TestDefaultEndianExprInherited_t" time="0.000111103057861328" />
    <testcase name="Equals (27)" classname="spec_perl_TestDefaultEndianExprInherited_t" time="0.000149965286254883" />
    <testcase name="Equals (28)" classname="spec_perl_TestDefaultEndianExprInherited_t" time="0.000133037567138672" />
    <testcase name="Equals (29)" classname="spec_perl_TestDefaultEndianExprInherited_t" time="0.000153064727783203" />
    <testcase name="Equals (30)" classname="spec_perl_TestDefaultEndianExprInherited_t" time="0.000130891799926758" />
    <testcase name="Equals (31)" classname="spec_perl_TestDefaultEndianExprInherited_t" time="0.000128030776977539" />
    <testcase name="Equals (32)" classname="spec_perl_TestDefaultEndianExprInherited_t" time="0.000124931335449219" />
    <testcase name="Equals (33)" classname="spec_perl_TestDefaultEndianExprInherited_t" time="0.0001220703125" />
    <testcase name="Equals (34)" classname="spec_perl_TestDefaultEndianExprInherited_t" time="0.00136303901672363" />
    <testcase name="Equals (35)" classname="spec_perl_TestDefaultEndianExprInherited_t" time="3.79085540771484e-05" />
  </testsuite>
  <testsuite name="spec_perl_TestCombineEnum_t" errors="0" failures="0" skipped="0" tests="3" time="0.041989803314209">
    <system-out>1..3
ok 1 - Equals
ok 2 - Equals
ok 3 - Equals
</system-out>
    <testcase name="Equals (36)" classname="spec_perl_TestCombineEnum_t" time="0.000166893005371094" />
    <testcase name="Equals (37)" classname="spec_perl_TestCombineEnum_t" time="9.10758972167969e-05" />
    <testcase name="Equals (38)" classname="spec_perl_TestCombineEnum_t" time="0.000130891799926758" />
  </testsuite>
  <testsuite name="spec_perl_TestExpr1_t" errors="0" failures="0" skipped="0" tests="4" time="0.0453531742095947">
    <system-out>1..4
ok 1 - Equals
ok 2 - Equals
ok 3 - Equals
ok 4 - Equals
</system-out>
    <testcase name="Equals (39)" classname="spec_perl_TestExpr1_t" time="0.000240087509155273" />
    <testcase name="Equals (40)" classname="spec_perl_TestExpr1_t" time="7.70092010498047e-05" />
    <testcase name="Equals (41)" classname="spec_perl_TestExpr1_t" time="0.000121831893920898" />
    <testcase name="Equals (42)" classname="spec_perl_TestExpr1_t" time="0.000128030776977539" />
  </testsuite>
  <testsuite name="spec_perl_TestDebug0_t" errors="0" failures="0" skipped="1" tests="1" time="0.0417490005493164">
    <system-out>1..1
ok 1 # skip test_debug_0
</system-out>
    <testcase name="Unnamed test case 42" classname="spec_perl_TestDebug0_t" time="0.000190019607543945">
      <skipped message="ok 1 # skip test_debug_0" />
    </testcase>
  </testsuite>
  <testsuite name="spec_perl_TestPositionAbs_t" errors="0" failures="0" skipped="0" tests="2" time="0.0494949817657471">
    <system-out>1..2
ok 1 - Equals
ok 2 - Equals
</system-out>
    <testcase name="Equals (43)" classname="spec_perl_TestPositionAbs_t" time="0.000169992446899414" />
    <testcase name="Equals (44)" classname="spec_perl_TestPositionAbs_t" time="0.000223159790039062" />
  </testsuite>
  <testsuite name="spec_perl_TestIndexToParamExpr_t" errors="0" failures="2" skipped="0" tests="7" time="0.0744659900665283">
    <system-out>1..7
ok 1 - Equals
ok 2 - Equals
ok 3 - Equals
ok 4 - Equals
ok 5 - Equals
not ok 6 - Equals
not ok 7 - Equals
</system-out>
    <testcase name="Equals (45)" classname="spec_perl_TestIndexToParamExpr_t" time="0.000643014907836914" />
    <testcase name="Equals (46)" classname="spec_perl_TestIndexToParamExpr_t" time="0.000259160995483398" />
    <testcase name="Equals (47)" classname="spec_perl_TestIndexToParamExpr_t" time="0.000219821929931641" />
    <testcase name="Equals (48)" classname="spec_perl_TestIndexToParamExpr_t" time="0.000272989273071289" />
    <testcase name="Equals (49)" classname="spec_perl_TestIndexToParamExpr_t" time="0.000289201736450195" />
    <testcase name="Equals (50)" classname="spec_perl_TestIndexToParamExpr_t" time="0.000355005264282227">
      <failure message="not ok 6 - Equals" type="TAP::Parser::Result::Test"></failure>
    </testcase>
    <testcase name="Equals (51)" classname="spec_perl_TestIndexToParamExpr_t" time="0.000866889953613281">
      <failure message="not ok 7 - Equals" type="TAP::Parser::Result::Test"></failure>
    </testcase>
  </testsuite>
  <testsuite name="spec_perl_TestStrLiterals_t" errors="0" failures="0" skipped="0" tests="5" time="0.0432569980621338">
    <system-out>1..5
ok 1 - Equals
ok 2 - Equals
ok 3 - Equals
ok 4 - Equals
ok 5 - Equals
</system-out>
    <testcase name="Equals (52)" classname="spec_perl_TestStrLiterals_t" time="0.000267982482910156" />
    <testcase name="Equals (53)" classname="spec_perl_TestStrLiterals_t" time="8.29696655273438e-05" />
    <testcase name="Equals (54)" classname="spec_perl_TestStrLiterals_t" time="0.000146150588989258" />
    <testcase name="Equals (55)" classname="spec_perl_TestStrLiterals_t" time="0.000133991241455078" />
    <testcase name="Equals (56)" classname="spec_perl_TestStrLiterals_t" time="0.000157833099365234" />
  </testsuite>
  <testsuite name="spec_perl_TestNestedSameName2_t" errors="0" failures="0" skipped="0" tests="5" time="0.0430970191955566">
    <system-out>1..5
ok 1 - Equals
ok 2 - Equals
ok 3 - Equals
ok 4 - Equals
ok 5 - Equals
</system-out>
    <testcase name="Equals (57)" classname="spec_perl_TestNestedSameName2_t" time="0.000269889831542969" />
    <testcase name="Equals (58)" classname="spec_perl_TestNestedSameName2_t" time="7.79628753662109e-05" />
    <testcase name="Equals (59)" classname="spec_perl_TestNestedSameName2_t" time="0.000116109848022461" />
    <testcase name="Equals (60)" classname="spec_perl_TestNestedSameName2_t" time="0.000133037567138672" />
    <testcase name="Equals (61)" classname="spec_perl_TestNestedSameName2_t" time="0.000108957290649414" />
  </testsuite>
  <testsuite name="spec_perl_TestTermBytes_t" errors="0" failures="0" skipped="0" tests="3" time="0.0423810482025146">
    <system-out>1..3
ok 1 - Equals
ok 2 - Equals
ok 3 - Equals
</system-out>
    <testcase name="Equals (62)" classname="spec_perl_TestTermBytes_t" time="0.000252008438110352" />
    <testcase name="Equals (63)" classname="spec_perl_TestTermBytes_t" time="8.10623168945312e-05" />
    <testcase name="Equals (64)" classname="spec_perl_TestTermBytes_t" time="8.89301300048828e-05" />
  </testsuite>
  <testsuite name="spec_perl_TestCombineBytes_t" errors="0" failures="0" skipped="0" tests="10" time="0.042888879776001">
    <system-out>1..10
ok 1 - Equals
ok 2 - Equals
ok 3 - Equals
ok 4 - Equals
ok 5 - Equals
ok 6 - Equals
ok 7 - Equals
ok 8 - Equals
ok 9 - Equals
ok 10 - Equals
</system-out>
    <testcase name="Equals (65)" classname="spec_perl_TestCombineBytes_t" time="0.000231027603149414" />
    <testcase name="Equals (66)" classname="spec_perl_TestCombineBytes_t" time="7.70092010498047e-05" />
    <testcase name="Equals (67)" classname="spec_perl_TestCombineBytes_t" time="0.000121116638183594" />
    <testcase name="Equals (68)" classname="spec_perl_TestCombineBytes_t" time="0.000130891799926758" />
    <testcase name="Equals (69)" classname="spec_perl_TestCombineBytes_t" time="0.000151157379150391" />
    <testcase name="Equals (70)" classname="spec_perl_TestCombineBytes_t" time="8.98838043212891e-05" />
    <testcase name="Equals (71)" classname="spec_perl_TestCombineBytes_t" time="0.000145912170410156" />
    <testcase name="Equals (72)" classname="spec_perl_TestCombineBytes_t" time="0.000106096267700195" />
    <testcase name="Equals (73)" classname="spec_perl_TestCombineBytes_t" time="0.000145912170410156" />
    <testcase name="Equals (74)" classname="spec_perl_TestCombineBytes_t" time="0.000115156173706055" />
  </testsuite>
  <testsuite name="spec_perl_TestImportsAbs_t" errors="0" failures="0" skipped="0" tests="2" time="0.0425031185150146">
    <system-out>1..2
ok 1 - Equals
ok 2 - Equals
</system-out>
    <testcase name="Equals (75)" classname="spec_perl_TestImportsAbs_t" time="0.000221014022827148" />
    <testcase name="Equals (76)" classname="spec_perl_TestImportsAbs_t" time="0.000103950500488281" />
  </testsuite>
  <testsuite name="spec_perl_TestProcessRepeatBytes_t" errors="0" failures="0" skipped="0" tests="2" time="0.0461461544036865">
    <system-out>1..2
ok 1 - Equals
ok 2 - Equals
</system-out>
    <testcase name="Equals (77)" classname="spec_perl_TestProcessRepeatBytes_t" time="0.000236988067626953" />
    <testcase name="Equals (78)" classname="spec_perl_TestProcessRepeatBytes_t" time="7.60555267333984e-05" />
  </testsuite>
  <testsuite name="spec_perl_TestInstanceIoUser_t" errors="0" failures="0" skipped="0" tests="4" time="0.07169508934021">
    <system-out>1..4
ok 1 - Equals
ok 2 - Equals
ok 3 - Equals
ok 4 - Equals
</system-out>
    <testcase name="Equals (79)" classname="spec_perl_TestInstanceIoUser_t" time="0.000921964645385742" />
    <testcase name="Equals (80)" classname="spec_perl_TestInstanceIoUser_t" time="9.79900360107422e-05" />
    <testcase name="Equals (81)" classname="spec_perl_TestInstanceIoUser_t" time="6.00814819335938e-05" />
    <testcase name="Equals (82)" classname="spec_perl_TestInstanceIoUser_t" time="0.00018310546875" />
  </testsuite>
  <testsuite name="spec_perl_TestSwitchManualStrElse_t" errors="0" failures="0" skipped="0" tests="9" time="0.0463759899139404">
    <system-out>1..9
ok 1 - Equals
ok 2 - Equals
ok 3 - Equals
ok 4 - Equals
ok 5 - Equals
ok 6 - Equals
ok 7 - Equals
ok 8 - Equals
ok 9 - Equals
</system-out>
    <testcase name="Equals (83)" classname="spec_perl_TestSwitchManualStrElse_t" time="0.00030207633972168" />
    <testcase name="Equals (84)" classname="spec_perl_TestSwitchManualStrElse_t" time="9.39369201660156e-05" />
    <testcase name="Equals (85)" classname="spec_perl_TestSwitchManualStrElse_t" time="8.0108642578125e-05" />
    <testcase name="Equals (86)" classname="spec_perl_TestSwitchManualStrElse_t" time="0.000145912170410156" />
    <testcase name="Equals (87)" classname="spec_perl_TestSwitchManualStrElse_t" time="0.000132083892822266" />
    <testcase name="Equals (88)" classname="spec_perl_TestSwitchManualStrElse_t" time="0.000118017196655273" />
    <testcase name="Equals (89)" classname="spec_perl_TestSwitchManualStrElse_t" time="0.000149011611938477" />
    <testcase name="Equals (90)" classname="spec_perl_TestSwitchManualStrElse_t" time="0.000113010406494141" />
    <testcase name="Equals (91)" classname="spec_perl_TestSwitchManualStrElse_t" time="0.00014495849609375" />
  </testsuite>
  <testsuite name="spec_perl_TestSwitchManualIntSize_t" errors="0" failures="0" skipped="0" tests="10" time="0.0469129085540771">
    <system-out>1..10
ok 1 - Equals
ok 2 - Equals
ok 3 - Equals
ok 4 - Equals
ok 5 - Equals
ok 6 - Equals
ok 7 - Equals
ok 8 - Equals
ok 9 - Equals
ok 10 - Equals
</system-out>
    <testcase name="Equals (92)" classname="spec_perl_TestSwitchManualIntSize_t" time="0.000600099563598633" />
    <testcase name="Equals (93)" classname="spec_perl_TestSwitchManualIntSize_t" time="9.79900360107422e-05" />
    <testcase name="Equals (94)" classname="spec_perl_TestSwitchManualIntSize_t" time="5.79357147216797e-05" />
    <testcase name="Equals (95)" classname="spec_perl_TestSwitchManualIntSize_t" time="0.000139951705932617" />
    <testcase name="Equals (96)" classname="spec_perl_TestSwitchManualIntSize_t" time="0.000116109848022461" />
    <testcase name="Equals (97)" classname="spec_perl_TestSwitchManualIntSize_t" time="0.000156879425048828" />
    <testcase name="Equals (98)" classname="spec_perl_TestSwitchManualIntSize_t" time="0.000118017196655273" />
    <testcase name="Equals (99)" classname="spec_perl_TestSwitchManualIntSize_t" time="0.000149011611938477" />
    <testcase name="Equals (100)" classname="spec_perl_TestSwitchManualIntSize_t" time="0.000137090682983398" />
    <testcase name="Equals (101)" classname="spec_perl_TestSwitchManualIntSize_t" time="0.000150918960571289" />
  </testsuite>
  <testsuite name="spec_perl_TestEnumDeepLiterals_t" errors="0" failures="0" skipped="0" tests="2" time="0.0444040298461914">
    <system-out>1..2
ok 1 - Equals
ok 2 - Equals
</system-out>
    <testcase name="Equals (102)" classname="spec_perl_TestEnumDeepLiterals_t" time="0.000199079513549805" />
    <testcase name="Equals (103)" classname="spec_perl_TestEnumDeepLiterals_t" time="7.00950622558594e-05" />
  </testsuite>
  <testsuite name="spec_perl_TestDocstrings_t" errors="0" failures="0" skipped="1" tests="1" time="0.0431420803070068">
    <system-out>1..1
ok 1 # skip Docstrings=HASH(0x259e288)
</system-out>
    <testcase name="Unnamed test case 103" classname="spec_perl_TestDocstrings_t" time="0.00118088722229004">
      <skipped message="ok 1 # skip Docstrings=HASH(0x259e288)" />
    </testcase>
  </testsuite>
  <testsuite name="spec_perl_TestTsPacketHeader_t" errors="0" failures="0" skipped="0" tests="7" time="0.0425949096679688">
    <system-out>1..7
ok 1 - Equals
ok 2 - Equals
ok 3 - Equals
ok 4 - Equals
ok 5 - Equals
ok 6 - Equals
ok 7 - Equals
</system-out>
    <testcase name="Equals (104)" classname="spec_perl_TestTsPacketHeader_t" time="0.000243902206420898" />
    <testcase name="Equals (105)" classname="spec_perl_TestTsPacketHeader_t" time="8.60691070556641e-05" />
    <testcase name="Equals (106)" classname="spec_perl_TestTsPacketHeader_t" time="0.000127077102661133" />
    <testcase name="Equals (107)" classname="spec_perl_TestTsPacketHeader_t" time="0.000124931335449219" />
    <testcase name="Equals (108)" classname="spec_perl_TestTsPacketHeader_t" time="0.000138044357299805" />
    <testcase name="Equals (109)" classname="spec_perl_TestTsPacketHeader_t" time="0.000123023986816406" />
    <testcase name="Equals (110)" classname="spec_perl_TestTsPacketHeader_t" time="0.000124931335449219" />
  </testsuite>
  <testsuite name="spec_perl_TestEofExceptionBytes_t" errors="0" failures="0" skipped="0" tests="1" time="0.0432679653167725">
    <system-out>1..1
ok 1 - Died
</system-out>
    <testcase name="Died (110)" classname="spec_perl_TestEofExceptionBytes_t" time="0.000152826309204102" />
  </testsuite>
  <testsuite name="spec_perl_TestExprMod_t" errors="0" failures="0" skipped="0" tests="6" time="0.0426878929138184">
    <system-out>1..6
ok 1 - Equals
ok 2 - Equals
ok 3 - Equals
ok 4 - Equals
ok 5 - Equals
ok 6 - Equals
</system-out>
    <testcase name="Equals (111)" classname="spec_perl_TestExprMod_t" time="0.000274896621704102" />
    <testcase name="Equals (112)" classname="spec_perl_TestExprMod_t" time="0.000102043151855469" />
    <testcase name="Equals (113)" classname="spec_perl_TestExprMod_t" time="6.103515625e-05" />
    <testcase name="Equals (114)" classname="spec_perl_TestExprMod_t" time="0.000128030776977539" />
    <testcase name="Equals (115)" classname="spec_perl_TestExprMod_t" time="0.000135898590087891" />
    <testcase name="Equals (116)" classname="spec_perl_TestExprMod_t" time="0.000134944915771484" />
  </testsuite>
  <testsuite name="spec_perl_TestRepeatUntilSized_t" errors="0" failures="0" skipped="0" tests="7" time="0.0437619686126709">
    <system-out>1..7
ok 1 - Equals
ok 2 - Equals
ok 3 - Equals
ok 4 - Equals
ok 5 - Equals
ok 6 - Equals
ok 7 - Equals
</system-out>
    <testcase name="Equals (117)" classname="spec_perl_TestRepeatUntilSized_t" time="0.000509023666381836" />
    <testcase name="Equals (118)" classname="spec_perl_TestRepeatUntilSized_t" time="9.79900360107422e-05" />
    <testcase name="Equals (119)" classname="spec_perl_TestRepeatUntilSized_t" time="6.29425048828125e-05" />
    <testcase name="Equals (120)" classname="spec_perl_TestRepeatUntilSized_t" time="0.000101089477539062" />
    <testcase name="Equals (121)" classname="spec_perl_TestRepeatUntilSized_t" time="0.000127792358398438" />
    <testcase name="Equals (122)" classname="spec_perl_TestRepeatUntilSized_t" time="0.000135183334350586" />
    <testcase name="Equals (123)" classname="spec_perl_TestRepeatUntilSized_t" time="0.000115871429443359" />
  </testsuite>
  <testsuite name="spec_perl_TestValidLong_t" errors="1" failures="0" skipped="0" tests="0" time="0.0434160232543945">
    <system-out></system-out>
    <testcase name="Test died too soon, even before plan. (123)" classname="spec_perl_TestValidLong_t" time="0.0434160232543945">
      <failure message="The test suite died before a plan was produced. You need to have a plan." type="Plan">No plan</failure>
    </testcase>
  </testsuite>
  <testsuite name="spec_perl_TestEnumImport_t" errors="0" failures="2" skipped="0" tests="2" time="0.049407958984375">
    <system-out>1..2
not ok 1 - Equals
not ok 2 - Equals
</system-out>
    <testcase name="Equals (124)" classname="spec_perl_TestEnumImport_t" time="0.000164985656738281">
      <failure message="not ok 1 - Equals" type="TAP::Parser::Result::Test"></failure>
    </testcase>
    <testcase name="Equals (125)" classname="spec_perl_TestEnumImport_t" time="0.00168108940124512">
      <failure message="not ok 2 - Equals" type="TAP::Parser::Result::Test"></failure>
    </testcase>
  </testsuite>
  <testsuite name="spec_perl_TestInstanceStdArray_t" errors="0" failures="0" skipped="0" tests="7" time="0.0457839965820312">
    <system-out>1..7
ok 1 - Equals
ok 2 - Equals
ok 3 - Equals
ok 4 - Equals
ok 5 - Equals
ok 6 - Equals
ok 7 - Equals
</system-out>
    <testcase name="Equals (126)" classname="spec_perl_TestInstanceStdArray_t" time="0.000185012817382812" />
    <testcase name="Equals (127)" classname="spec_perl_TestInstanceStdArray_t" time="7.29560852050781e-05" />
    <testcase name="Equals (128)" classname="spec_perl_TestInstanceStdArray_t" time="0.000155925750732422" />
    <testcase name="Equals (129)" classname="spec_perl_TestInstanceStdArray_t" time="0.000153064727783203" />
    <testcase name="Equals (130)" classname="spec_perl_TestInstanceStdArray_t" time="0.000138998031616211" />
    <testcase name="Equals (131)" classname="spec_perl_TestInstanceStdArray_t" time="0.000149965286254883" />
    <testcase name="Equals (132)" classname="spec_perl_TestInstanceStdArray_t" time="0.000123023986816406" />
  </testsuite>
  <testsuite name="spec_perl_TestBitsEnum_t" errors="0" failures="0" skipped="0" tests="3" time="0.0437021255493164">
    <system-out>1..3
ok 1 - Equals
ok 2 - Equals
ok 3 - Equals
</system-out>
    <testcase name="Equals (133)" classname="spec_perl_TestBitsEnum_t" time="0.000243902206420898" />
    <testcase name="Equals (134)" classname="spec_perl_TestBitsEnum_t" time="7.79628753662109e-05" />
    <testcase name="Equals (135)" classname="spec_perl_TestBitsEnum_t" time="0.000128984451293945" />
  </testsuite>
  <testsuite name="spec_perl_TestFixedStruct_t" errors="1" failures="0" skipped="0" tests="0" time="0.0544059276580811">
    <system-out></system-out>
    <testcase name="Test died too soon, even before plan. (135)" classname="spec_perl_TestFixedStruct_t" time="0.0544059276580811">
      <failure message="The test suite died before a plan was produced. You need to have a plan." type="Plan">No plan</failure>
    </testcase>
  </testsuite>
  <testsuite name="spec_perl_TestNestedTypeParam_t" errors="0" failures="2" skipped="0" tests="2" time="0.0496878623962402">
    <system-out>1..2
not ok 1 - Equals
not ok 2 - Equals
</system-out>
    <testcase name="Equals (136)" classname="spec_perl_TestNestedTypeParam_t" time="0.000178098678588867">
      <failure message="not ok 1 - Equals" type="TAP::Parser::Result::Test"></failure>
    </testcase>
    <testcase name="Equals (137)" classname="spec_perl_TestNestedTypeParam_t" time="0.00485682487487793">
      <failure message="not ok 2 - Equals" type="TAP::Parser::Result::Test"></failure>
    </testcase>
  </testsuite>
  <testsuite name="spec_perl_TestSwitchCast_t" errors="0" failures="0" skipped="0" tests="2" time="0.0463690757751465">
    <system-out>1..2
ok 1 - Equals
ok 2 - Equals
</system-out>
    <testcase name="Equals (138)" classname="spec_perl_TestSwitchCast_t" time="0.000306844711303711" />
    <testcase name="Equals (139)" classname="spec_perl_TestSwitchCast_t" time="9.20295715332031e-05" />
  </testsuite>
  <testsuite name="spec_perl_TestEnumForUnknownId_t" errors="0" failures="0" skipped="0" tests="1" time="0.0428791046142578">
    <system-out>1..1
ok 1 - Equals
</system-out>
    <testcase name="Equals (140)" classname="spec_perl_TestEnumForUnknownId_t" time="0.000185966491699219" />
  </testsuite>
  <testsuite name="spec_perl_TestRepeatNStrz_t" errors="0" failures="0" skipped="0" tests="2" time="0.0455288887023926">
    <system-out>1..2
ok 1 - Equals
ok 2 - Equals
</system-out>
    <testcase name="Equals (141)" classname="spec_perl_TestRepeatNStrz_t" time="0.000307083129882812" />
    <testcase name="Equals (142)" classname="spec_perl_TestRepeatNStrz_t" time="8.89301300048828e-05" />
  </testsuite>
  <testsuite name="spec_perl_TestProcessCustom_t" errors="1" failures="0" skipped="0" tests="0" time="0.0434558391571045">
    <system-out></system-out>
    <testcase name="Test died too soon, even before plan. (142)" classname="spec_perl_TestProcessCustom_t" time="0.0434558391571045">
      <failure message="The test suite died before a plan was produced. You need to have a plan." type="Plan">No plan</failure>
    </testcase>
  </testsuite>
  <testsuite name="spec_perl_TestEosExceptionU4_t" errors="0" failures="0" skipped="0" tests="1" time="0.0427470207214355">
    <system-out>1..1
ok 1 - Died
</system-out>
    <testcase name="Died (142)" classname="spec_perl_TestEosExceptionU4_t" time="0.00038599967956543" />
  </testsuite>
  <testsuite name="spec_perl_TestParamsPassArrayStr_t" errors="0" failures="1" skipped="6" tests="7" time="0.0540430545806885">
    <system-out>1..7
not ok 1 - test_params_pass_array_str died (Can't use an undefined value as an ARRAY reference at spec/perl/TestParamsPassArrayStr.t line 15.)
ok 2 # skip test_params_pass_array_str died
ok 3 # skip test_params_pass_array_str died
ok 4 # skip test_params_pass_array_str died
ok 5 # skip test_params_pass_array_str died
ok 6 # skip test_params_pass_array_str died
ok 7 # skip test_params_pass_array_str died
</system-out>
    <testcase name="test_params_pass_array_str died (Can't use an undefined value as an ARRAY reference at spec/perl/TestParamsPassArrayStr.t line 15.) (142)" classname="spec_perl_TestParamsPassArrayStr_t" time="0.000904083251953125">
      <failure message="not ok 1 - test_params_pass_array_str died (Can't use an undefined value as an ARRAY reference at spec/perl/TestParamsPassArrayStr.t line 15.)" type="TAP::Parser::Result::Test"></failure>
    </testcase>
    <testcase name="Unnamed test case 142" classname="spec_perl_TestParamsPassArrayStr_t" time="0.000946998596191406">
      <skipped message="ok 2 # skip test_params_pass_array_str died" />
    </testcase>
    <testcase name="Unnamed test case 143" classname="spec_perl_TestParamsPassArrayStr_t" time="0.000416994094848633">
      <skipped message="ok 3 # skip test_params_pass_array_str died" />
    </testcase>
    <testcase name="Unnamed test case 144" classname="spec_perl_TestParamsPassArrayStr_t" time="0.000438928604125977">
      <skipped message="ok 4 # skip test_params_pass_array_str died" />
    </testcase>
    <testcase name="Unnamed test case 145" classname="spec_perl_TestParamsPassArrayStr_t" time="0.000361919403076172">
      <skipped message="ok 5 # skip test_params_pass_array_str died" />
    </testcase>
    <testcase name="Unnamed test case 146" classname="spec_perl_TestParamsPassArrayStr_t" time="0.000344038009643555">
      <skipped message="ok 6 # skip test_params_pass_array_str died" />
    </testcase>
    <testcase name="Unnamed test case 147" classname="spec_perl_TestParamsPassArrayStr_t" time="0.000364065170288086">
      <skipped message="ok 7 # skip test_params_pass_array_str died" />
    </testcase>
  </testsuite>
  <testsuite name="spec_perl_TestExprSizeofValueSized_t" errors="0" failures="0" skipped="0" tests="5" time="0.0425949096679688">
    <system-out>1..5
ok 1 - Equals
ok 2 - Equals
ok 3 - Equals
ok 4 - Equals
ok 5 - Equals
</system-out>
    <testcase name="Equals (147)" classname="spec_perl_TestExprSizeofValueSized_t" time="0.000454902648925781" />
    <testcase name="Equals (148)" classname="spec_perl_TestExprSizeofValueSized_t" time="9.70363616943359e-05" />
    <testcase name="Equals (149)" classname="spec_perl_TestExprSizeofValueSized_t" time="5.60283660888672e-05" />
    <testcase name="Equals (150)" classname="spec_perl_TestExprSizeofValueSized_t" time="0.000123023986816406" />
    <testcase name="Equals (151)" classname="spec_perl_TestExprSizeofValueSized_t" time="0.000154972076416016" />
  </testsuite>
  <testsuite name="spec_perl_TestParamsPassUsertype_t" errors="0" failures="1" skipped="1" tests="2" time="0.0495350360870361">
    <system-out>1..2
not ok 1 - test_params_pass_usertype died (Can't call method &quot;foo&quot; on an undefined value at compiled/perl/ParamsPassUsertype.pm line 119.)
ok 2 # skip test_params_pass_usertype died
</system-out>
    <testcase name="test_params_pass_usertype died (Can't call method &quot;foo&quot; on an undefined value at compiled/perl/ParamsPassUsertype.pm line 119.) (151)" classname="spec_perl_TestParamsPassUsertype_t" time="0.000317096710205078">
      <failure message="not ok 1 - test_params_pass_usertype died (Can't call method &quot;foo&quot; on an undefined value at compiled/perl/ParamsPassUsertype.pm line 119.)" type="TAP::Parser::Result::Test"></failure>
    </testcase>
    <testcase name="Unnamed test case 151" classname="spec_perl_TestParamsPassUsertype_t" time="0.00037693977355957">
      <skipped message="ok 2 # skip test_params_pass_usertype died" />
    </testcase>
  </testsuite>
  <testsuite name="spec_perl_TestDebugSwitchUser_t" errors="1" failures="0" skipped="0" tests="0" time="0.041287899017334">
    <system-out></system-out>
    <testcase name="Test died too soon, even before plan. (151)" classname="spec_perl_TestDebugSwitchUser_t" time="0.041287899017334">
      <failure message="The test suite died before a plan was produced. You need to have a plan." type="Plan">No plan</failure>
    </testcase>
  </testsuite>
  <testsuite name="spec_perl_TestProcessRepeatUsertype_t" errors="0" failures="0" skipped="0" tests="4" time="0.0430300235748291">
    <system-out>1..4
ok 1 - Equals
ok 2 - Equals
ok 3 - Equals
ok 4 - Equals
</system-out>
    <testcase name="Equals (152)" classname="spec_perl_TestProcessRepeatUsertype_t" time="0.000486135482788086" />
    <testcase name="Equals (153)" classname="spec_perl_TestProcessRepeatUsertype_t" time="0.000130891799926758" />
    <testcase name="Equals (154)" classname="spec_perl_TestProcessRepeatUsertype_t" time="6.31809234619141e-05" />
    <testcase name="Equals (155)" classname="spec_perl_TestProcessRepeatUsertype_t" time="0.000126838684082031" />
  </testsuite>
  <testsuite name="spec_perl_TestEnumIf_t" errors="0" failures="0" skipped="0" tests="7" time="0.0483770370483398">
    <system-out>1..7
ok 1 - Equals
ok 2 - Equals
ok 3 - Equals
ok 4 - Equals
ok 5 - Equals
ok 6 - Equals
ok 7 - Equals
</system-out>
    <testcase name="Equals (156)" classname="spec_perl_TestEnumIf_t" time="0.000380039215087891" />
    <testcase name="Equals (157)" classname="spec_perl_TestEnumIf_t" time="8.67843627929688e-05" />
    <testcase name="Equals (158)" classname="spec_perl_TestEnumIf_t" time="5.7220458984375e-05" />
    <testcase name="Equals (159)" classname="spec_perl_TestEnumIf_t" time="0.000158786773681641" />
    <testcase name="Equals (160)" classname="spec_perl_TestEnumIf_t" time="0.000138044357299805" />
    <testcase name="Equals (161)" classname="spec_perl_TestEnumIf_t" time="0.000134944915771484" />
    <testcase name="Equals (162)" classname="spec_perl_TestEnumIf_t" time="0.00012516975402832" />
  </testsuite>
  <testsuite name="spec_perl_TestSwitchElseOnly_t" errors="1" failures="0" skipped="0" tests="0" time="0.0456750392913818">
    <system-out></system-out>
    <testcase name="Test died too soon, even before plan. (162)" classname="spec_perl_TestSwitchElseOnly_t" time="0.0456750392913818">
      <failure message="The test suite died before a plan was produced. You need to have a plan." type="Plan">No plan</failure>
    </testcase>
  </testsuite>
  <testsuite name="spec_perl_TestDebugEnumName_t" errors="1" failures="0" skipped="0" tests="0" time="0.0437800884246826">
    <system-out></system-out>
    <testcase name="Test died too soon, even before plan. (163)" classname="spec_perl_TestDebugEnumName_t" time="0.0437800884246826">
      <failure message="The test suite died before a plan was produced. You need to have a plan." type="Plan">No plan</failure>
    </testcase>
  </testsuite>
  <testsuite name="spec_perl_TestIndexToParamEos_t" errors="0" failures="2" skipped="0" tests="7" time="0.0488090515136719">
    <system-out>1..7
ok 1 - Equals
ok 2 - Equals
ok 3 - Equals
ok 4 - Equals
ok 5 - Equals
not ok 6 - Equals
not ok 7 - Equals
</system-out>
    <testcase name="Equals (163)" classname="spec_perl_TestIndexToParamEos_t" time="0.00422501564025879" />
    <testcase name="Equals (164)" classname="spec_perl_TestIndexToParamEos_t" time="0.000102043151855469" />
    <testcase name="Equals (165)" classname="spec_perl_TestIndexToParamEos_t" time="5.19752502441406e-05" />
    <testcase name="Equals (166)" classname="spec_perl_TestIndexToParamEos_t" time="4.10079956054688e-05" />
    <testcase name="Equals (167)" classname="spec_perl_TestIndexToParamEos_t" time="3.79085540771484e-05" />
    <testcase name="Equals (168)" classname="spec_perl_TestIndexToParamEos_t" time="5.00679016113281e-05">
      <failure message="not ok 6 - Equals" type="TAP::Parser::Result::Test"></failure>
    </testcase>
    <testcase name="Equals (169)" classname="spec_perl_TestIndexToParamEos_t" time="3.91006469726562e-05">
      <failure message="not ok 7 - Equals" type="TAP::Parser::Result::Test"></failure>
    </testcase>
  </testsuite>
  <testsuite name="spec_perl_TestCastToImported_t" errors="0" failures="0" skipped="0" tests="2" time="0.0426669120788574">
    <system-out>1..2
ok 1 - Equals
ok 2 - Equals
</system-out>
    <testcase name="Equals (170)" classname="spec_perl_TestCastToImported_t" time="0.000165939331054688" />
    <testcase name="Equals (171)" classname="spec_perl_TestCastToImported_t" time="0.000136137008666992" />
  </testsuite>
  <testsuite name="spec_perl_TestExprIoPos_t" errors="0" failures="0" skipped="0" tests="6" time="0.0457460880279541">
    <system-out>1..6
ok 1 - Equals
ok 2 - Equals
ok 3 - Equals
ok 4 - Equals
ok 5 - Equals
ok 6 - Equals
</system-out>
    <testcase name="Equals (172)" classname="spec_perl_TestExprIoPos_t" time="0.000522851943969727" />
    <testcase name="Equals (173)" classname="spec_perl_TestExprIoPos_t" time="8.91685485839844e-05" />
    <testcase name="Equals (174)" classname="spec_perl_TestExprIoPos_t" time="5.88893890380859e-05" />
    <testcase name="Equals (175)" classname="spec_perl_TestExprIoPos_t" time="0.000139951705932617" />
    <testcase name="Equals (176)" classname="spec_perl_TestExprIoPos_t" time="0.000123977661132812" />
    <testcase name="Equals (177)" classname="spec_perl_TestExprIoPos_t" time="0.00012516975402832" />
  </testsuite>
  <testsuite name="spec_perl_TestSwitchManualIntElse_t" errors="0" failures="0" skipped="0" tests="9" time="0.0467488765716553">
    <system-out>1..9
ok 1 - Equals
ok 2 - Equals
ok 3 - Equals
ok 4 - Equals
ok 5 - Equals
ok 6 - Equals
ok 7 - Equals
ok 8 - Equals
ok 9 - Equals
</system-out>
    <testcase name="Equals (178)" classname="spec_perl_TestSwitchManualIntElse_t" time="0.000273942947387695" />
    <testcase name="Equals (179)" classname="spec_perl_TestSwitchManualIntElse_t" time="8.48770141601562e-05" />
    <testcase name="Equals (180)" classname="spec_perl_TestSwitchManualIntElse_t" time="0.0001220703125" />
    <testcase name="Equals (181)" classname="spec_perl_TestSwitchManualIntElse_t" time="0.000133991241455078" />
    <testcase name="Equals (182)" classname="spec_perl_TestSwitchManualIntElse_t" time="0.000118017196655273" />
    <testcase name="Equals (183)" classname="spec_perl_TestSwitchManualIntElse_t" time="0.00014495849609375" />
    <testcase name="Equals (184)" classname="spec_perl_TestSwitchManualIntElse_t" time="0.000112056732177734" />
    <testcase name="Equals (185)" classname="spec_perl_TestSwitchManualIntElse_t" time="0.000144004821777344" />
    <testcase name="Equals (186)" classname="spec_perl_TestSwitchManualIntElse_t" time="0.000145912170410156" />
  </testsuite>
  <testsuite name="spec_perl_TestPositionInSeq_t" errors="0" failures="0" skipped="0" tests="1" time="0.0421819686889648">
    <system-out>1..1
ok 1 - Equals
</system-out>
    <testcase name="Equals (187)" classname="spec_perl_TestPositionInSeq_t" time="0.000176191329956055" />
  </testsuite>
  <testsuite name="spec_perl_TestRepeatUntilS4_t" errors="0" failures="0" skipped="0" tests="2" time="0.0452070236206055">
    <system-out>1..2
ok 1 - Equals
ok 2 - Equals
</system-out>
    <testcase name="Equals (188)" classname="spec_perl_TestRepeatUntilS4_t" time="0.000252962112426758" />
    <testcase name="Equals (189)" classname="spec_perl_TestRepeatUntilS4_t" time="8.10623168945312e-05" />
  </testsuite>
  <testsuite name="spec_perl_TestEnumLongRangeS_t" errors="0" failures="0" skipped="0" tests="7" time="0.0453739166259766">
    <system-out>1..7
ok 1 - Equals
ok 2 - Equals
ok 3 - Equals
ok 4 - Equals
ok 5 - Equals
ok 6 - Equals
ok 7 - Equals
</system-out>
    <testcase name="Equals (190)" classname="spec_perl_TestEnumLongRangeS_t" time="0.000236034393310547" />
    <testcase name="Equals (191)" classname="spec_perl_TestEnumLongRangeS_t" time="7.48634338378906e-05" />
    <testcase name="Equals (192)" classname="spec_perl_TestEnumLongRangeS_t" time="0.000133991241455078" />
    <testcase name="Equals (193)" classname="spec_perl_TestEnumLongRangeS_t" time="0.000131130218505859" />
    <testcase name="Equals (194)" classname="spec_perl_TestEnumLongRangeS_t" time="0.000146865844726562" />
    <testcase name="Equals (195)" classname="spec_perl_TestEnumLongRangeS_t" time="0.000118017196655273" />
    <testcase name="Equals (196)" classname="spec_perl_TestEnumLongRangeS_t" time="0.000153064727783203" />
  </testsuite>
  <testsuite name="spec_perl_TestEnum1_t" errors="0" failures="0" skipped="0" tests="2" time="0.0443961620330811">
    <system-out>1..2
ok 1 - Equals
ok 2 - Equals
</system-out>
    <testcase name="Equals (197)" classname="spec_perl_TestEnum1_t" time="0.000166177749633789" />
    <testcase name="Equals (198)" classname="spec_perl_TestEnum1_t" time="6.79492950439453e-05" />
  </testsuite>
  <testsuite name="spec_perl_TestSwitchRepeatExpr_t" errors="0" failures="0" skipped="0" tests="3" time="0.043179988861084">
    <system-out>1..3
ok 1 - Equals
ok 2 - Equals
ok 3 - Equals
</system-out>
    <testcase name="Equals (199)" classname="spec_perl_TestSwitchRepeatExpr_t" time="0.000494956970214844" />
    <testcase name="Equals (200)" classname="spec_perl_TestSwitchRepeatExpr_t" time="9.48905944824219e-05" />
    <testcase name="Equals (201)" classname="spec_perl_TestSwitchRepeatExpr_t" time="5.81741333007812e-05" />
  </testsuite>
  <testsuite name="spec_perl_TestStrEncodingsDefault_t" errors="0" failures="0" skipped="0" tests="4" time="0.0489110946655273">
    <system-out>1..4
ok 1 - Equals
ok 2 - Equals
ok 3 - Equals
ok 4 - Equals
</system-out>
    <testcase name="Equals (202)" classname="spec_perl_TestStrEncodingsDefault_t" time="0.00334692001342773" />
    <testcase name="Equals (203)" classname="spec_perl_TestStrEncodingsDefault_t" time="0.000101089477539062" />
    <testcase name="Equals (204)" classname="spec_perl_TestStrEncodingsDefault_t" time="6.69956207275391e-05" />
    <testcase name="Equals (205)" classname="spec_perl_TestStrEncodingsDefault_t" time="0.000146865844726562" />
  </testsuite>
  <testsuite name="spec_perl_TestIndexToParamUntil_t" errors="0" failures="2" skipped="0" tests="7" time="0.0669970512390137">
    <system-out>1..7
ok 1 - Equals
ok 2 - Equals
ok 3 - Equals
ok 4 - Equals
ok 5 - Equals
not ok 6 - Equals
not ok 7 - Equals
</system-out>
    <testcase name="Equals (206)" classname="spec_perl_TestIndexToParamUntil_t" time="0.000406980514526367" />
    <testcase name="Equals (207)" classname="spec_perl_TestIndexToParamUntil_t" time="0.000360012054443359" />
    <testcase name="Equals (208)" classname="spec_perl_TestIndexToParamUntil_t" time="0.000283002853393555" />
    <testcase name="Equals (209)" classname="spec_perl_TestIndexToParamUntil_t" time="0.000279903411865234" />
    <testcase name="Equals (210)" classname="spec_perl_TestIndexToParamUntil_t" time="0.000272035598754883" />
    <testcase name="Equals (211)" classname="spec_perl_TestIndexToParamUntil_t" time="0.000342130661010742">
      <failure message="not ok 6 - Equals" type="TAP::Parser::Result::Test"></failure>
    </testcase>
    <testcase name="Equals (212)" classname="spec_perl_TestIndexToParamUntil_t" time="0.000819921493530273">
      <failure message="not ok 7 - Equals" type="TAP::Parser::Result::Test"></failure>
    </testcase>
  </testsuite>
  <testsuite name="spec_perl_TestSwitchIntegers_t" errors="0" failures="0" skipped="0" tests="9" time="0.0524740219116211">
    <system-out>1..9
ok 1 - Equals
ok 2 - Equals
ok 3 - Equals
ok 4 - Equals
ok 5 - Equals
ok 6 - Equals
ok 7 - Equals
ok 8 - Equals
ok 9 - Equals
</system-out>
    <testcase name="Equals (213)" classname="spec_perl_TestSwitchIntegers_t" time="0.000230073928833008" />
    <testcase name="Equals (214)" classname="spec_perl_TestSwitchIntegers_t" time="7.89165496826172e-05" />
    <testcase name="Equals (215)" classname="spec_perl_TestSwitchIntegers_t" time="0.000133991241455078" />
    <testcase name="Equals (216)" classname="spec_perl_TestSwitchIntegers_t" time="0.000132083892822266" />
    <testcase name="Equals (217)" classname="spec_perl_TestSwitchIntegers_t" time="0.000108957290649414" />
    <testcase name="Equals (218)" classname="spec_perl_TestSwitchIntegers_t" time="0.000147104263305664" />
    <testcase name="Equals (219)" classname="spec_perl_TestSwitchIntegers_t" time="0.000105857849121094" />
    <testcase name="Equals (220)" classname="spec_perl_TestSwitchIntegers_t" time="0.000153064727783203" />
    <testcase name="Equals (221)" classname="spec_perl_TestSwitchIntegers_t" time="0.000129938125610352" />
  </testsuite>
  <testsuite name="spec_perl_TestUserType_t" errors="0" failures="0" skipped="0" tests="2" time="0.0419890880584717">
    <system-out>1..2
ok 1 - Equals
ok 2 - Equals
</system-out>
    <testcase name="Equals (222)" classname="spec_perl_TestUserType_t" time="0.000166177749633789" />
    <testcase name="Equals (223)" classname="spec_perl_TestUserType_t" time="6.69956207275391e-05" />
  </testsuite>
  <testsuite name="spec_perl_TestEnumInvalid_t" errors="0" failures="0" skipped="0" tests="2" time="0.0437560081481934">
    <system-out>1..2
ok 1 - Equals
ok 2 - Equals
</system-out>
    <testcase name="Equals (224)" classname="spec_perl_TestEnumInvalid_t" time="0.000246047973632812" />
    <testcase name="Equals (225)" classname="spec_perl_TestEnumInvalid_t" time="7.98702239990234e-05" />
  </testsuite>
  <testsuite name="spec_perl_TestSwitchIntegers2_t" errors="0" failures="0" skipped="0" tests="5" time="0.0429201126098633">
    <system-out>1..5
ok 1 - Equals
ok 2 - Equals
ok 3 - Equals
ok 4 - Equals
ok 5 - Equals
</system-out>
    <testcase name="Equals (226)" classname="spec_perl_TestSwitchIntegers2_t" time="0.000172138214111328" />
    <testcase name="Equals (227)" classname="spec_perl_TestSwitchIntegers2_t" time="7.08103179931641e-05" />
    <testcase name="Equals (228)" classname="spec_perl_TestSwitchIntegers2_t" time="0.000149011611938477" />
    <testcase name="Equals (229)" classname="spec_perl_TestSwitchIntegers2_t" time="0.000113964080810547" />
    <testcase name="Equals (230)" classname="spec_perl_TestSwitchIntegers2_t" time="0.000140190124511719" />
  </testsuite>
  <testsuite name="spec_perl_TestStrPadTerm_t" errors="0" failures="0" skipped="0" tests="4" time="0.046288013458252">
    <system-out>1..4
ok 1 - Equals
ok 2 - Equals
ok 3 - Equals
ok 4 - Equals
</system-out>
    <testcase name="Equals (231)" classname="spec_perl_TestStrPadTerm_t" time="0.000365972518920898" />
    <testcase name="Equals (232)" classname="spec_perl_TestStrPadTerm_t" time="0.000102996826171875" />
    <testcase name="Equals (233)" classname="spec_perl_TestStrPadTerm_t" time="5.79357147216797e-05" />
    <testcase name="Equals (234)" classname="spec_perl_TestStrPadTerm_t" time="0.000128984451293945" />
  </testsuite>
  <testsuite name="spec_perl_TestBytesPadTerm_t" errors="0" failures="0" skipped="0" tests="4" time="0.044734001159668">
    <system-out>1..4
ok 1 - Equals
ok 2 - Equals
ok 3 - Equals
ok 4 - Equals
</system-out>
    <testcase name="Equals (235)" classname="spec_perl_TestBytesPadTerm_t" time="0.000251054763793945" />
    <testcase name="Equals (236)" classname="spec_perl_TestBytesPadTerm_t" time="7.70092010498047e-05" />
    <testcase name="Equals (237)" classname="spec_perl_TestBytesPadTerm_t" time="0.000150918960571289" />
    <testcase name="Equals (238)" classname="spec_perl_TestBytesPadTerm_t" time="0.000116109848022461" />
  </testsuite>
  <testsuite name="spec_perl_TestFloatToI_t" errors="0" failures="0" skipped="0" tests="8" time="0.0429198741912842">
    <system-out>1..8
ok 1 - Equals
ok 2 - Equals
ok 3 - Equals
ok 4 - Equals
ok 5 - Equals
ok 6 - Equals
ok 7 - Equals
ok 8 - Equals
</system-out>
    <testcase name="Equals (239)" classname="spec_perl_TestFloatToI_t" time="0.000222921371459961" />
    <testcase name="Equals (240)" classname="spec_perl_TestFloatToI_t" time="7.91549682617188e-05" />
    <testcase name="Equals (241)" classname="spec_perl_TestFloatToI_t" time="0.000135898590087891" />
    <testcase name="Equals (242)" classname="spec_perl_TestFloatToI_t" time="0.000124931335449219" />
    <testcase name="Equals (243)" classname="spec_perl_TestFloatToI_t" time="0.000149011611938477" />
    <testcase name="Equals (244)" classname="spec_perl_TestFloatToI_t" time="0.000102996826171875" />
    <testcase name="Equals (245)" classname="spec_perl_TestFloatToI_t" time="0.000152111053466797" />
    <testcase name="Equals (246)" classname="spec_perl_TestFloatToI_t" time="0.000113010406494141" />
  </testsuite>
  <testsuite name="spec_perl_TestImports0_t" errors="0" failures="0" skipped="0" tests="3" time="0.04215407371521">
    <system-out>1..3
ok 1 - Equals
ok 2 - Equals
ok 3 - Equals
</system-out>
    <testcase name="Equals (247)" classname="spec_perl_TestImports0_t" time="0.000179052352905273" />
    <testcase name="Equals (248)" classname="spec_perl_TestImports0_t" time="8.60691070556641e-05" />
    <testcase name="Equals (249)" classname="spec_perl_TestImports0_t" time="0.000163078308105469" />
  </testsuite>
  <testsuite name="spec_perl_TestProcessCoerceBytes_t" errors="0" failures="0" skipped="0" tests="4" time="0.0425488948822021">
    <system-out>1..4
ok 1 - Equals
ok 2 - Equals
ok 3 - Equals
ok 4 - Equals
</system-out>
    <testcase name="Equals (250)" classname="spec_perl_TestProcessCoerceBytes_t" time="0.000248908996582031" />
    <testcase name="Equals (251)" classname="spec_perl_TestProcessCoerceBytes_t" time="7.89165496826172e-05" />
    <testcase name="Equals (252)" classname="spec_perl_TestProcessCoerceBytes_t" time="0.000108003616333008" />
    <testcase name="Equals (253)" classname="spec_perl_TestProcessCoerceBytes_t" time="0.000159025192260742" />
  </testsuite>
  <testsuite name="spec_perl_TestStrEos_t" errors="0" failures="0" skipped="0" tests="1" time="0.0458240509033203">
    <system-out>1..1
ok 1 - Equals
</system-out>
    <testcase name="Equals (254)" classname="spec_perl_TestStrEos_t" time="0.000276088714599609" />
  </testsuite>
  <testsuite name="spec_perl_TestBitsByteAligned_t" errors="0" failures="0" skipped="0" tests="9" time="0.0451529026031494">
    <system-out>1..9
ok 1 - Equals
ok 2 - Equals
ok 3 - Equals
ok 4 - Equals
ok 5 - Equals
ok 6 - Equals
ok 7 - Equals
ok 8 - Equals
ok 9 - Equals
</system-out>
    <testcase name="Equals (255)" classname="spec_perl_TestBitsByteAligned_t" time="0.000272035598754883" />
    <testcase name="Equals (256)" classname="spec_perl_TestBitsByteAligned_t" time="8.89301300048828e-05" />
    <testcase name="Equals (257)" classname="spec_perl_TestBitsByteAligned_t" time="6.103515625e-05" />
    <testcase name="Equals (258)" classname="spec_perl_TestBitsByteAligned_t" time="0.000156164169311523" />
    <testcase name="Equals (259)" classname="spec_perl_TestBitsByteAligned_t" time="0.000125885009765625" />
    <testcase name="Equals (260)" classname="spec_perl_TestBitsByteAligned_t" time="0.000149965286254883" />
    <testcase name="Equals (261)" classname="spec_perl_TestBitsByteAligned_t" time="0.00012516975402832" />
    <testcase name="Equals (262)" classname="spec_perl_TestBitsByteAligned_t" time="0.000144004821777344" />
    <testcase name="Equals (263)" classname="spec_perl_TestBitsByteAligned_t" time="0.000130891799926758" />
  </testsuite>
  <testsuite name="spec_perl_TestDocstringsDocrefMulti_t" errors="0" failures="0" skipped="1" tests="1" time="0.0421969890594482">
    <system-out>1..1
ok 1 # skip DocstringsDocrefMulti=HASH(0x2012868)
</system-out>
    <testcase name="Unnamed test case 263" classname="spec_perl_TestDocstringsDocrefMulti_t" time="0.00113916397094727">
      <skipped message="ok 1 # skip DocstringsDocrefMulti=HASH(0x2012868)" />
    </testcase>
  </testsuite>
  <testsuite name="spec_perl_TestFloatingPoints_t" errors="0" failures="0" skipped="0" tests="8" time="0.0509359836578369">
    <system-out>1..8
ok 1 - Approx equals
ok 2 - Approx equals
ok 3 - Approx equals
ok 4 - Approx equals
ok 5 - Approx equals
ok 6 - Approx equals
ok 7 - Approx equals
ok 8 - Approx equals
</system-out>
    <testcase name="Approx equals (263)" classname="spec_perl_TestFloatingPoints_t" time="0.000164031982421875" />
    <testcase name="Approx equals (264)" classname="spec_perl_TestFloatingPoints_t" time="5.79357147216797e-05" />
    <testcase name="Approx equals (265)" classname="spec_perl_TestFloatingPoints_t" time="6.00814819335938e-05" />
    <testcase name="Approx equals (266)" classname="spec_perl_TestFloatingPoints_t" time="5.19752502441406e-05" />
    <testcase name="Approx equals (267)" classname="spec_perl_TestFloatingPoints_t" time="4.1961669921875e-05" />
    <testcase name="Approx equals (268)" classname="spec_perl_TestFloatingPoints_t" time="4.50611114501953e-05" />
    <testcase name="Approx equals (269)" classname="spec_perl_TestFloatingPoints_t" time="5.60283660888672e-05" />
    <testcase name="Approx equals (270)" classname="spec_perl_TestFloatingPoints_t" time="3.69548797607422e-05" />
  </testsuite>
  <testsuite name="spec_perl_TestNavParentFalse2_t" errors="0" failures="0" skipped="0" tests="1" time="0.0444509983062744">
    <system-out>1..1
ok 1 - Equals
</system-out>
    <testcase name="Equals (270)" classname="spec_perl_TestNavParentFalse2_t" time="0.000264167785644531" />
  </testsuite>
  <testsuite name="spec_perl_TestProcessXor4Const_t" errors="0" failures="0" skipped="0" tests="2" time="0.0422351360321045">
    <system-out>1..2
ok 1 - Equals
ok 2 - Equals
</system-out>
    <testcase name="Equals (271)" classname="spec_perl_TestProcessXor4Const_t" time="0.000222921371459961" />
    <testcase name="Equals (272)" classname="spec_perl_TestProcessXor4Const_t" time="7.70092010498047e-05" />
  </testsuite>
  <testsuite name="spec_perl_TestProcessCoerceUsertype2_t" errors="0" failures="0" skipped="0" tests="4" time="0.0429120063781738">
    <system-out>1..4
ok 1 - Equals
ok 2 - Equals
ok 3 - Equals
ok 4 - Equals
</system-out>
    <testcase name="Equals (273)" classname="spec_perl_TestProcessCoerceUsertype2_t" time="0.000504016876220703" />
    <testcase name="Equals (274)" classname="spec_perl_TestProcessCoerceUsertype2_t" time="9.60826873779297e-05" />
    <testcase name="Equals (275)" classname="spec_perl_TestProcessCoerceUsertype2_t" time="5.98430633544922e-05" />
    <testcase name="Equals (276)" classname="spec_perl_TestProcessCoerceUsertype2_t" time="0.000143051147460938" />
  </testsuite>
  <testsuite name="spec_perl_TestEnumToI_t" errors="0" failures="0" skipped="0" tests="5" time="0.0418899059295654">
    <system-out>1..5
ok 1 - Equals
ok 2 - Equals
ok 3 - Equals
ok 4 - Equals
ok 5 - Equals
</system-out>
    <testcase name="Equals (277)" classname="spec_perl_TestEnumToI_t" time="0.00018310546875" />
    <testcase name="Equals (278)" classname="spec_perl_TestEnumToI_t" time="8.98838043212891e-05" />
    <testcase name="Equals (279)" classname="spec_perl_TestEnumToI_t" time="0.000144004821777344" />
    <testcase name="Equals (280)" classname="spec_perl_TestEnumToI_t" time="0.000131130218505859" />
    <testcase name="Equals (281)" classname="spec_perl_TestEnumToI_t" time="0.000140905380249023" />
  </testsuite>
  <testsuite name="spec_perl_TestSwitchManualInt_t" errors="0" failures="0" skipped="0" tests="9" time="0.0468530654907227">
    <system-out>1..9
ok 1 - Equals
ok 2 - Equals
ok 3 - Equals
ok 4 - Equals
ok 5 - Equals
ok 6 - Equals
ok 7 - Equals
ok 8 - Equals
ok 9 - Equals
</system-out>
    <testcase name="Equals (282)" classname="spec_perl_TestSwitchManualInt_t" time="0.000269174575805664" />
    <testcase name="Equals (283)" classname="spec_perl_TestSwitchManualInt_t" time="7.98702239990234e-05" />
    <testcase name="Equals (284)" classname="spec_perl_TestSwitchManualInt_t" time="0.000108957290649414" />
    <testcase name="Equals (285)" classname="spec_perl_TestSwitchManualInt_t" time="0.000151157379150391" />
    <testcase name="Equals (286)" classname="spec_perl_TestSwitchManualInt_t" time="0.000110864639282227" />
    <testcase name="Equals (287)" classname="spec_perl_TestSwitchManualInt_t" time="0.000153064727783203" />
    <testcase name="Equals (288)" classname="spec_perl_TestSwitchManualInt_t" time="0.000117063522338867" />
    <testcase name="Equals (289)" classname="spec_perl_TestSwitchManualInt_t" time="0.000115871429443359" />
    <testcase name="Equals (290)" classname="spec_perl_TestSwitchManualInt_t" time="0.00014805793762207" />
  </testsuite>
  <testsuite name="spec_perl_TestIfValues_t" errors="0" failures="0" skipped="0" tests="6" time="0.042431116104126">
    <system-out>1..6
ok 1 - Equals
ok 2 - Equals
ok 3 - Equals
ok 4 - nil
ok 5 - Equals
ok 6 - nil
</system-out>
    <testcase name="Equals (291)" classname="spec_perl_TestIfValues_t" time="0.000222921371459961" />
    <testcase name="Equals (292)" classname="spec_perl_TestIfValues_t" time="7.79628753662109e-05" />
    <testcase name="Equals (293)" classname="spec_perl_TestIfValues_t" time="0.000133037567138672" />
    <testcase name="nil (293)" classname="spec_perl_TestIfValues_t" time="6.19888305664062e-05" />
    <testcase name="Equals (294)" classname="spec_perl_TestIfValues_t" time="0.000114917755126953" />
    <testcase name="nil (294)" classname="spec_perl_TestIfValues_t" time="6.50882720947266e-05" />
  </testsuite>
  <testsuite name="spec_perl_TestExprBytesCmp_t" errors="0" failures="0" skipped="0" tests="10" time="0.0442688465118408">
    <system-out>1..10
ok 1 - Equals
ok 2 - Equals
ok 3 - Equals
ok 4 - Equals
ok 5 - Equals
ok 6 - Equals
ok 7 - Equals
ok 8 - Equals
ok 9 - Equals
ok 10 - Equals
</system-out>
    <testcase name="Equals (295)" classname="spec_perl_TestExprBytesCmp_t" time="0.000182867050170898" />
    <testcase name="Equals (296)" classname="spec_perl_TestExprBytesCmp_t" time="7.10487365722656e-05" />
    <testcase name="Equals (297)" classname="spec_perl_TestExprBytesCmp_t" time="0.000144004821777344" />
    <testcase name="Equals (298)" classname="spec_perl_TestExprBytesCmp_t" time="0.000130891799926758" />
    <testcase name="Equals (299)" classname="spec_perl_TestExprBytesCmp_t" time="0.000121116638183594" />
    <testcase name="Equals (300)" classname="spec_perl_TestExprBytesCmp_t" time="0.000143051147460938" />
    <testcase name="Equals (301)" classname="spec_perl_TestExprBytesCmp_t" time="0.000114917755126953" />
    <testcase name="Equals (302)" classname="spec_perl_TestExprBytesCmp_t" time="0.000154018402099609" />
    <testcase name="Equals (303)" classname="spec_perl_TestExprBytesCmp_t" time="0.000100851058959961" />
    <testcase name="Equals (304)" classname="spec_perl_TestExprBytesCmp_t" time="0.000167131423950195" />
  </testsuite>
  <testsuite name="spec_perl_TestEnumToIClassBorder1_t" errors="0" failures="1" skipped="0" tests="3" time="0.0451991558074951">
    <system-out>1..3
ok 1 - Equals
ok 2 - Equals
not ok 3 - test_enum_to_i_class_border_1 died (Can't call method &quot;some_dog&quot; on an undefined value at compiled/perl/EnumToIClassBorder2.pm line 42.)
</system-out>
    <testcase name="Equals (305)" classname="spec_perl_TestEnumToIClassBorder1_t" time="0.000212907791137695" />
    <testcase name="Equals (306)" classname="spec_perl_TestEnumToIClassBorder1_t" time="7.60555267333984e-05" />
    <testcase name="test_enum_to_i_class_border_1 died (Can't call method &quot;some_dog&quot; on an undefined value at compiled/perl/EnumToIClassBorder2.pm line 42.) (306)" classname="spec_perl_TestEnumToIClassBorder1_t" time="0.000252962112426758">
      <failure message="not ok 3 - test_enum_to_i_class_border_1 died (Can't call method &quot;some_dog&quot; on an undefined value at compiled/perl/EnumToIClassBorder2.pm line 42.)" type="TAP::Parser::Result::Test"></failure>
    </testcase>
  </testsuite>
  <testsuite name="spec_perl_TestParamsPassArrayStruct_t" errors="0" failures="1" skipped="2" tests="3" time="0.0484189987182617">
    <system-out>1..3
not ok 1 - test_params_pass_array_struct died (Can't use an undefined value as an ARRAY reference at spec/perl/TestParamsPassArrayStruct.t line 15.)
ok 2 # skip test_params_pass_array_struct died
ok 3 # skip test_params_pass_array_struct died
</system-out>
    <testcase name="test_params_pass_array_struct died (Can't use an undefined value as an ARRAY reference at spec/perl/TestParamsPassArrayStruct.t line 15.) (306)" classname="spec_perl_TestParamsPassArrayStruct_t" time="0.000292062759399414">
      <failure message="not ok 1 - test_params_pass_array_struct died (Can't use an undefined value as an ARRAY reference at spec/perl/TestParamsPassArrayStruct.t line 15.)" type="TAP::Parser::Result::Test"></failure>
    </testcase>
    <testcase name="Unnamed test case 306" classname="spec_perl_TestParamsPassArrayStruct_t" time="0.000400781631469727">
      <skipped message="ok 2 # skip test_params_pass_array_struct died" />
    </testcase>
    <testcase name="Unnamed test case 307" classname="spec_perl_TestParamsPassArrayStruct_t" time="0.000479221343994141">
      <skipped message="ok 3 # skip test_params_pass_array_struct died" />
    </testcase>
  </testsuite>
  <testsuite name="spec_perl_TestNestedTypes_t" errors="0" failures="0" skipped="0" tests="3" time="0.0458638668060303">
    <system-out>1..3
ok 1 - Equals
ok 2 - Equals
ok 3 - Equals
</system-out>
    <testcase name="Equals (307)" classname="spec_perl_TestNestedTypes_t" time="0.000226020812988281" />
    <testcase name="Equals (308)" classname="spec_perl_TestNestedTypes_t" time="0.00010991096496582" />
    <testcase name="Equals (309)" classname="spec_perl_TestNestedTypes_t" time="0.000121116638183594" />
  </testsuite>
  <testsuite name="spec_perl_TestNavParent3_t" errors="0" failures="0" skipped="0" tests="10" time="0.0476210117340088">
    <system-out>1..10
ok 1 - Equals
ok 2 - Equals
ok 3 - Equals
ok 4 - Equals
ok 5 - Equals
ok 6 - Equals
ok 7 - Equals
ok 8 - Equals
ok 9 - Equals
ok 10 - Equals
</system-out>
    <testcase name="Equals (310)" classname="spec_perl_TestNavParent3_t" time="0.00021815299987793" />
    <testcase name="Equals (311)" classname="spec_perl_TestNavParent3_t" time="7.39097595214844e-05" />
    <testcase name="Equals (312)" classname="spec_perl_TestNavParent3_t" time="0.000191926956176758" />
    <testcase name="Equals (313)" classname="spec_perl_TestNavParent3_t" time="0.000123023986816406" />
    <testcase name="Equals (314)" classname="spec_perl_TestNavParent3_t" time="0.000136137008666992" />
    <testcase name="Equals (315)" classname="spec_perl_TestNavParent3_t" time="0.000192880630493164" />
    <testcase name="Equals (316)" classname="spec_perl_TestNavParent3_t" time="0.000124931335449219" />
    <testcase name="Equals (317)" classname="spec_perl_TestNavParent3_t" time="0.000146150588989258" />
    <testcase name="Equals (318)" classname="spec_perl_TestNavParent3_t" time="0.000123023986816406" />
    <testcase name="Equals (319)" classname="spec_perl_TestNavParent3_t" time="0.000180959701538086" />
  </testsuite>
  <testsuite name="spec_perl_TestPositionToEnd_t" errors="0" failures="0" skipped="0" tests="2" time="0.0427331924438477">
    <system-out>1..2
ok 1 - Equals
ok 2 - Equals
</system-out>
    <testcase name="Equals (320)" classname="spec_perl_TestPositionToEnd_t" time="0.000196933746337891" />
    <testcase name="Equals (321)" classname="spec_perl_TestPositionToEnd_t" time="7.60555267333984e-05" />
  </testsuite>
  <testsuite name="spec_perl_TestNestedSameName_t" errors="0" failures="0" skipped="0" tests="2" time="0.0427100658416748">
    <system-out>1..2
ok 1 - Equals
ok 2 - Equals
</system-out>
    <testcase name="Equals (322)" classname="spec_perl_TestNestedSameName_t" time="0.000252008438110352" />
    <testcase name="Equals (323)" classname="spec_perl_TestNestedSameName_t" time="8.08238983154297e-05" />
  </testsuite>
  <testsuite name="spec_perl_TestNavParent2_t" errors="0" failures="0" skipped="0" tests="10" time="0.0473260879516602">
    <system-out>1..10
ok 1 - Equals
ok 2 - Equals
ok 3 - Equals
ok 4 - Equals
ok 5 - Equals
ok 6 - Equals
ok 7 - Equals
ok 8 - Equals
ok 9 - Equals
ok 10 - Equals
</system-out>
    <testcase name="Equals (324)" classname="spec_perl_TestNavParent2_t" time="0.000260829925537109" />
    <testcase name="Equals (325)" classname="spec_perl_TestNavParent2_t" time="7.91549682617188e-05" />
    <testcase name="Equals (326)" classname="spec_perl_TestNavParent2_t" time="8.08238983154297e-05" />
    <testcase name="Equals (327)" classname="spec_perl_TestNavParent2_t" time="0.000166177749633789" />
    <testcase name="Equals (328)" classname="spec_perl_TestNavParent2_t" time="9.58442687988281e-05" />
    <testcase name="Equals (329)" classname="spec_perl_TestNavParent2_t" time="0.000189065933227539" />
    <testcase name="Equals (330)" classname="spec_perl_TestNavParent2_t" time="0.000108003616333008" />
    <testcase name="Equals (331)" classname="spec_perl_TestNavParent2_t" time="0.00014805793762207" />
    <testcase name="Equals (332)" classname="spec_perl_TestNavParent2_t" time="0.000102996826171875" />
    <testcase name="Equals (333)" classname="spec_perl_TestNavParent2_t" time="0.000180959701538086" />
  </testsuite>
  <testsuite name="spec_perl_TestOpaqueExternalType02Parent_t" errors="0" failures="0" skipped="0" tests="3" time="0.047313928604126">
    <system-out>1..3
ok 1 - Equals
ok 2 - Equals
ok 3 - Equals
</system-out>
    <testcase name="Equals (334)" classname="spec_perl_TestOpaqueExternalType02Parent_t" time="0.000306129455566406" />
    <testcase name="Equals (335)" classname="spec_perl_TestOpaqueExternalType02Parent_t" time="8.29696655273438e-05" />
    <testcase name="Equals (336)" classname="spec_perl_TestOpaqueExternalType02Parent_t" time="8.10623168945312e-05" />
  </testsuite>
  <testsuite name="spec_perl_TestDefaultEndianExprIsBe_t" errors="0" failures="0" skipped="0" tests="18" time="0.0460939407348633">
    <system-out>1..18
ok 1 - Equals
ok 2 - Equals
ok 3 - Equals
ok 4 - Equals
ok 5 - Equals
ok 6 - Equals
ok 7 - Equals
ok 8 - Equals
ok 9 - Equals
ok 10 - Equals
ok 11 - Equals
ok 12 - Equals
ok 13 - Equals
ok 14 - Equals
ok 15 - Equals
ok 16 - Equals
ok 17 - Equals
ok 18 - Equals
</system-out>
    <testcase name="Equals (337)" classname="spec_perl_TestDefaultEndianExprIsBe_t" time="0.000252008438110352" />
    <testcase name="Equals (338)" classname="spec_perl_TestDefaultEndianExprIsBe_t" time="7.89165496826172e-05" />
    <testcase name="Equals (339)" classname="spec_perl_TestDefaultEndianExprIsBe_t" time="0.000114917755126953" />
    <testcase name="Equals (340)" classname="spec_perl_TestDefaultEndianExprIsBe_t" time="0.000130176544189453" />
    <testcase name="Equals (341)" classname="spec_perl_TestDefaultEndianExprIsBe_t" time="0.000183820724487305" />
    <testcase name="Equals (342)" classname="spec_perl_TestDefaultEndianExprIsBe_t" time="0.000162124633789062" />
    <testcase name="Equals (343)" classname="spec_perl_TestDefaultEndianExprIsBe_t" time="0.000119924545288086" />
    <testcase name="Equals (344)" classname="spec_perl_TestDefaultEndianExprIsBe_t" time="0.00011897087097168" />
    <testcase name="Equals (345)" classname="spec_perl_TestDefaultEndianExprIsBe_t" time="0.000142097473144531" />
    <testcase name="Equals (346)" classname="spec_perl_TestDefaultEndianExprIsBe_t" time="0.000114917755126953" />
    <testcase name="Equals (347)" classname="spec_perl_TestDefaultEndianExprIsBe_t" time="0.000155925750732422" />
    <testcase name="Equals (348)" classname="spec_perl_TestDefaultEndianExprIsBe_t" time="0.000155210494995117" />
    <testcase name="Equals (349)" classname="spec_perl_TestDefaultEndianExprIsBe_t" time="0.000123023986816406" />
    <testcase name="Equals (350)" classname="spec_perl_TestDefaultEndianExprIsBe_t" time="0.00011897087097168" />
    <testcase name="Equals (351)" classname="spec_perl_TestDefaultEndianExprIsBe_t" time="0.000146865844726562" />
    <testcase name="Equals (352)" classname="spec_perl_TestDefaultEndianExprIsBe_t" time="0.000111103057861328" />
    <testcase name="Equals (353)" classname="spec_perl_TestDefaultEndianExprIsBe_t" time="0.000160932540893555" />
    <testcase name="Equals (354)" classname="spec_perl_TestDefaultEndianExprIsBe_t" time="0.000149965286254883" />
  </testsuite>
  <testsuite name="spec_perl_TestEosExceptionBytes_t" errors="0" failures="0" skipped="0" tests="1" time="0.0430688858032227">
    <system-out>1..1
ok 1 - Died
</system-out>
    <testcase name="Died (354)" classname="spec_perl_TestEosExceptionBytes_t" time="0.00038599967956543" />
  </testsuite>
  <testsuite name="spec_perl_TestExprBytesOps_t" errors="1" failures="0" skipped="0" tests="0" time="0.0499880313873291">
    <system-out></system-out>
    <testcase name="Test died too soon, even before plan. (354)" classname="spec_perl_TestExprBytesOps_t" time="0.0499880313873291">
      <failure message="The test suite died before a plan was produced. You need to have a plan." type="Plan">No plan</failure>
    </testcase>
  </testsuite>
  <testsuite name="spec_perl_TestRepeatEosBit_t" errors="0" failures="1" skipped="0" tests="1" time="0.0440762042999268">
    <system-out>1..1
not ok 1 - Equals
</system-out>
    <testcase name="Equals (355)" classname="spec_perl_TestRepeatEosBit_t" time="0.000325918197631836">
      <failure message="not ok 1 - Equals" type="TAP::Parser::Result::Test"></failure>
    </testcase>
  </testsuite>
  <testsuite name="spec_perl_TestEnumLongRangeU_t" errors="0" failures="0" skipped="0" tests="4" time="0.0436699390411377">
    <system-out>1..4
ok 1 - Equals
ok 2 - Equals
ok 3 - Equals
ok 4 - Equals
</system-out>
    <testcase name="Equals (356)" classname="spec_perl_TestEnumLongRangeU_t" time="0.000181913375854492" />
    <testcase name="Equals (357)" classname="spec_perl_TestEnumLongRangeU_t" time="7.29560852050781e-05" />
    <testcase name="Equals (358)" classname="spec_perl_TestEnumLongRangeU_t" time="0.000154018402099609" />
    <testcase name="Equals (359)" classname="spec_perl_TestEnumLongRangeU_t" time="0.00014805793762207" />
  </testsuite>
  <testsuite name="spec_perl_TestTypeIntUnaryOp_t" errors="0" failures="0" skipped="0" tests="4" time="0.0420169830322266">
    <system-out>1..4
ok 1 - Equals
ok 2 - Equals
ok 3 - Equals
ok 4 - Equals
</system-out>
    <testcase name="Equals (360)" classname="spec_perl_TestTypeIntUnaryOp_t" time="0.000163078308105469" />
    <testcase name="Equals (361)" classname="spec_perl_TestTypeIntUnaryOp_t" time="8.89301300048828e-05" />
    <testcase name="Equals (362)" classname="spec_perl_TestTypeIntUnaryOp_t" time="0.000127077102661133" />
    <testcase name="Equals (363)" classname="spec_perl_TestTypeIntUnaryOp_t" time="0.000127077102661133" />
  </testsuite>
  <testsuite name="spec_perl_TestEnumNegative_t" errors="0" failures="0" skipped="0" tests="2" time="0.0433039665222168">
    <system-out>1..2
ok 1 - Equals
ok 2 - Equals
</system-out>
    <testcase name="Equals (364)" classname="spec_perl_TestEnumNegative_t" time="0.000159978866577148" />
    <testcase name="Equals (365)" classname="spec_perl_TestEnumNegative_t" time="6.89029693603516e-05" />
  </testsuite>
  <testsuite name="spec_perl_TestRepeatEosU4_t" errors="0" failures="0" skipped="0" tests="1" time="0.0424699783325195">
    <system-out>1..1
ok 1 - Equals
</system-out>
    <testcase name="Equals (366)" classname="spec_perl_TestRepeatEosU4_t" time="0.000180959701538086" />
  </testsuite>
  <testsuite name="spec_perl_TestBufferedStruct_t" errors="0" failures="0" skipped="0" tests="7" time="0.0448977947235107">
    <system-out>1..7
ok 1 - Equals
ok 2 - Equals
ok 3 - Equals
ok 4 - Equals
ok 5 - Equals
ok 6 - Equals
ok 7 - Equals
</system-out>
    <testcase name="Equals (367)" classname="spec_perl_TestBufferedStruct_t" time="0.000504016876220703" />
    <testcase name="Equals (368)" classname="spec_perl_TestBufferedStruct_t" time="8.91685485839844e-05" />
    <testcase name="Equals (369)" classname="spec_perl_TestBufferedStruct_t" time="0.000185966491699219" />
    <testcase name="Equals (370)" classname="spec_perl_TestBufferedStruct_t" time="8.48770141601562e-05" />
    <testcase name="Equals (371)" classname="spec_perl_TestBufferedStruct_t" time="5.81741333007812e-05" />
    <testcase name="Equals (372)" classname="spec_perl_TestBufferedStruct_t" time="0.000108957290649414" />
    <testcase name="Equals (373)" classname="spec_perl_TestBufferedStruct_t" time="0.000133991241455078" />
  </testsuite>
  <testsuite name="spec_perl_TestProcessCoerceSwitch_t" errors="0" failures="0" skipped="0" tests="3" time="0.0429158210754395">
    <system-out>1..3
ok 1 - Equals
ok 2 - Equals
ok 3 - Equals
</system-out>
    <testcase name="Equals (374)" classname="spec_perl_TestProcessCoerceSwitch_t" time="0.000531911849975586" />
    <testcase name="Equals (375)" classname="spec_perl_TestProcessCoerceSwitch_t" time="9.79900360107422e-05" />
    <testcase name="Equals (376)" classname="spec_perl_TestProcessCoerceSwitch_t" time="4.41074371337891e-05" />
  </testsuite>
  <testsuite name="spec_perl_TestRepeatNStrzDouble_t" errors="0" failures="0" skipped="0" tests="3" time="0.0458641052246094">
    <system-out>1..3
ok 1 - Equals
ok 2 - Equals
ok 3 - Equals
</system-out>
    <testcase name="Equals (377)" classname="spec_perl_TestRepeatNStrzDouble_t" time="0.000323057174682617" />
    <testcase name="Equals (378)" classname="spec_perl_TestRepeatNStrzDouble_t" time="8.392333984375e-05" />
    <testcase name="Equals (379)" classname="spec_perl_TestRepeatNStrzDouble_t" time="5.7220458984375e-05" />
  </testsuite>
  <testsuite name="spec_perl_TestNonStandard_t" errors="0" failures="0" skipped="0" tests="1" time="0.043752908706665">
    <system-out>1..1
ok 1 - Equals
</system-out>
    <testcase name="Equals (380)" classname="spec_perl_TestNonStandard_t" time="0.00017094612121582" />
  </testsuite>
  <testsuite name="spec_perl_TestValidSwitch_t" errors="1" failures="0" skipped="0" tests="0" time="0.0436351299285889">
    <system-out></system-out>
    <testcase name="Test died too soon, even before plan. (380)" classname="spec_perl_TestValidSwitch_t" time="0.0436351299285889">
      <failure message="The test suite died before a plan was produced. You need to have a plan." type="Plan">No plan</failure>
    </testcase>
  </testsuite>
  <testsuite name="spec_perl_TestEnumDeep_t" errors="0" failures="0" skipped="0" tests="2" time="0.0442290306091309">
    <system-out>1..2
ok 1 - Equals
ok 2 - Equals
</system-out>
    <testcase name="Equals (381)" classname="spec_perl_TestEnumDeep_t" time="0.000210046768188477" />
    <testcase name="Equals (382)" classname="spec_perl_TestEnumDeep_t" time="7.29560852050781e-05" />
  </testsuite>
  <testsuite name="spec_perl_TestStrPadTermEmpty_t" errors="0" failures="0" skipped="0" tests="4" time="0.0461618900299072">
    <system-out>1..4
ok 1 - Equals
ok 2 - Equals
ok 3 - Equals
ok 4 - Equals
</system-out>
    <testcase name="Equals (383)" classname="spec_perl_TestStrPadTermEmpty_t" time="0.0003509521484375" />
    <testcase name="Equals (384)" classname="spec_perl_TestStrPadTermEmpty_t" time="9.29832458496094e-05" />
    <testcase name="Equals (385)" classname="spec_perl_TestStrPadTermEmpty_t" time="7.00950622558594e-05" />
    <testcase name="Equals (386)" classname="spec_perl_TestStrPadTermEmpty_t" time="0.000128984451293945" />
  </testsuite>
  <testsuite name="spec_perl_TestSwitchManualIntSizeElse_t" errors="0" failures="0" skipped="0" tests="10" time="0.047217845916748">
    <system-out>1..10
ok 1 - Equals
ok 2 - Equals
ok 3 - Equals
ok 4 - Equals
ok 5 - Equals
ok 6 - Equals
ok 7 - Equals
ok 8 - Equals
ok 9 - Equals
ok 10 - Equals
</system-out>
    <testcase name="Equals (387)" classname="spec_perl_TestSwitchManualIntSizeElse_t" time="0.000674009323120117" />
    <testcase name="Equals (388)" classname="spec_perl_TestSwitchManualIntSizeElse_t" time="0.000102996826171875" />
    <testcase name="Equals (389)" classname="spec_perl_TestSwitchManualIntSizeElse_t" time="6.19888305664062e-05" />
    <testcase name="Equals (390)" classname="spec_perl_TestSwitchManualIntSizeElse_t" time="0.000103950500488281" />
    <testcase name="Equals (391)" classname="spec_perl_TestSwitchManualIntSizeElse_t" time="0.000142097473144531" />
    <testcase name="Equals (392)" classname="spec_perl_TestSwitchManualIntSizeElse_t" time="0.000151872634887695" />
    <testcase name="Equals (393)" classname="spec_perl_TestSwitchManualIntSizeElse_t" time="0.000116109848022461" />
    <testcase name="Equals (394)" classname="spec_perl_TestSwitchManualIntSizeElse_t" time="0.000149011611938477" />
    <testcase name="Equals (395)" classname="spec_perl_TestSwitchManualIntSizeElse_t" time="0.000115871429443359" />
    <testcase name="Equals (396)" classname="spec_perl_TestSwitchManualIntSizeElse_t" time="0.000144004821777344" />
  </testsuite>
  <testsuite name="spec_perl_TestDefaultEndianExprException_t" errors="0" failures="0" skipped="0" tests="1" time="0.0435609817504883">
    <system-out>1..1
ok 1 - Died
</system-out>
    <testcase name="Died (396)" classname="spec_perl_TestDefaultEndianExprException_t" time="0.000175952911376953" />
  </testsuite>
  <testsuite name="spec_perl_TestEnumFancy_t" errors="0" failures="0" skipped="0" tests="2" time="0.0443768501281738">
    <system-out>1..2
ok 1 - Equals
ok 2 - Equals
</system-out>
    <testcase name="Equals (397)" classname="spec_perl_TestEnumFancy_t" time="0.000192880630493164" />
    <testcase name="Equals (398)" classname="spec_perl_TestEnumFancy_t" time="7.10487365722656e-05" />
  </testsuite>
  <testsuite name="spec_perl_TestIndexSizes_t" errors="0" failures="0" skipped="0" tests="7" time="0.0455121994018555">
    <system-out>1..7
ok 1 - Equals
ok 2 - Equals
ok 3 - Equals
ok 4 - Equals
ok 5 - Equals
ok 6 - Equals
ok 7 - Equals
</system-out>
    <testcase name="Equals (399)" classname="spec_perl_TestIndexSizes_t" time="0.000265836715698242" />
    <testcase name="Equals (400)" classname="spec_perl_TestIndexSizes_t" time="8.41617584228516e-05" />
    <testcase name="Equals (401)" classname="spec_perl_TestIndexSizes_t" time="5.79357147216797e-05" />
    <testcase name="Equals (402)" classname="spec_perl_TestIndexSizes_t" time="0.000142097473144531" />
    <testcase name="Equals (403)" classname="spec_perl_TestIndexSizes_t" time="0.000118017196655273" />
    <testcase name="Equals (404)" classname="spec_perl_TestIndexSizes_t" time="0.000144004821777344" />
    <testcase name="Equals (405)" classname="spec_perl_TestIndexSizes_t" time="0.000113964080810547" />
  </testsuite>
  <testsuite name="spec_perl_TestSwitchBytearray_t" errors="0" failures="0" skipped="0" tests="9" time="0.0467989444732666">
    <system-out>1..9
ok 1 - Equals
ok 2 - Equals
ok 3 - Equals
ok 4 - Equals
ok 5 - Equals
ok 6 - Equals
ok 7 - Equals
ok 8 - Equals
ok 9 - Equals
</system-out>
    <testcase name="Equals (406)" classname="spec_perl_TestSwitchBytearray_t" time="0.000313043594360352" />
    <testcase name="Equals (407)" classname="spec_perl_TestSwitchBytearray_t" time="8.60691070556641e-05" />
    <testcase name="Equals (408)" classname="spec_perl_TestSwitchBytearray_t" time="8.17775726318359e-05" />
    <testcase name="Equals (409)" classname="spec_perl_TestSwitchBytearray_t" time="0.000161170959472656" />
    <testcase name="Equals (410)" classname="spec_perl_TestSwitchBytearray_t" time="0.000125885009765625" />
    <testcase name="Equals (411)" classname="spec_perl_TestSwitchBytearray_t" time="0.000118017196655273" />
    <testcase name="Equals (412)" classname="spec_perl_TestSwitchBytearray_t" time="0.000143051147460938" />
    <testcase name="Equals (413)" classname="spec_perl_TestSwitchBytearray_t" time="0.000119924545288086" />
    <testcase name="Equals (414)" classname="spec_perl_TestSwitchBytearray_t" time="0.000149011611938477" />
  </testsuite>
  <testsuite name="spec_perl_TestExpr2_t" errors="0" failures="0" skipped="0" tests="17" time="0.0480380058288574">
    <system-out>1..17
ok 1 - Equals
ok 2 - Equals
ok 3 - Equals
ok 4 - Equals
ok 5 - Equals
ok 6 - Equals
ok 7 - Equals
ok 8 - Equals
ok 9 - Equals
ok 10 - Equals
ok 11 - Equals
ok 12 - Equals
ok 13 - Equals
ok 14 - Equals
ok 15 - Equals
ok 16 - Equals
ok 17 - Equals
</system-out>
    <testcase name="Equals (415)" classname="spec_perl_TestExpr2_t" time="0.000587940216064453" />
    <testcase name="Equals (416)" classname="spec_perl_TestExpr2_t" time="9.51290130615234e-05" />
    <testcase name="Equals (417)" classname="spec_perl_TestExpr2_t" time="6.103515625e-05" />
    <testcase name="Equals (418)" classname="spec_perl_TestExpr2_t" time="0.000128984451293945" />
    <testcase name="Equals (419)" classname="spec_perl_TestExpr2_t" time="0.000121831893920898" />
[...]
    <testcase name="Equals (685)" classname="spec_perl_TestSwitchManualIntSizeEos_t" time="0.000111103057861328" />
    <testcase name="Equals (686)" classname="spec_perl_TestSwitchManualIntSizeEos_t" time="0.000136852264404297" />
    <testcase name="Equals (687)" classname="spec_perl_TestSwitchManualIntSizeEos_t" time="0.000151157379150391" />
    <testcase name="Equals (688)" classname="spec_perl_TestSwitchManualIntSizeEos_t" time="0.000116825103759766" />
    <testcase name="Equals (689)" classname="spec_perl_TestSwitchManualIntSizeEos_t" time="0.00024104118347168" />
    <testcase name="Equals (690)" classname="spec_perl_TestSwitchManualIntSizeEos_t" time="0.000226020812988281" />
    <testcase name="Equals (691)" classname="spec_perl_TestSwitchManualIntSizeEos_t" time="0.000133991241455078" />
  </testsuite>
  <testsuite name="spec_perl_TestNavParent_t" errors="0" failures="0" skipped="0" tests="5" time="0.0467691421508789">
    <system-out>1..5
ok 1 - Equals
ok 2 - Equals
ok 3 - Equals
ok 4 - Equals
ok 5 - Equals
</system-out>
    <testcase name="Equals (692)" classname="spec_perl_TestNavParent_t" time="0.000344991683959961" />
    <testcase name="Equals (693)" classname="spec_perl_TestNavParent_t" time="8.58306884765625e-05" />
    <testcase name="Equals (694)" classname="spec_perl_TestNavParent_t" time="8.51154327392578e-05" />
    <testcase name="Equals (695)" classname="spec_perl_TestNavParent_t" time="0.000160932540893555" />
    <testcase name="Equals (696)" classname="spec_perl_TestNavParent_t" time="0.00011897087097168" />
  </testsuite>
  <testsuite name="spec_perl_TestDefaultEndianExprIsLe_t" errors="0" failures="0" skipped="0" tests="12" time="0.0443038940429688">
    <system-out>1..12
ok 1 - Equals
ok 2 - Equals
ok 3 - Equals
ok 4 - Equals
ok 5 - Equals
ok 6 - Equals
ok 7 - Equals
ok 8 - Equals
ok 9 - Equals
ok 10 - Equals
ok 11 - Equals
ok 12 - Equals
</system-out>
    <testcase name="Equals (697)" classname="spec_perl_TestDefaultEndianExprIsLe_t" time="0.000276088714599609" />
    <testcase name="Equals (698)" classname="spec_perl_TestDefaultEndianExprIsLe_t" time="7.98702239990234e-05" />
    <testcase name="Equals (699)" classname="spec_perl_TestDefaultEndianExprIsLe_t" time="0.000142097473144531" />
    <testcase name="Equals (700)" classname="spec_perl_TestDefaultEndianExprIsLe_t" time="8.48770141601562e-05" />
    <testcase name="Equals (701)" classname="spec_perl_TestDefaultEndianExprIsLe_t" time="0.000180959701538086" />
    <testcase name="Equals (702)" classname="spec_perl_TestDefaultEndianExprIsLe_t" time="9.918212890625e-05" />
    <testcase name="Equals (703)" classname="spec_perl_TestDefaultEndianExprIsLe_t" time="0.000152826309204102" />
    <testcase name="Equals (704)" classname="spec_perl_TestDefaultEndianExprIsLe_t" time="0.000109195709228516" />
    <testcase name="Equals (705)" classname="spec_perl_TestDefaultEndianExprIsLe_t" time="0.000136852264404297" />
    <testcase name="Equals (706)" classname="spec_perl_TestDefaultEndianExprIsLe_t" time="0.000112056732177734" />
    <testcase name="Equals (707)" classname="spec_perl_TestDefaultEndianExprIsLe_t" time="0.000149011611938477" />
    <testcase name="Equals (708)" classname="spec_perl_TestDefaultEndianExprIsLe_t" time="0.000108957290649414" />
  </testsuite>
  <testsuite name="spec_perl_TestZlibWithHeader78_t" errors="0" failures="0" skipped="0" tests="1" time="0.0611732006072998">
    <system-out>1..1
ok 1 - Equals
</system-out>
    <testcase name="Equals (709)" classname="spec_perl_TestZlibWithHeader78_t" time="0.00030207633972168" />
  </testsuite>
  <testsuite name="spec_perl_TestExprSizeofType1_t" errors="0" failures="0" skipped="0" tests="2" time="0.0420899391174316">
    <system-out>1..2
ok 1 - Equals
ok 2 - Equals
</system-out>
    <testcase name="Equals (710)" classname="spec_perl_TestExprSizeofType1_t" time="0.000220060348510742" />
    <testcase name="Equals (711)" classname="spec_perl_TestExprSizeofType1_t" time="8.48770141601562e-05" />
  </testsuite>
  <testsuite name="spec_perl_TestExprSizeofValue0_t" errors="0" failures="0" skipped="0" tests="5" time="0.0425601005554199">
    <system-out>1..5
ok 1 - Equals
ok 2 - Equals
ok 3 - Equals
ok 4 - Equals
ok 5 - Equals
</system-out>
    <testcase name="Equals (712)" classname="spec_perl_TestExprSizeofValue0_t" time="0.000208854675292969" />
    <testcase name="Equals (713)" classname="spec_perl_TestExprSizeofValue0_t" time="7.51018524169922e-05" />
    <testcase name="Equals (714)" classname="spec_perl_TestExprSizeofValue0_t" time="0.00014805793762207" />
    <testcase name="Equals (715)" classname="spec_perl_TestExprSizeofValue0_t" time="0.000119924545288086" />
    <testcase name="Equals (716)" classname="spec_perl_TestExprSizeofValue0_t" time="0.000143051147460938" />
  </testsuite>
  <testsuite name="spec_perl_TestTypeTernaryOpaque_t" errors="0" failures="0" skipped="0" tests="3" time="0.0456230640411377">
    <system-out>1..3
ok 1 - Equals
ok 2 - Equals
ok 3 - Equals
</system-out>
    <testcase name="Equals (717)" classname="spec_perl_TestTypeTernaryOpaque_t" time="0.000526189804077148" />
    <testcase name="Equals (718)" classname="spec_perl_TestTypeTernaryOpaque_t" time="9.39369201660156e-05" />
    <testcase name="Equals (719)" classname="spec_perl_TestTypeTernaryOpaque_t" time="5.60283660888672e-05" />
  </testsuite>
  <testsuite name="spec_perl_TestExprStrOps_t" errors="1" failures="0" skipped="0" tests="0" time="0.0402641296386719">
    <system-out></system-out>
    <testcase name="Test died too soon, even before plan. (719)" classname="spec_perl_TestExprStrOps_t" time="0.0402641296386719">
      <failure message="The test suite died before a plan was produced. You need to have a plan." type="Plan">No plan</failure>
    </testcase>
  </testsuite>
  <testsuite name="spec_perl_TestNavParentSwitchCast_t" errors="0" failures="0" skipped="0" tests="3" time="0.0438628196716309">
    <system-out>1..3
ok 1 - Equals
ok 2 - Equals
ok 3 - Equals
</system-out>
    <testcase name="Equals (720)" classname="spec_perl_TestNavParentSwitchCast_t" time="0.0005340576171875" />
    <testcase name="Equals (721)" classname="spec_perl_TestNavParentSwitchCast_t" time="0.000100851058959961" />
    <testcase name="Equals (722)" classname="spec_perl_TestNavParentSwitchCast_t" time="5.91278076171875e-05" />
  </testsuite>
  <testsuite name="spec_perl_TestBcdUserTypeLe_t" errors="0" failures="0" skipped="0" tests="6" time="0.045900821685791">
    <system-out>1..6
ok 1 - Equals
ok 2 - Equals
ok 3 - Equals
ok 4 - Equals
ok 5 - Equals
ok 6 - Equals
</system-out>
    <testcase name="Equals (723)" classname="spec_perl_TestBcdUserTypeLe_t" time="0.000524997711181641" />
    <testcase name="Equals (724)" classname="spec_perl_TestBcdUserTypeLe_t" time="9.51290130615234e-05" />
    <testcase name="Equals (725)" classname="spec_perl_TestBcdUserTypeLe_t" time="0.000125885009765625" />
    <testcase name="Equals (726)" classname="spec_perl_TestBcdUserTypeLe_t" time="0.000158071517944336" />
    <testcase name="Equals (727)" classname="spec_perl_TestBcdUserTypeLe_t" time="0.000146865844726562" />
    <testcase name="Equals (728)" classname="spec_perl_TestBcdUserTypeLe_t" time="0.00015711784362793" />
  </testsuite>
  <testsuite name="spec_perl_TestNavParentFalse_t" errors="0" failures="0" skipped="0" tests="5" time="0.044623851776123">
    <system-out>1..5
ok 1 - Equals
ok 2 - Equals
ok 3 - Equals
ok 4 - Equals
ok 5 - Equals
</system-out>
    <testcase name="Equals (729)" classname="spec_perl_TestNavParentFalse_t" time="0.000258922576904297" />
    <testcase name="Equals (730)" classname="spec_perl_TestNavParentFalse_t" time="8.0108642578125e-05" />
    <testcase name="Equals (731)" classname="spec_perl_TestNavParentFalse_t" time="0.000123023986816406" />
    <testcase name="Equals (732)" classname="spec_perl_TestNavParentFalse_t" time="0.000144004821777344" />
    <testcase name="Equals (733)" classname="spec_perl_TestNavParentFalse_t" time="0.000133991241455078" />
  </testsuite>
  <testsuite name="spec_perl_TestRecursiveOne_t" errors="0" failures="0" skipped="0" tests="4" time="0.0429508686065674">
    <system-out>1..4
ok 1 - Equals
ok 2 - Equals
ok 3 - Equals
ok 4 - Equals
</system-out>
    <testcase name="Equals (734)" classname="spec_perl_TestRecursiveOne_t" time="0.000227928161621094" />
    <testcase name="Equals (735)" classname="spec_perl_TestRecursiveOne_t" time="8.20159912109375e-05" />
    <testcase name="Equals (736)" classname="spec_perl_TestRecursiveOne_t" time="0.000103950500488281" />
    <testcase name="Equals (737)" classname="spec_perl_TestRecursiveOne_t" time="0.000136137008666992" />
  </testsuite>
  <testsuite name="spec_perl_TestOptionalId_t" errors="0" failures="0" skipped="0" tests="3" time="0.0423669815063477">
    <system-out>1..3
ok 1 - Equals
ok 2 - Equals
ok 3 - Equals
</system-out>
    <testcase name="Equals (738)" classname="spec_perl_TestOptionalId_t" time="0.000242948532104492" />
    <testcase name="Equals (739)" classname="spec_perl_TestOptionalId_t" time="7.82012939453125e-05" />
    <testcase name="Equals (740)" classname="spec_perl_TestOptionalId_t" time="0.000145912170410156" />
  </testsuite>
  <testsuite name="spec_perl_TestParamsCallExtraParens_t" errors="0" failures="1" skipped="0" tests="1" time="0.0486631393432617">
    <system-out>1..1
not ok 1 - Equals
</system-out>
    <testcase name="Equals (741)" classname="spec_perl_TestParamsCallExtraParens_t" time="0.000386953353881836">
      <failure message="not ok 1 - Equals" type="TAP::Parser::Result::Test"></failure>
    </testcase>
  </testsuite>
  <testsuite name="spec_perl_TestValidNotParsedIf_t" errors="1" failures="0" skipped="0" tests="0" time="0.0425610542297363">
    <system-out></system-out>
    <testcase name="Test died too soon, even before plan. (741)" classname="spec_perl_TestValidNotParsedIf_t" time="0.0425610542297363">
      <failure message="The test suite died before a plan was produced. You need to have a plan." type="Plan">No plan</failure>
    </testcase>
  </testsuite>
  <testsuite name="spec_perl_TestCastToTop_t" errors="0" failures="0" skipped="0" tests="3" time="0.0429990291595459">
    <system-out>1..3
ok 1 - Equals
ok 2 - Equals
ok 3 - Equals
</system-out>
    <testcase name="Equals (742)" classname="spec_perl_TestCastToTop_t" time="0.000221967697143555" />
    <testcase name="Equals (743)" classname="spec_perl_TestCastToTop_t" time="8.48770141601562e-05" />
    <testcase name="Equals (744)" classname="spec_perl_TestCastToTop_t" time="0.000174999237060547" />
  </testsuite>
  <testsuite name="spec_perl_TestProcessRotate_t" errors="0" failures="0" skipped="0" tests="3" time="0.0421028137207031">
    <system-out>1..3
ok 1 - Equals
ok 2 - Equals
ok 3 - Equals
</system-out>
    <testcase name="Equals (745)" classname="spec_perl_TestProcessRotate_t" time="0.000181913375854492" />
    <testcase name="Equals (746)" classname="spec_perl_TestProcessRotate_t" time="7.70092010498047e-05" />
    <testcase name="Equals (747)" classname="spec_perl_TestProcessRotate_t" time="0.000145912170410156" />
  </testsuite>
  <testsuite name="spec_perl_TestCombineStr_t" errors="0" failures="0" skipped="0" tests="15" time="0.04665207862854">
    <system-out>1..15
ok 1 - Equals
ok 2 - Equals
ok 3 - Equals
ok 4 - Equals
ok 5 - Equals
ok 6 - Equals
ok 7 - Equals
ok 8 - Equals
ok 9 - Equals
ok 10 - Equals
ok 11 - Equals
ok 12 - Equals
ok 13 - Equals
ok 14 - Equals
ok 15 - Equals
</system-out>
    <testcase name="Equals (748)" classname="spec_perl_TestCombineStr_t" time="0.000268936157226562" />
    <testcase name="Equals (749)" classname="spec_perl_TestCombineStr_t" time="7.98702239990234e-05" />
    <testcase name="Equals (750)" classname="spec_perl_TestCombineStr_t" time="0.000117063522338867" />
    <testcase name="Equals (751)" classname="spec_perl_TestCombineStr_t" time="0.000142097473144531" />
    <testcase name="Equals (752)" classname="spec_perl_TestCombineStr_t" time="0.000147819519042969" />
    <testcase name="Equals (753)" classname="spec_perl_TestCombineStr_t" time="0.000113010406494141" />
    <testcase name="Equals (754)" classname="spec_perl_TestCombineStr_t" time="0.000149011611938477" />
    <testcase name="Equals (755)" classname="spec_perl_TestCombineStr_t" time="0.000111103057861328" />
    <testcase name="Equals (756)" classname="spec_perl_TestCombineStr_t" time="0.00014185905456543" />
    <testcase name="Equals (757)" classname="spec_perl_TestCombineStr_t" time="0.000118017196655273" />
    <testcase name="Equals (758)" classname="spec_perl_TestCombineStr_t" time="0.000155210494995117" />
    <testcase name="Equals (759)" classname="spec_perl_TestCombineStr_t" time="0.000119924545288086" />
    <testcase name="Equals (760)" classname="spec_perl_TestCombineStr_t" time="0.00014495849609375" />
    <testcase name="Equals (761)" classname="spec_perl_TestCombineStr_t" time="0.000121116638183594" />
    <testcase name="Equals (762)" classname="spec_perl_TestCombineStr_t" time="0.000147819519042969" />
  </testsuite>
  <testsuite name="spec_perl_TestExprIoEof_t" errors="0" failures="0" skipped="0" tests="4" time="0.0443449020385742">
    <system-out>1..4
ok 1 - Equals
ok 2 - nil
ok 3 - Equals
ok 4 - Equals
</system-out>
    <testcase name="Equals (763)" classname="spec_perl_TestExprIoEof_t" time="0.00046992301940918" />
    <testcase name="nil (763)" classname="spec_perl_TestExprIoEof_t" time="8.91685485839844e-05" />
    <testcase name="Equals (764)" classname="spec_perl_TestExprIoEof_t" time="4.69684600830078e-05" />
    <testcase name="Equals (765)" classname="spec_perl_TestExprIoEof_t" time="5.48362731933594e-05" />
  </testsuite>
  <testsuite name="spec_perl_TestTypeTernary_t" errors="0" failures="0" skipped="0" tests="1" time="0.0422859191894531">
    <system-out>1..1
ok 1 - Equals
</system-out>
    <testcase name="Equals (766)" classname="spec_perl_TestTypeTernary_t" time="0.000486850738525391" />
  </testsuite>
  <testsuite name="spec_perl_TestExprEnum_t" errors="0" failures="0" skipped="0" tests="3" time="0.0640571117401123">
    <system-out>1..3
ok 1 - Equals
ok 2 - Equals
ok 3 - Equals
</system-out>
    <testcase name="Equals (767)" classname="spec_perl_TestExprEnum_t" time="0.000214099884033203" />
    <testcase name="Equals (768)" classname="spec_perl_TestExprEnum_t" time="7.29560852050781e-05" />
    <testcase name="Equals (769)" classname="spec_perl_TestExprEnum_t" time="0.00014495849609375" />
  </testsuite>
  <testsuite name="spec_perl_TestProcessCoerceUsertype1_t" errors="0" failures="0" skipped="0" tests="4" time="0.0436530113220215">
    <system-out>1..4
ok 1 - Equals
ok 2 - Equals
ok 3 - Equals
ok 4 - Equals
</system-out>
    <testcase name="Equals (770)" classname="spec_perl_TestProcessCoerceUsertype1_t" time="0.000561952590942383" />
    <testcase name="Equals (771)" classname="spec_perl_TestProcessCoerceUsertype1_t" time="9.79900360107422e-05" />
    <testcase name="Equals (772)" classname="spec_perl_TestProcessCoerceUsertype1_t" time="6.79492950439453e-05" />
    <testcase name="Equals (773)" classname="spec_perl_TestProcessCoerceUsertype1_t" time="0.000116109848022461" />
  </testsuite>
  <testsuite name="spec_perl_TestOpaqueExternalType_t" errors="0" failures="0" skipped="0" tests="3" time="0.0478360652923584">
    <system-out>1..3
ok 1 - Equals
ok 2 - Equals
ok 3 - Equals
</system-out>
    <testcase name="Equals (774)" classname="spec_perl_TestOpaqueExternalType_t" time="0.000336885452270508" />
    <testcase name="Equals (775)" classname="spec_perl_TestOpaqueExternalType_t" time="9.41753387451172e-05" />
    <testcase name="Equals (776)" classname="spec_perl_TestOpaqueExternalType_t" time="5.88893890380859e-05" />
  </testsuite>
  <testsuite name="spec_perl_TestParamsPassArrayUsertype_t" errors="0" failures="1" skipped="4" tests="5" time="0.0497629642486572">
    <system-out>1..5
not ok 1 - test_params_pass_array_usertype died (Can't use an undefined value as an ARRAY reference at compiled/perl/ParamsPassArrayUsertype.pm line 123.)
ok 2 # skip test_params_pass_array_usertype died
ok 3 # skip test_params_pass_array_usertype died
ok 4 # skip test_params_pass_array_usertype died
ok 5 # skip test_params_pass_array_usertype died
</system-out>
    <testcase name="test_params_pass_array_usertype died (Can't use an undefined value as an ARRAY reference at compiled/perl/ParamsPassArrayUsertype.pm line 123.) (776)" classname="spec_perl_TestParamsPassArrayUsertype_t" time="0.000319957733154297">
      <failure message="not ok 1 - test_params_pass_array_usertype died (Can't use an undefined value as an ARRAY reference at compiled/perl/ParamsPassArrayUsertype.pm line 123.)" type="TAP::Parser::Result::Test"></failure>
    </testcase>
    <testcase name="Unnamed test case 776" classname="spec_perl_TestParamsPassArrayUsertype_t" time="0.000393152236938477">
      <skipped message="ok 2 # skip test_params_pass_array_usertype died" />
    </testcase>
    <testcase name="Unnamed test case 777" classname="spec_perl_TestParamsPassArrayUsertype_t" time="0.000424861907958984">
      <skipped message="ok 3 # skip test_params_pass_array_usertype died" />
    </testcase>
    <testcase name="Unnamed test case 778" classname="spec_perl_TestParamsPassArrayUsertype_t" time="0.000377178192138672">
      <skipped message="ok 4 # skip test_params_pass_array_usertype died" />
    </testcase>
    <testcase name="Unnamed test case 779" classname="spec_perl_TestParamsPassArrayUsertype_t" time="0.000359773635864258">
      <skipped message="ok 5 # skip test_params_pass_array_usertype died" />
    </testcase>
  </testsuite>
  <testsuite name="spec_perl_TestParamsPassArrayInt_t" errors="0" failures="1" skipped="6" tests="7" time="0.0541229248046875">
    <system-out>1..7
not ok 1 - test_params_pass_array_int died (Can't use an undefined value as an ARRAY reference at spec/perl/TestParamsPassArrayInt.t line 15.)
ok 2 # skip test_params_pass_array_int died
ok 3 # skip test_params_pass_array_int died
ok 4 # skip test_params_pass_array_int died
ok 5 # skip test_params_pass_array_int died
ok 6 # skip test_params_pass_array_int died
ok 7 # skip test_params_pass_array_int died
</system-out>
    <testcase name="test_params_pass_array_int died (Can't use an undefined value as an ARRAY reference at spec/perl/TestParamsPassArrayInt.t line 15.) (779)" classname="spec_perl_TestParamsPassArrayInt_t" time="0.000936985015869141">
      <failure message="not ok 1 - test_params_pass_array_int died (Can't use an undefined value as an ARRAY reference at spec/perl/TestParamsPassArrayInt.t line 15.)" type="TAP::Parser::Result::Test"></failure>
    </testcase>
    <testcase name="Unnamed test case 780" classname="spec_perl_TestParamsPassArrayInt_t" time="0.00102710723876953">
      <skipped message="ok 2 # skip test_params_pass_array_int died" />
    </testcase>
    <testcase name="Unnamed test case 781" classname="spec_perl_TestParamsPassArrayInt_t" time="0.000433921813964844">
      <skipped message="ok 3 # skip test_params_pass_array_int died" />
    </testcase>
    <testcase name="Unnamed test case 782" classname="spec_perl_TestParamsPassArrayInt_t" time="0.000380039215087891">
      <skipped message="ok 4 # skip test_params_pass_array_int died" />
    </testcase>
    <testcase name="Unnamed test case 783" classname="spec_perl_TestParamsPassArrayInt_t" time="0.000384092330932617">
      <skipped message="ok 5 # skip test_params_pass_array_int died" />
    </testcase>
    <testcase name="Unnamed test case 784" classname="spec_perl_TestParamsPassArrayInt_t" time="0.000360965728759766">
      <skipped message="ok 6 # skip test_params_pass_array_int died" />
    </testcase>
    <testcase name="Unnamed test case 785" classname="spec_perl_TestParamsPassArrayInt_t" time="0.000283956527709961">
      <skipped message="ok 7 # skip test_params_pass_array_int died" />
    </testcase>
  </testsuite>
</testsuites>
