<?xml version='1.0' encoding='utf-8'?>
<testsuites>
  <testsuite name="spec_perl_TestProcessCoerceSwitch_t" errors="0" failures="0" skipped="0" tests="3" time="0.0467319488525391">
    <system-out>1..3
ok 1 - Equals
ok 2 - Equals
ok 3 - Equals
</system-out>
    <testcase name="Equals" classname="spec_perl_TestProcessCoerceSwitch_t" time="0.000627040863037109" />
    <testcase name="Equals (2)" classname="spec_perl_TestProcessCoerceSwitch_t" time="0.000102996826171875" />
    <testcase name="Equals (3)" classname="spec_perl_TestProcessCoerceSwitch_t" time="5.41210174560547e-05" />
  </testsuite>
  <testsuite name="spec_perl_TestNavParentSwitchCast_t" errors="0" failures="0" skipped="0" tests="3" time="0.048051118850708">
    <system-out>1..3
ok 1 - Equals
ok 2 - Equals
ok 3 - Equals
</system-out>
    <testcase name="Equals (4)" classname="spec_perl_TestNavParentSwitchCast_t" time="0.00067901611328125" />
    <testcase name="Equals (5)" classname="spec_perl_TestNavParentSwitchCast_t" time="0.000125885009765625" />
    <testcase name="Equals (6)" classname="spec_perl_TestNavParentSwitchCast_t" time="5.79357147216797e-05" />
  </testsuite>
  <testsuite name="spec_perl_TestJsSignedRightShift_t" errors="0" failures="0" skipped="0" tests="2" time="0.0455219745635986">
    <system-out>1..2
ok 1 - Equals
ok 2 - Equals
</system-out>
    <testcase name="Equals (7)" classname="spec_perl_TestJsSignedRightShift_t" time="0.000262022018432617" />
    <testcase name="Equals (8)" classname="spec_perl_TestJsSignedRightShift_t" time="7.79628753662109e-05" />
  </testsuite>
  <testsuite name="spec_perl_TestRecursiveOne_t" errors="0" failures="0" skipped="0" tests="4" time="0.0456058979034424">
    <system-out>1..4
ok 1 - Equals
ok 2 - Equals
ok 3 - Equals
ok 4 - Equals
</system-out>
    <testcase name="Equals (9)" classname="spec_perl_TestRecursiveOne_t" time="0.00032496452331543" />
    <testcase name="Equals (10)" classname="spec_perl_TestRecursiveOne_t" time="8.98838043212891e-05" />
    <testcase name="Equals (11)" classname="spec_perl_TestRecursiveOne_t" time="5.69820404052734e-05" />
    <testcase name="Equals (12)" classname="spec_perl_TestRecursiveOne_t" time="0.000158071517944336" />
  </testsuite>
  <testsuite name="spec_perl_TestSwitchIntegers_t" errors="0" failures="0" skipped="0" tests="9" time="0.0468268394470215">
    <system-out>1..9
ok 1 - Equals
ok 2 - Equals
ok 3 - Equals
ok 4 - Equals
ok 5 - Equals
ok 6 - Equals
ok 7 - Equals
ok 8 - Equals
ok 9 - Equals
</system-out>
    <testcase name="Equals (13)" classname="spec_perl_TestSwitchIntegers_t" time="0.000396013259887695" />
    <testcase name="Equals (14)" classname="spec_perl_TestSwitchIntegers_t" time="9.20295715332031e-05" />
    <testcase name="Equals (15)" classname="spec_perl_TestSwitchIntegers_t" time="5.91278076171875e-05" />
    <testcase name="Equals (16)" classname="spec_perl_TestSwitchIntegers_t" time="8.48770141601562e-05" />
    <testcase name="Equals (17)" classname="spec_perl_TestSwitchIntegers_t" time="0.000173091888427734" />
    <testcase name="Equals (18)" classname="spec_perl_TestSwitchIntegers_t" time="0.000101804733276367" />
    <testcase name="Equals (19)" classname="spec_perl_TestSwitchIntegers_t" time="0.00016021728515625" />
    <testcase name="Equals (20)" classname="spec_perl_TestSwitchIntegers_t" time="0.000110864639282227" />
    <testcase name="Equals (21)" classname="spec_perl_TestSwitchIntegers_t" time="0.000178098678588867" />
  </testsuite>
  <testsuite name="spec_perl_TestDocstringsDocref_t" errors="0" failures="0" skipped="1" tests="1" time="0.0457320213317871">
    <system-out>1..1
ok 1 # skip DocstringsDocref=HASH(0x173c9f0)
</system-out>
    <testcase name="Unnamed test case 21" classname="spec_perl_TestDocstringsDocref_t" time="0.00136899948120117">
      <skipped message="ok 1 # skip DocstringsDocref=HASH(0x173c9f0)" />
    </testcase>
  </testsuite>
  <testsuite name="spec_perl_TestImportsAbsAbs_t" errors="0" failures="0" skipped="0" tests="3" time="0.0467658042907715">
    <system-out>1..3
ok 1 - Equals
ok 2 - Equals
ok 3 - Equals
</system-out>
    <testcase name="Equals (22)" classname="spec_perl_TestImportsAbsAbs_t" time="0.000303983688354492" />
    <testcase name="Equals (23)" classname="spec_perl_TestImportsAbsAbs_t" time="0.000567197799682617" />
    <testcase name="Equals (24)" classname="spec_perl_TestImportsAbsAbs_t" time="0.000150918960571289" />
  </testsuite>
  <testsuite name="spec_perl_TestExprSizeofType1_t" errors="0" failures="0" skipped="0" tests="2" time="0.044950008392334">
    <system-out>1..2
ok 1 - Equals
ok 2 - Equals
</system-out>
    <testcase name="Equals (25)" classname="spec_perl_TestExprSizeofType1_t" time="0.000297069549560547" />
    <testcase name="Equals (26)" classname="spec_perl_TestExprSizeofType1_t" time="8.08238983154297e-05" />
  </testsuite>
  <testsuite name="spec_perl_TestNavParent2_t" errors="0" failures="0" skipped="0" tests="10" time="0.0520131587982178">
    <system-out>1..10
ok 1 - Equals
ok 2 - Equals
ok 3 - Equals
ok 4 - Equals
ok 5 - Equals
ok 6 - Equals
ok 7 - Equals
ok 8 - Equals
ok 9 - Equals
ok 10 - Equals
</system-out>
    <testcase name="Equals (27)" classname="spec_perl_TestNavParent2_t" time="0.000340938568115234" />
    <testcase name="Equals (28)" classname="spec_perl_TestNavParent2_t" time="0.000120878219604492" />
    <testcase name="Equals (29)" classname="spec_perl_TestNavParent2_t" time="7.82012939453125e-05" />
    <testcase name="Equals (30)" classname="spec_perl_TestNavParent2_t" time="0.000135898590087891" />
    <testcase name="Equals (31)" classname="spec_perl_TestNavParent2_t" time="0.000111103057861328" />
    <testcase name="Equals (32)" classname="spec_perl_TestNavParent2_t" time="0.000224828720092773" />
    <testcase name="Equals (33)" classname="spec_perl_TestNavParent2_t" time="8.79764556884766e-05" />
    <testcase name="Equals (34)" classname="spec_perl_TestNavParent2_t" time="0.000164031982421875" />
    <testcase name="Equals (35)" classname="spec_perl_TestNavParent2_t" time="9.01222229003906e-05" />
    <testcase name="Equals (36)" classname="spec_perl_TestNavParent2_t" time="0.000226020812988281" />
  </testsuite>
  <testsuite name="spec_perl_TestRepeatNStruct_t" errors="0" failures="0" skipped="0" tests="5" time="0.0473380088806152">
    <system-out>1..5
ok 1 - Equals
ok 2 - Equals
ok 3 - Equals
ok 4 - Equals
ok 5 - Equals
</system-out>
    <testcase name="Equals (37)" classname="spec_perl_TestRepeatNStruct_t" time="0.000337123870849609" />
    <testcase name="Equals (38)" classname="spec_perl_TestRepeatNStruct_t" time="8.67843627929688e-05" />
    <testcase name="Equals (39)" classname="spec_perl_TestRepeatNStruct_t" time="6.00814819335938e-05" />
    <testcase name="Equals (40)" classname="spec_perl_TestRepeatNStruct_t" time="0.000165939331054688" />
    <testcase name="Equals (41)" classname="spec_perl_TestRepeatNStruct_t" time="8.79764556884766e-05" />
  </testsuite>
  <testsuite name="spec_perl_TestStrEos_t" errors="0" failures="0" skipped="0" tests="1" time="0.0506808757781982">
    <system-out>1..1
ok 1 - Equals
</system-out>
    <testcase name="Equals (42)" classname="spec_perl_TestStrEos_t" time="0.000533103942871094" />
  </testsuite>
  <testsuite name="spec_perl_TestProcessXor4Value_t" errors="0" failures="0" skipped="0" tests="2" time="0.0462489128112793">
    <system-out>1..2
ok 1 - Equals
ok 2 - Equals
</system-out>
    <testcase name="Equals (43)" classname="spec_perl_TestProcessXor4Value_t" time="0.000339984893798828" />
    <testcase name="Equals (44)" classname="spec_perl_TestProcessXor4Value_t" time="9.01222229003906e-05" />
  </testsuite>
  <testsuite name="spec_perl_TestExprMod_t" errors="0" failures="0" skipped="0" tests="6" time="0.0453150272369385">
    <system-out>1..6
ok 1 - Equals
ok 2 - Equals
ok 3 - Equals
ok 4 - Equals
ok 5 - Equals
ok 6 - Equals
</system-out>
    <testcase name="Equals (45)" classname="spec_perl_TestExprMod_t" time="0.00026702880859375" />
    <testcase name="Equals (46)" classname="spec_perl_TestExprMod_t" time="8.20159912109375e-05" />
    <testcase name="Equals (47)" classname="spec_perl_TestExprMod_t" time="0.000136137008666992" />
    <testcase name="Equals (48)" classname="spec_perl_TestExprMod_t" time="0.000124931335449219" />
    <testcase name="Equals (49)" classname="spec_perl_TestExprMod_t" time="0.000134944915771484" />
    <testcase name="Equals (50)" classname="spec_perl_TestExprMod_t" time="0.000127077102661133" />
  </testsuite>
  <testsuite name="spec_perl_TestZlibWithHeader78_t" errors="0" failures="0" skipped="0" tests="1" time="0.0676109790802002">
    <system-out>1..1
ok 1 - Equals
</system-out>
    <testcase name="Equals (51)" classname="spec_perl_TestZlibWithHeader78_t" time="0.000395059585571289" />
  </testsuite>
  <testsuite name="spec_perl_TestRepeatEosU4_t" errors="0" failures="0" skipped="0" tests="1" time="0.0455691814422607">
    <system-out>1..1
ok 1 - Equals
</system-out>
    <testcase name="Equals (52)" classname="spec_perl_TestRepeatEosU4_t" time="0.000267982482910156" />
  </testsuite>
  <testsuite name="spec_perl_TestPositionInSeq_t" errors="0" failures="0" skipped="0" tests="1" time="0.0468871593475342">
    <system-out>1..1
ok 1 - Equals
</system-out>
    <testcase name="Equals (53)" classname="spec_perl_TestPositionInSeq_t" time="0.000284910202026367" />
  </testsuite>
  <testsuite name="spec_perl_TestMultipleUse_t" errors="0" failures="0" skipped="0" tests="2" time="0.0472300052642822">
    <system-out>1..2
ok 1 - Equals
ok 2 - Equals
</system-out>
    <testcase name="Equals (54)" classname="spec_perl_TestMultipleUse_t" time="0.000274181365966797" />
    <testcase name="Equals (55)" classname="spec_perl_TestMultipleUse_t" time="8.89301300048828e-05" />
  </testsuite>
  <testsuite name="spec_perl_TestEosExceptionBytes_t" errors="0" failures="0" skipped="0" tests="1" time="0.0458729267120361">
    <system-out>1..1
ok 1 - Died
</system-out>
    <testcase name="Died (55)" classname="spec_perl_TestEosExceptionBytes_t" time="0.000533103942871094" />
  </testsuite>
  <testsuite name="spec_perl_TestRepeatUntilCalcArrayType_t" errors="0" failures="0" skipped="0" tests="7" time="0.0466680526733398">
    <system-out>1..7
ok 1 - Equals
ok 2 - Equals
ok 3 - Equals
ok 4 - Equals
ok 5 - Equals
ok 6 - Equals
ok 7 - Equals
</system-out>
    <testcase name="Equals (56)" classname="spec_perl_TestRepeatUntilCalcArrayType_t" time="0.000712871551513672" />
    <testcase name="Equals (57)" classname="spec_perl_TestRepeatUntilCalcArrayType_t" time="0.000105142593383789" />
    <testcase name="Equals (58)" classname="spec_perl_TestRepeatUntilCalcArrayType_t" time="4.60147857666016e-05" />
    <testcase name="Equals (59)" classname="spec_perl_TestRepeatUntilCalcArrayType_t" time="0.000138998031616211" />
    <testcase name="Equals (60)" classname="spec_perl_TestRepeatUntilCalcArrayType_t" time="0.000159025192260742" />
    <testcase name="Equals (61)" classname="spec_perl_TestRepeatUntilCalcArrayType_t" time="9.70363616943359e-05" />
    <testcase name="Equals (62)" classname="spec_perl_TestRepeatUntilCalcArrayType_t" time="0.000157833099365234" />
  </testsuite>
  <testsuite name="spec_perl_TestEnumInvalid_t" errors="0" failures="0" skipped="0" tests="2" time="0.0473949909210205">
    <system-out>1..2
ok 1 - Equals
ok 2 - Equals
</system-out>
    <testcase name="Equals (63)" classname="spec_perl_TestEnumInvalid_t" time="0.000295877456665039" />
    <testcase name="Equals (64)" classname="spec_perl_TestEnumInvalid_t" time="8.70227813720703e-05" />
  </testsuite>
  <testsuite name="spec_perl_TestCastToImported_t" errors="0" failures="0" skipped="0" tests="2" time="0.0451440811157227">
    <system-out>1..2
ok 1 - Equals
ok 2 - Equals
</system-out>
    <testcase name="Equals (65)" classname="spec_perl_TestCastToImported_t" time="0.00031590461730957" />
    <testcase name="Equals (66)" classname="spec_perl_TestCastToImported_t" time="7.91549682617188e-05" />
  </testsuite>
  <testsuite name="spec_perl_TestHelloWorld_t" errors="0" failures="0" skipped="0" tests="1" time="0.0453798770904541">
    <system-out>1..1
ok 1 - Equals
</system-out>
    <testcase name="Equals (67)" classname="spec_perl_TestHelloWorld_t" time="0.000282049179077148" />
  </testsuite>
  <testsuite name="spec_perl_TestCombineBool_t" errors="0" failures="0" skipped="0" tests="2" time="0.0454440116882324">
    <system-out>1..2
ok 1 - Equals
ok 2 - Equals
</system-out>
    <testcase name="Equals (68)" classname="spec_perl_TestCombineBool_t" time="0.000273942947387695" />
    <testcase name="Equals (69)" classname="spec_perl_TestCombineBool_t" time="0.000113010406494141" />
  </testsuite>
  <testsuite name="spec_perl_TestDocstrings_t" errors="0" failures="0" skipped="1" tests="1" time="0.0458090305328369">
    <system-out>1..1
ok 1 # skip Docstrings=HASH(0x146b480)
</system-out>
    <testcase name="Unnamed test case 69" classname="spec_perl_TestDocstrings_t" time="0.00137615203857422">
      <skipped message="ok 1 # skip Docstrings=HASH(0x146b480)" />
    </testcase>
  </testsuite>
  <testsuite name="spec_perl_TestRepeatNStrz_t" errors="0" failures="0" skipped="0" tests="2" time="0.0497379302978516">
    <system-out>1..2
ok 1 - Equals
ok 2 - Equals
</system-out>
    <testcase name="Equals (70)" classname="spec_perl_TestRepeatNStrz_t" time="0.000346899032592773" />
    <testcase name="Equals (71)" classname="spec_perl_TestRepeatNStrz_t" time="0.000158071517944336" />
  </testsuite>
  <testsuite name="spec_perl_TestCastNested_t" errors="0" failures="0" skipped="0" tests="4" time="0.0486760139465332">
    <system-out>1..4
ok 1 - Equals
ok 2 - Equals
ok 3 - Equals
ok 4 - Equals
</system-out>
    <testcase name="Equals (72)" classname="spec_perl_TestCastNested_t" time="0.000406980514526367" />
    <testcase name="Equals (73)" classname="spec_perl_TestCastNested_t" time="9.51290130615234e-05" />
    <testcase name="Equals (74)" classname="spec_perl_TestCastNested_t" time="6.50882720947266e-05" />
    <testcase name="Equals (75)" classname="spec_perl_TestCastNested_t" time="0.000166893005371094" />
  </testsuite>
  <testsuite name="spec_perl_TestEnumLongRangeS_t" errors="0" failures="0" skipped="0" tests="7" time="0.0474519729614258">
    <system-out>1..7
ok 1 - Equals
ok 2 - Equals
ok 3 - Equals
ok 4 - Equals
ok 5 - Equals
ok 6 - Equals
ok 7 - Equals
</system-out>
    <testcase name="Equals (76)" classname="spec_perl_TestEnumLongRangeS_t" time="0.000278949737548828" />
    <testcase name="Equals (77)" classname="spec_perl_TestEnumLongRangeS_t" time="8.20159912109375e-05" />
    <testcase name="Equals (78)" classname="spec_perl_TestEnumLongRangeS_t" time="0.000133991241455078" />
    <testcase name="Equals (79)" classname="spec_perl_TestEnumLongRangeS_t" time="0.000126123428344727" />
    <testcase name="Equals (80)" classname="spec_perl_TestEnumLongRangeS_t" time="0.000123023986816406" />
    <testcase name="Equals (81)" classname="spec_perl_TestEnumLongRangeS_t" time="0.000133991241455078" />
    <testcase name="Equals (82)" classname="spec_perl_TestEnumLongRangeS_t" time="0.000114917755126953" />
  </testsuite>
  <testsuite name="spec_perl_TestExprIoEof_t" errors="0" failures="0" skipped="0" tests="4" time="0.049511194229126">
    <system-out>1..4
ok 1 - Equals
ok 2 - nil
ok 3 - Equals
ok 4 - Equals
</system-out>
    <testcase name="Equals (83)" classname="spec_perl_TestExprIoEof_t" time="0.000617027282714844" />
    <testcase name="nil (83)" classname="spec_perl_TestExprIoEof_t" time="0.000118017196655273" />
    <testcase name="Equals (84)" classname="spec_perl_TestExprIoEof_t" time="5.48362731933594e-05" />
    <testcase name="Equals (85)" classname="spec_perl_TestExprIoEof_t" time="5.69820404052734e-05" />
  </testsuite>
  <testsuite name="spec_perl_TestParamsPassArrayUsertype_t" errors="0" failures="1" skipped="4" tests="5" time="0.0536580085754395">
    <system-out>1..5
not ok 1 - test_params_pass_array_usertype died (Can't use an undefined value as an ARRAY reference at compiled/perl/ParamsPassArrayUsertype.pm line 123.)
ok 2 # skip test_params_pass_array_usertype died
ok 3 # skip test_params_pass_array_usertype died
ok 4 # skip test_params_pass_array_usertype died
ok 5 # skip test_params_pass_array_usertype died
</system-out>
    <testcase name="test_params_pass_array_usertype died (Can't use an undefined value as an ARRAY reference at compiled/perl/ParamsPassArrayUsertype.pm line 123.) (85)" classname="spec_perl_TestParamsPassArrayUsertype_t" time="0.000395059585571289">
      <failure message="not ok 1 - test_params_pass_array_usertype died (Can't use an undefined value as an ARRAY reference at compiled/perl/ParamsPassArrayUsertype.pm line 123.)" type="TAP::Parser::Result::Test"></failure>
    </testcase>
    <testcase name="Unnamed test case 85" classname="spec_perl_TestParamsPassArrayUsertype_t" time="0.000448942184448242">
      <skipped message="ok 2 # skip test_params_pass_array_usertype died" />
    </testcase>
    <testcase name="Unnamed test case 86" classname="spec_perl_TestParamsPassArrayUsertype_t" time="0.000460147857666016">
      <skipped message="ok 3 # skip test_params_pass_array_usertype died" />
    </testcase>
    <testcase name="Unnamed test case 87" classname="spec_perl_TestParamsPassArrayUsertype_t" time="0.00039982795715332">
      <skipped message="ok 4 # skip test_params_pass_array_usertype died" />
    </testcase>
    <testcase name="Unnamed test case 88" classname="spec_perl_TestParamsPassArrayUsertype_t" time="0.000339031219482422">
      <skipped message="ok 5 # skip test_params_pass_array_usertype died" />
    </testcase>
  </testsuite>
  <testsuite name="spec_perl_TestIntegersMinMax_t" errors="0" failures="0" skipped="0" tests="28" time="0.0500791072845459">
    <system-out>1..28
ok 1 - Equals
ok 2 - Equals
ok 3 - Equals
ok 4 - Equals
ok 5 - Equals
ok 6 - Equals
ok 7 - Equals
ok 8 - Equals
ok 9 - Equals
ok 10 - Equals
ok 11 - Equals
ok 12 - Equals
ok 13 - Equals
ok 14 - Equals
ok 15 - Equals
ok 16 - Equals
ok 17 - Equals
ok 18 - Equals
ok 19 - Equals
ok 20 - Equals
ok 21 - Equals
ok 22 - Equals
ok 23 - Equals
ok 24 - Equals
ok 25 - Equals
ok 26 - Equals
ok 27 - Equals
ok 28 - Equals
</system-out>
    <testcase name="Equals (88)" classname="spec_perl_TestIntegersMinMax_t" time="0.000353097915649414" />
    <testcase name="Equals (89)" classname="spec_perl_TestIntegersMinMax_t" time="9.08374786376953e-05" />
    <testcase name="Equals (90)" classname="spec_perl_TestIntegersMinMax_t" time="7.79628753662109e-05" />
    <testcase name="Equals (91)" classname="spec_perl_TestIntegersMinMax_t" time="0.000153064727783203" />
    <testcase name="Equals (92)" classname="spec_perl_TestIntegersMinMax_t" time="0.000126123428344727" />
    <testcase name="Equals (93)" classname="spec_perl_TestIntegersMinMax_t" time="0.000144004821777344" />
    <testcase name="Equals (94)" classname="spec_perl_TestIntegersMinMax_t" time="0.000123023986816406" />
    <testcase name="Equals (95)" classname="spec_perl_TestIntegersMinMax_t" time="0.000151872634887695" />
    <testcase name="Equals (96)" classname="spec_perl_TestIntegersMinMax_t" time="0.000127077102661133" />
    <testcase name="Equals (97)" classname="spec_perl_TestIntegersMinMax_t" time="0.000121831893920898" />
    <testcase name="Equals (98)" classname="spec_perl_TestIntegersMinMax_t" time="0.000123023986816406" />
    <testcase name="Equals (99)" classname="spec_perl_TestIntegersMinMax_t" time="0.00014805793762207" />
    <testcase name="Equals (100)" classname="spec_perl_TestIntegersMinMax_t" time="0.000118017196655273" />
    <testcase name="Equals (101)" classname="spec_perl_TestIntegersMinMax_t" time="0.000144004821777344" />
    <testcase name="Equals (102)" classname="spec_perl_TestIntegersMinMax_t" time="0.000126123428344727" />
    <testcase name="Equals (103)" classname="spec_perl_TestIntegersMinMax_t" time="0.000121831893920898" />
    <testcase name="Equals (104)" classname="spec_perl_TestIntegersMinMax_t" time="0.000144004821777344" />
    <testcase name="Equals (105)" classname="spec_perl_TestIntegersMinMax_t" time="0.00015711784362793" />
    <testcase name="Equals (106)" classname="spec_perl_TestIntegersMinMax_t" time="0.000128030776977539" />
    <testcase name="Equals (107)" classname="spec_perl_TestIntegersMinMax_t" time="0.000142812728881836" />
    <testcase name="Equals (108)" classname="spec_perl_TestIntegersMinMax_t" time="0.000143051147460938" />
    <testcase name="Equals (109)" classname="spec_perl_TestIntegersMinMax_t" time="0.000126123428344727" />
    <testcase name="Equals (110)" classname="spec_perl_TestIntegersMinMax_t" time="0.000229835510253906" />
    <testcase name="Equals (111)" classname="spec_perl_TestIntegersMinMax_t" time="0.000113964080810547" />
    <testcase name="Equals (112)" classname="spec_perl_TestIntegersMinMax_t" time="0.000147104263305664" />
    <testcase name="Equals (113)" classname="spec_perl_TestIntegersMinMax_t" time="0.000149011611938477" />
    <testcase name="Equals (114)" classname="spec_perl_TestIntegersMinMax_t" time="0.000123023986816406" />
    <testcase name="Equals (115)" classname="spec_perl_TestIntegersMinMax_t" time="0.000149011611938477" />
  </testsuite>
  <testsuite name="spec_perl_TestEnumFancy_t" errors="0" failures="0" skipped="0" tests="2" time="0.0454239845275879">
    <system-out>1..2
ok 1 - Equals
ok 2 - Equals
</system-out>
    <testcase name="Equals (116)" classname="spec_perl_TestEnumFancy_t" time="0.000267982482910156" />
    <testcase name="Equals (117)" classname="spec_perl_TestEnumFancy_t" time="7.91549682617188e-05" />
  </testsuite>
  <testsuite name="spec_perl_TestRepeatUntilS4_t" errors="0" failures="0" skipped="0" tests="2" time="0.0495498180389404">
    <system-out>1..2
ok 1 - Equals
ok 2 - Equals
</system-out>
    <testcase name="Equals (118)" classname="spec_perl_TestRepeatUntilS4_t" time="0.00032806396484375" />
    <testcase name="Equals (119)" classname="spec_perl_TestRepeatUntilS4_t" time="0.000105857849121094" />
  </testsuite>
  <testsuite name="spec_perl_TestValidLong_t" errors="1" failures="0" skipped="0" tests="0" time="0.0444579124450684">
    <system-out></system-out>
    <testcase name="Test died too soon, even before plan. (119)" classname="spec_perl_TestValidLong_t" time="0.0444579124450684">
      <failure message="The test suite died before a plan was produced. You need to have a plan." type="Plan">No plan</failure>
    </testcase>
  </testsuite>
  <testsuite name="spec_perl_TestNonStandard_t" errors="0" failures="0" skipped="0" tests="1" time="0.0457150936126709">
    <system-out>1..1
ok 1 - Equals
</system-out>
    <testcase name="Equals (120)" classname="spec_perl_TestNonStandard_t" time="0.000260114669799805" />
  </testsuite>
  <testsuite name="spec_perl_TestValidNotParsedIf_t" errors="1" failures="0" skipped="0" tests="0" time="0.0593898296356201">
    <system-out></system-out>
    <testcase name="Test died too soon, even before plan. (120)" classname="spec_perl_TestValidNotParsedIf_t" time="0.0593898296356201">
      <failure message="The test suite died before a plan was produced. You need to have a plan." type="Plan">No plan</failure>
    </testcase>
  </testsuite>
  <testsuite name="spec_perl_TestSwitchManualEnum_t" errors="0" failures="0" skipped="0" tests="9" time="0.0537102222442627">
    <system-out>1..9
ok 1 - Equals
ok 2 - Equals
ok 3 - Equals
ok 4 - Equals
ok 5 - Equals
ok 6 - Equals
ok 7 - Equals
ok 8 - Equals
ok 9 - Equals
</system-out>
    <testcase name="Equals (121)" classname="spec_perl_TestSwitchManualEnum_t" time="0.000434160232543945" />
    <testcase name="Equals (122)" classname="spec_perl_TestSwitchManualEnum_t" time="9.67979431152344e-05" />
    <testcase name="Equals (123)" classname="spec_perl_TestSwitchManualEnum_t" time="6.103515625e-05" />
    <testcase name="Equals (124)" classname="spec_perl_TestSwitchManualEnum_t" time="0.000190973281860352" />
    <testcase name="Equals (125)" classname="spec_perl_TestSwitchManualEnum_t" time="0.000161170959472656" />
    <testcase name="Equals (126)" classname="spec_perl_TestSwitchManualEnum_t" time="0.000121831893920898" />
    <testcase name="Equals (127)" classname="spec_perl_TestSwitchManualEnum_t" time="0.000204086303710938" />
    <testcase name="Equals (128)" classname="spec_perl_TestSwitchManualEnum_t" time="7.51018524169922e-05" />
    <testcase name="Equals (129)" classname="spec_perl_TestSwitchManualEnum_t" time="0.000126838684082031" />
  </testsuite>
  <testsuite name="spec_perl_TestExpr1_t" errors="0" failures="0" skipped="0" tests="4" time="0.0495030879974365">
    <system-out>1..4
ok 1 - Equals
ok 2 - Equals
ok 3 - Equals
ok 4 - Equals
</system-out>
    <testcase name="Equals (130)" classname="spec_perl_TestExpr1_t" time="0.000306844711303711" />
    <testcase name="Equals (131)" classname="spec_perl_TestExpr1_t" time="8.29696655273438e-05" />
    <testcase name="Equals (132)" classname="spec_perl_TestExpr1_t" time="0.000123977661132812" />
    <testcase name="Equals (133)" classname="spec_perl_TestExpr1_t" time="0.000130176544189453" />
  </testsuite>
  <testsuite name="spec_perl_TestBcdUserTypeLe_t" errors="0" failures="0" skipped="0" tests="6" time="0.0484209060668945">
    <system-out>1..6
ok 1 - Equals
ok 2 - Equals
ok 3 - Equals
ok 4 - Equals
ok 5 - Equals
ok 6 - Equals
</system-out>
    <testcase name="Equals (134)" classname="spec_perl_TestBcdUserTypeLe_t" time="0.000755071640014648" />
    <testcase name="Equals (135)" classname="spec_perl_TestBcdUserTypeLe_t" time="9.98973846435547e-05" />
    <testcase name="Equals (136)" classname="spec_perl_TestBcdUserTypeLe_t" time="0.000132083892822266" />
    <testcase name="Equals (137)" classname="spec_perl_TestBcdUserTypeLe_t" time="0.000164031982421875" />
    <testcase name="Equals (138)" classname="spec_perl_TestBcdUserTypeLe_t" time="0.000156879425048828" />
    <testcase name="Equals (139)" classname="spec_perl_TestBcdUserTypeLe_t" time="0.000152111053466797" />
  </testsuite>
  <testsuite name="spec_perl_TestNavRoot_t" errors="0" failures="0" skipped="0" tests="5" time="0.0563590526580811">
    <system-out>1..5
ok 1 - Equals
ok 2 - Equals
ok 3 - Equals
ok 4 - Equals
ok 5 - Equals
</system-out>
    <testcase name="Equals (140)" classname="spec_perl_TestNavRoot_t" time="0.000494003295898438" />
    <testcase name="Equals (141)" classname="spec_perl_TestNavRoot_t" time="0.00010991096496582" />
    <testcase name="Equals (142)" classname="spec_perl_TestNavRoot_t" time="7.29560852050781e-05" />
    <testcase name="Equals (143)" classname="spec_perl_TestNavRoot_t" time="0.000159978866577148" />
    <testcase name="Equals (144)" classname="spec_perl_TestNavRoot_t" time="0.000178098678588867" />
  </testsuite>
  <testsuite name="spec_perl_TestSwitchCast_t" errors="0" failures="0" skipped="0" tests="2" time="0.049767017364502">
    <system-out>1..2
ok 1 - Equals
ok 2 - Equals
</system-out>
    <testcase name="Equals (145)" classname="spec_perl_TestSwitchCast_t" time="0.000375986099243164" />
    <testcase name="Equals (146)" classname="spec_perl_TestSwitchCast_t" time="0.000100851058959961" />
  </testsuite>
  <testsuite name="spec_perl_TestIndexToParamExpr_t" errors="0" failures="2" skipped="0" tests="7" time="0.0726070404052734">
    <system-out>1..7
ok 1 - Equals
ok 2 - Equals
ok 3 - Equals
ok 4 - Equals
ok 5 - Equals
not ok 6 - Equals
not ok 7 - Equals
</system-out>
    <testcase name="Equals (147)" classname="spec_perl_TestIndexToParamExpr_t" time="0.000451087951660156" />
    <testcase name="Equals (148)" classname="spec_perl_TestIndexToParamExpr_t" time="0.000429868698120117" />
    <testcase name="Equals (149)" classname="spec_perl_TestIndexToParamExpr_t" time="0.000344038009643555" />
    <testcase name="Equals (150)" classname="spec_perl_TestIndexToParamExpr_t" time="0.000869989395141602" />
    <testcase name="Equals (151)" classname="spec_perl_TestIndexToParamExpr_t" time="0.000344991683959961" />
    <testcase name="Equals (152)" classname="spec_perl_TestIndexToParamExpr_t" time="0.000439167022705078">
      <failure message="not ok 6 - Equals" type="TAP::Parser::Result::Test"></failure>
    </testcase>
    <testcase name="Equals (153)" classname="spec_perl_TestIndexToParamExpr_t" time="0.00109100341796875">
      <failure message="not ok 7 - Equals" type="TAP::Parser::Result::Test"></failure>
    </testcase>
  </testsuite>
  <testsuite name="spec_perl_TestExprSizeofValueSized_t" errors="0" failures="0" skipped="0" tests="5" time="0.0462238788604736">
    <system-out>1..5
ok 1 - Equals
ok 2 - Equals
ok 3 - Equals
ok 4 - Equals
ok 5 - Equals
</system-out>
    <testcase name="Equals (154)" classname="spec_perl_TestExprSizeofValueSized_t" time="0.000624179840087891" />
    <testcase name="Equals (155)" classname="spec_perl_TestExprSizeofValueSized_t" time="9.89437103271484e-05" />
    <testcase name="Equals (156)" classname="spec_perl_TestExprSizeofValueSized_t" time="5.79357147216797e-05" />
    <testcase name="Equals (157)" classname="spec_perl_TestExprSizeofValueSized_t" time="0.000134944915771484" />
    <testcase name="Equals (158)" classname="spec_perl_TestExprSizeofValueSized_t" time="0.000132083892822266" />
  </testsuite>
  <testsuite name="spec_perl_TestExprStrOps_t" errors="1" failures="0" skipped="0" tests="0" time="0.0473849773406982">
    <system-out></system-out>
    <testcase name="Test died too soon, even before plan. (158)" classname="spec_perl_TestExprStrOps_t" time="0.0473849773406982">
      <failure message="The test suite died before a plan was produced. You need to have a plan." type="Plan">No plan</failure>
    </testcase>
  </testsuite>
  <testsuite name="spec_perl_TestStrPadTermEmpty_t" errors="0" failures="0" skipped="0" tests="4" time="0.0496370792388916">
    <system-out>1..4
ok 1 - Equals
ok 2 - Equals
ok 3 - Equals
ok 4 - Equals
</system-out>
    <testcase name="Equals (159)" classname="spec_perl_TestStrPadTermEmpty_t" time="0.00042414665222168" />
    <testcase name="Equals (160)" classname="spec_perl_TestStrPadTermEmpty_t" time="9.20295715332031e-05" />
    <testcase name="Equals (161)" classname="spec_perl_TestStrPadTermEmpty_t" time="5.69820404052734e-05" />
    <testcase name="Equals (162)" classname="spec_perl_TestStrPadTermEmpty_t" time="0.000126838684082031" />
  </testsuite>
  <testsuite name="spec_perl_TestExprEnum_t" errors="0" failures="0" skipped="0" tests="3" time="0.0725200176239014">
    <system-out>1..3
ok 1 - Equals
ok 2 - Equals
ok 3 - Equals
</system-out>
    <testcase name="Equals (163)" classname="spec_perl_TestExprEnum_t" time="0.000707864761352539" />
    <testcase name="Equals (164)" classname="spec_perl_TestExprEnum_t" time="0.000329971313476562" />
    <testcase name="Equals (165)" classname="spec_perl_TestExprEnum_t" time="0.000219106674194336" />
  </testsuite>
  <testsuite name="spec_perl_TestEnumIf_t" errors="0" failures="0" skipped="0" tests="7" time="0.0493760108947754">
    <system-out>1..7
ok 1 - Equals
ok 2 - Equals
ok 3 - Equals
ok 4 - Equals
ok 5 - Equals
ok 6 - Equals
ok 7 - Equals
</system-out>
    <testcase name="Equals (166)" classname="spec_perl_TestEnumIf_t" time="0.000444889068603516" />
    <testcase name="Equals (167)" classname="spec_perl_TestEnumIf_t" time="0.00011897087097168" />
    <testcase name="Equals (168)" classname="spec_perl_TestEnumIf_t" time="6.31809234619141e-05" />
    <testcase name="Equals (169)" classname="spec_perl_TestEnumIf_t" time="5.38825988769531e-05" />
    <testcase name="Equals (170)" classname="spec_perl_TestEnumIf_t" time="0.000165939331054688" />
    <testcase name="Equals (171)" classname="spec_perl_TestEnumIf_t" time="0.00011897087097168" />
    <testcase name="Equals (172)" classname="spec_perl_TestEnumIf_t" time="0.000149011611938477" />
  </testsuite>
  <testsuite name="spec_perl_TestProcessCoerceUsertype1_t" errors="0" failures="0" skipped="0" tests="4" time="0.0466299057006836">
    <system-out>1..4
ok 1 - Equals
ok 2 - Equals
ok 3 - Equals
ok 4 - Equals
</system-out>
    <testcase name="Equals (173)" classname="spec_perl_TestProcessCoerceUsertype1_t" time="0.000681161880493164" />
    <testcase name="Equals (174)" classname="spec_perl_TestProcessCoerceUsertype1_t" time="0.000102996826171875" />
    <testcase name="Equals (175)" classname="spec_perl_TestProcessCoerceUsertype1_t" time="7.08103179931641e-05" />
    <testcase name="Equals (176)" classname="spec_perl_TestProcessCoerceUsertype1_t" time="0.000132083892822266" />
  </testsuite>
  <testsuite name="spec_perl_TestDefaultEndianExprIsBe_t" errors="0" failures="0" skipped="0" tests="18" time="0.0481388568878174">
    <system-out>1..18
ok 1 - Equals
ok 2 - Equals
ok 3 - Equals
ok 4 - Equals
ok 5 - Equals
ok 6 - Equals
ok 7 - Equals
ok 8 - Equals
ok 9 - Equals
ok 10 - Equals
ok 11 - Equals
ok 12 - Equals
ok 13 - Equals
ok 14 - Equals
ok 15 - Equals
ok 16 - Equals
ok 17 - Equals
ok 18 - Equals
</system-out>
    <testcase name="Equals (177)" classname="spec_perl_TestDefaultEndianExprIsBe_t" time="0.000368833541870117" />
    <testcase name="Equals (178)" classname="spec_perl_TestDefaultEndianExprIsBe_t" time="8.91685485839844e-05" />
    <testcase name="Equals (179)" classname="spec_perl_TestDefaultEndianExprIsBe_t" time="6.38961791992188e-05" />
    <testcase name="Equals (180)" classname="spec_perl_TestDefaultEndianExprIsBe_t" time="0.000181913375854492" />
    <testcase name="Equals (181)" classname="spec_perl_TestDefaultEndianExprIsBe_t" time="0.000102043151855469" />
    <testcase name="Equals (182)" classname="spec_perl_TestDefaultEndianExprIsBe_t" time="0.00018310546875" />
    <testcase name="Equals (183)" classname="spec_perl_TestDefaultEndianExprIsBe_t" time="9.48905944824219e-05" />
    <testcase name="Equals (184)" classname="spec_perl_TestDefaultEndianExprIsBe_t" time="0.00014495849609375" />
    <testcase name="Equals (185)" classname="spec_perl_TestDefaultEndianExprIsBe_t" time="0.000127077102661133" />
    <testcase name="Equals (186)" classname="spec_perl_TestDefaultEndianExprIsBe_t" time="0.000143051147460938" />
    <testcase name="Equals (187)" classname="spec_perl_TestDefaultEndianExprIsBe_t" time="0.000157833099365234" />
    <testcase name="Equals (188)" classname="spec_perl_TestDefaultEndianExprIsBe_t" time="0.000167131423950195" />
    <testcase name="Equals (189)" classname="spec_perl_TestDefaultEndianExprIsBe_t" time="0.000124931335449219" />
    <testcase name="Equals (190)" classname="spec_perl_TestDefaultEndianExprIsBe_t" time="0.000146150588989258" />
    <testcase name="Equals (191)" classname="spec_perl_TestDefaultEndianExprIsBe_t" time="0.000118017196655273" />
    <testcase name="Equals (192)" classname="spec_perl_TestDefaultEndianExprIsBe_t" time="0.000148773193359375" />
    <testcase name="Equals (193)" classname="spec_perl_TestDefaultEndianExprIsBe_t" time="0.000145196914672852" />
    <testcase name="Equals (194)" classname="spec_perl_TestDefaultEndianExprIsBe_t" time="0.000154018402099609" />
  </testsuite>
  <testsuite name="spec_perl_TestNestedSameName_t" errors="0" failures="0" skipped="0" tests="2" time="0.0523140430450439">
    <system-out>1..2
ok 1 - Equals
ok 2 - Equals
</system-out>
    <testcase name="Equals (195)" classname="spec_perl_TestNestedSameName_t" time="0.000500917434692383" />
    <testcase name="Equals (196)" classname="spec_perl_TestNestedSameName_t" time="0.000105142593383789" />
  </testsuite>
  <testsuite name="spec_perl_TestParamsPassArrayStr_t" errors="0" failures="1" skipped="6" tests="7" time="0.0551390647888184">
    <system-out>1..7
not ok 1 - test_params_pass_array_str died (Can't use an undefined value as an ARRAY reference at spec/perl/TestParamsPassArrayStr.t line 15.)
ok 2 # skip test_params_pass_array_str died
ok 3 # skip test_params_pass_array_str died
ok 4 # skip test_params_pass_array_str died
ok 5 # skip test_params_pass_array_str died
ok 6 # skip test_params_pass_array_str died
ok 7 # skip test_params_pass_array_str died
</system-out>
    <testcase name="test_params_pass_array_str died (Can't use an undefined value as an ARRAY reference at spec/perl/TestParamsPassArrayStr.t line 15.) (196)" classname="spec_perl_TestParamsPassArrayStr_t" time="0.000901937484741211">
      <failure message="not ok 1 - test_params_pass_array_str died (Can't use an undefined value as an ARRAY reference at spec/perl/TestParamsPassArrayStr.t line 15.)" type="TAP::Parser::Result::Test"></failure>
    </testcase>
    <testcase name="Unnamed test case 196" classname="spec_perl_TestParamsPassArrayStr_t" time="0.000919103622436523">
      <skipped message="ok 2 # skip test_params_pass_array_str died" />
    </testcase>
    <testcase name="Unnamed test case 197" classname="spec_perl_TestParamsPassArrayStr_t" time="0.000381946563720703">
      <skipped message="ok 3 # skip test_params_pass_array_str died" />
    </testcase>
    <testcase name="Unnamed test case 198" classname="spec_perl_TestParamsPassArrayStr_t" time="0.000294923782348633">
      <skipped message="ok 4 # skip test_params_pass_array_str died" />
    </testcase>
    <testcase name="Unnamed test case 199" classname="spec_perl_TestParamsPassArrayStr_t" time="0.00029301643371582">
      <skipped message="ok 5 # skip test_params_pass_array_str died" />
    </testcase>
    <testcase name="Unnamed test case 200" classname="spec_perl_TestParamsPassArrayStr_t" time="0.000229120254516602">
      <skipped message="ok 6 # skip test_params_pass_array_str died" />
    </testcase>
    <testcase name="Unnamed test case 201" classname="spec_perl_TestParamsPassArrayStr_t" time="0.000212907791137695">
      <skipped message="ok 7 # skip test_params_pass_array_str died" />
    </testcase>
  </testsuite>
  <testsuite name="spec_perl_TestBitsSimpleLe_t" errors="0" failures="0" skipped="0" tests="14" time="0.047307014465332">
    <system-out>1..14
ok 1 - Equals
ok 2 - Equals
ok 3 - Equals
ok 4 - Equals
ok 5 - Equals
ok 6 - Equals
ok 7 - Equals
ok 8 - Equals
ok 9 - Equals
ok 10 - Equals
ok 11 - Equals
ok 12 - Equals
ok 13 - Equals
ok 14 - Equals
</system-out>
    <testcase name="Equals (201)" classname="spec_perl_TestBitsSimpleLe_t" time="0.000329971313476562" />
    <testcase name="Equals (202)" classname="spec_perl_TestBitsSimpleLe_t" time="8.48770141601562e-05" />
    <testcase name="Equals (203)" classname="spec_perl_TestBitsSimpleLe_t" time="7.10487365722656e-05" />
    <testcase name="Equals (204)" classname="spec_perl_TestBitsSimpleLe_t" time="0.000184059143066406" />
    <testcase name="Equals (205)" classname="spec_perl_TestBitsSimpleLe_t" time="0.000125885009765625" />
    <testcase name="Equals (206)" classname="spec_perl_TestBitsSimpleLe_t" time="0.000137090682983398" />
    <testcase name="Equals (207)" classname="spec_perl_TestBitsSimpleLe_t" time="0.000145912170410156" />
    <testcase name="Equals (208)" classname="spec_perl_TestBitsSimpleLe_t" time="0.00011897087097168" />
    <testcase name="Equals (209)" classname="spec_perl_TestBitsSimpleLe_t" time="0.00014805793762207" />
    <testcase name="Equals (210)" classname="spec_perl_TestBitsSimpleLe_t" time="0.000112056732177734" />
    <testcase name="Equals (211)" classname="spec_perl_TestBitsSimpleLe_t" time="0.000149965286254883" />
    <testcase name="Equals (212)" classname="spec_perl_TestBitsSimpleLe_t" time="0.000117063522338867" />
    <testcase name="Equals (213)" classname="spec_perl_TestBitsSimpleLe_t" time="0.00014495849609375" />
    <testcase name="Equals (214)" classname="spec_perl_TestBitsSimpleLe_t" time="0.000124931335449219" />
  </testsuite>
  <testsuite name="spec_perl_TestExpr2_t" errors="0" failures="0" skipped="0" tests="17" time="0.0524659156799316">
    <system-out>1..17
ok 1 - Equals
ok 2 - Equals
ok 3 - Equals
ok 4 - Equals
ok 5 - Equals
ok 6 - Equals
ok 7 - Equals
ok 8 - Equals
ok 9 - Equals
ok 10 - Equals
ok 11 - Equals
ok 12 - Equals
ok 13 - Equals
ok 14 - Equals
ok 15 - Equals
ok 16 - Equals
ok 17 - Equals
</system-out>
    <testcase name="Equals (215)" classname="spec_perl_TestExpr2_t" time="0.000780105590820312" />
    <testcase name="Equals (216)" classname="spec_perl_TestExpr2_t" time="0.00010991096496582" />
    <testcase name="Equals (217)" classname="spec_perl_TestExpr2_t" time="6.89029693603516e-05" />
    <testcase name="Equals (218)" classname="spec_perl_TestExpr2_t" time="6.60419464111328e-05" />
    <testcase name="Equals (219)" classname="spec_perl_TestExpr2_t" time="0.000168085098266602" />
    <testcase name="Equals (220)" classname="spec_perl_TestExpr2_t" time="0.000124931335449219" />
    <testcase name="Equals (221)" classname="spec_perl_TestExpr2_t" time="0.000147104263305664" />
    <testcase name="Equals (222)" classname="spec_perl_TestExpr2_t" time="0.000192880630493164" />
    <testcase name="Equals (223)" classname="spec_perl_TestExpr2_t" time="0.000175952911376953" />
    <testcase name="Equals (224)" classname="spec_perl_TestExpr2_t" time="0.0024712085723877" />
    <testcase name="Equals (225)" classname="spec_perl_TestExpr2_t" time="4.79221343994141e-05" />
    <testcase name="Equals (226)" classname="spec_perl_TestExpr2_t" time="2.50339508056641e-05" />
    <testcase name="Equals (227)" classname="spec_perl_TestExpr2_t" time="2.50339508056641e-05" />
    <testcase name="Equals (228)" classname="spec_perl_TestExpr2_t" time="2.88486480712891e-05" />
    <testcase name="Equals (229)" classname="spec_perl_TestExpr2_t" time="2.09808349609375e-05" />
    <testcase name="Equals (230)" classname="spec_perl_TestExpr2_t" time="2.00271606445312e-05" />
    <testcase name="Equals (231)" classname="spec_perl_TestExpr2_t" time="1.9073486328125e-05" />
  </testsuite>
  <testsuite name="spec_perl_TestOpaqueExternalType_t" errors="0" failures="0" skipped="0" tests="3" time="0.0490069389343262">
    <system-out>1..3
ok 1 - Equals
ok 2 - Equals
ok 3 - Equals
</system-out>
    <testcase name="Equals (232)" classname="spec_perl_TestOpaqueExternalType_t" time="0.000397920608520508" />
    <testcase name="Equals (233)" classname="spec_perl_TestOpaqueExternalType_t" time="9.51290130615234e-05" />
    <testcase name="Equals (234)" classname="spec_perl_TestOpaqueExternalType_t" time="7.08103179931641e-05" />
  </testsuite>
  <testsuite name="spec_perl_TestDefaultBigEndian_t" errors="0" failures="0" skipped="0" tests="1" time="0.0455949306488037">
    <system-out>1..1
ok 1 - Equals
</system-out>
    <testcase name="Equals (235)" classname="spec_perl_TestDefaultBigEndian_t" time="0.000272035598754883" />
  </testsuite>
  <testsuite name="spec_perl_TestStrEncodingsDefault_t" errors="0" failures="0" skipped="0" tests="4" time="0.0516979694366455">
    <system-out>1..4
ok 1 - Equals
ok 2 - Equals
ok 3 - Equals
ok 4 - Equals
</system-out>
    <testcase name="Equals (236)" classname="spec_perl_TestStrEncodingsDefault_t" time="0.00356006622314453" />
    <testcase name="Equals (237)" classname="spec_perl_TestStrEncodingsDefault_t" time="0.000123023986816406" />
    <testcase name="Equals (238)" classname="spec_perl_TestStrEncodingsDefault_t" time="5.00679016113281e-05" />
    <testcase name="Equals (239)" classname="spec_perl_TestStrEncodingsDefault_t" time="5.48362731933594e-05" />
  </testsuite>
  <testsuite name="spec_perl_TestImportsRel1_t" errors="0" failures="0" skipped="0" tests="3" time="0.0474231243133545">
    <system-out>1..3
ok 1 - Equals
ok 2 - Equals
ok 3 - Equals
</system-out>
    <testcase name="Equals (240)" classname="spec_perl_TestImportsRel1_t" time="0.000340938568115234" />
    <testcase name="Equals (241)" classname="spec_perl_TestImportsRel1_t" time="9.79900360107422e-05" />
    <testcase name="Equals (242)" classname="spec_perl_TestImportsRel1_t" time="8.89301300048828e-05" />
  </testsuite>
  <testsuite name="spec_perl_TestZlibSurrounded_t" errors="0" failures="0" skipped="0" tests="1" time="0.0677549839019775">
    <system-out>1..1
ok 1 - Equals
</system-out>
    <testcase name="Equals (243)" classname="spec_perl_TestZlibSurrounded_t" time="0.000665187835693359" />
  </testsuite>
  <testsuite name="spec_perl_TestNavParentVsValueInst_t" errors="0" failures="0" skipped="0" tests="1" time="0.0548348426818848">
    <system-out>1..1
ok 1 - Equals
</system-out>
    <testcase name="Equals (244)" classname="spec_perl_TestNavParentVsValueInst_t" time="0.000410079956054688" />
  </testsuite>
  <testsuite name="spec_perl_TestInstanceStd_t" errors="0" failures="0" skipped="0" tests="1" time="0.0488500595092773">
    <system-out>1..1
ok 1 - Equals
</system-out>
    <testcase name="Equals (245)" classname="spec_perl_TestInstanceStd_t" time="0.000298976898193359" />
  </testsuite>
  <testsuite name="spec_perl_TestIfValues_t" errors="0" failures="0" skipped="0" tests="6" time="0.0454540252685547">
    <system-out>1..6
ok 1 - Equals
ok 2 - Equals
ok 3 - Equals
ok 4 - nil
ok 5 - Equals
ok 6 - nil
</system-out>
    <testcase name="Equals (246)" classname="spec_perl_TestIfValues_t" time="0.000280141830444336" />
    <testcase name="Equals (247)" classname="spec_perl_TestIfValues_t" time="7.98702239990234e-05" />
    <testcase name="Equals (248)" classname="spec_perl_TestIfValues_t" time="0.000124931335449219" />
    <testcase name="nil (248)" classname="spec_perl_TestIfValues_t" time="7.60555267333984e-05" />
    <testcase name="Equals (249)" classname="spec_perl_TestIfValues_t" time="0.000111103057861328" />
    <testcase name="nil (249)" classname="spec_perl_TestIfValues_t" time="5.60283660888672e-05" />
  </testsuite>
  <testsuite name="spec_perl_TestIndexSizes_t" errors="0" failures="0" skipped="0" tests="7" time="0.0505290031433105">
    <system-out>1..7
ok 1 - Equals
ok 2 - Equals
ok 3 - Equals
ok 4 - Equals
ok 5 - Equals
ok 6 - Equals
ok 7 - Equals
</system-out>
    <testcase name="Equals (250)" classname="spec_perl_TestIndexSizes_t" time="0.000345945358276367" />
    <testcase name="Equals (251)" classname="spec_perl_TestIndexSizes_t" time="9.01222229003906e-05" />
    <testcase name="Equals (252)" classname="spec_perl_TestIndexSizes_t" time="0.000120878219604492" />
    <testcase name="Equals (253)" classname="spec_perl_TestIndexSizes_t" time="0.000145196914672852" />
    <testcase name="Equals (254)" classname="spec_perl_TestIndexSizes_t" time="0.000116825103759766" />
    <testcase name="Equals (255)" classname="spec_perl_TestIndexSizes_t" time="0.000156164169311523" />
    <testcase name="Equals (256)" classname="spec_perl_TestIndexSizes_t" time="0.000111818313598633" />
  </testsuite>
  <testsuite name="spec_perl_TestImportsCircularA_t" errors="0" failures="0" skipped="0" tests="5" time="0.0493190288543701">
    <system-out>1..5
ok 1 - Equals
ok 2 - Equals
ok 3 - Equals
ok 4 - Equals
ok 5 - nil
</system-out>
    <testcase name="Equals (257)" classname="spec_perl_TestImportsCircularA_t" time="0.000358819961547852" />
    <testcase name="Equals (258)" classname="spec_perl_TestImportsCircularA_t" time="8.91685485839844e-05" />
    <testcase name="Equals (259)" classname="spec_perl_TestImportsCircularA_t" time="8.48770141601562e-05" />
    <testcase name="Equals (260)" classname="spec_perl_TestImportsCircularA_t" time="0.000146150588989258" />
    <testcase name="nil (260)" classname="spec_perl_TestImportsCircularA_t" time="6.07967376708984e-05" />
  </testsuite>
  <testsuite name="spec_perl_TestImports0_t" errors="0" failures="0" skipped="0" tests="3" time="0.046051025390625">
    <system-out>1..3
ok 1 - Equals
ok 2 - Equals
ok 3 - Equals
</system-out>
    <testcase name="Equals (261)" classname="spec_perl_TestImports0_t" time="0.000346899032592773" />
    <testcase name="Equals (262)" classname="spec_perl_TestImports0_t" time="8.70227813720703e-05" />
    <testcase name="Equals (263)" classname="spec_perl_TestImports0_t" time="0.000114917755126953" />
  </testsuite>
  <testsuite name="spec_perl_TestEnumNegative_t" errors="0" failures="0" skipped="0" tests="2" time="0.045180082321167">
    <system-out>1..2
ok 1 - Equals
ok 2 - Equals
</system-out>
    <testcase name="Equals (264)" classname="spec_perl_TestEnumNegative_t" time="0.000242948532104492" />
    <testcase name="Equals (265)" classname="spec_perl_TestEnumNegative_t" time="0.000101089477539062" />
  </testsuite>
  <testsuite name="spec_perl_TestIoLocalVar_t" errors="0" failures="0" skipped="0" tests="2" time="0.0456380844116211">
    <system-out>1..2
ok 1 - Equals
ok 2 - Equals
</system-out>
    <testcase name="Equals (266)" classname="spec_perl_TestIoLocalVar_t" time="0.000687122344970703" />
    <testcase name="Equals (267)" classname="spec_perl_TestIoLocalVar_t" time="0.000137805938720703" />
  </testsuite>
  <testsuite name="spec_perl_TestProcessRepeatBytes_t" errors="0" failures="0" skipped="0" tests="2" time="0.0503630638122559">
    <system-out>1..2
ok 1 - Equals
ok 2 - Equals
</system-out>
    <testcase name="Equals (268)" classname="spec_perl_TestProcessRepeatBytes_t" time="0.000288009643554688" />
    <testcase name="Equals (269)" classname="spec_perl_TestProcessRepeatBytes_t" time="7.79628753662109e-05" />
  </testsuite>
  <testsuite name="spec_perl_TestStrEncodings_t" errors="0" failures="0" skipped="0" tests="4" time="0.0685901641845703">
    <system-out>1..4
ok 1 - Equals
ok 2 - Equals
ok 3 - Equals
ok 4 - Equals
</system-out>
    <testcase name="Equals (270)" classname="spec_perl_TestStrEncodings_t" time="0.0203700065612793" />
    <testcase name="Equals (271)" classname="spec_perl_TestStrEncodings_t" time="0.000150918960571289" />
    <testcase name="Equals (272)" classname="spec_perl_TestStrEncodings_t" time="5.19752502441406e-05" />
    <testcase name="Equals (273)" classname="spec_perl_TestStrEncodings_t" time="5.79357147216797e-05" />
  </testsuite>
  <testsuite name="spec_perl_TestExpr3_t" errors="0" failures="0" skipped="0" tests="12" time="0.054185152053833">
    <system-out>1..12
ok 1 - Equals
ok 2 - Equals
ok 3 - Equals
ok 4 - Equals
ok 5 - Equals
ok 6 - Equals
ok 7 - Equals
ok 8 - Equals
ok 9 - Equals
ok 10 - Equals
ok 11 - Equals
ok 12 - Equals
</system-out>
    <testcase name="Equals (274)" classname="spec_perl_TestExpr3_t" time="0.000325918197631836" />
    <testcase name="Equals (275)" classname="spec_perl_TestExpr3_t" time="8.20159912109375e-05" />
    <testcase name="Equals (276)" classname="spec_perl_TestExpr3_t" time="0.000127077102661133" />
    <testcase name="Equals (277)" classname="spec_perl_TestExpr3_t" time="0.000126838684082031" />
    <testcase name="Equals (278)" classname="spec_perl_TestExpr3_t" time="0.000151157379150391" />
    <testcase name="Equals (279)" classname="spec_perl_TestExpr3_t" time="0.000118017196655273" />
    <testcase name="Equals (280)" classname="spec_perl_TestExpr3_t" time="0.000168800354003906" />
    <testcase name="Equals (281)" classname="spec_perl_TestExpr3_t" time="0.000118017196655273" />
    <testcase name="Equals (282)" classname="spec_perl_TestExpr3_t" time="0.00015711784362793" />
    <testcase name="Equals (283)" classname="spec_perl_TestExpr3_t" time="0.000133991241455078" />
    <testcase name="Equals (284)" classname="spec_perl_TestExpr3_t" time="0.000158071517944336" />
    <testcase name="Equals (285)" classname="spec_perl_TestExpr3_t" time="0.000175952911376953" />
  </testsuite>
  <testsuite name="spec_perl_TestProcessXor4Const_t" errors="0" failures="0" skipped="0" tests="2" time="0.0455238819122314">
    <system-out>1..2
ok 1 - Equals
ok 2 - Equals
</system-out>
    <testcase name="Equals (286)" classname="spec_perl_TestProcessXor4Const_t" time="0.000295162200927734" />
    <testcase name="Equals (287)" classname="spec_perl_TestProcessXor4Const_t" time="8.392333984375e-05" />
  </testsuite>
  <testsuite name="spec_perl_TestEnumDeepLiterals_t" errors="0" failures="0" skipped="0" tests="2" time="0.0467021465301514">
    <system-out>1..2
ok 1 - Equals
ok 2 - Equals
</system-out>
    <testcase name="Equals (288)" classname="spec_perl_TestEnumDeepLiterals_t" time="0.000284910202026367" />
    <testcase name="Equals (289)" classname="spec_perl_TestEnumDeepLiterals_t" time="9.20295715332031e-05" />
  </testsuite>
  <testsuite name="spec_perl_TestExprBits_t" errors="0" failures="0" skipped="0" tests="10" time="0.0527400970458984">
    <system-out>1..10
ok 1 - Equals
ok 2 - Equals
ok 3 - Equals
ok 4 - Equals
ok 5 - Equals
ok 6 - Equals
ok 7 - Equals
ok 8 - Equals
ok 9 - Equals
ok 10 - Equals
</system-out>
    <testcase name="Equals (290)" classname="spec_perl_TestExprBits_t" time="0.000348091125488281" />
    <testcase name="Equals (291)" classname="spec_perl_TestExprBits_t" time="8.58306884765625e-05" />
    <testcase name="Equals (292)" classname="spec_perl_TestExprBits_t" time="5.91278076171875e-05" />
    <testcase name="Equals (293)" classname="spec_perl_TestExprBits_t" time="0.000149011611938477" />
    <testcase name="Equals (294)" classname="spec_perl_TestExprBits_t" time="0.000136852264404297" />
    <testcase name="Equals (295)" classname="spec_perl_TestExprBits_t" time="0.000112056732177734" />
    <testcase name="Equals (296)" classname="spec_perl_TestExprBits_t" time="0.000142097473144531" />
    <testcase name="Equals (297)" classname="spec_perl_TestExprBits_t" time="0.000113964080810547" />
    <testcase name="Equals (298)" classname="spec_perl_TestExprBits_t" time="0.000128984451293945" />
    <testcase name="Equals (299)" classname="spec_perl_TestExprBits_t" time="0.000163078308105469" />
  </testsuite>
  <testsuite name="spec_perl_TestRepeatEosBit_t" errors="0" failures="0" skipped="0" tests="1" time="0.0449230670928955">
    <system-out>1..1
ok 1 - Equals
</system-out>
    <testcase name="Equals (300)" classname="spec_perl_TestRepeatEosBit_t" time="0.000353097915649414" />
  </testsuite>
  <testsuite name="spec_perl_TestProcessXorConst_t" errors="0" failures="0" skipped="0" tests="2" time="0.0459659099578857">
    <system-out>1..2
ok 1 - Equals
ok 2 - Equals
</system-out>
    <testcase name="Equals (301)" classname="spec_perl_TestProcessXorConst_t" time="0.000270843505859375" />
    <testcase name="Equals (302)" classname="spec_perl_TestProcessXorConst_t" time="7.70092010498047e-05" />
  </testsuite>
  <testsuite name="spec_perl_TestSwitchManualEnumInvalidElse_t" errors="0" failures="0" skipped="0" tests="5" time="0.0510530471801758">
    <system-out>1..5
ok 1 - Equals
ok 2 - Equals
ok 3 - Equals
ok 4 - Equals
ok 5 - Equals
</system-out>
    <testcase name="Equals (303)" classname="spec_perl_TestSwitchManualEnumInvalidElse_t" time="0.000365018844604492" />
    <testcase name="Equals (304)" classname="spec_perl_TestSwitchManualEnumInvalidElse_t" time="8.98838043212891e-05" />
    <testcase name="Equals (305)" classname="spec_perl_TestSwitchManualEnumInvalidElse_t" time="5.91278076171875e-05" />
    <testcase name="Equals (306)" classname="spec_perl_TestSwitchManualEnumInvalidElse_t" time="0.000190973281860352" />
    <testcase name="Equals (307)" classname="spec_perl_TestSwitchManualEnumInvalidElse_t" time="6.89029693603516e-05" />
  </testsuite>
  <testsuite name="spec_perl_TestFixedContents_t" errors="1" failures="0" skipped="0" tests="0" time="0.0472569465637207">
    <system-out></system-out>
    <testcase name="Test died too soon, even before plan. (307)" classname="spec_perl_TestFixedContents_t" time="0.0472569465637207">
      <failure message="The test suite died before a plan was produced. You need to have a plan." type="Plan">No plan</failure>
    </testcase>
  </testsuite>
  <testsuite name="spec_perl_TestSwitchManualStr_t" errors="0" failures="0" skipped="0" tests="9" time="0.0498800277709961">
    <system-out>1..9
ok 1 - Equals
ok 2 - Equals
ok 3 - Equals
ok 4 - Equals
ok 5 - Equals
ok 6 - Equals
ok 7 - Equals
ok 8 - Equals
ok 9 - Equals
</system-out>
    <testcase name="Equals (308)" classname="spec_perl_TestSwitchManualStr_t" time="0.000349998474121094" />
    <testcase name="Equals (309)" classname="spec_perl_TestSwitchManualStr_t" time="8.79764556884766e-05" />
    <testcase name="Equals (310)" classname="spec_perl_TestSwitchManualStr_t" time="8.0108642578125e-05" />
    <testcase name="Equals (311)" classname="spec_perl_TestSwitchManualStr_t" time="0.000171899795532227" />
    <testcase name="Equals (312)" classname="spec_perl_TestSwitchManualStr_t" time="0.000102043151855469" />
    <testcase name="Equals (313)" classname="spec_perl_TestSwitchManualStr_t" time="0.000158071517944336" />
    <testcase name="Equals (314)" classname="spec_perl_TestSwitchManualStr_t" time="0.000103950500488281" />
    <testcase name="Equals (315)" classname="spec_perl_TestSwitchManualStr_t" time="0.000159025192260742" />
    <testcase name="Equals (316)" classname="spec_perl_TestSwitchManualStr_t" time="0.000119924545288086" />
  </testsuite>
  <testsuite name="spec_perl_TestSwitchManualEnumInvalid_t" errors="0" failures="0" skipped="0" tests="5" time="0.0523831844329834">
    <system-out>1..5
ok 1 - Equals
ok 2 - Equals
ok 3 - nil
ok 4 - Equals
ok 5 - nil
</system-out>
    <testcase name="Equals (317)" classname="spec_perl_TestSwitchManualEnumInvalid_t" time="0.000318050384521484" />
    <testcase name="Equals (318)" classname="spec_perl_TestSwitchManualEnumInvalid_t" time="9.48905944824219e-05" />
    <testcase name="nil (318)" classname="spec_perl_TestSwitchManualEnumInvalid_t" time="5.81741333007812e-05" />
    <testcase name="Equals (319)" classname="spec_perl_TestSwitchManualEnumInvalid_t" time="0.000157833099365234" />
    <testcase name="nil (319)" classname="spec_perl_TestSwitchManualEnumInvalid_t" time="6.50882720947266e-05" />
  </testsuite>
  <testsuite name="spec_perl_TestExprArray_t" errors="0" failures="1" skipped="0" tests="15" time="0.0543911457061768">
    <system-out>1..15
ok 1 - Equals
ok 2 - Equals
ok 3 - Equals
ok 4 - Equals
ok 5 - Equals
ok 6 - Equals
ok 7 - Equals
ok 8 - Equals
not ok 9 - Equals
ok 10 - Equals
ok 11 - Equals
ok 12 - Equals
ok 13 - Equals
ok 14 - Equals
ok 15 - Equals
</system-out>
    <testcase name="Equals (320)" classname="spec_perl_TestExprArray_t" time="0.000430822372436523" />
    <testcase name="Equals (321)" classname="spec_perl_TestExprArray_t" time="0.000130176544189453" />
    <testcase name="Equals (322)" classname="spec_perl_TestExprArray_t" time="6.07967376708984e-05" />
    <testcase name="Equals (323)" classname="spec_perl_TestExprArray_t" time="7.82012939453125e-05" />
    <testcase name="Equals (324)" classname="spec_perl_TestExprArray_t" time="0.000152826309204102" />
    <testcase name="Equals (325)" classname="spec_perl_TestExprArray_t" time="0.000127077102661133" />
    <testcase name="Equals (326)" classname="spec_perl_TestExprArray_t" time="0.000164985656738281" />
    <testcase name="Equals (327)" classname="spec_perl_TestExprArray_t" time="0.000128984451293945" />
    <testcase name="Equals (328)" classname="spec_perl_TestExprArray_t" time="0.000251054763793945">
      <failure message="not ok 9 - Equals" type="TAP::Parser::Result::Test"></failure>
    </testcase>
    <testcase name="Equals (329)" classname="spec_perl_TestExprArray_t" time="0.00370097160339355" />
    <testcase name="Equals (330)" classname="spec_perl_TestExprArray_t" time="9.98973846435547e-05" />
    <testcase name="Equals (331)" classname="spec_perl_TestExprArray_t" time="3.31401824951172e-05" />
    <testcase name="Equals (332)" classname="spec_perl_TestExprArray_t" time="3.79085540771484e-05" />
    <testcase name="Equals (333)" classname="spec_perl_TestExprArray_t" time="3.00407409667969e-05" />
    <testcase name="Equals (334)" classname="spec_perl_TestExprArray_t" time="2.81333923339844e-05" />
  </testsuite>
  <testsuite name="spec_perl_TestEnumIntRangeU_t" errors="0" failures="0" skipped="0" tests="2" time="0.0454239845275879">
    <system-out>1..2
ok 1 - Equals
ok 2 - Equals
</system-out>
    <testcase name="Equals (335)" classname="spec_perl_TestEnumIntRangeU_t" time="0.000290155410766602" />
    <testcase name="Equals (336)" classname="spec_perl_TestEnumIntRangeU_t" time="7.58171081542969e-05" />
  </testsuite>
  <testsuite name="spec_perl_TestBytesPadTerm_t" errors="0" failures="0" skipped="0" tests="4" time="0.045753002166748">
    <system-out>1..4
ok 1 - Equals
ok 2 - Equals
ok 3 - Equals
ok 4 - Equals
</system-out>
    <testcase name="Equals (337)" classname="spec_perl_TestBytesPadTerm_t" time="0.000285863876342773" />
    <testcase name="Equals (338)" classname="spec_perl_TestBytesPadTerm_t" time="8.0108642578125e-05" />
    <testcase name="Equals (339)" classname="spec_perl_TestBytesPadTerm_t" time="0.000168085098266602" />
    <testcase name="Equals (340)" classname="spec_perl_TestBytesPadTerm_t" time="9.79900360107422e-05" />
  </testsuite>
  <testsuite name="spec_perl_TestRepeatEosStruct_t" errors="0" failures="0" skipped="0" tests="5" time="0.0458757877349854">
    <system-out>1..5
ok 1 - Equals
ok 2 - Equals
ok 3 - Equals
ok 4 - Equals
ok 5 - Equals
</system-out>
    <testcase name="Equals (341)" classname="spec_perl_TestRepeatEosStruct_t" time="0.000274181365966797" />
    <testcase name="Equals (342)" classname="spec_perl_TestRepeatEosStruct_t" time="8.29696655273438e-05" />
    <testcase name="Equals (343)" classname="spec_perl_TestRepeatEosStruct_t" time="0.000159025192260742" />
    <testcase name="Equals (344)" classname="spec_perl_TestRepeatEosStruct_t" time="9.08374786376953e-05" />
    <testcase name="Equals (345)" classname="spec_perl_TestRepeatEosStruct_t" time="0.000189065933227539" />
  </testsuite>
  <testsuite name="spec_perl_TestEosExceptionU4_t" errors="0" failures="0" skipped="0" tests="1" time="0.0466070175170898">
    <system-out>1..1
ok 1 - Died
</system-out>
    <testcase name="Died (345)" classname="spec_perl_TestEosExceptionU4_t" time="0.000550985336303711" />
  </testsuite>
  <testsuite name="spec_perl_TestParamsPassUsertype_t" errors="0" failures="1" skipped="1" tests="2" time="0.0517570972442627">
    <system-out>1..2
not ok 1 - test_params_pass_usertype died (Can't call method &quot;foo&quot; on an undefined value at compiled/perl/ParamsPassUsertype.pm line 119.)
ok 2 # skip test_params_pass_usertype died
</system-out>
    <testcase name="test_params_pass_usertype died (Can't call method &quot;foo&quot; on an undefined value at compiled/perl/ParamsPassUsertype.pm line 119.) (345)" classname="spec_perl_TestParamsPassUsertype_t" time="0.000367164611816406">
      <failure message="not ok 1 - test_params_pass_usertype died (Can't call method &quot;foo&quot; on an undefined value at compiled/perl/ParamsPassUsertype.pm line 119.)" type="TAP::Parser::Result::Test"></failure>
    </testcase>
    <testcase name="Unnamed test case 345" classname="spec_perl_TestParamsPassUsertype_t" time="0.00238299369812012">
      <skipped message="ok 2 # skip test_params_pass_usertype died" />
    </testcase>
  </testsuite>
  <testsuite name="spec_perl_TestImportsAbsRel_t" errors="0" failures="0" skipped="0" tests="3" time="0.0490021705627441">
    <system-out>1..3
ok 1 - Equals
ok 2 - Equals
ok 3 - Equals
</system-out>
    <testcase name="Equals (346)" classname="spec_perl_TestImportsAbsRel_t" time="0.000346183776855469" />
    <testcase name="Equals (347)" classname="spec_perl_TestImportsAbsRel_t" time="0.000128984451293945" />
    <testcase name="Equals (348)" classname="spec_perl_TestImportsAbsRel_t" time="8.392333984375e-05" />
  </testsuite>
  <testsuite name="spec_perl_TestParamsCallExtraParens_t" errors="0" failures="1" skipped="0" tests="1" time="0.0514111518859863">
    <system-out>1..1
not ok 1 - Equals
</system-out>
    <testcase name="Equals (349)" classname="spec_perl_TestParamsCallExtraParens_t" time="0.0042870044708252">
      <failure message="not ok 1 - Equals" type="TAP::Parser::Result::Test"></failure>
    </testcase>
  </testsuite>
  <testsuite name="spec_perl_TestProcessRepeatUsertype_t" errors="0" failures="0" skipped="0" tests="4" time="0.0488748550415039">
    <system-out>1..4
ok 1 - Equals
ok 2 - Equals
ok 3 - Equals
ok 4 - Equals
</system-out>
    <testcase name="Equals (350)" classname="spec_perl_TestProcessRepeatUsertype_t" time="0.000868082046508789" />
    <testcase name="Equals (351)" classname="spec_perl_TestProcessRepeatUsertype_t" time="0.000114917755126953" />
    <testcase name="Equals (352)" classname="spec_perl_TestProcessRepeatUsertype_t" time="6.103515625e-05" />
    <testcase name="Equals (353)" classname="spec_perl_TestProcessRepeatUsertype_t" time="0.000231027603149414" />
  </testsuite>
  <testsuite name="spec_perl_TestBitsSeqEndianCombo_t" errors="0" failures="0" skipped="0" tests="8" time="0.0481090545654297">
    <system-out>1..8
ok 1 - Equals
ok 2 - Equals
ok 3 - Equals
ok 4 - Equals
ok 5 - Equals
ok 6 - Equals
ok 7 - Equals
ok 8 - Equals
</system-out>
    <testcase name="Equals (354)" classname="spec_perl_TestBitsSeqEndianCombo_t" time="0.000343084335327148" />
    <testcase name="Equals (355)" classname="spec_perl_TestBitsSeqEndianCombo_t" time="8.48770141601562e-05" />
    <testcase name="Equals (356)" classname="spec_perl_TestBitsSeqEndianCombo_t" time="0.000174999237060547" />
    <testcase name="Equals (357)" classname="spec_perl_TestBitsSeqEndianCombo_t" time="0.000127077102661133" />
    <testcase name="Equals (358)" classname="spec_perl_TestBitsSeqEndianCombo_t" time="0.000152111053466797" />
    <testcase name="Equals (359)" classname="spec_perl_TestBitsSeqEndianCombo_t" time="0.000123023986816406" />
    <testcase name="Equals (360)" classname="spec_perl_TestBitsSeqEndianCombo_t" time="0.00014495849609375" />
    <testcase name="Equals (361)" classname="spec_perl_TestBitsSeqEndianCombo_t" time="0.000114917755126953" />
  </testsuite>
  <testsuite name="spec_perl_TestSwitchIntegers2_t" errors="0" failures="0" skipped="0" tests="5" time="0.0461859703063965">
    <system-out>1..5
ok 1 - Equals
ok 2 - Equals
ok 3 - Equals
ok 4 - Equals
ok 5 - Equals
</system-out>
    <testcase name="Equals (362)" classname="spec_perl_TestSwitchIntegers2_t" time="0.000275850296020508" />
    <testcase name="Equals (363)" classname="spec_perl_TestSwitchIntegers2_t" time="8.51154327392578e-05" />
    <testcase name="Equals (364)" classname="spec_perl_TestSwitchIntegers2_t" time="0.000159978866577148" />
    <testcase name="Equals (365)" classname="spec_perl_TestSwitchIntegers2_t" time="9.39369201660156e-05" />
    <testcase name="Equals (366)" classname="spec_perl_TestSwitchIntegers2_t" time="0.000177145004272461" />
  </testsuite>
  <testsuite name="spec_perl_TestCastToTop_t" errors="0" failures="0" skipped="0" tests="3" time="0.0455639362335205">
    <system-out>1..3
ok 1 - Equals
ok 2 - Equals
ok 3 - Equals
</system-out>
    <testcase name="Equals (367)" classname="spec_perl_TestCastToTop_t" time="0.000272989273071289" />
    <testcase name="Equals (368)" classname="spec_perl_TestCastToTop_t" time="8.08238983154297e-05" />
    <testcase name="Equals (369)" classname="spec_perl_TestCastToTop_t" time="0.000153064727783203" />
  </testsuite>
  <testsuite name="spec_perl_TestNavParentFalse2_t" errors="0" failures="0" skipped="0" tests="1" time="0.0513491630554199">
    <system-out>1..1
ok 1 - Equals
</system-out>
    <testcase name="Equals (370)" classname="spec_perl_TestNavParentFalse2_t" time="0.000282049179077148" />
  </testsuite>
  <testsuite name="spec_perl_TestExprCalcArrayOps_t" errors="0" failures="1" skipped="17" tests="18" time="0.0553789138793945">
    <system-out>1..18
not ok 1 - test_expr_calc_array_ops died (Can't use string (&quot;1000&quot;) as an ARRAY ref while &quot;strict refs&quot; in use at compiled/perl/ExprCalcArrayOps.pm line 50.)
ok 2 # skip test_expr_calc_array_ops died
ok 3 # skip test_expr_calc_array_ops died
ok 4 # skip test_expr_calc_array_ops died
ok 5 # skip test_expr_calc_array_ops died
ok 6 # skip test_expr_calc_array_ops died
ok 7 # skip test_expr_calc_array_ops died
ok 8 # skip test_expr_calc_array_ops died
ok 9 # skip test_expr_calc_array_ops died
ok 10 # skip test_expr_calc_array_ops died
ok 11 # skip test_expr_calc_array_ops died
ok 12 # skip test_expr_calc_array_ops died
ok 13 # skip test_expr_calc_array_ops died
ok 14 # skip test_expr_calc_array_ops died
ok 15 # skip test_expr_calc_array_ops died
ok 16 # skip test_expr_calc_array_ops died
ok 17 # skip test_expr_calc_array_ops died
ok 18 # skip test_expr_calc_array_ops died
</system-out>
    <testcase name="test_expr_calc_array_ops died (Can't use string (&quot;1000&quot;) as an ARRAY ref while &quot;strict refs&quot; in use at compiled/perl/ExprCalcArrayOps.pm line 50.) (370)" classname="spec_perl_TestExprCalcArrayOps_t" time="0.000143051147460938">
      <failure message="not ok 1 - test_expr_calc_array_ops died (Can't use string (&quot;1000&quot;) as an ARRAY ref while &quot;strict refs&quot; in use at compiled/perl/ExprCalcArrayOps.pm line 50.)" type="TAP::Parser::Result::Test"></failure>
    </testcase>
    <testcase name="Unnamed test case 370" classname="spec_perl_TestExprCalcArrayOps_t" time="7.29560852050781e-05">
      <skipped message="ok 2 # skip test_expr_calc_array_ops died" />
    </testcase>
    <testcase name="Unnamed test case 371" classname="spec_perl_TestExprCalcArrayOps_t" time="4.60147857666016e-05">
      <skipped message="ok 3 # skip test_expr_calc_array_ops died" />
    </testcase>
    <testcase name="Unnamed test case 372" classname="spec_perl_TestExprCalcArrayOps_t" time="4.10079956054688e-05">
      <skipped message="ok 4 # skip test_expr_calc_array_ops died" />
    </testcase>
    <testcase name="Unnamed test case 373" classname="spec_perl_TestExprCalcArrayOps_t" time="4.1961669921875e-05">
      <skipped message="ok 5 # skip test_expr_calc_array_ops died" />
    </testcase>
    <testcase name="Unnamed test case 374" classname="spec_perl_TestExprCalcArrayOps_t" time="4.1961669921875e-05">
      <skipped message="ok 6 # skip test_expr_calc_array_ops died" />
    </testcase>
    <testcase name="Unnamed test case 375" classname="spec_perl_TestExprCalcArrayOps_t" time="3.79085540771484e-05">
      <skipped message="ok 7 # skip test_expr_calc_array_ops died" />
    </testcase>
    <testcase name="Unnamed test case 376" classname="spec_perl_TestExprCalcArrayOps_t" time="3.71932983398438e-05">
      <skipped message="ok 8 # skip test_expr_calc_array_ops died" />
    </testcase>
    <testcase name="Unnamed test case 377" classname="spec_perl_TestExprCalcArrayOps_t" time="5.19752502441406e-05">
      <skipped message="ok 9 # skip test_expr_calc_array_ops died" />
    </testcase>
    <testcase name="Unnamed test case 378" classname="spec_perl_TestExprCalcArrayOps_t" time="3.79085540771484e-05">
      <skipped message="ok 10 # skip test_expr_calc_array_ops died" />
    </testcase>
    <testcase name="Unnamed test case 379" classname="spec_perl_TestExprCalcArrayOps_t" time="3.79085540771484e-05">
      <skipped message="ok 11 # skip test_expr_calc_array_ops died" />
    </testcase>
    <testcase name="Unnamed test case 380" classname="spec_perl_TestExprCalcArrayOps_t" time="3.814697265625e-05">
      <skipped message="ok 12 # skip test_expr_calc_array_ops died" />
    </testcase>
    <testcase name="Unnamed test case 381" classname="spec_perl_TestExprCalcArrayOps_t" time="4.1961669921875e-05">
      <skipped message="ok 13 # skip test_expr_calc_array_ops died" />
    </testcase>
    <testcase name="Unnamed test case 382" classname="spec_perl_TestExprCalcArrayOps_t" time="3.69548797607422e-05">
      <skipped message="ok 14 # skip test_expr_calc_array_ops died" />
    </testcase>
    <testcase name="Unnamed test case 383" classname="spec_perl_TestExprCalcArrayOps_t" time="4.1961669921875e-05">
      <skipped message="ok 15 # skip test_expr_calc_array_ops died" />
    </testcase>
    <testcase name="Unnamed test case 384" classname="spec_perl_TestExprCalcArrayOps_t" time="4.22000885009766e-05">
      <skipped message="ok 16 # skip test_expr_calc_array_ops died" />
    </testcase>
    <testcase name="Unnamed test case 385" classname="spec_perl_TestExprCalcArrayOps_t" time="3.98159027099609e-05">
      <skipped message="ok 17 # skip test_expr_calc_array_ops died" />
    </testcase>
    <testcase name="Unnamed test case 386" classname="spec_perl_TestExprCalcArrayOps_t" time="7.70092010498047e-05">
      <skipped message="ok 18 # skip test_expr_calc_array_ops died" />
    </testcase>
  </testsuite>
  <testsuite name="spec_perl_TestExprBytesLiteral_t" errors="1" failures="0" skipped="0" tests="0" time="0.0441060066223145">
    <system-out></system-out>
    <testcase name="Test died too soon, even before plan. (386)" classname="spec_perl_TestExprBytesLiteral_t" time="0.0441060066223145">
      <failure message="The test suite died before a plan was produced. You need to have a plan." type="Plan">No plan</failure>
    </testcase>
  </testsuite>
  <testsuite name="spec_perl_TestParamsEnum_t" errors="0" failures="1" skipped="0" tests="2" time="0.0550251007080078">
    <system-out>1..2
ok 1 - Equals
not ok 2 - Equals
</system-out>
    <testcase name="Equals (386)" classname="spec_perl_TestParamsEnum_t" time="0.000258922576904297" />
    <testcase name="Equals (387)" classname="spec_perl_TestParamsEnum_t" time="0.000193119049072266">
      <failure message="not ok 2 - Equals" type="TAP::Parser::Result::Test"></failure>
    </testcase>
  </testsuite>
  <testsuite name="spec_perl_TestEofExceptionU4_t" errors="0" failures="0" skipped="0" tests="1" time="0.0454509258270264">
    <system-out>1..1
ok 1 - Died
</system-out>
    <testcase name="Died (387)" classname="spec_perl_TestEofExceptionU4_t" time="0.000169992446899414" />
  </testsuite>
  <testsuite name="spec_perl_TestProcessXorValue_t" errors="0" failures="0" skipped="0" tests="2" time="0.0454010963439941">
    <system-out>1..2
ok 1 - Equals
ok 2 - Equals
</system-out>
    <testcase name="Equals (388)" classname="spec_perl_TestProcessXorValue_t" time="0.0002899169921875" />
    <testcase name="Equals (389)" classname="spec_perl_TestProcessXorValue_t" time="9.51290130615234e-05" />
  </testsuite>
  <testsuite name="spec_perl_TestOpaqueExternalType02Parent_t" errors="0" failures="0" skipped="0" tests="3" time="0.0495340824127197">
    <system-out>1..3
ok 1 - Equals
ok 2 - Equals
ok 3 - Equals
</system-out>
    <testcase name="Equals (390)" classname="spec_perl_TestOpaqueExternalType02Parent_t" time="0.000410079956054688" />
    <testcase name="Equals (391)" classname="spec_perl_TestOpaqueExternalType02Parent_t" time="9.60826873779297e-05" />
    <testcase name="Equals (392)" classname="spec_perl_TestOpaqueExternalType02Parent_t" time="5.79357147216797e-05" />
  </testsuite>
  <testsuite name="spec_perl_TestCombineEnum_t" errors="0" failures="0" skipped="0" tests="3" time="0.0454161167144775">
    <system-out>1..3
ok 1 - Equals
ok 2 - Equals
ok 3 - Equals
</system-out>
    <testcase name="Equals (393)" classname="spec_perl_TestCombineEnum_t" time="0.000315189361572266" />
    <testcase name="Equals (394)" classname="spec_perl_TestCombineEnum_t" time="8.29696655273438e-05" />
    <testcase name="Equals (395)" classname="spec_perl_TestCombineEnum_t" time="0.000115871429443359" />
  </testsuite>
  <testsuite name="spec_perl_TestProcessRotate_t" errors="0" failures="0" skipped="0" tests="3" time="0.0463171005249023">
    <system-out>1..3
ok 1 - Equals
ok 2 - Equals
ok 3 - Equals
</system-out>
    <testcase name="Equals (396)" classname="spec_perl_TestProcessRotate_t" time="0.000339984893798828" />
    <testcase name="Equals (397)" classname="spec_perl_TestProcessRotate_t" time="8.70227813720703e-05" />
    <testcase name="Equals (398)" classname="spec_perl_TestProcessRotate_t" time="0.000188827514648438" />
  </testsuite>
  <testsuite name="spec_perl_TestSwitchBytearray_t" errors="0" failures="0" skipped="0" tests="9" time="0.0496418476104736">
    <system-out>1..9
ok 1 - Equals
ok 2 - Equals
ok 3 - Equals
ok 4 - Equals
ok 5 - Equals
ok 6 - Equals
ok 7 - Equals
ok 8 - Equals
ok 9 - Equals
</system-out>
    <testcase name="Equals (399)" classname="spec_perl_TestSwitchBytearray_t" time="0.000348806381225586" />
    <testcase name="Equals (400)" classname="spec_perl_TestSwitchBytearray_t" time="8.82148742675781e-05" />
    <testcase name="Equals (401)" classname="spec_perl_TestSwitchBytearray_t" time="8.58306884765625e-05" />
    <testcase name="Equals (402)" classname="spec_perl_TestSwitchBytearray_t" time="0.000184059143066406" />
    <testcase name="Equals (403)" classname="spec_perl_TestSwitchBytearray_t" time="8.89301300048828e-05" />
    <testcase name="Equals (404)" classname="spec_perl_TestSwitchBytearray_t" time="0.000169992446899414" />
    <testcase name="Equals (405)" classname="spec_perl_TestSwitchBytearray_t" time="0.000116109848022461" />
    <testcase name="Equals (406)" classname="spec_perl_TestSwitchBytearray_t" time="0.000213861465454102" />
    <testcase name="Equals (407)" classname="spec_perl_TestSwitchBytearray_t" time="0.000102043151855469" />
  </testsuite>
  <testsuite name="spec_perl_TestEnumImport_t" errors="0" failures="2" skipped="0" tests="2" time="0.0486681461334229">
    <system-out>1..2
not ok 1 - Equals
not ok 2 - Equals
</system-out>
    <testcase name="Equals (408)" classname="spec_perl_TestEnumImport_t" time="0.000184059143066406">
      <failure message="not ok 1 - Equals" type="TAP::Parser::Result::Test"></failure>
    </testcase>
    <testcase name="Equals (409)" classname="spec_perl_TestEnumImport_t" time="5.60283660888672e-05">
      <failure message="not ok 2 - Equals" type="TAP::Parser::Result::Test"></failure>
    </testcase>
  </testsuite>
  <testsuite name="spec_perl_TestSwitchManualInt_t" errors="0" failures="0" skipped="0" tests="9" time="0.0501639842987061">
    <system-out>1..9
ok 1 - Equals
ok 2 - Equals
ok 3 - Equals
ok 4 - Equals
ok 5 - Equals
ok 6 - Equals
ok 7 - Equals
ok 8 - Equals
ok 9 - Equals
</system-out>
    <testcase name="Equals (410)" classname="spec_perl_TestSwitchManualInt_t" time="0.000387907028198242" />
    <testcase name="Equals (411)" classname="spec_perl_TestSwitchManualInt_t" time="9.01222229003906e-05" />
    <testcase name="Equals (412)" classname="spec_perl_TestSwitchManualInt_t" time="8.89301300048828e-05" />
    <testcase name="Equals (413)" classname="spec_perl_TestSwitchManualInt_t" time="0.000179052352905273" />
    <testcase name="Equals (414)" classname="spec_perl_TestSwitchManualInt_t" time="9.29832458496094e-05" />
    <testcase name="Equals (415)" classname="spec_perl_TestSwitchManualInt_t" time="0.000165939331054688" />
    <testcase name="Equals (416)" classname="spec_perl_TestSwitchManualInt_t" time="0.000101089477539062" />
    <testcase name="Equals (417)" classname="spec_perl_TestSwitchManualInt_t" time="0.000174999237060547" />
    <testcase name="Equals (418)" classname="spec_perl_TestSwitchManualInt_t" time="0.000100851058959961" />
  </testsuite>
  <testsuite name="spec_perl_TestSwitchManualIntSizeEos_t" errors="0" failures="0" skipped="0" tests="10" time="0.050753116607666">
    <system-out>1..10
ok 1 - Equals
ok 2 - Equals
ok 3 - Equals
ok 4 - Equals
ok 5 - Equals
ok 6 - Equals
ok 7 - Equals
ok 8 - Equals
ok 9 - Equals
ok 10 - Equals
</system-out>
    <testcase name="Equals (419)" classname="spec_perl_TestSwitchManualIntSizeEos_t" time="0.000912904739379883" />
    <testcase name="Equals (420)" classname="spec_perl_TestSwitchManualIntSizeEos_t" time="0.000108003616333008" />
    <testcase name="Equals (421)" classname="spec_perl_TestSwitchManualIntSizeEos_t" time="4.60147857666016e-05" />
    <testcase name="Equals (422)" classname="spec_perl_TestSwitchManualIntSizeEos_t" time="0.000141143798828125" />
    <testcase name="Equals (423)" classname="spec_perl_TestSwitchManualIntSizeEos_t" time="0.00013279914855957" />
    <testcase name="Equals (424)" classname="spec_perl_TestSwitchManualIntSizeEos_t" time="0.000205039978027344" />
    <testcase name="Equals (425)" classname="spec_perl_TestSwitchManualIntSizeEos_t" time="0.000106096267700195" />
[...]
    <testcase name="Equals (730)" classname="spec_perl_TestRepeatUntilComplex_t" time="0.000109195709228516" />
    <testcase name="Equals (731)" classname="spec_perl_TestRepeatUntilComplex_t" time="0.000171899795532227" />
    <testcase name="Equals (732)" classname="spec_perl_TestRepeatUntilComplex_t" time="0.000116109848022461" />
    <testcase name="Equals (733)" classname="spec_perl_TestRepeatUntilComplex_t" time="0.000172853469848633" />
    <testcase name="Equals (734)" classname="spec_perl_TestRepeatUntilComplex_t" time="6.19888305664062e-05" />
    <testcase name="Equals (735)" classname="spec_perl_TestRepeatUntilComplex_t" time="0.000172138214111328" />
  </testsuite>
  <testsuite name="spec_perl_TestIfInstances_t" errors="0" failures="0" skipped="0" tests="1" time="0.0455679893493652">
    <system-out>1..1
ok 1 - nil
</system-out>
    <testcase name="nil (735)" classname="spec_perl_TestIfInstances_t" time="0.000176191329956055" />
  </testsuite>
  <testsuite name="spec_perl_TestProcessCustom_t" errors="1" failures="0" skipped="0" tests="0" time="0.0443768501281738">
    <system-out></system-out>
    <testcase name="Test died too soon, even before plan. (735)" classname="spec_perl_TestProcessCustom_t" time="0.0443768501281738">
      <failure message="The test suite died before a plan was produced. You need to have a plan." type="Plan">No plan</failure>
    </testcase>
  </testsuite>
  <testsuite name="spec_perl_TestYamlInts_t" errors="0" failures="0" skipped="0" tests="4" time="0.0541830062866211">
    <system-out>1..4
ok 1 - Equals
ok 2 - Equals
ok 3 - Equals
ok 4 - Equals
</system-out>
    <testcase name="Equals (736)" classname="spec_perl_TestYamlInts_t" time="0.000252962112426758" />
    <testcase name="Equals (737)" classname="spec_perl_TestYamlInts_t" time="0.000100851058959961" />
    <testcase name="Equals (738)" classname="spec_perl_TestYamlInts_t" time="0.000198125839233398" />
    <testcase name="Equals (739)" classname="spec_perl_TestYamlInts_t" time="0.00014495849609375" />
  </testsuite>
  <testsuite name="spec_perl_TestEnumIntRangeS_t" errors="0" failures="0" skipped="0" tests="3" time="0.0605058670043945">
    <system-out>1..3
ok 1 - Equals
ok 2 - Equals
ok 3 - Equals
</system-out>
    <testcase name="Equals (740)" classname="spec_perl_TestEnumIntRangeS_t" time="0.000221014022827148" />
    <testcase name="Equals (741)" classname="spec_perl_TestEnumIntRangeS_t" time="0.0001220703125" />
    <testcase name="Equals (742)" classname="spec_perl_TestEnumIntRangeS_t" time="0.000137805938720703" />
  </testsuite>
  <testsuite name="spec_perl_TestDefaultEndianMod_t" errors="0" failures="0" skipped="0" tests="3" time="0.0452690124511719">
    <system-out>1..3
ok 1 - Equals
ok 2 - Equals
ok 3 - Equals
</system-out>
    <testcase name="Equals (743)" classname="spec_perl_TestDefaultEndianMod_t" time="0.000334978103637695" />
    <testcase name="Equals (744)" classname="spec_perl_TestDefaultEndianMod_t" time="9.20295715332031e-05" />
    <testcase name="Equals (745)" classname="spec_perl_TestDefaultEndianMod_t" time="8.392333984375e-05" />
  </testsuite>
  <testsuite name="spec_perl_TestNestedTypes_t" errors="0" failures="0" skipped="0" tests="3" time="0.0608370304107666">
    <system-out>1..3
ok 1 - Equals
ok 2 - Equals
ok 3 - Equals
</system-out>
    <testcase name="Equals (746)" classname="spec_perl_TestNestedTypes_t" time="0.000277042388916016" />
    <testcase name="Equals (747)" classname="spec_perl_TestNestedTypes_t" time="8.79764556884766e-05" />
    <testcase name="Equals (748)" classname="spec_perl_TestNestedTypes_t" time="0.000138044357299805" />
  </testsuite>
  <testsuite name="spec_perl_TestExprSizeofValue0_t" errors="0" failures="0" skipped="0" tests="5" time="0.0462229251861572">
    <system-out>1..5
ok 1 - Equals
ok 2 - Equals
ok 3 - Equals
ok 4 - Equals
ok 5 - Equals
</system-out>
    <testcase name="Equals (749)" classname="spec_perl_TestExprSizeofValue0_t" time="0.00031590461730957" />
    <testcase name="Equals (750)" classname="spec_perl_TestExprSizeofValue0_t" time="0.000123023986816406" />
    <testcase name="Equals (751)" classname="spec_perl_TestExprSizeofValue0_t" time="0.000132083892822266" />
    <testcase name="Equals (752)" classname="spec_perl_TestExprSizeofValue0_t" time="0.000155925750732422" />
    <testcase name="Equals (753)" classname="spec_perl_TestExprSizeofValue0_t" time="9.60826873779297e-05" />
  </testsuite>
  <testsuite name="spec_perl_TestExprBytesCmp_t" errors="0" failures="0" skipped="0" tests="10" time="0.0460691452026367">
    <system-out>1..10
ok 1 - Equals
ok 2 - Equals
ok 3 - Equals
ok 4 - Equals
ok 5 - Equals
ok 6 - Equals
ok 7 - Equals
ok 8 - Equals
ok 9 - Equals
ok 10 - Equals
</system-out>
    <testcase name="Equals (754)" classname="spec_perl_TestExprBytesCmp_t" time="0.000281810760498047" />
    <testcase name="Equals (755)" classname="spec_perl_TestExprBytesCmp_t" time="8.32080841064453e-05" />
    <testcase name="Equals (756)" classname="spec_perl_TestExprBytesCmp_t" time="0.000127792358398438" />
    <testcase name="Equals (757)" classname="spec_perl_TestExprBytesCmp_t" time="0.000165224075317383" />
    <testcase name="Equals (758)" classname="spec_perl_TestExprBytesCmp_t" time="0.000104904174804688" />
    <testcase name="Equals (759)" classname="spec_perl_TestExprBytesCmp_t" time="0.000158071517944336" />
    <testcase name="Equals (760)" classname="spec_perl_TestExprBytesCmp_t" time="0.00013279914855957" />
    <testcase name="Equals (761)" classname="spec_perl_TestExprBytesCmp_t" time="0.000154018402099609" />
    <testcase name="Equals (762)" classname="spec_perl_TestExprBytesCmp_t" time="0.000120162963867188" />
    <testcase name="Equals (763)" classname="spec_perl_TestExprBytesCmp_t" time="0.000154018402099609" />
  </testsuite>
  <testsuite name="spec_perl_TestNestedSameName2_t" errors="0" failures="0" skipped="0" tests="5" time="0.0499610900878906">
    <system-out>1..5
ok 1 - Equals
ok 2 - Equals
ok 3 - Equals
ok 4 - Equals
ok 5 - Equals
</system-out>
    <testcase name="Equals (764)" classname="spec_perl_TestNestedSameName2_t" time="0.000363826751708984" />
    <testcase name="Equals (765)" classname="spec_perl_TestNestedSameName2_t" time="0.000111103057861328" />
    <testcase name="Equals (766)" classname="spec_perl_TestNestedSameName2_t" time="6.89029693603516e-05" />
    <testcase name="Equals (767)" classname="spec_perl_TestNestedSameName2_t" time="7.29560852050781e-05" />
    <testcase name="Equals (768)" classname="spec_perl_TestNestedSameName2_t" time="0.000154018402099609" />
  </testsuite>
  <testsuite name="spec_perl_TestSwitchManualIntElse_t" errors="0" failures="0" skipped="0" tests="9" time="0.0505661964416504">
    <system-out>1..9
ok 1 - Equals
ok 2 - Equals
ok 3 - Equals
ok 4 - Equals
ok 5 - Equals
ok 6 - Equals
ok 7 - Equals
ok 8 - Equals
ok 9 - Equals
</system-out>
    <testcase name="Equals (769)" classname="spec_perl_TestSwitchManualIntElse_t" time="0.000413179397583008" />
    <testcase name="Equals (770)" classname="spec_perl_TestSwitchManualIntElse_t" time="9.70363616943359e-05" />
    <testcase name="Equals (771)" classname="spec_perl_TestSwitchManualIntElse_t" time="5.69820404052734e-05" />
    <testcase name="Equals (772)" classname="spec_perl_TestSwitchManualIntElse_t" time="0.000174999237060547" />
    <testcase name="Equals (773)" classname="spec_perl_TestSwitchManualIntElse_t" time="6.98566436767578e-05" />
    <testcase name="Equals (774)" classname="spec_perl_TestSwitchManualIntElse_t" time="0.000159978866577148" />
    <testcase name="Equals (775)" classname="spec_perl_TestSwitchManualIntElse_t" time="0.000159978866577148" />
    <testcase name="Equals (776)" classname="spec_perl_TestSwitchManualIntElse_t" time="8.51154327392578e-05" />
    <testcase name="Equals (777)" classname="spec_perl_TestSwitchManualIntElse_t" time="0.000184059143066406" />
  </testsuite>
  <testsuite name="spec_perl_TestEnumToI_t" errors="0" failures="0" skipped="0" tests="5" time="0.0459988117218018">
    <system-out>1..5
ok 1 - Equals
ok 2 - Equals
ok 3 - Equals
ok 4 - Equals
ok 5 - Equals
</system-out>
    <testcase name="Equals (778)" classname="spec_perl_TestEnumToI_t" time="0.000230789184570312" />
    <testcase name="Equals (779)" classname="spec_perl_TestEnumToI_t" time="7.41481781005859e-05" />
    <testcase name="Equals (780)" classname="spec_perl_TestEnumToI_t" time="0.000174045562744141" />
    <testcase name="Equals (781)" classname="spec_perl_TestEnumToI_t" time="9.79900360107422e-05" />
    <testcase name="Equals (782)" classname="spec_perl_TestEnumToI_t" time="0.00014185905456543" />
  </testsuite>
  <testsuite name="spec_perl_TestTsPacketHeader_t" errors="0" failures="0" skipped="0" tests="7" time="0.050678014755249">
    <system-out>1..7
ok 1 - Equals
ok 2 - Equals
ok 3 - Equals
ok 4 - Equals
ok 5 - Equals
ok 6 - Equals
ok 7 - Equals
</system-out>
    <testcase name="Equals (783)" classname="spec_perl_TestTsPacketHeader_t" time="0.000375986099243164" />
    <testcase name="Equals (784)" classname="spec_perl_TestTsPacketHeader_t" time="9.41753387451172e-05" />
    <testcase name="Equals (785)" classname="spec_perl_TestTsPacketHeader_t" time="5.79357147216797e-05" />
    <testcase name="Equals (786)" classname="spec_perl_TestTsPacketHeader_t" time="0.000158071517944336" />
    <testcase name="Equals (787)" classname="spec_perl_TestTsPacketHeader_t" time="0.000103950500488281" />
    <testcase name="Equals (788)" classname="spec_perl_TestTsPacketHeader_t" time="0.0027320384979248" />
    <testcase name="Equals (789)" classname="spec_perl_TestTsPacketHeader_t" time="5.98430633544922e-05" />
  </testsuite>
  <testsuite name="spec_perl_TestDocstringsDocrefMulti_t" errors="0" failures="0" skipped="1" tests="1" time="0.0464279651641846">
    <system-out>1..1
ok 1 # skip DocstringsDocrefMulti=HASH(0x222a418)
</system-out>
    <testcase name="Unnamed test case 789" classname="spec_perl_TestDocstringsDocrefMulti_t" time="0.00143885612487793">
      <skipped message="ok 1 # skip DocstringsDocrefMulti=HASH(0x222a418)" />
    </testcase>
  </testsuite>
  <testsuite name="spec_perl_TestTypeTernary_t" errors="0" failures="0" skipped="0" tests="1" time="0.0470302104949951">
    <system-out>1..1
ok 1 - Equals
</system-out>
    <testcase name="Equals (790)" classname="spec_perl_TestTypeTernary_t" time="0.000685214996337891" />
  </testsuite>
  <testsuite name="spec_perl_TestUserType_t" errors="0" failures="0" skipped="0" tests="2" time="0.0456459522247314">
    <system-out>1..2
ok 1 - Equals
ok 2 - Equals
</system-out>
    <testcase name="Equals (791)" classname="spec_perl_TestUserType_t" time="0.000253915786743164" />
    <testcase name="Equals (792)" classname="spec_perl_TestUserType_t" time="7.89165496826172e-05" />
  </testsuite>
  <testsuite name="spec_perl_TestNestedTypes2_t" errors="0" failures="0" skipped="0" tests="7" time="0.0467808246612549">
    <system-out>1..7
ok 1 - Equals
ok 2 - Equals
ok 3 - Equals
ok 4 - Equals
ok 5 - Equals
ok 6 - Equals
ok 7 - Equals
</system-out>
    <testcase name="Equals (793)" classname="spec_perl_TestNestedTypes2_t" time="0.000322103500366211" />
    <testcase name="Equals (794)" classname="spec_perl_TestNestedTypes2_t" time="9.60826873779297e-05" />
    <testcase name="Equals (795)" classname="spec_perl_TestNestedTypes2_t" time="5.79357147216797e-05" />
    <testcase name="Equals (796)" classname="spec_perl_TestNestedTypes2_t" time="0.000184059143066406" />
    <testcase name="Equals (797)" classname="spec_perl_TestNestedTypes2_t" time="7.08103179931641e-05" />
    <testcase name="Equals (798)" classname="spec_perl_TestNestedTypes2_t" time="0.000163078308105469" />
    <testcase name="Equals (799)" classname="spec_perl_TestNestedTypes2_t" time="9.70363616943359e-05" />
  </testsuite>
  <testsuite name="spec_perl_TestInstanceIoUser_t" errors="0" failures="0" skipped="0" tests="4" time="0.0520889759063721">
    <system-out>1..4
ok 1 - Equals
ok 2 - Equals
ok 3 - Equals
ok 4 - Equals
</system-out>
    <testcase name="Equals (800)" classname="spec_perl_TestInstanceIoUser_t" time="0.000766992568969727" />
    <testcase name="Equals (801)" classname="spec_perl_TestInstanceIoUser_t" time="0.000137090682983398" />
    <testcase name="Equals (802)" classname="spec_perl_TestInstanceIoUser_t" time="7.00950622558594e-05" />
    <testcase name="Equals (803)" classname="spec_perl_TestInstanceIoUser_t" time="0.000190019607543945" />
  </testsuite>
  <testsuite name="spec_perl_TestParamsPassArrayInt_t" errors="0" failures="1" skipped="6" tests="7" time="0.0497841835021973">
    <system-out>1..7
not ok 1 - test_params_pass_array_int died (Can't use an undefined value as an ARRAY reference at spec/perl/TestParamsPassArrayInt.t line 15.)
ok 2 # skip test_params_pass_array_int died
ok 3 # skip test_params_pass_array_int died
ok 4 # skip test_params_pass_array_int died
ok 5 # skip test_params_pass_array_int died
ok 6 # skip test_params_pass_array_int died
ok 7 # skip test_params_pass_array_int died
</system-out>
    <testcase name="test_params_pass_array_int died (Can't use an undefined value as an ARRAY reference at spec/perl/TestParamsPassArrayInt.t line 15.) (803)" classname="spec_perl_TestParamsPassArrayInt_t" time="0.000431060791015625">
      <failure message="not ok 1 - test_params_pass_array_int died (Can't use an undefined value as an ARRAY reference at spec/perl/TestParamsPassArrayInt.t line 15.)" type="TAP::Parser::Result::Test"></failure>
    </testcase>
    <testcase name="Unnamed test case 803" classname="spec_perl_TestParamsPassArrayInt_t" time="0.00218510627746582">
      <skipped message="ok 2 # skip test_params_pass_array_int died" />
    </testcase>
    <testcase name="Unnamed test case 804" classname="spec_perl_TestParamsPassArrayInt_t" time="0.000113964080810547">
      <skipped message="ok 3 # skip test_params_pass_array_int died" />
    </testcase>
    <testcase name="Unnamed test case 805" classname="spec_perl_TestParamsPassArrayInt_t" time="5.48362731933594e-05">
      <skipped message="ok 4 # skip test_params_pass_array_int died" />
    </testcase>
    <testcase name="Unnamed test case 806" classname="spec_perl_TestParamsPassArrayInt_t" time="6.60419464111328e-05">
      <skipped message="ok 5 # skip test_params_pass_array_int died" />
    </testcase>
    <testcase name="Unnamed test case 807" classname="spec_perl_TestParamsPassArrayInt_t" time="6.00814819335938e-05">
      <skipped message="ok 6 # skip test_params_pass_array_int died" />
    </testcase>
    <testcase name="Unnamed test case 808" classname="spec_perl_TestParamsPassArrayInt_t" time="0.000187873840332031">
      <skipped message="ok 7 # skip test_params_pass_array_int died" />
    </testcase>
  </testsuite>
  <testsuite name="spec_perl_TestTypeIntUnaryOp_t" errors="0" failures="0" skipped="0" tests="4" time="0.0480849742889404">
    <system-out>1..4
ok 1 - Equals
ok 2 - Equals
ok 3 - Equals
ok 4 - Equals
</system-out>
    <testcase name="Equals (808)" classname="spec_perl_TestTypeIntUnaryOp_t" time="0.000281095504760742" />
    <testcase name="Equals (809)" classname="spec_perl_TestTypeIntUnaryOp_t" time="8.20159912109375e-05" />
    <testcase name="Equals (810)" classname="spec_perl_TestTypeIntUnaryOp_t" time="0.000151872634887695" />
    <testcase name="Equals (811)" classname="spec_perl_TestTypeIntUnaryOp_t" time="9.70363616943359e-05" />
  </testsuite>
  <testsuite name="spec_perl_TestExprOpsParens_t" errors="1" failures="0" skipped="0" tests="0" time="0.0449080467224121">
    <system-out></system-out>
    <testcase name="Test died too soon, even before plan. (811)" classname="spec_perl_TestExprOpsParens_t" time="0.0449080467224121">
      <failure message="The test suite died before a plan was produced. You need to have a plan." type="Plan">No plan</failure>
    </testcase>
  </testsuite>
  <testsuite name="spec_perl_TestCombineBytes_t" errors="0" failures="0" skipped="0" tests="10" time="0.0464129447937012">
    <system-out>1..10
ok 1 - Equals
ok 2 - Equals
ok 3 - Equals
ok 4 - Equals
ok 5 - Equals
ok 6 - Equals
ok 7 - Equals
ok 8 - Equals
ok 9 - Equals
ok 10 - Equals
</system-out>
    <testcase name="Equals (812)" classname="spec_perl_TestCombineBytes_t" time="0.000271081924438477" />
    <testcase name="Equals (813)" classname="spec_perl_TestCombineBytes_t" time="8.20159912109375e-05" />
    <testcase name="Equals (814)" classname="spec_perl_TestCombineBytes_t" time="0.000137090682983398" />
    <testcase name="Equals (815)" classname="spec_perl_TestCombineBytes_t" time="0.000135898590087891" />
    <testcase name="Equals (816)" classname="spec_perl_TestCombineBytes_t" time="0.000140905380249023" />
    <testcase name="Equals (817)" classname="spec_perl_TestCombineBytes_t" time="0.00016021728515625" />
    <testcase name="Equals (818)" classname="spec_perl_TestCombineBytes_t" time="0.000100851058959961" />
    <testcase name="Equals (819)" classname="spec_perl_TestCombineBytes_t" time="0.000139951705932617" />
    <testcase name="Equals (820)" classname="spec_perl_TestCombineBytes_t" time="0.000119209289550781" />
    <testcase name="Equals (821)" classname="spec_perl_TestCombineBytes_t" time="0.000143766403198242" />
  </testsuite>
  <testsuite name="spec_perl_TestNavParentFalse_t" errors="0" failures="0" skipped="0" tests="5" time="0.0474598407745361">
    <system-out>1..5
ok 1 - Equals
ok 2 - Equals
ok 3 - Equals
ok 4 - Equals
ok 5 - Equals
</system-out>
    <testcase name="Equals (822)" classname="spec_perl_TestNavParentFalse_t" time="0.000382900238037109" />
    <testcase name="Equals (823)" classname="spec_perl_TestNavParentFalse_t" time="0.000106096267700195" />
    <testcase name="Equals (824)" classname="spec_perl_TestNavParentFalse_t" time="7.00950622558594e-05" />
    <testcase name="Equals (825)" classname="spec_perl_TestNavParentFalse_t" time="0.000126838684082031" />
    <testcase name="Equals (826)" classname="spec_perl_TestNavParentFalse_t" time="0.000151157379150391" />
  </testsuite>
  <testsuite name="spec_perl_TestEnum0_t" errors="0" failures="0" skipped="0" tests="2" time="0.0457930564880371">
    <system-out>1..2
ok 1 - Equals
ok 2 - Equals
</system-out>
    <testcase name="Equals (827)" classname="spec_perl_TestEnum0_t" time="0.000272035598754883" />
    <testcase name="Equals (828)" classname="spec_perl_TestEnum0_t" time="7.79628753662109e-05" />
  </testsuite>
  <testsuite name="spec_perl_TestNestedTypeParam_t" errors="0" failures="2" skipped="0" tests="2" time="0.0595479011535645">
    <system-out>1..2
not ok 1 - Equals
not ok 2 - Equals
</system-out>
    <testcase name="Equals (829)" classname="spec_perl_TestNestedTypeParam_t" time="0.00507688522338867">
      <failure message="not ok 1 - Equals" type="TAP::Parser::Result::Test"></failure>
    </testcase>
    <testcase name="Equals (830)" classname="spec_perl_TestNestedTypeParam_t" time="0.000210046768188477">
      <failure message="not ok 2 - Equals" type="TAP::Parser::Result::Test"></failure>
    </testcase>
  </testsuite>
  <testsuite name="spec_perl_TestExprSizeofType0_t" errors="0" failures="0" skipped="0" tests="1" time="0.0523419380187988">
    <system-out>1..1
ok 1 - Equals
</system-out>
    <testcase name="Equals (831)" classname="spec_perl_TestExprSizeofType0_t" time="0.000320911407470703" />
  </testsuite>
  <testsuite name="spec_perl_TestBitsEnum_t" errors="0" failures="0" skipped="0" tests="3" time="0.0459780693054199">
    <system-out>1..3
ok 1 - Equals
ok 2 - Equals
ok 3 - Equals
</system-out>
    <testcase name="Equals (832)" classname="spec_perl_TestBitsEnum_t" time="0.000342845916748047" />
    <testcase name="Equals (833)" classname="spec_perl_TestBitsEnum_t" time="0.000116109848022461" />
    <testcase name="Equals (834)" classname="spec_perl_TestBitsEnum_t" time="6.29425048828125e-05" />
  </testsuite>
</testsuites>
