<?xml version='1.0' encoding='utf-8'?>
<testsuites>
  <testsuite name="spec_perl_TestParamsPassStruct_t" errors="0" failures="1" skipped="1" tests="4" time="0.0538291931152344">
    <system-out>1..4
ok 1 - Equals
ok 2 - Equals
not ok 3 - test_params_pass_struct died (Can't call method &quot;foo&quot; on an undefined value at spec/perl/TestParamsPassStruct.t line 16.)
ok 4 # skip test_params_pass_struct died
</system-out>
    <testcase name="Equals" classname="spec_perl_TestParamsPassStruct_t" time="0.000274181365966797" />
    <testcase name="Equals (2)" classname="spec_perl_TestParamsPassStruct_t" time="8.67843627929688e-05" />
    <testcase name="test_params_pass_struct died (Can't call method &quot;foo&quot; on an undefined value at spec/perl/TestParamsPassStruct.t line 16.) (2)" classname="spec_perl_TestParamsPassStruct_t" time="0.000159025192260742">
      <failure message="not ok 3 - test_params_pass_struct died (Can't call method &quot;foo&quot; on an undefined value at spec/perl/TestParamsPassStruct.t line 16.)" type="TAP::Parser::Result::Test"></failure>
    </testcase>
    <testcase name="Unnamed test case 2" classname="spec_perl_TestParamsPassStruct_t" time="0.000521183013916016">
      <skipped message="ok 4 # skip test_params_pass_struct died" />
    </testcase>
  </testsuite>
  <testsuite name="spec_perl_TestExpr1_t" errors="0" failures="0" skipped="0" tests="4" time="0.0541090965270996">
    <system-out>1..4
ok 1 - Equals
ok 2 - Equals
ok 3 - Equals
ok 4 - Equals
</system-out>
    <testcase name="Equals (3)" classname="spec_perl_TestExpr1_t" time="0.000190973281860352" />
    <testcase name="Equals (4)" classname="spec_perl_TestExpr1_t" time="5.60283660888672e-05" />
    <testcase name="Equals (5)" classname="spec_perl_TestExpr1_t" time="0.000107049942016602" />
    <testcase name="Equals (6)" classname="spec_perl_TestExpr1_t" time="9.60826873779297e-05" />
  </testsuite>
  <testsuite name="spec_perl_TestImportsParamsDefUsertypeImported_t" errors="0" failures="1" skipped="0" tests="2" time="0.05210280418396">
    <system-out>1..2
ok 1 - Equals
not ok 2 - test_imports_params_def_usertype_imported died (Can't call method &quot;one&quot; on an undefined value at compiled/perl/ParamsDefUsertypeImported.pm line 43.)
</system-out>
    <testcase name="Equals (7)" classname="spec_perl_TestImportsParamsDefUsertypeImported_t" time="0.000177860260009766" />
    <testcase name="test_imports_params_def_usertype_imported died (Can't call method &quot;one&quot; on an undefined value at compiled/perl/ParamsDefUsertypeImported.pm line 43.) (7)" classname="spec_perl_TestImportsParamsDefUsertypeImported_t" time="0.000169038772583008">
      <failure message="not ok 2 - test_imports_params_def_usertype_imported died (Can't call method &quot;one&quot; on an undefined value at compiled/perl/ParamsDefUsertypeImported.pm line 43.)" type="TAP::Parser::Result::Test"></failure>
    </testcase>
  </testsuite>
  <testsuite name="spec_perl_TestSwitchRepeatExpr_t" errors="0" failures="0" skipped="0" tests="3" time="0.0518910884857178">
    <system-out>1..3
ok 1 - Equals
ok 2 - Equals
ok 3 - Equals
</system-out>
    <testcase name="Equals (8)" classname="spec_perl_TestSwitchRepeatExpr_t" time="0.000496149063110352" />
    <testcase name="Equals (9)" classname="spec_perl_TestSwitchRepeatExpr_t" time="6.69956207275391e-05" />
    <testcase name="Equals (10)" classname="spec_perl_TestSwitchRepeatExpr_t" time="4.79221343994141e-05" />
  </testsuite>
  <testsuite name="spec_perl_TestEofExceptionBytes_t" errors="0" failures="0" skipped="0" tests="1" time="0.0509781837463379">
    <system-out>1..1
ok 1 - threw /^Requested \d+ bytes, but only \d+ bytes available/
</system-out>
    <testcase name="threw /^Requested \d+ bytes, but only \d+ bytes available/ (10)" classname="spec_perl_TestEofExceptionBytes_t" time="0.000113964080810547" />
  </testsuite>
  <testsuite name="spec_perl_TestOpaqueExternalType02Parent_t" errors="0" failures="0" skipped="0" tests="3" time="0.0555238723754883">
    <system-out>1..3
ok 1 - Equals
ok 2 - Equals
ok 3 - Equals
</system-out>
    <testcase name="Equals (11)" classname="spec_perl_TestOpaqueExternalType02Parent_t" time="0.000276803970336914" />
    <testcase name="Equals (12)" classname="spec_perl_TestOpaqueExternalType02Parent_t" time="6.60419464111328e-05" />
    <testcase name="Equals (13)" classname="spec_perl_TestOpaqueExternalType02Parent_t" time="4.91142272949219e-05" />
  </testsuite>
  <testsuite name="spec_perl_TestTypeTernary_t" errors="0" failures="0" skipped="0" tests="1" time="0.0515220165252686">
    <system-out>1..1
ok 1 - Equals
</system-out>
    <testcase name="Equals (14)" classname="spec_perl_TestTypeTernary_t" time="0.000464916229248047" />
  </testsuite>
  <testsuite name="spec_perl_TestTermStrzUtf16V4_t" errors="0" failures="0" skipped="0" tests="3" time="0.0559689998626709">
    <system-out>1..3
ok 1 - Equals
ok 2 - Equals
ok 3 - Equals
</system-out>
    <testcase name="Equals (15)" classname="spec_perl_TestTermStrzUtf16V4_t" time="0.00114202499389648" />
    <testcase name="Equals (16)" classname="spec_perl_TestTermStrzUtf16V4_t" time="5.41210174560547e-05" />
    <testcase name="Equals (17)" classname="spec_perl_TestTermStrzUtf16V4_t" time="8.20159912109375e-05" />
  </testsuite>
  <testsuite name="spec_perl_TestBitsSeqEndianCombo_t" errors="0" failures="0" skipped="0" tests="8" time="0.0514969825744629">
    <system-out>1..8
ok 1 - Equals
ok 2 - Equals
ok 3 - Equals
ok 4 - Equals
ok 5 - Equals
ok 6 - Equals
ok 7 - Equals
ok 8 - Equals
</system-out>
    <testcase name="Equals (18)" classname="spec_perl_TestBitsSeqEndianCombo_t" time="0.000225067138671875" />
    <testcase name="Equals (19)" classname="spec_perl_TestBitsSeqEndianCombo_t" time="5.91278076171875e-05" />
    <testcase name="Equals (20)" classname="spec_perl_TestBitsSeqEndianCombo_t" time="9.79900360107422e-05" />
    <testcase name="Equals (21)" classname="spec_perl_TestBitsSeqEndianCombo_t" time="9.39369201660156e-05" />
    <testcase name="Equals (22)" classname="spec_perl_TestBitsSeqEndianCombo_t" time="8.89301300048828e-05" />
    <testcase name="Equals (23)" classname="spec_perl_TestBitsSeqEndianCombo_t" time="8.0108642578125e-05" />
    <testcase name="Equals (24)" classname="spec_perl_TestBitsSeqEndianCombo_t" time="8.70227813720703e-05" />
    <testcase name="Equals (25)" classname="spec_perl_TestBitsSeqEndianCombo_t" time="8.17775726318359e-05" />
  </testsuite>
  <testsuite name="spec_perl_TestIndexToParamUntil_t" errors="0" failures="2" skipped="0" tests="7" time="0.0580160617828369">
    <system-out>1..7
ok 1 - Equals
ok 2 - Equals
ok 3 - Equals
ok 4 - Equals
ok 5 - Equals
not ok 6 - Equals
not ok 7 - Equals
</system-out>
    <testcase name="Equals (26)" classname="spec_perl_TestIndexToParamUntil_t" time="0.000802040100097656" />
    <testcase name="Equals (27)" classname="spec_perl_TestIndexToParamUntil_t" time="8.29696655273438e-05" />
    <testcase name="Equals (28)" classname="spec_perl_TestIndexToParamUntil_t" time="7.70092010498047e-05" />
    <testcase name="Equals (29)" classname="spec_perl_TestIndexToParamUntil_t" time="5.50746917724609e-05" />
    <testcase name="Equals (30)" classname="spec_perl_TestIndexToParamUntil_t" time="6.79492950439453e-05" />
    <testcase name="Equals (31)" classname="spec_perl_TestIndexToParamUntil_t" time="0.000115871429443359">
      <failure message="not ok 6 - Equals" type="TAP::Parser::Result::Test"></failure>
    </testcase>
    <testcase name="Equals (32)" classname="spec_perl_TestIndexToParamUntil_t" time="0.000637054443359375">
      <failure message="not ok 7 - Equals" type="TAP::Parser::Result::Test"></failure>
    </testcase>
  </testsuite>
  <testsuite name="spec_perl_TestRepeatNStrz_t" errors="0" failures="0" skipped="0" tests="2" time="0.0542278289794922">
    <system-out>1..2
ok 1 - Equals
ok 2 - Equals
</system-out>
    <testcase name="Equals (33)" classname="spec_perl_TestRepeatNStrz_t" time="0.000226974487304688" />
    <testcase name="Equals (34)" classname="spec_perl_TestRepeatNStrz_t" time="8.98838043212891e-05" />
  </testsuite>
  <testsuite name="spec_perl_TestSwitchManualStr_t" errors="0" failures="0" skipped="0" tests="9" time="0.0557599067687988">
    <system-out>1..9
ok 1 - Equals
ok 2 - Equals
ok 3 - Equals
ok 4 - Equals
ok 5 - Equals
ok 6 - Equals
ok 7 - Equals
ok 8 - Equals
ok 9 - Equals
</system-out>
    <testcase name="Equals (35)" classname="spec_perl_TestSwitchManualStr_t" time="0.000244855880737305" />
    <testcase name="Equals (36)" classname="spec_perl_TestSwitchManualStr_t" time="0.000100135803222656" />
    <testcase name="Equals (37)" classname="spec_perl_TestSwitchManualStr_t" time="8.08238983154297e-05" />
    <testcase name="Equals (38)" classname="spec_perl_TestSwitchManualStr_t" time="9.41753387451172e-05" />
    <testcase name="Equals (39)" classname="spec_perl_TestSwitchManualStr_t" time="9.58442687988281e-05" />
    <testcase name="Equals (40)" classname="spec_perl_TestSwitchManualStr_t" time="8.41617584228516e-05" />
    <testcase name="Equals (41)" classname="spec_perl_TestSwitchManualStr_t" time="0.000104904174804688" />
    <testcase name="Equals (42)" classname="spec_perl_TestSwitchManualStr_t" time="8.70227813720703e-05" />
    <testcase name="Equals (43)" classname="spec_perl_TestSwitchManualStr_t" time="8.48770141601562e-05" />
  </testsuite>
  <testsuite name="spec_perl_TestProcessCoerceBytes_t" errors="0" failures="0" skipped="0" tests="4" time="0.0515708923339844">
    <system-out>1..4
ok 1 - Equals
ok 2 - Equals
ok 3 - Equals
ok 4 - Equals
</system-out>
    <testcase name="Equals (44)" classname="spec_perl_TestProcessCoerceBytes_t" time="0.000216960906982422" />
    <testcase name="Equals (45)" classname="spec_perl_TestProcessCoerceBytes_t" time="7.10487365722656e-05" />
    <testcase name="Equals (46)" classname="spec_perl_TestProcessCoerceBytes_t" time="0.000111818313598633" />
    <testcase name="Equals (47)" classname="spec_perl_TestProcessCoerceBytes_t" time="8.70227813720703e-05" />
  </testsuite>
  <testsuite name="spec_perl_TestBitsUnalignedB32Le_t" errors="0" failures="0" skipped="0" tests="3" time="0.0503330230712891">
    <system-out>1..3
ok 1 - Equals
ok 2 - Equals
ok 3 - Equals
</system-out>
    <testcase name="Equals (48)" classname="spec_perl_TestBitsUnalignedB32Le_t" time="0.000154972076416016" />
    <testcase name="Equals (49)" classname="spec_perl_TestBitsUnalignedB32Le_t" time="5.50746917724609e-05" />
    <testcase name="Equals (50)" classname="spec_perl_TestBitsUnalignedB32Le_t" time="0.000104904174804688" />
  </testsuite>
  <testsuite name="spec_perl_TestSwitchCast_t" errors="0" failures="0" skipped="0" tests="2" time="0.0546281337738037">
    <system-out>1..2
ok 1 - Equals
ok 2 - Equals
</system-out>
    <testcase name="Equals (51)" classname="spec_perl_TestSwitchCast_t" time="0.000236034393310547" />
    <testcase name="Equals (52)" classname="spec_perl_TestSwitchCast_t" time="7.51018524169922e-05" />
  </testsuite>
  <testsuite name="spec_perl_TestDebugArrayUser_t" errors="0" failures="0" skipped="0" tests="5" time="0.0521841049194336">
    <system-out>1..5
ok 1 - Equals
ok 2 - Equals
ok 3 - Equals
ok 4 - Equals
ok 5 - Equals
</system-out>
    <testcase name="Equals (53)" classname="spec_perl_TestDebugArrayUser_t" time="0.00014185905456543" />
    <testcase name="Equals (54)" classname="spec_perl_TestDebugArrayUser_t" time="6.19888305664062e-05" />
    <testcase name="Equals (55)" classname="spec_perl_TestDebugArrayUser_t" time="0.000117063522338867" />
    <testcase name="Equals (56)" classname="spec_perl_TestDebugArrayUser_t" time="0.000106096267700195" />
    <testcase name="Equals (57)" classname="spec_perl_TestDebugArrayUser_t" time="0.000100851058959961" />
  </testsuite>
  <testsuite name="spec_perl_TestExprIoEof_t" errors="0" failures="0" skipped="0" tests="4" time="0.0514321327209473">
    <system-out>1..4
ok 1 - Equals
ok 2 - nil
ok 3 - Equals
ok 4 - Equals
</system-out>
    <testcase name="Equals (58)" classname="spec_perl_TestExprIoEof_t" time="0.000488042831420898" />
    <testcase name="nil (58)" classname="spec_perl_TestExprIoEof_t" time="5.00679016113281e-05" />
    <testcase name="Equals (59)" classname="spec_perl_TestExprIoEof_t" time="7.10487365722656e-05" />
    <testcase name="Equals (60)" classname="spec_perl_TestExprIoEof_t" time="9.08374786376953e-05" />
  </testsuite>
  <testsuite name="spec_perl_TestCombineEnum_t" errors="0" failures="0" skipped="0" tests="3" time="0.0502800941467285">
    <system-out>1..3
ok 1 - Equals
ok 2 - Equals
ok 3 - Equals
</system-out>
    <testcase name="Equals (61)" classname="spec_perl_TestCombineEnum_t" time="0.00018000602722168" />
    <testcase name="Equals (62)" classname="spec_perl_TestCombineEnum_t" time="7.91549682617188e-05" />
    <testcase name="Equals (63)" classname="spec_perl_TestCombineEnum_t" time="9.08374786376953e-05" />
  </testsuite>
  <testsuite name="spec_perl_TestBitsByteAligned_t" errors="0" failures="0" skipped="0" tests="9" time="0.0514309406280518">
    <system-out>1..9
ok 1 - Equals
ok 2 - Equals
ok 3 - Equals
ok 4 - Equals
ok 5 - Equals
ok 6 - Equals
ok 7 - Equals
ok 8 - Equals
ok 9 - Equals
</system-out>
    <testcase name="Equals (64)" classname="spec_perl_TestBitsByteAligned_t" time="0.000202178955078125" />
    <testcase name="Equals (65)" classname="spec_perl_TestBitsByteAligned_t" time="9.29832458496094e-05" />
    <testcase name="Equals (66)" classname="spec_perl_TestBitsByteAligned_t" time="0.000108003616333008" />
    <testcase name="Equals (67)" classname="spec_perl_TestBitsByteAligned_t" time="8.48770141601562e-05" />
    <testcase name="Equals (68)" classname="spec_perl_TestBitsByteAligned_t" time="8.41617584228516e-05" />
    <testcase name="Equals (69)" classname="spec_perl_TestBitsByteAligned_t" time="0.000105857849121094" />
    <testcase name="Equals (70)" classname="spec_perl_TestBitsByteAligned_t" time="9.70363616943359e-05" />
    <testcase name="Equals (71)" classname="spec_perl_TestBitsByteAligned_t" time="8.89301300048828e-05" />
    <testcase name="Equals (72)" classname="spec_perl_TestBitsByteAligned_t" time="8.79764556884766e-05" />
  </testsuite>
  <testsuite name="spec_perl_TestParamsEnum_t" errors="0" failures="1" skipped="0" tests="2" time="0.0529232025146484">
    <system-out>1..2
ok 1 - Equals
not ok 2 - Equals
</system-out>
    <testcase name="Equals (73)" classname="spec_perl_TestParamsEnum_t" time="0.000161886215209961" />
    <testcase name="Equals (74)" classname="spec_perl_TestParamsEnum_t" time="7.00950622558594e-05">
      <failure message="not ok 2 - Equals" type="TAP::Parser::Result::Test"></failure>
    </testcase>
  </testsuite>
  <testsuite name="spec_perl_TestExprEnum_t" errors="0" failures="0" skipped="0" tests="3" time="0.0506999492645264">
    <system-out>1..3
ok 1 - Equals
ok 2 - Equals
ok 3 - Equals
</system-out>
    <testcase name="Equals (75)" classname="spec_perl_TestExprEnum_t" time="0.00017094612121582" />
    <testcase name="Equals (76)" classname="spec_perl_TestExprEnum_t" time="7.00950622558594e-05" />
    <testcase name="Equals (77)" classname="spec_perl_TestExprEnum_t" time="8.98838043212891e-05" />
  </testsuite>
  <testsuite name="spec_perl_TestSwitchMultiBoolOps_t" errors="0" failures="0" skipped="0" tests="9" time="0.0513288974761963">
    <system-out>1..9
ok 1 - Equals
ok 2 - Equals
ok 3 - Equals
ok 4 - Equals
ok 5 - Equals
ok 6 - Equals
ok 7 - Equals
ok 8 - Equals
ok 9 - Equals
</system-out>
    <testcase name="Equals (78)" classname="spec_perl_TestSwitchMultiBoolOps_t" time="0.000217914581298828" />
    <testcase name="Equals (79)" classname="spec_perl_TestSwitchMultiBoolOps_t" time="6.69956207275391e-05" />
    <testcase name="Equals (80)" classname="spec_perl_TestSwitchMultiBoolOps_t" time="9.70363616943359e-05" />
    <testcase name="Equals (81)" classname="spec_perl_TestSwitchMultiBoolOps_t" time="9.39369201660156e-05" />
    <testcase name="Equals (82)" classname="spec_perl_TestSwitchMultiBoolOps_t" time="9.39369201660156e-05" />
    <testcase name="Equals (83)" classname="spec_perl_TestSwitchMultiBoolOps_t" time="8.79764556884766e-05" />
    <testcase name="Equals (84)" classname="spec_perl_TestSwitchMultiBoolOps_t" time="8.91685485839844e-05" />
    <testcase name="Equals (85)" classname="spec_perl_TestSwitchMultiBoolOps_t" time="8.79764556884766e-05" />
    <testcase name="Equals (86)" classname="spec_perl_TestSwitchMultiBoolOps_t" time="9.48905944824219e-05" />
  </testsuite>
  <testsuite name="spec_perl_TestImportsAbsRel_t" errors="0" failures="0" skipped="0" tests="3" time="0.0511398315429688">
    <system-out>1..3
ok 1 - Equals
ok 2 - Equals
ok 3 - Equals
</system-out>
    <testcase name="Equals (87)" classname="spec_perl_TestImportsAbsRel_t" time="0.000164031982421875" />
    <testcase name="Equals (88)" classname="spec_perl_TestImportsAbsRel_t" time="6.91413879394531e-05" />
    <testcase name="Equals (89)" classname="spec_perl_TestImportsAbsRel_t" time="9.20295715332031e-05" />
  </testsuite>
  <testsuite name="spec_perl_TestSwitchManualIntElse_t" errors="0" failures="0" skipped="0" tests="9" time="0.0556089878082275">
    <system-out>1..9
ok 1 - Equals
ok 2 - Equals
ok 3 - Equals
ok 4 - Equals
ok 5 - Equals
ok 6 - Equals
ok 7 - Equals
ok 8 - Equals
ok 9 - Equals
</system-out>
    <testcase name="Equals (90)" classname="spec_perl_TestSwitchManualIntElse_t" time="0.000231027603149414" />
    <testcase name="Equals (91)" classname="spec_perl_TestSwitchManualIntElse_t" time="6.79492950439453e-05" />
    <testcase name="Equals (92)" classname="spec_perl_TestSwitchManualIntElse_t" time="9.10758972167969e-05" />
    <testcase name="Equals (93)" classname="spec_perl_TestSwitchManualIntElse_t" time="9.89437103271484e-05" />
    <testcase name="Equals (94)" classname="spec_perl_TestSwitchManualIntElse_t" time="8.51154327392578e-05" />
    <testcase name="Equals (95)" classname="spec_perl_TestSwitchManualIntElse_t" time="8.98838043212891e-05" />
    <testcase name="Equals (96)" classname="spec_perl_TestSwitchManualIntElse_t" time="0.000102996826171875" />
    <testcase name="Equals (97)" classname="spec_perl_TestSwitchManualIntElse_t" time="7.10487365722656e-05" />
    <testcase name="Equals (98)" classname="spec_perl_TestSwitchManualIntElse_t" time="8.79764556884766e-05" />
  </testsuite>
  <testsuite name="spec_perl_TestTermU1Val_t" errors="0" failures="0" skipped="0" tests="2" time="0.0553610324859619">
    <system-out>1..2
ok 1 - Equals
ok 2 - Equals
</system-out>
    <testcase name="Equals (99)" classname="spec_perl_TestTermU1Val_t" time="0.000194072723388672" />
    <testcase name="Equals (100)" classname="spec_perl_TestTermU1Val_t" time="6.103515625e-05" />
  </testsuite>
  <testsuite name="spec_perl_TestImportsRel1_t" errors="0" failures="0" skipped="0" tests="3" time="0.0512259006500244">
    <system-out>1..3
ok 1 - Equals
ok 2 - Equals
ok 3 - Equals
</system-out>
    <testcase name="Equals (101)" classname="spec_perl_TestImportsRel1_t" time="0.000241994857788086" />
    <testcase name="Equals (102)" classname="spec_perl_TestImportsRel1_t" time="0.000127077102661133" />
    <testcase name="Equals (103)" classname="spec_perl_TestImportsRel1_t" time="0.00014805793762207" />
  </testsuite>
  <testsuite name="spec_perl_TestInstanceStdArray_t" errors="0" failures="0" skipped="0" tests="7" time="0.0510628223419189">
    <system-out>1..7
ok 1 - Equals
ok 2 - Equals
ok 3 - Equals
ok 4 - Equals
ok 5 - Equals
ok 6 - Equals
ok 7 - Equals
</system-out>
    <testcase name="Equals (104)" classname="spec_perl_TestInstanceStdArray_t" time="0.000169038772583008" />
    <testcase name="Equals (105)" classname="spec_perl_TestInstanceStdArray_t" time="7.51018524169922e-05" />
    <testcase name="Equals (106)" classname="spec_perl_TestInstanceStdArray_t" time="8.98838043212891e-05" />
    <testcase name="Equals (107)" classname="spec_perl_TestInstanceStdArray_t" time="0.000114202499389648" />
    <testcase name="Equals (108)" classname="spec_perl_TestInstanceStdArray_t" time="9.08374786376953e-05" />
    <testcase name="Equals (109)" classname="spec_perl_TestInstanceStdArray_t" time="8.79764556884766e-05" />
    <testcase name="Equals (110)" classname="spec_perl_TestInstanceStdArray_t" time="0.000103950500488281" />
  </testsuite>
  <testsuite name="spec_perl_TestRecursiveOne_t" errors="0" failures="0" skipped="0" tests="4" time="0.0506081581115723">
    <system-out>1..4
ok 1 - Equals
ok 2 - Equals
ok 3 - Equals
ok 4 - Equals
</system-out>
    <testcase name="Equals (111)" classname="spec_perl_TestRecursiveOne_t" time="0.000200986862182617" />
    <testcase name="Equals (112)" classname="spec_perl_TestRecursiveOne_t" time="5.88893890380859e-05" />
    <testcase name="Equals (113)" classname="spec_perl_TestRecursiveOne_t" time="8.79764556884766e-05" />
    <testcase name="Equals (114)" classname="spec_perl_TestRecursiveOne_t" time="9.20295715332031e-05" />
  </testsuite>
  <testsuite name="spec_perl_TestExprArray_t" errors="0" failures="0" skipped="0" tests="15" time="0.0558760166168213">
    <system-out>1..15
ok 1 - Equals
ok 2 - Equals
ok 3 - Equals
ok 4 - Equals
ok 5 - Equals
ok 6 - Equals
ok 7 - Approx equals
ok 8 - Approx equals
ok 9 - Approx equals
ok 10 - Approx equals
ok 11 - Equals
ok 12 - Equals
ok 13 - Equals
ok 14 - Equals
ok 15 - Equals
</system-out>
    <testcase name="Equals (115)" classname="spec_perl_TestExprArray_t" time="0.00025486946105957" />
    <testcase name="Equals (116)" classname="spec_perl_TestExprArray_t" time="8.10623168945312e-05" />
    <testcase name="Equals (117)" classname="spec_perl_TestExprArray_t" time="8.79764556884766e-05" />
    <testcase name="Equals (118)" classname="spec_perl_TestExprArray_t" time="9.98973846435547e-05" />
    <testcase name="Equals (119)" classname="spec_perl_TestExprArray_t" time="8.29696655273438e-05" />
    <testcase name="Equals (120)" classname="spec_perl_TestExprArray_t" time="9.01222229003906e-05" />
    <testcase name="Approx equals (120)" classname="spec_perl_TestExprArray_t" time="4.00543212890625e-05" />
    <testcase name="Approx equals (121)" classname="spec_perl_TestExprArray_t" time="3.50475311279297e-05" />
    <testcase name="Approx equals (122)" classname="spec_perl_TestExprArray_t" time="5.07831573486328e-05" />
    <testcase name="Approx equals (123)" classname="spec_perl_TestExprArray_t" time="3.50475311279297e-05" />
    <testcase name="Equals (123)" classname="spec_perl_TestExprArray_t" time="9.51290130615234e-05" />
    <testcase name="Equals (124)" classname="spec_perl_TestExprArray_t" time="0.000102043151855469" />
    <testcase name="Equals (125)" classname="spec_perl_TestExprArray_t" time="0.000123977661132812" />
    <testcase name="Equals (126)" classname="spec_perl_TestExprArray_t" time="9.58442687988281e-05" />
    <testcase name="Equals (127)" classname="spec_perl_TestExprArray_t" time="9.10758972167969e-05" />
  </testsuite>
  <testsuite name="spec_perl_TestNavParentFalse2_t" errors="0" failures="0" skipped="0" tests="1" time="0.0504899024963379">
    <system-out>1..1
ok 1 - Equals
</system-out>
    <testcase name="Equals (128)" classname="spec_perl_TestNavParentFalse2_t" time="0.000142097473144531" />
  </testsuite>
  <testsuite name="spec_perl_TestSwitchManualIntSizeElse_t" errors="0" failures="0" skipped="0" tests="10" time="0.0558469295501709">
    <system-out>1..10
ok 1 - Equals
ok 2 - Equals
ok 3 - Equals
ok 4 - Equals
ok 5 - Equals
ok 6 - Equals
ok 7 - Equals
ok 8 - Equals
ok 9 - Equals
ok 10 - Equals
</system-out>
    <testcase name="Equals (129)" classname="spec_perl_TestSwitchManualIntSizeElse_t" time="0.000587224960327148" />
    <testcase name="Equals (130)" classname="spec_perl_TestSwitchManualIntSizeElse_t" time="7.89165496826172e-05" />
    <testcase name="Equals (131)" classname="spec_perl_TestSwitchManualIntSizeElse_t" time="0.000104904174804688" />
    <testcase name="Equals (132)" classname="spec_perl_TestSwitchManualIntSizeElse_t" time="9.20295715332031e-05" />
    <testcase name="Equals (133)" classname="spec_perl_TestSwitchManualIntSizeElse_t" time="8.70227813720703e-05" />
    <testcase name="Equals (134)" classname="spec_perl_TestSwitchManualIntSizeElse_t" time="0.000113964080810547" />
    <testcase name="Equals (135)" classname="spec_perl_TestSwitchManualIntSizeElse_t" time="8.89301300048828e-05" />
    <testcase name="Equals (136)" classname="spec_perl_TestSwitchManualIntSizeElse_t" time="9.10758972167969e-05" />
    <testcase name="Equals (137)" classname="spec_perl_TestSwitchManualIntSizeElse_t" time="9.39369201660156e-05" />
    <testcase name="Equals (138)" classname="spec_perl_TestSwitchManualIntSizeElse_t" time="8.70227813720703e-05" />
  </testsuite>
  <testsuite name="spec_perl_TestProcessCoerceUsertype1_t" errors="0" failures="0" skipped="0" tests="4" time="0.05194091796875">
    <system-out>1..4
ok 1 - Equals
ok 2 - Equals
ok 3 - Equals
ok 4 - Equals
</system-out>
    <testcase name="Equals (139)" classname="spec_perl_TestProcessCoerceUsertype1_t" time="0.000499963760375977" />
    <testcase name="Equals (140)" classname="spec_perl_TestProcessCoerceUsertype1_t" time="6.50882720947266e-05" />
    <testcase name="Equals (141)" classname="spec_perl_TestProcessCoerceUsertype1_t" time="8.70227813720703e-05" />
    <testcase name="Equals (142)" classname="spec_perl_TestProcessCoerceUsertype1_t" time="9.67979431152344e-05" />
  </testsuite>
  <testsuite name="spec_perl_TestTypeTernaryOpaque_t" errors="0" failures="0" skipped="0" tests="3" time="0.0556750297546387">
    <system-out>1..3
ok 1 - Equals
ok 2 - Equals
ok 3 - Equals
</system-out>
    <testcase name="Equals (143)" classname="spec_perl_TestTypeTernaryOpaque_t" time="0.000536203384399414" />
    <testcase name="Equals (144)" classname="spec_perl_TestTypeTernaryOpaque_t" time="6.38961791992188e-05" />
    <testcase name="Equals (145)" classname="spec_perl_TestTypeTernaryOpaque_t" time="4.88758087158203e-05" />
  </testsuite>
  <testsuite name="spec_perl_TestEnumNegative_t" errors="0" failures="0" skipped="0" tests="2" time="0.0502820014953613">
    <system-out>1..2
ok 1 - Equals
ok 2 - Equals
</system-out>
    <testcase name="Equals (146)" classname="spec_perl_TestEnumNegative_t" time="0.000155925750732422" />
    <testcase name="Equals (147)" classname="spec_perl_TestEnumNegative_t" time="7.70092010498047e-05" />
  </testsuite>
  <testsuite name="spec_perl_TestExprMod_t" errors="0" failures="0" skipped="0" tests="6" time="0.0520889759063721">
    <system-out>1..6
ok 1 - Equals
ok 2 - Equals
ok 3 - Equals
ok 4 - Equals
ok 5 - Equals
ok 6 - Equals
</system-out>
    <testcase name="Equals (148)" classname="spec_perl_TestExprMod_t" time="0.000180959701538086" />
    <testcase name="Equals (149)" classname="spec_perl_TestExprMod_t" time="6.50882720947266e-05" />
    <testcase name="Equals (150)" classname="spec_perl_TestExprMod_t" time="8.392333984375e-05" />
    <testcase name="Equals (151)" classname="spec_perl_TestExprMod_t" time="8.89301300048828e-05" />
    <testcase name="Equals (152)" classname="spec_perl_TestExprMod_t" time="9.29832458496094e-05" />
    <testcase name="Equals (153)" classname="spec_perl_TestExprMod_t" time="0.000102996826171875" />
  </testsuite>
  <testsuite name="spec_perl_TestBitsEnum_t" errors="0" failures="0" skipped="0" tests="3" time="0.0505259037017822">
    <system-out>1..3
ok 1 - Equals
ok 2 - Equals
ok 3 - Equals
</system-out>
    <testcase name="Equals (154)" classname="spec_perl_TestBitsEnum_t" time="0.000161886215209961" />
    <testcase name="Equals (155)" classname="spec_perl_TestBitsEnum_t" time="6.00814819335938e-05" />
    <testcase name="Equals (156)" classname="spec_perl_TestBitsEnum_t" time="0.000103950500488281" />
  </testsuite>
  <testsuite name="spec_perl_TestImportsParamsDefArrayUsertypeImported_t" errors="0" failures="1" skipped="1" tests="5" time="0.0529439449310303">
    <system-out>1..5
ok 1 - Equals
ok 2 - Equals
ok 3 - Equals
not ok 4 - test_imports_params_def_array_usertype_imported died (Can't use an undefined value as an ARRAY reference at compiled/perl/ParamsDefArrayUsertypeImported.pm line 43.)
ok 5 # skip test_imports_params_def_array_usertype_imported died
</system-out>
    <testcase name="Equals (157)" classname="spec_perl_TestImportsParamsDefArrayUsertypeImported_t" time="0.000178098678588867" />
    <testcase name="Equals (158)" classname="spec_perl_TestImportsParamsDefArrayUsertypeImported_t" time="6.4849853515625e-05" />
    <testcase name="Equals (159)" classname="spec_perl_TestImportsParamsDefArrayUsertypeImported_t" time="0.000102996826171875" />
    <testcase name="test_imports_params_def_array_usertype_imported died (Can't use an undefined value as an ARRAY reference at compiled/perl/ParamsDefArrayUsertypeImported.pm line 43.) (159)" classname="spec_perl_TestImportsParamsDefArrayUsertypeImported_t" time="0.000236034393310547">
      <failure message="not ok 4 - test_imports_params_def_array_usertype_imported died (Can't use an undefined value as an ARRAY reference at compiled/perl/ParamsDefArrayUsertypeImported.pm line 43.)" type="TAP::Parser::Result::Test"></failure>
    </testcase>
    <testcase name="Unnamed test case 159" classname="spec_perl_TestImportsParamsDefArrayUsertypeImported_t" time="0.000401020050048828">
      <skipped message="ok 5 # skip test_imports_params_def_array_usertype_imported died" />
    </testcase>
  </testsuite>
  <testsuite name="spec_perl_TestSwitchBytearray_t" errors="0" failures="0" skipped="0" tests="9" time="0.0547468662261963">
    <system-out>1..9
ok 1 - Equals
ok 2 - Equals
ok 3 - Equals
ok 4 - Equals
ok 5 - Equals
ok 6 - Equals
ok 7 - Equals
ok 8 - Equals
ok 9 - Equals
</system-out>
    <testcase name="Equals (160)" classname="spec_perl_TestSwitchBytearray_t" time="0.000199079513549805" />
    <testcase name="Equals (161)" classname="spec_perl_TestSwitchBytearray_t" time="5.88893890380859e-05" />
    <testcase name="Equals (162)" classname="spec_perl_TestSwitchBytearray_t" time="0.000103950500488281" />
    <testcase name="Equals (163)" classname="spec_perl_TestSwitchBytearray_t" time="9.01222229003906e-05" />
    <testcase name="Equals (164)" classname="spec_perl_TestSwitchBytearray_t" time="8.98838043212891e-05" />
    <testcase name="Equals (165)" classname="spec_perl_TestSwitchBytearray_t" time="0.000107049942016602" />
    <testcase name="Equals (166)" classname="spec_perl_TestSwitchBytearray_t" time="0.000134944915771484" />
    <testcase name="Equals (167)" classname="spec_perl_TestSwitchBytearray_t" time="9.70363616943359e-05" />
    <testcase name="Equals (168)" classname="spec_perl_TestSwitchBytearray_t" time="8.70227813720703e-05" />
  </testsuite>
  <testsuite name="spec_perl_TestStrPadTerm_t" errors="0" failures="0" skipped="0" tests="4" time="0.0550670623779297">
    <system-out>1..4
ok 1 - Equals
ok 2 - Equals
ok 3 - Equals
ok 4 - Equals
</system-out>
    <testcase name="Equals (169)" classname="spec_perl_TestStrPadTerm_t" time="0.000243902206420898" />
    <testcase name="Equals (170)" classname="spec_perl_TestStrPadTerm_t" time="4.79221343994141e-05" />
    <testcase name="Equals (171)" classname="spec_perl_TestStrPadTerm_t" time="0.000101089477539062" />
    <testcase name="Equals (172)" classname="spec_perl_TestStrPadTerm_t" time="0.000102043151855469" />
  </testsuite>
  <testsuite name="spec_perl_TestBufferedStruct_t" errors="0" failures="0" skipped="0" tests="7" time="0.05240797996521">
    <system-out>1..7
ok 1 - Equals
ok 2 - Equals
ok 3 - Equals
ok 4 - Equals
ok 5 - Equals
ok 6 - Equals
ok 7 - Equals
</system-out>
    <testcase name="Equals (173)" classname="spec_perl_TestBufferedStruct_t" time="0.00043797492980957" />
    <testcase name="Equals (174)" classname="spec_perl_TestBufferedStruct_t" time="4.79221343994141e-05" />
    <testcase name="Equals (175)" classname="spec_perl_TestBufferedStruct_t" time="9.20295715332031e-05" />
    <testcase name="Equals (176)" classname="spec_perl_TestBufferedStruct_t" time="0.000130891799926758" />
    <testcase name="Equals (177)" classname="spec_perl_TestBufferedStruct_t" time="9.51290130615234e-05" />
    <testcase name="Equals (178)" classname="spec_perl_TestBufferedStruct_t" time="9.20295715332031e-05" />
    <testcase name="Equals (179)" classname="spec_perl_TestBufferedStruct_t" time="9.70363616943359e-05" />
  </testsuite>
  <testsuite name="spec_perl_TestTermStrzUtf16V2_t" errors="0" failures="0" skipped="0" tests="3" time="0.0551688671112061">
    <system-out>1..3
ok 1 - Equals
ok 2 - Equals
ok 3 - Equals
</system-out>
    <testcase name="Equals (180)" classname="spec_perl_TestTermStrzUtf16V2_t" time="0.000869035720825195" />
    <testcase name="Equals (181)" classname="spec_perl_TestTermStrzUtf16V2_t" time="6.00814819335938e-05" />
    <testcase name="Equals (182)" classname="spec_perl_TestTermStrzUtf16V2_t" time="0.000101804733276367" />
  </testsuite>
  <testsuite name="spec_perl_TestBitsUnalignedB64Be_t" errors="0" failures="0" skipped="0" tests="3" time="0.0509378910064697">
    <system-out>1..3
ok 1 - Equals
ok 2 - Equals
ok 3 - Equals
</system-out>
    <testcase name="Equals (183)" classname="spec_perl_TestBitsUnalignedB64Be_t" time="0.000150918960571289" />
    <testcase name="Equals (184)" classname="spec_perl_TestBitsUnalignedB64Be_t" time="5.50746917724609e-05" />
    <testcase name="Equals (185)" classname="spec_perl_TestBitsUnalignedB64Be_t" time="0.000112056732177734" />
  </testsuite>
  <testsuite name="spec_perl_TestTermStrzUtf16V3_t" errors="0" failures="0" skipped="0" tests="4" time="0.0554239749908447">
    <system-out>1..4
ok 1 - Equals
ok 2 - Equals
ok 3 - Equals
ok 4 - Equals
</system-out>
    <testcase name="Equals (186)" classname="spec_perl_TestTermStrzUtf16V3_t" time="0.000883102416992188" />
    <testcase name="Equals (187)" classname="spec_perl_TestTermStrzUtf16V3_t" time="5.98430633544922e-05" />
    <testcase name="Equals (188)" classname="spec_perl_TestTermStrzUtf16V3_t" time="0.000100135803222656" />
    <testcase name="Equals (189)" classname="spec_perl_TestTermStrzUtf16V3_t" time="9.48905944824219e-05" />
  </testsuite>
  <testsuite name="spec_perl_TestNestedTypesImport_t" errors="0" failures="0" skipped="0" tests="11" time="0.0521960258483887">
    <system-out>1..11
ok 1 - Equals
ok 2 - Equals
ok 3 - Equals
ok 4 - Equals
ok 5 - Equals
ok 6 - nil
ok 7 - nil
ok 8 - nil
ok 9 - nil
ok 10 - nil
ok 11 - nil
</system-out>
    <testcase name="Equals (190)" classname="spec_perl_TestNestedTypesImport_t" time="0.00020599365234375" />
    <testcase name="Equals (191)" classname="spec_perl_TestNestedTypesImport_t" time="6.07967376708984e-05" />
    <testcase name="Equals (192)" classname="spec_perl_TestNestedTypesImport_t" time="8.60691070556641e-05" />
    <testcase name="Equals (193)" classname="spec_perl_TestNestedTypesImport_t" time="8.79764556884766e-05" />
    <testcase name="Equals (194)" classname="spec_perl_TestNestedTypesImport_t" time="8.60691070556641e-05" />
    <testcase name="nil (194)" classname="spec_perl_TestNestedTypesImport_t" time="4.10079956054688e-05" />
    <testcase name="nil (195)" classname="spec_perl_TestNestedTypesImport_t" time="6.00814819335938e-05" />
    <testcase name="nil (196)" classname="spec_perl_TestNestedTypesImport_t" time="4.79221343994141e-05" />
    <testcase name="nil (197)" classname="spec_perl_TestNestedTypesImport_t" time="5.50746917724609e-05" />
    <testcase name="nil (198)" classname="spec_perl_TestNestedTypesImport_t" time="4.1961669921875e-05" />
    <testcase name="nil (199)" classname="spec_perl_TestNestedTypesImport_t" time="3.79085540771484e-05" />
  </testsuite>
  <testsuite name="spec_perl_TestValidSwitch_t" errors="0" failures="0" skipped="1" tests="1" time="0.0530860424041748">
    <system-out>1..1
ok 1 # skip ValidSwitch=HASH(0x55fca89b1e48)
</system-out>
    <testcase name="Unnamed test case 199" classname="spec_perl_TestValidSwitch_t" time="0.000889062881469727">
      <skipped message="ok 1 # skip ValidSwitch=HASH(0x55fca89b1e48)" />
    </testcase>
  </testsuite>
  <testsuite name="spec_perl_TestExprBits_t" errors="0" failures="0" skipped="0" tests="10" time="0.0520319938659668">
    <system-out>1..10
ok 1 - Equals
ok 2 - Equals
ok 3 - Equals
ok 4 - Equals
ok 5 - Equals
ok 6 - Equals
ok 7 - Equals
ok 8 - Equals
ok 9 - Equals
ok 10 - Equals
</system-out>
    <testcase name="Equals (199)" classname="spec_perl_TestExprBits_t" time="0.00016021728515625" />
    <testcase name="Equals (200)" classname="spec_perl_TestExprBits_t" time="5.19752502441406e-05" />
    <testcase name="Equals (201)" classname="spec_perl_TestExprBits_t" time="0.0001068115234375" />
    <testcase name="Equals (202)" classname="spec_perl_TestExprBits_t" time="9.29832458496094e-05" />
    <testcase name="Equals (203)" classname="spec_perl_TestExprBits_t" time="9.10758972167969e-05" />
    <testcase name="Equals (204)" classname="spec_perl_TestExprBits_t" time="8.79764556884766e-05" />
    <testcase name="Equals (205)" classname="spec_perl_TestExprBits_t" time="8.51154327392578e-05" />
    <testcase name="Equals (206)" classname="spec_perl_TestExprBits_t" time="0.000113964080810547" />
    <testcase name="Equals (207)" classname="spec_perl_TestExprBits_t" time="9.20295715332031e-05" />
    <testcase name="Equals (208)" classname="spec_perl_TestExprBits_t" time="0.000104904174804688" />
  </testsuite>
  <testsuite name="spec_perl_TestNavParent_t" errors="0" failures="0" skipped="0" tests="5" time="0.0545709133148193">
    <system-out>1..5
ok 1 - Equals
ok 2 - Equals
ok 3 - Equals
ok 4 - Equals
ok 5 - Equals
</system-out>
    <testcase name="Equals (209)" classname="spec_perl_TestNavParent_t" time="0.000237941741943359" />
    <testcase name="Equals (210)" classname="spec_perl_TestNavParent_t" time="7.51018524169922e-05" />
    <testcase name="Equals (211)" classname="spec_perl_TestNavParent_t" time="9.29832458496094e-05" />
    <testcase name="Equals (212)" classname="spec_perl_TestNavParent_t" time="9.20295715332031e-05" />
    <testcase name="Equals (213)" classname="spec_perl_TestNavParent_t" time="9.58442687988281e-05" />
  </testsuite>
  <testsuite name="spec_perl_TestStrPadTermUtf16_t" errors="0" failures="0" skipped="0" tests="3" time="0.055103063583374">
    <system-out>1..3
ok 1 - Equals
ok 2 - Equals
ok 3 - Equals
</system-out>
    <testcase name="Equals (214)" classname="spec_perl_TestStrPadTermUtf16_t" time="0.000852108001708984" />
    <testcase name="Equals (215)" classname="spec_perl_TestStrPadTermUtf16_t" time="8.10623168945312e-05" />
    <testcase name="Equals (216)" classname="spec_perl_TestStrPadTermUtf16_t" time="0.000128030776977539" />
  </testsuite>
  <testsuite name="spec_perl_TestZlibWithHeader78_t" errors="0" failures="0" skipped="0" tests="1" time="0.0729658603668213">
    <system-out>1..1
ok 1 - Equals
</system-out>
    <testcase name="Equals (217)" classname="spec_perl_TestZlibWithHeader78_t" time="0.000216007232666016" />
  </testsuite>
  <testsuite name="spec_perl_TestIndexToParamExpr_t" errors="0" failures="2" skipped="0" tests="7" time="0.0580060482025146">
    <system-out>1..7
ok 1 - Equals
ok 2 - Equals
ok 3 - Equals
ok 4 - Equals
ok 5 - Equals
not ok 6 - Equals
not ok 7 - Equals
</system-out>
    <testcase name="Equals (218)" classname="spec_perl_TestIndexToParamExpr_t" time="0.000234127044677734" />
    <testcase name="Equals (219)" classname="spec_perl_TestIndexToParamExpr_t" time="9.89437103271484e-05" />
    <testcase name="Equals (220)" classname="spec_perl_TestIndexToParamExpr_t" time="0.000192880630493164" />
    <testcase name="Equals (221)" classname="spec_perl_TestIndexToParamExpr_t" time="0.000132083892822266" />
    <testcase name="Equals (222)" classname="spec_perl_TestIndexToParamExpr_t" time="0.00015711784362793" />
    <testcase name="Equals (223)" classname="spec_perl_TestIndexToParamExpr_t" time="0.000209808349609375">
      <failure message="not ok 6 - Equals" type="TAP::Parser::Result::Test"></failure>
    </testcase>
    <testcase name="Equals (224)" classname="spec_perl_TestIndexToParamExpr_t" time="0.000669002532958984">
      <failure message="not ok 7 - Equals" type="TAP::Parser::Result::Test"></failure>
    </testcase>
  </testsuite>
  <testsuite name="spec_perl_TestDefaultEndianExprException_t" errors="0" failures="0" skipped="0" tests="1" time="0.0521440505981445">
    <system-out>1..1
ok 1 - threw /^Unable to decide on endianness/
</system-out>
    <testcase name="threw /^Unable to decide on endianness/ (224)" classname="spec_perl_TestDefaultEndianExprException_t" time="0.000173091888427734" />
  </testsuite>
  <testsuite name="spec_perl_TestIfInstances_t" errors="0" failures="0" skipped="0" tests="1" time="0.0502529144287109">
    <system-out>1..1
ok 1 - nil
</system-out>
    <testcase name="nil (224)" classname="spec_perl_TestIfInstances_t" time="0.000115871429443359" />
  </testsuite>
  <testsuite name="spec_perl_TestDebugArrayUserEofException_t" errors="0" failures="0" skipped="0" tests="9" time="0.0531949996948242">
    <system-out>1..9
ok 1 - threw /^Requested \d+ bytes, but only \d+ bytes available/
ok 2 - Equals
ok 3 - Equals
ok 4 - Equals
ok 5 - Equals
ok 6 - Equals
ok 7 - Equals
ok 8 - Equals
ok 9 - Equals
</system-out>
    <testcase name="threw /^Requested \d+ bytes, but only \d+ bytes available/ (224)" classname="spec_perl_TestDebugArrayUserEofException_t" time="0.000146150588989258" />
    <testcase name="Equals (225)" classname="spec_perl_TestDebugArrayUserEofException_t" time="8.89301300048828e-05" />
    <testcase name="Equals (226)" classname="spec_perl_TestDebugArrayUserEofException_t" time="9.70363616943359e-05" />
    <testcase name="Equals (227)" classname="spec_perl_TestDebugArrayUserEofException_t" time="9.29832458496094e-05" />
    <testcase name="Equals (228)" classname="spec_perl_TestDebugArrayUserEofException_t" time="9.20295715332031e-05" />
    <testcase name="Equals (229)" classname="spec_perl_TestDebugArrayUserEofException_t" time="8.98838043212891e-05" />
    <testcase name="Equals (230)" classname="spec_perl_TestDebugArrayUserEofException_t" time="8.51154327392578e-05" />
    <testcase name="Equals (231)" classname="spec_perl_TestDebugArrayUserEofException_t" time="0.000128984451293945" />
    <testcase name="Equals (232)" classname="spec_perl_TestDebugArrayUserEofException_t" time="0.000104904174804688" />
  </testsuite>
  <testsuite name="spec_perl_TestEnumToI_t" errors="0" failures="0" skipped="0" tests="8" time="0.0514960289001465">
    <system-out>1..8
ok 1 - Equals
ok 2 - Equals
ok 3 - Equals
ok 4 - Equals
ok 5 - Equals
ok 6 - Equals
ok 7 - Equals
ok 8 - Equals
</system-out>
    <testcase name="Equals (233)" classname="spec_perl_TestEnumToI_t" time="0.000137805938720703" />
    <testcase name="Equals (234)" classname="spec_perl_TestEnumToI_t" time="5.7220458984375e-05" />
    <testcase name="Equals (235)" classname="spec_perl_TestEnumToI_t" time="0.0001068115234375" />
    <testcase name="Equals (236)" classname="spec_perl_TestEnumToI_t" time="9.29832458496094e-05" />
    <testcase name="Equals (237)" classname="spec_perl_TestEnumToI_t" time="9.20295715332031e-05" />
    <testcase name="Equals (238)" classname="spec_perl_TestEnumToI_t" time="8.51154327392578e-05" />
    <testcase name="Equals (239)" classname="spec_perl_TestEnumToI_t" time="8.20159912109375e-05" />
    <testcase name="Equals (240)" classname="spec_perl_TestEnumToI_t" time="8.08238983154297e-05" />
  </testsuite>
  <testsuite name="spec_perl_TestStrPadTermEmpty_t" errors="0" failures="0" skipped="0" tests="4" time="0.0549631118774414">
    <system-out>1..4
ok 1 - Equals
ok 2 - Equals
ok 3 - Equals
ok 4 - Equals
</system-out>
    <testcase name="Equals (241)" classname="spec_perl_TestStrPadTermEmpty_t" time="0.000198841094970703" />
    <testcase name="Equals (242)" classname="spec_perl_TestStrPadTermEmpty_t" time="7.29560852050781e-05" />
    <testcase name="Equals (243)" classname="spec_perl_TestStrPadTermEmpty_t" time="0.000119209289550781" />
    <testcase name="Equals (244)" classname="spec_perl_TestStrPadTermEmpty_t" time="9.29832458496094e-05" />
  </testsuite>
  <testsuite name="spec_perl_TestSwitchManualEnum_t" errors="0" failures="0" skipped="0" tests="9" time="0.0552690029144287">
    <system-out>1..9
ok 1 - Equals
ok 2 - Equals
ok 3 - Equals
ok 4 - Equals
ok 5 - Equals
ok 6 - Equals
ok 7 - Equals
ok 8 - Equals
ok 9 - Equals
</system-out>
    <testcase name="Equals (245)" classname="spec_perl_TestSwitchManualEnum_t" time="0.000224113464355469" />
    <testcase name="Equals (246)" classname="spec_perl_TestSwitchManualEnum_t" time="6.29425048828125e-05" />
    <testcase name="Equals (247)" classname="spec_perl_TestSwitchManualEnum_t" time="0.00010991096496582" />
    <testcase name="Equals (248)" classname="spec_perl_TestSwitchManualEnum_t" time="9.41753387451172e-05" />
    <testcase name="Equals (249)" classname="spec_perl_TestSwitchManualEnum_t" time="9.39369201660156e-05" />
    <testcase name="Equals (250)" classname="spec_perl_TestSwitchManualEnum_t" time="0.000113010406494141" />
    <testcase name="Equals (251)" classname="spec_perl_TestSwitchManualEnum_t" time="0.000110864639282227" />
    <testcase name="Equals (252)" classname="spec_perl_TestSwitchManualEnum_t" time="9.01222229003906e-05" />
    <testcase name="Equals (253)" classname="spec_perl_TestSwitchManualEnum_t" time="8.79764556884766e-05" />
  </testsuite>
  <testsuite name="spec_perl_TestIntegers_t" errors="0" failures="0" skipped="0" tests="20" time="0.0521130561828613">
    <system-out>1..20
ok 1 - Equals
ok 2 - Equals
ok 3 - Equals
ok 4 - Equals
ok 5 - Equals
ok 6 - Equals
ok 7 - Equals
ok 8 - Equals
ok 9 - Equals
ok 10 - Equals
ok 11 - Equals
ok 12 - Equals
ok 13 - Equals
ok 14 - Equals
ok 15 - Equals
ok 16 - Equals
ok 17 - Equals
ok 18 - Equals
ok 19 - Equals
ok 20 - Equals
</system-out>
    <testcase name="Equals (254)" classname="spec_perl_TestIntegers_t" time="0.000177145004272461" />
    <testcase name="Equals (255)" classname="spec_perl_TestIntegers_t" time="5.98430633544922e-05" />
    <testcase name="Equals (256)" classname="spec_perl_TestIntegers_t" time="0.000111103057861328" />
    <testcase name="Equals (257)" classname="spec_perl_TestIntegers_t" time="0.000133037567138672" />
    <testcase name="Equals (258)" classname="spec_perl_TestIntegers_t" time="8.98838043212891e-05" />
    <testcase name="Equals (259)" classname="spec_perl_TestIntegers_t" time="8.20159912109375e-05" />
    <testcase name="Equals (260)" classname="spec_perl_TestIntegers_t" time="8.70227813720703e-05" />
    <testcase name="Equals (261)" classname="spec_perl_TestIntegers_t" time="8.29696655273438e-05" />
    <testcase name="Equals (262)" classname="spec_perl_TestIntegers_t" time="8.60691070556641e-05" />
    <testcase name="Equals (263)" classname="spec_perl_TestIntegers_t" time="8.79764556884766e-05" />
    <testcase name="Equals (264)" classname="spec_perl_TestIntegers_t" time="8.60691070556641e-05" />
    <testcase name="Equals (265)" classname="spec_perl_TestIntegers_t" time="8.20159912109375e-05" />
    <testcase name="Equals (266)" classname="spec_perl_TestIntegers_t" time="8.29696655273438e-05" />
    <testcase name="Equals (267)" classname="spec_perl_TestIntegers_t" time="8.20159912109375e-05" />
    <testcase name="Equals (268)" classname="spec_perl_TestIntegers_t" time="0.000119924545288086" />
    <testcase name="Equals (269)" classname="spec_perl_TestIntegers_t" time="9.29832458496094e-05" />
    <testcase name="Equals (270)" classname="spec_perl_TestIntegers_t" time="9.10758972167969e-05" />
    <testcase name="Equals (271)" classname="spec_perl_TestIntegers_t" time="8.20159912109375e-05" />
    <testcase name="Equals (272)" classname="spec_perl_TestIntegers_t" time="8.58306884765625e-05" />
    <testcase name="Equals (273)" classname="spec_perl_TestIntegers_t" time="8.29696655273438e-05" />
  </testsuite>
  <testsuite name="spec_perl_TestMetaXref_t" errors="0" failures="0" skipped="1" tests="1" time="0.0508441925048828">
    <system-out>1..1
ok 1 # skip MetaXref=HASH(0x55f1e5066380)
</system-out>
    <testcase name="Unnamed test case 273" classname="spec_perl_TestMetaXref_t" time="0.000914096832275391">
      <skipped message="ok 1 # skip MetaXref=HASH(0x55f1e5066380)" />
    </testcase>
  </testsuite>
  <testsuite name="spec_perl_TestProcessXor4Const_t" errors="0" failures="0" skipped="0" tests="2" time="0.0508551597595215">
    <system-out>1..2
ok 1 - Equals
ok 2 - Equals
</system-out>
    <testcase name="Equals (274)" classname="spec_perl_TestProcessXor4Const_t" time="0.000150918960571289" />
    <testcase name="Equals (275)" classname="spec_perl_TestProcessXor4Const_t" time="0.000102043151855469" />
  </testsuite>
  <testsuite name="spec_perl_TestHelloWorld_t" errors="0" failures="0" skipped="0" tests="1" time="0.0503900051116943">
    <system-out>1..1
ok 1 - Equals
</system-out>
    <testcase name="Equals (276)" classname="spec_perl_TestHelloWorld_t" time="0.00017094612121582" />
  </testsuite>
  <testsuite name="spec_perl_TestPositionInSeq_t" errors="0" failures="0" skipped="0" tests="1" time="0.0510849952697754">
    <system-out>1..1
ok 1 - Equals
</system-out>
    <testcase name="Equals (277)" classname="spec_perl_TestPositionInSeq_t" time="0.000173091888427734" />
  </testsuite>
  <testsuite name="spec_perl_TestEnumIntRangeU_t" errors="0" failures="0" skipped="0" tests="2" time="0.0508928298950195">
    <system-out>1..2
ok 1 - Equals
ok 2 - Equals
</system-out>
    <testcase name="Equals (278)" classname="spec_perl_TestEnumIntRangeU_t" time="0.000193119049072266" />
    <testcase name="Equals (279)" classname="spec_perl_TestEnumIntRangeU_t" time="6.103515625e-05" />
  </testsuite>
  <testsuite name="spec_perl_TestExprStrOps_t" errors="0" failures="0" skipped="0" tests="18" time="0.0568909645080566">
    <system-out>1..18
ok 1 - Equals
ok 2 - Equals
ok 3 - Equals
ok 4 - Equals
ok 5 - Equals
ok 6 - Equals
ok 7 - Equals
ok 8 - Equals
ok 9 - Equals
ok 10 - Equals
ok 11 - Equals
ok 12 - Equals
ok 13 - Equals
ok 14 - Equals
ok 15 - Equals
ok 16 - Equals
ok 17 - Equals
ok 18 - Equals
</system-out>
    <testcase name="Equals (280)" classname="spec_perl_TestExprStrOps_t" time="0.00016021728515625" />
    <testcase name="Equals (281)" classname="spec_perl_TestExprStrOps_t" time="9.39369201660156e-05" />
    <testcase name="Equals (282)" classname="spec_perl_TestExprStrOps_t" time="9.70363616943359e-05" />
    <testcase name="Equals (283)" classname="spec_perl_TestExprStrOps_t" time="0.000115871429443359" />
    <testcase name="Equals (284)" classname="spec_perl_TestExprStrOps_t" time="9.51290130615234e-05" />
    <testcase name="Equals (285)" classname="spec_perl_TestExprStrOps_t" time="9.20295715332031e-05" />
    <testcase name="Equals (286)" classname="spec_perl_TestExprStrOps_t" time="8.98838043212891e-05" />
    <testcase name="Equals (287)" classname="spec_perl_TestExprStrOps_t" time="8.79764556884766e-05" />
    <testcase name="Equals (288)" classname="spec_perl_TestExprStrOps_t" time="9.01222229003906e-05" />
    <testcase name="Equals (289)" classname="spec_perl_TestExprStrOps_t" time="8.98838043212891e-05" />
    <testcase name="Equals (290)" classname="spec_perl_TestExprStrOps_t" time="9.39369201660156e-05" />
    <testcase name="Equals (291)" classname="spec_perl_TestExprStrOps_t" time="9.79900360107422e-05" />
    <testcase name="Equals (292)" classname="spec_perl_TestExprStrOps_t" time="9.29832458496094e-05" />
    <testcase name="Equals (293)" classname="spec_perl_TestExprStrOps_t" time="0.000114202499389648" />
    <testcase name="Equals (294)" classname="spec_perl_TestExprStrOps_t" time="0.000105857849121094" />
    <testcase name="Equals (295)" classname="spec_perl_TestExprStrOps_t" time="9.29832458496094e-05" />
    <testcase name="Equals (296)" classname="spec_perl_TestExprStrOps_t" time="9.01222229003906e-05" />
    <testcase name="Equals (297)" classname="spec_perl_TestExprStrOps_t" time="8.10623168945312e-05" />
  </testsuite>
  <testsuite name="spec_perl_TestNavParent2_t" errors="0" failures="0" skipped="0" tests="10" time="0.0556809902191162">
    <system-out>1..10
ok 1 - Equals
ok 2 - Equals
ok 3 - Equals
ok 4 - Equals
ok 5 - Equals
ok 6 - Equals
ok 7 - Equals
ok 8 - Equals
ok 9 - Equals
ok 10 - Equals
</system-out>
    <testcase name="Equals (298)" classname="spec_perl_TestNavParent2_t" time="0.000240087509155273" />
    <testcase name="Equals (299)" classname="spec_perl_TestNavParent2_t" time="8.79764556884766e-05" />
    <testcase name="Equals (300)" classname="spec_perl_TestNavParent2_t" time="9.67979431152344e-05" />
    <testcase name="Equals (301)" classname="spec_perl_TestNavParent2_t" time="9.10758972167969e-05" />
    <testcase name="Equals (302)" classname="spec_perl_TestNavParent2_t" time="9.20295715332031e-05" />
    <testcase name="Equals (303)" classname="spec_perl_TestNavParent2_t" time="0.000129938125610352" />
    <testcase name="Equals (304)" classname="spec_perl_TestNavParent2_t" time="9.918212890625e-05" />
    <testcase name="Equals (305)" classname="spec_perl_TestNavParent2_t" time="9.29832458496094e-05" />
    <testcase name="Equals (306)" classname="spec_perl_TestNavParent2_t" time="9.29832458496094e-05" />
    <testcase name="Equals (307)" classname="spec_perl_TestNavParent2_t" time="0.000150918960571289" />
  </testsuite>
  <testsuite name="spec_perl_TestStrEncodingsEscapingToS_t" errors="0" failures="0" skipped="0" tests="4" time="0.056204080581665">
    <system-out>1..4
ok 1 - threw Regexp ((?^:^Unknown encoding 'ASCII\\\\x'))
ok 2 - threw Regexp ((?^:^Unknown encoding 'UTF-8\\'x'))
ok 3 - threw Regexp ((?^:^Unknown encoding 'SJIS\\\&quot;x'))
ok 4 - threw Regexp ((?^:^Unknown encoding 'IBM437\\nx'))
</system-out>
    <testcase name="threw Regexp ((?^:^Unknown encoding 'ASCII\\\\x')) (307)" classname="spec_perl_TestStrEncodingsEscapingToS_t" time="0.000298023223876953" />
    <testcase name="threw Regexp ((?^:^Unknown encoding 'UTF-8\\'x')) (307)" classname="spec_perl_TestStrEncodingsEscapingToS_t" time="0.000217914581298828" />
    <testcase name="threw Regexp ((?^:^Unknown encoding 'SJIS\\\&quot;x')) (307)" classname="spec_perl_TestStrEncodingsEscapingToS_t" time="0.000234127044677734" />
    <testcase name="threw Regexp ((?^:^Unknown encoding 'IBM437\\nx')) (307)" classname="spec_perl_TestStrEncodingsEscapingToS_t" time="0.000227928161621094" />
  </testsuite>
  <testsuite name="spec_perl_TestBitsShiftByB64Le_t" errors="0" failures="0" skipped="0" tests="2" time="0.0507791042327881">
    <system-out>1..2
ok 1 - Equals
ok 2 - Equals
</system-out>
    <testcase name="Equals (308)" classname="spec_perl_TestBitsShiftByB64Le_t" time="0.000177860260009766" />
    <testcase name="Equals (309)" classname="spec_perl_TestBitsShiftByB64Le_t" time="7.41481781005859e-05" />
  </testsuite>
  <testsuite name="spec_perl_TestExprSizeofValue0_t" errors="0" failures="0" skipped="0" tests="5" time="0.0511670112609863">
    <system-out>1..5
ok 1 - Equals
ok 2 - Equals
ok 3 - Equals
ok 4 - Equals
ok 5 - Equals
</system-out>
    <testcase name="Equals (310)" classname="spec_perl_TestExprSizeofValue0_t" time="0.000173091888427734" />
    <testcase name="Equals (311)" classname="spec_perl_TestExprSizeofValue0_t" time="6.29425048828125e-05" />
    <testcase name="Equals (312)" classname="spec_perl_TestExprSizeofValue0_t" time="8.51154327392578e-05" />
    <testcase name="Equals (313)" classname="spec_perl_TestExprSizeofValue0_t" time="9.89437103271484e-05" />
    <testcase name="Equals (314)" classname="spec_perl_TestExprSizeofValue0_t" time="0.000108957290649414" />
  </testsuite>
  <testsuite name="spec_perl_TestBitsSimpleLe_t" errors="0" failures="0" skipped="0" tests="14" time="0.0535061359405518">
    <system-out>1..14
ok 1 - Equals
ok 2 - Equals
ok 3 - Equals
ok 4 - Equals
ok 5 - Equals
ok 6 - Equals
ok 7 - Equals
ok 8 - Equals
ok 9 - Equals
ok 10 - Equals
ok 11 - Equals
ok 12 - Equals
ok 13 - Equals
ok 14 - Equals
</system-out>
    <testcase name="Equals (315)" classname="spec_perl_TestBitsSimpleLe_t" time="0.000132083892822266" />
    <testcase name="Equals (316)" classname="spec_perl_TestBitsSimpleLe_t" time="6.89029693603516e-05" />
    <testcase name="Equals (317)" classname="spec_perl_TestBitsSimpleLe_t" time="8.48770141601562e-05" />
    <testcase name="Equals (318)" classname="spec_perl_TestBitsSimpleLe_t" time="9.20295715332031e-05" />
    <testcase name="Equals (319)" classname="spec_perl_TestBitsSimpleLe_t" time="9.01222229003906e-05" />
    <testcase name="Equals (320)" classname="spec_perl_TestBitsSimpleLe_t" time="9.48905944824219e-05" />
    <testcase name="Equals (321)" classname="spec_perl_TestBitsSimpleLe_t" time="0.000108957290649414" />
    <testcase name="Equals (322)" classname="spec_perl_TestBitsSimpleLe_t" time="9.41753387451172e-05" />
    <testcase name="Equals (323)" classname="spec_perl_TestBitsSimpleLe_t" time="9.58442687988281e-05" />
    <testcase name="Equals (324)" classname="spec_perl_TestBitsSimpleLe_t" time="8.91685485839844e-05" />
    <testcase name="Equals (325)" classname="spec_perl_TestBitsSimpleLe_t" time="8.70227813720703e-05" />
    <testcase name="Equals (326)" classname="spec_perl_TestBitsSimpleLe_t" time="8.89301300048828e-05" />
    <testcase name="Equals (327)" classname="spec_perl_TestBitsSimpleLe_t" time="9.60826873779297e-05" />
    <testcase name="Equals (328)" classname="spec_perl_TestBitsSimpleLe_t" time="8.48770141601562e-05" />
  </testsuite>
  <testsuite name="spec_perl_TestRepeatNStrzDouble_t" errors="0" failures="0" skipped="0" tests="3" time="0.0542891025543213">
    <system-out>1..3
ok 1 - Equals
ok 2 - Equals
ok 3 - Equals
</system-out>
    <testcase name="Equals (329)" classname="spec_perl_TestRepeatNStrzDouble_t" time="0.000221967697143555" />
    <testcase name="Equals (330)" classname="spec_perl_TestRepeatNStrzDouble_t" time="6.50882720947266e-05" />
    <testcase name="Equals (331)" classname="spec_perl_TestRepeatNStrzDouble_t" time="8.70227813720703e-05" />
  </testsuite>
  <testsuite name="spec_perl_TestCastToTop_t" errors="0" failures="0" skipped="0" tests="3" time="0.0508460998535156">
    <system-out>1..3
ok 1 - Equals
ok 2 - Equals
ok 3 - Equals
</system-out>
    <testcase name="Equals (332)" classname="spec_perl_TestCastToTop_t" time="0.000188827514648438" />
    <testcase name="Equals (333)" classname="spec_perl_TestCastToTop_t" time="9.70363616943359e-05" />
    <testcase name="Equals (334)" classname="spec_perl_TestCastToTop_t" time="0.000102043151855469" />
  </testsuite>
  <testsuite name="spec_perl_TestZlibSurrounded_t" errors="0" failures="0" skipped="0" tests="1" time="0.0749540328979492">
    <system-out>1..1
ok 1 - Equals
</system-out>
    <testcase name="Equals (335)" classname="spec_perl_TestZlibSurrounded_t" time="0.000551939010620117" />
  </testsuite>
  <testsuite name="spec_perl_TestNestedSameName2_t" errors="0" failures="0" skipped="0" tests="5" time="0.0512421131134033">
    <system-out>1..5
ok 1 - Equals
ok 2 - Equals
ok 3 - Equals
ok 4 - Equals
ok 5 - Equals
</system-out>
    <testcase name="Equals (336)" classname="spec_perl_TestNestedSameName2_t" time="0.000217914581298828" />
    <testcase name="Equals (337)" classname="spec_perl_TestNestedSameName2_t" time="6.00814819335938e-05" />
    <testcase name="Equals (338)" classname="spec_perl_TestNestedSameName2_t" time="7.89165496826172e-05" />
    <testcase name="Equals (339)" classname="spec_perl_TestNestedSameName2_t" time="9.29832458496094e-05" />
    <testcase name="Equals (340)" classname="spec_perl_TestNestedSameName2_t" time="0.000102996826171875" />
  </testsuite>
  <testsuite name="spec_perl_TestTermStrzUtf16V1_t" errors="0" failures="0" skipped="0" tests="4" time="0.0548970699310303">
    <system-out>1..4
ok 1 - Equals
ok 2 - Equals
ok 3 - Equals
ok 4 - Equals
</system-out>
    <testcase name="Equals (341)" classname="spec_perl_TestTermStrzUtf16V1_t" time="0.000860929489135742" />
    <testcase name="Equals (342)" classname="spec_perl_TestTermStrzUtf16V1_t" time="6.41345977783203e-05" />
    <testcase name="Equals (343)" classname="spec_perl_TestTermStrzUtf16V1_t" time="9.39369201660156e-05" />
    <testcase name="Equals (344)" classname="spec_perl_TestTermStrzUtf16V1_t" time="8.29696655273438e-05" />
  </testsuite>
  <testsuite name="spec_perl_TestFloatingPoints_t" errors="0" failures="0" skipped="0" tests="8" time="0.0506649017333984">
    <system-out>1..8
ok 1 - Approx equals
ok 2 - Approx equals
ok 3 - Approx equals
ok 4 - Approx equals
ok 5 - Approx equals
ok 6 - Approx equals
ok 7 - Approx equals
ok 8 - Approx equals
</system-out>
    <testcase name="Approx equals (344)" classname="spec_perl_TestFloatingPoints_t" time="0.000134944915771484" />
    <testcase name="Approx equals (345)" classname="spec_perl_TestFloatingPoints_t" time="4.41074371337891e-05" />
    <testcase name="Approx equals (346)" classname="spec_perl_TestFloatingPoints_t" time="4.79221343994141e-05" />
    <testcase name="Approx equals (347)" classname="spec_perl_TestFloatingPoints_t" time="7.20024108886719e-05" />
    <testcase name="Approx equals (348)" classname="spec_perl_TestFloatingPoints_t" time="3.91006469726562e-05" />
    <testcase name="Approx equals (349)" classname="spec_perl_TestFloatingPoints_t" time="3.88622283935547e-05" />
    <testcase name="Approx equals (350)" classname="spec_perl_TestFloatingPoints_t" time="5.00679016113281e-05" />
    <testcase name="Approx equals (351)" classname="spec_perl_TestFloatingPoints_t" time="3.29017639160156e-05" />
  </testsuite>
  <testsuite name="spec_perl_TestSwitchManualStrElse_t" errors="0" failures="0" skipped="0" tests="9" time="0.0564210414886475">
    <system-out>1..9
ok 1 - Equals
ok 2 - Equals
ok 3 - Equals
ok 4 - Equals
ok 5 - Equals
ok 6 - Equals
ok 7 - Equals
ok 8 - Equals
ok 9 - Equals
</system-out>
    <testcase name="Equals (351)" classname="spec_perl_TestSwitchManualStrElse_t" time="0.000226974487304688" />
    <testcase name="Equals (352)" classname="spec_perl_TestSwitchManualStrElse_t" time="5.81741333007812e-05" />
    <testcase name="Equals (353)" classname="spec_perl_TestSwitchManualStrElse_t" time="0.000113010406494141" />
    <testcase name="Equals (354)" classname="spec_perl_TestSwitchManualStrElse_t" time="8.89301300048828e-05" />
    <testcase name="Equals (355)" classname="spec_perl_TestSwitchManualStrElse_t" time="0.000107049942016602" />
    <testcase name="Equals (356)" classname="spec_perl_TestSwitchManualStrElse_t" time="8.392333984375e-05" />
    <testcase name="Equals (357)" classname="spec_perl_TestSwitchManualStrElse_t" time="8.70227813720703e-05" />
    <testcase name="Equals (358)" classname="spec_perl_TestSwitchManualStrElse_t" time="8.60691070556641e-05" />
    <testcase name="Equals (359)" classname="spec_perl_TestSwitchManualStrElse_t" time="8.67843627929688e-05" />
  </testsuite>
  <testsuite name="spec_perl_TestRepeatUntilComplex_t" errors="0" failures="0" skipped="0" tests="15" time="0.0515420436859131">
    <system-out>1..15
ok 1 - Equals
ok 2 - Equals
ok 3 - Equals
ok 4 - Equals
ok 5 - Equals
ok 6 - Equals
ok 7 - Equals
ok 8 - Equals
ok 9 - Equals
ok 10 - Equals
ok 11 - Equals
ok 12 - Equals
ok 13 - Equals
ok 14 - Equals
ok 15 - Equals
</system-out>
    <testcase name="Equals (360)" classname="spec_perl_TestRepeatUntilComplex_t" time="0.000269889831542969" />
    <testcase name="Equals (361)" classname="spec_perl_TestRepeatUntilComplex_t" time="5.91278076171875e-05" />
    <testcase name="Equals (362)" classname="spec_perl_TestRepeatUntilComplex_t" time="0.000123977661132812" />
    <testcase name="Equals (363)" classname="spec_perl_TestRepeatUntilComplex_t" time="9.39369201660156e-05" />
    <testcase name="Equals (364)" classname="spec_perl_TestRepeatUntilComplex_t" time="9.39369201660156e-05" />
    <testcase name="Equals (365)" classname="spec_perl_TestRepeatUntilComplex_t" time="9.20295715332031e-05" />
    <testcase name="Equals (366)" classname="spec_perl_TestRepeatUntilComplex_t" time="9.89437103271484e-05" />
    <testcase name="Equals (367)" classname="spec_perl_TestRepeatUntilComplex_t" time="9.10758972167969e-05" />
    <testcase name="Equals (368)" classname="spec_perl_TestRepeatUntilComplex_t" time="9.01222229003906e-05" />
    <testcase name="Equals (369)" classname="spec_perl_TestRepeatUntilComplex_t" time="0.000129938125610352" />
    <testcase name="Equals (370)" classname="spec_perl_TestRepeatUntilComplex_t" time="8.98838043212891e-05" />
    <testcase name="Equals (371)" classname="spec_perl_TestRepeatUntilComplex_t" time="0.000108957290649414" />
    <testcase name="Equals (372)" classname="spec_perl_TestRepeatUntilComplex_t" time="8.60691070556641e-05" />
    <testcase name="Equals (373)" classname="spec_perl_TestRepeatUntilComplex_t" time="8.51154327392578e-05" />
    <testcase name="Equals (374)" classname="spec_perl_TestRepeatUntilComplex_t" time="8.58306884765625e-05" />
  </testsuite>
  <testsuite name="spec_perl_TestNavRoot_t" errors="0" failures="0" skipped="0" tests="5" time="0.0562281608581543">
    <system-out>1..5
ok 1 - Equals
ok 2 - Equals
ok 3 - Equals
ok 4 - Equals
ok 5 - Equals
</system-out>
    <testcase name="Equals (375)" classname="spec_perl_TestNavRoot_t" time="0.000349998474121094" />
    <testcase name="Equals (376)" classname="spec_perl_TestNavRoot_t" time="0.000118017196655273" />
    <testcase name="Equals (377)" classname="spec_perl_TestNavRoot_t" time="0.000150918960571289" />
    <testcase name="Equals (378)" classname="spec_perl_TestNavRoot_t" time="0.000151157379150391" />
    <testcase name="Equals (379)" classname="spec_perl_TestNavRoot_t" time="0.000158786773681641" />
  </testsuite>
  <testsuite name="spec_perl_TestRepeatUntilS4_t" errors="0" failures="0" skipped="0" tests="2" time="0.0547769069671631">
    <system-out>1..2
ok 1 - Equals
ok 2 - Equals
</system-out>
    <testcase name="Equals (380)" classname="spec_perl_TestRepeatUntilS4_t" time="0.000138998031616211" />
    <testcase name="Equals (381)" classname="spec_perl_TestRepeatUntilS4_t" time="5.50746917724609e-05" />
  </testsuite>
  <testsuite name="spec_perl_TestBitsSignedShiftB64Le_t" errors="0" failures="0" skipped="0" tests="2" time="0.0508089065551758">
    <system-out>1..2
ok 1 - Equals
ok 2 - Equals
</system-out>
    <testcase name="Equals (382)" classname="spec_perl_TestBitsSignedShiftB64Le_t" time="0.000173091888427734" />
    <testcase name="Equals (383)" classname="spec_perl_TestBitsSignedShiftB64Le_t" time="7.20024108886719e-05" />
  </testsuite>
  <testsuite name="spec_perl_TestSwitchIntegers_t" errors="0" failures="0" skipped="0" tests="9" time="0.0514950752258301">
    <system-out>1..9
ok 1 - Equals
ok 2 - Equals
ok 3 - Equals
ok 4 - Equals
ok 5 - Equals
ok 6 - Equals
ok 7 - Equals
ok 8 - Equals
ok 9 - Equals
</system-out>
    <testcase name="Equals (384)" classname="spec_perl_TestSwitchIntegers_t" time="0.000179052352905273" />
    <testcase name="Equals (385)" classname="spec_perl_TestSwitchIntegers_t" time="5.98430633544922e-05" />
    <testcase name="Equals (386)" classname="spec_perl_TestSwitchIntegers_t" time="0.000106096267700195" />
    <testcase name="Equals (387)" classname="spec_perl_TestSwitchIntegers_t" time="9.79900360107422e-05" />
    <testcase name="Equals (388)" classname="spec_perl_TestSwitchIntegers_t" time="9.89437103271484e-05" />
    <testcase name="Equals (389)" classname="spec_perl_TestSwitchIntegers_t" time="8.89301300048828e-05" />
    <testcase name="Equals (390)" classname="spec_perl_TestSwitchIntegers_t" time="8.51154327392578e-05" />
    <testcase name="Equals (391)" classname="spec_perl_TestSwitchIntegers_t" time="8.60691070556641e-05" />
    <testcase name="Equals (392)" classname="spec_perl_TestSwitchIntegers_t" time="9.48905944824219e-05" />
  </testsuite>
  <testsuite name="spec_perl_TestYamlInts_t" errors="0" failures="0" skipped="0" tests="4" time="0.0516858100891113">
    <system-out>1..4
ok 1 - Equals
ok 2 - Equals
ok 3 - Equals
ok 4 - Equals
</system-out>
    <testcase name="Equals (393)" classname="spec_perl_TestYamlInts_t" time="0.000180959701538086" />
    <testcase name="Equals (394)" classname="spec_perl_TestYamlInts_t" time="6.4849853515625e-05" />
    <testcase name="Equals (395)" classname="spec_perl_TestYamlInts_t" time="0.000123023986816406" />
    <testcase name="Equals (396)" classname="spec_perl_TestYamlInts_t" time="8.10623168945312e-05" />
  </testsuite>
  <testsuite name="spec_perl_TestExpr0_t" errors="0" failures="0" skipped="0" tests="2" time="0.0505440235137939">
    <system-out>1..2
ok 1 - Equals
ok 2 - Equals
</system-out>
    <testcase name="Equals (397)" classname="spec_perl_TestExpr0_t" time="0.000127077102661133" />
    <testcase name="Equals (398)" classname="spec_perl_TestExpr0_t" time="8.20159912109375e-05" />
  </testsuite>
  <testsuite name="spec_perl_TestEnumToIInvalid_t" errors="0" failures="0" skipped="0" tests="8" time="0.0511660575866699">
    <system-out>1..8
ok 1 - Equals
ok 2 - Equals
ok 3 - Equals
ok 4 - Equals
ok 5 - Equals
ok 6 - Equals
ok 7 - Equals
ok 8 - Equals
</system-out>
    <testcase name="Equals (399)" classname="spec_perl_TestEnumToIInvalid_t" time="0.000150203704833984" />
    <testcase name="Equals (400)" classname="spec_perl_TestEnumToIInvalid_t" time="7.89165496826172e-05" />
    <testcase name="Equals (401)" classname="spec_perl_TestEnumToIInvalid_t" time="9.98973846435547e-05" />
    <testcase name="Equals (402)" classname="spec_perl_TestEnumToIInvalid_t" time="9.41753387451172e-05" />
    <testcase name="Equals (403)" classname="spec_perl_TestEnumToIInvalid_t" time="8.98838043212891e-05" />
    <testcase name="Equals (404)" classname="spec_perl_TestEnumToIInvalid_t" time="0.000103950500488281" />
    <testcase name="Equals (405)" classname="spec_perl_TestEnumToIInvalid_t" time="9.918212890625e-05" />
    <testcase name="Equals (406)" classname="spec_perl_TestEnumToIInvalid_t" time="9.08374786376953e-05" />
  </testsuite>
  <testsuite name="spec_perl_TestEofExceptionSized_t" errors="0" failures="0" skipped="0" tests="1" time="0.051645040512085">
    <system-out>1..1
ok 1 - threw /^Requested \d+ bytes, but only \d+ bytes available/
</system-out>
    <testcase name="threw /^Requested \d+ bytes, but only \d+ bytes available/ (406)" classname="spec_perl_TestEofExceptionSized_t" time="0.000136852264404297" />
  </testsuite>
  <testsuite name="spec_perl_TestIntegersMinMax_t" errors="0" failures="0" skipped="0" tests="28" time="0.0532729625701904">
    <system-out>1..28
ok 1 - Equals
ok 2 - Equals
ok 3 - Equals
ok 4 - Equals
ok 5 - Equals
ok 6 - Equals
ok 7 - Equals
ok 8 - Equals
ok 9 - Equals
ok 10 - Equals
ok 11 - Equals
ok 12 - Equals
ok 13 - Equals
ok 14 - Equals
ok 15 - Equals
ok 16 - Equals
ok 17 - Equals
ok 18 - Equals
ok 19 - Equals
ok 20 - Equals
ok 21 - Equals
ok 22 - Equals
ok 23 - Equals
ok 24 - Equals
ok 25 - Equals
ok 26 - Equals
ok 27 - Equals
ok 28 - Equals
</system-out>
    <testcase name="Equals (407)" classname="spec_perl_TestIntegersMinMax_t" time="0.000190019607543945" />
    <testcase name="Equals (408)" classname="spec_perl_TestIntegersMinMax_t" time="9.39369201660156e-05" />
    <testcase name="Equals (409)" classname="spec_perl_TestIntegersMinMax_t" time="0.000106096267700195" />
    <testcase name="Equals (410)" classname="spec_perl_TestIntegersMinMax_t" time="9.10758972167969e-05" />
    <testcase name="Equals (411)" classname="spec_perl_TestIntegersMinMax_t" time="8.48770141601562e-05" />
    <testcase name="Equals (412)" classname="spec_perl_TestIntegersMinMax_t" time="7.70092010498047e-05" />
    <testcase name="Equals (413)" classname="spec_perl_TestIntegersMinMax_t" time="8.79764556884766e-05" />
    <testcase name="Equals (414)" classname="spec_perl_TestIntegersMinMax_t" time="9.79900360107422e-05" />
    <testcase name="Equals (415)" classname="spec_perl_TestIntegersMinMax_t" time="7.79628753662109e-05" />
    <testcase name="Equals (416)" classname="spec_perl_TestIntegersMinMax_t" time="8.41617584228516e-05" />
    <testcase name="Equals (417)" classname="spec_perl_TestIntegersMinMax_t" time="8.48770141601562e-05" />
    <testcase name="Equals (418)" classname="spec_perl_TestIntegersMinMax_t" time="8.60691070556641e-05" />
    <testcase name="Equals (419)" classname="spec_perl_TestIntegersMinMax_t" time="0.000115871429443359" />
    <testcase name="Equals (420)" classname="spec_perl_TestIntegersMinMax_t" time="0.000108003616333008" />
    <testcase name="Equals (421)" classname="spec_perl_TestIntegersMinMax_t" time="9.10758972167969e-05" />
    <testcase name="Equals (422)" classname="spec_perl_TestIntegersMinMax_t" time="8.60691070556641e-05" />
    <testcase name="Equals (423)" classname="spec_perl_TestIntegersMinMax_t" time="9.58442687988281e-05" />
    <testcase name="Equals (424)" classname="spec_perl_TestIntegersMinMax_t" time="9.10758972167969e-05" />
    <testcase name="Equals (425)" classname="spec_perl_TestIntegersMinMax_t" time="9.29832458496094e-05" />
    <testcase name="Equals (426)" classname="spec_perl_TestIntegersMinMax_t" time="8.29696655273438e-05" />
    <testcase name="Equals (427)" classname="spec_perl_TestIntegersMinMax_t" time="8.79764556884766e-05" />
    <testcase name="Equals (428)" classname="spec_perl_TestIntegersMinMax_t" time="8.0108642578125e-05" />
    <testcase name="Equals (429)" classname="spec_perl_TestIntegersMinMax_t" time="8.79764556884766e-05" />
    <testcase name="Equals (430)" classname="spec_perl_TestIntegersMinMax_t" time="9.60826873779297e-05" />
    <testcase name="Equals (431)" classname="spec_perl_TestIntegersMinMax_t" time="9.20295715332031e-05" />
    <testcase name="Equals (432)" classname="spec_perl_TestIntegersMinMax_t" time="8.08238983154297e-05" />
    <testcase name="Equals (433)" classname="spec_perl_TestIntegersMinMax_t" time="8.10623168945312e-05" />
    <testcase name="Equals (434)" classname="spec_perl_TestIntegersMinMax_t" time="9.01222229003906e-05" />
  </testsuite>
  <testsuite name="spec_perl_TestDefaultBigEndian_t" errors="0" failures="0" skipped="0" tests="1" time="0.0503590106964111">
    <system-out>1..1
ok 1 - Equals
</system-out>
    <testcase name="Equals (435)" classname="spec_perl_TestDefaultBigEndian_t" time="0.000179052352905273" />
  </testsuite>
  <testsuite name="spec_perl_TestDefaultEndianMod_t" errors="0" failures="0" skipped="0" tests="3" time="0.0514199733734131">
    <system-out>1..3
ok 1 - Equals
ok 2 - Equals
ok 3 - Equals
</system-out>
    <testcase name="Equals (436)" classname="spec_perl_TestDefaultEndianMod_t" time="0.000196933746337891" />
    <testcase name="Equals (437)" classname="spec_perl_TestDefaultEndianMod_t" time="9.01222229003906e-05" />
    <testcase name="Equals (438)" classname="spec_perl_TestDefaultEndianMod_t" time="9.79900360107422e-05" />
  </testsuite>
  <testsuite name="spec_perl_TestBitsSignedResB32Be_t" errors="0" failures="0" skipped="0" tests="1" time="0.0510690212249756">
    <system-out>1..1
ok 1 - Equals
</system-out>
    <testcase name="Equals (439)" classname="spec_perl_TestBitsSignedResB32Be_t" time="0.000162124633789062" />
  </testsuite>
  <testsuite name="spec_perl_TestNavParentOverride_t" errors="0" failures="0" skipped="0" tests="3" time="0.0512521266937256">
    <system-out>1..3
ok 1 - Equals
ok 2 - Equals
ok 3 - Equals
</system-out>
    <testcase name="Equals (440)" classname="spec_perl_TestNavParentOverride_t" time="0.000210046768188477" />
    <testcase name="Equals (441)" classname="spec_perl_TestNavParentOverride_t" time="0.000102996826171875" />
    <testcase name="Equals (442)" classname="spec_perl_TestNavParentOverride_t" time="0.000106096267700195" />
  </testsuite>
  <testsuite name="spec_perl_TestEnumDeepLiterals_t" errors="0" failures="0" skipped="0" tests="2" time="0.050894021987915">
    <system-out>1..2
ok 1 - Equals
ok 2 - Equals
</system-out>
    <testcase name="Equals (443)" classname="spec_perl_TestEnumDeepLiterals_t" time="0.000132083892822266" />
    <testcase name="Equals (444)" classname="spec_perl_TestEnumDeepLiterals_t" time="5.57899475097656e-05" />
  </testsuite>
  <testsuite name="spec_perl_TestDocstringsDocref_t" errors="0" failures="0" skipped="1" tests="1" time="0.0513179302215576">
    <system-out>1..1
ok 1 # skip DocstringsDocref=HASH(0x562dbe97e7b8)
</system-out>
    <testcase name="Unnamed test case 444" classname="spec_perl_TestDocstringsDocref_t" time="0.000937938690185547">
      <skipped message="ok 1 # skip DocstringsDocref=HASH(0x562dbe97e7b8)" />
    </testcase>
  </testsuite>
  <testsuite name="spec_perl_TestBitsSimple_t" errors="0" failures="0" skipped="0" tests="14" time="0.0519788265228271">
    <system-out>1..14
ok 1 - Equals
ok 2 - Equals
ok 3 - Equals
ok 4 - Equals
ok 5 - Equals
ok 6 - Equals
ok 7 - Equals
ok 8 - Equals
ok 9 - Equals
ok 10 - Equals
ok 11 - Equals
ok 12 - Equals
ok 13 - Equals
ok 14 - Equals
</system-out>
    <testcase name="Equals (445)" classname="spec_perl_TestBitsSimple_t" time="0.000213146209716797" />
    <testcase name="Equals (446)" classname="spec_perl_TestBitsSimple_t" time="5.79357147216797e-05" />
    <testcase name="Equals (447)" classname="spec_perl_TestBitsSimple_t" time="9.20295715332031e-05" />
    <testcase name="Equals (448)" classname="spec_perl_TestBitsSimple_t" time="9.01222229003906e-05" />
    <testcase name="Equals (449)" classname="spec_perl_TestBitsSimple_t" time="0.000115871429443359" />
    <testcase name="Equals (450)" classname="spec_perl_TestBitsSimple_t" time="0.000121116638183594" />
    <testcase name="Equals (451)" classname="spec_perl_TestBitsSimple_t" time="7.29560852050781e-05" />
    <testcase name="Equals (452)" classname="spec_perl_TestBitsSimple_t" time="7.60555267333984e-05" />
    <testcase name="Equals (453)" classname="spec_perl_TestBitsSimple_t" time="9.58442687988281e-05" />
    <testcase name="Equals (454)" classname="spec_perl_TestBitsSimple_t" time="8.20159912109375e-05" />
    <testcase name="Equals (455)" classname="spec_perl_TestBitsSimple_t" time="8.60691070556641e-05" />
    <testcase name="Equals (456)" classname="spec_perl_TestBitsSimple_t" time="8.89301300048828e-05" />
    <testcase name="Equals (457)" classname="spec_perl_TestBitsSimple_t" time="8.29696655273438e-05" />
    <testcase name="Equals (458)" classname="spec_perl_TestBitsSimple_t" time="9.51290130615234e-05" />
  </testsuite>
  <testsuite name="spec_perl_TestValidOptionalId_t" errors="0" failures="0" skipped="1" tests="1" time="0.05216383934021">
    <system-out>1..1
ok 1 # skip ValidOptionalId=HASH(0x5585355cb3c8)
</system-out>
    <testcase name="Unnamed test case 458" classname="spec_perl_TestValidOptionalId_t" time="0.000928878784179688">
      <skipped message="ok 1 # skip ValidOptionalId=HASH(0x5585355cb3c8)" />
    </testcase>
  </testsuite>
  <testsuite name="spec_perl_TestProcessRotate_t" errors="0" failures="0" skipped="0" tests="3" time="0.0512640476226807">
    <system-out>1..3
ok 1 - Equals
ok 2 - Equals
ok 3 - Equals
</system-out>
    <testcase name="Equals (459)" classname="spec_perl_TestProcessRotate_t" time="0.000189065933227539" />
    <testcase name="Equals (460)" classname="spec_perl_TestProcessRotate_t" time="5.88893890380859e-05" />
    <testcase name="Equals (461)" classname="spec_perl_TestProcessRotate_t" time="0.000100135803222656" />
  </testsuite>
  <testsuite name="spec_perl_TestValidShort_t" errors="0" failures="0" skipped="1" tests="1" time="0.055919885635376">
    <system-out>1..1
ok 1 # skip ValidShort=HASH(0x560f29df40d0)
</system-out>
    <testcase name="Unnamed test case 461" classname="spec_perl_TestValidShort_t" time="0.00097203254699707">
      <skipped message="ok 1 # skip ValidShort=HASH(0x560f29df40d0)" />
    </testcase>
  </testsuite>
[...]
    <testcase name="Equals (989)" classname="spec_perl_TestStrEncodingsUtf16_t" time="9.29832458496094e-05" />
    <testcase name="Equals (990)" classname="spec_perl_TestStrEncodingsUtf16_t" time="9.39369201660156e-05" />
    <testcase name="Equals (991)" classname="spec_perl_TestStrEncodingsUtf16_t" time="9.29832458496094e-05" />
    <testcase name="Equals (992)" classname="spec_perl_TestStrEncodingsUtf16_t" time="9.39369201660156e-05" />
  </testsuite>
  <testsuite name="spec_perl_TestPositionToEnd_t" errors="0" failures="0" skipped="0" tests="2" time="0.0510129928588867">
    <system-out>1..2
ok 1 - Equals
ok 2 - Equals
</system-out>
    <testcase name="Equals (993)" classname="spec_perl_TestPositionToEnd_t" time="0.000200033187866211" />
    <testcase name="Equals (994)" classname="spec_perl_TestPositionToEnd_t" time="0.000101089477539062" />
  </testsuite>
  <testsuite name="spec_perl_TestRepeatEosBit_t" errors="0" failures="0" skipped="0" tests="1" time="0.0504288673400879">
    <system-out>1..1
ok 1 - Equals
</system-out>
    <testcase name="Equals (995)" classname="spec_perl_TestRepeatEosBit_t" time="0.000200986862182617" />
  </testsuite>
  <testsuite name="spec_perl_TestBcdUserTypeBe_t" errors="0" failures="0" skipped="0" tests="6" time="0.0552558898925781">
    <system-out>1..6
ok 1 - Equals
ok 2 - Equals
ok 3 - Equals
ok 4 - Equals
ok 5 - Equals
ok 6 - Equals
</system-out>
    <testcase name="Equals (996)" classname="spec_perl_TestBcdUserTypeBe_t" time="0.000664949417114258" />
    <testcase name="Equals (997)" classname="spec_perl_TestBcdUserTypeBe_t" time="0.000108957290649414" />
    <testcase name="Equals (998)" classname="spec_perl_TestBcdUserTypeBe_t" time="0.00015711784362793" />
    <testcase name="Equals (999)" classname="spec_perl_TestBcdUserTypeBe_t" time="0.000165939331054688" />
    <testcase name="Equals (1000)" classname="spec_perl_TestBcdUserTypeBe_t" time="0.000169992446899414" />
    <testcase name="Equals (1001)" classname="spec_perl_TestBcdUserTypeBe_t" time="0.000162839889526367" />
  </testsuite>
  <testsuite name="spec_perl_TestIndexSizes_t" errors="0" failures="0" skipped="0" tests="7" time="0.0555210113525391">
    <system-out>1..7
ok 1 - Equals
ok 2 - Equals
ok 3 - Equals
ok 4 - Equals
ok 5 - Equals
ok 6 - Equals
ok 7 - Equals
</system-out>
    <testcase name="Equals (1002)" classname="spec_perl_TestIndexSizes_t" time="0.000203847885131836" />
    <testcase name="Equals (1003)" classname="spec_perl_TestIndexSizes_t" time="5.50746917724609e-05" />
    <testcase name="Equals (1004)" classname="spec_perl_TestIndexSizes_t" time="9.39369201660156e-05" />
    <testcase name="Equals (1005)" classname="spec_perl_TestIndexSizes_t" time="9.20295715332031e-05" />
    <testcase name="Equals (1006)" classname="spec_perl_TestIndexSizes_t" time="9.51290130615234e-05" />
    <testcase name="Equals (1007)" classname="spec_perl_TestIndexSizes_t" time="9.29832458496094e-05" />
    <testcase name="Equals (1008)" classname="spec_perl_TestIndexSizes_t" time="8.89301300048828e-05" />
  </testsuite>
  <testsuite name="spec_perl_TestStrEncodings_t" errors="0" failures="0" skipped="0" tests="4" time="0.0575499534606934">
    <system-out>1..4
ok 1 - Equals
ok 2 - Equals
ok 3 - Equals
ok 4 - Equals
</system-out>
    <testcase name="Equals (1009)" classname="spec_perl_TestStrEncodings_t" time="0.00317788124084473" />
    <testcase name="Equals (1010)" classname="spec_perl_TestStrEncodings_t" time="5.81741333007812e-05" />
    <testcase name="Equals (1011)" classname="spec_perl_TestStrEncodings_t" time="0.000110864639282227" />
    <testcase name="Equals (1012)" classname="spec_perl_TestStrEncodings_t" time="9.70363616943359e-05" />
  </testsuite>
  <testsuite name="spec_perl_TestEnumToIClassBorder1_t" errors="0" failures="1" skipped="0" tests="3" time="0.0521700382232666">
    <system-out>1..3
ok 1 - Equals
ok 2 - Equals
not ok 3 - test_enum_to_i_class_border_1 died (Can't call method &quot;some_dog&quot; on an undefined value at compiled/perl/EnumToIClassBorder2.pm line 43.)
</system-out>
    <testcase name="Equals (1013)" classname="spec_perl_TestEnumToIClassBorder1_t" time="0.000169038772583008" />
    <testcase name="Equals (1014)" classname="spec_perl_TestEnumToIClassBorder1_t" time="5.88893890380859e-05" />
    <testcase name="test_enum_to_i_class_border_1 died (Can't call method &quot;some_dog&quot; on an undefined value at compiled/perl/EnumToIClassBorder2.pm line 43.) (1014)" classname="spec_perl_TestEnumToIClassBorder1_t" time="0.000193119049072266">
      <failure message="not ok 3 - test_enum_to_i_class_border_1 died (Can't call method &quot;some_dog&quot; on an undefined value at compiled/perl/EnumToIClassBorder2.pm line 43.)" type="TAP::Parser::Result::Test"></failure>
    </testcase>
  </testsuite>
  <testsuite name="spec_perl_TestEosExceptionBytes_t" errors="0" failures="0" skipped="0" tests="1" time="0.0522530078887939">
    <system-out>1..1
ok 1 - threw /^Requested \d+ bytes, but only \d+ bytes available/
</system-out>
    <testcase name="threw /^Requested \d+ bytes, but only \d+ bytes available/ (1014)" classname="spec_perl_TestEosExceptionBytes_t" time="0.000436067581176758" />
  </testsuite>
  <testsuite name="spec_perl_TestDebugSwitchUser_t" errors="0" failures="0" skipped="0" tests="2" time="0.0509130954742432">
    <system-out>1..2
ok 1 - Equals
ok 2 - Equals
</system-out>
    <testcase name="Equals (1015)" classname="spec_perl_TestDebugSwitchUser_t" time="0.000166177749633789" />
    <testcase name="Equals (1016)" classname="spec_perl_TestDebugSwitchUser_t" time="7.79628753662109e-05" />
  </testsuite>
  <testsuite name="spec_perl_TestTermBytes_t" errors="0" failures="0" skipped="0" tests="3" time="0.0513739585876465">
    <system-out>1..3
ok 1 - Equals
ok 2 - Equals
ok 3 - Equals
</system-out>
    <testcase name="Equals (1017)" classname="spec_perl_TestTermBytes_t" time="0.000178098678588867" />
    <testcase name="Equals (1018)" classname="spec_perl_TestTermBytes_t" time="6.07967376708984e-05" />
    <testcase name="Equals (1019)" classname="spec_perl_TestTermBytes_t" time="0.000118017196655273" />
  </testsuite>
  <testsuite name="spec_perl_TestNavParentRecursive_t" errors="0" failures="0" skipped="0" tests="4" time="0.0512139797210693">
    <system-out>1..4
ok 1 - Equals
ok 2 - Equals
ok 3 - Equals
ok 4 - nil
</system-out>
    <testcase name="Equals (1020)" classname="spec_perl_TestNavParentRecursive_t" time="0.00018000602722168" />
    <testcase name="Equals (1021)" classname="spec_perl_TestNavParentRecursive_t" time="5.00679016113281e-05" />
    <testcase name="Equals (1022)" classname="spec_perl_TestNavParentRecursive_t" time="0.000112056732177734" />
    <testcase name="nil (1022)" classname="spec_perl_TestNavParentRecursive_t" time="4.10079956054688e-05" />
  </testsuite>
  <testsuite name="spec_perl_TestProcessToUser_t" errors="0" failures="0" skipped="0" tests="1" time="0.0545990467071533">
    <system-out>1..1
ok 1 - Equals
</system-out>
    <testcase name="Equals (1023)" classname="spec_perl_TestProcessToUser_t" time="0.00043487548828125" />
  </testsuite>
  <testsuite name="spec_perl_TestSwitchManualInt_t" errors="0" failures="0" skipped="0" tests="9" time="0.0554919242858887">
    <system-out>1..9
ok 1 - Equals
ok 2 - Equals
ok 3 - Equals
ok 4 - Equals
ok 5 - Equals
ok 6 - Equals
ok 7 - Equals
ok 8 - Equals
ok 9 - Equals
</system-out>
    <testcase name="Equals (1024)" classname="spec_perl_TestSwitchManualInt_t" time="0.000195980072021484" />
    <testcase name="Equals (1025)" classname="spec_perl_TestSwitchManualInt_t" time="5.81741333007812e-05" />
    <testcase name="Equals (1026)" classname="spec_perl_TestSwitchManualInt_t" time="0.000211954116821289" />
    <testcase name="Equals (1027)" classname="spec_perl_TestSwitchManualInt_t" time="6.29425048828125e-05" />
    <testcase name="Equals (1028)" classname="spec_perl_TestSwitchManualInt_t" time="7.79628753662109e-05" />
    <testcase name="Equals (1029)" classname="spec_perl_TestSwitchManualInt_t" time="9.01222229003906e-05" />
    <testcase name="Equals (1030)" classname="spec_perl_TestSwitchManualInt_t" time="8.70227813720703e-05" />
    <testcase name="Equals (1031)" classname="spec_perl_TestSwitchManualInt_t" time="8.392333984375e-05" />
    <testcase name="Equals (1032)" classname="spec_perl_TestSwitchManualInt_t" time="8.89301300048828e-05" />
  </testsuite>
  <testsuite name="spec_perl_TestEnumInvalid_t" errors="0" failures="0" skipped="0" tests="2" time="0.0503180027008057">
    <system-out>1..2
ok 1 - Equals
ok 2 - Equals
</system-out>
    <testcase name="Equals (1033)" classname="spec_perl_TestEnumInvalid_t" time="0.000191926956176758" />
    <testcase name="Equals (1034)" classname="spec_perl_TestEnumInvalid_t" time="7.60555267333984e-05" />
  </testsuite>
  <testsuite name="spec_perl_TestSwitchRepeatExprInvalid_t" errors="0" failures="0" skipped="0" tests="3" time="0.0511782169342041">
    <system-out>1..3
ok 1 - Equals
ok 2 - Equals
ok 3 - Equals
</system-out>
    <testcase name="Equals (1035)" classname="spec_perl_TestSwitchRepeatExprInvalid_t" time="0.00024104118347168" />
    <testcase name="Equals (1036)" classname="spec_perl_TestSwitchRepeatExprInvalid_t" time="0.000123977661132812" />
    <testcase name="Equals (1037)" classname="spec_perl_TestSwitchRepeatExprInvalid_t" time="0.000164031982421875" />
  </testsuite>
  <testsuite name="spec_perl_TestEnumDeep_t" errors="0" failures="0" skipped="0" tests="2" time="0.0508289337158203">
    <system-out>1..2
ok 1 - Equals
ok 2 - Equals
</system-out>
    <testcase name="Equals (1038)" classname="spec_perl_TestEnumDeep_t" time="0.000164985656738281" />
    <testcase name="Equals (1039)" classname="spec_perl_TestEnumDeep_t" time="5.79357147216797e-05" />
  </testsuite>
  <testsuite name="spec_perl_TestTypeTernary2ndFalsy_t" errors="0" failures="0" skipped="0" tests="13" time="0.052278995513916">
    <system-out>1..13
ok 1 - Equals
ok 2 - Equals
ok 3 - Equals
ok 4 - Approx equals
ok 5 - Approx equals
ok 6 - Equals
ok 7 - Equals
ok 8 - Equals
ok 9 - nil
ok 10 - Equals
ok 11 - Equals
ok 12 - Equals
ok 13 - Equals
</system-out>
    <testcase name="Equals (1040)" classname="spec_perl_TestTypeTernary2ndFalsy_t" time="0.000139951705932617" />
    <testcase name="Equals (1041)" classname="spec_perl_TestTypeTernary2ndFalsy_t" time="5.69820404052734e-05" />
    <testcase name="Equals (1042)" classname="spec_perl_TestTypeTernary2ndFalsy_t" time="8.91685485839844e-05" />
    <testcase name="Approx equals (1042)" classname="spec_perl_TestTypeTernary2ndFalsy_t" time="7.70092010498047e-05" />
    <testcase name="Approx equals (1043)" classname="spec_perl_TestTypeTernary2ndFalsy_t" time="4.69684600830078e-05" />
    <testcase name="Equals (1043)" classname="spec_perl_TestTypeTernary2ndFalsy_t" time="8.20159912109375e-05" />
    <testcase name="Equals (1044)" classname="spec_perl_TestTypeTernary2ndFalsy_t" time="9.08374786376953e-05" />
    <testcase name="Equals (1045)" classname="spec_perl_TestTypeTernary2ndFalsy_t" time="9.51290130615234e-05" />
    <testcase name="nil (1045)" classname="spec_perl_TestTypeTernary2ndFalsy_t" time="5.10215759277344e-05" />
    <testcase name="Equals (1046)" classname="spec_perl_TestTypeTernary2ndFalsy_t" time="9.10758972167969e-05" />
    <testcase name="Equals (1047)" classname="spec_perl_TestTypeTernary2ndFalsy_t" time="8.58306884765625e-05" />
    <testcase name="Equals (1048)" classname="spec_perl_TestTypeTernary2ndFalsy_t" time="8.10623168945312e-05" />
    <testcase name="Equals (1049)" classname="spec_perl_TestTypeTernary2ndFalsy_t" time="0.000102043151855469" />
  </testsuite>
  <testsuite name="spec_perl_TestFloatToI_t" errors="0" failures="0" skipped="0" tests="8" time="0.0519390106201172">
    <system-out>1..8
ok 1 - Approx equals
ok 2 - Approx equals
ok 3 - Equals
ok 4 - Equals
ok 5 - Equals
ok 6 - Equals
ok 7 - Equals
ok 8 - Equals
</system-out>
    <testcase name="Approx equals (1049)" classname="spec_perl_TestFloatToI_t" time="0.00019383430480957" />
    <testcase name="Approx equals (1050)" classname="spec_perl_TestFloatToI_t" time="5.31673431396484e-05" />
    <testcase name="Equals (1050)" classname="spec_perl_TestFloatToI_t" time="4.88758087158203e-05" />
    <testcase name="Equals (1051)" classname="spec_perl_TestFloatToI_t" time="4.60147857666016e-05" />
    <testcase name="Equals (1052)" classname="spec_perl_TestFloatToI_t" time="0.000102043151855469" />
    <testcase name="Equals (1053)" classname="spec_perl_TestFloatToI_t" time="9.48905944824219e-05" />
    <testcase name="Equals (1054)" classname="spec_perl_TestFloatToI_t" time="9.82284545898438e-05" />
    <testcase name="Equals (1055)" classname="spec_perl_TestFloatToI_t" time="7.79628753662109e-05" />
  </testsuite>
  <testsuite name="spec_perl_TestStrLiterals_t" errors="0" failures="0" skipped="0" tests="5" time="0.0516440868377686">
    <system-out>1..5
ok 1 - Equals
ok 2 - Equals
ok 3 - Equals
ok 4 - Equals
ok 5 - Equals
</system-out>
    <testcase name="Equals (1056)" classname="spec_perl_TestStrLiterals_t" time="0.000134944915771484" />
    <testcase name="Equals (1057)" classname="spec_perl_TestStrLiterals_t" time="4.79221343994141e-05" />
    <testcase name="Equals (1058)" classname="spec_perl_TestStrLiterals_t" time="8.79764556884766e-05" />
    <testcase name="Equals (1059)" classname="spec_perl_TestStrLiterals_t" time="0.000115156173706055" />
    <testcase name="Equals (1060)" classname="spec_perl_TestStrLiterals_t" time="0.000114917755126953" />
  </testsuite>
  <testsuite name="spec_perl_TestExprIfIntOps_t" errors="0" failures="0" skipped="0" tests="2" time="0.050879955291748">
    <system-out>1..2
ok 1 - Equals
ok 2 - Equals
</system-out>
    <testcase name="Equals (1061)" classname="spec_perl_TestExprIfIntOps_t" time="0.000138998031616211" />
    <testcase name="Equals (1062)" classname="spec_perl_TestExprIfIntOps_t" time="5.69820404052734e-05" />
  </testsuite>
  <testsuite name="spec_perl_TestNestedSameName_t" errors="0" failures="0" skipped="0" tests="2" time="0.0519189834594727">
    <system-out>1..2
ok 1 - Equals
ok 2 - Equals
</system-out>
    <testcase name="Equals (1063)" classname="spec_perl_TestNestedSameName_t" time="0.000174999237060547" />
    <testcase name="Equals (1064)" classname="spec_perl_TestNestedSameName_t" time="6.69956207275391e-05" />
  </testsuite>
  <testsuite name="spec_perl_TestRepeatNStruct_t" errors="0" failures="0" skipped="0" tests="5" time="0.0509428977966309">
    <system-out>1..5
ok 1 - Equals
ok 2 - Equals
ok 3 - Equals
ok 4 - Equals
ok 5 - Equals
</system-out>
    <testcase name="Equals (1065)" classname="spec_perl_TestRepeatNStruct_t" time="0.000174045562744141" />
    <testcase name="Equals (1066)" classname="spec_perl_TestRepeatNStruct_t" time="5.91278076171875e-05" />
    <testcase name="Equals (1067)" classname="spec_perl_TestRepeatNStruct_t" time="0.000102043151855469" />
    <testcase name="Equals (1068)" classname="spec_perl_TestRepeatNStruct_t" time="0.000126838684082031" />
    <testcase name="Equals (1069)" classname="spec_perl_TestRepeatNStruct_t" time="0.000102996826171875" />
  </testsuite>
  <testsuite name="spec_perl_TestSwitchElseOnly_t" errors="0" failures="0" skipped="0" tests="3" time="0.0506341457366943">
    <system-out>1..3
ok 1 - Equals
ok 2 - Equals
ok 3 - Equals
</system-out>
    <testcase name="Equals (1070)" classname="spec_perl_TestSwitchElseOnly_t" time="0.00018000602722168" />
    <testcase name="Equals (1071)" classname="spec_perl_TestSwitchElseOnly_t" time="8.20159912109375e-05" />
    <testcase name="Equals (1072)" classname="spec_perl_TestSwitchElseOnly_t" time="9.51290130615234e-05" />
  </testsuite>
  <testsuite name="spec_perl_TestStrEncodingsEscapingEnc_t" errors="0" failures="0" skipped="0" tests="4" time="0.0571930408477783">
    <system-out>1..4
ok 1 - threw Regexp ((?^:^Unknown encoding 'ASCII\\\\x'))
ok 2 - threw Regexp ((?^:^Unknown encoding 'UTF-8\\'x'))
ok 3 - threw Regexp ((?^:^Unknown encoding 'SJIS\\\&quot;x'))
ok 4 - threw Regexp ((?^:^Unknown encoding 'IBM437\\nx'))
</system-out>
    <testcase name="threw Regexp ((?^:^Unknown encoding 'ASCII\\\\x')) (1072)" classname="spec_perl_TestStrEncodingsEscapingEnc_t" time="0.000614166259765625" />
    <testcase name="threw Regexp ((?^:^Unknown encoding 'UTF-8\\'x')) (1072)" classname="spec_perl_TestStrEncodingsEscapingEnc_t" time="0.000271797180175781" />
    <testcase name="threw Regexp ((?^:^Unknown encoding 'SJIS\\\&quot;x')) (1072)" classname="spec_perl_TestStrEncodingsEscapingEnc_t" time="0.000224113464355469" />
    <testcase name="threw Regexp ((?^:^Unknown encoding 'IBM437\\nx')) (1072)" classname="spec_perl_TestStrEncodingsEscapingEnc_t" time="0.000216007232666016" />
  </testsuite>
  <testsuite name="spec_perl_TestParamsPassArrayStruct_t" errors="0" failures="1" skipped="2" tests="3" time="0.0525689125061035">
    <system-out>1..3
not ok 1 - test_params_pass_array_struct died (Can't use an undefined value as an ARRAY reference at spec/perl/TestParamsPassArrayStruct.t line 14.)
ok 2 # skip test_params_pass_array_struct died
ok 3 # skip test_params_pass_array_struct died
</system-out>
    <testcase name="test_params_pass_array_struct died (Can't use an undefined value as an ARRAY reference at spec/perl/TestParamsPassArrayStruct.t line 14.) (1072)" classname="spec_perl_TestParamsPassArrayStruct_t" time="0.000222921371459961">
      <failure message="not ok 1 - test_params_pass_array_struct died (Can't use an undefined value as an ARRAY reference at spec/perl/TestParamsPassArrayStruct.t line 14.)" type="TAP::Parser::Result::Test"></failure>
    </testcase>
    <testcase name="Unnamed test case 1072" classname="spec_perl_TestParamsPassArrayStruct_t" time="0.000422000885009766">
      <skipped message="ok 2 # skip test_params_pass_array_struct died" />
    </testcase>
    <testcase name="Unnamed test case 1073" classname="spec_perl_TestParamsPassArrayStruct_t" time="9.39369201660156e-05">
      <skipped message="ok 3 # skip test_params_pass_array_struct died" />
    </testcase>
  </testsuite>
  <testsuite name="spec_perl_TestExprOpsParens_t" errors="0" failures="1" skipped="0" tests="9" time="0.0533559322357178">
    <system-out>1..9
ok 1 - Equals
ok 2 - Equals
ok 3 - Equals
ok 4 - Equals
ok 5 - Equals
ok 6 - Equals
not ok 7 - Equals
ok 8 - Equals
ok 9 - Equals
</system-out>
    <testcase name="Equals (1073)" classname="spec_perl_TestExprOpsParens_t" time="0.000204086303710938" />
    <testcase name="Equals (1074)" classname="spec_perl_TestExprOpsParens_t" time="6.89029693603516e-05" />
    <testcase name="Equals (1075)" classname="spec_perl_TestExprOpsParens_t" time="9.20295715332031e-05" />
    <testcase name="Equals (1076)" classname="spec_perl_TestExprOpsParens_t" time="9.60826873779297e-05" />
    <testcase name="Equals (1077)" classname="spec_perl_TestExprOpsParens_t" time="9.58442687988281e-05" />
    <testcase name="Equals (1078)" classname="spec_perl_TestExprOpsParens_t" time="0.000100135803222656" />
    <testcase name="Equals (1079)" classname="spec_perl_TestExprOpsParens_t" time="0.000131845474243164">
      <failure message="not ok 7 - Equals" type="TAP::Parser::Result::Test"></failure>
    </testcase>
    <testcase name="Equals (1080)" classname="spec_perl_TestExprOpsParens_t" time="0.000749111175537109" />
    <testcase name="Equals (1081)" classname="spec_perl_TestExprOpsParens_t" time="6.103515625e-05" />
  </testsuite>
  <testsuite name="spec_perl_TestValidLong_t" errors="0" failures="0" skipped="1" tests="1" time="0.0556581020355225">
    <system-out>1..1
ok 1 # skip ValidLong=HASH(0x558ae8d272a0)
</system-out>
    <testcase name="Unnamed test case 1081" classname="spec_perl_TestValidLong_t" time="0.0010371208190918">
      <skipped message="ok 1 # skip ValidLong=HASH(0x558ae8d272a0)" />
    </testcase>
  </testsuite>
</testsuites>
