<?xml version='1.0' encoding='utf-8'?>
<testsuites>
  <testsuite name="spec_perl_TestInstanceIoUser_t" errors="0" failures="0" skipped="0" tests="4" time="0.0608739852905273">
    <system-out>1..4
ok 1 - Equals
ok 2 - Equals
ok 3 - Equals
ok 4 - Equals
</system-out>
    <testcase name="Equals" classname="spec_perl_TestInstanceIoUser_t" time="0.000607967376708984" />
    <testcase name="Equals (2)" classname="spec_perl_TestInstanceIoUser_t" time="0.000101089477539062" />
    <testcase name="Equals (3)" classname="spec_perl_TestInstanceIoUser_t" time="0.000123977661132812" />
    <testcase name="Equals (4)" classname="spec_perl_TestInstanceIoUser_t" time="0.000154972076416016" />
  </testsuite>
  <testsuite name="spec_perl_TestProcessCoerceSwitch_t" errors="0" failures="0" skipped="0" tests="3" time="0.0422539710998535">
    <system-out>1..3
ok 1 - Equals
ok 2 - Equals
ok 3 - Equals
</system-out>
    <testcase name="Equals (5)" classname="spec_perl_TestProcessCoerceSwitch_t" time="0.000491142272949219" />
    <testcase name="Equals (6)" classname="spec_perl_TestProcessCoerceSwitch_t" time="8.89301300048828e-05" />
    <testcase name="Equals (7)" classname="spec_perl_TestProcessCoerceSwitch_t" time="5.88893890380859e-05" />
  </testsuite>
  <testsuite name="spec_perl_TestFixedStruct_t" errors="1" failures="0" skipped="0" tests="0" time="0.0475058555603027">
    <system-out></system-out>
    <testcase name="Test died too soon, even before plan. (7)" classname="spec_perl_TestFixedStruct_t" time="0.0475058555603027">
      <failure message="The test suite died before a plan was produced. You need to have a plan." type="Plan">No plan</failure>
    </testcase>
  </testsuite>
  <testsuite name="spec_perl_TestNavParent3_t" errors="0" failures="0" skipped="0" tests="10" time="0.0499179363250732">
    <system-out>1..10
ok 1 - Equals
ok 2 - Equals
ok 3 - Equals
ok 4 - Equals
ok 5 - Equals
ok 6 - Equals
ok 7 - Equals
ok 8 - Equals
ok 9 - Equals
ok 10 - Equals
</system-out>
    <testcase name="Equals (8)" classname="spec_perl_TestNavParent3_t" time="0.000323057174682617" />
    <testcase name="Equals (9)" classname="spec_perl_TestNavParent3_t" time="7.89165496826172e-05" />
    <testcase name="Equals (10)" classname="spec_perl_TestNavParent3_t" time="0.000211000442504883" />
    <testcase name="Equals (11)" classname="spec_perl_TestNavParent3_t" time="9.41753387451172e-05" />
    <testcase name="Equals (12)" classname="spec_perl_TestNavParent3_t" time="0.000149011611938477" />
    <testcase name="Equals (13)" classname="spec_perl_TestNavParent3_t" time="0.000234842300415039" />
    <testcase name="Equals (14)" classname="spec_perl_TestNavParent3_t" time="9.79900360107422e-05" />
    <testcase name="Equals (15)" classname="spec_perl_TestNavParent3_t" time="0.000147104263305664" />
    <testcase name="Equals (16)" classname="spec_perl_TestNavParent3_t" time="0.000119924545288086" />
    <testcase name="Equals (17)" classname="spec_perl_TestNavParent3_t" time="0.000198125839233398" />
  </testsuite>
  <testsuite name="spec_perl_TestProcessCoerceUsertype1_t" errors="0" failures="0" skipped="0" tests="4" time="0.042877197265625">
    <system-out>1..4
ok 1 - Equals
ok 2 - Equals
ok 3 - Equals
ok 4 - Equals
</system-out>
    <testcase name="Equals (18)" classname="spec_perl_TestProcessCoerceUsertype1_t" time="0.000545978546142578" />
    <testcase name="Equals (19)" classname="spec_perl_TestProcessCoerceUsertype1_t" time="9.79900360107422e-05" />
    <testcase name="Equals (20)" classname="spec_perl_TestProcessCoerceUsertype1_t" time="5.91278076171875e-05" />
    <testcase name="Equals (21)" classname="spec_perl_TestProcessCoerceUsertype1_t" time="9.79900360107422e-05" />
  </testsuite>
  <testsuite name="spec_perl_TestTermStrz_t" errors="0" failures="0" skipped="0" tests="3" time="0.0459780693054199">
    <system-out>1..3
ok 1 - Equals
ok 2 - Equals
ok 3 - Equals
</system-out>
    <testcase name="Equals (22)" classname="spec_perl_TestTermStrz_t" time="0.000324010848999023" />
    <testcase name="Equals (23)" classname="spec_perl_TestTermStrz_t" time="8.60691070556641e-05" />
    <testcase name="Equals (24)" classname="spec_perl_TestTermStrz_t" time="7.98702239990234e-05" />
  </testsuite>
  <testsuite name="spec_perl_TestInstanceUserArray_t" errors="0" failures="0" skipped="0" tests="10" time="0.0485618114471436">
    <system-out>1..10
ok 1 - Equals
ok 2 - Equals
ok 3 - Equals
ok 4 - Equals
ok 5 - Equals
ok 6 - Equals
ok 7 - Equals
ok 8 - Equals
ok 9 - Equals
ok 10 - Equals
</system-out>
    <testcase name="Equals (25)" classname="spec_perl_TestInstanceUserArray_t" time="0.000208854675292969" />
    <testcase name="Equals (26)" classname="spec_perl_TestInstanceUserArray_t" time="8.60691070556641e-05" />
    <testcase name="Equals (27)" classname="spec_perl_TestInstanceUserArray_t" time="0.000115871429443359" />
    <testcase name="Equals (28)" classname="spec_perl_TestInstanceUserArray_t" time="0.000480175018310547" />
    <testcase name="Equals (29)" classname="spec_perl_TestInstanceUserArray_t" time="8.48770141601562e-05" />
    <testcase name="Equals (30)" classname="spec_perl_TestInstanceUserArray_t" time="0.00015711784362793" />
    <testcase name="Equals (31)" classname="spec_perl_TestInstanceUserArray_t" time="0.000124931335449219" />
    <testcase name="Equals (32)" classname="spec_perl_TestInstanceUserArray_t" time="0.000130891799926758" />
    <testcase name="Equals (33)" classname="spec_perl_TestInstanceUserArray_t" time="0.000135183334350586" />
    <testcase name="Equals (34)" classname="spec_perl_TestInstanceUserArray_t" time="0.000124931335449219" />
  </testsuite>
  <testsuite name="spec_perl_TestParamsCallShort_t" errors="0" failures="3" skipped="0" tests="3" time="0.0646989345550537">
    <system-out>1..3
not ok 1 - Equals
not ok 2 - Equals
not ok 3 - Equals
</system-out>
    <testcase name="Equals (35)" classname="spec_perl_TestParamsCallShort_t" time="0.000519037246704102">
      <failure message="not ok 1 - Equals" type="TAP::Parser::Result::Test"></failure>
    </testcase>
    <testcase name="Equals (36)" classname="spec_perl_TestParamsCallShort_t" time="0.00110793113708496">
      <failure message="not ok 2 - Equals" type="TAP::Parser::Result::Test"></failure>
    </testcase>
    <testcase name="Equals (37)" classname="spec_perl_TestParamsCallShort_t" time="0.000825881958007812">
      <failure message="not ok 3 - Equals" type="TAP::Parser::Result::Test"></failure>
    </testcase>
  </testsuite>
  <testsuite name="spec_perl_TestDefaultBigEndian_t" errors="0" failures="0" skipped="0" tests="1" time="0.0462830066680908">
    <system-out>1..1
ok 1 - Equals
</system-out>
    <testcase name="Equals (38)" classname="spec_perl_TestDefaultBigEndian_t" time="0.000219106674194336" />
  </testsuite>
  <testsuite name="spec_perl_TestEosExceptionU4_t" errors="0" failures="0" skipped="0" tests="1" time="0.0472350120544434">
    <system-out>1..1
ok 1 - Died
</system-out>
    <testcase name="Died (38)" classname="spec_perl_TestEosExceptionU4_t" time="0.000570058822631836" />
  </testsuite>
  <testsuite name="spec_perl_TestExprBits_t" errors="0" failures="0" skipped="0" tests="10" time="0.0513238906860352">
    <system-out>1..10
ok 1 - Equals
ok 2 - Equals
ok 3 - Equals
ok 4 - Equals
ok 5 - Equals
ok 6 - Equals
ok 7 - Equals
ok 8 - Equals
ok 9 - Equals
ok 10 - Equals
</system-out>
    <testcase name="Equals (39)" classname="spec_perl_TestExprBits_t" time="0.000264883041381836" />
    <testcase name="Equals (40)" classname="spec_perl_TestExprBits_t" time="8.51154327392578e-05" />
    <testcase name="Equals (41)" classname="spec_perl_TestExprBits_t" time="5.79357147216797e-05" />
    <testcase name="Equals (42)" classname="spec_perl_TestExprBits_t" time="0.000150918960571289" />
    <testcase name="Equals (43)" classname="spec_perl_TestExprBits_t" time="0.000123977661132812" />
    <testcase name="Equals (44)" classname="spec_perl_TestExprBits_t" time="0.000133037567138672" />
    <testcase name="Equals (45)" classname="spec_perl_TestExprBits_t" time="0.000123977661132812" />
    <testcase name="Equals (46)" classname="spec_perl_TestExprBits_t" time="0.00011897087097168" />
    <testcase name="Equals (47)" classname="spec_perl_TestExprBits_t" time="0.000141143798828125" />
    <testcase name="Equals (48)" classname="spec_perl_TestExprBits_t" time="0.000150918960571289" />
  </testsuite>
  <testsuite name="spec_perl_TestExprMod_t" errors="0" failures="0" skipped="0" tests="6" time="0.0468130111694336">
    <system-out>1..6
ok 1 - Equals
ok 2 - Equals
ok 3 - Equals
ok 4 - Equals
ok 5 - Equals
ok 6 - Equals
</system-out>
    <testcase name="Equals (49)" classname="spec_perl_TestExprMod_t" time="0.000231027603149414" />
    <testcase name="Equals (50)" classname="spec_perl_TestExprMod_t" time="7.70092010498047e-05" />
    <testcase name="Equals (51)" classname="spec_perl_TestExprMod_t" time="0.000117063522338867" />
    <testcase name="Equals (52)" classname="spec_perl_TestExprMod_t" time="0.000143051147460938" />
    <testcase name="Equals (53)" classname="spec_perl_TestExprMod_t" time="0.000122785568237305" />
    <testcase name="Equals (54)" classname="spec_perl_TestExprMod_t" time="0.000120162963867188" />
  </testsuite>
  <testsuite name="spec_perl_TestBitsSimple_t" errors="0" failures="0" skipped="0" tests="14" time="0.0435459613800049">
    <system-out>1..14
ok 1 - Equals
ok 2 - Equals
ok 3 - Equals
ok 4 - Equals
ok 5 - Equals
ok 6 - Equals
ok 7 - Equals
ok 8 - Equals
ok 9 - Equals
ok 10 - Equals
ok 11 - Equals
ok 12 - Equals
ok 13 - Equals
ok 14 - Equals
</system-out>
    <testcase name="Equals (55)" classname="spec_perl_TestBitsSimple_t" time="0.000257968902587891" />
    <testcase name="Equals (56)" classname="spec_perl_TestBitsSimple_t" time="8.51154327392578e-05" />
    <testcase name="Equals (57)" classname="spec_perl_TestBitsSimple_t" time="0.000104904174804688" />
    <testcase name="Equals (58)" classname="spec_perl_TestBitsSimple_t" time="0.000128030776977539" />
    <testcase name="Equals (59)" classname="spec_perl_TestBitsSimple_t" time="0.000138998031616211" />
    <testcase name="Equals (60)" classname="spec_perl_TestBitsSimple_t" time="0.000115871429443359" />
    <testcase name="Equals (61)" classname="spec_perl_TestBitsSimple_t" time="0.000128030776977539" />
    <testcase name="Equals (62)" classname="spec_perl_TestBitsSimple_t" time="0.000123977661132812" />
    <testcase name="Equals (63)" classname="spec_perl_TestBitsSimple_t" time="0.0001220703125" />
    <testcase name="Equals (64)" classname="spec_perl_TestBitsSimple_t" time="0.000118017196655273" />
    <testcase name="Equals (65)" classname="spec_perl_TestBitsSimple_t" time="0.00011897087097168" />
    <testcase name="Equals (66)" classname="spec_perl_TestBitsSimple_t" time="0.000119924545288086" />
    <testcase name="Equals (67)" classname="spec_perl_TestBitsSimple_t" time="0.000155210494995117" />
    <testcase name="Equals (68)" classname="spec_perl_TestBitsSimple_t" time="0.000104904174804688" />
  </testsuite>
  <testsuite name="spec_perl_TestParamsPassUsertype_t" errors="0" failures="1" skipped="1" tests="2" time="0.0524430274963379">
    <system-out>1..2
not ok 1 - test_params_pass_usertype died (Can't call method &quot;foo&quot; on an undefined value at compiled/perl/ParamsPassUsertype.pm line 119.)
ok 2 # skip test_params_pass_usertype died
</system-out>
    <testcase name="test_params_pass_usertype died (Can't call method &quot;foo&quot; on an undefined value at compiled/perl/ParamsPassUsertype.pm line 119.) (68)" classname="spec_perl_TestParamsPassUsertype_t" time="0.000399112701416016">
      <failure message="not ok 1 - test_params_pass_usertype died (Can't call method &quot;foo&quot; on an undefined value at compiled/perl/ParamsPassUsertype.pm line 119.)" type="TAP::Parser::Result::Test"></failure>
    </testcase>
    <testcase name="Unnamed test case 68" classname="spec_perl_TestParamsPassUsertype_t" time="0.000449895858764648">
      <skipped message="ok 2 # skip test_params_pass_usertype died" />
    </testcase>
  </testsuite>
  <testsuite name="spec_perl_TestTypeTernary_t" errors="0" failures="0" skipped="0" tests="1" time="0.0425570011138916">
    <system-out>1..1
ok 1 - Equals
</system-out>
    <testcase name="Equals (69)" classname="spec_perl_TestTypeTernary_t" time="0.000468969345092773" />
  </testsuite>
  <testsuite name="spec_perl_TestSwitchManualInt_t" errors="0" failures="0" skipped="0" tests="9" time="0.0462040901184082">
    <system-out>1..9
ok 1 - Equals
ok 2 - Equals
ok 3 - Equals
ok 4 - Equals
ok 5 - Equals
ok 6 - Equals
ok 7 - Equals
ok 8 - Equals
ok 9 - Equals
</system-out>
    <testcase name="Equals (70)" classname="spec_perl_TestSwitchManualInt_t" time="0.000333070755004883" />
    <testcase name="Equals (71)" classname="spec_perl_TestSwitchManualInt_t" time="8.70227813720703e-05" />
    <testcase name="Equals (72)" classname="spec_perl_TestSwitchManualInt_t" time="7.70092010498047e-05" />
    <testcase name="Equals (73)" classname="spec_perl_TestSwitchManualInt_t" time="0.000161886215209961" />
    <testcase name="Equals (74)" classname="spec_perl_TestSwitchManualInt_t" time="0.000108957290649414" />
    <testcase name="Equals (75)" classname="spec_perl_TestSwitchManualInt_t" time="0.000147104263305664" />
    <testcase name="Equals (76)" classname="spec_perl_TestSwitchManualInt_t" time="0.000127077102661133" />
    <testcase name="Equals (77)" classname="spec_perl_TestSwitchManualInt_t" time="0.000145912170410156" />
    <testcase name="Equals (78)" classname="spec_perl_TestSwitchManualInt_t" time="0.000123023986816406" />
  </testsuite>
  <testsuite name="spec_perl_TestEnum1_t" errors="0" failures="0" skipped="0" tests="2" time="0.0421211719512939">
    <system-out>1..2
ok 1 - Equals
ok 2 - Equals
</system-out>
    <testcase name="Equals (79)" classname="spec_perl_TestEnum1_t" time="0.000226020812988281" />
    <testcase name="Equals (80)" classname="spec_perl_TestEnum1_t" time="8.0108642578125e-05" />
  </testsuite>
  <testsuite name="spec_perl_TestNestedSameName2_t" errors="0" failures="0" skipped="0" tests="5" time="0.0452911853790283">
    <system-out>1..5
ok 1 - Equals
ok 2 - Equals
ok 3 - Equals
ok 4 - Equals
ok 5 - Equals
</system-out>
    <testcase name="Equals (81)" classname="spec_perl_TestNestedSameName2_t" time="0.000290870666503906" />
    <testcase name="Equals (82)" classname="spec_perl_TestNestedSameName2_t" time="8.70227813720703e-05" />
    <testcase name="Equals (83)" classname="spec_perl_TestNestedSameName2_t" time="5.88893890380859e-05" />
    <testcase name="Equals (84)" classname="spec_perl_TestNestedSameName2_t" time="0.000158071517944336" />
    <testcase name="Equals (85)" classname="spec_perl_TestNestedSameName2_t" time="0.000111103057861328" />
  </testsuite>
  <testsuite name="spec_perl_TestSwitchCast_t" errors="0" failures="0" skipped="0" tests="2" time="0.0452730655670166">
    <system-out>1..2
ok 1 - Equals
ok 2 - Equals
</system-out>
    <testcase name="Equals (86)" classname="spec_perl_TestSwitchCast_t" time="0.00027012825012207" />
    <testcase name="Equals (87)" classname="spec_perl_TestSwitchCast_t" time="7.89165496826172e-05" />
  </testsuite>
  <testsuite name="spec_perl_TestBitsEnum_t" errors="0" failures="0" skipped="0" tests="3" time="0.0424149036407471">
    <system-out>1..3
ok 1 - Equals
ok 2 - Equals
ok 3 - Equals
</system-out>
    <testcase name="Equals (88)" classname="spec_perl_TestBitsEnum_t" time="0.000258922576904297" />
    <testcase name="Equals (89)" classname="spec_perl_TestBitsEnum_t" time="7.60555267333984e-05" />
    <testcase name="Equals (90)" classname="spec_perl_TestBitsEnum_t" time="0.000151157379150391" />
  </testsuite>
  <testsuite name="spec_perl_TestExprBytesOps_t" errors="1" failures="0" skipped="0" tests="0" time="0.0420160293579102">
    <system-out></system-out>
    <testcase name="Test died too soon, even before plan. (90)" classname="spec_perl_TestExprBytesOps_t" time="0.0420160293579102">
      <failure message="The test suite died before a plan was produced. You need to have a plan." type="Plan">No plan</failure>
    </testcase>
  </testsuite>
  <testsuite name="spec_perl_TestOptionalId_t" errors="0" failures="0" skipped="0" tests="3" time="0.0430400371551514">
    <system-out>1..3
ok 1 - Equals
ok 2 - Equals
ok 3 - Equals
</system-out>
    <testcase name="Equals (91)" classname="spec_perl_TestOptionalId_t" time="0.00023198127746582" />
    <testcase name="Equals (92)" classname="spec_perl_TestOptionalId_t" time="7.79628753662109e-05" />
    <testcase name="Equals (93)" classname="spec_perl_TestOptionalId_t" time="0.000164031982421875" />
  </testsuite>
  <testsuite name="spec_perl_TestNavParentFalse2_t" errors="0" failures="0" skipped="0" tests="1" time="0.0450370311737061">
    <system-out>1..1
ok 1 - Equals
</system-out>
    <testcase name="Equals (94)" classname="spec_perl_TestNavParentFalse2_t" time="0.000305891036987305" />
  </testsuite>
  <testsuite name="spec_perl_TestZlibWithHeader78_t" errors="0" failures="0" skipped="0" tests="1" time="0.0667059421539307">
    <system-out>1..1
ok 1 - Equals
</system-out>
    <testcase name="Equals (95)" classname="spec_perl_TestZlibWithHeader78_t" time="0.000448942184448242" />
  </testsuite>
  <testsuite name="spec_perl_TestValidLong_t" errors="1" failures="0" skipped="0" tests="0" time="0.0462009906768799">
    <system-out></system-out>
    <testcase name="Test died too soon, even before plan. (95)" classname="spec_perl_TestValidLong_t" time="0.0462009906768799">
      <failure message="The test suite died before a plan was produced. You need to have a plan." type="Plan">No plan</failure>
    </testcase>
  </testsuite>
  <testsuite name="spec_perl_TestValidSwitch_t" errors="1" failures="0" skipped="0" tests="0" time="0.0482997894287109">
    <system-out></system-out>
    <testcase name="Test died too soon, even before plan. (96)" classname="spec_perl_TestValidSwitch_t" time="0.0482997894287109">
      <failure message="The test suite died before a plan was produced. You need to have a plan." type="Plan">No plan</failure>
    </testcase>
  </testsuite>
  <testsuite name="spec_perl_TestBitsByteAligned_t" errors="0" failures="0" skipped="0" tests="9" time="0.0449590682983398">
    <system-out>1..9
ok 1 - Equals
ok 2 - Equals
ok 3 - Equals
ok 4 - Equals
ok 5 - Equals
ok 6 - Equals
ok 7 - Equals
ok 8 - Equals
ok 9 - Equals
</system-out>
    <testcase name="Equals (96)" classname="spec_perl_TestBitsByteAligned_t" time="0.000234127044677734" />
    <testcase name="Equals (97)" classname="spec_perl_TestBitsByteAligned_t" time="7.48634338378906e-05" />
    <testcase name="Equals (98)" classname="spec_perl_TestBitsByteAligned_t" time="0.000138998031616211" />
    <testcase name="Equals (99)" classname="spec_perl_TestBitsByteAligned_t" time="0.000123023986816406" />
    <testcase name="Equals (100)" classname="spec_perl_TestBitsByteAligned_t" time="0.000111103057861328" />
    <testcase name="Equals (101)" classname="spec_perl_TestBitsByteAligned_t" time="0.000149965286254883" />
    <testcase name="Equals (102)" classname="spec_perl_TestBitsByteAligned_t" time="0.000111103057861328" />
    <testcase name="Equals (103)" classname="spec_perl_TestBitsByteAligned_t" time="0.000136852264404297" />
    <testcase name="Equals (104)" classname="spec_perl_TestBitsByteAligned_t" time="0.000146150588989258" />
  </testsuite>
  <testsuite name="spec_perl_TestDocstringsDocrefMulti_t" errors="0" failures="0" skipped="1" tests="1" time="0.0464439392089844">
    <system-out>1..1
ok 1 # skip DocstringsDocrefMulti=HASH(0x1b3b000)
</system-out>
    <testcase name="Unnamed test case 104" classname="spec_perl_TestDocstringsDocrefMulti_t" time="0.0014500617980957">
      <skipped message="ok 1 # skip DocstringsDocrefMulti=HASH(0x1b3b000)" />
    </testcase>
  </testsuite>
  <testsuite name="spec_perl_TestExprIoEof_t" errors="0" failures="0" skipped="0" tests="4" time="0.0461559295654297">
    <system-out>1..4
ok 1 - Equals
ok 2 - Equals
ok 3 - Equals
ok 4 - Equals
</system-out>
    <testcase name="Equals (105)" classname="spec_perl_TestExprIoEof_t" time="0.000652074813842773" />
    <testcase name="Equals (106)" classname="spec_perl_TestExprIoEof_t" time="0.000102043151855469" />
    <testcase name="Equals (107)" classname="spec_perl_TestExprIoEof_t" time="5.38825988769531e-05" />
    <testcase name="Equals (108)" classname="spec_perl_TestExprIoEof_t" time="0.000102043151855469" />
  </testsuite>
  <testsuite name="spec_perl_TestStrLiterals2_t" errors="0" failures="0" skipped="0" tests="4" time="0.0461030006408691">
    <system-out>1..4
ok 1 - Equals
ok 2 - Equals
ok 3 - Equals
ok 4 - Equals
</system-out>
    <testcase name="Equals (109)" classname="spec_perl_TestStrLiterals2_t" time="0.000327110290527344" />
    <testcase name="Equals (110)" classname="spec_perl_TestStrLiterals2_t" time="9.17911529541016e-05" />
    <testcase name="Equals (111)" classname="spec_perl_TestStrLiterals2_t" time="0.000149011611938477" />
    <testcase name="Equals (112)" classname="spec_perl_TestStrLiterals2_t" time="0.000163078308105469" />
  </testsuite>
  <testsuite name="spec_perl_TestTsPacketHeader_t" errors="0" failures="0" skipped="0" tests="7" time="0.0427379608154297">
    <system-out>1..7
ok 1 - Equals
ok 2 - Equals
ok 3 - Equals
ok 4 - Equals
ok 5 - Equals
ok 6 - Equals
ok 7 - Equals
</system-out>
    <testcase name="Equals (113)" classname="spec_perl_TestTsPacketHeader_t" time="0.000240802764892578" />
    <testcase name="Equals (114)" classname="spec_perl_TestTsPacketHeader_t" time="7.79628753662109e-05" />
    <testcase name="Equals (115)" classname="spec_perl_TestTsPacketHeader_t" time="0.000143051147460938" />
    <testcase name="Equals (116)" classname="spec_perl_TestTsPacketHeader_t" time="0.000128984451293945" />
    <testcase name="Equals (117)" classname="spec_perl_TestTsPacketHeader_t" time="0.000113964080810547" />
    <testcase name="Equals (118)" classname="spec_perl_TestTsPacketHeader_t" time="0.000151157379150391" />
    <testcase name="Equals (119)" classname="spec_perl_TestTsPacketHeader_t" time="0.000102043151855469" />
  </testsuite>
  <testsuite name="spec_perl_TestEnumIf_t" errors="0" failures="0" skipped="0" tests="7" time="0.0467250347137451">
    <system-out>1..7
ok 1 - Equals
ok 2 - Equals
ok 3 - Equals
ok 4 - Equals
ok 5 - Equals
ok 6 - Equals
ok 7 - Equals
</system-out>
    <testcase name="Equals (120)" classname="spec_perl_TestEnumIf_t" time="0.000447988510131836" />
    <testcase name="Equals (121)" classname="spec_perl_TestEnumIf_t" time="9.48905944824219e-05" />
    <testcase name="Equals (122)" classname="spec_perl_TestEnumIf_t" time="5.69820404052734e-05" />
    <testcase name="Equals (123)" classname="spec_perl_TestEnumIf_t" time="0.00018620491027832" />
    <testcase name="Equals (124)" classname="spec_perl_TestEnumIf_t" time="7.89165496826172e-05" />
    <testcase name="Equals (125)" classname="spec_perl_TestEnumIf_t" time="0.000134944915771484" />
    <testcase name="Equals (126)" classname="spec_perl_TestEnumIf_t" time="0.000108003616333008" />
  </testsuite>
  <testsuite name="spec_perl_TestSwitchManualIntElse_t" errors="0" failures="0" skipped="0" tests="9" time="0.0459921360015869">
    <system-out>1..9
ok 1 - Equals
ok 2 - Equals
ok 3 - Equals
ok 4 - Equals
ok 5 - Equals
ok 6 - Equals
ok 7 - Equals
ok 8 - Equals
ok 9 - Equals
</system-out>
    <testcase name="Equals (127)" classname="spec_perl_TestSwitchManualIntElse_t" time="0.000314950942993164" />
    <testcase name="Equals (128)" classname="spec_perl_TestSwitchManualIntElse_t" time="9.29832458496094e-05" />
    <testcase name="Equals (129)" classname="spec_perl_TestSwitchManualIntElse_t" time="7.51018524169922e-05" />
    <testcase name="Equals (130)" classname="spec_perl_TestSwitchManualIntElse_t" time="0.000151872634887695" />
    <testcase name="Equals (131)" classname="spec_perl_TestSwitchManualIntElse_t" time="0.000164031982421875" />
    <testcase name="Equals (132)" classname="spec_perl_TestSwitchManualIntElse_t" time="0.00011897087097168" />
    <testcase name="Equals (133)" classname="spec_perl_TestSwitchManualIntElse_t" time="0.000149011611938477" />
    <testcase name="Equals (134)" classname="spec_perl_TestSwitchManualIntElse_t" time="0.00020289421081543" />
    <testcase name="Equals (135)" classname="spec_perl_TestSwitchManualIntElse_t" time="0.0001220703125" />
  </testsuite>
  <testsuite name="spec_perl_TestIndexToParamUntil_t" errors="0" failures="2" skipped="0" tests="7" time="0.0570569038391113">
    <system-out>1..7
ok 1 - Equals
ok 2 - Equals
ok 3 - Equals
ok 4 - Equals
ok 5 - Equals
not ok 6 - Equals
not ok 7 - Equals
</system-out>
    <testcase name="Equals (136)" classname="spec_perl_TestIndexToParamUntil_t" time="0.000433921813964844" />
    <testcase name="Equals (137)" classname="spec_perl_TestIndexToParamUntil_t" time="0.000462055206298828" />
    <testcase name="Equals (138)" classname="spec_perl_TestIndexToParamUntil_t" time="0.000371932983398438" />
    <testcase name="Equals (139)" classname="spec_perl_TestIndexToParamUntil_t" time="0.000519037246704102" />
    <testcase name="Equals (140)" classname="spec_perl_TestIndexToParamUntil_t" time="0.000472068786621094" />
    <testcase name="Equals (141)" classname="spec_perl_TestIndexToParamUntil_t" time="0.000449895858764648">
      <failure message="not ok 6 - Equals" type="TAP::Parser::Result::Test"></failure>
    </testcase>
    <testcase name="Equals (142)" classname="spec_perl_TestIndexToParamUntil_t" time="0.00135588645935059">
      <failure message="not ok 7 - Equals" type="TAP::Parser::Result::Test"></failure>
    </testcase>
  </testsuite>
  <testsuite name="spec_perl_TestParamsEnum_t" errors="0" failures="1" skipped="0" tests="2" time="0.0657808780670166">
    <system-out>1..2
ok 1 - Equals
not ok 2 - Equals
</system-out>
    <testcase name="Equals (143)" classname="spec_perl_TestParamsEnum_t" time="0.000329971313476562" />
    <testcase name="Equals (144)" classname="spec_perl_TestParamsEnum_t" time="0.000174045562744141">
      <failure message="not ok 2 - Equals" type="TAP::Parser::Result::Test"></failure>
    </testcase>
  </testsuite>
  <testsuite name="spec_perl_TestIfStruct_t" errors="0" failures="0" skipped="0" tests="7" time="0.0458598136901855">
    <system-out>1..7
ok 1 - Equals
ok 2 - Equals
ok 3 - Equals
ok 4 - Equals
ok 5 - Equals
ok 6 - Equals
ok 7 - Equals
</system-out>
    <testcase name="Equals (145)" classname="spec_perl_TestIfStruct_t" time="0.000385046005249023" />
    <testcase name="Equals (146)" classname="spec_perl_TestIfStruct_t" time="9.39369201660156e-05" />
    <testcase name="Equals (147)" classname="spec_perl_TestIfStruct_t" time="5.79357147216797e-05" />
    <testcase name="Equals (148)" classname="spec_perl_TestIfStruct_t" time="0.000138044357299805" />
    <testcase name="Equals (149)" classname="spec_perl_TestIfStruct_t" time="0.000123977661132812" />
    <testcase name="Equals (150)" classname="spec_perl_TestIfStruct_t" time="0.000113010406494141" />
    <testcase name="Equals (151)" classname="spec_perl_TestIfStruct_t" time="0.000141143798828125" />
  </testsuite>
  <testsuite name="spec_perl_TestEnumNegative_t" errors="0" failures="0" skipped="0" tests="2" time="0.0428380966186523">
    <system-out>1..2
ok 1 - Equals
ok 2 - Equals
</system-out>
    <testcase name="Equals (152)" classname="spec_perl_TestEnumNegative_t" time="0.000207901000976562" />
    <testcase name="Equals (153)" classname="spec_perl_TestEnumNegative_t" time="8.0108642578125e-05" />
  </testsuite>
  <testsuite name="spec_perl_TestMetaXref_t" errors="0" failures="0" skipped="1" tests="1" time="0.0451109409332275">
    <system-out>1..1
ok 1 # skip MetaXref=HASH(0x1c1b028)
</system-out>
    <testcase name="Unnamed test case 153" classname="spec_perl_TestMetaXref_t" time="0.00134396553039551">
      <skipped message="ok 1 # skip MetaXref=HASH(0x1c1b028)" />
    </testcase>
  </testsuite>
  <testsuite name="spec_perl_TestBcdUserTypeBe_t" errors="0" failures="0" skipped="0" tests="6" time="0.0477080345153809">
    <system-out>1..6
ok 1 - Equals
ok 2 - Equals
ok 3 - Equals
ok 4 - Equals
ok 5 - Equals
ok 6 - Equals
</system-out>
    <testcase name="Equals (154)" classname="spec_perl_TestBcdUserTypeBe_t" time="0.000741004943847656" />
    <testcase name="Equals (155)" classname="spec_perl_TestBcdUserTypeBe_t" time="0.000116109848022461" />
    <testcase name="Equals (156)" classname="spec_perl_TestBcdUserTypeBe_t" time="5.88893890380859e-05" />
    <testcase name="Equals (157)" classname="spec_perl_TestBcdUserTypeBe_t" time="0.000164985656738281" />
    <testcase name="Equals (158)" classname="spec_perl_TestBcdUserTypeBe_t" time="0.000152111053466797" />
    <testcase name="Equals (159)" classname="spec_perl_TestBcdUserTypeBe_t" time="0.000139951705932617" />
  </testsuite>
  <testsuite name="spec_perl_TestProcessXor4Value_t" errors="0" failures="0" skipped="0" tests="2" time="0.0451109409332275">
    <system-out>1..2
ok 1 - Equals
ok 2 - Equals
</system-out>
    <testcase name="Equals (160)" classname="spec_perl_TestProcessXor4Value_t" time="0.000312089920043945" />
    <testcase name="Equals (161)" classname="spec_perl_TestProcessXor4Value_t" time="0.000110864639282227" />
  </testsuite>
  <testsuite name="spec_perl_TestNavParentSwitchCast_t" errors="0" failures="0" skipped="0" tests="3" time="0.042457103729248">
    <system-out>1..3
ok 1 - Equals
ok 2 - Equals
ok 3 - Equals
</system-out>
    <testcase name="Equals (162)" classname="spec_perl_TestNavParentSwitchCast_t" time="0.000508785247802734" />
    <testcase name="Equals (163)" classname="spec_perl_TestNavParentSwitchCast_t" time="9.01222229003906e-05" />
    <testcase name="Equals (164)" classname="spec_perl_TestNavParentSwitchCast_t" time="0.000120878219604492" />
  </testsuite>
  <testsuite name="spec_perl_TestTermBytes_t" errors="0" failures="0" skipped="0" tests="3" time="0.0444128513336182">
    <system-out>1..3
ok 1 - Equals
ok 2 - Equals
ok 3 - Equals
</system-out>
    <testcase name="Equals (165)" classname="spec_perl_TestTermBytes_t" time="0.000195026397705078" />
    <testcase name="Equals (166)" classname="spec_perl_TestTermBytes_t" time="7.89165496826172e-05" />
    <testcase name="Equals (167)" classname="spec_perl_TestTermBytes_t" time="0.000154972076416016" />
  </testsuite>
  <testsuite name="spec_perl_TestMetaTags_t" errors="0" failures="0" skipped="1" tests="1" time="0.0500459671020508">
    <system-out>1..1
ok 1 # skip MetaTags=HASH(0x2572438)
</system-out>
    <testcase name="Unnamed test case 167" classname="spec_perl_TestMetaTags_t" time="0.0013270378112793">
      <skipped message="ok 1 # skip MetaTags=HASH(0x2572438)" />
    </testcase>
  </testsuite>
  <testsuite name="spec_perl_TestDefaultEndianExprException_t" errors="0" failures="0" skipped="0" tests="1" time="0.0453500747680664">
    <system-out>1..1
ok 1 - Died
</system-out>
    <testcase name="Died (167)" classname="spec_perl_TestDefaultEndianExprException_t" time="0.000159978866577148" />
  </testsuite>
  <testsuite name="spec_perl_TestValidShort_t" errors="1" failures="0" skipped="0" tests="0" time="0.0422561168670654">
    <system-out></system-out>
    <testcase name="Test died too soon, even before plan. (167)" classname="spec_perl_TestValidShort_t" time="0.0422561168670654">
      <failure message="The test suite died before a plan was produced. You need to have a plan." type="Plan">No plan</failure>
    </testcase>
  </testsuite>
  <testsuite name="spec_perl_TestImports0_t" errors="0" failures="0" skipped="0" tests="3" time="0.0452878475189209">
    <system-out>1..3
ok 1 - Equals
ok 2 - Equals
ok 3 - Equals
</system-out>
    <testcase name="Equals (168)" classname="spec_perl_TestImports0_t" time="0.000269889831542969" />
    <testcase name="Equals (169)" classname="spec_perl_TestImports0_t" time="8.392333984375e-05" />
    <testcase name="Equals (170)" classname="spec_perl_TestImports0_t" time="0.000104188919067383" />
  </testsuite>
  <testsuite name="spec_perl_TestEnumOfValueInst_t" errors="0" failures="0" skipped="0" tests="4" time="0.0438950061798096">
    <system-out>1..4
ok 1 - Equals
ok 2 - Equals
ok 3 - Equals
ok 4 - Equals
</system-out>
    <testcase name="Equals (171)" classname="spec_perl_TestEnumOfValueInst_t" time="0.000329971313476562" />
    <testcase name="Equals (172)" classname="spec_perl_TestEnumOfValueInst_t" time="8.70227813720703e-05" />
    <testcase name="Equals (173)" classname="spec_perl_TestEnumOfValueInst_t" time="7.70092010498047e-05" />
    <testcase name="Equals (174)" classname="spec_perl_TestEnumOfValueInst_t" time="0.00015711784362793" />
  </testsuite>
  <testsuite name="spec_perl_TestEofExceptionBytes_t" errors="0" failures="0" skipped="0" tests="1" time="0.0472781658172607">
    <system-out>1..1
ok 1 - Died
</system-out>
    <testcase name="Died (174)" classname="spec_perl_TestEofExceptionBytes_t" time="0.000181198120117188" />
  </testsuite>
  <testsuite name="spec_perl_TestStrEncodings_t" errors="0" failures="0" skipped="0" tests="4" time="0.0696909427642822">
    <system-out>1..4
ok 1 - Equals
ok 2 - Equals
ok 3 - Equals
ok 4 - Equals
</system-out>
    <testcase name="Equals (175)" classname="spec_perl_TestStrEncodings_t" time="0.0198001861572266" />
    <testcase name="Equals (176)" classname="spec_perl_TestStrEncodings_t" time="0.000136852264404297" />
    <testcase name="Equals (177)" classname="spec_perl_TestStrEncodings_t" time="6.19888305664062e-05" />
    <testcase name="Equals (178)" classname="spec_perl_TestStrEncodings_t" time="0.00012516975402832" />
  </testsuite>
  <testsuite name="spec_perl_TestEnumForUnknownId_t" errors="0" failures="0" skipped="0" tests="1" time="0.0422649383544922">
    <system-out>1..1
ok 1 - Equals
</system-out>
    <testcase name="Equals (179)" classname="spec_perl_TestEnumForUnknownId_t" time="0.000163078308105469" />
  </testsuite>
  <testsuite name="spec_perl_TestProcessCustomNoArgs_t" errors="1" failures="0" skipped="0" tests="0" time="0.0493729114532471">
    <system-out></system-out>
    <testcase name="Test died too soon, even before plan. (179)" classname="spec_perl_TestProcessCustomNoArgs_t" time="0.0493729114532471">
      <failure message="The test suite died before a plan was produced. You need to have a plan." type="Plan">No plan</failure>
    </testcase>
  </testsuite>
  <testsuite name="spec_perl_TestIndexSizes_t" errors="0" failures="0" skipped="0" tests="7" time="0.0512239933013916">
    <system-out>1..7
ok 1 - Equals
ok 2 - Equals
ok 3 - Equals
ok 4 - Equals
ok 5 - Equals
ok 6 - Equals
ok 7 - Equals
</system-out>
    <testcase name="Equals (180)" classname="spec_perl_TestIndexSizes_t" time="0.000395059585571289" />
    <testcase name="Equals (181)" classname="spec_perl_TestIndexSizes_t" time="0.000100135803222656" />
    <testcase name="Equals (182)" classname="spec_perl_TestIndexSizes_t" time="6.4849853515625e-05" />
    <testcase name="Equals (183)" classname="spec_perl_TestIndexSizes_t" time="0.000146150588989258" />
    <testcase name="Equals (184)" classname="spec_perl_TestIndexSizes_t" time="0.000135898590087891" />
    <testcase name="Equals (185)" classname="spec_perl_TestIndexSizes_t" time="0.000132083892822266" />
    <testcase name="Equals (186)" classname="spec_perl_TestIndexSizes_t" time="0.000160932540893555" />
  </testsuite>
  <testsuite name="spec_perl_TestProcessXorConst_t" errors="0" failures="0" skipped="0" tests="2" time="0.0431609153747559">
    <system-out>1..2
ok 1 - Equals
ok 2 - Equals
</system-out>
    <testcase name="Equals (187)" classname="spec_perl_TestProcessXorConst_t" time="0.000233888626098633" />
    <testcase name="Equals (188)" classname="spec_perl_TestProcessXorConst_t" time="7.89165496826172e-05" />
  </testsuite>
  <testsuite name="spec_perl_TestRepeatUntilS4_t" errors="0" failures="0" skipped="0" tests="2" time="0.045180082321167">
    <system-out>1..2
ok 1 - Equals
ok 2 - Equals
</system-out>
    <testcase name="Equals (189)" classname="spec_perl_TestRepeatUntilS4_t" time="0.000232934951782227" />
    <testcase name="Equals (190)" classname="spec_perl_TestRepeatUntilS4_t" time="8.10623168945312e-05" />
  </testsuite>
  <testsuite name="spec_perl_TestImportsCircularA_t" errors="0" failures="0" skipped="0" tests="5" time="0.045881986618042">
    <system-out>1..5
ok 1 - Equals
ok 2 - Equals
ok 3 - Equals
ok 4 - Equals
ok 5 - Equals
</system-out>
    <testcase name="Equals (191)" classname="spec_perl_TestImportsCircularA_t" time="0.000326156616210938" />
    <testcase name="Equals (192)" classname="spec_perl_TestImportsCircularA_t" time="8.70227813720703e-05" />
    <testcase name="Equals (193)" classname="spec_perl_TestImportsCircularA_t" time="0.000133991241455078" />
    <testcase name="Equals (194)" classname="spec_perl_TestImportsCircularA_t" time="0.000137805938720703" />
    <testcase name="Equals (195)" classname="spec_perl_TestImportsCircularA_t" time="6.69956207275391e-05" />
  </testsuite>
  <testsuite name="spec_perl_TestIoLocalVar_t" errors="0" failures="0" skipped="0" tests="2" time="0.0494260787963867">
    <system-out>1..2
ok 1 - Equals
ok 2 - Equals
</system-out>
    <testcase name="Equals (196)" classname="spec_perl_TestIoLocalVar_t" time="0.000499963760375977" />
    <testcase name="Equals (197)" classname="spec_perl_TestIoLocalVar_t" time="0.000103950500488281" />
  </testsuite>
  <testsuite name="spec_perl_TestInstanceStd_t" errors="0" failures="0" skipped="0" tests="1" time="0.0492799282073975">
    <system-out>1..1
ok 1 - Equals
</system-out>
    <testcase name="Equals (198)" classname="spec_perl_TestInstanceStd_t" time="0.0003509521484375" />
  </testsuite>
  <testsuite name="spec_perl_TestTypeTernaryOpaque_t" errors="0" failures="0" skipped="0" tests="3" time="0.0462930202484131">
    <system-out>1..3
ok 1 - Equals
ok 2 - Equals
ok 3 - Equals
</system-out>
    <testcase name="Equals (199)" classname="spec_perl_TestTypeTernaryOpaque_t" time="0.000536918640136719" />
    <testcase name="Equals (200)" classname="spec_perl_TestTypeTernaryOpaque_t" time="9.20295715332031e-05" />
    <testcase name="Equals (201)" classname="spec_perl_TestTypeTernaryOpaque_t" time="5.91278076171875e-05" />
  </testsuite>
  <testsuite name="spec_perl_TestDefaultEndianExprIsLe_t" errors="0" failures="0" skipped="0" tests="12" time="0.0479021072387695">
    <system-out>1..12
ok 1 - Equals
ok 2 - Equals
ok 3 - Equals
ok 4 - Equals
ok 5 - Equals
ok 6 - Equals
ok 7 - Equals
ok 8 - Equals
ok 9 - Equals
ok 10 - Equals
ok 11 - Equals
ok 12 - Equals
</system-out>
    <testcase name="Equals (202)" classname="spec_perl_TestDefaultEndianExprIsLe_t" time="0.000380992889404297" />
    <testcase name="Equals (203)" classname="spec_perl_TestDefaultEndianExprIsLe_t" time="8.70227813720703e-05" />
    <testcase name="Equals (204)" classname="spec_perl_TestDefaultEndianExprIsLe_t" time="0.000133991241455078" />
    <testcase name="Equals (205)" classname="spec_perl_TestDefaultEndianExprIsLe_t" time="0.000152111053466797" />
    <testcase name="Equals (206)" classname="spec_perl_TestDefaultEndianExprIsLe_t" time="0.000142812728881836" />
    <testcase name="Equals (207)" classname="spec_perl_TestDefaultEndianExprIsLe_t" time="0.000145196914672852" />
    <testcase name="Equals (208)" classname="spec_perl_TestDefaultEndianExprIsLe_t" time="0.000159025192260742" />
    <testcase name="Equals (209)" classname="spec_perl_TestDefaultEndianExprIsLe_t" time="0.000124931335449219" />
    <testcase name="Equals (210)" classname="spec_perl_TestDefaultEndianExprIsLe_t" time="0.000143051147460938" />
    <testcase name="Equals (211)" classname="spec_perl_TestDefaultEndianExprIsLe_t" time="0.000123023986816406" />
    <testcase name="Equals (212)" classname="spec_perl_TestDefaultEndianExprIsLe_t" time="0.000158786773681641" />
    <testcase name="Equals (213)" classname="spec_perl_TestDefaultEndianExprIsLe_t" time="0.000127077102661133" />
  </testsuite>
  <testsuite name="spec_perl_TestNavParentOverride_t" errors="0" failures="0" skipped="0" tests="3" time="0.0453970432281494">
    <system-out>1..3
ok 1 - Equals
ok 2 - Equals
ok 3 - Equals
</system-out>
    <testcase name="Equals (214)" classname="spec_perl_TestNavParentOverride_t" time="0.000315189361572266" />
    <testcase name="Equals (215)" classname="spec_perl_TestNavParentOverride_t" time="8.67843627929688e-05" />
    <testcase name="Equals (216)" classname="spec_perl_TestNavParentOverride_t" time="6.41345977783203e-05" />
  </testsuite>
  <testsuite name="spec_perl_TestIntegers_t" errors="1" failures="0" skipped="0" tests="0" time="0.0517208576202393">
    <system-out></system-out>
    <testcase name="Test died too soon, even before plan. (216)" classname="spec_perl_TestIntegers_t" time="0.0517208576202393">
      <failure message="The test suite died before a plan was produced. You need to have a plan." type="Plan">No plan</failure>
    </testcase>
  </testsuite>
  <testsuite name="spec_perl_TestPositionInSeq_t" errors="0" failures="0" skipped="0" tests="1" time="0.0455248355865479">
    <system-out>1..1
ok 1 - Equals
</system-out>
    <testcase name="Equals (217)" classname="spec_perl_TestPositionInSeq_t" time="0.000249862670898438" />
  </testsuite>
  <testsuite name="spec_perl_TestNestedSameName_t" errors="0" failures="0" skipped="0" tests="2" time="0.0433688163757324">
    <system-out>1..2
ok 1 - Equals
ok 2 - Equals
</system-out>
    <testcase name="Equals (218)" classname="spec_perl_TestNestedSameName_t" time="0.000266075134277344" />
    <testcase name="Equals (219)" classname="spec_perl_TestNestedSameName_t" time="8.29696655273438e-05" />
  </testsuite>
  <testsuite name="spec_perl_TestFloatToI_t" errors="0" failures="0" skipped="0" tests="8" time="0.0429999828338623">
    <system-out>1..8
ok 1 - Equals
ok 2 - Equals
ok 3 - Equals
ok 4 - Equals
ok 5 - Equals
ok 6 - Equals
ok 7 - Equals
ok 8 - Equals
</system-out>
    <testcase name="Equals (220)" classname="spec_perl_TestFloatToI_t" time="0.000212907791137695" />
    <testcase name="Equals (221)" classname="spec_perl_TestFloatToI_t" time="8.51154327392578e-05" />
    <testcase name="Equals (222)" classname="spec_perl_TestFloatToI_t" time="0.000127077102661133" />
    <testcase name="Equals (223)" classname="spec_perl_TestFloatToI_t" time="0.000123977661132812" />
    <testcase name="Equals (224)" classname="spec_perl_TestFloatToI_t" time="0.000180959701538086" />
    <testcase name="Equals (225)" classname="spec_perl_TestFloatToI_t" time="8.98838043212891e-05" />
    <testcase name="Equals (226)" classname="spec_perl_TestFloatToI_t" time="0.000141143798828125" />
    <testcase name="Equals (227)" classname="spec_perl_TestFloatToI_t" time="0.000121831893920898" />
  </testsuite>
  <testsuite name="spec_perl_TestNestedTypes_t" errors="0" failures="0" skipped="0" tests="3" time="0.04697585105896">
    <system-out>1..3
ok 1 - Equals
ok 2 - Equals
ok 3 - Equals
</system-out>
    <testcase name="Equals (228)" classname="spec_perl_TestNestedTypes_t" time="0.000294208526611328" />
    <testcase name="Equals (229)" classname="spec_perl_TestNestedTypes_t" time="8.89301300048828e-05" />
    <testcase name="Equals (230)" classname="spec_perl_TestNestedTypes_t" time="8.10623168945312e-05" />
  </testsuite>
  <testsuite name="spec_perl_TestSwitchManualStrElse_t" errors="0" failures="0" skipped="0" tests="9" time="0.0531690120697021">
    <system-out>1..9
ok 1 - Equals
ok 2 - Equals
ok 3 - Equals
ok 4 - Equals
ok 5 - Equals
ok 6 - Equals
ok 7 - Equals
ok 8 - Equals
ok 9 - Equals
</system-out>
    <testcase name="Equals (231)" classname="spec_perl_TestSwitchManualStrElse_t" time="0.000468969345092773" />
    <testcase name="Equals (232)" classname="spec_perl_TestSwitchManualStrElse_t" time="0.000120878219604492" />
    <testcase name="Equals (233)" classname="spec_perl_TestSwitchManualStrElse_t" time="6.50882720947266e-05" />
    <testcase name="Equals (234)" classname="spec_perl_TestSwitchManualStrElse_t" time="5.60283660888672e-05" />
    <testcase name="Equals (235)" classname="spec_perl_TestSwitchManualStrElse_t" time="0.00017094612121582" />
    <testcase name="Equals (236)" classname="spec_perl_TestSwitchManualStrElse_t" time="9.70363616943359e-05" />
    <testcase name="Equals (237)" classname="spec_perl_TestSwitchManualStrElse_t" time="0.00014805793762207" />
    <testcase name="Equals (238)" classname="spec_perl_TestSwitchManualStrElse_t" time="0.000121831893920898" />
    <testcase name="Equals (239)" classname="spec_perl_TestSwitchManualStrElse_t" time="0.000154972076416016" />
  </testsuite>
  <testsuite name="spec_perl_TestStrEos_t" errors="0" failures="0" skipped="0" tests="1" time="0.0495548248291016">
    <system-out>1..1
ok 1 - Equals
</system-out>
    <testcase name="Equals (240)" classname="spec_perl_TestStrEos_t" time="0.00038599967956543" />
  </testsuite>
  <testsuite name="spec_perl_TestZlibSurrounded_t" errors="0" failures="0" skipped="0" tests="1" time="0.0638439655303955">
    <system-out>1..1
ok 1 - Equals
</system-out>
    <testcase name="Equals (241)" classname="spec_perl_TestZlibSurrounded_t" time="0.000697135925292969" />
  </testsuite>
  <testsuite name="spec_perl_TestDefaultEndianExprInherited_t" errors="0" failures="0" skipped="0" tests="15" time="0.0469670295715332">
    <system-out>1..15
ok 1 - Equals
ok 2 - Equals
ok 3 - Equals
ok 4 - Equals
ok 5 - Equals
ok 6 - Equals
ok 7 - Equals
ok 8 - Equals
ok 9 - Equals
ok 10 - Equals
ok 11 - Equals
ok 12 - Equals
ok 13 - Equals
ok 14 - Equals
ok 15 - Equals
</system-out>
    <testcase name="Equals (242)" classname="spec_perl_TestDefaultEndianExprInherited_t" time="0.000396966934204102" />
    <testcase name="Equals (243)" classname="spec_perl_TestDefaultEndianExprInherited_t" time="0.000120878219604492" />
    <testcase name="Equals (244)" classname="spec_perl_TestDefaultEndianExprInherited_t" time="6.00814819335938e-05" />
    <testcase name="Equals (245)" classname="spec_perl_TestDefaultEndianExprInherited_t" time="0.000118017196655273" />
    <testcase name="Equals (246)" classname="spec_perl_TestDefaultEndianExprInherited_t" time="0.00014805793762207" />
    <testcase name="Equals (247)" classname="spec_perl_TestDefaultEndianExprInherited_t" time="0.000131845474243164" />
    <testcase name="Equals (248)" classname="spec_perl_TestDefaultEndianExprInherited_t" time="0.000177145004272461" />
    <testcase name="Equals (249)" classname="spec_perl_TestDefaultEndianExprInherited_t" time="0.000116825103759766" />
    <testcase name="Equals (250)" classname="spec_perl_TestDefaultEndianExprInherited_t" time="0.000145196914672852" />
    <testcase name="Equals (251)" classname="spec_perl_TestDefaultEndianExprInherited_t" time="0.000161886215209961" />
    <testcase name="Equals (252)" classname="spec_perl_TestDefaultEndianExprInherited_t" time="0.000116109848022461" />
    <testcase name="Equals (253)" classname="spec_perl_TestDefaultEndianExprInherited_t" time="0.000139951705932617" />
    <testcase name="Equals (254)" classname="spec_perl_TestDefaultEndianExprInherited_t" time="0.000128030776977539" />
    <testcase name="Equals (255)" classname="spec_perl_TestDefaultEndianExprInherited_t" time="0.000155925750732422" />
    <testcase name="Equals (256)" classname="spec_perl_TestDefaultEndianExprInherited_t" time="0.000143051147460938" />
  </testsuite>
  <testsuite name="spec_perl_TestSwitchRepeatExpr_t" errors="0" failures="0" skipped="0" tests="3" time="0.0465109348297119">
    <system-out>1..3
ok 1 - Equals
ok 2 - Equals
ok 3 - Equals
</system-out>
    <testcase name="Equals (257)" classname="spec_perl_TestSwitchRepeatExpr_t" time="0.000647068023681641" />
    <testcase name="Equals (258)" classname="spec_perl_TestSwitchRepeatExpr_t" time="0.00010991096496582" />
    <testcase name="Equals (259)" classname="spec_perl_TestSwitchRepeatExpr_t" time="4.38690185546875e-05" />
  </testsuite>
  <testsuite name="spec_perl_TestCastToTop_t" errors="0" failures="0" skipped="0" tests="3" time="0.0447490215301514">
    <system-out>1..3
ok 1 - Equals
ok 2 - Equals
ok 3 - Equals
</system-out>
    <testcase name="Equals (260)" classname="spec_perl_TestCastToTop_t" time="0.00026392936706543" />
    <testcase name="Equals (261)" classname="spec_perl_TestCastToTop_t" time="9.51290130615234e-05" />
    <testcase name="Equals (262)" classname="spec_perl_TestCastToTop_t" time="0.000139951705932617" />
  </testsuite>
  <testsuite name="spec_perl_TestEnumToIClassBorder1_t" errors="0" failures="1" skipped="0" tests="3" time="0.0498819351196289">
    <system-out>1..3
ok 1 - Equals
ok 2 - Equals
not ok 3 - test_enum_to_i_class_border_1 died (Can't call method &quot;some_dog&quot; on an undefined value at compiled/perl/EnumToIClassBorder2.pm line 42.)
</system-out>
    <testcase name="Equals (263)" classname="spec_perl_TestEnumToIClassBorder1_t" time="0.000236034393310547" />
    <testcase name="Equals (264)" classname="spec_perl_TestEnumToIClassBorder1_t" time="0.000108957290649414" />
    <testcase name="test_enum_to_i_class_border_1 died (Can't call method &quot;some_dog&quot; on an undefined value at compiled/perl/EnumToIClassBorder2.pm line 42.) (264)" classname="spec_perl_TestEnumToIClassBorder1_t" time="0.0002899169921875">
      <failure message="not ok 3 - test_enum_to_i_class_border_1 died (Can't call method &quot;some_dog&quot; on an undefined value at compiled/perl/EnumToIClassBorder2.pm line 42.)" type="TAP::Parser::Result::Test"></failure>
    </testcase>
  </testsuite>
  <testsuite name="spec_perl_TestExprSizeofValueSized_t" errors="0" failures="0" skipped="0" tests="5" time="0.0434501171112061">
    <system-out>1..5
ok 1 - Equals
ok 2 - Equals
ok 3 - Equals
ok 4 - Equals
ok 5 - Equals
</system-out>
    <testcase name="Equals (265)" classname="spec_perl_TestExprSizeofValueSized_t" time="0.000546932220458984" />
    <testcase name="Equals (266)" classname="spec_perl_TestExprSizeofValueSized_t" time="0.000109195709228516" />
    <testcase name="Equals (267)" classname="spec_perl_TestExprSizeofValueSized_t" time="6.19888305664062e-05" />
    <testcase name="Equals (268)" classname="spec_perl_TestExprSizeofValueSized_t" time="5.79357147216797e-05" />
    <testcase name="Equals (269)" classname="spec_perl_TestExprSizeofValueSized_t" time="0.000318050384521484" />
  </testsuite>
  <testsuite name="spec_perl_TestProcessToUser_t" errors="0" failures="0" skipped="0" tests="1" time="0.0482139587402344">
    <system-out>1..1
ok 1 - Equals
</system-out>
    <testcase name="Equals (270)" classname="spec_perl_TestProcessToUser_t" time="0.000672817230224609" />
  </testsuite>
  <testsuite name="spec_perl_TestRepeatNStrz_t" errors="0" failures="0" skipped="0" tests="2" time="0.0475790500640869">
    <system-out>1..2
ok 1 - Equals
ok 2 - Equals
</system-out>
    <testcase name="Equals (271)" classname="spec_perl_TestRepeatNStrz_t" time="0.000352859497070312" />
    <testcase name="Equals (272)" classname="spec_perl_TestRepeatNStrz_t" time="8.82148742675781e-05" />
  </testsuite>
  <testsuite name="spec_perl_TestStrLiterals_t" errors="0" failures="0" skipped="0" tests="5" time="0.0466921329498291">
    <system-out>1..5
ok 1 - Equals
ok 2 - Equals
ok 3 - Equals
ok 4 - Equals
ok 5 - Equals
</system-out>
    <testcase name="Equals (273)" classname="spec_perl_TestStrLiterals_t" time="0.000311136245727539" />
    <testcase name="Equals (274)" classname="spec_perl_TestStrLiterals_t" time="8.29696655273438e-05" />
    <testcase name="Equals (275)" classname="spec_perl_TestStrLiterals_t" time="0.000144004821777344" />
    <testcase name="Equals (276)" classname="spec_perl_TestStrLiterals_t" time="0.00014185905456543" />
    <testcase name="Equals (277)" classname="spec_perl_TestStrLiterals_t" time="0.000173091888427734" />
  </testsuite>
  <testsuite name="spec_perl_TestDebugSwitchUser_t" errors="1" failures="0" skipped="0" tests="0" time="0.0583980083465576">
    <system-out></system-out>
    <testcase name="Test died too soon, even before plan. (277)" classname="spec_perl_TestDebugSwitchUser_t" time="0.0583980083465576">
      <failure message="The test suite died before a plan was produced. You need to have a plan." type="Plan">No plan</failure>
    </testcase>
  </testsuite>
  <testsuite name="spec_perl_TestSwitchElseOnly_t" errors="1" failures="0" skipped="0" tests="0" time="0.04193115234375">
    <system-out></system-out>
    <testcase name="Test died too soon, even before plan. (278)" classname="spec_perl_TestSwitchElseOnly_t" time="0.04193115234375">
      <failure message="The test suite died before a plan was produced. You need to have a plan." type="Plan">No plan</failure>
    </testcase>
  </testsuite>
  <testsuite name="spec_perl_TestSwitchIntegers_t" errors="0" failures="0" skipped="0" tests="9" time="0.0708498954772949">
    <system-out>1..9
ok 1 - Equals
ok 2 - Equals
ok 3 - Equals
ok 4 - Equals
ok 5 - Equals
ok 6 - Equals
ok 7 - Equals
ok 8 - Equals
ok 9 - Equals
</system-out>
    <testcase name="Equals (278)" classname="spec_perl_TestSwitchIntegers_t" time="0.000672101974487305" />
    <testcase name="Equals (279)" classname="spec_perl_TestSwitchIntegers_t" time="0.000344991683959961" />
    <testcase name="Equals (280)" classname="spec_perl_TestSwitchIntegers_t" time="0.000283002853393555" />
    <testcase name="Equals (281)" classname="spec_perl_TestSwitchIntegers_t" time="0.000272035598754883" />
    <testcase name="Equals (282)" classname="spec_perl_TestSwitchIntegers_t" time="0.000280857086181641" />
    <testcase name="Equals (283)" classname="spec_perl_TestSwitchIntegers_t" time="0.000313043594360352" />
    <testcase name="Equals (284)" classname="spec_perl_TestSwitchIntegers_t" time="0.000288963317871094" />
    <testcase name="Equals (285)" classname="spec_perl_TestSwitchIntegers_t" time="0.000280141830444336" />
    <testcase name="Equals (286)" classname="spec_perl_TestSwitchIntegers_t" time="0.000274896621704102" />
  </testsuite>
  <testsuite name="spec_perl_TestProcessRotate_t" errors="0" failures="0" skipped="0" tests="3" time="0.0421898365020752">
    <system-out>1..3
ok 1 - Equals
ok 2 - Equals
ok 3 - Equals
</system-out>
    <testcase name="Equals (287)" classname="spec_perl_TestProcessRotate_t" time="0.000275850296020508" />
    <testcase name="Equals (288)" classname="spec_perl_TestProcessRotate_t" time="8.70227813720703e-05" />
    <testcase name="Equals (289)" classname="spec_perl_TestProcessRotate_t" time="5.91278076171875e-05" />
  </testsuite>
  <testsuite name="spec_perl_TestRepeatNStruct_t" errors="0" failures="0" skipped="0" tests="5" time="0.044119119644165">
    <system-out>1..5
ok 1 - Equals
ok 2 - Equals
ok 3 - Equals
ok 4 - Equals
ok 5 - Equals
</system-out>
    <testcase name="Equals (290)" classname="spec_perl_TestRepeatNStruct_t" time="0.000296115875244141" />
    <testcase name="Equals (291)" classname="spec_perl_TestRepeatNStruct_t" time="8.392333984375e-05" />
    <testcase name="Equals (292)" classname="spec_perl_TestRepeatNStruct_t" time="0.0001220703125" />
    <testcase name="Equals (293)" classname="spec_perl_TestRepeatNStruct_t" time="0.000120878219604492" />
    <testcase name="Equals (294)" classname="spec_perl_TestRepeatNStruct_t" time="0.000152111053466797" />
  </testsuite>
  <testsuite name="spec_perl_TestRepeatUntilComplex_t" errors="0" failures="0" skipped="0" tests="17" time="0.0444719791412354">
    <system-out>1..17
ok 1 - Equals
ok 2 - Equals
ok 3 - Equals
ok 4 - Equals
ok 5 - Equals
ok 6 - Equals
ok 7 - Equals
ok 8 - Equals
ok 9 - Equals
ok 10 - Equals
ok 11 - Equals
ok 12 - Equals
ok 13 - Equals
ok 14 - Equals
ok 15 - Equals
ok 16 - Equals
ok 17 - Equals
</system-out>
    <testcase name="Equals (295)" classname="spec_perl_TestRepeatUntilComplex_t" time="0.000282049179077148" />
    <testcase name="Equals (296)" classname="spec_perl_TestRepeatUntilComplex_t" time="8.29696655273438e-05" />
    <testcase name="Equals (297)" classname="spec_perl_TestRepeatUntilComplex_t" time="0.000150918960571289" />
    <testcase name="Equals (298)" classname="spec_perl_TestRepeatUntilComplex_t" time="0.000127077102661133" />
    <testcase name="Equals (299)" classname="spec_perl_TestRepeatUntilComplex_t" time="0.000138998031616211" />
    <testcase name="Equals (300)" classname="spec_perl_TestRepeatUntilComplex_t" time="0.000113964080810547" />
    <testcase name="Equals (301)" classname="spec_perl_TestRepeatUntilComplex_t" time="8.79764556884766e-05" />
    <testcase name="Equals (302)" classname="spec_perl_TestRepeatUntilComplex_t" time="0.000143051147460938" />
    <testcase name="Equals (303)" classname="spec_perl_TestRepeatUntilComplex_t" time="0.000129938125610352" />
    <testcase name="Equals (304)" classname="spec_perl_TestRepeatUntilComplex_t" time="0.000123977661132812" />
    <testcase name="Equals (305)" classname="spec_perl_TestRepeatUntilComplex_t" time="0.000150203704833984" />
    <testcase name="Equals (306)" classname="spec_perl_TestRepeatUntilComplex_t" time="0.000121831893920898" />
    <testcase name="Equals (307)" classname="spec_perl_TestRepeatUntilComplex_t" time="0.000134944915771484" />
    <testcase name="Equals (308)" classname="spec_perl_TestRepeatUntilComplex_t" time="0.000126123428344727" />
    <testcase name="Equals (309)" classname="spec_perl_TestRepeatUntilComplex_t" time="0.000124931335449219" />
    <testcase name="Equals (310)" classname="spec_perl_TestRepeatUntilComplex_t" time="8.60691070556641e-05" />
    <testcase name="Equals (311)" classname="spec_perl_TestRepeatUntilComplex_t" time="0.000140905380249023" />
  </testsuite>
  <testsuite name="spec_perl_TestBufferedStruct_t" errors="0" failures="0" skipped="0" tests="7" time="0.0426011085510254">
    <system-out>1..7
ok 1 - Equals
ok 2 - Equals
ok 3 - Equals
ok 4 - Equals
ok 5 - Equals
ok 6 - Equals
ok 7 - Equals
</system-out>
    <testcase name="Equals (312)" classname="spec_perl_TestBufferedStruct_t" time="0.00049281120300293" />
    <testcase name="Equals (313)" classname="spec_perl_TestBufferedStruct_t" time="0.000110149383544922" />
    <testcase name="Equals (314)" classname="spec_perl_TestBufferedStruct_t" time="5.98430633544922e-05" />
    <testcase name="Equals (315)" classname="spec_perl_TestBufferedStruct_t" time="0.00012516975402832" />
    <testcase name="Equals (316)" classname="spec_perl_TestBufferedStruct_t" time="0.000123023986816406" />
    <testcase name="Equals (317)" classname="spec_perl_TestBufferedStruct_t" time="0.000129938125610352" />
    <testcase name="Equals (318)" classname="spec_perl_TestBufferedStruct_t" time="0.000133037567138672" />
  </testsuite>
  <testsuite name="spec_perl_TestInstanceStdArray_t" errors="0" failures="0" skipped="0" tests="7" time="0.0501420497894287">
    <system-out>1..7
ok 1 - Equals
ok 2 - Equals
ok 3 - Equals
ok 4 - Equals
ok 5 - Equals
ok 6 - Equals
ok 7 - Equals
</system-out>
    <testcase name="Equals (319)" classname="spec_perl_TestInstanceStdArray_t" time="0.000260114669799805" />
    <testcase name="Equals (320)" classname="spec_perl_TestInstanceStdArray_t" time="8.20159912109375e-05" />
    <testcase name="Equals (321)" classname="spec_perl_TestInstanceStdArray_t" time="0.00014495849609375" />
    <testcase name="Equals (322)" classname="spec_perl_TestInstanceStdArray_t" time="0.000150918960571289" />
    <testcase name="Equals (323)" classname="spec_perl_TestInstanceStdArray_t" time="0.000118017196655273" />
    <testcase name="Equals (324)" classname="spec_perl_TestInstanceStdArray_t" time="0.000153064727783203" />
    <testcase name="Equals (325)" classname="spec_perl_TestInstanceStdArray_t" time="0.00014805793762207" />
  </testsuite>
  <testsuite name="spec_perl_TestFloatingPoints_t" errors="0" failures="0" skipped="0" tests="8" time="0.0510308742523193">
    <system-out>1..8
ok 1 - Approx equals
ok 2 - Approx equals
ok 3 - Approx equals
ok 4 - Approx equals
ok 5 - Approx equals
ok 6 - Approx equals
ok 7 - Approx equals
ok 8 - Approx equals
</system-out>
    <testcase name="Approx equals (325)" classname="spec_perl_TestFloatingPoints_t" time="0.000160932540893555" />
    <testcase name="Approx equals (326)" classname="spec_perl_TestFloatingPoints_t" time="5.29289245605469e-05" />
    <testcase name="Approx equals (327)" classname="spec_perl_TestFloatingPoints_t" time="9.10758972167969e-05" />
    <testcase name="Approx equals (328)" classname="spec_perl_TestFloatingPoints_t" time="4.60147857666016e-05" />
    <testcase name="Approx equals (329)" classname="spec_perl_TestFloatingPoints_t" time="4.10079956054688e-05" />
    <testcase name="Approx equals (330)" classname="spec_perl_TestFloatingPoints_t" time="4.1961669921875e-05" />
    <testcase name="Approx equals (331)" classname="spec_perl_TestFloatingPoints_t" time="5.50746917724609e-05" />
    <testcase name="Approx equals (332)" classname="spec_perl_TestFloatingPoints_t" time="3.79085540771484e-05" />
  </testsuite>
  <testsuite name="spec_perl_TestStrCombine_t" errors="0" failures="0" skipped="0" tests="15" time="0.047713041305542">
    <system-out>1..15
ok 1 - Equals
ok 2 - Equals
ok 3 - Equals
ok 4 - Equals
ok 5 - Equals
ok 6 - Equals
ok 7 - Equals
ok 8 - Equals
ok 9 - Equals
ok 10 - Equals
ok 11 - Equals
ok 12 - Equals
ok 13 - Equals
ok 14 - Equals
ok 15 - Equals
</system-out>
    <testcase name="Equals (332)" classname="spec_perl_TestStrCombine_t" time="0.000284910202026367" />
    <testcase name="Equals (333)" classname="spec_perl_TestStrCombine_t" time="8.51154327392578e-05" />
    <testcase name="Equals (334)" classname="spec_perl_TestStrCombine_t" time="5.79357147216797e-05" />
    <testcase name="Equals (335)" classname="spec_perl_TestStrCombine_t" time="0.00014495849609375" />
    <testcase name="Equals (336)" classname="spec_perl_TestStrCombine_t" time="0.000127077102661133" />
    <testcase name="Equals (337)" classname="spec_perl_TestStrCombine_t" time="0.000133037567138672" />
    <testcase name="Equals (338)" classname="spec_perl_TestStrCombine_t" time="0.000119924545288086" />
    <testcase name="Equals (339)" classname="spec_perl_TestStrCombine_t" time="0.000128984451293945" />
    <testcase name="Equals (340)" classname="spec_perl_TestStrCombine_t" time="0.000145912170410156" />
    <testcase name="Equals (341)" classname="spec_perl_TestStrCombine_t" time="0.000118017196655273" />
    <testcase name="Equals (342)" classname="spec_perl_TestStrCombine_t" time="0.000144004821777344" />
    <testcase name="Equals (343)" classname="spec_perl_TestStrCombine_t" time="0.000117063522338867" />
    <testcase name="Equals (344)" classname="spec_perl_TestStrCombine_t" time="0.000150918960571289" />
    <testcase name="Equals (345)" classname="spec_perl_TestStrCombine_t" time="0.000115156173706055" />
    <testcase name="Equals (346)" classname="spec_perl_TestStrCombine_t" time="0.00014495849609375" />
  </testsuite>
  <testsuite name="spec_perl_TestSwitchBytearray_t" errors="0" failures="0" skipped="0" tests="9" time="0.0464880466461182">
    <system-out>1..9
ok 1 - Equals
ok 2 - Equals
ok 3 - Equals
ok 4 - Equals
ok 5 - Equals
ok 6 - Equals
ok 7 - Equals
ok 8 - Equals
ok 9 - Equals
</system-out>
    <testcase name="Equals (347)" classname="spec_perl_TestSwitchBytearray_t" time="0.000294923782348633" />
    <testcase name="Equals (348)" classname="spec_perl_TestSwitchBytearray_t" time="8.0108642578125e-05" />
    <testcase name="Equals (349)" classname="spec_perl_TestSwitchBytearray_t" time="0.000135898590087891" />
    <testcase name="Equals (350)" classname="spec_perl_TestSwitchBytearray_t" time="9.20295715332031e-05" />
    <testcase name="Equals (351)" classname="spec_perl_TestSwitchBytearray_t" time="0.00014495849609375" />
    <testcase name="Equals (352)" classname="spec_perl_TestSwitchBytearray_t" time="0.000115156173706055" />
    <testcase name="Equals (353)" classname="spec_perl_TestSwitchBytearray_t" time="0.000145912170410156" />
    <testcase name="Equals (354)" classname="spec_perl_TestSwitchBytearray_t" time="0.000126123428344727" />
    <testcase name="Equals (355)" classname="spec_perl_TestSwitchBytearray_t" time="0.000116825103759766" />
  </testsuite>
  <testsuite name="spec_perl_TestDebugEnumName_t" errors="1" failures="0" skipped="0" tests="0" time="0.0414080619812012">
    <system-out></system-out>
    <testcase name="Test died too soon, even before plan. (355)" classname="spec_perl_TestDebugEnumName_t" time="0.0414080619812012">
      <failure message="The test suite died before a plan was produced. You need to have a plan." type="Plan">No plan</failure>
    </testcase>
  </testsuite>
  <testsuite name="spec_perl_TestExprStrOps_t" errors="1" failures="0" skipped="0" tests="0" time="0.0410640239715576">
    <system-out></system-out>
    <testcase name="Test died too soon, even before plan. (356)" classname="spec_perl_TestExprStrOps_t" time="0.0410640239715576">
      <failure message="The test suite died before a plan was produced. You need to have a plan." type="Plan">No plan</failure>
    </testcase>
  </testsuite>
  <testsuite name="spec_perl_TestBytesPadTerm_t" errors="0" failures="0" skipped="0" tests="4" time="0.0421969890594482">
    <system-out>1..4
ok 1 - Equals
ok 2 - Equals
ok 3 - Equals
ok 4 - Equals
</system-out>
    <testcase name="Equals (356)" classname="spec_perl_TestBytesPadTerm_t" time="0.000252962112426758" />
    <testcase name="Equals (357)" classname="spec_perl_TestBytesPadTerm_t" time="8.51154327392578e-05" />
    <testcase name="Equals (358)" classname="spec_perl_TestBytesPadTerm_t" time="0.000124931335449219" />
    <testcase name="Equals (359)" classname="spec_perl_TestBytesPadTerm_t" time="0.000123977661132812" />
  </testsuite>
  <testsuite name="spec_perl_TestDebug0_t" errors="0" failures="0" skipped="1" tests="1" time="0.0434439182281494">
    <system-out>1..1
ok 1 # skip test_debug_0
</system-out>
    <testcase name="Unnamed test case 359" classname="spec_perl_TestDebug0_t" time="0.000181913375854492">
      <skipped message="ok 1 # skip test_debug_0" />
    </testcase>
  </testsuite>
  <testsuite name="spec_perl_TestNavParentFalse_t" errors="0" failures="0" skipped="0" tests="5" time="0.0467369556427002">
    <system-out>1..5
ok 1 - Equals
ok 2 - Equals
ok 3 - Equals
ok 4 - Equals
ok 5 - Equals
</system-out>
    <testcase name="Equals (360)" classname="spec_perl_TestNavParentFalse_t" time="0.00034785270690918" />
    <testcase name="Equals (361)" classname="spec_perl_TestNavParentFalse_t" time="9.01222229003906e-05" />
    <testcase name="Equals (362)" classname="spec_perl_TestNavParentFalse_t" time="5.79357147216797e-05" />
    <testcase name="Equals (363)" classname="spec_perl_TestNavParentFalse_t" time="0.000146865844726562" />
    <testcase name="Equals (364)" classname="spec_perl_TestNavParentFalse_t" time="0.000133037567138672" />
  </testsuite>
  <testsuite name="spec_perl_TestExpr0_t" errors="0" failures="0" skipped="0" tests="2" time="0.044201135635376">
    <system-out>1..2
ok 1 - Equals
ok 2 - Equals
</system-out>
    <testcase name="Equals (365)" classname="spec_perl_TestExpr0_t" time="0.000233888626098633" />
    <testcase name="Equals (366)" classname="spec_perl_TestExpr0_t" time="7.60555267333984e-05" />
  </testsuite>
  <testsuite name="spec_perl_TestYamlInts_t" errors="0" failures="0" skipped="0" tests="4" time="0.0534770488739014">
    <system-out>1..4
ok 1 - Equals
ok 2 - Equals
ok 3 - Equals
ok 4 - Equals
</system-out>
    <testcase name="Equals (367)" classname="spec_perl_TestYamlInts_t" time="0.000855922698974609" />
    <testcase name="Equals (368)" classname="spec_perl_TestYamlInts_t" time="0.000550985336303711" />
    <testcase name="Equals (369)" classname="spec_perl_TestYamlInts_t" time="0.000398159027099609" />
    <testcase name="Equals (370)" classname="spec_perl_TestYamlInts_t" time="0.000770807266235352" />
  </testsuite>
  <testsuite name="spec_perl_TestSwitchMultiBoolOps_t" errors="0" failures="0" skipped="0" tests="9" time="0.0465598106384277">
    <system-out>1..9
ok 1 - Equals
ok 2 - Equals
ok 3 - Equals
ok 4 - Equals
ok 5 - Equals
ok 6 - Equals
ok 7 - Equals
ok 8 - Equals
ok 9 - Equals
</system-out>
    <testcase name="Equals (371)" classname="spec_perl_TestSwitchMultiBoolOps_t" time="0.000319004058837891" />
    <testcase name="Equals (372)" classname="spec_perl_TestSwitchMultiBoolOps_t" time="9.01222229003906e-05" />
    <testcase name="Equals (373)" classname="spec_perl_TestSwitchMultiBoolOps_t" time="0.000108957290649414" />
    <testcase name="Equals (374)" classname="spec_perl_TestSwitchMultiBoolOps_t" time="0.000143051147460938" />
    <testcase name="Equals (375)" classname="spec_perl_TestSwitchMultiBoolOps_t" time="0.000119924545288086" />
    <testcase name="Equals (376)" classname="spec_perl_TestSwitchMultiBoolOps_t" time="0.000150918960571289" />
    <testcase name="Equals (377)" classname="spec_perl_TestSwitchMultiBoolOps_t" time="0.000115156173706055" />
    <testcase name="Equals (378)" classname="spec_perl_TestSwitchMultiBoolOps_t" time="0.000147819519042969" />
    <testcase name="Equals (379)" classname="spec_perl_TestSwitchMultiBoolOps_t" time="0.000113964080810547" />
  </testsuite>
  <testsuite name="spec_perl_TestExprBytesCmp_t" errors="0" failures="0" skipped="0" tests="10" time="0.0448520183563232">
    <system-out>1..10
ok 1 - Equals
ok 2 - Equals
ok 3 - Equals
ok 4 - Equals
ok 5 - Equals
ok 6 - Equals
ok 7 - Equals
ok 8 - Equals
ok 9 - Equals
ok 10 - Equals
</system-out>
    <testcase name="Equals (380)" classname="spec_perl_TestExprBytesCmp_t" time="0.000246047973632812" />
    <testcase name="Equals (381)" classname="spec_perl_TestExprBytesCmp_t" time="7.98702239990234e-05" />
    <testcase name="Equals (382)" classname="spec_perl_TestExprBytesCmp_t" time="0.000123023986816406" />
    <testcase name="Equals (383)" classname="spec_perl_TestExprBytesCmp_t" time="0.000163078308105469" />
    <testcase name="Equals (384)" classname="spec_perl_TestExprBytesCmp_t" time="0.000124931335449219" />
    <testcase name="Equals (385)" classname="spec_perl_TestExprBytesCmp_t" time="0.00015711784362793" />
    <testcase name="Equals (386)" classname="spec_perl_TestExprBytesCmp_t" time="0.0001068115234375" />
    <testcase name="Equals (387)" classname="spec_perl_TestExprBytesCmp_t" time="0.000170230865478516" />
    <testcase name="Equals (388)" classname="spec_perl_TestExprBytesCmp_t" time="0.000107765197753906" />
    <testcase name="Equals (389)" classname="spec_perl_TestExprBytesCmp_t" time="0.000163078308105469" />
  </testsuite>
  <testsuite name="spec_perl_TestProcessCoerceUsertype2_t" errors="0" failures="0" skipped="0" tests="4" time="0.0431568622589111">
    <system-out>1..4
ok 1 - Equals
ok 2 - Equals
ok 3 - Equals
ok 4 - Equals
</system-out>
    <testcase name="Equals (390)" classname="spec_perl_TestProcessCoerceUsertype2_t" time="0.000512838363647461" />
    <testcase name="Equals (391)" classname="spec_perl_TestProcessCoerceUsertype2_t" time="0.000101089477539062" />
    <testcase name="Equals (392)" classname="spec_perl_TestProcessCoerceUsertype2_t" time="5.79357147216797e-05" />
    <testcase name="Equals (393)" classname="spec_perl_TestProcessCoerceUsertype2_t" time="0.000153064727783203" />
  </testsuite>
  <testsuite name="spec_perl_TestNestedTypes3_t" errors="0" failures="0" skipped="0" tests="5" time="0.0423929691314697">
    <system-out>1..5
ok 1 - Equals
ok 2 - Equals
ok 3 - Equals
ok 4 - Equals
ok 5 - Equals
</system-out>
    <testcase name="Equals (394)" classname="spec_perl_TestNestedTypes3_t" time="0.000247001647949219" />
    <testcase name="Equals (395)" classname="spec_perl_TestNestedTypes3_t" time="7.89165496826172e-05" />
    <testcase name="Equals (396)" classname="spec_perl_TestNestedTypes3_t" time="9.60826873779297e-05" />
    <testcase name="Equals (397)" classname="spec_perl_TestNestedTypes3_t" time="0.000142812728881836" />
    <testcase name="Equals (398)" classname="spec_perl_TestNestedTypes3_t" time="0.000108003616333008" />
  </testsuite>
  <testsuite name="spec_perl_TestProcessRepeatBytes_t" errors="0" failures="0" skipped="0" tests="2" time="0.0511138439178467">
    <system-out>1..2
ok 1 - Equals
ok 2 - Equals
</system-out>
    <testcase name="Equals (399)" classname="spec_perl_TestProcessRepeatBytes_t" time="0.000298976898193359" />
    <testcase name="Equals (400)" classname="spec_perl_TestProcessRepeatBytes_t" time="8.98838043212891e-05" />
  </testsuite>
  <testsuite name="spec_perl_TestSwitchManualEnum_t" errors="0" failures="0" skipped="0" tests="9" time="0.0483808517456055">
    <system-out>1..9
ok 1 - Equals
ok 2 - Equals
ok 3 - Equals
ok 4 - Equals
ok 5 - Equals
ok 6 - Equals
ok 7 - Equals
ok 8 - Equals
ok 9 - Equals
</system-out>
    <testcase name="Equals (401)" classname="spec_perl_TestSwitchManualEnum_t" time="0.000341892242431641" />
    <testcase name="Equals (402)" classname="spec_perl_TestSwitchManualEnum_t" time="8.91685485839844e-05" />
    <testcase name="Equals (403)" classname="spec_perl_TestSwitchManualEnum_t" time="6.4849853515625e-05" />
    <testcase name="Equals (404)" classname="spec_perl_TestSwitchManualEnum_t" time="0.000154018402099609" />
    <testcase name="Equals (405)" classname="spec_perl_TestSwitchManualEnum_t" time="0.000102996826171875" />
    <testcase name="Equals (406)" classname="spec_perl_TestSwitchManualEnum_t" time="0.000149011611938477" />
    <testcase name="Equals (407)" classname="spec_perl_TestSwitchManualEnum_t" time="0.000113010406494141" />
    <testcase name="Equals (408)" classname="spec_perl_TestSwitchManualEnum_t" time="0.000141143798828125" />
    <testcase name="Equals (409)" classname="spec_perl_TestSwitchManualEnum_t" time="0.000122785568237305" />
  </testsuite>
  <testsuite name="spec_perl_TestExprCalcArrayOps_t" errors="0" failures="1" skipped="17" tests="18" time="0.0656499862670898">
    <system-out>1..18
not ok 1 - test_expr_calc_array_ops died (Can't use string (&quot;1000&quot;) as an ARRAY ref while &quot;strict refs&quot; in use at compiled/perl/ExprCalcArrayOps.pm line 50.)
ok 2 # skip test_expr_calc_array_ops died
ok 3 # skip test_expr_calc_array_ops died
ok 4 # skip test_expr_calc_array_ops died
ok 5 # skip test_expr_calc_array_ops died
ok 6 # skip test_expr_calc_array_ops died
ok 7 # skip test_expr_calc_array_ops died
ok 8 # skip test_expr_calc_array_ops died
ok 9 # skip test_expr_calc_array_ops died
ok 10 # skip test_expr_calc_array_ops died
ok 11 # skip test_expr_calc_array_ops died
ok 12 # skip test_expr_calc_array_ops died
ok 13 # skip test_expr_calc_array_ops died
ok 14 # skip test_expr_calc_array_ops died
ok 15 # skip test_expr_calc_array_ops died
ok 16 # skip test_expr_calc_array_ops died
ok 17 # skip test_expr_calc_array_ops died
ok 18 # skip test_expr_calc_array_ops died
</system-out>
    <testcase name="test_expr_calc_array_ops died (Can't use string (&quot;1000&quot;) as an ARRAY ref while &quot;strict refs&quot; in use at compiled/perl/ExprCalcArrayOps.pm line 50.) (409)" classname="spec_perl_TestExprCalcArrayOps_t" time="0.000841856002807617">
      <failure message="not ok 1 - test_expr_calc_array_ops died (Can't use string (&quot;1000&quot;) as an ARRAY ref while &quot;strict refs&quot; in use at compiled/perl/ExprCalcArrayOps.pm line 50.)" type="TAP::Parser::Result::Test"></failure>
    </testcase>
    <testcase name="Unnamed test case 409" classname="spec_perl_TestExprCalcArrayOps_t" time="0.000987052917480469">
      <skipped message="ok 2 # skip test_expr_calc_array_ops died" />
    </testcase>
    <testcase name="Unnamed test case 410" classname="spec_perl_TestExprCalcArrayOps_t" time="0.000391960144042969">
      <skipped message="ok 3 # skip test_expr_calc_array_ops died" />
    </testcase>
    <testcase name="Unnamed test case 411" classname="spec_perl_TestExprCalcArrayOps_t" time="0.000379085540771484">
      <skipped message="ok 4 # skip test_expr_calc_array_ops died" />
    </testcase>
    <testcase name="Unnamed test case 412" classname="spec_perl_TestExprCalcArrayOps_t" time="0.000369071960449219">
      <skipped message="ok 5 # skip test_expr_calc_array_ops died" />
    </testcase>
    <testcase name="Unnamed test case 413" classname="spec_perl_TestExprCalcArrayOps_t" time="0.00034785270690918">
      <skipped message="ok 6 # skip test_expr_calc_array_ops died" />
    </testcase>
    <testcase name="Unnamed test case 414" classname="spec_perl_TestExprCalcArrayOps_t" time="0.000355005264282227">
      <skipped message="ok 7 # skip test_expr_calc_array_ops died" />
    </testcase>
    <testcase name="Unnamed test case 415" classname="spec_perl_TestExprCalcArrayOps_t" time="0.000357151031494141">
      <skipped message="ok 8 # skip test_expr_calc_array_ops died" />
    </testcase>
    <testcase name="Unnamed test case 416" classname="spec_perl_TestExprCalcArrayOps_t" time="0.000345945358276367">
      <skipped message="ok 9 # skip test_expr_calc_array_ops died" />
    </testcase>
    <testcase name="Unnamed test case 417" classname="spec_perl_TestExprCalcArrayOps_t" time="0.000361919403076172">
      <skipped message="ok 10 # skip test_expr_calc_array_ops died" />
    </testcase>
    <testcase name="Unnamed test case 418" classname="spec_perl_TestExprCalcArrayOps_t" time="0.000384092330932617">
      <skipped message="ok 11 # skip test_expr_calc_array_ops died" />
    </testcase>
    <testcase name="Unnamed test case 419" classname="spec_perl_TestExprCalcArrayOps_t" time="0.000344991683959961">
      <skipped message="ok 12 # skip test_expr_calc_array_ops died" />
    </testcase>
    <testcase name="Unnamed test case 420" classname="spec_perl_TestExprCalcArrayOps_t" time="0.000391960144042969">
      <skipped message="ok 13 # skip test_expr_calc_array_ops died" />
    </testcase>
    <testcase name="Unnamed test case 421" classname="spec_perl_TestExprCalcArrayOps_t" time="0.000349044799804688">
      <skipped message="ok 14 # skip test_expr_calc_array_ops died" />
    </testcase>
    <testcase name="Unnamed test case 422" classname="spec_perl_TestExprCalcArrayOps_t" time="0.000344038009643555">
      <skipped message="ok 15 # skip test_expr_calc_array_ops died" />
    </testcase>
    <testcase name="Unnamed test case 423" classname="spec_perl_TestExprCalcArrayOps_t" time="0.000383853912353516">
      <skipped message="ok 16 # skip test_expr_calc_array_ops died" />
    </testcase>
    <testcase name="Unnamed test case 424" classname="spec_perl_TestExprCalcArrayOps_t" time="0.00036311149597168">
      <skipped message="ok 17 # skip test_expr_calc_array_ops died" />
    </testcase>
    <testcase name="Unnamed test case 425" classname="spec_perl_TestExprCalcArrayOps_t" time="0.000380992889404297">
      <skipped message="ok 18 # skip test_expr_calc_array_ops died" />
    </testcase>
  </testsuite>
  <testsuite name="spec_perl_TestFixedContents_t" errors="1" failures="0" skipped="0" tests="0" time="0.0569281578063965">
    <system-out></system-out>
    <testcase name="Test died too soon, even before plan. (425)" classname="spec_perl_TestFixedContents_t" time="0.0569281578063965">
      <failure message="The test suite died before a plan was produced. You need to have a plan." type="Plan">No plan</failure>
    </testcase>
  </testsuite>
  <testsuite name="spec_perl_TestPositionToEnd_t" errors="0" failures="0" skipped="0" tests="2" time="0.0422458648681641">
    <system-out>1..2
ok 1 - Equals
ok 2 - Equals
</system-out>
    <testcase name="Equals (425)" classname="spec_perl_TestPositionToEnd_t" time="0.000195980072021484" />
    <testcase name="Equals (426)" classname="spec_perl_TestPositionToEnd_t" time="7.10487365722656e-05" />
  </testsuite>
[...]
    <system-out>1..1
ok 1 - Equals
</system-out>
    <testcase name="Equals (639)" classname="spec_perl_TestRepeatEosU4_t" time="0.000295877456665039" />
  </testsuite>
  <testsuite name="spec_perl_TestTypeIntUnaryOp_t" errors="0" failures="0" skipped="0" tests="4" time="0.0421979427337646">
    <system-out>1..4
ok 1 - Equals
ok 2 - Equals
ok 3 - Equals
ok 4 - Equals
</system-out>
    <testcase name="Equals (640)" classname="spec_perl_TestTypeIntUnaryOp_t" time="0.000223875045776367" />
    <testcase name="Equals (641)" classname="spec_perl_TestTypeIntUnaryOp_t" time="8.70227813720703e-05" />
    <testcase name="Equals (642)" classname="spec_perl_TestTypeIntUnaryOp_t" time="0.000128030776977539" />
    <testcase name="Equals (643)" classname="spec_perl_TestTypeIntUnaryOp_t" time="0.000143051147460938" />
  </testsuite>
  <testsuite name="spec_perl_TestRecursiveOne_t" errors="0" failures="0" skipped="0" tests="4" time="0.0452268123626709">
    <system-out>1..4
ok 1 - Equals
ok 2 - Equals
ok 3 - Equals
ok 4 - Equals
</system-out>
    <testcase name="Equals (644)" classname="spec_perl_TestRecursiveOne_t" time="0.000274896621704102" />
    <testcase name="Equals (645)" classname="spec_perl_TestRecursiveOne_t" time="0.000127077102661133" />
    <testcase name="Equals (646)" classname="spec_perl_TestRecursiveOne_t" time="8.51154327392578e-05" />
    <testcase name="Equals (647)" classname="spec_perl_TestRecursiveOne_t" time="0.000165939331054688" />
  </testsuite>
  <testsuite name="spec_perl_TestSwitchManualEnumInvalid_t" errors="0" failures="0" skipped="0" tests="5" time="0.0455310344696045">
    <system-out>1..5
ok 1 - Equals
ok 2 - Equals
ok 3 - nil
ok 4 - Equals
ok 5 - nil
</system-out>
    <testcase name="Equals (648)" classname="spec_perl_TestSwitchManualEnumInvalid_t" time="0.000238895416259766" />
    <testcase name="Equals (649)" classname="spec_perl_TestSwitchManualEnumInvalid_t" time="0.000137090682983398" />
    <testcase name="nil (649)" classname="spec_perl_TestSwitchManualEnumInvalid_t" time="6.58035278320312e-05" />
    <testcase name="Equals (650)" classname="spec_perl_TestSwitchManualEnumInvalid_t" time="5.60283660888672e-05" />
    <testcase name="nil (650)" classname="spec_perl_TestSwitchManualEnumInvalid_t" time="6.60419464111328e-05" />
  </testsuite>
  <testsuite name="spec_perl_TestValidNotParsedIf_t" errors="1" failures="0" skipped="0" tests="0" time="0.0429160594940186">
    <system-out></system-out>
    <testcase name="Test died too soon, even before plan. (650)" classname="spec_perl_TestValidNotParsedIf_t" time="0.0429160594940186">
      <failure message="The test suite died before a plan was produced. You need to have a plan." type="Plan">No plan</failure>
    </testcase>
  </testsuite>
  <testsuite name="spec_perl_TestSwitchManualIntSizeElse_t" errors="0" failures="0" skipped="0" tests="10" time="0.0521998405456543">
    <system-out>1..10
ok 1 - Equals
ok 2 - Equals
ok 3 - Equals
ok 4 - Equals
ok 5 - Equals
ok 6 - Equals
ok 7 - Equals
ok 8 - Equals
ok 9 - Equals
ok 10 - Equals
</system-out>
    <testcase name="Equals (651)" classname="spec_perl_TestSwitchManualIntSizeElse_t" time="0.000890016555786133" />
    <testcase name="Equals (652)" classname="spec_perl_TestSwitchManualIntSizeElse_t" time="0.000118017196655273" />
    <testcase name="Equals (653)" classname="spec_perl_TestSwitchManualIntSizeElse_t" time="5.88893890380859e-05" />
    <testcase name="Equals (654)" classname="spec_perl_TestSwitchManualIntSizeElse_t" time="0.000160932540893555" />
    <testcase name="Equals (655)" classname="spec_perl_TestSwitchManualIntSizeElse_t" time="0.000151157379150391" />
    <testcase name="Equals (656)" classname="spec_perl_TestSwitchManualIntSizeElse_t" time="0.000182867050170898" />
    <testcase name="Equals (657)" classname="spec_perl_TestSwitchManualIntSizeElse_t" time="0.000169038772583008" />
    <testcase name="Equals (658)" classname="spec_perl_TestSwitchManualIntSizeElse_t" time="0.000152111053466797" />
    <testcase name="Equals (659)" classname="spec_perl_TestSwitchManualIntSizeElse_t" time="0.000145912170410156" />
    <testcase name="Equals (660)" classname="spec_perl_TestSwitchManualIntSizeElse_t" time="0.000137090682983398" />
  </testsuite>
  <testsuite name="spec_perl_TestStrEncodingsDefault_t" errors="0" failures="0" skipped="0" tests="4" time="0.0540609359741211">
    <system-out>1..4
ok 1 - Equals
ok 2 - Equals
ok 3 - Equals
ok 4 - Equals
</system-out>
    <testcase name="Equals (661)" classname="spec_perl_TestStrEncodingsDefault_t" time="0.00378012657165527" />
    <testcase name="Equals (662)" classname="spec_perl_TestStrEncodingsDefault_t" time="0.000143051147460938" />
    <testcase name="Equals (663)" classname="spec_perl_TestStrEncodingsDefault_t" time="6.19888305664062e-05" />
    <testcase name="Equals (664)" classname="spec_perl_TestStrEncodingsDefault_t" time="0.000136852264404297" />
  </testsuite>
  <testsuite name="spec_perl_TestSwitchManualIntSizeEos_t" errors="0" failures="0" skipped="0" tests="10" time="0.0513820648193359">
    <system-out>1..10
ok 1 - Equals
ok 2 - Equals
ok 3 - Equals
ok 4 - Equals
ok 5 - Equals
ok 6 - Equals
ok 7 - Equals
ok 8 - Equals
ok 9 - Equals
ok 10 - Equals
</system-out>
    <testcase name="Equals (665)" classname="spec_perl_TestSwitchManualIntSizeEos_t" time="0.000848054885864258" />
    <testcase name="Equals (666)" classname="spec_perl_TestSwitchManualIntSizeEos_t" time="0.000113010406494141" />
    <testcase name="Equals (667)" classname="spec_perl_TestSwitchManualIntSizeEos_t" time="4.79221343994141e-05" />
    <testcase name="Equals (668)" classname="spec_perl_TestSwitchManualIntSizeEos_t" time="6.50882720947266e-05" />
    <testcase name="Equals (669)" classname="spec_perl_TestSwitchManualIntSizeEos_t" time="0.000172853469848633" />
    <testcase name="Equals (670)" classname="spec_perl_TestSwitchManualIntSizeEos_t" time="0.000187158584594727" />
    <testcase name="Equals (671)" classname="spec_perl_TestSwitchManualIntSizeEos_t" time="0.000133991241455078" />
    <testcase name="Equals (672)" classname="spec_perl_TestSwitchManualIntSizeEos_t" time="0.000150918960571289" />
    <testcase name="Equals (673)" classname="spec_perl_TestSwitchManualIntSizeEos_t" time="0.000121116638183594" />
    <testcase name="Equals (674)" classname="spec_perl_TestSwitchManualIntSizeEos_t" time="0.000149965286254883" />
  </testsuite>
  <testsuite name="spec_perl_TestOpaqueExternalType02Parent_t" errors="0" failures="0" skipped="0" tests="3" time="0.0462419986724854">
    <system-out>1..3
ok 1 - Equals
ok 2 - Equals
ok 3 - Equals
</system-out>
    <testcase name="Equals (675)" classname="spec_perl_TestOpaqueExternalType02Parent_t" time="0.000349998474121094" />
    <testcase name="Equals (676)" classname="spec_perl_TestOpaqueExternalType02Parent_t" time="9.20295715332031e-05" />
    <testcase name="Equals (677)" classname="spec_perl_TestOpaqueExternalType02Parent_t" time="5.79357147216797e-05" />
  </testsuite>
  <testsuite name="spec_perl_TestNonStandard_t" errors="0" failures="0" skipped="0" tests="1" time="0.0417690277099609">
    <system-out>1..1
ok 1 - Equals
</system-out>
    <testcase name="Equals (678)" classname="spec_perl_TestNonStandard_t" time="0.000210046768188477" />
  </testsuite>
  <testsuite name="spec_perl_TestStrPadTerm_t" errors="0" failures="0" skipped="0" tests="4" time="0.0498740673065186">
    <system-out>1..4
ok 1 - Equals
ok 2 - Equals
ok 3 - Equals
ok 4 - Equals
</system-out>
    <testcase name="Equals (679)" classname="spec_perl_TestStrPadTerm_t" time="0.000459909439086914" />
    <testcase name="Equals (680)" classname="spec_perl_TestStrPadTerm_t" time="9.51290130615234e-05" />
    <testcase name="Equals (681)" classname="spec_perl_TestStrPadTerm_t" time="7.00950622558594e-05" />
    <testcase name="Equals (682)" classname="spec_perl_TestStrPadTerm_t" time="0.000110864639282227" />
  </testsuite>
  <testsuite name="spec_perl_TestStrPadTermEmpty_t" errors="0" failures="0" skipped="0" tests="4" time="0.0467410087585449">
    <system-out>1..4
ok 1 - Equals
ok 2 - Equals
ok 3 - Equals
ok 4 - Equals
</system-out>
    <testcase name="Equals (683)" classname="spec_perl_TestStrPadTermEmpty_t" time="0.000355958938598633" />
    <testcase name="Equals (684)" classname="spec_perl_TestStrPadTermEmpty_t" time="9.01222229003906e-05" />
    <testcase name="Equals (685)" classname="spec_perl_TestStrPadTermEmpty_t" time="5.79357147216797e-05" />
    <testcase name="Equals (686)" classname="spec_perl_TestStrPadTermEmpty_t" time="0.000138998031616211" />
  </testsuite>
  <testsuite name="spec_perl_TestRepeatEosStruct_t" errors="0" failures="0" skipped="0" tests="5" time="0.0486829280853271">
    <system-out>1..5
ok 1 - Equals
ok 2 - Equals
ok 3 - Equals
ok 4 - Equals
ok 5 - Equals
</system-out>
    <testcase name="Equals (687)" classname="spec_perl_TestRepeatEosStruct_t" time="0.000212907791137695" />
    <testcase name="Equals (688)" classname="spec_perl_TestRepeatEosStruct_t" time="8.29696655273438e-05" />
    <testcase name="Equals (689)" classname="spec_perl_TestRepeatEosStruct_t" time="0.000134944915771484" />
    <testcase name="Equals (690)" classname="spec_perl_TestRepeatEosStruct_t" time="0.000152111053466797" />
    <testcase name="Equals (691)" classname="spec_perl_TestRepeatEosStruct_t" time="0.000104904174804688" />
  </testsuite>
  <testsuite name="spec_perl_TestEofExceptionU4_t" errors="0" failures="0" skipped="0" tests="1" time="0.0470340251922607">
    <system-out>1..1
ok 1 - Died
</system-out>
    <testcase name="Died (691)" classname="spec_perl_TestEofExceptionU4_t" time="0.000190973281860352" />
  </testsuite>
  <testsuite name="spec_perl_TestNavParent_t" errors="0" failures="0" skipped="0" tests="5" time="0.0498499870300293">
    <system-out>1..5
ok 1 - Equals
ok 2 - Equals
ok 3 - Equals
ok 4 - Equals
ok 5 - Equals
</system-out>
    <testcase name="Equals (692)" classname="spec_perl_TestNavParent_t" time="0.000456094741821289" />
    <testcase name="Equals (693)" classname="spec_perl_TestNavParent_t" time="9.58442687988281e-05" />
    <testcase name="Equals (694)" classname="spec_perl_TestNavParent_t" time="5.81741333007812e-05" />
    <testcase name="Equals (695)" classname="spec_perl_TestNavParent_t" time="0.0001678466796875" />
    <testcase name="Equals (696)" classname="spec_perl_TestNavParent_t" time="0.000119924545288086" />
  </testsuite>
  <testsuite name="spec_perl_TestMultipleUse_t" errors="0" failures="0" skipped="0" tests="2" time="0.0508592128753662">
    <system-out>1..2
ok 1 - Equals
ok 2 - Equals
</system-out>
    <testcase name="Equals (697)" classname="spec_perl_TestMultipleUse_t" time="0.000377178192138672" />
    <testcase name="Equals (698)" classname="spec_perl_TestMultipleUse_t" time="8.89301300048828e-05" />
  </testsuite>
  <testsuite name="spec_perl_TestCastNested_t" errors="0" failures="0" skipped="0" tests="4" time="0.0463261604309082">
    <system-out>1..4
ok 1 - Equals
ok 2 - Equals
ok 3 - Equals
ok 4 - Equals
</system-out>
    <testcase name="Equals (699)" classname="spec_perl_TestCastNested_t" time="0.000331878662109375" />
    <testcase name="Equals (700)" classname="spec_perl_TestCastNested_t" time="9.51290130615234e-05" />
    <testcase name="Equals (701)" classname="spec_perl_TestCastNested_t" time="6.79492950439453e-05" />
    <testcase name="Equals (702)" classname="spec_perl_TestCastNested_t" time="0.00014495849609375" />
  </testsuite>
  <testsuite name="spec_perl_TestEnum0_t" errors="0" failures="0" skipped="0" tests="2" time="0.0426490306854248">
    <system-out>1..2
ok 1 - Equals
ok 2 - Equals
</system-out>
    <testcase name="Equals (703)" classname="spec_perl_TestEnum0_t" time="0.00017094612121582" />
    <testcase name="Equals (704)" classname="spec_perl_TestEnum0_t" time="6.91413879394531e-05" />
  </testsuite>
  <testsuite name="spec_perl_TestEnumIntRangeS_t" errors="0" failures="0" skipped="0" tests="3" time="0.0430638790130615">
    <system-out>1..3
ok 1 - Equals
ok 2 - Equals
ok 3 - Equals
</system-out>
    <testcase name="Equals (705)" classname="spec_perl_TestEnumIntRangeS_t" time="0.000159025192260742" />
    <testcase name="Equals (706)" classname="spec_perl_TestEnumIntRangeS_t" time="0.00011897087097168" />
    <testcase name="Equals (707)" classname="spec_perl_TestEnumIntRangeS_t" time="0.000123977661132812" />
  </testsuite>
  <testsuite name="spec_perl_TestExprArray_t" errors="0" failures="1" skipped="0" tests="15" time="0.0489788055419922">
    <system-out>1..15
ok 1 - Equals
ok 2 - Equals
ok 3 - Equals
ok 4 - Equals
ok 5 - Equals
ok 6 - Equals
ok 7 - Equals
ok 8 - Equals
not ok 9 - Equals
ok 10 - Equals
ok 11 - Equals
ok 12 - Equals
ok 13 - Equals
ok 14 - Equals
ok 15 - Equals
</system-out>
    <testcase name="Equals (708)" classname="spec_perl_TestExprArray_t" time="0.000319004058837891" />
    <testcase name="Equals (709)" classname="spec_perl_TestExprArray_t" time="8.392333984375e-05" />
    <testcase name="Equals (710)" classname="spec_perl_TestExprArray_t" time="7.41481781005859e-05" />
    <testcase name="Equals (711)" classname="spec_perl_TestExprArray_t" time="0.000157833099365234" />
    <testcase name="Equals (712)" classname="spec_perl_TestExprArray_t" time="0.000120162963867188" />
    <testcase name="Equals (713)" classname="spec_perl_TestExprArray_t" time="0.000133991241455078" />
    <testcase name="Equals (714)" classname="spec_perl_TestExprArray_t" time="0.000157833099365234" />
    <testcase name="Equals (715)" classname="spec_perl_TestExprArray_t" time="0.000128030776977539" />
    <testcase name="Equals (716)" classname="spec_perl_TestExprArray_t" time="0.000203132629394531">
      <failure message="not ok 9 - Equals" type="TAP::Parser::Result::Test"></failure>
    </testcase>
    <testcase name="Equals (717)" classname="spec_perl_TestExprArray_t" time="0.00352787971496582" />
    <testcase name="Equals (718)" classname="spec_perl_TestExprArray_t" time="0.000132083892822266" />
    <testcase name="Equals (719)" classname="spec_perl_TestExprArray_t" time="4.38690185546875e-05" />
    <testcase name="Equals (720)" classname="spec_perl_TestExprArray_t" time="2.50339508056641e-05" />
    <testcase name="Equals (721)" classname="spec_perl_TestExprArray_t" time="2.31266021728516e-05" />
    <testcase name="Equals (722)" classname="spec_perl_TestExprArray_t" time="2.09808349609375e-05" />
  </testsuite>
  <testsuite name="spec_perl_TestDocstrings_t" errors="0" failures="0" skipped="1" tests="1" time="0.0467901229858398">
    <system-out>1..1
ok 1 # skip Docstrings=HASH(0x147c920)
</system-out>
    <testcase name="Unnamed test case 722" classname="spec_perl_TestDocstrings_t" time="0.00147104263305664">
      <skipped message="ok 1 # skip Docstrings=HASH(0x147c920)" />
    </testcase>
  </testsuite>
  <testsuite name="spec_perl_TestSwitchManualStr_t" errors="0" failures="0" skipped="0" tests="9" time="0.0516669750213623">
    <system-out>1..9
ok 1 - Equals
ok 2 - Equals
ok 3 - Equals
ok 4 - Equals
ok 5 - Equals
ok 6 - Equals
ok 7 - Equals
ok 8 - Equals
ok 9 - Equals
</system-out>
    <testcase name="Equals (723)" classname="spec_perl_TestSwitchManualStr_t" time="0.000411033630371094" />
    <testcase name="Equals (724)" classname="spec_perl_TestSwitchManualStr_t" time="9.58442687988281e-05" />
    <testcase name="Equals (725)" classname="spec_perl_TestSwitchManualStr_t" time="5.91278076171875e-05" />
    <testcase name="Equals (726)" classname="spec_perl_TestSwitchManualStr_t" time="0.000159978866577148" />
    <testcase name="Equals (727)" classname="spec_perl_TestSwitchManualStr_t" time="0.000120878219604492" />
    <testcase name="Equals (728)" classname="spec_perl_TestSwitchManualStr_t" time="0.000143051147460938" />
    <testcase name="Equals (729)" classname="spec_perl_TestSwitchManualStr_t" time="0.000121116638183594" />
    <testcase name="Equals (730)" classname="spec_perl_TestSwitchManualStr_t" time="0.000142812728881836" />
    <testcase name="Equals (731)" classname="spec_perl_TestSwitchManualStr_t" time="0.000121116638183594" />
  </testsuite>
  <testsuite name="spec_perl_TestExpr1_t" errors="0" failures="0" skipped="0" tests="4" time="0.045753002166748">
    <system-out>1..4
ok 1 - Equals
ok 2 - Equals
ok 3 - Equals
ok 4 - Equals
</system-out>
    <testcase name="Equals (732)" classname="spec_perl_TestExpr1_t" time="0.000246047973632812" />
    <testcase name="Equals (733)" classname="spec_perl_TestExpr1_t" time="7.70092010498047e-05" />
    <testcase name="Equals (734)" classname="spec_perl_TestExpr1_t" time="0.000135898590087891" />
    <testcase name="Equals (735)" classname="spec_perl_TestExpr1_t" time="0.000112056732177734" />
  </testsuite>
  <testsuite name="spec_perl_TestExprIoPos_t" errors="0" failures="0" skipped="0" tests="6" time="0.0494999885559082">
    <system-out>1..6
ok 1 - Equals
ok 2 - Equals
ok 3 - Equals
ok 4 - Equals
ok 5 - Equals
ok 6 - Equals
</system-out>
    <testcase name="Equals (736)" classname="spec_perl_TestExprIoPos_t" time="0.000704050064086914" />
    <testcase name="Equals (737)" classname="spec_perl_TestExprIoPos_t" time="9.79900360107422e-05" />
    <testcase name="Equals (738)" classname="spec_perl_TestExprIoPos_t" time="5.91278076171875e-05" />
    <testcase name="Equals (739)" classname="spec_perl_TestExprIoPos_t" time="0.000121831893920898" />
    <testcase name="Equals (740)" classname="spec_perl_TestExprIoPos_t" time="0.00014495849609375" />
    <testcase name="Equals (741)" classname="spec_perl_TestExprIoPos_t" time="0.000127077102661133" />
  </testsuite>
  <testsuite name="spec_perl_TestExprSizeofType0_t" errors="0" failures="0" skipped="0" tests="1" time="0.0416271686553955">
    <system-out>1..1
ok 1 - Equals
</system-out>
    <testcase name="Equals (742)" classname="spec_perl_TestExprSizeofType0_t" time="0.000212907791137695" />
  </testsuite>
  <testsuite name="spec_perl_TestDocstringsDocref_t" errors="0" failures="0" skipped="1" tests="1" time="0.0465908050537109">
    <system-out>1..1
ok 1 # skip DocstringsDocref=HASH(0x160c870)
</system-out>
    <testcase name="Unnamed test case 742" classname="spec_perl_TestDocstringsDocref_t" time="0.00146484375">
      <skipped message="ok 1 # skip DocstringsDocref=HASH(0x160c870)" />
    </testcase>
  </testsuite>
  <testsuite name="spec_perl_TestNavRoot_t" errors="0" failures="0" skipped="0" tests="5" time="0.0461828708648682">
    <system-out>1..5
ok 1 - Equals
ok 2 - Equals
ok 3 - Equals
ok 4 - Equals
ok 5 - Equals
</system-out>
    <testcase name="Equals (743)" classname="spec_perl_TestNavRoot_t" time="0.0002899169921875" />
    <testcase name="Equals (744)" classname="spec_perl_TestNavRoot_t" time="8.51154327392578e-05" />
    <testcase name="Equals (745)" classname="spec_perl_TestNavRoot_t" time="0.000105857849121094" />
    <testcase name="Equals (746)" classname="spec_perl_TestNavRoot_t" time="0.000139951705932617" />
    <testcase name="Equals (747)" classname="spec_perl_TestNavRoot_t" time="0.000114202499389648" />
  </testsuite>
  <testsuite name="spec_perl_TestSwitchIntegers2_t" errors="0" failures="0" skipped="0" tests="5" time="0.0669479370117188">
    <system-out>1..5
ok 1 - Equals
ok 2 - Equals
ok 3 - Equals
ok 4 - Equals
ok 5 - Equals
</system-out>
    <testcase name="Equals (748)" classname="spec_perl_TestSwitchIntegers2_t" time="0.000271081924438477" />
    <testcase name="Equals (749)" classname="spec_perl_TestSwitchIntegers2_t" time="8.20159912109375e-05" />
    <testcase name="Equals (750)" classname="spec_perl_TestSwitchIntegers2_t" time="0.000115871429443359" />
    <testcase name="Equals (751)" classname="spec_perl_TestSwitchIntegers2_t" time="0.000166177749633789" />
    <testcase name="Equals (752)" classname="spec_perl_TestSwitchIntegers2_t" time="0.00026392936706543" />
  </testsuite>
</testsuites>
