<?xml version='1.0' encoding='utf-8'?>
<testsuites>
  <testsuite name="spec_perl_TestValidShort_t" errors="0" failures="0" skipped="1" tests="1" time="0.0359799861907959">
    <system-out>1..1
ok 1 # skip ValidShort=HASH(0x5631175ff6e0)
</system-out>
    <testcase name="Unnamed test case 1" classname="spec_perl_TestValidShort_t" time="0.00148797035217285">
      <skipped message="ok 1 # skip ValidShort=HASH(0x5631175ff6e0)" />
    </testcase>
  </testsuite>
  <testsuite name="spec_perl_TestExprStrEncodings_t" errors="0" failures="0" skipped="0" tests="7" time="0.0334670543670654">
    <system-out>1..7
ok 1 - Equals
ok 2 - Equals
ok 3 - Equals
ok 4 - Equals
ok 5 - Equals
ok 6 - Equals
ok 7 - Equals
</system-out>
    <testcase name="Equals" classname="spec_perl_TestExprStrEncodings_t" time="0.00425100326538086" />
    <testcase name="Equals (2)" classname="spec_perl_TestExprStrEncodings_t" time="9.32216644287109e-05" />
    <testcase name="Equals (3)" classname="spec_perl_TestExprStrEncodings_t" time="5.29289245605469e-05" />
    <testcase name="Equals (4)" classname="spec_perl_TestExprStrEncodings_t" time="4.50611114501953e-05" />
    <testcase name="Equals (5)" classname="spec_perl_TestExprStrEncodings_t" time="6.89029693603516e-05" />
    <testcase name="Equals (6)" classname="spec_perl_TestExprStrEncodings_t" time="4.41074371337891e-05" />
    <testcase name="Equals (7)" classname="spec_perl_TestExprStrEncodings_t" time="4.07695770263672e-05" />
  </testsuite>
  <testsuite name="spec_perl_TestTermBytes_t" errors="0" failures="0" skipped="0" tests="3" time="0.029857873916626">
    <system-out>1..3
ok 1 - Equals
ok 2 - Equals
ok 3 - Equals
</system-out>
    <testcase name="Equals (8)" classname="spec_perl_TestTermBytes_t" time="0.00113010406494141" />
    <testcase name="Equals (9)" classname="spec_perl_TestTermBytes_t" time="7.70092010498047e-05" />
    <testcase name="Equals (10)" classname="spec_perl_TestTermBytes_t" time="4.69684600830078e-05" />
  </testsuite>
  <testsuite name="spec_perl_TestTypeIntUnaryOp_t" errors="0" failures="0" skipped="0" tests="4" time="0.0285100936889648">
    <system-out>1..4
ok 1 - Equals
ok 2 - Equals
ok 3 - Equals
ok 4 - Equals
</system-out>
    <testcase name="Equals (11)" classname="spec_perl_TestTypeIntUnaryOp_t" time="0.00124096870422363" />
    <testcase name="Equals (12)" classname="spec_perl_TestTypeIntUnaryOp_t" time="9.98973846435547e-05" />
    <testcase name="Equals (13)" classname="spec_perl_TestTypeIntUnaryOp_t" time="7.41481781005859e-05" />
    <testcase name="Equals (14)" classname="spec_perl_TestTypeIntUnaryOp_t" time="7.70092010498047e-05" />
  </testsuite>
  <testsuite name="spec_perl_TestTermStrz_t" errors="0" failures="0" skipped="0" tests="3" time="0.0322840213775635">
    <system-out>1..3
ok 1 - Equals
ok 2 - Equals
ok 3 - Equals
</system-out>
    <testcase name="Equals (15)" classname="spec_perl_TestTermStrz_t" time="0.00136303901672363" />
    <testcase name="Equals (16)" classname="spec_perl_TestTermStrz_t" time="8.70227813720703e-05" />
    <testcase name="Equals (17)" classname="spec_perl_TestTermStrz_t" time="8.08238983154297e-05" />
  </testsuite>
  <testsuite name="spec_perl_TestBitsSignedResB32Le_t" errors="0" failures="0" skipped="0" tests="1" time="0.0284969806671143">
    <system-out>1..1
ok 1 - Equals
</system-out>
    <testcase name="Equals (18)" classname="spec_perl_TestBitsSignedResB32Le_t" time="0.00119996070861816" />
  </testsuite>
  <testsuite name="spec_perl_TestInstanceStd_t" errors="0" failures="0" skipped="0" tests="1" time="0.03090500831604">
    <system-out>1..1
ok 1 - Equals
</system-out>
    <testcase name="Equals (19)" classname="spec_perl_TestInstanceStd_t" time="0.00133991241455078" />
  </testsuite>
  <testsuite name="spec_perl_TestProcessCustom_t" errors="1" failures="0" skipped="0" tests="0" time="0.0252220630645752">
    <system-out></system-out>
    <testcase name="Test died too soon, even before plan. (19)" classname="spec_perl_TestProcessCustom_t" time="0.0252220630645752">
      <failure message="The test suite died before a plan was produced. You need to have a plan." type="Plan">No plan</failure>
    </testcase>
  </testsuite>
  <testsuite name="spec_perl_TestTypeTernary_t" errors="0" failures="0" skipped="0" tests="1" time="0.0288832187652588">
    <system-out>1..1
ok 1 - Equals
</system-out>
    <testcase name="Equals (20)" classname="spec_perl_TestTypeTernary_t" time="0.00164508819580078" />
  </testsuite>
  <testsuite name="spec_perl_TestParamsPassArrayStr_t" errors="0" failures="1" skipped="6" tests="7" time="0.0303847789764404">
    <system-out>1..7
not ok 1 - test_params_pass_array_str died (Can't use an undefined value as an ARRAY reference at spec/perl/TestParamsPassArrayStr.t line 14.)
ok 2 # skip test_params_pass_array_str died
ok 3 # skip test_params_pass_array_str died
ok 4 # skip test_params_pass_array_str died
ok 5 # skip test_params_pass_array_str died
ok 6 # skip test_params_pass_array_str died
ok 7 # skip test_params_pass_array_str died
</system-out>
    <testcase name="test_params_pass_array_str died (Can't use an undefined value as an ARRAY reference at spec/perl/TestParamsPassArrayStr.t line 14.) (20)" classname="spec_perl_TestParamsPassArrayStr_t" time="0.00123882293701172">
      <failure message="not ok 1 - test_params_pass_array_str died (Can't use an undefined value as an ARRAY reference at spec/perl/TestParamsPassArrayStr.t line 14.)" type="TAP::Parser::Result::Test"></failure>
    </testcase>
    <testcase name="Unnamed test case 20" classname="spec_perl_TestParamsPassArrayStr_t" time="0.000135183334350586">
      <skipped message="ok 2 # skip test_params_pass_array_str died" />
    </testcase>
    <testcase name="Unnamed test case 21" classname="spec_perl_TestParamsPassArrayStr_t" time="8.08238983154297e-05">
      <skipped message="ok 3 # skip test_params_pass_array_str died" />
    </testcase>
    <testcase name="Unnamed test case 22" classname="spec_perl_TestParamsPassArrayStr_t" time="6.00814819335938e-05">
      <skipped message="ok 4 # skip test_params_pass_array_str died" />
    </testcase>
    <testcase name="Unnamed test case 23" classname="spec_perl_TestParamsPassArrayStr_t" time="5.50746917724609e-05">
      <skipped message="ok 5 # skip test_params_pass_array_str died" />
    </testcase>
    <testcase name="Unnamed test case 24" classname="spec_perl_TestParamsPassArrayStr_t" time="5.48362731933594e-05">
      <skipped message="ok 6 # skip test_params_pass_array_str died" />
    </testcase>
    <testcase name="Unnamed test case 25" classname="spec_perl_TestParamsPassArrayStr_t" time="5.31673431396484e-05">
      <skipped message="ok 7 # skip test_params_pass_array_str died" />
    </testcase>
  </testsuite>
  <testsuite name="spec_perl_TestImports0_t" errors="0" failures="0" skipped="0" tests="3" time="0.0311329364776611">
    <system-out>1..3
ok 1 - Equals
ok 2 - Equals
ok 3 - Equals
</system-out>
    <testcase name="Equals (25)" classname="spec_perl_TestImports0_t" time="0.00121903419494629" />
    <testcase name="Equals (26)" classname="spec_perl_TestImports0_t" time="0.000117063522338867" />
    <testcase name="Equals (27)" classname="spec_perl_TestImports0_t" time="6.98566436767578e-05" />
  </testsuite>
  <testsuite name="spec_perl_TestFixedContents_t" errors="0" failures="0" skipped="1" tests="1" time="0.027432918548584">
    <system-out>1..1
ok 1 # skip FixedContents=HASH(0x55731c8b4930)
</system-out>
    <testcase name="Unnamed test case 27" classname="spec_perl_TestFixedContents_t" time="0.00108194351196289">
      <skipped message="ok 1 # skip FixedContents=HASH(0x55731c8b4930)" />
    </testcase>
  </testsuite>
  <testsuite name="spec_perl_TestSwitchManualIntSizeEos_t" errors="0" failures="0" skipped="0" tests="10" time="0.0340261459350586">
    <system-out>1..10
ok 1 - Equals
ok 2 - Equals
ok 3 - Equals
ok 4 - Equals
ok 5 - Equals
ok 6 - Equals
ok 7 - Equals
ok 8 - Equals
ok 9 - Equals
ok 10 - Equals
</system-out>
    <testcase name="Equals (28)" classname="spec_perl_TestSwitchManualIntSizeEos_t" time="0.00156617164611816" />
    <testcase name="Equals (29)" classname="spec_perl_TestSwitchManualIntSizeEos_t" time="7.58171081542969e-05" />
    <testcase name="Equals (30)" classname="spec_perl_TestSwitchManualIntSizeEos_t" time="5.50746917724609e-05" />
    <testcase name="Equals (31)" classname="spec_perl_TestSwitchManualIntSizeEos_t" time="4.79221343994141e-05" />
    <testcase name="Equals (32)" classname="spec_perl_TestSwitchManualIntSizeEos_t" time="4.41074371337891e-05" />
    <testcase name="Equals (33)" classname="spec_perl_TestSwitchManualIntSizeEos_t" time="0.000123023986816406" />
    <testcase name="Equals (34)" classname="spec_perl_TestSwitchManualIntSizeEos_t" time="7.39097595214844e-05" />
    <testcase name="Equals (35)" classname="spec_perl_TestSwitchManualIntSizeEos_t" time="7.20024108886719e-05" />
    <testcase name="Equals (36)" classname="spec_perl_TestSwitchManualIntSizeEos_t" time="8.10623168945312e-05" />
    <testcase name="Equals (37)" classname="spec_perl_TestSwitchManualIntSizeEos_t" time="6.60419464111328e-05" />
  </testsuite>
  <testsuite name="spec_perl_TestEnumIntRangeS_t" errors="0" failures="0" skipped="0" tests="3" time="0.0259521007537842">
    <system-out>1..3
ok 1 - Equals
ok 2 - Equals
ok 3 - Equals
</system-out>
    <testcase name="Equals (38)" classname="spec_perl_TestEnumIntRangeS_t" time="0.000999212265014648" />
    <testcase name="Equals (39)" classname="spec_perl_TestEnumIntRangeS_t" time="5.69820404052734e-05" />
    <testcase name="Equals (40)" classname="spec_perl_TestEnumIntRangeS_t" time="5.19752502441406e-05" />
  </testsuite>
  <testsuite name="spec_perl_TestEnumIf_t" errors="0" failures="0" skipped="0" tests="7" time="0.0292589664459229">
    <system-out>1..7
ok 1 - Equals
ok 2 - Equals
ok 3 - Equals
ok 4 - Equals
ok 5 - Equals
ok 6 - Equals
ok 7 - Equals
</system-out>
    <testcase name="Equals (41)" classname="spec_perl_TestEnumIf_t" time="0.00148200988769531" />
    <testcase name="Equals (42)" classname="spec_perl_TestEnumIf_t" time="8.98838043212891e-05" />
    <testcase name="Equals (43)" classname="spec_perl_TestEnumIf_t" time="9.41753387451172e-05" />
    <testcase name="Equals (44)" classname="spec_perl_TestEnumIf_t" time="6.79492950439453e-05" />
    <testcase name="Equals (45)" classname="spec_perl_TestEnumIf_t" time="5.60283660888672e-05" />
    <testcase name="Equals (46)" classname="spec_perl_TestEnumIf_t" time="5.38825988769531e-05" />
    <testcase name="Equals (47)" classname="spec_perl_TestEnumIf_t" time="5.19752502441406e-05" />
  </testsuite>
  <testsuite name="spec_perl_TestExprArray_t" errors="0" failures="1" skipped="0" tests="15" time="0.0327291488647461">
    <system-out>1..15
ok 1 - Equals
ok 2 - Equals
ok 3 - Equals
ok 4 - Equals
ok 5 - Equals
ok 6 - Equals
ok 7 - Approx equals
ok 8 - Approx equals
not ok 9 - Approx equals
ok 10 - Approx equals
ok 11 - Equals
ok 12 - Equals
ok 13 - Equals
ok 14 - Equals
ok 15 - Equals
</system-out>
    <testcase name="Equals (48)" classname="spec_perl_TestExprArray_t" time="0.00120210647583008" />
    <testcase name="Equals (49)" classname="spec_perl_TestExprArray_t" time="6.19888305664062e-05" />
    <testcase name="Equals (50)" classname="spec_perl_TestExprArray_t" time="5.00679016113281e-05" />
    <testcase name="Equals (51)" classname="spec_perl_TestExprArray_t" time="6.89029693603516e-05" />
    <testcase name="Equals (52)" classname="spec_perl_TestExprArray_t" time="6.89029693603516e-05" />
    <testcase name="Equals (53)" classname="spec_perl_TestExprArray_t" time="6.50882720947266e-05" />
    <testcase name="Approx equals (53)" classname="spec_perl_TestExprArray_t" time="4.10079956054688e-05" />
    <testcase name="Approx equals (54)" classname="spec_perl_TestExprArray_t" time="3.79085540771484e-05" />
    <testcase name="Approx equals (55)" classname="spec_perl_TestExprArray_t" time="6.91413879394531e-05">
      <failure message="not ok 9 - Approx equals" type="TAP::Parser::Result::Test"></failure>
    </testcase>
    <testcase name="Approx equals (56)" classname="spec_perl_TestExprArray_t" time="0.000519990921020508" />
    <testcase name="Equals (56)" classname="spec_perl_TestExprArray_t" time="0.00020599365234375" />
    <testcase name="Equals (57)" classname="spec_perl_TestExprArray_t" time="5.29289245605469e-05" />
    <testcase name="Equals (58)" classname="spec_perl_TestExprArray_t" time="3.19480895996094e-05" />
    <testcase name="Equals (59)" classname="spec_perl_TestExprArray_t" time="3.814697265625e-05" />
    <testcase name="Equals (60)" classname="spec_perl_TestExprArray_t" time="3.09944152832031e-05" />
  </testsuite>
  <testsuite name="spec_perl_TestImportsAbs_t" errors="0" failures="0" skipped="0" tests="2" time="0.0283079147338867">
    <system-out>1..2
ok 1 - Equals
ok 2 - Equals
</system-out>
    <testcase name="Equals (61)" classname="spec_perl_TestImportsAbs_t" time="0.0010521411895752" />
    <testcase name="Equals (62)" classname="spec_perl_TestImportsAbs_t" time="8.67843627929688e-05" />
  </testsuite>
  <testsuite name="spec_perl_TestBitsEnum_t" errors="0" failures="0" skipped="0" tests="3" time="0.0291709899902344">
    <system-out>1..3
ok 1 - Equals
ok 2 - Equals
ok 3 - Equals
</system-out>
    <testcase name="Equals (63)" classname="spec_perl_TestBitsEnum_t" time="0.00176000595092773" />
    <testcase name="Equals (64)" classname="spec_perl_TestBitsEnum_t" time="9.29832458496094e-05" />
    <testcase name="Equals (65)" classname="spec_perl_TestBitsEnum_t" time="9.01222229003906e-05" />
  </testsuite>
  <testsuite name="spec_perl_TestIfInstances_t" errors="0" failures="0" skipped="0" tests="1" time="0.0306479930877686">
    <system-out>1..1
ok 1 - nil
</system-out>
    <testcase name="nil (65)" classname="spec_perl_TestIfInstances_t" time="0.00107407569885254" />
  </testsuite>
  <testsuite name="spec_perl_TestIntegersDoubleOverflow_t" errors="0" failures="0" skipped="0" tests="8" time="0.0286250114440918">
    <system-out>1..8
ok 1 - Equals
ok 2 - Equals
ok 3 - Equals
ok 4 - Equals
ok 5 - Equals
ok 6 - Equals
ok 7 - Equals
ok 8 - Equals
</system-out>
    <testcase name="Equals (66)" classname="spec_perl_TestIntegersDoubleOverflow_t" time="0.00115084648132324" />
    <testcase name="Equals (67)" classname="spec_perl_TestIntegersDoubleOverflow_t" time="6.72340393066406e-05" />
    <testcase name="Equals (68)" classname="spec_perl_TestIntegersDoubleOverflow_t" time="5.07831573486328e-05" />
    <testcase name="Equals (69)" classname="spec_perl_TestIntegersDoubleOverflow_t" time="5.41210174560547e-05" />
    <testcase name="Equals (70)" classname="spec_perl_TestIntegersDoubleOverflow_t" time="4.79221343994141e-05" />
    <testcase name="Equals (71)" classname="spec_perl_TestIntegersDoubleOverflow_t" time="7.70092010498047e-05" />
    <testcase name="Equals (72)" classname="spec_perl_TestIntegersDoubleOverflow_t" time="6.91413879394531e-05" />
    <testcase name="Equals (73)" classname="spec_perl_TestIntegersDoubleOverflow_t" time="7.08103179931641e-05" />
  </testsuite>
  <testsuite name="spec_perl_TestEnumLongRangeS_t" errors="0" failures="0" skipped="0" tests="7" time="0.0278019905090332">
    <system-out>1..7
ok 1 - Equals
ok 2 - Equals
ok 3 - Equals
ok 4 - Equals
ok 5 - Equals
ok 6 - Equals
ok 7 - Equals
</system-out>
    <testcase name="Equals (74)" classname="spec_perl_TestEnumLongRangeS_t" time="0.00100898742675781" />
    <testcase name="Equals (75)" classname="spec_perl_TestEnumLongRangeS_t" time="5.69820404052734e-05" />
    <testcase name="Equals (76)" classname="spec_perl_TestEnumLongRangeS_t" time="4.29153442382812e-05" />
    <testcase name="Equals (77)" classname="spec_perl_TestEnumLongRangeS_t" time="4.10079956054688e-05" />
    <testcase name="Equals (78)" classname="spec_perl_TestEnumLongRangeS_t" time="3.91006469726562e-05" />
    <testcase name="Equals (79)" classname="spec_perl_TestEnumLongRangeS_t" time="4.10079956054688e-05" />
    <testcase name="Equals (80)" classname="spec_perl_TestEnumLongRangeS_t" time="3.91006469726562e-05" />
  </testsuite>
  <testsuite name="spec_perl_TestDocstringsDocrefMulti_t" errors="0" failures="0" skipped="1" tests="1" time="0.0260570049285889">
    <system-out>1..1
ok 1 # skip DocstringsDocrefMulti=HASH(0x555a54b0d2e8)
</system-out>
    <testcase name="Unnamed test case 80" classname="spec_perl_TestDocstringsDocrefMulti_t" time="0.00114107131958008">
      <skipped message="ok 1 # skip DocstringsDocrefMulti=HASH(0x555a54b0d2e8)" />
    </testcase>
  </testsuite>
  <testsuite name="spec_perl_TestEnumOfValueInst_t" errors="0" failures="0" skipped="0" tests="4" time="0.0269358158111572">
    <system-out>1..4
ok 1 - Equals
ok 2 - Equals
ok 3 - Equals
ok 4 - Equals
</system-out>
    <testcase name="Equals (81)" classname="spec_perl_TestEnumOfValueInst_t" time="0.00126004219055176" />
    <testcase name="Equals (82)" classname="spec_perl_TestEnumOfValueInst_t" time="5.60283660888672e-05" />
    <testcase name="Equals (83)" classname="spec_perl_TestEnumOfValueInst_t" time="6.89029693603516e-05" />
    <testcase name="Equals (84)" classname="spec_perl_TestEnumOfValueInst_t" time="5.7220458984375e-05" />
  </testsuite>
  <testsuite name="spec_perl_TestSwitchManualEnum_t" errors="0" failures="0" skipped="0" tests="9" time="0.0346100330352783">
    <system-out>1..9
ok 1 - Equals
ok 2 - Equals
ok 3 - Equals
ok 4 - Equals
ok 5 - Equals
ok 6 - Equals
ok 7 - Equals
ok 8 - Equals
ok 9 - Equals
</system-out>
    <testcase name="Equals (85)" classname="spec_perl_TestSwitchManualEnum_t" time="0.00148987770080566" />
    <testcase name="Equals (86)" classname="spec_perl_TestSwitchManualEnum_t" time="0.000107049942016602" />
    <testcase name="Equals (87)" classname="spec_perl_TestSwitchManualEnum_t" time="0.000105857849121094" />
    <testcase name="Equals (88)" classname="spec_perl_TestSwitchManualEnum_t" time="6.60419464111328e-05" />
    <testcase name="Equals (89)" classname="spec_perl_TestSwitchManualEnum_t" time="6.00814819335938e-05" />
    <testcase name="Equals (90)" classname="spec_perl_TestSwitchManualEnum_t" time="6.00814819335938e-05" />
    <testcase name="Equals (91)" classname="spec_perl_TestSwitchManualEnum_t" time="5.88893890380859e-05" />
    <testcase name="Equals (92)" classname="spec_perl_TestSwitchManualEnum_t" time="6.60419464111328e-05" />
    <testcase name="Equals (93)" classname="spec_perl_TestSwitchManualEnum_t" time="7.89165496826172e-05" />
  </testsuite>
  <testsuite name="spec_perl_TestExprBytesCmp_t" errors="0" failures="0" skipped="0" tests="10" time="0.0290830135345459">
    <system-out>1..10
ok 1 - Equals
ok 2 - Equals
ok 3 - Equals
ok 4 - Equals
ok 5 - Equals
ok 6 - Equals
ok 7 - Equals
ok 8 - Equals
ok 9 - Equals
ok 10 - Equals
</system-out>
    <testcase name="Equals (94)" classname="spec_perl_TestExprBytesCmp_t" time="0.00109100341796875" />
    <testcase name="Equals (95)" classname="spec_perl_TestExprBytesCmp_t" time="5.19752502441406e-05" />
    <testcase name="Equals (96)" classname="spec_perl_TestExprBytesCmp_t" time="3.79085540771484e-05" />
    <testcase name="Equals (97)" classname="spec_perl_TestExprBytesCmp_t" time="6.29425048828125e-05" />
    <testcase name="Equals (98)" classname="spec_perl_TestExprBytesCmp_t" time="6.91413879394531e-05" />
    <testcase name="Equals (99)" classname="spec_perl_TestExprBytesCmp_t" time="5.38825988769531e-05" />
    <testcase name="Equals (100)" classname="spec_perl_TestExprBytesCmp_t" time="5.60283660888672e-05" />
    <testcase name="Equals (101)" classname="spec_perl_TestExprBytesCmp_t" time="5.60283660888672e-05" />
    <testcase name="Equals (102)" classname="spec_perl_TestExprBytesCmp_t" time="5.60283660888672e-05" />
    <testcase name="Equals (103)" classname="spec_perl_TestExprBytesCmp_t" time="5.79357147216797e-05" />
  </testsuite>
  <testsuite name="spec_perl_TestNavParentSwitchCast_t" errors="0" failures="0" skipped="0" tests="3" time="0.0276901721954346">
    <system-out>1..3
ok 1 - Equals
ok 2 - Equals
ok 3 - Equals
</system-out>
    <testcase name="Equals (104)" classname="spec_perl_TestNavParentSwitchCast_t" time="0.00157880783081055" />
    <testcase name="Equals (105)" classname="spec_perl_TestNavParentSwitchCast_t" time="7.31945037841797e-05" />
    <testcase name="Equals (106)" classname="spec_perl_TestNavParentSwitchCast_t" time="5.79357147216797e-05" />
  </testsuite>
  <testsuite name="spec_perl_TestSwitchManualIntElse_t" errors="0" failures="0" skipped="0" tests="9" time="0.0318269729614258">
    <system-out>1..9
ok 1 - Equals
ok 2 - Equals
ok 3 - Equals
ok 4 - Equals
ok 5 - Equals
ok 6 - Equals
ok 7 - Equals
ok 8 - Equals
ok 9 - Equals
</system-out>
    <testcase name="Equals (107)" classname="spec_perl_TestSwitchManualIntElse_t" time="0.00127792358398438" />
    <testcase name="Equals (108)" classname="spec_perl_TestSwitchManualIntElse_t" time="8.0108642578125e-05" />
    <testcase name="Equals (109)" classname="spec_perl_TestSwitchManualIntElse_t" time="6.38961791992188e-05" />
    <testcase name="Equals (110)" classname="spec_perl_TestSwitchManualIntElse_t" time="6.79492950439453e-05" />
    <testcase name="Equals (111)" classname="spec_perl_TestSwitchManualIntElse_t" time="5.81741333007812e-05" />
    <testcase name="Equals (112)" classname="spec_perl_TestSwitchManualIntElse_t" time="5.60283660888672e-05" />
    <testcase name="Equals (113)" classname="spec_perl_TestSwitchManualIntElse_t" time="5.57899475097656e-05" />
    <testcase name="Equals (114)" classname="spec_perl_TestSwitchManualIntElse_t" time="5.41210174560547e-05" />
    <testcase name="Equals (115)" classname="spec_perl_TestSwitchManualIntElse_t" time="5.38825988769531e-05" />
  </testsuite>
  <testsuite name="spec_perl_TestProcessXor4Const_t" errors="0" failures="0" skipped="0" tests="2" time="0.0315608978271484">
    <system-out>1..2
ok 1 - Equals
ok 2 - Equals
</system-out>
    <testcase name="Equals (116)" classname="spec_perl_TestProcessXor4Const_t" time="0.00124382972717285" />
    <testcase name="Equals (117)" classname="spec_perl_TestProcessXor4Const_t" time="0.000105142593383789" />
  </testsuite>
  <testsuite name="spec_perl_TestExpr1_t" errors="0" failures="0" skipped="0" tests="4" time="0.0310959815979004">
    <system-out>1..4
ok 1 - Equals
ok 2 - Equals
ok 3 - Equals
ok 4 - Equals
</system-out>
    <testcase name="Equals (118)" classname="spec_perl_TestExpr1_t" time="0.00103521347045898" />
    <testcase name="Equals (119)" classname="spec_perl_TestExpr1_t" time="8.17775726318359e-05" />
    <testcase name="Equals (120)" classname="spec_perl_TestExpr1_t" time="6.81877136230469e-05" />
    <testcase name="Equals (121)" classname="spec_perl_TestExpr1_t" time="6.38961791992188e-05" />
  </testsuite>
  <testsuite name="spec_perl_TestBcdUserTypeLe_t" errors="0" failures="0" skipped="0" tests="6" time="0.0322020053863525">
    <system-out>1..6
ok 1 - Equals
ok 2 - Equals
ok 3 - Equals
ok 4 - Equals
ok 5 - Equals
ok 6 - Equals
</system-out>
    <testcase name="Equals (122)" classname="spec_perl_TestBcdUserTypeLe_t" time="0.00169205665588379" />
    <testcase name="Equals (123)" classname="spec_perl_TestBcdUserTypeLe_t" time="0.000121831893920898" />
    <testcase name="Equals (124)" classname="spec_perl_TestBcdUserTypeLe_t" time="6.50882720947266e-05" />
    <testcase name="Equals (125)" classname="spec_perl_TestBcdUserTypeLe_t" time="5.60283660888672e-05" />
    <testcase name="Equals (126)" classname="spec_perl_TestBcdUserTypeLe_t" time="7.60555267333984e-05" />
    <testcase name="Equals (127)" classname="spec_perl_TestBcdUserTypeLe_t" time="5.48362731933594e-05" />
  </testsuite>
  <testsuite name="spec_perl_TestNavParentFalse2_t" errors="0" failures="0" skipped="0" tests="1" time="0.0303559303283691">
    <system-out>1..1
ok 1 - Equals
</system-out>
    <testcase name="Equals (128)" classname="spec_perl_TestNavParentFalse2_t" time="0.00107407569885254" />
  </testsuite>
  <testsuite name="spec_perl_TestProcessCoerceBytes_t" errors="0" failures="0" skipped="0" tests="4" time="0.0287320613861084">
    <system-out>1..4
ok 1 - Equals
ok 2 - Equals
ok 3 - Equals
ok 4 - Equals
</system-out>
    <testcase name="Equals (129)" classname="spec_perl_TestProcessCoerceBytes_t" time="0.00121283531188965" />
    <testcase name="Equals (130)" classname="spec_perl_TestProcessCoerceBytes_t" time="8.41617584228516e-05" />
    <testcase name="Equals (131)" classname="spec_perl_TestProcessCoerceBytes_t" time="6.60419464111328e-05" />
    <testcase name="Equals (132)" classname="spec_perl_TestProcessCoerceBytes_t" time="6.19888305664062e-05" />
  </testsuite>
  <testsuite name="spec_perl_TestParamsCallShort_t" errors="0" failures="3" skipped="0" tests="3" time="0.035383939743042">
    <system-out>1..3
not ok 1 - Equals
not ok 2 - Equals
not ok 3 - Equals
</system-out>
    <testcase name="Equals (133)" classname="spec_perl_TestParamsCallShort_t" time="0.0017859935760498">
      <failure message="not ok 1 - Equals" type="TAP::Parser::Result::Test"></failure>
    </testcase>
    <testcase name="Equals (134)" classname="spec_perl_TestParamsCallShort_t" time="0.000784873962402344">
      <failure message="not ok 2 - Equals" type="TAP::Parser::Result::Test"></failure>
    </testcase>
    <testcase name="Equals (135)" classname="spec_perl_TestParamsCallShort_t" time="0.000111103057861328">
      <failure message="not ok 3 - Equals" type="TAP::Parser::Result::Test"></failure>
    </testcase>
  </testsuite>
  <testsuite name="spec_perl_TestNavParentFalse_t" errors="0" failures="0" skipped="0" tests="5" time="0.0344290733337402">
    <system-out>1..5
ok 1 - Equals
ok 2 - Equals
ok 3 - Equals
ok 4 - Equals
ok 5 - Equals
</system-out>
    <testcase name="Equals (136)" classname="spec_perl_TestNavParentFalse_t" time="0.00119805335998535" />
    <testcase name="Equals (137)" classname="spec_perl_TestNavParentFalse_t" time="0.000107049942016602" />
    <testcase name="Equals (138)" classname="spec_perl_TestNavParentFalse_t" time="6.69956207275391e-05" />
    <testcase name="Equals (139)" classname="spec_perl_TestNavParentFalse_t" time="8.10623168945312e-05" />
    <testcase name="Equals (140)" classname="spec_perl_TestNavParentFalse_t" time="0.000102996826171875" />
  </testsuite>
  <testsuite name="spec_perl_TestZlibWithHeader78_t" errors="0" failures="0" skipped="0" tests="1" time="0.0559840202331543">
    <system-out>1..1
ok 1 - Equals
</system-out>
    <testcase name="Equals (141)" classname="spec_perl_TestZlibWithHeader78_t" time="0.00124883651733398" />
  </testsuite>
  <testsuite name="spec_perl_TestExpr2_t" errors="0" failures="0" skipped="0" tests="17" time="0.0330541133880615">
    <system-out>1..17
ok 1 - Equals
ok 2 - Equals
ok 3 - Equals
ok 4 - Equals
ok 5 - Equals
ok 6 - Equals
ok 7 - Equals
ok 8 - Equals
ok 9 - Equals
ok 10 - Equals
ok 11 - Equals
ok 12 - Equals
ok 13 - Equals
ok 14 - Equals
ok 15 - Equals
ok 16 - Equals
ok 17 - Equals
</system-out>
    <testcase name="Equals (142)" classname="spec_perl_TestExpr2_t" time="0.00152802467346191" />
    <testcase name="Equals (143)" classname="spec_perl_TestExpr2_t" time="9.60826873779297e-05" />
    <testcase name="Equals (144)" classname="spec_perl_TestExpr2_t" time="0.000112056732177734" />
    <testcase name="Equals (145)" classname="spec_perl_TestExpr2_t" time="7.60555267333984e-05" />
    <testcase name="Equals (146)" classname="spec_perl_TestExpr2_t" time="6.69956207275391e-05" />
    <testcase name="Equals (147)" classname="spec_perl_TestExpr2_t" time="6.38961791992188e-05" />
    <testcase name="Equals (148)" classname="spec_perl_TestExpr2_t" time="5.88893890380859e-05" />
    <testcase name="Equals (149)" classname="spec_perl_TestExpr2_t" time="8.20159912109375e-05" />
    <testcase name="Equals (150)" classname="spec_perl_TestExpr2_t" time="6.00814819335938e-05" />
    <testcase name="Equals (151)" classname="spec_perl_TestExpr2_t" time="6.19888305664062e-05" />
    <testcase name="Equals (152)" classname="spec_perl_TestExpr2_t" time="6.00814819335938e-05" />
    <testcase name="Equals (153)" classname="spec_perl_TestExpr2_t" time="5.60283660888672e-05" />
    <testcase name="Equals (154)" classname="spec_perl_TestExpr2_t" time="5.98430633544922e-05" />
    <testcase name="Equals (155)" classname="spec_perl_TestExpr2_t" time="7.70092010498047e-05" />
    <testcase name="Equals (156)" classname="spec_perl_TestExpr2_t" time="5.60283660888672e-05" />
    <testcase name="Equals (157)" classname="spec_perl_TestExpr2_t" time="5.60283660888672e-05" />
    <testcase name="Equals (158)" classname="spec_perl_TestExpr2_t" time="5.60283660888672e-05" />
  </testsuite>
  <testsuite name="spec_perl_TestYamlInts_t" errors="0" failures="0" skipped="0" tests="4" time="0.0274910926818848">
    <system-out>1..4
ok 1 - Equals
ok 2 - Equals
ok 3 - Equals
ok 4 - Equals
</system-out>
    <testcase name="Equals (159)" classname="spec_perl_TestYamlInts_t" time="0.000924110412597656" />
    <testcase name="Equals (160)" classname="spec_perl_TestYamlInts_t" time="8.10623168945312e-05" />
    <testcase name="Equals (161)" classname="spec_perl_TestYamlInts_t" time="5.19752502441406e-05" />
    <testcase name="Equals (162)" classname="spec_perl_TestYamlInts_t" time="6.98566436767578e-05" />
  </testsuite>
  <testsuite name="spec_perl_TestProcessToUser_t" errors="0" failures="0" skipped="0" tests="1" time="0.0318660736083984">
    <system-out>1..1
ok 1 - Equals
</system-out>
    <testcase name="Equals (163)" classname="spec_perl_TestProcessToUser_t" time="0.00151991844177246" />
  </testsuite>
  <testsuite name="spec_perl_TestSwitchElseOnly_t" errors="0" failures="0" skipped="0" tests="3" time="0.0277869701385498">
    <system-out>1..3
ok 1 - Equals
ok 2 - Equals
ok 3 - Equals
</system-out>
    <testcase name="Equals (164)" classname="spec_perl_TestSwitchElseOnly_t" time="0.000900030136108398" />
    <testcase name="Equals (165)" classname="spec_perl_TestSwitchElseOnly_t" time="0.000100851058959961" />
    <testcase name="Equals (166)" classname="spec_perl_TestSwitchElseOnly_t" time="6.69956207275391e-05" />
  </testsuite>
  <testsuite name="spec_perl_TestEnumForUnknownId_t" errors="0" failures="0" skipped="0" tests="1" time="0.0255520343780518">
    <system-out>1..1
ok 1 - Equals
</system-out>
    <testcase name="Equals (167)" classname="spec_perl_TestEnumForUnknownId_t" time="0.00110602378845215" />
  </testsuite>
  <testsuite name="spec_perl_TestBitsSignedShiftB64Le_t" errors="0" failures="0" skipped="0" tests="2" time="0.0305159091949463">
    <system-out>1..2
ok 1 - Equals
ok 2 - Equals
</system-out>
    <testcase name="Equals (168)" classname="spec_perl_TestBitsSignedShiftB64Le_t" time="0.0015108585357666" />
    <testcase name="Equals (169)" classname="spec_perl_TestBitsSignedShiftB64Le_t" time="9.918212890625e-05" />
  </testsuite>
  <testsuite name="spec_perl_TestProcessXorConst_t" errors="0" failures="0" skipped="0" tests="2" time="0.0299007892608643">
    <system-out>1..2
ok 1 - Equals
ok 2 - Equals
</system-out>
    <testcase name="Equals (170)" classname="spec_perl_TestProcessXorConst_t" time="0.00112080574035645" />
    <testcase name="Equals (171)" classname="spec_perl_TestProcessXorConst_t" time="8.70227813720703e-05" />
  </testsuite>
  <testsuite name="spec_perl_TestSwitchManualStrElse_t" errors="0" failures="0" skipped="0" tests="9" time="0.0316231250762939">
    <system-out>1..9
ok 1 - Equals
ok 2 - Equals
ok 3 - Equals
ok 4 - Equals
ok 5 - Equals
ok 6 - Equals
ok 7 - Equals
ok 8 - Equals
ok 9 - Equals
</system-out>
    <testcase name="Equals (172)" classname="spec_perl_TestSwitchManualStrElse_t" time="0.00135397911071777" />
    <testcase name="Equals (173)" classname="spec_perl_TestSwitchManualStrElse_t" time="0.000103950500488281" />
    <testcase name="Equals (174)" classname="spec_perl_TestSwitchManualStrElse_t" time="6.103515625e-05" />
    <testcase name="Equals (175)" classname="spec_perl_TestSwitchManualStrElse_t" time="7.60555267333984e-05" />
    <testcase name="Equals (176)" classname="spec_perl_TestSwitchManualStrElse_t" time="6.50882720947266e-05" />
    <testcase name="Equals (177)" classname="spec_perl_TestSwitchManualStrElse_t" time="7.29560852050781e-05" />
    <testcase name="Equals (178)" classname="spec_perl_TestSwitchManualStrElse_t" time="5.50746917724609e-05" />
    <testcase name="Equals (179)" classname="spec_perl_TestSwitchManualStrElse_t" time="5.38825988769531e-05" />
    <testcase name="Equals (180)" classname="spec_perl_TestSwitchManualStrElse_t" time="7.00950622558594e-05" />
  </testsuite>
  <testsuite name="spec_perl_TestRepeatUntilS4_t" errors="0" failures="0" skipped="0" tests="2" time="0.0328772068023682">
    <system-out>1..2
ok 1 - Equals
ok 2 - Equals
</system-out>
    <testcase name="Equals (181)" classname="spec_perl_TestRepeatUntilS4_t" time="0.00123786926269531" />
    <testcase name="Equals (182)" classname="spec_perl_TestRepeatUntilS4_t" time="9.79900360107422e-05" />
  </testsuite>
  <testsuite name="spec_perl_TestUserType_t" errors="0" failures="0" skipped="0" tests="2" time="0.0289859771728516">
    <system-out>1..2
ok 1 - Equals
ok 2 - Equals
</system-out>
    <testcase name="Equals (183)" classname="spec_perl_TestUserType_t" time="0.00123286247253418" />
    <testcase name="Equals (184)" classname="spec_perl_TestUserType_t" time="9.41753387451172e-05" />
  </testsuite>
  <testsuite name="spec_perl_TestParamsPassArrayInt_t" errors="0" failures="1" skipped="6" tests="7" time="0.0277919769287109">
    <system-out>1..7
not ok 1 - test_params_pass_array_int died (Can't use an undefined value as an ARRAY reference at spec/perl/TestParamsPassArrayInt.t line 14.)
ok 2 # skip test_params_pass_array_int died
ok 3 # skip test_params_pass_array_int died
ok 4 # skip test_params_pass_array_int died
ok 5 # skip test_params_pass_array_int died
ok 6 # skip test_params_pass_array_int died
ok 7 # skip test_params_pass_array_int died
</system-out>
    <testcase name="test_params_pass_array_int died (Can't use an undefined value as an ARRAY reference at spec/perl/TestParamsPassArrayInt.t line 14.) (184)" classname="spec_perl_TestParamsPassArrayInt_t" time="0.000910043716430664">
      <failure message="not ok 1 - test_params_pass_array_int died (Can't use an undefined value as an ARRAY reference at spec/perl/TestParamsPassArrayInt.t line 14.)" type="TAP::Parser::Result::Test"></failure>
    </testcase>
    <testcase name="Unnamed test case 184" classname="spec_perl_TestParamsPassArrayInt_t" time="0.000141143798828125">
      <skipped message="ok 2 # skip test_params_pass_array_int died" />
    </testcase>
    <testcase name="Unnamed test case 185" classname="spec_perl_TestParamsPassArrayInt_t" time="6.69956207275391e-05">
      <skipped message="ok 3 # skip test_params_pass_array_int died" />
    </testcase>
    <testcase name="Unnamed test case 186" classname="spec_perl_TestParamsPassArrayInt_t" time="5.60283660888672e-05">
      <skipped message="ok 4 # skip test_params_pass_array_int died" />
    </testcase>
    <testcase name="Unnamed test case 187" classname="spec_perl_TestParamsPassArrayInt_t" time="5.29289245605469e-05">
      <skipped message="ok 5 # skip test_params_pass_array_int died" />
    </testcase>
    <testcase name="Unnamed test case 188" classname="spec_perl_TestParamsPassArrayInt_t" time="5.10215759277344e-05">
      <skipped message="ok 6 # skip test_params_pass_array_int died" />
    </testcase>
    <testcase name="Unnamed test case 189" classname="spec_perl_TestParamsPassArrayInt_t" time="6.103515625e-05">
      <skipped message="ok 7 # skip test_params_pass_array_int died" />
    </testcase>
  </testsuite>
  <testsuite name="spec_perl_TestExprSizeofType0_t" errors="0" failures="0" skipped="0" tests="1" time="0.0304758548736572">
    <system-out>1..1
ok 1 - Equals
</system-out>
    <testcase name="Equals (189)" classname="spec_perl_TestExprSizeofType0_t" time="0.00142598152160645" />
  </testsuite>
  <testsuite name="spec_perl_TestNavParentVsValueInst_t" errors="0" failures="0" skipped="0" tests="1" time="0.0312330722808838">
    <system-out>1..1
ok 1 - Equals
</system-out>
    <testcase name="Equals (190)" classname="spec_perl_TestNavParentVsValueInst_t" time="0.00120782852172852" />
  </testsuite>
  <testsuite name="spec_perl_TestExprSizeofType1_t" errors="0" failures="0" skipped="0" tests="2" time="0.0297560691833496">
    <system-out>1..2
ok 1 - Equals
ok 2 - Equals
</system-out>
    <testcase name="Equals (191)" classname="spec_perl_TestExprSizeofType1_t" time="0.00112700462341309" />
    <testcase name="Equals (192)" classname="spec_perl_TestExprSizeofType1_t" time="0.000141143798828125" />
  </testsuite>
  <testsuite name="spec_perl_TestValidLong_t" errors="0" failures="0" skipped="1" tests="1" time="0.034214973449707">
    <system-out>1..1
ok 1 # skip ValidLong=HASH(0x556b27981ad8)
</system-out>
    <testcase name="Unnamed test case 192" classname="spec_perl_TestValidLong_t" time="0.00153899192810059">
      <skipped message="ok 1 # skip ValidLong=HASH(0x556b27981ad8)" />
    </testcase>
  </testsuite>
  <testsuite name="spec_perl_TestCastToImported_t" errors="0" failures="0" skipped="0" tests="2" time="0.0258409976959229">
    <system-out>1..2
ok 1 - Equals
ok 2 - Equals
</system-out>
    <testcase name="Equals (193)" classname="spec_perl_TestCastToImported_t" time="0.00104188919067383" />
    <testcase name="Equals (194)" classname="spec_perl_TestCastToImported_t" time="5.41210174560547e-05" />
  </testsuite>
  <testsuite name="spec_perl_TestNestedTypes3_t" errors="0" failures="0" skipped="0" tests="5" time="0.0277159214019775">
    <system-out>1..5
ok 1 - Equals
ok 2 - Equals
ok 3 - Equals
ok 4 - Equals
ok 5 - Equals
</system-out>
    <testcase name="Equals (195)" classname="spec_perl_TestNestedTypes3_t" time="0.00109696388244629" />
    <testcase name="Equals (196)" classname="spec_perl_TestNestedTypes3_t" time="9.08374786376953e-05" />
    <testcase name="Equals (197)" classname="spec_perl_TestNestedTypes3_t" time="5.81741333007812e-05" />
    <testcase name="Equals (198)" classname="spec_perl_TestNestedTypes3_t" time="6.98566436767578e-05" />
    <testcase name="Equals (199)" classname="spec_perl_TestNestedTypes3_t" time="5.31673431396484e-05" />
  </testsuite>
  <testsuite name="spec_perl_TestParamsPassStruct_t" errors="0" failures="1" skipped="1" tests="4" time="0.0328280925750732">
    <system-out>1..4
ok 1 - Equals
ok 2 - Equals
not ok 3 - test_params_pass_struct died (Can't call method &quot;foo&quot; on an undefined value at spec/perl/TestParamsPassStruct.t line 16.)
ok 4 # skip test_params_pass_struct died
</system-out>
    <testcase name="Equals (200)" classname="spec_perl_TestParamsPassStruct_t" time="0.0013420581817627" />
    <testcase name="Equals (201)" classname="spec_perl_TestParamsPassStruct_t" time="8.58306884765625e-05" />
    <testcase name="test_params_pass_struct died (Can't call method &quot;foo&quot; on an undefined value at spec/perl/TestParamsPassStruct.t line 16.) (201)" classname="spec_perl_TestParamsPassStruct_t" time="8.32080841064453e-05">
      <failure message="not ok 3 - test_params_pass_struct died (Can't call method &quot;foo&quot; on an undefined value at spec/perl/TestParamsPassStruct.t line 16.)" type="TAP::Parser::Result::Test"></failure>
    </testcase>
    <testcase name="Unnamed test case 201" classname="spec_perl_TestParamsPassStruct_t" time="0.000103950500488281">
      <skipped message="ok 4 # skip test_params_pass_struct died" />
    </testcase>
  </testsuite>
  <testsuite name="spec_perl_TestExprBytesOps_t" errors="0" failures="0" skipped="0" tests="16" time="0.0321028232574463">
    <system-out>1..16
ok 1 - Equals
ok 2 - Equals
ok 3 - Equals
ok 4 - Equals
ok 5 - Equals
ok 6 - Equals
ok 7 - Equals
ok 8 - Equals
ok 9 - Equals
ok 10 - Equals
ok 11 - Equals
ok 12 - Equals
ok 13 - Equals
ok 14 - Equals
ok 15 - Equals
ok 16 - Equals
</system-out>
    <testcase name="Equals (202)" classname="spec_perl_TestExprBytesOps_t" time="0.00119495391845703" />
    <testcase name="Equals (203)" classname="spec_perl_TestExprBytesOps_t" time="8.60691070556641e-05" />
    <testcase name="Equals (204)" classname="spec_perl_TestExprBytesOps_t" time="5.29289245605469e-05" />
    <testcase name="Equals (205)" classname="spec_perl_TestExprBytesOps_t" time="8.392333984375e-05" />
    <testcase name="Equals (206)" classname="spec_perl_TestExprBytesOps_t" time="7.82012939453125e-05" />
    <testcase name="Equals (207)" classname="spec_perl_TestExprBytesOps_t" time="7.58171081542969e-05" />
    <testcase name="Equals (208)" classname="spec_perl_TestExprBytesOps_t" time="7.82012939453125e-05" />
    <testcase name="Equals (209)" classname="spec_perl_TestExprBytesOps_t" time="6.4849853515625e-05" />
    <testcase name="Equals (210)" classname="spec_perl_TestExprBytesOps_t" time="7.60555267333984e-05" />
    <testcase name="Equals (211)" classname="spec_perl_TestExprBytesOps_t" time="5.79357147216797e-05" />
    <testcase name="Equals (212)" classname="spec_perl_TestExprBytesOps_t" time="5.79357147216797e-05" />
    <testcase name="Equals (213)" classname="spec_perl_TestExprBytesOps_t" time="7.41481781005859e-05" />
    <testcase name="Equals (214)" classname="spec_perl_TestExprBytesOps_t" time="5.79357147216797e-05" />
    <testcase name="Equals (215)" classname="spec_perl_TestExprBytesOps_t" time="5.50746917724609e-05" />
    <testcase name="Equals (216)" classname="spec_perl_TestExprBytesOps_t" time="7.29560852050781e-05" />
    <testcase name="Equals (217)" classname="spec_perl_TestExprBytesOps_t" time="5.69820404052734e-05" />
  </testsuite>
  <testsuite name="spec_perl_TestOptionalId_t" errors="0" failures="0" skipped="0" tests="3" time="0.0263688564300537">
    <system-out>1..3
ok 1 - Equals
ok 2 - Equals
ok 3 - Equals
</system-out>
    <testcase name="Equals (218)" classname="spec_perl_TestOptionalId_t" time="0.000945091247558594" />
    <testcase name="Equals (219)" classname="spec_perl_TestOptionalId_t" time="7.10487365722656e-05" />
    <testcase name="Equals (220)" classname="spec_perl_TestOptionalId_t" time="4.48226928710938e-05" />
  </testsuite>
  <testsuite name="spec_perl_TestProcessRepeatBytes_t" errors="0" failures="0" skipped="0" tests="2" time="0.0271689891815186">
    <system-out>1..2
ok 1 - Equals
ok 2 - Equals
</system-out>
    <testcase name="Equals (221)" classname="spec_perl_TestProcessRepeatBytes_t" time="0.00104904174804688" />
    <testcase name="Equals (222)" classname="spec_perl_TestProcessRepeatBytes_t" time="0.000110864639282227" />
  </testsuite>
  <testsuite name="spec_perl_TestStrEncodingsDefault_t" errors="0" failures="0" skipped="0" tests="4" time="0.0364489555358887">
    <system-out>1..4
ok 1 - Equals
ok 2 - Equals
ok 3 - Equals
ok 4 - Equals
</system-out>
    <testcase name="Equals (223)" classname="spec_perl_TestStrEncodingsDefault_t" time="0.00377392768859863" />
    <testcase name="Equals (224)" classname="spec_perl_TestStrEncodingsDefault_t" time="0.00012516975402832" />
    <testcase name="Equals (225)" classname="spec_perl_TestStrEncodingsDefault_t" time="6.89029693603516e-05" />
    <testcase name="Equals (226)" classname="spec_perl_TestStrEncodingsDefault_t" time="6.19888305664062e-05" />
  </testsuite>
  <testsuite name="spec_perl_TestExprIoPos_t" errors="0" failures="0" skipped="0" tests="6" time="0.0303168296813965">
    <system-out>1..6
ok 1 - Equals
ok 2 - Equals
ok 3 - Equals
ok 4 - Equals
ok 5 - Equals
ok 6 - Equals
</system-out>
    <testcase name="Equals (227)" classname="spec_perl_TestExprIoPos_t" time="0.00124001502990723" />
    <testcase name="Equals (228)" classname="spec_perl_TestExprIoPos_t" time="7.79628753662109e-05" />
    <testcase name="Equals (229)" classname="spec_perl_TestExprIoPos_t" time="4.69684600830078e-05" />
    <testcase name="Equals (230)" classname="spec_perl_TestExprIoPos_t" time="5.69820404052734e-05" />
    <testcase name="Equals (231)" classname="spec_perl_TestExprIoPos_t" time="4.31537628173828e-05" />
    <testcase name="Equals (232)" classname="spec_perl_TestExprIoPos_t" time="5.88893890380859e-05" />
  </testsuite>
  <testsuite name="spec_perl_TestCombineStr_t" errors="0" failures="0" skipped="0" tests="15" time="0.0315449237823486">
    <system-out>1..15
ok 1 - Equals
ok 2 - Equals
ok 3 - Equals
ok 4 - Equals
ok 5 - Equals
ok 6 - Equals
ok 7 - Equals
ok 8 - Equals
ok 9 - Equals
ok 10 - Equals
ok 11 - Equals
ok 12 - Equals
ok 13 - Equals
ok 14 - Equals
ok 15 - Equals
</system-out>
    <testcase name="Equals (233)" classname="spec_perl_TestCombineStr_t" time="0.000926017761230469" />
    <testcase name="Equals (234)" classname="spec_perl_TestCombineStr_t" time="7.29560852050781e-05" />
    <testcase name="Equals (235)" classname="spec_perl_TestCombineStr_t" time="4.72068786621094e-05" />
    <testcase name="Equals (236)" classname="spec_perl_TestCombineStr_t" time="5.57899475097656e-05" />
    <testcase name="Equals (237)" classname="spec_perl_TestCombineStr_t" time="4.10079956054688e-05" />
    <testcase name="Equals (238)" classname="spec_perl_TestCombineStr_t" time="5.41210174560547e-05" />
    <testcase name="Equals (239)" classname="spec_perl_TestCombineStr_t" time="4.10079956054688e-05" />
    <testcase name="Equals (240)" classname="spec_perl_TestCombineStr_t" time="5.10215759277344e-05" />
    <testcase name="Equals (241)" classname="spec_perl_TestCombineStr_t" time="4.00543212890625e-05" />
    <testcase name="Equals (242)" classname="spec_perl_TestCombineStr_t" time="6.38961791992188e-05" />
    <testcase name="Equals (243)" classname="spec_perl_TestCombineStr_t" time="4.29153442382812e-05" />
    <testcase name="Equals (244)" classname="spec_perl_TestCombineStr_t" time="5.31673431396484e-05" />
    <testcase name="Equals (245)" classname="spec_perl_TestCombineStr_t" time="4.10079956054688e-05" />
    <testcase name="Equals (246)" classname="spec_perl_TestCombineStr_t" time="3.79085540771484e-05" />
    <testcase name="Equals (247)" classname="spec_perl_TestCombineStr_t" time="5.00679016113281e-05" />
  </testsuite>
  <testsuite name="spec_perl_TestExprIfIntOps_t" errors="0" failures="0" skipped="0" tests="2" time="0.0305511951446533">
    <system-out>1..2
ok 1 - Equals
ok 2 - Equals
</system-out>
    <testcase name="Equals (248)" classname="spec_perl_TestExprIfIntOps_t" time="0.00119304656982422" />
    <testcase name="Equals (249)" classname="spec_perl_TestExprIfIntOps_t" time="8.58306884765625e-05" />
  </testsuite>
  <testsuite name="spec_perl_TestJsSignedRightShift_t" errors="0" failures="0" skipped="0" tests="2" time="0.0299479961395264">
    <system-out>1..2
ok 1 - Equals
ok 2 - Equals
</system-out>
    <testcase name="Equals (250)" classname="spec_perl_TestJsSignedRightShift_t" time="0.00100493431091309" />
    <testcase name="Equals (251)" classname="spec_perl_TestJsSignedRightShift_t" time="6.103515625e-05" />
  </testsuite>
  <testsuite name="spec_perl_TestRecursiveOne_t" errors="0" failures="0" skipped="0" tests="4" time="0.0296130180358887">
    <system-out>1..4
ok 1 - Equals
ok 2 - Equals
ok 3 - Equals
ok 4 - Equals
</system-out>
    <testcase name="Equals (252)" classname="spec_perl_TestRecursiveOne_t" time="0.00106310844421387" />
    <testcase name="Equals (253)" classname="spec_perl_TestRecursiveOne_t" time="9.39369201660156e-05" />
    <testcase name="Equals (254)" classname="spec_perl_TestRecursiveOne_t" time="6.103515625e-05" />
    <testcase name="Equals (255)" classname="spec_perl_TestRecursiveOne_t" time="0.000140905380249023" />
  </testsuite>
  <testsuite name="spec_perl_TestBitsSimple_t" errors="0" failures="0" skipped="0" tests="14" time="0.0296010971069336">
    <system-out>1..14
ok 1 - Equals
ok 2 - Equals
ok 3 - Equals
ok 4 - Equals
ok 5 - Equals
ok 6 - Equals
ok 7 - Equals
ok 8 - Equals
ok 9 - Equals
ok 10 - Equals
ok 11 - Equals
ok 12 - Equals
ok 13 - Equals
ok 14 - Equals
</system-out>
    <testcase name="Equals (256)" classname="spec_perl_TestBitsSimple_t" time="0.00148797035217285" />
    <testcase name="Equals (257)" classname="spec_perl_TestBitsSimple_t" time="0.000113010406494141" />
    <testcase name="Equals (258)" classname="spec_perl_TestBitsSimple_t" time="0.000102043151855469" />
    <testcase name="Equals (259)" classname="spec_perl_TestBitsSimple_t" time="6.38961791992188e-05" />
    <testcase name="Equals (260)" classname="spec_perl_TestBitsSimple_t" time="6.69956207275391e-05" />
    <testcase name="Equals (261)" classname="spec_perl_TestBitsSimple_t" time="5.91278076171875e-05" />
    <testcase name="Equals (262)" classname="spec_perl_TestBitsSimple_t" time="5.79357147216797e-05" />
    <testcase name="Equals (263)" classname="spec_perl_TestBitsSimple_t" time="8.60691070556641e-05" />
    <testcase name="Equals (264)" classname="spec_perl_TestBitsSimple_t" time="5.88893890380859e-05" />
    <testcase name="Equals (265)" classname="spec_perl_TestBitsSimple_t" time="5.69820404052734e-05" />
    <testcase name="Equals (266)" classname="spec_perl_TestBitsSimple_t" time="5.7220458984375e-05" />
    <testcase name="Equals (267)" classname="spec_perl_TestBitsSimple_t" time="5.57899475097656e-05" />
    <testcase name="Equals (268)" classname="spec_perl_TestBitsSimple_t" time="5.60283660888672e-05" />
    <testcase name="Equals (269)" classname="spec_perl_TestBitsSimple_t" time="8.20159912109375e-05" />
  </testsuite>
  <testsuite name="spec_perl_TestDebugEnumName_t" errors="1" failures="0" skipped="0" tests="0" time="0.0249381065368652">
    <system-out></system-out>
    <testcase name="Test died too soon, even before plan. (269)" classname="spec_perl_TestDebugEnumName_t" time="0.0249381065368652">
      <failure message="The test suite died before a plan was produced. You need to have a plan." type="Plan">No plan</failure>
    </testcase>
  </testsuite>
  <testsuite name="spec_perl_TestHelloWorld_t" errors="0" failures="0" skipped="0" tests="1" time="0.0322060585021973">
    <system-out>1..1
ok 1 - Equals
</system-out>
    <testcase name="Equals (270)" classname="spec_perl_TestHelloWorld_t" time="0.00117993354797363" />
  </testsuite>
  <testsuite name="spec_perl_TestExprBits_t" errors="0" failures="0" skipped="0" tests="10" time="0.0278949737548828">
    <system-out>1..10
ok 1 - Equals
ok 2 - Equals
ok 3 - Equals
ok 4 - Equals
ok 5 - Equals
ok 6 - Equals
ok 7 - Equals
ok 8 - Equals
ok 9 - Equals
ok 10 - Equals
</system-out>
    <testcase name="Equals (271)" classname="spec_perl_TestExprBits_t" time="0.000977993011474609" />
    <testcase name="Equals (272)" classname="spec_perl_TestExprBits_t" time="9.29832458496094e-05" />
    <testcase name="Equals (273)" classname="spec_perl_TestExprBits_t" time="5.38825988769531e-05" />
    <testcase name="Equals (274)" classname="spec_perl_TestExprBits_t" time="6.91413879394531e-05" />
    <testcase name="Equals (275)" classname="spec_perl_TestExprBits_t" time="4.79221343994141e-05" />
    <testcase name="Equals (276)" classname="spec_perl_TestExprBits_t" time="5.10215759277344e-05" />
    <testcase name="Equals (277)" classname="spec_perl_TestExprBits_t" time="6.19888305664062e-05" />
    <testcase name="Equals (278)" classname="spec_perl_TestExprBits_t" time="4.50611114501953e-05" />
    <testcase name="Equals (279)" classname="spec_perl_TestExprBits_t" time="4.88758087158203e-05" />
    <testcase name="Equals (280)" classname="spec_perl_TestExprBits_t" time="0.000144004821777344" />
  </testsuite>
  <testsuite name="spec_perl_TestEofExceptionU4_t" errors="0" failures="0" skipped="0" tests="1" time="0.0277018547058105">
    <system-out>1..1
ok 1 - threw /^Requested \d+ bytes, but only \d+ bytes available/
</system-out>
    <testcase name="threw /^Requested \d+ bytes, but only \d+ bytes available/ (280)" classname="spec_perl_TestEofExceptionU4_t" time="0.00105190277099609" />
  </testsuite>
  <testsuite name="spec_perl_TestBitsSignedShiftB32Le_t" errors="0" failures="0" skipped="0" tests="2" time="0.028270959854126">
    <system-out>1..2
ok 1 - Equals
ok 2 - Equals
</system-out>
    <testcase name="Equals (281)" classname="spec_perl_TestBitsSignedShiftB32Le_t" time="0.00124192237854004" />
    <testcase name="Equals (282)" classname="spec_perl_TestBitsSignedShiftB32Le_t" time="0.000127077102661133" />
  </testsuite>
  <testsuite name="spec_perl_TestNonStandard_t" errors="0" failures="0" skipped="0" tests="1" time="0.0250661373138428">
    <system-out>1..1
ok 1 - Equals
</system-out>
    <testcase name="Equals (283)" classname="spec_perl_TestNonStandard_t" time="0.000988006591796875" />
  </testsuite>
  <testsuite name="spec_perl_TestEnumToI_t" errors="0" failures="0" skipped="0" tests="7" time="0.0271520614624023">
    <system-out>1..7
ok 1 - Equals
ok 2 - Equals
ok 3 - Equals
ok 4 - Equals
ok 5 - Equals
ok 6 - Equals
ok 7 - Equals
</system-out>
    <testcase name="Equals (284)" classname="spec_perl_TestEnumToI_t" time="0.00143003463745117" />
    <testcase name="Equals (285)" classname="spec_perl_TestEnumToI_t" time="5.38825988769531e-05" />
    <testcase name="Equals (286)" classname="spec_perl_TestEnumToI_t" time="6.22272491455078e-05" />
    <testcase name="Equals (287)" classname="spec_perl_TestEnumToI_t" time="3.48091125488281e-05" />
    <testcase name="Equals (288)" classname="spec_perl_TestEnumToI_t" time="3.21865081787109e-05" />
    <testcase name="Equals (289)" classname="spec_perl_TestEnumToI_t" time="4.10079956054688e-05" />
    <testcase name="Equals (290)" classname="spec_perl_TestEnumToI_t" time="3.19480895996094e-05" />
  </testsuite>
  <testsuite name="spec_perl_TestEnumNegative_t" errors="0" failures="0" skipped="0" tests="2" time="0.0265190601348877">
    <system-out>1..2
ok 1 - Equals
ok 2 - Equals
</system-out>
    <testcase name="Equals (291)" classname="spec_perl_TestEnumNegative_t" time="0.000890970230102539" />
    <testcase name="Equals (292)" classname="spec_perl_TestEnumNegative_t" time="9.08374786376953e-05" />
  </testsuite>
  <testsuite name="spec_perl_TestInstanceIoUser_t" errors="0" failures="0" skipped="0" tests="4" time="0.0297811031341553">
    <system-out>1..4
ok 1 - Equals
ok 2 - Equals
ok 3 - Equals
ok 4 - Equals
</system-out>
    <testcase name="Equals (293)" classname="spec_perl_TestInstanceIoUser_t" time="0.00130701065063477" />
    <testcase name="Equals (294)" classname="spec_perl_TestInstanceIoUser_t" time="7.00950622558594e-05" />
    <testcase name="Equals (295)" classname="spec_perl_TestInstanceIoUser_t" time="4.00543212890625e-05" />
    <testcase name="Equals (296)" classname="spec_perl_TestInstanceIoUser_t" time="4.69684600830078e-05" />
  </testsuite>
  <testsuite name="spec_perl_TestEofExceptionBytes_t" errors="0" failures="0" skipped="0" tests="1" time="0.0330209732055664">
    <system-out>1..1
ok 1 - threw /^Requested \d+ bytes, but only \d+ bytes available/
</system-out>
    <testcase name="threw /^Requested \d+ bytes, but only \d+ bytes available/ (296)" classname="spec_perl_TestEofExceptionBytes_t" time="0.00117397308349609" />
  </testsuite>
  <testsuite name="spec_perl_TestSwitchManualEnumInvalid_t" errors="0" failures="0" skipped="0" tests="5" time="0.0347020626068115">
    <system-out>1..5
ok 1 - Equals
ok 2 - Equals
ok 3 - nil
ok 4 - Equals
ok 5 - nil
</system-out>
    <testcase name="Equals (297)" classname="spec_perl_TestSwitchManualEnumInvalid_t" time="0.00121116638183594" />
    <testcase name="Equals (298)" classname="spec_perl_TestSwitchManualEnumInvalid_t" time="0.000107765197753906" />
    <testcase name="nil (298)" classname="spec_perl_TestSwitchManualEnumInvalid_t" time="7.00950622558594e-05" />
    <testcase name="Equals (299)" classname="spec_perl_TestSwitchManualEnumInvalid_t" time="6.19888305664062e-05" />
    <testcase name="nil (299)" classname="spec_perl_TestSwitchManualEnumInvalid_t" time="8.29696655273438e-05" />
  </testsuite>
  <testsuite name="spec_perl_TestPositionToEnd_t" errors="0" failures="0" skipped="0" tests="2" time="0.0331079959869385">
    <system-out>1..2
ok 1 - Equals
ok 2 - Equals
</system-out>
    <testcase name="Equals (300)" classname="spec_perl_TestPositionToEnd_t" time="0.00124287605285645" />
    <testcase name="Equals (301)" classname="spec_perl_TestPositionToEnd_t" time="0.000118017196655273" />
  </testsuite>
  <testsuite name="spec_perl_TestMetaXref_t" errors="0" failures="0" skipped="1" tests="1" time="0.0267150402069092">
    <system-out>1..1
ok 1 # skip MetaXref=HASH(0x562fc6cf14b0)
</system-out>
    <testcase name="Unnamed test case 301" classname="spec_perl_TestMetaXref_t" time="0.00172019004821777">
      <skipped message="ok 1 # skip MetaXref=HASH(0x562fc6cf14b0)" />
    </testcase>
  </testsuite>
  <testsuite name="spec_perl_TestIndexToParamExpr_t" errors="0" failures="2" skipped="0" tests="7" time="0.0315401554107666">
    <system-out>1..7
ok 1 - Equals
ok 2 - Equals
ok 3 - Equals
ok 4 - Equals
ok 5 - Equals
not ok 6 - Equals
not ok 7 - Equals
</system-out>
    <testcase name="Equals (302)" classname="spec_perl_TestIndexToParamExpr_t" time="0.0012822151184082" />
    <testcase name="Equals (303)" classname="spec_perl_TestIndexToParamExpr_t" time="6.4849853515625e-05" />
    <testcase name="Equals (304)" classname="spec_perl_TestIndexToParamExpr_t" time="3.60012054443359e-05" />
    <testcase name="Equals (305)" classname="spec_perl_TestIndexToParamExpr_t" time="4.50611114501953e-05" />
    <testcase name="Equals (306)" classname="spec_perl_TestIndexToParamExpr_t" time="3.88622283935547e-05" />
    <testcase name="Equals (307)" classname="spec_perl_TestIndexToParamExpr_t" time="5.00679016113281e-05">
      <failure message="not ok 6 - Equals" type="TAP::Parser::Result::Test"></failure>
    </testcase>
    <testcase name="Equals (308)" classname="spec_perl_TestIndexToParamExpr_t" time="0.000422000885009766">
      <failure message="not ok 7 - Equals" type="TAP::Parser::Result::Test"></failure>
    </testcase>
  </testsuite>
  <testsuite name="spec_perl_TestTypeTernary2ndFalsy_t" errors="0" failures="0" skipped="0" tests="13" time="0.0333049297332764">
    <system-out>1..13
ok 1 - Equals
ok 2 - Equals
ok 3 - Equals
ok 4 - Approx equals
ok 5 - Approx equals
ok 6 - Equals
ok 7 - Equals
ok 8 - Equals
ok 9 - nil
ok 10 - Equals
ok 11 - Equals
ok 12 - Equals
ok 13 - Equals
</system-out>
    <testcase name="Equals (309)" classname="spec_perl_TestTypeTernary2ndFalsy_t" time="0.00108003616333008" />
    <testcase name="Equals (310)" classname="spec_perl_TestTypeTernary2ndFalsy_t" time="9.67979431152344e-05" />
    <testcase name="Equals (311)" classname="spec_perl_TestTypeTernary2ndFalsy_t" time="6.31809234619141e-05" />
    <testcase name="Approx equals (311)" classname="spec_perl_TestTypeTernary2ndFalsy_t" time="7.58171081542969e-05" />
    <testcase name="Approx equals (312)" classname="spec_perl_TestTypeTernary2ndFalsy_t" time="5.7220458984375e-05" />
    <testcase name="Equals (312)" classname="spec_perl_TestTypeTernary2ndFalsy_t" time="5.38825988769531e-05" />
    <testcase name="Equals (313)" classname="spec_perl_TestTypeTernary2ndFalsy_t" time="7.20024108886719e-05" />
    <testcase name="Equals (314)" classname="spec_perl_TestTypeTernary2ndFalsy_t" time="5.41210174560547e-05" />
    <testcase name="nil (314)" classname="spec_perl_TestTypeTernary2ndFalsy_t" time="5.48362731933594e-05" />
    <testcase name="Equals (315)" classname="spec_perl_TestTypeTernary2ndFalsy_t" time="8.10623168945312e-05" />
    <testcase name="Equals (316)" classname="spec_perl_TestTypeTernary2ndFalsy_t" time="6.29425048828125e-05" />
    <testcase name="Equals (317)" classname="spec_perl_TestTypeTernary2ndFalsy_t" time="5.19752502441406e-05" />
    <testcase name="Equals (318)" classname="spec_perl_TestTypeTernary2ndFalsy_t" time="7.70092010498047e-05" />
  </testsuite>
  <testsuite name="spec_perl_TestIntegersMinMax_t" errors="0" failures="0" skipped="0" tests="28" time="0.029393196105957">
    <system-out>1..28
ok 1 - Equals
ok 2 - Equals
ok 3 - Equals
ok 4 - Equals
ok 5 - Equals
ok 6 - Equals
ok 7 - Equals
ok 8 - Equals
ok 9 - Equals
ok 10 - Equals
ok 11 - Equals
ok 12 - Equals
ok 13 - Equals
ok 14 - Equals
ok 15 - Equals
ok 16 - Equals
ok 17 - Equals
ok 18 - Equals
ok 19 - Equals
ok 20 - Equals
ok 21 - Equals
ok 22 - Equals
ok 23 - Equals
ok 24 - Equals
ok 25 - Equals
ok 26 - Equals
ok 27 - Equals
ok 28 - Equals
</system-out>
    <testcase name="Equals (319)" classname="spec_perl_TestIntegersMinMax_t" time="0.000995874404907227" />
    <testcase name="Equals (320)" classname="spec_perl_TestIntegersMinMax_t" time="6.38961791992188e-05" />
    <testcase name="Equals (321)" classname="spec_perl_TestIntegersMinMax_t" time="4.41074371337891e-05" />
    <testcase name="Equals (322)" classname="spec_perl_TestIntegersMinMax_t" time="5.10215759277344e-05" />
    <testcase name="Equals (323)" classname="spec_perl_TestIntegersMinMax_t" time="3.79085540771484e-05" />
    <testcase name="Equals (324)" classname="spec_perl_TestIntegersMinMax_t" time="4.69684600830078e-05" />
    <testcase name="Equals (325)" classname="spec_perl_TestIntegersMinMax_t" time="5.31673431396484e-05" />
    <testcase name="Equals (326)" classname="spec_perl_TestIntegersMinMax_t" time="4.60147857666016e-05" />
    <testcase name="Equals (327)" classname="spec_perl_TestIntegersMinMax_t" time="4.48226928710938e-05" />
    <testcase name="Equals (328)" classname="spec_perl_TestIntegersMinMax_t" time="7.82012939453125e-05" />
    <testcase name="Equals (329)" classname="spec_perl_TestIntegersMinMax_t" time="4.88758087158203e-05" />
    <testcase name="Equals (330)" classname="spec_perl_TestIntegersMinMax_t" time="4.50611114501953e-05" />
    <testcase name="Equals (331)" classname="spec_perl_TestIntegersMinMax_t" time="4.88758087158203e-05" />
    <testcase name="Equals (332)" classname="spec_perl_TestIntegersMinMax_t" time="4.41074371337891e-05" />
    <testcase name="Equals (333)" classname="spec_perl_TestIntegersMinMax_t" time="6.19888305664062e-05" />
    <testcase name="Equals (334)" classname="spec_perl_TestIntegersMinMax_t" time="4.50611114501953e-05" />
    <testcase name="Equals (335)" classname="spec_perl_TestIntegersMinMax_t" time="6.29425048828125e-05" />
    <testcase name="Equals (336)" classname="spec_perl_TestIntegersMinMax_t" time="4.41074371337891e-05" />
    <testcase name="Equals (337)" classname="spec_perl_TestIntegersMinMax_t" time="6.4849853515625e-05" />
    <testcase name="Equals (338)" classname="spec_perl_TestIntegersMinMax_t" time="5.50746917724609e-05" />
    <testcase name="Equals (339)" classname="spec_perl_TestIntegersMinMax_t" time="4.50611114501953e-05" />
    <testcase name="Equals (340)" classname="spec_perl_TestIntegersMinMax_t" time="4.48226928710938e-05" />
    <testcase name="Equals (341)" classname="spec_perl_TestIntegersMinMax_t" time="6.50882720947266e-05" />
    <testcase name="Equals (342)" classname="spec_perl_TestIntegersMinMax_t" time="4.60147857666016e-05" />
    <testcase name="Equals (343)" classname="spec_perl_TestIntegersMinMax_t" time="4.29153442382812e-05" />
    <testcase name="Equals (344)" classname="spec_perl_TestIntegersMinMax_t" time="6.41345977783203e-05" />
    <testcase name="Equals (345)" classname="spec_perl_TestIntegersMinMax_t" time="4.38690185546875e-05" />
    <testcase name="Equals (346)" classname="spec_perl_TestIntegersMinMax_t" time="6.19888305664062e-05" />
  </testsuite>
  <testsuite name="spec_perl_TestExpr3_t" errors="0" failures="0" skipped="0" tests="12" time="0.030954122543335">
    <system-out>1..12
ok 1 - Equals
ok 2 - Equals
ok 3 - Equals
ok 4 - Equals
ok 5 - Equals
ok 6 - Equals
ok 7 - Equals
ok 8 - Equals
ok 9 - Equals
ok 10 - Equals
ok 11 - Equals
ok 12 - Equals
</system-out>
    <testcase name="Equals (347)" classname="spec_perl_TestExpr3_t" time="0.00142478942871094" />
    <testcase name="Equals (348)" classname="spec_perl_TestExpr3_t" time="8.0108642578125e-05" />
    <testcase name="Equals (349)" classname="spec_perl_TestExpr3_t" time="4.60147857666016e-05" />
    <testcase name="Equals (350)" classname="spec_perl_TestExpr3_t" time="5.60283660888672e-05" />
    <testcase name="Equals (351)" classname="spec_perl_TestExpr3_t" time="5.79357147216797e-05" />
    <testcase name="Equals (352)" classname="spec_perl_TestExpr3_t" time="5.10215759277344e-05" />
    <testcase name="Equals (353)" classname="spec_perl_TestExpr3_t" time="5.00679016113281e-05" />
    <testcase name="Equals (354)" classname="spec_perl_TestExpr3_t" time="6.98566436767578e-05" />
    <testcase name="Equals (355)" classname="spec_perl_TestExpr3_t" time="6.31809234619141e-05" />
    <testcase name="Equals (356)" classname="spec_perl_TestExpr3_t" time="7.48634338378906e-05" />
    <testcase name="Equals (357)" classname="spec_perl_TestExpr3_t" time="6.29425048828125e-05" />
    <testcase name="Equals (358)" classname="spec_perl_TestExpr3_t" time="7.20024108886719e-05" />
  </testsuite>
  <testsuite name="spec_perl_TestRepeatEosBit_t" errors="0" failures="0" skipped="0" tests="1" time="0.0292348861694336">
    <system-out>1..1
ok 1 - Equals
</system-out>
    <testcase name="Equals (359)" classname="spec_perl_TestRepeatEosBit_t" time="0.00104498863220215" />
  </testsuite>
  <testsuite name="spec_perl_TestNestedTypeParam_t" errors="0" failures="2" skipped="0" tests="2" time="0.0344159603118896">
    <system-out>1..2
not ok 1 - Equals
not ok 2 - Equals
</system-out>
    <testcase name="Equals (360)" classname="spec_perl_TestNestedTypeParam_t" time="0.00161004066467285">
      <failure message="not ok 1 - Equals" type="TAP::Parser::Result::Test"></failure>
    </testcase>
    <testcase name="Equals (361)" classname="spec_perl_TestNestedTypeParam_t" time="0.000641822814941406">
      <failure message="not ok 2 - Equals" type="TAP::Parser::Result::Test"></failure>
    </testcase>
  </testsuite>
  <testsuite name="spec_perl_TestTermU1Val_t" errors="0" failures="0" skipped="0" tests="2" time="0.0335690975189209">
    <system-out>1..2
ok 1 - Equals
ok 2 - Equals
</system-out>
    <testcase name="Equals (362)" classname="spec_perl_TestTermU1Val_t" time="0.00126314163208008" />
    <testcase name="Equals (363)" classname="spec_perl_TestTermU1Val_t" time="0.000102996826171875" />
  </testsuite>
  <testsuite name="spec_perl_TestNavParent2_t" errors="0" failures="0" skipped="0" tests="10" time="0.0304279327392578">
    <system-out>1..10
ok 1 - Equals
ok 2 - Equals
ok 3 - Equals
ok 4 - Equals
ok 5 - Equals
ok 6 - Equals
ok 7 - Equals
ok 8 - Equals
ok 9 - Equals
ok 10 - Equals
</system-out>
    <testcase name="Equals (364)" classname="spec_perl_TestNavParent2_t" time="0.000900983810424805" />
    <testcase name="Equals (365)" classname="spec_perl_TestNavParent2_t" time="6.19888305664062e-05" />
    <testcase name="Equals (366)" classname="spec_perl_TestNavParent2_t" time="4.60147857666016e-05" />
    <testcase name="Equals (367)" classname="spec_perl_TestNavParent2_t" time="4.79221343994141e-05" />
    <testcase name="Equals (368)" classname="spec_perl_TestNavParent2_t" time="3.50475311279297e-05" />
    <testcase name="Equals (369)" classname="spec_perl_TestNavParent2_t" time="4.50611114501953e-05" />
    <testcase name="Equals (370)" classname="spec_perl_TestNavParent2_t" time="5.88893890380859e-05" />
    <testcase name="Equals (371)" classname="spec_perl_TestNavParent2_t" time="4.60147857666016e-05" />
    <testcase name="Equals (372)" classname="spec_perl_TestNavParent2_t" time="4.31537628173828e-05" />
    <testcase name="Equals (373)" classname="spec_perl_TestNavParent2_t" time="7.39097595214844e-05" />
  </testsuite>
  <testsuite name="spec_perl_TestParamsPassArrayStruct_t" errors="0" failures="1" skipped="2" tests="3" time="0.0295228958129883">
    <system-out>1..3
not ok 1 - test_params_pass_array_struct died (Can't use an undefined value as an ARRAY reference at spec/perl/TestParamsPassArrayStruct.t line 14.)
ok 2 # skip test_params_pass_array_struct died
ok 3 # skip test_params_pass_array_struct died
</system-out>
    <testcase name="test_params_pass_array_struct died (Can't use an undefined value as an ARRAY reference at spec/perl/TestParamsPassArrayStruct.t line 14.) (373)" classname="spec_perl_TestParamsPassArrayStruct_t" time="0.00102806091308594">
      <failure message="not ok 1 - test_params_pass_array_struct died (Can't use an undefined value as an ARRAY reference at spec/perl/TestParamsPassArrayStruct.t line 14.)" type="TAP::Parser::Result::Test"></failure>
    </testcase>
    <testcase name="Unnamed test case 373" classname="spec_perl_TestParamsPassArrayStruct_t" time="0.000147104263305664">
      <skipped message="ok 2 # skip test_params_pass_array_struct died" />
    </testcase>
    <testcase name="Unnamed test case 374" classname="spec_perl_TestParamsPassArrayStruct_t" time="7.67707824707031e-05">
      <skipped message="ok 3 # skip test_params_pass_array_struct died" />
    </testcase>
  </testsuite>
  <testsuite name="spec_perl_TestSwitchManualStr_t" errors="0" failures="0" skipped="0" tests="9" time="0.034520149230957">
    <system-out>1..9
ok 1 - Equals
ok 2 - Equals
ok 3 - Equals
ok 4 - Equals
ok 5 - Equals
ok 6 - Equals
ok 7 - Equals
ok 8 - Equals
ok 9 - Equals
</system-out>
    <testcase name="Equals (374)" classname="spec_perl_TestSwitchManualStr_t" time="0.00113296508789062" />
    <testcase name="Equals (375)" classname="spec_perl_TestSwitchManualStr_t" time="9.60826873779297e-05" />
    <testcase name="Equals (376)" classname="spec_perl_TestSwitchManualStr_t" time="6.38961791992188e-05" />
    <testcase name="Equals (377)" classname="spec_perl_TestSwitchManualStr_t" time="7.51018524169922e-05" />
    <testcase name="Equals (378)" classname="spec_perl_TestSwitchManualStr_t" time="5.69820404052734e-05" />
    <testcase name="Equals (379)" classname="spec_perl_TestSwitchManualStr_t" time="7.10487365722656e-05" />
    <testcase name="Equals (380)" classname="spec_perl_TestSwitchManualStr_t" time="5.50746917724609e-05" />
    <testcase name="Equals (381)" classname="spec_perl_TestSwitchManualStr_t" time="6.79492950439453e-05" />
    <testcase name="Equals (382)" classname="spec_perl_TestSwitchManualStr_t" time="5.38825988769531e-05" />
  </testsuite>
  <testsuite name="spec_perl_TestProcessCoerceSwitch_t" errors="0" failures="0" skipped="0" tests="3" time="0.0317678451538086">
    <system-out>1..3
ok 1 - Equals
ok 2 - Equals
ok 3 - Equals
</system-out>
    <testcase name="Equals (383)" classname="spec_perl_TestProcessCoerceSwitch_t" time="0.000109195709228516" />
    <testcase name="Equals (384)" classname="spec_perl_TestProcessCoerceSwitch_t" time="4.29153442382812e-05" />
    <testcase name="Equals (385)" classname="spec_perl_TestProcessCoerceSwitch_t" time="3.38554382324219e-05" />
  </testsuite>
  <testsuite name="spec_perl_TestSwitchManualIntSizeElse_t" errors="0" failures="0" skipped="0" tests="10" time="0.033444881439209">
    <system-out>1..10
ok 1 - Equals
ok 2 - Equals
ok 3 - Equals
ok 4 - Equals
ok 5 - Equals
ok 6 - Equals
ok 7 - Equals
ok 8 - Equals
ok 9 - Equals
ok 10 - Equals
</system-out>
    <testcase name="Equals (386)" classname="spec_perl_TestSwitchManualIntSizeElse_t" time="0.00170087814331055" />
    <testcase name="Equals (387)" classname="spec_perl_TestSwitchManualIntSizeElse_t" time="8.32080841064453e-05" />
    <testcase name="Equals (388)" classname="spec_perl_TestSwitchManualIntSizeElse_t" time="8.70227813720703e-05" />
    <testcase name="Equals (389)" classname="spec_perl_TestSwitchManualIntSizeElse_t" time="5.57899475097656e-05" />
    <testcase name="Equals (390)" classname="spec_perl_TestSwitchManualIntSizeElse_t" time="5.10215759277344e-05" />
    <testcase name="Equals (391)" classname="spec_perl_TestSwitchManualIntSizeElse_t" time="6.41345977783203e-05" />
    <testcase name="Equals (392)" classname="spec_perl_TestSwitchManualIntSizeElse_t" time="6.89029693603516e-05" />
    <testcase name="Equals (393)" classname="spec_perl_TestSwitchManualIntSizeElse_t" time="4.79221343994141e-05" />
    <testcase name="Equals (394)" classname="spec_perl_TestSwitchManualIntSizeElse_t" time="5.50746917724609e-05" />
    <testcase name="Equals (395)" classname="spec_perl_TestSwitchManualIntSizeElse_t" time="4.79221343994141e-05" />
  </testsuite>
  <testsuite name="spec_perl_TestBitsSimpleLe_t" errors="0" failures="0" skipped="0" tests="14" time="0.0279040336608887">
    <system-out>1..14
ok 1 - Equals
ok 2 - Equals
ok 3 - Equals
ok 4 - Equals
ok 5 - Equals
ok 6 - Equals
ok 7 - Equals
ok 8 - Equals
ok 9 - Equals
ok 10 - Equals
ok 11 - Equals
ok 12 - Equals
ok 13 - Equals
ok 14 - Equals
</system-out>
    <testcase name="Equals (396)" classname="spec_perl_TestBitsSimpleLe_t" time="0.00103211402893066" />
    <testcase name="Equals (397)" classname="spec_perl_TestBitsSimpleLe_t" time="6.19888305664062e-05" />
    <testcase name="Equals (398)" classname="spec_perl_TestBitsSimpleLe_t" time="4.98294830322266e-05" />
    <testcase name="Equals (399)" classname="spec_perl_TestBitsSimpleLe_t" time="4.91142272949219e-05" />
    <testcase name="Equals (400)" classname="spec_perl_TestBitsSimpleLe_t" time="4.69684600830078e-05" />
    <testcase name="Equals (401)" classname="spec_perl_TestBitsSimpleLe_t" time="4.60147857666016e-05" />
    <testcase name="Equals (402)" classname="spec_perl_TestBitsSimpleLe_t" time="4.41074371337891e-05" />
    <testcase name="Equals (403)" classname="spec_perl_TestBitsSimpleLe_t" time="6.4849853515625e-05" />
    <testcase name="Equals (404)" classname="spec_perl_TestBitsSimpleLe_t" time="4.60147857666016e-05" />
    <testcase name="Equals (405)" classname="spec_perl_TestBitsSimpleLe_t" time="4.41074371337891e-05" />
    <testcase name="Equals (406)" classname="spec_perl_TestBitsSimpleLe_t" time="4.38690185546875e-05" />
    <testcase name="Equals (407)" classname="spec_perl_TestBitsSimpleLe_t" time="4.41074371337891e-05" />
    <testcase name="Equals (408)" classname="spec_perl_TestBitsSimpleLe_t" time="4.38690185546875e-05" />
    <testcase name="Equals (409)" classname="spec_perl_TestBitsSimpleLe_t" time="4.31537628173828e-05" />
  </testsuite>
  <testsuite name="spec_perl_TestInstanceUserArray_t" errors="0" failures="0" skipped="0" tests="10" time="0.0288300514221191">
    <system-out>1..10
ok 1 - Equals
ok 2 - Equals
ok 3 - Equals
ok 4 - Equals
ok 5 - Equals
ok 6 - Equals
ok 7 - Equals
ok 8 - Equals
ok 9 - Equals
ok 10 - Equals
</system-out>
    <testcase name="Equals (410)" classname="spec_perl_TestInstanceUserArray_t" time="0.00103497505187988" />
    <testcase name="Equals (411)" classname="spec_perl_TestInstanceUserArray_t" time="7.39097595214844e-05" />
    <testcase name="Equals (412)" classname="spec_perl_TestInstanceUserArray_t" time="6.00814819335938e-05" />
    <testcase name="Equals (413)" classname="spec_perl_TestInstanceUserArray_t" time="0.000451087951660156" />
    <testcase name="Equals (414)" classname="spec_perl_TestInstanceUserArray_t" time="8.08238983154297e-05" />
    <testcase name="Equals (415)" classname="spec_perl_TestInstanceUserArray_t" time="6.00814819335938e-05" />
    <testcase name="Equals (416)" classname="spec_perl_TestInstanceUserArray_t" time="5.38825988769531e-05" />
    <testcase name="Equals (417)" classname="spec_perl_TestInstanceUserArray_t" time="5.22136688232422e-05" />
    <testcase name="Equals (418)" classname="spec_perl_TestInstanceUserArray_t" time="5.19752502441406e-05" />
    <testcase name="Equals (419)" classname="spec_perl_TestInstanceUserArray_t" time="5.10215759277344e-05" />
  </testsuite>
  <testsuite name="spec_perl_TestExpr0_t" errors="0" failures="0" skipped="0" tests="2" time="0.0278639793395996">
    <system-out>1..2
ok 1 - Equals
ok 2 - Equals
</system-out>
    <testcase name="Equals (420)" classname="spec_perl_TestExpr0_t" time="0.00120902061462402" />
    <testcase name="Equals (421)" classname="spec_perl_TestExpr0_t" time="0.000114202499389648" />
  </testsuite>
  <testsuite name="spec_perl_TestEnumDeep_t" errors="0" failures="0" skipped="0" tests="2" time="0.0273208618164062">
    <system-out>1..2
ok 1 - Equals
ok 2 - Equals
</system-out>
    <testcase name="Equals (422)" classname="spec_perl_TestEnumDeep_t" time="0.000929117202758789" />
    <testcase name="Equals (423)" classname="spec_perl_TestEnumDeep_t" time="6.29425048828125e-05" />
  </testsuite>
  <testsuite name="spec_perl_TestDocstringsDocref_t" errors="0" failures="0" skipped="1" tests="1" time="0.0293939113616943">
    <system-out>1..1
ok 1 # skip DocstringsDocref=HASH(0x55dc6385e3a0)
</system-out>
    <testcase name="Unnamed test case 423" classname="spec_perl_TestDocstringsDocref_t" time="0.00106406211853027">
      <skipped message="ok 1 # skip DocstringsDocref=HASH(0x55dc6385e3a0)" />
    </testcase>
  </testsuite>
  <testsuite name="spec_perl_TestDefaultEndianExprIsLe_t" errors="0" failures="0" skipped="0" tests="12" time="0.0318000316619873">
    <system-out>1..12
ok 1 - Equals
ok 2 - Equals
ok 3 - Equals
ok 4 - Equals
ok 5 - Equals
ok 6 - Equals
ok 7 - Equals
ok 8 - Equals
ok 9 - Equals
ok 10 - Equals
ok 11 - Equals
ok 12 - Equals
</system-out>
    <testcase name="Equals (424)" classname="spec_perl_TestDefaultEndianExprIsLe_t" time="0.0012810230255127" />
    <testcase name="Equals (425)" classname="spec_perl_TestDefaultEndianExprIsLe_t" time="9.60826873779297e-05" />
    <testcase name="Equals (426)" classname="spec_perl_TestDefaultEndianExprIsLe_t" time="6.103515625e-05" />
    <testcase name="Equals (427)" classname="spec_perl_TestDefaultEndianExprIsLe_t" time="7.48634338378906e-05" />
    <testcase name="Equals (428)" classname="spec_perl_TestDefaultEndianExprIsLe_t" time="5.79357147216797e-05" />
    <testcase name="Equals (429)" classname="spec_perl_TestDefaultEndianExprIsLe_t" time="7.00950622558594e-05" />
    <testcase name="Equals (430)" classname="spec_perl_TestDefaultEndianExprIsLe_t" time="5.60283660888672e-05" />
    <testcase name="Equals (431)" classname="spec_perl_TestDefaultEndianExprIsLe_t" time="6.89029693603516e-05" />
    <testcase name="Equals (432)" classname="spec_perl_TestDefaultEndianExprIsLe_t" time="5.31673431396484e-05" />
    <testcase name="Equals (433)" classname="spec_perl_TestDefaultEndianExprIsLe_t" time="6.79492950439453e-05" />
    <testcase name="Equals (434)" classname="spec_perl_TestDefaultEndianExprIsLe_t" time="5.48362731933594e-05" />
    <testcase name="Equals (435)" classname="spec_perl_TestDefaultEndianExprIsLe_t" time="6.69956207275391e-05" />
  </testsuite>
  <testsuite name="spec_perl_TestExprOpsParens_t" errors="0" failures="1" skipped="0" tests="9" time="0.0311470031738281">
    <system-out>1..9
ok 1 - Equals
ok 2 - Equals
ok 3 - Equals
ok 4 - Equals
ok 5 - Equals
ok 6 - Equals
not ok 7 - Equals
ok 8 - Equals
ok 9 - Equals
</system-out>
    <testcase name="Equals (436)" classname="spec_perl_TestExprOpsParens_t" time="0.0011439323425293" />
    <testcase name="Equals (437)" classname="spec_perl_TestExprOpsParens_t" time="8.91685485839844e-05" />
    <testcase name="Equals (438)" classname="spec_perl_TestExprOpsParens_t" time="5.48362731933594e-05" />
    <testcase name="Equals (439)" classname="spec_perl_TestExprOpsParens_t" time="6.50882720947266e-05" />
    <testcase name="Equals (440)" classname="spec_perl_TestExprOpsParens_t" time="4.79221343994141e-05" />
    <testcase name="Equals (441)" classname="spec_perl_TestExprOpsParens_t" time="4.69684600830078e-05" />
    <testcase name="Equals (442)" classname="spec_perl_TestExprOpsParens_t" time="7.10487365722656e-05">
      <failure message="not ok 7 - Equals" type="TAP::Parser::Result::Test"></failure>
    </testcase>
    <testcase name="Equals (443)" classname="spec_perl_TestExprOpsParens_t" time="6.69956207275391e-05" />
    <testcase name="Equals (444)" classname="spec_perl_TestExprOpsParens_t" time="5.50746917724609e-05" />
[...]
      <skipped message="ok 12 # skip test_params_pass_bool died" />
    </testcase>
    <testcase name="Unnamed test case 878" classname="spec_perl_TestParamsPassBool_t" time="5.19752502441406e-05">
      <skipped message="ok 13 # skip test_params_pass_bool died" />
    </testcase>
    <testcase name="Unnamed test case 879" classname="spec_perl_TestParamsPassBool_t" time="5.19752502441406e-05">
      <skipped message="ok 14 # skip test_params_pass_bool died" />
    </testcase>
  </testsuite>
  <testsuite name="spec_perl_TestEnumToIClassBorder1_t" errors="0" failures="1" skipped="0" tests="3" time="0.0267457962036133">
    <system-out>1..3
ok 1 - Equals
ok 2 - Equals
not ok 3 - test_enum_to_i_class_border_1 died (Can't call method &quot;some_dog&quot; on an undefined value at compiled/perl/EnumToIClassBorder2.pm line 42.)
</system-out>
    <testcase name="Equals (879)" classname="spec_perl_TestEnumToIClassBorder1_t" time="0.00101613998413086" />
    <testcase name="Equals (880)" classname="spec_perl_TestEnumToIClassBorder1_t" time="5.29289245605469e-05" />
    <testcase name="test_enum_to_i_class_border_1 died (Can't call method &quot;some_dog&quot; on an undefined value at compiled/perl/EnumToIClassBorder2.pm line 42.) (880)" classname="spec_perl_TestEnumToIClassBorder1_t" time="9.48905944824219e-05">
      <failure message="not ok 3 - test_enum_to_i_class_border_1 died (Can't call method &quot;some_dog&quot; on an undefined value at compiled/perl/EnumToIClassBorder2.pm line 42.)" type="TAP::Parser::Result::Test"></failure>
    </testcase>
  </testsuite>
  <testsuite name="spec_perl_TestRepeatEosU4_t" errors="0" failures="0" skipped="0" tests="1" time="0.029979944229126">
    <system-out>1..1
ok 1 - Equals
</system-out>
    <testcase name="Equals (881)" classname="spec_perl_TestRepeatEosU4_t" time="0.00103497505187988" />
  </testsuite>
  <testsuite name="spec_perl_TestExprBytesNonLiteral_t" errors="0" failures="0" skipped="0" tests="3" time="0.030703067779541">
    <system-out>1..3
ok 1 - Equals
ok 2 - Equals
ok 3 - Equals
</system-out>
    <testcase name="Equals (882)" classname="spec_perl_TestExprBytesNonLiteral_t" time="0.00135684013366699" />
    <testcase name="Equals (883)" classname="spec_perl_TestExprBytesNonLiteral_t" time="8.0108642578125e-05" />
    <testcase name="Equals (884)" classname="spec_perl_TestExprBytesNonLiteral_t" time="4.50611114501953e-05" />
  </testsuite>
  <testsuite name="spec_perl_TestBitsUnalignedB64Be_t" errors="0" failures="0" skipped="0" tests="3" time="0.0281999111175537">
    <system-out>1..3
ok 1 - Equals
ok 2 - Equals
ok 3 - Equals
</system-out>
    <testcase name="Equals (885)" classname="spec_perl_TestBitsUnalignedB64Be_t" time="7.60555267333984e-05" />
    <testcase name="Equals (886)" classname="spec_perl_TestBitsUnalignedB64Be_t" time="3.40938568115234e-05" />
    <testcase name="Equals (887)" classname="spec_perl_TestBitsUnalignedB64Be_t" time="3.00407409667969e-05" />
  </testsuite>
  <testsuite name="spec_perl_TestIfStruct_t" errors="0" failures="0" skipped="0" tests="7" time="0.0359399318695068">
    <system-out>1..7
ok 1 - Equals
ok 2 - Equals
ok 3 - Equals
ok 4 - Equals
ok 5 - Equals
ok 6 - Equals
ok 7 - Equals
</system-out>
    <testcase name="Equals (888)" classname="spec_perl_TestIfStruct_t" time="0.00117087364196777" />
    <testcase name="Equals (889)" classname="spec_perl_TestIfStruct_t" time="6.91413879394531e-05" />
    <testcase name="Equals (890)" classname="spec_perl_TestIfStruct_t" time="4.29153442382812e-05" />
    <testcase name="Equals (891)" classname="spec_perl_TestIfStruct_t" time="6.103515625e-05" />
    <testcase name="Equals (892)" classname="spec_perl_TestIfStruct_t" time="5.10215759277344e-05" />
    <testcase name="Equals (893)" classname="spec_perl_TestIfStruct_t" time="3.88622283935547e-05" />
    <testcase name="Equals (894)" classname="spec_perl_TestIfStruct_t" time="4.91142272949219e-05" />
  </testsuite>
  <testsuite name="spec_perl_TestSwitchBytearray_t" errors="0" failures="0" skipped="0" tests="9" time="0.0342738628387451">
    <system-out>1..9
ok 1 - Equals
ok 2 - Equals
ok 3 - Equals
ok 4 - Equals
ok 5 - Equals
ok 6 - Equals
ok 7 - Equals
ok 8 - Equals
ok 9 - Equals
</system-out>
    <testcase name="Equals (895)" classname="spec_perl_TestSwitchBytearray_t" time="0.0014641284942627" />
    <testcase name="Equals (896)" classname="spec_perl_TestSwitchBytearray_t" time="9.79900360107422e-05" />
    <testcase name="Equals (897)" classname="spec_perl_TestSwitchBytearray_t" time="0.000102996826171875" />
    <testcase name="Equals (898)" classname="spec_perl_TestSwitchBytearray_t" time="6.89029693603516e-05" />
    <testcase name="Equals (899)" classname="spec_perl_TestSwitchBytearray_t" time="6.29425048828125e-05" />
    <testcase name="Equals (900)" classname="spec_perl_TestSwitchBytearray_t" time="6.103515625e-05" />
    <testcase name="Equals (901)" classname="spec_perl_TestSwitchBytearray_t" time="5.91278076171875e-05" />
    <testcase name="Equals (902)" classname="spec_perl_TestSwitchBytearray_t" time="8.48770141601562e-05" />
    <testcase name="Equals (903)" classname="spec_perl_TestSwitchBytearray_t" time="6.89029693603516e-05" />
  </testsuite>
  <testsuite name="spec_perl_TestCombineBytes_t" errors="0" failures="0" skipped="0" tests="10" time="0.029026985168457">
    <system-out>1..10
ok 1 - Equals
ok 2 - Equals
ok 3 - Equals
ok 4 - Equals
ok 5 - Equals
ok 6 - Equals
ok 7 - Equals
ok 8 - Equals
ok 9 - Equals
ok 10 - Equals
</system-out>
    <testcase name="Equals (904)" classname="spec_perl_TestCombineBytes_t" time="0.00101709365844727" />
    <testcase name="Equals (905)" classname="spec_perl_TestCombineBytes_t" time="8.29696655273438e-05" />
    <testcase name="Equals (906)" classname="spec_perl_TestCombineBytes_t" time="5.41210174560547e-05" />
    <testcase name="Equals (907)" classname="spec_perl_TestCombineBytes_t" time="6.69956207275391e-05" />
    <testcase name="Equals (908)" classname="spec_perl_TestCombineBytes_t" time="4.88758087158203e-05" />
    <testcase name="Equals (909)" classname="spec_perl_TestCombineBytes_t" time="5.60283660888672e-05" />
    <testcase name="Equals (910)" classname="spec_perl_TestCombineBytes_t" time="7.20024108886719e-05" />
    <testcase name="Equals (911)" classname="spec_perl_TestCombineBytes_t" time="4.60147857666016e-05" />
    <testcase name="Equals (912)" classname="spec_perl_TestCombineBytes_t" time="4.69684600830078e-05" />
    <testcase name="Equals (913)" classname="spec_perl_TestCombineBytes_t" time="4.60147857666016e-05" />
  </testsuite>
  <testsuite name="spec_perl_TestBufferedStruct_t" errors="0" failures="0" skipped="0" tests="7" time="0.0275609493255615">
    <system-out>1..7
ok 1 - Equals
ok 2 - Equals
ok 3 - Equals
ok 4 - Equals
ok 5 - Equals
ok 6 - Equals
ok 7 - Equals
</system-out>
    <testcase name="Equals (914)" classname="spec_perl_TestBufferedStruct_t" time="0.00166797637939453" />
    <testcase name="Equals (915)" classname="spec_perl_TestBufferedStruct_t" time="6.29425048828125e-05" />
    <testcase name="Equals (916)" classname="spec_perl_TestBufferedStruct_t" time="3.40938568115234e-05" />
    <testcase name="Equals (917)" classname="spec_perl_TestBufferedStruct_t" time="4.50611114501953e-05" />
    <testcase name="Equals (918)" classname="spec_perl_TestBufferedStruct_t" time="2.78949737548828e-05" />
    <testcase name="Equals (919)" classname="spec_perl_TestBufferedStruct_t" time="4.1961669921875e-05" />
    <testcase name="Equals (920)" classname="spec_perl_TestBufferedStruct_t" time="4.41074371337891e-05" />
  </testsuite>
  <testsuite name="spec_perl_TestIndexToParamEos_t" errors="0" failures="2" skipped="0" tests="7" time="0.0306100845336914">
    <system-out>1..7
ok 1 - Equals
ok 2 - Equals
ok 3 - Equals
ok 4 - Equals
ok 5 - Equals
not ok 6 - Equals
not ok 7 - Equals
</system-out>
    <testcase name="Equals (921)" classname="spec_perl_TestIndexToParamEos_t" time="0.00285696983337402" />
    <testcase name="Equals (922)" classname="spec_perl_TestIndexToParamEos_t" time="5.69820404052734e-05" />
    <testcase name="Equals (923)" classname="spec_perl_TestIndexToParamEos_t" time="5.60283660888672e-05" />
    <testcase name="Equals (924)" classname="spec_perl_TestIndexToParamEos_t" time="2.81333923339844e-05" />
    <testcase name="Equals (925)" classname="spec_perl_TestIndexToParamEos_t" time="3.09944152832031e-05" />
    <testcase name="Equals (926)" classname="spec_perl_TestIndexToParamEos_t" time="4.50611114501953e-05">
      <failure message="not ok 6 - Equals" type="TAP::Parser::Result::Test"></failure>
    </testcase>
    <testcase name="Equals (927)" classname="spec_perl_TestIndexToParamEos_t" time="2.288818359375e-05">
      <failure message="not ok 7 - Equals" type="TAP::Parser::Result::Test"></failure>
    </testcase>
  </testsuite>
  <testsuite name="spec_perl_TestMultipleUse_t" errors="0" failures="0" skipped="0" tests="2" time="0.0313289165496826">
    <system-out>1..2
ok 1 - Equals
ok 2 - Equals
</system-out>
    <testcase name="Equals (928)" classname="spec_perl_TestMultipleUse_t" time="0.00105094909667969" />
    <testcase name="Equals (929)" classname="spec_perl_TestMultipleUse_t" time="0.000118017196655273" />
  </testsuite>
  <testsuite name="spec_perl_TestProcessXor4Value_t" errors="0" failures="0" skipped="0" tests="2" time="0.0288817882537842">
    <system-out>1..2
ok 1 - Equals
ok 2 - Equals
</system-out>
    <testcase name="Equals (930)" classname="spec_perl_TestProcessXor4Value_t" time="0.00101900100708008" />
    <testcase name="Equals (931)" classname="spec_perl_TestProcessXor4Value_t" time="7.41481781005859e-05" />
  </testsuite>
  <testsuite name="spec_perl_TestEnumImport_t" errors="0" failures="2" skipped="0" tests="2" time="0.026710033416748">
    <system-out>1..2
not ok 1 - Equals
not ok 2 - Equals
</system-out>
    <testcase name="Equals (932)" classname="spec_perl_TestEnumImport_t" time="0.000115871429443359">
      <failure message="not ok 1 - Equals" type="TAP::Parser::Result::Test"></failure>
    </testcase>
    <testcase name="Equals (933)" classname="spec_perl_TestEnumImport_t" time="5.31673431396484e-05">
      <failure message="not ok 2 - Equals" type="TAP::Parser::Result::Test"></failure>
    </testcase>
  </testsuite>
  <testsuite name="spec_perl_TestDebugSwitchUser_t" errors="1" failures="0" skipped="0" tests="0" time="0.0275290012359619">
    <system-out></system-out>
    <testcase name="Test died too soon, even before plan. (933)" classname="spec_perl_TestDebugSwitchUser_t" time="0.0275290012359619">
      <failure message="The test suite died before a plan was produced. You need to have a plan." type="Plan">No plan</failure>
    </testcase>
  </testsuite>
  <testsuite name="spec_perl_TestEnumIntRangeU_t" errors="0" failures="0" skipped="0" tests="2" time="0.0254878997802734">
    <system-out>1..2
ok 1 - Equals
ok 2 - Equals
</system-out>
    <testcase name="Equals (934)" classname="spec_perl_TestEnumIntRangeU_t" time="0.000873088836669922" />
    <testcase name="Equals (935)" classname="spec_perl_TestEnumIntRangeU_t" time="7.00950622558594e-05" />
  </testsuite>
  <testsuite name="spec_perl_TestEnumDeepLiterals_t" errors="0" failures="0" skipped="0" tests="2" time="0.0268559455871582">
    <system-out>1..2
ok 1 - Equals
ok 2 - Equals
</system-out>
    <testcase name="Equals (936)" classname="spec_perl_TestEnumDeepLiterals_t" time="0.000874996185302734" />
    <testcase name="Equals (937)" classname="spec_perl_TestEnumDeepLiterals_t" time="7.79628753662109e-05" />
  </testsuite>
  <testsuite name="spec_perl_TestProcessXorValue_t" errors="0" failures="0" skipped="0" tests="2" time="0.0289781093597412">
    <system-out>1..2
ok 1 - Equals
ok 2 - Equals
</system-out>
    <testcase name="Equals (938)" classname="spec_perl_TestProcessXorValue_t" time="0.000909090042114258" />
    <testcase name="Equals (939)" classname="spec_perl_TestProcessXorValue_t" time="8.70227813720703e-05" />
  </testsuite>
  <testsuite name="spec_perl_TestBytesPadTerm_t" errors="0" failures="0" skipped="0" tests="4" time="0.026623010635376">
    <system-out>1..4
ok 1 - Equals
ok 2 - Equals
ok 3 - Equals
ok 4 - Equals
</system-out>
    <testcase name="Equals (940)" classname="spec_perl_TestBytesPadTerm_t" time="0.000977039337158203" />
    <testcase name="Equals (941)" classname="spec_perl_TestBytesPadTerm_t" time="0.000105142593383789" />
    <testcase name="Equals (942)" classname="spec_perl_TestBytesPadTerm_t" time="6.69956207275391e-05" />
    <testcase name="Equals (943)" classname="spec_perl_TestBytesPadTerm_t" time="5.88893890380859e-05" />
  </testsuite>
  <testsuite name="spec_perl_TestImportsAbsRel_t" errors="0" failures="0" skipped="0" tests="3" time="0.0283911228179932">
    <system-out>1..3
ok 1 - Equals
ok 2 - Equals
ok 3 - Equals
</system-out>
    <testcase name="Equals (944)" classname="spec_perl_TestImportsAbsRel_t" time="0.000869035720825195" />
    <testcase name="Equals (945)" classname="spec_perl_TestImportsAbsRel_t" time="6.41345977783203e-05" />
    <testcase name="Equals (946)" classname="spec_perl_TestImportsAbsRel_t" time="4.10079956054688e-05" />
  </testsuite>
  <testsuite name="spec_perl_TestExprStrOps_t" errors="0" failures="0" skipped="0" tests="17" time="0.0318009853363037">
    <system-out>1..17
ok 1 - Equals
ok 2 - Equals
ok 3 - Equals
ok 4 - Equals
ok 5 - Equals
ok 6 - Equals
ok 7 - Equals
ok 8 - Equals
ok 9 - Equals
ok 10 - Equals
ok 11 - Equals
ok 12 - Equals
ok 13 - Equals
ok 14 - Equals
ok 15 - Equals
ok 16 - Equals
ok 17 - Equals
</system-out>
    <testcase name="Equals (947)" classname="spec_perl_TestExprStrOps_t" time="0.00102710723876953" />
    <testcase name="Equals (948)" classname="spec_perl_TestExprStrOps_t" time="9.39369201660156e-05" />
    <testcase name="Equals (949)" classname="spec_perl_TestExprStrOps_t" time="5.91278076171875e-05" />
    <testcase name="Equals (950)" classname="spec_perl_TestExprStrOps_t" time="7.79628753662109e-05" />
    <testcase name="Equals (951)" classname="spec_perl_TestExprStrOps_t" time="5.48362731933594e-05" />
    <testcase name="Equals (952)" classname="spec_perl_TestExprStrOps_t" time="6.81877136230469e-05" />
    <testcase name="Equals (953)" classname="spec_perl_TestExprStrOps_t" time="6.19888305664062e-05" />
    <testcase name="Equals (954)" classname="spec_perl_TestExprStrOps_t" time="6.69956207275391e-05" />
    <testcase name="Equals (955)" classname="spec_perl_TestExprStrOps_t" time="5.79357147216797e-05" />
    <testcase name="Equals (956)" classname="spec_perl_TestExprStrOps_t" time="6.60419464111328e-05" />
    <testcase name="Equals (957)" classname="spec_perl_TestExprStrOps_t" time="5.10215759277344e-05" />
    <testcase name="Equals (958)" classname="spec_perl_TestExprStrOps_t" time="6.38961791992188e-05" />
    <testcase name="Equals (959)" classname="spec_perl_TestExprStrOps_t" time="5.19752502441406e-05" />
    <testcase name="Equals (960)" classname="spec_perl_TestExprStrOps_t" time="6.41345977783203e-05" />
    <testcase name="Equals (961)" classname="spec_perl_TestExprStrOps_t" time="4.88758087158203e-05" />
    <testcase name="Equals (962)" classname="spec_perl_TestExprStrOps_t" time="7.10487365722656e-05" />
    <testcase name="Equals (963)" classname="spec_perl_TestExprStrOps_t" time="4.91142272949219e-05" />
  </testsuite>
  <testsuite name="spec_perl_TestParamsPassUsertype_t" errors="0" failures="1" skipped="1" tests="2" time="0.0312650203704834">
    <system-out>1..2
not ok 1 - test_params_pass_usertype died (Can't call method &quot;foo&quot; on an undefined value at compiled/perl/ParamsPassUsertype.pm line 119.)
ok 2 # skip test_params_pass_usertype died
</system-out>
    <testcase name="test_params_pass_usertype died (Can't call method &quot;foo&quot; on an undefined value at compiled/perl/ParamsPassUsertype.pm line 119.) (963)" classname="spec_perl_TestParamsPassUsertype_t" time="0.0013420581817627">
      <failure message="not ok 1 - test_params_pass_usertype died (Can't call method &quot;foo&quot; on an undefined value at compiled/perl/ParamsPassUsertype.pm line 119.)" type="TAP::Parser::Result::Test"></failure>
    </testcase>
    <testcase name="Unnamed test case 963" classname="spec_perl_TestParamsPassUsertype_t" time="0.000119924545288086">
      <skipped message="ok 2 # skip test_params_pass_usertype died" />
    </testcase>
  </testsuite>
  <testsuite name="spec_perl_TestRepeatNStrz_t" errors="0" failures="0" skipped="0" tests="2" time="0.0330240726470947">
    <system-out>1..2
ok 1 - Equals
ok 2 - Equals
</system-out>
    <testcase name="Equals (964)" classname="spec_perl_TestRepeatNStrz_t" time="0.00141406059265137" />
    <testcase name="Equals (965)" classname="spec_perl_TestRepeatNStrz_t" time="9.89437103271484e-05" />
  </testsuite>
  <testsuite name="spec_perl_TestStrPadTermEmpty_t" errors="0" failures="0" skipped="0" tests="4" time="0.0353488922119141">
    <system-out>1..4
ok 1 - Equals
ok 2 - Equals
ok 3 - Equals
ok 4 - Equals
</system-out>
    <testcase name="Equals (966)" classname="spec_perl_TestStrPadTermEmpty_t" time="0.00143098831176758" />
    <testcase name="Equals (967)" classname="spec_perl_TestStrPadTermEmpty_t" time="0.000128984451293945" />
    <testcase name="Equals (968)" classname="spec_perl_TestStrPadTermEmpty_t" time="7.29560852050781e-05" />
    <testcase name="Equals (969)" classname="spec_perl_TestStrPadTermEmpty_t" time="9.89437103271484e-05" />
  </testsuite>
  <testsuite name="spec_perl_TestNestedTypes_t" errors="0" failures="0" skipped="0" tests="3" time="0.0278840065002441">
    <system-out>1..3
ok 1 - Equals
ok 2 - Equals
ok 3 - Equals
</system-out>
    <testcase name="Equals (970)" classname="spec_perl_TestNestedTypes_t" time="0.00113582611083984" />
    <testcase name="Equals (971)" classname="spec_perl_TestNestedTypes_t" time="8.82148742675781e-05" />
    <testcase name="Equals (972)" classname="spec_perl_TestNestedTypes_t" time="5.48362731933594e-05" />
  </testsuite>
  <testsuite name="spec_perl_TestBitsByteAligned_t" errors="0" failures="0" skipped="0" tests="9" time="0.0333330631256104">
    <system-out>1..9
ok 1 - Equals
ok 2 - Equals
ok 3 - Equals
ok 4 - Equals
ok 5 - Equals
ok 6 - Equals
ok 7 - Equals
ok 8 - Equals
ok 9 - Equals
</system-out>
    <testcase name="Equals (973)" classname="spec_perl_TestBitsByteAligned_t" time="0.00298810005187988" />
    <testcase name="Equals (974)" classname="spec_perl_TestBitsByteAligned_t" time="7.20024108886719e-05" />
    <testcase name="Equals (975)" classname="spec_perl_TestBitsByteAligned_t" time="3.79085540771484e-05" />
    <testcase name="Equals (976)" classname="spec_perl_TestBitsByteAligned_t" time="3.40938568115234e-05" />
    <testcase name="Equals (977)" classname="spec_perl_TestBitsByteAligned_t" time="3.60012054443359e-05" />
    <testcase name="Equals (978)" classname="spec_perl_TestBitsByteAligned_t" time="3.29017639160156e-05" />
    <testcase name="Equals (979)" classname="spec_perl_TestBitsByteAligned_t" time="3.29017639160156e-05" />
    <testcase name="Equals (980)" classname="spec_perl_TestBitsByteAligned_t" time="3.21865081787109e-05" />
    <testcase name="Equals (981)" classname="spec_perl_TestBitsByteAligned_t" time="3.19480895996094e-05" />
  </testsuite>
  <testsuite name="spec_perl_TestCastNested_t" errors="0" failures="0" skipped="0" tests="4" time="0.0308740139007568">
    <system-out>1..4
ok 1 - Equals
ok 2 - Equals
ok 3 - Equals
ok 4 - Equals
</system-out>
    <testcase name="Equals (982)" classname="spec_perl_TestCastNested_t" time="0.000486135482788086" />
    <testcase name="Equals (983)" classname="spec_perl_TestCastNested_t" time="5.10215759277344e-05" />
    <testcase name="Equals (984)" classname="spec_perl_TestCastNested_t" time="4.1961669921875e-05" />
    <testcase name="Equals (985)" classname="spec_perl_TestCastNested_t" time="3.79085540771484e-05" />
  </testsuite>
</testsuites>
