<?xml version='1.0' encoding='utf-8'?>
<testsuites>
  <testsuite name="spec_perl_TestEnum0_t" errors="0" failures="0" skipped="0" tests="2" time="0.042294979095459">
    <system-out>1..2
ok 1 - Equals
ok 2 - Equals
</system-out>
    <testcase name="Equals" classname="spec_perl_TestEnum0_t" time="0.000224113464355469" />
    <testcase name="Equals (2)" classname="spec_perl_TestEnum0_t" time="7.79628753662109e-05" />
  </testsuite>
  <testsuite name="spec_perl_TestNavParentSwitch_t" errors="0" failures="0" skipped="0" tests="3" time="0.0442070960998535">
    <system-out>1..3
ok 1 - Equals
ok 2 - Equals
ok 3 - Equals
</system-out>
    <testcase name="Equals (3)" classname="spec_perl_TestNavParentSwitch_t" time="0.000250101089477539" />
    <testcase name="Equals (4)" classname="spec_perl_TestNavParentSwitch_t" time="8.08238983154297e-05" />
    <testcase name="Equals (5)" classname="spec_perl_TestNavParentSwitch_t" time="0.0001220703125" />
  </testsuite>
  <testsuite name="spec_perl_TestIndexToParamUntil_t" errors="0" failures="2" skipped="0" tests="7" time="0.068195104598999">
    <system-out>1..7
ok 1 - Equals
ok 2 - Equals
ok 3 - Equals
ok 4 - Equals
ok 5 - Equals
not ok 6 - Equals
not ok 7 - Equals
</system-out>
    <testcase name="Equals (6)" classname="spec_perl_TestIndexToParamUntil_t" time="0.000440120697021484" />
    <testcase name="Equals (7)" classname="spec_perl_TestIndexToParamUntil_t" time="0.00043487548828125" />
    <testcase name="Equals (8)" classname="spec_perl_TestIndexToParamUntil_t" time="0.000417947769165039" />
    <testcase name="Equals (9)" classname="spec_perl_TestIndexToParamUntil_t" time="0.000402212142944336" />
    <testcase name="Equals (10)" classname="spec_perl_TestIndexToParamUntil_t" time="0.00034785270690918" />
    <testcase name="Equals (11)" classname="spec_perl_TestIndexToParamUntil_t" time="0.00042414665222168">
      <failure message="not ok 6 - Equals" type="TAP::Parser::Result::Test"></failure>
    </testcase>
    <testcase name="Equals (12)" classname="spec_perl_TestIndexToParamUntil_t" time="0.000959873199462891">
      <failure message="not ok 7 - Equals" type="TAP::Parser::Result::Test"></failure>
    </testcase>
  </testsuite>
  <testsuite name="spec_perl_TestNavParent3_t" errors="0" failures="0" skipped="0" tests="10" time="0.0466201305389404">
    <system-out>1..10
ok 1 - Equals
ok 2 - Equals
ok 3 - Equals
ok 4 - Equals
ok 5 - Equals
ok 6 - Equals
ok 7 - Equals
ok 8 - Equals
ok 9 - Equals
ok 10 - Equals
</system-out>
    <testcase name="Equals (13)" classname="spec_perl_TestNavParent3_t" time="0.000216960906982422" />
    <testcase name="Equals (14)" classname="spec_perl_TestNavParent3_t" time="7.70092010498047e-05" />
    <testcase name="Equals (15)" classname="spec_perl_TestNavParent3_t" time="0.000229120254516602" />
    <testcase name="Equals (16)" classname="spec_perl_TestNavParent3_t" time="6.89029693603516e-05" />
    <testcase name="Equals (17)" classname="spec_perl_TestNavParent3_t" time="0.000133991241455078" />
    <testcase name="Equals (18)" classname="spec_perl_TestNavParent3_t" time="0.000174045562744141" />
    <testcase name="Equals (19)" classname="spec_perl_TestNavParent3_t" time="0.000119924545288086" />
    <testcase name="Equals (20)" classname="spec_perl_TestNavParent3_t" time="0.000131130218505859" />
    <testcase name="Equals (21)" classname="spec_perl_TestNavParent3_t" time="0.00011897087097168" />
    <testcase name="Equals (22)" classname="spec_perl_TestNavParent3_t" time="0.000181913375854492" />
  </testsuite>
  <testsuite name="spec_perl_TestCastToTop_t" errors="0" failures="0" skipped="0" tests="3" time="0.0420482158660889">
    <system-out>1..3
ok 1 - Equals
ok 2 - Equals
ok 3 - Equals
</system-out>
    <testcase name="Equals (23)" classname="spec_perl_TestCastToTop_t" time="0.00020289421081543" />
    <testcase name="Equals (24)" classname="spec_perl_TestCastToTop_t" time="9.70363616943359e-05" />
    <testcase name="Equals (25)" classname="spec_perl_TestCastToTop_t" time="0.000149011611938477" />
  </testsuite>
  <testsuite name="spec_perl_TestInstanceIoUser_t" errors="0" failures="0" skipped="0" tests="4" time="0.0783159732818604">
    <system-out>1..4
ok 1 - Equals
ok 2 - Equals
ok 3 - Equals
ok 4 - Equals
</system-out>
    <testcase name="Equals (26)" classname="spec_perl_TestInstanceIoUser_t" time="0.00055694580078125" />
    <testcase name="Equals (27)" classname="spec_perl_TestInstanceIoUser_t" time="0.000101089477539062" />
    <testcase name="Equals (28)" classname="spec_perl_TestInstanceIoUser_t" time="0.000130891799926758" />
    <testcase name="Equals (29)" classname="spec_perl_TestInstanceIoUser_t" time="0.000165939331054688" />
  </testsuite>
  <testsuite name="spec_perl_TestIndexToParamExpr_t" errors="0" failures="2" skipped="0" tests="7" time="0.0871350765228271">
    <system-out>1..7
ok 1 - Equals
ok 2 - Equals
ok 3 - Equals
ok 4 - Equals
ok 5 - Equals
not ok 6 - Equals
not ok 7 - Equals
</system-out>
    <testcase name="Equals (30)" classname="spec_perl_TestIndexToParamExpr_t" time="0.000280857086181641" />
    <testcase name="Equals (31)" classname="spec_perl_TestIndexToParamExpr_t" time="0.0004119873046875" />
    <testcase name="Equals (32)" classname="spec_perl_TestIndexToParamExpr_t" time="0.000349044799804688" />
    <testcase name="Equals (33)" classname="spec_perl_TestIndexToParamExpr_t" time="0.000330924987792969" />
    <testcase name="Equals (34)" classname="spec_perl_TestIndexToParamExpr_t" time="0.000332117080688477" />
    <testcase name="Equals (35)" classname="spec_perl_TestIndexToParamExpr_t" time="0.000446081161499023">
      <failure message="not ok 6 - Equals" type="TAP::Parser::Result::Test"></failure>
    </testcase>
    <testcase name="Equals (36)" classname="spec_perl_TestIndexToParamExpr_t" time="0.00104188919067383">
      <failure message="not ok 7 - Equals" type="TAP::Parser::Result::Test"></failure>
    </testcase>
  </testsuite>
  <testsuite name="spec_perl_TestNavParentOverride_t" errors="0" failures="0" skipped="0" tests="3" time="0.0427899360656738">
    <system-out>1..3
ok 1 - Equals
ok 2 - Equals
ok 3 - Equals
</system-out>
    <testcase name="Equals (37)" classname="spec_perl_TestNavParentOverride_t" time="0.000232934951782227" />
    <testcase name="Equals (38)" classname="spec_perl_TestNavParentOverride_t" time="7.79628753662109e-05" />
    <testcase name="Equals (39)" classname="spec_perl_TestNavParentOverride_t" time="0.000136137008666992" />
  </testsuite>
  <testsuite name="spec_perl_TestExprBytesOps_t" errors="1" failures="0" skipped="0" tests="0" time="0.0445919036865234">
    <system-out></system-out>
    <testcase name="Test died too soon, even before plan. (39)" classname="spec_perl_TestExprBytesOps_t" time="0.0445919036865234">
      <failure message="The test suite died before a plan was produced. You need to have a plan." type="Plan">No plan</failure>
    </testcase>
  </testsuite>
  <testsuite name="spec_perl_TestParamsPassArrayInt_t" errors="0" failures="1" skipped="6" tests="7" time="0.0458078384399414">
    <system-out>1..7
not ok 1 - test_params_pass_array_int died (Can't use an undefined value as an ARRAY reference at spec/perl/TestParamsPassArrayInt.t line 15.)
ok 2 # skip test_params_pass_array_int died
ok 3 # skip test_params_pass_array_int died
ok 4 # skip test_params_pass_array_int died
ok 5 # skip test_params_pass_array_int died
ok 6 # skip test_params_pass_array_int died
ok 7 # skip test_params_pass_array_int died
</system-out>
    <testcase name="test_params_pass_array_int died (Can't use an undefined value as an ARRAY reference at spec/perl/TestParamsPassArrayInt.t line 15.) (39)" classname="spec_perl_TestParamsPassArrayInt_t" time="0.000311851501464844">
      <failure message="not ok 1 - test_params_pass_array_int died (Can't use an undefined value as an ARRAY reference at spec/perl/TestParamsPassArrayInt.t line 15.)" type="TAP::Parser::Result::Test"></failure>
    </testcase>
    <testcase name="Unnamed test case 39" classname="spec_perl_TestParamsPassArrayInt_t" time="0.0016791820526123">
      <skipped message="ok 2 # skip test_params_pass_array_int died" />
    </testcase>
    <testcase name="Unnamed test case 40" classname="spec_perl_TestParamsPassArrayInt_t" time="9.39369201660156e-05">
      <skipped message="ok 3 # skip test_params_pass_array_int died" />
    </testcase>
    <testcase name="Unnamed test case 41" classname="spec_perl_TestParamsPassArrayInt_t" time="0.0001220703125">
      <skipped message="ok 4 # skip test_params_pass_array_int died" />
    </testcase>
    <testcase name="Unnamed test case 42" classname="spec_perl_TestParamsPassArrayInt_t" time="0.000154972076416016">
      <skipped message="ok 5 # skip test_params_pass_array_int died" />
    </testcase>
    <testcase name="Unnamed test case 43" classname="spec_perl_TestParamsPassArrayInt_t" time="0.000104904174804688">
      <skipped message="ok 6 # skip test_params_pass_array_int died" />
    </testcase>
    <testcase name="Unnamed test case 44" classname="spec_perl_TestParamsPassArrayInt_t" time="0.00011897087097168">
      <skipped message="ok 7 # skip test_params_pass_array_int died" />
    </testcase>
  </testsuite>
  <testsuite name="spec_perl_TestExprSizeofValue0_t" errors="0" failures="0" skipped="0" tests="5" time="0.0435051918029785">
    <system-out>1..5
ok 1 - Equals
ok 2 - Equals
ok 3 - Equals
ok 4 - Equals
ok 5 - Equals
</system-out>
    <testcase name="Equals (44)" classname="spec_perl_TestExprSizeofValue0_t" time="0.000232934951782227" />
    <testcase name="Equals (45)" classname="spec_perl_TestExprSizeofValue0_t" time="7.91549682617188e-05" />
    <testcase name="Equals (46)" classname="spec_perl_TestExprSizeofValue0_t" time="0.000157833099365234" />
    <testcase name="Equals (47)" classname="spec_perl_TestExprSizeofValue0_t" time="7.29560852050781e-05" />
    <testcase name="Equals (48)" classname="spec_perl_TestExprSizeofValue0_t" time="0.000144004821777344" />
  </testsuite>
  <testsuite name="spec_perl_TestExprIntDiv_t" errors="0" failures="2" skipped="0" tests="6" time="0.047605037689209">
    <system-out>1..6
ok 1 - Equals
ok 2 - Equals
ok 3 - Equals
not ok 4 - Equals
ok 5 - Equals
not ok 6 - Equals
</system-out>
    <testcase name="Equals (49)" classname="spec_perl_TestExprIntDiv_t" time="0.000168800354003906" />
    <testcase name="Equals (50)" classname="spec_perl_TestExprIntDiv_t" time="7.41481781005859e-05" />
    <testcase name="Equals (51)" classname="spec_perl_TestExprIntDiv_t" time="0.000143051147460938" />
    <testcase name="Equals (52)" classname="spec_perl_TestExprIntDiv_t" time="0.000221967697143555">
      <failure message="not ok 4 - Equals" type="TAP::Parser::Result::Test"></failure>
    </testcase>
    <testcase name="Equals (53)" classname="spec_perl_TestExprIntDiv_t" time="0.00373101234436035" />
    <testcase name="Equals (54)" classname="spec_perl_TestExprIntDiv_t" time="6.89029693603516e-05">
      <failure message="not ok 6 - Equals" type="TAP::Parser::Result::Test"></failure>
    </testcase>
  </testsuite>
  <testsuite name="spec_perl_TestNonStandard_t" errors="0" failures="0" skipped="0" tests="1" time="0.0422360897064209">
    <system-out>1..1
ok 1 - Equals
</system-out>
    <testcase name="Equals (55)" classname="spec_perl_TestNonStandard_t" time="0.000166893005371094" />
  </testsuite>
  <testsuite name="spec_perl_TestFloatingPoints_t" errors="0" failures="0" skipped="0" tests="8" time="0.048551082611084">
    <system-out>1..8
ok 1 - Approx equals
ok 2 - Approx equals
ok 3 - Approx equals
ok 4 - Approx equals
ok 5 - Approx equals
ok 6 - Approx equals
ok 7 - Approx equals
ok 8 - Approx equals
</system-out>
    <testcase name="Approx equals (55)" classname="spec_perl_TestFloatingPoints_t" time="0.000183820724487305" />
    <testcase name="Approx equals (56)" classname="spec_perl_TestFloatingPoints_t" time="5.50746917724609e-05" />
    <testcase name="Approx equals (57)" classname="spec_perl_TestFloatingPoints_t" time="6.19888305664062e-05" />
    <testcase name="Approx equals (58)" classname="spec_perl_TestFloatingPoints_t" time="4.50611114501953e-05" />
    <testcase name="Approx equals (59)" classname="spec_perl_TestFloatingPoints_t" time="4.1961669921875e-05" />
    <testcase name="Approx equals (60)" classname="spec_perl_TestFloatingPoints_t" time="4.1961669921875e-05" />
    <testcase name="Approx equals (61)" classname="spec_perl_TestFloatingPoints_t" time="5.31673431396484e-05" />
    <testcase name="Approx equals (62)" classname="spec_perl_TestFloatingPoints_t" time="7.48634338378906e-05" />
  </testsuite>
  <testsuite name="spec_perl_TestBitsSeqEndianCombo_t" errors="0" failures="0" skipped="0" tests="8" time="0.0429799556732178">
    <system-out>1..8
ok 1 - Equals
ok 2 - Equals
ok 3 - Equals
ok 4 - Equals
ok 5 - Equals
ok 6 - Equals
ok 7 - Equals
ok 8 - Equals
</system-out>
    <testcase name="Equals (62)" classname="spec_perl_TestBitsSeqEndianCombo_t" time="0.000270843505859375" />
    <testcase name="Equals (63)" classname="spec_perl_TestBitsSeqEndianCombo_t" time="8.10623168945312e-05" />
    <testcase name="Equals (64)" classname="spec_perl_TestBitsSeqEndianCombo_t" time="0.000117063522338867" />
    <testcase name="Equals (65)" classname="spec_perl_TestBitsSeqEndianCombo_t" time="0.000134944915771484" />
    <testcase name="Equals (66)" classname="spec_perl_TestBitsSeqEndianCombo_t" time="0.000123023986816406" />
    <testcase name="Equals (67)" classname="spec_perl_TestBitsSeqEndianCombo_t" time="0.00014495849609375" />
    <testcase name="Equals (68)" classname="spec_perl_TestBitsSeqEndianCombo_t" time="0.000117063522338867" />
    <testcase name="Equals (69)" classname="spec_perl_TestBitsSeqEndianCombo_t" time="0.000140905380249023" />
  </testsuite>
  <testsuite name="spec_perl_TestJsSignedRightShift_t" errors="0" failures="0" skipped="0" tests="2" time="0.0418429374694824">
    <system-out>1..2
ok 1 - Equals
ok 2 - Equals
</system-out>
    <testcase name="Equals (70)" classname="spec_perl_TestJsSignedRightShift_t" time="0.00018310546875" />
    <testcase name="Equals (71)" classname="spec_perl_TestJsSignedRightShift_t" time="0.000129938125610352" />
  </testsuite>
  <testsuite name="spec_perl_TestCastToImported_t" errors="0" failures="0" skipped="0" tests="2" time="0.0421409606933594">
    <system-out>1..2
ok 1 - Equals
ok 2 - Equals
</system-out>
    <testcase name="Equals (72)" classname="spec_perl_TestCastToImported_t" time="0.000166893005371094" />
    <testcase name="Equals (73)" classname="spec_perl_TestCastToImported_t" time="0.000116109848022461" />
  </testsuite>
  <testsuite name="spec_perl_TestRepeatNStrz_t" errors="0" failures="0" skipped="0" tests="2" time="0.0450179576873779">
    <system-out>1..2
ok 1 - Equals
ok 2 - Equals
</system-out>
    <testcase name="Equals (74)" classname="spec_perl_TestRepeatNStrz_t" time="0.000283002853393555" />
    <testcase name="Equals (75)" classname="spec_perl_TestRepeatNStrz_t" time="8.29696655273438e-05" />
  </testsuite>
  <testsuite name="spec_perl_TestBitsByteAligned_t" errors="0" failures="0" skipped="0" tests="9" time="0.0427229404449463">
    <system-out>1..9
ok 1 - Equals
ok 2 - Equals
ok 3 - Equals
ok 4 - Equals
ok 5 - Equals
ok 6 - Equals
ok 7 - Equals
ok 8 - Equals
ok 9 - Equals
</system-out>
    <testcase name="Equals (76)" classname="spec_perl_TestBitsByteAligned_t" time="0.000282049179077148" />
    <testcase name="Equals (77)" classname="spec_perl_TestBitsByteAligned_t" time="8.29696655273438e-05" />
    <testcase name="Equals (78)" classname="spec_perl_TestBitsByteAligned_t" time="0.000137090682983398" />
    <testcase name="Equals (79)" classname="spec_perl_TestBitsByteAligned_t" time="8.98838043212891e-05" />
    <testcase name="Equals (80)" classname="spec_perl_TestBitsByteAligned_t" time="0.000143051147460938" />
    <testcase name="Equals (81)" classname="spec_perl_TestBitsByteAligned_t" time="0.000108957290649414" />
    <testcase name="Equals (82)" classname="spec_perl_TestBitsByteAligned_t" time="0.000138044357299805" />
    <testcase name="Equals (83)" classname="spec_perl_TestBitsByteAligned_t" time="0.000123023986816406" />
    <testcase name="Equals (84)" classname="spec_perl_TestBitsByteAligned_t" time="0.000128984451293945" />
  </testsuite>
  <testsuite name="spec_perl_TestStrPadTermEmpty_t" errors="0" failures="0" skipped="0" tests="4" time="0.0470161437988281">
    <system-out>1..4
ok 1 - Equals
ok 2 - Equals
ok 3 - Equals
ok 4 - Equals
</system-out>
    <testcase name="Equals (85)" classname="spec_perl_TestStrPadTermEmpty_t" time="0.000324010848999023" />
    <testcase name="Equals (86)" classname="spec_perl_TestStrPadTermEmpty_t" time="8.70227813720703e-05" />
    <testcase name="Equals (87)" classname="spec_perl_TestStrPadTermEmpty_t" time="5.88893890380859e-05" />
    <testcase name="Equals (88)" classname="spec_perl_TestStrPadTermEmpty_t" time="0.000193119049072266" />
  </testsuite>
  <testsuite name="spec_perl_TestIntegers_t" errors="1" failures="0" skipped="0" tests="0" time="0.0424859523773193">
    <system-out></system-out>
    <testcase name="Test died too soon, even before plan. (88)" classname="spec_perl_TestIntegers_t" time="0.0424859523773193">
      <failure message="The test suite died before a plan was produced. You need to have a plan." type="Plan">No plan</failure>
    </testcase>
  </testsuite>
  <testsuite name="spec_perl_TestExprBits_t" errors="0" failures="0" skipped="0" tests="10" time="0.0441710948944092">
    <system-out>1..10
ok 1 - Equals
ok 2 - Equals
ok 3 - Equals
ok 4 - Equals
ok 5 - Equals
ok 6 - Equals
ok 7 - Equals
ok 8 - Equals
ok 9 - Equals
ok 10 - Equals
</system-out>
    <testcase name="Equals (89)" classname="spec_perl_TestExprBits_t" time="0.000283002853393555" />
    <testcase name="Equals (90)" classname="spec_perl_TestExprBits_t" time="8.29696655273438e-05" />
    <testcase name="Equals (91)" classname="spec_perl_TestExprBits_t" time="0.000108003616333008" />
    <testcase name="Equals (92)" classname="spec_perl_TestExprBits_t" time="0.000150918960571289" />
    <testcase name="Equals (93)" classname="spec_perl_TestExprBits_t" time="0.000106096267700195" />
    <testcase name="Equals (94)" classname="spec_perl_TestExprBits_t" time="0.000146865844726562" />
    <testcase name="Equals (95)" classname="spec_perl_TestExprBits_t" time="0.000116109848022461" />
    <testcase name="Equals (96)" classname="spec_perl_TestExprBits_t" time="0.000157833099365234" />
    <testcase name="Equals (97)" classname="spec_perl_TestExprBits_t" time="0.000119209289550781" />
    <testcase name="Equals (98)" classname="spec_perl_TestExprBits_t" time="0.000163793563842773" />
  </testsuite>
  <testsuite name="spec_perl_TestDefaultEndianExprInherited_t" errors="0" failures="0" skipped="0" tests="15" time="0.0447709560394287">
    <system-out>1..15
ok 1 - Equals
ok 2 - Equals
ok 3 - Equals
ok 4 - Equals
ok 5 - Equals
ok 6 - Equals
ok 7 - Equals
ok 8 - Equals
ok 9 - Equals
ok 10 - Equals
ok 11 - Equals
ok 12 - Equals
ok 13 - Equals
ok 14 - Equals
ok 15 - Equals
</system-out>
    <testcase name="Equals (99)" classname="spec_perl_TestDefaultEndianExprInherited_t" time="0.000303983688354492" />
    <testcase name="Equals (100)" classname="spec_perl_TestDefaultEndianExprInherited_t" time="0.000126123428344727" />
    <testcase name="Equals (101)" classname="spec_perl_TestDefaultEndianExprInherited_t" time="6.103515625e-05" />
    <testcase name="Equals (102)" classname="spec_perl_TestDefaultEndianExprInherited_t" time="0.000128030776977539" />
    <testcase name="Equals (103)" classname="spec_perl_TestDefaultEndianExprInherited_t" time="0.000147819519042969" />
    <testcase name="Equals (104)" classname="spec_perl_TestDefaultEndianExprInherited_t" time="0.000140190124511719" />
    <testcase name="Equals (105)" classname="spec_perl_TestDefaultEndianExprInherited_t" time="0.000127792358398438" />
    <testcase name="Equals (106)" classname="spec_perl_TestDefaultEndianExprInherited_t" time="0.000145196914672852" />
    <testcase name="Equals (107)" classname="spec_perl_TestDefaultEndianExprInherited_t" time="0.000119924545288086" />
    <testcase name="Equals (108)" classname="spec_perl_TestDefaultEndianExprInherited_t" time="0.000163078308105469" />
    <testcase name="Equals (109)" classname="spec_perl_TestDefaultEndianExprInherited_t" time="0.00011897087097168" />
    <testcase name="Equals (110)" classname="spec_perl_TestDefaultEndianExprInherited_t" time="0.00014495849609375" />
    <testcase name="Equals (111)" classname="spec_perl_TestDefaultEndianExprInherited_t" time="0.000151872634887695" />
    <testcase name="Equals (112)" classname="spec_perl_TestDefaultEndianExprInherited_t" time="0.000158071517944336" />
    <testcase name="Equals (113)" classname="spec_perl_TestDefaultEndianExprInherited_t" time="0.000129938125610352" />
  </testsuite>
  <testsuite name="spec_perl_TestProcessXor4Value_t" errors="0" failures="0" skipped="0" tests="2" time="0.0428130626678467">
    <system-out>1..2
ok 1 - Equals
ok 2 - Equals
</system-out>
    <testcase name="Equals (114)" classname="spec_perl_TestProcessXor4Value_t" time="0.000165939331054688" />
    <testcase name="Equals (115)" classname="spec_perl_TestProcessXor4Value_t" time="7.10487365722656e-05" />
  </testsuite>
  <testsuite name="spec_perl_TestPositionAbs_t" errors="0" failures="0" skipped="0" tests="2" time="0.0451838970184326">
    <system-out>1..2
ok 1 - Equals
ok 2 - Equals
</system-out>
    <testcase name="Equals (116)" classname="spec_perl_TestPositionAbs_t" time="0.000197172164916992" />
    <testcase name="Equals (117)" classname="spec_perl_TestPositionAbs_t" time="0.000195026397705078" />
  </testsuite>
  <testsuite name="spec_perl_TestProcessToUser_t" errors="0" failures="0" skipped="0" tests="1" time="0.0453479290008545">
    <system-out>1..1
ok 1 - Equals
</system-out>
    <testcase name="Equals (118)" classname="spec_perl_TestProcessToUser_t" time="0.000504970550537109" />
  </testsuite>
  <testsuite name="spec_perl_TestEnumOfValueInst_t" errors="0" failures="0" skipped="0" tests="4" time="0.0423150062561035">
    <system-out>1..4
ok 1 - Equals
ok 2 - Equals
ok 3 - Equals
ok 4 - Equals
</system-out>
    <testcase name="Equals (119)" classname="spec_perl_TestEnumOfValueInst_t" time="0.000176191329956055" />
    <testcase name="Equals (120)" classname="spec_perl_TestEnumOfValueInst_t" time="6.89029693603516e-05" />
    <testcase name="Equals (121)" classname="spec_perl_TestEnumOfValueInst_t" time="0.000116109848022461" />
    <testcase name="Equals (122)" classname="spec_perl_TestEnumOfValueInst_t" time="0.000129938125610352" />
  </testsuite>
  <testsuite name="spec_perl_TestEnumNegative_t" errors="0" failures="0" skipped="0" tests="2" time="0.042557954788208">
    <system-out>1..2
ok 1 - Equals
ok 2 - Equals
</system-out>
    <testcase name="Equals (123)" classname="spec_perl_TestEnumNegative_t" time="0.000249147415161133" />
    <testcase name="Equals (124)" classname="spec_perl_TestEnumNegative_t" time="7.98702239990234e-05" />
  </testsuite>
  <testsuite name="spec_perl_TestEnumImport_t" errors="0" failures="2" skipped="0" tests="2" time="0.0469729900360107">
    <system-out>1..2
not ok 1 - Equals
not ok 2 - Equals
</system-out>
    <testcase name="Equals (125)" classname="spec_perl_TestEnumImport_t" time="0.000112056732177734">
      <failure message="not ok 1 - Equals" type="TAP::Parser::Result::Test"></failure>
    </testcase>
    <testcase name="Equals (126)" classname="spec_perl_TestEnumImport_t" time="3.09944152832031e-05">
      <failure message="not ok 2 - Equals" type="TAP::Parser::Result::Test"></failure>
    </testcase>
  </testsuite>
  <testsuite name="spec_perl_TestProcessRepeatBytes_t" errors="0" failures="0" skipped="0" tests="2" time="0.0422120094299316">
    <system-out>1..2
ok 1 - Equals
ok 2 - Equals
</system-out>
    <testcase name="Equals (127)" classname="spec_perl_TestProcessRepeatBytes_t" time="0.000255823135375977" />
    <testcase name="Equals (128)" classname="spec_perl_TestProcessRepeatBytes_t" time="8.29696655273438e-05" />
  </testsuite>
  <testsuite name="spec_perl_TestZlibWithHeader78_t" errors="0" failures="0" skipped="0" tests="1" time="0.0618529319763184">
    <system-out>1..1
ok 1 - Equals
</system-out>
    <testcase name="Equals (129)" classname="spec_perl_TestZlibWithHeader78_t" time="0.000275135040283203" />
  </testsuite>
  <testsuite name="spec_perl_TestDebugSwitchUser_t" errors="1" failures="0" skipped="0" tests="0" time="0.0567419528961182">
    <system-out></system-out>
    <testcase name="Test died too soon, even before plan. (129)" classname="spec_perl_TestDebugSwitchUser_t" time="0.0567419528961182">
      <failure message="The test suite died before a plan was produced. You need to have a plan." type="Plan">No plan</failure>
    </testcase>
  </testsuite>
  <testsuite name="spec_perl_TestRepeatNStrzDouble_t" errors="0" failures="0" skipped="0" tests="3" time="0.0455179214477539">
    <system-out>1..3
ok 1 - Equals
ok 2 - Equals
ok 3 - Equals
</system-out>
    <testcase name="Equals (130)" classname="spec_perl_TestRepeatNStrzDouble_t" time="0.00029301643371582" />
    <testcase name="Equals (131)" classname="spec_perl_TestRepeatNStrzDouble_t" time="0.000114917755126953" />
    <testcase name="Equals (132)" classname="spec_perl_TestRepeatNStrzDouble_t" time="6.19888305664062e-05" />
  </testsuite>
  <testsuite name="spec_perl_TestProcessXor4Const_t" errors="0" failures="0" skipped="0" tests="2" time="0.0419988632202148">
    <system-out>1..2
ok 1 - Equals
ok 2 - Equals
</system-out>
    <testcase name="Equals (133)" classname="spec_perl_TestProcessXor4Const_t" time="0.000249862670898438" />
    <testcase name="Equals (134)" classname="spec_perl_TestProcessXor4Const_t" time="8.20159912109375e-05" />
  </testsuite>
  <testsuite name="spec_perl_TestSwitchManualIntSize_t" errors="0" failures="1" skipped="0" tests="10" time="0.0487079620361328">
    <system-out>1..10
ok 1 - Equals
ok 2 - Equals
ok 3 - Equals
ok 4 - Equals
ok 5 - Equals
not ok 6 - test switch manual int size
ok 7 - Equals
ok 8 - Equals
ok 9 - Equals
ok 10 - Equals
</system-out>
    <testcase name="Equals (135)" classname="spec_perl_TestSwitchManualIntSize_t" time="0.00056004524230957" />
    <testcase name="Equals (136)" classname="spec_perl_TestSwitchManualIntSize_t" time="9.48905944824219e-05" />
    <testcase name="Equals (137)" classname="spec_perl_TestSwitchManualIntSize_t" time="6.29425048828125e-05" />
    <testcase name="Equals (138)" classname="spec_perl_TestSwitchManualIntSize_t" time="0.00014805793762207" />
    <testcase name="Equals (139)" classname="spec_perl_TestSwitchManualIntSize_t" time="0.000113964080810547" />
    <testcase name="test switch manual int size (139)" classname="spec_perl_TestSwitchManualIntSize_t" time="0.00338292121887207">
      <failure message="not ok 6 - test switch manual int size" type="TAP::Parser::Result::Test"></failure>
    </testcase>
    <testcase name="Equals (140)" classname="spec_perl_TestSwitchManualIntSize_t" time="6.22272491455078e-05" />
    <testcase name="Equals (141)" classname="spec_perl_TestSwitchManualIntSize_t" time="4.48226928710938e-05" />
    <testcase name="Equals (142)" classname="spec_perl_TestSwitchManualIntSize_t" time="4.00543212890625e-05" />
    <testcase name="Equals (143)" classname="spec_perl_TestSwitchManualIntSize_t" time="4.10079956054688e-05" />
  </testsuite>
  <testsuite name="spec_perl_TestTypeTernary2ndFalsy_t" errors="0" failures="1" skipped="0" tests="13" time="0.0470590591430664">
    <system-out>1..13
ok 1 - Equals
ok 2 - Equals
ok 3 - Equals
ok 4 - Approx equals
ok 5 - Approx equals
ok 6 - Equals
ok 7 - Equals
ok 8 - Equals
ok 9 - nil
ok 10 - Equals
ok 11 - Equals
ok 12 - Equals
not ok 13 - test_type_ternary_2nd_falsy died (Can't use an undefined value as an ARRAY reference at spec/perl/TestTypeTernary2ndFalsy.t line 27.)
</system-out>
    <testcase name="Equals (144)" classname="spec_perl_TestTypeTernary2ndFalsy_t" time="0.000227212905883789" />
    <testcase name="Equals (145)" classname="spec_perl_TestTypeTernary2ndFalsy_t" time="7.89165496826172e-05" />
    <testcase name="Equals (146)" classname="spec_perl_TestTypeTernary2ndFalsy_t" time="0.000133991241455078" />
    <testcase name="Approx equals (146)" classname="spec_perl_TestTypeTernary2ndFalsy_t" time="7.39097595214844e-05" />
    <testcase name="Approx equals (147)" classname="spec_perl_TestTypeTernary2ndFalsy_t" time="5.60283660888672e-05" />
    <testcase name="Equals (147)" classname="spec_perl_TestTypeTernary2ndFalsy_t" time="9.60826873779297e-05" />
    <testcase name="Equals (148)" classname="spec_perl_TestTypeTernary2ndFalsy_t" time="0.000143051147460938" />
    <testcase name="Equals (149)" classname="spec_perl_TestTypeTernary2ndFalsy_t" time="0.000110864639282227" />
    <testcase name="nil (149)" classname="spec_perl_TestTypeTernary2ndFalsy_t" time="6.60419464111328e-05" />
    <testcase name="Equals (150)" classname="spec_perl_TestTypeTernary2ndFalsy_t" time="0.000149011611938477" />
    <testcase name="Equals (151)" classname="spec_perl_TestTypeTernary2ndFalsy_t" time="0.000123977661132812" />
    <testcase name="Equals (152)" classname="spec_perl_TestTypeTernary2ndFalsy_t" time="0.000128030776977539" />
    <testcase name="test_type_ternary_2nd_falsy died (Can't use an undefined value as an ARRAY reference at spec/perl/TestTypeTernary2ndFalsy.t line 27.) (152)" classname="spec_perl_TestTypeTernary2ndFalsy_t" time="0.000250101089477539">
      <failure message="not ok 13 - test_type_ternary_2nd_falsy died (Can't use an undefined value as an ARRAY reference at spec/perl/TestTypeTernary2ndFalsy.t line 27.)" type="TAP::Parser::Result::Test"></failure>
    </testcase>
  </testsuite>
  <testsuite name="spec_perl_TestValidNotParsedIf_t" errors="1" failures="0" skipped="0" tests="0" time="0.0421550273895264">
    <system-out></system-out>
    <testcase name="Test died too soon, even before plan. (152)" classname="spec_perl_TestValidNotParsedIf_t" time="0.0421550273895264">
      <failure message="The test suite died before a plan was produced. You need to have a plan." type="Plan">No plan</failure>
    </testcase>
  </testsuite>
  <testsuite name="spec_perl_TestSwitchBytearray_t" errors="0" failures="0" skipped="0" tests="9" time="0.0466940402984619">
    <system-out>1..9
ok 1 - Equals
ok 2 - Equals
ok 3 - Equals
ok 4 - Equals
ok 5 - Equals
ok 6 - Equals
ok 7 - Equals
ok 8 - Equals
ok 9 - Equals
</system-out>
    <testcase name="Equals (153)" classname="spec_perl_TestSwitchBytearray_t" time="0.000357866287231445" />
    <testcase name="Equals (154)" classname="spec_perl_TestSwitchBytearray_t" time="0.000121116638183594" />
    <testcase name="Equals (155)" classname="spec_perl_TestSwitchBytearray_t" time="6.79492950439453e-05" />
    <testcase name="Equals (156)" classname="spec_perl_TestSwitchBytearray_t" time="8.29696655273438e-05" />
    <testcase name="Equals (157)" classname="spec_perl_TestSwitchBytearray_t" time="0.000161170959472656" />
    <testcase name="Equals (158)" classname="spec_perl_TestSwitchBytearray_t" time="0.000120878219604492" />
    <testcase name="Equals (159)" classname="spec_perl_TestSwitchBytearray_t" time="0.00014805793762207" />
    <testcase name="Equals (160)" classname="spec_perl_TestSwitchBytearray_t" time="0.000108957290649414" />
    <testcase name="Equals (161)" classname="spec_perl_TestSwitchBytearray_t" time="0.00014495849609375" />
  </testsuite>
  <testsuite name="spec_perl_TestParamsPassArrayStr_t" errors="0" failures="1" skipped="6" tests="7" time="0.0495760440826416">
    <system-out>1..7
not ok 1 - test_params_pass_array_str died (Can't use an undefined value as an ARRAY reference at spec/perl/TestParamsPassArrayStr.t line 15.)
ok 2 # skip test_params_pass_array_str died
ok 3 # skip test_params_pass_array_str died
ok 4 # skip test_params_pass_array_str died
ok 5 # skip test_params_pass_array_str died
ok 6 # skip test_params_pass_array_str died
ok 7 # skip test_params_pass_array_str died
</system-out>
    <testcase name="test_params_pass_array_str died (Can't use an undefined value as an ARRAY reference at spec/perl/TestParamsPassArrayStr.t line 15.) (161)" classname="spec_perl_TestParamsPassArrayStr_t" time="0.000303030014038086">
      <failure message="not ok 1 - test_params_pass_array_str died (Can't use an undefined value as an ARRAY reference at spec/perl/TestParamsPassArrayStr.t line 15.)" type="TAP::Parser::Result::Test"></failure>
    </testcase>
    <testcase name="Unnamed test case 161" classname="spec_perl_TestParamsPassArrayStr_t" time="0.00214695930480957">
      <skipped message="ok 2 # skip test_params_pass_array_str died" />
    </testcase>
    <testcase name="Unnamed test case 162" classname="spec_perl_TestParamsPassArrayStr_t" time="8.89301300048828e-05">
      <skipped message="ok 3 # skip test_params_pass_array_str died" />
    </testcase>
    <testcase name="Unnamed test case 163" classname="spec_perl_TestParamsPassArrayStr_t" time="0.000128030776977539">
      <skipped message="ok 4 # skip test_params_pass_array_str died" />
    </testcase>
    <testcase name="Unnamed test case 164" classname="spec_perl_TestParamsPassArrayStr_t" time="0.000130176544189453">
      <skipped message="ok 5 # skip test_params_pass_array_str died" />
    </testcase>
    <testcase name="Unnamed test case 165" classname="spec_perl_TestParamsPassArrayStr_t" time="0.000125885009765625">
      <skipped message="ok 6 # skip test_params_pass_array_str died" />
    </testcase>
    <testcase name="Unnamed test case 166" classname="spec_perl_TestParamsPassArrayStr_t" time="0.000119924545288086">
      <skipped message="ok 7 # skip test_params_pass_array_str died" />
    </testcase>
  </testsuite>
  <testsuite name="spec_perl_TestDefaultEndianExprIsLe_t" errors="0" failures="0" skipped="0" tests="12" time="0.0439648628234863">
    <system-out>1..12
ok 1 - Equals
ok 2 - Equals
ok 3 - Equals
ok 4 - Equals
ok 5 - Equals
ok 6 - Equals
ok 7 - Equals
ok 8 - Equals
ok 9 - Equals
ok 10 - Equals
ok 11 - Equals
ok 12 - Equals
</system-out>
    <testcase name="Equals (166)" classname="spec_perl_TestDefaultEndianExprIsLe_t" time="0.000262975692749023" />
    <testcase name="Equals (167)" classname="spec_perl_TestDefaultEndianExprIsLe_t" time="8.29696655273438e-05" />
    <testcase name="Equals (168)" classname="spec_perl_TestDefaultEndianExprIsLe_t" time="0.000123023986816406" />
    <testcase name="Equals (169)" classname="spec_perl_TestDefaultEndianExprIsLe_t" time="0.000134944915771484" />
    <testcase name="Equals (170)" classname="spec_perl_TestDefaultEndianExprIsLe_t" time="0.000117063522338867" />
    <testcase name="Equals (171)" classname="spec_perl_TestDefaultEndianExprIsLe_t" time="0.000144004821777344" />
    <testcase name="Equals (172)" classname="spec_perl_TestDefaultEndianExprIsLe_t" time="0.000118017196655273" />
    <testcase name="Equals (173)" classname="spec_perl_TestDefaultEndianExprIsLe_t" time="0.000149965286254883" />
    <testcase name="Equals (174)" classname="spec_perl_TestDefaultEndianExprIsLe_t" time="0.000112056732177734" />
    <testcase name="Equals (175)" classname="spec_perl_TestDefaultEndianExprIsLe_t" time="0.000145912170410156" />
    <testcase name="Equals (176)" classname="spec_perl_TestDefaultEndianExprIsLe_t" time="0.000124931335449219" />
    <testcase name="Equals (177)" classname="spec_perl_TestDefaultEndianExprIsLe_t" time="0.000123977661132812" />
  </testsuite>
  <testsuite name="spec_perl_TestParamsPassArrayUsertype_t" errors="0" failures="1" skipped="4" tests="5" time="0.0458569526672363">
    <system-out>1..5
not ok 1 - test_params_pass_array_usertype died (Can't use an undefined value as an ARRAY reference at compiled/perl/ParamsPassArrayUsertype.pm line 123.)
ok 2 # skip test_params_pass_array_usertype died
ok 3 # skip test_params_pass_array_usertype died
ok 4 # skip test_params_pass_array_usertype died
ok 5 # skip test_params_pass_array_usertype died
</system-out>
    <testcase name="test_params_pass_array_usertype died (Can't use an undefined value as an ARRAY reference at compiled/perl/ParamsPassArrayUsertype.pm line 123.) (177)" classname="spec_perl_TestParamsPassArrayUsertype_t" time="0.00029301643371582">
      <failure message="not ok 1 - test_params_pass_array_usertype died (Can't use an undefined value as an ARRAY reference at compiled/perl/ParamsPassArrayUsertype.pm line 123.)" type="TAP::Parser::Result::Test"></failure>
    </testcase>
    <testcase name="Unnamed test case 177" classname="spec_perl_TestParamsPassArrayUsertype_t" time="0.00395298004150391">
      <skipped message="ok 2 # skip test_params_pass_array_usertype died" />
    </testcase>
    <testcase name="Unnamed test case 178" classname="spec_perl_TestParamsPassArrayUsertype_t" time="6.00814819335938e-05">
      <skipped message="ok 3 # skip test_params_pass_array_usertype died" />
    </testcase>
    <testcase name="Unnamed test case 179" classname="spec_perl_TestParamsPassArrayUsertype_t" time="3.09944152832031e-05">
      <skipped message="ok 4 # skip test_params_pass_array_usertype died" />
    </testcase>
    <testcase name="Unnamed test case 180" classname="spec_perl_TestParamsPassArrayUsertype_t" time="2.88486480712891e-05">
      <skipped message="ok 5 # skip test_params_pass_array_usertype died" />
    </testcase>
  </testsuite>
  <testsuite name="spec_perl_TestProcessXorValue_t" errors="0" failures="0" skipped="0" tests="2" time="0.0417909622192383">
    <system-out>1..2
ok 1 - Equals
ok 2 - Equals
</system-out>
    <testcase name="Equals (180)" classname="spec_perl_TestProcessXorValue_t" time="0.000213146209716797" />
    <testcase name="Equals (181)" classname="spec_perl_TestProcessXorValue_t" time="7.58171081542969e-05" />
  </testsuite>
  <testsuite name="spec_perl_TestEnumLongRangeU_t" errors="0" failures="0" skipped="0" tests="4" time="0.0432159900665283">
    <system-out>1..4
ok 1 - Equals
ok 2 - Equals
ok 3 - Equals
ok 4 - Equals
</system-out>
    <testcase name="Equals (182)" classname="spec_perl_TestEnumLongRangeU_t" time="0.000248193740844727" />
    <testcase name="Equals (183)" classname="spec_perl_TestEnumLongRangeU_t" time="8.29696655273438e-05" />
    <testcase name="Equals (184)" classname="spec_perl_TestEnumLongRangeU_t" time="7.89165496826172e-05" />
    <testcase name="Equals (185)" classname="spec_perl_TestEnumLongRangeU_t" time="0.000150918960571289" />
  </testsuite>
  <testsuite name="spec_perl_TestSwitchIntegers_t" errors="0" failures="0" skipped="0" tests="9" time="0.0430779457092285">
    <system-out>1..9
ok 1 - Equals
ok 2 - Equals
ok 3 - Equals
ok 4 - Equals
ok 5 - Equals
ok 6 - Equals
ok 7 - Equals
ok 8 - Equals
ok 9 - Equals
</system-out>
    <testcase name="Equals (186)" classname="spec_perl_TestSwitchIntegers_t" time="0.000247001647949219" />
    <testcase name="Equals (187)" classname="spec_perl_TestSwitchIntegers_t" time="0.000100135803222656" />
    <testcase name="Equals (188)" classname="spec_perl_TestSwitchIntegers_t" time="0.000111818313598633" />
    <testcase name="Equals (189)" classname="spec_perl_TestSwitchIntegers_t" time="0.000113010406494141" />
    <testcase name="Equals (190)" classname="spec_perl_TestSwitchIntegers_t" time="0.000131130218505859" />
    <testcase name="Equals (191)" classname="spec_perl_TestSwitchIntegers_t" time="0.000114917755126953" />
    <testcase name="Equals (192)" classname="spec_perl_TestSwitchIntegers_t" time="0.000152111053466797" />
    <testcase name="Equals (193)" classname="spec_perl_TestSwitchIntegers_t" time="0.000121831893920898" />
    <testcase name="Equals (194)" classname="spec_perl_TestSwitchIntegers_t" time="0.000121116638183594" />
  </testsuite>
  <testsuite name="spec_perl_TestParamsPassArrayStruct_t" errors="0" failures="1" skipped="2" tests="3" time="0.0455441474914551">
    <system-out>1..3
not ok 1 - test_params_pass_array_struct died (Can't use an undefined value as an ARRAY reference at spec/perl/TestParamsPassArrayStruct.t line 15.)
ok 2 # skip test_params_pass_array_struct died
ok 3 # skip test_params_pass_array_struct died
</system-out>
    <testcase name="test_params_pass_array_struct died (Can't use an undefined value as an ARRAY reference at spec/perl/TestParamsPassArrayStruct.t line 15.) (194)" classname="spec_perl_TestParamsPassArrayStruct_t" time="0.000272035598754883">
      <failure message="not ok 1 - test_params_pass_array_struct died (Can't use an undefined value as an ARRAY reference at spec/perl/TestParamsPassArrayStruct.t line 15.)" type="TAP::Parser::Result::Test"></failure>
    </testcase>
    <testcase name="Unnamed test case 194" classname="spec_perl_TestParamsPassArrayStruct_t" time="0.00172877311706543">
      <skipped message="ok 2 # skip test_params_pass_array_struct died" />
    </testcase>
    <testcase name="Unnamed test case 195" classname="spec_perl_TestParamsPassArrayStruct_t" time="8.91685485839844e-05">
      <skipped message="ok 3 # skip test_params_pass_array_struct died" />
    </testcase>
  </testsuite>
  <testsuite name="spec_perl_TestDefaultEndianExprException_t" errors="0" failures="0" skipped="0" tests="1" time="0.0433990955352783">
    <system-out>1..1
ok 1 - Died
</system-out>
    <testcase name="Died (195)" classname="spec_perl_TestDefaultEndianExprException_t" time="0.000239849090576172" />
  </testsuite>
  <testsuite name="spec_perl_TestEnumIntRangeU_t" errors="0" failures="0" skipped="0" tests="2" time="0.0426549911499023">
    <system-out>1..2
ok 1 - Equals
ok 2 - Equals
</system-out>
    <testcase name="Equals (195)" classname="spec_perl_TestEnumIntRangeU_t" time="0.000163078308105469" />
    <testcase name="Equals (196)" classname="spec_perl_TestEnumIntRangeU_t" time="8.79764556884766e-05" />
  </testsuite>
  <testsuite name="spec_perl_TestValidSwitch_t" errors="1" failures="0" skipped="0" tests="0" time="0.045875072479248">
    <system-out></system-out>
    <testcase name="Test died too soon, even before plan. (196)" classname="spec_perl_TestValidSwitch_t" time="0.045875072479248">
      <failure message="The test suite died before a plan was produced. You need to have a plan." type="Plan">No plan</failure>
    </testcase>
  </testsuite>
  <testsuite name="spec_perl_TestExpr3_t" errors="0" failures="0" skipped="0" tests="12" time="0.0469369888305664">
    <system-out>1..12
ok 1 - Equals
ok 2 - Equals
ok 3 - Equals
ok 4 - Equals
ok 5 - Equals
ok 6 - Equals
ok 7 - Equals
ok 8 - Equals
ok 9 - Equals
ok 10 - Equals
ok 11 - Equals
ok 12 - Equals
</system-out>
    <testcase name="Equals (197)" classname="spec_perl_TestExpr3_t" time="0.000178098678588867" />
    <testcase name="Equals (198)" classname="spec_perl_TestExpr3_t" time="7.48634338378906e-05" />
    <testcase name="Equals (199)" classname="spec_perl_TestExpr3_t" time="0.000159025192260742" />
    <testcase name="Equals (200)" classname="spec_perl_TestExpr3_t" time="0.000102043151855469" />
    <testcase name="Equals (201)" classname="spec_perl_TestExpr3_t" time="0.000146865844726562" />
    <testcase name="Equals (202)" classname="spec_perl_TestExpr3_t" time="0.000116109848022461" />
    <testcase name="Equals (203)" classname="spec_perl_TestExpr3_t" time="0.000133991241455078" />
    <testcase name="Equals (204)" classname="spec_perl_TestExpr3_t" time="0.000126123428344727" />
    <testcase name="Equals (205)" classname="spec_perl_TestExpr3_t" time="0.000143766403198242" />
    <testcase name="Equals (206)" classname="spec_perl_TestExpr3_t" time="0.000123023986816406" />
    <testcase name="Equals (207)" classname="spec_perl_TestExpr3_t" time="0.000149011611938477" />
    <testcase name="Equals (208)" classname="spec_perl_TestExpr3_t" time="0.000123977661132812" />
  </testsuite>
  <testsuite name="spec_perl_TestExprIoEof_t" errors="0" failures="0" skipped="0" tests="4" time="0.043597936630249">
    <system-out>1..4
ok 1 - Equals
ok 2 - nil
ok 3 - Equals
ok 4 - Equals
</system-out>
    <testcase name="Equals (209)" classname="spec_perl_TestExprIoEof_t" time="0.000444889068603516" />
    <testcase name="nil (209)" classname="spec_perl_TestExprIoEof_t" time="9.89437103271484e-05" />
    <testcase name="Equals (210)" classname="spec_perl_TestExprIoEof_t" time="5.00679016113281e-05" />
    <testcase name="Equals (211)" classname="spec_perl_TestExprIoEof_t" time="5.79357147216797e-05" />
  </testsuite>
  <testsuite name="spec_perl_TestHelloWorld_t" errors="0" failures="0" skipped="0" tests="1" time="0.0425519943237305">
    <system-out>1..1
ok 1 - Equals
</system-out>
    <testcase name="Equals (212)" classname="spec_perl_TestHelloWorld_t" time="0.000167131423950195" />
  </testsuite>
  <testsuite name="spec_perl_TestBytesPadTerm_t" errors="0" failures="0" skipped="0" tests="4" time="0.0423569679260254">
    <system-out>1..4
ok 1 - Equals
ok 2 - Equals
ok 3 - Equals
ok 4 - Equals
</system-out>
    <testcase name="Equals (213)" classname="spec_perl_TestBytesPadTerm_t" time="0.000235080718994141" />
    <testcase name="Equals (214)" classname="spec_perl_TestBytesPadTerm_t" time="8.10623168945312e-05" />
    <testcase name="Equals (215)" classname="spec_perl_TestBytesPadTerm_t" time="0.000149965286254883" />
    <testcase name="Equals (216)" classname="spec_perl_TestBytesPadTerm_t" time="0.000138044357299805" />
  </testsuite>
  <testsuite name="spec_perl_TestExpr2_t" errors="0" failures="0" skipped="0" tests="17" time="0.0485389232635498">
    <system-out>1..17
ok 1 - Equals
ok 2 - Equals
ok 3 - Equals
ok 4 - Equals
ok 5 - Equals
ok 6 - Equals
ok 7 - Equals
ok 8 - Equals
ok 9 - Equals
ok 10 - Equals
ok 11 - Equals
ok 12 - Equals
ok 13 - Equals
ok 14 - Equals
ok 15 - Equals
ok 16 - Equals
ok 17 - Equals
</system-out>
    <testcase name="Equals (217)" classname="spec_perl_TestExpr2_t" time="0.000572919845581055" />
    <testcase name="Equals (218)" classname="spec_perl_TestExpr2_t" time="0.000104904174804688" />
    <testcase name="Equals (219)" classname="spec_perl_TestExpr2_t" time="6.00814819335938e-05" />
    <testcase name="Equals (220)" classname="spec_perl_TestExpr2_t" time="0.000123977661132812" />
    <testcase name="Equals (221)" classname="spec_perl_TestExpr2_t" time="0.000158071517944336" />
    <testcase name="Equals (222)" classname="spec_perl_TestExpr2_t" time="0.000130891799926758" />
    <testcase name="Equals (223)" classname="spec_perl_TestExpr2_t" time="0.00015711784362793" />
    <testcase name="Equals (224)" classname="spec_perl_TestExpr2_t" time="0.000150918960571289" />
    <testcase name="Equals (225)" classname="spec_perl_TestExpr2_t" time="0.000173091888427734" />
    <testcase name="Equals (226)" classname="spec_perl_TestExpr2_t" time="0.000112056732177734" />
    <testcase name="Equals (227)" classname="spec_perl_TestExpr2_t" time="0.000155925750732422" />
    <testcase name="Equals (228)" classname="spec_perl_TestExpr2_t" time="0.00010991096496582" />
    <testcase name="Equals (229)" classname="spec_perl_TestExpr2_t" time="0.000154972076416016" />
    <testcase name="Equals (230)" classname="spec_perl_TestExpr2_t" time="0.000158071517944336" />
    <testcase name="Equals (231)" classname="spec_perl_TestExpr2_t" time="0.000107049942016602" />
    <testcase name="Equals (232)" classname="spec_perl_TestExpr2_t" time="0.000124931335449219" />
    <testcase name="Equals (233)" classname="spec_perl_TestExpr2_t" time="0.000123023986816406" />
  </testsuite>
  <testsuite name="spec_perl_TestOpaqueExternalType02Parent_t" errors="0" failures="0" skipped="0" tests="3" time="0.0464439392089844">
    <system-out>1..3
ok 1 - Equals
ok 2 - Equals
ok 3 - Equals
</system-out>
    <testcase name="Equals (234)" classname="spec_perl_TestOpaqueExternalType02Parent_t" time="0.000356912612915039" />
    <testcase name="Equals (235)" classname="spec_perl_TestOpaqueExternalType02Parent_t" time="0.000128984451293945" />
    <testcase name="Equals (236)" classname="spec_perl_TestOpaqueExternalType02Parent_t" time="0.000114917755126953" />
  </testsuite>
  <testsuite name="spec_perl_TestFloatToI_t" errors="0" failures="0" skipped="0" tests="8" time="0.0435278415679932">
    <system-out>1..8
ok 1 - Equals
ok 2 - Equals
ok 3 - Equals
ok 4 - Equals
ok 5 - Equals
ok 6 - Equals
ok 7 - Equals
ok 8 - Equals
</system-out>
    <testcase name="Equals (237)" classname="spec_perl_TestFloatToI_t" time="0.000241994857788086" />
    <testcase name="Equals (238)" classname="spec_perl_TestFloatToI_t" time="8.0108642578125e-05" />
    <testcase name="Equals (239)" classname="spec_perl_TestFloatToI_t" time="0.000128984451293945" />
    <testcase name="Equals (240)" classname="spec_perl_TestFloatToI_t" time="0.000124931335449219" />
    <testcase name="Equals (241)" classname="spec_perl_TestFloatToI_t" time="0.000123977661132812" />
    <testcase name="Equals (242)" classname="spec_perl_TestFloatToI_t" time="0.000123023986816406" />
    <testcase name="Equals (243)" classname="spec_perl_TestFloatToI_t" time="0.000126123428344727" />
    <testcase name="Equals (244)" classname="spec_perl_TestFloatToI_t" time="0.000145912170410156" />
  </testsuite>
  <testsuite name="spec_perl_TestBitsSimple_t" errors="0" failures="0" skipped="0" tests="14" time="0.0438480377197266">
    <system-out>1..14
ok 1 - Equals
ok 2 - Equals
ok 3 - Equals
ok 4 - Equals
ok 5 - Equals
ok 6 - Equals
ok 7 - Equals
ok 8 - Equals
ok 9 - Equals
ok 10 - Equals
ok 11 - Equals
ok 12 - Equals
ok 13 - Equals
ok 14 - Equals
</system-out>
    <testcase name="Equals (245)" classname="spec_perl_TestBitsSimple_t" time="0.000283956527709961" />
    <testcase name="Equals (246)" classname="spec_perl_TestBitsSimple_t" time="8.10623168945312e-05" />
    <testcase name="Equals (247)" classname="spec_perl_TestBitsSimple_t" time="7.00950622558594e-05" />
    <testcase name="Equals (248)" classname="spec_perl_TestBitsSimple_t" time="0.000145912170410156" />
    <testcase name="Equals (249)" classname="spec_perl_TestBitsSimple_t" time="0.000133037567138672" />
    <testcase name="Equals (250)" classname="spec_perl_TestBitsSimple_t" time="0.000116825103759766" />
    <testcase name="Equals (251)" classname="spec_perl_TestBitsSimple_t" time="0.00015711784362793" />
    <testcase name="Equals (252)" classname="spec_perl_TestBitsSimple_t" time="0.00010991096496582" />
    <testcase name="Equals (253)" classname="spec_perl_TestBitsSimple_t" time="0.000123977661132812" />
    <testcase name="Equals (254)" classname="spec_perl_TestBitsSimple_t" time="0.000126123428344727" />
    <testcase name="Equals (255)" classname="spec_perl_TestBitsSimple_t" time="0.000124931335449219" />
    <testcase name="Equals (256)" classname="spec_perl_TestBitsSimple_t" time="0.00011897087097168" />
    <testcase name="Equals (257)" classname="spec_perl_TestBitsSimple_t" time="0.0001220703125" />
    <testcase name="Equals (258)" classname="spec_perl_TestBitsSimple_t" time="0.00014495849609375" />
  </testsuite>
  <testsuite name="spec_perl_TestEosExceptionBytes_t" errors="0" failures="0" skipped="0" tests="1" time="0.0437791347503662">
    <system-out>1..1
ok 1 - Died
</system-out>
    <testcase name="Died (258)" classname="spec_perl_TestEosExceptionBytes_t" time="0.000432968139648438" />
  </testsuite>
  <testsuite name="spec_perl_TestNavParentFalse_t" errors="0" failures="0" skipped="0" tests="5" time="0.042633056640625">
    <system-out>1..5
ok 1 - Equals
ok 2 - Equals
ok 3 - Equals
ok 4 - Equals
ok 5 - Equals
</system-out>
    <testcase name="Equals (259)" classname="spec_perl_TestNavParentFalse_t" time="0.000261068344116211" />
    <testcase name="Equals (260)" classname="spec_perl_TestNavParentFalse_t" time="8.20159912109375e-05" />
    <testcase name="Equals (261)" classname="spec_perl_TestNavParentFalse_t" time="0.000129938125610352" />
    <testcase name="Equals (262)" classname="spec_perl_TestNavParentFalse_t" time="0.000134944915771484" />
    <testcase name="Equals (263)" classname="spec_perl_TestNavParentFalse_t" time="0.000150203704833984" />
  </testsuite>
  <testsuite name="spec_perl_TestRepeatEosStruct_t" errors="0" failures="0" skipped="0" tests="5" time="0.0423920154571533">
    <system-out>1..5
ok 1 - Equals
ok 2 - Equals
ok 3 - Equals
ok 4 - Equals
ok 5 - Equals
</system-out>
    <testcase name="Equals (264)" classname="spec_perl_TestRepeatEosStruct_t" time="0.000173091888427734" />
    <testcase name="Equals (265)" classname="spec_perl_TestRepeatEosStruct_t" time="7.29560852050781e-05" />
    <testcase name="Equals (266)" classname="spec_perl_TestRepeatEosStruct_t" time="0.000194072723388672" />
    <testcase name="Equals (267)" classname="spec_perl_TestRepeatEosStruct_t" time="8.0108642578125e-05" />
    <testcase name="Equals (268)" classname="spec_perl_TestRepeatEosStruct_t" time="0.000134944915771484" />
  </testsuite>
  <testsuite name="spec_perl_TestProcessRotate_t" errors="0" failures="0" skipped="0" tests="3" time="0.0427031517028809">
    <system-out>1..3
ok 1 - Equals
ok 2 - Equals
ok 3 - Equals
</system-out>
    <testcase name="Equals (269)" classname="spec_perl_TestProcessRotate_t" time="0.000253915786743164" />
    <testcase name="Equals (270)" classname="spec_perl_TestProcessRotate_t" time="8.60691070556641e-05" />
    <testcase name="Equals (271)" classname="spec_perl_TestProcessRotate_t" time="0.000126838684082031" />
  </testsuite>
  <testsuite name="spec_perl_TestImportsCircularA_t" errors="0" failures="0" skipped="0" tests="5" time="0.043025016784668">
    <system-out>1..5
ok 1 - Equals
ok 2 - Equals
ok 3 - Equals
ok 4 - Equals
ok 5 - nil
</system-out>
    <testcase name="Equals (272)" classname="spec_perl_TestImportsCircularA_t" time="0.000181913375854492" />
    <testcase name="Equals (273)" classname="spec_perl_TestImportsCircularA_t" time="7.20024108886719e-05" />
    <testcase name="Equals (274)" classname="spec_perl_TestImportsCircularA_t" time="0.000173091888427734" />
    <testcase name="Equals (275)" classname="spec_perl_TestImportsCircularA_t" time="0.000123023986816406" />
    <testcase name="nil (275)" classname="spec_perl_TestImportsCircularA_t" time="6.29425048828125e-05" />
  </testsuite>
  <testsuite name="spec_perl_TestExpr0_t" errors="0" failures="0" skipped="0" tests="2" time="0.042349100112915">
    <system-out>1..2
ok 1 - Equals
ok 2 - Equals
</system-out>
    <testcase name="Equals (276)" classname="spec_perl_TestExpr0_t" time="0.000165939331054688" />
    <testcase name="Equals (277)" classname="spec_perl_TestExpr0_t" time="6.81877136230469e-05" />
  </testsuite>
  <testsuite name="spec_perl_TestEnumForUnknownId_t" errors="0" failures="0" skipped="0" tests="1" time="0.041795015335083">
    <system-out>1..1
ok 1 - Equals
</system-out>
    <testcase name="Equals (278)" classname="spec_perl_TestEnumForUnknownId_t" time="0.000187158584594727" />
  </testsuite>
  <testsuite name="spec_perl_TestDocstringsDocref_t" errors="0" failures="0" skipped="1" tests="1" time="0.043565034866333">
    <system-out>1..1
ok 1 # skip DocstringsDocref=HASH(0x1e0e5c8)
</system-out>
    <testcase name="Unnamed test case 278" classname="spec_perl_TestDocstringsDocref_t" time="0.00119590759277344">
      <skipped message="ok 1 # skip DocstringsDocref=HASH(0x1e0e5c8)" />
    </testcase>
  </testsuite>
  <testsuite name="spec_perl_TestProcessCoerceUsertype2_t" errors="0" failures="0" skipped="0" tests="4" time="0.042788028717041">
    <system-out>1..4
ok 1 - Equals
ok 2 - Equals
ok 3 - Equals
ok 4 - Equals
</system-out>
    <testcase name="Equals (279)" classname="spec_perl_TestProcessCoerceUsertype2_t" time="0.000477075576782227" />
    <testcase name="Equals (280)" classname="spec_perl_TestProcessCoerceUsertype2_t" time="9.70363616943359e-05" />
    <testcase name="Equals (281)" classname="spec_perl_TestProcessCoerceUsertype2_t" time="5.98430633544922e-05" />
    <testcase name="Equals (282)" classname="spec_perl_TestProcessCoerceUsertype2_t" time="0.000119209289550781" />
  </testsuite>
  <testsuite name="spec_perl_TestExprArray_t" errors="0" failures="1" skipped="0" tests="15" time="0.0487940311431885">
    <system-out>1..15
ok 1 - Equals
ok 2 - Equals
ok 3 - Equals
ok 4 - Equals
ok 5 - Equals
ok 6 - Equals
ok 7 - Equals
ok 8 - Equals
not ok 9 - Equals
ok 10 - Equals
ok 11 - Equals
ok 12 - Equals
ok 13 - Equals
ok 14 - Equals
ok 15 - Equals
</system-out>
    <testcase name="Equals (283)" classname="spec_perl_TestExprArray_t" time="0.000329971313476562" />
    <testcase name="Equals (284)" classname="spec_perl_TestExprArray_t" time="8.79764556884766e-05" />
    <testcase name="Equals (285)" classname="spec_perl_TestExprArray_t" time="5.91278076171875e-05" />
    <testcase name="Equals (286)" classname="spec_perl_TestExprArray_t" time="0.000128984451293945" />
    <testcase name="Equals (287)" classname="spec_perl_TestExprArray_t" time="0.000128030776977539" />
    <testcase name="Equals (288)" classname="spec_perl_TestExprArray_t" time="0.00017094612121582" />
    <testcase name="Equals (289)" classname="spec_perl_TestExprArray_t" time="0.000130891799926758" />
    <testcase name="Equals (290)" classname="spec_perl_TestExprArray_t" time="0.00015711784362793" />
    <testcase name="Equals (291)" classname="spec_perl_TestExprArray_t" time="0.000196933746337891">
      <failure message="not ok 9 - Equals" type="TAP::Parser::Result::Test"></failure>
    </testcase>
    <testcase name="Equals (292)" classname="spec_perl_TestExprArray_t" time="0.00343108177185059" />
    <testcase name="Equals (293)" classname="spec_perl_TestExprArray_t" time="0.000139951705932617" />
    <testcase name="Equals (294)" classname="spec_perl_TestExprArray_t" time="5.19752502441406e-05" />
    <testcase name="Equals (295)" classname="spec_perl_TestExprArray_t" time="2.59876251220703e-05" />
    <testcase name="Equals (296)" classname="spec_perl_TestExprArray_t" time="2.40802764892578e-05" />
    <testcase name="Equals (297)" classname="spec_perl_TestExprArray_t" time="2.19345092773438e-05" />
  </testsuite>
  <testsuite name="spec_perl_TestEnumLongRangeS_t" errors="0" failures="0" skipped="0" tests="7" time="0.0428199768066406">
    <system-out>1..7
ok 1 - Equals
ok 2 - Equals
ok 3 - Equals
ok 4 - Equals
ok 5 - Equals
ok 6 - Equals
ok 7 - Equals
</system-out>
    <testcase name="Equals (298)" classname="spec_perl_TestEnumLongRangeS_t" time="0.000216007232666016" />
    <testcase name="Equals (299)" classname="spec_perl_TestEnumLongRangeS_t" time="8.0108642578125e-05" />
    <testcase name="Equals (300)" classname="spec_perl_TestEnumLongRangeS_t" time="0.000129938125610352" />
    <testcase name="Equals (301)" classname="spec_perl_TestEnumLongRangeS_t" time="0.000147104263305664" />
    <testcase name="Equals (302)" classname="spec_perl_TestEnumLongRangeS_t" time="8.98838043212891e-05" />
    <testcase name="Equals (303)" classname="spec_perl_TestEnumLongRangeS_t" time="0.00014495849609375" />
    <testcase name="Equals (304)" classname="spec_perl_TestEnumLongRangeS_t" time="0.000108003616333008" />
  </testsuite>
  <testsuite name="spec_perl_TestEnumToI_t" errors="0" failures="0" skipped="0" tests="5" time="0.0424799919128418">
    <system-out>1..5
ok 1 - Equals
ok 2 - Equals
ok 3 - Equals
ok 4 - Equals
ok 5 - Equals
</system-out>
    <testcase name="Equals (305)" classname="spec_perl_TestEnumToI_t" time="0.000211000442504883" />
    <testcase name="Equals (306)" classname="spec_perl_TestEnumToI_t" time="7.51018524169922e-05" />
    <testcase name="Equals (307)" classname="spec_perl_TestEnumToI_t" time="0.000165939331054688" />
    <testcase name="Equals (308)" classname="spec_perl_TestEnumToI_t" time="8.20159912109375e-05" />
    <testcase name="Equals (309)" classname="spec_perl_TestEnumToI_t" time="0.000145912170410156" />
  </testsuite>
  <testsuite name="spec_perl_TestStrEos_t" errors="0" failures="0" skipped="0" tests="1" time="0.0448760986328125">
    <system-out>1..1
ok 1 - Equals
</system-out>
    <testcase name="Equals (310)" classname="spec_perl_TestStrEos_t" time="0.000268936157226562" />
  </testsuite>
  <testsuite name="spec_perl_TestStrPadTerm_t" errors="0" failures="0" skipped="0" tests="4" time="0.0454740524291992">
    <system-out>1..4
ok 1 - Equals
ok 2 - Equals
ok 3 - Equals
ok 4 - Equals
</system-out>
    <testcase name="Equals (311)" classname="spec_perl_TestStrPadTerm_t" time="0.000319004058837891" />
    <testcase name="Equals (312)" classname="spec_perl_TestStrPadTerm_t" time="9.20295715332031e-05" />
    <testcase name="Equals (313)" classname="spec_perl_TestStrPadTerm_t" time="6.103515625e-05" />
    <testcase name="Equals (314)" classname="spec_perl_TestStrPadTerm_t" time="0.000124931335449219" />
  </testsuite>
  <testsuite name="spec_perl_TestTsPacketHeader_t" errors="0" failures="0" skipped="0" tests="7" time="0.0431790351867676">
    <system-out>1..7
ok 1 - Equals
ok 2 - Equals
ok 3 - Equals
ok 4 - Equals
ok 5 - Equals
ok 6 - Equals
ok 7 - Equals
</system-out>
    <testcase name="Equals (315)" classname="spec_perl_TestTsPacketHeader_t" time="0.000185966491699219" />
    <testcase name="Equals (316)" classname="spec_perl_TestTsPacketHeader_t" time="7.10487365722656e-05" />
    <testcase name="Equals (317)" classname="spec_perl_TestTsPacketHeader_t" time="0.000140905380249023" />
    <testcase name="Equals (318)" classname="spec_perl_TestTsPacketHeader_t" time="0.000119924545288086" />
    <testcase name="Equals (319)" classname="spec_perl_TestTsPacketHeader_t" time="0.000140190124511719" />
    <testcase name="Equals (320)" classname="spec_perl_TestTsPacketHeader_t" time="0.000116825103759766" />
    <testcase name="Equals (321)" classname="spec_perl_TestTsPacketHeader_t" time="0.000138998031616211" />
  </testsuite>
  <testsuite name="spec_perl_TestDefaultBigEndian_t" errors="0" failures="0" skipped="0" tests="1" time="0.048537015914917">
    <system-out>1..1
ok 1 - Equals
</system-out>
    <testcase name="Equals (322)" classname="spec_perl_TestDefaultBigEndian_t" time="0.000245094299316406" />
  </testsuite>
  <testsuite name="spec_perl_TestStrLiterals2_t" errors="0" failures="0" skipped="0" tests="4" time="0.0433030128479004">
    <system-out>1..4
ok 1 - Equals
ok 2 - Equals
ok 3 - Equals
ok 4 - Equals
</system-out>
    <testcase name="Equals (323)" classname="spec_perl_TestStrLiterals2_t" time="0.000236034393310547" />
    <testcase name="Equals (324)" classname="spec_perl_TestStrLiterals2_t" time="8.20159912109375e-05" />
    <testcase name="Equals (325)" classname="spec_perl_TestStrLiterals2_t" time="0.000155925750732422" />
    <testcase name="Equals (326)" classname="spec_perl_TestStrLiterals2_t" time="0.000134944915771484" />
  </testsuite>
  <testsuite name="spec_perl_TestBitsSimpleLe_t" errors="0" failures="0" skipped="0" tests="14" time="0.0444409847259521">
    <system-out>1..14
ok 1 - Equals
ok 2 - Equals
ok 3 - Equals
ok 4 - Equals
ok 5 - Equals
ok 6 - Equals
ok 7 - Equals
ok 8 - Equals
ok 9 - Equals
ok 10 - Equals
ok 11 - Equals
ok 12 - Equals
ok 13 - Equals
ok 14 - Equals
</system-out>
    <testcase name="Equals (327)" classname="spec_perl_TestBitsSimpleLe_t" time="0.000267982482910156" />
    <testcase name="Equals (328)" classname="spec_perl_TestBitsSimpleLe_t" time="8.20159912109375e-05" />
    <testcase name="Equals (329)" classname="spec_perl_TestBitsSimpleLe_t" time="0.000133037567138672" />
    <testcase name="Equals (330)" classname="spec_perl_TestBitsSimpleLe_t" time="0.000133991241455078" />
    <testcase name="Equals (331)" classname="spec_perl_TestBitsSimpleLe_t" time="0.000119924545288086" />
    <testcase name="Equals (332)" classname="spec_perl_TestBitsSimpleLe_t" time="0.00014495849609375" />
    <testcase name="Equals (333)" classname="spec_perl_TestBitsSimpleLe_t" time="0.000126123428344727" />
    <testcase name="Equals (334)" classname="spec_perl_TestBitsSimpleLe_t" time="0.000115871429443359" />
    <testcase name="Equals (335)" classname="spec_perl_TestBitsSimpleLe_t" time="0.00014805793762207" />
    <testcase name="Equals (336)" classname="spec_perl_TestBitsSimpleLe_t" time="0.000113964080810547" />
    <testcase name="Equals (337)" classname="spec_perl_TestBitsSimpleLe_t" time="0.000138998031616211" />
    <testcase name="Equals (338)" classname="spec_perl_TestBitsSimpleLe_t" time="0.000127077102661133" />
    <testcase name="Equals (339)" classname="spec_perl_TestBitsSimpleLe_t" time="0.000121116638183594" />
    <testcase name="Equals (340)" classname="spec_perl_TestBitsSimpleLe_t" time="0.000140905380249023" />
  </testsuite>
  <testsuite name="spec_perl_TestSwitchManualStrElse_t" errors="0" failures="0" skipped="0" tests="9" time="0.046393871307373">
    <system-out>1..9
ok 1 - Equals
ok 2 - Equals
ok 3 - Equals
ok 4 - Equals
ok 5 - Equals
ok 6 - Equals
ok 7 - Equals
ok 8 - Equals
ok 9 - Equals
</system-out>
    <testcase name="Equals (341)" classname="spec_perl_TestSwitchManualStrElse_t" time="0.000288009643554688" />
    <testcase name="Equals (342)" classname="spec_perl_TestSwitchManualStrElse_t" time="8.70227813720703e-05" />
    <testcase name="Equals (343)" classname="spec_perl_TestSwitchManualStrElse_t" time="8.48770141601562e-05" />
    <testcase name="Equals (344)" classname="spec_perl_TestSwitchManualStrElse_t" time="0.00014805793762207" />
    <testcase name="Equals (345)" classname="spec_perl_TestSwitchManualStrElse_t" time="0.00014805793762207" />
    <testcase name="Equals (346)" classname="spec_perl_TestSwitchManualStrElse_t" time="9.89437103271484e-05" />
    <testcase name="Equals (347)" classname="spec_perl_TestSwitchManualStrElse_t" time="0.00014185905456543" />
    <testcase name="Equals (348)" classname="spec_perl_TestSwitchManualStrElse_t" time="0.000137090682983398" />
    <testcase name="Equals (349)" classname="spec_perl_TestSwitchManualStrElse_t" time="0.000168085098266602" />
  </testsuite>
  <testsuite name="spec_perl_TestRecursiveOne_t" errors="0" failures="0" skipped="0" tests="4" time="0.0423750877380371">
    <system-out>1..4
ok 1 - Equals
ok 2 - Equals
ok 3 - Equals
ok 4 - Equals
</system-out>
    <testcase name="Equals (350)" classname="spec_perl_TestRecursiveOne_t" time="0.000253200531005859" />
    <testcase name="Equals (351)" classname="spec_perl_TestRecursiveOne_t" time="8.29696655273438e-05" />
    <testcase name="Equals (352)" classname="spec_perl_TestRecursiveOne_t" time="5.98430633544922e-05" />
    <testcase name="Equals (353)" classname="spec_perl_TestRecursiveOne_t" time="0.000151157379150391" />
  </testsuite>
  <testsuite name="spec_perl_TestExprOpsParens_t" errors="1" failures="0" skipped="0" tests="0" time="0.042712926864624">
    <system-out></system-out>
    <testcase name="Test died too soon, even before plan. (353)" classname="spec_perl_TestExprOpsParens_t" time="0.042712926864624">
      <failure message="The test suite died before a plan was produced. You need to have a plan." type="Plan">No plan</failure>
    </testcase>
  </testsuite>
  <testsuite name="spec_perl_TestZlibSurrounded_t" errors="0" failures="0" skipped="0" tests="1" time="0.0628418922424316">
    <system-out>1..1
ok 1 - Equals
</system-out>
    <testcase name="Equals (354)" classname="spec_perl_TestZlibSurrounded_t" time="0.000568866729736328" />
  </testsuite>
  <testsuite name="spec_perl_TestTermStrz_t" errors="0" failures="0" skipped="0" tests="3" time="0.0455789566040039">
    <system-out>1..3
ok 1 - Equals
ok 2 - Equals
ok 3 - Equals
</system-out>
    <testcase name="Equals (355)" classname="spec_perl_TestTermStrz_t" time="0.000281810760498047" />
    <testcase name="Equals (356)" classname="spec_perl_TestTermStrz_t" time="8.32080841064453e-05" />
    <testcase name="Equals (357)" classname="spec_perl_TestTermStrz_t" time="7.98702239990234e-05" />
  </testsuite>
  <testsuite name="spec_perl_TestMetaXref_t" errors="0" failures="0" skipped="1" tests="1" time="0.0444338321685791">
    <system-out>1..1
ok 1 # skip MetaXref=HASH(0x1ea8f28)
</system-out>
    <testcase name="Unnamed test case 357" classname="spec_perl_TestMetaXref_t" time="0.00122690200805664">
      <skipped message="ok 1 # skip MetaXref=HASH(0x1ea8f28)" />
    </testcase>
  </testsuite>
  <testsuite name="spec_perl_TestInstanceStdArray_t" errors="0" failures="0" skipped="0" tests="7" time="0.0432670116424561">
    <system-out>1..7
ok 1 - Equals
ok 2 - Equals
ok 3 - Equals
ok 4 - Equals
ok 5 - Equals
ok 6 - Equals
ok 7 - Equals
</system-out>
    <testcase name="Equals (358)" classname="spec_perl_TestInstanceStdArray_t" time="0.000223159790039062" />
    <testcase name="Equals (359)" classname="spec_perl_TestInstanceStdArray_t" time="7.39097595214844e-05" />
    <testcase name="Equals (360)" classname="spec_perl_TestInstanceStdArray_t" time="0.000118017196655273" />
    <testcase name="Equals (361)" classname="spec_perl_TestInstanceStdArray_t" time="0.000150918960571289" />
    <testcase name="Equals (362)" classname="spec_perl_TestInstanceStdArray_t" time="0.000133991241455078" />
    <testcase name="Equals (363)" classname="spec_perl_TestInstanceStdArray_t" time="0.000107049942016602" />
    <testcase name="Equals (364)" classname="spec_perl_TestInstanceStdArray_t" time="0.000154972076416016" />
  </testsuite>
  <testsuite name="spec_perl_TestNestedTypes_t" errors="0" failures="0" skipped="0" tests="3" time="0.0452759265899658">
    <system-out>1..3
ok 1 - Equals
ok 2 - Equals
ok 3 - Equals
</system-out>
    <testcase name="Equals (365)" classname="spec_perl_TestNestedTypes_t" time="0.00025486946105957" />
    <testcase name="Equals (366)" classname="spec_perl_TestNestedTypes_t" time="8.29696655273438e-05" />
    <testcase name="Equals (367)" classname="spec_perl_TestNestedTypes_t" time="0.000117063522338867" />
  </testsuite>
  <testsuite name="spec_perl_TestProcessCustom_t" errors="1" failures="0" skipped="0" tests="0" time="0.0419430732727051">
    <system-out></system-out>
    <testcase name="Test died too soon, even before plan. (367)" classname="spec_perl_TestProcessCustom_t" time="0.0419430732727051">
      <failure message="The test suite died before a plan was produced. You need to have a plan." type="Plan">No plan</failure>
    </testcase>
  </testsuite>
  <testsuite name="spec_perl_TestFixedContents_t" errors="1" failures="0" skipped="0" tests="0" time="0.0413451194763184">
    <system-out></system-out>
    <testcase name="Test died too soon, even before plan. (368)" classname="spec_perl_TestFixedContents_t" time="0.0413451194763184">
      <failure message="The test suite died before a plan was produced. You need to have a plan." type="Plan">No plan</failure>
    </testcase>
  </testsuite>
  <testsuite name="spec_perl_TestRepeatNStruct_t" errors="0" failures="0" skipped="0" tests="5" time="0.0427050590515137">
    <system-out>1..5
ok 1 - Equals
ok 2 - Equals
ok 3 - Equals
ok 4 - Equals
ok 5 - Equals
</system-out>
    <testcase name="Equals (368)" classname="spec_perl_TestRepeatNStruct_t" time="0.000236988067626953" />
    <testcase name="Equals (369)" classname="spec_perl_TestRepeatNStruct_t" time="7.79628753662109e-05" />
    <testcase name="Equals (370)" classname="spec_perl_TestRepeatNStruct_t" time="0.000119924545288086" />
    <testcase name="Equals (371)" classname="spec_perl_TestRepeatNStruct_t" time="0.000174999237060547" />
    <testcase name="Equals (372)" classname="spec_perl_TestRepeatNStruct_t" time="7.20024108886719e-05" />
  </testsuite>
  <testsuite name="spec_perl_TestImports0_t" errors="0" failures="0" skipped="0" tests="3" time="0.0434520244598389">
    <system-out>1..3
ok 1 - Equals
ok 2 - Equals
ok 3 - Equals
</system-out>
    <testcase name="Equals (373)" classname="spec_perl_TestImports0_t" time="0.000216960906982422" />
    <testcase name="Equals (374)" classname="spec_perl_TestImports0_t" time="7.70092010498047e-05" />
    <testcase name="Equals (375)" classname="spec_perl_TestImports0_t" time="0.000138044357299805" />
  </testsuite>
  <testsuite name="spec_perl_TestExprIfIntOps_t" errors="0" failures="0" skipped="0" tests="2" time="0.0426990985870361">
    <system-out>1..2
ok 1 - Equals
ok 2 - Equals
</system-out>
    <testcase name="Equals (376)" classname="spec_perl_TestExprIfIntOps_t" time="0.000211954116821289" />
    <testcase name="Equals (377)" classname="spec_perl_TestExprIfIntOps_t" time="7.48634338378906e-05" />
  </testsuite>
  <testsuite name="spec_perl_TestDebugEnumName_t" errors="1" failures="0" skipped="0" tests="0" time="0.0419018268585205">
    <system-out></system-out>
    <testcase name="Test died too soon, even before plan. (377)" classname="spec_perl_TestDebugEnumName_t" time="0.0419018268585205">
      <failure message="The test suite died before a plan was produced. You need to have a plan." type="Plan">No plan</failure>
    </testcase>
  </testsuite>
  <testsuite name="spec_perl_TestEnumToIClassBorder1_t" errors="0" failures="1" skipped="0" tests="3" time="0.0435919761657715">
    <system-out>1..3
ok 1 - Equals
ok 2 - Equals
not ok 3 - test_enum_to_i_class_border_1 died (Can't call method &quot;some_dog&quot; on an undefined value at compiled/perl/EnumToIClassBorder2.pm line 42.)
</system-out>
    <testcase name="Equals (378)" classname="spec_perl_TestEnumToIClassBorder1_t" time="0.000189065933227539" />
    <testcase name="Equals (379)" classname="spec_perl_TestEnumToIClassBorder1_t" time="8.89301300048828e-05" />
    <testcase name="test_enum_to_i_class_border_1 died (Can't call method &quot;some_dog&quot; on an undefined value at compiled/perl/EnumToIClassBorder2.pm line 42.) (379)" classname="spec_perl_TestEnumToIClassBorder1_t" time="0.000255107879638672">
      <failure message="not ok 3 - test_enum_to_i_class_border_1 died (Can't call method &quot;some_dog&quot; on an undefined value at compiled/perl/EnumToIClassBorder2.pm line 42.)" type="TAP::Parser::Result::Test"></failure>
    </testcase>
  </testsuite>
  <testsuite name="spec_perl_TestSwitchManualEnumInvalid_t" errors="0" failures="0" skipped="0" tests="5" time="0.0460948944091797">
    <system-out>1..5
ok 1 - Equals
ok 2 - Equals
ok 3 - nil
ok 4 - Equals
ok 5 - nil
</system-out>
    <testcase name="Equals (380)" classname="spec_perl_TestSwitchManualEnumInvalid_t" time="0.000246047973632812" />
    <testcase name="Equals (381)" classname="spec_perl_TestSwitchManualEnumInvalid_t" time="7.89165496826172e-05" />
    <testcase name="nil (381)" classname="spec_perl_TestSwitchManualEnumInvalid_t" time="6.103515625e-05" />
    <testcase name="Equals (382)" classname="spec_perl_TestSwitchManualEnumInvalid_t" time="0.000146865844726562" />
    <testcase name="nil (382)" classname="spec_perl_TestSwitchManualEnumInvalid_t" time="6.19888305664062e-05" />
  </testsuite>
  <testsuite name="spec_perl_TestExprBytesLiteral_t" errors="1" failures="0" skipped="0" tests="0" time="0.0426678657531738">
    <system-out></system-out>
    <testcase name="Test died too soon, even before plan. (382)" classname="spec_perl_TestExprBytesLiteral_t" time="0.0426678657531738">
      <failure message="The test suite died before a plan was produced. You need to have a plan." type="Plan">No plan</failure>
    </testcase>
  </testsuite>
  <testsuite name="spec_perl_TestNestedTypes3_t" errors="0" failures="0" skipped="0" tests="5" time="0.0431790351867676">
    <system-out>1..5
ok 1 - Equals
ok 2 - Equals
ok 3 - Equals
ok 4 - Equals
ok 5 - Equals
</system-out>
    <testcase name="Equals (383)" classname="spec_perl_TestNestedTypes3_t" time="0.000175952911376953" />
    <testcase name="Equals (384)" classname="spec_perl_TestNestedTypes3_t" time="7.51018524169922e-05" />
    <testcase name="Equals (385)" classname="spec_perl_TestNestedTypes3_t" time="0.000185966491699219" />
    <testcase name="Equals (386)" classname="spec_perl_TestNestedTypes3_t" time="7.79628753662109e-05" />
    <testcase name="Equals (387)" classname="spec_perl_TestNestedTypes3_t" time="0.000134944915771484" />
  </testsuite>
  <testsuite name="spec_perl_TestSwitchManualInt_t" errors="0" failures="0" skipped="0" tests="9" time="0.0459210872650146">
    <system-out>1..9
ok 1 - Equals
ok 2 - Equals
ok 3 - Equals
ok 4 - Equals
ok 5 - Equals
ok 6 - Equals
ok 7 - Equals
ok 8 - Equals
ok 9 - Equals
</system-out>
    <testcase name="Equals (388)" classname="spec_perl_TestSwitchManualInt_t" time="0.000241994857788086" />
    <testcase name="Equals (389)" classname="spec_perl_TestSwitchManualInt_t" time="7.60555267333984e-05" />
    <testcase name="Equals (390)" classname="spec_perl_TestSwitchManualInt_t" time="0.00011897087097168" />
    <testcase name="Equals (391)" classname="spec_perl_TestSwitchManualInt_t" time="0.000146865844726562" />
    <testcase name="Equals (392)" classname="spec_perl_TestSwitchManualInt_t" time="0.000143051147460938" />
    <testcase name="Equals (393)" classname="spec_perl_TestSwitchManualInt_t" time="0.0001220703125" />
    <testcase name="Equals (394)" classname="spec_perl_TestSwitchManualInt_t" time="0.000115871429443359" />
    <testcase name="Equals (395)" classname="spec_perl_TestSwitchManualInt_t" time="0.000127077102661133" />
    <testcase name="Equals (396)" classname="spec_perl_TestSwitchManualInt_t" time="0.000126123428344727" />
  </testsuite>
  <testsuite name="spec_perl_TestNestedSameName2_t" errors="0" failures="0" skipped="0" tests="5" time="0.0439119338989258">
    <system-out>1..5
ok 1 - Equals
ok 2 - Equals
ok 3 - Equals
ok 4 - Equals
ok 5 - Equals
</system-out>
    <testcase name="Equals (397)" classname="spec_perl_TestNestedSameName2_t" time="0.000264167785644531" />
    <testcase name="Equals (398)" classname="spec_perl_TestNestedSameName2_t" time="8.48770141601562e-05" />
    <testcase name="Equals (399)" classname="spec_perl_TestNestedSameName2_t" time="0.000131130218505859" />
    <testcase name="Equals (400)" classname="spec_perl_TestNestedSameName2_t" time="0.000102996826171875" />
    <testcase name="Equals (401)" classname="spec_perl_TestNestedSameName2_t" time="0.000156879425048828" />
  </testsuite>
  <testsuite name="spec_perl_TestDebug0_t" errors="0" failures="0" skipped="1" tests="1" time="0.0419049263000488">
    <system-out>1..1
ok 1 # skip test_debug_0
</system-out>
    <testcase name="Unnamed test case 401" classname="spec_perl_TestDebug0_t" time="0.000223159790039062">
      <skipped message="ok 1 # skip test_debug_0" />
    </testcase>
  </testsuite>
  <testsuite name="spec_perl_TestExprEnum_t" errors="0" failures="0" skipped="0" tests="3" time="0.0443968772888184">
    <system-out>1..3
ok 1 - Equals
ok 2 - Equals
ok 3 - Equals
</system-out>
    <testcase name="Equals (402)" classname="spec_perl_TestExprEnum_t" time="0.000219821929931641" />
    <testcase name="Equals (403)" classname="spec_perl_TestExprEnum_t" time="0.000117063522338867" />
    <testcase name="Equals (404)" classname="spec_perl_TestExprEnum_t" time="6.69956207275391e-05" />
  </testsuite>
  <testsuite name="spec_perl_TestStrEncodingsDefault_t" errors="0" failures="0" skipped="0" tests="4" time="0.049332857131958">
    <system-out>1..4
ok 1 - Equals
ok 2 - Equals
ok 3 - Equals
ok 4 - Equals
</system-out>
    <testcase name="Equals (405)" classname="spec_perl_TestStrEncodingsDefault_t" time="0.00327897071838379" />
    <testcase name="Equals (406)" classname="spec_perl_TestStrEncodingsDefault_t" time="0.000108003616333008" />
    <testcase name="Equals (407)" classname="spec_perl_TestStrEncodingsDefault_t" time="6.103515625e-05" />
    <testcase name="Equals (408)" classname="spec_perl_TestStrEncodingsDefault_t" time="0.000158786773681641" />
  </testsuite>
  <testsuite name="spec_perl_TestProcessRepeatUsertype_t" errors="0" failures="0" skipped="0" tests="4" time="0.0434398651123047">
    <system-out>1..4
ok 1 - Equals
ok 2 - Equals
ok 3 - Equals
ok 4 - Equals
</system-out>
    <testcase name="Equals (409)" classname="spec_perl_TestProcessRepeatUsertype_t" time="0.000483036041259766" />
[...]
    <testcase name="Equals (751)" classname="spec_perl_TestDefaultEndianExprIsBe_t" time="0.000154972076416016" />
    <testcase name="Equals (752)" classname="spec_perl_TestDefaultEndianExprIsBe_t" time="0.000149011611938477" />
  </testsuite>
  <testsuite name="spec_perl_TestIndexToParamEos_t" errors="0" failures="2" skipped="0" tests="7" time="0.0500359535217285">
    <system-out>1..7
ok 1 - Equals
ok 2 - Equals
ok 3 - Equals
ok 4 - Equals
ok 5 - Equals
not ok 6 - Equals
not ok 7 - Equals
</system-out>
    <testcase name="Equals (753)" classname="spec_perl_TestIndexToParamEos_t" time="0.00519609451293945" />
    <testcase name="Equals (754)" classname="spec_perl_TestIndexToParamEos_t" time="9.67979431152344e-05" />
    <testcase name="Equals (755)" classname="spec_perl_TestIndexToParamEos_t" time="4.91142272949219e-05" />
    <testcase name="Equals (756)" classname="spec_perl_TestIndexToParamEos_t" time="0.000112056732177734" />
    <testcase name="Equals (757)" classname="spec_perl_TestIndexToParamEos_t" time="4.98294830322266e-05" />
    <testcase name="Equals (758)" classname="spec_perl_TestIndexToParamEos_t" time="5.00679016113281e-05">
      <failure message="not ok 6 - Equals" type="TAP::Parser::Result::Test"></failure>
    </testcase>
    <testcase name="Equals (759)" classname="spec_perl_TestIndexToParamEos_t" time="4.10079956054688e-05">
      <failure message="not ok 7 - Equals" type="TAP::Parser::Result::Test"></failure>
    </testcase>
  </testsuite>
  <testsuite name="spec_perl_TestImportsAbs_t" errors="0" failures="0" skipped="0" tests="2" time="0.0433609485626221">
    <system-out>1..2
ok 1 - Equals
ok 2 - Equals
</system-out>
    <testcase name="Equals (760)" classname="spec_perl_TestImportsAbs_t" time="0.000313043594360352" />
    <testcase name="Equals (761)" classname="spec_perl_TestImportsAbs_t" time="9.29832458496094e-05" />
  </testsuite>
  <testsuite name="spec_perl_TestTypeTernaryOpaque_t" errors="0" failures="0" skipped="0" tests="3" time="0.0461528301239014">
    <system-out>1..3
ok 1 - Equals
ok 2 - Equals
ok 3 - Equals
</system-out>
    <testcase name="Equals (762)" classname="spec_perl_TestTypeTernaryOpaque_t" time="0.000514984130859375" />
    <testcase name="Equals (763)" classname="spec_perl_TestTypeTernaryOpaque_t" time="0.000123023986816406" />
    <testcase name="Equals (764)" classname="spec_perl_TestTypeTernaryOpaque_t" time="7.00950622558594e-05" />
  </testsuite>
  <testsuite name="spec_perl_TestYamlInts_t" errors="0" failures="0" skipped="0" tests="4" time="0.0476260185241699">
    <system-out>1..4
ok 1 - Equals
ok 2 - Equals
ok 3 - Equals
ok 4 - Equals
</system-out>
    <testcase name="Equals (765)" classname="spec_perl_TestYamlInts_t" time="0.000196218490600586" />
    <testcase name="Equals (766)" classname="spec_perl_TestYamlInts_t" time="0.000129938125610352" />
    <testcase name="Equals (767)" classname="spec_perl_TestYamlInts_t" time="0.000154972076416016" />
    <testcase name="Equals (768)" classname="spec_perl_TestYamlInts_t" time="0.000150918960571289" />
  </testsuite>
  <testsuite name="spec_perl_TestParamsPassUsertype_t" errors="0" failures="1" skipped="1" tests="2" time="0.046187162399292">
    <system-out>1..2
not ok 1 - test_params_pass_usertype died (Can't call method &quot;foo&quot; on an undefined value at compiled/perl/ParamsPassUsertype.pm line 119.)
ok 2 # skip test_params_pass_usertype died
</system-out>
    <testcase name="test_params_pass_usertype died (Can't call method &quot;foo&quot; on an undefined value at compiled/perl/ParamsPassUsertype.pm line 119.) (768)" classname="spec_perl_TestParamsPassUsertype_t" time="0.000306129455566406">
      <failure message="not ok 1 - test_params_pass_usertype died (Can't call method &quot;foo&quot; on an undefined value at compiled/perl/ParamsPassUsertype.pm line 119.)" type="TAP::Parser::Result::Test"></failure>
    </testcase>
    <testcase name="Unnamed test case 768" classname="spec_perl_TestParamsPassUsertype_t" time="0.00129604339599609">
      <skipped message="ok 2 # skip test_params_pass_usertype died" />
    </testcase>
  </testsuite>
  <testsuite name="spec_perl_TestMetaTags_t" errors="0" failures="0" skipped="1" tests="1" time="0.0431637763977051">
    <system-out>1..1
ok 1 # skip MetaTags=HASH(0x21a3560)
</system-out>
    <testcase name="Unnamed test case 769" classname="spec_perl_TestMetaTags_t" time="0.00116682052612305">
      <skipped message="ok 1 # skip MetaTags=HASH(0x21a3560)" />
    </testcase>
  </testsuite>
  <testsuite name="spec_perl_TestExprBytesCmp_t" errors="0" failures="0" skipped="0" tests="10" time="0.0436780452728271">
    <system-out>1..10
ok 1 - Equals
ok 2 - Equals
ok 3 - Equals
ok 4 - Equals
ok 5 - Equals
ok 6 - Equals
ok 7 - Equals
ok 8 - Equals
ok 9 - Equals
ok 10 - Equals
</system-out>
    <testcase name="Equals (769)" classname="spec_perl_TestExprBytesCmp_t" time="0.000214099884033203" />
    <testcase name="Equals (770)" classname="spec_perl_TestExprBytesCmp_t" time="8.08238983154297e-05" />
    <testcase name="Equals (771)" classname="spec_perl_TestExprBytesCmp_t" time="0.000174045562744141" />
    <testcase name="Equals (772)" classname="spec_perl_TestExprBytesCmp_t" time="0.000108003616333008" />
    <testcase name="Equals (773)" classname="spec_perl_TestExprBytesCmp_t" time="0.000142097473144531" />
    <testcase name="Equals (774)" classname="spec_perl_TestExprBytesCmp_t" time="0.000161886215209961" />
    <testcase name="Equals (775)" classname="spec_perl_TestExprBytesCmp_t" time="8.89301300048828e-05" />
    <testcase name="Equals (776)" classname="spec_perl_TestExprBytesCmp_t" time="0.000147104263305664" />
    <testcase name="Equals (777)" classname="spec_perl_TestExprBytesCmp_t" time="0.000114917755126953" />
    <testcase name="Equals (778)" classname="spec_perl_TestExprBytesCmp_t" time="0.000167131423950195" />
  </testsuite>
  <testsuite name="spec_perl_TestTypeTernary_t" errors="0" failures="0" skipped="0" tests="1" time="0.0435121059417725">
    <system-out>1..1
ok 1 - Equals
</system-out>
    <testcase name="Equals (779)" classname="spec_perl_TestTypeTernary_t" time="0.000559091567993164" />
  </testsuite>
  <testsuite name="spec_perl_TestBufferedStruct_t" errors="0" failures="0" skipped="0" tests="7" time="0.0429348945617676">
    <system-out>1..7
ok 1 - Equals
ok 2 - Equals
ok 3 - Equals
ok 4 - Equals
ok 5 - Equals
ok 6 - Equals
ok 7 - Equals
</system-out>
    <testcase name="Equals (780)" classname="spec_perl_TestBufferedStruct_t" time="0.000443935394287109" />
    <testcase name="Equals (781)" classname="spec_perl_TestBufferedStruct_t" time="9.01222229003906e-05" />
    <testcase name="Equals (782)" classname="spec_perl_TestBufferedStruct_t" time="9.89437103271484e-05" />
    <testcase name="Equals (783)" classname="spec_perl_TestBufferedStruct_t" time="0.000133991241455078" />
    <testcase name="Equals (784)" classname="spec_perl_TestBufferedStruct_t" time="0.000129938125610352" />
    <testcase name="Equals (785)" classname="spec_perl_TestBufferedStruct_t" time="0.000116109848022461" />
    <testcase name="Equals (786)" classname="spec_perl_TestBufferedStruct_t" time="0.000138044357299805" />
  </testsuite>
  <testsuite name="spec_perl_TestEnumFancy_t" errors="0" failures="0" skipped="0" tests="2" time="0.0420858860015869">
    <system-out>1..2
ok 1 - Equals
ok 2 - Equals
</system-out>
    <testcase name="Equals (787)" classname="spec_perl_TestEnumFancy_t" time="0.000158071517944336" />
    <testcase name="Equals (788)" classname="spec_perl_TestEnumFancy_t" time="6.50882720947266e-05" />
  </testsuite>
  <testsuite name="spec_perl_TestStrEncodings_t" errors="0" failures="0" skipped="0" tests="4" time="0.0707008838653564">
    <system-out>1..4
ok 1 - Equals
ok 2 - Equals
ok 3 - Equals
ok 4 - Equals
</system-out>
    <testcase name="Equals (789)" classname="spec_perl_TestStrEncodings_t" time="0.0253801345825195" />
    <testcase name="Equals (790)" classname="spec_perl_TestStrEncodings_t" time="0.000130891799926758" />
    <testcase name="Equals (791)" classname="spec_perl_TestStrEncodings_t" time="5.10215759277344e-05" />
    <testcase name="Equals (792)" classname="spec_perl_TestStrEncodings_t" time="5.60283660888672e-05" />
  </testsuite>
  <testsuite name="spec_perl_TestExprCalcArrayOps_t" errors="0" failures="1" skipped="17" tests="18" time="0.0556089878082275">
    <system-out>1..18
not ok 1 - test_expr_calc_array_ops died (Can't use string (&quot;1000&quot;) as an ARRAY ref while &quot;strict refs&quot; in use at compiled/perl/ExprCalcArrayOps.pm line 50.)
ok 2 # skip test_expr_calc_array_ops died
ok 3 # skip test_expr_calc_array_ops died
ok 4 # skip test_expr_calc_array_ops died
ok 5 # skip test_expr_calc_array_ops died
ok 6 # skip test_expr_calc_array_ops died
ok 7 # skip test_expr_calc_array_ops died
ok 8 # skip test_expr_calc_array_ops died
ok 9 # skip test_expr_calc_array_ops died
ok 10 # skip test_expr_calc_array_ops died
ok 11 # skip test_expr_calc_array_ops died
ok 12 # skip test_expr_calc_array_ops died
ok 13 # skip test_expr_calc_array_ops died
ok 14 # skip test_expr_calc_array_ops died
ok 15 # skip test_expr_calc_array_ops died
ok 16 # skip test_expr_calc_array_ops died
ok 17 # skip test_expr_calc_array_ops died
ok 18 # skip test_expr_calc_array_ops died
</system-out>
    <testcase name="test_expr_calc_array_ops died (Can't use string (&quot;1000&quot;) as an ARRAY ref while &quot;strict refs&quot; in use at compiled/perl/ExprCalcArrayOps.pm line 50.) (792)" classname="spec_perl_TestExprCalcArrayOps_t" time="0.000956058502197266">
      <failure message="not ok 1 - test_expr_calc_array_ops died (Can't use string (&quot;1000&quot;) as an ARRAY ref while &quot;strict refs&quot; in use at compiled/perl/ExprCalcArrayOps.pm line 50.)" type="TAP::Parser::Result::Test"></failure>
    </testcase>
    <testcase name="Unnamed test case 792" classname="spec_perl_TestExprCalcArrayOps_t" time="0.00106191635131836">
      <skipped message="ok 2 # skip test_expr_calc_array_ops died" />
    </testcase>
    <testcase name="Unnamed test case 793" classname="spec_perl_TestExprCalcArrayOps_t" time="0.000407934188842773">
      <skipped message="ok 3 # skip test_expr_calc_array_ops died" />
    </testcase>
    <testcase name="Unnamed test case 794" classname="spec_perl_TestExprCalcArrayOps_t" time="0.000375032424926758">
      <skipped message="ok 4 # skip test_expr_calc_array_ops died" />
    </testcase>
    <testcase name="Unnamed test case 795" classname="spec_perl_TestExprCalcArrayOps_t" time="0.000381946563720703">
      <skipped message="ok 5 # skip test_expr_calc_array_ops died" />
    </testcase>
    <testcase name="Unnamed test case 796" classname="spec_perl_TestExprCalcArrayOps_t" time="0.000307083129882812">
      <skipped message="ok 6 # skip test_expr_calc_array_ops died" />
    </testcase>
    <testcase name="Unnamed test case 797" classname="spec_perl_TestExprCalcArrayOps_t" time="0.0002899169921875">
      <skipped message="ok 7 # skip test_expr_calc_array_ops died" />
    </testcase>
    <testcase name="Unnamed test case 798" classname="spec_perl_TestExprCalcArrayOps_t" time="0.000362157821655273">
      <skipped message="ok 8 # skip test_expr_calc_array_ops died" />
    </testcase>
    <testcase name="Unnamed test case 799" classname="spec_perl_TestExprCalcArrayOps_t" time="0.000365972518920898">
      <skipped message="ok 9 # skip test_expr_calc_array_ops died" />
    </testcase>
    <testcase name="Unnamed test case 800" classname="spec_perl_TestExprCalcArrayOps_t" time="0.000364065170288086">
      <skipped message="ok 10 # skip test_expr_calc_array_ops died" />
    </testcase>
    <testcase name="Unnamed test case 801" classname="spec_perl_TestExprCalcArrayOps_t" time="0.000290870666503906">
      <skipped message="ok 11 # skip test_expr_calc_array_ops died" />
    </testcase>
    <testcase name="Unnamed test case 802" classname="spec_perl_TestExprCalcArrayOps_t" time="0.000374078750610352">
      <skipped message="ok 12 # skip test_expr_calc_array_ops died" />
    </testcase>
    <testcase name="Unnamed test case 803" classname="spec_perl_TestExprCalcArrayOps_t" time="0.000292062759399414">
      <skipped message="ok 13 # skip test_expr_calc_array_ops died" />
    </testcase>
    <testcase name="Unnamed test case 804" classname="spec_perl_TestExprCalcArrayOps_t" time="0.00028681755065918">
      <skipped message="ok 14 # skip test_expr_calc_array_ops died" />
    </testcase>
    <testcase name="Unnamed test case 805" classname="spec_perl_TestExprCalcArrayOps_t" time="0.000306129455566406">
      <skipped message="ok 15 # skip test_expr_calc_array_ops died" />
    </testcase>
    <testcase name="Unnamed test case 806" classname="spec_perl_TestExprCalcArrayOps_t" time="0.000290870666503906">
      <skipped message="ok 16 # skip test_expr_calc_array_ops died" />
    </testcase>
    <testcase name="Unnamed test case 807" classname="spec_perl_TestExprCalcArrayOps_t" time="0.000310182571411133">
      <skipped message="ok 17 # skip test_expr_calc_array_ops died" />
    </testcase>
    <testcase name="Unnamed test case 808" classname="spec_perl_TestExprCalcArrayOps_t" time="0.000303983688354492">
      <skipped message="ok 18 # skip test_expr_calc_array_ops died" />
    </testcase>
  </testsuite>
  <testsuite name="spec_perl_TestProcessCustomNoArgs_t" errors="1" failures="0" skipped="0" tests="0" time="0.0429608821868896">
    <system-out></system-out>
    <testcase name="Test died too soon, even before plan. (808)" classname="spec_perl_TestProcessCustomNoArgs_t" time="0.0429608821868896">
      <failure message="The test suite died before a plan was produced. You need to have a plan." type="Plan">No plan</failure>
    </testcase>
  </testsuite>
  <testsuite name="spec_perl_TestImportsAbsAbs_t" errors="0" failures="0" skipped="0" tests="3" time="0.0433900356292725">
    <system-out>1..3
ok 1 - Equals
ok 2 - Equals
ok 3 - Equals
</system-out>
    <testcase name="Equals (808)" classname="spec_perl_TestImportsAbsAbs_t" time="0.000227928161621094" />
    <testcase name="Equals (809)" classname="spec_perl_TestImportsAbsAbs_t" time="0.000116109848022461" />
    <testcase name="Equals (810)" classname="spec_perl_TestImportsAbsAbs_t" time="0.000174999237060547" />
  </testsuite>
  <testsuite name="spec_perl_TestProcessCoerceBytes_t" errors="0" failures="0" skipped="0" tests="4" time="0.0422120094299316">
    <system-out>1..4
ok 1 - Equals
ok 2 - Equals
ok 3 - Equals
ok 4 - Equals
</system-out>
    <testcase name="Equals (811)" classname="spec_perl_TestProcessCoerceBytes_t" time="0.000261068344116211" />
    <testcase name="Equals (812)" classname="spec_perl_TestProcessCoerceBytes_t" time="8.392333984375e-05" />
    <testcase name="Equals (813)" classname="spec_perl_TestProcessCoerceBytes_t" time="7.91549682617188e-05" />
    <testcase name="Equals (814)" classname="spec_perl_TestProcessCoerceBytes_t" time="0.000151872634887695" />
  </testsuite>
  <testsuite name="spec_perl_TestEosExceptionU4_t" errors="0" failures="0" skipped="0" tests="1" time="0.0442509651184082">
    <system-out>1..1
ok 1 - Died
</system-out>
    <testcase name="Died (814)" classname="spec_perl_TestEosExceptionU4_t" time="0.000386953353881836" />
  </testsuite>
  <testsuite name="spec_perl_TestBcdUserTypeLe_t" errors="0" failures="0" skipped="0" tests="6" time="0.0439369678497314">
    <system-out>1..6
ok 1 - Equals
ok 2 - Equals
ok 3 - Equals
ok 4 - Equals
ok 5 - Equals
ok 6 - Equals
</system-out>
    <testcase name="Equals (815)" classname="spec_perl_TestBcdUserTypeLe_t" time="0.000526189804077148" />
    <testcase name="Equals (816)" classname="spec_perl_TestBcdUserTypeLe_t" time="9.17911529541016e-05" />
    <testcase name="Equals (817)" classname="spec_perl_TestBcdUserTypeLe_t" time="0.000120162963867188" />
    <testcase name="Equals (818)" classname="spec_perl_TestBcdUserTypeLe_t" time="0.000140905380249023" />
    <testcase name="Equals (819)" classname="spec_perl_TestBcdUserTypeLe_t" time="0.00015711784362793" />
    <testcase name="Equals (820)" classname="spec_perl_TestBcdUserTypeLe_t" time="0.000149965286254883" />
  </testsuite>
  <testsuite name="spec_perl_TestSwitchMultiBoolOps_t" errors="0" failures="0" skipped="0" tests="9" time="0.0430200099945068">
    <system-out>1..9
ok 1 - Equals
ok 2 - Equals
ok 3 - Equals
ok 4 - Equals
ok 5 - Equals
ok 6 - Equals
ok 7 - Equals
ok 8 - Equals
ok 9 - Equals
</system-out>
    <testcase name="Equals (821)" classname="spec_perl_TestSwitchMultiBoolOps_t" time="0.000239849090576172" />
    <testcase name="Equals (822)" classname="spec_perl_TestSwitchMultiBoolOps_t" time="7.91549682617188e-05" />
    <testcase name="Equals (823)" classname="spec_perl_TestSwitchMultiBoolOps_t" time="0.000123977661132812" />
    <testcase name="Equals (824)" classname="spec_perl_TestSwitchMultiBoolOps_t" time="0.000119924545288086" />
    <testcase name="Equals (825)" classname="spec_perl_TestSwitchMultiBoolOps_t" time="0.000130891799926758" />
    <testcase name="Equals (826)" classname="spec_perl_TestSwitchMultiBoolOps_t" time="0.00030517578125" />
    <testcase name="Equals (827)" classname="spec_perl_TestSwitchMultiBoolOps_t" time="0.000180959701538086" />
    <testcase name="Equals (828)" classname="spec_perl_TestSwitchMultiBoolOps_t" time="0.000130891799926758" />
    <testcase name="Equals (829)" classname="spec_perl_TestSwitchMultiBoolOps_t" time="0.000161170959472656" />
  </testsuite>
  <testsuite name="spec_perl_TestIfValues_t" errors="0" failures="0" skipped="0" tests="6" time="0.0436158180236816">
    <system-out>1..6
ok 1 - Equals
ok 2 - Equals
ok 3 - Equals
ok 4 - nil
ok 5 - Equals
ok 6 - nil
</system-out>
    <testcase name="Equals (830)" classname="spec_perl_TestIfValues_t" time="0.000166893005371094" />
    <testcase name="Equals (831)" classname="spec_perl_TestIfValues_t" time="7.29560852050781e-05" />
    <testcase name="Equals (832)" classname="spec_perl_TestIfValues_t" time="0.000171184539794922" />
    <testcase name="nil (832)" classname="spec_perl_TestIfValues_t" time="7.08103179931641e-05" />
    <testcase name="Equals (833)" classname="spec_perl_TestIfValues_t" time="7.51018524169922e-05" />
    <testcase name="nil (833)" classname="spec_perl_TestIfValues_t" time="6.89029693603516e-05" />
  </testsuite>
  <testsuite name="spec_perl_TestBitsEnum_t" errors="0" failures="0" skipped="0" tests="3" time="0.0424158573150635">
    <system-out>1..3
ok 1 - Equals
ok 2 - Equals
ok 3 - Equals
</system-out>
    <testcase name="Equals (834)" classname="spec_perl_TestBitsEnum_t" time="0.0002288818359375" />
    <testcase name="Equals (835)" classname="spec_perl_TestBitsEnum_t" time="8.0108642578125e-05" />
    <testcase name="Equals (836)" classname="spec_perl_TestBitsEnum_t" time="0.000135898590087891" />
  </testsuite>
  <testsuite name="spec_perl_TestDefaultEndianMod_t" errors="0" failures="0" skipped="0" tests="3" time="0.0426089763641357">
    <system-out>1..3
ok 1 - Equals
ok 2 - Equals
ok 3 - Equals
</system-out>
    <testcase name="Equals (837)" classname="spec_perl_TestDefaultEndianMod_t" time="0.000190973281860352" />
    <testcase name="Equals (838)" classname="spec_perl_TestDefaultEndianMod_t" time="8.10623168945312e-05" />
    <testcase name="Equals (839)" classname="spec_perl_TestDefaultEndianMod_t" time="0.000159978866577148" />
  </testsuite>
  <testsuite name="spec_perl_TestImportsRel1_t" errors="0" failures="0" skipped="0" tests="3" time="0.0428669452667236">
    <system-out>1..3
ok 1 - Equals
ok 2 - Equals
ok 3 - Equals
</system-out>
    <testcase name="Equals (840)" classname="spec_perl_TestImportsRel1_t" time="0.00022578239440918" />
    <testcase name="Equals (841)" classname="spec_perl_TestImportsRel1_t" time="8.70227813720703e-05" />
    <testcase name="Equals (842)" classname="spec_perl_TestImportsRel1_t" time="0.000121116638183594" />
  </testsuite>
</testsuites>
