<?xml version='1.0' encoding='utf-8'?>
<testsuites>
  <testsuite name="spec_perl_TestStrPadTerm_t" errors="0" failures="0" skipped="0" tests="4" time="0.0405681133270264">
    <system-out>1..4
ok 1 - Equals
ok 2 - Equals
ok 3 - Equals
ok 4 - Equals
</system-out>
    <testcase name="Equals" classname="spec_perl_TestStrPadTerm_t" time="0.00142097473144531" />
    <testcase name="Equals (2)" classname="spec_perl_TestStrPadTerm_t" time="0.000217914581298828" />
    <testcase name="Equals (3)" classname="spec_perl_TestStrPadTerm_t" time="0.000131130218505859" />
    <testcase name="Equals (4)" classname="spec_perl_TestStrPadTerm_t" time="0.000133037567138672" />
  </testsuite>
  <testsuite name="spec_perl_TestExprBytesCmp_t" errors="0" failures="0" skipped="0" tests="10" time="0.0408968925476074">
    <system-out>1..10
ok 1 - Equals
ok 2 - Equals
ok 3 - Equals
ok 4 - Equals
ok 5 - Equals
ok 6 - Equals
ok 7 - Equals
ok 8 - Equals
ok 9 - Equals
ok 10 - Equals
</system-out>
    <testcase name="Equals (5)" classname="spec_perl_TestExprBytesCmp_t" time="0.00144004821777344" />
    <testcase name="Equals (6)" classname="spec_perl_TestExprBytesCmp_t" time="6.91413879394531e-05" />
    <testcase name="Equals (7)" classname="spec_perl_TestExprBytesCmp_t" time="5.38825988769531e-05" />
    <testcase name="Equals (8)" classname="spec_perl_TestExprBytesCmp_t" time="5.10215759277344e-05" />
    <testcase name="Equals (9)" classname="spec_perl_TestExprBytesCmp_t" time="4.79221343994141e-05" />
    <testcase name="Equals (10)" classname="spec_perl_TestExprBytesCmp_t" time="9.70363616943359e-05" />
    <testcase name="Equals (11)" classname="spec_perl_TestExprBytesCmp_t" time="7.51018524169922e-05" />
    <testcase name="Equals (12)" classname="spec_perl_TestExprBytesCmp_t" time="8.20159912109375e-05" />
    <testcase name="Equals (13)" classname="spec_perl_TestExprBytesCmp_t" time="6.69956207275391e-05" />
    <testcase name="Equals (14)" classname="spec_perl_TestExprBytesCmp_t" time="8.79764556884766e-05" />
  </testsuite>
  <testsuite name="spec_perl_TestExprStrOps_t" errors="0" failures="0" skipped="0" tests="17" time="0.037092924118042">
    <system-out>1..17
ok 1 - Equals
ok 2 - Equals
ok 3 - Equals
ok 4 - Equals
ok 5 - Equals
ok 6 - Equals
ok 7 - Equals
ok 8 - Equals
ok 9 - Equals
ok 10 - Equals
ok 11 - Equals
ok 12 - Equals
ok 13 - Equals
ok 14 - Equals
ok 15 - Equals
ok 16 - Equals
ok 17 - Equals
</system-out>
    <testcase name="Equals (15)" classname="spec_perl_TestExprStrOps_t" time="0.00112700462341309" />
    <testcase name="Equals (16)" classname="spec_perl_TestExprStrOps_t" time="6.69956207275391e-05" />
    <testcase name="Equals (17)" classname="spec_perl_TestExprStrOps_t" time="4.31537628173828e-05" />
    <testcase name="Equals (18)" classname="spec_perl_TestExprStrOps_t" time="4.79221343994141e-05" />
    <testcase name="Equals (19)" classname="spec_perl_TestExprStrOps_t" time="4.69684600830078e-05" />
    <testcase name="Equals (20)" classname="spec_perl_TestExprStrOps_t" time="9.29832458496094e-05" />
    <testcase name="Equals (21)" classname="spec_perl_TestExprStrOps_t" time="7.41481781005859e-05" />
    <testcase name="Equals (22)" classname="spec_perl_TestExprStrOps_t" time="8.58306884765625e-05" />
    <testcase name="Equals (23)" classname="spec_perl_TestExprStrOps_t" time="5.31673431396484e-05" />
    <testcase name="Equals (24)" classname="spec_perl_TestExprStrOps_t" time="8.20159912109375e-05" />
    <testcase name="Equals (25)" classname="spec_perl_TestExprStrOps_t" time="0.000115871429443359" />
    <testcase name="Equals (26)" classname="spec_perl_TestExprStrOps_t" time="5.50746917724609e-05" />
    <testcase name="Equals (27)" classname="spec_perl_TestExprStrOps_t" time="7.89165496826172e-05" />
    <testcase name="Equals (28)" classname="spec_perl_TestExprStrOps_t" time="5.31673431396484e-05" />
    <testcase name="Equals (29)" classname="spec_perl_TestExprStrOps_t" time="0.000101804733276367" />
    <testcase name="Equals (30)" classname="spec_perl_TestExprStrOps_t" time="5.00679016113281e-05" />
    <testcase name="Equals (31)" classname="spec_perl_TestExprStrOps_t" time="9.29832458496094e-05" />
  </testsuite>
  <testsuite name="spec_perl_TestSwitchManualIntElse_t" errors="0" failures="0" skipped="0" tests="9" time="0.0419340133666992">
    <system-out>1..9
ok 1 - Equals
ok 2 - Equals
ok 3 - Equals
ok 4 - Equals
ok 5 - Equals
ok 6 - Equals
ok 7 - Equals
ok 8 - Equals
ok 9 - Equals
</system-out>
    <testcase name="Equals (32)" classname="spec_perl_TestSwitchManualIntElse_t" time="0.00170016288757324" />
    <testcase name="Equals (33)" classname="spec_perl_TestSwitchManualIntElse_t" time="0.000104904174804688" />
    <testcase name="Equals (34)" classname="spec_perl_TestSwitchManualIntElse_t" time="5.60283660888672e-05" />
    <testcase name="Equals (35)" classname="spec_perl_TestSwitchManualIntElse_t" time="5.19752502441406e-05" />
    <testcase name="Equals (36)" classname="spec_perl_TestSwitchManualIntElse_t" time="7.89165496826172e-05" />
    <testcase name="Equals (37)" classname="spec_perl_TestSwitchManualIntElse_t" time="9.01222229003906e-05" />
    <testcase name="Equals (38)" classname="spec_perl_TestSwitchManualIntElse_t" time="5.38825988769531e-05" />
    <testcase name="Equals (39)" classname="spec_perl_TestSwitchManualIntElse_t" time="8.82148742675781e-05" />
    <testcase name="Equals (40)" classname="spec_perl_TestSwitchManualIntElse_t" time="8.79764556884766e-05" />
  </testsuite>
  <testsuite name="spec_perl_TestInstanceStd_t" errors="0" failures="0" skipped="0" tests="1" time="0.0399339199066162">
    <system-out>1..1
ok 1 - Equals
</system-out>
    <testcase name="Equals (41)" classname="spec_perl_TestInstanceStd_t" time="0.00134611129760742" />
  </testsuite>
  <testsuite name="spec_perl_TestProcessRotate_t" errors="0" failures="0" skipped="0" tests="3" time="0.0391337871551514">
    <system-out>1..3
ok 1 - Equals
ok 2 - Equals
ok 3 - Equals
</system-out>
    <testcase name="Equals (42)" classname="spec_perl_TestProcessRotate_t" time="0.00155186653137207" />
    <testcase name="Equals (43)" classname="spec_perl_TestProcessRotate_t" time="9.60826873779297e-05" />
    <testcase name="Equals (44)" classname="spec_perl_TestProcessRotate_t" time="6.00814819335938e-05" />
  </testsuite>
  <testsuite name="spec_perl_TestTypeTernary2ndFalsy_t" errors="0" failures="0" skipped="0" tests="13" time="0.0396568775177002">
    <system-out>1..13
ok 1 - Equals
ok 2 - Equals
ok 3 - Equals
ok 4 - Approx equals
ok 5 - Approx equals
ok 6 - Equals
ok 7 - Equals
ok 8 - Equals
ok 9 - nil
ok 10 - Equals
ok 11 - Equals
ok 12 - Equals
ok 13 - Equals
</system-out>
    <testcase name="Equals (45)" classname="spec_perl_TestTypeTernary2ndFalsy_t" time="0.0016319751739502" />
    <testcase name="Equals (46)" classname="spec_perl_TestTypeTernary2ndFalsy_t" time="0.000173091888427734" />
    <testcase name="Equals (47)" classname="spec_perl_TestTypeTernary2ndFalsy_t" time="5.88893890380859e-05" />
    <testcase name="Approx equals (47)" classname="spec_perl_TestTypeTernary2ndFalsy_t" time="6.91413879394531e-05" />
    <testcase name="Approx equals (48)" classname="spec_perl_TestTypeTernary2ndFalsy_t" time="4.29153442382812e-05" />
    <testcase name="Equals (48)" classname="spec_perl_TestTypeTernary2ndFalsy_t" time="4.69684600830078e-05" />
    <testcase name="Equals (49)" classname="spec_perl_TestTypeTernary2ndFalsy_t" time="6.00814819335938e-05" />
    <testcase name="Equals (50)" classname="spec_perl_TestTypeTernary2ndFalsy_t" time="3.98159027099609e-05" />
    <testcase name="nil (50)" classname="spec_perl_TestTypeTernary2ndFalsy_t" time="5.41210174560547e-05" />
    <testcase name="Equals (51)" classname="spec_perl_TestTypeTernary2ndFalsy_t" time="6.00814819335938e-05" />
    <testcase name="Equals (52)" classname="spec_perl_TestTypeTernary2ndFalsy_t" time="5.69820404052734e-05" />
    <testcase name="Equals (53)" classname="spec_perl_TestTypeTernary2ndFalsy_t" time="0.000107049942016602" />
    <testcase name="Equals (54)" classname="spec_perl_TestTypeTernary2ndFalsy_t" time="8.98838043212891e-05" />
  </testsuite>
  <testsuite name="spec_perl_TestIndexToParamExpr_t" errors="0" failures="2" skipped="0" tests="7" time="0.0442709922790527">
    <system-out>1..7
ok 1 - Equals
ok 2 - Equals
ok 3 - Equals
ok 4 - Equals
ok 5 - Equals
not ok 6 - Equals
not ok 7 - Equals
</system-out>
    <testcase name="Equals (55)" classname="spec_perl_TestIndexToParamExpr_t" time="0.00208497047424316" />
    <testcase name="Equals (56)" classname="spec_perl_TestIndexToParamExpr_t" time="7.20024108886719e-05" />
    <testcase name="Equals (57)" classname="spec_perl_TestIndexToParamExpr_t" time="4.00543212890625e-05" />
    <testcase name="Equals (58)" classname="spec_perl_TestIndexToParamExpr_t" time="5.48362731933594e-05" />
    <testcase name="Equals (59)" classname="spec_perl_TestIndexToParamExpr_t" time="5.00679016113281e-05" />
    <testcase name="Equals (60)" classname="spec_perl_TestIndexToParamExpr_t" time="7.60555267333984e-05">
      <failure message="not ok 6 - Equals" type="TAP::Parser::Result::Test"></failure>
    </testcase>
    <testcase name="Equals (61)" classname="spec_perl_TestIndexToParamExpr_t" time="0.000987052917480469">
      <failure message="not ok 7 - Equals" type="TAP::Parser::Result::Test"></failure>
    </testcase>
  </testsuite>
  <testsuite name="spec_perl_TestRepeatUntilSized_t" errors="0" failures="0" skipped="0" tests="7" time="0.0375850200653076">
    <system-out>1..7
ok 1 - Equals
ok 2 - Equals
ok 3 - Equals
ok 4 - Equals
ok 5 - Equals
ok 6 - Equals
ok 7 - Equals
</system-out>
    <testcase name="Equals (62)" classname="spec_perl_TestRepeatUntilSized_t" time="0.0019080638885498" />
    <testcase name="Equals (63)" classname="spec_perl_TestRepeatUntilSized_t" time="0.000113010406494141" />
    <testcase name="Equals (64)" classname="spec_perl_TestRepeatUntilSized_t" time="4.29153442382812e-05" />
    <testcase name="Equals (65)" classname="spec_perl_TestRepeatUntilSized_t" time="5.60283660888672e-05" />
    <testcase name="Equals (66)" classname="spec_perl_TestRepeatUntilSized_t" time="5.29289245605469e-05" />
    <testcase name="Equals (67)" classname="spec_perl_TestRepeatUntilSized_t" time="5.10215759277344e-05" />
    <testcase name="Equals (68)" classname="spec_perl_TestRepeatUntilSized_t" time="7.91549682617188e-05" />
  </testsuite>
  <testsuite name="spec_perl_TestMultipleUse_t" errors="0" failures="0" skipped="0" tests="2" time="0.0396668910980225">
    <system-out>1..2
ok 1 - Equals
ok 2 - Equals
</system-out>
    <testcase name="Equals (69)" classname="spec_perl_TestMultipleUse_t" time="0.00164103507995605" />
    <testcase name="Equals (70)" classname="spec_perl_TestMultipleUse_t" time="7.70092010498047e-05" />
  </testsuite>
  <testsuite name="spec_perl_TestYamlInts_t" errors="0" failures="0" skipped="0" tests="4" time="0.0360240936279297">
    <system-out>1..4
ok 1 - Equals
ok 2 - Equals
ok 3 - Equals
ok 4 - Equals
</system-out>
    <testcase name="Equals (71)" classname="spec_perl_TestYamlInts_t" time="0.00129604339599609" />
    <testcase name="Equals (72)" classname="spec_perl_TestYamlInts_t" time="7.58171081542969e-05" />
    <testcase name="Equals (73)" classname="spec_perl_TestYamlInts_t" time="0.000190019607543945" />
    <testcase name="Equals (74)" classname="spec_perl_TestYamlInts_t" time="8.51154327392578e-05" />
  </testsuite>
  <testsuite name="spec_perl_TestEnumIntRangeS_t" errors="0" failures="0" skipped="0" tests="3" time="0.0393049716949463">
    <system-out>1..3
ok 1 - Equals
ok 2 - Equals
ok 3 - Equals
</system-out>
    <testcase name="Equals (75)" classname="spec_perl_TestEnumIntRangeS_t" time="0.00126886367797852" />
    <testcase name="Equals (76)" classname="spec_perl_TestEnumIntRangeS_t" time="7.00950622558594e-05" />
    <testcase name="Equals (77)" classname="spec_perl_TestEnumIntRangeS_t" time="9.29832458496094e-05" />
  </testsuite>
  <testsuite name="spec_perl_TestInstanceStdArray_t" errors="0" failures="0" skipped="0" tests="7" time="0.0392229557037354">
    <system-out>1..7
ok 1 - Equals
ok 2 - Equals
ok 3 - Equals
ok 4 - Equals
ok 5 - Equals
ok 6 - Equals
ok 7 - Equals
</system-out>
    <testcase name="Equals (78)" classname="spec_perl_TestInstanceStdArray_t" time="0.00160908699035645" />
    <testcase name="Equals (79)" classname="spec_perl_TestInstanceStdArray_t" time="0.000114917755126953" />
    <testcase name="Equals (80)" classname="spec_perl_TestInstanceStdArray_t" time="0.000105857849121094" />
    <testcase name="Equals (81)" classname="spec_perl_TestInstanceStdArray_t" time="0.00014805793762207" />
    <testcase name="Equals (82)" classname="spec_perl_TestInstanceStdArray_t" time="0.000131130218505859" />
    <testcase name="Equals (83)" classname="spec_perl_TestInstanceStdArray_t" time="9.20295715332031e-05" />
    <testcase name="Equals (84)" classname="spec_perl_TestInstanceStdArray_t" time="0.000212907791137695" />
  </testsuite>
  <testsuite name="spec_perl_TestBcdUserTypeBe_t" errors="0" failures="0" skipped="0" tests="6" time="0.0392959117889404">
    <system-out>1..6
ok 1 - Equals
ok 2 - Equals
ok 3 - Equals
ok 4 - Equals
ok 5 - Equals
ok 6 - Equals
</system-out>
    <testcase name="Equals (85)" classname="spec_perl_TestBcdUserTypeBe_t" time="0.00171685218811035" />
    <testcase name="Equals (86)" classname="spec_perl_TestBcdUserTypeBe_t" time="7.60555267333984e-05" />
    <testcase name="Equals (87)" classname="spec_perl_TestBcdUserTypeBe_t" time="6.103515625e-05" />
    <testcase name="Equals (88)" classname="spec_perl_TestBcdUserTypeBe_t" time="5.41210174560547e-05" />
    <testcase name="Equals (89)" classname="spec_perl_TestBcdUserTypeBe_t" time="9.98973846435547e-05" />
    <testcase name="Equals (90)" classname="spec_perl_TestBcdUserTypeBe_t" time="8.60691070556641e-05" />
  </testsuite>
  <testsuite name="spec_perl_TestBitsShiftByB32Le_t" errors="0" failures="0" skipped="0" tests="2" time="0.0378470420837402">
    <system-out>1..2
ok 1 - Equals
ok 2 - Equals
</system-out>
    <testcase name="Equals (91)" classname="spec_perl_TestBitsShiftByB32Le_t" time="0.00137186050415039" />
    <testcase name="Equals (92)" classname="spec_perl_TestBitsShiftByB32Le_t" time="6.50882720947266e-05" />
  </testsuite>
  <testsuite name="spec_perl_TestRepeatNStrz_t" errors="0" failures="0" skipped="0" tests="2" time="0.0396759510040283">
    <system-out>1..2
ok 1 - Equals
ok 2 - Equals
</system-out>
    <testcase name="Equals (93)" classname="spec_perl_TestRepeatNStrz_t" time="0.00142717361450195" />
    <testcase name="Equals (94)" classname="spec_perl_TestRepeatNStrz_t" time="7.29560852050781e-05" />
  </testsuite>
  <testsuite name="spec_perl_TestNestedTypes3_t" errors="0" failures="0" skipped="0" tests="5" time="0.0398712158203125">
    <system-out>1..5
ok 1 - Equals
ok 2 - Equals
ok 3 - Equals
ok 4 - Equals
ok 5 - Equals
</system-out>
    <testcase name="Equals (95)" classname="spec_perl_TestNestedTypes3_t" time="0.00141501426696777" />
    <testcase name="Equals (96)" classname="spec_perl_TestNestedTypes3_t" time="7.79628753662109e-05" />
    <testcase name="Equals (97)" classname="spec_perl_TestNestedTypes3_t" time="8.10623168945312e-05" />
    <testcase name="Equals (98)" classname="spec_perl_TestNestedTypes3_t" time="7.70092010498047e-05" />
    <testcase name="Equals (99)" classname="spec_perl_TestNestedTypes3_t" time="5.19752502441406e-05" />
  </testsuite>
  <testsuite name="spec_perl_TestNavParentVsValueInst_t" errors="0" failures="0" skipped="0" tests="1" time="0.0426249504089355">
    <system-out>1..1
ok 1 - Equals
</system-out>
    <testcase name="Equals (100)" classname="spec_perl_TestNavParentVsValueInst_t" time="0.00365400314331055" />
  </testsuite>
  <testsuite name="spec_perl_TestExprBits_t" errors="0" failures="0" skipped="0" tests="10" time="0.0359311103820801">
    <system-out>1..10
ok 1 - Equals
ok 2 - Equals
ok 3 - Equals
ok 4 - Equals
ok 5 - Equals
ok 6 - Equals
ok 7 - Equals
ok 8 - Equals
ok 9 - Equals
ok 10 - Equals
</system-out>
    <testcase name="Equals (101)" classname="spec_perl_TestExprBits_t" time="0.00165200233459473" />
    <testcase name="Equals (102)" classname="spec_perl_TestExprBits_t" time="9.20295715332031e-05" />
    <testcase name="Equals (103)" classname="spec_perl_TestExprBits_t" time="5.88893890380859e-05" />
    <testcase name="Equals (104)" classname="spec_perl_TestExprBits_t" time="5.41210174560547e-05" />
    <testcase name="Equals (105)" classname="spec_perl_TestExprBits_t" time="8.89301300048828e-05" />
    <testcase name="Equals (106)" classname="spec_perl_TestExprBits_t" time="0.000117063522338867" />
    <testcase name="Equals (107)" classname="spec_perl_TestExprBits_t" time="8.08238983154297e-05" />
    <testcase name="Equals (108)" classname="spec_perl_TestExprBits_t" time="7.79628753662109e-05" />
    <testcase name="Equals (109)" classname="spec_perl_TestExprBits_t" time="7.20024108886719e-05" />
    <testcase name="Equals (110)" classname="spec_perl_TestExprBits_t" time="0.000188112258911133" />
  </testsuite>
  <testsuite name="spec_perl_TestIfStruct_t" errors="0" failures="0" skipped="0" tests="7" time="0.0401761531829834">
    <system-out>1..7
ok 1 - Equals
ok 2 - Equals
ok 3 - Equals
ok 4 - Equals
ok 5 - Equals
ok 6 - Equals
ok 7 - Equals
</system-out>
    <testcase name="Equals (111)" classname="spec_perl_TestIfStruct_t" time="0.00146007537841797" />
    <testcase name="Equals (112)" classname="spec_perl_TestIfStruct_t" time="6.69956207275391e-05" />
    <testcase name="Equals (113)" classname="spec_perl_TestIfStruct_t" time="7.48634338378906e-05" />
    <testcase name="Equals (114)" classname="spec_perl_TestIfStruct_t" time="4.69684600830078e-05" />
    <testcase name="Equals (115)" classname="spec_perl_TestIfStruct_t" time="8.41617584228516e-05" />
    <testcase name="Equals (116)" classname="spec_perl_TestIfStruct_t" time="0.000115871429443359" />
    <testcase name="Equals (117)" classname="spec_perl_TestIfStruct_t" time="0.000102043151855469" />
  </testsuite>
  <testsuite name="spec_perl_TestImports0_t" errors="0" failures="0" skipped="0" tests="3" time="0.0364589691162109">
    <system-out>1..3
ok 1 - Equals
ok 2 - Equals
ok 3 - Equals
</system-out>
    <testcase name="Equals (118)" classname="spec_perl_TestImports0_t" time="0.00164198875427246" />
    <testcase name="Equals (119)" classname="spec_perl_TestImports0_t" time="7.10487365722656e-05" />
    <testcase name="Equals (120)" classname="spec_perl_TestImports0_t" time="5.57899475097656e-05" />
  </testsuite>
  <testsuite name="spec_perl_TestSwitchIntegers2_t" errors="0" failures="0" skipped="0" tests="5" time="0.0361230373382568">
    <system-out>1..5
ok 1 - Equals
ok 2 - Equals
ok 3 - Equals
ok 4 - Equals
ok 5 - Equals
</system-out>
    <testcase name="Equals (121)" classname="spec_perl_TestSwitchIntegers2_t" time="0.00137710571289062" />
    <testcase name="Equals (122)" classname="spec_perl_TestSwitchIntegers2_t" time="7.39097595214844e-05" />
    <testcase name="Equals (123)" classname="spec_perl_TestSwitchIntegers2_t" time="4.31537628173828e-05" />
    <testcase name="Equals (124)" classname="spec_perl_TestSwitchIntegers2_t" time="5.29289245605469e-05" />
    <testcase name="Equals (125)" classname="spec_perl_TestSwitchIntegers2_t" time="8.392333984375e-05" />
  </testsuite>
  <testsuite name="spec_perl_TestBytesPadTerm_t" errors="0" failures="0" skipped="0" tests="4" time="0.0432629585266113">
    <system-out>1..4
ok 1 - Equals
ok 2 - Equals
ok 3 - Equals
ok 4 - Equals
</system-out>
    <testcase name="Equals (126)" classname="spec_perl_TestBytesPadTerm_t" time="0.00176596641540527" />
    <testcase name="Equals (127)" classname="spec_perl_TestBytesPadTerm_t" time="8.08238983154297e-05" />
    <testcase name="Equals (128)" classname="spec_perl_TestBytesPadTerm_t" time="4.72068786621094e-05" />
    <testcase name="Equals (129)" classname="spec_perl_TestBytesPadTerm_t" time="7.29560852050781e-05" />
  </testsuite>
  <testsuite name="spec_perl_TestParamsPassArrayInt_t" errors="0" failures="1" skipped="6" tests="7" time="0.0380492210388184">
    <system-out>1..7
not ok 1 - test_params_pass_array_int died (Can't use an undefined value as an ARRAY reference at spec/perl/TestParamsPassArrayInt.t line 14.)
ok 2 # skip test_params_pass_array_int died
ok 3 # skip test_params_pass_array_int died
ok 4 # skip test_params_pass_array_int died
ok 5 # skip test_params_pass_array_int died
ok 6 # skip test_params_pass_array_int died
ok 7 # skip test_params_pass_array_int died
</system-out>
    <testcase name="test_params_pass_array_int died (Can't use an undefined value as an ARRAY reference at spec/perl/TestParamsPassArrayInt.t line 14.) (129)" classname="spec_perl_TestParamsPassArrayInt_t" time="0.00159192085266113">
      <failure message="not ok 1 - test_params_pass_array_int died (Can't use an undefined value as an ARRAY reference at spec/perl/TestParamsPassArrayInt.t line 14.)" type="TAP::Parser::Result::Test"></failure>
    </testcase>
    <testcase name="Unnamed test case 129" classname="spec_perl_TestParamsPassArrayInt_t" time="0.000101089477539062">
      <skipped message="ok 2 # skip test_params_pass_array_int died" />
    </testcase>
    <testcase name="Unnamed test case 130" classname="spec_perl_TestParamsPassArrayInt_t" time="7.58171081542969e-05">
      <skipped message="ok 3 # skip test_params_pass_array_int died" />
    </testcase>
    <testcase name="Unnamed test case 131" classname="spec_perl_TestParamsPassArrayInt_t" time="6.60419464111328e-05">
      <skipped message="ok 4 # skip test_params_pass_array_int died" />
    </testcase>
    <testcase name="Unnamed test case 132" classname="spec_perl_TestParamsPassArrayInt_t" time="4.1961669921875e-05">
      <skipped message="ok 5 # skip test_params_pass_array_int died" />
    </testcase>
    <testcase name="Unnamed test case 133" classname="spec_perl_TestParamsPassArrayInt_t" time="6.22272491455078e-05">
      <skipped message="ok 6 # skip test_params_pass_array_int died" />
    </testcase>
    <testcase name="Unnamed test case 134" classname="spec_perl_TestParamsPassArrayInt_t" time="4.1961669921875e-05">
      <skipped message="ok 7 # skip test_params_pass_array_int died" />
    </testcase>
  </testsuite>
  <testsuite name="spec_perl_TestEofExceptionU4_t" errors="0" failures="0" skipped="0" tests="1" time="0.0357937812805176">
    <system-out>1..1
ok 1 - threw /^Requested \d+ bytes, but only \d+ bytes available/
</system-out>
    <testcase name="threw /^Requested \d+ bytes, but only \d+ bytes available/ (134)" classname="spec_perl_TestEofExceptionU4_t" time="0.00133705139160156" />
  </testsuite>
  <testsuite name="spec_perl_TestRepeatUntilComplex_t" errors="0" failures="0" skipped="0" tests="15" time="0.0375528335571289">
    <system-out>1..15
ok 1 - Equals
ok 2 - Equals
ok 3 - Equals
ok 4 - Equals
ok 5 - Equals
ok 6 - Equals
ok 7 - Equals
ok 8 - Equals
ok 9 - Equals
ok 10 - Equals
ok 11 - Equals
ok 12 - Equals
ok 13 - Equals
ok 14 - Equals
ok 15 - Equals
</system-out>
    <testcase name="Equals (134)" classname="spec_perl_TestRepeatUntilComplex_t" time="0.00135302543640137" />
    <testcase name="Equals (135)" classname="spec_perl_TestRepeatUntilComplex_t" time="6.79492950439453e-05" />
    <testcase name="Equals (136)" classname="spec_perl_TestRepeatUntilComplex_t" time="6.103515625e-05" />
    <testcase name="Equals (137)" classname="spec_perl_TestRepeatUntilComplex_t" time="5.38825988769531e-05" />
    <testcase name="Equals (138)" classname="spec_perl_TestRepeatUntilComplex_t" time="8.70227813720703e-05" />
    <testcase name="Equals (139)" classname="spec_perl_TestRepeatUntilComplex_t" time="0.000101089477539062" />
    <testcase name="Equals (140)" classname="spec_perl_TestRepeatUntilComplex_t" time="7.20024108886719e-05" />
    <testcase name="Equals (141)" classname="spec_perl_TestRepeatUntilComplex_t" time="7.89165496826172e-05" />
    <testcase name="Equals (142)" classname="spec_perl_TestRepeatUntilComplex_t" time="0.000105142593383789" />
    <testcase name="Equals (143)" classname="spec_perl_TestRepeatUntilComplex_t" time="9.08374786376953e-05" />
    <testcase name="Equals (144)" classname="spec_perl_TestRepeatUntilComplex_t" time="0.000154018402099609" />
    <testcase name="Equals (145)" classname="spec_perl_TestRepeatUntilComplex_t" time="0.000138044357299805" />
    <testcase name="Equals (146)" classname="spec_perl_TestRepeatUntilComplex_t" time="0.000102043151855469" />
    <testcase name="Equals (147)" classname="spec_perl_TestRepeatUntilComplex_t" time="0.000102996826171875" />
    <testcase name="Equals (148)" classname="spec_perl_TestRepeatUntilComplex_t" time="9.48905944824219e-05" />
  </testsuite>
  <testsuite name="spec_perl_TestBitsSignedShiftB64Le_t" errors="0" failures="0" skipped="0" tests="2" time="0.0356659889221191">
    <system-out>1..2
ok 1 - Equals
ok 2 - Equals
</system-out>
    <testcase name="Equals (149)" classname="spec_perl_TestBitsSignedShiftB64Le_t" time="0.00150895118713379" />
    <testcase name="Equals (150)" classname="spec_perl_TestBitsSignedShiftB64Le_t" time="8.70227813720703e-05" />
  </testsuite>
  <testsuite name="spec_perl_TestParamsPassArrayStr_t" errors="0" failures="1" skipped="6" tests="7" time="0.0428469181060791">
    <system-out>1..7
not ok 1 - test_params_pass_array_str died (Can't use an undefined value as an ARRAY reference at spec/perl/TestParamsPassArrayStr.t line 14.)
ok 2 # skip test_params_pass_array_str died
ok 3 # skip test_params_pass_array_str died
ok 4 # skip test_params_pass_array_str died
ok 5 # skip test_params_pass_array_str died
ok 6 # skip test_params_pass_array_str died
ok 7 # skip test_params_pass_array_str died
</system-out>
    <testcase name="test_params_pass_array_str died (Can't use an undefined value as an ARRAY reference at spec/perl/TestParamsPassArrayStr.t line 14.) (150)" classname="spec_perl_TestParamsPassArrayStr_t" time="0.00166797637939453">
      <failure message="not ok 1 - test_params_pass_array_str died (Can't use an undefined value as an ARRAY reference at spec/perl/TestParamsPassArrayStr.t line 14.)" type="TAP::Parser::Result::Test"></failure>
    </testcase>
    <testcase name="Unnamed test case 150" classname="spec_perl_TestParamsPassArrayStr_t" time="0.000138044357299805">
      <skipped message="ok 2 # skip test_params_pass_array_str died" />
    </testcase>
    <testcase name="Unnamed test case 151" classname="spec_perl_TestParamsPassArrayStr_t" time="5.88893890380859e-05">
      <skipped message="ok 3 # skip test_params_pass_array_str died" />
    </testcase>
    <testcase name="Unnamed test case 152" classname="spec_perl_TestParamsPassArrayStr_t" time="0.000166893005371094">
      <skipped message="ok 4 # skip test_params_pass_array_str died" />
    </testcase>
    <testcase name="Unnamed test case 153" classname="spec_perl_TestParamsPassArrayStr_t" time="5.41210174560547e-05">
      <skipped message="ok 5 # skip test_params_pass_array_str died" />
    </testcase>
    <testcase name="Unnamed test case 154" classname="spec_perl_TestParamsPassArrayStr_t" time="4.50611114501953e-05">
      <skipped message="ok 6 # skip test_params_pass_array_str died" />
    </testcase>
    <testcase name="Unnamed test case 155" classname="spec_perl_TestParamsPassArrayStr_t" time="4.29153442382812e-05">
      <skipped message="ok 7 # skip test_params_pass_array_str died" />
    </testcase>
  </testsuite>
  <testsuite name="spec_perl_TestTypeTernaryOpaque_t" errors="0" failures="0" skipped="0" tests="3" time="0.041923999786377">
    <system-out>1..3
ok 1 - Equals
ok 2 - Equals
ok 3 - Equals
</system-out>
    <testcase name="Equals (155)" classname="spec_perl_TestTypeTernaryOpaque_t" time="0.00176501274108887" />
    <testcase name="Equals (156)" classname="spec_perl_TestTypeTernaryOpaque_t" time="7.48634338378906e-05" />
    <testcase name="Equals (157)" classname="spec_perl_TestTypeTernaryOpaque_t" time="4.22000885009766e-05" />
  </testsuite>
  <testsuite name="spec_perl_TestDocstringsDocref_t" errors="0" failures="0" skipped="1" tests="1" time="0.0374820232391357">
    <system-out>1..1
ok 1 # skip DocstringsDocref=HASH(0x55c0f77ea698)
</system-out>
    <testcase name="Unnamed test case 157" classname="spec_perl_TestDocstringsDocref_t" time="0.00174593925476074">
      <skipped message="ok 1 # skip DocstringsDocref=HASH(0x55c0f77ea698)" />
    </testcase>
  </testsuite>
  <testsuite name="spec_perl_TestProcessCoerceBytes_t" errors="0" failures="0" skipped="0" tests="4" time="0.030411958694458">
    <system-out>1..4
ok 1 - Equals
ok 2 - Equals
ok 3 - Equals
ok 4 - Equals
</system-out>
    <testcase name="Equals (158)" classname="spec_perl_TestProcessCoerceBytes_t" time="0.00164008140563965" />
    <testcase name="Equals (159)" classname="spec_perl_TestProcessCoerceBytes_t" time="8.58306884765625e-05" />
    <testcase name="Equals (160)" classname="spec_perl_TestProcessCoerceBytes_t" time="7.41481781005859e-05" />
    <testcase name="Equals (161)" classname="spec_perl_TestProcessCoerceBytes_t" time="5.10215759277344e-05" />
  </testsuite>
  <testsuite name="spec_perl_TestDefaultBitEndianMod_t" errors="0" failures="0" skipped="0" tests="4" time="0.0483119487762451">
    <system-out>1..4
ok 1 - Equals
ok 2 - Equals
ok 3 - Equals
ok 4 - Equals
</system-out>
    <testcase name="Equals (162)" classname="spec_perl_TestDefaultBitEndianMod_t" time="0.0040738582611084" />
    <testcase name="Equals (163)" classname="spec_perl_TestDefaultBitEndianMod_t" time="8.89301300048828e-05" />
    <testcase name="Equals (164)" classname="spec_perl_TestDefaultBitEndianMod_t" time="4.72068786621094e-05" />
    <testcase name="Equals (165)" classname="spec_perl_TestDefaultBitEndianMod_t" time="5.98430633544922e-05" />
  </testsuite>
  <testsuite name="spec_perl_TestEnumOfValueInst_t" errors="0" failures="0" skipped="0" tests="4" time="0.0330729484558105">
    <system-out>1..4
ok 1 - Equals
ok 2 - Equals
ok 3 - Equals
ok 4 - Equals
</system-out>
    <testcase name="Equals (166)" classname="spec_perl_TestEnumOfValueInst_t" time="0.00137186050415039" />
    <testcase name="Equals (167)" classname="spec_perl_TestEnumOfValueInst_t" time="0.000107049942016602" />
    <testcase name="Equals (168)" classname="spec_perl_TestEnumOfValueInst_t" time="5.79357147216797e-05" />
    <testcase name="Equals (169)" classname="spec_perl_TestEnumOfValueInst_t" time="6.81877136230469e-05" />
  </testsuite>
  <testsuite name="spec_perl_TestExprIntDiv_t" errors="0" failures="2" skipped="0" tests="6" time="0.0404441356658936">
    <system-out>1..6
ok 1 - Equals
ok 2 - Equals
ok 3 - Equals
not ok 4 - Equals
ok 5 - Equals
not ok 6 - Equals
</system-out>
    <testcase name="Equals (170)" classname="spec_perl_TestExprIntDiv_t" time="0.00162005424499512" />
    <testcase name="Equals (171)" classname="spec_perl_TestExprIntDiv_t" time="8.79764556884766e-05" />
    <testcase name="Equals (172)" classname="spec_perl_TestExprIntDiv_t" time="5.69820404052734e-05" />
    <testcase name="Equals (173)" classname="spec_perl_TestExprIntDiv_t" time="9.79900360107422e-05">
      <failure message="not ok 4 - Equals" type="TAP::Parser::Result::Test"></failure>
    </testcase>
    <testcase name="Equals (174)" classname="spec_perl_TestExprIntDiv_t" time="0.000818967819213867" />
    <testcase name="Equals (175)" classname="spec_perl_TestExprIntDiv_t" time="8.60691070556641e-05">
      <failure message="not ok 6 - Equals" type="TAP::Parser::Result::Test"></failure>
    </testcase>
  </testsuite>
  <testsuite name="spec_perl_TestEnumFancy_t" errors="0" failures="0" skipped="0" tests="2" time="0.0356130599975586">
    <system-out>1..2
ok 1 - Equals
ok 2 - Equals
</system-out>
    <testcase name="Equals (176)" classname="spec_perl_TestEnumFancy_t" time="0.00130701065063477" />
    <testcase name="Equals (177)" classname="spec_perl_TestEnumFancy_t" time="6.89029693603516e-05" />
  </testsuite>
  <testsuite name="spec_perl_TestParamsPassBool_t" errors="0" failures="1" skipped="13" tests="14" time="0.0380299091339111">
    <system-out>1..14
not ok 1 - test_params_pass_bool died (Requested 2 bytes, but only 1 bytes available at ../runtime/perl/lib/IO/KaitaiStruct.pm line 338.)
ok 2 # skip test_params_pass_bool died
ok 3 # skip test_params_pass_bool died
ok 4 # skip test_params_pass_bool died
ok 5 # skip test_params_pass_bool died
ok 6 # skip test_params_pass_bool died
ok 7 # skip test_params_pass_bool died
ok 8 # skip test_params_pass_bool died
ok 9 # skip test_params_pass_bool died
ok 10 # skip test_params_pass_bool died
ok 11 # skip test_params_pass_bool died
ok 12 # skip test_params_pass_bool died
ok 13 # skip test_params_pass_bool died
ok 14 # skip test_params_pass_bool died
</system-out>
    <testcase name="test_params_pass_bool died (Requested 2 bytes, but only 1 bytes available at ../runtime/perl/lib/IO/KaitaiStruct.pm line 338.) (177)" classname="spec_perl_TestParamsPassBool_t" time="0.00141787528991699">
      <failure message="not ok 1 - test_params_pass_bool died (Requested 2 bytes, but only 1 bytes available at ../runtime/perl/lib/IO/KaitaiStruct.pm line 338.)" type="TAP::Parser::Result::Test"></failure>
    </testcase>
    <testcase name="Unnamed test case 177" classname="spec_perl_TestParamsPassBool_t" time="0.000107049942016602">
      <skipped message="ok 2 # skip test_params_pass_bool died" />
    </testcase>
    <testcase name="Unnamed test case 178" classname="spec_perl_TestParamsPassBool_t" time="6.29425048828125e-05">
      <skipped message="ok 3 # skip test_params_pass_bool died" />
    </testcase>
    <testcase name="Unnamed test case 179" classname="spec_perl_TestParamsPassBool_t" time="6.19888305664062e-05">
      <skipped message="ok 4 # skip test_params_pass_bool died" />
    </testcase>
    <testcase name="Unnamed test case 180" classname="spec_perl_TestParamsPassBool_t" time="3.91006469726562e-05">
      <skipped message="ok 5 # skip test_params_pass_bool died" />
    </testcase>
    <testcase name="Unnamed test case 181" classname="spec_perl_TestParamsPassBool_t" time="3.88622283935547e-05">
      <skipped message="ok 6 # skip test_params_pass_bool died" />
    </testcase>
    <testcase name="Unnamed test case 182" classname="spec_perl_TestParamsPassBool_t" time="3.91006469726562e-05">
      <skipped message="ok 7 # skip test_params_pass_bool died" />
    </testcase>
    <testcase name="Unnamed test case 183" classname="spec_perl_TestParamsPassBool_t" time="6.50882720947266e-05">
      <skipped message="ok 8 # skip test_params_pass_bool died" />
    </testcase>
    <testcase name="Unnamed test case 184" classname="spec_perl_TestParamsPassBool_t" time="5.79357147216797e-05">
      <skipped message="ok 9 # skip test_params_pass_bool died" />
    </testcase>
    <testcase name="Unnamed test case 185" classname="spec_perl_TestParamsPassBool_t" time="6.50882720947266e-05">
      <skipped message="ok 10 # skip test_params_pass_bool died" />
    </testcase>
    <testcase name="Unnamed test case 186" classname="spec_perl_TestParamsPassBool_t" time="4.1961669921875e-05">
      <skipped message="ok 11 # skip test_params_pass_bool died" />
    </testcase>
    <testcase name="Unnamed test case 187" classname="spec_perl_TestParamsPassBool_t" time="4.38690185546875e-05">
      <skipped message="ok 12 # skip test_params_pass_bool died" />
    </testcase>
    <testcase name="Unnamed test case 188" classname="spec_perl_TestParamsPassBool_t" time="4.60147857666016e-05">
      <skipped message="ok 13 # skip test_params_pass_bool died" />
    </testcase>
    <testcase name="Unnamed test case 189" classname="spec_perl_TestParamsPassBool_t" time="4.00543212890625e-05">
      <skipped message="ok 14 # skip test_params_pass_bool died" />
    </testcase>
  </testsuite>
  <testsuite name="spec_perl_TestIfValues_t" errors="0" failures="0" skipped="0" tests="6" time="0.0422968864440918">
    <system-out>1..6
ok 1 - Equals
ok 2 - Equals
ok 3 - Equals
ok 4 - nil
ok 5 - Equals
ok 6 - nil
</system-out>
    <testcase name="Equals (189)" classname="spec_perl_TestIfValues_t" time="0.00130105018615723" />
    <testcase name="Equals (190)" classname="spec_perl_TestIfValues_t" time="7.79628753662109e-05" />
    <testcase name="Equals (191)" classname="spec_perl_TestIfValues_t" time="5.69820404052734e-05" />
    <testcase name="nil (191)" classname="spec_perl_TestIfValues_t" time="3.71932983398438e-05" />
    <testcase name="Equals (192)" classname="spec_perl_TestIfValues_t" time="6.98566436767578e-05" />
    <testcase name="nil (192)" classname="spec_perl_TestIfValues_t" time="5.10215759277344e-05" />
  </testsuite>
  <testsuite name="spec_perl_TestBitsSignedResB32Le_t" errors="0" failures="0" skipped="0" tests="1" time="0.0347678661346436">
    <system-out>1..1
ok 1 - Equals
</system-out>
    <testcase name="Equals (193)" classname="spec_perl_TestBitsSignedResB32Le_t" time="0.00131011009216309" />
  </testsuite>
  <testsuite name="spec_perl_TestTypeIntUnaryOp_t" errors="0" failures="0" skipped="0" tests="4" time="0.0359678268432617">
    <system-out>1..4
ok 1 - Equals
ok 2 - Equals
ok 3 - Equals
ok 4 - Equals
</system-out>
    <testcase name="Equals (194)" classname="spec_perl_TestTypeIntUnaryOp_t" time="0.0013880729675293" />
    <testcase name="Equals (195)" classname="spec_perl_TestTypeIntUnaryOp_t" time="7.39097595214844e-05" />
    <testcase name="Equals (196)" classname="spec_perl_TestTypeIntUnaryOp_t" time="4.1961669921875e-05" />
    <testcase name="Equals (197)" classname="spec_perl_TestTypeIntUnaryOp_t" time="5.31673431396484e-05" />
  </testsuite>
  <testsuite name="spec_perl_TestIndexSizes_t" errors="0" failures="0" skipped="0" tests="7" time="0.0407600402832031">
    <system-out>1..7
ok 1 - Equals
ok 2 - Equals
ok 3 - Equals
ok 4 - Equals
ok 5 - Equals
ok 6 - Equals
ok 7 - Equals
</system-out>
    <testcase name="Equals (198)" classname="spec_perl_TestIndexSizes_t" time="0.00159692764282227" />
    <testcase name="Equals (199)" classname="spec_perl_TestIndexSizes_t" time="9.20295715332031e-05" />
    <testcase name="Equals (200)" classname="spec_perl_TestIndexSizes_t" time="4.29153442382812e-05" />
    <testcase name="Equals (201)" classname="spec_perl_TestIndexSizes_t" time="5.31673431396484e-05" />
    <testcase name="Equals (202)" classname="spec_perl_TestIndexSizes_t" time="7.48634338378906e-05" />
    <testcase name="Equals (203)" classname="spec_perl_TestIndexSizes_t" time="7.10487365722656e-05" />
    <testcase name="Equals (204)" classname="spec_perl_TestIndexSizes_t" time="0.00014495849609375" />
  </testsuite>
  <testsuite name="spec_perl_TestCombineBool_t" errors="0" failures="0" skipped="0" tests="2" time="0.0373439788818359">
    <system-out>1..2
ok 1 - Equals
ok 2 - Equals
</system-out>
    <testcase name="Equals (205)" classname="spec_perl_TestCombineBool_t" time="0.00167298316955566" />
    <testcase name="Equals (206)" classname="spec_perl_TestCombineBool_t" time="0.000110149383544922" />
  </testsuite>
  <testsuite name="spec_perl_TestExprSizeofValueSized_t" errors="0" failures="0" skipped="0" tests="5" time="0.0354268550872803">
    <system-out>1..5
ok 1 - Equals
ok 2 - Equals
ok 3 - Equals
ok 4 - Equals
ok 5 - Equals
</system-out>
    <testcase name="Equals (207)" classname="spec_perl_TestExprSizeofValueSized_t" time="0.00188088417053223" />
    <testcase name="Equals (208)" classname="spec_perl_TestExprSizeofValueSized_t" time="0.000111103057861328" />
    <testcase name="Equals (209)" classname="spec_perl_TestExprSizeofValueSized_t" time="6.103515625e-05" />
    <testcase name="Equals (210)" classname="spec_perl_TestExprSizeofValueSized_t" time="7.39097595214844e-05" />
    <testcase name="Equals (211)" classname="spec_perl_TestExprSizeofValueSized_t" time="5.50746917724609e-05" />
  </testsuite>
  <testsuite name="spec_perl_TestProcessCustomNoArgs_t" errors="1" failures="0" skipped="0" tests="0" time="0.0326728820800781">
    <system-out></system-out>
    <testcase name="Test died too soon, even before plan. (211)" classname="spec_perl_TestProcessCustomNoArgs_t" time="0.0326728820800781">
      <failure message="The test suite died before a plan was produced. You need to have a plan." type="Plan">No plan</failure>
    </testcase>
  </testsuite>
  <testsuite name="spec_perl_TestExprBytesNonLiteral_t" errors="0" failures="0" skipped="0" tests="3" time="0.0376920700073242">
    <system-out>1..3
ok 1 - Equals
ok 2 - Equals
ok 3 - Equals
</system-out>
    <testcase name="Equals (212)" classname="spec_perl_TestExprBytesNonLiteral_t" time="0.00134801864624023" />
    <testcase name="Equals (213)" classname="spec_perl_TestExprBytesNonLiteral_t" time="7.20024108886719e-05" />
    <testcase name="Equals (214)" classname="spec_perl_TestExprBytesNonLiteral_t" time="4.1961669921875e-05" />
  </testsuite>
  <testsuite name="spec_perl_TestExprIfIntOps_t" errors="0" failures="0" skipped="0" tests="2" time="0.0342080593109131">
    <system-out>1..2
ok 1 - Equals
ok 2 - Equals
</system-out>
    <testcase name="Equals (215)" classname="spec_perl_TestExprIfIntOps_t" time="0.00129389762878418" />
    <testcase name="Equals (216)" classname="spec_perl_TestExprIfIntOps_t" time="0.000100135803222656" />
  </testsuite>
  <testsuite name="spec_perl_TestZlibWithHeader78_t" errors="0" failures="0" skipped="0" tests="1" time="0.0673160552978516">
    <system-out>1..1
ok 1 - Equals
</system-out>
    <testcase name="Equals (217)" classname="spec_perl_TestZlibWithHeader78_t" time="0.00259685516357422" />
  </testsuite>
  <testsuite name="spec_perl_TestSwitchManualEnumInvalid_t" errors="0" failures="0" skipped="0" tests="5" time="0.0429060459136963">
    <system-out>1..5
ok 1 - Equals
ok 2 - Equals
ok 3 - nil
ok 4 - Equals
ok 5 - nil
</system-out>
    <testcase name="Equals (218)" classname="spec_perl_TestSwitchManualEnumInvalid_t" time="0.00210690498352051" />
    <testcase name="Equals (219)" classname="spec_perl_TestSwitchManualEnumInvalid_t" time="0.000107049942016602" />
    <testcase name="nil (219)" classname="spec_perl_TestSwitchManualEnumInvalid_t" time="5.60283660888672e-05" />
    <testcase name="Equals (220)" classname="spec_perl_TestSwitchManualEnumInvalid_t" time="4.60147857666016e-05" />
    <testcase name="nil (220)" classname="spec_perl_TestSwitchManualEnumInvalid_t" time="5.79357147216797e-05" />
  </testsuite>
  <testsuite name="spec_perl_TestEnumIf_t" errors="0" failures="0" skipped="0" tests="7" time="0.0413811206817627">
    <system-out>1..7
ok 1 - Equals
ok 2 - Equals
ok 3 - Equals
ok 4 - Equals
ok 5 - Equals
ok 6 - Equals
ok 7 - Equals
</system-out>
    <testcase name="Equals (221)" classname="spec_perl_TestEnumIf_t" time="0.00202012062072754" />
    <testcase name="Equals (222)" classname="spec_perl_TestEnumIf_t" time="9.48905944824219e-05" />
    <testcase name="Equals (223)" classname="spec_perl_TestEnumIf_t" time="8.20159912109375e-05" />
    <testcase name="Equals (224)" classname="spec_perl_TestEnumIf_t" time="5.41210174560547e-05" />
    <testcase name="Equals (225)" classname="spec_perl_TestEnumIf_t" time="6.79492950439453e-05" />
    <testcase name="Equals (226)" classname="spec_perl_TestEnumIf_t" time="0.000150918960571289" />
    <testcase name="Equals (227)" classname="spec_perl_TestEnumIf_t" time="7.00950622558594e-05" />
  </testsuite>
  <testsuite name="spec_perl_TestNavParentSwitchCast_t" errors="0" failures="0" skipped="0" tests="3" time="0.0392129421234131">
    <system-out>1..3
ok 1 - Equals
ok 2 - Equals
ok 3 - Equals
</system-out>
    <testcase name="Equals (228)" classname="spec_perl_TestNavParentSwitchCast_t" time="0.00171804428100586" />
    <testcase name="Equals (229)" classname="spec_perl_TestNavParentSwitchCast_t" time="7.29560852050781e-05" />
    <testcase name="Equals (230)" classname="spec_perl_TestNavParentSwitchCast_t" time="5.79357147216797e-05" />
  </testsuite>
  <testsuite name="spec_perl_TestIoLocalVar_t" errors="0" failures="0" skipped="0" tests="2" time="0.0367190837860107">
    <system-out>1..2
ok 1 - Equals
ok 2 - Equals
</system-out>
    <testcase name="Equals (231)" classname="spec_perl_TestIoLocalVar_t" time="0.00197005271911621" />
    <testcase name="Equals (232)" classname="spec_perl_TestIoLocalVar_t" time="0.000146865844726562" />
  </testsuite>
  <testsuite name="spec_perl_TestValidSwitch_t" errors="0" failures="0" skipped="1" tests="1" time="0.0340309143066406">
    <system-out>1..1
ok 1 # skip ValidSwitch=HASH(0x563b765a0358)
</system-out>
    <testcase name="Unnamed test case 232" classname="spec_perl_TestValidSwitch_t" time="0.00167703628540039">
      <skipped message="ok 1 # skip ValidSwitch=HASH(0x563b765a0358)" />
    </testcase>
  </testsuite>
  <testsuite name="spec_perl_TestCastToTop_t" errors="0" failures="0" skipped="0" tests="3" time="0.0383110046386719">
    <system-out>1..3
ok 1 - Equals
ok 2 - Equals
ok 3 - Equals
</system-out>
    <testcase name="Equals (233)" classname="spec_perl_TestCastToTop_t" time="0.00136995315551758" />
    <testcase name="Equals (234)" classname="spec_perl_TestCastToTop_t" time="7.29560852050781e-05" />
    <testcase name="Equals (235)" classname="spec_perl_TestCastToTop_t" time="6.00814819335938e-05" />
  </testsuite>
  <testsuite name="spec_perl_TestDefaultEndianExprIsBe_t" errors="0" failures="0" skipped="0" tests="18" time="0.0387530326843262">
    <system-out>1..18
ok 1 - Equals
ok 2 - Equals
ok 3 - Equals
ok 4 - Equals
ok 5 - Equals
ok 6 - Equals
ok 7 - Equals
ok 8 - Equals
ok 9 - Equals
ok 10 - Equals
ok 11 - Equals
ok 12 - Equals
ok 13 - Equals
ok 14 - Equals
ok 15 - Equals
ok 16 - Equals
ok 17 - Equals
ok 18 - Equals
</system-out>
    <testcase name="Equals (236)" classname="spec_perl_TestDefaultEndianExprIsBe_t" time="0.00171113014221191" />
    <testcase name="Equals (237)" classname="spec_perl_TestDefaultEndianExprIsBe_t" time="7.00950622558594e-05" />
    <testcase name="Equals (238)" classname="spec_perl_TestDefaultEndianExprIsBe_t" time="5.38825988769531e-05" />
    <testcase name="Equals (239)" classname="spec_perl_TestDefaultEndianExprIsBe_t" time="6.50882720947266e-05" />
    <testcase name="Equals (240)" classname="spec_perl_TestDefaultEndianExprIsBe_t" time="0.000102996826171875" />
    <testcase name="Equals (241)" classname="spec_perl_TestDefaultEndianExprIsBe_t" time="0.00018000602722168" />
    <testcase name="Equals (242)" classname="spec_perl_TestDefaultEndianExprIsBe_t" time="9.48905944824219e-05" />
    <testcase name="Equals (243)" classname="spec_perl_TestDefaultEndianExprIsBe_t" time="0.000142097473144531" />
    <testcase name="Equals (244)" classname="spec_perl_TestDefaultEndianExprIsBe_t" time="8.08238983154297e-05" />
    <testcase name="Equals (245)" classname="spec_perl_TestDefaultEndianExprIsBe_t" time="7.10487365722656e-05" />
    <testcase name="Equals (246)" classname="spec_perl_TestDefaultEndianExprIsBe_t" time="0.00012516975402832" />
    <testcase name="Equals (247)" classname="spec_perl_TestDefaultEndianExprIsBe_t" time="0.000100851058959961" />
    <testcase name="Equals (248)" classname="spec_perl_TestDefaultEndianExprIsBe_t" time="0.000168085098266602" />
    <testcase name="Equals (249)" classname="spec_perl_TestDefaultEndianExprIsBe_t" time="0.000118017196655273" />
    <testcase name="Equals (250)" classname="spec_perl_TestDefaultEndianExprIsBe_t" time="7.89165496826172e-05" />
    <testcase name="Equals (251)" classname="spec_perl_TestDefaultEndianExprIsBe_t" time="0.000113010406494141" />
    <testcase name="Equals (252)" classname="spec_perl_TestDefaultEndianExprIsBe_t" time="8.79764556884766e-05" />
    <testcase name="Equals (253)" classname="spec_perl_TestDefaultEndianExprIsBe_t" time="0.000168085098266602" />
  </testsuite>
  <testsuite name="spec_perl_TestNonStandard_t" errors="0" failures="0" skipped="0" tests="1" time="0.0365839004516602">
    <system-out>1..1
ok 1 - Equals
</system-out>
    <testcase name="Equals (254)" classname="spec_perl_TestNonStandard_t" time="0.0015718936920166" />
  </testsuite>
  <testsuite name="spec_perl_TestParamsPassArrayUsertype_t" errors="0" failures="1" skipped="4" tests="5" time="0.0385148525238037">
    <system-out>1..5
not ok 1 - test_params_pass_array_usertype died (Can't use an undefined value as an ARRAY reference at compiled/perl/ParamsPassArrayUsertype.pm line 123.)
ok 2 # skip test_params_pass_array_usertype died
ok 3 # skip test_params_pass_array_usertype died
ok 4 # skip test_params_pass_array_usertype died
ok 5 # skip test_params_pass_array_usertype died
</system-out>
    <testcase name="test_params_pass_array_usertype died (Can't use an undefined value as an ARRAY reference at compiled/perl/ParamsPassArrayUsertype.pm line 123.) (254)" classname="spec_perl_TestParamsPassArrayUsertype_t" time="0.00165700912475586">
      <failure message="not ok 1 - test_params_pass_array_usertype died (Can't use an undefined value as an ARRAY reference at compiled/perl/ParamsPassArrayUsertype.pm line 123.)" type="TAP::Parser::Result::Test"></failure>
    </testcase>
    <testcase name="Unnamed test case 254" classname="spec_perl_TestParamsPassArrayUsertype_t" time="0.000221014022827148">
      <skipped message="ok 2 # skip test_params_pass_array_usertype died" />
    </testcase>
    <testcase name="Unnamed test case 255" classname="spec_perl_TestParamsPassArrayUsertype_t" time="6.69956207275391e-05">
      <skipped message="ok 3 # skip test_params_pass_array_usertype died" />
    </testcase>
    <testcase name="Unnamed test case 256" classname="spec_perl_TestParamsPassArrayUsertype_t" time="5.10215759277344e-05">
      <skipped message="ok 4 # skip test_params_pass_array_usertype died" />
    </testcase>
    <testcase name="Unnamed test case 257" classname="spec_perl_TestParamsPassArrayUsertype_t" time="6.91413879394531e-05">
      <skipped message="ok 5 # skip test_params_pass_array_usertype died" />
    </testcase>
  </testsuite>
  <testsuite name="spec_perl_TestRepeatNStrzDouble_t" errors="0" failures="0" skipped="0" tests="3" time="0.0398011207580566">
    <system-out>1..3
ok 1 - Equals
ok 2 - Equals
ok 3 - Equals
</system-out>
    <testcase name="Equals (257)" classname="spec_perl_TestRepeatNStrzDouble_t" time="0.0016171932220459" />
    <testcase name="Equals (258)" classname="spec_perl_TestRepeatNStrzDouble_t" time="9.08374786376953e-05" />
    <testcase name="Equals (259)" classname="spec_perl_TestRepeatNStrzDouble_t" time="0.000195026397705078" />
  </testsuite>
  <testsuite name="spec_perl_TestDefaultEndianExprInherited_t" errors="0" failures="0" skipped="0" tests="15" time="0.0387921333312988">
    <system-out>1..15
ok 1 - Equals
ok 2 - Equals
ok 3 - Equals
ok 4 - Equals
ok 5 - Equals
ok 6 - Equals
ok 7 - Equals
ok 8 - Equals
ok 9 - Equals
ok 10 - Equals
ok 11 - Equals
ok 12 - Equals
ok 13 - Equals
ok 14 - Equals
ok 15 - Equals
</system-out>
    <testcase name="Equals (260)" classname="spec_perl_TestDefaultEndianExprInherited_t" time="0.00168204307556152" />
    <testcase name="Equals (261)" classname="spec_perl_TestDefaultEndianExprInherited_t" time="7.70092010498047e-05" />
    <testcase name="Equals (262)" classname="spec_perl_TestDefaultEndianExprInherited_t" time="4.31537628173828e-05" />
    <testcase name="Equals (263)" classname="spec_perl_TestDefaultEndianExprInherited_t" time="6.38961791992188e-05" />
    <testcase name="Equals (264)" classname="spec_perl_TestDefaultEndianExprInherited_t" time="0.000130891799926758" />
    <testcase name="Equals (265)" classname="spec_perl_TestDefaultEndianExprInherited_t" time="0.000101089477539062" />
    <testcase name="Equals (266)" classname="spec_perl_TestDefaultEndianExprInherited_t" time="0.000149965286254883" />
    <testcase name="Equals (267)" classname="spec_perl_TestDefaultEndianExprInherited_t" time="0.000108957290649414" />
    <testcase name="Equals (268)" classname="spec_perl_TestDefaultEndianExprInherited_t" time="9.10758972167969e-05" />
    <testcase name="Equals (269)" classname="spec_perl_TestDefaultEndianExprInherited_t" time="0.00014495849609375" />
    <testcase name="Equals (270)" classname="spec_perl_TestDefaultEndianExprInherited_t" time="0.000118017196655273" />
    <testcase name="Equals (271)" classname="spec_perl_TestDefaultEndianExprInherited_t" time="0.000101089477539062" />
    <testcase name="Equals (272)" classname="spec_perl_TestDefaultEndianExprInherited_t" time="9.08374786376953e-05" />
    <testcase name="Equals (273)" classname="spec_perl_TestDefaultEndianExprInherited_t" time="9.01222229003906e-05" />
    <testcase name="Equals (274)" classname="spec_perl_TestDefaultEndianExprInherited_t" time="0.000102996826171875" />
  </testsuite>
  <testsuite name="spec_perl_TestCombineBytes_t" errors="0" failures="0" skipped="0" tests="10" time="0.0380580425262451">
    <system-out>1..10
ok 1 - Equals
ok 2 - Equals
ok 3 - Equals
ok 4 - Equals
ok 5 - Equals
ok 6 - Equals
ok 7 - Equals
ok 8 - Equals
ok 9 - Equals
ok 10 - Equals
</system-out>
    <testcase name="Equals (275)" classname="spec_perl_TestCombineBytes_t" time="0.0019068717956543" />
    <testcase name="Equals (276)" classname="spec_perl_TestCombineBytes_t" time="9.01222229003906e-05" />
    <testcase name="Equals (277)" classname="spec_perl_TestCombineBytes_t" time="5.79357147216797e-05" />
    <testcase name="Equals (278)" classname="spec_perl_TestCombineBytes_t" time="5.29289245605469e-05" />
    <testcase name="Equals (279)" classname="spec_perl_TestCombineBytes_t" time="0.000847101211547852" />
    <testcase name="Equals (280)" classname="spec_perl_TestCombineBytes_t" time="6.4849853515625e-05" />
    <testcase name="Equals (281)" classname="spec_perl_TestCombineBytes_t" time="4.60147857666016e-05" />
    <testcase name="Equals (282)" classname="spec_perl_TestCombineBytes_t" time="4.00543212890625e-05" />
    <testcase name="Equals (283)" classname="spec_perl_TestCombineBytes_t" time="7.51018524169922e-05" />
    <testcase name="Equals (284)" classname="spec_perl_TestCombineBytes_t" time="3.48091125488281e-05" />
  </testsuite>
  <testsuite name="spec_perl_TestToStringCustom_t" errors="0" failures="0" skipped="0" tests="1" time="0.0368149280548096">
    <system-out>1..1
ok 1 - Equals
</system-out>
    <testcase name="Equals (285)" classname="spec_perl_TestToStringCustom_t" time="0.000198125839233398" />
  </testsuite>
  <testsuite name="spec_perl_TestBitsUnalignedB64Le_t" errors="0" failures="0" skipped="0" tests="3" time="0.0314841270446777">
    <system-out>1..3
ok 1 - Equals
ok 2 - Equals
ok 3 - Equals
</system-out>
    <testcase name="Equals (286)" classname="spec_perl_TestBitsUnalignedB64Le_t" time="0.00129103660583496" />
    <testcase name="Equals (287)" classname="spec_perl_TestBitsUnalignedB64Le_t" time="0.000149011611938477" />
    <testcase name="Equals (288)" classname="spec_perl_TestBitsUnalignedB64Le_t" time="8.392333984375e-05" />
  </testsuite>
  <testsuite name="spec_perl_TestFixedContents_t" errors="0" failures="0" skipped="1" tests="1" time="0.0310051441192627">
    <system-out>1..1
ok 1 # skip FixedContents=HASH(0x55a5dc19eaa0)
</system-out>
    <testcase name="Unnamed test case 288" classname="spec_perl_TestFixedContents_t" time="0.0013890266418457">
      <skipped message="ok 1 # skip FixedContents=HASH(0x55a5dc19eaa0)" />
    </testcase>
  </testsuite>
  <testsuite name="spec_perl_TestExprArray_t" errors="0" failures="1" skipped="0" tests="15" time="0.0429060459136963">
    <system-out>1..15
ok 1 - Equals
ok 2 - Equals
ok 3 - Equals
ok 4 - Equals
ok 5 - Equals
ok 6 - Equals
ok 7 - Approx equals
ok 8 - Approx equals
not ok 9 - Approx equals
ok 10 - Approx equals
ok 11 - Equals
ok 12 - Equals
ok 13 - Equals
ok 14 - Equals
ok 15 - Equals
</system-out>
    <testcase name="Equals (289)" classname="spec_perl_TestExprArray_t" time="0.00154304504394531" />
    <testcase name="Equals (290)" classname="spec_perl_TestExprArray_t" time="0.000117063522338867" />
    <testcase name="Equals (291)" classname="spec_perl_TestExprArray_t" time="5.38825988769531e-05" />
    <testcase name="Equals (292)" classname="spec_perl_TestExprArray_t" time="5.41210174560547e-05" />
    <testcase name="Equals (293)" classname="spec_perl_TestExprArray_t" time="0.000105857849121094" />
    <testcase name="Equals (294)" classname="spec_perl_TestExprArray_t" time="9.41753387451172e-05" />
    <testcase name="Approx equals (294)" classname="spec_perl_TestExprArray_t" time="6.07967376708984e-05" />
    <testcase name="Approx equals (295)" classname="spec_perl_TestExprArray_t" time="5.00679016113281e-05" />
    <testcase name="Approx equals (296)" classname="spec_perl_TestExprArray_t" time="5.91278076171875e-05">
      <failure message="not ok 9 - Approx equals" type="TAP::Parser::Result::Test"></failure>
    </testcase>
    <testcase name="Approx equals (297)" classname="spec_perl_TestExprArray_t" time="0.000830888748168945" />
    <testcase name="Equals (297)" classname="spec_perl_TestExprArray_t" time="7.39097595214844e-05" />
    <testcase name="Equals (298)" classname="spec_perl_TestExprArray_t" time="3.91006469726562e-05" />
    <testcase name="Equals (299)" classname="spec_perl_TestExprArray_t" time="3.40938568115234e-05" />
    <testcase name="Equals (300)" classname="spec_perl_TestExprArray_t" time="4.79221343994141e-05" />
    <testcase name="Equals (301)" classname="spec_perl_TestExprArray_t" time="3.50475311279297e-05" />
  </testsuite>
  <testsuite name="spec_perl_TestRepeatUntilS4_t" errors="0" failures="0" skipped="0" tests="2" time="0.0415718555450439">
    <system-out>1..2
ok 1 - Equals
ok 2 - Equals
</system-out>
    <testcase name="Equals (302)" classname="spec_perl_TestRepeatUntilS4_t" time="0.00147795677185059" />
    <testcase name="Equals (303)" classname="spec_perl_TestRepeatUntilS4_t" time="7.10487365722656e-05" />
  </testsuite>
  <testsuite name="spec_perl_TestEnumDeep_t" errors="0" failures="0" skipped="0" tests="2" time="0.0364420413970947">
    <system-out>1..2
ok 1 - Equals
ok 2 - Equals
</system-out>
    <testcase name="Equals (304)" classname="spec_perl_TestEnumDeep_t" time="0.00132513046264648" />
    <testcase name="Equals (305)" classname="spec_perl_TestEnumDeep_t" time="6.89029693603516e-05" />
  </testsuite>
  <testsuite name="spec_perl_TestTermU1Val_t" errors="0" failures="0" skipped="0" tests="2" time="0.036179780960083">
    <system-out>1..2
ok 1 - Equals
ok 2 - Equals
</system-out>
    <testcase name="Equals (306)" classname="spec_perl_TestTermU1Val_t" time="0.00161910057067871" />
    <testcase name="Equals (307)" classname="spec_perl_TestTermU1Val_t" time="9.39369201660156e-05" />
  </testsuite>
  <testsuite name="spec_perl_TestFixedStruct_t" errors="0" failures="0" skipped="0" tests="20" time="0.0325820446014404">
    <system-out>1..20
ok 1 - Equals
ok 2 - Equals
ok 3 - Equals
ok 4 - Equals
ok 5 - Equals
ok 6 - Equals
ok 7 - Equals
ok 8 - Equals
ok 9 - Equals
ok 10 - Equals
ok 11 - Equals
ok 12 - Equals
ok 13 - Equals
ok 14 - Equals
ok 15 - Equals
ok 16 - Equals
ok 17 - Equals
ok 18 - Equals
ok 19 - Equals
ok 20 - Equals
</system-out>
    <testcase name="Equals (308)" classname="spec_perl_TestFixedStruct_t" time="0.00123786926269531" />
    <testcase name="Equals (309)" classname="spec_perl_TestFixedStruct_t" time="6.69956207275391e-05" />
    <testcase name="Equals (310)" classname="spec_perl_TestFixedStruct_t" time="8.60691070556641e-05" />
    <testcase name="Equals (311)" classname="spec_perl_TestFixedStruct_t" time="6.79492950439453e-05" />
    <testcase name="Equals (312)" classname="spec_perl_TestFixedStruct_t" time="5.19752502441406e-05" />
    <testcase name="Equals (313)" classname="spec_perl_TestFixedStruct_t" time="4.60147857666016e-05" />
    <testcase name="Equals (314)" classname="spec_perl_TestFixedStruct_t" time="7.00950622558594e-05" />
    <testcase name="Equals (315)" classname="spec_perl_TestFixedStruct_t" time="8.20159912109375e-05" />
    <testcase name="Equals (316)" classname="spec_perl_TestFixedStruct_t" time="0.000119924545288086" />
    <testcase name="Equals (317)" classname="spec_perl_TestFixedStruct_t" time="6.19888305664062e-05" />
    <testcase name="Equals (318)" classname="spec_perl_TestFixedStruct_t" time="6.00814819335938e-05" />
    <testcase name="Equals (319)" classname="spec_perl_TestFixedStruct_t" time="4.79221343994141e-05" />
    <testcase name="Equals (320)" classname="spec_perl_TestFixedStruct_t" time="4.50611114501953e-05" />
    <testcase name="Equals (321)" classname="spec_perl_TestFixedStruct_t" time="4.38690185546875e-05" />
    <testcase name="Equals (322)" classname="spec_perl_TestFixedStruct_t" time="8.70227813720703e-05" />
    <testcase name="Equals (323)" classname="spec_perl_TestFixedStruct_t" time="7.00950622558594e-05" />
    <testcase name="Equals (324)" classname="spec_perl_TestFixedStruct_t" time="7.98702239990234e-05" />
    <testcase name="Equals (325)" classname="spec_perl_TestFixedStruct_t" time="6.91413879394531e-05" />
    <testcase name="Equals (326)" classname="spec_perl_TestFixedStruct_t" time="7.29560852050781e-05" />
    <testcase name="Equals (327)" classname="spec_perl_TestFixedStruct_t" time="8.60691070556641e-05" />
  </testsuite>
  <testsuite name="spec_perl_TestCombineEnum_t" errors="0" failures="0" skipped="0" tests="3" time="0.0402688980102539">
    <system-out>1..3
ok 1 - Equals
ok 2 - Equals
ok 3 - Equals
</system-out>
    <testcase name="Equals (328)" classname="spec_perl_TestCombineEnum_t" time="0.00186800956726074" />
    <testcase name="Equals (329)" classname="spec_perl_TestCombineEnum_t" time="7.79628753662109e-05" />
    <testcase name="Equals (330)" classname="spec_perl_TestCombineEnum_t" time="5.98430633544922e-05" />
  </testsuite>
  <testsuite name="spec_perl_TestDebugEnumName_t" errors="1" failures="0" skipped="0" tests="0" time="0.0343561172485352">
    <system-out></system-out>
    <testcase name="Test died too soon, even before plan. (330)" classname="spec_perl_TestDebugEnumName_t" time="0.0343561172485352">
      <failure message="The test suite died before a plan was produced. You need to have a plan." type="Plan">No plan</failure>
    </testcase>
  </testsuite>
  <testsuite name="spec_perl_TestExprIoPos_t" errors="0" failures="0" skipped="0" tests="6" time="0.0420939922332764">
    <system-out>1..6
ok 1 - Equals
ok 2 - Equals
ok 3 - Equals
ok 4 - Equals
ok 5 - Equals
ok 6 - Equals
</system-out>
    <testcase name="Equals (331)" classname="spec_perl_TestExprIoPos_t" time="0.00171494483947754" />
    <testcase name="Equals (332)" classname="spec_perl_TestExprIoPos_t" time="7.91549682617188e-05" />
    <testcase name="Equals (333)" classname="spec_perl_TestExprIoPos_t" time="5.98430633544922e-05" />
    <testcase name="Equals (334)" classname="spec_perl_TestExprIoPos_t" time="8.60691070556641e-05" />
    <testcase name="Equals (335)" classname="spec_perl_TestExprIoPos_t" time="6.69956207275391e-05" />
    <testcase name="Equals (336)" classname="spec_perl_TestExprIoPos_t" time="5.41210174560547e-05" />
  </testsuite>
  <testsuite name="spec_perl_TestValidShort_t" errors="0" failures="0" skipped="1" tests="1" time="0.0401089191436768">
    <system-out>1..1
ok 1 # skip ValidShort=HASH(0x557f84a05e68)
</system-out>
    <testcase name="Unnamed test case 336" classname="spec_perl_TestValidShort_t" time="0.00165104866027832">
      <skipped message="ok 1 # skip ValidShort=HASH(0x557f84a05e68)" />
    </testcase>
  </testsuite>
  <testsuite name="spec_perl_TestExprSizeofType1_t" errors="0" failures="0" skipped="0" tests="2" time="0.0383989810943604">
    <system-out>1..2
ok 1 - Equals
ok 2 - Equals
</system-out>
    <testcase name="Equals (337)" classname="spec_perl_TestExprSizeofType1_t" time="0.00142312049865723" />
    <testcase name="Equals (338)" classname="spec_perl_TestExprSizeofType1_t" time="7.60555267333984e-05" />
  </testsuite>
  <testsuite name="spec_perl_TestRepeatNStruct_t" errors="0" failures="0" skipped="0" tests="5" time="0.0338919162750244">
    <system-out>1..5
ok 1 - Equals
ok 2 - Equals
ok 3 - Equals
ok 4 - Equals
ok 5 - Equals
</system-out>
    <testcase name="Equals (339)" classname="spec_perl_TestRepeatNStruct_t" time="0.00191903114318848" />
    <testcase name="Equals (340)" classname="spec_perl_TestRepeatNStruct_t" time="7.10487365722656e-05" />
    <testcase name="Equals (341)" classname="spec_perl_TestRepeatNStruct_t" time="5.88893890380859e-05" />
    <testcase name="Equals (342)" classname="spec_perl_TestRepeatNStruct_t" time="5.60283660888672e-05" />
    <testcase name="Equals (343)" classname="spec_perl_TestRepeatNStruct_t" time="5.19752502441406e-05" />
  </testsuite>
  <testsuite name="spec_perl_TestEnumLongRangeS_t" errors="0" failures="0" skipped="0" tests="7" time="0.0315678119659424">
    <system-out>1..7
ok 1 - Equals
ok 2 - Equals
ok 3 - Equals
ok 4 - Equals
ok 5 - Equals
ok 6 - Equals
ok 7 - Equals
</system-out>
    <testcase name="Equals (344)" classname="spec_perl_TestEnumLongRangeS_t" time="0.00127506256103516" />
    <testcase name="Equals (345)" classname="spec_perl_TestEnumLongRangeS_t" time="6.4849853515625e-05" />
    <testcase name="Equals (346)" classname="spec_perl_TestEnumLongRangeS_t" time="5.00679016113281e-05" />
    <testcase name="Equals (347)" classname="spec_perl_TestEnumLongRangeS_t" time="4.69684600830078e-05" />
    <testcase name="Equals (348)" classname="spec_perl_TestEnumLongRangeS_t" time="8.79764556884766e-05" />
    <testcase name="Equals (349)" classname="spec_perl_TestEnumLongRangeS_t" time="5.00679016113281e-05" />
    <testcase name="Equals (350)" classname="spec_perl_TestEnumLongRangeS_t" time="8.70227813720703e-05" />
  </testsuite>
  <testsuite name="spec_perl_TestProcessRepeatUsertype_t" errors="0" failures="0" skipped="0" tests="4" time="0.0365109443664551">
    <system-out>1..4
ok 1 - Equals
ok 2 - Equals
ok 3 - Equals
ok 4 - Equals
</system-out>
    <testcase name="Equals (351)" classname="spec_perl_TestProcessRepeatUsertype_t" time="0.00164389610290527" />
    <testcase name="Equals (352)" classname="spec_perl_TestProcessRepeatUsertype_t" time="7.00950622558594e-05" />
    <testcase name="Equals (353)" classname="spec_perl_TestProcessRepeatUsertype_t" time="5.48362731933594e-05" />
    <testcase name="Equals (354)" classname="spec_perl_TestProcessRepeatUsertype_t" time="5.00679016113281e-05" />
  </testsuite>
  <testsuite name="spec_perl_TestMetaTags_t" errors="0" failures="0" skipped="1" tests="1" time="0.0373082160949707">
    <system-out>1..1
ok 1 # skip MetaTags=HASH(0x562341e9e5b0)
</system-out>
    <testcase name="Unnamed test case 354" classname="spec_perl_TestMetaTags_t" time="0.00156807899475098">
      <skipped message="ok 1 # skip MetaTags=HASH(0x562341e9e5b0)" />
    </testcase>
  </testsuite>
  <testsuite name="spec_perl_TestDefaultEndianExprException_t" errors="0" failures="0" skipped="0" tests="1" time="0.0413360595703125">
    <system-out>1..1
ok 1 - threw /^Unable to decide on endianness/
</system-out>
    <testcase name="threw /^Unable to decide on endianness/ (354)" classname="spec_perl_TestDefaultEndianExprException_t" time="0.00147390365600586" />
  </testsuite>
  <testsuite name="spec_perl_TestRepeatEosU4_t" errors="0" failures="0" skipped="0" tests="1" time="0.0346858501434326">
    <system-out>1..1
ok 1 - Equals
</system-out>
    <testcase name="Equals (355)" classname="spec_perl_TestRepeatEosU4_t" time="0.00141811370849609" />
  </testsuite>
  <testsuite name="spec_perl_TestOptionalId_t" errors="0" failures="0" skipped="0" tests="3" time="0.0378768444061279">
    <system-out>1..3
ok 1 - Equals
ok 2 - Equals
ok 3 - Equals
</system-out>
    <testcase name="Equals (356)" classname="spec_perl_TestOptionalId_t" time="0.00147604942321777" />
    <testcase name="Equals (357)" classname="spec_perl_TestOptionalId_t" time="9.48905944824219e-05" />
    <testcase name="Equals (358)" classname="spec_perl_TestOptionalId_t" time="4.69684600830078e-05" />
  </testsuite>
  <testsuite name="spec_perl_TestEnumNegative_t" errors="0" failures="0" skipped="0" tests="2" time="0.0334970951080322">
    <system-out>1..2
ok 1 - Equals
ok 2 - Equals
</system-out>
    <testcase name="Equals (359)" classname="spec_perl_TestEnumNegative_t" time="0.00131487846374512" />
    <testcase name="Equals (360)" classname="spec_perl_TestEnumNegative_t" time="6.29425048828125e-05" />
  </testsuite>
  <testsuite name="spec_perl_TestSwitchManualInt_t" errors="0" failures="0" skipped="0" tests="9" time="0.0423901081085205">
    <system-out>1..9
ok 1 - Equals
ok 2 - Equals
ok 3 - Equals
ok 4 - Equals
ok 5 - Equals
ok 6 - Equals
ok 7 - Equals
ok 8 - Equals
ok 9 - Equals
</system-out>
    <testcase name="Equals (361)" classname="spec_perl_TestSwitchManualInt_t" time="0.00181794166564941" />
    <testcase name="Equals (362)" classname="spec_perl_TestSwitchManualInt_t" time="7.79628753662109e-05" />
    <testcase name="Equals (363)" classname="spec_perl_TestSwitchManualInt_t" time="4.50611114501953e-05" />
    <testcase name="Equals (364)" classname="spec_perl_TestSwitchManualInt_t" time="6.79492950439453e-05" />
    <testcase name="Equals (365)" classname="spec_perl_TestSwitchManualInt_t" time="6.00814819335938e-05" />
    <testcase name="Equals (366)" classname="spec_perl_TestSwitchManualInt_t" time="0.00010991096496582" />
    <testcase name="Equals (367)" classname="spec_perl_TestSwitchManualInt_t" time="9.41753387451172e-05" />
    <testcase name="Equals (368)" classname="spec_perl_TestSwitchManualInt_t" time="0.000119924545288086" />
    <testcase name="Equals (369)" classname="spec_perl_TestSwitchManualInt_t" time="8.29696655273438e-05" />
  </testsuite>
  <testsuite name="spec_perl_TestValidNotParsedIf_t" errors="0" failures="0" skipped="1" tests="1" time="0.0375628471374512">
    <system-out>1..1
ok 1 # skip ValidNotParsedIf=HASH(0x5652d5576960)
</system-out>
    <testcase name="Unnamed test case 369" classname="spec_perl_TestValidNotParsedIf_t" time="0.00187397003173828">
      <skipped message="ok 1 # skip ValidNotParsedIf=HASH(0x5652d5576960)" />
    </testcase>
  </testsuite>
  <testsuite name="spec_perl_TestImportsAbsRel_t" errors="0" failures="0" skipped="0" tests="3" time="0.0388140678405762">
    <system-out>1..3
ok 1 - Equals
ok 2 - Equals
ok 3 - Equals
</system-out>
    <testcase name="Equals (370)" classname="spec_perl_TestImportsAbsRel_t" time="0.00162100791931152" />
    <testcase name="Equals (371)" classname="spec_perl_TestImportsAbsRel_t" time="7.41481781005859e-05" />
    <testcase name="Equals (372)" classname="spec_perl_TestImportsAbsRel_t" time="6.07967376708984e-05" />
  </testsuite>
  <testsuite name="spec_perl_TestSwitchManualIntSize_t" errors="0" failures="0" skipped="0" tests="10" time="0.0463581085205078">
    <system-out>1..10
ok 1 - Equals
ok 2 - Equals
ok 3 - Equals
ok 4 - Equals
ok 5 - Equals
ok 6 - Equals
ok 7 - Equals
ok 8 - Equals
ok 9 - Equals
ok 10 - Equals
</system-out>
    <testcase name="Equals (373)" classname="spec_perl_TestSwitchManualIntSize_t" time="0.0019981861114502" />
    <testcase name="Equals (374)" classname="spec_perl_TestSwitchManualIntSize_t" time="0.000116825103759766" />
    <testcase name="Equals (375)" classname="spec_perl_TestSwitchManualIntSize_t" time="6.31809234619141e-05" />
    <testcase name="Equals (376)" classname="spec_perl_TestSwitchManualIntSize_t" time="5.79357147216797e-05" />
    <testcase name="Equals (377)" classname="spec_perl_TestSwitchManualIntSize_t" time="5.50746917724609e-05" />
    <testcase name="Equals (378)" classname="spec_perl_TestSwitchManualIntSize_t" time="0.000139951705932617" />
    <testcase name="Equals (379)" classname="spec_perl_TestSwitchManualIntSize_t" time="9.39369201660156e-05" />
    <testcase name="Equals (380)" classname="spec_perl_TestSwitchManualIntSize_t" time="9.20295715332031e-05" />
    <testcase name="Equals (381)" classname="spec_perl_TestSwitchManualIntSize_t" time="0.000120878219604492" />
    <testcase name="Equals (382)" classname="spec_perl_TestSwitchManualIntSize_t" time="0.000137090682983398" />
  </testsuite>
  <testsuite name="spec_perl_TestExprStrEncodings_t" errors="0" failures="0" skipped="0" tests="7" time="0.0453579425811768">
    <system-out>1..7
ok 1 - Equals
ok 2 - Equals
ok 3 - Equals
ok 4 - Equals
ok 5 - Equals
ok 6 - Equals
ok 7 - Equals
</system-out>
    <testcase name="Equals (383)" classname="spec_perl_TestExprStrEncodings_t" time="0.00510811805725098" />
    <testcase name="Equals (384)" classname="spec_perl_TestExprStrEncodings_t" time="6.98566436767578e-05" />
    <testcase name="Equals (385)" classname="spec_perl_TestExprStrEncodings_t" time="4.10079956054688e-05" />
    <testcase name="Equals (386)" classname="spec_perl_TestExprStrEncodings_t" time="5.10215759277344e-05" />
    <testcase name="Equals (387)" classname="spec_perl_TestExprStrEncodings_t" time="5.00679016113281e-05" />
    <testcase name="Equals (388)" classname="spec_perl_TestExprStrEncodings_t" time="7.89165496826172e-05" />
    <testcase name="Equals (389)" classname="spec_perl_TestExprStrEncodings_t" time="0.000119924545288086" />
  </testsuite>
  <testsuite name="spec_perl_TestStrLiterals2_t" errors="0" failures="0" skipped="0" tests="4" time="0.0365560054779053">
    <system-out>1..4
ok 1 - Equals
ok 2 - Equals
ok 3 - Equals
ok 4 - Equals
</system-out>
    <testcase name="Equals (390)" classname="spec_perl_TestStrLiterals2_t" time="0.00130295753479004" />
    <testcase name="Equals (391)" classname="spec_perl_TestStrLiterals2_t" time="8.10623168945312e-05" />
    <testcase name="Equals (392)" classname="spec_perl_TestStrLiterals2_t" time="4.69684600830078e-05" />
    <testcase name="Equals (393)" classname="spec_perl_TestStrLiterals2_t" time="5.69820404052734e-05" />
  </testsuite>
  <testsuite name="spec_perl_TestRecursiveOne_t" errors="0" failures="0" skipped="0" tests="4" time="0.0380110740661621">
    <system-out>1..4
ok 1 - Equals
ok 2 - Equals
ok 3 - Equals
ok 4 - Equals
</system-out>
    <testcase name="Equals (394)" classname="spec_perl_TestRecursiveOne_t" time="0.00119805335998535" />
    <testcase name="Equals (395)" classname="spec_perl_TestRecursiveOne_t" time="8.51154327392578e-05" />
    <testcase name="Equals (396)" classname="spec_perl_TestRecursiveOne_t" time="6.4849853515625e-05" />
    <testcase name="Equals (397)" classname="spec_perl_TestRecursiveOne_t" time="5.91278076171875e-05" />
  </testsuite>
  <testsuite name="spec_perl_TestPositionInSeq_t" errors="0" failures="0" skipped="0" tests="1" time="0.0491399765014648">
    <system-out>1..1
ok 1 - Equals
</system-out>
    <testcase name="Equals (398)" classname="spec_perl_TestPositionInSeq_t" time="0.00156307220458984" />
  </testsuite>
  <testsuite name="spec_perl_TestSwitchRepeatExprInvalid_t" errors="0" failures="0" skipped="0" tests="3" time="0.040024995803833">
    <system-out>1..3
ok 1 - Equals
ok 2 - Equals
ok 3 - Equals
</system-out>
    <testcase name="Equals (399)" classname="spec_perl_TestSwitchRepeatExprInvalid_t" time="0.00164389610290527" />
    <testcase name="Equals (400)" classname="spec_perl_TestSwitchRepeatExprInvalid_t" time="7.51018524169922e-05" />
    <testcase name="Equals (401)" classname="spec_perl_TestSwitchRepeatExprInvalid_t" time="5.98430633544922e-05" />
  </testsuite>
  <testsuite name="spec_perl_TestInstanceIoUser_t" errors="0" failures="0" skipped="0" tests="4" time="0.0419509410858154">
    <system-out>1..4
ok 1 - Equals
ok 2 - Equals
ok 3 - Equals
ok 4 - Equals
</system-out>
    <testcase name="Equals (402)" classname="spec_perl_TestInstanceIoUser_t" time="0.0019230842590332" />
    <testcase name="Equals (403)" classname="spec_perl_TestInstanceIoUser_t" time="7.60555267333984e-05" />
    <testcase name="Equals (404)" classname="spec_perl_TestInstanceIoUser_t" time="6.19888305664062e-05" />
    <testcase name="Equals (405)" classname="spec_perl_TestInstanceIoUser_t" time="0.000111103057861328" />
  </testsuite>
  <testsuite name="spec_perl_TestCastNested_t" errors="0" failures="0" skipped="0" tests="4" time="0.0478000640869141">
    <system-out>1..4
ok 1 - Equals
ok 2 - Equals
ok 3 - Equals
ok 4 - Equals
</system-out>
    <testcase name="Equals (406)" classname="spec_perl_TestCastNested_t" time="0.00169682502746582" />
    <testcase name="Equals (407)" classname="spec_perl_TestCastNested_t" time="7.60555267333984e-05" />
    <testcase name="Equals (408)" classname="spec_perl_TestCastNested_t" time="4.10079956054688e-05" />
    <testcase name="Equals (409)" classname="spec_perl_TestCastNested_t" time="5.29289245605469e-05" />
  </testsuite>
  <testsuite name="spec_perl_TestImportsCircularA_t" errors="0" failures="0" skipped="0" tests="5" time="0.0377800464630127">
    <system-out>1..5
ok 1 - Equals
ok 2 - Equals
ok 3 - Equals
ok 4 - Equals
ok 5 - nil
</system-out>
    <testcase name="Equals (410)" classname="spec_perl_TestImportsCircularA_t" time="0.0017249584197998" />
    <testcase name="Equals (411)" classname="spec_perl_TestImportsCircularA_t" time="6.89029693603516e-05" />
    <testcase name="Equals (412)" classname="spec_perl_TestImportsCircularA_t" time="0.000119209289550781" />
    <testcase name="Equals (413)" classname="spec_perl_TestImportsCircularA_t" time="5.38825988769531e-05" />
    <testcase name="nil (413)" classname="spec_perl_TestImportsCircularA_t" time="5.10215759277344e-05" />
  </testsuite>
  <testsuite name="spec_perl_TestExprSizeofValue0_t" errors="0" failures="0" skipped="0" tests="5" time="0.0362598896026611">
    <system-out>1..5
ok 1 - Equals
ok 2 - Equals
ok 3 - Equals
ok 4 - Equals
ok 5 - Equals
</system-out>
    <testcase name="Equals (414)" classname="spec_perl_TestExprSizeofValue0_t" time="0.00138306617736816" />
    <testcase name="Equals (415)" classname="spec_perl_TestExprSizeofValue0_t" time="7.20024108886719e-05" />
    <testcase name="Equals (416)" classname="spec_perl_TestExprSizeofValue0_t" time="7.29560852050781e-05" />
    <testcase name="Equals (417)" classname="spec_perl_TestExprSizeofValue0_t" time="7.41481781005859e-05" />
    <testcase name="Equals (418)" classname="spec_perl_TestExprSizeofValue0_t" time="5.19752502441406e-05" />
  </testsuite>
  <testsuite name="spec_perl_TestEnumToI_t" errors="0" failures="0" skipped="0" tests="8" time="0.0344319343566895">
    <system-out>1..8
ok 1 - Equals
ok 2 - Equals
ok 3 - Equals
ok 4 - Equals
ok 5 - Equals
ok 6 - Equals
ok 7 - Equals
ok 8 - Equals
</system-out>
    <testcase name="Equals (419)" classname="spec_perl_TestEnumToI_t" time="0.00162601470947266" />
    <testcase name="Equals (420)" classname="spec_perl_TestEnumToI_t" time="7.00950622558594e-05" />
    <testcase name="Equals (421)" classname="spec_perl_TestEnumToI_t" time="5.79357147216797e-05" />
    <testcase name="Equals (422)" classname="spec_perl_TestEnumToI_t" time="5.60283660888672e-05" />
    <testcase name="Equals (423)" classname="spec_perl_TestEnumToI_t" time="0.000102043151855469" />
    <testcase name="Equals (424)" classname="spec_perl_TestEnumToI_t" time="7.10487365722656e-05" />
    <testcase name="Equals (425)" classname="spec_perl_TestEnumToI_t" time="9.58442687988281e-05" />
    <testcase name="Equals (426)" classname="spec_perl_TestEnumToI_t" time="4.50611114501953e-05" />
  </testsuite>
  <testsuite name="spec_perl_TestBcdUserTypeLe_t" errors="0" failures="0" skipped="0" tests="6" time="0.0422089099884033">
    <system-out>1..6
ok 1 - Equals
ok 2 - Equals
ok 3 - Equals
ok 4 - Equals
ok 5 - Equals
ok 6 - Equals
</system-out>
    <testcase name="Equals (427)" classname="spec_perl_TestBcdUserTypeLe_t" time="0.00195598602294922" />
    <testcase name="Equals (428)" classname="spec_perl_TestBcdUserTypeLe_t" time="7.91549682617188e-05" />
    <testcase name="Equals (429)" classname="spec_perl_TestBcdUserTypeLe_t" time="5.79357147216797e-05" />
[...]
    <system-out>1..5
ok 1 - Equals
ok 2 - Equals
ok 3 - Equals
ok 4 - Equals
ok 5 - Equals
</system-out>
    <testcase name="Equals (869)" classname="spec_perl_TestNavParent_t" time="0.00152587890625" />
    <testcase name="Equals (870)" classname="spec_perl_TestNavParent_t" time="0.000119209289550781" />
    <testcase name="Equals (871)" classname="spec_perl_TestNavParent_t" time="0.000118017196655273" />
    <testcase name="Equals (872)" classname="spec_perl_TestNavParent_t" time="9.98973846435547e-05" />
    <testcase name="Equals (873)" classname="spec_perl_TestNavParent_t" time="0.000119924545288086" />
  </testsuite>
  <testsuite name="spec_perl_TestDefaultEndianExprIsLe_t" errors="0" failures="0" skipped="0" tests="12" time="0.0387060642242432">
    <system-out>1..12
ok 1 - Equals
ok 2 - Equals
ok 3 - Equals
ok 4 - Equals
ok 5 - Equals
ok 6 - Equals
ok 7 - Equals
ok 8 - Equals
ok 9 - Equals
ok 10 - Equals
ok 11 - Equals
ok 12 - Equals
</system-out>
    <testcase name="Equals (874)" classname="spec_perl_TestDefaultEndianExprIsLe_t" time="0.00159096717834473" />
    <testcase name="Equals (875)" classname="spec_perl_TestDefaultEndianExprIsLe_t" time="6.50882720947266e-05" />
    <testcase name="Equals (876)" classname="spec_perl_TestDefaultEndianExprIsLe_t" time="7.70092010498047e-05" />
    <testcase name="Equals (877)" classname="spec_perl_TestDefaultEndianExprIsLe_t" time="0.000101089477539062" />
    <testcase name="Equals (878)" classname="spec_perl_TestDefaultEndianExprIsLe_t" time="5.29289245605469e-05" />
    <testcase name="Equals (879)" classname="spec_perl_TestDefaultEndianExprIsLe_t" time="0.000115871429443359" />
    <testcase name="Equals (880)" classname="spec_perl_TestDefaultEndianExprIsLe_t" time="9.41753387451172e-05" />
    <testcase name="Equals (881)" classname="spec_perl_TestDefaultEndianExprIsLe_t" time="8.79764556884766e-05" />
    <testcase name="Equals (882)" classname="spec_perl_TestDefaultEndianExprIsLe_t" time="8.48770141601562e-05" />
    <testcase name="Equals (883)" classname="spec_perl_TestDefaultEndianExprIsLe_t" time="8.10623168945312e-05" />
    <testcase name="Equals (884)" classname="spec_perl_TestDefaultEndianExprIsLe_t" time="0.000111103057861328" />
    <testcase name="Equals (885)" classname="spec_perl_TestDefaultEndianExprIsLe_t" time="8.48770141601562e-05" />
  </testsuite>
  <testsuite name="spec_perl_TestUserType_t" errors="0" failures="0" skipped="0" tests="2" time="0.038297176361084">
    <system-out>1..2
ok 1 - Equals
ok 2 - Equals
</system-out>
    <testcase name="Equals (886)" classname="spec_perl_TestUserType_t" time="0.00144195556640625" />
    <testcase name="Equals (887)" classname="spec_perl_TestUserType_t" time="7.79628753662109e-05" />
  </testsuite>
  <testsuite name="spec_perl_TestExprMod_t" errors="0" failures="0" skipped="0" tests="6" time="0.0371379852294922">
    <system-out>1..6
ok 1 - Equals
ok 2 - Equals
ok 3 - Equals
ok 4 - Equals
ok 5 - Equals
ok 6 - Equals
</system-out>
    <testcase name="Equals (888)" classname="spec_perl_TestExprMod_t" time="0.00133705139160156" />
    <testcase name="Equals (889)" classname="spec_perl_TestExprMod_t" time="7.51018524169922e-05" />
    <testcase name="Equals (890)" classname="spec_perl_TestExprMod_t" time="4.1961669921875e-05" />
    <testcase name="Equals (891)" classname="spec_perl_TestExprMod_t" time="5.50746917724609e-05" />
    <testcase name="Equals (892)" classname="spec_perl_TestExprMod_t" time="5.38825988769531e-05" />
    <testcase name="Equals (893)" classname="spec_perl_TestExprMod_t" time="9.01222229003906e-05" />
  </testsuite>
  <testsuite name="spec_perl_TestHelloWorld_t" errors="0" failures="0" skipped="0" tests="1" time="0.0364210605621338">
    <system-out>1..1
ok 1 - Equals
</system-out>
    <testcase name="Equals (894)" classname="spec_perl_TestHelloWorld_t" time="0.0012660026550293" />
  </testsuite>
  <testsuite name="spec_perl_TestExprEnum_t" errors="0" failures="0" skipped="0" tests="3" time="0.0370299816131592">
    <system-out>1..3
ok 1 - Equals
ok 2 - Equals
ok 3 - Equals
</system-out>
    <testcase name="Equals (895)" classname="spec_perl_TestExprEnum_t" time="0.00183296203613281" />
    <testcase name="Equals (896)" classname="spec_perl_TestExprEnum_t" time="0.000108957290649414" />
    <testcase name="Equals (897)" classname="spec_perl_TestExprEnum_t" time="6.19888305664062e-05" />
  </testsuite>
  <testsuite name="spec_perl_TestZlibSurrounded_t" errors="0" failures="0" skipped="0" tests="1" time="0.0645699501037598">
    <system-out>1..1
ok 1 - Equals
</system-out>
    <testcase name="Equals (898)" classname="spec_perl_TestZlibSurrounded_t" time="0.00188493728637695" />
  </testsuite>
  <testsuite name="spec_perl_TestEnumLongRangeU_t" errors="0" failures="0" skipped="0" tests="4" time="0.0376691818237305">
    <system-out>1..4
ok 1 - Equals
ok 2 - Equals
ok 3 - Equals
ok 4 - Equals
</system-out>
    <testcase name="Equals (899)" classname="spec_perl_TestEnumLongRangeU_t" time="0.00269198417663574" />
    <testcase name="Equals (900)" classname="spec_perl_TestEnumLongRangeU_t" time="6.50882720947266e-05" />
    <testcase name="Equals (901)" classname="spec_perl_TestEnumLongRangeU_t" time="5.10215759277344e-05" />
    <testcase name="Equals (902)" classname="spec_perl_TestEnumLongRangeU_t" time="5.19752502441406e-05" />
  </testsuite>
  <testsuite name="spec_perl_TestNestedTypes2_t" errors="0" failures="0" skipped="0" tests="7" time="0.0371630191802979">
    <system-out>1..7
ok 1 - Equals
ok 2 - Equals
ok 3 - Equals
ok 4 - Equals
ok 5 - Equals
ok 6 - Equals
ok 7 - Equals
</system-out>
    <testcase name="Equals (903)" classname="spec_perl_TestNestedTypes2_t" time="0.00150489807128906" />
    <testcase name="Equals (904)" classname="spec_perl_TestNestedTypes2_t" time="9.10758972167969e-05" />
    <testcase name="Equals (905)" classname="spec_perl_TestNestedTypes2_t" time="7.60555267333984e-05" />
    <testcase name="Equals (906)" classname="spec_perl_TestNestedTypes2_t" time="5.10215759277344e-05" />
    <testcase name="Equals (907)" classname="spec_perl_TestNestedTypes2_t" time="6.19888305664062e-05" />
    <testcase name="Equals (908)" classname="spec_perl_TestNestedTypes2_t" time="8.10623168945312e-05" />
    <testcase name="Equals (909)" classname="spec_perl_TestNestedTypes2_t" time="0.000104904174804688" />
  </testsuite>
  <testsuite name="spec_perl_TestEnumDeepLiterals_t" errors="0" failures="0" skipped="0" tests="2" time="0.0379970073699951">
    <system-out>1..2
ok 1 - Equals
ok 2 - Equals
</system-out>
    <testcase name="Equals (910)" classname="spec_perl_TestEnumDeepLiterals_t" time="0.00215697288513184" />
    <testcase name="Equals (911)" classname="spec_perl_TestEnumDeepLiterals_t" time="0.000128984451293945" />
  </testsuite>
  <testsuite name="spec_perl_TestExprIoEof_t" errors="0" failures="0" skipped="0" tests="4" time="0.0382640361785889">
    <system-out>1..4
ok 1 - Equals
ok 2 - nil
ok 3 - Equals
ok 4 - Equals
</system-out>
    <testcase name="Equals (912)" classname="spec_perl_TestExprIoEof_t" time="0.00145196914672852" />
    <testcase name="nil (912)" classname="spec_perl_TestExprIoEof_t" time="8.70227813720703e-05" />
    <testcase name="Equals (913)" classname="spec_perl_TestExprIoEof_t" time="5.69820404052734e-05" />
    <testcase name="Equals (914)" classname="spec_perl_TestExprIoEof_t" time="5.60283660888672e-05" />
  </testsuite>
  <testsuite name="spec_perl_TestJsSignedRightShift_t" errors="0" failures="0" skipped="0" tests="2" time="0.0376420021057129">
    <system-out>1..2
ok 1 - Equals
ok 2 - Equals
</system-out>
    <testcase name="Equals (915)" classname="spec_perl_TestJsSignedRightShift_t" time="0.00173711776733398" />
    <testcase name="Equals (916)" classname="spec_perl_TestJsSignedRightShift_t" time="8.98838043212891e-05" />
  </testsuite>
  <testsuite name="spec_perl_TestProcessXor4Const_t" errors="0" failures="0" skipped="0" tests="2" time="0.0374081134796143">
    <system-out>1..2
ok 1 - Equals
ok 2 - Equals
</system-out>
    <testcase name="Equals (917)" classname="spec_perl_TestProcessXor4Const_t" time="0.00145292282104492" />
    <testcase name="Equals (918)" classname="spec_perl_TestProcessXor4Const_t" time="7.29560852050781e-05" />
  </testsuite>
  <testsuite name="spec_perl_TestImportsAbs_t" errors="0" failures="0" skipped="0" tests="2" time="0.037977933883667">
    <system-out>1..2
ok 1 - Equals
ok 2 - Equals
</system-out>
    <testcase name="Equals (919)" classname="spec_perl_TestImportsAbs_t" time="0.00131011009216309" />
    <testcase name="Equals (920)" classname="spec_perl_TestImportsAbs_t" time="7.10487365722656e-05" />
  </testsuite>
  <testsuite name="spec_perl_TestNestedSameName2_t" errors="0" failures="0" skipped="0" tests="5" time="0.0383460521697998">
    <system-out>1..5
ok 1 - Equals
ok 2 - Equals
ok 3 - Equals
ok 4 - Equals
ok 5 - Equals
</system-out>
    <testcase name="Equals (921)" classname="spec_perl_TestNestedSameName2_t" time="0.00129079818725586" />
    <testcase name="Equals (922)" classname="spec_perl_TestNestedSameName2_t" time="8.10623168945312e-05" />
    <testcase name="Equals (923)" classname="spec_perl_TestNestedSameName2_t" time="4.41074371337891e-05" />
    <testcase name="Equals (924)" classname="spec_perl_TestNestedSameName2_t" time="5.79357147216797e-05" />
    <testcase name="Equals (925)" classname="spec_perl_TestNestedSameName2_t" time="5.19752502441406e-05" />
  </testsuite>
  <testsuite name="spec_perl_TestTermStrz_t" errors="0" failures="0" skipped="0" tests="3" time="0.0409970283508301">
    <system-out>1..3
ok 1 - Equals
ok 2 - Equals
ok 3 - Equals
</system-out>
    <testcase name="Equals (926)" classname="spec_perl_TestTermStrz_t" time="0.0018928050994873" />
    <testcase name="Equals (927)" classname="spec_perl_TestTermStrz_t" time="0.000118017196655273" />
    <testcase name="Equals (928)" classname="spec_perl_TestTermStrz_t" time="0.000113010406494141" />
  </testsuite>
  <testsuite name="spec_perl_TestIndexToParamUntil_t" errors="0" failures="2" skipped="0" tests="7" time="0.0474200248718262">
    <system-out>1..7
ok 1 - Equals
ok 2 - Equals
ok 3 - Equals
ok 4 - Equals
ok 5 - Equals
not ok 6 - Equals
not ok 7 - Equals
</system-out>
    <testcase name="Equals (929)" classname="spec_perl_TestIndexToParamUntil_t" time="0.00257706642150879" />
    <testcase name="Equals (930)" classname="spec_perl_TestIndexToParamUntil_t" time="5.60283660888672e-05" />
    <testcase name="Equals (931)" classname="spec_perl_TestIndexToParamUntil_t" time="4.00543212890625e-05" />
    <testcase name="Equals (932)" classname="spec_perl_TestIndexToParamUntil_t" time="5.88893890380859e-05" />
    <testcase name="Equals (933)" classname="spec_perl_TestIndexToParamUntil_t" time="3.814697265625e-05" />
    <testcase name="Equals (934)" classname="spec_perl_TestIndexToParamUntil_t" time="4.79221343994141e-05">
      <failure message="not ok 6 - Equals" type="TAP::Parser::Result::Test"></failure>
    </testcase>
    <testcase name="Equals (935)" classname="spec_perl_TestIndexToParamUntil_t" time="0.000416040420532227">
      <failure message="not ok 7 - Equals" type="TAP::Parser::Result::Test"></failure>
    </testcase>
  </testsuite>
  <testsuite name="spec_perl_TestExpr0_t" errors="0" failures="0" skipped="0" tests="2" time="0.0361762046813965">
    <system-out>1..2
ok 1 - Equals
ok 2 - Equals
</system-out>
    <testcase name="Equals (936)" classname="spec_perl_TestExpr0_t" time="0.00165200233459473" />
    <testcase name="Equals (937)" classname="spec_perl_TestExpr0_t" time="8.10623168945312e-05" />
  </testsuite>
  <testsuite name="spec_perl_TestOpaqueExternalType02Parent_t" errors="0" failures="0" skipped="0" tests="3" time="0.0491831302642822">
    <system-out>1..3
ok 1 - Equals
ok 2 - Equals
ok 3 - Equals
</system-out>
    <testcase name="Equals (938)" classname="spec_perl_TestOpaqueExternalType02Parent_t" time="0.00162315368652344" />
    <testcase name="Equals (939)" classname="spec_perl_TestOpaqueExternalType02Parent_t" time="7.48634338378906e-05" />
    <testcase name="Equals (940)" classname="spec_perl_TestOpaqueExternalType02Parent_t" time="5.81741333007812e-05" />
  </testsuite>
  <testsuite name="spec_perl_TestIntegers_t" errors="0" failures="0" skipped="0" tests="20" time="0.0425090789794922">
    <system-out>1..20
ok 1 - Equals
ok 2 - Equals
ok 3 - Equals
ok 4 - Equals
ok 5 - Equals
ok 6 - Equals
ok 7 - Equals
ok 8 - Equals
ok 9 - Equals
ok 10 - Equals
ok 11 - Equals
ok 12 - Equals
ok 13 - Equals
ok 14 - Equals
ok 15 - Equals
ok 16 - Equals
ok 17 - Equals
ok 18 - Equals
ok 19 - Equals
ok 20 - Equals
</system-out>
    <testcase name="Equals (941)" classname="spec_perl_TestIntegers_t" time="0.00151705741882324" />
    <testcase name="Equals (942)" classname="spec_perl_TestIntegers_t" time="7.10487365722656e-05" />
    <testcase name="Equals (943)" classname="spec_perl_TestIntegers_t" time="5.79357147216797e-05" />
    <testcase name="Equals (944)" classname="spec_perl_TestIntegers_t" time="7.48634338378906e-05" />
    <testcase name="Equals (945)" classname="spec_perl_TestIntegers_t" time="5.00679016113281e-05" />
    <testcase name="Equals (946)" classname="spec_perl_TestIntegers_t" time="9.60826873779297e-05" />
    <testcase name="Equals (947)" classname="spec_perl_TestIntegers_t" time="0.000192880630493164" />
    <testcase name="Equals (948)" classname="spec_perl_TestIntegers_t" time="4.10079956054688e-05" />
    <testcase name="Equals (949)" classname="spec_perl_TestIntegers_t" time="6.00814819335938e-05" />
    <testcase name="Equals (950)" classname="spec_perl_TestIntegers_t" time="7.00950622558594e-05" />
    <testcase name="Equals (951)" classname="spec_perl_TestIntegers_t" time="8.98838043212891e-05" />
    <testcase name="Equals (952)" classname="spec_perl_TestIntegers_t" time="4.91142272949219e-05" />
    <testcase name="Equals (953)" classname="spec_perl_TestIntegers_t" time="0.000100851058959961" />
    <testcase name="Equals (954)" classname="spec_perl_TestIntegers_t" time="9.51290130615234e-05" />
    <testcase name="Equals (955)" classname="spec_perl_TestIntegers_t" time="0.000121831893920898" />
    <testcase name="Equals (956)" classname="spec_perl_TestIntegers_t" time="5.81741333007812e-05" />
    <testcase name="Equals (957)" classname="spec_perl_TestIntegers_t" time="8.29696655273438e-05" />
    <testcase name="Equals (958)" classname="spec_perl_TestIntegers_t" time="0.000135898590087891" />
    <testcase name="Equals (959)" classname="spec_perl_TestIntegers_t" time="0.000784158706665039" />
    <testcase name="Equals (960)" classname="spec_perl_TestIntegers_t" time="0.000281810760498047" />
  </testsuite>
  <testsuite name="spec_perl_TestSwitchManualIntSizeEos_t" errors="0" failures="0" skipped="0" tests="10" time="0.0441989898681641">
    <system-out>1..10
ok 1 - Equals
ok 2 - Equals
ok 3 - Equals
ok 4 - Equals
ok 5 - Equals
ok 6 - Equals
ok 7 - Equals
ok 8 - Equals
ok 9 - Equals
ok 10 - Equals
</system-out>
    <testcase name="Equals (961)" classname="spec_perl_TestSwitchManualIntSizeEos_t" time="0.00242710113525391" />
    <testcase name="Equals (962)" classname="spec_perl_TestSwitchManualIntSizeEos_t" time="9.79900360107422e-05" />
    <testcase name="Equals (963)" classname="spec_perl_TestSwitchManualIntSizeEos_t" time="4.60147857666016e-05" />
    <testcase name="Equals (964)" classname="spec_perl_TestSwitchManualIntSizeEos_t" time="5.48362731933594e-05" />
    <testcase name="Equals (965)" classname="spec_perl_TestSwitchManualIntSizeEos_t" time="5.10215759277344e-05" />
    <testcase name="Equals (966)" classname="spec_perl_TestSwitchManualIntSizeEos_t" time="0.000177145004272461" />
    <testcase name="Equals (967)" classname="spec_perl_TestSwitchManualIntSizeEos_t" time="0.000115871429443359" />
    <testcase name="Equals (968)" classname="spec_perl_TestSwitchManualIntSizeEos_t" time="9.10758972167969e-05" />
    <testcase name="Equals (969)" classname="spec_perl_TestSwitchManualIntSizeEos_t" time="8.89301300048828e-05" />
    <testcase name="Equals (970)" classname="spec_perl_TestSwitchManualIntSizeEos_t" time="9.01222229003906e-05" />
  </testsuite>
  <testsuite name="spec_perl_TestSwitchManualIntSizeElse_t" errors="0" failures="0" skipped="0" tests="10" time="0.0445270538330078">
    <system-out>1..10
ok 1 - Equals
ok 2 - Equals
ok 3 - Equals
ok 4 - Equals
ok 5 - Equals
ok 6 - Equals
ok 7 - Equals
ok 8 - Equals
ok 9 - Equals
ok 10 - Equals
</system-out>
    <testcase name="Equals (971)" classname="spec_perl_TestSwitchManualIntSizeElse_t" time="0.00192713737487793" />
    <testcase name="Equals (972)" classname="spec_perl_TestSwitchManualIntSizeElse_t" time="7.60555267333984e-05" />
    <testcase name="Equals (973)" classname="spec_perl_TestSwitchManualIntSizeElse_t" time="4.29153442382812e-05" />
    <testcase name="Equals (974)" classname="spec_perl_TestSwitchManualIntSizeElse_t" time="6.19888305664062e-05" />
    <testcase name="Equals (975)" classname="spec_perl_TestSwitchManualIntSizeElse_t" time="9.29832458496094e-05" />
    <testcase name="Equals (976)" classname="spec_perl_TestSwitchManualIntSizeElse_t" time="0.000127077102661133" />
    <testcase name="Equals (977)" classname="spec_perl_TestSwitchManualIntSizeElse_t" time="8.89301300048828e-05" />
    <testcase name="Equals (978)" classname="spec_perl_TestSwitchManualIntSizeElse_t" time="0.000112056732177734" />
    <testcase name="Equals (979)" classname="spec_perl_TestSwitchManualIntSizeElse_t" time="5.38825988769531e-05" />
    <testcase name="Equals (980)" classname="spec_perl_TestSwitchManualIntSizeElse_t" time="9.29832458496094e-05" />
  </testsuite>
  <testsuite name="spec_perl_TestBitsSignedShiftB32Le_t" errors="0" failures="0" skipped="0" tests="2" time="0.0353319644927979">
    <system-out>1..2
ok 1 - Equals
ok 2 - Equals
</system-out>
    <testcase name="Equals (981)" classname="spec_perl_TestBitsSignedShiftB32Le_t" time="0.00150012969970703" />
    <testcase name="Equals (982)" classname="spec_perl_TestBitsSignedShiftB32Le_t" time="6.4849853515625e-05" />
  </testsuite>
  <testsuite name="spec_perl_TestSwitchManualStr_t" errors="0" failures="0" skipped="0" tests="9" time="0.0430459976196289">
    <system-out>1..9
ok 1 - Equals
ok 2 - Equals
ok 3 - Equals
ok 4 - Equals
ok 5 - Equals
ok 6 - Equals
ok 7 - Equals
ok 8 - Equals
ok 9 - Equals
</system-out>
    <testcase name="Equals (983)" classname="spec_perl_TestSwitchManualStr_t" time="0.00134682655334473" />
    <testcase name="Equals (984)" classname="spec_perl_TestSwitchManualStr_t" time="6.91413879394531e-05" />
    <testcase name="Equals (985)" classname="spec_perl_TestSwitchManualStr_t" time="3.79085540771484e-05" />
    <testcase name="Equals (986)" classname="spec_perl_TestSwitchManualStr_t" time="5.41210174560547e-05" />
    <testcase name="Equals (987)" classname="spec_perl_TestSwitchManualStr_t" time="4.88758087158203e-05" />
    <testcase name="Equals (988)" classname="spec_perl_TestSwitchManualStr_t" time="9.70363616943359e-05" />
    <testcase name="Equals (989)" classname="spec_perl_TestSwitchManualStr_t" time="6.69956207275391e-05" />
    <testcase name="Equals (990)" classname="spec_perl_TestSwitchManualStr_t" time="7.70092010498047e-05" />
    <testcase name="Equals (991)" classname="spec_perl_TestSwitchManualStr_t" time="7.79628753662109e-05" />
  </testsuite>
  <testsuite name="spec_perl_TestBitsEnum_t" errors="0" failures="0" skipped="0" tests="3" time="0.0340571403503418">
    <system-out>1..3
ok 1 - Equals
ok 2 - Equals
ok 3 - Equals
</system-out>
    <testcase name="Equals (992)" classname="spec_perl_TestBitsEnum_t" time="0.00144290924072266" />
    <testcase name="Equals (993)" classname="spec_perl_TestBitsEnum_t" time="9.20295715332031e-05" />
    <testcase name="Equals (994)" classname="spec_perl_TestBitsEnum_t" time="6.00814819335938e-05" />
  </testsuite>
</testsuites>
