<?xml version='1.0' encoding='utf-8'?>
<testsuites>
  <testsuite name="spec_perl_TestTypeTernary2ndFalsy_t" errors="0" failures="1" skipped="0" tests="13" time="0.0567288398742676">
    <system-out>1..13
ok 1 - Equals
ok 2 - Equals
ok 3 - Equals
ok 4 - Approx equals
ok 5 - Approx equals
ok 6 - Equals
ok 7 - Equals
ok 8 - Equals
ok 9 - nil
ok 10 - Equals
ok 11 - Equals
ok 12 - Equals
not ok 13 - test_type_ternary_2nd_falsy died (Can't use an undefined value as an ARRAY reference at spec/perl/TestTypeTernary2ndFalsy.t line 26.)
</system-out>
    <testcase name="Equals" classname="spec_perl_TestTypeTernary2ndFalsy_t" time="0.000271797180175781" />
    <testcase name="Equals (2)" classname="spec_perl_TestTypeTernary2ndFalsy_t" time="0.000128030776977539" />
    <testcase name="Equals (3)" classname="spec_perl_TestTypeTernary2ndFalsy_t" time="0.000184059143066406" />
    <testcase name="Approx equals (3)" classname="spec_perl_TestTypeTernary2ndFalsy_t" time="6.69956207275391e-05" />
    <testcase name="Approx equals (4)" classname="spec_perl_TestTypeTernary2ndFalsy_t" time="5.41210174560547e-05" />
    <testcase name="Equals (4)" classname="spec_perl_TestTypeTernary2ndFalsy_t" time="0.000177860260009766" />
    <testcase name="Equals (5)" classname="spec_perl_TestTypeTernary2ndFalsy_t" time="0.00018310546875" />
    <testcase name="Equals (6)" classname="spec_perl_TestTypeTernary2ndFalsy_t" time="0.000169992446899414" />
    <testcase name="nil (6)" classname="spec_perl_TestTypeTernary2ndFalsy_t" time="6.38961791992188e-05" />
    <testcase name="Equals (7)" classname="spec_perl_TestTypeTernary2ndFalsy_t" time="0.00018310546875" />
    <testcase name="Equals (8)" classname="spec_perl_TestTypeTernary2ndFalsy_t" time="0.000182867050170898" />
    <testcase name="Equals (9)" classname="spec_perl_TestTypeTernary2ndFalsy_t" time="0.000174999237060547" />
    <testcase name="test_type_ternary_2nd_falsy died (Can't use an undefined value as an ARRAY reference at spec/perl/TestTypeTernary2ndFalsy.t line 26.) (9)" classname="spec_perl_TestTypeTernary2ndFalsy_t" time="0.000287055969238281">
      <failure message="not ok 13 - test_type_ternary_2nd_falsy died (Can't use an undefined value as an ARRAY reference at spec/perl/TestTypeTernary2ndFalsy.t line 26.)" type="TAP::Parser::Result::Test"></failure>
    </testcase>
  </testsuite>
  <testsuite name="spec_perl_TestEnumImport_t" errors="0" failures="2" skipped="0" tests="2" time="0.0553638935089111">
    <system-out>1..2
not ok 1 - Equals
not ok 2 - Equals
</system-out>
    <testcase name="Equals (10)" classname="spec_perl_TestEnumImport_t" time="0.000656843185424805">
      <failure message="not ok 1 - Equals" type="TAP::Parser::Result::Test"></failure>
    </testcase>
    <testcase name="Equals (11)" classname="spec_perl_TestEnumImport_t" time="0.000918149948120117">
      <failure message="not ok 2 - Equals" type="TAP::Parser::Result::Test"></failure>
    </testcase>
  </testsuite>
  <testsuite name="spec_perl_TestNavParentSwitchCast_t" errors="0" failures="0" skipped="0" tests="3" time="0.0531251430511475">
    <system-out>1..3
ok 1 - Equals
ok 2 - Equals
ok 3 - Equals
</system-out>
    <testcase name="Equals (12)" classname="spec_perl_TestNavParentSwitchCast_t" time="0.000609874725341797" />
    <testcase name="Equals (13)" classname="spec_perl_TestNavParentSwitchCast_t" time="0.000104188919067383" />
    <testcase name="Equals (14)" classname="spec_perl_TestNavParentSwitchCast_t" time="0.000182867050170898" />
  </testsuite>
  <testsuite name="spec_perl_TestBitsShiftByB32Le_t" errors="0" failures="0" skipped="0" tests="2" time="0.0519890785217285">
    <system-out>1..2
ok 1 - Equals
ok 2 - Equals
</system-out>
    <testcase name="Equals (15)" classname="spec_perl_TestBitsShiftByB32Le_t" time="0.000294923782348633" />
    <testcase name="Equals (16)" classname="spec_perl_TestBitsShiftByB32Le_t" time="8.79764556884766e-05" />
  </testsuite>
  <testsuite name="spec_perl_TestExprBytesNonLiteral_t" errors="0" failures="0" skipped="0" tests="3" time="0.0518190860748291">
    <system-out>1..3
ok 1 - Equals
ok 2 - Equals
ok 3 - Equals
</system-out>
    <testcase name="Equals (17)" classname="spec_perl_TestExprBytesNonLiteral_t" time="0.000276088714599609" />
    <testcase name="Equals (18)" classname="spec_perl_TestExprBytesNonLiteral_t" time="0.000123977661132812" />
    <testcase name="Equals (19)" classname="spec_perl_TestExprBytesNonLiteral_t" time="0.000186920166015625" />
  </testsuite>
  <testsuite name="spec_perl_TestRepeatNStruct_t" errors="0" failures="0" skipped="0" tests="5" time="0.0519959926605225">
    <system-out>1..5
ok 1 - Equals
ok 2 - Equals
ok 3 - Equals
ok 4 - Equals
ok 5 - Equals
</system-out>
    <testcase name="Equals (20)" classname="spec_perl_TestRepeatNStruct_t" time="0.000298976898193359" />
    <testcase name="Equals (21)" classname="spec_perl_TestRepeatNStruct_t" time="9.01222229003906e-05" />
    <testcase name="Equals (22)" classname="spec_perl_TestRepeatNStruct_t" time="0.000190973281860352" />
    <testcase name="Equals (23)" classname="spec_perl_TestRepeatNStruct_t" time="0.000159025192260742" />
    <testcase name="Equals (24)" classname="spec_perl_TestRepeatNStruct_t" time="0.000190019607543945" />
  </testsuite>
  <testsuite name="spec_perl_TestIfValues_t" errors="0" failures="0" skipped="0" tests="6" time="0.0525591373443604">
    <system-out>1..6
ok 1 - Equals
ok 2 - Equals
ok 3 - Equals
ok 4 - nil
ok 5 - Equals
ok 6 - nil
</system-out>
    <testcase name="Equals (25)" classname="spec_perl_TestIfValues_t" time="0.000285863876342773" />
    <testcase name="Equals (26)" classname="spec_perl_TestIfValues_t" time="0.00010991096496582" />
    <testcase name="Equals (27)" classname="spec_perl_TestIfValues_t" time="0.000227212905883789" />
    <testcase name="nil (27)" classname="spec_perl_TestIfValues_t" time="7.89165496826172e-05" />
    <testcase name="Equals (28)" classname="spec_perl_TestIfValues_t" time="0.000107049942016602" />
    <testcase name="nil (28)" classname="spec_perl_TestIfValues_t" time="8.08238983154297e-05" />
  </testsuite>
  <testsuite name="spec_perl_TestDefaultEndianExprInherited_t" errors="0" failures="0" skipped="0" tests="15" time="0.0569639205932617">
    <system-out>1..15
ok 1 - Equals
ok 2 - Equals
ok 3 - Equals
ok 4 - Equals
ok 5 - Equals
ok 6 - Equals
ok 7 - Equals
ok 8 - Equals
ok 9 - Equals
ok 10 - Equals
ok 11 - Equals
ok 12 - Equals
ok 13 - Equals
ok 14 - Equals
ok 15 - Equals
</system-out>
    <testcase name="Equals (29)" classname="spec_perl_TestDefaultEndianExprInherited_t" time="0.00038599967956543" />
    <testcase name="Equals (30)" classname="spec_perl_TestDefaultEndianExprInherited_t" time="9.79900360107422e-05" />
    <testcase name="Equals (31)" classname="spec_perl_TestDefaultEndianExprInherited_t" time="0.000173091888427734" />
    <testcase name="Equals (32)" classname="spec_perl_TestDefaultEndianExprInherited_t" time="0.000182867050170898" />
    <testcase name="Equals (33)" classname="spec_perl_TestDefaultEndianExprInherited_t" time="0.000185012817382812" />
    <testcase name="Equals (34)" classname="spec_perl_TestDefaultEndianExprInherited_t" time="0.000167131423950195" />
    <testcase name="Equals (35)" classname="spec_perl_TestDefaultEndianExprInherited_t" time="0.000195980072021484" />
    <testcase name="Equals (36)" classname="spec_perl_TestDefaultEndianExprInherited_t" time="0.000192880630493164" />
    <testcase name="Equals (37)" classname="spec_perl_TestDefaultEndianExprInherited_t" time="0.000154972076416016" />
    <testcase name="Equals (38)" classname="spec_perl_TestDefaultEndianExprInherited_t" time="0.000193119049072266" />
    <testcase name="Equals (39)" classname="spec_perl_TestDefaultEndianExprInherited_t" time="0.000175952911376953" />
    <testcase name="Equals (40)" classname="spec_perl_TestDefaultEndianExprInherited_t" time="0.00017094612121582" />
    <testcase name="Equals (41)" classname="spec_perl_TestDefaultEndianExprInherited_t" time="0.000189065933227539" />
    <testcase name="Equals (42)" classname="spec_perl_TestDefaultEndianExprInherited_t" time="0.000173091888427734" />
    <testcase name="Equals (43)" classname="spec_perl_TestDefaultEndianExprInherited_t" time="0.000198841094970703" />
  </testsuite>
  <testsuite name="spec_perl_TestProcessRepeatUsertype_t" errors="0" failures="0" skipped="0" tests="4" time="0.0521609783172607">
    <system-out>1..4
ok 1 - Equals
ok 2 - Equals
ok 3 - Equals
ok 4 - Equals
</system-out>
    <testcase name="Equals (44)" classname="spec_perl_TestProcessRepeatUsertype_t" time="0.000592947006225586" />
    <testcase name="Equals (45)" classname="spec_perl_TestProcessRepeatUsertype_t" time="0.00011897087097168" />
    <testcase name="Equals (46)" classname="spec_perl_TestProcessRepeatUsertype_t" time="9.29832458496094e-05" />
    <testcase name="Equals (47)" classname="spec_perl_TestProcessRepeatUsertype_t" time="0.000210046768188477" />
  </testsuite>
  <testsuite name="spec_perl_TestNestedTypes3_t" errors="0" failures="0" skipped="0" tests="5" time="0.0522489547729492">
    <system-out>1..5
ok 1 - Equals
ok 2 - Equals
ok 3 - Equals
ok 4 - Equals
ok 5 - Equals
</system-out>
    <testcase name="Equals (48)" classname="spec_perl_TestNestedTypes3_t" time="0.000287055969238281" />
    <testcase name="Equals (49)" classname="spec_perl_TestNestedTypes3_t" time="0.000126123428344727" />
    <testcase name="Equals (50)" classname="spec_perl_TestNestedTypes3_t" time="0.000186920166015625" />
    <testcase name="Equals (51)" classname="spec_perl_TestNestedTypes3_t" time="0.000162124633789062" />
    <testcase name="Equals (52)" classname="spec_perl_TestNestedTypes3_t" time="0.000174999237060547" />
  </testsuite>
  <testsuite name="spec_perl_TestSwitchManualIntSizeEos_t" errors="0" failures="0" skipped="0" tests="10" time="0.0571780204772949">
    <system-out>1..10
ok 1 - Equals
ok 2 - Equals
ok 3 - Equals
ok 4 - Equals
ok 5 - Equals
ok 6 - Equals
ok 7 - Equals
ok 8 - Equals
ok 9 - Equals
ok 10 - Equals
</system-out>
    <testcase name="Equals (53)" classname="spec_perl_TestSwitchManualIntSizeEos_t" time="0.000697851181030273" />
    <testcase name="Equals (54)" classname="spec_perl_TestSwitchManualIntSizeEos_t" time="9.82284545898438e-05" />
    <testcase name="Equals (55)" classname="spec_perl_TestSwitchManualIntSizeEos_t" time="0.000165939331054688" />
    <testcase name="Equals (56)" classname="spec_perl_TestSwitchManualIntSizeEos_t" time="0.00019383430480957" />
    <testcase name="Equals (57)" classname="spec_perl_TestSwitchManualIntSizeEos_t" time="0.000171184539794922" />
    <testcase name="Equals (58)" classname="spec_perl_TestSwitchManualIntSizeEos_t" time="0.00018000602722168" />
    <testcase name="Equals (59)" classname="spec_perl_TestSwitchManualIntSizeEos_t" time="0.000176906585693359" />
    <testcase name="Equals (60)" classname="spec_perl_TestSwitchManualIntSizeEos_t" time="0.000188112258911133" />
    <testcase name="Equals (61)" classname="spec_perl_TestSwitchManualIntSizeEos_t" time="0.000190019607543945" />
    <testcase name="Equals (62)" classname="spec_perl_TestSwitchManualIntSizeEos_t" time="0.000177860260009766" />
  </testsuite>
  <testsuite name="spec_perl_TestStrEncodings_t" errors="0" failures="0" skipped="0" tests="4" time="0.0585939884185791">
    <system-out>1..4
ok 1 - Equals
ok 2 - Equals
ok 3 - Equals
ok 4 - Equals
</system-out>
    <testcase name="Equals (63)" classname="spec_perl_TestStrEncodings_t" time="0.00350093841552734" />
    <testcase name="Equals (64)" classname="spec_perl_TestStrEncodings_t" time="0.000117063522338867" />
    <testcase name="Equals (65)" classname="spec_perl_TestStrEncodings_t" time="0.000134944915771484" />
    <testcase name="Equals (66)" classname="spec_perl_TestStrEncodings_t" time="0.000201940536499023" />
  </testsuite>
  <testsuite name="spec_perl_TestParamsPassArrayInt_t" errors="0" failures="1" skipped="6" tests="7" time="0.0583329200744629">
    <system-out>1..7
not ok 1 - test_params_pass_array_int died (Can't use an undefined value as an ARRAY reference at spec/perl/TestParamsPassArrayInt.t line 14.)
ok 2 # skip test_params_pass_array_int died
ok 3 # skip test_params_pass_array_int died
ok 4 # skip test_params_pass_array_int died
ok 5 # skip test_params_pass_array_int died
ok 6 # skip test_params_pass_array_int died
ok 7 # skip test_params_pass_array_int died
</system-out>
    <testcase name="test_params_pass_array_int died (Can't use an undefined value as an ARRAY reference at spec/perl/TestParamsPassArrayInt.t line 14.) (66)" classname="spec_perl_TestParamsPassArrayInt_t" time="0.000343084335327148">
      <failure message="not ok 1 - test_params_pass_array_int died (Can't use an undefined value as an ARRAY reference at spec/perl/TestParamsPassArrayInt.t line 14.)" type="TAP::Parser::Result::Test"></failure>
    </testcase>
    <testcase name="Unnamed test case 66" classname="spec_perl_TestParamsPassArrayInt_t" time="0.000551939010620117">
      <skipped message="ok 2 # skip test_params_pass_array_int died" />
    </testcase>
    <testcase name="Unnamed test case 67" classname="spec_perl_TestParamsPassArrayInt_t" time="0.000453948974609375">
      <skipped message="ok 3 # skip test_params_pass_array_int died" />
    </testcase>
    <testcase name="Unnamed test case 68" classname="spec_perl_TestParamsPassArrayInt_t" time="0.000385046005249023">
      <skipped message="ok 4 # skip test_params_pass_array_int died" />
    </testcase>
    <testcase name="Unnamed test case 69" classname="spec_perl_TestParamsPassArrayInt_t" time="0.000425100326538086">
      <skipped message="ok 5 # skip test_params_pass_array_int died" />
    </testcase>
    <testcase name="Unnamed test case 70" classname="spec_perl_TestParamsPassArrayInt_t" time="0.000428915023803711">
      <skipped message="ok 6 # skip test_params_pass_array_int died" />
    </testcase>
    <testcase name="Unnamed test case 71" classname="spec_perl_TestParamsPassArrayInt_t" time="0.00035405158996582">
      <skipped message="ok 7 # skip test_params_pass_array_int died" />
    </testcase>
  </testsuite>
  <testsuite name="spec_perl_TestSwitchManualEnumInvalidElse_t" errors="0" failures="0" skipped="0" tests="5" time="0.056102991104126">
    <system-out>1..5
ok 1 - Equals
ok 2 - Equals
ok 3 - Equals
ok 4 - Equals
ok 5 - Equals
</system-out>
    <testcase name="Equals (71)" classname="spec_perl_TestSwitchManualEnumInvalidElse_t" time="0.000308990478515625" />
    <testcase name="Equals (72)" classname="spec_perl_TestSwitchManualEnumInvalidElse_t" time="9.08374786376953e-05" />
    <testcase name="Equals (73)" classname="spec_perl_TestSwitchManualEnumInvalidElse_t" time="0.00024104118347168" />
    <testcase name="Equals (74)" classname="spec_perl_TestSwitchManualEnumInvalidElse_t" time="0.000113964080810547" />
    <testcase name="Equals (75)" classname="spec_perl_TestSwitchManualEnumInvalidElse_t" time="0.000196933746337891" />
  </testsuite>
  <testsuite name="spec_perl_TestSwitchManualStr_t" errors="0" failures="0" skipped="0" tests="9" time="0.0577061176300049">
    <system-out>1..9
ok 1 - Equals
ok 2 - Equals
ok 3 - Equals
ok 4 - Equals
ok 5 - Equals
ok 6 - Equals
ok 7 - Equals
ok 8 - Equals
ok 9 - Equals
</system-out>
    <testcase name="Equals (76)" classname="spec_perl_TestSwitchManualStr_t" time="0.000378847122192383" />
    <testcase name="Equals (77)" classname="spec_perl_TestSwitchManualStr_t" time="9.10758972167969e-05" />
    <testcase name="Equals (78)" classname="spec_perl_TestSwitchManualStr_t" time="0.000181913375854492" />
    <testcase name="Equals (79)" classname="spec_perl_TestSwitchManualStr_t" time="0.000167131423950195" />
    <testcase name="Equals (80)" classname="spec_perl_TestSwitchManualStr_t" time="0.000179052352905273" />
    <testcase name="Equals (81)" classname="spec_perl_TestSwitchManualStr_t" time="0.000191926956176758" />
    <testcase name="Equals (82)" classname="spec_perl_TestSwitchManualStr_t" time="0.000176906585693359" />
    <testcase name="Equals (83)" classname="spec_perl_TestSwitchManualStr_t" time="0.000177145004272461" />
    <testcase name="Equals (84)" classname="spec_perl_TestSwitchManualStr_t" time="0.000368833541870117" />
  </testsuite>
  <testsuite name="spec_perl_TestProcessCoerceBytes_t" errors="0" failures="0" skipped="0" tests="4" time="0.0525360107421875">
    <system-out>1..4
ok 1 - Equals
ok 2 - Equals
ok 3 - Equals
ok 4 - Equals
</system-out>
    <testcase name="Equals (85)" classname="spec_perl_TestProcessCoerceBytes_t" time="0.00032496452331543" />
    <testcase name="Equals (86)" classname="spec_perl_TestProcessCoerceBytes_t" time="0.000113964080810547" />
    <testcase name="Equals (87)" classname="spec_perl_TestProcessCoerceBytes_t" time="0.000191211700439453" />
    <testcase name="Equals (88)" classname="spec_perl_TestProcessCoerceBytes_t" time="0.000172853469848633" />
  </testsuite>
  <testsuite name="spec_perl_TestImportsAbsAbs_t" errors="0" failures="0" skipped="0" tests="3" time="0.0518131256103516">
    <system-out>1..3
ok 1 - Equals
ok 2 - Equals
ok 3 - Equals
</system-out>
    <testcase name="Equals (89)" classname="spec_perl_TestImportsAbsAbs_t" time="0.000308036804199219" />
    <testcase name="Equals (90)" classname="spec_perl_TestImportsAbsAbs_t" time="8.91685485839844e-05" />
    <testcase name="Equals (91)" classname="spec_perl_TestImportsAbsAbs_t" time="0.000191926956176758" />
  </testsuite>
  <testsuite name="spec_perl_TestHelloWorld_t" errors="0" failures="0" skipped="0" tests="1" time="0.0514111518859863">
    <system-out>1..1
ok 1 - Equals
</system-out>
    <testcase name="Equals (92)" classname="spec_perl_TestHelloWorld_t" time="0.00026392936706543" />
  </testsuite>
  <testsuite name="spec_perl_TestEnumToIClassBorder1_t" errors="0" failures="1" skipped="0" tests="3" time="0.0561580657958984">
    <system-out>1..3
ok 1 - Equals
ok 2 - Equals
not ok 3 - test_enum_to_i_class_border_1 died (Can't call method &quot;some_dog&quot; on an undefined value at compiled/perl/EnumToIClassBorder2.pm line 42.)
</system-out>
    <testcase name="Equals (93)" classname="spec_perl_TestEnumToIClassBorder1_t" time="0.000272035598754883" />
    <testcase name="Equals (94)" classname="spec_perl_TestEnumToIClassBorder1_t" time="0.000149011611938477" />
    <testcase name="test_enum_to_i_class_border_1 died (Can't call method &quot;some_dog&quot; on an undefined value at compiled/perl/EnumToIClassBorder2.pm line 42.) (94)" classname="spec_perl_TestEnumToIClassBorder1_t" time="0.000287055969238281">
      <failure message="not ok 3 - test_enum_to_i_class_border_1 died (Can't call method &quot;some_dog&quot; on an undefined value at compiled/perl/EnumToIClassBorder2.pm line 42.)" type="TAP::Parser::Result::Test"></failure>
    </testcase>
  </testsuite>
  <testsuite name="spec_perl_TestIndexSizes_t" errors="0" failures="0" skipped="0" tests="7" time="0.0560548305511475">
    <system-out>1..7
ok 1 - Equals
ok 2 - Equals
ok 3 - Equals
ok 4 - Equals
ok 5 - Equals
ok 6 - Equals
ok 7 - Equals
</system-out>
    <testcase name="Equals (95)" classname="spec_perl_TestIndexSizes_t" time="0.000323772430419922" />
    <testcase name="Equals (96)" classname="spec_perl_TestIndexSizes_t" time="9.20295715332031e-05" />
    <testcase name="Equals (97)" classname="spec_perl_TestIndexSizes_t" time="0.000195980072021484" />
    <testcase name="Equals (98)" classname="spec_perl_TestIndexSizes_t" time="0.000149011611938477" />
    <testcase name="Equals (99)" classname="spec_perl_TestIndexSizes_t" time="0.000179052352905273" />
    <testcase name="Equals (100)" classname="spec_perl_TestIndexSizes_t" time="0.000168085098266602" />
    <testcase name="Equals (101)" classname="spec_perl_TestIndexSizes_t" time="0.000174999237060547" />
  </testsuite>
  <testsuite name="spec_perl_TestOpaqueExternalType02Parent_t" errors="0" failures="0" skipped="0" tests="3" time="0.0551810264587402">
    <system-out>1..3
ok 1 - Equals
ok 2 - Equals
ok 3 - Equals
</system-out>
    <testcase name="Equals (102)" classname="spec_perl_TestOpaqueExternalType02Parent_t" time="0.000389814376831055" />
    <testcase name="Equals (103)" classname="spec_perl_TestOpaqueExternalType02Parent_t" time="9.20295715332031e-05" />
    <testcase name="Equals (104)" classname="spec_perl_TestOpaqueExternalType02Parent_t" time="0.000197172164916992" />
  </testsuite>
  <testsuite name="spec_perl_TestNestedTypes_t" errors="0" failures="0" skipped="0" tests="3" time="0.0522520542144775">
    <system-out>1..3
ok 1 - Equals
ok 2 - Equals
ok 3 - Equals
</system-out>
    <testcase name="Equals (105)" classname="spec_perl_TestNestedTypes_t" time="0.000297069549560547" />
    <testcase name="Equals (106)" classname="spec_perl_TestNestedTypes_t" time="0.000149965286254883" />
    <testcase name="Equals (107)" classname="spec_perl_TestNestedTypes_t" time="0.000185966491699219" />
  </testsuite>
  <testsuite name="spec_perl_TestSwitchIntegers2_t" errors="0" failures="0" skipped="0" tests="5" time="0.0523180961608887">
    <system-out>1..5
ok 1 - Equals
ok 2 - Equals
ok 3 - Equals
ok 4 - Equals
ok 5 - Equals
</system-out>
    <testcase name="Equals (108)" classname="spec_perl_TestSwitchIntegers2_t" time="0.000251054763793945" />
    <testcase name="Equals (109)" classname="spec_perl_TestSwitchIntegers2_t" time="0.00014495849609375" />
    <testcase name="Equals (110)" classname="spec_perl_TestSwitchIntegers2_t" time="0.000176906585693359" />
    <testcase name="Equals (111)" classname="spec_perl_TestSwitchIntegers2_t" time="0.000169992446899414" />
    <testcase name="Equals (112)" classname="spec_perl_TestSwitchIntegers2_t" time="0.000174045562744141" />
  </testsuite>
  <testsuite name="spec_perl_TestBitsSignedShiftB32Le_t" errors="0" failures="0" skipped="0" tests="2" time="0.0513429641723633">
    <system-out>1..2
ok 1 - Equals
ok 2 - Equals
</system-out>
    <testcase name="Equals (113)" classname="spec_perl_TestBitsSignedShiftB32Le_t" time="0.00026702880859375" />
    <testcase name="Equals (114)" classname="spec_perl_TestBitsSignedShiftB32Le_t" time="0.000137090682983398" />
  </testsuite>
  <testsuite name="spec_perl_TestDebugSwitchUser_t" errors="1" failures="0" skipped="0" tests="0" time="0.0545010566711426">
    <system-out></system-out>
    <testcase name="Test died too soon, even before plan. (114)" classname="spec_perl_TestDebugSwitchUser_t" time="0.0545010566711426">
      <failure message="The test suite died before a plan was produced. You need to have a plan." type="Plan">No plan</failure>
    </testcase>
  </testsuite>
  <testsuite name="spec_perl_TestYamlInts_t" errors="0" failures="0" skipped="0" tests="4" time="0.0525531768798828">
    <system-out>1..4
ok 1 - Equals
ok 2 - Equals
ok 3 - Equals
ok 4 - Equals
</system-out>
    <testcase name="Equals (115)" classname="spec_perl_TestYamlInts_t" time="0.000306129455566406" />
    <testcase name="Equals (116)" classname="spec_perl_TestYamlInts_t" time="0.000128030776977539" />
    <testcase name="Equals (117)" classname="spec_perl_TestYamlInts_t" time="0.000196933746337891" />
    <testcase name="Equals (118)" classname="spec_perl_TestYamlInts_t" time="0.000200986862182617" />
  </testsuite>
  <testsuite name="spec_perl_TestEnumToI_t" errors="0" failures="0" skipped="0" tests="7" time="0.0526409149169922">
    <system-out>1..7
ok 1 - Equals
ok 2 - Equals
ok 3 - Equals
ok 4 - Equals
ok 5 - Equals
ok 6 - Equals
ok 7 - Equals
</system-out>
    <testcase name="Equals (119)" classname="spec_perl_TestEnumToI_t" time="0.000262975692749023" />
    <testcase name="Equals (120)" classname="spec_perl_TestEnumToI_t" time="0.000111103057861328" />
    <testcase name="Equals (121)" classname="spec_perl_TestEnumToI_t" time="0.000196933746337891" />
    <testcase name="Equals (122)" classname="spec_perl_TestEnumToI_t" time="0.000159978866577148" />
    <testcase name="Equals (123)" classname="spec_perl_TestEnumToI_t" time="0.000177145004272461" />
    <testcase name="Equals (124)" classname="spec_perl_TestEnumToI_t" time="0.000139951705932617" />
    <testcase name="Equals (125)" classname="spec_perl_TestEnumToI_t" time="0.000164985656738281" />
  </testsuite>
  <testsuite name="spec_perl_TestExpr3_t" errors="0" failures="0" skipped="0" tests="12" time="0.0568780899047852">
    <system-out>1..12
ok 1 - Equals
ok 2 - Equals
ok 3 - Equals
ok 4 - Equals
ok 5 - Equals
ok 6 - Equals
ok 7 - Equals
ok 8 - Equals
ok 9 - Equals
ok 10 - Equals
ok 11 - Equals
ok 12 - Equals
</system-out>
    <testcase name="Equals (126)" classname="spec_perl_TestExpr3_t" time="0.000280857086181641" />
    <testcase name="Equals (127)" classname="spec_perl_TestExpr3_t" time="8.70227813720703e-05" />
    <testcase name="Equals (128)" classname="spec_perl_TestExpr3_t" time="0.000208139419555664" />
    <testcase name="Equals (129)" classname="spec_perl_TestExpr3_t" time="0.000144004821777344" />
    <testcase name="Equals (130)" classname="spec_perl_TestExpr3_t" time="0.000190019607543945" />
    <testcase name="Equals (131)" classname="spec_perl_TestExpr3_t" time="0.000122785568237305" />
    <testcase name="Equals (132)" classname="spec_perl_TestExpr3_t" time="0.000169038772583008" />
    <testcase name="Equals (133)" classname="spec_perl_TestExpr3_t" time="0.000135183334350586" />
    <testcase name="Equals (134)" classname="spec_perl_TestExpr3_t" time="0.000186920166015625" />
    <testcase name="Equals (135)" classname="spec_perl_TestExpr3_t" time="0.000127077102661133" />
    <testcase name="Equals (136)" classname="spec_perl_TestExpr3_t" time="0.000174999237060547" />
    <testcase name="Equals (137)" classname="spec_perl_TestExpr3_t" time="0.000161886215209961" />
  </testsuite>
  <testsuite name="spec_perl_TestExprSizeofType0_t" errors="0" failures="0" skipped="0" tests="1" time="0.0512030124664307">
    <system-out>1..1
ok 1 - Equals
</system-out>
    <testcase name="Equals (138)" classname="spec_perl_TestExprSizeofType0_t" time="0.000277996063232422" />
  </testsuite>
  <testsuite name="spec_perl_TestProcessRepeatBytes_t" errors="0" failures="0" skipped="0" tests="2" time="0.0606918334960938">
    <system-out>1..2
ok 1 - Equals
ok 2 - Equals
</system-out>
    <testcase name="Equals (139)" classname="spec_perl_TestProcessRepeatBytes_t" time="0.000275135040283203" />
    <testcase name="Equals (140)" classname="spec_perl_TestProcessRepeatBytes_t" time="0.000114917755126953" />
  </testsuite>
  <testsuite name="spec_perl_TestBytesPadTerm_t" errors="0" failures="0" skipped="0" tests="4" time="0.0617930889129639">
    <system-out>1..4
ok 1 - Equals
ok 2 - Equals
ok 3 - Equals
ok 4 - Equals
</system-out>
    <testcase name="Equals (141)" classname="spec_perl_TestBytesPadTerm_t" time="0.000319957733154297" />
    <testcase name="Equals (142)" classname="spec_perl_TestBytesPadTerm_t" time="9.70363616943359e-05" />
    <testcase name="Equals (143)" classname="spec_perl_TestBytesPadTerm_t" time="0.000185966491699219" />
    <testcase name="Equals (144)" classname="spec_perl_TestBytesPadTerm_t" time="0.000159978866577148" />
  </testsuite>
  <testsuite name="spec_perl_TestNestedTypeParam_t" errors="0" failures="2" skipped="0" tests="2" time="0.0612421035766602">
    <system-out>1..2
not ok 1 - Equals
not ok 2 - Equals
</system-out>
    <testcase name="Equals (145)" classname="spec_perl_TestNestedTypeParam_t" time="0.000205039978027344">
      <failure message="not ok 1 - Equals" type="TAP::Parser::Result::Test"></failure>
    </testcase>
    <testcase name="Equals (146)" classname="spec_perl_TestNestedTypeParam_t" time="0.00429606437683105">
      <failure message="not ok 2 - Equals" type="TAP::Parser::Result::Test"></failure>
    </testcase>
  </testsuite>
  <testsuite name="spec_perl_TestExprIntDiv_t" errors="0" failures="2" skipped="0" tests="6" time="0.0585670471191406">
    <system-out>1..6
ok 1 - Equals
ok 2 - Equals
ok 3 - Equals
not ok 4 - Equals
ok 5 - Equals
not ok 6 - Equals
</system-out>
    <testcase name="Equals (147)" classname="spec_perl_TestExprIntDiv_t" time="0.000297069549560547" />
    <testcase name="Equals (148)" classname="spec_perl_TestExprIntDiv_t" time="0.00010991096496582" />
    <testcase name="Equals (149)" classname="spec_perl_TestExprIntDiv_t" time="0.000202178955078125" />
    <testcase name="Equals (150)" classname="spec_perl_TestExprIntDiv_t" time="0.000237941741943359">
      <failure message="not ok 4 - Equals" type="TAP::Parser::Result::Test"></failure>
    </testcase>
    <testcase name="Equals (151)" classname="spec_perl_TestExprIntDiv_t" time="0.00275588035583496" />
    <testcase name="Equals (152)" classname="spec_perl_TestExprIntDiv_t" time="0.00038599967956543">
      <failure message="not ok 6 - Equals" type="TAP::Parser::Result::Test"></failure>
    </testcase>
  </testsuite>
  <testsuite name="spec_perl_TestSwitchManualEnum_t" errors="0" failures="0" skipped="0" tests="9" time="0.056394100189209">
    <system-out>1..9
ok 1 - Equals
ok 2 - Equals
ok 3 - Equals
ok 4 - Equals
ok 5 - Equals
ok 6 - Equals
ok 7 - Equals
ok 8 - Equals
ok 9 - Equals
</system-out>
    <testcase name="Equals (153)" classname="spec_perl_TestSwitchManualEnum_t" time="0.000360012054443359" />
    <testcase name="Equals (154)" classname="spec_perl_TestSwitchManualEnum_t" time="0.000128030776977539" />
    <testcase name="Equals (155)" classname="spec_perl_TestSwitchManualEnum_t" time="0.000201940536499023" />
    <testcase name="Equals (156)" classname="spec_perl_TestSwitchManualEnum_t" time="0.00018310546875" />
    <testcase name="Equals (157)" classname="spec_perl_TestSwitchManualEnum_t" time="0.00017094612121582" />
    <testcase name="Equals (158)" classname="spec_perl_TestSwitchManualEnum_t" time="0.000175952911376953" />
    <testcase name="Equals (159)" classname="spec_perl_TestSwitchManualEnum_t" time="0.000186920166015625" />
    <testcase name="Equals (160)" classname="spec_perl_TestSwitchManualEnum_t" time="0.000189065933227539" />
    <testcase name="Equals (161)" classname="spec_perl_TestSwitchManualEnum_t" time="0.000180959701538086" />
  </testsuite>
  <testsuite name="spec_perl_TestTermU1Val_t" errors="0" failures="0" skipped="0" tests="2" time="0.0563859939575195">
    <system-out>1..2
ok 1 - Equals
ok 2 - Equals
</system-out>
    <testcase name="Equals (162)" classname="spec_perl_TestTermU1Val_t" time="0.000352859497070312" />
    <testcase name="Equals (163)" classname="spec_perl_TestTermU1Val_t" time="0.000106096267700195" />
  </testsuite>
  <testsuite name="spec_perl_TestSwitchIntegers_t" errors="0" failures="0" skipped="0" tests="9" time="0.052901029586792">
    <system-out>1..9
ok 1 - Equals
ok 2 - Equals
ok 3 - Equals
ok 4 - Equals
ok 5 - Equals
ok 6 - Equals
ok 7 - Equals
ok 8 - Equals
ok 9 - Equals
</system-out>
    <testcase name="Equals (164)" classname="spec_perl_TestSwitchIntegers_t" time="0.000319004058837891" />
    <testcase name="Equals (165)" classname="spec_perl_TestSwitchIntegers_t" time="9.10758972167969e-05" />
    <testcase name="Equals (166)" classname="spec_perl_TestSwitchIntegers_t" time="0.000200986862182617" />
    <testcase name="Equals (167)" classname="spec_perl_TestSwitchIntegers_t" time="0.000169038772583008" />
    <testcase name="Equals (168)" classname="spec_perl_TestSwitchIntegers_t" time="0.000176906585693359" />
    <testcase name="Equals (169)" classname="spec_perl_TestSwitchIntegers_t" time="0.00017094612121582" />
    <testcase name="Equals (170)" classname="spec_perl_TestSwitchIntegers_t" time="0.000173091888427734" />
    <testcase name="Equals (171)" classname="spec_perl_TestSwitchIntegers_t" time="0.000176906585693359" />
    <testcase name="Equals (172)" classname="spec_perl_TestSwitchIntegers_t" time="0.000170230865478516" />
  </testsuite>
  <testsuite name="spec_perl_TestDefaultBigEndian_t" errors="0" failures="0" skipped="0" tests="1" time="0.0566620826721191">
    <system-out>1..1
ok 1 - Equals
</system-out>
    <testcase name="Equals (173)" classname="spec_perl_TestDefaultBigEndian_t" time="0.000271081924438477" />
  </testsuite>
  <testsuite name="spec_perl_TestImportsCircularA_t" errors="0" failures="0" skipped="0" tests="5" time="0.0524508953094482">
    <system-out>1..5
ok 1 - Equals
ok 2 - Equals
ok 3 - Equals
ok 4 - Equals
ok 5 - nil
</system-out>
    <testcase name="Equals (174)" classname="spec_perl_TestImportsCircularA_t" time="0.000283002853393555" />
    <testcase name="Equals (175)" classname="spec_perl_TestImportsCircularA_t" time="0.000123977661132812" />
    <testcase name="Equals (176)" classname="spec_perl_TestImportsCircularA_t" time="0.000197887420654297" />
    <testcase name="Equals (177)" classname="spec_perl_TestImportsCircularA_t" time="0.000168085098266602" />
    <testcase name="nil (177)" classname="spec_perl_TestImportsCircularA_t" time="6.79492950439453e-05" />
  </testsuite>
  <testsuite name="spec_perl_TestExprMod_t" errors="0" failures="0" skipped="0" tests="6" time="0.0531949996948242">
    <system-out>1..6
ok 1 - Equals
ok 2 - Equals
ok 3 - Equals
ok 4 - Equals
ok 5 - Equals
ok 6 - Equals
</system-out>
    <testcase name="Equals (178)" classname="spec_perl_TestExprMod_t" time="0.000266075134277344" />
    <testcase name="Equals (179)" classname="spec_perl_TestExprMod_t" time="0.000111103057861328" />
    <testcase name="Equals (180)" classname="spec_perl_TestExprMod_t" time="0.000209808349609375" />
    <testcase name="Equals (181)" classname="spec_perl_TestExprMod_t" time="0.000132083892822266" />
    <testcase name="Equals (182)" classname="spec_perl_TestExprMod_t" time="0.000205039978027344" />
    <testcase name="Equals (183)" classname="spec_perl_TestExprMod_t" time="0.000179052352905273" />
  </testsuite>
  <testsuite name="spec_perl_TestValidEqStrEncodings_t" errors="0" failures="0" skipped="1" tests="1" time="0.0617890357971191">
    <system-out>1..1
ok 1 # skip ValidEqStrEncodings=HASH(0x5594fd03add0)
</system-out>
    <testcase name="Unnamed test case 183" classname="spec_perl_TestValidEqStrEncodings_t" time="0.00438714027404785">
      <skipped message="ok 1 # skip ValidEqStrEncodings=HASH(0x5594fd03add0)" />
    </testcase>
  </testsuite>
  <testsuite name="spec_perl_TestEnumIntRangeU_t" errors="0" failures="0" skipped="0" tests="2" time="0.052199125289917">
    <system-out>1..2
ok 1 - Equals
ok 2 - Equals
</system-out>
    <testcase name="Equals (184)" classname="spec_perl_TestEnumIntRangeU_t" time="0.000284910202026367" />
    <testcase name="Equals (185)" classname="spec_perl_TestEnumIntRangeU_t" time="9.39369201660156e-05" />
  </testsuite>
  <testsuite name="spec_perl_TestNestedSameName_t" errors="0" failures="0" skipped="0" tests="2" time="0.0516860485076904">
    <system-out>1..2
ok 1 - Equals
ok 2 - Equals
</system-out>
    <testcase name="Equals (186)" classname="spec_perl_TestNestedSameName_t" time="0.000306129455566406" />
    <testcase name="Equals (187)" classname="spec_perl_TestNestedSameName_t" time="9.70363616943359e-05" />
  </testsuite>
  <testsuite name="spec_perl_TestExprIoPos_t" errors="0" failures="0" skipped="0" tests="6" time="0.0563321113586426">
    <system-out>1..6
ok 1 - Equals
ok 2 - Equals
ok 3 - Equals
ok 4 - Equals
ok 5 - Equals
ok 6 - Equals
</system-out>
    <testcase name="Equals (188)" classname="spec_perl_TestExprIoPos_t" time="0.000650167465209961" />
    <testcase name="Equals (189)" classname="spec_perl_TestExprIoPos_t" time="9.79900360107422e-05" />
    <testcase name="Equals (190)" classname="spec_perl_TestExprIoPos_t" time="0.000159978866577148" />
    <testcase name="Equals (191)" classname="spec_perl_TestExprIoPos_t" time="0.000169038772583008" />
    <testcase name="Equals (192)" classname="spec_perl_TestExprIoPos_t" time="0.000181913375854492" />
    <testcase name="Equals (193)" classname="spec_perl_TestExprIoPos_t" time="0.000165939331054688" />
  </testsuite>
  <testsuite name="spec_perl_TestExprBits_t" errors="0" failures="0" skipped="0" tests="10" time="0.0535619258880615">
    <system-out>1..10
ok 1 - Equals
ok 2 - Equals
ok 3 - Equals
ok 4 - Equals
ok 5 - Equals
ok 6 - Equals
ok 7 - Equals
ok 8 - Equals
ok 9 - Equals
ok 10 - Equals
</system-out>
    <testcase name="Equals (194)" classname="spec_perl_TestExprBits_t" time="0.000334978103637695" />
    <testcase name="Equals (195)" classname="spec_perl_TestExprBits_t" time="9.89437103271484e-05" />
    <testcase name="Equals (196)" classname="spec_perl_TestExprBits_t" time="0.000174045562744141" />
    <testcase name="Equals (197)" classname="spec_perl_TestExprBits_t" time="0.000156879425048828" />
    <testcase name="Equals (198)" classname="spec_perl_TestExprBits_t" time="0.000178098678588867" />
    <testcase name="Equals (199)" classname="spec_perl_TestExprBits_t" time="0.000184059143066406" />
    <testcase name="Equals (200)" classname="spec_perl_TestExprBits_t" time="0.000165939331054688" />
    <testcase name="Equals (201)" classname="spec_perl_TestExprBits_t" time="0.000174045562744141" />
    <testcase name="Equals (202)" classname="spec_perl_TestExprBits_t" time="0.000176906585693359" />
    <testcase name="Equals (203)" classname="spec_perl_TestExprBits_t" time="0.000203132629394531" />
  </testsuite>
  <testsuite name="spec_perl_TestSwitchBytearray_t" errors="0" failures="0" skipped="0" tests="9" time="0.0571410655975342">
    <system-out>1..9
ok 1 - Equals
ok 2 - Equals
ok 3 - Equals
ok 4 - Equals
ok 5 - Equals
ok 6 - Equals
ok 7 - Equals
ok 8 - Equals
ok 9 - Equals
</system-out>
    <testcase name="Equals (204)" classname="spec_perl_TestSwitchBytearray_t" time="0.000347137451171875" />
    <testcase name="Equals (205)" classname="spec_perl_TestSwitchBytearray_t" time="0.000103950500488281" />
    <testcase name="Equals (206)" classname="spec_perl_TestSwitchBytearray_t" time="0.000195980072021484" />
    <testcase name="Equals (207)" classname="spec_perl_TestSwitchBytearray_t" time="0.000159025192260742" />
    <testcase name="Equals (208)" classname="spec_perl_TestSwitchBytearray_t" time="0.000181913375854492" />
    <testcase name="Equals (209)" classname="spec_perl_TestSwitchBytearray_t" time="0.000175952911376953" />
    <testcase name="Equals (210)" classname="spec_perl_TestSwitchBytearray_t" time="0.000164985656738281" />
    <testcase name="Equals (211)" classname="spec_perl_TestSwitchBytearray_t" time="0.000173091888427734" />
    <testcase name="Equals (212)" classname="spec_perl_TestSwitchBytearray_t" time="0.000179052352905273" />
  </testsuite>
  <testsuite name="spec_perl_TestTypeTernary_t" errors="0" failures="0" skipped="0" tests="1" time="0.0546200275421143">
    <system-out>1..1
ok 1 - Equals
</system-out>
    <testcase name="Equals (213)" classname="spec_perl_TestTypeTernary_t" time="0.000615835189819336" />
  </testsuite>
  <testsuite name="spec_perl_TestZlibSurrounded_t" errors="0" failures="0" skipped="0" tests="1" time="0.0742180347442627">
    <system-out>1..1
ok 1 - Equals
</system-out>
    <testcase name="Equals (214)" classname="spec_perl_TestZlibSurrounded_t" time="0.000627994537353516" />
  </testsuite>
  <testsuite name="spec_perl_TestNavRoot_t" errors="0" failures="0" skipped="0" tests="5" time="0.0581469535827637">
    <system-out>1..5
ok 1 - Equals
ok 2 - Equals
ok 3 - Equals
ok 4 - Equals
ok 5 - Equals
</system-out>
    <testcase name="Equals (215)" classname="spec_perl_TestNavRoot_t" time="0.000422954559326172" />
    <testcase name="Equals (216)" classname="spec_perl_TestNavRoot_t" time="9.79900360107422e-05" />
    <testcase name="Equals (217)" classname="spec_perl_TestNavRoot_t" time="0.000154018402099609" />
    <testcase name="Equals (218)" classname="spec_perl_TestNavRoot_t" time="0.000183820724487305" />
    <testcase name="Equals (219)" classname="spec_perl_TestNavRoot_t" time="0.000181198120117188" />
  </testsuite>
  <testsuite name="spec_perl_TestEofExceptionBytes_t" errors="0" failures="0" skipped="0" tests="1" time="0.0523419380187988">
    <system-out>1..1
ok 1 - threw /^Requested \d+ bytes, but only \d+ bytes available/
</system-out>
    <testcase name="threw /^Requested \d+ bytes, but only \d+ bytes available/ (219)" classname="spec_perl_TestEofExceptionBytes_t" time="0.000184059143066406" />
  </testsuite>
  <testsuite name="spec_perl_TestDebugEnumName_t" errors="1" failures="0" skipped="0" tests="0" time="0.050555944442749">
    <system-out></system-out>
    <testcase name="Test died too soon, even before plan. (219)" classname="spec_perl_TestDebugEnumName_t" time="0.050555944442749">
      <failure message="The test suite died before a plan was produced. You need to have a plan." type="Plan">No plan</failure>
    </testcase>
  </testsuite>
  <testsuite name="spec_perl_TestParamsPassBool_t" errors="0" failures="1" skipped="13" tests="14" time="0.063370943069458">
    <system-out>1..14
not ok 1 - test_params_pass_bool died (Requested 2 bytes, but only 1 bytes available at ../runtime/perl/lib/IO/KaitaiStruct.pm line 338.)
ok 2 # skip test_params_pass_bool died
ok 3 # skip test_params_pass_bool died
ok 4 # skip test_params_pass_bool died
ok 5 # skip test_params_pass_bool died
ok 6 # skip test_params_pass_bool died
ok 7 # skip test_params_pass_bool died
ok 8 # skip test_params_pass_bool died
ok 9 # skip test_params_pass_bool died
ok 10 # skip test_params_pass_bool died
ok 11 # skip test_params_pass_bool died
ok 12 # skip test_params_pass_bool died
ok 13 # skip test_params_pass_bool died
ok 14 # skip test_params_pass_bool died
</system-out>
    <testcase name="test_params_pass_bool died (Requested 2 bytes, but only 1 bytes available at ../runtime/perl/lib/IO/KaitaiStruct.pm line 338.) (219)" classname="spec_perl_TestParamsPassBool_t" time="0.000333070755004883">
      <failure message="not ok 1 - test_params_pass_bool died (Requested 2 bytes, but only 1 bytes available at ../runtime/perl/lib/IO/KaitaiStruct.pm line 338.)" type="TAP::Parser::Result::Test"></failure>
    </testcase>
    <testcase name="Unnamed test case 219" classname="spec_perl_TestParamsPassBool_t" time="0.000518083572387695">
      <skipped message="ok 2 # skip test_params_pass_bool died" />
    </testcase>
    <testcase name="Unnamed test case 220" classname="spec_perl_TestParamsPassBool_t" time="0.000500917434692383">
      <skipped message="ok 3 # skip test_params_pass_bool died" />
    </testcase>
    <testcase name="Unnamed test case 221" classname="spec_perl_TestParamsPassBool_t" time="0.000441074371337891">
      <skipped message="ok 4 # skip test_params_pass_bool died" />
    </testcase>
    <testcase name="Unnamed test case 222" classname="spec_perl_TestParamsPassBool_t" time="0.000450849533081055">
      <skipped message="ok 5 # skip test_params_pass_bool died" />
    </testcase>
    <testcase name="Unnamed test case 223" classname="spec_perl_TestParamsPassBool_t" time="0.000416994094848633">
      <skipped message="ok 6 # skip test_params_pass_bool died" />
    </testcase>
    <testcase name="Unnamed test case 224" classname="spec_perl_TestParamsPassBool_t" time="0.000427961349487305">
      <skipped message="ok 7 # skip test_params_pass_bool died" />
    </testcase>
    <testcase name="Unnamed test case 225" classname="spec_perl_TestParamsPassBool_t" time="0.000416040420532227">
      <skipped message="ok 8 # skip test_params_pass_bool died" />
    </testcase>
    <testcase name="Unnamed test case 226" classname="spec_perl_TestParamsPassBool_t" time="0.000412940979003906">
      <skipped message="ok 9 # skip test_params_pass_bool died" />
    </testcase>
    <testcase name="Unnamed test case 227" classname="spec_perl_TestParamsPassBool_t" time="0.000418186187744141">
      <skipped message="ok 10 # skip test_params_pass_bool died" />
    </testcase>
    <testcase name="Unnamed test case 228" classname="spec_perl_TestParamsPassBool_t" time="0.000411033630371094">
      <skipped message="ok 11 # skip test_params_pass_bool died" />
    </testcase>
    <testcase name="Unnamed test case 229" classname="spec_perl_TestParamsPassBool_t" time="0.000427007675170898">
      <skipped message="ok 12 # skip test_params_pass_bool died" />
    </testcase>
    <testcase name="Unnamed test case 230" classname="spec_perl_TestParamsPassBool_t" time="0.000407934188842773">
      <skipped message="ok 13 # skip test_params_pass_bool died" />
    </testcase>
    <testcase name="Unnamed test case 231" classname="spec_perl_TestParamsPassBool_t" time="0.000463962554931641">
      <skipped message="ok 14 # skip test_params_pass_bool died" />
    </testcase>
  </testsuite>
  <testsuite name="spec_perl_TestSwitchMultiBoolOps_t" errors="0" failures="0" skipped="0" tests="9" time="0.0536081790924072">
    <system-out>1..9
ok 1 - Equals
ok 2 - Equals
ok 3 - Equals
ok 4 - Equals
ok 5 - Equals
ok 6 - Equals
ok 7 - Equals
ok 8 - Equals
ok 9 - Equals
</system-out>
    <testcase name="Equals (231)" classname="spec_perl_TestSwitchMultiBoolOps_t" time="0.000436067581176758" />
    <testcase name="Equals (232)" classname="spec_perl_TestSwitchMultiBoolOps_t" time="0.000102043151855469" />
    <testcase name="Equals (233)" classname="spec_perl_TestSwitchMultiBoolOps_t" time="6.00814819335938e-05" />
    <testcase name="Equals (234)" classname="spec_perl_TestSwitchMultiBoolOps_t" time="0.000233888626098633" />
    <testcase name="Equals (235)" classname="spec_perl_TestSwitchMultiBoolOps_t" time="0.0001220703125" />
    <testcase name="Equals (236)" classname="spec_perl_TestSwitchMultiBoolOps_t" time="0.00019383430480957" />
    <testcase name="Equals (237)" classname="spec_perl_TestSwitchMultiBoolOps_t" time="0.000163078308105469" />
    <testcase name="Equals (238)" classname="spec_perl_TestSwitchMultiBoolOps_t" time="0.00018310546875" />
    <testcase name="Equals (239)" classname="spec_perl_TestSwitchMultiBoolOps_t" time="0.000178813934326172" />
  </testsuite>
  <testsuite name="spec_perl_TestEnumNegative_t" errors="0" failures="0" skipped="0" tests="2" time="0.0514330863952637">
    <system-out>1..2
ok 1 - Equals
ok 2 - Equals
</system-out>
    <testcase name="Equals (240)" classname="spec_perl_TestEnumNegative_t" time="0.000282049179077148" />
    <testcase name="Equals (241)" classname="spec_perl_TestEnumNegative_t" time="8.70227813720703e-05" />
  </testsuite>
  <testsuite name="spec_perl_TestTypeIntUnaryOp_t" errors="0" failures="0" skipped="0" tests="4" time="0.0521450042724609">
    <system-out>1..4
ok 1 - Equals
ok 2 - Equals
ok 3 - Equals
ok 4 - Equals
</system-out>
    <testcase name="Equals (242)" classname="spec_perl_TestTypeIntUnaryOp_t" time="0.000311851501464844" />
    <testcase name="Equals (243)" classname="spec_perl_TestTypeIntUnaryOp_t" time="9.20295715332031e-05" />
    <testcase name="Equals (244)" classname="spec_perl_TestTypeIntUnaryOp_t" time="0.000210046768188477" />
    <testcase name="Equals (245)" classname="spec_perl_TestTypeIntUnaryOp_t" time="0.000173091888427734" />
  </testsuite>
  <testsuite name="spec_perl_TestEnumInvalid_t" errors="0" failures="0" skipped="0" tests="2" time="0.051292896270752">
    <system-out>1..2
ok 1 - Equals
ok 2 - Equals
</system-out>
    <testcase name="Equals (246)" classname="spec_perl_TestEnumInvalid_t" time="0.000284910202026367" />
    <testcase name="Equals (247)" classname="spec_perl_TestEnumInvalid_t" time="9.60826873779297e-05" />
  </testsuite>
  <testsuite name="spec_perl_TestParamsPassStruct_t" errors="0" failures="1" skipped="1" tests="4" time="0.055171012878418">
    <system-out>1..4
ok 1 - Equals
ok 2 - Equals
not ok 3 - test_params_pass_struct died (Can't call method &quot;foo&quot; on an undefined value at spec/perl/TestParamsPassStruct.t line 16.)
ok 4 # skip test_params_pass_struct died
</system-out>
    <testcase name="Equals (248)" classname="spec_perl_TestParamsPassStruct_t" time="0.000301837921142578" />
    <testcase name="Equals (249)" classname="spec_perl_TestParamsPassStruct_t" time="9.10758972167969e-05" />
    <testcase name="test_params_pass_struct died (Can't call method &quot;foo&quot; on an undefined value at spec/perl/TestParamsPassStruct.t line 16.) (249)" classname="spec_perl_TestParamsPassStruct_t" time="0.000284910202026367">
      <failure message="not ok 3 - test_params_pass_struct died (Can't call method &quot;foo&quot; on an undefined value at spec/perl/TestParamsPassStruct.t line 16.)" type="TAP::Parser::Result::Test"></failure>
    </testcase>
    <testcase name="Unnamed test case 249" classname="spec_perl_TestParamsPassStruct_t" time="0.000568151473999023">
      <skipped message="ok 4 # skip test_params_pass_struct died" />
    </testcase>
  </testsuite>
  <testsuite name="spec_perl_TestParamsPassArrayUsertype_t" errors="0" failures="1" skipped="4" tests="5" time="0.0603301525115967">
    <system-out>1..5
not ok 1 - test_params_pass_array_usertype died (Can't use an undefined value as an ARRAY reference at compiled/perl/ParamsPassArrayUsertype.pm line 123.)
ok 2 # skip test_params_pass_array_usertype died
ok 3 # skip test_params_pass_array_usertype died
ok 4 # skip test_params_pass_array_usertype died
ok 5 # skip test_params_pass_array_usertype died
</system-out>
    <testcase name="test_params_pass_array_usertype died (Can't use an undefined value as an ARRAY reference at compiled/perl/ParamsPassArrayUsertype.pm line 123.) (249)" classname="spec_perl_TestParamsPassArrayUsertype_t" time="0.000339984893798828">
      <failure message="not ok 1 - test_params_pass_array_usertype died (Can't use an undefined value as an ARRAY reference at compiled/perl/ParamsPassArrayUsertype.pm line 123.)" type="TAP::Parser::Result::Test"></failure>
    </testcase>
    <testcase name="Unnamed test case 250" classname="spec_perl_TestParamsPassArrayUsertype_t" time="0.000490188598632812">
      <skipped message="ok 2 # skip test_params_pass_array_usertype died" />
    </testcase>
    <testcase name="Unnamed test case 251" classname="spec_perl_TestParamsPassArrayUsertype_t" time="0.000450849533081055">
      <skipped message="ok 3 # skip test_params_pass_array_usertype died" />
    </testcase>
    <testcase name="Unnamed test case 252" classname="spec_perl_TestParamsPassArrayUsertype_t" time="0.000455141067504883">
      <skipped message="ok 4 # skip test_params_pass_array_usertype died" />
    </testcase>
    <testcase name="Unnamed test case 253" classname="spec_perl_TestParamsPassArrayUsertype_t" time="0.000400781631469727">
      <skipped message="ok 5 # skip test_params_pass_array_usertype died" />
    </testcase>
  </testsuite>
  <testsuite name="spec_perl_TestIndexToParamUntil_t" errors="0" failures="2" skipped="0" tests="7" time="0.065255880355835">
    <system-out>1..7
ok 1 - Equals
ok 2 - Equals
ok 3 - Equals
ok 4 - Equals
ok 5 - Equals
not ok 6 - Equals
not ok 7 - Equals
</system-out>
    <testcase name="Equals (253)" classname="spec_perl_TestIndexToParamUntil_t" time="0.000466823577880859" />
    <testcase name="Equals (254)" classname="spec_perl_TestIndexToParamUntil_t" time="0.000452041625976562" />
    <testcase name="Equals (255)" classname="spec_perl_TestIndexToParamUntil_t" time="0.000522136688232422" />
    <testcase name="Equals (256)" classname="spec_perl_TestIndexToParamUntil_t" time="0.000490903854370117" />
    <testcase name="Equals (257)" classname="spec_perl_TestIndexToParamUntil_t" time="0.000529050827026367" />
    <testcase name="Equals (258)" classname="spec_perl_TestIndexToParamUntil_t" time="0.000606060028076172">
      <failure message="not ok 6 - Equals" type="TAP::Parser::Result::Test"></failure>
    </testcase>
    <testcase name="Equals (259)" classname="spec_perl_TestIndexToParamUntil_t" time="0.0015709400177002">
      <failure message="not ok 7 - Equals" type="TAP::Parser::Result::Test"></failure>
    </testcase>
  </testsuite>
  <testsuite name="spec_perl_TestIndexToParamEos_t" errors="0" failures="2" skipped="0" tests="7" time="0.0626890659332275">
    <system-out>1..7
ok 1 - Equals
ok 2 - Equals
ok 3 - Equals
ok 4 - Equals
ok 5 - Equals
not ok 6 - Equals
not ok 7 - Equals
</system-out>
    <testcase name="Equals (260)" classname="spec_perl_TestIndexToParamEos_t" time="0.00835609436035156" />
    <testcase name="Equals (261)" classname="spec_perl_TestIndexToParamEos_t" time="0.000221014022827148" />
    <testcase name="Equals (262)" classname="spec_perl_TestIndexToParamEos_t" time="7.29560852050781e-05" />
    <testcase name="Equals (263)" classname="spec_perl_TestIndexToParamEos_t" time="0.00011897087097168" />
    <testcase name="Equals (264)" classname="spec_perl_TestIndexToParamEos_t" time="5.69820404052734e-05" />
    <testcase name="Equals (265)" classname="spec_perl_TestIndexToParamEos_t" time="8.41617584228516e-05">
      <failure message="not ok 6 - Equals" type="TAP::Parser::Result::Test"></failure>
    </testcase>
    <testcase name="Equals (266)" classname="spec_perl_TestIndexToParamEos_t" time="6.29425048828125e-05">
      <failure message="not ok 7 - Equals" type="TAP::Parser::Result::Test"></failure>
    </testcase>
  </testsuite>
  <testsuite name="spec_perl_TestBitsUnalignedB32Be_t" errors="0" failures="0" skipped="0" tests="3" time="0.0571470260620117">
    <system-out>1..3
ok 1 - Equals
ok 2 - Equals
ok 3 - Equals
</system-out>
    <testcase name="Equals (267)" classname="spec_perl_TestBitsUnalignedB32Be_t" time="0.000288009643554688" />
    <testcase name="Equals (268)" classname="spec_perl_TestBitsUnalignedB32Be_t" time="0.000118017196655273" />
    <testcase name="Equals (269)" classname="spec_perl_TestBitsUnalignedB32Be_t" time="0.000190019607543945" />
  </testsuite>
  <testsuite name="spec_perl_TestValidShort_t" errors="0" failures="0" skipped="1" tests="1" time="0.0549829006195068">
    <system-out>1..1
ok 1 # skip ValidShort=HASH(0x560891385388)
</system-out>
    <testcase name="Unnamed test case 269" classname="spec_perl_TestValidShort_t" time="0.00114297866821289">
      <skipped message="ok 1 # skip ValidShort=HASH(0x560891385388)" />
    </testcase>
  </testsuite>
  <testsuite name="spec_perl_TestNavParentVsValueInst_t" errors="0" failures="0" skipped="0" tests="1" time="0.0554990768432617">
    <system-out>1..1
ok 1 - Equals
</system-out>
    <testcase name="Equals (270)" classname="spec_perl_TestNavParentVsValueInst_t" time="0.0003509521484375" />
  </testsuite>
  <testsuite name="spec_perl_TestSwitchManualStrElse_t" errors="0" failures="0" skipped="0" tests="9" time="0.0572490692138672">
    <system-out>1..9
ok 1 - Equals
ok 2 - Equals
ok 3 - Equals
ok 4 - Equals
ok 5 - Equals
ok 6 - Equals
ok 7 - Equals
ok 8 - Equals
ok 9 - Equals
</system-out>
    <testcase name="Equals (271)" classname="spec_perl_TestSwitchManualStrElse_t" time="0.000405073165893555" />
    <testcase name="Equals (272)" classname="spec_perl_TestSwitchManualStrElse_t" time="0.000108003616333008" />
    <testcase name="Equals (273)" classname="spec_perl_TestSwitchManualStrElse_t" time="0.000145912170410156" />
    <testcase name="Equals (274)" classname="spec_perl_TestSwitchManualStrElse_t" time="0.000195026397705078" />
    <testcase name="Equals (275)" classname="spec_perl_TestSwitchManualStrElse_t" time="0.000142097473144531" />
    <testcase name="Equals (276)" classname="spec_perl_TestSwitchManualStrElse_t" time="0.000201940536499023" />
    <testcase name="Equals (277)" classname="spec_perl_TestSwitchManualStrElse_t" time="0.000184059143066406" />
    <testcase name="Equals (278)" classname="spec_perl_TestSwitchManualStrElse_t" time="0.000181913375854492" />
    <testcase name="Equals (279)" classname="spec_perl_TestSwitchManualStrElse_t" time="0.000173091888427734" />
  </testsuite>
  <testsuite name="spec_perl_TestFloatingPoints_t" errors="0" failures="0" skipped="0" tests="8" time="0.0514881610870361">
    <system-out>1..8
ok 1 - Approx equals
ok 2 - Approx equals
ok 3 - Approx equals
ok 4 - Approx equals
ok 5 - Approx equals
ok 6 - Approx equals
ok 7 - Approx equals
ok 8 - Approx equals
</system-out>
    <testcase name="Approx equals (279)" classname="spec_perl_TestFloatingPoints_t" time="0.000174045562744141" />
    <testcase name="Approx equals (280)" classname="spec_perl_TestFloatingPoints_t" time="8.79764556884766e-05" />
    <testcase name="Approx equals (281)" classname="spec_perl_TestFloatingPoints_t" time="4.69684600830078e-05" />
    <testcase name="Approx equals (282)" classname="spec_perl_TestFloatingPoints_t" time="5.69820404052734e-05" />
    <testcase name="Approx equals (283)" classname="spec_perl_TestFloatingPoints_t" time="4.31537628173828e-05" />
    <testcase name="Approx equals (284)" classname="spec_perl_TestFloatingPoints_t" time="5.29289245605469e-05" />
    <testcase name="Approx equals (285)" classname="spec_perl_TestFloatingPoints_t" time="4.00543212890625e-05" />
    <testcase name="Approx equals (286)" classname="spec_perl_TestFloatingPoints_t" time="4.88758087158203e-05" />
  </testsuite>
  <testsuite name="spec_perl_TestNonStandard_t" errors="0" failures="0" skipped="0" tests="1" time="0.0509860515594482">
    <system-out>1..1
ok 1 - Equals
</system-out>
    <testcase name="Equals (286)" classname="spec_perl_TestNonStandard_t" time="0.000285148620605469" />
  </testsuite>
  <testsuite name="spec_perl_TestFloatToI_t" errors="0" failures="0" skipped="0" tests="8" time="0.0523700714111328">
    <system-out>1..8
ok 1 - Approx equals
ok 2 - Approx equals
ok 3 - Equals
ok 4 - Equals
ok 5 - Equals
ok 6 - Equals
ok 7 - Equals
ok 8 - Equals
</system-out>
    <testcase name="Approx equals (287)" classname="spec_perl_TestFloatToI_t" time="0.000175952911376953" />
    <testcase name="Approx equals (288)" classname="spec_perl_TestFloatToI_t" time="0.000118017196655273" />
    <testcase name="Equals (288)" classname="spec_perl_TestFloatToI_t" time="9.58442687988281e-05" />
    <testcase name="Equals (289)" classname="spec_perl_TestFloatToI_t" time="0.000265121459960938" />
    <testcase name="Equals (290)" classname="spec_perl_TestFloatToI_t" time="0.000123977661132812" />
    <testcase name="Equals (291)" classname="spec_perl_TestFloatToI_t" time="0.00020289421081543" />
    <testcase name="Equals (292)" classname="spec_perl_TestFloatToI_t" time="0.000144004821777344" />
    <testcase name="Equals (293)" classname="spec_perl_TestFloatToI_t" time="0.000191211700439453" />
  </testsuite>
  <testsuite name="spec_perl_TestValidLong_t" errors="0" failures="0" skipped="1" tests="1" time="0.0554759502410889">
    <system-out>1..1
ok 1 # skip ValidLong=HASH(0x560a23c4de50)
</system-out>
    <testcase name="Unnamed test case 293" classname="spec_perl_TestValidLong_t" time="0.00116586685180664">
      <skipped message="ok 1 # skip ValidLong=HASH(0x560a23c4de50)" />
    </testcase>
  </testsuite>
  <testsuite name="spec_perl_TestSwitchManualIntSize_t" errors="0" failures="0" skipped="0" tests="10" time="0.0576488971710205">
    <system-out>1..10
ok 1 - Equals
ok 2 - Equals
ok 3 - Equals
ok 4 - Equals
ok 5 - Equals
ok 6 - Equals
ok 7 - Equals
ok 8 - Equals
ok 9 - Equals
ok 10 - Equals
</system-out>
    <testcase name="Equals (294)" classname="spec_perl_TestSwitchManualIntSize_t" time="0.000715970993041992" />
    <testcase name="Equals (295)" classname="spec_perl_TestSwitchManualIntSize_t" time="0.000107049942016602" />
    <testcase name="Equals (296)" classname="spec_perl_TestSwitchManualIntSize_t" time="0.000151872634887695" />
    <testcase name="Equals (297)" classname="spec_perl_TestSwitchManualIntSize_t" time="0.000185012817382812" />
    <testcase name="Equals (298)" classname="spec_perl_TestSwitchManualIntSize_t" time="0.000171184539794922" />
    <testcase name="Equals (299)" classname="spec_perl_TestSwitchManualIntSize_t" time="0.000191926956176758" />
    <testcase name="Equals (300)" classname="spec_perl_TestSwitchManualIntSize_t" time="0.000169038772583008" />
    <testcase name="Equals (301)" classname="spec_perl_TestSwitchManualIntSize_t" time="0.000190019607543945" />
    <testcase name="Equals (302)" classname="spec_perl_TestSwitchManualIntSize_t" time="0.0001678466796875" />
    <testcase name="Equals (303)" classname="spec_perl_TestSwitchManualIntSize_t" time="0.000185966491699219" />
  </testsuite>
  <testsuite name="spec_perl_TestProcessRotate_t" errors="0" failures="0" skipped="0" tests="3" time="0.0518131256103516">
    <system-out>1..3
ok 1 - Equals
ok 2 - Equals
ok 3 - Equals
</system-out>
    <testcase name="Equals (304)" classname="spec_perl_TestProcessRotate_t" time="0.000329017639160156" />
    <testcase name="Equals (305)" classname="spec_perl_TestProcessRotate_t" time="0.000123977661132812" />
    <testcase name="Equals (306)" classname="spec_perl_TestProcessRotate_t" time="0.000190019607543945" />
  </testsuite>
  <testsuite name="spec_perl_TestProcessCoerceSwitch_t" errors="0" failures="0" skipped="0" tests="3" time="0.0515329837799072">
    <system-out>1..3
ok 1 - Equals
ok 2 - Equals
ok 3 - Equals
</system-out>
    <testcase name="Equals (307)" classname="spec_perl_TestProcessCoerceSwitch_t" time="0.000536918640136719" />
    <testcase name="Equals (308)" classname="spec_perl_TestProcessCoerceSwitch_t" time="0.000110149383544922" />
    <testcase name="Equals (309)" classname="spec_perl_TestProcessCoerceSwitch_t" time="0.000131845474243164" />
  </testsuite>
  <testsuite name="spec_perl_TestCombineStr_t" errors="0" failures="0" skipped="0" tests="15" time="0.0573580265045166">
    <system-out>1..15
ok 1 - Equals
ok 2 - Equals
ok 3 - Equals
ok 4 - Equals
ok 5 - Equals
ok 6 - Equals
ok 7 - Equals
ok 8 - Equals
ok 9 - Equals
ok 10 - Equals
ok 11 - Equals
ok 12 - Equals
ok 13 - Equals
ok 14 - Equals
ok 15 - Equals
</system-out>
    <testcase name="Equals (310)" classname="spec_perl_TestCombineStr_t" time="0.00032806396484375" />
    <testcase name="Equals (311)" classname="spec_perl_TestCombineStr_t" time="0.00010991096496582" />
    <testcase name="Equals (312)" classname="spec_perl_TestCombineStr_t" time="0.000174999237060547" />
    <testcase name="Equals (313)" classname="spec_perl_TestCombineStr_t" time="0.000164031982421875" />
    <testcase name="Equals (314)" classname="spec_perl_TestCombineStr_t" time="0.000185012817382812" />
    <testcase name="Equals (315)" classname="spec_perl_TestCombineStr_t" time="0.000195980072021484" />
    <testcase name="Equals (316)" classname="spec_perl_TestCombineStr_t" time="0.000168085098266602" />
    <testcase name="Equals (317)" classname="spec_perl_TestCombineStr_t" time="0.00018000602722168" />
    <testcase name="Equals (318)" classname="spec_perl_TestCombineStr_t" time="0.000191926956176758" />
    <testcase name="Equals (319)" classname="spec_perl_TestCombineStr_t" time="0.000169038772583008" />
    <testcase name="Equals (320)" classname="spec_perl_TestCombineStr_t" time="0.000188827514648438" />
    <testcase name="Equals (321)" classname="spec_perl_TestCombineStr_t" time="0.000174045562744141" />
    <testcase name="Equals (322)" classname="spec_perl_TestCombineStr_t" time="0.000175952911376953" />
    <testcase name="Equals (323)" classname="spec_perl_TestCombineStr_t" time="0.000181198120117188" />
    <testcase name="Equals (324)" classname="spec_perl_TestCombineStr_t" time="0.000180959701538086" />
  </testsuite>
  <testsuite name="spec_perl_TestIndexToParamExpr_t" errors="0" failures="2" skipped="0" tests="7" time="0.0781431198120117">
    <system-out>1..7
ok 1 - Equals
ok 2 - Equals
ok 3 - Equals
ok 4 - Equals
ok 5 - Equals
not ok 6 - Equals
not ok 7 - Equals
</system-out>
    <testcase name="Equals (325)" classname="spec_perl_TestIndexToParamExpr_t" time="0.000319004058837891" />
    <testcase name="Equals (326)" classname="spec_perl_TestIndexToParamExpr_t" time="0.000390052795410156" />
    <testcase name="Equals (327)" classname="spec_perl_TestIndexToParamExpr_t" time="0.000566005706787109" />
    <testcase name="Equals (328)" classname="spec_perl_TestIndexToParamExpr_t" time="0.000477075576782227" />
    <testcase name="Equals (329)" classname="spec_perl_TestIndexToParamExpr_t" time="0.000490903854370117" />
    <testcase name="Equals (330)" classname="spec_perl_TestIndexToParamExpr_t" time="0.00062108039855957">
      <failure message="not ok 6 - Equals" type="TAP::Parser::Result::Test"></failure>
    </testcase>
    <testcase name="Equals (331)" classname="spec_perl_TestIndexToParamExpr_t" time="0.00153183937072754">
      <failure message="not ok 7 - Equals" type="TAP::Parser::Result::Test"></failure>
    </testcase>
  </testsuite>
  <testsuite name="spec_perl_TestExprSizeofValueSized_t" errors="0" failures="0" skipped="0" tests="5" time="0.0532259941101074">
    <system-out>1..5
ok 1 - Equals
ok 2 - Equals
ok 3 - Equals
ok 4 - Equals
ok 5 - Equals
</system-out>
    <testcase name="Equals (332)" classname="spec_perl_TestExprSizeofValueSized_t" time="0.000552177429199219" />
    <testcase name="Equals (333)" classname="spec_perl_TestExprSizeofValueSized_t" time="0.000107049942016602" />
    <testcase name="Equals (334)" classname="spec_perl_TestExprSizeofValueSized_t" time="0.000126838684082031" />
    <testcase name="Equals (335)" classname="spec_perl_TestExprSizeofValueSized_t" time="0.000175952911376953" />
    <testcase name="Equals (336)" classname="spec_perl_TestExprSizeofValueSized_t" time="0.000173091888427734" />
  </testsuite>
  <testsuite name="spec_perl_TestNavParent2_t" errors="0" failures="0" skipped="0" tests="10" time="0.056969165802002">
    <system-out>1..10
ok 1 - Equals
ok 2 - Equals
ok 3 - Equals
ok 4 - Equals
ok 5 - Equals
ok 6 - Equals
ok 7 - Equals
ok 8 - Equals
ok 9 - Equals
ok 10 - Equals
</system-out>
    <testcase name="Equals (337)" classname="spec_perl_TestNavParent2_t" time="0.000340938568115234" />
    <testcase name="Equals (338)" classname="spec_perl_TestNavParent2_t" time="0.000101089477539062" />
    <testcase name="Equals (339)" classname="spec_perl_TestNavParent2_t" time="0.000234842300415039" />
    <testcase name="Equals (340)" classname="spec_perl_TestNavParent2_t" time="0.00012516975402832" />
    <testcase name="Equals (341)" classname="spec_perl_TestNavParent2_t" time="0.000197887420654297" />
    <testcase name="Equals (342)" classname="spec_perl_TestNavParent2_t" time="0.000222921371459961" />
    <testcase name="Equals (343)" classname="spec_perl_TestNavParent2_t" time="0.000177145004272461" />
    <testcase name="Equals (344)" classname="spec_perl_TestNavParent2_t" time="0.000181913375854492" />
    <testcase name="Equals (345)" classname="spec_perl_TestNavParent2_t" time="0.000180959701538086" />
    <testcase name="Equals (346)" classname="spec_perl_TestNavParent2_t" time="0.000210046768188477" />
  </testsuite>
  <testsuite name="spec_perl_TestRepeatNStrzDouble_t" errors="0" failures="0" skipped="0" tests="3" time="0.0553600788116455">
    <system-out>1..3
ok 1 - Equals
ok 2 - Equals
ok 3 - Equals
</system-out>
    <testcase name="Equals (347)" classname="spec_perl_TestRepeatNStrzDouble_t" time="0.000367879867553711" />
    <testcase name="Equals (348)" classname="spec_perl_TestRepeatNStrzDouble_t" time="9.29832458496094e-05" />
    <testcase name="Equals (349)" classname="spec_perl_TestRepeatNStrzDouble_t" time="5.91278076171875e-05" />
  </testsuite>
  <testsuite name="spec_perl_TestExprStrEncodings_t" errors="0" failures="0" skipped="0" tests="7" time="0.0597259998321533">
    <system-out>1..7
ok 1 - Equals
ok 2 - Equals
ok 3 - Equals
ok 4 - Equals
ok 5 - Equals
ok 6 - Equals
ok 7 - Equals
</system-out>
    <testcase name="Equals (350)" classname="spec_perl_TestExprStrEncodings_t" time="0.00361394882202148" />
    <testcase name="Equals (351)" classname="spec_perl_TestExprStrEncodings_t" time="0.000138044357299805" />
    <testcase name="Equals (352)" classname="spec_perl_TestExprStrEncodings_t" time="6.50882720947266e-05" />
    <testcase name="Equals (353)" classname="spec_perl_TestExprStrEncodings_t" time="0.00019383430480957" />
    <testcase name="Equals (354)" classname="spec_perl_TestExprStrEncodings_t" time="0.00015711784362793" />
    <testcase name="Equals (355)" classname="spec_perl_TestExprStrEncodings_t" time="0.000179052352905273" />
    <testcase name="Equals (356)" classname="spec_perl_TestExprStrEncodings_t" time="0.000185966491699219" />
  </testsuite>
  <testsuite name="spec_perl_TestSwitchManualIntElse_t" errors="0" failures="0" skipped="0" tests="9" time="0.0571701526641846">
    <system-out>1..9
ok 1 - Equals
ok 2 - Equals
ok 3 - Equals
ok 4 - Equals
ok 5 - Equals
ok 6 - Equals
ok 7 - Equals
ok 8 - Equals
ok 9 - Equals
</system-out>
    <testcase name="Equals (357)" classname="spec_perl_TestSwitchManualIntElse_t" time="0.000430107116699219" />
    <testcase name="Equals (358)" classname="spec_perl_TestSwitchManualIntElse_t" time="9.70363616943359e-05" />
    <testcase name="Equals (359)" classname="spec_perl_TestSwitchManualIntElse_t" time="0.00018000602722168" />
    <testcase name="Equals (360)" classname="spec_perl_TestSwitchManualIntElse_t" time="0.000162839889526367" />
    <testcase name="Equals (361)" classname="spec_perl_TestSwitchManualIntElse_t" time="0.000184059143066406" />
    <testcase name="Equals (362)" classname="spec_perl_TestSwitchManualIntElse_t" time="0.00017094612121582" />
    <testcase name="Equals (363)" classname="spec_perl_TestSwitchManualIntElse_t" time="0.000184059143066406" />
    <testcase name="Equals (364)" classname="spec_perl_TestSwitchManualIntElse_t" time="0.000181913375854492" />
    <testcase name="Equals (365)" classname="spec_perl_TestSwitchManualIntElse_t" time="0.000169038772583008" />
  </testsuite>
  <testsuite name="spec_perl_TestSwitchCast_t" errors="0" failures="0" skipped="0" tests="2" time="0.0552520751953125">
    <system-out>1..2
ok 1 - Equals
ok 2 - Equals
</system-out>
    <testcase name="Equals (366)" classname="spec_perl_TestSwitchCast_t" time="0.000392913818359375" />
    <testcase name="Equals (367)" classname="spec_perl_TestSwitchCast_t" time="0.000102996826171875" />
  </testsuite>
  <testsuite name="spec_perl_TestProcessToUser_t" errors="0" failures="0" skipped="0" tests="1" time="0.0554089546203613">
    <system-out>1..1
ok 1 - Equals
</system-out>
    <testcase name="Equals (368)" classname="spec_perl_TestProcessToUser_t" time="0.000570058822631836" />
  </testsuite>
  <testsuite name="spec_perl_TestBcdUserTypeLe_t" errors="0" failures="0" skipped="0" tests="6" time="0.0544989109039307">
    <system-out>1..6
ok 1 - Equals
ok 2 - Equals
ok 3 - Equals
ok 4 - Equals
ok 5 - Equals
ok 6 - Equals
</system-out>
    <testcase name="Equals (369)" classname="spec_perl_TestBcdUserTypeLe_t" time="0.000609159469604492" />
    <testcase name="Equals (370)" classname="spec_perl_TestBcdUserTypeLe_t" time="0.000100851058959961" />
    <testcase name="Equals (371)" classname="spec_perl_TestBcdUserTypeLe_t" time="0.000198125839233398" />
    <testcase name="Equals (372)" classname="spec_perl_TestBcdUserTypeLe_t" time="0.000174999237060547" />
    <testcase name="Equals (373)" classname="spec_perl_TestBcdUserTypeLe_t" time="0.000186920166015625" />
    <testcase name="Equals (374)" classname="spec_perl_TestBcdUserTypeLe_t" time="0.000204086303710938" />
  </testsuite>
  <testsuite name="spec_perl_TestSwitchManualIntSizeElse_t" errors="0" failures="0" skipped="0" tests="10" time="0.0572061538696289">
    <system-out>1..10
ok 1 - Equals
ok 2 - Equals
ok 3 - Equals
ok 4 - Equals
ok 5 - Equals
ok 6 - Equals
ok 7 - Equals
ok 8 - Equals
ok 9 - Equals
ok 10 - Equals
</system-out>
    <testcase name="Equals (375)" classname="spec_perl_TestSwitchManualIntSizeElse_t" time="0.000705957412719727" />
    <testcase name="Equals (376)" classname="spec_perl_TestSwitchManualIntSizeElse_t" time="0.000103950500488281" />
    <testcase name="Equals (377)" classname="spec_perl_TestSwitchManualIntSizeElse_t" time="0.000149011611938477" />
    <testcase name="Equals (378)" classname="spec_perl_TestSwitchManualIntSizeElse_t" time="0.000173091888427734" />
    <testcase name="Equals (379)" classname="spec_perl_TestSwitchManualIntSizeElse_t" time="0.000186920166015625" />
    <testcase name="Equals (380)" classname="spec_perl_TestSwitchManualIntSizeElse_t" time="0.000154972076416016" />
    <testcase name="Equals (381)" classname="spec_perl_TestSwitchManualIntSizeElse_t" time="0.000191926956176758" />
    <testcase name="Equals (382)" classname="spec_perl_TestSwitchManualIntSizeElse_t" time="0.000179052352905273" />
    <testcase name="Equals (383)" classname="spec_perl_TestSwitchManualIntSizeElse_t" time="0.00018000602722168" />
    <testcase name="Equals (384)" classname="spec_perl_TestSwitchManualIntSizeElse_t" time="0.00020599365234375" />
  </testsuite>
  <testsuite name="spec_perl_TestEnumIf_t" errors="0" failures="0" skipped="0" tests="7" time="0.056643009185791">
    <system-out>1..7
ok 1 - Equals
ok 2 - Equals
ok 3 - Equals
ok 4 - Equals
ok 5 - Equals
ok 6 - Equals
ok 7 - Equals
</system-out>
    <testcase name="Equals (385)" classname="spec_perl_TestEnumIf_t" time="0.000455856323242188" />
    <testcase name="Equals (386)" classname="spec_perl_TestEnumIf_t" time="0.000112056732177734" />
    <testcase name="Equals (387)" classname="spec_perl_TestEnumIf_t" time="0.000194072723388672" />
    <testcase name="Equals (388)" classname="spec_perl_TestEnumIf_t" time="0.000190019607543945" />
    <testcase name="Equals (389)" classname="spec_perl_TestEnumIf_t" time="0.00017094612121582" />
    <testcase name="Equals (390)" classname="spec_perl_TestEnumIf_t" time="0.000190019607543945" />
    <testcase name="Equals (391)" classname="spec_perl_TestEnumIf_t" time="0.000166893005371094" />
  </testsuite>
  <testsuite name="spec_perl_TestEnum0_t" errors="0" failures="0" skipped="0" tests="2" time="0.0524468421936035">
    <system-out>1..2
ok 1 - Equals
ok 2 - Equals
</system-out>
    <testcase name="Equals (392)" classname="spec_perl_TestEnum0_t" time="0.000257015228271484" />
    <testcase name="Equals (393)" classname="spec_perl_TestEnum0_t" time="0.000143051147460938" />
  </testsuite>
  <testsuite name="spec_perl_TestEnumLongRangeS_t" errors="0" failures="0" skipped="0" tests="7" time="0.0523300170898438">
    <system-out>1..7
ok 1 - Equals
ok 2 - Equals
ok 3 - Equals
ok 4 - Equals
ok 5 - Equals
ok 6 - Equals
ok 7 - Equals
</system-out>
    <testcase name="Equals (394)" classname="spec_perl_TestEnumLongRangeS_t" time="0.000298023223876953" />
    <testcase name="Equals (395)" classname="spec_perl_TestEnumLongRangeS_t" time="0.000104904174804688" />
    <testcase name="Equals (396)" classname="spec_perl_TestEnumLongRangeS_t" time="0.000184059143066406" />
    <testcase name="Equals (397)" classname="spec_perl_TestEnumLongRangeS_t" time="0.000165939331054688" />
    <testcase name="Equals (398)" classname="spec_perl_TestEnumLongRangeS_t" time="0.000168085098266602" />
    <testcase name="Equals (399)" classname="spec_perl_TestEnumLongRangeS_t" time="0.000181913375854492" />
    <testcase name="Equals (400)" classname="spec_perl_TestEnumLongRangeS_t" time="0.000180959701538086" />
  </testsuite>
  <testsuite name="spec_perl_TestEnumIntRangeS_t" errors="0" failures="0" skipped="0" tests="3" time="0.0567610263824463">
    <system-out>1..3
ok 1 - Equals
ok 2 - Equals
ok 3 - Equals
</system-out>
    <testcase name="Equals (401)" classname="spec_perl_TestEnumIntRangeS_t" time="0.000279903411865234" />
    <testcase name="Equals (402)" classname="spec_perl_TestEnumIntRangeS_t" time="0.000138998031616211" />
    <testcase name="Equals (403)" classname="spec_perl_TestEnumIntRangeS_t" time="0.000176906585693359" />
  </testsuite>
  <testsuite name="spec_perl_TestRepeatUntilSized_t" errors="0" failures="0" skipped="0" tests="7" time="0.0537970066070557">
    <system-out>1..7
ok 1 - Equals
ok 2 - Equals
ok 3 - Equals
ok 4 - Equals
ok 5 - Equals
ok 6 - Equals
ok 7 - Equals
</system-out>
    <testcase name="Equals (404)" classname="spec_perl_TestRepeatUntilSized_t" time="0.000617027282714844" />
    <testcase name="Equals (405)" classname="spec_perl_TestRepeatUntilSized_t" time="0.000102996826171875" />
    <testcase name="Equals (406)" classname="spec_perl_TestRepeatUntilSized_t" time="0.000149965286254883" />
    <testcase name="Equals (407)" classname="spec_perl_TestRepeatUntilSized_t" time="0.000164985656738281" />
    <testcase name="Equals (408)" classname="spec_perl_TestRepeatUntilSized_t" time="0.000169992446899414" />
    <testcase name="Equals (409)" classname="spec_perl_TestRepeatUntilSized_t" time="0.00017094612121582" />
    <testcase name="Equals (410)" classname="spec_perl_TestRepeatUntilSized_t" time="0.000173091888427734" />
  </testsuite>
  <testsuite name="spec_perl_TestMetaXref_t" errors="0" failures="0" skipped="1" tests="1" time="0.0520868301391602">
    <system-out>1..1
ok 1 # skip MetaXref=HASH(0x5636fba6b540)
</system-out>
    <testcase name="Unnamed test case 410" classname="spec_perl_TestMetaXref_t" time="0.00113296508789062">
      <skipped message="ok 1 # skip MetaXref=HASH(0x5636fba6b540)" />
    </testcase>
  </testsuite>
  <testsuite name="spec_perl_TestEnum1_t" errors="0" failures="0" skipped="0" tests="2" time="0.0514161586761475">
    <system-out>1..2
ok 1 - Equals
ok 2 - Equals
</system-out>
    <testcase name="Equals (411)" classname="spec_perl_TestEnum1_t" time="0.000300884246826172" />
    <testcase name="Equals (412)" classname="spec_perl_TestEnum1_t" time="0.000116109848022461" />
  </testsuite>
  <testsuite name="spec_perl_TestParamsPassArrayStr_t" errors="0" failures="1" skipped="6" tests="7" time="0.0618221759796143">
    <system-out>1..7
not ok 1 - test_params_pass_array_str died (Can't use an undefined value as an ARRAY reference at spec/perl/TestParamsPassArrayStr.t line 14.)
ok 2 # skip test_params_pass_array_str died
ok 3 # skip test_params_pass_array_str died
ok 4 # skip test_params_pass_array_str died
ok 5 # skip test_params_pass_array_str died
ok 6 # skip test_params_pass_array_str died
ok 7 # skip test_params_pass_array_str died
</system-out>
    <testcase name="test_params_pass_array_str died (Can't use an undefined value as an ARRAY reference at spec/perl/TestParamsPassArrayStr.t line 14.) (412)" classname="spec_perl_TestParamsPassArrayStr_t" time="0.000349998474121094">
      <failure message="not ok 1 - test_params_pass_array_str died (Can't use an undefined value as an ARRAY reference at spec/perl/TestParamsPassArrayStr.t line 14.)" type="TAP::Parser::Result::Test"></failure>
    </testcase>
    <testcase name="Unnamed test case 412" classname="spec_perl_TestParamsPassArrayStr_t" time="0.000509023666381836">
      <skipped message="ok 2 # skip test_params_pass_array_str died" />
    </testcase>
    <testcase name="Unnamed test case 413" classname="spec_perl_TestParamsPassArrayStr_t" time="0.0003509521484375">
      <skipped message="ok 3 # skip test_params_pass_array_str died" />
    </testcase>
    <testcase name="Unnamed test case 414" classname="spec_perl_TestParamsPassArrayStr_t" time="0.000458002090454102">
      <skipped message="ok 4 # skip test_params_pass_array_str died" />
    </testcase>
    <testcase name="Unnamed test case 415" classname="spec_perl_TestParamsPassArrayStr_t" time="0.00039219856262207">
      <skipped message="ok 5 # skip test_params_pass_array_str died" />
    </testcase>
    <testcase name="Unnamed test case 416" classname="spec_perl_TestParamsPassArrayStr_t" time="0.000375986099243164">
      <skipped message="ok 6 # skip test_params_pass_array_str died" />
    </testcase>
    <testcase name="Unnamed test case 417" classname="spec_perl_TestParamsPassArrayStr_t" time="0.0004119873046875">
      <skipped message="ok 7 # skip test_params_pass_array_str died" />
    </testcase>
  </testsuite>
  <testsuite name="spec_perl_TestBitsSignedResB32Be_t" errors="0" failures="0" skipped="0" tests="1" time="0.0520510673522949">
    <system-out>1..1
ok 1 - Equals
</system-out>
    <testcase name="Equals (417)" classname="spec_perl_TestBitsSignedResB32Be_t" time="0.000275135040283203" />
  </testsuite>
[...]
    <system-out>1..1
ok 1 - Equals
</system-out>
    <testcase name="Equals (873)" classname="spec_perl_TestRepeatEosBit_t" time="0.000290870666503906" />
  </testsuite>
  <testsuite name="spec_perl_TestBitsUnalignedB32Le_t" errors="0" failures="0" skipped="0" tests="3" time="0.0591259002685547">
    <system-out>1..3
ok 1 - Equals
ok 2 - Equals
ok 3 - Equals
</system-out>
    <testcase name="Equals (874)" classname="spec_perl_TestBitsUnalignedB32Le_t" time="0.000288963317871094" />
    <testcase name="Equals (875)" classname="spec_perl_TestBitsUnalignedB32Le_t" time="0.000113964080810547" />
    <testcase name="Equals (876)" classname="spec_perl_TestBitsUnalignedB32Le_t" time="0.000253200531005859" />
  </testsuite>
  <testsuite name="spec_perl_TestOptionalId_t" errors="0" failures="0" skipped="0" tests="3" time="0.0510849952697754">
    <system-out>1..3
ok 1 - Equals
ok 2 - Equals
ok 3 - Equals
</system-out>
    <testcase name="Equals (877)" classname="spec_perl_TestOptionalId_t" time="0.000267982482910156" />
    <testcase name="Equals (878)" classname="spec_perl_TestOptionalId_t" time="0.000100851058959961" />
    <testcase name="Equals (879)" classname="spec_perl_TestOptionalId_t" time="0.00020599365234375" />
  </testsuite>
  <testsuite name="spec_perl_TestPositionAbs_t" errors="0" failures="0" skipped="0" tests="2" time="0.0590829849243164">
    <system-out>1..2
ok 1 - Equals
ok 2 - Equals
</system-out>
    <testcase name="Equals (880)" classname="spec_perl_TestPositionAbs_t" time="0.000272989273071289" />
    <testcase name="Equals (881)" classname="spec_perl_TestPositionAbs_t" time="0.000272035598754883" />
  </testsuite>
  <testsuite name="spec_perl_TestStrPadTermEmpty_t" errors="0" failures="0" skipped="0" tests="4" time="0.0562450885772705">
    <system-out>1..4
ok 1 - Equals
ok 2 - Equals
ok 3 - Equals
ok 4 - Equals
</system-out>
    <testcase name="Equals (882)" classname="spec_perl_TestStrPadTermEmpty_t" time="0.000362873077392578" />
    <testcase name="Equals (883)" classname="spec_perl_TestStrPadTermEmpty_t" time="9.10758972167969e-05" />
    <testcase name="Equals (884)" classname="spec_perl_TestStrPadTermEmpty_t" time="0.000226974487304688" />
    <testcase name="Equals (885)" classname="spec_perl_TestStrPadTermEmpty_t" time="0.000158071517944336" />
  </testsuite>
  <testsuite name="spec_perl_TestParamsCallExtraParens_t" errors="0" failures="1" skipped="0" tests="1" time="0.060650110244751">
    <system-out>1..1
not ok 1 - Equals
</system-out>
    <testcase name="Equals (886)" classname="spec_perl_TestParamsCallExtraParens_t" time="0.00202703475952148">
      <failure message="not ok 1 - Equals" type="TAP::Parser::Result::Test"></failure>
    </testcase>
  </testsuite>
  <testsuite name="spec_perl_TestExpr0_t" errors="0" failures="0" skipped="0" tests="2" time="0.0530281066894531">
    <system-out>1..2
ok 1 - Equals
ok 2 - Equals
</system-out>
    <testcase name="Equals (887)" classname="spec_perl_TestExpr0_t" time="0.000309944152832031" />
    <testcase name="Equals (888)" classname="spec_perl_TestExpr0_t" time="0.000147104263305664" />
  </testsuite>
  <testsuite name="spec_perl_TestProcessXorConst_t" errors="0" failures="0" skipped="0" tests="2" time="0.0543200969696045">
    <system-out>1..2
ok 1 - Equals
ok 2 - Equals
</system-out>
    <testcase name="Equals (889)" classname="spec_perl_TestProcessXorConst_t" time="0.000300884246826172" />
    <testcase name="Equals (890)" classname="spec_perl_TestProcessXorConst_t" time="0.000121116638183594" />
  </testsuite>
  <testsuite name="spec_perl_TestExpr1_t" errors="0" failures="0" skipped="0" tests="4" time="0.0557808876037598">
    <system-out>1..4
ok 1 - Equals
ok 2 - Equals
ok 3 - Equals
ok 4 - Equals
</system-out>
    <testcase name="Equals (891)" classname="spec_perl_TestExpr1_t" time="0.000285148620605469" />
    <testcase name="Equals (892)" classname="spec_perl_TestExpr1_t" time="0.000113010406494141" />
    <testcase name="Equals (893)" classname="spec_perl_TestExpr1_t" time="0.000191926956176758" />
    <testcase name="Equals (894)" classname="spec_perl_TestExpr1_t" time="0.000169992446899414" />
  </testsuite>
  <testsuite name="spec_perl_TestDefaultBitEndianMod_t" errors="0" failures="0" skipped="0" tests="4" time="0.0519330501556396">
    <system-out>1..4
ok 1 - Equals
ok 2 - Equals
ok 3 - Equals
ok 4 - Equals
</system-out>
    <testcase name="Equals (895)" classname="spec_perl_TestDefaultBitEndianMod_t" time="0.000341176986694336" />
    <testcase name="Equals (896)" classname="spec_perl_TestDefaultBitEndianMod_t" time="9.67979431152344e-05" />
    <testcase name="Equals (897)" classname="spec_perl_TestDefaultBitEndianMod_t" time="0.000188112258911133" />
    <testcase name="Equals (898)" classname="spec_perl_TestDefaultBitEndianMod_t" time="0.000173091888427734" />
  </testsuite>
  <testsuite name="spec_perl_TestDebug0_t" errors="0" failures="0" skipped="1" tests="1" time="0.0509040355682373">
    <system-out>1..1
ok 1 # skip test_debug_0
</system-out>
    <testcase name="Unnamed test case 898" classname="spec_perl_TestDebug0_t" time="0.000283956527709961">
      <skipped message="ok 1 # skip test_debug_0" />
    </testcase>
  </testsuite>
  <testsuite name="spec_perl_TestRepeatUntilComplex_t" errors="0" failures="0" skipped="0" tests="15" time="0.0540368556976318">
    <system-out>1..15
ok 1 - Equals
ok 2 - Equals
ok 3 - Equals
ok 4 - Equals
ok 5 - Equals
ok 6 - Equals
ok 7 - Equals
ok 8 - Equals
ok 9 - Equals
ok 10 - Equals
ok 11 - Equals
ok 12 - Equals
ok 13 - Equals
ok 14 - Equals
ok 15 - Equals
</system-out>
    <testcase name="Equals (899)" classname="spec_perl_TestRepeatUntilComplex_t" time="0.000355958938598633" />
    <testcase name="Equals (900)" classname="spec_perl_TestRepeatUntilComplex_t" time="9.20295715332031e-05" />
    <testcase name="Equals (901)" classname="spec_perl_TestRepeatUntilComplex_t" time="0.000154018402099609" />
    <testcase name="Equals (902)" classname="spec_perl_TestRepeatUntilComplex_t" time="0.000185966491699219" />
    <testcase name="Equals (903)" classname="spec_perl_TestRepeatUntilComplex_t" time="0.000133037567138672" />
    <testcase name="Equals (904)" classname="spec_perl_TestRepeatUntilComplex_t" time="0.000191926956176758" />
    <testcase name="Equals (905)" classname="spec_perl_TestRepeatUntilComplex_t" time="0.00018310546875" />
    <testcase name="Equals (906)" classname="spec_perl_TestRepeatUntilComplex_t" time="0.000175952911376953" />
    <testcase name="Equals (907)" classname="spec_perl_TestRepeatUntilComplex_t" time="0.000136137008666992" />
    <testcase name="Equals (908)" classname="spec_perl_TestRepeatUntilComplex_t" time="0.000197887420654297" />
    <testcase name="Equals (909)" classname="spec_perl_TestRepeatUntilComplex_t" time="0.000126123428344727" />
    <testcase name="Equals (910)" classname="spec_perl_TestRepeatUntilComplex_t" time="0.000190019607543945" />
    <testcase name="Equals (911)" classname="spec_perl_TestRepeatUntilComplex_t" time="0.000134944915771484" />
    <testcase name="Equals (912)" classname="spec_perl_TestRepeatUntilComplex_t" time="0.000190973281860352" />
    <testcase name="Equals (913)" classname="spec_perl_TestRepeatUntilComplex_t" time="0.000127077102661133" />
  </testsuite>
  <testsuite name="spec_perl_TestDocstringsDocref_t" errors="0" failures="0" skipped="1" tests="1" time="0.0518369674682617">
    <system-out>1..1
ok 1 # skip DocstringsDocref=HASH(0x557f1af3bf18)
</system-out>
    <testcase name="Unnamed test case 913" classname="spec_perl_TestDocstringsDocref_t" time="0.00110697746276855">
      <skipped message="ok 1 # skip DocstringsDocref=HASH(0x557f1af3bf18)" />
    </testcase>
  </testsuite>
  <testsuite name="spec_perl_TestImportsRel1_t" errors="0" failures="0" skipped="0" tests="3" time="0.051685094833374">
    <system-out>1..3
ok 1 - Equals
ok 2 - Equals
ok 3 - Equals
</system-out>
    <testcase name="Equals (914)" classname="spec_perl_TestImportsRel1_t" time="0.000270843505859375" />
    <testcase name="Equals (915)" classname="spec_perl_TestImportsRel1_t" time="8.91685485839844e-05" />
    <testcase name="Equals (916)" classname="spec_perl_TestImportsRel1_t" time="0.000219821929931641" />
  </testsuite>
  <testsuite name="spec_perl_TestCastToTop_t" errors="0" failures="0" skipped="0" tests="3" time="0.0522689819335938">
    <system-out>1..3
ok 1 - Equals
ok 2 - Equals
ok 3 - Equals
</system-out>
    <testcase name="Equals (917)" classname="spec_perl_TestCastToTop_t" time="0.000427961349487305" />
    <testcase name="Equals (918)" classname="spec_perl_TestCastToTop_t" time="0.000217199325561523" />
    <testcase name="Equals (919)" classname="spec_perl_TestCastToTop_t" time="0.000190019607543945" />
  </testsuite>
  <testsuite name="spec_perl_TestValidSwitch_t" errors="0" failures="0" skipped="1" tests="1" time="0.0519719123840332">
    <system-out>1..1
ok 1 # skip ValidSwitch=HASH(0x55b1a4b84b60)
</system-out>
    <testcase name="Unnamed test case 919" classname="spec_perl_TestValidSwitch_t" time="0.00119709968566895">
      <skipped message="ok 1 # skip ValidSwitch=HASH(0x55b1a4b84b60)" />
    </testcase>
  </testsuite>
  <testsuite name="spec_perl_TestCombineEnum_t" errors="0" failures="0" skipped="0" tests="3" time="0.0513191223144531">
    <system-out>1..3
ok 1 - Equals
ok 2 - Equals
ok 3 - Equals
</system-out>
    <testcase name="Equals (920)" classname="spec_perl_TestCombineEnum_t" time="0.000274896621704102" />
    <testcase name="Equals (921)" classname="spec_perl_TestCombineEnum_t" time="0.000111103057861328" />
    <testcase name="Equals (922)" classname="spec_perl_TestCombineEnum_t" time="0.000186920166015625" />
  </testsuite>
  <testsuite name="spec_perl_TestFixedStruct_t" errors="0" failures="0" skipped="0" tests="20" time="0.0548291206359863">
    <system-out>1..20
ok 1 - Equals
ok 2 - Equals
ok 3 - Equals
ok 4 - Equals
ok 5 - Equals
ok 6 - Equals
ok 7 - Equals
ok 8 - Equals
ok 9 - Equals
ok 10 - Equals
ok 11 - Equals
ok 12 - Equals
ok 13 - Equals
ok 14 - Equals
ok 15 - Equals
ok 16 - Equals
ok 17 - Equals
ok 18 - Equals
ok 19 - Equals
ok 20 - Equals
</system-out>
    <testcase name="Equals (923)" classname="spec_perl_TestFixedStruct_t" time="0.000329017639160156" />
    <testcase name="Equals (924)" classname="spec_perl_TestFixedStruct_t" time="9.08374786376953e-05" />
    <testcase name="Equals (925)" classname="spec_perl_TestFixedStruct_t" time="0.000200033187866211" />
    <testcase name="Equals (926)" classname="spec_perl_TestFixedStruct_t" time="0.000144004821777344" />
    <testcase name="Equals (927)" classname="spec_perl_TestFixedStruct_t" time="0.000172138214111328" />
    <testcase name="Equals (928)" classname="spec_perl_TestFixedStruct_t" time="0.000179052352905273" />
    <testcase name="Equals (929)" classname="spec_perl_TestFixedStruct_t" time="0.000186920166015625" />
    <testcase name="Equals (930)" classname="spec_perl_TestFixedStruct_t" time="0.000163078308105469" />
    <testcase name="Equals (931)" classname="spec_perl_TestFixedStruct_t" time="0.000172853469848633" />
    <testcase name="Equals (932)" classname="spec_perl_TestFixedStruct_t" time="0.000221014022827148" />
    <testcase name="Equals (933)" classname="spec_perl_TestFixedStruct_t" time="0.000136137008666992" />
    <testcase name="Equals (934)" classname="spec_perl_TestFixedStruct_t" time="0.000192880630493164" />
    <testcase name="Equals (935)" classname="spec_perl_TestFixedStruct_t" time="0.000174999237060547" />
    <testcase name="Equals (936)" classname="spec_perl_TestFixedStruct_t" time="0.000190019607543945" />
    <testcase name="Equals (937)" classname="spec_perl_TestFixedStruct_t" time="0.00017094612121582" />
    <testcase name="Equals (938)" classname="spec_perl_TestFixedStruct_t" time="0.000175952911376953" />
    <testcase name="Equals (939)" classname="spec_perl_TestFixedStruct_t" time="0.000169992446899414" />
    <testcase name="Equals (940)" classname="spec_perl_TestFixedStruct_t" time="0.000179052352905273" />
    <testcase name="Equals (941)" classname="spec_perl_TestFixedStruct_t" time="0.000169038772583008" />
    <testcase name="Equals (942)" classname="spec_perl_TestFixedStruct_t" time="0.000179052352905273" />
  </testsuite>
  <testsuite name="spec_perl_TestExprSizeofType1_t" errors="0" failures="0" skipped="0" tests="2" time="0.0520899295806885">
    <system-out>1..2
ok 1 - Equals
ok 2 - Equals
</system-out>
    <testcase name="Equals (943)" classname="spec_perl_TestExprSizeofType1_t" time="0.000290155410766602" />
    <testcase name="Equals (944)" classname="spec_perl_TestExprSizeofType1_t" time="0.000116825103759766" />
  </testsuite>
  <testsuite name="spec_perl_TestDocstrings_t" errors="0" failures="0" skipped="1" tests="1" time="0.0540170669555664">
    <system-out>1..1
ok 1 # skip Docstrings=HASH(0x55a5ef6f0e50)
</system-out>
    <testcase name="Unnamed test case 944" classname="spec_perl_TestDocstrings_t" time="0.00116586685180664">
      <skipped message="ok 1 # skip Docstrings=HASH(0x55a5ef6f0e50)" />
    </testcase>
  </testsuite>
  <testsuite name="spec_perl_TestMultipleUse_t" errors="0" failures="0" skipped="0" tests="2" time="0.0515398979187012">
    <system-out>1..2
ok 1 - Equals
ok 2 - Equals
</system-out>
    <testcase name="Equals (945)" classname="spec_perl_TestMultipleUse_t" time="0.000314950942993164" />
    <testcase name="Equals (946)" classname="spec_perl_TestMultipleUse_t" time="0.000117063522338867" />
  </testsuite>
  <testsuite name="spec_perl_TestInstanceUserArray_t" errors="0" failures="0" skipped="0" tests="10" time="0.0533151626586914">
    <system-out>1..10
ok 1 - Equals
ok 2 - Equals
ok 3 - Equals
ok 4 - Equals
ok 5 - Equals
ok 6 - Equals
ok 7 - Equals
ok 8 - Equals
ok 9 - Equals
ok 10 - Equals
</system-out>
    <testcase name="Equals (947)" classname="spec_perl_TestInstanceUserArray_t" time="0.000274896621704102" />
    <testcase name="Equals (948)" classname="spec_perl_TestInstanceUserArray_t" time="8.98838043212891e-05" />
    <testcase name="Equals (949)" classname="spec_perl_TestInstanceUserArray_t" time="0.000202178955078125" />
    <testcase name="Equals (950)" classname="spec_perl_TestInstanceUserArray_t" time="0.000506877899169922" />
    <testcase name="Equals (951)" classname="spec_perl_TestInstanceUserArray_t" time="0.000158071517944336" />
    <testcase name="Equals (952)" classname="spec_perl_TestInstanceUserArray_t" time="0.000210046768188477" />
    <testcase name="Equals (953)" classname="spec_perl_TestInstanceUserArray_t" time="0.000145912170410156" />
    <testcase name="Equals (954)" classname="spec_perl_TestInstanceUserArray_t" time="0.000212907791137695" />
    <testcase name="Equals (955)" classname="spec_perl_TestInstanceUserArray_t" time="0.000144004821777344" />
    <testcase name="Equals (956)" classname="spec_perl_TestInstanceUserArray_t" time="0.000193119049072266" />
  </testsuite>
  <testsuite name="spec_perl_TestEnumForUnknownId_t" errors="0" failures="0" skipped="0" tests="1" time="0.0510818958282471">
    <system-out>1..1
ok 1 - Equals
</system-out>
    <testcase name="Equals (957)" classname="spec_perl_TestEnumForUnknownId_t" time="0.00026702880859375" />
  </testsuite>
  <testsuite name="spec_perl_TestBufferedStruct_t" errors="0" failures="0" skipped="0" tests="7" time="0.0574309825897217">
    <system-out>1..7
ok 1 - Equals
ok 2 - Equals
ok 3 - Equals
ok 4 - Equals
ok 5 - Equals
ok 6 - Equals
ok 7 - Equals
</system-out>
    <testcase name="Equals (958)" classname="spec_perl_TestBufferedStruct_t" time="0.000585079193115234" />
    <testcase name="Equals (959)" classname="spec_perl_TestBufferedStruct_t" time="9.60826873779297e-05" />
    <testcase name="Equals (960)" classname="spec_perl_TestBufferedStruct_t" time="0.00023198127746582" />
    <testcase name="Equals (961)" classname="spec_perl_TestBufferedStruct_t" time="8.79764556884766e-05" />
    <testcase name="Equals (962)" classname="spec_perl_TestBufferedStruct_t" time="0.000154972076416016" />
    <testcase name="Equals (963)" classname="spec_perl_TestBufferedStruct_t" time="0.000164985656738281" />
    <testcase name="Equals (964)" classname="spec_perl_TestBufferedStruct_t" time="0.000178098678588867" />
  </testsuite>
  <testsuite name="spec_perl_TestExprArray_t" errors="0" failures="0" skipped="0" tests="15" time="0.0573310852050781">
    <system-out>1..15
ok 1 - Equals
ok 2 - Equals
ok 3 - Equals
ok 4 - Equals
ok 5 - Equals
ok 6 - Equals
ok 7 - Approx equals
ok 8 - Approx equals
ok 9 - Approx equals
ok 10 - Approx equals
ok 11 - Equals
ok 12 - Equals
ok 13 - Equals
ok 14 - Equals
ok 15 - Equals
</system-out>
    <testcase name="Equals (965)" classname="spec_perl_TestExprArray_t" time="0.000410079956054688" />
    <testcase name="Equals (966)" classname="spec_perl_TestExprArray_t" time="0.000103950500488281" />
    <testcase name="Equals (967)" classname="spec_perl_TestExprArray_t" time="0.000154972076416016" />
    <testcase name="Equals (968)" classname="spec_perl_TestExprArray_t" time="0.000188112258911133" />
    <testcase name="Equals (969)" classname="spec_perl_TestExprArray_t" time="0.000168800354003906" />
    <testcase name="Equals (970)" classname="spec_perl_TestExprArray_t" time="0.000181198120117188" />
    <testcase name="Approx equals (970)" classname="spec_perl_TestExprArray_t" time="7.58171081542969e-05" />
    <testcase name="Approx equals (971)" classname="spec_perl_TestExprArray_t" time="5.41210174560547e-05" />
    <testcase name="Approx equals (972)" classname="spec_perl_TestExprArray_t" time="5.19752502441406e-05" />
    <testcase name="Approx equals (973)" classname="spec_perl_TestExprArray_t" time="5.00679016113281e-05" />
    <testcase name="Equals (973)" classname="spec_perl_TestExprArray_t" time="0.000201940536499023" />
    <testcase name="Equals (974)" classname="spec_perl_TestExprArray_t" time="0.000188112258911133" />
    <testcase name="Equals (975)" classname="spec_perl_TestExprArray_t" time="0.000196933746337891" />
    <testcase name="Equals (976)" classname="spec_perl_TestExprArray_t" time="0.000184059143066406" />
    <testcase name="Equals (977)" classname="spec_perl_TestExprArray_t" time="0.000158786773681641" />
  </testsuite>
  <testsuite name="spec_perl_TestNavParentOverride_t" errors="0" failures="0" skipped="0" tests="3" time="0.0521259307861328">
    <system-out>1..3
ok 1 - Equals
ok 2 - Equals
ok 3 - Equals
</system-out>
    <testcase name="Equals (978)" classname="spec_perl_TestNavParentOverride_t" time="0.000331878662109375" />
    <testcase name="Equals (979)" classname="spec_perl_TestNavParentOverride_t" time="9.89437103271484e-05" />
    <testcase name="Equals (980)" classname="spec_perl_TestNavParentOverride_t" time="0.000225067138671875" />
  </testsuite>
  <testsuite name="spec_perl_TestTypeTernaryOpaque_t" errors="0" failures="0" skipped="0" tests="3" time="0.0608329772949219">
    <system-out>1..3
ok 1 - Equals
ok 2 - Equals
ok 3 - Equals
</system-out>
    <testcase name="Equals (981)" classname="spec_perl_TestTypeTernaryOpaque_t" time="0.000645160675048828" />
    <testcase name="Equals (982)" classname="spec_perl_TestTypeTernaryOpaque_t" time="0.000105857849121094" />
    <testcase name="Equals (983)" classname="spec_perl_TestTypeTernaryOpaque_t" time="6.00814819335938e-05" />
  </testsuite>
  <testsuite name="spec_perl_TestBitsEnum_t" errors="0" failures="0" skipped="0" tests="3" time="0.0520241260528564">
    <system-out>1..3
ok 1 - Equals
ok 2 - Equals
ok 3 - Equals
</system-out>
    <testcase name="Equals (984)" classname="spec_perl_TestBitsEnum_t" time="0.000299215316772461" />
    <testcase name="Equals (985)" classname="spec_perl_TestBitsEnum_t" time="8.98838043212891e-05" />
    <testcase name="Equals (986)" classname="spec_perl_TestBitsEnum_t" time="0.000200033187866211" />
  </testsuite>
</testsuites>
