<?xml version='1.0' encoding='utf-8'?>
<testsuites>
  <testsuite name="spec_perl_TestParamsCallExtraParens_t" errors="0" failures="1" skipped="0" tests="1" time="0.044212818145752">
    <system-out>1..1
not ok 1 - Equals
</system-out>
    <testcase name="Equals" classname="spec_perl_TestParamsCallExtraParens_t" time="0.00193190574645996">
      <failure message="not ok 1 - Equals" type="TAP::Parser::Result::Test"></failure>
    </testcase>
  </testsuite>
  <testsuite name="spec_perl_TestValidEqStrEncodings_t" errors="0" failures="0" skipped="1" tests="1" time="0.0470821857452393">
    <system-out>1..1
ok 1 # skip ValidEqStrEncodings=HASH(0x560592739378)
</system-out>
    <testcase name="Unnamed test case 1" classname="spec_perl_TestValidEqStrEncodings_t" time="0.00558996200561523">
      <skipped message="ok 1 # skip ValidEqStrEncodings=HASH(0x560592739378)" />
    </testcase>
  </testsuite>
  <testsuite name="spec_perl_TestSwitchManualInt_t" errors="0" failures="0" skipped="0" tests="9" time="0.0432100296020508">
    <system-out>1..9
ok 1 - Equals
ok 2 - Equals
ok 3 - Equals
ok 4 - Equals
ok 5 - Equals
ok 6 - Equals
ok 7 - Equals
ok 8 - Equals
ok 9 - Equals
</system-out>
    <testcase name="Equals (2)" classname="spec_perl_TestSwitchManualInt_t" time="0.00162887573242188" />
    <testcase name="Equals (3)" classname="spec_perl_TestSwitchManualInt_t" time="7.91549682617188e-05" />
    <testcase name="Equals (4)" classname="spec_perl_TestSwitchManualInt_t" time="0.000107765197753906" />
    <testcase name="Equals (5)" classname="spec_perl_TestSwitchManualInt_t" time="0.000147104263305664" />
    <testcase name="Equals (6)" classname="spec_perl_TestSwitchManualInt_t" time="8.51154327392578e-05" />
    <testcase name="Equals (7)" classname="spec_perl_TestSwitchManualInt_t" time="8.48770141601562e-05" />
    <testcase name="Equals (8)" classname="spec_perl_TestSwitchManualInt_t" time="0.000103950500488281" />
    <testcase name="Equals (9)" classname="spec_perl_TestSwitchManualInt_t" time="0.000126123428344727" />
    <testcase name="Equals (10)" classname="spec_perl_TestSwitchManualInt_t" time="0.000128984451293945" />
  </testsuite>
  <testsuite name="spec_perl_TestRepeatUntilS4_t" errors="0" failures="0" skipped="0" tests="2" time="0.0446348190307617">
    <system-out>1..2
ok 1 - Equals
ok 2 - Equals
</system-out>
    <testcase name="Equals (11)" classname="spec_perl_TestRepeatUntilS4_t" time="0.00150799751281738" />
    <testcase name="Equals (12)" classname="spec_perl_TestRepeatUntilS4_t" time="9.08374786376953e-05" />
  </testsuite>
  <testsuite name="spec_perl_TestFloatToI_t" errors="0" failures="0" skipped="0" tests="8" time="0.0378401279449463">
    <system-out>1..8
ok 1 - Approx equals
ok 2 - Approx equals
ok 3 - Equals
ok 4 - Equals
ok 5 - Equals
ok 6 - Equals
ok 7 - Equals
ok 8 - Equals
</system-out>
    <testcase name="Approx equals (12)" classname="spec_perl_TestFloatToI_t" time="0.00159811973571777" />
    <testcase name="Approx equals (13)" classname="spec_perl_TestFloatToI_t" time="7.70092010498047e-05" />
    <testcase name="Equals (13)" classname="spec_perl_TestFloatToI_t" time="4.50611114501953e-05" />
    <testcase name="Equals (14)" classname="spec_perl_TestFloatToI_t" time="5.98430633544922e-05" />
    <testcase name="Equals (15)" classname="spec_perl_TestFloatToI_t" time="9.20295715332031e-05" />
    <testcase name="Equals (16)" classname="spec_perl_TestFloatToI_t" time="0.000150918960571289" />
    <testcase name="Equals (17)" classname="spec_perl_TestFloatToI_t" time="0.000143051147460938" />
    <testcase name="Equals (18)" classname="spec_perl_TestFloatToI_t" time="8.79764556884766e-05" />
  </testsuite>
  <testsuite name="spec_perl_TestSwitchManualIntSizeElse_t" errors="0" failures="0" skipped="0" tests="10" time="0.0471451282501221">
    <system-out>1..10
ok 1 - Equals
ok 2 - Equals
ok 3 - Equals
ok 4 - Equals
ok 5 - Equals
ok 6 - Equals
ok 7 - Equals
ok 8 - Equals
ok 9 - Equals
ok 10 - Equals
</system-out>
    <testcase name="Equals (19)" classname="spec_perl_TestSwitchManualIntSizeElse_t" time="0.0020899772644043" />
    <testcase name="Equals (20)" classname="spec_perl_TestSwitchManualIntSizeElse_t" time="8.29696655273438e-05" />
    <testcase name="Equals (21)" classname="spec_perl_TestSwitchManualIntSizeElse_t" time="9.79900360107422e-05" />
    <testcase name="Equals (22)" classname="spec_perl_TestSwitchManualIntSizeElse_t" time="5.69820404052734e-05" />
    <testcase name="Equals (23)" classname="spec_perl_TestSwitchManualIntSizeElse_t" time="5.50746917724609e-05" />
    <testcase name="Equals (24)" classname="spec_perl_TestSwitchManualIntSizeElse_t" time="0.000231027603149414" />
    <testcase name="Equals (25)" classname="spec_perl_TestSwitchManualIntSizeElse_t" time="0.00010991096496582" />
    <testcase name="Equals (26)" classname="spec_perl_TestSwitchManualIntSizeElse_t" time="0.000105857849121094" />
    <testcase name="Equals (27)" classname="spec_perl_TestSwitchManualIntSizeElse_t" time="9.32216644287109e-05" />
    <testcase name="Equals (28)" classname="spec_perl_TestSwitchManualIntSizeElse_t" time="8.67843627929688e-05" />
  </testsuite>
  <testsuite name="spec_perl_TestExprCalcArrayOps_t" errors="0" failures="0" skipped="0" tests="18" time="0.0418632030487061">
    <system-out>1..18
ok 1 - Equals
ok 2 - Equals
ok 3 - Equals
ok 4 - Equals
ok 5 - Equals
ok 6 - Equals
ok 7 - Equals
ok 8 - Approx equals
ok 9 - Approx equals
ok 10 - Approx equals
ok 11 - Approx equals
ok 12 - Approx equals
ok 13 - Equals
ok 14 - Equals
ok 15 - Equals
ok 16 - Equals
ok 17 - Equals
ok 18 - Equals
</system-out>
    <testcase name="Equals (29)" classname="spec_perl_TestExprCalcArrayOps_t" time="0.0013890266418457" />
    <testcase name="Equals (30)" classname="spec_perl_TestExprCalcArrayOps_t" time="0.000121831893920898" />
    <testcase name="Equals (31)" classname="spec_perl_TestExprCalcArrayOps_t" time="7.00950622558594e-05" />
    <testcase name="Equals (32)" classname="spec_perl_TestExprCalcArrayOps_t" time="5.98430633544922e-05" />
    <testcase name="Equals (33)" classname="spec_perl_TestExprCalcArrayOps_t" time="7.20024108886719e-05" />
    <testcase name="Equals (34)" classname="spec_perl_TestExprCalcArrayOps_t" time="6.91413879394531e-05" />
    <testcase name="Equals (35)" classname="spec_perl_TestExprCalcArrayOps_t" time="0.000164985656738281" />
    <testcase name="Approx equals (35)" classname="spec_perl_TestExprCalcArrayOps_t" time="7.89165496826172e-05" />
    <testcase name="Approx equals (36)" classname="spec_perl_TestExprCalcArrayOps_t" time="5.41210174560547e-05" />
    <testcase name="Approx equals (37)" classname="spec_perl_TestExprCalcArrayOps_t" time="0.000117063522338867" />
    <testcase name="Approx equals (38)" classname="spec_perl_TestExprCalcArrayOps_t" time="0.000146865844726562" />
    <testcase name="Approx equals (39)" classname="spec_perl_TestExprCalcArrayOps_t" time="5.29289245605469e-05" />
    <testcase name="Equals (39)" classname="spec_perl_TestExprCalcArrayOps_t" time="7.41481781005859e-05" />
    <testcase name="Equals (40)" classname="spec_perl_TestExprCalcArrayOps_t" time="4.88758087158203e-05" />
    <testcase name="Equals (41)" classname="spec_perl_TestExprCalcArrayOps_t" time="6.91413879394531e-05" />
    <testcase name="Equals (42)" classname="spec_perl_TestExprCalcArrayOps_t" time="9.20295715332031e-05" />
    <testcase name="Equals (43)" classname="spec_perl_TestExprCalcArrayOps_t" time="7.39097595214844e-05" />
    <testcase name="Equals (44)" classname="spec_perl_TestExprCalcArrayOps_t" time="5.29289245605469e-05" />
  </testsuite>
  <testsuite name="spec_perl_TestExpr2_t" errors="0" failures="0" skipped="0" tests="17" time="0.0464229583740234">
    <system-out>1..17
ok 1 - Equals
ok 2 - Equals
ok 3 - Equals
ok 4 - Equals
ok 5 - Equals
ok 6 - Equals
ok 7 - Equals
ok 8 - Equals
ok 9 - Equals
ok 10 - Equals
ok 11 - Equals
ok 12 - Equals
ok 13 - Equals
ok 14 - Equals
ok 15 - Equals
ok 16 - Equals
ok 17 - Equals
</system-out>
    <testcase name="Equals (45)" classname="spec_perl_TestExpr2_t" time="0.00221085548400879" />
    <testcase name="Equals (46)" classname="spec_perl_TestExpr2_t" time="0.000112056732177734" />
    <testcase name="Equals (47)" classname="spec_perl_TestExpr2_t" time="5.19752502441406e-05" />
    <testcase name="Equals (48)" classname="spec_perl_TestExpr2_t" time="5.69820404052734e-05" />
    <testcase name="Equals (49)" classname="spec_perl_TestExpr2_t" time="8.20159912109375e-05" />
    <testcase name="Equals (50)" classname="spec_perl_TestExpr2_t" time="0.000101089477539062" />
    <testcase name="Equals (51)" classname="spec_perl_TestExpr2_t" time="9.39369201660156e-05" />
    <testcase name="Equals (52)" classname="spec_perl_TestExpr2_t" time="0.000159978866577148" />
    <testcase name="Equals (53)" classname="spec_perl_TestExpr2_t" time="0.000113010406494141" />
    <testcase name="Equals (54)" classname="spec_perl_TestExpr2_t" time="9.48905944824219e-05" />
    <testcase name="Equals (55)" classname="spec_perl_TestExpr2_t" time="5.69820404052734e-05" />
    <testcase name="Equals (56)" classname="spec_perl_TestExpr2_t" time="9.41753387451172e-05" />
    <testcase name="Equals (57)" classname="spec_perl_TestExpr2_t" time="0.000124931335449219" />
    <testcase name="Equals (58)" classname="spec_perl_TestExpr2_t" time="0.000108003616333008" />
    <testcase name="Equals (59)" classname="spec_perl_TestExpr2_t" time="8.98838043212891e-05" />
    <testcase name="Equals (60)" classname="spec_perl_TestExpr2_t" time="0.000110149383544922" />
    <testcase name="Equals (61)" classname="spec_perl_TestExpr2_t" time="7.48634338378906e-05" />
  </testsuite>
  <testsuite name="spec_perl_TestNestedSameName_t" errors="0" failures="0" skipped="0" tests="2" time="0.0388848781585693">
    <system-out>1..2
ok 1 - Equals
ok 2 - Equals
</system-out>
    <testcase name="Equals (62)" classname="spec_perl_TestNestedSameName_t" time="0.0014948844909668" />
    <testcase name="Equals (63)" classname="spec_perl_TestNestedSameName_t" time="7.60555267333984e-05" />
  </testsuite>
  <testsuite name="spec_perl_TestExpr1_t" errors="0" failures="0" skipped="0" tests="4" time="0.0455648899078369">
    <system-out>1..4
ok 1 - Equals
ok 2 - Equals
ok 3 - Equals
ok 4 - Equals
</system-out>
    <testcase name="Equals (64)" classname="spec_perl_TestExpr1_t" time="0.00150108337402344" />
    <testcase name="Equals (65)" classname="spec_perl_TestExpr1_t" time="8.20159912109375e-05" />
    <testcase name="Equals (66)" classname="spec_perl_TestExpr1_t" time="4.69684600830078e-05" />
    <testcase name="Equals (67)" classname="spec_perl_TestExpr1_t" time="6.79492950439453e-05" />
  </testsuite>
  <testsuite name="spec_perl_TestIfInstances_t" errors="0" failures="0" skipped="0" tests="1" time="0.0388720035552979">
    <system-out>1..1
ok 1 - nil
</system-out>
    <testcase name="nil (67)" classname="spec_perl_TestIfInstances_t" time="0.00157403945922852" />
  </testsuite>
  <testsuite name="spec_perl_TestExprSizeofType0_t" errors="0" failures="0" skipped="0" tests="1" time="0.0402951240539551">
    <system-out>1..1
ok 1 - Equals
</system-out>
    <testcase name="Equals (68)" classname="spec_perl_TestExprSizeofType0_t" time="0.00156307220458984" />
  </testsuite>
  <testsuite name="spec_perl_TestNavParent3_t" errors="0" failures="0" skipped="0" tests="10" time="0.0463948249816895">
    <system-out>1..10
ok 1 - Equals
ok 2 - Equals
ok 3 - Equals
ok 4 - Equals
ok 5 - Equals
ok 6 - Equals
ok 7 - Equals
ok 8 - Equals
ok 9 - Equals
ok 10 - Equals
</system-out>
    <testcase name="Equals (69)" classname="spec_perl_TestNavParent3_t" time="0.00139713287353516" />
    <testcase name="Equals (70)" classname="spec_perl_TestNavParent3_t" time="0.000117063522338867" />
    <testcase name="Equals (71)" classname="spec_perl_TestNavParent3_t" time="0.000245809555053711" />
    <testcase name="Equals (72)" classname="spec_perl_TestNavParent3_t" time="7.00950622558594e-05" />
    <testcase name="Equals (73)" classname="spec_perl_TestNavParent3_t" time="0.000135898590087891" />
    <testcase name="Equals (74)" classname="spec_perl_TestNavParent3_t" time="0.000132083892822266" />
    <testcase name="Equals (75)" classname="spec_perl_TestNavParent3_t" time="9.39369201660156e-05" />
    <testcase name="Equals (76)" classname="spec_perl_TestNavParent3_t" time="7.70092010498047e-05" />
    <testcase name="Equals (77)" classname="spec_perl_TestNavParent3_t" time="0.000112056732177734" />
    <testcase name="Equals (78)" classname="spec_perl_TestNavParent3_t" time="0.00010991096496582" />
  </testsuite>
  <testsuite name="spec_perl_TestBitsUnalignedB32Be_t" errors="0" failures="0" skipped="0" tests="3" time="0.0434799194335938">
    <system-out>1..3
ok 1 - Equals
ok 2 - Equals
ok 3 - Equals
</system-out>
    <testcase name="Equals (79)" classname="spec_perl_TestBitsUnalignedB32Be_t" time="0.00182509422302246" />
    <testcase name="Equals (80)" classname="spec_perl_TestBitsUnalignedB32Be_t" time="7.89165496826172e-05" />
    <testcase name="Equals (81)" classname="spec_perl_TestBitsUnalignedB32Be_t" time="6.31809234619141e-05" />
  </testsuite>
  <testsuite name="spec_perl_TestExprArray_t" errors="0" failures="1" skipped="0" tests="15" time="0.0437028408050537">
    <system-out>1..15
ok 1 - Equals
ok 2 - Equals
ok 3 - Equals
ok 4 - Equals
ok 5 - Equals
ok 6 - Equals
ok 7 - Approx equals
ok 8 - Approx equals
not ok 9 - Approx equals
ok 10 - Approx equals
ok 11 - Equals
ok 12 - Equals
ok 13 - Equals
ok 14 - Equals
ok 15 - Equals
</system-out>
    <testcase name="Equals (82)" classname="spec_perl_TestExprArray_t" time="0.0015418529510498" />
    <testcase name="Equals (83)" classname="spec_perl_TestExprArray_t" time="7.60555267333984e-05" />
    <testcase name="Equals (84)" classname="spec_perl_TestExprArray_t" time="5.29289245605469e-05" />
    <testcase name="Equals (85)" classname="spec_perl_TestExprArray_t" time="7.41481781005859e-05" />
    <testcase name="Equals (86)" classname="spec_perl_TestExprArray_t" time="5.19752502441406e-05" />
    <testcase name="Equals (87)" classname="spec_perl_TestExprArray_t" time="9.39369201660156e-05" />
    <testcase name="Approx equals (87)" classname="spec_perl_TestExprArray_t" time="6.19888305664062e-05" />
    <testcase name="Approx equals (88)" classname="spec_perl_TestExprArray_t" time="5.19752502441406e-05" />
    <testcase name="Approx equals (89)" classname="spec_perl_TestExprArray_t" time="6.103515625e-05">
      <failure message="not ok 9 - Approx equals" type="TAP::Parser::Result::Test"></failure>
    </testcase>
    <testcase name="Approx equals (90)" classname="spec_perl_TestExprArray_t" time="0.000870943069458008" />
    <testcase name="Equals (90)" classname="spec_perl_TestExprArray_t" time="5.00679016113281e-05" />
    <testcase name="Equals (91)" classname="spec_perl_TestExprArray_t" time="7.60555267333984e-05" />
    <testcase name="Equals (92)" classname="spec_perl_TestExprArray_t" time="4.69684600830078e-05" />
    <testcase name="Equals (93)" classname="spec_perl_TestExprArray_t" time="3.69548797607422e-05" />
    <testcase name="Equals (94)" classname="spec_perl_TestExprArray_t" time="3.40938568115234e-05" />
  </testsuite>
  <testsuite name="spec_perl_TestIndexToParamExpr_t" errors="0" failures="2" skipped="0" tests="7" time="0.0492520332336426">
    <system-out>1..7
ok 1 - Equals
ok 2 - Equals
ok 3 - Equals
ok 4 - Equals
ok 5 - Equals
not ok 6 - Equals
not ok 7 - Equals
</system-out>
    <testcase name="Equals (95)" classname="spec_perl_TestIndexToParamExpr_t" time="0.00250101089477539" />
    <testcase name="Equals (96)" classname="spec_perl_TestIndexToParamExpr_t" time="0.000126838684082031" />
    <testcase name="Equals (97)" classname="spec_perl_TestIndexToParamExpr_t" time="0.000104188919067383" />
    <testcase name="Equals (98)" classname="spec_perl_TestIndexToParamExpr_t" time="9.89437103271484e-05" />
    <testcase name="Equals (99)" classname="spec_perl_TestIndexToParamExpr_t" time="5.98430633544922e-05" />
    <testcase name="Equals (100)" classname="spec_perl_TestIndexToParamExpr_t" time="0.000124216079711914">
      <failure message="not ok 6 - Equals" type="TAP::Parser::Result::Test"></failure>
    </testcase>
    <testcase name="Equals (101)" classname="spec_perl_TestIndexToParamExpr_t" time="0.000960826873779297">
      <failure message="not ok 7 - Equals" type="TAP::Parser::Result::Test"></failure>
    </testcase>
  </testsuite>
  <testsuite name="spec_perl_TestEnumIntRangeS_t" errors="0" failures="0" skipped="0" tests="3" time="0.0410161018371582">
    <system-out>1..3
ok 1 - Equals
ok 2 - Equals
ok 3 - Equals
</system-out>
    <testcase name="Equals (102)" classname="spec_perl_TestEnumIntRangeS_t" time="0.00127577781677246" />
    <testcase name="Equals (103)" classname="spec_perl_TestEnumIntRangeS_t" time="8.41617584228516e-05" />
    <testcase name="Equals (104)" classname="spec_perl_TestEnumIntRangeS_t" time="4.50611114501953e-05" />
  </testsuite>
  <testsuite name="spec_perl_TestSwitchManualEnumInvalidElse_t" errors="0" failures="0" skipped="0" tests="5" time="0.0451300144195557">
    <system-out>1..5
ok 1 - Equals
ok 2 - Equals
ok 3 - Equals
ok 4 - Equals
ok 5 - Equals
</system-out>
    <testcase name="Equals (105)" classname="spec_perl_TestSwitchManualEnumInvalidElse_t" time="0.00175595283508301" />
    <testcase name="Equals (106)" classname="spec_perl_TestSwitchManualEnumInvalidElse_t" time="0.000121116638183594" />
    <testcase name="Equals (107)" classname="spec_perl_TestSwitchManualEnumInvalidElse_t" time="0.000107049942016602" />
    <testcase name="Equals (108)" classname="spec_perl_TestSwitchManualEnumInvalidElse_t" time="6.4849853515625e-05" />
    <testcase name="Equals (109)" classname="spec_perl_TestSwitchManualEnumInvalidElse_t" time="8.51154327392578e-05" />
  </testsuite>
  <testsuite name="spec_perl_TestEnumToIClassBorder1_t" errors="0" failures="1" skipped="0" tests="3" time="0.0376858711242676">
    <system-out>1..3
ok 1 - Equals
ok 2 - Equals
not ok 3 - test_enum_to_i_class_border_1 died (Can't call method &quot;some_dog&quot; on an undefined value at compiled/perl/EnumToIClassBorder2.pm line 42.)
</system-out>
    <testcase name="Equals (110)" classname="spec_perl_TestEnumToIClassBorder1_t" time="0.00142693519592285" />
    <testcase name="Equals (111)" classname="spec_perl_TestEnumToIClassBorder1_t" time="0.000134944915771484" />
    <testcase name="test_enum_to_i_class_border_1 died (Can't call method &quot;some_dog&quot; on an undefined value at compiled/perl/EnumToIClassBorder2.pm line 42.) (111)" classname="spec_perl_TestEnumToIClassBorder1_t" time="9.29832458496094e-05">
      <failure message="not ok 3 - test_enum_to_i_class_border_1 died (Can't call method &quot;some_dog&quot; on an undefined value at compiled/perl/EnumToIClassBorder2.pm line 42.)" type="TAP::Parser::Result::Test"></failure>
    </testcase>
  </testsuite>
  <testsuite name="spec_perl_TestNavParentFalse2_t" errors="0" failures="0" skipped="0" tests="1" time="0.0383379459381104">
    <system-out>1..1
ok 1 - Equals
</system-out>
    <testcase name="Equals (112)" classname="spec_perl_TestNavParentFalse2_t" time="0.00141382217407227" />
  </testsuite>
  <testsuite name="spec_perl_TestExprIfIntOps_t" errors="0" failures="0" skipped="0" tests="2" time="0.0392351150512695">
    <system-out>1..2
ok 1 - Equals
ok 2 - Equals
</system-out>
    <testcase name="Equals (113)" classname="spec_perl_TestExprIfIntOps_t" time="0.00146985054016113" />
    <testcase name="Equals (114)" classname="spec_perl_TestExprIfIntOps_t" time="7.60555267333984e-05" />
  </testsuite>
  <testsuite name="spec_perl_TestStrEncodingsUtf16_t" errors="0" failures="0" skipped="0" tests="6" time="0.0526490211486816">
    <system-out>1..6
ok 1 - Equals
ok 2 - Equals
ok 3 - Equals
ok 4 - Equals
ok 5 - Equals
ok 6 - Equals
</system-out>
    <testcase name="Equals (115)" classname="spec_perl_TestStrEncodingsUtf16_t" time="0.00283503532409668" />
    <testcase name="Equals (116)" classname="spec_perl_TestStrEncodingsUtf16_t" time="0.000115871429443359" />
    <testcase name="Equals (117)" classname="spec_perl_TestStrEncodingsUtf16_t" time="6.60419464111328e-05" />
    <testcase name="Equals (118)" classname="spec_perl_TestStrEncodingsUtf16_t" time="9.10758972167969e-05" />
    <testcase name="Equals (119)" classname="spec_perl_TestStrEncodingsUtf16_t" time="7.20024108886719e-05" />
    <testcase name="Equals (120)" classname="spec_perl_TestStrEncodingsUtf16_t" time="7.51018524169922e-05" />
  </testsuite>
  <testsuite name="spec_perl_TestDebug0_t" errors="0" failures="0" skipped="1" tests="1" time="0.0359721183776855">
    <system-out>1..1
ok 1 # skip test_debug_0
</system-out>
    <testcase name="Unnamed test case 120" classname="spec_perl_TestDebug0_t" time="0.00142002105712891">
      <skipped message="ok 1 # skip test_debug_0" />
    </testcase>
  </testsuite>
  <testsuite name="spec_perl_TestDefaultEndianExprException_t" errors="0" failures="0" skipped="0" tests="1" time="0.0424938201904297">
    <system-out>1..1
ok 1 - threw /^Unable to decide on endianness/
</system-out>
    <testcase name="threw /^Unable to decide on endianness/ (120)" classname="spec_perl_TestDefaultEndianExprException_t" time="0.00235605239868164" />
  </testsuite>
  <testsuite name="spec_perl_TestSwitchManualIntElse_t" errors="0" failures="0" skipped="0" tests="9" time="0.0463290214538574">
    <system-out>1..9
ok 1 - Equals
ok 2 - Equals
ok 3 - Equals
ok 4 - Equals
ok 5 - Equals
ok 6 - Equals
ok 7 - Equals
ok 8 - Equals
ok 9 - Equals
</system-out>
    <testcase name="Equals (121)" classname="spec_perl_TestSwitchManualIntElse_t" time="0.00204086303710938" />
    <testcase name="Equals (122)" classname="spec_perl_TestSwitchManualIntElse_t" time="7.70092010498047e-05" />
    <testcase name="Equals (123)" classname="spec_perl_TestSwitchManualIntElse_t" time="4.72068786621094e-05" />
    <testcase name="Equals (124)" classname="spec_perl_TestSwitchManualIntElse_t" time="5.48362731933594e-05" />
    <testcase name="Equals (125)" classname="spec_perl_TestSwitchManualIntElse_t" time="8.41617584228516e-05" />
    <testcase name="Equals (126)" classname="spec_perl_TestSwitchManualIntElse_t" time="0.000122785568237305" />
    <testcase name="Equals (127)" classname="spec_perl_TestSwitchManualIntElse_t" time="5.91278076171875e-05" />
    <testcase name="Equals (128)" classname="spec_perl_TestSwitchManualIntElse_t" time="0.0001220703125" />
    <testcase name="Equals (129)" classname="spec_perl_TestSwitchManualIntElse_t" time="9.08374786376953e-05" />
  </testsuite>
  <testsuite name="spec_perl_TestSwitchManualIntSize_t" errors="0" failures="0" skipped="0" tests="10" time="0.0472939014434814">
    <system-out>1..10
ok 1 - Equals
ok 2 - Equals
ok 3 - Equals
ok 4 - Equals
ok 5 - Equals
ok 6 - Equals
ok 7 - Equals
ok 8 - Equals
ok 9 - Equals
ok 10 - Equals
</system-out>
    <testcase name="Equals (130)" classname="spec_perl_TestSwitchManualIntSize_t" time="0.00224900245666504" />
    <testcase name="Equals (131)" classname="spec_perl_TestSwitchManualIntSize_t" time="8.60691070556641e-05" />
    <testcase name="Equals (132)" classname="spec_perl_TestSwitchManualIntSize_t" time="9.58442687988281e-05" />
    <testcase name="Equals (133)" classname="spec_perl_TestSwitchManualIntSize_t" time="6.103515625e-05" />
    <testcase name="Equals (134)" classname="spec_perl_TestSwitchManualIntSize_t" time="5.91278076171875e-05" />
    <testcase name="Equals (135)" classname="spec_perl_TestSwitchManualIntSize_t" time="0.000140905380249023" />
    <testcase name="Equals (136)" classname="spec_perl_TestSwitchManualIntSize_t" time="9.98973846435547e-05" />
    <testcase name="Equals (137)" classname="spec_perl_TestSwitchManualIntSize_t" time="9.41753387451172e-05" />
    <testcase name="Equals (138)" classname="spec_perl_TestSwitchManualIntSize_t" time="9.98973846435547e-05" />
    <testcase name="Equals (139)" classname="spec_perl_TestSwitchManualIntSize_t" time="0.000127077102661133" />
  </testsuite>
  <testsuite name="spec_perl_TestExprIoEof_t" errors="0" failures="0" skipped="0" tests="4" time="0.0385191440582275">
    <system-out>1..4
ok 1 - Equals
ok 2 - nil
ok 3 - Equals
ok 4 - Equals
</system-out>
    <testcase name="Equals (140)" classname="spec_perl_TestExprIoEof_t" time="0.00203895568847656" />
    <testcase name="nil (140)" classname="spec_perl_TestExprIoEof_t" time="8.60691070556641e-05" />
    <testcase name="Equals (141)" classname="spec_perl_TestExprIoEof_t" time="5.69820404052734e-05" />
    <testcase name="Equals (142)" classname="spec_perl_TestExprIoEof_t" time="0.000158071517944336" />
  </testsuite>
  <testsuite name="spec_perl_TestEofExceptionU4_t" errors="0" failures="0" skipped="0" tests="1" time="0.0404770374298096">
    <system-out>1..1
ok 1 - threw /^Requested \d+ bytes, but only \d+ bytes available/
</system-out>
    <testcase name="threw /^Requested \d+ bytes, but only \d+ bytes available/ (142)" classname="spec_perl_TestEofExceptionU4_t" time="0.00171589851379395" />
  </testsuite>
  <testsuite name="spec_perl_TestCastToImported_t" errors="0" failures="0" skipped="0" tests="2" time="0.0388808250427246">
    <system-out>1..2
ok 1 - Equals
ok 2 - Equals
</system-out>
    <testcase name="Equals (143)" classname="spec_perl_TestCastToImported_t" time="0.00144600868225098" />
    <testcase name="Equals (144)" classname="spec_perl_TestCastToImported_t" time="0.000101089477539062" />
  </testsuite>
  <testsuite name="spec_perl_TestInstanceStdArray_t" errors="0" failures="0" skipped="0" tests="7" time="0.0399031639099121">
    <system-out>1..7
ok 1 - Equals
ok 2 - Equals
ok 3 - Equals
ok 4 - Equals
ok 5 - Equals
ok 6 - Equals
ok 7 - Equals
</system-out>
    <testcase name="Equals (145)" classname="spec_perl_TestInstanceStdArray_t" time="0.00148296356201172" />
    <testcase name="Equals (146)" classname="spec_perl_TestInstanceStdArray_t" time="0.000111103057861328" />
    <testcase name="Equals (147)" classname="spec_perl_TestInstanceStdArray_t" time="4.88758087158203e-05" />
    <testcase name="Equals (148)" classname="spec_perl_TestInstanceStdArray_t" time="6.50882720947266e-05" />
    <testcase name="Equals (149)" classname="spec_perl_TestInstanceStdArray_t" time="5.60283660888672e-05" />
    <testcase name="Equals (150)" classname="spec_perl_TestInstanceStdArray_t" time="0.00011897087097168" />
    <testcase name="Equals (151)" classname="spec_perl_TestInstanceStdArray_t" time="8.48770141601562e-05" />
  </testsuite>
  <testsuite name="spec_perl_TestNavParentSwitch_t" errors="0" failures="0" skipped="0" tests="3" time="0.0347840785980225">
    <system-out>1..3
ok 1 - Equals
ok 2 - Equals
ok 3 - Equals
</system-out>
    <testcase name="Equals (152)" classname="spec_perl_TestNavParentSwitch_t" time="0.00169992446899414" />
    <testcase name="Equals (153)" classname="spec_perl_TestNavParentSwitch_t" time="9.98973846435547e-05" />
    <testcase name="Equals (154)" classname="spec_perl_TestNavParentSwitch_t" time="5.60283660888672e-05" />
  </testsuite>
  <testsuite name="spec_perl_TestParamsPassArrayUsertype_t" errors="0" failures="1" skipped="4" tests="5" time="0.0427141189575195">
    <system-out>1..5
not ok 1 - test_params_pass_array_usertype died (Can't use an undefined value as an ARRAY reference at compiled/perl/ParamsPassArrayUsertype.pm line 123.)
ok 2 # skip test_params_pass_array_usertype died
ok 3 # skip test_params_pass_array_usertype died
ok 4 # skip test_params_pass_array_usertype died
ok 5 # skip test_params_pass_array_usertype died
</system-out>
    <testcase name="test_params_pass_array_usertype died (Can't use an undefined value as an ARRAY reference at compiled/perl/ParamsPassArrayUsertype.pm line 123.) (154)" classname="spec_perl_TestParamsPassArrayUsertype_t" time="0.00158810615539551">
      <failure message="not ok 1 - test_params_pass_array_usertype died (Can't use an undefined value as an ARRAY reference at compiled/perl/ParamsPassArrayUsertype.pm line 123.)" type="TAP::Parser::Result::Test"></failure>
    </testcase>
    <testcase name="Unnamed test case 154" classname="spec_perl_TestParamsPassArrayUsertype_t" time="0.000106096267700195">
      <skipped message="ok 2 # skip test_params_pass_array_usertype died" />
    </testcase>
    <testcase name="Unnamed test case 155" classname="spec_perl_TestParamsPassArrayUsertype_t" time="5.38825988769531e-05">
      <skipped message="ok 3 # skip test_params_pass_array_usertype died" />
    </testcase>
    <testcase name="Unnamed test case 156" classname="spec_perl_TestParamsPassArrayUsertype_t" time="6.29425048828125e-05">
      <skipped message="ok 4 # skip test_params_pass_array_usertype died" />
    </testcase>
    <testcase name="Unnamed test case 157" classname="spec_perl_TestParamsPassArrayUsertype_t" time="4.10079956054688e-05">
      <skipped message="ok 5 # skip test_params_pass_array_usertype died" />
    </testcase>
  </testsuite>
  <testsuite name="spec_perl_TestSwitchManualEnum_t" errors="0" failures="0" skipped="0" tests="9" time="0.0475168228149414">
    <system-out>1..9
ok 1 - Equals
ok 2 - Equals
ok 3 - Equals
ok 4 - Equals
ok 5 - Equals
ok 6 - Equals
ok 7 - Equals
ok 8 - Equals
ok 9 - Equals
</system-out>
    <testcase name="Equals (157)" classname="spec_perl_TestSwitchManualEnum_t" time="0.00160980224609375" />
    <testcase name="Equals (158)" classname="spec_perl_TestSwitchManualEnum_t" time="8.0108642578125e-05" />
    <testcase name="Equals (159)" classname="spec_perl_TestSwitchManualEnum_t" time="4.50611114501953e-05" />
    <testcase name="Equals (160)" classname="spec_perl_TestSwitchManualEnum_t" time="7.79628753662109e-05" />
    <testcase name="Equals (161)" classname="spec_perl_TestSwitchManualEnum_t" time="0.000169038772583008" />
    <testcase name="Equals (162)" classname="spec_perl_TestSwitchManualEnum_t" time="0.000488042831420898" />
    <testcase name="Equals (163)" classname="spec_perl_TestSwitchManualEnum_t" time="5.57899475097656e-05" />
    <testcase name="Equals (164)" classname="spec_perl_TestSwitchManualEnum_t" time="3.91006469726562e-05" />
    <testcase name="Equals (165)" classname="spec_perl_TestSwitchManualEnum_t" time="3.79085540771484e-05" />
  </testsuite>
  <testsuite name="spec_perl_TestInstanceStd_t" errors="0" failures="0" skipped="0" tests="1" time="0.0559191703796387">
    <system-out>1..1
ok 1 - Equals
</system-out>
    <testcase name="Equals (166)" classname="spec_perl_TestInstanceStd_t" time="0.00158214569091797" />
  </testsuite>
  <testsuite name="spec_perl_TestIndexSizes_t" errors="0" failures="0" skipped="0" tests="7" time="0.0474939346313477">
    <system-out>1..7
ok 1 - Equals
ok 2 - Equals
ok 3 - Equals
ok 4 - Equals
ok 5 - Equals
ok 6 - Equals
ok 7 - Equals
</system-out>
    <testcase name="Equals (167)" classname="spec_perl_TestIndexSizes_t" time="0.00141406059265137" />
    <testcase name="Equals (168)" classname="spec_perl_TestIndexSizes_t" time="7.48634338378906e-05" />
    <testcase name="Equals (169)" classname="spec_perl_TestIndexSizes_t" time="6.50882720947266e-05" />
    <testcase name="Equals (170)" classname="spec_perl_TestIndexSizes_t" time="0.000103950500488281" />
    <testcase name="Equals (171)" classname="spec_perl_TestIndexSizes_t" time="6.19888305664062e-05" />
    <testcase name="Equals (172)" classname="spec_perl_TestIndexSizes_t" time="9.79900360107422e-05" />
    <testcase name="Equals (173)" classname="spec_perl_TestIndexSizes_t" time="8.79764556884766e-05" />
  </testsuite>
  <testsuite name="spec_perl_TestDebugSwitchUser_t" errors="1" failures="0" skipped="0" tests="0" time="0.0307152271270752">
    <system-out></system-out>
    <testcase name="Test died too soon, even before plan. (173)" classname="spec_perl_TestDebugSwitchUser_t" time="0.0307152271270752">
      <failure message="The test suite died before a plan was produced. You need to have a plan." type="Plan">No plan</failure>
    </testcase>
  </testsuite>
  <testsuite name="spec_perl_TestEnum0_t" errors="0" failures="0" skipped="0" tests="2" time="0.03851318359375">
    <system-out>1..2
ok 1 - Equals
ok 2 - Equals
</system-out>
    <testcase name="Equals (174)" classname="spec_perl_TestEnum0_t" time="0.00127196311950684" />
    <testcase name="Equals (175)" classname="spec_perl_TestEnum0_t" time="7.79628753662109e-05" />
  </testsuite>
  <testsuite name="spec_perl_TestBitsEnum_t" errors="0" failures="0" skipped="0" tests="3" time="0.0394511222839355">
    <system-out>1..3
ok 1 - Equals
ok 2 - Equals
ok 3 - Equals
</system-out>
    <testcase name="Equals (176)" classname="spec_perl_TestBitsEnum_t" time="0.00130510330200195" />
    <testcase name="Equals (177)" classname="spec_perl_TestBitsEnum_t" time="7.39097595214844e-05" />
    <testcase name="Equals (178)" classname="spec_perl_TestBitsEnum_t" time="4.69684600830078e-05" />
  </testsuite>
  <testsuite name="spec_perl_TestFloatingPoints_t" errors="0" failures="0" skipped="0" tests="8" time="0.0420939922332764">
    <system-out>1..8
ok 1 - Approx equals
ok 2 - Approx equals
ok 3 - Approx equals
ok 4 - Approx equals
ok 5 - Approx equals
ok 6 - Approx equals
ok 7 - Approx equals
ok 8 - Approx equals
</system-out>
    <testcase name="Approx equals (178)" classname="spec_perl_TestFloatingPoints_t" time="0.0013420581817627" />
    <testcase name="Approx equals (179)" classname="spec_perl_TestFloatingPoints_t" time="8.08238983154297e-05" />
    <testcase name="Approx equals (180)" classname="spec_perl_TestFloatingPoints_t" time="4.50611114501953e-05" />
    <testcase name="Approx equals (181)" classname="spec_perl_TestFloatingPoints_t" time="5.60283660888672e-05" />
    <testcase name="Approx equals (182)" classname="spec_perl_TestFloatingPoints_t" time="7.98702239990234e-05" />
    <testcase name="Approx equals (183)" classname="spec_perl_TestFloatingPoints_t" time="5.00679016113281e-05" />
    <testcase name="Approx equals (184)" classname="spec_perl_TestFloatingPoints_t" time="4.1961669921875e-05" />
    <testcase name="Approx equals (185)" classname="spec_perl_TestFloatingPoints_t" time="3.60012054443359e-05" />
  </testsuite>
  <testsuite name="spec_perl_TestNestedTypes_t" errors="0" failures="0" skipped="0" tests="3" time="0.039355993270874">
    <system-out>1..3
ok 1 - Equals
ok 2 - Equals
ok 3 - Equals
</system-out>
    <testcase name="Equals (185)" classname="spec_perl_TestNestedTypes_t" time="0.00130701065063477" />
    <testcase name="Equals (186)" classname="spec_perl_TestNestedTypes_t" time="7.79628753662109e-05" />
    <testcase name="Equals (187)" classname="spec_perl_TestNestedTypes_t" time="8.58306884765625e-05" />
  </testsuite>
  <testsuite name="spec_perl_TestParamsPassUsertype_t" errors="0" failures="1" skipped="1" tests="2" time="0.0466580390930176">
    <system-out>1..2
not ok 1 - test_params_pass_usertype died (Can't call method &quot;foo&quot; on an undefined value at compiled/perl/ParamsPassUsertype.pm line 119.)
ok 2 # skip test_params_pass_usertype died
</system-out>
    <testcase name="test_params_pass_usertype died (Can't call method &quot;foo&quot; on an undefined value at compiled/perl/ParamsPassUsertype.pm line 119.) (187)" classname="spec_perl_TestParamsPassUsertype_t" time="0.00176692008972168">
      <failure message="not ok 1 - test_params_pass_usertype died (Can't call method &quot;foo&quot; on an undefined value at compiled/perl/ParamsPassUsertype.pm line 119.)" type="TAP::Parser::Result::Test"></failure>
    </testcase>
    <testcase name="Unnamed test case 187" classname="spec_perl_TestParamsPassUsertype_t" time="0.00011897087097168">
      <skipped message="ok 2 # skip test_params_pass_usertype died" />
    </testcase>
  </testsuite>
  <testsuite name="spec_perl_TestParamsPassBool_t" errors="0" failures="1" skipped="13" tests="14" time="0.0414609909057617">
    <system-out>1..14
not ok 1 - test_params_pass_bool died (Requested 2 bytes, but only 1 bytes available at ../runtime/perl/lib/IO/KaitaiStruct.pm line 338.)
ok 2 # skip test_params_pass_bool died
ok 3 # skip test_params_pass_bool died
ok 4 # skip test_params_pass_bool died
ok 5 # skip test_params_pass_bool died
ok 6 # skip test_params_pass_bool died
ok 7 # skip test_params_pass_bool died
ok 8 # skip test_params_pass_bool died
ok 9 # skip test_params_pass_bool died
ok 10 # skip test_params_pass_bool died
ok 11 # skip test_params_pass_bool died
ok 12 # skip test_params_pass_bool died
ok 13 # skip test_params_pass_bool died
ok 14 # skip test_params_pass_bool died
</system-out>
    <testcase name="test_params_pass_bool died (Requested 2 bytes, but only 1 bytes available at ../runtime/perl/lib/IO/KaitaiStruct.pm line 338.) (187)" classname="spec_perl_TestParamsPassBool_t" time="0.00158405303955078">
      <failure message="not ok 1 - test_params_pass_bool died (Requested 2 bytes, but only 1 bytes available at ../runtime/perl/lib/IO/KaitaiStruct.pm line 338.)" type="TAP::Parser::Result::Test"></failure>
    </testcase>
    <testcase name="Unnamed test case 188" classname="spec_perl_TestParamsPassBool_t" time="0.000118017196655273">
      <skipped message="ok 2 # skip test_params_pass_bool died" />
    </testcase>
    <testcase name="Unnamed test case 189" classname="spec_perl_TestParamsPassBool_t" time="5.79357147216797e-05">
      <skipped message="ok 3 # skip test_params_pass_bool died" />
    </testcase>
    <testcase name="Unnamed test case 190" classname="spec_perl_TestParamsPassBool_t" time="4.60147857666016e-05">
      <skipped message="ok 4 # skip test_params_pass_bool died" />
    </testcase>
    <testcase name="Unnamed test case 191" classname="spec_perl_TestParamsPassBool_t" time="4.31537628173828e-05">
      <skipped message="ok 5 # skip test_params_pass_bool died" />
    </testcase>
    <testcase name="Unnamed test case 192" classname="spec_perl_TestParamsPassBool_t" time="4.29153442382812e-05">
      <skipped message="ok 6 # skip test_params_pass_bool died" />
    </testcase>
    <testcase name="Unnamed test case 193" classname="spec_perl_TestParamsPassBool_t" time="7.20024108886719e-05">
      <skipped message="ok 7 # skip test_params_pass_bool died" />
    </testcase>
    <testcase name="Unnamed test case 194" classname="spec_perl_TestParamsPassBool_t" time="5.19752502441406e-05">
      <skipped message="ok 8 # skip test_params_pass_bool died" />
    </testcase>
    <testcase name="Unnamed test case 195" classname="spec_perl_TestParamsPassBool_t" time="4.50611114501953e-05">
      <skipped message="ok 9 # skip test_params_pass_bool died" />
    </testcase>
    <testcase name="Unnamed test case 196" classname="spec_perl_TestParamsPassBool_t" time="4.29153442382812e-05">
      <skipped message="ok 10 # skip test_params_pass_bool died" />
    </testcase>
    <testcase name="Unnamed test case 197" classname="spec_perl_TestParamsPassBool_t" time="4.10079956054688e-05">
      <skipped message="ok 11 # skip test_params_pass_bool died" />
    </testcase>
    <testcase name="Unnamed test case 198" classname="spec_perl_TestParamsPassBool_t" time="4.1961669921875e-05">
      <skipped message="ok 12 # skip test_params_pass_bool died" />
    </testcase>
    <testcase name="Unnamed test case 199" classname="spec_perl_TestParamsPassBool_t" time="6.41345977783203e-05">
      <skipped message="ok 13 # skip test_params_pass_bool died" />
    </testcase>
    <testcase name="Unnamed test case 200" classname="spec_perl_TestParamsPassBool_t" time="4.88758087158203e-05">
      <skipped message="ok 14 # skip test_params_pass_bool died" />
    </testcase>
  </testsuite>
  <testsuite name="spec_perl_TestStrEncodings_t" errors="0" failures="0" skipped="0" tests="4" time="0.0491280555725098">
    <system-out>1..4
ok 1 - Equals
ok 2 - Equals
ok 3 - Equals
ok 4 - Equals
</system-out>
    <testcase name="Equals (200)" classname="spec_perl_TestStrEncodings_t" time="0.00535106658935547" />
    <testcase name="Equals (201)" classname="spec_perl_TestStrEncodings_t" time="9.79900360107422e-05" />
    <testcase name="Equals (202)" classname="spec_perl_TestStrEncodings_t" time="5.69820404052734e-05" />
    <testcase name="Equals (203)" classname="spec_perl_TestStrEncodings_t" time="7.70092010498047e-05" />
  </testsuite>
  <testsuite name="spec_perl_TestBitsShiftByB64Le_t" errors="0" failures="0" skipped="0" tests="2" time="0.0399618148803711">
    <system-out>1..2
ok 1 - Equals
ok 2 - Equals
</system-out>
    <testcase name="Equals (204)" classname="spec_perl_TestBitsShiftByB64Le_t" time="0.00172805786132812" />
    <testcase name="Equals (205)" classname="spec_perl_TestBitsShiftByB64Le_t" time="0.000243902206420898" />
  </testsuite>
  <testsuite name="spec_perl_TestEnumOfValueInst_t" errors="0" failures="0" skipped="0" tests="4" time="0.0366661548614502">
    <system-out>1..4
ok 1 - Equals
ok 2 - Equals
ok 3 - Equals
ok 4 - Equals
</system-out>
    <testcase name="Equals (206)" classname="spec_perl_TestEnumOfValueInst_t" time="0.00145792961120605" />
    <testcase name="Equals (207)" classname="spec_perl_TestEnumOfValueInst_t" time="0.000112056732177734" />
    <testcase name="Equals (208)" classname="spec_perl_TestEnumOfValueInst_t" time="7.10487365722656e-05" />
    <testcase name="Equals (209)" classname="spec_perl_TestEnumOfValueInst_t" time="5.79357147216797e-05" />
  </testsuite>
  <testsuite name="spec_perl_TestValidShort_t" errors="0" failures="0" skipped="1" tests="1" time="0.043208122253418">
    <system-out>1..1
ok 1 # skip ValidShort=HASH(0x558c78239738)
</system-out>
    <testcase name="Unnamed test case 209" classname="spec_perl_TestValidShort_t" time="0.00182390213012695">
      <skipped message="ok 1 # skip ValidShort=HASH(0x558c78239738)" />
    </testcase>
  </testsuite>
  <testsuite name="spec_perl_TestDebugEnumName_t" errors="1" failures="0" skipped="0" tests="0" time="0.0331020355224609">
    <system-out></system-out>
    <testcase name="Test died too soon, even before plan. (209)" classname="spec_perl_TestDebugEnumName_t" time="0.0331020355224609">
      <failure message="The test suite died before a plan was produced. You need to have a plan." type="Plan">No plan</failure>
    </testcase>
  </testsuite>
  <testsuite name="spec_perl_TestDefaultEndianExprInherited_t" errors="0" failures="0" skipped="0" tests="15" time="0.0374670028686523">
    <system-out>1..15
ok 1 - Equals
ok 2 - Equals
ok 3 - Equals
ok 4 - Equals
ok 5 - Equals
ok 6 - Equals
ok 7 - Equals
ok 8 - Equals
ok 9 - Equals
ok 10 - Equals
ok 11 - Equals
ok 12 - Equals
ok 13 - Equals
ok 14 - Equals
ok 15 - Equals
</system-out>
    <testcase name="Equals (210)" classname="spec_perl_TestDefaultEndianExprInherited_t" time="0.00146198272705078" />
    <testcase name="Equals (211)" classname="spec_perl_TestDefaultEndianExprInherited_t" time="6.60419464111328e-05" />
    <testcase name="Equals (212)" classname="spec_perl_TestDefaultEndianExprInherited_t" time="5.29289245605469e-05" />
    <testcase name="Equals (213)" classname="spec_perl_TestDefaultEndianExprInherited_t" time="6.89029693603516e-05" />
    <testcase name="Equals (214)" classname="spec_perl_TestDefaultEndianExprInherited_t" time="0.000163078308105469" />
    <testcase name="Equals (215)" classname="spec_perl_TestDefaultEndianExprInherited_t" time="8.70227813720703e-05" />
    <testcase name="Equals (216)" classname="spec_perl_TestDefaultEndianExprInherited_t" time="8.0108642578125e-05" />
    <testcase name="Equals (217)" classname="spec_perl_TestDefaultEndianExprInherited_t" time="0.000120878219604492" />
    <testcase name="Equals (218)" classname="spec_perl_TestDefaultEndianExprInherited_t" time="9.60826873779297e-05" />
    <testcase name="Equals (219)" classname="spec_perl_TestDefaultEndianExprInherited_t" time="9.48905944824219e-05" />
    <testcase name="Equals (220)" classname="spec_perl_TestDefaultEndianExprInherited_t" time="0.000237941741943359" />
    <testcase name="Equals (221)" classname="spec_perl_TestDefaultEndianExprInherited_t" time="0.000102043151855469" />
    <testcase name="Equals (222)" classname="spec_perl_TestDefaultEndianExprInherited_t" time="0.000108003616333008" />
    <testcase name="Equals (223)" classname="spec_perl_TestDefaultEndianExprInherited_t" time="0.000103950500488281" />
    <testcase name="Equals (224)" classname="spec_perl_TestDefaultEndianExprInherited_t" time="0.000140190124511719" />
  </testsuite>
  <testsuite name="spec_perl_TestNestedTypeParam_t" errors="0" failures="2" skipped="0" tests="2" time="0.0477588176727295">
    <system-out>1..2
not ok 1 - Equals
not ok 2 - Equals
</system-out>
    <testcase name="Equals (225)" classname="spec_perl_TestNestedTypeParam_t" time="0.00231480598449707">
      <failure message="not ok 1 - Equals" type="TAP::Parser::Result::Test"></failure>
    </testcase>
    <testcase name="Equals (226)" classname="spec_perl_TestNestedTypeParam_t" time="0.00119805335998535">
      <failure message="not ok 2 - Equals" type="TAP::Parser::Result::Test"></failure>
    </testcase>
  </testsuite>
  <testsuite name="spec_perl_TestSwitchRepeatExprInvalid_t" errors="0" failures="0" skipped="0" tests="3" time="0.0434780120849609">
    <system-out>1..3
ok 1 - Equals
ok 2 - Equals
ok 3 - Equals
</system-out>
    <testcase name="Equals (227)" classname="spec_perl_TestSwitchRepeatExprInvalid_t" time="0.00158882141113281" />
    <testcase name="Equals (228)" classname="spec_perl_TestSwitchRepeatExprInvalid_t" time="7.91549682617188e-05" />
    <testcase name="Equals (229)" classname="spec_perl_TestSwitchRepeatExprInvalid_t" time="4.48226928710938e-05" />
  </testsuite>
  <testsuite name="spec_perl_TestDefaultBitEndianMod_t" errors="0" failures="0" skipped="0" tests="4" time="0.0381929874420166">
    <system-out>1..4
ok 1 - Equals
ok 2 - Equals
ok 3 - Equals
ok 4 - Equals
</system-out>
    <testcase name="Equals (230)" classname="spec_perl_TestDefaultBitEndianMod_t" time="0.00140905380249023" />
    <testcase name="Equals (231)" classname="spec_perl_TestDefaultBitEndianMod_t" time="7.29560852050781e-05" />
    <testcase name="Equals (232)" classname="spec_perl_TestDefaultBitEndianMod_t" time="4.22000885009766e-05" />
    <testcase name="Equals (233)" classname="spec_perl_TestDefaultBitEndianMod_t" time="5.48362731933594e-05" />
  </testsuite>
  <testsuite name="spec_perl_TestSwitchIntegers2_t" errors="0" failures="0" skipped="0" tests="5" time="0.0380599498748779">
    <system-out>1..5
ok 1 - Equals
ok 2 - Equals
ok 3 - Equals
ok 4 - Equals
ok 5 - Equals
</system-out>
    <testcase name="Equals (234)" classname="spec_perl_TestSwitchIntegers2_t" time="0.00146794319152832" />
    <testcase name="Equals (235)" classname="spec_perl_TestSwitchIntegers2_t" time="7.70092010498047e-05" />
    <testcase name="Equals (236)" classname="spec_perl_TestSwitchIntegers2_t" time="4.50611114501953e-05" />
    <testcase name="Equals (237)" classname="spec_perl_TestSwitchIntegers2_t" time="5.69820404052734e-05" />
    <testcase name="Equals (238)" classname="spec_perl_TestSwitchIntegers2_t" time="5.29289245605469e-05" />
  </testsuite>
  <testsuite name="spec_perl_TestFixedContents_t" errors="0" failures="0" skipped="1" tests="1" time="0.0403339862823486">
    <system-out>1..1
ok 1 # skip FixedContents=HASH(0x5622582cb368)
</system-out>
    <testcase name="Unnamed test case 238" classname="spec_perl_TestFixedContents_t" time="0.0020289421081543">
      <skipped message="ok 1 # skip FixedContents=HASH(0x5622582cb368)" />
    </testcase>
  </testsuite>
  <testsuite name="spec_perl_TestStrLiterals_t" errors="0" failures="0" skipped="0" tests="5" time="0.0422039031982422">
    <system-out>1..5
ok 1 - Equals
ok 2 - Equals
ok 3 - Equals
ok 4 - Equals
ok 5 - Equals
</system-out>
    <testcase name="Equals (239)" classname="spec_perl_TestStrLiterals_t" time="0.000626802444458008" />
    <testcase name="Equals (240)" classname="spec_perl_TestStrLiterals_t" time="8.51154327392578e-05" />
    <testcase name="Equals (241)" classname="spec_perl_TestStrLiterals_t" time="4.69684600830078e-05" />
    <testcase name="Equals (242)" classname="spec_perl_TestStrLiterals_t" time="6.103515625e-05" />
    <testcase name="Equals (243)" classname="spec_perl_TestStrLiterals_t" time="7.29560852050781e-05" />
  </testsuite>
  <testsuite name="spec_perl_TestParamsPassArrayInt_t" errors="0" failures="1" skipped="6" tests="7" time="0.0410380363464355">
    <system-out>1..7
not ok 1 - test_params_pass_array_int died (Can't use an undefined value as an ARRAY reference at spec/perl/TestParamsPassArrayInt.t line 14.)
ok 2 # skip test_params_pass_array_int died
ok 3 # skip test_params_pass_array_int died
ok 4 # skip test_params_pass_array_int died
ok 5 # skip test_params_pass_array_int died
ok 6 # skip test_params_pass_array_int died
ok 7 # skip test_params_pass_array_int died
</system-out>
    <testcase name="test_params_pass_array_int died (Can't use an undefined value as an ARRAY reference at spec/perl/TestParamsPassArrayInt.t line 14.) (243)" classname="spec_perl_TestParamsPassArrayInt_t" time="0.00161504745483398">
      <failure message="not ok 1 - test_params_pass_array_int died (Can't use an undefined value as an ARRAY reference at spec/perl/TestParamsPassArrayInt.t line 14.)" type="TAP::Parser::Result::Test"></failure>
    </testcase>
    <testcase name="Unnamed test case 243" classname="spec_perl_TestParamsPassArrayInt_t" time="0.000115156173706055">
      <skipped message="ok 2 # skip test_params_pass_array_int died" />
    </testcase>
    <testcase name="Unnamed test case 244" classname="spec_perl_TestParamsPassArrayInt_t" time="5.69820404052734e-05">
      <skipped message="ok 3 # skip test_params_pass_array_int died" />
    </testcase>
    <testcase name="Unnamed test case 245" classname="spec_perl_TestParamsPassArrayInt_t" time="4.69684600830078e-05">
      <skipped message="ok 4 # skip test_params_pass_array_int died" />
    </testcase>
    <testcase name="Unnamed test case 246" classname="spec_perl_TestParamsPassArrayInt_t" time="6.29425048828125e-05">
      <skipped message="ok 5 # skip test_params_pass_array_int died" />
    </testcase>
    <testcase name="Unnamed test case 247" classname="spec_perl_TestParamsPassArrayInt_t" time="5.79357147216797e-05">
      <skipped message="ok 6 # skip test_params_pass_array_int died" />
    </testcase>
    <testcase name="Unnamed test case 248" classname="spec_perl_TestParamsPassArrayInt_t" time="5.50746917724609e-05">
      <skipped message="ok 7 # skip test_params_pass_array_int died" />
    </testcase>
  </testsuite>
  <testsuite name="spec_perl_TestTermBytes_t" errors="0" failures="0" skipped="0" tests="3" time="0.0382421016693115">
    <system-out>1..3
ok 1 - Equals
ok 2 - Equals
ok 3 - Equals
</system-out>
    <testcase name="Equals (248)" classname="spec_perl_TestTermBytes_t" time="0.00342583656311035" />
    <testcase name="Equals (249)" classname="spec_perl_TestTermBytes_t" time="0.000126123428344727" />
    <testcase name="Equals (250)" classname="spec_perl_TestTermBytes_t" time="6.60419464111328e-05" />
  </testsuite>
  <testsuite name="spec_perl_TestNavParentVsValueInst_t" errors="0" failures="0" skipped="0" tests="1" time="0.0415909290313721">
    <system-out>1..1
ok 1 - Equals
</system-out>
    <testcase name="Equals (251)" classname="spec_perl_TestNavParentVsValueInst_t" time="0.00148487091064453" />
  </testsuite>
  <testsuite name="spec_perl_TestEnumLongRangeU_t" errors="0" failures="0" skipped="0" tests="4" time="0.0415010452270508">
    <system-out>1..4
ok 1 - Equals
ok 2 - Equals
ok 3 - Equals
ok 4 - Equals
</system-out>
    <testcase name="Equals (252)" classname="spec_perl_TestEnumLongRangeU_t" time="0.00132417678833008" />
    <testcase name="Equals (253)" classname="spec_perl_TestEnumLongRangeU_t" time="7.58171081542969e-05" />
    <testcase name="Equals (254)" classname="spec_perl_TestEnumLongRangeU_t" time="5.91278076171875e-05" />
    <testcase name="Equals (255)" classname="spec_perl_TestEnumLongRangeU_t" time="5.19752502441406e-05" />
  </testsuite>
  <testsuite name="spec_perl_TestTermStrz_t" errors="0" failures="0" skipped="0" tests="3" time="0.0430059432983398">
    <system-out>1..3
ok 1 - Equals
ok 2 - Equals
ok 3 - Equals
</system-out>
    <testcase name="Equals (256)" classname="spec_perl_TestTermStrz_t" time="0.00211310386657715" />
    <testcase name="Equals (257)" classname="spec_perl_TestTermStrz_t" time="8.20159912109375e-05" />
    <testcase name="Equals (258)" classname="spec_perl_TestTermStrz_t" time="6.19888305664062e-05" />
  </testsuite>
  <testsuite name="spec_perl_TestImportsAbs_t" errors="0" failures="0" skipped="0" tests="2" time="0.043712854385376">
    <system-out>1..2
ok 1 - Equals
ok 2 - Equals
</system-out>
    <testcase name="Equals (259)" classname="spec_perl_TestImportsAbs_t" time="0.00196599960327148" />
    <testcase name="Equals (260)" classname="spec_perl_TestImportsAbs_t" time="8.392333984375e-05" />
  </testsuite>
  <testsuite name="spec_perl_TestSwitchCast_t" errors="0" failures="0" skipped="0" tests="2" time="0.0413839817047119">
    <system-out>1..2
ok 1 - Equals
ok 2 - Equals
</system-out>
    <testcase name="Equals (261)" classname="spec_perl_TestSwitchCast_t" time="0.00191903114318848" />
    <testcase name="Equals (262)" classname="spec_perl_TestSwitchCast_t" time="0.000103950500488281" />
  </testsuite>
  <testsuite name="spec_perl_TestIndexToParamEos_t" errors="0" failures="2" skipped="0" tests="7" time="0.0460119247436523">
    <system-out>1..7
ok 1 - Equals
ok 2 - Equals
ok 3 - Equals
ok 4 - Equals
ok 5 - Equals
not ok 6 - Equals
not ok 7 - Equals
</system-out>
    <testcase name="Equals (263)" classname="spec_perl_TestIndexToParamEos_t" time="0.00204801559448242" />
    <testcase name="Equals (264)" classname="spec_perl_TestIndexToParamEos_t" time="8.392333984375e-05" />
    <testcase name="Equals (265)" classname="spec_perl_TestIndexToParamEos_t" time="6.89029693603516e-05" />
    <testcase name="Equals (266)" classname="spec_perl_TestIndexToParamEos_t" time="7.10487365722656e-05" />
    <testcase name="Equals (267)" classname="spec_perl_TestIndexToParamEos_t" time="6.103515625e-05" />
    <testcase name="Equals (268)" classname="spec_perl_TestIndexToParamEos_t" time="0.000118017196655273">
      <failure message="not ok 6 - Equals" type="TAP::Parser::Result::Test"></failure>
    </testcase>
    <testcase name="Equals (269)" classname="spec_perl_TestIndexToParamEos_t" time="0.000683069229125977">
      <failure message="not ok 7 - Equals" type="TAP::Parser::Result::Test"></failure>
    </testcase>
  </testsuite>
  <testsuite name="spec_perl_TestImportsRel1_t" errors="0" failures="0" skipped="0" tests="3" time="0.0385730266571045">
    <system-out>1..3
ok 1 - Equals
ok 2 - Equals
ok 3 - Equals
</system-out>
    <testcase name="Equals (270)" classname="spec_perl_TestImportsRel1_t" time="0.00147104263305664" />
    <testcase name="Equals (271)" classname="spec_perl_TestImportsRel1_t" time="0.000115156173706055" />
    <testcase name="Equals (272)" classname="spec_perl_TestImportsRel1_t" time="7.08103179931641e-05" />
  </testsuite>
  <testsuite name="spec_perl_TestExpr0_t" errors="0" failures="0" skipped="0" tests="2" time="0.0377712249755859">
    <system-out>1..2
ok 1 - Equals
ok 2 - Equals
</system-out>
    <testcase name="Equals (273)" classname="spec_perl_TestExpr0_t" time="0.00168704986572266" />
    <testcase name="Equals (274)" classname="spec_perl_TestExpr0_t" time="7.70092010498047e-05" />
  </testsuite>
  <testsuite name="spec_perl_TestNestedTypes3_t" errors="0" failures="0" skipped="0" tests="5" time="0.0443470478057861">
    <system-out>1..5
ok 1 - Equals
ok 2 - Equals
ok 3 - Equals
ok 4 - Equals
ok 5 - Equals
</system-out>
    <testcase name="Equals (275)" classname="spec_perl_TestNestedTypes3_t" time="0.00140810012817383" />
    <testcase name="Equals (276)" classname="spec_perl_TestNestedTypes3_t" time="8.08238983154297e-05" />
    <testcase name="Equals (277)" classname="spec_perl_TestNestedTypes3_t" time="4.60147857666016e-05" />
    <testcase name="Equals (278)" classname="spec_perl_TestNestedTypes3_t" time="5.60283660888672e-05" />
    <testcase name="Equals (279)" classname="spec_perl_TestNestedTypes3_t" time="5.41210174560547e-05" />
  </testsuite>
  <testsuite name="spec_perl_TestEnumImport_t" errors="0" failures="2" skipped="0" tests="2" time="0.0416939258575439">
    <system-out>1..2
not ok 1 - Equals
not ok 2 - Equals
</system-out>
    <testcase name="Equals (280)" classname="spec_perl_TestEnumImport_t" time="0.000195980072021484">
      <failure message="not ok 1 - Equals" type="TAP::Parser::Result::Test"></failure>
    </testcase>
    <testcase name="Equals (281)" classname="spec_perl_TestEnumImport_t" time="9.41753387451172e-05">
      <failure message="not ok 2 - Equals" type="TAP::Parser::Result::Test"></failure>
    </testcase>
  </testsuite>
  <testsuite name="spec_perl_TestExprEnum_t" errors="0" failures="0" skipped="0" tests="3" time="0.0359780788421631">
    <system-out>1..3
ok 1 - Equals
ok 2 - Equals
ok 3 - Equals
</system-out>
    <testcase name="Equals (282)" classname="spec_perl_TestExprEnum_t" time="0.0013129711151123" />
    <testcase name="Equals (283)" classname="spec_perl_TestExprEnum_t" time="7.10487365722656e-05" />
    <testcase name="Equals (284)" classname="spec_perl_TestExprEnum_t" time="3.98159027099609e-05" />
  </testsuite>
  <testsuite name="spec_perl_TestSwitchManualIntSizeEos_t" errors="0" failures="0" skipped="0" tests="10" time="0.0541160106658936">
    <system-out>1..10
ok 1 - Equals
ok 2 - Equals
ok 3 - Equals
ok 4 - Equals
ok 5 - Equals
ok 6 - Equals
ok 7 - Equals
ok 8 - Equals
ok 9 - Equals
ok 10 - Equals
</system-out>
    <testcase name="Equals (285)" classname="spec_perl_TestSwitchManualIntSizeEos_t" time="0.0023341178894043" />
    <testcase name="Equals (286)" classname="spec_perl_TestSwitchManualIntSizeEos_t" time="8.20159912109375e-05" />
    <testcase name="Equals (287)" classname="spec_perl_TestSwitchManualIntSizeEos_t" time="0.000197887420654297" />
    <testcase name="Equals (288)" classname="spec_perl_TestSwitchManualIntSizeEos_t" time="0.000104188919067383" />
    <testcase name="Equals (289)" classname="spec_perl_TestSwitchManualIntSizeEos_t" time="0.000101804733276367" />
    <testcase name="Equals (290)" classname="spec_perl_TestSwitchManualIntSizeEos_t" time="0.00027012825012207" />
    <testcase name="Equals (291)" classname="spec_perl_TestSwitchManualIntSizeEos_t" time="8.392333984375e-05" />
    <testcase name="Equals (292)" classname="spec_perl_TestSwitchManualIntSizeEos_t" time="0.000128030776977539" />
    <testcase name="Equals (293)" classname="spec_perl_TestSwitchManualIntSizeEos_t" time="0.000101089477539062" />
    <testcase name="Equals (294)" classname="spec_perl_TestSwitchManualIntSizeEos_t" time="8.70227813720703e-05" />
  </testsuite>
  <testsuite name="spec_perl_TestParamsPassArrayStruct_t" errors="0" failures="1" skipped="2" tests="3" time="0.0407919883728027">
    <system-out>1..3
not ok 1 - test_params_pass_array_struct died (Can't use an undefined value as an ARRAY reference at spec/perl/TestParamsPassArrayStruct.t line 14.)
ok 2 # skip test_params_pass_array_struct died
ok 3 # skip test_params_pass_array_struct died
</system-out>
    <testcase name="test_params_pass_array_struct died (Can't use an undefined value as an ARRAY reference at spec/perl/TestParamsPassArrayStruct.t line 14.) (294)" classname="spec_perl_TestParamsPassArrayStruct_t" time="0.00214695930480957">
      <failure message="not ok 1 - test_params_pass_array_struct died (Can't use an undefined value as an ARRAY reference at spec/perl/TestParamsPassArrayStruct.t line 14.)" type="TAP::Parser::Result::Test"></failure>
    </testcase>
    <testcase name="Unnamed test case 294" classname="spec_perl_TestParamsPassArrayStruct_t" time="0.000105142593383789">
      <skipped message="ok 2 # skip test_params_pass_array_struct died" />
    </testcase>
    <testcase name="Unnamed test case 295" classname="spec_perl_TestParamsPassArrayStruct_t" time="5.69820404052734e-05">
      <skipped message="ok 3 # skip test_params_pass_array_struct died" />
    </testcase>
  </testsuite>
  <testsuite name="spec_perl_TestParamsPassStruct_t" errors="0" failures="1" skipped="1" tests="4" time="0.0399248600006104">
    <system-out>1..4
ok 1 - Equals
ok 2 - Equals
not ok 3 - test_params_pass_struct died (Can't call method &quot;foo&quot; on an undefined value at spec/perl/TestParamsPassStruct.t line 16.)
ok 4 # skip test_params_pass_struct died
</system-out>
    <testcase name="Equals (295)" classname="spec_perl_TestParamsPassStruct_t" time="0.00168919563293457" />
    <testcase name="Equals (296)" classname="spec_perl_TestParamsPassStruct_t" time="0.000100851058959961" />
    <testcase name="test_params_pass_struct died (Can't call method &quot;foo&quot; on an undefined value at spec/perl/TestParamsPassStruct.t line 16.) (296)" classname="spec_perl_TestParamsPassStruct_t" time="0.000100135803222656">
      <failure message="not ok 3 - test_params_pass_struct died (Can't call method &quot;foo&quot; on an undefined value at spec/perl/TestParamsPassStruct.t line 16.)" type="TAP::Parser::Result::Test"></failure>
    </testcase>
    <testcase name="Unnamed test case 296" classname="spec_perl_TestParamsPassStruct_t" time="9.29832458496094e-05">
      <skipped message="ok 4 # skip test_params_pass_struct died" />
    </testcase>
  </testsuite>
  <testsuite name="spec_perl_TestStrPadTermEmpty_t" errors="0" failures="0" skipped="0" tests="4" time="0.0469770431518555">
    <system-out>1..4
ok 1 - Equals
ok 2 - Equals
ok 3 - Equals
ok 4 - Equals
</system-out>
    <testcase name="Equals (297)" classname="spec_perl_TestStrPadTermEmpty_t" time="0.0016329288482666" />
    <testcase name="Equals (298)" classname="spec_perl_TestStrPadTermEmpty_t" time="0.000128030776977539" />
    <testcase name="Equals (299)" classname="spec_perl_TestStrPadTermEmpty_t" time="6.00814819335938e-05" />
    <testcase name="Equals (300)" classname="spec_perl_TestStrPadTermEmpty_t" time="6.07967376708984e-05" />
  </testsuite>
  <testsuite name="spec_perl_TestEosExceptionBytes_t" errors="0" failures="0" skipped="0" tests="1" time="0.039078950881958">
    <system-out>1..1
ok 1 - threw /^Requested \d+ bytes, but only \d+ bytes available/
</system-out>
    <testcase name="threw /^Requested \d+ bytes, but only \d+ bytes available/ (300)" classname="spec_perl_TestEosExceptionBytes_t" time="0.00190091133117676" />
  </testsuite>
  <testsuite name="spec_perl_TestDocstrings_t" errors="0" failures="0" skipped="1" tests="1" time="0.0383400917053223">
    <system-out>1..1
ok 1 # skip Docstrings=HASH(0x55bc563b4ac0)
</system-out>
    <testcase name="Unnamed test case 300" classname="spec_perl_TestDocstrings_t" time="0.00165581703186035">
      <skipped message="ok 1 # skip Docstrings=HASH(0x55bc563b4ac0)" />
    </testcase>
  </testsuite>
  <testsuite name="spec_perl_TestEnumFancy_t" errors="0" failures="0" skipped="0" tests="2" time="0.0375339984893799">
    <system-out>1..2
ok 1 - Equals
ok 2 - Equals
</system-out>
    <testcase name="Equals (301)" classname="spec_perl_TestEnumFancy_t" time="0.00150609016418457" />
    <testcase name="Equals (302)" classname="spec_perl_TestEnumFancy_t" time="0.000105857849121094" />
  </testsuite>
  <testsuite name="spec_perl_TestProcessCoerceUsertype1_t" errors="0" failures="0" skipped="0" tests="4" time="0.0447180271148682">
    <system-out>1..4
ok 1 - Equals
ok 2 - Equals
ok 3 - Equals
ok 4 - Equals
</system-out>
    <testcase name="Equals (303)" classname="spec_perl_TestProcessCoerceUsertype1_t" time="0.00190210342407227" />
    <testcase name="Equals (304)" classname="spec_perl_TestProcessCoerceUsertype1_t" time="0.000151872634887695" />
    <testcase name="Equals (305)" classname="spec_perl_TestProcessCoerceUsertype1_t" time="5.10215759277344e-05" />
    <testcase name="Equals (306)" classname="spec_perl_TestProcessCoerceUsertype1_t" time="0.000233888626098633" />
  </testsuite>
  <testsuite name="spec_perl_TestToStringCustom_t" errors="0" failures="0" skipped="0" tests="1" time="0.0450620651245117">
    <system-out>1..1
ok 1 - Equals
</system-out>
    <testcase name="Equals (307)" classname="spec_perl_TestToStringCustom_t" time="0.000509977340698242" />
  </testsuite>
  <testsuite name="spec_perl_TestBcdUserTypeBe_t" errors="0" failures="0" skipped="0" tests="6" time="0.045058012008667">
    <system-out>1..6
ok 1 - Equals
ok 2 - Equals
ok 3 - Equals
ok 4 - Equals
ok 5 - Equals
ok 6 - Equals
</system-out>
    <testcase name="Equals (308)" classname="spec_perl_TestBcdUserTypeBe_t" time="0.00213789939880371" />
    <testcase name="Equals (309)" classname="spec_perl_TestBcdUserTypeBe_t" time="9.60826873779297e-05" />
    <testcase name="Equals (310)" classname="spec_perl_TestBcdUserTypeBe_t" time="7.51018524169922e-05" />
    <testcase name="Equals (311)" classname="spec_perl_TestBcdUserTypeBe_t" time="5.29289245605469e-05" />
    <testcase name="Equals (312)" classname="spec_perl_TestBcdUserTypeBe_t" time="9.70363616943359e-05" />
    <testcase name="Equals (313)" classname="spec_perl_TestBcdUserTypeBe_t" time="0.000107049942016602" />
  </testsuite>
  <testsuite name="spec_perl_TestValidOptionalId_t" errors="1" failures="0" skipped="0" tests="0" time="0.0341958999633789">
    <system-out></system-out>
    <testcase name="Test died too soon, even before plan. (313)" classname="spec_perl_TestValidOptionalId_t" time="0.0341958999633789">
      <failure message="The test suite died before a plan was produced. You need to have a plan." type="Plan">No plan</failure>
    </testcase>
  </testsuite>
  <testsuite name="spec_perl_TestSwitchManualStrElse_t" errors="0" failures="0" skipped="0" tests="9" time="0.0473620891571045">
    <system-out>1..9
ok 1 - Equals
ok 2 - Equals
ok 3 - Equals
ok 4 - Equals
ok 5 - Equals
ok 6 - Equals
ok 7 - Equals
ok 8 - Equals
ok 9 - Equals
</system-out>
    <testcase name="Equals (314)" classname="spec_perl_TestSwitchManualStrElse_t" time="0.00144386291503906" />
    <testcase name="Equals (315)" classname="spec_perl_TestSwitchManualStrElse_t" time="7.70092010498047e-05" />
    <testcase name="Equals (316)" classname="spec_perl_TestSwitchManualStrElse_t" time="4.41074371337891e-05" />
    <testcase name="Equals (317)" classname="spec_perl_TestSwitchManualStrElse_t" time="5.50746917724609e-05" />
    <testcase name="Equals (318)" classname="spec_perl_TestSwitchManualStrElse_t" time="5.19752502441406e-05" />
    <testcase name="Equals (319)" classname="spec_perl_TestSwitchManualStrElse_t" time="7.70092010498047e-05" />
    <testcase name="Equals (320)" classname="spec_perl_TestSwitchManualStrElse_t" time="8.98838043212891e-05" />
    <testcase name="Equals (321)" classname="spec_perl_TestSwitchManualStrElse_t" time="7.20024108886719e-05" />
    <testcase name="Equals (322)" classname="spec_perl_TestSwitchManualStrElse_t" time="9.20295715332031e-05" />
  </testsuite>
  <testsuite name="spec_perl_TestTermU1Val_t" errors="0" failures="0" skipped="0" tests="2" time="0.0437850952148438">
    <system-out>1..2
ok 1 - Equals
ok 2 - Equals
</system-out>
    <testcase name="Equals (323)" classname="spec_perl_TestTermU1Val_t" time="0.0016779899597168" />
    <testcase name="Equals (324)" classname="spec_perl_TestTermU1Val_t" time="0.000110149383544922" />
  </testsuite>
  <testsuite name="spec_perl_TestCastNested_t" errors="0" failures="0" skipped="0" tests="4" time="0.0425751209259033">
    <system-out>1..4
ok 1 - Equals
ok 2 - Equals
ok 3 - Equals
ok 4 - Equals
</system-out>
    <testcase name="Equals (325)" classname="spec_perl_TestCastNested_t" time="0.00183486938476562" />
    <testcase name="Equals (326)" classname="spec_perl_TestCastNested_t" time="0.000123023986816406" />
    <testcase name="Equals (327)" classname="spec_perl_TestCastNested_t" time="5.91278076171875e-05" />
    <testcase name="Equals (328)" classname="spec_perl_TestCastNested_t" time="5.29289245605469e-05" />
  </testsuite>
  <testsuite name="spec_perl_TestBufferedStruct_t" errors="0" failures="0" skipped="0" tests="7" time="0.0376708507537842">
    <system-out>1..7
ok 1 - Equals
ok 2 - Equals
ok 3 - Equals
ok 4 - Equals
ok 5 - Equals
ok 6 - Equals
ok 7 - Equals
</system-out>
    <testcase name="Equals (329)" classname="spec_perl_TestBufferedStruct_t" time="0.0017390251159668" />
    <testcase name="Equals (330)" classname="spec_perl_TestBufferedStruct_t" time="8.98838043212891e-05" />
    <testcase name="Equals (331)" classname="spec_perl_TestBufferedStruct_t" time="6.00814819335938e-05" />
    <testcase name="Equals (332)" classname="spec_perl_TestBufferedStruct_t" time="8.10623168945312e-05" />
    <testcase name="Equals (333)" classname="spec_perl_TestBufferedStruct_t" time="8.79764556884766e-05" />
    <testcase name="Equals (334)" classname="spec_perl_TestBufferedStruct_t" time="5.69820404052734e-05" />
    <testcase name="Equals (335)" classname="spec_perl_TestBufferedStruct_t" time="0.000124931335449219" />
  </testsuite>
  <testsuite name="spec_perl_TestRepeatUntilComplex_t" errors="0" failures="0" skipped="0" tests="15" time="0.041226863861084">
    <system-out>1..15
ok 1 - Equals
ok 2 - Equals
ok 3 - Equals
ok 4 - Equals
ok 5 - Equals
ok 6 - Equals
ok 7 - Equals
ok 8 - Equals
ok 9 - Equals
ok 10 - Equals
ok 11 - Equals
ok 12 - Equals
ok 13 - Equals
ok 14 - Equals
ok 15 - Equals
</system-out>
    <testcase name="Equals (336)" classname="spec_perl_TestRepeatUntilComplex_t" time="0.00136709213256836" />
    <testcase name="Equals (337)" classname="spec_perl_TestRepeatUntilComplex_t" time="0.000110864639282227" />
    <testcase name="Equals (338)" classname="spec_perl_TestRepeatUntilComplex_t" time="5.81741333007812e-05" />
    <testcase name="Equals (339)" classname="spec_perl_TestRepeatUntilComplex_t" time="9.98973846435547e-05" />
    <testcase name="Equals (340)" classname="spec_perl_TestRepeatUntilComplex_t" time="0.000102996826171875" />
    <testcase name="Equals (341)" classname="spec_perl_TestRepeatUntilComplex_t" time="0.000133037567138672" />
    <testcase name="Equals (342)" classname="spec_perl_TestRepeatUntilComplex_t" time="9.89437103271484e-05" />
    <testcase name="Equals (343)" classname="spec_perl_TestRepeatUntilComplex_t" time="7.41481781005859e-05" />
    <testcase name="Equals (344)" classname="spec_perl_TestRepeatUntilComplex_t" time="0.00014185905456543" />
    <testcase name="Equals (345)" classname="spec_perl_TestRepeatUntilComplex_t" time="9.01222229003906e-05" />
    <testcase name="Equals (346)" classname="spec_perl_TestRepeatUntilComplex_t" time="0.00344586372375488" />
    <testcase name="Equals (347)" classname="spec_perl_TestRepeatUntilComplex_t" time="0.000208139419555664" />
    <testcase name="Equals (348)" classname="spec_perl_TestRepeatUntilComplex_t" time="5.48362731933594e-05" />
    <testcase name="Equals (349)" classname="spec_perl_TestRepeatUntilComplex_t" time="5.41210174560547e-05" />
    <testcase name="Equals (350)" classname="spec_perl_TestRepeatUntilComplex_t" time="5.38825988769531e-05" />
  </testsuite>
  <testsuite name="spec_perl_TestProcessRotate_t" errors="0" failures="0" skipped="0" tests="3" time="0.0361301898956299">
    <system-out>1..3
ok 1 - Equals
ok 2 - Equals
ok 3 - Equals
</system-out>
    <testcase name="Equals (351)" classname="spec_perl_TestProcessRotate_t" time="0.00153207778930664" />
    <testcase name="Equals (352)" classname="spec_perl_TestProcessRotate_t" time="7.79628753662109e-05" />
    <testcase name="Equals (353)" classname="spec_perl_TestProcessRotate_t" time="6.19888305664062e-05" />
  </testsuite>
  <testsuite name="spec_perl_TestExprBits_t" errors="0" failures="0" skipped="0" tests="10" time="0.0371890068054199">
    <system-out>1..10
ok 1 - Equals
ok 2 - Equals
ok 3 - Equals
ok 4 - Equals
ok 5 - Equals
ok 6 - Equals
ok 7 - Equals
ok 8 - Equals
ok 9 - Equals
ok 10 - Equals
</system-out>
    <testcase name="Equals (354)" classname="spec_perl_TestExprBits_t" time="0.00150203704833984" />
    <testcase name="Equals (355)" classname="spec_perl_TestExprBits_t" time="7.91549682617188e-05" />
    <testcase name="Equals (356)" classname="spec_perl_TestExprBits_t" time="6.103515625e-05" />
    <testcase name="Equals (357)" classname="spec_perl_TestExprBits_t" time="6.4849853515625e-05" />
    <testcase name="Equals (358)" classname="spec_perl_TestExprBits_t" time="6.50882720947266e-05" />
    <testcase name="Equals (359)" classname="spec_perl_TestExprBits_t" time="5.69820404052734e-05" />
    <testcase name="Equals (360)" classname="spec_perl_TestExprBits_t" time="5.19752502441406e-05" />
    <testcase name="Equals (361)" classname="spec_perl_TestExprBits_t" time="9.70363616943359e-05" />
    <testcase name="Equals (362)" classname="spec_perl_TestExprBits_t" time="6.69956207275391e-05" />
    <testcase name="Equals (363)" classname="spec_perl_TestExprBits_t" time="0.000114917755126953" />
  </testsuite>
  <testsuite name="spec_perl_TestZlibSurrounded_t" errors="0" failures="0" skipped="0" tests="1" time="0.0735020637512207">
    <system-out>1..1
ok 1 - Equals
</system-out>
    <testcase name="Equals (364)" classname="spec_perl_TestZlibSurrounded_t" time="0.0022280216217041" />
  </testsuite>
  <testsuite name="spec_perl_TestStrEncodingsDefault_t" errors="0" failures="0" skipped="0" tests="4" time="0.0513970851898193">
    <system-out>1..4
ok 1 - Equals
ok 2 - Equals
ok 3 - Equals
ok 4 - Equals
</system-out>
    <testcase name="Equals (365)" classname="spec_perl_TestStrEncodingsDefault_t" time="0.00813412666320801" />
    <testcase name="Equals (366)" classname="spec_perl_TestStrEncodingsDefault_t" time="0.000110864639282227" />
    <testcase name="Equals (367)" classname="spec_perl_TestStrEncodingsDefault_t" time="0.000100135803222656" />
    <testcase name="Equals (368)" classname="spec_perl_TestStrEncodingsDefault_t" time="0.000116825103759766" />
  </testsuite>
  <testsuite name="spec_perl_TestInstanceUserArray_t" errors="0" failures="0" skipped="0" tests="10" time="0.0439398288726807">
    <system-out>1..10
ok 1 - Equals
ok 2 - Equals
ok 3 - Equals
ok 4 - Equals
ok 5 - Equals
ok 6 - Equals
ok 7 - Equals
ok 8 - Equals
ok 9 - Equals
ok 10 - Equals
</system-out>
    <testcase name="Equals (369)" classname="spec_perl_TestInstanceUserArray_t" time="0.0015418529510498" />
    <testcase name="Equals (370)" classname="spec_perl_TestInstanceUserArray_t" time="9.01222229003906e-05" />
    <testcase name="Equals (371)" classname="spec_perl_TestInstanceUserArray_t" time="4.88758087158203e-05" />
    <testcase name="Equals (372)" classname="spec_perl_TestInstanceUserArray_t" time="0.000875949859619141" />
    <testcase name="Equals (373)" classname="spec_perl_TestInstanceUserArray_t" time="0.000123023986816406" />
    <testcase name="Equals (374)" classname="spec_perl_TestInstanceUserArray_t" time="0.000101089477539062" />
    <testcase name="Equals (375)" classname="spec_perl_TestInstanceUserArray_t" time="9.98973846435547e-05" />
    <testcase name="Equals (376)" classname="spec_perl_TestInstanceUserArray_t" time="0.000101089477539062" />
    <testcase name="Equals (377)" classname="spec_perl_TestInstanceUserArray_t" time="0.000104904174804688" />
    <testcase name="Equals (378)" classname="spec_perl_TestInstanceUserArray_t" time="9.32216644287109e-05" />
  </testsuite>
  <testsuite name="spec_perl_TestNestedSameName2_t" errors="0" failures="0" skipped="0" tests="5" time="0.0405478477478027">
    <system-out>1..5
ok 1 - Equals
ok 2 - Equals
ok 3 - Equals
ok 4 - Equals
ok 5 - Equals
</system-out>
    <testcase name="Equals (379)" classname="spec_perl_TestNestedSameName2_t" time="0.00166082382202148" />
    <testcase name="Equals (380)" classname="spec_perl_TestNestedSameName2_t" time="8.41617584228516e-05" />
    <testcase name="Equals (381)" classname="spec_perl_TestNestedSameName2_t" time="6.29425048828125e-05" />
    <testcase name="Equals (382)" classname="spec_perl_TestNestedSameName2_t" time="5.98430633544922e-05" />
    <testcase name="Equals (383)" classname="spec_perl_TestNestedSameName2_t" time="5.7220458984375e-05" />
  </testsuite>
  <testsuite name="spec_perl_TestValidNotParsedIf_t" errors="0" failures="0" skipped="1" tests="1" time="0.0397870540618896">
    <system-out>1..1
ok 1 # skip ValidNotParsedIf=HASH(0x560fe23be458)
</system-out>
    <testcase name="Unnamed test case 383" classname="spec_perl_TestValidNotParsedIf_t" time="0.00230121612548828">
      <skipped message="ok 1 # skip ValidNotParsedIf=HASH(0x560fe23be458)" />
    </testcase>
  </testsuite>
  <testsuite name="spec_perl_TestIfValues_t" errors="0" failures="0" skipped="0" tests="6" time="0.040557861328125">
    <system-out>1..6
ok 1 - Equals
ok 2 - Equals
ok 3 - Equals
ok 4 - nil
ok 5 - Equals
ok 6 - nil
</system-out>
    <testcase name="Equals (384)" classname="spec_perl_TestIfValues_t" time="0.00151395797729492" />
    <testcase name="Equals (385)" classname="spec_perl_TestIfValues_t" time="8.392333984375e-05" />
    <testcase name="Equals (386)" classname="spec_perl_TestIfValues_t" time="6.29425048828125e-05" />
    <testcase name="nil (386)" classname="spec_perl_TestIfValues_t" time="5.91278076171875e-05" />
    <testcase name="Equals (387)" classname="spec_perl_TestIfValues_t" time="0.000128984451293945" />
    <testcase name="nil (387)" classname="spec_perl_TestIfValues_t" time="6.38961791992188e-05" />
  </testsuite>
  <testsuite name="spec_perl_TestSwitchIntegers_t" errors="0" failures="0" skipped="0" tests="9" time="0.0384180545806885">
    <system-out>1..9
ok 1 - Equals
ok 2 - Equals
ok 3 - Equals
ok 4 - Equals
ok 5 - Equals
ok 6 - Equals
ok 7 - Equals
ok 8 - Equals
ok 9 - Equals
</system-out>
    <testcase name="Equals (388)" classname="spec_perl_TestSwitchIntegers_t" time="0.00151610374450684" />
    <testcase name="Equals (389)" classname="spec_perl_TestSwitchIntegers_t" time="0.000103950500488281" />
    <testcase name="Equals (390)" classname="spec_perl_TestSwitchIntegers_t" time="4.50611114501953e-05" />
    <testcase name="Equals (391)" classname="spec_perl_TestSwitchIntegers_t" time="7.70092010498047e-05" />
    <testcase name="Equals (392)" classname="spec_perl_TestSwitchIntegers_t" time="5.69820404052734e-05" />
    <testcase name="Equals (393)" classname="spec_perl_TestSwitchIntegers_t" time="0.000135898590087891" />
    <testcase name="Equals (394)" classname="spec_perl_TestSwitchIntegers_t" time="9.01222229003906e-05" />
    <testcase name="Equals (395)" classname="spec_perl_TestSwitchIntegers_t" time="7.89165496826172e-05" />
    <testcase name="Equals (396)" classname="spec_perl_TestSwitchIntegers_t" time="9.60826873779297e-05" />
  </testsuite>
  <testsuite name="spec_perl_TestNestedTypes2_t" errors="0" failures="0" skipped="0" tests="7" time="0.0410561561584473">
    <system-out>1..7
ok 1 - Equals
ok 2 - Equals
ok 3 - Equals
ok 4 - Equals
ok 5 - Equals
ok 6 - Equals
ok 7 - Equals
</system-out>
    <testcase name="Equals (397)" classname="spec_perl_TestNestedTypes2_t" time="0.00163102149963379" />
    <testcase name="Equals (398)" classname="spec_perl_TestNestedTypes2_t" time="7.60555267333984e-05" />
    <testcase name="Equals (399)" classname="spec_perl_TestNestedTypes2_t" time="6.69956207275391e-05" />
    <testcase name="Equals (400)" classname="spec_perl_TestNestedTypes2_t" time="6.103515625e-05" />
    <testcase name="Equals (401)" classname="spec_perl_TestNestedTypes2_t" time="8.48770141601562e-05" />
    <testcase name="Equals (402)" classname="spec_perl_TestNestedTypes2_t" time="0.000144004821777344" />
    <testcase name="Equals (403)" classname="spec_perl_TestNestedTypes2_t" time="0.000114917755126953" />
  </testsuite>
[...]
  </testsuite>
  <testsuite name="spec_perl_TestBitsSimple_t" errors="0" failures="0" skipped="0" tests="14" time="0.0388741493225098">
    <system-out>1..14
ok 1 - Equals
ok 2 - Equals
ok 3 - Equals
ok 4 - Equals
ok 5 - Equals
ok 6 - Equals
ok 7 - Equals
ok 8 - Equals
ok 9 - Equals
ok 10 - Equals
ok 11 - Equals
ok 12 - Equals
ok 13 - Equals
ok 14 - Equals
</system-out>
    <testcase name="Equals (875)" classname="spec_perl_TestBitsSimple_t" time="0.00148200988769531" />
    <testcase name="Equals (876)" classname="spec_perl_TestBitsSimple_t" time="7.79628753662109e-05" />
    <testcase name="Equals (877)" classname="spec_perl_TestBitsSimple_t" time="4.50611114501953e-05" />
    <testcase name="Equals (878)" classname="spec_perl_TestBitsSimple_t" time="5.60283660888672e-05" />
    <testcase name="Equals (879)" classname="spec_perl_TestBitsSimple_t" time="4.60147857666016e-05" />
    <testcase name="Equals (880)" classname="spec_perl_TestBitsSimple_t" time="5.50746917724609e-05" />
    <testcase name="Equals (881)" classname="spec_perl_TestBitsSimple_t" time="7.79628753662109e-05" />
    <testcase name="Equals (882)" classname="spec_perl_TestBitsSimple_t" time="9.89437103271484e-05" />
    <testcase name="Equals (883)" classname="spec_perl_TestBitsSimple_t" time="5.79357147216797e-05" />
    <testcase name="Equals (884)" classname="spec_perl_TestBitsSimple_t" time="8.91685485839844e-05" />
    <testcase name="Equals (885)" classname="spec_perl_TestBitsSimple_t" time="7.89165496826172e-05" />
    <testcase name="Equals (886)" classname="spec_perl_TestBitsSimple_t" time="8.10623168945312e-05" />
    <testcase name="Equals (887)" classname="spec_perl_TestBitsSimple_t" time="8.392333984375e-05" />
    <testcase name="Equals (888)" classname="spec_perl_TestBitsSimple_t" time="0.000101089477539062" />
  </testsuite>
  <testsuite name="spec_perl_TestInstanceIoUser_t" errors="0" failures="0" skipped="0" tests="4" time="0.0504159927368164">
    <system-out>1..4
ok 1 - Equals
ok 2 - Equals
ok 3 - Equals
ok 4 - Equals
</system-out>
    <testcase name="Equals (889)" classname="spec_perl_TestInstanceIoUser_t" time="0.00257277488708496" />
    <testcase name="Equals (890)" classname="spec_perl_TestInstanceIoUser_t" time="0.000113010406494141" />
    <testcase name="Equals (891)" classname="spec_perl_TestInstanceIoUser_t" time="6.91413879394531e-05" />
    <testcase name="Equals (892)" classname="spec_perl_TestInstanceIoUser_t" time="0.000330924987792969" />
  </testsuite>
  <testsuite name="spec_perl_TestPositionInSeq_t" errors="0" failures="0" skipped="0" tests="1" time="0.0403740406036377">
    <system-out>1..1
ok 1 - Equals
</system-out>
    <testcase name="Equals (893)" classname="spec_perl_TestPositionInSeq_t" time="0.00164794921875" />
  </testsuite>
  <testsuite name="spec_perl_TestBitsSignedShiftB64Le_t" errors="0" failures="0" skipped="0" tests="2" time="0.0393381118774414">
    <system-out>1..2
ok 1 - Equals
ok 2 - Equals
</system-out>
    <testcase name="Equals (894)" classname="spec_perl_TestBitsSignedShiftB64Le_t" time="0.00150299072265625" />
    <testcase name="Equals (895)" classname="spec_perl_TestBitsSignedShiftB64Le_t" time="0.000102996826171875" />
  </testsuite>
  <testsuite name="spec_perl_TestProcessXorConst_t" errors="0" failures="0" skipped="0" tests="2" time="0.0377490520477295">
    <system-out>1..2
ok 1 - Equals
ok 2 - Equals
</system-out>
    <testcase name="Equals (896)" classname="spec_perl_TestProcessXorConst_t" time="0.00178003311157227" />
    <testcase name="Equals (897)" classname="spec_perl_TestProcessXorConst_t" time="0.000100851058959961" />
  </testsuite>
  <testsuite name="spec_perl_TestPositionAbs_t" errors="0" failures="0" skipped="0" tests="2" time="0.0436670780181885">
    <system-out>1..2
ok 1 - Equals
ok 2 - Equals
</system-out>
    <testcase name="Equals (898)" classname="spec_perl_TestPositionAbs_t" time="0.00144004821777344" />
    <testcase name="Equals (899)" classname="spec_perl_TestPositionAbs_t" time="0.000147104263305664" />
  </testsuite>
  <testsuite name="spec_perl_TestDocstringsDocref_t" errors="0" failures="0" skipped="1" tests="1" time="0.0410048961639404">
    <system-out>1..1
ok 1 # skip DocstringsDocref=HASH(0x5580ec71fa28)
</system-out>
    <testcase name="Unnamed test case 899" classname="spec_perl_TestDocstringsDocref_t" time="0.0015871524810791">
      <skipped message="ok 1 # skip DocstringsDocref=HASH(0x5580ec71fa28)" />
    </testcase>
  </testsuite>
  <testsuite name="spec_perl_TestRepeatNStrz_t" errors="0" failures="0" skipped="0" tests="2" time="0.045461893081665">
    <system-out>1..2
ok 1 - Equals
ok 2 - Equals
</system-out>
    <testcase name="Equals (900)" classname="spec_perl_TestRepeatNStrz_t" time="0.00154590606689453" />
    <testcase name="Equals (901)" classname="spec_perl_TestRepeatNStrz_t" time="7.60555267333984e-05" />
  </testsuite>
  <testsuite name="spec_perl_TestRecursiveOne_t" errors="0" failures="0" skipped="0" tests="4" time="0.0399971008300781">
    <system-out>1..4
ok 1 - Equals
ok 2 - Equals
ok 3 - Equals
ok 4 - Equals
</system-out>
    <testcase name="Equals (902)" classname="spec_perl_TestRecursiveOne_t" time="0.00170516967773438" />
    <testcase name="Equals (903)" classname="spec_perl_TestRecursiveOne_t" time="7.29560852050781e-05" />
    <testcase name="Equals (904)" classname="spec_perl_TestRecursiveOne_t" time="4.1961669921875e-05" />
    <testcase name="Equals (905)" classname="spec_perl_TestRecursiveOne_t" time="5.10215759277344e-05" />
  </testsuite>
  <testsuite name="spec_perl_TestProcessCustomNoArgs_t" errors="1" failures="0" skipped="0" tests="0" time="0.0401279926300049">
    <system-out></system-out>
    <testcase name="Test died too soon, even before plan. (905)" classname="spec_perl_TestProcessCustomNoArgs_t" time="0.0401279926300049">
      <failure message="The test suite died before a plan was produced. You need to have a plan." type="Plan">No plan</failure>
    </testcase>
  </testsuite>
  <testsuite name="spec_perl_TestDefaultBigEndian_t" errors="0" failures="0" skipped="0" tests="1" time="0.0381948947906494">
    <system-out>1..1
ok 1 - Equals
</system-out>
    <testcase name="Equals (906)" classname="spec_perl_TestDefaultBigEndian_t" time="0.00169610977172852" />
  </testsuite>
  <testsuite name="spec_perl_TestProcessCustom_t" errors="1" failures="0" skipped="0" tests="0" time="0.0347728729248047">
    <system-out></system-out>
    <testcase name="Test died too soon, even before plan. (906)" classname="spec_perl_TestProcessCustom_t" time="0.0347728729248047">
      <failure message="The test suite died before a plan was produced. You need to have a plan." type="Plan">No plan</failure>
    </testcase>
  </testsuite>
  <testsuite name="spec_perl_TestExprBytesOps_t" errors="0" failures="0" skipped="0" tests="16" time="0.0412747859954834">
    <system-out>1..16
ok 1 - Equals
ok 2 - Equals
ok 3 - Equals
ok 4 - Equals
ok 5 - Equals
ok 6 - Equals
ok 7 - Equals
ok 8 - Equals
ok 9 - Equals
ok 10 - Equals
ok 11 - Equals
ok 12 - Equals
ok 13 - Equals
ok 14 - Equals
ok 15 - Equals
ok 16 - Equals
</system-out>
    <testcase name="Equals (907)" classname="spec_perl_TestExprBytesOps_t" time="0.00184488296508789" />
    <testcase name="Equals (908)" classname="spec_perl_TestExprBytesOps_t" time="7.82012939453125e-05" />
    <testcase name="Equals (909)" classname="spec_perl_TestExprBytesOps_t" time="7.79628753662109e-05" />
    <testcase name="Equals (910)" classname="spec_perl_TestExprBytesOps_t" time="8.98838043212891e-05" />
    <testcase name="Equals (911)" classname="spec_perl_TestExprBytesOps_t" time="8.60691070556641e-05" />
    <testcase name="Equals (912)" classname="spec_perl_TestExprBytesOps_t" time="0.000102043151855469" />
    <testcase name="Equals (913)" classname="spec_perl_TestExprBytesOps_t" time="7.10487365722656e-05" />
    <testcase name="Equals (914)" classname="spec_perl_TestExprBytesOps_t" time="0.000114917755126953" />
    <testcase name="Equals (915)" classname="spec_perl_TestExprBytesOps_t" time="0.00011897087097168" />
    <testcase name="Equals (916)" classname="spec_perl_TestExprBytesOps_t" time="8.70227813720703e-05" />
    <testcase name="Equals (917)" classname="spec_perl_TestExprBytesOps_t" time="8.70227813720703e-05" />
    <testcase name="Equals (918)" classname="spec_perl_TestExprBytesOps_t" time="8.70227813720703e-05" />
    <testcase name="Equals (919)" classname="spec_perl_TestExprBytesOps_t" time="0.000185012817382812" />
    <testcase name="Equals (920)" classname="spec_perl_TestExprBytesOps_t" time="0.000108957290649414" />
    <testcase name="Equals (921)" classname="spec_perl_TestExprBytesOps_t" time="0.000110864639282227" />
    <testcase name="Equals (922)" classname="spec_perl_TestExprBytesOps_t" time="0.000100135803222656" />
  </testsuite>
  <testsuite name="spec_perl_TestEnumNegative_t" errors="0" failures="0" skipped="0" tests="2" time="0.0385990142822266">
    <system-out>1..2
ok 1 - Equals
ok 2 - Equals
</system-out>
    <testcase name="Equals (923)" classname="spec_perl_TestEnumNegative_t" time="0.00160002708435059" />
    <testcase name="Equals (924)" classname="spec_perl_TestEnumNegative_t" time="9.29832458496094e-05" />
  </testsuite>
  <testsuite name="spec_perl_TestBitsUnalignedB64Le_t" errors="0" failures="0" skipped="0" tests="3" time="0.0375790596008301">
    <system-out>1..3
ok 1 - Equals
ok 2 - Equals
ok 3 - Equals
</system-out>
    <testcase name="Equals (925)" classname="spec_perl_TestBitsUnalignedB64Le_t" time="0.00166511535644531" />
    <testcase name="Equals (926)" classname="spec_perl_TestBitsUnalignedB64Le_t" time="8.20159912109375e-05" />
    <testcase name="Equals (927)" classname="spec_perl_TestBitsUnalignedB64Le_t" time="0.000195980072021484" />
  </testsuite>
  <testsuite name="spec_perl_TestNonStandard_t" errors="0" failures="0" skipped="0" tests="1" time="0.0388438701629639">
    <system-out>1..1
ok 1 - Equals
</system-out>
    <testcase name="Equals (928)" classname="spec_perl_TestNonStandard_t" time="0.00157380104064941" />
  </testsuite>
  <testsuite name="spec_perl_TestValidSwitch_t" errors="0" failures="0" skipped="1" tests="1" time="0.0385499000549316">
    <system-out>1..1
ok 1 # skip ValidSwitch=HASH(0x5645f57feae0)
</system-out>
    <testcase name="Unnamed test case 928" classname="spec_perl_TestValidSwitch_t" time="0.00201416015625">
      <skipped message="ok 1 # skip ValidSwitch=HASH(0x5645f57feae0)" />
    </testcase>
  </testsuite>
  <testsuite name="spec_perl_TestExprSizeofValue0_t" errors="0" failures="0" skipped="0" tests="5" time="0.0406839847564697">
    <system-out>1..5
ok 1 - Equals
ok 2 - Equals
ok 3 - Equals
ok 4 - Equals
ok 5 - Equals
</system-out>
    <testcase name="Equals (929)" classname="spec_perl_TestExprSizeofValue0_t" time="0.00167202949523926" />
    <testcase name="Equals (930)" classname="spec_perl_TestExprSizeofValue0_t" time="8.20159912109375e-05" />
    <testcase name="Equals (931)" classname="spec_perl_TestExprSizeofValue0_t" time="6.29425048828125e-05" />
    <testcase name="Equals (932)" classname="spec_perl_TestExprSizeofValue0_t" time="5.79357147216797e-05" />
    <testcase name="Equals (933)" classname="spec_perl_TestExprSizeofValue0_t" time="6.103515625e-05" />
  </testsuite>
  <testsuite name="spec_perl_TestNavParent_t" errors="0" failures="0" skipped="0" tests="5" time="0.0384049415588379">
    <system-out>1..5
ok 1 - Equals
ok 2 - Equals
ok 3 - Equals
ok 4 - Equals
ok 5 - Equals
</system-out>
    <testcase name="Equals (934)" classname="spec_perl_TestNavParent_t" time="0.00181818008422852" />
    <testcase name="Equals (935)" classname="spec_perl_TestNavParent_t" time="7.39097595214844e-05" />
    <testcase name="Equals (936)" classname="spec_perl_TestNavParent_t" time="4.41074371337891e-05" />
    <testcase name="Equals (937)" classname="spec_perl_TestNavParent_t" time="5.98430633544922e-05" />
    <testcase name="Equals (938)" classname="spec_perl_TestNavParent_t" time="5.50746917724609e-05" />
  </testsuite>
  <testsuite name="spec_perl_TestMetaTags_t" errors="0" failures="0" skipped="1" tests="1" time="0.0389318466186523">
    <system-out>1..1
ok 1 # skip MetaTags=HASH(0x557ff2527fe0)
</system-out>
    <testcase name="Unnamed test case 938" classname="spec_perl_TestMetaTags_t" time="0.00184392929077148">
      <skipped message="ok 1 # skip MetaTags=HASH(0x557ff2527fe0)" />
    </testcase>
  </testsuite>
  <testsuite name="spec_perl_TestNavParentSwitchCast_t" errors="0" failures="0" skipped="0" tests="3" time="0.0392081737518311">
    <system-out>1..3
ok 1 - Equals
ok 2 - Equals
ok 3 - Equals
</system-out>
    <testcase name="Equals (939)" classname="spec_perl_TestNavParentSwitchCast_t" time="0.00352382659912109" />
    <testcase name="Equals (940)" classname="spec_perl_TestNavParentSwitchCast_t" time="0.000140190124511719" />
    <testcase name="Equals (941)" classname="spec_perl_TestNavParentSwitchCast_t" time="4.88758087158203e-05" />
  </testsuite>
  <testsuite name="spec_perl_TestTypeIntUnaryOp_t" errors="0" failures="0" skipped="0" tests="4" time="0.038776159286499">
    <system-out>1..4
ok 1 - Equals
ok 2 - Equals
ok 3 - Equals
ok 4 - Equals
</system-out>
    <testcase name="Equals (942)" classname="spec_perl_TestTypeIntUnaryOp_t" time="0.00141096115112305" />
    <testcase name="Equals (943)" classname="spec_perl_TestTypeIntUnaryOp_t" time="0.000128030776977539" />
    <testcase name="Equals (944)" classname="spec_perl_TestTypeIntUnaryOp_t" time="5.19752502441406e-05" />
    <testcase name="Equals (945)" classname="spec_perl_TestTypeIntUnaryOp_t" time="7.00950622558594e-05" />
  </testsuite>
  <testsuite name="spec_perl_TestProcessCoerceBytes_t" errors="0" failures="0" skipped="0" tests="4" time="0.0422220230102539">
    <system-out>1..4
ok 1 - Equals
ok 2 - Equals
ok 3 - Equals
ok 4 - Equals
</system-out>
    <testcase name="Equals (946)" classname="spec_perl_TestProcessCoerceBytes_t" time="0.00159406661987305" />
    <testcase name="Equals (947)" classname="spec_perl_TestProcessCoerceBytes_t" time="7.70092010498047e-05" />
    <testcase name="Equals (948)" classname="spec_perl_TestProcessCoerceBytes_t" time="6.29425048828125e-05" />
    <testcase name="Equals (949)" classname="spec_perl_TestProcessCoerceBytes_t" time="0.000115156173706055" />
  </testsuite>
  <testsuite name="spec_perl_TestBitsSignedResB32Le_t" errors="0" failures="0" skipped="0" tests="1" time="0.0399088859558105">
    <system-out>1..1
ok 1 - Equals
</system-out>
    <testcase name="Equals (950)" classname="spec_perl_TestBitsSignedResB32Le_t" time="0.00169897079467773" />
  </testsuite>
  <testsuite name="spec_perl_TestBitsSignedShiftB32Le_t" errors="0" failures="0" skipped="0" tests="2" time="0.0396530628204346">
    <system-out>1..2
ok 1 - Equals
ok 2 - Equals
</system-out>
    <testcase name="Equals (951)" classname="spec_perl_TestBitsSignedShiftB32Le_t" time="0.00187993049621582" />
    <testcase name="Equals (952)" classname="spec_perl_TestBitsSignedShiftB32Le_t" time="0.00013422966003418" />
  </testsuite>
  <testsuite name="spec_perl_TestProcessXor4Const_t" errors="0" failures="0" skipped="0" tests="2" time="0.0424911975860596">
    <system-out>1..2
ok 1 - Equals
ok 2 - Equals
</system-out>
    <testcase name="Equals (953)" classname="spec_perl_TestProcessXor4Const_t" time="0.00148987770080566" />
    <testcase name="Equals (954)" classname="spec_perl_TestProcessXor4Const_t" time="9.51290130615234e-05" />
  </testsuite>
  <testsuite name="spec_perl_TestIntegersMinMax_t" errors="0" failures="0" skipped="0" tests="28" time="0.042349100112915">
    <system-out>1..28
ok 1 - Equals
ok 2 - Equals
ok 3 - Equals
ok 4 - Equals
ok 5 - Equals
ok 6 - Equals
ok 7 - Equals
ok 8 - Equals
ok 9 - Equals
ok 10 - Equals
ok 11 - Equals
ok 12 - Equals
ok 13 - Equals
ok 14 - Equals
ok 15 - Equals
ok 16 - Equals
ok 17 - Equals
ok 18 - Equals
ok 19 - Equals
ok 20 - Equals
ok 21 - Equals
ok 22 - Equals
ok 23 - Equals
ok 24 - Equals
ok 25 - Equals
ok 26 - Equals
ok 27 - Equals
ok 28 - Equals
</system-out>
    <testcase name="Equals (955)" classname="spec_perl_TestIntegersMinMax_t" time="0.00143098831176758" />
    <testcase name="Equals (956)" classname="spec_perl_TestIntegersMinMax_t" time="7.60555267333984e-05" />
    <testcase name="Equals (957)" classname="spec_perl_TestIntegersMinMax_t" time="8.392333984375e-05" />
    <testcase name="Equals (958)" classname="spec_perl_TestIntegersMinMax_t" time="7.70092010498047e-05" />
    <testcase name="Equals (959)" classname="spec_perl_TestIntegersMinMax_t" time="5.50746917724609e-05" />
    <testcase name="Equals (960)" classname="spec_perl_TestIntegersMinMax_t" time="7.89165496826172e-05" />
    <testcase name="Equals (961)" classname="spec_perl_TestIntegersMinMax_t" time="0.000101089477539062" />
    <testcase name="Equals (962)" classname="spec_perl_TestIntegersMinMax_t" time="0.000108957290649414" />
    <testcase name="Equals (963)" classname="spec_perl_TestIntegersMinMax_t" time="0.000123023986816406" />
    <testcase name="Equals (964)" classname="spec_perl_TestIntegersMinMax_t" time="0.000113964080810547" />
    <testcase name="Equals (965)" classname="spec_perl_TestIntegersMinMax_t" time="9.01222229003906e-05" />
    <testcase name="Equals (966)" classname="spec_perl_TestIntegersMinMax_t" time="7.70092010498047e-05" />
    <testcase name="Equals (967)" classname="spec_perl_TestIntegersMinMax_t" time="9.58442687988281e-05" />
    <testcase name="Equals (968)" classname="spec_perl_TestIntegersMinMax_t" time="7.29560852050781e-05" />
    <testcase name="Equals (969)" classname="spec_perl_TestIntegersMinMax_t" time="9.32216644287109e-05" />
    <testcase name="Equals (970)" classname="spec_perl_TestIntegersMinMax_t" time="7.20024108886719e-05" />
    <testcase name="Equals (971)" classname="spec_perl_TestIntegersMinMax_t" time="9.29832458496094e-05" />
    <testcase name="Equals (972)" classname="spec_perl_TestIntegersMinMax_t" time="8.392333984375e-05" />
    <testcase name="Equals (973)" classname="spec_perl_TestIntegersMinMax_t" time="5.88893890380859e-05" />
    <testcase name="Equals (974)" classname="spec_perl_TestIntegersMinMax_t" time="0.000105142593383789" />
    <testcase name="Equals (975)" classname="spec_perl_TestIntegersMinMax_t" time="5.69820404052734e-05" />
    <testcase name="Equals (976)" classname="spec_perl_TestIntegersMinMax_t" time="0.000102043151855469" />
    <testcase name="Equals (977)" classname="spec_perl_TestIntegersMinMax_t" time="5.79357147216797e-05" />
    <testcase name="Equals (978)" classname="spec_perl_TestIntegersMinMax_t" time="9.70363616943359e-05" />
    <testcase name="Equals (979)" classname="spec_perl_TestIntegersMinMax_t" time="8.29696655273438e-05" />
    <testcase name="Equals (980)" classname="spec_perl_TestIntegersMinMax_t" time="8.392333984375e-05" />
    <testcase name="Equals (981)" classname="spec_perl_TestIntegersMinMax_t" time="8.29696655273438e-05" />
    <testcase name="Equals (982)" classname="spec_perl_TestIntegersMinMax_t" time="9.20295715332031e-05" />
  </testsuite>
  <testsuite name="spec_perl_TestNavParentFalse_t" errors="0" failures="0" skipped="0" tests="5" time="0.0394341945648193">
    <system-out>1..5
ok 1 - Equals
ok 2 - Equals
ok 3 - Equals
ok 4 - Equals
ok 5 - Equals
</system-out>
    <testcase name="Equals (983)" classname="spec_perl_TestNavParentFalse_t" time="0.00150895118713379" />
    <testcase name="Equals (984)" classname="spec_perl_TestNavParentFalse_t" time="0.000105857849121094" />
    <testcase name="Equals (985)" classname="spec_perl_TestNavParentFalse_t" time="9.01222229003906e-05" />
    <testcase name="Equals (986)" classname="spec_perl_TestNavParentFalse_t" time="5.38825988769531e-05" />
    <testcase name="Equals (987)" classname="spec_perl_TestNavParentFalse_t" time="9.51290130615234e-05" />
  </testsuite>
</testsuites>
