<?xml version='1.0' encoding='utf-8'?>
<testsuites>
  <testsuite name="spec_perl_TestEnumDeepLiterals_t" errors="0" failures="0" skipped="0" tests="2" time="0.0612330436706543">
    <system-out>1..2
ok 1 - Equals
ok 2 - Equals
</system-out>
    <testcase name="Equals" classname="spec_perl_TestEnumDeepLiterals_t" time="0.000222206115722656" />
    <testcase name="Equals (2)" classname="spec_perl_TestEnumDeepLiterals_t" time="6.89029693603516e-05" />
  </testsuite>
  <testsuite name="spec_perl_TestSwitchManualStr_t" errors="0" failures="0" skipped="0" tests="9" time="0.0665571689605713">
    <system-out>1..9
ok 1 - Equals
ok 2 - Equals
ok 3 - Equals
ok 4 - Equals
ok 5 - Equals
ok 6 - Equals
ok 7 - Equals
ok 8 - Equals
ok 9 - Equals
</system-out>
    <testcase name="Equals (3)" classname="spec_perl_TestSwitchManualStr_t" time="0.000307083129882812" />
    <testcase name="Equals (4)" classname="spec_perl_TestSwitchManualStr_t" time="9.67979431152344e-05" />
    <testcase name="Equals (5)" classname="spec_perl_TestSwitchManualStr_t" time="0.000116109848022461" />
    <testcase name="Equals (6)" classname="spec_perl_TestSwitchManualStr_t" time="0.000104904174804688" />
    <testcase name="Equals (7)" classname="spec_perl_TestSwitchManualStr_t" time="0.000102043151855469" />
    <testcase name="Equals (8)" classname="spec_perl_TestSwitchManualStr_t" time="0.000102043151855469" />
    <testcase name="Equals (9)" classname="spec_perl_TestSwitchManualStr_t" time="9.89437103271484e-05" />
    <testcase name="Equals (10)" classname="spec_perl_TestSwitchManualStr_t" time="0.000102043151855469" />
    <testcase name="Equals (11)" classname="spec_perl_TestSwitchManualStr_t" time="9.89437103271484e-05" />
  </testsuite>
  <testsuite name="spec_perl_TestDefaultEndianMod_t" errors="0" failures="0" skipped="0" tests="3" time="0.0610589981079102">
    <system-out>1..3
ok 1 - Equals
ok 2 - Equals
ok 3 - Equals
</system-out>
    <testcase name="Equals (12)" classname="spec_perl_TestDefaultEndianMod_t" time="0.000232934951782227" />
    <testcase name="Equals (13)" classname="spec_perl_TestDefaultEndianMod_t" time="8.79764556884766e-05" />
    <testcase name="Equals (14)" classname="spec_perl_TestDefaultEndianMod_t" time="0.00010991096496582" />
  </testsuite>
  <testsuite name="spec_perl_TestNavParentFalse_t" errors="0" failures="0" skipped="0" tests="5" time="0.0619659423828125">
    <system-out>1..5
ok 1 - Equals
ok 2 - Equals
ok 3 - Equals
ok 4 - Equals
ok 5 - Equals
</system-out>
    <testcase name="Equals (15)" classname="spec_perl_TestNavParentFalse_t" time="0.0002288818359375" />
    <testcase name="Equals (16)" classname="spec_perl_TestNavParentFalse_t" time="8.51154327392578e-05" />
    <testcase name="Equals (17)" classname="spec_perl_TestNavParentFalse_t" time="0.000108957290649414" />
    <testcase name="Equals (18)" classname="spec_perl_TestNavParentFalse_t" time="0.000106096267700195" />
    <testcase name="Equals (19)" classname="spec_perl_TestNavParentFalse_t" time="0.000108957290649414" />
  </testsuite>
  <testsuite name="spec_perl_TestProcessToUser_t" errors="0" failures="0" skipped="0" tests="1" time="0.0661659240722656">
    <system-out>1..1
ok 1 - Equals
</system-out>
    <testcase name="Equals (20)" classname="spec_perl_TestProcessToUser_t" time="0.0005340576171875" />
  </testsuite>
  <testsuite name="spec_perl_TestParamsPassStruct_t" errors="0" failures="1" skipped="1" tests="4" time="0.0631299018859863">
    <system-out>1..4
ok 1 - Equals
ok 2 - Equals
not ok 3 - test_params_pass_struct died (Can't call method &quot;foo&quot; on an undefined value at spec/perl/TestParamsPassStruct.t line 16.)
ok 4 # skip test_params_pass_struct died
</system-out>
    <testcase name="Equals (21)" classname="spec_perl_TestParamsPassStruct_t" time="0.000226974487304688" />
    <testcase name="Equals (22)" classname="spec_perl_TestParamsPassStruct_t" time="6.19888305664062e-05" />
    <testcase name="test_params_pass_struct died (Can't call method &quot;foo&quot; on an undefined value at spec/perl/TestParamsPassStruct.t line 16.) (22)" classname="spec_perl_TestParamsPassStruct_t" time="0.000219106674194336">
      <failure message="not ok 3 - test_params_pass_struct died (Can't call method &quot;foo&quot; on an undefined value at spec/perl/TestParamsPassStruct.t line 16.)" type="TAP::Parser::Result::Test"></failure>
    </testcase>
    <testcase name="Unnamed test case 22" classname="spec_perl_TestParamsPassStruct_t" time="0.00127601623535156">
      <skipped message="ok 4 # skip test_params_pass_struct died" />
    </testcase>
  </testsuite>
  <testsuite name="spec_perl_TestFloatToI_t" errors="0" failures="0" skipped="0" tests="8" time="0.0622620582580566">
    <system-out>1..8
ok 1 - Approx equals
ok 2 - Approx equals
ok 3 - Equals
ok 4 - Equals
ok 5 - Equals
ok 6 - Equals
ok 7 - Equals
ok 8 - Equals
</system-out>
    <testcase name="Approx equals (22)" classname="spec_perl_TestFloatToI_t" time="0.000120878219604492" />
    <testcase name="Approx equals (23)" classname="spec_perl_TestFloatToI_t" time="3.50475311279297e-05" />
    <testcase name="Equals (23)" classname="spec_perl_TestFloatToI_t" time="6.79492950439453e-05" />
    <testcase name="Equals (24)" classname="spec_perl_TestFloatToI_t" time="0.000123023986816406" />
    <testcase name="Equals (25)" classname="spec_perl_TestFloatToI_t" time="0.000110149383544922" />
    <testcase name="Equals (26)" classname="spec_perl_TestFloatToI_t" time="0.000105857849121094" />
    <testcase name="Equals (27)" classname="spec_perl_TestFloatToI_t" time="0.000102043151855469" />
    <testcase name="Equals (28)" classname="spec_perl_TestFloatToI_t" time="9.89437103271484e-05" />
  </testsuite>
  <testsuite name="spec_perl_TestExprCalcArrayOps_t" errors="0" failures="0" skipped="0" tests="18" time="0.0629849433898926">
    <system-out>1..18
ok 1 - Equals
ok 2 - Equals
ok 3 - Equals
ok 4 - Equals
ok 5 - Equals
ok 6 - Equals
ok 7 - Equals
ok 8 - Approx equals
ok 9 - Approx equals
ok 10 - Approx equals
ok 11 - Approx equals
ok 12 - Approx equals
ok 13 - Equals
ok 14 - Equals
ok 15 - Equals
ok 16 - Equals
ok 17 - Equals
ok 18 - Equals
</system-out>
    <testcase name="Equals (29)" classname="spec_perl_TestExprCalcArrayOps_t" time="0.000210046768188477" />
    <testcase name="Equals (30)" classname="spec_perl_TestExprCalcArrayOps_t" time="8.79764556884766e-05" />
    <testcase name="Equals (31)" classname="spec_perl_TestExprCalcArrayOps_t" time="0.000121116638183594" />
    <testcase name="Equals (32)" classname="spec_perl_TestExprCalcArrayOps_t" time="0.000104904174804688" />
    <testcase name="Equals (33)" classname="spec_perl_TestExprCalcArrayOps_t" time="0.000107049942016602" />
    <testcase name="Equals (34)" classname="spec_perl_TestExprCalcArrayOps_t" time="0.000104904174804688" />
    <testcase name="Equals (35)" classname="spec_perl_TestExprCalcArrayOps_t" time="0.000108003616333008" />
    <testcase name="Approx equals (35)" classname="spec_perl_TestExprCalcArrayOps_t" time="6.103515625e-05" />
    <testcase name="Approx equals (36)" classname="spec_perl_TestExprCalcArrayOps_t" time="4.50611114501953e-05" />
    <testcase name="Approx equals (37)" classname="spec_perl_TestExprCalcArrayOps_t" time="4.79221343994141e-05" />
    <testcase name="Approx equals (38)" classname="spec_perl_TestExprCalcArrayOps_t" time="4.10079956054688e-05" />
    <testcase name="Approx equals (39)" classname="spec_perl_TestExprCalcArrayOps_t" time="3.814697265625e-05" />
    <testcase name="Equals (39)" classname="spec_perl_TestExprCalcArrayOps_t" time="0.000116825103759766" />
    <testcase name="Equals (40)" classname="spec_perl_TestExprCalcArrayOps_t" time="0.000108003616333008" />
    <testcase name="Equals (41)" classname="spec_perl_TestExprCalcArrayOps_t" time="0.000104188919067383" />
    <testcase name="Equals (42)" classname="spec_perl_TestExprCalcArrayOps_t" time="0.000103950500488281" />
    <testcase name="Equals (43)" classname="spec_perl_TestExprCalcArrayOps_t" time="0.000103950500488281" />
    <testcase name="Equals (44)" classname="spec_perl_TestExprCalcArrayOps_t" time="0.000102043151855469" />
  </testsuite>
  <testsuite name="spec_perl_TestEnumIntRangeS_t" errors="0" failures="0" skipped="0" tests="3" time="0.0628740787506104">
    <system-out>1..3
ok 1 - Equals
ok 2 - Equals
ok 3 - Equals
</system-out>
    <testcase name="Equals (45)" classname="spec_perl_TestEnumIntRangeS_t" time="0.000202178955078125" />
    <testcase name="Equals (46)" classname="spec_perl_TestEnumIntRangeS_t" time="7.98702239990234e-05" />
    <testcase name="Equals (47)" classname="spec_perl_TestEnumIntRangeS_t" time="0.000108957290649414" />
  </testsuite>
  <testsuite name="spec_perl_TestIntegersMinMax_t" errors="0" failures="0" skipped="0" tests="28" time="0.0643680095672607">
    <system-out>1..28
ok 1 - Equals
ok 2 - Equals
ok 3 - Equals
ok 4 - Equals
ok 5 - Equals
ok 6 - Equals
ok 7 - Equals
ok 8 - Equals
ok 9 - Equals
ok 10 - Equals
ok 11 - Equals
ok 12 - Equals
ok 13 - Equals
ok 14 - Equals
ok 15 - Equals
ok 16 - Equals
ok 17 - Equals
ok 18 - Equals
ok 19 - Equals
ok 20 - Equals
ok 21 - Equals
ok 22 - Equals
ok 23 - Equals
ok 24 - Equals
ok 25 - Equals
ok 26 - Equals
ok 27 - Equals
ok 28 - Equals
</system-out>
    <testcase name="Equals (48)" classname="spec_perl_TestIntegersMinMax_t" time="0.000272989273071289" />
    <testcase name="Equals (49)" classname="spec_perl_TestIntegersMinMax_t" time="8.392333984375e-05" />
    <testcase name="Equals (50)" classname="spec_perl_TestIntegersMinMax_t" time="0.000113964080810547" />
    <testcase name="Equals (51)" classname="spec_perl_TestIntegersMinMax_t" time="9.51290130615234e-05" />
    <testcase name="Equals (52)" classname="spec_perl_TestIntegersMinMax_t" time="0.000102996826171875" />
    <testcase name="Equals (53)" classname="spec_perl_TestIntegersMinMax_t" time="9.79900360107422e-05" />
    <testcase name="Equals (54)" classname="spec_perl_TestIntegersMinMax_t" time="0.000100851058959961" />
    <testcase name="Equals (55)" classname="spec_perl_TestIntegersMinMax_t" time="9.70363616943359e-05" />
    <testcase name="Equals (56)" classname="spec_perl_TestIntegersMinMax_t" time="0.000111103057861328" />
    <testcase name="Equals (57)" classname="spec_perl_TestIntegersMinMax_t" time="0.000102996826171875" />
    <testcase name="Equals (58)" classname="spec_perl_TestIntegersMinMax_t" time="0.000100851058959961" />
    <testcase name="Equals (59)" classname="spec_perl_TestIntegersMinMax_t" time="9.29832458496094e-05" />
    <testcase name="Equals (60)" classname="spec_perl_TestIntegersMinMax_t" time="9.60826873779297e-05" />
    <testcase name="Equals (61)" classname="spec_perl_TestIntegersMinMax_t" time="9.51290130615234e-05" />
    <testcase name="Equals (62)" classname="spec_perl_TestIntegersMinMax_t" time="9.89437103271484e-05" />
    <testcase name="Equals (63)" classname="spec_perl_TestIntegersMinMax_t" time="0.000102043151855469" />
    <testcase name="Equals (64)" classname="spec_perl_TestIntegersMinMax_t" time="8.98838043212891e-05" />
    <testcase name="Equals (65)" classname="spec_perl_TestIntegersMinMax_t" time="9.70363616943359e-05" />
    <testcase name="Equals (66)" classname="spec_perl_TestIntegersMinMax_t" time="9.39369201660156e-05" />
    <testcase name="Equals (67)" classname="spec_perl_TestIntegersMinMax_t" time="9.79900360107422e-05" />
    <testcase name="Equals (68)" classname="spec_perl_TestIntegersMinMax_t" time="9.10758972167969e-05" />
    <testcase name="Equals (69)" classname="spec_perl_TestIntegersMinMax_t" time="9.70363616943359e-05" />
    <testcase name="Equals (70)" classname="spec_perl_TestIntegersMinMax_t" time="0.000102043151855469" />
    <testcase name="Equals (71)" classname="spec_perl_TestIntegersMinMax_t" time="9.29832458496094e-05" />
    <testcase name="Equals (72)" classname="spec_perl_TestIntegersMinMax_t" time="9.48905944824219e-05" />
    <testcase name="Equals (73)" classname="spec_perl_TestIntegersMinMax_t" time="9.39369201660156e-05" />
    <testcase name="Equals (74)" classname="spec_perl_TestIntegersMinMax_t" time="9.41753387451172e-05" />
    <testcase name="Equals (75)" classname="spec_perl_TestIntegersMinMax_t" time="9.98973846435547e-05" />
  </testsuite>
  <testsuite name="spec_perl_TestNavParent_t" errors="0" failures="0" skipped="0" tests="5" time="0.0665249824523926">
    <system-out>1..5
ok 1 - Equals
ok 2 - Equals
ok 3 - Equals
ok 4 - Equals
ok 5 - Equals
</system-out>
    <testcase name="Equals (76)" classname="spec_perl_TestNavParent_t" time="0.000293970108032227" />
    <testcase name="Equals (77)" classname="spec_perl_TestNavParent_t" time="8.51154327392578e-05" />
    <testcase name="Equals (78)" classname="spec_perl_TestNavParent_t" time="0.000105857849121094" />
    <testcase name="Equals (79)" classname="spec_perl_TestNavParent_t" time="0.000112056732177734" />
    <testcase name="Equals (80)" classname="spec_perl_TestNavParent_t" time="0.000101089477539062" />
  </testsuite>
  <testsuite name="spec_perl_TestTsPacketHeader_t" errors="0" failures="0" skipped="0" tests="7" time="0.0625109672546387">
    <system-out>1..7
ok 1 - Equals
ok 2 - Equals
ok 3 - Equals
ok 4 - Equals
ok 5 - Equals
ok 6 - Equals
ok 7 - Equals
</system-out>
    <testcase name="Equals (81)" classname="spec_perl_TestTsPacketHeader_t" time="0.000257015228271484" />
    <testcase name="Equals (82)" classname="spec_perl_TestTsPacketHeader_t" time="7.20024108886719e-05" />
    <testcase name="Equals (83)" classname="spec_perl_TestTsPacketHeader_t" time="0.000104904174804688" />
    <testcase name="Equals (84)" classname="spec_perl_TestTsPacketHeader_t" time="8.20159912109375e-05" />
    <testcase name="Equals (85)" classname="spec_perl_TestTsPacketHeader_t" time="9.79900360107422e-05" />
    <testcase name="Equals (86)" classname="spec_perl_TestTsPacketHeader_t" time="9.89437103271484e-05" />
    <testcase name="Equals (87)" classname="spec_perl_TestTsPacketHeader_t" time="0.000101089477539062" />
  </testsuite>
  <testsuite name="spec_perl_TestNavParent3_t" errors="0" failures="0" skipped="0" tests="10" time="0.0664758682250977">
    <system-out>1..10
ok 1 - Equals
ok 2 - Equals
ok 3 - Equals
ok 4 - Equals
ok 5 - Equals
ok 6 - Equals
ok 7 - Equals
ok 8 - Equals
ok 9 - Equals
ok 10 - Equals
</system-out>
    <testcase name="Equals (88)" classname="spec_perl_TestNavParent3_t" time="0.000211000442504883" />
    <testcase name="Equals (89)" classname="spec_perl_TestNavParent3_t" time="8.20159912109375e-05" />
    <testcase name="Equals (90)" classname="spec_perl_TestNavParent3_t" time="0.000168085098266602" />
    <testcase name="Equals (91)" classname="spec_perl_TestNavParent3_t" time="0.000113010406494141" />
    <testcase name="Equals (92)" classname="spec_perl_TestNavParent3_t" time="0.000101804733276367" />
    <testcase name="Equals (93)" classname="spec_perl_TestNavParent3_t" time="0.000143051147460938" />
    <testcase name="Equals (94)" classname="spec_perl_TestNavParent3_t" time="0.000101089477539062" />
    <testcase name="Equals (95)" classname="spec_perl_TestNavParent3_t" time="0.000100851058959961" />
    <testcase name="Equals (96)" classname="spec_perl_TestNavParent3_t" time="0.000104188919067383" />
    <testcase name="Equals (97)" classname="spec_perl_TestNavParent3_t" time="0.000126838684082031" />
  </testsuite>
  <testsuite name="spec_perl_TestExprIfIntOps_t" errors="0" failures="0" skipped="0" tests="2" time="0.0613079071044922">
    <system-out>1..2
ok 1 - Equals
ok 2 - Equals
</system-out>
    <testcase name="Equals (98)" classname="spec_perl_TestExprIfIntOps_t" time="0.000199079513549805" />
    <testcase name="Equals (99)" classname="spec_perl_TestExprIfIntOps_t" time="9.79900360107422e-05" />
  </testsuite>
  <testsuite name="spec_perl_TestSwitchRepeatExprInvalid_t" errors="0" failures="0" skipped="0" tests="3" time="0.0617430210113525">
    <system-out>1..3
ok 1 - Equals
ok 2 - Equals
ok 3 - Equals
</system-out>
    <testcase name="Equals (100)" classname="spec_perl_TestSwitchRepeatExprInvalid_t" time="0.000239849090576172" />
    <testcase name="Equals (101)" classname="spec_perl_TestSwitchRepeatExprInvalid_t" time="8.10623168945312e-05" />
    <testcase name="Equals (102)" classname="spec_perl_TestSwitchRepeatExprInvalid_t" time="0.000140905380249023" />
  </testsuite>
  <testsuite name="spec_perl_TestProcessRepeatUsertype_t" errors="0" failures="0" skipped="0" tests="4" time="0.0622830390930176">
    <system-out>1..4
ok 1 - Equals
ok 2 - Equals
ok 3 - Equals
ok 4 - Equals
</system-out>
    <testcase name="Equals (103)" classname="spec_perl_TestProcessRepeatUsertype_t" time="0.000566959381103516" />
    <testcase name="Equals (104)" classname="spec_perl_TestProcessRepeatUsertype_t" time="8.58306884765625e-05" />
    <testcase name="Equals (105)" classname="spec_perl_TestProcessRepeatUsertype_t" time="0.000120162963867188" />
    <testcase name="Equals (106)" classname="spec_perl_TestProcessRepeatUsertype_t" time="0.000102043151855469" />
  </testsuite>
  <testsuite name="spec_perl_TestJsSignedRightShift_t" errors="0" failures="0" skipped="0" tests="2" time="0.0628030300140381">
    <system-out>1..2
ok 1 - Equals
ok 2 - Equals
</system-out>
    <testcase name="Equals (107)" classname="spec_perl_TestJsSignedRightShift_t" time="0.000524044036865234" />
    <testcase name="Equals (108)" classname="spec_perl_TestJsSignedRightShift_t" time="0.000252962112426758" />
  </testsuite>
  <testsuite name="spec_perl_TestImportsRel1_t" errors="0" failures="0" skipped="0" tests="3" time="0.0615439414978027">
    <system-out>1..3
ok 1 - Equals
ok 2 - Equals
ok 3 - Equals
</system-out>
    <testcase name="Equals (109)" classname="spec_perl_TestImportsRel1_t" time="0.000233173370361328" />
    <testcase name="Equals (110)" classname="spec_perl_TestImportsRel1_t" time="8.89301300048828e-05" />
    <testcase name="Equals (111)" classname="spec_perl_TestImportsRel1_t" time="0.000107049942016602" />
  </testsuite>
  <testsuite name="spec_perl_TestEosExceptionU4_t" errors="0" failures="0" skipped="0" tests="1" time="0.0631060600280762">
    <system-out>1..1
ok 1 - threw /^Requested \d+ bytes, but only \d+ bytes available/
</system-out>
    <testcase name="threw /^Requested \d+ bytes, but only \d+ bytes available/ (111)" classname="spec_perl_TestEosExceptionU4_t" time="0.000483989715576172" />
  </testsuite>
  <testsuite name="spec_perl_TestEnumInvalid_t" errors="0" failures="0" skipped="0" tests="2" time="0.0613071918487549">
    <system-out>1..2
ok 1 - Equals
ok 2 - Equals
</system-out>
    <testcase name="Equals (112)" classname="spec_perl_TestEnumInvalid_t" time="0.000195026397705078" />
    <testcase name="Equals (113)" classname="spec_perl_TestEnumInvalid_t" time="8.20159912109375e-05" />
  </testsuite>
  <testsuite name="spec_perl_TestFixedContents_t" errors="0" failures="0" skipped="1" tests="1" time="0.0624339580535889">
    <system-out>1..1
ok 1 # skip FixedContents=HASH(0x55577294ed80)
</system-out>
    <testcase name="Unnamed test case 113" classname="spec_perl_TestFixedContents_t" time="0.00117301940917969">
      <skipped message="ok 1 # skip FixedContents=HASH(0x55577294ed80)" />
    </testcase>
  </testsuite>
  <testsuite name="spec_perl_TestExprOpsParens_t" errors="0" failures="1" skipped="0" tests="9" time="0.0638442039489746">
    <system-out>1..9
ok 1 - Equals
ok 2 - Equals
ok 3 - Equals
ok 4 - Equals
ok 5 - Equals
ok 6 - Equals
not ok 7 - Equals
ok 8 - Equals
ok 9 - Equals
</system-out>
    <testcase name="Equals (114)" classname="spec_perl_TestExprOpsParens_t" time="0.000199794769287109" />
    <testcase name="Equals (115)" classname="spec_perl_TestExprOpsParens_t" time="0.000100135803222656" />
    <testcase name="Equals (116)" classname="spec_perl_TestExprOpsParens_t" time="0.000113010406494141" />
    <testcase name="Equals (117)" classname="spec_perl_TestExprOpsParens_t" time="0.000112056732177734" />
    <testcase name="Equals (118)" classname="spec_perl_TestExprOpsParens_t" time="0.0001068115234375" />
    <testcase name="Equals (119)" classname="spec_perl_TestExprOpsParens_t" time="0.000107049942016602" />
    <testcase name="Equals (120)" classname="spec_perl_TestExprOpsParens_t" time="0.000160932540893555">
      <failure message="not ok 7 - Equals" type="TAP::Parser::Result::Test"></failure>
    </testcase>
    <testcase name="Equals (121)" classname="spec_perl_TestExprOpsParens_t" time="0.00152206420898438" />
    <testcase name="Equals (122)" classname="spec_perl_TestExprOpsParens_t" time="4.69684600830078e-05" />
  </testsuite>
  <testsuite name="spec_perl_TestIndexSizes_t" errors="0" failures="0" skipped="0" tests="7" time="0.0662009716033936">
    <system-out>1..7
ok 1 - Equals
ok 2 - Equals
ok 3 - Equals
ok 4 - Equals
ok 5 - Equals
ok 6 - Equals
ok 7 - Equals
</system-out>
    <testcase name="Equals (123)" classname="spec_perl_TestIndexSizes_t" time="0.000270843505859375" />
    <testcase name="Equals (124)" classname="spec_perl_TestIndexSizes_t" time="8.51154327392578e-05" />
    <testcase name="Equals (125)" classname="spec_perl_TestIndexSizes_t" time="0.000104904174804688" />
    <testcase name="Equals (126)" classname="spec_perl_TestIndexSizes_t" time="0.000102996826171875" />
    <testcase name="Equals (127)" classname="spec_perl_TestIndexSizes_t" time="0.000102996826171875" />
    <testcase name="Equals (128)" classname="spec_perl_TestIndexSizes_t" time="0.000126123428344727" />
    <testcase name="Equals (129)" classname="spec_perl_TestIndexSizes_t" time="9.89437103271484e-05" />
  </testsuite>
  <testsuite name="spec_perl_TestExprBytesCmp_t" errors="0" failures="0" skipped="0" tests="10" time="0.0621850490570068">
    <system-out>1..10
ok 1 - Equals
ok 2 - Equals
ok 3 - Equals
ok 4 - Equals
ok 5 - Equals
ok 6 - Equals
ok 7 - Equals
ok 8 - Equals
ok 9 - Equals
ok 10 - Equals
</system-out>
    <testcase name="Equals (130)" classname="spec_perl_TestExprBytesCmp_t" time="0.000219821929931641" />
    <testcase name="Equals (131)" classname="spec_perl_TestExprBytesCmp_t" time="8.60691070556641e-05" />
    <testcase name="Equals (132)" classname="spec_perl_TestExprBytesCmp_t" time="0.000112056732177734" />
    <testcase name="Equals (133)" classname="spec_perl_TestExprBytesCmp_t" time="9.60826873779297e-05" />
    <testcase name="Equals (134)" classname="spec_perl_TestExprBytesCmp_t" time="9.08374786376953e-05" />
    <testcase name="Equals (135)" classname="spec_perl_TestExprBytesCmp_t" time="8.79764556884766e-05" />
    <testcase name="Equals (136)" classname="spec_perl_TestExprBytesCmp_t" time="8.70227813720703e-05" />
    <testcase name="Equals (137)" classname="spec_perl_TestExprBytesCmp_t" time="8.60691070556641e-05" />
    <testcase name="Equals (138)" classname="spec_perl_TestExprBytesCmp_t" time="8.89301300048828e-05" />
    <testcase name="Equals (139)" classname="spec_perl_TestExprBytesCmp_t" time="9.41753387451172e-05" />
  </testsuite>
  <testsuite name="spec_perl_TestValidEqStrEncodings_t" errors="0" failures="0" skipped="1" tests="1" time="0.0705409049987793">
    <system-out>1..1
ok 1 # skip ValidEqStrEncodings=HASH(0x558c1e33a6a8)
</system-out>
    <testcase name="Unnamed test case 139" classname="spec_perl_TestValidEqStrEncodings_t" time="0.00476384162902832">
      <skipped message="ok 1 # skip ValidEqStrEncodings=HASH(0x558c1e33a6a8)" />
    </testcase>
  </testsuite>
  <testsuite name="spec_perl_TestIfInstances_t" errors="0" failures="0" skipped="0" tests="1" time="0.0608279705047607">
    <system-out>1..1
ok 1 - nil
</system-out>
    <testcase name="nil (139)" classname="spec_perl_TestIfInstances_t" time="0.000129938125610352" />
  </testsuite>
  <testsuite name="spec_perl_TestBitsSignedResB32Be_t" errors="0" failures="0" skipped="0" tests="1" time="0.0615601539611816">
    <system-out>1..1
ok 1 - Equals
</system-out>
    <testcase name="Equals (140)" classname="spec_perl_TestBitsSignedResB32Be_t" time="0.000212907791137695" />
  </testsuite>
  <testsuite name="spec_perl_TestValidLong_t" errors="0" failures="0" skipped="1" tests="1" time="0.0670640468597412">
    <system-out>1..1
ok 1 # skip ValidLong=HASH(0x555a371fa070)
</system-out>
    <testcase name="Unnamed test case 140" classname="spec_perl_TestValidLong_t" time="0.00127077102661133">
      <skipped message="ok 1 # skip ValidLong=HASH(0x555a371fa070)" />
    </testcase>
  </testsuite>
  <testsuite name="spec_perl_TestBitsByteAligned_t" errors="0" failures="0" skipped="0" tests="9" time="0.0620388984680176">
    <system-out>1..9
ok 1 - Equals
ok 2 - Equals
ok 3 - Equals
ok 4 - Equals
ok 5 - Equals
ok 6 - Equals
ok 7 - Equals
ok 8 - Equals
ok 9 - Equals
</system-out>
    <testcase name="Equals (141)" classname="spec_perl_TestBitsByteAligned_t" time="0.000277042388916016" />
    <testcase name="Equals (142)" classname="spec_perl_TestBitsByteAligned_t" time="8.70227813720703e-05" />
    <testcase name="Equals (143)" classname="spec_perl_TestBitsByteAligned_t" time="0.000101804733276367" />
    <testcase name="Equals (144)" classname="spec_perl_TestBitsByteAligned_t" time="9.20295715332031e-05" />
    <testcase name="Equals (145)" classname="spec_perl_TestBitsByteAligned_t" time="9.70363616943359e-05" />
    <testcase name="Equals (146)" classname="spec_perl_TestBitsByteAligned_t" time="9.89437103271484e-05" />
    <testcase name="Equals (147)" classname="spec_perl_TestBitsByteAligned_t" time="9.70363616943359e-05" />
    <testcase name="Equals (148)" classname="spec_perl_TestBitsByteAligned_t" time="0.000115156173706055" />
    <testcase name="Equals (149)" classname="spec_perl_TestBitsByteAligned_t" time="0.000103950500488281" />
  </testsuite>
  <testsuite name="spec_perl_TestExpr2_t" errors="0" failures="0" skipped="0" tests="17" time="0.0679810047149658">
    <system-out>1..17
ok 1 - Equals
ok 2 - Equals
ok 3 - Equals
ok 4 - Equals
ok 5 - Equals
ok 6 - Equals
ok 7 - Equals
ok 8 - Equals
ok 9 - Equals
ok 10 - Equals
ok 11 - Equals
ok 12 - Equals
ok 13 - Equals
ok 14 - Equals
ok 15 - Equals
ok 16 - Equals
ok 17 - Equals
</system-out>
    <testcase name="Equals (150)" classname="spec_perl_TestExpr2_t" time="0.000597000122070312" />
    <testcase name="Equals (151)" classname="spec_perl_TestExpr2_t" time="8.91685485839844e-05" />
    <testcase name="Equals (152)" classname="spec_perl_TestExpr2_t" time="0.000110864639282227" />
    <testcase name="Equals (153)" classname="spec_perl_TestExpr2_t" time="0.000102996826171875" />
    <testcase name="Equals (154)" classname="spec_perl_TestExpr2_t" time="0.000105142593383789" />
    <testcase name="Equals (155)" classname="spec_perl_TestExpr2_t" time="0.00010991096496582" />
    <testcase name="Equals (156)" classname="spec_perl_TestExpr2_t" time="0.000102996826171875" />
    <testcase name="Equals (157)" classname="spec_perl_TestExpr2_t" time="0.000128030776977539" />
    <testcase name="Equals (158)" classname="spec_perl_TestExpr2_t" time="0.000120878219604492" />
    <testcase name="Equals (159)" classname="spec_perl_TestExpr2_t" time="9.60826873779297e-05" />
    <testcase name="Equals (160)" classname="spec_perl_TestExpr2_t" time="0.000101089477539062" />
    <testcase name="Equals (161)" classname="spec_perl_TestExpr2_t" time="9.17911529541016e-05" />
    <testcase name="Equals (162)" classname="spec_perl_TestExpr2_t" time="0.000105142593383789" />
    <testcase name="Equals (163)" classname="spec_perl_TestExpr2_t" time="0.000118017196655273" />
    <testcase name="Equals (164)" classname="spec_perl_TestExpr2_t" time="0.000100851058959961" />
    <testcase name="Equals (165)" classname="spec_perl_TestExpr2_t" time="0.000120162963867188" />
    <testcase name="Equals (166)" classname="spec_perl_TestExpr2_t" time="0.000105857849121094" />
  </testsuite>
  <testsuite name="spec_perl_TestSwitchManualIntSizeElse_t" errors="0" failures="0" skipped="0" tests="10" time="0.0679161548614502">
    <system-out>1..10
ok 1 - Equals
ok 2 - Equals
ok 3 - Equals
ok 4 - Equals
ok 5 - Equals
ok 6 - Equals
ok 7 - Equals
ok 8 - Equals
ok 9 - Equals
ok 10 - Equals
</system-out>
    <testcase name="Equals (167)" classname="spec_perl_TestSwitchManualIntSizeElse_t" time="0.000638008117675781" />
    <testcase name="Equals (168)" classname="spec_perl_TestSwitchManualIntSizeElse_t" time="8.91685485839844e-05" />
    <testcase name="Equals (169)" classname="spec_perl_TestSwitchManualIntSizeElse_t" time="0.000108003616333008" />
    <testcase name="Equals (170)" classname="spec_perl_TestSwitchManualIntSizeElse_t" time="0.000102996826171875" />
    <testcase name="Equals (171)" classname="spec_perl_TestSwitchManualIntSizeElse_t" time="9.98973846435547e-05" />
    <testcase name="Equals (172)" classname="spec_perl_TestSwitchManualIntSizeElse_t" time="0.000120878219604492" />
    <testcase name="Equals (173)" classname="spec_perl_TestSwitchManualIntSizeElse_t" time="0.000108003616333008" />
    <testcase name="Equals (174)" classname="spec_perl_TestSwitchManualIntSizeElse_t" time="0.000104188919067383" />
    <testcase name="Equals (175)" classname="spec_perl_TestSwitchManualIntSizeElse_t" time="0.000102996826171875" />
    <testcase name="Equals (176)" classname="spec_perl_TestSwitchManualIntSizeElse_t" time="0.000103950500488281" />
  </testsuite>
  <testsuite name="spec_perl_TestCombineEnum_t" errors="0" failures="0" skipped="0" tests="3" time="0.061439037322998">
    <system-out>1..3
ok 1 - Equals
ok 2 - Equals
ok 3 - Equals
</system-out>
    <testcase name="Equals (177)" classname="spec_perl_TestCombineEnum_t" time="0.000211000442504883" />
    <testcase name="Equals (178)" classname="spec_perl_TestCombineEnum_t" time="0.000107049942016602" />
    <testcase name="Equals (179)" classname="spec_perl_TestCombineEnum_t" time="0.00010991096496582" />
  </testsuite>
  <testsuite name="spec_perl_TestExprArray_t" errors="0" failures="0" skipped="0" tests="15" time="0.0676450729370117">
    <system-out>1..15
ok 1 - Equals
ok 2 - Equals
ok 3 - Equals
ok 4 - Equals
ok 5 - Equals
ok 6 - Equals
ok 7 - Approx equals
ok 8 - Approx equals
ok 9 - Approx equals
ok 10 - Approx equals
ok 11 - Equals
ok 12 - Equals
ok 13 - Equals
ok 14 - Equals
ok 15 - Equals
</system-out>
    <testcase name="Equals (180)" classname="spec_perl_TestExprArray_t" time="0.00032496452331543" />
    <testcase name="Equals (181)" classname="spec_perl_TestExprArray_t" time="9.60826873779297e-05" />
    <testcase name="Equals (182)" classname="spec_perl_TestExprArray_t" time="0.000111103057861328" />
    <testcase name="Equals (183)" classname="spec_perl_TestExprArray_t" time="0.0001068115234375" />
    <testcase name="Equals (184)" classname="spec_perl_TestExprArray_t" time="0.000106096267700195" />
    <testcase name="Equals (185)" classname="spec_perl_TestExprArray_t" time="0.000106096267700195" />
    <testcase name="Approx equals (185)" classname="spec_perl_TestExprArray_t" time="5.98430633544922e-05" />
    <testcase name="Approx equals (186)" classname="spec_perl_TestExprArray_t" time="3.50475311279297e-05" />
    <testcase name="Approx equals (187)" classname="spec_perl_TestExprArray_t" time="5.10215759277344e-05" />
    <testcase name="Approx equals (188)" classname="spec_perl_TestExprArray_t" time="4.00543212890625e-05" />
    <testcase name="Equals (188)" classname="spec_perl_TestExprArray_t" time="0.000102996826171875" />
    <testcase name="Equals (189)" classname="spec_perl_TestExprArray_t" time="0.000104904174804688" />
    <testcase name="Equals (190)" classname="spec_perl_TestExprArray_t" time="0.000126123428344727" />
    <testcase name="Equals (191)" classname="spec_perl_TestExprArray_t" time="0.000102996826171875" />
    <testcase name="Equals (192)" classname="spec_perl_TestExprArray_t" time="0.000103950500488281" />
  </testsuite>
  <testsuite name="spec_perl_TestNonStandard_t" errors="0" failures="0" skipped="0" tests="1" time="0.061755895614624">
    <system-out>1..1
ok 1 - Equals
</system-out>
    <testcase name="Equals (193)" classname="spec_perl_TestNonStandard_t" time="0.000205039978027344" />
  </testsuite>
  <testsuite name="spec_perl_TestParamsPassUsertype_t" errors="0" failures="1" skipped="1" tests="2" time="0.062798023223877">
    <system-out>1..2
not ok 1 - test_params_pass_usertype died (Can't call method &quot;foo&quot; on an undefined value at compiled/perl/ParamsPassUsertype.pm line 119.)
ok 2 # skip test_params_pass_usertype died
</system-out>
    <testcase name="test_params_pass_usertype died (Can't call method &quot;foo&quot; on an undefined value at compiled/perl/ParamsPassUsertype.pm line 119.) (193)" classname="spec_perl_TestParamsPassUsertype_t" time="0.000232934951782227">
      <failure message="not ok 1 - test_params_pass_usertype died (Can't call method &quot;foo&quot; on an undefined value at compiled/perl/ParamsPassUsertype.pm line 119.)" type="TAP::Parser::Result::Test"></failure>
    </testcase>
    <testcase name="Unnamed test case 193" classname="spec_perl_TestParamsPassUsertype_t" time="0.00133204460144043">
      <skipped message="ok 2 # skip test_params_pass_usertype died" />
    </testcase>
  </testsuite>
  <testsuite name="spec_perl_TestIfValues_t" errors="0" failures="0" skipped="0" tests="6" time="0.0619971752166748">
    <system-out>1..6
ok 1 - Equals
ok 2 - Equals
ok 3 - Equals
ok 4 - nil
ok 5 - Equals
ok 6 - nil
</system-out>
    <testcase name="Equals (194)" classname="spec_perl_TestIfValues_t" time="0.00024104118347168" />
    <testcase name="Equals (195)" classname="spec_perl_TestIfValues_t" time="9.10758972167969e-05" />
    <testcase name="Equals (196)" classname="spec_perl_TestIfValues_t" time="0.000108957290649414" />
    <testcase name="nil (196)" classname="spec_perl_TestIfValues_t" time="5.88893890380859e-05" />
    <testcase name="Equals (197)" classname="spec_perl_TestIfValues_t" time="9.918212890625e-05" />
    <testcase name="nil (197)" classname="spec_perl_TestIfValues_t" time="5.79357147216797e-05" />
  </testsuite>
  <testsuite name="spec_perl_TestRepeatUntilCalcArrayType_t" errors="0" failures="0" skipped="0" tests="7" time="0.0623779296875">
    <system-out>1..7
ok 1 - Equals
ok 2 - Equals
ok 3 - Equals
ok 4 - Equals
ok 5 - Equals
ok 6 - Equals
ok 7 - Equals
</system-out>
    <testcase name="Equals (198)" classname="spec_perl_TestRepeatUntilCalcArrayType_t" time="0.000543832778930664" />
    <testcase name="Equals (199)" classname="spec_perl_TestRepeatUntilCalcArrayType_t" time="8.70227813720703e-05" />
    <testcase name="Equals (200)" classname="spec_perl_TestRepeatUntilCalcArrayType_t" time="0.000111103057861328" />
    <testcase name="Equals (201)" classname="spec_perl_TestRepeatUntilCalcArrayType_t" time="0.000104904174804688" />
    <testcase name="Equals (202)" classname="spec_perl_TestRepeatUntilCalcArrayType_t" time="0.000102996826171875" />
    <testcase name="Equals (203)" classname="spec_perl_TestRepeatUntilCalcArrayType_t" time="0.000100135803222656" />
    <testcase name="Equals (204)" classname="spec_perl_TestRepeatUntilCalcArrayType_t" time="0.000102996826171875" />
  </testsuite>
  <testsuite name="spec_perl_TestRepeatUntilS4_t" errors="0" failures="0" skipped="0" tests="2" time="0.0662021636962891">
    <system-out>1..2
ok 1 - Equals
ok 2 - Equals
</system-out>
    <testcase name="Equals (205)" classname="spec_perl_TestRepeatUntilS4_t" time="0.000254154205322266" />
    <testcase name="Equals (206)" classname="spec_perl_TestRepeatUntilS4_t" time="0.000111818313598633" />
  </testsuite>
  <testsuite name="spec_perl_TestStrEncodings_t" errors="0" failures="0" skipped="0" tests="4" time="0.0698559284210205">
    <system-out>1..4
ok 1 - Equals
ok 2 - Equals
ok 3 - Equals
ok 4 - Equals
</system-out>
    <testcase name="Equals (207)" classname="spec_perl_TestStrEncodings_t" time="0.00382184982299805" />
    <testcase name="Equals (208)" classname="spec_perl_TestStrEncodings_t" time="0.000100135803222656" />
    <testcase name="Equals (209)" classname="spec_perl_TestStrEncodings_t" time="0.000111818313598633" />
    <testcase name="Equals (210)" classname="spec_perl_TestStrEncodings_t" time="0.000109195709228516" />
  </testsuite>
  <testsuite name="spec_perl_TestBitsSignedShiftB32Le_t" errors="0" failures="0" skipped="0" tests="2" time="0.0656008720397949">
    <system-out>1..2
ok 1 - Equals
ok 2 - Equals
</system-out>
    <testcase name="Equals (211)" classname="spec_perl_TestBitsSignedShiftB32Le_t" time="0.000215053558349609" />
    <testcase name="Equals (212)" classname="spec_perl_TestBitsSignedShiftB32Le_t" time="8.58306884765625e-05" />
  </testsuite>
  <testsuite name="spec_perl_TestNavRoot_t" errors="0" failures="0" skipped="0" tests="5" time="0.0664820671081543">
    <system-out>1..5
ok 1 - Equals
ok 2 - Equals
ok 3 - Equals
ok 4 - Equals
ok 5 - Equals
</system-out>
    <testcase name="Equals (213)" classname="spec_perl_TestNavRoot_t" time="0.000334024429321289" />
    <testcase name="Equals (214)" classname="spec_perl_TestNavRoot_t" time="9.48905944824219e-05" />
    <testcase name="Equals (215)" classname="spec_perl_TestNavRoot_t" time="0.000108003616333008" />
    <testcase name="Equals (216)" classname="spec_perl_TestNavRoot_t" time="0.000106096267700195" />
    <testcase name="Equals (217)" classname="spec_perl_TestNavRoot_t" time="0.000104904174804688" />
  </testsuite>
  <testsuite name="spec_perl_TestSwitchIntegers_t" errors="0" failures="0" skipped="0" tests="9" time="0.0624170303344727">
    <system-out>1..9
ok 1 - Equals
ok 2 - Equals
ok 3 - Equals
ok 4 - Equals
ok 5 - Equals
ok 6 - Equals
ok 7 - Equals
ok 8 - Equals
ok 9 - Equals
</system-out>
    <testcase name="Equals (218)" classname="spec_perl_TestSwitchIntegers_t" time="0.000229120254516602" />
    <testcase name="Equals (219)" classname="spec_perl_TestSwitchIntegers_t" time="8.48770141601562e-05" />
    <testcase name="Equals (220)" classname="spec_perl_TestSwitchIntegers_t" time="0.000109195709228516" />
    <testcase name="Equals (221)" classname="spec_perl_TestSwitchIntegers_t" time="0.0001068115234375" />
    <testcase name="Equals (222)" classname="spec_perl_TestSwitchIntegers_t" time="9.70363616943359e-05" />
    <testcase name="Equals (223)" classname="spec_perl_TestSwitchIntegers_t" time="9.70363616943359e-05" />
    <testcase name="Equals (224)" classname="spec_perl_TestSwitchIntegers_t" time="9.79900360107422e-05" />
    <testcase name="Equals (225)" classname="spec_perl_TestSwitchIntegers_t" time="9.79900360107422e-05" />
    <testcase name="Equals (226)" classname="spec_perl_TestSwitchIntegers_t" time="9.89437103271484e-05" />
  </testsuite>
  <testsuite name="spec_perl_TestExprSizeofType0_t" errors="0" failures="0" skipped="0" tests="1" time="0.0615279674530029">
    <system-out>1..1
ok 1 - Equals
</system-out>
    <testcase name="Equals (227)" classname="spec_perl_TestExprSizeofType0_t" time="0.000210046768188477" />
  </testsuite>
  <testsuite name="spec_perl_TestMetaTags_t" errors="0" failures="0" skipped="1" tests="1" time="0.062312126159668">
    <system-out>1..1
ok 1 # skip MetaTags=HASH(0x560572932be8)
</system-out>
    <testcase name="Unnamed test case 227" classname="spec_perl_TestMetaTags_t" time="0.000993013381958008">
      <skipped message="ok 1 # skip MetaTags=HASH(0x560572932be8)" />
    </testcase>
  </testsuite>
  <testsuite name="spec_perl_TestEnumLongRangeS_t" errors="0" failures="0" skipped="0" tests="7" time="0.062100887298584">
    <system-out>1..7
ok 1 - Equals
ok 2 - Equals
ok 3 - Equals
ok 4 - Equals
ok 5 - Equals
ok 6 - Equals
ok 7 - Equals
</system-out>
    <testcase name="Equals (228)" classname="spec_perl_TestEnumLongRangeS_t" time="0.000277996063232422" />
    <testcase name="Equals (229)" classname="spec_perl_TestEnumLongRangeS_t" time="8.60691070556641e-05" />
    <testcase name="Equals (230)" classname="spec_perl_TestEnumLongRangeS_t" time="0.000108957290649414" />
    <testcase name="Equals (231)" classname="spec_perl_TestEnumLongRangeS_t" time="0.000105142593383789" />
    <testcase name="Equals (232)" classname="spec_perl_TestEnumLongRangeS_t" time="0.000105857849121094" />
    <testcase name="Equals (233)" classname="spec_perl_TestEnumLongRangeS_t" time="9.89437103271484e-05" />
    <testcase name="Equals (234)" classname="spec_perl_TestEnumLongRangeS_t" time="0.000131130218505859" />
  </testsuite>
  <testsuite name="spec_perl_TestMultipleUse_t" errors="0" failures="0" skipped="0" tests="2" time="0.0626900196075439">
    <system-out>1..2
ok 1 - Equals
ok 2 - Equals
</system-out>
    <testcase name="Equals (235)" classname="spec_perl_TestMultipleUse_t" time="0.000200033187866211" />
    <testcase name="Equals (236)" classname="spec_perl_TestMultipleUse_t" time="9.70363616943359e-05" />
  </testsuite>
  <testsuite name="spec_perl_TestProcessCoerceUsertype1_t" errors="0" failures="0" skipped="0" tests="4" time="0.0623869895935059">
    <system-out>1..4
ok 1 - Equals
ok 2 - Equals
ok 3 - Equals
ok 4 - Equals
</system-out>
    <testcase name="Equals (237)" classname="spec_perl_TestProcessCoerceUsertype1_t" time="0.000505924224853516" />
    <testcase name="Equals (238)" classname="spec_perl_TestProcessCoerceUsertype1_t" time="8.70227813720703e-05" />
    <testcase name="Equals (239)" classname="spec_perl_TestProcessCoerceUsertype1_t" time="0.000108957290649414" />
    <testcase name="Equals (240)" classname="spec_perl_TestProcessCoerceUsertype1_t" time="0.000110149383544922" />
  </testsuite>
  <testsuite name="spec_perl_TestIndexToParamExpr_t" errors="0" failures="2" skipped="0" tests="7" time="0.0706329345703125">
    <system-out>1..7
ok 1 - Equals
ok 2 - Equals
ok 3 - Equals
ok 4 - Equals
ok 5 - Equals
not ok 6 - Equals
not ok 7 - Equals
</system-out>
    <testcase name="Equals (241)" classname="spec_perl_TestIndexToParamExpr_t" time="0.000433921813964844" />
    <testcase name="Equals (242)" classname="spec_perl_TestIndexToParamExpr_t" time="0.000349044799804688" />
    <testcase name="Equals (243)" classname="spec_perl_TestIndexToParamExpr_t" time="0.000211954116821289" />
    <testcase name="Equals (244)" classname="spec_perl_TestIndexToParamExpr_t" time="0.000262975692749023" />
    <testcase name="Equals (245)" classname="spec_perl_TestIndexToParamExpr_t" time="5.91278076171875e-05" />
    <testcase name="Equals (246)" classname="spec_perl_TestIndexToParamExpr_t" time="0.000149011611938477">
      <failure message="not ok 6 - Equals" type="TAP::Parser::Result::Test"></failure>
    </testcase>
    <testcase name="Equals (247)" classname="spec_perl_TestIndexToParamExpr_t" time="0.000850915908813477">
      <failure message="not ok 7 - Equals" type="TAP::Parser::Result::Test"></failure>
    </testcase>
  </testsuite>
  <testsuite name="spec_perl_TestTermU1Val_t" errors="0" failures="0" skipped="0" tests="2" time="0.0655460357666016">
    <system-out>1..2
ok 1 - Equals
ok 2 - Equals
</system-out>
    <testcase name="Equals (248)" classname="spec_perl_TestTermU1Val_t" time="0.000264167785644531" />
    <testcase name="Equals (249)" classname="spec_perl_TestTermU1Val_t" time="7.89165496826172e-05" />
  </testsuite>
  <testsuite name="spec_perl_TestSwitchManualIntSizeEos_t" errors="0" failures="0" skipped="0" tests="10" time="0.0680160522460938">
    <system-out>1..10
ok 1 - Equals
ok 2 - Equals
ok 3 - Equals
ok 4 - Equals
ok 5 - Equals
ok 6 - Equals
ok 7 - Equals
ok 8 - Equals
ok 9 - Equals
ok 10 - Equals
</system-out>
    <testcase name="Equals (250)" classname="spec_perl_TestSwitchManualIntSizeEos_t" time="0.000678062438964844" />
    <testcase name="Equals (251)" classname="spec_perl_TestSwitchManualIntSizeEos_t" time="8.10623168945312e-05" />
    <testcase name="Equals (252)" classname="spec_perl_TestSwitchManualIntSizeEos_t" time="0.000110864639282227" />
    <testcase name="Equals (253)" classname="spec_perl_TestSwitchManualIntSizeEos_t" time="0.000127077102661133" />
    <testcase name="Equals (254)" classname="spec_perl_TestSwitchManualIntSizeEos_t" time="0.000106096267700195" />
    <testcase name="Equals (255)" classname="spec_perl_TestSwitchManualIntSizeEos_t" time="0.000125885009765625" />
    <testcase name="Equals (256)" classname="spec_perl_TestSwitchManualIntSizeEos_t" time="0.000102043151855469" />
    <testcase name="Equals (257)" classname="spec_perl_TestSwitchManualIntSizeEos_t" time="0.000101089477539062" />
    <testcase name="Equals (258)" classname="spec_perl_TestSwitchManualIntSizeEos_t" time="9.79900360107422e-05" />
    <testcase name="Equals (259)" classname="spec_perl_TestSwitchManualIntSizeEos_t" time="0.000105857849121094" />
  </testsuite>
  <testsuite name="spec_perl_TestSwitchElseOnly_t" errors="0" failures="0" skipped="0" tests="3" time="0.0617852210998535">
    <system-out>1..3
ok 1 - Equals
ok 2 - Equals
ok 3 - Equals
</system-out>
    <testcase name="Equals (260)" classname="spec_perl_TestSwitchElseOnly_t" time="0.000234842300415039" />
    <testcase name="Equals (261)" classname="spec_perl_TestSwitchElseOnly_t" time="8.20159912109375e-05" />
    <testcase name="Equals (262)" classname="spec_perl_TestSwitchElseOnly_t" time="0.000108003616333008" />
  </testsuite>
  <testsuite name="spec_perl_TestProcessRotate_t" errors="0" failures="0" skipped="0" tests="3" time="0.0615701675415039">
    <system-out>1..3
ok 1 - Equals
ok 2 - Equals
ok 3 - Equals
</system-out>
    <testcase name="Equals (263)" classname="spec_perl_TestProcessRotate_t" time="0.000260114669799805" />
    <testcase name="Equals (264)" classname="spec_perl_TestProcessRotate_t" time="8.29696655273438e-05" />
    <testcase name="Equals (265)" classname="spec_perl_TestProcessRotate_t" time="0.000107049942016602" />
  </testsuite>
  <testsuite name="spec_perl_TestExprEnum_t" errors="0" failures="0" skipped="0" tests="3" time="0.0614180564880371">
    <system-out>1..3
ok 1 - Equals
ok 2 - Equals
ok 3 - Equals
</system-out>
    <testcase name="Equals (266)" classname="spec_perl_TestExprEnum_t" time="0.000199079513549805" />
    <testcase name="Equals (267)" classname="spec_perl_TestExprEnum_t" time="9.20295715332031e-05" />
    <testcase name="Equals (268)" classname="spec_perl_TestExprEnum_t" time="0.000107049942016602" />
  </testsuite>
  <testsuite name="spec_perl_TestNestedSameName_t" errors="0" failures="0" skipped="0" tests="2" time="0.0617439746856689">
    <system-out>1..2
ok 1 - Equals
ok 2 - Equals
</system-out>
    <testcase name="Equals (269)" classname="spec_perl_TestNestedSameName_t" time="0.00023198127746582" />
    <testcase name="Equals (270)" classname="spec_perl_TestNestedSameName_t" time="9.58442687988281e-05" />
  </testsuite>
  <testsuite name="spec_perl_TestDefaultEndianExprInherited_t" errors="0" failures="0" skipped="0" tests="15" time="0.0632979869842529">
    <system-out>1..15
ok 1 - Equals
ok 2 - Equals
ok 3 - Equals
ok 4 - Equals
ok 5 - Equals
ok 6 - Equals
ok 7 - Equals
ok 8 - Equals
ok 9 - Equals
ok 10 - Equals
ok 11 - Equals
ok 12 - Equals
ok 13 - Equals
ok 14 - Equals
ok 15 - Equals
</system-out>
    <testcase name="Equals (271)" classname="spec_perl_TestDefaultEndianExprInherited_t" time="0.000402927398681641" />
    <testcase name="Equals (272)" classname="spec_perl_TestDefaultEndianExprInherited_t" time="0.000195980072021484" />
    <testcase name="Equals (273)" classname="spec_perl_TestDefaultEndianExprInherited_t" time="0.000108957290649414" />
    <testcase name="Equals (274)" classname="spec_perl_TestDefaultEndianExprInherited_t" time="0.000105142593383789" />
    <testcase name="Equals (275)" classname="spec_perl_TestDefaultEndianExprInherited_t" time="0.000119924545288086" />
    <testcase name="Equals (276)" classname="spec_perl_TestDefaultEndianExprInherited_t" time="0.000106096267700195" />
    <testcase name="Equals (277)" classname="spec_perl_TestDefaultEndianExprInherited_t" time="9.39369201660156e-05" />
    <testcase name="Equals (278)" classname="spec_perl_TestDefaultEndianExprInherited_t" time="9.89437103271484e-05" />
    <testcase name="Equals (279)" classname="spec_perl_TestDefaultEndianExprInherited_t" time="9.79900360107422e-05" />
    <testcase name="Equals (280)" classname="spec_perl_TestDefaultEndianExprInherited_t" time="0.000111103057861328" />
    <testcase name="Equals (281)" classname="spec_perl_TestDefaultEndianExprInherited_t" time="0.000105857849121094" />
    <testcase name="Equals (282)" classname="spec_perl_TestDefaultEndianExprInherited_t" time="9.29832458496094e-05" />
    <testcase name="Equals (283)" classname="spec_perl_TestDefaultEndianExprInherited_t" time="0.000100135803222656" />
    <testcase name="Equals (284)" classname="spec_perl_TestDefaultEndianExprInherited_t" time="9.70363616943359e-05" />
    <testcase name="Equals (285)" classname="spec_perl_TestDefaultEndianExprInherited_t" time="0.000114917755126953" />
  </testsuite>
  <testsuite name="spec_perl_TestProcessCustomNoArgs_t" errors="1" failures="0" skipped="0" tests="0" time="0.0592710971832275">
    <system-out></system-out>
    <testcase name="Test died too soon, even before plan. (285)" classname="spec_perl_TestProcessCustomNoArgs_t" time="0.0592710971832275">
      <failure message="The test suite died before a plan was produced. You need to have a plan." type="Plan">No plan</failure>
    </testcase>
  </testsuite>
  <testsuite name="spec_perl_TestStrPadTerm_t" errors="0" failures="0" skipped="0" tests="4" time="0.0668268203735352">
    <system-out>1..4
ok 1 - Equals
ok 2 - Equals
ok 3 - Equals
ok 4 - Equals
</system-out>
    <testcase name="Equals (286)" classname="spec_perl_TestStrPadTerm_t" time="0.000285863876342773" />
    <testcase name="Equals (287)" classname="spec_perl_TestStrPadTerm_t" time="7.39097595214844e-05" />
    <testcase name="Equals (288)" classname="spec_perl_TestStrPadTerm_t" time="0.000128030776977539" />
    <testcase name="Equals (289)" classname="spec_perl_TestStrPadTerm_t" time="8.29696655273438e-05" />
  </testsuite>
  <testsuite name="spec_perl_TestIntegers_t" errors="0" failures="0" skipped="0" tests="20" time="0.0639290809631348">
    <system-out>1..20
ok 1 - Equals
ok 2 - Equals
ok 3 - Equals
ok 4 - Equals
ok 5 - Equals
ok 6 - Equals
ok 7 - Equals
ok 8 - Equals
ok 9 - Equals
ok 10 - Equals
ok 11 - Equals
ok 12 - Equals
ok 13 - Equals
ok 14 - Equals
ok 15 - Equals
ok 16 - Equals
ok 17 - Equals
ok 18 - Equals
ok 19 - Equals
ok 20 - Equals
</system-out>
    <testcase name="Equals (290)" classname="spec_perl_TestIntegers_t" time="0.000252962112426758" />
    <testcase name="Equals (291)" classname="spec_perl_TestIntegers_t" time="8.58306884765625e-05" />
    <testcase name="Equals (292)" classname="spec_perl_TestIntegers_t" time="0.000107049942016602" />
    <testcase name="Equals (293)" classname="spec_perl_TestIntegers_t" time="0.000103950500488281" />
    <testcase name="Equals (294)" classname="spec_perl_TestIntegers_t" time="0.000102043151855469" />
    <testcase name="Equals (295)" classname="spec_perl_TestIntegers_t" time="0.000102043151855469" />
    <testcase name="Equals (296)" classname="spec_perl_TestIntegers_t" time="0.000105142593383789" />
    <testcase name="Equals (297)" classname="spec_perl_TestIntegers_t" time="0.000114917755126953" />
    <testcase name="Equals (298)" classname="spec_perl_TestIntegers_t" time="9.89437103271484e-05" />
    <testcase name="Equals (299)" classname="spec_perl_TestIntegers_t" time="0.000101089477539062" />
    <testcase name="Equals (300)" classname="spec_perl_TestIntegers_t" time="9.58442687988281e-05" />
    <testcase name="Equals (301)" classname="spec_perl_TestIntegers_t" time="0.000101089477539062" />
    <testcase name="Equals (302)" classname="spec_perl_TestIntegers_t" time="9.39369201660156e-05" />
    <testcase name="Equals (303)" classname="spec_perl_TestIntegers_t" time="9.918212890625e-05" />
    <testcase name="Equals (304)" classname="spec_perl_TestIntegers_t" time="9.67979431152344e-05" />
    <testcase name="Equals (305)" classname="spec_perl_TestIntegers_t" time="9.70363616943359e-05" />
    <testcase name="Equals (306)" classname="spec_perl_TestIntegers_t" time="9.39369201660156e-05" />
    <testcase name="Equals (307)" classname="spec_perl_TestIntegers_t" time="9.41753387451172e-05" />
    <testcase name="Equals (308)" classname="spec_perl_TestIntegers_t" time="9.39369201660156e-05" />
    <testcase name="Equals (309)" classname="spec_perl_TestIntegers_t" time="9.48905944824219e-05" />
  </testsuite>
  <testsuite name="spec_perl_TestNavParent2_t" errors="0" failures="0" skipped="0" tests="10" time="0.0666019916534424">
    <system-out>1..10
ok 1 - Equals
ok 2 - Equals
ok 3 - Equals
ok 4 - Equals
ok 5 - Equals
ok 6 - Equals
ok 7 - Equals
ok 8 - Equals
ok 9 - Equals
ok 10 - Equals
</system-out>
    <testcase name="Equals (310)" classname="spec_perl_TestNavParent2_t" time="0.000243186950683594" />
    <testcase name="Equals (311)" classname="spec_perl_TestNavParent2_t" time="9.79900360107422e-05" />
    <testcase name="Equals (312)" classname="spec_perl_TestNavParent2_t" time="0.000111818313598633" />
    <testcase name="Equals (313)" classname="spec_perl_TestNavParent2_t" time="0.000110149383544922" />
    <testcase name="Equals (314)" classname="spec_perl_TestNavParent2_t" time="0.000104904174804688" />
    <testcase name="Equals (315)" classname="spec_perl_TestNavParent2_t" time="0.000146150588989258" />
    <testcase name="Equals (316)" classname="spec_perl_TestNavParent2_t" time="0.000128984451293945" />
    <testcase name="Equals (317)" classname="spec_perl_TestNavParent2_t" time="0.000113964080810547" />
    <testcase name="Equals (318)" classname="spec_perl_TestNavParent2_t" time="0.000102043151855469" />
    <testcase name="Equals (319)" classname="spec_perl_TestNavParent2_t" time="0.000125885009765625" />
  </testsuite>
  <testsuite name="spec_perl_TestParamsPassArrayUsertype_t" errors="0" failures="1" skipped="4" tests="5" time="0.063122034072876">
    <system-out>1..5
not ok 1 - test_params_pass_array_usertype died (Can't use an undefined value as an ARRAY reference at compiled/perl/ParamsPassArrayUsertype.pm line 123.)
ok 2 # skip test_params_pass_array_usertype died
ok 3 # skip test_params_pass_array_usertype died
ok 4 # skip test_params_pass_array_usertype died
ok 5 # skip test_params_pass_array_usertype died
</system-out>
    <testcase name="test_params_pass_array_usertype died (Can't use an undefined value as an ARRAY reference at compiled/perl/ParamsPassArrayUsertype.pm line 123.) (319)" classname="spec_perl_TestParamsPassArrayUsertype_t" time="0.000257968902587891">
      <failure message="not ok 1 - test_params_pass_array_usertype died (Can't use an undefined value as an ARRAY reference at compiled/perl/ParamsPassArrayUsertype.pm line 123.)" type="TAP::Parser::Result::Test"></failure>
    </testcase>
    <testcase name="Unnamed test case 319" classname="spec_perl_TestParamsPassArrayUsertype_t" time="0.00100493431091309">
      <skipped message="ok 2 # skip test_params_pass_array_usertype died" />
    </testcase>
    <testcase name="Unnamed test case 320" classname="spec_perl_TestParamsPassArrayUsertype_t" time="5.81741333007812e-05">
      <skipped message="ok 3 # skip test_params_pass_array_usertype died" />
    </testcase>
    <testcase name="Unnamed test case 321" classname="spec_perl_TestParamsPassArrayUsertype_t" time="3.29017639160156e-05">
      <skipped message="ok 4 # skip test_params_pass_array_usertype died" />
    </testcase>
    <testcase name="Unnamed test case 322" classname="spec_perl_TestParamsPassArrayUsertype_t" time="3.09944152832031e-05">
      <skipped message="ok 5 # skip test_params_pass_array_usertype died" />
    </testcase>
  </testsuite>
  <testsuite name="spec_perl_TestCastNested_t" errors="0" failures="0" skipped="0" tests="4" time="0.0662338733673096">
    <system-out>1..4
ok 1 - Equals
ok 2 - Equals
ok 3 - Equals
ok 4 - Equals
</system-out>
    <testcase name="Equals (322)" classname="spec_perl_TestCastNested_t" time="0.000305891036987305" />
    <testcase name="Equals (323)" classname="spec_perl_TestCastNested_t" time="8.79764556884766e-05" />
    <testcase name="Equals (324)" classname="spec_perl_TestCastNested_t" time="0.000108003616333008" />
    <testcase name="Equals (325)" classname="spec_perl_TestCastNested_t" time="0.000106096267700195" />
  </testsuite>
  <testsuite name="spec_perl_TestBitsSignedResB32Le_t" errors="0" failures="0" skipped="0" tests="1" time="0.0621421337127686">
    <system-out>1..1
ok 1 - Equals
</system-out>
    <testcase name="Equals (326)" classname="spec_perl_TestBitsSignedResB32Le_t" time="0.000121116638183594" />
  </testsuite>
  <testsuite name="spec_perl_TestDefaultEndianExprException_t" errors="0" failures="0" skipped="0" tests="1" time="0.062824010848999">
    <system-out>1..1
ok 1 - threw /^Unable to decide on endianness/
</system-out>
    <testcase name="threw /^Unable to decide on endianness/ (326)" classname="spec_perl_TestDefaultEndianExprException_t" time="0.000196933746337891" />
  </testsuite>
  <testsuite name="spec_perl_TestNavParentSwitch_t" errors="0" failures="0" skipped="0" tests="3" time="0.0619730949401855">
    <system-out>1..3
ok 1 - Equals
ok 2 - Equals
ok 3 - Equals
</system-out>
    <testcase name="Equals (327)" classname="spec_perl_TestNavParentSwitch_t" time="0.000251054763793945" />
    <testcase name="Equals (328)" classname="spec_perl_TestNavParentSwitch_t" time="9.41753387451172e-05" />
    <testcase name="Equals (329)" classname="spec_perl_TestNavParentSwitch_t" time="0.000108003616333008" />
  </testsuite>
  <testsuite name="spec_perl_TestBcdUserTypeLe_t" errors="0" failures="0" skipped="0" tests="6" time="0.0638289451599121">
    <system-out>1..6
ok 1 - Equals
ok 2 - Equals
ok 3 - Equals
ok 4 - Equals
ok 5 - Equals
ok 6 - Equals
</system-out>
    <testcase name="Equals (330)" classname="spec_perl_TestBcdUserTypeLe_t" time="0.000406980514526367" />
    <testcase name="Equals (331)" classname="spec_perl_TestBcdUserTypeLe_t" time="0.000102996826171875" />
    <testcase name="Equals (332)" classname="spec_perl_TestBcdUserTypeLe_t" time="0.000136137008666992" />
    <testcase name="Equals (333)" classname="spec_perl_TestBcdUserTypeLe_t" time="0.00010991096496582" />
    <testcase name="Equals (334)" classname="spec_perl_TestBcdUserTypeLe_t" time="0.000128030776977539" />
    <testcase name="Equals (335)" classname="spec_perl_TestBcdUserTypeLe_t" time="0.000112056732177734" />
  </testsuite>
  <testsuite name="spec_perl_TestExpr0_t" errors="0" failures="0" skipped="0" tests="2" time="0.0614209175109863">
    <system-out>1..2
ok 1 - Equals
ok 2 - Equals
</system-out>
    <testcase name="Equals (336)" classname="spec_perl_TestExpr0_t" time="0.000238895416259766" />
    <testcase name="Equals (337)" classname="spec_perl_TestExpr0_t" time="9.01222229003906e-05" />
  </testsuite>
  <testsuite name="spec_perl_TestTypeTernary_t" errors="0" failures="0" skipped="0" tests="1" time="0.0616350173950195">
    <system-out>1..1
ok 1 - Equals
</system-out>
    <testcase name="Equals (338)" classname="spec_perl_TestTypeTernary_t" time="0.000517129898071289" />
  </testsuite>
  <testsuite name="spec_perl_TestToStringCustom_t" errors="0" failures="0" skipped="0" tests="1" time="0.0665750503540039">
    <system-out>1..1
ok 1 - Equals
</system-out>
    <testcase name="Equals (339)" classname="spec_perl_TestToStringCustom_t" time="0.000325918197631836" />
  </testsuite>
  <testsuite name="spec_perl_TestRepeatEosU4_t" errors="0" failures="0" skipped="0" tests="1" time="0.0612640380859375">
    <system-out>1..1
ok 1 - Equals
</system-out>
    <testcase name="Equals (340)" classname="spec_perl_TestRepeatEosU4_t" time="0.000205039978027344" />
  </testsuite>
  <testsuite name="spec_perl_TestEnum1_t" errors="0" failures="0" skipped="0" tests="2" time="0.0611670017242432">
    <system-out>1..2
ok 1 - Equals
ok 2 - Equals
</system-out>
    <testcase name="Equals (341)" classname="spec_perl_TestEnum1_t" time="0.000225067138671875" />
    <testcase name="Equals (342)" classname="spec_perl_TestEnum1_t" time="8.392333984375e-05" />
  </testsuite>
  <testsuite name="spec_perl_TestDebug0_t" errors="0" failures="0" skipped="1" tests="1" time="0.0614759922027588">
    <system-out>1..1
ok 1 # skip test_debug_0
</system-out>
    <testcase name="Unnamed test case 342" classname="spec_perl_TestDebug0_t" time="0.000176906585693359">
      <skipped message="ok 1 # skip test_debug_0" />
    </testcase>
  </testsuite>
  <testsuite name="spec_perl_TestIntegersDoubleOverflow_t" errors="0" failures="0" skipped="0" tests="8" time="0.0627548694610596">
    <system-out>1..8
ok 1 - Equals
ok 2 - Equals
ok 3 - Equals
ok 4 - Equals
ok 5 - Equals
ok 6 - Equals
ok 7 - Equals
ok 8 - Equals
</system-out>
    <testcase name="Equals (343)" classname="spec_perl_TestIntegersDoubleOverflow_t" time="0.000227212905883789" />
    <testcase name="Equals (344)" classname="spec_perl_TestIntegersDoubleOverflow_t" time="7.98702239990234e-05" />
    <testcase name="Equals (345)" classname="spec_perl_TestIntegersDoubleOverflow_t" time="0.000102996826171875" />
    <testcase name="Equals (346)" classname="spec_perl_TestIntegersDoubleOverflow_t" time="0.000100135803222656" />
    <testcase name="Equals (347)" classname="spec_perl_TestIntegersDoubleOverflow_t" time="0.000100851058959961" />
    <testcase name="Equals (348)" classname="spec_perl_TestIntegersDoubleOverflow_t" time="0.000101089477539062" />
    <testcase name="Equals (349)" classname="spec_perl_TestIntegersDoubleOverflow_t" time="0.000102043151855469" />
    <testcase name="Equals (350)" classname="spec_perl_TestIntegersDoubleOverflow_t" time="9.89437103271484e-05" />
  </testsuite>
  <testsuite name="spec_perl_TestStrLiterals2_t" errors="0" failures="0" skipped="0" tests="4" time="0.0616400241851807">
    <system-out>1..4
ok 1 - Equals
ok 2 - Equals
ok 3 - Equals
ok 4 - Equals
</system-out>
    <testcase name="Equals (351)" classname="spec_perl_TestStrLiterals2_t" time="0.000214815139770508" />
    <testcase name="Equals (352)" classname="spec_perl_TestStrLiterals2_t" time="8.29696655273438e-05" />
    <testcase name="Equals (353)" classname="spec_perl_TestStrLiterals2_t" time="0.000114202499389648" />
    <testcase name="Equals (354)" classname="spec_perl_TestStrLiterals2_t" time="9.98973846435547e-05" />
  </testsuite>
  <testsuite name="spec_perl_TestCombineBool_t" errors="0" failures="0" skipped="0" tests="2" time="0.0617949962615967">
    <system-out>1..2
ok 1 - Equals
ok 2 - Equals
</system-out>
    <testcase name="Equals (355)" classname="spec_perl_TestCombineBool_t" time="0.000203847885131836" />
    <testcase name="Equals (356)" classname="spec_perl_TestCombineBool_t" time="7.29560852050781e-05" />
  </testsuite>
  <testsuite name="spec_perl_TestMetaXref_t" errors="0" failures="0" skipped="1" tests="1" time="0.062140941619873">
    <system-out>1..1
ok 1 # skip MetaXref=HASH(0x5607e59592b8)
</system-out>
    <testcase name="Unnamed test case 356" classname="spec_perl_TestMetaXref_t" time="0.000133991241455078">
      <skipped message="ok 1 # skip MetaXref=HASH(0x5607e59592b8)" />
    </testcase>
  </testsuite>
  <testsuite name="spec_perl_TestRepeatNStrzDouble_t" errors="0" failures="0" skipped="0" tests="3" time="0.0662829875946045">
    <system-out>1..3
ok 1 - Equals
ok 2 - Equals
ok 3 - Equals
</system-out>
    <testcase name="Equals (357)" classname="spec_perl_TestRepeatNStrzDouble_t" time="0.000312089920043945" />
    <testcase name="Equals (358)" classname="spec_perl_TestRepeatNStrzDouble_t" time="9.98973846435547e-05" />
    <testcase name="Equals (359)" classname="spec_perl_TestRepeatNStrzDouble_t" time="8.20159912109375e-05" />
  </testsuite>
  <testsuite name="spec_perl_TestCombineBytes_t" errors="0" failures="0" skipped="0" tests="10" time="0.0617959499359131">
    <system-out>1..10
ok 1 - Equals
ok 2 - Equals
ok 3 - Equals
ok 4 - Equals
ok 5 - Equals
ok 6 - Equals
ok 7 - Equals
ok 8 - Equals
ok 9 - Equals
ok 10 - Equals
</system-out>
    <testcase name="Equals (360)" classname="spec_perl_TestCombineBytes_t" time="0.000242948532104492" />
    <testcase name="Equals (361)" classname="spec_perl_TestCombineBytes_t" time="9.41753387451172e-05" />
    <testcase name="Equals (362)" classname="spec_perl_TestCombineBytes_t" time="0.000100851058959961" />
    <testcase name="Equals (363)" classname="spec_perl_TestCombineBytes_t" time="0.000102043151855469" />
    <testcase name="Equals (364)" classname="spec_perl_TestCombineBytes_t" time="9.89437103271484e-05" />
    <testcase name="Equals (365)" classname="spec_perl_TestCombineBytes_t" time="9.918212890625e-05" />
    <testcase name="Equals (366)" classname="spec_perl_TestCombineBytes_t" time="0.000101804733276367" />
    <testcase name="Equals (367)" classname="spec_perl_TestCombineBytes_t" time="9.70363616943359e-05" />
    <testcase name="Equals (368)" classname="spec_perl_TestCombineBytes_t" time="9.70363616943359e-05" />
    <testcase name="Equals (369)" classname="spec_perl_TestCombineBytes_t" time="9.79900360107422e-05" />
  </testsuite>
  <testsuite name="spec_perl_TestEofExceptionBytes_t" errors="0" failures="0" skipped="0" tests="1" time="0.0627210140228271">
    <system-out>1..1
ok 1 - threw /^Requested \d+ bytes, but only \d+ bytes available/
</system-out>
    <testcase name="threw /^Requested \d+ bytes, but only \d+ bytes available/ (369)" classname="spec_perl_TestEofExceptionBytes_t" time="0.00014495849609375" />
  </testsuite>
  <testsuite name="spec_perl_TestRepeatEosStruct_t" errors="0" failures="0" skipped="0" tests="5" time="0.0620219707489014">
    <system-out>1..5
ok 1 - Equals
ok 2 - Equals
ok 3 - Equals
ok 4 - Equals
ok 5 - Equals
</system-out>
    <testcase name="Equals (370)" classname="spec_perl_TestRepeatEosStruct_t" time="0.000264167785644531" />
    <testcase name="Equals (371)" classname="spec_perl_TestRepeatEosStruct_t" time="9.29832458496094e-05" />
    <testcase name="Equals (372)" classname="spec_perl_TestRepeatEosStruct_t" time="0.000108957290649414" />
    <testcase name="Equals (373)" classname="spec_perl_TestRepeatEosStruct_t" time="0.000103950500488281" />
    <testcase name="Equals (374)" classname="spec_perl_TestRepeatEosStruct_t" time="0.000102043151855469" />
  </testsuite>
  <testsuite name="spec_perl_TestExprBytesNonLiteral_t" errors="0" failures="0" skipped="0" tests="3" time="0.0614960193634033">
    <system-out>1..3
ok 1 - Equals
ok 2 - Equals
ok 3 - Equals
</system-out>
    <testcase name="Equals (375)" classname="spec_perl_TestExprBytesNonLiteral_t" time="0.000222921371459961" />
    <testcase name="Equals (376)" classname="spec_perl_TestExprBytesNonLiteral_t" time="9.20295715332031e-05" />
    <testcase name="Equals (377)" classname="spec_perl_TestExprBytesNonLiteral_t" time="0.000113964080810547" />
  </testsuite>
  <testsuite name="spec_perl_TestTypeIntUnaryOp_t" errors="0" failures="0" skipped="0" tests="4" time="0.0616629123687744">
    <system-out>1..4
ok 1 - Equals
ok 2 - Equals
ok 3 - Equals
ok 4 - Equals
</system-out>
    <testcase name="Equals (378)" classname="spec_perl_TestTypeIntUnaryOp_t" time="0.00020289421081543" />
    <testcase name="Equals (379)" classname="spec_perl_TestTypeIntUnaryOp_t" time="8.0108642578125e-05" />
    <testcase name="Equals (380)" classname="spec_perl_TestTypeIntUnaryOp_t" time="0.000111818313598633" />
    <testcase name="Equals (381)" classname="spec_perl_TestTypeIntUnaryOp_t" time="0.000102043151855469" />
  </testsuite>
  <testsuite name="spec_perl_TestValidNotParsedIf_t" errors="0" failures="0" skipped="1" tests="1" time="0.0627272129058838">
    <system-out>1..1
ok 1 # skip ValidNotParsedIf=HASH(0x56407f7db1d0)
</system-out>
    <testcase name="Unnamed test case 381" classname="spec_perl_TestValidNotParsedIf_t" time="0.00116205215454102">
      <skipped message="ok 1 # skip ValidNotParsedIf=HASH(0x56407f7db1d0)" />
    </testcase>
  </testsuite>
  <testsuite name="spec_perl_TestParamsEnum_t" errors="0" failures="1" skipped="0" tests="2" time="0.0629129409790039">
    <system-out>1..2
ok 1 - Equals
not ok 2 - Equals
</system-out>
    <testcase name="Equals (382)" classname="spec_perl_TestParamsEnum_t" time="0.000202178955078125" />
    <testcase name="Equals (383)" classname="spec_perl_TestParamsEnum_t" time="0.000648021697998047">
      <failure message="not ok 2 - Equals" type="TAP::Parser::Result::Test"></failure>
    </testcase>
  </testsuite>
  <testsuite name="spec_perl_TestDefaultEndianExprIsBe_t" errors="0" failures="0" skipped="0" tests="18" time="0.063385009765625">
    <system-out>1..18
ok 1 - Equals
ok 2 - Equals
ok 3 - Equals
ok 4 - Equals
ok 5 - Equals
ok 6 - Equals
ok 7 - Equals
ok 8 - Equals
ok 9 - Equals
ok 10 - Equals
ok 11 - Equals
ok 12 - Equals
ok 13 - Equals
ok 14 - Equals
ok 15 - Equals
ok 16 - Equals
ok 17 - Equals
ok 18 - Equals
</system-out>
    <testcase name="Equals (384)" classname="spec_perl_TestDefaultEndianExprIsBe_t" time="0.000276088714599609" />
    <testcase name="Equals (385)" classname="spec_perl_TestDefaultEndianExprIsBe_t" time="0.000100851058959961" />
    <testcase name="Equals (386)" classname="spec_perl_TestDefaultEndianExprIsBe_t" time="0.000112056732177734" />
    <testcase name="Equals (387)" classname="spec_perl_TestDefaultEndianExprIsBe_t" time="0.000137090682983398" />
    <testcase name="Equals (388)" classname="spec_perl_TestDefaultEndianExprIsBe_t" time="0.000113964080810547" />
    <testcase name="Equals (389)" classname="spec_perl_TestDefaultEndianExprIsBe_t" time="0.000129938125610352" />
    <testcase name="Equals (390)" classname="spec_perl_TestDefaultEndianExprIsBe_t" time="0.000101089477539062" />
    <testcase name="Equals (391)" classname="spec_perl_TestDefaultEndianExprIsBe_t" time="0.000100851058959961" />
    <testcase name="Equals (392)" classname="spec_perl_TestDefaultEndianExprIsBe_t" time="9.79900360107422e-05" />
    <testcase name="Equals (393)" classname="spec_perl_TestDefaultEndianExprIsBe_t" time="9.70363616943359e-05" />
    <testcase name="Equals (394)" classname="spec_perl_TestDefaultEndianExprIsBe_t" time="0.000110149383544922" />
    <testcase name="Equals (395)" classname="spec_perl_TestDefaultEndianExprIsBe_t" time="0.000114917755126953" />
    <testcase name="Equals (396)" classname="spec_perl_TestDefaultEndianExprIsBe_t" time="9.89437103271484e-05" />
    <testcase name="Equals (397)" classname="spec_perl_TestDefaultEndianExprIsBe_t" time="9.918212890625e-05" />
    <testcase name="Equals (398)" classname="spec_perl_TestDefaultEndianExprIsBe_t" time="9.89437103271484e-05" />
    <testcase name="Equals (399)" classname="spec_perl_TestDefaultEndianExprIsBe_t" time="0.000100851058959961" />
    <testcase name="Equals (400)" classname="spec_perl_TestDefaultEndianExprIsBe_t" time="0.000107049942016602" />
    <testcase name="Equals (401)" classname="spec_perl_TestDefaultEndianExprIsBe_t" time="0.000113964080810547" />
  </testsuite>
  <testsuite name="spec_perl_TestPositionToEnd_t" errors="0" failures="0" skipped="0" tests="2" time="0.0614478588104248">
    <system-out>1..2
ok 1 - Equals
ok 2 - Equals
</system-out>
    <testcase name="Equals (402)" classname="spec_perl_TestPositionToEnd_t" time="0.000223875045776367" />
    <testcase name="Equals (403)" classname="spec_perl_TestPositionToEnd_t" time="8.89301300048828e-05" />
  </testsuite>
  <testsuite name="spec_perl_TestBytesPadTerm_t" errors="0" failures="0" skipped="0" tests="4" time="0.0613541603088379">
    <system-out>1..4
ok 1 - Equals
ok 2 - Equals
ok 3 - Equals
ok 4 - Equals
</system-out>
    <testcase name="Equals (404)" classname="spec_perl_TestBytesPadTerm_t" time="0.000232934951782227" />
    <testcase name="Equals (405)" classname="spec_perl_TestBytesPadTerm_t" time="9.20295715332031e-05" />
    <testcase name="Equals (406)" classname="spec_perl_TestBytesPadTerm_t" time="0.00010991096496582" />
    <testcase name="Equals (407)" classname="spec_perl_TestBytesPadTerm_t" time="0.0001220703125" />
  </testsuite>
  <testsuite name="spec_perl_TestOpaqueExternalType_t" errors="0" failures="0" skipped="0" tests="3" time="0.0663120746612549">
    <system-out>1..3
ok 1 - Equals
ok 2 - Equals
ok 3 - Equals
</system-out>
    <testcase name="Equals (408)" classname="spec_perl_TestOpaqueExternalType_t" time="0.000310897827148438" />
    <testcase name="Equals (409)" classname="spec_perl_TestOpaqueExternalType_t" time="8.29696655273438e-05" />
    <testcase name="Equals (410)" classname="spec_perl_TestOpaqueExternalType_t" time="0.000116109848022461" />
  </testsuite>
  <testsuite name="spec_perl_TestNestedSameName2_t" errors="0" failures="0" skipped="0" tests="5" time="0.0620229244232178">
    <system-out>1..5
ok 1 - Equals
ok 2 - Equals
ok 3 - Equals
ok 4 - Equals
ok 5 - Equals
</system-out>
    <testcase name="Equals (411)" classname="spec_perl_TestNestedSameName2_t" time="0.000272035598754883" />
    <testcase name="Equals (412)" classname="spec_perl_TestNestedSameName2_t" time="9.39369201660156e-05" />
    <testcase name="Equals (413)" classname="spec_perl_TestNestedSameName2_t" time="0.000115156173706055" />
    <testcase name="Equals (414)" classname="spec_perl_TestNestedSameName2_t" time="9.98973846435547e-05" />
    <testcase name="Equals (415)" classname="spec_perl_TestNestedSameName2_t" time="0.000102996826171875" />
  </testsuite>
  <testsuite name="spec_perl_TestSwitchManualInt_t" errors="0" failures="0" skipped="0" tests="9" time="0.0668790340423584">
    <system-out>1..9
ok 1 - Equals
ok 2 - Equals
ok 3 - Equals
ok 4 - Equals
ok 5 - Equals
ok 6 - Equals
ok 7 - Equals
ok 8 - Equals
ok 9 - Equals
</system-out>
    <testcase name="Equals (416)" classname="spec_perl_TestSwitchManualInt_t" time="0.000261068344116211" />
    <testcase name="Equals (417)" classname="spec_perl_TestSwitchManualInt_t" time="9.08374786376953e-05" />
    <testcase name="Equals (418)" classname="spec_perl_TestSwitchManualInt_t" time="0.000110149383544922" />
    <testcase name="Equals (419)" classname="spec_perl_TestSwitchManualInt_t" time="0.000103950500488281" />
    <testcase name="Equals (420)" classname="spec_perl_TestSwitchManualInt_t" time="0.000102043151855469" />
    <testcase name="Equals (421)" classname="spec_perl_TestSwitchManualInt_t" time="0.000103950500488281" />
    <testcase name="Equals (422)" classname="spec_perl_TestSwitchManualInt_t" time="0.000101089477539062" />
    <testcase name="Equals (423)" classname="spec_perl_TestSwitchManualInt_t" time="9.79900360107422e-05" />
    <testcase name="Equals (424)" classname="spec_perl_TestSwitchManualInt_t" time="9.98973846435547e-05" />
  </testsuite>
  <testsuite name="spec_perl_TestRepeatUntilComplex_t" errors="0" failures="0" skipped="0" tests="15" time="0.0631909370422363">
    <system-out>1..15
ok 1 - Equals
ok 2 - Equals
ok 3 - Equals
ok 4 - Equals
ok 5 - Equals
ok 6 - Equals
ok 7 - Equals
ok 8 - Equals
ok 9 - Equals
ok 10 - Equals
ok 11 - Equals
ok 12 - Equals
ok 13 - Equals
ok 14 - Equals
ok 15 - Equals
</system-out>
    <testcase name="Equals (425)" classname="spec_perl_TestRepeatUntilComplex_t" time="0.00029301643371582" />
    <testcase name="Equals (426)" classname="spec_perl_TestRepeatUntilComplex_t" time="8.29696655273438e-05" />
    <testcase name="Equals (427)" classname="spec_perl_TestRepeatUntilComplex_t" time="0.000124931335449219" />
    <testcase name="Equals (428)" classname="spec_perl_TestRepeatUntilComplex_t" time="0.000112056732177734" />
    <testcase name="Equals (429)" classname="spec_perl_TestRepeatUntilComplex_t" time="9.10758972167969e-05" />
    <testcase name="Equals (430)" classname="spec_perl_TestRepeatUntilComplex_t" time="0.000108003616333008" />
    <testcase name="Equals (431)" classname="spec_perl_TestRepeatUntilComplex_t" time="0.000102996826171875" />
    <testcase name="Equals (432)" classname="spec_perl_TestRepeatUntilComplex_t" time="0.000102996826171875" />
    <testcase name="Equals (433)" classname="spec_perl_TestRepeatUntilComplex_t" time="8.79764556884766e-05" />
    <testcase name="Equals (434)" classname="spec_perl_TestRepeatUntilComplex_t" time="9.98973846435547e-05" />
    <testcase name="Equals (435)" classname="spec_perl_TestRepeatUntilComplex_t" time="8.20159912109375e-05" />
    <testcase name="Equals (436)" classname="spec_perl_TestRepeatUntilComplex_t" time="0.00010991096496582" />
    <testcase name="Equals (437)" classname="spec_perl_TestRepeatUntilComplex_t" time="0.000107049942016602" />
    <testcase name="Equals (438)" classname="spec_perl_TestRepeatUntilComplex_t" time="0.000108003616333008" />
    <testcase name="Equals (439)" classname="spec_perl_TestRepeatUntilComplex_t" time="9.10758972167969e-05" />
  </testsuite>
  <testsuite name="spec_perl_TestExprSizeofType1_t" errors="0" failures="0" skipped="0" tests="2" time="0.0616629123687744">
    <system-out>1..2
ok 1 - Equals
ok 2 - Equals
</system-out>
    <testcase name="Equals (440)" classname="spec_perl_TestExprSizeofType1_t" time="0.000226974487304688" />
    <testcase name="Equals (441)" classname="spec_perl_TestExprSizeofType1_t" time="8.98838043212891e-05" />
  </testsuite>
  <testsuite name="spec_perl_TestDefaultBitEndianMod_t" errors="0" failures="0" skipped="0" tests="4" time="0.0621428489685059">
    <system-out>1..4
ok 1 - Equals
ok 2 - Equals
ok 3 - Equals
ok 4 - Equals
</system-out>
    <testcase name="Equals (442)" classname="spec_perl_TestDefaultBitEndianMod_t" time="0.000221014022827148" />
    <testcase name="Equals (443)" classname="spec_perl_TestDefaultBitEndianMod_t" time="9.01222229003906e-05" />
    <testcase name="Equals (444)" classname="spec_perl_TestDefaultBitEndianMod_t" time="0.00010991096496582" />
    <testcase name="Equals (445)" classname="spec_perl_TestDefaultBitEndianMod_t" time="0.000102996826171875" />
  </testsuite>
  <testsuite name="spec_perl_TestExpr3_t" errors="0" failures="0" skipped="0" tests="12" time="0.0670359134674072">
    <system-out>1..12
ok 1 - Equals
ok 2 - Equals
ok 3 - Equals
ok 4 - Equals
ok 5 - Equals
ok 6 - Equals
ok 7 - Equals
ok 8 - Equals
ok 9 - Equals
ok 10 - Equals
ok 11 - Equals
ok 12 - Equals
</system-out>
    <testcase name="Equals (446)" classname="spec_perl_TestExpr3_t" time="0.0002288818359375" />
    <testcase name="Equals (447)" classname="spec_perl_TestExpr3_t" time="8.60691070556641e-05" />
    <testcase name="Equals (448)" classname="spec_perl_TestExpr3_t" time="0.000112056732177734" />
    <testcase name="Equals (449)" classname="spec_perl_TestExpr3_t" time="0.000108957290649414" />
    <testcase name="Equals (450)" classname="spec_perl_TestExpr3_t" time="9.70363616943359e-05" />
    <testcase name="Equals (451)" classname="spec_perl_TestExpr3_t" time="8.98838043212891e-05" />
    <testcase name="Equals (452)" classname="spec_perl_TestExpr3_t" time="9.20295715332031e-05" />
    <testcase name="Equals (453)" classname="spec_perl_TestExpr3_t" time="8.0108642578125e-05" />
    <testcase name="Equals (454)" classname="spec_perl_TestExpr3_t" time="8.89301300048828e-05" />
    <testcase name="Equals (455)" classname="spec_perl_TestExpr3_t" time="7.79628753662109e-05" />
    <testcase name="Equals (456)" classname="spec_perl_TestExpr3_t" time="9.39369201660156e-05" />
    <testcase name="Equals (457)" classname="spec_perl_TestExpr3_t" time="8.41617584228516e-05" />
  </testsuite>
  <testsuite name="spec_perl_TestEnumFancy_t" errors="0" failures="0" skipped="0" tests="2" time="0.0611929893493652">
    <system-out>1..2
ok 1 - Equals
ok 2 - Equals
</system-out>
    <testcase name="Equals (458)" classname="spec_perl_TestEnumFancy_t" time="0.000210046768188477" />
    <testcase name="Equals (459)" classname="spec_perl_TestEnumFancy_t" time="7.70092010498047e-05" />
  </testsuite>
  <testsuite name="spec_perl_TestPositionAbs_t" errors="0" failures="0" skipped="0" tests="2" time="0.0659279823303223">
    <system-out>1..2
ok 1 - Equals
ok 2 - Equals
</system-out>
[...]
</system-out>
    <testcase name="Equals (876)" classname="spec_perl_TestExprBits_t" time="0.000251054763793945" />
    <testcase name="Equals (877)" classname="spec_perl_TestExprBits_t" time="8.58306884765625e-05" />
    <testcase name="Equals (878)" classname="spec_perl_TestExprBits_t" time="0.000108003616333008" />
    <testcase name="Equals (879)" classname="spec_perl_TestExprBits_t" time="0.000103950500488281" />
    <testcase name="Equals (880)" classname="spec_perl_TestExprBits_t" time="9.918212890625e-05" />
    <testcase name="Equals (881)" classname="spec_perl_TestExprBits_t" time="9.58442687988281e-05" />
    <testcase name="Equals (882)" classname="spec_perl_TestExprBits_t" time="0.000104188919067383" />
    <testcase name="Equals (883)" classname="spec_perl_TestExprBits_t" time="8.79764556884766e-05" />
    <testcase name="Equals (884)" classname="spec_perl_TestExprBits_t" time="9.89437103271484e-05" />
    <testcase name="Equals (885)" classname="spec_perl_TestExprBits_t" time="0.000119924545288086" />
  </testsuite>
  <testsuite name="spec_perl_TestSwitchBytearray_t" errors="0" failures="0" skipped="0" tests="9" time="0.0672969818115234">
    <system-out>1..9
ok 1 - Equals
ok 2 - Equals
ok 3 - Equals
ok 4 - Equals
ok 5 - Equals
ok 6 - Equals
ok 7 - Equals
ok 8 - Equals
ok 9 - Equals
</system-out>
    <testcase name="Equals (886)" classname="spec_perl_TestSwitchBytearray_t" time="0.000321865081787109" />
    <testcase name="Equals (887)" classname="spec_perl_TestSwitchBytearray_t" time="8.29696655273438e-05" />
    <testcase name="Equals (888)" classname="spec_perl_TestSwitchBytearray_t" time="0.0001220703125" />
    <testcase name="Equals (889)" classname="spec_perl_TestSwitchBytearray_t" time="0.000108003616333008" />
    <testcase name="Equals (890)" classname="spec_perl_TestSwitchBytearray_t" time="0.000106096267700195" />
    <testcase name="Equals (891)" classname="spec_perl_TestSwitchBytearray_t" time="0.000103950500488281" />
    <testcase name="Equals (892)" classname="spec_perl_TestSwitchBytearray_t" time="0.000110864639282227" />
    <testcase name="Equals (893)" classname="spec_perl_TestSwitchBytearray_t" time="9.51290130615234e-05" />
    <testcase name="Equals (894)" classname="spec_perl_TestSwitchBytearray_t" time="0.000105857849121094" />
  </testsuite>
  <testsuite name="spec_perl_TestBitsUnalignedB64Be_t" errors="0" failures="0" skipped="0" tests="3" time="0.0614709854125977">
    <system-out>1..3
ok 1 - Equals
ok 2 - Equals
ok 3 - Equals
</system-out>
    <testcase name="Equals (895)" classname="spec_perl_TestBitsUnalignedB64Be_t" time="0.000207901000976562" />
    <testcase name="Equals (896)" classname="spec_perl_TestBitsUnalignedB64Be_t" time="0.000101089477539062" />
    <testcase name="Equals (897)" classname="spec_perl_TestBitsUnalignedB64Be_t" time="0.00010991096496582" />
  </testsuite>
  <testsuite name="spec_perl_TestExprStrOps_t" errors="0" failures="0" skipped="0" tests="17" time="0.0676529407501221">
    <system-out>1..17
ok 1 - Equals
ok 2 - Equals
ok 3 - Equals
ok 4 - Equals
ok 5 - Equals
ok 6 - Equals
ok 7 - Equals
ok 8 - Equals
ok 9 - Equals
ok 10 - Equals
ok 11 - Equals
ok 12 - Equals
ok 13 - Equals
ok 14 - Equals
ok 15 - Equals
ok 16 - Equals
ok 17 - Equals
</system-out>
    <testcase name="Equals (898)" classname="spec_perl_TestExprStrOps_t" time="0.000229120254516602" />
    <testcase name="Equals (899)" classname="spec_perl_TestExprStrOps_t" time="9.29832458496094e-05" />
    <testcase name="Equals (900)" classname="spec_perl_TestExprStrOps_t" time="0.000108957290649414" />
    <testcase name="Equals (901)" classname="spec_perl_TestExprStrOps_t" time="0.000113964080810547" />
    <testcase name="Equals (902)" classname="spec_perl_TestExprStrOps_t" time="0.000106096267700195" />
    <testcase name="Equals (903)" classname="spec_perl_TestExprStrOps_t" time="0.000103950500488281" />
    <testcase name="Equals (904)" classname="spec_perl_TestExprStrOps_t" time="0.000104904174804688" />
    <testcase name="Equals (905)" classname="spec_perl_TestExprStrOps_t" time="0.000101089477539062" />
    <testcase name="Equals (906)" classname="spec_perl_TestExprStrOps_t" time="0.000111103057861328" />
    <testcase name="Equals (907)" classname="spec_perl_TestExprStrOps_t" time="9.39369201660156e-05" />
    <testcase name="Equals (908)" classname="spec_perl_TestExprStrOps_t" time="9.89437103271484e-05" />
    <testcase name="Equals (909)" classname="spec_perl_TestExprStrOps_t" time="0.000102043151855469" />
    <testcase name="Equals (910)" classname="spec_perl_TestExprStrOps_t" time="9.58442687988281e-05" />
    <testcase name="Equals (911)" classname="spec_perl_TestExprStrOps_t" time="0.000101089477539062" />
    <testcase name="Equals (912)" classname="spec_perl_TestExprStrOps_t" time="0.000102996826171875" />
    <testcase name="Equals (913)" classname="spec_perl_TestExprStrOps_t" time="9.60826873779297e-05" />
    <testcase name="Equals (914)" classname="spec_perl_TestExprStrOps_t" time="9.89437103271484e-05" />
  </testsuite>
  <testsuite name="spec_perl_TestImportsAbsRel_t" errors="0" failures="0" skipped="0" tests="3" time="0.061439037322998">
    <system-out>1..3
ok 1 - Equals
ok 2 - Equals
ok 3 - Equals
</system-out>
    <testcase name="Equals (915)" classname="spec_perl_TestImportsAbsRel_t" time="0.000236988067626953" />
    <testcase name="Equals (916)" classname="spec_perl_TestImportsAbsRel_t" time="8.10623168945312e-05" />
    <testcase name="Equals (917)" classname="spec_perl_TestImportsAbsRel_t" time="0.000114917755126953" />
  </testsuite>
  <testsuite name="spec_perl_TestParamsCallShort_t" errors="0" failures="3" skipped="0" tests="3" time="0.0673022270202637">
    <system-out>1..3
not ok 1 - Equals
not ok 2 - Equals
not ok 3 - Equals
</system-out>
    <testcase name="Equals (918)" classname="spec_perl_TestParamsCallShort_t" time="0.000909090042114258">
      <failure message="not ok 1 - Equals" type="TAP::Parser::Result::Test"></failure>
    </testcase>
    <testcase name="Equals (919)" classname="spec_perl_TestParamsCallShort_t" time="6.19888305664062e-05">
      <failure message="not ok 2 - Equals" type="TAP::Parser::Result::Test"></failure>
    </testcase>
    <testcase name="Equals (920)" classname="spec_perl_TestParamsCallShort_t" time="0.00114798545837402">
      <failure message="not ok 3 - Equals" type="TAP::Parser::Result::Test"></failure>
    </testcase>
  </testsuite>
  <testsuite name="spec_perl_TestEnumIf_t" errors="0" failures="0" skipped="0" tests="7" time="0.0668368339538574">
    <system-out>1..7
ok 1 - Equals
ok 2 - Equals
ok 3 - Equals
ok 4 - Equals
ok 5 - Equals
ok 6 - Equals
ok 7 - Equals
</system-out>
    <testcase name="Equals (921)" classname="spec_perl_TestEnumIf_t" time="0.000344038009643555" />
    <testcase name="Equals (922)" classname="spec_perl_TestEnumIf_t" time="9.79900360107422e-05" />
    <testcase name="Equals (923)" classname="spec_perl_TestEnumIf_t" time="0.000105857849121094" />
    <testcase name="Equals (924)" classname="spec_perl_TestEnumIf_t" time="0.000102043151855469" />
    <testcase name="Equals (925)" classname="spec_perl_TestEnumIf_t" time="0.000103950500488281" />
    <testcase name="Equals (926)" classname="spec_perl_TestEnumIf_t" time="9.918212890625e-05" />
    <testcase name="Equals (927)" classname="spec_perl_TestEnumIf_t" time="9.39369201660156e-05" />
  </testsuite>
  <testsuite name="spec_perl_TestSwitchManualIntElse_t" errors="0" failures="0" skipped="0" tests="9" time="0.067209005355835">
    <system-out>1..9
ok 1 - Equals
ok 2 - Equals
ok 3 - Equals
ok 4 - Equals
ok 5 - Equals
ok 6 - Equals
ok 7 - Equals
ok 8 - Equals
ok 9 - Equals
</system-out>
    <testcase name="Equals (928)" classname="spec_perl_TestSwitchManualIntElse_t" time="0.000277996063232422" />
    <testcase name="Equals (929)" classname="spec_perl_TestSwitchManualIntElse_t" time="0.000139951705932617" />
    <testcase name="Equals (930)" classname="spec_perl_TestSwitchManualIntElse_t" time="5.00679016113281e-05" />
    <testcase name="Equals (931)" classname="spec_perl_TestSwitchManualIntElse_t" time="9.79900360107422e-05" />
    <testcase name="Equals (932)" classname="spec_perl_TestSwitchManualIntElse_t" time="9.98973846435547e-05" />
    <testcase name="Equals (933)" classname="spec_perl_TestSwitchManualIntElse_t" time="0.000120162963867188" />
    <testcase name="Equals (934)" classname="spec_perl_TestSwitchManualIntElse_t" time="0.000102996826171875" />
    <testcase name="Equals (935)" classname="spec_perl_TestSwitchManualIntElse_t" time="9.67979431152344e-05" />
    <testcase name="Equals (936)" classname="spec_perl_TestSwitchManualIntElse_t" time="0.000104188919067383" />
  </testsuite>
  <testsuite name="spec_perl_TestImportsCircularA_t" errors="0" failures="0" skipped="0" tests="5" time="0.0622100830078125">
    <system-out>1..5
ok 1 - Equals
ok 2 - Equals
ok 3 - Equals
ok 4 - Equals
ok 5 - nil
</system-out>
    <testcase name="Equals (937)" classname="spec_perl_TestImportsCircularA_t" time="0.000210046768188477" />
    <testcase name="Equals (938)" classname="spec_perl_TestImportsCircularA_t" time="8.58306884765625e-05" />
    <testcase name="Equals (939)" classname="spec_perl_TestImportsCircularA_t" time="0.000105142593383789" />
    <testcase name="Equals (940)" classname="spec_perl_TestImportsCircularA_t" time="0.000108003616333008" />
    <testcase name="nil (940)" classname="spec_perl_TestImportsCircularA_t" time="6.19888305664062e-05" />
  </testsuite>
  <testsuite name="spec_perl_TestStrEncodingsUtf16_t" errors="0" failures="0" skipped="0" tests="6" time="0.0677270889282227">
    <system-out>1..6
ok 1 - Equals
ok 2 - Equals
ok 3 - Equals
ok 4 - Equals
ok 5 - Equals
ok 6 - Equals
</system-out>
    <testcase name="Equals (941)" classname="spec_perl_TestStrEncodingsUtf16_t" time="0.00140500068664551" />
    <testcase name="Equals (942)" classname="spec_perl_TestStrEncodingsUtf16_t" time="8.48770141601562e-05" />
    <testcase name="Equals (943)" classname="spec_perl_TestStrEncodingsUtf16_t" time="0.000108003616333008" />
    <testcase name="Equals (944)" classname="spec_perl_TestStrEncodingsUtf16_t" time="0.000105142593383789" />
    <testcase name="Equals (945)" classname="spec_perl_TestStrEncodingsUtf16_t" time="0.000102996826171875" />
    <testcase name="Equals (946)" classname="spec_perl_TestStrEncodingsUtf16_t" time="0.000113010406494141" />
  </testsuite>
  <testsuite name="spec_perl_TestParamsPassArrayStr_t" errors="0" failures="1" skipped="6" tests="7" time="0.06728196144104">
    <system-out>1..7
not ok 1 - test_params_pass_array_str died (Can't use an undefined value as an ARRAY reference at spec/perl/TestParamsPassArrayStr.t line 14.)
ok 2 # skip test_params_pass_array_str died
ok 3 # skip test_params_pass_array_str died
ok 4 # skip test_params_pass_array_str died
ok 5 # skip test_params_pass_array_str died
ok 6 # skip test_params_pass_array_str died
ok 7 # skip test_params_pass_array_str died
</system-out>
    <testcase name="test_params_pass_array_str died (Can't use an undefined value as an ARRAY reference at spec/perl/TestParamsPassArrayStr.t line 14.) (946)" classname="spec_perl_TestParamsPassArrayStr_t" time="0.000272989273071289">
      <failure message="not ok 1 - test_params_pass_array_str died (Can't use an undefined value as an ARRAY reference at spec/perl/TestParamsPassArrayStr.t line 14.)" type="TAP::Parser::Result::Test"></failure>
    </testcase>
    <testcase name="Unnamed test case 946" classname="spec_perl_TestParamsPassArrayStr_t" time="0.000951051712036133">
      <skipped message="ok 2 # skip test_params_pass_array_str died" />
    </testcase>
    <testcase name="Unnamed test case 947" classname="spec_perl_TestParamsPassArrayStr_t" time="5.79357147216797e-05">
      <skipped message="ok 3 # skip test_params_pass_array_str died" />
    </testcase>
    <testcase name="Unnamed test case 948" classname="spec_perl_TestParamsPassArrayStr_t" time="3.31401824951172e-05">
      <skipped message="ok 4 # skip test_params_pass_array_str died" />
    </testcase>
    <testcase name="Unnamed test case 949" classname="spec_perl_TestParamsPassArrayStr_t" time="3.00407409667969e-05">
      <skipped message="ok 5 # skip test_params_pass_array_str died" />
    </testcase>
    <testcase name="Unnamed test case 950" classname="spec_perl_TestParamsPassArrayStr_t" time="3.29017639160156e-05">
      <skipped message="ok 6 # skip test_params_pass_array_str died" />
    </testcase>
    <testcase name="Unnamed test case 951" classname="spec_perl_TestParamsPassArrayStr_t" time="6.38961791992188e-05">
      <skipped message="ok 7 # skip test_params_pass_array_str died" />
    </testcase>
  </testsuite>
  <testsuite name="spec_perl_TestProcessXorConst_t" errors="0" failures="0" skipped="0" tests="2" time="0.0611989498138428">
    <system-out>1..2
ok 1 - Equals
ok 2 - Equals
</system-out>
    <testcase name="Equals (951)" classname="spec_perl_TestProcessXorConst_t" time="0.000237226486206055" />
    <testcase name="Equals (952)" classname="spec_perl_TestProcessXorConst_t" time="9.08374786376953e-05" />
  </testsuite>
  <testsuite name="spec_perl_TestEnumToIClassBorder1_t" errors="0" failures="1" skipped="0" tests="3" time="0.0638279914855957">
    <system-out>1..3
ok 1 - Equals
ok 2 - Equals
not ok 3 - test_enum_to_i_class_border_1 died (Can't call method &quot;some_dog&quot; on an undefined value at compiled/perl/EnumToIClassBorder2.pm line 42.)
</system-out>
    <testcase name="Equals (953)" classname="spec_perl_TestEnumToIClassBorder1_t" time="0.000222206115722656" />
    <testcase name="Equals (954)" classname="spec_perl_TestEnumToIClassBorder1_t" time="7.48634338378906e-05" />
    <testcase name="test_enum_to_i_class_border_1 died (Can't call method &quot;some_dog&quot; on an undefined value at compiled/perl/EnumToIClassBorder2.pm line 42.) (954)" classname="spec_perl_TestEnumToIClassBorder1_t" time="0.000214099884033203">
      <failure message="not ok 3 - test_enum_to_i_class_border_1 died (Can't call method &quot;some_dog&quot; on an undefined value at compiled/perl/EnumToIClassBorder2.pm line 42.)" type="TAP::Parser::Result::Test"></failure>
    </testcase>
  </testsuite>
  <testsuite name="spec_perl_TestEnumLongRangeU_t" errors="0" failures="0" skipped="0" tests="4" time="0.0615990161895752">
    <system-out>1..4
ok 1 - Equals
ok 2 - Equals
ok 3 - Equals
ok 4 - Equals
</system-out>
    <testcase name="Equals (955)" classname="spec_perl_TestEnumLongRangeU_t" time="0.000244855880737305" />
    <testcase name="Equals (956)" classname="spec_perl_TestEnumLongRangeU_t" time="8.89301300048828e-05" />
    <testcase name="Equals (957)" classname="spec_perl_TestEnumLongRangeU_t" time="0.000109195709228516" />
    <testcase name="Equals (958)" classname="spec_perl_TestEnumLongRangeU_t" time="0.0001068115234375" />
  </testsuite>
  <testsuite name="spec_perl_TestIfStruct_t" errors="0" failures="0" skipped="0" tests="7" time="0.0666098594665527">
    <system-out>1..7
ok 1 - Equals
ok 2 - Equals
ok 3 - Equals
ok 4 - Equals
ok 5 - Equals
ok 6 - Equals
ok 7 - Equals
</system-out>
    <testcase name="Equals (959)" classname="spec_perl_TestIfStruct_t" time="0.000335931777954102" />
    <testcase name="Equals (960)" classname="spec_perl_TestIfStruct_t" time="8.51154327392578e-05" />
    <testcase name="Equals (961)" classname="spec_perl_TestIfStruct_t" time="0.0001068115234375" />
    <testcase name="Equals (962)" classname="spec_perl_TestIfStruct_t" time="0.000107049942016602" />
    <testcase name="Equals (963)" classname="spec_perl_TestIfStruct_t" time="0.000102043151855469" />
    <testcase name="Equals (964)" classname="spec_perl_TestIfStruct_t" time="0.000102996826171875" />
    <testcase name="Equals (965)" classname="spec_perl_TestIfStruct_t" time="9.98973846435547e-05" />
  </testsuite>
  <testsuite name="spec_perl_TestSwitchManualEnumInvalid_t" errors="0" failures="0" skipped="0" tests="5" time="0.0663509368896484">
    <system-out>1..5
ok 1 - Equals
ok 2 - Equals
ok 3 - nil
ok 4 - Equals
ok 5 - nil
</system-out>
    <testcase name="Equals (966)" classname="spec_perl_TestSwitchManualEnumInvalid_t" time="0.00024104118347168" />
    <testcase name="Equals (967)" classname="spec_perl_TestSwitchManualEnumInvalid_t" time="7.41481781005859e-05" />
    <testcase name="nil (967)" classname="spec_perl_TestSwitchManualEnumInvalid_t" time="5.79357147216797e-05" />
    <testcase name="Equals (968)" classname="spec_perl_TestSwitchManualEnumInvalid_t" time="0.000102996826171875" />
    <testcase name="nil (968)" classname="spec_perl_TestSwitchManualEnumInvalid_t" time="5.50746917724609e-05" />
  </testsuite>
  <testsuite name="spec_perl_TestIoLocalVar_t" errors="0" failures="0" skipped="0" tests="2" time="0.062546968460083">
    <system-out>1..2
ok 1 - Equals
ok 2 - Equals
</system-out>
    <testcase name="Equals (969)" classname="spec_perl_TestIoLocalVar_t" time="0.000119924545288086" />
    <testcase name="Equals (970)" classname="spec_perl_TestIoLocalVar_t" time="3.69548797607422e-05" />
  </testsuite>
  <testsuite name="spec_perl_TestRepeatNStrz_t" errors="0" failures="0" skipped="0" tests="2" time="0.0661470890045166">
    <system-out>1..2
ok 1 - Equals
ok 2 - Equals
</system-out>
    <testcase name="Equals (971)" classname="spec_perl_TestRepeatNStrz_t" time="0.000344991683959961" />
    <testcase name="Equals (972)" classname="spec_perl_TestRepeatNStrz_t" time="9.70363616943359e-05" />
  </testsuite>
  <testsuite name="spec_perl_TestHelloWorld_t" errors="0" failures="0" skipped="0" tests="1" time="0.061464786529541">
    <system-out>1..1
ok 1 - Equals
</system-out>
    <testcase name="Equals (973)" classname="spec_perl_TestHelloWorld_t" time="0.00020289421081543" />
  </testsuite>
  <testsuite name="spec_perl_TestCastToImported_t" errors="0" failures="0" skipped="0" tests="2" time="0.0616719722747803">
    <system-out>1..2
ok 1 - Equals
ok 2 - Equals
</system-out>
    <testcase name="Equals (974)" classname="spec_perl_TestCastToImported_t" time="0.000207901000976562" />
    <testcase name="Equals (975)" classname="spec_perl_TestCastToImported_t" time="8.41617584228516e-05" />
  </testsuite>
  <testsuite name="spec_perl_TestExprStrEncodings_t" errors="0" failures="0" skipped="0" tests="7" time="0.0703620910644531">
    <system-out>1..7
ok 1 - Equals
ok 2 - Equals
ok 3 - Equals
ok 4 - Equals
ok 5 - Equals
ok 6 - Equals
ok 7 - Equals
</system-out>
    <testcase name="Equals (976)" classname="spec_perl_TestExprStrEncodings_t" time="0.00393104553222656" />
    <testcase name="Equals (977)" classname="spec_perl_TestExprStrEncodings_t" time="8.10623168945312e-05" />
    <testcase name="Equals (978)" classname="spec_perl_TestExprStrEncodings_t" time="0.000107049942016602" />
    <testcase name="Equals (979)" classname="spec_perl_TestExprStrEncodings_t" time="9.08374786376953e-05" />
    <testcase name="Equals (980)" classname="spec_perl_TestExprStrEncodings_t" time="9.01222229003906e-05" />
    <testcase name="Equals (981)" classname="spec_perl_TestExprStrEncodings_t" time="9.48905944824219e-05" />
    <testcase name="Equals (982)" classname="spec_perl_TestExprStrEncodings_t" time="0.000102043151855469" />
  </testsuite>
  <testsuite name="spec_perl_TestProcessCoerceUsertype2_t" errors="0" failures="0" skipped="0" tests="4" time="0.0623428821563721">
    <system-out>1..4
ok 1 - Equals
ok 2 - Equals
ok 3 - Equals
ok 4 - Equals
</system-out>
    <testcase name="Equals (983)" classname="spec_perl_TestProcessCoerceUsertype2_t" time="0.000524997711181641" />
    <testcase name="Equals (984)" classname="spec_perl_TestProcessCoerceUsertype2_t" time="9.70363616943359e-05" />
    <testcase name="Equals (985)" classname="spec_perl_TestProcessCoerceUsertype2_t" time="0.000113010406494141" />
    <testcase name="Equals (986)" classname="spec_perl_TestProcessCoerceUsertype2_t" time="0.000108003616333008" />
  </testsuite>
</testsuites>
