<?xml version='1.0' encoding='utf-8'?>
<testsuites>
  <testsuite name="spec_perl_TestPositionAbs_t" errors="1" failures="0" skipped="0" tests="0" time="0.0297729969024658">
    <system-out></system-out>
    <testcase name="Test died too soon, even before plan." classname="spec_perl_TestPositionAbs_t" time="0.0297729969024658">
      <failure message="The test suite died before a plan was produced. You need to have a plan." type="Plan">No plan</failure>
    </testcase>
  </testsuite>
  <testsuite name="spec_perl_TestExprArray_t" errors="1" failures="0" skipped="0" tests="0" time="0.0297789573669434">
    <system-out></system-out>
    <testcase name="Test died too soon, even before plan. (2)" classname="spec_perl_TestExprArray_t" time="0.0297789573669434">
      <failure message="The test suite died before a plan was produced. You need to have a plan." type="Plan">No plan</failure>
    </testcase>
  </testsuite>
  <testsuite name="spec_perl_TestRepeatNStrz_t" errors="1" failures="0" skipped="0" tests="0" time="0.028184175491333">
    <system-out></system-out>
    <testcase name="Test died too soon, even before plan. (3)" classname="spec_perl_TestRepeatNStrz_t" time="0.028184175491333">
      <failure message="The test suite died before a plan was produced. You need to have a plan." type="Plan">No plan</failure>
    </testcase>
  </testsuite>
  <testsuite name="spec_perl_TestExprSizeofType0_t" errors="1" failures="0" skipped="0" tests="0" time="0.0289349555969238">
    <system-out></system-out>
    <testcase name="Test died too soon, even before plan. (4)" classname="spec_perl_TestExprSizeofType0_t" time="0.0289349555969238">
      <failure message="The test suite died before a plan was produced. You need to have a plan." type="Plan">No plan</failure>
    </testcase>
  </testsuite>
  <testsuite name="spec_perl_TestOpaqueExternalType02Parent_t" errors="1" failures="0" skipped="0" tests="0" time="0.029188871383667">
    <system-out></system-out>
    <testcase name="Test died too soon, even before plan. (5)" classname="spec_perl_TestOpaqueExternalType02Parent_t" time="0.029188871383667">
      <failure message="The test suite died before a plan was produced. You need to have a plan." type="Plan">No plan</failure>
    </testcase>
  </testsuite>
  <testsuite name="spec_perl_TestImportsAbs_t" errors="1" failures="0" skipped="0" tests="0" time="0.02789306640625">
    <system-out></system-out>
    <testcase name="Test died too soon, even before plan. (6)" classname="spec_perl_TestImportsAbs_t" time="0.02789306640625">
      <failure message="The test suite died before a plan was produced. You need to have a plan." type="Plan">No plan</failure>
    </testcase>
  </testsuite>
  <testsuite name="spec_perl_TestYamlInts_t" errors="1" failures="0" skipped="0" tests="0" time="0.0290729999542236">
    <system-out></system-out>
    <testcase name="Test died too soon, even before plan. (7)" classname="spec_perl_TestYamlInts_t" time="0.0290729999542236">
      <failure message="The test suite died before a plan was produced. You need to have a plan." type="Plan">No plan</failure>
    </testcase>
  </testsuite>
  <testsuite name="spec_perl_TestExprIoPos_t" errors="1" failures="0" skipped="0" tests="0" time="0.0285301208496094">
    <system-out></system-out>
    <testcase name="Test died too soon, even before plan. (8)" classname="spec_perl_TestExprIoPos_t" time="0.0285301208496094">
      <failure message="The test suite died before a plan was produced. You need to have a plan." type="Plan">No plan</failure>
    </testcase>
  </testsuite>
  <testsuite name="spec_perl_TestExprIntDiv_t" errors="1" failures="0" skipped="0" tests="0" time="0.0300478935241699">
    <system-out></system-out>
    <testcase name="Test died too soon, even before plan. (9)" classname="spec_perl_TestExprIntDiv_t" time="0.0300478935241699">
      <failure message="The test suite died before a plan was produced. You need to have a plan." type="Plan">No plan</failure>
    </testcase>
  </testsuite>
  <testsuite name="spec_perl_TestExprSizeofValue0_t" errors="1" failures="0" skipped="0" tests="0" time="0.0289649963378906">
    <system-out></system-out>
    <testcase name="Test died too soon, even before plan. (10)" classname="spec_perl_TestExprSizeofValue0_t" time="0.0289649963378906">
      <failure message="The test suite died before a plan was produced. You need to have a plan." type="Plan">No plan</failure>
    </testcase>
  </testsuite>
  <testsuite name="spec_perl_TestNestedSameName2_t" errors="1" failures="0" skipped="0" tests="0" time="0.0289218425750732">
    <system-out></system-out>
    <testcase name="Test died too soon, even before plan. (11)" classname="spec_perl_TestNestedSameName2_t" time="0.0289218425750732">
      <failure message="The test suite died before a plan was produced. You need to have a plan." type="Plan">No plan</failure>
    </testcase>
  </testsuite>
  <testsuite name="spec_perl_TestParamsPassArrayStr_t" errors="1" failures="0" skipped="0" tests="0" time="0.0278282165527344">
    <system-out></system-out>
    <testcase name="Test died too soon, even before plan. (12)" classname="spec_perl_TestParamsPassArrayStr_t" time="0.0278282165527344">
      <failure message="The test suite died before a plan was produced. You need to have a plan." type="Plan">No plan</failure>
    </testcase>
  </testsuite>
  <testsuite name="spec_perl_TestProcessCustomNoArgs_t" errors="1" failures="0" skipped="0" tests="0" time="0.0278980731964111">
    <system-out></system-out>
    <testcase name="Test died too soon, even before plan. (13)" classname="spec_perl_TestProcessCustomNoArgs_t" time="0.0278980731964111">
      <failure message="The test suite died before a plan was produced. You need to have a plan." type="Plan">No plan</failure>
    </testcase>
  </testsuite>
  <testsuite name="spec_perl_TestProcessRotate_t" errors="1" failures="0" skipped="0" tests="0" time="0.029522180557251">
    <system-out></system-out>
    <testcase name="Test died too soon, even before plan. (14)" classname="spec_perl_TestProcessRotate_t" time="0.029522180557251">
      <failure message="The test suite died before a plan was produced. You need to have a plan." type="Plan">No plan</failure>
    </testcase>
  </testsuite>
  <testsuite name="spec_perl_TestValidShort_t" errors="1" failures="0" skipped="0" tests="0" time="0.0292329788208008">
    <system-out></system-out>
    <testcase name="Test died too soon, even before plan. (15)" classname="spec_perl_TestValidShort_t" time="0.0292329788208008">
      <failure message="The test suite died before a plan was produced. You need to have a plan." type="Plan">No plan</failure>
    </testcase>
  </testsuite>
  <testsuite name="spec_perl_TestImportsAbsRel_t" errors="1" failures="0" skipped="0" tests="0" time="0.0288519859313965">
    <system-out></system-out>
    <testcase name="Test died too soon, even before plan. (16)" classname="spec_perl_TestImportsAbsRel_t" time="0.0288519859313965">
      <failure message="The test suite died before a plan was produced. You need to have a plan." type="Plan">No plan</failure>
    </testcase>
  </testsuite>
  <testsuite name="spec_perl_TestRepeatEosBit_t" errors="1" failures="0" skipped="0" tests="0" time="0.0302069187164307">
    <system-out></system-out>
    <testcase name="Test died too soon, even before plan. (17)" classname="spec_perl_TestRepeatEosBit_t" time="0.0302069187164307">
      <failure message="The test suite died before a plan was produced. You need to have a plan." type="Plan">No plan</failure>
    </testcase>
  </testsuite>
  <testsuite name="spec_perl_TestNavRoot_t" errors="1" failures="0" skipped="0" tests="0" time="0.0283269882202148">
    <system-out></system-out>
    <testcase name="Test died too soon, even before plan. (18)" classname="spec_perl_TestNavRoot_t" time="0.0283269882202148">
      <failure message="The test suite died before a plan was produced. You need to have a plan." type="Plan">No plan</failure>
    </testcase>
  </testsuite>
  <testsuite name="spec_perl_TestFixedContents_t" errors="1" failures="0" skipped="0" tests="0" time="0.0296599864959717">
    <system-out></system-out>
    <testcase name="Test died too soon, even before plan. (19)" classname="spec_perl_TestFixedContents_t" time="0.0296599864959717">
      <failure message="The test suite died before a plan was produced. You need to have a plan." type="Plan">No plan</failure>
    </testcase>
  </testsuite>
  <testsuite name="spec_perl_TestExprIoEof_t" errors="1" failures="0" skipped="0" tests="0" time="0.0294809341430664">
    <system-out></system-out>
    <testcase name="Test died too soon, even before plan. (20)" classname="spec_perl_TestExprIoEof_t" time="0.0294809341430664">
      <failure message="The test suite died before a plan was produced. You need to have a plan." type="Plan">No plan</failure>
    </testcase>
  </testsuite>
  <testsuite name="spec_perl_TestValidLong_t" errors="1" failures="0" skipped="0" tests="0" time="0.0285091400146484">
    <system-out></system-out>
    <testcase name="Test died too soon, even before plan. (21)" classname="spec_perl_TestValidLong_t" time="0.0285091400146484">
      <failure message="The test suite died before a plan was produced. You need to have a plan." type="Plan">No plan</failure>
    </testcase>
  </testsuite>
  <testsuite name="spec_perl_TestInstanceStd_t" errors="1" failures="0" skipped="0" tests="0" time="0.0284459590911865">
    <system-out></system-out>
    <testcase name="Test died too soon, even before plan. (22)" classname="spec_perl_TestInstanceStd_t" time="0.0284459590911865">
      <failure message="The test suite died before a plan was produced. You need to have a plan." type="Plan">No plan</failure>
    </testcase>
  </testsuite>
  <testsuite name="spec_perl_TestMultipleUse_t" errors="1" failures="0" skipped="0" tests="0" time="0.0298888683319092">
    <system-out></system-out>
    <testcase name="Test died too soon, even before plan. (23)" classname="spec_perl_TestMultipleUse_t" time="0.0298888683319092">
      <failure message="The test suite died before a plan was produced. You need to have a plan." type="Plan">No plan</failure>
    </testcase>
  </testsuite>
  <testsuite name="spec_perl_TestBitsSignedResB32Be_t" errors="1" failures="0" skipped="0" tests="0" time="0.0296118259429932">
    <system-out></system-out>
    <testcase name="Test died too soon, even before plan. (24)" classname="spec_perl_TestBitsSignedResB32Be_t" time="0.0296118259429932">
      <failure message="The test suite died before a plan was produced. You need to have a plan." type="Plan">No plan</failure>
    </testcase>
  </testsuite>
  <testsuite name="spec_perl_TestExprBits_t" errors="1" failures="0" skipped="0" tests="0" time="0.0288901329040527">
    <system-out></system-out>
    <testcase name="Test died too soon, even before plan. (25)" classname="spec_perl_TestExprBits_t" time="0.0288901329040527">
      <failure message="The test suite died before a plan was produced. You need to have a plan." type="Plan">No plan</failure>
    </testcase>
  </testsuite>
  <testsuite name="spec_perl_TestSwitchMultiBoolOps_t" errors="1" failures="0" skipped="0" tests="0" time="0.030210018157959">
    <system-out></system-out>
    <testcase name="Test died too soon, even before plan. (26)" classname="spec_perl_TestSwitchMultiBoolOps_t" time="0.030210018157959">
      <failure message="The test suite died before a plan was produced. You need to have a plan." type="Plan">No plan</failure>
    </testcase>
  </testsuite>
  <testsuite name="spec_perl_TestStrEncodings_t" errors="1" failures="0" skipped="0" tests="0" time="0.0287959575653076">
    <system-out></system-out>
    <testcase name="Test died too soon, even before plan. (27)" classname="spec_perl_TestStrEncodings_t" time="0.0287959575653076">
      <failure message="The test suite died before a plan was produced. You need to have a plan." type="Plan">No plan</failure>
    </testcase>
  </testsuite>
  <testsuite name="spec_perl_TestProcessCoerceUsertype2_t" errors="1" failures="0" skipped="0" tests="0" time="0.0297269821166992">
    <system-out></system-out>
    <testcase name="Test died too soon, even before plan. (28)" classname="spec_perl_TestProcessCoerceUsertype2_t" time="0.0297269821166992">
      <failure message="The test suite died before a plan was produced. You need to have a plan." type="Plan">No plan</failure>
    </testcase>
  </testsuite>
  <testsuite name="spec_perl_TestBcdUserTypeBe_t" errors="1" failures="0" skipped="0" tests="0" time="0.0296940803527832">
    <system-out></system-out>
    <testcase name="Test died too soon, even before plan. (29)" classname="spec_perl_TestBcdUserTypeBe_t" time="0.0296940803527832">
      <failure message="The test suite died before a plan was produced. You need to have a plan." type="Plan">No plan</failure>
    </testcase>
  </testsuite>
  <testsuite name="spec_perl_TestBcdUserTypeLe_t" errors="1" failures="0" skipped="0" tests="0" time="0.0303778648376465">
    <system-out></system-out>
    <testcase name="Test died too soon, even before plan. (30)" classname="spec_perl_TestBcdUserTypeLe_t" time="0.0303778648376465">
      <failure message="The test suite died before a plan was produced. You need to have a plan." type="Plan">No plan</failure>
    </testcase>
  </testsuite>
  <testsuite name="spec_perl_TestProcessCoerceSwitch_t" errors="1" failures="0" skipped="0" tests="0" time="0.0285229682922363">
    <system-out></system-out>
    <testcase name="Test died too soon, even before plan. (31)" classname="spec_perl_TestProcessCoerceSwitch_t" time="0.0285229682922363">
      <failure message="The test suite died before a plan was produced. You need to have a plan." type="Plan">No plan</failure>
    </testcase>
  </testsuite>
  <testsuite name="spec_perl_TestDocstringsDocrefMulti_t" errors="1" failures="0" skipped="0" tests="0" time="0.0296950340270996">
    <system-out></system-out>
    <testcase name="Test died too soon, even before plan. (32)" classname="spec_perl_TestDocstringsDocrefMulti_t" time="0.0296950340270996">
      <failure message="The test suite died before a plan was produced. You need to have a plan." type="Plan">No plan</failure>
    </testcase>
  </testsuite>
  <testsuite name="spec_perl_TestMetaXref_t" errors="1" failures="0" skipped="0" tests="0" time="0.0287110805511475">
    <system-out></system-out>
    <testcase name="Test died too soon, even before plan. (33)" classname="spec_perl_TestMetaXref_t" time="0.0287110805511475">
      <failure message="The test suite died before a plan was produced. You need to have a plan." type="Plan">No plan</failure>
    </testcase>
  </testsuite>
  <testsuite name="spec_perl_TestDefaultEndianMod_t" errors="1" failures="0" skipped="0" tests="0" time="0.0282459259033203">
    <system-out></system-out>
    <testcase name="Test died too soon, even before plan. (34)" classname="spec_perl_TestDefaultEndianMod_t" time="0.0282459259033203">
      <failure message="The test suite died before a plan was produced. You need to have a plan." type="Plan">No plan</failure>
    </testcase>
  </testsuite>
  <testsuite name="spec_perl_TestEosExceptionBytes_t" errors="1" failures="0" skipped="0" tests="0" time="0.0292599201202393">
    <system-out></system-out>
    <testcase name="Test died too soon, even before plan. (35)" classname="spec_perl_TestEosExceptionBytes_t" time="0.0292599201202393">
      <failure message="The test suite died before a plan was produced. You need to have a plan." type="Plan">No plan</failure>
    </testcase>
  </testsuite>
  <testsuite name="spec_perl_TestParamsPassArrayInt_t" errors="1" failures="0" skipped="0" tests="0" time="0.0294678211212158">
    <system-out></system-out>
    <testcase name="Test died too soon, even before plan. (36)" classname="spec_perl_TestParamsPassArrayInt_t" time="0.0294678211212158">
      <failure message="The test suite died before a plan was produced. You need to have a plan." type="Plan">No plan</failure>
    </testcase>
  </testsuite>
  <testsuite name="spec_perl_TestZlibWithHeader78_t" errors="1" failures="0" skipped="0" tests="0" time="0.0299158096313477">
    <system-out></system-out>
    <testcase name="Test died too soon, even before plan. (37)" classname="spec_perl_TestZlibWithHeader78_t" time="0.0299158096313477">
      <failure message="The test suite died before a plan was produced. You need to have a plan." type="Plan">No plan</failure>
    </testcase>
  </testsuite>
  <testsuite name="spec_perl_TestEnumNegative_t" errors="1" failures="0" skipped="0" tests="0" time="0.0296649932861328">
    <system-out></system-out>
    <testcase name="Test died too soon, even before plan. (38)" classname="spec_perl_TestEnumNegative_t" time="0.0296649932861328">
      <failure message="The test suite died before a plan was produced. You need to have a plan." type="Plan">No plan</failure>
    </testcase>
  </testsuite>
  <testsuite name="spec_perl_TestExprSizeofType1_t" errors="1" failures="0" skipped="0" tests="0" time="0.029897928237915">
    <system-out></system-out>
    <testcase name="Test died too soon, even before plan. (39)" classname="spec_perl_TestExprSizeofType1_t" time="0.029897928237915">
      <failure message="The test suite died before a plan was produced. You need to have a plan." type="Plan">No plan</failure>
    </testcase>
  </testsuite>
  <testsuite name="spec_perl_TestSwitchRepeatExprInvalid_t" errors="1" failures="0" skipped="0" tests="0" time="0.0289909839630127">
    <system-out></system-out>
    <testcase name="Test died too soon, even before plan. (40)" classname="spec_perl_TestSwitchRepeatExprInvalid_t" time="0.0289909839630127">
      <failure message="The test suite died before a plan was produced. You need to have a plan." type="Plan">No plan</failure>
    </testcase>
  </testsuite>
  <testsuite name="spec_perl_TestProcessCoerceBytes_t" errors="1" failures="0" skipped="0" tests="0" time="0.0295560359954834">
    <system-out></system-out>
    <testcase name="Test died too soon, even before plan. (41)" classname="spec_perl_TestProcessCoerceBytes_t" time="0.0295560359954834">
      <failure message="The test suite died before a plan was produced. You need to have a plan." type="Plan">No plan</failure>
    </testcase>
  </testsuite>
  <testsuite name="spec_perl_TestNavParentSwitch_t" errors="1" failures="0" skipped="0" tests="0" time="0.0297739505767822">
    <system-out></system-out>
    <testcase name="Test died too soon, even before plan. (42)" classname="spec_perl_TestNavParentSwitch_t" time="0.0297739505767822">
      <failure message="The test suite died before a plan was produced. You need to have a plan." type="Plan">No plan</failure>
    </testcase>
  </testsuite>
  <testsuite name="spec_perl_TestRepeatUntilComplex_t" errors="1" failures="0" skipped="0" tests="0" time="0.0294020175933838">
    <system-out></system-out>
    <testcase name="Test died too soon, even before plan. (43)" classname="spec_perl_TestRepeatUntilComplex_t" time="0.0294020175933838">
      <failure message="The test suite died before a plan was produced. You need to have a plan." type="Plan">No plan</failure>
    </testcase>
  </testsuite>
  <testsuite name="spec_perl_TestExpr3_t" errors="1" failures="0" skipped="0" tests="0" time="0.0285868644714355">
    <system-out></system-out>
    <testcase name="Test died too soon, even before plan. (44)" classname="spec_perl_TestExpr3_t" time="0.0285868644714355">
      <failure message="The test suite died before a plan was produced. You need to have a plan." type="Plan">No plan</failure>
    </testcase>
  </testsuite>
  <testsuite name="spec_perl_TestIfStruct_t" errors="1" failures="0" skipped="0" tests="0" time="0.0283260345458984">
    <system-out></system-out>
    <testcase name="Test died too soon, even before plan. (45)" classname="spec_perl_TestIfStruct_t" time="0.0283260345458984">
      <failure message="The test suite died before a plan was produced. You need to have a plan." type="Plan">No plan</failure>
    </testcase>
  </testsuite>
  <testsuite name="spec_perl_TestRecursiveOne_t" errors="1" failures="0" skipped="0" tests="0" time="0.028130054473877">
    <system-out></system-out>
    <testcase name="Test died too soon, even before plan. (46)" classname="spec_perl_TestRecursiveOne_t" time="0.028130054473877">
      <failure message="The test suite died before a plan was produced. You need to have a plan." type="Plan">No plan</failure>
    </testcase>
  </testsuite>
  <testsuite name="spec_perl_TestIndexToParamExpr_t" errors="1" failures="0" skipped="0" tests="0" time="0.030768871307373">
    <system-out></system-out>
    <testcase name="Test died too soon, even before plan. (47)" classname="spec_perl_TestIndexToParamExpr_t" time="0.030768871307373">
      <failure message="The test suite died before a plan was produced. You need to have a plan." type="Plan">No plan</failure>
    </testcase>
  </testsuite>
  <testsuite name="spec_perl_TestValidNotParsedIf_t" errors="1" failures="0" skipped="0" tests="0" time="0.0279181003570557">
    <system-out></system-out>
    <testcase name="Test died too soon, even before plan. (48)" classname="spec_perl_TestValidNotParsedIf_t" time="0.0279181003570557">
      <failure message="The test suite died before a plan was produced. You need to have a plan." type="Plan">No plan</failure>
    </testcase>
  </testsuite>
  <testsuite name="spec_perl_TestDefaultEndianExprIsLe_t" errors="1" failures="0" skipped="0" tests="0" time="0.0289700031280518">
    <system-out></system-out>
    <testcase name="Test died too soon, even before plan. (49)" classname="spec_perl_TestDefaultEndianExprIsLe_t" time="0.0289700031280518">
      <failure message="The test suite died before a plan was produced. You need to have a plan." type="Plan">No plan</failure>
    </testcase>
  </testsuite>
  <testsuite name="spec_perl_TestTypeTernary2ndFalsy_t" errors="1" failures="0" skipped="0" tests="0" time="0.0300889015197754">
    <system-out></system-out>
    <testcase name="Test died too soon, even before plan. (50)" classname="spec_perl_TestTypeTernary2ndFalsy_t" time="0.0300889015197754">
      <failure message="The test suite died before a plan was produced. You need to have a plan." type="Plan">No plan</failure>
    </testcase>
  </testsuite>
  <testsuite name="spec_perl_TestBitsShiftByB64Le_t" errors="1" failures="0" skipped="0" tests="0" time="0.028674840927124">
    <system-out></system-out>
    <testcase name="Test died too soon, even before plan. (51)" classname="spec_perl_TestBitsShiftByB64Le_t" time="0.028674840927124">
      <failure message="The test suite died before a plan was produced. You need to have a plan." type="Plan">No plan</failure>
    </testcase>
  </testsuite>
  <testsuite name="spec_perl_TestToStringCustom_t" errors="1" failures="0" skipped="0" tests="0" time="0.0295710563659668">
    <system-out></system-out>
    <testcase name="Test died too soon, even before plan. (52)" classname="spec_perl_TestToStringCustom_t" time="0.0295710563659668">
      <failure message="The test suite died before a plan was produced. You need to have a plan." type="Plan">No plan</failure>
    </testcase>
  </testsuite>
  <testsuite name="spec_perl_TestDefaultEndianExprInherited_t" errors="1" failures="0" skipped="0" tests="0" time="0.0288419723510742">
    <system-out></system-out>
    <testcase name="Test died too soon, even before plan. (53)" classname="spec_perl_TestDefaultEndianExprInherited_t" time="0.0288419723510742">
      <failure message="The test suite died before a plan was produced. You need to have a plan." type="Plan">No plan</failure>
    </testcase>
  </testsuite>
  <testsuite name="spec_perl_TestCastToTop_t" errors="1" failures="0" skipped="0" tests="0" time="0.0287740230560303">
    <system-out></system-out>
    <testcase name="Test died too soon, even before plan. (54)" classname="spec_perl_TestCastToTop_t" time="0.0287740230560303">
      <failure message="The test suite died before a plan was produced. You need to have a plan." type="Plan">No plan</failure>
    </testcase>
  </testsuite>
  <testsuite name="spec_perl_TestStrLiterals2_t" errors="1" failures="0" skipped="0" tests="0" time="0.0290641784667969">
    <system-out></system-out>
    <testcase name="Test died too soon, even before plan. (55)" classname="spec_perl_TestStrLiterals2_t" time="0.0290641784667969">
      <failure message="The test suite died before a plan was produced. You need to have a plan." type="Plan">No plan</failure>
    </testcase>
  </testsuite>
  <testsuite name="spec_perl_TestIfInstances_t" errors="1" failures="0" skipped="0" tests="0" time="0.0282139778137207">
    <system-out></system-out>
    <testcase name="Test died too soon, even before plan. (56)" classname="spec_perl_TestIfInstances_t" time="0.0282139778137207">
      <failure message="The test suite died before a plan was produced. You need to have a plan." type="Plan">No plan</failure>
    </testcase>
  </testsuite>
  <testsuite name="spec_perl_TestCombineBool_t" errors="1" failures="0" skipped="0" tests="0" time="0.0287928581237793">
    <system-out></system-out>
    <testcase name="Test died too soon, even before plan. (57)" classname="spec_perl_TestCombineBool_t" time="0.0287928581237793">
      <failure message="The test suite died before a plan was produced. You need to have a plan." type="Plan">No plan</failure>
    </testcase>
  </testsuite>
  <testsuite name="spec_perl_TestBitsUnalignedB32Be_t" errors="1" failures="0" skipped="0" tests="0" time="0.0294499397277832">
    <system-out></system-out>
    <testcase name="Test died too soon, even before plan. (58)" classname="spec_perl_TestBitsUnalignedB32Be_t" time="0.0294499397277832">
      <failure message="The test suite died before a plan was produced. You need to have a plan." type="Plan">No plan</failure>
    </testcase>
  </testsuite>
  <testsuite name="spec_perl_TestSwitchRepeatExpr_t" errors="1" failures="0" skipped="0" tests="0" time="0.0294101238250732">
    <system-out></system-out>
    <testcase name="Test died too soon, even before plan. (59)" classname="spec_perl_TestSwitchRepeatExpr_t" time="0.0294101238250732">
      <failure message="The test suite died before a plan was produced. You need to have a plan." type="Plan">No plan</failure>
    </testcase>
  </testsuite>
  <testsuite name="spec_perl_TestValidSwitch_t" errors="1" failures="0" skipped="0" tests="0" time="0.0286281108856201">
    <system-out></system-out>
    <testcase name="Test died too soon, even before plan. (60)" classname="spec_perl_TestValidSwitch_t" time="0.0286281108856201">
      <failure message="The test suite died before a plan was produced. You need to have a plan." type="Plan">No plan</failure>
    </testcase>
  </testsuite>
  <testsuite name="spec_perl_TestSwitchManualEnumInvalidElse_t" errors="1" failures="0" skipped="0" tests="0" time="0.0285739898681641">
    <system-out></system-out>
    <testcase name="Test died too soon, even before plan. (61)" classname="spec_perl_TestSwitchManualEnumInvalidElse_t" time="0.0285739898681641">
      <failure message="The test suite died before a plan was produced. You need to have a plan." type="Plan">No plan</failure>
    </testcase>
  </testsuite>
  <testsuite name="spec_perl_TestEnumImport_t" errors="1" failures="0" skipped="0" tests="0" time="0.0289139747619629">
    <system-out></system-out>
    <testcase name="Test died too soon, even before plan. (62)" classname="spec_perl_TestEnumImport_t" time="0.0289139747619629">
      <failure message="The test suite died before a plan was produced. You need to have a plan." type="Plan">No plan</failure>
    </testcase>
  </testsuite>
  <testsuite name="spec_perl_TestNavParent2_t" errors="1" failures="0" skipped="0" tests="0" time="0.029371976852417">
    <system-out></system-out>
    <testcase name="Test died too soon, even before plan. (63)" classname="spec_perl_TestNavParent2_t" time="0.029371976852417">
      <failure message="The test suite died before a plan was produced. You need to have a plan." type="Plan">No plan</failure>
    </testcase>
  </testsuite>
  <testsuite name="spec_perl_TestEnumToI_t" errors="1" failures="0" skipped="0" tests="0" time="0.0283291339874268">
    <system-out></system-out>
    <testcase name="Test died too soon, even before plan. (64)" classname="spec_perl_TestEnumToI_t" time="0.0283291339874268">
      <failure message="The test suite died before a plan was produced. You need to have a plan." type="Plan">No plan</failure>
    </testcase>
  </testsuite>
  <testsuite name="spec_perl_TestExprMod_t" errors="1" failures="0" skipped="0" tests="0" time="0.0297648906707764">
    <system-out></system-out>
    <testcase name="Test died too soon, even before plan. (65)" classname="spec_perl_TestExprMod_t" time="0.0297648906707764">
      <failure message="The test suite died before a plan was produced. You need to have a plan." type="Plan">No plan</failure>
    </testcase>
  </testsuite>
  <testsuite name="spec_perl_TestEnumInvalid_t" errors="1" failures="0" skipped="0" tests="0" time="0.0292551517486572">
    <system-out></system-out>
    <testcase name="Test died too soon, even before plan. (66)" classname="spec_perl_TestEnumInvalid_t" time="0.0292551517486572">
      <failure message="The test suite died before a plan was produced. You need to have a plan." type="Plan">No plan</failure>
    </testcase>
  </testsuite>
  <testsuite name="spec_perl_TestOpaqueExternalType_t" errors="1" failures="0" skipped="0" tests="0" time="0.0289599895477295">
    <system-out></system-out>
    <testcase name="Test died too soon, even before plan. (67)" classname="spec_perl_TestOpaqueExternalType_t" time="0.0289599895477295">
      <failure message="The test suite died before a plan was produced. You need to have a plan." type="Plan">No plan</failure>
    </testcase>
  </testsuite>
  <testsuite name="spec_perl_TestNestedSameName_t" errors="1" failures="0" skipped="0" tests="0" time="0.0285391807556152">
    <system-out></system-out>
    <testcase name="Test died too soon, even before plan. (68)" classname="spec_perl_TestNestedSameName_t" time="0.0285391807556152">
      <failure message="The test suite died before a plan was produced. You need to have a plan." type="Plan">No plan</failure>
    </testcase>
  </testsuite>
  <testsuite name="spec_perl_TestParamsPassStruct_t" errors="1" failures="0" skipped="0" tests="0" time="0.0295870304107666">
    <system-out></system-out>
    <testcase name="Test died too soon, even before plan. (69)" classname="spec_perl_TestParamsPassStruct_t" time="0.0295870304107666">
      <failure message="The test suite died before a plan was produced. You need to have a plan." type="Plan">No plan</failure>
    </testcase>
  </testsuite>
  <testsuite name="spec_perl_TestExpr2_t" errors="1" failures="0" skipped="0" tests="0" time="0.0287039279937744">
    <system-out></system-out>
    <testcase name="Test died too soon, even before plan. (70)" classname="spec_perl_TestExpr2_t" time="0.0287039279937744">
      <failure message="The test suite died before a plan was produced. You need to have a plan." type="Plan">No plan</failure>
    </testcase>
  </testsuite>
  <testsuite name="spec_perl_TestStrPadTerm_t" errors="1" failures="0" skipped="0" tests="0" time="0.0287730693817139">
    <system-out></system-out>
    <testcase name="Test died too soon, even before plan. (71)" classname="spec_perl_TestStrPadTerm_t" time="0.0287730693817139">
      <failure message="The test suite died before a plan was produced. You need to have a plan." type="Plan">No plan</failure>
    </testcase>
  </testsuite>
  <testsuite name="spec_perl_TestNestedTypes_t" errors="1" failures="0" skipped="0" tests="0" time="0.0292418003082275">
    <system-out></system-out>
    <testcase name="Test died too soon, even before plan. (72)" classname="spec_perl_TestNestedTypes_t" time="0.0292418003082275">
      <failure message="The test suite died before a plan was produced. You need to have a plan." type="Plan">No plan</failure>
    </testcase>
  </testsuite>
  <testsuite name="spec_perl_TestZlibSurrounded_t" errors="1" failures="0" skipped="0" tests="0" time="0.0296049118041992">
    <system-out></system-out>
    <testcase name="Test died too soon, even before plan. (73)" classname="spec_perl_TestZlibSurrounded_t" time="0.0296049118041992">
      <failure message="The test suite died before a plan was produced. You need to have a plan." type="Plan">No plan</failure>
    </testcase>
  </testsuite>
  <testsuite name="spec_perl_TestBitsSignedShiftB64Le_t" errors="1" failures="0" skipped="0" tests="0" time="0.0285530090332031">
    <system-out></system-out>
    <testcase name="Test died too soon, even before plan. (74)" classname="spec_perl_TestBitsSignedShiftB64Le_t" time="0.0285530090332031">
      <failure message="The test suite died before a plan was produced. You need to have a plan." type="Plan">No plan</failure>
    </testcase>
  </testsuite>
  <testsuite name="spec_perl_TestExprBytesCmp_t" errors="1" failures="0" skipped="0" tests="0" time="0.0291860103607178">
    <system-out></system-out>
    <testcase name="Test died too soon, even before plan. (75)" classname="spec_perl_TestExprBytesCmp_t" time="0.0291860103607178">
      <failure message="The test suite died before a plan was produced. You need to have a plan." type="Plan">No plan</failure>
    </testcase>
  </testsuite>
  <testsuite name="spec_perl_TestBytesPadTerm_t" errors="1" failures="0" skipped="0" tests="0" time="0.0301198959350586">
    <system-out></system-out>
    <testcase name="Test died too soon, even before plan. (76)" classname="spec_perl_TestBytesPadTerm_t" time="0.0301198959350586">
      <failure message="The test suite died before a plan was produced. You need to have a plan." type="Plan">No plan</failure>
    </testcase>
  </testsuite>
  <testsuite name="spec_perl_TestBitsSignedShiftB32Le_t" errors="1" failures="0" skipped="0" tests="0" time="0.0280649662017822">
    <system-out></system-out>
    <testcase name="Test died too soon, even before plan. (77)" classname="spec_perl_TestBitsSignedShiftB32Le_t" time="0.0280649662017822">
      <failure message="The test suite died before a plan was produced. You need to have a plan." type="Plan">No plan</failure>
    </testcase>
  </testsuite>
  <testsuite name="spec_perl_TestImportsCircularA_t" errors="1" failures="0" skipped="0" tests="0" time="0.0282931327819824">
    <system-out></system-out>
    <testcase name="Test died too soon, even before plan. (78)" classname="spec_perl_TestImportsCircularA_t" time="0.0282931327819824">
      <failure message="The test suite died before a plan was produced. You need to have a plan." type="Plan">No plan</failure>
    </testcase>
  </testsuite>
  <testsuite name="spec_perl_TestSwitchManualIntElse_t" errors="1" failures="0" skipped="0" tests="0" time="0.0290119647979736">
    <system-out></system-out>
    <testcase name="Test died too soon, even before plan. (79)" classname="spec_perl_TestSwitchManualIntElse_t" time="0.0290119647979736">
      <failure message="The test suite died before a plan was produced. You need to have a plan." type="Plan">No plan</failure>
    </testcase>
  </testsuite>
  <testsuite name="spec_perl_TestSwitchManualStr_t" errors="1" failures="0" skipped="0" tests="0" time="0.0294828414916992">
    <system-out></system-out>
    <testcase name="Test died too soon, even before plan. (80)" classname="spec_perl_TestSwitchManualStr_t" time="0.0294828414916992">
      <failure message="The test suite died before a plan was produced. You need to have a plan." type="Plan">No plan</failure>
    </testcase>
  </testsuite>
  <testsuite name="spec_perl_TestHelloWorld_t" errors="1" failures="0" skipped="0" tests="0" time="0.0286350250244141">
    <system-out></system-out>
    <testcase name="Test died too soon, even before plan. (81)" classname="spec_perl_TestHelloWorld_t" time="0.0286350250244141">
      <failure message="The test suite died before a plan was produced. You need to have a plan." type="Plan">No plan</failure>
    </testcase>
  </testsuite>
  <testsuite name="spec_perl_TestSwitchCast_t" errors="1" failures="0" skipped="0" tests="0" time="0.0297319889068604">
    <system-out></system-out>
    <testcase name="Test died too soon, even before plan. (82)" classname="spec_perl_TestSwitchCast_t" time="0.0297319889068604">
      <failure message="The test suite died before a plan was produced. You need to have a plan." type="Plan">No plan</failure>
    </testcase>
  </testsuite>
  <testsuite name="spec_perl_TestIndexToParamUntil_t" errors="1" failures="0" skipped="0" tests="0" time="0.0283150672912598">
    <system-out></system-out>
    <testcase name="Test died too soon, even before plan. (83)" classname="spec_perl_TestIndexToParamUntil_t" time="0.0283150672912598">
      <failure message="The test suite died before a plan was produced. You need to have a plan." type="Plan">No plan</failure>
    </testcase>
  </testsuite>
  <testsuite name="spec_perl_TestBitsUnalignedB32Le_t" errors="1" failures="0" skipped="0" tests="0" time="0.028717041015625">
    <system-out></system-out>
    <testcase name="Test died too soon, even before plan. (84)" classname="spec_perl_TestBitsUnalignedB32Le_t" time="0.028717041015625">
      <failure message="The test suite died before a plan was produced. You need to have a plan." type="Plan">No plan</failure>
    </testcase>
  </testsuite>
  <testsuite name="spec_perl_TestExprSizeofValueSized_t" errors="1" failures="0" skipped="0" tests="0" time="0.0292139053344727">
    <system-out></system-out>
    <testcase name="Test died too soon, even before plan. (85)" classname="spec_perl_TestExprSizeofValueSized_t" time="0.0292139053344727">
      <failure message="The test suite died before a plan was produced. You need to have a plan." type="Plan">No plan</failure>
    </testcase>
  </testsuite>
  <testsuite name="spec_perl_TestExpr0_t" errors="1" failures="0" skipped="0" tests="0" time="0.0283989906311035">
    <system-out></system-out>
    <testcase name="Test died too soon, even before plan. (86)" classname="spec_perl_TestExpr0_t" time="0.0283989906311035">
      <failure message="The test suite died before a plan was produced. You need to have a plan." type="Plan">No plan</failure>
    </testcase>
  </testsuite>
  <testsuite name="spec_perl_TestIntegers_t" errors="1" failures="0" skipped="0" tests="0" time="0.0295171737670898">
    <system-out></system-out>
    <testcase name="Test died too soon, even before plan. (87)" classname="spec_perl_TestIntegers_t" time="0.0295171737670898">
      <failure message="The test suite died before a plan was produced. You need to have a plan." type="Plan">No plan</failure>
    </testcase>
  </testsuite>
  <testsuite name="spec_perl_TestProcessXorValue_t" errors="1" failures="0" skipped="0" tests="0" time="0.0292110443115234">
    <system-out></system-out>
    <testcase name="Test died too soon, even before plan. (88)" classname="spec_perl_TestProcessXorValue_t" time="0.0292110443115234">
      <failure message="The test suite died before a plan was produced. You need to have a plan." type="Plan">No plan</failure>
    </testcase>
  </testsuite>
  <testsuite name="spec_perl_TestSwitchManualStrElse_t" errors="1" failures="0" skipped="0" tests="0" time="0.0284180641174316">
    <system-out></system-out>
    <testcase name="Test died too soon, even before plan. (89)" classname="spec_perl_TestSwitchManualStrElse_t" time="0.0284180641174316">
      <failure message="The test suite died before a plan was produced. You need to have a plan." type="Plan">No plan</failure>
    </testcase>
  </testsuite>
  <testsuite name="spec_perl_TestProcessXor4Const_t" errors="1" failures="0" skipped="0" tests="0" time="0.029015064239502">
    <system-out></system-out>
    <testcase name="Test died too soon, even before plan. (90)" classname="spec_perl_TestProcessXor4Const_t" time="0.029015064239502">
      <failure message="The test suite died before a plan was produced. You need to have a plan." type="Plan">No plan</failure>
    </testcase>
  </testsuite>
  <testsuite name="spec_perl_TestEnumLongRangeU_t" errors="1" failures="0" skipped="0" tests="0" time="0.028702974319458">
    <system-out></system-out>
    <testcase name="Test died too soon, even before plan. (91)" classname="spec_perl_TestEnumLongRangeU_t" time="0.028702974319458">
      <failure message="The test suite died before a plan was produced. You need to have a plan." type="Plan">No plan</failure>
    </testcase>
  </testsuite>
  <testsuite name="spec_perl_TestSwitchIntegers_t" errors="1" failures="0" skipped="0" tests="0" time="0.0298829078674316">
    <system-out></system-out>
    <testcase name="Test died too soon, even before plan. (92)" classname="spec_perl_TestSwitchIntegers_t" time="0.0298829078674316">
      <failure message="The test suite died before a plan was produced. You need to have a plan." type="Plan">No plan</failure>
    </testcase>
  </testsuite>
  <testsuite name="spec_perl_TestExprStrEncodings_t" errors="1" failures="0" skipped="0" tests="0" time="0.029015064239502">
    <system-out></system-out>
    <testcase name="Test died too soon, even before plan. (93)" classname="spec_perl_TestExprStrEncodings_t" time="0.029015064239502">
      <failure message="The test suite died before a plan was produced. You need to have a plan." type="Plan">No plan</failure>
    </testcase>
  </testsuite>
  <testsuite name="spec_perl_TestImportsAbsAbs_t" errors="1" failures="0" skipped="0" tests="0" time="0.0292789936065674">
    <system-out></system-out>
    <testcase name="Test died too soon, even before plan. (94)" classname="spec_perl_TestImportsAbsAbs_t" time="0.0292789936065674">
      <failure message="The test suite died before a plan was produced. You need to have a plan." type="Plan">No plan</failure>
    </testcase>
  </testsuite>
  <testsuite name="spec_perl_TestIoLocalVar_t" errors="1" failures="0" skipped="0" tests="0" time="0.0293569564819336">
    <system-out></system-out>
    <testcase name="Test died too soon, even before plan. (95)" classname="spec_perl_TestIoLocalVar_t" time="0.0293569564819336">
      <failure message="The test suite died before a plan was produced. You need to have a plan." type="Plan">No plan</failure>
    </testcase>
  </testsuite>
  <testsuite name="spec_perl_TestCastNested_t" errors="1" failures="0" skipped="0" tests="0" time="0.0292708873748779">
    <system-out></system-out>
    <testcase name="Test died too soon, even before plan. (96)" classname="spec_perl_TestCastNested_t" time="0.0292708873748779">
      <failure message="The test suite died before a plan was produced. You need to have a plan." type="Plan">No plan</failure>
    </testcase>
  </testsuite>
  <testsuite name="spec_perl_TestProcessRepeatBytes_t" errors="1" failures="0" skipped="0" tests="0" time="0.0285470485687256">
    <system-out></system-out>
    <testcase name="Test died too soon, even before plan. (97)" classname="spec_perl_TestProcessRepeatBytes_t" time="0.0285470485687256">
      <failure message="The test suite died before a plan was produced. You need to have a plan." type="Plan">No plan</failure>
    </testcase>
  </testsuite>
  <testsuite name="spec_perl_TestCombineStr_t" errors="1" failures="0" skipped="0" tests="0" time="0.02976393699646">
    <system-out></system-out>
    <testcase name="Test died too soon, even before plan. (98)" classname="spec_perl_TestCombineStr_t" time="0.02976393699646">
      <failure message="The test suite died before a plan was produced. You need to have a plan." type="Plan">No plan</failure>
    </testcase>
  </testsuite>
  <testsuite name="spec_perl_TestRepeatUntilSized_t" errors="1" failures="0" skipped="0" tests="0" time="0.0289340019226074">
    <system-out></system-out>
    <testcase name="Test died too soon, even before plan. (99)" classname="spec_perl_TestRepeatUntilSized_t" time="0.0289340019226074">
      <failure message="The test suite died before a plan was produced. You need to have a plan." type="Plan">No plan</failure>
    </testcase>
  </testsuite>
  <testsuite name="spec_perl_TestPositionToEnd_t" errors="1" failures="0" skipped="0" tests="0" time="0.0286130905151367">
    <system-out></system-out>
    <testcase name="Test died too soon, even before plan. (100)" classname="spec_perl_TestPositionToEnd_t" time="0.0286130905151367">
      <failure message="The test suite died before a plan was produced. You need to have a plan." type="Plan">No plan</failure>
    </testcase>
  </testsuite>
  <testsuite name="spec_perl_TestDebug0_t" errors="1" failures="0" skipped="0" tests="0" time="0.0277750492095947">
    <system-out></system-out>
    <testcase name="Test died too soon, even before plan. (101)" classname="spec_perl_TestDebug0_t" time="0.0277750492095947">
      <failure message="The test suite died before a plan was produced. You need to have a plan." type="Plan">No plan</failure>
    </testcase>
  </testsuite>
  <testsuite name="spec_perl_TestProcessToUser_t" errors="1" failures="0" skipped="0" tests="0" time="0.0296659469604492">
    <system-out></system-out>
    <testcase name="Test died too soon, even before plan. (102)" classname="spec_perl_TestProcessToUser_t" time="0.0296659469604492">
      <failure message="The test suite died before a plan was produced. You need to have a plan." type="Plan">No plan</failure>
    </testcase>
  </testsuite>
  <testsuite name="spec_perl_TestIndexSizes_t" errors="1" failures="0" skipped="0" tests="0" time="0.0286819934844971">
    <system-out></system-out>
    <testcase name="Test died too soon, even before plan. (103)" classname="spec_perl_TestIndexSizes_t" time="0.0286819934844971">
      <failure message="The test suite died before a plan was produced. You need to have a plan." type="Plan">No plan</failure>
    </testcase>
  </testsuite>
  <testsuite name="spec_perl_TestInstanceIoUser_t" errors="1" failures="0" skipped="0" tests="0" time="0.0296249389648438">
    <system-out></system-out>
    <testcase name="Test died too soon, even before plan. (104)" classname="spec_perl_TestInstanceIoUser_t" time="0.0296249389648438">
      <failure message="The test suite died before a plan was produced. You need to have a plan." type="Plan">No plan</failure>
    </testcase>
  </testsuite>
  <testsuite name="spec_perl_TestRepeatNStrzDouble_t" errors="1" failures="0" skipped="0" tests="0" time="0.0295920372009277">
    <system-out></system-out>
    <testcase name="Test died too soon, even before plan. (105)" classname="spec_perl_TestRepeatNStrzDouble_t" time="0.0295920372009277">
      <failure message="The test suite died before a plan was produced. You need to have a plan." type="Plan">No plan</failure>
    </testcase>
  </testsuite>
  <testsuite name="spec_perl_TestJsSignedRightShift_t" errors="1" failures="0" skipped="0" tests="0" time="0.0285799503326416">
    <system-out></system-out>
    <testcase name="Test died too soon, even before plan. (106)" classname="spec_perl_TestJsSignedRightShift_t" time="0.0285799503326416">
      <failure message="The test suite died before a plan was produced. You need to have a plan." type="Plan">No plan</failure>
    </testcase>
  </testsuite>
  <testsuite name="spec_perl_TestBitsEnum_t" errors="1" failures="0" skipped="0" tests="0" time="0.0304009914398193">
    <system-out></system-out>
    <testcase name="Test died too soon, even before plan. (107)" classname="spec_perl_TestBitsEnum_t" time="0.0304009914398193">
      <failure message="The test suite died before a plan was produced. You need to have a plan." type="Plan">No plan</failure>
    </testcase>
  </testsuite>
  <testsuite name="spec_perl_TestTermU1Val_t" errors="1" failures="0" skipped="0" tests="0" time="0.0289070606231689">
    <system-out></system-out>
    <testcase name="Test died too soon, even before plan. (108)" classname="spec_perl_TestTermU1Val_t" time="0.0289070606231689">
      <failure message="The test suite died before a plan was produced. You need to have a plan." type="Plan">No plan</failure>
    </testcase>
  </testsuite>
  <testsuite name="spec_perl_TestStrEos_t" errors="1" failures="0" skipped="0" tests="0" time="0.0305118560791016">
    <system-out></system-out>
    <testcase name="Test died too soon, even before plan. (109)" classname="spec_perl_TestStrEos_t" time="0.0305118560791016">
      <failure message="The test suite died before a plan was produced. You need to have a plan." type="Plan">No plan</failure>
    </testcase>
  </testsuite>
  <testsuite name="spec_perl_TestSwitchManualIntSizeElse_t" errors="1" failures="0" skipped="0" tests="0" time="0.028857946395874">
    <system-out></system-out>
    <testcase name="Test died too soon, even before plan. (110)" classname="spec_perl_TestSwitchManualIntSizeElse_t" time="0.028857946395874">
      <failure message="The test suite died before a plan was produced. You need to have a plan." type="Plan">No plan</failure>
    </testcase>
  </testsuite>
  <testsuite name="spec_perl_TestEofExceptionBytes_t" errors="1" failures="0" skipped="0" tests="0" time="0.0291590690612793">
    <system-out></system-out>
    <testcase name="Test died too soon, even before plan. (111)" classname="spec_perl_TestEofExceptionBytes_t" time="0.0291590690612793">
      <failure message="The test suite died before a plan was produced. You need to have a plan." type="Plan">No plan</failure>
    </testcase>
  </testsuite>
  <testsuite name="spec_perl_TestRepeatUntilS4_t" errors="1" failures="0" skipped="0" tests="0" time="0.0289208889007568">
    <system-out></system-out>
    <testcase name="Test died too soon, even before plan. (112)" classname="spec_perl_TestRepeatUntilS4_t" time="0.0289208889007568">
      <failure message="The test suite died before a plan was produced. You need to have a plan." type="Plan">No plan</failure>
    </testcase>
  </testsuite>
  <testsuite name="spec_perl_TestTermStrz_t" errors="1" failures="0" skipped="0" tests="0" time="0.0303809642791748">
    <system-out></system-out>
    <testcase name="Test died too soon, even before plan. (113)" classname="spec_perl_TestTermStrz_t" time="0.0303809642791748">
      <failure message="The test suite died before a plan was produced. You need to have a plan." type="Plan">No plan</failure>
    </testcase>
  </testsuite>
  <testsuite name="spec_perl_TestTypeIntUnaryOp_t" errors="1" failures="0" skipped="0" tests="0" time="0.0288159847259521">
    <system-out></system-out>
    <testcase name="Test died too soon, even before plan. (114)" classname="spec_perl_TestTypeIntUnaryOp_t" time="0.0288159847259521">
      <failure message="The test suite died before a plan was produced. You need to have a plan." type="Plan">No plan</failure>
    </testcase>
  </testsuite>
  <testsuite name="spec_perl_TestExprEnum_t" errors="1" failures="0" skipped="0" tests="0" time="0.029123067855835">
    <system-out></system-out>
    <testcase name="Test died too soon, even before plan. (115)" classname="spec_perl_TestExprEnum_t" time="0.029123067855835">
      <failure message="The test suite died before a plan was produced. You need to have a plan." type="Plan">No plan</failure>
    </testcase>
  </testsuite>
  <testsuite name="spec_perl_TestBitsSimple_t" errors="1" failures="0" skipped="0" tests="0" time="0.0286650657653809">
    <system-out></system-out>
    <testcase name="Test died too soon, even before plan. (116)" classname="spec_perl_TestBitsSimple_t" time="0.0286650657653809">
      <failure message="The test suite died before a plan was produced. You need to have a plan." type="Plan">No plan</failure>
    </testcase>
  </testsuite>
  <testsuite name="spec_perl_TestRepeatEosU4_t" errors="1" failures="0" skipped="0" tests="0" time="0.0277760028839111">
    <system-out></system-out>
    <testcase name="Test died too soon, even before plan. (117)" classname="spec_perl_TestRepeatEosU4_t" time="0.0277760028839111">
      <failure message="The test suite died before a plan was produced. You need to have a plan." type="Plan">No plan</failure>
    </testcase>
  </testsuite>
  <testsuite name="spec_perl_TestNavParent3_t" errors="1" failures="0" skipped="0" tests="0" time="0.0284128189086914">
    <system-out></system-out>
    <testcase name="Test died too soon, even before plan. (118)" classname="spec_perl_TestNavParent3_t" time="0.0284128189086914">
      <failure message="The test suite died before a plan was produced. You need to have a plan." type="Plan">No plan</failure>
    </testcase>
  </testsuite>
  <testsuite name="spec_perl_TestStrPadTermEmpty_t" errors="1" failures="0" skipped="0" tests="0" time="0.0282988548278809">
    <system-out></system-out>
    <testcase name="Test died too soon, even before plan. (119)" classname="spec_perl_TestStrPadTermEmpty_t" time="0.0282988548278809">
      <failure message="The test suite died before a plan was produced. You need to have a plan." type="Plan">No plan</failure>
    </testcase>
  </testsuite>
  <testsuite name="spec_perl_TestMetaTags_t" errors="1" failures="0" skipped="0" tests="0" time="0.0291190147399902">
    <system-out></system-out>
    <testcase name="Test died too soon, even before plan. (120)" classname="spec_perl_TestMetaTags_t" time="0.0291190147399902">
      <failure message="The test suite died before a plan was produced. You need to have a plan." type="Plan">No plan</failure>
    </testcase>
  </testsuite>
  <testsuite name="spec_perl_TestImportsRel1_t" errors="1" failures="0" skipped="0" tests="0" time="0.0285689830780029">
    <system-out></system-out>
    <testcase name="Test died too soon, even before plan. (121)" classname="spec_perl_TestImportsRel1_t" time="0.0285689830780029">
      <failure message="The test suite died before a plan was produced. You need to have a plan." type="Plan">No plan</failure>
    </testcase>
  </testsuite>
  <testsuite name="spec_perl_TestDebugSwitchUser_t" errors="1" failures="0" skipped="0" tests="0" time="0.0277628898620605">
    <system-out></system-out>
    <testcase name="Test died too soon, even before plan. (122)" classname="spec_perl_TestDebugSwitchUser_t" time="0.0277628898620605">
      <failure message="The test suite died before a plan was produced. You need to have a plan." type="Plan">No plan</failure>
    </testcase>
  </testsuite>
  <testsuite name="spec_perl_TestCombineEnum_t" errors="1" failures="0" skipped="0" tests="0" time="0.0292329788208008">
    <system-out></system-out>
    <testcase name="Test died too soon, even before plan. (123)" classname="spec_perl_TestCombineEnum_t" time="0.0292329788208008">
      <failure message="The test suite died before a plan was produced. You need to have a plan." type="Plan">No plan</failure>
    </testcase>
  </testsuite>
  <testsuite name="spec_perl_TestParamsCallShort_t" errors="1" failures="0" skipped="0" tests="0" time="0.0280611515045166">
    <system-out></system-out>
    <testcase name="Test died too soon, even before plan. (124)" classname="spec_perl_TestParamsCallShort_t" time="0.0280611515045166">
      <failure message="The test suite died before a plan was produced. You need to have a plan." type="Plan">No plan</failure>
    </testcase>
  </testsuite>
  <testsuite name="spec_perl_TestProcessRepeatUsertype_t" errors="1" failures="0" skipped="0" tests="0" time="0.027940034866333">
    <system-out></system-out>
    <testcase name="Test died too soon, even before plan. (125)" classname="spec_perl_TestProcessRepeatUsertype_t" time="0.027940034866333">
      <failure message="The test suite died before a plan was produced. You need to have a plan." type="Plan">No plan</failure>
    </testcase>
  </testsuite>
  <testsuite name="spec_perl_TestStrEncodingsDefault_t" errors="1" failures="0" skipped="0" tests="0" time="0.0285799503326416">
    <system-out></system-out>
    <testcase name="Test died too soon, even before plan. (126)" classname="spec_perl_TestStrEncodingsDefault_t" time="0.0285799503326416">
      <failure message="The test suite died before a plan was produced. You need to have a plan." type="Plan">No plan</failure>
    </testcase>
  </testsuite>
  <testsuite name="spec_perl_TestTermBytes_t" errors="1" failures="0" skipped="0" tests="0" time="0.0292389392852783">
    <system-out></system-out>
    <testcase name="Test died too soon, even before plan. (127)" classname="spec_perl_TestTermBytes_t" time="0.0292389392852783">
      <failure message="The test suite died before a plan was produced. You need to have a plan." type="Plan">No plan</failure>
    </testcase>
  </testsuite>
  <testsuite name="spec_perl_TestFloatingPoints_t" errors="1" failures="0" skipped="0" tests="0" time="0.0284512042999268">
    <system-out></system-out>
    <testcase name="Test died too soon, even before plan. (128)" classname="spec_perl_TestFloatingPoints_t" time="0.0284512042999268">
      <failure message="The test suite died before a plan was produced. You need to have a plan." type="Plan">No plan</failure>
    </testcase>
  </testsuite>
  <testsuite name="spec_perl_TestBitsShiftByB32Le_t" errors="1" failures="0" skipped="0" tests="0" time="0.0284910202026367">
    <system-out></system-out>
    <testcase name="Test died too soon, even before plan. (129)" classname="spec_perl_TestBitsShiftByB32Le_t" time="0.0284910202026367">
      <failure message="The test suite died before a plan was produced. You need to have a plan." type="Plan">No plan</failure>
    </testcase>
  </testsuite>
  <testsuite name="spec_perl_TestParamsPassBool_t" errors="1" failures="0" skipped="0" tests="0" time="0.0329329967498779">
    <system-out></system-out>
    <testcase name="Test died too soon, even before plan. (130)" classname="spec_perl_TestParamsPassBool_t" time="0.0329329967498779">
      <failure message="The test suite died before a plan was produced. You need to have a plan." type="Plan">No plan</failure>
    </testcase>
  </testsuite>
  <testsuite name="spec_perl_TestSwitchManualEnumInvalid_t" errors="1" failures="0" skipped="0" tests="0" time="0.0281550884246826">
    <system-out></system-out>
    <testcase name="Test died too soon, even before plan. (131)" classname="spec_perl_TestSwitchManualEnumInvalid_t" time="0.0281550884246826">
      <failure message="The test suite died before a plan was produced. You need to have a plan." type="Plan">No plan</failure>
    </testcase>
  </testsuite>
  <testsuite name="spec_perl_TestEnumOfValueInst_t" errors="1" failures="0" skipped="0" tests="0" time="0.0288560390472412">
    <system-out></system-out>
    <testcase name="Test died too soon, even before plan. (132)" classname="spec_perl_TestEnumOfValueInst_t" time="0.0288560390472412">
      <failure message="The test suite died before a plan was produced. You need to have a plan." type="Plan">No plan</failure>
    </testcase>
  </testsuite>
  <testsuite name="spec_perl_TestIntegersMinMax_t" errors="1" failures="0" skipped="0" tests="0" time="0.028947114944458">
    <system-out></system-out>
    <testcase name="Test died too soon, even before plan. (133)" classname="spec_perl_TestIntegersMinMax_t" time="0.028947114944458">
      <failure message="The test suite died before a plan was produced. You need to have a plan." type="Plan">No plan</failure>
    </testcase>
  </testsuite>
  <testsuite name="spec_perl_TestEofExceptionU4_t" errors="1" failures="0" skipped="0" tests="0" time="0.028954029083252">
    <system-out></system-out>
    <testcase name="Test died too soon, even before plan. (134)" classname="spec_perl_TestEofExceptionU4_t" time="0.028954029083252">
      <failure message="The test suite died before a plan was produced. You need to have a plan." type="Plan">No plan</failure>
    </testcase>
  </testsuite>
  <testsuite name="spec_perl_TestBitsSeqEndianCombo_t" errors="1" failures="0" skipped="0" tests="0" time="0.0289549827575684">
    <system-out></system-out>
    <testcase name="Test died too soon, even before plan. (135)" classname="spec_perl_TestBitsSeqEndianCombo_t" time="0.0289549827575684">
      <failure message="The test suite died before a plan was produced. You need to have a plan." type="Plan">No plan</failure>
    </testcase>
  </testsuite>
  <testsuite name="spec_perl_TestParamsCallExtraParens_t" errors="1" failures="0" skipped="0" tests="0" time="0.030210018157959">
    <system-out></system-out>
    <testcase name="Test died too soon, even before plan. (136)" classname="spec_perl_TestParamsCallExtraParens_t" time="0.030210018157959">
      <failure message="The test suite died before a plan was produced. You need to have a plan." type="Plan">No plan</failure>
    </testcase>
  </testsuite>
  <testsuite name="spec_perl_TestSwitchManualInt_t" errors="1" failures="0" skipped="0" tests="0" time="0.0284090042114258">
    <system-out></system-out>
    <testcase name="Test died too soon, even before plan. (137)" classname="spec_perl_TestSwitchManualInt_t" time="0.0284090042114258">
      <failure message="The test suite died before a plan was produced. You need to have a plan." type="Plan">No plan</failure>
    </testcase>
  </testsuite>
  <testsuite name="spec_perl_TestExprOpsParens_t" errors="1" failures="0" skipped="0" tests="0" time="0.0284240245819092">
    <system-out></system-out>
    <testcase name="Test died too soon, even before plan. (138)" classname="spec_perl_TestExprOpsParens_t" time="0.0284240245819092">
      <failure message="The test suite died before a plan was produced. You need to have a plan." type="Plan">No plan</failure>
    </testcase>
  </testsuite>
  <testsuite name="spec_perl_TestEosExceptionU4_t" errors="1" failures="0" skipped="0" tests="0" time="0.0286498069763184">
    <system-out></system-out>
    <testcase name="Test died too soon, even before plan. (139)" classname="spec_perl_TestEosExceptionU4_t" time="0.0286498069763184">
      <failure message="The test suite died before a plan was produced. You need to have a plan." type="Plan">No plan</failure>
    </testcase>
  </testsuite>
  <testsuite name="spec_perl_TestTsPacketHeader_t" errors="1" failures="0" skipped="0" tests="0" time="0.0290219783782959">
    <system-out></system-out>
    <testcase name="Test died too soon, even before plan. (140)" classname="spec_perl_TestTsPacketHeader_t" time="0.0290219783782959">
      <failure message="The test suite died before a plan was produced. You need to have a plan." type="Plan">No plan</failure>
    </testcase>
  </testsuite>
  <testsuite name="spec_perl_TestNonStandard_t" errors="1" failures="0" skipped="0" tests="0" time="0.028270959854126">
    <system-out></system-out>
    <testcase name="Test died too soon, even before plan. (141)" classname="spec_perl_TestNonStandard_t" time="0.028270959854126">
      <failure message="The test suite died before a plan was produced. You need to have a plan." type="Plan">No plan</failure>
    </testcase>
  </testsuite>
  <testsuite name="spec_perl_TestProcessCustom_t" errors="1" failures="0" skipped="0" tests="0" time="0.0273370742797852">
    <system-out></system-out>
    <testcase name="Test died too soon, even before plan. (142)" classname="spec_perl_TestProcessCustom_t" time="0.0273370742797852">
      <failure message="The test suite died before a plan was produced. You need to have a plan." type="Plan">No plan</failure>
    </testcase>
  </testsuite>
  <testsuite name="spec_perl_TestParamsEnum_t" errors="1" failures="0" skipped="0" tests="0" time="0.0278580188751221">
    <system-out></system-out>
    <testcase name="Test died too soon, even before plan. (143)" classname="spec_perl_TestParamsEnum_t" time="0.0278580188751221">
      <failure message="The test suite died before a plan was produced. You need to have a plan." type="Plan">No plan</failure>
    </testcase>
  </testsuite>
  <testsuite name="spec_perl_TestIntegersDoubleOverflow_t" errors="1" failures="0" skipped="0" tests="0" time="0.0290818214416504">
    <system-out></system-out>
    <testcase name="Test died too soon, even before plan. (144)" classname="spec_perl_TestIntegersDoubleOverflow_t" time="0.0290818214416504">
      <failure message="The test suite died before a plan was produced. You need to have a plan." type="Plan">No plan</failure>
    </testcase>
  </testsuite>
  <testsuite name="spec_perl_TestBitsSimpleLe_t" errors="1" failures="0" skipped="0" tests="0" time="0.0288031101226807">
    <system-out></system-out>
    <testcase name="Test died too soon, even before plan. (145)" classname="spec_perl_TestBitsSimpleLe_t" time="0.0288031101226807">
      <failure message="The test suite died before a plan was produced. You need to have a plan." type="Plan">No plan</failure>
    </testcase>
  </testsuite>
  <testsuite name="spec_perl_TestExprStrOps_t" errors="1" failures="0" skipped="0" tests="0" time="0.0288228988647461">
    <system-out></system-out>
    <testcase name="Test died too soon, even before plan. (146)" classname="spec_perl_TestExprStrOps_t" time="0.0288228988647461">
      <failure message="The test suite died before a plan was produced. You need to have a plan." type="Plan">No plan</failure>
    </testcase>
  </testsuite>
  <testsuite name="spec_perl_TestDefaultBitEndianMod_t" errors="1" failures="0" skipped="0" tests="0" time="0.0288469791412354">
    <system-out></system-out>
    <testcase name="Test died too soon, even before plan. (147)" classname="spec_perl_TestDefaultBitEndianMod_t" time="0.0288469791412354">
      <failure message="The test suite died before a plan was produced. You need to have a plan." type="Plan">No plan</failure>
    </testcase>
  </testsuite>
  <testsuite name="spec_perl_TestRepeatUntilCalcArrayType_t" errors="1" failures="0" skipped="0" tests="0" time="0.0282268524169922">
    <system-out></system-out>
    <testcase name="Test died too soon, even before plan. (148)" classname="spec_perl_TestRepeatUntilCalcArrayType_t" time="0.0282268524169922">
      <failure message="The test suite died before a plan was produced. You need to have a plan." type="Plan">No plan</failure>
    </testcase>
  </testsuite>
  <testsuite name="spec_perl_TestExprBytesNonLiteral_t" errors="1" failures="0" skipped="0" tests="0" time="0.0283000469207764">
    <system-out></system-out>
    <testcase name="Test died too soon, even before plan. (149)" classname="spec_perl_TestExprBytesNonLiteral_t" time="0.0283000469207764">
      <failure message="The test suite died before a plan was produced. You need to have a plan." type="Plan">No plan</failure>
    </testcase>
  </testsuite>
  <testsuite name="spec_perl_TestEnum0_t" errors="1" failures="0" skipped="0" tests="0" time="0.0272829532623291">
    <system-out></system-out>
    <testcase name="Test died too soon, even before plan. (150)" classname="spec_perl_TestEnum0_t" time="0.0272829532623291">
      <failure message="The test suite died before a plan was produced. You need to have a plan." type="Plan">No plan</failure>
    </testcase>
  </testsuite>
  <testsuite name="spec_perl_TestInstanceUserArray_t" errors="1" failures="0" skipped="0" tests="0" time="0.0283877849578857">
    <system-out></system-out>
    <testcase name="Test died too soon, even before plan. (151)" classname="spec_perl_TestInstanceUserArray_t" time="0.0283877849578857">
      <failure message="The test suite died before a plan was produced. You need to have a plan." type="Plan">No plan</failure>
    </testcase>
  </testsuite>
  <testsuite name="spec_perl_TestEnumToIClassBorder1_t" errors="1" failures="0" skipped="0" tests="0" time="0.0292210578918457">
    <system-out></system-out>
    <testcase name="Test died too soon, even before plan. (152)" classname="spec_perl_TestEnumToIClassBorder1_t" time="0.0292210578918457">
      <failure message="The test suite died before a plan was produced. You need to have a plan." type="Plan">No plan</failure>
    </testcase>
  </testsuite>
  <testsuite name="spec_perl_TestIfValues_t" errors="1" failures="0" skipped="0" tests="0" time="0.0284500122070312">
    <system-out></system-out>
    <testcase name="Test died too soon, even before plan. (153)" classname="spec_perl_TestIfValues_t" time="0.0284500122070312">
      <failure message="The test suite died before a plan was produced. You need to have a plan." type="Plan">No plan</failure>
    </testcase>
  </testsuite>
  <testsuite name="spec_perl_TestNavParentSwitchCast_t" errors="1" failures="0" skipped="0" tests="0" time="0.029015064239502">
    <system-out></system-out>
    <testcase name="Test died too soon, even before plan. (154)" classname="spec_perl_TestNavParentSwitchCast_t" time="0.029015064239502">
      <failure message="The test suite died before a plan was produced. You need to have a plan." type="Plan">No plan</failure>
    </testcase>
  </testsuite>
  <testsuite name="spec_perl_TestProcessXorConst_t" errors="1" failures="0" skipped="0" tests="0" time="0.0293450355529785">
    <system-out></system-out>
    <testcase name="Test died too soon, even before plan. (155)" classname="spec_perl_TestProcessXorConst_t" time="0.0293450355529785">
      <failure message="The test suite died before a plan was produced. You need to have a plan." type="Plan">No plan</failure>
    </testcase>
  </testsuite>
  <testsuite name="spec_perl_TestBitsSignedResB32Le_t" errors="1" failures="0" skipped="0" tests="0" time="0.0294981002807617">
    <system-out></system-out>
    <testcase name="Test died too soon, even before plan. (156)" classname="spec_perl_TestBitsSignedResB32Le_t" time="0.0294981002807617">
      <failure message="The test suite died before a plan was produced. You need to have a plan." type="Plan">No plan</failure>
    </testcase>
  </testsuite>
  <testsuite name="spec_perl_TestNestedTypes2_t" errors="1" failures="0" skipped="0" tests="0" time="0.0298287868499756">
    <system-out></system-out>
    <testcase name="Test died too soon, even before plan. (157)" classname="spec_perl_TestNestedTypes2_t" time="0.0298287868499756">
      <failure message="The test suite died before a plan was produced. You need to have a plan." type="Plan">No plan</failure>
    </testcase>
  </testsuite>
  <testsuite name="spec_perl_TestDebugEnumName_t" errors="1" failures="0" skipped="0" tests="0" time="0.0280511379241943">
    <system-out></system-out>
    <testcase name="Test died too soon, even before plan. (158)" classname="spec_perl_TestDebugEnumName_t" time="0.0280511379241943">
      <failure message="The test suite died before a plan was produced. You need to have a plan." type="Plan">No plan</failure>
    </testcase>
  </testsuite>
  <testsuite name="spec_perl_TestExprIfIntOps_t" errors="1" failures="0" skipped="0" tests="0" time="0.0278759002685547">
    <system-out></system-out>
    <testcase name="Test died too soon, even before plan. (159)" classname="spec_perl_TestExprIfIntOps_t" time="0.0278759002685547">
      <failure message="The test suite died before a plan was produced. You need to have a plan." type="Plan">No plan</failure>
    </testcase>
  </testsuite>
  <testsuite name="spec_perl_TestStrLiterals_t" errors="1" failures="0" skipped="0" tests="0" time="0.029170036315918">
    <system-out></system-out>
    <testcase name="Test died too soon, even before plan. (160)" classname="spec_perl_TestStrLiterals_t" time="0.029170036315918">
      <failure message="The test suite died before a plan was produced. You need to have a plan." type="Plan">No plan</failure>
    </testcase>
  </testsuite>
  <testsuite name="spec_perl_TestExprBytesOps_t" errors="1" failures="0" skipped="0" tests="0" time="0.0287799835205078">
    <system-out></system-out>
    <testcase name="Test died too soon, even before plan. (161)" classname="spec_perl_TestExprBytesOps_t" time="0.0287799835205078">
      <failure message="The test suite died before a plan was produced. You need to have a plan." type="Plan">No plan</failure>
    </testcase>
  </testsuite>
  <testsuite name="spec_perl_TestSwitchBytearray_t" errors="1" failures="0" skipped="0" tests="0" time="0.0280139446258545">
    <system-out></system-out>
    <testcase name="Test died too soon, even before plan. (162)" classname="spec_perl_TestSwitchBytearray_t" time="0.0280139446258545">
      <failure message="The test suite died before a plan was produced. You need to have a plan." type="Plan">No plan</failure>
    </testcase>
  </testsuite>
  <testsuite name="spec_perl_TestProcessXor4Value_t" errors="1" failures="0" skipped="0" tests="0" time="0.0290181636810303">
    <system-out></system-out>
    <testcase name="Test died too soon, even before plan. (163)" classname="spec_perl_TestProcessXor4Value_t" time="0.0290181636810303">
      <failure message="The test suite died before a plan was produced. You need to have a plan." type="Plan">No plan</failure>
    </testcase>
  </testsuite>
  <testsuite name="spec_perl_TestIndexToParamEos_t" errors="1" failures="0" skipped="0" tests="0" time="0.028374195098877">
    <system-out></system-out>
    <testcase name="Test died too soon, even before plan. (164)" classname="spec_perl_TestIndexToParamEos_t" time="0.028374195098877">
      <failure message="The test suite died before a plan was produced. You need to have a plan." type="Plan">No plan</failure>
    </testcase>
  </testsuite>
  <testsuite name="spec_perl_TestEnumFancy_t" errors="1" failures="0" skipped="0" tests="0" time="0.0285239219665527">
    <system-out></system-out>
    <testcase name="Test died too soon, even before plan. (165)" classname="spec_perl_TestEnumFancy_t" time="0.0285239219665527">
      <failure message="The test suite died before a plan was produced. You need to have a plan." type="Plan">No plan</failure>
    </testcase>
  </testsuite>
  <testsuite name="spec_perl_TestCastToImported_t" errors="1" failures="0" skipped="0" tests="0" time="0.0295450687408447">
    <system-out></system-out>
    <testcase name="Test died too soon, even before plan. (166)" classname="spec_perl_TestCastToImported_t" time="0.0295450687408447">
      <failure message="The test suite died before a plan was produced. You need to have a plan." type="Plan">No plan</failure>
    </testcase>
  </testsuite>
  <testsuite name="spec_perl_TestParamsPassArrayStruct_t" errors="1" failures="0" skipped="0" tests="0" time="0.0294191837310791">
    <system-out></system-out>
    <testcase name="Test died too soon, even before plan. (167)" classname="spec_perl_TestParamsPassArrayStruct_t" time="0.0294191837310791">
      <failure message="The test suite died before a plan was produced. You need to have a plan." type="Plan">No plan</failure>
    </testcase>
  </testsuite>
  <testsuite name="spec_perl_TestSwitchElseOnly_t" errors="1" failures="0" skipped="0" tests="0" time="0.0279500484466553">
    <system-out></system-out>
    <testcase name="Test died too soon, even before plan. (168)" classname="spec_perl_TestSwitchElseOnly_t" time="0.0279500484466553">
      <failure message="The test suite died before a plan was produced. You need to have a plan." type="Plan">No plan</failure>
    </testcase>
  </testsuite>
  <testsuite name="spec_perl_TestEnumDeep_t" errors="1" failures="0" skipped="0" tests="0" time="0.0285730361938477">
    <system-out></system-out>
    <testcase name="Test died too soon, even before plan. (169)" classname="spec_perl_TestEnumDeep_t" time="0.0285730361938477">
      <failure message="The test suite died before a plan was produced. You need to have a plan." type="Plan">No plan</failure>
    </testcase>
  </testsuite>
  <testsuite name="spec_perl_TestEnumIf_t" errors="1" failures="0" skipped="0" tests="0" time="0.0290229320526123">
    <system-out></system-out>
    <testcase name="Test died too soon, even before plan. (170)" classname="spec_perl_TestEnumIf_t" time="0.0290229320526123">
      <failure message="The test suite died before a plan was produced. You need to have a plan." type="Plan">No plan</failure>
    </testcase>
  </testsuite>
  <testsuite name="spec_perl_TestEnumIntRangeU_t" errors="1" failures="0" skipped="0" tests="0" time="0.0286369323730469">
    <system-out></system-out>
    <testcase name="Test died too soon, even before plan. (171)" classname="spec_perl_TestEnumIntRangeU_t" time="0.0286369323730469">
      <failure message="The test suite died before a plan was produced. You need to have a plan." type="Plan">No plan</failure>
    </testcase>
  </testsuite>
  <testsuite name="spec_perl_TestSwitchManualIntSize_t" errors="1" failures="0" skipped="0" tests="0" time="0.0296680927276611">
    <system-out></system-out>
    <testcase name="Test died too soon, even before plan. (172)" classname="spec_perl_TestSwitchManualIntSize_t" time="0.0296680927276611">
      <failure message="The test suite died before a plan was produced. You need to have a plan." type="Plan">No plan</failure>
    </testcase>
  </testsuite>
  <testsuite name="spec_perl_TestTypeTernaryOpaque_t" errors="1" failures="0" skipped="0" tests="0" time="0.0298919677734375">
    <system-out></system-out>
    <testcase name="Test died too soon, even before plan. (173)" classname="spec_perl_TestTypeTernaryOpaque_t" time="0.0298919677734375">
      <failure message="The test suite died before a plan was produced. You need to have a plan." type="Plan">No plan</failure>
    </testcase>
  </testsuite>
  <testsuite name="spec_perl_TestProcessCoerceUsertype1_t" errors="1" failures="0" skipped="0" tests="0" time="0.029897928237915">
    <system-out></system-out>
    <testcase name="Test died too soon, even before plan. (174)" classname="spec_perl_TestProcessCoerceUsertype1_t" time="0.029897928237915">
      <failure message="The test suite died before a plan was produced. You need to have a plan." type="Plan">No plan</failure>
    </testcase>
  </testsuite>
  <testsuite name="spec_perl_TestSwitchManualEnum_t" errors="1" failures="0" skipped="0" tests="0" time="0.0290260314941406">
    <system-out></system-out>
    <testcase name="Test died too soon, even before plan. (175)" classname="spec_perl_TestSwitchManualEnum_t" time="0.0290260314941406">
      <failure message="The test suite died before a plan was produced. You need to have a plan." type="Plan">No plan</failure>
    </testcase>
  </testsuite>
  <testsuite name="spec_perl_TestDefaultEndianExprException_t" errors="1" failures="0" skipped="0" tests="0" time="0.0297248363494873">
    <system-out></system-out>
    <testcase name="Test died too soon, even before plan. (176)" classname="spec_perl_TestDefaultEndianExprException_t" time="0.0297248363494873">
      <failure message="The test suite died before a plan was produced. You need to have a plan." type="Plan">No plan</failure>
    </testcase>
  </testsuite>
  <testsuite name="spec_perl_TestStrEncodingsUtf16_t" errors="1" failures="0" skipped="0" tests="0" time="0.0289669036865234">
    <system-out></system-out>
    <testcase name="Test died too soon, even before plan. (177)" classname="spec_perl_TestStrEncodingsUtf16_t" time="0.0289669036865234">
      <failure message="The test suite died before a plan was produced. You need to have a plan." type="Plan">No plan</failure>
    </testcase>
  </testsuite>
  <testsuite name="spec_perl_TestEnumLongRangeS_t" errors="1" failures="0" skipped="0" tests="0" time="0.0285320281982422">
    <system-out></system-out>
    <testcase name="Test died too soon, even before plan. (178)" classname="spec_perl_TestEnumLongRangeS_t" time="0.0285320281982422">
      <failure message="The test suite died before a plan was produced. You need to have a plan." type="Plan">No plan</failure>
    </testcase>
  </testsuite>
  <testsuite name="spec_perl_TestFixedStruct_t" errors="1" failures="0" skipped="0" tests="0" time="0.0296790599822998">
    <system-out></system-out>
    <testcase name="Test died too soon, even before plan. (179)" classname="spec_perl_TestFixedStruct_t" time="0.0296790599822998">
      <failure message="The test suite died before a plan was produced. You need to have a plan." type="Plan">No plan</failure>
    </testcase>
  </testsuite>
  <testsuite name="spec_perl_TestNestedTypes3_t" errors="1" failures="0" skipped="0" tests="0" time="0.0299150943756104">
    <system-out></system-out>
    <testcase name="Test died too soon, even before plan. (180)" classname="spec_perl_TestNestedTypes3_t" time="0.0299150943756104">
      <failure message="The test suite died before a plan was produced. You need to have a plan." type="Plan">No plan</failure>
    </testcase>
  </testsuite>
  <testsuite name="spec_perl_TestFloatToI_t" errors="1" failures="0" skipped="0" tests="0" time="0.0282368659973145">
    <system-out></system-out>
    <testcase name="Test died too soon, even before plan. (181)" classname="spec_perl_TestFloatToI_t" time="0.0282368659973145">
      <failure message="The test suite died before a plan was produced. You need to have a plan." type="Plan">No plan</failure>
    </testcase>
  </testsuite>
  <testsuite name="spec_perl_TestValidEqStrEncodings_t" errors="1" failures="0" skipped="0" tests="0" time="0.0290069580078125">
    <system-out></system-out>
    <testcase name="Test died too soon, even before plan. (182)" classname="spec_perl_TestValidEqStrEncodings_t" time="0.0290069580078125">
      <failure message="The test suite died before a plan was produced. You need to have a plan." type="Plan">No plan</failure>
    </testcase>
  </testsuite>
  <testsuite name="spec_perl_TestRepeatNStruct_t" errors="1" failures="0" skipped="0" tests="0" time="0.029000997543335">
    <system-out></system-out>
    <testcase name="Test died too soon, even before plan. (183)" classname="spec_perl_TestRepeatNStruct_t" time="0.029000997543335">
      <failure message="The test suite died before a plan was produced. You need to have a plan." type="Plan">No plan</failure>
    </testcase>
  </testsuite>
  <testsuite name="spec_perl_TestTypeTernary_t" errors="1" failures="0" skipped="0" tests="0" time="0.0301048755645752">
    <system-out></system-out>
    <testcase name="Test died too soon, even before plan. (184)" classname="spec_perl_TestTypeTernary_t" time="0.0301048755645752">
      <failure message="The test suite died before a plan was produced. You need to have a plan." type="Plan">No plan</failure>
    </testcase>
  </testsuite>
  <testsuite name="spec_perl_TestParamsPassArrayUsertype_t" errors="1" failures="0" skipped="0" tests="0" time="0.028695821762085">
    <system-out></system-out>
    <testcase name="Test died too soon, even before plan. (185)" classname="spec_perl_TestParamsPassArrayUsertype_t" time="0.028695821762085">
      <failure message="The test suite died before a plan was produced. You need to have a plan." type="Plan">No plan</failure>
    </testcase>
  </testsuite>
  <testsuite name="spec_perl_TestBufferedStruct_t" errors="1" failures="0" skipped="0" tests="0" time="0.0294740200042725">
    <system-out></system-out>
    <testcase name="Test died too soon, even before plan. (186)" classname="spec_perl_TestBufferedStruct_t" time="0.0294740200042725">
      <failure message="The test suite died before a plan was produced. You need to have a plan." type="Plan">No plan</failure>
    </testcase>
  </testsuite>
  <testsuite name="spec_perl_TestNavParentOverride_t" errors="1" failures="0" skipped="0" tests="0" time="0.028350830078125">
    <system-out></system-out>
    <testcase name="Test died too soon, even before plan. (187)" classname="spec_perl_TestNavParentOverride_t" time="0.028350830078125">
      <failure message="The test suite died before a plan was produced. You need to have a plan." type="Plan">No plan</failure>
    </testcase>
  </testsuite>
  <testsuite name="spec_perl_TestEnumIntRangeS_t" errors="1" failures="0" skipped="0" tests="0" time="0.0290939807891846">
    <system-out></system-out>
    <testcase name="Test died too soon, even before plan. (188)" classname="spec_perl_TestEnumIntRangeS_t" time="0.0290939807891846">
      <failure message="The test suite died before a plan was produced. You need to have a plan." type="Plan">No plan</failure>
    </testcase>
  </testsuite>
  <testsuite name="spec_perl_TestDefaultBigEndian_t" errors="1" failures="0" skipped="0" tests="0" time="0.0293018817901611">
    <system-out></system-out>
    <testcase name="Test died too soon, even before plan. (189)" classname="spec_perl_TestDefaultBigEndian_t" time="0.0293018817901611">
      <failure message="The test suite died before a plan was produced. You need to have a plan." type="Plan">No plan</failure>
    </testcase>
  </testsuite>
  <testsuite name="spec_perl_TestBitsUnalignedB64Be_t" errors="1" failures="0" skipped="0" tests="0" time="0.0287899971008301">
    <system-out></system-out>
    <testcase name="Test died too soon, even before plan. (190)" classname="spec_perl_TestBitsUnalignedB64Be_t" time="0.0287899971008301">
      <failure message="The test suite died before a plan was produced. You need to have a plan." type="Plan">No plan</failure>
    </testcase>
  </testsuite>
  <testsuite name="spec_perl_TestBitsUnalignedB64Le_t" errors="1" failures="0" skipped="0" tests="0" time="0.0296039581298828">
    <system-out></system-out>
    <testcase name="Test died too soon, even before plan. (191)" classname="spec_perl_TestBitsUnalignedB64Le_t" time="0.0296039581298828">
      <failure message="The test suite died before a plan was produced. You need to have a plan." type="Plan">No plan</failure>
    </testcase>
  </testsuite>
  <testsuite name="spec_perl_TestSwitchIntegers2_t" errors="1" failures="0" skipped="0" tests="0" time="0.0285909175872803">
    <system-out></system-out>
    <testcase name="Test died too soon, even before plan. (192)" classname="spec_perl_TestSwitchIntegers2_t" time="0.0285909175872803">
      <failure message="The test suite died before a plan was produced. You need to have a plan." type="Plan">No plan</failure>
    </testcase>
  </testsuite>
  <testsuite name="spec_perl_TestPositionInSeq_t" errors="1" failures="0" skipped="0" tests="0" time="0.0293660163879395">
    <system-out></system-out>
    <testcase name="Test died too soon, even before plan. (193)" classname="spec_perl_TestPositionInSeq_t" time="0.0293660163879395">
      <failure message="The test suite died before a plan was produced. You need to have a plan." type="Plan">No plan</failure>
    </testcase>
  </testsuite>
  <testsuite name="spec_perl_TestEnum1_t" errors="1" failures="0" skipped="0" tests="0" time="0.0294229984283447">
    <system-out></system-out>
    <testcase name="Test died too soon, even before plan. (194)" classname="spec_perl_TestEnum1_t" time="0.0294229984283447">
      <failure message="The test suite died before a plan was produced. You need to have a plan." type="Plan">No plan</failure>
    </testcase>
  </testsuite>
  <testsuite name="spec_perl_TestDocstringsDocref_t" errors="1" failures="0" skipped="0" tests="0" time="0.0286149978637695">
    <system-out></system-out>
    <testcase name="Test died too soon, even before plan. (195)" classname="spec_perl_TestDocstringsDocref_t" time="0.0286149978637695">
      <failure message="The test suite died before a plan was produced. You need to have a plan." type="Plan">No plan</failure>
    </testcase>
  </testsuite>
  <testsuite name="spec_perl_TestEnumDeepLiterals_t" errors="1" failures="0" skipped="0" tests="0" time="0.0285110473632812">
    <system-out></system-out>
    <testcase name="Test died too soon, even before plan. (196)" classname="spec_perl_TestEnumDeepLiterals_t" time="0.0285110473632812">
      <failure message="The test suite died before a plan was produced. You need to have a plan." type="Plan">No plan</failure>
    </testcase>
  </testsuite>
  <testsuite name="spec_perl_TestNavParentFalse_t" errors="1" failures="0" skipped="0" tests="0" time="0.0283541679382324">
    <system-out></system-out>
    <testcase name="Test died too soon, even before plan. (197)" classname="spec_perl_TestNavParentFalse_t" time="0.0283541679382324">
      <failure message="The test suite died before a plan was produced. You need to have a plan." type="Plan">No plan</failure>
    </testcase>
  </testsuite>
  <testsuite name="spec_perl_TestUserType_t" errors="1" failures="0" skipped="0" tests="0" time="0.0286948680877686">
    <system-out></system-out>
    <testcase name="Test died too soon, even before plan. (198)" classname="spec_perl_TestUserType_t" time="0.0286948680877686">
      <failure message="The test suite died before a plan was produced. You need to have a plan." type="Plan">No plan</failure>
    </testcase>
  </testsuite>
  <testsuite name="spec_perl_TestDocstrings_t" errors="1" failures="0" skipped="0" tests="0" time="0.0289349555969238">
    <system-out></system-out>
    <testcase name="Test died too soon, even before plan. (199)" classname="spec_perl_TestDocstrings_t" time="0.0289349555969238">
      <failure message="The test suite died before a plan was produced. You need to have a plan." type="Plan">No plan</failure>
    </testcase>
  </testsuite>
  <testsuite name="spec_perl_TestNestedTypeParam_t" errors="1" failures="0" skipped="0" tests="0" time="0.0279381275177002">
    <system-out></system-out>
    <testcase name="Test died too soon, even before plan. (200)" classname="spec_perl_TestNestedTypeParam_t" time="0.0279381275177002">
      <failure message="The test suite died before a plan was produced. You need to have a plan." type="Plan">No plan</failure>
    </testcase>
  </testsuite>
  <testsuite name="spec_perl_TestImports0_t" errors="1" failures="0" skipped="0" tests="0" time="0.0289859771728516">
    <system-out></system-out>
    <testcase name="Test died too soon, even before plan. (201)" classname="spec_perl_TestImports0_t" time="0.0289859771728516">
      <failure message="The test suite died before a plan was produced. You need to have a plan." type="Plan">No plan</failure>
    </testcase>
  </testsuite>
  <testsuite name="spec_perl_TestNavParentVsValueInst_t" errors="1" failures="0" skipped="0" tests="0" time="0.0286891460418701">
    <system-out></system-out>
    <testcase name="Test died too soon, even before plan. (202)" classname="spec_perl_TestNavParentVsValueInst_t" time="0.0286891460418701">
      <failure message="The test suite died before a plan was produced. You need to have a plan." type="Plan">No plan</failure>
    </testcase>
  </testsuite>
  <testsuite name="spec_perl_TestNavParentFalse2_t" errors="1" failures="0" skipped="0" tests="0" time="0.0285909175872803">
    <system-out></system-out>
    <testcase name="Test died too soon, even before plan. (203)" classname="spec_perl_TestNavParentFalse2_t" time="0.0285909175872803">
      <failure message="The test suite died before a plan was produced. You need to have a plan." type="Plan">No plan</failure>
    </testcase>
  </testsuite>
  <testsuite name="spec_perl_TestParamsPassUsertype_t" errors="1" failures="0" skipped="0" tests="0" time="0.0305459499359131">
    <system-out></system-out>
    <testcase name="Test died too soon, even before plan. (204)" classname="spec_perl_TestParamsPassUsertype_t" time="0.0305459499359131">
      <failure message="The test suite died before a plan was produced. You need to have a plan." type="Plan">No plan</failure>
    </testcase>
  </testsuite>
  <testsuite name="spec_perl_TestExprCalcArrayOps_t" errors="1" failures="0" skipped="0" tests="0" time="0.0284068584442139">
    <system-out></system-out>
    <testcase name="Test died too soon, even before plan. (205)" classname="spec_perl_TestExprCalcArrayOps_t" time="0.0284068584442139">
      <failure message="The test suite died before a plan was produced. You need to have a plan." type="Plan">No plan</failure>
    </testcase>
  </testsuite>
  <testsuite name="spec_perl_TestCombineBytes_t" errors="1" failures="0" skipped="0" tests="0" time="0.029447078704834">
    <system-out></system-out>
    <testcase name="Test died too soon, even before plan. (206)" classname="spec_perl_TestCombineBytes_t" time="0.029447078704834">
      <failure message="The test suite died before a plan was produced. You need to have a plan." type="Plan">No plan</failure>
    </testcase>
  </testsuite>
  <testsuite name="spec_perl_TestExpr1_t" errors="1" failures="0" skipped="0" tests="0" time="0.0282459259033203">
    <system-out></system-out>
    <testcase name="Test died too soon, even before plan. (207)" classname="spec_perl_TestExpr1_t" time="0.0282459259033203">
      <failure message="The test suite died before a plan was produced. You need to have a plan." type="Plan">No plan</failure>
    </testcase>
  </testsuite>
  <testsuite name="spec_perl_TestBitsByteAligned_t" errors="1" failures="0" skipped="0" tests="0" time="0.0311980247497559">
    <system-out></system-out>
    <testcase name="Test died too soon, even before plan. (208)" classname="spec_perl_TestBitsByteAligned_t" time="0.0311980247497559">
      <failure message="The test suite died before a plan was produced. You need to have a plan." type="Plan">No plan</failure>
    </testcase>
  </testsuite>
  <testsuite name="spec_perl_TestInstanceStdArray_t" errors="1" failures="0" skipped="0" tests="0" time="0.0296378135681152">
    <system-out></system-out>
    <testcase name="Test died too soon, even before plan. (209)" classname="spec_perl_TestInstanceStdArray_t" time="0.0296378135681152">
      <failure message="The test suite died before a plan was produced. You need to have a plan." type="Plan">No plan</failure>
    </testcase>
  </testsuite>
  <testsuite name="spec_perl_TestRepeatEosStruct_t" errors="1" failures="0" skipped="0" tests="0" time="0.0289928913116455">
    <system-out></system-out>
    <testcase name="Test died too soon, even before plan. (210)" classname="spec_perl_TestRepeatEosStruct_t" time="0.0289928913116455">
      <failure message="The test suite died before a plan was produced. You need to have a plan." type="Plan">No plan</failure>
    </testcase>
  </testsuite>
  <testsuite name="spec_perl_TestOptionalId_t" errors="1" failures="0" skipped="0" tests="0" time="0.0279061794281006">
    <system-out></system-out>
    <testcase name="Test died too soon, even before plan. (211)" classname="spec_perl_TestOptionalId_t" time="0.0279061794281006">
      <failure message="The test suite died before a plan was produced. You need to have a plan." type="Plan">No plan</failure>
    </testcase>
  </testsuite>
  <testsuite name="spec_perl_TestNavParent_t" errors="1" failures="0" skipped="0" tests="0" time="0.0279121398925781">
    <system-out></system-out>
    <testcase name="Test died too soon, even before plan. (212)" classname="spec_perl_TestNavParent_t" time="0.0279121398925781">
      <failure message="The test suite died before a plan was produced. You need to have a plan." type="Plan">No plan</failure>
    </testcase>
  </testsuite>
  <testsuite name="spec_perl_TestDefaultEndianExprIsBe_t" errors="1" failures="0" skipped="0" tests="0" time="0.0291049480438232">
    <system-out></system-out>
    <testcase name="Test died too soon, even before plan. (213)" classname="spec_perl_TestDefaultEndianExprIsBe_t" time="0.0291049480438232">
      <failure message="The test suite died before a plan was produced. You need to have a plan." type="Plan">No plan</failure>
    </testcase>
  </testsuite>
  <testsuite name="spec_perl_TestValidOptionalId_t" errors="1" failures="0" skipped="0" tests="0" time="0.0281229019165039">
    <system-out></system-out>
    <testcase name="Test died too soon, even before plan. (214)" classname="spec_perl_TestValidOptionalId_t" time="0.0281229019165039">
      <failure message="The test suite died before a plan was produced. You need to have a plan." type="Plan">No plan</failure>
    </testcase>
  </testsuite>
  <testsuite name="spec_perl_TestEnumToIInvalid_t" errors="1" failures="0" skipped="0" tests="0" time="0.0290420055389404">
    <system-out></system-out>
    <testcase name="Test died too soon, even before plan. (215)" classname="spec_perl_TestEnumToIInvalid_t" time="0.0290420055389404">
      <failure message="The test suite died before a plan was produced. You need to have a plan." type="Plan">No plan</failure>
    </testcase>
  </testsuite>
  <testsuite name="spec_perl_TestSwitchManualIntSizeEos_t" errors="1" failures="0" skipped="0" tests="0" time="0.0287201404571533">
    <system-out></system-out>
    <testcase name="Test died too soon, even before plan. (216)" classname="spec_perl_TestSwitchManualIntSizeEos_t" time="0.0287201404571533">
      <failure message="The test suite died before a plan was produced. You need to have a plan." type="Plan">No plan</failure>
    </testcase>
  </testsuite>
</testsuites>
