<?xml version='1.0' encoding='utf-8'?>
<testsuites>
  <testsuite name="spec_perl_TestDefaultEndianExprInherited_t" errors="0" failures="0" skipped="0" tests="15" time="0.0839560031890869">
    <system-out>1..15
ok 1 - Equals
ok 2 - Equals
ok 3 - Equals
ok 4 - Equals
ok 5 - Equals
ok 6 - Equals
ok 7 - Equals
ok 8 - Equals
ok 9 - Equals
ok 10 - Equals
ok 11 - Equals
ok 12 - Equals
ok 13 - Equals
ok 14 - Equals
ok 15 - Equals
</system-out>
    <testcase name="Equals" classname="spec_perl_TestDefaultEndianExprInherited_t" time="0.000364065170288086" />
    <testcase name="Equals (2)" classname="spec_perl_TestDefaultEndianExprInherited_t" time="0.000156879425048828" />
    <testcase name="Equals (3)" classname="spec_perl_TestDefaultEndianExprInherited_t" time="0.000169992446899414" />
    <testcase name="Equals (4)" classname="spec_perl_TestDefaultEndianExprInherited_t" time="0.000172138214111328" />
    <testcase name="Equals (5)" classname="spec_perl_TestDefaultEndianExprInherited_t" time="0.000197887420654297" />
    <testcase name="Equals (6)" classname="spec_perl_TestDefaultEndianExprInherited_t" time="0.000190019607543945" />
    <testcase name="Equals (7)" classname="spec_perl_TestDefaultEndianExprInherited_t" time="0.000154972076416016" />
    <testcase name="Equals (8)" classname="spec_perl_TestDefaultEndianExprInherited_t" time="0.000173091888427734" />
    <testcase name="Equals (9)" classname="spec_perl_TestDefaultEndianExprInherited_t" time="0.000174999237060547" />
    <testcase name="Equals (10)" classname="spec_perl_TestDefaultEndianExprInherited_t" time="0.000185012817382812" />
    <testcase name="Equals (11)" classname="spec_perl_TestDefaultEndianExprInherited_t" time="0.000194072723388672" />
    <testcase name="Equals (12)" classname="spec_perl_TestDefaultEndianExprInherited_t" time="0.000156879425048828" />
    <testcase name="Equals (13)" classname="spec_perl_TestDefaultEndianExprInherited_t" time="0.000159978866577148" />
    <testcase name="Equals (14)" classname="spec_perl_TestDefaultEndianExprInherited_t" time="0.000162124633789062" />
    <testcase name="Equals (15)" classname="spec_perl_TestDefaultEndianExprInherited_t" time="0.00018000602722168" />
  </testsuite>
  <testsuite name="spec_perl_TestEnumDeepLiterals_t" errors="0" failures="0" skipped="0" tests="2" time="0.0878119468688965">
    <system-out>1..2
ok 1 - Equals
ok 2 - Equals
</system-out>
    <testcase name="Equals (16)" classname="spec_perl_TestEnumDeepLiterals_t" time="0.00024104118347168" />
    <testcase name="Equals (17)" classname="spec_perl_TestEnumDeepLiterals_t" time="0.000121116638183594" />
  </testsuite>
  <testsuite name="spec_perl_TestIntegers_t" errors="0" failures="0" skipped="0" tests="20" time="0.0893030166625977">
    <system-out>1..20
ok 1 - Equals
ok 2 - Equals
ok 3 - Equals
ok 4 - Equals
ok 5 - Equals
ok 6 - Equals
ok 7 - Equals
ok 8 - Equals
ok 9 - Equals
ok 10 - Equals
ok 11 - Equals
ok 12 - Equals
ok 13 - Equals
ok 14 - Equals
ok 15 - Equals
ok 16 - Equals
ok 17 - Equals
ok 18 - Equals
ok 19 - Equals
ok 20 - Equals
</system-out>
    <testcase name="Equals (18)" classname="spec_perl_TestIntegers_t" time="0.000251054763793945" />
    <testcase name="Equals (19)" classname="spec_perl_TestIntegers_t" time="0.000201940536499023" />
    <testcase name="Equals (20)" classname="spec_perl_TestIntegers_t" time="0.000244855880737305" />
    <testcase name="Equals (21)" classname="spec_perl_TestIntegers_t" time="0.000187158584594727" />
    <testcase name="Equals (22)" classname="spec_perl_TestIntegers_t" time="0.000181913375854492" />
    <testcase name="Equals (23)" classname="spec_perl_TestIntegers_t" time="0.000215053558349609" />
    <testcase name="Equals (24)" classname="spec_perl_TestIntegers_t" time="0.000195980072021484" />
    <testcase name="Equals (25)" classname="spec_perl_TestIntegers_t" time="0.000176906585693359" />
    <testcase name="Equals (26)" classname="spec_perl_TestIntegers_t" time="0.000181198120117188" />
    <testcase name="Equals (27)" classname="spec_perl_TestIntegers_t" time="0.000173807144165039" />
    <testcase name="Equals (28)" classname="spec_perl_TestIntegers_t" time="0.000169038772583008" />
    <testcase name="Equals (29)" classname="spec_perl_TestIntegers_t" time="0.000187158584594727" />
    <testcase name="Equals (30)" classname="spec_perl_TestIntegers_t" time="0.000163793563842773" />
    <testcase name="Equals (31)" classname="spec_perl_TestIntegers_t" time="0.000164985656738281" />
    <testcase name="Equals (32)" classname="spec_perl_TestIntegers_t" time="0.000178098678588867" />
    <testcase name="Equals (33)" classname="spec_perl_TestIntegers_t" time="0.000168085098266602" />
    <testcase name="Equals (34)" classname="spec_perl_TestIntegers_t" time="0.000164985656738281" />
    <testcase name="Equals (35)" classname="spec_perl_TestIntegers_t" time="0.000172853469848633" />
    <testcase name="Equals (36)" classname="spec_perl_TestIntegers_t" time="0.000161170959472656" />
    <testcase name="Equals (37)" classname="spec_perl_TestIntegers_t" time="0.000175952911376953" />
  </testsuite>
  <testsuite name="spec_perl_TestOpaqueExternalType02Parent_t" errors="0" failures="0" skipped="0" tests="3" time="0.0871591567993164">
    <system-out>1..3
ok 1 - Equals
ok 2 - Equals
ok 3 - Equals
</system-out>
    <testcase name="Equals (38)" classname="spec_perl_TestOpaqueExternalType02Parent_t" time="0.0004119873046875" />
    <testcase name="Equals (39)" classname="spec_perl_TestOpaqueExternalType02Parent_t" time="0.000123977661132812" />
    <testcase name="Equals (40)" classname="spec_perl_TestOpaqueExternalType02Parent_t" time="0.000178098678588867" />
  </testsuite>
  <testsuite name="spec_perl_TestRepeatUntilSized_t" errors="0" failures="0" skipped="0" tests="7" time="0.0821919441223145">
    <system-out>1..7
ok 1 - Equals
ok 2 - Equals
ok 3 - Equals
ok 4 - Equals
ok 5 - Equals
ok 6 - Equals
ok 7 - Equals
</system-out>
    <testcase name="Equals (41)" classname="spec_perl_TestRepeatUntilSized_t" time="0.000635147094726562" />
    <testcase name="Equals (42)" classname="spec_perl_TestRepeatUntilSized_t" time="8.29696655273438e-05" />
    <testcase name="Equals (43)" classname="spec_perl_TestRepeatUntilSized_t" time="0.000217914581298828" />
    <testcase name="Equals (44)" classname="spec_perl_TestRepeatUntilSized_t" time="0.000164031982421875" />
    <testcase name="Equals (45)" classname="spec_perl_TestRepeatUntilSized_t" time="0.000201940536499023" />
    <testcase name="Equals (46)" classname="spec_perl_TestRepeatUntilSized_t" time="0.000196218490600586" />
    <testcase name="Equals (47)" classname="spec_perl_TestRepeatUntilSized_t" time="0.000174999237060547" />
  </testsuite>
  <testsuite name="spec_perl_TestRepeatEosU4_t" errors="0" failures="0" skipped="0" tests="1" time="0.0810990333557129">
    <system-out>1..1
ok 1 - Equals
</system-out>
    <testcase name="Equals (48)" classname="spec_perl_TestRepeatEosU4_t" time="0.000164985656738281" />
  </testsuite>
  <testsuite name="spec_perl_TestEofExceptionBytes_t" errors="0" failures="0" skipped="0" tests="1" time="0.0875561237335205">
    <system-out>1..1
ok 1 - threw /^Requested \d+ bytes, but only \d+ bytes available/
</system-out>
    <testcase name="threw /^Requested \d+ bytes, but only \d+ bytes available/ (48)" classname="spec_perl_TestEofExceptionBytes_t" time="0.000154018402099609" />
  </testsuite>
  <testsuite name="spec_perl_TestFloatToI_t" errors="0" failures="0" skipped="0" tests="8" time="0.0862479209899902">
    <system-out>1..8
ok 1 - Approx equals
ok 2 - Approx equals
ok 3 - Equals
ok 4 - Equals
ok 5 - Equals
ok 6 - Equals
ok 7 - Equals
ok 8 - Equals
</system-out>
    <testcase name="Approx equals (48)" classname="spec_perl_TestFloatToI_t" time="0.000159978866577148" />
    <testcase name="Approx equals (49)" classname="spec_perl_TestFloatToI_t" time="7.39097595214844e-05" />
    <testcase name="Equals (49)" classname="spec_perl_TestFloatToI_t" time="0.000427007675170898" />
    <testcase name="Equals (50)" classname="spec_perl_TestFloatToI_t" time="6.00814819335938e-05" />
    <testcase name="Equals (51)" classname="spec_perl_TestFloatToI_t" time="0.000287055969238281" />
    <testcase name="Equals (52)" classname="spec_perl_TestFloatToI_t" time="0.000222921371459961" />
    <testcase name="Equals (53)" classname="spec_perl_TestFloatToI_t" time="0.0002288818359375" />
    <testcase name="Equals (54)" classname="spec_perl_TestFloatToI_t" time="0.000212192535400391" />
  </testsuite>
  <testsuite name="spec_perl_TestBitsUnalignedB64Le_t" errors="0" failures="0" skipped="0" tests="3" time="0.0905158519744873">
    <system-out>1..3
ok 1 - Equals
ok 2 - Equals
ok 3 - Equals
</system-out>
    <testcase name="Equals (55)" classname="spec_perl_TestBitsUnalignedB64Le_t" time="0.00020289421081543" />
    <testcase name="Equals (56)" classname="spec_perl_TestBitsUnalignedB64Le_t" time="0.000144004821777344" />
    <testcase name="Equals (57)" classname="spec_perl_TestBitsUnalignedB64Le_t" time="0.000173091888427734" />
  </testsuite>
  <testsuite name="spec_perl_TestNestedTypes3_t" errors="0" failures="0" skipped="0" tests="5" time="0.084312915802002">
    <system-out>1..5
ok 1 - Equals
ok 2 - Equals
ok 3 - Equals
ok 4 - Equals
ok 5 - Equals
</system-out>
    <testcase name="Equals (58)" classname="spec_perl_TestNestedTypes3_t" time="0.000333070755004883" />
    <testcase name="Equals (59)" classname="spec_perl_TestNestedTypes3_t" time="9.48905944824219e-05" />
    <testcase name="Equals (60)" classname="spec_perl_TestNestedTypes3_t" time="0.000165939331054688" />
    <testcase name="Equals (61)" classname="spec_perl_TestNestedTypes3_t" time="0.000171184539794922" />
    <testcase name="Equals (62)" classname="spec_perl_TestNestedTypes3_t" time="0.000351905822753906" />
  </testsuite>
  <testsuite name="spec_perl_TestValidLong_t" errors="0" failures="0" skipped="1" tests="1" time="0.0893261432647705">
    <system-out>1..1
ok 1 # skip ValidLong=HASH(0x55873a5aeef8)
</system-out>
    <testcase name="Unnamed test case 62" classname="spec_perl_TestValidLong_t" time="0.00141000747680664">
      <skipped message="ok 1 # skip ValidLong=HASH(0x55873a5aeef8)" />
    </testcase>
  </testsuite>
  <testsuite name="spec_perl_TestExprBytesNonLiteral_t" errors="0" failures="0" skipped="0" tests="3" time="0.0801198482513428">
    <system-out>1..3
ok 1 - Equals
ok 2 - Equals
ok 3 - Equals
</system-out>
    <testcase name="Equals (63)" classname="spec_perl_TestExprBytesNonLiteral_t" time="0.000234127044677734" />
    <testcase name="Equals (64)" classname="spec_perl_TestExprBytesNonLiteral_t" time="0.000196933746337891" />
    <testcase name="Equals (65)" classname="spec_perl_TestExprBytesNonLiteral_t" time="0.000128984451293945" />
  </testsuite>
  <testsuite name="spec_perl_TestSwitchBytearray_t" errors="0" failures="0" skipped="0" tests="9" time="0.0906131267547607">
    <system-out>1..9
ok 1 - Equals
ok 2 - Equals
ok 3 - Equals
ok 4 - Equals
ok 5 - Equals
ok 6 - Equals
ok 7 - Equals
ok 8 - Equals
ok 9 - Equals
</system-out>
    <testcase name="Equals (66)" classname="spec_perl_TestSwitchBytearray_t" time="0.000342845916748047" />
    <testcase name="Equals (67)" classname="spec_perl_TestSwitchBytearray_t" time="0.000152111053466797" />
    <testcase name="Equals (68)" classname="spec_perl_TestSwitchBytearray_t" time="0.00018310546875" />
    <testcase name="Equals (69)" classname="spec_perl_TestSwitchBytearray_t" time="0.000181913375854492" />
    <testcase name="Equals (70)" classname="spec_perl_TestSwitchBytearray_t" time="0.000171899795532227" />
    <testcase name="Equals (71)" classname="spec_perl_TestSwitchBytearray_t" time="0.000174999237060547" />
    <testcase name="Equals (72)" classname="spec_perl_TestSwitchBytearray_t" time="0.000161170959472656" />
    <testcase name="Equals (73)" classname="spec_perl_TestSwitchBytearray_t" time="0.000162839889526367" />
    <testcase name="Equals (74)" classname="spec_perl_TestSwitchBytearray_t" time="0.000167131423950195" />
  </testsuite>
  <testsuite name="spec_perl_TestTypeIntUnaryOp_t" errors="0" failures="0" skipped="0" tests="4" time="0.0789051055908203">
    <system-out>1..4
ok 1 - Equals
ok 2 - Equals
ok 3 - Equals
ok 4 - Equals
</system-out>
    <testcase name="Equals (75)" classname="spec_perl_TestTypeIntUnaryOp_t" time="0.000407934188842773" />
    <testcase name="Equals (76)" classname="spec_perl_TestTypeIntUnaryOp_t" time="0.000128030776977539" />
    <testcase name="Equals (77)" classname="spec_perl_TestTypeIntUnaryOp_t" time="4.50611114501953e-05" />
    <testcase name="Equals (78)" classname="spec_perl_TestTypeIntUnaryOp_t" time="8.79764556884766e-05" />
  </testsuite>
  <testsuite name="spec_perl_TestBitsSignedShiftB64Le_t" errors="0" failures="0" skipped="0" tests="2" time="0.081244945526123">
    <system-out>1..2
ok 1 - Equals
ok 2 - Equals
</system-out>
    <testcase name="Equals (79)" classname="spec_perl_TestBitsSignedShiftB64Le_t" time="0.000216960906982422" />
    <testcase name="Equals (80)" classname="spec_perl_TestBitsSignedShiftB64Le_t" time="0.000131845474243164" />
  </testsuite>
  <testsuite name="spec_perl_TestNestedTypes_t" errors="0" failures="0" skipped="0" tests="3" time="0.0824768543243408">
    <system-out>1..3
ok 1 - Equals
ok 2 - Equals
ok 3 - Equals
</system-out>
    <testcase name="Equals (81)" classname="spec_perl_TestNestedTypes_t" time="0.000285148620605469" />
    <testcase name="Equals (82)" classname="spec_perl_TestNestedTypes_t" time="0.000161886215209961" />
    <testcase name="Equals (83)" classname="spec_perl_TestNestedTypes_t" time="0.000178098678588867" />
  </testsuite>
  <testsuite name="spec_perl_TestIntegersMinMax_t" errors="0" failures="0" skipped="0" tests="28" time="0.0934858322143555">
    <system-out>1..28
ok 1 - Equals
ok 2 - Equals
ok 3 - Equals
ok 4 - Equals
ok 5 - Equals
ok 6 - Equals
ok 7 - Equals
ok 8 - Equals
ok 9 - Equals
ok 10 - Equals
ok 11 - Equals
ok 12 - Equals
ok 13 - Equals
ok 14 - Equals
ok 15 - Equals
ok 16 - Equals
ok 17 - Equals
ok 18 - Equals
ok 19 - Equals
ok 20 - Equals
ok 21 - Equals
ok 22 - Equals
ok 23 - Equals
ok 24 - Equals
ok 25 - Equals
ok 26 - Equals
ok 27 - Equals
ok 28 - Equals
</system-out>
    <testcase name="Equals (84)" classname="spec_perl_TestIntegersMinMax_t" time="0.000404119491577148" />
    <testcase name="Equals (85)" classname="spec_perl_TestIntegersMinMax_t" time="8.60691070556641e-05" />
    <testcase name="Equals (86)" classname="spec_perl_TestIntegersMinMax_t" time="0.000190973281860352" />
    <testcase name="Equals (87)" classname="spec_perl_TestIntegersMinMax_t" time="0.0001678466796875" />
    <testcase name="Equals (88)" classname="spec_perl_TestIntegersMinMax_t" time="0.000174999237060547" />
    <testcase name="Equals (89)" classname="spec_perl_TestIntegersMinMax_t" time="0.000173091888427734" />
    <testcase name="Equals (90)" classname="spec_perl_TestIntegersMinMax_t" time="0.000211954116821289" />
    <testcase name="Equals (91)" classname="spec_perl_TestIntegersMinMax_t" time="0.000515937805175781" />
    <testcase name="Equals (92)" classname="spec_perl_TestIntegersMinMax_t" time="9.10758972167969e-05" />
    <testcase name="Equals (93)" classname="spec_perl_TestIntegersMinMax_t" time="0.000247955322265625" />
    <testcase name="Equals (94)" classname="spec_perl_TestIntegersMinMax_t" time="0.000600099563598633" />
    <testcase name="Equals (95)" classname="spec_perl_TestIntegersMinMax_t" time="0.000321865081787109" />
    <testcase name="Equals (96)" classname="spec_perl_TestIntegersMinMax_t" time="0.000458002090454102" />
    <testcase name="Equals (97)" classname="spec_perl_TestIntegersMinMax_t" time="0.000141143798828125" />
    <testcase name="Equals (98)" classname="spec_perl_TestIntegersMinMax_t" time="0.00306296348571777" />
    <testcase name="Equals (99)" classname="spec_perl_TestIntegersMinMax_t" time="5.79357147216797e-05" />
    <testcase name="Equals (100)" classname="spec_perl_TestIntegersMinMax_t" time="4.10079956054688e-05" />
    <testcase name="Equals (101)" classname="spec_perl_TestIntegersMinMax_t" time="3.814697265625e-05" />
    <testcase name="Equals (102)" classname="spec_perl_TestIntegersMinMax_t" time="3.79085540771484e-05" />
    <testcase name="Equals (103)" classname="spec_perl_TestIntegersMinMax_t" time="6.103515625e-05" />
    <testcase name="Equals (104)" classname="spec_perl_TestIntegersMinMax_t" time="3.79085540771484e-05" />
    <testcase name="Equals (105)" classname="spec_perl_TestIntegersMinMax_t" time="4.50611114501953e-05" />
    <testcase name="Equals (106)" classname="spec_perl_TestIntegersMinMax_t" time="3.88622283935547e-05" />
    <testcase name="Equals (107)" classname="spec_perl_TestIntegersMinMax_t" time="3.40938568115234e-05" />
    <testcase name="Equals (108)" classname="spec_perl_TestIntegersMinMax_t" time="3.40938568115234e-05" />
    <testcase name="Equals (109)" classname="spec_perl_TestIntegersMinMax_t" time="3.38554382324219e-05" />
    <testcase name="Equals (110)" classname="spec_perl_TestIntegersMinMax_t" time="3.19480895996094e-05" />
    <testcase name="Equals (111)" classname="spec_perl_TestIntegersMinMax_t" time="3.50475311279297e-05" />
  </testsuite>
  <testsuite name="spec_perl_TestNestedSameName_t" errors="0" failures="0" skipped="0" tests="2" time="0.0922060012817383">
    <system-out>1..2
ok 1 - Equals
ok 2 - Equals
</system-out>
    <testcase name="Equals (112)" classname="spec_perl_TestNestedSameName_t" time="0.000133037567138672" />
    <testcase name="Equals (113)" classname="spec_perl_TestNestedSameName_t" time="6.00814819335938e-05" />
  </testsuite>
  <testsuite name="spec_perl_TestStrEos_t" errors="0" failures="0" skipped="0" tests="1" time="0.0868179798126221">
    <system-out>1..1
ok 1 - Equals
</system-out>
    <testcase name="Equals (114)" classname="spec_perl_TestStrEos_t" time="0.000288009643554688" />
  </testsuite>
  <testsuite name="spec_perl_TestTermU1Val_t" errors="0" failures="0" skipped="0" tests="2" time="0.0898349285125732">
    <system-out>1..2
ok 1 - Equals
ok 2 - Equals
</system-out>
    <testcase name="Equals (115)" classname="spec_perl_TestTermU1Val_t" time="0.000304222106933594" />
    <testcase name="Equals (116)" classname="spec_perl_TestTermU1Val_t" time="0.000138998031616211" />
  </testsuite>
  <testsuite name="spec_perl_TestEnumIf_t" errors="0" failures="0" skipped="0" tests="7" time="0.104501962661743">
    <system-out>1..7
ok 1 - Equals
ok 2 - Equals
ok 3 - Equals
ok 4 - Equals
ok 5 - Equals
ok 6 - Equals
ok 7 - Equals
</system-out>
    <testcase name="Equals (117)" classname="spec_perl_TestEnumIf_t" time="0.00036311149597168" />
    <testcase name="Equals (118)" classname="spec_perl_TestEnumIf_t" time="0.000159978866577148" />
    <testcase name="Equals (119)" classname="spec_perl_TestEnumIf_t" time="0.000401020050048828" />
    <testcase name="Equals (120)" classname="spec_perl_TestEnumIf_t" time="4.57763671875e-05" />
    <testcase name="Equals (121)" classname="spec_perl_TestEnumIf_t" time="6.41345977783203e-05" />
    <testcase name="Equals (122)" classname="spec_perl_TestEnumIf_t" time="0.000171899795532227" />
    <testcase name="Equals (123)" classname="spec_perl_TestEnumIf_t" time="0.000169038772583008" />
  </testsuite>
  <testsuite name="spec_perl_TestRepeatUntilCalcArrayType_t" errors="0" failures="0" skipped="0" tests="7" time="0.0841019153594971">
    <system-out>1..7
ok 1 - Equals
ok 2 - Equals
ok 3 - Equals
ok 4 - Equals
ok 5 - Equals
ok 6 - Equals
ok 7 - Equals
</system-out>
    <testcase name="Equals (124)" classname="spec_perl_TestRepeatUntilCalcArrayType_t" time="0.000683069229125977" />
    <testcase name="Equals (125)" classname="spec_perl_TestRepeatUntilCalcArrayType_t" time="8.48770141601562e-05" />
    <testcase name="Equals (126)" classname="spec_perl_TestRepeatUntilCalcArrayType_t" time="0.000174045562744141" />
    <testcase name="Equals (127)" classname="spec_perl_TestRepeatUntilCalcArrayType_t" time="0.000185012817382812" />
    <testcase name="Equals (128)" classname="spec_perl_TestRepeatUntilCalcArrayType_t" time="0.000307083129882812" />
    <testcase name="Equals (129)" classname="spec_perl_TestRepeatUntilCalcArrayType_t" time="0.000174045562744141" />
    <testcase name="Equals (130)" classname="spec_perl_TestRepeatUntilCalcArrayType_t" time="0.000310897827148438" />
  </testsuite>
  <testsuite name="spec_perl_TestExpr3_t" errors="0" failures="0" skipped="0" tests="12" time="0.085507869720459">
    <system-out>1..12
ok 1 - Equals
ok 2 - Equals
ok 3 - Equals
ok 4 - Equals
ok 5 - Equals
ok 6 - Equals
ok 7 - Equals
ok 8 - Equals
ok 9 - Equals
ok 10 - Equals
ok 11 - Equals
ok 12 - Equals
</system-out>
    <testcase name="Equals (131)" classname="spec_perl_TestExpr3_t" time="0.000258922576904297" />
    <testcase name="Equals (132)" classname="spec_perl_TestExpr3_t" time="0.000115156173706055" />
    <testcase name="Equals (133)" classname="spec_perl_TestExpr3_t" time="0.000172853469848633" />
    <testcase name="Equals (134)" classname="spec_perl_TestExpr3_t" time="0.000159978866577148" />
    <testcase name="Equals (135)" classname="spec_perl_TestExpr3_t" time="0.000153064727783203" />
    <testcase name="Equals (136)" classname="spec_perl_TestExpr3_t" time="0.000320911407470703" />
    <testcase name="Equals (137)" classname="spec_perl_TestExpr3_t" time="7.00950622558594e-05" />
    <testcase name="Equals (138)" classname="spec_perl_TestExpr3_t" time="8.10623168945312e-05" />
    <testcase name="Equals (139)" classname="spec_perl_TestExpr3_t" time="0.00014495849609375" />
    <testcase name="Equals (140)" classname="spec_perl_TestExpr3_t" time="0.000144004821777344" />
    <testcase name="Equals (141)" classname="spec_perl_TestExpr3_t" time="0.000144004821777344" />
    <testcase name="Equals (142)" classname="spec_perl_TestExpr3_t" time="0.000150918960571289" />
  </testsuite>
  <testsuite name="spec_perl_TestParamsEnum_t" errors="0" failures="1" skipped="0" tests="2" time="0.10736608505249">
    <system-out>1..2
ok 1 - Equals
not ok 2 - Equals
</system-out>
    <testcase name="Equals (143)" classname="spec_perl_TestParamsEnum_t" time="0.00355696678161621" />
    <testcase name="Equals (144)" classname="spec_perl_TestParamsEnum_t" time="7.10487365722656e-05">
      <failure message="not ok 2 - Equals" type="TAP::Parser::Result::Test"></failure>
    </testcase>
  </testsuite>
  <testsuite name="spec_perl_TestDebugEnumName_t" errors="1" failures="0" skipped="0" tests="0" time="0.0851588249206543">
    <system-out></system-out>
    <testcase name="Test died too soon, even before plan. (144)" classname="spec_perl_TestDebugEnumName_t" time="0.0851588249206543">
      <failure message="The test suite died before a plan was produced. You need to have a plan." type="Plan">No plan</failure>
    </testcase>
  </testsuite>
  <testsuite name="spec_perl_TestExprBytesCmp_t" errors="0" failures="0" skipped="0" tests="10" time="0.0820260047912598">
    <system-out>1..10
ok 1 - Equals
ok 2 - Equals
ok 3 - Equals
ok 4 - Equals
ok 5 - Equals
ok 6 - Equals
ok 7 - Equals
ok 8 - Equals
ok 9 - Equals
ok 10 - Equals
</system-out>
    <testcase name="Equals (145)" classname="spec_perl_TestExprBytesCmp_t" time="0.000214099884033203" />
    <testcase name="Equals (146)" classname="spec_perl_TestExprBytesCmp_t" time="0.000129938125610352" />
    <testcase name="Equals (147)" classname="spec_perl_TestExprBytesCmp_t" time="0.000152111053466797" />
    <testcase name="Equals (148)" classname="spec_perl_TestExprBytesCmp_t" time="0.000152826309204102" />
    <testcase name="Equals (149)" classname="spec_perl_TestExprBytesCmp_t" time="0.000152111053466797" />
    <testcase name="Equals (150)" classname="spec_perl_TestExprBytesCmp_t" time="0.000150918960571289" />
    <testcase name="Equals (151)" classname="spec_perl_TestExprBytesCmp_t" time="0.000193119049072266" />
    <testcase name="Equals (152)" classname="spec_perl_TestExprBytesCmp_t" time="0.00014185905456543" />
    <testcase name="Equals (153)" classname="spec_perl_TestExprBytesCmp_t" time="0.00014805793762207" />
    <testcase name="Equals (154)" classname="spec_perl_TestExprBytesCmp_t" time="0.000149965286254883" />
  </testsuite>
  <testsuite name="spec_perl_TestSwitchIntegers2_t" errors="0" failures="0" skipped="0" tests="5" time="0.0845088958740234">
    <system-out>1..5
ok 1 - Equals
ok 2 - Equals
ok 3 - Equals
ok 4 - Equals
ok 5 - Equals
</system-out>
    <testcase name="Equals (155)" classname="spec_perl_TestSwitchIntegers2_t" time="0.000232219696044922" />
    <testcase name="Equals (156)" classname="spec_perl_TestSwitchIntegers2_t" time="0.000157833099365234" />
    <testcase name="Equals (157)" classname="spec_perl_TestSwitchIntegers2_t" time="0.000169038772583008" />
    <testcase name="Equals (158)" classname="spec_perl_TestSwitchIntegers2_t" time="0.000217914581298828" />
    <testcase name="Equals (159)" classname="spec_perl_TestSwitchIntegers2_t" time="0.000177145004272461" />
  </testsuite>
  <testsuite name="spec_perl_TestRecursiveOne_t" errors="0" failures="0" skipped="0" tests="4" time="0.0796740055084229">
    <system-out>1..4
ok 1 - Equals
ok 2 - Equals
ok 3 - Equals
ok 4 - Equals
</system-out>
    <testcase name="Equals (160)" classname="spec_perl_TestRecursiveOne_t" time="0.000236988067626953" />
    <testcase name="Equals (161)" classname="spec_perl_TestRecursiveOne_t" time="0.000174999237060547" />
    <testcase name="Equals (162)" classname="spec_perl_TestRecursiveOne_t" time="0.000302791595458984" />
    <testcase name="Equals (163)" classname="spec_perl_TestRecursiveOne_t" time="0.000170230865478516" />
  </testsuite>
  <testsuite name="spec_perl_TestIndexSizes_t" errors="0" failures="0" skipped="0" tests="7" time="0.0901730060577393">
    <system-out>1..7
ok 1 - Equals
ok 2 - Equals
ok 3 - Equals
ok 4 - Equals
ok 5 - Equals
ok 6 - Equals
ok 7 - Equals
</system-out>
    <testcase name="Equals (164)" classname="spec_perl_TestIndexSizes_t" time="0.000312089920043945" />
    <testcase name="Equals (165)" classname="spec_perl_TestIndexSizes_t" time="0.000138044357299805" />
    <testcase name="Equals (166)" classname="spec_perl_TestIndexSizes_t" time="0.000164985656738281" />
    <testcase name="Equals (167)" classname="spec_perl_TestIndexSizes_t" time="0.000174999237060547" />
    <testcase name="Equals (168)" classname="spec_perl_TestIndexSizes_t" time="0.000182867050170898" />
    <testcase name="Equals (169)" classname="spec_perl_TestIndexSizes_t" time="0.000207185745239258" />
    <testcase name="Equals (170)" classname="spec_perl_TestIndexSizes_t" time="0.000169038772583008" />
  </testsuite>
  <testsuite name="spec_perl_TestTypeTernaryOpaque_t" errors="0" failures="0" skipped="0" tests="3" time="0.0871438980102539">
    <system-out>1..3
ok 1 - Equals
ok 2 - Equals
ok 3 - Equals
</system-out>
    <testcase name="Equals (171)" classname="spec_perl_TestTypeTernaryOpaque_t" time="0.000678062438964844" />
    <testcase name="Equals (172)" classname="spec_perl_TestTypeTernaryOpaque_t" time="7.70092010498047e-05" />
    <testcase name="Equals (173)" classname="spec_perl_TestTypeTernaryOpaque_t" time="0.00018000602722168" />
  </testsuite>
  <testsuite name="spec_perl_TestSwitchManualEnumInvalid_t" errors="0" failures="0" skipped="0" tests="5" time="0.0950191020965576">
    <system-out>1..5
ok 1 - Equals
ok 2 - Equals
ok 3 - nil
ok 4 - Equals
ok 5 - nil
</system-out>
    <testcase name="Equals (174)" classname="spec_perl_TestSwitchManualEnumInvalid_t" time="0.000216007232666016" />
    <testcase name="Equals (175)" classname="spec_perl_TestSwitchManualEnumInvalid_t" time="0.000135898590087891" />
    <testcase name="nil (175)" classname="spec_perl_TestSwitchManualEnumInvalid_t" time="0.000496149063110352" />
    <testcase name="Equals (176)" classname="spec_perl_TestSwitchManualEnumInvalid_t" time="0.000184059143066406" />
    <testcase name="nil (176)" classname="spec_perl_TestSwitchManualEnumInvalid_t" time="0.00014185905456543" />
  </testsuite>
  <testsuite name="spec_perl_TestSwitchManualStrElse_t" errors="0" failures="0" skipped="0" tests="9" time="0.0880498886108398">
    <system-out>1..9
ok 1 - Equals
ok 2 - Equals
ok 3 - Equals
ok 4 - Equals
ok 5 - Equals
ok 6 - Equals
ok 7 - Equals
ok 8 - Equals
ok 9 - Equals
</system-out>
    <testcase name="Equals (177)" classname="spec_perl_TestSwitchManualStrElse_t" time="0.000344038009643555" />
    <testcase name="Equals (178)" classname="spec_perl_TestSwitchManualStrElse_t" time="0.000110149383544922" />
    <testcase name="Equals (179)" classname="spec_perl_TestSwitchManualStrElse_t" time="0.000233888626098633" />
    <testcase name="Equals (180)" classname="spec_perl_TestSwitchManualStrElse_t" time="0.000111103057861328" />
    <testcase name="Equals (181)" classname="spec_perl_TestSwitchManualStrElse_t" time="0.000166893005371094" />
    <testcase name="Equals (182)" classname="spec_perl_TestSwitchManualStrElse_t" time="0.000164031982421875" />
    <testcase name="Equals (183)" classname="spec_perl_TestSwitchManualStrElse_t" time="0.000174999237060547" />
    <testcase name="Equals (184)" classname="spec_perl_TestSwitchManualStrElse_t" time="0.000169038772583008" />
    <testcase name="Equals (185)" classname="spec_perl_TestSwitchManualStrElse_t" time="0.0001678466796875" />
  </testsuite>
  <testsuite name="spec_perl_TestNonStandard_t" errors="0" failures="0" skipped="0" tests="1" time="0.0805099010467529">
    <system-out>1..1
ok 1 - Equals
</system-out>
    <testcase name="Equals (186)" classname="spec_perl_TestNonStandard_t" time="0.00100302696228027" />
  </testsuite>
  <testsuite name="spec_perl_TestHelloWorld_t" errors="0" failures="0" skipped="0" tests="1" time="0.0825939178466797">
    <system-out>1..1
ok 1 - Equals
</system-out>
    <testcase name="Equals (187)" classname="spec_perl_TestHelloWorld_t" time="0.000243902206420898" />
  </testsuite>
  <testsuite name="spec_perl_TestExprOpsParens_t" errors="0" failures="1" skipped="0" tests="9" time="0.0852489471435547">
    <system-out>1..9
ok 1 - Equals
ok 2 - Equals
ok 3 - Equals
ok 4 - Equals
ok 5 - Equals
ok 6 - Equals
not ok 7 - Equals
ok 8 - Equals
ok 9 - Equals
</system-out>
    <testcase name="Equals (188)" classname="spec_perl_TestExprOpsParens_t" time="0.000225067138671875" />
    <testcase name="Equals (189)" classname="spec_perl_TestExprOpsParens_t" time="0.00014805793762207" />
    <testcase name="Equals (190)" classname="spec_perl_TestExprOpsParens_t" time="0.000190973281860352" />
    <testcase name="Equals (191)" classname="spec_perl_TestExprOpsParens_t" time="0.000177860260009766" />
    <testcase name="Equals (192)" classname="spec_perl_TestExprOpsParens_t" time="0.000188112258911133" />
    <testcase name="Equals (193)" classname="spec_perl_TestExprOpsParens_t" time="0.00018310546875" />
    <testcase name="Equals (194)" classname="spec_perl_TestExprOpsParens_t" time="0.000220775604248047">
      <failure message="not ok 7 - Equals" type="TAP::Parser::Result::Test"></failure>
    </testcase>
    <testcase name="Equals (195)" classname="spec_perl_TestExprOpsParens_t" time="0.00119113922119141" />
    <testcase name="Equals (196)" classname="spec_perl_TestExprOpsParens_t" time="4.88758087158203e-05" />
  </testsuite>
  <testsuite name="spec_perl_TestEnumToIClassBorder1_t" errors="0" failures="1" skipped="0" tests="3" time="0.0847339630126953">
    <system-out>1..3
ok 1 - Equals
ok 2 - Equals
not ok 3 - test_enum_to_i_class_border_1 died (Can't call method &quot;some_dog&quot; on an undefined value at compiled/perl/EnumToIClassBorder2.pm line 42.)
</system-out>
    <testcase name="Equals (197)" classname="spec_perl_TestEnumToIClassBorder1_t" time="0.000488996505737305" />
    <testcase name="Equals (198)" classname="spec_perl_TestEnumToIClassBorder1_t" time="0.000187873840332031" />
    <testcase name="test_enum_to_i_class_border_1 died (Can't call method &quot;some_dog&quot; on an undefined value at compiled/perl/EnumToIClassBorder2.pm line 42.) (198)" classname="spec_perl_TestEnumToIClassBorder1_t" time="0.000288009643554688">
      <failure message="not ok 3 - test_enum_to_i_class_border_1 died (Can't call method &quot;some_dog&quot; on an undefined value at compiled/perl/EnumToIClassBorder2.pm line 42.)" type="TAP::Parser::Result::Test"></failure>
    </testcase>
  </testsuite>
  <testsuite name="spec_perl_TestBitsByteAligned_t" errors="0" failures="0" skipped="0" tests="9" time="0.0825300216674805">
    <system-out>1..9
ok 1 - Equals
ok 2 - Equals
ok 3 - Equals
ok 4 - Equals
ok 5 - Equals
ok 6 - Equals
ok 7 - Equals
ok 8 - Equals
ok 9 - Equals
</system-out>
    <testcase name="Equals (199)" classname="spec_perl_TestBitsByteAligned_t" time="0.000252962112426758" />
    <testcase name="Equals (200)" classname="spec_perl_TestBitsByteAligned_t" time="0.000152111053466797" />
    <testcase name="Equals (201)" classname="spec_perl_TestBitsByteAligned_t" time="0.000165939331054688" />
    <testcase name="Equals (202)" classname="spec_perl_TestBitsByteAligned_t" time="0.000154018402099609" />
    <testcase name="Equals (203)" classname="spec_perl_TestBitsByteAligned_t" time="0.000162839889526367" />
    <testcase name="Equals (204)" classname="spec_perl_TestBitsByteAligned_t" time="0.000164985656738281" />
    <testcase name="Equals (205)" classname="spec_perl_TestBitsByteAligned_t" time="0.00016021728515625" />
    <testcase name="Equals (206)" classname="spec_perl_TestBitsByteAligned_t" time="0.000160932540893555" />
    <testcase name="Equals (207)" classname="spec_perl_TestBitsByteAligned_t" time="0.00017094612121582" />
  </testsuite>
  <testsuite name="spec_perl_TestUserType_t" errors="0" failures="0" skipped="0" tests="2" time="0.0780000686645508">
    <system-out>1..2
ok 1 - Equals
ok 2 - Equals
</system-out>
    <testcase name="Equals (208)" classname="spec_perl_TestUserType_t" time="0.000200986862182617" />
    <testcase name="Equals (209)" classname="spec_perl_TestUserType_t" time="0.000135183334350586" />
  </testsuite>
  <testsuite name="spec_perl_TestPositionToEnd_t" errors="0" failures="0" skipped="0" tests="2" time="0.0841929912567139">
    <system-out>1..2
ok 1 - Equals
ok 2 - Equals
</system-out>
    <testcase name="Equals (210)" classname="spec_perl_TestPositionToEnd_t" time="0.000226020812988281" />
    <testcase name="Equals (211)" classname="spec_perl_TestPositionToEnd_t" time="0.000168085098266602" />
  </testsuite>
  <testsuite name="spec_perl_TestExpr0_t" errors="0" failures="0" skipped="0" tests="2" time="0.0743379592895508">
    <system-out>1..2
ok 1 - Equals
ok 2 - Equals
</system-out>
    <testcase name="Equals (212)" classname="spec_perl_TestExpr0_t" time="0.00021815299987793" />
    <testcase name="Equals (213)" classname="spec_perl_TestExpr0_t" time="0.000131845474243164" />
  </testsuite>
  <testsuite name="spec_perl_TestBcdUserTypeBe_t" errors="0" failures="0" skipped="0" tests="6" time="0.0839362144470215">
    <system-out>1..6
ok 1 - Equals
ok 2 - Equals
ok 3 - Equals
ok 4 - Equals
ok 5 - Equals
ok 6 - Equals
</system-out>
    <testcase name="Equals (214)" classname="spec_perl_TestBcdUserTypeBe_t" time="0.000789880752563477" />
    <testcase name="Equals (215)" classname="spec_perl_TestBcdUserTypeBe_t" time="0.000359058380126953" />
    <testcase name="Equals (216)" classname="spec_perl_TestBcdUserTypeBe_t" time="9.89437103271484e-05" />
    <testcase name="Equals (217)" classname="spec_perl_TestBcdUserTypeBe_t" time="7.41481781005859e-05" />
    <testcase name="Equals (218)" classname="spec_perl_TestBcdUserTypeBe_t" time="0.000149965286254883" />
    <testcase name="Equals (219)" classname="spec_perl_TestBcdUserTypeBe_t" time="0.000204086303710938" />
  </testsuite>
  <testsuite name="spec_perl_TestBitsUnalignedB32Le_t" errors="0" failures="0" skipped="0" tests="3" time="0.0844049453735352">
    <system-out>1..3
ok 1 - Equals
ok 2 - Equals
ok 3 - Equals
</system-out>
    <testcase name="Equals (220)" classname="spec_perl_TestBitsUnalignedB32Le_t" time="0.000204086303710938" />
    <testcase name="Equals (221)" classname="spec_perl_TestBitsUnalignedB32Le_t" time="0.000133037567138672" />
    <testcase name="Equals (222)" classname="spec_perl_TestBitsUnalignedB32Le_t" time="0.000271797180175781" />
  </testsuite>
  <testsuite name="spec_perl_TestPositionInSeq_t" errors="0" failures="0" skipped="0" tests="1" time="0.0776941776275635">
    <system-out>1..1
ok 1 - Equals
</system-out>
    <testcase name="Equals (223)" classname="spec_perl_TestPositionInSeq_t" time="0.000162839889526367" />
  </testsuite>
  <testsuite name="spec_perl_TestEnum1_t" errors="0" failures="0" skipped="0" tests="2" time="0.0854489803314209">
    <system-out>1..2
ok 1 - Equals
ok 2 - Equals
</system-out>
    <testcase name="Equals (224)" classname="spec_perl_TestEnum1_t" time="0.000244140625" />
    <testcase name="Equals (225)" classname="spec_perl_TestEnum1_t" time="0.000293970108032227" />
  </testsuite>
  <testsuite name="spec_perl_TestSwitchManualEnumInvalidElse_t" errors="0" failures="0" skipped="0" tests="5" time="0.0866341590881348">
    <system-out>1..5
ok 1 - Equals
ok 2 - Equals
ok 3 - Equals
ok 4 - Equals
ok 5 - Equals
</system-out>
    <testcase name="Equals (226)" classname="spec_perl_TestSwitchManualEnumInvalidElse_t" time="0.000255823135375977" />
    <testcase name="Equals (227)" classname="spec_perl_TestSwitchManualEnumInvalidElse_t" time="0.000151157379150391" />
    <testcase name="Equals (228)" classname="spec_perl_TestSwitchManualEnumInvalidElse_t" time="0.000185012817382812" />
    <testcase name="Equals (229)" classname="spec_perl_TestSwitchManualEnumInvalidElse_t" time="0.000179052352905273" />
    <testcase name="Equals (230)" classname="spec_perl_TestSwitchManualEnumInvalidElse_t" time="0.000183820724487305" />
  </testsuite>
  <testsuite name="spec_perl_TestIntegersDoubleOverflow_t" errors="0" failures="0" skipped="0" tests="8" time="0.0852658748626709">
    <system-out>1..8
ok 1 - Equals
ok 2 - Equals
ok 3 - Equals
ok 4 - Equals
ok 5 - Equals
ok 6 - Equals
ok 7 - Equals
ok 8 - Equals
</system-out>
    <testcase name="Equals (231)" classname="spec_perl_TestIntegersDoubleOverflow_t" time="0.000208854675292969" />
    <testcase name="Equals (232)" classname="spec_perl_TestIntegersDoubleOverflow_t" time="0.00020909309387207" />
    <testcase name="Equals (233)" classname="spec_perl_TestIntegersDoubleOverflow_t" time="0.000174045562744141" />
    <testcase name="Equals (234)" classname="spec_perl_TestIntegersDoubleOverflow_t" time="0.0001678466796875" />
    <testcase name="Equals (235)" classname="spec_perl_TestIntegersDoubleOverflow_t" time="0.000171184539794922" />
    <testcase name="Equals (236)" classname="spec_perl_TestIntegersDoubleOverflow_t" time="0.000172853469848633" />
    <testcase name="Equals (237)" classname="spec_perl_TestIntegersDoubleOverflow_t" time="0.000308990478515625" />
    <testcase name="Equals (238)" classname="spec_perl_TestIntegersDoubleOverflow_t" time="6.50882720947266e-05" />
  </testsuite>
  <testsuite name="spec_perl_TestValidOptionalId_t" errors="1" failures="0" skipped="0" tests="0" time="0.0776538848876953">
    <system-out></system-out>
    <testcase name="Test died too soon, even before plan. (238)" classname="spec_perl_TestValidOptionalId_t" time="0.0776538848876953">
      <failure message="The test suite died before a plan was produced. You need to have a plan." type="Plan">No plan</failure>
    </testcase>
  </testsuite>
  <testsuite name="spec_perl_TestBitsUnalignedB64Be_t" errors="0" failures="0" skipped="0" tests="3" time="0.0869379043579102">
    <system-out>1..3
ok 1 - Equals
ok 2 - Equals
ok 3 - Equals
</system-out>
    <testcase name="Equals (239)" classname="spec_perl_TestBitsUnalignedB64Be_t" time="0.00023198127746582" />
    <testcase name="Equals (240)" classname="spec_perl_TestBitsUnalignedB64Be_t" time="0.000160932540893555" />
    <testcase name="Equals (241)" classname="spec_perl_TestBitsUnalignedB64Be_t" time="0.000169992446899414" />
  </testsuite>
  <testsuite name="spec_perl_TestYamlInts_t" errors="0" failures="0" skipped="0" tests="4" time="0.0778429508209229">
    <system-out>1..4
ok 1 - Equals
ok 2 - Equals
ok 3 - Equals
ok 4 - Equals
</system-out>
    <testcase name="Equals (242)" classname="spec_perl_TestYamlInts_t" time="0.000281095504760742" />
    <testcase name="Equals (243)" classname="spec_perl_TestYamlInts_t" time="0.00014805793762207" />
    <testcase name="Equals (244)" classname="spec_perl_TestYamlInts_t" time="0.000176906585693359" />
    <testcase name="Equals (245)" classname="spec_perl_TestYamlInts_t" time="0.000175952911376953" />
  </testsuite>
  <testsuite name="spec_perl_TestExprSizeofType1_t" errors="0" failures="0" skipped="0" tests="2" time="0.0846948623657227">
    <system-out>1..2
ok 1 - Equals
ok 2 - Equals
</system-out>
    <testcase name="Equals (246)" classname="spec_perl_TestExprSizeofType1_t" time="0.000265836715698242" />
    <testcase name="Equals (247)" classname="spec_perl_TestExprSizeofType1_t" time="0.000163078308105469" />
  </testsuite>
  <testsuite name="spec_perl_TestEnumIntRangeS_t" errors="0" failures="0" skipped="0" tests="3" time="0.0873410701751709">
    <system-out>1..3
ok 1 - Equals
ok 2 - Equals
ok 3 - Equals
</system-out>
    <testcase name="Equals (248)" classname="spec_perl_TestEnumIntRangeS_t" time="0.000360012054443359" />
    <testcase name="Equals (249)" classname="spec_perl_TestEnumIntRangeS_t" time="8.392333984375e-05" />
    <testcase name="Equals (250)" classname="spec_perl_TestEnumIntRangeS_t" time="7.29560852050781e-05" />
  </testsuite>
  <testsuite name="spec_perl_TestExprIntDiv_t" errors="0" failures="2" skipped="0" tests="6" time="0.0862998962402344">
    <system-out>1..6
ok 1 - Equals
ok 2 - Equals
ok 3 - Equals
not ok 4 - Equals
ok 5 - Equals
not ok 6 - Equals
</system-out>
    <testcase name="Equals (251)" classname="spec_perl_TestExprIntDiv_t" time="0.000245094299316406" />
    <testcase name="Equals (252)" classname="spec_perl_TestExprIntDiv_t" time="0.000168085098266602" />
    <testcase name="Equals (253)" classname="spec_perl_TestExprIntDiv_t" time="0.000178813934326172" />
    <testcase name="Equals (254)" classname="spec_perl_TestExprIntDiv_t" time="0.000226974487304688">
      <failure message="not ok 4 - Equals" type="TAP::Parser::Result::Test"></failure>
    </testcase>
    <testcase name="Equals (255)" classname="spec_perl_TestExprIntDiv_t" time="0.00179600715637207" />
    <testcase name="Equals (256)" classname="spec_perl_TestExprIntDiv_t" time="0.00033116340637207">
      <failure message="not ok 6 - Equals" type="TAP::Parser::Result::Test"></failure>
    </testcase>
  </testsuite>
  <testsuite name="spec_perl_TestInstanceIoUser_t" errors="0" failures="0" skipped="0" tests="4" time="0.0875189304351807">
    <system-out>1..4
ok 1 - Equals
ok 2 - Equals
ok 3 - Equals
ok 4 - Equals
</system-out>
    <testcase name="Equals (257)" classname="spec_perl_TestInstanceIoUser_t" time="0.000810146331787109" />
    <testcase name="Equals (258)" classname="spec_perl_TestInstanceIoUser_t" time="0.000162839889526367" />
    <testcase name="Equals (259)" classname="spec_perl_TestInstanceIoUser_t" time="0.000197172164916992" />
    <testcase name="Equals (260)" classname="spec_perl_TestInstanceIoUser_t" time="0.000201940536499023" />
  </testsuite>
  <testsuite name="spec_perl_TestTermBytes_t" errors="0" failures="0" skipped="0" tests="3" time="0.0791079998016357">
    <system-out>1..3
ok 1 - Equals
ok 2 - Equals
ok 3 - Equals
</system-out>
    <testcase name="Equals (261)" classname="spec_perl_TestTermBytes_t" time="0.000209808349609375" />
    <testcase name="Equals (262)" classname="spec_perl_TestTermBytes_t" time="0.000142097473144531" />
    <testcase name="Equals (263)" classname="spec_perl_TestTermBytes_t" time="0.000310897827148438" />
  </testsuite>
  <testsuite name="spec_perl_TestImportsAbsAbs_t" errors="0" failures="0" skipped="0" tests="3" time="0.0868189334869385">
    <system-out>1..3
ok 1 - Equals
ok 2 - Equals
ok 3 - Equals
</system-out>
    <testcase name="Equals (264)" classname="spec_perl_TestImportsAbsAbs_t" time="0.000261068344116211" />
    <testcase name="Equals (265)" classname="spec_perl_TestImportsAbsAbs_t" time="0.000133037567138672" />
    <testcase name="Equals (266)" classname="spec_perl_TestImportsAbsAbs_t" time="0.00017094612121582" />
  </testsuite>
  <testsuite name="spec_perl_TestNestedSameName2_t" errors="0" failures="0" skipped="0" tests="5" time="0.0823371410369873">
    <system-out>1..5
ok 1 - Equals
ok 2 - Equals
ok 3 - Equals
ok 4 - Equals
ok 5 - Equals
</system-out>
    <testcase name="Equals (267)" classname="spec_perl_TestNestedSameName2_t" time="0.00032806396484375" />
    <testcase name="Equals (268)" classname="spec_perl_TestNestedSameName2_t" time="0.000207901000976562" />
    <testcase name="Equals (269)" classname="spec_perl_TestNestedSameName2_t" time="0.000123023986816406" />
    <testcase name="Equals (270)" classname="spec_perl_TestNestedSameName2_t" time="0.000238180160522461" />
    <testcase name="Equals (271)" classname="spec_perl_TestNestedSameName2_t" time="0.000267982482910156" />
  </testsuite>
  <testsuite name="spec_perl_TestImports0_t" errors="0" failures="0" skipped="0" tests="3" time="0.0958359241485596">
    <system-out>1..3
ok 1 - Equals
ok 2 - Equals
ok 3 - Equals
</system-out>
    <testcase name="Equals (272)" classname="spec_perl_TestImports0_t" time="0.000216960906982422" />
    <testcase name="Equals (273)" classname="spec_perl_TestImports0_t" time="0.000133991241455078" />
    <testcase name="Equals (274)" classname="spec_perl_TestImports0_t" time="0.000184059143066406" />
  </testsuite>
  <testsuite name="spec_perl_TestEnumFancy_t" errors="0" failures="0" skipped="0" tests="2" time="0.0783860683441162">
    <system-out>1..2
ok 1 - Equals
ok 2 - Equals
</system-out>
    <testcase name="Equals (275)" classname="spec_perl_TestEnumFancy_t" time="0.00020599365234375" />
    <testcase name="Equals (276)" classname="spec_perl_TestEnumFancy_t" time="0.000123977661132812" />
  </testsuite>
  <testsuite name="spec_perl_TestEnumImport_t" errors="0" failures="2" skipped="0" tests="2" time="0.085921049118042">
    <system-out>1..2
not ok 1 - Equals
not ok 2 - Equals
</system-out>
    <testcase name="Equals (277)" classname="spec_perl_TestEnumImport_t" time="0.000140905380249023">
      <failure message="not ok 1 - Equals" type="TAP::Parser::Result::Test"></failure>
    </testcase>
    <testcase name="Equals (278)" classname="spec_perl_TestEnumImport_t" time="7.51018524169922e-05">
      <failure message="not ok 2 - Equals" type="TAP::Parser::Result::Test"></failure>
    </testcase>
  </testsuite>
  <testsuite name="spec_perl_TestIfValues_t" errors="0" failures="0" skipped="0" tests="6" time="0.101573944091797">
    <system-out>1..6
ok 1 - Equals
ok 2 - Equals
ok 3 - Equals
ok 4 - nil
ok 5 - Equals
ok 6 - nil
</system-out>
    <testcase name="Equals (279)" classname="spec_perl_TestIfValues_t" time="0.000442028045654297" />
    <testcase name="Equals (280)" classname="spec_perl_TestIfValues_t" time="0.000494003295898438" />
    <testcase name="Equals (281)" classname="spec_perl_TestIfValues_t" time="6.69956207275391e-05" />
    <testcase name="nil (281)" classname="spec_perl_TestIfValues_t" time="0.00018000602722168" />
    <testcase name="Equals (282)" classname="spec_perl_TestIfValues_t" time="0.000272989273071289" />
    <testcase name="nil (282)" classname="spec_perl_TestIfValues_t" time="0.000162124633789062" />
  </testsuite>
  <testsuite name="spec_perl_TestZlibSurrounded_t" errors="0" failures="0" skipped="0" tests="1" time="0.115914821624756">
    <system-out>1..1
ok 1 - Equals
</system-out>
    <testcase name="Equals (283)" classname="spec_perl_TestZlibSurrounded_t" time="0.000756978988647461" />
  </testsuite>
  <testsuite name="spec_perl_TestIfInstances_t" errors="0" failures="0" skipped="0" tests="1" time="0.0779359340667725">
    <system-out>1..1
ok 1 - nil
</system-out>
    <testcase name="nil (283)" classname="spec_perl_TestIfInstances_t" time="0.000150918960571289" />
  </testsuite>
  <testsuite name="spec_perl_TestEnumToI_t" errors="0" failures="0" skipped="0" tests="8" time="0.085425853729248">
    <system-out>1..8
ok 1 - Equals
ok 2 - Equals
ok 3 - Equals
ok 4 - Equals
ok 5 - Equals
ok 6 - Equals
ok 7 - Equals
ok 8 - Equals
</system-out>
    <testcase name="Equals (284)" classname="spec_perl_TestEnumToI_t" time="0.000259876251220703" />
    <testcase name="Equals (285)" classname="spec_perl_TestEnumToI_t" time="0.000136137008666992" />
    <testcase name="Equals (286)" classname="spec_perl_TestEnumToI_t" time="0.000171899795532227" />
    <testcase name="Equals (287)" classname="spec_perl_TestEnumToI_t" time="0.000217914581298828" />
    <testcase name="Equals (288)" classname="spec_perl_TestEnumToI_t" time="0.000198125839233398" />
    <testcase name="Equals (289)" classname="spec_perl_TestEnumToI_t" time="0.000143051147460938" />
    <testcase name="Equals (290)" classname="spec_perl_TestEnumToI_t" time="0.000165939331054688" />
    <testcase name="Equals (291)" classname="spec_perl_TestEnumToI_t" time="0.000142097473144531" />
  </testsuite>
  <testsuite name="spec_perl_TestEosExceptionBytes_t" errors="0" failures="0" skipped="0" tests="1" time="0.084601879119873">
    <system-out>1..1
ok 1 - threw /^Requested \d+ bytes, but only \d+ bytes available/
</system-out>
    <testcase name="threw /^Requested \d+ bytes, but only \d+ bytes available/ (291)" classname="spec_perl_TestEosExceptionBytes_t" time="0.000648021697998047" />
  </testsuite>
  <testsuite name="spec_perl_TestMetaXref_t" errors="0" failures="0" skipped="1" tests="1" time="0.0906400680541992">
    <system-out>1..1
ok 1 # skip MetaXref=HASH(0x565178b6e7c8)
</system-out>
    <testcase name="Unnamed test case 291" classname="spec_perl_TestMetaXref_t" time="0.00225114822387695">
      <skipped message="ok 1 # skip MetaXref=HASH(0x565178b6e7c8)" />
    </testcase>
  </testsuite>
  <testsuite name="spec_perl_TestProcessCoerceSwitch_t" errors="0" failures="0" skipped="0" tests="3" time="0.0772631168365479">
    <system-out>1..3
ok 1 - Equals
ok 2 - Equals
ok 3 - Equals
</system-out>
    <testcase name="Equals (292)" classname="spec_perl_TestProcessCoerceSwitch_t" time="0.000817060470581055" />
    <testcase name="Equals (293)" classname="spec_perl_TestProcessCoerceSwitch_t" time="6.29425048828125e-05" />
    <testcase name="Equals (294)" classname="spec_perl_TestProcessCoerceSwitch_t" time="0.000146150588989258" />
  </testsuite>
  <testsuite name="spec_perl_TestRepeatNStrz_t" errors="0" failures="0" skipped="0" tests="2" time="0.083669900894165">
    <system-out>1..2
ok 1 - Equals
ok 2 - Equals
</system-out>
    <testcase name="Equals (295)" classname="spec_perl_TestRepeatNStrz_t" time="0.000306844711303711" />
    <testcase name="Equals (296)" classname="spec_perl_TestRepeatNStrz_t" time="0.000102996826171875" />
  </testsuite>
  <testsuite name="spec_perl_TestEnumIntRangeU_t" errors="0" failures="0" skipped="0" tests="2" time="0.0880999565124512">
    <system-out>1..2
ok 1 - Equals
ok 2 - Equals
</system-out>
    <testcase name="Equals (297)" classname="spec_perl_TestEnumIntRangeU_t" time="0.000246047973632812" />
    <testcase name="Equals (298)" classname="spec_perl_TestEnumIntRangeU_t" time="0.00014805793762207" />
  </testsuite>
  <testsuite name="spec_perl_TestExprMod_t" errors="0" failures="0" skipped="0" tests="6" time="0.0818560123443604">
    <system-out>1..6
ok 1 - Equals
ok 2 - Equals
ok 3 - Equals
ok 4 - Equals
ok 5 - Equals
ok 6 - Equals
</system-out>
    <testcase name="Equals (299)" classname="spec_perl_TestExprMod_t" time="0.000281095504760742" />
    <testcase name="Equals (300)" classname="spec_perl_TestExprMod_t" time="0.000164985656738281" />
    <testcase name="Equals (301)" classname="spec_perl_TestExprMod_t" time="0.000196933746337891" />
    <testcase name="Equals (302)" classname="spec_perl_TestExprMod_t" time="0.00018000602722168" />
    <testcase name="Equals (303)" classname="spec_perl_TestExprMod_t" time="0.000177145004272461" />
    <testcase name="Equals (304)" classname="spec_perl_TestExprMod_t" time="0.00017094612121582" />
  </testsuite>
  <testsuite name="spec_perl_TestBitsSignedResB32Be_t" errors="0" failures="0" skipped="0" tests="1" time="0.0806930065155029">
    <system-out>1..1
ok 1 - Equals
</system-out>
    <testcase name="Equals (305)" classname="spec_perl_TestBitsSignedResB32Be_t" time="0.000203847885131836" />
  </testsuite>
  <testsuite name="spec_perl_TestEnumToIInvalid_t" errors="0" failures="0" skipped="0" tests="8" time="0.0840129852294922">
    <system-out>1..8
ok 1 - Equals
ok 2 - Equals
ok 3 - Equals
ok 4 - Equals
ok 5 - Equals
ok 6 - Equals
ok 7 - Equals
ok 8 - Equals
</system-out>
    <testcase name="Equals (306)" classname="spec_perl_TestEnumToIInvalid_t" time="0.000220060348510742" />
    <testcase name="Equals (307)" classname="spec_perl_TestEnumToIInvalid_t" time="0.000143051147460938" />
    <testcase name="Equals (308)" classname="spec_perl_TestEnumToIInvalid_t" time="0.000172853469848633" />
    <testcase name="Equals (309)" classname="spec_perl_TestEnumToIInvalid_t" time="0.000173091888427734" />
    <testcase name="Equals (310)" classname="spec_perl_TestEnumToIInvalid_t" time="0.000276088714599609" />
    <testcase name="Equals (311)" classname="spec_perl_TestEnumToIInvalid_t" time="6.103515625e-05" />
    <testcase name="Equals (312)" classname="spec_perl_TestEnumToIInvalid_t" time="0.00025486946105957" />
    <testcase name="Equals (313)" classname="spec_perl_TestEnumToIInvalid_t" time="6.00814819335938e-05" />
  </testsuite>
  <testsuite name="spec_perl_TestTermStrz_t" errors="0" failures="0" skipped="0" tests="3" time="0.0905687808990479">
    <system-out>1..3
ok 1 - Equals
ok 2 - Equals
ok 3 - Equals
</system-out>
    <testcase name="Equals (314)" classname="spec_perl_TestTermStrz_t" time="0.000269889831542969" />
    <testcase name="Equals (315)" classname="spec_perl_TestTermStrz_t" time="0.000138998031616211" />
    <testcase name="Equals (316)" classname="spec_perl_TestTermStrz_t" time="0.000184059143066406" />
  </testsuite>
  <testsuite name="spec_perl_TestParamsCallShort_t" errors="0" failures="3" skipped="0" tests="3" time="0.0888631343841553">
    <system-out>1..3
not ok 1 - Equals
not ok 2 - Equals
not ok 3 - Equals
</system-out>
    <testcase name="Equals (317)" classname="spec_perl_TestParamsCallShort_t" time="0.00150585174560547">
      <failure message="not ok 1 - Equals" type="TAP::Parser::Result::Test"></failure>
    </testcase>
    <testcase name="Equals (318)" classname="spec_perl_TestParamsCallShort_t" time="6.81877136230469e-05">
      <failure message="not ok 2 - Equals" type="TAP::Parser::Result::Test"></failure>
    </testcase>
    <testcase name="Equals (319)" classname="spec_perl_TestParamsCallShort_t" time="6.38961791992188e-05">
      <failure message="not ok 3 - Equals" type="TAP::Parser::Result::Test"></failure>
    </testcase>
  </testsuite>
  <testsuite name="spec_perl_TestCombineBool_t" errors="0" failures="0" skipped="0" tests="2" time="0.0829789638519287">
    <system-out>1..2
ok 1 - Equals
ok 2 - Equals
</system-out>
    <testcase name="Equals (320)" classname="spec_perl_TestCombineBool_t" time="0.000206947326660156" />
    <testcase name="Equals (321)" classname="spec_perl_TestCombineBool_t" time="0.000131130218505859" />
  </testsuite>
  <testsuite name="spec_perl_TestInstanceUserArray_t" errors="0" failures="0" skipped="0" tests="10" time="0.0857939720153809">
    <system-out>1..10
ok 1 - Equals
ok 2 - Equals
ok 3 - Equals
ok 4 - Equals
ok 5 - Equals
ok 6 - Equals
ok 7 - Equals
ok 8 - Equals
ok 9 - Equals
ok 10 - Equals
</system-out>
    <testcase name="Equals (322)" classname="spec_perl_TestInstanceUserArray_t" time="0.000219821929931641" />
    <testcase name="Equals (323)" classname="spec_perl_TestInstanceUserArray_t" time="0.000130176544189453" />
    <testcase name="Equals (324)" classname="spec_perl_TestInstanceUserArray_t" time="0.000190019607543945" />
    <testcase name="Equals (325)" classname="spec_perl_TestInstanceUserArray_t" time="0.00073695182800293" />
    <testcase name="Equals (326)" classname="spec_perl_TestInstanceUserArray_t" time="0.000145912170410156" />
    <testcase name="Equals (327)" classname="spec_perl_TestInstanceUserArray_t" time="0.000199079513549805" />
    <testcase name="Equals (328)" classname="spec_perl_TestInstanceUserArray_t" time="0.000184059143066406" />
    <testcase name="Equals (329)" classname="spec_perl_TestInstanceUserArray_t" time="0.000235795974731445" />
    <testcase name="Equals (330)" classname="spec_perl_TestInstanceUserArray_t" time="0.000190019607543945" />
    <testcase name="Equals (331)" classname="spec_perl_TestInstanceUserArray_t" time="0.000169038772583008" />
  </testsuite>
  <testsuite name="spec_perl_TestProcessRotate_t" errors="0" failures="0" skipped="0" tests="3" time="0.0787718296051025">
    <system-out>1..3
ok 1 - Equals
ok 2 - Equals
ok 3 - Equals
</system-out>
    <testcase name="Equals (332)" classname="spec_perl_TestProcessRotate_t" time="0.000252008438110352" />
    <testcase name="Equals (333)" classname="spec_perl_TestProcessRotate_t" time="0.000123023986816406" />
    <testcase name="Equals (334)" classname="spec_perl_TestProcessRotate_t" time="0.000164985656738281" />
  </testsuite>
  <testsuite name="spec_perl_TestSwitchMultiBoolOps_t" errors="0" failures="0" skipped="0" tests="9" time="0.0813989639282227">
    <system-out>1..9
ok 1 - Equals
ok 2 - Equals
ok 3 - Equals
ok 4 - Equals
ok 5 - Equals
ok 6 - Equals
ok 7 - Equals
ok 8 - Equals
ok 9 - Equals
</system-out>
    <testcase name="Equals (335)" classname="spec_perl_TestSwitchMultiBoolOps_t" time="0.000287055969238281" />
    <testcase name="Equals (336)" classname="spec_perl_TestSwitchMultiBoolOps_t" time="0.000143051147460938" />
    <testcase name="Equals (337)" classname="spec_perl_TestSwitchMultiBoolOps_t" time="0.000172853469848633" />
    <testcase name="Equals (338)" classname="spec_perl_TestSwitchMultiBoolOps_t" time="0.000174999237060547" />
    <testcase name="Equals (339)" classname="spec_perl_TestSwitchMultiBoolOps_t" time="0.000164985656738281" />
    <testcase name="Equals (340)" classname="spec_perl_TestSwitchMultiBoolOps_t" time="0.000173091888427734" />
    <testcase name="Equals (341)" classname="spec_perl_TestSwitchMultiBoolOps_t" time="0.000165939331054688" />
    <testcase name="Equals (342)" classname="spec_perl_TestSwitchMultiBoolOps_t" time="0.000189065933227539" />
    <testcase name="Equals (343)" classname="spec_perl_TestSwitchMultiBoolOps_t" time="0.000179052352905273" />
  </testsuite>
  <testsuite name="spec_perl_TestNavParentOverride_t" errors="0" failures="0" skipped="0" tests="3" time="0.0828430652618408">
    <system-out>1..3
ok 1 - Equals
ok 2 - Equals
ok 3 - Equals
</system-out>
    <testcase name="Equals (344)" classname="spec_perl_TestNavParentOverride_t" time="0.000237941741943359" />
    <testcase name="Equals (345)" classname="spec_perl_TestNavParentOverride_t" time="0.000149011611938477" />
    <testcase name="Equals (346)" classname="spec_perl_TestNavParentOverride_t" time="0.000167131423950195" />
  </testsuite>
  <testsuite name="spec_perl_TestExprIoPos_t" errors="0" failures="0" skipped="0" tests="6" time="0.0894050598144531">
    <system-out>1..6
ok 1 - Equals
ok 2 - Equals
ok 3 - Equals
ok 4 - Equals
ok 5 - Equals
ok 6 - Equals
</system-out>
    <testcase name="Equals (347)" classname="spec_perl_TestExprIoPos_t" time="0.000706911087036133" />
    <testcase name="Equals (348)" classname="spec_perl_TestExprIoPos_t" time="0.000129222869873047" />
    <testcase name="Equals (349)" classname="spec_perl_TestExprIoPos_t" time="0.000196933746337891" />
    <testcase name="Equals (350)" classname="spec_perl_TestExprIoPos_t" time="0.00017094612121582" />
    <testcase name="Equals (351)" classname="spec_perl_TestExprIoPos_t" time="0.000158071517944336" />
    <testcase name="Equals (352)" classname="spec_perl_TestExprIoPos_t" time="0.000169992446899414" />
  </testsuite>
  <testsuite name="spec_perl_TestEnumOfValueInst_t" errors="0" failures="0" skipped="0" tests="4" time="0.0814011096954346">
    <system-out>1..4
ok 1 - Equals
ok 2 - Equals
ok 3 - Equals
ok 4 - Equals
</system-out>
    <testcase name="Equals (353)" classname="spec_perl_TestEnumOfValueInst_t" time="0.000242948532104492" />
    <testcase name="Equals (354)" classname="spec_perl_TestEnumOfValueInst_t" time="0.00014495849609375" />
    <testcase name="Equals (355)" classname="spec_perl_TestEnumOfValueInst_t" time="0.000186920166015625" />
    <testcase name="Equals (356)" classname="spec_perl_TestEnumOfValueInst_t" time="0.000181198120117188" />
  </testsuite>
  <testsuite name="spec_perl_TestExprIfIntOps_t" errors="0" failures="0" skipped="0" tests="2" time="0.0827100276947021">
    <system-out>1..2
ok 1 - Equals
ok 2 - Equals
</system-out>
    <testcase name="Equals (357)" classname="spec_perl_TestExprIfIntOps_t" time="0.000216007232666016" />
    <testcase name="Equals (358)" classname="spec_perl_TestExprIfIntOps_t" time="0.000127077102661133" />
  </testsuite>
  <testsuite name="spec_perl_TestBitsSimpleLe_t" errors="0" failures="0" skipped="0" tests="14" time="0.081428050994873">
    <system-out>1..14
ok 1 - Equals
ok 2 - Equals
ok 3 - Equals
ok 4 - Equals
ok 5 - Equals
ok 6 - Equals
ok 7 - Equals
ok 8 - Equals
ok 9 - Equals
ok 10 - Equals
ok 11 - Equals
ok 12 - Equals
ok 13 - Equals
ok 14 - Equals
</system-out>
    <testcase name="Equals (359)" classname="spec_perl_TestBitsSimpleLe_t" time="0.000246047973632812" />
    <testcase name="Equals (360)" classname="spec_perl_TestBitsSimpleLe_t" time="0.000138998031616211" />
    <testcase name="Equals (361)" classname="spec_perl_TestBitsSimpleLe_t" time="0.000154972076416016" />
    <testcase name="Equals (362)" classname="spec_perl_TestBitsSimpleLe_t" time="0.000165939331054688" />
    <testcase name="Equals (363)" classname="spec_perl_TestBitsSimpleLe_t" time="0.000445127487182617" />
    <testcase name="Equals (364)" classname="spec_perl_TestBitsSimpleLe_t" time="7.98702239990234e-05" />
    <testcase name="Equals (365)" classname="spec_perl_TestBitsSimpleLe_t" time="0.0001220703125" />
    <testcase name="Equals (366)" classname="spec_perl_TestBitsSimpleLe_t" time="0.000200033187866211" />
    <testcase name="Equals (367)" classname="spec_perl_TestBitsSimpleLe_t" time="0.000166893005371094" />
    <testcase name="Equals (368)" classname="spec_perl_TestBitsSimpleLe_t" time="0.000141143798828125" />
    <testcase name="Equals (369)" classname="spec_perl_TestBitsSimpleLe_t" time="0.000159025192260742" />
    <testcase name="Equals (370)" classname="spec_perl_TestBitsSimpleLe_t" time="0.000160932540893555" />
    <testcase name="Equals (371)" classname="spec_perl_TestBitsSimpleLe_t" time="0.000175952911376953" />
    <testcase name="Equals (372)" classname="spec_perl_TestBitsSimpleLe_t" time="0.00018000602722168" />
  </testsuite>
  <testsuite name="spec_perl_TestImportsAbsRel_t" errors="0" failures="0" skipped="0" tests="3" time="0.0828268527984619">
    <system-out>1..3
ok 1 - Equals
ok 2 - Equals
ok 3 - Equals
</system-out>
    <testcase name="Equals (373)" classname="spec_perl_TestImportsAbsRel_t" time="0.000240087509155273" />
    <testcase name="Equals (374)" classname="spec_perl_TestImportsAbsRel_t" time="0.000133991241455078" />
    <testcase name="Equals (375)" classname="spec_perl_TestImportsAbsRel_t" time="0.000165939331054688" />
  </testsuite>
  <testsuite name="spec_perl_TestCastToTop_t" errors="0" failures="0" skipped="0" tests="3" time="0.0851278305053711">
    <system-out>1..3
ok 1 - Equals
ok 2 - Equals
ok 3 - Equals
</system-out>
    <testcase name="Equals (376)" classname="spec_perl_TestCastToTop_t" time="0.000285863876342773" />
    <testcase name="Equals (377)" classname="spec_perl_TestCastToTop_t" time="0.000185012817382812" />
    <testcase name="Equals (378)" classname="spec_perl_TestCastToTop_t" time="0.000178098678588867" />
  </testsuite>
  <testsuite name="spec_perl_TestExprEnum_t" errors="0" failures="0" skipped="0" tests="3" time="0.0843749046325684">
    <system-out>1..3
ok 1 - Equals
ok 2 - Equals
ok 3 - Equals
</system-out>
    <testcase name="Equals (379)" classname="spec_perl_TestExprEnum_t" time="0.000265836715698242" />
    <testcase name="Equals (380)" classname="spec_perl_TestExprEnum_t" time="0.000137090682983398" />
    <testcase name="Equals (381)" classname="spec_perl_TestExprEnum_t" time="0.000225067138671875" />
  </testsuite>
  <testsuite name="spec_perl_TestDefaultBitEndianMod_t" errors="0" failures="0" skipped="0" tests="4" time="0.0829930305480957">
    <system-out>1..4
ok 1 - Equals
ok 2 - Equals
ok 3 - Equals
ok 4 - Equals
</system-out>
    <testcase name="Equals (382)" classname="spec_perl_TestDefaultBitEndianMod_t" time="0.000159978866577148" />
    <testcase name="Equals (383)" classname="spec_perl_TestDefaultBitEndianMod_t" time="0.000131845474243164" />
    <testcase name="Equals (384)" classname="spec_perl_TestDefaultBitEndianMod_t" time="0.000173091888427734" />
    <testcase name="Equals (385)" classname="spec_perl_TestDefaultBitEndianMod_t" time="0.000179052352905273" />
  </testsuite>
  <testsuite name="spec_perl_TestCastToImported_t" errors="0" failures="0" skipped="0" tests="2" time="0.0825347900390625">
    <system-out>1..2
ok 1 - Equals
ok 2 - Equals
</system-out>
    <testcase name="Equals (386)" classname="spec_perl_TestCastToImported_t" time="0.000207901000976562" />
    <testcase name="Equals (387)" classname="spec_perl_TestCastToImported_t" time="0.000139951705932617" />
  </testsuite>
  <testsuite name="spec_perl_TestEnumNegative_t" errors="0" failures="0" skipped="0" tests="2" time="0.0840120315551758">
    <system-out>1..2
ok 1 - Equals
ok 2 - Equals
</system-out>
    <testcase name="Equals (388)" classname="spec_perl_TestEnumNegative_t" time="0.00020599365234375" />
    <testcase name="Equals (389)" classname="spec_perl_TestEnumNegative_t" time="0.000135898590087891" />
  </testsuite>
  <testsuite name="spec_perl_TestStrPadTermEmpty_t" errors="0" failures="0" skipped="0" tests="4" time="0.0951659679412842">
    <system-out>1..4
ok 1 - Equals
ok 2 - Equals
ok 3 - Equals
ok 4 - Equals
</system-out>
    <testcase name="Equals (390)" classname="spec_perl_TestStrPadTermEmpty_t" time="0.000298023223876953" />
    <testcase name="Equals (391)" classname="spec_perl_TestStrPadTermEmpty_t" time="0.000129938125610352" />
    <testcase name="Equals (392)" classname="spec_perl_TestStrPadTermEmpty_t" time="0.000168085098266602" />
    <testcase name="Equals (393)" classname="spec_perl_TestStrPadTermEmpty_t" time="0.000205039978027344" />
  </testsuite>
  <testsuite name="spec_perl_TestParamsPassArrayStruct_t" errors="0" failures="1" skipped="2" tests="3" time="0.0836570262908936">
    <system-out>1..3
not ok 1 - test_params_pass_array_struct died (Can't use an undefined value as an ARRAY reference at spec/perl/TestParamsPassArrayStruct.t line 14.)
ok 2 # skip test_params_pass_array_struct died
ok 3 # skip test_params_pass_array_struct died
</system-out>
    <testcase name="test_params_pass_array_struct died (Can't use an undefined value as an ARRAY reference at spec/perl/TestParamsPassArrayStruct.t line 14.) (393)" classname="spec_perl_TestParamsPassArrayStruct_t" time="0.000248908996582031">
      <failure message="not ok 1 - test_params_pass_array_struct died (Can't use an undefined value as an ARRAY reference at spec/perl/TestParamsPassArrayStruct.t line 14.)" type="TAP::Parser::Result::Test"></failure>
    </testcase>
    <testcase name="Unnamed test case 393" classname="spec_perl_TestParamsPassArrayStruct_t" time="0.00115704536437988">
      <skipped message="ok 2 # skip test_params_pass_array_struct died" />
    </testcase>
    <testcase name="Unnamed test case 394" classname="spec_perl_TestParamsPassArrayStruct_t" time="8.392333984375e-05">
      <skipped message="ok 3 # skip test_params_pass_array_struct died" />
    </testcase>
  </testsuite>
  <testsuite name="spec_perl_TestParamsPassBool_t" errors="0" failures="1" skipped="13" tests="14" time="0.0869109630584717">
    <system-out>1..14
not ok 1 - test_params_pass_bool died (Requested 2 bytes, but only 1 bytes available at ../runtime/perl/lib/IO/KaitaiStruct.pm line 338.)
ok 2 # skip test_params_pass_bool died
ok 3 # skip test_params_pass_bool died
ok 4 # skip test_params_pass_bool died
ok 5 # skip test_params_pass_bool died
ok 6 # skip test_params_pass_bool died
ok 7 # skip test_params_pass_bool died
ok 8 # skip test_params_pass_bool died
ok 9 # skip test_params_pass_bool died
ok 10 # skip test_params_pass_bool died
ok 11 # skip test_params_pass_bool died
ok 12 # skip test_params_pass_bool died
ok 13 # skip test_params_pass_bool died
ok 14 # skip test_params_pass_bool died
</system-out>
    <testcase name="test_params_pass_bool died (Requested 2 bytes, but only 1 bytes available at ../runtime/perl/lib/IO/KaitaiStruct.pm line 338.) (394)" classname="spec_perl_TestParamsPassBool_t" time="0.000276803970336914">
      <failure message="not ok 1 - test_params_pass_bool died (Requested 2 bytes, but only 1 bytes available at ../runtime/perl/lib/IO/KaitaiStruct.pm line 338.)" type="TAP::Parser::Result::Test"></failure>
    </testcase>
    <testcase name="Unnamed test case 395" classname="spec_perl_TestParamsPassBool_t" time="0.00133204460144043">
      <skipped message="ok 2 # skip test_params_pass_bool died" />
    </testcase>
    <testcase name="Unnamed test case 396" classname="spec_perl_TestParamsPassBool_t" time="6.103515625e-05">
      <skipped message="ok 3 # skip test_params_pass_bool died" />
    </testcase>
    <testcase name="Unnamed test case 397" classname="spec_perl_TestParamsPassBool_t" time="5.29289245605469e-05">
      <skipped message="ok 4 # skip test_params_pass_bool died" />
    </testcase>
    <testcase name="Unnamed test case 398" classname="spec_perl_TestParamsPassBool_t" time="4.81605529785156e-05">
      <skipped message="ok 5 # skip test_params_pass_bool died" />
    </testcase>
    <testcase name="Unnamed test case 399" classname="spec_perl_TestParamsPassBool_t" time="4.1961669921875e-05">
      <skipped message="ok 6 # skip test_params_pass_bool died" />
    </testcase>
    <testcase name="Unnamed test case 400" classname="spec_perl_TestParamsPassBool_t" time="3.91006469726562e-05">
      <skipped message="ok 7 # skip test_params_pass_bool died" />
    </testcase>
    <testcase name="Unnamed test case 401" classname="spec_perl_TestParamsPassBool_t" time="7.58171081542969e-05">
      <skipped message="ok 8 # skip test_params_pass_bool died" />
    </testcase>
    <testcase name="Unnamed test case 402" classname="spec_perl_TestParamsPassBool_t" time="4.1961669921875e-05">
      <skipped message="ok 9 # skip test_params_pass_bool died" />
    </testcase>
    <testcase name="Unnamed test case 403" classname="spec_perl_TestParamsPassBool_t" time="4.50611114501953e-05">
      <skipped message="ok 10 # skip test_params_pass_bool died" />
    </testcase>
    <testcase name="Unnamed test case 404" classname="spec_perl_TestParamsPassBool_t" time="5.79357147216797e-05">
      <skipped message="ok 11 # skip test_params_pass_bool died" />
    </testcase>
    <testcase name="Unnamed test case 405" classname="spec_perl_TestParamsPassBool_t" time="0.000670194625854492">
      <skipped message="ok 12 # skip test_params_pass_bool died" />
    </testcase>
    <testcase name="Unnamed test case 406" classname="spec_perl_TestParamsPassBool_t" time="5.10215759277344e-05">
      <skipped message="ok 13 # skip test_params_pass_bool died" />
    </testcase>
    <testcase name="Unnamed test case 407" classname="spec_perl_TestParamsPassBool_t" time="4.10079956054688e-05">
      <skipped message="ok 14 # skip test_params_pass_bool died" />
    </testcase>
  </testsuite>
  <testsuite name="spec_perl_TestNavParent_t" errors="0" failures="0" skipped="0" tests="5" time="0.0897510051727295">
    <system-out>1..5
ok 1 - Equals
ok 2 - Equals
ok 3 - Equals
ok 4 - Equals
ok 5 - Equals
</system-out>
    <testcase name="Equals (407)" classname="spec_perl_TestNavParent_t" time="0.000371932983398438" />
    <testcase name="Equals (408)" classname="spec_perl_TestNavParent_t" time="0.000169038772583008" />
    <testcase name="Equals (409)" classname="spec_perl_TestNavParent_t" time="0.000185012817382812" />
    <testcase name="Equals (410)" classname="spec_perl_TestNavParent_t" time="0.000175952911376953" />
    <testcase name="Equals (411)" classname="spec_perl_TestNavParent_t" time="0.000178098678588867" />
  </testsuite>
  <testsuite name="spec_perl_TestCombineStr_t" errors="0" failures="0" skipped="0" tests="15" time="0.0931611061096191">
    <system-out>1..15
ok 1 - Equals
ok 2 - Equals
ok 3 - Equals
ok 4 - Equals
ok 5 - Equals
ok 6 - Equals
ok 7 - Equals
ok 8 - Equals
ok 9 - Equals
ok 10 - Equals
ok 11 - Equals
ok 12 - Equals
ok 13 - Equals
ok 14 - Equals
ok 15 - Equals
</system-out>
    <testcase name="Equals (412)" classname="spec_perl_TestCombineStr_t" time="0.000286102294921875" />
    <testcase name="Equals (413)" classname="spec_perl_TestCombineStr_t" time="0.00065302848815918" />
    <testcase name="Equals (414)" classname="spec_perl_TestCombineStr_t" time="8.70227813720703e-05" />
    <testcase name="Equals (415)" classname="spec_perl_TestCombineStr_t" time="4.38690185546875e-05" />
    <testcase name="Equals (416)" classname="spec_perl_TestCombineStr_t" time="3.69548797607422e-05" />
    <testcase name="Equals (417)" classname="spec_perl_TestCombineStr_t" time="5.31673431396484e-05" />
    <testcase name="Equals (418)" classname="spec_perl_TestCombineStr_t" time="0.000607967376708984" />
    <testcase name="Equals (419)" classname="spec_perl_TestCombineStr_t" time="4.50611114501953e-05" />
    <testcase name="Equals (420)" classname="spec_perl_TestCombineStr_t" time="3.69548797607422e-05" />
    <testcase name="Equals (421)" classname="spec_perl_TestCombineStr_t" time="8.08238983154297e-05" />
    <testcase name="Equals (422)" classname="spec_perl_TestCombineStr_t" time="5.50746917724609e-05" />
    <testcase name="Equals (423)" classname="spec_perl_TestCombineStr_t" time="0.00015711784362793" />
    <testcase name="Equals (424)" classname="spec_perl_TestCombineStr_t" time="0.000169992446899414" />
    <testcase name="Equals (425)" classname="spec_perl_TestCombineStr_t" time="0.000190973281860352" />
    <testcase name="Equals (426)" classname="spec_perl_TestCombineStr_t" time="0.000164985656738281" />
  </testsuite>
  <testsuite name="spec_perl_TestNavParentSwitch_t" errors="0" failures="0" skipped="0" tests="3" time="0.0787899494171143">
    <system-out>1..3
ok 1 - Equals
ok 2 - Equals
ok 3 - Equals
</system-out>
    <testcase name="Equals (427)" classname="spec_perl_TestNavParentSwitch_t" time="0.00137615203857422" />
    <testcase name="Equals (428)" classname="spec_perl_TestNavParentSwitch_t" time="6.79492950439453e-05" />
    <testcase name="Equals (429)" classname="spec_perl_TestNavParentSwitch_t" time="4.10079956054688e-05" />
  </testsuite>
  <testsuite name="spec_perl_TestInstanceStd_t" errors="0" failures="0" skipped="0" tests="1" time="0.0833649635314941">
    <system-out>1..1
ok 1 - Equals
</system-out>
    <testcase name="Equals (430)" classname="spec_perl_TestInstanceStd_t" time="0.000236034393310547" />
  </testsuite>
  <testsuite name="spec_perl_TestParamsCallExtraParens_t" errors="0" failures="1" skipped="0" tests="1" time="0.0933539867401123">
    <system-out>1..1
not ok 1 - Equals
</system-out>
    <testcase name="Equals (431)" classname="spec_perl_TestParamsCallExtraParens_t" time="0.0010831356048584">
      <failure message="not ok 1 - Equals" type="TAP::Parser::Result::Test"></failure>
    </testcase>
  </testsuite>
  <testsuite name="spec_perl_TestStrEncodings_t" errors="0" failures="0" skipped="0" tests="4" time="0.0908792018890381">
    <system-out>1..4
ok 1 - Equals
ok 2 - Equals
ok 3 - Equals
ok 4 - Equals
</system-out>
    <testcase name="Equals (432)" classname="spec_perl_TestStrEncodings_t" time="0.00496220588684082" />
    <testcase name="Equals (433)" classname="spec_perl_TestStrEncodings_t" time="8.48770141601562e-05" />
    <testcase name="Equals (434)" classname="spec_perl_TestStrEncodings_t" time="0.000167131423950195" />
    <testcase name="Equals (435)" classname="spec_perl_TestStrEncodings_t" time="0.000173807144165039" />
  </testsuite>
  <testsuite name="spec_perl_TestExpr1_t" errors="0" failures="0" skipped="0" tests="4" time="0.0826611518859863">
    <system-out>1..4
ok 1 - Equals
ok 2 - Equals
ok 3 - Equals
ok 4 - Equals
</system-out>
    <testcase name="Equals (436)" classname="spec_perl_TestExpr1_t" time="0.000219821929931641" />
    <testcase name="Equals (437)" classname="spec_perl_TestExpr1_t" time="0.000130176544189453" />
    <testcase name="Equals (438)" classname="spec_perl_TestExpr1_t" time="0.000169038772583008" />
    <testcase name="Equals (439)" classname="spec_perl_TestExpr1_t" time="0.000171899795532227" />
  </testsuite>
  <testsuite name="spec_perl_TestCombineEnum_t" errors="0" failures="0" skipped="0" tests="3" time="0.0829880237579346">
    <system-out>1..3
ok 1 - Equals
ok 2 - Equals
ok 3 - Equals
</system-out>
    <testcase name="Equals (440)" classname="spec_perl_TestCombineEnum_t" time="0.000208854675292969" />
    <testcase name="Equals (441)" classname="spec_perl_TestCombineEnum_t" time="0.000147104263305664" />
    <testcase name="Equals (442)" classname="spec_perl_TestCombineEnum_t" time="0.000169992446899414" />
  </testsuite>
  <testsuite name="spec_perl_TestRepeatNStrzDouble_t" errors="0" failures="0" skipped="0" tests="3" time="0.0826289653778076">
    <system-out>1..3
ok 1 - Equals
ok 2 - Equals
ok 3 - Equals
</system-out>
    <testcase name="Equals (443)" classname="spec_perl_TestRepeatNStrzDouble_t" time="0.000283956527709961" />
    <testcase name="Equals (444)" classname="spec_perl_TestRepeatNStrzDouble_t" time="0.000104188919067383" />
    <testcase name="Equals (445)" classname="spec_perl_TestRepeatNStrzDouble_t" time="0.000113964080810547" />
  </testsuite>
  <testsuite name="spec_perl_TestEnum0_t" errors="0" failures="0" skipped="0" tests="2" time="0.0856490135192871">
    <system-out>1..2
ok 1 - Equals
ok 2 - Equals
</system-out>
    <testcase name="Equals (446)" classname="spec_perl_TestEnum0_t" time="0.000230073928833008" />
    <testcase name="Equals (447)" classname="spec_perl_TestEnum0_t" time="0.000133037567138672" />
  </testsuite>
  <testsuite name="spec_perl_TestInstanceStdArray_t" errors="0" failures="0" skipped="0" tests="7" time="0.080582857131958">
    <system-out>1..7
ok 1 - Equals
ok 2 - Equals
ok 3 - Equals
ok 4 - Equals
ok 5 - Equals
ok 6 - Equals
ok 7 - Equals
</system-out>
    <testcase name="Equals (448)" classname="spec_perl_TestInstanceStdArray_t" time="0.000362873077392578" />
    <testcase name="Equals (449)" classname="spec_perl_TestInstanceStdArray_t" time="0.000190019607543945" />
    <testcase name="Equals (450)" classname="spec_perl_TestInstanceStdArray_t" time="0.000195980072021484" />
    <testcase name="Equals (451)" classname="spec_perl_TestInstanceStdArray_t" time="0.000199079513549805" />
    <testcase name="Equals (452)" classname="spec_perl_TestInstanceStdArray_t" time="0.000171899795532227" />
    <testcase name="Equals (453)" classname="spec_perl_TestInstanceStdArray_t" time="0.000169038772583008" />
    <testcase name="Equals (454)" classname="spec_perl_TestInstanceStdArray_t" time="0.000184059143066406" />
  </testsuite>
[...]
  </testsuite>
  <testsuite name="spec_perl_TestValidShort_t" errors="0" failures="0" skipped="1" tests="1" time="0.0891451835632324">
    <system-out>1..1
ok 1 # skip ValidShort=HASH(0x55e6a3e48f20)
</system-out>
    <testcase name="Unnamed test case 893" classname="spec_perl_TestValidShort_t" time="0.0017249584197998">
      <skipped message="ok 1 # skip ValidShort=HASH(0x55e6a3e48f20)" />
    </testcase>
  </testsuite>
  <testsuite name="spec_perl_TestSwitchRepeatExpr_t" errors="0" failures="0" skipped="0" tests="3" time="0.079693078994751">
    <system-out>1..3
ok 1 - Equals
ok 2 - Equals
ok 3 - Equals
</system-out>
    <testcase name="Equals (894)" classname="spec_perl_TestSwitchRepeatExpr_t" time="0.000586986541748047" />
    <testcase name="Equals (895)" classname="spec_perl_TestSwitchRepeatExpr_t" time="0.000107049942016602" />
    <testcase name="Equals (896)" classname="spec_perl_TestSwitchRepeatExpr_t" time="0.000163078308105469" />
  </testsuite>
  <testsuite name="spec_perl_TestParamsPassArrayStr_t" errors="0" failures="1" skipped="6" tests="7" time="0.0927350521087646">
    <system-out>1..7
not ok 1 - test_params_pass_array_str died (Can't use an undefined value as an ARRAY reference at spec/perl/TestParamsPassArrayStr.t line 14.)
ok 2 # skip test_params_pass_array_str died
ok 3 # skip test_params_pass_array_str died
ok 4 # skip test_params_pass_array_str died
ok 5 # skip test_params_pass_array_str died
ok 6 # skip test_params_pass_array_str died
ok 7 # skip test_params_pass_array_str died
</system-out>
    <testcase name="test_params_pass_array_str died (Can't use an undefined value as an ARRAY reference at spec/perl/TestParamsPassArrayStr.t line 14.) (896)" classname="spec_perl_TestParamsPassArrayStr_t" time="0.000332117080688477">
      <failure message="not ok 1 - test_params_pass_array_str died (Can't use an undefined value as an ARRAY reference at spec/perl/TestParamsPassArrayStr.t line 14.)" type="TAP::Parser::Result::Test"></failure>
    </testcase>
    <testcase name="Unnamed test case 896" classname="spec_perl_TestParamsPassArrayStr_t" time="0.00107192993164062">
      <skipped message="ok 2 # skip test_params_pass_array_str died" />
    </testcase>
    <testcase name="Unnamed test case 897" classname="spec_perl_TestParamsPassArrayStr_t" time="6.103515625e-05">
      <skipped message="ok 3 # skip test_params_pass_array_str died" />
    </testcase>
    <testcase name="Unnamed test case 898" classname="spec_perl_TestParamsPassArrayStr_t" time="9.29832458496094e-05">
      <skipped message="ok 4 # skip test_params_pass_array_str died" />
    </testcase>
    <testcase name="Unnamed test case 899" classname="spec_perl_TestParamsPassArrayStr_t" time="6.29425048828125e-05">
      <skipped message="ok 5 # skip test_params_pass_array_str died" />
    </testcase>
    <testcase name="Unnamed test case 900" classname="spec_perl_TestParamsPassArrayStr_t" time="0.000741958618164062">
      <skipped message="ok 6 # skip test_params_pass_array_str died" />
    </testcase>
    <testcase name="Unnamed test case 901" classname="spec_perl_TestParamsPassArrayStr_t" time="6.50882720947266e-05">
      <skipped message="ok 7 # skip test_params_pass_array_str died" />
    </testcase>
  </testsuite>
  <testsuite name="spec_perl_TestProcessXorConst_t" errors="0" failures="0" skipped="0" tests="2" time="0.0794558525085449">
    <system-out>1..2
ok 1 - Equals
ok 2 - Equals
</system-out>
    <testcase name="Equals (901)" classname="spec_perl_TestProcessXorConst_t" time="0.00023198127746582" />
    <testcase name="Equals (902)" classname="spec_perl_TestProcessXorConst_t" time="0.000134944915771484" />
  </testsuite>
  <testsuite name="spec_perl_TestExprStrEncodings_t" errors="0" failures="0" skipped="0" tests="7" time="0.0946640968322754">
    <system-out>1..7
ok 1 - Equals
ok 2 - Equals
ok 3 - Equals
ok 4 - Equals
ok 5 - Equals
ok 6 - Equals
ok 7 - Equals
</system-out>
    <testcase name="Equals (903)" classname="spec_perl_TestExprStrEncodings_t" time="0.00444388389587402" />
    <testcase name="Equals (904)" classname="spec_perl_TestExprStrEncodings_t" time="0.000545024871826172" />
    <testcase name="Equals (905)" classname="spec_perl_TestExprStrEncodings_t" time="0.000228166580200195" />
    <testcase name="Equals (906)" classname="spec_perl_TestExprStrEncodings_t" time="0.000261783599853516" />
    <testcase name="Equals (907)" classname="spec_perl_TestExprStrEncodings_t" time="0.000152111053466797" />
    <testcase name="Equals (908)" classname="spec_perl_TestExprStrEncodings_t" time="0.000152111053466797" />
    <testcase name="Equals (909)" classname="spec_perl_TestExprStrEncodings_t" time="0.000168800354003906" />
  </testsuite>
  <testsuite name="spec_perl_TestExprArray_t" errors="0" failures="0" skipped="0" tests="15" time="0.0856730937957764">
    <system-out>1..15
ok 1 - Equals
ok 2 - Equals
ok 3 - Equals
ok 4 - Equals
ok 5 - Equals
ok 6 - Equals
ok 7 - Approx equals
ok 8 - Approx equals
ok 9 - Approx equals
ok 10 - Approx equals
ok 11 - Equals
ok 12 - Equals
ok 13 - Equals
ok 14 - Equals
ok 15 - Equals
</system-out>
    <testcase name="Equals (910)" classname="spec_perl_TestExprArray_t" time="0.000349044799804688" />
    <testcase name="Equals (911)" classname="spec_perl_TestExprArray_t" time="0.000138998031616211" />
    <testcase name="Equals (912)" classname="spec_perl_TestExprArray_t" time="0.000168085098266602" />
    <testcase name="Equals (913)" classname="spec_perl_TestExprArray_t" time="0.00017094612121582" />
    <testcase name="Equals (914)" classname="spec_perl_TestExprArray_t" time="0.000166893005371094" />
    <testcase name="Equals (915)" classname="spec_perl_TestExprArray_t" time="0.000167131423950195" />
    <testcase name="Approx equals (915)" classname="spec_perl_TestExprArray_t" time="9.29832458496094e-05" />
    <testcase name="Approx equals (916)" classname="spec_perl_TestExprArray_t" time="5.38825988769531e-05" />
    <testcase name="Approx equals (917)" classname="spec_perl_TestExprArray_t" time="4.91142272949219e-05" />
    <testcase name="Approx equals (918)" classname="spec_perl_TestExprArray_t" time="7.98702239990234e-05" />
    <testcase name="Equals (918)" classname="spec_perl_TestExprArray_t" time="0.000177145004272461" />
    <testcase name="Equals (919)" classname="spec_perl_TestExprArray_t" time="0.000178813934326172" />
    <testcase name="Equals (920)" classname="spec_perl_TestExprArray_t" time="0.000174999237060547" />
    <testcase name="Equals (921)" classname="spec_perl_TestExprArray_t" time="0.000162124633789062" />
    <testcase name="Equals (922)" classname="spec_perl_TestExprArray_t" time="0.000227928161621094" />
  </testsuite>
  <testsuite name="spec_perl_TestOptionalId_t" errors="0" failures="0" skipped="0" tests="3" time="0.0883119106292725">
    <system-out>1..3
ok 1 - Equals
ok 2 - Equals
ok 3 - Equals
</system-out>
    <testcase name="Equals (923)" classname="spec_perl_TestOptionalId_t" time="0.000226020812988281" />
    <testcase name="Equals (924)" classname="spec_perl_TestOptionalId_t" time="0.000150918960571289" />
    <testcase name="Equals (925)" classname="spec_perl_TestOptionalId_t" time="0.000173091888427734" />
  </testsuite>
  <testsuite name="spec_perl_TestSwitchCast_t" errors="0" failures="0" skipped="0" tests="2" time="0.0871231555938721">
    <system-out>1..2
ok 1 - Equals
ok 2 - Equals
</system-out>
    <testcase name="Equals (926)" classname="spec_perl_TestSwitchCast_t" time="0.000304937362670898" />
    <testcase name="Equals (927)" classname="spec_perl_TestSwitchCast_t" time="0.000149011611938477" />
  </testsuite>
  <testsuite name="spec_perl_TestValidNotParsedIf_t" errors="0" failures="0" skipped="1" tests="1" time="0.0829000473022461">
    <system-out>1..1
ok 1 # skip ValidNotParsedIf=HASH(0x563778f28430)
</system-out>
    <testcase name="Unnamed test case 927" classname="spec_perl_TestValidNotParsedIf_t" time="0.00138616561889648">
      <skipped message="ok 1 # skip ValidNotParsedIf=HASH(0x563778f28430)" />
    </testcase>
  </testsuite>
  <testsuite name="spec_perl_TestExprCalcArrayOps_t" errors="0" failures="0" skipped="0" tests="18" time="0.0850911140441895">
    <system-out>1..18
ok 1 - Equals
ok 2 - Equals
ok 3 - Equals
ok 4 - Equals
ok 5 - Equals
ok 6 - Equals
ok 7 - Equals
ok 8 - Approx equals
ok 9 - Approx equals
ok 10 - Approx equals
ok 11 - Approx equals
ok 12 - Approx equals
ok 13 - Equals
ok 14 - Equals
ok 15 - Equals
ok 16 - Equals
ok 17 - Equals
ok 18 - Equals
</system-out>
    <testcase name="Equals (928)" classname="spec_perl_TestExprCalcArrayOps_t" time="0.000367164611816406" />
    <testcase name="Equals (929)" classname="spec_perl_TestExprCalcArrayOps_t" time="0.000150918960571289" />
    <testcase name="Equals (930)" classname="spec_perl_TestExprCalcArrayOps_t" time="0.000165939331054688" />
    <testcase name="Equals (931)" classname="spec_perl_TestExprCalcArrayOps_t" time="0.00018310546875" />
    <testcase name="Equals (932)" classname="spec_perl_TestExprCalcArrayOps_t" time="0.000165939331054688" />
    <testcase name="Equals (933)" classname="spec_perl_TestExprCalcArrayOps_t" time="0.000173091888427734" />
    <testcase name="Equals (934)" classname="spec_perl_TestExprCalcArrayOps_t" time="0.000175952911376953" />
    <testcase name="Approx equals (934)" classname="spec_perl_TestExprCalcArrayOps_t" time="8.70227813720703e-05" />
    <testcase name="Approx equals (935)" classname="spec_perl_TestExprCalcArrayOps_t" time="5.38825988769531e-05" />
    <testcase name="Approx equals (936)" classname="spec_perl_TestExprCalcArrayOps_t" time="8.10623168945312e-05" />
    <testcase name="Approx equals (937)" classname="spec_perl_TestExprCalcArrayOps_t" time="5.29289245605469e-05" />
    <testcase name="Approx equals (938)" classname="spec_perl_TestExprCalcArrayOps_t" time="7.60555267333984e-05" />
    <testcase name="Equals (938)" classname="spec_perl_TestExprCalcArrayOps_t" time="0.000187873840332031" />
    <testcase name="Equals (939)" classname="spec_perl_TestExprCalcArrayOps_t" time="0.00021815299987793" />
    <testcase name="Equals (940)" classname="spec_perl_TestExprCalcArrayOps_t" time="0.000159978866577148" />
    <testcase name="Equals (941)" classname="spec_perl_TestExprCalcArrayOps_t" time="0.000174045562744141" />
    <testcase name="Equals (942)" classname="spec_perl_TestExprCalcArrayOps_t" time="0.0001678466796875" />
    <testcase name="Equals (943)" classname="spec_perl_TestExprCalcArrayOps_t" time="0.00018310546875" />
  </testsuite>
  <testsuite name="spec_perl_TestProcessCoerceBytes_t" errors="0" failures="0" skipped="0" tests="4" time="0.0826058387756348">
    <system-out>1..4
ok 1 - Equals
ok 2 - Equals
ok 3 - Equals
ok 4 - Equals
</system-out>
    <testcase name="Equals (944)" classname="spec_perl_TestProcessCoerceBytes_t" time="0.000241994857788086" />
    <testcase name="Equals (945)" classname="spec_perl_TestProcessCoerceBytes_t" time="0.000168085098266602" />
    <testcase name="Equals (946)" classname="spec_perl_TestProcessCoerceBytes_t" time="0.000160932540893555" />
    <testcase name="Equals (947)" classname="spec_perl_TestProcessCoerceBytes_t" time="0.000164031982421875" />
  </testsuite>
  <testsuite name="spec_perl_TestNavParent3_t" errors="0" failures="0" skipped="0" tests="10" time="0.114109992980957">
    <system-out>1..10
ok 1 - Equals
ok 2 - Equals
ok 3 - Equals
ok 4 - Equals
ok 5 - Equals
ok 6 - Equals
ok 7 - Equals
ok 8 - Equals
ok 9 - Equals
ok 10 - Equals
</system-out>
    <testcase name="Equals (948)" classname="spec_perl_TestNavParent3_t" time="0.000258922576904297" />
    <testcase name="Equals (949)" classname="spec_perl_TestNavParent3_t" time="0.000601053237915039" />
    <testcase name="Equals (950)" classname="spec_perl_TestNavParent3_t" time="5.00679016113281e-05" />
    <testcase name="Equals (951)" classname="spec_perl_TestNavParent3_t" time="3.88622283935547e-05" />
    <testcase name="Equals (952)" classname="spec_perl_TestNavParent3_t" time="5.81741333007812e-05" />
    <testcase name="Equals (953)" classname="spec_perl_TestNavParent3_t" time="0.000174999237060547" />
    <testcase name="Equals (954)" classname="spec_perl_TestNavParent3_t" time="0.000165939331054688" />
    <testcase name="Equals (955)" classname="spec_perl_TestNavParent3_t" time="0.000165939331054688" />
    <testcase name="Equals (956)" classname="spec_perl_TestNavParent3_t" time="0.000180959701538086" />
    <testcase name="Equals (957)" classname="spec_perl_TestNavParent3_t" time="0.000207185745239258" />
  </testsuite>
  <testsuite name="spec_perl_TestNavRoot_t" errors="0" failures="0" skipped="0" tests="5" time="0.0974621772766113">
    <system-out>1..5
ok 1 - Equals
ok 2 - Equals
ok 3 - Equals
ok 4 - Equals
ok 5 - Equals
</system-out>
    <testcase name="Equals (958)" classname="spec_perl_TestNavRoot_t" time="0.000379085540771484" />
    <testcase name="Equals (959)" classname="spec_perl_TestNavRoot_t" time="0.00020599365234375" />
    <testcase name="Equals (960)" classname="spec_perl_TestNavRoot_t" time="0.00020599365234375" />
    <testcase name="Equals (961)" classname="spec_perl_TestNavRoot_t" time="0.000193119049072266" />
    <testcase name="Equals (962)" classname="spec_perl_TestNavRoot_t" time="0.000173807144165039" />
  </testsuite>
  <testsuite name="spec_perl_TestIndexToParamEos_t" errors="0" failures="2" skipped="0" tests="7" time="0.0933530330657959">
    <system-out>1..7
ok 1 - Equals
ok 2 - Equals
ok 3 - Equals
ok 4 - Equals
ok 5 - Equals
not ok 6 - Equals
not ok 7 - Equals
</system-out>
    <testcase name="Equals (963)" classname="spec_perl_TestIndexToParamEos_t" time="0.00334596633911133" />
    <testcase name="Equals (964)" classname="spec_perl_TestIndexToParamEos_t" time="6.103515625e-05" />
    <testcase name="Equals (965)" classname="spec_perl_TestIndexToParamEos_t" time="4.10079956054688e-05" />
    <testcase name="Equals (966)" classname="spec_perl_TestIndexToParamEos_t" time="3.60012054443359e-05" />
    <testcase name="Equals (967)" classname="spec_perl_TestIndexToParamEos_t" time="3.38554382324219e-05" />
    <testcase name="Equals (968)" classname="spec_perl_TestIndexToParamEos_t" time="4.41074371337891e-05">
      <failure message="not ok 6 - Equals" type="TAP::Parser::Result::Test"></failure>
    </testcase>
    <testcase name="Equals (969)" classname="spec_perl_TestIndexToParamEos_t" time="4.1961669921875e-05">
      <failure message="not ok 7 - Equals" type="TAP::Parser::Result::Test"></failure>
    </testcase>
  </testsuite>
  <testsuite name="spec_perl_TestValidSwitch_t" errors="0" failures="0" skipped="1" tests="1" time="0.0794849395751953">
    <system-out>1..1
ok 1 # skip ValidSwitch=HASH(0x555b0d397c48)
</system-out>
    <testcase name="Unnamed test case 969" classname="spec_perl_TestValidSwitch_t" time="0.00140213966369629">
      <skipped message="ok 1 # skip ValidSwitch=HASH(0x555b0d397c48)" />
    </testcase>
  </testsuite>
  <testsuite name="spec_perl_TestSwitchElseOnly_t" errors="0" failures="0" skipped="0" tests="3" time="0.0894739627838135">
    <system-out>1..3
ok 1 - Equals
ok 2 - Equals
ok 3 - Equals
</system-out>
    <testcase name="Equals (970)" classname="spec_perl_TestSwitchElseOnly_t" time="0.000216007232666016" />
    <testcase name="Equals (971)" classname="spec_perl_TestSwitchElseOnly_t" time="0.000164031982421875" />
    <testcase name="Equals (972)" classname="spec_perl_TestSwitchElseOnly_t" time="0.000164031982421875" />
  </testsuite>
  <testsuite name="spec_perl_TestDocstringsDocref_t" errors="0" failures="0" skipped="1" tests="1" time="0.0858018398284912">
    <system-out>1..1
ok 1 # skip DocstringsDocref=HASH(0x562ebdec7ae8)
</system-out>
    <testcase name="Unnamed test case 972" classname="spec_perl_TestDocstringsDocref_t" time="0.00141406059265137">
      <skipped message="ok 1 # skip DocstringsDocref=HASH(0x562ebdec7ae8)" />
    </testcase>
  </testsuite>
  <testsuite name="spec_perl_TestExprSizeofValueSized_t" errors="0" failures="0" skipped="0" tests="5" time="0.0880630016326904">
    <system-out>1..5
ok 1 - Equals
ok 2 - Equals
ok 3 - Equals
ok 4 - Equals
ok 5 - Equals
</system-out>
    <testcase name="Equals (973)" classname="spec_perl_TestExprSizeofValueSized_t" time="0.000694990158081055" />
    <testcase name="Equals (974)" classname="spec_perl_TestExprSizeofValueSized_t" time="9.918212890625e-05" />
    <testcase name="Equals (975)" classname="spec_perl_TestExprSizeofValueSized_t" time="0.000200986862182617" />
    <testcase name="Equals (976)" classname="spec_perl_TestExprSizeofValueSized_t" time="0.000185966491699219" />
    <testcase name="Equals (977)" classname="spec_perl_TestExprSizeofValueSized_t" time="0.000184059143066406" />
  </testsuite>
  <testsuite name="spec_perl_TestProcessXor4Value_t" errors="0" failures="0" skipped="0" tests="2" time="0.0789680480957031">
    <system-out>1..2
ok 1 - Equals
ok 2 - Equals
</system-out>
    <testcase name="Equals (978)" classname="spec_perl_TestProcessXor4Value_t" time="0.000221014022827148" />
    <testcase name="Equals (979)" classname="spec_perl_TestProcessXor4Value_t" time="0.0001678466796875" />
  </testsuite>
  <testsuite name="spec_perl_TestNavParentFalse_t" errors="0" failures="0" skipped="0" tests="5" time="0.0860228538513184">
    <system-out>1..5
ok 1 - Equals
ok 2 - Equals
ok 3 - Equals
ok 4 - Equals
ok 5 - Equals
</system-out>
    <testcase name="Equals (980)" classname="spec_perl_TestNavParentFalse_t" time="0.000257015228271484" />
    <testcase name="Equals (981)" classname="spec_perl_TestNavParentFalse_t" time="0.00014495849609375" />
    <testcase name="Equals (982)" classname="spec_perl_TestNavParentFalse_t" time="0.000179052352905273" />
    <testcase name="Equals (983)" classname="spec_perl_TestNavParentFalse_t" time="0.000172853469848633" />
    <testcase name="Equals (984)" classname="spec_perl_TestNavParentFalse_t" time="0.000174999237060547" />
  </testsuite>
  <testsuite name="spec_perl_TestBitsShiftByB32Le_t" errors="0" failures="0" skipped="0" tests="2" time="0.0896370410919189">
    <system-out>1..2
ok 1 - Equals
ok 2 - Equals
</system-out>
    <testcase name="Equals (985)" classname="spec_perl_TestBitsShiftByB32Le_t" time="0.000278949737548828" />
    <testcase name="Equals (986)" classname="spec_perl_TestBitsShiftByB32Le_t" time="0.000141143798828125" />
  </testsuite>
  <testsuite name="spec_perl_TestSwitchManualIntSizeEos_t" errors="0" failures="0" skipped="0" tests="10" time="0.0903668403625488">
    <system-out>1..10
ok 1 - Equals
ok 2 - Equals
ok 3 - Equals
ok 4 - Equals
ok 5 - Equals
ok 6 - Equals
ok 7 - Equals
ok 8 - Equals
ok 9 - Equals
ok 10 - Equals
</system-out>
    <testcase name="Equals (987)" classname="spec_perl_TestSwitchManualIntSizeEos_t" time="0.000854015350341797" />
    <testcase name="Equals (988)" classname="spec_perl_TestSwitchManualIntSizeEos_t" time="7.89165496826172e-05" />
    <testcase name="Equals (989)" classname="spec_perl_TestSwitchManualIntSizeEos_t" time="0.000189065933227539" />
    <testcase name="Equals (990)" classname="spec_perl_TestSwitchManualIntSizeEos_t" time="0.000161886215209961" />
    <testcase name="Equals (991)" classname="spec_perl_TestSwitchManualIntSizeEos_t" time="0.000349044799804688" />
    <testcase name="Equals (992)" classname="spec_perl_TestSwitchManualIntSizeEos_t" time="0.000164985656738281" />
    <testcase name="Equals (993)" classname="spec_perl_TestSwitchManualIntSizeEos_t" time="0.000236988067626953" />
    <testcase name="Equals (994)" classname="spec_perl_TestSwitchManualIntSizeEos_t" time="0.000514030456542969" />
    <testcase name="Equals (995)" classname="spec_perl_TestSwitchManualIntSizeEos_t" time="0.000149011611938477" />
    <testcase name="Equals (996)" classname="spec_perl_TestSwitchManualIntSizeEos_t" time="0.000262975692749023" />
  </testsuite>
</testsuites>
