<?xml version='1.0' encoding='utf-8'?>
<testsuites>
  <testsuite name="spec_perl_TestIntegersMinMax_t" errors="0" failures="0" skipped="0" tests="28" time="0.0644028186798096">
    <system-out>1..28
ok 1 - Equals
ok 2 - Equals
ok 3 - Equals
ok 4 - Equals
ok 5 - Equals
ok 6 - Equals
ok 7 - Equals
ok 8 - Equals
ok 9 - Equals
ok 10 - Equals
ok 11 - Equals
ok 12 - Equals
ok 13 - Equals
ok 14 - Equals
ok 15 - Equals
ok 16 - Equals
ok 17 - Equals
ok 18 - Equals
ok 19 - Equals
ok 20 - Equals
ok 21 - Equals
ok 22 - Equals
ok 23 - Equals
ok 24 - Equals
ok 25 - Equals
ok 26 - Equals
ok 27 - Equals
ok 28 - Equals
</system-out>
    <testcase name="Equals" classname="spec_perl_TestIntegersMinMax_t" time="0.000449180603027344" />
    <testcase name="Equals (2)" classname="spec_perl_TestIntegersMinMax_t" time="9.17911529541016e-05" />
    <testcase name="Equals (3)" classname="spec_perl_TestIntegersMinMax_t" time="5.60283660888672e-05" />
    <testcase name="Equals (4)" classname="spec_perl_TestIntegersMinMax_t" time="9.29832458496094e-05" />
    <testcase name="Equals (5)" classname="spec_perl_TestIntegersMinMax_t" time="0.000156164169311523" />
    <testcase name="Equals (6)" classname="spec_perl_TestIntegersMinMax_t" time="0.000114917755126953" />
    <testcase name="Equals (7)" classname="spec_perl_TestIntegersMinMax_t" time="0.000137090682983398" />
    <testcase name="Equals (8)" classname="spec_perl_TestIntegersMinMax_t" time="0.000119924545288086" />
    <testcase name="Equals (9)" classname="spec_perl_TestIntegersMinMax_t" time="0.000143051147460938" />
    <testcase name="Equals (10)" classname="spec_perl_TestIntegersMinMax_t" time="0.000129938125610352" />
    <testcase name="Equals (11)" classname="spec_perl_TestIntegersMinMax_t" time="0.000121116638183594" />
    <testcase name="Equals (12)" classname="spec_perl_TestIntegersMinMax_t" time="0.000147819519042969" />
    <testcase name="Equals (13)" classname="spec_perl_TestIntegersMinMax_t" time="0.000130176544189453" />
    <testcase name="Equals (14)" classname="spec_perl_TestIntegersMinMax_t" time="0.00014185905456543" />
    <testcase name="Equals (15)" classname="spec_perl_TestIntegersMinMax_t" time="0.000118017196655273" />
    <testcase name="Equals (16)" classname="spec_perl_TestIntegersMinMax_t" time="0.000154972076416016" />
    <testcase name="Equals (17)" classname="spec_perl_TestIntegersMinMax_t" time="0.000105142593383789" />
    <testcase name="Equals (18)" classname="spec_perl_TestIntegersMinMax_t" time="0.000142812728881836" />
    <testcase name="Equals (19)" classname="spec_perl_TestIntegersMinMax_t" time="0.000117063522338867" />
    <testcase name="Equals (20)" classname="spec_perl_TestIntegersMinMax_t" time="0.000141143798828125" />
    <testcase name="Equals (21)" classname="spec_perl_TestIntegersMinMax_t" time="0.000120878219604492" />
    <testcase name="Equals (22)" classname="spec_perl_TestIntegersMinMax_t" time="0.000147104263305664" />
    <testcase name="Equals (23)" classname="spec_perl_TestIntegersMinMax_t" time="0.000121831893920898" />
    <testcase name="Equals (24)" classname="spec_perl_TestIntegersMinMax_t" time="0.000128984451293945" />
    <testcase name="Equals (25)" classname="spec_perl_TestIntegersMinMax_t" time="0.000121116638183594" />
    <testcase name="Equals (26)" classname="spec_perl_TestIntegersMinMax_t" time="0.00017094612121582" />
    <testcase name="Equals (27)" classname="spec_perl_TestIntegersMinMax_t" time="0.000118017196655273" />
    <testcase name="Equals (28)" classname="spec_perl_TestIntegersMinMax_t" time="0.000150918960571289" />
  </testsuite>
  <testsuite name="spec_perl_TestStrEncodingsDefault_t" errors="0" failures="0" skipped="0" tests="4" time="0.0518579483032227">
    <system-out>1..4
ok 1 - Equals
ok 2 - Equals
ok 3 - Equals
ok 4 - Equals
</system-out>
    <testcase name="Equals (29)" classname="spec_perl_TestStrEncodingsDefault_t" time="0.00341916084289551" />
    <testcase name="Equals (30)" classname="spec_perl_TestStrEncodingsDefault_t" time="0.000105857849121094" />
    <testcase name="Equals (31)" classname="spec_perl_TestStrEncodingsDefault_t" time="6.103515625e-05" />
    <testcase name="Equals (32)" classname="spec_perl_TestStrEncodingsDefault_t" time="0.000160932540893555" />
  </testsuite>
  <testsuite name="spec_perl_TestSwitchMultiBoolOps_t" errors="0" failures="0" skipped="0" tests="9" time="0.045475959777832">
    <system-out>1..9
ok 1 - Equals
ok 2 - Equals
ok 3 - Equals
ok 4 - Equals
ok 5 - Equals
ok 6 - Equals
ok 7 - Equals
ok 8 - Equals
ok 9 - Equals
</system-out>
    <testcase name="Equals (33)" classname="spec_perl_TestSwitchMultiBoolOps_t" time="0.000251054763793945" />
    <testcase name="Equals (34)" classname="spec_perl_TestSwitchMultiBoolOps_t" time="7.89165496826172e-05" />
    <testcase name="Equals (35)" classname="spec_perl_TestSwitchMultiBoolOps_t" time="0.000136137008666992" />
    <testcase name="Equals (36)" classname="spec_perl_TestSwitchMultiBoolOps_t" time="0.00011897087097168" />
    <testcase name="Equals (37)" classname="spec_perl_TestSwitchMultiBoolOps_t" time="0.000159978866577148" />
    <testcase name="Equals (38)" classname="spec_perl_TestSwitchMultiBoolOps_t" time="9.58442687988281e-05" />
    <testcase name="Equals (39)" classname="spec_perl_TestSwitchMultiBoolOps_t" time="0.000123023986816406" />
    <testcase name="Equals (40)" classname="spec_perl_TestSwitchMultiBoolOps_t" time="0.00011897087097168" />
    <testcase name="Equals (41)" classname="spec_perl_TestSwitchMultiBoolOps_t" time="0.000143051147460938" />
  </testsuite>
  <testsuite name="spec_perl_TestIoLocalVar_t" errors="0" failures="0" skipped="0" tests="2" time="0.0466499328613281">
    <system-out>1..2
ok 1 - Equals
ok 2 - Equals
</system-out>
    <testcase name="Equals (42)" classname="spec_perl_TestIoLocalVar_t" time="0.000662803649902344" />
    <testcase name="Equals (43)" classname="spec_perl_TestIoLocalVar_t" time="0.000111103057861328" />
  </testsuite>
  <testsuite name="spec_perl_TestNavParentOverride_t" errors="0" failures="0" skipped="0" tests="3" time="0.0441358089447021">
    <system-out>1..3
ok 1 - Equals
ok 2 - Equals
ok 3 - Equals
</system-out>
    <testcase name="Equals (44)" classname="spec_perl_TestNavParentOverride_t" time="0.00022578239440918" />
    <testcase name="Equals (45)" classname="spec_perl_TestNavParentOverride_t" time="7.91549682617188e-05" />
    <testcase name="Equals (46)" classname="spec_perl_TestNavParentOverride_t" time="0.000155925750732422" />
  </testsuite>
  <testsuite name="spec_perl_TestRepeatNStruct_t" errors="0" failures="0" skipped="0" tests="5" time="0.0462090969085693">
    <system-out>1..5
ok 1 - Equals
ok 2 - Equals
ok 3 - Equals
ok 4 - Equals
ok 5 - Equals
</system-out>
    <testcase name="Equals (47)" classname="spec_perl_TestRepeatNStruct_t" time="0.000322103500366211" />
    <testcase name="Equals (48)" classname="spec_perl_TestRepeatNStruct_t" time="8.98838043212891e-05" />
    <testcase name="Equals (49)" classname="spec_perl_TestRepeatNStruct_t" time="0.00012516975402832" />
    <testcase name="Equals (50)" classname="spec_perl_TestRepeatNStruct_t" time="0.000150918960571289" />
    <testcase name="Equals (51)" classname="spec_perl_TestRepeatNStruct_t" time="0.000113964080810547" />
  </testsuite>
  <testsuite name="spec_perl_TestTypeIntUnaryOp_t" errors="0" failures="0" skipped="0" tests="4" time="0.0439770221710205">
    <system-out>1..4
ok 1 - Equals
ok 2 - Equals
ok 3 - Equals
ok 4 - Equals
</system-out>
    <testcase name="Equals (52)" classname="spec_perl_TestTypeIntUnaryOp_t" time="0.000230073928833008" />
    <testcase name="Equals (53)" classname="spec_perl_TestTypeIntUnaryOp_t" time="7.60555267333984e-05" />
    <testcase name="Equals (54)" classname="spec_perl_TestTypeIntUnaryOp_t" time="0.000131845474243164" />
    <testcase name="Equals (55)" classname="spec_perl_TestTypeIntUnaryOp_t" time="0.000147104263305664" />
  </testsuite>
  <testsuite name="spec_perl_TestImportsAbs_t" errors="0" failures="0" skipped="0" tests="2" time="0.0456540584564209">
    <system-out>1..2
ok 1 - Equals
ok 2 - Equals
</system-out>
    <testcase name="Equals (56)" classname="spec_perl_TestImportsAbs_t" time="0.000237941741943359" />
    <testcase name="Equals (57)" classname="spec_perl_TestImportsAbs_t" time="8.0108642578125e-05" />
  </testsuite>
  <testsuite name="spec_perl_TestEnumLongRangeS_t" errors="0" failures="0" skipped="0" tests="7" time="0.0454950332641602">
    <system-out>1..7
ok 1 - Equals
ok 2 - Equals
ok 3 - Equals
ok 4 - Equals
ok 5 - Equals
ok 6 - Equals
ok 7 - Equals
</system-out>
    <testcase name="Equals (58)" classname="spec_perl_TestEnumLongRangeS_t" time="0.000244140625" />
    <testcase name="Equals (59)" classname="spec_perl_TestEnumLongRangeS_t" time="7.89165496826172e-05" />
    <testcase name="Equals (60)" classname="spec_perl_TestEnumLongRangeS_t" time="0.000108003616333008" />
    <testcase name="Equals (61)" classname="spec_perl_TestEnumLongRangeS_t" time="0.000138044357299805" />
    <testcase name="Equals (62)" classname="spec_perl_TestEnumLongRangeS_t" time="0.000114917755126953" />
    <testcase name="Equals (63)" classname="spec_perl_TestEnumLongRangeS_t" time="0.000137090682983398" />
    <testcase name="Equals (64)" classname="spec_perl_TestEnumLongRangeS_t" time="0.000125885009765625" />
  </testsuite>
  <testsuite name="spec_perl_TestValidSwitch_t" errors="1" failures="0" skipped="0" tests="0" time="0.0483911037445068">
    <system-out></system-out>
    <testcase name="Test died too soon, even before plan. (64)" classname="spec_perl_TestValidSwitch_t" time="0.0483911037445068">
      <failure message="The test suite died before a plan was produced. You need to have a plan." type="Plan">No plan</failure>
    </testcase>
  </testsuite>
  <testsuite name="spec_perl_TestNonStandard_t" errors="0" failures="0" skipped="0" tests="1" time="0.0434770584106445">
    <system-out>1..1
ok 1 - Equals
</system-out>
    <testcase name="Equals (65)" classname="spec_perl_TestNonStandard_t" time="0.000176191329956055" />
  </testsuite>
  <testsuite name="spec_perl_TestTypeTernary_t" errors="0" failures="0" skipped="0" tests="1" time="0.0445189476013184">
    <system-out>1..1
ok 1 - Equals
</system-out>
    <testcase name="Equals (66)" classname="spec_perl_TestTypeTernary_t" time="0.000674962997436523" />
  </testsuite>
  <testsuite name="spec_perl_TestNestedTypes2_t" errors="0" failures="0" skipped="0" tests="7" time="0.0452530384063721">
    <system-out>1..7
ok 1 - Equals
ok 2 - Equals
ok 3 - Equals
ok 4 - Equals
ok 5 - Equals
ok 6 - Equals
ok 7 - Equals
</system-out>
    <testcase name="Equals (67)" classname="spec_perl_TestNestedTypes2_t" time="0.000329971313476562" />
    <testcase name="Equals (68)" classname="spec_perl_TestNestedTypes2_t" time="8.29696655273438e-05" />
    <testcase name="Equals (69)" classname="spec_perl_TestNestedTypes2_t" time="8.41617584228516e-05" />
    <testcase name="Equals (70)" classname="spec_perl_TestNestedTypes2_t" time="0.00018000602722168" />
    <testcase name="Equals (71)" classname="spec_perl_TestNestedTypes2_t" time="8.08238983154297e-05" />
    <testcase name="Equals (72)" classname="spec_perl_TestNestedTypes2_t" time="0.00014495849609375" />
    <testcase name="Equals (73)" classname="spec_perl_TestNestedTypes2_t" time="0.000111103057861328" />
  </testsuite>
  <testsuite name="spec_perl_TestExprSizeofType0_t" errors="0" failures="0" skipped="0" tests="1" time="0.0429809093475342">
    <system-out>1..1
ok 1 - Equals
</system-out>
    <testcase name="Equals (74)" classname="spec_perl_TestExprSizeofType0_t" time="0.000234127044677734" />
  </testsuite>
  <testsuite name="spec_perl_TestStrLiterals_t" errors="0" failures="0" skipped="0" tests="5" time="0.0447318553924561">
    <system-out>1..5
ok 1 - Equals
ok 2 - Equals
ok 3 - Equals
ok 4 - Equals
ok 5 - Equals
</system-out>
    <testcase name="Equals (75)" classname="spec_perl_TestStrLiterals_t" time="0.000316143035888672" />
    <testcase name="Equals (76)" classname="spec_perl_TestStrLiterals_t" time="7.89165496826172e-05" />
    <testcase name="Equals (77)" classname="spec_perl_TestStrLiterals_t" time="0.000164985656738281" />
    <testcase name="Equals (78)" classname="spec_perl_TestStrLiterals_t" time="0.000153064727783203" />
    <testcase name="Equals (79)" classname="spec_perl_TestStrLiterals_t" time="0.000153064727783203" />
  </testsuite>
  <testsuite name="spec_perl_TestZlibSurrounded_t" errors="0" failures="0" skipped="0" tests="1" time="0.064810037612915">
    <system-out>1..1
ok 1 - Equals
</system-out>
    <testcase name="Equals (80)" classname="spec_perl_TestZlibSurrounded_t" time="0.000600099563598633" />
  </testsuite>
  <testsuite name="spec_perl_TestSwitchBytearray_t" errors="0" failures="0" skipped="0" tests="9" time="0.0466389656066895">
    <system-out>1..9
ok 1 - Equals
ok 2 - Equals
ok 3 - Equals
ok 4 - Equals
ok 5 - Equals
ok 6 - Equals
ok 7 - Equals
ok 8 - Equals
ok 9 - Equals
</system-out>
    <testcase name="Equals (81)" classname="spec_perl_TestSwitchBytearray_t" time="0.000287055969238281" />
    <testcase name="Equals (82)" classname="spec_perl_TestSwitchBytearray_t" time="0.000105857849121094" />
    <testcase name="Equals (83)" classname="spec_perl_TestSwitchBytearray_t" time="0.000100135803222656" />
    <testcase name="Equals (84)" classname="spec_perl_TestSwitchBytearray_t" time="0.000145912170410156" />
    <testcase name="Equals (85)" classname="spec_perl_TestSwitchBytearray_t" time="0.000128030776977539" />
    <testcase name="Equals (86)" classname="spec_perl_TestSwitchBytearray_t" time="0.000133991241455078" />
    <testcase name="Equals (87)" classname="spec_perl_TestSwitchBytearray_t" time="0.000153064727783203" />
    <testcase name="Equals (88)" classname="spec_perl_TestSwitchBytearray_t" time="0.000111818313598633" />
    <testcase name="Equals (89)" classname="spec_perl_TestSwitchBytearray_t" time="0.000123023986816406" />
  </testsuite>
  <testsuite name="spec_perl_TestProcessCoerceSwitch_t" errors="0" failures="0" skipped="0" tests="3" time="0.0461020469665527">
    <system-out>1..3
ok 1 - Equals
ok 2 - Equals
ok 3 - Equals
</system-out>
    <testcase name="Equals (90)" classname="spec_perl_TestProcessCoerceSwitch_t" time="0.000680923461914062" />
    <testcase name="Equals (91)" classname="spec_perl_TestProcessCoerceSwitch_t" time="0.000112056732177734" />
    <testcase name="Equals (92)" classname="spec_perl_TestProcessCoerceSwitch_t" time="5.31673431396484e-05" />
  </testsuite>
  <testsuite name="spec_perl_TestNestedTypes_t" errors="0" failures="0" skipped="0" tests="3" time="0.0431530475616455">
    <system-out>1..3
ok 1 - Equals
ok 2 - Equals
ok 3 - Equals
</system-out>
    <testcase name="Equals (93)" classname="spec_perl_TestNestedTypes_t" time="0.000247001647949219" />
    <testcase name="Equals (94)" classname="spec_perl_TestNestedTypes_t" time="7.70092010498047e-05" />
    <testcase name="Equals (95)" classname="spec_perl_TestNestedTypes_t" time="0.000122785568237305" />
  </testsuite>
  <testsuite name="spec_perl_TestEnumOfValueInst_t" errors="0" failures="0" skipped="0" tests="4" time="0.0439879894256592">
    <system-out>1..4
ok 1 - Equals
ok 2 - Equals
ok 3 - Equals
ok 4 - Equals
</system-out>
    <testcase name="Equals (96)" classname="spec_perl_TestEnumOfValueInst_t" time="0.000220060348510742" />
    <testcase name="Equals (97)" classname="spec_perl_TestEnumOfValueInst_t" time="7.70092010498047e-05" />
    <testcase name="Equals (98)" classname="spec_perl_TestEnumOfValueInst_t" time="0.000136852264404297" />
    <testcase name="Equals (99)" classname="spec_perl_TestEnumOfValueInst_t" time="0.000124931335449219" />
  </testsuite>
  <testsuite name="spec_perl_TestRepeatEosStruct_t" errors="0" failures="0" skipped="0" tests="5" time="0.0463240146636963">
    <system-out>1..5
ok 1 - Equals
ok 2 - Equals
ok 3 - Equals
ok 4 - Equals
ok 5 - Equals
</system-out>
    <testcase name="Equals (100)" classname="spec_perl_TestRepeatEosStruct_t" time="0.0003509521484375" />
    <testcase name="Equals (101)" classname="spec_perl_TestRepeatEosStruct_t" time="8.60691070556641e-05" />
    <testcase name="Equals (102)" classname="spec_perl_TestRepeatEosStruct_t" time="0.000118017196655273" />
    <testcase name="Equals (103)" classname="spec_perl_TestRepeatEosStruct_t" time="0.000149965286254883" />
    <testcase name="Equals (104)" classname="spec_perl_TestRepeatEosStruct_t" time="0.000118017196655273" />
  </testsuite>
  <testsuite name="spec_perl_TestRepeatEosBit_t" errors="0" failures="1" skipped="0" tests="1" time="0.0444481372833252">
    <system-out>1..1
not ok 1 - Equals
</system-out>
    <testcase name="Equals (105)" classname="spec_perl_TestRepeatEosBit_t" time="0.000401973724365234">
      <failure message="not ok 1 - Equals" type="TAP::Parser::Result::Test"></failure>
    </testcase>
  </testsuite>
  <testsuite name="spec_perl_TestValidLong_t" errors="1" failures="0" skipped="0" tests="0" time="0.0419039726257324">
    <system-out></system-out>
    <testcase name="Test died too soon, even before plan. (105)" classname="spec_perl_TestValidLong_t" time="0.0419039726257324">
      <failure message="The test suite died before a plan was produced. You need to have a plan." type="Plan">No plan</failure>
    </testcase>
  </testsuite>
  <testsuite name="spec_perl_TestEofExceptionBytes_t" errors="0" failures="0" skipped="0" tests="1" time="0.0447909832000732">
    <system-out>1..1
ok 1 - Died
</system-out>
    <testcase name="Died (105)" classname="spec_perl_TestEofExceptionBytes_t" time="0.000198125839233398" />
  </testsuite>
  <testsuite name="spec_perl_TestIfStruct_t" errors="0" failures="0" skipped="0" tests="7" time="0.0512940883636475">
    <system-out>1..7
ok 1 - Equals
ok 2 - Equals
ok 3 - Equals
ok 4 - Equals
ok 5 - Equals
ok 6 - Equals
ok 7 - Equals
</system-out>
    <testcase name="Equals (106)" classname="spec_perl_TestIfStruct_t" time="0.00050806999206543" />
    <testcase name="Equals (107)" classname="spec_perl_TestIfStruct_t" time="0.000136852264404297" />
    <testcase name="Equals (108)" classname="spec_perl_TestIfStruct_t" time="6.60419464111328e-05" />
    <testcase name="Equals (109)" classname="spec_perl_TestIfStruct_t" time="5.50746917724609e-05" />
    <testcase name="Equals (110)" classname="spec_perl_TestIfStruct_t" time="0.000153064727783203" />
    <testcase name="Equals (111)" classname="spec_perl_TestIfStruct_t" time="0.000126838684082031" />
    <testcase name="Equals (112)" classname="spec_perl_TestIfStruct_t" time="0.000145196914672852" />
  </testsuite>
  <testsuite name="spec_perl_TestExprStrOps_t" errors="1" failures="0" skipped="0" tests="0" time="0.0419960021972656">
    <system-out></system-out>
    <testcase name="Test died too soon, even before plan. (112)" classname="spec_perl_TestExprStrOps_t" time="0.0419960021972656">
      <failure message="The test suite died before a plan was produced. You need to have a plan." type="Plan">No plan</failure>
    </testcase>
  </testsuite>
  <testsuite name="spec_perl_TestProcessRepeatUsertype_t" errors="0" failures="0" skipped="0" tests="4" time="0.0434789657592773">
    <system-out>1..4
ok 1 - Equals
ok 2 - Equals
ok 3 - Equals
ok 4 - Equals
</system-out>
    <testcase name="Equals (113)" classname="spec_perl_TestProcessRepeatUsertype_t" time="0.000511884689331055" />
    <testcase name="Equals (114)" classname="spec_perl_TestProcessRepeatUsertype_t" time="0.000121116638183594" />
    <testcase name="Equals (115)" classname="spec_perl_TestProcessRepeatUsertype_t" time="5.98430633544922e-05" />
    <testcase name="Equals (116)" classname="spec_perl_TestProcessRepeatUsertype_t" time="9.70363616943359e-05" />
  </testsuite>
  <testsuite name="spec_perl_TestPositionAbs_t" errors="0" failures="0" skipped="0" tests="2" time="0.0577561855316162">
    <system-out>1..2
ok 1 - Equals
ok 2 - Equals
</system-out>
    <testcase name="Equals (117)" classname="spec_perl_TestPositionAbs_t" time="0.000318050384521484" />
    <testcase name="Equals (118)" classname="spec_perl_TestPositionAbs_t" time="0.000222921371459961" />
  </testsuite>
  <testsuite name="spec_perl_TestParamsEnum_t" errors="0" failures="1" skipped="0" tests="2" time="0.0462348461151123">
    <system-out>1..2
ok 1 - Equals
not ok 2 - Equals
</system-out>
    <testcase name="Equals (119)" classname="spec_perl_TestParamsEnum_t" time="0.000168085098266602" />
    <testcase name="Equals (120)" classname="spec_perl_TestParamsEnum_t" time="0.000803947448730469">
      <failure message="not ok 2 - Equals" type="TAP::Parser::Result::Test"></failure>
    </testcase>
  </testsuite>
  <testsuite name="spec_perl_TestInstanceStdArray_t" errors="0" failures="0" skipped="0" tests="7" time="0.043342113494873">
    <system-out>1..7
ok 1 - Equals
ok 2 - Equals
ok 3 - Equals
ok 4 - Equals
ok 5 - Equals
ok 6 - Equals
ok 7 - Equals
</system-out>
    <testcase name="Equals (121)" classname="spec_perl_TestInstanceStdArray_t" time="0.000236988067626953" />
    <testcase name="Equals (122)" classname="spec_perl_TestInstanceStdArray_t" time="7.60555267333984e-05" />
    <testcase name="Equals (123)" classname="spec_perl_TestInstanceStdArray_t" time="0.000146865844726562" />
    <testcase name="Equals (124)" classname="spec_perl_TestInstanceStdArray_t" time="0.000113010406494141" />
    <testcase name="Equals (125)" classname="spec_perl_TestInstanceStdArray_t" time="0.000150203704833984" />
    <testcase name="Equals (126)" classname="spec_perl_TestInstanceStdArray_t" time="0.000119924545288086" />
    <testcase name="Equals (127)" classname="spec_perl_TestInstanceStdArray_t" time="0.000127077102661133" />
  </testsuite>
  <testsuite name="spec_perl_TestTsPacketHeader_t" errors="0" failures="0" skipped="0" tests="7" time="0.0463929176330566">
    <system-out>1..7
ok 1 - Equals
ok 2 - Equals
ok 3 - Equals
ok 4 - Equals
ok 5 - Equals
ok 6 - Equals
ok 7 - Equals
</system-out>
    <testcase name="Equals (128)" classname="spec_perl_TestTsPacketHeader_t" time="0.000380039215087891" />
    <testcase name="Equals (129)" classname="spec_perl_TestTsPacketHeader_t" time="8.98838043212891e-05" />
    <testcase name="Equals (130)" classname="spec_perl_TestTsPacketHeader_t" time="6.41345977783203e-05" />
    <testcase name="Equals (131)" classname="spec_perl_TestTsPacketHeader_t" time="0.000139951705932617" />
    <testcase name="Equals (132)" classname="spec_perl_TestTsPacketHeader_t" time="0.000133991241455078" />
    <testcase name="Equals (133)" classname="spec_perl_TestTsPacketHeader_t" time="0.00014495849609375" />
    <testcase name="Equals (134)" classname="spec_perl_TestTsPacketHeader_t" time="0.000113964080810547" />
  </testsuite>
  <testsuite name="spec_perl_TestDocstringsDocrefMulti_t" errors="0" failures="0" skipped="1" tests="1" time="0.0438721179962158">
    <system-out>1..1
ok 1 # skip DocstringsDocrefMulti=HASH(0x1a9b5a8)
</system-out>
    <testcase name="Unnamed test case 134" classname="spec_perl_TestDocstringsDocrefMulti_t" time="0.00126385688781738">
      <skipped message="ok 1 # skip DocstringsDocrefMulti=HASH(0x1a9b5a8)" />
    </testcase>
  </testsuite>
  <testsuite name="spec_perl_TestRepeatNStrz_t" errors="0" failures="0" skipped="0" tests="2" time="0.0487461090087891">
    <system-out>1..2
ok 1 - Equals
ok 2 - Equals
</system-out>
    <testcase name="Equals (135)" classname="spec_perl_TestRepeatNStrz_t" time="0.000406980514526367" />
    <testcase name="Equals (136)" classname="spec_perl_TestRepeatNStrz_t" time="8.79764556884766e-05" />
  </testsuite>
  <testsuite name="spec_perl_TestEnumNegative_t" errors="0" failures="0" skipped="0" tests="2" time="0.0438339710235596">
    <system-out>1..2
ok 1 - Equals
ok 2 - Equals
</system-out>
    <testcase name="Equals (137)" classname="spec_perl_TestEnumNegative_t" time="0.000283956527709961" />
    <testcase name="Equals (138)" classname="spec_perl_TestEnumNegative_t" time="8.0108642578125e-05" />
  </testsuite>
  <testsuite name="spec_perl_TestMetaXref_t" errors="0" failures="0" skipped="1" tests="1" time="0.046558141708374">
    <system-out>1..1
ok 1 # skip MetaXref=HASH(0x1688550)
</system-out>
    <testcase name="Unnamed test case 138" classname="spec_perl_TestMetaXref_t" time="0.00151705741882324">
      <skipped message="ok 1 # skip MetaXref=HASH(0x1688550)" />
    </testcase>
  </testsuite>
  <testsuite name="spec_perl_TestStrEos_t" errors="0" failures="0" skipped="0" tests="1" time="0.0479178428649902">
    <system-out>1..1
ok 1 - Equals
</system-out>
    <testcase name="Equals (139)" classname="spec_perl_TestStrEos_t" time="0.000401020050048828" />
  </testsuite>
  <testsuite name="spec_perl_TestIndexSizes_t" errors="0" failures="0" skipped="0" tests="7" time="0.0467438697814941">
    <system-out>1..7
ok 1 - Equals
ok 2 - Equals
ok 3 - Equals
ok 4 - Equals
ok 5 - Equals
ok 6 - Equals
ok 7 - Equals
</system-out>
    <testcase name="Equals (140)" classname="spec_perl_TestIndexSizes_t" time="0.000256061553955078" />
    <testcase name="Equals (141)" classname="spec_perl_TestIndexSizes_t" time="7.89165496826172e-05" />
    <testcase name="Equals (142)" classname="spec_perl_TestIndexSizes_t" time="0.00011897087097168" />
    <testcase name="Equals (143)" classname="spec_perl_TestIndexSizes_t" time="0.000131130218505859" />
    <testcase name="Equals (144)" classname="spec_perl_TestIndexSizes_t" time="0.000192880630493164" />
    <testcase name="Equals (145)" classname="spec_perl_TestIndexSizes_t" time="7.10487365722656e-05" />
    <testcase name="Equals (146)" classname="spec_perl_TestIndexSizes_t" time="0.000143051147460938" />
  </testsuite>
  <testsuite name="spec_perl_TestZlibWithHeader78_t" errors="0" failures="0" skipped="0" tests="1" time="0.0651600360870361">
    <system-out>1..1
ok 1 - Equals
</system-out>
    <testcase name="Equals (147)" classname="spec_perl_TestZlibWithHeader78_t" time="0.00038909912109375" />
  </testsuite>
  <testsuite name="spec_perl_TestIndexToParamUntil_t" errors="0" failures="2" skipped="0" tests="7" time="0.0662188529968262">
    <system-out>1..7
ok 1 - Equals
ok 2 - Equals
ok 3 - Equals
ok 4 - Equals
ok 5 - Equals
not ok 6 - Equals
not ok 7 - Equals
</system-out>
    <testcase name="Equals (148)" classname="spec_perl_TestIndexToParamUntil_t" time="0.000464916229248047" />
    <testcase name="Equals (149)" classname="spec_perl_TestIndexToParamUntil_t" time="0.000531196594238281" />
    <testcase name="Equals (150)" classname="spec_perl_TestIndexToParamUntil_t" time="0.00037693977355957" />
    <testcase name="Equals (151)" classname="spec_perl_TestIndexToParamUntil_t" time="0.000413894653320312" />
    <testcase name="Equals (152)" classname="spec_perl_TestIndexToParamUntil_t" time="0.0003509521484375" />
    <testcase name="Equals (153)" classname="spec_perl_TestIndexToParamUntil_t" time="0.000498056411743164">
      <failure message="not ok 6 - Equals" type="TAP::Parser::Result::Test"></failure>
    </testcase>
    <testcase name="Equals (154)" classname="spec_perl_TestIndexToParamUntil_t" time="0.00124406814575195">
      <failure message="not ok 7 - Equals" type="TAP::Parser::Result::Test"></failure>
    </testcase>
  </testsuite>
  <testsuite name="spec_perl_TestDocstrings_t" errors="0" failures="0" skipped="1" tests="1" time="0.0470118522644043">
    <system-out>1..1
ok 1 # skip Docstrings=HASH(0x1ebf640)
</system-out>
    <testcase name="Unnamed test case 154" classname="spec_perl_TestDocstrings_t" time="0.00150895118713379">
      <skipped message="ok 1 # skip Docstrings=HASH(0x1ebf640)" />
    </testcase>
  </testsuite>
  <testsuite name="spec_perl_TestSwitchManualEnumInvalidElse_t" errors="0" failures="0" skipped="0" tests="5" time="0.0500800609588623">
    <system-out>1..5
ok 1 - Equals
ok 2 - Equals
ok 3 - Equals
ok 4 - Equals
ok 5 - Equals
</system-out>
    <testcase name="Equals (155)" classname="spec_perl_TestSwitchManualEnumInvalidElse_t" time="0.000359058380126953" />
    <testcase name="Equals (156)" classname="spec_perl_TestSwitchManualEnumInvalidElse_t" time="8.58306884765625e-05" />
    <testcase name="Equals (157)" classname="spec_perl_TestSwitchManualEnumInvalidElse_t" time="0.00012516975402832" />
    <testcase name="Equals (158)" classname="spec_perl_TestSwitchManualEnumInvalidElse_t" time="0.00014495849609375" />
    <testcase name="Equals (159)" classname="spec_perl_TestSwitchManualEnumInvalidElse_t" time="0.000144004821777344" />
  </testsuite>
  <testsuite name="spec_perl_TestNavParentFalse_t" errors="0" failures="0" skipped="0" tests="5" time="0.043921947479248">
    <system-out>1..5
ok 1 - Equals
ok 2 - Equals
ok 3 - Equals
ok 4 - Equals
ok 5 - Equals
</system-out>
    <testcase name="Equals (160)" classname="spec_perl_TestNavParentFalse_t" time="0.000325202941894531" />
    <testcase name="Equals (161)" classname="spec_perl_TestNavParentFalse_t" time="9.89437103271484e-05" />
    <testcase name="Equals (162)" classname="spec_perl_TestNavParentFalse_t" time="5.88893890380859e-05" />
    <testcase name="Equals (163)" classname="spec_perl_TestNavParentFalse_t" time="0.000168085098266602" />
    <testcase name="Equals (164)" classname="spec_perl_TestNavParentFalse_t" time="0.00011897087097168" />
  </testsuite>
  <testsuite name="spec_perl_TestNavParentFalse2_t" errors="0" failures="0" skipped="0" tests="1" time="0.0451371669769287">
    <system-out>1..1
ok 1 - Equals
</system-out>
    <testcase name="Equals (165)" classname="spec_perl_TestNavParentFalse2_t" time="0.000245809555053711" />
  </testsuite>
  <testsuite name="spec_perl_TestProcessToUser_t" errors="0" failures="0" skipped="0" tests="1" time="0.0480701923370361">
    <system-out>1..1
ok 1 - Equals
</system-out>
    <testcase name="Equals (166)" classname="spec_perl_TestProcessToUser_t" time="0.000718832015991211" />
  </testsuite>
  <testsuite name="spec_perl_TestProcessCoerceUsertype2_t" errors="0" failures="0" skipped="0" tests="4" time="0.0459959506988525">
    <system-out>1..4
ok 1 - Equals
ok 2 - Equals
ok 3 - Equals
ok 4 - Equals
</system-out>
    <testcase name="Equals (167)" classname="spec_perl_TestProcessCoerceUsertype2_t" time="0.000699996948242188" />
    <testcase name="Equals (168)" classname="spec_perl_TestProcessCoerceUsertype2_t" time="0.000108003616333008" />
    <testcase name="Equals (169)" classname="spec_perl_TestProcessCoerceUsertype2_t" time="5.91278076171875e-05" />
    <testcase name="Equals (170)" classname="spec_perl_TestProcessCoerceUsertype2_t" time="0.000113964080810547" />
  </testsuite>
  <testsuite name="spec_perl_TestValidNotParsedIf_t" errors="1" failures="0" skipped="0" tests="0" time="0.0581040382385254">
    <system-out></system-out>
    <testcase name="Test died too soon, even before plan. (170)" classname="spec_perl_TestValidNotParsedIf_t" time="0.0581040382385254">
      <failure message="The test suite died before a plan was produced. You need to have a plan." type="Plan">No plan</failure>
    </testcase>
  </testsuite>
  <testsuite name="spec_perl_TestRepeatUntilComplex_t" errors="0" failures="0" skipped="0" tests="17" time="0.0476510524749756">
    <system-out>1..17
ok 1 - Equals
ok 2 - Equals
ok 3 - Equals
ok 4 - Equals
ok 5 - Equals
ok 6 - Equals
ok 7 - Equals
ok 8 - Equals
ok 9 - Equals
ok 10 - Equals
ok 11 - Equals
ok 12 - Equals
ok 13 - Equals
ok 14 - Equals
ok 15 - Equals
ok 16 - Equals
ok 17 - Equals
</system-out>
    <testcase name="Equals (171)" classname="spec_perl_TestRepeatUntilComplex_t" time="0.000377893447875977" />
    <testcase name="Equals (172)" classname="spec_perl_TestRepeatUntilComplex_t" time="8.10623168945312e-05" />
    <testcase name="Equals (173)" classname="spec_perl_TestRepeatUntilComplex_t" time="0.000159025192260742" />
    <testcase name="Equals (174)" classname="spec_perl_TestRepeatUntilComplex_t" time="0.00014185905456543" />
    <testcase name="Equals (175)" classname="spec_perl_TestRepeatUntilComplex_t" time="0.000141143798828125" />
    <testcase name="Equals (176)" classname="spec_perl_TestRepeatUntilComplex_t" time="0.000114917755126953" />
    <testcase name="Equals (177)" classname="spec_perl_TestRepeatUntilComplex_t" time="8.70227813720703e-05" />
    <testcase name="Equals (178)" classname="spec_perl_TestRepeatUntilComplex_t" time="0.000201940536499023" />
    <testcase name="Equals (179)" classname="spec_perl_TestRepeatUntilComplex_t" time="0.000108003616333008" />
    <testcase name="Equals (180)" classname="spec_perl_TestRepeatUntilComplex_t" time="0.000154972076416016" />
    <testcase name="Equals (181)" classname="spec_perl_TestRepeatUntilComplex_t" time="0.000118017196655273" />
    <testcase name="Equals (182)" classname="spec_perl_TestRepeatUntilComplex_t" time="0.000143051147460938" />
    <testcase name="Equals (183)" classname="spec_perl_TestRepeatUntilComplex_t" time="0.000123977661132812" />
    <testcase name="Equals (184)" classname="spec_perl_TestRepeatUntilComplex_t" time="0.000119924545288086" />
    <testcase name="Equals (185)" classname="spec_perl_TestRepeatUntilComplex_t" time="0.000145196914672852" />
    <testcase name="Equals (186)" classname="spec_perl_TestRepeatUntilComplex_t" time="7.58171081542969e-05" />
    <testcase name="Equals (187)" classname="spec_perl_TestRepeatUntilComplex_t" time="0.000138998031616211" />
  </testsuite>
  <testsuite name="spec_perl_TestDefaultBigEndian_t" errors="0" failures="0" skipped="0" tests="1" time="0.0492939949035645">
    <system-out>1..1
ok 1 - Equals
</system-out>
    <testcase name="Equals (188)" classname="spec_perl_TestDefaultBigEndian_t" time="0.000273942947387695" />
  </testsuite>
  <testsuite name="spec_perl_TestStrEncodings_t" errors="0" failures="0" skipped="0" tests="4" time="0.0660841464996338">
    <system-out>1..4
ok 1 - Equals
ok 2 - Equals
ok 3 - Equals
ok 4 - Equals
</system-out>
    <testcase name="Equals (189)" classname="spec_perl_TestStrEncodings_t" time="0.0203509330749512" />
    <testcase name="Equals (190)" classname="spec_perl_TestStrEncodings_t" time="0.0001220703125" />
    <testcase name="Equals (191)" classname="spec_perl_TestStrEncodings_t" time="6.07967376708984e-05" />
    <testcase name="Equals (192)" classname="spec_perl_TestStrEncodings_t" time="0.000145196914672852" />
  </testsuite>
  <testsuite name="spec_perl_TestCastToImported_t" errors="0" failures="0" skipped="0" tests="2" time="0.0451040267944336">
    <system-out>1..2
ok 1 - Equals
ok 2 - Equals
</system-out>
    <testcase name="Equals (193)" classname="spec_perl_TestCastToImported_t" time="0.000238895416259766" />
    <testcase name="Equals (194)" classname="spec_perl_TestCastToImported_t" time="8.392333984375e-05" />
  </testsuite>
  <testsuite name="spec_perl_TestPositionToEnd_t" errors="0" failures="0" skipped="0" tests="2" time="0.0467629432678223">
    <system-out>1..2
ok 1 - Equals
ok 2 - Equals
</system-out>
    <testcase name="Equals (195)" classname="spec_perl_TestPositionToEnd_t" time="0.000313997268676758" />
    <testcase name="Equals (196)" classname="spec_perl_TestPositionToEnd_t" time="7.79628753662109e-05" />
  </testsuite>
  <testsuite name="spec_perl_TestNavParent_t" errors="0" failures="0" skipped="0" tests="5" time="0.0469651222229004">
    <system-out>1..5
ok 1 - Equals
ok 2 - Equals
ok 3 - Equals
ok 4 - Equals
ok 5 - Equals
</system-out>
    <testcase name="Equals (197)" classname="spec_perl_TestNavParent_t" time="0.000330924987792969" />
    <testcase name="Equals (198)" classname="spec_perl_TestNavParent_t" time="8.51154327392578e-05" />
    <testcase name="Equals (199)" classname="spec_perl_TestNavParent_t" time="8.29696655273438e-05" />
    <testcase name="Equals (200)" classname="spec_perl_TestNavParent_t" time="0.000138044357299805" />
    <testcase name="Equals (201)" classname="spec_perl_TestNavParent_t" time="0.000118017196655273" />
  </testsuite>
  <testsuite name="spec_perl_TestNavParent3_t" errors="0" failures="0" skipped="0" tests="10" time="0.0475170612335205">
    <system-out>1..10
ok 1 - Equals
ok 2 - Equals
ok 3 - Equals
ok 4 - Equals
ok 5 - Equals
ok 6 - Equals
ok 7 - Equals
ok 8 - Equals
ok 9 - Equals
ok 10 - Equals
</system-out>
    <testcase name="Equals (202)" classname="spec_perl_TestNavParent3_t" time="0.000221967697143555" />
    <testcase name="Equals (203)" classname="spec_perl_TestNavParent3_t" time="7.89165496826172e-05" />
    <testcase name="Equals (204)" classname="spec_perl_TestNavParent3_t" time="0.000196933746337891" />
    <testcase name="Equals (205)" classname="spec_perl_TestNavParent3_t" time="9.51290130615234e-05" />
    <testcase name="Equals (206)" classname="spec_perl_TestNavParent3_t" time="0.000138998031616211" />
    <testcase name="Equals (207)" classname="spec_perl_TestNavParent3_t" time="0.000180959701538086" />
    <testcase name="Equals (208)" classname="spec_perl_TestNavParent3_t" time="0.000118017196655273" />
    <testcase name="Equals (209)" classname="spec_perl_TestNavParent3_t" time="0.000140905380249023" />
    <testcase name="Equals (210)" classname="spec_perl_TestNavParent3_t" time="0.00014805793762207" />
    <testcase name="Equals (211)" classname="spec_perl_TestNavParent3_t" time="0.000174999237060547" />
  </testsuite>
  <testsuite name="spec_perl_TestSwitchCast_t" errors="0" failures="0" skipped="0" tests="2" time="0.0483288764953613">
    <system-out>1..2
ok 1 - Equals
ok 2 - Equals
</system-out>
    <testcase name="Equals (212)" classname="spec_perl_TestSwitchCast_t" time="0.000394821166992188" />
    <testcase name="Equals (213)" classname="spec_perl_TestSwitchCast_t" time="9.918212890625e-05" />
  </testsuite>
  <testsuite name="spec_perl_TestNavParentSwitch_t" errors="0" failures="0" skipped="0" tests="3" time="0.043928861618042">
    <system-out>1..3
ok 1 - Equals
ok 2 - Equals
ok 3 - Equals
</system-out>
    <testcase name="Equals (214)" classname="spec_perl_TestNavParentSwitch_t" time="0.00027918815612793" />
    <testcase name="Equals (215)" classname="spec_perl_TestNavParentSwitch_t" time="8.392333984375e-05" />
    <testcase name="Equals (216)" classname="spec_perl_TestNavParentSwitch_t" time="8.70227813720703e-05" />
  </testsuite>
  <testsuite name="spec_perl_TestNestedSameName2_t" errors="0" failures="0" skipped="0" tests="5" time="0.0453600883483887">
    <system-out>1..5
ok 1 - Equals
ok 2 - Equals
ok 3 - Equals
ok 4 - Equals
ok 5 - Equals
</system-out>
    <testcase name="Equals (217)" classname="spec_perl_TestNestedSameName2_t" time="0.000282049179077148" />
    <testcase name="Equals (218)" classname="spec_perl_TestNestedSameName2_t" time="8.29696655273438e-05" />
    <testcase name="Equals (219)" classname="spec_perl_TestNestedSameName2_t" time="7.39097595214844e-05" />
    <testcase name="Equals (220)" classname="spec_perl_TestNestedSameName2_t" time="0.000154972076416016" />
    <testcase name="Equals (221)" classname="spec_perl_TestNestedSameName2_t" time="0.000117063522338867" />
  </testsuite>
  <testsuite name="spec_perl_TestBitsSimple_t" errors="0" failures="0" skipped="0" tests="14" time="0.0443868637084961">
    <system-out>1..14
ok 1 - Equals
ok 2 - Equals
ok 3 - Equals
ok 4 - Equals
ok 5 - Equals
ok 6 - Equals
ok 7 - Equals
ok 8 - Equals
ok 9 - Equals
ok 10 - Equals
ok 11 - Equals
ok 12 - Equals
ok 13 - Equals
ok 14 - Equals
</system-out>
    <testcase name="Equals (222)" classname="spec_perl_TestBitsSimple_t" time="0.000277042388916016" />
    <testcase name="Equals (223)" classname="spec_perl_TestBitsSimple_t" time="8.20159912109375e-05" />
    <testcase name="Equals (224)" classname="spec_perl_TestBitsSimple_t" time="0.000114917755126953" />
    <testcase name="Equals (225)" classname="spec_perl_TestBitsSimple_t" time="0.000133037567138672" />
    <testcase name="Equals (226)" classname="spec_perl_TestBitsSimple_t" time="0.000121116638183594" />
    <testcase name="Equals (227)" classname="spec_perl_TestBitsSimple_t" time="0.00014805793762207" />
    <testcase name="Equals (228)" classname="spec_perl_TestBitsSimple_t" time="0.000121831893920898" />
    <testcase name="Equals (229)" classname="spec_perl_TestBitsSimple_t" time="0.000149011611938477" />
    <testcase name="Equals (230)" classname="spec_perl_TestBitsSimple_t" time="0.0001220703125" />
    <testcase name="Equals (231)" classname="spec_perl_TestBitsSimple_t" time="0.000137090682983398" />
    <testcase name="Equals (232)" classname="spec_perl_TestBitsSimple_t" time="0.000112771987915039" />
    <testcase name="Equals (233)" classname="spec_perl_TestBitsSimple_t" time="0.000138998031616211" />
    <testcase name="Equals (234)" classname="spec_perl_TestBitsSimple_t" time="0.000142097473144531" />
    <testcase name="Equals (235)" classname="spec_perl_TestBitsSimple_t" time="0.000116109848022461" />
  </testsuite>
  <testsuite name="spec_perl_TestTermBytes_t" errors="0" failures="0" skipped="0" tests="3" time="0.0457777976989746">
    <system-out>1..3
ok 1 - Equals
ok 2 - Equals
ok 3 - Equals
</system-out>
    <testcase name="Equals (236)" classname="spec_perl_TestTermBytes_t" time="0.000261068344116211" />
    <testcase name="Equals (237)" classname="spec_perl_TestTermBytes_t" time="8.29696655273438e-05" />
    <testcase name="Equals (238)" classname="spec_perl_TestTermBytes_t" time="0.000151872634887695" />
  </testsuite>
  <testsuite name="spec_perl_TestCastNested_t" errors="0" failures="0" skipped="0" tests="4" time="0.0488221645355225">
    <system-out>1..4
ok 1 - Equals
ok 2 - Equals
ok 3 - Equals
ok 4 - Equals
</system-out>
    <testcase name="Equals (239)" classname="spec_perl_TestCastNested_t" time="0.000445842742919922" />
    <testcase name="Equals (240)" classname="spec_perl_TestCastNested_t" time="0.000101089477539062" />
    <testcase name="Equals (241)" classname="spec_perl_TestCastNested_t" time="6.103515625e-05" />
    <testcase name="Equals (242)" classname="spec_perl_TestCastNested_t" time="0.000172853469848633" />
  </testsuite>
  <testsuite name="spec_perl_TestOpaqueExternalType_t" errors="0" failures="0" skipped="0" tests="3" time="0.0459160804748535">
    <system-out>1..3
ok 1 - Equals
ok 2 - Equals
ok 3 - Equals
</system-out>
    <testcase name="Equals (243)" classname="spec_perl_TestOpaqueExternalType_t" time="0.00029301643371582" />
    <testcase name="Equals (244)" classname="spec_perl_TestOpaqueExternalType_t" time="8.0108642578125e-05" />
    <testcase name="Equals (245)" classname="spec_perl_TestOpaqueExternalType_t" time="8.20159912109375e-05" />
  </testsuite>
  <testsuite name="spec_perl_TestExprSizeofValueSized_t" errors="0" failures="0" skipped="0" tests="5" time="0.0439920425415039">
    <system-out>1..5
ok 1 - Equals
ok 2 - Equals
ok 3 - Equals
ok 4 - Equals
ok 5 - Equals
</system-out>
    <testcase name="Equals (246)" classname="spec_perl_TestExprSizeofValueSized_t" time="0.00117897987365723" />
    <testcase name="Equals (247)" classname="spec_perl_TestExprSizeofValueSized_t" time="0.000118017196655273" />
    <testcase name="Equals (248)" classname="spec_perl_TestExprSizeofValueSized_t" time="8.0108642578125e-05" />
    <testcase name="Equals (249)" classname="spec_perl_TestExprSizeofValueSized_t" time="3.88622283935547e-05" />
    <testcase name="Equals (250)" classname="spec_perl_TestExprSizeofValueSized_t" time="3.21865081787109e-05" />
  </testsuite>
  <testsuite name="spec_perl_TestSwitchManualEnum_t" errors="0" failures="0" skipped="0" tests="9" time="0.0505120754241943">
    <system-out>1..9
ok 1 - Equals
ok 2 - Equals
ok 3 - Equals
ok 4 - Equals
ok 5 - Equals
ok 6 - Equals
ok 7 - Equals
ok 8 - Equals
ok 9 - Equals
</system-out>
    <testcase name="Equals (251)" classname="spec_perl_TestSwitchManualEnum_t" time="0.000476837158203125" />
    <testcase name="Equals (252)" classname="spec_perl_TestSwitchManualEnum_t" time="9.60826873779297e-05" />
    <testcase name="Equals (253)" classname="spec_perl_TestSwitchManualEnum_t" time="6.29425048828125e-05" />
    <testcase name="Equals (254)" classname="spec_perl_TestSwitchManualEnum_t" time="0.000128984451293945" />
    <testcase name="Equals (255)" classname="spec_perl_TestSwitchManualEnum_t" time="0.000142097473144531" />
    <testcase name="Equals (256)" classname="spec_perl_TestSwitchManualEnum_t" time="0.000146865844726562" />
    <testcase name="Equals (257)" classname="spec_perl_TestSwitchManualEnum_t" time="0.000137090682983398" />
    <testcase name="Equals (258)" classname="spec_perl_TestSwitchManualEnum_t" time="0.000121116638183594" />
    <testcase name="Equals (259)" classname="spec_perl_TestSwitchManualEnum_t" time="0.000161886215209961" />
  </testsuite>
  <testsuite name="spec_perl_TestImports0_t" errors="0" failures="0" skipped="0" tests="3" time="0.0482981204986572">
    <system-out>1..3
ok 1 - Equals
ok 2 - Equals
ok 3 - Equals
</system-out>
    <testcase name="Equals (260)" classname="spec_perl_TestImports0_t" time="0.000442028045654297" />
    <testcase name="Equals (261)" classname="spec_perl_TestImports0_t" time="0.000103950500488281" />
    <testcase name="Equals (262)" classname="spec_perl_TestImports0_t" time="6.00814819335938e-05" />
  </testsuite>
  <testsuite name="spec_perl_TestEnumIntRangeU_t" errors="0" failures="0" skipped="0" tests="2" time="0.0472838878631592">
    <system-out>1..2
ok 1 - Equals
ok 2 - Equals
</system-out>
    <testcase name="Equals (263)" classname="spec_perl_TestEnumIntRangeU_t" time="0.000306129455566406" />
    <testcase name="Equals (264)" classname="spec_perl_TestEnumIntRangeU_t" time="7.48634338378906e-05" />
  </testsuite>
  <testsuite name="spec_perl_TestNestedTypes3_t" errors="0" failures="0" skipped="0" tests="5" time="0.0451321601867676">
    <system-out>1..5
ok 1 - Equals
ok 2 - Equals
ok 3 - Equals
ok 4 - Equals
ok 5 - Equals
</system-out>
    <testcase name="Equals (265)" classname="spec_perl_TestNestedTypes3_t" time="0.000235795974731445" />
    <testcase name="Equals (266)" classname="spec_perl_TestNestedTypes3_t" time="7.70092010498047e-05" />
    <testcase name="Equals (267)" classname="spec_perl_TestNestedTypes3_t" time="0.000127077102661133" />
    <testcase name="Equals (268)" classname="spec_perl_TestNestedTypes3_t" time="0.000159025192260742" />
    <testcase name="Equals (269)" classname="spec_perl_TestNestedTypes3_t" time="0.000114917755126953" />
  </testsuite>
  <testsuite name="spec_perl_TestExprMod_t" errors="0" failures="0" skipped="0" tests="6" time="0.04329514503479">
    <system-out>1..6
ok 1 - Equals
ok 2 - Equals
ok 3 - Equals
ok 4 - Equals
ok 5 - Equals
ok 6 - Equals
</system-out>
    <testcase name="Equals (270)" classname="spec_perl_TestExprMod_t" time="0.000226974487304688" />
    <testcase name="Equals (271)" classname="spec_perl_TestExprMod_t" time="8.60691070556641e-05" />
    <testcase name="Equals (272)" classname="spec_perl_TestExprMod_t" time="0.000127792358398438" />
    <testcase name="Equals (273)" classname="spec_perl_TestExprMod_t" time="0.00012516975402832" />
    <testcase name="Equals (274)" classname="spec_perl_TestExprMod_t" time="0.000145912170410156" />
    <testcase name="Equals (275)" classname="spec_perl_TestExprMod_t" time="0.000149011611938477" />
  </testsuite>
  <testsuite name="spec_perl_TestRepeatNStrzDouble_t" errors="0" failures="0" skipped="0" tests="3" time="0.0494720935821533">
    <system-out>1..3
ok 1 - Equals
ok 2 - Equals
ok 3 - Equals
</system-out>
    <testcase name="Equals (276)" classname="spec_perl_TestRepeatNStrzDouble_t" time="0.000388860702514648" />
    <testcase name="Equals (277)" classname="spec_perl_TestRepeatNStrzDouble_t" time="8.51154327392578e-05" />
    <testcase name="Equals (278)" classname="spec_perl_TestRepeatNStrzDouble_t" time="0.000137805938720703" />
  </testsuite>
  <testsuite name="spec_perl_TestNavRoot_t" errors="0" failures="0" skipped="0" tests="5" time="0.051008939743042">
    <system-out>1..5
ok 1 - Equals
ok 2 - Equals
ok 3 - Equals
ok 4 - Equals
ok 5 - Equals
</system-out>
    <testcase name="Equals (279)" classname="spec_perl_TestNavRoot_t" time="0.000458002090454102" />
    <testcase name="Equals (280)" classname="spec_perl_TestNavRoot_t" time="9.89437103271484e-05" />
    <testcase name="Equals (281)" classname="spec_perl_TestNavRoot_t" time="6.00814819335938e-05" />
    <testcase name="Equals (282)" classname="spec_perl_TestNavRoot_t" time="0.000127792358398438" />
    <testcase name="Equals (283)" classname="spec_perl_TestNavRoot_t" time="0.000138998031616211" />
  </testsuite>
  <testsuite name="spec_perl_TestProcessRepeatBytes_t" errors="0" failures="0" skipped="0" tests="2" time="0.0537149906158447">
    <system-out>1..2
ok 1 - Equals
ok 2 - Equals
</system-out>
    <testcase name="Equals (284)" classname="spec_perl_TestProcessRepeatBytes_t" time="0.00027012825012207" />
    <testcase name="Equals (285)" classname="spec_perl_TestProcessRepeatBytes_t" time="8.29696655273438e-05" />
  </testsuite>
  <testsuite name="spec_perl_TestInstanceIoUser_t" errors="0" failures="0" skipped="0" tests="4" time="0.076779842376709">
    <system-out>1..4
ok 1 - Equals
ok 2 - Equals
ok 3 - Equals
ok 4 - Equals
</system-out>
    <testcase name="Equals (286)" classname="spec_perl_TestInstanceIoUser_t" time="0.000663042068481445" />
    <testcase name="Equals (287)" classname="spec_perl_TestInstanceIoUser_t" time="0.0001068115234375" />
    <testcase name="Equals (288)" classname="spec_perl_TestInstanceIoUser_t" time="0.000104188919067383" />
    <testcase name="Equals (289)" classname="spec_perl_TestInstanceIoUser_t" time="0.000174999237060547" />
  </testsuite>
  <testsuite name="spec_perl_TestProcessXorConst_t" errors="0" failures="0" skipped="0" tests="2" time="0.0431439876556396">
    <system-out>1..2
ok 1 - Equals
ok 2 - Equals
</system-out>
    <testcase name="Equals (290)" classname="spec_perl_TestProcessXorConst_t" time="0.000243186950683594" />
    <testcase name="Equals (291)" classname="spec_perl_TestProcessXorConst_t" time="8.08238983154297e-05" />
  </testsuite>
  <testsuite name="spec_perl_TestYamlInts_t" errors="0" failures="0" skipped="0" tests="4" time="0.0514538288116455">
    <system-out>1..4
ok 1 - Equals
ok 2 - Equals
ok 3 - Equals
ok 4 - Equals
</system-out>
    <testcase name="Equals (292)" classname="spec_perl_TestYamlInts_t" time="0.000866889953613281" />
    <testcase name="Equals (293)" classname="spec_perl_TestYamlInts_t" time="0.000435113906860352" />
    <testcase name="Equals (294)" classname="spec_perl_TestYamlInts_t" time="0.000496864318847656" />
    <testcase name="Equals (295)" classname="spec_perl_TestYamlInts_t" time="0.00042414665222168" />
  </testsuite>
  <testsuite name="spec_perl_TestRepeatUntilS4_t" errors="0" failures="0" skipped="0" tests="2" time="0.0492630004882812">
    <system-out>1..2
ok 1 - Equals
ok 2 - Equals
</system-out>
    <testcase name="Equals (296)" classname="spec_perl_TestRepeatUntilS4_t" time="0.000344991683959961" />
    <testcase name="Equals (297)" classname="spec_perl_TestRepeatUntilS4_t" time="8.20159912109375e-05" />
  </testsuite>
  <testsuite name="spec_perl_TestBitsByteAligned_t" errors="0" failures="0" skipped="0" tests="9" time="0.0440359115600586">
    <system-out>1..9
ok 1 - Equals
ok 2 - Equals
ok 3 - Equals
ok 4 - Equals
ok 5 - Equals
ok 6 - Equals
ok 7 - Equals
ok 8 - Equals
ok 9 - Equals
</system-out>
    <testcase name="Equals (298)" classname="spec_perl_TestBitsByteAligned_t" time="0.000255107879638672" />
    <testcase name="Equals (299)" classname="spec_perl_TestBitsByteAligned_t" time="7.89165496826172e-05" />
    <testcase name="Equals (300)" classname="spec_perl_TestBitsByteAligned_t" time="0.000115156173706055" />
    <testcase name="Equals (301)" classname="spec_perl_TestBitsByteAligned_t" time="0.000138998031616211" />
    <testcase name="Equals (302)" classname="spec_perl_TestBitsByteAligned_t" time="0.00010991096496582" />
    <testcase name="Equals (303)" classname="spec_perl_TestBitsByteAligned_t" time="0.000152111053466797" />
    <testcase name="Equals (304)" classname="spec_perl_TestBitsByteAligned_t" time="0.000112771987915039" />
    <testcase name="Equals (305)" classname="spec_perl_TestBitsByteAligned_t" time="0.000146150588989258" />
    <testcase name="Equals (306)" classname="spec_perl_TestBitsByteAligned_t" time="0.00011897087097168" />
  </testsuite>
  <testsuite name="spec_perl_TestMultipleUse_t" errors="0" failures="0" skipped="0" tests="2" time="0.0454750061035156">
    <system-out>1..2
ok 1 - Equals
ok 2 - Equals
</system-out>
    <testcase name="Equals (307)" classname="spec_perl_TestMultipleUse_t" time="0.000256061553955078" />
    <testcase name="Equals (308)" classname="spec_perl_TestMultipleUse_t" time="0.000104904174804688" />
  </testsuite>
  <testsuite name="spec_perl_TestExprBytesOps_t" errors="1" failures="0" skipped="0" tests="0" time="0.0450289249420166">
    <system-out></system-out>
    <testcase name="Test died too soon, even before plan. (308)" classname="spec_perl_TestExprBytesOps_t" time="0.0450289249420166">
      <failure message="The test suite died before a plan was produced. You need to have a plan." type="Plan">No plan</failure>
    </testcase>
  </testsuite>
  <testsuite name="spec_perl_TestImportsCircularA_t" errors="0" failures="0" skipped="0" tests="5" time="0.0434908866882324">
    <system-out>1..5
ok 1 - Equals
ok 2 - Equals
ok 3 - Equals
ok 4 - Equals
ok 5 - Equals
</system-out>
    <testcase name="Equals (309)" classname="spec_perl_TestImportsCircularA_t" time="0.000231027603149414" />
    <testcase name="Equals (310)" classname="spec_perl_TestImportsCircularA_t" time="7.60555267333984e-05" />
    <testcase name="Equals (311)" classname="spec_perl_TestImportsCircularA_t" time="0.000123023986816406" />
    <testcase name="Equals (312)" classname="spec_perl_TestImportsCircularA_t" time="0.000132083892822266" />
    <testcase name="Equals (313)" classname="spec_perl_TestImportsCircularA_t" time="5.88893890380859e-05" />
  </testsuite>
  <testsuite name="spec_perl_TestEnum1_t" errors="0" failures="0" skipped="0" tests="2" time="0.0432469844818115">
    <system-out>1..2
ok 1 - Equals
ok 2 - Equals
</system-out>
    <testcase name="Equals (314)" classname="spec_perl_TestEnum1_t" time="0.000249147415161133" />
    <testcase name="Equals (315)" classname="spec_perl_TestEnum1_t" time="8.29696655273438e-05" />
  </testsuite>
  <testsuite name="spec_perl_TestFloatingPoints_t" errors="0" failures="0" skipped="0" tests="8" time="0.0466268062591553">
    <system-out>1..8
ok 1 - Approx equals
ok 2 - Approx equals
ok 3 - Approx equals
ok 4 - Approx equals
ok 5 - Approx equals
ok 6 - Approx equals
ok 7 - Approx equals
ok 8 - Approx equals
</system-out>
    <testcase name="Approx equals (315)" classname="spec_perl_TestFloatingPoints_t" time="0.000176906585693359" />
    <testcase name="Approx equals (316)" classname="spec_perl_TestFloatingPoints_t" time="6.50882720947266e-05" />
    <testcase name="Approx equals (317)" classname="spec_perl_TestFloatingPoints_t" time="4.79221343994141e-05" />
    <testcase name="Approx equals (318)" classname="spec_perl_TestFloatingPoints_t" time="5.50746917724609e-05" />
    <testcase name="Approx equals (319)" classname="spec_perl_TestFloatingPoints_t" time="7.29560852050781e-05" />
    <testcase name="Approx equals (320)" classname="spec_perl_TestFloatingPoints_t" time="5.69820404052734e-05" />
    <testcase name="Approx equals (321)" classname="spec_perl_TestFloatingPoints_t" time="3.91006469726562e-05" />
    <testcase name="Approx equals (322)" classname="spec_perl_TestFloatingPoints_t" time="3.69548797607422e-05" />
  </testsuite>
  <testsuite name="spec_perl_TestFixedContents_t" errors="1" failures="0" skipped="0" tests="0" time="0.0579178333282471">
    <system-out></system-out>
    <testcase name="Test died too soon, even before plan. (322)" classname="spec_perl_TestFixedContents_t" time="0.0579178333282471">
      <failure message="The test suite died before a plan was produced. You need to have a plan." type="Plan">No plan</failure>
    </testcase>
  </testsuite>
  <testsuite name="spec_perl_TestExprEnum_t" errors="0" failures="0" skipped="0" tests="3" time="0.0496311187744141">
    <system-out>1..3
ok 1 - Equals
ok 2 - Equals
ok 3 - Equals
</system-out>
    <testcase name="Equals (322)" classname="spec_perl_TestExprEnum_t" time="0.000175952911376953" />
    <testcase name="Equals (323)" classname="spec_perl_TestExprEnum_t" time="7.39097595214844e-05" />
    <testcase name="Equals (324)" classname="spec_perl_TestExprEnum_t" time="0.000172138214111328" />
  </testsuite>
  <testsuite name="spec_perl_TestEnumImport_t" errors="0" failures="2" skipped="0" tests="2" time="0.0485668182373047">
    <system-out>1..2
not ok 1 - Equals
not ok 2 - Equals
</system-out>
    <testcase name="Equals (325)" classname="spec_perl_TestEnumImport_t" time="0.00011897087097168">
      <failure message="not ok 1 - Equals" type="TAP::Parser::Result::Test"></failure>
    </testcase>
    <testcase name="Equals (326)" classname="spec_perl_TestEnumImport_t" time="3.21865081787109e-05">
      <failure message="not ok 2 - Equals" type="TAP::Parser::Result::Test"></failure>
    </testcase>
  </testsuite>
  <testsuite name="spec_perl_TestParamsCallShort_t" errors="0" failures="3" skipped="0" tests="3" time="0.0610229969024658">
    <system-out>1..3
not ok 1 - Equals
not ok 2 - Equals
not ok 3 - Equals
</system-out>
    <testcase name="Equals (327)" classname="spec_perl_TestParamsCallShort_t" time="0.000427961349487305">
      <failure message="not ok 1 - Equals" type="TAP::Parser::Result::Test"></failure>
    </testcase>
    <testcase name="Equals (328)" classname="spec_perl_TestParamsCallShort_t" time="0.000782012939453125">
      <failure message="not ok 2 - Equals" type="TAP::Parser::Result::Test"></failure>
    </testcase>
    <testcase name="Equals (329)" classname="spec_perl_TestParamsCallShort_t" time="0.000560998916625977">
      <failure message="not ok 3 - Equals" type="TAP::Parser::Result::Test"></failure>
    </testcase>
  </testsuite>
  <testsuite name="spec_perl_TestSwitchManualIntSizeElse_t" errors="0" failures="0" skipped="0" tests="10" time="0.0480751991271973">
    <system-out>1..10
ok 1 - Equals
ok 2 - Equals
ok 3 - Equals
ok 4 - Equals
ok 5 - Equals
ok 6 - Equals
ok 7 - Equals
ok 8 - Equals
ok 9 - Equals
ok 10 - Equals
</system-out>
    <testcase name="Equals (330)" classname="spec_perl_TestSwitchManualIntSizeElse_t" time="0.000627994537353516" />
    <testcase name="Equals (331)" classname="spec_perl_TestSwitchManualIntSizeElse_t" time="9.79900360107422e-05" />
    <testcase name="Equals (332)" classname="spec_perl_TestSwitchManualIntSizeElse_t" time="5.91278076171875e-05" />
    <testcase name="Equals (333)" classname="spec_perl_TestSwitchManualIntSizeElse_t" time="0.000149965286254883" />
    <testcase name="Equals (334)" classname="spec_perl_TestSwitchManualIntSizeElse_t" time="0.000117063522338867" />
    <testcase name="Equals (335)" classname="spec_perl_TestSwitchManualIntSizeElse_t" time="0.000159025192260742" />
    <testcase name="Equals (336)" classname="spec_perl_TestSwitchManualIntSizeElse_t" time="0.000118017196655273" />
    <testcase name="Equals (337)" classname="spec_perl_TestSwitchManualIntSizeElse_t" time="0.000153779983520508" />
    <testcase name="Equals (338)" classname="spec_perl_TestSwitchManualIntSizeElse_t" time="0.000128030776977539" />
    <testcase name="Equals (339)" classname="spec_perl_TestSwitchManualIntSizeElse_t" time="0.00015711784362793" />
  </testsuite>
  <testsuite name="spec_perl_TestBcdUserTypeBe_t" errors="0" failures="0" skipped="0" tests="6" time="0.0473859310150146">
    <system-out>1..6
ok 1 - Equals
ok 2 - Equals
ok 3 - Equals
ok 4 - Equals
ok 5 - Equals
ok 6 - Equals
</system-out>
    <testcase name="Equals (340)" classname="spec_perl_TestBcdUserTypeBe_t" time="0.000746965408325195" />
    <testcase name="Equals (341)" classname="spec_perl_TestBcdUserTypeBe_t" time="0.000123023986816406" />
    <testcase name="Equals (342)" classname="spec_perl_TestBcdUserTypeBe_t" time="5.38825988769531e-05" />
    <testcase name="Equals (343)" classname="spec_perl_TestBcdUserTypeBe_t" time="0.000177145004272461" />
    <testcase name="Equals (344)" classname="spec_perl_TestBcdUserTypeBe_t" time="0.000151872634887695" />
    <testcase name="Equals (345)" classname="spec_perl_TestBcdUserTypeBe_t" time="0.000154972076416016" />
  </testsuite>
  <testsuite name="spec_perl_TestStrCombine_t" errors="0" failures="0" skipped="0" tests="15" time="0.0485529899597168">
    <system-out>1..15
ok 1 - Equals
ok 2 - Equals
ok 3 - Equals
ok 4 - Equals
ok 5 - Equals
ok 6 - Equals
ok 7 - Equals
ok 8 - Equals
ok 9 - Equals
ok 10 - Equals
ok 11 - Equals
ok 12 - Equals
ok 13 - Equals
ok 14 - Equals
ok 15 - Equals
</system-out>
    <testcase name="Equals (346)" classname="spec_perl_TestStrCombine_t" time="0.000265121459960938" />
    <testcase name="Equals (347)" classname="spec_perl_TestStrCombine_t" time="7.60555267333984e-05" />
    <testcase name="Equals (348)" classname="spec_perl_TestStrCombine_t" time="0.0001068115234375" />
    <testcase name="Equals (349)" classname="spec_perl_TestStrCombine_t" time="0.00014805793762207" />
    <testcase name="Equals (350)" classname="spec_perl_TestStrCombine_t" time="0.000144004821777344" />
    <testcase name="Equals (351)" classname="spec_perl_TestStrCombine_t" time="0.0001220703125" />
    <testcase name="Equals (352)" classname="spec_perl_TestStrCombine_t" time="0.000158071517944336" />
    <testcase name="Equals (353)" classname="spec_perl_TestStrCombine_t" time="0.00010991096496582" />
    <testcase name="Equals (354)" classname="spec_perl_TestStrCombine_t" time="0.00014185905456543" />
    <testcase name="Equals (355)" classname="spec_perl_TestStrCombine_t" time="0.000126123428344727" />
    <testcase name="Equals (356)" classname="spec_perl_TestStrCombine_t" time="0.000125885009765625" />
    <testcase name="Equals (357)" classname="spec_perl_TestStrCombine_t" time="0.000143051147460938" />
    <testcase name="Equals (358)" classname="spec_perl_TestStrCombine_t" time="0.000131130218505859" />
    <testcase name="Equals (359)" classname="spec_perl_TestStrCombine_t" time="0.000125885009765625" />
    <testcase name="Equals (360)" classname="spec_perl_TestStrCombine_t" time="0.000149011611938477" />
  </testsuite>
  <testsuite name="spec_perl_TestSwitchManualIntSizeEos_t" errors="0" failures="0" skipped="0" tests="10" time="0.0487267971038818">
    <system-out>1..10
ok 1 - Equals
ok 2 - Equals
ok 3 - Equals
ok 4 - Equals
ok 5 - Equals
ok 6 - Equals
ok 7 - Equals
ok 8 - Equals
ok 9 - Equals
ok 10 - Equals
</system-out>
    <testcase name="Equals (361)" classname="spec_perl_TestSwitchManualIntSizeEos_t" time="0.000818014144897461" />
    <testcase name="Equals (362)" classname="spec_perl_TestSwitchManualIntSizeEos_t" time="0.000101089477539062" />
    <testcase name="Equals (363)" classname="spec_perl_TestSwitchManualIntSizeEos_t" time="5.79357147216797e-05" />
    <testcase name="Equals (364)" classname="spec_perl_TestSwitchManualIntSizeEos_t" time="0.000113964080810547" />
    <testcase name="Equals (365)" classname="spec_perl_TestSwitchManualIntSizeEos_t" time="0.000141143798828125" />
    <testcase name="Equals (366)" classname="spec_perl_TestSwitchManualIntSizeEos_t" time="0.000176906585693359" />
    <testcase name="Equals (367)" classname="spec_perl_TestSwitchManualIntSizeEos_t" time="0.000127077102661133" />
    <testcase name="Equals (368)" classname="spec_perl_TestSwitchManualIntSizeEos_t" time="0.000154018402099609" />
    <testcase name="Equals (369)" classname="spec_perl_TestSwitchManualIntSizeEos_t" time="0.000116825103759766" />
    <testcase name="Equals (370)" classname="spec_perl_TestSwitchManualIntSizeEos_t" time="0.000144004821777344" />
  </testsuite>
  <testsuite name="spec_perl_TestIntegers_t" errors="1" failures="0" skipped="0" tests="0" time="0.0439939498901367">
    <system-out></system-out>
    <testcase name="Test died too soon, even before plan. (370)" classname="spec_perl_TestIntegers_t" time="0.0439939498901367">
      <failure message="The test suite died before a plan was produced. You need to have a plan." type="Plan">No plan</failure>
    </testcase>
  </testsuite>
  <testsuite name="spec_perl_TestEnumForUnknownId_t" errors="0" failures="0" skipped="0" tests="1" time="0.045691967010498">
    <system-out>1..1
ok 1 - Equals
</system-out>
    <testcase name="Equals (371)" classname="spec_perl_TestEnumForUnknownId_t" time="0.000241994857788086" />
  </testsuite>
  <testsuite name="spec_perl_TestEnumFancy_t" errors="0" failures="0" skipped="0" tests="2" time="0.0434679985046387">
    <system-out>1..2
ok 1 - Equals
ok 2 - Equals
</system-out>
    <testcase name="Equals (372)" classname="spec_perl_TestEnumFancy_t" time="0.000246047973632812" />
    <testcase name="Equals (373)" classname="spec_perl_TestEnumFancy_t" time="7.48634338378906e-05" />
  </testsuite>
  <testsuite name="spec_perl_TestProcessCustom_t" errors="1" failures="0" skipped="0" tests="0" time="0.0490789413452148">
    <system-out></system-out>
    <testcase name="Test died too soon, even before plan. (373)" classname="spec_perl_TestProcessCustom_t" time="0.0490789413452148">
      <failure message="The test suite died before a plan was produced. You need to have a plan." type="Plan">No plan</failure>
    </testcase>
  </testsuite>
  <testsuite name="spec_perl_TestExprArray_t" errors="0" failures="1" skipped="0" tests="15" time="0.0555369853973389">
    <system-out>1..15
ok 1 - Equals
ok 2 - Equals
ok 3 - Equals
ok 4 - Equals
ok 5 - Equals
ok 6 - Equals
ok 7 - Equals
ok 8 - Equals
not ok 9 - Equals
ok 10 - Equals
ok 11 - Equals
ok 12 - Equals
ok 13 - Equals
ok 14 - Equals
ok 15 - Equals
</system-out>
    <testcase name="Equals (374)" classname="spec_perl_TestExprArray_t" time="0.000418901443481445" />
    <testcase name="Equals (375)" classname="spec_perl_TestExprArray_t" time="8.70227813720703e-05" />
    <testcase name="Equals (376)" classname="spec_perl_TestExprArray_t" time="0.000142097473144531" />
    <testcase name="Equals (377)" classname="spec_perl_TestExprArray_t" time="0.000149011611938477" />
    <testcase name="Equals (378)" classname="spec_perl_TestExprArray_t" time="0.000126838684082031" />
    <testcase name="Equals (379)" classname="spec_perl_TestExprArray_t" time="0.000136137008666992" />
    <testcase name="Equals (380)" classname="spec_perl_TestExprArray_t" time="0.00017094612121582" />
    <testcase name="Equals (381)" classname="spec_perl_TestExprArray_t" time="0.000147104263305664" />
    <testcase name="Equals (382)" classname="spec_perl_TestExprArray_t" time="0.000244855880737305">
      <failure message="not ok 9 - Equals" type="TAP::Parser::Result::Test"></failure>
    </testcase>
    <testcase name="Equals (383)" classname="spec_perl_TestExprArray_t" time="0.00436806678771973" />
    <testcase name="Equals (384)" classname="spec_perl_TestExprArray_t" time="0.000124931335449219" />
    <testcase name="Equals (385)" classname="spec_perl_TestExprArray_t" time="4.50611114501953e-05" />
    <testcase name="Equals (386)" classname="spec_perl_TestExprArray_t" time="3.00407409667969e-05" />
    <testcase name="Equals (387)" classname="spec_perl_TestExprArray_t" time="2.78949737548828e-05" />
    <testcase name="Equals (388)" classname="spec_perl_TestExprArray_t" time="2.81333923339844e-05" />
  </testsuite>
  <testsuite name="spec_perl_TestProcessCoerceUsertype1_t" errors="0" failures="0" skipped="0" tests="4" time="0.0462119579315186">
    <system-out>1..4
ok 1 - Equals
ok 2 - Equals
ok 3 - Equals
ok 4 - Equals
</system-out>
    <testcase name="Equals (389)" classname="spec_perl_TestProcessCoerceUsertype1_t" time="0.000633001327514648" />
    <testcase name="Equals (390)" classname="spec_perl_TestProcessCoerceUsertype1_t" time="0.000100851058959961" />
    <testcase name="Equals (391)" classname="spec_perl_TestProcessCoerceUsertype1_t" time="5.81741333007812e-05" />
    <testcase name="Equals (392)" classname="spec_perl_TestProcessCoerceUsertype1_t" time="0.000152826309204102" />
  </testsuite>
  <testsuite name="spec_perl_TestSwitchElseOnly_t" errors="1" failures="0" skipped="0" tests="0" time="0.0481729507446289">
    <system-out></system-out>
    <testcase name="Test died too soon, even before plan. (392)" classname="spec_perl_TestSwitchElseOnly_t" time="0.0481729507446289">
      <failure message="The test suite died before a plan was produced. You need to have a plan." type="Plan">No plan</failure>
    </testcase>
  </testsuite>
  <testsuite name="spec_perl_TestOptionalId_t" errors="0" failures="0" skipped="0" tests="3" time="0.0447249412536621">
    <system-out>1..3
ok 1 - Equals
ok 2 - Equals
ok 3 - Equals
</system-out>
    <testcase name="Equals (393)" classname="spec_perl_TestOptionalId_t" time="0.000293970108032227" />
    <testcase name="Equals (394)" classname="spec_perl_TestOptionalId_t" time="8.60691070556641e-05" />
    <testcase name="Equals (395)" classname="spec_perl_TestOptionalId_t" time="5.88893890380859e-05" />
  </testsuite>
  <testsuite name="spec_perl_TestFloatToI_t" errors="0" failures="0" skipped="0" tests="8" time="0.0466809272766113">
    <system-out>1..8
ok 1 - Equals
ok 2 - Equals
ok 3 - Equals
ok 4 - Equals
ok 5 - Equals
ok 6 - Equals
ok 7 - Equals
ok 8 - Equals
</system-out>
    <testcase name="Equals (396)" classname="spec_perl_TestFloatToI_t" time="0.000306129455566406" />
    <testcase name="Equals (397)" classname="spec_perl_TestFloatToI_t" time="8.10623168945312e-05" />
    <testcase name="Equals (398)" classname="spec_perl_TestFloatToI_t" time="0.000133037567138672" />
    <testcase name="Equals (399)" classname="spec_perl_TestFloatToI_t" time="0.000128984451293945" />
    <testcase name="Equals (400)" classname="spec_perl_TestFloatToI_t" time="0.000152826309204102" />
    <testcase name="Equals (401)" classname="spec_perl_TestFloatToI_t" time="0.000140190124511719" />
    <testcase name="Equals (402)" classname="spec_perl_TestFloatToI_t" time="0.000119924545288086" />
    <testcase name="Equals (403)" classname="spec_perl_TestFloatToI_t" time="0.000165939331054688" />
  </testsuite>
  <testsuite name="spec_perl_TestExprIoPos_t" errors="0" failures="0" skipped="0" tests="6" time="0.0482378005981445">
    <system-out>1..6
ok 1 - Equals
ok 2 - Equals
ok 3 - Equals
ok 4 - Equals
ok 5 - Equals
ok 6 - Equals
</system-out>
    <testcase name="Equals (404)" classname="spec_perl_TestExprIoPos_t" time="0.000633955001831055" />
    <testcase name="Equals (405)" classname="spec_perl_TestExprIoPos_t" time="9.60826873779297e-05" />
    <testcase name="Equals (406)" classname="spec_perl_TestExprIoPos_t" time="5.79357147216797e-05" />
    <testcase name="Equals (407)" classname="spec_perl_TestExprIoPos_t" time="0.000113010406494141" />
    <testcase name="Equals (408)" classname="spec_perl_TestExprIoPos_t" time="0.000140905380249023" />
    <testcase name="Equals (409)" classname="spec_perl_TestExprIoPos_t" time="0.000126123428344727" />
  </testsuite>
  <testsuite name="spec_perl_TestSwitchIntegers_t" errors="0" failures="0" skipped="0" tests="9" time="0.0627200603485107">
    <system-out>1..9
ok 1 - Equals
ok 2 - Equals
ok 3 - Equals
ok 4 - Equals
ok 5 - Equals
ok 6 - Equals
ok 7 - Equals
ok 8 - Equals
ok 9 - Equals
</system-out>
    <testcase name="Equals (410)" classname="spec_perl_TestSwitchIntegers_t" time="0.000342130661010742" />
    <testcase name="Equals (411)" classname="spec_perl_TestSwitchIntegers_t" time="8.392333984375e-05" />
    <testcase name="Equals (412)" classname="spec_perl_TestSwitchIntegers_t" time="0.000108957290649414" />
    <testcase name="Equals (413)" classname="spec_perl_TestSwitchIntegers_t" time="0.00014805793762207" />
    <testcase name="Equals (414)" classname="spec_perl_TestSwitchIntegers_t" time="0.000138998031616211" />
    <testcase name="Equals (415)" classname="spec_perl_TestSwitchIntegers_t" time="0.000123977661132812" />
    <testcase name="Equals (416)" classname="spec_perl_TestSwitchIntegers_t" time="0.000144004821777344" />
    <testcase name="Equals (417)" classname="spec_perl_TestSwitchIntegers_t" time="0.00014495849609375" />
    <testcase name="Equals (418)" classname="spec_perl_TestSwitchIntegers_t" time="0.000123977661132812" />
  </testsuite>
  <testsuite name="spec_perl_TestExpr3_t" errors="0" failures="0" skipped="0" tests="12" time="0.0495400428771973">
    <system-out>1..12
ok 1 - Equals
ok 2 - Equals
ok 3 - Equals
ok 4 - Equals
ok 5 - Equals
ok 6 - Equals
ok 7 - Equals
ok 8 - Equals
ok 9 - Equals
ok 10 - Equals
ok 11 - Equals
ok 12 - Equals
</system-out>
    <testcase name="Equals (419)" classname="spec_perl_TestExpr3_t" time="0.000313997268676758" />
    <testcase name="Equals (420)" classname="spec_perl_TestExpr3_t" time="8.0108642578125e-05" />
    <testcase name="Equals (421)" classname="spec_perl_TestExpr3_t" time="0.000123977661132812" />
    <testcase name="Equals (422)" classname="spec_perl_TestExpr3_t" time="0.000134944915771484" />
    <testcase name="Equals (423)" classname="spec_perl_TestExpr3_t" time="0.000149965286254883" />
    <testcase name="Equals (424)" classname="spec_perl_TestExpr3_t" time="0.000117063522338867" />
    <testcase name="Equals (425)" classname="spec_perl_TestExpr3_t" time="0.000143051147460938" />
    <testcase name="Equals (426)" classname="spec_perl_TestExpr3_t" time="0.000135898590087891" />
    <testcase name="Equals (427)" classname="spec_perl_TestExpr3_t" time="0.000128030776977539" />
    <testcase name="Equals (428)" classname="spec_perl_TestExpr3_t" time="0.000195026397705078" />
    <testcase name="Equals (429)" classname="spec_perl_TestExpr3_t" time="7.41481781005859e-05" />
    <testcase name="Equals (430)" classname="spec_perl_TestExpr3_t" time="0.00014495849609375" />
  </testsuite>
  <testsuite name="spec_perl_TestSwitchManualIntElse_t" errors="0" failures="0" skipped="0" tests="9" time="0.0469539165496826">
    <system-out>1..9
ok 1 - Equals
ok 2 - Equals
ok 3 - Equals
ok 4 - Equals
ok 5 - Equals
ok 6 - Equals
ok 7 - Equals
ok 8 - Equals
ok 9 - Equals
</system-out>
    <testcase name="Equals (431)" classname="spec_perl_TestSwitchManualIntElse_t" time="0.000277996063232422" />
    <testcase name="Equals (432)" classname="spec_perl_TestSwitchManualIntElse_t" time="8.89301300048828e-05" />
    <testcase name="Equals (433)" classname="spec_perl_TestSwitchManualIntElse_t" time="8.51154327392578e-05" />
    <testcase name="Equals (434)" classname="spec_perl_TestSwitchManualIntElse_t" time="0.000159025192260742" />
    <testcase name="Equals (435)" classname="spec_perl_TestSwitchManualIntElse_t" time="0.000120878219604492" />
    <testcase name="Equals (436)" classname="spec_perl_TestSwitchManualIntElse_t" time="0.00011897087097168" />
    <testcase name="Equals (437)" classname="spec_perl_TestSwitchManualIntElse_t" time="0.000154018402099609" />
    <testcase name="Equals (438)" classname="spec_perl_TestSwitchManualIntElse_t" time="0.000118017196655273" />
    <testcase name="Equals (439)" classname="spec_perl_TestSwitchManualIntElse_t" time="0.000149011611938477" />
  </testsuite>
  <testsuite name="spec_perl_TestSwitchManualStr_t" errors="0" failures="0" skipped="0" tests="9" time="0.0493659973144531">
    <system-out>1..9
ok 1 - Equals
ok 2 - Equals
ok 3 - Equals
ok 4 - Equals
ok 5 - Equals
ok 6 - Equals
ok 7 - Equals
ok 8 - Equals
ok 9 - Equals
</system-out>
    <testcase name="Equals (440)" classname="spec_perl_TestSwitchManualStr_t" time="0.000355005264282227" />
    <testcase name="Equals (441)" classname="spec_perl_TestSwitchManualStr_t" time="8.70227813720703e-05" />
    <testcase name="Equals (442)" classname="spec_perl_TestSwitchManualStr_t" time="5.79357147216797e-05" />
    <testcase name="Equals (443)" classname="spec_perl_TestSwitchManualStr_t" time="0.000168085098266602" />
    <testcase name="Equals (444)" classname="spec_perl_TestSwitchManualStr_t" time="0.000132083892822266" />
    <testcase name="Equals (445)" classname="spec_perl_TestSwitchManualStr_t" time="0.000138998031616211" />
    <testcase name="Equals (446)" classname="spec_perl_TestSwitchManualStr_t" time="0.000122785568237305" />
    <testcase name="Equals (447)" classname="spec_perl_TestSwitchManualStr_t" time="0.000151157379150391" />
    <testcase name="Equals (448)" classname="spec_perl_TestSwitchManualStr_t" time="0.000123977661132812" />
  </testsuite>
  <testsuite name="spec_perl_TestDefaultEndianExprInherited_t" errors="0" failures="0" skipped="0" tests="15" time="0.0487232208251953">
    <system-out>1..15
ok 1 - Equals
ok 2 - Equals
ok 3 - Equals
ok 4 - Equals
ok 5 - Equals
ok 6 - Equals
ok 7 - Equals
ok 8 - Equals
ok 9 - Equals
ok 10 - Equals
ok 11 - Equals
ok 12 - Equals
ok 13 - Equals
ok 14 - Equals
ok 15 - Equals
</system-out>
    <testcase name="Equals (449)" classname="spec_perl_TestDefaultEndianExprInherited_t" time="0.000475883483886719" />
    <testcase name="Equals (450)" classname="spec_perl_TestDefaultEndianExprInherited_t" time="9.89437103271484e-05" />
    <testcase name="Equals (451)" classname="spec_perl_TestDefaultEndianExprInherited_t" time="9.79900360107422e-05" />
    <testcase name="Equals (452)" classname="spec_perl_TestDefaultEndianExprInherited_t" time="5.60283660888672e-05" />
    <testcase name="Equals (453)" classname="spec_perl_TestDefaultEndianExprInherited_t" time="0.000184059143066406" />
    <testcase name="Equals (454)" classname="spec_perl_TestDefaultEndianExprInherited_t" time="8.89301300048828e-05" />
    <testcase name="Equals (455)" classname="spec_perl_TestDefaultEndianExprInherited_t" time="0.000149965286254883" />
    <testcase name="Equals (456)" classname="spec_perl_TestDefaultEndianExprInherited_t" time="0.000138044357299805" />
    <testcase name="Equals (457)" classname="spec_perl_TestDefaultEndianExprInherited_t" time="0.0001220703125" />
    <testcase name="Equals (458)" classname="spec_perl_TestDefaultEndianExprInherited_t" time="0.000173091888427734" />
    <testcase name="Equals (459)" classname="spec_perl_TestDefaultEndianExprInherited_t" time="0.000111818313598633" />
    <testcase name="Equals (460)" classname="spec_perl_TestDefaultEndianExprInherited_t" time="0.000143051147460938" />
    <testcase name="Equals (461)" classname="spec_perl_TestDefaultEndianExprInherited_t" time="0.000127077102661133" />
    <testcase name="Equals (462)" classname="spec_perl_TestDefaultEndianExprInherited_t" time="0.000149011611938477" />
    <testcase name="Equals (463)" classname="spec_perl_TestDefaultEndianExprInherited_t" time="0.000159978866577148" />
  </testsuite>
  <testsuite name="spec_perl_TestBcdUserTypeLe_t" errors="0" failures="0" skipped="0" tests="6" time="0.0478861331939697">
    <system-out>1..6
ok 1 - Equals
ok 2 - Equals
ok 3 - Equals
ok 4 - Equals
ok 5 - Equals
ok 6 - Equals
</system-out>
    <testcase name="Equals (464)" classname="spec_perl_TestBcdUserTypeLe_t" time="0.000669956207275391" />
    <testcase name="Equals (465)" classname="spec_perl_TestBcdUserTypeLe_t" time="0.000101089477539062" />
    <testcase name="Equals (466)" classname="spec_perl_TestBcdUserTypeLe_t" time="0.0001220703125" />
    <testcase name="Equals (467)" classname="spec_perl_TestBcdUserTypeLe_t" time="0.000175952911376953" />
    <testcase name="Equals (468)" classname="spec_perl_TestBcdUserTypeLe_t" time="0.000139951705932617" />
    <testcase name="Equals (469)" classname="spec_perl_TestBcdUserTypeLe_t" time="0.000155925750732422" />
  </testsuite>
  <testsuite name="spec_perl_TestDebugEnumName_t" errors="1" failures="0" skipped="0" tests="0" time="0.0418059825897217">
    <system-out></system-out>
    <testcase name="Test died too soon, even before plan. (469)" classname="spec_perl_TestDebugEnumName_t" time="0.0418059825897217">
[...]
    <system-out>1..3
ok 1 - Equals
ok 2 - Equals
not ok 3 - test_enum_to_i_class_border_1 died (Can't call method &quot;some_dog&quot; on an undefined value at compiled/perl/EnumToIClassBorder2.pm line 42.)
</system-out>
    <testcase name="Equals (648)" classname="spec_perl_TestEnumToIClassBorder1_t" time="0.0001678466796875" />
    <testcase name="Equals (649)" classname="spec_perl_TestEnumToIClassBorder1_t" time="6.81877136230469e-05" />
    <testcase name="test_enum_to_i_class_border_1 died (Can't call method &quot;some_dog&quot; on an undefined value at compiled/perl/EnumToIClassBorder2.pm line 42.) (649)" classname="spec_perl_TestEnumToIClassBorder1_t" time="0.000236988067626953">
      <failure message="not ok 3 - test_enum_to_i_class_border_1 died (Can't call method &quot;some_dog&quot; on an undefined value at compiled/perl/EnumToIClassBorder2.pm line 42.)" type="TAP::Parser::Result::Test"></failure>
    </testcase>
  </testsuite>
  <testsuite name="spec_perl_TestExprIoEof_t" errors="0" failures="0" skipped="0" tests="4" time="0.0439119338989258">
    <system-out>1..4
ok 1 - Equals
ok 2 - Equals
ok 3 - Equals
ok 4 - Equals
</system-out>
    <testcase name="Equals (650)" classname="spec_perl_TestExprIoEof_t" time="0.000530004501342773" />
    <testcase name="Equals (651)" classname="spec_perl_TestExprIoEof_t" time="0.000108957290649414" />
    <testcase name="Equals (652)" classname="spec_perl_TestExprIoEof_t" time="6.41345977783203e-05" />
    <testcase name="Equals (653)" classname="spec_perl_TestExprIoEof_t" time="0.000123977661132812" />
  </testsuite>
  <testsuite name="spec_perl_TestStrLiterals2_t" errors="0" failures="0" skipped="0" tests="4" time="0.0434808731079102">
    <system-out>1..4
ok 1 - Equals
ok 2 - Equals
ok 3 - Equals
ok 4 - Equals
</system-out>
    <testcase name="Equals (654)" classname="spec_perl_TestStrLiterals2_t" time="0.000219106674194336" />
    <testcase name="Equals (655)" classname="spec_perl_TestStrLiterals2_t" time="7.39097595214844e-05" />
    <testcase name="Equals (656)" classname="spec_perl_TestStrLiterals2_t" time="0.000179052352905273" />
    <testcase name="Equals (657)" classname="spec_perl_TestStrLiterals2_t" time="0.000133037567138672" />
  </testsuite>
  <testsuite name="spec_perl_TestDefaultEndianExprIsBe_t" errors="0" failures="0" skipped="0" tests="18" time="0.0489799976348877">
    <system-out>1..18
ok 1 - Equals
ok 2 - Equals
ok 3 - Equals
ok 4 - Equals
ok 5 - Equals
ok 6 - Equals
ok 7 - Equals
ok 8 - Equals
ok 9 - Equals
ok 10 - Equals
ok 11 - Equals
ok 12 - Equals
ok 13 - Equals
ok 14 - Equals
ok 15 - Equals
ok 16 - Equals
ok 17 - Equals
ok 18 - Equals
</system-out>
    <testcase name="Equals (658)" classname="spec_perl_TestDefaultEndianExprIsBe_t" time="0.000378847122192383" />
    <testcase name="Equals (659)" classname="spec_perl_TestDefaultEndianExprIsBe_t" time="8.60691070556641e-05" />
    <testcase name="Equals (660)" classname="spec_perl_TestDefaultEndianExprIsBe_t" time="0.000154972076416016" />
    <testcase name="Equals (661)" classname="spec_perl_TestDefaultEndianExprIsBe_t" time="0.0001220703125" />
    <testcase name="Equals (662)" classname="spec_perl_TestDefaultEndianExprIsBe_t" time="0.000216007232666016" />
    <testcase name="Equals (663)" classname="spec_perl_TestDefaultEndianExprIsBe_t" time="0.00018000602722168" />
    <testcase name="Equals (664)" classname="spec_perl_TestDefaultEndianExprIsBe_t" time="0.000108003616333008" />
    <testcase name="Equals (665)" classname="spec_perl_TestDefaultEndianExprIsBe_t" time="0.000145912170410156" />
    <testcase name="Equals (666)" classname="spec_perl_TestDefaultEndianExprIsBe_t" time="0.000133991241455078" />
    <testcase name="Equals (667)" classname="spec_perl_TestDefaultEndianExprIsBe_t" time="0.000113964080810547" />
    <testcase name="Equals (668)" classname="spec_perl_TestDefaultEndianExprIsBe_t" time="0.000168085098266602" />
    <testcase name="Equals (669)" classname="spec_perl_TestDefaultEndianExprIsBe_t" time="0.000161886215209961" />
    <testcase name="Equals (670)" classname="spec_perl_TestDefaultEndianExprIsBe_t" time="0.000133037567138672" />
    <testcase name="Equals (671)" classname="spec_perl_TestDefaultEndianExprIsBe_t" time="0.000149965286254883" />
    <testcase name="Equals (672)" classname="spec_perl_TestDefaultEndianExprIsBe_t" time="0.000116109848022461" />
    <testcase name="Equals (673)" classname="spec_perl_TestDefaultEndianExprIsBe_t" time="0.000149965286254883" />
    <testcase name="Equals (674)" classname="spec_perl_TestDefaultEndianExprIsBe_t" time="0.000154972076416016" />
    <testcase name="Equals (675)" classname="spec_perl_TestDefaultEndianExprIsBe_t" time="0.000162124633789062" />
  </testsuite>
  <testsuite name="spec_perl_TestCastToTop_t" errors="0" failures="0" skipped="0" tests="3" time="0.0447359085083008">
    <system-out>1..3
ok 1 - Equals
ok 2 - Equals
ok 3 - Equals
</system-out>
    <testcase name="Equals (676)" classname="spec_perl_TestCastToTop_t" time="0.000256061553955078" />
    <testcase name="Equals (677)" classname="spec_perl_TestCastToTop_t" time="8.20159912109375e-05" />
    <testcase name="Equals (678)" classname="spec_perl_TestCastToTop_t" time="0.000153064727783203" />
  </testsuite>
  <testsuite name="spec_perl_TestTermStrz_t" errors="0" failures="0" skipped="0" tests="3" time="0.0498762130737305">
    <system-out>1..3
ok 1 - Equals
ok 2 - Equals
ok 3 - Equals
</system-out>
    <testcase name="Equals (679)" classname="spec_perl_TestTermStrz_t" time="0.00040888786315918" />
    <testcase name="Equals (680)" classname="spec_perl_TestTermStrz_t" time="9.20295715332031e-05" />
    <testcase name="Equals (681)" classname="spec_perl_TestTermStrz_t" time="7.79628753662109e-05" />
  </testsuite>
  <testsuite name="spec_perl_TestParamsPassUsertype_t" errors="0" failures="1" skipped="1" tests="2" time="0.045428991317749">
    <system-out>1..2
not ok 1 - test_params_pass_usertype died (Can't call method &quot;foo&quot; on an undefined value at compiled/perl/ParamsPassUsertype.pm line 119.)
ok 2 # skip test_params_pass_usertype died
</system-out>
    <testcase name="test_params_pass_usertype died (Can't call method &quot;foo&quot; on an undefined value at compiled/perl/ParamsPassUsertype.pm line 119.) (681)" classname="spec_perl_TestParamsPassUsertype_t" time="0.000274896621704102">
      <failure message="not ok 1 - test_params_pass_usertype died (Can't call method &quot;foo&quot; on an undefined value at compiled/perl/ParamsPassUsertype.pm line 119.)" type="TAP::Parser::Result::Test"></failure>
    </testcase>
    <testcase name="Unnamed test case 681" classname="spec_perl_TestParamsPassUsertype_t" time="0.00373291969299316">
      <skipped message="ok 2 # skip test_params_pass_usertype died" />
    </testcase>
  </testsuite>
  <testsuite name="spec_perl_TestStrPadTerm_t" errors="0" failures="0" skipped="0" tests="4" time="0.0465519428253174">
    <system-out>1..4
ok 1 - Equals
ok 2 - Equals
ok 3 - Equals
ok 4 - Equals
</system-out>
    <testcase name="Equals (682)" classname="spec_perl_TestStrPadTerm_t" time="0.000307083129882812" />
    <testcase name="Equals (683)" classname="spec_perl_TestStrPadTerm_t" time="8.58306884765625e-05" />
    <testcase name="Equals (684)" classname="spec_perl_TestStrPadTerm_t" time="0.000117063522338867" />
    <testcase name="Equals (685)" classname="spec_perl_TestStrPadTerm_t" time="0.000132083892822266" />
  </testsuite>
  <testsuite name="spec_perl_TestExprSizeofValue0_t" errors="0" failures="0" skipped="0" tests="5" time="0.0448970794677734">
    <system-out>1..5
ok 1 - Equals
ok 2 - Equals
ok 3 - Equals
ok 4 - Equals
ok 5 - Equals
</system-out>
    <testcase name="Equals (686)" classname="spec_perl_TestExprSizeofValue0_t" time="0.000279903411865234" />
    <testcase name="Equals (687)" classname="spec_perl_TestExprSizeofValue0_t" time="7.70092010498047e-05" />
    <testcase name="Equals (688)" classname="spec_perl_TestExprSizeofValue0_t" time="0.0001220703125" />
    <testcase name="Equals (689)" classname="spec_perl_TestExprSizeofValue0_t" time="0.000138998031616211" />
    <testcase name="Equals (690)" classname="spec_perl_TestExprSizeofValue0_t" time="0.000125885009765625" />
  </testsuite>
  <testsuite name="spec_perl_TestEofExceptionU4_t" errors="0" failures="0" skipped="0" tests="1" time="0.0461249351501465">
    <system-out>1..1
ok 1 - Died
</system-out>
    <testcase name="Died (690)" classname="spec_perl_TestEofExceptionU4_t" time="0.000165224075317383" />
  </testsuite>
  <testsuite name="spec_perl_TestProcessXor4Value_t" errors="0" failures="0" skipped="0" tests="2" time="0.0444080829620361">
    <system-out>1..2
ok 1 - Equals
ok 2 - Equals
</system-out>
    <testcase name="Equals (691)" classname="spec_perl_TestProcessXor4Value_t" time="0.000264883041381836" />
    <testcase name="Equals (692)" classname="spec_perl_TestProcessXor4Value_t" time="8.0108642578125e-05" />
  </testsuite>
  <testsuite name="spec_perl_TestInstanceUserArray_t" errors="0" failures="0" skipped="0" tests="10" time="0.0451350212097168">
    <system-out>1..10
ok 1 - Equals
ok 2 - Equals
ok 3 - Equals
ok 4 - Equals
ok 5 - Equals
ok 6 - Equals
ok 7 - Equals
ok 8 - Equals
ok 9 - Equals
ok 10 - Equals
</system-out>
    <testcase name="Equals (693)" classname="spec_perl_TestInstanceUserArray_t" time="0.000269174575805664" />
    <testcase name="Equals (694)" classname="spec_perl_TestInstanceUserArray_t" time="7.58171081542969e-05" />
    <testcase name="Equals (695)" classname="spec_perl_TestInstanceUserArray_t" time="0.000120162963867188" />
    <testcase name="Equals (696)" classname="spec_perl_TestInstanceUserArray_t" time="0.000596046447753906" />
    <testcase name="Equals (697)" classname="spec_perl_TestInstanceUserArray_t" time="7.89165496826172e-05" />
    <testcase name="Equals (698)" classname="spec_perl_TestInstanceUserArray_t" time="0.000138044357299805" />
    <testcase name="Equals (699)" classname="spec_perl_TestInstanceUserArray_t" time="0.000128030776977539" />
    <testcase name="Equals (700)" classname="spec_perl_TestInstanceUserArray_t" time="0.000140905380249023" />
    <testcase name="Equals (701)" classname="spec_perl_TestInstanceUserArray_t" time="0.0001220703125" />
    <testcase name="Equals (702)" classname="spec_perl_TestInstanceUserArray_t" time="0.000136852264404297" />
  </testsuite>
  <testsuite name="spec_perl_TestExpr0_t" errors="0" failures="0" skipped="0" tests="2" time="0.0430128574371338">
    <system-out>1..2
ok 1 - Equals
ok 2 - Equals
</system-out>
    <testcase name="Equals (703)" classname="spec_perl_TestExpr0_t" time="0.000169992446899414" />
    <testcase name="Equals (704)" classname="spec_perl_TestExpr0_t" time="6.58035278320312e-05" />
  </testsuite>
  <testsuite name="spec_perl_TestTypeTernaryOpaque_t" errors="0" failures="0" skipped="0" tests="3" time="0.047982931137085">
    <system-out>1..3
ok 1 - Equals
ok 2 - Equals
ok 3 - Equals
</system-out>
    <testcase name="Equals (705)" classname="spec_perl_TestTypeTernaryOpaque_t" time="0.000580072402954102" />
    <testcase name="Equals (706)" classname="spec_perl_TestTypeTernaryOpaque_t" time="0.000142097473144531" />
    <testcase name="Equals (707)" classname="spec_perl_TestTypeTernaryOpaque_t" time="5.57899475097656e-05" />
  </testsuite>
  <testsuite name="spec_perl_TestSwitchManualEnumInvalid_t" errors="0" failures="0" skipped="0" tests="5" time="0.0491549968719482">
    <system-out>1..5
ok 1 - Equals
ok 2 - Equals
ok 3 - nil
ok 4 - Equals
ok 5 - nil
</system-out>
    <testcase name="Equals (708)" classname="spec_perl_TestSwitchManualEnumInvalid_t" time="0.000319004058837891" />
    <testcase name="Equals (709)" classname="spec_perl_TestSwitchManualEnumInvalid_t" time="8.48770141601562e-05" />
    <testcase name="nil (709)" classname="spec_perl_TestSwitchManualEnumInvalid_t" time="5.79357147216797e-05" />
    <testcase name="Equals (710)" classname="spec_perl_TestSwitchManualEnumInvalid_t" time="0.000167131423950195" />
    <testcase name="nil (710)" classname="spec_perl_TestSwitchManualEnumInvalid_t" time="6.103515625e-05" />
  </testsuite>
  <testsuite name="spec_perl_TestIfInstances_t" errors="0" failures="0" skipped="0" tests="1" time="0.0464000701904297">
    <system-out>1..1
ok 1 - nil
</system-out>
    <testcase name="nil (711)" classname="spec_perl_TestIfInstances_t" time="0.00018310546875" />
  </testsuite>
  <testsuite name="spec_perl_TestFixedStruct_t" errors="1" failures="0" skipped="0" tests="0" time="0.0432989597320557">
    <system-out></system-out>
    <testcase name="Test died too soon, even before plan. (711)" classname="spec_perl_TestFixedStruct_t" time="0.0432989597320557">
      <failure message="The test suite died before a plan was produced. You need to have a plan." type="Plan">No plan</failure>
    </testcase>
  </testsuite>
  <testsuite name="spec_perl_TestBufferedStruct_t" errors="0" failures="0" skipped="0" tests="7" time="0.0445199012756348">
    <system-out>1..7
ok 1 - Equals
ok 2 - Equals
ok 3 - Equals
ok 4 - Equals
ok 5 - Equals
ok 6 - Equals
ok 7 - Equals
</system-out>
    <testcase name="Equals (711)" classname="spec_perl_TestBufferedStruct_t" time="0.000558137893676758" />
    <testcase name="Equals (712)" classname="spec_perl_TestBufferedStruct_t" time="9.17911529541016e-05" />
    <testcase name="Equals (713)" classname="spec_perl_TestBufferedStruct_t" time="5.69820404052734e-05" />
    <testcase name="Equals (714)" classname="spec_perl_TestBufferedStruct_t" time="0.000110149383544922" />
    <testcase name="Equals (715)" classname="spec_perl_TestBufferedStruct_t" time="0.000136852264404297" />
    <testcase name="Equals (716)" classname="spec_perl_TestBufferedStruct_t" time="0.000141143798828125" />
    <testcase name="Equals (717)" classname="spec_perl_TestBufferedStruct_t" time="0.000105857849121094" />
  </testsuite>
  <testsuite name="spec_perl_TestUserType_t" errors="0" failures="0" skipped="0" tests="2" time="0.043036937713623">
    <system-out>1..2
ok 1 - Equals
ok 2 - Equals
</system-out>
    <testcase name="Equals (718)" classname="spec_perl_TestUserType_t" time="0.000266075134277344" />
    <testcase name="Equals (719)" classname="spec_perl_TestUserType_t" time="0.000118017196655273" />
  </testsuite>
  <testsuite name="spec_perl_TestRepeatEosU4_t" errors="0" failures="0" skipped="0" tests="1" time="0.0455391407012939">
    <system-out>1..1
ok 1 - Equals
</system-out>
    <testcase name="Equals (720)" classname="spec_perl_TestRepeatEosU4_t" time="0.000283002853393555" />
  </testsuite>
  <testsuite name="spec_perl_TestProcessCoerceBytes_t" errors="0" failures="0" skipped="0" tests="4" time="0.0460891723632812">
    <system-out>1..4
ok 1 - Equals
ok 2 - Equals
ok 3 - Equals
ok 4 - Equals
</system-out>
    <testcase name="Equals (721)" classname="spec_perl_TestProcessCoerceBytes_t" time="0.000283002853393555" />
    <testcase name="Equals (722)" classname="spec_perl_TestProcessCoerceBytes_t" time="7.89165496826172e-05" />
    <testcase name="Equals (723)" classname="spec_perl_TestProcessCoerceBytes_t" time="0.000154018402099609" />
    <testcase name="Equals (724)" classname="spec_perl_TestProcessCoerceBytes_t" time="0.000128030776977539" />
  </testsuite>
  <testsuite name="spec_perl_TestInstanceStd_t" errors="0" failures="0" skipped="0" tests="1" time="0.0464551448822021">
    <system-out>1..1
ok 1 - Equals
</system-out>
    <testcase name="Equals (725)" classname="spec_perl_TestInstanceStd_t" time="0.00023198127746582" />
  </testsuite>
  <testsuite name="spec_perl_TestEnumDeep_t" errors="0" failures="0" skipped="0" tests="2" time="0.0433731079101562">
    <system-out>1..2
ok 1 - Equals
ok 2 - Equals
</system-out>
    <testcase name="Equals (726)" classname="spec_perl_TestEnumDeep_t" time="0.000241994857788086" />
    <testcase name="Equals (727)" classname="spec_perl_TestEnumDeep_t" time="7.58171081542969e-05" />
  </testsuite>
  <testsuite name="spec_perl_TestRepeatUntilSized_t" errors="0" failures="0" skipped="0" tests="7" time="0.0450592041015625">
    <system-out>1..7
ok 1 - Equals
ok 2 - Equals
ok 3 - Equals
ok 4 - Equals
ok 5 - Equals
ok 6 - Equals
ok 7 - Equals
</system-out>
    <testcase name="Equals (728)" classname="spec_perl_TestRepeatUntilSized_t" time="0.000520944595336914" />
    <testcase name="Equals (729)" classname="spec_perl_TestRepeatUntilSized_t" time="9.51290130615234e-05" />
    <testcase name="Equals (730)" classname="spec_perl_TestRepeatUntilSized_t" time="5.60283660888672e-05" />
    <testcase name="Equals (731)" classname="spec_perl_TestRepeatUntilSized_t" time="0.000103950500488281" />
    <testcase name="Equals (732)" classname="spec_perl_TestRepeatUntilSized_t" time="0.000131845474243164" />
    <testcase name="Equals (733)" classname="spec_perl_TestRepeatUntilSized_t" time="0.000140190124511719" />
    <testcase name="Equals (734)" classname="spec_perl_TestRepeatUntilSized_t" time="0.000131845474243164" />
  </testsuite>
  <testsuite name="spec_perl_TestExpr2_t" errors="0" failures="0" skipped="0" tests="17" time="0.0484499931335449">
    <system-out>1..17
ok 1 - Equals
ok 2 - Equals
ok 3 - Equals
ok 4 - Equals
ok 5 - Equals
ok 6 - Equals
ok 7 - Equals
ok 8 - Equals
ok 9 - Equals
ok 10 - Equals
ok 11 - Equals
ok 12 - Equals
ok 13 - Equals
ok 14 - Equals
ok 15 - Equals
ok 16 - Equals
ok 17 - Equals
</system-out>
    <testcase name="Equals (735)" classname="spec_perl_TestExpr2_t" time="0.000634908676147461" />
    <testcase name="Equals (736)" classname="spec_perl_TestExpr2_t" time="9.10758972167969e-05" />
    <testcase name="Equals (737)" classname="spec_perl_TestExpr2_t" time="8.0108642578125e-05" />
    <testcase name="Equals (738)" classname="spec_perl_TestExpr2_t" time="0.000151872634887695" />
    <testcase name="Equals (739)" classname="spec_perl_TestExpr2_t" time="0.00011897087097168" />
    <testcase name="Equals (740)" classname="spec_perl_TestExpr2_t" time="0.000138044357299805" />
    <testcase name="Equals (741)" classname="spec_perl_TestExpr2_t" time="0.000138998031616211" />
    <testcase name="Equals (742)" classname="spec_perl_TestExpr2_t" time="0.000177145004272461" />
    <testcase name="Equals (743)" classname="spec_perl_TestExpr2_t" time="0.000162839889526367" />
    <testcase name="Equals (744)" classname="spec_perl_TestExpr2_t" time="0.000113010406494141" />
    <testcase name="Equals (745)" classname="spec_perl_TestExpr2_t" time="0.000147104263305664" />
    <testcase name="Equals (746)" classname="spec_perl_TestExpr2_t" time="0.000124931335449219" />
    <testcase name="Equals (747)" classname="spec_perl_TestExpr2_t" time="0.000152111053466797" />
    <testcase name="Equals (748)" classname="spec_perl_TestExpr2_t" time="0.000162839889526367" />
    <testcase name="Equals (749)" classname="spec_perl_TestExpr2_t" time="0.000113010406494141" />
    <testcase name="Equals (750)" classname="spec_perl_TestExpr2_t" time="0.00014495849609375" />
    <testcase name="Equals (751)" classname="spec_perl_TestExpr2_t" time="0.0001220703125" />
  </testsuite>
  <testsuite name="spec_perl_TestDocstringsDocref_t" errors="0" failures="0" skipped="1" tests="1" time="0.0445089340209961">
    <system-out>1..1
ok 1 # skip DocstringsDocref=HASH(0x124c430)
</system-out>
    <testcase name="Unnamed test case 751" classname="spec_perl_TestDocstringsDocref_t" time="0.00121307373046875">
      <skipped message="ok 1 # skip DocstringsDocref=HASH(0x124c430)" />
    </testcase>
  </testsuite>
  <testsuite name="spec_perl_TestParamsCallExtraParens_t" errors="0" failures="1" skipped="0" tests="1" time="0.0488870143890381">
    <system-out>1..1
not ok 1 - Equals
</system-out>
    <testcase name="Equals (752)" classname="spec_perl_TestParamsCallExtraParens_t" time="0.00415587425231934">
      <failure message="not ok 1 - Equals" type="TAP::Parser::Result::Test"></failure>
    </testcase>
  </testsuite>
</testsuites>
