<?xml version='1.0' encoding='utf-8'?>
<testsuites>
  <testsuite name="spec_perl_TestRepeatUntilSized_t" errors="0" failures="0" skipped="0" tests="7" time="0.0307729244232178">
    <system-out>1..7
ok 1 - Equals
ok 2 - Equals
ok 3 - Equals
ok 4 - Equals
ok 5 - Equals
ok 6 - Equals
ok 7 - Equals
</system-out>
    <testcase name="Equals" classname="spec_perl_TestRepeatUntilSized_t" time="0.00145912170410156" />
    <testcase name="Equals (2)" classname="spec_perl_TestRepeatUntilSized_t" time="7.89165496826172e-05" />
    <testcase name="Equals (3)" classname="spec_perl_TestRepeatUntilSized_t" time="4.79221343994141e-05" />
    <testcase name="Equals (4)" classname="spec_perl_TestRepeatUntilSized_t" time="3.50475311279297e-05" />
    <testcase name="Equals (5)" classname="spec_perl_TestRepeatUntilSized_t" time="4.79221343994141e-05" />
    <testcase name="Equals (6)" classname="spec_perl_TestRepeatUntilSized_t" time="3.31401824951172e-05" />
    <testcase name="Equals (7)" classname="spec_perl_TestRepeatUntilSized_t" time="3.19480895996094e-05" />
  </testsuite>
  <testsuite name="spec_perl_TestEnum0_t" errors="0" failures="0" skipped="0" tests="2" time="0.0303239822387695">
    <system-out>1..2
ok 1 - Equals
ok 2 - Equals
</system-out>
    <testcase name="Equals (8)" classname="spec_perl_TestEnum0_t" time="0.00112485885620117" />
    <testcase name="Equals (9)" classname="spec_perl_TestEnum0_t" time="5.60283660888672e-05" />
  </testsuite>
  <testsuite name="spec_perl_TestExprStrEncodings_t" errors="0" failures="0" skipped="0" tests="7" time="0.0409681797027588">
    <system-out>1..7
ok 1 - Equals
ok 2 - Equals
ok 3 - Equals
ok 4 - Equals
ok 5 - Equals
ok 6 - Equals
ok 7 - Equals
</system-out>
    <testcase name="Equals (10)" classname="spec_perl_TestExprStrEncodings_t" time="0.00511384010314941" />
    <testcase name="Equals (11)" classname="spec_perl_TestExprStrEncodings_t" time="7.00950622558594e-05" />
    <testcase name="Equals (12)" classname="spec_perl_TestExprStrEncodings_t" time="3.79085540771484e-05" />
    <testcase name="Equals (13)" classname="spec_perl_TestExprStrEncodings_t" time="4.00543212890625e-05" />
    <testcase name="Equals (14)" classname="spec_perl_TestExprStrEncodings_t" time="2.59876251220703e-05" />
    <testcase name="Equals (15)" classname="spec_perl_TestExprStrEncodings_t" time="3.21865081787109e-05" />
    <testcase name="Equals (16)" classname="spec_perl_TestExprStrEncodings_t" time="0.000136852264404297" />
  </testsuite>
  <testsuite name="spec_perl_TestExprArray_t" errors="0" failures="1" skipped="0" tests="15" time="0.0371840000152588">
    <system-out>1..15
ok 1 - Equals
ok 2 - Equals
ok 3 - Equals
ok 4 - Equals
ok 5 - Equals
ok 6 - Equals
ok 7 - Approx equals
ok 8 - Approx equals
not ok 9 - Approx equals
ok 10 - Approx equals
ok 11 - Equals
ok 12 - Equals
ok 13 - Equals
ok 14 - Equals
ok 15 - Equals
</system-out>
    <testcase name="Equals (17)" classname="spec_perl_TestExprArray_t" time="0.00142312049865723" />
    <testcase name="Equals (18)" classname="spec_perl_TestExprArray_t" time="0.000108003616333008" />
    <testcase name="Equals (19)" classname="spec_perl_TestExprArray_t" time="4.00543212890625e-05" />
    <testcase name="Equals (20)" classname="spec_perl_TestExprArray_t" time="3.79085540771484e-05" />
    <testcase name="Equals (21)" classname="spec_perl_TestExprArray_t" time="3.29017639160156e-05" />
    <testcase name="Equals (22)" classname="spec_perl_TestExprArray_t" time="4.50611114501953e-05" />
    <testcase name="Approx equals (22)" classname="spec_perl_TestExprArray_t" time="3.40938568115234e-05" />
    <testcase name="Approx equals (23)" classname="spec_perl_TestExprArray_t" time="3.09944152832031e-05" />
    <testcase name="Approx equals (24)" classname="spec_perl_TestExprArray_t" time="4.48226928710938e-05">
      <failure message="not ok 9 - Approx equals" type="TAP::Parser::Result::Test"></failure>
    </testcase>
    <testcase name="Approx equals (25)" classname="spec_perl_TestExprArray_t" time="4.41074371337891e-05" />
    <testcase name="Equals (25)" classname="spec_perl_TestExprArray_t" time="3.50475311279297e-05" />
    <testcase name="Equals (26)" classname="spec_perl_TestExprArray_t" time="4.98294830322266e-05" />
    <testcase name="Equals (27)" classname="spec_perl_TestExprArray_t" time="4.10079956054688e-05" />
    <testcase name="Equals (28)" classname="spec_perl_TestExprArray_t" time="0.000149011611938477" />
    <testcase name="Equals (29)" classname="spec_perl_TestExprArray_t" time="0.000931024551391602" />
  </testsuite>
  <testsuite name="spec_perl_TestExprIoPos_t" errors="0" failures="0" skipped="0" tests="6" time="0.0365560054779053">
    <system-out>1..6
ok 1 - Equals
ok 2 - Equals
ok 3 - Equals
ok 4 - Equals
ok 5 - Equals
ok 6 - Equals
</system-out>
    <testcase name="Equals (30)" classname="spec_perl_TestExprIoPos_t" time="0.0018608570098877" />
    <testcase name="Equals (31)" classname="spec_perl_TestExprIoPos_t" time="8.70227813720703e-05" />
    <testcase name="Equals (32)" classname="spec_perl_TestExprIoPos_t" time="3.40938568115234e-05" />
    <testcase name="Equals (33)" classname="spec_perl_TestExprIoPos_t" time="3.00407409667969e-05" />
    <testcase name="Equals (34)" classname="spec_perl_TestExprIoPos_t" time="2.88486480712891e-05" />
    <testcase name="Equals (35)" classname="spec_perl_TestExprIoPos_t" time="3.91006469726562e-05" />
  </testsuite>
  <testsuite name="spec_perl_TestZlibSurrounded_t" errors="0" failures="0" skipped="0" tests="1" time="0.0568628311157227">
    <system-out>1..1
ok 1 - Equals
</system-out>
    <testcase name="Equals (36)" classname="spec_perl_TestZlibSurrounded_t" time="0.00164198875427246" />
  </testsuite>
  <testsuite name="spec_perl_TestCombineBool_t" errors="0" failures="0" skipped="0" tests="2" time="0.0308420658111572">
    <system-out>1..2
ok 1 - Equals
ok 2 - Equals
</system-out>
    <testcase name="Equals (37)" classname="spec_perl_TestCombineBool_t" time="0.00109004974365234" />
    <testcase name="Equals (38)" classname="spec_perl_TestCombineBool_t" time="6.60419464111328e-05" />
  </testsuite>
  <testsuite name="spec_perl_TestExprBits_t" errors="0" failures="0" skipped="0" tests="10" time="0.0324578285217285">
    <system-out>1..10
ok 1 - Equals
ok 2 - Equals
ok 3 - Equals
ok 4 - Equals
ok 5 - Equals
ok 6 - Equals
ok 7 - Equals
ok 8 - Equals
ok 9 - Equals
ok 10 - Equals
</system-out>
    <testcase name="Equals (39)" classname="spec_perl_TestExprBits_t" time="0.00213885307312012" />
    <testcase name="Equals (40)" classname="spec_perl_TestExprBits_t" time="7.51018524169922e-05" />
    <testcase name="Equals (41)" classname="spec_perl_TestExprBits_t" time="5.29289245605469e-05" />
    <testcase name="Equals (42)" classname="spec_perl_TestExprBits_t" time="3.69548797607422e-05" />
    <testcase name="Equals (43)" classname="spec_perl_TestExprBits_t" time="3.31401824951172e-05" />
    <testcase name="Equals (44)" classname="spec_perl_TestExprBits_t" time="3.19480895996094e-05" />
    <testcase name="Equals (45)" classname="spec_perl_TestExprBits_t" time="3.69548797607422e-05" />
    <testcase name="Equals (46)" classname="spec_perl_TestExprBits_t" time="3.19480895996094e-05" />
    <testcase name="Equals (47)" classname="spec_perl_TestExprBits_t" time="3.12328338623047e-05" />
    <testcase name="Equals (48)" classname="spec_perl_TestExprBits_t" time="3.19480895996094e-05" />
  </testsuite>
  <testsuite name="spec_perl_TestTermU1Val_t" errors="0" failures="0" skipped="0" tests="2" time="0.0344371795654297">
    <system-out>1..2
ok 1 - Equals
ok 2 - Equals
</system-out>
    <testcase name="Equals (49)" classname="spec_perl_TestTermU1Val_t" time="0.0011448860168457" />
    <testcase name="Equals (50)" classname="spec_perl_TestTermU1Val_t" time="6.81877136230469e-05" />
  </testsuite>
  <testsuite name="spec_perl_TestEnumNegative_t" errors="0" failures="0" skipped="0" tests="2" time="0.0307221412658691">
    <system-out>1..2
ok 1 - Equals
ok 2 - Equals
</system-out>
    <testcase name="Equals (51)" classname="spec_perl_TestEnumNegative_t" time="0.00114583969116211" />
    <testcase name="Equals (52)" classname="spec_perl_TestEnumNegative_t" time="5.81741333007812e-05" />
  </testsuite>
  <testsuite name="spec_perl_TestBitsByteAligned_t" errors="0" failures="0" skipped="0" tests="9" time="0.0317058563232422">
    <system-out>1..9
ok 1 - Equals
ok 2 - Equals
ok 3 - Equals
ok 4 - Equals
ok 5 - Equals
ok 6 - Equals
ok 7 - Equals
ok 8 - Equals
ok 9 - Equals
</system-out>
    <testcase name="Equals (53)" classname="spec_perl_TestBitsByteAligned_t" time="0.00121712684631348" />
    <testcase name="Equals (54)" classname="spec_perl_TestBitsByteAligned_t" time="5.79357147216797e-05" />
    <testcase name="Equals (55)" classname="spec_perl_TestBitsByteAligned_t" time="4.60147857666016e-05" />
    <testcase name="Equals (56)" classname="spec_perl_TestBitsByteAligned_t" time="4.50611114501953e-05" />
    <testcase name="Equals (57)" classname="spec_perl_TestBitsByteAligned_t" time="4.69684600830078e-05" />
    <testcase name="Equals (58)" classname="spec_perl_TestBitsByteAligned_t" time="6.19888305664062e-05" />
    <testcase name="Equals (59)" classname="spec_perl_TestBitsByteAligned_t" time="5.91278076171875e-05" />
    <testcase name="Equals (60)" classname="spec_perl_TestBitsByteAligned_t" time="5.57899475097656e-05" />
    <testcase name="Equals (61)" classname="spec_perl_TestBitsByteAligned_t" time="5.81741333007812e-05" />
  </testsuite>
  <testsuite name="spec_perl_TestOptionalId_t" errors="0" failures="0" skipped="0" tests="3" time="0.030210018157959">
    <system-out>1..3
ok 1 - Equals
ok 2 - Equals
ok 3 - Equals
</system-out>
    <testcase name="Equals (62)" classname="spec_perl_TestOptionalId_t" time="0.00106406211853027" />
    <testcase name="Equals (63)" classname="spec_perl_TestOptionalId_t" time="6.38961791992188e-05" />
    <testcase name="Equals (64)" classname="spec_perl_TestOptionalId_t" time="4.41074371337891e-05" />
  </testsuite>
  <testsuite name="spec_perl_TestBitsSignedShiftB64Le_t" errors="0" failures="0" skipped="0" tests="2" time="0.0308330059051514">
    <system-out>1..2
ok 1 - Equals
ok 2 - Equals
</system-out>
    <testcase name="Equals (65)" classname="spec_perl_TestBitsSignedShiftB64Le_t" time="0.00105905532836914" />
    <testcase name="Equals (66)" classname="spec_perl_TestBitsSignedShiftB64Le_t" time="5.98430633544922e-05" />
  </testsuite>
  <testsuite name="spec_perl_TestEofExceptionBytes_t" errors="0" failures="0" skipped="0" tests="1" time="0.0318739414215088">
    <system-out>1..1
ok 1 - threw /^Requested \d+ bytes, but only \d+ bytes available/
</system-out>
    <testcase name="threw /^Requested \d+ bytes, but only \d+ bytes available/ (66)" classname="spec_perl_TestEofExceptionBytes_t" time="0.00124597549438477" />
  </testsuite>
  <testsuite name="spec_perl_TestEnumIntRangeU_t" errors="0" failures="0" skipped="0" tests="2" time="0.0305471420288086">
    <system-out>1..2
ok 1 - Equals
ok 2 - Equals
</system-out>
    <testcase name="Equals (67)" classname="spec_perl_TestEnumIntRangeU_t" time="0.001129150390625" />
    <testcase name="Equals (68)" classname="spec_perl_TestEnumIntRangeU_t" time="6.19888305664062e-05" />
  </testsuite>
  <testsuite name="spec_perl_TestIndexSizes_t" errors="0" failures="0" skipped="0" tests="7" time="0.035275936126709">
    <system-out>1..7
ok 1 - Equals
ok 2 - Equals
ok 3 - Equals
ok 4 - Equals
ok 5 - Equals
ok 6 - Equals
ok 7 - Equals
</system-out>
    <testcase name="Equals (69)" classname="spec_perl_TestIndexSizes_t" time="0.00116586685180664" />
    <testcase name="Equals (70)" classname="spec_perl_TestIndexSizes_t" time="6.60419464111328e-05" />
    <testcase name="Equals (71)" classname="spec_perl_TestIndexSizes_t" time="3.69548797607422e-05" />
    <testcase name="Equals (72)" classname="spec_perl_TestIndexSizes_t" time="4.41074371337891e-05" />
    <testcase name="Equals (73)" classname="spec_perl_TestIndexSizes_t" time="5.29289245605469e-05" />
    <testcase name="Equals (74)" classname="spec_perl_TestIndexSizes_t" time="4.31537628173828e-05" />
    <testcase name="Equals (75)" classname="spec_perl_TestIndexSizes_t" time="4.1961669921875e-05" />
  </testsuite>
  <testsuite name="spec_perl_TestSwitchRepeatExprInvalid_t" errors="0" failures="0" skipped="0" tests="3" time="0.0304279327392578">
    <system-out>1..3
ok 1 - Equals
ok 2 - Equals
ok 3 - Equals
</system-out>
    <testcase name="Equals (76)" classname="spec_perl_TestSwitchRepeatExprInvalid_t" time="0.00108504295349121" />
    <testcase name="Equals (77)" classname="spec_perl_TestSwitchRepeatExprInvalid_t" time="5.60283660888672e-05" />
    <testcase name="Equals (78)" classname="spec_perl_TestSwitchRepeatExprInvalid_t" time="4.1961669921875e-05" />
  </testsuite>
  <testsuite name="spec_perl_TestValidLong_t" errors="0" failures="0" skipped="1" tests="1" time="0.0344910621643066">
    <system-out>1..1
ok 1 # skip ValidLong=HASH(0x5567c2354a40)
</system-out>
    <testcase name="Unnamed test case 78" classname="spec_perl_TestValidLong_t" time="0.00155091285705566">
      <skipped message="ok 1 # skip ValidLong=HASH(0x5567c2354a40)" />
    </testcase>
  </testsuite>
  <testsuite name="spec_perl_TestExprIoEof_t" errors="0" failures="0" skipped="0" tests="4" time="0.0326650142669678">
    <system-out>1..4
ok 1 - Equals
ok 2 - nil
ok 3 - Equals
ok 4 - Equals
</system-out>
    <testcase name="Equals (79)" classname="spec_perl_TestExprIoEof_t" time="0.00157809257507324" />
    <testcase name="nil (79)" classname="spec_perl_TestExprIoEof_t" time="7.70092010498047e-05" />
    <testcase name="Equals (80)" classname="spec_perl_TestExprIoEof_t" time="3.09944152832031e-05" />
    <testcase name="Equals (81)" classname="spec_perl_TestExprIoEof_t" time="4.00543212890625e-05" />
  </testsuite>
  <testsuite name="spec_perl_TestInstanceIoUser_t" errors="0" failures="0" skipped="0" tests="4" time="0.036146879196167">
    <system-out>1..4
ok 1 - Equals
ok 2 - Equals
ok 3 - Equals
ok 4 - Equals
</system-out>
    <testcase name="Equals (82)" classname="spec_perl_TestInstanceIoUser_t" time="0.00162792205810547" />
    <testcase name="Equals (83)" classname="spec_perl_TestInstanceIoUser_t" time="5.60283660888672e-05" />
    <testcase name="Equals (84)" classname="spec_perl_TestInstanceIoUser_t" time="7.51018524169922e-05" />
    <testcase name="Equals (85)" classname="spec_perl_TestInstanceIoUser_t" time="7.98702239990234e-05" />
  </testsuite>
  <testsuite name="spec_perl_TestParamsCallExtraParens_t" errors="0" failures="1" skipped="0" tests="1" time="0.0356359481811523">
    <system-out>1..1
not ok 1 - Equals
</system-out>
    <testcase name="Equals (86)" classname="spec_perl_TestParamsCallExtraParens_t" time="0.00207304954528809">
      <failure message="not ok 1 - Equals" type="TAP::Parser::Result::Test"></failure>
    </testcase>
  </testsuite>
  <testsuite name="spec_perl_TestBitsUnalignedB64Le_t" errors="0" failures="0" skipped="0" tests="3" time="0.0332968235015869">
    <system-out>1..3
ok 1 - Equals
ok 2 - Equals
ok 3 - Equals
</system-out>
    <testcase name="Equals (87)" classname="spec_perl_TestBitsUnalignedB64Le_t" time="0.00117111206054688" />
    <testcase name="Equals (88)" classname="spec_perl_TestBitsUnalignedB64Le_t" time="6.98566436767578e-05" />
    <testcase name="Equals (89)" classname="spec_perl_TestBitsUnalignedB64Le_t" time="3.19480895996094e-05" />
  </testsuite>
  <testsuite name="spec_perl_TestIoLocalVar_t" errors="0" failures="0" skipped="0" tests="2" time="0.0308098793029785">
    <system-out>1..2
ok 1 - Equals
ok 2 - Equals
</system-out>
    <testcase name="Equals (90)" classname="spec_perl_TestIoLocalVar_t" time="0.00122284889221191" />
    <testcase name="Equals (91)" classname="spec_perl_TestIoLocalVar_t" time="7.60555267333984e-05" />
  </testsuite>
  <testsuite name="spec_perl_TestNavParentOverride_t" errors="0" failures="0" skipped="0" tests="3" time="0.0311999320983887">
    <system-out>1..3
ok 1 - Equals
ok 2 - Equals
ok 3 - Equals
</system-out>
    <testcase name="Equals (92)" classname="spec_perl_TestNavParentOverride_t" time="0.00125288963317871" />
    <testcase name="Equals (93)" classname="spec_perl_TestNavParentOverride_t" time="5.60283660888672e-05" />
    <testcase name="Equals (94)" classname="spec_perl_TestNavParentOverride_t" time="5.10215759277344e-05" />
  </testsuite>
  <testsuite name="spec_perl_TestEnumIntRangeS_t" errors="0" failures="0" skipped="0" tests="3" time="0.0311958789825439">
    <system-out>1..3
ok 1 - Equals
ok 2 - Equals
ok 3 - Equals
</system-out>
    <testcase name="Equals (95)" classname="spec_perl_TestEnumIntRangeS_t" time="0.00125885009765625" />
    <testcase name="Equals (96)" classname="spec_perl_TestEnumIntRangeS_t" time="0.000107049942016602" />
    <testcase name="Equals (97)" classname="spec_perl_TestEnumIntRangeS_t" time="4.00543212890625e-05" />
  </testsuite>
  <testsuite name="spec_perl_TestInstanceStdArray_t" errors="0" failures="0" skipped="0" tests="7" time="0.0314931869506836">
    <system-out>1..7
ok 1 - Equals
ok 2 - Equals
ok 3 - Equals
ok 4 - Equals
ok 5 - Equals
ok 6 - Equals
ok 7 - Equals
</system-out>
    <testcase name="Equals (98)" classname="spec_perl_TestInstanceStdArray_t" time="0.00118589401245117" />
    <testcase name="Equals (99)" classname="spec_perl_TestInstanceStdArray_t" time="5.69820404052734e-05" />
    <testcase name="Equals (100)" classname="spec_perl_TestInstanceStdArray_t" time="3.40938568115234e-05" />
    <testcase name="Equals (101)" classname="spec_perl_TestInstanceStdArray_t" time="3.79085540771484e-05" />
    <testcase name="Equals (102)" classname="spec_perl_TestInstanceStdArray_t" time="9.60826873779297e-05" />
    <testcase name="Equals (103)" classname="spec_perl_TestInstanceStdArray_t" time="4.41074371337891e-05" />
    <testcase name="Equals (104)" classname="spec_perl_TestInstanceStdArray_t" time="4.88758087158203e-05" />
  </testsuite>
  <testsuite name="spec_perl_TestRepeatUntilComplex_t" errors="0" failures="0" skipped="0" tests="15" time="0.0322270393371582">
    <system-out>1..15
ok 1 - Equals
ok 2 - Equals
ok 3 - Equals
ok 4 - Equals
ok 5 - Equals
ok 6 - Equals
ok 7 - Equals
ok 8 - Equals
ok 9 - Equals
ok 10 - Equals
ok 11 - Equals
ok 12 - Equals
ok 13 - Equals
ok 14 - Equals
ok 15 - Equals
</system-out>
    <testcase name="Equals (105)" classname="spec_perl_TestRepeatUntilComplex_t" time="0.00120115280151367" />
    <testcase name="Equals (106)" classname="spec_perl_TestRepeatUntilComplex_t" time="6.69956207275391e-05" />
    <testcase name="Equals (107)" classname="spec_perl_TestRepeatUntilComplex_t" time="4.69684600830078e-05" />
    <testcase name="Equals (108)" classname="spec_perl_TestRepeatUntilComplex_t" time="7.29560852050781e-05" />
    <testcase name="Equals (109)" classname="spec_perl_TestRepeatUntilComplex_t" time="8.10623168945312e-05" />
    <testcase name="Equals (110)" classname="spec_perl_TestRepeatUntilComplex_t" time="6.4849853515625e-05" />
    <testcase name="Equals (111)" classname="spec_perl_TestRepeatUntilComplex_t" time="7.20024108886719e-05" />
    <testcase name="Equals (112)" classname="spec_perl_TestRepeatUntilComplex_t" time="4.22000885009766e-05" />
    <testcase name="Equals (113)" classname="spec_perl_TestRepeatUntilComplex_t" time="8.79764556884766e-05" />
    <testcase name="Equals (114)" classname="spec_perl_TestRepeatUntilComplex_t" time="6.38961791992188e-05" />
    <testcase name="Equals (115)" classname="spec_perl_TestRepeatUntilComplex_t" time="7.70092010498047e-05" />
    <testcase name="Equals (116)" classname="spec_perl_TestRepeatUntilComplex_t" time="6.79492950439453e-05" />
    <testcase name="Equals (117)" classname="spec_perl_TestRepeatUntilComplex_t" time="7.60555267333984e-05" />
    <testcase name="Equals (118)" classname="spec_perl_TestRepeatUntilComplex_t" time="6.38961791992188e-05" />
    <testcase name="Equals (119)" classname="spec_perl_TestRepeatUntilComplex_t" time="7.91549682617188e-05" />
  </testsuite>
  <testsuite name="spec_perl_TestCastNested_t" errors="0" failures="0" skipped="0" tests="4" time="0.0350608825683594">
    <system-out>1..4
ok 1 - Equals
ok 2 - Equals
ok 3 - Equals
ok 4 - Equals
</system-out>
    <testcase name="Equals (120)" classname="spec_perl_TestCastNested_t" time="0.0012669563293457" />
    <testcase name="Equals (121)" classname="spec_perl_TestCastNested_t" time="6.38961791992188e-05" />
    <testcase name="Equals (122)" classname="spec_perl_TestCastNested_t" time="4.69684600830078e-05" />
    <testcase name="Equals (123)" classname="spec_perl_TestCastNested_t" time="4.31537628173828e-05" />
  </testsuite>
  <testsuite name="spec_perl_TestEnumFancy_t" errors="0" failures="0" skipped="0" tests="2" time="0.0309350490570068">
    <system-out>1..2
ok 1 - Equals
ok 2 - Equals
</system-out>
    <testcase name="Equals (124)" classname="spec_perl_TestEnumFancy_t" time="0.00111198425292969" />
    <testcase name="Equals (125)" classname="spec_perl_TestEnumFancy_t" time="5.81741333007812e-05" />
  </testsuite>
  <testsuite name="spec_perl_TestSwitchManualEnumInvalidElse_t" errors="0" failures="0" skipped="0" tests="5" time="0.0346839427947998">
    <system-out>1..5
ok 1 - Equals
ok 2 - Equals
ok 3 - Equals
ok 4 - Equals
ok 5 - Equals
</system-out>
    <testcase name="Equals (126)" classname="spec_perl_TestSwitchManualEnumInvalidElse_t" time="0.00115394592285156" />
    <testcase name="Equals (127)" classname="spec_perl_TestSwitchManualEnumInvalidElse_t" time="6.50882720947266e-05" />
    <testcase name="Equals (128)" classname="spec_perl_TestSwitchManualEnumInvalidElse_t" time="3.69548797607422e-05" />
    <testcase name="Equals (129)" classname="spec_perl_TestSwitchManualEnumInvalidElse_t" time="4.50611114501953e-05" />
    <testcase name="Equals (130)" classname="spec_perl_TestSwitchManualEnumInvalidElse_t" time="4.69684600830078e-05" />
  </testsuite>
  <testsuite name="spec_perl_TestIntegersDoubleOverflow_t" errors="0" failures="0" skipped="0" tests="8" time="0.0315217971801758">
    <system-out>1..8
ok 1 - Equals
ok 2 - Equals
ok 3 - Equals
ok 4 - Equals
ok 5 - Equals
ok 6 - Equals
ok 7 - Equals
ok 8 - Equals
</system-out>
    <testcase name="Equals (131)" classname="spec_perl_TestIntegersDoubleOverflow_t" time="0.00112700462341309" />
    <testcase name="Equals (132)" classname="spec_perl_TestIntegersDoubleOverflow_t" time="5.91278076171875e-05" />
    <testcase name="Equals (133)" classname="spec_perl_TestIntegersDoubleOverflow_t" time="3.38554382324219e-05" />
    <testcase name="Equals (134)" classname="spec_perl_TestIntegersDoubleOverflow_t" time="8.41617584228516e-05" />
    <testcase name="Equals (135)" classname="spec_perl_TestIntegersDoubleOverflow_t" time="3.69548797607422e-05" />
    <testcase name="Equals (136)" classname="spec_perl_TestIntegersDoubleOverflow_t" time="3.88622283935547e-05" />
    <testcase name="Equals (137)" classname="spec_perl_TestIntegersDoubleOverflow_t" time="3.71932983398438e-05" />
    <testcase name="Equals (138)" classname="spec_perl_TestIntegersDoubleOverflow_t" time="5.98430633544922e-05" />
  </testsuite>
  <testsuite name="spec_perl_TestImportsAbs_t" errors="0" failures="0" skipped="0" tests="2" time="0.031170129776001">
    <system-out>1..2
ok 1 - Equals
ok 2 - Equals
</system-out>
    <testcase name="Equals (139)" classname="spec_perl_TestImportsAbs_t" time="0.00115609169006348" />
    <testcase name="Equals (140)" classname="spec_perl_TestImportsAbs_t" time="6.79492950439453e-05" />
  </testsuite>
  <testsuite name="spec_perl_TestIfInstances_t" errors="0" failures="0" skipped="0" tests="1" time="0.0306429862976074">
    <system-out>1..1
ok 1 - nil
</system-out>
    <testcase name="nil (140)" classname="spec_perl_TestIfInstances_t" time="0.00111007690429688" />
  </testsuite>
  <testsuite name="spec_perl_TestDefaultBitEndianMod_t" errors="0" failures="0" skipped="0" tests="4" time="0.0316309928894043">
    <system-out>1..4
ok 1 - Equals
ok 2 - Equals
ok 3 - Equals
ok 4 - Equals
</system-out>
    <testcase name="Equals (141)" classname="spec_perl_TestDefaultBitEndianMod_t" time="0.00119686126708984" />
    <testcase name="Equals (142)" classname="spec_perl_TestDefaultBitEndianMod_t" time="6.60419464111328e-05" />
    <testcase name="Equals (143)" classname="spec_perl_TestDefaultBitEndianMod_t" time="3.69548797607422e-05" />
    <testcase name="Equals (144)" classname="spec_perl_TestDefaultBitEndianMod_t" time="4.41074371337891e-05" />
  </testsuite>
  <testsuite name="spec_perl_TestNestedTypes3_t" errors="0" failures="0" skipped="0" tests="5" time="0.0314109325408936">
    <system-out>1..5
ok 1 - Equals
ok 2 - Equals
ok 3 - Equals
ok 4 - Equals
ok 5 - Equals
</system-out>
    <testcase name="Equals (145)" classname="spec_perl_TestNestedTypes3_t" time="0.0011138916015625" />
    <testcase name="Equals (146)" classname="spec_perl_TestNestedTypes3_t" time="0.000101089477539062" />
    <testcase name="Equals (147)" classname="spec_perl_TestNestedTypes3_t" time="4.1961669921875e-05" />
    <testcase name="Equals (148)" classname="spec_perl_TestNestedTypes3_t" time="4.69684600830078e-05" />
    <testcase name="Equals (149)" classname="spec_perl_TestNestedTypes3_t" time="4.00543212890625e-05" />
  </testsuite>
  <testsuite name="spec_perl_TestRecursiveOne_t" errors="0" failures="0" skipped="0" tests="4" time="0.0304679870605469">
    <system-out>1..4
ok 1 - Equals
ok 2 - Equals
ok 3 - Equals
ok 4 - Equals
</system-out>
    <testcase name="Equals (150)" classname="spec_perl_TestRecursiveOne_t" time="0.0011141300201416" />
    <testcase name="Equals (151)" classname="spec_perl_TestRecursiveOne_t" time="5.88893890380859e-05" />
    <testcase name="Equals (152)" classname="spec_perl_TestRecursiveOne_t" time="4.60147857666016e-05" />
    <testcase name="Equals (153)" classname="spec_perl_TestRecursiveOne_t" time="4.50611114501953e-05" />
  </testsuite>
  <testsuite name="spec_perl_TestValidEqStrEncodings_t" errors="0" failures="0" skipped="1" tests="1" time="0.0376369953155518">
    <system-out>1..1
ok 1 # skip ValidEqStrEncodings=HASH(0x5565f9a51878)
</system-out>
    <testcase name="Unnamed test case 153" classname="spec_perl_TestValidEqStrEncodings_t" time="0.0049440860748291">
      <skipped message="ok 1 # skip ValidEqStrEncodings=HASH(0x5565f9a51878)" />
    </testcase>
  </testsuite>
  <testsuite name="spec_perl_TestBitsSignedShiftB32Le_t" errors="0" failures="0" skipped="0" tests="2" time="0.0300579071044922">
    <system-out>1..2
ok 1 - Equals
ok 2 - Equals
</system-out>
    <testcase name="Equals (154)" classname="spec_perl_TestBitsSignedShiftB32Le_t" time="0.00109601020812988" />
    <testcase name="Equals (155)" classname="spec_perl_TestBitsSignedShiftB32Le_t" time="6.07967376708984e-05" />
  </testsuite>
  <testsuite name="spec_perl_TestDebug0_t" errors="0" failures="0" skipped="1" tests="1" time="0.0311300754547119">
    <system-out>1..1
ok 1 # skip test_debug_0
</system-out>
    <testcase name="Unnamed test case 155" classname="spec_perl_TestDebug0_t" time="0.0010528564453125">
      <skipped message="ok 1 # skip test_debug_0" />
    </testcase>
  </testsuite>
  <testsuite name="spec_perl_TestSwitchManualIntSizeElse_t" errors="0" failures="0" skipped="0" tests="10" time="0.0355789661407471">
    <system-out>1..10
ok 1 - Equals
ok 2 - Equals
ok 3 - Equals
ok 4 - Equals
ok 5 - Equals
ok 6 - Equals
ok 7 - Equals
ok 8 - Equals
ok 9 - Equals
ok 10 - Equals
</system-out>
    <testcase name="Equals (156)" classname="spec_perl_TestSwitchManualIntSizeElse_t" time="0.00155305862426758" />
    <testcase name="Equals (157)" classname="spec_perl_TestSwitchManualIntSizeElse_t" time="6.69956207275391e-05" />
    <testcase name="Equals (158)" classname="spec_perl_TestSwitchManualIntSizeElse_t" time="3.88622283935547e-05" />
    <testcase name="Equals (159)" classname="spec_perl_TestSwitchManualIntSizeElse_t" time="4.50611114501953e-05" />
    <testcase name="Equals (160)" classname="spec_perl_TestSwitchManualIntSizeElse_t" time="4.69684600830078e-05" />
    <testcase name="Equals (161)" classname="spec_perl_TestSwitchManualIntSizeElse_t" time="7.89165496826172e-05" />
    <testcase name="Equals (162)" classname="spec_perl_TestSwitchManualIntSizeElse_t" time="7.31945037841797e-05" />
    <testcase name="Equals (163)" classname="spec_perl_TestSwitchManualIntSizeElse_t" time="4.1961669921875e-05" />
    <testcase name="Equals (164)" classname="spec_perl_TestSwitchManualIntSizeElse_t" time="6.4849853515625e-05" />
    <testcase name="Equals (165)" classname="spec_perl_TestSwitchManualIntSizeElse_t" time="6.103515625e-05" />
  </testsuite>
  <testsuite name="spec_perl_TestNavRoot_t" errors="0" failures="0" skipped="0" tests="5" time="0.0352029800415039">
    <system-out>1..5
ok 1 - Equals
ok 2 - Equals
ok 3 - Equals
ok 4 - Equals
ok 5 - Equals
</system-out>
    <testcase name="Equals (166)" classname="spec_perl_TestNavRoot_t" time="0.00125503540039062" />
    <testcase name="Equals (167)" classname="spec_perl_TestNavRoot_t" time="5.98430633544922e-05" />
    <testcase name="Equals (168)" classname="spec_perl_TestNavRoot_t" time="3.60012054443359e-05" />
    <testcase name="Equals (169)" classname="spec_perl_TestNavRoot_t" time="4.50611114501953e-05" />
    <testcase name="Equals (170)" classname="spec_perl_TestNavRoot_t" time="4.69684600830078e-05" />
  </testsuite>
  <testsuite name="spec_perl_TestProcessXor4Const_t" errors="0" failures="0" skipped="0" tests="2" time="0.0305750370025635">
    <system-out>1..2
ok 1 - Equals
ok 2 - Equals
</system-out>
    <testcase name="Equals (171)" classname="spec_perl_TestProcessXor4Const_t" time="0.00111484527587891" />
    <testcase name="Equals (172)" classname="spec_perl_TestProcessXor4Const_t" time="7.41481781005859e-05" />
  </testsuite>
  <testsuite name="spec_perl_TestBufferedStruct_t" errors="0" failures="0" skipped="0" tests="7" time="0.0318529605865479">
    <system-out>1..7
ok 1 - Equals
ok 2 - Equals
ok 3 - Equals
ok 4 - Equals
ok 5 - Equals
ok 6 - Equals
ok 7 - Equals
</system-out>
    <testcase name="Equals (173)" classname="spec_perl_TestBufferedStruct_t" time="0.00156712532043457" />
    <testcase name="Equals (174)" classname="spec_perl_TestBufferedStruct_t" time="9.48905944824219e-05" />
    <testcase name="Equals (175)" classname="spec_perl_TestBufferedStruct_t" time="3.91006469726562e-05" />
    <testcase name="Equals (176)" classname="spec_perl_TestBufferedStruct_t" time="3.79085540771484e-05" />
    <testcase name="Equals (177)" classname="spec_perl_TestBufferedStruct_t" time="4.69684600830078e-05" />
    <testcase name="Equals (178)" classname="spec_perl_TestBufferedStruct_t" time="3.21865081787109e-05" />
    <testcase name="Equals (179)" classname="spec_perl_TestBufferedStruct_t" time="3.88622283935547e-05" />
  </testsuite>
  <testsuite name="spec_perl_TestExprSizeofValue0_t" errors="0" failures="0" skipped="0" tests="5" time="0.0326969623565674">
    <system-out>1..5
ok 1 - Equals
ok 2 - Equals
ok 3 - Equals
ok 4 - Equals
ok 5 - Equals
</system-out>
    <testcase name="Equals (180)" classname="spec_perl_TestExprSizeofValue0_t" time="0.00125312805175781" />
    <testcase name="Equals (181)" classname="spec_perl_TestExprSizeofValue0_t" time="5.48362731933594e-05" />
    <testcase name="Equals (182)" classname="spec_perl_TestExprSizeofValue0_t" time="4.00543212890625e-05" />
    <testcase name="Equals (183)" classname="spec_perl_TestExprSizeofValue0_t" time="3.69548797607422e-05" />
    <testcase name="Equals (184)" classname="spec_perl_TestExprSizeofValue0_t" time="6.103515625e-05" />
  </testsuite>
  <testsuite name="spec_perl_TestSwitchManualStr_t" errors="0" failures="0" skipped="0" tests="9" time="0.0348780155181885">
    <system-out>1..9
ok 1 - Equals
ok 2 - Equals
ok 3 - Equals
ok 4 - Equals
ok 5 - Equals
ok 6 - Equals
ok 7 - Equals
ok 8 - Equals
ok 9 - Equals
</system-out>
    <testcase name="Equals (185)" classname="spec_perl_TestSwitchManualStr_t" time="0.00122404098510742" />
    <testcase name="Equals (186)" classname="spec_perl_TestSwitchManualStr_t" time="5.81741333007812e-05" />
    <testcase name="Equals (187)" classname="spec_perl_TestSwitchManualStr_t" time="4.57763671875e-05" />
    <testcase name="Equals (188)" classname="spec_perl_TestSwitchManualStr_t" time="4.41074371337891e-05" />
    <testcase name="Equals (189)" classname="spec_perl_TestSwitchManualStr_t" time="4.1961669921875e-05" />
    <testcase name="Equals (190)" classname="spec_perl_TestSwitchManualStr_t" time="4.1961669921875e-05" />
    <testcase name="Equals (191)" classname="spec_perl_TestSwitchManualStr_t" time="6.81877136230469e-05" />
    <testcase name="Equals (192)" classname="spec_perl_TestSwitchManualStr_t" time="5.19752502441406e-05" />
    <testcase name="Equals (193)" classname="spec_perl_TestSwitchManualStr_t" time="6.38961791992188e-05" />
  </testsuite>
  <testsuite name="spec_perl_TestProcessRotate_t" errors="0" failures="0" skipped="0" tests="3" time="0.0305099487304688">
    <system-out>1..3
ok 1 - Equals
ok 2 - Equals
ok 3 - Equals
</system-out>
    <testcase name="Equals (194)" classname="spec_perl_TestProcessRotate_t" time="0.00116515159606934" />
    <testcase name="Equals (195)" classname="spec_perl_TestProcessRotate_t" time="6.00814819335938e-05" />
    <testcase name="Equals (196)" classname="spec_perl_TestProcessRotate_t" time="3.69548797607422e-05" />
  </testsuite>
  <testsuite name="spec_perl_TestIndexToParamEos_t" errors="0" failures="2" skipped="0" tests="7" time="0.0377929210662842">
    <system-out>1..7
ok 1 - Equals
ok 2 - Equals
ok 3 - Equals
ok 4 - Equals
ok 5 - Equals
not ok 6 - Equals
not ok 7 - Equals
</system-out>
    <testcase name="Equals (197)" classname="spec_perl_TestIndexToParamEos_t" time="0.00252914428710938" />
    <testcase name="Equals (198)" classname="spec_perl_TestIndexToParamEos_t" time="8.48770141601562e-05" />
    <testcase name="Equals (199)" classname="spec_perl_TestIndexToParamEos_t" time="4.60147857666016e-05" />
    <testcase name="Equals (200)" classname="spec_perl_TestIndexToParamEos_t" time="3.50475311279297e-05" />
    <testcase name="Equals (201)" classname="spec_perl_TestIndexToParamEos_t" time="4.60147857666016e-05" />
    <testcase name="Equals (202)" classname="spec_perl_TestIndexToParamEos_t" time="4.69684600830078e-05">
      <failure message="not ok 6 - Equals" type="TAP::Parser::Result::Test"></failure>
    </testcase>
    <testcase name="Equals (203)" classname="spec_perl_TestIndexToParamEos_t" time="0.000741004943847656">
      <failure message="not ok 7 - Equals" type="TAP::Parser::Result::Test"></failure>
    </testcase>
  </testsuite>
  <testsuite name="spec_perl_TestParamsPassArrayStr_t" errors="0" failures="1" skipped="6" tests="7" time="0.0356950759887695">
    <system-out>1..7
not ok 1 - test_params_pass_array_str died (Can't use an undefined value as an ARRAY reference at spec/perl/TestParamsPassArrayStr.t line 14.)
ok 2 # skip test_params_pass_array_str died
ok 3 # skip test_params_pass_array_str died
ok 4 # skip test_params_pass_array_str died
ok 5 # skip test_params_pass_array_str died
ok 6 # skip test_params_pass_array_str died
ok 7 # skip test_params_pass_array_str died
</system-out>
    <testcase name="test_params_pass_array_str died (Can't use an undefined value as an ARRAY reference at spec/perl/TestParamsPassArrayStr.t line 14.) (203)" classname="spec_perl_TestParamsPassArrayStr_t" time="0.00117588043212891">
      <failure message="not ok 1 - test_params_pass_array_str died (Can't use an undefined value as an ARRAY reference at spec/perl/TestParamsPassArrayStr.t line 14.)" type="TAP::Parser::Result::Test"></failure>
    </testcase>
    <testcase name="Unnamed test case 203" classname="spec_perl_TestParamsPassArrayStr_t" time="8.51154327392578e-05">
      <skipped message="ok 2 # skip test_params_pass_array_str died" />
    </testcase>
    <testcase name="Unnamed test case 204" classname="spec_perl_TestParamsPassArrayStr_t" time="5.10215759277344e-05">
      <skipped message="ok 3 # skip test_params_pass_array_str died" />
    </testcase>
    <testcase name="Unnamed test case 205" classname="spec_perl_TestParamsPassArrayStr_t" time="5.19752502441406e-05">
      <skipped message="ok 4 # skip test_params_pass_array_str died" />
    </testcase>
    <testcase name="Unnamed test case 206" classname="spec_perl_TestParamsPassArrayStr_t" time="3.91006469726562e-05">
      <skipped message="ok 5 # skip test_params_pass_array_str died" />
    </testcase>
    <testcase name="Unnamed test case 207" classname="spec_perl_TestParamsPassArrayStr_t" time="3.48091125488281e-05">
      <skipped message="ok 6 # skip test_params_pass_array_str died" />
    </testcase>
    <testcase name="Unnamed test case 208" classname="spec_perl_TestParamsPassArrayStr_t" time="4.1961669921875e-05">
      <skipped message="ok 7 # skip test_params_pass_array_str died" />
    </testcase>
  </testsuite>
  <testsuite name="spec_perl_TestValidOptionalId_t" errors="1" failures="0" skipped="0" tests="0" time="0.0272300243377686">
    <system-out></system-out>
    <testcase name="Test died too soon, even before plan. (208)" classname="spec_perl_TestValidOptionalId_t" time="0.0272300243377686">
      <failure message="The test suite died before a plan was produced. You need to have a plan." type="Plan">No plan</failure>
    </testcase>
  </testsuite>
  <testsuite name="spec_perl_TestDefaultBigEndian_t" errors="0" failures="0" skipped="0" tests="1" time="0.0311529636383057">
    <system-out>1..1
ok 1 - Equals
</system-out>
    <testcase name="Equals (208)" classname="spec_perl_TestDefaultBigEndian_t" time="0.00121808052062988" />
  </testsuite>
  <testsuite name="spec_perl_TestExprOpsParens_t" errors="0" failures="1" skipped="0" tests="9" time="0.0336430072784424">
    <system-out>1..9
ok 1 - Equals
ok 2 - Equals
ok 3 - Equals
ok 4 - Equals
ok 5 - Equals
ok 6 - Equals
not ok 7 - Equals
ok 8 - Equals
ok 9 - Equals
</system-out>
    <testcase name="Equals (209)" classname="spec_perl_TestExprOpsParens_t" time="0.00125408172607422" />
    <testcase name="Equals (210)" classname="spec_perl_TestExprOpsParens_t" time="7.29560852050781e-05" />
    <testcase name="Equals (211)" classname="spec_perl_TestExprOpsParens_t" time="3.31401824951172e-05" />
    <testcase name="Equals (212)" classname="spec_perl_TestExprOpsParens_t" time="2.88486480712891e-05" />
    <testcase name="Equals (213)" classname="spec_perl_TestExprOpsParens_t" time="3.91006469726562e-05" />
    <testcase name="Equals (214)" classname="spec_perl_TestExprOpsParens_t" time="2.78949737548828e-05" />
    <testcase name="Equals (215)" classname="spec_perl_TestExprOpsParens_t" time="4.79221343994141e-05">
      <failure message="not ok 7 - Equals" type="TAP::Parser::Result::Test"></failure>
    </testcase>
    <testcase name="Equals (216)" classname="spec_perl_TestExprOpsParens_t" time="0.00108814239501953" />
    <testcase name="Equals (217)" classname="spec_perl_TestExprOpsParens_t" time="6.69956207275391e-05" />
  </testsuite>
  <testsuite name="spec_perl_TestCastToTop_t" errors="0" failures="0" skipped="0" tests="3" time="0.0307340621948242">
    <system-out>1..3
ok 1 - Equals
ok 2 - Equals
ok 3 - Equals
</system-out>
    <testcase name="Equals (218)" classname="spec_perl_TestCastToTop_t" time="0.00111794471740723" />
    <testcase name="Equals (219)" classname="spec_perl_TestCastToTop_t" time="6.50882720947266e-05" />
    <testcase name="Equals (220)" classname="spec_perl_TestCastToTop_t" time="5.19752502441406e-05" />
  </testsuite>
  <testsuite name="spec_perl_TestNavParentFalse2_t" errors="0" failures="0" skipped="0" tests="1" time="0.0322411060333252">
    <system-out>1..1
ok 1 - Equals
</system-out>
    <testcase name="Equals (221)" classname="spec_perl_TestNavParentFalse2_t" time="0.00116109848022461" />
  </testsuite>
  <testsuite name="spec_perl_TestNestedTypes2_t" errors="0" failures="0" skipped="0" tests="7" time="0.0315721035003662">
    <system-out>1..7
ok 1 - Equals
ok 2 - Equals
ok 3 - Equals
ok 4 - Equals
ok 5 - Equals
ok 6 - Equals
ok 7 - Equals
</system-out>
    <testcase name="Equals (222)" classname="spec_perl_TestNestedTypes2_t" time="0.00112318992614746" />
    <testcase name="Equals (223)" classname="spec_perl_TestNestedTypes2_t" time="6.89029693603516e-05" />
    <testcase name="Equals (224)" classname="spec_perl_TestNestedTypes2_t" time="3.69548797607422e-05" />
    <testcase name="Equals (225)" classname="spec_perl_TestNestedTypes2_t" time="4.60147857666016e-05" />
    <testcase name="Equals (226)" classname="spec_perl_TestNestedTypes2_t" time="4.29153442382812e-05" />
    <testcase name="Equals (227)" classname="spec_perl_TestNestedTypes2_t" time="4.10079956054688e-05" />
    <testcase name="Equals (228)" classname="spec_perl_TestNestedTypes2_t" time="6.00814819335938e-05" />
  </testsuite>
  <testsuite name="spec_perl_TestSwitchElseOnly_t" errors="0" failures="0" skipped="0" tests="3" time="0.030505895614624">
    <system-out>1..3
ok 1 - Equals
ok 2 - Equals
ok 3 - Equals
</system-out>
    <testcase name="Equals (229)" classname="spec_perl_TestSwitchElseOnly_t" time="0.00113606452941895" />
    <testcase name="Equals (230)" classname="spec_perl_TestSwitchElseOnly_t" time="6.103515625e-05" />
    <testcase name="Equals (231)" classname="spec_perl_TestSwitchElseOnly_t" time="4.57763671875e-05" />
  </testsuite>
  <testsuite name="spec_perl_TestEnumImport_t" errors="0" failures="2" skipped="0" tests="2" time="0.0350830554962158">
    <system-out>1..2
not ok 1 - Equals
not ok 2 - Equals
</system-out>
    <testcase name="Equals (232)" classname="spec_perl_TestEnumImport_t" time="0.00117206573486328">
      <failure message="not ok 1 - Equals" type="TAP::Parser::Result::Test"></failure>
    </testcase>
    <testcase name="Equals (233)" classname="spec_perl_TestEnumImport_t" time="0.000605106353759766">
      <failure message="not ok 2 - Equals" type="TAP::Parser::Result::Test"></failure>
    </testcase>
  </testsuite>
  <testsuite name="spec_perl_TestIndexToParamExpr_t" errors="0" failures="2" skipped="0" tests="7" time="0.0365309715270996">
    <system-out>1..7
ok 1 - Equals
ok 2 - Equals
ok 3 - Equals
ok 4 - Equals
ok 5 - Equals
not ok 6 - Equals
not ok 7 - Equals
</system-out>
    <testcase name="Equals (234)" classname="spec_perl_TestIndexToParamExpr_t" time="0.00150609016418457" />
    <testcase name="Equals (235)" classname="spec_perl_TestIndexToParamExpr_t" time="8.79764556884766e-05" />
    <testcase name="Equals (236)" classname="spec_perl_TestIndexToParamExpr_t" time="4.60147857666016e-05" />
    <testcase name="Equals (237)" classname="spec_perl_TestIndexToParamExpr_t" time="3.60012054443359e-05" />
    <testcase name="Equals (238)" classname="spec_perl_TestIndexToParamExpr_t" time="4.60147857666016e-05" />
    <testcase name="Equals (239)" classname="spec_perl_TestIndexToParamExpr_t" time="4.60147857666016e-05">
      <failure message="not ok 6 - Equals" type="TAP::Parser::Result::Test"></failure>
    </testcase>
    <testcase name="Equals (240)" classname="spec_perl_TestIndexToParamExpr_t" time="0.000522851943969727">
      <failure message="not ok 7 - Equals" type="TAP::Parser::Result::Test"></failure>
    </testcase>
  </testsuite>
  <testsuite name="spec_perl_TestSwitchManualIntElse_t" errors="0" failures="0" skipped="0" tests="9" time="0.0350987911224365">
    <system-out>1..9
ok 1 - Equals
ok 2 - Equals
ok 3 - Equals
ok 4 - Equals
ok 5 - Equals
ok 6 - Equals
ok 7 - Equals
ok 8 - Equals
ok 9 - Equals
</system-out>
    <testcase name="Equals (241)" classname="spec_perl_TestSwitchManualIntElse_t" time="0.00122499465942383" />
    <testcase name="Equals (242)" classname="spec_perl_TestSwitchManualIntElse_t" time="6.19888305664062e-05" />
    <testcase name="Equals (243)" classname="spec_perl_TestSwitchManualIntElse_t" time="4.69684600830078e-05" />
    <testcase name="Equals (244)" classname="spec_perl_TestSwitchManualIntElse_t" time="4.29153442382812e-05" />
    <testcase name="Equals (245)" classname="spec_perl_TestSwitchManualIntElse_t" time="4.31537628173828e-05" />
    <testcase name="Equals (246)" classname="spec_perl_TestSwitchManualIntElse_t" time="4.79221343994141e-05" />
    <testcase name="Equals (247)" classname="spec_perl_TestSwitchManualIntElse_t" time="5.88893890380859e-05" />
    <testcase name="Equals (248)" classname="spec_perl_TestSwitchManualIntElse_t" time="5.81741333007812e-05" />
    <testcase name="Equals (249)" classname="spec_perl_TestSwitchManualIntElse_t" time="5.19752502441406e-05" />
  </testsuite>
  <testsuite name="spec_perl_TestParamsPassArrayStruct_t" errors="0" failures="1" skipped="2" tests="3" time="0.0308380126953125">
    <system-out>1..3
not ok 1 - test_params_pass_array_struct died (Can't use an undefined value as an ARRAY reference at spec/perl/TestParamsPassArrayStruct.t line 14.)
ok 2 # skip test_params_pass_array_struct died
ok 3 # skip test_params_pass_array_struct died
</system-out>
    <testcase name="test_params_pass_array_struct died (Can't use an undefined value as an ARRAY reference at spec/perl/TestParamsPassArrayStruct.t line 14.) (249)" classname="spec_perl_TestParamsPassArrayStruct_t" time="0.00115513801574707">
      <failure message="not ok 1 - test_params_pass_array_struct died (Can't use an undefined value as an ARRAY reference at spec/perl/TestParamsPassArrayStruct.t line 14.)" type="TAP::Parser::Result::Test"></failure>
    </testcase>
    <testcase name="Unnamed test case 249" classname="spec_perl_TestParamsPassArrayStruct_t" time="8.20159912109375e-05">
      <skipped message="ok 2 # skip test_params_pass_array_struct died" />
    </testcase>
    <testcase name="Unnamed test case 250" classname="spec_perl_TestParamsPassArrayStruct_t" time="3.48091125488281e-05">
      <skipped message="ok 3 # skip test_params_pass_array_struct died" />
    </testcase>
  </testsuite>
  <testsuite name="spec_perl_TestImportsCircularA_t" errors="0" failures="0" skipped="0" tests="5" time="0.0316228866577148">
    <system-out>1..5
ok 1 - Equals
ok 2 - Equals
ok 3 - Equals
ok 4 - Equals
ok 5 - nil
</system-out>
    <testcase name="Equals (250)" classname="spec_perl_TestImportsCircularA_t" time="0.00125312805175781" />
    <testcase name="Equals (251)" classname="spec_perl_TestImportsCircularA_t" time="8.29696655273438e-05" />
    <testcase name="Equals (252)" classname="spec_perl_TestImportsCircularA_t" time="3.88622283935547e-05" />
    <testcase name="Equals (253)" classname="spec_perl_TestImportsCircularA_t" time="3.60012054443359e-05" />
    <testcase name="nil (253)" classname="spec_perl_TestImportsCircularA_t" time="5.81741333007812e-05" />
  </testsuite>
  <testsuite name="spec_perl_TestParamsPassBool_t" errors="0" failures="1" skipped="13" tests="14" time="0.0324158668518066">
    <system-out>1..14
not ok 1 - test_params_pass_bool died (Requested 2 bytes, but only 1 bytes available at ../runtime/perl/lib/IO/KaitaiStruct.pm line 338.)
ok 2 # skip test_params_pass_bool died
ok 3 # skip test_params_pass_bool died
ok 4 # skip test_params_pass_bool died
ok 5 # skip test_params_pass_bool died
ok 6 # skip test_params_pass_bool died
ok 7 # skip test_params_pass_bool died
ok 8 # skip test_params_pass_bool died
ok 9 # skip test_params_pass_bool died
ok 10 # skip test_params_pass_bool died
ok 11 # skip test_params_pass_bool died
ok 12 # skip test_params_pass_bool died
ok 13 # skip test_params_pass_bool died
ok 14 # skip test_params_pass_bool died
</system-out>
    <testcase name="test_params_pass_bool died (Requested 2 bytes, but only 1 bytes available at ../runtime/perl/lib/IO/KaitaiStruct.pm line 338.) (253)" classname="spec_perl_TestParamsPassBool_t" time="0.00110411643981934">
      <failure message="not ok 1 - test_params_pass_bool died (Requested 2 bytes, but only 1 bytes available at ../runtime/perl/lib/IO/KaitaiStruct.pm line 338.)" type="TAP::Parser::Result::Test"></failure>
    </testcase>
    <testcase name="Unnamed test case 253" classname="spec_perl_TestParamsPassBool_t" time="9.39369201660156e-05">
      <skipped message="ok 2 # skip test_params_pass_bool died" />
    </testcase>
    <testcase name="Unnamed test case 254" classname="spec_perl_TestParamsPassBool_t" time="4.29153442382812e-05">
      <skipped message="ok 3 # skip test_params_pass_bool died" />
    </testcase>
    <testcase name="Unnamed test case 255" classname="spec_perl_TestParamsPassBool_t" time="3.814697265625e-05">
      <skipped message="ok 4 # skip test_params_pass_bool died" />
    </testcase>
    <testcase name="Unnamed test case 256" classname="spec_perl_TestParamsPassBool_t" time="5.00679016113281e-05">
      <skipped message="ok 5 # skip test_params_pass_bool died" />
    </testcase>
    <testcase name="Unnamed test case 257" classname="spec_perl_TestParamsPassBool_t" time="3.60012054443359e-05">
      <skipped message="ok 6 # skip test_params_pass_bool died" />
    </testcase>
    <testcase name="Unnamed test case 258" classname="spec_perl_TestParamsPassBool_t" time="3.48091125488281e-05">
      <skipped message="ok 7 # skip test_params_pass_bool died" />
    </testcase>
    <testcase name="Unnamed test case 259" classname="spec_perl_TestParamsPassBool_t" time="3.814697265625e-05">
      <skipped message="ok 8 # skip test_params_pass_bool died" />
    </testcase>
    <testcase name="Unnamed test case 260" classname="spec_perl_TestParamsPassBool_t" time="3.38554382324219e-05">
      <skipped message="ok 9 # skip test_params_pass_bool died" />
    </testcase>
    <testcase name="Unnamed test case 261" classname="spec_perl_TestParamsPassBool_t" time="3.40938568115234e-05">
      <skipped message="ok 10 # skip test_params_pass_bool died" />
    </testcase>
    <testcase name="Unnamed test case 262" classname="spec_perl_TestParamsPassBool_t" time="3.40938568115234e-05">
      <skipped message="ok 11 # skip test_params_pass_bool died" />
    </testcase>
    <testcase name="Unnamed test case 263" classname="spec_perl_TestParamsPassBool_t" time="3.29017639160156e-05">
      <skipped message="ok 12 # skip test_params_pass_bool died" />
    </testcase>
    <testcase name="Unnamed test case 264" classname="spec_perl_TestParamsPassBool_t" time="3.69548797607422e-05">
      <skipped message="ok 13 # skip test_params_pass_bool died" />
    </testcase>
    <testcase name="Unnamed test case 265" classname="spec_perl_TestParamsPassBool_t" time="3.50475311279297e-05">
      <skipped message="ok 14 # skip test_params_pass_bool died" />
    </testcase>
  </testsuite>
  <testsuite name="spec_perl_TestStrEncodingsDefault_t" errors="0" failures="0" skipped="0" tests="4" time="0.0385220050811768">
    <system-out>1..4
ok 1 - Equals
ok 2 - Equals
ok 3 - Equals
ok 4 - Equals
</system-out>
    <testcase name="Equals (265)" classname="spec_perl_TestStrEncodingsDefault_t" time="0.00477099418640137" />
    <testcase name="Equals (266)" classname="spec_perl_TestStrEncodingsDefault_t" time="7.70092010498047e-05" />
    <testcase name="Equals (267)" classname="spec_perl_TestStrEncodingsDefault_t" time="4.00543212890625e-05" />
    <testcase name="Equals (268)" classname="spec_perl_TestStrEncodingsDefault_t" time="3.60012054443359e-05" />
  </testsuite>
  <testsuite name="spec_perl_TestBcdUserTypeBe_t" errors="0" failures="0" skipped="0" tests="6" time="0.033595085144043">
    <system-out>1..6
ok 1 - Equals
ok 2 - Equals
ok 3 - Equals
ok 4 - Equals
ok 5 - Equals
ok 6 - Equals
</system-out>
    <testcase name="Equals (269)" classname="spec_perl_TestBcdUserTypeBe_t" time="0.00154900550842285" />
    <testcase name="Equals (270)" classname="spec_perl_TestBcdUserTypeBe_t" time="5.98430633544922e-05" />
    <testcase name="Equals (271)" classname="spec_perl_TestBcdUserTypeBe_t" time="4.91142272949219e-05" />
    <testcase name="Equals (272)" classname="spec_perl_TestBcdUserTypeBe_t" time="6.89029693603516e-05" />
    <testcase name="Equals (273)" classname="spec_perl_TestBcdUserTypeBe_t" time="7.79628753662109e-05" />
    <testcase name="Equals (274)" classname="spec_perl_TestBcdUserTypeBe_t" time="7.10487365722656e-05" />
  </testsuite>
  <testsuite name="spec_perl_TestParamsCallShort_t" errors="0" failures="3" skipped="0" tests="3" time="0.035869836807251">
    <system-out>1..3
not ok 1 - Equals
not ok 2 - Equals
not ok 3 - Equals
</system-out>
    <testcase name="Equals (275)" classname="spec_perl_TestParamsCallShort_t" time="0.0016181468963623">
      <failure message="not ok 1 - Equals" type="TAP::Parser::Result::Test"></failure>
    </testcase>
    <testcase name="Equals (276)" classname="spec_perl_TestParamsCallShort_t" time="0.00114297866821289">
      <failure message="not ok 2 - Equals" type="TAP::Parser::Result::Test"></failure>
    </testcase>
    <testcase name="Equals (277)" classname="spec_perl_TestParamsCallShort_t" time="8.10623168945312e-05">
      <failure message="not ok 3 - Equals" type="TAP::Parser::Result::Test"></failure>
    </testcase>
  </testsuite>
  <testsuite name="spec_perl_TestExprEnum_t" errors="0" failures="0" skipped="0" tests="3" time="0.0312108993530273">
    <system-out>1..3
ok 1 - Equals
ok 2 - Equals
ok 3 - Equals
</system-out>
    <testcase name="Equals (278)" classname="spec_perl_TestExprEnum_t" time="0.00115799903869629" />
    <testcase name="Equals (279)" classname="spec_perl_TestExprEnum_t" time="8.60691070556641e-05" />
    <testcase name="Equals (280)" classname="spec_perl_TestExprEnum_t" time="3.60012054443359e-05" />
  </testsuite>
  <testsuite name="spec_perl_TestFloatingPoints_t" errors="0" failures="0" skipped="0" tests="8" time="0.0318009853363037">
    <system-out>1..8
ok 1 - Approx equals
ok 2 - Approx equals
ok 3 - Approx equals
ok 4 - Approx equals
ok 5 - Approx equals
ok 6 - Approx equals
ok 7 - Approx equals
ok 8 - Approx equals
</system-out>
    <testcase name="Approx equals (280)" classname="spec_perl_TestFloatingPoints_t" time="0.00119900703430176" />
    <testcase name="Approx equals (281)" classname="spec_perl_TestFloatingPoints_t" time="6.103515625e-05" />
    <testcase name="Approx equals (282)" classname="spec_perl_TestFloatingPoints_t" time="3.814697265625e-05" />
    <testcase name="Approx equals (283)" classname="spec_perl_TestFloatingPoints_t" time="3.48091125488281e-05" />
    <testcase name="Approx equals (284)" classname="spec_perl_TestFloatingPoints_t" time="5.31673431396484e-05" />
    <testcase name="Approx equals (285)" classname="spec_perl_TestFloatingPoints_t" time="3.48091125488281e-05" />
    <testcase name="Approx equals (286)" classname="spec_perl_TestFloatingPoints_t" time="4.22000885009766e-05" />
    <testcase name="Approx equals (287)" classname="spec_perl_TestFloatingPoints_t" time="3.69548797607422e-05" />
  </testsuite>
  <testsuite name="spec_perl_TestExpr0_t" errors="0" failures="0" skipped="0" tests="2" time="0.0303070545196533">
    <system-out>1..2
ok 1 - Equals
ok 2 - Equals
</system-out>
    <testcase name="Equals (287)" classname="spec_perl_TestExpr0_t" time="0.00120306015014648" />
    <testcase name="Equals (288)" classname="spec_perl_TestExpr0_t" time="7.10487365722656e-05" />
  </testsuite>
  <testsuite name="spec_perl_TestProcessToUser_t" errors="0" failures="0" skipped="0" tests="1" time="0.0356450080871582">
    <system-out>1..1
ok 1 - Equals
</system-out>
    <testcase name="Equals (289)" classname="spec_perl_TestProcessToUser_t" time="0.00145792961120605" />
  </testsuite>
  <testsuite name="spec_perl_TestSwitchManualIntSize_t" errors="0" failures="0" skipped="0" tests="10" time="0.0359470844268799">
    <system-out>1..10
ok 1 - Equals
ok 2 - Equals
ok 3 - Equals
ok 4 - Equals
ok 5 - Equals
ok 6 - Equals
ok 7 - Equals
ok 8 - Equals
ok 9 - Equals
ok 10 - Equals
</system-out>
    <testcase name="Equals (290)" classname="spec_perl_TestSwitchManualIntSize_t" time="0.00156593322753906" />
    <testcase name="Equals (291)" classname="spec_perl_TestSwitchManualIntSize_t" time="7.41481781005859e-05" />
    <testcase name="Equals (292)" classname="spec_perl_TestSwitchManualIntSize_t" time="4.1961669921875e-05" />
    <testcase name="Equals (293)" classname="spec_perl_TestSwitchManualIntSize_t" time="4.48226928710938e-05" />
    <testcase name="Equals (294)" classname="spec_perl_TestSwitchManualIntSize_t" time="3.40938568115234e-05" />
    <testcase name="Equals (295)" classname="spec_perl_TestSwitchManualIntSize_t" time="8.60691070556641e-05" />
    <testcase name="Equals (296)" classname="spec_perl_TestSwitchManualIntSize_t" time="6.38961791992188e-05" />
    <testcase name="Equals (297)" classname="spec_perl_TestSwitchManualIntSize_t" time="6.19888305664062e-05" />
    <testcase name="Equals (298)" classname="spec_perl_TestSwitchManualIntSize_t" time="6.00814819335938e-05" />
    <testcase name="Equals (299)" classname="spec_perl_TestSwitchManualIntSize_t" time="6.79492950439453e-05" />
  </testsuite>
  <testsuite name="spec_perl_TestRepeatNStrz_t" errors="0" failures="0" skipped="0" tests="2" time="0.0342559814453125">
    <system-out>1..2
ok 1 - Equals
ok 2 - Equals
</system-out>
    <testcase name="Equals (300)" classname="spec_perl_TestRepeatNStrz_t" time="0.0011749267578125" />
    <testcase name="Equals (301)" classname="spec_perl_TestRepeatNStrz_t" time="6.31809234619141e-05" />
  </testsuite>
  <testsuite name="spec_perl_TestParamsPassArrayInt_t" errors="0" failures="1" skipped="6" tests="7" time="0.0306808948516846">
    <system-out>1..7
not ok 1 - test_params_pass_array_int died (Can't use an undefined value as an ARRAY reference at spec/perl/TestParamsPassArrayInt.t line 14.)
ok 2 # skip test_params_pass_array_int died
ok 3 # skip test_params_pass_array_int died
ok 4 # skip test_params_pass_array_int died
ok 5 # skip test_params_pass_array_int died
ok 6 # skip test_params_pass_array_int died
ok 7 # skip test_params_pass_array_int died
</system-out>
    <testcase name="test_params_pass_array_int died (Can't use an undefined value as an ARRAY reference at spec/perl/TestParamsPassArrayInt.t line 14.) (301)" classname="spec_perl_TestParamsPassArrayInt_t" time="0.00114297866821289">
      <failure message="not ok 1 - test_params_pass_array_int died (Can't use an undefined value as an ARRAY reference at spec/perl/TestParamsPassArrayInt.t line 14.)" type="TAP::Parser::Result::Test"></failure>
    </testcase>
    <testcase name="Unnamed test case 301" classname="spec_perl_TestParamsPassArrayInt_t" time="9.39369201660156e-05">
      <skipped message="ok 2 # skip test_params_pass_array_int died" />
    </testcase>
    <testcase name="Unnamed test case 302" classname="spec_perl_TestParamsPassArrayInt_t" time="4.41074371337891e-05">
      <skipped message="ok 3 # skip test_params_pass_array_int died" />
    </testcase>
    <testcase name="Unnamed test case 303" classname="spec_perl_TestParamsPassArrayInt_t" time="3.88622283935547e-05">
      <skipped message="ok 4 # skip test_params_pass_array_int died" />
    </testcase>
    <testcase name="Unnamed test case 304" classname="spec_perl_TestParamsPassArrayInt_t" time="3.69548797607422e-05">
      <skipped message="ok 5 # skip test_params_pass_array_int died" />
    </testcase>
    <testcase name="Unnamed test case 305" classname="spec_perl_TestParamsPassArrayInt_t" time="4.91142272949219e-05">
      <skipped message="ok 6 # skip test_params_pass_array_int died" />
    </testcase>
    <testcase name="Unnamed test case 306" classname="spec_perl_TestParamsPassArrayInt_t" time="4.10079956054688e-05">
      <skipped message="ok 7 # skip test_params_pass_array_int died" />
    </testcase>
  </testsuite>
  <testsuite name="spec_perl_TestNestedSameName2_t" errors="0" failures="0" skipped="0" tests="5" time="0.0312039852142334">
    <system-out>1..5
ok 1 - Equals
ok 2 - Equals
ok 3 - Equals
ok 4 - Equals
ok 5 - Equals
</system-out>
    <testcase name="Equals (306)" classname="spec_perl_TestNestedSameName2_t" time="0.00113797187805176" />
    <testcase name="Equals (307)" classname="spec_perl_TestNestedSameName2_t" time="6.50882720947266e-05" />
    <testcase name="Equals (308)" classname="spec_perl_TestNestedSameName2_t" time="3.60012054443359e-05" />
    <testcase name="Equals (309)" classname="spec_perl_TestNestedSameName2_t" time="4.50611114501953e-05" />
    <testcase name="Equals (310)" classname="spec_perl_TestNestedSameName2_t" time="4.1961669921875e-05" />
  </testsuite>
  <testsuite name="spec_perl_TestRepeatEosStruct_t" errors="0" failures="0" skipped="0" tests="5" time="0.0311548709869385">
    <system-out>1..5
ok 1 - Equals
ok 2 - Equals
ok 3 - Equals
ok 4 - Equals
ok 5 - Equals
</system-out>
    <testcase name="Equals (311)" classname="spec_perl_TestRepeatEosStruct_t" time="0.00115203857421875" />
    <testcase name="Equals (312)" classname="spec_perl_TestRepeatEosStruct_t" time="7.00950622558594e-05" />
    <testcase name="Equals (313)" classname="spec_perl_TestRepeatEosStruct_t" time="3.79085540771484e-05" />
    <testcase name="Equals (314)" classname="spec_perl_TestRepeatEosStruct_t" time="4.60147857666016e-05" />
    <testcase name="Equals (315)" classname="spec_perl_TestRepeatEosStruct_t" time="3.31401824951172e-05" />
  </testsuite>
  <testsuite name="spec_perl_TestProcessCoerceSwitch_t" errors="0" failures="0" skipped="0" tests="3" time="0.0309770107269287">
    <system-out>1..3
ok 1 - Equals
ok 2 - Equals
ok 3 - Equals
</system-out>
    <testcase name="Equals (316)" classname="spec_perl_TestProcessCoerceSwitch_t" time="0.00151610374450684" />
    <testcase name="Equals (317)" classname="spec_perl_TestProcessCoerceSwitch_t" time="4.98294830322266e-05" />
    <testcase name="Equals (318)" classname="spec_perl_TestProcessCoerceSwitch_t" time="5.00679016113281e-05" />
  </testsuite>
  <testsuite name="spec_perl_TestSwitchManualEnum_t" errors="0" failures="0" skipped="0" tests="9" time="0.0354371070861816">
    <system-out>1..9
ok 1 - Equals
ok 2 - Equals
ok 3 - Equals
ok 4 - Equals
ok 5 - Equals
ok 6 - Equals
ok 7 - Equals
ok 8 - Equals
ok 9 - Equals
</system-out>
    <testcase name="Equals (319)" classname="spec_perl_TestSwitchManualEnum_t" time="0.00121712684631348" />
    <testcase name="Equals (320)" classname="spec_perl_TestSwitchManualEnum_t" time="7.89165496826172e-05" />
    <testcase name="Equals (321)" classname="spec_perl_TestSwitchManualEnum_t" time="3.91006469726562e-05" />
    <testcase name="Equals (322)" classname="spec_perl_TestSwitchManualEnum_t" time="4.38690185546875e-05" />
    <testcase name="Equals (323)" classname="spec_perl_TestSwitchManualEnum_t" time="3.40938568115234e-05" />
    <testcase name="Equals (324)" classname="spec_perl_TestSwitchManualEnum_t" time="4.1961669921875e-05" />
    <testcase name="Equals (325)" classname="spec_perl_TestSwitchManualEnum_t" time="4.50611114501953e-05" />
    <testcase name="Equals (326)" classname="spec_perl_TestSwitchManualEnum_t" time="4.10079956054688e-05" />
    <testcase name="Equals (327)" classname="spec_perl_TestSwitchManualEnum_t" time="6.98566436767578e-05" />
  </testsuite>
  <testsuite name="spec_perl_TestNavParentFalse_t" errors="0" failures="0" skipped="0" tests="5" time="0.0332150459289551">
    <system-out>1..5
ok 1 - Equals
ok 2 - Equals
ok 3 - Equals
ok 4 - Equals
ok 5 - Equals
</system-out>
    <testcase name="Equals (328)" classname="spec_perl_TestNavParentFalse_t" time="0.00154209136962891" />
    <testcase name="Equals (329)" classname="spec_perl_TestNavParentFalse_t" time="0.00020599365234375" />
    <testcase name="Equals (330)" classname="spec_perl_TestNavParentFalse_t" time="0.000151872634887695" />
    <testcase name="Equals (331)" classname="spec_perl_TestNavParentFalse_t" time="0.000144004821777344" />
    <testcase name="Equals (332)" classname="spec_perl_TestNavParentFalse_t" time="0.000137090682983398" />
  </testsuite>
  <testsuite name="spec_perl_TestCombineStr_t" errors="0" failures="0" skipped="0" tests="15" time="0.0362260341644287">
    <system-out>1..15
ok 1 - Equals
ok 2 - Equals
ok 3 - Equals
ok 4 - Equals
ok 5 - Equals
ok 6 - Equals
ok 7 - Equals
ok 8 - Equals
ok 9 - Equals
ok 10 - Equals
ok 11 - Equals
ok 12 - Equals
ok 13 - Equals
ok 14 - Equals
ok 15 - Equals
</system-out>
    <testcase name="Equals (333)" classname="spec_perl_TestCombineStr_t" time="0.00119590759277344" />
    <testcase name="Equals (334)" classname="spec_perl_TestCombineStr_t" time="6.89029693603516e-05" />
    <testcase name="Equals (335)" classname="spec_perl_TestCombineStr_t" time="3.60012054443359e-05" />
    <testcase name="Equals (336)" classname="spec_perl_TestCombineStr_t" time="4.31537628173828e-05" />
    <testcase name="Equals (337)" classname="spec_perl_TestCombineStr_t" time="3.29017639160156e-05" />
    <testcase name="Equals (338)" classname="spec_perl_TestCombineStr_t" time="4.10079956054688e-05" />
    <testcase name="Equals (339)" classname="spec_perl_TestCombineStr_t" time="4.10079956054688e-05" />
    <testcase name="Equals (340)" classname="spec_perl_TestCombineStr_t" time="7.10487365722656e-05" />
    <testcase name="Equals (341)" classname="spec_perl_TestCombineStr_t" time="5.88893890380859e-05" />
    <testcase name="Equals (342)" classname="spec_perl_TestCombineStr_t" time="4.41074371337891e-05" />
    <testcase name="Equals (343)" classname="spec_perl_TestCombineStr_t" time="6.60419464111328e-05" />
    <testcase name="Equals (344)" classname="spec_perl_TestCombineStr_t" time="5.19752502441406e-05" />
    <testcase name="Equals (345)" classname="spec_perl_TestCombineStr_t" time="0.000113964080810547" />
    <testcase name="Equals (346)" classname="spec_perl_TestCombineStr_t" time="4.10079956054688e-05" />
    <testcase name="Equals (347)" classname="spec_perl_TestCombineStr_t" time="4.00543212890625e-05" />
  </testsuite>
  <testsuite name="spec_perl_TestSwitchManualIntSizeEos_t" errors="0" failures="0" skipped="0" tests="10" time="0.0355169773101807">
    <system-out>1..10
ok 1 - Equals
ok 2 - Equals
ok 3 - Equals
ok 4 - Equals
ok 5 - Equals
ok 6 - Equals
ok 7 - Equals
ok 8 - Equals
ok 9 - Equals
ok 10 - Equals
</system-out>
    <testcase name="Equals (348)" classname="spec_perl_TestSwitchManualIntSizeEos_t" time="0.00164198875427246" />
    <testcase name="Equals (349)" classname="spec_perl_TestSwitchManualIntSizeEos_t" time="7.60555267333984e-05" />
    <testcase name="Equals (350)" classname="spec_perl_TestSwitchManualIntSizeEos_t" time="3.98159027099609e-05" />
    <testcase name="Equals (351)" classname="spec_perl_TestSwitchManualIntSizeEos_t" time="3.50475311279297e-05" />
    <testcase name="Equals (352)" classname="spec_perl_TestSwitchManualIntSizeEos_t" time="4.69684600830078e-05" />
    <testcase name="Equals (353)" classname="spec_perl_TestSwitchManualIntSizeEos_t" time="3.21865081787109e-05" />
    <testcase name="Equals (354)" classname="spec_perl_TestSwitchManualIntSizeEos_t" time="4.1961669921875e-05" />
    <testcase name="Equals (355)" classname="spec_perl_TestSwitchManualIntSizeEos_t" time="5.88893890380859e-05" />
    <testcase name="Equals (356)" classname="spec_perl_TestSwitchManualIntSizeEos_t" time="6.29425048828125e-05" />
    <testcase name="Equals (357)" classname="spec_perl_TestSwitchManualIntSizeEos_t" time="7.20024108886719e-05" />
  </testsuite>
  <testsuite name="spec_perl_TestMetaXref_t" errors="0" failures="0" skipped="1" tests="1" time="0.0312509536743164">
    <system-out>1..1
ok 1 # skip MetaXref=HASH(0x55d32c056eb8)
</system-out>
    <testcase name="Unnamed test case 357" classname="spec_perl_TestMetaXref_t" time="0.00133299827575684">
      <skipped message="ok 1 # skip MetaXref=HASH(0x55d32c056eb8)" />
    </testcase>
  </testsuite>
  <testsuite name="spec_perl_TestEosExceptionU4_t" errors="0" failures="0" skipped="0" tests="1" time="0.0298380851745605">
    <system-out>1..1
ok 1 - threw /^Requested \d+ bytes, but only \d+ bytes available/
</system-out>
    <testcase name="threw /^Requested \d+ bytes, but only \d+ bytes available/ (357)" classname="spec_perl_TestEosExceptionU4_t" time="0.00145602226257324" />
  </testsuite>
  <testsuite name="spec_perl_TestExprIntDiv_t" errors="0" failures="2" skipped="0" tests="6" time="0.0339741706848145">
    <system-out>1..6
ok 1 - Equals
ok 2 - Equals
ok 3 - Equals
not ok 4 - Equals
ok 5 - Equals
not ok 6 - Equals
</system-out>
    <testcase name="Equals (358)" classname="spec_perl_TestExprIntDiv_t" time="0.0012819766998291" />
    <testcase name="Equals (359)" classname="spec_perl_TestExprIntDiv_t" time="5.69820404052734e-05" />
    <testcase name="Equals (360)" classname="spec_perl_TestExprIntDiv_t" time="3.60012054443359e-05" />
    <testcase name="Equals (361)" classname="spec_perl_TestExprIntDiv_t" time="4.60147857666016e-05">
      <failure message="not ok 4 - Equals" type="TAP::Parser::Result::Test"></failure>
    </testcase>
    <testcase name="Equals (362)" classname="spec_perl_TestExprIntDiv_t" time="0.00113701820373535" />
    <testcase name="Equals (363)" classname="spec_perl_TestExprIntDiv_t" time="7.10487365722656e-05">
      <failure message="not ok 6 - Equals" type="TAP::Parser::Result::Test"></failure>
    </testcase>
  </testsuite>
  <testsuite name="spec_perl_TestSwitchCast_t" errors="0" failures="0" skipped="0" tests="2" time="0.0345489978790283">
    <system-out>1..2
ok 1 - Equals
ok 2 - Equals
</system-out>
    <testcase name="Equals (364)" classname="spec_perl_TestSwitchCast_t" time="0.00119209289550781" />
    <testcase name="Equals (365)" classname="spec_perl_TestSwitchCast_t" time="5.98430633544922e-05" />
  </testsuite>
  <testsuite name="spec_perl_TestZlibWithHeader78_t" errors="0" failures="0" skipped="0" tests="1" time="0.0557518005371094">
    <system-out>1..1
ok 1 - Equals
</system-out>
    <testcase name="Equals (366)" classname="spec_perl_TestZlibWithHeader78_t" time="0.00125002861022949" />
  </testsuite>
  <testsuite name="spec_perl_TestRepeatNStruct_t" errors="0" failures="0" skipped="0" tests="5" time="0.0311410427093506">
    <system-out>1..5
ok 1 - Equals
ok 2 - Equals
ok 3 - Equals
ok 4 - Equals
ok 5 - Equals
</system-out>
    <testcase name="Equals (367)" classname="spec_perl_TestRepeatNStruct_t" time="0.00111198425292969" />
    <testcase name="Equals (368)" classname="spec_perl_TestRepeatNStruct_t" time="6.50882720947266e-05" />
    <testcase name="Equals (369)" classname="spec_perl_TestRepeatNStruct_t" time="3.60012054443359e-05" />
    <testcase name="Equals (370)" classname="spec_perl_TestRepeatNStruct_t" time="4.41074371337891e-05" />
    <testcase name="Equals (371)" classname="spec_perl_TestRepeatNStruct_t" time="4.07695770263672e-05" />
  </testsuite>
  <testsuite name="spec_perl_TestNestedTypeParam_t" errors="0" failures="2" skipped="0" tests="2" time="0.0369329452514648">
    <system-out>1..2
not ok 1 - Equals
not ok 2 - Equals
</system-out>
    <testcase name="Equals (372)" classname="spec_perl_TestNestedTypeParam_t" time="0.00164699554443359">
      <failure message="not ok 1 - Equals" type="TAP::Parser::Result::Test"></failure>
    </testcase>
    <testcase name="Equals (373)" classname="spec_perl_TestNestedTypeParam_t" time="7.41481781005859e-05">
      <failure message="not ok 2 - Equals" type="TAP::Parser::Result::Test"></failure>
    </testcase>
  </testsuite>
  <testsuite name="spec_perl_TestStrLiterals2_t" errors="0" failures="0" skipped="0" tests="4" time="0.0304081439971924">
    <system-out>1..4
ok 1 - Equals
ok 2 - Equals
ok 3 - Equals
ok 4 - Equals
</system-out>
    <testcase name="Equals (374)" classname="spec_perl_TestStrLiterals2_t" time="0.00112104415893555" />
    <testcase name="Equals (375)" classname="spec_perl_TestStrLiterals2_t" time="5.98430633544922e-05" />
    <testcase name="Equals (376)" classname="spec_perl_TestStrLiterals2_t" time="3.814697265625e-05" />
    <testcase name="Equals (377)" classname="spec_perl_TestStrLiterals2_t" time="4.79221343994141e-05" />
  </testsuite>
  <testsuite name="spec_perl_TestExprBytesCmp_t" errors="0" failures="0" skipped="0" tests="10" time="0.032153844833374">
    <system-out>1..10
ok 1 - Equals
ok 2 - Equals
ok 3 - Equals
ok 4 - Equals
ok 5 - Equals
ok 6 - Equals
ok 7 - Equals
ok 8 - Equals
ok 9 - Equals
ok 10 - Equals
</system-out>
    <testcase name="Equals (378)" classname="spec_perl_TestExprBytesCmp_t" time="0.0011589527130127" />
    <testcase name="Equals (379)" classname="spec_perl_TestExprBytesCmp_t" time="6.98566436767578e-05" />
    <testcase name="Equals (380)" classname="spec_perl_TestExprBytesCmp_t" time="4.00543212890625e-05" />
    <testcase name="Equals (381)" classname="spec_perl_TestExprBytesCmp_t" time="4.50611114501953e-05" />
    <testcase name="Equals (382)" classname="spec_perl_TestExprBytesCmp_t" time="4.29153442382812e-05" />
    <testcase name="Equals (383)" classname="spec_perl_TestExprBytesCmp_t" time="5.19752502441406e-05" />
    <testcase name="Equals (384)" classname="spec_perl_TestExprBytesCmp_t" time="4.22000885009766e-05" />
    <testcase name="Equals (385)" classname="spec_perl_TestExprBytesCmp_t" time="6.98566436767578e-05" />
    <testcase name="Equals (386)" classname="spec_perl_TestExprBytesCmp_t" time="5.60283660888672e-05" />
    <testcase name="Equals (387)" classname="spec_perl_TestExprBytesCmp_t" time="6.19888305664062e-05" />
  </testsuite>
  <testsuite name="spec_perl_TestProcessCoerceBytes_t" errors="0" failures="0" skipped="0" tests="4" time="0.0305640697479248">
    <system-out>1..4
ok 1 - Equals
ok 2 - Equals
ok 3 - Equals
ok 4 - Equals
</system-out>
    <testcase name="Equals (388)" classname="spec_perl_TestProcessCoerceBytes_t" time="0.00111603736877441" />
    <testcase name="Equals (389)" classname="spec_perl_TestProcessCoerceBytes_t" time="6.50882720947266e-05" />
    <testcase name="Equals (390)" classname="spec_perl_TestProcessCoerceBytes_t" time="3.69548797607422e-05" />
    <testcase name="Equals (391)" classname="spec_perl_TestProcessCoerceBytes_t" time="4.41074371337891e-05" />
  </testsuite>
  <testsuite name="spec_perl_TestCastToImported_t" errors="0" failures="0" skipped="0" tests="2" time="0.0303170680999756">
    <system-out>1..2
ok 1 - Equals
ok 2 - Equals
</system-out>
    <testcase name="Equals (392)" classname="spec_perl_TestCastToImported_t" time="0.00108504295349121" />
    <testcase name="Equals (393)" classname="spec_perl_TestCastToImported_t" time="6.50882720947266e-05" />
  </testsuite>
  <testsuite name="spec_perl_TestRepeatNStrzDouble_t" errors="0" failures="0" skipped="0" tests="3" time="0.0349349975585938">
    <system-out>1..3
ok 1 - Equals
ok 2 - Equals
ok 3 - Equals
</system-out>
    <testcase name="Equals (394)" classname="spec_perl_TestRepeatNStrzDouble_t" time="0.00118112564086914" />
    <testcase name="Equals (395)" classname="spec_perl_TestRepeatNStrzDouble_t" time="6.98566436767578e-05" />
    <testcase name="Equals (396)" classname="spec_perl_TestRepeatNStrzDouble_t" time="4.60147857666016e-05" />
  </testsuite>
  <testsuite name="spec_perl_TestStrEncodingsUtf16_t" errors="0" failures="0" skipped="0" tests="6" time="0.0362839698791504">
    <system-out>1..6
ok 1 - Equals
ok 2 - Equals
ok 3 - Equals
ok 4 - Equals
ok 5 - Equals
ok 6 - Equals
</system-out>
    <testcase name="Equals (397)" classname="spec_perl_TestStrEncodingsUtf16_t" time="0.0023190975189209" />
    <testcase name="Equals (398)" classname="spec_perl_TestStrEncodingsUtf16_t" time="5.79357147216797e-05" />
    <testcase name="Equals (399)" classname="spec_perl_TestStrEncodingsUtf16_t" time="5.69820404052734e-05" />
    <testcase name="Equals (400)" classname="spec_perl_TestStrEncodingsUtf16_t" time="3.814697265625e-05" />
    <testcase name="Equals (401)" classname="spec_perl_TestStrEncodingsUtf16_t" time="3.29017639160156e-05" />
    <testcase name="Equals (402)" classname="spec_perl_TestStrEncodingsUtf16_t" time="4.50611114501953e-05" />
  </testsuite>
  <testsuite name="spec_perl_TestTsPacketHeader_t" errors="0" failures="0" skipped="0" tests="7" time="0.0304491519927979">
    <system-out>1..7
ok 1 - Equals
ok 2 - Equals
ok 3 - Equals
ok 4 - Equals
ok 5 - Equals
ok 6 - Equals
ok 7 - Equals
</system-out>
    <testcase name="Equals (403)" classname="spec_perl_TestTsPacketHeader_t" time="0.00110983848571777" />
    <testcase name="Equals (404)" classname="spec_perl_TestTsPacketHeader_t" time="6.41345977783203e-05" />
    <testcase name="Equals (405)" classname="spec_perl_TestTsPacketHeader_t" time="3.69548797607422e-05" />
    <testcase name="Equals (406)" classname="spec_perl_TestTsPacketHeader_t" time="4.91142272949219e-05" />
    <testcase name="Equals (407)" classname="spec_perl_TestTsPacketHeader_t" time="4.38690185546875e-05" />
    <testcase name="Equals (408)" classname="spec_perl_TestTsPacketHeader_t" time="4.10079956054688e-05" />
    <testcase name="Equals (409)" classname="spec_perl_TestTsPacketHeader_t" time="4.10079956054688e-05" />
  </testsuite>
  <testsuite name="spec_perl_TestProcessXor4Value_t" errors="0" failures="0" skipped="0" tests="2" time="0.0303659439086914">
    <system-out>1..2
ok 1 - Equals
ok 2 - Equals
</system-out>
    <testcase name="Equals (410)" classname="spec_perl_TestProcessXor4Value_t" time="0.00113511085510254" />
    <testcase name="Equals (411)" classname="spec_perl_TestProcessXor4Value_t" time="6.29425048828125e-05" />
  </testsuite>
  <testsuite name="spec_perl_TestDefaultEndianExprException_t" errors="0" failures="0" skipped="0" tests="1" time="0.0327808856964111">
    <system-out>1..1
ok 1 - threw /^Unable to decide on endianness/
</system-out>
    <testcase name="threw /^Unable to decide on endianness/ (411)" classname="spec_perl_TestDefaultEndianExprException_t" time="0.00123906135559082" />
  </testsuite>
  <testsuite name="spec_perl_TestValidShort_t" errors="0" failures="0" skipped="1" tests="1" time="0.0359640121459961">
    <system-out>1..1
ok 1 # skip ValidShort=HASH(0x563948353988)
</system-out>
    <testcase name="Unnamed test case 411" classname="spec_perl_TestValidShort_t" time="0.00149202346801758">
      <skipped message="ok 1 # skip ValidShort=HASH(0x563948353988)" />
    </testcase>
  </testsuite>
  <testsuite name="spec_perl_TestBitsSeqEndianCombo_t" errors="0" failures="0" skipped="0" tests="8" time="0.0314919948577881">
    <system-out>1..8
ok 1 - Equals
ok 2 - Equals
ok 3 - Equals
ok 4 - Equals
ok 5 - Equals
ok 6 - Equals
ok 7 - Equals
ok 8 - Equals
</system-out>
    <testcase name="Equals (412)" classname="spec_perl_TestBitsSeqEndianCombo_t" time="0.00122714042663574" />
    <testcase name="Equals (413)" classname="spec_perl_TestBitsSeqEndianCombo_t" time="6.69956207275391e-05" />
    <testcase name="Equals (414)" classname="spec_perl_TestBitsSeqEndianCombo_t" time="4.10079956054688e-05" />
    <testcase name="Equals (415)" classname="spec_perl_TestBitsSeqEndianCombo_t" time="4.60147857666016e-05" />
    <testcase name="Equals (416)" classname="spec_perl_TestBitsSeqEndianCombo_t" time="4.60147857666016e-05" />
    <testcase name="Equals (417)" classname="spec_perl_TestBitsSeqEndianCombo_t" time="4.48226928710938e-05" />
    <testcase name="Equals (418)" classname="spec_perl_TestBitsSeqEndianCombo_t" time="4.22000885009766e-05" />
    <testcase name="Equals (419)" classname="spec_perl_TestBitsSeqEndianCombo_t" time="6.58035278320312e-05" />
  </testsuite>
  <testsuite name="spec_perl_TestProcessXorValue_t" errors="0" failures="0" skipped="0" tests="2" time="0.0304639339447021">
    <system-out>1..2
ok 1 - Equals
ok 2 - Equals
</system-out>
    <testcase name="Equals (420)" classname="spec_perl_TestProcessXorValue_t" time="0.00107216835021973" />
    <testcase name="Equals (421)" classname="spec_perl_TestProcessXorValue_t" time="6.29425048828125e-05" />
  </testsuite>
  <testsuite name="spec_perl_TestExprBytesNonLiteral_t" errors="0" failures="0" skipped="0" tests="3" time="0.0321590900421143">
    <system-out>1..3
[...]
  <testsuite name="spec_perl_TestSwitchIntegers2_t" errors="0" failures="0" skipped="0" tests="5" time="0.0309128761291504">
    <system-out>1..5
ok 1 - Equals
ok 2 - Equals
ok 3 - Equals
ok 4 - Equals
ok 5 - Equals
</system-out>
    <testcase name="Equals (864)" classname="spec_perl_TestSwitchIntegers2_t" time="0.00118517875671387" />
    <testcase name="Equals (865)" classname="spec_perl_TestSwitchIntegers2_t" time="6.38961791992188e-05" />
    <testcase name="Equals (866)" classname="spec_perl_TestSwitchIntegers2_t" time="4.41074371337891e-05" />
    <testcase name="Equals (867)" classname="spec_perl_TestSwitchIntegers2_t" time="4.48226928710938e-05" />
    <testcase name="Equals (868)" classname="spec_perl_TestSwitchIntegers2_t" time="4.31537628173828e-05" />
  </testsuite>
  <testsuite name="spec_perl_TestExprSizeofType0_t" errors="0" failures="0" skipped="0" tests="1" time="0.0310599803924561">
    <system-out>1..1
ok 1 - Equals
</system-out>
    <testcase name="Equals (869)" classname="spec_perl_TestExprSizeofType0_t" time="0.00112199783325195" />
  </testsuite>
  <testsuite name="spec_perl_TestBitsEnum_t" errors="0" failures="0" skipped="0" tests="3" time="0.0303161144256592">
    <system-out>1..3
ok 1 - Equals
ok 2 - Equals
ok 3 - Equals
</system-out>
    <testcase name="Equals (870)" classname="spec_perl_TestBitsEnum_t" time="0.00107693672180176" />
    <testcase name="Equals (871)" classname="spec_perl_TestBitsEnum_t" time="6.91413879394531e-05" />
    <testcase name="Equals (872)" classname="spec_perl_TestBitsEnum_t" time="3.98159027099609e-05" />
  </testsuite>
  <testsuite name="spec_perl_TestSwitchManualEnumInvalid_t" errors="0" failures="0" skipped="0" tests="5" time="0.034797191619873">
    <system-out>1..5
ok 1 - Equals
ok 2 - Equals
ok 3 - nil
ok 4 - Equals
ok 5 - nil
</system-out>
    <testcase name="Equals (873)" classname="spec_perl_TestSwitchManualEnumInvalid_t" time="0.00114607810974121" />
    <testcase name="Equals (874)" classname="spec_perl_TestSwitchManualEnumInvalid_t" time="5.91278076171875e-05" />
    <testcase name="nil (874)" classname="spec_perl_TestSwitchManualEnumInvalid_t" time="4.48226928710938e-05" />
    <testcase name="Equals (875)" classname="spec_perl_TestSwitchManualEnumInvalid_t" time="4.69684600830078e-05" />
    <testcase name="nil (875)" classname="spec_perl_TestSwitchManualEnumInvalid_t" time="4.00543212890625e-05" />
  </testsuite>
  <testsuite name="spec_perl_TestBitsUnalignedB32Le_t" errors="0" failures="0" skipped="0" tests="3" time="0.0309619903564453">
    <system-out>1..3
ok 1 - Equals
ok 2 - Equals
ok 3 - Equals
</system-out>
    <testcase name="Equals (876)" classname="spec_perl_TestBitsUnalignedB32Le_t" time="0.00114917755126953" />
    <testcase name="Equals (877)" classname="spec_perl_TestBitsUnalignedB32Le_t" time="6.07967376708984e-05" />
    <testcase name="Equals (878)" classname="spec_perl_TestBitsUnalignedB32Le_t" time="3.60012054443359e-05" />
  </testsuite>
  <testsuite name="spec_perl_TestTypeTernary2ndFalsy_t" errors="0" failures="0" skipped="0" tests="13" time="0.030811071395874">
    <system-out>1..13
ok 1 - Equals
ok 2 - Equals
ok 3 - Equals
ok 4 - Approx equals
ok 5 - Approx equals
ok 6 - Equals
ok 7 - Equals
ok 8 - Equals
ok 9 - nil
ok 10 - Equals
ok 11 - Equals
ok 12 - Equals
ok 13 - Equals
</system-out>
    <testcase name="Equals (879)" classname="spec_perl_TestTypeTernary2ndFalsy_t" time="0.00112104415893555" />
    <testcase name="Equals (880)" classname="spec_perl_TestTypeTernary2ndFalsy_t" time="6.103515625e-05" />
    <testcase name="Equals (881)" classname="spec_perl_TestTypeTernary2ndFalsy_t" time="4.69684600830078e-05" />
    <testcase name="Approx equals (881)" classname="spec_perl_TestTypeTernary2ndFalsy_t" time="4.50611114501953e-05" />
    <testcase name="Approx equals (882)" classname="spec_perl_TestTypeTernary2ndFalsy_t" time="3.38554382324219e-05" />
    <testcase name="Equals (882)" classname="spec_perl_TestTypeTernary2ndFalsy_t" time="5.10215759277344e-05" />
    <testcase name="Equals (883)" classname="spec_perl_TestTypeTernary2ndFalsy_t" time="4.1961669921875e-05" />
    <testcase name="Equals (884)" classname="spec_perl_TestTypeTernary2ndFalsy_t" time="4.41074371337891e-05" />
    <testcase name="nil (884)" classname="spec_perl_TestTypeTernary2ndFalsy_t" time="4.29153442382812e-05" />
    <testcase name="Equals (885)" classname="spec_perl_TestTypeTernary2ndFalsy_t" time="6.31809234619141e-05" />
    <testcase name="Equals (886)" classname="spec_perl_TestTypeTernary2ndFalsy_t" time="5.98430633544922e-05" />
    <testcase name="Equals (887)" classname="spec_perl_TestTypeTernary2ndFalsy_t" time="5.69820404052734e-05" />
    <testcase name="Equals (888)" classname="spec_perl_TestTypeTernary2ndFalsy_t" time="6.60419464111328e-05" />
  </testsuite>
  <testsuite name="spec_perl_TestNavParentVsValueInst_t" errors="0" failures="0" skipped="0" tests="1" time="0.0347590446472168">
    <system-out>1..1
ok 1 - Equals
</system-out>
    <testcase name="Equals (889)" classname="spec_perl_TestNavParentVsValueInst_t" time="0.00114893913269043" />
  </testsuite>
  <testsuite name="spec_perl_TestOpaqueExternalType_t" errors="0" failures="0" skipped="0" tests="3" time="0.0343382358551025">
    <system-out>1..3
ok 1 - Equals
ok 2 - Equals
ok 3 - Equals
</system-out>
    <testcase name="Equals (890)" classname="spec_perl_TestOpaqueExternalType_t" time="0.00111889839172363" />
    <testcase name="Equals (891)" classname="spec_perl_TestOpaqueExternalType_t" time="6.19888305664062e-05" />
    <testcase name="Equals (892)" classname="spec_perl_TestOpaqueExternalType_t" time="3.60012054443359e-05" />
  </testsuite>
  <testsuite name="spec_perl_TestIfStruct_t" errors="0" failures="0" skipped="0" tests="7" time="0.03537917137146">
    <system-out>1..7
ok 1 - Equals
ok 2 - Equals
ok 3 - Equals
ok 4 - Equals
ok 5 - Equals
ok 6 - Equals
ok 7 - Equals
</system-out>
    <testcase name="Equals (893)" classname="spec_perl_TestIfStruct_t" time="0.000492095947265625" />
    <testcase name="Equals (894)" classname="spec_perl_TestIfStruct_t" time="5.79357147216797e-05" />
    <testcase name="Equals (895)" classname="spec_perl_TestIfStruct_t" time="4.69684600830078e-05" />
    <testcase name="Equals (896)" classname="spec_perl_TestIfStruct_t" time="4.31537628173828e-05" />
    <testcase name="Equals (897)" classname="spec_perl_TestIfStruct_t" time="4.60147857666016e-05" />
    <testcase name="Equals (898)" classname="spec_perl_TestIfStruct_t" time="4.1961669921875e-05" />
    <testcase name="Equals (899)" classname="spec_perl_TestIfStruct_t" time="6.79492950439453e-05" />
  </testsuite>
  <testsuite name="spec_perl_TestBitsSignedResB32Be_t" errors="0" failures="0" skipped="0" tests="1" time="0.0305178165435791">
    <system-out>1..1
ok 1 - Equals
</system-out>
    <testcase name="Equals (900)" classname="spec_perl_TestBitsSignedResB32Be_t" time="0.00110793113708496" />
  </testsuite>
  <testsuite name="spec_perl_TestSwitchRepeatExpr_t" errors="0" failures="0" skipped="0" tests="3" time="0.0306029319763184">
    <system-out>1..3
ok 1 - Equals
ok 2 - Equals
ok 3 - Equals
</system-out>
    <testcase name="Equals (901)" classname="spec_perl_TestSwitchRepeatExpr_t" time="0.0014350414276123" />
    <testcase name="Equals (902)" classname="spec_perl_TestSwitchRepeatExpr_t" time="5.69820404052734e-05" />
    <testcase name="Equals (903)" classname="spec_perl_TestSwitchRepeatExpr_t" time="5.79357147216797e-05" />
  </testsuite>
  <testsuite name="spec_perl_TestExpr1_t" errors="0" failures="0" skipped="0" tests="4" time="0.0342481136322021">
    <system-out>1..4
ok 1 - Equals
ok 2 - Equals
ok 3 - Equals
ok 4 - Equals
</system-out>
    <testcase name="Equals (904)" classname="spec_perl_TestExpr1_t" time="0.00124192237854004" />
    <testcase name="Equals (905)" classname="spec_perl_TestExpr1_t" time="7.29560852050781e-05" />
    <testcase name="Equals (906)" classname="spec_perl_TestExpr1_t" time="3.79085540771484e-05" />
    <testcase name="Equals (907)" classname="spec_perl_TestExpr1_t" time="4.50611114501953e-05" />
  </testsuite>
  <testsuite name="spec_perl_TestRepeatUntilCalcArrayType_t" errors="0" failures="0" skipped="0" tests="7" time="0.0316140651702881">
    <system-out>1..7
ok 1 - Equals
ok 2 - Equals
ok 3 - Equals
ok 4 - Equals
ok 5 - Equals
ok 6 - Equals
ok 7 - Equals
</system-out>
    <testcase name="Equals (908)" classname="spec_perl_TestRepeatUntilCalcArrayType_t" time="0.00150895118713379" />
    <testcase name="Equals (909)" classname="spec_perl_TestRepeatUntilCalcArrayType_t" time="8.0108642578125e-05" />
    <testcase name="Equals (910)" classname="spec_perl_TestRepeatUntilCalcArrayType_t" time="4.1961669921875e-05" />
    <testcase name="Equals (911)" classname="spec_perl_TestRepeatUntilCalcArrayType_t" time="3.50475311279297e-05" />
    <testcase name="Equals (912)" classname="spec_perl_TestRepeatUntilCalcArrayType_t" time="4.79221343994141e-05" />
    <testcase name="Equals (913)" classname="spec_perl_TestRepeatUntilCalcArrayType_t" time="4.29153442382812e-05" />
    <testcase name="Equals (914)" classname="spec_perl_TestRepeatUntilCalcArrayType_t" time="3.19480895996094e-05" />
  </testsuite>
  <testsuite name="spec_perl_TestBitsSimple_t" errors="0" failures="0" skipped="0" tests="14" time="0.0317778587341309">
    <system-out>1..14
ok 1 - Equals
ok 2 - Equals
ok 3 - Equals
ok 4 - Equals
ok 5 - Equals
ok 6 - Equals
ok 7 - Equals
ok 8 - Equals
ok 9 - Equals
ok 10 - Equals
ok 11 - Equals
ok 12 - Equals
ok 13 - Equals
ok 14 - Equals
</system-out>
    <testcase name="Equals (915)" classname="spec_perl_TestBitsSimple_t" time="0.00113701820373535" />
    <testcase name="Equals (916)" classname="spec_perl_TestBitsSimple_t" time="6.38961791992188e-05" />
    <testcase name="Equals (917)" classname="spec_perl_TestBitsSimple_t" time="3.60012054443359e-05" />
    <testcase name="Equals (918)" classname="spec_perl_TestBitsSimple_t" time="4.41074371337891e-05" />
    <testcase name="Equals (919)" classname="spec_perl_TestBitsSimple_t" time="4.69684600830078e-05" />
    <testcase name="Equals (920)" classname="spec_perl_TestBitsSimple_t" time="4.1961669921875e-05" />
    <testcase name="Equals (921)" classname="spec_perl_TestBitsSimple_t" time="4.10079956054688e-05" />
    <testcase name="Equals (922)" classname="spec_perl_TestBitsSimple_t" time="6.69956207275391e-05" />
    <testcase name="Equals (923)" classname="spec_perl_TestBitsSimple_t" time="4.10079956054688e-05" />
    <testcase name="Equals (924)" classname="spec_perl_TestBitsSimple_t" time="6.00814819335938e-05" />
    <testcase name="Equals (925)" classname="spec_perl_TestBitsSimple_t" time="5.19752502441406e-05" />
    <testcase name="Equals (926)" classname="spec_perl_TestBitsSimple_t" time="6.19888305664062e-05" />
    <testcase name="Equals (927)" classname="spec_perl_TestBitsSimple_t" time="5.79357147216797e-05" />
    <testcase name="Equals (928)" classname="spec_perl_TestBitsSimple_t" time="6.31809234619141e-05" />
  </testsuite>
  <testsuite name="spec_perl_TestEosExceptionBytes_t" errors="0" failures="0" skipped="0" tests="1" time="0.0322489738464355">
    <system-out>1..1
ok 1 - threw /^Requested \d+ bytes, but only \d+ bytes available/
</system-out>
    <testcase name="threw /^Requested \d+ bytes, but only \d+ bytes available/ (928)" classname="spec_perl_TestEosExceptionBytes_t" time="0.00146985054016113" />
  </testsuite>
  <testsuite name="spec_perl_TestBcdUserTypeLe_t" errors="0" failures="0" skipped="0" tests="6" time="0.034404993057251">
    <system-out>1..6
ok 1 - Equals
ok 2 - Equals
ok 3 - Equals
ok 4 - Equals
ok 5 - Equals
ok 6 - Equals
</system-out>
    <testcase name="Equals (929)" classname="spec_perl_TestBcdUserTypeLe_t" time="0.00143790245056152" />
    <testcase name="Equals (930)" classname="spec_perl_TestBcdUserTypeLe_t" time="5.79357147216797e-05" />
    <testcase name="Equals (931)" classname="spec_perl_TestBcdUserTypeLe_t" time="4.60147857666016e-05" />
    <testcase name="Equals (932)" classname="spec_perl_TestBcdUserTypeLe_t" time="8.60691070556641e-05" />
    <testcase name="Equals (933)" classname="spec_perl_TestBcdUserTypeLe_t" time="7.39097595214844e-05" />
    <testcase name="Equals (934)" classname="spec_perl_TestBcdUserTypeLe_t" time="7.00950622558594e-05" />
  </testsuite>
  <testsuite name="spec_perl_TestNavParent2_t" errors="0" failures="0" skipped="0" tests="10" time="0.0382788181304932">
    <system-out>1..10
ok 1 - Equals
ok 2 - Equals
ok 3 - Equals
ok 4 - Equals
ok 5 - Equals
ok 6 - Equals
ok 7 - Equals
ok 8 - Equals
ok 9 - Equals
ok 10 - Equals
</system-out>
    <testcase name="Equals (935)" classname="spec_perl_TestNavParent2_t" time="0.00164198875427246" />
    <testcase name="Equals (936)" classname="spec_perl_TestNavParent2_t" time="0.000207901000976562" />
    <testcase name="Equals (937)" classname="spec_perl_TestNavParent2_t" time="0.00015711784362793" />
    <testcase name="Equals (938)" classname="spec_perl_TestNavParent2_t" time="0.000144004821777344" />
    <testcase name="Equals (939)" classname="spec_perl_TestNavParent2_t" time="0.000138998031616211" />
    <testcase name="Equals (940)" classname="spec_perl_TestNavParent2_t" time="0.000197887420654297" />
    <testcase name="Equals (941)" classname="spec_perl_TestNavParent2_t" time="0.000150203704833984" />
    <testcase name="Equals (942)" classname="spec_perl_TestNavParent2_t" time="0.000140905380249023" />
    <testcase name="Equals (943)" classname="spec_perl_TestNavParent2_t" time="0.000140905380249023" />
    <testcase name="Equals (944)" classname="spec_perl_TestNavParent2_t" time="0.000177145004272461" />
  </testsuite>
  <testsuite name="spec_perl_TestNavParentSwitch_t" errors="0" failures="0" skipped="0" tests="3" time="0.0307250022888184">
    <system-out>1..3
ok 1 - Equals
ok 2 - Equals
ok 3 - Equals
</system-out>
    <testcase name="Equals (945)" classname="spec_perl_TestNavParentSwitch_t" time="0.00118803977966309" />
    <testcase name="Equals (946)" classname="spec_perl_TestNavParentSwitch_t" time="5.91278076171875e-05" />
    <testcase name="Equals (947)" classname="spec_perl_TestNavParentSwitch_t" time="4.69684600830078e-05" />
  </testsuite>
  <testsuite name="spec_perl_TestIntegers_t" errors="0" failures="0" skipped="0" tests="20" time="0.0323059558868408">
    <system-out>1..20
ok 1 - Equals
ok 2 - Equals
ok 3 - Equals
ok 4 - Equals
ok 5 - Equals
ok 6 - Equals
ok 7 - Equals
ok 8 - Equals
ok 9 - Equals
ok 10 - Equals
ok 11 - Equals
ok 12 - Equals
ok 13 - Equals
ok 14 - Equals
ok 15 - Equals
ok 16 - Equals
ok 17 - Equals
ok 18 - Equals
ok 19 - Equals
ok 20 - Equals
</system-out>
    <testcase name="Equals (948)" classname="spec_perl_TestIntegers_t" time="0.00114798545837402" />
    <testcase name="Equals (949)" classname="spec_perl_TestIntegers_t" time="5.00679016113281e-05" />
    <testcase name="Equals (950)" classname="spec_perl_TestIntegers_t" time="5.69820404052734e-05" />
    <testcase name="Equals (951)" classname="spec_perl_TestIntegers_t" time="4.1961669921875e-05" />
    <testcase name="Equals (952)" classname="spec_perl_TestIntegers_t" time="4.10079956054688e-05" />
    <testcase name="Equals (953)" classname="spec_perl_TestIntegers_t" time="7.20024108886719e-05" />
    <testcase name="Equals (954)" classname="spec_perl_TestIntegers_t" time="4.29153442382812e-05" />
    <testcase name="Equals (955)" classname="spec_perl_TestIntegers_t" time="7.31945037841797e-05" />
    <testcase name="Equals (956)" classname="spec_perl_TestIntegers_t" time="8.48770141601562e-05" />
    <testcase name="Equals (957)" classname="spec_perl_TestIntegers_t" time="3.91006469726562e-05" />
    <testcase name="Equals (958)" classname="spec_perl_TestIntegers_t" time="3.60012054443359e-05" />
    <testcase name="Equals (959)" classname="spec_perl_TestIntegers_t" time="6.103515625e-05" />
    <testcase name="Equals (960)" classname="spec_perl_TestIntegers_t" time="6.19888305664062e-05" />
    <testcase name="Equals (961)" classname="spec_perl_TestIntegers_t" time="4.48226928710938e-05" />
    <testcase name="Equals (962)" classname="spec_perl_TestIntegers_t" time="5.19752502441406e-05" />
    <testcase name="Equals (963)" classname="spec_perl_TestIntegers_t" time="3.814697265625e-05" />
    <testcase name="Equals (964)" classname="spec_perl_TestIntegers_t" time="4.29153442382812e-05" />
    <testcase name="Equals (965)" classname="spec_perl_TestIntegers_t" time="8.392333984375e-05" />
    <testcase name="Equals (966)" classname="spec_perl_TestIntegers_t" time="4.00543212890625e-05" />
    <testcase name="Equals (967)" classname="spec_perl_TestIntegers_t" time="4.60147857666016e-05" />
  </testsuite>
  <testsuite name="spec_perl_TestNavParent_t" errors="0" failures="0" skipped="0" tests="5" time="0.0359611511230469">
    <system-out>1..5
ok 1 - Equals
ok 2 - Equals
ok 3 - Equals
ok 4 - Equals
ok 5 - Equals
</system-out>
    <testcase name="Equals (968)" classname="spec_perl_TestNavParent_t" time="0.0012810230255127" />
    <testcase name="Equals (969)" classname="spec_perl_TestNavParent_t" time="7.70092010498047e-05" />
    <testcase name="Equals (970)" classname="spec_perl_TestNavParent_t" time="3.38554382324219e-05" />
    <testcase name="Equals (971)" classname="spec_perl_TestNavParent_t" time="3.09944152832031e-05" />
    <testcase name="Equals (972)" classname="spec_perl_TestNavParent_t" time="3.91006469726562e-05" />
  </testsuite>
  <testsuite name="spec_perl_TestBytesPadTerm_t" errors="0" failures="0" skipped="0" tests="4" time="0.0309319496154785">
    <system-out>1..4
ok 1 - Equals
ok 2 - Equals
ok 3 - Equals
ok 4 - Equals
</system-out>
    <testcase name="Equals (973)" classname="spec_perl_TestBytesPadTerm_t" time="0.0010979175567627" />
    <testcase name="Equals (974)" classname="spec_perl_TestBytesPadTerm_t" time="6.69956207275391e-05" />
    <testcase name="Equals (975)" classname="spec_perl_TestBytesPadTerm_t" time="3.69548797607422e-05" />
    <testcase name="Equals (976)" classname="spec_perl_TestBytesPadTerm_t" time="4.41074371337891e-05" />
  </testsuite>
  <testsuite name="spec_perl_TestNavParentSwitchCast_t" errors="0" failures="0" skipped="0" tests="3" time="0.0312550067901611">
    <system-out>1..3
ok 1 - Equals
ok 2 - Equals
ok 3 - Equals
</system-out>
    <testcase name="Equals (977)" classname="spec_perl_TestNavParentSwitchCast_t" time="0.00146913528442383" />
    <testcase name="Equals (978)" classname="spec_perl_TestNavParentSwitchCast_t" time="6.07967376708984e-05" />
    <testcase name="Equals (979)" classname="spec_perl_TestNavParentSwitchCast_t" time="5.7220458984375e-05" />
  </testsuite>
  <testsuite name="spec_perl_TestBitsShiftByB32Le_t" errors="0" failures="0" skipped="0" tests="2" time="0.0310149192810059">
    <system-out>1..2
ok 1 - Equals
ok 2 - Equals
</system-out>
    <testcase name="Equals (980)" classname="spec_perl_TestBitsShiftByB32Le_t" time="0.00117087364196777" />
    <testcase name="Equals (981)" classname="spec_perl_TestBitsShiftByB32Le_t" time="4.91142272949219e-05" />
  </testsuite>
  <testsuite name="spec_perl_TestProcessCustom_t" errors="1" failures="0" skipped="0" tests="0" time="0.0277960300445557">
    <system-out></system-out>
    <testcase name="Test died too soon, even before plan. (981)" classname="spec_perl_TestProcessCustom_t" time="0.0277960300445557">
      <failure message="The test suite died before a plan was produced. You need to have a plan." type="Plan">No plan</failure>
    </testcase>
  </testsuite>
  <testsuite name="spec_perl_TestEnum1_t" errors="0" failures="0" skipped="0" tests="2" time="0.0308659076690674">
    <system-out>1..2
ok 1 - Equals
ok 2 - Equals
</system-out>
    <testcase name="Equals (982)" classname="spec_perl_TestEnum1_t" time="0.00120902061462402" />
    <testcase name="Equals (983)" classname="spec_perl_TestEnum1_t" time="6.38961791992188e-05" />
  </testsuite>
</testsuites>
