<?xml version='1.0' encoding='utf-8'?>
<testsuites>
  <testsuite name="spec_perl_TestSwitchManualIntSize_t" errors="1" failures="0" skipped="0" tests="0" time="0.0539150238037109">
    <system-out></system-out>
    <testcase name="Test died too soon, even before plan." classname="spec_perl_TestSwitchManualIntSize_t" time="0.0539150238037109">
      <failure message="The test suite died before a plan was produced. You need to have a plan." type="Plan">No plan</failure>
    </testcase>
  </testsuite>
  <testsuite name="spec_perl_TestEnumFancy_t" errors="1" failures="0" skipped="0" tests="0" time="0.0569438934326172">
    <system-out></system-out>
    <testcase name="Test died too soon, even before plan. (2)" classname="spec_perl_TestEnumFancy_t" time="0.0569438934326172">
      <failure message="The test suite died before a plan was produced. You need to have a plan." type="Plan">No plan</failure>
    </testcase>
  </testsuite>
  <testsuite name="spec_perl_TestSwitchIntegers2_t" errors="1" failures="0" skipped="0" tests="0" time="0.0562479496002197">
    <system-out></system-out>
    <testcase name="Test died too soon, even before plan. (3)" classname="spec_perl_TestSwitchIntegers2_t" time="0.0562479496002197">
      <failure message="The test suite died before a plan was produced. You need to have a plan." type="Plan">No plan</failure>
    </testcase>
  </testsuite>
  <testsuite name="spec_perl_TestPositionToEnd_t" errors="1" failures="0" skipped="0" tests="0" time="0.0633261203765869">
    <system-out></system-out>
    <testcase name="Test died too soon, even before plan. (4)" classname="spec_perl_TestPositionToEnd_t" time="0.0633261203765869">
      <failure message="The test suite died before a plan was produced. You need to have a plan." type="Plan">No plan</failure>
    </testcase>
  </testsuite>
  <testsuite name="spec_perl_TestStrPadTerm_t" errors="1" failures="0" skipped="0" tests="0" time="0.0570988655090332">
    <system-out></system-out>
    <testcase name="Test died too soon, even before plan. (5)" classname="spec_perl_TestStrPadTerm_t" time="0.0570988655090332">
      <failure message="The test suite died before a plan was produced. You need to have a plan." type="Plan">No plan</failure>
    </testcase>
  </testsuite>
  <testsuite name="spec_perl_TestSwitchManualInt_t" errors="1" failures="0" skipped="0" tests="0" time="0.0562469959259033">
    <system-out></system-out>
    <testcase name="Test died too soon, even before plan. (6)" classname="spec_perl_TestSwitchManualInt_t" time="0.0562469959259033">
      <failure message="The test suite died before a plan was produced. You need to have a plan." type="Plan">No plan</failure>
    </testcase>
  </testsuite>
  <testsuite name="spec_perl_TestSwitchManualIntElse_t" errors="1" failures="0" skipped="0" tests="0" time="0.0568239688873291">
    <system-out></system-out>
    <testcase name="Test died too soon, even before plan. (7)" classname="spec_perl_TestSwitchManualIntElse_t" time="0.0568239688873291">
      <failure message="The test suite died before a plan was produced. You need to have a plan." type="Plan">No plan</failure>
    </testcase>
  </testsuite>
  <testsuite name="spec_perl_TestEnum1_t" errors="1" failures="0" skipped="0" tests="0" time="0.0528268814086914">
    <system-out></system-out>
    <testcase name="Test died too soon, even before plan. (8)" classname="spec_perl_TestEnum1_t" time="0.0528268814086914">
      <failure message="The test suite died before a plan was produced. You need to have a plan." type="Plan">No plan</failure>
    </testcase>
  </testsuite>
  <testsuite name="spec_perl_TestNavParent2_t" errors="1" failures="0" skipped="0" tests="0" time="0.0577709674835205">
    <system-out></system-out>
    <testcase name="Test died too soon, even before plan. (9)" classname="spec_perl_TestNavParent2_t" time="0.0577709674835205">
      <failure message="The test suite died before a plan was produced. You need to have a plan." type="Plan">No plan</failure>
    </testcase>
  </testsuite>
  <testsuite name="spec_perl_TestImports0_t" errors="1" failures="0" skipped="0" tests="0" time="0.0563890933990479">
    <system-out></system-out>
    <testcase name="Test died too soon, even before plan. (10)" classname="spec_perl_TestImports0_t" time="0.0563890933990479">
      <failure message="The test suite died before a plan was produced. You need to have a plan." type="Plan">No plan</failure>
    </testcase>
  </testsuite>
  <testsuite name="spec_perl_TestBcdUserTypeLe_t" errors="1" failures="0" skipped="0" tests="0" time="0.0544850826263428">
    <system-out></system-out>
    <testcase name="Test died too soon, even before plan. (11)" classname="spec_perl_TestBcdUserTypeLe_t" time="0.0544850826263428">
      <failure message="The test suite died before a plan was produced. You need to have a plan." type="Plan">No plan</failure>
    </testcase>
  </testsuite>
  <testsuite name="spec_perl_TestIntegers_t" errors="1" failures="0" skipped="0" tests="0" time="0.0625801086425781">
    <system-out></system-out>
    <testcase name="Test died too soon, even before plan. (12)" classname="spec_perl_TestIntegers_t" time="0.0625801086425781">
      <failure message="The test suite died before a plan was produced. You need to have a plan." type="Plan">No plan</failure>
    </testcase>
  </testsuite>
  <testsuite name="spec_perl_TestEnumForUnknownId_t" errors="1" failures="0" skipped="0" tests="0" time="0.0561158657073975">
    <system-out></system-out>
    <testcase name="Test died too soon, even before plan. (13)" classname="spec_perl_TestEnumForUnknownId_t" time="0.0561158657073975">
      <failure message="The test suite died before a plan was produced. You need to have a plan." type="Plan">No plan</failure>
    </testcase>
  </testsuite>
  <testsuite name="spec_perl_TestProcessToUser_t" errors="1" failures="0" skipped="0" tests="0" time="0.0522680282592773">
    <system-out></system-out>
    <testcase name="Test died too soon, even before plan. (14)" classname="spec_perl_TestProcessToUser_t" time="0.0522680282592773">
      <failure message="The test suite died before a plan was produced. You need to have a plan." type="Plan">No plan</failure>
    </testcase>
  </testsuite>
  <testsuite name="spec_perl_TestSwitchManualStrElse_t" errors="1" failures="0" skipped="0" tests="0" time="0.0584089756011963">
    <system-out></system-out>
    <testcase name="Test died too soon, even before plan. (15)" classname="spec_perl_TestSwitchManualStrElse_t" time="0.0584089756011963">
      <failure message="The test suite died before a plan was produced. You need to have a plan." type="Plan">No plan</failure>
    </testcase>
  </testsuite>
  <testsuite name="spec_perl_TestExpr0_t" errors="1" failures="0" skipped="0" tests="0" time="0.0560469627380371">
    <system-out></system-out>
    <testcase name="Test died too soon, even before plan. (16)" classname="spec_perl_TestExpr0_t" time="0.0560469627380371">
      <failure message="The test suite died before a plan was produced. You need to have a plan." type="Plan">No plan</failure>
    </testcase>
  </testsuite>
  <testsuite name="spec_perl_TestMetaXref_t" errors="1" failures="0" skipped="0" tests="0" time="0.0545799732208252">
    <system-out></system-out>
    <testcase name="Test died too soon, even before plan. (17)" classname="spec_perl_TestMetaXref_t" time="0.0545799732208252">
      <failure message="The test suite died before a plan was produced. You need to have a plan." type="Plan">No plan</failure>
    </testcase>
  </testsuite>
  <testsuite name="spec_perl_TestSwitchManualIntSizeEos_t" errors="1" failures="0" skipped="0" tests="0" time="0.05548095703125">
    <system-out></system-out>
    <testcase name="Test died too soon, even before plan. (18)" classname="spec_perl_TestSwitchManualIntSizeEos_t" time="0.05548095703125">
      <failure message="The test suite died before a plan was produced. You need to have a plan." type="Plan">No plan</failure>
    </testcase>
  </testsuite>
  <testsuite name="spec_perl_TestSwitchManualStr_t" errors="1" failures="0" skipped="0" tests="0" time="0.0559120178222656">
    <system-out></system-out>
    <testcase name="Test died too soon, even before plan. (19)" classname="spec_perl_TestSwitchManualStr_t" time="0.0559120178222656">
      <failure message="The test suite died before a plan was produced. You need to have a plan." type="Plan">No plan</failure>
    </testcase>
  </testsuite>
  <testsuite name="spec_perl_TestExprBytesCmp_t" errors="1" failures="0" skipped="0" tests="0" time="0.0541720390319824">
    <system-out></system-out>
    <testcase name="Test died too soon, even before plan. (20)" classname="spec_perl_TestExprBytesCmp_t" time="0.0541720390319824">
      <failure message="The test suite died before a plan was produced. You need to have a plan." type="Plan">No plan</failure>
    </testcase>
  </testsuite>
  <testsuite name="spec_perl_TestNavParentSwitch_t" errors="1" failures="0" skipped="0" tests="0" time="0.055717945098877">
    <system-out></system-out>
    <testcase name="Test died too soon, even before plan. (21)" classname="spec_perl_TestNavParentSwitch_t" time="0.055717945098877">
      <failure message="The test suite died before a plan was produced. You need to have a plan." type="Plan">No plan</failure>
    </testcase>
  </testsuite>
  <testsuite name="spec_perl_TestRecursiveOne_t" errors="1" failures="0" skipped="0" tests="0" time="0.0565941333770752">
    <system-out></system-out>
    <testcase name="Test died too soon, even before plan. (22)" classname="spec_perl_TestRecursiveOne_t" time="0.0565941333770752">
      <failure message="The test suite died before a plan was produced. You need to have a plan." type="Plan">No plan</failure>
    </testcase>
  </testsuite>
  <testsuite name="spec_perl_TestSwitchBytearray_t" errors="1" failures="0" skipped="0" tests="0" time="0.0563931465148926">
    <system-out></system-out>
    <testcase name="Test died too soon, even before plan. (23)" classname="spec_perl_TestSwitchBytearray_t" time="0.0563931465148926">
      <failure message="The test suite died before a plan was produced. You need to have a plan." type="Plan">No plan</failure>
    </testcase>
  </testsuite>
  <testsuite name="spec_perl_TestOpaqueExternalType02Parent_t" errors="1" failures="0" skipped="0" tests="0" time="0.0561220645904541">
    <system-out></system-out>
    <testcase name="Test died too soon, even before plan. (24)" classname="spec_perl_TestOpaqueExternalType02Parent_t" time="0.0561220645904541">
      <failure message="The test suite died before a plan was produced. You need to have a plan." type="Plan">No plan</failure>
    </testcase>
  </testsuite>
  <testsuite name="spec_perl_TestJsSignedRightShift_t" errors="1" failures="0" skipped="0" tests="0" time="0.0579531192779541">
    <system-out></system-out>
    <testcase name="Test died too soon, even before plan. (25)" classname="spec_perl_TestJsSignedRightShift_t" time="0.0579531192779541">
      <failure message="The test suite died before a plan was produced. You need to have a plan." type="Plan">No plan</failure>
    </testcase>
  </testsuite>
  <testsuite name="spec_perl_TestCastToTop_t" errors="1" failures="0" skipped="0" tests="0" time="0.0566380023956299">
    <system-out></system-out>
    <testcase name="Test died too soon, even before plan. (26)" classname="spec_perl_TestCastToTop_t" time="0.0566380023956299">
      <failure message="The test suite died before a plan was produced. You need to have a plan." type="Plan">No plan</failure>
    </testcase>
  </testsuite>
  <testsuite name="spec_perl_TestTermBytes_t" errors="1" failures="0" skipped="0" tests="0" time="0.0539190769195557">
    <system-out></system-out>
    <testcase name="Test died too soon, even before plan. (27)" classname="spec_perl_TestTermBytes_t" time="0.0539190769195557">
      <failure message="The test suite died before a plan was produced. You need to have a plan." type="Plan">No plan</failure>
    </testcase>
  </testsuite>
  <testsuite name="spec_perl_TestInstanceUserArray_t" errors="1" failures="0" skipped="0" tests="0" time="0.0533111095428467">
    <system-out></system-out>
    <testcase name="Test died too soon, even before plan. (28)" classname="spec_perl_TestInstanceUserArray_t" time="0.0533111095428467">
      <failure message="The test suite died before a plan was produced. You need to have a plan." type="Plan">No plan</failure>
    </testcase>
  </testsuite>
  <testsuite name="spec_perl_TestRepeatNStrz_t" errors="1" failures="0" skipped="0" tests="0" time="0.0582301616668701">
    <system-out></system-out>
    <testcase name="Test died too soon, even before plan. (29)" classname="spec_perl_TestRepeatNStrz_t" time="0.0582301616668701">
      <failure message="The test suite died before a plan was produced. You need to have a plan." type="Plan">No plan</failure>
    </testcase>
  </testsuite>
  <testsuite name="spec_perl_TestIfStruct_t" errors="1" failures="0" skipped="0" tests="0" time="0.0550110340118408">
    <system-out></system-out>
    <testcase name="Test died too soon, even before plan. (30)" classname="spec_perl_TestIfStruct_t" time="0.0550110340118408">
      <failure message="The test suite died before a plan was produced. You need to have a plan." type="Plan">No plan</failure>
    </testcase>
  </testsuite>
  <testsuite name="spec_perl_TestDefaultEndianMod_t" errors="1" failures="0" skipped="0" tests="0" time="0.0547111034393311">
    <system-out></system-out>
    <testcase name="Test died too soon, even before plan. (31)" classname="spec_perl_TestDefaultEndianMod_t" time="0.0547111034393311">
      <failure message="The test suite died before a plan was produced. You need to have a plan." type="Plan">No plan</failure>
    </testcase>
  </testsuite>
  <testsuite name="spec_perl_TestBcdUserTypeBe_t" errors="1" failures="0" skipped="0" tests="0" time="0.0539190769195557">
    <system-out></system-out>
    <testcase name="Test died too soon, even before plan. (32)" classname="spec_perl_TestBcdUserTypeBe_t" time="0.0539190769195557">
      <failure message="The test suite died before a plan was produced. You need to have a plan." type="Plan">No plan</failure>
    </testcase>
  </testsuite>
  <testsuite name="spec_perl_TestRepeatUntilComplex_t" errors="1" failures="0" skipped="0" tests="0" time="0.0561819076538086">
    <system-out></system-out>
    <testcase name="Test died too soon, even before plan. (33)" classname="spec_perl_TestRepeatUntilComplex_t" time="0.0561819076538086">
      <failure message="The test suite died before a plan was produced. You need to have a plan." type="Plan">No plan</failure>
    </testcase>
  </testsuite>
  <testsuite name="spec_perl_TestParamsPassUsertype_t" errors="1" failures="0" skipped="0" tests="0" time="0.0541460514068604">
    <system-out></system-out>
    <testcase name="Test died too soon, even before plan. (34)" classname="spec_perl_TestParamsPassUsertype_t" time="0.0541460514068604">
      <failure message="The test suite died before a plan was produced. You need to have a plan." type="Plan">No plan</failure>
    </testcase>
  </testsuite>
  <testsuite name="spec_perl_TestIfInstances_t" errors="1" failures="0" skipped="0" tests="0" time="0.0543279647827148">
    <system-out></system-out>
    <testcase name="Test died too soon, even before plan. (35)" classname="spec_perl_TestIfInstances_t" time="0.0543279647827148">
      <failure message="The test suite died before a plan was produced. You need to have a plan." type="Plan">No plan</failure>
    </testcase>
  </testsuite>
  <testsuite name="spec_perl_TestSwitchManualEnum_t" errors="1" failures="0" skipped="0" tests="0" time="0.0588610172271729">
    <system-out></system-out>
    <testcase name="Test died too soon, even before plan. (36)" classname="spec_perl_TestSwitchManualEnum_t" time="0.0588610172271729">
      <failure message="The test suite died before a plan was produced. You need to have a plan." type="Plan">No plan</failure>
    </testcase>
  </testsuite>
  <testsuite name="spec_perl_TestNestedTypes_t" errors="1" failures="0" skipped="0" tests="0" time="0.0576639175415039">
    <system-out></system-out>
    <testcase name="Test died too soon, even before plan. (37)" classname="spec_perl_TestNestedTypes_t" time="0.0576639175415039">
      <failure message="The test suite died before a plan was produced. You need to have a plan." type="Plan">No plan</failure>
    </testcase>
  </testsuite>
  <testsuite name="spec_perl_TestNestedSameName2_t" errors="1" failures="0" skipped="0" tests="0" time="0.056056022644043">
    <system-out></system-out>
    <testcase name="Test died too soon, even before plan. (38)" classname="spec_perl_TestNestedSameName2_t" time="0.056056022644043">
      <failure message="The test suite died before a plan was produced. You need to have a plan." type="Plan">No plan</failure>
    </testcase>
  </testsuite>
  <testsuite name="spec_perl_TestEnumDeep_t" errors="1" failures="0" skipped="0" tests="0" time="0.0597870349884033">
    <system-out></system-out>
    <testcase name="Test died too soon, even before plan. (39)" classname="spec_perl_TestEnumDeep_t" time="0.0597870349884033">
      <failure message="The test suite died before a plan was produced. You need to have a plan." type="Plan">No plan</failure>
    </testcase>
  </testsuite>
  <testsuite name="spec_perl_TestCastNested_t" errors="1" failures="0" skipped="0" tests="0" time="0.0563650131225586">
    <system-out></system-out>
    <testcase name="Test died too soon, even before plan. (40)" classname="spec_perl_TestCastNested_t" time="0.0563650131225586">
      <failure message="The test suite died before a plan was produced. You need to have a plan." type="Plan">No plan</failure>
    </testcase>
  </testsuite>
  <testsuite name="spec_perl_TestProcessCoerceUsertype2_t" errors="1" failures="0" skipped="0" tests="0" time="0.058574914932251">
    <system-out></system-out>
    <testcase name="Test died too soon, even before plan. (41)" classname="spec_perl_TestProcessCoerceUsertype2_t" time="0.058574914932251">
      <failure message="The test suite died before a plan was produced. You need to have a plan." type="Plan">No plan</failure>
    </testcase>
  </testsuite>
  <testsuite name="spec_perl_TestDocstrings_t" errors="1" failures="0" skipped="0" tests="0" time="0.0579991340637207">
    <system-out></system-out>
    <testcase name="Test died too soon, even before plan. (42)" classname="spec_perl_TestDocstrings_t" time="0.0579991340637207">
      <failure message="The test suite died before a plan was produced. You need to have a plan." type="Plan">No plan</failure>
    </testcase>
  </testsuite>
  <testsuite name="spec_perl_TestRepeatNStrzDouble_t" errors="1" failures="0" skipped="0" tests="0" time="0.0584080219268799">
    <system-out></system-out>
    <testcase name="Test died too soon, even before plan. (43)" classname="spec_perl_TestRepeatNStrzDouble_t" time="0.0584080219268799">
      <failure message="The test suite died before a plan was produced. You need to have a plan." type="Plan">No plan</failure>
    </testcase>
  </testsuite>
  <testsuite name="spec_perl_TestRepeatEosU4_t" errors="1" failures="0" skipped="0" tests="0" time="0.0489258766174316">
    <system-out></system-out>
    <testcase name="Test died too soon, even before plan. (44)" classname="spec_perl_TestRepeatEosU4_t" time="0.0489258766174316">
      <failure message="The test suite died before a plan was produced. You need to have a plan." type="Plan">No plan</failure>
    </testcase>
  </testsuite>
  <testsuite name="spec_perl_TestBufferedStruct_t" errors="1" failures="0" skipped="0" tests="0" time="0.0563328266143799">
    <system-out></system-out>
    <testcase name="Test died too soon, even before plan. (45)" classname="spec_perl_TestBufferedStruct_t" time="0.0563328266143799">
      <failure message="The test suite died before a plan was produced. You need to have a plan." type="Plan">No plan</failure>
    </testcase>
  </testsuite>
  <testsuite name="spec_perl_TestProcessCoerceUsertype1_t" errors="1" failures="0" skipped="0" tests="0" time="0.0567209720611572">
    <system-out></system-out>
    <testcase name="Test died too soon, even before plan. (46)" classname="spec_perl_TestProcessCoerceUsertype1_t" time="0.0567209720611572">
      <failure message="The test suite died before a plan was produced. You need to have a plan." type="Plan">No plan</failure>
    </testcase>
  </testsuite>
  <testsuite name="spec_perl_TestFixedStruct_t" errors="1" failures="0" skipped="0" tests="0" time="0.0532779693603516">
    <system-out></system-out>
    <testcase name="Test died too soon, even before plan. (47)" classname="spec_perl_TestFixedStruct_t" time="0.0532779693603516">
      <failure message="The test suite died before a plan was produced. You need to have a plan." type="Plan">No plan</failure>
    </testcase>
  </testsuite>
  <testsuite name="spec_perl_TestRepeatNStruct_t" errors="1" failures="0" skipped="0" tests="0" time="0.0576879978179932">
    <system-out></system-out>
    <testcase name="Test died too soon, even before plan. (48)" classname="spec_perl_TestRepeatNStruct_t" time="0.0576879978179932">
      <failure message="The test suite died before a plan was produced. You need to have a plan." type="Plan">No plan</failure>
    </testcase>
  </testsuite>
  <testsuite name="spec_perl_TestImportsCircularA_t" errors="1" failures="0" skipped="0" tests="0" time="0.0574851036071777">
    <system-out></system-out>
    <testcase name="Test died too soon, even before plan. (49)" classname="spec_perl_TestImportsCircularA_t" time="0.0574851036071777">
      <failure message="The test suite died before a plan was produced. You need to have a plan." type="Plan">No plan</failure>
    </testcase>
  </testsuite>
  <testsuite name="spec_perl_TestEnumNegative_t" errors="1" failures="0" skipped="0" tests="0" time="0.0550918579101562">
    <system-out></system-out>
    <testcase name="Test died too soon, even before plan. (50)" classname="spec_perl_TestEnumNegative_t" time="0.0550918579101562">
      <failure message="The test suite died before a plan was produced. You need to have a plan." type="Plan">No plan</failure>
    </testcase>
  </testsuite>
  <testsuite name="spec_perl_TestExpr2_t" errors="1" failures="0" skipped="0" tests="0" time="0.056441068649292">
    <system-out></system-out>
    <testcase name="Test died too soon, even before plan. (51)" classname="spec_perl_TestExpr2_t" time="0.056441068649292">
      <failure message="The test suite died before a plan was produced. You need to have a plan." type="Plan">No plan</failure>
    </testcase>
  </testsuite>
  <testsuite name="spec_perl_TestIndexToParamUntil_t" errors="1" failures="0" skipped="0" tests="0" time="0.05564284324646">
    <system-out></system-out>
    <testcase name="Test died too soon, even before plan. (52)" classname="spec_perl_TestIndexToParamUntil_t" time="0.05564284324646">
      <failure message="The test suite died before a plan was produced. You need to have a plan." type="Plan">No plan</failure>
    </testcase>
  </testsuite>
  <testsuite name="spec_perl_TestSwitchIntegers_t" errors="1" failures="0" skipped="0" tests="0" time="0.0557100772857666">
    <system-out></system-out>
    <testcase name="Test died too soon, even before plan. (53)" classname="spec_perl_TestSwitchIntegers_t" time="0.0557100772857666">
      <failure message="The test suite died before a plan was produced. You need to have a plan." type="Plan">No plan</failure>
    </testcase>
  </testsuite>
  <testsuite name="spec_perl_TestSwitchRepeatExpr_t" errors="1" failures="0" skipped="0" tests="0" time="0.057548999786377">
    <system-out></system-out>
    <testcase name="Test died too soon, even before plan. (54)" classname="spec_perl_TestSwitchRepeatExpr_t" time="0.057548999786377">
      <failure message="The test suite died before a plan was produced. You need to have a plan." type="Plan">No plan</failure>
    </testcase>
  </testsuite>
  <testsuite name="spec_perl_TestStrLiterals2_t" errors="1" failures="0" skipped="0" tests="0" time="0.06492018699646">
    <system-out></system-out>
    <testcase name="Test died too soon, even before plan. (55)" classname="spec_perl_TestStrLiterals2_t" time="0.06492018699646">
      <failure message="The test suite died before a plan was produced. You need to have a plan." type="Plan">No plan</failure>
    </testcase>
  </testsuite>
  <testsuite name="spec_perl_TestDebug0_t" errors="1" failures="0" skipped="0" tests="0" time="0.0544619560241699">
    <system-out></system-out>
    <testcase name="Test died too soon, even before plan. (56)" classname="spec_perl_TestDebug0_t" time="0.0544619560241699">
      <failure message="The test suite died before a plan was produced. You need to have a plan." type="Plan">No plan</failure>
    </testcase>
  </testsuite>
  <testsuite name="spec_perl_TestNestedSameName_t" errors="1" failures="0" skipped="0" tests="0" time="0.0539779663085938">
    <system-out></system-out>
    <testcase name="Test died too soon, even before plan. (57)" classname="spec_perl_TestNestedSameName_t" time="0.0539779663085938">
      <failure message="The test suite died before a plan was produced. You need to have a plan." type="Plan">No plan</failure>
    </testcase>
  </testsuite>
  <testsuite name="spec_perl_TestEofExceptionBytes_t" errors="1" failures="0" skipped="0" tests="0" time="0.0537269115447998">
    <system-out></system-out>
    <testcase name="Test died too soon, even before plan. (58)" classname="spec_perl_TestEofExceptionBytes_t" time="0.0537269115447998">
      <failure message="The test suite died before a plan was produced. You need to have a plan." type="Plan">No plan</failure>
    </testcase>
  </testsuite>
  <testsuite name="spec_perl_TestRepeatEosStruct_t" errors="1" failures="0" skipped="0" tests="0" time="0.0540540218353271">
    <system-out></system-out>
    <testcase name="Test died too soon, even before plan. (59)" classname="spec_perl_TestRepeatEosStruct_t" time="0.0540540218353271">
      <failure message="The test suite died before a plan was produced. You need to have a plan." type="Plan">No plan</failure>
    </testcase>
  </testsuite>
  <testsuite name="spec_perl_TestNavParentFalse2_t" errors="1" failures="0" skipped="0" tests="0" time="0.052908182144165">
    <system-out></system-out>
    <testcase name="Test died too soon, even before plan. (60)" classname="spec_perl_TestNavParentFalse2_t" time="0.052908182144165">
      <failure message="The test suite died before a plan was produced. You need to have a plan." type="Plan">No plan</failure>
    </testcase>
  </testsuite>
  <testsuite name="spec_perl_TestEnumDeepLiterals_t" errors="1" failures="0" skipped="0" tests="0" time="0.0575399398803711">
    <system-out></system-out>
    <testcase name="Test died too soon, even before plan. (61)" classname="spec_perl_TestEnumDeepLiterals_t" time="0.0575399398803711">
      <failure message="The test suite died before a plan was produced. You need to have a plan." type="Plan">No plan</failure>
    </testcase>
  </testsuite>
  <testsuite name="spec_perl_TestProcessXorValue_t" errors="1" failures="0" skipped="0" tests="0" time="0.0560100078582764">
    <system-out></system-out>
    <testcase name="Test died too soon, even before plan. (62)" classname="spec_perl_TestProcessXorValue_t" time="0.0560100078582764">
      <failure message="The test suite died before a plan was produced. You need to have a plan." type="Plan">No plan</failure>
    </testcase>
  </testsuite>
  <testsuite name="spec_perl_TestEnumOfValueInst_t" errors="1" failures="0" skipped="0" tests="0" time="0.055232048034668">
    <system-out></system-out>
    <testcase name="Test died too soon, even before plan. (63)" classname="spec_perl_TestEnumOfValueInst_t" time="0.055232048034668">
      <failure message="The test suite died before a plan was produced. You need to have a plan." type="Plan">No plan</failure>
    </testcase>
  </testsuite>
  <testsuite name="spec_perl_TestTypeIntUnaryOp_t" errors="1" failures="0" skipped="0" tests="0" time="0.0537910461425781">
    <system-out></system-out>
    <testcase name="Test died too soon, even before plan. (64)" classname="spec_perl_TestTypeIntUnaryOp_t" time="0.0537910461425781">
      <failure message="The test suite died before a plan was produced. You need to have a plan." type="Plan">No plan</failure>
    </testcase>
  </testsuite>
  <testsuite name="spec_perl_TestNavRoot_t" errors="1" failures="0" skipped="0" tests="0" time="0.0538017749786377">
    <system-out></system-out>
    <testcase name="Test died too soon, even before plan. (65)" classname="spec_perl_TestNavRoot_t" time="0.0538017749786377">
      <failure message="The test suite died before a plan was produced. You need to have a plan." type="Plan">No plan</failure>
    </testcase>
  </testsuite>
  <testsuite name="spec_perl_TestTermStrz_t" errors="1" failures="0" skipped="0" tests="0" time="0.0559349060058594">
    <system-out></system-out>
    <testcase name="Test died too soon, even before plan. (66)" classname="spec_perl_TestTermStrz_t" time="0.0559349060058594">
      <failure message="The test suite died before a plan was produced. You need to have a plan." type="Plan">No plan</failure>
    </testcase>
  </testsuite>
  <testsuite name="spec_perl_TestRepeatEosBit_t" errors="1" failures="0" skipped="0" tests="0" time="0.0539839267730713">
    <system-out></system-out>
    <testcase name="Test died too soon, even before plan. (67)" classname="spec_perl_TestRepeatEosBit_t" time="0.0539839267730713">
      <failure message="The test suite died before a plan was produced. You need to have a plan." type="Plan">No plan</failure>
    </testcase>
  </testsuite>
  <testsuite name="spec_perl_TestFloatingPoints_t" errors="1" failures="0" skipped="0" tests="0" time="0.062920093536377">
    <system-out></system-out>
    <testcase name="Test died too soon, even before plan. (68)" classname="spec_perl_TestFloatingPoints_t" time="0.062920093536377">
      <failure message="The test suite died before a plan was produced. You need to have a plan." type="Plan">No plan</failure>
    </testcase>
  </testsuite>
  <testsuite name="spec_perl_TestNonStandard_t" errors="1" failures="0" skipped="0" tests="0" time="0.0538861751556396">
    <system-out></system-out>
    <testcase name="Test died too soon, even before plan. (69)" classname="spec_perl_TestNonStandard_t" time="0.0538861751556396">
      <failure message="The test suite died before a plan was produced. You need to have a plan." type="Plan">No plan</failure>
    </testcase>
  </testsuite>
  <testsuite name="spec_perl_TestExpr3_t" errors="1" failures="0" skipped="0" tests="0" time="0.0552840232849121">
    <system-out></system-out>
    <testcase name="Test died too soon, even before plan. (70)" classname="spec_perl_TestExpr3_t" time="0.0552840232849121">
      <failure message="The test suite died before a plan was produced. You need to have a plan." type="Plan">No plan</failure>
    </testcase>
  </testsuite>
  <testsuite name="spec_perl_TestInstanceStd_t" errors="1" failures="0" skipped="0" tests="0" time="0.0603442192077637">
    <system-out></system-out>
    <testcase name="Test died too soon, even before plan. (71)" classname="spec_perl_TestInstanceStd_t" time="0.0603442192077637">
      <failure message="The test suite died before a plan was produced. You need to have a plan." type="Plan">No plan</failure>
    </testcase>
  </testsuite>
  <testsuite name="spec_perl_TestProcessCoerceSwitch_t" errors="1" failures="0" skipped="0" tests="0" time="0.0567970275878906">
    <system-out></system-out>
    <testcase name="Test died too soon, even before plan. (72)" classname="spec_perl_TestProcessCoerceSwitch_t" time="0.0567970275878906">
      <failure message="The test suite died before a plan was produced. You need to have a plan." type="Plan">No plan</failure>
    </testcase>
  </testsuite>
  <testsuite name="spec_perl_TestDefaultEndianExprInherited_t" errors="1" failures="0" skipped="0" tests="0" time="0.0531389713287354">
    <system-out></system-out>
    <testcase name="Test died too soon, even before plan. (73)" classname="spec_perl_TestDefaultEndianExprInherited_t" time="0.0531389713287354">
      <failure message="The test suite died before a plan was produced. You need to have a plan." type="Plan">No plan</failure>
    </testcase>
  </testsuite>
  <testsuite name="spec_perl_TestUserType_t" errors="1" failures="0" skipped="0" tests="0" time="0.0568170547485352">
    <system-out></system-out>
    <testcase name="Test died too soon, even before plan. (74)" classname="spec_perl_TestUserType_t" time="0.0568170547485352">
      <failure message="The test suite died before a plan was produced. You need to have a plan." type="Plan">No plan</failure>
    </testcase>
  </testsuite>
  <testsuite name="spec_perl_TestIfValues_t" errors="1" failures="0" skipped="0" tests="0" time="0.0586130619049072">
    <system-out></system-out>
    <testcase name="Test died too soon, even before plan. (75)" classname="spec_perl_TestIfValues_t" time="0.0586130619049072">
      <failure message="The test suite died before a plan was produced. You need to have a plan." type="Plan">No plan</failure>
    </testcase>
  </testsuite>
  <testsuite name="spec_perl_TestParamsEnum_t" errors="1" failures="0" skipped="0" tests="0" time="0.0565850734710693">
    <system-out></system-out>
    <testcase name="Test died too soon, even before plan. (76)" classname="spec_perl_TestParamsEnum_t" time="0.0565850734710693">
      <failure message="The test suite died before a plan was produced. You need to have a plan." type="Plan">No plan</failure>
    </testcase>
  </testsuite>
  <testsuite name="spec_perl_TestExprIoPos_t" errors="1" failures="0" skipped="0" tests="0" time="0.0577681064605713">
    <system-out></system-out>
    <testcase name="Test died too soon, even before plan. (77)" classname="spec_perl_TestExprIoPos_t" time="0.0577681064605713">
      <failure message="The test suite died before a plan was produced. You need to have a plan." type="Plan">No plan</failure>
    </testcase>
  </testsuite>
  <testsuite name="spec_perl_TestEofExceptionU4_t" errors="1" failures="0" skipped="0" tests="0" time="0.060966968536377">
    <system-out></system-out>
    <testcase name="Test died too soon, even before plan. (78)" classname="spec_perl_TestEofExceptionU4_t" time="0.060966968536377">
      <failure message="The test suite died before a plan was produced. You need to have a plan." type="Plan">No plan</failure>
    </testcase>
  </testsuite>
  <testsuite name="spec_perl_TestNestedTypes2_t" errors="1" failures="0" skipped="0" tests="0" time="0.0541441440582275">
    <system-out></system-out>
    <testcase name="Test died too soon, even before plan. (79)" classname="spec_perl_TestNestedTypes2_t" time="0.0541441440582275">
      <failure message="The test suite died before a plan was produced. You need to have a plan." type="Plan">No plan</failure>
    </testcase>
  </testsuite>
  <testsuite name="spec_perl_TestIndexToParamEos_t" errors="1" failures="0" skipped="0" tests="0" time="0.0627849102020264">
    <system-out></system-out>
    <testcase name="Test died too soon, even before plan. (80)" classname="spec_perl_TestIndexToParamEos_t" time="0.0627849102020264">
      <failure message="The test suite died before a plan was produced. You need to have a plan." type="Plan">No plan</failure>
    </testcase>
  </testsuite>
  <testsuite name="spec_perl_TestExprMod_t" errors="1" failures="0" skipped="0" tests="0" time="0.0550980567932129">
    <system-out></system-out>
    <testcase name="Test died too soon, even before plan. (81)" classname="spec_perl_TestExprMod_t" time="0.0550980567932129">
      <failure message="The test suite died before a plan was produced. You need to have a plan." type="Plan">No plan</failure>
    </testcase>
  </testsuite>
  <testsuite name="spec_perl_TestProcessXorConst_t" errors="1" failures="0" skipped="0" tests="0" time="0.063101053237915">
    <system-out></system-out>
    <testcase name="Test died too soon, even before plan. (82)" classname="spec_perl_TestProcessXorConst_t" time="0.063101053237915">
      <failure message="The test suite died before a plan was produced. You need to have a plan." type="Plan">No plan</failure>
    </testcase>
  </testsuite>
  <testsuite name="spec_perl_TestTypeTernaryOpaque_t" errors="1" failures="0" skipped="0" tests="0" time="0.0559937953948975">
    <system-out></system-out>
    <testcase name="Test died too soon, even before plan. (83)" classname="spec_perl_TestTypeTernaryOpaque_t" time="0.0559937953948975">
      <failure message="The test suite died before a plan was produced. You need to have a plan." type="Plan">No plan</failure>
    </testcase>
  </testsuite>
  <testsuite name="spec_perl_TestProcessRotate_t" errors="1" failures="0" skipped="0" tests="0" time="0.0559768676757812">
    <system-out></system-out>
    <testcase name="Test died too soon, even before plan. (84)" classname="spec_perl_TestProcessRotate_t" time="0.0559768676757812">
      <failure message="The test suite died before a plan was produced. You need to have a plan." type="Plan">No plan</failure>
    </testcase>
  </testsuite>
  <testsuite name="spec_perl_TestSwitchMultiBoolOps_t" errors="1" failures="0" skipped="0" tests="0" time="0.0591020584106445">
    <system-out></system-out>
    <testcase name="Test died too soon, even before plan. (85)" classname="spec_perl_TestSwitchMultiBoolOps_t" time="0.0591020584106445">
      <failure message="The test suite died before a plan was produced. You need to have a plan." type="Plan">No plan</failure>
    </testcase>
  </testsuite>
  <testsuite name="spec_perl_TestNestedTypes3_t" errors="1" failures="0" skipped="0" tests="0" time="0.0550401210784912">
    <system-out></system-out>
    <testcase name="Test died too soon, even before plan. (86)" classname="spec_perl_TestNestedTypes3_t" time="0.0550401210784912">
      <failure message="The test suite died before a plan was produced. You need to have a plan." type="Plan">No plan</failure>
    </testcase>
  </testsuite>
  <testsuite name="spec_perl_TestInstanceStdArray_t" errors="1" failures="0" skipped="0" tests="0" time="0.059363842010498">
    <system-out></system-out>
    <testcase name="Test died too soon, even before plan. (87)" classname="spec_perl_TestInstanceStdArray_t" time="0.059363842010498">
      <failure message="The test suite died before a plan was produced. You need to have a plan." type="Plan">No plan</failure>
    </testcase>
  </testsuite>
  <testsuite name="spec_perl_TestExprIoEof_t" errors="1" failures="0" skipped="0" tests="0" time="0.0575528144836426">
    <system-out></system-out>
    <testcase name="Test died too soon, even before plan. (88)" classname="spec_perl_TestExprIoEof_t" time="0.0575528144836426">
      <failure message="The test suite died before a plan was produced. You need to have a plan." type="Plan">No plan</failure>
    </testcase>
  </testsuite>
  <testsuite name="spec_perl_TestDefaultEndianExprIsLe_t" errors="1" failures="0" skipped="0" tests="0" time="0.0521671772003174">
    <system-out></system-out>
    <testcase name="Test died too soon, even before plan. (89)" classname="spec_perl_TestDefaultEndianExprIsLe_t" time="0.0521671772003174">
      <failure message="The test suite died before a plan was produced. You need to have a plan." type="Plan">No plan</failure>
    </testcase>
  </testsuite>
  <testsuite name="spec_perl_TestNavParentVsValueInst_t" errors="1" failures="0" skipped="0" tests="0" time="0.0599570274353027">
    <system-out></system-out>
    <testcase name="Test died too soon, even before plan. (90)" classname="spec_perl_TestNavParentVsValueInst_t" time="0.0599570274353027">
      <failure message="The test suite died before a plan was produced. You need to have a plan." type="Plan">No plan</failure>
    </testcase>
  </testsuite>
  <testsuite name="spec_perl_TestDocstringsDocref_t" errors="1" failures="0" skipped="0" tests="0" time="0.0530819892883301">
    <system-out></system-out>
    <testcase name="Test died too soon, even before plan. (91)" classname="spec_perl_TestDocstringsDocref_t" time="0.0530819892883301">
      <failure message="The test suite died before a plan was produced. You need to have a plan." type="Plan">No plan</failure>
    </testcase>
  </testsuite>
  <testsuite name="spec_perl_TestEnum0_t" errors="1" failures="0" skipped="0" tests="0" time="0.0543258190155029">
    <system-out></system-out>
    <testcase name="Test died too soon, even before plan. (92)" classname="spec_perl_TestEnum0_t" time="0.0543258190155029">
      <failure message="The test suite died before a plan was produced. You need to have a plan." type="Plan">No plan</failure>
    </testcase>
  </testsuite>
  <testsuite name="spec_perl_TestMetaTags_t" errors="1" failures="0" skipped="0" tests="0" time="0.0560450553894043">
    <system-out></system-out>
    <testcase name="Test died too soon, even before plan. (93)" classname="spec_perl_TestMetaTags_t" time="0.0560450553894043">
      <failure message="The test suite died before a plan was produced. You need to have a plan." type="Plan">No plan</failure>
    </testcase>
  </testsuite>
  <testsuite name="spec_perl_TestDefaultEndianExprException_t" errors="1" failures="0" skipped="0" tests="0" time="0.0539369583129883">
    <system-out></system-out>
    <testcase name="Test died too soon, even before plan. (94)" classname="spec_perl_TestDefaultEndianExprException_t" time="0.0539369583129883">
      <failure message="The test suite died before a plan was produced. You need to have a plan." type="Plan">No plan</failure>
    </testcase>
  </testsuite>
  <testsuite name="spec_perl_TestFixedContents_t" errors="1" failures="0" skipped="0" tests="0" time="0.0570149421691895">
    <system-out></system-out>
    <testcase name="Test died too soon, even before plan. (95)" classname="spec_perl_TestFixedContents_t" time="0.0570149421691895">
      <failure message="The test suite died before a plan was produced. You need to have a plan." type="Plan">No plan</failure>
    </testcase>
  </testsuite>
  <testsuite name="spec_perl_TestNavParentOverride_t" errors="1" failures="0" skipped="0" tests="0" time="0.0589549541473389">
    <system-out></system-out>
    <testcase name="Test died too soon, even before plan. (96)" classname="spec_perl_TestNavParentOverride_t" time="0.0589549541473389">
      <failure message="The test suite died before a plan was produced. You need to have a plan." type="Plan">No plan</failure>
    </testcase>
  </testsuite>
  <testsuite name="spec_perl_TestDocstringsDocrefMulti_t" errors="1" failures="0" skipped="0" tests="0" time="0.0558772087097168">
    <system-out></system-out>
    <testcase name="Test died too soon, even before plan. (97)" classname="spec_perl_TestDocstringsDocrefMulti_t" time="0.0558772087097168">
      <failure message="The test suite died before a plan was produced. You need to have a plan." type="Plan">No plan</failure>
    </testcase>
  </testsuite>
  <testsuite name="spec_perl_TestExprSizeofValueSized_t" errors="1" failures="0" skipped="0" tests="0" time="0.0594029426574707">
    <system-out></system-out>
    <testcase name="Test died too soon, even before plan. (98)" classname="spec_perl_TestExprSizeofValueSized_t" time="0.0594029426574707">
      <failure message="The test suite died before a plan was produced. You need to have a plan." type="Plan">No plan</failure>
    </testcase>
  </testsuite>
  <testsuite name="spec_perl_TestPositionInSeq_t" errors="1" failures="0" skipped="0" tests="0" time="0.0529561042785645">
    <system-out></system-out>
    <testcase name="Test died too soon, even before plan. (99)" classname="spec_perl_TestPositionInSeq_t" time="0.0529561042785645">
      <failure message="The test suite died before a plan was produced. You need to have a plan." type="Plan">No plan</failure>
    </testcase>
  </testsuite>
  <testsuite name="spec_perl_TestZlibWithHeader78_t" errors="1" failures="0" skipped="0" tests="0" time="0.0544908046722412">
    <system-out></system-out>
    <testcase name="Test died too soon, even before plan. (100)" classname="spec_perl_TestZlibWithHeader78_t" time="0.0544908046722412">
      <failure message="The test suite died before a plan was produced. You need to have a plan." type="Plan">No plan</failure>
    </testcase>
  </testsuite>
  <testsuite name="spec_perl_TestIndexToParamExpr_t" errors="1" failures="0" skipped="0" tests="0" time="0.0559279918670654">
    <system-out></system-out>
    <testcase name="Test died too soon, even before plan. (101)" classname="spec_perl_TestIndexToParamExpr_t" time="0.0559279918670654">
      <failure message="The test suite died before a plan was produced. You need to have a plan." type="Plan">No plan</failure>
    </testcase>
  </testsuite>
  <testsuite name="spec_perl_TestExprArray_t" errors="1" failures="0" skipped="0" tests="0" time="0.0548980236053467">
    <system-out></system-out>
    <testcase name="Test died too soon, even before plan. (102)" classname="spec_perl_TestExprArray_t" time="0.0548980236053467">
      <failure message="The test suite died before a plan was produced. You need to have a plan." type="Plan">No plan</failure>
    </testcase>
  </testsuite>
  <testsuite name="spec_perl_TestFloatToI_t" errors="1" failures="0" skipped="0" tests="0" time="0.0555920600891113">
    <system-out></system-out>
    <testcase name="Test died too soon, even before plan. (103)" classname="spec_perl_TestFloatToI_t" time="0.0555920600891113">
      <failure message="The test suite died before a plan was produced. You need to have a plan." type="Plan">No plan</failure>
    </testcase>
  </testsuite>
  <testsuite name="spec_perl_TestTypeTernary_t" errors="1" failures="0" skipped="0" tests="0" time="0.0544178485870361">
    <system-out></system-out>
    <testcase name="Test died too soon, even before plan. (104)" classname="spec_perl_TestTypeTernary_t" time="0.0544178485870361">
      <failure message="The test suite died before a plan was produced. You need to have a plan." type="Plan">No plan</failure>
    </testcase>
  </testsuite>
  <testsuite name="spec_perl_TestNavParent_t" errors="1" failures="0" skipped="0" tests="0" time="0.0546059608459473">
    <system-out></system-out>
    <testcase name="Test died too soon, even before plan. (105)" classname="spec_perl_TestNavParent_t" time="0.0546059608459473">
      <failure message="The test suite died before a plan was produced. You need to have a plan." type="Plan">No plan</failure>
    </testcase>
  </testsuite>
  <testsuite name="spec_perl_TestRepeatUntilSized_t" errors="1" failures="0" skipped="0" tests="0" time="0.054131031036377">
    <system-out></system-out>
    <testcase name="Test died too soon, even before plan. (106)" classname="spec_perl_TestRepeatUntilSized_t" time="0.054131031036377">
      <failure message="The test suite died before a plan was produced. You need to have a plan." type="Plan">No plan</failure>
    </testcase>
  </testsuite>
  <testsuite name="spec_perl_TestProcessCoerceBytes_t" errors="1" failures="0" skipped="0" tests="0" time="0.0571401119232178">
    <system-out></system-out>
    <testcase name="Test died too soon, even before plan. (107)" classname="spec_perl_TestProcessCoerceBytes_t" time="0.0571401119232178">
      <failure message="The test suite died before a plan was produced. You need to have a plan." type="Plan">No plan</failure>
    </testcase>
  </testsuite>
  <testsuite name="spec_perl_TestBytesPadTerm_t" errors="1" failures="0" skipped="0" tests="0" time="0.0575079917907715">
    <system-out></system-out>
    <testcase name="Test died too soon, even before plan. (108)" classname="spec_perl_TestBytesPadTerm_t" time="0.0575079917907715">
      <failure message="The test suite died before a plan was produced. You need to have a plan." type="Plan">No plan</failure>
    </testcase>
  </testsuite>
  <testsuite name="spec_perl_TestCastToImported_t" errors="1" failures="0" skipped="0" tests="0" time="0.0576260089874268">
    <system-out></system-out>
    <testcase name="Test died too soon, even before plan. (109)" classname="spec_perl_TestCastToImported_t" time="0.0576260089874268">
      <failure message="The test suite died before a plan was produced. You need to have a plan." type="Plan">No plan</failure>
    </testcase>
  </testsuite>
  <testsuite name="spec_perl_TestPositionAbs_t" errors="1" failures="0" skipped="0" tests="0" time="0.0548920631408691">
    <system-out></system-out>
    <testcase name="Test died too soon, even before plan. (110)" classname="spec_perl_TestPositionAbs_t" time="0.0548920631408691">
      <failure message="The test suite died before a plan was produced. You need to have a plan." type="Plan">No plan</failure>
    </testcase>
  </testsuite>
  <testsuite name="spec_perl_TestExprSizeofValue0_t" errors="1" failures="0" skipped="0" tests="0" time="0.056833028793335">
    <system-out></system-out>
    <testcase name="Test died too soon, even before plan. (111)" classname="spec_perl_TestExprSizeofValue0_t" time="0.056833028793335">
      <failure message="The test suite died before a plan was produced. You need to have a plan." type="Plan">No plan</failure>
    </testcase>
  </testsuite>
  <testsuite name="spec_perl_TestOpaqueExternalType_t" errors="1" failures="0" skipped="0" tests="0" time="0.0565540790557861">
    <system-out></system-out>
    <testcase name="Test died too soon, even before plan. (112)" classname="spec_perl_TestOpaqueExternalType_t" time="0.0565540790557861">
      <failure message="The test suite died before a plan was produced. You need to have a plan." type="Plan">No plan</failure>
    </testcase>
  </testsuite>
  <testsuite name="spec_perl_TestExprSizeofType0_t" errors="1" failures="0" skipped="0" tests="0" time="0.0601720809936523">
    <system-out></system-out>
    <testcase name="Test died too soon, even before plan. (113)" classname="spec_perl_TestExprSizeofType0_t" time="0.0601720809936523">
      <failure message="The test suite died before a plan was produced. You need to have a plan." type="Plan">No plan</failure>
    </testcase>
  </testsuite>
  <testsuite name="spec_perl_TestProcessXor4Const_t" errors="1" failures="0" skipped="0" tests="0" time="0.052739143371582">
    <system-out></system-out>
    <testcase name="Test died too soon, even before plan. (114)" classname="spec_perl_TestProcessXor4Const_t" time="0.052739143371582">
      <failure message="The test suite died before a plan was produced. You need to have a plan." type="Plan">No plan</failure>
    </testcase>
  </testsuite>
  <testsuite name="spec_perl_TestExpr1_t" errors="1" failures="0" skipped="0" tests="0" time="0.0574719905853271">
    <system-out></system-out>
    <testcase name="Test died too soon, even before plan. (115)" classname="spec_perl_TestExpr1_t" time="0.0574719905853271">
      <failure message="The test suite died before a plan was produced. You need to have a plan." type="Plan">No plan</failure>
    </testcase>
  </testsuite>
  <testsuite name="spec_perl_TestMultipleUse_t" errors="1" failures="0" skipped="0" tests="0" time="0.0578210353851318">
    <system-out></system-out>
    <testcase name="Test died too soon, even before plan. (116)" classname="spec_perl_TestMultipleUse_t" time="0.0578210353851318">
      <failure message="The test suite died before a plan was produced. You need to have a plan." type="Plan">No plan</failure>
    </testcase>
  </testsuite>
  <testsuite name="spec_perl_TestEnumToI_t" errors="1" failures="0" skipped="0" tests="0" time="0.0558748245239258">
    <system-out></system-out>
    <testcase name="Test died too soon, even before plan. (117)" classname="spec_perl_TestEnumToI_t" time="0.0558748245239258">
      <failure message="The test suite died before a plan was produced. You need to have a plan." type="Plan">No plan</failure>
    </testcase>
  </testsuite>
  <testsuite name="spec_perl_TestBitsByteAligned_t" errors="1" failures="0" skipped="0" tests="0" time="0.0528461933135986">
    <system-out></system-out>
    <testcase name="Test died too soon, even before plan. (118)" classname="spec_perl_TestBitsByteAligned_t" time="0.0528461933135986">
      <failure message="The test suite died before a plan was produced. You need to have a plan." type="Plan">No plan</failure>
    </testcase>
  </testsuite>
  <testsuite name="spec_perl_TestStrEncodingsDefault_t" errors="1" failures="0" skipped="0" tests="0" time="0.0543720722198486">
    <system-out></system-out>
    <testcase name="Test died too soon, even before plan. (119)" classname="spec_perl_TestStrEncodingsDefault_t" time="0.0543720722198486">
      <failure message="The test suite died before a plan was produced. You need to have a plan." type="Plan">No plan</failure>
    </testcase>
  </testsuite>
  <testsuite name="spec_perl_TestEnumIf_t" errors="1" failures="0" skipped="0" tests="0" time="0.0526580810546875">
    <system-out></system-out>
    <testcase name="Test died too soon, even before plan. (120)" classname="spec_perl_TestEnumIf_t" time="0.0526580810546875">
      <failure message="The test suite died before a plan was produced. You need to have a plan." type="Plan">No plan</failure>
    </testcase>
  </testsuite>
  <testsuite name="spec_perl_TestExprSizeofType1_t" errors="1" failures="0" skipped="0" tests="0" time="0.0573098659515381">
    <system-out></system-out>
    <testcase name="Test died too soon, even before plan. (121)" classname="spec_perl_TestExprSizeofType1_t" time="0.0573098659515381">
      <failure message="The test suite died before a plan was produced. You need to have a plan." type="Plan">No plan</failure>
    </testcase>
  </testsuite>
  <testsuite name="spec_perl_TestProcessXor4Value_t" errors="1" failures="0" skipped="0" tests="0" time="0.0546519756317139">
    <system-out></system-out>
    <testcase name="Test died too soon, even before plan. (122)" classname="spec_perl_TestProcessXor4Value_t" time="0.0546519756317139">
      <failure message="The test suite died before a plan was produced. You need to have a plan." type="Plan">No plan</failure>
    </testcase>
  </testsuite>
  <testsuite name="spec_perl_TestStrLiterals_t" errors="1" failures="0" skipped="0" tests="0" time="0.0556960105895996">
    <system-out></system-out>
    <testcase name="Test died too soon, even before plan. (123)" classname="spec_perl_TestStrLiterals_t" time="0.0556960105895996">
      <failure message="The test suite died before a plan was produced. You need to have a plan." type="Plan">No plan</failure>
    </testcase>
  </testsuite>
  <testsuite name="spec_perl_TestDebugEnumName_t" errors="1" failures="0" skipped="0" tests="0" time="0.0533370971679688">
    <system-out></system-out>
    <testcase name="Test died too soon, even before plan. (124)" classname="spec_perl_TestDebugEnumName_t" time="0.0533370971679688">
      <failure message="The test suite died before a plan was produced. You need to have a plan." type="Plan">No plan</failure>
    </testcase>
  </testsuite>
  <testsuite name="spec_perl_TestInstanceIoUser_t" errors="1" failures="0" skipped="0" tests="0" time="0.0528631210327148">
    <system-out></system-out>
    <testcase name="Test died too soon, even before plan. (125)" classname="spec_perl_TestInstanceIoUser_t" time="0.0528631210327148">
      <failure message="The test suite died before a plan was produced. You need to have a plan." type="Plan">No plan</failure>
    </testcase>
  </testsuite>
  <testsuite name="spec_perl_TestNavParent3_t" errors="1" failures="0" skipped="0" tests="0" time="0.0556740760803223">
    <system-out></system-out>
    <testcase name="Test died too soon, even before plan. (126)" classname="spec_perl_TestNavParent3_t" time="0.0556740760803223">
      <failure message="The test suite died before a plan was produced. You need to have a plan." type="Plan">No plan</failure>
    </testcase>
  </testsuite>
  <testsuite name="spec_perl_TestImportsAbs_t" errors="1" failures="0" skipped="0" tests="0" time="0.0542151927947998">
    <system-out></system-out>
    <testcase name="Test died too soon, even before plan. (127)" classname="spec_perl_TestImportsAbs_t" time="0.0542151927947998">
      <failure message="The test suite died before a plan was produced. You need to have a plan." type="Plan">No plan</failure>
    </testcase>
  </testsuite>
  <testsuite name="spec_perl_TestTsPacketHeader_t" errors="1" failures="0" skipped="0" tests="0" time="0.0543920993804932">
    <system-out></system-out>
    <testcase name="Test died too soon, even before plan. (128)" classname="spec_perl_TestTsPacketHeader_t" time="0.0543920993804932">
      <failure message="The test suite died before a plan was produced. You need to have a plan." type="Plan">No plan</failure>
    </testcase>
  </testsuite>
  <testsuite name="spec_perl_TestExprEnum_t" errors="1" failures="0" skipped="0" tests="0" time="0.0572450160980225">
    <system-out></system-out>
    <testcase name="Test died too soon, even before plan. (129)" classname="spec_perl_TestExprEnum_t" time="0.0572450160980225">
      <failure message="The test suite died before a plan was produced. You need to have a plan." type="Plan">No plan</failure>
    </testcase>
  </testsuite>
  <testsuite name="spec_perl_TestExprBytesOps_t" errors="1" failures="0" skipped="0" tests="0" time="0.0544681549072266">
    <system-out></system-out>
    <testcase name="Test died too soon, even before plan. (130)" classname="spec_perl_TestExprBytesOps_t" time="0.0544681549072266">
      <failure message="The test suite died before a plan was produced. You need to have a plan." type="Plan">No plan</failure>
    </testcase>
  </testsuite>
  <testsuite name="spec_perl_TestIoLocalVar_t" errors="1" failures="0" skipped="0" tests="0" time="0.0589320659637451">
    <system-out></system-out>
    <testcase name="Test died too soon, even before plan. (131)" classname="spec_perl_TestIoLocalVar_t" time="0.0589320659637451">
      <failure message="The test suite died before a plan was produced. You need to have a plan." type="Plan">No plan</failure>
    </testcase>
  </testsuite>
  <testsuite name="spec_perl_TestSwitchManualIntSizeElse_t" errors="1" failures="0" skipped="0" tests="0" time="0.0553858280181885">
    <system-out></system-out>
    <testcase name="Test died too soon, even before plan. (132)" classname="spec_perl_TestSwitchManualIntSizeElse_t" time="0.0553858280181885">
      <failure message="The test suite died before a plan was produced. You need to have a plan." type="Plan">No plan</failure>
    </testcase>
  </testsuite>
  <testsuite name="spec_perl_TestIndexSizes_t" errors="1" failures="0" skipped="0" tests="0" time="0.0567851066589355">
    <system-out></system-out>
    <testcase name="Test died too soon, even before plan. (133)" classname="spec_perl_TestIndexSizes_t" time="0.0567851066589355">
      <failure message="The test suite died before a plan was produced. You need to have a plan." type="Plan">No plan</failure>
    </testcase>
  </testsuite>
  <testsuite name="spec_perl_TestBitsSimple_t" errors="1" failures="0" skipped="0" tests="0" time="0.0571310520172119">
    <system-out></system-out>
    <testcase name="Test died too soon, even before plan. (134)" classname="spec_perl_TestBitsSimple_t" time="0.0571310520172119">
      <failure message="The test suite died before a plan was produced. You need to have a plan." type="Plan">No plan</failure>
    </testcase>
  </testsuite>
  <testsuite name="spec_perl_TestRepeatUntilS4_t" errors="1" failures="0" skipped="0" tests="0" time="0.0589830875396729">
    <system-out></system-out>
    <testcase name="Test died too soon, even before plan. (135)" classname="spec_perl_TestRepeatUntilS4_t" time="0.0589830875396729">
      <failure message="The test suite died before a plan was produced. You need to have a plan." type="Plan">No plan</failure>
    </testcase>
  </testsuite>
  <testsuite name="spec_perl_TestProcessCustom_t" errors="1" failures="0" skipped="0" tests="0" time="0.0559649467468262">
    <system-out></system-out>
    <testcase name="Test died too soon, even before plan. (136)" classname="spec_perl_TestProcessCustom_t" time="0.0559649467468262">
      <failure message="The test suite died before a plan was produced. You need to have a plan." type="Plan">No plan</failure>
    </testcase>
  </testsuite>
  <testsuite name="spec_perl_TestOptionalId_t" errors="1" failures="0" skipped="0" tests="0" time="0.0564780235290527">
    <system-out></system-out>
    <testcase name="Test died too soon, even before plan. (137)" classname="spec_perl_TestOptionalId_t" time="0.0564780235290527">
      <failure message="The test suite died before a plan was produced. You need to have a plan." type="Plan">No plan</failure>
    </testcase>
  </testsuite>
  <testsuite name="spec_perl_TestYamlInts_t" errors="1" failures="0" skipped="0" tests="0" time="0.0534679889678955">
    <system-out></system-out>
    <testcase name="Test died too soon, even before plan. (138)" classname="spec_perl_TestYamlInts_t" time="0.0534679889678955">
      <failure message="The test suite died before a plan was produced. You need to have a plan." type="Plan">No plan</failure>
    </testcase>
  </testsuite>
  <testsuite name="spec_perl_TestSwitchCast_t" errors="1" failures="0" skipped="0" tests="0" time="0.0593609809875488">
    <system-out></system-out>
    <testcase name="Test died too soon, even before plan. (139)" classname="spec_perl_TestSwitchCast_t" time="0.0593609809875488">
      <failure message="The test suite died before a plan was produced. You need to have a plan." type="Plan">No plan</failure>
    </testcase>
  </testsuite>
  <testsuite name="spec_perl_TestStrEncodings_t" errors="1" failures="0" skipped="0" tests="0" time="0.0538880825042725">
    <system-out></system-out>
    <testcase name="Test died too soon, even before plan. (140)" classname="spec_perl_TestStrEncodings_t" time="0.0538880825042725">
      <failure message="The test suite died before a plan was produced. You need to have a plan." type="Plan">No plan</failure>
    </testcase>
  </testsuite>
  <testsuite name="spec_perl_TestHelloWorld_t" errors="1" failures="0" skipped="0" tests="0" time="0.0546548366546631">
    <system-out></system-out>
    <testcase name="Test died too soon, even before plan. (141)" classname="spec_perl_TestHelloWorld_t" time="0.0546548366546631">
      <failure message="The test suite died before a plan was produced. You need to have a plan." type="Plan">No plan</failure>
    </testcase>
  </testsuite>
  <testsuite name="spec_perl_TestDefaultEndianExprIsBe_t" errors="1" failures="0" skipped="0" tests="0" time="0.0541210174560547">
    <system-out></system-out>
    <testcase name="Test died too soon, even before plan. (142)" classname="spec_perl_TestDefaultEndianExprIsBe_t" time="0.0541210174560547">
      <failure message="The test suite died before a plan was produced. You need to have a plan." type="Plan">No plan</failure>
    </testcase>
  </testsuite>
  <testsuite name="spec_perl_TestNavParentFalse_t" errors="1" failures="0" skipped="0" tests="0" time="0.0540668964385986">
    <system-out></system-out>
    <testcase name="Test died too soon, even before plan. (143)" classname="spec_perl_TestNavParentFalse_t" time="0.0540668964385986">
      <failure message="The test suite died before a plan was produced. You need to have a plan." type="Plan">No plan</failure>
    </testcase>
  </testsuite>
  <testsuite name="spec_perl_TestBitsEnum_t" errors="1" failures="0" skipped="0" tests="0" time="0.0622580051422119">
    <system-out></system-out>
    <testcase name="Test died too soon, even before plan. (144)" classname="spec_perl_TestBitsEnum_t" time="0.0622580051422119">
      <failure message="The test suite died before a plan was produced. You need to have a plan." type="Plan">No plan</failure>
    </testcase>
  </testsuite>
  <testsuite name="spec_perl_TestStrPadTermEmpty_t" errors="1" failures="0" skipped="0" tests="0" time="0.0562679767608643">
    <system-out></system-out>
    <testcase name="Test died too soon, even before plan. (145)" classname="spec_perl_TestStrPadTermEmpty_t" time="0.0562679767608643">
      <failure message="The test suite died before a plan was produced. You need to have a plan." type="Plan">No plan</failure>
    </testcase>
  </testsuite>
  <testsuite name="spec_perl_TestStrEos_t" errors="1" failures="0" skipped="0" tests="0" time="0.054326057434082">
    <system-out></system-out>
    <testcase name="Test died too soon, even before plan. (146)" classname="spec_perl_TestStrEos_t" time="0.054326057434082">
      <failure message="The test suite died before a plan was produced. You need to have a plan." type="Plan">No plan</failure>
    </testcase>
  </testsuite>
  <testsuite name="spec_perl_TestParamsCallShort_t" errors="1" failures="0" skipped="0" tests="0" time="0.0571479797363281">
    <system-out></system-out>
    <testcase name="Test died too soon, even before plan. (147)" classname="spec_perl_TestParamsCallShort_t" time="0.0571479797363281">
      <failure message="The test suite died before a plan was produced. You need to have a plan." type="Plan">No plan</failure>
    </testcase>
  </testsuite>
  <testsuite name="spec_perl_TestDefaultBigEndian_t" errors="1" failures="0" skipped="0" tests="0" time="0.053170919418335">
    <system-out></system-out>
    <testcase name="Test died too soon, even before plan. (148)" classname="spec_perl_TestDefaultBigEndian_t" time="0.053170919418335">
      <failure message="The test suite died before a plan was produced. You need to have a plan." type="Plan">No plan</failure>
    </testcase>
  </testsuite>
</testsuites>
