<?xml version='1.0' encoding='utf-8'?>
<testsuites>
  <testsuite name="spec_perl_TestMetaTags_t" errors="0" failures="0" skipped="1" tests="1" time="0.0299351215362549">
    <system-out>1..1
ok 1 # skip MetaTags=HASH(0x55aee13cf1f8)
</system-out>
    <testcase name="Unnamed test case 1" classname="spec_perl_TestMetaTags_t" time="0.00144481658935547">
      <skipped message="ok 1 # skip MetaTags=HASH(0x55aee13cf1f8)" />
    </testcase>
  </testsuite>
  <testsuite name="spec_perl_TestNavParentFalse_t" errors="0" failures="0" skipped="0" tests="5" time="0.0296828746795654">
    <system-out>1..5
ok 1 - Equals
ok 2 - Equals
ok 3 - Equals
ok 4 - Equals
ok 5 - Equals
</system-out>
    <testcase name="Equals" classname="spec_perl_TestNavParentFalse_t" time="0.00114107131958008" />
    <testcase name="Equals (2)" classname="spec_perl_TestNavParentFalse_t" time="5.69820404052734e-05" />
    <testcase name="Equals (3)" classname="spec_perl_TestNavParentFalse_t" time="4.48226928710938e-05" />
    <testcase name="Equals (4)" classname="spec_perl_TestNavParentFalse_t" time="4.50611114501953e-05" />
    <testcase name="Equals (5)" classname="spec_perl_TestNavParentFalse_t" time="6.69956207275391e-05" />
  </testsuite>
  <testsuite name="spec_perl_TestBcdUserTypeBe_t" errors="0" failures="0" skipped="0" tests="6" time="0.0329170227050781">
    <system-out>1..6
ok 1 - Equals
ok 2 - Equals
ok 3 - Equals
ok 4 - Equals
ok 5 - Equals
ok 6 - Equals
</system-out>
    <testcase name="Equals (6)" classname="spec_perl_TestBcdUserTypeBe_t" time="0.00155878067016602" />
    <testcase name="Equals (7)" classname="spec_perl_TestBcdUserTypeBe_t" time="5.91278076171875e-05" />
    <testcase name="Equals (8)" classname="spec_perl_TestBcdUserTypeBe_t" time="6.19888305664062e-05" />
    <testcase name="Equals (9)" classname="spec_perl_TestBcdUserTypeBe_t" time="7.00950622558594e-05" />
    <testcase name="Equals (10)" classname="spec_perl_TestBcdUserTypeBe_t" time="9.17911529541016e-05" />
    <testcase name="Equals (11)" classname="spec_perl_TestBcdUserTypeBe_t" time="7.10487365722656e-05" />
  </testsuite>
  <testsuite name="spec_perl_TestExprOpsParens_t" errors="0" failures="1" skipped="0" tests="9" time="0.0311779975891113">
    <system-out>1..9
ok 1 - Equals
ok 2 - Equals
ok 3 - Equals
ok 4 - Equals
ok 5 - Equals
ok 6 - Equals
not ok 7 - Equals
ok 8 - Equals
ok 9 - Equals
</system-out>
    <testcase name="Equals (12)" classname="spec_perl_TestExprOpsParens_t" time="0.00107502937316895" />
    <testcase name="Equals (13)" classname="spec_perl_TestExprOpsParens_t" time="5.88893890380859e-05" />
    <testcase name="Equals (14)" classname="spec_perl_TestExprOpsParens_t" time="4.60147857666016e-05" />
    <testcase name="Equals (15)" classname="spec_perl_TestExprOpsParens_t" time="4.29153442382812e-05" />
    <testcase name="Equals (16)" classname="spec_perl_TestExprOpsParens_t" time="6.69956207275391e-05" />
    <testcase name="Equals (17)" classname="spec_perl_TestExprOpsParens_t" time="6.31809234619141e-05" />
    <testcase name="Equals (18)" classname="spec_perl_TestExprOpsParens_t" time="7.48634338378906e-05">
      <failure message="not ok 7 - Equals" type="TAP::Parser::Result::Test"></failure>
    </testcase>
    <testcase name="Equals (19)" classname="spec_perl_TestExprOpsParens_t" time="0.000863075256347656" />
    <testcase name="Equals (20)" classname="spec_perl_TestExprOpsParens_t" time="5.19752502441406e-05" />
  </testsuite>
  <testsuite name="spec_perl_TestSwitchBytearray_t" errors="0" failures="0" skipped="0" tests="9" time="0.0338578224182129">
    <system-out>1..9
ok 1 - Equals
ok 2 - Equals
ok 3 - Equals
ok 4 - Equals
ok 5 - Equals
ok 6 - Equals
ok 7 - Equals
ok 8 - Equals
ok 9 - Equals
</system-out>
    <testcase name="Equals (21)" classname="spec_perl_TestSwitchBytearray_t" time="0.0011589527130127" />
    <testcase name="Equals (22)" classname="spec_perl_TestSwitchBytearray_t" time="5.91278076171875e-05" />
    <testcase name="Equals (23)" classname="spec_perl_TestSwitchBytearray_t" time="4.48226928710938e-05" />
    <testcase name="Equals (24)" classname="spec_perl_TestSwitchBytearray_t" time="4.31537628173828e-05" />
    <testcase name="Equals (25)" classname="spec_perl_TestSwitchBytearray_t" time="6.98566436767578e-05" />
    <testcase name="Equals (26)" classname="spec_perl_TestSwitchBytearray_t" time="5.81741333007812e-05" />
    <testcase name="Equals (27)" classname="spec_perl_TestSwitchBytearray_t" time="5.79357147216797e-05" />
    <testcase name="Equals (28)" classname="spec_perl_TestSwitchBytearray_t" time="6.79492950439453e-05" />
    <testcase name="Equals (29)" classname="spec_perl_TestSwitchBytearray_t" time="4.10079956054688e-05" />
  </testsuite>
  <testsuite name="spec_perl_TestEnumIntRangeS_t" errors="0" failures="0" skipped="0" tests="3" time="0.0290050506591797">
    <system-out>1..3
ok 1 - Equals
ok 2 - Equals
ok 3 - Equals
</system-out>
    <testcase name="Equals (30)" classname="spec_perl_TestEnumIntRangeS_t" time="0.00108718872070312" />
    <testcase name="Equals (31)" classname="spec_perl_TestEnumIntRangeS_t" time="6.38961791992188e-05" />
    <testcase name="Equals (32)" classname="spec_perl_TestEnumIntRangeS_t" time="4.50611114501953e-05" />
  </testsuite>
  <testsuite name="spec_perl_TestNestedTypes3_t" errors="0" failures="0" skipped="0" tests="5" time="0.0296230316162109">
    <system-out>1..5
ok 1 - Equals
ok 2 - Equals
ok 3 - Equals
ok 4 - Equals
ok 5 - Equals
</system-out>
    <testcase name="Equals (33)" classname="spec_perl_TestNestedTypes3_t" time="0.00109982490539551" />
    <testcase name="Equals (34)" classname="spec_perl_TestNestedTypes3_t" time="5.60283660888672e-05" />
    <testcase name="Equals (35)" classname="spec_perl_TestNestedTypes3_t" time="4.41074371337891e-05" />
    <testcase name="Equals (36)" classname="spec_perl_TestNestedTypes3_t" time="4.29153442382812e-05" />
    <testcase name="Equals (37)" classname="spec_perl_TestNestedTypes3_t" time="6.19888305664062e-05" />
  </testsuite>
  <testsuite name="spec_perl_TestParamsPassArrayStruct_t" errors="0" failures="1" skipped="2" tests="3" time="0.0310790538787842">
    <system-out>1..3
not ok 1 - test_params_pass_array_struct died (Can't use an undefined value as an ARRAY reference at spec/perl/TestParamsPassArrayStruct.t line 14.)
ok 2 # skip test_params_pass_array_struct died
ok 3 # skip test_params_pass_array_struct died
</system-out>
    <testcase name="test_params_pass_array_struct died (Can't use an undefined value as an ARRAY reference at spec/perl/TestParamsPassArrayStruct.t line 14.) (37)" classname="spec_perl_TestParamsPassArrayStruct_t" time="0.00121188163757324">
      <failure message="not ok 1 - test_params_pass_array_struct died (Can't use an undefined value as an ARRAY reference at spec/perl/TestParamsPassArrayStruct.t line 14.)" type="TAP::Parser::Result::Test"></failure>
    </testcase>
    <testcase name="Unnamed test case 37" classname="spec_perl_TestParamsPassArrayStruct_t" time="7.70092010498047e-05">
      <skipped message="ok 2 # skip test_params_pass_array_struct died" />
    </testcase>
    <testcase name="Unnamed test case 38" classname="spec_perl_TestParamsPassArrayStruct_t" time="5.50746917724609e-05">
      <skipped message="ok 3 # skip test_params_pass_array_struct died" />
    </testcase>
  </testsuite>
  <testsuite name="spec_perl_TestExpr3_t" errors="0" failures="0" skipped="0" tests="12" time="0.0334811210632324">
    <system-out>1..12
ok 1 - Equals
ok 2 - Equals
ok 3 - Equals
ok 4 - Equals
ok 5 - Equals
ok 6 - Equals
ok 7 - Equals
ok 8 - Equals
ok 9 - Equals
ok 10 - Equals
ok 11 - Equals
ok 12 - Equals
</system-out>
    <testcase name="Equals (38)" classname="spec_perl_TestExpr3_t" time="0.00110411643981934" />
    <testcase name="Equals (39)" classname="spec_perl_TestExpr3_t" time="5.69820404052734e-05" />
    <testcase name="Equals (40)" classname="spec_perl_TestExpr3_t" time="4.69684600830078e-05" />
    <testcase name="Equals (41)" classname="spec_perl_TestExpr3_t" time="4.1961669921875e-05" />
    <testcase name="Equals (42)" classname="spec_perl_TestExpr3_t" time="4.00543212890625e-05" />
    <testcase name="Equals (43)" classname="spec_perl_TestExpr3_t" time="6.89029693603516e-05" />
    <testcase name="Equals (44)" classname="spec_perl_TestExpr3_t" time="6.31809234619141e-05" />
    <testcase name="Equals (45)" classname="spec_perl_TestExpr3_t" time="4.10079956054688e-05" />
    <testcase name="Equals (46)" classname="spec_perl_TestExpr3_t" time="6.4849853515625e-05" />
    <testcase name="Equals (47)" classname="spec_perl_TestExpr3_t" time="5.60283660888672e-05" />
    <testcase name="Equals (48)" classname="spec_perl_TestExpr3_t" time="5.79357147216797e-05" />
    <testcase name="Equals (49)" classname="spec_perl_TestExpr3_t" time="5.81741333007812e-05" />
  </testsuite>
  <testsuite name="spec_perl_TestNavParent2_t" errors="0" failures="0" skipped="0" tests="10" time="0.0339810848236084">
    <system-out>1..10
ok 1 - Equals
ok 2 - Equals
ok 3 - Equals
ok 4 - Equals
ok 5 - Equals
ok 6 - Equals
ok 7 - Equals
ok 8 - Equals
ok 9 - Equals
ok 10 - Equals
</system-out>
    <testcase name="Equals (50)" classname="spec_perl_TestNavParent2_t" time="0.00111603736877441" />
    <testcase name="Equals (51)" classname="spec_perl_TestNavParent2_t" time="5.69820404052734e-05" />
    <testcase name="Equals (52)" classname="spec_perl_TestNavParent2_t" time="4.50611114501953e-05" />
    <testcase name="Equals (53)" classname="spec_perl_TestNavParent2_t" time="4.1961669921875e-05" />
    <testcase name="Equals (54)" classname="spec_perl_TestNavParent2_t" time="4.1961669921875e-05" />
    <testcase name="Equals (55)" classname="spec_perl_TestNavParent2_t" time="0.000109195709228516" />
    <testcase name="Equals (56)" classname="spec_perl_TestNavParent2_t" time="5.98430633544922e-05" />
    <testcase name="Equals (57)" classname="spec_perl_TestNavParent2_t" time="6.00814819335938e-05" />
    <testcase name="Equals (58)" classname="spec_perl_TestNavParent2_t" time="5.00679016113281e-05" />
    <testcase name="Equals (59)" classname="spec_perl_TestNavParent2_t" time="8.70227813720703e-05" />
  </testsuite>
  <testsuite name="spec_perl_TestNavParent_t" errors="0" failures="0" skipped="0" tests="5" time="0.0334169864654541">
    <system-out>1..5
ok 1 - Equals
ok 2 - Equals
ok 3 - Equals
ok 4 - Equals
ok 5 - Equals
</system-out>
    <testcase name="Equals (60)" classname="spec_perl_TestNavParent_t" time="0.00124406814575195" />
    <testcase name="Equals (61)" classname="spec_perl_TestNavParent_t" time="5.69820404052734e-05" />
    <testcase name="Equals (62)" classname="spec_perl_TestNavParent_t" time="4.50611114501953e-05" />
    <testcase name="Equals (63)" classname="spec_perl_TestNavParent_t" time="4.88758087158203e-05" />
    <testcase name="Equals (64)" classname="spec_perl_TestNavParent_t" time="6.91413879394531e-05" />
  </testsuite>
  <testsuite name="spec_perl_TestParamsCallShort_t" errors="0" failures="3" skipped="0" tests="3" time="0.0341699123382568">
    <system-out>1..3
not ok 1 - Equals
not ok 2 - Equals
not ok 3 - Equals
</system-out>
    <testcase name="Equals (65)" classname="spec_perl_TestParamsCallShort_t" time="0.00144815444946289">
      <failure message="not ok 1 - Equals" type="TAP::Parser::Result::Test"></failure>
    </testcase>
    <testcase name="Equals (66)" classname="spec_perl_TestParamsCallShort_t" time="0.00117707252502441">
      <failure message="not ok 2 - Equals" type="TAP::Parser::Result::Test"></failure>
    </testcase>
    <testcase name="Equals (67)" classname="spec_perl_TestParamsCallShort_t" time="5.07831573486328e-05">
      <failure message="not ok 3 - Equals" type="TAP::Parser::Result::Test"></failure>
    </testcase>
  </testsuite>
  <testsuite name="spec_perl_TestParamsPassStruct_t" errors="0" failures="1" skipped="1" tests="4" time="0.0298421382904053">
    <system-out>1..4
ok 1 - Equals
ok 2 - Equals
not ok 3 - test_params_pass_struct died (Can't call method &quot;foo&quot; on an undefined value at spec/perl/TestParamsPassStruct.t line 16.)
ok 4 # skip test_params_pass_struct died
</system-out>
    <testcase name="Equals (68)" classname="spec_perl_TestParamsPassStruct_t" time="0.00114607810974121" />
    <testcase name="Equals (69)" classname="spec_perl_TestParamsPassStruct_t" time="5.38825988769531e-05" />
    <testcase name="test_params_pass_struct died (Can't call method &quot;foo&quot; on an undefined value at spec/perl/TestParamsPassStruct.t line 16.) (69)" classname="spec_perl_TestParamsPassStruct_t" time="9.51290130615234e-05">
      <failure message="not ok 3 - test_params_pass_struct died (Can't call method &quot;foo&quot; on an undefined value at spec/perl/TestParamsPassStruct.t line 16.)" type="TAP::Parser::Result::Test"></failure>
    </testcase>
    <testcase name="Unnamed test case 69" classname="spec_perl_TestParamsPassStruct_t" time="0.00101280212402344">
      <skipped message="ok 4 # skip test_params_pass_struct died" />
    </testcase>
  </testsuite>
  <testsuite name="spec_perl_TestIndexToParamUntil_t" errors="0" failures="2" skipped="0" tests="7" time="0.036959171295166">
    <system-out>1..7
ok 1 - Equals
ok 2 - Equals
ok 3 - Equals
ok 4 - Equals
ok 5 - Equals
not ok 6 - Equals
not ok 7 - Equals
</system-out>
    <testcase name="Equals (70)" classname="spec_perl_TestIndexToParamUntil_t" time="0.00186896324157715" />
    <testcase name="Equals (71)" classname="spec_perl_TestIndexToParamUntil_t" time="6.89029693603516e-05" />
    <testcase name="Equals (72)" classname="spec_perl_TestIndexToParamUntil_t" time="3.79085540771484e-05" />
    <testcase name="Equals (73)" classname="spec_perl_TestIndexToParamUntil_t" time="4.60147857666016e-05" />
    <testcase name="Equals (74)" classname="spec_perl_TestIndexToParamUntil_t" time="4.91142272949219e-05" />
    <testcase name="Equals (75)" classname="spec_perl_TestIndexToParamUntil_t" time="5.19752502441406e-05">
      <failure message="not ok 6 - Equals" type="TAP::Parser::Result::Test"></failure>
    </testcase>
    <testcase name="Equals (76)" classname="spec_perl_TestIndexToParamUntil_t" time="0.000327110290527344">
      <failure message="not ok 7 - Equals" type="TAP::Parser::Result::Test"></failure>
    </testcase>
  </testsuite>
  <testsuite name="spec_perl_TestOpaqueExternalType_t" errors="0" failures="0" skipped="0" tests="3" time="0.0333511829376221">
    <system-out>1..3
ok 1 - Equals
ok 2 - Equals
ok 3 - Equals
</system-out>
    <testcase name="Equals (77)" classname="spec_perl_TestOpaqueExternalType_t" time="0.00110697746276855" />
    <testcase name="Equals (78)" classname="spec_perl_TestOpaqueExternalType_t" time="6.00814819335938e-05" />
    <testcase name="Equals (79)" classname="spec_perl_TestOpaqueExternalType_t" time="6.50882720947266e-05" />
  </testsuite>
  <testsuite name="spec_perl_TestRepeatUntilComplex_t" errors="0" failures="0" skipped="0" tests="15" time="0.0304481983184814">
    <system-out>1..15
ok 1 - Equals
ok 2 - Equals
ok 3 - Equals
ok 4 - Equals
ok 5 - Equals
ok 6 - Equals
ok 7 - Equals
ok 8 - Equals
ok 9 - Equals
ok 10 - Equals
ok 11 - Equals
ok 12 - Equals
ok 13 - Equals
ok 14 - Equals
ok 15 - Equals
</system-out>
    <testcase name="Equals (80)" classname="spec_perl_TestRepeatUntilComplex_t" time="0.00114297866821289" />
    <testcase name="Equals (81)" classname="spec_perl_TestRepeatUntilComplex_t" time="5.79357147216797e-05" />
    <testcase name="Equals (82)" classname="spec_perl_TestRepeatUntilComplex_t" time="8.0108642578125e-05" />
    <testcase name="Equals (83)" classname="spec_perl_TestRepeatUntilComplex_t" time="6.4849853515625e-05" />
    <testcase name="Equals (84)" classname="spec_perl_TestRepeatUntilComplex_t" time="8.29696655273438e-05" />
    <testcase name="Equals (85)" classname="spec_perl_TestRepeatUntilComplex_t" time="6.41345977783203e-05" />
    <testcase name="Equals (86)" classname="spec_perl_TestRepeatUntilComplex_t" time="6.60419464111328e-05" />
    <testcase name="Equals (87)" classname="spec_perl_TestRepeatUntilComplex_t" time="5.88893890380859e-05" />
    <testcase name="Equals (88)" classname="spec_perl_TestRepeatUntilComplex_t" time="7.89165496826172e-05" />
    <testcase name="Equals (89)" classname="spec_perl_TestRepeatUntilComplex_t" time="6.19888305664062e-05" />
    <testcase name="Equals (90)" classname="spec_perl_TestRepeatUntilComplex_t" time="8.51154327392578e-05" />
    <testcase name="Equals (91)" classname="spec_perl_TestRepeatUntilComplex_t" time="5.69820404052734e-05" />
    <testcase name="Equals (92)" classname="spec_perl_TestRepeatUntilComplex_t" time="8.10623168945312e-05" />
    <testcase name="Equals (93)" classname="spec_perl_TestRepeatUntilComplex_t" time="8.08238983154297e-05" />
    <testcase name="Equals (94)" classname="spec_perl_TestRepeatUntilComplex_t" time="9.20295715332031e-05" />
  </testsuite>
  <testsuite name="spec_perl_TestParamsPassUsertype_t" errors="0" failures="1" skipped="1" tests="2" time="0.0303699970245361">
    <system-out>1..2
not ok 1 - test_params_pass_usertype died (Can't call method &quot;foo&quot; on an undefined value at compiled/perl/ParamsPassUsertype.pm line 119.)
ok 2 # skip test_params_pass_usertype died
</system-out>
    <testcase name="test_params_pass_usertype died (Can't call method &quot;foo&quot; on an undefined value at compiled/perl/ParamsPassUsertype.pm line 119.) (94)" classname="spec_perl_TestParamsPassUsertype_t" time="0.00109219551086426">
      <failure message="not ok 1 - test_params_pass_usertype died (Can't call method &quot;foo&quot; on an undefined value at compiled/perl/ParamsPassUsertype.pm line 119.)" type="TAP::Parser::Result::Test"></failure>
    </testcase>
    <testcase name="Unnamed test case 94" classname="spec_perl_TestParamsPassUsertype_t" time="8.29696655273438e-05">
      <skipped message="ok 2 # skip test_params_pass_usertype died" />
    </testcase>
  </testsuite>
  <testsuite name="spec_perl_TestEofExceptionBytes_t" errors="0" failures="0" skipped="0" tests="1" time="0.0303730964660645">
    <system-out>1..1
ok 1 - threw /^Requested \d+ bytes, but only \d+ bytes available/
</system-out>
    <testcase name="threw /^Requested \d+ bytes, but only \d+ bytes available/ (94)" classname="spec_perl_TestEofExceptionBytes_t" time="0.00105810165405273" />
  </testsuite>
  <testsuite name="spec_perl_TestDefaultEndianExprIsBe_t" errors="0" failures="0" skipped="0" tests="18" time="0.0307059288024902">
    <system-out>1..18
ok 1 - Equals
ok 2 - Equals
ok 3 - Equals
ok 4 - Equals
ok 5 - Equals
ok 6 - Equals
ok 7 - Equals
ok 8 - Equals
ok 9 - Equals
ok 10 - Equals
ok 11 - Equals
ok 12 - Equals
ok 13 - Equals
ok 14 - Equals
ok 15 - Equals
ok 16 - Equals
ok 17 - Equals
ok 18 - Equals
</system-out>
    <testcase name="Equals (95)" classname="spec_perl_TestDefaultEndianExprIsBe_t" time="0.00110602378845215" />
    <testcase name="Equals (96)" classname="spec_perl_TestDefaultEndianExprIsBe_t" time="5.41210174560547e-05" />
    <testcase name="Equals (97)" classname="spec_perl_TestDefaultEndianExprIsBe_t" time="4.48226928710938e-05" />
    <testcase name="Equals (98)" classname="spec_perl_TestDefaultEndianExprIsBe_t" time="7.00950622558594e-05" />
    <testcase name="Equals (99)" classname="spec_perl_TestDefaultEndianExprIsBe_t" time="7.20024108886719e-05" />
    <testcase name="Equals (100)" classname="spec_perl_TestDefaultEndianExprIsBe_t" time="8.392333984375e-05" />
    <testcase name="Equals (101)" classname="spec_perl_TestDefaultEndianExprIsBe_t" time="6.103515625e-05" />
    <testcase name="Equals (102)" classname="spec_perl_TestDefaultEndianExprIsBe_t" time="6.60419464111328e-05" />
    <testcase name="Equals (103)" classname="spec_perl_TestDefaultEndianExprIsBe_t" time="5.60283660888672e-05" />
    <testcase name="Equals (104)" classname="spec_perl_TestDefaultEndianExprIsBe_t" time="5.88893890380859e-05" />
    <testcase name="Equals (105)" classname="spec_perl_TestDefaultEndianExprIsBe_t" time="7.00950622558594e-05" />
    <testcase name="Equals (106)" classname="spec_perl_TestDefaultEndianExprIsBe_t" time="8.29696655273438e-05" />
    <testcase name="Equals (107)" classname="spec_perl_TestDefaultEndianExprIsBe_t" time="5.50746917724609e-05" />
    <testcase name="Equals (108)" classname="spec_perl_TestDefaultEndianExprIsBe_t" time="5.69820404052734e-05" />
    <testcase name="Equals (109)" classname="spec_perl_TestDefaultEndianExprIsBe_t" time="5.79357147216797e-05" />
    <testcase name="Equals (110)" classname="spec_perl_TestDefaultEndianExprIsBe_t" time="7.51018524169922e-05" />
    <testcase name="Equals (111)" classname="spec_perl_TestDefaultEndianExprIsBe_t" time="8.89301300048828e-05" />
    <testcase name="Equals (112)" classname="spec_perl_TestDefaultEndianExprIsBe_t" time="7.20024108886719e-05" />
  </testsuite>
  <testsuite name="spec_perl_TestTypeIntUnaryOp_t" errors="0" failures="0" skipped="0" tests="4" time="0.0292398929595947">
    <system-out>1..4
ok 1 - Equals
ok 2 - Equals
ok 3 - Equals
ok 4 - Equals
</system-out>
    <testcase name="Equals (113)" classname="spec_perl_TestTypeIntUnaryOp_t" time="0.00106906890869141" />
    <testcase name="Equals (114)" classname="spec_perl_TestTypeIntUnaryOp_t" time="5.50746917724609e-05" />
    <testcase name="Equals (115)" classname="spec_perl_TestTypeIntUnaryOp_t" time="5.10215759277344e-05" />
    <testcase name="Equals (116)" classname="spec_perl_TestTypeIntUnaryOp_t" time="6.69956207275391e-05" />
  </testsuite>
  <testsuite name="spec_perl_TestNestedTypes2_t" errors="0" failures="0" skipped="0" tests="7" time="0.0301220417022705">
    <system-out>1..7
ok 1 - Equals
ok 2 - Equals
ok 3 - Equals
ok 4 - Equals
ok 5 - Equals
ok 6 - Equals
ok 7 - Equals
</system-out>
    <testcase name="Equals (117)" classname="spec_perl_TestNestedTypes2_t" time="0.00112199783325195" />
    <testcase name="Equals (118)" classname="spec_perl_TestNestedTypes2_t" time="5.69820404052734e-05" />
    <testcase name="Equals (119)" classname="spec_perl_TestNestedTypes2_t" time="4.50611114501953e-05" />
    <testcase name="Equals (120)" classname="spec_perl_TestNestedTypes2_t" time="4.48226928710938e-05" />
    <testcase name="Equals (121)" classname="spec_perl_TestNestedTypes2_t" time="5.60283660888672e-05" />
    <testcase name="Equals (122)" classname="spec_perl_TestNestedTypes2_t" time="6.91413879394531e-05" />
    <testcase name="Equals (123)" classname="spec_perl_TestNestedTypes2_t" time="5.88893890380859e-05" />
  </testsuite>
  <testsuite name="spec_perl_TestInstanceIoUser_t" errors="0" failures="0" skipped="0" tests="4" time="0.0342750549316406">
    <system-out>1..4
ok 1 - Equals
ok 2 - Equals
ok 3 - Equals
ok 4 - Equals
</system-out>
    <testcase name="Equals (124)" classname="spec_perl_TestInstanceIoUser_t" time="0.00153613090515137" />
    <testcase name="Equals (125)" classname="spec_perl_TestInstanceIoUser_t" time="7.29560852050781e-05" />
    <testcase name="Equals (126)" classname="spec_perl_TestInstanceIoUser_t" time="4.00543212890625e-05" />
    <testcase name="Equals (127)" classname="spec_perl_TestInstanceIoUser_t" time="4.69684600830078e-05" />
  </testsuite>
  <testsuite name="spec_perl_TestBufferedStruct_t" errors="0" failures="0" skipped="0" tests="7" time="0.0298759937286377">
    <system-out>1..7
ok 1 - Equals
ok 2 - Equals
ok 3 - Equals
ok 4 - Equals
ok 5 - Equals
ok 6 - Equals
ok 7 - Equals
</system-out>
    <testcase name="Equals (128)" classname="spec_perl_TestBufferedStruct_t" time="0.00138092041015625" />
    <testcase name="Equals (129)" classname="spec_perl_TestBufferedStruct_t" time="6.00814819335938e-05" />
    <testcase name="Equals (130)" classname="spec_perl_TestBufferedStruct_t" time="4.48226928710938e-05" />
    <testcase name="Equals (131)" classname="spec_perl_TestBufferedStruct_t" time="4.60147857666016e-05" />
    <testcase name="Equals (132)" classname="spec_perl_TestBufferedStruct_t" time="4.1961669921875e-05" />
    <testcase name="Equals (133)" classname="spec_perl_TestBufferedStruct_t" time="4.72068786621094e-05" />
    <testcase name="Equals (134)" classname="spec_perl_TestBufferedStruct_t" time="6.4849853515625e-05" />
  </testsuite>
  <testsuite name="spec_perl_TestHelloWorld_t" errors="0" failures="0" skipped="0" tests="1" time="0.0286169052124023">
    <system-out>1..1
ok 1 - Equals
</system-out>
    <testcase name="Equals (135)" classname="spec_perl_TestHelloWorld_t" time="0.00105404853820801" />
  </testsuite>
  <testsuite name="spec_perl_TestMetaXref_t" errors="0" failures="0" skipped="1" tests="1" time="0.0291600227355957">
    <system-out>1..1
ok 1 # skip MetaXref=HASH(0x558013d41998)
</system-out>
    <testcase name="Unnamed test case 135" classname="spec_perl_TestMetaXref_t" time="0.00146603584289551">
      <skipped message="ok 1 # skip MetaXref=HASH(0x558013d41998)" />
    </testcase>
  </testsuite>
  <testsuite name="spec_perl_TestTypeTernaryOpaque_t" errors="0" failures="0" skipped="0" tests="3" time="0.0336089134216309">
    <system-out>1..3
ok 1 - Equals
ok 2 - Equals
ok 3 - Equals
</system-out>
    <testcase name="Equals (136)" classname="spec_perl_TestTypeTernaryOpaque_t" time="0.00154781341552734" />
    <testcase name="Equals (137)" classname="spec_perl_TestTypeTernaryOpaque_t" time="5.60283660888672e-05" />
    <testcase name="Equals (138)" classname="spec_perl_TestTypeTernaryOpaque_t" time="5.69820404052734e-05" />
  </testsuite>
  <testsuite name="spec_perl_TestFloatingPoints_t" errors="0" failures="0" skipped="0" tests="8" time="0.0294671058654785">
    <system-out>1..8
ok 1 - Approx equals
ok 2 - Approx equals
ok 3 - Approx equals
ok 4 - Approx equals
ok 5 - Approx equals
ok 6 - Approx equals
ok 7 - Approx equals
ok 8 - Approx equals
</system-out>
    <testcase name="Approx equals (138)" classname="spec_perl_TestFloatingPoints_t" time="0.00103998184204102" />
    <testcase name="Approx equals (139)" classname="spec_perl_TestFloatingPoints_t" time="5.69820404052734e-05" />
    <testcase name="Approx equals (140)" classname="spec_perl_TestFloatingPoints_t" time="3.60012054443359e-05" />
    <testcase name="Approx equals (141)" classname="spec_perl_TestFloatingPoints_t" time="4.41074371337891e-05" />
    <testcase name="Approx equals (142)" classname="spec_perl_TestFloatingPoints_t" time="4.38690185546875e-05" />
    <testcase name="Approx equals (143)" classname="spec_perl_TestFloatingPoints_t" time="3.60012054443359e-05" />
    <testcase name="Approx equals (144)" classname="spec_perl_TestFloatingPoints_t" time="4.1961669921875e-05" />
    <testcase name="Approx equals (145)" classname="spec_perl_TestFloatingPoints_t" time="3.09944152832031e-05" />
  </testsuite>
  <testsuite name="spec_perl_TestNavParent3_t" errors="0" failures="0" skipped="0" tests="10" time="0.0339980125427246">
    <system-out>1..10
ok 1 - Equals
ok 2 - Equals
ok 3 - Equals
ok 4 - Equals
ok 5 - Equals
ok 6 - Equals
ok 7 - Equals
ok 8 - Equals
ok 9 - Equals
ok 10 - Equals
</system-out>
    <testcase name="Equals (145)" classname="spec_perl_TestNavParent3_t" time="0.00112295150756836" />
    <testcase name="Equals (146)" classname="spec_perl_TestNavParent3_t" time="6.98566436767578e-05" />
    <testcase name="Equals (147)" classname="spec_perl_TestNavParent3_t" time="0.000126123428344727" />
    <testcase name="Equals (148)" classname="spec_perl_TestNavParent3_t" time="4.50611114501953e-05" />
    <testcase name="Equals (149)" classname="spec_perl_TestNavParent3_t" time="6.69956207275391e-05" />
    <testcase name="Equals (150)" classname="spec_perl_TestNavParent3_t" time="9.67979431152344e-05" />
    <testcase name="Equals (151)" classname="spec_perl_TestNavParent3_t" time="6.31809234619141e-05" />
    <testcase name="Equals (152)" classname="spec_perl_TestNavParent3_t" time="5.10215759277344e-05" />
    <testcase name="Equals (153)" classname="spec_perl_TestNavParent3_t" time="6.4849853515625e-05" />
    <testcase name="Equals (154)" classname="spec_perl_TestNavParent3_t" time="7.70092010498047e-05" />
  </testsuite>
  <testsuite name="spec_perl_TestMultipleUse_t" errors="0" failures="0" skipped="0" tests="2" time="0.0293951034545898">
    <system-out>1..2
ok 1 - Equals
ok 2 - Equals
</system-out>
    <testcase name="Equals (155)" classname="spec_perl_TestMultipleUse_t" time="0.00116610527038574" />
    <testcase name="Equals (156)" classname="spec_perl_TestMultipleUse_t" time="6.4849853515625e-05" />
  </testsuite>
  <testsuite name="spec_perl_TestRepeatUntilCalcArrayType_t" errors="0" failures="0" skipped="0" tests="7" time="0.0297069549560547">
    <system-out>1..7
ok 1 - Equals
ok 2 - Equals
ok 3 - Equals
ok 4 - Equals
ok 5 - Equals
ok 6 - Equals
ok 7 - Equals
</system-out>
    <testcase name="Equals (157)" classname="spec_perl_TestRepeatUntilCalcArrayType_t" time="0.00149416923522949" />
    <testcase name="Equals (158)" classname="spec_perl_TestRepeatUntilCalcArrayType_t" time="7.29560852050781e-05" />
    <testcase name="Equals (159)" classname="spec_perl_TestRepeatUntilCalcArrayType_t" time="3.88622283935547e-05" />
    <testcase name="Equals (160)" classname="spec_perl_TestRepeatUntilCalcArrayType_t" time="3.71932983398438e-05" />
    <testcase name="Equals (161)" classname="spec_perl_TestRepeatUntilCalcArrayType_t" time="4.57763671875e-05" />
    <testcase name="Equals (162)" classname="spec_perl_TestRepeatUntilCalcArrayType_t" time="3.21865081787109e-05" />
    <testcase name="Equals (163)" classname="spec_perl_TestRepeatUntilCalcArrayType_t" time="4.98294830322266e-05" />
  </testsuite>
  <testsuite name="spec_perl_TestDebugEnumName_t" errors="1" failures="0" skipped="0" tests="0" time="0.0265259742736816">
    <system-out></system-out>
    <testcase name="Test died too soon, even before plan. (163)" classname="spec_perl_TestDebugEnumName_t" time="0.0265259742736816">
      <failure message="The test suite died before a plan was produced. You need to have a plan." type="Plan">No plan</failure>
    </testcase>
  </testsuite>
  <testsuite name="spec_perl_TestBitsUnalignedB64Be_t" errors="0" failures="0" skipped="0" tests="3" time="0.0295228958129883">
    <system-out>1..3
ok 1 - Equals
ok 2 - Equals
ok 3 - Equals
</system-out>
    <testcase name="Equals (164)" classname="spec_perl_TestBitsUnalignedB64Be_t" time="0.00108098983764648" />
    <testcase name="Equals (165)" classname="spec_perl_TestBitsUnalignedB64Be_t" time="6.60419464111328e-05" />
    <testcase name="Equals (166)" classname="spec_perl_TestBitsUnalignedB64Be_t" time="5.19752502441406e-05" />
  </testsuite>
  <testsuite name="spec_perl_TestBitsSeqEndianCombo_t" errors="0" failures="0" skipped="0" tests="8" time="0.0301158428192139">
    <system-out>1..8
ok 1 - Equals
ok 2 - Equals
ok 3 - Equals
ok 4 - Equals
ok 5 - Equals
ok 6 - Equals
ok 7 - Equals
ok 8 - Equals
</system-out>
    <testcase name="Equals (167)" classname="spec_perl_TestBitsSeqEndianCombo_t" time="0.00117707252502441" />
    <testcase name="Equals (168)" classname="spec_perl_TestBitsSeqEndianCombo_t" time="6.00814819335938e-05" />
    <testcase name="Equals (169)" classname="spec_perl_TestBitsSeqEndianCombo_t" time="4.88758087158203e-05" />
    <testcase name="Equals (170)" classname="spec_perl_TestBitsSeqEndianCombo_t" time="4.1961669921875e-05" />
    <testcase name="Equals (171)" classname="spec_perl_TestBitsSeqEndianCombo_t" time="4.41074371337891e-05" />
    <testcase name="Equals (172)" classname="spec_perl_TestBitsSeqEndianCombo_t" time="6.69956207275391e-05" />
    <testcase name="Equals (173)" classname="spec_perl_TestBitsSeqEndianCombo_t" time="5.19752502441406e-05" />
    <testcase name="Equals (174)" classname="spec_perl_TestBitsSeqEndianCombo_t" time="6.29425048828125e-05" />
  </testsuite>
  <testsuite name="spec_perl_TestNavParentSwitchCast_t" errors="0" failures="0" skipped="0" tests="3" time="0.0297868251800537">
    <system-out>1..3
ok 1 - Equals
ok 2 - Equals
ok 3 - Equals
</system-out>
    <testcase name="Equals (175)" classname="spec_perl_TestNavParentSwitchCast_t" time="0.00148510932922363" />
    <testcase name="Equals (176)" classname="spec_perl_TestNavParentSwitchCast_t" time="7.29560852050781e-05" />
    <testcase name="Equals (177)" classname="spec_perl_TestNavParentSwitchCast_t" time="3.91006469726562e-05" />
  </testsuite>
  <testsuite name="spec_perl_TestOpaqueExternalType02Parent_t" errors="0" failures="0" skipped="0" tests="3" time="0.0336489677429199">
    <system-out>1..3
ok 1 - Equals
ok 2 - Equals
ok 3 - Equals
</system-out>
    <testcase name="Equals (178)" classname="spec_perl_TestOpaqueExternalType02Parent_t" time="0.0011599063873291" />
    <testcase name="Equals (179)" classname="spec_perl_TestOpaqueExternalType02Parent_t" time="5.41210174560547e-05" />
    <testcase name="Equals (180)" classname="spec_perl_TestOpaqueExternalType02Parent_t" time="4.10079956054688e-05" />
  </testsuite>
  <testsuite name="spec_perl_TestExprBytesOps_t" errors="0" failures="0" skipped="0" tests="16" time="0.0300657749176025">
    <system-out>1..16
ok 1 - Equals
ok 2 - Equals
ok 3 - Equals
ok 4 - Equals
ok 5 - Equals
ok 6 - Equals
ok 7 - Equals
ok 8 - Equals
ok 9 - Equals
ok 10 - Equals
ok 11 - Equals
ok 12 - Equals
ok 13 - Equals
ok 14 - Equals
ok 15 - Equals
ok 16 - Equals
</system-out>
    <testcase name="Equals (181)" classname="spec_perl_TestExprBytesOps_t" time="0.0010991096496582" />
    <testcase name="Equals (182)" classname="spec_perl_TestExprBytesOps_t" time="5.79357147216797e-05" />
    <testcase name="Equals (183)" classname="spec_perl_TestExprBytesOps_t" time="4.60147857666016e-05" />
    <testcase name="Equals (184)" classname="spec_perl_TestExprBytesOps_t" time="5.50746917724609e-05" />
    <testcase name="Equals (185)" classname="spec_perl_TestExprBytesOps_t" time="6.50882720947266e-05" />
    <testcase name="Equals (186)" classname="spec_perl_TestExprBytesOps_t" time="6.89029693603516e-05" />
    <testcase name="Equals (187)" classname="spec_perl_TestExprBytesOps_t" time="5.69820404052734e-05" />
    <testcase name="Equals (188)" classname="spec_perl_TestExprBytesOps_t" time="6.29425048828125e-05" />
    <testcase name="Equals (189)" classname="spec_perl_TestExprBytesOps_t" time="5.41210174560547e-05" />
    <testcase name="Equals (190)" classname="spec_perl_TestExprBytesOps_t" time="6.103515625e-05" />
    <testcase name="Equals (191)" classname="spec_perl_TestExprBytesOps_t" time="6.07967376708984e-05" />
    <testcase name="Equals (192)" classname="spec_perl_TestExprBytesOps_t" time="5.81741333007812e-05" />
    <testcase name="Equals (193)" classname="spec_perl_TestExprBytesOps_t" time="6.19888305664062e-05" />
    <testcase name="Equals (194)" classname="spec_perl_TestExprBytesOps_t" time="5.98430633544922e-05" />
    <testcase name="Equals (195)" classname="spec_perl_TestExprBytesOps_t" time="5.81741333007812e-05" />
    <testcase name="Equals (196)" classname="spec_perl_TestExprBytesOps_t" time="6.69956207275391e-05" />
  </testsuite>
  <testsuite name="spec_perl_TestTsPacketHeader_t" errors="0" failures="0" skipped="0" tests="7" time="0.0295648574829102">
    <system-out>1..7
ok 1 - Equals
ok 2 - Equals
ok 3 - Equals
ok 4 - Equals
ok 5 - Equals
ok 6 - Equals
ok 7 - Equals
</system-out>
    <testcase name="Equals (197)" classname="spec_perl_TestTsPacketHeader_t" time="0.00109386444091797" />
    <testcase name="Equals (198)" classname="spec_perl_TestTsPacketHeader_t" time="6.31809234619141e-05" />
    <testcase name="Equals (199)" classname="spec_perl_TestTsPacketHeader_t" time="4.69684600830078e-05" />
    <testcase name="Equals (200)" classname="spec_perl_TestTsPacketHeader_t" time="4.1961669921875e-05" />
    <testcase name="Equals (201)" classname="spec_perl_TestTsPacketHeader_t" time="4.60147857666016e-05" />
    <testcase name="Equals (202)" classname="spec_perl_TestTsPacketHeader_t" time="5.60283660888672e-05" />
    <testcase name="Equals (203)" classname="spec_perl_TestTsPacketHeader_t" time="8.48770141601562e-05" />
  </testsuite>
  <testsuite name="spec_perl_TestRepeatNStruct_t" errors="0" failures="0" skipped="0" tests="5" time="0.0293447971343994">
    <system-out>1..5
ok 1 - Equals
ok 2 - Equals
ok 3 - Equals
ok 4 - Equals
ok 5 - Equals
</system-out>
    <testcase name="Equals (204)" classname="spec_perl_TestRepeatNStruct_t" time="0.00109696388244629" />
    <testcase name="Equals (205)" classname="spec_perl_TestRepeatNStruct_t" time="5.69820404052734e-05" />
    <testcase name="Equals (206)" classname="spec_perl_TestRepeatNStruct_t" time="4.60147857666016e-05" />
    <testcase name="Equals (207)" classname="spec_perl_TestRepeatNStruct_t" time="4.1961669921875e-05" />
    <testcase name="Equals (208)" classname="spec_perl_TestRepeatNStruct_t" time="5.50746917724609e-05" />
  </testsuite>
  <testsuite name="spec_perl_TestRecursiveOne_t" errors="0" failures="0" skipped="0" tests="4" time="0.0294120311737061">
    <system-out>1..4
ok 1 - Equals
ok 2 - Equals
ok 3 - Equals
ok 4 - Equals
</system-out>
    <testcase name="Equals (209)" classname="spec_perl_TestRecursiveOne_t" time="0.00114607810974121" />
    <testcase name="Equals (210)" classname="spec_perl_TestRecursiveOne_t" time="5.41210174560547e-05" />
    <testcase name="Equals (211)" classname="spec_perl_TestRecursiveOne_t" time="4.38690185546875e-05" />
    <testcase name="Equals (212)" classname="spec_perl_TestRecursiveOne_t" time="6.19888305664062e-05" />
  </testsuite>
  <testsuite name="spec_perl_TestSwitchManualEnum_t" errors="0" failures="0" skipped="0" tests="9" time="0.0337021350860596">
    <system-out>1..9
ok 1 - Equals
ok 2 - Equals
ok 3 - Equals
ok 4 - Equals
ok 5 - Equals
ok 6 - Equals
ok 7 - Equals
ok 8 - Equals
ok 9 - Equals
</system-out>
    <testcase name="Equals (213)" classname="spec_perl_TestSwitchManualEnum_t" time="0.00116395950317383" />
    <testcase name="Equals (214)" classname="spec_perl_TestSwitchManualEnum_t" time="5.69820404052734e-05" />
    <testcase name="Equals (215)" classname="spec_perl_TestSwitchManualEnum_t" time="4.50611114501953e-05" />
    <testcase name="Equals (216)" classname="spec_perl_TestSwitchManualEnum_t" time="4.1961669921875e-05" />
    <testcase name="Equals (217)" classname="spec_perl_TestSwitchManualEnum_t" time="5.69820404052734e-05" />
    <testcase name="Equals (218)" classname="spec_perl_TestSwitchManualEnum_t" time="6.103515625e-05" />
    <testcase name="Equals (219)" classname="spec_perl_TestSwitchManualEnum_t" time="5.50746917724609e-05" />
    <testcase name="Equals (220)" classname="spec_perl_TestSwitchManualEnum_t" time="5.19752502441406e-05" />
    <testcase name="Equals (221)" classname="spec_perl_TestSwitchManualEnum_t" time="6.60419464111328e-05" />
  </testsuite>
  <testsuite name="spec_perl_TestExprSizeofType0_t" errors="0" failures="0" skipped="0" tests="1" time="0.0288679599761963">
    <system-out>1..1
ok 1 - Equals
</system-out>
    <testcase name="Equals (222)" classname="spec_perl_TestExprSizeofType0_t" time="0.00107884407043457" />
  </testsuite>
  <testsuite name="spec_perl_TestExprArray_t" errors="0" failures="1" skipped="0" tests="15" time="0.0346598625183105">
    <system-out>1..15
ok 1 - Equals
ok 2 - Equals
ok 3 - Equals
ok 4 - Equals
ok 5 - Equals
ok 6 - Equals
ok 7 - Approx equals
ok 8 - Approx equals
not ok 9 - Approx equals
ok 10 - Approx equals
ok 11 - Equals
ok 12 - Equals
ok 13 - Equals
ok 14 - Equals
ok 15 - Equals
</system-out>
    <testcase name="Equals (223)" classname="spec_perl_TestExprArray_t" time="0.00115704536437988" />
    <testcase name="Equals (224)" classname="spec_perl_TestExprArray_t" time="5.60283660888672e-05" />
    <testcase name="Equals (225)" classname="spec_perl_TestExprArray_t" time="5.19752502441406e-05" />
    <testcase name="Equals (226)" classname="spec_perl_TestExprArray_t" time="4.29153442382812e-05" />
    <testcase name="Equals (227)" classname="spec_perl_TestExprArray_t" time="6.69956207275391e-05" />
    <testcase name="Equals (228)" classname="spec_perl_TestExprArray_t" time="5.29289245605469e-05" />
    <testcase name="Approx equals (228)" classname="spec_perl_TestExprArray_t" time="4.22000885009766e-05" />
    <testcase name="Approx equals (229)" classname="spec_perl_TestExprArray_t" time="4.10079956054688e-05" />
    <testcase name="Approx equals (230)" classname="spec_perl_TestExprArray_t" time="4.79221343994141e-05">
      <failure message="not ok 9 - Approx equals" type="TAP::Parser::Result::Test"></failure>
    </testcase>
    <testcase name="Approx equals (231)" classname="spec_perl_TestExprArray_t" time="0.00074005126953125" />
    <testcase name="Equals (231)" classname="spec_perl_TestExprArray_t" time="6.79492950439453e-05" />
    <testcase name="Equals (232)" classname="spec_perl_TestExprArray_t" time="3.91006469726562e-05" />
    <testcase name="Equals (233)" classname="spec_perl_TestExprArray_t" time="3.69548797607422e-05" />
    <testcase name="Equals (234)" classname="spec_perl_TestExprArray_t" time="3.29017639160156e-05" />
    <testcase name="Equals (235)" classname="spec_perl_TestExprArray_t" time="3.09944152832031e-05" />
  </testsuite>
  <testsuite name="spec_perl_TestImportsAbsRel_t" errors="0" failures="0" skipped="0" tests="3" time="0.0301101207733154">
    <system-out>1..3
ok 1 - Equals
ok 2 - Equals
ok 3 - Equals
</system-out>
    <testcase name="Equals (236)" classname="spec_perl_TestImportsAbsRel_t" time="0.00107502937316895" />
    <testcase name="Equals (237)" classname="spec_perl_TestImportsAbsRel_t" time="6.19888305664062e-05" />
    <testcase name="Equals (238)" classname="spec_perl_TestImportsAbsRel_t" time="3.69548797607422e-05" />
  </testsuite>
  <testsuite name="spec_perl_TestNavParentVsValueInst_t" errors="0" failures="0" skipped="0" tests="1" time="0.0329568386077881">
    <system-out>1..1
ok 1 - Equals
</system-out>
    <testcase name="Equals (239)" classname="spec_perl_TestNavParentVsValueInst_t" time="0.00116705894470215" />
  </testsuite>
  <testsuite name="spec_perl_TestProcessRepeatBytes_t" errors="0" failures="0" skipped="0" tests="2" time="0.029426097869873">
    <system-out>1..2
ok 1 - Equals
ok 2 - Equals
</system-out>
    <testcase name="Equals (240)" classname="spec_perl_TestProcessRepeatBytes_t" time="0.0011749267578125" />
    <testcase name="Equals (241)" classname="spec_perl_TestProcessRepeatBytes_t" time="5.31673431396484e-05" />
  </testsuite>
  <testsuite name="spec_perl_TestSwitchIntegers_t" errors="0" failures="0" skipped="0" tests="9" time="0.0297451019287109">
    <system-out>1..9
ok 1 - Equals
ok 2 - Equals
ok 3 - Equals
ok 4 - Equals
ok 5 - Equals
ok 6 - Equals
ok 7 - Equals
ok 8 - Equals
ok 9 - Equals
</system-out>
    <testcase name="Equals (242)" classname="spec_perl_TestSwitchIntegers_t" time="0.0011448860168457" />
    <testcase name="Equals (243)" classname="spec_perl_TestSwitchIntegers_t" time="6.41345977783203e-05" />
    <testcase name="Equals (244)" classname="spec_perl_TestSwitchIntegers_t" time="4.60147857666016e-05" />
    <testcase name="Equals (245)" classname="spec_perl_TestSwitchIntegers_t" time="4.38690185546875e-05" />
    <testcase name="Equals (246)" classname="spec_perl_TestSwitchIntegers_t" time="4.10079956054688e-05" />
    <testcase name="Equals (247)" classname="spec_perl_TestSwitchIntegers_t" time="6.19888305664062e-05" />
    <testcase name="Equals (248)" classname="spec_perl_TestSwitchIntegers_t" time="4.1961669921875e-05" />
    <testcase name="Equals (249)" classname="spec_perl_TestSwitchIntegers_t" time="7.41481781005859e-05" />
    <testcase name="Equals (250)" classname="spec_perl_TestSwitchIntegers_t" time="4.10079956054688e-05" />
  </testsuite>
  <testsuite name="spec_perl_TestValidShort_t" errors="0" failures="0" skipped="1" tests="1" time="0.0343410968780518">
    <system-out>1..1
ok 1 # skip ValidShort=HASH(0x564b59769890)
</system-out>
    <testcase name="Unnamed test case 250" classname="spec_perl_TestValidShort_t" time="0.00148987770080566">
      <skipped message="ok 1 # skip ValidShort=HASH(0x564b59769890)" />
    </testcase>
  </testsuite>
  <testsuite name="spec_perl_TestTypeTernary2ndFalsy_t" errors="0" failures="0" skipped="0" tests="13" time="0.0301961898803711">
    <system-out>1..13
ok 1 - Equals
ok 2 - Equals
ok 3 - Equals
ok 4 - Approx equals
ok 5 - Approx equals
ok 6 - Equals
ok 7 - Equals
ok 8 - Equals
ok 9 - nil
ok 10 - Equals
ok 11 - Equals
ok 12 - Equals
ok 13 - Equals
</system-out>
    <testcase name="Equals (251)" classname="spec_perl_TestTypeTernary2ndFalsy_t" time="0.0011589527130127" />
    <testcase name="Equals (252)" classname="spec_perl_TestTypeTernary2ndFalsy_t" time="5.60283660888672e-05" />
    <testcase name="Equals (253)" classname="spec_perl_TestTypeTernary2ndFalsy_t" time="4.48226928710938e-05" />
    <testcase name="Approx equals (253)" classname="spec_perl_TestTypeTernary2ndFalsy_t" time="4.41074371337891e-05" />
    <testcase name="Approx equals (254)" classname="spec_perl_TestTypeTernary2ndFalsy_t" time="4.1961669921875e-05" />
    <testcase name="Equals (254)" classname="spec_perl_TestTypeTernary2ndFalsy_t" time="5.10215759277344e-05" />
    <testcase name="Equals (255)" classname="spec_perl_TestTypeTernary2ndFalsy_t" time="4.10079956054688e-05" />
    <testcase name="Equals (256)" classname="spec_perl_TestTypeTernary2ndFalsy_t" time="6.60419464111328e-05" />
    <testcase name="nil (256)" classname="spec_perl_TestTypeTernary2ndFalsy_t" time="4.10079956054688e-05" />
    <testcase name="Equals (257)" classname="spec_perl_TestTypeTernary2ndFalsy_t" time="5.60283660888672e-05" />
    <testcase name="Equals (258)" classname="spec_perl_TestTypeTernary2ndFalsy_t" time="6.07967376708984e-05" />
    <testcase name="Equals (259)" classname="spec_perl_TestTypeTernary2ndFalsy_t" time="5.7220458984375e-05" />
    <testcase name="Equals (260)" classname="spec_perl_TestTypeTernary2ndFalsy_t" time="5.98430633544922e-05" />
  </testsuite>
  <testsuite name="spec_perl_TestStrEncodingsDefault_t" errors="0" failures="0" skipped="0" tests="4" time="0.0366969108581543">
    <system-out>1..4
ok 1 - Equals
ok 2 - Equals
ok 3 - Equals
ok 4 - Equals
</system-out>
    <testcase name="Equals (261)" classname="spec_perl_TestStrEncodingsDefault_t" time="0.00455999374389648" />
    <testcase name="Equals (262)" classname="spec_perl_TestStrEncodingsDefault_t" time="5.60283660888672e-05" />
    <testcase name="Equals (263)" classname="spec_perl_TestStrEncodingsDefault_t" time="5.81741333007812e-05" />
    <testcase name="Equals (264)" classname="spec_perl_TestStrEncodingsDefault_t" time="3.48091125488281e-05" />
  </testsuite>
  <testsuite name="spec_perl_TestBytesPadTerm_t" errors="0" failures="0" skipped="0" tests="4" time="0.0294818878173828">
    <system-out>1..4
ok 1 - Equals
ok 2 - Equals
ok 3 - Equals
ok 4 - Equals
</system-out>
    <testcase name="Equals (265)" classname="spec_perl_TestBytesPadTerm_t" time="0.00112700462341309" />
    <testcase name="Equals (266)" classname="spec_perl_TestBytesPadTerm_t" time="5.69820404052734e-05" />
    <testcase name="Equals (267)" classname="spec_perl_TestBytesPadTerm_t" time="4.38690185546875e-05" />
    <testcase name="Equals (268)" classname="spec_perl_TestBytesPadTerm_t" time="4.10079956054688e-05" />
  </testsuite>
  <testsuite name="spec_perl_TestFixedStruct_t" errors="0" failures="0" skipped="0" tests="20" time="0.030501127243042">
    <system-out>1..20
ok 1 - Equals
ok 2 - Equals
ok 3 - Equals
ok 4 - Equals
ok 5 - Equals
ok 6 - Equals
ok 7 - Equals
ok 8 - Equals
ok 9 - Equals
ok 10 - Equals
ok 11 - Equals
ok 12 - Equals
ok 13 - Equals
ok 14 - Equals
ok 15 - Equals
ok 16 - Equals
ok 17 - Equals
ok 18 - Equals
ok 19 - Equals
ok 20 - Equals
</system-out>
    <testcase name="Equals (269)" classname="spec_perl_TestFixedStruct_t" time="0.0011589527130127" />
    <testcase name="Equals (270)" classname="spec_perl_TestFixedStruct_t" time="5.60283660888672e-05" />
    <testcase name="Equals (271)" classname="spec_perl_TestFixedStruct_t" time="5.10215759277344e-05" />
    <testcase name="Equals (272)" classname="spec_perl_TestFixedStruct_t" time="4.29153442382812e-05" />
    <testcase name="Equals (273)" classname="spec_perl_TestFixedStruct_t" time="6.79492950439453e-05" />
    <testcase name="Equals (274)" classname="spec_perl_TestFixedStruct_t" time="4.41074371337891e-05" />
    <testcase name="Equals (275)" classname="spec_perl_TestFixedStruct_t" time="6.19888305664062e-05" />
    <testcase name="Equals (276)" classname="spec_perl_TestFixedStruct_t" time="5.79357147216797e-05" />
    <testcase name="Equals (277)" classname="spec_perl_TestFixedStruct_t" time="5.79357147216797e-05" />
    <testcase name="Equals (278)" classname="spec_perl_TestFixedStruct_t" time="5.91278076171875e-05" />
    <testcase name="Equals (279)" classname="spec_perl_TestFixedStruct_t" time="6.103515625e-05" />
    <testcase name="Equals (280)" classname="spec_perl_TestFixedStruct_t" time="6.103515625e-05" />
    <testcase name="Equals (281)" classname="spec_perl_TestFixedStruct_t" time="5.48362731933594e-05" />
    <testcase name="Equals (282)" classname="spec_perl_TestFixedStruct_t" time="5.81741333007812e-05" />
    <testcase name="Equals (283)" classname="spec_perl_TestFixedStruct_t" time="5.69820404052734e-05" />
    <testcase name="Equals (284)" classname="spec_perl_TestFixedStruct_t" time="6.07967376708984e-05" />
    <testcase name="Equals (285)" classname="spec_perl_TestFixedStruct_t" time="5.60283660888672e-05" />
    <testcase name="Equals (286)" classname="spec_perl_TestFixedStruct_t" time="6.19888305664062e-05" />
    <testcase name="Equals (287)" classname="spec_perl_TestFixedStruct_t" time="5.60283660888672e-05" />
    <testcase name="Equals (288)" classname="spec_perl_TestFixedStruct_t" time="5.81741333007812e-05" />
  </testsuite>
  <testsuite name="spec_perl_TestExprBytesNonLiteral_t" errors="0" failures="0" skipped="0" tests="3" time="0.0291991233825684">
    <system-out>1..3
ok 1 - Equals
ok 2 - Equals
ok 3 - Equals
</system-out>
    <testcase name="Equals (289)" classname="spec_perl_TestExprBytesNonLiteral_t" time="0.00109100341796875" />
    <testcase name="Equals (290)" classname="spec_perl_TestExprBytesNonLiteral_t" time="6.103515625e-05" />
    <testcase name="Equals (291)" classname="spec_perl_TestExprBytesNonLiteral_t" time="4.79221343994141e-05" />
  </testsuite>
  <testsuite name="spec_perl_TestParamsPassArrayUsertype_t" errors="0" failures="1" skipped="4" tests="5" time="0.0310571193695068">
    <system-out>1..5
not ok 1 - test_params_pass_array_usertype died (Can't use an undefined value as an ARRAY reference at compiled/perl/ParamsPassArrayUsertype.pm line 123.)
ok 2 # skip test_params_pass_array_usertype died
ok 3 # skip test_params_pass_array_usertype died
ok 4 # skip test_params_pass_array_usertype died
ok 5 # skip test_params_pass_array_usertype died
</system-out>
    <testcase name="test_params_pass_array_usertype died (Can't use an undefined value as an ARRAY reference at compiled/perl/ParamsPassArrayUsertype.pm line 123.) (291)" classname="spec_perl_TestParamsPassArrayUsertype_t" time="0.00114607810974121">
      <failure message="not ok 1 - test_params_pass_array_usertype died (Can't use an undefined value as an ARRAY reference at compiled/perl/ParamsPassArrayUsertype.pm line 123.)" type="TAP::Parser::Result::Test"></failure>
    </testcase>
    <testcase name="Unnamed test case 291" classname="spec_perl_TestParamsPassArrayUsertype_t" time="7.79628753662109e-05">
      <skipped message="ok 2 # skip test_params_pass_array_usertype died" />
    </testcase>
    <testcase name="Unnamed test case 292" classname="spec_perl_TestParamsPassArrayUsertype_t" time="5.69820404052734e-05">
      <skipped message="ok 3 # skip test_params_pass_array_usertype died" />
    </testcase>
    <testcase name="Unnamed test case 293" classname="spec_perl_TestParamsPassArrayUsertype_t" time="3.814697265625e-05">
      <skipped message="ok 4 # skip test_params_pass_array_usertype died" />
    </testcase>
    <testcase name="Unnamed test case 294" classname="spec_perl_TestParamsPassArrayUsertype_t" time="3.60012054443359e-05">
      <skipped message="ok 5 # skip test_params_pass_array_usertype died" />
    </testcase>
  </testsuite>
  <testsuite name="spec_perl_TestNestedSameName_t" errors="0" failures="0" skipped="0" tests="2" time="0.0293681621551514">
    <system-out>1..2
ok 1 - Equals
ok 2 - Equals
</system-out>
    <testcase name="Equals (294)" classname="spec_perl_TestNestedSameName_t" time="0.00112414360046387" />
    <testcase name="Equals (295)" classname="spec_perl_TestNestedSameName_t" time="5.50746917724609e-05" />
  </testsuite>
  <testsuite name="spec_perl_TestEnumNegative_t" errors="0" failures="0" skipped="0" tests="2" time="0.0285890102386475">
    <system-out>1..2
ok 1 - Equals
ok 2 - Equals
</system-out>
    <testcase name="Equals (296)" classname="spec_perl_TestEnumNegative_t" time="0.00111007690429688" />
    <testcase name="Equals (297)" classname="spec_perl_TestEnumNegative_t" time="5.29289245605469e-05" />
  </testsuite>
  <testsuite name="spec_perl_TestRepeatEosStruct_t" errors="0" failures="0" skipped="0" tests="5" time="0.0297350883483887">
    <system-out>1..5
ok 1 - Equals
ok 2 - Equals
ok 3 - Equals
ok 4 - Equals
ok 5 - Equals
</system-out>
    <testcase name="Equals (298)" classname="spec_perl_TestRepeatEosStruct_t" time="0.00115513801574707" />
    <testcase name="Equals (299)" classname="spec_perl_TestRepeatEosStruct_t" time="5.50746917724609e-05" />
    <testcase name="Equals (300)" classname="spec_perl_TestRepeatEosStruct_t" time="4.48226928710938e-05" />
    <testcase name="Equals (301)" classname="spec_perl_TestRepeatEosStruct_t" time="6.19888305664062e-05" />
    <testcase name="Equals (302)" classname="spec_perl_TestRepeatEosStruct_t" time="5.50746917724609e-05" />
  </testsuite>
  <testsuite name="spec_perl_TestEnumFancy_t" errors="0" failures="0" skipped="0" tests="2" time="0.0288147926330566">
    <system-out>1..2
ok 1 - Equals
ok 2 - Equals
</system-out>
    <testcase name="Equals (303)" classname="spec_perl_TestEnumFancy_t" time="0.00111293792724609" />
    <testcase name="Equals (304)" classname="spec_perl_TestEnumFancy_t" time="5.29289245605469e-05" />
  </testsuite>
  <testsuite name="spec_perl_TestImports0_t" errors="0" failures="0" skipped="0" tests="3" time="0.0293231010437012">
    <system-out>1..3
ok 1 - Equals
ok 2 - Equals
ok 3 - Equals
</system-out>
    <testcase name="Equals (305)" classname="spec_perl_TestImports0_t" time="0.00111985206604004" />
    <testcase name="Equals (306)" classname="spec_perl_TestImports0_t" time="6.103515625e-05" />
    <testcase name="Equals (307)" classname="spec_perl_TestImports0_t" time="4.60147857666016e-05" />
  </testsuite>
  <testsuite name="spec_perl_TestProcessRotate_t" errors="0" failures="0" skipped="0" tests="3" time="0.0296759605407715">
    <system-out>1..3
ok 1 - Equals
ok 2 - Equals
ok 3 - Equals
</system-out>
    <testcase name="Equals (308)" classname="spec_perl_TestProcessRotate_t" time="0.00110101699829102" />
    <testcase name="Equals (309)" classname="spec_perl_TestProcessRotate_t" time="5.50746917724609e-05" />
    <testcase name="Equals (310)" classname="spec_perl_TestProcessRotate_t" time="4.60147857666016e-05" />
  </testsuite>
  <testsuite name="spec_perl_TestBitsEnum_t" errors="0" failures="0" skipped="0" tests="3" time="0.0298168659210205">
    <system-out>1..3
ok 1 - Equals
ok 2 - Equals
ok 3 - Equals
</system-out>
    <testcase name="Equals (311)" classname="spec_perl_TestBitsEnum_t" time="0.0011131763458252" />
    <testcase name="Equals (312)" classname="spec_perl_TestBitsEnum_t" time="5.79357147216797e-05" />
    <testcase name="Equals (313)" classname="spec_perl_TestBitsEnum_t" time="5.50746917724609e-05" />
  </testsuite>
  <testsuite name="spec_perl_TestProcessXor4Value_t" errors="0" failures="0" skipped="0" tests="2" time="0.028904914855957">
    <system-out>1..2
ok 1 - Equals
ok 2 - Equals
</system-out>
    <testcase name="Equals (314)" classname="spec_perl_TestProcessXor4Value_t" time="0.00113296508789062" />
    <testcase name="Equals (315)" classname="spec_perl_TestProcessXor4Value_t" time="5.50746917724609e-05" />
  </testsuite>
  <testsuite name="spec_perl_TestNavParentOverride_t" errors="0" failures="0" skipped="0" tests="3" time="0.0291781425476074">
    <system-out>1..3
ok 1 - Equals
ok 2 - Equals
ok 3 - Equals
</system-out>
    <testcase name="Equals (316)" classname="spec_perl_TestNavParentOverride_t" time="0.00115489959716797" />
    <testcase name="Equals (317)" classname="spec_perl_TestNavParentOverride_t" time="5.41210174560547e-05" />
    <testcase name="Equals (318)" classname="spec_perl_TestNavParentOverride_t" time="4.50611114501953e-05" />
  </testsuite>
  <testsuite name="spec_perl_TestEnumOfValueInst_t" errors="0" failures="0" skipped="0" tests="4" time="0.0290858745574951">
    <system-out>1..4
ok 1 - Equals
ok 2 - Equals
ok 3 - Equals
ok 4 - Equals
</system-out>
    <testcase name="Equals (319)" classname="spec_perl_TestEnumOfValueInst_t" time="0.00109982490539551" />
    <testcase name="Equals (320)" classname="spec_perl_TestEnumOfValueInst_t" time="5.60283660888672e-05" />
    <testcase name="Equals (321)" classname="spec_perl_TestEnumOfValueInst_t" time="4.79221343994141e-05" />
    <testcase name="Equals (322)" classname="spec_perl_TestEnumOfValueInst_t" time="5.50746917724609e-05" />
  </testsuite>
  <testsuite name="spec_perl_TestExprSizeofValueSized_t" errors="0" failures="0" skipped="0" tests="5" time="0.029987096786499">
    <system-out>1..5
ok 1 - Equals
ok 2 - Equals
ok 3 - Equals
ok 4 - Equals
ok 5 - Equals
</system-out>
    <testcase name="Equals (323)" classname="spec_perl_TestExprSizeofValueSized_t" time="0.0013120174407959" />
    <testcase name="Equals (324)" classname="spec_perl_TestExprSizeofValueSized_t" time="5.91278076171875e-05" />
    <testcase name="Equals (325)" classname="spec_perl_TestExprSizeofValueSized_t" time="4.48226928710938e-05" />
    <testcase name="Equals (326)" classname="spec_perl_TestExprSizeofValueSized_t" time="4.31537628173828e-05" />
    <testcase name="Equals (327)" classname="spec_perl_TestExprSizeofValueSized_t" time="6.29425048828125e-05" />
  </testsuite>
  <testsuite name="spec_perl_TestValidOptionalId_t" errors="1" failures="0" skipped="0" tests="0" time="0.0264089107513428">
    <system-out></system-out>
    <testcase name="Test died too soon, even before plan. (327)" classname="spec_perl_TestValidOptionalId_t" time="0.0264089107513428">
      <failure message="The test suite died before a plan was produced. You need to have a plan." type="Plan">No plan</failure>
    </testcase>
  </testsuite>
  <testsuite name="spec_perl_TestStrLiterals2_t" errors="0" failures="0" skipped="0" tests="4" time="0.0291259288787842">
    <system-out>1..4
ok 1 - Equals
ok 2 - Equals
ok 3 - Equals
ok 4 - Equals
</system-out>
    <testcase name="Equals (328)" classname="spec_perl_TestStrLiterals2_t" time="0.00106000900268555" />
    <testcase name="Equals (329)" classname="spec_perl_TestStrLiterals2_t" time="6.00814819335938e-05" />
    <testcase name="Equals (330)" classname="spec_perl_TestStrLiterals2_t" time="4.91142272949219e-05" />
    <testcase name="Equals (331)" classname="spec_perl_TestStrLiterals2_t" time="6.98566436767578e-05" />
  </testsuite>
  <testsuite name="spec_perl_TestParamsEnum_t" errors="0" failures="1" skipped="0" tests="2" time="0.0325911045074463">
    <system-out>1..2
ok 1 - Equals
not ok 2 - Equals
</system-out>
    <testcase name="Equals (332)" classname="spec_perl_TestParamsEnum_t" time="0.00137901306152344" />
    <testcase name="Equals (333)" classname="spec_perl_TestParamsEnum_t" time="0.000500202178955078">
      <failure message="not ok 2 - Equals" type="TAP::Parser::Result::Test"></failure>
    </testcase>
  </testsuite>
  <testsuite name="spec_perl_TestSwitchElseOnly_t" errors="0" failures="0" skipped="0" tests="3" time="0.0290899276733398">
    <system-out>1..3
ok 1 - Equals
ok 2 - Equals
ok 3 - Equals
</system-out>
    <testcase name="Equals (334)" classname="spec_perl_TestSwitchElseOnly_t" time="0.00111103057861328" />
    <testcase name="Equals (335)" classname="spec_perl_TestSwitchElseOnly_t" time="5.98430633544922e-05" />
    <testcase name="Equals (336)" classname="spec_perl_TestSwitchElseOnly_t" time="4.69684600830078e-05" />
  </testsuite>
  <testsuite name="spec_perl_TestCombineStr_t" errors="0" failures="0" skipped="0" tests="15" time="0.0338728427886963">
    <system-out>1..15
ok 1 - Equals
ok 2 - Equals
ok 3 - Equals
ok 4 - Equals
ok 5 - Equals
ok 6 - Equals
ok 7 - Equals
ok 8 - Equals
ok 9 - Equals
ok 10 - Equals
ok 11 - Equals
ok 12 - Equals
ok 13 - Equals
ok 14 - Equals
ok 15 - Equals
</system-out>
    <testcase name="Equals (337)" classname="spec_perl_TestCombineStr_t" time="0.00115799903869629" />
    <testcase name="Equals (338)" classname="spec_perl_TestCombineStr_t" time="6.103515625e-05" />
    <testcase name="Equals (339)" classname="spec_perl_TestCombineStr_t" time="4.48226928710938e-05" />
    <testcase name="Equals (340)" classname="spec_perl_TestCombineStr_t" time="4.10079956054688e-05" />
    <testcase name="Equals (341)" classname="spec_perl_TestCombineStr_t" time="7.41481781005859e-05" />
    <testcase name="Equals (342)" classname="spec_perl_TestCombineStr_t" time="5.88893890380859e-05" />
    <testcase name="Equals (343)" classname="spec_perl_TestCombineStr_t" time="6.103515625e-05" />
    <testcase name="Equals (344)" classname="spec_perl_TestCombineStr_t" time="5.88893890380859e-05" />
    <testcase name="Equals (345)" classname="spec_perl_TestCombineStr_t" time="6.81877136230469e-05" />
    <testcase name="Equals (346)" classname="spec_perl_TestCombineStr_t" time="5.29289245605469e-05" />
    <testcase name="Equals (347)" classname="spec_perl_TestCombineStr_t" time="5.79357147216797e-05" />
    <testcase name="Equals (348)" classname="spec_perl_TestCombineStr_t" time="6.00814819335938e-05" />
    <testcase name="Equals (349)" classname="spec_perl_TestCombineStr_t" time="5.88893890380859e-05" />
    <testcase name="Equals (350)" classname="spec_perl_TestCombineStr_t" time="5.81741333007812e-05" />
    <testcase name="Equals (351)" classname="spec_perl_TestCombineStr_t" time="5.88893890380859e-05" />
  </testsuite>
  <testsuite name="spec_perl_TestIntegersMinMax_t" errors="0" failures="0" skipped="0" tests="28" time="0.0310111045837402">
    <system-out>1..28
ok 1 - Equals
ok 2 - Equals
ok 3 - Equals
ok 4 - Equals
ok 5 - Equals
ok 6 - Equals
ok 7 - Equals
ok 8 - Equals
ok 9 - Equals
ok 10 - Equals
ok 11 - Equals
ok 12 - Equals
ok 13 - Equals
ok 14 - Equals
ok 15 - Equals
ok 16 - Equals
ok 17 - Equals
ok 18 - Equals
ok 19 - Equals
ok 20 - Equals
ok 21 - Equals
ok 22 - Equals
ok 23 - Equals
ok 24 - Equals
ok 25 - Equals
ok 26 - Equals
ok 27 - Equals
ok 28 - Equals
</system-out>
    <testcase name="Equals (352)" classname="spec_perl_TestIntegersMinMax_t" time="0.00111293792724609" />
    <testcase name="Equals (353)" classname="spec_perl_TestIntegersMinMax_t" time="5.41210174560547e-05" />
    <testcase name="Equals (354)" classname="spec_perl_TestIntegersMinMax_t" time="4.48226928710938e-05" />
    <testcase name="Equals (355)" classname="spec_perl_TestIntegersMinMax_t" time="5.91278076171875e-05" />
    <testcase name="Equals (356)" classname="spec_perl_TestIntegersMinMax_t" time="5.29289245605469e-05" />
    <testcase name="Equals (357)" classname="spec_perl_TestIntegersMinMax_t" time="6.60419464111328e-05" />
    <testcase name="Equals (358)" classname="spec_perl_TestIntegersMinMax_t" time="6.38961791992188e-05" />
    <testcase name="Equals (359)" classname="spec_perl_TestIntegersMinMax_t" time="4.10079956054688e-05" />
    <testcase name="Equals (360)" classname="spec_perl_TestIntegersMinMax_t" time="6.60419464111328e-05" />
    <testcase name="Equals (361)" classname="spec_perl_TestIntegersMinMax_t" time="6.00814819335938e-05" />
    <testcase name="Equals (362)" classname="spec_perl_TestIntegersMinMax_t" time="6.19888305664062e-05" />
    <testcase name="Equals (363)" classname="spec_perl_TestIntegersMinMax_t" time="5.38825988769531e-05" />
    <testcase name="Equals (364)" classname="spec_perl_TestIntegersMinMax_t" time="5.10215759277344e-05" />
    <testcase name="Equals (365)" classname="spec_perl_TestIntegersMinMax_t" time="8.29696655273438e-05" />
    <testcase name="Equals (366)" classname="spec_perl_TestIntegersMinMax_t" time="6.00814819335938e-05" />
    <testcase name="Equals (367)" classname="spec_perl_TestIntegersMinMax_t" time="6.19888305664062e-05" />
    <testcase name="Equals (368)" classname="spec_perl_TestIntegersMinMax_t" time="5.79357147216797e-05" />
    <testcase name="Equals (369)" classname="spec_perl_TestIntegersMinMax_t" time="5.81741333007812e-05" />
    <testcase name="Equals (370)" classname="spec_perl_TestIntegersMinMax_t" time="6.19888305664062e-05" />
    <testcase name="Equals (371)" classname="spec_perl_TestIntegersMinMax_t" time="5.98430633544922e-05" />
    <testcase name="Equals (372)" classname="spec_perl_TestIntegersMinMax_t" time="5.50746917724609e-05" />
    <testcase name="Equals (373)" classname="spec_perl_TestIntegersMinMax_t" time="6.29425048828125e-05" />
    <testcase name="Equals (374)" classname="spec_perl_TestIntegersMinMax_t" time="5.50746917724609e-05" />
    <testcase name="Equals (375)" classname="spec_perl_TestIntegersMinMax_t" time="5.79357147216797e-05" />
    <testcase name="Equals (376)" classname="spec_perl_TestIntegersMinMax_t" time="5.91278076171875e-05" />
    <testcase name="Equals (377)" classname="spec_perl_TestIntegersMinMax_t" time="5.69820404052734e-05" />
    <testcase name="Equals (378)" classname="spec_perl_TestIntegersMinMax_t" time="5.79357147216797e-05" />
    <testcase name="Equals (379)" classname="spec_perl_TestIntegersMinMax_t" time="6.38961791992188e-05" />
  </testsuite>
  <testsuite name="spec_perl_TestNestedTypes_t" errors="0" failures="0" skipped="0" tests="3" time="0.0296239852905273">
    <system-out>1..3
ok 1 - Equals
ok 2 - Equals
ok 3 - Equals
</system-out>
    <testcase name="Equals (380)" classname="spec_perl_TestNestedTypes_t" time="0.00110101699829102" />
    <testcase name="Equals (381)" classname="spec_perl_TestNestedTypes_t" time="5.60283660888672e-05" />
    <testcase name="Equals (382)" classname="spec_perl_TestNestedTypes_t" time="4.60147857666016e-05" />
  </testsuite>
  <testsuite name="spec_perl_TestSwitchRepeatExpr_t" errors="0" failures="0" skipped="0" tests="3" time="0.0298621654510498">
    <system-out>1..3
ok 1 - Equals
ok 2 - Equals
ok 3 - Equals
</system-out>
    <testcase name="Equals (383)" classname="spec_perl_TestSwitchRepeatExpr_t" time="0.00145411491394043" />
    <testcase name="Equals (384)" classname="spec_perl_TestSwitchRepeatExpr_t" time="7.48634338378906e-05" />
    <testcase name="Equals (385)" classname="spec_perl_TestSwitchRepeatExpr_t" time="4.00543212890625e-05" />
  </testsuite>
  <testsuite name="spec_perl_TestExprBytesCmp_t" errors="0" failures="0" skipped="0" tests="10" time="0.0296568870544434">
    <system-out>1..10
ok 1 - Equals
ok 2 - Equals
ok 3 - Equals
ok 4 - Equals
ok 5 - Equals
ok 6 - Equals
ok 7 - Equals
ok 8 - Equals
ok 9 - Equals
ok 10 - Equals
</system-out>
    <testcase name="Equals (386)" classname="spec_perl_TestExprBytesCmp_t" time="0.00106501579284668" />
    <testcase name="Equals (387)" classname="spec_perl_TestExprBytesCmp_t" time="5.48362731933594e-05" />
    <testcase name="Equals (388)" classname="spec_perl_TestExprBytesCmp_t" time="4.50611114501953e-05" />
    <testcase name="Equals (389)" classname="spec_perl_TestExprBytesCmp_t" time="4.50611114501953e-05" />
    <testcase name="Equals (390)" classname="spec_perl_TestExprBytesCmp_t" time="8.08238983154297e-05" />
    <testcase name="Equals (391)" classname="spec_perl_TestExprBytesCmp_t" time="5.00679016113281e-05" />
    <testcase name="Equals (392)" classname="spec_perl_TestExprBytesCmp_t" time="8.79764556884766e-05" />
    <testcase name="Equals (393)" classname="spec_perl_TestExprBytesCmp_t" time="4.31537628173828e-05" />
    <testcase name="Equals (394)" classname="spec_perl_TestExprBytesCmp_t" time="6.69956207275391e-05" />
    <testcase name="Equals (395)" classname="spec_perl_TestExprBytesCmp_t" time="6.4849853515625e-05" />
  </testsuite>
  <testsuite name="spec_perl_TestBitsUnalignedB32Be_t" errors="0" failures="0" skipped="0" tests="3" time="0.0292069911956787">
    <system-out>1..3
ok 1 - Equals
ok 2 - Equals
ok 3 - Equals
</system-out>
    <testcase name="Equals (396)" classname="spec_perl_TestBitsUnalignedB32Be_t" time="0.00112509727478027" />
    <testcase name="Equals (397)" classname="spec_perl_TestBitsUnalignedB32Be_t" time="5.50746917724609e-05" />
    <testcase name="Equals (398)" classname="spec_perl_TestBitsUnalignedB32Be_t" time="5.10215759277344e-05" />
  </testsuite>
  <testsuite name="spec_perl_TestProcessXorConst_t" errors="0" failures="0" skipped="0" tests="2" time="0.0289108753204346">
    <system-out>1..2
ok 1 - Equals
ok 2 - Equals
</system-out>
    <testcase name="Equals (399)" classname="spec_perl_TestProcessXorConst_t" time="0.00113201141357422" />
    <testcase name="Equals (400)" classname="spec_perl_TestProcessXorConst_t" time="5.41210174560547e-05" />
  </testsuite>
  <testsuite name="spec_perl_TestStrEncodingsUtf16_t" errors="0" failures="0" skipped="0" tests="6" time="0.034553050994873">
    <system-out>1..6
ok 1 - Equals
ok 2 - Equals
ok 3 - Equals
ok 4 - Equals
ok 5 - Equals
ok 6 - Equals
</system-out>
    <testcase name="Equals (401)" classname="spec_perl_TestStrEncodingsUtf16_t" time="0.00220608711242676" />
    <testcase name="Equals (402)" classname="spec_perl_TestStrEncodingsUtf16_t" time="7.29560852050781e-05" />
    <testcase name="Equals (403)" classname="spec_perl_TestStrEncodingsUtf16_t" time="3.79085540771484e-05" />
    <testcase name="Equals (404)" classname="spec_perl_TestStrEncodingsUtf16_t" time="3.40938568115234e-05" />
    <testcase name="Equals (405)" classname="spec_perl_TestStrEncodingsUtf16_t" time="4.38690185546875e-05" />
    <testcase name="Equals (406)" classname="spec_perl_TestStrEncodingsUtf16_t" time="3.21865081787109e-05" />
  </testsuite>
  <testsuite name="spec_perl_TestPositionAbs_t" errors="0" failures="0" skipped="0" tests="2" time="0.0333209037780762">
    <system-out>1..2
ok 1 - Equals
ok 2 - Equals
</system-out>
    <testcase name="Equals (407)" classname="spec_perl_TestPositionAbs_t" time="0.0010991096496582" />
    <testcase name="Equals (408)" classname="spec_perl_TestPositionAbs_t" time="0.000128984451293945" />
  </testsuite>
  <testsuite name="spec_perl_TestValidEqStrEncodings_t" errors="0" failures="0" skipped="1" tests="1" time="0.0366899967193604">
    <system-out>1..1
ok 1 # skip ValidEqStrEncodings=HASH(0x564175827b30)
</system-out>
    <testcase name="Unnamed test case 408" classname="spec_perl_TestValidEqStrEncodings_t" time="0.00495386123657227">
      <skipped message="ok 1 # skip ValidEqStrEncodings=HASH(0x564175827b30)" />
    </testcase>
  </testsuite>
  <testsuite name="spec_perl_TestExpr1_t" errors="0" failures="0" skipped="0" tests="4" time="0.0331320762634277">
    <system-out>1..4
ok 1 - Equals
ok 2 - Equals
ok 3 - Equals
ok 4 - Equals
</system-out>
    <testcase name="Equals (409)" classname="spec_perl_TestExpr1_t" time="0.00111508369445801" />
    <testcase name="Equals (410)" classname="spec_perl_TestExpr1_t" time="5.50746917724609e-05" />
    <testcase name="Equals (411)" classname="spec_perl_TestExpr1_t" time="4.38690185546875e-05" />
    <testcase name="Equals (412)" classname="spec_perl_TestExpr1_t" time="4.1961669921875e-05" />
  </testsuite>
  <testsuite name="spec_perl_TestNavRoot_t" errors="0" failures="0" skipped="0" tests="5" time="0.0335350036621094">
    <system-out>1..5
ok 1 - Equals
ok 2 - Equals
ok 3 - Equals
ok 4 - Equals
ok 5 - Equals
</system-out>
    <testcase name="Equals (413)" classname="spec_perl_TestNavRoot_t" time="0.0012199878692627" />
    <testcase name="Equals (414)" classname="spec_perl_TestNavRoot_t" time="5.38825988769531e-05" />
    <testcase name="Equals (415)" classname="spec_perl_TestNavRoot_t" time="4.50611114501953e-05" />
    <testcase name="Equals (416)" classname="spec_perl_TestNavRoot_t" time="6.29425048828125e-05" />
    <testcase name="Equals (417)" classname="spec_perl_TestNavRoot_t" time="6.103515625e-05" />
  </testsuite>
  <testsuite name="spec_perl_TestRepeatEosBit_t" errors="0" failures="0" skipped="0" tests="1" time="0.0291469097137451">
    <system-out>1..1
ok 1 - Equals
</system-out>
    <testcase name="Equals (418)" classname="spec_perl_TestRepeatEosBit_t" time="0.00115513801574707" />
  </testsuite>
  <testsuite name="spec_perl_TestBitsShiftByB32Le_t" errors="0" failures="0" skipped="0" tests="2" time="0.0291149616241455">
    <system-out>1..2
ok 1 - Equals
ok 2 - Equals
</system-out>
    <testcase name="Equals (419)" classname="spec_perl_TestBitsShiftByB32Le_t" time="0.00111794471740723" />
    <testcase name="Equals (420)" classname="spec_perl_TestBitsShiftByB32Le_t" time="5.60283660888672e-05" />
  </testsuite>
  <testsuite name="spec_perl_TestNonStandard_t" errors="0" failures="0" skipped="0" tests="1" time="0.0290980339050293">
    <system-out>1..1
ok 1 - Equals
</system-out>
    <testcase name="Equals (421)" classname="spec_perl_TestNonStandard_t" time="0.00105404853820801" />
  </testsuite>
  <testsuite name="spec_perl_TestNavParentFalse2_t" errors="0" failures="0" skipped="0" tests="1" time="0.0290968418121338">
    <system-out>1..1
ok 1 - Equals
</system-out>
    <testcase name="Equals (422)" classname="spec_perl_TestNavParentFalse2_t" time="0.00111985206604004" />
  </testsuite>
  <testsuite name="spec_perl_TestDefaultEndianExprInherited_t" errors="0" failures="0" skipped="0" tests="15" time="0.0307650566101074">
    <system-out>1..15
ok 1 - Equals
ok 2 - Equals
ok 3 - Equals
ok 4 - Equals
ok 5 - Equals
ok 6 - Equals
ok 7 - Equals
ok 8 - Equals
ok 9 - Equals
ok 10 - Equals
ok 11 - Equals
ok 12 - Equals
ok 13 - Equals
ok 14 - Equals
ok 15 - Equals
</system-out>
    <testcase name="Equals (423)" classname="spec_perl_TestDefaultEndianExprInherited_t" time="0.00119900703430176" />
    <testcase name="Equals (424)" classname="spec_perl_TestDefaultEndianExprInherited_t" time="5.31673431396484e-05" />
    <testcase name="Equals (425)" classname="spec_perl_TestDefaultEndianExprInherited_t" time="4.38690185546875e-05" />
    <testcase name="Equals (426)" classname="spec_perl_TestDefaultEndianExprInherited_t" time="7.20024108886719e-05" />
    <testcase name="Equals (427)" classname="spec_perl_TestDefaultEndianExprInherited_t" time="7.10487365722656e-05" />
    <testcase name="Equals (428)" classname="spec_perl_TestDefaultEndianExprInherited_t" time="6.19888305664062e-05" />
    <testcase name="Equals (429)" classname="spec_perl_TestDefaultEndianExprInherited_t" time="5.88893890380859e-05" />
    <testcase name="Equals (430)" classname="spec_perl_TestDefaultEndianExprInherited_t" time="5.91278076171875e-05" />
    <testcase name="Equals (431)" classname="spec_perl_TestDefaultEndianExprInherited_t" time="6.00814819335938e-05" />
    <testcase name="Equals (432)" classname="spec_perl_TestDefaultEndianExprInherited_t" time="7.79628753662109e-05" />
    <testcase name="Equals (433)" classname="spec_perl_TestDefaultEndianExprInherited_t" time="4.60147857666016e-05" />
    <testcase name="Equals (434)" classname="spec_perl_TestDefaultEndianExprInherited_t" time="5.88893890380859e-05" />
    <testcase name="Equals (435)" classname="spec_perl_TestDefaultEndianExprInherited_t" time="6.00814819335938e-05" />
    <testcase name="Equals (436)" classname="spec_perl_TestDefaultEndianExprInherited_t" time="5.69820404052734e-05" />
    <testcase name="Equals (437)" classname="spec_perl_TestDefaultEndianExprInherited_t" time="7.39097595214844e-05" />
  </testsuite>
  <testsuite name="spec_perl_TestStrPadTermEmpty_t" errors="0" failures="0" skipped="0" tests="4" time="0.0330359935760498">
    <system-out>1..4
ok 1 - Equals
ok 2 - Equals
ok 3 - Equals
ok 4 - Equals
</system-out>
    <testcase name="Equals (438)" classname="spec_perl_TestStrPadTermEmpty_t" time="0.00112700462341309" />
    <testcase name="Equals (439)" classname="spec_perl_TestStrPadTermEmpty_t" time="5.48362731933594e-05" />
    <testcase name="Equals (440)" classname="spec_perl_TestStrPadTermEmpty_t" time="4.50611114501953e-05" />
    <testcase name="Equals (441)" classname="spec_perl_TestStrPadTermEmpty_t" time="4.29153442382812e-05" />
  </testsuite>
  <testsuite name="spec_perl_TestProcessXorValue_t" errors="0" failures="0" skipped="0" tests="2" time="0.0289499759674072">
    <system-out>1..2
ok 1 - Equals
ok 2 - Equals
</system-out>
    <testcase name="Equals (442)" classname="spec_perl_TestProcessXorValue_t" time="0.00113606452941895" />
    <testcase name="Equals (443)" classname="spec_perl_TestProcessXorValue_t" time="5.69820404052734e-05" />
  </testsuite>
  <testsuite name="spec_perl_TestImportsRel1_t" errors="0" failures="0" skipped="0" tests="3" time="0.0294110774993896">
    <system-out>1..3
ok 1 - Equals
ok 2 - Equals
ok 3 - Equals
</system-out>
    <testcase name="Equals (444)" classname="spec_perl_TestImportsRel1_t" time="0.00109195709228516" />
    <testcase name="Equals (445)" classname="spec_perl_TestImportsRel1_t" time="5.91278076171875e-05" />
    <testcase name="Equals (446)" classname="spec_perl_TestImportsRel1_t" time="4.60147857666016e-05" />
  </testsuite>
  <testsuite name="spec_perl_TestStrLiterals_t" errors="0" failures="0" skipped="0" tests="5" time="0.029306173324585">
    <system-out>1..5
ok 1 - Equals
ok 2 - Equals
ok 3 - Equals
ok 4 - Equals
ok 5 - Equals
</system-out>
    <testcase name="Equals (447)" classname="spec_perl_TestStrLiterals_t" time="0.00106620788574219" />
    <testcase name="Equals (448)" classname="spec_perl_TestStrLiterals_t" time="5.38825988769531e-05" />
    <testcase name="Equals (449)" classname="spec_perl_TestStrLiterals_t" time="6.50882720947266e-05" />
    <testcase name="Equals (450)" classname="spec_perl_TestStrLiterals_t" time="6.60419464111328e-05" />
    <testcase name="Equals (451)" classname="spec_perl_TestStrLiterals_t" time="6.29425048828125e-05" />
  </testsuite>
  <testsuite name="spec_perl_TestInstanceStd_t" errors="0" failures="0" skipped="0" tests="1" time="0.0335052013397217">
    <system-out>1..1
ok 1 - Equals
</system-out>
    <testcase name="Equals (452)" classname="spec_perl_TestInstanceStd_t" time="0.00106501579284668" />
  </testsuite>
  <testsuite name="spec_perl_TestProcessCustom_t" errors="1" failures="0" skipped="0" tests="0" time="0.0264830589294434">
    <system-out></system-out>
    <testcase name="Test died too soon, even before plan. (452)" classname="spec_perl_TestProcessCustom_t" time="0.0264830589294434">
      <failure message="The test suite died before a plan was produced. You need to have a plan." type="Plan">No plan</failure>
    </testcase>
  </testsuite>
  <testsuite name="spec_perl_TestExprBits_t" errors="0" failures="0" skipped="0" tests="10" time="0.0296628475189209">
    <system-out>1..10
ok 1 - Equals
ok 2 - Equals
ok 3 - Equals
ok 4 - Equals
ok 5 - Equals
ok 6 - Equals
ok 7 - Equals
ok 8 - Equals
ok 9 - Equals
ok 10 - Equals
</system-out>
    <testcase name="Equals (453)" classname="spec_perl_TestExprBits_t" time="0.00113010406494141" />
    <testcase name="Equals (454)" classname="spec_perl_TestExprBits_t" time="5.60283660888672e-05" />
    <testcase name="Equals (455)" classname="spec_perl_TestExprBits_t" time="4.60147857666016e-05" />
    <testcase name="Equals (456)" classname="spec_perl_TestExprBits_t" time="4.57763671875e-05" />
[...]
    <system-out>1..14
ok 1 - Equals
ok 2 - Equals
ok 3 - Equals
ok 4 - Equals
ok 5 - Equals
ok 6 - Equals
ok 7 - Equals
ok 8 - Equals
ok 9 - Equals
ok 10 - Equals
ok 11 - Equals
ok 12 - Equals
ok 13 - Equals
ok 14 - Equals
</system-out>
    <testcase name="Equals (883)" classname="spec_perl_TestBitsSimple_t" time="0.00122690200805664" />
    <testcase name="Equals (884)" classname="spec_perl_TestBitsSimple_t" time="4.72068786621094e-05" />
    <testcase name="Equals (885)" classname="spec_perl_TestBitsSimple_t" time="3.98159027099609e-05" />
    <testcase name="Equals (886)" classname="spec_perl_TestBitsSimple_t" time="6.31809234619141e-05" />
    <testcase name="Equals (887)" classname="spec_perl_TestBitsSimple_t" time="6.58035278320312e-05" />
    <testcase name="Equals (888)" classname="spec_perl_TestBitsSimple_t" time="5.41210174560547e-05" />
    <testcase name="Equals (889)" classname="spec_perl_TestBitsSimple_t" time="5.79357147216797e-05" />
    <testcase name="Equals (890)" classname="spec_perl_TestBitsSimple_t" time="6.103515625e-05" />
    <testcase name="Equals (891)" classname="spec_perl_TestBitsSimple_t" time="5.50746917724609e-05" />
    <testcase name="Equals (892)" classname="spec_perl_TestBitsSimple_t" time="5.69820404052734e-05" />
    <testcase name="Equals (893)" classname="spec_perl_TestBitsSimple_t" time="5.79357147216797e-05" />
    <testcase name="Equals (894)" classname="spec_perl_TestBitsSimple_t" time="5.79357147216797e-05" />
    <testcase name="Equals (895)" classname="spec_perl_TestBitsSimple_t" time="5.81741333007812e-05" />
    <testcase name="Equals (896)" classname="spec_perl_TestBitsSimple_t" time="6.29425048828125e-05" />
  </testsuite>
  <testsuite name="spec_perl_TestSwitchManualStrElse_t" errors="0" failures="0" skipped="0" tests="9" time="0.0340108871459961">
    <system-out>1..9
ok 1 - Equals
ok 2 - Equals
ok 3 - Equals
ok 4 - Equals
ok 5 - Equals
ok 6 - Equals
ok 7 - Equals
ok 8 - Equals
ok 9 - Equals
</system-out>
    <testcase name="Equals (897)" classname="spec_perl_TestSwitchManualStrElse_t" time="0.0011591911315918" />
    <testcase name="Equals (898)" classname="spec_perl_TestSwitchManualStrElse_t" time="5.69820404052734e-05" />
    <testcase name="Equals (899)" classname="spec_perl_TestSwitchManualStrElse_t" time="4.60147857666016e-05" />
    <testcase name="Equals (900)" classname="spec_perl_TestSwitchManualStrElse_t" time="4.1961669921875e-05" />
    <testcase name="Equals (901)" classname="spec_perl_TestSwitchManualStrElse_t" time="6.19888305664062e-05" />
    <testcase name="Equals (902)" classname="spec_perl_TestSwitchManualStrElse_t" time="5.88893890380859e-05" />
    <testcase name="Equals (903)" classname="spec_perl_TestSwitchManualStrElse_t" time="6.00814819335938e-05" />
    <testcase name="Equals (904)" classname="spec_perl_TestSwitchManualStrElse_t" time="5.79357147216797e-05" />
    <testcase name="Equals (905)" classname="spec_perl_TestSwitchManualStrElse_t" time="6.103515625e-05" />
  </testsuite>
  <testsuite name="spec_perl_TestCastToImported_t" errors="0" failures="0" skipped="0" tests="2" time="0.029541015625">
    <system-out>1..2
ok 1 - Equals
ok 2 - Equals
</system-out>
    <testcase name="Equals (906)" classname="spec_perl_TestCastToImported_t" time="0.00108814239501953" />
    <testcase name="Equals (907)" classname="spec_perl_TestCastToImported_t" time="5.79357147216797e-05" />
  </testsuite>
  <testsuite name="spec_perl_TestDebug0_t" errors="0" failures="0" skipped="1" tests="1" time="0.0291609764099121">
    <system-out>1..1
ok 1 # skip test_debug_0
</system-out>
    <testcase name="Unnamed test case 907" classname="spec_perl_TestDebug0_t" time="0.00145983695983887">
      <skipped message="ok 1 # skip test_debug_0" />
    </testcase>
  </testsuite>
  <testsuite name="spec_perl_TestEnum1_t" errors="0" failures="0" skipped="0" tests="2" time="0.0292150974273682">
    <system-out>1..2
ok 1 - Equals
ok 2 - Equals
</system-out>
    <testcase name="Equals (908)" classname="spec_perl_TestEnum1_t" time="0.00113701820373535" />
    <testcase name="Equals (909)" classname="spec_perl_TestEnum1_t" time="6.19888305664062e-05" />
  </testsuite>
  <testsuite name="spec_perl_TestOptionalId_t" errors="0" failures="0" skipped="0" tests="3" time="0.0296499729156494">
    <system-out>1..3
ok 1 - Equals
ok 2 - Equals
ok 3 - Equals
</system-out>
    <testcase name="Equals (910)" classname="spec_perl_TestOptionalId_t" time="0.00108790397644043" />
    <testcase name="Equals (911)" classname="spec_perl_TestOptionalId_t" time="5.69820404052734e-05" />
    <testcase name="Equals (912)" classname="spec_perl_TestOptionalId_t" time="4.60147857666016e-05" />
  </testsuite>
  <testsuite name="spec_perl_TestEofExceptionU4_t" errors="0" failures="0" skipped="0" tests="1" time="0.0304360389709473">
    <system-out>1..1
ok 1 - threw /^Requested \d+ bytes, but only \d+ bytes available/
</system-out>
    <testcase name="threw /^Requested \d+ bytes, but only \d+ bytes available/ (912)" classname="spec_perl_TestEofExceptionU4_t" time="0.0011298656463623" />
  </testsuite>
  <testsuite name="spec_perl_TestProcessCoerceSwitch_t" errors="0" failures="0" skipped="0" tests="3" time="0.0300388336181641">
    <system-out>1..3
ok 1 - Equals
ok 2 - Equals
ok 3 - Equals
</system-out>
    <testcase name="Equals (913)" classname="spec_perl_TestProcessCoerceSwitch_t" time="0.00146889686584473" />
    <testcase name="Equals (914)" classname="spec_perl_TestProcessCoerceSwitch_t" time="7.20024108886719e-05" />
    <testcase name="Equals (915)" classname="spec_perl_TestProcessCoerceSwitch_t" time="3.91006469726562e-05" />
  </testsuite>
  <testsuite name="spec_perl_TestIfStruct_t" errors="0" failures="0" skipped="0" tests="7" time="0.0333881378173828">
    <system-out>1..7
ok 1 - Equals
ok 2 - Equals
ok 3 - Equals
ok 4 - Equals
ok 5 - Equals
ok 6 - Equals
ok 7 - Equals
</system-out>
    <testcase name="Equals (916)" classname="spec_perl_TestIfStruct_t" time="0.00122213363647461" />
    <testcase name="Equals (917)" classname="spec_perl_TestIfStruct_t" time="5.38825988769531e-05" />
    <testcase name="Equals (918)" classname="spec_perl_TestIfStruct_t" time="4.50611114501953e-05" />
    <testcase name="Equals (919)" classname="spec_perl_TestIfStruct_t" time="7.51018524169922e-05" />
    <testcase name="Equals (920)" classname="spec_perl_TestIfStruct_t" time="4.29153442382812e-05" />
    <testcase name="Equals (921)" classname="spec_perl_TestIfStruct_t" time="6.19888305664062e-05" />
    <testcase name="Equals (922)" classname="spec_perl_TestIfStruct_t" time="6.19888305664062e-05" />
  </testsuite>
  <testsuite name="spec_perl_TestToStringCustom_t" errors="0" failures="0" skipped="0" tests="1" time="0.0329790115356445">
    <system-out>1..1
ok 1 - Equals
</system-out>
    <testcase name="Equals (923)" classname="spec_perl_TestToStringCustom_t" time="0.000136852264404297" />
  </testsuite>
  <testsuite name="spec_perl_TestIndexToParamEos_t" errors="0" failures="2" skipped="0" tests="7" time="0.0362980365753174">
    <system-out>1..7
ok 1 - Equals
ok 2 - Equals
ok 3 - Equals
ok 4 - Equals
ok 5 - Equals
not ok 6 - Equals
not ok 7 - Equals
</system-out>
    <testcase name="Equals (924)" classname="spec_perl_TestIndexToParamEos_t" time="0.00127887725830078" />
    <testcase name="Equals (925)" classname="spec_perl_TestIndexToParamEos_t" time="5.79357147216797e-05" />
    <testcase name="Equals (926)" classname="spec_perl_TestIndexToParamEos_t" time="3.71932983398438e-05" />
    <testcase name="Equals (927)" classname="spec_perl_TestIndexToParamEos_t" time="3.98159027099609e-05" />
    <testcase name="Equals (928)" classname="spec_perl_TestIndexToParamEos_t" time="3.21865081787109e-05" />
    <testcase name="Equals (929)" classname="spec_perl_TestIndexToParamEos_t" time="4.29153442382812e-05">
      <failure message="not ok 6 - Equals" type="TAP::Parser::Result::Test"></failure>
    </testcase>
    <testcase name="Equals (930)" classname="spec_perl_TestIndexToParamEos_t" time="3.29017639160156e-05">
      <failure message="not ok 7 - Equals" type="TAP::Parser::Result::Test"></failure>
    </testcase>
  </testsuite>
  <testsuite name="spec_perl_TestValidNotParsedIf_t" errors="0" failures="0" skipped="1" tests="1" time="0.0291681289672852">
    <system-out>1..1
ok 1 # skip ValidNotParsedIf=HASH(0x55fc2e214a60)
</system-out>
    <testcase name="Unnamed test case 930" classname="spec_perl_TestValidNotParsedIf_t" time="0.00144100189208984">
      <skipped message="ok 1 # skip ValidNotParsedIf=HASH(0x55fc2e214a60)" />
    </testcase>
  </testsuite>
  <testsuite name="spec_perl_TestSwitchManualInt_t" errors="0" failures="0" skipped="0" tests="9" time="0.0335538387298584">
    <system-out>1..9
ok 1 - Equals
ok 2 - Equals
ok 3 - Equals
ok 4 - Equals
ok 5 - Equals
ok 6 - Equals
ok 7 - Equals
ok 8 - Equals
ok 9 - Equals
</system-out>
    <testcase name="Equals (931)" classname="spec_perl_TestSwitchManualInt_t" time="0.00117993354797363" />
    <testcase name="Equals (932)" classname="spec_perl_TestSwitchManualInt_t" time="5.50746917724609e-05" />
    <testcase name="Equals (933)" classname="spec_perl_TestSwitchManualInt_t" time="4.60147857666016e-05" />
    <testcase name="Equals (934)" classname="spec_perl_TestSwitchManualInt_t" time="5.10215759277344e-05" />
    <testcase name="Equals (935)" classname="spec_perl_TestSwitchManualInt_t" time="6.50882720947266e-05" />
    <testcase name="Equals (936)" classname="spec_perl_TestSwitchManualInt_t" time="6.4849853515625e-05" />
    <testcase name="Equals (937)" classname="spec_perl_TestSwitchManualInt_t" time="4.1961669921875e-05" />
    <testcase name="Equals (938)" classname="spec_perl_TestSwitchManualInt_t" time="6.19888305664062e-05" />
    <testcase name="Equals (939)" classname="spec_perl_TestSwitchManualInt_t" time="5.91278076171875e-05" />
  </testsuite>
  <testsuite name="spec_perl_TestEnum0_t" errors="0" failures="0" skipped="0" tests="2" time="0.0290529727935791">
    <system-out>1..2
ok 1 - Equals
ok 2 - Equals
</system-out>
    <testcase name="Equals (940)" classname="spec_perl_TestEnum0_t" time="0.00108909606933594" />
    <testcase name="Equals (941)" classname="spec_perl_TestEnum0_t" time="5.88893890380859e-05" />
  </testsuite>
  <testsuite name="spec_perl_TestFloatToI_t" errors="0" failures="0" skipped="0" tests="8" time="0.0293798446655273">
    <system-out>1..8
ok 1 - Approx equals
ok 2 - Approx equals
ok 3 - Equals
ok 4 - Equals
ok 5 - Equals
ok 6 - Equals
ok 7 - Equals
ok 8 - Equals
</system-out>
    <testcase name="Approx equals (941)" classname="spec_perl_TestFloatToI_t" time="0.00104498863220215" />
    <testcase name="Approx equals (942)" classname="spec_perl_TestFloatToI_t" time="5.88893890380859e-05" />
    <testcase name="Equals (942)" classname="spec_perl_TestFloatToI_t" time="4.60147857666016e-05" />
    <testcase name="Equals (943)" classname="spec_perl_TestFloatToI_t" time="4.22000885009766e-05" />
    <testcase name="Equals (944)" classname="spec_perl_TestFloatToI_t" time="4.07695770263672e-05" />
    <testcase name="Equals (945)" classname="spec_perl_TestFloatToI_t" time="7.20024108886719e-05" />
    <testcase name="Equals (946)" classname="spec_perl_TestFloatToI_t" time="6.00814819335938e-05" />
    <testcase name="Equals (947)" classname="spec_perl_TestFloatToI_t" time="6.103515625e-05" />
  </testsuite>
  <testsuite name="spec_perl_TestCombineBool_t" errors="0" failures="0" skipped="0" tests="2" time="0.0292289257049561">
    <system-out>1..2
ok 1 - Equals
ok 2 - Equals
</system-out>
    <testcase name="Equals (948)" classname="spec_perl_TestCombineBool_t" time="0.00108599662780762" />
    <testcase name="Equals (949)" classname="spec_perl_TestCombineBool_t" time="6.41345977783203e-05" />
  </testsuite>
  <testsuite name="spec_perl_TestTermBytes_t" errors="0" failures="0" skipped="0" tests="3" time="0.0295319557189941">
    <system-out>1..3
ok 1 - Equals
ok 2 - Equals
ok 3 - Equals
</system-out>
    <testcase name="Equals (950)" classname="spec_perl_TestTermBytes_t" time="0.00104713439941406" />
    <testcase name="Equals (951)" classname="spec_perl_TestTermBytes_t" time="5.98430633544922e-05" />
    <testcase name="Equals (952)" classname="spec_perl_TestTermBytes_t" time="4.50611114501953e-05" />
  </testsuite>
  <testsuite name="spec_perl_TestCombineBytes_t" errors="0" failures="0" skipped="0" tests="10" time="0.0297460556030273">
    <system-out>1..10
ok 1 - Equals
ok 2 - Equals
ok 3 - Equals
ok 4 - Equals
ok 5 - Equals
ok 6 - Equals
ok 7 - Equals
ok 8 - Equals
ok 9 - Equals
ok 10 - Equals
</system-out>
    <testcase name="Equals (953)" classname="spec_perl_TestCombineBytes_t" time="0.00112199783325195" />
    <testcase name="Equals (954)" classname="spec_perl_TestCombineBytes_t" time="5.69820404052734e-05" />
    <testcase name="Equals (955)" classname="spec_perl_TestCombineBytes_t" time="4.50611114501953e-05" />
    <testcase name="Equals (956)" classname="spec_perl_TestCombineBytes_t" time="4.29153442382812e-05" />
    <testcase name="Equals (957)" classname="spec_perl_TestCombineBytes_t" time="6.91413879394531e-05" />
    <testcase name="Equals (958)" classname="spec_perl_TestCombineBytes_t" time="6.89029693603516e-05" />
    <testcase name="Equals (959)" classname="spec_perl_TestCombineBytes_t" time="4.10079956054688e-05" />
    <testcase name="Equals (960)" classname="spec_perl_TestCombineBytes_t" time="6.38961791992188e-05" />
    <testcase name="Equals (961)" classname="spec_perl_TestCombineBytes_t" time="6.00814819335938e-05" />
    <testcase name="Equals (962)" classname="spec_perl_TestCombineBytes_t" time="6.60419464111328e-05" />
  </testsuite>
  <testsuite name="spec_perl_TestParamsPassBool_t" errors="0" failures="1" skipped="13" tests="14" time="0.0304570198059082">
    <system-out>1..14
not ok 1 - test_params_pass_bool died (Requested 2 bytes, but only 1 bytes available at ../runtime/perl/lib/IO/KaitaiStruct.pm line 338.)
ok 2 # skip test_params_pass_bool died
ok 3 # skip test_params_pass_bool died
ok 4 # skip test_params_pass_bool died
ok 5 # skip test_params_pass_bool died
ok 6 # skip test_params_pass_bool died
ok 7 # skip test_params_pass_bool died
ok 8 # skip test_params_pass_bool died
ok 9 # skip test_params_pass_bool died
ok 10 # skip test_params_pass_bool died
ok 11 # skip test_params_pass_bool died
ok 12 # skip test_params_pass_bool died
ok 13 # skip test_params_pass_bool died
ok 14 # skip test_params_pass_bool died
</system-out>
    <testcase name="test_params_pass_bool died (Requested 2 bytes, but only 1 bytes available at ../runtime/perl/lib/IO/KaitaiStruct.pm line 338.) (962)" classname="spec_perl_TestParamsPassBool_t" time="0.00123000144958496">
      <failure message="not ok 1 - test_params_pass_bool died (Requested 2 bytes, but only 1 bytes available at ../runtime/perl/lib/IO/KaitaiStruct.pm line 338.)" type="TAP::Parser::Result::Test"></failure>
    </testcase>
    <testcase name="Unnamed test case 962" classname="spec_perl_TestParamsPassBool_t" time="7.98702239990234e-05">
      <skipped message="ok 2 # skip test_params_pass_bool died" />
    </testcase>
    <testcase name="Unnamed test case 963" classname="spec_perl_TestParamsPassBool_t" time="5.7220458984375e-05">
      <skipped message="ok 3 # skip test_params_pass_bool died" />
    </testcase>
    <testcase name="Unnamed test case 964" classname="spec_perl_TestParamsPassBool_t" time="3.88622283935547e-05">
      <skipped message="ok 4 # skip test_params_pass_bool died" />
    </testcase>
    <testcase name="Unnamed test case 965" classname="spec_perl_TestParamsPassBool_t" time="3.60012054443359e-05">
      <skipped message="ok 5 # skip test_params_pass_bool died" />
    </testcase>
    <testcase name="Unnamed test case 966" classname="spec_perl_TestParamsPassBool_t" time="3.50475311279297e-05">
      <skipped message="ok 6 # skip test_params_pass_bool died" />
    </testcase>
    <testcase name="Unnamed test case 967" classname="spec_perl_TestParamsPassBool_t" time="3.79085540771484e-05">
      <skipped message="ok 7 # skip test_params_pass_bool died" />
    </testcase>
    <testcase name="Unnamed test case 968" classname="spec_perl_TestParamsPassBool_t" time="3.91006469726562e-05">
      <skipped message="ok 8 # skip test_params_pass_bool died" />
    </testcase>
    <testcase name="Unnamed test case 969" classname="spec_perl_TestParamsPassBool_t" time="4.69684600830078e-05">
      <skipped message="ok 9 # skip test_params_pass_bool died" />
    </testcase>
    <testcase name="Unnamed test case 970" classname="spec_perl_TestParamsPassBool_t" time="3.50475311279297e-05">
      <skipped message="ok 10 # skip test_params_pass_bool died" />
    </testcase>
    <testcase name="Unnamed test case 971" classname="spec_perl_TestParamsPassBool_t" time="3.50475311279297e-05">
      <skipped message="ok 11 # skip test_params_pass_bool died" />
    </testcase>
    <testcase name="Unnamed test case 972" classname="spec_perl_TestParamsPassBool_t" time="3.38554382324219e-05">
      <skipped message="ok 12 # skip test_params_pass_bool died" />
    </testcase>
    <testcase name="Unnamed test case 973" classname="spec_perl_TestParamsPassBool_t" time="3.40938568115234e-05">
      <skipped message="ok 13 # skip test_params_pass_bool died" />
    </testcase>
    <testcase name="Unnamed test case 974" classname="spec_perl_TestParamsPassBool_t" time="3.79085540771484e-05">
      <skipped message="ok 14 # skip test_params_pass_bool died" />
    </testcase>
  </testsuite>
  <testsuite name="spec_perl_TestNestedSameName2_t" errors="0" failures="0" skipped="0" tests="5" time="0.0295920372009277">
    <system-out>1..5
ok 1 - Equals
ok 2 - Equals
ok 3 - Equals
ok 4 - Equals
ok 5 - Equals
</system-out>
    <testcase name="Equals (974)" classname="spec_perl_TestNestedSameName2_t" time="0.00112390518188477" />
    <testcase name="Equals (975)" classname="spec_perl_TestNestedSameName2_t" time="5.91278076171875e-05" />
    <testcase name="Equals (976)" classname="spec_perl_TestNestedSameName2_t" time="4.48226928710938e-05" />
    <testcase name="Equals (977)" classname="spec_perl_TestNestedSameName2_t" time="4.22000885009766e-05" />
    <testcase name="Equals (978)" classname="spec_perl_TestNestedSameName2_t" time="6.29425048828125e-05" />
  </testsuite>
  <testsuite name="spec_perl_TestProcessRepeatUsertype_t" errors="0" failures="0" skipped="0" tests="4" time="0.0297040939331055">
    <system-out>1..4
ok 1 - Equals
ok 2 - Equals
ok 3 - Equals
ok 4 - Equals
</system-out>
    <testcase name="Equals (979)" classname="spec_perl_TestProcessRepeatUsertype_t" time="0.00150203704833984" />
    <testcase name="Equals (980)" classname="spec_perl_TestProcessRepeatUsertype_t" time="7.51018524169922e-05" />
    <testcase name="Equals (981)" classname="spec_perl_TestProcessRepeatUsertype_t" time="4.48226928710938e-05" />
    <testcase name="Equals (982)" classname="spec_perl_TestProcessRepeatUsertype_t" time="4.00543212890625e-05" />
  </testsuite>
  <testsuite name="spec_perl_TestDefaultEndianMod_t" errors="0" failures="0" skipped="0" tests="3" time="0.0290369987487793">
    <system-out>1..3
ok 1 - Equals
ok 2 - Equals
ok 3 - Equals
</system-out>
    <testcase name="Equals (983)" classname="spec_perl_TestDefaultEndianMod_t" time="0.00110816955566406" />
    <testcase name="Equals (984)" classname="spec_perl_TestDefaultEndianMod_t" time="5.60283660888672e-05" />
    <testcase name="Equals (985)" classname="spec_perl_TestDefaultEndianMod_t" time="4.48226928710938e-05" />
  </testsuite>
  <testsuite name="spec_perl_TestPositionInSeq_t" errors="0" failures="0" skipped="0" tests="1" time="0.0295710563659668">
    <system-out>1..1
ok 1 - Equals
</system-out>
    <testcase name="Equals (986)" classname="spec_perl_TestPositionInSeq_t" time="0.00113391876220703" />
  </testsuite>
</testsuites>
