<?xml version='1.0' encoding='utf-8'?>
<testsuites>
  <testsuite name="spec_perl_TestFixedContents_t" errors="1" failures="0" skipped="0" tests="0" time="0.0534839630126953">
    <system-out></system-out>
    <testcase name="Test died too soon, even before plan." classname="spec_perl_TestFixedContents_t" time="0.0534839630126953">
      <failure message="The test suite died before a plan was produced. You need to have a plan." type="Plan">No plan</failure>
    </testcase>
  </testsuite>
  <testsuite name="spec_perl_TestParamsPassArrayUsertype_t" errors="0" failures="1" skipped="4" tests="5" time="0.0471940040588379">
    <system-out>1..5
not ok 1 - test_params_pass_array_usertype died (Can't use an undefined value as an ARRAY reference at compiled/perl/ParamsPassArrayUsertype.pm line 123.)
ok 2 # skip test_params_pass_array_usertype died
ok 3 # skip test_params_pass_array_usertype died
ok 4 # skip test_params_pass_array_usertype died
ok 5 # skip test_params_pass_array_usertype died
</system-out>
    <testcase name="test_params_pass_array_usertype died (Can't use an undefined value as an ARRAY reference at compiled/perl/ParamsPassArrayUsertype.pm line 123.)" classname="spec_perl_TestParamsPassArrayUsertype_t" time="0.000284910202026367">
      <failure message="not ok 1 - test_params_pass_array_usertype died (Can't use an undefined value as an ARRAY reference at compiled/perl/ParamsPassArrayUsertype.pm line 123.)" type="TAP::Parser::Result::Test"></failure>
    </testcase>
    <testcase name="Unnamed test case 1" classname="spec_perl_TestParamsPassArrayUsertype_t" time="0.00257706642150879">
      <skipped message="ok 2 # skip test_params_pass_array_usertype died" />
    </testcase>
    <testcase name="Unnamed test case 2" classname="spec_perl_TestParamsPassArrayUsertype_t" time="9.60826873779297e-05">
      <skipped message="ok 3 # skip test_params_pass_array_usertype died" />
    </testcase>
    <testcase name="Unnamed test case 3" classname="spec_perl_TestParamsPassArrayUsertype_t" time="5.19752502441406e-05">
      <skipped message="ok 4 # skip test_params_pass_array_usertype died" />
    </testcase>
    <testcase name="Unnamed test case 4" classname="spec_perl_TestParamsPassArrayUsertype_t" time="4.60147857666016e-05">
      <skipped message="ok 5 # skip test_params_pass_array_usertype died" />
    </testcase>
  </testsuite>
  <testsuite name="spec_perl_TestParamsPassUsertype_t" errors="0" failures="1" skipped="1" tests="2" time="0.045691967010498">
    <system-out>1..2
not ok 1 - test_params_pass_usertype died (Can't call method &quot;foo&quot; on an undefined value at compiled/perl/ParamsPassUsertype.pm line 119.)
ok 2 # skip test_params_pass_usertype died
</system-out>
    <testcase name="test_params_pass_usertype died (Can't call method &quot;foo&quot; on an undefined value at compiled/perl/ParamsPassUsertype.pm line 119.) (4)" classname="spec_perl_TestParamsPassUsertype_t" time="0.000314950942993164">
      <failure message="not ok 1 - test_params_pass_usertype died (Can't call method &quot;foo&quot; on an undefined value at compiled/perl/ParamsPassUsertype.pm line 119.)" type="TAP::Parser::Result::Test"></failure>
    </testcase>
    <testcase name="Unnamed test case 5" classname="spec_perl_TestParamsPassUsertype_t" time="0.0015101432800293">
      <skipped message="ok 2 # skip test_params_pass_usertype died" />
    </testcase>
  </testsuite>
  <testsuite name="spec_perl_TestSwitchManualEnumInvalid_t" errors="0" failures="0" skipped="0" tests="5" time="0.0461010932922363">
    <system-out>1..5
ok 1 - Equals
ok 2 - Equals
ok 3 - nil
ok 4 - Equals
ok 5 - nil
</system-out>
    <testcase name="Equals (5)" classname="spec_perl_TestSwitchManualEnumInvalid_t" time="0.000247955322265625" />
    <testcase name="Equals (6)" classname="spec_perl_TestSwitchManualEnumInvalid_t" time="9.01222229003906e-05" />
    <testcase name="nil (6)" classname="spec_perl_TestSwitchManualEnumInvalid_t" time="5.79357147216797e-05" />
    <testcase name="Equals (7)" classname="spec_perl_TestSwitchManualEnumInvalid_t" time="7.79628753662109e-05" />
    <testcase name="nil (7)" classname="spec_perl_TestSwitchManualEnumInvalid_t" time="6.79492950439453e-05" />
  </testsuite>
  <testsuite name="spec_perl_TestCastToImported_t" errors="0" failures="0" skipped="0" tests="2" time="0.0427489280700684">
    <system-out>1..2
ok 1 - Equals
ok 2 - Equals
</system-out>
    <testcase name="Equals (8)" classname="spec_perl_TestCastToImported_t" time="0.000164031982421875" />
    <testcase name="Equals (9)" classname="spec_perl_TestCastToImported_t" time="0.000112056732177734" />
  </testsuite>
  <testsuite name="spec_perl_TestDebugEnumName_t" errors="1" failures="0" skipped="0" tests="0" time="0.0434169769287109">
    <system-out></system-out>
    <testcase name="Test died too soon, even before plan. (9)" classname="spec_perl_TestDebugEnumName_t" time="0.0434169769287109">
      <failure message="The test suite died before a plan was produced. You need to have a plan." type="Plan">No plan</failure>
    </testcase>
  </testsuite>
  <testsuite name="spec_perl_TestRepeatUntilS4_t" errors="0" failures="0" skipped="0" tests="2" time="0.047476053237915">
    <system-out>1..2
ok 1 - Equals
ok 2 - Equals
</system-out>
    <testcase name="Equals (10)" classname="spec_perl_TestRepeatUntilS4_t" time="0.000298976898193359" />
    <testcase name="Equals (11)" classname="spec_perl_TestRepeatUntilS4_t" time="8.29696655273438e-05" />
  </testsuite>
  <testsuite name="spec_perl_TestFloatingPoints_t" errors="0" failures="0" skipped="0" tests="8" time="0.0537571907043457">
    <system-out>1..8
ok 1 - Approx equals
ok 2 - Approx equals
ok 3 - Approx equals
ok 4 - Approx equals
ok 5 - Approx equals
ok 6 - Approx equals
ok 7 - Approx equals
ok 8 - Approx equals
</system-out>
    <testcase name="Approx equals (11)" classname="spec_perl_TestFloatingPoints_t" time="0.000184059143066406" />
    <testcase name="Approx equals (12)" classname="spec_perl_TestFloatingPoints_t" time="6.19888305664062e-05" />
    <testcase name="Approx equals (13)" classname="spec_perl_TestFloatingPoints_t" time="6.19888305664062e-05" />
    <testcase name="Approx equals (14)" classname="spec_perl_TestFloatingPoints_t" time="4.60147857666016e-05" />
    <testcase name="Approx equals (15)" classname="spec_perl_TestFloatingPoints_t" time="4.1961669921875e-05" />
    <testcase name="Approx equals (16)" classname="spec_perl_TestFloatingPoints_t" time="4.00543212890625e-05" />
    <testcase name="Approx equals (17)" classname="spec_perl_TestFloatingPoints_t" time="5.38825988769531e-05" />
    <testcase name="Approx equals (18)" classname="spec_perl_TestFloatingPoints_t" time="3.91006469726562e-05" />
  </testsuite>
  <testsuite name="spec_perl_TestMetaTags_t" errors="0" failures="0" skipped="1" tests="1" time="0.043043851852417">
    <system-out>1..1
ok 1 # skip MetaTags=HASH(0x1719450)
</system-out>
    <testcase name="Unnamed test case 18" classname="spec_perl_TestMetaTags_t" time="0.00127696990966797">
      <skipped message="ok 1 # skip MetaTags=HASH(0x1719450)" />
    </testcase>
  </testsuite>
  <testsuite name="spec_perl_TestNavParent3_t" errors="0" failures="0" skipped="0" tests="10" time="0.0478570461273193">
    <system-out>1..10
ok 1 - Equals
ok 2 - Equals
ok 3 - Equals
ok 4 - Equals
ok 5 - Equals
ok 6 - Equals
ok 7 - Equals
ok 8 - Equals
ok 9 - Equals
ok 10 - Equals
</system-out>
    <testcase name="Equals (18)" classname="spec_perl_TestNavParent3_t" time="0.000226020812988281" />
    <testcase name="Equals (19)" classname="spec_perl_TestNavParent3_t" time="7.70092010498047e-05" />
    <testcase name="Equals (20)" classname="spec_perl_TestNavParent3_t" time="0.000224828720092773" />
    <testcase name="Equals (21)" classname="spec_perl_TestNavParent3_t" time="0.00011897087097168" />
    <testcase name="Equals (22)" classname="spec_perl_TestNavParent3_t" time="9.41753387451172e-05" />
    <testcase name="Equals (23)" classname="spec_perl_TestNavParent3_t" time="0.00019383430480957" />
    <testcase name="Equals (24)" classname="spec_perl_TestNavParent3_t" time="0.000107049942016602" />
    <testcase name="Equals (25)" classname="spec_perl_TestNavParent3_t" time="0.000153064727783203" />
    <testcase name="Equals (26)" classname="spec_perl_TestNavParent3_t" time="0.00010991096496582" />
    <testcase name="Equals (27)" classname="spec_perl_TestNavParent3_t" time="0.00017094612121582" />
  </testsuite>
  <testsuite name="spec_perl_TestExprCalcArrayOps_t" errors="0" failures="1" skipped="17" tests="18" time="0.0639441013336182">
    <system-out>1..18
not ok 1 - test_expr_calc_array_ops died (Can't use string (&quot;1000&quot;) as an ARRAY ref while &quot;strict refs&quot; in use at compiled/perl/ExprCalcArrayOps.pm line 50.)
ok 2 # skip test_expr_calc_array_ops died
ok 3 # skip test_expr_calc_array_ops died
ok 4 # skip test_expr_calc_array_ops died
ok 5 # skip test_expr_calc_array_ops died
ok 6 # skip test_expr_calc_array_ops died
ok 7 # skip test_expr_calc_array_ops died
ok 8 # skip test_expr_calc_array_ops died
ok 9 # skip test_expr_calc_array_ops died
ok 10 # skip test_expr_calc_array_ops died
ok 11 # skip test_expr_calc_array_ops died
ok 12 # skip test_expr_calc_array_ops died
ok 13 # skip test_expr_calc_array_ops died
ok 14 # skip test_expr_calc_array_ops died
ok 15 # skip test_expr_calc_array_ops died
ok 16 # skip test_expr_calc_array_ops died
ok 17 # skip test_expr_calc_array_ops died
ok 18 # skip test_expr_calc_array_ops died
</system-out>
    <testcase name="test_expr_calc_array_ops died (Can't use string (&quot;1000&quot;) as an ARRAY ref while &quot;strict refs&quot; in use at compiled/perl/ExprCalcArrayOps.pm line 50.) (27)" classname="spec_perl_TestExprCalcArrayOps_t" time="0.000818014144897461">
      <failure message="not ok 1 - test_expr_calc_array_ops died (Can't use string (&quot;1000&quot;) as an ARRAY ref while &quot;strict refs&quot; in use at compiled/perl/ExprCalcArrayOps.pm line 50.)" type="TAP::Parser::Result::Test"></failure>
    </testcase>
    <testcase name="Unnamed test case 27" classname="spec_perl_TestExprCalcArrayOps_t" time="0.000929117202758789">
      <skipped message="ok 2 # skip test_expr_calc_array_ops died" />
    </testcase>
    <testcase name="Unnamed test case 28" classname="spec_perl_TestExprCalcArrayOps_t" time="0.000382900238037109">
      <skipped message="ok 3 # skip test_expr_calc_array_ops died" />
    </testcase>
    <testcase name="Unnamed test case 29" classname="spec_perl_TestExprCalcArrayOps_t" time="0.000388145446777344">
      <skipped message="ok 4 # skip test_expr_calc_array_ops died" />
    </testcase>
    <testcase name="Unnamed test case 30" classname="spec_perl_TestExprCalcArrayOps_t" time="0.000494956970214844">
      <skipped message="ok 5 # skip test_expr_calc_array_ops died" />
    </testcase>
    <testcase name="Unnamed test case 31" classname="spec_perl_TestExprCalcArrayOps_t" time="0.000396966934204102">
      <skipped message="ok 6 # skip test_expr_calc_array_ops died" />
    </testcase>
    <testcase name="Unnamed test case 32" classname="spec_perl_TestExprCalcArrayOps_t" time="0.000297069549560547">
      <skipped message="ok 7 # skip test_expr_calc_array_ops died" />
    </testcase>
    <testcase name="Unnamed test case 33" classname="spec_perl_TestExprCalcArrayOps_t" time="0.000229835510253906">
      <skipped message="ok 8 # skip test_expr_calc_array_ops died" />
    </testcase>
    <testcase name="Unnamed test case 34" classname="spec_perl_TestExprCalcArrayOps_t" time="0.000473976135253906">
      <skipped message="ok 9 # skip test_expr_calc_array_ops died" />
    </testcase>
    <testcase name="Unnamed test case 35" classname="spec_perl_TestExprCalcArrayOps_t" time="0.000280141830444336">
      <skipped message="ok 10 # skip test_expr_calc_array_ops died" />
    </testcase>
    <testcase name="Unnamed test case 36" classname="spec_perl_TestExprCalcArrayOps_t" time="0.000236034393310547">
      <skipped message="ok 11 # skip test_expr_calc_array_ops died" />
    </testcase>
    <testcase name="Unnamed test case 37" classname="spec_perl_TestExprCalcArrayOps_t" time="0.000229835510253906">
      <skipped message="ok 12 # skip test_expr_calc_array_ops died" />
    </testcase>
    <testcase name="Unnamed test case 38" classname="spec_perl_TestExprCalcArrayOps_t" time="0.000313043594360352">
      <skipped message="ok 13 # skip test_expr_calc_array_ops died" />
    </testcase>
    <testcase name="Unnamed test case 39" classname="spec_perl_TestExprCalcArrayOps_t" time="0.000874996185302734">
      <skipped message="ok 14 # skip test_expr_calc_array_ops died" />
    </testcase>
    <testcase name="Unnamed test case 40" classname="spec_perl_TestExprCalcArrayOps_t" time="0.000384092330932617">
      <skipped message="ok 15 # skip test_expr_calc_array_ops died" />
    </testcase>
    <testcase name="Unnamed test case 41" classname="spec_perl_TestExprCalcArrayOps_t" time="0.00115394592285156">
      <skipped message="ok 16 # skip test_expr_calc_array_ops died" />
    </testcase>
    <testcase name="Unnamed test case 42" classname="spec_perl_TestExprCalcArrayOps_t" time="0.00640606880187988">
      <skipped message="ok 17 # skip test_expr_calc_array_ops died" />
    </testcase>
    <testcase name="Unnamed test case 43" classname="spec_perl_TestExprCalcArrayOps_t" time="0.000284910202026367">
      <skipped message="ok 18 # skip test_expr_calc_array_ops died" />
    </testcase>
  </testsuite>
  <testsuite name="spec_perl_TestProcessXorValue_t" errors="0" failures="0" skipped="0" tests="2" time="0.0434319972991943">
    <system-out>1..2
ok 1 - Equals
ok 2 - Equals
</system-out>
    <testcase name="Equals (43)" classname="spec_perl_TestProcessXorValue_t" time="0.000237941741943359" />
    <testcase name="Equals (44)" classname="spec_perl_TestProcessXorValue_t" time="7.70092010498047e-05" />
  </testsuite>
  <testsuite name="spec_perl_TestStrLiterals_t" errors="0" failures="0" skipped="0" tests="5" time="0.044389009475708">
    <system-out>1..5
ok 1 - Equals
ok 2 - Equals
ok 3 - Equals
ok 4 - Equals
ok 5 - Equals
</system-out>
    <testcase name="Equals (45)" classname="spec_perl_TestStrLiterals_t" time="0.000260114669799805" />
    <testcase name="Equals (46)" classname="spec_perl_TestStrLiterals_t" time="7.79628753662109e-05" />
    <testcase name="Equals (47)" classname="spec_perl_TestStrLiterals_t" time="0.000156879425048828" />
    <testcase name="Equals (48)" classname="spec_perl_TestStrLiterals_t" time="0.000135183334350586" />
    <testcase name="Equals (49)" classname="spec_perl_TestStrLiterals_t" time="0.000149965286254883" />
  </testsuite>
  <testsuite name="spec_perl_TestSwitchCast_t" errors="0" failures="0" skipped="0" tests="2" time="0.0458998680114746">
    <system-out>1..2
ok 1 - Equals
ok 2 - Equals
</system-out>
    <testcase name="Equals (50)" classname="spec_perl_TestSwitchCast_t" time="0.000319004058837891" />
    <testcase name="Equals (51)" classname="spec_perl_TestSwitchCast_t" time="8.70227813720703e-05" />
  </testsuite>
  <testsuite name="spec_perl_TestStrEncodingsDefault_t" errors="0" failures="0" skipped="0" tests="4" time="0.0492038726806641">
    <system-out>1..4
ok 1 - Equals
ok 2 - Equals
ok 3 - Equals
ok 4 - Equals
</system-out>
    <testcase name="Equals (52)" classname="spec_perl_TestStrEncodingsDefault_t" time="0.0032799243927002" />
    <testcase name="Equals (53)" classname="spec_perl_TestStrEncodingsDefault_t" time="0.000106096267700195" />
    <testcase name="Equals (54)" classname="spec_perl_TestStrEncodingsDefault_t" time="6.19888305664062e-05" />
    <testcase name="Equals (55)" classname="spec_perl_TestStrEncodingsDefault_t" time="0.00020599365234375" />
  </testsuite>
  <testsuite name="spec_perl_TestOptionalId_t" errors="0" failures="0" skipped="0" tests="3" time="0.0428218841552734">
    <system-out>1..3
ok 1 - Equals
ok 2 - Equals
ok 3 - Equals
</system-out>
    <testcase name="Equals (56)" classname="spec_perl_TestOptionalId_t" time="0.000252008438110352" />
    <testcase name="Equals (57)" classname="spec_perl_TestOptionalId_t" time="8.20159912109375e-05" />
    <testcase name="Equals (58)" classname="spec_perl_TestOptionalId_t" time="0.00026702880859375" />
  </testsuite>
  <testsuite name="spec_perl_TestSwitchManualIntElse_t" errors="0" failures="0" skipped="0" tests="9" time="0.0468971729278564">
    <system-out>1..9
ok 1 - Equals
ok 2 - Equals
ok 3 - Equals
ok 4 - Equals
ok 5 - Equals
ok 6 - Equals
ok 7 - Equals
ok 8 - Equals
ok 9 - Equals
</system-out>
    <testcase name="Equals (59)" classname="spec_perl_TestSwitchManualIntElse_t" time="0.00032806396484375" />
    <testcase name="Equals (60)" classname="spec_perl_TestSwitchManualIntElse_t" time="8.79764556884766e-05" />
    <testcase name="Equals (61)" classname="spec_perl_TestSwitchManualIntElse_t" time="6.00814819335938e-05" />
    <testcase name="Equals (62)" classname="spec_perl_TestSwitchManualIntElse_t" time="0.000133991241455078" />
    <testcase name="Equals (63)" classname="spec_perl_TestSwitchManualIntElse_t" time="0.000133037567138672" />
    <testcase name="Equals (64)" classname="spec_perl_TestSwitchManualIntElse_t" time="0.000138998031616211" />
    <testcase name="Equals (65)" classname="spec_perl_TestSwitchManualIntElse_t" time="0.000118017196655273" />
    <testcase name="Equals (66)" classname="spec_perl_TestSwitchManualIntElse_t" time="0.000123023986816406" />
    <testcase name="Equals (67)" classname="spec_perl_TestSwitchManualIntElse_t" time="0.000158786773681641" />
  </testsuite>
  <testsuite name="spec_perl_TestStrEos_t" errors="0" failures="0" skipped="0" tests="1" time="0.0451498031616211">
    <system-out>1..1
ok 1 - Equals
</system-out>
    <testcase name="Equals (68)" classname="spec_perl_TestStrEos_t" time="0.000262975692749023" />
  </testsuite>
  <testsuite name="spec_perl_TestNavParentOverride_t" errors="0" failures="0" skipped="0" tests="3" time="0.0437250137329102">
    <system-out>1..3
ok 1 - Equals
ok 2 - Equals
ok 3 - Equals
</system-out>
    <testcase name="Equals (69)" classname="spec_perl_TestNavParentOverride_t" time="0.000256061553955078" />
    <testcase name="Equals (70)" classname="spec_perl_TestNavParentOverride_t" time="8.10623168945312e-05" />
    <testcase name="Equals (71)" classname="spec_perl_TestNavParentOverride_t" time="0.000133037567138672" />
  </testsuite>
  <testsuite name="spec_perl_TestCastToTop_t" errors="0" failures="0" skipped="0" tests="3" time="0.0435121059417725">
    <system-out>1..3
ok 1 - Equals
ok 2 - Equals
ok 3 - Equals
</system-out>
    <testcase name="Equals (72)" classname="spec_perl_TestCastToTop_t" time="0.000172853469848633" />
    <testcase name="Equals (73)" classname="spec_perl_TestCastToTop_t" time="0.000181198120117188" />
    <testcase name="Equals (74)" classname="spec_perl_TestCastToTop_t" time="0.000178813934326172" />
  </testsuite>
  <testsuite name="spec_perl_TestIndexToParamUntil_t" errors="0" failures="2" skipped="0" tests="7" time="0.0555779933929443">
    <system-out>1..7
ok 1 - Equals
ok 2 - Equals
ok 3 - Equals
ok 4 - Equals
ok 5 - Equals
not ok 6 - Equals
not ok 7 - Equals
</system-out>
    <testcase name="Equals (75)" classname="spec_perl_TestIndexToParamUntil_t" time="0.00796699523925781" />
    <testcase name="Equals (76)" classname="spec_perl_TestIndexToParamUntil_t" time="9.48905944824219e-05" />
    <testcase name="Equals (77)" classname="spec_perl_TestIndexToParamUntil_t" time="4.00543212890625e-05" />
    <testcase name="Equals (78)" classname="spec_perl_TestIndexToParamUntil_t" time="4.00543212890625e-05" />
    <testcase name="Equals (79)" classname="spec_perl_TestIndexToParamUntil_t" time="3.69548797607422e-05" />
    <testcase name="Equals (80)" classname="spec_perl_TestIndexToParamUntil_t" time="5.38825988769531e-05">
      <failure message="not ok 6 - Equals" type="TAP::Parser::Result::Test"></failure>
    </testcase>
    <testcase name="Equals (81)" classname="spec_perl_TestIndexToParamUntil_t" time="4.00543212890625e-05">
      <failure message="not ok 7 - Equals" type="TAP::Parser::Result::Test"></failure>
    </testcase>
  </testsuite>
  <testsuite name="spec_perl_TestNavParentSwitchCast_t" errors="0" failures="0" skipped="0" tests="3" time="0.0431909561157227">
    <system-out>1..3
ok 1 - Equals
ok 2 - Equals
ok 3 - Equals
</system-out>
    <testcase name="Equals (82)" classname="spec_perl_TestNavParentSwitchCast_t" time="0.000530004501342773" />
    <testcase name="Equals (83)" classname="spec_perl_TestNavParentSwitchCast_t" time="9.70363616943359e-05" />
    <testcase name="Equals (84)" classname="spec_perl_TestNavParentSwitchCast_t" time="0.000124931335449219" />
  </testsuite>
  <testsuite name="spec_perl_TestNestedTypes3_t" errors="0" failures="0" skipped="0" tests="5" time="0.0432000160217285">
    <system-out>1..5
ok 1 - Equals
ok 2 - Equals
ok 3 - Equals
ok 4 - Equals
ok 5 - Equals
</system-out>
    <testcase name="Equals (85)" classname="spec_perl_TestNestedTypes3_t" time="0.000236988067626953" />
    <testcase name="Equals (86)" classname="spec_perl_TestNestedTypes3_t" time="7.48634338378906e-05" />
    <testcase name="Equals (87)" classname="spec_perl_TestNestedTypes3_t" time="0.000154018402099609" />
    <testcase name="Equals (88)" classname="spec_perl_TestNestedTypes3_t" time="9.918212890625e-05" />
    <testcase name="Equals (89)" classname="spec_perl_TestNestedTypes3_t" time="0.000143766403198242" />
  </testsuite>
  <testsuite name="spec_perl_TestProcessCoerceSwitch_t" errors="0" failures="0" skipped="0" tests="3" time="0.0430588722229004">
    <system-out>1..3
ok 1 - Equals
ok 2 - Equals
ok 3 - Equals
</system-out>
    <testcase name="Equals (90)" classname="spec_perl_TestProcessCoerceSwitch_t" time="0.000535011291503906" />
    <testcase name="Equals (91)" classname="spec_perl_TestProcessCoerceSwitch_t" time="0.000102043151855469" />
    <testcase name="Equals (92)" classname="spec_perl_TestProcessCoerceSwitch_t" time="4.69684600830078e-05" />
  </testsuite>
  <testsuite name="spec_perl_TestBufferedStruct_t" errors="0" failures="0" skipped="0" tests="7" time="0.0457160472869873">
    <system-out>1..7
ok 1 - Equals
ok 2 - Equals
ok 3 - Equals
ok 4 - Equals
ok 5 - Equals
ok 6 - Equals
ok 7 - Equals
</system-out>
    <testcase name="Equals (93)" classname="spec_perl_TestBufferedStruct_t" time="0.000594854354858398" />
    <testcase name="Equals (94)" classname="spec_perl_TestBufferedStruct_t" time="9.60826873779297e-05" />
    <testcase name="Equals (95)" classname="spec_perl_TestBufferedStruct_t" time="5.79357147216797e-05" />
    <testcase name="Equals (96)" classname="spec_perl_TestBufferedStruct_t" time="0.00011897087097168" />
    <testcase name="Equals (97)" classname="spec_perl_TestBufferedStruct_t" time="0.000136137008666992" />
    <testcase name="Equals (98)" classname="spec_perl_TestBufferedStruct_t" time="0.000162839889526367" />
    <testcase name="Equals (99)" classname="spec_perl_TestBufferedStruct_t" time="8.0108642578125e-05" />
  </testsuite>
  <testsuite name="spec_perl_TestExprArray_t" errors="0" failures="1" skipped="0" tests="15" time="0.0492451190948486">
    <system-out>1..15
ok 1 - Equals
ok 2 - Equals
ok 3 - Equals
ok 4 - Equals
ok 5 - Equals
ok 6 - Equals
ok 7 - Equals
ok 8 - Equals
not ok 9 - Equals
ok 10 - Equals
ok 11 - Equals
ok 12 - Equals
ok 13 - Equals
ok 14 - Equals
ok 15 - Equals
</system-out>
    <testcase name="Equals (100)" classname="spec_perl_TestExprArray_t" time="0.000332117080688477" />
    <testcase name="Equals (101)" classname="spec_perl_TestExprArray_t" time="0.000120878219604492" />
    <testcase name="Equals (102)" classname="spec_perl_TestExprArray_t" time="6.50882720947266e-05" />
    <testcase name="Equals (103)" classname="spec_perl_TestExprArray_t" time="0.000116825103759766" />
    <testcase name="Equals (104)" classname="spec_perl_TestExprArray_t" time="0.000136137008666992" />
    <testcase name="Equals (105)" classname="spec_perl_TestExprArray_t" time="0.000120878219604492" />
    <testcase name="Equals (106)" classname="spec_perl_TestExprArray_t" time="0.000181198120117188" />
    <testcase name="Equals (107)" classname="spec_perl_TestExprArray_t" time="0.000104904174804688" />
    <testcase name="Equals (108)" classname="spec_perl_TestExprArray_t" time="0.000211954116821289">
      <failure message="not ok 9 - Equals" type="TAP::Parser::Result::Test"></failure>
    </testcase>
    <testcase name="Equals (109)" classname="spec_perl_TestExprArray_t" time="0.00363802909851074" />
    <testcase name="Equals (110)" classname="spec_perl_TestExprArray_t" time="5.91278076171875e-05" />
    <testcase name="Equals (111)" classname="spec_perl_TestExprArray_t" time="2.78949737548828e-05" />
    <testcase name="Equals (112)" classname="spec_perl_TestExprArray_t" time="2.40802764892578e-05" />
    <testcase name="Equals (113)" classname="spec_perl_TestExprArray_t" time="2.19345092773438e-05" />
    <testcase name="Equals (114)" classname="spec_perl_TestExprArray_t" time="2.50339508056641e-05" />
  </testsuite>
  <testsuite name="spec_perl_TestExpr3_t" errors="0" failures="0" skipped="0" tests="12" time="0.0474140644073486">
    <system-out>1..12
ok 1 - Equals
ok 2 - Equals
ok 3 - Equals
ok 4 - Equals
ok 5 - Equals
ok 6 - Equals
ok 7 - Equals
ok 8 - Equals
ok 9 - Equals
ok 10 - Equals
ok 11 - Equals
ok 12 - Equals
</system-out>
    <testcase name="Equals (115)" classname="spec_perl_TestExpr3_t" time="0.000236034393310547" />
    <testcase name="Equals (116)" classname="spec_perl_TestExpr3_t" time="7.70092010498047e-05" />
    <testcase name="Equals (117)" classname="spec_perl_TestExpr3_t" time="0.000113010406494141" />
    <testcase name="Equals (118)" classname="spec_perl_TestExpr3_t" time="0.000144004821777344" />
    <testcase name="Equals (119)" classname="spec_perl_TestExpr3_t" time="0.0001220703125" />
    <testcase name="Equals (120)" classname="spec_perl_TestExpr3_t" time="0.000135898590087891" />
    <testcase name="Equals (121)" classname="spec_perl_TestExpr3_t" time="0.000116109848022461" />
    <testcase name="Equals (122)" classname="spec_perl_TestExpr3_t" time="0.00014495849609375" />
    <testcase name="Equals (123)" classname="spec_perl_TestExpr3_t" time="0.000118017196655273" />
    <testcase name="Equals (124)" classname="spec_perl_TestExpr3_t" time="0.0001220703125" />
    <testcase name="Equals (125)" classname="spec_perl_TestExpr3_t" time="0.000140905380249023" />
    <testcase name="Equals (126)" classname="spec_perl_TestExpr3_t" time="0.000138044357299805" />
  </testsuite>
  <testsuite name="spec_perl_TestInstanceUserArray_t" errors="0" failures="0" skipped="0" tests="10" time="0.0455930233001709">
    <system-out>1..10
ok 1 - Equals
ok 2 - Equals
ok 3 - Equals
ok 4 - Equals
ok 5 - Equals
ok 6 - Equals
ok 7 - Equals
ok 8 - Equals
ok 9 - Equals
ok 10 - Equals
</system-out>
    <testcase name="Equals (127)" classname="spec_perl_TestInstanceUserArray_t" time="0.000223875045776367" />
    <testcase name="Equals (128)" classname="spec_perl_TestInstanceUserArray_t" time="7.79628753662109e-05" />
    <testcase name="Equals (129)" classname="spec_perl_TestInstanceUserArray_t" time="0.000133037567138672" />
    <testcase name="Equals (130)" classname="spec_perl_TestInstanceUserArray_t" time="0.000467061996459961" />
    <testcase name="Equals (131)" classname="spec_perl_TestInstanceUserArray_t" time="7.89165496826172e-05" />
    <testcase name="Equals (132)" classname="spec_perl_TestInstanceUserArray_t" time="0.000121116638183594" />
    <testcase name="Equals (133)" classname="spec_perl_TestInstanceUserArray_t" time="0.000143051147460938" />
    <testcase name="Equals (134)" classname="spec_perl_TestInstanceUserArray_t" time="0.000121831893920898" />
    <testcase name="Equals (135)" classname="spec_perl_TestInstanceUserArray_t" time="0.000133037567138672" />
    <testcase name="Equals (136)" classname="spec_perl_TestInstanceUserArray_t" time="0.000123023986816406" />
  </testsuite>
  <testsuite name="spec_perl_TestSwitchManualInt_t" errors="0" failures="0" skipped="0" tests="9" time="0.0466890335083008">
    <system-out>1..9
ok 1 - Equals
ok 2 - Equals
ok 3 - Equals
ok 4 - Equals
ok 5 - Equals
ok 6 - Equals
ok 7 - Equals
ok 8 - Equals
ok 9 - Equals
</system-out>
    <testcase name="Equals (137)" classname="spec_perl_TestSwitchManualInt_t" time="0.000358104705810547" />
    <testcase name="Equals (138)" classname="spec_perl_TestSwitchManualInt_t" time="9.08374786376953e-05" />
    <testcase name="Equals (139)" classname="spec_perl_TestSwitchManualInt_t" time="5.81741333007812e-05" />
    <testcase name="Equals (140)" classname="spec_perl_TestSwitchManualInt_t" time="0.000146865844726562" />
    <testcase name="Equals (141)" classname="spec_perl_TestSwitchManualInt_t" time="0.000123023986816406" />
    <testcase name="Equals (142)" classname="spec_perl_TestSwitchManualInt_t" time="0.000143051147460938" />
    <testcase name="Equals (143)" classname="spec_perl_TestSwitchManualInt_t" time="0.000110864639282227" />
    <testcase name="Equals (144)" classname="spec_perl_TestSwitchManualInt_t" time="0.000151157379150391" />
    <testcase name="Equals (145)" classname="spec_perl_TestSwitchManualInt_t" time="0.000113010406494141" />
  </testsuite>
  <testsuite name="spec_perl_TestBcdUserTypeBe_t" errors="0" failures="0" skipped="0" tests="6" time="0.0448269844055176">
    <system-out>1..6
ok 1 - Equals
ok 2 - Equals
ok 3 - Equals
ok 4 - Equals
ok 5 - Equals
ok 6 - Equals
</system-out>
    <testcase name="Equals (146)" classname="spec_perl_TestBcdUserTypeBe_t" time="0.000619173049926758" />
    <testcase name="Equals (147)" classname="spec_perl_TestBcdUserTypeBe_t" time="0.000128030776977539" />
    <testcase name="Equals (148)" classname="spec_perl_TestBcdUserTypeBe_t" time="6.38961791992188e-05" />
    <testcase name="Equals (149)" classname="spec_perl_TestBcdUserTypeBe_t" time="0.000104904174804688" />
    <testcase name="Equals (150)" classname="spec_perl_TestBcdUserTypeBe_t" time="0.000164985656738281" />
    <testcase name="Equals (151)" classname="spec_perl_TestBcdUserTypeBe_t" time="0.000138998031616211" />
  </testsuite>
  <testsuite name="spec_perl_TestSwitchMultiBoolOps_t" errors="0" failures="0" skipped="0" tests="9" time="0.0433940887451172">
    <system-out>1..9
ok 1 - Equals
ok 2 - Equals
ok 3 - Equals
ok 4 - Equals
ok 5 - Equals
ok 6 - Equals
ok 7 - Equals
ok 8 - Equals
ok 9 - Equals
</system-out>
    <testcase name="Equals (152)" classname="spec_perl_TestSwitchMultiBoolOps_t" time="0.000218868255615234" />
    <testcase name="Equals (153)" classname="spec_perl_TestSwitchMultiBoolOps_t" time="7.60555267333984e-05" />
    <testcase name="Equals (154)" classname="spec_perl_TestSwitchMultiBoolOps_t" time="0.000134944915771484" />
    <testcase name="Equals (155)" classname="spec_perl_TestSwitchMultiBoolOps_t" time="0.000132083892822266" />
    <testcase name="Equals (156)" classname="spec_perl_TestSwitchMultiBoolOps_t" time="0.000115871429443359" />
    <testcase name="Equals (157)" classname="spec_perl_TestSwitchMultiBoolOps_t" time="0.000144004821777344" />
    <testcase name="Equals (158)" classname="spec_perl_TestSwitchMultiBoolOps_t" time="0.000117063522338867" />
    <testcase name="Equals (159)" classname="spec_perl_TestSwitchMultiBoolOps_t" time="0.000126123428344727" />
    <testcase name="Equals (160)" classname="spec_perl_TestSwitchMultiBoolOps_t" time="0.000149011611938477" />
  </testsuite>
  <testsuite name="spec_perl_TestEnumDeep_t" errors="0" failures="0" skipped="0" tests="2" time="0.0429928302764893">
    <system-out>1..2
ok 1 - Equals
ok 2 - Equals
</system-out>
    <testcase name="Equals (161)" classname="spec_perl_TestEnumDeep_t" time="0.000219106674194336" />
    <testcase name="Equals (162)" classname="spec_perl_TestEnumDeep_t" time="7.20024108886719e-05" />
  </testsuite>
  <testsuite name="spec_perl_TestDebugSwitchUser_t" errors="1" failures="0" skipped="0" tests="0" time="0.0540840625762939">
    <system-out></system-out>
    <testcase name="Test died too soon, even before plan. (162)" classname="spec_perl_TestDebugSwitchUser_t" time="0.0540840625762939">
      <failure message="The test suite died before a plan was produced. You need to have a plan." type="Plan">No plan</failure>
    </testcase>
  </testsuite>
  <testsuite name="spec_perl_TestEosExceptionBytes_t" errors="0" failures="0" skipped="0" tests="1" time="0.0441539287567139">
    <system-out>1..1
ok 1 - Died
</system-out>
    <testcase name="Died (162)" classname="spec_perl_TestEosExceptionBytes_t" time="0.000448942184448242" />
  </testsuite>
  <testsuite name="spec_perl_TestRepeatNStrzDouble_t" errors="0" failures="0" skipped="0" tests="3" time="0.0457158088684082">
    <system-out>1..3
ok 1 - Equals
ok 2 - Equals
ok 3 - Equals
</system-out>
    <testcase name="Equals (163)" classname="spec_perl_TestRepeatNStrzDouble_t" time="0.000301837921142578" />
    <testcase name="Equals (164)" classname="spec_perl_TestRepeatNStrzDouble_t" time="8.29696655273438e-05" />
    <testcase name="Equals (165)" classname="spec_perl_TestRepeatNStrzDouble_t" time="7.51018524169922e-05" />
  </testsuite>
  <testsuite name="spec_perl_TestProcessCoerceUsertype2_t" errors="0" failures="0" skipped="0" tests="4" time="0.0452160835266113">
    <system-out>1..4
ok 1 - Equals
ok 2 - Equals
ok 3 - Equals
ok 4 - Equals
</system-out>
    <testcase name="Equals (166)" classname="spec_perl_TestProcessCoerceUsertype2_t" time="0.00053095817565918" />
    <testcase name="Equals (167)" classname="spec_perl_TestProcessCoerceUsertype2_t" time="0.000105857849121094" />
    <testcase name="Equals (168)" classname="spec_perl_TestProcessCoerceUsertype2_t" time="5.91278076171875e-05" />
    <testcase name="Equals (169)" classname="spec_perl_TestProcessCoerceUsertype2_t" time="0.000108957290649414" />
  </testsuite>
  <testsuite name="spec_perl_TestExprSizeofType0_t" errors="0" failures="0" skipped="0" tests="1" time="0.0432770252227783">
    <system-out>1..1
ok 1 - Equals
</system-out>
    <testcase name="Equals (170)" classname="spec_perl_TestExprSizeofType0_t" time="0.000182867050170898" />
  </testsuite>
  <testsuite name="spec_perl_TestRecursiveOne_t" errors="0" failures="0" skipped="0" tests="4" time="0.0430550575256348">
    <system-out>1..4
ok 1 - Equals
ok 2 - Equals
ok 3 - Equals
ok 4 - Equals
</system-out>
    <testcase name="Equals (171)" classname="spec_perl_TestRecursiveOne_t" time="0.000239133834838867" />
    <testcase name="Equals (172)" classname="spec_perl_TestRecursiveOne_t" time="7.79628753662109e-05" />
    <testcase name="Equals (173)" classname="spec_perl_TestRecursiveOne_t" time="0.00014805793762207" />
    <testcase name="Equals (174)" classname="spec_perl_TestRecursiveOne_t" time="0.00011897087097168" />
  </testsuite>
  <testsuite name="spec_perl_TestDefaultEndianExprIsBe_t" errors="0" failures="0" skipped="0" tests="18" time="0.0460410118103027">
    <system-out>1..18
ok 1 - Equals
ok 2 - Equals
ok 3 - Equals
ok 4 - Equals
ok 5 - Equals
ok 6 - Equals
ok 7 - Equals
ok 8 - Equals
ok 9 - Equals
ok 10 - Equals
ok 11 - Equals
ok 12 - Equals
ok 13 - Equals
ok 14 - Equals
ok 15 - Equals
ok 16 - Equals
ok 17 - Equals
ok 18 - Equals
</system-out>
    <testcase name="Equals (175)" classname="spec_perl_TestDefaultEndianExprIsBe_t" time="0.000259876251220703" />
    <testcase name="Equals (176)" classname="spec_perl_TestDefaultEndianExprIsBe_t" time="8.20159912109375e-05" />
    <testcase name="Equals (177)" classname="spec_perl_TestDefaultEndianExprIsBe_t" time="0.000107049942016602" />
    <testcase name="Equals (178)" classname="spec_perl_TestDefaultEndianExprIsBe_t" time="0.000164985656738281" />
    <testcase name="Equals (179)" classname="spec_perl_TestDefaultEndianExprIsBe_t" time="0.000142097473144531" />
    <testcase name="Equals (180)" classname="spec_perl_TestDefaultEndianExprIsBe_t" time="0.000172853469848633" />
    <testcase name="Equals (181)" classname="spec_perl_TestDefaultEndianExprIsBe_t" time="0.0001220703125" />
    <testcase name="Equals (182)" classname="spec_perl_TestDefaultEndianExprIsBe_t" time="0.000151872634887695" />
    <testcase name="Equals (183)" classname="spec_perl_TestDefaultEndianExprIsBe_t" time="0.0001220703125" />
    <testcase name="Equals (184)" classname="spec_perl_TestDefaultEndianExprIsBe_t" time="0.000149011611938477" />
    <testcase name="Equals (185)" classname="spec_perl_TestDefaultEndianExprIsBe_t" time="0.000150918960571289" />
    <testcase name="Equals (186)" classname="spec_perl_TestDefaultEndianExprIsBe_t" time="0.000151157379150391" />
    <testcase name="Equals (187)" classname="spec_perl_TestDefaultEndianExprIsBe_t" time="0.000120878219604492" />
    <testcase name="Equals (188)" classname="spec_perl_TestDefaultEndianExprIsBe_t" time="0.000151157379150391" />
    <testcase name="Equals (189)" classname="spec_perl_TestDefaultEndianExprIsBe_t" time="0.000120878219604492" />
    <testcase name="Equals (190)" classname="spec_perl_TestDefaultEndianExprIsBe_t" time="0.000140905380249023" />
    <testcase name="Equals (191)" classname="spec_perl_TestDefaultEndianExprIsBe_t" time="0.000162124633789062" />
    <testcase name="Equals (192)" classname="spec_perl_TestDefaultEndianExprIsBe_t" time="0.000163078308105469" />
  </testsuite>
  <testsuite name="spec_perl_TestZlibSurrounded_t" errors="0" failures="0" skipped="0" tests="1" time="0.0638961791992188">
    <system-out>1..1
ok 1 - Equals
</system-out>
    <testcase name="Equals (193)" classname="spec_perl_TestZlibSurrounded_t" time="0.000612020492553711" />
  </testsuite>
  <testsuite name="spec_perl_TestNavParentSwitch_t" errors="0" failures="0" skipped="0" tests="3" time="0.043889045715332">
    <system-out>1..3
ok 1 - Equals
ok 2 - Equals
ok 3 - Equals
</system-out>
    <testcase name="Equals (194)" classname="spec_perl_TestNavParentSwitch_t" time="0.000246047973632812" />
    <testcase name="Equals (195)" classname="spec_perl_TestNavParentSwitch_t" time="8.08238983154297e-05" />
    <testcase name="Equals (196)" classname="spec_perl_TestNavParentSwitch_t" time="0.000112056732177734" />
  </testsuite>
  <testsuite name="spec_perl_TestInstanceStdArray_t" errors="0" failures="0" skipped="0" tests="7" time="0.0448920726776123">
    <system-out>1..7
ok 1 - Equals
ok 2 - Equals
ok 3 - Equals
ok 4 - Equals
ok 5 - Equals
ok 6 - Equals
ok 7 - Equals
</system-out>
    <testcase name="Equals (197)" classname="spec_perl_TestInstanceStdArray_t" time="0.000222921371459961" />
    <testcase name="Equals (198)" classname="spec_perl_TestInstanceStdArray_t" time="7.60555267333984e-05" />
    <testcase name="Equals (199)" classname="spec_perl_TestInstanceStdArray_t" time="0.000126123428344727" />
    <testcase name="Equals (200)" classname="spec_perl_TestInstanceStdArray_t" time="0.000146865844726562" />
    <testcase name="Equals (201)" classname="spec_perl_TestInstanceStdArray_t" time="0.000117063522338867" />
    <testcase name="Equals (202)" classname="spec_perl_TestInstanceStdArray_t" time="0.000149011611938477" />
    <testcase name="Equals (203)" classname="spec_perl_TestInstanceStdArray_t" time="0.000110864639282227" />
  </testsuite>
  <testsuite name="spec_perl_TestValidNotParsedIf_t" errors="1" failures="0" skipped="0" tests="0" time="0.0560989379882812">
    <system-out></system-out>
    <testcase name="Test died too soon, even before plan. (203)" classname="spec_perl_TestValidNotParsedIf_t" time="0.0560989379882812">
      <failure message="The test suite died before a plan was produced. You need to have a plan." type="Plan">No plan</failure>
    </testcase>
  </testsuite>
  <testsuite name="spec_perl_TestRepeatNStruct_t" errors="0" failures="0" skipped="0" tests="5" time="0.0437431335449219">
    <system-out>1..5
ok 1 - Equals
ok 2 - Equals
ok 3 - Equals
ok 4 - Equals
ok 5 - Equals
</system-out>
    <testcase name="Equals (204)" classname="spec_perl_TestRepeatNStruct_t" time="0.00022578239440918" />
    <testcase name="Equals (205)" classname="spec_perl_TestRepeatNStruct_t" time="7.60555267333984e-05" />
    <testcase name="Equals (206)" classname="spec_perl_TestRepeatNStruct_t" time="0.000154018402099609" />
    <testcase name="Equals (207)" classname="spec_perl_TestRepeatNStruct_t" time="0.000128984451293945" />
    <testcase name="Equals (208)" classname="spec_perl_TestRepeatNStruct_t" time="0.000146150588989258" />
  </testsuite>
  <testsuite name="spec_perl_TestRepeatUntilSized_t" errors="0" failures="0" skipped="0" tests="7" time="0.0450179576873779">
    <system-out>1..7
ok 1 - Equals
ok 2 - Equals
ok 3 - Equals
ok 4 - Equals
ok 5 - Equals
ok 6 - Equals
ok 7 - Equals
</system-out>
    <testcase name="Equals (209)" classname="spec_perl_TestRepeatUntilSized_t" time="0.000573873519897461" />
    <testcase name="Equals (210)" classname="spec_perl_TestRepeatUntilSized_t" time="0.000111103057861328" />
    <testcase name="Equals (211)" classname="spec_perl_TestRepeatUntilSized_t" time="6.29425048828125e-05" />
    <testcase name="Equals (212)" classname="spec_perl_TestRepeatUntilSized_t" time="5.69820404052734e-05" />
    <testcase name="Equals (213)" classname="spec_perl_TestRepeatUntilSized_t" time="0.000168085098266602" />
    <testcase name="Equals (214)" classname="spec_perl_TestRepeatUntilSized_t" time="0.000123023986816406" />
    <testcase name="Equals (215)" classname="spec_perl_TestRepeatUntilSized_t" time="0.000134944915771484" />
  </testsuite>
  <testsuite name="spec_perl_TestExprBytesCmp_t" errors="0" failures="0" skipped="0" tests="10" time="0.0444369316101074">
    <system-out>1..10
ok 1 - Equals
ok 2 - Equals
ok 3 - Equals
ok 4 - Equals
ok 5 - Equals
ok 6 - Equals
ok 7 - Equals
ok 8 - Equals
ok 9 - Equals
ok 10 - Equals
</system-out>
    <testcase name="Equals (216)" classname="spec_perl_TestExprBytesCmp_t" time="0.000168085098266602" />
    <testcase name="Equals (217)" classname="spec_perl_TestExprBytesCmp_t" time="7.00950622558594e-05" />
    <testcase name="Equals (218)" classname="spec_perl_TestExprBytesCmp_t" time="0.000144004821777344" />
    <testcase name="Equals (219)" classname="spec_perl_TestExprBytesCmp_t" time="0.000121831893920898" />
    <testcase name="Equals (220)" classname="spec_perl_TestExprBytesCmp_t" time="0.000140190124511719" />
    <testcase name="Equals (221)" classname="spec_perl_TestExprBytesCmp_t" time="0.000200986862182617" />
    <testcase name="Equals (222)" classname="spec_perl_TestExprBytesCmp_t" time="9.98973846435547e-05" />
    <testcase name="Equals (223)" classname="spec_perl_TestExprBytesCmp_t" time="7.39097595214844e-05" />
    <testcase name="Equals (224)" classname="spec_perl_TestExprBytesCmp_t" time="0.000149011611938477" />
    <testcase name="Equals (225)" classname="spec_perl_TestExprBytesCmp_t" time="0.000158071517944336" />
  </testsuite>
  <testsuite name="spec_perl_TestSwitchIntegers2_t" errors="0" failures="0" skipped="0" tests="5" time="0.0431568622589111">
    <system-out>1..5
ok 1 - Equals
ok 2 - Equals
ok 3 - Equals
ok 4 - Equals
ok 5 - Equals
</system-out>
    <testcase name="Equals (226)" classname="spec_perl_TestSwitchIntegers2_t" time="0.000223159790039062" />
    <testcase name="Equals (227)" classname="spec_perl_TestSwitchIntegers2_t" time="7.60555267333984e-05" />
    <testcase name="Equals (228)" classname="spec_perl_TestSwitchIntegers2_t" time="0.000133991241455078" />
    <testcase name="Equals (229)" classname="spec_perl_TestSwitchIntegers2_t" time="0.000116825103759766" />
    <testcase name="Equals (230)" classname="spec_perl_TestSwitchIntegers2_t" time="0.000138044357299805" />
  </testsuite>
  <testsuite name="spec_perl_TestProcessRepeatBytes_t" errors="0" failures="0" skipped="0" tests="2" time="0.0506830215454102">
    <system-out>1..2
ok 1 - Equals
ok 2 - Equals
</system-out>
    <testcase name="Equals (231)" classname="spec_perl_TestProcessRepeatBytes_t" time="0.000262022018432617" />
    <testcase name="Equals (232)" classname="spec_perl_TestProcessRepeatBytes_t" time="7.89165496826172e-05" />
  </testsuite>
  <testsuite name="spec_perl_TestNavParentVsValueInst_t" errors="0" failures="0" skipped="0" tests="1" time="0.0454070568084717">
    <system-out>1..1
ok 1 - Equals
</system-out>
    <testcase name="Equals (233)" classname="spec_perl_TestNavParentVsValueInst_t" time="0.000267982482910156" />
  </testsuite>
  <testsuite name="spec_perl_TestDefaultBigEndian_t" errors="0" failures="0" skipped="0" tests="1" time="0.0449419021606445">
    <system-out>1..1
ok 1 - Equals
</system-out>
    <testcase name="Equals (234)" classname="spec_perl_TestDefaultBigEndian_t" time="0.00018000602722168" />
  </testsuite>
  <testsuite name="spec_perl_TestParamsCallShort_t" errors="0" failures="3" skipped="0" tests="3" time="0.0562548637390137">
    <system-out>1..3
not ok 1 - Equals
not ok 2 - Equals
not ok 3 - Equals
</system-out>
    <testcase name="Equals (235)" classname="spec_perl_TestParamsCallShort_t" time="0.00249099731445312">
      <failure message="not ok 1 - Equals" type="TAP::Parser::Result::Test"></failure>
    </testcase>
    <testcase name="Equals (236)" classname="spec_perl_TestParamsCallShort_t" time="0.00189614295959473">
      <failure message="not ok 2 - Equals" type="TAP::Parser::Result::Test"></failure>
    </testcase>
    <testcase name="Equals (237)" classname="spec_perl_TestParamsCallShort_t" time="0.00184488296508789">
      <failure message="not ok 3 - Equals" type="TAP::Parser::Result::Test"></failure>
    </testcase>
  </testsuite>
  <testsuite name="spec_perl_TestSwitchManualIntSizeEos_t" errors="0" failures="0" skipped="0" tests="10" time="0.0501079559326172">
    <system-out>1..10
ok 1 - Equals
ok 2 - Equals
ok 3 - Equals
ok 4 - Equals
ok 5 - Equals
ok 6 - Equals
ok 7 - Equals
ok 8 - Equals
ok 9 - Equals
ok 10 - Equals
</system-out>
    <testcase name="Equals (238)" classname="spec_perl_TestSwitchManualIntSizeEos_t" time="0.000704050064086914" />
    <testcase name="Equals (239)" classname="spec_perl_TestSwitchManualIntSizeEos_t" time="0.000107049942016602" />
    <testcase name="Equals (240)" classname="spec_perl_TestSwitchManualIntSizeEos_t" time="5.98430633544922e-05" />
    <testcase name="Equals (241)" classname="spec_perl_TestSwitchManualIntSizeEos_t" time="0.000102043151855469" />
    <testcase name="Equals (242)" classname="spec_perl_TestSwitchManualIntSizeEos_t" time="0.000136137008666992" />
    <testcase name="Equals (243)" classname="spec_perl_TestSwitchManualIntSizeEos_t" time="0.000165939331054688" />
    <testcase name="Equals (244)" classname="spec_perl_TestSwitchManualIntSizeEos_t" time="0.000114917755126953" />
    <testcase name="Equals (245)" classname="spec_perl_TestSwitchManualIntSizeEos_t" time="0.000156164169311523" />
    <testcase name="Equals (246)" classname="spec_perl_TestSwitchManualIntSizeEos_t" time="0.000119924545288086" />
    <testcase name="Equals (247)" classname="spec_perl_TestSwitchManualIntSizeEos_t" time="0.000153064727783203" />
  </testsuite>
  <testsuite name="spec_perl_TestSwitchManualEnum_t" errors="0" failures="0" skipped="0" tests="9" time="0.0468859672546387">
    <system-out>1..9
ok 1 - Equals
ok 2 - Equals
ok 3 - Equals
ok 4 - Equals
ok 5 - Equals
ok 6 - Equals
ok 7 - Equals
ok 8 - Equals
ok 9 - Equals
</system-out>
    <testcase name="Equals (248)" classname="spec_perl_TestSwitchManualEnum_t" time="0.000288963317871094" />
    <testcase name="Equals (249)" classname="spec_perl_TestSwitchManualEnum_t" time="8.70227813720703e-05" />
    <testcase name="Equals (250)" classname="spec_perl_TestSwitchManualEnum_t" time="0.00010991096496582" />
    <testcase name="Equals (251)" classname="spec_perl_TestSwitchManualEnum_t" time="0.000138998031616211" />
    <testcase name="Equals (252)" classname="spec_perl_TestSwitchManualEnum_t" time="0.000135898590087891" />
    <testcase name="Equals (253)" classname="spec_perl_TestSwitchManualEnum_t" time="0.000143051147460938" />
    <testcase name="Equals (254)" classname="spec_perl_TestSwitchManualEnum_t" time="0.000154972076416016" />
    <testcase name="Equals (255)" classname="spec_perl_TestSwitchManualEnum_t" time="0.000111103057861328" />
    <testcase name="Equals (256)" classname="spec_perl_TestSwitchManualEnum_t" time="0.00014185905456543" />
  </testsuite>
  <testsuite name="spec_perl_TestExprStrOps_t" errors="1" failures="0" skipped="0" tests="0" time="0.0408270359039307">
    <system-out></system-out>
    <testcase name="Test died too soon, even before plan. (256)" classname="spec_perl_TestExprStrOps_t" time="0.0408270359039307">
      <failure message="The test suite died before a plan was produced. You need to have a plan." type="Plan">No plan</failure>
    </testcase>
  </testsuite>
  <testsuite name="spec_perl_TestRepeatEosStruct_t" errors="0" failures="0" skipped="0" tests="5" time="0.0434389114379883">
    <system-out>1..5
ok 1 - Equals
ok 2 - Equals
ok 3 - Equals
ok 4 - Equals
ok 5 - Equals
</system-out>
    <testcase name="Equals (257)" classname="spec_perl_TestRepeatEosStruct_t" time="0.000237941741943359" />
    <testcase name="Equals (258)" classname="spec_perl_TestRepeatEosStruct_t" time="0.000104188919067383" />
    <testcase name="Equals (259)" classname="spec_perl_TestRepeatEosStruct_t" time="7.79628753662109e-05" />
    <testcase name="Equals (260)" classname="spec_perl_TestRepeatEosStruct_t" time="0.000144004821777344" />
    <testcase name="Equals (261)" classname="spec_perl_TestRepeatEosStruct_t" time="0.000120878219604492" />
  </testsuite>
  <testsuite name="spec_perl_TestCombineStr_t" errors="0" failures="0" skipped="0" tests="15" time="0.0492150783538818">
    <system-out>1..15
ok 1 - Equals
ok 2 - Equals
ok 3 - Equals
ok 4 - Equals
ok 5 - Equals
ok 6 - Equals
ok 7 - Equals
ok 8 - Equals
ok 9 - Equals
ok 10 - Equals
ok 11 - Equals
ok 12 - Equals
ok 13 - Equals
ok 14 - Equals
ok 15 - Equals
</system-out>
    <testcase name="Equals (262)" classname="spec_perl_TestCombineStr_t" time="0.000247001647949219" />
    <testcase name="Equals (263)" classname="spec_perl_TestCombineStr_t" time="7.82012939453125e-05" />
    <testcase name="Equals (264)" classname="spec_perl_TestCombineStr_t" time="0.000135898590087891" />
    <testcase name="Equals (265)" classname="spec_perl_TestCombineStr_t" time="0.000134944915771484" />
    <testcase name="Equals (266)" classname="spec_perl_TestCombineStr_t" time="0.000153064727783203" />
    <testcase name="Equals (267)" classname="spec_perl_TestCombineStr_t" time="0.0001220703125" />
    <testcase name="Equals (268)" classname="spec_perl_TestCombineStr_t" time="0.000154972076416016" />
    <testcase name="Equals (269)" classname="spec_perl_TestCombineStr_t" time="0.000149965286254883" />
    <testcase name="Equals (270)" classname="spec_perl_TestCombineStr_t" time="0.000119924545288086" />
    <testcase name="Equals (271)" classname="spec_perl_TestCombineStr_t" time="0.000158071517944336" />
    <testcase name="Equals (272)" classname="spec_perl_TestCombineStr_t" time="0.000133037567138672" />
    <testcase name="Equals (273)" classname="spec_perl_TestCombineStr_t" time="0.000131845474243164" />
    <testcase name="Equals (274)" classname="spec_perl_TestCombineStr_t" time="0.000147104263305664" />
    <testcase name="Equals (275)" classname="spec_perl_TestCombineStr_t" time="0.000144004821777344" />
    <testcase name="Equals (276)" classname="spec_perl_TestCombineStr_t" time="0.000127077102661133" />
  </testsuite>
  <testsuite name="spec_perl_TestExprIoPos_t" errors="0" failures="0" skipped="0" tests="6" time="0.0468049049377441">
    <system-out>1..6
ok 1 - Equals
ok 2 - Equals
ok 3 - Equals
ok 4 - Equals
ok 5 - Equals
ok 6 - Equals
</system-out>
    <testcase name="Equals (277)" classname="spec_perl_TestExprIoPos_t" time="0.000607967376708984" />
    <testcase name="Equals (278)" classname="spec_perl_TestExprIoPos_t" time="9.79900360107422e-05" />
    <testcase name="Equals (279)" classname="spec_perl_TestExprIoPos_t" time="5.69820404052734e-05" />
    <testcase name="Equals (280)" classname="spec_perl_TestExprIoPos_t" time="9.918212890625e-05" />
    <testcase name="Equals (281)" classname="spec_perl_TestExprIoPos_t" time="0.000129938125610352" />
    <testcase name="Equals (282)" classname="spec_perl_TestExprIoPos_t" time="0.000128030776977539" />
  </testsuite>
  <testsuite name="spec_perl_TestMultipleUse_t" errors="0" failures="0" skipped="0" tests="2" time="0.0441429615020752">
    <system-out>1..2
ok 1 - Equals
ok 2 - Equals
</system-out>
    <testcase name="Equals (283)" classname="spec_perl_TestMultipleUse_t" time="0.000322103500366211" />
    <testcase name="Equals (284)" classname="spec_perl_TestMultipleUse_t" time="0.000192880630493164" />
  </testsuite>
  <testsuite name="spec_perl_TestCombineEnum_t" errors="0" failures="0" skipped="0" tests="3" time="0.0429511070251465">
    <system-out>1..3
ok 1 - Equals
ok 2 - Equals
ok 3 - Equals
</system-out>
    <testcase name="Equals (285)" classname="spec_perl_TestCombineEnum_t" time="0.000231027603149414" />
    <testcase name="Equals (286)" classname="spec_perl_TestCombineEnum_t" time="0.000100135803222656" />
    <testcase name="Equals (287)" classname="spec_perl_TestCombineEnum_t" time="0.000139951705932617" />
  </testsuite>
  <testsuite name="spec_perl_TestProcessCustomNoArgs_t" errors="1" failures="0" skipped="0" tests="0" time="0.057607889175415">
    <system-out></system-out>
    <testcase name="Test died too soon, even before plan. (287)" classname="spec_perl_TestProcessCustomNoArgs_t" time="0.057607889175415">
      <failure message="The test suite died before a plan was produced. You need to have a plan." type="Plan">No plan</failure>
    </testcase>
  </testsuite>
  <testsuite name="spec_perl_TestUserType_t" errors="0" failures="0" skipped="0" tests="2" time="0.042435884475708">
    <system-out>1..2
ok 1 - Equals
ok 2 - Equals
</system-out>
    <testcase name="Equals (288)" classname="spec_perl_TestUserType_t" time="0.00017094612121582" />
    <testcase name="Equals (289)" classname="spec_perl_TestUserType_t" time="6.91413879394531e-05" />
  </testsuite>
  <testsuite name="spec_perl_TestEnumToI_t" errors="0" failures="0" skipped="0" tests="5" time="0.0428450107574463">
    <system-out>1..5
ok 1 - Equals
ok 2 - Equals
ok 3 - Equals
ok 4 - Equals
ok 5 - Equals
</system-out>
    <testcase name="Equals (290)" classname="spec_perl_TestEnumToI_t" time="0.000164031982421875" />
    <testcase name="Equals (291)" classname="spec_perl_TestEnumToI_t" time="8.10623168945312e-05" />
    <testcase name="Equals (292)" classname="spec_perl_TestEnumToI_t" time="0.00013279914855957" />
    <testcase name="Equals (293)" classname="spec_perl_TestEnumToI_t" time="0.000121116638183594" />
    <testcase name="Equals (294)" classname="spec_perl_TestEnumToI_t" time="0.000129938125610352" />
  </testsuite>
  <testsuite name="spec_perl_TestPositionToEnd_t" errors="0" failures="0" skipped="0" tests="2" time="0.0424461364746094">
    <system-out>1..2
ok 1 - Equals
ok 2 - Equals
</system-out>
    <testcase name="Equals (295)" classname="spec_perl_TestPositionToEnd_t" time="0.000164031982421875" />
    <testcase name="Equals (296)" classname="spec_perl_TestPositionToEnd_t" time="6.69956207275391e-05" />
  </testsuite>
  <testsuite name="spec_perl_TestEnum1_t" errors="0" failures="0" skipped="0" tests="2" time="0.0442719459533691">
    <system-out>1..2
ok 1 - Equals
ok 2 - Equals
</system-out>
    <testcase name="Equals (297)" classname="spec_perl_TestEnum1_t" time="0.000180959701538086" />
    <testcase name="Equals (298)" classname="spec_perl_TestEnum1_t" time="7.10487365722656e-05" />
  </testsuite>
  <testsuite name="spec_perl_TestParamsPassStruct_t" errors="0" failures="1" skipped="1" tests="4" time="0.0468161106109619">
    <system-out>1..4
ok 1 - Equals
ok 2 - Equals
not ok 3 - test_params_pass_struct died (Can't call method &quot;foo&quot; on an undefined value at spec/perl/TestParamsPassStruct.t line 17.)
ok 4 # skip test_params_pass_struct died
</system-out>
    <testcase name="Equals (299)" classname="spec_perl_TestParamsPassStruct_t" time="0.000234842300415039" />
    <testcase name="Equals (300)" classname="spec_perl_TestParamsPassStruct_t" time="7.70092010498047e-05" />
    <testcase name="test_params_pass_struct died (Can't call method &quot;foo&quot; on an undefined value at spec/perl/TestParamsPassStruct.t line 17.) (300)" classname="spec_perl_TestParamsPassStruct_t" time="0.000243186950683594">
      <failure message="not ok 3 - test_params_pass_struct died (Can't call method &quot;foo&quot; on an undefined value at spec/perl/TestParamsPassStruct.t line 17.)" type="TAP::Parser::Result::Test"></failure>
    </testcase>
    <testcase name="Unnamed test case 300" classname="spec_perl_TestParamsPassStruct_t" time="0.00166893005371094">
      <skipped message="ok 4 # skip test_params_pass_struct died" />
    </testcase>
  </testsuite>
  <testsuite name="spec_perl_TestNavParentFalse_t" errors="0" failures="0" skipped="0" tests="5" time="0.0428628921508789">
    <system-out>1..5
ok 1 - Equals
ok 2 - Equals
ok 3 - Equals
ok 4 - Equals
ok 5 - Equals
</system-out>
    <testcase name="Equals (301)" classname="spec_perl_TestNavParentFalse_t" time="0.000261068344116211" />
    <testcase name="Equals (302)" classname="spec_perl_TestNavParentFalse_t" time="8.20159912109375e-05" />
    <testcase name="Equals (303)" classname="spec_perl_TestNavParentFalse_t" time="0.000151872634887695" />
    <testcase name="Equals (304)" classname="spec_perl_TestNavParentFalse_t" time="0.000119924545288086" />
    <testcase name="Equals (305)" classname="spec_perl_TestNavParentFalse_t" time="0.000133991241455078" />
  </testsuite>
  <testsuite name="spec_perl_TestNavParent2_t" errors="0" failures="0" skipped="0" tests="10" time="0.0465729236602783">
    <system-out>1..10
ok 1 - Equals
ok 2 - Equals
ok 3 - Equals
ok 4 - Equals
ok 5 - Equals
ok 6 - Equals
ok 7 - Equals
ok 8 - Equals
ok 9 - Equals
ok 10 - Equals
</system-out>
    <testcase name="Equals (306)" classname="spec_perl_TestNavParent2_t" time="0.000269889831542969" />
    <testcase name="Equals (307)" classname="spec_perl_TestNavParent2_t" time="8.29696655273438e-05" />
    <testcase name="Equals (308)" classname="spec_perl_TestNavParent2_t" time="0.000105142593383789" />
    <testcase name="Equals (309)" classname="spec_perl_TestNavParent2_t" time="0.00014185905456543" />
    <testcase name="Equals (310)" classname="spec_perl_TestNavParent2_t" time="0.000154018402099609" />
    <testcase name="Equals (311)" classname="spec_perl_TestNavParent2_t" time="0.000195026397705078" />
    <testcase name="Equals (312)" classname="spec_perl_TestNavParent2_t" time="0.000111103057861328" />
    <testcase name="Equals (313)" classname="spec_perl_TestNavParent2_t" time="0.000129938125610352" />
    <testcase name="Equals (314)" classname="spec_perl_TestNavParent2_t" time="0.000119924545288086" />
    <testcase name="Equals (315)" classname="spec_perl_TestNavParent2_t" time="0.000190019607543945" />
  </testsuite>
  <testsuite name="spec_perl_TestProcessToUser_t" errors="0" failures="0" skipped="0" tests="1" time="0.0470790863037109">
    <system-out>1..1
ok 1 - Equals
</system-out>
    <testcase name="Equals (316)" classname="spec_perl_TestProcessToUser_t" time="0.000539064407348633" />
  </testsuite>
  <testsuite name="spec_perl_TestStrPadTerm_t" errors="0" failures="0" skipped="0" tests="4" time="0.0457990169525146">
    <system-out>1..4
ok 1 - Equals
ok 2 - Equals
ok 3 - Equals
ok 4 - Equals
</system-out>
    <testcase name="Equals (317)" classname="spec_perl_TestStrPadTerm_t" time="0.000322103500366211" />
    <testcase name="Equals (318)" classname="spec_perl_TestStrPadTerm_t" time="8.48770141601562e-05" />
    <testcase name="Equals (319)" classname="spec_perl_TestStrPadTerm_t" time="7.29560852050781e-05" />
    <testcase name="Equals (320)" classname="spec_perl_TestStrPadTerm_t" time="0.000141143798828125" />
  </testsuite>
  <testsuite name="spec_perl_TestRepeatNStrz_t" errors="0" failures="0" skipped="0" tests="2" time="0.0462980270385742">
    <system-out>1..2
ok 1 - Equals
ok 2 - Equals
</system-out>
    <testcase name="Equals (321)" classname="spec_perl_TestRepeatNStrz_t" time="0.000336885452270508" />
    <testcase name="Equals (322)" classname="spec_perl_TestRepeatNStrz_t" time="8.91685485839844e-05" />
  </testsuite>
  <testsuite name="spec_perl_TestEnumOfValueInst_t" errors="0" failures="0" skipped="0" tests="4" time="0.0436210632324219">
    <system-out>1..4
ok 1 - Equals
ok 2 - Equals
ok 3 - Equals
ok 4 - Equals
</system-out>
    <testcase name="Equals (323)" classname="spec_perl_TestEnumOfValueInst_t" time="0.000222921371459961" />
    <testcase name="Equals (324)" classname="spec_perl_TestEnumOfValueInst_t" time="7.41481781005859e-05" />
    <testcase name="Equals (325)" classname="spec_perl_TestEnumOfValueInst_t" time="0.000138998031616211" />
    <testcase name="Equals (326)" classname="spec_perl_TestEnumOfValueInst_t" time="0.000139951705932617" />
  </testsuite>
  <testsuite name="spec_perl_TestPositionInSeq_t" errors="0" failures="0" skipped="0" tests="1" time="0.0429120063781738">
    <system-out>1..1
ok 1 - Equals
</system-out>
    <testcase name="Equals (327)" classname="spec_perl_TestPositionInSeq_t" time="0.000235080718994141" />
  </testsuite>
  <testsuite name="spec_perl_TestEnumIntRangeS_t" errors="0" failures="0" skipped="0" tests="3" time="0.0526049137115479">
    <system-out>1..3
ok 1 - Equals
ok 2 - Equals
ok 3 - Equals
</system-out>
    <testcase name="Equals (328)" classname="spec_perl_TestEnumIntRangeS_t" time="0.000241994857788086" />
    <testcase name="Equals (329)" classname="spec_perl_TestEnumIntRangeS_t" time="7.58171081542969e-05" />
    <testcase name="Equals (330)" classname="spec_perl_TestEnumIntRangeS_t" time="0.000158071517944336" />
  </testsuite>
  <testsuite name="spec_perl_TestSwitchIntegers_t" errors="0" failures="0" skipped="0" tests="9" time="0.0610899925231934">
    <system-out>1..9
ok 1 - Equals
ok 2 - Equals
ok 3 - Equals
ok 4 - Equals
ok 5 - Equals
ok 6 - Equals
ok 7 - Equals
ok 8 - Equals
ok 9 - Equals
</system-out>
    <testcase name="Equals (331)" classname="spec_perl_TestSwitchIntegers_t" time="0.000272035598754883" />
    <testcase name="Equals (332)" classname="spec_perl_TestSwitchIntegers_t" time="7.98702239990234e-05" />
    <testcase name="Equals (333)" classname="spec_perl_TestSwitchIntegers_t" time="0.000117063522338867" />
    <testcase name="Equals (334)" classname="spec_perl_TestSwitchIntegers_t" time="0.00018000602722168" />
    <testcase name="Equals (335)" classname="spec_perl_TestSwitchIntegers_t" time="9.60826873779297e-05" />
    <testcase name="Equals (336)" classname="spec_perl_TestSwitchIntegers_t" time="0.00014185905456543" />
    <testcase name="Equals (337)" classname="spec_perl_TestSwitchIntegers_t" time="0.000123977661132812" />
    <testcase name="Equals (338)" classname="spec_perl_TestSwitchIntegers_t" time="0.000149011611938477" />
    <testcase name="Equals (339)" classname="spec_perl_TestSwitchIntegers_t" time="0.000117063522338867" />
  </testsuite>
  <testsuite name="spec_perl_TestParamsPassArrayStruct_t" errors="0" failures="1" skipped="2" tests="3" time="0.0478658676147461">
    <system-out>1..3
not ok 1 - test_params_pass_array_struct died (Can't use an undefined value as an ARRAY reference at spec/perl/TestParamsPassArrayStruct.t line 15.)
ok 2 # skip test_params_pass_array_struct died
ok 3 # skip test_params_pass_array_struct died
</system-out>
    <testcase name="test_params_pass_array_struct died (Can't use an undefined value as an ARRAY reference at spec/perl/TestParamsPassArrayStruct.t line 15.) (339)" classname="spec_perl_TestParamsPassArrayStruct_t" time="0.000303983688354492">
      <failure message="not ok 1 - test_params_pass_array_struct died (Can't use an undefined value as an ARRAY reference at spec/perl/TestParamsPassArrayStruct.t line 15.)" type="TAP::Parser::Result::Test"></failure>
    </testcase>
    <testcase name="Unnamed test case 339" classname="spec_perl_TestParamsPassArrayStruct_t" time="0.0019838809967041">
      <skipped message="ok 2 # skip test_params_pass_array_struct died" />
    </testcase>
    <testcase name="Unnamed test case 340" classname="spec_perl_TestParamsPassArrayStruct_t" time="0.000316143035888672">
      <skipped message="ok 3 # skip test_params_pass_array_struct died" />
    </testcase>
  </testsuite>
  <testsuite name="spec_perl_TestBitsEnum_t" errors="0" failures="0" skipped="0" tests="3" time="0.0424158573150635">
    <system-out>1..3
ok 1 - Equals
ok 2 - Equals
ok 3 - Equals
</system-out>
    <testcase name="Equals (340)" classname="spec_perl_TestBitsEnum_t" time="0.000225067138671875" />
    <testcase name="Equals (341)" classname="spec_perl_TestBitsEnum_t" time="7.20024108886719e-05" />
    <testcase name="Equals (342)" classname="spec_perl_TestBitsEnum_t" time="0.000145912170410156" />
  </testsuite>
  <testsuite name="spec_perl_TestDocstringsDocref_t" errors="0" failures="0" skipped="1" tests="1" time="0.0429000854492188">
    <system-out>1..1
ok 1 # skip DocstringsDocref=HASH(0x1804fd8)
</system-out>
    <testcase name="Unnamed test case 342" classname="spec_perl_TestDocstringsDocref_t" time="0.00120806694030762">
      <skipped message="ok 1 # skip DocstringsDocref=HASH(0x1804fd8)" />
    </testcase>
  </testsuite>
  <testsuite name="spec_perl_TestStrPadTermEmpty_t" errors="0" failures="0" skipped="0" tests="4" time="0.0463681221008301">
    <system-out>1..4
ok 1 - Equals
ok 2 - Equals
ok 3 - Equals
ok 4 - Equals
</system-out>
    <testcase name="Equals (343)" classname="spec_perl_TestStrPadTermEmpty_t" time="0.000291824340820312" />
    <testcase name="Equals (344)" classname="spec_perl_TestStrPadTermEmpty_t" time="8.32080841064453e-05" />
    <testcase name="Equals (345)" classname="spec_perl_TestStrPadTermEmpty_t" time="0.000111818313598633" />
    <testcase name="Equals (346)" classname="spec_perl_TestStrPadTermEmpty_t" time="0.000140190124511719" />
  </testsuite>
  <testsuite name="spec_perl_TestImportsCircularA_t" errors="0" failures="0" skipped="0" tests="5" time="0.0425260066986084">
    <system-out>1..5
ok 1 - Equals
ok 2 - Equals
ok 3 - Equals
ok 4 - Equals
ok 5 - Equals
</system-out>
    <testcase name="Equals (347)" classname="spec_perl_TestImportsCircularA_t" time="0.000226020812988281" />
    <testcase name="Equals (348)" classname="spec_perl_TestImportsCircularA_t" time="8.41617584228516e-05" />
    <testcase name="Equals (349)" classname="spec_perl_TestImportsCircularA_t" time="0.000133037567138672" />
    <testcase name="Equals (350)" classname="spec_perl_TestImportsCircularA_t" time="0.000133991241455078" />
    <testcase name="Equals (351)" classname="spec_perl_TestImportsCircularA_t" time="6.07967376708984e-05" />
  </testsuite>
  <testsuite name="spec_perl_TestMetaXref_t" errors="0" failures="0" skipped="1" tests="1" time="0.0443360805511475">
    <system-out>1..1
ok 1 # skip MetaXref=HASH(0x1282b78)
</system-out>
    <testcase name="Unnamed test case 351" classname="spec_perl_TestMetaXref_t" time="0.00121307373046875">
      <skipped message="ok 1 # skip MetaXref=HASH(0x1282b78)" />
    </testcase>
  </testsuite>
  <testsuite name="spec_perl_TestNavRoot_t" errors="0" failures="0" skipped="0" tests="5" time="0.045971155166626">
    <system-out>1..5
ok 1 - Equals
ok 2 - Equals
ok 3 - Equals
ok 4 - Equals
ok 5 - Equals
</system-out>
    <testcase name="Equals (352)" classname="spec_perl_TestNavRoot_t" time="0.000291109085083008" />
    <testcase name="Equals (353)" classname="spec_perl_TestNavRoot_t" time="8.20159912109375e-05" />
    <testcase name="Equals (354)" classname="spec_perl_TestNavRoot_t" time="8.60691070556641e-05" />
    <testcase name="Equals (355)" classname="spec_perl_TestNavRoot_t" time="0.000153779983520508" />
    <testcase name="Equals (356)" classname="spec_perl_TestNavRoot_t" time="0.000108003616333008" />
  </testsuite>
  <testsuite name="spec_perl_TestProcessXor4Value_t" errors="0" failures="0" skipped="0" tests="2" time="0.0426180362701416">
    <system-out>1..2
ok 1 - Equals
ok 2 - Equals
</system-out>
    <testcase name="Equals (357)" classname="spec_perl_TestProcessXor4Value_t" time="0.000211000442504883" />
    <testcase name="Equals (358)" classname="spec_perl_TestProcessXor4Value_t" time="7.58171081542969e-05" />
  </testsuite>
  <testsuite name="spec_perl_TestIfValues_t" errors="0" failures="0" skipped="0" tests="6" time="0.0442888736724854">
    <system-out>1..6
ok 1 - Equals
ok 2 - Equals
ok 3 - Equals
ok 4 - nil
ok 5 - Equals
ok 6 - nil
</system-out>
    <testcase name="Equals (359)" classname="spec_perl_TestIfValues_t" time="0.000200033187866211" />
    <testcase name="Equals (360)" classname="spec_perl_TestIfValues_t" time="7.89165496826172e-05" />
    <testcase name="Equals (361)" classname="spec_perl_TestIfValues_t" time="0.000140905380249023" />
    <testcase name="nil (361)" classname="spec_perl_TestIfValues_t" time="6.81877136230469e-05" />
    <testcase name="Equals (362)" classname="spec_perl_TestIfValues_t" time="0.000105857849121094" />
    <testcase name="nil (362)" classname="spec_perl_TestIfValues_t" time="6.60419464111328e-05" />
  </testsuite>
  <testsuite name="spec_perl_TestHelloWorld_t" errors="0" failures="0" skipped="0" tests="1" time="0.0428941249847412">
    <system-out>1..1
ok 1 - Equals
</system-out>
    <testcase name="Equals (363)" classname="spec_perl_TestHelloWorld_t" time="0.00017094612121582" />
  </testsuite>
  <testsuite name="spec_perl_TestExprOpsParens_t" errors="1" failures="0" skipped="0" tests="0" time="0.0423438549041748">
    <system-out></system-out>
    <testcase name="Test died too soon, even before plan. (363)" classname="spec_perl_TestExprOpsParens_t" time="0.0423438549041748">
      <failure message="The test suite died before a plan was produced. You need to have a plan." type="Plan">No plan</failure>
    </testcase>
  </testsuite>
  <testsuite name="spec_perl_TestBitsByteAligned_t" errors="0" failures="0" skipped="0" tests="9" time="0.0437488555908203">
    <system-out>1..9
ok 1 - Equals
ok 2 - Equals
ok 3 - Equals
ok 4 - Equals
ok 5 - Equals
ok 6 - Equals
ok 7 - Equals
ok 8 - Equals
ok 9 - Equals
</system-out>
    <testcase name="Equals (364)" classname="spec_perl_TestBitsByteAligned_t" time="0.000265836715698242" />
    <testcase name="Equals (365)" classname="spec_perl_TestBitsByteAligned_t" time="7.91549682617188e-05" />
    <testcase name="Equals (366)" classname="spec_perl_TestBitsByteAligned_t" time="0.000118017196655273" />
    <testcase name="Equals (367)" classname="spec_perl_TestBitsByteAligned_t" time="0.00014185905456543" />
    <testcase name="Equals (368)" classname="spec_perl_TestBitsByteAligned_t" time="0.000108957290649414" />
    <testcase name="Equals (369)" classname="spec_perl_TestBitsByteAligned_t" time="0.000145196914672852" />
    <testcase name="Equals (370)" classname="spec_perl_TestBitsByteAligned_t" time="0.000116825103759766" />
    <testcase name="Equals (371)" classname="spec_perl_TestBitsByteAligned_t" time="0.00015711784362793" />
    <testcase name="Equals (372)" classname="spec_perl_TestBitsByteAligned_t" time="0.000118017196655273" />
  </testsuite>
  <testsuite name="spec_perl_TestEnumLongRangeS_t" errors="0" failures="0" skipped="0" tests="7" time="0.0434689521789551">
    <system-out>1..7
ok 1 - Equals
ok 2 - Equals
ok 3 - Equals
ok 4 - Equals
ok 5 - Equals
ok 6 - Equals
ok 7 - Equals
</system-out>
    <testcase name="Equals (373)" classname="spec_perl_TestEnumLongRangeS_t" time="0.000245094299316406" />
    <testcase name="Equals (374)" classname="spec_perl_TestEnumLongRangeS_t" time="7.60555267333984e-05" />
    <testcase name="Equals (375)" classname="spec_perl_TestEnumLongRangeS_t" time="8.20159912109375e-05" />
    <testcase name="Equals (376)" classname="spec_perl_TestEnumLongRangeS_t" time="0.000145912170410156" />
    <testcase name="Equals (377)" classname="spec_perl_TestEnumLongRangeS_t" time="0.000131130218505859" />
    <testcase name="Equals (378)" classname="spec_perl_TestEnumLongRangeS_t" time="0.00014185905456543" />
    <testcase name="Equals (379)" classname="spec_perl_TestEnumLongRangeS_t" time="0.000139951705932617" />
  </testsuite>
  <testsuite name="spec_perl_TestEnumInvalid_t" errors="0" failures="0" skipped="0" tests="2" time="0.0421278476715088">
    <system-out>1..2
ok 1 - Equals
ok 2 - Equals
</system-out>
    <testcase name="Equals (380)" classname="spec_perl_TestEnumInvalid_t" time="0.000210046768188477" />
    <testcase name="Equals (381)" classname="spec_perl_TestEnumInvalid_t" time="7.20024108886719e-05" />
  </testsuite>
  <testsuite name="spec_perl_TestExprBits_t" errors="0" failures="0" skipped="0" tests="10" time="0.0440981388092041">
    <system-out>1..10
ok 1 - Equals
ok 2 - Equals
ok 3 - Equals
ok 4 - Equals
ok 5 - Equals
ok 6 - Equals
ok 7 - Equals
ok 8 - Equals
ok 9 - Equals
ok 10 - Equals
</system-out>
    <testcase name="Equals (382)" classname="spec_perl_TestExprBits_t" time="0.000247955322265625" />
    <testcase name="Equals (383)" classname="spec_perl_TestExprBits_t" time="7.89165496826172e-05" />
    <testcase name="Equals (384)" classname="spec_perl_TestExprBits_t" time="0.000108003616333008" />
    <testcase name="Equals (385)" classname="spec_perl_TestExprBits_t" time="0.000131130218505859" />
    <testcase name="Equals (386)" classname="spec_perl_TestExprBits_t" time="0.000139951705932617" />
    <testcase name="Equals (387)" classname="spec_perl_TestExprBits_t" time="0.000146865844726562" />
    <testcase name="Equals (388)" classname="spec_perl_TestExprBits_t" time="0.000127077102661133" />
    <testcase name="Equals (389)" classname="spec_perl_TestExprBits_t" time="0.00011897087097168" />
    <testcase name="Equals (390)" classname="spec_perl_TestExprBits_t" time="0.000123023986816406" />
    <testcase name="Equals (391)" classname="spec_perl_TestExprBits_t" time="0.000158071517944336" />
  </testsuite>
  <testsuite name="spec_perl_TestNestedSameName2_t" errors="0" failures="0" skipped="0" tests="5" time="0.0431351661682129">
    <system-out>1..5
ok 1 - Equals
ok 2 - Equals
ok 3 - Equals
ok 4 - Equals
ok 5 - Equals
</system-out>
    <testcase name="Equals (392)" classname="spec_perl_TestNestedSameName2_t" time="0.000263214111328125" />
    <testcase name="Equals (393)" classname="spec_perl_TestNestedSameName2_t" time="8.17775726318359e-05" />
    <testcase name="Equals (394)" classname="spec_perl_TestNestedSameName2_t" time="0.000128030776977539" />
    <testcase name="Equals (395)" classname="spec_perl_TestNestedSameName2_t" time="0.000132083892822266" />
    <testcase name="Equals (396)" classname="spec_perl_TestNestedSameName2_t" time="0.000111103057861328" />
  </testsuite>
  <testsuite name="spec_perl_TestYamlInts_t" errors="0" failures="0" skipped="0" tests="4" time="0.0514569282531738">
    <system-out>1..4
ok 1 - Equals
ok 2 - Equals
ok 3 - Equals
ok 4 - Equals
</system-out>
    <testcase name="Equals (397)" classname="spec_perl_TestYamlInts_t" time="0.000834941864013672" />
    <testcase name="Equals (398)" classname="spec_perl_TestYamlInts_t" time="0.000471115112304688" />
    <testcase name="Equals (399)" classname="spec_perl_TestYamlInts_t" time="0.000448942184448242" />
    <testcase name="Equals (400)" classname="spec_perl_TestYamlInts_t" time="0.000402927398681641" />
  </testsuite>
  <testsuite name="spec_perl_TestIfInstances_t" errors="0" failures="0" skipped="0" tests="1" time="0.0437870025634766">
    <system-out>1..1
ok 1 - nil
</system-out>
    <testcase name="nil (400)" classname="spec_perl_TestIfInstances_t" time="0.000168085098266602" />
  </testsuite>
  <testsuite name="spec_perl_TestIndexToParamEos_t" errors="0" failures="2" skipped="0" tests="7" time="0.0557079315185547">
    <system-out>1..7
ok 1 - Equals
ok 2 - Equals
ok 3 - Equals
ok 4 - Equals
ok 5 - Equals
not ok 6 - Equals
not ok 7 - Equals
</system-out>
    <testcase name="Equals (401)" classname="spec_perl_TestIndexToParamEos_t" time="0.0110509395599365" />
    <testcase name="Equals (402)" classname="spec_perl_TestIndexToParamEos_t" time="0.000174045562744141" />
    <testcase name="Equals (403)" classname="spec_perl_TestIndexToParamEos_t" time="6.38961791992188e-05" />
    <testcase name="Equals (404)" classname="spec_perl_TestIndexToParamEos_t" time="4.50611114501953e-05" />
    <testcase name="Equals (405)" classname="spec_perl_TestIndexToParamEos_t" time="3.79085540771484e-05" />
    <testcase name="Equals (406)" classname="spec_perl_TestIndexToParamEos_t" time="7.82012939453125e-05">
      <failure message="not ok 6 - Equals" type="TAP::Parser::Result::Test"></failure>
    </testcase>
    <testcase name="Equals (407)" classname="spec_perl_TestIndexToParamEos_t" time="4.88758087158203e-05">
      <failure message="not ok 7 - Equals" type="TAP::Parser::Result::Test"></failure>
    </testcase>
  </testsuite>
  <testsuite name="spec_perl_TestValidSwitch_t" errors="1" failures="0" skipped="0" tests="0" time="0.0548398494720459">
    <system-out></system-out>
    <testcase name="Test died too soon, even before plan. (407)" classname="spec_perl_TestValidSwitch_t" time="0.0548398494720459">
      <failure message="The test suite died before a plan was produced. You need to have a plan." type="Plan">No plan</failure>
    </testcase>
  </testsuite>
  <testsuite name="spec_perl_TestEnumToIClassBorder1_t" errors="0" failures="1" skipped="0" tests="3" time="0.044935941696167">
    <system-out>1..3
ok 1 - Equals
ok 2 - Equals
not ok 3 - test_enum_to_i_class_border_1 died (Can't call method &quot;some_dog&quot; on an undefined value at compiled/perl/EnumToIClassBorder2.pm line 42.)
</system-out>
    <testcase name="Equals (408)" classname="spec_perl_TestEnumToIClassBorder1_t" time="0.0002288818359375" />
    <testcase name="Equals (409)" classname="spec_perl_TestEnumToIClassBorder1_t" time="7.60555267333984e-05" />
    <testcase name="test_enum_to_i_class_border_1 died (Can't call method &quot;some_dog&quot; on an undefined value at compiled/perl/EnumToIClassBorder2.pm line 42.) (409)" classname="spec_perl_TestEnumToIClassBorder1_t" time="0.000252962112426758">
      <failure message="not ok 3 - test_enum_to_i_class_border_1 died (Can't call method &quot;some_dog&quot; on an undefined value at compiled/perl/EnumToIClassBorder2.pm line 42.)" type="TAP::Parser::Result::Test"></failure>
    </testcase>
  </testsuite>
  <testsuite name="spec_perl_TestCombineBool_t" errors="0" failures="0" skipped="0" tests="2" time="0.042356014251709">
    <system-out>1..2
ok 1 - Equals
ok 2 - Equals
</system-out>
    <testcase name="Equals (410)" classname="spec_perl_TestCombineBool_t" time="0.000200033187866211" />
    <testcase name="Equals (411)" classname="spec_perl_TestCombineBool_t" time="7.10487365722656e-05" />
  </testsuite>
  <testsuite name="spec_perl_TestEnumImport_t" errors="0" failures="2" skipped="0" tests="2" time="0.0467879772186279">
    <system-out>1..2
not ok 1 - Equals
not ok 2 - Equals
</system-out>
    <testcase name="Equals (412)" classname="spec_perl_TestEnumImport_t" time="0.000169992446899414">
      <failure message="not ok 1 - Equals" type="TAP::Parser::Result::Test"></failure>
    </testcase>
    <testcase name="Equals (413)" classname="spec_perl_TestEnumImport_t" time="9.48905944824219e-05">
      <failure message="not ok 2 - Equals" type="TAP::Parser::Result::Test"></failure>
    </testcase>
  </testsuite>
  <testsuite name="spec_perl_TestValidShort_t" errors="1" failures="0" skipped="0" tests="0" time="0.042104959487915">
    <system-out></system-out>
[...]
    <testcase name="Equals (662)" classname="spec_perl_TestSwitchManualStrElse_t" time="8.89301300048828e-05" />
    <testcase name="Equals (663)" classname="spec_perl_TestSwitchManualStrElse_t" time="9.79900360107422e-05" />
    <testcase name="Equals (664)" classname="spec_perl_TestSwitchManualStrElse_t" time="0.000327110290527344" />
    <testcase name="Equals (665)" classname="spec_perl_TestSwitchManualStrElse_t" time="0.000103950500488281" />
    <testcase name="Equals (666)" classname="spec_perl_TestSwitchManualStrElse_t" time="0.00023198127746582" />
    <testcase name="Equals (667)" classname="spec_perl_TestSwitchManualStrElse_t" time="0.000179052352905273" />
    <testcase name="Equals (668)" classname="spec_perl_TestSwitchManualStrElse_t" time="0.000108957290649414" />
    <testcase name="Equals (669)" classname="spec_perl_TestSwitchManualStrElse_t" time="0.000154972076416016" />
  </testsuite>
  <testsuite name="spec_perl_TestNavParent_t" errors="0" failures="0" skipped="0" tests="5" time="0.0460679531097412">
    <system-out>1..5
ok 1 - Equals
ok 2 - Equals
ok 3 - Equals
ok 4 - Equals
ok 5 - Equals
</system-out>
    <testcase name="Equals (670)" classname="spec_perl_TestNavParent_t" time="0.000142097473144531" />
    <testcase name="Equals (671)" classname="spec_perl_TestNavParent_t" time="0.000138044357299805" />
    <testcase name="Equals (672)" classname="spec_perl_TestNavParent_t" time="4.98294830322266e-05" />
    <testcase name="Equals (673)" classname="spec_perl_TestNavParent_t" time="4.31537628173828e-05" />
    <testcase name="Equals (674)" classname="spec_perl_TestNavParent_t" time="6.4849853515625e-05" />
  </testsuite>
  <testsuite name="spec_perl_TestRepeatEosU4_t" errors="0" failures="0" skipped="0" tests="1" time="0.0435218811035156">
    <system-out>1..1
ok 1 - Equals
</system-out>
    <testcase name="Equals (675)" classname="spec_perl_TestRepeatEosU4_t" time="0.000221967697143555" />
  </testsuite>
  <testsuite name="spec_perl_TestEnumDeepLiterals_t" errors="0" failures="0" skipped="0" tests="2" time="0.0426309108734131">
    <system-out>1..2
ok 1 - Equals
ok 2 - Equals
</system-out>
    <testcase name="Equals (676)" classname="spec_perl_TestEnumDeepLiterals_t" time="0.00020909309387207" />
    <testcase name="Equals (677)" classname="spec_perl_TestEnumDeepLiterals_t" time="7.08103179931641e-05" />
  </testsuite>
  <testsuite name="spec_perl_TestStrLiterals2_t" errors="0" failures="0" skipped="0" tests="4" time="0.0434050559997559">
    <system-out>1..4
ok 1 - Equals
ok 2 - Equals
ok 3 - Equals
ok 4 - Equals
</system-out>
    <testcase name="Equals (678)" classname="spec_perl_TestStrLiterals2_t" time="0.000245094299316406" />
    <testcase name="Equals (679)" classname="spec_perl_TestStrLiterals2_t" time="9.39369201660156e-05" />
    <testcase name="Equals (680)" classname="spec_perl_TestStrLiterals2_t" time="0.000152111053466797" />
    <testcase name="Equals (681)" classname="spec_perl_TestStrLiterals2_t" time="0.000150918960571289" />
  </testsuite>
  <testsuite name="spec_perl_TestProcessCoerceBytes_t" errors="0" failures="0" skipped="0" tests="4" time="0.0428740978240967">
    <system-out>1..4
ok 1 - Equals
ok 2 - Equals
ok 3 - Equals
ok 4 - Equals
</system-out>
    <testcase name="Equals (682)" classname="spec_perl_TestProcessCoerceBytes_t" time="0.000221967697143555" />
    <testcase name="Equals (683)" classname="spec_perl_TestProcessCoerceBytes_t" time="7.60555267333984e-05" />
    <testcase name="Equals (684)" classname="spec_perl_TestProcessCoerceBytes_t" time="0.000127077102661133" />
    <testcase name="Equals (685)" classname="spec_perl_TestProcessCoerceBytes_t" time="0.000139951705932617" />
  </testsuite>
  <testsuite name="spec_perl_TestExprBytesLiteral_t" errors="1" failures="0" skipped="0" tests="0" time="0.041363000869751">
    <system-out></system-out>
    <testcase name="Test died too soon, even before plan. (685)" classname="spec_perl_TestExprBytesLiteral_t" time="0.041363000869751">
      <failure message="The test suite died before a plan was produced. You need to have a plan." type="Plan">No plan</failure>
    </testcase>
  </testsuite>
  <testsuite name="spec_perl_TestDefaultEndianExprIsLe_t" errors="0" failures="0" skipped="0" tests="12" time="0.0438051223754883">
    <system-out>1..12
ok 1 - Equals
ok 2 - Equals
ok 3 - Equals
ok 4 - Equals
ok 5 - Equals
ok 6 - Equals
ok 7 - Equals
ok 8 - Equals
ok 9 - Equals
ok 10 - Equals
ok 11 - Equals
ok 12 - Equals
</system-out>
    <testcase name="Equals (686)" classname="spec_perl_TestDefaultEndianExprIsLe_t" time="0.000256061553955078" />
    <testcase name="Equals (687)" classname="spec_perl_TestDefaultEndianExprIsLe_t" time="8.392333984375e-05" />
    <testcase name="Equals (688)" classname="spec_perl_TestDefaultEndianExprIsLe_t" time="0.000136137008666992" />
    <testcase name="Equals (689)" classname="spec_perl_TestDefaultEndianExprIsLe_t" time="0.000136852264404297" />
    <testcase name="Equals (690)" classname="spec_perl_TestDefaultEndianExprIsLe_t" time="0.000143051147460938" />
    <testcase name="Equals (691)" classname="spec_perl_TestDefaultEndianExprIsLe_t" time="0.000111103057861328" />
    <testcase name="Equals (692)" classname="spec_perl_TestDefaultEndianExprIsLe_t" time="0.000146865844726562" />
    <testcase name="Equals (693)" classname="spec_perl_TestDefaultEndianExprIsLe_t" time="0.000110149383544922" />
    <testcase name="Equals (694)" classname="spec_perl_TestDefaultEndianExprIsLe_t" time="0.000149011611938477" />
    <testcase name="Equals (695)" classname="spec_perl_TestDefaultEndianExprIsLe_t" time="0.000120878219604492" />
    <testcase name="Equals (696)" classname="spec_perl_TestDefaultEndianExprIsLe_t" time="0.00014495849609375" />
    <testcase name="Equals (697)" classname="spec_perl_TestDefaultEndianExprIsLe_t" time="0.000113010406494141" />
  </testsuite>
  <testsuite name="spec_perl_TestNestedTypeParam_t" errors="0" failures="2" skipped="0" tests="2" time="0.0477399826049805">
    <system-out>1..2
not ok 1 - Equals
not ok 2 - Equals
</system-out>
    <testcase name="Equals (698)" classname="spec_perl_TestNestedTypeParam_t" time="0.00335597991943359">
      <failure message="not ok 1 - Equals" type="TAP::Parser::Result::Test"></failure>
    </testcase>
    <testcase name="Equals (699)" classname="spec_perl_TestNestedTypeParam_t" time="9.98973846435547e-05">
      <failure message="not ok 2 - Equals" type="TAP::Parser::Result::Test"></failure>
    </testcase>
  </testsuite>
  <testsuite name="spec_perl_TestTermStrz_t" errors="0" failures="0" skipped="0" tests="3" time="0.0462260246276855">
    <system-out>1..3
ok 1 - Equals
ok 2 - Equals
ok 3 - Equals
</system-out>
    <testcase name="Equals (700)" classname="spec_perl_TestTermStrz_t" time="0.00030517578125" />
    <testcase name="Equals (701)" classname="spec_perl_TestTermStrz_t" time="8.48770141601562e-05" />
    <testcase name="Equals (702)" classname="spec_perl_TestTermStrz_t" time="6.91413879394531e-05" />
  </testsuite>
  <testsuite name="spec_perl_TestProcessCoerceUsertype1_t" errors="0" failures="0" skipped="0" tests="4" time="0.0436570644378662">
    <system-out>1..4
ok 1 - Equals
ok 2 - Equals
ok 3 - Equals
ok 4 - Equals
</system-out>
    <testcase name="Equals (703)" classname="spec_perl_TestProcessCoerceUsertype1_t" time="0.000577926635742188" />
    <testcase name="Equals (704)" classname="spec_perl_TestProcessCoerceUsertype1_t" time="0.000108003616333008" />
    <testcase name="Equals (705)" classname="spec_perl_TestProcessCoerceUsertype1_t" time="6.29425048828125e-05" />
    <testcase name="Equals (706)" classname="spec_perl_TestProcessCoerceUsertype1_t" time="0.000114202499389648" />
  </testsuite>
  <testsuite name="spec_perl_TestExpr2_t" errors="0" failures="0" skipped="0" tests="17" time="0.049605131149292">
    <system-out>1..17
ok 1 - Equals
ok 2 - Equals
ok 3 - Equals
ok 4 - Equals
ok 5 - Equals
ok 6 - Equals
ok 7 - Equals
ok 8 - Equals
ok 9 - Equals
ok 10 - Equals
ok 11 - Equals
ok 12 - Equals
ok 13 - Equals
ok 14 - Equals
ok 15 - Equals
ok 16 - Equals
ok 17 - Equals
</system-out>
    <testcase name="Equals (707)" classname="spec_perl_TestExpr2_t" time="0.000562906265258789" />
    <testcase name="Equals (708)" classname="spec_perl_TestExpr2_t" time="9.79900360107422e-05" />
    <testcase name="Equals (709)" classname="spec_perl_TestExpr2_t" time="6.41345977783203e-05" />
    <testcase name="Equals (710)" classname="spec_perl_TestExpr2_t" time="0.000149011611938477" />
    <testcase name="Equals (711)" classname="spec_perl_TestExpr2_t" time="0.000130891799926758" />
    <testcase name="Equals (712)" classname="spec_perl_TestExpr2_t" time="0.000149965286254883" />
    <testcase name="Equals (713)" classname="spec_perl_TestExpr2_t" time="0.000111103057861328" />
    <testcase name="Equals (714)" classname="spec_perl_TestExpr2_t" time="0.00017094612121582" />
    <testcase name="Equals (715)" classname="spec_perl_TestExpr2_t" time="0.000169038772583008" />
    <testcase name="Equals (716)" classname="spec_perl_TestExpr2_t" time="0.000108003616333008" />
    <testcase name="Equals (717)" classname="spec_perl_TestExpr2_t" time="0.000145912170410156" />
    <testcase name="Equals (718)" classname="spec_perl_TestExpr2_t" time="0.000138044357299805" />
    <testcase name="Equals (719)" classname="spec_perl_TestExpr2_t" time="0.000149965286254883" />
    <testcase name="Equals (720)" classname="spec_perl_TestExpr2_t" time="0.000155925750732422" />
    <testcase name="Equals (721)" classname="spec_perl_TestExpr2_t" time="0.000115156173706055" />
    <testcase name="Equals (722)" classname="spec_perl_TestExpr2_t" time="0.000155925750732422" />
    <testcase name="Equals (723)" classname="spec_perl_TestExpr2_t" time="0.000108957290649414" />
  </testsuite>
  <testsuite name="spec_perl_TestExpr0_t" errors="0" failures="0" skipped="0" tests="2" time="0.0425360202789307">
    <system-out>1..2
ok 1 - Equals
ok 2 - Equals
</system-out>
    <testcase name="Equals (724)" classname="spec_perl_TestExpr0_t" time="0.000249862670898438" />
    <testcase name="Equals (725)" classname="spec_perl_TestExpr0_t" time="7.91549682617188e-05" />
  </testsuite>
  <testsuite name="spec_perl_TestSwitchBytearray_t" errors="0" failures="0" skipped="0" tests="9" time="0.0472159385681152">
    <system-out>1..9
ok 1 - Equals
ok 2 - Equals
ok 3 - Equals
ok 4 - Equals
ok 5 - Equals
ok 6 - Equals
ok 7 - Equals
ok 8 - Equals
ok 9 - Equals
</system-out>
    <testcase name="Equals (726)" classname="spec_perl_TestSwitchBytearray_t" time="0.000317096710205078" />
    <testcase name="Equals (727)" classname="spec_perl_TestSwitchBytearray_t" time="0.000115871429443359" />
    <testcase name="Equals (728)" classname="spec_perl_TestSwitchBytearray_t" time="6.60419464111328e-05" />
    <testcase name="Equals (729)" classname="spec_perl_TestSwitchBytearray_t" time="0.000119924545288086" />
    <testcase name="Equals (730)" classname="spec_perl_TestSwitchBytearray_t" time="0.000135183334350586" />
    <testcase name="Equals (731)" classname="spec_perl_TestSwitchBytearray_t" time="0.000133991241455078" />
    <testcase name="Equals (732)" classname="spec_perl_TestSwitchBytearray_t" time="0.000128984451293945" />
    <testcase name="Equals (733)" classname="spec_perl_TestSwitchBytearray_t" time="0.000123023986816406" />
    <testcase name="Equals (734)" classname="spec_perl_TestSwitchBytearray_t" time="0.000123023986816406" />
  </testsuite>
  <testsuite name="spec_perl_TestExprIoEof_t" errors="0" failures="0" skipped="0" tests="4" time="0.0431439876556396">
    <system-out>1..4
ok 1 - Equals
ok 2 - nil
ok 3 - Equals
ok 4 - Equals
</system-out>
    <testcase name="Equals (735)" classname="spec_perl_TestExprIoEof_t" time="0.00051116943359375" />
    <testcase name="nil (735)" classname="spec_perl_TestExprIoEof_t" time="0.000108957290649414" />
    <testcase name="Equals (736)" classname="spec_perl_TestExprIoEof_t" time="5.00679016113281e-05" />
    <testcase name="Equals (737)" classname="spec_perl_TestExprIoEof_t" time="5.60283660888672e-05" />
  </testsuite>
  <testsuite name="spec_perl_TestTypeTernary_t" errors="0" failures="0" skipped="0" tests="1" time="0.0436999797821045">
    <system-out>1..1
ok 1 - Equals
</system-out>
    <testcase name="Equals (738)" classname="spec_perl_TestTypeTernary_t" time="0.000523090362548828" />
  </testsuite>
  <testsuite name="spec_perl_TestExprSizeofValueSized_t" errors="0" failures="0" skipped="0" tests="5" time="0.0431640148162842">
    <system-out>1..5
ok 1 - Equals
ok 2 - Equals
ok 3 - Equals
ok 4 - Equals
ok 5 - Equals
</system-out>
    <testcase name="Equals (739)" classname="spec_perl_TestExprSizeofValueSized_t" time="0.00047612190246582" />
    <testcase name="Equals (740)" classname="spec_perl_TestExprSizeofValueSized_t" time="9.39369201660156e-05" />
    <testcase name="Equals (741)" classname="spec_perl_TestExprSizeofValueSized_t" time="5.69820404052734e-05" />
    <testcase name="Equals (742)" classname="spec_perl_TestExprSizeofValueSized_t" time="0.000117063522338867" />
    <testcase name="Equals (743)" classname="spec_perl_TestExprSizeofValueSized_t" time="0.000128984451293945" />
  </testsuite>
  <testsuite name="spec_perl_TestExprMod_t" errors="0" failures="0" skipped="0" tests="6" time="0.0434050559997559">
    <system-out>1..6
ok 1 - Equals
ok 2 - Equals
ok 3 - Equals
ok 4 - Equals
ok 5 - Equals
ok 6 - Equals
</system-out>
    <testcase name="Equals (744)" classname="spec_perl_TestExprMod_t" time="0.00017094612121582" />
    <testcase name="Equals (745)" classname="spec_perl_TestExprMod_t" time="7.20024108886719e-05" />
    <testcase name="Equals (746)" classname="spec_perl_TestExprMod_t" time="0.000179052352905273" />
    <testcase name="Equals (747)" classname="spec_perl_TestExprMod_t" time="8.67843627929688e-05" />
    <testcase name="Equals (748)" classname="spec_perl_TestExprMod_t" time="0.000142097473144531" />
    <testcase name="Equals (749)" classname="spec_perl_TestExprMod_t" time="0.000133037567138672" />
  </testsuite>
  <testsuite name="spec_perl_TestDefaultEndianExprException_t" errors="0" failures="0" skipped="0" tests="1" time="0.0442450046539307">
    <system-out>1..1
ok 1 - Died
</system-out>
    <testcase name="Died (749)" classname="spec_perl_TestDefaultEndianExprException_t" time="0.000171899795532227" />
  </testsuite>
  <testsuite name="spec_perl_TestProcessXor4Const_t" errors="0" failures="0" skipped="0" tests="2" time="0.0434041023254395">
    <system-out>1..2
ok 1 - Equals
ok 2 - Equals
</system-out>
    <testcase name="Equals (750)" classname="spec_perl_TestProcessXor4Const_t" time="0.000270843505859375" />
    <testcase name="Equals (751)" classname="spec_perl_TestProcessXor4Const_t" time="8.41617584228516e-05" />
  </testsuite>
  <testsuite name="spec_perl_TestInstanceIoUser_t" errors="0" failures="0" skipped="0" tests="4" time="0.0480070114135742">
    <system-out>1..4
ok 1 - Equals
ok 2 - Equals
ok 3 - Equals
ok 4 - Equals
</system-out>
    <testcase name="Equals (752)" classname="spec_perl_TestInstanceIoUser_t" time="0.00062108039855957" />
    <testcase name="Equals (753)" classname="spec_perl_TestInstanceIoUser_t" time="0.000101804733276367" />
    <testcase name="Equals (754)" classname="spec_perl_TestInstanceIoUser_t" time="0.000102043151855469" />
    <testcase name="Equals (755)" classname="spec_perl_TestInstanceIoUser_t" time="0.00018000602722168" />
  </testsuite>
  <testsuite name="spec_perl_TestEnumIf_t" errors="0" failures="0" skipped="0" tests="7" time="0.0464138984680176">
    <system-out>1..7
ok 1 - Equals
ok 2 - Equals
ok 3 - Equals
ok 4 - Equals
ok 5 - Equals
ok 6 - Equals
ok 7 - Equals
</system-out>
    <testcase name="Equals (756)" classname="spec_perl_TestEnumIf_t" time="0.000355005264282227" />
    <testcase name="Equals (757)" classname="spec_perl_TestEnumIf_t" time="8.89301300048828e-05" />
    <testcase name="Equals (758)" classname="spec_perl_TestEnumIf_t" time="5.69820404052734e-05" />
    <testcase name="Equals (759)" classname="spec_perl_TestEnumIf_t" time="0.000156164169311523" />
    <testcase name="Equals (760)" classname="spec_perl_TestEnumIf_t" time="9.48905944824219e-05" />
    <testcase name="Equals (761)" classname="spec_perl_TestEnumIf_t" time="0.000138998031616211" />
    <testcase name="Equals (762)" classname="spec_perl_TestEnumIf_t" time="0.000113964080810547" />
  </testsuite>
  <testsuite name="spec_perl_TestParamsEnum_t" errors="0" failures="1" skipped="0" tests="2" time="0.0457489490509033">
    <system-out>1..2
ok 1 - Equals
not ok 2 - Equals
</system-out>
    <testcase name="Equals (763)" classname="spec_perl_TestParamsEnum_t" time="0.000189065933227539" />
    <testcase name="Equals (764)" classname="spec_perl_TestParamsEnum_t" time="0.00332784652709961">
      <failure message="not ok 2 - Equals" type="TAP::Parser::Result::Test"></failure>
    </testcase>
  </testsuite>
  <testsuite name="spec_perl_TestExpr1_t" errors="0" failures="0" skipped="0" tests="4" time="0.0459179878234863">
    <system-out>1..4
ok 1 - Equals
ok 2 - Equals
ok 3 - Equals
ok 4 - Equals
</system-out>
    <testcase name="Equals (765)" classname="spec_perl_TestExpr1_t" time="0.000216960906982422" />
    <testcase name="Equals (766)" classname="spec_perl_TestExpr1_t" time="7.41481781005859e-05" />
    <testcase name="Equals (767)" classname="spec_perl_TestExpr1_t" time="0.000143051147460938" />
    <testcase name="Equals (768)" classname="spec_perl_TestExpr1_t" time="0.000123977661132812" />
  </testsuite>
  <testsuite name="spec_perl_TestTermBytes_t" errors="0" failures="0" skipped="0" tests="3" time="0.0429461002349854">
    <system-out>1..3
ok 1 - Equals
ok 2 - Equals
ok 3 - Equals
</system-out>
    <testcase name="Equals (769)" classname="spec_perl_TestTermBytes_t" time="0.000175952911376953" />
    <testcase name="Equals (770)" classname="spec_perl_TestTermBytes_t" time="6.89029693603516e-05" />
    <testcase name="Equals (771)" classname="spec_perl_TestTermBytes_t" time="0.000152111053466797" />
  </testsuite>
  <testsuite name="spec_perl_TestBitsSimple_t" errors="0" failures="0" skipped="0" tests="14" time="0.045975923538208">
    <system-out>1..14
ok 1 - Equals
ok 2 - Equals
ok 3 - Equals
ok 4 - Equals
ok 5 - Equals
ok 6 - Equals
ok 7 - Equals
ok 8 - Equals
ok 9 - Equals
ok 10 - Equals
ok 11 - Equals
ok 12 - Equals
ok 13 - Equals
ok 14 - Equals
</system-out>
    <testcase name="Equals (772)" classname="spec_perl_TestBitsSimple_t" time="0.000274896621704102" />
    <testcase name="Equals (773)" classname="spec_perl_TestBitsSimple_t" time="8.51154327392578e-05" />
    <testcase name="Equals (774)" classname="spec_perl_TestBitsSimple_t" time="0.000149011611938477" />
    <testcase name="Equals (775)" classname="spec_perl_TestBitsSimple_t" time="0.000128030776977539" />
    <testcase name="Equals (776)" classname="spec_perl_TestBitsSimple_t" time="0.000138044357299805" />
    <testcase name="Equals (777)" classname="spec_perl_TestBitsSimple_t" time="0.00013279914855957" />
    <testcase name="Equals (778)" classname="spec_perl_TestBitsSimple_t" time="0.000127077102661133" />
    <testcase name="Equals (779)" classname="spec_perl_TestBitsSimple_t" time="0.000123977661132812" />
    <testcase name="Equals (780)" classname="spec_perl_TestBitsSimple_t" time="0.00014495849609375" />
    <testcase name="Equals (781)" classname="spec_perl_TestBitsSimple_t" time="0.00014495849609375" />
    <testcase name="Equals (782)" classname="spec_perl_TestBitsSimple_t" time="0.0001220703125" />
    <testcase name="Equals (783)" classname="spec_perl_TestBitsSimple_t" time="0.000144004821777344" />
    <testcase name="Equals (784)" classname="spec_perl_TestBitsSimple_t" time="0.000169038772583008" />
    <testcase name="Equals (785)" classname="spec_perl_TestBitsSimple_t" time="0.000116109848022461" />
  </testsuite>
</testsuites>
