<?xml version='1.0' encoding='utf-8'?>
<testsuites>
  <testsuite name="spec_perl_TestProcessXorConst_t" errors="0" failures="0" skipped="0" tests="2" time="0.0425150394439697">
    <system-out>1..2
ok 1 - Equals
ok 2 - Equals
</system-out>
    <testcase name="Equals" classname="spec_perl_TestProcessXorConst_t" time="0.000240087509155273" />
    <testcase name="Equals (2)" classname="spec_perl_TestProcessXorConst_t" time="8.08238983154297e-05" />
  </testsuite>
  <testsuite name="spec_perl_TestNestedTypes2_t" errors="0" failures="0" skipped="0" tests="7" time="0.0433149337768555">
    <system-out>1..7
ok 1 - Equals
ok 2 - Equals
ok 3 - Equals
ok 4 - Equals
ok 5 - Equals
ok 6 - Equals
ok 7 - Equals
</system-out>
    <testcase name="Equals (3)" classname="spec_perl_TestNestedTypes2_t" time="0.000254154205322266" />
    <testcase name="Equals (4)" classname="spec_perl_TestNestedTypes2_t" time="8.08238983154297e-05" />
    <testcase name="Equals (5)" classname="spec_perl_TestNestedTypes2_t" time="0.000138044357299805" />
    <testcase name="Equals (6)" classname="spec_perl_TestNestedTypes2_t" time="0.000131130218505859" />
    <testcase name="Equals (7)" classname="spec_perl_TestNestedTypes2_t" time="0.000115871429443359" />
    <testcase name="Equals (8)" classname="spec_perl_TestNestedTypes2_t" time="0.000141143798828125" />
    <testcase name="Equals (9)" classname="spec_perl_TestNestedTypes2_t" time="0.000112771987915039" />
  </testsuite>
  <testsuite name="spec_perl_TestProcessCoerceBytes_t" errors="0" failures="0" skipped="0" tests="4" time="0.0428729057312012">
    <system-out>1..4
ok 1 - Equals
ok 2 - Equals
ok 3 - Equals
ok 4 - Equals
</system-out>
    <testcase name="Equals (10)" classname="spec_perl_TestProcessCoerceBytes_t" time="0.000240087509155273" />
    <testcase name="Equals (11)" classname="spec_perl_TestProcessCoerceBytes_t" time="7.70092010498047e-05" />
    <testcase name="Equals (12)" classname="spec_perl_TestProcessCoerceBytes_t" time="0.000133991241455078" />
    <testcase name="Equals (13)" classname="spec_perl_TestProcessCoerceBytes_t" time="0.000134944915771484" />
  </testsuite>
  <testsuite name="spec_perl_TestNestedTypeParam_t" errors="0" failures="2" skipped="0" tests="2" time="0.0489869117736816">
    <system-out>1..2
not ok 1 - Equals
not ok 2 - Equals
</system-out>
    <testcase name="Equals (14)" classname="spec_perl_TestNestedTypeParam_t" time="0.00422096252441406">
      <failure message="not ok 1 - Equals" type="TAP::Parser::Result::Test"></failure>
    </testcase>
    <testcase name="Equals (15)" classname="spec_perl_TestNestedTypeParam_t" time="9.39369201660156e-05">
      <failure message="not ok 2 - Equals" type="TAP::Parser::Result::Test"></failure>
    </testcase>
  </testsuite>
  <testsuite name="spec_perl_TestProcessToUser_t" errors="0" failures="0" skipped="0" tests="1" time="0.0457849502563477">
    <system-out>1..1
ok 1 - Equals
</system-out>
    <testcase name="Equals (16)" classname="spec_perl_TestProcessToUser_t" time="0.000502824783325195" />
  </testsuite>
  <testsuite name="spec_perl_TestEnumOfValueInst_t" errors="0" failures="0" skipped="0" tests="4" time="0.0431580543518066">
    <system-out>1..4
ok 1 - Equals
ok 2 - Equals
ok 3 - Equals
ok 4 - Equals
</system-out>
    <testcase name="Equals (17)" classname="spec_perl_TestEnumOfValueInst_t" time="0.000271081924438477" />
    <testcase name="Equals (18)" classname="spec_perl_TestEnumOfValueInst_t" time="8.48770141601562e-05" />
    <testcase name="Equals (19)" classname="spec_perl_TestEnumOfValueInst_t" time="0.000113964080810547" />
    <testcase name="Equals (20)" classname="spec_perl_TestEnumOfValueInst_t" time="0.000173091888427734" />
  </testsuite>
  <testsuite name="spec_perl_TestParamsPassArrayInt_t" errors="0" failures="1" skipped="6" tests="7" time="0.0464181900024414">
    <system-out>1..7
not ok 1 - test_params_pass_array_int died (Can't use an undefined value as an ARRAY reference at spec/perl/TestParamsPassArrayInt.t line 15.)
ok 2 # skip test_params_pass_array_int died
ok 3 # skip test_params_pass_array_int died
ok 4 # skip test_params_pass_array_int died
ok 5 # skip test_params_pass_array_int died
ok 6 # skip test_params_pass_array_int died
ok 7 # skip test_params_pass_array_int died
</system-out>
    <testcase name="test_params_pass_array_int died (Can't use an undefined value as an ARRAY reference at spec/perl/TestParamsPassArrayInt.t line 15.) (20)" classname="spec_perl_TestParamsPassArrayInt_t" time="0.000154018402099609">
      <failure message="not ok 1 - test_params_pass_array_int died (Can't use an undefined value as an ARRAY reference at spec/perl/TestParamsPassArrayInt.t line 15.)" type="TAP::Parser::Result::Test"></failure>
    </testcase>
    <testcase name="Unnamed test case 20" classname="spec_perl_TestParamsPassArrayInt_t" time="9.58442687988281e-05">
      <skipped message="ok 2 # skip test_params_pass_array_int died" />
    </testcase>
    <testcase name="Unnamed test case 21" classname="spec_perl_TestParamsPassArrayInt_t" time="5.60283660888672e-05">
      <skipped message="ok 3 # skip test_params_pass_array_int died" />
    </testcase>
    <testcase name="Unnamed test case 22" classname="spec_perl_TestParamsPassArrayInt_t" time="3.00407409667969e-05">
      <skipped message="ok 4 # skip test_params_pass_array_int died" />
    </testcase>
    <testcase name="Unnamed test case 23" classname="spec_perl_TestParamsPassArrayInt_t" time="2.69412994384766e-05">
      <skipped message="ok 5 # skip test_params_pass_array_int died" />
    </testcase>
    <testcase name="Unnamed test case 24" classname="spec_perl_TestParamsPassArrayInt_t" time="4.31537628173828e-05">
      <skipped message="ok 6 # skip test_params_pass_array_int died" />
    </testcase>
    <testcase name="Unnamed test case 25" classname="spec_perl_TestParamsPassArrayInt_t" time="4.48226928710938e-05">
      <skipped message="ok 7 # skip test_params_pass_array_int died" />
    </testcase>
  </testsuite>
  <testsuite name="spec_perl_TestRepeatEosStruct_t" errors="0" failures="0" skipped="0" tests="5" time="0.0441241264343262">
    <system-out>1..5
ok 1 - Equals
ok 2 - Equals
ok 3 - Equals
ok 4 - Equals
ok 5 - Equals
</system-out>
    <testcase name="Equals (25)" classname="spec_perl_TestRepeatEosStruct_t" time="0.000229120254516602" />
    <testcase name="Equals (26)" classname="spec_perl_TestRepeatEosStruct_t" time="7.58171081542969e-05" />
    <testcase name="Equals (27)" classname="spec_perl_TestRepeatEosStruct_t" time="0.000124216079711914" />
    <testcase name="Equals (28)" classname="spec_perl_TestRepeatEosStruct_t" time="0.000131845474243164" />
    <testcase name="Equals (29)" classname="spec_perl_TestRepeatEosStruct_t" time="0.000110149383544922" />
  </testsuite>
  <testsuite name="spec_perl_TestDefaultBigEndian_t" errors="0" failures="0" skipped="0" tests="1" time="0.0464749336242676">
    <system-out>1..1
ok 1 - Equals
</system-out>
    <testcase name="Equals (30)" classname="spec_perl_TestDefaultBigEndian_t" time="0.00021815299987793" />
  </testsuite>
  <testsuite name="spec_perl_TestCastToImported_t" errors="0" failures="0" skipped="0" tests="2" time="0.0437109470367432">
    <system-out>1..2
ok 1 - Equals
ok 2 - Equals
</system-out>
    <testcase name="Equals (31)" classname="spec_perl_TestCastToImported_t" time="0.000214099884033203" />
    <testcase name="Equals (32)" classname="spec_perl_TestCastToImported_t" time="7.48634338378906e-05" />
  </testsuite>
  <testsuite name="spec_perl_TestExprSizeofValueSized_t" errors="0" failures="0" skipped="0" tests="5" time="0.0449309349060059">
    <system-out>1..5
ok 1 - Equals
ok 2 - Equals
ok 3 - Equals
ok 4 - Equals
ok 5 - Equals
</system-out>
    <testcase name="Equals (33)" classname="spec_perl_TestExprSizeofValueSized_t" time="0.000484943389892578" />
    <testcase name="Equals (34)" classname="spec_perl_TestExprSizeofValueSized_t" time="9.60826873779297e-05" />
    <testcase name="Equals (35)" classname="spec_perl_TestExprSizeofValueSized_t" time="5.91278076171875e-05" />
    <testcase name="Equals (36)" classname="spec_perl_TestExprSizeofValueSized_t" time="0.000111818313598633" />
    <testcase name="Equals (37)" classname="spec_perl_TestExprSizeofValueSized_t" time="0.000128984451293945" />
  </testsuite>
  <testsuite name="spec_perl_TestExprMod_t" errors="0" failures="0" skipped="0" tests="6" time="0.043281078338623">
    <system-out>1..6
ok 1 - Equals
ok 2 - Equals
ok 3 - Equals
ok 4 - Equals
ok 5 - Equals
ok 6 - Equals
</system-out>
    <testcase name="Equals (38)" classname="spec_perl_TestExprMod_t" time="0.00024104118347168" />
    <testcase name="Equals (39)" classname="spec_perl_TestExprMod_t" time="9.01222229003906e-05" />
    <testcase name="Equals (40)" classname="spec_perl_TestExprMod_t" time="0.000116825103759766" />
    <testcase name="Equals (41)" classname="spec_perl_TestExprMod_t" time="0.000132083892822266" />
    <testcase name="Equals (42)" classname="spec_perl_TestExprMod_t" time="0.000132083892822266" />
    <testcase name="Equals (43)" classname="spec_perl_TestExprMod_t" time="0.00011897087097168" />
  </testsuite>
  <testsuite name="spec_perl_TestIntegersMinMax_t" errors="0" failures="0" skipped="0" tests="28" time="0.0484428405761719">
    <system-out>1..28
ok 1 - Equals
ok 2 - Equals
ok 3 - Equals
ok 4 - Equals
ok 5 - Equals
ok 6 - Equals
ok 7 - Equals
ok 8 - Equals
ok 9 - Equals
ok 10 - Equals
ok 11 - Equals
ok 12 - Equals
ok 13 - Equals
ok 14 - Equals
ok 15 - Equals
ok 16 - Equals
ok 17 - Equals
ok 18 - Equals
ok 19 - Equals
ok 20 - Equals
ok 21 - Equals
ok 22 - Equals
ok 23 - Equals
ok 24 - Equals
ok 25 - Equals
ok 26 - Equals
ok 27 - Equals
ok 28 - Equals
</system-out>
    <testcase name="Equals (44)" classname="spec_perl_TestIntegersMinMax_t" time="0.000329971313476562" />
    <testcase name="Equals (45)" classname="spec_perl_TestIntegersMinMax_t" time="9.08374786376953e-05" />
    <testcase name="Equals (46)" classname="spec_perl_TestIntegersMinMax_t" time="6.00814819335938e-05" />
    <testcase name="Equals (47)" classname="spec_perl_TestIntegersMinMax_t" time="0.000145912170410156" />
    <testcase name="Equals (48)" classname="spec_perl_TestIntegersMinMax_t" time="0.000121116638183594" />
    <testcase name="Equals (49)" classname="spec_perl_TestIntegersMinMax_t" time="0.000115871429443359" />
    <testcase name="Equals (50)" classname="spec_perl_TestIntegersMinMax_t" time="0.000138044357299805" />
    <testcase name="Equals (51)" classname="spec_perl_TestIntegersMinMax_t" time="0.000127077102661133" />
    <testcase name="Equals (52)" classname="spec_perl_TestIntegersMinMax_t" time="0.000120878219604492" />
    <testcase name="Equals (53)" classname="spec_perl_TestIntegersMinMax_t" time="0.000146150588989258" />
    <testcase name="Equals (54)" classname="spec_perl_TestIntegersMinMax_t" time="0.000128030776977539" />
    <testcase name="Equals (55)" classname="spec_perl_TestIntegersMinMax_t" time="0.000121831893920898" />
    <testcase name="Equals (56)" classname="spec_perl_TestIntegersMinMax_t" time="0.000121116638183594" />
    <testcase name="Equals (57)" classname="spec_perl_TestIntegersMinMax_t" time="0.00014495849609375" />
    <testcase name="Equals (58)" classname="spec_perl_TestIntegersMinMax_t" time="0.000119924545288086" />
    <testcase name="Equals (59)" classname="spec_perl_TestIntegersMinMax_t" time="0.00014805793762207" />
    <testcase name="Equals (60)" classname="spec_perl_TestIntegersMinMax_t" time="0.000108003616333008" />
    <testcase name="Equals (61)" classname="spec_perl_TestIntegersMinMax_t" time="0.000140905380249023" />
    <testcase name="Equals (62)" classname="spec_perl_TestIntegersMinMax_t" time="0.00012516975402832" />
    <testcase name="Equals (63)" classname="spec_perl_TestIntegersMinMax_t" time="0.000115871429443359" />
    <testcase name="Equals (64)" classname="spec_perl_TestIntegersMinMax_t" time="0.000138998031616211" />
    <testcase name="Equals (65)" classname="spec_perl_TestIntegersMinMax_t" time="0.000123023986816406" />
    <testcase name="Equals (66)" classname="spec_perl_TestIntegersMinMax_t" time="0.000123977661132812" />
    <testcase name="Equals (67)" classname="spec_perl_TestIntegersMinMax_t" time="0.000146150588989258" />
    <testcase name="Equals (68)" classname="spec_perl_TestIntegersMinMax_t" time="0.000144004821777344" />
    <testcase name="Equals (69)" classname="spec_perl_TestIntegersMinMax_t" time="0.000115871429443359" />
    <testcase name="Equals (70)" classname="spec_perl_TestIntegersMinMax_t" time="0.000127077102661133" />
    <testcase name="Equals (71)" classname="spec_perl_TestIntegersMinMax_t" time="0.000123977661132812" />
  </testsuite>
  <testsuite name="spec_perl_TestMetaXref_t" errors="0" failures="0" skipped="1" tests="1" time="0.0433499813079834">
    <system-out>1..1
ok 1 # skip MetaXref=HASH(0x28076b8)
</system-out>
    <testcase name="Unnamed test case 71" classname="spec_perl_TestMetaXref_t" time="0.00124096870422363">
      <skipped message="ok 1 # skip MetaXref=HASH(0x28076b8)" />
    </testcase>
  </testsuite>
  <testsuite name="spec_perl_TestProcessRotate_t" errors="0" failures="0" skipped="0" tests="3" time="0.0423519611358643">
    <system-out>1..3
ok 1 - Equals
ok 2 - Equals
ok 3 - Equals
</system-out>
    <testcase name="Equals (72)" classname="spec_perl_TestProcessRotate_t" time="0.000222206115722656" />
    <testcase name="Equals (73)" classname="spec_perl_TestProcessRotate_t" time="7.79628753662109e-05" />
    <testcase name="Equals (74)" classname="spec_perl_TestProcessRotate_t" time="0.000133991241455078" />
  </testsuite>
  <testsuite name="spec_perl_TestBcdUserTypeLe_t" errors="0" failures="0" skipped="0" tests="6" time="0.0454139709472656">
    <system-out>1..6
ok 1 - Equals
ok 2 - Equals
ok 3 - Equals
ok 4 - Equals
ok 5 - Equals
ok 6 - Equals
</system-out>
    <testcase name="Equals (75)" classname="spec_perl_TestBcdUserTypeLe_t" time="0.000545024871826172" />
    <testcase name="Equals (76)" classname="spec_perl_TestBcdUserTypeLe_t" time="9.60826873779297e-05" />
    <testcase name="Equals (77)" classname="spec_perl_TestBcdUserTypeLe_t" time="0.000107049942016602" />
    <testcase name="Equals (78)" classname="spec_perl_TestBcdUserTypeLe_t" time="0.000155925750732422" />
    <testcase name="Equals (79)" classname="spec_perl_TestBcdUserTypeLe_t" time="0.000150918960571289" />
    <testcase name="Equals (80)" classname="spec_perl_TestBcdUserTypeLe_t" time="0.00014805793762207" />
  </testsuite>
  <testsuite name="spec_perl_TestNavParent_t" errors="0" failures="0" skipped="0" tests="5" time="0.0467801094055176">
    <system-out>1..5
ok 1 - Equals
ok 2 - Equals
ok 3 - Equals
ok 4 - Equals
ok 5 - Equals
</system-out>
    <testcase name="Equals (81)" classname="spec_perl_TestNavParent_t" time="0.000334978103637695" />
    <testcase name="Equals (82)" classname="spec_perl_TestNavParent_t" time="9.10758972167969e-05" />
    <testcase name="Equals (83)" classname="spec_perl_TestNavParent_t" time="6.89029693603516e-05" />
    <testcase name="Equals (84)" classname="spec_perl_TestNavParent_t" time="0.000138044357299805" />
    <testcase name="Equals (85)" classname="spec_perl_TestNavParent_t" time="0.000128030776977539" />
  </testsuite>
  <testsuite name="spec_perl_TestNestedSameName2_t" errors="0" failures="0" skipped="0" tests="5" time="0.042996883392334">
    <system-out>1..5
ok 1 - Equals
ok 2 - Equals
ok 3 - Equals
ok 4 - Equals
ok 5 - Equals
</system-out>
    <testcase name="Equals (86)" classname="spec_perl_TestNestedSameName2_t" time="0.000256776809692383" />
    <testcase name="Equals (87)" classname="spec_perl_TestNestedSameName2_t" time="8.20159912109375e-05" />
    <testcase name="Equals (88)" classname="spec_perl_TestNestedSameName2_t" time="0.000133991241455078" />
    <testcase name="Equals (89)" classname="spec_perl_TestNestedSameName2_t" time="0.000121116638183594" />
    <testcase name="Equals (90)" classname="spec_perl_TestNestedSameName2_t" time="0.000132083892822266" />
  </testsuite>
  <testsuite name="spec_perl_TestBufferedStruct_t" errors="0" failures="0" skipped="0" tests="7" time="0.0450050830841064">
    <system-out>1..7
ok 1 - Equals
ok 2 - Equals
ok 3 - Equals
ok 4 - Equals
ok 5 - Equals
ok 6 - Equals
ok 7 - Equals
</system-out>
    <testcase name="Equals (91)" classname="spec_perl_TestBufferedStruct_t" time="0.000552892684936523" />
    <testcase name="Equals (92)" classname="spec_perl_TestBufferedStruct_t" time="9.29832458496094e-05" />
    <testcase name="Equals (93)" classname="spec_perl_TestBufferedStruct_t" time="5.91278076171875e-05" />
    <testcase name="Equals (94)" classname="spec_perl_TestBufferedStruct_t" time="0.000154972076416016" />
    <testcase name="Equals (95)" classname="spec_perl_TestBufferedStruct_t" time="9.98973846435547e-05" />
    <testcase name="Equals (96)" classname="spec_perl_TestBufferedStruct_t" time="0.000159025192260742" />
    <testcase name="Equals (97)" classname="spec_perl_TestBufferedStruct_t" time="0.000106096267700195" />
  </testsuite>
  <testsuite name="spec_perl_TestInstanceStdArray_t" errors="0" failures="0" skipped="0" tests="7" time="0.0439980030059814">
    <system-out>1..7
ok 1 - Equals
ok 2 - Equals
ok 3 - Equals
ok 4 - Equals
ok 5 - Equals
ok 6 - Equals
ok 7 - Equals
</system-out>
    <testcase name="Equals (98)" classname="spec_perl_TestInstanceStdArray_t" time="0.000222921371459961" />
    <testcase name="Equals (99)" classname="spec_perl_TestInstanceStdArray_t" time="8.41617584228516e-05" />
    <testcase name="Equals (100)" classname="spec_perl_TestInstanceStdArray_t" time="0.000268936157226562" />
    <testcase name="Equals (101)" classname="spec_perl_TestInstanceStdArray_t" time="0.000174045562744141" />
    <testcase name="Equals (102)" classname="spec_perl_TestInstanceStdArray_t" time="0.000159025192260742" />
    <testcase name="Equals (103)" classname="spec_perl_TestInstanceStdArray_t" time="0.000129938125610352" />
    <testcase name="Equals (104)" classname="spec_perl_TestInstanceStdArray_t" time="0.000130891799926758" />
  </testsuite>
  <testsuite name="spec_perl_TestFixedStruct_t" errors="1" failures="0" skipped="0" tests="0" time="0.0464251041412354">
    <system-out></system-out>
    <testcase name="Test died too soon, even before plan. (104)" classname="spec_perl_TestFixedStruct_t" time="0.0464251041412354">
      <failure message="The test suite died before a plan was produced. You need to have a plan." type="Plan">No plan</failure>
    </testcase>
  </testsuite>
  <testsuite name="spec_perl_TestCombineEnum_t" errors="0" failures="0" skipped="0" tests="3" time="0.0434491634368896">
    <system-out>1..3
ok 1 - Equals
ok 2 - Equals
ok 3 - Equals
</system-out>
    <testcase name="Equals (105)" classname="spec_perl_TestCombineEnum_t" time="0.000211000442504883" />
    <testcase name="Equals (106)" classname="spec_perl_TestCombineEnum_t" time="7.79628753662109e-05" />
    <testcase name="Equals (107)" classname="spec_perl_TestCombineEnum_t" time="0.000130891799926758" />
  </testsuite>
  <testsuite name="spec_perl_TestProcessCustom_t" errors="1" failures="0" skipped="0" tests="0" time="0.0405759811401367">
    <system-out></system-out>
    <testcase name="Test died too soon, even before plan. (107)" classname="spec_perl_TestProcessCustom_t" time="0.0405759811401367">
      <failure message="The test suite died before a plan was produced. You need to have a plan." type="Plan">No plan</failure>
    </testcase>
  </testsuite>
  <testsuite name="spec_perl_TestRepeatNStrzDouble_t" errors="0" failures="0" skipped="0" tests="3" time="0.0474309921264648">
    <system-out>1..3
ok 1 - Equals
ok 2 - Equals
ok 3 - Equals
</system-out>
    <testcase name="Equals (108)" classname="spec_perl_TestRepeatNStrzDouble_t" time="0.000332117080688477" />
    <testcase name="Equals (109)" classname="spec_perl_TestRepeatNStrzDouble_t" time="8.70227813720703e-05" />
    <testcase name="Equals (110)" classname="spec_perl_TestRepeatNStrzDouble_t" time="8.08238983154297e-05" />
  </testsuite>
  <testsuite name="spec_perl_TestExpr3_t" errors="0" failures="0" skipped="0" tests="12" time="0.0462708473205566">
    <system-out>1..12
ok 1 - Equals
ok 2 - Equals
ok 3 - Equals
ok 4 - Equals
ok 5 - Equals
ok 6 - Equals
ok 7 - Equals
ok 8 - Equals
ok 9 - Equals
ok 10 - Equals
ok 11 - Equals
ok 12 - Equals
</system-out>
    <testcase name="Equals (111)" classname="spec_perl_TestExpr3_t" time="0.00021815299987793" />
    <testcase name="Equals (112)" classname="spec_perl_TestExpr3_t" time="7.29560852050781e-05" />
    <testcase name="Equals (113)" classname="spec_perl_TestExpr3_t" time="0.000128030776977539" />
    <testcase name="Equals (114)" classname="spec_perl_TestExpr3_t" time="0.000126838684082031" />
    <testcase name="Equals (115)" classname="spec_perl_TestExpr3_t" time="0.000145196914672852" />
    <testcase name="Equals (116)" classname="spec_perl_TestExpr3_t" time="0.000108003616333008" />
    <testcase name="Equals (117)" classname="spec_perl_TestExpr3_t" time="0.000118017196655273" />
    <testcase name="Equals (118)" classname="spec_perl_TestExpr3_t" time="0.000140905380249023" />
    <testcase name="Equals (119)" classname="spec_perl_TestExpr3_t" time="0.000115871429443359" />
    <testcase name="Equals (120)" classname="spec_perl_TestExpr3_t" time="0.000174999237060547" />
    <testcase name="Equals (121)" classname="spec_perl_TestExpr3_t" time="0.000112056732177734" />
    <testcase name="Equals (122)" classname="spec_perl_TestExpr3_t" time="0.000121116638183594" />
  </testsuite>
  <testsuite name="spec_perl_TestParamsPassUsertype_t" errors="0" failures="1" skipped="1" tests="2" time="0.0485789775848389">
    <system-out>1..2
not ok 1 - test_params_pass_usertype died (Can't call method &quot;foo&quot; on an undefined value at compiled/perl/ParamsPassUsertype.pm line 119.)
ok 2 # skip test_params_pass_usertype died
</system-out>
    <testcase name="test_params_pass_usertype died (Can't call method &quot;foo&quot; on an undefined value at compiled/perl/ParamsPassUsertype.pm line 119.) (122)" classname="spec_perl_TestParamsPassUsertype_t" time="0.000292062759399414">
      <failure message="not ok 1 - test_params_pass_usertype died (Can't call method &quot;foo&quot; on an undefined value at compiled/perl/ParamsPassUsertype.pm line 119.)" type="TAP::Parser::Result::Test"></failure>
    </testcase>
    <testcase name="Unnamed test case 122" classname="spec_perl_TestParamsPassUsertype_t" time="0.000393867492675781">
      <skipped message="ok 2 # skip test_params_pass_usertype died" />
    </testcase>
  </testsuite>
  <testsuite name="spec_perl_TestIndexToParamUntil_t" errors="0" failures="2" skipped="0" tests="7" time="0.0641689300537109">
    <system-out>1..7
ok 1 - Equals
ok 2 - Equals
ok 3 - Equals
ok 4 - Equals
ok 5 - Equals
not ok 6 - Equals
not ok 7 - Equals
</system-out>
    <testcase name="Equals (123)" classname="spec_perl_TestIndexToParamUntil_t" time="0.000383138656616211" />
    <testcase name="Equals (124)" classname="spec_perl_TestIndexToParamUntil_t" time="0.00046086311340332" />
    <testcase name="Equals (125)" classname="spec_perl_TestIndexToParamUntil_t" time="0.000378131866455078" />
    <testcase name="Equals (126)" classname="spec_perl_TestIndexToParamUntil_t" time="0.000290870666503906" />
    <testcase name="Equals (127)" classname="spec_perl_TestIndexToParamUntil_t" time="0.000349044799804688" />
    <testcase name="Equals (128)" classname="spec_perl_TestIndexToParamUntil_t" time="0.000419139862060547">
      <failure message="not ok 6 - Equals" type="TAP::Parser::Result::Test"></failure>
    </testcase>
    <testcase name="Equals (129)" classname="spec_perl_TestIndexToParamUntil_t" time="0.000903844833374023">
      <failure message="not ok 7 - Equals" type="TAP::Parser::Result::Test"></failure>
    </testcase>
  </testsuite>
  <testsuite name="spec_perl_TestProcessXorValue_t" errors="0" failures="0" skipped="0" tests="2" time="0.0421171188354492">
    <system-out>1..2
ok 1 - Equals
ok 2 - Equals
</system-out>
    <testcase name="Equals (130)" classname="spec_perl_TestProcessXorValue_t" time="0.000225067138671875" />
    <testcase name="Equals (131)" classname="spec_perl_TestProcessXorValue_t" time="7.70092010498047e-05" />
  </testsuite>
  <testsuite name="spec_perl_TestStrEncodings_t" errors="0" failures="0" skipped="0" tests="4" time="0.0668418407440186">
    <system-out>1..4
ok 1 - Equals
ok 2 - Equals
ok 3 - Equals
ok 4 - Equals
</system-out>
    <testcase name="Equals (132)" classname="spec_perl_TestStrEncodings_t" time="0.0194718837738037" />
    <testcase name="Equals (133)" classname="spec_perl_TestStrEncodings_t" time="0.000123977661132812" />
    <testcase name="Equals (134)" classname="spec_perl_TestStrEncodings_t" time="6.00814819335938e-05" />
    <testcase name="Equals (135)" classname="spec_perl_TestStrEncodings_t" time="0.00014495849609375" />
  </testsuite>
  <testsuite name="spec_perl_TestParamsPassStruct_t" errors="0" failures="1" skipped="1" tests="4" time="0.0500030517578125">
    <system-out>1..4
ok 1 - Equals
ok 2 - Equals
not ok 3 - test_params_pass_struct died (Can't call method &quot;foo&quot; on an undefined value at spec/perl/TestParamsPassStruct.t line 17.)
ok 4 # skip test_params_pass_struct died
</system-out>
    <testcase name="Equals (136)" classname="spec_perl_TestParamsPassStruct_t" time="0.000223875045776367" />
    <testcase name="Equals (137)" classname="spec_perl_TestParamsPassStruct_t" time="7.60555267333984e-05" />
    <testcase name="test_params_pass_struct died (Can't call method &quot;foo&quot; on an undefined value at spec/perl/TestParamsPassStruct.t line 17.) (137)" classname="spec_perl_TestParamsPassStruct_t" time="0.000249147415161133">
      <failure message="not ok 3 - test_params_pass_struct died (Can't call method &quot;foo&quot; on an undefined value at spec/perl/TestParamsPassStruct.t line 17.)" type="TAP::Parser::Result::Test"></failure>
    </testcase>
    <testcase name="Unnamed test case 137" classname="spec_perl_TestParamsPassStruct_t" time="0.000445842742919922">
      <skipped message="ok 4 # skip test_params_pass_struct died" />
    </testcase>
  </testsuite>
  <testsuite name="spec_perl_TestProcessCoerceUsertype1_t" errors="0" failures="0" skipped="0" tests="4" time="0.0444400310516357">
    <system-out>1..4
ok 1 - Equals
ok 2 - Equals
ok 3 - Equals
ok 4 - Equals
</system-out>
    <testcase name="Equals (138)" classname="spec_perl_TestProcessCoerceUsertype1_t" time="0.000514984130859375" />
    <testcase name="Equals (139)" classname="spec_perl_TestProcessCoerceUsertype1_t" time="9.29832458496094e-05" />
    <testcase name="Equals (140)" classname="spec_perl_TestProcessCoerceUsertype1_t" time="5.79357147216797e-05" />
    <testcase name="Equals (141)" classname="spec_perl_TestProcessCoerceUsertype1_t" time="0.00011897087097168" />
  </testsuite>
  <testsuite name="spec_perl_TestPositionToEnd_t" errors="0" failures="0" skipped="0" tests="2" time="0.0435249805450439">
    <system-out>1..2
ok 1 - Equals
ok 2 - Equals
</system-out>
    <testcase name="Equals (142)" classname="spec_perl_TestPositionToEnd_t" time="0.00020289421081543" />
    <testcase name="Equals (143)" classname="spec_perl_TestPositionToEnd_t" time="7.29560852050781e-05" />
  </testsuite>
  <testsuite name="spec_perl_TestTypeIntUnaryOp_t" errors="0" failures="0" skipped="0" tests="4" time="0.04305100440979">
    <system-out>1..4
ok 1 - Equals
ok 2 - Equals
ok 3 - Equals
ok 4 - Equals
</system-out>
    <testcase name="Equals (144)" classname="spec_perl_TestTypeIntUnaryOp_t" time="0.000230073928833008" />
    <testcase name="Equals (145)" classname="spec_perl_TestTypeIntUnaryOp_t" time="7.70092010498047e-05" />
    <testcase name="Equals (146)" classname="spec_perl_TestTypeIntUnaryOp_t" time="0.000116825103759766" />
    <testcase name="Equals (147)" classname="spec_perl_TestTypeIntUnaryOp_t" time="0.000145196914672852" />
  </testsuite>
  <testsuite name="spec_perl_TestImportsAbs_t" errors="0" failures="0" skipped="0" tests="2" time="0.0425319671630859">
    <system-out>1..2
ok 1 - Equals
ok 2 - Equals
</system-out>
    <testcase name="Equals (148)" classname="spec_perl_TestImportsAbs_t" time="0.000220060348510742" />
    <testcase name="Equals (149)" classname="spec_perl_TestImportsAbs_t" time="8.51154327392578e-05" />
  </testsuite>
  <testsuite name="spec_perl_TestCombineBytes_t" errors="0" failures="0" skipped="0" tests="10" time="0.0442450046539307">
    <system-out>1..10
ok 1 - Equals
ok 2 - Equals
ok 3 - Equals
ok 4 - Equals
ok 5 - Equals
ok 6 - Equals
ok 7 - Equals
ok 8 - Equals
ok 9 - Equals
ok 10 - Equals
</system-out>
    <testcase name="Equals (150)" classname="spec_perl_TestCombineBytes_t" time="0.000236034393310547" />
    <testcase name="Equals (151)" classname="spec_perl_TestCombineBytes_t" time="7.79628753662109e-05" />
    <testcase name="Equals (152)" classname="spec_perl_TestCombineBytes_t" time="0.000126123428344727" />
    <testcase name="Equals (153)" classname="spec_perl_TestCombineBytes_t" time="0.000134944915771484" />
    <testcase name="Equals (154)" classname="spec_perl_TestCombineBytes_t" time="0.000123023986816406" />
    <testcase name="Equals (155)" classname="spec_perl_TestCombineBytes_t" time="0.000147104263305664" />
    <testcase name="Equals (156)" classname="spec_perl_TestCombineBytes_t" time="0.000111818313598633" />
    <testcase name="Equals (157)" classname="spec_perl_TestCombineBytes_t" time="0.00012516975402832" />
    <testcase name="Equals (158)" classname="spec_perl_TestCombineBytes_t" time="0.000127792358398438" />
    <testcase name="Equals (159)" classname="spec_perl_TestCombineBytes_t" time="0.000117063522338867" />
  </testsuite>
  <testsuite name="spec_perl_TestValidNotParsedIf_t" errors="1" failures="0" skipped="0" tests="0" time="0.0458719730377197">
    <system-out></system-out>
    <testcase name="Test died too soon, even before plan. (159)" classname="spec_perl_TestValidNotParsedIf_t" time="0.0458719730377197">
      <failure message="The test suite died before a plan was produced. You need to have a plan." type="Plan">No plan</failure>
    </testcase>
  </testsuite>
  <testsuite name="spec_perl_TestDocstrings_t" errors="0" failures="0" skipped="1" tests="1" time="0.0453798770904541">
    <system-out>1..1
ok 1 # skip Docstrings=HASH(0x2e5f9c0)
</system-out>
    <testcase name="Unnamed test case 159" classname="spec_perl_TestDocstrings_t" time="0.00117111206054688">
      <skipped message="ok 1 # skip Docstrings=HASH(0x2e5f9c0)" />
    </testcase>
  </testsuite>
  <testsuite name="spec_perl_TestDebugEnumName_t" errors="1" failures="0" skipped="0" tests="0" time="0.0412578582763672">
    <system-out></system-out>
    <testcase name="Test died too soon, even before plan. (160)" classname="spec_perl_TestDebugEnumName_t" time="0.0412578582763672">
      <failure message="The test suite died before a plan was produced. You need to have a plan." type="Plan">No plan</failure>
    </testcase>
  </testsuite>
  <testsuite name="spec_perl_TestExprSizeofValue0_t" errors="0" failures="0" skipped="0" tests="5" time="0.0444040298461914">
    <system-out>1..5
ok 1 - Equals
ok 2 - Equals
ok 3 - Equals
ok 4 - Equals
ok 5 - Equals
</system-out>
    <testcase name="Equals (160)" classname="spec_perl_TestExprSizeofValue0_t" time="0.000234842300415039" />
    <testcase name="Equals (161)" classname="spec_perl_TestExprSizeofValue0_t" time="7.82012939453125e-05" />
    <testcase name="Equals (162)" classname="spec_perl_TestExprSizeofValue0_t" time="0.00011897087097168" />
    <testcase name="Equals (163)" classname="spec_perl_TestExprSizeofValue0_t" time="0.000128030776977539" />
    <testcase name="Equals (164)" classname="spec_perl_TestExprSizeofValue0_t" time="0.00014185905456543" />
  </testsuite>
  <testsuite name="spec_perl_TestEnum1_t" errors="0" failures="0" skipped="0" tests="2" time="0.0425541400909424">
    <system-out>1..2
ok 1 - Equals
ok 2 - Equals
</system-out>
    <testcase name="Equals (165)" classname="spec_perl_TestEnum1_t" time="0.000216960906982422" />
    <testcase name="Equals (166)" classname="spec_perl_TestEnum1_t" time="7.51018524169922e-05" />
  </testsuite>
  <testsuite name="spec_perl_TestProcessRepeatBytes_t" errors="0" failures="0" skipped="0" tests="2" time="0.0453970432281494">
    <system-out>1..2
ok 1 - Equals
ok 2 - Equals
</system-out>
    <testcase name="Equals (167)" classname="spec_perl_TestProcessRepeatBytes_t" time="0.000245094299316406" />
    <testcase name="Equals (168)" classname="spec_perl_TestProcessRepeatBytes_t" time="7.89165496826172e-05" />
  </testsuite>
  <testsuite name="spec_perl_TestFloatingPoints_t" errors="0" failures="0" skipped="0" tests="8" time="0.0428340435028076">
    <system-out>1..8
ok 1 - Approx equals
ok 2 - Approx equals
ok 3 - Approx equals
ok 4 - Approx equals
ok 5 - Approx equals
ok 6 - Approx equals
ok 7 - Approx equals
ok 8 - Approx equals
</system-out>
    <testcase name="Approx equals (168)" classname="spec_perl_TestFloatingPoints_t" time="0.000190973281860352" />
    <testcase name="Approx equals (169)" classname="spec_perl_TestFloatingPoints_t" time="6.79492950439453e-05" />
    <testcase name="Approx equals (170)" classname="spec_perl_TestFloatingPoints_t" time="6.50882720947266e-05" />
    <testcase name="Approx equals (171)" classname="spec_perl_TestFloatingPoints_t" time="4.29153442382812e-05" />
    <testcase name="Approx equals (172)" classname="spec_perl_TestFloatingPoints_t" time="4.60147857666016e-05" />
    <testcase name="Approx equals (173)" classname="spec_perl_TestFloatingPoints_t" time="4.1961669921875e-05" />
    <testcase name="Approx equals (174)" classname="spec_perl_TestFloatingPoints_t" time="5.31673431396484e-05" />
    <testcase name="Approx equals (175)" classname="spec_perl_TestFloatingPoints_t" time="3.98159027099609e-05" />
  </testsuite>
  <testsuite name="spec_perl_TestStrPadTerm_t" errors="0" failures="0" skipped="0" tests="4" time="0.0452609062194824">
    <system-out>1..4
ok 1 - Equals
ok 2 - Equals
ok 3 - Equals
ok 4 - Equals
</system-out>
    <testcase name="Equals (175)" classname="spec_perl_TestStrPadTerm_t" time="0.000337839126586914" />
    <testcase name="Equals (176)" classname="spec_perl_TestStrPadTerm_t" time="8.70227813720703e-05" />
    <testcase name="Equals (177)" classname="spec_perl_TestStrPadTerm_t" time="9.29832458496094e-05" />
    <testcase name="Equals (178)" classname="spec_perl_TestStrPadTerm_t" time="0.000138998031616211" />
  </testsuite>
  <testsuite name="spec_perl_TestRepeatNStrz_t" errors="0" failures="0" skipped="0" tests="2" time="0.0454280376434326">
    <system-out>1..2
ok 1 - Equals
ok 2 - Equals
</system-out>
    <testcase name="Equals (179)" classname="spec_perl_TestRepeatNStrz_t" time="0.000297069549560547" />
    <testcase name="Equals (180)" classname="spec_perl_TestRepeatNStrz_t" time="7.98702239990234e-05" />
  </testsuite>
  <testsuite name="spec_perl_TestParamsCallShort_t" errors="0" failures="3" skipped="0" tests="3" time="0.0574808120727539">
    <system-out>1..3
not ok 1 - Equals
not ok 2 - Equals
not ok 3 - Equals
</system-out>
    <testcase name="Equals (181)" classname="spec_perl_TestParamsCallShort_t" time="0.00289201736450195">
      <failure message="not ok 1 - Equals" type="TAP::Parser::Result::Test"></failure>
    </testcase>
    <testcase name="Equals (182)" classname="spec_perl_TestParamsCallShort_t" time="0.00192499160766602">
      <failure message="not ok 2 - Equals" type="TAP::Parser::Result::Test"></failure>
    </testcase>
    <testcase name="Equals (183)" classname="spec_perl_TestParamsCallShort_t" time="0.00218605995178223">
      <failure message="not ok 3 - Equals" type="TAP::Parser::Result::Test"></failure>
    </testcase>
  </testsuite>
  <testsuite name="spec_perl_TestBitsEnum_t" errors="0" failures="0" skipped="0" tests="3" time="0.0422520637512207">
    <system-out>1..3
ok 1 - Equals
ok 2 - Equals
ok 3 - Equals
</system-out>
    <testcase name="Equals (184)" classname="spec_perl_TestBitsEnum_t" time="0.000236034393310547" />
    <testcase name="Equals (185)" classname="spec_perl_TestBitsEnum_t" time="7.70092010498047e-05" />
    <testcase name="Equals (186)" classname="spec_perl_TestBitsEnum_t" time="0.000135898590087891" />
  </testsuite>
  <testsuite name="spec_perl_TestDefaultEndianExprIsBe_t" errors="0" failures="0" skipped="0" tests="18" time="0.045569896697998">
    <system-out>1..18
ok 1 - Equals
ok 2 - Equals
ok 3 - Equals
ok 4 - Equals
ok 5 - Equals
ok 6 - Equals
ok 7 - Equals
ok 8 - Equals
ok 9 - Equals
ok 10 - Equals
ok 11 - Equals
ok 12 - Equals
ok 13 - Equals
ok 14 - Equals
ok 15 - Equals
ok 16 - Equals
ok 17 - Equals
ok 18 - Equals
</system-out>
    <testcase name="Equals (187)" classname="spec_perl_TestDefaultEndianExprIsBe_t" time="0.000288009643554688" />
    <testcase name="Equals (188)" classname="spec_perl_TestDefaultEndianExprIsBe_t" time="7.98702239990234e-05" />
    <testcase name="Equals (189)" classname="spec_perl_TestDefaultEndianExprIsBe_t" time="0.000123023986816406" />
    <testcase name="Equals (190)" classname="spec_perl_TestDefaultEndianExprIsBe_t" time="0.00012516975402832" />
    <testcase name="Equals (191)" classname="spec_perl_TestDefaultEndianExprIsBe_t" time="0.000155925750732422" />
    <testcase name="Equals (192)" classname="spec_perl_TestDefaultEndianExprIsBe_t" time="0.000169038772583008" />
    <testcase name="Equals (193)" classname="spec_perl_TestDefaultEndianExprIsBe_t" time="0.000108957290649414" />
    <testcase name="Equals (194)" classname="spec_perl_TestDefaultEndianExprIsBe_t" time="0.000164985656738281" />
    <testcase name="Equals (195)" classname="spec_perl_TestDefaultEndianExprIsBe_t" time="0.000346899032592773" />
    <testcase name="Equals (196)" classname="spec_perl_TestDefaultEndianExprIsBe_t" time="0.000142097473144531" />
    <testcase name="Equals (197)" classname="spec_perl_TestDefaultEndianExprIsBe_t" time="0.000150918960571289" />
    <testcase name="Equals (198)" classname="spec_perl_TestDefaultEndianExprIsBe_t" time="0.000156164169311523" />
    <testcase name="Equals (199)" classname="spec_perl_TestDefaultEndianExprIsBe_t" time="0.00014185905456543" />
    <testcase name="Equals (200)" classname="spec_perl_TestDefaultEndianExprIsBe_t" time="0.000159025192260742" />
    <testcase name="Equals (201)" classname="spec_perl_TestDefaultEndianExprIsBe_t" time="0.000129938125610352" />
    <testcase name="Equals (202)" classname="spec_perl_TestDefaultEndianExprIsBe_t" time="0.000126123428344727" />
    <testcase name="Equals (203)" classname="spec_perl_TestDefaultEndianExprIsBe_t" time="0.000173091888427734" />
    <testcase name="Equals (204)" classname="spec_perl_TestDefaultEndianExprIsBe_t" time="0.000151872634887695" />
  </testsuite>
  <testsuite name="spec_perl_TestSwitchManualEnumInvalidElse_t" errors="0" failures="0" skipped="0" tests="5" time="0.0474309921264648">
    <system-out>1..5
ok 1 - Equals
ok 2 - Equals
ok 3 - Equals
ok 4 - Equals
ok 5 - Equals
</system-out>
    <testcase name="Equals (205)" classname="spec_perl_TestSwitchManualEnumInvalidElse_t" time="0.000234127044677734" />
    <testcase name="Equals (206)" classname="spec_perl_TestSwitchManualEnumInvalidElse_t" time="7.98702239990234e-05" />
    <testcase name="Equals (207)" classname="spec_perl_TestSwitchManualEnumInvalidElse_t" time="0.000130176544189453" />
    <testcase name="Equals (208)" classname="spec_perl_TestSwitchManualEnumInvalidElse_t" time="0.000128984451293945" />
    <testcase name="Equals (209)" classname="spec_perl_TestSwitchManualEnumInvalidElse_t" time="0.000133037567138672" />
  </testsuite>
  <testsuite name="spec_perl_TestDebugSwitchUser_t" errors="1" failures="0" skipped="0" tests="0" time="0.0514519214630127">
    <system-out></system-out>
    <testcase name="Test died too soon, even before plan. (209)" classname="spec_perl_TestDebugSwitchUser_t" time="0.0514519214630127">
      <failure message="The test suite died before a plan was produced. You need to have a plan." type="Plan">No plan</failure>
    </testcase>
  </testsuite>
  <testsuite name="spec_perl_TestIfInstances_t" errors="0" failures="0" skipped="0" tests="1" time="0.0416300296783447">
    <system-out>1..1
ok 1 - nil
</system-out>
    <testcase name="nil (209)" classname="spec_perl_TestIfInstances_t" time="0.000162839889526367" />
  </testsuite>
  <testsuite name="spec_perl_TestProcessCustomNoArgs_t" errors="1" failures="0" skipped="0" tests="0" time="0.0557889938354492">
    <system-out></system-out>
    <testcase name="Test died too soon, even before plan. (210)" classname="spec_perl_TestProcessCustomNoArgs_t" time="0.0557889938354492">
      <failure message="The test suite died before a plan was produced. You need to have a plan." type="Plan">No plan</failure>
    </testcase>
  </testsuite>
  <testsuite name="spec_perl_TestSwitchRepeatExpr_t" errors="0" failures="0" skipped="0" tests="3" time="0.044497013092041">
    <system-out>1..3
ok 1 - Equals
ok 2 - Equals
ok 3 - Equals
</system-out>
    <testcase name="Equals (210)" classname="spec_perl_TestSwitchRepeatExpr_t" time="0.000523090362548828" />
    <testcase name="Equals (211)" classname="spec_perl_TestSwitchRepeatExpr_t" time="9.48905944824219e-05" />
    <testcase name="Equals (212)" classname="spec_perl_TestSwitchRepeatExpr_t" time="7.51018524169922e-05" />
  </testsuite>
  <testsuite name="spec_perl_TestIfStruct_t" errors="0" failures="0" skipped="0" tests="7" time="0.0468599796295166">
    <system-out>1..7
ok 1 - Equals
ok 2 - Equals
ok 3 - Equals
ok 4 - Equals
ok 5 - Equals
ok 6 - Equals
ok 7 - Equals
</system-out>
    <testcase name="Equals (213)" classname="spec_perl_TestIfStruct_t" time="0.000333070755004883" />
    <testcase name="Equals (214)" classname="spec_perl_TestIfStruct_t" time="8.58306884765625e-05" />
    <testcase name="Equals (215)" classname="spec_perl_TestIfStruct_t" time="8.70227813720703e-05" />
    <testcase name="Equals (216)" classname="spec_perl_TestIfStruct_t" time="0.00014805793762207" />
    <testcase name="Equals (217)" classname="spec_perl_TestIfStruct_t" time="0.000108003616333008" />
    <testcase name="Equals (218)" classname="spec_perl_TestIfStruct_t" time="0.000139951705932617" />
    <testcase name="Equals (219)" classname="spec_perl_TestIfStruct_t" time="0.000117063522338867" />
  </testsuite>
  <testsuite name="spec_perl_TestEnumInvalid_t" errors="0" failures="0" skipped="0" tests="2" time="0.0417499542236328">
    <system-out>1..2
ok 1 - Equals
ok 2 - Equals
</system-out>
    <testcase name="Equals (220)" classname="spec_perl_TestEnumInvalid_t" time="0.000188112258911133" />
    <testcase name="Equals (221)" classname="spec_perl_TestEnumInvalid_t" time="8.98838043212891e-05" />
  </testsuite>
  <testsuite name="spec_perl_TestSwitchCast_t" errors="0" failures="0" skipped="0" tests="2" time="0.045889139175415">
    <system-out>1..2
ok 1 - Equals
ok 2 - Equals
</system-out>
    <testcase name="Equals (222)" classname="spec_perl_TestSwitchCast_t" time="0.0002899169921875" />
    <testcase name="Equals (223)" classname="spec_perl_TestSwitchCast_t" time="7.89165496826172e-05" />
  </testsuite>
  <testsuite name="spec_perl_TestExprIoPos_t" errors="0" failures="0" skipped="0" tests="6" time="0.0483329296112061">
    <system-out>1..6
ok 1 - Equals
ok 2 - Equals
ok 3 - Equals
ok 4 - Equals
ok 5 - Equals
ok 6 - Equals
</system-out>
    <testcase name="Equals (224)" classname="spec_perl_TestExprIoPos_t" time="0.000570058822631836" />
    <testcase name="Equals (225)" classname="spec_perl_TestExprIoPos_t" time="9.39369201660156e-05" />
    <testcase name="Equals (226)" classname="spec_perl_TestExprIoPos_t" time="5.69820404052734e-05" />
    <testcase name="Equals (227)" classname="spec_perl_TestExprIoPos_t" time="0.000129938125610352" />
    <testcase name="Equals (228)" classname="spec_perl_TestExprIoPos_t" time="0.000109195709228516" />
    <testcase name="Equals (229)" classname="spec_perl_TestExprIoPos_t" time="0.000130891799926758" />
  </testsuite>
  <testsuite name="spec_perl_TestDocstringsDocref_t" errors="0" failures="0" skipped="1" tests="1" time="0.0430569648742676">
    <system-out>1..1
ok 1 # skip DocstringsDocref=HASH(0x1104378)
</system-out>
    <testcase name="Unnamed test case 229" classname="spec_perl_TestDocstringsDocref_t" time="0.00122904777526855">
      <skipped message="ok 1 # skip DocstringsDocref=HASH(0x1104378)" />
    </testcase>
  </testsuite>
  <testsuite name="spec_perl_TestEnumToIClassBorder1_t" errors="0" failures="1" skipped="0" tests="3" time="0.0441000461578369">
    <system-out>1..3
ok 1 - Equals
ok 2 - Equals
not ok 3 - test_enum_to_i_class_border_1 died (Can't call method &quot;some_dog&quot; on an undefined value at compiled/perl/EnumToIClassBorder2.pm line 42.)
</system-out>
    <testcase name="Equals (230)" classname="spec_perl_TestEnumToIClassBorder1_t" time="0.000209808349609375" />
    <testcase name="Equals (231)" classname="spec_perl_TestEnumToIClassBorder1_t" time="7.31945037841797e-05" />
    <testcase name="test_enum_to_i_class_border_1 died (Can't call method &quot;some_dog&quot; on an undefined value at compiled/perl/EnumToIClassBorder2.pm line 42.) (231)" classname="spec_perl_TestEnumToIClassBorder1_t" time="0.000250816345214844">
      <failure message="not ok 3 - test_enum_to_i_class_border_1 died (Can't call method &quot;some_dog&quot; on an undefined value at compiled/perl/EnumToIClassBorder2.pm line 42.)" type="TAP::Parser::Result::Test"></failure>
    </testcase>
  </testsuite>
  <testsuite name="spec_perl_TestNavParentFalse2_t" errors="0" failures="0" skipped="0" tests="1" time="0.0431129932403564">
    <system-out>1..1
ok 1 - Equals
</system-out>
    <testcase name="Equals (232)" classname="spec_perl_TestNavParentFalse2_t" time="0.000219821929931641" />
  </testsuite>
  <testsuite name="spec_perl_TestEnumFancy_t" errors="0" failures="0" skipped="0" tests="2" time="0.0425209999084473">
    <system-out>1..2
ok 1 - Equals
ok 2 - Equals
</system-out>
    <testcase name="Equals (233)" classname="spec_perl_TestEnumFancy_t" time="0.000222921371459961" />
    <testcase name="Equals (234)" classname="spec_perl_TestEnumFancy_t" time="8.70227813720703e-05" />
  </testsuite>
  <testsuite name="spec_perl_TestExprBits_t" errors="0" failures="0" skipped="0" tests="10" time="0.0441269874572754">
    <system-out>1..10
ok 1 - Equals
ok 2 - Equals
ok 3 - Equals
ok 4 - Equals
ok 5 - Equals
ok 6 - Equals
ok 7 - Equals
ok 8 - Equals
ok 9 - Equals
ok 10 - Equals
</system-out>
    <testcase name="Equals (235)" classname="spec_perl_TestExprBits_t" time="0.000272989273071289" />
    <testcase name="Equals (236)" classname="spec_perl_TestExprBits_t" time="7.79628753662109e-05" />
    <testcase name="Equals (237)" classname="spec_perl_TestExprBits_t" time="0.00011897087097168" />
    <testcase name="Equals (238)" classname="spec_perl_TestExprBits_t" time="0.000128984451293945" />
    <testcase name="Equals (239)" classname="spec_perl_TestExprBits_t" time="0.00014805793762207" />
    <testcase name="Equals (240)" classname="spec_perl_TestExprBits_t" time="0.000108957290649414" />
    <testcase name="Equals (241)" classname="spec_perl_TestExprBits_t" time="0.000146150588989258" />
    <testcase name="Equals (242)" classname="spec_perl_TestExprBits_t" time="0.000120878219604492" />
    <testcase name="Equals (243)" classname="spec_perl_TestExprBits_t" time="0.000120162963867188" />
    <testcase name="Equals (244)" classname="spec_perl_TestExprBits_t" time="0.000150918960571289" />
  </testsuite>
  <testsuite name="spec_perl_TestBcdUserTypeBe_t" errors="0" failures="0" skipped="0" tests="6" time="0.0459120273590088">
    <system-out>1..6
ok 1 - Equals
ok 2 - Equals
ok 3 - Equals
ok 4 - Equals
ok 5 - Equals
ok 6 - Equals
</system-out>
    <testcase name="Equals (245)" classname="spec_perl_TestBcdUserTypeBe_t" time="0.000566005706787109" />
    <testcase name="Equals (246)" classname="spec_perl_TestBcdUserTypeBe_t" time="0.000106096267700195" />
    <testcase name="Equals (247)" classname="spec_perl_TestBcdUserTypeBe_t" time="5.79357147216797e-05" />
    <testcase name="Equals (248)" classname="spec_perl_TestBcdUserTypeBe_t" time="0.000166893005371094" />
    <testcase name="Equals (249)" classname="spec_perl_TestBcdUserTypeBe_t" time="0.000142097473144531" />
    <testcase name="Equals (250)" classname="spec_perl_TestBcdUserTypeBe_t" time="0.000144004821777344" />
  </testsuite>
  <testsuite name="spec_perl_TestMultipleUse_t" errors="0" failures="0" skipped="0" tests="2" time="0.0427589416503906">
    <system-out>1..2
ok 1 - Equals
ok 2 - Equals
</system-out>
    <testcase name="Equals (251)" classname="spec_perl_TestMultipleUse_t" time="0.000221967697143555" />
    <testcase name="Equals (252)" classname="spec_perl_TestMultipleUse_t" time="0.000126838684082031" />
  </testsuite>
  <testsuite name="spec_perl_TestExpr2_t" errors="0" failures="0" skipped="0" tests="17" time="0.0475687980651855">
    <system-out>1..17
ok 1 - Equals
ok 2 - Equals
ok 3 - Equals
ok 4 - Equals
ok 5 - Equals
ok 6 - Equals
ok 7 - Equals
ok 8 - Equals
ok 9 - Equals
ok 10 - Equals
ok 11 - Equals
ok 12 - Equals
ok 13 - Equals
ok 14 - Equals
ok 15 - Equals
ok 16 - Equals
ok 17 - Equals
</system-out>
    <testcase name="Equals (253)" classname="spec_perl_TestExpr2_t" time="0.000549077987670898" />
    <testcase name="Equals (254)" classname="spec_perl_TestExpr2_t" time="9.39369201660156e-05" />
    <testcase name="Equals (255)" classname="spec_perl_TestExpr2_t" time="6.19888305664062e-05" />
    <testcase name="Equals (256)" classname="spec_perl_TestExpr2_t" time="0.000147104263305664" />
    <testcase name="Equals (257)" classname="spec_perl_TestExpr2_t" time="0.000111818313598633" />
    <testcase name="Equals (258)" classname="spec_perl_TestExpr2_t" time="0.000133037567138672" />
    <testcase name="Equals (259)" classname="spec_perl_TestExpr2_t" time="0.000136137008666992" />
    <testcase name="Equals (260)" classname="spec_perl_TestExpr2_t" time="0.000169038772583008" />
    <testcase name="Equals (261)" classname="spec_perl_TestExpr2_t" time="0.000156879425048828" />
    <testcase name="Equals (262)" classname="spec_perl_TestExpr2_t" time="0.00011897087097168" />
    <testcase name="Equals (263)" classname="spec_perl_TestExpr2_t" time="0.00012516975402832" />
    <testcase name="Equals (264)" classname="spec_perl_TestExpr2_t" time="0.000143766403198242" />
    <testcase name="Equals (265)" classname="spec_perl_TestExpr2_t" time="0.000143051147460938" />
    <testcase name="Equals (266)" classname="spec_perl_TestExpr2_t" time="0.000158071517944336" />
    <testcase name="Equals (267)" classname="spec_perl_TestExpr2_t" time="0.00011897087097168" />
    <testcase name="Equals (268)" classname="spec_perl_TestExpr2_t" time="0.000131130218505859" />
    <testcase name="Equals (269)" classname="spec_perl_TestExpr2_t" time="0.000120878219604492" />
  </testsuite>
  <testsuite name="spec_perl_TestSwitchManualIntSize_t" errors="0" failures="0" skipped="0" tests="10" time="0.0470280647277832">
    <system-out>1..10
ok 1 - Equals
ok 2 - Equals
ok 3 - Equals
ok 4 - Equals
ok 5 - Equals
ok 6 - Equals
ok 7 - Equals
ok 8 - Equals
ok 9 - Equals
ok 10 - Equals
</system-out>
    <testcase name="Equals (270)" classname="spec_perl_TestSwitchManualIntSize_t" time="0.0005950927734375" />
    <testcase name="Equals (271)" classname="spec_perl_TestSwitchManualIntSize_t" time="0.000108003616333008" />
    <testcase name="Equals (272)" classname="spec_perl_TestSwitchManualIntSize_t" time="5.98430633544922e-05" />
    <testcase name="Equals (273)" classname="spec_perl_TestSwitchManualIntSize_t" time="0.000123023986816406" />
    <testcase name="Equals (274)" classname="spec_perl_TestSwitchManualIntSize_t" time="0.000154018402099609" />
    <testcase name="Equals (275)" classname="spec_perl_TestSwitchManualIntSize_t" time="0.000153064727783203" />
    <testcase name="Equals (276)" classname="spec_perl_TestSwitchManualIntSize_t" time="0.000138044357299805" />
    <testcase name="Equals (277)" classname="spec_perl_TestSwitchManualIntSize_t" time="0.000144004821777344" />
    <testcase name="Equals (278)" classname="spec_perl_TestSwitchManualIntSize_t" time="0.000133991241455078" />
    <testcase name="Equals (279)" classname="spec_perl_TestSwitchManualIntSize_t" time="0.000154018402099609" />
  </testsuite>
  <testsuite name="spec_perl_TestEnumLongRangeU_t" errors="0" failures="0" skipped="0" tests="4" time="0.0428149700164795">
    <system-out>1..4
ok 1 - Equals
ok 2 - Equals
ok 3 - Equals
ok 4 - Equals
</system-out>
    <testcase name="Equals (280)" classname="spec_perl_TestEnumLongRangeU_t" time="0.000238895416259766" />
    <testcase name="Equals (281)" classname="spec_perl_TestEnumLongRangeU_t" time="8.20159912109375e-05" />
    <testcase name="Equals (282)" classname="spec_perl_TestEnumLongRangeU_t" time="0.000147104263305664" />
    <testcase name="Equals (283)" classname="spec_perl_TestEnumLongRangeU_t" time="0.00014185905456543" />
  </testsuite>
  <testsuite name="spec_perl_TestEnum0_t" errors="0" failures="0" skipped="0" tests="2" time="0.0414400100708008">
    <system-out>1..2
ok 1 - Equals
ok 2 - Equals
</system-out>
    <testcase name="Equals (284)" classname="spec_perl_TestEnum0_t" time="0.000195980072021484" />
    <testcase name="Equals (285)" classname="spec_perl_TestEnum0_t" time="8.98838043212891e-05" />
  </testsuite>
  <testsuite name="spec_perl_TestExprBytesCmp_t" errors="0" failures="0" skipped="0" tests="10" time="0.0452609062194824">
    <system-out>1..10
ok 1 - Equals
ok 2 - Equals
ok 3 - Equals
ok 4 - Equals
ok 5 - Equals
ok 6 - Equals
ok 7 - Equals
ok 8 - Equals
ok 9 - Equals
ok 10 - Equals
</system-out>
    <testcase name="Equals (286)" classname="spec_perl_TestExprBytesCmp_t" time="0.000165939331054688" />
    <testcase name="Equals (287)" classname="spec_perl_TestExprBytesCmp_t" time="7.98702239990234e-05" />
    <testcase name="Equals (288)" classname="spec_perl_TestExprBytesCmp_t" time="0.000153064727783203" />
    <testcase name="Equals (289)" classname="spec_perl_TestExprBytesCmp_t" time="0.000123977661132812" />
    <testcase name="Equals (290)" classname="spec_perl_TestExprBytesCmp_t" time="0.000123977661132812" />
    <testcase name="Equals (291)" classname="spec_perl_TestExprBytesCmp_t" time="0.000244140625" />
    <testcase name="Equals (292)" classname="spec_perl_TestExprBytesCmp_t" time="0.000174999237060547" />
    <testcase name="Equals (293)" classname="spec_perl_TestExprBytesCmp_t" time="0.000162839889526367" />
    <testcase name="Equals (294)" classname="spec_perl_TestExprBytesCmp_t" time="0.000115156173706055" />
    <testcase name="Equals (295)" classname="spec_perl_TestExprBytesCmp_t" time="0.000156879425048828" />
  </testsuite>
  <testsuite name="spec_perl_TestDocstringsDocrefMulti_t" errors="0" failures="0" skipped="1" tests="1" time="0.0425789356231689">
    <system-out>1..1
ok 1 # skip DocstringsDocrefMulti=HASH(0x251dfb0)
</system-out>
    <testcase name="Unnamed test case 295" classname="spec_perl_TestDocstringsDocrefMulti_t" time="0.00116610527038574">
      <skipped message="ok 1 # skip DocstringsDocrefMulti=HASH(0x251dfb0)" />
    </testcase>
  </testsuite>
  <testsuite name="spec_perl_TestZlibSurrounded_t" errors="0" failures="0" skipped="0" tests="1" time="0.064547061920166">
    <system-out>1..1
ok 1 - Equals
</system-out>
    <testcase name="Equals (296)" classname="spec_perl_TestZlibSurrounded_t" time="0.000578880310058594" />
  </testsuite>
  <testsuite name="spec_perl_TestNestedTypes3_t" errors="0" failures="0" skipped="0" tests="5" time="0.0435669422149658">
    <system-out>1..5
ok 1 - Equals
ok 2 - Equals
ok 3 - Equals
ok 4 - Equals
ok 5 - Equals
</system-out>
    <testcase name="Equals (297)" classname="spec_perl_TestNestedTypes3_t" time="0.000260114669799805" />
    <testcase name="Equals (298)" classname="spec_perl_TestNestedTypes3_t" time="8.29696655273438e-05" />
    <testcase name="Equals (299)" classname="spec_perl_TestNestedTypes3_t" time="7.98702239990234e-05" />
    <testcase name="Equals (300)" classname="spec_perl_TestNestedTypes3_t" time="0.000141143798828125" />
    <testcase name="Equals (301)" classname="spec_perl_TestNestedTypes3_t" time="0.000125885009765625" />
  </testsuite>
  <testsuite name="spec_perl_TestEnumImport_t" errors="0" failures="2" skipped="0" tests="2" time="0.0484530925750732">
    <system-out>1..2
not ok 1 - Equals
not ok 2 - Equals
</system-out>
    <testcase name="Equals (302)" classname="spec_perl_TestEnumImport_t" time="0.00023198127746582">
      <failure message="not ok 1 - Equals" type="TAP::Parser::Result::Test"></failure>
    </testcase>
    <testcase name="Equals (303)" classname="spec_perl_TestEnumImport_t" time="0.00213909149169922">
      <failure message="not ok 2 - Equals" type="TAP::Parser::Result::Test"></failure>
    </testcase>
  </testsuite>
  <testsuite name="spec_perl_TestRepeatEosU4_t" errors="0" failures="0" skipped="0" tests="1" time="0.042665958404541">
    <system-out>1..1
ok 1 - Equals
</system-out>
    <testcase name="Equals (304)" classname="spec_perl_TestRepeatEosU4_t" time="0.000243902206420898" />
  </testsuite>
  <testsuite name="spec_perl_TestEnumIf_t" errors="0" failures="0" skipped="0" tests="7" time="0.0456578731536865">
    <system-out>1..7
ok 1 - Equals
ok 2 - Equals
ok 3 - Equals
ok 4 - Equals
ok 5 - Equals
ok 6 - Equals
ok 7 - Equals
</system-out>
    <testcase name="Equals (305)" classname="spec_perl_TestEnumIf_t" time="0.000365972518920898" />
    <testcase name="Equals (306)" classname="spec_perl_TestEnumIf_t" time="8.51154327392578e-05" />
    <testcase name="Equals (307)" classname="spec_perl_TestEnumIf_t" time="7.70092010498047e-05" />
    <testcase name="Equals (308)" classname="spec_perl_TestEnumIf_t" time="0.000151872634887695" />
    <testcase name="Equals (309)" classname="spec_perl_TestEnumIf_t" time="0.000126123428344727" />
    <testcase name="Equals (310)" classname="spec_perl_TestEnumIf_t" time="0.000129938125610352" />
    <testcase name="Equals (311)" classname="spec_perl_TestEnumIf_t" time="0.0001220703125" />
  </testsuite>
  <testsuite name="spec_perl_TestImports0_t" errors="0" failures="0" skipped="0" tests="3" time="0.0421180725097656">
    <system-out>1..3
ok 1 - Equals
ok 2 - Equals
ok 3 - Equals
</system-out>
    <testcase name="Equals (312)" classname="spec_perl_TestImports0_t" time="0.000201940536499023" />
    <testcase name="Equals (313)" classname="spec_perl_TestImports0_t" time="7.60555267333984e-05" />
    <testcase name="Equals (314)" classname="spec_perl_TestImports0_t" time="0.000141143798828125" />
  </testsuite>
  <testsuite name="spec_perl_TestTypeTernary_t" errors="0" failures="0" skipped="0" tests="1" time="0.0424351692199707">
    <system-out>1..1
ok 1 - Equals
</system-out>
    <testcase name="Equals (315)" classname="spec_perl_TestTypeTernary_t" time="0.000493049621582031" />
  </testsuite>
  <testsuite name="spec_perl_TestZlibWithHeader78_t" errors="0" failures="0" skipped="0" tests="1" time="0.0618870258331299">
    <system-out>1..1
ok 1 - Equals
</system-out>
    <testcase name="Equals (316)" classname="spec_perl_TestZlibWithHeader78_t" time="0.000307083129882812" />
  </testsuite>
  <testsuite name="spec_perl_TestNestedTypes_t" errors="0" failures="0" skipped="0" tests="3" time="0.0572619438171387">
    <system-out>1..3
ok 1 - Equals
ok 2 - Equals
ok 3 - Equals
</system-out>
    <testcase name="Equals (317)" classname="spec_perl_TestNestedTypes_t" time="0.000224113464355469" />
    <testcase name="Equals (318)" classname="spec_perl_TestNestedTypes_t" time="8.70227813720703e-05" />
    <testcase name="Equals (319)" classname="spec_perl_TestNestedTypes_t" time="0.000123977661132812" />
  </testsuite>
  <testsuite name="spec_perl_TestUserType_t" errors="0" failures="0" skipped="0" tests="2" time="0.0426461696624756">
    <system-out>1..2
ok 1 - Equals
ok 2 - Equals
</system-out>
    <testcase name="Equals (320)" classname="spec_perl_TestUserType_t" time="0.000158071517944336" />
    <testcase name="Equals (321)" classname="spec_perl_TestUserType_t" time="6.69956207275391e-05" />
  </testsuite>
  <testsuite name="spec_perl_TestDebug0_t" errors="0" failures="0" skipped="1" tests="1" time="0.0416860580444336">
    <system-out>1..1
ok 1 # skip test_debug_0
</system-out>
    <testcase name="Unnamed test case 321" classname="spec_perl_TestDebug0_t" time="0.000231027603149414">
      <skipped message="ok 1 # skip test_debug_0" />
    </testcase>
  </testsuite>
  <testsuite name="spec_perl_TestTermStrz_t" errors="0" failures="0" skipped="0" tests="3" time="0.0467989444732666">
    <system-out>1..3
ok 1 - Equals
ok 2 - Equals
ok 3 - Equals
</system-out>
    <testcase name="Equals (322)" classname="spec_perl_TestTermStrz_t" time="0.000308990478515625" />
    <testcase name="Equals (323)" classname="spec_perl_TestTermStrz_t" time="8.89301300048828e-05" />
    <testcase name="Equals (324)" classname="spec_perl_TestTermStrz_t" time="0.000104904174804688" />
  </testsuite>
  <testsuite name="spec_perl_TestNavRoot_t" errors="0" failures="0" skipped="0" tests="5" time="0.0462629795074463">
    <system-out>1..5
ok 1 - Equals
ok 2 - Equals
ok 3 - Equals
ok 4 - Equals
ok 5 - Equals
</system-out>
    <testcase name="Equals (325)" classname="spec_perl_TestNavRoot_t" time="0.000303030014038086" />
    <testcase name="Equals (326)" classname="spec_perl_TestNavRoot_t" time="8.392333984375e-05" />
    <testcase name="Equals (327)" classname="spec_perl_TestNavRoot_t" time="0.000111103057861328" />
    <testcase name="Equals (328)" classname="spec_perl_TestNavRoot_t" time="0.000139951705932617" />
    <testcase name="Equals (329)" classname="spec_perl_TestNavRoot_t" time="0.000138998031616211" />
  </testsuite>
  <testsuite name="spec_perl_TestDefaultEndianExprIsLe_t" errors="0" failures="0" skipped="0" tests="12" time="0.0453970432281494">
    <system-out>1..12
ok 1 - Equals
ok 2 - Equals
ok 3 - Equals
ok 4 - Equals
ok 5 - Equals
ok 6 - Equals
ok 7 - Equals
ok 8 - Equals
ok 9 - Equals
ok 10 - Equals
ok 11 - Equals
ok 12 - Equals
</system-out>
    <testcase name="Equals (330)" classname="spec_perl_TestDefaultEndianExprIsLe_t" time="0.000288963317871094" />
    <testcase name="Equals (331)" classname="spec_perl_TestDefaultEndianExprIsLe_t" time="8.0108642578125e-05" />
    <testcase name="Equals (332)" classname="spec_perl_TestDefaultEndianExprIsLe_t" time="0.000161886215209961" />
    <testcase name="Equals (333)" classname="spec_perl_TestDefaultEndianExprIsLe_t" time="8.70227813720703e-05" />
    <testcase name="Equals (334)" classname="spec_perl_TestDefaultEndianExprIsLe_t" time="0.000147104263305664" />
    <testcase name="Equals (335)" classname="spec_perl_TestDefaultEndianExprIsLe_t" time="0.000135898590087891" />
    <testcase name="Equals (336)" classname="spec_perl_TestDefaultEndianExprIsLe_t" time="0.000149011611938477" />
    <testcase name="Equals (337)" classname="spec_perl_TestDefaultEndianExprIsLe_t" time="0.0001220703125" />
    <testcase name="Equals (338)" classname="spec_perl_TestDefaultEndianExprIsLe_t" time="0.000134944915771484" />
    <testcase name="Equals (339)" classname="spec_perl_TestDefaultEndianExprIsLe_t" time="0.000151872634887695" />
    <testcase name="Equals (340)" classname="spec_perl_TestDefaultEndianExprIsLe_t" time="0.00012516975402832" />
    <testcase name="Equals (341)" classname="spec_perl_TestDefaultEndianExprIsLe_t" time="0.000144004821777344" />
  </testsuite>
  <testsuite name="spec_perl_TestEnumToI_t" errors="0" failures="0" skipped="0" tests="5" time="0.0425031185150146">
    <system-out>1..5
ok 1 - Equals
ok 2 - Equals
ok 3 - Equals
ok 4 - Equals
ok 5 - Equals
</system-out>
    <testcase name="Equals (342)" classname="spec_perl_TestEnumToI_t" time="0.000277042388916016" />
    <testcase name="Equals (343)" classname="spec_perl_TestEnumToI_t" time="9.20295715332031e-05" />
    <testcase name="Equals (344)" classname="spec_perl_TestEnumToI_t" time="0.000102996826171875" />
    <testcase name="Equals (345)" classname="spec_perl_TestEnumToI_t" time="0.000135898590087891" />
    <testcase name="Equals (346)" classname="spec_perl_TestEnumToI_t" time="0.000163078308105469" />
  </testsuite>
  <testsuite name="spec_perl_TestCastToTop_t" errors="0" failures="0" skipped="0" tests="3" time="0.0420899391174316">
    <system-out>1..3
ok 1 - Equals
ok 2 - Equals
ok 3 - Equals
</system-out>
    <testcase name="Equals (347)" classname="spec_perl_TestCastToTop_t" time="0.000200033187866211" />
    <testcase name="Equals (348)" classname="spec_perl_TestCastToTop_t" time="0.000149011611938477" />
    <testcase name="Equals (349)" classname="spec_perl_TestCastToTop_t" time="9.89437103271484e-05" />
  </testsuite>
  <testsuite name="spec_perl_TestParamsPassArrayStr_t" errors="0" failures="1" skipped="6" tests="7" time="0.0575919151306152">
    <system-out>1..7
not ok 1 - test_params_pass_array_str died (Can't use an undefined value as an ARRAY reference at spec/perl/TestParamsPassArrayStr.t line 15.)
ok 2 # skip test_params_pass_array_str died
ok 3 # skip test_params_pass_array_str died
ok 4 # skip test_params_pass_array_str died
ok 5 # skip test_params_pass_array_str died
ok 6 # skip test_params_pass_array_str died
ok 7 # skip test_params_pass_array_str died
</system-out>
    <testcase name="test_params_pass_array_str died (Can't use an undefined value as an ARRAY reference at spec/perl/TestParamsPassArrayStr.t line 15.) (349)" classname="spec_perl_TestParamsPassArrayStr_t" time="0.000681161880493164">
      <failure message="not ok 1 - test_params_pass_array_str died (Can't use an undefined value as an ARRAY reference at spec/perl/TestParamsPassArrayStr.t line 15.)" type="TAP::Parser::Result::Test"></failure>
    </testcase>
    <testcase name="Unnamed test case 349" classname="spec_perl_TestParamsPassArrayStr_t" time="0.000731945037841797">
      <skipped message="ok 2 # skip test_params_pass_array_str died" />
    </testcase>
    <testcase name="Unnamed test case 350" classname="spec_perl_TestParamsPassArrayStr_t" time="0.000297069549560547">
      <skipped message="ok 3 # skip test_params_pass_array_str died" />
    </testcase>
    <testcase name="Unnamed test case 351" classname="spec_perl_TestParamsPassArrayStr_t" time="0.000283002853393555">
      <skipped message="ok 4 # skip test_params_pass_array_str died" />
    </testcase>
    <testcase name="Unnamed test case 352" classname="spec_perl_TestParamsPassArrayStr_t" time="0.000275850296020508">
      <skipped message="ok 5 # skip test_params_pass_array_str died" />
    </testcase>
    <testcase name="Unnamed test case 353" classname="spec_perl_TestParamsPassArrayStr_t" time="0.000290155410766602">
      <skipped message="ok 6 # skip test_params_pass_array_str died" />
    </testcase>
    <testcase name="Unnamed test case 354" classname="spec_perl_TestParamsPassArrayStr_t" time="0.000274896621704102">
      <skipped message="ok 7 # skip test_params_pass_array_str died" />
    </testcase>
  </testsuite>
  <testsuite name="spec_perl_TestNavParent2_t" errors="0" failures="0" skipped="0" tests="10" time="0.0473837852478027">
    <system-out>1..10
ok 1 - Equals
ok 2 - Equals
ok 3 - Equals
ok 4 - Equals
ok 5 - Equals
ok 6 - Equals
ok 7 - Equals
ok 8 - Equals
ok 9 - Equals
ok 10 - Equals
</system-out>
    <testcase name="Equals (354)" classname="spec_perl_TestNavParent2_t" time="0.000279903411865234" />
    <testcase name="Equals (355)" classname="spec_perl_TestNavParent2_t" time="8.60691070556641e-05" />
    <testcase name="Equals (356)" classname="spec_perl_TestNavParent2_t" time="0.000130891799926758" />
    <testcase name="Equals (357)" classname="spec_perl_TestNavParent2_t" time="0.000136137008666992" />
    <testcase name="Equals (358)" classname="spec_perl_TestNavParent2_t" time="0.000123023986816406" />
    <testcase name="Equals (359)" classname="spec_perl_TestNavParent2_t" time="0.000203847885131836" />
    <testcase name="Equals (360)" classname="spec_perl_TestNavParent2_t" time="0.000110149383544922" />
    <testcase name="Equals (361)" classname="spec_perl_TestNavParent2_t" time="0.000154972076416016" />
    <testcase name="Equals (362)" classname="spec_perl_TestNavParent2_t" time="0.00011897087097168" />
    <testcase name="Equals (363)" classname="spec_perl_TestNavParent2_t" time="0.000185012817382812" />
  </testsuite>
  <testsuite name="spec_perl_TestEnumForUnknownId_t" errors="0" failures="0" skipped="0" tests="1" time="0.0423259735107422">
    <system-out>1..1
ok 1 - Equals
</system-out>
    <testcase name="Equals (364)" classname="spec_perl_TestEnumForUnknownId_t" time="0.000197172164916992" />
  </testsuite>
  <testsuite name="spec_perl_TestExprIoEof_t" errors="0" failures="0" skipped="0" tests="4" time="0.0462088584899902">
    <system-out>1..4
ok 1 - Equals
ok 2 - nil
ok 3 - Equals
ok 4 - Equals
</system-out>
    <testcase name="Equals (365)" classname="spec_perl_TestExprIoEof_t" time="0.00077509880065918" />
    <testcase name="nil (365)" classname="spec_perl_TestExprIoEof_t" time="9.98973846435547e-05" />
    <testcase name="Equals (366)" classname="spec_perl_TestExprIoEof_t" time="4.91142272949219e-05" />
    <testcase name="Equals (367)" classname="spec_perl_TestExprIoEof_t" time="5.79357147216797e-05" />
  </testsuite>
  <testsuite name="spec_perl_TestRepeatUntilComplex_t" errors="0" failures="0" skipped="0" tests="17" time="0.0462920665740967">
    <system-out>1..17
ok 1 - Equals
ok 2 - Equals
ok 3 - Equals
ok 4 - Equals
ok 5 - Equals
ok 6 - Equals
ok 7 - Equals
ok 8 - Equals
ok 9 - Equals
ok 10 - Equals
ok 11 - Equals
ok 12 - Equals
ok 13 - Equals
ok 14 - Equals
ok 15 - Equals
ok 16 - Equals
ok 17 - Equals
</system-out>
    <testcase name="Equals (368)" classname="spec_perl_TestRepeatUntilComplex_t" time="0.000322103500366211" />
    <testcase name="Equals (369)" classname="spec_perl_TestRepeatUntilComplex_t" time="9.10758972167969e-05" />
    <testcase name="Equals (370)" classname="spec_perl_TestRepeatUntilComplex_t" time="0.000224828720092773" />
    <testcase name="Equals (371)" classname="spec_perl_TestRepeatUntilComplex_t" time="0.000202178955078125" />
    <testcase name="Equals (372)" classname="spec_perl_TestRepeatUntilComplex_t" time="0.000268936157226562" />
    <testcase name="Equals (373)" classname="spec_perl_TestRepeatUntilComplex_t" time="0.000128030776977539" />
    <testcase name="Equals (374)" classname="spec_perl_TestRepeatUntilComplex_t" time="9.20295715332031e-05" />
    <testcase name="Equals (375)" classname="spec_perl_TestRepeatUntilComplex_t" time="0.000149965286254883" />
    <testcase name="Equals (376)" classname="spec_perl_TestRepeatUntilComplex_t" time="0.000144004821777344" />
    <testcase name="Equals (377)" classname="spec_perl_TestRepeatUntilComplex_t" time="0.000143051147460938" />
    <testcase name="Equals (378)" classname="spec_perl_TestRepeatUntilComplex_t" time="0.000142812728881836" />
    <testcase name="Equals (379)" classname="spec_perl_TestRepeatUntilComplex_t" time="0.000119209289550781" />
    <testcase name="Equals (380)" classname="spec_perl_TestRepeatUntilComplex_t" time="0.000154972076416016" />
    <testcase name="Equals (381)" classname="spec_perl_TestRepeatUntilComplex_t" time="0.000119924545288086" />
    <testcase name="Equals (382)" classname="spec_perl_TestRepeatUntilComplex_t" time="0.000151872634887695" />
    <testcase name="Equals (383)" classname="spec_perl_TestRepeatUntilComplex_t" time="7.70092010498047e-05" />
    <testcase name="Equals (384)" classname="spec_perl_TestRepeatUntilComplex_t" time="0.000153064727783203" />
  </testsuite>
  <testsuite name="spec_perl_TestEosExceptionBytes_t" errors="0" failures="0" skipped="0" tests="1" time="0.0432500839233398">
    <system-out>1..1
ok 1 - Died
</system-out>
    <testcase name="Died (384)" classname="spec_perl_TestEosExceptionBytes_t" time="0.000422954559326172" />
  </testsuite>
  <testsuite name="spec_perl_TestIndexToParamEos_t" errors="0" failures="2" skipped="0" tests="7" time="0.0503978729248047">
    <system-out>1..7
ok 1 - Equals
ok 2 - Equals
ok 3 - Equals
ok 4 - Equals
ok 5 - Equals
not ok 6 - Equals
not ok 7 - Equals
</system-out>
    <testcase name="Equals (385)" classname="spec_perl_TestIndexToParamEos_t" time="0.00538206100463867" />
    <testcase name="Equals (386)" classname="spec_perl_TestIndexToParamEos_t" time="0.000176906585693359" />
    <testcase name="Equals (387)" classname="spec_perl_TestIndexToParamEos_t" time="0.000102043151855469" />
    <testcase name="Equals (388)" classname="spec_perl_TestIndexToParamEos_t" time="5.50746917724609e-05" />
    <testcase name="Equals (389)" classname="spec_perl_TestIndexToParamEos_t" time="4.1961669921875e-05" />
    <testcase name="Equals (390)" classname="spec_perl_TestIndexToParamEos_t" time="5.60283660888672e-05">
      <failure message="not ok 6 - Equals" type="TAP::Parser::Result::Test"></failure>
    </testcase>
    <testcase name="Equals (391)" classname="spec_perl_TestIndexToParamEos_t" time="4.1961669921875e-05">
      <failure message="not ok 7 - Equals" type="TAP::Parser::Result::Test"></failure>
    </testcase>
  </testsuite>
  <testsuite name="spec_perl_TestNonStandard_t" errors="0" failures="0" skipped="0" tests="1" time="0.0422000885009766">
    <system-out>1..1
ok 1 - Equals
</system-out>
    <testcase name="Equals (392)" classname="spec_perl_TestNonStandard_t" time="0.000173091888427734" />
  </testsuite>
  <testsuite name="spec_perl_TestRepeatUntilSized_t" errors="0" failures="0" skipped="0" tests="7" time="0.044572114944458">
    <system-out>1..7
ok 1 - Equals
ok 2 - Equals
ok 3 - Equals
ok 4 - Equals
ok 5 - Equals
ok 6 - Equals
ok 7 - Equals
</system-out>
    <testcase name="Equals (393)" classname="spec_perl_TestRepeatUntilSized_t" time="0.000533103942871094" />
    <testcase name="Equals (394)" classname="spec_perl_TestRepeatUntilSized_t" time="9.29832458496094e-05" />
    <testcase name="Equals (395)" classname="spec_perl_TestRepeatUntilSized_t" time="6.07967376708984e-05" />
    <testcase name="Equals (396)" classname="spec_perl_TestRepeatUntilSized_t" time="0.000130176544189453" />
    <testcase name="Equals (397)" classname="spec_perl_TestRepeatUntilSized_t" time="0.000128030776977539" />
    <testcase name="Equals (398)" classname="spec_perl_TestRepeatUntilSized_t" time="0.000140905380249023" />
    <testcase name="Equals (399)" classname="spec_perl_TestRepeatUntilSized_t" time="0.000145912170410156" />
  </testsuite>
  <testsuite name="spec_perl_TestParamsPassArrayUsertype_t" errors="0" failures="1" skipped="4" tests="5" time="0.050929069519043">
    <system-out>1..5
not ok 1 - test_params_pass_array_usertype died (Can't use an undefined value as an ARRAY reference at compiled/perl/ParamsPassArrayUsertype.pm line 123.)
ok 2 # skip test_params_pass_array_usertype died
ok 3 # skip test_params_pass_array_usertype died
ok 4 # skip test_params_pass_array_usertype died
ok 5 # skip test_params_pass_array_usertype died
</system-out>
    <testcase name="test_params_pass_array_usertype died (Can't use an undefined value as an ARRAY reference at compiled/perl/ParamsPassArrayUsertype.pm line 123.) (399)" classname="spec_perl_TestParamsPassArrayUsertype_t" time="0.000317096710205078">
      <failure message="not ok 1 - test_params_pass_array_usertype died (Can't use an undefined value as an ARRAY reference at compiled/perl/ParamsPassArrayUsertype.pm line 123.)" type="TAP::Parser::Result::Test"></failure>
    </testcase>
    <testcase name="Unnamed test case 399" classname="spec_perl_TestParamsPassArrayUsertype_t" time="0.000367879867553711">
      <skipped message="ok 2 # skip test_params_pass_array_usertype died" />
    </testcase>
    <testcase name="Unnamed test case 400" classname="spec_perl_TestParamsPassArrayUsertype_t" time="0.000308990478515625">
      <skipped message="ok 3 # skip test_params_pass_array_usertype died" />
    </testcase>
    <testcase name="Unnamed test case 401" classname="spec_perl_TestParamsPassArrayUsertype_t" time="0.000273942947387695">
      <skipped message="ok 4 # skip test_params_pass_array_usertype died" />
    </testcase>
    <testcase name="Unnamed test case 402" classname="spec_perl_TestParamsPassArrayUsertype_t" time="0.00026702880859375">
      <skipped message="ok 5 # skip test_params_pass_array_usertype died" />
    </testcase>
  </testsuite>
  <testsuite name="spec_perl_TestEnumLongRangeS_t" errors="0" failures="0" skipped="0" tests="7" time="0.0421991348266602">
    <system-out>1..7
ok 1 - Equals
ok 2 - Equals
ok 3 - Equals
ok 4 - Equals
ok 5 - Equals
ok 6 - Equals
ok 7 - Equals
</system-out>
    <testcase name="Equals (402)" classname="spec_perl_TestEnumLongRangeS_t" time="0.00020599365234375" />
    <testcase name="Equals (403)" classname="spec_perl_TestEnumLongRangeS_t" time="7.29560852050781e-05" />
    <testcase name="Equals (404)" classname="spec_perl_TestEnumLongRangeS_t" time="0.000144004821777344" />
    <testcase name="Equals (405)" classname="spec_perl_TestEnumLongRangeS_t" time="0.000128030776977539" />
    <testcase name="Equals (406)" classname="spec_perl_TestEnumLongRangeS_t" time="0.000145912170410156" />
    <testcase name="Equals (407)" classname="spec_perl_TestEnumLongRangeS_t" time="0.000108003616333008" />
    <testcase name="Equals (408)" classname="spec_perl_TestEnumLongRangeS_t" time="0.000146150588989258" />
  </testsuite>
  <testsuite name="spec_perl_TestTsPacketHeader_t" errors="0" failures="0" skipped="0" tests="7" time="0.0428230762481689">
    <system-out>1..7
ok 1 - Equals
ok 2 - Equals
ok 3 - Equals
ok 4 - Equals
ok 5 - Equals
ok 6 - Equals
ok 7 - Equals
</system-out>
    <testcase name="Equals (409)" classname="spec_perl_TestTsPacketHeader_t" time="0.000238180160522461" />
    <testcase name="Equals (410)" classname="spec_perl_TestTsPacketHeader_t" time="8.08238983154297e-05" />
    <testcase name="Equals (411)" classname="spec_perl_TestTsPacketHeader_t" time="0.000116109848022461" />
    <testcase name="Equals (412)" classname="spec_perl_TestTsPacketHeader_t" time="0.000137090682983398" />
    <testcase name="Equals (413)" classname="spec_perl_TestTsPacketHeader_t" time="0.000115871429443359" />
    <testcase name="Equals (414)" classname="spec_perl_TestTsPacketHeader_t" time="0.00014495849609375" />
    <testcase name="Equals (415)" classname="spec_perl_TestTsPacketHeader_t" time="0.000121116638183594" />
  </testsuite>
  <testsuite name="spec_perl_TestValidLong_t" errors="1" failures="0" skipped="0" tests="0" time="0.0448129177093506">
    <system-out></system-out>
    <testcase name="Test died too soon, even before plan. (415)" classname="spec_perl_TestValidLong_t" time="0.0448129177093506">
      <failure message="The test suite died before a plan was produced. You need to have a plan." type="Plan">No plan</failure>
    </testcase>
  </testsuite>
  <testsuite name="spec_perl_TestSwitchManualEnumInvalid_t" errors="0" failures="0" skipped="0" tests="5" time="0.0477738380432129">
    <system-out>1..5
ok 1 - Equals
ok 2 - Equals
ok 3 - nil
ok 4 - Equals
ok 5 - nil
</system-out>
    <testcase name="Equals (416)" classname="spec_perl_TestSwitchManualEnumInvalid_t" time="0.000257968902587891" />
    <testcase name="Equals (417)" classname="spec_perl_TestSwitchManualEnumInvalid_t" time="8.48770141601562e-05" />
    <testcase name="nil (417)" classname="spec_perl_TestSwitchManualEnumInvalid_t" time="5.81741333007812e-05" />
    <testcase name="Equals (418)" classname="spec_perl_TestSwitchManualEnumInvalid_t" time="0.00142383575439453" />
[...]
    <testcase name="Equals (675)" classname="spec_perl_TestSwitchBytearray_t" time="0.000135898590087891" />
    <testcase name="Equals (676)" classname="spec_perl_TestSwitchBytearray_t" time="0.000128030776977539" />
    <testcase name="Equals (677)" classname="spec_perl_TestSwitchBytearray_t" time="0.000140905380249023" />
    <testcase name="Equals (678)" classname="spec_perl_TestSwitchBytearray_t" time="0.000117063522338867" />
    <testcase name="Equals (679)" classname="spec_perl_TestSwitchBytearray_t" time="0.000123977661132812" />
    <testcase name="Equals (680)" classname="spec_perl_TestSwitchBytearray_t" time="0.000129938125610352" />
  </testsuite>
  <testsuite name="spec_perl_TestStrPadTermEmpty_t" errors="0" failures="0" skipped="0" tests="4" time="0.0458419322967529">
    <system-out>1..4
ok 1 - Equals
ok 2 - Equals
ok 3 - Equals
ok 4 - Equals
</system-out>
    <testcase name="Equals (681)" classname="spec_perl_TestStrPadTermEmpty_t" time="0.000339031219482422" />
    <testcase name="Equals (682)" classname="spec_perl_TestStrPadTermEmpty_t" time="0.000117063522338867" />
    <testcase name="Equals (683)" classname="spec_perl_TestStrPadTermEmpty_t" time="6.19888305664062e-05" />
    <testcase name="Equals (684)" classname="spec_perl_TestStrPadTermEmpty_t" time="0.000104904174804688" />
  </testsuite>
  <testsuite name="spec_perl_TestStrEncodingsDefault_t" errors="0" failures="0" skipped="0" tests="4" time="0.0495460033416748">
    <system-out>1..4
ok 1 - Equals
ok 2 - Equals
ok 3 - Equals
ok 4 - Equals
</system-out>
    <testcase name="Equals (685)" classname="spec_perl_TestStrEncodingsDefault_t" time="0.00326395034790039" />
    <testcase name="Equals (686)" classname="spec_perl_TestStrEncodingsDefault_t" time="0.000105142593383789" />
    <testcase name="Equals (687)" classname="spec_perl_TestStrEncodingsDefault_t" time="5.88893890380859e-05" />
    <testcase name="Equals (688)" classname="spec_perl_TestStrEncodingsDefault_t" time="0.000163078308105469" />
  </testsuite>
  <testsuite name="spec_perl_TestDefaultEndianMod_t" errors="0" failures="0" skipped="0" tests="3" time="0.0442800521850586">
    <system-out>1..3
ok 1 - Equals
ok 2 - Equals
ok 3 - Equals
</system-out>
    <testcase name="Equals (689)" classname="spec_perl_TestDefaultEndianMod_t" time="0.00025486946105957" />
    <testcase name="Equals (690)" classname="spec_perl_TestDefaultEndianMod_t" time="7.91549682617188e-05" />
    <testcase name="Equals (691)" classname="spec_perl_TestDefaultEndianMod_t" time="0.000123023986816406" />
  </testsuite>
  <testsuite name="spec_perl_TestProcessXor4Value_t" errors="0" failures="0" skipped="0" tests="2" time="0.0426020622253418">
    <system-out>1..2
ok 1 - Equals
ok 2 - Equals
</system-out>
    <testcase name="Equals (692)" classname="spec_perl_TestProcessXor4Value_t" time="0.000342130661010742" />
    <testcase name="Equals (693)" classname="spec_perl_TestProcessXor4Value_t" time="0.000125885009765625" />
  </testsuite>
  <testsuite name="spec_perl_TestProcessCoerceUsertype2_t" errors="0" failures="0" skipped="0" tests="4" time="0.0428750514984131">
    <system-out>1..4
ok 1 - Equals
ok 2 - Equals
ok 3 - Equals
ok 4 - Equals
</system-out>
    <testcase name="Equals (694)" classname="spec_perl_TestProcessCoerceUsertype2_t" time="0.00049591064453125" />
    <testcase name="Equals (695)" classname="spec_perl_TestProcessCoerceUsertype2_t" time="9.70363616943359e-05" />
    <testcase name="Equals (696)" classname="spec_perl_TestProcessCoerceUsertype2_t" time="5.79357147216797e-05" />
    <testcase name="Equals (697)" classname="spec_perl_TestProcessCoerceUsertype2_t" time="0.000131130218505859" />
  </testsuite>
  <testsuite name="spec_perl_TestStrLiterals2_t" errors="0" failures="0" skipped="0" tests="4" time="0.0439071655273438">
    <system-out>1..4
ok 1 - Equals
ok 2 - Equals
ok 3 - Equals
ok 4 - Equals
</system-out>
    <testcase name="Equals (698)" classname="spec_perl_TestStrLiterals2_t" time="0.000142097473144531" />
    <testcase name="Equals (699)" classname="spec_perl_TestStrLiterals2_t" time="9.20295715332031e-05" />
    <testcase name="Equals (700)" classname="spec_perl_TestStrLiterals2_t" time="4.79221343994141e-05" />
    <testcase name="Equals (701)" classname="spec_perl_TestStrLiterals2_t" time="6.19888305664062e-05" />
  </testsuite>
  <testsuite name="spec_perl_TestOptionalId_t" errors="0" failures="0" skipped="0" tests="3" time="0.0439918041229248">
    <system-out>1..3
ok 1 - Equals
ok 2 - Equals
ok 3 - Equals
</system-out>
    <testcase name="Equals (702)" classname="spec_perl_TestOptionalId_t" time="0.000238895416259766" />
    <testcase name="Equals (703)" classname="spec_perl_TestOptionalId_t" time="7.91549682617188e-05" />
    <testcase name="Equals (704)" classname="spec_perl_TestOptionalId_t" time="0.000177860260009766" />
  </testsuite>
  <testsuite name="spec_perl_TestStrLiterals_t" errors="0" failures="0" skipped="0" tests="5" time="0.0424880981445312">
    <system-out>1..5
ok 1 - Equals
ok 2 - Equals
ok 3 - Equals
ok 4 - Equals
ok 5 - Equals
</system-out>
    <testcase name="Equals (705)" classname="spec_perl_TestStrLiterals_t" time="0.00023198127746582" />
    <testcase name="Equals (706)" classname="spec_perl_TestStrLiterals_t" time="0.000108957290649414" />
    <testcase name="Equals (707)" classname="spec_perl_TestStrLiterals_t" time="0.000133991241455078" />
    <testcase name="Equals (708)" classname="spec_perl_TestStrLiterals_t" time="0.000142097473144531" />
    <testcase name="Equals (709)" classname="spec_perl_TestStrLiterals_t" time="0.000179052352905273" />
  </testsuite>
  <testsuite name="spec_perl_TestBitsByteAligned_t" errors="0" failures="0" skipped="0" tests="9" time="0.0430529117584229">
    <system-out>1..9
ok 1 - Equals
ok 2 - Equals
ok 3 - Equals
ok 4 - Equals
ok 5 - Equals
ok 6 - Equals
ok 7 - Equals
ok 8 - Equals
ok 9 - Equals
</system-out>
    <testcase name="Equals (710)" classname="spec_perl_TestBitsByteAligned_t" time="0.000246047973632812" />
    <testcase name="Equals (711)" classname="spec_perl_TestBitsByteAligned_t" time="8.10623168945312e-05" />
    <testcase name="Equals (712)" classname="spec_perl_TestBitsByteAligned_t" time="0.000130891799926758" />
    <testcase name="Equals (713)" classname="spec_perl_TestBitsByteAligned_t" time="0.000128984451293945" />
    <testcase name="Equals (714)" classname="spec_perl_TestBitsByteAligned_t" time="0.000133991241455078" />
    <testcase name="Equals (715)" classname="spec_perl_TestBitsByteAligned_t" time="0.000101089477539062" />
    <testcase name="Equals (716)" classname="spec_perl_TestBitsByteAligned_t" time="0.000147819519042969" />
    <testcase name="Equals (717)" classname="spec_perl_TestBitsByteAligned_t" time="0.000105142593383789" />
    <testcase name="Equals (718)" classname="spec_perl_TestBitsByteAligned_t" time="0.000144004821777344" />
  </testsuite>
  <testsuite name="spec_perl_TestExpr0_t" errors="0" failures="0" skipped="0" tests="2" time="0.0418689250946045">
    <system-out>1..2
ok 1 - Equals
ok 2 - Equals
</system-out>
    <testcase name="Equals (719)" classname="spec_perl_TestExpr0_t" time="0.000219821929931641" />
    <testcase name="Equals (720)" classname="spec_perl_TestExpr0_t" time="7.60555267333984e-05" />
  </testsuite>
  <testsuite name="spec_perl_TestProcessXor4Const_t" errors="0" failures="0" skipped="0" tests="2" time="0.0418479442596436">
    <system-out>1..2
ok 1 - Equals
ok 2 - Equals
</system-out>
    <testcase name="Equals (721)" classname="spec_perl_TestProcessXor4Const_t" time="0.000230073928833008" />
    <testcase name="Equals (722)" classname="spec_perl_TestProcessXor4Const_t" time="7.70092010498047e-05" />
  </testsuite>
  <testsuite name="spec_perl_TestParamsPassArrayStruct_t" errors="0" failures="1" skipped="2" tests="3" time="0.0483250617980957">
    <system-out>1..3
not ok 1 - test_params_pass_array_struct died (Can't use an undefined value as an ARRAY reference at spec/perl/TestParamsPassArrayStruct.t line 15.)
ok 2 # skip test_params_pass_array_struct died
ok 3 # skip test_params_pass_array_struct died
</system-out>
    <testcase name="test_params_pass_array_struct died (Can't use an undefined value as an ARRAY reference at spec/perl/TestParamsPassArrayStruct.t line 15.) (722)" classname="spec_perl_TestParamsPassArrayStruct_t" time="0.000320911407470703">
      <failure message="not ok 1 - test_params_pass_array_struct died (Can't use an undefined value as an ARRAY reference at spec/perl/TestParamsPassArrayStruct.t line 15.)" type="TAP::Parser::Result::Test"></failure>
    </testcase>
    <testcase name="Unnamed test case 722" classname="spec_perl_TestParamsPassArrayStruct_t" time="0.000398159027099609">
      <skipped message="ok 2 # skip test_params_pass_array_struct died" />
    </testcase>
    <testcase name="Unnamed test case 723" classname="spec_perl_TestParamsPassArrayStruct_t" time="0.000316858291625977">
      <skipped message="ok 3 # skip test_params_pass_array_struct died" />
    </testcase>
  </testsuite>
  <testsuite name="spec_perl_TestEnumDeep_t" errors="0" failures="0" skipped="0" tests="2" time="0.0425631999969482">
    <system-out>1..2
ok 1 - Equals
ok 2 - Equals
</system-out>
    <testcase name="Equals (723)" classname="spec_perl_TestEnumDeep_t" time="0.000197172164916992" />
    <testcase name="Equals (724)" classname="spec_perl_TestEnumDeep_t" time="7.29560852050781e-05" />
  </testsuite>
  <testsuite name="spec_perl_TestOpaqueExternalType02Parent_t" errors="0" failures="0" skipped="0" tests="3" time="0.0472028255462646">
    <system-out>1..3
ok 1 - Equals
ok 2 - Equals
ok 3 - Equals
</system-out>
    <testcase name="Equals (725)" classname="spec_perl_TestOpaqueExternalType02Parent_t" time="0.000349044799804688" />
    <testcase name="Equals (726)" classname="spec_perl_TestOpaqueExternalType02Parent_t" time="9.20295715332031e-05" />
    <testcase name="Equals (727)" classname="spec_perl_TestOpaqueExternalType02Parent_t" time="6.00814819335938e-05" />
  </testsuite>
  <testsuite name="spec_perl_TestFixedContents_t" errors="1" failures="0" skipped="0" tests="0" time="0.0446510314941406">
    <system-out></system-out>
    <testcase name="Test died too soon, even before plan. (727)" classname="spec_perl_TestFixedContents_t" time="0.0446510314941406">
      <failure message="The test suite died before a plan was produced. You need to have a plan." type="Plan">No plan</failure>
    </testcase>
  </testsuite>
  <testsuite name="spec_perl_TestSwitchManualIntElse_t" errors="0" failures="0" skipped="0" tests="9" time="0.0473899841308594">
    <system-out>1..9
ok 1 - Equals
ok 2 - Equals
ok 3 - Equals
ok 4 - Equals
ok 5 - Equals
ok 6 - Equals
ok 7 - Equals
ok 8 - Equals
ok 9 - Equals
</system-out>
    <testcase name="Equals (728)" classname="spec_perl_TestSwitchManualIntElse_t" time="0.000353097915649414" />
    <testcase name="Equals (729)" classname="spec_perl_TestSwitchManualIntElse_t" time="8.79764556884766e-05" />
    <testcase name="Equals (730)" classname="spec_perl_TestSwitchManualIntElse_t" time="5.88893890380859e-05" />
    <testcase name="Equals (731)" classname="spec_perl_TestSwitchManualIntElse_t" time="0.000151157379150391" />
    <testcase name="Equals (732)" classname="spec_perl_TestSwitchManualIntElse_t" time="0.000128984451293945" />
    <testcase name="Equals (733)" classname="spec_perl_TestSwitchManualIntElse_t" time="0.000145912170410156" />
    <testcase name="Equals (734)" classname="spec_perl_TestSwitchManualIntElse_t" time="0.00011897087097168" />
    <testcase name="Equals (735)" classname="spec_perl_TestSwitchManualIntElse_t" time="0.00014495849609375" />
    <testcase name="Equals (736)" classname="spec_perl_TestSwitchManualIntElse_t" time="0.000132083892822266" />
  </testsuite>
  <testsuite name="spec_perl_TestSwitchIntegers_t" errors="0" failures="0" skipped="0" tests="9" time="0.0713419914245605">
    <system-out>1..9
ok 1 - Equals
ok 2 - Equals
ok 3 - Equals
ok 4 - Equals
ok 5 - Equals
ok 6 - Equals
ok 7 - Equals
ok 8 - Equals
ok 9 - Equals
</system-out>
    <testcase name="Equals (737)" classname="spec_perl_TestSwitchIntegers_t" time="0.000565052032470703" />
    <testcase name="Equals (738)" classname="spec_perl_TestSwitchIntegers_t" time="0.000262975692749023" />
    <testcase name="Equals (739)" classname="spec_perl_TestSwitchIntegers_t" time="0.000216007232666016" />
    <testcase name="Equals (740)" classname="spec_perl_TestSwitchIntegers_t" time="0.000221967697143555" />
    <testcase name="Equals (741)" classname="spec_perl_TestSwitchIntegers_t" time="0.000249862670898438" />
    <testcase name="Equals (742)" classname="spec_perl_TestSwitchIntegers_t" time="0.000216007232666016" />
    <testcase name="Equals (743)" classname="spec_perl_TestSwitchIntegers_t" time="0.00020599365234375" />
    <testcase name="Equals (744)" classname="spec_perl_TestSwitchIntegers_t" time="0.000208139419555664" />
    <testcase name="Equals (745)" classname="spec_perl_TestSwitchIntegers_t" time="0.000231027603149414" />
  </testsuite>
  <testsuite name="spec_perl_TestExpr1_t" errors="0" failures="0" skipped="0" tests="4" time="0.044780969619751">
    <system-out>1..4
ok 1 - Equals
ok 2 - Equals
ok 3 - Equals
ok 4 - Equals
</system-out>
    <testcase name="Equals (746)" classname="spec_perl_TestExpr1_t" time="0.000226020812988281" />
    <testcase name="Equals (747)" classname="spec_perl_TestExpr1_t" time="7.60555267333984e-05" />
    <testcase name="Equals (748)" classname="spec_perl_TestExpr1_t" time="0.000136852264404297" />
    <testcase name="Equals (749)" classname="spec_perl_TestExpr1_t" time="0.000133037567138672" />
  </testsuite>
  <testsuite name="spec_perl_TestNavParentOverride_t" errors="0" failures="0" skipped="0" tests="3" time="0.0433609485626221">
    <system-out>1..3
ok 1 - Equals
ok 2 - Equals
ok 3 - Equals
</system-out>
    <testcase name="Equals (750)" classname="spec_perl_TestNavParentOverride_t" time="0.000222921371459961" />
    <testcase name="Equals (751)" classname="spec_perl_TestNavParentOverride_t" time="7.70092010498047e-05" />
    <testcase name="Equals (752)" classname="spec_perl_TestNavParentOverride_t" time="0.000149965286254883" />
  </testsuite>
  <testsuite name="spec_perl_TestExprBytesLiteral_t" errors="1" failures="0" skipped="0" tests="0" time="0.0434060096740723">
    <system-out></system-out>
    <testcase name="Test died too soon, even before plan. (752)" classname="spec_perl_TestExprBytesLiteral_t" time="0.0434060096740723">
      <failure message="The test suite died before a plan was produced. You need to have a plan." type="Plan">No plan</failure>
    </testcase>
  </testsuite>
  <testsuite name="spec_perl_TestEofExceptionU4_t" errors="0" failures="0" skipped="0" tests="1" time="0.0427699089050293">
    <system-out>1..1
ok 1 - Died
</system-out>
    <testcase name="Died (752)" classname="spec_perl_TestEofExceptionU4_t" time="0.000176906585693359" />
  </testsuite>
  <testsuite name="spec_perl_TestSwitchManualEnum_t" errors="0" failures="0" skipped="0" tests="9" time="0.0486929416656494">
    <system-out>1..9
ok 1 - Equals
ok 2 - Equals
ok 3 - Equals
ok 4 - Equals
ok 5 - Equals
ok 6 - Equals
ok 7 - Equals
ok 8 - Equals
ok 9 - Equals
</system-out>
    <testcase name="Equals (753)" classname="spec_perl_TestSwitchManualEnum_t" time="0.000299930572509766" />
    <testcase name="Equals (754)" classname="spec_perl_TestSwitchManualEnum_t" time="9.51290130615234e-05" />
    <testcase name="Equals (755)" classname="spec_perl_TestSwitchManualEnum_t" time="5.98430633544922e-05" />
    <testcase name="Equals (756)" classname="spec_perl_TestSwitchManualEnum_t" time="0.000149011611938477" />
    <testcase name="Equals (757)" classname="spec_perl_TestSwitchManualEnum_t" time="0.000111103057861328" />
    <testcase name="Equals (758)" classname="spec_perl_TestSwitchManualEnum_t" time="0.000138998031616211" />
    <testcase name="Equals (759)" classname="spec_perl_TestSwitchManualEnum_t" time="0.000128984451293945" />
    <testcase name="Equals (760)" classname="spec_perl_TestSwitchManualEnum_t" time="0.000114917755126953" />
    <testcase name="Equals (761)" classname="spec_perl_TestSwitchManualEnum_t" time="0.000147104263305664" />
  </testsuite>
  <testsuite name="spec_perl_TestCastNested_t" errors="0" failures="0" skipped="0" tests="4" time="0.0480659008026123">
    <system-out>1..4
ok 1 - Equals
ok 2 - Equals
ok 3 - Equals
ok 4 - Equals
</system-out>
    <testcase name="Equals (762)" classname="spec_perl_TestCastNested_t" time="0.00032806396484375" />
    <testcase name="Equals (763)" classname="spec_perl_TestCastNested_t" time="8.79764556884766e-05" />
    <testcase name="Equals (764)" classname="spec_perl_TestCastNested_t" time="7.70092010498047e-05" />
    <testcase name="Equals (765)" classname="spec_perl_TestCastNested_t" time="0.000159025192260742" />
  </testsuite>
  <testsuite name="spec_perl_TestSwitchManualIntSizeElse_t" errors="0" failures="0" skipped="0" tests="10" time="0.0484449863433838">
    <system-out>1..10
ok 1 - Equals
ok 2 - Equals
ok 3 - Equals
ok 4 - Equals
ok 5 - Equals
ok 6 - Equals
ok 7 - Equals
ok 8 - Equals
ok 9 - Equals
ok 10 - Equals
</system-out>
    <testcase name="Equals (766)" classname="spec_perl_TestSwitchManualIntSizeElse_t" time="0.000623941421508789" />
    <testcase name="Equals (767)" classname="spec_perl_TestSwitchManualIntSizeElse_t" time="9.29832458496094e-05" />
    <testcase name="Equals (768)" classname="spec_perl_TestSwitchManualIntSizeElse_t" time="6.29425048828125e-05" />
    <testcase name="Equals (769)" classname="spec_perl_TestSwitchManualIntSizeElse_t" time="0.000137090682983398" />
    <testcase name="Equals (770)" classname="spec_perl_TestSwitchManualIntSizeElse_t" time="0.000120878219604492" />
    <testcase name="Equals (771)" classname="spec_perl_TestSwitchManualIntSizeElse_t" time="0.000161170959472656" />
    <testcase name="Equals (772)" classname="spec_perl_TestSwitchManualIntSizeElse_t" time="0.000116825103759766" />
    <testcase name="Equals (773)" classname="spec_perl_TestSwitchManualIntSizeElse_t" time="0.000146150588989258" />
    <testcase name="Equals (774)" classname="spec_perl_TestSwitchManualIntSizeElse_t" time="0.000115871429443359" />
    <testcase name="Equals (775)" classname="spec_perl_TestSwitchManualIntSizeElse_t" time="0.000140190124511719" />
  </testsuite>
  <testsuite name="spec_perl_TestEofExceptionBytes_t" errors="0" failures="0" skipped="0" tests="1" time="0.0524640083312988">
    <system-out>1..1
ok 1 - Died
</system-out>
    <testcase name="Died (775)" classname="spec_perl_TestEofExceptionBytes_t" time="0.000151157379150391" />
  </testsuite>
  <testsuite name="spec_perl_TestIndexToParamExpr_t" errors="0" failures="2" skipped="0" tests="7" time="0.0878801345825195">
    <system-out>1..7
ok 1 - Equals
ok 2 - Equals
ok 3 - Equals
ok 4 - Equals
ok 5 - Equals
not ok 6 - Equals
not ok 7 - Equals
</system-out>
    <testcase name="Equals (776)" classname="spec_perl_TestIndexToParamExpr_t" time="0.000638008117675781" />
    <testcase name="Equals (777)" classname="spec_perl_TestIndexToParamExpr_t" time="0.000247001647949219" />
    <testcase name="Equals (778)" classname="spec_perl_TestIndexToParamExpr_t" time="0.000216007232666016" />
    <testcase name="Equals (779)" classname="spec_perl_TestIndexToParamExpr_t" time="0.000211954116821289" />
    <testcase name="Equals (780)" classname="spec_perl_TestIndexToParamExpr_t" time="0.000201940536499023" />
    <testcase name="Equals (781)" classname="spec_perl_TestIndexToParamExpr_t" time="0.000264167785644531">
      <failure message="not ok 6 - Equals" type="TAP::Parser::Result::Test"></failure>
    </testcase>
    <testcase name="Equals (782)" classname="spec_perl_TestIndexToParamExpr_t" time="0.000664949417114258">
      <failure message="not ok 7 - Equals" type="TAP::Parser::Result::Test"></failure>
    </testcase>
  </testsuite>
</testsuites>
