<?xml version='1.0' encoding='utf-8'?>
<testsuites>
  <testsuite name="spec_perl_TestInstanceUserArray_t" errors="0" failures="0" skipped="0" tests="10" time="0.043971061706543">
    <system-out>1..10
ok 1 - Equals
ok 2 - Equals
ok 3 - Equals
ok 4 - Equals
ok 5 - Equals
ok 6 - Equals
ok 7 - Equals
ok 8 - Equals
ok 9 - Equals
ok 10 - Equals
</system-out>
    <testcase name="Equals" classname="spec_perl_TestInstanceUserArray_t" time="0.000206947326660156" />
    <testcase name="Equals (2)" classname="spec_perl_TestInstanceUserArray_t" time="7.51018524169922e-05" />
    <testcase name="Equals (3)" classname="spec_perl_TestInstanceUserArray_t" time="0.000138998031616211" />
    <testcase name="Equals (4)" classname="spec_perl_TestInstanceUserArray_t" time="0.000472068786621094" />
    <testcase name="Equals (5)" classname="spec_perl_TestInstanceUserArray_t" time="8.392333984375e-05" />
    <testcase name="Equals (6)" classname="spec_perl_TestInstanceUserArray_t" time="0.000129938125610352" />
    <testcase name="Equals (7)" classname="spec_perl_TestInstanceUserArray_t" time="0.000127077102661133" />
    <testcase name="Equals (8)" classname="spec_perl_TestInstanceUserArray_t" time="0.000128984451293945" />
    <testcase name="Equals (9)" classname="spec_perl_TestInstanceUserArray_t" time="0.000149965286254883" />
    <testcase name="Equals (10)" classname="spec_perl_TestInstanceUserArray_t" time="0.000108957290649414" />
  </testsuite>
  <testsuite name="spec_perl_TestBitsSimple_t" errors="0" failures="0" skipped="0" tests="14" time="0.0454099178314209">
    <system-out>1..14
ok 1 - Equals
ok 2 - Equals
ok 3 - Equals
ok 4 - Equals
ok 5 - Equals
ok 6 - Equals
ok 7 - Equals
ok 8 - Equals
ok 9 - Equals
ok 10 - Equals
ok 11 - Equals
ok 12 - Equals
ok 13 - Equals
ok 14 - Equals
</system-out>
    <testcase name="Equals (11)" classname="spec_perl_TestBitsSimple_t" time="0.000295877456665039" />
    <testcase name="Equals (12)" classname="spec_perl_TestBitsSimple_t" time="0.000111103057861328" />
    <testcase name="Equals (13)" classname="spec_perl_TestBitsSimple_t" time="5.69820404052734e-05" />
    <testcase name="Equals (14)" classname="spec_perl_TestBitsSimple_t" time="0.000144004821777344" />
    <testcase name="Equals (15)" classname="spec_perl_TestBitsSimple_t" time="0.00014495849609375" />
    <testcase name="Equals (16)" classname="spec_perl_TestBitsSimple_t" time="0.000111103057861328" />
    <testcase name="Equals (17)" classname="spec_perl_TestBitsSimple_t" time="0.000171899795532227" />
    <testcase name="Equals (18)" classname="spec_perl_TestBitsSimple_t" time="9.48905944824219e-05" />
    <testcase name="Equals (19)" classname="spec_perl_TestBitsSimple_t" time="0.000127077102661133" />
    <testcase name="Equals (20)" classname="spec_perl_TestBitsSimple_t" time="0.00014805793762207" />
    <testcase name="Equals (21)" classname="spec_perl_TestBitsSimple_t" time="0.000119924545288086" />
    <testcase name="Equals (22)" classname="spec_perl_TestBitsSimple_t" time="0.000180959701538086" />
    <testcase name="Equals (23)" classname="spec_perl_TestBitsSimple_t" time="9.79900360107422e-05" />
    <testcase name="Equals (24)" classname="spec_perl_TestBitsSimple_t" time="0.000195026397705078" />
  </testsuite>
  <testsuite name="spec_perl_TestExpr0_t" errors="0" failures="0" skipped="0" tests="2" time="0.0426499843597412">
    <system-out>1..2
ok 1 - Equals
ok 2 - Equals
</system-out>
    <testcase name="Equals (25)" classname="spec_perl_TestExpr0_t" time="0.000204086303710938" />
    <testcase name="Equals (26)" classname="spec_perl_TestExpr0_t" time="7.48634338378906e-05" />
  </testsuite>
  <testsuite name="spec_perl_TestStrLiterals2_t" errors="0" failures="0" skipped="0" tests="4" time="0.0428121089935303">
    <system-out>1..4
ok 1 - Equals
ok 2 - Equals
ok 3 - Equals
ok 4 - Equals
</system-out>
    <testcase name="Equals (27)" classname="spec_perl_TestStrLiterals2_t" time="0.00017094612121582" />
    <testcase name="Equals (28)" classname="spec_perl_TestStrLiterals2_t" time="6.91413879394531e-05" />
    <testcase name="Equals (29)" classname="spec_perl_TestStrLiterals2_t" time="0.000164985656738281" />
    <testcase name="Equals (30)" classname="spec_perl_TestStrLiterals2_t" time="0.00135302543640137" />
  </testsuite>
  <testsuite name="spec_perl_TestEnumInvalid_t" errors="0" failures="0" skipped="0" tests="2" time="0.0428230762481689">
    <system-out>1..2
ok 1 - Equals
ok 2 - Equals
</system-out>
    <testcase name="Equals (31)" classname="spec_perl_TestEnumInvalid_t" time="0.000166893005371094" />
    <testcase name="Equals (32)" classname="spec_perl_TestEnumInvalid_t" time="0.000144004821777344" />
  </testsuite>
  <testsuite name="spec_perl_TestSwitchRepeatExpr_t" errors="0" failures="0" skipped="0" tests="3" time="0.0444629192352295">
    <system-out>1..3
ok 1 - Equals
ok 2 - Equals
ok 3 - Equals
</system-out>
    <testcase name="Equals (33)" classname="spec_perl_TestSwitchRepeatExpr_t" time="0.000518083572387695" />
    <testcase name="Equals (34)" classname="spec_perl_TestSwitchRepeatExpr_t" time="0.000102043151855469" />
    <testcase name="Equals (35)" classname="spec_perl_TestSwitchRepeatExpr_t" time="6.00814819335938e-05" />
  </testsuite>
  <testsuite name="spec_perl_TestHelloWorld_t" errors="0" failures="0" skipped="0" tests="1" time="0.042482852935791">
    <system-out>1..1
ok 1 - Equals
</system-out>
    <testcase name="Equals (36)" classname="spec_perl_TestHelloWorld_t" time="0.000174999237060547" />
  </testsuite>
  <testsuite name="spec_perl_TestInstanceStd_t" errors="0" failures="0" skipped="0" tests="1" time="0.0453879833221436">
    <system-out>1..1
ok 1 - Equals
</system-out>
    <testcase name="Equals (37)" classname="spec_perl_TestInstanceStd_t" time="0.000248193740844727" />
  </testsuite>
  <testsuite name="spec_perl_TestSwitchManualIntSizeElse_t" errors="0" failures="0" skipped="0" tests="10" time="0.051541805267334">
    <system-out>1..10
ok 1 - Equals
ok 2 - Equals
ok 3 - Equals
ok 4 - Equals
ok 5 - Equals
ok 6 - Equals
ok 7 - Equals
ok 8 - Equals
ok 9 - Equals
ok 10 - Equals
</system-out>
    <testcase name="Equals (38)" classname="spec_perl_TestSwitchManualIntSizeElse_t" time="0.000644922256469727" />
    <testcase name="Equals (39)" classname="spec_perl_TestSwitchManualIntSizeElse_t" time="0.000105857849121094" />
    <testcase name="Equals (40)" classname="spec_perl_TestSwitchManualIntSizeElse_t" time="5.91278076171875e-05" />
    <testcase name="Equals (41)" classname="spec_perl_TestSwitchManualIntSizeElse_t" time="0.00010991096496582" />
    <testcase name="Equals (42)" classname="spec_perl_TestSwitchManualIntSizeElse_t" time="0.00014495849609375" />
    <testcase name="Equals (43)" classname="spec_perl_TestSwitchManualIntSizeElse_t" time="0.000156164169311523" />
    <testcase name="Equals (44)" classname="spec_perl_TestSwitchManualIntSizeElse_t" time="0.000115871429443359" />
    <testcase name="Equals (45)" classname="spec_perl_TestSwitchManualIntSizeElse_t" time="0.00015711784362793" />
    <testcase name="Equals (46)" classname="spec_perl_TestSwitchManualIntSizeElse_t" time="0.00011897087097168" />
    <testcase name="Equals (47)" classname="spec_perl_TestSwitchManualIntSizeElse_t" time="0.000144004821777344" />
  </testsuite>
  <testsuite name="spec_perl_TestSwitchManualStrElse_t" errors="0" failures="0" skipped="0" tests="9" time="0.0471549034118652">
    <system-out>1..9
ok 1 - Equals
ok 2 - Equals
ok 3 - Equals
ok 4 - Equals
ok 5 - Equals
ok 6 - Equals
ok 7 - Equals
ok 8 - Equals
ok 9 - Equals
</system-out>
    <testcase name="Equals (48)" classname="spec_perl_TestSwitchManualStrElse_t" time="0.00033879280090332" />
    <testcase name="Equals (49)" classname="spec_perl_TestSwitchManualStrElse_t" time="8.91685485839844e-05" />
    <testcase name="Equals (50)" classname="spec_perl_TestSwitchManualStrElse_t" time="8.98838043212891e-05" />
    <testcase name="Equals (51)" classname="spec_perl_TestSwitchManualStrElse_t" time="0.000142097473144531" />
    <testcase name="Equals (52)" classname="spec_perl_TestSwitchManualStrElse_t" time="0.000174045562744141" />
    <testcase name="Equals (53)" classname="spec_perl_TestSwitchManualStrElse_t" time="0.000100851058959961" />
    <testcase name="Equals (54)" classname="spec_perl_TestSwitchManualStrElse_t" time="0.000164031982421875" />
    <testcase name="Equals (55)" classname="spec_perl_TestSwitchManualStrElse_t" time="0.000110149383544922" />
    <testcase name="Equals (56)" classname="spec_perl_TestSwitchManualStrElse_t" time="0.000149965286254883" />
  </testsuite>
  <testsuite name="spec_perl_TestTypeIntUnaryOp_t" errors="0" failures="0" skipped="0" tests="4" time="0.0429461002349854">
    <system-out>1..4
ok 1 - Equals
ok 2 - Equals
ok 3 - Equals
ok 4 - Equals
</system-out>
    <testcase name="Equals (57)" classname="spec_perl_TestTypeIntUnaryOp_t" time="0.000236988067626953" />
    <testcase name="Equals (58)" classname="spec_perl_TestTypeIntUnaryOp_t" time="8.51154327392578e-05" />
    <testcase name="Equals (59)" classname="spec_perl_TestTypeIntUnaryOp_t" time="0.000118017196655273" />
    <testcase name="Equals (60)" classname="spec_perl_TestTypeIntUnaryOp_t" time="0.000128984451293945" />
  </testsuite>
  <testsuite name="spec_perl_TestTermStrz_t" errors="0" failures="0" skipped="0" tests="3" time="0.0461080074310303">
    <system-out>1..3
ok 1 - Equals
ok 2 - Equals
ok 3 - Equals
</system-out>
    <testcase name="Equals (61)" classname="spec_perl_TestTermStrz_t" time="0.000314950942993164" />
    <testcase name="Equals (62)" classname="spec_perl_TestTermStrz_t" time="9.10758972167969e-05" />
    <testcase name="Equals (63)" classname="spec_perl_TestTermStrz_t" time="8.60691070556641e-05" />
  </testsuite>
  <testsuite name="spec_perl_TestImports0_t" errors="0" failures="0" skipped="0" tests="3" time="0.0430362224578857">
    <system-out>1..3
ok 1 - Equals
ok 2 - Equals
ok 3 - Equals
</system-out>
    <testcase name="Equals (64)" classname="spec_perl_TestImports0_t" time="0.000174045562744141" />
    <testcase name="Equals (65)" classname="spec_perl_TestImports0_t" time="8.20159912109375e-05" />
    <testcase name="Equals (66)" classname="spec_perl_TestImports0_t" time="0.00014185905456543" />
  </testsuite>
  <testsuite name="spec_perl_TestImportsAbs_t" errors="0" failures="0" skipped="0" tests="2" time="0.0427248477935791">
    <system-out>1..2
ok 1 - Equals
ok 2 - Equals
</system-out>
    <testcase name="Equals (67)" classname="spec_perl_TestImportsAbs_t" time="0.00027012825012207" />
    <testcase name="Equals (68)" classname="spec_perl_TestImportsAbs_t" time="8.17775726318359e-05" />
  </testsuite>
  <testsuite name="spec_perl_TestSwitchCast_t" errors="0" failures="0" skipped="0" tests="2" time="0.046090841293335">
    <system-out>1..2
ok 1 - Equals
ok 2 - Equals
</system-out>
    <testcase name="Equals (69)" classname="spec_perl_TestSwitchCast_t" time="0.000342130661010742" />
    <testcase name="Equals (70)" classname="spec_perl_TestSwitchCast_t" time="9.29832458496094e-05" />
  </testsuite>
  <testsuite name="spec_perl_TestCombineBool_t" errors="0" failures="0" skipped="0" tests="2" time="0.0431149005889893">
    <system-out>1..2
ok 1 - Equals
ok 2 - Equals
</system-out>
    <testcase name="Equals (71)" classname="spec_perl_TestCombineBool_t" time="0.000163078308105469" />
    <testcase name="Equals (72)" classname="spec_perl_TestCombineBool_t" time="6.60419464111328e-05" />
  </testsuite>
  <testsuite name="spec_perl_TestNavParentVsValueInst_t" errors="0" failures="0" skipped="0" tests="1" time="0.0461838245391846">
    <system-out>1..1
ok 1 - Equals
</system-out>
    <testcase name="Equals (73)" classname="spec_perl_TestNavParentVsValueInst_t" time="0.000305891036987305" />
  </testsuite>
  <testsuite name="spec_perl_TestExprSizeofValueSized_t" errors="0" failures="0" skipped="0" tests="5" time="0.043571949005127">
    <system-out>1..5
ok 1 - Equals
ok 2 - Equals
ok 3 - Equals
ok 4 - Equals
ok 5 - Equals
</system-out>
    <testcase name="Equals (74)" classname="spec_perl_TestExprSizeofValueSized_t" time="0.000504016876220703" />
    <testcase name="Equals (75)" classname="spec_perl_TestExprSizeofValueSized_t" time="9.70363616943359e-05" />
    <testcase name="Equals (76)" classname="spec_perl_TestExprSizeofValueSized_t" time="5.81741333007812e-05" />
    <testcase name="Equals (77)" classname="spec_perl_TestExprSizeofValueSized_t" time="0.000108003616333008" />
    <testcase name="Equals (78)" classname="spec_perl_TestExprSizeofValueSized_t" time="0.000142812728881836" />
  </testsuite>
  <testsuite name="spec_perl_TestBytesPadTerm_t" errors="0" failures="0" skipped="0" tests="4" time="0.0433239936828613">
    <system-out>1..4
ok 1 - Equals
ok 2 - Equals
ok 3 - Equals
ok 4 - Equals
</system-out>
    <testcase name="Equals (79)" classname="spec_perl_TestBytesPadTerm_t" time="0.000236034393310547" />
    <testcase name="Equals (80)" classname="spec_perl_TestBytesPadTerm_t" time="7.60555267333984e-05" />
    <testcase name="Equals (81)" classname="spec_perl_TestBytesPadTerm_t" time="0.000160932540893555" />
    <testcase name="Equals (82)" classname="spec_perl_TestBytesPadTerm_t" time="7.70092010498047e-05" />
  </testsuite>
  <testsuite name="spec_perl_TestExpr1_t" errors="0" failures="0" skipped="0" tests="4" time="0.0461900234222412">
    <system-out>1..4
ok 1 - Equals
ok 2 - Equals
ok 3 - Equals
ok 4 - Equals
</system-out>
    <testcase name="Equals (83)" classname="spec_perl_TestExpr1_t" time="0.000216960906982422" />
    <testcase name="Equals (84)" classname="spec_perl_TestExpr1_t" time="7.60555267333984e-05" />
    <testcase name="Equals (85)" classname="spec_perl_TestExpr1_t" time="0.000143051147460938" />
    <testcase name="Equals (86)" classname="spec_perl_TestExpr1_t" time="0.000138044357299805" />
  </testsuite>
  <testsuite name="spec_perl_TestExprBits_t" errors="0" failures="0" skipped="0" tests="10" time="0.0440449714660645">
    <system-out>1..10
ok 1 - Equals
ok 2 - Equals
ok 3 - Equals
ok 4 - Equals
ok 5 - Equals
ok 6 - Equals
ok 7 - Equals
ok 8 - Equals
ok 9 - Equals
ok 10 - Equals
</system-out>
    <testcase name="Equals (87)" classname="spec_perl_TestExprBits_t" time="0.000239133834838867" />
    <testcase name="Equals (88)" classname="spec_perl_TestExprBits_t" time="7.98702239990234e-05" />
    <testcase name="Equals (89)" classname="spec_perl_TestExprBits_t" time="0.0001220703125" />
    <testcase name="Equals (90)" classname="spec_perl_TestExprBits_t" time="0.000155925750732422" />
    <testcase name="Equals (91)" classname="spec_perl_TestExprBits_t" time="9.79900360107422e-05" />
    <testcase name="Equals (92)" classname="spec_perl_TestExprBits_t" time="0.000141143798828125" />
    <testcase name="Equals (93)" classname="spec_perl_TestExprBits_t" time="0.000113010406494141" />
    <testcase name="Equals (94)" classname="spec_perl_TestExprBits_t" time="0.000140905380249023" />
    <testcase name="Equals (95)" classname="spec_perl_TestExprBits_t" time="0.000147104263305664" />
    <testcase name="Equals (96)" classname="spec_perl_TestExprBits_t" time="0.000145912170410156" />
  </testsuite>
  <testsuite name="spec_perl_TestOpaqueExternalType_t" errors="0" failures="0" skipped="0" tests="3" time="0.0462040901184082">
    <system-out>1..3
ok 1 - Equals
ok 2 - Equals
ok 3 - Equals
</system-out>
    <testcase name="Equals (97)" classname="spec_perl_TestOpaqueExternalType_t" time="0.000342845916748047" />
    <testcase name="Equals (98)" classname="spec_perl_TestOpaqueExternalType_t" time="0.000102043151855469" />
    <testcase name="Equals (99)" classname="spec_perl_TestOpaqueExternalType_t" time="6.29425048828125e-05" />
  </testsuite>
  <testsuite name="spec_perl_TestExprBytesCmp_t" errors="0" failures="0" skipped="0" tests="10" time="0.0442948341369629">
    <system-out>1..10
ok 1 - Equals
ok 2 - Equals
ok 3 - Equals
ok 4 - Equals
ok 5 - Equals
ok 6 - Equals
ok 7 - Equals
ok 8 - Equals
ok 9 - Equals
ok 10 - Equals
</system-out>
    <testcase name="Equals (100)" classname="spec_perl_TestExprBytesCmp_t" time="0.000177860260009766" />
    <testcase name="Equals (101)" classname="spec_perl_TestExprBytesCmp_t" time="7.51018524169922e-05" />
    <testcase name="Equals (102)" classname="spec_perl_TestExprBytesCmp_t" time="0.000124931335449219" />
    <testcase name="Equals (103)" classname="spec_perl_TestExprBytesCmp_t" time="0.000127077102661133" />
    <testcase name="Equals (104)" classname="spec_perl_TestExprBytesCmp_t" time="0.000140905380249023" />
    <testcase name="Equals (105)" classname="spec_perl_TestExprBytesCmp_t" time="0.0001220703125" />
    <testcase name="Equals (106)" classname="spec_perl_TestExprBytesCmp_t" time="0.000150918960571289" />
    <testcase name="Equals (107)" classname="spec_perl_TestExprBytesCmp_t" time="0.000113964080810547" />
    <testcase name="Equals (108)" classname="spec_perl_TestExprBytesCmp_t" time="0.000178098678588867" />
    <testcase name="Equals (109)" classname="spec_perl_TestExprBytesCmp_t" time="0.000121116638183594" />
  </testsuite>
  <testsuite name="spec_perl_TestEnumOfValueInst_t" errors="0" failures="0" skipped="0" tests="4" time="0.0434668064117432">
    <system-out>1..4
ok 1 - Equals
ok 2 - Equals
ok 3 - Equals
ok 4 - Equals
</system-out>
    <testcase name="Equals (110)" classname="spec_perl_TestEnumOfValueInst_t" time="0.000165939331054688" />
    <testcase name="Equals (111)" classname="spec_perl_TestEnumOfValueInst_t" time="7.10487365722656e-05" />
    <testcase name="Equals (112)" classname="spec_perl_TestEnumOfValueInst_t" time="0.000182151794433594" />
    <testcase name="Equals (113)" classname="spec_perl_TestEnumOfValueInst_t" time="7.79628753662109e-05" />
  </testsuite>
  <testsuite name="spec_perl_TestDefaultEndianMod_t" errors="0" failures="0" skipped="0" tests="3" time="0.0430760383605957">
    <system-out>1..3
ok 1 - Equals
ok 2 - Equals
ok 3 - Equals
</system-out>
    <testcase name="Equals (114)" classname="spec_perl_TestDefaultEndianMod_t" time="0.000181913375854492" />
    <testcase name="Equals (115)" classname="spec_perl_TestDefaultEndianMod_t" time="8.20159912109375e-05" />
    <testcase name="Equals (116)" classname="spec_perl_TestDefaultEndianMod_t" time="0.000192880630493164" />
  </testsuite>
  <testsuite name="spec_perl_TestFixedContents_t" errors="1" failures="0" skipped="0" tests="0" time="0.0564119815826416">
    <system-out></system-out>
    <testcase name="Test died too soon, even before plan. (116)" classname="spec_perl_TestFixedContents_t" time="0.0564119815826416">
      <failure message="The test suite died before a plan was produced. You need to have a plan." type="Plan">No plan</failure>
    </testcase>
  </testsuite>
  <testsuite name="spec_perl_TestTypeTernaryOpaque_t" errors="0" failures="0" skipped="0" tests="3" time="0.053570032119751">
    <system-out>1..3
ok 1 - Equals
ok 2 - Equals
ok 3 - Equals
</system-out>
    <testcase name="Equals (117)" classname="spec_perl_TestTypeTernaryOpaque_t" time="0.000543832778930664" />
    <testcase name="Equals (118)" classname="spec_perl_TestTypeTernaryOpaque_t" time="9.89437103271484e-05" />
    <testcase name="Equals (119)" classname="spec_perl_TestTypeTernaryOpaque_t" time="5.7220458984375e-05" />
  </testsuite>
  <testsuite name="spec_perl_TestTsPacketHeader_t" errors="0" failures="0" skipped="0" tests="7" time="0.0432050228118896">
    <system-out>1..7
ok 1 - Equals
ok 2 - Equals
ok 3 - Equals
ok 4 - Equals
ok 5 - Equals
ok 6 - Equals
ok 7 - Equals
</system-out>
    <testcase name="Equals (120)" classname="spec_perl_TestTsPacketHeader_t" time="0.000180959701538086" />
    <testcase name="Equals (121)" classname="spec_perl_TestTsPacketHeader_t" time="6.89029693603516e-05" />
    <testcase name="Equals (122)" classname="spec_perl_TestTsPacketHeader_t" time="0.000147104263305664" />
    <testcase name="Equals (123)" classname="spec_perl_TestTsPacketHeader_t" time="0.000115871429443359" />
    <testcase name="Equals (124)" classname="spec_perl_TestTsPacketHeader_t" time="0.000156164169311523" />
    <testcase name="Equals (125)" classname="spec_perl_TestTsPacketHeader_t" time="0.00011897087097168" />
    <testcase name="Equals (126)" classname="spec_perl_TestTsPacketHeader_t" time="0.00014805793762207" />
  </testsuite>
  <testsuite name="spec_perl_TestSwitchManualIntSizeEos_t" errors="0" failures="0" skipped="0" tests="10" time="0.0475211143493652">
    <system-out>1..10
ok 1 - Equals
ok 2 - Equals
ok 3 - Equals
ok 4 - Equals
ok 5 - Equals
ok 6 - Equals
ok 7 - Equals
ok 8 - Equals
ok 9 - Equals
ok 10 - Equals
</system-out>
    <testcase name="Equals (127)" classname="spec_perl_TestSwitchManualIntSizeEos_t" time="0.000698089599609375" />
    <testcase name="Equals (128)" classname="spec_perl_TestSwitchManualIntSizeEos_t" time="0.000102043151855469" />
    <testcase name="Equals (129)" classname="spec_perl_TestSwitchManualIntSizeEos_t" time="5.88893890380859e-05" />
    <testcase name="Equals (130)" classname="spec_perl_TestSwitchManualIntSizeEos_t" time="0.000121116638183594" />
    <testcase name="Equals (131)" classname="spec_perl_TestSwitchManualIntSizeEos_t" time="0.000150918960571289" />
    <testcase name="Equals (132)" classname="spec_perl_TestSwitchManualIntSizeEos_t" time="0.000161886215209961" />
    <testcase name="Equals (133)" classname="spec_perl_TestSwitchManualIntSizeEos_t" time="0.000116109848022461" />
    <testcase name="Equals (134)" classname="spec_perl_TestSwitchManualIntSizeEos_t" time="0.000149965286254883" />
    <testcase name="Equals (135)" classname="spec_perl_TestSwitchManualIntSizeEos_t" time="0.000114917755126953" />
    <testcase name="Equals (136)" classname="spec_perl_TestSwitchManualIntSizeEos_t" time="0.000145196914672852" />
  </testsuite>
  <testsuite name="spec_perl_TestProcessCustom_t" errors="1" failures="0" skipped="0" tests="0" time="0.0446150302886963">
    <system-out></system-out>
    <testcase name="Test died too soon, even before plan. (136)" classname="spec_perl_TestProcessCustom_t" time="0.0446150302886963">
      <failure message="The test suite died before a plan was produced. You need to have a plan." type="Plan">No plan</failure>
    </testcase>
  </testsuite>
  <testsuite name="spec_perl_TestDefaultBitEndianMod_t" errors="0" failures="0" skipped="0" tests="4" time="0.0435280799865723">
    <system-out>1..4
ok 1 - Equals
ok 2 - Equals
ok 3 - Equals
ok 4 - Equals
</system-out>
    <testcase name="Equals (137)" classname="spec_perl_TestDefaultBitEndianMod_t" time="0.000269889831542969" />
    <testcase name="Equals (138)" classname="spec_perl_TestDefaultBitEndianMod_t" time="8.51154327392578e-05" />
    <testcase name="Equals (139)" classname="spec_perl_TestDefaultBitEndianMod_t" time="9.08374786376953e-05" />
    <testcase name="Equals (140)" classname="spec_perl_TestDefaultBitEndianMod_t" time="0.000178098678588867" />
  </testsuite>
  <testsuite name="spec_perl_TestOpaqueExternalType02Parent_t" errors="0" failures="0" skipped="0" tests="3" time="0.0460460186004639">
    <system-out>1..3
ok 1 - Equals
ok 2 - Equals
ok 3 - Equals
</system-out>
    <testcase name="Equals (141)" classname="spec_perl_TestOpaqueExternalType02Parent_t" time="0.000329017639160156" />
    <testcase name="Equals (142)" classname="spec_perl_TestOpaqueExternalType02Parent_t" time="9.01222229003906e-05" />
    <testcase name="Equals (143)" classname="spec_perl_TestOpaqueExternalType02Parent_t" time="8.58306884765625e-05" />
  </testsuite>
  <testsuite name="spec_perl_TestProcessCoerceSwitch_t" errors="0" failures="0" skipped="0" tests="3" time="0.0436358451843262">
    <system-out>1..3
ok 1 - Equals
ok 2 - Equals
ok 3 - Equals
</system-out>
    <testcase name="Equals (144)" classname="spec_perl_TestProcessCoerceSwitch_t" time="0.000497102737426758" />
    <testcase name="Equals (145)" classname="spec_perl_TestProcessCoerceSwitch_t" time="9.89437103271484e-05" />
    <testcase name="Equals (146)" classname="spec_perl_TestProcessCoerceSwitch_t" time="0.000102996826171875" />
  </testsuite>
  <testsuite name="spec_perl_TestRepeatUntilCalcArrayType_t" errors="0" failures="0" skipped="0" tests="7" time="0.0439231395721436">
    <system-out>1..7
ok 1 - Equals
ok 2 - Equals
ok 3 - Equals
ok 4 - Equals
ok 5 - Equals
ok 6 - Equals
ok 7 - Equals
</system-out>
    <testcase name="Equals (147)" classname="spec_perl_TestRepeatUntilCalcArrayType_t" time="0.000525236129760742" />
    <testcase name="Equals (148)" classname="spec_perl_TestRepeatUntilCalcArrayType_t" time="0.000103950500488281" />
    <testcase name="Equals (149)" classname="spec_perl_TestRepeatUntilCalcArrayType_t" time="5.79357147216797e-05" />
    <testcase name="Equals (150)" classname="spec_perl_TestRepeatUntilCalcArrayType_t" time="0.000147104263305664" />
    <testcase name="Equals (151)" classname="spec_perl_TestRepeatUntilCalcArrayType_t" time="0.000116825103759766" />
    <testcase name="Equals (152)" classname="spec_perl_TestRepeatUntilCalcArrayType_t" time="0.000146150588989258" />
    <testcase name="Equals (153)" classname="spec_perl_TestRepeatUntilCalcArrayType_t" time="0.000102996826171875" />
  </testsuite>
  <testsuite name="spec_perl_TestJsSignedRightShift_t" errors="0" failures="0" skipped="0" tests="2" time="0.0426490306854248">
    <system-out>1..2
ok 1 - Equals
ok 2 - Equals
</system-out>
    <testcase name="Equals (154)" classname="spec_perl_TestJsSignedRightShift_t" time="0.00018000602722168" />
    <testcase name="Equals (155)" classname="spec_perl_TestJsSignedRightShift_t" time="7.10487365722656e-05" />
  </testsuite>
  <testsuite name="spec_perl_TestMultipleUse_t" errors="0" failures="0" skipped="0" tests="2" time="0.0436279773712158">
    <system-out>1..2
ok 1 - Equals
ok 2 - Equals
</system-out>
    <testcase name="Equals (156)" classname="spec_perl_TestMultipleUse_t" time="0.000251054763793945" />
    <testcase name="Equals (157)" classname="spec_perl_TestMultipleUse_t" time="8.29696655273438e-05" />
  </testsuite>
  <testsuite name="spec_perl_TestProcessCoerceBytes_t" errors="0" failures="0" skipped="0" tests="4" time="0.0441410541534424">
    <system-out>1..4
ok 1 - Equals
ok 2 - Equals
ok 3 - Equals
ok 4 - Equals
</system-out>
    <testcase name="Equals (158)" classname="spec_perl_TestProcessCoerceBytes_t" time="0.000249862670898438" />
    <testcase name="Equals (159)" classname="spec_perl_TestProcessCoerceBytes_t" time="8.41617584228516e-05" />
    <testcase name="Equals (160)" classname="spec_perl_TestProcessCoerceBytes_t" time="0.000169992446899414" />
    <testcase name="Equals (161)" classname="spec_perl_TestProcessCoerceBytes_t" time="0.000102996826171875" />
  </testsuite>
  <testsuite name="spec_perl_TestSwitchManualEnumInvalidElse_t" errors="0" failures="0" skipped="0" tests="5" time="0.0466840267181396">
    <system-out>1..5
ok 1 - Equals
ok 2 - Equals
ok 3 - Equals
ok 4 - Equals
ok 5 - Equals
</system-out>
    <testcase name="Equals (162)" classname="spec_perl_TestSwitchManualEnumInvalidElse_t" time="0.000276803970336914" />
    <testcase name="Equals (163)" classname="spec_perl_TestSwitchManualEnumInvalidElse_t" time="8.91685485839844e-05" />
    <testcase name="Equals (164)" classname="spec_perl_TestSwitchManualEnumInvalidElse_t" time="7.79628753662109e-05" />
    <testcase name="Equals (165)" classname="spec_perl_TestSwitchManualEnumInvalidElse_t" time="0.000151872634887695" />
    <testcase name="Equals (166)" classname="spec_perl_TestSwitchManualEnumInvalidElse_t" time="0.000130176544189453" />
  </testsuite>
  <testsuite name="spec_perl_TestStrEos_t" errors="0" failures="0" skipped="0" tests="1" time="0.0453951358795166">
    <system-out>1..1
ok 1 - Equals
</system-out>
    <testcase name="Equals (167)" classname="spec_perl_TestStrEos_t" time="0.000254154205322266" />
  </testsuite>
  <testsuite name="spec_perl_TestCastToImported_t" errors="0" failures="0" skipped="0" tests="2" time="0.0428969860076904">
    <system-out>1..2
ok 1 - Equals
ok 2 - Equals
</system-out>
    <testcase name="Equals (168)" classname="spec_perl_TestCastToImported_t" time="0.000168085098266602" />
    <testcase name="Equals (169)" classname="spec_perl_TestCastToImported_t" time="6.60419464111328e-05" />
  </testsuite>
  <testsuite name="spec_perl_TestRepeatNStruct_t" errors="0" failures="0" skipped="0" tests="5" time="0.0430030822753906">
    <system-out>1..5
ok 1 - Equals
ok 2 - Equals
ok 3 - Equals
ok 4 - Equals
ok 5 - Equals
</system-out>
    <testcase name="Equals (170)" classname="spec_perl_TestRepeatNStruct_t" time="0.000216007232666016" />
    <testcase name="Equals (171)" classname="spec_perl_TestRepeatNStruct_t" time="7.79628753662109e-05" />
    <testcase name="Equals (172)" classname="spec_perl_TestRepeatNStruct_t" time="0.000143051147460938" />
    <testcase name="Equals (173)" classname="spec_perl_TestRepeatNStruct_t" time="0.000116825103759766" />
    <testcase name="Equals (174)" classname="spec_perl_TestRepeatNStruct_t" time="0.000141143798828125" />
  </testsuite>
  <testsuite name="spec_perl_TestFixedStruct_t" errors="1" failures="0" skipped="0" tests="0" time="0.049875020980835">
    <system-out></system-out>
    <testcase name="Test died too soon, even before plan. (174)" classname="spec_perl_TestFixedStruct_t" time="0.049875020980835">
      <failure message="The test suite died before a plan was produced. You need to have a plan." type="Plan">No plan</failure>
    </testcase>
  </testsuite>
  <testsuite name="spec_perl_TestParamsPassArrayStr_t" errors="0" failures="1" skipped="6" tests="7" time="0.0505421161651611">
    <system-out>1..7
not ok 1 - test_params_pass_array_str died (Can't use an undefined value as an ARRAY reference at spec/perl/TestParamsPassArrayStr.t line 15.)
ok 2 # skip test_params_pass_array_str died
ok 3 # skip test_params_pass_array_str died
ok 4 # skip test_params_pass_array_str died
ok 5 # skip test_params_pass_array_str died
ok 6 # skip test_params_pass_array_str died
ok 7 # skip test_params_pass_array_str died
</system-out>
    <testcase name="test_params_pass_array_str died (Can't use an undefined value as an ARRAY reference at spec/perl/TestParamsPassArrayStr.t line 15.) (174)" classname="spec_perl_TestParamsPassArrayStr_t" time="0.000318050384521484">
      <failure message="not ok 1 - test_params_pass_array_str died (Can't use an undefined value as an ARRAY reference at spec/perl/TestParamsPassArrayStr.t line 15.)" type="TAP::Parser::Result::Test"></failure>
    </testcase>
    <testcase name="Unnamed test case 174" classname="spec_perl_TestParamsPassArrayStr_t" time="0.0014958381652832">
      <skipped message="ok 2 # skip test_params_pass_array_str died" />
    </testcase>
    <testcase name="Unnamed test case 175" classname="spec_perl_TestParamsPassArrayStr_t" time="0.000100135803222656">
      <skipped message="ok 3 # skip test_params_pass_array_str died" />
    </testcase>
    <testcase name="Unnamed test case 176" classname="spec_perl_TestParamsPassArrayStr_t" time="5.29289245605469e-05">
      <skipped message="ok 4 # skip test_params_pass_array_str died" />
    </testcase>
    <testcase name="Unnamed test case 177" classname="spec_perl_TestParamsPassArrayStr_t" time="6.41345977783203e-05">
      <skipped message="ok 5 # skip test_params_pass_array_str died" />
    </testcase>
    <testcase name="Unnamed test case 178" classname="spec_perl_TestParamsPassArrayStr_t" time="0.000152826309204102">
      <skipped message="ok 6 # skip test_params_pass_array_str died" />
    </testcase>
    <testcase name="Unnamed test case 179" classname="spec_perl_TestParamsPassArrayStr_t" time="0.000108003616333008">
      <skipped message="ok 7 # skip test_params_pass_array_str died" />
    </testcase>
  </testsuite>
  <testsuite name="spec_perl_TestStrPadTermEmpty_t" errors="0" failures="0" skipped="0" tests="4" time="0.0457968711853027">
    <system-out>1..4
ok 1 - Equals
ok 2 - Equals
ok 3 - Equals
ok 4 - Equals
</system-out>
    <testcase name="Equals (179)" classname="spec_perl_TestStrPadTermEmpty_t" time="0.000336885452270508" />
    <testcase name="Equals (180)" classname="spec_perl_TestStrPadTermEmpty_t" time="8.89301300048828e-05" />
    <testcase name="Equals (181)" classname="spec_perl_TestStrPadTermEmpty_t" time="5.81741333007812e-05" />
    <testcase name="Equals (182)" classname="spec_perl_TestStrPadTermEmpty_t" time="0.000130891799926758" />
  </testsuite>
  <testsuite name="spec_perl_TestParamsPassUsertype_t" errors="0" failures="1" skipped="1" tests="2" time="0.0491161346435547">
    <system-out>1..2
not ok 1 - test_params_pass_usertype died (Can't call method &quot;foo&quot; on an undefined value at compiled/perl/ParamsPassUsertype.pm line 119.)
ok 2 # skip test_params_pass_usertype died
</system-out>
    <testcase name="test_params_pass_usertype died (Can't call method &quot;foo&quot; on an undefined value at compiled/perl/ParamsPassUsertype.pm line 119.) (182)" classname="spec_perl_TestParamsPassUsertype_t" time="0.000297784805297852">
      <failure message="not ok 1 - test_params_pass_usertype died (Can't call method &quot;foo&quot; on an undefined value at compiled/perl/ParamsPassUsertype.pm line 119.)" type="TAP::Parser::Result::Test"></failure>
    </testcase>
    <testcase name="Unnamed test case 182" classname="spec_perl_TestParamsPassUsertype_t" time="0.000425100326538086">
      <skipped message="ok 2 # skip test_params_pass_usertype died" />
    </testcase>
  </testsuite>
  <testsuite name="spec_perl_TestMetaXref_t" errors="0" failures="0" skipped="1" tests="1" time="0.0432350635528564">
    <system-out>1..1
ok 1 # skip MetaXref=HASH(0x1de1910)
</system-out>
    <testcase name="Unnamed test case 183" classname="spec_perl_TestMetaXref_t" time="0.00122594833374023">
      <skipped message="ok 1 # skip MetaXref=HASH(0x1de1910)" />
    </testcase>
  </testsuite>
  <testsuite name="spec_perl_TestIoLocalVar_t" errors="0" failures="0" skipped="0" tests="2" time="0.0431299209594727">
    <system-out>1..2
ok 1 - Equals
ok 2 - Equals
</system-out>
    <testcase name="Equals (183)" classname="spec_perl_TestIoLocalVar_t" time="0.000493049621582031" />
    <testcase name="Equals (184)" classname="spec_perl_TestIoLocalVar_t" time="9.70363616943359e-05" />
  </testsuite>
  <testsuite name="spec_perl_TestBufferedStruct_t" errors="0" failures="0" skipped="0" tests="7" time="0.0443739891052246">
    <system-out>1..7
ok 1 - Equals
ok 2 - Equals
ok 3 - Equals
ok 4 - Equals
ok 5 - Equals
ok 6 - Equals
ok 7 - Equals
</system-out>
    <testcase name="Equals (185)" classname="spec_perl_TestBufferedStruct_t" time="0.000538110733032227" />
    <testcase name="Equals (186)" classname="spec_perl_TestBufferedStruct_t" time="9.79900360107422e-05" />
    <testcase name="Equals (187)" classname="spec_perl_TestBufferedStruct_t" time="5.79357147216797e-05" />
    <testcase name="Equals (188)" classname="spec_perl_TestBufferedStruct_t" time="0.000149011611938477" />
    <testcase name="Equals (189)" classname="spec_perl_TestBufferedStruct_t" time="0.000146865844726562" />
    <testcase name="Equals (190)" classname="spec_perl_TestBufferedStruct_t" time="0.000136137008666992" />
    <testcase name="Equals (191)" classname="spec_perl_TestBufferedStruct_t" time="0.000114917755126953" />
  </testsuite>
  <testsuite name="spec_perl_TestInstanceStdArray_t" errors="0" failures="0" skipped="0" tests="7" time="0.0432021617889404">
    <system-out>1..7
ok 1 - Equals
ok 2 - Equals
ok 3 - Equals
ok 4 - Equals
ok 5 - Equals
ok 6 - Equals
ok 7 - Equals
</system-out>
    <testcase name="Equals (192)" classname="spec_perl_TestInstanceStdArray_t" time="0.000173091888427734" />
    <testcase name="Equals (193)" classname="spec_perl_TestInstanceStdArray_t" time="9.70363616943359e-05" />
    <testcase name="Equals (194)" classname="spec_perl_TestInstanceStdArray_t" time="0.000176906585693359" />
    <testcase name="Equals (195)" classname="spec_perl_TestInstanceStdArray_t" time="0.000130176544189453" />
    <testcase name="Equals (196)" classname="spec_perl_TestInstanceStdArray_t" time="0.000131845474243164" />
    <testcase name="Equals (197)" classname="spec_perl_TestInstanceStdArray_t" time="0.000136137008666992" />
    <testcase name="Equals (198)" classname="spec_perl_TestInstanceStdArray_t" time="0.000116825103759766" />
  </testsuite>
  <testsuite name="spec_perl_TestEnumLongRangeU_t" errors="0" failures="0" skipped="0" tests="4" time="0.0425319671630859">
    <system-out>1..4
ok 1 - Equals
ok 2 - Equals
ok 3 - Equals
ok 4 - Equals
</system-out>
    <testcase name="Equals (199)" classname="spec_perl_TestEnumLongRangeU_t" time="0.000203847885131836" />
    <testcase name="Equals (200)" classname="spec_perl_TestEnumLongRangeU_t" time="7.91549682617188e-05" />
    <testcase name="Equals (201)" classname="spec_perl_TestEnumLongRangeU_t" time="5.69820404052734e-05" />
    <testcase name="Equals (202)" classname="spec_perl_TestEnumLongRangeU_t" time="0.000190973281860352" />
  </testsuite>
  <testsuite name="spec_perl_TestUserType_t" errors="0" failures="0" skipped="0" tests="2" time="0.0428378582000732">
    <system-out>1..2
ok 1 - Equals
ok 2 - Equals
</system-out>
    <testcase name="Equals (203)" classname="spec_perl_TestUserType_t" time="0.00020909309387207" />
    <testcase name="Equals (204)" classname="spec_perl_TestUserType_t" time="7.20024108886719e-05" />
  </testsuite>
  <testsuite name="spec_perl_TestEosExceptionU4_t" errors="0" failures="0" skipped="0" tests="1" time="0.0447690486907959">
    <system-out>1..1
ok 1 - Died
</system-out>
    <testcase name="Died (204)" classname="spec_perl_TestEosExceptionU4_t" time="0.000448226928710938" />
  </testsuite>
  <testsuite name="spec_perl_TestDebug0_t" errors="0" failures="0" skipped="1" tests="1" time="0.0431959629058838">
    <system-out>1..1
ok 1 # skip test_debug_0
</system-out>
    <testcase name="Unnamed test case 204" classname="spec_perl_TestDebug0_t" time="0.00026702880859375">
      <skipped message="ok 1 # skip test_debug_0" />
    </testcase>
  </testsuite>
  <testsuite name="spec_perl_TestExprMod_t" errors="0" failures="0" skipped="0" tests="6" time="0.0435700416564941">
    <system-out>1..6
ok 1 - Equals
ok 2 - Equals
ok 3 - Equals
ok 4 - Equals
ok 5 - Equals
ok 6 - Equals
</system-out>
    <testcase name="Equals (205)" classname="spec_perl_TestExprMod_t" time="0.000169992446899414" />
    <testcase name="Equals (206)" classname="spec_perl_TestExprMod_t" time="7.20024108886719e-05" />
    <testcase name="Equals (207)" classname="spec_perl_TestExprMod_t" time="0.000173091888427734" />
    <testcase name="Equals (208)" classname="spec_perl_TestExprMod_t" time="7.29560852050781e-05" />
    <testcase name="Equals (209)" classname="spec_perl_TestExprMod_t" time="0.000140905380249023" />
    <testcase name="Equals (210)" classname="spec_perl_TestExprMod_t" time="0.000129938125610352" />
  </testsuite>
  <testsuite name="spec_perl_TestValidShort_t" errors="1" failures="0" skipped="0" tests="0" time="0.0431859493255615">
    <system-out></system-out>
    <testcase name="Test died too soon, even before plan. (210)" classname="spec_perl_TestValidShort_t" time="0.0431859493255615">
      <failure message="The test suite died before a plan was produced. You need to have a plan." type="Plan">No plan</failure>
    </testcase>
  </testsuite>
  <testsuite name="spec_perl_TestNavParentOverride_t" errors="0" failures="0" skipped="0" tests="3" time="0.0427229404449463">
    <system-out>1..3
ok 1 - Equals
ok 2 - Equals
ok 3 - Equals
</system-out>
    <testcase name="Equals (211)" classname="spec_perl_TestNavParentOverride_t" time="0.000260829925537109" />
    <testcase name="Equals (212)" classname="spec_perl_TestNavParentOverride_t" time="8.60691070556641e-05" />
    <testcase name="Equals (213)" classname="spec_perl_TestNavParentOverride_t" time="5.69820404052734e-05" />
  </testsuite>
  <testsuite name="spec_perl_TestImportsAbsAbs_t" errors="0" failures="0" skipped="0" tests="3" time="0.0427799224853516">
    <system-out>1..3
ok 1 - Equals
ok 2 - Equals
ok 3 - Equals
</system-out>
    <testcase name="Equals (214)" classname="spec_perl_TestImportsAbsAbs_t" time="0.000184059143066406" />
    <testcase name="Equals (215)" classname="spec_perl_TestImportsAbsAbs_t" time="7.20024108886719e-05" />
    <testcase name="Equals (216)" classname="spec_perl_TestImportsAbsAbs_t" time="0.000158071517944336" />
  </testsuite>
  <testsuite name="spec_perl_TestSwitchManualStr_t" errors="0" failures="0" skipped="0" tests="9" time="0.0467529296875">
    <system-out>1..9
ok 1 - Equals
ok 2 - Equals
ok 3 - Equals
ok 4 - Equals
ok 5 - Equals
ok 6 - Equals
ok 7 - Equals
ok 8 - Equals
ok 9 - Equals
</system-out>
    <testcase name="Equals (217)" classname="spec_perl_TestSwitchManualStr_t" time="0.000271081924438477" />
    <testcase name="Equals (218)" classname="spec_perl_TestSwitchManualStr_t" time="8.20159912109375e-05" />
    <testcase name="Equals (219)" classname="spec_perl_TestSwitchManualStr_t" time="0.000115871429443359" />
    <testcase name="Equals (220)" classname="spec_perl_TestSwitchManualStr_t" time="0.000132083892822266" />
    <testcase name="Equals (221)" classname="spec_perl_TestSwitchManualStr_t" time="0.000116109848022461" />
    <testcase name="Equals (222)" classname="spec_perl_TestSwitchManualStr_t" time="0.000149965286254883" />
    <testcase name="Equals (223)" classname="spec_perl_TestSwitchManualStr_t" time="0.000103950500488281" />
    <testcase name="Equals (224)" classname="spec_perl_TestSwitchManualStr_t" time="0.0001220703125" />
    <testcase name="Equals (225)" classname="spec_perl_TestSwitchManualStr_t" time="0.000129938125610352" />
  </testsuite>
  <testsuite name="spec_perl_TestNonStandard_t" errors="0" failures="0" skipped="0" tests="1" time="0.043410062789917">
    <system-out>1..1
ok 1 - Equals
</system-out>
    <testcase name="Equals (226)" classname="spec_perl_TestNonStandard_t" time="0.000232219696044922" />
  </testsuite>
  <testsuite name="spec_perl_TestParamsPassArrayStruct_t" errors="0" failures="1" skipped="2" tests="3" time="0.0465149879455566">
    <system-out>1..3
not ok 1 - test_params_pass_array_struct died (Can't use an undefined value as an ARRAY reference at spec/perl/TestParamsPassArrayStruct.t line 15.)
ok 2 # skip test_params_pass_array_struct died
ok 3 # skip test_params_pass_array_struct died
</system-out>
    <testcase name="test_params_pass_array_struct died (Can't use an undefined value as an ARRAY reference at spec/perl/TestParamsPassArrayStruct.t line 15.) (226)" classname="spec_perl_TestParamsPassArrayStruct_t" time="0.000278949737548828">
      <failure message="not ok 1 - test_params_pass_array_struct died (Can't use an undefined value as an ARRAY reference at spec/perl/TestParamsPassArrayStruct.t line 15.)" type="TAP::Parser::Result::Test"></failure>
    </testcase>
    <testcase name="Unnamed test case 226" classname="spec_perl_TestParamsPassArrayStruct_t" time="0.00153899192810059">
      <skipped message="ok 2 # skip test_params_pass_array_struct died" />
    </testcase>
    <testcase name="Unnamed test case 227" classname="spec_perl_TestParamsPassArrayStruct_t" time="0.00177121162414551">
      <skipped message="ok 3 # skip test_params_pass_array_struct died" />
    </testcase>
  </testsuite>
  <testsuite name="spec_perl_TestImportsCircularA_t" errors="0" failures="0" skipped="0" tests="5" time="0.0434808731079102">
    <system-out>1..5
ok 1 - Equals
ok 2 - Equals
ok 3 - Equals
ok 4 - Equals
ok 5 - nil
</system-out>
    <testcase name="Equals (227)" classname="spec_perl_TestImportsCircularA_t" time="0.000182867050170898" />
    <testcase name="Equals (228)" classname="spec_perl_TestImportsCircularA_t" time="7.20024108886719e-05" />
    <testcase name="Equals (229)" classname="spec_perl_TestImportsCircularA_t" time="0.00015711784362793" />
    <testcase name="Equals (230)" classname="spec_perl_TestImportsCircularA_t" time="0.000134944915771484" />
    <testcase name="nil (230)" classname="spec_perl_TestImportsCircularA_t" time="6.19888305664062e-05" />
  </testsuite>
  <testsuite name="spec_perl_TestRepeatUntilSized_t" errors="0" failures="0" skipped="0" tests="7" time="0.043773889541626">
    <system-out>1..7
ok 1 - Equals
ok 2 - Equals
ok 3 - Equals
ok 4 - Equals
ok 5 - Equals
ok 6 - Equals
ok 7 - Equals
</system-out>
    <testcase name="Equals (231)" classname="spec_perl_TestRepeatUntilSized_t" time="0.000488996505737305" />
    <testcase name="Equals (232)" classname="spec_perl_TestRepeatUntilSized_t" time="9.60826873779297e-05" />
    <testcase name="Equals (233)" classname="spec_perl_TestRepeatUntilSized_t" time="5.91278076171875e-05" />
    <testcase name="Equals (234)" classname="spec_perl_TestRepeatUntilSized_t" time="0.000135898590087891" />
    <testcase name="Equals (235)" classname="spec_perl_TestRepeatUntilSized_t" time="0.000123023986816406" />
    <testcase name="Equals (236)" classname="spec_perl_TestRepeatUntilSized_t" time="0.000166893005371094" />
    <testcase name="Equals (237)" classname="spec_perl_TestRepeatUntilSized_t" time="0.000114202499389648" />
  </testsuite>
  <testsuite name="spec_perl_TestExprBytesLiteral_t" errors="1" failures="0" skipped="0" tests="0" time="0.0440471172332764">
    <system-out></system-out>
    <testcase name="Test died too soon, even before plan. (237)" classname="spec_perl_TestExprBytesLiteral_t" time="0.0440471172332764">
      <failure message="The test suite died before a plan was produced. You need to have a plan." type="Plan">No plan</failure>
    </testcase>
  </testsuite>
  <testsuite name="spec_perl_TestSwitchManualIntSize_t" errors="0" failures="1" skipped="0" tests="10" time="0.0494859218597412">
    <system-out>1..10
ok 1 - Equals
ok 2 - Equals
ok 3 - Equals
ok 4 - Equals
ok 5 - Equals
not ok 6 - test switch manual int size
ok 7 - Equals
ok 8 - Equals
ok 9 - Equals
ok 10 - Equals
</system-out>
    <testcase name="Equals (238)" classname="spec_perl_TestSwitchManualIntSize_t" time="0.000608921051025391" />
    <testcase name="Equals (239)" classname="spec_perl_TestSwitchManualIntSize_t" time="9.82284545898438e-05" />
    <testcase name="Equals (240)" classname="spec_perl_TestSwitchManualIntSize_t" time="6.29425048828125e-05" />
    <testcase name="Equals (241)" classname="spec_perl_TestSwitchManualIntSize_t" time="0.000107049942016602" />
    <testcase name="Equals (242)" classname="spec_perl_TestSwitchManualIntSize_t" time="0.000138998031616211" />
    <testcase name="test switch manual int size (242)" classname="spec_perl_TestSwitchManualIntSize_t" time="0.00426578521728516">
      <failure message="not ok 6 - test switch manual int size" type="TAP::Parser::Result::Test"></failure>
    </testcase>
    <testcase name="Equals (243)" classname="spec_perl_TestSwitchManualIntSize_t" time="0.000119209289550781" />
    <testcase name="Equals (244)" classname="spec_perl_TestSwitchManualIntSize_t" time="6.4849853515625e-05" />
    <testcase name="Equals (245)" classname="spec_perl_TestSwitchManualIntSize_t" time="4.1961669921875e-05" />
    <testcase name="Equals (246)" classname="spec_perl_TestSwitchManualIntSize_t" time="3.71932983398438e-05" />
  </testsuite>
  <testsuite name="spec_perl_TestDocstringsDocref_t" errors="0" failures="0" skipped="1" tests="1" time="0.0431489944458008">
    <system-out>1..1
ok 1 # skip DocstringsDocref=HASH(0x1691a20)
</system-out>
    <testcase name="Unnamed test case 246" classname="spec_perl_TestDocstringsDocref_t" time="0.00118303298950195">
      <skipped message="ok 1 # skip DocstringsDocref=HASH(0x1691a20)" />
    </testcase>
  </testsuite>
  <testsuite name="spec_perl_TestNestedTypes3_t" errors="0" failures="0" skipped="0" tests="5" time="0.0434930324554443">
    <system-out>1..5
ok 1 - Equals
ok 2 - Equals
ok 3 - Equals
ok 4 - Equals
ok 5 - Equals
</system-out>
    <testcase name="Equals (247)" classname="spec_perl_TestNestedTypes3_t" time="0.000238895416259766" />
    <testcase name="Equals (248)" classname="spec_perl_TestNestedTypes3_t" time="7.89165496826172e-05" />
    <testcase name="Equals (249)" classname="spec_perl_TestNestedTypes3_t" time="0.000149965286254883" />
    <testcase name="Equals (250)" classname="spec_perl_TestNestedTypes3_t" time="0.000121116638183594" />
    <testcase name="Equals (251)" classname="spec_perl_TestNestedTypes3_t" time="0.000137090682983398" />
  </testsuite>
  <testsuite name="spec_perl_TestDefaultEndianExprIsLe_t" errors="0" failures="0" skipped="0" tests="12" time="0.0443110466003418">
    <system-out>1..12
ok 1 - Equals
ok 2 - Equals
ok 3 - Equals
ok 4 - Equals
ok 5 - Equals
ok 6 - Equals
ok 7 - Equals
ok 8 - Equals
ok 9 - Equals
ok 10 - Equals
ok 11 - Equals
ok 12 - Equals
</system-out>
    <testcase name="Equals (252)" classname="spec_perl_TestDefaultEndianExprIsLe_t" time="0.000272989273071289" />
    <testcase name="Equals (253)" classname="spec_perl_TestDefaultEndianExprIsLe_t" time="8.10623168945312e-05" />
    <testcase name="Equals (254)" classname="spec_perl_TestDefaultEndianExprIsLe_t" time="8.392333984375e-05" />
    <testcase name="Equals (255)" classname="spec_perl_TestDefaultEndianExprIsLe_t" time="0.00018310546875" />
    <testcase name="Equals (256)" classname="spec_perl_TestDefaultEndianExprIsLe_t" time="7.10487365722656e-05" />
    <testcase name="Equals (257)" classname="spec_perl_TestDefaultEndianExprIsLe_t" time="0.000160932540893555" />
    <testcase name="Equals (258)" classname="spec_perl_TestDefaultEndianExprIsLe_t" time="0.000103950500488281" />
    <testcase name="Equals (259)" classname="spec_perl_TestDefaultEndianExprIsLe_t" time="0.000167131423950195" />
    <testcase name="Equals (260)" classname="spec_perl_TestDefaultEndianExprIsLe_t" time="9.70363616943359e-05" />
    <testcase name="Equals (261)" classname="spec_perl_TestDefaultEndianExprIsLe_t" time="0.000165939331054688" />
    <testcase name="Equals (262)" classname="spec_perl_TestDefaultEndianExprIsLe_t" time="0.00010991096496582" />
    <testcase name="Equals (263)" classname="spec_perl_TestDefaultEndianExprIsLe_t" time="0.000169992446899414" />
  </testsuite>
  <testsuite name="spec_perl_TestEnumIf_t" errors="0" failures="0" skipped="0" tests="7" time="0.0473129749298096">
    <system-out>1..7
ok 1 - Equals
ok 2 - Equals
ok 3 - Equals
ok 4 - Equals
ok 5 - Equals
ok 6 - Equals
ok 7 - Equals
</system-out>
    <testcase name="Equals (264)" classname="spec_perl_TestEnumIf_t" time="0.000318050384521484" />
    <testcase name="Equals (265)" classname="spec_perl_TestEnumIf_t" time="9.10758972167969e-05" />
    <testcase name="Equals (266)" classname="spec_perl_TestEnumIf_t" time="6.4849853515625e-05" />
    <testcase name="Equals (267)" classname="spec_perl_TestEnumIf_t" time="0.00017094612121582" />
    <testcase name="Equals (268)" classname="spec_perl_TestEnumIf_t" time="9.51290130615234e-05" />
    <testcase name="Equals (269)" classname="spec_perl_TestEnumIf_t" time="0.000161886215209961" />
    <testcase name="Equals (270)" classname="spec_perl_TestEnumIf_t" time="0.000106096267700195" />
  </testsuite>
  <testsuite name="spec_perl_TestCombineBytes_t" errors="0" failures="0" skipped="0" tests="10" time="0.0436501502990723">
    <system-out>1..10
ok 1 - Equals
ok 2 - Equals
ok 3 - Equals
ok 4 - Equals
ok 5 - Equals
ok 6 - Equals
ok 7 - Equals
ok 8 - Equals
ok 9 - Equals
ok 10 - Equals
</system-out>
    <testcase name="Equals (271)" classname="spec_perl_TestCombineBytes_t" time="0.000275850296020508" />
    <testcase name="Equals (272)" classname="spec_perl_TestCombineBytes_t" time="0.000107049942016602" />
    <testcase name="Equals (273)" classname="spec_perl_TestCombineBytes_t" time="7.79628753662109e-05" />
    <testcase name="Equals (274)" classname="spec_perl_TestCombineBytes_t" time="0.000179052352905273" />
    <testcase name="Equals (275)" classname="spec_perl_TestCombineBytes_t" time="6.79492950439453e-05" />
    <testcase name="Equals (276)" classname="spec_perl_TestCombineBytes_t" time="0.000159025192260742" />
    <testcase name="Equals (277)" classname="spec_perl_TestCombineBytes_t" time="0.000108957290649414" />
    <testcase name="Equals (278)" classname="spec_perl_TestCombineBytes_t" time="0.000159978866577148" />
    <testcase name="Equals (279)" classname="spec_perl_TestCombineBytes_t" time="0.000102043151855469" />
    <testcase name="Equals (280)" classname="spec_perl_TestCombineBytes_t" time="0.000179052352905273" />
  </testsuite>
  <testsuite name="spec_perl_TestIntegersMinMax_t" errors="0" failures="0" skipped="0" tests="28" time="0.0538718700408936">
    <system-out>1..28
ok 1 - Equals
ok 2 - Equals
ok 3 - Equals
ok 4 - Equals
ok 5 - Equals
ok 6 - Equals
ok 7 - Equals
ok 8 - Equals
ok 9 - Equals
ok 10 - Equals
ok 11 - Equals
ok 12 - Equals
ok 13 - Equals
ok 14 - Equals
ok 15 - Equals
ok 16 - Equals
ok 17 - Equals
ok 18 - Equals
ok 19 - Equals
ok 20 - Equals
ok 21 - Equals
ok 22 - Equals
ok 23 - Equals
ok 24 - Equals
ok 25 - Equals
ok 26 - Equals
ok 27 - Equals
ok 28 - Equals
</system-out>
    <testcase name="Equals (281)" classname="spec_perl_TestIntegersMinMax_t" time="0.000308990478515625" />
    <testcase name="Equals (282)" classname="spec_perl_TestIntegersMinMax_t" time="8.48770141601562e-05" />
    <testcase name="Equals (283)" classname="spec_perl_TestIntegersMinMax_t" time="5.91278076171875e-05" />
    <testcase name="Equals (284)" classname="spec_perl_TestIntegersMinMax_t" time="0.000166893005371094" />
    <testcase name="Equals (285)" classname="spec_perl_TestIntegersMinMax_t" time="9.60826873779297e-05" />
    <testcase name="Equals (286)" classname="spec_perl_TestIntegersMinMax_t" time="0.000153064727783203" />
    <testcase name="Equals (287)" classname="spec_perl_TestIntegersMinMax_t" time="0.000113010406494141" />
    <testcase name="Equals (288)" classname="spec_perl_TestIntegersMinMax_t" time="0.000149011611938477" />
    <testcase name="Equals (289)" classname="spec_perl_TestIntegersMinMax_t" time="0.00011897087097168" />
    <testcase name="Equals (290)" classname="spec_perl_TestIntegersMinMax_t" time="0.000119924545288086" />
    <testcase name="Equals (291)" classname="spec_perl_TestIntegersMinMax_t" time="0.000121116638183594" />
    <testcase name="Equals (292)" classname="spec_perl_TestIntegersMinMax_t" time="0.000145912170410156" />
    <testcase name="Equals (293)" classname="spec_perl_TestIntegersMinMax_t" time="0.000112056732177734" />
    <testcase name="Equals (294)" classname="spec_perl_TestIntegersMinMax_t" time="0.000149965286254883" />
    <testcase name="Equals (295)" classname="spec_perl_TestIntegersMinMax_t" time="0.000107049942016602" />
    <testcase name="Equals (296)" classname="spec_perl_TestIntegersMinMax_t" time="0.000123977661132812" />
    <testcase name="Equals (297)" classname="spec_perl_TestIntegersMinMax_t" time="0.000119924545288086" />
    <testcase name="Equals (298)" classname="spec_perl_TestIntegersMinMax_t" time="0.000147104263305664" />
    <testcase name="Equals (299)" classname="spec_perl_TestIntegersMinMax_t" time="0.000113010406494141" />
    <testcase name="Equals (300)" classname="spec_perl_TestIntegersMinMax_t" time="0.00014495849609375" />
    <testcase name="Equals (301)" classname="spec_perl_TestIntegersMinMax_t" time="0.00011897087097168" />
    <testcase name="Equals (302)" classname="spec_perl_TestIntegersMinMax_t" time="0.000144004821777344" />
    <testcase name="Equals (303)" classname="spec_perl_TestIntegersMinMax_t" time="0.000124931335449219" />
    <testcase name="Equals (304)" classname="spec_perl_TestIntegersMinMax_t" time="0.000113010406494141" />
    <testcase name="Equals (305)" classname="spec_perl_TestIntegersMinMax_t" time="0.000124931335449219" />
    <testcase name="Equals (306)" classname="spec_perl_TestIntegersMinMax_t" time="0.000116109848022461" />
    <testcase name="Equals (307)" classname="spec_perl_TestIntegersMinMax_t" time="0.000119924545288086" />
    <testcase name="Equals (308)" classname="spec_perl_TestIntegersMinMax_t" time="0.000185012817382812" />
  </testsuite>
  <testsuite name="spec_perl_TestNestedTypes_t" errors="0" failures="0" skipped="0" tests="3" time="0.0441861152648926">
    <system-out>1..3
ok 1 - Equals
ok 2 - Equals
ok 3 - Equals
</system-out>
    <testcase name="Equals (309)" classname="spec_perl_TestNestedTypes_t" time="0.000240087509155273" />
    <testcase name="Equals (310)" classname="spec_perl_TestNestedTypes_t" time="8.89301300048828e-05" />
    <testcase name="Equals (311)" classname="spec_perl_TestNestedTypes_t" time="0.000106096267700195" />
  </testsuite>
  <testsuite name="spec_perl_TestPositionInSeq_t" errors="0" failures="0" skipped="0" tests="1" time="0.0426199436187744">
    <system-out>1..1
ok 1 - Equals
</system-out>
    <testcase name="Equals (312)" classname="spec_perl_TestPositionInSeq_t" time="0.000172853469848633" />
  </testsuite>
  <testsuite name="spec_perl_TestExpr3_t" errors="0" failures="0" skipped="0" tests="12" time="0.0472619533538818">
    <system-out>1..12
ok 1 - Equals
ok 2 - Equals
ok 3 - Equals
ok 4 - Equals
ok 5 - Equals
ok 6 - Equals
ok 7 - Equals
ok 8 - Equals
ok 9 - Equals
ok 10 - Equals
ok 11 - Equals
ok 12 - Equals
</system-out>
    <testcase name="Equals (313)" classname="spec_perl_TestExpr3_t" time="0.000262022018432617" />
    <testcase name="Equals (314)" classname="spec_perl_TestExpr3_t" time="8.392333984375e-05" />
    <testcase name="Equals (315)" classname="spec_perl_TestExpr3_t" time="5.88893890380859e-05" />
    <testcase name="Equals (316)" classname="spec_perl_TestExpr3_t" time="0.000152111053466797" />
    <testcase name="Equals (317)" classname="spec_perl_TestExpr3_t" time="0.000132083892822266" />
    <testcase name="Equals (318)" classname="spec_perl_TestExpr3_t" time="0.000119924545288086" />
    <testcase name="Equals (319)" classname="spec_perl_TestExpr3_t" time="0.000146865844726562" />
    <testcase name="Equals (320)" classname="spec_perl_TestExpr3_t" time="0.000115156173706055" />
    <testcase name="Equals (321)" classname="spec_perl_TestExpr3_t" time="0.000146865844726562" />
    <testcase name="Equals (322)" classname="spec_perl_TestExpr3_t" time="0.000114202499389648" />
    <testcase name="Equals (323)" classname="spec_perl_TestExpr3_t" time="0.000143766403198242" />
    <testcase name="Equals (324)" classname="spec_perl_TestExpr3_t" time="0.000123023986816406" />
  </testsuite>
  <testsuite name="spec_perl_TestProcessRepeatBytes_t" errors="0" failures="0" skipped="0" tests="2" time="0.0567209720611572">
    <system-out>1..2
ok 1 - Equals
ok 2 - Equals
</system-out>
    <testcase name="Equals (325)" classname="spec_perl_TestProcessRepeatBytes_t" time="0.000192880630493164" />
    <testcase name="Equals (326)" classname="spec_perl_TestProcessRepeatBytes_t" time="7.20024108886719e-05" />
  </testsuite>
  <testsuite name="spec_perl_TestExprBytesOps_t" errors="1" failures="0" skipped="0" tests="0" time="0.045529842376709">
    <system-out></system-out>
    <testcase name="Test died too soon, even before plan. (326)" classname="spec_perl_TestExprBytesOps_t" time="0.045529842376709">
      <failure message="The test suite died before a plan was produced. You need to have a plan." type="Plan">No plan</failure>
    </testcase>
  </testsuite>
  <testsuite name="spec_perl_TestExprIoEof_t" errors="0" failures="0" skipped="0" tests="4" time="0.0434720516204834">
    <system-out>1..4
ok 1 - Equals
ok 2 - nil
ok 3 - Equals
ok 4 - Equals
</system-out>
    <testcase name="Equals (327)" classname="spec_perl_TestExprIoEof_t" time="0.000536203384399414" />
    <testcase name="nil (327)" classname="spec_perl_TestExprIoEof_t" time="9.89437103271484e-05" />
    <testcase name="Equals (328)" classname="spec_perl_TestExprIoEof_t" time="5.69820404052734e-05" />
    <testcase name="Equals (329)" classname="spec_perl_TestExprIoEof_t" time="5.69820404052734e-05" />
  </testsuite>
  <testsuite name="spec_perl_TestExprEnum_t" errors="0" failures="0" skipped="0" tests="3" time="0.0445001125335693">
    <system-out>1..3
ok 1 - Equals
ok 2 - Equals
ok 3 - Equals
</system-out>
    <testcase name="Equals (330)" classname="spec_perl_TestExprEnum_t" time="0.00017094612121582" />
    <testcase name="Equals (331)" classname="spec_perl_TestExprEnum_t" time="7.00950622558594e-05" />
    <testcase name="Equals (332)" classname="spec_perl_TestExprEnum_t" time="0.000187873840332031" />
  </testsuite>
  <testsuite name="spec_perl_TestEnumIntRangeS_t" errors="0" failures="0" skipped="0" tests="3" time="0.0569179058074951">
    <system-out>1..3
ok 1 - Equals
ok 2 - Equals
ok 3 - Equals
</system-out>
    <testcase name="Equals (333)" classname="spec_perl_TestEnumIntRangeS_t" time="0.00017094612121582" />
    <testcase name="Equals (334)" classname="spec_perl_TestEnumIntRangeS_t" time="7.51018524169922e-05" />
    <testcase name="Equals (335)" classname="spec_perl_TestEnumIntRangeS_t" time="0.000177860260009766" />
  </testsuite>
  <testsuite name="spec_perl_TestDebugSwitchUser_t" errors="1" failures="0" skipped="0" tests="0" time="0.0567028522491455">
    <system-out></system-out>
    <testcase name="Test died too soon, even before plan. (335)" classname="spec_perl_TestDebugSwitchUser_t" time="0.0567028522491455">
      <failure message="The test suite died before a plan was produced. You need to have a plan." type="Plan">No plan</failure>
    </testcase>
  </testsuite>
  <testsuite name="spec_perl_TestEnumNegative_t" errors="0" failures="0" skipped="0" tests="2" time="0.0435090065002441">
    <system-out>1..2
ok 1 - Equals
ok 2 - Equals
</system-out>
    <testcase name="Equals (336)" classname="spec_perl_TestEnumNegative_t" time="0.000172138214111328" />
    <testcase name="Equals (337)" classname="spec_perl_TestEnumNegative_t" time="6.98566436767578e-05" />
  </testsuite>
  <testsuite name="spec_perl_TestProcessXor4Const_t" errors="0" failures="0" skipped="0" tests="2" time="0.0423681735992432">
    <system-out>1..2
ok 1 - Equals
ok 2 - Equals
</system-out>
    <testcase name="Equals (338)" classname="spec_perl_TestProcessXor4Const_t" time="0.000195026397705078" />
    <testcase name="Equals (339)" classname="spec_perl_TestProcessXor4Const_t" time="7.79628753662109e-05" />
  </testsuite>
  <testsuite name="spec_perl_TestFloatToI_t" errors="0" failures="0" skipped="0" tests="8" time="0.0437641143798828">
    <system-out>1..8
ok 1 - Equals
ok 2 - Equals
ok 3 - Equals
ok 4 - Equals
ok 5 - Equals
ok 6 - Equals
ok 7 - Equals
ok 8 - Equals
</system-out>
    <testcase name="Equals (340)" classname="spec_perl_TestFloatToI_t" time="0.000226020812988281" />
    <testcase name="Equals (341)" classname="spec_perl_TestFloatToI_t" time="7.79628753662109e-05" />
    <testcase name="Equals (342)" classname="spec_perl_TestFloatToI_t" time="0.000140905380249023" />
    <testcase name="Equals (343)" classname="spec_perl_TestFloatToI_t" time="0.000117063522338867" />
    <testcase name="Equals (344)" classname="spec_perl_TestFloatToI_t" time="0.000134944915771484" />
    <testcase name="Equals (345)" classname="spec_perl_TestFloatToI_t" time="0.0001220703125" />
    <testcase name="Equals (346)" classname="spec_perl_TestFloatToI_t" time="0.000128984451293945" />
    <testcase name="Equals (347)" classname="spec_perl_TestFloatToI_t" time="0.000144004821777344" />
  </testsuite>
  <testsuite name="spec_perl_TestExprArray_t" errors="0" failures="1" skipped="0" tests="15" time="0.0500459671020508">
    <system-out>1..15
ok 1 - Equals
ok 2 - Equals
ok 3 - Equals
ok 4 - Equals
ok 5 - Equals
ok 6 - Equals
ok 7 - Equals
ok 8 - Equals
not ok 9 - Equals
ok 10 - Equals
ok 11 - Equals
ok 12 - Equals
ok 13 - Equals
ok 14 - Equals
ok 15 - Equals
</system-out>
    <testcase name="Equals (348)" classname="spec_perl_TestExprArray_t" time="0.00033116340637207" />
    <testcase name="Equals (349)" classname="spec_perl_TestExprArray_t" time="8.98838043212891e-05" />
    <testcase name="Equals (350)" classname="spec_perl_TestExprArray_t" time="5.81741333007812e-05" />
    <testcase name="Equals (351)" classname="spec_perl_TestExprArray_t" time="0.000163793563842773" />
    <testcase name="Equals (352)" classname="spec_perl_TestExprArray_t" time="0.000118017196655273" />
    <testcase name="Equals (353)" classname="spec_perl_TestExprArray_t" time="0.000143051147460938" />
    <testcase name="Equals (354)" classname="spec_perl_TestExprArray_t" time="0.000155925750732422" />
    <testcase name="Equals (355)" classname="spec_perl_TestExprArray_t" time="0.000152111053466797" />
    <testcase name="Equals (356)" classname="spec_perl_TestExprArray_t" time="0.000201940536499023">
      <failure message="not ok 9 - Equals" type="TAP::Parser::Result::Test"></failure>
    </testcase>
    <testcase name="Equals (357)" classname="spec_perl_TestExprArray_t" time="0.00190901756286621" />
    <testcase name="Equals (358)" classname="spec_perl_TestExprArray_t" time="0.000107049942016602" />
    <testcase name="Equals (359)" classname="spec_perl_TestExprArray_t" time="0.000357866287231445" />
    <testcase name="Equals (360)" classname="spec_perl_TestExprArray_t" time="6.22272491455078e-05" />
    <testcase name="Equals (361)" classname="spec_perl_TestExprArray_t" time="3.60012054443359e-05" />
    <testcase name="Equals (362)" classname="spec_perl_TestExprArray_t" time="3.09944152832031e-05" />
  </testsuite>
  <testsuite name="spec_perl_TestExpr2_t" errors="0" failures="0" skipped="0" tests="17" time="0.0496871471405029">
    <system-out>1..17
ok 1 - Equals
ok 2 - Equals
ok 3 - Equals
ok 4 - Equals
ok 5 - Equals
ok 6 - Equals
ok 7 - Equals
ok 8 - Equals
ok 9 - Equals
ok 10 - Equals
ok 11 - Equals
ok 12 - Equals
ok 13 - Equals
ok 14 - Equals
ok 15 - Equals
ok 16 - Equals
ok 17 - Equals
</system-out>
    <testcase name="Equals (363)" classname="spec_perl_TestExpr2_t" time="0.000612020492553711" />
    <testcase name="Equals (364)" classname="spec_perl_TestExpr2_t" time="0.000106096267700195" />
    <testcase name="Equals (365)" classname="spec_perl_TestExpr2_t" time="5.69820404052734e-05" />
    <testcase name="Equals (366)" classname="spec_perl_TestExpr2_t" time="0.000129938125610352" />
    <testcase name="Equals (367)" classname="spec_perl_TestExpr2_t" time="0.000132083892822266" />
    <testcase name="Equals (368)" classname="spec_perl_TestExpr2_t" time="0.000128030776977539" />
    <testcase name="Equals (369)" classname="spec_perl_TestExpr2_t" time="0.00014495849609375" />
    <testcase name="Equals (370)" classname="spec_perl_TestExpr2_t" time="0.000191926956176758" />
    <testcase name="Equals (371)" classname="spec_perl_TestExpr2_t" time="0.000171899795532227" />
    <testcase name="Equals (372)" classname="spec_perl_TestExpr2_t" time="0.0001220703125" />
    <testcase name="Equals (373)" classname="spec_perl_TestExpr2_t" time="0.000123023986816406" />
    <testcase name="Equals (374)" classname="spec_perl_TestExpr2_t" time="0.000123977661132812" />
    <testcase name="Equals (375)" classname="spec_perl_TestExpr2_t" time="0.000153064727783203" />
    <testcase name="Equals (376)" classname="spec_perl_TestExpr2_t" time="0.000169038772583008" />
    <testcase name="Equals (377)" classname="spec_perl_TestExpr2_t" time="0.000112056732177734" />
    <testcase name="Equals (378)" classname="spec_perl_TestExpr2_t" time="0.00014495849609375" />
    <testcase name="Equals (379)" classname="spec_perl_TestExpr2_t" time="0.000116825103759766" />
  </testsuite>
  <testsuite name="spec_perl_TestIndexToParamEos_t" errors="0" failures="2" skipped="0" tests="7" time="0.0566699504852295">
    <system-out>1..7
ok 1 - Equals
ok 2 - Equals
ok 3 - Equals
ok 4 - Equals
ok 5 - Equals
not ok 6 - Equals
not ok 7 - Equals
</system-out>
    <testcase name="Equals (380)" classname="spec_perl_TestIndexToParamEos_t" time="0.0116839408874512" />
    <testcase name="Equals (381)" classname="spec_perl_TestIndexToParamEos_t" time="0.000138044357299805" />
    <testcase name="Equals (382)" classname="spec_perl_TestIndexToParamEos_t" time="5.29289245605469e-05" />
    <testcase name="Equals (383)" classname="spec_perl_TestIndexToParamEos_t" time="7.60555267333984e-05" />
    <testcase name="Equals (384)" classname="spec_perl_TestIndexToParamEos_t" time="8.29696655273438e-05" />
    <testcase name="Equals (385)" classname="spec_perl_TestIndexToParamEos_t" time="7.00950622558594e-05">
      <failure message="not ok 6 - Equals" type="TAP::Parser::Result::Test"></failure>
    </testcase>
    <testcase name="Equals (386)" classname="spec_perl_TestIndexToParamEos_t" time="7.10487365722656e-05">
      <failure message="not ok 7 - Equals" type="TAP::Parser::Result::Test"></failure>
    </testcase>
  </testsuite>
  <testsuite name="spec_perl_TestIndexSizes_t" errors="0" failures="0" skipped="0" tests="7" time="0.0465459823608398">
    <system-out>1..7
ok 1 - Equals
ok 2 - Equals
ok 3 - Equals
ok 4 - Equals
ok 5 - Equals
ok 6 - Equals
ok 7 - Equals
</system-out>
    <testcase name="Equals (387)" classname="spec_perl_TestIndexSizes_t" time="0.000257015228271484" />
    <testcase name="Equals (388)" classname="spec_perl_TestIndexSizes_t" time="8.392333984375e-05" />
    <testcase name="Equals (389)" classname="spec_perl_TestIndexSizes_t" time="0.000117063522338867" />
    <testcase name="Equals (390)" classname="spec_perl_TestIndexSizes_t" time="0.000128984451293945" />
    <testcase name="Equals (391)" classname="spec_perl_TestIndexSizes_t" time="0.000133037567138672" />
    <testcase name="Equals (392)" classname="spec_perl_TestIndexSizes_t" time="0.000123023986816406" />
    <testcase name="Equals (393)" classname="spec_perl_TestIndexSizes_t" time="0.000139951705932617" />
  </testsuite>
  <testsuite name="spec_perl_TestExprSizeofType1_t" errors="0" failures="0" skipped="0" tests="2" time="0.0435020923614502">
    <system-out>1..2
ok 1 - Equals
ok 2 - Equals
</system-out>
    <testcase name="Equals (394)" classname="spec_perl_TestExprSizeofType1_t" time="0.000243902206420898" />
    <testcase name="Equals (395)" classname="spec_perl_TestExprSizeofType1_t" time="8.20159912109375e-05" />
  </testsuite>
  <testsuite name="spec_perl_TestProcessCustomNoArgs_t" errors="1" failures="0" skipped="0" tests="0" time="0.042011022567749">
    <system-out></system-out>
    <testcase name="Test died too soon, even before plan. (395)" classname="spec_perl_TestProcessCustomNoArgs_t" time="0.042011022567749">
      <failure message="The test suite died before a plan was produced. You need to have a plan." type="Plan">No plan</failure>
    </testcase>
  </testsuite>
  <testsuite name="spec_perl_TestRepeatUntilS4_t" errors="0" failures="0" skipped="0" tests="2" time="0.045403003692627">
    <system-out>1..2
ok 1 - Equals
ok 2 - Equals
</system-out>
    <testcase name="Equals (396)" classname="spec_perl_TestRepeatUntilS4_t" time="0.000226974487304688" />
    <testcase name="Equals (397)" classname="spec_perl_TestRepeatUntilS4_t" time="7.79628753662109e-05" />
  </testsuite>
  <testsuite name="spec_perl_TestStrPadTerm_t" errors="0" failures="0" skipped="0" tests="4" time="0.046299934387207">
    <system-out>1..4
ok 1 - Equals
ok 2 - Equals
ok 3 - Equals
ok 4 - Equals
</system-out>
    <testcase name="Equals (398)" classname="spec_perl_TestStrPadTerm_t" time="0.000322818756103516" />
    <testcase name="Equals (399)" classname="spec_perl_TestStrPadTerm_t" time="9.10758972167969e-05" />
    <testcase name="Equals (400)" classname="spec_perl_TestStrPadTerm_t" time="5.79357147216797e-05" />
    <testcase name="Equals (401)" classname="spec_perl_TestStrPadTerm_t" time="0.000146150588989258" />
  </testsuite>
  <testsuite name="spec_perl_TestDocstrings_t" errors="0" failures="0" skipped="1" tests="1" time="0.0442490577697754">
    <system-out>1..1
ok 1 # skip Docstrings=HASH(0x1a48588)
</system-out>
    <testcase name="Unnamed test case 401" classname="spec_perl_TestDocstrings_t" time="0.00127506256103516">
      <skipped message="ok 1 # skip Docstrings=HASH(0x1a48588)" />
    </testcase>
  </testsuite>
  <testsuite name="spec_perl_TestProcessXorValue_t" errors="0" failures="0" skipped="0" tests="2" time="0.0425200462341309">
    <system-out>1..2
ok 1 - Equals
ok 2 - Equals
</system-out>
    <testcase name="Equals (402)" classname="spec_perl_TestProcessXorValue_t" time="0.00018000602722168" />
    <testcase name="Equals (403)" classname="spec_perl_TestProcessXorValue_t" time="6.89029693603516e-05" />
  </testsuite>
  <testsuite name="spec_perl_TestEosExceptionBytes_t" errors="0" failures="0" skipped="0" tests="1" time="0.044431209564209">
    <system-out>1..1
ok 1 - Died
</system-out>
    <testcase name="Died (403)" classname="spec_perl_TestEosExceptionBytes_t" time="0.000432014465332031" />
  </testsuite>
  <testsuite name="spec_perl_TestSwitchMultiBoolOps_t" errors="0" failures="0" skipped="0" tests="9" time="0.0437371730804443">
    <system-out>1..9
ok 1 - Equals
ok 2 - Equals
ok 3 - Equals
ok 4 - Equals
ok 5 - Equals
ok 6 - Equals
ok 7 - Equals
ok 8 - Equals
ok 9 - Equals
</system-out>
    <testcase name="Equals (404)" classname="spec_perl_TestSwitchMultiBoolOps_t" time="0.000234842300415039" />
    <testcase name="Equals (405)" classname="spec_perl_TestSwitchMultiBoolOps_t" time="8.0108642578125e-05" />
    <testcase name="Equals (406)" classname="spec_perl_TestSwitchMultiBoolOps_t" time="0.000113010406494141" />
    <testcase name="Equals (407)" classname="spec_perl_TestSwitchMultiBoolOps_t" time="0.000138044357299805" />
    <testcase name="Equals (408)" classname="spec_perl_TestSwitchMultiBoolOps_t" time="0.000114917755126953" />
    <testcase name="Equals (409)" classname="spec_perl_TestSwitchMultiBoolOps_t" time="0.000144004821777344" />
    <testcase name="Equals (410)" classname="spec_perl_TestSwitchMultiBoolOps_t" time="0.000131130218505859" />
    <testcase name="Equals (411)" classname="spec_perl_TestSwitchMultiBoolOps_t" time="0.000115871429443359" />
    <testcase name="Equals (412)" classname="spec_perl_TestSwitchMultiBoolOps_t" time="0.000144004821777344" />
  </testsuite>
  <testsuite name="spec_perl_TestProcessXorConst_t" errors="0" failures="0" skipped="0" tests="2" time="0.0427708625793457">
    <system-out>1..2
ok 1 - Equals
ok 2 - Equals
</system-out>
    <testcase name="Equals (413)" classname="spec_perl_TestProcessXorConst_t" time="0.000176906585693359" />
    <testcase name="Equals (414)" classname="spec_perl_TestProcessXorConst_t" time="7.10487365722656e-05" />
  </testsuite>
  <testsuite name="spec_perl_TestTypeTernary2ndFalsy_t" errors="0" failures="1" skipped="0" tests="13" time="0.0460679531097412">
    <system-out>1..13
ok 1 - Equals
ok 2 - Equals
ok 3 - Equals
ok 4 - Approx equals
ok 5 - Approx equals
ok 6 - Equals
ok 7 - Equals
ok 8 - Equals
ok 9 - nil
ok 10 - Equals
ok 11 - Equals
ok 12 - Equals
not ok 13 - test_type_ternary_2nd_falsy died (Can't use an undefined value as an ARRAY reference at spec/perl/TestTypeTernary2ndFalsy.t line 27.)
</system-out>
    <testcase name="Equals (415)" classname="spec_perl_TestTypeTernary2ndFalsy_t" time="0.000230073928833008" />
    <testcase name="Equals (416)" classname="spec_perl_TestTypeTernary2ndFalsy_t" time="7.79628753662109e-05" />
    <testcase name="Equals (417)" classname="spec_perl_TestTypeTernary2ndFalsy_t" time="0.000138044357299805" />
    <testcase name="Approx equals (417)" classname="spec_perl_TestTypeTernary2ndFalsy_t" time="6.89029693603516e-05" />
    <testcase name="Approx equals (418)" classname="spec_perl_TestTypeTernary2ndFalsy_t" time="5.50746917724609e-05" />
    <testcase name="Equals (418)" classname="spec_perl_TestTypeTernary2ndFalsy_t" time="0.000117063522338867" />
    <testcase name="Equals (419)" classname="spec_perl_TestTypeTernary2ndFalsy_t" time="0.000154018402099609" />
    <testcase name="Equals (420)" classname="spec_perl_TestTypeTernary2ndFalsy_t" time="0.000110864639282227" />
    <testcase name="nil (420)" classname="spec_perl_TestTypeTernary2ndFalsy_t" time="6.69956207275391e-05" />
    <testcase name="Equals (421)" classname="spec_perl_TestTypeTernary2ndFalsy_t" time="0.0001220703125" />
    <testcase name="Equals (422)" classname="spec_perl_TestTypeTernary2ndFalsy_t" time="0.00014495849609375" />
    <testcase name="Equals (423)" classname="spec_perl_TestTypeTernary2ndFalsy_t" time="0.000123023986816406" />
    <testcase name="test_type_ternary_2nd_falsy died (Can't use an undefined value as an ARRAY reference at spec/perl/TestTypeTernary2ndFalsy.t line 27.) (423)" classname="spec_perl_TestTypeTernary2ndFalsy_t" time="0.000277042388916016">
      <failure message="not ok 13 - test_type_ternary_2nd_falsy died (Can't use an undefined value as an ARRAY reference at spec/perl/TestTypeTernary2ndFalsy.t line 27.)" type="TAP::Parser::Result::Test"></failure>
    </testcase>
  </testsuite>
  <testsuite name="spec_perl_TestNavParent2_t" errors="0" failures="0" skipped="0" tests="10" time="0.0471208095550537">
    <system-out>1..10
ok 1 - Equals
ok 2 - Equals
ok 3 - Equals
ok 4 - Equals
ok 5 - Equals
ok 6 - Equals
ok 7 - Equals
ok 8 - Equals
ok 9 - Equals
ok 10 - Equals
</system-out>
    <testcase name="Equals (424)" classname="spec_perl_TestNavParent2_t" time="0.000272035598754883" />
    <testcase name="Equals (425)" classname="spec_perl_TestNavParent2_t" time="8.51154327392578e-05" />
    <testcase name="Equals (426)" classname="spec_perl_TestNavParent2_t" time="8.08238983154297e-05" />
    <testcase name="Equals (427)" classname="spec_perl_TestNavParent2_t" time="0.000149011611938477" />
    <testcase name="Equals (428)" classname="spec_perl_TestNavParent2_t" time="0.000137090682983398" />
    <testcase name="Equals (429)" classname="spec_perl_TestNavParent2_t" time="0.000174045562744141" />
    <testcase name="Equals (430)" classname="spec_perl_TestNavParent2_t" time="0.000105857849121094" />
    <testcase name="Equals (431)" classname="spec_perl_TestNavParent2_t" time="0.000147104263305664" />
    <testcase name="Equals (432)" classname="spec_perl_TestNavParent2_t" time="0.000128984451293945" />
    <testcase name="Equals (433)" classname="spec_perl_TestNavParent2_t" time="0.000159978866577148" />
  </testsuite>
  <testsuite name="spec_perl_TestBcdUserTypeLe_t" errors="0" failures="0" skipped="0" tests="6" time="0.044572114944458">
    <system-out>1..6
ok 1 - Equals
ok 2 - Equals
ok 3 - Equals
ok 4 - Equals
ok 5 - Equals
ok 6 - Equals
</system-out>
    <testcase name="Equals (434)" classname="spec_perl_TestBcdUserTypeLe_t" time="0.000558853149414062" />
    <testcase name="Equals (435)" classname="spec_perl_TestBcdUserTypeLe_t" time="9.29832458496094e-05" />
    <testcase name="Equals (436)" classname="spec_perl_TestBcdUserTypeLe_t" time="0.000135183334350586" />
    <testcase name="Equals (437)" classname="spec_perl_TestBcdUserTypeLe_t" time="0.000160932540893555" />
    <testcase name="Equals (438)" classname="spec_perl_TestBcdUserTypeLe_t" time="0.000158071517944336" />
    <testcase name="Equals (439)" classname="spec_perl_TestBcdUserTypeLe_t" time="0.000164031982421875" />
  </testsuite>
  <testsuite name="spec_perl_TestSwitchIntegers_t" errors="0" failures="0" skipped="0" tests="9" time="0.0437650680541992">
    <system-out>1..9
ok 1 - Equals
ok 2 - Equals
ok 3 - Equals
ok 4 - Equals
ok 5 - Equals
ok 6 - Equals
ok 7 - Equals
ok 8 - Equals
ok 9 - Equals
</system-out>
    <testcase name="Equals (440)" classname="spec_perl_TestSwitchIntegers_t" time="0.000243902206420898" />
    <testcase name="Equals (441)" classname="spec_perl_TestSwitchIntegers_t" time="7.89165496826172e-05" />
    <testcase name="Equals (442)" classname="spec_perl_TestSwitchIntegers_t" time="0.000120162963867188" />
    <testcase name="Equals (443)" classname="spec_perl_TestSwitchIntegers_t" time="0.000130891799926758" />
[...]
    <testcase name="Equals (757)" classname="spec_perl_TestBitsSeqEndianCombo_t" time="0.000163078308105469" />
    <testcase name="Equals (758)" classname="spec_perl_TestBitsSeqEndianCombo_t" time="9.39369201660156e-05" />
  </testsuite>
  <testsuite name="spec_perl_TestDefaultEndianExprInherited_t" errors="0" failures="0" skipped="0" tests="15" time="0.0454168319702148">
    <system-out>1..15
ok 1 - Equals
ok 2 - Equals
ok 3 - Equals
ok 4 - Equals
ok 5 - Equals
ok 6 - Equals
ok 7 - Equals
ok 8 - Equals
ok 9 - Equals
ok 10 - Equals
ok 11 - Equals
ok 12 - Equals
ok 13 - Equals
ok 14 - Equals
ok 15 - Equals
</system-out>
    <testcase name="Equals (759)" classname="spec_perl_TestDefaultEndianExprInherited_t" time="0.000365018844604492" />
    <testcase name="Equals (760)" classname="spec_perl_TestDefaultEndianExprInherited_t" time="0.000118017196655273" />
    <testcase name="Equals (761)" classname="spec_perl_TestDefaultEndianExprInherited_t" time="6.50882720947266e-05" />
    <testcase name="Equals (762)" classname="spec_perl_TestDefaultEndianExprInherited_t" time="8.10623168945312e-05" />
    <testcase name="Equals (763)" classname="spec_perl_TestDefaultEndianExprInherited_t" time="0.000194787979125977" />
    <testcase name="Equals (764)" classname="spec_perl_TestDefaultEndianExprInherited_t" time="9.01222229003906e-05" />
    <testcase name="Equals (765)" classname="spec_perl_TestDefaultEndianExprInherited_t" time="0.000175952911376953" />
    <testcase name="Equals (766)" classname="spec_perl_TestDefaultEndianExprInherited_t" time="0.000101089477539062" />
    <testcase name="Equals (767)" classname="spec_perl_TestDefaultEndianExprInherited_t" time="0.000169038772583008" />
    <testcase name="Equals (768)" classname="spec_perl_TestDefaultEndianExprInherited_t" time="0.000125885009765625" />
    <testcase name="Equals (769)" classname="spec_perl_TestDefaultEndianExprInherited_t" time="0.000124931335449219" />
    <testcase name="Equals (770)" classname="spec_perl_TestDefaultEndianExprInherited_t" time="0.000121116638183594" />
    <testcase name="Equals (771)" classname="spec_perl_TestDefaultEndianExprInherited_t" time="0.000174045562744141" />
    <testcase name="Equals (772)" classname="spec_perl_TestDefaultEndianExprInherited_t" time="0.000124931335449219" />
    <testcase name="Equals (773)" classname="spec_perl_TestDefaultEndianExprInherited_t" time="0.000171899795532227" />
  </testsuite>
  <testsuite name="spec_perl_TestValidLong_t" errors="1" failures="0" skipped="0" tests="0" time="0.0430729389190674">
    <system-out></system-out>
    <testcase name="Test died too soon, even before plan. (773)" classname="spec_perl_TestValidLong_t" time="0.0430729389190674">
      <failure message="The test suite died before a plan was produced. You need to have a plan." type="Plan">No plan</failure>
    </testcase>
  </testsuite>
  <testsuite name="spec_perl_TestValidNotParsedIf_t" errors="1" failures="0" skipped="0" tests="0" time="0.0492329597473145">
    <system-out></system-out>
    <testcase name="Test died too soon, even before plan. (774)" classname="spec_perl_TestValidNotParsedIf_t" time="0.0492329597473145">
      <failure message="The test suite died before a plan was produced. You need to have a plan." type="Plan">No plan</failure>
    </testcase>
  </testsuite>
  <testsuite name="spec_perl_TestParamsPassArrayInt_t" errors="0" failures="1" skipped="6" tests="7" time="0.0466728210449219">
    <system-out>1..7
not ok 1 - test_params_pass_array_int died (Can't use an undefined value as an ARRAY reference at spec/perl/TestParamsPassArrayInt.t line 15.)
ok 2 # skip test_params_pass_array_int died
ok 3 # skip test_params_pass_array_int died
ok 4 # skip test_params_pass_array_int died
ok 5 # skip test_params_pass_array_int died
ok 6 # skip test_params_pass_array_int died
ok 7 # skip test_params_pass_array_int died
</system-out>
    <testcase name="test_params_pass_array_int died (Can't use an undefined value as an ARRAY reference at spec/perl/TestParamsPassArrayInt.t line 15.) (774)" classname="spec_perl_TestParamsPassArrayInt_t" time="0.000142812728881836">
      <failure message="not ok 1 - test_params_pass_array_int died (Can't use an undefined value as an ARRAY reference at spec/perl/TestParamsPassArrayInt.t line 15.)" type="TAP::Parser::Result::Test"></failure>
    </testcase>
    <testcase name="Unnamed test case 774" classname="spec_perl_TestParamsPassArrayInt_t" time="5.69820404052734e-05">
      <skipped message="ok 2 # skip test_params_pass_array_int died" />
    </testcase>
    <testcase name="Unnamed test case 775" classname="spec_perl_TestParamsPassArrayInt_t" time="3.09944152832031e-05">
      <skipped message="ok 3 # skip test_params_pass_array_int died" />
    </testcase>
    <testcase name="Unnamed test case 776" classname="spec_perl_TestParamsPassArrayInt_t" time="2.71797180175781e-05">
      <skipped message="ok 4 # skip test_params_pass_array_int died" />
    </testcase>
    <testcase name="Unnamed test case 777" classname="spec_perl_TestParamsPassArrayInt_t" time="2.38418579101562e-05">
      <skipped message="ok 5 # skip test_params_pass_array_int died" />
    </testcase>
    <testcase name="Unnamed test case 778" classname="spec_perl_TestParamsPassArrayInt_t" time="2.50339508056641e-05">
      <skipped message="ok 6 # skip test_params_pass_array_int died" />
    </testcase>
    <testcase name="Unnamed test case 779" classname="spec_perl_TestParamsPassArrayInt_t" time="2.40802764892578e-05">
      <skipped message="ok 7 # skip test_params_pass_array_int died" />
    </testcase>
  </testsuite>
  <testsuite name="spec_perl_TestRepeatEosBit_t" errors="0" failures="0" skipped="0" tests="1" time="0.0423429012298584">
    <system-out>1..1
ok 1 - Equals
</system-out>
    <testcase name="Equals (779)" classname="spec_perl_TestRepeatEosBit_t" time="0.000273942947387695" />
  </testsuite>
  <testsuite name="spec_perl_TestDebugEnumName_t" errors="1" failures="0" skipped="0" tests="0" time="0.0414731502532959">
    <system-out></system-out>
    <testcase name="Test died too soon, even before plan. (779)" classname="spec_perl_TestDebugEnumName_t" time="0.0414731502532959">
      <failure message="The test suite died before a plan was produced. You need to have a plan." type="Plan">No plan</failure>
    </testcase>
  </testsuite>
  <testsuite name="spec_perl_TestProcessCoerceUsertype2_t" errors="0" failures="0" skipped="0" tests="4" time="0.043828010559082">
    <system-out>1..4
ok 1 - Equals
ok 2 - Equals
ok 3 - Equals
ok 4 - Equals
</system-out>
    <testcase name="Equals (780)" classname="spec_perl_TestProcessCoerceUsertype2_t" time="0.000548124313354492" />
    <testcase name="Equals (781)" classname="spec_perl_TestProcessCoerceUsertype2_t" time="9.98973846435547e-05" />
    <testcase name="Equals (782)" classname="spec_perl_TestProcessCoerceUsertype2_t" time="5.79357147216797e-05" />
    <testcase name="Equals (783)" classname="spec_perl_TestProcessCoerceUsertype2_t" time="0.000150203704833984" />
  </testsuite>
  <testsuite name="spec_perl_TestExprCalcArrayOps_t" errors="0" failures="1" skipped="17" tests="18" time="0.0599431991577148">
    <system-out>1..18
not ok 1 - test_expr_calc_array_ops died (Can't use string (&quot;1000&quot;) as an ARRAY ref while &quot;strict refs&quot; in use at compiled/perl/ExprCalcArrayOps.pm line 50.)
ok 2 # skip test_expr_calc_array_ops died
ok 3 # skip test_expr_calc_array_ops died
ok 4 # skip test_expr_calc_array_ops died
ok 5 # skip test_expr_calc_array_ops died
ok 6 # skip test_expr_calc_array_ops died
ok 7 # skip test_expr_calc_array_ops died
ok 8 # skip test_expr_calc_array_ops died
ok 9 # skip test_expr_calc_array_ops died
ok 10 # skip test_expr_calc_array_ops died
ok 11 # skip test_expr_calc_array_ops died
ok 12 # skip test_expr_calc_array_ops died
ok 13 # skip test_expr_calc_array_ops died
ok 14 # skip test_expr_calc_array_ops died
ok 15 # skip test_expr_calc_array_ops died
ok 16 # skip test_expr_calc_array_ops died
ok 17 # skip test_expr_calc_array_ops died
ok 18 # skip test_expr_calc_array_ops died
</system-out>
    <testcase name="test_expr_calc_array_ops died (Can't use string (&quot;1000&quot;) as an ARRAY ref while &quot;strict refs&quot; in use at compiled/perl/ExprCalcArrayOps.pm line 50.) (783)" classname="spec_perl_TestExprCalcArrayOps_t" time="0.000185012817382812">
      <failure message="not ok 1 - test_expr_calc_array_ops died (Can't use string (&quot;1000&quot;) as an ARRAY ref while &quot;strict refs&quot; in use at compiled/perl/ExprCalcArrayOps.pm line 50.)" type="TAP::Parser::Result::Test"></failure>
    </testcase>
    <testcase name="Unnamed test case 783" classname="spec_perl_TestExprCalcArrayOps_t" time="8.82148742675781e-05">
      <skipped message="ok 2 # skip test_expr_calc_array_ops died" />
    </testcase>
    <testcase name="Unnamed test case 784" classname="spec_perl_TestExprCalcArrayOps_t" time="5.48362731933594e-05">
      <skipped message="ok 3 # skip test_expr_calc_array_ops died" />
    </testcase>
    <testcase name="Unnamed test case 785" classname="spec_perl_TestExprCalcArrayOps_t" time="5.00679016113281e-05">
      <skipped message="ok 4 # skip test_expr_calc_array_ops died" />
    </testcase>
    <testcase name="Unnamed test case 786" classname="spec_perl_TestExprCalcArrayOps_t" time="5.38825988769531e-05">
      <skipped message="ok 5 # skip test_expr_calc_array_ops died" />
    </testcase>
    <testcase name="Unnamed test case 787" classname="spec_perl_TestExprCalcArrayOps_t" time="4.72068786621094e-05">
      <skipped message="ok 6 # skip test_expr_calc_array_ops died" />
    </testcase>
    <testcase name="Unnamed test case 788" classname="spec_perl_TestExprCalcArrayOps_t" time="5.19752502441406e-05">
      <skipped message="ok 7 # skip test_expr_calc_array_ops died" />
    </testcase>
    <testcase name="Unnamed test case 789" classname="spec_perl_TestExprCalcArrayOps_t" time="4.69684600830078e-05">
      <skipped message="ok 8 # skip test_expr_calc_array_ops died" />
    </testcase>
    <testcase name="Unnamed test case 790" classname="spec_perl_TestExprCalcArrayOps_t" time="7.10487365722656e-05">
      <skipped message="ok 9 # skip test_expr_calc_array_ops died" />
    </testcase>
    <testcase name="Unnamed test case 791" classname="spec_perl_TestExprCalcArrayOps_t" time="4.60147857666016e-05">
      <skipped message="ok 10 # skip test_expr_calc_array_ops died" />
    </testcase>
    <testcase name="Unnamed test case 792" classname="spec_perl_TestExprCalcArrayOps_t" time="4.48226928710938e-05">
      <skipped message="ok 11 # skip test_expr_calc_array_ops died" />
    </testcase>
    <testcase name="Unnamed test case 793" classname="spec_perl_TestExprCalcArrayOps_t" time="5.19752502441406e-05">
      <skipped message="ok 12 # skip test_expr_calc_array_ops died" />
    </testcase>
    <testcase name="Unnamed test case 794" classname="spec_perl_TestExprCalcArrayOps_t" time="4.50611114501953e-05">
      <skipped message="ok 13 # skip test_expr_calc_array_ops died" />
    </testcase>
    <testcase name="Unnamed test case 795" classname="spec_perl_TestExprCalcArrayOps_t" time="6.50882720947266e-05">
      <skipped message="ok 14 # skip test_expr_calc_array_ops died" />
    </testcase>
    <testcase name="Unnamed test case 796" classname="spec_perl_TestExprCalcArrayOps_t" time="4.60147857666016e-05">
      <skipped message="ok 15 # skip test_expr_calc_array_ops died" />
    </testcase>
    <testcase name="Unnamed test case 797" classname="spec_perl_TestExprCalcArrayOps_t" time="5.79357147216797e-05">
      <skipped message="ok 16 # skip test_expr_calc_array_ops died" />
    </testcase>
    <testcase name="Unnamed test case 798" classname="spec_perl_TestExprCalcArrayOps_t" time="0.00927400588989258">
      <skipped message="ok 17 # skip test_expr_calc_array_ops died" />
    </testcase>
    <testcase name="Unnamed test case 799" classname="spec_perl_TestExprCalcArrayOps_t" time="8.10623168945312e-05">
      <skipped message="ok 18 # skip test_expr_calc_array_ops died" />
    </testcase>
  </testsuite>
  <testsuite name="spec_perl_TestIndexToParamUntil_t" errors="0" failures="2" skipped="0" tests="7" time="0.0660049915313721">
    <system-out>1..7
ok 1 - Equals
ok 2 - Equals
ok 3 - Equals
ok 4 - Equals
ok 5 - Equals
not ok 6 - Equals
not ok 7 - Equals
</system-out>
    <testcase name="Equals (799)" classname="spec_perl_TestIndexToParamUntil_t" time="0.00709295272827148" />
    <testcase name="Equals (800)" classname="spec_perl_TestIndexToParamUntil_t" time="0.000115871429443359" />
    <testcase name="Equals (801)" classname="spec_perl_TestIndexToParamUntil_t" time="5.60283660888672e-05" />
    <testcase name="Equals (802)" classname="spec_perl_TestIndexToParamUntil_t" time="6.103515625e-05" />
    <testcase name="Equals (803)" classname="spec_perl_TestIndexToParamUntil_t" time="0.000178098678588867" />
    <testcase name="Equals (804)" classname="spec_perl_TestIndexToParamUntil_t" time="0.000191926956176758">
      <failure message="not ok 6 - Equals" type="TAP::Parser::Result::Test"></failure>
    </testcase>
    <testcase name="Equals (805)" classname="spec_perl_TestIndexToParamUntil_t" time="0.00218296051025391">
      <failure message="not ok 7 - Equals" type="TAP::Parser::Result::Test"></failure>
    </testcase>
  </testsuite>
  <testsuite name="spec_perl_TestStrEncodings_t" errors="0" failures="0" skipped="0" tests="4" time="0.0686290264129639">
    <system-out>1..4
ok 1 - Equals
ok 2 - Equals
ok 3 - Equals
ok 4 - Equals
</system-out>
    <testcase name="Equals (806)" classname="spec_perl_TestStrEncodings_t" time="0.023123025894165" />
    <testcase name="Equals (807)" classname="spec_perl_TestStrEncodings_t" time="0.000124931335449219" />
    <testcase name="Equals (808)" classname="spec_perl_TestStrEncodings_t" time="6.103515625e-05" />
    <testcase name="Equals (809)" classname="spec_perl_TestStrEncodings_t" time="0.000140905380249023" />
  </testsuite>
  <testsuite name="spec_perl_TestParamsEnum_t" errors="0" failures="1" skipped="0" tests="2" time="0.0464279651641846">
    <system-out>1..2
ok 1 - Equals
not ok 2 - Equals
</system-out>
    <testcase name="Equals (810)" classname="spec_perl_TestParamsEnum_t" time="0.00018000602722168" />
    <testcase name="Equals (811)" classname="spec_perl_TestParamsEnum_t" time="0.000716924667358398">
      <failure message="not ok 2 - Equals" type="TAP::Parser::Result::Test"></failure>
    </testcase>
  </testsuite>
  <testsuite name="spec_perl_TestNestedTypeParam_t" errors="0" failures="2" skipped="0" tests="2" time="0.0534598827362061">
    <system-out>1..2
not ok 1 - Equals
not ok 2 - Equals
</system-out>
    <testcase name="Equals (812)" classname="spec_perl_TestNestedTypeParam_t" time="0.00282907485961914">
      <failure message="not ok 1 - Equals" type="TAP::Parser::Result::Test"></failure>
    </testcase>
    <testcase name="Equals (813)" classname="spec_perl_TestNestedTypeParam_t" time="9.89437103271484e-05">
      <failure message="not ok 2 - Equals" type="TAP::Parser::Result::Test"></failure>
    </testcase>
  </testsuite>
  <testsuite name="spec_perl_TestNavRoot_t" errors="0" failures="0" skipped="0" tests="5" time="0.0471360683441162">
    <system-out>1..5
ok 1 - Equals
ok 2 - Equals
ok 3 - Equals
ok 4 - Equals
ok 5 - Equals
</system-out>
    <testcase name="Equals (814)" classname="spec_perl_TestNavRoot_t" time="0.000342130661010742" />
    <testcase name="Equals (815)" classname="spec_perl_TestNavRoot_t" time="9.10758972167969e-05" />
    <testcase name="Equals (816)" classname="spec_perl_TestNavRoot_t" time="7.79628753662109e-05" />
    <testcase name="Equals (817)" classname="spec_perl_TestNavRoot_t" time="0.000165939331054688" />
    <testcase name="Equals (818)" classname="spec_perl_TestNavRoot_t" time="9.48905944824219e-05" />
  </testsuite>
  <testsuite name="spec_perl_TestMetaTags_t" errors="0" failures="0" skipped="1" tests="1" time="0.0432670116424561">
    <system-out>1..1
ok 1 # skip MetaTags=HASH(0x2aaa3c8)
</system-out>
    <testcase name="Unnamed test case 818" classname="spec_perl_TestMetaTags_t" time="0.00124406814575195">
      <skipped message="ok 1 # skip MetaTags=HASH(0x2aaa3c8)" />
    </testcase>
  </testsuite>
  <testsuite name="spec_perl_TestExprStrOps_t" errors="1" failures="0" skipped="0" tests="0" time="0.041733980178833">
    <system-out></system-out>
    <testcase name="Test died too soon, even before plan. (818)" classname="spec_perl_TestExprStrOps_t" time="0.041733980178833">
      <failure message="The test suite died before a plan was produced. You need to have a plan." type="Plan">No plan</failure>
    </testcase>
  </testsuite>
  <testsuite name="spec_perl_TestProcessRepeatUsertype_t" errors="0" failures="0" skipped="0" tests="4" time="0.0437748432159424">
    <system-out>1..4
ok 1 - Equals
ok 2 - Equals
ok 3 - Equals
ok 4 - Equals
</system-out>
    <testcase name="Equals (819)" classname="spec_perl_TestProcessRepeatUsertype_t" time="0.000555992126464844" />
    <testcase name="Equals (820)" classname="spec_perl_TestProcessRepeatUsertype_t" time="9.89437103271484e-05" />
    <testcase name="Equals (821)" classname="spec_perl_TestProcessRepeatUsertype_t" time="0.000128984451293945" />
    <testcase name="Equals (822)" classname="spec_perl_TestProcessRepeatUsertype_t" time="9.70363616943359e-05" />
  </testsuite>
  <testsuite name="spec_perl_TestIfInstances_t" errors="0" failures="0" skipped="0" tests="1" time="0.0422160625457764">
    <system-out>1..1
ok 1 - nil
</system-out>
    <testcase name="nil (822)" classname="spec_perl_TestIfInstances_t" time="0.000171899795532227" />
  </testsuite>
  <testsuite name="spec_perl_TestNavParent_t" errors="0" failures="0" skipped="0" tests="5" time="0.0468549728393555">
    <system-out>1..5
ok 1 - Equals
ok 2 - Equals
ok 3 - Equals
ok 4 - Equals
ok 5 - Equals
</system-out>
    <testcase name="Equals (823)" classname="spec_perl_TestNavParent_t" time="0.000343084335327148" />
    <testcase name="Equals (824)" classname="spec_perl_TestNavParent_t" time="8.89301300048828e-05" />
    <testcase name="Equals (825)" classname="spec_perl_TestNavParent_t" time="7.79628753662109e-05" />
    <testcase name="Equals (826)" classname="spec_perl_TestNavParent_t" time="0.000211954116821289" />
    <testcase name="Equals (827)" classname="spec_perl_TestNavParent_t" time="0.000107049942016602" />
  </testsuite>
  <testsuite name="spec_perl_TestEnum0_t" errors="0" failures="0" skipped="0" tests="2" time="0.0428512096405029">
    <system-out>1..2
ok 1 - Equals
ok 2 - Equals
</system-out>
    <testcase name="Equals (828)" classname="spec_perl_TestEnum0_t" time="0.000190973281860352" />
    <testcase name="Equals (829)" classname="spec_perl_TestEnum0_t" time="7.39097595214844e-05" />
  </testsuite>
  <testsuite name="spec_perl_TestImportsAbsRel_t" errors="0" failures="0" skipped="0" tests="3" time="0.0429859161376953">
    <system-out>1..3
ok 1 - Equals
ok 2 - Equals
ok 3 - Equals
</system-out>
    <testcase name="Equals (830)" classname="spec_perl_TestImportsAbsRel_t" time="0.000205039978027344" />
    <testcase name="Equals (831)" classname="spec_perl_TestImportsAbsRel_t" time="7.79628753662109e-05" />
    <testcase name="Equals (832)" classname="spec_perl_TestImportsAbsRel_t" time="0.00015711784362793" />
  </testsuite>
  <testsuite name="spec_perl_TestImportsRel1_t" errors="0" failures="0" skipped="0" tests="3" time="0.043025016784668">
    <system-out>1..3
ok 1 - Equals
ok 2 - Equals
ok 3 - Equals
</system-out>
    <testcase name="Equals (833)" classname="spec_perl_TestImportsRel1_t" time="0.000268936157226562" />
    <testcase name="Equals (834)" classname="spec_perl_TestImportsRel1_t" time="0.0001220703125" />
    <testcase name="Equals (835)" classname="spec_perl_TestImportsRel1_t" time="0.000135898590087891" />
  </testsuite>
</testsuites>
