<?xml version='1.0' encoding='utf-8'?>
<testsuites>
  <testsuite name="spec_perl_TestValidEqStrEncodings_t" errors="0" failures="0" skipped="1" tests="1" time="0.0581121444702148">
    <system-out>1..1
ok 1 # skip ValidEqStrEncodings=HASH(0x55af52a92858)
</system-out>
    <testcase name="Unnamed test case 1" classname="spec_perl_TestValidEqStrEncodings_t" time="0.00387215614318848">
      <skipped message="ok 1 # skip ValidEqStrEncodings=HASH(0x55af52a92858)" />
    </testcase>
  </testsuite>
  <testsuite name="spec_perl_TestDebugArrayUserCurrentExcluded_t" errors="0" failures="0" skipped="0" tests="3" time="0.0514941215515137">
    <system-out>1..3
ok 1 - Equals
ok 2 - Equals
ok 3 - Equals
</system-out>
    <testcase name="Equals" classname="spec_perl_TestDebugArrayUserCurrentExcluded_t" time="0.000179052352905273" />
    <testcase name="Equals (2)" classname="spec_perl_TestDebugArrayUserCurrentExcluded_t" time="7.79628753662109e-05" />
    <testcase name="Equals (3)" classname="spec_perl_TestDebugArrayUserCurrentExcluded_t" time="9.79900360107422e-05" />
  </testsuite>
  <testsuite name="spec_perl_TestNestedTypesImport_t" errors="0" failures="0" skipped="0" tests="11" time="0.0527060031890869">
    <system-out>1..11
ok 1 - Equals
ok 2 - Equals
ok 3 - Equals
ok 4 - Equals
ok 5 - Equals
ok 6 - nil
ok 7 - nil
ok 8 - nil
ok 9 - nil
ok 10 - nil
ok 11 - nil
</system-out>
    <testcase name="Equals (4)" classname="spec_perl_TestNestedTypesImport_t" time="0.000192165374755859" />
    <testcase name="Equals (5)" classname="spec_perl_TestNestedTypesImport_t" time="6.79492950439453e-05" />
    <testcase name="Equals (6)" classname="spec_perl_TestNestedTypesImport_t" time="9.60826873779297e-05" />
    <testcase name="Equals (7)" classname="spec_perl_TestNestedTypesImport_t" time="8.79764556884766e-05" />
    <testcase name="Equals (8)" classname="spec_perl_TestNestedTypesImport_t" time="0.000113010406494141" />
    <testcase name="nil (8)" classname="spec_perl_TestNestedTypesImport_t" time="4.38690185546875e-05" />
    <testcase name="nil (9)" classname="spec_perl_TestNestedTypesImport_t" time="3.91006469726562e-05" />
    <testcase name="nil (10)" classname="spec_perl_TestNestedTypesImport_t" time="3.60012054443359e-05" />
    <testcase name="nil (11)" classname="spec_perl_TestNestedTypesImport_t" time="3.38554382324219e-05" />
    <testcase name="nil (12)" classname="spec_perl_TestNestedTypesImport_t" time="3.40938568115234e-05" />
    <testcase name="nil (13)" classname="spec_perl_TestNestedTypesImport_t" time="7.60555267333984e-05" />
  </testsuite>
  <testsuite name="spec_perl_TestBitsUnalignedB64Be_t" errors="0" failures="0" skipped="0" tests="3" time="0.051063060760498">
    <system-out>1..3
ok 1 - Equals
ok 2 - Equals
ok 3 - Equals
</system-out>
    <testcase name="Equals (13)" classname="spec_perl_TestBitsUnalignedB64Be_t" time="0.000167131423950195" />
    <testcase name="Equals (14)" classname="spec_perl_TestBitsUnalignedB64Be_t" time="8.79764556884766e-05" />
    <testcase name="Equals (15)" classname="spec_perl_TestBitsUnalignedB64Be_t" time="9.20295715332031e-05" />
  </testsuite>
  <testsuite name="spec_perl_TestEnum1_t" errors="0" failures="0" skipped="0" tests="2" time="0.0513648986816406">
    <system-out>1..2
ok 1 - Equals
ok 2 - Equals
</system-out>
    <testcase name="Equals (16)" classname="spec_perl_TestEnum1_t" time="0.000187873840332031" />
    <testcase name="Equals (17)" classname="spec_perl_TestEnum1_t" time="6.103515625e-05" />
  </testsuite>
  <testsuite name="spec_perl_TestValidOptionalId_t" errors="0" failures="0" skipped="1" tests="1" time="0.0517578125">
    <system-out>1..1
ok 1 # skip ValidOptionalId=HASH(0x5618a311e7f8)
</system-out>
    <testcase name="Unnamed test case 17" classname="spec_perl_TestValidOptionalId_t" time="0.000912904739379883">
      <skipped message="ok 1 # skip ValidOptionalId=HASH(0x5618a311e7f8)" />
    </testcase>
  </testsuite>
  <testsuite name="spec_perl_TestDefaultEndianExprIsBe_t" errors="0" failures="0" skipped="0" tests="18" time="0.0529880523681641">
    <system-out>1..18
ok 1 - Equals
ok 2 - Equals
ok 3 - Equals
ok 4 - Equals
ok 5 - Equals
ok 6 - Equals
ok 7 - Equals
ok 8 - Equals
ok 9 - Equals
ok 10 - Equals
ok 11 - Equals
ok 12 - Equals
ok 13 - Equals
ok 14 - Equals
ok 15 - Equals
ok 16 - Equals
ok 17 - Equals
ok 18 - Equals
</system-out>
    <testcase name="Equals (18)" classname="spec_perl_TestDefaultEndianExprIsBe_t" time="0.000201940536499023" />
    <testcase name="Equals (19)" classname="spec_perl_TestDefaultEndianExprIsBe_t" time="6.00814819335938e-05" />
    <testcase name="Equals (20)" classname="spec_perl_TestDefaultEndianExprIsBe_t" time="0.000107049942016602" />
    <testcase name="Equals (21)" classname="spec_perl_TestDefaultEndianExprIsBe_t" time="9.20295715332031e-05" />
    <testcase name="Equals (22)" classname="spec_perl_TestDefaultEndianExprIsBe_t" time="0.000111818313598633" />
    <testcase name="Equals (23)" classname="spec_perl_TestDefaultEndianExprIsBe_t" time="0.000115156173706055" />
    <testcase name="Equals (24)" classname="spec_perl_TestDefaultEndianExprIsBe_t" time="9.58442687988281e-05" />
    <testcase name="Equals (25)" classname="spec_perl_TestDefaultEndianExprIsBe_t" time="0.000123977661132812" />
    <testcase name="Equals (26)" classname="spec_perl_TestDefaultEndianExprIsBe_t" time="9.29832458496094e-05" />
    <testcase name="Equals (27)" classname="spec_perl_TestDefaultEndianExprIsBe_t" time="8.91685485839844e-05" />
    <testcase name="Equals (28)" classname="spec_perl_TestDefaultEndianExprIsBe_t" time="0.000102996826171875" />
    <testcase name="Equals (29)" classname="spec_perl_TestDefaultEndianExprIsBe_t" time="0.000108003616333008" />
    <testcase name="Equals (30)" classname="spec_perl_TestDefaultEndianExprIsBe_t" time="9.29832458496094e-05" />
    <testcase name="Equals (31)" classname="spec_perl_TestDefaultEndianExprIsBe_t" time="8.48770141601562e-05" />
    <testcase name="Equals (32)" classname="spec_perl_TestDefaultEndianExprIsBe_t" time="9.29832458496094e-05" />
    <testcase name="Equals (33)" classname="spec_perl_TestDefaultEndianExprIsBe_t" time="9.20295715332031e-05" />
    <testcase name="Equals (34)" classname="spec_perl_TestDefaultEndianExprIsBe_t" time="0.000100135803222656" />
    <testcase name="Equals (35)" classname="spec_perl_TestDefaultEndianExprIsBe_t" time="0.000139951705932617" />
  </testsuite>
  <testsuite name="spec_perl_TestNameClashImportVsInst_t" errors="0" failures="0" skipped="0" tests="2" time="0.0510141849517822">
    <system-out>1..2
ok 1 - Equals
ok 2 - Equals
</system-out>
    <testcase name="Equals (36)" classname="spec_perl_TestNameClashImportVsInst_t" time="0.000230789184570312" />
    <testcase name="Equals (37)" classname="spec_perl_TestNameClashImportVsInst_t" time="6.31809234619141e-05" />
  </testsuite>
  <testsuite name="spec_perl_TestIntegers_t" errors="0" failures="0" skipped="0" tests="20" time="0.0533208847045898">
    <system-out>1..20
ok 1 - Equals
ok 2 - Equals
ok 3 - Equals
ok 4 - Equals
ok 5 - Equals
ok 6 - Equals
ok 7 - Equals
ok 8 - Equals
ok 9 - Equals
ok 10 - Equals
ok 11 - Equals
ok 12 - Equals
ok 13 - Equals
ok 14 - Equals
ok 15 - Equals
ok 16 - Equals
ok 17 - Equals
ok 18 - Equals
ok 19 - Equals
ok 20 - Equals
</system-out>
    <testcase name="Equals (38)" classname="spec_perl_TestIntegers_t" time="0.000265836715698242" />
    <testcase name="Equals (39)" classname="spec_perl_TestIntegers_t" time="6.69956207275391e-05" />
    <testcase name="Equals (40)" classname="spec_perl_TestIntegers_t" time="7.82012939453125e-05" />
    <testcase name="Equals (41)" classname="spec_perl_TestIntegers_t" time="0.000108957290649414" />
    <testcase name="Equals (42)" classname="spec_perl_TestIntegers_t" time="8.58306884765625e-05" />
    <testcase name="Equals (43)" classname="spec_perl_TestIntegers_t" time="0.000107049942016602" />
    <testcase name="Equals (44)" classname="spec_perl_TestIntegers_t" time="0.000101089477539062" />
    <testcase name="Equals (45)" classname="spec_perl_TestIntegers_t" time="8.48770141601562e-05" />
    <testcase name="Equals (46)" classname="spec_perl_TestIntegers_t" time="8.79764556884766e-05" />
    <testcase name="Equals (47)" classname="spec_perl_TestIntegers_t" time="9.918212890625e-05" />
    <testcase name="Equals (48)" classname="spec_perl_TestIntegers_t" time="0.000114917755126953" />
    <testcase name="Equals (49)" classname="spec_perl_TestIntegers_t" time="9.29832458496094e-05" />
    <testcase name="Equals (50)" classname="spec_perl_TestIntegers_t" time="8.51154327392578e-05" />
    <testcase name="Equals (51)" classname="spec_perl_TestIntegers_t" time="8.29696655273438e-05" />
    <testcase name="Equals (52)" classname="spec_perl_TestIntegers_t" time="9.89437103271484e-05" />
    <testcase name="Equals (53)" classname="spec_perl_TestIntegers_t" time="9.29832458496094e-05" />
    <testcase name="Equals (54)" classname="spec_perl_TestIntegers_t" time="8.89301300048828e-05" />
    <testcase name="Equals (55)" classname="spec_perl_TestIntegers_t" time="9.41753387451172e-05" />
    <testcase name="Equals (56)" classname="spec_perl_TestIntegers_t" time="8.392333984375e-05" />
    <testcase name="Equals (57)" classname="spec_perl_TestIntegers_t" time="8.79764556884766e-05" />
  </testsuite>
  <testsuite name="spec_perl_TestSwitchManualIntSize_t" errors="0" failures="0" skipped="0" tests="10" time="0.0593841075897217">
    <system-out>1..10
ok 1 - Equals
ok 2 - Equals
ok 3 - Equals
ok 4 - Equals
ok 5 - Equals
ok 6 - Equals
ok 7 - Equals
ok 8 - Equals
ok 9 - Equals
ok 10 - Equals
</system-out>
    <testcase name="Equals (58)" classname="spec_perl_TestSwitchManualIntSize_t" time="0.00056004524230957" />
    <testcase name="Equals (59)" classname="spec_perl_TestSwitchManualIntSize_t" time="7.00950622558594e-05" />
    <testcase name="Equals (60)" classname="spec_perl_TestSwitchManualIntSize_t" time="0.000113010406494141" />
    <testcase name="Equals (61)" classname="spec_perl_TestSwitchManualIntSize_t" time="0.000101804733276367" />
    <testcase name="Equals (62)" classname="spec_perl_TestSwitchManualIntSize_t" time="9.20295715332031e-05" />
    <testcase name="Equals (63)" classname="spec_perl_TestSwitchManualIntSize_t" time="0.000151157379150391" />
    <testcase name="Equals (64)" classname="spec_perl_TestSwitchManualIntSize_t" time="9.48905944824219e-05" />
    <testcase name="Equals (65)" classname="spec_perl_TestSwitchManualIntSize_t" time="9.51290130615234e-05" />
    <testcase name="Equals (66)" classname="spec_perl_TestSwitchManualIntSize_t" time="9.29832458496094e-05" />
    <testcase name="Equals (67)" classname="spec_perl_TestSwitchManualIntSize_t" time="9.89437103271484e-05" />
  </testsuite>
  <testsuite name="spec_perl_TestExprBytesCmp_t" errors="0" failures="0" skipped="0" tests="10" time="0.0526349544525146">
    <system-out>1..10
ok 1 - Equals
ok 2 - Equals
ok 3 - Equals
ok 4 - Equals
ok 5 - Equals
ok 6 - Equals
ok 7 - Equals
ok 8 - Equals
ok 9 - Equals
ok 10 - Equals
</system-out>
    <testcase name="Equals (68)" classname="spec_perl_TestExprBytesCmp_t" time="0.000131130218505859" />
    <testcase name="Equals (69)" classname="spec_perl_TestExprBytesCmp_t" time="5.48362731933594e-05" />
    <testcase name="Equals (70)" classname="spec_perl_TestExprBytesCmp_t" time="0.000113964080810547" />
    <testcase name="Equals (71)" classname="spec_perl_TestExprBytesCmp_t" time="0.000114202499389648" />
    <testcase name="Equals (72)" classname="spec_perl_TestExprBytesCmp_t" time="9.29832458496094e-05" />
    <testcase name="Equals (73)" classname="spec_perl_TestExprBytesCmp_t" time="8.08238983154297e-05" />
    <testcase name="Equals (74)" classname="spec_perl_TestExprBytesCmp_t" time="9.51290130615234e-05" />
    <testcase name="Equals (75)" classname="spec_perl_TestExprBytesCmp_t" time="6.103515625e-05" />
    <testcase name="Equals (76)" classname="spec_perl_TestExprBytesCmp_t" time="8.48770141601562e-05" />
    <testcase name="Equals (77)" classname="spec_perl_TestExprBytesCmp_t" time="9.89437103271484e-05" />
  </testsuite>
  <testsuite name="spec_perl_TestProcessXor4Value_t" errors="0" failures="0" skipped="0" tests="2" time="0.0510292053222656">
    <system-out>1..2
ok 1 - Equals
ok 2 - Equals
</system-out>
    <testcase name="Equals (78)" classname="spec_perl_TestProcessXor4Value_t" time="0.000158071517944336" />
    <testcase name="Equals (79)" classname="spec_perl_TestProcessXor4Value_t" time="7.48634338378906e-05" />
  </testsuite>
  <testsuite name="spec_perl_TestIndexToParamExpr_t" errors="0" failures="2" skipped="0" tests="7" time="0.0578022003173828">
    <system-out>1..7
ok 1 - Equals
ok 2 - Equals
ok 3 - Equals
ok 4 - Equals
ok 5 - Equals
not ok 6 - Equals
not ok 7 - Equals
</system-out>
    <testcase name="Equals (80)" classname="spec_perl_TestIndexToParamExpr_t" time="0.000276803970336914" />
    <testcase name="Equals (81)" classname="spec_perl_TestIndexToParamExpr_t" time="0.000112056732177734" />
    <testcase name="Equals (82)" classname="spec_perl_TestIndexToParamExpr_t" time="0.000133037567138672" />
    <testcase name="Equals (83)" classname="spec_perl_TestIndexToParamExpr_t" time="0.000247001647949219" />
    <testcase name="Equals (84)" classname="spec_perl_TestIndexToParamExpr_t" time="7.79628753662109e-05" />
    <testcase name="Equals (85)" classname="spec_perl_TestIndexToParamExpr_t" time="0.000210046768188477">
      <failure message="not ok 6 - Equals" type="TAP::Parser::Result::Test"></failure>
    </testcase>
    <testcase name="Equals (86)" classname="spec_perl_TestIndexToParamExpr_t" time="0.000720977783203125">
      <failure message="not ok 7 - Equals" type="TAP::Parser::Result::Test"></failure>
    </testcase>
  </testsuite>
  <testsuite name="spec_perl_TestNavParentRecursive_t" errors="0" failures="0" skipped="0" tests="4" time="0.0513310432434082">
    <system-out>1..4
ok 1 - Equals
ok 2 - Equals
ok 3 - Equals
ok 4 - nil
</system-out>
    <testcase name="Equals (87)" classname="spec_perl_TestNavParentRecursive_t" time="0.000140905380249023" />
    <testcase name="Equals (88)" classname="spec_perl_TestNavParentRecursive_t" time="5.60283660888672e-05" />
    <testcase name="Equals (89)" classname="spec_perl_TestNavParentRecursive_t" time="0.000113964080810547" />
    <testcase name="nil (89)" classname="spec_perl_TestNavParentRecursive_t" time="5.00679016113281e-05" />
  </testsuite>
  <testsuite name="spec_perl_TestEnumToIClassBorder1_t" errors="0" failures="1" skipped="0" tests="3" time="0.0541009902954102">
    <system-out>1..3
ok 1 - Equals
ok 2 - Equals
not ok 3 - test_enum_to_i_class_border_1 died (Can't call method &quot;some_dog&quot; on an undefined value at compiled/perl/EnumToIClassBorder2.pm line 43.)
</system-out>
    <testcase name="Equals (90)" classname="spec_perl_TestEnumToIClassBorder1_t" time="0.000147819519042969" />
    <testcase name="Equals (91)" classname="spec_perl_TestEnumToIClassBorder1_t" time="6.41345977783203e-05" />
    <testcase name="test_enum_to_i_class_border_1 died (Can't call method &quot;some_dog&quot; on an undefined value at compiled/perl/EnumToIClassBorder2.pm line 43.) (91)" classname="spec_perl_TestEnumToIClassBorder1_t" time="0.000196933746337891">
      <failure message="not ok 3 - test_enum_to_i_class_border_1 died (Can't call method &quot;some_dog&quot; on an undefined value at compiled/perl/EnumToIClassBorder2.pm line 43.)" type="TAP::Parser::Result::Test"></failure>
    </testcase>
  </testsuite>
  <testsuite name="spec_perl_TestToStringCustom_t" errors="0" failures="0" skipped="0" tests="1" time="0.0553021430969238">
    <system-out>1..1
ok 1 - Equals
</system-out>
    <testcase name="Equals (92)" classname="spec_perl_TestToStringCustom_t" time="0.0002288818359375" />
  </testsuite>
  <testsuite name="spec_perl_TestProcessXorConst_t" errors="0" failures="0" skipped="0" tests="2" time="0.050199031829834">
    <system-out>1..2
ok 1 - Equals
ok 2 - Equals
</system-out>
    <testcase name="Equals (93)" classname="spec_perl_TestProcessXorConst_t" time="0.000243902206420898" />
    <testcase name="Equals (94)" classname="spec_perl_TestProcessXorConst_t" time="6.19888305664062e-05" />
  </testsuite>
  <testsuite name="spec_perl_TestDefaultBitEndianMod_t" errors="0" failures="0" skipped="0" tests="4" time="0.0510950088500977">
    <system-out>1..4
ok 1 - Equals
ok 2 - Equals
ok 3 - Equals
ok 4 - Equals
</system-out>
    <testcase name="Equals (95)" classname="spec_perl_TestDefaultBitEndianMod_t" time="0.000219106674194336" />
    <testcase name="Equals (96)" classname="spec_perl_TestDefaultBitEndianMod_t" time="5.79357147216797e-05" />
    <testcase name="Equals (97)" classname="spec_perl_TestDefaultBitEndianMod_t" time="0.000127077102661133" />
    <testcase name="Equals (98)" classname="spec_perl_TestDefaultBitEndianMod_t" time="7.98702239990234e-05" />
  </testsuite>
  <testsuite name="spec_perl_TestInstanceStdArray_t" errors="0" failures="0" skipped="0" tests="7" time="0.0520360469818115">
    <system-out>1..7
ok 1 - Equals
ok 2 - Equals
ok 3 - Equals
ok 4 - Equals
ok 5 - Equals
ok 6 - Equals
ok 7 - Equals
</system-out>
    <testcase name="Equals (99)" classname="spec_perl_TestInstanceStdArray_t" time="0.00015711784362793" />
    <testcase name="Equals (100)" classname="spec_perl_TestInstanceStdArray_t" time="7.29560852050781e-05" />
    <testcase name="Equals (101)" classname="spec_perl_TestInstanceStdArray_t" time="8.60691070556641e-05" />
    <testcase name="Equals (102)" classname="spec_perl_TestInstanceStdArray_t" time="0.000100851058959961" />
    <testcase name="Equals (103)" classname="spec_perl_TestInstanceStdArray_t" time="9.20295715332031e-05" />
    <testcase name="Equals (104)" classname="spec_perl_TestInstanceStdArray_t" time="9.51290130615234e-05" />
    <testcase name="Equals (105)" classname="spec_perl_TestInstanceStdArray_t" time="9.08374786376953e-05" />
  </testsuite>
  <testsuite name="spec_perl_TestExpr0_t" errors="0" failures="0" skipped="0" tests="2" time="0.0513620376586914">
    <system-out>1..2
ok 1 - Equals
ok 2 - Equals
</system-out>
    <testcase name="Equals (106)" classname="spec_perl_TestExpr0_t" time="0.000181913375854492" />
    <testcase name="Equals (107)" classname="spec_perl_TestExpr0_t" time="0.000118017196655273" />
  </testsuite>
  <testsuite name="spec_perl_TestEnumDeepLiterals_t" errors="0" failures="0" skipped="0" tests="2" time="0.0516629219055176">
    <system-out>1..2
ok 1 - Equals
ok 2 - Equals
</system-out>
    <testcase name="Equals (108)" classname="spec_perl_TestEnumDeepLiterals_t" time="0.000144004821777344" />
    <testcase name="Equals (109)" classname="spec_perl_TestEnumDeepLiterals_t" time="6.19888305664062e-05" />
  </testsuite>
  <testsuite name="spec_perl_TestExprIfIntOps_t" errors="0" failures="0" skipped="0" tests="4" time="0.051530122756958">
    <system-out>1..4
ok 1 - Equals
ok 2 - Equals
ok 3 - Equals
ok 4 - Equals
</system-out>
    <testcase name="Equals (110)" classname="spec_perl_TestExprIfIntOps_t" time="0.000199079513549805" />
    <testcase name="Equals (111)" classname="spec_perl_TestExprIfIntOps_t" time="7.39097595214844e-05" />
    <testcase name="Equals (112)" classname="spec_perl_TestExprIfIntOps_t" time="0.000102043151855469" />
    <testcase name="Equals (113)" classname="spec_perl_TestExprIfIntOps_t" time="0.000103950500488281" />
  </testsuite>
  <testsuite name="spec_perl_TestBitsSimpleLe_t" errors="0" failures="0" skipped="0" tests="14" time="0.0519850254058838">
    <system-out>1..14
ok 1 - Equals
ok 2 - Equals
ok 3 - Equals
ok 4 - Equals
ok 5 - Equals
ok 6 - Equals
ok 7 - Equals
ok 8 - Equals
ok 9 - Equals
ok 10 - Equals
ok 11 - Equals
ok 12 - Equals
ok 13 - Equals
ok 14 - Equals
</system-out>
    <testcase name="Equals (114)" classname="spec_perl_TestBitsSimpleLe_t" time="0.000190973281860352" />
    <testcase name="Equals (115)" classname="spec_perl_TestBitsSimpleLe_t" time="7.98702239990234e-05" />
    <testcase name="Equals (116)" classname="spec_perl_TestBitsSimpleLe_t" time="8.91685485839844e-05" />
    <testcase name="Equals (117)" classname="spec_perl_TestBitsSimpleLe_t" time="9.29832458496094e-05" />
    <testcase name="Equals (118)" classname="spec_perl_TestBitsSimpleLe_t" time="9.20295715332031e-05" />
    <testcase name="Equals (119)" classname="spec_perl_TestBitsSimpleLe_t" time="9.89437103271484e-05" />
    <testcase name="Equals (120)" classname="spec_perl_TestBitsSimpleLe_t" time="0.00014495849609375" />
    <testcase name="Equals (121)" classname="spec_perl_TestBitsSimpleLe_t" time="4.10079956054688e-05" />
    <testcase name="Equals (122)" classname="spec_perl_TestBitsSimpleLe_t" time="0.000103950500488281" />
    <testcase name="Equals (123)" classname="spec_perl_TestBitsSimpleLe_t" time="8.79764556884766e-05" />
    <testcase name="Equals (124)" classname="spec_perl_TestBitsSimpleLe_t" time="8.91685485839844e-05" />
    <testcase name="Equals (125)" classname="spec_perl_TestBitsSimpleLe_t" time="8.89301300048828e-05" />
    <testcase name="Equals (126)" classname="spec_perl_TestBitsSimpleLe_t" time="9.29832458496094e-05" />
    <testcase name="Equals (127)" classname="spec_perl_TestBitsSimpleLe_t" time="8.392333984375e-05" />
  </testsuite>
  <testsuite name="spec_perl_TestBitsEnum_t" errors="0" failures="0" skipped="0" tests="3" time="0.051692008972168">
    <system-out>1..3
ok 1 - Equals
ok 2 - Equals
ok 3 - Equals
</system-out>
    <testcase name="Equals (128)" classname="spec_perl_TestBitsEnum_t" time="0.000181198120117188" />
    <testcase name="Equals (129)" classname="spec_perl_TestBitsEnum_t" time="7.98702239990234e-05" />
    <testcase name="Equals (130)" classname="spec_perl_TestBitsEnum_t" time="0.000100135803222656" />
  </testsuite>
  <testsuite name="spec_perl_TestParamsPassArrayUsertype_t" errors="0" failures="1" skipped="4" tests="5" time="0.0529899597167969">
    <system-out>1..5
not ok 1 - test_params_pass_array_usertype died (Can't use an undefined value as an ARRAY reference at compiled/perl/ParamsPassArrayUsertype.pm line 123.)
ok 2 # skip test_params_pass_array_usertype died
ok 3 # skip test_params_pass_array_usertype died
ok 4 # skip test_params_pass_array_usertype died
ok 5 # skip test_params_pass_array_usertype died
</system-out>
    <testcase name="test_params_pass_array_usertype died (Can't use an undefined value as an ARRAY reference at compiled/perl/ParamsPassArrayUsertype.pm line 123.) (130)" classname="spec_perl_TestParamsPassArrayUsertype_t" time="0.000216007232666016">
      <failure message="not ok 1 - test_params_pass_array_usertype died (Can't use an undefined value as an ARRAY reference at compiled/perl/ParamsPassArrayUsertype.pm line 123.)" type="TAP::Parser::Result::Test"></failure>
    </testcase>
    <testcase name="Unnamed test case 130" classname="spec_perl_TestParamsPassArrayUsertype_t" time="0.000459909439086914">
      <skipped message="ok 2 # skip test_params_pass_array_usertype died" />
    </testcase>
    <testcase name="Unnamed test case 131" classname="spec_perl_TestParamsPassArrayUsertype_t" time="0.000112056732177734">
      <skipped message="ok 3 # skip test_params_pass_array_usertype died" />
    </testcase>
    <testcase name="Unnamed test case 132" classname="spec_perl_TestParamsPassArrayUsertype_t" time="9.89437103271484e-05">
      <skipped message="ok 4 # skip test_params_pass_array_usertype died" />
    </testcase>
    <testcase name="Unnamed test case 133" classname="spec_perl_TestParamsPassArrayUsertype_t" time="0.0001220703125">
      <skipped message="ok 5 # skip test_params_pass_array_usertype died" />
    </testcase>
  </testsuite>
  <testsuite name="spec_perl_TestExprBytesOps_t" errors="0" failures="0" skipped="0" tests="16" time="0.0519230365753174">
    <system-out>1..16
ok 1 - Equals
ok 2 - Equals
ok 3 - Equals
ok 4 - Equals
ok 5 - Equals
ok 6 - Equals
ok 7 - Equals
ok 8 - Equals
ok 9 - Equals
ok 10 - Equals
ok 11 - Equals
ok 12 - Equals
ok 13 - Equals
ok 14 - Equals
ok 15 - Equals
ok 16 - Equals
</system-out>
    <testcase name="Equals (133)" classname="spec_perl_TestExprBytesOps_t" time="0.000159025192260742" />
    <testcase name="Equals (134)" classname="spec_perl_TestExprBytesOps_t" time="8.98838043212891e-05" />
    <testcase name="Equals (135)" classname="spec_perl_TestExprBytesOps_t" time="9.60826873779297e-05" />
    <testcase name="Equals (136)" classname="spec_perl_TestExprBytesOps_t" time="9.39369201660156e-05" />
    <testcase name="Equals (137)" classname="spec_perl_TestExprBytesOps_t" time="9.51290130615234e-05" />
    <testcase name="Equals (138)" classname="spec_perl_TestExprBytesOps_t" time="9.58442687988281e-05" />
    <testcase name="Equals (139)" classname="spec_perl_TestExprBytesOps_t" time="9.20295715332031e-05" />
    <testcase name="Equals (140)" classname="spec_perl_TestExprBytesOps_t" time="9.20295715332031e-05" />
    <testcase name="Equals (141)" classname="spec_perl_TestExprBytesOps_t" time="0.000127077102661133" />
    <testcase name="Equals (142)" classname="spec_perl_TestExprBytesOps_t" time="9.48905944824219e-05" />
    <testcase name="Equals (143)" classname="spec_perl_TestExprBytesOps_t" time="9.20295715332031e-05" />
    <testcase name="Equals (144)" classname="spec_perl_TestExprBytesOps_t" time="9.20295715332031e-05" />
    <testcase name="Equals (145)" classname="spec_perl_TestExprBytesOps_t" time="8.70227813720703e-05" />
    <testcase name="Equals (146)" classname="spec_perl_TestExprBytesOps_t" time="8.89301300048828e-05" />
    <testcase name="Equals (147)" classname="spec_perl_TestExprBytesOps_t" time="9.60826873779297e-05" />
    <testcase name="Equals (148)" classname="spec_perl_TestExprBytesOps_t" time="9.60826873779297e-05" />
  </testsuite>
  <testsuite name="spec_perl_TestExprArray_t" errors="0" failures="0" skipped="0" tests="15" time="0.056459903717041">
    <system-out>1..15
ok 1 - Equals
ok 2 - Equals
ok 3 - Equals
ok 4 - Equals
ok 5 - Equals
ok 6 - Equals
ok 7 - Approx equals
ok 8 - Approx equals
ok 9 - Approx equals
ok 10 - Approx equals
ok 11 - Equals
ok 12 - Equals
ok 13 - Equals
ok 14 - Equals
ok 15 - Equals
</system-out>
    <testcase name="Equals (149)" classname="spec_perl_TestExprArray_t" time="0.000242948532104492" />
    <testcase name="Equals (150)" classname="spec_perl_TestExprArray_t" time="8.29696655273438e-05" />
    <testcase name="Equals (151)" classname="spec_perl_TestExprArray_t" time="0.000123023986816406" />
    <testcase name="Equals (152)" classname="spec_perl_TestExprArray_t" time="9.60826873779297e-05" />
    <testcase name="Equals (153)" classname="spec_perl_TestExprArray_t" time="9.89437103271484e-05" />
    <testcase name="Equals (154)" classname="spec_perl_TestExprArray_t" time="9.20295715332031e-05" />
    <testcase name="Approx equals (154)" classname="spec_perl_TestExprArray_t" time="4.48226928710938e-05" />
    <testcase name="Approx equals (155)" classname="spec_perl_TestExprArray_t" time="4.10079956054688e-05" />
    <testcase name="Approx equals (156)" classname="spec_perl_TestExprArray_t" time="3.91006469726562e-05" />
    <testcase name="Approx equals (157)" classname="spec_perl_TestExprArray_t" time="3.60012054443359e-05" />
    <testcase name="Equals (157)" classname="spec_perl_TestExprArray_t" time="9.39369201660156e-05" />
    <testcase name="Equals (158)" classname="spec_perl_TestExprArray_t" time="9.79900360107422e-05" />
    <testcase name="Equals (159)" classname="spec_perl_TestExprArray_t" time="9.51290130615234e-05" />
    <testcase name="Equals (160)" classname="spec_perl_TestExprArray_t" time="9.20295715332031e-05" />
    <testcase name="Equals (161)" classname="spec_perl_TestExprArray_t" time="0.000115871429443359" />
  </testsuite>
  <testsuite name="spec_perl_TestExprSizeofValue0_t" errors="0" failures="0" skipped="0" tests="5" time="0.0527598857879639">
    <system-out>1..5
ok 1 - Equals
ok 2 - Equals
ok 3 - Equals
ok 4 - Equals
ok 5 - Equals
</system-out>
    <testcase name="Equals (162)" classname="spec_perl_TestExprSizeofValue0_t" time="0.00020599365234375" />
    <testcase name="Equals (163)" classname="spec_perl_TestExprSizeofValue0_t" time="7.48634338378906e-05" />
    <testcase name="Equals (164)" classname="spec_perl_TestExprSizeofValue0_t" time="5.10215759277344e-05" />
    <testcase name="Equals (165)" classname="spec_perl_TestExprSizeofValue0_t" time="0.0001220703125" />
    <testcase name="Equals (166)" classname="spec_perl_TestExprSizeofValue0_t" time="9.29832458496094e-05" />
  </testsuite>
  <testsuite name="spec_perl_TestSwitchRepeatExprInvalid_t" errors="0" failures="1" skipped="0" tests="7" time="0.0545659065246582">
    <system-out>1..7
ok 1 - Equals
ok 2 - Equals
ok 3 - Equals
ok 4 - Equals
ok 5 - Equals
ok 6 - Equals
not ok 7 - Equals
</system-out>
    <testcase name="Equals (167)" classname="spec_perl_TestSwitchRepeatExprInvalid_t" time="0.000497102737426758" />
    <testcase name="Equals (168)" classname="spec_perl_TestSwitchRepeatExprInvalid_t" time="0.000128984451293945" />
    <testcase name="Equals (169)" classname="spec_perl_TestSwitchRepeatExprInvalid_t" time="0.000177860260009766" />
    <testcase name="Equals (170)" classname="spec_perl_TestSwitchRepeatExprInvalid_t" time="0.000133037567138672" />
    <testcase name="Equals (171)" classname="spec_perl_TestSwitchRepeatExprInvalid_t" time="0.0001220703125" />
    <testcase name="Equals (172)" classname="spec_perl_TestSwitchRepeatExprInvalid_t" time="0.000118017196655273" />
    <testcase name="Equals (173)" classname="spec_perl_TestSwitchRepeatExprInvalid_t" time="0.000135898590087891">
      <failure message="not ok 7 - Equals" type="TAP::Parser::Result::Test"></failure>
    </testcase>
  </testsuite>
  <testsuite name="spec_perl_TestStrEncodings_t" errors="0" failures="0" skipped="0" tests="4" time="0.0579400062561035">
    <system-out>1..4
ok 1 - Equals
ok 2 - Equals
ok 3 - Equals
ok 4 - Equals
</system-out>
    <testcase name="Equals (174)" classname="spec_perl_TestStrEncodings_t" time="0.00318789482116699" />
    <testcase name="Equals (175)" classname="spec_perl_TestStrEncodings_t" time="6.69956207275391e-05" />
    <testcase name="Equals (176)" classname="spec_perl_TestStrEncodings_t" time="0.000107049942016602" />
    <testcase name="Equals (177)" classname="spec_perl_TestStrEncodings_t" time="0.000119924545288086" />
  </testsuite>
  <testsuite name="spec_perl_TestProcessRotate_t" errors="0" failures="0" skipped="0" tests="3" time="0.0514440536499023">
    <system-out>1..3
ok 1 - Equals
ok 2 - Equals
ok 3 - Equals
</system-out>
    <testcase name="Equals (178)" classname="spec_perl_TestProcessRotate_t" time="0.000236988067626953" />
    <testcase name="Equals (179)" classname="spec_perl_TestProcessRotate_t" time="5.88893890380859e-05" />
    <testcase name="Equals (180)" classname="spec_perl_TestProcessRotate_t" time="0.000115156173706055" />
  </testsuite>
  <testsuite name="spec_perl_TestEofExceptionBytes_t" errors="0" failures="0" skipped="0" tests="1" time="0.0523369312286377">
    <system-out>1..1
ok 1 - threw /^Requested \d+ bytes, but only \d+ bytes available/
</system-out>
    <testcase name="threw /^Requested \d+ bytes, but only \d+ bytes available/ (180)" classname="spec_perl_TestEofExceptionBytes_t" time="0.000140190124511719" />
  </testsuite>
  <testsuite name="spec_perl_TestStrPadTermEmpty_t" errors="0" failures="0" skipped="0" tests="4" time="0.0548861026763916">
    <system-out>1..4
ok 1 - Equals
ok 2 - Equals
ok 3 - Equals
ok 4 - Equals
</system-out>
    <testcase name="Equals (181)" classname="spec_perl_TestStrPadTermEmpty_t" time="0.000246047973632812" />
    <testcase name="Equals (182)" classname="spec_perl_TestStrPadTermEmpty_t" time="8.392333984375e-05" />
    <testcase name="Equals (183)" classname="spec_perl_TestStrPadTermEmpty_t" time="9.70363616943359e-05" />
    <testcase name="Equals (184)" classname="spec_perl_TestStrPadTermEmpty_t" time="0.000102043151855469" />
  </testsuite>
  <testsuite name="spec_perl_TestValidNotParsedIf_t" errors="0" failures="0" skipped="1" tests="1" time="0.0522539615631104">
    <system-out>1..1
ok 1 # skip ValidNotParsedIf=HASH(0x561b46c884e8)
</system-out>
    <testcase name="Unnamed test case 184" classname="spec_perl_TestValidNotParsedIf_t" time="0.000911951065063477">
      <skipped message="ok 1 # skip ValidNotParsedIf=HASH(0x561b46c884e8)" />
    </testcase>
  </testsuite>
  <testsuite name="spec_perl_TestImportsAbs_t" errors="0" failures="2" skipped="0" tests="2" time="0.0534191131591797">
    <system-out>1..2
not ok 1 - Equals
not ok 2 - Equals
</system-out>
    <testcase name="Equals (185)" classname="spec_perl_TestImportsAbs_t" time="0.000339031219482422">
      <failure message="not ok 1 - Equals" type="TAP::Parser::Result::Test"></failure>
    </testcase>
    <testcase name="Equals (186)" classname="spec_perl_TestImportsAbs_t" time="0.000725030899047852">
      <failure message="not ok 2 - Equals" type="TAP::Parser::Result::Test"></failure>
    </testcase>
  </testsuite>
  <testsuite name="spec_perl_TestProcessCoerceBytes_t" errors="0" failures="0" skipped="0" tests="4" time="0.0512781143188477">
    <system-out>1..4
ok 1 - Equals
ok 2 - Equals
ok 3 - Equals
ok 4 - Equals
</system-out>
    <testcase name="Equals (187)" classname="spec_perl_TestProcessCoerceBytes_t" time="0.000203847885131836" />
    <testcase name="Equals (188)" classname="spec_perl_TestProcessCoerceBytes_t" time="8.89301300048828e-05" />
    <testcase name="Equals (189)" classname="spec_perl_TestProcessCoerceBytes_t" time="9.10758972167969e-05" />
    <testcase name="Equals (190)" classname="spec_perl_TestProcessCoerceBytes_t" time="9.79900360107422e-05" />
  </testsuite>
  <testsuite name="spec_perl_TestBitsSignedResB32Be_t" errors="0" failures="0" skipped="0" tests="1" time="0.0510098934173584">
    <system-out>1..1
ok 1 - Equals
</system-out>
    <testcase name="Equals (191)" classname="spec_perl_TestBitsSignedResB32Be_t" time="0.000163078308105469" />
  </testsuite>
  <testsuite name="spec_perl_TestParamsCall_t" errors="0" failures="3" skipped="0" tests="3" time="0.0575211048126221">
    <system-out>1..3
not ok 1 - Equals
not ok 2 - Equals
not ok 3 - Equals
</system-out>
    <testcase name="Equals (192)" classname="spec_perl_TestParamsCall_t" time="0.000366926193237305">
      <failure message="not ok 1 - Equals" type="TAP::Parser::Result::Test"></failure>
    </testcase>
    <testcase name="Equals (193)" classname="spec_perl_TestParamsCall_t" time="0.000722169876098633">
      <failure message="not ok 2 - Equals" type="TAP::Parser::Result::Test"></failure>
    </testcase>
    <testcase name="Equals (194)" classname="spec_perl_TestParamsCall_t" time="0.000512838363647461">
      <failure message="not ok 3 - Equals" type="TAP::Parser::Result::Test"></failure>
    </testcase>
  </testsuite>
  <testsuite name="spec_perl_TestOptionalId_t" errors="0" failures="0" skipped="0" tests="3" time="0.0512359142303467">
    <system-out>1..3
ok 1 - Equals
ok 2 - Equals
ok 3 - Equals
</system-out>
    <testcase name="Equals (195)" classname="spec_perl_TestOptionalId_t" time="0.000183820724487305" />
    <testcase name="Equals (196)" classname="spec_perl_TestOptionalId_t" time="9.51290130615234e-05" />
    <testcase name="Equals (197)" classname="spec_perl_TestOptionalId_t" time="9.29832458496094e-05" />
  </testsuite>
  <testsuite name="spec_perl_TestExpr1_t" errors="0" failures="0" skipped="0" tests="4" time="0.0547490119934082">
    <system-out>1..4
ok 1 - Equals
ok 2 - Equals
ok 3 - Equals
ok 4 - Equals
</system-out>
    <testcase name="Equals (198)" classname="spec_perl_TestExpr1_t" time="0.00018000602722168" />
    <testcase name="Equals (199)" classname="spec_perl_TestExpr1_t" time="0.000119924545288086" />
    <testcase name="Equals (200)" classname="spec_perl_TestExpr1_t" time="5.79357147216797e-05" />
    <testcase name="Equals (201)" classname="spec_perl_TestExpr1_t" time="0.000111103057861328" />
  </testsuite>
  <testsuite name="spec_perl_TestSwitchManualEnumInvalid_t" errors="0" failures="0" skipped="0" tests="5" time="0.0559101104736328">
    <system-out>1..5
ok 1 - Equals
ok 2 - Equals
ok 3 - nil
ok 4 - Equals
ok 5 - nil
</system-out>
    <testcase name="Equals (202)" classname="spec_perl_TestSwitchManualEnumInvalid_t" time="0.000166893005371094" />
    <testcase name="Equals (203)" classname="spec_perl_TestSwitchManualEnumInvalid_t" time="6.91413879394531e-05" />
    <testcase name="nil (203)" classname="spec_perl_TestSwitchManualEnumInvalid_t" time="4.00543212890625e-05" />
    <testcase name="Equals (204)" classname="spec_perl_TestSwitchManualEnumInvalid_t" time="0.000101804733276367" />
    <testcase name="nil (204)" classname="spec_perl_TestSwitchManualEnumInvalid_t" time="3.91006469726562e-05" />
  </testsuite>
  <testsuite name="spec_perl_TestEnumFancy_t" errors="0" failures="0" skipped="0" tests="2" time="0.0508248805999756">
    <system-out>1..2
ok 1 - Equals
ok 2 - Equals
</system-out>
    <testcase name="Equals (205)" classname="spec_perl_TestEnumFancy_t" time="0.000175952911376953" />
    <testcase name="Equals (206)" classname="spec_perl_TestEnumFancy_t" time="8.20159912109375e-05" />
  </testsuite>
  <testsuite name="spec_perl_TestProcessRepeatUsertype_t" errors="0" failures="0" skipped="0" tests="4" time="0.0523381233215332">
    <system-out>1..4
ok 1 - Equals
ok 2 - Equals
ok 3 - Equals
ok 4 - Equals
</system-out>
    <testcase name="Equals (207)" classname="spec_perl_TestProcessRepeatUsertype_t" time="0.000449180603027344" />
    <testcase name="Equals (208)" classname="spec_perl_TestProcessRepeatUsertype_t" time="5.79357147216797e-05" />
    <testcase name="Equals (209)" classname="spec_perl_TestProcessRepeatUsertype_t" time="9.58442687988281e-05" />
    <testcase name="Equals (210)" classname="spec_perl_TestProcessRepeatUsertype_t" time="0.000137090682983398" />
  </testsuite>
  <testsuite name="spec_perl_TestExprIntDiv_t" errors="0" failures="2" skipped="0" tests="6" time="0.0530159473419189">
    <system-out>1..6
ok 1 - Equals
ok 2 - Equals
ok 3 - Equals
not ok 4 - Equals
ok 5 - Equals
not ok 6 - Equals
</system-out>
    <testcase name="Equals (211)" classname="spec_perl_TestExprIntDiv_t" time="0.000163078308105469" />
    <testcase name="Equals (212)" classname="spec_perl_TestExprIntDiv_t" time="4.88758087158203e-05" />
    <testcase name="Equals (213)" classname="spec_perl_TestExprIntDiv_t" time="0.000110149383544922" />
    <testcase name="Equals (214)" classname="spec_perl_TestExprIntDiv_t" time="0.000133991241455078">
      <failure message="not ok 4 - Equals" type="TAP::Parser::Result::Test"></failure>
    </testcase>
    <testcase name="Equals (215)" classname="spec_perl_TestExprIntDiv_t" time="0.000638008117675781" />
    <testcase name="Equals (216)" classname="spec_perl_TestExprIntDiv_t" time="0.000172853469848633">
      <failure message="not ok 6 - Equals" type="TAP::Parser::Result::Test"></failure>
    </testcase>
  </testsuite>
  <testsuite name="spec_perl_TestExprIoPos_t" errors="0" failures="0" skipped="0" tests="6" time="0.0554459095001221">
    <system-out>1..6
ok 1 - Equals
ok 2 - Equals
ok 3 - Equals
ok 4 - Equals
ok 5 - Equals
ok 6 - Equals
</system-out>
    <testcase name="Equals (217)" classname="spec_perl_TestExprIoPos_t" time="0.000466823577880859" />
    <testcase name="Equals (218)" classname="spec_perl_TestExprIoPos_t" time="6.31809234619141e-05" />
    <testcase name="Equals (219)" classname="spec_perl_TestExprIoPos_t" time="0.000105857849121094" />
    <testcase name="Equals (220)" classname="spec_perl_TestExprIoPos_t" time="9.01222229003906e-05" />
    <testcase name="Equals (221)" classname="spec_perl_TestExprIoPos_t" time="9.17911529541016e-05" />
    <testcase name="Equals (222)" classname="spec_perl_TestExprIoPos_t" time="0.000101089477539062" />
  </testsuite>
  <testsuite name="spec_perl_TestMetaTags_t" errors="0" failures="0" skipped="1" tests="1" time="0.0512459278106689">
    <system-out>1..1
ok 1 # skip MetaTags=HASH(0x564239c05210)
</system-out>
    <testcase name="Unnamed test case 222" classname="spec_perl_TestMetaTags_t" time="0.000951051712036133">
      <skipped message="ok 1 # skip MetaTags=HASH(0x564239c05210)" />
    </testcase>
  </testsuite>
  <testsuite name="spec_perl_TestEnumNegative_t" errors="0" failures="0" skipped="0" tests="2" time="0.051908016204834">
    <system-out>1..2
ok 1 - Equals
ok 2 - Equals
</system-out>
    <testcase name="Equals (223)" classname="spec_perl_TestEnumNegative_t" time="0.000171184539794922" />
    <testcase name="Equals (224)" classname="spec_perl_TestEnumNegative_t" time="8.392333984375e-05" />
  </testsuite>
  <testsuite name="spec_perl_TestParamsCallExtraParens_t" errors="0" failures="1" skipped="0" tests="1" time="0.0562360286712646">
    <system-out>1..1
not ok 1 - Equals
</system-out>
    <testcase name="Equals (225)" classname="spec_perl_TestParamsCallExtraParens_t" time="0.000295162200927734">
      <failure message="not ok 1 - Equals" type="TAP::Parser::Result::Test"></failure>
    </testcase>
  </testsuite>
  <testsuite name="spec_perl_TestEnum0_t" errors="0" failures="0" skipped="0" tests="2" time="0.0509920120239258">
    <system-out>1..2
ok 1 - Equals
ok 2 - Equals
</system-out>
    <testcase name="Equals (226)" classname="spec_perl_TestEnum0_t" time="0.000129938125610352" />
    <testcase name="Equals (227)" classname="spec_perl_TestEnum0_t" time="5.50746917724609e-05" />
  </testsuite>
  <testsuite name="spec_perl_TestInstanceIoUser_t" errors="0" failures="0" skipped="0" tests="4" time="0.0570499897003174">
    <system-out>1..4
ok 1 - Equals
ok 2 - Equals
ok 3 - Equals
ok 4 - Equals
</system-out>
    <testcase name="Equals (228)" classname="spec_perl_TestInstanceIoUser_t" time="0.000562906265258789" />
    <testcase name="Equals (229)" classname="spec_perl_TestInstanceIoUser_t" time="8.20159912109375e-05" />
    <testcase name="Equals (230)" classname="spec_perl_TestInstanceIoUser_t" time="0.000107049942016602" />
    <testcase name="Equals (231)" classname="spec_perl_TestInstanceIoUser_t" time="0.000125885009765625" />
  </testsuite>
  <testsuite name="spec_perl_TestDefaultBigEndian_t" errors="0" failures="0" skipped="0" tests="1" time="0.0507478713989258">
    <system-out>1..1
ok 1 - Equals
</system-out>
    <testcase name="Equals (232)" classname="spec_perl_TestDefaultBigEndian_t" time="0.000139951705932617" />
  </testsuite>
  <testsuite name="spec_perl_TestParamsPassArrayStr_t" errors="0" failures="1" skipped="6" tests="7" time="0.0575628280639648">
    <system-out>1..7
not ok 1 - test_params_pass_array_str died (Can't use an undefined value as an ARRAY reference at spec/perl/TestParamsPassArrayStr.t line 14.)
ok 2 # skip test_params_pass_array_str died
ok 3 # skip test_params_pass_array_str died
ok 4 # skip test_params_pass_array_str died
ok 5 # skip test_params_pass_array_str died
ok 6 # skip test_params_pass_array_str died
ok 7 # skip test_params_pass_array_str died
</system-out>
    <testcase name="test_params_pass_array_str died (Can't use an undefined value as an ARRAY reference at spec/perl/TestParamsPassArrayStr.t line 14.) (232)" classname="spec_perl_TestParamsPassArrayStr_t" time="0.000244140625">
      <failure message="not ok 1 - test_params_pass_array_str died (Can't use an undefined value as an ARRAY reference at spec/perl/TestParamsPassArrayStr.t line 14.)" type="TAP::Parser::Result::Test"></failure>
    </testcase>
    <testcase name="Unnamed test case 232" classname="spec_perl_TestParamsPassArrayStr_t" time="0.000550985336303711">
      <skipped message="ok 2 # skip test_params_pass_array_str died" />
    </testcase>
    <testcase name="Unnamed test case 233" classname="spec_perl_TestParamsPassArrayStr_t" time="9.58442687988281e-05">
      <skipped message="ok 3 # skip test_params_pass_array_str died" />
    </testcase>
    <testcase name="Unnamed test case 234" classname="spec_perl_TestParamsPassArrayStr_t" time="0.00027918815612793">
      <skipped message="ok 4 # skip test_params_pass_array_str died" />
    </testcase>
    <testcase name="Unnamed test case 235" classname="spec_perl_TestParamsPassArrayStr_t" time="6.38961791992188e-05">
      <skipped message="ok 5 # skip test_params_pass_array_str died" />
    </testcase>
    <testcase name="Unnamed test case 236" classname="spec_perl_TestParamsPassArrayStr_t" time="6.29425048828125e-05">
      <skipped message="ok 6 # skip test_params_pass_array_str died" />
    </testcase>
    <testcase name="Unnamed test case 237" classname="spec_perl_TestParamsPassArrayStr_t" time="5.31673431396484e-05">
      <skipped message="ok 7 # skip test_params_pass_array_str died" />
    </testcase>
  </testsuite>
  <testsuite name="spec_perl_TestProcessCoerceSwitch_t" errors="0" failures="0" skipped="0" tests="3" time="0.0522239208221436">
    <system-out>1..3
ok 1 - Equals
ok 2 - Equals
ok 3 - Equals
</system-out>
    <testcase name="Equals (237)" classname="spec_perl_TestProcessCoerceSwitch_t" time="0.000454187393188477" />
    <testcase name="Equals (238)" classname="spec_perl_TestProcessCoerceSwitch_t" time="5.57899475097656e-05" />
    <testcase name="Equals (239)" classname="spec_perl_TestProcessCoerceSwitch_t" time="0.000115156173706055" />
  </testsuite>
  <testsuite name="spec_perl_TestNavParent2_t" errors="0" failures="0" skipped="0" tests="10" time="0.0556058883666992">
    <system-out>1..10
ok 1 - Equals
ok 2 - Equals
ok 3 - Equals
ok 4 - Equals
ok 5 - Equals
ok 6 - Equals
ok 7 - Equals
ok 8 - Equals
ok 9 - Equals
ok 10 - Equals
</system-out>
    <testcase name="Equals (240)" classname="spec_perl_TestNavParent2_t" time="0.000165939331054688" />
    <testcase name="Equals (241)" classname="spec_perl_TestNavParent2_t" time="7.00950622558594e-05" />
    <testcase name="Equals (242)" classname="spec_perl_TestNavParent2_t" time="9.98973846435547e-05" />
    <testcase name="Equals (243)" classname="spec_perl_TestNavParent2_t" time="9.39369201660156e-05" />
    <testcase name="Equals (244)" classname="spec_perl_TestNavParent2_t" time="9.51290130615234e-05" />
    <testcase name="Equals (245)" classname="spec_perl_TestNavParent2_t" time="0.000169038772583008" />
    <testcase name="Equals (246)" classname="spec_perl_TestNavParent2_t" time="0.000104904174804688" />
    <testcase name="Equals (247)" classname="spec_perl_TestNavParent2_t" time="9.10758972167969e-05" />
    <testcase name="Equals (248)" classname="spec_perl_TestNavParent2_t" time="9.29832458496094e-05" />
    <testcase name="Equals (249)" classname="spec_perl_TestNavParent2_t" time="0.00011897087097168" />
  </testsuite>
  <testsuite name="spec_perl_TestSwitchManualIntElse_t" errors="0" failures="0" skipped="0" tests="9" time="0.0563201904296875">
    <system-out>1..9
ok 1 - Equals
ok 2 - Equals
ok 3 - Equals
ok 4 - Equals
ok 5 - Equals
ok 6 - Equals
ok 7 - Equals
ok 8 - Equals
ok 9 - Equals
</system-out>
    <testcase name="Equals (250)" classname="spec_perl_TestSwitchManualIntElse_t" time="0.000235795974731445" />
    <testcase name="Equals (251)" classname="spec_perl_TestSwitchManualIntElse_t" time="5.81741333007812e-05" />
    <testcase name="Equals (252)" classname="spec_perl_TestSwitchManualIntElse_t" time="0.000105857849121094" />
    <testcase name="Equals (253)" classname="spec_perl_TestSwitchManualIntElse_t" time="9.10758972167969e-05" />
    <testcase name="Equals (254)" classname="spec_perl_TestSwitchManualIntElse_t" time="0.0001220703125" />
    <testcase name="Equals (255)" classname="spec_perl_TestSwitchManualIntElse_t" time="0.000107049942016602" />
    <testcase name="Equals (256)" classname="spec_perl_TestSwitchManualIntElse_t" time="8.392333984375e-05" />
    <testcase name="Equals (257)" classname="spec_perl_TestSwitchManualIntElse_t" time="9.39369201660156e-05" />
    <testcase name="Equals (258)" classname="spec_perl_TestSwitchManualIntElse_t" time="8.70227813720703e-05" />
  </testsuite>
  <testsuite name="spec_perl_TestNavParentFalse_t" errors="0" failures="0" skipped="0" tests="5" time="0.0516948699951172">
    <system-out>1..5
ok 1 - Equals
ok 2 - Equals
ok 3 - Equals
ok 4 - Equals
ok 5 - Equals
</system-out>
    <testcase name="Equals (259)" classname="spec_perl_TestNavParentFalse_t" time="0.000180959701538086" />
    <testcase name="Equals (260)" classname="spec_perl_TestNavParentFalse_t" time="8.20159912109375e-05" />
    <testcase name="Equals (261)" classname="spec_perl_TestNavParentFalse_t" time="9.20295715332031e-05" />
    <testcase name="Equals (262)" classname="spec_perl_TestNavParentFalse_t" time="9.58442687988281e-05" />
    <testcase name="Equals (263)" classname="spec_perl_TestNavParentFalse_t" time="0.000115156173706055" />
  </testsuite>
  <testsuite name="spec_perl_TestDebugArrayUser_t" errors="0" failures="0" skipped="0" tests="5" time="0.0525650978088379">
    <system-out>1..5
ok 1 - Equals
ok 2 - Equals
ok 3 - Equals
ok 4 - Equals
ok 5 - Equals
</system-out>
    <testcase name="Equals (264)" classname="spec_perl_TestDebugArrayUser_t" time="0.000164985656738281" />
    <testcase name="Equals (265)" classname="spec_perl_TestDebugArrayUser_t" time="5.19752502441406e-05" />
    <testcase name="Equals (266)" classname="spec_perl_TestDebugArrayUser_t" time="0.000103950500488281" />
    <testcase name="Equals (267)" classname="spec_perl_TestDebugArrayUser_t" time="9.20295715332031e-05" />
    <testcase name="Equals (268)" classname="spec_perl_TestDebugArrayUser_t" time="9.10758972167969e-05" />
  </testsuite>
  <testsuite name="spec_perl_TestSwitchManualStrElse_t" errors="0" failures="0" skipped="0" tests="9" time="0.0559248924255371">
    <system-out>1..9
ok 1 - Equals
ok 2 - Equals
ok 3 - Equals
ok 4 - Equals
ok 5 - Equals
ok 6 - Equals
ok 7 - Equals
ok 8 - Equals
ok 9 - Equals
</system-out>
    <testcase name="Equals (269)" classname="spec_perl_TestSwitchManualStrElse_t" time="0.000262975692749023" />
    <testcase name="Equals (270)" classname="spec_perl_TestSwitchManualStrElse_t" time="6.60419464111328e-05" />
    <testcase name="Equals (271)" classname="spec_perl_TestSwitchManualStrElse_t" time="4.88758087158203e-05" />
    <testcase name="Equals (272)" classname="spec_perl_TestSwitchManualStrElse_t" time="0.000112056732177734" />
    <testcase name="Equals (273)" classname="spec_perl_TestSwitchManualStrElse_t" time="8.98838043212891e-05" />
    <testcase name="Equals (274)" classname="spec_perl_TestSwitchManualStrElse_t" time="0.000114202499389648" />
    <testcase name="Equals (275)" classname="spec_perl_TestSwitchManualStrElse_t" time="0.0001068115234375" />
    <testcase name="Equals (276)" classname="spec_perl_TestSwitchManualStrElse_t" time="0.000101089477539062" />
    <testcase name="Equals (277)" classname="spec_perl_TestSwitchManualStrElse_t" time="9.10758972167969e-05" />
  </testsuite>
  <testsuite name="spec_perl_TestNestedTypeParam_t" errors="0" failures="2" skipped="0" tests="2" time="0.0571050643920898">
    <system-out>1..2
not ok 1 - Equals
not ok 2 - Equals
</system-out>
    <testcase name="Equals (278)" classname="spec_perl_TestNestedTypeParam_t" time="0.000163078308105469">
      <failure message="not ok 1 - Equals" type="TAP::Parser::Result::Test"></failure>
    </testcase>
    <testcase name="Equals (279)" classname="spec_perl_TestNestedTypeParam_t" time="0.000612020492553711">
      <failure message="not ok 2 - Equals" type="TAP::Parser::Result::Test"></failure>
    </testcase>
  </testsuite>
  <testsuite name="spec_perl_TestOpaqueExternalType02Parent_t" errors="0" failures="0" skipped="0" tests="3" time="0.0561549663543701">
    <system-out>1..3
ok 1 - Equals
ok 2 - Equals
ok 3 - Equals
</system-out>
    <testcase name="Equals (280)" classname="spec_perl_TestOpaqueExternalType02Parent_t" time="0.000272035598754883" />
    <testcase name="Equals (281)" classname="spec_perl_TestOpaqueExternalType02Parent_t" time="0.000133991241455078" />
    <testcase name="Equals (282)" classname="spec_perl_TestOpaqueExternalType02Parent_t" time="0.00010991096496582" />
  </testsuite>
  <testsuite name="spec_perl_TestValidSwitch_t" errors="0" failures="0" skipped="1" tests="1" time="0.0512709617614746">
    <system-out>1..1
ok 1 # skip ValidSwitch=HASH(0x55c0dc62c3f0)
</system-out>
    <testcase name="Unnamed test case 282" classname="spec_perl_TestValidSwitch_t" time="0.000931024551391602">
      <skipped message="ok 1 # skip ValidSwitch=HASH(0x55c0dc62c3f0)" />
    </testcase>
  </testsuite>
  <testsuite name="spec_perl_TestEofExceptionSized_t" errors="0" failures="0" skipped="0" tests="1" time="0.0523982048034668">
    <system-out>1..1
ok 1 - threw /^Requested \d+ bytes, but only \d+ bytes available/
</system-out>
    <testcase name="threw /^Requested \d+ bytes, but only \d+ bytes available/ (282)" classname="spec_perl_TestEofExceptionSized_t" time="0.000137090682983398" />
  </testsuite>
  <testsuite name="spec_perl_TestNavParentOverride_t" errors="0" failures="0" skipped="0" tests="3" time="0.0520119667053223">
    <system-out>1..3
ok 1 - Equals
ok 2 - Equals
ok 3 - Equals
</system-out>
    <testcase name="Equals (283)" classname="spec_perl_TestNavParentOverride_t" time="0.000180959701538086" />
    <testcase name="Equals (284)" classname="spec_perl_TestNavParentOverride_t" time="7.51018524169922e-05" />
    <testcase name="Equals (285)" classname="spec_perl_TestNavParentOverride_t" time="9.89437103271484e-05" />
  </testsuite>
  <testsuite name="spec_perl_TestExprSizeofType1_t" errors="0" failures="0" skipped="0" tests="2" time="0.0521540641784668">
    <system-out>1..2
ok 1 - Equals
ok 2 - Equals
</system-out>
    <testcase name="Equals (286)" classname="spec_perl_TestExprSizeofType1_t" time="0.000187873840332031" />
    <testcase name="Equals (287)" classname="spec_perl_TestExprSizeofType1_t" time="7.20024108886719e-05" />
  </testsuite>
  <testsuite name="spec_perl_TestEnumLongRangeS_t" errors="0" failures="0" skipped="0" tests="7" time="0.0516870021820068">
    <system-out>1..7
ok 1 - Equals
ok 2 - Equals
ok 3 - Equals
ok 4 - Equals
ok 5 - Equals
ok 6 - Equals
ok 7 - Equals
</system-out>
    <testcase name="Equals (288)" classname="spec_perl_TestEnumLongRangeS_t" time="0.000165224075317383" />
    <testcase name="Equals (289)" classname="spec_perl_TestEnumLongRangeS_t" time="0.000105857849121094" />
    <testcase name="Equals (290)" classname="spec_perl_TestEnumLongRangeS_t" time="0.000154018402099609" />
    <testcase name="Equals (291)" classname="spec_perl_TestEnumLongRangeS_t" time="0.00015711784362793" />
    <testcase name="Equals (292)" classname="spec_perl_TestEnumLongRangeS_t" time="0.000161886215209961" />
    <testcase name="Equals (293)" classname="spec_perl_TestEnumLongRangeS_t" time="0.000150918960571289" />
    <testcase name="Equals (294)" classname="spec_perl_TestEnumLongRangeS_t" time="0.000152111053466797" />
  </testsuite>
  <testsuite name="spec_perl_TestNavParentFalse2_t" errors="0" failures="0" skipped="0" tests="1" time="0.0513761043548584">
    <system-out>1..1
ok 1 - Equals
</system-out>
    <testcase name="Equals (295)" classname="spec_perl_TestNavParentFalse2_t" time="0.000192880630493164" />
  </testsuite>
  <testsuite name="spec_perl_TestTermU1Val_t" errors="0" failures="0" skipped="0" tests="2" time="0.0548510551452637">
    <system-out>1..2
ok 1 - Equals
ok 2 - Equals
</system-out>
    <testcase name="Equals (296)" classname="spec_perl_TestTermU1Val_t" time="0.000225067138671875" />
    <testcase name="Equals (297)" classname="spec_perl_TestTermU1Val_t" time="7.08103179931641e-05" />
  </testsuite>
  <testsuite name="spec_perl_TestRepeatEosU4_t" errors="0" failures="0" skipped="0" tests="5" time="0.0516209602355957">
    <system-out>1..5
ok 1 - Equals
ok 2 - Equals
ok 3 - Equals
ok 4 - Equals
ok 5 - Equals
</system-out>
    <testcase name="Equals (298)" classname="spec_perl_TestRepeatEosU4_t" time="0.000153064727783203" />
    <testcase name="Equals (299)" classname="spec_perl_TestRepeatEosU4_t" time="5.60283660888672e-05" />
    <testcase name="Equals (300)" classname="spec_perl_TestRepeatEosU4_t" time="0.000100135803222656" />
    <testcase name="Equals (301)" classname="spec_perl_TestRepeatEosU4_t" time="8.89301300048828e-05" />
    <testcase name="Equals (302)" classname="spec_perl_TestRepeatEosU4_t" time="9.08374786376953e-05" />
  </testsuite>
  <testsuite name="spec_perl_TestNestedSameName_t" errors="0" failures="0" skipped="0" tests="2" time="0.0511519908905029">
    <system-out>1..2
ok 1 - Equals
ok 2 - Equals
</system-out>
    <testcase name="Equals (303)" classname="spec_perl_TestNestedSameName_t" time="0.000151157379150391" />
    <testcase name="Equals (304)" classname="spec_perl_TestNestedSameName_t" time="6.19888305664062e-05" />
  </testsuite>
  <testsuite name="spec_perl_TestStrLiteralsLatin1_t" errors="0" failures="0" skipped="0" tests="1" time="0.05570387840271">
    <system-out>1..1
ok 1 - Equals
</system-out>
    <testcase name="Equals (305)" classname="spec_perl_TestStrLiteralsLatin1_t" time="0.000222921371459961" />
  </testsuite>
  <testsuite name="spec_perl_TestRepeatNStruct_t" errors="0" failures="0" skipped="0" tests="5" time="0.051764965057373">
    <system-out>1..5
ok 1 - Equals
ok 2 - Equals
ok 3 - Equals
ok 4 - Equals
ok 5 - Equals
</system-out>
    <testcase name="Equals (306)" classname="spec_perl_TestRepeatNStruct_t" time="0.000171899795532227" />
    <testcase name="Equals (307)" classname="spec_perl_TestRepeatNStruct_t" time="5.81741333007812e-05" />
    <testcase name="Equals (308)" classname="spec_perl_TestRepeatNStruct_t" time="9.89437103271484e-05" />
    <testcase name="Equals (309)" classname="spec_perl_TestRepeatNStruct_t" time="9.98973846435547e-05" />
    <testcase name="Equals (310)" classname="spec_perl_TestRepeatNStruct_t" time="0.000114202499389648" />
  </testsuite>
  <testsuite name="spec_perl_TestBcdUserTypeLe_t" errors="0" failures="0" skipped="0" tests="6" time="0.052077054977417">
    <system-out>1..6
ok 1 - Equals
ok 2 - Equals
ok 3 - Equals
ok 4 - Equals
ok 5 - Equals
ok 6 - Equals
</system-out>
    <testcase name="Equals (311)" classname="spec_perl_TestBcdUserTypeLe_t" time="0.000468969345092773" />
    <testcase name="Equals (312)" classname="spec_perl_TestBcdUserTypeLe_t" time="0.000101089477539062" />
    <testcase name="Equals (313)" classname="spec_perl_TestBcdUserTypeLe_t" time="0.00011897087097168" />
    <testcase name="Equals (314)" classname="spec_perl_TestBcdUserTypeLe_t" time="0.000123023986816406" />
    <testcase name="Equals (315)" classname="spec_perl_TestBcdUserTypeLe_t" time="0.000110864639282227" />
    <testcase name="Equals (316)" classname="spec_perl_TestBcdUserTypeLe_t" time="0.000103950500488281" />
  </testsuite>
  <testsuite name="spec_perl_TestIfValues_t" errors="0" failures="0" skipped="0" tests="6" time="0.0511541366577148">
    <system-out>1..6
ok 1 - Equals
ok 2 - Equals
ok 3 - Equals
ok 4 - nil
ok 5 - Equals
ok 6 - nil
</system-out>
    <testcase name="Equals (317)" classname="spec_perl_TestIfValues_t" time="0.000182151794433594" />
    <testcase name="Equals (318)" classname="spec_perl_TestIfValues_t" time="9.20295715332031e-05" />
    <testcase name="Equals (319)" classname="spec_perl_TestIfValues_t" time="9.89437103271484e-05" />
    <testcase name="nil (319)" classname="spec_perl_TestIfValues_t" time="5.38825988769531e-05" />
    <testcase name="Equals (320)" classname="spec_perl_TestIfValues_t" time="9.01222229003906e-05" />
    <testcase name="nil (320)" classname="spec_perl_TestIfValues_t" time="6.4849853515625e-05" />
  </testsuite>
  <testsuite name="spec_perl_TestStrEncodingsDefault_t" errors="0" failures="0" skipped="0" tests="4" time="0.058568000793457">
    <system-out>1..4
ok 1 - Equals
ok 2 - Equals
ok 3 - Equals
ok 4 - Equals
</system-out>
    <testcase name="Equals (321)" classname="spec_perl_TestStrEncodingsDefault_t" time="0.00330805778503418" />
    <testcase name="Equals (322)" classname="spec_perl_TestStrEncodingsDefault_t" time="8.10623168945312e-05" />
    <testcase name="Equals (323)" classname="spec_perl_TestStrEncodingsDefault_t" time="7.89165496826172e-05" />
    <testcase name="Equals (324)" classname="spec_perl_TestStrEncodingsDefault_t" time="0.000102996826171875" />
  </testsuite>
  <testsuite name="spec_perl_TestNavRootRecursive_t" errors="0" failures="0" skipped="0" tests="4" time="0.0515120029449463">
    <system-out>1..4
ok 1 - Equals
ok 2 - Equals
ok 3 - Equals
ok 4 - nil
</system-out>
    <testcase name="Equals (325)" classname="spec_perl_TestNavRootRecursive_t" time="0.000149011611938477" />
    <testcase name="Equals (326)" classname="spec_perl_TestNavRootRecursive_t" time="5.88893890380859e-05" />
    <testcase name="Equals (327)" classname="spec_perl_TestNavRootRecursive_t" time="0.00010991096496582" />
    <testcase name="nil (327)" classname="spec_perl_TestNavRootRecursive_t" time="8.60691070556641e-05" />
  </testsuite>
  <testsuite name="spec_perl_TestExprCalcArrayOps_t" errors="0" failures="0" skipped="0" tests="18" time="0.0527801513671875">
    <system-out>1..18
ok 1 - Equals
ok 2 - Equals
ok 3 - Equals
ok 4 - Equals
ok 5 - Equals
ok 6 - Equals
ok 7 - Equals
ok 8 - Approx equals
ok 9 - Approx equals
ok 10 - Approx equals
ok 11 - Approx equals
ok 12 - Approx equals
ok 13 - Equals
ok 14 - Equals
ok 15 - Equals
ok 16 - Equals
ok 17 - Equals
ok 18 - Equals
</system-out>
    <testcase name="Equals (328)" classname="spec_perl_TestExprCalcArrayOps_t" time="0.000139951705932617" />
    <testcase name="Equals (329)" classname="spec_perl_TestExprCalcArrayOps_t" time="5.81741333007812e-05" />
    <testcase name="Equals (330)" classname="spec_perl_TestExprCalcArrayOps_t" time="9.08374786376953e-05" />
    <testcase name="Equals (331)" classname="spec_perl_TestExprCalcArrayOps_t" time="0.000159025192260742" />
    <testcase name="Equals (332)" classname="spec_perl_TestExprCalcArrayOps_t" time="0.000106096267700195" />
    <testcase name="Equals (333)" classname="spec_perl_TestExprCalcArrayOps_t" time="0.000105857849121094" />
    <testcase name="Equals (334)" classname="spec_perl_TestExprCalcArrayOps_t" time="0.000102043151855469" />
    <testcase name="Approx equals (334)" classname="spec_perl_TestExprCalcArrayOps_t" time="4.81605529785156e-05" />
    <testcase name="Approx equals (335)" classname="spec_perl_TestExprCalcArrayOps_t" time="4.1961669921875e-05" />
    <testcase name="Approx equals (336)" classname="spec_perl_TestExprCalcArrayOps_t" time="3.98159027099609e-05" />
    <testcase name="Approx equals (337)" classname="spec_perl_TestExprCalcArrayOps_t" time="3.50475311279297e-05" />
    <testcase name="Approx equals (338)" classname="spec_perl_TestExprCalcArrayOps_t" time="3.19480895996094e-05" />
    <testcase name="Equals (338)" classname="spec_perl_TestExprCalcArrayOps_t" time="0.000126123428344727" />
    <testcase name="Equals (339)" classname="spec_perl_TestExprCalcArrayOps_t" time="0.000102043151855469" />
    <testcase name="Equals (340)" classname="spec_perl_TestExprCalcArrayOps_t" time="0.000107049942016602" />
    <testcase name="Equals (341)" classname="spec_perl_TestExprCalcArrayOps_t" time="0.000166893005371094" />
    <testcase name="Equals (342)" classname="spec_perl_TestExprCalcArrayOps_t" time="0.000102996826171875" />
    <testcase name="Equals (343)" classname="spec_perl_TestExprCalcArrayOps_t" time="0.000106096267700195" />
  </testsuite>
  <testsuite name="spec_perl_TestSwitchManualInt_t" errors="0" failures="0" skipped="0" tests="9" time="0.0578231811523438">
    <system-out>1..9
ok 1 - Equals
ok 2 - Equals
ok 3 - Equals
ok 4 - Equals
ok 5 - Equals
ok 6 - Equals
ok 7 - Equals
ok 8 - Equals
ok 9 - Equals
</system-out>
    <testcase name="Equals (344)" classname="spec_perl_TestSwitchManualInt_t" time="0.000145912170410156" />
    <testcase name="Equals (345)" classname="spec_perl_TestSwitchManualInt_t" time="6.60419464111328e-05" />
    <testcase name="Equals (346)" classname="spec_perl_TestSwitchManualInt_t" time="0.000101089477539062" />
    <testcase name="Equals (347)" classname="spec_perl_TestSwitchManualInt_t" time="9.48905944824219e-05" />
    <testcase name="Equals (348)" classname="spec_perl_TestSwitchManualInt_t" time="9.10758972167969e-05" />
    <testcase name="Equals (349)" classname="spec_perl_TestSwitchManualInt_t" time="0.000154972076416016" />
    <testcase name="Equals (350)" classname="spec_perl_TestSwitchManualInt_t" time="0.000105857849121094" />
    <testcase name="Equals (351)" classname="spec_perl_TestSwitchManualInt_t" time="9.51290130615234e-05" />
    <testcase name="Equals (352)" classname="spec_perl_TestSwitchManualInt_t" time="9.89437103271484e-05" />
  </testsuite>
  <testsuite name="spec_perl_TestSwitchIntegers_t" errors="0" failures="0" skipped="0" tests="9" time="0.0526330471038818">
    <system-out>1..9
ok 1 - Equals
ok 2 - Equals
ok 3 - Equals
ok 4 - Equals
ok 5 - Equals
ok 6 - Equals
ok 7 - Equals
ok 8 - Equals
ok 9 - Equals
</system-out>
    <testcase name="Equals (353)" classname="spec_perl_TestSwitchIntegers_t" time="0.000138044357299805" />
    <testcase name="Equals (354)" classname="spec_perl_TestSwitchIntegers_t" time="7.79628753662109e-05" />
    <testcase name="Equals (355)" classname="spec_perl_TestSwitchIntegers_t" time="0.000101089477539062" />
    <testcase name="Equals (356)" classname="spec_perl_TestSwitchIntegers_t" time="9.60826873779297e-05" />
    <testcase name="Equals (357)" classname="spec_perl_TestSwitchIntegers_t" time="9.48905944824219e-05" />
    <testcase name="Equals (358)" classname="spec_perl_TestSwitchIntegers_t" time="9.51290130615234e-05" />
    <testcase name="Equals (359)" classname="spec_perl_TestSwitchIntegers_t" time="0.000101804733276367" />
    <testcase name="Equals (360)" classname="spec_perl_TestSwitchIntegers_t" time="9.01222229003906e-05" />
    <testcase name="Equals (361)" classname="spec_perl_TestSwitchIntegers_t" time="0.000124931335449219" />
  </testsuite>
  <testsuite name="spec_perl_TestBitsSignedShiftB32Le_t" errors="0" failures="0" skipped="0" tests="2" time="0.0508410930633545">
    <system-out>1..2
ok 1 - Equals
ok 2 - Equals
</system-out>
    <testcase name="Equals (362)" classname="spec_perl_TestBitsSignedShiftB32Le_t" time="0.000280141830444336" />
    <testcase name="Equals (363)" classname="spec_perl_TestBitsSignedShiftB32Le_t" time="0.000136852264404297" />
  </testsuite>
  <testsuite name="spec_perl_TestStrPadTerm_t" errors="0" failures="0" skipped="0" tests="4" time="0.0550401210784912">
    <system-out>1..4
ok 1 - Equals
ok 2 - Equals
ok 3 - Equals
ok 4 - Equals
</system-out>
    <testcase name="Equals (364)" classname="spec_perl_TestStrPadTerm_t" time="0.000238895416259766" />
    <testcase name="Equals (365)" classname="spec_perl_TestStrPadTerm_t" time="5.60283660888672e-05" />
    <testcase name="Equals (366)" classname="spec_perl_TestStrPadTerm_t" time="9.70363616943359e-05" />
    <testcase name="Equals (367)" classname="spec_perl_TestStrPadTerm_t" time="0.000106096267700195" />
  </testsuite>
  <testsuite name="spec_perl_TestProcessXorValue_t" errors="0" failures="0" skipped="0" tests="2" time="0.0523159503936768">
    <system-out>1..2
ok 1 - Equals
ok 2 - Equals
</system-out>
    <testcase name="Equals (368)" classname="spec_perl_TestProcessXorValue_t" time="0.000168085098266602" />
    <testcase name="Equals (369)" classname="spec_perl_TestProcessXorValue_t" time="8.60691070556641e-05" />
  </testsuite>
  <testsuite name="spec_perl_TestProcessCoerceUsertype2_t" errors="0" failures="0" skipped="0" tests="4" time="0.0527629852294922">
    <system-out>1..4
ok 1 - Equals
ok 2 - Equals
ok 3 - Equals
ok 4 - Equals
</system-out>
    <testcase name="Equals (370)" classname="spec_perl_TestProcessCoerceUsertype2_t" time="0.000509023666381836" />
    <testcase name="Equals (371)" classname="spec_perl_TestProcessCoerceUsertype2_t" time="8.51154327392578e-05" />
    <testcase name="Equals (372)" classname="spec_perl_TestProcessCoerceUsertype2_t" time="9.79900360107422e-05" />
    <testcase name="Equals (373)" classname="spec_perl_TestProcessCoerceUsertype2_t" time="0.000100851058959961" />
  </testsuite>
  <testsuite name="spec_perl_TestEosExceptionSized_t" errors="0" failures="0" skipped="0" tests="1" time="0.0528740882873535">
    <system-out>1..1
ok 1 - threw /^Requested \d+ bytes, but only \d+ bytes available/
</system-out>
    <testcase name="threw /^Requested \d+ bytes, but only \d+ bytes available/ (373)" classname="spec_perl_TestEosExceptionSized_t" time="0.000387907028198242" />
  </testsuite>
  <testsuite name="spec_perl_TestIfInstances_t" errors="0" failures="0" skipped="0" tests="1" time="0.0508179664611816">
    <system-out>1..1
ok 1 - nil
</system-out>
    <testcase name="nil (373)" classname="spec_perl_TestIfInstances_t" time="0.00014495849609375" />
  </testsuite>
  <testsuite name="spec_perl_TestTermBytes_t" errors="0" failures="0" skipped="0" tests="3" time="0.050879955291748">
    <system-out>1..3
ok 1 - Equals
ok 2 - Equals
ok 3 - Equals
</system-out>
    <testcase name="Equals (374)" classname="spec_perl_TestTermBytes_t" time="0.000145912170410156" />
    <testcase name="Equals (375)" classname="spec_perl_TestTermBytes_t" time="6.19888305664062e-05" />
    <testcase name="Equals (376)" classname="spec_perl_TestTermBytes_t" time="8.91685485839844e-05" />
  </testsuite>
  <testsuite name="spec_perl_TestIndexToParamUntil_t" errors="0" failures="2" skipped="0" tests="7" time="0.0582230091094971">
    <system-out>1..7
ok 1 - Equals
ok 2 - Equals
ok 3 - Equals
ok 4 - Equals
ok 5 - Equals
not ok 6 - Equals
not ok 7 - Equals
</system-out>
    <testcase name="Equals (377)" classname="spec_perl_TestIndexToParamUntil_t" time="0.000422954559326172" />
    <testcase name="Equals (378)" classname="spec_perl_TestIndexToParamUntil_t" time="0.000285148620605469" />
    <testcase name="Equals (379)" classname="spec_perl_TestIndexToParamUntil_t" time="0.0001068115234375" />
    <testcase name="Equals (380)" classname="spec_perl_TestIndexToParamUntil_t" time="0.000132083892822266" />
    <testcase name="Equals (381)" classname="spec_perl_TestIndexToParamUntil_t" time="0.000153064727783203" />
    <testcase name="Equals (382)" classname="spec_perl_TestIndexToParamUntil_t" time="0.000210046768188477">
      <failure message="not ok 6 - Equals" type="TAP::Parser::Result::Test"></failure>
    </testcase>
    <testcase name="Equals (383)" classname="spec_perl_TestIndexToParamUntil_t" time="0.000676870346069336">
      <failure message="not ok 7 - Equals" type="TAP::Parser::Result::Test"></failure>
    </testcase>
  </testsuite>
  <testsuite name="spec_perl_TestExpr3_t" errors="0" failures="0" skipped="0" tests="12" time="0.0551068782806396">
    <system-out>1..12
ok 1 - Equals
ok 2 - Equals
ok 3 - Equals
ok 4 - Equals
ok 5 - Equals
ok 6 - Equals
ok 7 - Equals
ok 8 - Equals
ok 9 - Equals
ok 10 - Equals
ok 11 - Equals
ok 12 - Equals
</system-out>
    <testcase name="Equals (384)" classname="spec_perl_TestExpr3_t" time="0.000178098678588867" />
    <testcase name="Equals (385)" classname="spec_perl_TestExpr3_t" time="6.38961791992188e-05" />
    <testcase name="Equals (386)" classname="spec_perl_TestExpr3_t" time="0.000102043151855469" />
    <testcase name="Equals (387)" classname="spec_perl_TestExpr3_t" time="9.79900360107422e-05" />
    <testcase name="Equals (388)" classname="spec_perl_TestExpr3_t" time="7.51018524169922e-05" />
    <testcase name="Equals (389)" classname="spec_perl_TestExpr3_t" time="7.10487365722656e-05" />
    <testcase name="Equals (390)" classname="spec_perl_TestExpr3_t" time="6.89029693603516e-05" />
    <testcase name="Equals (391)" classname="spec_perl_TestExpr3_t" time="8.89301300048828e-05" />
    <testcase name="Equals (392)" classname="spec_perl_TestExpr3_t" time="5.69820404052734e-05" />
    <testcase name="Equals (393)" classname="spec_perl_TestExpr3_t" time="9.41753387451172e-05" />
    <testcase name="Equals (394)" classname="spec_perl_TestExpr3_t" time="8.79764556884766e-05" />
    <testcase name="Equals (395)" classname="spec_perl_TestExpr3_t" time="8.48770141601562e-05" />
  </testsuite>
  <testsuite name="spec_perl_TestZlibSurrounded_t" errors="0" failures="0" skipped="0" tests="1" time="0.0737349987030029">
    <system-out>1..1
ok 1 - Equals
</system-out>
    <testcase name="Equals (396)" classname="spec_perl_TestZlibSurrounded_t" time="0.000439882278442383" />
  </testsuite>
  <testsuite name="spec_perl_TestBufferedStruct_t" errors="0" failures="0" skipped="0" tests="7" time="0.0517840385437012">
    <system-out>1..7
ok 1 - Equals
ok 2 - Equals
ok 3 - Equals
ok 4 - Equals
ok 5 - Equals
ok 6 - Equals
ok 7 - Equals
</system-out>
    <testcase name="Equals (397)" classname="spec_perl_TestBufferedStruct_t" time="0.000466108322143555" />
    <testcase name="Equals (398)" classname="spec_perl_TestBufferedStruct_t" time="5.98430633544922e-05" />
    <testcase name="Equals (399)" classname="spec_perl_TestBufferedStruct_t" time="0.000111103057861328" />
    <testcase name="Equals (400)" classname="spec_perl_TestBufferedStruct_t" time="0.000118017196655273" />
    <testcase name="Equals (401)" classname="spec_perl_TestBufferedStruct_t" time="9.29832458496094e-05" />
    <testcase name="Equals (402)" classname="spec_perl_TestBufferedStruct_t" time="9.60826873779297e-05" />
    <testcase name="Equals (403)" classname="spec_perl_TestBufferedStruct_t" time="9.29832458496094e-05" />
  </testsuite>
  <testsuite name="spec_perl_TestTermStrzUtf16V4_t" errors="0" failures="0" skipped="0" tests="3" time="0.0559508800506592">
    <system-out>1..3
ok 1 - Equals
ok 2 - Equals
ok 3 - Equals
</system-out>
    <testcase name="Equals (404)" classname="spec_perl_TestTermStrzUtf16V4_t" time="0.00109696388244629" />
    <testcase name="Equals (405)" classname="spec_perl_TestTermStrzUtf16V4_t" time="6.00814819335938e-05" />
    <testcase name="Equals (406)" classname="spec_perl_TestTermStrzUtf16V4_t" time="0.000104904174804688" />
  </testsuite>
  <testsuite name="spec_perl_TestImportsParamsDefUsertypeImported_t" errors="0" failures="1" skipped="0" tests="2" time="0.0527241230010986">
    <system-out>1..2
ok 1 - Equals
not ok 2 - test_imports_params_def_usertype_imported died (Can't call method &quot;one&quot; on an undefined value at compiled/perl/ParamsDefUsertypeImported.pm line 43.)
</system-out>
    <testcase name="Equals (407)" classname="spec_perl_TestImportsParamsDefUsertypeImported_t" time="0.00018620491027832" />
    <testcase name="test_imports_params_def_usertype_imported died (Can't call method &quot;one&quot; on an undefined value at compiled/perl/ParamsDefUsertypeImported.pm line 43.) (407)" classname="spec_perl_TestImportsParamsDefUsertypeImported_t" time="0.000165939331054688">
      <failure message="not ok 2 - test_imports_params_def_usertype_imported died (Can't call method &quot;one&quot; on an undefined value at compiled/perl/ParamsDefUsertypeImported.pm line 43.)" type="TAP::Parser::Result::Test"></failure>
    </testcase>
  </testsuite>
  <testsuite name="spec_perl_TestParamsPassStruct_t" errors="0" failures="1" skipped="1" tests="4" time="0.0527050495147705">
    <system-out>1..4
ok 1 - Equals
ok 2 - Equals
not ok 3 - test_params_pass_struct died (Can't call method &quot;foo&quot; on an undefined value at spec/perl/TestParamsPassStruct.t line 16.)
ok 4 # skip test_params_pass_struct died
</system-out>
    <testcase name="Equals (408)" classname="spec_perl_TestParamsPassStruct_t" time="0.000168085098266602" />
    <testcase name="Equals (409)" classname="spec_perl_TestParamsPassStruct_t" time="6.60419464111328e-05" />
    <testcase name="test_params_pass_struct died (Can't call method &quot;foo&quot; on an undefined value at spec/perl/TestParamsPassStruct.t line 16.) (409)" classname="spec_perl_TestParamsPassStruct_t" time="0.0001678466796875">
      <failure message="not ok 3 - test_params_pass_struct died (Can't call method &quot;foo&quot; on an undefined value at spec/perl/TestParamsPassStruct.t line 16.)" type="TAP::Parser::Result::Test"></failure>
    </testcase>
    <testcase name="Unnamed test case 409" classname="spec_perl_TestParamsPassStruct_t" time="0.000545024871826172">
      <skipped message="ok 4 # skip test_params_pass_struct died" />
    </testcase>
  </testsuite>
  <testsuite name="spec_perl_TestExprBytesNonLiteral_t" errors="0" failures="0" skipped="0" tests="3" time="0.0509541034698486">
    <system-out>1..3
ok 1 - Equals
ok 2 - Equals
ok 3 - Equals
</system-out>
    <testcase name="Equals (410)" classname="spec_perl_TestExprBytesNonLiteral_t" time="0.000159978866577148" />
    <testcase name="Equals (411)" classname="spec_perl_TestExprBytesNonLiteral_t" time="0.000102043151855469" />
    <testcase name="Equals (412)" classname="spec_perl_TestExprBytesNonLiteral_t" time="0.000116109848022461" />
  </testsuite>
  <testsuite name="spec_perl_TestDefaultEndianExprException_t" errors="0" failures="0" skipped="0" tests="1" time="0.0526268482208252">
    <system-out>1..1
ok 1 - threw /^Unable to decide on endianness/
</system-out>
    <testcase name="threw /^Unable to decide on endianness/ (412)" classname="spec_perl_TestDefaultEndianExprException_t" time="0.000133991241455078" />
  </testsuite>
  <testsuite name="spec_perl_TestSwitchManualIntSizeEos_t" errors="0" failures="0" skipped="0" tests="10" time="0.0578598976135254">
    <system-out>1..10
ok 1 - Equals
ok 2 - Equals
ok 3 - Equals
ok 4 - Equals
ok 5 - Equals
ok 6 - Equals
ok 7 - Equals
ok 8 - Equals
ok 9 - Equals
ok 10 - Equals
</system-out>
    <testcase name="Equals (413)" classname="spec_perl_TestSwitchManualIntSizeEos_t" time="0.000658035278320312" />
    <testcase name="Equals (414)" classname="spec_perl_TestSwitchManualIntSizeEos_t" time="5.48362731933594e-05" />
    <testcase name="Equals (415)" classname="spec_perl_TestSwitchManualIntSizeEos_t" time="7.41481781005859e-05" />
    <testcase name="Equals (416)" classname="spec_perl_TestSwitchManualIntSizeEos_t" time="9.79900360107422e-05" />
    <testcase name="Equals (417)" classname="spec_perl_TestSwitchManualIntSizeEos_t" time="9.08374786376953e-05" />
    <testcase name="Equals (418)" classname="spec_perl_TestSwitchManualIntSizeEos_t" time="0.000120162963867188" />
    <testcase name="Equals (419)" classname="spec_perl_TestSwitchManualIntSizeEos_t" time="9.58442687988281e-05" />
    <testcase name="Equals (420)" classname="spec_perl_TestSwitchManualIntSizeEos_t" time="9.51290130615234e-05" />
    <testcase name="Equals (421)" classname="spec_perl_TestSwitchManualIntSizeEos_t" time="9.29832458496094e-05" />
    <testcase name="Equals (422)" classname="spec_perl_TestSwitchManualIntSizeEos_t" time="0.000120878219604492" />
  </testsuite>
  <testsuite name="spec_perl_TestEofExceptionU4_t" errors="0" failures="0" skipped="0" tests="1" time="0.0525000095367432">
    <system-out>1..1
ok 1 - threw /^Requested \d+ bytes, but only \d+ bytes available/
</system-out>
    <testcase name="threw /^Requested \d+ bytes, but only \d+ bytes available/ (422)" classname="spec_perl_TestEofExceptionU4_t" time="0.00018310546875" />
  </testsuite>
  <testsuite name="spec_perl_TestSwitchManualStr_t" errors="0" failures="0" skipped="0" tests="9" time="0.0566768646240234">
    <system-out>1..9
ok 1 - Equals
ok 2 - Equals
ok 3 - Equals
ok 4 - Equals
ok 5 - Equals
ok 6 - Equals
ok 7 - Equals
ok 8 - Equals
ok 9 - Equals
</system-out>
    <testcase name="Equals (423)" classname="spec_perl_TestSwitchManualStr_t" time="0.000224113464355469" />
    <testcase name="Equals (424)" classname="spec_perl_TestSwitchManualStr_t" time="6.79492950439453e-05" />
    <testcase name="Equals (425)" classname="spec_perl_TestSwitchManualStr_t" time="0.000123977661132812" />
[...]
  </testsuite>
  <testsuite name="spec_perl_TestExprMod_t" errors="0" failures="0" skipped="0" tests="6" time="0.0510520935058594">
    <system-out>1..6
ok 1 - Equals
ok 2 - Equals
ok 3 - Equals
ok 4 - Equals
ok 5 - Equals
ok 6 - Equals
</system-out>
    <testcase name="Equals (1005)" classname="spec_perl_TestExprMod_t" time="0.000171184539794922" />
    <testcase name="Equals (1006)" classname="spec_perl_TestExprMod_t" time="6.38961791992188e-05" />
    <testcase name="Equals (1007)" classname="spec_perl_TestExprMod_t" time="0.000112056732177734" />
    <testcase name="Equals (1008)" classname="spec_perl_TestExprMod_t" time="0.000113964080810547" />
    <testcase name="Equals (1009)" classname="spec_perl_TestExprMod_t" time="0.000103950500488281" />
    <testcase name="Equals (1010)" classname="spec_perl_TestExprMod_t" time="0.000102043151855469" />
  </testsuite>
  <testsuite name="spec_perl_TestEnumImportLiterals_t" errors="0" failures="0" skipped="0" tests="3" time="0.0504829883575439">
    <system-out>1..3
ok 1 - Equals
ok 2 - Equals
ok 3 - Equals
</system-out>
    <testcase name="Equals (1011)" classname="spec_perl_TestEnumImportLiterals_t" time="0.000115156173706055" />
    <testcase name="Equals (1012)" classname="spec_perl_TestEnumImportLiterals_t" time="5.29289245605469e-05" />
    <testcase name="Equals (1013)" classname="spec_perl_TestEnumImportLiterals_t" time="0.000121116638183594" />
  </testsuite>
  <testsuite name="spec_perl_TestExprFstring0_t" errors="0" failures="0" skipped="0" tests="9" time="0.0555849075317383">
    <system-out>1..9
ok 1 - Equals
ok 2 - Equals
ok 3 - Equals
ok 4 - Equals
ok 5 - Equals
ok 6 - Equals
ok 7 - Equals
ok 8 - Equals
ok 9 - Equals
</system-out>
    <testcase name="Equals (1014)" classname="spec_perl_TestExprFstring0_t" time="0.000159025192260742" />
    <testcase name="Equals (1015)" classname="spec_perl_TestExprFstring0_t" time="5.79357147216797e-05" />
    <testcase name="Equals (1016)" classname="spec_perl_TestExprFstring0_t" time="0.000133037567138672" />
    <testcase name="Equals (1017)" classname="spec_perl_TestExprFstring0_t" time="9.70363616943359e-05" />
    <testcase name="Equals (1018)" classname="spec_perl_TestExprFstring0_t" time="8.89301300048828e-05" />
    <testcase name="Equals (1019)" classname="spec_perl_TestExprFstring0_t" time="9.20295715332031e-05" />
    <testcase name="Equals (1020)" classname="spec_perl_TestExprFstring0_t" time="9.10758972167969e-05" />
    <testcase name="Equals (1021)" classname="spec_perl_TestExprFstring0_t" time="8.70227813720703e-05" />
    <testcase name="Equals (1022)" classname="spec_perl_TestExprFstring0_t" time="8.79764556884766e-05" />
  </testsuite>
  <testsuite name="spec_perl_TestTermStrzUtf16V3_t" errors="0" failures="0" skipped="0" tests="4" time="0.0552060604095459">
    <system-out>1..4
ok 1 - Equals
ok 2 - Equals
ok 3 - Equals
ok 4 - Equals
</system-out>
    <testcase name="Equals (1023)" classname="spec_perl_TestTermStrzUtf16V3_t" time="0.000813007354736328" />
    <testcase name="Equals (1024)" classname="spec_perl_TestTermStrzUtf16V3_t" time="7.20024108886719e-05" />
    <testcase name="Equals (1025)" classname="spec_perl_TestTermStrzUtf16V3_t" time="9.29832458496094e-05" />
    <testcase name="Equals (1026)" classname="spec_perl_TestTermStrzUtf16V3_t" time="9.60826873779297e-05" />
  </testsuite>
  <testsuite name="spec_perl_TestCastToTop_t" errors="0" failures="0" skipped="0" tests="3" time="0.0545408725738525">
    <system-out>1..3
ok 1 - Equals
ok 2 - Equals
ok 3 - Equals
</system-out>
    <testcase name="Equals (1027)" classname="spec_perl_TestCastToTop_t" time="0.000200986862182617" />
    <testcase name="Equals (1028)" classname="spec_perl_TestCastToTop_t" time="9.60826873779297e-05" />
    <testcase name="Equals (1029)" classname="spec_perl_TestCastToTop_t" time="9.89437103271484e-05" />
  </testsuite>
  <testsuite name="spec_perl_TestBitsUnalignedB64Le_t" errors="0" failures="0" skipped="0" tests="3" time="0.051969051361084">
    <system-out>1..3
ok 1 - Equals
ok 2 - Equals
ok 3 - Equals
</system-out>
    <testcase name="Equals (1030)" classname="spec_perl_TestBitsUnalignedB64Le_t" time="0.000163078308105469" />
    <testcase name="Equals (1031)" classname="spec_perl_TestBitsUnalignedB64Le_t" time="6.103515625e-05" />
    <testcase name="Equals (1032)" classname="spec_perl_TestBitsUnalignedB64Le_t" time="9.39369201660156e-05" />
  </testsuite>
  <testsuite name="spec_perl_TestCombineBytes_t" errors="0" failures="0" skipped="0" tests="10" time="0.0513908863067627">
    <system-out>1..10
ok 1 - Equals
ok 2 - Equals
ok 3 - Equals
ok 4 - Equals
ok 5 - Equals
ok 6 - Equals
ok 7 - Equals
ok 8 - Equals
ok 9 - Equals
ok 10 - Equals
</system-out>
    <testcase name="Equals (1033)" classname="spec_perl_TestCombineBytes_t" time="0.000203132629394531" />
    <testcase name="Equals (1034)" classname="spec_perl_TestCombineBytes_t" time="4.79221343994141e-05" />
    <testcase name="Equals (1035)" classname="spec_perl_TestCombineBytes_t" time="0.00010991096496582" />
    <testcase name="Equals (1036)" classname="spec_perl_TestCombineBytes_t" time="0.000118017196655273" />
    <testcase name="Equals (1037)" classname="spec_perl_TestCombineBytes_t" time="9.39369201660156e-05" />
    <testcase name="Equals (1038)" classname="spec_perl_TestCombineBytes_t" time="9.10758972167969e-05" />
    <testcase name="Equals (1039)" classname="spec_perl_TestCombineBytes_t" time="9.01222229003906e-05" />
    <testcase name="Equals (1040)" classname="spec_perl_TestCombineBytes_t" time="9.08374786376953e-05" />
    <testcase name="Equals (1041)" classname="spec_perl_TestCombineBytes_t" time="0.000102043151855469" />
    <testcase name="Equals (1042)" classname="spec_perl_TestCombineBytes_t" time="8.79764556884766e-05" />
  </testsuite>
  <testsuite name="spec_perl_TestRepeatUntilS4_t" errors="0" failures="0" skipped="0" tests="2" time="0.0545001029968262">
    <system-out>1..2
ok 1 - Equals
ok 2 - Equals
</system-out>
    <testcase name="Equals (1043)" classname="spec_perl_TestRepeatUntilS4_t" time="0.000217914581298828" />
    <testcase name="Equals (1044)" classname="spec_perl_TestRepeatUntilS4_t" time="9.39369201660156e-05" />
  </testsuite>
  <testsuite name="spec_perl_TestImportsCastToImported_t" errors="0" failures="1" skipped="0" tests="2" time="0.0531399250030518">
    <system-out>1..2
ok 1 - Equals
not ok 2 - test_imports_cast_to_imported died (Can't call method &quot;one&quot; on an undefined value at compiled/perl/CastToImported.pm line 42.)
</system-out>
    <testcase name="Equals (1045)" classname="spec_perl_TestImportsCastToImported_t" time="0.00014805793762207" />
    <testcase name="test_imports_cast_to_imported died (Can't call method &quot;one&quot; on an undefined value at compiled/perl/CastToImported.pm line 42.) (1045)" classname="spec_perl_TestImportsCastToImported_t" time="0.000165939331054688">
      <failure message="not ok 2 - test_imports_cast_to_imported died (Can't call method &quot;one&quot; on an undefined value at compiled/perl/CastToImported.pm line 42.)" type="TAP::Parser::Result::Test"></failure>
    </testcase>
  </testsuite>
  <testsuite name="spec_perl_TestEnumOfValueInst_t" errors="0" failures="0" skipped="0" tests="4" time="0.0518088340759277">
    <system-out>1..4
ok 1 - Equals
ok 2 - Equals
ok 3 - Equals
ok 4 - Equals
</system-out>
    <testcase name="Equals (1046)" classname="spec_perl_TestEnumOfValueInst_t" time="0.000137805938720703" />
    <testcase name="Equals (1047)" classname="spec_perl_TestEnumOfValueInst_t" time="6.103515625e-05" />
    <testcase name="Equals (1048)" classname="spec_perl_TestEnumOfValueInst_t" time="0.000112056732177734" />
    <testcase name="Equals (1049)" classname="spec_perl_TestEnumOfValueInst_t" time="8.79764556884766e-05" />
  </testsuite>
  <testsuite name="spec_perl_TestBitsShiftByB32Le_t" errors="0" failures="0" skipped="0" tests="2" time="0.0519311428070068">
    <system-out>1..2
ok 1 - Equals
ok 2 - Equals
</system-out>
    <testcase name="Equals (1050)" classname="spec_perl_TestBitsShiftByB32Le_t" time="0.000149965286254883" />
    <testcase name="Equals (1051)" classname="spec_perl_TestBitsShiftByB32Le_t" time="7.51018524169922e-05" />
  </testsuite>
  <testsuite name="spec_perl_TestImportsAbsAbs_t" errors="0" failures="0" skipped="0" tests="3" time="0.0518968105316162">
    <system-out>1..3
ok 1 - Equals
ok 2 - Equals
ok 3 - Equals
</system-out>
    <testcase name="Equals (1052)" classname="spec_perl_TestImportsAbsAbs_t" time="0.000172853469848633" />
    <testcase name="Equals (1053)" classname="spec_perl_TestImportsAbsAbs_t" time="7.29560852050781e-05" />
    <testcase name="Equals (1054)" classname="spec_perl_TestImportsAbsAbs_t" time="4.91142272949219e-05" />
  </testsuite>
  <testsuite name="spec_perl_TestTypeTernaryOpaque_t" errors="0" failures="0" skipped="0" tests="1" time="0.0516037940979004">
    <system-out>1..1
ok 1 - Equals
</system-out>
    <testcase name="Equals (1055)" classname="spec_perl_TestTypeTernaryOpaque_t" time="0.000386953353881836" />
  </testsuite>
  <testsuite name="spec_perl_TestBitsShiftByB64Le_t" errors="0" failures="0" skipped="0" tests="2" time="0.0509259700775146">
    <system-out>1..2
ok 1 - Equals
ok 2 - Equals
</system-out>
    <testcase name="Equals (1056)" classname="spec_perl_TestBitsShiftByB64Le_t" time="0.000200986862182617" />
    <testcase name="Equals (1057)" classname="spec_perl_TestBitsShiftByB64Le_t" time="6.19888305664062e-05" />
  </testsuite>
  <testsuite name="spec_perl_TestRepeatUntilCalcArrayType_t" errors="0" failures="0" skipped="0" tests="7" time="0.0522861480712891">
    <system-out>1..7
ok 1 - Equals
ok 2 - Equals
ok 3 - Equals
ok 4 - Equals
ok 5 - Equals
ok 6 - Equals
ok 7 - Equals
</system-out>
    <testcase name="Equals (1058)" classname="spec_perl_TestRepeatUntilCalcArrayType_t" time="0.000491857528686523" />
    <testcase name="Equals (1059)" classname="spec_perl_TestRepeatUntilCalcArrayType_t" time="5.91278076171875e-05" />
    <testcase name="Equals (1060)" classname="spec_perl_TestRepeatUntilCalcArrayType_t" time="0.000102043151855469" />
    <testcase name="Equals (1061)" classname="spec_perl_TestRepeatUntilCalcArrayType_t" time="9.08374786376953e-05" />
    <testcase name="Equals (1062)" classname="spec_perl_TestRepeatUntilCalcArrayType_t" time="9.10758972167969e-05" />
    <testcase name="Equals (1063)" classname="spec_perl_TestRepeatUntilCalcArrayType_t" time="9.20295715332031e-05" />
    <testcase name="Equals (1064)" classname="spec_perl_TestRepeatUntilCalcArrayType_t" time="0.000129938125610352" />
  </testsuite>
  <testsuite name="spec_perl_TestEosExceptionBytes_t" errors="0" failures="0" skipped="0" tests="1" time="0.0522599220275879">
    <system-out>1..1
ok 1 - threw /^Requested \d+ bytes, but only \d+ bytes available/
</system-out>
    <testcase name="threw /^Requested \d+ bytes, but only \d+ bytes available/ (1064)" classname="spec_perl_TestEosExceptionBytes_t" time="0.000375986099243164" />
  </testsuite>
  <testsuite name="spec_perl_TestBitsSimple_t" errors="0" failures="0" skipped="0" tests="14" time="0.0529730319976807">
    <system-out>1..14
ok 1 - Equals
ok 2 - Equals
ok 3 - Equals
ok 4 - Equals
ok 5 - Equals
ok 6 - Equals
ok 7 - Equals
ok 8 - Equals
ok 9 - Equals
ok 10 - Equals
ok 11 - Equals
ok 12 - Equals
ok 13 - Equals
ok 14 - Equals
</system-out>
    <testcase name="Equals (1065)" classname="spec_perl_TestBitsSimple_t" time="0.000217914581298828" />
    <testcase name="Equals (1066)" classname="spec_perl_TestBitsSimple_t" time="6.19888305664062e-05" />
    <testcase name="Equals (1067)" classname="spec_perl_TestBitsSimple_t" time="9.32216644287109e-05" />
    <testcase name="Equals (1068)" classname="spec_perl_TestBitsSimple_t" time="0.000102996826171875" />
    <testcase name="Equals (1069)" classname="spec_perl_TestBitsSimple_t" time="7.48634338378906e-05" />
    <testcase name="Equals (1070)" classname="spec_perl_TestBitsSimple_t" time="8.89301300048828e-05" />
    <testcase name="Equals (1071)" classname="spec_perl_TestBitsSimple_t" time="9.41753387451172e-05" />
    <testcase name="Equals (1072)" classname="spec_perl_TestBitsSimple_t" time="9.29832458496094e-05" />
    <testcase name="Equals (1073)" classname="spec_perl_TestBitsSimple_t" time="9.39369201660156e-05" />
    <testcase name="Equals (1074)" classname="spec_perl_TestBitsSimple_t" time="9.29832458496094e-05" />
    <testcase name="Equals (1075)" classname="spec_perl_TestBitsSimple_t" time="0.000106096267700195" />
    <testcase name="Equals (1076)" classname="spec_perl_TestBitsSimple_t" time="9.58442687988281e-05" />
    <testcase name="Equals (1077)" classname="spec_perl_TestBitsSimple_t" time="9.01222229003906e-05" />
    <testcase name="Equals (1078)" classname="spec_perl_TestBitsSimple_t" time="8.89301300048828e-05" />
  </testsuite>
  <testsuite name="spec_perl_TestRecursiveOne_t" errors="0" failures="0" skipped="0" tests="4" time="0.0519950389862061">
    <system-out>1..4
ok 1 - Equals
ok 2 - Equals
ok 3 - Equals
ok 4 - Equals
</system-out>
    <testcase name="Equals (1079)" classname="spec_perl_TestRecursiveOne_t" time="0.000200033187866211" />
    <testcase name="Equals (1080)" classname="spec_perl_TestRecursiveOne_t" time="6.79492950439453e-05" />
    <testcase name="Equals (1081)" classname="spec_perl_TestRecursiveOne_t" time="0.000128984451293945" />
    <testcase name="Equals (1082)" classname="spec_perl_TestRecursiveOne_t" time="9.60826873779297e-05" />
  </testsuite>
  <testsuite name="spec_perl_TestNestedTypes_t" errors="0" failures="0" skipped="0" tests="3" time="0.0525670051574707">
    <system-out>1..3
ok 1 - Equals
ok 2 - Equals
ok 3 - Equals
</system-out>
    <testcase name="Equals (1083)" classname="spec_perl_TestNestedTypes_t" time="0.000193119049072266" />
    <testcase name="Equals (1084)" classname="spec_perl_TestNestedTypes_t" time="7.48634338378906e-05" />
    <testcase name="Equals (1085)" classname="spec_perl_TestNestedTypes_t" time="0.000100135803222656" />
  </testsuite>
  <testsuite name="spec_perl_TestEosExceptionU4_t" errors="0" failures="0" skipped="0" tests="1" time="0.0530710220336914">
    <system-out>1..1
ok 1 - threw /^Requested \d+ bytes, but only \d+ bytes available/
</system-out>
    <testcase name="threw /^Requested \d+ bytes, but only \d+ bytes available/ (1085)" classname="spec_perl_TestEosExceptionU4_t" time="0.000505924224853516" />
  </testsuite>
  <testsuite name="spec_perl_TestDefaultEndianExprIsLe_t" errors="0" failures="0" skipped="0" tests="12" time="0.0525479316711426">
    <system-out>1..12
ok 1 - Equals
ok 2 - Equals
ok 3 - Equals
ok 4 - Equals
ok 5 - Equals
ok 6 - Equals
ok 7 - Equals
ok 8 - Equals
ok 9 - Equals
ok 10 - Equals
ok 11 - Equals
ok 12 - Equals
</system-out>
    <testcase name="Equals (1086)" classname="spec_perl_TestDefaultEndianExprIsLe_t" time="0.000229835510253906" />
    <testcase name="Equals (1087)" classname="spec_perl_TestDefaultEndianExprIsLe_t" time="5.81741333007812e-05" />
    <testcase name="Equals (1088)" classname="spec_perl_TestDefaultEndianExprIsLe_t" time="9.89437103271484e-05" />
    <testcase name="Equals (1089)" classname="spec_perl_TestDefaultEndianExprIsLe_t" time="9.70363616943359e-05" />
    <testcase name="Equals (1090)" classname="spec_perl_TestDefaultEndianExprIsLe_t" time="9.70363616943359e-05" />
    <testcase name="Equals (1091)" classname="spec_perl_TestDefaultEndianExprIsLe_t" time="9.70363616943359e-05" />
    <testcase name="Equals (1092)" classname="spec_perl_TestDefaultEndianExprIsLe_t" time="8.48770141601562e-05" />
    <testcase name="Equals (1093)" classname="spec_perl_TestDefaultEndianExprIsLe_t" time="9.98973846435547e-05" />
    <testcase name="Equals (1094)" classname="spec_perl_TestDefaultEndianExprIsLe_t" time="9.51290130615234e-05" />
    <testcase name="Equals (1095)" classname="spec_perl_TestDefaultEndianExprIsLe_t" time="9.29832458496094e-05" />
    <testcase name="Equals (1096)" classname="spec_perl_TestDefaultEndianExprIsLe_t" time="0.000125885009765625" />
    <testcase name="Equals (1097)" classname="spec_perl_TestDefaultEndianExprIsLe_t" time="0.000100135803222656" />
  </testsuite>
  <testsuite name="spec_perl_TestCombineStr_t" errors="0" failures="0" skipped="0" tests="15" time="0.056279182434082">
    <system-out>1..15
ok 1 - Equals
ok 2 - Equals
ok 3 - Equals
ok 4 - Equals
ok 5 - Equals
ok 6 - Equals
ok 7 - Equals
ok 8 - Equals
ok 9 - Equals
ok 10 - Equals
ok 11 - Equals
ok 12 - Equals
ok 13 - Equals
ok 14 - Equals
ok 15 - Equals
</system-out>
    <testcase name="Equals (1098)" classname="spec_perl_TestCombineStr_t" time="0.000195026397705078" />
    <testcase name="Equals (1099)" classname="spec_perl_TestCombineStr_t" time="5.79357147216797e-05" />
    <testcase name="Equals (1100)" classname="spec_perl_TestCombineStr_t" time="0.000102043151855469" />
    <testcase name="Equals (1101)" classname="spec_perl_TestCombineStr_t" time="9.10758972167969e-05" />
    <testcase name="Equals (1102)" classname="spec_perl_TestCombineStr_t" time="9.98973846435547e-05" />
    <testcase name="Equals (1103)" classname="spec_perl_TestCombineStr_t" time="9.39369201660156e-05" />
    <testcase name="Equals (1104)" classname="spec_perl_TestCombineStr_t" time="0.000121116638183594" />
    <testcase name="Equals (1105)" classname="spec_perl_TestCombineStr_t" time="9.48905944824219e-05" />
    <testcase name="Equals (1106)" classname="spec_perl_TestCombineStr_t" time="9.01222229003906e-05" />
    <testcase name="Equals (1107)" classname="spec_perl_TestCombineStr_t" time="8.79764556884766e-05" />
    <testcase name="Equals (1108)" classname="spec_perl_TestCombineStr_t" time="9.98973846435547e-05" />
    <testcase name="Equals (1109)" classname="spec_perl_TestCombineStr_t" time="9.70363616943359e-05" />
    <testcase name="Equals (1110)" classname="spec_perl_TestCombineStr_t" time="0.000108957290649414" />
    <testcase name="Equals (1111)" classname="spec_perl_TestCombineStr_t" time="9.41753387451172e-05" />
    <testcase name="Equals (1112)" classname="spec_perl_TestCombineStr_t" time="9.67979431152344e-05" />
  </testsuite>
  <testsuite name="spec_perl_TestStrPadTermUtf16_t" errors="0" failures="0" skipped="0" tests="3" time="0.0556190013885498">
    <system-out>1..3
ok 1 - Equals
ok 2 - Equals
ok 3 - Equals
</system-out>
    <testcase name="Equals (1113)" classname="spec_perl_TestStrPadTermUtf16_t" time="0.000869035720825195" />
    <testcase name="Equals (1114)" classname="spec_perl_TestStrPadTermUtf16_t" time="6.79492950439453e-05" />
    <testcase name="Equals (1115)" classname="spec_perl_TestStrPadTermUtf16_t" time="7.70092010498047e-05" />
  </testsuite>
  <testsuite name="spec_perl_TestDebugSwitchUser_t" errors="0" failures="0" skipped="0" tests="2" time="0.0515689849853516">
    <system-out>1..2
ok 1 - Equals
ok 2 - Equals
</system-out>
    <testcase name="Equals (1116)" classname="spec_perl_TestDebugSwitchUser_t" time="0.000203132629394531" />
    <testcase name="Equals (1117)" classname="spec_perl_TestDebugSwitchUser_t" time="0.000127792358398438" />
  </testsuite>
  <testsuite name="spec_perl_TestNestedTypes3_t" errors="0" failures="0" skipped="0" tests="5" time="0.0521469116210938">
    <system-out>1..5
ok 1 - Equals
ok 2 - Equals
ok 3 - Equals
ok 4 - Equals
ok 5 - Equals
</system-out>
    <testcase name="Equals (1118)" classname="spec_perl_TestNestedTypes3_t" time="0.000175952911376953" />
    <testcase name="Equals (1119)" classname="spec_perl_TestNestedTypes3_t" time="6.31809234619141e-05" />
    <testcase name="Equals (1120)" classname="spec_perl_TestNestedTypes3_t" time="7.89165496826172e-05" />
    <testcase name="Equals (1121)" classname="spec_perl_TestNestedTypes3_t" time="0.000138044357299805" />
    <testcase name="Equals (1122)" classname="spec_perl_TestNestedTypes3_t" time="9.70363616943359e-05" />
  </testsuite>
</testsuites>
