<?xml version='1.0' encoding='utf-8'?>
<testsuites>
  <testsuite name="spec_perl_TestProcessXor4Value_t" errors="0" failures="0" skipped="0" tests="2" time="0.0486838817596436">
    <system-out>1..2
ok 1 - Equals
ok 2 - Equals
</system-out>
    <testcase name="Equals" classname="spec_perl_TestProcessXor4Value_t" time="0.000211954116821289" />
    <testcase name="Equals (2)" classname="spec_perl_TestProcessXor4Value_t" time="0.000118017196655273" />
  </testsuite>
  <testsuite name="spec_perl_TestParamsCallExtraParens_t" errors="0" failures="1" skipped="0" tests="1" time="0.0536761283874512">
    <system-out>1..1
not ok 1 - Equals
</system-out>
    <testcase name="Equals (3)" classname="spec_perl_TestParamsCallExtraParens_t" time="0.00034785270690918">
      <failure message="not ok 1 - Equals" type="TAP::Parser::Result::Test"></failure>
    </testcase>
  </testsuite>
  <testsuite name="spec_perl_TestValidEqStrEncodings_t" errors="0" failures="0" skipped="1" tests="1" time="0.0571939945220947">
    <system-out>1..1
ok 1 # skip ValidEqStrEncodings=HASH(0x557f270c2640)
</system-out>
    <testcase name="Unnamed test case 3" classname="spec_perl_TestValidEqStrEncodings_t" time="0.00516295433044434">
      <skipped message="ok 1 # skip ValidEqStrEncodings=HASH(0x557f270c2640)" />
    </testcase>
  </testsuite>
  <testsuite name="spec_perl_TestTypeTernaryOpaque_t" errors="0" failures="0" skipped="0" tests="1" time="0.0486760139465332">
    <system-out>1..1
ok 1 - Equals
</system-out>
    <testcase name="Equals (4)" classname="spec_perl_TestTypeTernaryOpaque_t" time="0.000183820724487305" />
  </testsuite>
  <testsuite name="spec_perl_TestNavRootRecursive_t" errors="0" failures="0" skipped="0" tests="4" time="0.0485889911651611">
    <system-out>1..4
ok 1 - Equals
ok 2 - Equals
ok 3 - Equals
ok 4 - nil
</system-out>
    <testcase name="Equals (5)" classname="spec_perl_TestNavRootRecursive_t" time="0.000235080718994141" />
    <testcase name="Equals (6)" classname="spec_perl_TestNavRootRecursive_t" time="8.392333984375e-05" />
    <testcase name="Equals (7)" classname="spec_perl_TestNavRootRecursive_t" time="0.000102043151855469" />
    <testcase name="nil (7)" classname="spec_perl_TestNavRootRecursive_t" time="4.10079956054688e-05" />
  </testsuite>
  <testsuite name="spec_perl_TestExpr0_t" errors="0" failures="0" skipped="0" tests="2" time="0.0484409332275391">
    <system-out>1..2
ok 1 - Equals
ok 2 - Equals
</system-out>
    <testcase name="Equals (8)" classname="spec_perl_TestExpr0_t" time="0.000195026397705078" />
    <testcase name="Equals (9)" classname="spec_perl_TestExpr0_t" time="9.10758972167969e-05" />
  </testsuite>
  <testsuite name="spec_perl_TestNavParent_t" errors="0" failures="0" skipped="0" tests="5" time="0.0533881187438965">
    <system-out>1..5
ok 1 - Equals
ok 2 - Equals
ok 3 - Equals
ok 4 - Equals
ok 5 - Equals
</system-out>
    <testcase name="Equals (10)" classname="spec_perl_TestNavParent_t" time="0.000243902206420898" />
    <testcase name="Equals (11)" classname="spec_perl_TestNavParent_t" time="8.29696655273438e-05" />
    <testcase name="Equals (12)" classname="spec_perl_TestNavParent_t" time="0.000100135803222656" />
    <testcase name="Equals (13)" classname="spec_perl_TestNavParent_t" time="0.000102996826171875" />
    <testcase name="Equals (14)" classname="spec_perl_TestNavParent_t" time="0.00011897087097168" />
  </testsuite>
  <testsuite name="spec_perl_TestTermStrz_t" errors="0" failures="0" skipped="0" tests="3" time="0.0524189472198486">
    <system-out>1..3
ok 1 - Equals
ok 2 - Equals
ok 3 - Equals
</system-out>
    <testcase name="Equals (15)" classname="spec_perl_TestTermStrz_t" time="0.000241994857788086" />
    <testcase name="Equals (16)" classname="spec_perl_TestTermStrz_t" time="7.82012939453125e-05" />
    <testcase name="Equals (17)" classname="spec_perl_TestTermStrz_t" time="9.67979431152344e-05" />
  </testsuite>
  <testsuite name="spec_perl_TestJsSignedRightShift_t" errors="0" failures="0" skipped="0" tests="2" time="0.0488030910491943">
    <system-out>1..2
ok 1 - Equals
ok 2 - Equals
</system-out>
    <testcase name="Equals (18)" classname="spec_perl_TestJsSignedRightShift_t" time="0.000188112258911133" />
    <testcase name="Equals (19)" classname="spec_perl_TestJsSignedRightShift_t" time="8.79764556884766e-05" />
  </testsuite>
  <testsuite name="spec_perl_TestBitsUnalignedB64Le_t" errors="0" failures="0" skipped="0" tests="3" time="0.0487949848175049">
    <system-out>1..3
ok 1 - Equals
ok 2 - Equals
ok 3 - Equals
</system-out>
    <testcase name="Equals (20)" classname="spec_perl_TestBitsUnalignedB64Le_t" time="0.000208854675292969" />
    <testcase name="Equals (21)" classname="spec_perl_TestBitsUnalignedB64Le_t" time="0.000102996826171875" />
    <testcase name="Equals (22)" classname="spec_perl_TestBitsUnalignedB64Le_t" time="0.000107049942016602" />
  </testsuite>
  <testsuite name="spec_perl_TestNavParent2_t" errors="0" failures="0" skipped="0" tests="10" time="0.0542061328887939">
    <system-out>1..10
ok 1 - Equals
ok 2 - Equals
ok 3 - Equals
ok 4 - Equals
ok 5 - Equals
ok 6 - Equals
ok 7 - Equals
ok 8 - Equals
ok 9 - Equals
ok 10 - Equals
</system-out>
    <testcase name="Equals (23)" classname="spec_perl_TestNavParent2_t" time="0.000250816345214844" />
    <testcase name="Equals (24)" classname="spec_perl_TestNavParent2_t" time="0.000150203704833984" />
    <testcase name="Equals (25)" classname="spec_perl_TestNavParent2_t" time="0.0001678466796875" />
    <testcase name="Equals (26)" classname="spec_perl_TestNavParent2_t" time="0.000161170959472656" />
    <testcase name="Equals (27)" classname="spec_perl_TestNavParent2_t" time="0.000189781188964844" />
    <testcase name="Equals (28)" classname="spec_perl_TestNavParent2_t" time="0.000202178955078125" />
    <testcase name="Equals (29)" classname="spec_perl_TestNavParent2_t" time="0.000160932540893555" />
    <testcase name="Equals (30)" classname="spec_perl_TestNavParent2_t" time="0.000163078308105469" />
    <testcase name="Equals (31)" classname="spec_perl_TestNavParent2_t" time="0.000156879425048828" />
    <testcase name="Equals (32)" classname="spec_perl_TestNavParent2_t" time="0.000211000442504883" />
  </testsuite>
  <testsuite name="spec_perl_TestExprSizeofType1_t" errors="0" failures="0" skipped="0" tests="2" time="0.0489649772644043">
    <system-out>1..2
ok 1 - Equals
ok 2 - Equals
</system-out>
    <testcase name="Equals (33)" classname="spec_perl_TestExprSizeofType1_t" time="0.000158071517944336" />
    <testcase name="Equals (34)" classname="spec_perl_TestExprSizeofType1_t" time="8.79764556884766e-05" />
  </testsuite>
  <testsuite name="spec_perl_TestDebugArrayUser_t" errors="0" failures="0" skipped="0" tests="5" time="0.0485360622406006">
    <system-out>1..5
ok 1 - Equals
ok 2 - Equals
ok 3 - Equals
ok 4 - Equals
ok 5 - Equals
</system-out>
    <testcase name="Equals (35)" classname="spec_perl_TestDebugArrayUser_t" time="0.000209808349609375" />
    <testcase name="Equals (36)" classname="spec_perl_TestDebugArrayUser_t" time="0.000100135803222656" />
    <testcase name="Equals (37)" classname="spec_perl_TestDebugArrayUser_t" time="9.39369201660156e-05" />
    <testcase name="Equals (38)" classname="spec_perl_TestDebugArrayUser_t" time="0.000112056732177734" />
    <testcase name="Equals (39)" classname="spec_perl_TestDebugArrayUser_t" time="0.000129938125610352" />
  </testsuite>
  <testsuite name="spec_perl_TestSwitchManualIntSizeEos_t" errors="0" failures="0" skipped="0" tests="10" time="0.0545811653137207">
    <system-out>1..10
ok 1 - Equals
ok 2 - Equals
ok 3 - Equals
ok 4 - Equals
ok 5 - Equals
ok 6 - Equals
ok 7 - Equals
ok 8 - Equals
ok 9 - Equals
ok 10 - Equals
</system-out>
    <testcase name="Equals (40)" classname="spec_perl_TestSwitchManualIntSizeEos_t" time="0.000370025634765625" />
    <testcase name="Equals (41)" classname="spec_perl_TestSwitchManualIntSizeEos_t" time="0.000116109848022461" />
    <testcase name="Equals (42)" classname="spec_perl_TestSwitchManualIntSizeEos_t" time="0.000133991241455078" />
    <testcase name="Equals (43)" classname="spec_perl_TestSwitchManualIntSizeEos_t" time="9.79900360107422e-05" />
    <testcase name="Equals (44)" classname="spec_perl_TestSwitchManualIntSizeEos_t" time="0.000100851058959961" />
    <testcase name="Equals (45)" classname="spec_perl_TestSwitchManualIntSizeEos_t" time="0.000112056732177734" />
    <testcase name="Equals (46)" classname="spec_perl_TestSwitchManualIntSizeEos_t" time="0.000101089477539062" />
    <testcase name="Equals (47)" classname="spec_perl_TestSwitchManualIntSizeEos_t" time="9.48905944824219e-05" />
    <testcase name="Equals (48)" classname="spec_perl_TestSwitchManualIntSizeEos_t" time="8.89301300048828e-05" />
    <testcase name="Equals (49)" classname="spec_perl_TestSwitchManualIntSizeEos_t" time="9.32216644287109e-05" />
  </testsuite>
  <testsuite name="spec_perl_TestEnumImportLiterals_t" errors="0" failures="0" skipped="0" tests="3" time="0.0501010417938232">
    <system-out>1..3
ok 1 - Equals
ok 2 - Equals
ok 3 - Equals
</system-out>
    <testcase name="Equals (50)" classname="spec_perl_TestEnumImportLiterals_t" time="0.000169992446899414" />
    <testcase name="Equals (51)" classname="spec_perl_TestEnumImportLiterals_t" time="7.89165496826172e-05" />
    <testcase name="Equals (52)" classname="spec_perl_TestEnumImportLiterals_t" time="0.000100135803222656" />
  </testsuite>
  <testsuite name="spec_perl_TestNestedTypes3_t" errors="0" failures="0" skipped="0" tests="5" time="0.04917311668396">
    <system-out>1..5
ok 1 - Equals
ok 2 - Equals
ok 3 - Equals
ok 4 - Equals
ok 5 - Equals
</system-out>
    <testcase name="Equals (53)" classname="spec_perl_TestNestedTypes3_t" time="0.000185966491699219" />
    <testcase name="Equals (54)" classname="spec_perl_TestNestedTypes3_t" time="8.20159912109375e-05" />
    <testcase name="Equals (55)" classname="spec_perl_TestNestedTypes3_t" time="9.89437103271484e-05" />
    <testcase name="Equals (56)" classname="spec_perl_TestNestedTypes3_t" time="9.29832458496094e-05" />
    <testcase name="Equals (57)" classname="spec_perl_TestNestedTypes3_t" time="9.60826873779297e-05" />
  </testsuite>
  <testsuite name="spec_perl_TestNestedSameName_t" errors="0" failures="0" skipped="0" tests="2" time="0.0488409996032715">
    <system-out>1..2
ok 1 - Equals
ok 2 - Equals
</system-out>
    <testcase name="Equals (58)" classname="spec_perl_TestNestedSameName_t" time="0.000182867050170898" />
    <testcase name="Equals (59)" classname="spec_perl_TestNestedSameName_t" time="9.29832458496094e-05" />
  </testsuite>
  <testsuite name="spec_perl_TestSwitchBytearray_t" errors="0" failures="0" skipped="0" tests="9" time="0.0542130470275879">
    <system-out>1..9
ok 1 - Equals
ok 2 - Equals
ok 3 - Equals
ok 4 - Equals
ok 5 - Equals
ok 6 - Equals
ok 7 - Equals
ok 8 - Equals
ok 9 - Equals
</system-out>
    <testcase name="Equals (60)" classname="spec_perl_TestSwitchBytearray_t" time="0.000246047973632812" />
    <testcase name="Equals (61)" classname="spec_perl_TestSwitchBytearray_t" time="8.392333984375e-05" />
    <testcase name="Equals (62)" classname="spec_perl_TestSwitchBytearray_t" time="9.39369201660156e-05" />
    <testcase name="Equals (63)" classname="spec_perl_TestSwitchBytearray_t" time="9.39369201660156e-05" />
    <testcase name="Equals (64)" classname="spec_perl_TestSwitchBytearray_t" time="9.10758972167969e-05" />
    <testcase name="Equals (65)" classname="spec_perl_TestSwitchBytearray_t" time="8.60691070556641e-05" />
    <testcase name="Equals (66)" classname="spec_perl_TestSwitchBytearray_t" time="0.00014805793762207" />
    <testcase name="Equals (67)" classname="spec_perl_TestSwitchBytearray_t" time="0.000103950500488281" />
    <testcase name="Equals (68)" classname="spec_perl_TestSwitchBytearray_t" time="8.89301300048828e-05" />
  </testsuite>
  <testsuite name="spec_perl_TestStrPadTerm_t" errors="0" failures="0" skipped="0" tests="4" time="0.0530118942260742">
    <system-out>1..4
ok 1 - Equals
ok 2 - Equals
ok 3 - Equals
ok 4 - Equals
</system-out>
    <testcase name="Equals (69)" classname="spec_perl_TestStrPadTerm_t" time="0.000266075134277344" />
    <testcase name="Equals (70)" classname="spec_perl_TestStrPadTerm_t" time="8.48770141601562e-05" />
    <testcase name="Equals (71)" classname="spec_perl_TestStrPadTerm_t" time="0.000100135803222656" />
    <testcase name="Equals (72)" classname="spec_perl_TestStrPadTerm_t" time="8.89301300048828e-05" />
  </testsuite>
  <testsuite name="spec_perl_TestImports0_t" errors="0" failures="0" skipped="0" tests="3" time="0.0490908622741699">
    <system-out>1..3
ok 1 - Equals
ok 2 - Equals
ok 3 - Equals
</system-out>
    <testcase name="Equals (73)" classname="spec_perl_TestImports0_t" time="0.000182151794433594" />
    <testcase name="Equals (74)" classname="spec_perl_TestImports0_t" time="8.392333984375e-05" />
    <testcase name="Equals (75)" classname="spec_perl_TestImports0_t" time="0.000106096267700195" />
  </testsuite>
  <testsuite name="spec_perl_TestTermBytes_t" errors="0" failures="0" skipped="0" tests="3" time="0.0487320423126221">
    <system-out>1..3
ok 1 - Equals
ok 2 - Equals
ok 3 - Equals
</system-out>
    <testcase name="Equals (76)" classname="spec_perl_TestTermBytes_t" time="0.000195026397705078" />
    <testcase name="Equals (77)" classname="spec_perl_TestTermBytes_t" time="9.10758972167969e-05" />
    <testcase name="Equals (78)" classname="spec_perl_TestTermBytes_t" time="0.000104904174804688" />
  </testsuite>
  <testsuite name="spec_perl_TestBitsSignedShiftB64Le_t" errors="0" failures="0" skipped="0" tests="2" time="0.0488059520721436">
    <system-out>1..2
ok 1 - Equals
ok 2 - Equals
</system-out>
    <testcase name="Equals (79)" classname="spec_perl_TestBitsSignedShiftB64Le_t" time="0.00018310546875" />
    <testcase name="Equals (80)" classname="spec_perl_TestBitsSignedShiftB64Le_t" time="9.10758972167969e-05" />
  </testsuite>
  <testsuite name="spec_perl_TestEnumImportSeq_t" errors="0" failures="0" skipped="0" tests="2" time="0.0491759777069092">
    <system-out>1..2
ok 1 - Equals
ok 2 - Equals
</system-out>
    <testcase name="Equals (81)" classname="spec_perl_TestEnumImportSeq_t" time="0.000211954116821289" />
    <testcase name="Equals (82)" classname="spec_perl_TestEnumImportSeq_t" time="9.48905944824219e-05" />
  </testsuite>
  <testsuite name="spec_perl_TestExprStrOps_t" errors="0" failures="0" skipped="0" tests="18" time="0.0537340641021729">
    <system-out>1..18
ok 1 - Equals
ok 2 - Equals
ok 3 - Equals
ok 4 - Equals
ok 5 - Equals
ok 6 - Equals
ok 7 - Equals
ok 8 - Equals
ok 9 - Equals
ok 10 - Equals
ok 11 - Equals
ok 12 - Equals
ok 13 - Equals
ok 14 - Equals
ok 15 - Equals
ok 16 - Equals
ok 17 - Equals
ok 18 - Equals
</system-out>
    <testcase name="Equals (83)" classname="spec_perl_TestExprStrOps_t" time="0.00018000602722168" />
    <testcase name="Equals (84)" classname="spec_perl_TestExprStrOps_t" time="8.79764556884766e-05" />
    <testcase name="Equals (85)" classname="spec_perl_TestExprStrOps_t" time="0.000103950500488281" />
    <testcase name="Equals (86)" classname="spec_perl_TestExprStrOps_t" time="9.82284545898438e-05" />
    <testcase name="Equals (87)" classname="spec_perl_TestExprStrOps_t" time="0.000108957290649414" />
    <testcase name="Equals (88)" classname="spec_perl_TestExprStrOps_t" time="0.000118017196655273" />
    <testcase name="Equals (89)" classname="spec_perl_TestExprStrOps_t" time="9.48905944824219e-05" />
    <testcase name="Equals (90)" classname="spec_perl_TestExprStrOps_t" time="0.000104904174804688" />
    <testcase name="Equals (91)" classname="spec_perl_TestExprStrOps_t" time="0.000108003616333008" />
    <testcase name="Equals (92)" classname="spec_perl_TestExprStrOps_t" time="9.32216644287109e-05" />
    <testcase name="Equals (93)" classname="spec_perl_TestExprStrOps_t" time="7.98702239990234e-05" />
    <testcase name="Equals (94)" classname="spec_perl_TestExprStrOps_t" time="8.89301300048828e-05" />
    <testcase name="Equals (95)" classname="spec_perl_TestExprStrOps_t" time="8.60691070556641e-05" />
    <testcase name="Equals (96)" classname="spec_perl_TestExprStrOps_t" time="8.392333984375e-05" />
    <testcase name="Equals (97)" classname="spec_perl_TestExprStrOps_t" time="8.10623168945312e-05" />
    <testcase name="Equals (98)" classname="spec_perl_TestExprStrOps_t" time="8.60691070556641e-05" />
    <testcase name="Equals (99)" classname="spec_perl_TestExprStrOps_t" time="0.000102996826171875" />
    <testcase name="Equals (100)" classname="spec_perl_TestExprStrOps_t" time="8.89301300048828e-05" />
  </testsuite>
  <testsuite name="spec_perl_TestExprFstring0_t" errors="0" failures="0" skipped="0" tests="9" time="0.0526690483093262">
    <system-out>1..9
ok 1 - Equals
ok 2 - Equals
ok 3 - Equals
ok 4 - Equals
ok 5 - Equals
ok 6 - Equals
ok 7 - Equals
ok 8 - Equals
ok 9 - Equals
</system-out>
    <testcase name="Equals (101)" classname="spec_perl_TestExprFstring0_t" time="0.000199079513549805" />
    <testcase name="Equals (102)" classname="spec_perl_TestExprFstring0_t" time="0.000153064727783203" />
    <testcase name="Equals (103)" classname="spec_perl_TestExprFstring0_t" time="0.000103950500488281" />
    <testcase name="Equals (104)" classname="spec_perl_TestExprFstring0_t" time="9.29832458496094e-05" />
    <testcase name="Equals (105)" classname="spec_perl_TestExprFstring0_t" time="8.70227813720703e-05" />
    <testcase name="Equals (106)" classname="spec_perl_TestExprFstring0_t" time="8.98838043212891e-05" />
    <testcase name="Equals (107)" classname="spec_perl_TestExprFstring0_t" time="8.20159912109375e-05" />
    <testcase name="Equals (108)" classname="spec_perl_TestExprFstring0_t" time="8.51154327392578e-05" />
    <testcase name="Equals (109)" classname="spec_perl_TestExprFstring0_t" time="8.392333984375e-05" />
  </testsuite>
  <testsuite name="spec_perl_TestRepeatUntilCalcArrayType_t" errors="0" failures="0" skipped="0" tests="7" time="0.0492799282073975">
    <system-out>1..7
ok 1 - Equals
ok 2 - Equals
ok 3 - Equals
ok 4 - Equals
ok 5 - Equals
ok 6 - Equals
ok 7 - Equals
</system-out>
    <testcase name="Equals (110)" classname="spec_perl_TestRepeatUntilCalcArrayType_t" time="0.000230073928833008" />
    <testcase name="Equals (111)" classname="spec_perl_TestRepeatUntilCalcArrayType_t" time="0.000152111053466797" />
    <testcase name="Equals (112)" classname="spec_perl_TestRepeatUntilCalcArrayType_t" time="0.000108957290649414" />
    <testcase name="Equals (113)" classname="spec_perl_TestRepeatUntilCalcArrayType_t" time="9.98973846435547e-05" />
    <testcase name="Equals (114)" classname="spec_perl_TestRepeatUntilCalcArrayType_t" time="9.29832458496094e-05" />
    <testcase name="Equals (115)" classname="spec_perl_TestRepeatUntilCalcArrayType_t" time="9.01222229003906e-05" />
    <testcase name="Equals (116)" classname="spec_perl_TestRepeatUntilCalcArrayType_t" time="8.58306884765625e-05" />
  </testsuite>
  <testsuite name="spec_perl_TestIfStruct_t" errors="0" failures="0" skipped="0" tests="10" time="0.053502082824707">
    <system-out>1..10
ok 1 - Equals
ok 2 - nil
ok 3 - Equals
ok 4 - Equals
ok 5 - Equals
ok 6 - Equals
ok 7 - nil
ok 8 - Equals
ok 9 - nil
ok 10 - Equals
</system-out>
    <testcase name="Equals (117)" classname="spec_perl_TestIfStruct_t" time="0.000272035598754883" />
    <testcase name="nil (117)" classname="spec_perl_TestIfStruct_t" time="5.19752502441406e-05" />
    <testcase name="Equals (118)" classname="spec_perl_TestIfStruct_t" time="5.79357147216797e-05" />
    <testcase name="Equals (119)" classname="spec_perl_TestIfStruct_t" time="0.000128030776977539" />
    <testcase name="Equals (120)" classname="spec_perl_TestIfStruct_t" time="0.000138998031616211" />
    <testcase name="Equals (121)" classname="spec_perl_TestIfStruct_t" time="9.98973846435547e-05" />
    <testcase name="nil (121)" classname="spec_perl_TestIfStruct_t" time="2.90870666503906e-05" />
    <testcase name="Equals (122)" classname="spec_perl_TestIfStruct_t" time="8.98838043212891e-05" />
    <testcase name="nil (122)" classname="spec_perl_TestIfStruct_t" time="2.81333923339844e-05" />
    <testcase name="Equals (123)" classname="spec_perl_TestIfStruct_t" time="8.70227813720703e-05" />
  </testsuite>
  <testsuite name="spec_perl_TestBufferedStruct_t" errors="0" failures="0" skipped="0" tests="7" time="0.0492751598358154">
    <system-out>1..7
ok 1 - Equals
ok 2 - Equals
ok 3 - Equals
ok 4 - Equals
ok 5 - Equals
ok 6 - Equals
ok 7 - Equals
</system-out>
    <testcase name="Equals (124)" classname="spec_perl_TestBufferedStruct_t" time="0.000222921371459961" />
    <testcase name="Equals (125)" classname="spec_perl_TestBufferedStruct_t" time="8.51154327392578e-05" />
    <testcase name="Equals (126)" classname="spec_perl_TestBufferedStruct_t" time="0.000106096267700195" />
    <testcase name="Equals (127)" classname="spec_perl_TestBufferedStruct_t" time="9.58442687988281e-05" />
    <testcase name="Equals (128)" classname="spec_perl_TestBufferedStruct_t" time="9.51290130615234e-05" />
    <testcase name="Equals (129)" classname="spec_perl_TestBufferedStruct_t" time="9.20295715332031e-05" />
    <testcase name="Equals (130)" classname="spec_perl_TestBufferedStruct_t" time="0.000133991241455078" />
  </testsuite>
  <testsuite name="spec_perl_TestImportsAbs_t" errors="0" failures="2" skipped="0" tests="2" time="0.0507848262786865">
    <system-out>1..2
not ok 1 - Equals
not ok 2 - Equals
</system-out>
    <testcase name="Equals (131)" classname="spec_perl_TestImportsAbs_t" time="0.000365018844604492">
      <failure message="not ok 1 - Equals" type="TAP::Parser::Result::Test"></failure>
    </testcase>
    <testcase name="Equals (132)" classname="spec_perl_TestImportsAbs_t" time="0.000748157501220703">
      <failure message="not ok 2 - Equals" type="TAP::Parser::Result::Test"></failure>
    </testcase>
  </testsuite>
  <testsuite name="spec_perl_TestRepeatNStruct_t" errors="0" failures="0" skipped="0" tests="5" time="0.0481390953063965">
    <system-out>1..5
ok 1 - Equals
ok 2 - Equals
ok 3 - Equals
ok 4 - Equals
ok 5 - Equals
</system-out>
    <testcase name="Equals (133)" classname="spec_perl_TestRepeatNStruct_t" time="0.000194072723388672" />
    <testcase name="Equals (134)" classname="spec_perl_TestRepeatNStruct_t" time="9.10758972167969e-05" />
    <testcase name="Equals (135)" classname="spec_perl_TestRepeatNStruct_t" time="9.70363616943359e-05" />
    <testcase name="Equals (136)" classname="spec_perl_TestRepeatNStruct_t" time="0.000118017196655273" />
    <testcase name="Equals (137)" classname="spec_perl_TestRepeatNStruct_t" time="0.000102996826171875" />
  </testsuite>
  <testsuite name="spec_perl_TestSwitchManualInt_t" errors="0" failures="0" skipped="0" tests="9" time="0.0536770820617676">
    <system-out>1..9
ok 1 - Equals
ok 2 - Equals
ok 3 - Equals
ok 4 - Equals
ok 5 - Equals
ok 6 - Equals
ok 7 - Equals
ok 8 - Equals
ok 9 - Equals
</system-out>
    <testcase name="Equals (138)" classname="spec_perl_TestSwitchManualInt_t" time="0.000288963317871094" />
    <testcase name="Equals (139)" classname="spec_perl_TestSwitchManualInt_t" time="5.38825988769531e-05" />
    <testcase name="Equals (140)" classname="spec_perl_TestSwitchManualInt_t" time="9.51290130615234e-05" />
    <testcase name="Equals (141)" classname="spec_perl_TestSwitchManualInt_t" time="9.39369201660156e-05" />
    <testcase name="Equals (142)" classname="spec_perl_TestSwitchManualInt_t" time="9.60826873779297e-05" />
    <testcase name="Equals (143)" classname="spec_perl_TestSwitchManualInt_t" time="8.89301300048828e-05" />
    <testcase name="Equals (144)" classname="spec_perl_TestSwitchManualInt_t" time="8.392333984375e-05" />
    <testcase name="Equals (145)" classname="spec_perl_TestSwitchManualInt_t" time="8.60691070556641e-05" />
    <testcase name="Equals (146)" classname="spec_perl_TestSwitchManualInt_t" time="0.000116109848022461" />
  </testsuite>
  <testsuite name="spec_perl_TestStrEncodings_t" errors="0" failures="0" skipped="0" tests="4" time="0.0570390224456787">
    <system-out>1..4
ok 1 - Equals
ok 2 - Equals
ok 3 - Equals
ok 4 - Equals
</system-out>
    <testcase name="Equals (147)" classname="spec_perl_TestStrEncodings_t" time="0.00429177284240723" />
    <testcase name="Equals (148)" classname="spec_perl_TestStrEncodings_t" time="0.00012516975402832" />
    <testcase name="Equals (149)" classname="spec_perl_TestStrEncodings_t" time="0.000114917755126953" />
    <testcase name="Equals (150)" classname="spec_perl_TestStrEncodings_t" time="0.000102996826171875" />
  </testsuite>
  <testsuite name="spec_perl_TestRepeatEosStruct_t" errors="0" failures="0" skipped="0" tests="5" time="0.0493178367614746">
    <system-out>1..5
ok 1 - Equals
ok 2 - Equals
ok 3 - Equals
ok 4 - Equals
ok 5 - Equals
</system-out>
    <testcase name="Equals (151)" classname="spec_perl_TestRepeatEosStruct_t" time="0.000269174575805664" />
    <testcase name="Equals (152)" classname="spec_perl_TestRepeatEosStruct_t" time="0.000175952911376953" />
    <testcase name="Equals (153)" classname="spec_perl_TestRepeatEosStruct_t" time="0.000172853469848633" />
    <testcase name="Equals (154)" classname="spec_perl_TestRepeatEosStruct_t" time="0.000169038772583008" />
    <testcase name="Equals (155)" classname="spec_perl_TestRepeatEosStruct_t" time="0.000169038772583008" />
  </testsuite>
  <testsuite name="spec_perl_TestCombineStr_t" errors="0" failures="0" skipped="0" tests="15" time="0.0538339614868164">
    <system-out>1..15
ok 1 - Equals
ok 2 - Equals
ok 3 - Equals
ok 4 - Equals
ok 5 - Equals
ok 6 - Equals
ok 7 - Equals
ok 8 - Equals
ok 9 - Equals
ok 10 - Equals
ok 11 - Equals
ok 12 - Equals
ok 13 - Equals
ok 14 - Equals
ok 15 - Equals
</system-out>
    <testcase name="Equals (156)" classname="spec_perl_TestCombineStr_t" time="0.000210046768188477" />
    <testcase name="Equals (157)" classname="spec_perl_TestCombineStr_t" time="9.01222229003906e-05" />
    <testcase name="Equals (158)" classname="spec_perl_TestCombineStr_t" time="0.000124931335449219" />
    <testcase name="Equals (159)" classname="spec_perl_TestCombineStr_t" time="9.60826873779297e-05" />
    <testcase name="Equals (160)" classname="spec_perl_TestCombineStr_t" time="9.98973846435547e-05" />
    <testcase name="Equals (161)" classname="spec_perl_TestCombineStr_t" time="9.48905944824219e-05" />
    <testcase name="Equals (162)" classname="spec_perl_TestCombineStr_t" time="8.82148742675781e-05" />
    <testcase name="Equals (163)" classname="spec_perl_TestCombineStr_t" time="8.29696655273438e-05" />
    <testcase name="Equals (164)" classname="spec_perl_TestCombineStr_t" time="8.20159912109375e-05" />
    <testcase name="Equals (165)" classname="spec_perl_TestCombineStr_t" time="7.98702239990234e-05" />
    <testcase name="Equals (166)" classname="spec_perl_TestCombineStr_t" time="8.60691070556641e-05" />
    <testcase name="Equals (167)" classname="spec_perl_TestCombineStr_t" time="7.39097595214844e-05" />
    <testcase name="Equals (168)" classname="spec_perl_TestCombineStr_t" time="7.70092010498047e-05" />
    <testcase name="Equals (169)" classname="spec_perl_TestCombineStr_t" time="0.000102996826171875" />
    <testcase name="Equals (170)" classname="spec_perl_TestCombineStr_t" time="8.51154327392578e-05" />
  </testsuite>
  <testsuite name="spec_perl_TestSwitchManualStrElse_t" errors="0" failures="0" skipped="0" tests="9" time="0.054135799407959">
    <system-out>1..9
ok 1 - Equals
ok 2 - Equals
ok 3 - Equals
ok 4 - Equals
ok 5 - Equals
ok 6 - Equals
ok 7 - Equals
ok 8 - Equals
ok 9 - Equals
</system-out>
    <testcase name="Equals (171)" classname="spec_perl_TestSwitchManualStrElse_t" time="0.00026702880859375" />
    <testcase name="Equals (172)" classname="spec_perl_TestSwitchManualStrElse_t" time="8.51154327392578e-05" />
    <testcase name="Equals (173)" classname="spec_perl_TestSwitchManualStrElse_t" time="0.000102043151855469" />
    <testcase name="Equals (174)" classname="spec_perl_TestSwitchManualStrElse_t" time="0.000120878219604492" />
    <testcase name="Equals (175)" classname="spec_perl_TestSwitchManualStrElse_t" time="0.000103950500488281" />
    <testcase name="Equals (176)" classname="spec_perl_TestSwitchManualStrElse_t" time="9.20295715332031e-05" />
    <testcase name="Equals (177)" classname="spec_perl_TestSwitchManualStrElse_t" time="9.70363616943359e-05" />
    <testcase name="Equals (178)" classname="spec_perl_TestSwitchManualStrElse_t" time="8.60691070556641e-05" />
    <testcase name="Equals (179)" classname="spec_perl_TestSwitchManualStrElse_t" time="8.79764556884766e-05" />
  </testsuite>
  <testsuite name="spec_perl_TestRepeatUntilSized_t" errors="0" failures="0" skipped="0" tests="7" time="0.0492329597473145">
    <system-out>1..7
ok 1 - Equals
ok 2 - Equals
ok 3 - Equals
ok 4 - Equals
ok 5 - Equals
ok 6 - Equals
ok 7 - Equals
</system-out>
    <testcase name="Equals (180)" classname="spec_perl_TestRepeatUntilSized_t" time="0.000212907791137695" />
    <testcase name="Equals (181)" classname="spec_perl_TestRepeatUntilSized_t" time="9.20295715332031e-05" />
    <testcase name="Equals (182)" classname="spec_perl_TestRepeatUntilSized_t" time="0.000102996826171875" />
    <testcase name="Equals (183)" classname="spec_perl_TestRepeatUntilSized_t" time="9.89437103271484e-05" />
    <testcase name="Equals (184)" classname="spec_perl_TestRepeatUntilSized_t" time="9.20295715332031e-05" />
    <testcase name="Equals (185)" classname="spec_perl_TestRepeatUntilSized_t" time="9.10758972167969e-05" />
    <testcase name="Equals (186)" classname="spec_perl_TestRepeatUntilSized_t" time="0.000126838684082031" />
  </testsuite>
  <testsuite name="spec_perl_TestDebugSwitchUser_t" errors="0" failures="0" skipped="0" tests="2" time="0.0489110946655273">
    <system-out>1..2
ok 1 - Equals
ok 2 - Equals
</system-out>
    <testcase name="Equals (187)" classname="spec_perl_TestDebugSwitchUser_t" time="0.00018000602722168" />
    <testcase name="Equals (188)" classname="spec_perl_TestDebugSwitchUser_t" time="0.000119924545288086" />
  </testsuite>
  <testsuite name="spec_perl_TestDocstringsDocrefMulti_t" errors="0" failures="0" skipped="1" tests="1" time="0.0487520694732666">
    <system-out>1..1
ok 1 # skip DocstringsDocrefMulti=HASH(0x55af3ec476f8)
</system-out>
    <testcase name="Unnamed test case 188" classname="spec_perl_TestDocstringsDocrefMulti_t" time="0.000931024551391602">
      <skipped message="ok 1 # skip DocstringsDocrefMulti=HASH(0x55af3ec476f8)" />
    </testcase>
  </testsuite>
  <testsuite name="spec_perl_TestParamsPassBool_t" errors="0" failures="1" skipped="13" tests="14" time="0.051353931427002">
    <system-out>1..14
not ok 1 - test_params_pass_bool died (Requested 2 bytes, but only 1 bytes available at ../runtime/perl/lib/IO/KaitaiStruct.pm line 347.)
ok 2 # skip test_params_pass_bool died
ok 3 # skip test_params_pass_bool died
ok 4 # skip test_params_pass_bool died
ok 5 # skip test_params_pass_bool died
ok 6 # skip test_params_pass_bool died
ok 7 # skip test_params_pass_bool died
ok 8 # skip test_params_pass_bool died
ok 9 # skip test_params_pass_bool died
ok 10 # skip test_params_pass_bool died
ok 11 # skip test_params_pass_bool died
ok 12 # skip test_params_pass_bool died
ok 13 # skip test_params_pass_bool died
ok 14 # skip test_params_pass_bool died
</system-out>
    <testcase name="test_params_pass_bool died (Requested 2 bytes, but only 1 bytes available at ../runtime/perl/lib/IO/KaitaiStruct.pm line 347.) (188)" classname="spec_perl_TestParamsPassBool_t" time="0.000200033187866211">
      <failure message="not ok 1 - test_params_pass_bool died (Requested 2 bytes, but only 1 bytes available at ../runtime/perl/lib/IO/KaitaiStruct.pm line 347.)" type="TAP::Parser::Result::Test"></failure>
    </testcase>
    <testcase name="Unnamed test case 189" classname="spec_perl_TestParamsPassBool_t" time="0.000399112701416016">
      <skipped message="ok 2 # skip test_params_pass_bool died" />
    </testcase>
    <testcase name="Unnamed test case 190" classname="spec_perl_TestParamsPassBool_t" time="6.4849853515625e-05">
      <skipped message="ok 3 # skip test_params_pass_bool died" />
    </testcase>
    <testcase name="Unnamed test case 191" classname="spec_perl_TestParamsPassBool_t" time="0.000143051147460938">
      <skipped message="ok 4 # skip test_params_pass_bool died" />
    </testcase>
    <testcase name="Unnamed test case 192" classname="spec_perl_TestParamsPassBool_t" time="0.000201940536499023">
      <skipped message="ok 5 # skip test_params_pass_bool died" />
    </testcase>
    <testcase name="Unnamed test case 193" classname="spec_perl_TestParamsPassBool_t" time="0.000161170959472656">
      <skipped message="ok 6 # skip test_params_pass_bool died" />
    </testcase>
    <testcase name="Unnamed test case 194" classname="spec_perl_TestParamsPassBool_t" time="0.00014495849609375">
      <skipped message="ok 7 # skip test_params_pass_bool died" />
    </testcase>
    <testcase name="Unnamed test case 195" classname="spec_perl_TestParamsPassBool_t" time="0.000190019607543945">
      <skipped message="ok 8 # skip test_params_pass_bool died" />
    </testcase>
    <testcase name="Unnamed test case 196" classname="spec_perl_TestParamsPassBool_t" time="0.000113964080810547">
      <skipped message="ok 9 # skip test_params_pass_bool died" />
    </testcase>
    <testcase name="Unnamed test case 197" classname="spec_perl_TestParamsPassBool_t" time="0.000152111053466797">
      <skipped message="ok 10 # skip test_params_pass_bool died" />
    </testcase>
    <testcase name="Unnamed test case 198" classname="spec_perl_TestParamsPassBool_t" time="0.000117778778076172">
      <skipped message="ok 11 # skip test_params_pass_bool died" />
    </testcase>
    <testcase name="Unnamed test case 199" classname="spec_perl_TestParamsPassBool_t" time="0.000119209289550781">
      <skipped message="ok 12 # skip test_params_pass_bool died" />
    </testcase>
    <testcase name="Unnamed test case 200" classname="spec_perl_TestParamsPassBool_t" time="0.000125885009765625">
      <skipped message="ok 13 # skip test_params_pass_bool died" />
    </testcase>
    <testcase name="Unnamed test case 201" classname="spec_perl_TestParamsPassBool_t" time="0.00011897087097168">
      <skipped message="ok 14 # skip test_params_pass_bool died" />
    </testcase>
  </testsuite>
  <testsuite name="spec_perl_TestOptionalId_t" errors="0" failures="0" skipped="0" tests="3" time="0.0486760139465332">
    <system-out>1..3
ok 1 - Equals
ok 2 - Equals
ok 3 - Equals
</system-out>
    <testcase name="Equals (201)" classname="spec_perl_TestOptionalId_t" time="0.000175952911376953" />
    <testcase name="Equals (202)" classname="spec_perl_TestOptionalId_t" time="8.392333984375e-05" />
    <testcase name="Equals (203)" classname="spec_perl_TestOptionalId_t" time="9.89437103271484e-05" />
  </testsuite>
  <testsuite name="spec_perl_TestImportsCircularA_t" errors="0" failures="0" skipped="0" tests="5" time="0.0494818687438965">
    <system-out>1..5
ok 1 - Equals
ok 2 - Equals
ok 3 - Equals
ok 4 - Equals
ok 5 - nil
</system-out>
    <testcase name="Equals (204)" classname="spec_perl_TestImportsCircularA_t" time="0.000255107879638672" />
    <testcase name="Equals (205)" classname="spec_perl_TestImportsCircularA_t" time="0.000134944915771484" />
    <testcase name="Equals (206)" classname="spec_perl_TestImportsCircularA_t" time="0.000194072723388672" />
    <testcase name="Equals (207)" classname="spec_perl_TestImportsCircularA_t" time="0.000105857849121094" />
    <testcase name="nil (207)" classname="spec_perl_TestImportsCircularA_t" time="3.50475311279297e-05" />
  </testsuite>
  <testsuite name="spec_perl_TestEnumInvalid_t" errors="0" failures="0" skipped="0" tests="2" time="0.0491528511047363">
    <system-out>1..2
ok 1 - Equals
ok 2 - Equals
</system-out>
    <testcase name="Equals (208)" classname="spec_perl_TestEnumInvalid_t" time="0.000182867050170898" />
    <testcase name="Equals (209)" classname="spec_perl_TestEnumInvalid_t" time="8.29696655273438e-05" />
  </testsuite>
  <testsuite name="spec_perl_TestEnumOfValueInst_t" errors="0" failures="0" skipped="0" tests="4" time="0.0491909980773926">
    <system-out>1..4
ok 1 - Equals
ok 2 - Equals
ok 3 - Equals
ok 4 - Equals
</system-out>
    <testcase name="Equals (210)" classname="spec_perl_TestEnumOfValueInst_t" time="0.000186920166015625" />
    <testcase name="Equals (211)" classname="spec_perl_TestEnumOfValueInst_t" time="8.89301300048828e-05" />
    <testcase name="Equals (212)" classname="spec_perl_TestEnumOfValueInst_t" time="9.918212890625e-05" />
    <testcase name="Equals (213)" classname="spec_perl_TestEnumOfValueInst_t" time="9.79900360107422e-05" />
  </testsuite>
  <testsuite name="spec_perl_TestEnumIntRangeU_t" errors="0" failures="0" skipped="0" tests="2" time="0.049422025680542">
    <system-out>1..2
ok 1 - Equals
ok 2 - Equals
</system-out>
    <testcase name="Equals (214)" classname="spec_perl_TestEnumIntRangeU_t" time="0.000228166580200195" />
    <testcase name="Equals (215)" classname="spec_perl_TestEnumIntRangeU_t" time="9.08374786376953e-05" />
  </testsuite>
  <testsuite name="spec_perl_TestCastToTop_t" errors="0" failures="0" skipped="0" tests="3" time="0.0490009784698486">
    <system-out>1..3
ok 1 - Equals
ok 2 - Equals
ok 3 - Equals
</system-out>
    <testcase name="Equals (216)" classname="spec_perl_TestCastToTop_t" time="0.000198841094970703" />
    <testcase name="Equals (217)" classname="spec_perl_TestCastToTop_t" time="0.000106096267700195" />
    <testcase name="Equals (218)" classname="spec_perl_TestCastToTop_t" time="0.000102996826171875" />
  </testsuite>
  <testsuite name="spec_perl_TestProcessToUser_t" errors="0" failures="0" skipped="0" tests="1" time="0.0524380207061768">
    <system-out>1..1
ok 1 - Equals
</system-out>
    <testcase name="Equals (219)" classname="spec_perl_TestProcessToUser_t" time="0.000243902206420898" />
  </testsuite>
  <testsuite name="spec_perl_TestValidSwitch_t" errors="0" failures="0" skipped="1" tests="1" time="0.048828125">
    <system-out>1..1
ok 1 # skip ValidSwitch=HASH(0x5623bee4f528)
</system-out>
    <testcase name="Unnamed test case 219" classname="spec_perl_TestValidSwitch_t" time="0.000957965850830078">
      <skipped message="ok 1 # skip ValidSwitch=HASH(0x5623bee4f528)" />
    </testcase>
  </testsuite>
  <testsuite name="spec_perl_TestImportsParamsDefEnumImported_t" errors="0" failures="2" skipped="0" tests="4" time="0.0508720874786377">
    <system-out>1..4
ok 1 - Equals
ok 2 - Equals
not ok 3 - Equals
not ok 4 - Equals
</system-out>
    <testcase name="Equals (220)" classname="spec_perl_TestImportsParamsDefEnumImported_t" time="0.000168085098266602" />
    <testcase name="Equals (221)" classname="spec_perl_TestImportsParamsDefEnumImported_t" time="8.10623168945312e-05" />
    <testcase name="Equals (222)" classname="spec_perl_TestImportsParamsDefEnumImported_t" time="8.79764556884766e-05">
      <failure message="not ok 3 - Equals" type="TAP::Parser::Result::Test"></failure>
    </testcase>
    <testcase name="Equals (223)" classname="spec_perl_TestImportsParamsDefEnumImported_t" time="0.000406980514526367">
      <failure message="not ok 4 - Equals" type="TAP::Parser::Result::Test"></failure>
    </testcase>
  </testsuite>
  <testsuite name="spec_perl_TestMetaXref_t" errors="0" failures="0" skipped="1" tests="1" time="0.0501108169555664">
    <system-out>1..1
ok 1 # skip MetaXref=HASH(0x56073e9b5270)
</system-out>
    <testcase name="Unnamed test case 223" classname="spec_perl_TestMetaXref_t" time="0.000978946685791016">
      <skipped message="ok 1 # skip MetaXref=HASH(0x56073e9b5270)" />
    </testcase>
  </testsuite>
  <testsuite name="spec_perl_TestValidOptionalId_t" errors="0" failures="0" skipped="1" tests="1" time="0.0490970611572266">
    <system-out>1..1
ok 1 # skip ValidOptionalId=HASH(0x55b6d3d8be00)
</system-out>
    <testcase name="Unnamed test case 224" classname="spec_perl_TestValidOptionalId_t" time="0.001007080078125">
      <skipped message="ok 1 # skip ValidOptionalId=HASH(0x55b6d3d8be00)" />
    </testcase>
  </testsuite>
  <testsuite name="spec_perl_TestImportsParamsDefUsertypeImported_t" errors="0" failures="1" skipped="0" tests="2" time="0.0498850345611572">
    <system-out>1..2
ok 1 - Equals
not ok 2 - test_imports_params_def_usertype_imported died (Can't call method &quot;one&quot; on an undefined value at compiled/perl/ParamsDefUsertypeImported.pm line 43.)
</system-out>
    <testcase name="Equals (224)" classname="spec_perl_TestImportsParamsDefUsertypeImported_t" time="0.000189065933227539" />
    <testcase name="test_imports_params_def_usertype_imported died (Can't call method &quot;one&quot; on an undefined value at compiled/perl/ParamsDefUsertypeImported.pm line 43.) (224)" classname="spec_perl_TestImportsParamsDefUsertypeImported_t" time="0.000125885009765625">
      <failure message="not ok 2 - test_imports_params_def_usertype_imported died (Can't call method &quot;one&quot; on an undefined value at compiled/perl/ParamsDefUsertypeImported.pm line 43.)" type="TAP::Parser::Result::Test"></failure>
    </testcase>
  </testsuite>
  <testsuite name="spec_perl_TestDefaultEndianExprException_t" errors="0" failures="0" skipped="0" tests="1" time="0.0506119728088379">
    <system-out>1..1
ok 1 - threw /^Unable to decide on endianness/
</system-out>
    <testcase name="threw /^Unable to decide on endianness/ (224)" classname="spec_perl_TestDefaultEndianExprException_t" time="0.00020599365234375" />
  </testsuite>
  <testsuite name="spec_perl_TestRecursiveOne_t" errors="0" failures="0" skipped="0" tests="4" time="0.0490589141845703">
    <system-out>1..4
ok 1 - Equals
ok 2 - Equals
ok 3 - Equals
ok 4 - Equals
</system-out>
    <testcase name="Equals (225)" classname="spec_perl_TestRecursiveOne_t" time="0.000200986862182617" />
    <testcase name="Equals (226)" classname="spec_perl_TestRecursiveOne_t" time="0.000104188919067383" />
    <testcase name="Equals (227)" classname="spec_perl_TestRecursiveOne_t" time="9.29832458496094e-05" />
    <testcase name="Equals (228)" classname="spec_perl_TestRecursiveOne_t" time="9.67979431152344e-05" />
  </testsuite>
  <testsuite name="spec_perl_TestIndexToParamUntil_t" errors="0" failures="2" skipped="0" tests="7" time="0.0553090572357178">
    <system-out>1..7
ok 1 - Equals
ok 2 - Equals
ok 3 - Equals
ok 4 - Equals
ok 5 - Equals
not ok 6 - Equals
not ok 7 - Equals
</system-out>
    <testcase name="Equals (229)" classname="spec_perl_TestIndexToParamUntil_t" time="0.000382900238037109" />
    <testcase name="Equals (230)" classname="spec_perl_TestIndexToParamUntil_t" time="0.000131130218505859" />
    <testcase name="Equals (231)" classname="spec_perl_TestIndexToParamUntil_t" time="0.00017094612121582" />
    <testcase name="Equals (232)" classname="spec_perl_TestIndexToParamUntil_t" time="0.00019383430480957" />
    <testcase name="Equals (233)" classname="spec_perl_TestIndexToParamUntil_t" time="0.00018310546875" />
    <testcase name="Equals (234)" classname="spec_perl_TestIndexToParamUntil_t" time="0.000206947326660156">
      <failure message="not ok 6 - Equals" type="TAP::Parser::Result::Test"></failure>
    </testcase>
    <testcase name="Equals (235)" classname="spec_perl_TestIndexToParamUntil_t" time="0.000693082809448242">
      <failure message="not ok 7 - Equals" type="TAP::Parser::Result::Test"></failure>
    </testcase>
  </testsuite>
  <testsuite name="spec_perl_TestEnumDeepLiterals_t" errors="0" failures="0" skipped="0" tests="2" time="0.0484650135040283">
    <system-out>1..2
ok 1 - Equals
ok 2 - Equals
</system-out>
    <testcase name="Equals (236)" classname="spec_perl_TestEnumDeepLiterals_t" time="0.000168085098266602" />
    <testcase name="Equals (237)" classname="spec_perl_TestEnumDeepLiterals_t" time="8.392333984375e-05" />
  </testsuite>
  <testsuite name="spec_perl_TestEnumDeep_t" errors="0" failures="0" skipped="0" tests="2" time="0.0483248233795166">
    <system-out>1..2
ok 1 - Equals
ok 2 - Equals
</system-out>
    <testcase name="Equals (238)" classname="spec_perl_TestEnumDeep_t" time="0.000195026397705078" />
    <testcase name="Equals (239)" classname="spec_perl_TestEnumDeep_t" time="0.000103950500488281" />
  </testsuite>
  <testsuite name="spec_perl_TestEofExceptionSwitchUser_t" errors="0" failures="0" skipped="0" tests="1" time="0.0511929988861084">
    <system-out>1..1
ok 1 - threw /^Requested \d+ bytes, but only \d+ bytes available/
</system-out>
    <testcase name="threw /^Requested \d+ bytes, but only \d+ bytes available/ (239)" classname="spec_perl_TestEofExceptionSwitchUser_t" time="0.000123023986816406" />
  </testsuite>
  <testsuite name="spec_perl_TestEnumNegative_t" errors="0" failures="0" skipped="0" tests="2" time="0.0487110614776611">
    <system-out>1..2
ok 1 - Equals
ok 2 - Equals
</system-out>
    <testcase name="Equals (240)" classname="spec_perl_TestEnumNegative_t" time="0.000125885009765625" />
    <testcase name="Equals (241)" classname="spec_perl_TestEnumNegative_t" time="0.000119209289550781" />
  </testsuite>
  <testsuite name="spec_perl_TestOpaqueExternalType_t" errors="0" failures="0" skipped="0" tests="1" time="0.0480248928070068">
    <system-out>1..1
ok 1 - Equals
</system-out>
    <testcase name="Equals (242)" classname="spec_perl_TestOpaqueExternalType_t" time="0.000213861465454102" />
  </testsuite>
  <testsuite name="spec_perl_TestSwitchRepeatExpr_t" errors="0" failures="0" skipped="0" tests="7" time="0.0497591495513916">
    <system-out>1..7
ok 1 - Equals
ok 2 - Equals
ok 3 - Equals
ok 4 - Equals
ok 5 - Equals
ok 6 - Equals
ok 7 - Equals
</system-out>
    <testcase name="Equals (243)" classname="spec_perl_TestSwitchRepeatExpr_t" time="0.00026392936706543" />
    <testcase name="Equals (244)" classname="spec_perl_TestSwitchRepeatExpr_t" time="0.000112056732177734" />
    <testcase name="Equals (245)" classname="spec_perl_TestSwitchRepeatExpr_t" time="0.000116109848022461" />
    <testcase name="Equals (246)" classname="spec_perl_TestSwitchRepeatExpr_t" time="9.79900360107422e-05" />
    <testcase name="Equals (247)" classname="spec_perl_TestSwitchRepeatExpr_t" time="9.79900360107422e-05" />
    <testcase name="Equals (248)" classname="spec_perl_TestSwitchRepeatExpr_t" time="9.20295715332031e-05" />
    <testcase name="Equals (249)" classname="spec_perl_TestSwitchRepeatExpr_t" time="8.79764556884766e-05" />
  </testsuite>
  <testsuite name="spec_perl_TestEnumFancy_t" errors="0" failures="0" skipped="0" tests="2" time="0.0482170581817627">
    <system-out>1..2
ok 1 - Equals
ok 2 - Equals
</system-out>
    <testcase name="Equals (250)" classname="spec_perl_TestEnumFancy_t" time="0.000200986862182617" />
    <testcase name="Equals (251)" classname="spec_perl_TestEnumFancy_t" time="0.00014185905456543" />
  </testsuite>
  <testsuite name="spec_perl_TestParamsPassStruct_t" errors="0" failures="1" skipped="1" tests="4" time="0.0500919818878174">
    <system-out>1..4
ok 1 - Equals
ok 2 - Equals
not ok 3 - test_params_pass_struct died (Can't call method &quot;foo&quot; on an undefined value at spec/perl/TestParamsPassStruct.t line 16.)
ok 4 # skip test_params_pass_struct died
</system-out>
    <testcase name="Equals (252)" classname="spec_perl_TestParamsPassStruct_t" time="0.000169992446899414" />
    <testcase name="Equals (253)" classname="spec_perl_TestParamsPassStruct_t" time="8.89301300048828e-05" />
    <testcase name="test_params_pass_struct died (Can't call method &quot;foo&quot; on an undefined value at spec/perl/TestParamsPassStruct.t line 16.) (253)" classname="spec_perl_TestParamsPassStruct_t" time="0.00018310546875">
      <failure message="not ok 3 - test_params_pass_struct died (Can't call method &quot;foo&quot; on an undefined value at spec/perl/TestParamsPassStruct.t line 16.)" type="TAP::Parser::Result::Test"></failure>
    </testcase>
    <testcase name="Unnamed test case 253" classname="spec_perl_TestParamsPassStruct_t" time="0.000458002090454102">
      <skipped message="ok 4 # skip test_params_pass_struct died" />
    </testcase>
  </testsuite>
  <testsuite name="spec_perl_TestBitsSimpleLe_t" errors="0" failures="0" skipped="0" tests="14" time="0.0509920120239258">
    <system-out>1..14
ok 1 - Equals
ok 2 - Equals
ok 3 - Equals
ok 4 - Equals
ok 5 - Equals
ok 6 - Equals
ok 7 - Equals
ok 8 - Equals
ok 9 - Equals
ok 10 - Equals
ok 11 - Equals
ok 12 - Equals
ok 13 - Equals
ok 14 - Equals
</system-out>
    <testcase name="Equals (254)" classname="spec_perl_TestBitsSimpleLe_t" time="0.000188112258911133" />
    <testcase name="Equals (255)" classname="spec_perl_TestBitsSimpleLe_t" time="7.98702239990234e-05" />
    <testcase name="Equals (256)" classname="spec_perl_TestBitsSimpleLe_t" time="9.20295715332031e-05" />
    <testcase name="Equals (257)" classname="spec_perl_TestBitsSimpleLe_t" time="0.000149011611938477" />
    <testcase name="Equals (258)" classname="spec_perl_TestBitsSimpleLe_t" time="0.00010991096496582" />
    <testcase name="Equals (259)" classname="spec_perl_TestBitsSimpleLe_t" time="9.41753387451172e-05" />
    <testcase name="Equals (260)" classname="spec_perl_TestBitsSimpleLe_t" time="8.70227813720703e-05" />
    <testcase name="Equals (261)" classname="spec_perl_TestBitsSimpleLe_t" time="8.48770141601562e-05" />
    <testcase name="Equals (262)" classname="spec_perl_TestBitsSimpleLe_t" time="8.20159912109375e-05" />
    <testcase name="Equals (263)" classname="spec_perl_TestBitsSimpleLe_t" time="8.29696655273438e-05" />
    <testcase name="Equals (264)" classname="spec_perl_TestBitsSimpleLe_t" time="8.79764556884766e-05" />
    <testcase name="Equals (265)" classname="spec_perl_TestBitsSimpleLe_t" time="8.60691070556641e-05" />
    <testcase name="Equals (266)" classname="spec_perl_TestBitsSimpleLe_t" time="8.10623168945312e-05" />
    <testcase name="Equals (267)" classname="spec_perl_TestBitsSimpleLe_t" time="8.48770141601562e-05" />
  </testsuite>
  <testsuite name="spec_perl_TestImportsAbsRel_t" errors="0" failures="0" skipped="0" tests="3" time="0.0496499538421631">
    <system-out>1..3
ok 1 - Equals
ok 2 - Equals
ok 3 - Equals
</system-out>
    <testcase name="Equals (268)" classname="spec_perl_TestImportsAbsRel_t" time="0.000174045562744141" />
    <testcase name="Equals (269)" classname="spec_perl_TestImportsAbsRel_t" time="8.79764556884766e-05" />
    <testcase name="Equals (270)" classname="spec_perl_TestImportsAbsRel_t" time="0.000111103057861328" />
  </testsuite>
  <testsuite name="spec_perl_TestTypeTernary2ndFalsy_t" errors="0" failures="0" skipped="0" tests="13" time="0.05165696144104">
    <system-out>1..13
ok 1 - Equals
ok 2 - Equals
ok 3 - Equals
ok 4 - Approx equals
ok 5 - Approx equals
ok 6 - Equals
ok 7 - Equals
ok 8 - Equals
ok 9 - nil
ok 10 - Equals
ok 11 - Equals
ok 12 - Equals
ok 13 - Equals
</system-out>
    <testcase name="Equals (271)" classname="spec_perl_TestTypeTernary2ndFalsy_t" time="0.000262022018432617" />
    <testcase name="Equals (272)" classname="spec_perl_TestTypeTernary2ndFalsy_t" time="0.000159025192260742" />
    <testcase name="Equals (273)" classname="spec_perl_TestTypeTernary2ndFalsy_t" time="0.000174045562744141" />
    <testcase name="Approx equals (273)" classname="spec_perl_TestTypeTernary2ndFalsy_t" time="6.19888305664062e-05" />
    <testcase name="Approx equals (274)" classname="spec_perl_TestTypeTernary2ndFalsy_t" time="5.00679016113281e-05" />
    <testcase name="Equals (274)" classname="spec_perl_TestTypeTernary2ndFalsy_t" time="0.000177860260009766" />
    <testcase name="Equals (275)" classname="spec_perl_TestTypeTernary2ndFalsy_t" time="0.000169038772583008" />
    <testcase name="Equals (276)" classname="spec_perl_TestTypeTernary2ndFalsy_t" time="0.000166177749633789" />
    <testcase name="nil (276)" classname="spec_perl_TestTypeTernary2ndFalsy_t" time="7.29560852050781e-05" />
    <testcase name="Equals (277)" classname="spec_perl_TestTypeTernary2ndFalsy_t" time="0.000169038772583008" />
    <testcase name="Equals (278)" classname="spec_perl_TestTypeTernary2ndFalsy_t" time="0.000159978866577148" />
    <testcase name="Equals (279)" classname="spec_perl_TestTypeTernary2ndFalsy_t" time="0.0001678466796875" />
    <testcase name="Equals (280)" classname="spec_perl_TestTypeTernary2ndFalsy_t" time="0.000185966491699219" />
  </testsuite>
  <testsuite name="spec_perl_TestExprOpsParens_t" errors="0" failures="1" skipped="0" tests="9" time="0.0510540008544922">
    <system-out>1..9
ok 1 - Equals
ok 2 - Equals
ok 3 - Equals
ok 4 - Equals
ok 5 - Equals
ok 6 - Equals
not ok 7 - Equals
ok 8 - Equals
ok 9 - Equals
</system-out>
    <testcase name="Equals (281)" classname="spec_perl_TestExprOpsParens_t" time="0.000179052352905273" />
    <testcase name="Equals (282)" classname="spec_perl_TestExprOpsParens_t" time="8.20159912109375e-05" />
    <testcase name="Equals (283)" classname="spec_perl_TestExprOpsParens_t" time="0.000104904174804688" />
    <testcase name="Equals (284)" classname="spec_perl_TestExprOpsParens_t" time="0.000102043151855469" />
    <testcase name="Equals (285)" classname="spec_perl_TestExprOpsParens_t" time="9.79900360107422e-05" />
    <testcase name="Equals (286)" classname="spec_perl_TestExprOpsParens_t" time="0.000104904174804688" />
    <testcase name="Equals (287)" classname="spec_perl_TestExprOpsParens_t" time="0.000162124633789062">
      <failure message="not ok 7 - Equals" type="TAP::Parser::Result::Test"></failure>
    </testcase>
    <testcase name="Equals (288)" classname="spec_perl_TestExprOpsParens_t" time="0.000583887100219727" />
    <testcase name="Equals (289)" classname="spec_perl_TestExprOpsParens_t" time="0.000172138214111328" />
  </testsuite>
  <testsuite name="spec_perl_TestZlibWithHeader78_t" errors="0" failures="0" skipped="0" tests="1" time="0.0717840194702148">
    <system-out>1..1
ok 1 - Equals
</system-out>
    <testcase name="Equals (290)" classname="spec_perl_TestZlibWithHeader78_t" time="0.000285148620605469" />
  </testsuite>
  <testsuite name="spec_perl_TestExprEnum_t" errors="0" failures="0" skipped="0" tests="3" time="0.0486190319061279">
    <system-out>1..3
ok 1 - Equals
ok 2 - Equals
ok 3 - Equals
</system-out>
    <testcase name="Equals (291)" classname="spec_perl_TestExprEnum_t" time="0.000187873840332031" />
    <testcase name="Equals (292)" classname="spec_perl_TestExprEnum_t" time="8.70227813720703e-05" />
    <testcase name="Equals (293)" classname="spec_perl_TestExprEnum_t" time="9.79900360107422e-05" />
  </testsuite>
  <testsuite name="spec_perl_TestProcessCoerceUsertype1_t" errors="0" failures="0" skipped="0" tests="4" time="0.0486950874328613">
    <system-out>1..4
ok 1 - Equals
ok 2 - Equals
ok 3 - Equals
ok 4 - Equals
</system-out>
    <testcase name="Equals (294)" classname="spec_perl_TestProcessCoerceUsertype1_t" time="0.000211954116821289" />
    <testcase name="Equals (295)" classname="spec_perl_TestProcessCoerceUsertype1_t" time="9.29832458496094e-05" />
    <testcase name="Equals (296)" classname="spec_perl_TestProcessCoerceUsertype1_t" time="0.000102043151855469" />
    <testcase name="Equals (297)" classname="spec_perl_TestProcessCoerceUsertype1_t" time="9.67979431152344e-05" />
  </testsuite>
  <testsuite name="spec_perl_TestRepeatEosU4_t" errors="0" failures="0" skipped="0" tests="5" time="0.048882007598877">
    <system-out>1..5
ok 1 - Equals
ok 2 - Equals
ok 3 - Equals
ok 4 - Equals
ok 5 - Equals
</system-out>
    <testcase name="Equals (298)" classname="spec_perl_TestRepeatEosU4_t" time="0.000195980072021484" />
    <testcase name="Equals (299)" classname="spec_perl_TestRepeatEosU4_t" time="8.32080841064453e-05" />
    <testcase name="Equals (300)" classname="spec_perl_TestRepeatEosU4_t" time="0.00011897087097168" />
    <testcase name="Equals (301)" classname="spec_perl_TestRepeatEosU4_t" time="9.98973846435547e-05" />
    <testcase name="Equals (302)" classname="spec_perl_TestRepeatEosU4_t" time="9.39369201660156e-05" />
  </testsuite>
  <testsuite name="spec_perl_TestIndexToParamExpr_t" errors="0" failures="2" skipped="0" tests="7" time="0.0549590587615967">
    <system-out>1..7
ok 1 - Equals
ok 2 - Equals
ok 3 - Equals
ok 4 - Equals
ok 5 - Equals
not ok 6 - Equals
not ok 7 - Equals
</system-out>
    <testcase name="Equals (303)" classname="spec_perl_TestIndexToParamExpr_t" time="0.000307798385620117" />
    <testcase name="Equals (304)" classname="spec_perl_TestIndexToParamExpr_t" time="0.000274181365966797" />
    <testcase name="Equals (305)" classname="spec_perl_TestIndexToParamExpr_t" time="0.000161886215209961" />
    <testcase name="Equals (306)" classname="spec_perl_TestIndexToParamExpr_t" time="0.000188112258911133" />
    <testcase name="Equals (307)" classname="spec_perl_TestIndexToParamExpr_t" time="0.000160932540893555" />
    <testcase name="Equals (308)" classname="spec_perl_TestIndexToParamExpr_t" time="0.00020599365234375">
      <failure message="not ok 6 - Equals" type="TAP::Parser::Result::Test"></failure>
    </testcase>
    <testcase name="Equals (309)" classname="spec_perl_TestIndexToParamExpr_t" time="0.000586032867431641">
      <failure message="not ok 7 - Equals" type="TAP::Parser::Result::Test"></failure>
    </testcase>
  </testsuite>
  <testsuite name="spec_perl_TestDebugArrayUserEofException_t" errors="0" failures="0" skipped="0" tests="9" time="0.0517301559448242">
    <system-out>1..9
ok 1 - threw /^Requested \d+ bytes, but only \d+ bytes available/
ok 2 - Equals
ok 3 - Equals
ok 4 - Equals
ok 5 - Equals
ok 6 - Equals
ok 7 - Equals
ok 8 - Equals
ok 9 - Equals
</system-out>
    <testcase name="threw /^Requested \d+ bytes, but only \d+ bytes available/ (309)" classname="spec_perl_TestDebugArrayUserEofException_t" time="0.000144004821777344" />
    <testcase name="Equals (310)" classname="spec_perl_TestDebugArrayUserEofException_t" time="0.000114917755126953" />
    <testcase name="Equals (311)" classname="spec_perl_TestDebugArrayUserEofException_t" time="0.000114917755126953" />
    <testcase name="Equals (312)" classname="spec_perl_TestDebugArrayUserEofException_t" time="0.000151157379150391" />
    <testcase name="Equals (313)" classname="spec_perl_TestDebugArrayUserEofException_t" time="9.89437103271484e-05" />
    <testcase name="Equals (314)" classname="spec_perl_TestDebugArrayUserEofException_t" time="9.08374786376953e-05" />
    <testcase name="Equals (315)" classname="spec_perl_TestDebugArrayUserEofException_t" time="8.41617584228516e-05" />
    <testcase name="Equals (316)" classname="spec_perl_TestDebugArrayUserEofException_t" time="9.98973846435547e-05" />
    <testcase name="Equals (317)" classname="spec_perl_TestDebugArrayUserEofException_t" time="8.0108642578125e-05" />
  </testsuite>
  <testsuite name="spec_perl_TestNestedTypesImport_t" errors="0" failures="0" skipped="0" tests="11" time="0.049746036529541">
    <system-out>1..11
ok 1 - Equals
ok 2 - Equals
ok 3 - Equals
ok 4 - Equals
ok 5 - Equals
ok 6 - nil
ok 7 - nil
ok 8 - nil
ok 9 - nil
ok 10 - nil
ok 11 - nil
</system-out>
    <testcase name="Equals (318)" classname="spec_perl_TestNestedTypesImport_t" time="0.000203847885131836" />
    <testcase name="Equals (319)" classname="spec_perl_TestNestedTypesImport_t" time="9.60826873779297e-05" />
    <testcase name="Equals (320)" classname="spec_perl_TestNestedTypesImport_t" time="0.000102043151855469" />
    <testcase name="Equals (321)" classname="spec_perl_TestNestedTypesImport_t" time="0.000118017196655273" />
    <testcase name="Equals (322)" classname="spec_perl_TestNestedTypesImport_t" time="9.79900360107422e-05" />
    <testcase name="nil (322)" classname="spec_perl_TestNestedTypesImport_t" time="3.29017639160156e-05" />
    <testcase name="nil (323)" classname="spec_perl_TestNestedTypesImport_t" time="2.59876251220703e-05" />
    <testcase name="nil (324)" classname="spec_perl_TestNestedTypesImport_t" time="3.814697265625e-05" />
    <testcase name="nil (325)" classname="spec_perl_TestNestedTypesImport_t" time="3.19480895996094e-05" />
    <testcase name="nil (326)" classname="spec_perl_TestNestedTypesImport_t" time="2.78949737548828e-05" />
    <testcase name="nil (327)" classname="spec_perl_TestNestedTypesImport_t" time="2.50339508056641e-05" />
  </testsuite>
  <testsuite name="spec_perl_TestProcessCoerceSwitch_t" errors="0" failures="0" skipped="0" tests="3" time="0.0497870445251465">
    <system-out>1..3
ok 1 - Equals
ok 2 - Equals
ok 3 - Equals
</system-out>
    <testcase name="Equals (327)" classname="spec_perl_TestProcessCoerceSwitch_t" time="0.000222921371459961" />
    <testcase name="Equals (328)" classname="spec_perl_TestProcessCoerceSwitch_t" time="8.98838043212891e-05" />
    <testcase name="Equals (329)" classname="spec_perl_TestProcessCoerceSwitch_t" time="0.000102043151855469" />
  </testsuite>
  <testsuite name="spec_perl_TestImportsAbsAbs_t" errors="0" failures="0" skipped="0" tests="3" time="0.049307107925415">
    <system-out>1..3
ok 1 - Equals
ok 2 - Equals
ok 3 - Equals
</system-out>
    <testcase name="Equals (330)" classname="spec_perl_TestImportsAbsAbs_t" time="0.000204086303710938" />
    <testcase name="Equals (331)" classname="spec_perl_TestImportsAbsAbs_t" time="0.000107049942016602" />
    <testcase name="Equals (332)" classname="spec_perl_TestImportsAbsAbs_t" time="0.000128984451293945" />
  </testsuite>
  <testsuite name="spec_perl_TestStrPadTermEmpty_t" errors="0" failures="0" skipped="0" tests="4" time="0.0523481369018555">
    <system-out>1..4
ok 1 - Equals
ok 2 - Equals
ok 3 - Equals
ok 4 - Equals
</system-out>
    <testcase name="Equals (333)" classname="spec_perl_TestStrPadTermEmpty_t" time="0.00030207633972168" />
    <testcase name="Equals (334)" classname="spec_perl_TestStrPadTermEmpty_t" time="8.48770141601562e-05" />
    <testcase name="Equals (335)" classname="spec_perl_TestStrPadTermEmpty_t" time="0.000112056732177734" />
    <testcase name="Equals (336)" classname="spec_perl_TestStrPadTermEmpty_t" time="8.392333984375e-05" />
  </testsuite>
  <testsuite name="spec_perl_TestIfInstances_t" errors="0" failures="0" skipped="0" tests="1" time="0.0477440357208252">
    <system-out>1..1
ok 1 - nil
</system-out>
    <testcase name="nil (336)" classname="spec_perl_TestIfInstances_t" time="0.000104904174804688" />
  </testsuite>
  <testsuite name="spec_perl_TestExprStrEncodings_t" errors="0" failures="0" skipped="0" tests="7" time="0.0574009418487549">
    <system-out>1..7
ok 1 - Equals
ok 2 - Equals
ok 3 - Equals
ok 4 - Equals
ok 5 - Equals
ok 6 - Equals
ok 7 - Equals
</system-out>
    <testcase name="Equals (337)" classname="spec_perl_TestExprStrEncodings_t" time="0.00436115264892578" />
    <testcase name="Equals (338)" classname="spec_perl_TestExprStrEncodings_t" time="0.000108957290649414" />
    <testcase name="Equals (339)" classname="spec_perl_TestExprStrEncodings_t" time="9.48905944824219e-05" />
    <testcase name="Equals (340)" classname="spec_perl_TestExprStrEncodings_t" time="9.60826873779297e-05" />
    <testcase name="Equals (341)" classname="spec_perl_TestExprStrEncodings_t" time="8.10623168945312e-05" />
    <testcase name="Equals (342)" classname="spec_perl_TestExprStrEncodings_t" time="7.89165496826172e-05" />
    <testcase name="Equals (343)" classname="spec_perl_TestExprStrEncodings_t" time="8.89301300048828e-05" />
  </testsuite>
  <testsuite name="spec_perl_TestExprBytesCmp_t" errors="0" failures="0" skipped="0" tests="10" time="0.0490541458129883">
    <system-out>1..10
ok 1 - Equals
ok 2 - Equals
ok 3 - Equals
ok 4 - Equals
ok 5 - Equals
ok 6 - Equals
ok 7 - Equals
ok 8 - Equals
ok 9 - Equals
ok 10 - Equals
</system-out>
    <testcase name="Equals (344)" classname="spec_perl_TestExprBytesCmp_t" time="0.000194787979125977" />
    <testcase name="Equals (345)" classname="spec_perl_TestExprBytesCmp_t" time="8.41617584228516e-05" />
    <testcase name="Equals (346)" classname="spec_perl_TestExprBytesCmp_t" time="9.08374786376953e-05" />
    <testcase name="Equals (347)" classname="spec_perl_TestExprBytesCmp_t" time="8.70227813720703e-05" />
    <testcase name="Equals (348)" classname="spec_perl_TestExprBytesCmp_t" time="8.60691070556641e-05" />
    <testcase name="Equals (349)" classname="spec_perl_TestExprBytesCmp_t" time="8.392333984375e-05" />
    <testcase name="Equals (350)" classname="spec_perl_TestExprBytesCmp_t" time="7.60555267333984e-05" />
    <testcase name="Equals (351)" classname="spec_perl_TestExprBytesCmp_t" time="7.70092010498047e-05" />
    <testcase name="Equals (352)" classname="spec_perl_TestExprBytesCmp_t" time="9.10758972167969e-05" />
    <testcase name="Equals (353)" classname="spec_perl_TestExprBytesCmp_t" time="7.48634338378906e-05" />
  </testsuite>
  <testsuite name="spec_perl_TestPositionToEnd_t" errors="0" failures="0" skipped="0" tests="2" time="0.0484359264373779">
    <system-out>1..2
ok 1 - Equals
ok 2 - Equals
</system-out>
    <testcase name="Equals (354)" classname="spec_perl_TestPositionToEnd_t" time="0.00020599365234375" />
    <testcase name="Equals (355)" classname="spec_perl_TestPositionToEnd_t" time="9.79900360107422e-05" />
  </testsuite>
  <testsuite name="spec_perl_TestUserType_t" errors="0" failures="0" skipped="0" tests="2" time="0.0482769012451172">
    <system-out>1..2
ok 1 - Equals
ok 2 - Equals
</system-out>
    <testcase name="Equals (356)" classname="spec_perl_TestUserType_t" time="0.000174999237060547" />
    <testcase name="Equals (357)" classname="spec_perl_TestUserType_t" time="8.0108642578125e-05" />
  </testsuite>
  <testsuite name="spec_perl_TestEosExceptionSized_t" errors="0" failures="0" skipped="0" tests="1" time="0.050001859664917">
    <system-out>1..1
ok 1 - threw /^Requested \d+ bytes, but only \d+ bytes available/
</system-out>
    <testcase name="threw /^Requested \d+ bytes, but only \d+ bytes available/ (357)" classname="spec_perl_TestEosExceptionSized_t" time="0.000108003616333008" />
  </testsuite>
  <testsuite name="spec_perl_TestBitsUnalignedB32Le_t" errors="0" failures="0" skipped="0" tests="3" time="0.0484459400177002">
    <system-out>1..3
ok 1 - Equals
ok 2 - Equals
ok 3 - Equals
</system-out>
    <testcase name="Equals (358)" classname="spec_perl_TestBitsUnalignedB32Le_t" time="0.000164985656738281" />
    <testcase name="Equals (359)" classname="spec_perl_TestBitsUnalignedB32Le_t" time="0.00011897087097168" />
    <testcase name="Equals (360)" classname="spec_perl_TestBitsUnalignedB32Le_t" time="0.000135898590087891" />
  </testsuite>
  <testsuite name="spec_perl_TestSwitchManualEnumInvalid_t" errors="0" failures="0" skipped="0" tests="5" time="0.0535500049591064">
    <system-out>1..5
ok 1 - Equals
ok 2 - Equals
ok 3 - nil
ok 4 - Equals
ok 5 - nil
</system-out>
    <testcase name="Equals (361)" classname="spec_perl_TestSwitchManualEnumInvalid_t" time="0.000213861465454102" />
    <testcase name="Equals (362)" classname="spec_perl_TestSwitchManualEnumInvalid_t" time="7.70092010498047e-05" />
    <testcase name="nil (362)" classname="spec_perl_TestSwitchManualEnumInvalid_t" time="5.10215759277344e-05" />
    <testcase name="Equals (363)" classname="spec_perl_TestSwitchManualEnumInvalid_t" time="8.89301300048828e-05" />
    <testcase name="nil (363)" classname="spec_perl_TestSwitchManualEnumInvalid_t" time="4.31537628173828e-05" />
  </testsuite>
  <testsuite name="spec_perl_TestMultipleUse_t" errors="0" failures="0" skipped="0" tests="2" time="0.0488569736480713">
    <system-out>1..2
ok 1 - Equals
ok 2 - Equals
</system-out>
    <testcase name="Equals (364)" classname="spec_perl_TestMultipleUse_t" time="0.000234842300415039" />
    <testcase name="Equals (365)" classname="spec_perl_TestMultipleUse_t" time="0.000118017196655273" />
  </testsuite>
  <testsuite name="spec_perl_TestExprIntDiv_t" errors="0" failures="2" skipped="0" tests="6" time="0.0503559112548828">
    <system-out>1..6
ok 1 - Equals
ok 2 - Equals
ok 3 - Equals
not ok 4 - Equals
ok 5 - Equals
not ok 6 - Equals
</system-out>
    <testcase name="Equals (366)" classname="spec_perl_TestExprIntDiv_t" time="0.000163793563842773" />
    <testcase name="Equals (367)" classname="spec_perl_TestExprIntDiv_t" time="8.70227813720703e-05" />
    <testcase name="Equals (368)" classname="spec_perl_TestExprIntDiv_t" time="9.60826873779297e-05" />
    <testcase name="Equals (369)" classname="spec_perl_TestExprIntDiv_t" time="0.000127077102661133">
      <failure message="not ok 4 - Equals" type="TAP::Parser::Result::Test"></failure>
    </testcase>
    <testcase name="Equals (370)" classname="spec_perl_TestExprIntDiv_t" time="0.000697851181030273" />
    <testcase name="Equals (371)" classname="spec_perl_TestExprIntDiv_t" time="7.10487365722656e-05">
      <failure message="not ok 6 - Equals" type="TAP::Parser::Result::Test"></failure>
    </testcase>
  </testsuite>
  <testsuite name="spec_perl_TestSwitchManualStr_t" errors="0" failures="0" skipped="0" tests="9" time="0.0538389682769775">
    <system-out>1..9
ok 1 - Equals
ok 2 - Equals
ok 3 - Equals
ok 4 - Equals
ok 5 - Equals
ok 6 - Equals
ok 7 - Equals
ok 8 - Equals
ok 9 - Equals
</system-out>
    <testcase name="Equals (372)" classname="spec_perl_TestSwitchManualStr_t" time="0.000247001647949219" />
    <testcase name="Equals (373)" classname="spec_perl_TestSwitchManualStr_t" time="0.000109195709228516" />
    <testcase name="Equals (374)" classname="spec_perl_TestSwitchManualStr_t" time="0.000127792358398438" />
    <testcase name="Equals (375)" classname="spec_perl_TestSwitchManualStr_t" time="9.82284545898438e-05" />
    <testcase name="Equals (376)" classname="spec_perl_TestSwitchManualStr_t" time="9.67979431152344e-05" />
    <testcase name="Equals (377)" classname="spec_perl_TestSwitchManualStr_t" time="9.01222229003906e-05" />
    <testcase name="Equals (378)" classname="spec_perl_TestSwitchManualStr_t" time="9.10758972167969e-05" />
    <testcase name="Equals (379)" classname="spec_perl_TestSwitchManualStr_t" time="8.48770141601562e-05" />
    <testcase name="Equals (380)" classname="spec_perl_TestSwitchManualStr_t" time="9.01222229003906e-05" />
  </testsuite>
  <testsuite name="spec_perl_TestBitsSeqEndianCombo_t" errors="0" failures="0" skipped="0" tests="8" time="0.0493860244750977">
    <system-out>1..8
ok 1 - Equals
ok 2 - Equals
ok 3 - Equals
ok 4 - Equals
ok 5 - Equals
ok 6 - Equals
ok 7 - Equals
ok 8 - Equals
</system-out>
    <testcase name="Equals (381)" classname="spec_perl_TestBitsSeqEndianCombo_t" time="0.000283956527709961" />
    <testcase name="Equals (382)" classname="spec_perl_TestBitsSeqEndianCombo_t" time="0.000154972076416016" />
    <testcase name="Equals (383)" classname="spec_perl_TestBitsSeqEndianCombo_t" time="0.000174045562744141" />
    <testcase name="Equals (384)" classname="spec_perl_TestBitsSeqEndianCombo_t" time="0.000168085098266602" />
    <testcase name="Equals (385)" classname="spec_perl_TestBitsSeqEndianCombo_t" time="0.000164985656738281" />
    <testcase name="Equals (386)" classname="spec_perl_TestBitsSeqEndianCombo_t" time="0.00017094612121582" />
    <testcase name="Equals (387)" classname="spec_perl_TestBitsSeqEndianCombo_t" time="0.000175952911376953" />
    <testcase name="Equals (388)" classname="spec_perl_TestBitsSeqEndianCombo_t" time="0.00018000602722168" />
  </testsuite>
  <testsuite name="spec_perl_TestStrEncodingsDefault_t" errors="0" failures="0" skipped="0" tests="4" time="0.0579349994659424">
    <system-out>1..4
ok 1 - Equals
ok 2 - Equals
ok 3 - Equals
ok 4 - Equals
</system-out>
    <testcase name="Equals (389)" classname="spec_perl_TestStrEncodingsDefault_t" time="0.00432801246643066" />
    <testcase name="Equals (390)" classname="spec_perl_TestStrEncodingsDefault_t" time="8.98838043212891e-05" />
    <testcase name="Equals (391)" classname="spec_perl_TestStrEncodingsDefault_t" time="0.000104904174804688" />
    <testcase name="Equals (392)" classname="spec_perl_TestStrEncodingsDefault_t" time="0.000102043151855469" />
  </testsuite>
  <testsuite name="spec_perl_TestNavParentOverride_t" errors="0" failures="0" skipped="0" tests="3" time="0.0487649440765381">
    <system-out>1..3
ok 1 - Equals
ok 2 - Equals
ok 3 - Equals
</system-out>
    <testcase name="Equals (393)" classname="spec_perl_TestNavParentOverride_t" time="0.00018000602722168" />
    <testcase name="Equals (394)" classname="spec_perl_TestNavParentOverride_t" time="9.08374786376953e-05" />
    <testcase name="Equals (395)" classname="spec_perl_TestNavParentOverride_t" time="0.000105142593383789" />
  </testsuite>
  <testsuite name="spec_perl_TestRepeatEosBitsB4_t" errors="0" failures="0" skipped="0" tests="5" time="0.0491349697113037">
    <system-out>1..5
ok 1 - Equals
ok 2 - Equals
ok 3 - Equals
ok 4 - Equals
ok 5 - Equals
</system-out>
    <testcase name="Equals (396)" classname="spec_perl_TestRepeatEosBitsB4_t" time="0.000186920166015625" />
    <testcase name="Equals (397)" classname="spec_perl_TestRepeatEosBitsB4_t" time="9.01222229003906e-05" />
    <testcase name="Equals (398)" classname="spec_perl_TestRepeatEosBitsB4_t" time="0.000100851058959961" />
    <testcase name="Equals (399)" classname="spec_perl_TestRepeatEosBitsB4_t" time="9.60826873779297e-05" />
    <testcase name="Equals (400)" classname="spec_perl_TestRepeatEosBitsB4_t" time="9.89437103271484e-05" />
  </testsuite>
  <testsuite name="spec_perl_TestEosExceptionU4_t" errors="0" failures="0" skipped="0" tests="1" time="0.0498771667480469">
    <system-out>1..1
ok 1 - threw /^Requested \d+ bytes, but only \d+ bytes available/
</system-out>
    <testcase name="threw /^Requested \d+ bytes, but only \d+ bytes available/ (400)" classname="spec_perl_TestEosExceptionU4_t" time="0.00013279914855957" />
  </testsuite>
  <testsuite name="spec_perl_TestTermU1Val_t" errors="0" failures="0" skipped="0" tests="2" time="0.0528099536895752">
    <system-out>1..2
ok 1 - Equals
ok 2 - Equals
</system-out>
    <testcase name="Equals (401)" classname="spec_perl_TestTermU1Val_t" time="0.000212907791137695" />
    <testcase name="Equals (402)" classname="spec_perl_TestTermU1Val_t" time="9.39369201660156e-05" />
  </testsuite>
  <testsuite name="spec_perl_TestOpaqueExternalType02Parent_t" errors="0" failures="0" skipped="0" tests="3" time="0.0529098510742188">
    <system-out>1..3
ok 1 - Equals
ok 2 - Equals
ok 3 - Equals
</system-out>
    <testcase name="Equals (403)" classname="spec_perl_TestOpaqueExternalType02Parent_t" time="0.000257968902587891" />
    <testcase name="Equals (404)" classname="spec_perl_TestOpaqueExternalType02Parent_t" time="8.0108642578125e-05" />
    <testcase name="Equals (405)" classname="spec_perl_TestOpaqueExternalType02Parent_t" time="9.98973846435547e-05" />
  </testsuite>
  <testsuite name="spec_perl_TestBitsSignedResB32Le_t" errors="0" failures="0" skipped="0" tests="1" time="0.048335075378418">
    <system-out>1..1
ok 1 - Equals
</system-out>
    <testcase name="Equals (406)" classname="spec_perl_TestBitsSignedResB32Le_t" time="0.000196933746337891" />
  </testsuite>
  <testsuite name="spec_perl_TestTermStrzUtf16V1_t" errors="0" failures="0" skipped="0" tests="4" time="0.0536611080169678">
    <system-out>1..4
ok 1 - Equals
ok 2 - Equals
ok 3 - Equals
ok 4 - Equals
</system-out>
    <testcase name="Equals (407)" classname="spec_perl_TestTermStrzUtf16V1_t" time="0.000921964645385742" />
    <testcase name="Equals (408)" classname="spec_perl_TestTermStrzUtf16V1_t" time="8.10623168945312e-05" />
    <testcase name="Equals (409)" classname="spec_perl_TestTermStrzUtf16V1_t" time="0.000121831893920898" />
    <testcase name="Equals (410)" classname="spec_perl_TestTermStrzUtf16V1_t" time="0.000101089477539062" />
  </testsuite>
  <testsuite name="spec_perl_TestNavRoot_t" errors="0" failures="0" skipped="0" tests="5" time="0.0533530712127686">
    <system-out>1..5
ok 1 - Equals
ok 2 - Equals
ok 3 - Equals
ok 4 - Equals
ok 5 - Equals
</system-out>
    <testcase name="Equals (411)" classname="spec_perl_TestNavRoot_t" time="0.000256061553955078" />
    <testcase name="Equals (412)" classname="spec_perl_TestNavRoot_t" time="8.48770141601562e-05" />
    <testcase name="Equals (413)" classname="spec_perl_TestNavRoot_t" time="0.000112056732177734" />
    <testcase name="Equals (414)" classname="spec_perl_TestNavRoot_t" time="0.000138998031616211" />
    <testcase name="Equals (415)" classname="spec_perl_TestNavRoot_t" time="0.00010991096496582" />
  </testsuite>
  <testsuite name="spec_perl_TestNestedSameName2_t" errors="0" failures="0" skipped="0" tests="5" time="0.0493228435516357">
    <system-out>1..5
ok 1 - Equals
ok 2 - Equals
ok 3 - Equals
ok 4 - Equals
ok 5 - Equals
</system-out>
    <testcase name="Equals (416)" classname="spec_perl_TestNestedSameName2_t" time="0.000201940536499023" />
    <testcase name="Equals (417)" classname="spec_perl_TestNestedSameName2_t" time="9.60826873779297e-05" />
    <testcase name="Equals (418)" classname="spec_perl_TestNestedSameName2_t" time="0.000104904174804688" />
    <testcase name="Equals (419)" classname="spec_perl_TestNestedSameName2_t" time="9.70363616943359e-05" />
    <testcase name="Equals (420)" classname="spec_perl_TestNestedSameName2_t" time="8.79764556884766e-05" />
  </testsuite>
  <testsuite name="spec_perl_TestNavParentFalse2_t" errors="0" failures="0" skipped="0" tests="1" time="0.0480780601501465">
    <system-out>1..1
ok 1 - Equals
</system-out>
    <testcase name="Equals (421)" classname="spec_perl_TestNavParentFalse2_t" time="0.000200033187866211" />
  </testsuite>
  <testsuite name="spec_perl_TestExprIoPos_t" errors="0" failures="0" skipped="0" tests="6" time="0.053354024887085">
    <system-out>1..6
ok 1 - Equals
ok 2 - Equals
ok 3 - Equals
ok 4 - Equals
ok 5 - Equals
ok 6 - Equals
</system-out>
    <testcase name="Equals (422)" classname="spec_perl_TestExprIoPos_t" time="0.000265121459960938" />
    <testcase name="Equals (423)" classname="spec_perl_TestExprIoPos_t" time="8.17775726318359e-05" />
    <testcase name="Equals (424)" classname="spec_perl_TestExprIoPos_t" time="9.918212890625e-05" />
    <testcase name="Equals (425)" classname="spec_perl_TestExprIoPos_t" time="9.79900360107422e-05" />
    <testcase name="Equals (426)" classname="spec_perl_TestExprIoPos_t" time="0.00011897087097168" />
    <testcase name="Equals (427)" classname="spec_perl_TestExprIoPos_t" time="9.70363616943359e-05" />
  </testsuite>
  <testsuite name="spec_perl_TestStrEncodingsEscapingToS_t" errors="0" failures="0" skipped="0" tests="4" time="0.0554599761962891">
    <system-out>1..4
ok 1 - threw Regexp ((?^:^Unknown encoding 'ASCII\\\\x'))
ok 2 - threw Regexp ((?^:^Unknown encoding 'UTF-8\\'x'))
ok 3 - threw Regexp ((?^:^Unknown encoding 'SJIS\\\&quot;x'))
ok 4 - threw Regexp ((?^:^Unknown encoding 'IBM437\\nx'))
</system-out>
    <testcase name="threw Regexp ((?^:^Unknown encoding 'ASCII\\\\x')) (427)" classname="spec_perl_TestStrEncodingsEscapingToS_t" time="0.000300168991088867" />
    <testcase name="threw Regexp ((?^:^Unknown encoding 'UTF-8\\'x')) (427)" classname="spec_perl_TestStrEncodingsEscapingToS_t" time="0.000185012817382812" />
    <testcase name="threw Regexp ((?^:^Unknown encoding 'SJIS\\\&quot;x')) (427)" classname="spec_perl_TestStrEncodingsEscapingToS_t" time="0.000213861465454102" />
    <testcase name="threw Regexp ((?^:^Unknown encoding 'IBM437\\nx')) (427)" classname="spec_perl_TestStrEncodingsEscapingToS_t" time="0.000195980072021484" />
  </testsuite>
  <testsuite name="spec_perl_TestTermStrzUtf16V4_t" errors="0" failures="0" skipped="0" tests="3" time="0.0540831089019775">
    <system-out>1..3
ok 1 - Equals
ok 2 - Equals
ok 3 - Equals
</system-out>
[...]
    <testcase name="Equals (1007)" classname="spec_perl_TestExprArray_t" time="8.51154327392578e-05" />
  </testsuite>
  <testsuite name="spec_perl_TestDefaultEndianExprIsBe_t" errors="0" failures="0" skipped="0" tests="18" time="0.0505580902099609">
    <system-out>1..18
ok 1 - Equals
ok 2 - Equals
ok 3 - Equals
ok 4 - Equals
ok 5 - Equals
ok 6 - Equals
ok 7 - Equals
ok 8 - Equals
ok 9 - Equals
ok 10 - Equals
ok 11 - Equals
ok 12 - Equals
ok 13 - Equals
ok 14 - Equals
ok 15 - Equals
ok 16 - Equals
ok 17 - Equals
ok 18 - Equals
</system-out>
    <testcase name="Equals (1008)" classname="spec_perl_TestDefaultEndianExprIsBe_t" time="0.000234127044677734" />
    <testcase name="Equals (1009)" classname="spec_perl_TestDefaultEndianExprIsBe_t" time="0.000128030776977539" />
    <testcase name="Equals (1010)" classname="spec_perl_TestDefaultEndianExprIsBe_t" time="0.000112056732177734" />
    <testcase name="Equals (1011)" classname="spec_perl_TestDefaultEndianExprIsBe_t" time="9.89437103271484e-05" />
    <testcase name="Equals (1012)" classname="spec_perl_TestDefaultEndianExprIsBe_t" time="0.000113964080810547" />
    <testcase name="Equals (1013)" classname="spec_perl_TestDefaultEndianExprIsBe_t" time="0.000119924545288086" />
    <testcase name="Equals (1014)" classname="spec_perl_TestDefaultEndianExprIsBe_t" time="8.79764556884766e-05" />
    <testcase name="Equals (1015)" classname="spec_perl_TestDefaultEndianExprIsBe_t" time="8.51154327392578e-05" />
    <testcase name="Equals (1016)" classname="spec_perl_TestDefaultEndianExprIsBe_t" time="8.79764556884766e-05" />
    <testcase name="Equals (1017)" classname="spec_perl_TestDefaultEndianExprIsBe_t" time="8.89301300048828e-05" />
    <testcase name="Equals (1018)" classname="spec_perl_TestDefaultEndianExprIsBe_t" time="0.000113964080810547" />
    <testcase name="Equals (1019)" classname="spec_perl_TestDefaultEndianExprIsBe_t" time="0.000142097473144531" />
    <testcase name="Equals (1020)" classname="spec_perl_TestDefaultEndianExprIsBe_t" time="9.29832458496094e-05" />
    <testcase name="Equals (1021)" classname="spec_perl_TestDefaultEndianExprIsBe_t" time="8.70227813720703e-05" />
    <testcase name="Equals (1022)" classname="spec_perl_TestDefaultEndianExprIsBe_t" time="9.70363616943359e-05" />
    <testcase name="Equals (1023)" classname="spec_perl_TestDefaultEndianExprIsBe_t" time="8.79764556884766e-05" />
    <testcase name="Equals (1024)" classname="spec_perl_TestDefaultEndianExprIsBe_t" time="0.000102996826171875" />
    <testcase name="Equals (1025)" classname="spec_perl_TestDefaultEndianExprIsBe_t" time="9.79900360107422e-05" />
  </testsuite>
  <testsuite name="spec_perl_TestExprBits_t" errors="0" failures="0" skipped="0" tests="10" time="0.0496180057525635">
    <system-out>1..10
ok 1 - Equals
ok 2 - Equals
ok 3 - Equals
ok 4 - Equals
ok 5 - Equals
ok 6 - Equals
ok 7 - Equals
ok 8 - Equals
ok 9 - Equals
ok 10 - Equals
</system-out>
    <testcase name="Equals (1026)" classname="spec_perl_TestExprBits_t" time="0.000190019607543945" />
    <testcase name="Equals (1027)" classname="spec_perl_TestExprBits_t" time="7.89165496826172e-05" />
    <testcase name="Equals (1028)" classname="spec_perl_TestExprBits_t" time="9.60826873779297e-05" />
    <testcase name="Equals (1029)" classname="spec_perl_TestExprBits_t" time="9.79900360107422e-05" />
    <testcase name="Equals (1030)" classname="spec_perl_TestExprBits_t" time="9.29832458496094e-05" />
    <testcase name="Equals (1031)" classname="spec_perl_TestExprBits_t" time="8.60691070556641e-05" />
    <testcase name="Equals (1032)" classname="spec_perl_TestExprBits_t" time="8.29696655273438e-05" />
    <testcase name="Equals (1033)" classname="spec_perl_TestExprBits_t" time="0.000104904174804688" />
    <testcase name="Equals (1034)" classname="spec_perl_TestExprBits_t" time="9.10758972167969e-05" />
    <testcase name="Equals (1035)" classname="spec_perl_TestExprBits_t" time="0.000103950500488281" />
  </testsuite>
  <testsuite name="spec_perl_TestNestedTypeParam_t" errors="0" failures="2" skipped="0" tests="2" time="0.0542259216308594">
    <system-out>1..2
not ok 1 - Equals
not ok 2 - Equals
</system-out>
    <testcase name="Equals (1036)" classname="spec_perl_TestNestedTypeParam_t" time="0.000180959701538086">
      <failure message="not ok 1 - Equals" type="TAP::Parser::Result::Test"></failure>
    </testcase>
    <testcase name="Equals (1037)" classname="spec_perl_TestNestedTypeParam_t" time="0.000452995300292969">
      <failure message="not ok 2 - Equals" type="TAP::Parser::Result::Test"></failure>
    </testcase>
  </testsuite>
  <testsuite name="spec_perl_TestParamsPassUsertype_t" errors="0" failures="1" skipped="1" tests="2" time="0.0503280162811279">
    <system-out>1..2
not ok 1 - test_params_pass_usertype died (Can't call method &quot;foo&quot; on an undefined value at compiled/perl/ParamsPassUsertype.pm line 119.)
ok 2 # skip test_params_pass_usertype died
</system-out>
    <testcase name="test_params_pass_usertype died (Can't call method &quot;foo&quot; on an undefined value at compiled/perl/ParamsPassUsertype.pm line 119.) (1037)" classname="spec_perl_TestParamsPassUsertype_t" time="0.000190973281860352">
      <failure message="not ok 1 - test_params_pass_usertype died (Can't call method &quot;foo&quot; on an undefined value at compiled/perl/ParamsPassUsertype.pm line 119.)" type="TAP::Parser::Result::Test"></failure>
    </testcase>
    <testcase name="Unnamed test case 1037" classname="spec_perl_TestParamsPassUsertype_t" time="0.00040888786315918">
      <skipped message="ok 2 # skip test_params_pass_usertype died" />
    </testcase>
  </testsuite>
  <testsuite name="spec_perl_TestSwitchElseOnly_t" errors="0" failures="0" skipped="0" tests="3" time="0.0489101409912109">
    <system-out>1..3
ok 1 - Equals
ok 2 - Equals
ok 3 - Equals
</system-out>
    <testcase name="Equals (1038)" classname="spec_perl_TestSwitchElseOnly_t" time="0.000189065933227539" />
    <testcase name="Equals (1039)" classname="spec_perl_TestSwitchElseOnly_t" time="9.98973846435547e-05" />
    <testcase name="Equals (1040)" classname="spec_perl_TestSwitchElseOnly_t" time="0.000128984451293945" />
  </testsuite>
  <testsuite name="spec_perl_TestBitsSignedShiftB32Le_t" errors="0" failures="0" skipped="0" tests="2" time="0.0484819412231445">
    <system-out>1..2
ok 1 - Equals
ok 2 - Equals
</system-out>
    <testcase name="Equals (1041)" classname="spec_perl_TestBitsSignedShiftB32Le_t" time="0.000204086303710938" />
    <testcase name="Equals (1042)" classname="spec_perl_TestBitsSignedShiftB32Le_t" time="9.39369201660156e-05" />
  </testsuite>
  <testsuite name="spec_perl_TestNameClashImportVsInst_t" errors="0" failures="0" skipped="0" tests="2" time="0.0493462085723877">
    <system-out>1..2
ok 1 - Equals
ok 2 - Equals
</system-out>
    <testcase name="Equals (1043)" classname="spec_perl_TestNameClashImportVsInst_t" time="0.000280141830444336" />
    <testcase name="Equals (1044)" classname="spec_perl_TestNameClashImportVsInst_t" time="0.000100851058959961" />
  </testsuite>
  <testsuite name="spec_perl_TestStrEos_t" errors="0" failures="0" skipped="0" tests="1" time="0.0521330833435059">
    <system-out>1..1
ok 1 - Equals
</system-out>
    <testcase name="Equals (1045)" classname="spec_perl_TestStrEos_t" time="0.000246047973632812" />
  </testsuite>
  <testsuite name="spec_perl_TestIndexSizes_t" errors="0" failures="0" skipped="0" tests="7" time="0.0533449649810791">
    <system-out>1..7
ok 1 - Equals
ok 2 - Equals
ok 3 - Equals
ok 4 - Equals
ok 5 - Equals
ok 6 - Equals
ok 7 - Equals
</system-out>
    <testcase name="Equals (1046)" classname="spec_perl_TestIndexSizes_t" time="0.000219106674194336" />
    <testcase name="Equals (1047)" classname="spec_perl_TestIndexSizes_t" time="8.58306884765625e-05" />
    <testcase name="Equals (1048)" classname="spec_perl_TestIndexSizes_t" time="9.60826873779297e-05" />
    <testcase name="Equals (1049)" classname="spec_perl_TestIndexSizes_t" time="9.01222229003906e-05" />
    <testcase name="Equals (1050)" classname="spec_perl_TestIndexSizes_t" time="8.89301300048828e-05" />
    <testcase name="Equals (1051)" classname="spec_perl_TestIndexSizes_t" time="8.98838043212891e-05" />
    <testcase name="Equals (1052)" classname="spec_perl_TestIndexSizes_t" time="0.000131130218505859" />
  </testsuite>
  <testsuite name="spec_perl_TestParamsCall_t" errors="0" failures="3" skipped="0" tests="3" time="0.0551881790161133">
    <system-out>1..3
not ok 1 - Equals
not ok 2 - Equals
not ok 3 - Equals
</system-out>
    <testcase name="Equals (1053)" classname="spec_perl_TestParamsCall_t" time="0.000377178192138672">
      <failure message="not ok 1 - Equals" type="TAP::Parser::Result::Test"></failure>
    </testcase>
    <testcase name="Equals (1054)" classname="spec_perl_TestParamsCall_t" time="0.000508785247802734">
      <failure message="not ok 2 - Equals" type="TAP::Parser::Result::Test"></failure>
    </testcase>
    <testcase name="Equals (1055)" classname="spec_perl_TestParamsCall_t" time="0.000507116317749023">
      <failure message="not ok 3 - Equals" type="TAP::Parser::Result::Test"></failure>
    </testcase>
  </testsuite>
  <testsuite name="spec_perl_TestParamsPassArrayUsertype_t" errors="0" failures="1" skipped="4" tests="5" time="0.0498089790344238">
    <system-out>1..5
not ok 1 - test_params_pass_array_usertype died (Can't use an undefined value as an ARRAY reference at compiled/perl/ParamsPassArrayUsertype.pm line 123.)
ok 2 # skip test_params_pass_array_usertype died
ok 3 # skip test_params_pass_array_usertype died
ok 4 # skip test_params_pass_array_usertype died
ok 5 # skip test_params_pass_array_usertype died
</system-out>
    <testcase name="test_params_pass_array_usertype died (Can't use an undefined value as an ARRAY reference at compiled/perl/ParamsPassArrayUsertype.pm line 123.) (1055)" classname="spec_perl_TestParamsPassArrayUsertype_t" time="0.000194072723388672">
      <failure message="not ok 1 - test_params_pass_array_usertype died (Can't use an undefined value as an ARRAY reference at compiled/perl/ParamsPassArrayUsertype.pm line 123.)" type="TAP::Parser::Result::Test"></failure>
    </testcase>
    <testcase name="Unnamed test case 1055" classname="spec_perl_TestParamsPassArrayUsertype_t" time="0.000517845153808594">
      <skipped message="ok 2 # skip test_params_pass_array_usertype died" />
    </testcase>
    <testcase name="Unnamed test case 1056" classname="spec_perl_TestParamsPassArrayUsertype_t" time="7.91549682617188e-05">
      <skipped message="ok 3 # skip test_params_pass_array_usertype died" />
    </testcase>
    <testcase name="Unnamed test case 1057" classname="spec_perl_TestParamsPassArrayUsertype_t" time="0.000113010406494141">
      <skipped message="ok 4 # skip test_params_pass_array_usertype died" />
    </testcase>
    <testcase name="Unnamed test case 1058" classname="spec_perl_TestParamsPassArrayUsertype_t" time="0.000122785568237305">
      <skipped message="ok 5 # skip test_params_pass_array_usertype died" />
    </testcase>
  </testsuite>
  <testsuite name="spec_perl_TestProcessXor4Const_t" errors="0" failures="0" skipped="0" tests="2" time="0.0483207702636719">
    <system-out>1..2
ok 1 - Equals
ok 2 - Equals
</system-out>
    <testcase name="Equals (1058)" classname="spec_perl_TestProcessXor4Const_t" time="0.000185966491699219" />
    <testcase name="Equals (1059)" classname="spec_perl_TestProcessXor4Const_t" time="8.70227813720703e-05" />
  </testsuite>
  <testsuite name="spec_perl_TestIntegersMinMax_t" errors="0" failures="0" skipped="0" tests="28" time="0.0520281791687012">
    <system-out>1..28
ok 1 - Equals
ok 2 - Equals
ok 3 - Equals
ok 4 - Equals
ok 5 - Equals
ok 6 - Equals
ok 7 - Equals
ok 8 - Equals
ok 9 - Equals
ok 10 - Equals
ok 11 - Equals
ok 12 - Equals
ok 13 - Equals
ok 14 - Equals
ok 15 - Equals
ok 16 - Equals
ok 17 - Equals
ok 18 - Equals
ok 19 - Equals
ok 20 - Equals
ok 21 - Equals
ok 22 - Equals
ok 23 - Equals
ok 24 - Equals
ok 25 - Equals
ok 26 - Equals
ok 27 - Equals
ok 28 - Equals
</system-out>
    <testcase name="Equals (1060)" classname="spec_perl_TestIntegersMinMax_t" time="0.000205039978027344" />
    <testcase name="Equals (1061)" classname="spec_perl_TestIntegersMinMax_t" time="9.918212890625e-05" />
    <testcase name="Equals (1062)" classname="spec_perl_TestIntegersMinMax_t" time="0.000159978866577148" />
    <testcase name="Equals (1063)" classname="spec_perl_TestIntegersMinMax_t" time="0.000108003616333008" />
    <testcase name="Equals (1064)" classname="spec_perl_TestIntegersMinMax_t" time="9.89437103271484e-05" />
    <testcase name="Equals (1065)" classname="spec_perl_TestIntegersMinMax_t" time="8.89301300048828e-05" />
    <testcase name="Equals (1066)" classname="spec_perl_TestIntegersMinMax_t" time="9.20295715332031e-05" />
    <testcase name="Equals (1067)" classname="spec_perl_TestIntegersMinMax_t" time="8.29696655273438e-05" />
    <testcase name="Equals (1068)" classname="spec_perl_TestIntegersMinMax_t" time="9.01222229003906e-05" />
    <testcase name="Equals (1069)" classname="spec_perl_TestIntegersMinMax_t" time="8.392333984375e-05" />
    <testcase name="Equals (1070)" classname="spec_perl_TestIntegersMinMax_t" time="8.392333984375e-05" />
    <testcase name="Equals (1071)" classname="spec_perl_TestIntegersMinMax_t" time="8.70227813720703e-05" />
    <testcase name="Equals (1072)" classname="spec_perl_TestIntegersMinMax_t" time="0.000124931335449219" />
    <testcase name="Equals (1073)" classname="spec_perl_TestIntegersMinMax_t" time="9.918212890625e-05" />
    <testcase name="Equals (1074)" classname="spec_perl_TestIntegersMinMax_t" time="9.98973846435547e-05" />
    <testcase name="Equals (1075)" classname="spec_perl_TestIntegersMinMax_t" time="8.51154327392578e-05" />
    <testcase name="Equals (1076)" classname="spec_perl_TestIntegersMinMax_t" time="8.29696655273438e-05" />
    <testcase name="Equals (1077)" classname="spec_perl_TestIntegersMinMax_t" time="8.29696655273438e-05" />
    <testcase name="Equals (1078)" classname="spec_perl_TestIntegersMinMax_t" time="7.98702239990234e-05" />
    <testcase name="Equals (1079)" classname="spec_perl_TestIntegersMinMax_t" time="7.70092010498047e-05" />
    <testcase name="Equals (1080)" classname="spec_perl_TestIntegersMinMax_t" time="7.70092010498047e-05" />
    <testcase name="Equals (1081)" classname="spec_perl_TestIntegersMinMax_t" time="7.60555267333984e-05" />
    <testcase name="Equals (1082)" classname="spec_perl_TestIntegersMinMax_t" time="7.79628753662109e-05" />
    <testcase name="Equals (1083)" classname="spec_perl_TestIntegersMinMax_t" time="9.01222229003906e-05" />
    <testcase name="Equals (1084)" classname="spec_perl_TestIntegersMinMax_t" time="0.000105857849121094" />
    <testcase name="Equals (1085)" classname="spec_perl_TestIntegersMinMax_t" time="8.29696655273438e-05" />
    <testcase name="Equals (1086)" classname="spec_perl_TestIntegersMinMax_t" time="7.91549682617188e-05" />
    <testcase name="Equals (1087)" classname="spec_perl_TestIntegersMinMax_t" time="8.98838043212891e-05" />
  </testsuite>
  <testsuite name="spec_perl_TestNestedTypes_t" errors="0" failures="0" skipped="0" tests="3" time="0.0495619773864746">
    <system-out>1..3
ok 1 - Equals
ok 2 - Equals
ok 3 - Equals
</system-out>
    <testcase name="Equals (1088)" classname="spec_perl_TestNestedTypes_t" time="0.000256061553955078" />
    <testcase name="Equals (1089)" classname="spec_perl_TestNestedTypes_t" time="0.000141143798828125" />
    <testcase name="Equals (1090)" classname="spec_perl_TestNestedTypes_t" time="0.000216960906982422" />
  </testsuite>
  <testsuite name="spec_perl_TestEnumToI_t" errors="0" failures="0" skipped="0" tests="8" time="0.0494818687438965">
    <system-out>1..8
ok 1 - Equals
ok 2 - Equals
ok 3 - Equals
ok 4 - Equals
ok 5 - Equals
ok 6 - Equals
ok 7 - Equals
ok 8 - Equals
</system-out>
    <testcase name="Equals (1091)" classname="spec_perl_TestEnumToI_t" time="0.000203132629394531" />
    <testcase name="Equals (1092)" classname="spec_perl_TestEnumToI_t" time="9.58442687988281e-05" />
    <testcase name="Equals (1093)" classname="spec_perl_TestEnumToI_t" time="9.60826873779297e-05" />
    <testcase name="Equals (1094)" classname="spec_perl_TestEnumToI_t" time="0.000100135803222656" />
    <testcase name="Equals (1095)" classname="spec_perl_TestEnumToI_t" time="8.89301300048828e-05" />
    <testcase name="Equals (1096)" classname="spec_perl_TestEnumToI_t" time="9.29832458496094e-05" />
    <testcase name="Equals (1097)" classname="spec_perl_TestEnumToI_t" time="7.29560852050781e-05" />
    <testcase name="Equals (1098)" classname="spec_perl_TestEnumToI_t" time="7.29560852050781e-05" />
  </testsuite>
  <testsuite name="spec_perl_TestDefaultEndianMod_t" errors="0" failures="0" skipped="0" tests="3" time="0.0489099025726318">
    <system-out>1..3
ok 1 - Equals
ok 2 - Equals
ok 3 - Equals
</system-out>
    <testcase name="Equals (1099)" classname="spec_perl_TestDefaultEndianMod_t" time="0.000185012817382812" />
    <testcase name="Equals (1100)" classname="spec_perl_TestDefaultEndianMod_t" time="8.70227813720703e-05" />
    <testcase name="Equals (1101)" classname="spec_perl_TestDefaultEndianMod_t" time="0.000103950500488281" />
  </testsuite>
  <testsuite name="spec_perl_TestFixedStruct_t" errors="0" failures="0" skipped="0" tests="20" time="0.0503408908843994">
    <system-out>1..20
ok 1 - Equals
ok 2 - Equals
ok 3 - Equals
ok 4 - Equals
ok 5 - Equals
ok 6 - Equals
ok 7 - Equals
ok 8 - Equals
ok 9 - Equals
ok 10 - Equals
ok 11 - Equals
ok 12 - Equals
ok 13 - Equals
ok 14 - Equals
ok 15 - Equals
ok 16 - Equals
ok 17 - Equals
ok 18 - Equals
ok 19 - Equals
ok 20 - Equals
</system-out>
    <testcase name="Equals (1102)" classname="spec_perl_TestFixedStruct_t" time="0.000231027603149414" />
    <testcase name="Equals (1103)" classname="spec_perl_TestFixedStruct_t" time="8.58306884765625e-05" />
    <testcase name="Equals (1104)" classname="spec_perl_TestFixedStruct_t" time="0.000111103057861328" />
    <testcase name="Equals (1105)" classname="spec_perl_TestFixedStruct_t" time="9.98973846435547e-05" />
    <testcase name="Equals (1106)" classname="spec_perl_TestFixedStruct_t" time="9.29832458496094e-05" />
    <testcase name="Equals (1107)" classname="spec_perl_TestFixedStruct_t" time="9.10758972167969e-05" />
    <testcase name="Equals (1108)" classname="spec_perl_TestFixedStruct_t" time="0.000119924545288086" />
    <testcase name="Equals (1109)" classname="spec_perl_TestFixedStruct_t" time="9.41753387451172e-05" />
    <testcase name="Equals (1110)" classname="spec_perl_TestFixedStruct_t" time="8.89301300048828e-05" />
    <testcase name="Equals (1111)" classname="spec_perl_TestFixedStruct_t" time="8.392333984375e-05" />
    <testcase name="Equals (1112)" classname="spec_perl_TestFixedStruct_t" time="8.20159912109375e-05" />
    <testcase name="Equals (1113)" classname="spec_perl_TestFixedStruct_t" time="8.51154327392578e-05" />
    <testcase name="Equals (1114)" classname="spec_perl_TestFixedStruct_t" time="7.79628753662109e-05" />
    <testcase name="Equals (1115)" classname="spec_perl_TestFixedStruct_t" time="8.60691070556641e-05" />
    <testcase name="Equals (1116)" classname="spec_perl_TestFixedStruct_t" time="7.79628753662109e-05" />
    <testcase name="Equals (1117)" classname="spec_perl_TestFixedStruct_t" time="8.10623168945312e-05" />
    <testcase name="Equals (1118)" classname="spec_perl_TestFixedStruct_t" time="7.79628753662109e-05" />
    <testcase name="Equals (1119)" classname="spec_perl_TestFixedStruct_t" time="8.29696655273438e-05" />
    <testcase name="Equals (1120)" classname="spec_perl_TestFixedStruct_t" time="9.89437103271484e-05" />
    <testcase name="Equals (1121)" classname="spec_perl_TestFixedStruct_t" time="8.20159912109375e-05" />
  </testsuite>
</testsuites>
