<?xml version='1.0' encoding='utf-8'?>
<testsuites>
  <testsuite name="spec_perl_TestEnumDeepLiterals_t" errors="0" failures="0" skipped="0" tests="2" time="0.0462741851806641">
    <system-out>1..2
ok 1 - Equals
ok 2 - Equals
</system-out>
    <testcase name="Equals" classname="spec_perl_TestEnumDeepLiterals_t" time="0.000333070755004883" />
    <testcase name="Equals (2)" classname="spec_perl_TestEnumDeepLiterals_t" time="8.392333984375e-05" />
  </testsuite>
  <testsuite name="spec_perl_TestExprBytesCmp_t" errors="0" failures="0" skipped="0" tests="10" time="0.0474119186401367">
    <system-out>1..10
ok 1 - Equals
ok 2 - Equals
ok 3 - Equals
ok 4 - Equals
ok 5 - Equals
ok 6 - Equals
ok 7 - Equals
ok 8 - Equals
ok 9 - Equals
ok 10 - Equals
</system-out>
    <testcase name="Equals (3)" classname="spec_perl_TestExprBytesCmp_t" time="0.000349044799804688" />
    <testcase name="Equals (4)" classname="spec_perl_TestExprBytesCmp_t" time="9.48905944824219e-05" />
    <testcase name="Equals (5)" classname="spec_perl_TestExprBytesCmp_t" time="7.51018524169922e-05" />
    <testcase name="Equals (6)" classname="spec_perl_TestExprBytesCmp_t" time="0.000233888626098633" />
    <testcase name="Equals (7)" classname="spec_perl_TestExprBytesCmp_t" time="0.000133991241455078" />
    <testcase name="Equals (8)" classname="spec_perl_TestExprBytesCmp_t" time="0.00014805793762207" />
    <testcase name="Equals (9)" classname="spec_perl_TestExprBytesCmp_t" time="0.000131130218505859" />
    <testcase name="Equals (10)" classname="spec_perl_TestExprBytesCmp_t" time="0.000122785568237305" />
    <testcase name="Equals (11)" classname="spec_perl_TestExprBytesCmp_t" time="0.000145196914672852" />
    <testcase name="Equals (12)" classname="spec_perl_TestExprBytesCmp_t" time="0.000147819519042969" />
  </testsuite>
  <testsuite name="spec_perl_TestBytesPadTerm_t" errors="0" failures="0" skipped="0" tests="4" time="0.0436520576477051">
    <system-out>1..4
ok 1 - Equals
ok 2 - Equals
ok 3 - Equals
ok 4 - Equals
</system-out>
    <testcase name="Equals (13)" classname="spec_perl_TestBytesPadTerm_t" time="0.000179052352905273" />
    <testcase name="Equals (14)" classname="spec_perl_TestBytesPadTerm_t" time="0.000127077102661133" />
    <testcase name="Equals (15)" classname="spec_perl_TestBytesPadTerm_t" time="0.000128030776977539" />
    <testcase name="Equals (16)" classname="spec_perl_TestBytesPadTerm_t" time="0.000138044357299805" />
  </testsuite>
  <testsuite name="spec_perl_TestMultipleUse_t" errors="0" failures="0" skipped="0" tests="2" time="0.0461399555206299">
    <system-out>1..2
ok 1 - Equals
ok 2 - Equals
</system-out>
    <testcase name="Equals (17)" classname="spec_perl_TestMultipleUse_t" time="0.000323057174682617" />
    <testcase name="Equals (18)" classname="spec_perl_TestMultipleUse_t" time="0.000164031982421875" />
  </testsuite>
  <testsuite name="spec_perl_TestSwitchManualIntElse_t" errors="0" failures="0" skipped="0" tests="9" time="0.0510990619659424">
    <system-out>1..9
ok 1 - Equals
ok 2 - Equals
ok 3 - Equals
ok 4 - Equals
ok 5 - Equals
ok 6 - Equals
ok 7 - Equals
ok 8 - Equals
ok 9 - Equals
</system-out>
    <testcase name="Equals (19)" classname="spec_perl_TestSwitchManualIntElse_t" time="0.000447988510131836" />
    <testcase name="Equals (20)" classname="spec_perl_TestSwitchManualIntElse_t" time="9.79900360107422e-05" />
    <testcase name="Equals (21)" classname="spec_perl_TestSwitchManualIntElse_t" time="7.91549682617188e-05" />
    <testcase name="Equals (22)" classname="spec_perl_TestSwitchManualIntElse_t" time="0.000157833099365234" />
    <testcase name="Equals (23)" classname="spec_perl_TestSwitchManualIntElse_t" time="0.000116109848022461" />
    <testcase name="Equals (24)" classname="spec_perl_TestSwitchManualIntElse_t" time="0.000154972076416016" />
    <testcase name="Equals (25)" classname="spec_perl_TestSwitchManualIntElse_t" time="0.000115871429443359" />
    <testcase name="Equals (26)" classname="spec_perl_TestSwitchManualIntElse_t" time="0.00015711784362793" />
    <testcase name="Equals (27)" classname="spec_perl_TestSwitchManualIntElse_t" time="0.000119924545288086" />
  </testsuite>
  <testsuite name="spec_perl_TestIfStruct_t" errors="0" failures="0" skipped="0" tests="7" time="0.0507850646972656">
    <system-out>1..7
ok 1 - Equals
ok 2 - Equals
ok 3 - Equals
ok 4 - Equals
ok 5 - Equals
ok 6 - Equals
ok 7 - Equals
</system-out>
    <testcase name="Equals (28)" classname="spec_perl_TestIfStruct_t" time="0.000462055206298828" />
    <testcase name="Equals (29)" classname="spec_perl_TestIfStruct_t" time="9.29832458496094e-05" />
    <testcase name="Equals (30)" classname="spec_perl_TestIfStruct_t" time="5.69820404052734e-05" />
    <testcase name="Equals (31)" classname="spec_perl_TestIfStruct_t" time="0.000189065933227539" />
    <testcase name="Equals (32)" classname="spec_perl_TestIfStruct_t" time="7.51018524169922e-05" />
    <testcase name="Equals (33)" classname="spec_perl_TestIfStruct_t" time="0.000147819519042969" />
    <testcase name="Equals (34)" classname="spec_perl_TestIfStruct_t" time="0.000131130218505859" />
  </testsuite>
  <testsuite name="spec_perl_TestEnumFancy_t" errors="0" failures="0" skipped="0" tests="2" time="0.0461068153381348">
    <system-out>1..2
ok 1 - Equals
ok 2 - Equals
</system-out>
    <testcase name="Equals (35)" classname="spec_perl_TestEnumFancy_t" time="0.000282049179077148" />
    <testcase name="Equals (36)" classname="spec_perl_TestEnumFancy_t" time="7.41481781005859e-05" />
  </testsuite>
  <testsuite name="spec_perl_TestEnumIntRangeU_t" errors="0" failures="0" skipped="0" tests="2" time="0.0464141368865967">
    <system-out>1..2
ok 1 - Equals
ok 2 - Equals
</system-out>
    <testcase name="Equals (37)" classname="spec_perl_TestEnumIntRangeU_t" time="0.000297069549560547" />
    <testcase name="Equals (38)" classname="spec_perl_TestEnumIntRangeU_t" time="8.0108642578125e-05" />
  </testsuite>
  <testsuite name="spec_perl_TestFloatToI_t" errors="0" failures="0" skipped="0" tests="8" time="0.0467770099639893">
    <system-out>1..8
ok 1 - Equals
ok 2 - Equals
ok 3 - Equals
ok 4 - Equals
ok 5 - Equals
ok 6 - Equals
ok 7 - Equals
ok 8 - Equals
</system-out>
    <testcase name="Equals (39)" classname="spec_perl_TestFloatToI_t" time="0.000365972518920898" />
    <testcase name="Equals (40)" classname="spec_perl_TestFloatToI_t" time="9.79900360107422e-05" />
    <testcase name="Equals (41)" classname="spec_perl_TestFloatToI_t" time="5.69820404052734e-05" />
    <testcase name="Equals (42)" classname="spec_perl_TestFloatToI_t" time="0.000158071517944336" />
    <testcase name="Equals (43)" classname="spec_perl_TestFloatToI_t" time="0.000135898590087891" />
    <testcase name="Equals (44)" classname="spec_perl_TestFloatToI_t" time="0.000116109848022461" />
    <testcase name="Equals (45)" classname="spec_perl_TestFloatToI_t" time="0.000164985656738281" />
    <testcase name="Equals (46)" classname="spec_perl_TestFloatToI_t" time="0.000113964080810547" />
  </testsuite>
  <testsuite name="spec_perl_TestProcessXor4Const_t" errors="0" failures="0" skipped="0" tests="2" time="0.0455329418182373">
    <system-out>1..2
ok 1 - Equals
ok 2 - Equals
</system-out>
    <testcase name="Equals (47)" classname="spec_perl_TestProcessXor4Const_t" time="0.000322103500366211" />
    <testcase name="Equals (48)" classname="spec_perl_TestProcessXor4Const_t" time="8.08238983154297e-05" />
  </testsuite>
  <testsuite name="spec_perl_TestBitsSeqEndianCombo_t" errors="0" failures="0" skipped="0" tests="8" time="0.0447878837585449">
    <system-out>1..8
ok 1 - Equals
ok 2 - Equals
ok 3 - Equals
ok 4 - Equals
ok 5 - Equals
ok 6 - Equals
ok 7 - Equals
ok 8 - Equals
</system-out>
    <testcase name="Equals (49)" classname="spec_perl_TestBitsSeqEndianCombo_t" time="0.000329971313476562" />
    <testcase name="Equals (50)" classname="spec_perl_TestBitsSeqEndianCombo_t" time="9.20295715332031e-05" />
    <testcase name="Equals (51)" classname="spec_perl_TestBitsSeqEndianCombo_t" time="5.88893890380859e-05" />
    <testcase name="Equals (52)" classname="spec_perl_TestBitsSeqEndianCombo_t" time="0.000153064727783203" />
    <testcase name="Equals (53)" classname="spec_perl_TestBitsSeqEndianCombo_t" time="9.10758972167969e-05" />
    <testcase name="Equals (54)" classname="spec_perl_TestBitsSeqEndianCombo_t" time="0.000147819519042969" />
    <testcase name="Equals (55)" classname="spec_perl_TestBitsSeqEndianCombo_t" time="0.000106096267700195" />
    <testcase name="Equals (56)" classname="spec_perl_TestBitsSeqEndianCombo_t" time="0.000138998031616211" />
  </testsuite>
  <testsuite name="spec_perl_TestEnumIntRangeS_t" errors="0" failures="0" skipped="0" tests="3" time="0.0468370914459229">
    <system-out>1..3
ok 1 - Equals
ok 2 - Equals
ok 3 - Equals
</system-out>
    <testcase name="Equals (57)" classname="spec_perl_TestEnumIntRangeS_t" time="0.000318765640258789" />
    <testcase name="Equals (58)" classname="spec_perl_TestEnumIntRangeS_t" time="8.0108642578125e-05" />
    <testcase name="Equals (59)" classname="spec_perl_TestEnumIntRangeS_t" time="0.000322103500366211" />
  </testsuite>
  <testsuite name="spec_perl_TestNestedTypeParam_t" errors="0" failures="2" skipped="0" tests="2" time="0.0526189804077148">
    <system-out>1..2
not ok 1 - Equals
not ok 2 - Equals
</system-out>
    <testcase name="Equals (60)" classname="spec_perl_TestNestedTypeParam_t" time="0.00377798080444336">
      <failure message="not ok 1 - Equals" type="TAP::Parser::Result::Test"></failure>
    </testcase>
    <testcase name="Equals (61)" classname="spec_perl_TestNestedTypeParam_t" time="0.000365018844604492">
      <failure message="not ok 2 - Equals" type="TAP::Parser::Result::Test"></failure>
    </testcase>
  </testsuite>
  <testsuite name="spec_perl_TestProcessCoerceSwitch_t" errors="0" failures="0" skipped="0" tests="3" time="0.0464580059051514">
    <system-out>1..3
ok 1 - Equals
ok 2 - Equals
ok 3 - Equals
</system-out>
    <testcase name="Equals (62)" classname="spec_perl_TestProcessCoerceSwitch_t" time="0.000654935836791992" />
    <testcase name="Equals (63)" classname="spec_perl_TestProcessCoerceSwitch_t" time="0.000102043151855469" />
    <testcase name="Equals (64)" classname="spec_perl_TestProcessCoerceSwitch_t" time="6.29425048828125e-05" />
  </testsuite>
  <testsuite name="spec_perl_TestIoLocalVar_t" errors="0" failures="0" skipped="0" tests="2" time="0.046457052230835">
    <system-out>1..2
ok 1 - Equals
ok 2 - Equals
</system-out>
    <testcase name="Equals (65)" classname="spec_perl_TestIoLocalVar_t" time="0.000667810440063477" />
    <testcase name="Equals (66)" classname="spec_perl_TestIoLocalVar_t" time="0.000103235244750977" />
  </testsuite>
  <testsuite name="spec_perl_TestSwitchCast_t" errors="0" failures="0" skipped="0" tests="2" time="0.0503389835357666">
    <system-out>1..2
ok 1 - Equals
ok 2 - Equals
</system-out>
    <testcase name="Equals (67)" classname="spec_perl_TestSwitchCast_t" time="0.000458002090454102" />
    <testcase name="Equals (68)" classname="spec_perl_TestSwitchCast_t" time="9.60826873779297e-05" />
  </testsuite>
  <testsuite name="spec_perl_TestUserType_t" errors="0" failures="0" skipped="0" tests="2" time="0.0464129447937012">
    <system-out>1..2
ok 1 - Equals
ok 2 - Equals
</system-out>
    <testcase name="Equals (69)" classname="spec_perl_TestUserType_t" time="0.000307083129882812" />
    <testcase name="Equals (70)" classname="spec_perl_TestUserType_t" time="8.29696655273438e-05" />
  </testsuite>
  <testsuite name="spec_perl_TestProcessXorValue_t" errors="0" failures="0" skipped="0" tests="2" time="0.0459549427032471">
    <system-out>1..2
ok 1 - Equals
ok 2 - Equals
</system-out>
    <testcase name="Equals (71)" classname="spec_perl_TestProcessXorValue_t" time="0.000322818756103516" />
    <testcase name="Equals (72)" classname="spec_perl_TestProcessXorValue_t" time="8.41617584228516e-05" />
  </testsuite>
  <testsuite name="spec_perl_TestIfValues_t" errors="0" failures="0" skipped="0" tests="6" time="0.0466811656951904">
    <system-out>1..6
ok 1 - Equals
ok 2 - Equals
ok 3 - Equals
ok 4 - nil
ok 5 - Equals
ok 6 - nil
</system-out>
    <testcase name="Equals (73)" classname="spec_perl_TestIfValues_t" time="0.000338077545166016" />
    <testcase name="Equals (74)" classname="spec_perl_TestIfValues_t" time="8.98838043212891e-05" />
    <testcase name="Equals (75)" classname="spec_perl_TestIfValues_t" time="9.10758972167969e-05" />
    <testcase name="nil (75)" classname="spec_perl_TestIfValues_t" time="7.70092010498047e-05" />
    <testcase name="Equals (76)" classname="spec_perl_TestIfValues_t" time="0.000156879425048828" />
    <testcase name="nil (76)" classname="spec_perl_TestIfValues_t" time="5.91278076171875e-05" />
  </testsuite>
  <testsuite name="spec_perl_TestExprEnum_t" errors="0" failures="0" skipped="0" tests="3" time="0.0464169979095459">
    <system-out>1..3
ok 1 - Equals
ok 2 - Equals
ok 3 - Equals
</system-out>
    <testcase name="Equals (77)" classname="spec_perl_TestExprEnum_t" time="0.000299930572509766" />
    <testcase name="Equals (78)" classname="spec_perl_TestExprEnum_t" time="8.10623168945312e-05" />
    <testcase name="Equals (79)" classname="spec_perl_TestExprEnum_t" time="0.000134944915771484" />
  </testsuite>
  <testsuite name="spec_perl_TestParamsPassUsertype_t" errors="0" failures="1" skipped="1" tests="2" time="0.0497779846191406">
    <system-out>1..2
not ok 1 - test_params_pass_usertype died (Can't call method &quot;foo&quot; on an undefined value at compiled/perl/ParamsPassUsertype.pm line 119.)
ok 2 # skip test_params_pass_usertype died
</system-out>
    <testcase name="test_params_pass_usertype died (Can't call method &quot;foo&quot; on an undefined value at compiled/perl/ParamsPassUsertype.pm line 119.) (79)" classname="spec_perl_TestParamsPassUsertype_t" time="0.000443935394287109">
      <failure message="not ok 1 - test_params_pass_usertype died (Can't call method &quot;foo&quot; on an undefined value at compiled/perl/ParamsPassUsertype.pm line 119.)" type="TAP::Parser::Result::Test"></failure>
    </testcase>
    <testcase name="Unnamed test case 79" classname="spec_perl_TestParamsPassUsertype_t" time="0.00407004356384277">
      <skipped message="ok 2 # skip test_params_pass_usertype died" />
    </testcase>
  </testsuite>
  <testsuite name="spec_perl_TestExprBytesLiteral_t" errors="1" failures="0" skipped="0" tests="0" time="0.0458130836486816">
    <system-out></system-out>
    <testcase name="Test died too soon, even before plan. (79)" classname="spec_perl_TestExprBytesLiteral_t" time="0.0458130836486816">
      <failure message="The test suite died before a plan was produced. You need to have a plan." type="Plan">No plan</failure>
    </testcase>
  </testsuite>
  <testsuite name="spec_perl_TestParamsCallExtraParens_t" errors="0" failures="1" skipped="0" tests="1" time="0.0528891086578369">
    <system-out>1..1
not ok 1 - Equals
</system-out>
    <testcase name="Equals (80)" classname="spec_perl_TestParamsCallExtraParens_t" time="0.00501394271850586">
      <failure message="not ok 1 - Equals" type="TAP::Parser::Result::Test"></failure>
    </testcase>
  </testsuite>
  <testsuite name="spec_perl_TestNavRoot_t" errors="0" failures="0" skipped="0" tests="5" time="0.0506229400634766">
    <system-out>1..5
ok 1 - Equals
ok 2 - Equals
ok 3 - Equals
ok 4 - Equals
ok 5 - Equals
</system-out>
    <testcase name="Equals (81)" classname="spec_perl_TestNavRoot_t" time="0.000525951385498047" />
    <testcase name="Equals (82)" classname="spec_perl_TestNavRoot_t" time="9.89437103271484e-05" />
    <testcase name="Equals (83)" classname="spec_perl_TestNavRoot_t" time="5.79357147216797e-05" />
    <testcase name="Equals (84)" classname="spec_perl_TestNavRoot_t" time="0.000133037567138672" />
    <testcase name="Equals (85)" classname="spec_perl_TestNavRoot_t" time="0.000139951705932617" />
  </testsuite>
  <testsuite name="spec_perl_TestEnumImport_t" errors="0" failures="2" skipped="0" tests="2" time="0.0517549514770508">
    <system-out>1..2
not ok 1 - Equals
not ok 2 - Equals
</system-out>
    <testcase name="Equals (86)" classname="spec_perl_TestEnumImport_t" time="0.000131130218505859">
      <failure message="not ok 1 - Equals" type="TAP::Parser::Result::Test"></failure>
    </testcase>
    <testcase name="Equals (87)" classname="spec_perl_TestEnumImport_t" time="3.29017639160156e-05">
      <failure message="not ok 2 - Equals" type="TAP::Parser::Result::Test"></failure>
    </testcase>
  </testsuite>
  <testsuite name="spec_perl_TestNonStandard_t" errors="0" failures="0" skipped="0" tests="1" time="0.0457050800323486">
    <system-out>1..1
ok 1 - Equals
</system-out>
    <testcase name="Equals (88)" classname="spec_perl_TestNonStandard_t" time="0.000266075134277344" />
  </testsuite>
  <testsuite name="spec_perl_TestExprIoPos_t" errors="0" failures="0" skipped="0" tests="6" time="0.0507969856262207">
    <system-out>1..6
ok 1 - Equals
ok 2 - Equals
ok 3 - Equals
ok 4 - Equals
ok 5 - Equals
ok 6 - Equals
</system-out>
    <testcase name="Equals (89)" classname="spec_perl_TestExprIoPos_t" time="0.0007781982421875" />
    <testcase name="Equals (90)" classname="spec_perl_TestExprIoPos_t" time="0.0001068115234375" />
    <testcase name="Equals (91)" classname="spec_perl_TestExprIoPos_t" time="4.72068786621094e-05" />
    <testcase name="Equals (92)" classname="spec_perl_TestExprIoPos_t" time="0.000128984451293945" />
    <testcase name="Equals (93)" classname="spec_perl_TestExprIoPos_t" time="0.000147819519042969" />
    <testcase name="Equals (94)" classname="spec_perl_TestExprIoPos_t" time="0.000142097473144531" />
  </testsuite>
  <testsuite name="spec_perl_TestNavParent_t" errors="0" failures="0" skipped="0" tests="5" time="0.0499172210693359">
    <system-out>1..5
ok 1 - Equals
ok 2 - Equals
ok 3 - Equals
ok 4 - Equals
ok 5 - Equals
</system-out>
    <testcase name="Equals (95)" classname="spec_perl_TestNavParent_t" time="0.000509977340698242" />
    <testcase name="Equals (96)" classname="spec_perl_TestNavParent_t" time="9.89437103271484e-05" />
    <testcase name="Equals (97)" classname="spec_perl_TestNavParent_t" time="5.69820404052734e-05" />
    <testcase name="Equals (98)" classname="spec_perl_TestNavParent_t" time="0.000113010406494141" />
    <testcase name="Equals (99)" classname="spec_perl_TestNavParent_t" time="0.000143051147460938" />
  </testsuite>
  <testsuite name="spec_perl_TestExprStrOps_t" errors="1" failures="0" skipped="0" tests="0" time="0.0442099571228027">
    <system-out></system-out>
    <testcase name="Test died too soon, even before plan. (99)" classname="spec_perl_TestExprStrOps_t" time="0.0442099571228027">
      <failure message="The test suite died before a plan was produced. You need to have a plan." type="Plan">No plan</failure>
    </testcase>
  </testsuite>
  <testsuite name="spec_perl_TestEnumToIClassBorder1_t" errors="0" failures="1" skipped="0" tests="3" time="0.0512268543243408">
    <system-out>1..3
ok 1 - Equals
ok 2 - Equals
not ok 3 - test_enum_to_i_class_border_1 died (Can't call method &quot;some_dog&quot; on an undefined value at compiled/perl/EnumToIClassBorder2.pm line 42.)
</system-out>
    <testcase name="Equals (100)" classname="spec_perl_TestEnumToIClassBorder1_t" time="0.000314950942993164" />
    <testcase name="Equals (101)" classname="spec_perl_TestEnumToIClassBorder1_t" time="7.79628753662109e-05" />
    <testcase name="test_enum_to_i_class_border_1 died (Can't call method &quot;some_dog&quot; on an undefined value at compiled/perl/EnumToIClassBorder2.pm line 42.) (101)" classname="spec_perl_TestEnumToIClassBorder1_t" time="0.000322103500366211">
      <failure message="not ok 3 - test_enum_to_i_class_border_1 died (Can't call method &quot;some_dog&quot; on an undefined value at compiled/perl/EnumToIClassBorder2.pm line 42.)" type="TAP::Parser::Result::Test"></failure>
    </testcase>
  </testsuite>
  <testsuite name="spec_perl_TestValidEqStrEncodings_t" errors="0" failures="0" skipped="1" tests="1" time="0.0539171695709229">
    <system-out>1..1
ok 1 # skip ValidEqStrEncodings=HASH(0x259f2a8)
</system-out>
    <testcase name="Unnamed test case 101" classname="spec_perl_TestValidEqStrEncodings_t" time="0.00491499900817871">
      <skipped message="ok 1 # skip ValidEqStrEncodings=HASH(0x259f2a8)" />
    </testcase>
  </testsuite>
  <testsuite name="spec_perl_TestBitsByteAligned_t" errors="0" failures="0" skipped="0" tests="9" time="0.0433831214904785">
    <system-out>1..9
ok 1 - Equals
ok 2 - Equals
ok 3 - Equals
ok 4 - Equals
ok 5 - Equals
ok 6 - Equals
ok 7 - Equals
ok 8 - Equals
ok 9 - Equals
</system-out>
    <testcase name="Equals (102)" classname="spec_perl_TestBitsByteAligned_t" time="0.00026702880859375" />
    <testcase name="Equals (103)" classname="spec_perl_TestBitsByteAligned_t" time="7.98702239990234e-05" />
    <testcase name="Equals (104)" classname="spec_perl_TestBitsByteAligned_t" time="0.000124216079711914" />
    <testcase name="Equals (105)" classname="spec_perl_TestBitsByteAligned_t" time="0.000128984451293945" />
    <testcase name="Equals (106)" classname="spec_perl_TestBitsByteAligned_t" time="0.000150918960571289" />
    <testcase name="Equals (107)" classname="spec_perl_TestBitsByteAligned_t" time="8.60691070556641e-05" />
    <testcase name="Equals (108)" classname="spec_perl_TestBitsByteAligned_t" time="0.000152826309204102" />
    <testcase name="Equals (109)" classname="spec_perl_TestBitsByteAligned_t" time="0.000128984451293945" />
    <testcase name="Equals (110)" classname="spec_perl_TestBitsByteAligned_t" time="0.000159025192260742" />
  </testsuite>
  <testsuite name="spec_perl_TestZlibSurrounded_t" errors="0" failures="0" skipped="0" tests="1" time="0.0692849159240723">
    <system-out>1..1
ok 1 - Equals
</system-out>
    <testcase name="Equals (111)" classname="spec_perl_TestZlibSurrounded_t" time="0.00104212760925293" />
  </testsuite>
  <testsuite name="spec_perl_TestExprIoEof_t" errors="0" failures="0" skipped="0" tests="4" time="0.0470418930053711">
    <system-out>1..4
ok 1 - Equals
ok 2 - nil
ok 3 - Equals
ok 4 - Equals
</system-out>
    <testcase name="Equals (112)" classname="spec_perl_TestExprIoEof_t" time="0.000708103179931641" />
    <testcase name="nil (112)" classname="spec_perl_TestExprIoEof_t" time="0.0001068115234375" />
    <testcase name="Equals (113)" classname="spec_perl_TestExprIoEof_t" time="4.81605529785156e-05" />
    <testcase name="Equals (114)" classname="spec_perl_TestExprIoEof_t" time="5.19752502441406e-05" />
  </testsuite>
  <testsuite name="spec_perl_TestIndexToParamUntil_t" errors="0" failures="2" skipped="0" tests="7" time="0.0572049617767334">
    <system-out>1..7
ok 1 - Equals
ok 2 - Equals
ok 3 - Equals
ok 4 - Equals
ok 5 - Equals
not ok 6 - Equals
not ok 7 - Equals
</system-out>
    <testcase name="Equals (115)" classname="spec_perl_TestIndexToParamUntil_t" time="0.00555801391601562" />
    <testcase name="Equals (116)" classname="spec_perl_TestIndexToParamUntil_t" time="0.000121831893920898" />
    <testcase name="Equals (117)" classname="spec_perl_TestIndexToParamUntil_t" time="4.1961669921875e-05" />
    <testcase name="Equals (118)" classname="spec_perl_TestIndexToParamUntil_t" time="3.814697265625e-05" />
    <testcase name="Equals (119)" classname="spec_perl_TestIndexToParamUntil_t" time="2.59876251220703e-05" />
    <testcase name="Equals (120)" classname="spec_perl_TestIndexToParamUntil_t" time="3.50475311279297e-05">
      <failure message="not ok 6 - Equals" type="TAP::Parser::Result::Test"></failure>
    </testcase>
    <testcase name="Equals (121)" classname="spec_perl_TestIndexToParamUntil_t" time="2.288818359375e-05">
      <failure message="not ok 7 - Equals" type="TAP::Parser::Result::Test"></failure>
    </testcase>
  </testsuite>
  <testsuite name="spec_perl_TestEnum1_t" errors="0" failures="0" skipped="0" tests="2" time="0.0458359718322754">
    <system-out>1..2
ok 1 - Equals
ok 2 - Equals
</system-out>
    <testcase name="Equals (122)" classname="spec_perl_TestEnum1_t" time="0.000325918197631836" />
    <testcase name="Equals (123)" classname="spec_perl_TestEnum1_t" time="8.41617584228516e-05" />
  </testsuite>
  <testsuite name="spec_perl_TestProcessCoerceUsertype2_t" errors="0" failures="0" skipped="0" tests="4" time="0.0471878051757812">
    <system-out>1..4
ok 1 - Equals
ok 2 - Equals
ok 3 - Equals
ok 4 - Equals
</system-out>
    <testcase name="Equals (124)" classname="spec_perl_TestProcessCoerceUsertype2_t" time="0.000695943832397461" />
    <testcase name="Equals (125)" classname="spec_perl_TestProcessCoerceUsertype2_t" time="0.000108003616333008" />
    <testcase name="Equals (126)" classname="spec_perl_TestProcessCoerceUsertype2_t" time="4.60147857666016e-05" />
    <testcase name="Equals (127)" classname="spec_perl_TestProcessCoerceUsertype2_t" time="0.000103950500488281" />
  </testsuite>
  <testsuite name="spec_perl_TestTypeTernary2ndFalsy_t" errors="0" failures="1" skipped="0" tests="13" time="0.0510520935058594">
    <system-out>1..13
ok 1 - Equals
ok 2 - Equals
ok 3 - Equals
ok 4 - Approx equals
ok 5 - Approx equals
ok 6 - Equals
ok 7 - Equals
ok 8 - Equals
ok 9 - nil
ok 10 - Equals
ok 11 - Equals
ok 12 - Equals
not ok 13 - test_type_ternary_2nd_falsy died (Can't use an undefined value as an ARRAY reference at spec/perl/TestTypeTernary2ndFalsy.t line 27.)
</system-out>
    <testcase name="Equals (128)" classname="spec_perl_TestTypeTernary2ndFalsy_t" time="0.000334024429321289" />
    <testcase name="Equals (129)" classname="spec_perl_TestTypeTernary2ndFalsy_t" time="8.58306884765625e-05" />
    <testcase name="Equals (130)" classname="spec_perl_TestTypeTernary2ndFalsy_t" time="0.000102043151855469" />
    <testcase name="Approx equals (130)" classname="spec_perl_TestTypeTernary2ndFalsy_t" time="5.81741333007812e-05" />
    <testcase name="Approx equals (131)" classname="spec_perl_TestTypeTernary2ndFalsy_t" time="5.29289245605469e-05" />
    <testcase name="Equals (131)" classname="spec_perl_TestTypeTernary2ndFalsy_t" time="0.000159978866577148" />
    <testcase name="Equals (132)" classname="spec_perl_TestTypeTernary2ndFalsy_t" time="0.000138998031616211" />
    <testcase name="Equals (133)" classname="spec_perl_TestTypeTernary2ndFalsy_t" time="0.00017094612121582" />
    <testcase name="nil (133)" classname="spec_perl_TestTypeTernary2ndFalsy_t" time="6.79492950439453e-05" />
    <testcase name="Equals (134)" classname="spec_perl_TestTypeTernary2ndFalsy_t" time="9.29832458496094e-05" />
    <testcase name="Equals (135)" classname="spec_perl_TestTypeTernary2ndFalsy_t" time="0.00015711784362793" />
    <testcase name="Equals (136)" classname="spec_perl_TestTypeTernary2ndFalsy_t" time="0.000114917755126953" />
    <testcase name="test_type_ternary_2nd_falsy died (Can't use an undefined value as an ARRAY reference at spec/perl/TestTypeTernary2ndFalsy.t line 27.) (136)" classname="spec_perl_TestTypeTernary2ndFalsy_t" time="0.000319957733154297">
      <failure message="not ok 13 - test_type_ternary_2nd_falsy died (Can't use an undefined value as an ARRAY reference at spec/perl/TestTypeTernary2ndFalsy.t line 27.)" type="TAP::Parser::Result::Test"></failure>
    </testcase>
  </testsuite>
  <testsuite name="spec_perl_TestStrEos_t" errors="0" failures="0" skipped="0" tests="1" time="0.0501949787139893">
    <system-out>1..1
ok 1 - Equals
</system-out>
    <testcase name="Equals (137)" classname="spec_perl_TestStrEos_t" time="0.000398874282836914" />
  </testsuite>
  <testsuite name="spec_perl_TestInstanceIoUser_t" errors="0" failures="0" skipped="0" tests="4" time="0.0854089260101318">
    <system-out>1..4
ok 1 - Equals
ok 2 - Equals
ok 3 - Equals
ok 4 - Equals
</system-out>
    <testcase name="Equals (138)" classname="spec_perl_TestInstanceIoUser_t" time="0.0014960765838623" />
    <testcase name="Equals (139)" classname="spec_perl_TestInstanceIoUser_t" time="0.000624895095825195" />
    <testcase name="Equals (140)" classname="spec_perl_TestInstanceIoUser_t" time="0.000455141067504883" />
    <testcase name="Equals (141)" classname="spec_perl_TestInstanceIoUser_t" time="0.000378847122192383" />
  </testsuite>
  <testsuite name="spec_perl_TestExpr2_t" errors="0" failures="0" skipped="0" tests="17" time="0.0527760982513428">
    <system-out>1..17
ok 1 - Equals
ok 2 - Equals
ok 3 - Equals
ok 4 - Equals
ok 5 - Equals
ok 6 - Equals
ok 7 - Equals
ok 8 - Equals
ok 9 - Equals
ok 10 - Equals
ok 11 - Equals
ok 12 - Equals
ok 13 - Equals
ok 14 - Equals
ok 15 - Equals
ok 16 - Equals
ok 17 - Equals
</system-out>
    <testcase name="Equals (142)" classname="spec_perl_TestExpr2_t" time="0.000828981399536133" />
    <testcase name="Equals (143)" classname="spec_perl_TestExpr2_t" time="0.000147819519042969" />
    <testcase name="Equals (144)" classname="spec_perl_TestExpr2_t" time="7.00950622558594e-05" />
    <testcase name="Equals (145)" classname="spec_perl_TestExpr2_t" time="0.000123023986816406" />
    <testcase name="Equals (146)" classname="spec_perl_TestExpr2_t" time="0.000140905380249023" />
    <testcase name="Equals (147)" classname="spec_perl_TestExpr2_t" time="0.000138044357299805" />
    <testcase name="Equals (148)" classname="spec_perl_TestExpr2_t" time="0.000158071517944336" />
    <testcase name="Equals (149)" classname="spec_perl_TestExpr2_t" time="0.000201940536499023" />
    <testcase name="Equals (150)" classname="spec_perl_TestExpr2_t" time="0.000169038772583008" />
    <testcase name="Equals (151)" classname="spec_perl_TestExpr2_t" time="0.000114917755126953" />
    <testcase name="Equals (152)" classname="spec_perl_TestExpr2_t" time="0.0001220703125" />
    <testcase name="Equals (153)" classname="spec_perl_TestExpr2_t" time="0.000149965286254883" />
    <testcase name="Equals (154)" classname="spec_perl_TestExpr2_t" time="0.000169992446899414" />
    <testcase name="Equals (155)" classname="spec_perl_TestExpr2_t" time="0.000184059143066406" />
    <testcase name="Equals (156)" classname="spec_perl_TestExpr2_t" time="0.000113964080810547" />
    <testcase name="Equals (157)" classname="spec_perl_TestExpr2_t" time="0.000164985656738281" />
    <testcase name="Equals (158)" classname="spec_perl_TestExpr2_t" time="0.000113964080810547" />
  </testsuite>
  <testsuite name="spec_perl_TestIntegersMinMax_t" errors="0" failures="0" skipped="0" tests="28" time="0.0491151809692383">
    <system-out>1..28
ok 1 - Equals
ok 2 - Equals
ok 3 - Equals
ok 4 - Equals
ok 5 - Equals
ok 6 - Equals
ok 7 - Equals
ok 8 - Equals
ok 9 - Equals
ok 10 - Equals
ok 11 - Equals
ok 12 - Equals
ok 13 - Equals
ok 14 - Equals
ok 15 - Equals
ok 16 - Equals
ok 17 - Equals
ok 18 - Equals
ok 19 - Equals
ok 20 - Equals
ok 21 - Equals
ok 22 - Equals
ok 23 - Equals
ok 24 - Equals
ok 25 - Equals
ok 26 - Equals
ok 27 - Equals
ok 28 - Equals
</system-out>
    <testcase name="Equals (159)" classname="spec_perl_TestIntegersMinMax_t" time="0.000401020050048828" />
    <testcase name="Equals (160)" classname="spec_perl_TestIntegersMinMax_t" time="0.000126838684082031" />
    <testcase name="Equals (161)" classname="spec_perl_TestIntegersMinMax_t" time="6.19888305664062e-05" />
    <testcase name="Equals (162)" classname="spec_perl_TestIntegersMinMax_t" time="0.000126123428344727" />
    <testcase name="Equals (163)" classname="spec_perl_TestIntegersMinMax_t" time="0.000154018402099609" />
    <testcase name="Equals (164)" classname="spec_perl_TestIntegersMinMax_t" time="0.000113964080810547" />
    <testcase name="Equals (165)" classname="spec_perl_TestIntegersMinMax_t" time="0.000155925750732422" />
    <testcase name="Equals (166)" classname="spec_perl_TestIntegersMinMax_t" time="0.000119924545288086" />
    <testcase name="Equals (167)" classname="spec_perl_TestIntegersMinMax_t" time="0.000151157379150391" />
    <testcase name="Equals (168)" classname="spec_perl_TestIntegersMinMax_t" time="0.000115871429443359" />
    <testcase name="Equals (169)" classname="spec_perl_TestIntegersMinMax_t" time="0.00280618667602539" />
    <testcase name="Equals (170)" classname="spec_perl_TestIntegersMinMax_t" time="6.38961791992188e-05" />
    <testcase name="Equals (171)" classname="spec_perl_TestIntegersMinMax_t" time="2.59876251220703e-05" />
    <testcase name="Equals (172)" classname="spec_perl_TestIntegersMinMax_t" time="2.31266021728516e-05" />
    <testcase name="Equals (173)" classname="spec_perl_TestIntegersMinMax_t" time="2.19345092773438e-05" />
    <testcase name="Equals (174)" classname="spec_perl_TestIntegersMinMax_t" time="2.50339508056641e-05" />
    <testcase name="Equals (175)" classname="spec_perl_TestIntegersMinMax_t" time="2.00271606445312e-05" />
    <testcase name="Equals (176)" classname="spec_perl_TestIntegersMinMax_t" time="2.09808349609375e-05" />
    <testcase name="Equals (177)" classname="spec_perl_TestIntegersMinMax_t" time="2.09808349609375e-05" />
    <testcase name="Equals (178)" classname="spec_perl_TestIntegersMinMax_t" time="2.09808349609375e-05" />
    <testcase name="Equals (179)" classname="spec_perl_TestIntegersMinMax_t" time="2.00271606445312e-05" />
    <testcase name="Equals (180)" classname="spec_perl_TestIntegersMinMax_t" time="2.09808349609375e-05" />
    <testcase name="Equals (181)" classname="spec_perl_TestIntegersMinMax_t" time="2.09808349609375e-05" />
    <testcase name="Equals (182)" classname="spec_perl_TestIntegersMinMax_t" time="2.09808349609375e-05" />
    <testcase name="Equals (183)" classname="spec_perl_TestIntegersMinMax_t" time="2.00271606445312e-05" />
    <testcase name="Equals (184)" classname="spec_perl_TestIntegersMinMax_t" time="2.00271606445312e-05" />
    <testcase name="Equals (185)" classname="spec_perl_TestIntegersMinMax_t" time="2.00271606445312e-05" />
    <testcase name="Equals (186)" classname="spec_perl_TestIntegersMinMax_t" time="2.288818359375e-05" />
  </testsuite>
  <testsuite name="spec_perl_TestDefaultBigEndian_t" errors="0" failures="0" skipped="0" tests="1" time="0.0460119247436523">
    <system-out>1..1
ok 1 - Equals
</system-out>
    <testcase name="Equals (187)" classname="spec_perl_TestDefaultBigEndian_t" time="0.000291824340820312" />
  </testsuite>
  <testsuite name="spec_perl_TestEnumInvalid_t" errors="0" failures="0" skipped="0" tests="2" time="0.0459458827972412">
    <system-out>1..2
ok 1 - Equals
ok 2 - Equals
</system-out>
    <testcase name="Equals (188)" classname="spec_perl_TestEnumInvalid_t" time="0.000306844711303711" />
    <testcase name="Equals (189)" classname="spec_perl_TestEnumInvalid_t" time="8.0108642578125e-05" />
  </testsuite>
  <testsuite name="spec_perl_TestExprCalcArrayOps_t" errors="0" failures="1" skipped="17" tests="18" time="0.0632228851318359">
    <system-out>1..18
not ok 1 - test_expr_calc_array_ops died (Can't use string (&quot;1000&quot;) as an ARRAY ref while &quot;strict refs&quot; in use at compiled/perl/ExprCalcArrayOps.pm line 50.)
ok 2 # skip test_expr_calc_array_ops died
ok 3 # skip test_expr_calc_array_ops died
ok 4 # skip test_expr_calc_array_ops died
ok 5 # skip test_expr_calc_array_ops died
ok 6 # skip test_expr_calc_array_ops died
ok 7 # skip test_expr_calc_array_ops died
ok 8 # skip test_expr_calc_array_ops died
ok 9 # skip test_expr_calc_array_ops died
ok 10 # skip test_expr_calc_array_ops died
ok 11 # skip test_expr_calc_array_ops died
ok 12 # skip test_expr_calc_array_ops died
ok 13 # skip test_expr_calc_array_ops died
ok 14 # skip test_expr_calc_array_ops died
ok 15 # skip test_expr_calc_array_ops died
ok 16 # skip test_expr_calc_array_ops died
ok 17 # skip test_expr_calc_array_ops died
ok 18 # skip test_expr_calc_array_ops died
</system-out>
    <testcase name="test_expr_calc_array_ops died (Can't use string (&quot;1000&quot;) as an ARRAY ref while &quot;strict refs&quot; in use at compiled/perl/ExprCalcArrayOps.pm line 50.) (189)" classname="spec_perl_TestExprCalcArrayOps_t" time="0.000564098358154297">
      <failure message="not ok 1 - test_expr_calc_array_ops died (Can't use string (&quot;1000&quot;) as an ARRAY ref while &quot;strict refs&quot; in use at compiled/perl/ExprCalcArrayOps.pm line 50.)" type="TAP::Parser::Result::Test"></failure>
    </testcase>
    <testcase name="Unnamed test case 189" classname="spec_perl_TestExprCalcArrayOps_t" time="0.00108480453491211">
      <skipped message="ok 2 # skip test_expr_calc_array_ops died" />
    </testcase>
    <testcase name="Unnamed test case 190" classname="spec_perl_TestExprCalcArrayOps_t" time="0.000426054000854492">
      <skipped message="ok 3 # skip test_expr_calc_array_ops died" />
    </testcase>
    <testcase name="Unnamed test case 191" classname="spec_perl_TestExprCalcArrayOps_t" time="0.000339031219482422">
      <skipped message="ok 4 # skip test_expr_calc_array_ops died" />
    </testcase>
    <testcase name="Unnamed test case 192" classname="spec_perl_TestExprCalcArrayOps_t" time="0.000304937362670898">
      <skipped message="ok 5 # skip test_expr_calc_array_ops died" />
    </testcase>
    <testcase name="Unnamed test case 193" classname="spec_perl_TestExprCalcArrayOps_t" time="0.000300168991088867">
      <skipped message="ok 6 # skip test_expr_calc_array_ops died" />
    </testcase>
    <testcase name="Unnamed test case 194" classname="spec_perl_TestExprCalcArrayOps_t" time="0.000306844711303711">
      <skipped message="ok 7 # skip test_expr_calc_array_ops died" />
    </testcase>
    <testcase name="Unnamed test case 195" classname="spec_perl_TestExprCalcArrayOps_t" time="0.000313997268676758">
      <skipped message="ok 8 # skip test_expr_calc_array_ops died" />
    </testcase>
    <testcase name="Unnamed test case 196" classname="spec_perl_TestExprCalcArrayOps_t" time="0.00029301643371582">
      <skipped message="ok 9 # skip test_expr_calc_array_ops died" />
    </testcase>
    <testcase name="Unnamed test case 197" classname="spec_perl_TestExprCalcArrayOps_t" time="0.000293970108032227">
      <skipped message="ok 10 # skip test_expr_calc_array_ops died" />
    </testcase>
    <testcase name="Unnamed test case 198" classname="spec_perl_TestExprCalcArrayOps_t" time="0.000326156616210938">
      <skipped message="ok 11 # skip test_expr_calc_array_ops died" />
    </testcase>
    <testcase name="Unnamed test case 199" classname="spec_perl_TestExprCalcArrayOps_t" time="0.000300884246826172">
      <skipped message="ok 12 # skip test_expr_calc_array_ops died" />
    </testcase>
    <testcase name="Unnamed test case 200" classname="spec_perl_TestExprCalcArrayOps_t" time="0.000296115875244141">
      <skipped message="ok 13 # skip test_expr_calc_array_ops died" />
    </testcase>
    <testcase name="Unnamed test case 201" classname="spec_perl_TestExprCalcArrayOps_t" time="0.000306844711303711">
      <skipped message="ok 14 # skip test_expr_calc_array_ops died" />
    </testcase>
    <testcase name="Unnamed test case 202" classname="spec_perl_TestExprCalcArrayOps_t" time="0.00029301643371582">
      <skipped message="ok 15 # skip test_expr_calc_array_ops died" />
    </testcase>
    <testcase name="Unnamed test case 203" classname="spec_perl_TestExprCalcArrayOps_t" time="0.000310182571411133">
      <skipped message="ok 16 # skip test_expr_calc_array_ops died" />
    </testcase>
    <testcase name="Unnamed test case 204" classname="spec_perl_TestExprCalcArrayOps_t" time="0.000293970108032227">
      <skipped message="ok 17 # skip test_expr_calc_array_ops died" />
    </testcase>
    <testcase name="Unnamed test case 205" classname="spec_perl_TestExprCalcArrayOps_t" time="0.000321865081787109">
      <skipped message="ok 18 # skip test_expr_calc_array_ops died" />
    </testcase>
  </testsuite>
  <testsuite name="spec_perl_TestBitsSimpleLe_t" errors="0" failures="0" skipped="0" tests="14" time="0.0466890335083008">
    <system-out>1..14
ok 1 - Equals
ok 2 - Equals
ok 3 - Equals
ok 4 - Equals
ok 5 - Equals
ok 6 - Equals
ok 7 - Equals
ok 8 - Equals
ok 9 - Equals
ok 10 - Equals
ok 11 - Equals
ok 12 - Equals
ok 13 - Equals
ok 14 - Equals
</system-out>
    <testcase name="Equals (205)" classname="spec_perl_TestBitsSimpleLe_t" time="0.000260829925537109" />
    <testcase name="Equals (206)" classname="spec_perl_TestBitsSimpleLe_t" time="8.51154327392578e-05" />
    <testcase name="Equals (207)" classname="spec_perl_TestBitsSimpleLe_t" time="0.000124931335449219" />
    <testcase name="Equals (208)" classname="spec_perl_TestBitsSimpleLe_t" time="0.000143051147460938" />
    <testcase name="Equals (209)" classname="spec_perl_TestBitsSimpleLe_t" time="0.000104904174804688" />
    <testcase name="Equals (210)" classname="spec_perl_TestBitsSimpleLe_t" time="0.000144004821777344" />
    <testcase name="Equals (211)" classname="spec_perl_TestBitsSimpleLe_t" time="0.000112056732177734" />
    <testcase name="Equals (212)" classname="spec_perl_TestBitsSimpleLe_t" time="0.000147104263305664" />
    <testcase name="Equals (213)" classname="spec_perl_TestBitsSimpleLe_t" time="0.000120878219604492" />
    <testcase name="Equals (214)" classname="spec_perl_TestBitsSimpleLe_t" time="0.000126123428344727" />
    <testcase name="Equals (215)" classname="spec_perl_TestBitsSimpleLe_t" time="0.000129938125610352" />
    <testcase name="Equals (216)" classname="spec_perl_TestBitsSimpleLe_t" time="0.000128030776977539" />
    <testcase name="Equals (217)" classname="spec_perl_TestBitsSimpleLe_t" time="0.000121831893920898" />
    <testcase name="Equals (218)" classname="spec_perl_TestBitsSimpleLe_t" time="0.00014805793762207" />
  </testsuite>
  <testsuite name="spec_perl_TestRepeatEosBit_t" errors="0" failures="0" skipped="0" tests="1" time="0.0457398891448975">
    <system-out>1..1
ok 1 - Equals
</system-out>
    <testcase name="Equals (219)" classname="spec_perl_TestRepeatEosBit_t" time="0.000391006469726562" />
  </testsuite>
  <testsuite name="spec_perl_TestCastNested_t" errors="0" failures="0" skipped="0" tests="4" time="0.0467309951782227">
    <system-out>1..4
ok 1 - Equals
ok 2 - Equals
ok 3 - Equals
ok 4 - Equals
</system-out>
    <testcase name="Equals (220)" classname="spec_perl_TestCastNested_t" time="0.000301122665405273" />
    <testcase name="Equals (221)" classname="spec_perl_TestCastNested_t" time="8.58306884765625e-05" />
    <testcase name="Equals (222)" classname="spec_perl_TestCastNested_t" time="0.000129222869873047" />
    <testcase name="Equals (223)" classname="spec_perl_TestCastNested_t" time="0.000135898590087891" />
  </testsuite>
  <testsuite name="spec_perl_TestEofExceptionU4_t" errors="0" failures="0" skipped="0" tests="1" time="0.0468499660491943">
    <system-out>1..1
ok 1 - Died
</system-out>
    <testcase name="Died (223)" classname="spec_perl_TestEofExceptionU4_t" time="0.000158071517944336" />
  </testsuite>
  <testsuite name="spec_perl_TestStrEncodings_t" errors="0" failures="0" skipped="0" tests="4" time="0.0539798736572266">
    <system-out>1..4
ok 1 - Equals
ok 2 - Equals
ok 3 - Equals
ok 4 - Equals
</system-out>
    <testcase name="Equals (224)" classname="spec_perl_TestStrEncodings_t" time="0.00378012657165527" />
    <testcase name="Equals (225)" classname="spec_perl_TestStrEncodings_t" time="0.00014185905456543" />
    <testcase name="Equals (226)" classname="spec_perl_TestStrEncodings_t" time="5.00679016113281e-05" />
    <testcase name="Equals (227)" classname="spec_perl_TestStrEncodings_t" time="5.38825988769531e-05" />
  </testsuite>
  <testsuite name="spec_perl_TestProcessXor4Value_t" errors="0" failures="0" skipped="0" tests="2" time="0.0456950664520264">
    <system-out>1..2
ok 1 - Equals
ok 2 - Equals
</system-out>
    <testcase name="Equals (228)" classname="spec_perl_TestProcessXor4Value_t" time="0.000311851501464844" />
    <testcase name="Equals (229)" classname="spec_perl_TestProcessXor4Value_t" time="8.60691070556641e-05" />
  </testsuite>
  <testsuite name="spec_perl_TestCastToTop_t" errors="0" failures="0" skipped="0" tests="3" time="0.0423529148101807">
    <system-out>1..3
ok 1 - Equals
ok 2 - Equals
ok 3 - Equals
</system-out>
    <testcase name="Equals (230)" classname="spec_perl_TestCastToTop_t" time="0.000158071517944336" />
    <testcase name="Equals (231)" classname="spec_perl_TestCastToTop_t" time="0.000124931335449219" />
    <testcase name="Equals (232)" classname="spec_perl_TestCastToTop_t" time="0.000138044357299805" />
  </testsuite>
  <testsuite name="spec_perl_TestDebug0_t" errors="0" failures="0" skipped="1" tests="1" time="0.0447549819946289">
    <system-out>1..1
ok 1 # skip test_debug_0
</system-out>
    <testcase name="Unnamed test case 232" classname="spec_perl_TestDebug0_t" time="0.000302791595458984">
      <skipped message="ok 1 # skip test_debug_0" />
    </testcase>
  </testsuite>
  <testsuite name="spec_perl_TestDefaultEndianExprException_t" errors="0" failures="0" skipped="0" tests="1" time="0.047368049621582">
    <system-out>1..1
ok 1 - Died
</system-out>
    <testcase name="Died (232)" classname="spec_perl_TestDefaultEndianExprException_t" time="0.000356197357177734" />
  </testsuite>
  <testsuite name="spec_perl_TestHelloWorld_t" errors="0" failures="0" skipped="0" tests="1" time="0.0460920333862305">
    <system-out>1..1
ok 1 - Equals
</system-out>
    <testcase name="Equals (233)" classname="spec_perl_TestHelloWorld_t" time="0.000256061553955078" />
  </testsuite>
  <testsuite name="spec_perl_TestImportsAbsAbs_t" errors="0" failures="0" skipped="0" tests="3" time="0.0467238426208496">
    <system-out>1..3
ok 1 - Equals
ok 2 - Equals
ok 3 - Equals
</system-out>
    <testcase name="Equals (234)" classname="spec_perl_TestImportsAbsAbs_t" time="0.000319004058837891" />
    <testcase name="Equals (235)" classname="spec_perl_TestImportsAbsAbs_t" time="8.51154327392578e-05" />
    <testcase name="Equals (236)" classname="spec_perl_TestImportsAbsAbs_t" time="0.00011897087097168" />
  </testsuite>
  <testsuite name="spec_perl_TestEnumLongRangeS_t" errors="0" failures="0" skipped="0" tests="7" time="0.0468690395355225">
    <system-out>1..7
ok 1 - Equals
ok 2 - Equals
ok 3 - Equals
ok 4 - Equals
ok 5 - Equals
ok 6 - Equals
ok 7 - Equals
</system-out>
    <testcase name="Equals (237)" classname="spec_perl_TestEnumLongRangeS_t" time="0.000358104705810547" />
    <testcase name="Equals (238)" classname="spec_perl_TestEnumLongRangeS_t" time="9.29832458496094e-05" />
    <testcase name="Equals (239)" classname="spec_perl_TestEnumLongRangeS_t" time="5.69820404052734e-05" />
    <testcase name="Equals (240)" classname="spec_perl_TestEnumLongRangeS_t" time="0.000164985656738281" />
    <testcase name="Equals (241)" classname="spec_perl_TestEnumLongRangeS_t" time="9.10758972167969e-05" />
    <testcase name="Equals (242)" classname="spec_perl_TestEnumLongRangeS_t" time="0.000157833099365234" />
    <testcase name="Equals (243)" classname="spec_perl_TestEnumLongRangeS_t" time="0.000100135803222656" />
  </testsuite>
  <testsuite name="spec_perl_TestSwitchManualEnum_t" errors="0" failures="0" skipped="0" tests="9" time="0.0506041049957275">
    <system-out>1..9
ok 1 - Equals
ok 2 - Equals
ok 3 - Equals
ok 4 - Equals
ok 5 - Equals
ok 6 - Equals
ok 7 - Equals
ok 8 - Equals
ok 9 - Equals
</system-out>
    <testcase name="Equals (244)" classname="spec_perl_TestSwitchManualEnum_t" time="0.000416994094848633" />
    <testcase name="Equals (245)" classname="spec_perl_TestSwitchManualEnum_t" time="9.10758972167969e-05" />
    <testcase name="Equals (246)" classname="spec_perl_TestSwitchManualEnum_t" time="0.000123023986816406" />
    <testcase name="Equals (247)" classname="spec_perl_TestSwitchManualEnum_t" time="0.000142812728881836" />
    <testcase name="Equals (248)" classname="spec_perl_TestSwitchManualEnum_t" time="0.000169992446899414" />
    <testcase name="Equals (249)" classname="spec_perl_TestSwitchManualEnum_t" time="0.000116109848022461" />
    <testcase name="Equals (250)" classname="spec_perl_TestSwitchManualEnum_t" time="0.000153064727783203" />
    <testcase name="Equals (251)" classname="spec_perl_TestSwitchManualEnum_t" time="0.000111818313598633" />
    <testcase name="Equals (252)" classname="spec_perl_TestSwitchManualEnum_t" time="0.000149011611938477" />
  </testsuite>
  <testsuite name="spec_perl_TestOpaqueExternalType_t" errors="0" failures="0" skipped="0" tests="3" time="0.0496268272399902">
    <system-out>1..3
ok 1 - Equals
ok 2 - Equals
ok 3 - Equals
</system-out>
    <testcase name="Equals (253)" classname="spec_perl_TestOpaqueExternalType_t" time="0.0004119873046875" />
    <testcase name="Equals (254)" classname="spec_perl_TestOpaqueExternalType_t" time="8.79764556884766e-05" />
    <testcase name="Equals (255)" classname="spec_perl_TestOpaqueExternalType_t" time="5.50746917724609e-05" />
  </testsuite>
  <testsuite name="spec_perl_TestRecursiveOne_t" errors="0" failures="0" skipped="0" tests="4" time="0.0464379787445068">
    <system-out>1..4
ok 1 - Equals
ok 2 - Equals
ok 3 - Equals
ok 4 - Equals
</system-out>
    <testcase name="Equals (256)" classname="spec_perl_TestRecursiveOne_t" time="0.000317096710205078" />
    <testcase name="Equals (257)" classname="spec_perl_TestRecursiveOne_t" time="9.29832458496094e-05" />
    <testcase name="Equals (258)" classname="spec_perl_TestRecursiveOne_t" time="0.00010991096496582" />
    <testcase name="Equals (259)" classname="spec_perl_TestRecursiveOne_t" time="0.000150203704833984" />
  </testsuite>
  <testsuite name="spec_perl_TestSwitchManualIntSizeElse_t" errors="0" failures="0" skipped="0" tests="10" time="0.0527729988098145">
    <system-out>1..10
ok 1 - Equals
ok 2 - Equals
ok 3 - Equals
ok 4 - Equals
ok 5 - Equals
ok 6 - Equals
ok 7 - Equals
ok 8 - Equals
ok 9 - Equals
ok 10 - Equals
</system-out>
    <testcase name="Equals (260)" classname="spec_perl_TestSwitchManualIntSizeElse_t" time="0.000893115997314453" />
    <testcase name="Equals (261)" classname="spec_perl_TestSwitchManualIntSizeElse_t" time="0.000115871429443359" />
    <testcase name="Equals (262)" classname="spec_perl_TestSwitchManualIntSizeElse_t" time="0.000102996826171875" />
    <testcase name="Equals (263)" classname="spec_perl_TestSwitchManualIntSizeElse_t" time="0.00012516975402832" />
    <testcase name="Equals (264)" classname="spec_perl_TestSwitchManualIntSizeElse_t" time="0.000159025192260742" />
    <testcase name="Equals (265)" classname="spec_perl_TestSwitchManualIntSizeElse_t" time="0.00020599365234375" />
    <testcase name="Equals (266)" classname="spec_perl_TestSwitchManualIntSizeElse_t" time="0.0001678466796875" />
    <testcase name="Equals (267)" classname="spec_perl_TestSwitchManualIntSizeElse_t" time="0.000167131423950195" />
    <testcase name="Equals (268)" classname="spec_perl_TestSwitchManualIntSizeElse_t" time="0.000130891799926758" />
    <testcase name="Equals (269)" classname="spec_perl_TestSwitchManualIntSizeElse_t" time="0.000152111053466797" />
  </testsuite>
  <testsuite name="spec_perl_TestTypeTernary_t" errors="0" failures="0" skipped="0" tests="1" time="0.0467829704284668">
    <system-out>1..1
ok 1 - Equals
</system-out>
    <testcase name="Equals (270)" classname="spec_perl_TestTypeTernary_t" time="0.000701189041137695" />
  </testsuite>
  <testsuite name="spec_perl_TestSwitchRepeatExprInvalid_t" errors="0" failures="0" skipped="0" tests="3" time="0.0462191104888916">
    <system-out>1..3
ok 1 - Equals
ok 2 - Equals
ok 3 - Equals
</system-out>
    <testcase name="Equals (271)" classname="spec_perl_TestSwitchRepeatExprInvalid_t" time="0.00031590461730957" />
    <testcase name="Equals (272)" classname="spec_perl_TestSwitchRepeatExprInvalid_t" time="8.41617584228516e-05" />
    <testcase name="Equals (273)" classname="spec_perl_TestSwitchRepeatExprInvalid_t" time="0.000138998031616211" />
  </testsuite>
  <testsuite name="spec_perl_TestSwitchRepeatExpr_t" errors="0" failures="0" skipped="0" tests="3" time="0.0464179515838623">
    <system-out>1..3
ok 1 - Equals
ok 2 - Equals
ok 3 - Equals
</system-out>
    <testcase name="Equals (274)" classname="spec_perl_TestSwitchRepeatExpr_t" time="0.000687837600708008" />
    <testcase name="Equals (275)" classname="spec_perl_TestSwitchRepeatExpr_t" time="0.000108003616333008" />
    <testcase name="Equals (276)" classname="spec_perl_TestSwitchRepeatExpr_t" time="5.69820404052734e-05" />
  </testsuite>
  <testsuite name="spec_perl_TestFloatingPoints_t" errors="0" failures="0" skipped="0" tests="8" time="0.0470590591430664">
    <system-out>1..8
ok 1 - Approx equals
ok 2 - Approx equals
ok 3 - Approx equals
ok 4 - Approx equals
ok 5 - Approx equals
ok 6 - Approx equals
ok 7 - Approx equals
ok 8 - Approx equals
</system-out>
    <testcase name="Approx equals (276)" classname="spec_perl_TestFloatingPoints_t" time="0.000189065933227539" />
    <testcase name="Approx equals (277)" classname="spec_perl_TestFloatingPoints_t" time="6.69956207275391e-05" />
    <testcase name="Approx equals (278)" classname="spec_perl_TestFloatingPoints_t" time="4.50611114501953e-05" />
    <testcase name="Approx equals (279)" classname="spec_perl_TestFloatingPoints_t" time="5.38825988769531e-05" />
    <testcase name="Approx equals (280)" classname="spec_perl_TestFloatingPoints_t" time="4.31537628173828e-05" />
    <testcase name="Approx equals (281)" classname="spec_perl_TestFloatingPoints_t" time="5.19752502441406e-05" />
    <testcase name="Approx equals (282)" classname="spec_perl_TestFloatingPoints_t" time="0.000103950500488281" />
    <testcase name="Approx equals (283)" classname="spec_perl_TestFloatingPoints_t" time="6.38961791992188e-05" />
  </testsuite>
  <testsuite name="spec_perl_TestParamsPassArrayInt_t" errors="0" failures="1" skipped="6" tests="7" time="0.0540280342102051">
    <system-out>1..7
not ok 1 - test_params_pass_array_int died (Can't use an undefined value as an ARRAY reference at spec/perl/TestParamsPassArrayInt.t line 15.)
ok 2 # skip test_params_pass_array_int died
ok 3 # skip test_params_pass_array_int died
ok 4 # skip test_params_pass_array_int died
ok 5 # skip test_params_pass_array_int died
ok 6 # skip test_params_pass_array_int died
ok 7 # skip test_params_pass_array_int died
</system-out>
    <testcase name="test_params_pass_array_int died (Can't use an undefined value as an ARRAY reference at spec/perl/TestParamsPassArrayInt.t line 15.) (283)" classname="spec_perl_TestParamsPassArrayInt_t" time="0.00101113319396973">
      <failure message="not ok 1 - test_params_pass_array_int died (Can't use an undefined value as an ARRAY reference at spec/perl/TestParamsPassArrayInt.t line 15.)" type="TAP::Parser::Result::Test"></failure>
    </testcase>
    <testcase name="Unnamed test case 283" classname="spec_perl_TestParamsPassArrayInt_t" time="0.000563859939575195">
      <skipped message="ok 2 # skip test_params_pass_array_int died" />
    </testcase>
    <testcase name="Unnamed test case 284" classname="spec_perl_TestParamsPassArrayInt_t" time="0.000611066818237305">
      <skipped message="ok 3 # skip test_params_pass_array_int died" />
    </testcase>
    <testcase name="Unnamed test case 285" classname="spec_perl_TestParamsPassArrayInt_t" time="0.00038909912109375">
      <skipped message="ok 4 # skip test_params_pass_array_int died" />
    </testcase>
    <testcase name="Unnamed test case 286" classname="spec_perl_TestParamsPassArrayInt_t" time="0.000372886657714844">
      <skipped message="ok 5 # skip test_params_pass_array_int died" />
    </testcase>
    <testcase name="Unnamed test case 287" classname="spec_perl_TestParamsPassArrayInt_t" time="0.000375032424926758">
      <skipped message="ok 6 # skip test_params_pass_array_int died" />
    </testcase>
    <testcase name="Unnamed test case 288" classname="spec_perl_TestParamsPassArrayInt_t" time="0.000330924987792969">
      <skipped message="ok 7 # skip test_params_pass_array_int died" />
    </testcase>
  </testsuite>
  <testsuite name="spec_perl_TestSwitchManualInt_t" errors="0" failures="0" skipped="0" tests="9" time="0.0501899719238281">
    <system-out>1..9
ok 1 - Equals
ok 2 - Equals
ok 3 - Equals
ok 4 - Equals
ok 5 - Equals
ok 6 - Equals
ok 7 - Equals
ok 8 - Equals
ok 9 - Equals
</system-out>
    <testcase name="Equals (288)" classname="spec_perl_TestSwitchManualInt_t" time="0.000443935394287109" />
    <testcase name="Equals (289)" classname="spec_perl_TestSwitchManualInt_t" time="9.60826873779297e-05" />
    <testcase name="Equals (290)" classname="spec_perl_TestSwitchManualInt_t" time="5.88893890380859e-05" />
    <testcase name="Equals (291)" classname="spec_perl_TestSwitchManualInt_t" time="0.000130891799926758" />
    <testcase name="Equals (292)" classname="spec_perl_TestSwitchManualInt_t" time="0.00016021728515625" />
    <testcase name="Equals (293)" classname="spec_perl_TestSwitchManualInt_t" time="0.000160932540893555" />
    <testcase name="Equals (294)" classname="spec_perl_TestSwitchManualInt_t" time="0.000160932540893555" />
    <testcase name="Equals (295)" classname="spec_perl_TestSwitchManualInt_t" time="0.000117063522338867" />
    <testcase name="Equals (296)" classname="spec_perl_TestSwitchManualInt_t" time="0.000159978866577148" />
  </testsuite>
  <testsuite name="spec_perl_TestExpr0_t" errors="0" failures="0" skipped="0" tests="2" time="0.0457768440246582">
    <system-out>1..2
ok 1 - Equals
ok 2 - Equals
</system-out>
    <testcase name="Equals (297)" classname="spec_perl_TestExpr0_t" time="0.000308036804199219" />
    <testcase name="Equals (298)" classname="spec_perl_TestExpr0_t" time="7.89165496826172e-05" />
  </testsuite>
  <testsuite name="spec_perl_TestProcessRepeatUsertype_t" errors="0" failures="0" skipped="0" tests="4" time="0.0465450286865234">
    <system-out>1..4
ok 1 - Equals
ok 2 - Equals
ok 3 - Equals
ok 4 - Equals
</system-out>
    <testcase name="Equals (299)" classname="spec_perl_TestProcessRepeatUsertype_t" time="0.000719070434570312" />
    <testcase name="Equals (300)" classname="spec_perl_TestProcessRepeatUsertype_t" time="0.000108957290649414" />
    <testcase name="Equals (301)" classname="spec_perl_TestProcessRepeatUsertype_t" time="5.91278076171875e-05" />
    <testcase name="Equals (302)" classname="spec_perl_TestProcessRepeatUsertype_t" time="0.000100851058959961" />
  </testsuite>
  <testsuite name="spec_perl_TestValidShort_t" errors="0" failures="0" skipped="1" tests="1" time="0.0507071018218994">
    <system-out>1..1
ok 1 # skip ValidShort=HASH(0x270bf20)
</system-out>
    <testcase name="Unnamed test case 302" classname="spec_perl_TestValidShort_t" time="0.00161194801330566">
      <skipped message="ok 1 # skip ValidShort=HASH(0x270bf20)" />
    </testcase>
  </testsuite>
  <testsuite name="spec_perl_TestIntegersDoubleOverflow_t" errors="0" failures="0" skipped="0" tests="8" time="0.0469260215759277">
    <system-out>1..8
ok 1 - Equals
ok 2 - Equals
ok 3 - Equals
ok 4 - Equals
ok 5 - Equals
ok 6 - Equals
ok 7 - Equals
ok 8 - Equals
</system-out>
    <testcase name="Equals (303)" classname="spec_perl_TestIntegersDoubleOverflow_t" time="0.000355005264282227" />
    <testcase name="Equals (304)" classname="spec_perl_TestIntegersDoubleOverflow_t" time="9.01222229003906e-05" />
    <testcase name="Equals (305)" classname="spec_perl_TestIntegersDoubleOverflow_t" time="0.000169992446899414" />
    <testcase name="Equals (306)" classname="spec_perl_TestIntegersDoubleOverflow_t" time="0.000138044357299805" />
    <testcase name="Equals (307)" classname="spec_perl_TestIntegersDoubleOverflow_t" time="0.000146865844726562" />
    <testcase name="Equals (308)" classname="spec_perl_TestIntegersDoubleOverflow_t" time="0.00012516975402832" />
    <testcase name="Equals (309)" classname="spec_perl_TestIntegersDoubleOverflow_t" time="0.000149965286254883" />
    <testcase name="Equals (310)" classname="spec_perl_TestIntegersDoubleOverflow_t" time="0.000128030776977539" />
  </testsuite>
  <testsuite name="spec_perl_TestStrPadTermEmpty_t" errors="0" failures="0" skipped="0" tests="4" time="0.049638032913208">
    <system-out>1..4
ok 1 - Equals
ok 2 - Equals
ok 3 - Equals
ok 4 - Equals
</system-out>
    <testcase name="Equals (311)" classname="spec_perl_TestStrPadTermEmpty_t" time="0.000452041625976562" />
    <testcase name="Equals (312)" classname="spec_perl_TestStrPadTermEmpty_t" time="9.29832458496094e-05" />
    <testcase name="Equals (313)" classname="spec_perl_TestStrPadTermEmpty_t" time="7.51018524169922e-05" />
    <testcase name="Equals (314)" classname="spec_perl_TestStrPadTermEmpty_t" time="0.000277042388916016" />
  </testsuite>
  <testsuite name="spec_perl_TestParamsCallShort_t" errors="0" failures="3" skipped="0" tests="3" time="0.0573608875274658">
    <system-out>1..3
not ok 1 - Equals
not ok 2 - Equals
not ok 3 - Equals
</system-out>
    <testcase name="Equals (315)" classname="spec_perl_TestParamsCallShort_t" time="0.000643014907836914">
      <failure message="not ok 1 - Equals" type="TAP::Parser::Result::Test"></failure>
    </testcase>
    <testcase name="Equals (316)" classname="spec_perl_TestParamsCallShort_t" time="0.00138306617736816">
      <failure message="not ok 2 - Equals" type="TAP::Parser::Result::Test"></failure>
    </testcase>
    <testcase name="Equals (317)" classname="spec_perl_TestParamsCallShort_t" time="0.000932931900024414">
      <failure message="not ok 3 - Equals" type="TAP::Parser::Result::Test"></failure>
    </testcase>
  </testsuite>
  <testsuite name="spec_perl_TestIndexToParamExpr_t" errors="0" failures="2" skipped="0" tests="7" time="0.0621871948242188">
    <system-out>1..7
ok 1 - Equals
ok 2 - Equals
ok 3 - Equals
ok 4 - Equals
ok 5 - Equals
not ok 6 - Equals
not ok 7 - Equals
</system-out>
    <testcase name="Equals (318)" classname="spec_perl_TestIndexToParamExpr_t" time="0.00359201431274414" />
    <testcase name="Equals (319)" classname="spec_perl_TestIndexToParamExpr_t" time="0.000129938125610352" />
    <testcase name="Equals (320)" classname="spec_perl_TestIndexToParamExpr_t" time="4.60147857666016e-05" />
    <testcase name="Equals (321)" classname="spec_perl_TestIndexToParamExpr_t" time="0.00011897087097168" />
    <testcase name="Equals (322)" classname="spec_perl_TestIndexToParamExpr_t" time="8.392333984375e-05" />
    <testcase name="Equals (323)" classname="spec_perl_TestIndexToParamExpr_t" time="0.000192165374755859">
      <failure message="not ok 6 - Equals" type="TAP::Parser::Result::Test"></failure>
    </testcase>
    <testcase name="Equals (324)" classname="spec_perl_TestIndexToParamExpr_t" time="0.00337696075439453">
      <failure message="not ok 7 - Equals" type="TAP::Parser::Result::Test"></failure>
    </testcase>
  </testsuite>
  <testsuite name="spec_perl_TestNavParent3_t" errors="0" failures="0" skipped="0" tests="10" time="0.0510051250457764">
    <system-out>1..10
ok 1 - Equals
ok 2 - Equals
ok 3 - Equals
ok 4 - Equals
ok 5 - Equals
ok 6 - Equals
ok 7 - Equals
ok 8 - Equals
ok 9 - Equals
ok 10 - Equals
</system-out>
    <testcase name="Equals (325)" classname="spec_perl_TestNavParent3_t" time="0.000304937362670898" />
    <testcase name="Equals (326)" classname="spec_perl_TestNavParent3_t" time="7.98702239990234e-05" />
    <testcase name="Equals (327)" classname="spec_perl_TestNavParent3_t" time="0.000245094299316406" />
    <testcase name="Equals (328)" classname="spec_perl_TestNavParent3_t" time="8.60691070556641e-05" />
    <testcase name="Equals (329)" classname="spec_perl_TestNavParent3_t" time="0.000154972076416016" />
    <testcase name="Equals (330)" classname="spec_perl_TestNavParent3_t" time="0.000195026397705078" />
    <testcase name="Equals (331)" classname="spec_perl_TestNavParent3_t" time="0.000124931335449219" />
    <testcase name="Equals (332)" classname="spec_perl_TestNavParent3_t" time="0.000124931335449219" />
    <testcase name="Equals (333)" classname="spec_perl_TestNavParent3_t" time="0.000156164169311523" />
    <testcase name="Equals (334)" classname="spec_perl_TestNavParent3_t" time="0.000192880630493164" />
  </testsuite>
  <testsuite name="spec_perl_TestYamlInts_t" errors="0" failures="0" skipped="0" tests="4" time="0.0465672016143799">
    <system-out>1..4
ok 1 - Equals
ok 2 - Equals
ok 3 - Equals
ok 4 - Equals
</system-out>
    <testcase name="Equals (335)" classname="spec_perl_TestYamlInts_t" time="0.000342845916748047" />
    <testcase name="Equals (336)" classname="spec_perl_TestYamlInts_t" time="8.60691070556641e-05" />
    <testcase name="Equals (337)" classname="spec_perl_TestYamlInts_t" time="0.000185966491699219" />
    <testcase name="Equals (338)" classname="spec_perl_TestYamlInts_t" time="0.000159978866577148" />
  </testsuite>
  <testsuite name="spec_perl_TestImportsCircularA_t" errors="0" failures="0" skipped="0" tests="5" time="0.0469508171081543">
    <system-out>1..5
ok 1 - Equals
ok 2 - Equals
ok 3 - Equals
ok 4 - Equals
ok 5 - nil
</system-out>
    <testcase name="Equals (339)" classname="spec_perl_TestImportsCircularA_t" time="0.000300884246826172" />
    <testcase name="Equals (340)" classname="spec_perl_TestImportsCircularA_t" time="8.10623168945312e-05" />
    <testcase name="Equals (341)" classname="spec_perl_TestImportsCircularA_t" time="0.000119924545288086" />
    <testcase name="Equals (342)" classname="spec_perl_TestImportsCircularA_t" time="0.000141143798828125" />
    <testcase name="nil (342)" classname="spec_perl_TestImportsCircularA_t" time="5.88893890380859e-05" />
  </testsuite>
  <testsuite name="spec_perl_TestNestedTypes2_t" errors="0" failures="0" skipped="0" tests="7" time="0.0469570159912109">
    <system-out>1..7
ok 1 - Equals
ok 2 - Equals
ok 3 - Equals
ok 4 - Equals
ok 5 - Equals
ok 6 - Equals
ok 7 - Equals
</system-out>
    <testcase name="Equals (343)" classname="spec_perl_TestNestedTypes2_t" time="0.000386953353881836" />
    <testcase name="Equals (344)" classname="spec_perl_TestNestedTypes2_t" time="9.10758972167969e-05" />
    <testcase name="Equals (345)" classname="spec_perl_TestNestedTypes2_t" time="5.79357147216797e-05" />
    <testcase name="Equals (346)" classname="spec_perl_TestNestedTypes2_t" time="0.000146150588989258" />
    <testcase name="Equals (347)" classname="spec_perl_TestNestedTypes2_t" time="0.000126838684082031" />
    <testcase name="Equals (348)" classname="spec_perl_TestNestedTypes2_t" time="0.000143051147460938" />
    <testcase name="Equals (349)" classname="spec_perl_TestNestedTypes2_t" time="0.000252962112426758" />
  </testsuite>
  <testsuite name="spec_perl_TestDefaultEndianMod_t" errors="0" failures="0" skipped="0" tests="3" time="0.0460958480834961">
    <system-out>1..3
ok 1 - Equals
ok 2 - Equals
ok 3 - Equals
</system-out>
    <testcase name="Equals (350)" classname="spec_perl_TestDefaultEndianMod_t" time="0.000329017639160156" />
    <testcase name="Equals (351)" classname="spec_perl_TestDefaultEndianMod_t" time="9.10758972167969e-05" />
    <testcase name="Equals (352)" classname="spec_perl_TestDefaultEndianMod_t" time="0.000128984451293945" />
  </testsuite>
  <testsuite name="spec_perl_TestInstanceStd_t" errors="0" failures="0" skipped="0" tests="1" time="0.0524280071258545">
    <system-out>1..1
ok 1 - Equals
</system-out>
    <testcase name="Equals (353)" classname="spec_perl_TestInstanceStd_t" time="0.000331878662109375" />
  </testsuite>
  <testsuite name="spec_perl_TestParamsEnum_t" errors="0" failures="1" skipped="0" tests="2" time="0.066586971282959">
    <system-out>1..2
ok 1 - Equals
not ok 2 - Equals
</system-out>
    <testcase name="Equals (354)" classname="spec_perl_TestParamsEnum_t" time="0.000278949737548828" />
    <testcase name="Equals (355)" classname="spec_perl_TestParamsEnum_t" time="0.000236034393310547">
      <failure message="not ok 2 - Equals" type="TAP::Parser::Result::Test"></failure>
    </testcase>
  </testsuite>
  <testsuite name="spec_perl_TestTermBytes_t" errors="0" failures="0" skipped="0" tests="3" time="0.0469748973846436">
    <system-out>1..3
ok 1 - Equals
ok 2 - Equals
ok 3 - Equals
</system-out>
    <testcase name="Equals (356)" classname="spec_perl_TestTermBytes_t" time="0.000355005264282227" />
    <testcase name="Equals (357)" classname="spec_perl_TestTermBytes_t" time="0.000100851058959961" />
    <testcase name="Equals (358)" classname="spec_perl_TestTermBytes_t" time="6.91413879394531e-05" />
  </testsuite>
  <testsuite name="spec_perl_TestProcessCoerceUsertype1_t" errors="0" failures="0" skipped="0" tests="4" time="0.0466561317443848">
    <system-out>1..4
ok 1 - Equals
ok 2 - Equals
ok 3 - Equals
ok 4 - Equals
</system-out>
    <testcase name="Equals (359)" classname="spec_perl_TestProcessCoerceUsertype1_t" time="0.000729084014892578" />
    <testcase name="Equals (360)" classname="spec_perl_TestProcessCoerceUsertype1_t" time="0.000107049942016602" />
    <testcase name="Equals (361)" classname="spec_perl_TestProcessCoerceUsertype1_t" time="4.57763671875e-05" />
    <testcase name="Equals (362)" classname="spec_perl_TestProcessCoerceUsertype1_t" time="0.000141143798828125" />
  </testsuite>
  <testsuite name="spec_perl_TestProcessToUser_t" errors="0" failures="0" skipped="0" tests="1" time="0.0493860244750977">
    <system-out>1..1
ok 1 - Equals
</system-out>
    <testcase name="Equals (363)" classname="spec_perl_TestProcessToUser_t" time="0.000725030899047852" />
  </testsuite>
  <testsuite name="spec_perl_TestParamsPassBool_t" errors="0" failures="1" skipped="13" tests="14" time="0.052894115447998">
    <system-out>1..14
not ok 1 - test_params_pass_bool died (Requested 2 bytes, but got only 1 bytes at ../runtime/perl/lib/IO/KaitaiStruct.pm line 333.)
ok 2 # skip test_params_pass_bool died
ok 3 # skip test_params_pass_bool died
ok 4 # skip test_params_pass_bool died
ok 5 # skip test_params_pass_bool died
ok 6 # skip test_params_pass_bool died
ok 7 # skip test_params_pass_bool died
ok 8 # skip test_params_pass_bool died
ok 9 # skip test_params_pass_bool died
ok 10 # skip test_params_pass_bool died
ok 11 # skip test_params_pass_bool died
ok 12 # skip test_params_pass_bool died
ok 13 # skip test_params_pass_bool died
ok 14 # skip test_params_pass_bool died
</system-out>
    <testcase name="test_params_pass_bool died (Requested 2 bytes, but got only 1 bytes at ../runtime/perl/lib/IO/KaitaiStruct.pm line 333.) (363)" classname="spec_perl_TestParamsPassBool_t" time="0.00043797492980957">
      <failure message="not ok 1 - test_params_pass_bool died (Requested 2 bytes, but got only 1 bytes at ../runtime/perl/lib/IO/KaitaiStruct.pm line 333.)" type="TAP::Parser::Result::Test"></failure>
    </testcase>
    <testcase name="Unnamed test case 363" classname="spec_perl_TestParamsPassBool_t" time="0.00649595260620117">
      <skipped message="ok 2 # skip test_params_pass_bool died" />
    </testcase>
    <testcase name="Unnamed test case 364" classname="spec_perl_TestParamsPassBool_t" time="8.79764556884766e-05">
      <skipped message="ok 3 # skip test_params_pass_bool died" />
    </testcase>
    <testcase name="Unnamed test case 365" classname="spec_perl_TestParamsPassBool_t" time="4.41074371337891e-05">
      <skipped message="ok 4 # skip test_params_pass_bool died" />
    </testcase>
    <testcase name="Unnamed test case 366" classname="spec_perl_TestParamsPassBool_t" time="4.10079956054688e-05">
      <skipped message="ok 5 # skip test_params_pass_bool died" />
    </testcase>
    <testcase name="Unnamed test case 367" classname="spec_perl_TestParamsPassBool_t" time="5.00679016113281e-05">
      <skipped message="ok 6 # skip test_params_pass_bool died" />
    </testcase>
    <testcase name="Unnamed test case 368" classname="spec_perl_TestParamsPassBool_t" time="4.60147857666016e-05">
      <skipped message="ok 7 # skip test_params_pass_bool died" />
    </testcase>
    <testcase name="Unnamed test case 369" classname="spec_perl_TestParamsPassBool_t" time="3.88622283935547e-05">
      <skipped message="ok 8 # skip test_params_pass_bool died" />
    </testcase>
    <testcase name="Unnamed test case 370" classname="spec_perl_TestParamsPassBool_t" time="3.60012054443359e-05">
      <skipped message="ok 9 # skip test_params_pass_bool died" />
    </testcase>
    <testcase name="Unnamed test case 371" classname="spec_perl_TestParamsPassBool_t" time="6.89029693603516e-05">
      <skipped message="ok 10 # skip test_params_pass_bool died" />
    </testcase>
    <testcase name="Unnamed test case 372" classname="spec_perl_TestParamsPassBool_t" time="3.71932983398438e-05">
      <skipped message="ok 11 # skip test_params_pass_bool died" />
    </testcase>
    <testcase name="Unnamed test case 373" classname="spec_perl_TestParamsPassBool_t" time="4.10079956054688e-05">
      <skipped message="ok 12 # skip test_params_pass_bool died" />
    </testcase>
    <testcase name="Unnamed test case 374" classname="spec_perl_TestParamsPassBool_t" time="3.98159027099609e-05">
      <skipped message="ok 13 # skip test_params_pass_bool died" />
    </testcase>
    <testcase name="Unnamed test case 375" classname="spec_perl_TestParamsPassBool_t" time="3.814697265625e-05">
      <skipped message="ok 14 # skip test_params_pass_bool died" />
    </testcase>
  </testsuite>
  <testsuite name="spec_perl_TestRepeatUntilComplex_t" errors="0" failures="0" skipped="0" tests="17" time="0.0502951145172119">
    <system-out>1..17
ok 1 - Equals
ok 2 - Equals
ok 3 - Equals
ok 4 - Equals
ok 5 - Equals
ok 6 - Equals
ok 7 - Equals
ok 8 - Equals
ok 9 - Equals
ok 10 - Equals
ok 11 - Equals
ok 12 - Equals
ok 13 - Equals
ok 14 - Equals
ok 15 - Equals
ok 16 - Equals
ok 17 - Equals
</system-out>
    <testcase name="Equals (375)" classname="spec_perl_TestRepeatUntilComplex_t" time="0.000456094741821289" />
    <testcase name="Equals (376)" classname="spec_perl_TestRepeatUntilComplex_t" time="9.39369201660156e-05" />
    <testcase name="Equals (377)" classname="spec_perl_TestRepeatUntilComplex_t" time="0.000155925750732422" />
    <testcase name="Equals (378)" classname="spec_perl_TestRepeatUntilComplex_t" time="0.000124931335449219" />
    <testcase name="Equals (379)" classname="spec_perl_TestRepeatUntilComplex_t" time="0.000168085098266602" />
    <testcase name="Equals (380)" classname="spec_perl_TestRepeatUntilComplex_t" time="0.000104904174804688" />
    <testcase name="Equals (381)" classname="spec_perl_TestRepeatUntilComplex_t" time="9.20295715332031e-05" />
    <testcase name="Equals (382)" classname="spec_perl_TestRepeatUntilComplex_t" time="0.000153064727783203" />
    <testcase name="Equals (383)" classname="spec_perl_TestRepeatUntilComplex_t" time="0.000123023986816406" />
    <testcase name="Equals (384)" classname="spec_perl_TestRepeatUntilComplex_t" time="0.000164031982421875" />
    <testcase name="Equals (385)" classname="spec_perl_TestRepeatUntilComplex_t" time="0.000117063522338867" />
    <testcase name="Equals (386)" classname="spec_perl_TestRepeatUntilComplex_t" time="0.000165939331054688" />
    <testcase name="Equals (387)" classname="spec_perl_TestRepeatUntilComplex_t" time="0.000113964080810547" />
    <testcase name="Equals (388)" classname="spec_perl_TestRepeatUntilComplex_t" time="0.000150918960571289" />
    <testcase name="Equals (389)" classname="spec_perl_TestRepeatUntilComplex_t" time="0.00012516975402832" />
    <testcase name="Equals (390)" classname="spec_perl_TestRepeatUntilComplex_t" time="9.48905944824219e-05" />
    <testcase name="Equals (391)" classname="spec_perl_TestRepeatUntilComplex_t" time="0.00014805793762207" />
  </testsuite>
  <testsuite name="spec_perl_TestNestedTypes_t" errors="0" failures="0" skipped="0" tests="3" time="0.046097993850708">
    <system-out>1..3
ok 1 - Equals
ok 2 - Equals
ok 3 - Equals
</system-out>
    <testcase name="Equals (392)" classname="spec_perl_TestNestedTypes_t" time="0.000344038009643555" />
    <testcase name="Equals (393)" classname="spec_perl_TestNestedTypes_t" time="9.60826873779297e-05" />
    <testcase name="Equals (394)" classname="spec_perl_TestNestedTypes_t" time="5.60283660888672e-05" />
  </testsuite>
  <testsuite name="spec_perl_TestRepeatNStrz_t" errors="0" failures="0" skipped="0" tests="2" time="0.0497000217437744">
    <system-out>1..2
ok 1 - Equals
ok 2 - Equals
</system-out>
    <testcase name="Equals (395)" classname="spec_perl_TestRepeatNStrz_t" time="0.000401973724365234" />
    <testcase name="Equals (396)" classname="spec_perl_TestRepeatNStrz_t" time="0.000111103057861328" />
  </testsuite>
  <testsuite name="spec_perl_TestRepeatEosU4_t" errors="0" failures="0" skipped="0" tests="1" time="0.04563307762146">
    <system-out>1..1
ok 1 - Equals
</system-out>
    <testcase name="Equals (397)" classname="spec_perl_TestRepeatEosU4_t" time="0.00035405158996582" />
  </testsuite>
  <testsuite name="spec_perl_TestPositionAbs_t" errors="0" failures="0" skipped="0" tests="2" time="0.0503602027893066">
    <system-out>1..2
ok 1 - Equals
ok 2 - Equals
</system-out>
    <testcase name="Equals (398)" classname="spec_perl_TestPositionAbs_t" time="0.000337123870849609" />
    <testcase name="Equals (399)" classname="spec_perl_TestPositionAbs_t" time="0.000247001647949219" />
  </testsuite>
  <testsuite name="spec_perl_TestNestedSameName_t" errors="0" failures="0" skipped="0" tests="2" time="0.0460560321807861">
    <system-out>1..2
ok 1 - Equals
ok 2 - Equals
</system-out>
    <testcase name="Equals (400)" classname="spec_perl_TestNestedSameName_t" time="0.000332117080688477" />
    <testcase name="Equals (401)" classname="spec_perl_TestNestedSameName_t" time="8.67843627929688e-05" />
  </testsuite>
  <testsuite name="spec_perl_TestDocstringsDocrefMulti_t" errors="0" failures="0" skipped="1" tests="1" time="0.0468170642852783">
    <system-out>1..1
ok 1 # skip DocstringsDocrefMulti=HASH(0x142ab48)
</system-out>
    <testcase name="Unnamed test case 401" classname="spec_perl_TestDocstringsDocrefMulti_t" time="0.00146484375">
      <skipped message="ok 1 # skip DocstringsDocrefMulti=HASH(0x142ab48)" />
    </testcase>
  </testsuite>
  <testsuite name="spec_perl_TestExprArray_t" errors="0" failures="1" skipped="0" tests="15" time="0.0550949573516846">
    <system-out>1..15
ok 1 - Equals
ok 2 - Equals
ok 3 - Equals
ok 4 - Equals
ok 5 - Equals
ok 6 - Equals
ok 7 - Equals
ok 8 - Equals
not ok 9 - Equals
ok 10 - Equals
ok 11 - Equals
ok 12 - Equals
ok 13 - Equals
ok 14 - Equals
ok 15 - Equals
</system-out>
    <testcase name="Equals (402)" classname="spec_perl_TestExprArray_t" time="0.000467061996459961" />
    <testcase name="Equals (403)" classname="spec_perl_TestExprArray_t" time="9.39369201660156e-05" />
    <testcase name="Equals (404)" classname="spec_perl_TestExprArray_t" time="5.79357147216797e-05" />
    <testcase name="Equals (405)" classname="spec_perl_TestExprArray_t" time="0.000163078308105469" />
    <testcase name="Equals (406)" classname="spec_perl_TestExprArray_t" time="0.000113964080810547" />
    <testcase name="Equals (407)" classname="spec_perl_TestExprArray_t" time="0.000146150588989258" />
    <testcase name="Equals (408)" classname="spec_perl_TestExprArray_t" time="0.000177860260009766" />
    <testcase name="Equals (409)" classname="spec_perl_TestExprArray_t" time="0.000113964080810547" />
    <testcase name="Equals (410)" classname="spec_perl_TestExprArray_t" time="0.000266075134277344">
      <failure message="not ok 9 - Equals" type="TAP::Parser::Result::Test"></failure>
    </testcase>
    <testcase name="Equals (411)" classname="spec_perl_TestExprArray_t" time="0.0038750171661377" />
    <testcase name="Equals (412)" classname="spec_perl_TestExprArray_t" time="0.000113964080810547" />
    <testcase name="Equals (413)" classname="spec_perl_TestExprArray_t" time="4.60147857666016e-05" />
    <testcase name="Equals (414)" classname="spec_perl_TestExprArray_t" time="4.79221343994141e-05" />
    <testcase name="Equals (415)" classname="spec_perl_TestExprArray_t" time="3.71932983398438e-05" />
[...]
    <testcase name="Equals (817)" classname="spec_perl_TestCombineBytes_t" time="0.000115871429443359" />
    <testcase name="Equals (818)" classname="spec_perl_TestCombineBytes_t" time="0.000139951705932617" />
  </testsuite>
  <testsuite name="spec_perl_TestStrLiterals2_t" errors="0" failures="0" skipped="0" tests="4" time="0.0463080406188965">
    <system-out>1..4
ok 1 - Equals
ok 2 - Equals
ok 3 - Equals
ok 4 - Equals
</system-out>
    <testcase name="Equals (819)" classname="spec_perl_TestStrLiterals2_t" time="0.000344038009643555" />
    <testcase name="Equals (820)" classname="spec_perl_TestStrLiterals2_t" time="9.39369201660156e-05" />
    <testcase name="Equals (821)" classname="spec_perl_TestStrLiterals2_t" time="0.000186920166015625" />
    <testcase name="Equals (822)" classname="spec_perl_TestStrLiterals2_t" time="0.000123977661132812" />
  </testsuite>
  <testsuite name="spec_perl_TestSwitchManualEnumInvalid_t" errors="0" failures="0" skipped="0" tests="5" time="0.0498030185699463">
    <system-out>1..5
ok 1 - Equals
ok 2 - Equals
ok 3 - nil
ok 4 - Equals
ok 5 - nil
</system-out>
    <testcase name="Equals (823)" classname="spec_perl_TestSwitchManualEnumInvalid_t" time="0.000340938568115234" />
    <testcase name="Equals (824)" classname="spec_perl_TestSwitchManualEnumInvalid_t" time="0.000126838684082031" />
    <testcase name="nil (824)" classname="spec_perl_TestSwitchManualEnumInvalid_t" time="6.60419464111328e-05" />
    <testcase name="Equals (825)" classname="spec_perl_TestSwitchManualEnumInvalid_t" time="5.81741333007812e-05" />
    <testcase name="nil (825)" classname="spec_perl_TestSwitchManualEnumInvalid_t" time="6.69956207275391e-05" />
  </testsuite>
  <testsuite name="spec_perl_TestExprIntDiv_t" errors="0" failures="2" skipped="0" tests="6" time="0.0523281097412109">
    <system-out>1..6
ok 1 - Equals
ok 2 - Equals
ok 3 - Equals
not ok 4 - Equals
ok 5 - Equals
not ok 6 - Equals
</system-out>
    <testcase name="Equals (826)" classname="spec_perl_TestExprIntDiv_t" time="0.00030517578125" />
    <testcase name="Equals (827)" classname="spec_perl_TestExprIntDiv_t" time="8.89301300048828e-05" />
    <testcase name="Equals (828)" classname="spec_perl_TestExprIntDiv_t" time="0.000107049942016602" />
    <testcase name="Equals (829)" classname="spec_perl_TestExprIntDiv_t" time="0.000239849090576172">
      <failure message="not ok 4 - Equals" type="TAP::Parser::Result::Test"></failure>
    </testcase>
    <testcase name="Equals (830)" classname="spec_perl_TestExprIntDiv_t" time="0.00148200988769531" />
    <testcase name="Equals (831)" classname="spec_perl_TestExprIntDiv_t" time="9.01222229003906e-05">
      <failure message="not ok 6 - Equals" type="TAP::Parser::Result::Test"></failure>
    </testcase>
  </testsuite>
  <testsuite name="spec_perl_TestInstanceStdArray_t" errors="0" failures="0" skipped="0" tests="7" time="0.0468800067901611">
    <system-out>1..7
ok 1 - Equals
ok 2 - Equals
ok 3 - Equals
ok 4 - Equals
ok 5 - Equals
ok 6 - Equals
ok 7 - Equals
</system-out>
    <testcase name="Equals (832)" classname="spec_perl_TestInstanceStdArray_t" time="0.000272989273071289" />
    <testcase name="Equals (833)" classname="spec_perl_TestInstanceStdArray_t" time="8.51154327392578e-05" />
    <testcase name="Equals (834)" classname="spec_perl_TestInstanceStdArray_t" time="0.000151872634887695" />
    <testcase name="Equals (835)" classname="spec_perl_TestInstanceStdArray_t" time="0.000159025192260742" />
    <testcase name="Equals (836)" classname="spec_perl_TestInstanceStdArray_t" time="0.000108957290649414" />
    <testcase name="Equals (837)" classname="spec_perl_TestInstanceStdArray_t" time="0.000195026397705078" />
    <testcase name="Equals (838)" classname="spec_perl_TestInstanceStdArray_t" time="7.70092010498047e-05" />
  </testsuite>
  <testsuite name="spec_perl_TestSwitchManualEnumInvalidElse_t" errors="0" failures="0" skipped="0" tests="5" time="0.0497500896453857">
    <system-out>1..5
ok 1 - Equals
ok 2 - Equals
ok 3 - Equals
ok 4 - Equals
ok 5 - Equals
</system-out>
    <testcase name="Equals (839)" classname="spec_perl_TestSwitchManualEnumInvalidElse_t" time="0.00040888786315918" />
    <testcase name="Equals (840)" classname="spec_perl_TestSwitchManualEnumInvalidElse_t" time="9.20295715332031e-05" />
    <testcase name="Equals (841)" classname="spec_perl_TestSwitchManualEnumInvalidElse_t" time="7.60555267333984e-05" />
    <testcase name="Equals (842)" classname="spec_perl_TestSwitchManualEnumInvalidElse_t" time="0.000161886215209961" />
    <testcase name="Equals (843)" classname="spec_perl_TestSwitchManualEnumInvalidElse_t" time="0.000111103057861328" />
  </testsuite>
  <testsuite name="spec_perl_TestDocstrings_t" errors="0" failures="0" skipped="1" tests="1" time="0.0473239421844482">
    <system-out>1..1
ok 1 # skip Docstrings=HASH(0x17b5a38)
</system-out>
    <testcase name="Unnamed test case 843" classname="spec_perl_TestDocstrings_t" time="0.00141000747680664">
      <skipped message="ok 1 # skip Docstrings=HASH(0x17b5a38)" />
    </testcase>
  </testsuite>
  <testsuite name="spec_perl_TestPositionInSeq_t" errors="0" failures="0" skipped="0" tests="1" time="0.0460100173950195">
    <system-out>1..1
ok 1 - Equals
</system-out>
    <testcase name="Equals (844)" classname="spec_perl_TestPositionInSeq_t" time="0.000375032424926758" />
  </testsuite>
  <testsuite name="spec_perl_TestRepeatUntilCalcArrayType_t" errors="0" failures="0" skipped="0" tests="7" time="0.0485489368438721">
    <system-out>1..7
ok 1 - Equals
ok 2 - Equals
ok 3 - Equals
ok 4 - Equals
ok 5 - Equals
ok 6 - Equals
ok 7 - Equals
</system-out>
    <testcase name="Equals (845)" classname="spec_perl_TestRepeatUntilCalcArrayType_t" time="0.000857114791870117" />
    <testcase name="Equals (846)" classname="spec_perl_TestRepeatUntilCalcArrayType_t" time="0.000123977661132812" />
    <testcase name="Equals (847)" classname="spec_perl_TestRepeatUntilCalcArrayType_t" time="6.38961791992188e-05" />
    <testcase name="Equals (848)" classname="spec_perl_TestRepeatUntilCalcArrayType_t" time="0.000176906585693359" />
    <testcase name="Equals (849)" classname="spec_perl_TestRepeatUntilCalcArrayType_t" time="0.000153064727783203" />
    <testcase name="Equals (850)" classname="spec_perl_TestRepeatUntilCalcArrayType_t" time="0.000139951705932617" />
    <testcase name="Equals (851)" classname="spec_perl_TestRepeatUntilCalcArrayType_t" time="0.000147104263305664" />
  </testsuite>
  <testsuite name="spec_perl_TestSwitchManualIntSize_t" errors="0" failures="1" skipped="0" tests="10" time="0.0560269355773926">
    <system-out>1..10
ok 1 - Equals
ok 2 - Equals
ok 3 - Equals
ok 4 - Equals
ok 5 - Equals
not ok 6 - test switch manual int size
ok 7 - Equals
ok 8 - Equals
ok 9 - Equals
ok 10 - Equals
</system-out>
    <testcase name="Equals (852)" classname="spec_perl_TestSwitchManualIntSize_t" time="0.000837087631225586" />
    <testcase name="Equals (853)" classname="spec_perl_TestSwitchManualIntSize_t" time="0.000123023986816406" />
    <testcase name="Equals (854)" classname="spec_perl_TestSwitchManualIntSize_t" time="4.88758087158203e-05" />
    <testcase name="Equals (855)" classname="spec_perl_TestSwitchManualIntSize_t" time="5.69820404052734e-05" />
    <testcase name="Equals (856)" classname="spec_perl_TestSwitchManualIntSize_t" time="0.000158071517944336" />
    <testcase name="test switch manual int size (856)" classname="spec_perl_TestSwitchManualIntSize_t" time="0.00543308258056641">
      <failure message="not ok 6 - test switch manual int size" type="TAP::Parser::Result::Test"></failure>
    </testcase>
    <testcase name="Equals (857)" classname="spec_perl_TestSwitchManualIntSize_t" time="8.392333984375e-05" />
    <testcase name="Equals (858)" classname="spec_perl_TestSwitchManualIntSize_t" time="3.79085540771484e-05" />
    <testcase name="Equals (859)" classname="spec_perl_TestSwitchManualIntSize_t" time="3.50475311279297e-05" />
    <testcase name="Equals (860)" classname="spec_perl_TestSwitchManualIntSize_t" time="3.40938568115234e-05" />
  </testsuite>
  <testsuite name="spec_perl_TestParamsPassArrayUsertype_t" errors="0" failures="1" skipped="4" tests="5" time="0.0541708469390869">
    <system-out>1..5
not ok 1 - test_params_pass_array_usertype died (Can't use an undefined value as an ARRAY reference at compiled/perl/ParamsPassArrayUsertype.pm line 123.)
ok 2 # skip test_params_pass_array_usertype died
ok 3 # skip test_params_pass_array_usertype died
ok 4 # skip test_params_pass_array_usertype died
ok 5 # skip test_params_pass_array_usertype died
</system-out>
    <testcase name="test_params_pass_array_usertype died (Can't use an undefined value as an ARRAY reference at compiled/perl/ParamsPassArrayUsertype.pm line 123.) (860)" classname="spec_perl_TestParamsPassArrayUsertype_t" time="0.000456809997558594">
      <failure message="not ok 1 - test_params_pass_array_usertype died (Can't use an undefined value as an ARRAY reference at compiled/perl/ParamsPassArrayUsertype.pm line 123.)" type="TAP::Parser::Result::Test"></failure>
    </testcase>
    <testcase name="Unnamed test case 860" classname="spec_perl_TestParamsPassArrayUsertype_t" time="0.00390911102294922">
      <skipped message="ok 2 # skip test_params_pass_array_usertype died" />
    </testcase>
    <testcase name="Unnamed test case 861" classname="spec_perl_TestParamsPassArrayUsertype_t" time="0.000123023986816406">
      <skipped message="ok 3 # skip test_params_pass_array_usertype died" />
    </testcase>
    <testcase name="Unnamed test case 862" classname="spec_perl_TestParamsPassArrayUsertype_t" time="4.38690185546875e-05">
      <skipped message="ok 4 # skip test_params_pass_array_usertype died" />
    </testcase>
    <testcase name="Unnamed test case 863" classname="spec_perl_TestParamsPassArrayUsertype_t" time="5.19752502441406e-05">
      <skipped message="ok 5 # skip test_params_pass_array_usertype died" />
    </testcase>
  </testsuite>
  <testsuite name="spec_perl_TestRepeatNStruct_t" errors="0" failures="0" skipped="0" tests="5" time="0.0475590229034424">
    <system-out>1..5
ok 1 - Equals
ok 2 - Equals
ok 3 - Equals
ok 4 - Equals
ok 5 - Equals
</system-out>
    <testcase name="Equals (863)" classname="spec_perl_TestRepeatNStruct_t" time="0.00033116340637207" />
    <testcase name="Equals (864)" classname="spec_perl_TestRepeatNStruct_t" time="8.89301300048828e-05" />
    <testcase name="Equals (865)" classname="spec_perl_TestRepeatNStruct_t" time="0.00010991096496582" />
    <testcase name="Equals (866)" classname="spec_perl_TestRepeatNStruct_t" time="0.00014805793762207" />
    <testcase name="Equals (867)" classname="spec_perl_TestRepeatNStruct_t" time="0.000112056732177734" />
  </testsuite>
  <testsuite name="spec_perl_TestIntegers_t" errors="0" failures="0" skipped="0" tests="20" time="0.0485970973968506">
    <system-out>1..20
ok 1 - Equals
ok 2 - Equals
ok 3 - Equals
ok 4 - Equals
ok 5 - Equals
ok 6 - Equals
ok 7 - Equals
ok 8 - Equals
ok 9 - Equals
ok 10 - Equals
ok 11 - Equals
ok 12 - Equals
ok 13 - Equals
ok 14 - Equals
ok 15 - Equals
ok 16 - Equals
ok 17 - Equals
ok 18 - Equals
ok 19 - Equals
ok 20 - Equals
</system-out>
    <testcase name="Equals (868)" classname="spec_perl_TestIntegers_t" time="0.000330924987792969" />
    <testcase name="Equals (869)" classname="spec_perl_TestIntegers_t" time="8.41617584228516e-05" />
    <testcase name="Equals (870)" classname="spec_perl_TestIntegers_t" time="0.000128030776977539" />
    <testcase name="Equals (871)" classname="spec_perl_TestIntegers_t" time="0.000137805938720703" />
    <testcase name="Equals (872)" classname="spec_perl_TestIntegers_t" time="0.000138998031616211" />
    <testcase name="Equals (873)" classname="spec_perl_TestIntegers_t" time="0.000116109848022461" />
    <testcase name="Equals (874)" classname="spec_perl_TestIntegers_t" time="0.000142097473144531" />
    <testcase name="Equals (875)" classname="spec_perl_TestIntegers_t" time="0.000128984451293945" />
    <testcase name="Equals (876)" classname="spec_perl_TestIntegers_t" time="0.000123977661132812" />
    <testcase name="Equals (877)" classname="spec_perl_TestIntegers_t" time="0.000149011611938477" />
    <testcase name="Equals (878)" classname="spec_perl_TestIntegers_t" time="0.000111818313598633" />
    <testcase name="Equals (879)" classname="spec_perl_TestIntegers_t" time="0.0001220703125" />
    <testcase name="Equals (880)" classname="spec_perl_TestIntegers_t" time="0.000164985656738281" />
    <testcase name="Equals (881)" classname="spec_perl_TestIntegers_t" time="0.000105142593383789" />
    <testcase name="Equals (882)" classname="spec_perl_TestIntegers_t" time="0.000152826309204102" />
    <testcase name="Equals (883)" classname="spec_perl_TestIntegers_t" time="0.000115156173706055" />
    <testcase name="Equals (884)" classname="spec_perl_TestIntegers_t" time="0.000154018402099609" />
    <testcase name="Equals (885)" classname="spec_perl_TestIntegers_t" time="0.000120878219604492" />
    <testcase name="Equals (886)" classname="spec_perl_TestIntegers_t" time="0.000128984451293945" />
    <testcase name="Equals (887)" classname="spec_perl_TestIntegers_t" time="0.000117063522338867" />
  </testsuite>
  <testsuite name="spec_perl_TestProcessCustomNoArgs_t" errors="1" failures="0" skipped="0" tests="0" time="0.0499579906463623">
    <system-out></system-out>
    <testcase name="Test died too soon, even before plan. (887)" classname="spec_perl_TestProcessCustomNoArgs_t" time="0.0499579906463623">
      <failure message="The test suite died before a plan was produced. You need to have a plan." type="Plan">No plan</failure>
    </testcase>
  </testsuite>
  <testsuite name="spec_perl_TestNavParentSwitch_t" errors="0" failures="0" skipped="0" tests="3" time="0.0462350845336914">
    <system-out>1..3
ok 1 - Equals
ok 2 - Equals
ok 3 - Equals
</system-out>
    <testcase name="Equals (888)" classname="spec_perl_TestNavParentSwitch_t" time="0.000359058380126953" />
    <testcase name="Equals (889)" classname="spec_perl_TestNavParentSwitch_t" time="0.000101089477539062" />
    <testcase name="Equals (890)" classname="spec_perl_TestNavParentSwitch_t" time="5.79357147216797e-05" />
  </testsuite>
  <testsuite name="spec_perl_TestStrEncodingsDefault_t" errors="0" failures="0" skipped="0" tests="4" time="0.0536248683929443">
    <system-out>1..4
ok 1 - Equals
ok 2 - Equals
ok 3 - Equals
ok 4 - Equals
</system-out>
    <testcase name="Equals (891)" classname="spec_perl_TestStrEncodingsDefault_t" time="0.0038001537322998" />
    <testcase name="Equals (892)" classname="spec_perl_TestStrEncodingsDefault_t" time="0.000119924545288086" />
    <testcase name="Equals (893)" classname="spec_perl_TestStrEncodingsDefault_t" time="5.79357147216797e-05" />
    <testcase name="Equals (894)" classname="spec_perl_TestStrEncodingsDefault_t" time="0.000142097473144531" />
  </testsuite>
  <testsuite name="spec_perl_TestExpr3_t" errors="0" failures="0" skipped="0" tests="12" time="0.0513870716094971">
    <system-out>1..12
ok 1 - Equals
ok 2 - Equals
ok 3 - Equals
ok 4 - Equals
ok 5 - Equals
ok 6 - Equals
ok 7 - Equals
ok 8 - Equals
ok 9 - Equals
ok 10 - Equals
ok 11 - Equals
ok 12 - Equals
</system-out>
    <testcase name="Equals (895)" classname="spec_perl_TestExpr3_t" time="0.000355005264282227" />
    <testcase name="Equals (896)" classname="spec_perl_TestExpr3_t" time="8.48770141601562e-05" />
    <testcase name="Equals (897)" classname="spec_perl_TestExpr3_t" time="0.000162124633789062" />
    <testcase name="Equals (898)" classname="spec_perl_TestExpr3_t" time="9.48905944824219e-05" />
    <testcase name="Equals (899)" classname="spec_perl_TestExpr3_t" time="0.00014805793762207" />
    <testcase name="Equals (900)" classname="spec_perl_TestExpr3_t" time="0.000173091888427734" />
    <testcase name="Equals (901)" classname="spec_perl_TestExpr3_t" time="0.000122785568237305" />
    <testcase name="Equals (902)" classname="spec_perl_TestExpr3_t" time="0.00014805793762207" />
    <testcase name="Equals (903)" classname="spec_perl_TestExpr3_t" time="0.000121116638183594" />
    <testcase name="Equals (904)" classname="spec_perl_TestExpr3_t" time="0.0001678466796875" />
    <testcase name="Equals (905)" classname="spec_perl_TestExpr3_t" time="0.000115156173706055" />
    <testcase name="Equals (906)" classname="spec_perl_TestExpr3_t" time="0.000140905380249023" />
  </testsuite>
  <testsuite name="spec_perl_TestEnumIf_t" errors="0" failures="0" skipped="0" tests="7" time="0.0514960289001465">
    <system-out>1..7
ok 1 - Equals
ok 2 - Equals
ok 3 - Equals
ok 4 - Equals
ok 5 - Equals
ok 6 - Equals
ok 7 - Equals
</system-out>
    <testcase name="Equals (907)" classname="spec_perl_TestEnumIf_t" time="0.000478982925415039" />
    <testcase name="Equals (908)" classname="spec_perl_TestEnumIf_t" time="9.70363616943359e-05" />
    <testcase name="Equals (909)" classname="spec_perl_TestEnumIf_t" time="0.000128984451293945" />
    <testcase name="Equals (910)" classname="spec_perl_TestEnumIf_t" time="0.000154018402099609" />
    <testcase name="Equals (911)" classname="spec_perl_TestEnumIf_t" time="0.000140905380249023" />
    <testcase name="Equals (912)" classname="spec_perl_TestEnumIf_t" time="0.000144004821777344" />
    <testcase name="Equals (913)" classname="spec_perl_TestEnumIf_t" time="0.00014495849609375" />
  </testsuite>
  <testsuite name="spec_perl_TestExprSizeofValueSized_t" errors="0" failures="0" skipped="0" tests="5" time="0.0469789505004883">
    <system-out>1..5
ok 1 - Equals
ok 2 - Equals
ok 3 - Equals
ok 4 - Equals
ok 5 - Equals
</system-out>
    <testcase name="Equals (914)" classname="spec_perl_TestExprSizeofValueSized_t" time="0.000702857971191406" />
    <testcase name="Equals (915)" classname="spec_perl_TestExprSizeofValueSized_t" time="0.000105142593383789" />
    <testcase name="Equals (916)" classname="spec_perl_TestExprSizeofValueSized_t" time="5.69820404052734e-05" />
    <testcase name="Equals (917)" classname="spec_perl_TestExprSizeofValueSized_t" time="0.000113964080810547" />
    <testcase name="Equals (918)" classname="spec_perl_TestExprSizeofValueSized_t" time="0.000140905380249023" />
  </testsuite>
  <testsuite name="spec_perl_TestBcdUserTypeBe_t" errors="0" failures="0" skipped="0" tests="6" time="0.0439538955688477">
    <system-out>1..6
ok 1 - Equals
ok 2 - Equals
ok 3 - Equals
ok 4 - Equals
ok 5 - Equals
ok 6 - Equals
</system-out>
    <testcase name="Equals (919)" classname="spec_perl_TestBcdUserTypeBe_t" time="0.000559091567993164" />
    <testcase name="Equals (920)" classname="spec_perl_TestBcdUserTypeBe_t" time="0.000106096267700195" />
    <testcase name="Equals (921)" classname="spec_perl_TestBcdUserTypeBe_t" time="5.69820404052734e-05" />
    <testcase name="Equals (922)" classname="spec_perl_TestBcdUserTypeBe_t" time="0.000174999237060547" />
    <testcase name="Equals (923)" classname="spec_perl_TestBcdUserTypeBe_t" time="0.000147819519042969" />
    <testcase name="Equals (924)" classname="spec_perl_TestBcdUserTypeBe_t" time="0.000143051147460938" />
  </testsuite>
  <testsuite name="spec_perl_TestMetaXref_t" errors="0" failures="0" skipped="1" tests="1" time="0.0470011234283447">
    <system-out>1..1
ok 1 # skip MetaXref=HASH(0x1fec098)
</system-out>
    <testcase name="Unnamed test case 924" classname="spec_perl_TestMetaXref_t" time="0.00165486335754395">
      <skipped message="ok 1 # skip MetaXref=HASH(0x1fec098)" />
    </testcase>
  </testsuite>
  <testsuite name="spec_perl_TestValidLong_t" errors="0" failures="0" skipped="1" tests="1" time="0.0510389804840088">
    <system-out>1..1
ok 1 # skip ValidLong=HASH(0xfc85c8)
</system-out>
    <testcase name="Unnamed test case 925" classname="spec_perl_TestValidLong_t" time="0.0015571117401123">
      <skipped message="ok 1 # skip ValidLong=HASH(0xfc85c8)" />
    </testcase>
  </testsuite>
</testsuites>
