<?xml version='1.0' encoding='utf-8'?>
<testsuites>
  <testsuite name="spec_perl_TestNonStandard_t" errors="0" failures="0" skipped="0" tests="1" time="0.0420129299163818">
    <system-out>1..1
ok 1 - Equals
</system-out>
    <testcase name="Equals" classname="spec_perl_TestNonStandard_t" time="0.000164031982421875" />
  </testsuite>
  <testsuite name="spec_perl_TestDocstringsDocref_t" errors="0" failures="0" skipped="1" tests="1" time="0.0428428649902344">
    <system-out>1..1
ok 1 # skip DocstringsDocref=HASH(0x11a0b78)
</system-out>
    <testcase name="Unnamed test case 1" classname="spec_perl_TestDocstringsDocref_t" time="0.00115084648132324">
      <skipped message="ok 1 # skip DocstringsDocref=HASH(0x11a0b78)" />
    </testcase>
  </testsuite>
  <testsuite name="spec_perl_TestFixedContents_t" errors="1" failures="0" skipped="0" tests="0" time="0.0445139408111572">
    <system-out></system-out>
    <testcase name="Test died too soon, even before plan." classname="spec_perl_TestFixedContents_t" time="0.0445139408111572">
      <failure message="The test suite died before a plan was produced. You need to have a plan." type="Plan">No plan</failure>
    </testcase>
  </testsuite>
  <testsuite name="spec_perl_TestStrLiterals_t" errors="0" failures="0" skipped="0" tests="5" time="0.0429630279541016">
    <system-out>1..5
ok 1 - Equals
ok 2 - Equals
ok 3 - Equals
ok 4 - Equals
ok 5 - Equals
</system-out>
    <testcase name="Equals (2)" classname="spec_perl_TestStrLiterals_t" time="0.000226974487304688" />
    <testcase name="Equals (3)" classname="spec_perl_TestStrLiterals_t" time="8.10623168945312e-05" />
    <testcase name="Equals (4)" classname="spec_perl_TestStrLiterals_t" time="0.000160932540893555" />
    <testcase name="Equals (5)" classname="spec_perl_TestStrLiterals_t" time="0.000141143798828125" />
    <testcase name="Equals (6)" classname="spec_perl_TestStrLiterals_t" time="0.000169992446899414" />
  </testsuite>
  <testsuite name="spec_perl_TestEnumDeepLiterals_t" errors="0" failures="0" skipped="0" tests="2" time="0.0419487953186035">
    <system-out>1..2
ok 1 - Equals
ok 2 - Equals
</system-out>
    <testcase name="Equals (7)" classname="spec_perl_TestEnumDeepLiterals_t" time="0.000160932540893555" />
    <testcase name="Equals (8)" classname="spec_perl_TestEnumDeepLiterals_t" time="8.0108642578125e-05" />
  </testsuite>
  <testsuite name="spec_perl_TestExprIfIntOps_t" errors="0" failures="0" skipped="0" tests="2" time="0.0413060188293457">
    <system-out>1..2
ok 1 - Equals
ok 2 - Equals
</system-out>
    <testcase name="Equals (9)" classname="spec_perl_TestExprIfIntOps_t" time="0.000221967697143555" />
    <testcase name="Equals (10)" classname="spec_perl_TestExprIfIntOps_t" time="8.0108642578125e-05" />
  </testsuite>
  <testsuite name="spec_perl_TestBitsEnum_t" errors="0" failures="0" skipped="0" tests="3" time="0.0416619777679443">
    <system-out>1..3
ok 1 - Equals
ok 2 - Equals
ok 3 - Equals
</system-out>
    <testcase name="Equals (11)" classname="spec_perl_TestBitsEnum_t" time="0.000224113464355469" />
    <testcase name="Equals (12)" classname="spec_perl_TestBitsEnum_t" time="7.58171081542969e-05" />
    <testcase name="Equals (13)" classname="spec_perl_TestBitsEnum_t" time="0.000153064727783203" />
  </testsuite>
  <testsuite name="spec_perl_TestMultipleUse_t" errors="0" failures="0" skipped="0" tests="2" time="0.0422229766845703">
    <system-out>1..2
ok 1 - Equals
ok 2 - Equals
</system-out>
    <testcase name="Equals (14)" classname="spec_perl_TestMultipleUse_t" time="0.000240087509155273" />
    <testcase name="Equals (15)" classname="spec_perl_TestMultipleUse_t" time="0.00010991096496582" />
  </testsuite>
  <testsuite name="spec_perl_TestTypeTernary2ndFalsy_t" errors="0" failures="1" skipped="0" tests="13" time="0.044241189956665">
    <system-out>1..13
ok 1 - Equals
ok 2 - Equals
ok 3 - Equals
ok 4 - Approx equals
ok 5 - Approx equals
ok 6 - Equals
ok 7 - Equals
ok 8 - Equals
ok 9 - nil
ok 10 - Equals
ok 11 - Equals
ok 12 - Equals
not ok 13 - test_type_ternary_2nd_falsy died (Can't use an undefined value as an ARRAY reference at spec/perl/TestTypeTernary2ndFalsy.t line 27.)
</system-out>
    <testcase name="Equals (16)" classname="spec_perl_TestTypeTernary2ndFalsy_t" time="0.000247001647949219" />
    <testcase name="Equals (17)" classname="spec_perl_TestTypeTernary2ndFalsy_t" time="8.17775726318359e-05" />
    <testcase name="Equals (18)" classname="spec_perl_TestTypeTernary2ndFalsy_t" time="0.000141143798828125" />
    <testcase name="Approx equals (18)" classname="spec_perl_TestTypeTernary2ndFalsy_t" time="6.29425048828125e-05" />
    <testcase name="Approx equals (19)" classname="spec_perl_TestTypeTernary2ndFalsy_t" time="5.41210174560547e-05" />
    <testcase name="Equals (19)" classname="spec_perl_TestTypeTernary2ndFalsy_t" time="0.000111818313598633" />
    <testcase name="Equals (20)" classname="spec_perl_TestTypeTernary2ndFalsy_t" time="0.000138998031616211" />
    <testcase name="Equals (21)" classname="spec_perl_TestTypeTernary2ndFalsy_t" time="0.0001220703125" />
    <testcase name="nil (21)" classname="spec_perl_TestTypeTernary2ndFalsy_t" time="5.79357147216797e-05" />
    <testcase name="Equals (22)" classname="spec_perl_TestTypeTernary2ndFalsy_t" time="0.000145196914672852" />
    <testcase name="Equals (23)" classname="spec_perl_TestTypeTernary2ndFalsy_t" time="0.000128984451293945" />
    <testcase name="Equals (24)" classname="spec_perl_TestTypeTernary2ndFalsy_t" time="0.000145912170410156" />
    <testcase name="test_type_ternary_2nd_falsy died (Can't use an undefined value as an ARRAY reference at spec/perl/TestTypeTernary2ndFalsy.t line 27.) (24)" classname="spec_perl_TestTypeTernary2ndFalsy_t" time="0.000223875045776367">
      <failure message="not ok 13 - test_type_ternary_2nd_falsy died (Can't use an undefined value as an ARRAY reference at spec/perl/TestTypeTernary2ndFalsy.t line 27.)" type="TAP::Parser::Result::Test"></failure>
    </testcase>
  </testsuite>
  <testsuite name="spec_perl_TestNestedTypes_t" errors="0" failures="0" skipped="0" tests="3" time="0.0414009094238281">
    <system-out>1..3
ok 1 - Equals
ok 2 - Equals
ok 3 - Equals
</system-out>
    <testcase name="Equals (25)" classname="spec_perl_TestNestedTypes_t" time="0.000249147415161133" />
    <testcase name="Equals (26)" classname="spec_perl_TestNestedTypes_t" time="9.20295715332031e-05" />
    <testcase name="Equals (27)" classname="spec_perl_TestNestedTypes_t" time="0.000151872634887695" />
  </testsuite>
  <testsuite name="spec_perl_TestBcdUserTypeLe_t" errors="0" failures="0" skipped="0" tests="6" time="0.0440430641174316">
    <system-out>1..6
ok 1 - Equals
ok 2 - Equals
ok 3 - Equals
ok 4 - Equals
ok 5 - Equals
ok 6 - Equals
</system-out>
    <testcase name="Equals (28)" classname="spec_perl_TestBcdUserTypeLe_t" time="0.000561952590942383" />
    <testcase name="Equals (29)" classname="spec_perl_TestBcdUserTypeLe_t" time="9.20295715332031e-05" />
    <testcase name="Equals (30)" classname="spec_perl_TestBcdUserTypeLe_t" time="0.000111103057861328" />
    <testcase name="Equals (31)" classname="spec_perl_TestBcdUserTypeLe_t" time="0.000157833099365234" />
    <testcase name="Equals (32)" classname="spec_perl_TestBcdUserTypeLe_t" time="0.000153064727783203" />
    <testcase name="Equals (33)" classname="spec_perl_TestBcdUserTypeLe_t" time="0.000138044357299805" />
  </testsuite>
  <testsuite name="spec_perl_TestNavParentSwitchCast_t" errors="0" failures="0" skipped="0" tests="3" time="0.0421910285949707">
    <system-out>1..3
ok 1 - Equals
ok 2 - Equals
ok 3 - Equals
</system-out>
    <testcase name="Equals (34)" classname="spec_perl_TestNavParentSwitchCast_t" time="0.000481128692626953" />
    <testcase name="Equals (35)" classname="spec_perl_TestNavParentSwitchCast_t" time="8.17775726318359e-05" />
    <testcase name="Equals (36)" classname="spec_perl_TestNavParentSwitchCast_t" time="0.000189065933227539" />
  </testsuite>
  <testsuite name="spec_perl_TestDocstringsDocrefMulti_t" errors="0" failures="0" skipped="1" tests="1" time="0.0425939559936523">
    <system-out>1..1
ok 1 # skip DocstringsDocrefMulti=HASH(0x1a00598)
</system-out>
    <testcase name="Unnamed test case 36" classname="spec_perl_TestDocstringsDocrefMulti_t" time="0.00122904777526855">
      <skipped message="ok 1 # skip DocstringsDocrefMulti=HASH(0x1a00598)" />
    </testcase>
  </testsuite>
  <testsuite name="spec_perl_TestImportsAbsRel_t" errors="0" failures="0" skipped="0" tests="3" time="0.0419301986694336">
    <system-out>1..3
ok 1 - Equals
ok 2 - Equals
ok 3 - Equals
</system-out>
    <testcase name="Equals (37)" classname="spec_perl_TestImportsAbsRel_t" time="0.00027918815612793" />
    <testcase name="Equals (38)" classname="spec_perl_TestImportsAbsRel_t" time="8.79764556884766e-05" />
    <testcase name="Equals (39)" classname="spec_perl_TestImportsAbsRel_t" time="5.88893890380859e-05" />
  </testsuite>
  <testsuite name="spec_perl_TestSwitchRepeatExprInvalid_t" errors="0" failures="0" skipped="0" tests="3" time="0.0418660640716553">
    <system-out>1..3
ok 1 - Equals
ok 2 - Equals
ok 3 - Equals
</system-out>
    <testcase name="Equals (40)" classname="spec_perl_TestSwitchRepeatExprInvalid_t" time="0.000207901000976562" />
    <testcase name="Equals (41)" classname="spec_perl_TestSwitchRepeatExprInvalid_t" time="7.91549682617188e-05" />
    <testcase name="Equals (42)" classname="spec_perl_TestSwitchRepeatExprInvalid_t" time="0.00014495849609375" />
  </testsuite>
  <testsuite name="spec_perl_TestStrEos_t" errors="0" failures="0" skipped="0" tests="1" time="0.0440950393676758">
    <system-out>1..1
ok 1 - Equals
</system-out>
    <testcase name="Equals (43)" classname="spec_perl_TestStrEos_t" time="0.00026392936706543" />
  </testsuite>
  <testsuite name="spec_perl_TestExprArray_t" errors="0" failures="1" skipped="0" tests="15" time="0.0501708984375">
    <system-out>1..15
ok 1 - Equals
ok 2 - Equals
ok 3 - Equals
ok 4 - Equals
ok 5 - Equals
ok 6 - Equals
ok 7 - Equals
ok 8 - Equals
not ok 9 - Equals
ok 10 - Equals
ok 11 - Equals
ok 12 - Equals
ok 13 - Equals
ok 14 - Equals
ok 15 - Equals
</system-out>
    <testcase name="Equals (44)" classname="spec_perl_TestExprArray_t" time="0.000309944152832031" />
    <testcase name="Equals (45)" classname="spec_perl_TestExprArray_t" time="8.70227813720703e-05" />
    <testcase name="Equals (46)" classname="spec_perl_TestExprArray_t" time="8.29696655273438e-05" />
    <testcase name="Equals (47)" classname="spec_perl_TestExprArray_t" time="0.000153064727783203" />
    <testcase name="Equals (48)" classname="spec_perl_TestExprArray_t" time="0.000108957290649414" />
    <testcase name="Equals (49)" classname="spec_perl_TestExprArray_t" time="0.000149965286254883" />
    <testcase name="Equals (50)" classname="spec_perl_TestExprArray_t" time="0.000151157379150391" />
    <testcase name="Equals (51)" classname="spec_perl_TestExprArray_t" time="0.000125885009765625" />
    <testcase name="Equals (52)" classname="spec_perl_TestExprArray_t" time="0.000220060348510742">
      <failure message="not ok 9 - Equals" type="TAP::Parser::Result::Test"></failure>
    </testcase>
    <testcase name="Equals (53)" classname="spec_perl_TestExprArray_t" time="0.00378203392028809" />
    <testcase name="Equals (54)" classname="spec_perl_TestExprArray_t" time="4.60147857666016e-05" />
    <testcase name="Equals (55)" classname="spec_perl_TestExprArray_t" time="2.88486480712891e-05" />
    <testcase name="Equals (56)" classname="spec_perl_TestExprArray_t" time="2.50339508056641e-05" />
    <testcase name="Equals (57)" classname="spec_perl_TestExprArray_t" time="2.40802764892578e-05" />
    <testcase name="Equals (58)" classname="spec_perl_TestExprArray_t" time="3.50475311279297e-05" />
  </testsuite>
  <testsuite name="spec_perl_TestNestedSameName2_t" errors="0" failures="0" skipped="0" tests="5" time="0.0425219535827637">
    <system-out>1..5
ok 1 - Equals
ok 2 - Equals
ok 3 - Equals
ok 4 - Equals
ok 5 - Equals
</system-out>
    <testcase name="Equals (59)" classname="spec_perl_TestNestedSameName2_t" time="0.000252008438110352" />
    <testcase name="Equals (60)" classname="spec_perl_TestNestedSameName2_t" time="8.32080841064453e-05" />
    <testcase name="Equals (61)" classname="spec_perl_TestNestedSameName2_t" time="0.000133991241455078" />
    <testcase name="Equals (62)" classname="spec_perl_TestNestedSameName2_t" time="0.00011897087097168" />
    <testcase name="Equals (63)" classname="spec_perl_TestNestedSameName2_t" time="0.000136852264404297" />
  </testsuite>
  <testsuite name="spec_perl_TestPositionToEnd_t" errors="0" failures="0" skipped="0" tests="2" time="0.041903018951416">
    <system-out>1..2
ok 1 - Equals
ok 2 - Equals
</system-out>
    <testcase name="Equals (64)" classname="spec_perl_TestPositionToEnd_t" time="0.000232934951782227" />
    <testcase name="Equals (65)" classname="spec_perl_TestPositionToEnd_t" time="7.98702239990234e-05" />
  </testsuite>
  <testsuite name="spec_perl_TestValidSwitch_t" errors="1" failures="0" skipped="0" tests="0" time="0.0448100566864014">
    <system-out></system-out>
    <testcase name="Test died too soon, even before plan. (65)" classname="spec_perl_TestValidSwitch_t" time="0.0448100566864014">
      <failure message="The test suite died before a plan was produced. You need to have a plan." type="Plan">No plan</failure>
    </testcase>
  </testsuite>
  <testsuite name="spec_perl_TestIfInstances_t" errors="0" failures="0" skipped="0" tests="1" time="0.0415191650390625">
    <system-out>1..1
ok 1 - nil
</system-out>
    <testcase name="nil (65)" classname="spec_perl_TestIfInstances_t" time="0.000180959701538086" />
  </testsuite>
  <testsuite name="spec_perl_TestZlibSurrounded_t" errors="0" failures="0" skipped="0" tests="1" time="0.0616691112518311">
    <system-out>1..1
ok 1 - Equals
</system-out>
    <testcase name="Equals (66)" classname="spec_perl_TestZlibSurrounded_t" time="0.000496864318847656" />
  </testsuite>
  <testsuite name="spec_perl_TestIndexToParamEos_t" errors="0" failures="2" skipped="0" tests="7" time="0.0498690605163574">
    <system-out>1..7
ok 1 - Equals
ok 2 - Equals
ok 3 - Equals
ok 4 - Equals
ok 5 - Equals
not ok 6 - Equals
not ok 7 - Equals
</system-out>
    <testcase name="Equals (67)" classname="spec_perl_TestIndexToParamEos_t" time="0.00520491600036621" />
    <testcase name="Equals (68)" classname="spec_perl_TestIndexToParamEos_t" time="8.70227813720703e-05" />
    <testcase name="Equals (69)" classname="spec_perl_TestIndexToParamEos_t" time="4.79221343994141e-05" />
    <testcase name="Equals (70)" classname="spec_perl_TestIndexToParamEos_t" time="4.41074371337891e-05" />
    <testcase name="Equals (71)" classname="spec_perl_TestIndexToParamEos_t" time="8.60691070556641e-05" />
    <testcase name="Equals (72)" classname="spec_perl_TestIndexToParamEos_t" time="7.48634338378906e-05">
      <failure message="not ok 6 - Equals" type="TAP::Parser::Result::Test"></failure>
    </testcase>
    <testcase name="Equals (73)" classname="spec_perl_TestIndexToParamEos_t" time="7.51018524169922e-05">
      <failure message="not ok 7 - Equals" type="TAP::Parser::Result::Test"></failure>
    </testcase>
  </testsuite>
  <testsuite name="spec_perl_TestSwitchManualStrElse_t" errors="0" failures="0" skipped="0" tests="9" time="0.0461468696594238">
    <system-out>1..9
ok 1 - Equals
ok 2 - Equals
ok 3 - Equals
ok 4 - Equals
ok 5 - Equals
ok 6 - Equals
ok 7 - Equals
ok 8 - Equals
ok 9 - Equals
</system-out>
    <testcase name="Equals (74)" classname="spec_perl_TestSwitchManualStrElse_t" time="0.000308990478515625" />
    <testcase name="Equals (75)" classname="spec_perl_TestSwitchManualStrElse_t" time="8.48770141601562e-05" />
    <testcase name="Equals (76)" classname="spec_perl_TestSwitchManualStrElse_t" time="0.000138044357299805" />
    <testcase name="Equals (77)" classname="spec_perl_TestSwitchManualStrElse_t" time="0.000127077102661133" />
    <testcase name="Equals (78)" classname="spec_perl_TestSwitchManualStrElse_t" time="0.000125885009765625" />
    <testcase name="Equals (79)" classname="spec_perl_TestSwitchManualStrElse_t" time="0.000135183334350586" />
    <testcase name="Equals (80)" classname="spec_perl_TestSwitchManualStrElse_t" time="0.000120878219604492" />
    <testcase name="Equals (81)" classname="spec_perl_TestSwitchManualStrElse_t" time="0.000150918960571289" />
    <testcase name="Equals (82)" classname="spec_perl_TestSwitchManualStrElse_t" time="0.000130176544189453" />
  </testsuite>
  <testsuite name="spec_perl_TestEnumToI_t" errors="0" failures="0" skipped="0" tests="5" time="0.0420899391174316">
    <system-out>1..5
ok 1 - Equals
ok 2 - Equals
ok 3 - Equals
ok 4 - Equals
ok 5 - Equals
</system-out>
    <testcase name="Equals (83)" classname="spec_perl_TestEnumToI_t" time="0.000153064727783203" />
    <testcase name="Equals (84)" classname="spec_perl_TestEnumToI_t" time="6.4849853515625e-05" />
    <testcase name="Equals (85)" classname="spec_perl_TestEnumToI_t" time="0.000128984451293945" />
    <testcase name="Equals (86)" classname="spec_perl_TestEnumToI_t" time="0.000123977661132812" />
    <testcase name="Equals (87)" classname="spec_perl_TestEnumToI_t" time="0.000132083892822266" />
  </testsuite>
  <testsuite name="spec_perl_TestNestedTypes2_t" errors="0" failures="0" skipped="0" tests="7" time="0.0425739288330078">
    <system-out>1..7
ok 1 - Equals
ok 2 - Equals
ok 3 - Equals
ok 4 - Equals
ok 5 - Equals
ok 6 - Equals
ok 7 - Equals
</system-out>
    <testcase name="Equals (88)" classname="spec_perl_TestNestedTypes2_t" time="0.000245094299316406" />
    <testcase name="Equals (89)" classname="spec_perl_TestNestedTypes2_t" time="8.10623168945312e-05" />
    <testcase name="Equals (90)" classname="spec_perl_TestNestedTypes2_t" time="0.000152826309204102" />
    <testcase name="Equals (91)" classname="spec_perl_TestNestedTypes2_t" time="8.60691070556641e-05" />
    <testcase name="Equals (92)" classname="spec_perl_TestNestedTypes2_t" time="0.000142097473144531" />
    <testcase name="Equals (93)" classname="spec_perl_TestNestedTypes2_t" time="0.000110864639282227" />
    <testcase name="Equals (94)" classname="spec_perl_TestNestedTypes2_t" time="0.00014495849609375" />
  </testsuite>
  <testsuite name="spec_perl_TestDefaultEndianExprIsLe_t" errors="0" failures="0" skipped="0" tests="12" time="0.0435540676116943">
    <system-out>1..12
ok 1 - Equals
ok 2 - Equals
ok 3 - Equals
ok 4 - Equals
ok 5 - Equals
ok 6 - Equals
ok 7 - Equals
ok 8 - Equals
ok 9 - Equals
ok 10 - Equals
ok 11 - Equals
ok 12 - Equals
</system-out>
    <testcase name="Equals (95)" classname="spec_perl_TestDefaultEndianExprIsLe_t" time="0.000273942947387695" />
    <testcase name="Equals (96)" classname="spec_perl_TestDefaultEndianExprIsLe_t" time="8.41617584228516e-05" />
    <testcase name="Equals (97)" classname="spec_perl_TestDefaultEndianExprIsLe_t" time="8.29696655273438e-05" />
    <testcase name="Equals (98)" classname="spec_perl_TestDefaultEndianExprIsLe_t" time="0.00014805793762207" />
    <testcase name="Equals (99)" classname="spec_perl_TestDefaultEndianExprIsLe_t" time="0.000128030776977539" />
    <testcase name="Equals (100)" classname="spec_perl_TestDefaultEndianExprIsLe_t" time="0.000114917755126953" />
    <testcase name="Equals (101)" classname="spec_perl_TestDefaultEndianExprIsLe_t" time="0.000153064727783203" />
    <testcase name="Equals (102)" classname="spec_perl_TestDefaultEndianExprIsLe_t" time="0.000108957290649414" />
    <testcase name="Equals (103)" classname="spec_perl_TestDefaultEndianExprIsLe_t" time="0.000120878219604492" />
    <testcase name="Equals (104)" classname="spec_perl_TestDefaultEndianExprIsLe_t" time="0.00014495849609375" />
    <testcase name="Equals (105)" classname="spec_perl_TestDefaultEndianExprIsLe_t" time="0.000115156173706055" />
    <testcase name="Equals (106)" classname="spec_perl_TestDefaultEndianExprIsLe_t" time="0.00014185905456543" />
  </testsuite>
  <testsuite name="spec_perl_TestRepeatEosStruct_t" errors="0" failures="0" skipped="0" tests="5" time="0.0419249534606934">
    <system-out>1..5
ok 1 - Equals
ok 2 - Equals
ok 3 - Equals
ok 4 - Equals
ok 5 - Equals
</system-out>
    <testcase name="Equals (107)" classname="spec_perl_TestRepeatEosStruct_t" time="0.000230073928833008" />
    <testcase name="Equals (108)" classname="spec_perl_TestRepeatEosStruct_t" time="8.10623168945312e-05" />
    <testcase name="Equals (109)" classname="spec_perl_TestRepeatEosStruct_t" time="0.000125885009765625" />
    <testcase name="Equals (110)" classname="spec_perl_TestRepeatEosStruct_t" time="0.000124931335449219" />
    <testcase name="Equals (111)" classname="spec_perl_TestRepeatEosStruct_t" time="0.00012516975402832" />
  </testsuite>
  <testsuite name="spec_perl_TestNavParentSwitch_t" errors="0" failures="0" skipped="0" tests="3" time="0.0415689945220947">
    <system-out>1..3
ok 1 - Equals
ok 2 - Equals
ok 3 - Equals
</system-out>
    <testcase name="Equals (112)" classname="spec_perl_TestNavParentSwitch_t" time="0.000242948532104492" />
    <testcase name="Equals (113)" classname="spec_perl_TestNavParentSwitch_t" time="7.91549682617188e-05" />
    <testcase name="Equals (114)" classname="spec_perl_TestNavParentSwitch_t" time="0.000142812728881836" />
  </testsuite>
  <testsuite name="spec_perl_TestImportsCircularA_t" errors="0" failures="0" skipped="0" tests="5" time="0.0421891212463379">
    <system-out>1..5
ok 1 - Equals
ok 2 - Equals
ok 3 - Equals
ok 4 - Equals
ok 5 - nil
</system-out>
    <testcase name="Equals (115)" classname="spec_perl_TestImportsCircularA_t" time="0.000186920166015625" />
    <testcase name="Equals (116)" classname="spec_perl_TestImportsCircularA_t" time="7.89165496826172e-05" />
    <testcase name="Equals (117)" classname="spec_perl_TestImportsCircularA_t" time="0.000149011611938477" />
    <testcase name="Equals (118)" classname="spec_perl_TestImportsCircularA_t" time="0.000121116638183594" />
    <testcase name="nil (118)" classname="spec_perl_TestImportsCircularA_t" time="6.29425048828125e-05" />
  </testsuite>
  <testsuite name="spec_perl_TestIndexSizes_t" errors="0" failures="0" skipped="0" tests="7" time="0.0457630157470703">
    <system-out>1..7
ok 1 - Equals
ok 2 - Equals
ok 3 - Equals
ok 4 - Equals
ok 5 - Equals
ok 6 - Equals
ok 7 - Equals
</system-out>
    <testcase name="Equals (119)" classname="spec_perl_TestIndexSizes_t" time="0.000237941741943359" />
    <testcase name="Equals (120)" classname="spec_perl_TestIndexSizes_t" time="7.91549682617188e-05" />
    <testcase name="Equals (121)" classname="spec_perl_TestIndexSizes_t" time="0.000116825103759766" />
    <testcase name="Equals (122)" classname="spec_perl_TestIndexSizes_t" time="0.000128984451293945" />
    <testcase name="Equals (123)" classname="spec_perl_TestIndexSizes_t" time="0.000138044357299805" />
    <testcase name="Equals (124)" classname="spec_perl_TestIndexSizes_t" time="0.00011897087097168" />
    <testcase name="Equals (125)" classname="spec_perl_TestIndexSizes_t" time="0.000132083892822266" />
  </testsuite>
  <testsuite name="spec_perl_TestDebugSwitchUser_t" errors="1" failures="0" skipped="0" tests="0" time="0.0520641803741455">
    <system-out></system-out>
    <testcase name="Test died too soon, even before plan. (125)" classname="spec_perl_TestDebugSwitchUser_t" time="0.0520641803741455">
      <failure message="The test suite died before a plan was produced. You need to have a plan." type="Plan">No plan</failure>
    </testcase>
  </testsuite>
  <testsuite name="spec_perl_TestEnumLongRangeU_t" errors="0" failures="0" skipped="0" tests="4" time="0.0419740676879883">
    <system-out>1..4
ok 1 - Equals
ok 2 - Equals
ok 3 - Equals
ok 4 - Equals
</system-out>
    <testcase name="Equals (126)" classname="spec_perl_TestEnumLongRangeU_t" time="0.000211954116821289" />
    <testcase name="Equals (127)" classname="spec_perl_TestEnumLongRangeU_t" time="7.29560852050781e-05" />
    <testcase name="Equals (128)" classname="spec_perl_TestEnumLongRangeU_t" time="0.000141143798828125" />
    <testcase name="Equals (129)" classname="spec_perl_TestEnumLongRangeU_t" time="0.00011897087097168" />
  </testsuite>
  <testsuite name="spec_perl_TestBitsSimpleLe_t" errors="0" failures="0" skipped="0" tests="14" time="0.0428071022033691">
    <system-out>1..14
ok 1 - Equals
ok 2 - Equals
ok 3 - Equals
ok 4 - Equals
ok 5 - Equals
ok 6 - Equals
ok 7 - Equals
ok 8 - Equals
ok 9 - Equals
ok 10 - Equals
ok 11 - Equals
ok 12 - Equals
ok 13 - Equals
ok 14 - Equals
</system-out>
    <testcase name="Equals (130)" classname="spec_perl_TestBitsSimpleLe_t" time="0.000262975692749023" />
    <testcase name="Equals (131)" classname="spec_perl_TestBitsSimpleLe_t" time="7.51018524169922e-05" />
    <testcase name="Equals (132)" classname="spec_perl_TestBitsSimpleLe_t" time="0.000140905380249023" />
    <testcase name="Equals (133)" classname="spec_perl_TestBitsSimpleLe_t" time="0.000145912170410156" />
    <testcase name="Equals (134)" classname="spec_perl_TestBitsSimpleLe_t" time="0.000149011611938477" />
    <testcase name="Equals (135)" classname="spec_perl_TestBitsSimpleLe_t" time="0.000128030776977539" />
    <testcase name="Equals (136)" classname="spec_perl_TestBitsSimpleLe_t" time="0.00014805793762207" />
    <testcase name="Equals (137)" classname="spec_perl_TestBitsSimpleLe_t" time="0.000132083892822266" />
    <testcase name="Equals (138)" classname="spec_perl_TestBitsSimpleLe_t" time="0.000113010406494141" />
    <testcase name="Equals (139)" classname="spec_perl_TestBitsSimpleLe_t" time="0.000142812728881836" />
    <testcase name="Equals (140)" classname="spec_perl_TestBitsSimpleLe_t" time="0.000121116638183594" />
    <testcase name="Equals (141)" classname="spec_perl_TestBitsSimpleLe_t" time="0.000143051147460938" />
    <testcase name="Equals (142)" classname="spec_perl_TestBitsSimpleLe_t" time="0.000128030776977539" />
    <testcase name="Equals (143)" classname="spec_perl_TestBitsSimpleLe_t" time="0.000124931335449219" />
  </testsuite>
  <testsuite name="spec_perl_TestProcessCustomNoArgs_t" errors="1" failures="0" skipped="0" tests="0" time="0.0416290760040283">
    <system-out></system-out>
    <testcase name="Test died too soon, even before plan. (143)" classname="spec_perl_TestProcessCustomNoArgs_t" time="0.0416290760040283">
      <failure message="The test suite died before a plan was produced. You need to have a plan." type="Plan">No plan</failure>
    </testcase>
  </testsuite>
  <testsuite name="spec_perl_TestProcessCoerceUsertype2_t" errors="0" failures="0" skipped="0" tests="4" time="0.0427989959716797">
    <system-out>1..4
ok 1 - Equals
ok 2 - Equals
ok 3 - Equals
ok 4 - Equals
</system-out>
    <testcase name="Equals (144)" classname="spec_perl_TestProcessCoerceUsertype2_t" time="0.00046992301940918" />
    <testcase name="Equals (145)" classname="spec_perl_TestProcessCoerceUsertype2_t" time="9.01222229003906e-05" />
    <testcase name="Equals (146)" classname="spec_perl_TestProcessCoerceUsertype2_t" time="5.79357147216797e-05" />
    <testcase name="Equals (147)" classname="spec_perl_TestProcessCoerceUsertype2_t" time="0.000159025192260742" />
  </testsuite>
  <testsuite name="spec_perl_TestIfValues_t" errors="0" failures="0" skipped="0" tests="6" time="0.0424978733062744">
    <system-out>1..6
ok 1 - Equals
ok 2 - Equals
ok 3 - Equals
ok 4 - nil
ok 5 - Equals
ok 6 - nil
</system-out>
    <testcase name="Equals (148)" classname="spec_perl_TestIfValues_t" time="0.000231027603149414" />
    <testcase name="Equals (149)" classname="spec_perl_TestIfValues_t" time="8.10623168945312e-05" />
    <testcase name="Equals (150)" classname="spec_perl_TestIfValues_t" time="0.000114917755126953" />
    <testcase name="nil (150)" classname="spec_perl_TestIfValues_t" time="6.19888305664062e-05" />
    <testcase name="Equals (151)" classname="spec_perl_TestIfValues_t" time="0.000133991241455078" />
    <testcase name="nil (151)" classname="spec_perl_TestIfValues_t" time="6.103515625e-05" />
  </testsuite>
  <testsuite name="spec_perl_TestBitsSeqEndianCombo_t" errors="0" failures="0" skipped="0" tests="8" time="0.0418989658355713">
    <system-out>1..8
ok 1 - Equals
ok 2 - Equals
ok 3 - Equals
ok 4 - Equals
ok 5 - Equals
ok 6 - Equals
ok 7 - Equals
ok 8 - Equals
</system-out>
    <testcase name="Equals (152)" classname="spec_perl_TestBitsSeqEndianCombo_t" time="0.000237941741943359" />
    <testcase name="Equals (153)" classname="spec_perl_TestBitsSeqEndianCombo_t" time="7.79628753662109e-05" />
    <testcase name="Equals (154)" classname="spec_perl_TestBitsSeqEndianCombo_t" time="0.000146150588989258" />
    <testcase name="Equals (155)" classname="spec_perl_TestBitsSeqEndianCombo_t" time="0.000126838684082031" />
    <testcase name="Equals (156)" classname="spec_perl_TestBitsSeqEndianCombo_t" time="0.000135183334350586" />
    <testcase name="Equals (157)" classname="spec_perl_TestBitsSeqEndianCombo_t" time="0.000124931335449219" />
    <testcase name="Equals (158)" classname="spec_perl_TestBitsSeqEndianCombo_t" time="0.000123023986816406" />
    <testcase name="Equals (159)" classname="spec_perl_TestBitsSeqEndianCombo_t" time="0.000126838684082031" />
  </testsuite>
  <testsuite name="spec_perl_TestExprIoEof_t" errors="0" failures="0" skipped="0" tests="4" time="0.0426270961761475">
    <system-out>1..4
ok 1 - Equals
ok 2 - nil
ok 3 - Equals
ok 4 - Equals
</system-out>
    <testcase name="Equals (160)" classname="spec_perl_TestExprIoEof_t" time="0.000445842742919922" />
    <testcase name="nil (160)" classname="spec_perl_TestExprIoEof_t" time="8.41617584228516e-05" />
    <testcase name="Equals (161)" classname="spec_perl_TestExprIoEof_t" time="5.69820404052734e-05" />
    <testcase name="Equals (162)" classname="spec_perl_TestExprIoEof_t" time="0.000125885009765625" />
  </testsuite>
  <testsuite name="spec_perl_TestSwitchManualEnumInvalid_t" errors="0" failures="0" skipped="0" tests="5" time="0.0448691844940186">
    <system-out>1..5
ok 1 - Equals
ok 2 - Equals
ok 3 - nil
ok 4 - Equals
ok 5 - nil
</system-out>
    <testcase name="Equals (163)" classname="spec_perl_TestSwitchManualEnumInvalid_t" time="0.000248908996582031" />
    <testcase name="Equals (164)" classname="spec_perl_TestSwitchManualEnumInvalid_t" time="7.91549682617188e-05" />
    <testcase name="nil (164)" classname="spec_perl_TestSwitchManualEnumInvalid_t" time="5.88893890380859e-05" />
    <testcase name="Equals (165)" classname="spec_perl_TestSwitchManualEnumInvalid_t" time="0.000143051147460938" />
    <testcase name="nil (165)" classname="spec_perl_TestSwitchManualEnumInvalid_t" time="6.103515625e-05" />
  </testsuite>
  <testsuite name="spec_perl_TestSwitchBytearray_t" errors="0" failures="0" skipped="0" tests="9" time="0.0449628829956055">
    <system-out>1..9
ok 1 - Equals
ok 2 - Equals
ok 3 - Equals
ok 4 - Equals
ok 5 - Equals
ok 6 - Equals
ok 7 - Equals
ok 8 - Equals
ok 9 - Equals
</system-out>
    <testcase name="Equals (166)" classname="spec_perl_TestSwitchBytearray_t" time="0.000277996063232422" />
    <testcase name="Equals (167)" classname="spec_perl_TestSwitchBytearray_t" time="7.70092010498047e-05" />
    <testcase name="Equals (168)" classname="spec_perl_TestSwitchBytearray_t" time="0.00014495849609375" />
    <testcase name="Equals (169)" classname="spec_perl_TestSwitchBytearray_t" time="0.000128030776977539" />
    <testcase name="Equals (170)" classname="spec_perl_TestSwitchBytearray_t" time="0.000116109848022461" />
    <testcase name="Equals (171)" classname="spec_perl_TestSwitchBytearray_t" time="0.000149011611938477" />
    <testcase name="Equals (172)" classname="spec_perl_TestSwitchBytearray_t" time="0.000111818313598633" />
    <testcase name="Equals (173)" classname="spec_perl_TestSwitchBytearray_t" time="0.000158071517944336" />
    <testcase name="Equals (174)" classname="spec_perl_TestSwitchBytearray_t" time="0.000118017196655273" />
  </testsuite>
  <testsuite name="spec_perl_TestStrPadTermEmpty_t" errors="0" failures="0" skipped="0" tests="4" time="0.0442969799041748">
    <system-out>1..4
ok 1 - Equals
ok 2 - Equals
ok 3 - Equals
ok 4 - Equals
</system-out>
    <testcase name="Equals (175)" classname="spec_perl_TestStrPadTermEmpty_t" time="0.000299930572509766" />
    <testcase name="Equals (176)" classname="spec_perl_TestStrPadTermEmpty_t" time="7.41481781005859e-05" />
    <testcase name="Equals (177)" classname="spec_perl_TestStrPadTermEmpty_t" time="0.00011897087097168" />
    <testcase name="Equals (178)" classname="spec_perl_TestStrPadTermEmpty_t" time="0.000133991241455078" />
  </testsuite>
  <testsuite name="spec_perl_TestProcessCustom_t" errors="1" failures="0" skipped="0" tests="0" time="0.0439138412475586">
    <system-out></system-out>
    <testcase name="Test died too soon, even before plan. (178)" classname="spec_perl_TestProcessCustom_t" time="0.0439138412475586">
      <failure message="The test suite died before a plan was produced. You need to have a plan." type="Plan">No plan</failure>
    </testcase>
  </testsuite>
  <testsuite name="spec_perl_TestPositionInSeq_t" errors="0" failures="0" skipped="0" tests="1" time="0.0410890579223633">
    <system-out>1..1
ok 1 - Equals
</system-out>
    <testcase name="Equals (179)" classname="spec_perl_TestPositionInSeq_t" time="0.000234842300415039" />
  </testsuite>
  <testsuite name="spec_perl_TestParamsPassStruct_t" errors="0" failures="1" skipped="1" tests="4" time="0.0458910465240479">
    <system-out>1..4
ok 1 - Equals
ok 2 - Equals
not ok 3 - test_params_pass_struct died (Can't call method &quot;foo&quot; on an undefined value at spec/perl/TestParamsPassStruct.t line 17.)
ok 4 # skip test_params_pass_struct died
</system-out>
    <testcase name="Equals (180)" classname="spec_perl_TestParamsPassStruct_t" time="0.000244855880737305" />
    <testcase name="Equals (181)" classname="spec_perl_TestParamsPassStruct_t" time="7.60555267333984e-05" />
    <testcase name="test_params_pass_struct died (Can't call method &quot;foo&quot; on an undefined value at spec/perl/TestParamsPassStruct.t line 17.) (181)" classname="spec_perl_TestParamsPassStruct_t" time="0.000222921371459961">
      <failure message="not ok 3 - test_params_pass_struct died (Can't call method &quot;foo&quot; on an undefined value at spec/perl/TestParamsPassStruct.t line 17.)" type="TAP::Parser::Result::Test"></failure>
    </testcase>
    <testcase name="Unnamed test case 181" classname="spec_perl_TestParamsPassStruct_t" time="0.00149798393249512">
      <skipped message="ok 4 # skip test_params_pass_struct died" />
    </testcase>
  </testsuite>
  <testsuite name="spec_perl_TestDebug0_t" errors="0" failures="0" skipped="1" tests="1" time="0.0412039756774902">
    <system-out>1..1
ok 1 # skip test_debug_0
</system-out>
    <testcase name="Unnamed test case 182" classname="spec_perl_TestDebug0_t" time="0.000235080718994141">
      <skipped message="ok 1 # skip test_debug_0" />
    </testcase>
  </testsuite>
  <testsuite name="spec_perl_TestRepeatNStruct_t" errors="0" failures="0" skipped="0" tests="5" time="0.0419368743896484">
    <system-out>1..5
ok 1 - Equals
ok 2 - Equals
ok 3 - Equals
ok 4 - Equals
ok 5 - Equals
</system-out>
    <testcase name="Equals (182)" classname="spec_perl_TestRepeatNStruct_t" time="0.000205039978027344" />
    <testcase name="Equals (183)" classname="spec_perl_TestRepeatNStruct_t" time="8.60691070556641e-05" />
    <testcase name="Equals (184)" classname="spec_perl_TestRepeatNStruct_t" time="0.000130891799926758" />
    <testcase name="Equals (185)" classname="spec_perl_TestRepeatNStruct_t" time="0.000132083892822266" />
    <testcase name="Equals (186)" classname="spec_perl_TestRepeatNStruct_t" time="0.000138998031616211" />
  </testsuite>
  <testsuite name="spec_perl_TestExprEnum_t" errors="0" failures="0" skipped="0" tests="3" time="0.053192138671875">
    <system-out>1..3
ok 1 - Equals
ok 2 - Equals
ok 3 - Equals
</system-out>
    <testcase name="Equals (187)" classname="spec_perl_TestExprEnum_t" time="0.000159978866577148" />
    <testcase name="Equals (188)" classname="spec_perl_TestExprEnum_t" time="8.79764556884766e-05" />
    <testcase name="Equals (189)" classname="spec_perl_TestExprEnum_t" time="0.000169038772583008" />
  </testsuite>
  <testsuite name="spec_perl_TestSwitchManualIntElse_t" errors="0" failures="0" skipped="0" tests="9" time="0.0457909107208252">
    <system-out>1..9
ok 1 - Equals
ok 2 - Equals
ok 3 - Equals
ok 4 - Equals
ok 5 - Equals
ok 6 - Equals
ok 7 - Equals
ok 8 - Equals
ok 9 - Equals
</system-out>
    <testcase name="Equals (190)" classname="spec_perl_TestSwitchManualIntElse_t" time="0.000282049179077148" />
    <testcase name="Equals (191)" classname="spec_perl_TestSwitchManualIntElse_t" time="8.48770141601562e-05" />
    <testcase name="Equals (192)" classname="spec_perl_TestSwitchManualIntElse_t" time="0.000108957290649414" />
    <testcase name="Equals (193)" classname="spec_perl_TestSwitchManualIntElse_t" time="0.000194072723388672" />
    <testcase name="Equals (194)" classname="spec_perl_TestSwitchManualIntElse_t" time="0.000116109848022461" />
    <testcase name="Equals (195)" classname="spec_perl_TestSwitchManualIntElse_t" time="0.000160932540893555" />
    <testcase name="Equals (196)" classname="spec_perl_TestSwitchManualIntElse_t" time="0.000155925750732422" />
    <testcase name="Equals (197)" classname="spec_perl_TestSwitchManualIntElse_t" time="0.000111103057861328" />
    <testcase name="Equals (198)" classname="spec_perl_TestSwitchManualIntElse_t" time="0.000149011611938477" />
  </testsuite>
  <testsuite name="spec_perl_TestOpaqueExternalType_t" errors="0" failures="0" skipped="0" tests="3" time="0.0450761318206787">
    <system-out>1..3
ok 1 - Equals
ok 2 - Equals
ok 3 - Equals
</system-out>
    <testcase name="Equals (199)" classname="spec_perl_TestOpaqueExternalType_t" time="0.000272035598754883" />
    <testcase name="Equals (200)" classname="spec_perl_TestOpaqueExternalType_t" time="8.51154327392578e-05" />
    <testcase name="Equals (201)" classname="spec_perl_TestOpaqueExternalType_t" time="0.000114917755126953" />
  </testsuite>
  <testsuite name="spec_perl_TestNavRoot_t" errors="0" failures="0" skipped="0" tests="5" time="0.0451838970184326">
    <system-out>1..5
ok 1 - Equals
ok 2 - Equals
ok 3 - Equals
ok 4 - Equals
ok 5 - Equals
</system-out>
    <testcase name="Equals (202)" classname="spec_perl_TestNavRoot_t" time="0.000311136245727539" />
    <testcase name="Equals (203)" classname="spec_perl_TestNavRoot_t" time="8.29696655273438e-05" />
    <testcase name="Equals (204)" classname="spec_perl_TestNavRoot_t" time="0.00011897087097168" />
    <testcase name="Equals (205)" classname="spec_perl_TestNavRoot_t" time="0.000138998031616211" />
    <testcase name="Equals (206)" classname="spec_perl_TestNavRoot_t" time="0.000139951705932617" />
  </testsuite>
  <testsuite name="spec_perl_TestRepeatUntilS4_t" errors="0" failures="0" skipped="0" tests="2" time="0.0437119007110596">
    <system-out>1..2
ok 1 - Equals
ok 2 - Equals
</system-out>
    <testcase name="Equals (207)" classname="spec_perl_TestRepeatUntilS4_t" time="0.000242948532104492" />
    <testcase name="Equals (208)" classname="spec_perl_TestRepeatUntilS4_t" time="7.60555267333984e-05" />
  </testsuite>
  <testsuite name="spec_perl_TestCombineEnum_t" errors="0" failures="0" skipped="0" tests="3" time="0.0419330596923828">
    <system-out>1..3
ok 1 - Equals
ok 2 - Equals
ok 3 - Equals
</system-out>
    <testcase name="Equals (209)" classname="spec_perl_TestCombineEnum_t" time="0.000198125839233398" />
    <testcase name="Equals (210)" classname="spec_perl_TestCombineEnum_t" time="7.29560852050781e-05" />
    <testcase name="Equals (211)" classname="spec_perl_TestCombineEnum_t" time="0.00014495849609375" />
  </testsuite>
  <testsuite name="spec_perl_TestEnumIf_t" errors="0" failures="0" skipped="0" tests="7" time="0.0460529327392578">
    <system-out>1..7
ok 1 - Equals
ok 2 - Equals
ok 3 - Equals
ok 4 - Equals
ok 5 - Equals
ok 6 - Equals
ok 7 - Equals
</system-out>
    <testcase name="Equals (212)" classname="spec_perl_TestEnumIf_t" time="0.000299930572509766" />
    <testcase name="Equals (213)" classname="spec_perl_TestEnumIf_t" time="8.79764556884766e-05" />
    <testcase name="Equals (214)" classname="spec_perl_TestEnumIf_t" time="5.79357147216797e-05" />
    <testcase name="Equals (215)" classname="spec_perl_TestEnumIf_t" time="0.000168085098266602" />
    <testcase name="Equals (216)" classname="spec_perl_TestEnumIf_t" time="0.000127077102661133" />
    <testcase name="Equals (217)" classname="spec_perl_TestEnumIf_t" time="0.000113964080810547" />
    <testcase name="Equals (218)" classname="spec_perl_TestEnumIf_t" time="0.000140905380249023" />
  </testsuite>
  <testsuite name="spec_perl_TestNestedSameName_t" errors="0" failures="0" skipped="0" tests="2" time="0.041780948638916">
    <system-out>1..2
ok 1 - Equals
ok 2 - Equals
</system-out>
    <testcase name="Equals (219)" classname="spec_perl_TestNestedSameName_t" time="0.000252008438110352" />
    <testcase name="Equals (220)" classname="spec_perl_TestNestedSameName_t" time="8.0108642578125e-05" />
  </testsuite>
  <testsuite name="spec_perl_TestIntegersMinMax_t" errors="0" failures="0" skipped="0" tests="28" time="0.0483219623565674">
    <system-out>1..28
ok 1 - Equals
ok 2 - Equals
ok 3 - Equals
ok 4 - Equals
ok 5 - Equals
ok 6 - Equals
ok 7 - Equals
ok 8 - Equals
ok 9 - Equals
ok 10 - Equals
ok 11 - Equals
ok 12 - Equals
ok 13 - Equals
ok 14 - Equals
ok 15 - Equals
ok 16 - Equals
ok 17 - Equals
ok 18 - Equals
ok 19 - Equals
ok 20 - Equals
ok 21 - Equals
ok 22 - Equals
ok 23 - Equals
ok 24 - Equals
ok 25 - Equals
ok 26 - Equals
ok 27 - Equals
ok 28 - Equals
</system-out>
    <testcase name="Equals (221)" classname="spec_perl_TestIntegersMinMax_t" time="0.000276088714599609" />
    <testcase name="Equals (222)" classname="spec_perl_TestIntegersMinMax_t" time="8.08238983154297e-05" />
    <testcase name="Equals (223)" classname="spec_perl_TestIntegersMinMax_t" time="0.000133037567138672" />
    <testcase name="Equals (224)" classname="spec_perl_TestIntegersMinMax_t" time="0.000158071517944336" />
    <testcase name="Equals (225)" classname="spec_perl_TestIntegersMinMax_t" time="0.000114917755126953" />
    <testcase name="Equals (226)" classname="spec_perl_TestIntegersMinMax_t" time="0.000159025192260742" />
    <testcase name="Equals (227)" classname="spec_perl_TestIntegersMinMax_t" time="0.000102996826171875" />
    <testcase name="Equals (228)" classname="spec_perl_TestIntegersMinMax_t" time="0.000158071517944336" />
    <testcase name="Equals (229)" classname="spec_perl_TestIntegersMinMax_t" time="0.000114917755126953" />
    <testcase name="Equals (230)" classname="spec_perl_TestIntegersMinMax_t" time="0.00015711784362793" />
    <testcase name="Equals (231)" classname="spec_perl_TestIntegersMinMax_t" time="0.000108003616333008" />
    <testcase name="Equals (232)" classname="spec_perl_TestIntegersMinMax_t" time="0.000136852264404297" />
    <testcase name="Equals (233)" classname="spec_perl_TestIntegersMinMax_t" time="0.000133037567138672" />
    <testcase name="Equals (234)" classname="spec_perl_TestIntegersMinMax_t" time="0.000116109848022461" />
    <testcase name="Equals (235)" classname="spec_perl_TestIntegersMinMax_t" time="0.000137805938720703" />
    <testcase name="Equals (236)" classname="spec_perl_TestIntegersMinMax_t" time="0.000123023986816406" />
    <testcase name="Equals (237)" classname="spec_perl_TestIntegersMinMax_t" time="0.000128030776977539" />
    <testcase name="Equals (238)" classname="spec_perl_TestIntegersMinMax_t" time="0.0001220703125" />
    <testcase name="Equals (239)" classname="spec_perl_TestIntegersMinMax_t" time="0.000140905380249023" />
    <testcase name="Equals (240)" classname="spec_perl_TestIntegersMinMax_t" time="0.00012516975402832" />
    <testcase name="Equals (241)" classname="spec_perl_TestIntegersMinMax_t" time="0.000151872634887695" />
    <testcase name="Equals (242)" classname="spec_perl_TestIntegersMinMax_t" time="0.000128030776977539" />
    <testcase name="Equals (243)" classname="spec_perl_TestIntegersMinMax_t" time="0.000117063522338867" />
    <testcase name="Equals (244)" classname="spec_perl_TestIntegersMinMax_t" time="0.000154972076416016" />
    <testcase name="Equals (245)" classname="spec_perl_TestIntegersMinMax_t" time="0.000113010406494141" />
    <testcase name="Equals (246)" classname="spec_perl_TestIntegersMinMax_t" time="0.000110864639282227" />
    <testcase name="Equals (247)" classname="spec_perl_TestIntegersMinMax_t" time="0.000149011611938477" />
    <testcase name="Equals (248)" classname="spec_perl_TestIntegersMinMax_t" time="0.000115156173706055" />
  </testsuite>
  <testsuite name="spec_perl_TestProcessRepeatUsertype_t" errors="0" failures="0" skipped="0" tests="4" time="0.0426747798919678">
    <system-out>1..4
ok 1 - Equals
ok 2 - Equals
ok 3 - Equals
ok 4 - Equals
</system-out>
    <testcase name="Equals (249)" classname="spec_perl_TestProcessRepeatUsertype_t" time="0.00050806999206543" />
    <testcase name="Equals (250)" classname="spec_perl_TestProcessRepeatUsertype_t" time="8.98838043212891e-05" />
    <testcase name="Equals (251)" classname="spec_perl_TestProcessRepeatUsertype_t" time="5.91278076171875e-05" />
    <testcase name="Equals (252)" classname="spec_perl_TestProcessRepeatUsertype_t" time="0.000146865844726562" />
  </testsuite>
  <testsuite name="spec_perl_TestCastNested_t" errors="0" failures="0" skipped="0" tests="4" time="0.0445740222930908">
    <system-out>1..4
ok 1 - Equals
ok 2 - Equals
ok 3 - Equals
ok 4 - Equals
</system-out>
    <testcase name="Equals (253)" classname="spec_perl_TestCastNested_t" time="0.000323057174682617" />
    <testcase name="Equals (254)" classname="spec_perl_TestCastNested_t" time="8.10623168945312e-05" />
    <testcase name="Equals (255)" classname="spec_perl_TestCastNested_t" time="0.000132083892822266" />
    <testcase name="Equals (256)" classname="spec_perl_TestCastNested_t" time="0.00014495849609375" />
  </testsuite>
  <testsuite name="spec_perl_TestCombineBool_t" errors="0" failures="0" skipped="0" tests="2" time="0.04180908203125">
    <system-out>1..2
ok 1 - Equals
ok 2 - Equals
</system-out>
    <testcase name="Equals (257)" classname="spec_perl_TestCombineBool_t" time="0.000221014022827148" />
    <testcase name="Equals (258)" classname="spec_perl_TestCombineBool_t" time="7.29560852050781e-05" />
  </testsuite>
  <testsuite name="spec_perl_TestEnumForUnknownId_t" errors="0" failures="0" skipped="0" tests="1" time="0.042525053024292">
    <system-out>1..1
ok 1 - Equals
</system-out>
    <testcase name="Equals (259)" classname="spec_perl_TestEnumForUnknownId_t" time="0.000236988067626953" />
  </testsuite>
  <testsuite name="spec_perl_TestBitsSimple_t" errors="0" failures="0" skipped="0" tests="14" time="0.0427370071411133">
    <system-out>1..14
ok 1 - Equals
ok 2 - Equals
ok 3 - Equals
ok 4 - Equals
ok 5 - Equals
ok 6 - Equals
ok 7 - Equals
ok 8 - Equals
ok 9 - Equals
ok 10 - Equals
ok 11 - Equals
ok 12 - Equals
ok 13 - Equals
ok 14 - Equals
</system-out>
    <testcase name="Equals (260)" classname="spec_perl_TestBitsSimple_t" time="0.000280857086181641" />
    <testcase name="Equals (261)" classname="spec_perl_TestBitsSimple_t" time="7.29560852050781e-05" />
    <testcase name="Equals (262)" classname="spec_perl_TestBitsSimple_t" time="0.00014495849609375" />
    <testcase name="Equals (263)" classname="spec_perl_TestBitsSimple_t" time="0.000131130218505859" />
    <testcase name="Equals (264)" classname="spec_perl_TestBitsSimple_t" time="0.000133991241455078" />
    <testcase name="Equals (265)" classname="spec_perl_TestBitsSimple_t" time="0.000133037567138672" />
    <testcase name="Equals (266)" classname="spec_perl_TestBitsSimple_t" time="0.000113964080810547" />
    <testcase name="Equals (267)" classname="spec_perl_TestBitsSimple_t" time="0.000123023986816406" />
    <testcase name="Equals (268)" classname="spec_perl_TestBitsSimple_t" time="0.000124931335449219" />
    <testcase name="Equals (269)" classname="spec_perl_TestBitsSimple_t" time="0.000118017196655273" />
    <testcase name="Equals (270)" classname="spec_perl_TestBitsSimple_t" time="0.00015711784362793" />
    <testcase name="Equals (271)" classname="spec_perl_TestBitsSimple_t" time="0.000108003616333008" />
    <testcase name="Equals (272)" classname="spec_perl_TestBitsSimple_t" time="0.000144004821777344" />
    <testcase name="Equals (273)" classname="spec_perl_TestBitsSimple_t" time="0.000140905380249023" />
  </testsuite>
  <testsuite name="spec_perl_TestParamsPassArrayStruct_t" errors="0" failures="1" skipped="2" tests="3" time="0.0460619926452637">
    <system-out>1..3
not ok 1 - test_params_pass_array_struct died (Can't use an undefined value as an ARRAY reference at spec/perl/TestParamsPassArrayStruct.t line 15.)
ok 2 # skip test_params_pass_array_struct died
ok 3 # skip test_params_pass_array_struct died
</system-out>
    <testcase name="test_params_pass_array_struct died (Can't use an undefined value as an ARRAY reference at spec/perl/TestParamsPassArrayStruct.t line 15.) (273)" classname="spec_perl_TestParamsPassArrayStruct_t" time="0.000261068344116211">
      <failure message="not ok 1 - test_params_pass_array_struct died (Can't use an undefined value as an ARRAY reference at spec/perl/TestParamsPassArrayStruct.t line 15.)" type="TAP::Parser::Result::Test"></failure>
    </testcase>
    <testcase name="Unnamed test case 273" classname="spec_perl_TestParamsPassArrayStruct_t" time="0.00160002708435059">
      <skipped message="ok 2 # skip test_params_pass_array_struct died" />
    </testcase>
    <testcase name="Unnamed test case 274" classname="spec_perl_TestParamsPassArrayStruct_t" time="9.17911529541016e-05">
      <skipped message="ok 3 # skip test_params_pass_array_struct died" />
    </testcase>
  </testsuite>
  <testsuite name="spec_perl_TestImportsAbs_t" errors="0" failures="0" skipped="0" tests="2" time="0.0424058437347412">
    <system-out>1..2
ok 1 - Equals
ok 2 - Equals
</system-out>
    <testcase name="Equals (274)" classname="spec_perl_TestImportsAbs_t" time="0.000239133834838867" />
    <testcase name="Equals (275)" classname="spec_perl_TestImportsAbs_t" time="7.79628753662109e-05" />
  </testsuite>
  <testsuite name="spec_perl_TestProcessXor4Const_t" errors="0" failures="0" skipped="0" tests="2" time="0.0418429374694824">
    <system-out>1..2
ok 1 - Equals
ok 2 - Equals
</system-out>
    <testcase name="Equals (276)" classname="spec_perl_TestProcessXor4Const_t" time="0.000212907791137695" />
    <testcase name="Equals (277)" classname="spec_perl_TestProcessXor4Const_t" time="7.60555267333984e-05" />
  </testsuite>
  <testsuite name="spec_perl_TestProcessXor4Value_t" errors="0" failures="0" skipped="0" tests="2" time="0.0417060852050781">
    <system-out>1..2
ok 1 - Equals
ok 2 - Equals
</system-out>
    <testcase name="Equals (278)" classname="spec_perl_TestProcessXor4Value_t" time="0.000211000442504883" />
    <testcase name="Equals (279)" classname="spec_perl_TestProcessXor4Value_t" time="7.70092010498047e-05" />
  </testsuite>
  <testsuite name="spec_perl_TestNavParentVsValueInst_t" errors="0" failures="0" skipped="0" tests="1" time="0.0442731380462646">
    <system-out>1..1
ok 1 - Equals
</system-out>
    <testcase name="Equals (280)" classname="spec_perl_TestNavParentVsValueInst_t" time="0.000256061553955078" />
  </testsuite>
  <testsuite name="spec_perl_TestBcdUserTypeBe_t" errors="0" failures="0" skipped="0" tests="6" time="0.043442964553833">
    <system-out>1..6
ok 1 - Equals
ok 2 - Equals
ok 3 - Equals
ok 4 - Equals
ok 5 - Equals
ok 6 - Equals
</system-out>
    <testcase name="Equals (281)" classname="spec_perl_TestBcdUserTypeBe_t" time="0.000498056411743164" />
    <testcase name="Equals (282)" classname="spec_perl_TestBcdUserTypeBe_t" time="8.79764556884766e-05" />
    <testcase name="Equals (283)" classname="spec_perl_TestBcdUserTypeBe_t" time="0.000133991241455078" />
    <testcase name="Equals (284)" classname="spec_perl_TestBcdUserTypeBe_t" time="0.000138998031616211" />
    <testcase name="Equals (285)" classname="spec_perl_TestBcdUserTypeBe_t" time="0.000154018402099609" />
    <testcase name="Equals (286)" classname="spec_perl_TestBcdUserTypeBe_t" time="0.000143051147460938" />
  </testsuite>
  <testsuite name="spec_perl_TestNestedTypeParam_t" errors="0" failures="2" skipped="0" tests="2" time="0.0505001544952393">
    <system-out>1..2
not ok 1 - Equals
not ok 2 - Equals
</system-out>
    <testcase name="Equals (287)" classname="spec_perl_TestNestedTypeParam_t" time="0.00206708908081055">
      <failure message="not ok 1 - Equals" type="TAP::Parser::Result::Test"></failure>
    </testcase>
    <testcase name="Equals (288)" classname="spec_perl_TestNestedTypeParam_t" time="0.00121402740478516">
      <failure message="not ok 2 - Equals" type="TAP::Parser::Result::Test"></failure>
    </testcase>
  </testsuite>
  <testsuite name="spec_perl_TestRepeatNStrzDouble_t" errors="0" failures="0" skipped="0" tests="3" time="0.0441601276397705">
    <system-out>1..3
ok 1 - Equals
ok 2 - Equals
ok 3 - Equals
</system-out>
    <testcase name="Equals (289)" classname="spec_perl_TestRepeatNStrzDouble_t" time="0.000250101089477539" />
    <testcase name="Equals (290)" classname="spec_perl_TestRepeatNStrzDouble_t" time="9.89437103271484e-05" />
    <testcase name="Equals (291)" classname="spec_perl_TestRepeatNStrzDouble_t" time="6.29425048828125e-05" />
  </testsuite>
  <testsuite name="spec_perl_TestParamsEnum_t" errors="0" failures="1" skipped="0" tests="2" time="0.0584700107574463">
    <system-out>1..2
ok 1 - Equals
not ok 2 - Equals
</system-out>
    <testcase name="Equals (292)" classname="spec_perl_TestParamsEnum_t" time="0.000195980072021484" />
    <testcase name="Equals (293)" classname="spec_perl_TestParamsEnum_t" time="0.000153064727783203">
      <failure message="not ok 2 - Equals" type="TAP::Parser::Result::Test"></failure>
    </testcase>
  </testsuite>
  <testsuite name="spec_perl_TestUserType_t" errors="0" failures="0" skipped="0" tests="2" time="0.0413379669189453">
    <system-out>1..2
ok 1 - Equals
ok 2 - Equals
</system-out>
    <testcase name="Equals (294)" classname="spec_perl_TestUserType_t" time="0.000242948532104492" />
    <testcase name="Equals (295)" classname="spec_perl_TestUserType_t" time="8.10623168945312e-05" />
  </testsuite>
  <testsuite name="spec_perl_TestExprStrOps_t" errors="1" failures="0" skipped="0" tests="0" time="0.0424449443817139">
    <system-out></system-out>
    <testcase name="Test died too soon, even before plan. (295)" classname="spec_perl_TestExprStrOps_t" time="0.0424449443817139">
      <failure message="The test suite died before a plan was produced. You need to have a plan." type="Plan">No plan</failure>
    </testcase>
  </testsuite>
  <testsuite name="spec_perl_TestFloatToI_t" errors="0" failures="0" skipped="0" tests="8" time="0.0431580543518066">
    <system-out>1..8
ok 1 - Equals
ok 2 - Equals
ok 3 - Equals
ok 4 - Equals
ok 5 - Equals
ok 6 - Equals
ok 7 - Equals
ok 8 - Equals
</system-out>
    <testcase name="Equals (296)" classname="spec_perl_TestFloatToI_t" time="0.000213146209716797" />
    <testcase name="Equals (297)" classname="spec_perl_TestFloatToI_t" time="7.89165496826172e-05" />
    <testcase name="Equals (298)" classname="spec_perl_TestFloatToI_t" time="0.00011897087097168" />
    <testcase name="Equals (299)" classname="spec_perl_TestFloatToI_t" time="0.000124931335449219" />
    <testcase name="Equals (300)" classname="spec_perl_TestFloatToI_t" time="0.000154018402099609" />
    <testcase name="Equals (301)" classname="spec_perl_TestFloatToI_t" time="0.000107049942016602" />
    <testcase name="Equals (302)" classname="spec_perl_TestFloatToI_t" time="0.000143051147460938" />
    <testcase name="Equals (303)" classname="spec_perl_TestFloatToI_t" time="0.000114917755126953" />
  </testsuite>
  <testsuite name="spec_perl_TestExprBytesLiteral_t" errors="1" failures="0" skipped="0" tests="0" time="0.0421700477600098">
    <system-out></system-out>
    <testcase name="Test died too soon, even before plan. (303)" classname="spec_perl_TestExprBytesLiteral_t" time="0.0421700477600098">
      <failure message="The test suite died before a plan was produced. You need to have a plan." type="Plan">No plan</failure>
    </testcase>
  </testsuite>
  <testsuite name="spec_perl_TestExprBytesOps_t" errors="1" failures="0" skipped="0" tests="0" time="0.0470929145812988">
    <system-out></system-out>
    <testcase name="Test died too soon, even before plan. (304)" classname="spec_perl_TestExprBytesOps_t" time="0.0470929145812988">
      <failure message="The test suite died before a plan was produced. You need to have a plan." type="Plan">No plan</failure>
    </testcase>
  </testsuite>
  <testsuite name="spec_perl_TestEnumImport_t" errors="0" failures="2" skipped="0" tests="2" time="0.0450010299682617">
    <system-out>1..2
not ok 1 - Equals
not ok 2 - Equals
</system-out>
    <testcase name="Equals (304)" classname="spec_perl_TestEnumImport_t" time="0.000154972076416016">
      <failure message="not ok 1 - Equals" type="TAP::Parser::Result::Test"></failure>
    </testcase>
    <testcase name="Equals (305)" classname="spec_perl_TestEnumImport_t" time="6.19888305664062e-05">
      <failure message="not ok 2 - Equals" type="TAP::Parser::Result::Test"></failure>
    </testcase>
  </testsuite>
  <testsuite name="spec_perl_TestDefaultEndianMod_t" errors="0" failures="0" skipped="0" tests="3" time="0.0422511100769043">
    <system-out>1..3
ok 1 - Equals
ok 2 - Equals
ok 3 - Equals
</system-out>
    <testcase name="Equals (306)" classname="spec_perl_TestDefaultEndianMod_t" time="0.000229835510253906" />
    <testcase name="Equals (307)" classname="spec_perl_TestDefaultEndianMod_t" time="0.000104188919067383" />
    <testcase name="Equals (308)" classname="spec_perl_TestDefaultEndianMod_t" time="8.89301300048828e-05" />
  </testsuite>
  <testsuite name="spec_perl_TestRepeatEosBit_t" errors="0" failures="0" skipped="0" tests="1" time="0.0418078899383545">
    <system-out>1..1
ok 1 - Equals
</system-out>
    <testcase name="Equals (309)" classname="spec_perl_TestRepeatEosBit_t" time="0.00029301643371582" />
  </testsuite>
  <testsuite name="spec_perl_TestExpr3_t" errors="0" failures="0" skipped="0" tests="12" time="0.0458290576934814">
    <system-out>1..12
ok 1 - Equals
ok 2 - Equals
ok 3 - Equals
ok 4 - Equals
ok 5 - Equals
ok 6 - Equals
ok 7 - Equals
ok 8 - Equals
ok 9 - Equals
ok 10 - Equals
ok 11 - Equals
ok 12 - Equals
</system-out>
    <testcase name="Equals (310)" classname="spec_perl_TestExpr3_t" time="0.000215053558349609" />
    <testcase name="Equals (311)" classname="spec_perl_TestExpr3_t" time="7.70092010498047e-05" />
    <testcase name="Equals (312)" classname="spec_perl_TestExpr3_t" time="0.00014185905456543" />
    <testcase name="Equals (313)" classname="spec_perl_TestExpr3_t" time="0.00012516975402832" />
    <testcase name="Equals (314)" classname="spec_perl_TestExpr3_t" time="0.00013279914855957" />
    <testcase name="Equals (315)" classname="spec_perl_TestExpr3_t" time="0.0001220703125" />
    <testcase name="Equals (316)" classname="spec_perl_TestExpr3_t" time="0.000146150588989258" />
    <testcase name="Equals (317)" classname="spec_perl_TestExpr3_t" time="0.000115871429443359" />
    <testcase name="Equals (318)" classname="spec_perl_TestExpr3_t" time="0.00014495849609375" />
    <testcase name="Equals (319)" classname="spec_perl_TestExpr3_t" time="0.000126123428344727" />
    <testcase name="Equals (320)" classname="spec_perl_TestExpr3_t" time="0.000152826309204102" />
    <testcase name="Equals (321)" classname="spec_perl_TestExpr3_t" time="0.000116109848022461" />
  </testsuite>
  <testsuite name="spec_perl_TestNestedTypes3_t" errors="0" failures="0" skipped="0" tests="5" time="0.0426909923553467">
    <system-out>1..5
ok 1 - Equals
ok 2 - Equals
ok 3 - Equals
ok 4 - Equals
ok 5 - Equals
</system-out>
    <testcase name="Equals (322)" classname="spec_perl_TestNestedTypes3_t" time="0.000252962112426758" />
    <testcase name="Equals (323)" classname="spec_perl_TestNestedTypes3_t" time="9.39369201660156e-05" />
    <testcase name="Equals (324)" classname="spec_perl_TestNestedTypes3_t" time="0.000136137008666992" />
    <testcase name="Equals (325)" classname="spec_perl_TestNestedTypes3_t" time="0.000128030776977539" />
    <testcase name="Equals (326)" classname="spec_perl_TestNestedTypes3_t" time="0.00011897087097168" />
  </testsuite>
  <testsuite name="spec_perl_TestProcessRepeatBytes_t" errors="0" failures="0" skipped="0" tests="2" time="0.0533981323242188">
    <system-out>1..2
ok 1 - Equals
ok 2 - Equals
</system-out>
    <testcase name="Equals (327)" classname="spec_perl_TestProcessRepeatBytes_t" time="0.000211000442504883" />
    <testcase name="Equals (328)" classname="spec_perl_TestProcessRepeatBytes_t" time="0.000102996826171875" />
  </testsuite>
  <testsuite name="spec_perl_TestEnumDeep_t" errors="0" failures="0" skipped="0" tests="2" time="0.0418260097503662">
    <system-out>1..2
ok 1 - Equals
ok 2 - Equals
</system-out>
    <testcase name="Equals (329)" classname="spec_perl_TestEnumDeep_t" time="0.000165939331054688" />
    <testcase name="Equals (330)" classname="spec_perl_TestEnumDeep_t" time="6.60419464111328e-05" />
  </testsuite>
  <testsuite name="spec_perl_TestIntegers_t" errors="1" failures="0" skipped="0" tests="0" time="0.0421221256256104">
    <system-out></system-out>
    <testcase name="Test died too soon, even before plan. (330)" classname="spec_perl_TestIntegers_t" time="0.0421221256256104">
      <failure message="The test suite died before a plan was produced. You need to have a plan." type="Plan">No plan</failure>
    </testcase>
  </testsuite>
  <testsuite name="spec_perl_TestPositionAbs_t" errors="0" failures="0" skipped="0" tests="2" time="0.0439968109130859">
    <system-out>1..2
ok 1 - Equals
ok 2 - Equals
</system-out>
    <testcase name="Equals (331)" classname="spec_perl_TestPositionAbs_t" time="0.000207901000976562" />
    <testcase name="Equals (332)" classname="spec_perl_TestPositionAbs_t" time="0.000195980072021484" />
  </testsuite>
  <testsuite name="spec_perl_TestSwitchElseOnly_t" errors="0" failures="0" skipped="0" tests="3" time="0.0408689975738525">
    <system-out>1..3
ok 1 - Equals
ok 2 - Equals
ok 3 - Equals
</system-out>
    <testcase name="Equals (333)" classname="spec_perl_TestSwitchElseOnly_t" time="0.000241994857788086" />
    <testcase name="Equals (334)" classname="spec_perl_TestSwitchElseOnly_t" time="7.70092010498047e-05" />
    <testcase name="Equals (335)" classname="spec_perl_TestSwitchElseOnly_t" time="0.000144004821777344" />
  </testsuite>
  <testsuite name="spec_perl_TestSwitchManualIntSizeEos_t" errors="0" failures="0" skipped="0" tests="10" time="0.0463500022888184">
    <system-out>1..10
ok 1 - Equals
ok 2 - Equals
ok 3 - Equals
ok 4 - Equals
ok 5 - Equals
ok 6 - Equals
ok 7 - Equals
ok 8 - Equals
ok 9 - Equals
ok 10 - Equals
</system-out>
    <testcase name="Equals (336)" classname="spec_perl_TestSwitchManualIntSizeEos_t" time="0.000619888305664062" />
    <testcase name="Equals (337)" classname="spec_perl_TestSwitchManualIntSizeEos_t" time="9.29832458496094e-05" />
    <testcase name="Equals (338)" classname="spec_perl_TestSwitchManualIntSizeEos_t" time="6.00814819335938e-05" />
    <testcase name="Equals (339)" classname="spec_perl_TestSwitchManualIntSizeEos_t" time="0.000141143798828125" />
    <testcase name="Equals (340)" classname="spec_perl_TestSwitchManualIntSizeEos_t" time="0.000135898590087891" />
    <testcase name="Equals (341)" classname="spec_perl_TestSwitchManualIntSizeEos_t" time="0.000142097473144531" />
    <testcase name="Equals (342)" classname="spec_perl_TestSwitchManualIntSizeEos_t" time="0.000139951705932617" />
    <testcase name="Equals (343)" classname="spec_perl_TestSwitchManualIntSizeEos_t" time="0.000145912170410156" />
    <testcase name="Equals (344)" classname="spec_perl_TestSwitchManualIntSizeEos_t" time="0.000123023986816406" />
    <testcase name="Equals (345)" classname="spec_perl_TestSwitchManualIntSizeEos_t" time="0.000123977661132812" />
  </testsuite>
  <testsuite name="spec_perl_TestCombineBytes_t" errors="0" failures="0" skipped="0" tests="10" time="0.0424129962921143">
    <system-out>1..10
ok 1 - Equals
ok 2 - Equals
ok 3 - Equals
ok 4 - Equals
ok 5 - Equals
ok 6 - Equals
ok 7 - Equals
ok 8 - Equals
ok 9 - Equals
ok 10 - Equals
</system-out>
    <testcase name="Equals (346)" classname="spec_perl_TestCombineBytes_t" time="0.000231027603149414" />
    <testcase name="Equals (347)" classname="spec_perl_TestCombineBytes_t" time="7.70092010498047e-05" />
    <testcase name="Equals (348)" classname="spec_perl_TestCombineBytes_t" time="0.000129938125610352" />
    <testcase name="Equals (349)" classname="spec_perl_TestCombineBytes_t" time="0.000137090682983398" />
    <testcase name="Equals (350)" classname="spec_perl_TestCombineBytes_t" time="0.000135898590087891" />
    <testcase name="Equals (351)" classname="spec_perl_TestCombineBytes_t" time="0.000120162963867188" />
    <testcase name="Equals (352)" classname="spec_perl_TestCombineBytes_t" time="0.000147819519042969" />
    <testcase name="Equals (353)" classname="spec_perl_TestCombineBytes_t" time="0.000112056732177734" />
    <testcase name="Equals (354)" classname="spec_perl_TestCombineBytes_t" time="0.000151157379150391" />
    <testcase name="Equals (355)" classname="spec_perl_TestCombineBytes_t" time="0.000119924545288086" />
  </testsuite>
  <testsuite name="spec_perl_TestExprIoPos_t" errors="0" failures="0" skipped="0" tests="6" time="0.0453739166259766">
    <system-out>1..6
ok 1 - Equals
ok 2 - Equals
ok 3 - Equals
ok 4 - Equals
ok 5 - Equals
ok 6 - Equals
</system-out>
    <testcase name="Equals (356)" classname="spec_perl_TestExprIoPos_t" time="0.00052189826965332" />
    <testcase name="Equals (357)" classname="spec_perl_TestExprIoPos_t" time="8.41617584228516e-05" />
    <testcase name="Equals (358)" classname="spec_perl_TestExprIoPos_t" time="9.70363616943359e-05" />
    <testcase name="Equals (359)" classname="spec_perl_TestExprIoPos_t" time="0.000133991241455078" />
    <testcase name="Equals (360)" classname="spec_perl_TestExprIoPos_t" time="0.000124931335449219" />
    <testcase name="Equals (361)" classname="spec_perl_TestExprIoPos_t" time="0.000118017196655273" />
  </testsuite>
  <testsuite name="spec_perl_TestProcessCoerceUsertype1_t" errors="0" failures="0" skipped="0" tests="4" time="0.0423240661621094">
    <system-out>1..4
ok 1 - Equals
ok 2 - Equals
ok 3 - Equals
ok 4 - Equals
</system-out>
    <testcase name="Equals (362)" classname="spec_perl_TestProcessCoerceUsertype1_t" time="0.000506162643432617" />
    <testcase name="Equals (363)" classname="spec_perl_TestProcessCoerceUsertype1_t" time="9.20295715332031e-05" />
    <testcase name="Equals (364)" classname="spec_perl_TestProcessCoerceUsertype1_t" time="0.000104904174804688" />
    <testcase name="Equals (365)" classname="spec_perl_TestProcessCoerceUsertype1_t" time="6.29425048828125e-05" />
  </testsuite>
  <testsuite name="spec_perl_TestNavParent_t" errors="0" failures="0" skipped="0" tests="5" time="0.0455610752105713">
    <system-out>1..5
ok 1 - Equals
ok 2 - Equals
ok 3 - Equals
ok 4 - Equals
ok 5 - Equals
</system-out>
    <testcase name="Equals (366)" classname="spec_perl_TestNavParent_t" time="0.000360965728759766" />
    <testcase name="Equals (367)" classname="spec_perl_TestNavParent_t" time="9.89437103271484e-05" />
    <testcase name="Equals (368)" classname="spec_perl_TestNavParent_t" time="6.103515625e-05" />
    <testcase name="Equals (369)" classname="spec_perl_TestNavParent_t" time="0.000159978866577148" />
    <testcase name="Equals (370)" classname="spec_perl_TestNavParent_t" time="0.000102043151855469" />
  </testsuite>
  <testsuite name="spec_perl_TestExprBits_t" errors="0" failures="0" skipped="0" tests="10" time="0.0439739227294922">
    <system-out>1..10
ok 1 - Equals
ok 2 - Equals
ok 3 - Equals
ok 4 - Equals
ok 5 - Equals
ok 6 - Equals
ok 7 - Equals
ok 8 - Equals
ok 9 - Equals
ok 10 - Equals
</system-out>
    <testcase name="Equals (371)" classname="spec_perl_TestExprBits_t" time="0.000257968902587891" />
    <testcase name="Equals (372)" classname="spec_perl_TestExprBits_t" time="8.0108642578125e-05" />
    <testcase name="Equals (373)" classname="spec_perl_TestExprBits_t" time="0.000140905380249023" />
    <testcase name="Equals (374)" classname="spec_perl_TestExprBits_t" time="0.000126123428344727" />
    <testcase name="Equals (375)" classname="spec_perl_TestExprBits_t" time="0.000143051147460938" />
    <testcase name="Equals (376)" classname="spec_perl_TestExprBits_t" time="0.000113964080810547" />
    <testcase name="Equals (377)" classname="spec_perl_TestExprBits_t" time="0.000142812728881836" />
    <testcase name="Equals (378)" classname="spec_perl_TestExprBits_t" time="0.000120162963867188" />
    <testcase name="Equals (379)" classname="spec_perl_TestExprBits_t" time="0.000150918960571289" />
    <testcase name="Equals (380)" classname="spec_perl_TestExprBits_t" time="0.000146150588989258" />
  </testsuite>
  <testsuite name="spec_perl_TestRepeatUntilComplex_t" errors="0" failures="0" skipped="0" tests="17" time="0.0432682037353516">
    <system-out>1..17
ok 1 - Equals
ok 2 - Equals
ok 3 - Equals
ok 4 - Equals
ok 5 - Equals
ok 6 - Equals
ok 7 - Equals
ok 8 - Equals
ok 9 - Equals
ok 10 - Equals
ok 11 - Equals
ok 12 - Equals
ok 13 - Equals
ok 14 - Equals
ok 15 - Equals
ok 16 - Equals
ok 17 - Equals
</system-out>
    <testcase name="Equals (381)" classname="spec_perl_TestRepeatUntilComplex_t" time="0.000290870666503906" />
    <testcase name="Equals (382)" classname="spec_perl_TestRepeatUntilComplex_t" time="9.89437103271484e-05" />
    <testcase name="Equals (383)" classname="spec_perl_TestRepeatUntilComplex_t" time="0.000154018402099609" />
    <testcase name="Equals (384)" classname="spec_perl_TestRepeatUntilComplex_t" time="0.000184059143066406" />
    <testcase name="Equals (385)" classname="spec_perl_TestRepeatUntilComplex_t" time="0.000127077102661133" />
    <testcase name="Equals (386)" classname="spec_perl_TestRepeatUntilComplex_t" time="0.000123023986816406" />
    <testcase name="Equals (387)" classname="spec_perl_TestRepeatUntilComplex_t" time="7.98702239990234e-05" />
    <testcase name="Equals (388)" classname="spec_perl_TestRepeatUntilComplex_t" time="0.000143051147460938" />
    <testcase name="Equals (389)" classname="spec_perl_TestRepeatUntilComplex_t" time="0.000113964080810547" />
    <testcase name="Equals (390)" classname="spec_perl_TestRepeatUntilComplex_t" time="0.000158071517944336" />
    <testcase name="Equals (391)" classname="spec_perl_TestRepeatUntilComplex_t" time="0.000113010406494141" />
    <testcase name="Equals (392)" classname="spec_perl_TestRepeatUntilComplex_t" time="0.000145912170410156" />
    <testcase name="Equals (393)" classname="spec_perl_TestRepeatUntilComplex_t" time="0.000124931335449219" />
    <testcase name="Equals (394)" classname="spec_perl_TestRepeatUntilComplex_t" time="0.000121116638183594" />
    <testcase name="Equals (395)" classname="spec_perl_TestRepeatUntilComplex_t" time="0.000143051147460938" />
    <testcase name="Equals (396)" classname="spec_perl_TestRepeatUntilComplex_t" time="7.98702239990234e-05" />
    <testcase name="Equals (397)" classname="spec_perl_TestRepeatUntilComplex_t" time="0.00011897087097168" />
  </testsuite>
  <testsuite name="spec_perl_TestProcessCoerceBytes_t" errors="0" failures="0" skipped="0" tests="4" time="0.0424740314483643">
    <system-out>1..4
ok 1 - Equals
ok 2 - Equals
ok 3 - Equals
ok 4 - Equals
</system-out>
    <testcase name="Equals (398)" classname="spec_perl_TestProcessCoerceBytes_t" time="0.000253915786743164" />
    <testcase name="Equals (399)" classname="spec_perl_TestProcessCoerceBytes_t" time="8.0108642578125e-05" />
    <testcase name="Equals (400)" classname="spec_perl_TestProcessCoerceBytes_t" time="0.000128984451293945" />
    <testcase name="Equals (401)" classname="spec_perl_TestProcessCoerceBytes_t" time="0.00014185905456543" />
  </testsuite>
  <testsuite name="spec_perl_TestProcessXorValue_t" errors="0" failures="0" skipped="0" tests="2" time="0.0417098999023438">
    <system-out>1..2
ok 1 - Equals
ok 2 - Equals
</system-out>
    <testcase name="Equals (402)" classname="spec_perl_TestProcessXorValue_t" time="0.000195026397705078" />
    <testcase name="Equals (403)" classname="spec_perl_TestProcessXorValue_t" time="7.20024108886719e-05" />
  </testsuite>
  <testsuite name="spec_perl_TestEnumToIClassBorder1_t" errors="0" failures="1" skipped="0" tests="3" time="0.0442709922790527">
    <system-out>1..3
ok 1 - Equals
ok 2 - Equals
not ok 3 - test_enum_to_i_class_border_1 died (Can't call method &quot;some_dog&quot; on an undefined value at compiled/perl/EnumToIClassBorder2.pm line 42.)
</system-out>
    <testcase name="Equals (404)" classname="spec_perl_TestEnumToIClassBorder1_t" time="0.000162124633789062" />
    <testcase name="Equals (405)" classname="spec_perl_TestEnumToIClassBorder1_t" time="8.48770141601562e-05" />
    <testcase name="test_enum_to_i_class_border_1 died (Can't call method &quot;some_dog&quot; on an undefined value at compiled/perl/EnumToIClassBorder2.pm line 42.) (405)" classname="spec_perl_TestEnumToIClassBorder1_t" time="0.000247001647949219">
      <failure message="not ok 3 - test_enum_to_i_class_border_1 died (Can't call method &quot;some_dog&quot; on an undefined value at compiled/perl/EnumToIClassBorder2.pm line 42.)" type="TAP::Parser::Result::Test"></failure>
    </testcase>
  </testsuite>
  <testsuite name="spec_perl_TestNavParent3_t" errors="0" failures="0" skipped="0" tests="10" time="0.0456459522247314">
    <system-out>1..10
ok 1 - Equals
ok 2 - Equals
ok 3 - Equals
ok 4 - Equals
ok 5 - Equals
ok 6 - Equals
ok 7 - Equals
ok 8 - Equals
ok 9 - Equals
ok 10 - Equals
</system-out>
    <testcase name="Equals (406)" classname="spec_perl_TestNavParent3_t" time="0.000180959701538086" />
    <testcase name="Equals (407)" classname="spec_perl_TestNavParent3_t" time="7.00950622558594e-05" />
    <testcase name="Equals (408)" classname="spec_perl_TestNavParent3_t" time="0.000224828720092773" />
    <testcase name="Equals (409)" classname="spec_perl_TestNavParent3_t" time="7.41481781005859e-05" />
    <testcase name="Equals (410)" classname="spec_perl_TestNavParent3_t" time="0.000140905380249023" />
    <testcase name="Equals (411)" classname="spec_perl_TestNavParent3_t" time="0.000169992446899414" />
    <testcase name="Equals (412)" classname="spec_perl_TestNavParent3_t" time="0.000105142593383789" />
    <testcase name="Equals (413)" classname="spec_perl_TestNavParent3_t" time="0.000145912170410156" />
    <testcase name="Equals (414)" classname="spec_perl_TestNavParent3_t" time="0.000107049942016602" />
    <testcase name="Equals (415)" classname="spec_perl_TestNavParent3_t" time="0.000179052352905273" />
  </testsuite>
  <testsuite name="spec_perl_TestValidLong_t" errors="1" failures="0" skipped="0" tests="0" time="0.039680004119873">
    <system-out></system-out>
    <testcase name="Test died too soon, even before plan. (415)" classname="spec_perl_TestValidLong_t" time="0.039680004119873">
      <failure message="The test suite died before a plan was produced. You need to have a plan." type="Plan">No plan</failure>
    </testcase>
  </testsuite>
  <testsuite name="spec_perl_TestStrEncodings_t" errors="0" failures="0" skipped="0" tests="4" time="0.0648329257965088">
    <system-out>1..4
ok 1 - Equals
ok 2 - Equals
ok 3 - Equals
ok 4 - Equals
</system-out>
    <testcase name="Equals (416)" classname="spec_perl_TestStrEncodings_t" time="0.0201528072357178" />
    <testcase name="Equals (417)" classname="spec_perl_TestStrEncodings_t" time="9.29832458496094e-05" />
    <testcase name="Equals (418)" classname="spec_perl_TestStrEncodings_t" time="0.000177145004272461" />
    <testcase name="Equals (419)" classname="spec_perl_TestStrEncodings_t" time="0.000160932540893555" />
  </testsuite>
  <testsuite name="spec_perl_TestImportsRel1_t" errors="0" failures="0" skipped="0" tests="3" time="0.0420010089874268">
    <system-out>1..3
ok 1 - Equals
ok 2 - Equals
ok 3 - Equals
</system-out>
    <testcase name="Equals (420)" classname="spec_perl_TestImportsRel1_t" time="0.000236034393310547" />
    <testcase name="Equals (421)" classname="spec_perl_TestImportsRel1_t" time="8.20159912109375e-05" />
    <testcase name="Equals (422)" classname="spec_perl_TestImportsRel1_t" time="0.000143051147460938" />
  </testsuite>
  <testsuite name="spec_perl_TestSwitchManualIntSizeElse_t" errors="0" failures="0" skipped="0" tests="10" time="0.0472447872161865">
    <system-out>1..10
ok 1 - Equals
ok 2 - Equals
ok 3 - Equals
ok 4 - Equals
ok 5 - Equals
ok 6 - Equals
ok 7 - Equals
ok 8 - Equals
ok 9 - Equals
ok 10 - Equals
</system-out>
    <testcase name="Equals (423)" classname="spec_perl_TestSwitchManualIntSizeElse_t" time="0.000612020492553711" />
    <testcase name="Equals (424)" classname="spec_perl_TestSwitchManualIntSizeElse_t" time="8.41617584228516e-05" />
    <testcase name="Equals (425)" classname="spec_perl_TestSwitchManualIntSizeElse_t" time="0.00013279914855957" />
    <testcase name="Equals (426)" classname="spec_perl_TestSwitchManualIntSizeElse_t" time="0.000138044357299805" />
    <testcase name="Equals (427)" classname="spec_perl_TestSwitchManualIntSizeElse_t" time="0.000133991241455078" />
    <testcase name="Equals (428)" classname="spec_perl_TestSwitchManualIntSizeElse_t" time="0.000156164169311523" />
    <testcase name="Equals (429)" classname="spec_perl_TestSwitchManualIntSizeElse_t" time="0.000115871429443359" />
    <testcase name="Equals (430)" classname="spec_perl_TestSwitchManualIntSizeElse_t" time="0.000163078308105469" />
    <testcase name="Equals (431)" classname="spec_perl_TestSwitchManualIntSizeElse_t" time="0.000123023986816406" />
    <testcase name="Equals (432)" classname="spec_perl_TestSwitchManualIntSizeElse_t" time="0.000145912170410156" />
  </testsuite>
  <testsuite name="spec_perl_TestEofExceptionBytes_t" errors="0" failures="0" skipped="0" tests="1" time="0.0520291328430176">
    <system-out>1..1
ok 1 - Died
</system-out>
    <testcase name="Died (432)" classname="spec_perl_TestEofExceptionBytes_t" time="0.00014805793762207" />
  </testsuite>
  <testsuite name="spec_perl_TestBufferedStruct_t" errors="0" failures="0" skipped="0" tests="7" time="0.0420851707458496">
    <system-out>1..7
ok 1 - Equals
ok 2 - Equals
ok 3 - Equals
ok 4 - Equals
ok 5 - Equals
ok 6 - Equals
ok 7 - Equals
</system-out>
    <testcase name="Equals (433)" classname="spec_perl_TestBufferedStruct_t" time="0.000466108322143555" />
    <testcase name="Equals (434)" classname="spec_perl_TestBufferedStruct_t" time="8.70227813720703e-05" />
    <testcase name="Equals (435)" classname="spec_perl_TestBufferedStruct_t" time="0.000114917755126953" />
    <testcase name="Equals (436)" classname="spec_perl_TestBufferedStruct_t" time="0.000128984451293945" />
    <testcase name="Equals (437)" classname="spec_perl_TestBufferedStruct_t" time="0.000137090682983398" />
    <testcase name="Equals (438)" classname="spec_perl_TestBufferedStruct_t" time="0.000118017196655273" />
    <testcase name="Equals (439)" classname="spec_perl_TestBufferedStruct_t" time="0.000138044357299805" />
  </testsuite>
[...]
ok 10 # skip test_expr_calc_array_ops died
ok 11 # skip test_expr_calc_array_ops died
ok 12 # skip test_expr_calc_array_ops died
ok 13 # skip test_expr_calc_array_ops died
ok 14 # skip test_expr_calc_array_ops died
ok 15 # skip test_expr_calc_array_ops died
ok 16 # skip test_expr_calc_array_ops died
ok 17 # skip test_expr_calc_array_ops died
ok 18 # skip test_expr_calc_array_ops died
</system-out>
    <testcase name="test_expr_calc_array_ops died (Can't use string (&quot;1000&quot;) as an ARRAY ref while &quot;strict refs&quot; in use at compiled/perl/ExprCalcArrayOps.pm line 50.) (744)" classname="spec_perl_TestExprCalcArrayOps_t" time="0.00103306770324707">
      <failure message="not ok 1 - test_expr_calc_array_ops died (Can't use string (&quot;1000&quot;) as an ARRAY ref while &quot;strict refs&quot; in use at compiled/perl/ExprCalcArrayOps.pm line 50.)" type="TAP::Parser::Result::Test"></failure>
    </testcase>
    <testcase name="Unnamed test case 744" classname="spec_perl_TestExprCalcArrayOps_t" time="0.0010528564453125">
      <skipped message="ok 2 # skip test_expr_calc_array_ops died" />
    </testcase>
    <testcase name="Unnamed test case 745" classname="spec_perl_TestExprCalcArrayOps_t" time="0.000457048416137695">
      <skipped message="ok 3 # skip test_expr_calc_array_ops died" />
    </testcase>
    <testcase name="Unnamed test case 746" classname="spec_perl_TestExprCalcArrayOps_t" time="0.000426054000854492">
      <skipped message="ok 4 # skip test_expr_calc_array_ops died" />
    </testcase>
    <testcase name="Unnamed test case 747" classname="spec_perl_TestExprCalcArrayOps_t" time="0.000485897064208984">
      <skipped message="ok 5 # skip test_expr_calc_array_ops died" />
    </testcase>
    <testcase name="Unnamed test case 748" classname="spec_perl_TestExprCalcArrayOps_t" time="0.000286102294921875">
      <skipped message="ok 6 # skip test_expr_calc_array_ops died" />
    </testcase>
    <testcase name="Unnamed test case 749" classname="spec_perl_TestExprCalcArrayOps_t" time="0.000247955322265625">
      <skipped message="ok 7 # skip test_expr_calc_array_ops died" />
    </testcase>
    <testcase name="Unnamed test case 750" classname="spec_perl_TestExprCalcArrayOps_t" time="0.000221967697143555">
      <skipped message="ok 8 # skip test_expr_calc_array_ops died" />
    </testcase>
    <testcase name="Unnamed test case 751" classname="spec_perl_TestExprCalcArrayOps_t" time="0.000217199325561523">
      <skipped message="ok 9 # skip test_expr_calc_array_ops died" />
    </testcase>
    <testcase name="Unnamed test case 752" classname="spec_perl_TestExprCalcArrayOps_t" time="0.000218868255615234">
      <skipped message="ok 10 # skip test_expr_calc_array_ops died" />
    </testcase>
    <testcase name="Unnamed test case 753" classname="spec_perl_TestExprCalcArrayOps_t" time="0.000210046768188477">
      <skipped message="ok 11 # skip test_expr_calc_array_ops died" />
    </testcase>
    <testcase name="Unnamed test case 754" classname="spec_perl_TestExprCalcArrayOps_t" time="0.00023198127746582">
      <skipped message="ok 12 # skip test_expr_calc_array_ops died" />
    </testcase>
    <testcase name="Unnamed test case 755" classname="spec_perl_TestExprCalcArrayOps_t" time="0.000226974487304688">
      <skipped message="ok 13 # skip test_expr_calc_array_ops died" />
    </testcase>
    <testcase name="Unnamed test case 756" classname="spec_perl_TestExprCalcArrayOps_t" time="0.000221967697143555">
      <skipped message="ok 14 # skip test_expr_calc_array_ops died" />
    </testcase>
    <testcase name="Unnamed test case 757" classname="spec_perl_TestExprCalcArrayOps_t" time="0.000215053558349609">
      <skipped message="ok 15 # skip test_expr_calc_array_ops died" />
    </testcase>
    <testcase name="Unnamed test case 758" classname="spec_perl_TestExprCalcArrayOps_t" time="0.000217914581298828">
      <skipped message="ok 16 # skip test_expr_calc_array_ops died" />
    </testcase>
    <testcase name="Unnamed test case 759" classname="spec_perl_TestExprCalcArrayOps_t" time="0.000219106674194336">
      <skipped message="ok 17 # skip test_expr_calc_array_ops died" />
    </testcase>
    <testcase name="Unnamed test case 760" classname="spec_perl_TestExprCalcArrayOps_t" time="0.000210046768188477">
      <skipped message="ok 18 # skip test_expr_calc_array_ops died" />
    </testcase>
  </testsuite>
  <testsuite name="spec_perl_TestDefaultEndianExprException_t" errors="0" failures="0" skipped="0" tests="1" time="0.0427320003509521">
    <system-out>1..1
ok 1 - Died
</system-out>
    <testcase name="Died (760)" classname="spec_perl_TestDefaultEndianExprException_t" time="0.000226020812988281" />
  </testsuite>
  <testsuite name="spec_perl_TestParamsCallShort_t" errors="0" failures="3" skipped="0" tests="3" time="0.0479800701141357">
    <system-out>1..3
not ok 1 - Equals
not ok 2 - Equals
not ok 3 - Equals
</system-out>
    <testcase name="Equals (760)" classname="spec_perl_TestParamsCallShort_t" time="0.00445008277893066">
      <failure message="not ok 1 - Equals" type="TAP::Parser::Result::Test"></failure>
    </testcase>
    <testcase name="Equals (761)" classname="spec_perl_TestParamsCallShort_t" time="7.98702239990234e-05">
      <failure message="not ok 2 - Equals" type="TAP::Parser::Result::Test"></failure>
    </testcase>
    <testcase name="Equals (762)" classname="spec_perl_TestParamsCallShort_t" time="4.50611114501953e-05">
      <failure message="not ok 3 - Equals" type="TAP::Parser::Result::Test"></failure>
    </testcase>
  </testsuite>
  <testsuite name="spec_perl_TestExpr1_t" errors="0" failures="0" skipped="0" tests="4" time="0.0448050498962402">
    <system-out>1..4
ok 1 - Equals
ok 2 - Equals
ok 3 - Equals
ok 4 - Equals
</system-out>
    <testcase name="Equals (763)" classname="spec_perl_TestExpr1_t" time="0.00023198127746582" />
    <testcase name="Equals (764)" classname="spec_perl_TestExpr1_t" time="7.51018524169922e-05" />
    <testcase name="Equals (765)" classname="spec_perl_TestExpr1_t" time="0.000144004821777344" />
    <testcase name="Equals (766)" classname="spec_perl_TestExpr1_t" time="0.00014185905456543" />
  </testsuite>
  <testsuite name="spec_perl_TestExprSizeofType1_t" errors="0" failures="0" skipped="0" tests="2" time="0.041234016418457">
    <system-out>1..2
ok 1 - Equals
ok 2 - Equals
</system-out>
    <testcase name="Equals (767)" classname="spec_perl_TestExprSizeofType1_t" time="0.00023198127746582" />
    <testcase name="Equals (768)" classname="spec_perl_TestExprSizeofType1_t" time="8.82148742675781e-05" />
  </testsuite>
  <testsuite name="spec_perl_TestStrPadTerm_t" errors="0" failures="0" skipped="0" tests="4" time="0.0446581840515137">
    <system-out>1..4
ok 1 - Equals
ok 2 - Equals
ok 3 - Equals
ok 4 - Equals
</system-out>
    <testcase name="Equals (769)" classname="spec_perl_TestStrPadTerm_t" time="0.000274896621704102" />
    <testcase name="Equals (770)" classname="spec_perl_TestStrPadTerm_t" time="8.51154327392578e-05" />
    <testcase name="Equals (771)" classname="spec_perl_TestStrPadTerm_t" time="0.000124931335449219" />
    <testcase name="Equals (772)" classname="spec_perl_TestStrPadTerm_t" time="0.000158071517944336" />
  </testsuite>
  <testsuite name="spec_perl_TestIndexToParamExpr_t" errors="0" failures="2" skipped="0" tests="7" time="0.0867059230804443">
    <system-out>1..7
ok 1 - Equals
ok 2 - Equals
ok 3 - Equals
ok 4 - Equals
ok 5 - Equals
not ok 6 - Equals
not ok 7 - Equals
</system-out>
    <testcase name="Equals (773)" classname="spec_perl_TestIndexToParamExpr_t" time="0.000589847564697266" />
    <testcase name="Equals (774)" classname="spec_perl_TestIndexToParamExpr_t" time="0.000262022018432617" />
    <testcase name="Equals (775)" classname="spec_perl_TestIndexToParamExpr_t" time="0.000204086303710938" />
    <testcase name="Equals (776)" classname="spec_perl_TestIndexToParamExpr_t" time="0.000198841094970703" />
    <testcase name="Equals (777)" classname="spec_perl_TestIndexToParamExpr_t" time="0.000207185745239258" />
    <testcase name="Equals (778)" classname="spec_perl_TestIndexToParamExpr_t" time="0.000268936157226562">
      <failure message="not ok 6 - Equals" type="TAP::Parser::Result::Test"></failure>
    </testcase>
    <testcase name="Equals (779)" classname="spec_perl_TestIndexToParamExpr_t" time="0.000642061233520508">
      <failure message="not ok 7 - Equals" type="TAP::Parser::Result::Test"></failure>
    </testcase>
  </testsuite>
  <testsuite name="spec_perl_TestCastToImported_t" errors="0" failures="0" skipped="0" tests="2" time="0.0412750244140625">
    <system-out>1..2
ok 1 - Equals
ok 2 - Equals
</system-out>
    <testcase name="Equals (780)" classname="spec_perl_TestCastToImported_t" time="0.000195980072021484" />
    <testcase name="Equals (781)" classname="spec_perl_TestCastToImported_t" time="7.29560852050781e-05" />
  </testsuite>
  <testsuite name="spec_perl_TestTermStrz_t" errors="0" failures="0" skipped="0" tests="3" time="0.0448620319366455">
    <system-out>1..3
ok 1 - Equals
ok 2 - Equals
ok 3 - Equals
</system-out>
    <testcase name="Equals (782)" classname="spec_perl_TestTermStrz_t" time="0.000282049179077148" />
    <testcase name="Equals (783)" classname="spec_perl_TestTermStrz_t" time="9.70363616943359e-05" />
    <testcase name="Equals (784)" classname="spec_perl_TestTermStrz_t" time="0.000146865844726562" />
  </testsuite>
  <testsuite name="spec_perl_TestEnumOfValueInst_t" errors="0" failures="0" skipped="0" tests="4" time="0.042431116104126">
    <system-out>1..4
ok 1 - Equals
ok 2 - Equals
ok 3 - Equals
ok 4 - Equals
</system-out>
    <testcase name="Equals (785)" classname="spec_perl_TestEnumOfValueInst_t" time="0.000212907791137695" />
    <testcase name="Equals (786)" classname="spec_perl_TestEnumOfValueInst_t" time="7.51018524169922e-05" />
    <testcase name="Equals (787)" classname="spec_perl_TestEnumOfValueInst_t" time="0.000144004821777344" />
    <testcase name="Equals (788)" classname="spec_perl_TestEnumOfValueInst_t" time="0.000127077102661133" />
  </testsuite>
  <testsuite name="spec_perl_TestProcessCoerceSwitch_t" errors="0" failures="0" skipped="0" tests="3" time="0.0419111251831055">
    <system-out>1..3
ok 1 - Equals
ok 2 - Equals
ok 3 - Equals
</system-out>
    <testcase name="Equals (789)" classname="spec_perl_TestProcessCoerceSwitch_t" time="0.000445127487182617" />
    <testcase name="Equals (790)" classname="spec_perl_TestProcessCoerceSwitch_t" time="8.392333984375e-05" />
    <testcase name="Equals (791)" classname="spec_perl_TestProcessCoerceSwitch_t" time="9.79900360107422e-05" />
  </testsuite>
  <testsuite name="spec_perl_TestSwitchRepeatExpr_t" errors="0" failures="0" skipped="0" tests="3" time="0.0418729782104492">
    <system-out>1..3
ok 1 - Equals
ok 2 - Equals
ok 3 - Equals
</system-out>
    <testcase name="Equals (792)" classname="spec_perl_TestSwitchRepeatExpr_t" time="0.000425100326538086" />
    <testcase name="Equals (793)" classname="spec_perl_TestSwitchRepeatExpr_t" time="8.392333984375e-05" />
    <testcase name="Equals (794)" classname="spec_perl_TestSwitchRepeatExpr_t" time="0.000128984451293945" />
  </testsuite>
  <testsuite name="spec_perl_TestRepeatUntilCalcArrayType_t" errors="0" failures="0" skipped="0" tests="7" time="0.0426530838012695">
    <system-out>1..7
ok 1 - Equals
ok 2 - Equals
ok 3 - Equals
ok 4 - Equals
ok 5 - Equals
ok 6 - Equals
ok 7 - Equals
</system-out>
    <testcase name="Equals (795)" classname="spec_perl_TestRepeatUntilCalcArrayType_t" time="0.000463962554931641" />
    <testcase name="Equals (796)" classname="spec_perl_TestRepeatUntilCalcArrayType_t" time="8.98838043212891e-05" />
    <testcase name="Equals (797)" classname="spec_perl_TestRepeatUntilCalcArrayType_t" time="5.91278076171875e-05" />
    <testcase name="Equals (798)" classname="spec_perl_TestRepeatUntilCalcArrayType_t" time="0.000174045562744141" />
    <testcase name="Equals (799)" classname="spec_perl_TestRepeatUntilCalcArrayType_t" time="8.89301300048828e-05" />
    <testcase name="Equals (800)" classname="spec_perl_TestRepeatUntilCalcArrayType_t" time="0.000138998031616211" />
    <testcase name="Equals (801)" classname="spec_perl_TestRepeatUntilCalcArrayType_t" time="0.000127077102661133" />
  </testsuite>
  <testsuite name="spec_perl_TestDefaultEndianExprIsBe_t" errors="0" failures="0" skipped="0" tests="18" time="0.0451290607452393">
    <system-out>1..18
ok 1 - Equals
ok 2 - Equals
ok 3 - Equals
ok 4 - Equals
ok 5 - Equals
ok 6 - Equals
ok 7 - Equals
ok 8 - Equals
ok 9 - Equals
ok 10 - Equals
ok 11 - Equals
ok 12 - Equals
ok 13 - Equals
ok 14 - Equals
ok 15 - Equals
ok 16 - Equals
ok 17 - Equals
ok 18 - Equals
</system-out>
    <testcase name="Equals (802)" classname="spec_perl_TestDefaultEndianExprIsBe_t" time="0.000251054763793945" />
    <testcase name="Equals (803)" classname="spec_perl_TestDefaultEndianExprIsBe_t" time="8.29696655273438e-05" />
    <testcase name="Equals (804)" classname="spec_perl_TestDefaultEndianExprIsBe_t" time="0.000112056732177734" />
    <testcase name="Equals (805)" classname="spec_perl_TestDefaultEndianExprIsBe_t" time="0.000138044357299805" />
    <testcase name="Equals (806)" classname="spec_perl_TestDefaultEndianExprIsBe_t" time="0.000154018402099609" />
    <testcase name="Equals (807)" classname="spec_perl_TestDefaultEndianExprIsBe_t" time="0.000159978866577148" />
    <testcase name="Equals (808)" classname="spec_perl_TestDefaultEndianExprIsBe_t" time="0.000113964080810547" />
    <testcase name="Equals (809)" classname="spec_perl_TestDefaultEndianExprIsBe_t" time="0.000123977661132812" />
    <testcase name="Equals (810)" classname="spec_perl_TestDefaultEndianExprIsBe_t" time="0.0001220703125" />
    <testcase name="Equals (811)" classname="spec_perl_TestDefaultEndianExprIsBe_t" time="0.0001220703125" />
    <testcase name="Equals (812)" classname="spec_perl_TestDefaultEndianExprIsBe_t" time="0.000154972076416016" />
    <testcase name="Equals (813)" classname="spec_perl_TestDefaultEndianExprIsBe_t" time="0.00019383430480957" />
    <testcase name="Equals (814)" classname="spec_perl_TestDefaultEndianExprIsBe_t" time="0.000102996826171875" />
    <testcase name="Equals (815)" classname="spec_perl_TestDefaultEndianExprIsBe_t" time="0.000149011611938477" />
    <testcase name="Equals (816)" classname="spec_perl_TestDefaultEndianExprIsBe_t" time="0.000115156173706055" />
    <testcase name="Equals (817)" classname="spec_perl_TestDefaultEndianExprIsBe_t" time="0.000120878219604492" />
    <testcase name="Equals (818)" classname="spec_perl_TestDefaultEndianExprIsBe_t" time="0.000150918960571289" />
    <testcase name="Equals (819)" classname="spec_perl_TestDefaultEndianExprIsBe_t" time="0.000151157379150391" />
  </testsuite>
  <testsuite name="spec_perl_TestDefaultBigEndian_t" errors="0" failures="0" skipped="0" tests="1" time="0.0421960353851318">
    <system-out>1..1
ok 1 - Equals
</system-out>
    <testcase name="Equals (820)" classname="spec_perl_TestDefaultBigEndian_t" time="0.000163078308105469" />
  </testsuite>
  <testsuite name="spec_perl_TestOptionalId_t" errors="0" failures="0" skipped="0" tests="3" time="0.0418970584869385">
    <system-out>1..3
ok 1 - Equals
ok 2 - Equals
ok 3 - Equals
</system-out>
    <testcase name="Equals (821)" classname="spec_perl_TestOptionalId_t" time="0.000164985656738281" />
    <testcase name="Equals (822)" classname="spec_perl_TestOptionalId_t" time="0.000114917755126953" />
    <testcase name="Equals (823)" classname="spec_perl_TestOptionalId_t" time="0.000142097473144531" />
  </testsuite>
  <testsuite name="spec_perl_TestValidNotParsedIf_t" errors="1" failures="0" skipped="0" tests="0" time="0.0533900260925293">
    <system-out></system-out>
    <testcase name="Test died too soon, even before plan. (823)" classname="spec_perl_TestValidNotParsedIf_t" time="0.0533900260925293">
      <failure message="The test suite died before a plan was produced. You need to have a plan." type="Plan">No plan</failure>
    </testcase>
  </testsuite>
  <testsuite name="spec_perl_TestTermBytes_t" errors="0" failures="0" skipped="0" tests="3" time="0.0421690940856934">
    <system-out>1..3
ok 1 - Equals
ok 2 - Equals
ok 3 - Equals
</system-out>
    <testcase name="Equals (824)" classname="spec_perl_TestTermBytes_t" time="0.000216007232666016" />
    <testcase name="Equals (825)" classname="spec_perl_TestTermBytes_t" time="7.98702239990234e-05" />
    <testcase name="Equals (826)" classname="spec_perl_TestTermBytes_t" time="0.000151157379150391" />
  </testsuite>
  <testsuite name="spec_perl_TestYamlInts_t" errors="0" failures="0" skipped="0" tests="4" time="0.0470080375671387">
    <system-out>1..4
ok 1 - Equals
ok 2 - Equals
ok 3 - Equals
ok 4 - Equals
</system-out>
    <testcase name="Equals (827)" classname="spec_perl_TestYamlInts_t" time="0.000159978866577148" />
    <testcase name="Equals (828)" classname="spec_perl_TestYamlInts_t" time="0.000133991241455078" />
    <testcase name="Equals (829)" classname="spec_perl_TestYamlInts_t" time="0.00014805793762207" />
    <testcase name="Equals (830)" classname="spec_perl_TestYamlInts_t" time="0.000149965286254883" />
  </testsuite>
  <testsuite name="spec_perl_TestInstanceStdArray_t" errors="0" failures="0" skipped="0" tests="7" time="0.0416419506072998">
    <system-out>1..7
ok 1 - Equals
ok 2 - Equals
ok 3 - Equals
ok 4 - Equals
ok 5 - Equals
ok 6 - Equals
ok 7 - Equals
</system-out>
    <testcase name="Equals (831)" classname="spec_perl_TestInstanceStdArray_t" time="0.000205039978027344" />
    <testcase name="Equals (832)" classname="spec_perl_TestInstanceStdArray_t" time="8.70227813720703e-05" />
    <testcase name="Equals (833)" classname="spec_perl_TestInstanceStdArray_t" time="0.000139951705932617" />
    <testcase name="Equals (834)" classname="spec_perl_TestInstanceStdArray_t" time="0.000143051147460938" />
    <testcase name="Equals (835)" classname="spec_perl_TestInstanceStdArray_t" time="0.000113964080810547" />
    <testcase name="Equals (836)" classname="spec_perl_TestInstanceStdArray_t" time="0.000151872634887695" />
    <testcase name="Equals (837)" classname="spec_perl_TestInstanceStdArray_t" time="0.000109195709228516" />
  </testsuite>
  <testsuite name="spec_perl_TestJsSignedRightShift_t" errors="0" failures="0" skipped="0" tests="2" time="0.0412790775299072">
    <system-out>1..2
ok 1 - Equals
ok 2 - Equals
</system-out>
    <testcase name="Equals (838)" classname="spec_perl_TestJsSignedRightShift_t" time="0.000227928161621094" />
    <testcase name="Equals (839)" classname="spec_perl_TestJsSignedRightShift_t" time="7.91549682617188e-05" />
  </testsuite>
  <testsuite name="spec_perl_TestRepeatNStrz_t" errors="0" failures="0" skipped="0" tests="2" time="0.0440969467163086">
    <system-out>1..2
ok 1 - Equals
ok 2 - Equals
</system-out>
    <testcase name="Equals (840)" classname="spec_perl_TestRepeatNStrz_t" time="0.000283956527709961" />
    <testcase name="Equals (841)" classname="spec_perl_TestRepeatNStrz_t" time="7.89165496826172e-05" />
  </testsuite>
  <testsuite name="spec_perl_TestExprSizeofValueSized_t" errors="0" failures="0" skipped="0" tests="5" time="0.0421581268310547">
    <system-out>1..5
ok 1 - Equals
ok 2 - Equals
ok 3 - Equals
ok 4 - Equals
ok 5 - Equals
</system-out>
    <testcase name="Equals (842)" classname="spec_perl_TestExprSizeofValueSized_t" time="0.000455141067504883" />
    <testcase name="Equals (843)" classname="spec_perl_TestExprSizeofValueSized_t" time="8.48770141601562e-05" />
    <testcase name="Equals (844)" classname="spec_perl_TestExprSizeofValueSized_t" time="0.000121116638183594" />
    <testcase name="Equals (845)" classname="spec_perl_TestExprSizeofValueSized_t" time="0.000142812728881836" />
    <testcase name="Equals (846)" classname="spec_perl_TestExprSizeofValueSized_t" time="0.000117063522338867" />
  </testsuite>
</testsuites>
