<?xml version='1.0' encoding='utf-8'?>
<testsuites>
  <testsuite name="spec_perl_TestRepeatEosStruct_t" errors="0" failures="0" skipped="0" tests="5" time="0.0429351329803467">
    <system-out>1..5
ok 1 - Equals
ok 2 - Equals
ok 3 - Equals
ok 4 - Equals
ok 5 - Equals
</system-out>
    <testcase name="Equals" classname="spec_perl_TestRepeatEosStruct_t" time="0.00023198127746582" />
    <testcase name="Equals (2)" classname="spec_perl_TestRepeatEosStruct_t" time="7.89165496826172e-05" />
    <testcase name="Equals (3)" classname="spec_perl_TestRepeatEosStruct_t" time="0.0001220703125" />
    <testcase name="Equals (4)" classname="spec_perl_TestRepeatEosStruct_t" time="0.000168085098266602" />
    <testcase name="Equals (5)" classname="spec_perl_TestRepeatEosStruct_t" time="0.00010991096496582" />
  </testsuite>
  <testsuite name="spec_perl_TestParamsPassArrayStruct_t" errors="0" failures="1" skipped="2" tests="3" time="0.0496618747711182">
    <system-out>1..3
not ok 1 - test_params_pass_array_struct died (Can't use an undefined value as an ARRAY reference at spec/perl/TestParamsPassArrayStruct.t line 15.)
ok 2 # skip test_params_pass_array_struct died
ok 3 # skip test_params_pass_array_struct died
</system-out>
    <testcase name="test_params_pass_array_struct died (Can't use an undefined value as an ARRAY reference at spec/perl/TestParamsPassArrayStruct.t line 15.) (5)" classname="spec_perl_TestParamsPassArrayStruct_t" time="0.000313043594360352">
      <failure message="not ok 1 - test_params_pass_array_struct died (Can't use an undefined value as an ARRAY reference at spec/perl/TestParamsPassArrayStruct.t line 15.)" type="TAP::Parser::Result::Test"></failure>
    </testcase>
    <testcase name="Unnamed test case 5" classname="spec_perl_TestParamsPassArrayStruct_t" time="0.000379800796508789">
      <skipped message="ok 2 # skip test_params_pass_array_struct died" />
    </testcase>
    <testcase name="Unnamed test case 6" classname="spec_perl_TestParamsPassArrayStruct_t" time="0.00045013427734375">
      <skipped message="ok 3 # skip test_params_pass_array_struct died" />
    </testcase>
  </testsuite>
  <testsuite name="spec_perl_TestProcessCustom_t" errors="1" failures="0" skipped="0" tests="0" time="0.0428140163421631">
    <system-out></system-out>
    <testcase name="Test died too soon, even before plan. (6)" classname="spec_perl_TestProcessCustom_t" time="0.0428140163421631">
      <failure message="The test suite died before a plan was produced. You need to have a plan." type="Plan">No plan</failure>
    </testcase>
  </testsuite>
  <testsuite name="spec_perl_TestBitsByteAligned_t" errors="0" failures="0" skipped="0" tests="9" time="0.0374438762664795">
    <system-out>1..9
ok 1 - Equals
ok 2 - Equals
ok 3 - Equals
ok 4 - Equals
ok 5 - Equals
ok 6 - Equals
ok 7 - Equals
ok 8 - Equals
ok 9 - Equals
</system-out>
    <testcase name="Equals (6)" classname="spec_perl_TestBitsByteAligned_t" time="0.000233888626098633" />
    <testcase name="Equals (7)" classname="spec_perl_TestBitsByteAligned_t" time="7.82012939453125e-05" />
    <testcase name="Equals (8)" classname="spec_perl_TestBitsByteAligned_t" time="0.000147819519042969" />
    <testcase name="Equals (9)" classname="spec_perl_TestBitsByteAligned_t" time="0.000120162963867188" />
    <testcase name="Equals (10)" classname="spec_perl_TestBitsByteAligned_t" time="0.000191926956176758" />
    <testcase name="Equals (11)" classname="spec_perl_TestBitsByteAligned_t" time="0.000111103057861328" />
    <testcase name="Equals (12)" classname="spec_perl_TestBitsByteAligned_t" time="0.000121831893920898" />
    <testcase name="Equals (13)" classname="spec_perl_TestBitsByteAligned_t" time="0.0001220703125" />
    <testcase name="Equals (14)" classname="spec_perl_TestBitsByteAligned_t" time="0.0001220703125" />
  </testsuite>
  <testsuite name="spec_perl_TestCombineEnum_t" errors="0" failures="0" skipped="0" tests="3" time="0.041801929473877">
    <system-out>1..3
ok 1 - Equals
ok 2 - Equals
ok 3 - Equals
</system-out>
    <testcase name="Equals (15)" classname="spec_perl_TestCombineEnum_t" time="0.000200033187866211" />
    <testcase name="Equals (16)" classname="spec_perl_TestCombineEnum_t" time="9.98973846435547e-05" />
    <testcase name="Equals (17)" classname="spec_perl_TestCombineEnum_t" time="0.0001220703125" />
  </testsuite>
  <testsuite name="spec_perl_TestProcessRotate_t" errors="0" failures="0" skipped="0" tests="3" time="0.0426881313323975">
    <system-out>1..3
ok 1 - Equals
ok 2 - Equals
ok 3 - Equals
</system-out>
    <testcase name="Equals (18)" classname="spec_perl_TestProcessRotate_t" time="0.00024104118347168" />
    <testcase name="Equals (19)" classname="spec_perl_TestProcessRotate_t" time="8.392333984375e-05" />
    <testcase name="Equals (20)" classname="spec_perl_TestProcessRotate_t" time="0.000114917755126953" />
  </testsuite>
  <testsuite name="spec_perl_TestExprSizeofType0_t" errors="0" failures="0" skipped="0" tests="1" time="0.0536730289459229">
    <system-out>1..1
ok 1 - Equals
</system-out>
    <testcase name="Equals (21)" classname="spec_perl_TestExprSizeofType0_t" time="0.000222921371459961" />
  </testsuite>
  <testsuite name="spec_perl_TestDefaultEndianMod_t" errors="0" failures="0" skipped="0" tests="3" time="0.0425150394439697">
    <system-out>1..3
ok 1 - Equals
ok 2 - Equals
ok 3 - Equals
</system-out>
    <testcase name="Equals (22)" classname="spec_perl_TestDefaultEndianMod_t" time="0.00021815299987793" />
    <testcase name="Equals (23)" classname="spec_perl_TestDefaultEndianMod_t" time="7.79628753662109e-05" />
    <testcase name="Equals (24)" classname="spec_perl_TestDefaultEndianMod_t" time="0.000142097473144531" />
  </testsuite>
  <testsuite name="spec_perl_TestIoLocalVar_t" errors="0" failures="0" skipped="0" tests="2" time="0.0425090789794922">
    <system-out>1..2
ok 1 - Equals
ok 2 - Equals
</system-out>
    <testcase name="Equals (25)" classname="spec_perl_TestIoLocalVar_t" time="0.000429153442382812" />
    <testcase name="Equals (26)" classname="spec_perl_TestIoLocalVar_t" time="0.000114917755126953" />
  </testsuite>
  <testsuite name="spec_perl_TestBcdUserTypeBe_t" errors="0" failures="0" skipped="0" tests="6" time="0.0439190864562988">
    <system-out>1..6
ok 1 - Equals
ok 2 - Equals
ok 3 - Equals
ok 4 - Equals
ok 5 - Equals
ok 6 - Equals
</system-out>
    <testcase name="Equals (27)" classname="spec_perl_TestBcdUserTypeBe_t" time="0.00053095817565918" />
    <testcase name="Equals (28)" classname="spec_perl_TestBcdUserTypeBe_t" time="9.01222229003906e-05" />
    <testcase name="Equals (29)" classname="spec_perl_TestBcdUserTypeBe_t" time="0.000122785568237305" />
    <testcase name="Equals (30)" classname="spec_perl_TestBcdUserTypeBe_t" time="0.00014805793762207" />
    <testcase name="Equals (31)" classname="spec_perl_TestBcdUserTypeBe_t" time="0.000173091888427734" />
    <testcase name="Equals (32)" classname="spec_perl_TestBcdUserTypeBe_t" time="0.000155925750732422" />
  </testsuite>
  <testsuite name="spec_perl_TestHelloWorld_t" errors="0" failures="0" skipped="0" tests="1" time="0.0409538745880127">
    <system-out>1..1
ok 1 - Equals
</system-out>
    <testcase name="Equals (33)" classname="spec_perl_TestHelloWorld_t" time="0.000216960906982422" />
  </testsuite>
  <testsuite name="spec_perl_TestExprIntDiv_t" errors="0" failures="2" skipped="0" tests="6" time="0.0500619411468506">
    <system-out>1..6
ok 1 - Equals
ok 2 - Equals
ok 3 - Equals
not ok 4 - Equals
ok 5 - Equals
not ok 6 - Equals
</system-out>
    <testcase name="Equals (34)" classname="spec_perl_TestExprIntDiv_t" time="0.000217914581298828" />
    <testcase name="Equals (35)" classname="spec_perl_TestExprIntDiv_t" time="7.70092010498047e-05" />
    <testcase name="Equals (36)" classname="spec_perl_TestExprIntDiv_t" time="0.000152111053466797" />
    <testcase name="Equals (37)" classname="spec_perl_TestExprIntDiv_t" time="0.000194787979125977">
      <failure message="not ok 4 - Equals" type="TAP::Parser::Result::Test"></failure>
    </testcase>
    <testcase name="Equals (38)" classname="spec_perl_TestExprIntDiv_t" time="0.00204801559448242" />
    <testcase name="Equals (39)" classname="spec_perl_TestExprIntDiv_t" time="8.20159912109375e-05">
      <failure message="not ok 6 - Equals" type="TAP::Parser::Result::Test"></failure>
    </testcase>
  </testsuite>
  <testsuite name="spec_perl_TestTermBytes_t" errors="0" failures="0" skipped="0" tests="3" time="0.041795015335083">
    <system-out>1..3
ok 1 - Equals
ok 2 - Equals
ok 3 - Equals
</system-out>
    <testcase name="Equals (40)" classname="spec_perl_TestTermBytes_t" time="0.000223159790039062" />
    <testcase name="Equals (41)" classname="spec_perl_TestTermBytes_t" time="7.98702239990234e-05" />
    <testcase name="Equals (42)" classname="spec_perl_TestTermBytes_t" time="0.000146150588989258" />
  </testsuite>
  <testsuite name="spec_perl_TestRepeatNStrz_t" errors="0" failures="0" skipped="0" tests="2" time="0.0452890396118164">
    <system-out>1..2
ok 1 - Equals
ok 2 - Equals
</system-out>
    <testcase name="Equals (43)" classname="spec_perl_TestRepeatNStrz_t" time="0.000283956527709961" />
    <testcase name="Equals (44)" classname="spec_perl_TestRepeatNStrz_t" time="7.79628753662109e-05" />
  </testsuite>
  <testsuite name="spec_perl_TestSwitchManualIntSize_t" errors="0" failures="1" skipped="0" tests="10" time="0.0508289337158203">
    <system-out>1..10
ok 1 - Equals
ok 2 - Equals
ok 3 - Equals
ok 4 - Equals
ok 5 - Equals
not ok 6 - test switch manual int size
ok 7 - Equals
ok 8 - Equals
ok 9 - Equals
ok 10 - Equals
</system-out>
    <testcase name="Equals (45)" classname="spec_perl_TestSwitchManualIntSize_t" time="0.000563859939575195" />
    <testcase name="Equals (46)" classname="spec_perl_TestSwitchManualIntSize_t" time="8.0108642578125e-05" />
    <testcase name="Equals (47)" classname="spec_perl_TestSwitchManualIntSize_t" time="0.000124931335449219" />
    <testcase name="Equals (48)" classname="spec_perl_TestSwitchManualIntSize_t" time="0.000133991241455078" />
    <testcase name="Equals (49)" classname="spec_perl_TestSwitchManualIntSize_t" time="0.000123023986816406" />
    <testcase name="test switch manual int size (49)" classname="spec_perl_TestSwitchManualIntSize_t" time="0.002655029296875">
      <failure message="not ok 6 - test switch manual int size" type="TAP::Parser::Result::Test"></failure>
    </testcase>
    <testcase name="Equals (50)" classname="spec_perl_TestSwitchManualIntSize_t" time="9.70363616943359e-05" />
    <testcase name="Equals (51)" classname="spec_perl_TestSwitchManualIntSize_t" time="6.50882720947266e-05" />
    <testcase name="Equals (52)" classname="spec_perl_TestSwitchManualIntSize_t" time="4.1961669921875e-05" />
    <testcase name="Equals (53)" classname="spec_perl_TestSwitchManualIntSize_t" time="3.79085540771484e-05" />
  </testsuite>
  <testsuite name="spec_perl_TestMultipleUse_t" errors="0" failures="0" skipped="0" tests="2" time="0.042241096496582">
    <system-out>1..2
ok 1 - Equals
ok 2 - Equals
</system-out>
    <testcase name="Equals (54)" classname="spec_perl_TestMultipleUse_t" time="0.000208854675292969" />
    <testcase name="Equals (55)" classname="spec_perl_TestMultipleUse_t" time="9.29832458496094e-05" />
  </testsuite>
  <testsuite name="spec_perl_TestOpaqueExternalType02Parent_t" errors="0" failures="0" skipped="0" tests="3" time="0.047731876373291">
    <system-out>1..3
ok 1 - Equals
ok 2 - Equals
ok 3 - Equals
</system-out>
    <testcase name="Equals (56)" classname="spec_perl_TestOpaqueExternalType02Parent_t" time="0.000323057174682617" />
    <testcase name="Equals (57)" classname="spec_perl_TestOpaqueExternalType02Parent_t" time="8.70227813720703e-05" />
    <testcase name="Equals (58)" classname="spec_perl_TestOpaqueExternalType02Parent_t" time="0.000142812728881836" />
  </testsuite>
  <testsuite name="spec_perl_TestEnumToI_t" errors="0" failures="0" skipped="0" tests="5" time="0.0428938865661621">
    <system-out>1..5
ok 1 - Equals
ok 2 - Equals
ok 3 - Equals
ok 4 - Equals
ok 5 - Equals
</system-out>
    <testcase name="Equals (59)" classname="spec_perl_TestEnumToI_t" time="0.000214099884033203" />
    <testcase name="Equals (60)" classname="spec_perl_TestEnumToI_t" time="7.70092010498047e-05" />
    <testcase name="Equals (61)" classname="spec_perl_TestEnumToI_t" time="0.00014495849609375" />
    <testcase name="Equals (62)" classname="spec_perl_TestEnumToI_t" time="0.0001220703125" />
    <testcase name="Equals (63)" classname="spec_perl_TestEnumToI_t" time="0.000138998031616211" />
  </testsuite>
  <testsuite name="spec_perl_TestRepeatUntilS4_t" errors="0" failures="0" skipped="0" tests="2" time="0.0445501804351807">
    <system-out>1..2
ok 1 - Equals
ok 2 - Equals
</system-out>
    <testcase name="Equals (64)" classname="spec_perl_TestRepeatUntilS4_t" time="0.000224828720092773" />
    <testcase name="Equals (65)" classname="spec_perl_TestRepeatUntilS4_t" time="7.41481781005859e-05" />
  </testsuite>
  <testsuite name="spec_perl_TestOptionalId_t" errors="0" failures="0" skipped="0" tests="3" time="0.0434908866882324">
    <system-out>1..3
ok 1 - Equals
ok 2 - Equals
ok 3 - Equals
</system-out>
    <testcase name="Equals (66)" classname="spec_perl_TestOptionalId_t" time="0.000225067138671875" />
    <testcase name="Equals (67)" classname="spec_perl_TestOptionalId_t" time="7.79628753662109e-05" />
    <testcase name="Equals (68)" classname="spec_perl_TestOptionalId_t" time="0.000143051147460938" />
  </testsuite>
  <testsuite name="spec_perl_TestProcessCustomNoArgs_t" errors="1" failures="0" skipped="0" tests="0" time="0.0444979667663574">
    <system-out></system-out>
    <testcase name="Test died too soon, even before plan. (68)" classname="spec_perl_TestProcessCustomNoArgs_t" time="0.0444979667663574">
      <failure message="The test suite died before a plan was produced. You need to have a plan." type="Plan">No plan</failure>
    </testcase>
  </testsuite>
  <testsuite name="spec_perl_TestIndexToParamUntil_t" errors="0" failures="2" skipped="0" tests="7" time="0.0482649803161621">
    <system-out>1..7
ok 1 - Equals
ok 2 - Equals
ok 3 - Equals
ok 4 - Equals
ok 5 - Equals
not ok 6 - Equals
not ok 7 - Equals
</system-out>
    <testcase name="Equals (69)" classname="spec_perl_TestIndexToParamUntil_t" time="0.0042719841003418" />
    <testcase name="Equals (70)" classname="spec_perl_TestIndexToParamUntil_t" time="9.82284545898438e-05" />
    <testcase name="Equals (71)" classname="spec_perl_TestIndexToParamUntil_t" time="4.88758087158203e-05" />
    <testcase name="Equals (72)" classname="spec_perl_TestIndexToParamUntil_t" time="4.10079956054688e-05" />
    <testcase name="Equals (73)" classname="spec_perl_TestIndexToParamUntil_t" time="4.79221343994141e-05" />
    <testcase name="Equals (74)" classname="spec_perl_TestIndexToParamUntil_t" time="4.91142272949219e-05">
      <failure message="not ok 6 - Equals" type="TAP::Parser::Result::Test"></failure>
    </testcase>
    <testcase name="Equals (75)" classname="spec_perl_TestIndexToParamUntil_t" time="4.00543212890625e-05">
      <failure message="not ok 7 - Equals" type="TAP::Parser::Result::Test"></failure>
    </testcase>
  </testsuite>
  <testsuite name="spec_perl_TestExprCalcArrayOps_t" errors="0" failures="1" skipped="17" tests="18" time="0.0644621849060059">
    <system-out>1..18
not ok 1 - test_expr_calc_array_ops died (Can't use string (&quot;1000&quot;) as an ARRAY ref while &quot;strict refs&quot; in use at compiled/perl/ExprCalcArrayOps.pm line 50.)
ok 2 # skip test_expr_calc_array_ops died
ok 3 # skip test_expr_calc_array_ops died
ok 4 # skip test_expr_calc_array_ops died
ok 5 # skip test_expr_calc_array_ops died
ok 6 # skip test_expr_calc_array_ops died
ok 7 # skip test_expr_calc_array_ops died
ok 8 # skip test_expr_calc_array_ops died
ok 9 # skip test_expr_calc_array_ops died
ok 10 # skip test_expr_calc_array_ops died
ok 11 # skip test_expr_calc_array_ops died
ok 12 # skip test_expr_calc_array_ops died
ok 13 # skip test_expr_calc_array_ops died
ok 14 # skip test_expr_calc_array_ops died
ok 15 # skip test_expr_calc_array_ops died
ok 16 # skip test_expr_calc_array_ops died
ok 17 # skip test_expr_calc_array_ops died
ok 18 # skip test_expr_calc_array_ops died
</system-out>
    <testcase name="test_expr_calc_array_ops died (Can't use string (&quot;1000&quot;) as an ARRAY ref while &quot;strict refs&quot; in use at compiled/perl/ExprCalcArrayOps.pm line 50.) (75)" classname="spec_perl_TestExprCalcArrayOps_t" time="0.000867843627929688">
      <failure message="not ok 1 - test_expr_calc_array_ops died (Can't use string (&quot;1000&quot;) as an ARRAY ref while &quot;strict refs&quot; in use at compiled/perl/ExprCalcArrayOps.pm line 50.)" type="TAP::Parser::Result::Test"></failure>
    </testcase>
    <testcase name="Unnamed test case 75" classname="spec_perl_TestExprCalcArrayOps_t" time="0.00103211402893066">
      <skipped message="ok 2 # skip test_expr_calc_array_ops died" />
    </testcase>
    <testcase name="Unnamed test case 76" classname="spec_perl_TestExprCalcArrayOps_t" time="0.000407934188842773">
      <skipped message="ok 3 # skip test_expr_calc_array_ops died" />
    </testcase>
    <testcase name="Unnamed test case 77" classname="spec_perl_TestExprCalcArrayOps_t" time="0.000344991683959961">
      <skipped message="ok 4 # skip test_expr_calc_array_ops died" />
    </testcase>
    <testcase name="Unnamed test case 78" classname="spec_perl_TestExprCalcArrayOps_t" time="0.000391006469726562">
      <skipped message="ok 5 # skip test_expr_calc_array_ops died" />
    </testcase>
    <testcase name="Unnamed test case 79" classname="spec_perl_TestExprCalcArrayOps_t" time="0.000375032424926758">
      <skipped message="ok 6 # skip test_expr_calc_array_ops died" />
    </testcase>
    <testcase name="Unnamed test case 80" classname="spec_perl_TestExprCalcArrayOps_t" time="0.000277996063232422">
      <skipped message="ok 7 # skip test_expr_calc_array_ops died" />
    </testcase>
    <testcase name="Unnamed test case 81" classname="spec_perl_TestExprCalcArrayOps_t" time="0.000247001647949219">
      <skipped message="ok 8 # skip test_expr_calc_array_ops died" />
    </testcase>
    <testcase name="Unnamed test case 82" classname="spec_perl_TestExprCalcArrayOps_t" time="0.000256061553955078">
      <skipped message="ok 9 # skip test_expr_calc_array_ops died" />
    </testcase>
    <testcase name="Unnamed test case 83" classname="spec_perl_TestExprCalcArrayOps_t" time="0.000234842300415039">
      <skipped message="ok 10 # skip test_expr_calc_array_ops died" />
    </testcase>
    <testcase name="Unnamed test case 84" classname="spec_perl_TestExprCalcArrayOps_t" time="0.000225067138671875">
      <skipped message="ok 11 # skip test_expr_calc_array_ops died" />
    </testcase>
    <testcase name="Unnamed test case 85" classname="spec_perl_TestExprCalcArrayOps_t" time="0.000232934951782227">
      <skipped message="ok 12 # skip test_expr_calc_array_ops died" />
    </testcase>
    <testcase name="Unnamed test case 86" classname="spec_perl_TestExprCalcArrayOps_t" time="0.000220060348510742">
      <skipped message="ok 13 # skip test_expr_calc_array_ops died" />
    </testcase>
    <testcase name="Unnamed test case 87" classname="spec_perl_TestExprCalcArrayOps_t" time="0.000224113464355469">
      <skipped message="ok 14 # skip test_expr_calc_array_ops died" />
    </testcase>
    <testcase name="Unnamed test case 88" classname="spec_perl_TestExprCalcArrayOps_t" time="0.000238895416259766">
      <skipped message="ok 15 # skip test_expr_calc_array_ops died" />
    </testcase>
    <testcase name="Unnamed test case 89" classname="spec_perl_TestExprCalcArrayOps_t" time="0.000358104705810547">
      <skipped message="ok 16 # skip test_expr_calc_array_ops died" />
    </testcase>
    <testcase name="Unnamed test case 90" classname="spec_perl_TestExprCalcArrayOps_t" time="0.00034785270690918">
      <skipped message="ok 17 # skip test_expr_calc_array_ops died" />
    </testcase>
    <testcase name="Unnamed test case 91" classname="spec_perl_TestExprCalcArrayOps_t" time="0.000339984893798828">
      <skipped message="ok 18 # skip test_expr_calc_array_ops died" />
    </testcase>
  </testsuite>
  <testsuite name="spec_perl_TestNestedTypeParam_t" errors="0" failures="2" skipped="0" tests="2" time="0.0523660182952881">
    <system-out>1..2
not ok 1 - Equals
not ok 2 - Equals
</system-out>
    <testcase name="Equals (91)" classname="spec_perl_TestNestedTypeParam_t" time="0.0023798942565918">
      <failure message="not ok 1 - Equals" type="TAP::Parser::Result::Test"></failure>
    </testcase>
    <testcase name="Equals (92)" classname="spec_perl_TestNestedTypeParam_t" time="0.00187802314758301">
      <failure message="not ok 2 - Equals" type="TAP::Parser::Result::Test"></failure>
    </testcase>
  </testsuite>
  <testsuite name="spec_perl_TestUserType_t" errors="0" failures="0" skipped="0" tests="2" time="0.0420808792114258">
    <system-out>1..2
ok 1 - Equals
ok 2 - Equals
</system-out>
    <testcase name="Equals (93)" classname="spec_perl_TestUserType_t" time="0.000220060348510742" />
    <testcase name="Equals (94)" classname="spec_perl_TestUserType_t" time="7.79628753662109e-05" />
  </testsuite>
  <testsuite name="spec_perl_TestRepeatUntilSized_t" errors="0" failures="0" skipped="0" tests="7" time="0.0424261093139648">
    <system-out>1..7
ok 1 - Equals
ok 2 - Equals
ok 3 - Equals
ok 4 - Equals
ok 5 - Equals
ok 6 - Equals
ok 7 - Equals
</system-out>
    <testcase name="Equals (95)" classname="spec_perl_TestRepeatUntilSized_t" time="0.000459909439086914" />
    <testcase name="Equals (96)" classname="spec_perl_TestRepeatUntilSized_t" time="7.91549682617188e-05" />
    <testcase name="Equals (97)" classname="spec_perl_TestRepeatUntilSized_t" time="0.000105857849121094" />
    <testcase name="Equals (98)" classname="spec_perl_TestRepeatUntilSized_t" time="0.000138998031616211" />
    <testcase name="Equals (99)" classname="spec_perl_TestRepeatUntilSized_t" time="0.000135183334350586" />
    <testcase name="Equals (100)" classname="spec_perl_TestRepeatUntilSized_t" time="0.000135898590087891" />
    <testcase name="Equals (101)" classname="spec_perl_TestRepeatUntilSized_t" time="0.000128984451293945" />
  </testsuite>
  <testsuite name="spec_perl_TestBytesPadTerm_t" errors="0" failures="0" skipped="0" tests="4" time="0.0431749820709229">
    <system-out>1..4
ok 1 - Equals
ok 2 - Equals
ok 3 - Equals
ok 4 - Equals
</system-out>
    <testcase name="Equals (102)" classname="spec_perl_TestBytesPadTerm_t" time="0.000262022018432617" />
    <testcase name="Equals (103)" classname="spec_perl_TestBytesPadTerm_t" time="0.000103950500488281" />
    <testcase name="Equals (104)" classname="spec_perl_TestBytesPadTerm_t" time="6.29425048828125e-05" />
    <testcase name="Equals (105)" classname="spec_perl_TestBytesPadTerm_t" time="0.000168085098266602" />
  </testsuite>
  <testsuite name="spec_perl_TestDebug0_t" errors="0" failures="0" skipped="1" tests="1" time="0.04203200340271">
    <system-out>1..1
ok 1 # skip test_debug_0
</system-out>
    <testcase name="Unnamed test case 105" classname="spec_perl_TestDebug0_t" time="0.000284910202026367">
      <skipped message="ok 1 # skip test_debug_0" />
    </testcase>
  </testsuite>
  <testsuite name="spec_perl_TestFloatingPoints_t" errors="0" failures="0" skipped="0" tests="8" time="0.0487170219421387">
    <system-out>1..8
ok 1 - Approx equals
ok 2 - Approx equals
ok 3 - Approx equals
ok 4 - Approx equals
ok 5 - Approx equals
ok 6 - Approx equals
ok 7 - Approx equals
ok 8 - Approx equals
</system-out>
    <testcase name="Approx equals (105)" classname="spec_perl_TestFloatingPoints_t" time="0.000165224075317383" />
    <testcase name="Approx equals (106)" classname="spec_perl_TestFloatingPoints_t" time="5.38825988769531e-05" />
    <testcase name="Approx equals (107)" classname="spec_perl_TestFloatingPoints_t" time="5.88893890380859e-05" />
    <testcase name="Approx equals (108)" classname="spec_perl_TestFloatingPoints_t" time="4.50611114501953e-05" />
    <testcase name="Approx equals (109)" classname="spec_perl_TestFloatingPoints_t" time="4.1961669921875e-05" />
    <testcase name="Approx equals (110)" classname="spec_perl_TestFloatingPoints_t" time="4.00543212890625e-05" />
    <testcase name="Approx equals (111)" classname="spec_perl_TestFloatingPoints_t" time="5.41210174560547e-05" />
    <testcase name="Approx equals (112)" classname="spec_perl_TestFloatingPoints_t" time="3.79085540771484e-05" />
  </testsuite>
  <testsuite name="spec_perl_TestParamsEnum_t" errors="0" failures="1" skipped="0" tests="2" time="0.0484230518341064">
    <system-out>1..2
ok 1 - Equals
not ok 2 - Equals
</system-out>
    <testcase name="Equals (112)" classname="spec_perl_TestParamsEnum_t" time="0.000238895416259766" />
    <testcase name="Equals (113)" classname="spec_perl_TestParamsEnum_t" time="0.000152111053466797">
      <failure message="not ok 2 - Equals" type="TAP::Parser::Result::Test"></failure>
    </testcase>
  </testsuite>
  <testsuite name="spec_perl_TestValidNotParsedIf_t" errors="1" failures="0" skipped="0" tests="0" time="0.0595018863677979">
    <system-out></system-out>
    <testcase name="Test died too soon, even before plan. (113)" classname="spec_perl_TestValidNotParsedIf_t" time="0.0595018863677979">
      <failure message="The test suite died before a plan was produced. You need to have a plan." type="Plan">No plan</failure>
    </testcase>
  </testsuite>
  <testsuite name="spec_perl_TestNestedTypes_t" errors="0" failures="0" skipped="0" tests="3" time="0.0448460578918457">
    <system-out>1..3
ok 1 - Equals
ok 2 - Equals
ok 3 - Equals
</system-out>
    <testcase name="Equals (114)" classname="spec_perl_TestNestedTypes_t" time="0.000255823135375977" />
    <testcase name="Equals (115)" classname="spec_perl_TestNestedTypes_t" time="7.70092010498047e-05" />
    <testcase name="Equals (116)" classname="spec_perl_TestNestedTypes_t" time="0.000144004821777344" />
  </testsuite>
  <testsuite name="spec_perl_TestZlibSurrounded_t" errors="0" failures="0" skipped="0" tests="1" time="0.0624361038208008">
    <system-out>1..1
ok 1 - Equals
</system-out>
    <testcase name="Equals (117)" classname="spec_perl_TestZlibSurrounded_t" time="0.000542163848876953" />
  </testsuite>
  <testsuite name="spec_perl_TestIndexToParamEos_t" errors="0" failures="2" skipped="0" tests="7" time="0.0557348728179932">
    <system-out>1..7
ok 1 - Equals
ok 2 - Equals
ok 3 - Equals
ok 4 - Equals
ok 5 - Equals
not ok 6 - Equals
not ok 7 - Equals
</system-out>
    <testcase name="Equals (118)" classname="spec_perl_TestIndexToParamEos_t" time="0.00933504104614258" />
    <testcase name="Equals (119)" classname="spec_perl_TestIndexToParamEos_t" time="9.79900360107422e-05" />
    <testcase name="Equals (120)" classname="spec_perl_TestIndexToParamEos_t" time="4.69684600830078e-05" />
    <testcase name="Equals (121)" classname="spec_perl_TestIndexToParamEos_t" time="3.69548797607422e-05" />
    <testcase name="Equals (122)" classname="spec_perl_TestIndexToParamEos_t" time="3.40938568115234e-05" />
    <testcase name="Equals (123)" classname="spec_perl_TestIndexToParamEos_t" time="4.29153442382812e-05">
      <failure message="not ok 6 - Equals" type="TAP::Parser::Result::Test"></failure>
    </testcase>
    <testcase name="Equals (124)" classname="spec_perl_TestIndexToParamEos_t" time="3.29017639160156e-05">
      <failure message="not ok 7 - Equals" type="TAP::Parser::Result::Test"></failure>
    </testcase>
  </testsuite>
  <testsuite name="spec_perl_TestBitsSimpleLe_t" errors="0" failures="0" skipped="0" tests="14" time="0.0439801216125488">
    <system-out>1..14
ok 1 - Equals
ok 2 - Equals
ok 3 - Equals
ok 4 - Equals
ok 5 - Equals
ok 6 - Equals
ok 7 - Equals
ok 8 - Equals
ok 9 - Equals
ok 10 - Equals
ok 11 - Equals
ok 12 - Equals
ok 13 - Equals
ok 14 - Equals
</system-out>
    <testcase name="Equals (125)" classname="spec_perl_TestBitsSimpleLe_t" time="0.00023198127746582" />
    <testcase name="Equals (126)" classname="spec_perl_TestBitsSimpleLe_t" time="7.79628753662109e-05" />
    <testcase name="Equals (127)" classname="spec_perl_TestBitsSimpleLe_t" time="0.000129938125610352" />
    <testcase name="Equals (128)" classname="spec_perl_TestBitsSimpleLe_t" time="0.000131130218505859" />
    <testcase name="Equals (129)" classname="spec_perl_TestBitsSimpleLe_t" time="0.000139951705932617" />
    <testcase name="Equals (130)" classname="spec_perl_TestBitsSimpleLe_t" time="0.000123977661132812" />
    <testcase name="Equals (131)" classname="spec_perl_TestBitsSimpleLe_t" time="0.000131130218505859" />
    <testcase name="Equals (132)" classname="spec_perl_TestBitsSimpleLe_t" time="0.000116825103759766" />
    <testcase name="Equals (133)" classname="spec_perl_TestBitsSimpleLe_t" time="0.000121116638183594" />
    <testcase name="Equals (134)" classname="spec_perl_TestBitsSimpleLe_t" time="0.000150918960571289" />
    <testcase name="Equals (135)" classname="spec_perl_TestBitsSimpleLe_t" time="0.000110149383544922" />
    <testcase name="Equals (136)" classname="spec_perl_TestBitsSimpleLe_t" time="0.000144004821777344" />
    <testcase name="Equals (137)" classname="spec_perl_TestBitsSimpleLe_t" time="0.000126838684082031" />
    <testcase name="Equals (138)" classname="spec_perl_TestBitsSimpleLe_t" time="0.00014805793762207" />
  </testsuite>
  <testsuite name="spec_perl_TestExprBytesCmp_t" errors="0" failures="0" skipped="0" tests="10" time="0.0453081130981445">
    <system-out>1..10
ok 1 - Equals
ok 2 - Equals
ok 3 - Equals
ok 4 - Equals
ok 5 - Equals
ok 6 - Equals
ok 7 - Equals
ok 8 - Equals
ok 9 - Equals
ok 10 - Equals
</system-out>
    <testcase name="Equals (139)" classname="spec_perl_TestExprBytesCmp_t" time="0.000225067138671875" />
    <testcase name="Equals (140)" classname="spec_perl_TestExprBytesCmp_t" time="8.20159912109375e-05" />
    <testcase name="Equals (141)" classname="spec_perl_TestExprBytesCmp_t" time="0.00014495849609375" />
    <testcase name="Equals (142)" classname="spec_perl_TestExprBytesCmp_t" time="0.00014495849609375" />
    <testcase name="Equals (143)" classname="spec_perl_TestExprBytesCmp_t" time="0.000137090682983398" />
    <testcase name="Equals (144)" classname="spec_perl_TestExprBytesCmp_t" time="0.000153064727783203" />
    <testcase name="Equals (145)" classname="spec_perl_TestExprBytesCmp_t" time="0.000124931335449219" />
    <testcase name="Equals (146)" classname="spec_perl_TestExprBytesCmp_t" time="0.00014495849609375" />
    <testcase name="Equals (147)" classname="spec_perl_TestExprBytesCmp_t" time="0.000130176544189453" />
    <testcase name="Equals (148)" classname="spec_perl_TestExprBytesCmp_t" time="0.000161886215209961" />
  </testsuite>
  <testsuite name="spec_perl_TestBufferedStruct_t" errors="0" failures="0" skipped="0" tests="7" time="0.0433871746063232">
    <system-out>1..7
ok 1 - Equals
ok 2 - Equals
ok 3 - Equals
ok 4 - Equals
ok 5 - Equals
ok 6 - Equals
ok 7 - Equals
</system-out>
    <testcase name="Equals (149)" classname="spec_perl_TestBufferedStruct_t" time="0.000542879104614258" />
    <testcase name="Equals (150)" classname="spec_perl_TestBufferedStruct_t" time="0.000103950500488281" />
    <testcase name="Equals (151)" classname="spec_perl_TestBufferedStruct_t" time="4.81605529785156e-05" />
    <testcase name="Equals (152)" classname="spec_perl_TestBufferedStruct_t" time="5.60283660888672e-05" />
    <testcase name="Equals (153)" classname="spec_perl_TestBufferedStruct_t" time="0.000152826309204102" />
    <testcase name="Equals (154)" classname="spec_perl_TestBufferedStruct_t" time="0.000128030776977539" />
    <testcase name="Equals (155)" classname="spec_perl_TestBufferedStruct_t" time="0.000129938125610352" />
  </testsuite>
  <testsuite name="spec_perl_TestTypeTernaryOpaque_t" errors="0" failures="0" skipped="0" tests="3" time="0.056671142578125">
    <system-out>1..3
ok 1 - Equals
ok 2 - Equals
ok 3 - Equals
</system-out>
    <testcase name="Equals (156)" classname="spec_perl_TestTypeTernaryOpaque_t" time="0.000524997711181641" />
    <testcase name="Equals (157)" classname="spec_perl_TestTypeTernaryOpaque_t" time="9.51290130615234e-05" />
    <testcase name="Equals (158)" classname="spec_perl_TestTypeTernaryOpaque_t" time="5.69820404052734e-05" />
  </testsuite>
  <testsuite name="spec_perl_TestNestedSameName2_t" errors="0" failures="0" skipped="0" tests="5" time="0.0423181056976318">
    <system-out>1..5
ok 1 - Equals
ok 2 - Equals
ok 3 - Equals
ok 4 - Equals
ok 5 - Equals
</system-out>
    <testcase name="Equals (159)" classname="spec_perl_TestNestedSameName2_t" time="0.000277042388916016" />
    <testcase name="Equals (160)" classname="spec_perl_TestNestedSameName2_t" time="8.10623168945312e-05" />
    <testcase name="Equals (161)" classname="spec_perl_TestNestedSameName2_t" time="8.29696655273438e-05" />
    <testcase name="Equals (162)" classname="spec_perl_TestNestedSameName2_t" time="0.000145912170410156" />
    <testcase name="Equals (163)" classname="spec_perl_TestNestedSameName2_t" time="0.00012516975402832" />
  </testsuite>
  <testsuite name="spec_perl_TestExprIoEof_t" errors="0" failures="0" skipped="0" tests="4" time="0.0459690093994141">
    <system-out>1..4
ok 1 - Equals
ok 2 - nil
ok 3 - Equals
ok 4 - Equals
</system-out>
    <testcase name="Equals (164)" classname="spec_perl_TestExprIoEof_t" time="0.000547885894775391" />
    <testcase name="nil (164)" classname="spec_perl_TestExprIoEof_t" time="0.000103950500488281" />
    <testcase name="Equals (165)" classname="spec_perl_TestExprIoEof_t" time="5.00679016113281e-05" />
    <testcase name="Equals (166)" classname="spec_perl_TestExprIoEof_t" time="5.79357147216797e-05" />
  </testsuite>
  <testsuite name="spec_perl_TestParamsCallShort_t" errors="0" failures="3" skipped="0" tests="3" time="0.0612690448760986">
    <system-out>1..3
not ok 1 - Equals
not ok 2 - Equals
not ok 3 - Equals
</system-out>
    <testcase name="Equals (167)" classname="spec_perl_TestParamsCallShort_t" time="0.00346088409423828">
      <failure message="not ok 1 - Equals" type="TAP::Parser::Result::Test"></failure>
    </testcase>
    <testcase name="Equals (168)" classname="spec_perl_TestParamsCallShort_t" time="0.0024712085723877">
      <failure message="not ok 2 - Equals" type="TAP::Parser::Result::Test"></failure>
    </testcase>
    <testcase name="Equals (169)" classname="spec_perl_TestParamsCallShort_t" time="0.00249195098876953">
      <failure message="not ok 3 - Equals" type="TAP::Parser::Result::Test"></failure>
    </testcase>
  </testsuite>
  <testsuite name="spec_perl_TestNavParentFalse2_t" errors="0" failures="0" skipped="0" tests="1" time="0.0416891574859619">
    <system-out>1..1
ok 1 - Equals
</system-out>
    <testcase name="Equals (170)" classname="spec_perl_TestNavParentFalse2_t" time="0.000201225280761719" />
  </testsuite>
  <testsuite name="spec_perl_TestExprStrOps_t" errors="1" failures="0" skipped="0" tests="0" time="0.0432999134063721">
    <system-out></system-out>
    <testcase name="Test died too soon, even before plan. (170)" classname="spec_perl_TestExprStrOps_t" time="0.0432999134063721">
      <failure message="The test suite died before a plan was produced. You need to have a plan." type="Plan">No plan</failure>
    </testcase>
  </testsuite>
  <testsuite name="spec_perl_TestDefaultEndianExprInherited_t" errors="0" failures="0" skipped="0" tests="15" time="0.0446810722351074">
    <system-out>1..15
ok 1 - Equals
ok 2 - Equals
ok 3 - Equals
ok 4 - Equals
ok 5 - Equals
ok 6 - Equals
ok 7 - Equals
ok 8 - Equals
ok 9 - Equals
ok 10 - Equals
ok 11 - Equals
ok 12 - Equals
ok 13 - Equals
ok 14 - Equals
ok 15 - Equals
</system-out>
    <testcase name="Equals (171)" classname="spec_perl_TestDefaultEndianExprInherited_t" time="0.000285863876342773" />
    <testcase name="Equals (172)" classname="spec_perl_TestDefaultEndianExprInherited_t" time="8.41617584228516e-05" />
    <testcase name="Equals (173)" classname="spec_perl_TestDefaultEndianExprInherited_t" time="8.48770141601562e-05" />
    <testcase name="Equals (174)" classname="spec_perl_TestDefaultEndianExprInherited_t" time="0.00014495849609375" />
    <testcase name="Equals (175)" classname="spec_perl_TestDefaultEndianExprInherited_t" time="0.000154972076416016" />
    <testcase name="Equals (176)" classname="spec_perl_TestDefaultEndianExprInherited_t" time="0.00014805793762207" />
    <testcase name="Equals (177)" classname="spec_perl_TestDefaultEndianExprInherited_t" time="0.000119924545288086" />
    <testcase name="Equals (178)" classname="spec_perl_TestDefaultEndianExprInherited_t" time="0.000174045562744141" />
    <testcase name="Equals (179)" classname="spec_perl_TestDefaultEndianExprInherited_t" time="8.51154327392578e-05" />
    <testcase name="Equals (180)" classname="spec_perl_TestDefaultEndianExprInherited_t" time="0.000195980072021484" />
    <testcase name="Equals (181)" classname="spec_perl_TestDefaultEndianExprInherited_t" time="7.10487365722656e-05" />
    <testcase name="Equals (182)" classname="spec_perl_TestDefaultEndianExprInherited_t" time="0.000150918960571289" />
    <testcase name="Equals (183)" classname="spec_perl_TestDefaultEndianExprInherited_t" time="0.000149965286254883" />
    <testcase name="Equals (184)" classname="spec_perl_TestDefaultEndianExprInherited_t" time="0.000128030776977539" />
    <testcase name="Equals (185)" classname="spec_perl_TestDefaultEndianExprInherited_t" time="0.00015711784362793" />
  </testsuite>
  <testsuite name="spec_perl_TestParamsPassArrayStr_t" errors="0" failures="1" skipped="6" tests="7" time="0.0573830604553223">
    <system-out>1..7
not ok 1 - test_params_pass_array_str died (Can't use an undefined value as an ARRAY reference at spec/perl/TestParamsPassArrayStr.t line 15.)
ok 2 # skip test_params_pass_array_str died
ok 3 # skip test_params_pass_array_str died
ok 4 # skip test_params_pass_array_str died
ok 5 # skip test_params_pass_array_str died
ok 6 # skip test_params_pass_array_str died
ok 7 # skip test_params_pass_array_str died
</system-out>
    <testcase name="test_params_pass_array_str died (Can't use an undefined value as an ARRAY reference at spec/perl/TestParamsPassArrayStr.t line 15.) (185)" classname="spec_perl_TestParamsPassArrayStr_t" time="0.000808000564575195">
      <failure message="not ok 1 - test_params_pass_array_str died (Can't use an undefined value as an ARRAY reference at spec/perl/TestParamsPassArrayStr.t line 15.)" type="TAP::Parser::Result::Test"></failure>
    </testcase>
    <testcase name="Unnamed test case 185" classname="spec_perl_TestParamsPassArrayStr_t" time="0.00100111961364746">
      <skipped message="ok 2 # skip test_params_pass_array_str died" />
    </testcase>
    <testcase name="Unnamed test case 186" classname="spec_perl_TestParamsPassArrayStr_t" time="0.000401020050048828">
      <skipped message="ok 3 # skip test_params_pass_array_str died" />
    </testcase>
    <testcase name="Unnamed test case 187" classname="spec_perl_TestParamsPassArrayStr_t" time="0.000397920608520508">
      <skipped message="ok 4 # skip test_params_pass_array_str died" />
    </testcase>
    <testcase name="Unnamed test case 188" classname="spec_perl_TestParamsPassArrayStr_t" time="0.000367879867553711">
      <skipped message="ok 5 # skip test_params_pass_array_str died" />
    </testcase>
    <testcase name="Unnamed test case 189" classname="spec_perl_TestParamsPassArrayStr_t" time="0.000396013259887695">
      <skipped message="ok 6 # skip test_params_pass_array_str died" />
    </testcase>
    <testcase name="Unnamed test case 190" classname="spec_perl_TestParamsPassArrayStr_t" time="0.00044703483581543">
      <skipped message="ok 7 # skip test_params_pass_array_str died" />
    </testcase>
  </testsuite>
  <testsuite name="spec_perl_TestDocstringsDocrefMulti_t" errors="0" failures="0" skipped="1" tests="1" time="0.0432770252227783">
    <system-out>1..1
ok 1 # skip DocstringsDocrefMulti=HASH(0x25fbae8)
</system-out>
    <testcase name="Unnamed test case 191" classname="spec_perl_TestDocstringsDocrefMulti_t" time="0.00124406814575195">
      <skipped message="ok 1 # skip DocstringsDocrefMulti=HASH(0x25fbae8)" />
    </testcase>
  </testsuite>
  <testsuite name="spec_perl_TestTermStrz_t" errors="0" failures="0" skipped="0" tests="3" time="0.0449001789093018">
    <system-out>1..3
ok 1 - Equals
ok 2 - Equals
ok 3 - Equals
</system-out>
    <testcase name="Equals (191)" classname="spec_perl_TestTermStrz_t" time="0.000280857086181641" />
    <testcase name="Equals (192)" classname="spec_perl_TestTermStrz_t" time="8.0108642578125e-05" />
    <testcase name="Equals (193)" classname="spec_perl_TestTermStrz_t" time="8.392333984375e-05" />
  </testsuite>
  <testsuite name="spec_perl_TestProcessXor4Const_t" errors="0" failures="0" skipped="0" tests="2" time="0.0423920154571533">
    <system-out>1..2
ok 1 - Equals
ok 2 - Equals
</system-out>
    <testcase name="Equals (194)" classname="spec_perl_TestProcessXor4Const_t" time="0.000248908996582031" />
    <testcase name="Equals (195)" classname="spec_perl_TestProcessXor4Const_t" time="7.70092010498047e-05" />
  </testsuite>
  <testsuite name="spec_perl_TestRepeatUntilCalcArrayType_t" errors="0" failures="0" skipped="0" tests="7" time="0.0429008007049561">
    <system-out>1..7
ok 1 - Equals
ok 2 - Equals
ok 3 - Equals
ok 4 - Equals
ok 5 - Equals
ok 6 - Equals
ok 7 - Equals
</system-out>
    <testcase name="Equals (196)" classname="spec_perl_TestRepeatUntilCalcArrayType_t" time="0.000472784042358398" />
    <testcase name="Equals (197)" classname="spec_perl_TestRepeatUntilCalcArrayType_t" time="9.10758972167969e-05" />
    <testcase name="Equals (198)" classname="spec_perl_TestRepeatUntilCalcArrayType_t" time="5.91278076171875e-05" />
    <testcase name="Equals (199)" classname="spec_perl_TestRepeatUntilCalcArrayType_t" time="0.000171899795532227" />
    <testcase name="Equals (200)" classname="spec_perl_TestRepeatUntilCalcArrayType_t" time="0.000129938125610352" />
    <testcase name="Equals (201)" classname="spec_perl_TestRepeatUntilCalcArrayType_t" time="0.0001220703125" />
    <testcase name="Equals (202)" classname="spec_perl_TestRepeatUntilCalcArrayType_t" time="0.000113964080810547" />
  </testsuite>
  <testsuite name="spec_perl_TestRepeatUntilComplex_t" errors="0" failures="0" skipped="0" tests="17" time="0.0439200401306152">
    <system-out>1..17
ok 1 - Equals
ok 2 - Equals
ok 3 - Equals
ok 4 - Equals
ok 5 - Equals
ok 6 - Equals
ok 7 - Equals
ok 8 - Equals
ok 9 - Equals
ok 10 - Equals
ok 11 - Equals
ok 12 - Equals
ok 13 - Equals
ok 14 - Equals
ok 15 - Equals
ok 16 - Equals
ok 17 - Equals
</system-out>
    <testcase name="Equals (203)" classname="spec_perl_TestRepeatUntilComplex_t" time="0.000290155410766602" />
    <testcase name="Equals (204)" classname="spec_perl_TestRepeatUntilComplex_t" time="8.392333984375e-05" />
    <testcase name="Equals (205)" classname="spec_perl_TestRepeatUntilComplex_t" time="0.000134944915771484" />
    <testcase name="Equals (206)" classname="spec_perl_TestRepeatUntilComplex_t" time="0.000130176544189453" />
    <testcase name="Equals (207)" classname="spec_perl_TestRepeatUntilComplex_t" time="0.000113964080810547" />
    <testcase name="Equals (208)" classname="spec_perl_TestRepeatUntilComplex_t" time="0.000138998031616211" />
    <testcase name="Equals (209)" classname="spec_perl_TestRepeatUntilComplex_t" time="7.70092010498047e-05" />
    <testcase name="Equals (210)" classname="spec_perl_TestRepeatUntilComplex_t" time="0.000140905380249023" />
    <testcase name="Equals (211)" classname="spec_perl_TestRepeatUntilComplex_t" time="0.000117063522338867" />
    <testcase name="Equals (212)" classname="spec_perl_TestRepeatUntilComplex_t" time="0.000154018402099609" />
    <testcase name="Equals (213)" classname="spec_perl_TestRepeatUntilComplex_t" time="0.000112056732177734" />
    <testcase name="Equals (214)" classname="spec_perl_TestRepeatUntilComplex_t" time="0.000140905380249023" />
    <testcase name="Equals (215)" classname="spec_perl_TestRepeatUntilComplex_t" time="0.000124931335449219" />
    <testcase name="Equals (216)" classname="spec_perl_TestRepeatUntilComplex_t" time="0.000127077102661133" />
    <testcase name="Equals (217)" classname="spec_perl_TestRepeatUntilComplex_t" time="0.000153064727783203" />
    <testcase name="Equals (218)" classname="spec_perl_TestRepeatUntilComplex_t" time="6.89029693603516e-05" />
    <testcase name="Equals (219)" classname="spec_perl_TestRepeatUntilComplex_t" time="9.79900360107422e-05" />
  </testsuite>
  <testsuite name="spec_perl_TestProcessXor4Value_t" errors="0" failures="0" skipped="0" tests="2" time="0.0421020984649658">
    <system-out>1..2
ok 1 - Equals
ok 2 - Equals
</system-out>
    <testcase name="Equals (220)" classname="spec_perl_TestProcessXor4Value_t" time="0.000165939331054688" />
    <testcase name="Equals (221)" classname="spec_perl_TestProcessXor4Value_t" time="6.69956207275391e-05" />
  </testsuite>
  <testsuite name="spec_perl_TestImportsAbsRel_t" errors="0" failures="0" skipped="0" tests="3" time="0.0438940525054932">
    <system-out>1..3
ok 1 - Equals
ok 2 - Equals
ok 3 - Equals
</system-out>
    <testcase name="Equals (222)" classname="spec_perl_TestImportsAbsRel_t" time="0.000207901000976562" />
    <testcase name="Equals (223)" classname="spec_perl_TestImportsAbsRel_t" time="7.51018524169922e-05" />
    <testcase name="Equals (224)" classname="spec_perl_TestImportsAbsRel_t" time="0.000104904174804688" />
  </testsuite>
  <testsuite name="spec_perl_TestDebugEnumName_t" errors="1" failures="0" skipped="0" tests="0" time="0.0409340858459473">
    <system-out></system-out>
    <testcase name="Test died too soon, even before plan. (224)" classname="spec_perl_TestDebugEnumName_t" time="0.0409340858459473">
      <failure message="The test suite died before a plan was produced. You need to have a plan." type="Plan">No plan</failure>
    </testcase>
  </testsuite>
  <testsuite name="spec_perl_TestEnumFancy_t" errors="0" failures="0" skipped="0" tests="2" time="0.0424280166625977">
    <system-out>1..2
ok 1 - Equals
ok 2 - Equals
</system-out>
    <testcase name="Equals (225)" classname="spec_perl_TestEnumFancy_t" time="0.00019383430480957" />
    <testcase name="Equals (226)" classname="spec_perl_TestEnumFancy_t" time="8.41617584228516e-05" />
  </testsuite>
  <testsuite name="spec_perl_TestImportsAbsAbs_t" errors="0" failures="0" skipped="0" tests="3" time="0.0417449474334717">
    <system-out>1..3
ok 1 - Equals
ok 2 - Equals
ok 3 - Equals
</system-out>
    <testcase name="Equals (227)" classname="spec_perl_TestImportsAbsAbs_t" time="0.000234127044677734" />
    <testcase name="Equals (228)" classname="spec_perl_TestImportsAbsAbs_t" time="7.48634338378906e-05" />
    <testcase name="Equals (229)" classname="spec_perl_TestImportsAbsAbs_t" time="0.000139951705932617" />
  </testsuite>
  <testsuite name="spec_perl_TestRepeatNStrzDouble_t" errors="0" failures="0" skipped="0" tests="3" time="0.0447831153869629">
    <system-out>1..3
ok 1 - Equals
ok 2 - Equals
ok 3 - Equals
</system-out>
    <testcase name="Equals (230)" classname="spec_perl_TestRepeatNStrzDouble_t" time="0.000287055969238281" />
    <testcase name="Equals (231)" classname="spec_perl_TestRepeatNStrzDouble_t" time="8.20159912109375e-05" />
    <testcase name="Equals (232)" classname="spec_perl_TestRepeatNStrzDouble_t" time="5.60283660888672e-05" />
  </testsuite>
  <testsuite name="spec_perl_TestImportsAbs_t" errors="0" failures="0" skipped="0" tests="2" time="0.0415558815002441">
    <system-out>1..2
ok 1 - Equals
ok 2 - Equals
</system-out>
    <testcase name="Equals (233)" classname="spec_perl_TestImportsAbs_t" time="0.000262975692749023" />
    <testcase name="Equals (234)" classname="spec_perl_TestImportsAbs_t" time="9.29832458496094e-05" />
  </testsuite>
  <testsuite name="spec_perl_TestSwitchManualEnumInvalidElse_t" errors="0" failures="0" skipped="0" tests="5" time="0.0453560352325439">
    <system-out>1..5
ok 1 - Equals
ok 2 - Equals
ok 3 - Equals
ok 4 - Equals
ok 5 - Equals
</system-out>
    <testcase name="Equals (235)" classname="spec_perl_TestSwitchManualEnumInvalidElse_t" time="0.000252008438110352" />
    <testcase name="Equals (236)" classname="spec_perl_TestSwitchManualEnumInvalidElse_t" time="7.89165496826172e-05" />
    <testcase name="Equals (237)" classname="spec_perl_TestSwitchManualEnumInvalidElse_t" time="0.000113010406494141" />
    <testcase name="Equals (238)" classname="spec_perl_TestSwitchManualEnumInvalidElse_t" time="0.000133037567138672" />
    <testcase name="Equals (239)" classname="spec_perl_TestSwitchManualEnumInvalidElse_t" time="0.000140905380249023" />
  </testsuite>
  <testsuite name="spec_perl_TestSwitchManualIntSizeEos_t" errors="0" failures="0" skipped="0" tests="10" time="0.04715895652771">
    <system-out>1..10
ok 1 - Equals
ok 2 - Equals
ok 3 - Equals
ok 4 - Equals
ok 5 - Equals
ok 6 - Equals
ok 7 - Equals
ok 8 - Equals
ok 9 - Equals
ok 10 - Equals
</system-out>
    <testcase name="Equals (240)" classname="spec_perl_TestSwitchManualIntSizeEos_t" time="0.000641107559204102" />
    <testcase name="Equals (241)" classname="spec_perl_TestSwitchManualIntSizeEos_t" time="9.48905944824219e-05" />
    <testcase name="Equals (242)" classname="spec_perl_TestSwitchManualIntSizeEos_t" time="9.20295715332031e-05" />
    <testcase name="Equals (243)" classname="spec_perl_TestSwitchManualIntSizeEos_t" time="7.29560852050781e-05" />
    <testcase name="Equals (244)" classname="spec_perl_TestSwitchManualIntSizeEos_t" time="0.00017094612121582" />
    <testcase name="Equals (245)" classname="spec_perl_TestSwitchManualIntSizeEos_t" time="0.000159025192260742" />
    <testcase name="Equals (246)" classname="spec_perl_TestSwitchManualIntSizeEos_t" time="0.0001220703125" />
    <testcase name="Equals (247)" classname="spec_perl_TestSwitchManualIntSizeEos_t" time="0.000149965286254883" />
    <testcase name="Equals (248)" classname="spec_perl_TestSwitchManualIntSizeEos_t" time="0.000113964080810547" />
    <testcase name="Equals (249)" classname="spec_perl_TestSwitchManualIntSizeEos_t" time="0.000153064727783203" />
  </testsuite>
  <testsuite name="spec_perl_TestSwitchManualIntElse_t" errors="0" failures="0" skipped="0" tests="9" time="0.0462939739227295">
    <system-out>1..9
ok 1 - Equals
ok 2 - Equals
ok 3 - Equals
ok 4 - Equals
ok 5 - Equals
ok 6 - Equals
ok 7 - Equals
ok 8 - Equals
ok 9 - Equals
</system-out>
    <testcase name="Equals (250)" classname="spec_perl_TestSwitchManualIntElse_t" time="0.000346183776855469" />
    <testcase name="Equals (251)" classname="spec_perl_TestSwitchManualIntElse_t" time="8.89301300048828e-05" />
    <testcase name="Equals (252)" classname="spec_perl_TestSwitchManualIntElse_t" time="5.88893890380859e-05" />
    <testcase name="Equals (253)" classname="spec_perl_TestSwitchManualIntElse_t" time="0.000133037567138672" />
    <testcase name="Equals (254)" classname="spec_perl_TestSwitchManualIntElse_t" time="0.000124931335449219" />
    <testcase name="Equals (255)" classname="spec_perl_TestSwitchManualIntElse_t" time="0.000138044357299805" />
    <testcase name="Equals (256)" classname="spec_perl_TestSwitchManualIntElse_t" time="0.000123023986816406" />
    <testcase name="Equals (257)" classname="spec_perl_TestSwitchManualIntElse_t" time="0.000147104263305664" />
    <testcase name="Equals (258)" classname="spec_perl_TestSwitchManualIntElse_t" time="0.000124931335449219" />
  </testsuite>
  <testsuite name="spec_perl_TestEnumLongRangeU_t" errors="0" failures="0" skipped="0" tests="4" time="0.042464017868042">
    <system-out>1..4
ok 1 - Equals
ok 2 - Equals
ok 3 - Equals
ok 4 - Equals
</system-out>
    <testcase name="Equals (259)" classname="spec_perl_TestEnumLongRangeU_t" time="0.000229835510253906" />
    <testcase name="Equals (260)" classname="spec_perl_TestEnumLongRangeU_t" time="7.41481781005859e-05" />
    <testcase name="Equals (261)" classname="spec_perl_TestEnumLongRangeU_t" time="0.000180959701538086" />
    <testcase name="Equals (262)" classname="spec_perl_TestEnumLongRangeU_t" time="7.20024108886719e-05" />
  </testsuite>
  <testsuite name="spec_perl_TestDocstrings_t" errors="0" failures="0" skipped="1" tests="1" time="0.0431170463562012">
    <system-out>1..1
ok 1 # skip Docstrings=HASH(0x2c32f90)
</system-out>
    <testcase name="Unnamed test case 262" classname="spec_perl_TestDocstrings_t" time="0.00115299224853516">
      <skipped message="ok 1 # skip Docstrings=HASH(0x2c32f90)" />
    </testcase>
  </testsuite>
  <testsuite name="spec_perl_TestEnumNegative_t" errors="0" failures="0" skipped="0" tests="2" time="0.0421879291534424">
    <system-out>1..2
ok 1 - Equals
ok 2 - Equals
</system-out>
    <testcase name="Equals (263)" classname="spec_perl_TestEnumNegative_t" time="0.000159025192260742" />
    <testcase name="Equals (264)" classname="spec_perl_TestEnumNegative_t" time="0.00012516975402832" />
  </testsuite>
  <testsuite name="spec_perl_TestProcessRepeatBytes_t" errors="0" failures="0" skipped="0" tests="2" time="0.0425300598144531">
    <system-out>1..2
ok 1 - Equals
ok 2 - Equals
</system-out>
    <testcase name="Equals (265)" classname="spec_perl_TestProcessRepeatBytes_t" time="0.000206947326660156" />
    <testcase name="Equals (266)" classname="spec_perl_TestProcessRepeatBytes_t" time="7.70092010498047e-05" />
  </testsuite>
  <testsuite name="spec_perl_TestNavParent2_t" errors="0" failures="0" skipped="0" tests="10" time="0.0460429191589355">
    <system-out>1..10
ok 1 - Equals
ok 2 - Equals
ok 3 - Equals
ok 4 - Equals
ok 5 - Equals
ok 6 - Equals
ok 7 - Equals
ok 8 - Equals
ok 9 - Equals
ok 10 - Equals
</system-out>
    <testcase name="Equals (267)" classname="spec_perl_TestNavParent2_t" time="0.000299930572509766" />
    <testcase name="Equals (268)" classname="spec_perl_TestNavParent2_t" time="9.01222229003906e-05" />
    <testcase name="Equals (269)" classname="spec_perl_TestNavParent2_t" time="5.88893890380859e-05" />
    <testcase name="Equals (270)" classname="spec_perl_TestNavParent2_t" time="8.70227813720703e-05" />
    <testcase name="Equals (271)" classname="spec_perl_TestNavParent2_t" time="0.00017094612121582" />
    <testcase name="Equals (272)" classname="spec_perl_TestNavParent2_t" time="0.00015711784362793" />
    <testcase name="Equals (273)" classname="spec_perl_TestNavParent2_t" time="0.000133037567138672" />
    <testcase name="Equals (274)" classname="spec_perl_TestNavParent2_t" time="0.000162839889526367" />
    <testcase name="Equals (275)" classname="spec_perl_TestNavParent2_t" time="7.10487365722656e-05" />
    <testcase name="Equals (276)" classname="spec_perl_TestNavParent2_t" time="0.000179052352905273" />
  </testsuite>
  <testsuite name="spec_perl_TestStrLiterals_t" errors="0" failures="0" skipped="0" tests="5" time="0.0421469211578369">
    <system-out>1..5
ok 1 - Equals
ok 2 - Equals
ok 3 - Equals
ok 4 - Equals
ok 5 - Equals
</system-out>
    <testcase name="Equals (277)" classname="spec_perl_TestStrLiterals_t" time="0.000221967697143555" />
    <testcase name="Equals (278)" classname="spec_perl_TestStrLiterals_t" time="7.70092010498047e-05" />
    <testcase name="Equals (279)" classname="spec_perl_TestStrLiterals_t" time="0.00017094612121582" />
    <testcase name="Equals (280)" classname="spec_perl_TestStrLiterals_t" time="0.000136137008666992" />
    <testcase name="Equals (281)" classname="spec_perl_TestStrLiterals_t" time="0.000159025192260742" />
  </testsuite>
  <testsuite name="spec_perl_TestIntegers_t" errors="1" failures="0" skipped="0" tests="0" time="0.0425989627838135">
    <system-out></system-out>
    <testcase name="Test died too soon, even before plan. (281)" classname="spec_perl_TestIntegers_t" time="0.0425989627838135">
      <failure message="The test suite died before a plan was produced. You need to have a plan." type="Plan">No plan</failure>
    </testcase>
  </testsuite>
  <testsuite name="spec_perl_TestInstanceUserArray_t" errors="0" failures="0" skipped="0" tests="10" time="0.0427119731903076">
    <system-out>1..10
ok 1 - Equals
ok 2 - Equals
ok 3 - Equals
ok 4 - Equals
ok 5 - Equals
ok 6 - Equals
ok 7 - Equals
ok 8 - Equals
ok 9 - Equals
ok 10 - Equals
</system-out>
    <testcase name="Equals (282)" classname="spec_perl_TestInstanceUserArray_t" time="0.000201940536499023" />
    <testcase name="Equals (283)" classname="spec_perl_TestInstanceUserArray_t" time="9.60826873779297e-05" />
    <testcase name="Equals (284)" classname="spec_perl_TestInstanceUserArray_t" time="0.000138998031616211" />
    <testcase name="Equals (285)" classname="spec_perl_TestInstanceUserArray_t" time="0.000432014465332031" />
    <testcase name="Equals (286)" classname="spec_perl_TestInstanceUserArray_t" time="0.000102996826171875" />
    <testcase name="Equals (287)" classname="spec_perl_TestInstanceUserArray_t" time="0.000134944915771484" />
    <testcase name="Equals (288)" classname="spec_perl_TestInstanceUserArray_t" time="0.000131130218505859" />
    <testcase name="Equals (289)" classname="spec_perl_TestInstanceUserArray_t" time="0.000130891799926758" />
    <testcase name="Equals (290)" classname="spec_perl_TestInstanceUserArray_t" time="0.000126123428344727" />
    <testcase name="Equals (291)" classname="spec_perl_TestInstanceUserArray_t" time="0.000117778778076172" />
  </testsuite>
  <testsuite name="spec_perl_TestDefaultEndianExprIsBe_t" errors="0" failures="0" skipped="0" tests="18" time="0.0456559658050537">
    <system-out>1..18
ok 1 - Equals
ok 2 - Equals
ok 3 - Equals
ok 4 - Equals
ok 5 - Equals
ok 6 - Equals
ok 7 - Equals
ok 8 - Equals
ok 9 - Equals
ok 10 - Equals
ok 11 - Equals
ok 12 - Equals
ok 13 - Equals
ok 14 - Equals
ok 15 - Equals
ok 16 - Equals
ok 17 - Equals
ok 18 - Equals
</system-out>
    <testcase name="Equals (292)" classname="spec_perl_TestDefaultEndianExprIsBe_t" time="0.000257968902587891" />
    <testcase name="Equals (293)" classname="spec_perl_TestDefaultEndianExprIsBe_t" time="8.20159912109375e-05" />
    <testcase name="Equals (294)" classname="spec_perl_TestDefaultEndianExprIsBe_t" time="0.000142097473144531" />
    <testcase name="Equals (295)" classname="spec_perl_TestDefaultEndianExprIsBe_t" time="9.98973846435547e-05" />
    <testcase name="Equals (296)" classname="spec_perl_TestDefaultEndianExprIsBe_t" time="0.000159025192260742" />
    <testcase name="Equals (297)" classname="spec_perl_TestDefaultEndianExprIsBe_t" time="0.000150918960571289" />
    <testcase name="Equals (298)" classname="spec_perl_TestDefaultEndianExprIsBe_t" time="0.00011897087097168" />
    <testcase name="Equals (299)" classname="spec_perl_TestDefaultEndianExprIsBe_t" time="0.000138998031616211" />
    <testcase name="Equals (300)" classname="spec_perl_TestDefaultEndianExprIsBe_t" time="0.000150203704833984" />
    <testcase name="Equals (301)" classname="spec_perl_TestDefaultEndianExprIsBe_t" time="0.000111818313598633" />
    <testcase name="Equals (302)" classname="spec_perl_TestDefaultEndianExprIsBe_t" time="0.00015711784362793" />
    <testcase name="Equals (303)" classname="spec_perl_TestDefaultEndianExprIsBe_t" time="0.000191926956176758" />
    <testcase name="Equals (304)" classname="spec_perl_TestDefaultEndianExprIsBe_t" time="0.000105142593383789" />
    <testcase name="Equals (305)" classname="spec_perl_TestDefaultEndianExprIsBe_t" time="0.000145912170410156" />
    <testcase name="Equals (306)" classname="spec_perl_TestDefaultEndianExprIsBe_t" time="0.000120878219604492" />
    <testcase name="Equals (307)" classname="spec_perl_TestDefaultEndianExprIsBe_t" time="0.000146150588989258" />
    <testcase name="Equals (308)" classname="spec_perl_TestDefaultEndianExprIsBe_t" time="0.000159025192260742" />
    <testcase name="Equals (309)" classname="spec_perl_TestDefaultEndianExprIsBe_t" time="0.000152826309204102" />
  </testsuite>
  <testsuite name="spec_perl_TestNavRoot_t" errors="0" failures="0" skipped="0" tests="5" time="0.0471038818359375">
    <system-out>1..5
ok 1 - Equals
ok 2 - Equals
ok 3 - Equals
ok 4 - Equals
ok 5 - Equals
</system-out>
    <testcase name="Equals (310)" classname="spec_perl_TestNavRoot_t" time="0.000336885452270508" />
    <testcase name="Equals (311)" classname="spec_perl_TestNavRoot_t" time="8.91685485839844e-05" />
    <testcase name="Equals (312)" classname="spec_perl_TestNavRoot_t" time="6.69956207275391e-05" />
    <testcase name="Equals (313)" classname="spec_perl_TestNavRoot_t" time="0.000139951705932617" />
    <testcase name="Equals (314)" classname="spec_perl_TestNavRoot_t" time="0.000125885009765625" />
  </testsuite>
  <testsuite name="spec_perl_TestIndexSizes_t" errors="0" failures="0" skipped="0" tests="7" time="0.0453169345855713">
    <system-out>1..7
ok 1 - Equals
ok 2 - Equals
ok 3 - Equals
ok 4 - Equals
ok 5 - Equals
ok 6 - Equals
ok 7 - Equals
</system-out>
    <testcase name="Equals (315)" classname="spec_perl_TestIndexSizes_t" time="0.000248908996582031" />
    <testcase name="Equals (316)" classname="spec_perl_TestIndexSizes_t" time="8.41617584228516e-05" />
    <testcase name="Equals (317)" classname="spec_perl_TestIndexSizes_t" time="0.000105857849121094" />
    <testcase name="Equals (318)" classname="spec_perl_TestIndexSizes_t" time="0.000133037567138672" />
    <testcase name="Equals (319)" classname="spec_perl_TestIndexSizes_t" time="0.000114917755126953" />
    <testcase name="Equals (320)" classname="spec_perl_TestIndexSizes_t" time="0.000138044357299805" />
    <testcase name="Equals (321)" classname="spec_perl_TestIndexSizes_t" time="0.000126123428344727" />
  </testsuite>
  <testsuite name="spec_perl_TestProcessToUser_t" errors="0" failures="0" skipped="0" tests="1" time="0.0452890396118164">
    <system-out>1..1
ok 1 - Equals
</system-out>
    <testcase name="Equals (322)" classname="spec_perl_TestProcessToUser_t" time="0.000488996505737305" />
  </testsuite>
  <testsuite name="spec_perl_TestEnumDeepLiterals_t" errors="0" failures="0" skipped="0" tests="2" time="0.0424888134002686">
    <system-out>1..2
ok 1 - Equals
ok 2 - Equals
</system-out>
    <testcase name="Equals (323)" classname="spec_perl_TestEnumDeepLiterals_t" time="0.000216960906982422" />
    <testcase name="Equals (324)" classname="spec_perl_TestEnumDeepLiterals_t" time="7.70092010498047e-05" />
  </testsuite>
  <testsuite name="spec_perl_TestExprIfIntOps_t" errors="0" failures="0" skipped="0" tests="2" time="0.0449879169464111">
    <system-out>1..2
ok 1 - Equals
ok 2 - Equals
</system-out>
    <testcase name="Equals (325)" classname="spec_perl_TestExprIfIntOps_t" time="0.000286102294921875" />
    <testcase name="Equals (326)" classname="spec_perl_TestExprIfIntOps_t" time="0.000113010406494141" />
  </testsuite>
  <testsuite name="spec_perl_TestJsSignedRightShift_t" errors="0" failures="0" skipped="0" tests="2" time="0.0417771339416504">
    <system-out>1..2
ok 1 - Equals
ok 2 - Equals
</system-out>
    <testcase name="Equals (327)" classname="spec_perl_TestJsSignedRightShift_t" time="0.000248193740844727" />
    <testcase name="Equals (328)" classname="spec_perl_TestJsSignedRightShift_t" time="0.000103950500488281" />
  </testsuite>
  <testsuite name="spec_perl_TestImports0_t" errors="0" failures="0" skipped="0" tests="3" time="0.0416998863220215">
    <system-out>1..3
ok 1 - Equals
ok 2 - Equals
ok 3 - Equals
</system-out>
    <testcase name="Equals (329)" classname="spec_perl_TestImports0_t" time="0.000215768814086914" />
    <testcase name="Equals (330)" classname="spec_perl_TestImports0_t" time="0.000106096267700195" />
    <testcase name="Equals (331)" classname="spec_perl_TestImports0_t" time="0.000138044357299805" />
  </testsuite>
  <testsuite name="spec_perl_TestEnum1_t" errors="0" failures="0" skipped="0" tests="2" time="0.042064905166626">
    <system-out>1..2
ok 1 - Equals
ok 2 - Equals
</system-out>
    <testcase name="Equals (332)" classname="spec_perl_TestEnum1_t" time="0.000220060348510742" />
    <testcase name="Equals (333)" classname="spec_perl_TestEnum1_t" time="8.48770141601562e-05" />
  </testsuite>
  <testsuite name="spec_perl_TestProcessCoerceSwitch_t" errors="0" failures="0" skipped="0" tests="3" time="0.0424509048461914">
    <system-out>1..3
ok 1 - Equals
ok 2 - Equals
ok 3 - Equals
</system-out>
    <testcase name="Equals (334)" classname="spec_perl_TestProcessCoerceSwitch_t" time="0.000488996505737305" />
    <testcase name="Equals (335)" classname="spec_perl_TestProcessCoerceSwitch_t" time="0.000102043151855469" />
    <testcase name="Equals (336)" classname="spec_perl_TestProcessCoerceSwitch_t" time="5.79357147216797e-05" />
  </testsuite>
  <testsuite name="spec_perl_TestExprSizeofType1_t" errors="0" failures="0" skipped="0" tests="2" time="0.0440289974212646">
    <system-out>1..2
ok 1 - Equals
ok 2 - Equals
</system-out>
    <testcase name="Equals (337)" classname="spec_perl_TestExprSizeofType1_t" time="0.000254154205322266" />
    <testcase name="Equals (338)" classname="spec_perl_TestExprSizeofType1_t" time="9.39369201660156e-05" />
  </testsuite>
  <testsuite name="spec_perl_TestTsPacketHeader_t" errors="0" failures="0" skipped="0" tests="7" time="0.0424749851226807">
    <system-out>1..7
ok 1 - Equals
ok 2 - Equals
ok 3 - Equals
ok 4 - Equals
ok 5 - Equals
ok 6 - Equals
ok 7 - Equals
</system-out>
    <testcase name="Equals (339)" classname="spec_perl_TestTsPacketHeader_t" time="0.000230073928833008" />
    <testcase name="Equals (340)" classname="spec_perl_TestTsPacketHeader_t" time="7.70092010498047e-05" />
    <testcase name="Equals (341)" classname="spec_perl_TestTsPacketHeader_t" time="0.000139951705932617" />
    <testcase name="Equals (342)" classname="spec_perl_TestTsPacketHeader_t" time="0.000123023986816406" />
    <testcase name="Equals (343)" classname="spec_perl_TestTsPacketHeader_t" time="0.000138044357299805" />
    <testcase name="Equals (344)" classname="spec_perl_TestTsPacketHeader_t" time="0.00010991096496582" />
    <testcase name="Equals (345)" classname="spec_perl_TestTsPacketHeader_t" time="0.00012516975402832" />
  </testsuite>
  <testsuite name="spec_perl_TestExprBits_t" errors="0" failures="0" skipped="0" tests="10" time="0.0446820259094238">
    <system-out>1..10
ok 1 - Equals
ok 2 - Equals
ok 3 - Equals
ok 4 - Equals
ok 5 - Equals
ok 6 - Equals
ok 7 - Equals
ok 8 - Equals
ok 9 - Equals
ok 10 - Equals
</system-out>
    <testcase name="Equals (346)" classname="spec_perl_TestExprBits_t" time="0.000258922576904297" />
    <testcase name="Equals (347)" classname="spec_perl_TestExprBits_t" time="8.10623168945312e-05" />
    <testcase name="Equals (348)" classname="spec_perl_TestExprBits_t" time="0.000130891799926758" />
    <testcase name="Equals (349)" classname="spec_perl_TestExprBits_t" time="0.000123977661132812" />
    <testcase name="Equals (350)" classname="spec_perl_TestExprBits_t" time="0.000117063522338867" />
    <testcase name="Equals (351)" classname="spec_perl_TestExprBits_t" time="0.000139951705932617" />
    <testcase name="Equals (352)" classname="spec_perl_TestExprBits_t" time="0.0001220703125" />
    <testcase name="Equals (353)" classname="spec_perl_TestExprBits_t" time="0.00014495849609375" />
    <testcase name="Equals (354)" classname="spec_perl_TestExprBits_t" time="0.000127077102661133" />
    <testcase name="Equals (355)" classname="spec_perl_TestExprBits_t" time="0.000155925750732422" />
  </testsuite>
  <testsuite name="spec_perl_TestCombineBytes_t" errors="0" failures="0" skipped="0" tests="10" time="0.0432770252227783">
    <system-out>1..10
ok 1 - Equals
ok 2 - Equals
ok 3 - Equals
ok 4 - Equals
ok 5 - Equals
ok 6 - Equals
ok 7 - Equals
ok 8 - Equals
ok 9 - Equals
ok 10 - Equals
</system-out>
    <testcase name="Equals (356)" classname="spec_perl_TestCombineBytes_t" time="0.000231027603149414" />
    <testcase name="Equals (357)" classname="spec_perl_TestCombineBytes_t" time="7.89165496826172e-05" />
    <testcase name="Equals (358)" classname="spec_perl_TestCombineBytes_t" time="0.00011897087097168" />
    <testcase name="Equals (359)" classname="spec_perl_TestCombineBytes_t" time="0.000128030776977539" />
    <testcase name="Equals (360)" classname="spec_perl_TestCombineBytes_t" time="0.000142097473144531" />
    <testcase name="Equals (361)" classname="spec_perl_TestCombineBytes_t" time="0.000118017196655273" />
    <testcase name="Equals (362)" classname="spec_perl_TestCombineBytes_t" time="0.000123977661132812" />
    <testcase name="Equals (363)" classname="spec_perl_TestCombineBytes_t" time="0.000175952911376953" />
    <testcase name="Equals (364)" classname="spec_perl_TestCombineBytes_t" time="9.29832458496094e-05" />
    <testcase name="Equals (365)" classname="spec_perl_TestCombineBytes_t" time="0.00014805793762207" />
  </testsuite>
  <testsuite name="spec_perl_TestProcessCoerceUsertype1_t" errors="0" failures="0" skipped="0" tests="4" time="0.0426089763641357">
    <system-out>1..4
ok 1 - Equals
ok 2 - Equals
ok 3 - Equals
ok 4 - Equals
</system-out>
    <testcase name="Equals (366)" classname="spec_perl_TestProcessCoerceUsertype1_t" time="0.000481128692626953" />
    <testcase name="Equals (367)" classname="spec_perl_TestProcessCoerceUsertype1_t" time="8.70227813720703e-05" />
    <testcase name="Equals (368)" classname="spec_perl_TestProcessCoerceUsertype1_t" time="5.98430633544922e-05" />
    <testcase name="Equals (369)" classname="spec_perl_TestProcessCoerceUsertype1_t" time="0.000154018402099609" />
  </testsuite>
  <testsuite name="spec_perl_TestExpr3_t" errors="0" failures="0" skipped="0" tests="12" time="0.0466020107269287">
    <system-out>1..12
ok 1 - Equals
ok 2 - Equals
ok 3 - Equals
ok 4 - Equals
ok 5 - Equals
ok 6 - Equals
ok 7 - Equals
ok 8 - Equals
ok 9 - Equals
ok 10 - Equals
ok 11 - Equals
ok 12 - Equals
</system-out>
    <testcase name="Equals (370)" classname="spec_perl_TestExpr3_t" time="0.000160932540893555" />
    <testcase name="Equals (371)" classname="spec_perl_TestExpr3_t" time="0.00011897087097168" />
    <testcase name="Equals (372)" classname="spec_perl_TestExpr3_t" time="0.000133991241455078" />
    <testcase name="Equals (373)" classname="spec_perl_TestExpr3_t" time="0.000126123428344727" />
    <testcase name="Equals (374)" classname="spec_perl_TestExpr3_t" time="0.000134944915771484" />
    <testcase name="Equals (375)" classname="spec_perl_TestExpr3_t" time="0.00014805793762207" />
    <testcase name="Equals (376)" classname="spec_perl_TestExpr3_t" time="0.000113010406494141" />
    <testcase name="Equals (377)" classname="spec_perl_TestExpr3_t" time="0.000124931335449219" />
    <testcase name="Equals (378)" classname="spec_perl_TestExpr3_t" time="0.000123977661132812" />
    <testcase name="Equals (379)" classname="spec_perl_TestExpr3_t" time="0.000123977661132812" />
    <testcase name="Equals (380)" classname="spec_perl_TestExpr3_t" time="0.000154018402099609" />
    <testcase name="Equals (381)" classname="spec_perl_TestExpr3_t" time="0.000119924545288086" />
  </testsuite>
  <testsuite name="spec_perl_TestProcessCoerceUsertype2_t" errors="0" failures="0" skipped="0" tests="4" time="0.0428690910339355">
    <system-out>1..4
ok 1 - Equals
ok 2 - Equals
ok 3 - Equals
ok 4 - Equals
</system-out>
    <testcase name="Equals (382)" classname="spec_perl_TestProcessCoerceUsertype2_t" time="0.000520944595336914" />
    <testcase name="Equals (383)" classname="spec_perl_TestProcessCoerceUsertype2_t" time="0.000102043151855469" />
    <testcase name="Equals (384)" classname="spec_perl_TestProcessCoerceUsertype2_t" time="5.69820404052734e-05" />
    <testcase name="Equals (385)" classname="spec_perl_TestProcessCoerceUsertype2_t" time="0.000117063522338867" />
  </testsuite>
  <testsuite name="spec_perl_TestIfValues_t" errors="0" failures="0" skipped="0" tests="6" time="0.0423321723937988">
    <system-out>1..6
ok 1 - Equals
ok 2 - Equals
ok 3 - Equals
ok 4 - nil
ok 5 - Equals
ok 6 - nil
</system-out>
    <testcase name="Equals (386)" classname="spec_perl_TestIfValues_t" time="0.000190973281860352" />
    <testcase name="Equals (387)" classname="spec_perl_TestIfValues_t" time="8.89301300048828e-05" />
    <testcase name="Equals (388)" classname="spec_perl_TestIfValues_t" time="0.000156164169311523" />
    <testcase name="nil (388)" classname="spec_perl_TestIfValues_t" time="6.19888305664062e-05" />
    <testcase name="Equals (389)" classname="spec_perl_TestIfValues_t" time="0.000108957290649414" />
    <testcase name="nil (389)" classname="spec_perl_TestIfValues_t" time="5.79357147216797e-05" />
  </testsuite>
  <testsuite name="spec_perl_TestNestedSameName_t" errors="0" failures="0" skipped="0" tests="2" time="0.0441980361938477">
    <system-out>1..2
ok 1 - Equals
ok 2 - Equals
</system-out>
    <testcase name="Equals (390)" classname="spec_perl_TestNestedSameName_t" time="0.000250101089477539" />
    <testcase name="Equals (391)" classname="spec_perl_TestNestedSameName_t" time="7.98702239990234e-05" />
  </testsuite>
  <testsuite name="spec_perl_TestDefaultBitEndianMod_t" errors="0" failures="0" skipped="0" tests="4" time="0.0469868183135986">
    <system-out>1..4
ok 1 - Equals
ok 2 - Equals
ok 3 - Equals
ok 4 - Equals
</system-out>
    <testcase name="Equals (392)" classname="spec_perl_TestDefaultBitEndianMod_t" time="0.000269889831542969" />
    <testcase name="Equals (393)" classname="spec_perl_TestDefaultBitEndianMod_t" time="8.0108642578125e-05" />
    <testcase name="Equals (394)" classname="spec_perl_TestDefaultBitEndianMod_t" time="0.000113964080810547" />
    <testcase name="Equals (395)" classname="spec_perl_TestDefaultBitEndianMod_t" time="0.000138044357299805" />
  </testsuite>
  <testsuite name="spec_perl_TestParamsPassArrayUsertype_t" errors="0" failures="1" skipped="4" tests="5" time="0.0527470111846924">
    <system-out>1..5
not ok 1 - test_params_pass_array_usertype died (Can't use an undefined value as an ARRAY reference at compiled/perl/ParamsPassArrayUsertype.pm line 123.)
ok 2 # skip test_params_pass_array_usertype died
ok 3 # skip test_params_pass_array_usertype died
ok 4 # skip test_params_pass_array_usertype died
ok 5 # skip test_params_pass_array_usertype died
</system-out>
    <testcase name="test_params_pass_array_usertype died (Can't use an undefined value as an ARRAY reference at compiled/perl/ParamsPassArrayUsertype.pm line 123.) (395)" classname="spec_perl_TestParamsPassArrayUsertype_t" time="0.000268936157226562">
      <failure message="not ok 1 - test_params_pass_array_usertype died (Can't use an undefined value as an ARRAY reference at compiled/perl/ParamsPassArrayUsertype.pm line 123.)" type="TAP::Parser::Result::Test"></failure>
    </testcase>
    <testcase name="Unnamed test case 395" classname="spec_perl_TestParamsPassArrayUsertype_t" time="0.000470161437988281">
      <skipped message="ok 2 # skip test_params_pass_array_usertype died" />
    </testcase>
    <testcase name="Unnamed test case 396" classname="spec_perl_TestParamsPassArrayUsertype_t" time="0.000362873077392578">
      <skipped message="ok 3 # skip test_params_pass_array_usertype died" />
    </testcase>
    <testcase name="Unnamed test case 397" classname="spec_perl_TestParamsPassArrayUsertype_t" time="0.00037693977355957">
      <skipped message="ok 4 # skip test_params_pass_array_usertype died" />
    </testcase>
    <testcase name="Unnamed test case 398" classname="spec_perl_TestParamsPassArrayUsertype_t" time="0.000286102294921875">
      <skipped message="ok 5 # skip test_params_pass_array_usertype died" />
    </testcase>
  </testsuite>
  <testsuite name="spec_perl_TestEnumImport_t" errors="0" failures="2" skipped="0" tests="2" time="0.0445201396942139">
    <system-out>1..2
not ok 1 - Equals
not ok 2 - Equals
</system-out>
    <testcase name="Equals (398)" classname="spec_perl_TestEnumImport_t" time="0.000159025192260742">
      <failure message="not ok 1 - Equals" type="TAP::Parser::Result::Test"></failure>
    </testcase>
    <testcase name="Equals (399)" classname="spec_perl_TestEnumImport_t" time="9.89437103271484e-05">
      <failure message="not ok 2 - Equals" type="TAP::Parser::Result::Test"></failure>
    </testcase>
  </testsuite>
  <testsuite name="spec_perl_TestDocstringsDocref_t" errors="0" failures="0" skipped="1" tests="1" time="0.042755126953125">
    <system-out>1..1
ok 1 # skip DocstringsDocref=HASH(0x24094e8)
</system-out>
    <testcase name="Unnamed test case 399" classname="spec_perl_TestDocstringsDocref_t" time="0.00118422508239746">
      <skipped message="ok 1 # skip DocstringsDocref=HASH(0x24094e8)" />
    </testcase>
  </testsuite>
  <testsuite name="spec_perl_TestEnumOfValueInst_t" errors="0" failures="0" skipped="0" tests="4" time="0.0429730415344238">
    <system-out>1..4
ok 1 - Equals
ok 2 - Equals
ok 3 - Equals
ok 4 - Equals
</system-out>
    <testcase name="Equals (400)" classname="spec_perl_TestEnumOfValueInst_t" time="0.00020599365234375" />
    <testcase name="Equals (401)" classname="spec_perl_TestEnumOfValueInst_t" time="6.98566436767578e-05" />
    <testcase name="Equals (402)" classname="spec_perl_TestEnumOfValueInst_t" time="0.000149011611938477" />
    <testcase name="Equals (403)" classname="spec_perl_TestEnumOfValueInst_t" time="0.0001220703125" />
  </testsuite>
  <testsuite name="spec_perl_TestIfInstances_t" errors="0" failures="0" skipped="0" tests="1" time="0.0411159992218018">
    <system-out>1..1
ok 1 - nil
</system-out>
    <testcase name="nil (403)" classname="spec_perl_TestIfInstances_t" time="0.000139951705932617" />
  </testsuite>
  <testsuite name="spec_perl_TestBitsEnum_t" errors="0" failures="0" skipped="0" tests="3" time="0.0422689914703369">
    <system-out>1..3
ok 1 - Equals
ok 2 - Equals
ok 3 - Equals
</system-out>
    <testcase name="Equals (404)" classname="spec_perl_TestBitsEnum_t" time="0.000221967697143555" />
    <testcase name="Equals (405)" classname="spec_perl_TestBitsEnum_t" time="7.91549682617188e-05" />
    <testcase name="Equals (406)" classname="spec_perl_TestBitsEnum_t" time="0.000133037567138672" />
  </testsuite>
  <testsuite name="spec_perl_TestExprIoPos_t" errors="0" failures="0" skipped="0" tests="6" time="0.0486769676208496">
    <system-out>1..6
ok 1 - Equals
ok 2 - Equals
ok 3 - Equals
ok 4 - Equals
ok 5 - Equals
ok 6 - Equals
</system-out>
    <testcase name="Equals (407)" classname="spec_perl_TestExprIoPos_t" time="0.000589132308959961" />
    <testcase name="Equals (408)" classname="spec_perl_TestExprIoPos_t" time="9.70363616943359e-05" />
    <testcase name="Equals (409)" classname="spec_perl_TestExprIoPos_t" time="9.29832458496094e-05" />
    <testcase name="Equals (410)" classname="spec_perl_TestExprIoPos_t" time="6.19888305664062e-05" />
    <testcase name="Equals (411)" classname="spec_perl_TestExprIoPos_t" time="0.000143051147460938" />
    <testcase name="Equals (412)" classname="spec_perl_TestExprIoPos_t" time="0.000121831893920898" />
  </testsuite>
  <testsuite name="spec_perl_TestEnumIntRangeU_t" errors="0" failures="0" skipped="0" tests="2" time="0.0418229103088379">
    <system-out>1..2
ok 1 - Equals
ok 2 - Equals
</system-out>
    <testcase name="Equals (413)" classname="spec_perl_TestEnumIntRangeU_t" time="0.000165939331054688" />
    <testcase name="Equals (414)" classname="spec_perl_TestEnumIntRangeU_t" time="6.60419464111328e-05" />
  </testsuite>
  <testsuite name="spec_perl_TestProcessXorConst_t" errors="0" failures="0" skipped="0" tests="2" time="0.0429730415344238">
    <system-out>1..2
ok 1 - Equals
ok 2 - Equals
</system-out>
    <testcase name="Equals (415)" classname="spec_perl_TestProcessXorConst_t" time="0.000222921371459961" />
[...]
ok 1 - Equals
ok 2 - Equals
ok 3 - Equals
ok 4 - Equals
ok 5 - Equals
ok 6 - Equals
ok 7 - Equals
ok 8 - Equals
ok 9 - Equals
ok 10 - Equals
ok 11 - Equals
ok 12 - Equals
ok 13 - Equals
ok 14 - Equals
ok 15 - Equals
ok 16 - Equals
ok 17 - Equals
ok 18 - Equals
ok 19 - Equals
ok 20 - Equals
ok 21 - Equals
ok 22 - Equals
ok 23 - Equals
ok 24 - Equals
ok 25 - Equals
ok 26 - Equals
ok 27 - Equals
ok 28 - Equals
</system-out>
    <testcase name="Equals (731)" classname="spec_perl_TestIntegersMinMax_t" time="0.000280857086181641" />
    <testcase name="Equals (732)" classname="spec_perl_TestIntegersMinMax_t" time="8.51154327392578e-05" />
    <testcase name="Equals (733)" classname="spec_perl_TestIntegersMinMax_t" time="9.79900360107422e-05" />
    <testcase name="Equals (734)" classname="spec_perl_TestIntegersMinMax_t" time="0.000123977661132812" />
    <testcase name="Equals (735)" classname="spec_perl_TestIntegersMinMax_t" time="0.000128984451293945" />
    <testcase name="Equals (736)" classname="spec_perl_TestIntegersMinMax_t" time="0.000117063522338867" />
    <testcase name="Equals (737)" classname="spec_perl_TestIntegersMinMax_t" time="0.000153064727783203" />
    <testcase name="Equals (738)" classname="spec_perl_TestIntegersMinMax_t" time="0.00011897087097168" />
    <testcase name="Equals (739)" classname="spec_perl_TestIntegersMinMax_t" time="0.000118017196655273" />
    <testcase name="Equals (740)" classname="spec_perl_TestIntegersMinMax_t" time="0.000120878219604492" />
    <testcase name="Equals (741)" classname="spec_perl_TestIntegersMinMax_t" time="0.0001220703125" />
    <testcase name="Equals (742)" classname="spec_perl_TestIntegersMinMax_t" time="0.000140905380249023" />
    <testcase name="Equals (743)" classname="spec_perl_TestIntegersMinMax_t" time="0.00012516975402832" />
    <testcase name="Equals (744)" classname="spec_perl_TestIntegersMinMax_t" time="0.000120878219604492" />
    <testcase name="Equals (745)" classname="spec_perl_TestIntegersMinMax_t" time="0.000150918960571289" />
    <testcase name="Equals (746)" classname="spec_perl_TestIntegersMinMax_t" time="0.000106096267700195" />
    <testcase name="Equals (747)" classname="spec_perl_TestIntegersMinMax_t" time="0.0001220703125" />
    <testcase name="Equals (748)" classname="spec_perl_TestIntegersMinMax_t" time="0.00011897087097168" />
    <testcase name="Equals (749)" classname="spec_perl_TestIntegersMinMax_t" time="0.000121831893920898" />
    <testcase name="Equals (750)" classname="spec_perl_TestIntegersMinMax_t" time="0.000121116638183594" />
    <testcase name="Equals (751)" classname="spec_perl_TestIntegersMinMax_t" time="0.00014495849609375" />
    <testcase name="Equals (752)" classname="spec_perl_TestIntegersMinMax_t" time="0.000116109848022461" />
    <testcase name="Equals (753)" classname="spec_perl_TestIntegersMinMax_t" time="0.000147819519042969" />
    <testcase name="Equals (754)" classname="spec_perl_TestIntegersMinMax_t" time="0.000145196914672852" />
    <testcase name="Equals (755)" classname="spec_perl_TestIntegersMinMax_t" time="8.70227813720703e-05" />
    <testcase name="Equals (756)" classname="spec_perl_TestIntegersMinMax_t" time="0.000121831893920898" />
    <testcase name="Equals (757)" classname="spec_perl_TestIntegersMinMax_t" time="0.000126123428344727" />
    <testcase name="Equals (758)" classname="spec_perl_TestIntegersMinMax_t" time="0.000120878219604492" />
  </testsuite>
  <testsuite name="spec_perl_TestEofExceptionU4_t" errors="0" failures="0" skipped="0" tests="1" time="0.0437169075012207">
    <system-out>1..1
ok 1 - Died
</system-out>
    <testcase name="Died (758)" classname="spec_perl_TestEofExceptionU4_t" time="0.000165939331054688" />
  </testsuite>
  <testsuite name="spec_perl_TestNonStandard_t" errors="0" failures="0" skipped="0" tests="1" time="0.0436480045318604">
    <system-out>1..1
ok 1 - Equals
</system-out>
    <testcase name="Equals (759)" classname="spec_perl_TestNonStandard_t" time="0.000153064727783203" />
  </testsuite>
  <testsuite name="spec_perl_TestSwitchManualEnum_t" errors="0" failures="0" skipped="0" tests="9" time="0.0466880798339844">
    <system-out>1..9
ok 1 - Equals
ok 2 - Equals
ok 3 - Equals
ok 4 - Equals
ok 5 - Equals
ok 6 - Equals
ok 7 - Equals
ok 8 - Equals
ok 9 - Equals
</system-out>
    <testcase name="Equals (760)" classname="spec_perl_TestSwitchManualEnum_t" time="0.000291109085083008" />
    <testcase name="Equals (761)" classname="spec_perl_TestSwitchManualEnum_t" time="8.10623168945312e-05" />
    <testcase name="Equals (762)" classname="spec_perl_TestSwitchManualEnum_t" time="0.00013279914855957" />
    <testcase name="Equals (763)" classname="spec_perl_TestSwitchManualEnum_t" time="0.000128030776977539" />
    <testcase name="Equals (764)" classname="spec_perl_TestSwitchManualEnum_t" time="0.000136137008666992" />
    <testcase name="Equals (765)" classname="spec_perl_TestSwitchManualEnum_t" time="0.000121831893920898" />
    <testcase name="Equals (766)" classname="spec_perl_TestSwitchManualEnum_t" time="0.000145196914672852" />
    <testcase name="Equals (767)" classname="spec_perl_TestSwitchManualEnum_t" time="0.000119924545288086" />
    <testcase name="Equals (768)" classname="spec_perl_TestSwitchManualEnum_t" time="0.000125885009765625" />
  </testsuite>
  <testsuite name="spec_perl_TestParamsPassArrayInt_t" errors="0" failures="1" skipped="6" tests="7" time="0.0529139041900635">
    <system-out>1..7
not ok 1 - test_params_pass_array_int died (Can't use an undefined value as an ARRAY reference at spec/perl/TestParamsPassArrayInt.t line 15.)
ok 2 # skip test_params_pass_array_int died
ok 3 # skip test_params_pass_array_int died
ok 4 # skip test_params_pass_array_int died
ok 5 # skip test_params_pass_array_int died
ok 6 # skip test_params_pass_array_int died
ok 7 # skip test_params_pass_array_int died
</system-out>
    <testcase name="test_params_pass_array_int died (Can't use an undefined value as an ARRAY reference at spec/perl/TestParamsPassArrayInt.t line 15.) (768)" classname="spec_perl_TestParamsPassArrayInt_t" time="0.000741004943847656">
      <failure message="not ok 1 - test_params_pass_array_int died (Can't use an undefined value as an ARRAY reference at spec/perl/TestParamsPassArrayInt.t line 15.)" type="TAP::Parser::Result::Test"></failure>
    </testcase>
    <testcase name="Unnamed test case 768" classname="spec_perl_TestParamsPassArrayInt_t" time="0.000998973846435547">
      <skipped message="ok 2 # skip test_params_pass_array_int died" />
    </testcase>
    <testcase name="Unnamed test case 769" classname="spec_perl_TestParamsPassArrayInt_t" time="0.000408172607421875">
      <skipped message="ok 3 # skip test_params_pass_array_int died" />
    </testcase>
    <testcase name="Unnamed test case 770" classname="spec_perl_TestParamsPassArrayInt_t" time="0.000316858291625977">
      <skipped message="ok 4 # skip test_params_pass_array_int died" />
    </testcase>
    <testcase name="Unnamed test case 771" classname="spec_perl_TestParamsPassArrayInt_t" time="0.000355958938598633">
      <skipped message="ok 5 # skip test_params_pass_array_int died" />
    </testcase>
    <testcase name="Unnamed test case 772" classname="spec_perl_TestParamsPassArrayInt_t" time="0.000319004058837891">
      <skipped message="ok 6 # skip test_params_pass_array_int died" />
    </testcase>
    <testcase name="Unnamed test case 773" classname="spec_perl_TestParamsPassArrayInt_t" time="0.000342130661010742">
      <skipped message="ok 7 # skip test_params_pass_array_int died" />
    </testcase>
  </testsuite>
  <testsuite name="spec_perl_TestEnumToIClassBorder1_t" errors="0" failures="1" skipped="0" tests="3" time="0.0452690124511719">
    <system-out>1..3
ok 1 - Equals
ok 2 - Equals
not ok 3 - test_enum_to_i_class_border_1 died (Can't call method &quot;some_dog&quot; on an undefined value at compiled/perl/EnumToIClassBorder2.pm line 42.)
</system-out>
    <testcase name="Equals (773)" classname="spec_perl_TestEnumToIClassBorder1_t" time="0.000167131423950195" />
    <testcase name="Equals (774)" classname="spec_perl_TestEnumToIClassBorder1_t" time="0.000123977661132812" />
    <testcase name="test_enum_to_i_class_border_1 died (Can't call method &quot;some_dog&quot; on an undefined value at compiled/perl/EnumToIClassBorder2.pm line 42.) (774)" classname="spec_perl_TestEnumToIClassBorder1_t" time="0.000268936157226562">
      <failure message="not ok 3 - test_enum_to_i_class_border_1 died (Can't call method &quot;some_dog&quot; on an undefined value at compiled/perl/EnumToIClassBorder2.pm line 42.)" type="TAP::Parser::Result::Test"></failure>
    </testcase>
  </testsuite>
  <testsuite name="spec_perl_TestStrEncodingsDefault_t" errors="0" failures="0" skipped="0" tests="4" time="0.0484299659729004">
    <system-out>1..4
ok 1 - Equals
ok 2 - Equals
ok 3 - Equals
ok 4 - Equals
</system-out>
    <testcase name="Equals (775)" classname="spec_perl_TestStrEncodingsDefault_t" time="0.00313186645507812" />
    <testcase name="Equals (776)" classname="spec_perl_TestStrEncodingsDefault_t" time="0.000108003616333008" />
    <testcase name="Equals (777)" classname="spec_perl_TestStrEncodingsDefault_t" time="6.00814819335938e-05" />
    <testcase name="Equals (778)" classname="spec_perl_TestStrEncodingsDefault_t" time="0.000165939331054688" />
  </testsuite>
  <testsuite name="spec_perl_TestEnumForUnknownId_t" errors="0" failures="0" skipped="0" tests="1" time="0.0420989990234375">
    <system-out>1..1
ok 1 - Equals
</system-out>
    <testcase name="Equals (779)" classname="spec_perl_TestEnumForUnknownId_t" time="0.000233173370361328" />
  </testsuite>
  <testsuite name="spec_perl_TestSwitchManualIntSizeElse_t" errors="0" failures="0" skipped="0" tests="10" time="0.0472159385681152">
    <system-out>1..10
ok 1 - Equals
ok 2 - Equals
ok 3 - Equals
ok 4 - Equals
ok 5 - Equals
ok 6 - Equals
ok 7 - Equals
ok 8 - Equals
ok 9 - Equals
ok 10 - Equals
</system-out>
    <testcase name="Equals (780)" classname="spec_perl_TestSwitchManualIntSizeElse_t" time="0.000597953796386719" />
    <testcase name="Equals (781)" classname="spec_perl_TestSwitchManualIntSizeElse_t" time="9.60826873779297e-05" />
    <testcase name="Equals (782)" classname="spec_perl_TestSwitchManualIntSizeElse_t" time="5.88893890380859e-05" />
    <testcase name="Equals (783)" classname="spec_perl_TestSwitchManualIntSizeElse_t" time="0.00015711784362793" />
    <testcase name="Equals (784)" classname="spec_perl_TestSwitchManualIntSizeElse_t" time="0.000115871429443359" />
    <testcase name="Equals (785)" classname="spec_perl_TestSwitchManualIntSizeElse_t" time="0.000149965286254883" />
    <testcase name="Equals (786)" classname="spec_perl_TestSwitchManualIntSizeElse_t" time="0.000120162963867188" />
    <testcase name="Equals (787)" classname="spec_perl_TestSwitchManualIntSizeElse_t" time="0.000147819519042969" />
    <testcase name="Equals (788)" classname="spec_perl_TestSwitchManualIntSizeElse_t" time="0.000127077102661133" />
    <testcase name="Equals (789)" classname="spec_perl_TestSwitchManualIntSizeElse_t" time="0.000149965286254883" />
  </testsuite>
  <testsuite name="spec_perl_TestExprBytesLiteral_t" errors="1" failures="0" skipped="0" tests="0" time="0.0433130264282227">
    <system-out></system-out>
    <testcase name="Test died too soon, even before plan. (789)" classname="spec_perl_TestExprBytesLiteral_t" time="0.0433130264282227">
      <failure message="The test suite died before a plan was produced. You need to have a plan." type="Plan">No plan</failure>
    </testcase>
  </testsuite>
  <testsuite name="spec_perl_TestStrEncodings_t" errors="0" failures="0" skipped="0" tests="4" time="0.067842960357666">
    <system-out>1..4
ok 1 - Equals
ok 2 - Equals
ok 3 - Equals
ok 4 - Equals
</system-out>
    <testcase name="Equals (790)" classname="spec_perl_TestStrEncodings_t" time="0.0220777988433838" />
    <testcase name="Equals (791)" classname="spec_perl_TestStrEncodings_t" time="0.000118017196655273" />
    <testcase name="Equals (792)" classname="spec_perl_TestStrEncodings_t" time="6.00814819335938e-05" />
    <testcase name="Equals (793)" classname="spec_perl_TestStrEncodings_t" time="0.000137090682983398" />
  </testsuite>
  <testsuite name="spec_perl_TestBitsSimple_t" errors="0" failures="0" skipped="0" tests="14" time="0.0436789989471436">
    <system-out>1..14
ok 1 - Equals
ok 2 - Equals
ok 3 - Equals
ok 4 - Equals
ok 5 - Equals
ok 6 - Equals
ok 7 - Equals
ok 8 - Equals
ok 9 - Equals
ok 10 - Equals
ok 11 - Equals
ok 12 - Equals
ok 13 - Equals
ok 14 - Equals
</system-out>
    <testcase name="Equals (794)" classname="spec_perl_TestBitsSimple_t" time="0.000262022018432617" />
    <testcase name="Equals (795)" classname="spec_perl_TestBitsSimple_t" time="8.10623168945312e-05" />
    <testcase name="Equals (796)" classname="spec_perl_TestBitsSimple_t" time="0.000112056732177734" />
    <testcase name="Equals (797)" classname="spec_perl_TestBitsSimple_t" time="0.000136852264404297" />
    <testcase name="Equals (798)" classname="spec_perl_TestBitsSimple_t" time="0.000141143798828125" />
    <testcase name="Equals (799)" classname="spec_perl_TestBitsSimple_t" time="0.000113964080810547" />
    <testcase name="Equals (800)" classname="spec_perl_TestBitsSimple_t" time="0.000152826309204102" />
    <testcase name="Equals (801)" classname="spec_perl_TestBitsSimple_t" time="0.000119209289550781" />
    <testcase name="Equals (802)" classname="spec_perl_TestBitsSimple_t" time="0.000122785568237305" />
    <testcase name="Equals (803)" classname="spec_perl_TestBitsSimple_t" time="0.000126123428344727" />
    <testcase name="Equals (804)" classname="spec_perl_TestBitsSimple_t" time="0.000128030776977539" />
    <testcase name="Equals (805)" classname="spec_perl_TestBitsSimple_t" time="0.000117063522338867" />
    <testcase name="Equals (806)" classname="spec_perl_TestBitsSimple_t" time="0.000147819519042969" />
    <testcase name="Equals (807)" classname="spec_perl_TestBitsSimple_t" time="0.000108003616333008" />
  </testsuite>
  <testsuite name="spec_perl_TestExprMod_t" errors="0" failures="0" skipped="0" tests="6" time="0.0441770553588867">
    <system-out>1..6
ok 1 - Equals
ok 2 - Equals
ok 3 - Equals
ok 4 - Equals
ok 5 - Equals
ok 6 - Equals
</system-out>
    <testcase name="Equals (808)" classname="spec_perl_TestExprMod_t" time="0.000221014022827148" />
    <testcase name="Equals (809)" classname="spec_perl_TestExprMod_t" time="7.89165496826172e-05" />
    <testcase name="Equals (810)" classname="spec_perl_TestExprMod_t" time="0.000138998031616211" />
    <testcase name="Equals (811)" classname="spec_perl_TestExprMod_t" time="0.000118017196655273" />
    <testcase name="Equals (812)" classname="spec_perl_TestExprMod_t" time="0.00014805793762207" />
    <testcase name="Equals (813)" classname="spec_perl_TestExprMod_t" time="0.00010991096496582" />
  </testsuite>
  <testsuite name="spec_perl_TestImportsCircularA_t" errors="0" failures="0" skipped="0" tests="5" time="0.0420970916748047">
    <system-out>1..5
ok 1 - Equals
ok 2 - Equals
ok 3 - Equals
ok 4 - Equals
ok 5 - nil
</system-out>
    <testcase name="Equals (814)" classname="spec_perl_TestImportsCircularA_t" time="0.000221967697143555" />
    <testcase name="Equals (815)" classname="spec_perl_TestImportsCircularA_t" time="7.82012939453125e-05" />
    <testcase name="Equals (816)" classname="spec_perl_TestImportsCircularA_t" time="0.000139951705932617" />
    <testcase name="Equals (817)" classname="spec_perl_TestImportsCircularA_t" time="0.000138998031616211" />
    <testcase name="nil (817)" classname="spec_perl_TestImportsCircularA_t" time="6.29425048828125e-05" />
  </testsuite>
  <testsuite name="spec_perl_TestExprBytesOps_t" errors="1" failures="0" skipped="0" tests="0" time="0.056251049041748">
    <system-out></system-out>
    <testcase name="Test died too soon, even before plan. (817)" classname="spec_perl_TestExprBytesOps_t" time="0.056251049041748">
      <failure message="The test suite died before a plan was produced. You need to have a plan." type="Plan">No plan</failure>
    </testcase>
  </testsuite>
  <testsuite name="spec_perl_TestSwitchManualInt_t" errors="0" failures="0" skipped="0" tests="9" time="0.047935962677002">
    <system-out>1..9
ok 1 - Equals
ok 2 - Equals
ok 3 - Equals
ok 4 - Equals
ok 5 - Equals
ok 6 - Equals
ok 7 - Equals
ok 8 - Equals
ok 9 - Equals
</system-out>
    <testcase name="Equals (818)" classname="spec_perl_TestSwitchManualInt_t" time="0.00031590461730957" />
    <testcase name="Equals (819)" classname="spec_perl_TestSwitchManualInt_t" time="9.10758972167969e-05" />
    <testcase name="Equals (820)" classname="spec_perl_TestSwitchManualInt_t" time="5.69820404052734e-05" />
    <testcase name="Equals (821)" classname="spec_perl_TestSwitchManualInt_t" time="0.000137090682983398" />
    <testcase name="Equals (822)" classname="spec_perl_TestSwitchManualInt_t" time="0.000142812728881836" />
    <testcase name="Equals (823)" classname="spec_perl_TestSwitchManualInt_t" time="0.000150203704833984" />
    <testcase name="Equals (824)" classname="spec_perl_TestSwitchManualInt_t" time="0.000112771987915039" />
    <testcase name="Equals (825)" classname="spec_perl_TestSwitchManualInt_t" time="0.000129222869873047" />
    <testcase name="Equals (826)" classname="spec_perl_TestSwitchManualInt_t" time="0.000123977661132812" />
  </testsuite>
  <testsuite name="spec_perl_TestDefaultEndianExprIsLe_t" errors="0" failures="0" skipped="0" tests="12" time="0.0440809726715088">
    <system-out>1..12
ok 1 - Equals
ok 2 - Equals
ok 3 - Equals
ok 4 - Equals
ok 5 - Equals
ok 6 - Equals
ok 7 - Equals
ok 8 - Equals
ok 9 - Equals
ok 10 - Equals
ok 11 - Equals
ok 12 - Equals
</system-out>
    <testcase name="Equals (827)" classname="spec_perl_TestDefaultEndianExprIsLe_t" time="0.000313997268676758" />
    <testcase name="Equals (828)" classname="spec_perl_TestDefaultEndianExprIsLe_t" time="9.20295715332031e-05" />
    <testcase name="Equals (829)" classname="spec_perl_TestDefaultEndianExprIsLe_t" time="5.69820404052734e-05" />
    <testcase name="Equals (830)" classname="spec_perl_TestDefaultEndianExprIsLe_t" time="0.000124931335449219" />
    <testcase name="Equals (831)" classname="spec_perl_TestDefaultEndianExprIsLe_t" time="0.0001220703125" />
    <testcase name="Equals (832)" classname="spec_perl_TestDefaultEndianExprIsLe_t" time="0.000146150588989258" />
    <testcase name="Equals (833)" classname="spec_perl_TestDefaultEndianExprIsLe_t" time="0.000119924545288086" />
    <testcase name="Equals (834)" classname="spec_perl_TestDefaultEndianExprIsLe_t" time="0.000154018402099609" />
    <testcase name="Equals (835)" classname="spec_perl_TestDefaultEndianExprIsLe_t" time="0.000105857849121094" />
    <testcase name="Equals (836)" classname="spec_perl_TestDefaultEndianExprIsLe_t" time="0.000127077102661133" />
    <testcase name="Equals (837)" classname="spec_perl_TestDefaultEndianExprIsLe_t" time="0.0001220703125" />
    <testcase name="Equals (838)" classname="spec_perl_TestDefaultEndianExprIsLe_t" time="0.000120878219604492" />
  </testsuite>
  <testsuite name="spec_perl_TestRepeatNStruct_t" errors="0" failures="0" skipped="0" tests="5" time="0.0428230762481689">
    <system-out>1..5
ok 1 - Equals
ok 2 - Equals
ok 3 - Equals
ok 4 - Equals
ok 5 - Equals
</system-out>
    <testcase name="Equals (839)" classname="spec_perl_TestRepeatNStruct_t" time="0.000229835510253906" />
    <testcase name="Equals (840)" classname="spec_perl_TestRepeatNStruct_t" time="7.82012939453125e-05" />
    <testcase name="Equals (841)" classname="spec_perl_TestRepeatNStruct_t" time="0.000156879425048828" />
    <testcase name="Equals (842)" classname="spec_perl_TestRepeatNStruct_t" time="8.70227813720703e-05" />
    <testcase name="Equals (843)" classname="spec_perl_TestRepeatNStruct_t" time="0.000138044357299805" />
  </testsuite>
</testsuites>
