<?xml version='1.0' encoding='utf-8'?>
<testsuites>
  <testsuite name="spec_perl_TestBytesPadTerm_t" errors="0" failures="0" skipped="0" tests="4" time="0.0494921207427979">
    <system-out>1..4
ok 1 - Equals
ok 2 - Equals
ok 3 - Equals
ok 4 - Equals
</system-out>
    <testcase name="Equals" classname="spec_perl_TestBytesPadTerm_t" time="0.000229120254516602" />
    <testcase name="Equals (2)" classname="spec_perl_TestBytesPadTerm_t" time="7.79628753662109e-05" />
    <testcase name="Equals (3)" classname="spec_perl_TestBytesPadTerm_t" time="0.000164985656738281" />
    <testcase name="Equals (4)" classname="spec_perl_TestBytesPadTerm_t" time="0.00174403190612793" />
  </testsuite>
  <testsuite name="spec_perl_TestCastNested_t" errors="0" failures="0" skipped="0" tests="4" time="0.0584750175476074">
    <system-out>1..4
ok 1 - Equals
ok 2 - Equals
ok 3 - Equals
ok 4 - Equals
</system-out>
    <testcase name="Equals (5)" classname="spec_perl_TestCastNested_t" time="0.000301837921142578" />
    <testcase name="Equals (6)" classname="spec_perl_TestCastNested_t" time="0.000154018402099609" />
    <testcase name="Equals (7)" classname="spec_perl_TestCastNested_t" time="0.000151157379150391" />
    <testcase name="Equals (8)" classname="spec_perl_TestCastNested_t" time="0.000162839889526367" />
  </testsuite>
  <testsuite name="spec_perl_TestValidNotParsedIf_t" errors="0" failures="0" skipped="1" tests="1" time="0.051440954208374">
    <system-out>1..1
ok 1 # skip ValidNotParsedIf=HASH(0x5576eb13e2a0)
</system-out>
    <testcase name="Unnamed test case 8" classname="spec_perl_TestValidNotParsedIf_t" time="0.00107002258300781">
      <skipped message="ok 1 # skip ValidNotParsedIf=HASH(0x5576eb13e2a0)" />
    </testcase>
  </testsuite>
  <testsuite name="spec_perl_TestNestedSameName2_t" errors="0" failures="0" skipped="0" tests="5" time="0.0494599342346191">
    <system-out>1..5
ok 1 - Equals
ok 2 - Equals
ok 3 - Equals
ok 4 - Equals
ok 5 - Equals
</system-out>
    <testcase name="Equals (9)" classname="spec_perl_TestNestedSameName2_t" time="0.000274896621704102" />
    <testcase name="Equals (10)" classname="spec_perl_TestNestedSameName2_t" time="8.20159912109375e-05" />
    <testcase name="Equals (11)" classname="spec_perl_TestNestedSameName2_t" time="0.00015711784362793" />
    <testcase name="Equals (12)" classname="spec_perl_TestNestedSameName2_t" time="0.000130891799926758" />
    <testcase name="Equals (13)" classname="spec_perl_TestNestedSameName2_t" time="0.000151157379150391" />
  </testsuite>
  <testsuite name="spec_perl_TestEnumImport_t" errors="0" failures="2" skipped="0" tests="2" time="0.0557930469512939">
    <system-out>1..2
not ok 1 - Equals
not ok 2 - Equals
</system-out>
    <testcase name="Equals (14)" classname="spec_perl_TestEnumImport_t" time="0.000176906585693359">
      <failure message="not ok 1 - Equals" type="TAP::Parser::Result::Test"></failure>
    </testcase>
    <testcase name="Equals (15)" classname="spec_perl_TestEnumImport_t" time="0.00245404243469238">
      <failure message="not ok 2 - Equals" type="TAP::Parser::Result::Test"></failure>
    </testcase>
  </testsuite>
  <testsuite name="spec_perl_TestUserType_t" errors="0" failures="0" skipped="0" tests="2" time="0.0506458282470703">
    <system-out>1..2
ok 1 - Equals
ok 2 - Equals
</system-out>
    <testcase name="Equals (16)" classname="spec_perl_TestUserType_t" time="0.000247001647949219" />
    <testcase name="Equals (17)" classname="spec_perl_TestUserType_t" time="8.392333984375e-05" />
  </testsuite>
  <testsuite name="spec_perl_TestProcessCustom_t" errors="1" failures="0" skipped="0" tests="0" time="0.0463798046112061">
    <system-out></system-out>
    <testcase name="Test died too soon, even before plan. (17)" classname="spec_perl_TestProcessCustom_t" time="0.0463798046112061">
      <failure message="The test suite died before a plan was produced. You need to have a plan." type="Plan">No plan</failure>
    </testcase>
  </testsuite>
  <testsuite name="spec_perl_TestIntegers_t" errors="0" failures="0" skipped="0" tests="20" time="0.051002025604248">
    <system-out>1..20
ok 1 - Equals
ok 2 - Equals
ok 3 - Equals
ok 4 - Equals
ok 5 - Equals
ok 6 - Equals
ok 7 - Equals
ok 8 - Equals
ok 9 - Equals
ok 10 - Equals
ok 11 - Equals
ok 12 - Equals
ok 13 - Equals
ok 14 - Equals
ok 15 - Equals
ok 16 - Equals
ok 17 - Equals
ok 18 - Equals
ok 19 - Equals
ok 20 - Equals
</system-out>
    <testcase name="Equals (18)" classname="spec_perl_TestIntegers_t" time="0.000290870666503906" />
    <testcase name="Equals (19)" classname="spec_perl_TestIntegers_t" time="7.79628753662109e-05" />
    <testcase name="Equals (20)" classname="spec_perl_TestIntegers_t" time="0.00016021728515625" />
    <testcase name="Equals (21)" classname="spec_perl_TestIntegers_t" time="0.00014185905456543" />
    <testcase name="Equals (22)" classname="spec_perl_TestIntegers_t" time="0.000142097473144531" />
    <testcase name="Equals (23)" classname="spec_perl_TestIntegers_t" time="0.000152826309204102" />
    <testcase name="Equals (24)" classname="spec_perl_TestIntegers_t" time="0.000127077102661133" />
    <testcase name="Equals (25)" classname="spec_perl_TestIntegers_t" time="0.000165939331054688" />
    <testcase name="Equals (26)" classname="spec_perl_TestIntegers_t" time="0.000121116638183594" />
    <testcase name="Equals (27)" classname="spec_perl_TestIntegers_t" time="0.000150918960571289" />
    <testcase name="Equals (28)" classname="spec_perl_TestIntegers_t" time="0.000131130218505859" />
    <testcase name="Equals (29)" classname="spec_perl_TestIntegers_t" time="0.000144004821777344" />
    <testcase name="Equals (30)" classname="spec_perl_TestIntegers_t" time="0.000134944915771484" />
    <testcase name="Equals (31)" classname="spec_perl_TestIntegers_t" time="0.000155925750732422" />
    <testcase name="Equals (32)" classname="spec_perl_TestIntegers_t" time="0.000153064727783203" />
    <testcase name="Equals (33)" classname="spec_perl_TestIntegers_t" time="0.000135898590087891" />
    <testcase name="Equals (34)" classname="spec_perl_TestIntegers_t" time="0.00015711784362793" />
    <testcase name="Equals (35)" classname="spec_perl_TestIntegers_t" time="0.000124931335449219" />
    <testcase name="Equals (36)" classname="spec_perl_TestIntegers_t" time="0.00018310546875" />
    <testcase name="Equals (37)" classname="spec_perl_TestIntegers_t" time="0.000125885009765625" />
  </testsuite>
  <testsuite name="spec_perl_TestExprArray_t" errors="0" failures="0" skipped="0" tests="15" time="0.0572328567504883">
    <system-out>1..15
ok 1 - Equals
ok 2 - Equals
ok 3 - Equals
ok 4 - Equals
ok 5 - Equals
ok 6 - Equals
ok 7 - Approx equals
ok 8 - Approx equals
ok 9 - Approx equals
ok 10 - Approx equals
ok 11 - Equals
ok 12 - Equals
ok 13 - Equals
ok 14 - Equals
ok 15 - Equals
</system-out>
    <testcase name="Equals (38)" classname="spec_perl_TestExprArray_t" time="0.000365972518920898" />
    <testcase name="Equals (39)" classname="spec_perl_TestExprArray_t" time="8.98838043212891e-05" />
    <testcase name="Equals (40)" classname="spec_perl_TestExprArray_t" time="0.000126123428344727" />
    <testcase name="Equals (41)" classname="spec_perl_TestExprArray_t" time="0.000155925750732422" />
    <testcase name="Equals (42)" classname="spec_perl_TestExprArray_t" time="0.000155925750732422" />
    <testcase name="Equals (43)" classname="spec_perl_TestExprArray_t" time="0.000152111053466797" />
    <testcase name="Approx equals (43)" classname="spec_perl_TestExprArray_t" time="7.98702239990234e-05" />
    <testcase name="Approx equals (44)" classname="spec_perl_TestExprArray_t" time="5.81741333007812e-05" />
    <testcase name="Approx equals (45)" classname="spec_perl_TestExprArray_t" time="7.98702239990234e-05" />
    <testcase name="Approx equals (46)" classname="spec_perl_TestExprArray_t" time="7.00950622558594e-05" />
    <testcase name="Equals (46)" classname="spec_perl_TestExprArray_t" time="0.000185966491699219" />
    <testcase name="Equals (47)" classname="spec_perl_TestExprArray_t" time="0.000140905380249023" />
    <testcase name="Equals (48)" classname="spec_perl_TestExprArray_t" time="0.000203132629394531" />
    <testcase name="Equals (49)" classname="spec_perl_TestExprArray_t" time="0.000126838684082031" />
    <testcase name="Equals (50)" classname="spec_perl_TestExprArray_t" time="0.000161170959472656" />
  </testsuite>
  <testsuite name="spec_perl_TestExprIoPos_t" errors="0" failures="0" skipped="0" tests="6" time="0.0560050010681152">
    <system-out>1..6
ok 1 - Equals
ok 2 - Equals
ok 3 - Equals
ok 4 - Equals
ok 5 - Equals
ok 6 - Equals
</system-out>
    <testcase name="Equals (51)" classname="spec_perl_TestExprIoPos_t" time="0.000710010528564453" />
    <testcase name="Equals (52)" classname="spec_perl_TestExprIoPos_t" time="0.000105142593383789" />
    <testcase name="Equals (53)" classname="spec_perl_TestExprIoPos_t" time="9.10758972167969e-05" />
    <testcase name="Equals (54)" classname="spec_perl_TestExprIoPos_t" time="0.000147819519042969" />
    <testcase name="Equals (55)" classname="spec_perl_TestExprIoPos_t" time="0.000149011611938477" />
    <testcase name="Equals (56)" classname="spec_perl_TestExprIoPos_t" time="0.000154018402099609" />
  </testsuite>
  <testsuite name="spec_perl_TestEnumDeepLiterals_t" errors="0" failures="0" skipped="0" tests="2" time="0.0542759895324707">
    <system-out>1..2
ok 1 - Equals
ok 2 - Equals
</system-out>
    <testcase name="Equals (57)" classname="spec_perl_TestEnumDeepLiterals_t" time="0.000259876251220703" />
    <testcase name="Equals (58)" classname="spec_perl_TestEnumDeepLiterals_t" time="8.10623168945312e-05" />
  </testsuite>
  <testsuite name="spec_perl_TestExpr2_t" errors="0" failures="0" skipped="0" tests="17" time="0.0561380386352539">
    <system-out>1..17
ok 1 - Equals
ok 2 - Equals
ok 3 - Equals
ok 4 - Equals
ok 5 - Equals
ok 6 - Equals
ok 7 - Equals
ok 8 - Equals
ok 9 - Equals
ok 10 - Equals
ok 11 - Equals
ok 12 - Equals
ok 13 - Equals
ok 14 - Equals
ok 15 - Equals
ok 16 - Equals
ok 17 - Equals
</system-out>
    <testcase name="Equals (59)" classname="spec_perl_TestExpr2_t" time="0.000622987747192383" />
    <testcase name="Equals (60)" classname="spec_perl_TestExpr2_t" time="9.89437103271484e-05" />
    <testcase name="Equals (61)" classname="spec_perl_TestExpr2_t" time="6.103515625e-05" />
    <testcase name="Equals (62)" classname="spec_perl_TestExpr2_t" time="0.000165939331054688" />
    <testcase name="Equals (63)" classname="spec_perl_TestExpr2_t" time="0.000118017196655273" />
    <testcase name="Equals (64)" classname="spec_perl_TestExpr2_t" time="0.000145912170410156" />
    <testcase name="Equals (65)" classname="spec_perl_TestExpr2_t" time="0.000161170959472656" />
    <testcase name="Equals (66)" classname="spec_perl_TestExpr2_t" time="0.000183820724487305" />
    <testcase name="Equals (67)" classname="spec_perl_TestExpr2_t" time="0.000173091888427734" />
    <testcase name="Equals (68)" classname="spec_perl_TestExpr2_t" time="0.000127077102661133" />
    <testcase name="Equals (69)" classname="spec_perl_TestExpr2_t" time="0.000154972076416016" />
    <testcase name="Equals (70)" classname="spec_perl_TestExpr2_t" time="0.000134944915771484" />
    <testcase name="Equals (71)" classname="spec_perl_TestExpr2_t" time="0.000165939331054688" />
    <testcase name="Equals (72)" classname="spec_perl_TestExpr2_t" time="0.000189065933227539" />
    <testcase name="Equals (73)" classname="spec_perl_TestExpr2_t" time="0.000117063522338867" />
    <testcase name="Equals (74)" classname="spec_perl_TestExpr2_t" time="0.000154972076416016" />
    <testcase name="Equals (75)" classname="spec_perl_TestExpr2_t" time="0.000159025192260742" />
  </testsuite>
  <testsuite name="spec_perl_TestDefaultEndianMod_t" errors="0" failures="0" skipped="0" tests="3" time="0.0498371124267578">
    <system-out>1..3
ok 1 - Equals
ok 2 - Equals
ok 3 - Equals
</system-out>
    <testcase name="Equals (76)" classname="spec_perl_TestDefaultEndianMod_t" time="0.000273227691650391" />
    <testcase name="Equals (77)" classname="spec_perl_TestDefaultEndianMod_t" time="8.67843627929688e-05" />
    <testcase name="Equals (78)" classname="spec_perl_TestDefaultEndianMod_t" time="0.000164031982421875" />
  </testsuite>
  <testsuite name="spec_perl_TestProcessCoerceSwitch_t" errors="0" failures="0" skipped="0" tests="3" time="0.0471150875091553">
    <system-out>1..3
ok 1 - Equals
ok 2 - Equals
ok 3 - Equals
</system-out>
    <testcase name="Equals (79)" classname="spec_perl_TestProcessCoerceSwitch_t" time="0.00042414665222168" />
    <testcase name="Equals (80)" classname="spec_perl_TestProcessCoerceSwitch_t" time="0.000123023986816406" />
    <testcase name="Equals (81)" classname="spec_perl_TestProcessCoerceSwitch_t" time="0.000148773193359375" />
  </testsuite>
  <testsuite name="spec_perl_TestParamsCallShort_t" errors="0" failures="3" skipped="0" tests="3" time="0.060391902923584">
    <system-out>1..3
not ok 1 - Equals
not ok 2 - Equals
not ok 3 - Equals
</system-out>
    <testcase name="Equals (82)" classname="spec_perl_TestParamsCallShort_t" time="0.000402927398681641">
      <failure message="not ok 1 - Equals" type="TAP::Parser::Result::Test"></failure>
    </testcase>
    <testcase name="Equals (83)" classname="spec_perl_TestParamsCallShort_t" time="0.00127601623535156">
      <failure message="not ok 2 - Equals" type="TAP::Parser::Result::Test"></failure>
    </testcase>
    <testcase name="Equals (84)" classname="spec_perl_TestParamsCallShort_t" time="0.000982046127319336">
      <failure message="not ok 3 - Equals" type="TAP::Parser::Result::Test"></failure>
    </testcase>
  </testsuite>
  <testsuite name="spec_perl_TestDefaultBitEndianMod_t" errors="0" failures="0" skipped="0" tests="4" time="0.0505049228668213">
    <system-out>1..4
ok 1 - Equals
ok 2 - Equals
ok 3 - Equals
ok 4 - Equals
</system-out>
    <testcase name="Equals (85)" classname="spec_perl_TestDefaultBitEndianMod_t" time="0.000264167785644531" />
    <testcase name="Equals (86)" classname="spec_perl_TestDefaultBitEndianMod_t" time="8.70227813720703e-05" />
    <testcase name="Equals (87)" classname="spec_perl_TestDefaultBitEndianMod_t" time="0.000174999237060547" />
    <testcase name="Equals (88)" classname="spec_perl_TestDefaultBitEndianMod_t" time="0.000169992446899414" />
  </testsuite>
  <testsuite name="spec_perl_TestRepeatUntilCalcArrayType_t" errors="0" failures="0" skipped="0" tests="7" time="0.0524990558624268">
    <system-out>1..7
ok 1 - Equals
ok 2 - Equals
ok 3 - Equals
ok 4 - Equals
ok 5 - Equals
ok 6 - Equals
ok 7 - Equals
</system-out>
    <testcase name="Equals (89)" classname="spec_perl_TestRepeatUntilCalcArrayType_t" time="0.000557184219360352" />
    <testcase name="Equals (90)" classname="spec_perl_TestRepeatUntilCalcArrayType_t" time="0.000104904174804688" />
    <testcase name="Equals (91)" classname="spec_perl_TestRepeatUntilCalcArrayType_t" time="6.00814819335938e-05" />
    <testcase name="Equals (92)" classname="spec_perl_TestRepeatUntilCalcArrayType_t" time="0.000165939331054688" />
    <testcase name="Equals (93)" classname="spec_perl_TestRepeatUntilCalcArrayType_t" time="0.000115871429443359" />
    <testcase name="Equals (94)" classname="spec_perl_TestRepeatUntilCalcArrayType_t" time="0.000166177749633789" />
    <testcase name="Equals (95)" classname="spec_perl_TestRepeatUntilCalcArrayType_t" time="0.000135898590087891" />
  </testsuite>
  <testsuite name="spec_perl_TestExprMod_t" errors="0" failures="0" skipped="0" tests="6" time="0.0519499778747559">
    <system-out>1..6
ok 1 - Equals
ok 2 - Equals
ok 3 - Equals
ok 4 - Equals
ok 5 - Equals
ok 6 - Equals
</system-out>
    <testcase name="Equals (96)" classname="spec_perl_TestExprMod_t" time="0.00027012825012207" />
    <testcase name="Equals (97)" classname="spec_perl_TestExprMod_t" time="0.000166893005371094" />
    <testcase name="Equals (98)" classname="spec_perl_TestExprMod_t" time="0.000205039978027344" />
    <testcase name="Equals (99)" classname="spec_perl_TestExprMod_t" time="0.000134944915771484" />
    <testcase name="Equals (100)" classname="spec_perl_TestExprMod_t" time="0.000178098678588867" />
    <testcase name="Equals (101)" classname="spec_perl_TestExprMod_t" time="0.000129938125610352" />
  </testsuite>
  <testsuite name="spec_perl_TestNavRoot_t" errors="0" failures="0" skipped="0" tests="5" time="0.0538380146026611">
    <system-out>1..5
ok 1 - Equals
ok 2 - Equals
ok 3 - Equals
ok 4 - Equals
ok 5 - Equals
</system-out>
    <testcase name="Equals (102)" classname="spec_perl_TestNavRoot_t" time="0.000334978103637695" />
    <testcase name="Equals (103)" classname="spec_perl_TestNavRoot_t" time="8.70227813720703e-05" />
    <testcase name="Equals (104)" classname="spec_perl_TestNavRoot_t" time="0.000140905380249023" />
    <testcase name="Equals (105)" classname="spec_perl_TestNavRoot_t" time="0.000152111053466797" />
    <testcase name="Equals (106)" classname="spec_perl_TestNavRoot_t" time="0.000151872634887695" />
  </testsuite>
  <testsuite name="spec_perl_TestCastToImported_t" errors="0" failures="0" skipped="0" tests="2" time="0.0506417751312256">
    <system-out>1..2
ok 1 - Equals
ok 2 - Equals
</system-out>
    <testcase name="Equals (107)" classname="spec_perl_TestCastToImported_t" time="0.000249862670898438" />
    <testcase name="Equals (108)" classname="spec_perl_TestCastToImported_t" time="0.00023198127746582" />
  </testsuite>
  <testsuite name="spec_perl_TestDefaultEndianExprInherited_t" errors="0" failures="0" skipped="0" tests="15" time="0.0547890663146973">
    <system-out>1..15
ok 1 - Equals
ok 2 - Equals
ok 3 - Equals
ok 4 - Equals
ok 5 - Equals
ok 6 - Equals
ok 7 - Equals
ok 8 - Equals
ok 9 - Equals
ok 10 - Equals
ok 11 - Equals
ok 12 - Equals
ok 13 - Equals
ok 14 - Equals
ok 15 - Equals
</system-out>
    <testcase name="Equals (109)" classname="spec_perl_TestDefaultEndianExprInherited_t" time="0.000344991683959961" />
    <testcase name="Equals (110)" classname="spec_perl_TestDefaultEndianExprInherited_t" time="0.000103950500488281" />
    <testcase name="Equals (111)" classname="spec_perl_TestDefaultEndianExprInherited_t" time="0.000549077987670898" />
    <testcase name="Equals (112)" classname="spec_perl_TestDefaultEndianExprInherited_t" time="0.000143051147460938" />
    <testcase name="Equals (113)" classname="spec_perl_TestDefaultEndianExprInherited_t" time="0.000171899795532227" />
    <testcase name="Equals (114)" classname="spec_perl_TestDefaultEndianExprInherited_t" time="0.00014805793762207" />
    <testcase name="Equals (115)" classname="spec_perl_TestDefaultEndianExprInherited_t" time="0.00017094612121582" />
    <testcase name="Equals (116)" classname="spec_perl_TestDefaultEndianExprInherited_t" time="0.000154972076416016" />
    <testcase name="Equals (117)" classname="spec_perl_TestDefaultEndianExprInherited_t" time="0.000164031982421875" />
    <testcase name="Equals (118)" classname="spec_perl_TestDefaultEndianExprInherited_t" time="0.000168085098266602" />
    <testcase name="Equals (119)" classname="spec_perl_TestDefaultEndianExprInherited_t" time="0.000151872634887695" />
    <testcase name="Equals (120)" classname="spec_perl_TestDefaultEndianExprInherited_t" time="0.000164031982421875" />
    <testcase name="Equals (121)" classname="spec_perl_TestDefaultEndianExprInherited_t" time="0.000163078308105469" />
    <testcase name="Equals (122)" classname="spec_perl_TestDefaultEndianExprInherited_t" time="0.000168085098266602" />
    <testcase name="Equals (123)" classname="spec_perl_TestDefaultEndianExprInherited_t" time="0.000165939331054688" />
  </testsuite>
  <testsuite name="spec_perl_TestBitsSimple_t" errors="0" failures="0" skipped="0" tests="14" time="0.0534529685974121">
    <system-out>1..14
ok 1 - Equals
ok 2 - Equals
ok 3 - Equals
ok 4 - Equals
ok 5 - Equals
ok 6 - Equals
ok 7 - Equals
ok 8 - Equals
ok 9 - Equals
ok 10 - Equals
ok 11 - Equals
ok 12 - Equals
ok 13 - Equals
ok 14 - Equals
</system-out>
    <testcase name="Equals (124)" classname="spec_perl_TestBitsSimple_t" time="0.000277996063232422" />
    <testcase name="Equals (125)" classname="spec_perl_TestBitsSimple_t" time="9.60826873779297e-05" />
    <testcase name="Equals (126)" classname="spec_perl_TestBitsSimple_t" time="0.000141143798828125" />
    <testcase name="Equals (127)" classname="spec_perl_TestBitsSimple_t" time="0.000159978866577148" />
    <testcase name="Equals (128)" classname="spec_perl_TestBitsSimple_t" time="0.000142812728881836" />
    <testcase name="Equals (129)" classname="spec_perl_TestBitsSimple_t" time="0.000169038772583008" />
    <testcase name="Equals (130)" classname="spec_perl_TestBitsSimple_t" time="0.000133991241455078" />
    <testcase name="Equals (131)" classname="spec_perl_TestBitsSimple_t" time="0.000159978866577148" />
    <testcase name="Equals (132)" classname="spec_perl_TestBitsSimple_t" time="0.000173091888427734" />
    <testcase name="Equals (133)" classname="spec_perl_TestBitsSimple_t" time="0.000134944915771484" />
    <testcase name="Equals (134)" classname="spec_perl_TestBitsSimple_t" time="0.000159025192260742" />
    <testcase name="Equals (135)" classname="spec_perl_TestBitsSimple_t" time="0.000164031982421875" />
    <testcase name="Equals (136)" classname="spec_perl_TestBitsSimple_t" time="0.000132083892822266" />
    <testcase name="Equals (137)" classname="spec_perl_TestBitsSimple_t" time="0.000162839889526367" />
  </testsuite>
  <testsuite name="spec_perl_TestTermU1Val_t" errors="0" failures="0" skipped="0" tests="2" time="0.0519640445709229">
    <system-out>1..2
ok 1 - Equals
ok 2 - Equals
</system-out>
    <testcase name="Equals (138)" classname="spec_perl_TestTermU1Val_t" time="0.00029301643371582" />
    <testcase name="Equals (139)" classname="spec_perl_TestTermU1Val_t" time="9.29832458496094e-05" />
  </testsuite>
  <testsuite name="spec_perl_TestSwitchMultiBoolOps_t" errors="0" failures="0" skipped="0" tests="9" time="0.0490989685058594">
    <system-out>1..9
ok 1 - Equals
ok 2 - Equals
ok 3 - Equals
ok 4 - Equals
ok 5 - Equals
ok 6 - Equals
ok 7 - Equals
ok 8 - Equals
ok 9 - Equals
</system-out>
    <testcase name="Equals (140)" classname="spec_perl_TestSwitchMultiBoolOps_t" time="0.000267982482910156" />
    <testcase name="Equals (141)" classname="spec_perl_TestSwitchMultiBoolOps_t" time="9.89437103271484e-05" />
    <testcase name="Equals (142)" classname="spec_perl_TestSwitchMultiBoolOps_t" time="0.000165224075317383" />
    <testcase name="Equals (143)" classname="spec_perl_TestSwitchMultiBoolOps_t" time="0.000137805938720703" />
    <testcase name="Equals (144)" classname="spec_perl_TestSwitchMultiBoolOps_t" time="0.000149011611938477" />
    <testcase name="Equals (145)" classname="spec_perl_TestSwitchMultiBoolOps_t" time="0.000139951705932617" />
    <testcase name="Equals (146)" classname="spec_perl_TestSwitchMultiBoolOps_t" time="0.000140190124511719" />
    <testcase name="Equals (147)" classname="spec_perl_TestSwitchMultiBoolOps_t" time="0.000134944915771484" />
    <testcase name="Equals (148)" classname="spec_perl_TestSwitchMultiBoolOps_t" time="0.000159978866577148" />
  </testsuite>
  <testsuite name="spec_perl_TestCombineBytes_t" errors="0" failures="0" skipped="0" tests="10" time="0.0593018531799316">
    <system-out>1..10
ok 1 - Equals
ok 2 - Equals
ok 3 - Equals
ok 4 - Equals
ok 5 - Equals
ok 6 - Equals
ok 7 - Equals
ok 8 - Equals
ok 9 - Equals
ok 10 - Equals
</system-out>
    <testcase name="Equals (149)" classname="spec_perl_TestCombineBytes_t" time="0.000164985656738281" />
    <testcase name="Equals (150)" classname="spec_perl_TestCombineBytes_t" time="0.000112056732177734" />
    <testcase name="Equals (151)" classname="spec_perl_TestCombineBytes_t" time="0.000179052352905273" />
    <testcase name="Equals (152)" classname="spec_perl_TestCombineBytes_t" time="0.000126838684082031" />
    <testcase name="Equals (153)" classname="spec_perl_TestCombineBytes_t" time="0.000161170959472656" />
    <testcase name="Equals (154)" classname="spec_perl_TestCombineBytes_t" time="0.000125885009765625" />
    <testcase name="Equals (155)" classname="spec_perl_TestCombineBytes_t" time="0.000145912170410156" />
    <testcase name="Equals (156)" classname="spec_perl_TestCombineBytes_t" time="0.000146150588989258" />
    <testcase name="Equals (157)" classname="spec_perl_TestCombineBytes_t" time="0.000177860260009766" />
    <testcase name="Equals (158)" classname="spec_perl_TestCombineBytes_t" time="0.0001220703125" />
  </testsuite>
  <testsuite name="spec_perl_TestExprBits_t" errors="0" failures="0" skipped="0" tests="10" time="0.0538120269775391">
    <system-out>1..10
ok 1 - Equals
ok 2 - Equals
ok 3 - Equals
ok 4 - Equals
ok 5 - Equals
ok 6 - Equals
ok 7 - Equals
ok 8 - Equals
ok 9 - Equals
ok 10 - Equals
</system-out>
    <testcase name="Equals (159)" classname="spec_perl_TestExprBits_t" time="0.000370025634765625" />
    <testcase name="Equals (160)" classname="spec_perl_TestExprBits_t" time="0.000106096267700195" />
    <testcase name="Equals (161)" classname="spec_perl_TestExprBits_t" time="8.60691070556641e-05" />
    <testcase name="Equals (162)" classname="spec_perl_TestExprBits_t" time="0.0001678466796875" />
    <testcase name="Equals (163)" classname="spec_perl_TestExprBits_t" time="0.000179052352905273" />
    <testcase name="Equals (164)" classname="spec_perl_TestExprBits_t" time="0.000153064727783203" />
    <testcase name="Equals (165)" classname="spec_perl_TestExprBits_t" time="0.000159025192260742" />
    <testcase name="Equals (166)" classname="spec_perl_TestExprBits_t" time="0.000131845474243164" />
    <testcase name="Equals (167)" classname="spec_perl_TestExprBits_t" time="0.000162124633789062" />
    <testcase name="Equals (168)" classname="spec_perl_TestExprBits_t" time="0.000172853469848633" />
  </testsuite>
  <testsuite name="spec_perl_TestPositionInSeq_t" errors="0" failures="0" skipped="0" tests="1" time="0.0482630729675293">
    <system-out>1..1
ok 1 - Equals
</system-out>
    <testcase name="Equals (169)" classname="spec_perl_TestPositionInSeq_t" time="0.000217914581298828" />
  </testsuite>
  <testsuite name="spec_perl_TestRepeatUntilSized_t" errors="0" failures="0" skipped="0" tests="7" time="0.0526890754699707">
    <system-out>1..7
ok 1 - Equals
ok 2 - Equals
ok 3 - Equals
ok 4 - Equals
ok 5 - Equals
ok 6 - Equals
ok 7 - Equals
</system-out>
    <testcase name="Equals (170)" classname="spec_perl_TestRepeatUntilSized_t" time="0.000529050827026367" />
    <testcase name="Equals (171)" classname="spec_perl_TestRepeatUntilSized_t" time="0.000105857849121094" />
    <testcase name="Equals (172)" classname="spec_perl_TestRepeatUntilSized_t" time="6.00814819335938e-05" />
    <testcase name="Equals (173)" classname="spec_perl_TestRepeatUntilSized_t" time="0.000150918960571289" />
    <testcase name="Equals (174)" classname="spec_perl_TestRepeatUntilSized_t" time="0.000146150588989258" />
    <testcase name="Equals (175)" classname="spec_perl_TestRepeatUntilSized_t" time="0.000152826309204102" />
    <testcase name="Equals (176)" classname="spec_perl_TestRepeatUntilSized_t" time="0.000152111053466797" />
  </testsuite>
  <testsuite name="spec_perl_TestIndexSizes_t" errors="0" failures="0" skipped="0" tests="7" time="0.0515451431274414">
    <system-out>1..7
ok 1 - Equals
ok 2 - Equals
ok 3 - Equals
ok 4 - Equals
ok 5 - Equals
ok 6 - Equals
ok 7 - Equals
</system-out>
    <testcase name="Equals (177)" classname="spec_perl_TestIndexSizes_t" time="0.000267982482910156" />
    <testcase name="Equals (178)" classname="spec_perl_TestIndexSizes_t" time="0.000107049942016602" />
    <testcase name="Equals (179)" classname="spec_perl_TestIndexSizes_t" time="0.000156879425048828" />
    <testcase name="Equals (180)" classname="spec_perl_TestIndexSizes_t" time="0.000140190124511719" />
    <testcase name="Equals (181)" classname="spec_perl_TestIndexSizes_t" time="0.000153779983520508" />
    <testcase name="Equals (182)" classname="spec_perl_TestIndexSizes_t" time="0.000124216079711914" />
    <testcase name="Equals (183)" classname="spec_perl_TestIndexSizes_t" time="0.000154972076416016" />
  </testsuite>
  <testsuite name="spec_perl_TestSwitchManualIntSizeElse_t" errors="0" failures="0" skipped="0" tests="10" time="0.057548999786377">
    <system-out>1..10
ok 1 - Equals
ok 2 - Equals
ok 3 - Equals
ok 4 - Equals
ok 5 - Equals
ok 6 - Equals
ok 7 - Equals
ok 8 - Equals
ok 9 - Equals
ok 10 - Equals
</system-out>
    <testcase name="Equals (184)" classname="spec_perl_TestSwitchManualIntSizeElse_t" time="0.000723838806152344" />
    <testcase name="Equals (185)" classname="spec_perl_TestSwitchManualIntSizeElse_t" time="0.000107049942016602" />
    <testcase name="Equals (186)" classname="spec_perl_TestSwitchManualIntSizeElse_t" time="6.103515625e-05" />
    <testcase name="Equals (187)" classname="spec_perl_TestSwitchManualIntSizeElse_t" time="0.000130891799926758" />
    <testcase name="Equals (188)" classname="spec_perl_TestSwitchManualIntSizeElse_t" time="0.000162124633789062" />
    <testcase name="Equals (189)" classname="spec_perl_TestSwitchManualIntSizeElse_t" time="0.000159978866577148" />
    <testcase name="Equals (190)" classname="spec_perl_TestSwitchManualIntSizeElse_t" time="0.000151872634887695" />
    <testcase name="Equals (191)" classname="spec_perl_TestSwitchManualIntSizeElse_t" time="0.000161170959472656" />
    <testcase name="Equals (192)" classname="spec_perl_TestSwitchManualIntSizeElse_t" time="0.000151872634887695" />
    <testcase name="Equals (193)" classname="spec_perl_TestSwitchManualIntSizeElse_t" time="0.000175952911376953" />
  </testsuite>
  <testsuite name="spec_perl_TestNestedTypes2_t" errors="0" failures="0" skipped="0" tests="7" time="0.0486891269683838">
    <system-out>1..7
ok 1 - Equals
ok 2 - Equals
ok 3 - Equals
ok 4 - Equals
ok 5 - Equals
ok 6 - Equals
ok 7 - Equals
</system-out>
    <testcase name="Equals (194)" classname="spec_perl_TestNestedTypes2_t" time="0.00030207633972168" />
    <testcase name="Equals (195)" classname="spec_perl_TestNestedTypes2_t" time="7.98702239990234e-05" />
    <testcase name="Equals (196)" classname="spec_perl_TestNestedTypes2_t" time="0.000154972076416016" />
    <testcase name="Equals (197)" classname="spec_perl_TestNestedTypes2_t" time="0.000140190124511719" />
    <testcase name="Equals (198)" classname="spec_perl_TestNestedTypes2_t" time="0.000144004821777344" />
    <testcase name="Equals (199)" classname="spec_perl_TestNestedTypes2_t" time="0.000149965286254883" />
    <testcase name="Equals (200)" classname="spec_perl_TestNestedTypes2_t" time="0.000144004821777344" />
  </testsuite>
  <testsuite name="spec_perl_TestIntegersDoubleOverflow_t" errors="0" failures="0" skipped="0" tests="8" time="0.0480971336364746">
    <system-out>1..8
ok 1 - Equals
ok 2 - Equals
ok 3 - Equals
ok 4 - Equals
ok 5 - Equals
ok 6 - Equals
ok 7 - Equals
ok 8 - Equals
</system-out>
    <testcase name="Equals (201)" classname="spec_perl_TestIntegersDoubleOverflow_t" time="0.000240087509155273" />
    <testcase name="Equals (202)" classname="spec_perl_TestIntegersDoubleOverflow_t" time="0.000134944915771484" />
    <testcase name="Equals (203)" classname="spec_perl_TestIntegersDoubleOverflow_t" time="0.000146865844726562" />
    <testcase name="Equals (204)" classname="spec_perl_TestIntegersDoubleOverflow_t" time="0.000135183334350586" />
    <testcase name="Equals (205)" classname="spec_perl_TestIntegersDoubleOverflow_t" time="0.000160932540893555" />
    <testcase name="Equals (206)" classname="spec_perl_TestIntegersDoubleOverflow_t" time="0.000124931335449219" />
    <testcase name="Equals (207)" classname="spec_perl_TestIntegersDoubleOverflow_t" time="0.000161170959472656" />
    <testcase name="Equals (208)" classname="spec_perl_TestIntegersDoubleOverflow_t" time="0.000168800354003906" />
  </testsuite>
  <testsuite name="spec_perl_TestTermBytes_t" errors="0" failures="0" skipped="0" tests="3" time="0.0478401184082031">
    <system-out>1..3
ok 1 - Equals
ok 2 - Equals
ok 3 - Equals
</system-out>
    <testcase name="Equals (209)" classname="spec_perl_TestTermBytes_t" time="0.000258922576904297" />
    <testcase name="Equals (210)" classname="spec_perl_TestTermBytes_t" time="8.60691070556641e-05" />
    <testcase name="Equals (211)" classname="spec_perl_TestTermBytes_t" time="0.000145912170410156" />
  </testsuite>
  <testsuite name="spec_perl_TestZlibSurrounded_t" errors="0" failures="0" skipped="0" tests="1" time="0.0689888000488281">
    <system-out>1..1
ok 1 - Equals
</system-out>
    <testcase name="Equals (212)" classname="spec_perl_TestZlibSurrounded_t" time="0.000495195388793945" />
  </testsuite>
  <testsuite name="spec_perl_TestEofExceptionBytes_t" errors="0" failures="0" skipped="0" tests="1" time="0.053095817565918">
    <system-out>1..1
ok 1 - Died
</system-out>
    <testcase name="Died (212)" classname="spec_perl_TestEofExceptionBytes_t" time="0.000180959701538086" />
  </testsuite>
  <testsuite name="spec_perl_TestBitsUnalignedB64Le_t" errors="0" failures="0" skipped="0" tests="3" time="0.0511088371276855">
    <system-out>1..3
ok 1 - Equals
ok 2 - Equals
ok 3 - Equals
</system-out>
    <testcase name="Equals (213)" classname="spec_perl_TestBitsUnalignedB64Le_t" time="0.000225067138671875" />
    <testcase name="Equals (214)" classname="spec_perl_TestBitsUnalignedB64Le_t" time="7.79628753662109e-05" />
    <testcase name="Equals (215)" classname="spec_perl_TestBitsUnalignedB64Le_t" time="0.000179052352905273" />
  </testsuite>
  <testsuite name="spec_perl_TestBitsSimpleLe_t" errors="0" failures="0" skipped="0" tests="14" time="0.0551691055297852">
    <system-out>1..14
ok 1 - Equals
ok 2 - Equals
ok 3 - Equals
ok 4 - Equals
ok 5 - Equals
ok 6 - Equals
ok 7 - Equals
ok 8 - Equals
ok 9 - Equals
ok 10 - Equals
ok 11 - Equals
ok 12 - Equals
ok 13 - Equals
ok 14 - Equals
</system-out>
    <testcase name="Equals (216)" classname="spec_perl_TestBitsSimpleLe_t" time="0.000323057174682617" />
    <testcase name="Equals (217)" classname="spec_perl_TestBitsSimpleLe_t" time="8.392333984375e-05" />
    <testcase name="Equals (218)" classname="spec_perl_TestBitsSimpleLe_t" time="0.00024104118347168" />
    <testcase name="Equals (219)" classname="spec_perl_TestBitsSimpleLe_t" time="0.000185966491699219" />
    <testcase name="Equals (220)" classname="spec_perl_TestBitsSimpleLe_t" time="0.000164985656738281" />
    <testcase name="Equals (221)" classname="spec_perl_TestBitsSimpleLe_t" time="0.000154018402099609" />
    <testcase name="Equals (222)" classname="spec_perl_TestBitsSimpleLe_t" time="0.000149011611938477" />
    <testcase name="Equals (223)" classname="spec_perl_TestBitsSimpleLe_t" time="0.000293970108032227" />
    <testcase name="Equals (224)" classname="spec_perl_TestBitsSimpleLe_t" time="0.000154018402099609" />
    <testcase name="Equals (225)" classname="spec_perl_TestBitsSimpleLe_t" time="0.000189065933227539" />
    <testcase name="Equals (226)" classname="spec_perl_TestBitsSimpleLe_t" time="0.000129938125610352" />
    <testcase name="Equals (227)" classname="spec_perl_TestBitsSimpleLe_t" time="0.000184059143066406" />
    <testcase name="Equals (228)" classname="spec_perl_TestBitsSimpleLe_t" time="0.000137805938720703" />
    <testcase name="Equals (229)" classname="spec_perl_TestBitsSimpleLe_t" time="0.000140190124511719" />
  </testsuite>
  <testsuite name="spec_perl_TestExprSizeofValueSized_t" errors="0" failures="0" skipped="0" tests="5" time="0.0498440265655518">
    <system-out>1..5
ok 1 - Equals
ok 2 - Equals
ok 3 - Equals
ok 4 - Equals
ok 5 - Equals
</system-out>
    <testcase name="Equals (230)" classname="spec_perl_TestExprSizeofValueSized_t" time="0.000499963760375977" />
    <testcase name="Equals (231)" classname="spec_perl_TestExprSizeofValueSized_t" time="0.000105857849121094" />
    <testcase name="Equals (232)" classname="spec_perl_TestExprSizeofValueSized_t" time="6.00814819335938e-05" />
    <testcase name="Equals (233)" classname="spec_perl_TestExprSizeofValueSized_t" time="0.000162124633789062" />
    <testcase name="Equals (234)" classname="spec_perl_TestExprSizeofValueSized_t" time="0.000135898590087891" />
  </testsuite>
  <testsuite name="spec_perl_TestRepeatNStruct_t" errors="0" failures="0" skipped="0" tests="5" time="0.0524499416351318">
    <system-out>1..5
ok 1 - Equals
ok 2 - Equals
ok 3 - Equals
ok 4 - Equals
ok 5 - Equals
</system-out>
    <testcase name="Equals (235)" classname="spec_perl_TestRepeatNStruct_t" time="0.000268936157226562" />
    <testcase name="Equals (236)" classname="spec_perl_TestRepeatNStruct_t" time="8.392333984375e-05" />
    <testcase name="Equals (237)" classname="spec_perl_TestRepeatNStruct_t" time="0.000145912170410156" />
    <testcase name="Equals (238)" classname="spec_perl_TestRepeatNStruct_t" time="0.000150203704833984" />
    <testcase name="Equals (239)" classname="spec_perl_TestRepeatNStruct_t" time="0.000151872634887695" />
  </testsuite>
  <testsuite name="spec_perl_TestIntegersMinMax_t" errors="0" failures="0" skipped="0" tests="28" time="0.0516839027404785">
    <system-out>1..28
ok 1 - Equals
ok 2 - Equals
ok 3 - Equals
ok 4 - Equals
ok 5 - Equals
ok 6 - Equals
ok 7 - Equals
ok 8 - Equals
ok 9 - Equals
ok 10 - Equals
ok 11 - Equals
ok 12 - Equals
ok 13 - Equals
ok 14 - Equals
ok 15 - Equals
ok 16 - Equals
ok 17 - Equals
ok 18 - Equals
ok 19 - Equals
ok 20 - Equals
ok 21 - Equals
ok 22 - Equals
ok 23 - Equals
ok 24 - Equals
ok 25 - Equals
ok 26 - Equals
ok 27 - Equals
ok 28 - Equals
</system-out>
    <testcase name="Equals (240)" classname="spec_perl_TestIntegersMinMax_t" time="0.000288963317871094" />
    <testcase name="Equals (241)" classname="spec_perl_TestIntegersMinMax_t" time="8.29696655273438e-05" />
    <testcase name="Equals (242)" classname="spec_perl_TestIntegersMinMax_t" time="0.000133991241455078" />
    <testcase name="Equals (243)" classname="spec_perl_TestIntegersMinMax_t" time="0.000144004821777344" />
    <testcase name="Equals (244)" classname="spec_perl_TestIntegersMinMax_t" time="0.000151157379150391" />
    <testcase name="Equals (245)" classname="spec_perl_TestIntegersMinMax_t" time="0.000125885009765625" />
    <testcase name="Equals (246)" classname="spec_perl_TestIntegersMinMax_t" time="0.000159978866577148" />
    <testcase name="Equals (247)" classname="spec_perl_TestIntegersMinMax_t" time="0.000133037567138672" />
    <testcase name="Equals (248)" classname="spec_perl_TestIntegersMinMax_t" time="0.000149965286254883" />
    <testcase name="Equals (249)" classname="spec_perl_TestIntegersMinMax_t" time="0.000127077102661133" />
    <testcase name="Equals (250)" classname="spec_perl_TestIntegersMinMax_t" time="0.000150918960571289" />
    <testcase name="Equals (251)" classname="spec_perl_TestIntegersMinMax_t" time="0.000161170959472656" />
    <testcase name="Equals (252)" classname="spec_perl_TestIntegersMinMax_t" time="0.000155925750732422" />
    <testcase name="Equals (253)" classname="spec_perl_TestIntegersMinMax_t" time="0.000153064727783203" />
    <testcase name="Equals (254)" classname="spec_perl_TestIntegersMinMax_t" time="0.000145912170410156" />
    <testcase name="Equals (255)" classname="spec_perl_TestIntegersMinMax_t" time="0.000132083892822266" />
    <testcase name="Equals (256)" classname="spec_perl_TestIntegersMinMax_t" time="0.000158786773681641" />
    <testcase name="Equals (257)" classname="spec_perl_TestIntegersMinMax_t" time="0.000128030776977539" />
    <testcase name="Equals (258)" classname="spec_perl_TestIntegersMinMax_t" time="0.000149965286254883" />
    <testcase name="Equals (259)" classname="spec_perl_TestIntegersMinMax_t" time="0.000127077102661133" />
    <testcase name="Equals (260)" classname="spec_perl_TestIntegersMinMax_t" time="0.000155925750732422" />
    <testcase name="Equals (261)" classname="spec_perl_TestIntegersMinMax_t" time="0.000128030776977539" />
    <testcase name="Equals (262)" classname="spec_perl_TestIntegersMinMax_t" time="0.000159978866577148" />
    <testcase name="Equals (263)" classname="spec_perl_TestIntegersMinMax_t" time="0.000168085098266602" />
    <testcase name="Equals (264)" classname="spec_perl_TestIntegersMinMax_t" time="0.000103950500488281" />
    <testcase name="Equals (265)" classname="spec_perl_TestIntegersMinMax_t" time="0.000154972076416016" />
    <testcase name="Equals (266)" classname="spec_perl_TestIntegersMinMax_t" time="0.000133037567138672" />
    <testcase name="Equals (267)" classname="spec_perl_TestIntegersMinMax_t" time="0.000138044357299805" />
  </testsuite>
  <testsuite name="spec_perl_TestDefaultBigEndian_t" errors="0" failures="0" skipped="0" tests="1" time="0.0517079830169678">
    <system-out>1..1
ok 1 - Equals
</system-out>
    <testcase name="Equals (268)" classname="spec_perl_TestDefaultBigEndian_t" time="0.000217914581298828" />
  </testsuite>
  <testsuite name="spec_perl_TestBitsShiftByB32Le_t" errors="0" failures="0" skipped="0" tests="2" time="0.0509669780731201">
    <system-out>1..2
ok 1 - Equals
ok 2 - Equals
</system-out>
    <testcase name="Equals (269)" classname="spec_perl_TestBitsShiftByB32Le_t" time="0.000179052352905273" />
    <testcase name="Equals (270)" classname="spec_perl_TestBitsShiftByB32Le_t" time="0.000111818313598633" />
  </testsuite>
  <testsuite name="spec_perl_TestDefaultEndianExprIsLe_t" errors="0" failures="0" skipped="0" tests="12" time="0.0505540370941162">
    <system-out>1..12
ok 1 - Equals
ok 2 - Equals
ok 3 - Equals
ok 4 - Equals
ok 5 - Equals
ok 6 - Equals
ok 7 - Equals
ok 8 - Equals
ok 9 - Equals
ok 10 - Equals
ok 11 - Equals
ok 12 - Equals
</system-out>
    <testcase name="Equals (271)" classname="spec_perl_TestDefaultEndianExprIsLe_t" time="0.000296115875244141" />
    <testcase name="Equals (272)" classname="spec_perl_TestDefaultEndianExprIsLe_t" time="8.48770141601562e-05" />
    <testcase name="Equals (273)" classname="spec_perl_TestDefaultEndianExprIsLe_t" time="0.000134944915771484" />
    <testcase name="Equals (274)" classname="spec_perl_TestDefaultEndianExprIsLe_t" time="0.000138044357299805" />
    <testcase name="Equals (275)" classname="spec_perl_TestDefaultEndianExprIsLe_t" time="0.000149965286254883" />
    <testcase name="Equals (276)" classname="spec_perl_TestDefaultEndianExprIsLe_t" time="0.000131130218505859" />
    <testcase name="Equals (277)" classname="spec_perl_TestDefaultEndianExprIsLe_t" time="0.000154972076416016" />
    <testcase name="Equals (278)" classname="spec_perl_TestDefaultEndianExprIsLe_t" time="0.000129938125610352" />
    <testcase name="Equals (279)" classname="spec_perl_TestDefaultEndianExprIsLe_t" time="0.000156164169311523" />
    <testcase name="Equals (280)" classname="spec_perl_TestDefaultEndianExprIsLe_t" time="0.000122785568237305" />
    <testcase name="Equals (281)" classname="spec_perl_TestDefaultEndianExprIsLe_t" time="0.000154018402099609" />
    <testcase name="Equals (282)" classname="spec_perl_TestDefaultEndianExprIsLe_t" time="0.000158071517944336" />
  </testsuite>
  <testsuite name="spec_perl_TestFloatToI_t" errors="0" failures="0" skipped="0" tests="8" time="0.0503191947937012">
    <system-out>1..8
ok 1 - Approx equals
ok 2 - Approx equals
ok 3 - Equals
ok 4 - Equals
ok 5 - Equals
ok 6 - Equals
ok 7 - Equals
ok 8 - Equals
</system-out>
    <testcase name="Approx equals (282)" classname="spec_perl_TestFloatToI_t" time="0.000166893005371094" />
    <testcase name="Approx equals (283)" classname="spec_perl_TestFloatToI_t" time="7.20024108886719e-05" />
    <testcase name="Equals (283)" classname="spec_perl_TestFloatToI_t" time="0.000137090682983398" />
    <testcase name="Equals (284)" classname="spec_perl_TestFloatToI_t" time="0.000152111053466797" />
    <testcase name="Equals (285)" classname="spec_perl_TestFloatToI_t" time="0.000162839889526367" />
    <testcase name="Equals (286)" classname="spec_perl_TestFloatToI_t" time="0.000132083892822266" />
    <testcase name="Equals (287)" classname="spec_perl_TestFloatToI_t" time="0.00017094612121582" />
    <testcase name="Equals (288)" classname="spec_perl_TestFloatToI_t" time="0.000137090682983398" />
  </testsuite>
  <testsuite name="spec_perl_TestNestedTypes_t" errors="0" failures="0" skipped="0" tests="3" time="0.0538549423217773">
    <system-out>1..3
ok 1 - Equals
ok 2 - Equals
ok 3 - Equals
</system-out>
    <testcase name="Equals (289)" classname="spec_perl_TestNestedTypes_t" time="0.000257968902587891" />
    <testcase name="Equals (290)" classname="spec_perl_TestNestedTypes_t" time="7.91549682617188e-05" />
    <testcase name="Equals (291)" classname="spec_perl_TestNestedTypes_t" time="0.000162839889526367" />
  </testsuite>
  <testsuite name="spec_perl_TestValidEqStrEncodings_t" errors="0" failures="0" skipped="1" tests="1" time="0.0573418140411377">
    <system-out>1..1
ok 1 # skip ValidEqStrEncodings=HASH(0x563413a954e0)
</system-out>
    <testcase name="Unnamed test case 291" classname="spec_perl_TestValidEqStrEncodings_t" time="0.00400185585021973">
      <skipped message="ok 1 # skip ValidEqStrEncodings=HASH(0x563413a954e0)" />
    </testcase>
  </testsuite>
  <testsuite name="spec_perl_TestValidShort_t" errors="0" failures="0" skipped="1" tests="1" time="0.05423903465271">
    <system-out>1..1
ok 1 # skip ValidShort=HASH(0x55820c26b280)
</system-out>
    <testcase name="Unnamed test case 292" classname="spec_perl_TestValidShort_t" time="0.00105810165405273">
      <skipped message="ok 1 # skip ValidShort=HASH(0x55820c26b280)" />
    </testcase>
  </testsuite>
  <testsuite name="spec_perl_TestValidLong_t" errors="0" failures="0" skipped="1" tests="1" time="0.0541079044342041">
    <system-out>1..1
ok 1 # skip ValidLong=HASH(0x563f90bb8e98)
</system-out>
    <testcase name="Unnamed test case 293" classname="spec_perl_TestValidLong_t" time="0.00112700462341309">
      <skipped message="ok 1 # skip ValidLong=HASH(0x563f90bb8e98)" />
    </testcase>
  </testsuite>
  <testsuite name="spec_perl_TestOpaqueExternalType02Parent_t" errors="0" failures="0" skipped="0" tests="3" time="0.0533640384674072">
    <system-out>1..3
ok 1 - Equals
ok 2 - Equals
ok 3 - Equals
</system-out>
    <testcase name="Equals (293)" classname="spec_perl_TestOpaqueExternalType02Parent_t" time="0.00032496452331543" />
    <testcase name="Equals (294)" classname="spec_perl_TestOpaqueExternalType02Parent_t" time="8.98838043212891e-05" />
    <testcase name="Equals (295)" classname="spec_perl_TestOpaqueExternalType02Parent_t" time="0.000138998031616211" />
  </testsuite>
  <testsuite name="spec_perl_TestRepeatEosStruct_t" errors="0" failures="0" skipped="0" tests="5" time="0.0506157875061035">
    <system-out>1..5
ok 1 - Equals
ok 2 - Equals
ok 3 - Equals
ok 4 - Equals
ok 5 - Equals
</system-out>
    <testcase name="Equals (296)" classname="spec_perl_TestRepeatEosStruct_t" time="0.000273942947387695" />
    <testcase name="Equals (297)" classname="spec_perl_TestRepeatEosStruct_t" time="9.01222229003906e-05" />
    <testcase name="Equals (298)" classname="spec_perl_TestRepeatEosStruct_t" time="0.000145912170410156" />
    <testcase name="Equals (299)" classname="spec_perl_TestRepeatEosStruct_t" time="0.000144004821777344" />
    <testcase name="Equals (300)" classname="spec_perl_TestRepeatEosStruct_t" time="0.000139951705932617" />
  </testsuite>
  <testsuite name="spec_perl_TestIfStruct_t" errors="0" failures="0" skipped="0" tests="7" time="0.054628849029541">
    <system-out>1..7
ok 1 - Equals
ok 2 - Equals
ok 3 - Equals
ok 4 - Equals
ok 5 - Equals
ok 6 - Equals
ok 7 - Equals
</system-out>
    <testcase name="Equals (301)" classname="spec_perl_TestIfStruct_t" time="0.000341892242431641" />
    <testcase name="Equals (302)" classname="spec_perl_TestIfStruct_t" time="8.392333984375e-05" />
    <testcase name="Equals (303)" classname="spec_perl_TestIfStruct_t" time="0.000153064727783203" />
    <testcase name="Equals (304)" classname="spec_perl_TestIfStruct_t" time="0.000156164169311523" />
    <testcase name="Equals (305)" classname="spec_perl_TestIfStruct_t" time="0.000152826309204102" />
    <testcase name="Equals (306)" classname="spec_perl_TestIfStruct_t" time="0.000149011611938477" />
    <testcase name="Equals (307)" classname="spec_perl_TestIfStruct_t" time="0.000347137451171875" />
  </testsuite>
  <testsuite name="spec_perl_TestRecursiveOne_t" errors="0" failures="0" skipped="0" tests="4" time="0.050117015838623">
    <system-out>1..4
ok 1 - Equals
ok 2 - Equals
ok 3 - Equals
ok 4 - Equals
</system-out>
    <testcase name="Equals (308)" classname="spec_perl_TestRecursiveOne_t" time="0.000256061553955078" />
    <testcase name="Equals (309)" classname="spec_perl_TestRecursiveOne_t" time="8.70227813720703e-05" />
    <testcase name="Equals (310)" classname="spec_perl_TestRecursiveOne_t" time="0.000135898590087891" />
    <testcase name="Equals (311)" classname="spec_perl_TestRecursiveOne_t" time="0.000144004821777344" />
  </testsuite>
  <testsuite name="spec_perl_TestNestedTypes3_t" errors="0" failures="0" skipped="0" tests="5" time="0.0488297939300537">
    <system-out>1..5
ok 1 - Equals
ok 2 - Equals
ok 3 - Equals
ok 4 - Equals
ok 5 - Equals
</system-out>
    <testcase name="Equals (312)" classname="spec_perl_TestNestedTypes3_t" time="0.000262022018432617" />
    <testcase name="Equals (313)" classname="spec_perl_TestNestedTypes3_t" time="9.39369201660156e-05" />
    <testcase name="Equals (314)" classname="spec_perl_TestNestedTypes3_t" time="0.000164031982421875" />
    <testcase name="Equals (315)" classname="spec_perl_TestNestedTypes3_t" time="0.000150918960571289" />
    <testcase name="Equals (316)" classname="spec_perl_TestNestedTypes3_t" time="0.000131130218505859" />
  </testsuite>
  <testsuite name="spec_perl_TestSwitchManualEnum_t" errors="0" failures="0" skipped="0" tests="9" time="0.0557031631469727">
    <system-out>1..9
ok 1 - Equals
ok 2 - Equals
ok 3 - Equals
ok 4 - Equals
ok 5 - Equals
ok 6 - Equals
ok 7 - Equals
ok 8 - Equals
ok 9 - Equals
</system-out>
    <testcase name="Equals (317)" classname="spec_perl_TestSwitchManualEnum_t" time="0.000369071960449219" />
    <testcase name="Equals (318)" classname="spec_perl_TestSwitchManualEnum_t" time="0.000108003616333008" />
    <testcase name="Equals (319)" classname="spec_perl_TestSwitchManualEnum_t" time="6.29425048828125e-05" />
    <testcase name="Equals (320)" classname="spec_perl_TestSwitchManualEnum_t" time="0.00018000602722168" />
    <testcase name="Equals (321)" classname="spec_perl_TestSwitchManualEnum_t" time="0.000120878219604492" />
    <testcase name="Equals (322)" classname="spec_perl_TestSwitchManualEnum_t" time="0.000179052352905273" />
    <testcase name="Equals (323)" classname="spec_perl_TestSwitchManualEnum_t" time="0.000138998031616211" />
    <testcase name="Equals (324)" classname="spec_perl_TestSwitchManualEnum_t" time="0.000168085098266602" />
    <testcase name="Equals (325)" classname="spec_perl_TestSwitchManualEnum_t" time="0.000145912170410156" />
  </testsuite>
  <testsuite name="spec_perl_TestImportsRel1_t" errors="0" failures="0" skipped="0" tests="3" time="0.0482630729675293">
    <system-out>1..3
ok 1 - Equals
ok 2 - Equals
ok 3 - Equals
</system-out>
    <testcase name="Equals (326)" classname="spec_perl_TestImportsRel1_t" time="0.000242233276367188" />
    <testcase name="Equals (327)" classname="spec_perl_TestImportsRel1_t" time="0.000112771987915039" />
    <testcase name="Equals (328)" classname="spec_perl_TestImportsRel1_t" time="0.000152111053466797" />
  </testsuite>
  <testsuite name="spec_perl_TestParamsPassArrayStruct_t" errors="0" failures="1" skipped="2" tests="3" time="0.0567350387573242">
    <system-out>1..3
not ok 1 - test_params_pass_array_struct died (Can't use an undefined value as an ARRAY reference at spec/perl/TestParamsPassArrayStruct.t line 14.)
ok 2 # skip test_params_pass_array_struct died
ok 3 # skip test_params_pass_array_struct died
</system-out>
    <testcase name="test_params_pass_array_struct died (Can't use an undefined value as an ARRAY reference at spec/perl/TestParamsPassArrayStruct.t line 14.) (328)" classname="spec_perl_TestParamsPassArrayStruct_t" time="0.000319957733154297">
      <failure message="not ok 1 - test_params_pass_array_struct died (Can't use an undefined value as an ARRAY reference at spec/perl/TestParamsPassArrayStruct.t line 14.)" type="TAP::Parser::Result::Test"></failure>
    </testcase>
    <testcase name="Unnamed test case 328" classname="spec_perl_TestParamsPassArrayStruct_t" time="0.000434160232543945">
      <skipped message="ok 2 # skip test_params_pass_array_struct died" />
    </testcase>
    <testcase name="Unnamed test case 329" classname="spec_perl_TestParamsPassArrayStruct_t" time="0.000335931777954102">
      <skipped message="ok 3 # skip test_params_pass_array_struct died" />
    </testcase>
  </testsuite>
  <testsuite name="spec_perl_TestEosExceptionBytes_t" errors="0" failures="0" skipped="0" tests="1" time="0.0495109558105469">
    <system-out>1..1
ok 1 - Died
</system-out>
    <testcase name="Died (329)" classname="spec_perl_TestEosExceptionBytes_t" time="0.000395059585571289" />
  </testsuite>
  <testsuite name="spec_perl_TestExprEnum_t" errors="0" failures="0" skipped="0" tests="3" time="0.0515170097351074">
    <system-out>1..3
ok 1 - Equals
ok 2 - Equals
ok 3 - Equals
</system-out>
    <testcase name="Equals (329)" classname="spec_perl_TestExprEnum_t" time="0.000284194946289062" />
    <testcase name="Equals (330)" classname="spec_perl_TestExprEnum_t" time="9.79900360107422e-05" />
    <testcase name="Equals (331)" classname="spec_perl_TestExprEnum_t" time="0.000162839889526367" />
  </testsuite>
  <testsuite name="spec_perl_TestEofExceptionU4_t" errors="0" failures="0" skipped="0" tests="1" time="0.0502090454101562">
    <system-out>1..1
ok 1 - Died
</system-out>
    <testcase name="Died (331)" classname="spec_perl_TestEofExceptionU4_t" time="0.000160932540893555" />
  </testsuite>
  <testsuite name="spec_perl_TestExprStrEncodings_t" errors="0" failures="0" skipped="0" tests="7" time="0.0556879043579102">
    <system-out>1..7
ok 1 - Equals
ok 2 - Equals
ok 3 - Equals
ok 4 - Equals
ok 5 - Equals
ok 6 - Equals
ok 7 - Equals
</system-out>
    <testcase name="Equals (332)" classname="spec_perl_TestExprStrEncodings_t" time="0.00319504737854004" />
    <testcase name="Equals (333)" classname="spec_perl_TestExprStrEncodings_t" time="9.39369201660156e-05" />
    <testcase name="Equals (334)" classname="spec_perl_TestExprStrEncodings_t" time="7.79628753662109e-05" />
    <testcase name="Equals (335)" classname="spec_perl_TestExprStrEncodings_t" time="0.000166177749633789" />
    <testcase name="Equals (336)" classname="spec_perl_TestExprStrEncodings_t" time="0.000142812728881836" />
    <testcase name="Equals (337)" classname="spec_perl_TestExprStrEncodings_t" time="0.000143051147460938" />
    <testcase name="Equals (338)" classname="spec_perl_TestExprStrEncodings_t" time="0.000169038772583008" />
  </testsuite>
  <testsuite name="spec_perl_TestBcdUserTypeBe_t" errors="0" failures="0" skipped="0" tests="6" time="0.0539240837097168">
    <system-out>1..6
ok 1 - Equals
ok 2 - Equals
ok 3 - Equals
ok 4 - Equals
ok 5 - Equals
ok 6 - Equals
</system-out>
    <testcase name="Equals (339)" classname="spec_perl_TestBcdUserTypeBe_t" time="0.000607967376708984" />
    <testcase name="Equals (340)" classname="spec_perl_TestBcdUserTypeBe_t" time="0.000142097473144531" />
    <testcase name="Equals (341)" classname="spec_perl_TestBcdUserTypeBe_t" time="6.69956207275391e-05" />
    <testcase name="Equals (342)" classname="spec_perl_TestBcdUserTypeBe_t" time="0.000205039978027344" />
    <testcase name="Equals (343)" classname="spec_perl_TestBcdUserTypeBe_t" time="0.0001678466796875" />
    <testcase name="Equals (344)" classname="spec_perl_TestBcdUserTypeBe_t" time="0.000162124633789062" />
  </testsuite>
  <testsuite name="spec_perl_TestValidSwitch_t" errors="0" failures="0" skipped="1" tests="1" time="0.0500919818878174">
    <system-out>1..1
ok 1 # skip ValidSwitch=HASH(0x55bc6857ce78)
</system-out>
    <testcase name="Unnamed test case 344" classname="spec_perl_TestValidSwitch_t" time="0.00125908851623535">
      <skipped message="ok 1 # skip ValidSwitch=HASH(0x55bc6857ce78)" />
    </testcase>
  </testsuite>
  <testsuite name="spec_perl_TestRepeatEosU4_t" errors="0" failures="0" skipped="0" tests="1" time="0.0501718521118164">
    <system-out>1..1
ok 1 - Equals
</system-out>
    <testcase name="Equals (345)" classname="spec_perl_TestRepeatEosU4_t" time="0.000387907028198242" />
  </testsuite>
  <testsuite name="spec_perl_TestNavParentSwitchCast_t" errors="0" failures="0" skipped="0" tests="3" time="0.0490632057189941">
    <system-out>1..3
ok 1 - Equals
ok 2 - Equals
ok 3 - Equals
</system-out>
    <testcase name="Equals (346)" classname="spec_perl_TestNavParentSwitchCast_t" time="0.000536918640136719" />
    <testcase name="Equals (347)" classname="spec_perl_TestNavParentSwitchCast_t" time="9.89437103271484e-05" />
    <testcase name="Equals (348)" classname="spec_perl_TestNavParentSwitchCast_t" time="0.000137090682983398" />
  </testsuite>
  <testsuite name="spec_perl_TestEnum1_t" errors="0" failures="0" skipped="0" tests="2" time="0.0571830272674561">
    <system-out>1..2
ok 1 - Equals
ok 2 - Equals
</system-out>
    <testcase name="Equals (349)" classname="spec_perl_TestEnum1_t" time="0.000311136245727539" />
    <testcase name="Equals (350)" classname="spec_perl_TestEnum1_t" time="8.29696655273438e-05" />
  </testsuite>
  <testsuite name="spec_perl_TestNavParent_t" errors="0" failures="0" skipped="0" tests="5" time="0.0519919395446777">
    <system-out>1..5
ok 1 - Equals
ok 2 - Equals
ok 3 - Equals
ok 4 - Equals
ok 5 - Equals
</system-out>
    <testcase name="Equals (351)" classname="spec_perl_TestNavParent_t" time="0.000329017639160156" />
    <testcase name="Equals (352)" classname="spec_perl_TestNavParent_t" time="8.48770141601562e-05" />
    <testcase name="Equals (353)" classname="spec_perl_TestNavParent_t" time="0.000153064727783203" />
    <testcase name="Equals (354)" classname="spec_perl_TestNavParent_t" time="0.000144004821777344" />
    <testcase name="Equals (355)" classname="spec_perl_TestNavParent_t" time="0.000146865844726562" />
  </testsuite>
  <testsuite name="spec_perl_TestExprStrOps_t" errors="1" failures="0" skipped="0" tests="0" time="0.0469510555267334">
    <system-out></system-out>
    <testcase name="Test died too soon, even before plan. (355)" classname="spec_perl_TestExprStrOps_t" time="0.0469510555267334">
      <failure message="The test suite died before a plan was produced. You need to have a plan." type="Plan">No plan</failure>
    </testcase>
  </testsuite>
  <testsuite name="spec_perl_TestBitsUnalignedB32Le_t" errors="0" failures="0" skipped="0" tests="3" time="0.0523660182952881">
    <system-out>1..3
ok 1 - Equals
ok 2 - Equals
ok 3 - Equals
</system-out>
    <testcase name="Equals (356)" classname="spec_perl_TestBitsUnalignedB32Le_t" time="0.000172138214111328" />
    <testcase name="Equals (357)" classname="spec_perl_TestBitsUnalignedB32Le_t" time="0.000135898590087891" />
    <testcase name="Equals (358)" classname="spec_perl_TestBitsUnalignedB32Le_t" time="0.000162124633789062" />
  </testsuite>
  <testsuite name="spec_perl_TestNestedSameName_t" errors="0" failures="0" skipped="0" tests="2" time="0.0480189323425293">
    <system-out>1..2
ok 1 - Equals
ok 2 - Equals
</system-out>
    <testcase name="Equals (359)" classname="spec_perl_TestNestedSameName_t" time="0.000205039978027344" />
    <testcase name="Equals (360)" classname="spec_perl_TestNestedSameName_t" time="0.000133991241455078" />
  </testsuite>
  <testsuite name="spec_perl_TestDocstringsDocrefMulti_t" errors="0" failures="0" skipped="1" tests="1" time="0.0517449378967285">
    <system-out>1..1
ok 1 # skip DocstringsDocrefMulti=HASH(0x55e2e0340100)
</system-out>
    <testcase name="Unnamed test case 360" classname="spec_perl_TestDocstringsDocrefMulti_t" time="0.00120687484741211">
      <skipped message="ok 1 # skip DocstringsDocrefMulti=HASH(0x55e2e0340100)" />
    </testcase>
  </testsuite>
  <testsuite name="spec_perl_TestStrEncodingsDefault_t" errors="0" failures="0" skipped="0" tests="4" time="0.057758092880249">
    <system-out>1..4
ok 1 - Equals
ok 2 - Equals
ok 3 - Equals
ok 4 - Equals
</system-out>
    <testcase name="Equals (361)" classname="spec_perl_TestStrEncodingsDefault_t" time="0.00325894355773926" />
    <testcase name="Equals (362)" classname="spec_perl_TestStrEncodingsDefault_t" time="0.000112056732177734" />
    <testcase name="Equals (363)" classname="spec_perl_TestStrEncodingsDefault_t" time="6.29425048828125e-05" />
    <testcase name="Equals (364)" classname="spec_perl_TestStrEncodingsDefault_t" time="0.000192880630493164" />
  </testsuite>
  <testsuite name="spec_perl_TestEnumToI_t" errors="0" failures="0" skipped="0" tests="7" time="0.0495209693908691">
    <system-out>1..7
ok 1 - Equals
ok 2 - Equals
ok 3 - Equals
ok 4 - Equals
ok 5 - Equals
ok 6 - Equals
ok 7 - Equals
</system-out>
    <testcase name="Equals (365)" classname="spec_perl_TestEnumToI_t" time="0.000160932540893555" />
    <testcase name="Equals (366)" classname="spec_perl_TestEnumToI_t" time="0.000137090682983398" />
    <testcase name="Equals (367)" classname="spec_perl_TestEnumToI_t" time="0.000161886215209961" />
    <testcase name="Equals (368)" classname="spec_perl_TestEnumToI_t" time="0.000146150588989258" />
    <testcase name="Equals (369)" classname="spec_perl_TestEnumToI_t" time="0.000128984451293945" />
    <testcase name="Equals (370)" classname="spec_perl_TestEnumToI_t" time="0.000139951705932617" />
    <testcase name="Equals (371)" classname="spec_perl_TestEnumToI_t" time="0.00011897087097168" />
  </testsuite>
  <testsuite name="spec_perl_TestInstanceStdArray_t" errors="0" failures="0" skipped="0" tests="7" time="0.049036979675293">
    <system-out>1..7
ok 1 - Equals
ok 2 - Equals
ok 3 - Equals
ok 4 - Equals
ok 5 - Equals
ok 6 - Equals
ok 7 - Equals
</system-out>
    <testcase name="Equals (372)" classname="spec_perl_TestInstanceStdArray_t" time="0.000277042388916016" />
    <testcase name="Equals (373)" classname="spec_perl_TestInstanceStdArray_t" time="7.79628753662109e-05" />
    <testcase name="Equals (374)" classname="spec_perl_TestInstanceStdArray_t" time="0.000169992446899414" />
    <testcase name="Equals (375)" classname="spec_perl_TestInstanceStdArray_t" time="0.000174045562744141" />
    <testcase name="Equals (376)" classname="spec_perl_TestInstanceStdArray_t" time="0.000122785568237305" />
    <testcase name="Equals (377)" classname="spec_perl_TestInstanceStdArray_t" time="0.000171184539794922" />
    <testcase name="Equals (378)" classname="spec_perl_TestInstanceStdArray_t" time="0.000165939331054688" />
  </testsuite>
  <testsuite name="spec_perl_TestIoLocalVar_t" errors="0" failures="0" skipped="0" tests="2" time="0.0475940704345703">
    <system-out>1..2
ok 1 - Equals
ok 2 - Equals
</system-out>
    <testcase name="Equals (379)" classname="spec_perl_TestIoLocalVar_t" time="0.000436067581176758" />
    <testcase name="Equals (380)" classname="spec_perl_TestIoLocalVar_t" time="0.000119924545288086" />
  </testsuite>
  <testsuite name="spec_perl_TestCombineBool_t" errors="0" failures="0" skipped="0" tests="2" time="0.0597078800201416">
    <system-out>1..2
ok 1 - Equals
ok 2 - Equals
</system-out>
    <testcase name="Equals (381)" classname="spec_perl_TestCombineBool_t" time="0.000137090682983398" />
    <testcase name="Equals (382)" classname="spec_perl_TestCombineBool_t" time="5.10215759277344e-05" />
  </testsuite>
  <testsuite name="spec_perl_TestNonStandard_t" errors="0" failures="0" skipped="0" tests="1" time="0.0468449592590332">
    <system-out>1..1
ok 1 - Equals
</system-out>
    <testcase name="Equals (383)" classname="spec_perl_TestNonStandard_t" time="0.000221014022827148" />
  </testsuite>
  <testsuite name="spec_perl_TestProcessRepeatBytes_t" errors="0" failures="0" skipped="0" tests="2" time="0.0533978939056396">
    <system-out>1..2
ok 1 - Equals
ok 2 - Equals
</system-out>
    <testcase name="Equals (384)" classname="spec_perl_TestProcessRepeatBytes_t" time="0.000265836715698242" />
    <testcase name="Equals (385)" classname="spec_perl_TestProcessRepeatBytes_t" time="9.70363616943359e-05" />
  </testsuite>
  <testsuite name="spec_perl_TestOptionalId_t" errors="0" failures="0" skipped="0" tests="3" time="0.0484130382537842">
    <system-out>1..3
ok 1 - Equals
ok 2 - Equals
ok 3 - Equals
</system-out>
    <testcase name="Equals (386)" classname="spec_perl_TestOptionalId_t" time="0.000197887420654297" />
    <testcase name="Equals (387)" classname="spec_perl_TestOptionalId_t" time="0.000101089477539062" />
    <testcase name="Equals (388)" classname="spec_perl_TestOptionalId_t" time="0.00015711784362793" />
  </testsuite>
  <testsuite name="spec_perl_TestProcessCoerceUsertype1_t" errors="0" failures="0" skipped="0" tests="4" time="0.048065185546875">
    <system-out>1..4
ok 1 - Equals
ok 2 - Equals
ok 3 - Equals
ok 4 - Equals
</system-out>
    <testcase name="Equals (389)" classname="spec_perl_TestProcessCoerceUsertype1_t" time="0.000465154647827148" />
    <testcase name="Equals (390)" classname="spec_perl_TestProcessCoerceUsertype1_t" time="9.29832458496094e-05" />
    <testcase name="Equals (391)" classname="spec_perl_TestProcessCoerceUsertype1_t" time="0.000104904174804688" />
    <testcase name="Equals (392)" classname="spec_perl_TestProcessCoerceUsertype1_t" time="0.000153064727783203" />
  </testsuite>
  <testsuite name="spec_perl_TestEnumNegative_t" errors="0" failures="0" skipped="0" tests="2" time="0.0500791072845459">
    <system-out>1..2
ok 1 - Equals
ok 2 - Equals
</system-out>
    <testcase name="Equals (393)" classname="spec_perl_TestEnumNegative_t" time="0.000251054763793945" />
    <testcase name="Equals (394)" classname="spec_perl_TestEnumNegative_t" time="8.60691070556641e-05" />
  </testsuite>
  <testsuite name="spec_perl_TestHelloWorld_t" errors="0" failures="0" skipped="0" tests="1" time="0.0491158962249756">
    <system-out>1..1
ok 1 - Equals
</system-out>
    <testcase name="Equals (395)" classname="spec_perl_TestHelloWorld_t" time="0.000229835510253906" />
  </testsuite>
  <testsuite name="spec_perl_TestParamsPassArrayUsertype_t" errors="0" failures="1" skipped="4" tests="5" time="0.0597271919250488">
    <system-out>1..5
not ok 1 - test_params_pass_array_usertype died (Can't use an undefined value as an ARRAY reference at compiled/perl/ParamsPassArrayUsertype.pm line 123.)
ok 2 # skip test_params_pass_array_usertype died
ok 3 # skip test_params_pass_array_usertype died
ok 4 # skip test_params_pass_array_usertype died
ok 5 # skip test_params_pass_array_usertype died
</system-out>
    <testcase name="test_params_pass_array_usertype died (Can't use an undefined value as an ARRAY reference at compiled/perl/ParamsPassArrayUsertype.pm line 123.) (395)" classname="spec_perl_TestParamsPassArrayUsertype_t" time="0.000288009643554688">
      <failure message="not ok 1 - test_params_pass_array_usertype died (Can't use an undefined value as an ARRAY reference at compiled/perl/ParamsPassArrayUsertype.pm line 123.)" type="TAP::Parser::Result::Test"></failure>
    </testcase>
    <testcase name="Unnamed test case 395" classname="spec_perl_TestParamsPassArrayUsertype_t" time="0.000484943389892578">
      <skipped message="ok 2 # skip test_params_pass_array_usertype died" />
    </testcase>
    <testcase name="Unnamed test case 396" classname="spec_perl_TestParamsPassArrayUsertype_t" time="0.000433921813964844">
      <skipped message="ok 3 # skip test_params_pass_array_usertype died" />
    </testcase>
    <testcase name="Unnamed test case 397" classname="spec_perl_TestParamsPassArrayUsertype_t" time="0.0004119873046875">
      <skipped message="ok 4 # skip test_params_pass_array_usertype died" />
    </testcase>
    <testcase name="Unnamed test case 398" classname="spec_perl_TestParamsPassArrayUsertype_t" time="0.000378131866455078">
      <skipped message="ok 5 # skip test_params_pass_array_usertype died" />
    </testcase>
  </testsuite>
  <testsuite name="spec_perl_TestSwitchIntegers2_t" errors="0" failures="0" skipped="0" tests="5" time="0.051447868347168">
    <system-out>1..5
ok 1 - Equals
ok 2 - Equals
ok 3 - Equals
ok 4 - Equals
ok 5 - Equals
</system-out>
    <testcase name="Equals (398)" classname="spec_perl_TestSwitchIntegers2_t" time="0.000265836715698242" />
    <testcase name="Equals (399)" classname="spec_perl_TestSwitchIntegers2_t" time="8.82148742675781e-05" />
    <testcase name="Equals (400)" classname="spec_perl_TestSwitchIntegers2_t" time="0.000130891799926758" />
    <testcase name="Equals (401)" classname="spec_perl_TestSwitchIntegers2_t" time="0.000155925750732422" />
    <testcase name="Equals (402)" classname="spec_perl_TestSwitchIntegers2_t" time="0.000138044357299805" />
  </testsuite>
  <testsuite name="spec_perl_TestExpr0_t" errors="0" failures="0" skipped="0" tests="2" time="0.0488879680633545">
    <system-out>1..2
ok 1 - Equals
ok 2 - Equals
</system-out>
    <testcase name="Equals (403)" classname="spec_perl_TestExpr0_t" time="0.000236988067626953" />
    <testcase name="Equals (404)" classname="spec_perl_TestExpr0_t" time="8.98838043212891e-05" />
  </testsuite>
  <testsuite name="spec_perl_TestEnumFancy_t" errors="0" failures="0" skipped="0" tests="2" time="0.053825855255127">
    <system-out>1..2
ok 1 - Equals
ok 2 - Equals
</system-out>
    <testcase name="Equals (405)" classname="spec_perl_TestEnumFancy_t" time="0.000242948532104492" />
    <testcase name="Equals (406)" classname="spec_perl_TestEnumFancy_t" time="0.000115871429443359" />
  </testsuite>
  <testsuite name="spec_perl_TestEnumDeep_t" errors="0" failures="0" skipped="0" tests="2" time="0.0541338920593262">
    <system-out>1..2
ok 1 - Equals
ok 2 - Equals
</system-out>
    <testcase name="Equals (407)" classname="spec_perl_TestEnumDeep_t" time="0.000337123870849609" />
    <testcase name="Equals (408)" classname="spec_perl_TestEnumDeep_t" time="9.08374786376953e-05" />
  </testsuite>
  <testsuite name="spec_perl_TestFloatingPoints_t" errors="0" failures="0" skipped="0" tests="8" time="0.0482549667358398">
    <system-out>1..8
ok 1 - Approx equals
ok 2 - Approx equals
ok 3 - Approx equals
ok 4 - Approx equals
ok 5 - Approx equals
ok 6 - Approx equals
ok 7 - Approx equals
ok 8 - Approx equals
</system-out>
    <testcase name="Approx equals (408)" classname="spec_perl_TestFloatingPoints_t" time="0.000172853469848633" />
    <testcase name="Approx equals (409)" classname="spec_perl_TestFloatingPoints_t" time="7.00950622558594e-05" />
    <testcase name="Approx equals (410)" classname="spec_perl_TestFloatingPoints_t" time="4.50611114501953e-05" />
    <testcase name="Approx equals (411)" classname="spec_perl_TestFloatingPoints_t" time="5.48362731933594e-05" />
    <testcase name="Approx equals (412)" classname="spec_perl_TestFloatingPoints_t" time="5.31673431396484e-05" />
    <testcase name="Approx equals (413)" classname="spec_perl_TestFloatingPoints_t" time="7.48634338378906e-05" />
    <testcase name="Approx equals (414)" classname="spec_perl_TestFloatingPoints_t" time="6.79492950439453e-05" />
    <testcase name="Approx equals (415)" classname="spec_perl_TestFloatingPoints_t" time="5.10215759277344e-05" />
  </testsuite>
  <testsuite name="spec_perl_TestBitsByteAligned_t" errors="0" failures="0" skipped="0" tests="9" time="0.0514249801635742">
    <system-out>1..9
ok 1 - Equals
ok 2 - Equals
ok 3 - Equals
ok 4 - Equals
ok 5 - Equals
ok 6 - Equals
ok 7 - Equals
ok 8 - Equals
ok 9 - Equals
</system-out>
    <testcase name="Equals (415)" classname="spec_perl_TestBitsByteAligned_t" time="0.000285863876342773" />
    <testcase name="Equals (416)" classname="spec_perl_TestBitsByteAligned_t" time="8.79764556884766e-05" />
    <testcase name="Equals (417)" classname="spec_perl_TestBitsByteAligned_t" time="0.000135183334350586" />
    <testcase name="Equals (418)" classname="spec_perl_TestBitsByteAligned_t" time="0.000142812728881836" />
    <testcase name="Equals (419)" classname="spec_perl_TestBitsByteAligned_t" time="0.000169992446899414" />
    <testcase name="Equals (420)" classname="spec_perl_TestBitsByteAligned_t" time="0.00012516975402832" />
    <testcase name="Equals (421)" classname="spec_perl_TestBitsByteAligned_t" time="0.000171899795532227" />
    <testcase name="Equals (422)" classname="spec_perl_TestBitsByteAligned_t" time="0.000128030776977539" />
    <testcase name="Equals (423)" classname="spec_perl_TestBitsByteAligned_t" time="0.000178098678588867" />
  </testsuite>
  <testsuite name="spec_perl_TestProcessCustomNoArgs_t" errors="1" failures="0" skipped="0" tests="0" time="0.0520119667053223">
    <system-out></system-out>
    <testcase name="Test died too soon, even before plan. (423)" classname="spec_perl_TestProcessCustomNoArgs_t" time="0.0520119667053223">
      <failure message="The test suite died before a plan was produced. You need to have a plan." type="Plan">No plan</failure>
    </testcase>
  </testsuite>
  <testsuite name="spec_perl_TestInstanceUserArray_t" errors="0" failures="0" skipped="0" tests="10" time="0.0510580539703369">
    <system-out>1..10
ok 1 - Equals
ok 2 - Equals
ok 3 - Equals
ok 4 - Equals
ok 5 - Equals
ok 6 - Equals
ok 7 - Equals
ok 8 - Equals
ok 9 - Equals
ok 10 - Equals
</system-out>
    <testcase name="Equals (424)" classname="spec_perl_TestInstanceUserArray_t" time="0.000252962112426758" />
    <testcase name="Equals (425)" classname="spec_perl_TestInstanceUserArray_t" time="8.48770141601562e-05" />
    <testcase name="Equals (426)" classname="spec_perl_TestInstanceUserArray_t" time="0.000156164169311523" />
    <testcase name="Equals (427)" classname="spec_perl_TestInstanceUserArray_t" time="0.000465869903564453" />
    <testcase name="Equals (428)" classname="spec_perl_TestInstanceUserArray_t" time="7.70092010498047e-05" />
    <testcase name="Equals (429)" classname="spec_perl_TestInstanceUserArray_t" time="0.000175952911376953" />
    <testcase name="Equals (430)" classname="spec_perl_TestInstanceUserArray_t" time="0.000138044357299805" />
    <testcase name="Equals (431)" classname="spec_perl_TestInstanceUserArray_t" time="0.00014495849609375" />
    <testcase name="Equals (432)" classname="spec_perl_TestInstanceUserArray_t" time="0.000159025192260742" />
    <testcase name="Equals (433)" classname="spec_perl_TestInstanceUserArray_t" time="0.000127077102661133" />
  </testsuite>
  <testsuite name="spec_perl_TestIfInstances_t" errors="0" failures="0" skipped="0" tests="1" time="0.0506589412689209">
    <system-out>1..1
ok 1 - nil
</system-out>
    <testcase name="nil (433)" classname="spec_perl_TestIfInstances_t" time="0.000147104263305664" />
  </testsuite>
  <testsuite name="spec_perl_TestProcessXorConst_t" errors="0" failures="0" skipped="0" tests="2" time="0.0538120269775391">
    <system-out>1..2
ok 1 - Equals
ok 2 - Equals
</system-out>
    <testcase name="Equals (434)" classname="spec_perl_TestProcessXorConst_t" time="0.000238895416259766" />
    <testcase name="Equals (435)" classname="spec_perl_TestProcessXorConst_t" time="8.0108642578125e-05" />
  </testsuite>
  <testsuite name="spec_perl_TestExprSizeofType0_t" errors="0" failures="0" skipped="0" tests="1" time="0.0503029823303223">
    <system-out>1..1
ok 1 - Equals
</system-out>
    <testcase name="Equals (436)" classname="spec_perl_TestExprSizeofType0_t" time="0.000258922576904297" />
  </testsuite>
  <testsuite name="spec_perl_TestBitsEnum_t" errors="0" failures="0" skipped="0" tests="3" time="0.05169677734375">
    <system-out>1..3
ok 1 - Equals
ok 2 - Equals
ok 3 - Equals
</system-out>
    <testcase name="Equals (437)" classname="spec_perl_TestBitsEnum_t" time="0.000174999237060547" />
    <testcase name="Equals (438)" classname="spec_perl_TestBitsEnum_t" time="7.60555267333984e-05" />
    <testcase name="Equals (439)" classname="spec_perl_TestBitsEnum_t" time="0.000172853469848633" />
  </testsuite>
  <testsuite name="spec_perl_TestSwitchManualEnumInvalidElse_t" errors="0" failures="0" skipped="0" tests="5" time="0.0552220344543457">
    <system-out>1..5
ok 1 - Equals
ok 2 - Equals
ok 3 - Equals
ok 4 - Equals
ok 5 - Equals
</system-out>
    <testcase name="Equals (440)" classname="spec_perl_TestSwitchManualEnumInvalidElse_t" time="0.000288963317871094" />
    <testcase name="Equals (441)" classname="spec_perl_TestSwitchManualEnumInvalidElse_t" time="8.29696655273438e-05" />
    <testcase name="Equals (442)" classname="spec_perl_TestSwitchManualEnumInvalidElse_t" time="0.000158071517944336" />
    <testcase name="Equals (443)" classname="spec_perl_TestSwitchManualEnumInvalidElse_t" time="0.000195026397705078" />
    <testcase name="Equals (444)" classname="spec_perl_TestSwitchManualEnumInvalidElse_t" time="0.000129938125610352" />
  </testsuite>
  <testsuite name="spec_perl_TestDocstrings_t" errors="0" failures="0" skipped="1" tests="1" time="0.0520288944244385">
    <system-out>1..1
ok 1 # skip Docstrings=HASH(0x55aca7c559d8)
</system-out>
    <testcase name="Unnamed test case 444" classname="spec_perl_TestDocstrings_t" time="0.00123310089111328">
      <skipped message="ok 1 # skip Docstrings=HASH(0x55aca7c559d8)" />
    </testcase>
  </testsuite>
  <testsuite name="spec_perl_TestStrPadTermEmpty_t" errors="0" failures="0" skipped="0" tests="4" time="0.0544629096984863">
    <system-out>1..4
ok 1 - Equals
ok 2 - Equals
ok 3 - Equals
ok 4 - Equals
</system-out>
    <testcase name="Equals (445)" classname="spec_perl_TestStrPadTermEmpty_t" time="0.000342130661010742" />
    <testcase name="Equals (446)" classname="spec_perl_TestStrPadTermEmpty_t" time="8.79764556884766e-05" />
    <testcase name="Equals (447)" classname="spec_perl_TestStrPadTermEmpty_t" time="0.000131845474243164" />
    <testcase name="Equals (448)" classname="spec_perl_TestStrPadTermEmpty_t" time="0.00014805793762207" />
  </testsuite>
  <testsuite name="spec_perl_TestEnumInvalid_t" errors="0" failures="0" skipped="0" tests="2" time="0.0492281913757324">
    <system-out>1..2
ok 1 - Equals
ok 2 - Equals
</system-out>
    <testcase name="Equals (449)" classname="spec_perl_TestEnumInvalid_t" time="0.000229120254516602" />
    <testcase name="Equals (450)" classname="spec_perl_TestEnumInvalid_t" time="8.29696655273438e-05" />
  </testsuite>
  <testsuite name="spec_perl_TestCombineStr_t" errors="0" failures="0" skipped="0" tests="15" time="0.0617160797119141">
    <system-out>1..15
ok 1 - Equals
ok 2 - Equals
ok 3 - Equals
ok 4 - Equals
ok 5 - Equals
ok 6 - Equals
ok 7 - Equals
ok 8 - Equals
ok 9 - Equals
ok 10 - Equals
ok 11 - Equals
ok 12 - Equals
ok 13 - Equals
ok 14 - Equals
ok 15 - Equals
</system-out>
    <testcase name="Equals (451)" classname="spec_perl_TestCombineStr_t" time="0.00043797492980957" />
    <testcase name="Equals (452)" classname="spec_perl_TestCombineStr_t" time="0.000110149383544922" />
    <testcase name="Equals (453)" classname="spec_perl_TestCombineStr_t" time="4.69684600830078e-05" />
    <testcase name="Equals (454)" classname="spec_perl_TestCombineStr_t" time="9.89437103271484e-05" />
    <testcase name="Equals (455)" classname="spec_perl_TestCombineStr_t" time="0.000185012817382812" />
    <testcase name="Equals (456)" classname="spec_perl_TestCombineStr_t" time="0.000102996826171875" />
    <testcase name="Equals (457)" classname="spec_perl_TestCombineStr_t" time="0.000174045562744141" />
    <testcase name="Equals (458)" classname="spec_perl_TestCombineStr_t" time="0.000226020812988281" />
[...]
  </testsuite>
  <testsuite name="spec_perl_TestBcdUserTypeLe_t" errors="0" failures="0" skipped="0" tests="6" time="0.0517230033874512">
    <system-out>1..6
ok 1 - Equals
ok 2 - Equals
ok 3 - Equals
ok 4 - Equals
ok 5 - Equals
ok 6 - Equals
</system-out>
    <testcase name="Equals (837)" classname="spec_perl_TestBcdUserTypeLe_t" time="0.000555992126464844" />
    <testcase name="Equals (838)" classname="spec_perl_TestBcdUserTypeLe_t" time="0.000101804733276367" />
    <testcase name="Equals (839)" classname="spec_perl_TestBcdUserTypeLe_t" time="0.000127077102661133" />
    <testcase name="Equals (840)" classname="spec_perl_TestBcdUserTypeLe_t" time="0.000162124633789062" />
    <testcase name="Equals (841)" classname="spec_perl_TestBcdUserTypeLe_t" time="0.000181913375854492" />
    <testcase name="Equals (842)" classname="spec_perl_TestBcdUserTypeLe_t" time="0.000133991241455078" />
  </testsuite>
  <testsuite name="spec_perl_TestTypeTernary_t" errors="0" failures="0" skipped="0" tests="1" time="0.0477521419525146">
    <system-out>1..1
ok 1 - Equals
</system-out>
    <testcase name="Equals (843)" classname="spec_perl_TestTypeTernary_t" time="0.000469207763671875" />
  </testsuite>
  <testsuite name="spec_perl_TestPositionAbs_t" errors="0" failures="0" skipped="0" tests="2" time="0.0556058883666992">
    <system-out>1..2
ok 1 - Equals
ok 2 - Equals
</system-out>
    <testcase name="Equals (844)" classname="spec_perl_TestPositionAbs_t" time="0.00023198127746582" />
    <testcase name="Equals (845)" classname="spec_perl_TestPositionAbs_t" time="0.000206947326660156" />
  </testsuite>
  <testsuite name="spec_perl_TestStrEncodings_t" errors="0" failures="0" skipped="0" tests="4" time="0.0591199398040771">
    <system-out>1..4
ok 1 - Equals
ok 2 - Equals
ok 3 - Equals
ok 4 - Equals
</system-out>
    <testcase name="Equals (846)" classname="spec_perl_TestStrEncodings_t" time="0.00326013565063477" />
    <testcase name="Equals (847)" classname="spec_perl_TestStrEncodings_t" time="9.70363616943359e-05" />
    <testcase name="Equals (848)" classname="spec_perl_TestStrEncodings_t" time="0.000139951705932617" />
    <testcase name="Equals (849)" classname="spec_perl_TestStrEncodings_t" time="0.000169992446899414" />
  </testsuite>
  <testsuite name="spec_perl_TestExprBytesOps_t" errors="1" failures="0" skipped="0" tests="0" time="0.0493359565734863">
    <system-out></system-out>
    <testcase name="Test died too soon, even before plan. (849)" classname="spec_perl_TestExprBytesOps_t" time="0.0493359565734863">
      <failure message="The test suite died before a plan was produced. You need to have a plan." type="Plan">No plan</failure>
    </testcase>
  </testsuite>
  <testsuite name="spec_perl_TestBitsSignedResB32Be_t" errors="0" failures="0" skipped="0" tests="1" time="0.0515170097351074">
    <system-out>1..1
ok 1 - Equals
</system-out>
    <testcase name="Equals (850)" classname="spec_perl_TestBitsSignedResB32Be_t" time="0.00023198127746582" />
  </testsuite>
  <testsuite name="spec_perl_TestTsPacketHeader_t" errors="0" failures="0" skipped="0" tests="7" time="0.0489628314971924">
    <system-out>1..7
ok 1 - Equals
ok 2 - Equals
ok 3 - Equals
ok 4 - Equals
ok 5 - Equals
ok 6 - Equals
ok 7 - Equals
</system-out>
    <testcase name="Equals (851)" classname="spec_perl_TestTsPacketHeader_t" time="0.000247001647949219" />
    <testcase name="Equals (852)" classname="spec_perl_TestTsPacketHeader_t" time="8.10623168945312e-05" />
    <testcase name="Equals (853)" classname="spec_perl_TestTsPacketHeader_t" time="9.39369201660156e-05" />
    <testcase name="Equals (854)" classname="spec_perl_TestTsPacketHeader_t" time="0.000165224075317383" />
    <testcase name="Equals (855)" classname="spec_perl_TestTsPacketHeader_t" time="0.000108003616333008" />
    <testcase name="Equals (856)" classname="spec_perl_TestTsPacketHeader_t" time="0.000178813934326172" />
    <testcase name="Equals (857)" classname="spec_perl_TestTsPacketHeader_t" time="0.000120162963867188" />
  </testsuite>
  <testsuite name="spec_perl_TestProcessCoerceBytes_t" errors="0" failures="0" skipped="0" tests="4" time="0.04703688621521">
    <system-out>1..4
ok 1 - Equals
ok 2 - Equals
ok 3 - Equals
ok 4 - Equals
</system-out>
    <testcase name="Equals (858)" classname="spec_perl_TestProcessCoerceBytes_t" time="0.00025486946105957" />
    <testcase name="Equals (859)" classname="spec_perl_TestProcessCoerceBytes_t" time="0.000129938125610352" />
    <testcase name="Equals (860)" classname="spec_perl_TestProcessCoerceBytes_t" time="0.000159025192260742" />
    <testcase name="Equals (861)" classname="spec_perl_TestProcessCoerceBytes_t" time="0.000142097473144531" />
  </testsuite>
  <testsuite name="spec_perl_TestTypeTernaryOpaque_t" errors="0" failures="0" skipped="0" tests="3" time="0.0547540187835693">
    <system-out>1..3
ok 1 - Equals
ok 2 - Equals
ok 3 - Equals
</system-out>
    <testcase name="Equals (862)" classname="spec_perl_TestTypeTernaryOpaque_t" time="0.000563859939575195" />
    <testcase name="Equals (863)" classname="spec_perl_TestTypeTernaryOpaque_t" time="0.000112056732177734" />
    <testcase name="Equals (864)" classname="spec_perl_TestTypeTernaryOpaque_t" time="6.38961791992188e-05" />
  </testsuite>
  <testsuite name="spec_perl_TestParamsPassUsertype_t" errors="0" failures="1" skipped="1" tests="2" time="0.050908088684082">
    <system-out>1..2
not ok 1 - test_params_pass_usertype died (Can't call method &quot;foo&quot; on an undefined value at compiled/perl/ParamsPassUsertype.pm line 119.)
ok 2 # skip test_params_pass_usertype died
</system-out>
    <testcase name="test_params_pass_usertype died (Can't call method &quot;foo&quot; on an undefined value at compiled/perl/ParamsPassUsertype.pm line 119.) (864)" classname="spec_perl_TestParamsPassUsertype_t" time="0.00031280517578125">
      <failure message="not ok 1 - test_params_pass_usertype died (Can't call method &quot;foo&quot; on an undefined value at compiled/perl/ParamsPassUsertype.pm line 119.)" type="TAP::Parser::Result::Test"></failure>
    </testcase>
    <testcase name="Unnamed test case 864" classname="spec_perl_TestParamsPassUsertype_t" time="0.000451087951660156">
      <skipped message="ok 2 # skip test_params_pass_usertype died" />
    </testcase>
  </testsuite>
  <testsuite name="spec_perl_TestStrPadTerm_t" errors="0" failures="0" skipped="0" tests="4" time="0.0523421764373779">
    <system-out>1..4
ok 1 - Equals
ok 2 - Equals
ok 3 - Equals
ok 4 - Equals
</system-out>
    <testcase name="Equals (865)" classname="spec_perl_TestStrPadTerm_t" time="0.000320196151733398" />
    <testcase name="Equals (866)" classname="spec_perl_TestStrPadTerm_t" time="8.48770141601562e-05" />
    <testcase name="Equals (867)" classname="spec_perl_TestStrPadTerm_t" time="0.000138998031616211" />
    <testcase name="Equals (868)" classname="spec_perl_TestStrPadTerm_t" time="0.000139951705932617" />
  </testsuite>
  <testsuite name="spec_perl_TestRepeatUntilS4_t" errors="0" failures="0" skipped="0" tests="2" time="0.0555720329284668">
    <system-out>1..2
ok 1 - Equals
ok 2 - Equals
</system-out>
    <testcase name="Equals (869)" classname="spec_perl_TestRepeatUntilS4_t" time="0.000332117080688477" />
    <testcase name="Equals (870)" classname="spec_perl_TestRepeatUntilS4_t" time="9.70363616943359e-05" />
  </testsuite>
  <testsuite name="spec_perl_TestIfValues_t" errors="0" failures="0" skipped="0" tests="6" time="0.0487289428710938">
    <system-out>1..6
ok 1 - Equals
ok 2 - Equals
ok 3 - Equals
ok 4 - nil
ok 5 - Equals
ok 6 - nil
</system-out>
    <testcase name="Equals (871)" classname="spec_perl_TestIfValues_t" time="0.000233888626098633" />
    <testcase name="Equals (872)" classname="spec_perl_TestIfValues_t" time="8.10623168945312e-05" />
    <testcase name="Equals (873)" classname="spec_perl_TestIfValues_t" time="0.000159978866577148" />
    <testcase name="nil (873)" classname="spec_perl_TestIfValues_t" time="6.50882720947266e-05" />
    <testcase name="Equals (874)" classname="spec_perl_TestIfValues_t" time="0.000143051147460938" />
    <testcase name="nil (874)" classname="spec_perl_TestIfValues_t" time="6.4849853515625e-05" />
  </testsuite>
  <testsuite name="spec_perl_TestSwitchIntegers_t" errors="0" failures="0" skipped="0" tests="9" time="0.0508430004119873">
    <system-out>1..9
ok 1 - Equals
ok 2 - Equals
ok 3 - Equals
ok 4 - Equals
ok 5 - Equals
ok 6 - Equals
ok 7 - Equals
ok 8 - Equals
ok 9 - Equals
</system-out>
    <testcase name="Equals (875)" classname="spec_perl_TestSwitchIntegers_t" time="0.000273227691650391" />
    <testcase name="Equals (876)" classname="spec_perl_TestSwitchIntegers_t" time="8.08238983154297e-05" />
    <testcase name="Equals (877)" classname="spec_perl_TestSwitchIntegers_t" time="0.000173091888427734" />
    <testcase name="Equals (878)" classname="spec_perl_TestSwitchIntegers_t" time="0.000158071517944336" />
    <testcase name="Equals (879)" classname="spec_perl_TestSwitchIntegers_t" time="0.000131845474243164" />
    <testcase name="Equals (880)" classname="spec_perl_TestSwitchIntegers_t" time="0.000165939331054688" />
    <testcase name="Equals (881)" classname="spec_perl_TestSwitchIntegers_t" time="0.000121116638183594" />
    <testcase name="Equals (882)" classname="spec_perl_TestSwitchIntegers_t" time="0.000164985656738281" />
    <testcase name="Equals (883)" classname="spec_perl_TestSwitchIntegers_t" time="0.000134944915771484" />
  </testsuite>
  <testsuite name="spec_perl_TestTypeIntUnaryOp_t" errors="0" failures="0" skipped="0" tests="4" time="0.0484318733215332">
    <system-out>1..4
ok 1 - Equals
ok 2 - Equals
ok 3 - Equals
ok 4 - Equals
</system-out>
    <testcase name="Equals (884)" classname="spec_perl_TestTypeIntUnaryOp_t" time="0.000252008438110352" />
    <testcase name="Equals (885)" classname="spec_perl_TestTypeIntUnaryOp_t" time="0.000107049942016602" />
    <testcase name="Equals (886)" classname="spec_perl_TestTypeIntUnaryOp_t" time="0.000174999237060547" />
    <testcase name="Equals (887)" classname="spec_perl_TestTypeIntUnaryOp_t" time="0.000157833099365234" />
  </testsuite>
  <testsuite name="spec_perl_TestBitsUnalignedB32Be_t" errors="0" failures="0" skipped="0" tests="3" time="0.052839994430542">
    <system-out>1..3
ok 1 - Equals
ok 2 - Equals
ok 3 - Equals
</system-out>
    <testcase name="Equals (888)" classname="spec_perl_TestBitsUnalignedB32Be_t" time="0.000243902206420898" />
    <testcase name="Equals (889)" classname="spec_perl_TestBitsUnalignedB32Be_t" time="8.20159912109375e-05" />
    <testcase name="Equals (890)" classname="spec_perl_TestBitsUnalignedB32Be_t" time="0.000172138214111328" />
  </testsuite>
  <testsuite name="spec_perl_TestExprIfIntOps_t" errors="0" failures="0" skipped="0" tests="2" time="0.0534260272979736">
    <system-out>1..2
ok 1 - Equals
ok 2 - Equals
</system-out>
    <testcase name="Equals (891)" classname="spec_perl_TestExprIfIntOps_t" time="0.000339031219482422" />
    <testcase name="Equals (892)" classname="spec_perl_TestExprIfIntOps_t" time="0.000113010406494141" />
  </testsuite>
  <testsuite name="spec_perl_TestParamsPassArrayInt_t" errors="0" failures="1" skipped="6" tests="7" time="0.0531880855560303">
    <system-out>1..7
not ok 1 - test_params_pass_array_int died (Can't use an undefined value as an ARRAY reference at spec/perl/TestParamsPassArrayInt.t line 14.)
ok 2 # skip test_params_pass_array_int died
ok 3 # skip test_params_pass_array_int died
ok 4 # skip test_params_pass_array_int died
ok 5 # skip test_params_pass_array_int died
ok 6 # skip test_params_pass_array_int died
ok 7 # skip test_params_pass_array_int died
</system-out>
    <testcase name="test_params_pass_array_int died (Can't use an undefined value as an ARRAY reference at spec/perl/TestParamsPassArrayInt.t line 14.) (892)" classname="spec_perl_TestParamsPassArrayInt_t" time="0.000306129455566406">
      <failure message="not ok 1 - test_params_pass_array_int died (Can't use an undefined value as an ARRAY reference at spec/perl/TestParamsPassArrayInt.t line 14.)" type="TAP::Parser::Result::Test"></failure>
    </testcase>
    <testcase name="Unnamed test case 892" classname="spec_perl_TestParamsPassArrayInt_t" time="0.000475883483886719">
      <skipped message="ok 2 # skip test_params_pass_array_int died" />
    </testcase>
    <testcase name="Unnamed test case 893" classname="spec_perl_TestParamsPassArrayInt_t" time="0.000440120697021484">
      <skipped message="ok 3 # skip test_params_pass_array_int died" />
    </testcase>
    <testcase name="Unnamed test case 894" classname="spec_perl_TestParamsPassArrayInt_t" time="0.00043797492980957">
      <skipped message="ok 4 # skip test_params_pass_array_int died" />
    </testcase>
    <testcase name="Unnamed test case 895" classname="spec_perl_TestParamsPassArrayInt_t" time="0.000406980514526367">
      <skipped message="ok 5 # skip test_params_pass_array_int died" />
    </testcase>
    <testcase name="Unnamed test case 896" classname="spec_perl_TestParamsPassArrayInt_t" time="0.000358104705810547">
      <skipped message="ok 6 # skip test_params_pass_array_int died" />
    </testcase>
    <testcase name="Unnamed test case 897" classname="spec_perl_TestParamsPassArrayInt_t" time="0.000416994094848633">
      <skipped message="ok 7 # skip test_params_pass_array_int died" />
    </testcase>
  </testsuite>
  <testsuite name="spec_perl_TestSwitchManualIntSize_t" errors="0" failures="0" skipped="0" tests="10" time="0.057642936706543">
    <system-out>1..10
ok 1 - Equals
ok 2 - Equals
ok 3 - Equals
ok 4 - Equals
ok 5 - Equals
ok 6 - Equals
ok 7 - Equals
ok 8 - Equals
ok 9 - Equals
ok 10 - Equals
</system-out>
    <testcase name="Equals (897)" classname="spec_perl_TestSwitchManualIntSize_t" time="0.000720977783203125" />
    <testcase name="Equals (898)" classname="spec_perl_TestSwitchManualIntSize_t" time="0.000108003616333008" />
    <testcase name="Equals (899)" classname="spec_perl_TestSwitchManualIntSize_t" time="6.91413879394531e-05" />
    <testcase name="Equals (900)" classname="spec_perl_TestSwitchManualIntSize_t" time="0.000155925750732422" />
    <testcase name="Equals (901)" classname="spec_perl_TestSwitchManualIntSize_t" time="0.000144004821777344" />
    <testcase name="Equals (902)" classname="spec_perl_TestSwitchManualIntSize_t" time="0.000164985656738281" />
    <testcase name="Equals (903)" classname="spec_perl_TestSwitchManualIntSize_t" time="0.000160932540893555" />
    <testcase name="Equals (904)" classname="spec_perl_TestSwitchManualIntSize_t" time="0.000159025192260742" />
    <testcase name="Equals (905)" classname="spec_perl_TestSwitchManualIntSize_t" time="0.00018000602722168" />
    <testcase name="Equals (906)" classname="spec_perl_TestSwitchManualIntSize_t" time="0.000131130218505859" />
  </testsuite>
  <testsuite name="spec_perl_TestSwitchManualIntSizeEos_t" errors="0" failures="0" skipped="0" tests="10" time="0.0579020977020264">
    <system-out>1..10
ok 1 - Equals
ok 2 - Equals
ok 3 - Equals
ok 4 - Equals
ok 5 - Equals
ok 6 - Equals
ok 7 - Equals
ok 8 - Equals
ok 9 - Equals
ok 10 - Equals
</system-out>
    <testcase name="Equals (907)" classname="spec_perl_TestSwitchManualIntSizeEos_t" time="0.000738859176635742" />
    <testcase name="Equals (908)" classname="spec_perl_TestSwitchManualIntSizeEos_t" time="0.000106096267700195" />
    <testcase name="Equals (909)" classname="spec_perl_TestSwitchManualIntSizeEos_t" time="5.98430633544922e-05" />
    <testcase name="Equals (910)" classname="spec_perl_TestSwitchManualIntSizeEos_t" time="0.000185966491699219" />
    <testcase name="Equals (911)" classname="spec_perl_TestSwitchManualIntSizeEos_t" time="9.60826873779297e-05" />
    <testcase name="Equals (912)" classname="spec_perl_TestSwitchManualIntSizeEos_t" time="0.000380992889404297" />
    <testcase name="Equals (913)" classname="spec_perl_TestSwitchManualIntSizeEos_t" time="9.01222229003906e-05" />
    <testcase name="Equals (914)" classname="spec_perl_TestSwitchManualIntSizeEos_t" time="0.000183820724487305" />
    <testcase name="Equals (915)" classname="spec_perl_TestSwitchManualIntSizeEos_t" time="0.000153064727783203" />
    <testcase name="Equals (916)" classname="spec_perl_TestSwitchManualIntSizeEos_t" time="0.000182151794433594" />
  </testsuite>
  <testsuite name="spec_perl_TestMetaTags_t" errors="0" failures="0" skipped="1" tests="1" time="0.0493509769439697">
    <system-out>1..1
ok 1 # skip MetaTags=HASH(0x5563ec857960)
</system-out>
    <testcase name="Unnamed test case 916" classname="spec_perl_TestMetaTags_t" time="0.0010838508605957">
      <skipped message="ok 1 # skip MetaTags=HASH(0x5563ec857960)" />
    </testcase>
  </testsuite>
  <testsuite name="spec_perl_TestSwitchRepeatExpr_t" errors="0" failures="0" skipped="0" tests="3" time="0.0484209060668945">
    <system-out>1..3
ok 1 - Equals
ok 2 - Equals
ok 3 - Equals
</system-out>
    <testcase name="Equals (917)" classname="spec_perl_TestSwitchRepeatExpr_t" time="0.0004730224609375" />
    <testcase name="Equals (918)" classname="spec_perl_TestSwitchRepeatExpr_t" time="8.79764556884766e-05" />
    <testcase name="Equals (919)" classname="spec_perl_TestSwitchRepeatExpr_t" time="0.000115156173706055" />
  </testsuite>
  <testsuite name="spec_perl_TestRepeatNStrz_t" errors="0" failures="0" skipped="0" tests="2" time="0.056251049041748">
    <system-out>1..2
ok 1 - Equals
ok 2 - Equals
</system-out>
    <testcase name="Equals (920)" classname="spec_perl_TestRepeatNStrz_t" time="0.000352144241333008" />
    <testcase name="Equals (921)" classname="spec_perl_TestRepeatNStrz_t" time="9.67979431152344e-05" />
  </testsuite>
  <testsuite name="spec_perl_TestZlibWithHeader78_t" errors="0" failures="0" skipped="0" tests="1" time="0.0712449550628662">
    <system-out>1..1
ok 1 - Equals
</system-out>
    <testcase name="Equals (922)" classname="spec_perl_TestZlibWithHeader78_t" time="0.000321149826049805" />
  </testsuite>
  <testsuite name="spec_perl_TestMultipleUse_t" errors="0" failures="0" skipped="0" tests="2" time="0.0481479167938232">
    <system-out>1..2
ok 1 - Equals
ok 2 - Equals
</system-out>
    <testcase name="Equals (923)" classname="spec_perl_TestMultipleUse_t" time="0.000255107879638672" />
    <testcase name="Equals (924)" classname="spec_perl_TestMultipleUse_t" time="8.392333984375e-05" />
  </testsuite>
  <testsuite name="spec_perl_TestImportsAbsRel_t" errors="0" failures="0" skipped="0" tests="3" time="0.0474541187286377">
    <system-out>1..3
ok 1 - Equals
ok 2 - Equals
ok 3 - Equals
</system-out>
    <testcase name="Equals (925)" classname="spec_perl_TestImportsAbsRel_t" time="0.000236034393310547" />
    <testcase name="Equals (926)" classname="spec_perl_TestImportsAbsRel_t" time="8.60691070556641e-05" />
    <testcase name="Equals (927)" classname="spec_perl_TestImportsAbsRel_t" time="0.000157833099365234" />
  </testsuite>
  <testsuite name="spec_perl_TestEnumIf_t" errors="0" failures="0" skipped="0" tests="7" time="0.0563108921051025">
    <system-out>1..7
ok 1 - Equals
ok 2 - Equals
ok 3 - Equals
ok 4 - Equals
ok 5 - Equals
ok 6 - Equals
ok 7 - Equals
</system-out>
    <testcase name="Equals (928)" classname="spec_perl_TestEnumIf_t" time="0.000398159027099609" />
    <testcase name="Equals (929)" classname="spec_perl_TestEnumIf_t" time="8.89301300048828e-05" />
    <testcase name="Equals (930)" classname="spec_perl_TestEnumIf_t" time="0.0001220703125" />
    <testcase name="Equals (931)" classname="spec_perl_TestEnumIf_t" time="0.000179052352905273" />
    <testcase name="Equals (932)" classname="spec_perl_TestEnumIf_t" time="0.00014495849609375" />
    <testcase name="Equals (933)" classname="spec_perl_TestEnumIf_t" time="0.000136852264404297" />
    <testcase name="Equals (934)" classname="spec_perl_TestEnumIf_t" time="0.00018310546875" />
  </testsuite>
</testsuites>
