<?xml version='1.0' encoding='utf-8'?>
<testsuites>
  <testsuite name="spec_perl_TestInstanceStdArray_t" errors="0" failures="0" skipped="0" tests="7" time="0.0419478416442871">
    <system-out>1..7
ok 1 - Equals
ok 2 - Equals
ok 3 - Equals
ok 4 - Equals
ok 5 - Equals
ok 6 - Equals
ok 7 - Equals
</system-out>
    <testcase name="Equals" classname="spec_perl_TestInstanceStdArray_t" time="0.000219106674194336" />
    <testcase name="Equals (2)" classname="spec_perl_TestInstanceStdArray_t" time="7.70092010498047e-05" />
    <testcase name="Equals (3)" classname="spec_perl_TestInstanceStdArray_t" time="0.000147819519042969" />
    <testcase name="Equals (4)" classname="spec_perl_TestInstanceStdArray_t" time="0.000168085098266602" />
    <testcase name="Equals (5)" classname="spec_perl_TestInstanceStdArray_t" time="0.000123977661132812" />
    <testcase name="Equals (6)" classname="spec_perl_TestInstanceStdArray_t" time="0.000159978866577148" />
    <testcase name="Equals (7)" classname="spec_perl_TestInstanceStdArray_t" time="0.000113010406494141" />
  </testsuite>
  <testsuite name="spec_perl_TestExpr2_t" errors="0" failures="0" skipped="0" tests="17" time="0.0492348670959473">
    <system-out>1..17
ok 1 - Equals
ok 2 - Equals
ok 3 - Equals
ok 4 - Equals
ok 5 - Equals
ok 6 - Equals
ok 7 - Equals
ok 8 - Equals
ok 9 - Equals
ok 10 - Equals
ok 11 - Equals
ok 12 - Equals
ok 13 - Equals
ok 14 - Equals
ok 15 - Equals
ok 16 - Equals
ok 17 - Equals
</system-out>
    <testcase name="Equals (8)" classname="spec_perl_TestExpr2_t" time="0.000502109527587891" />
    <testcase name="Equals (9)" classname="spec_perl_TestExpr2_t" time="8.10623168945312e-05" />
    <testcase name="Equals (10)" classname="spec_perl_TestExpr2_t" time="0.00014185905456543" />
    <testcase name="Equals (11)" classname="spec_perl_TestExpr2_t" time="0.000127077102661133" />
    <testcase name="Equals (12)" classname="spec_perl_TestExpr2_t" time="0.000130891799926758" />
    <testcase name="Equals (13)" classname="spec_perl_TestExpr2_t" time="0.000140190124511719" />
    <testcase name="Equals (14)" classname="spec_perl_TestExpr2_t" time="0.000115871429443359" />
    <testcase name="Equals (15)" classname="spec_perl_TestExpr2_t" time="0.000167131423950195" />
    <testcase name="Equals (16)" classname="spec_perl_TestExpr2_t" time="0.000160932540893555" />
    <testcase name="Equals (17)" classname="spec_perl_TestExpr2_t" time="0.000113010406494141" />
    <testcase name="Equals (18)" classname="spec_perl_TestExpr2_t" time="0.000144004821777344" />
    <testcase name="Equals (19)" classname="spec_perl_TestExpr2_t" time="0.000121831893920898" />
    <testcase name="Equals (20)" classname="spec_perl_TestExpr2_t" time="0.000151157379150391" />
    <testcase name="Equals (21)" classname="spec_perl_TestExpr2_t" time="0.000155925750732422" />
    <testcase name="Equals (22)" classname="spec_perl_TestExpr2_t" time="0.000116109848022461" />
    <testcase name="Equals (23)" classname="spec_perl_TestExpr2_t" time="0.000146865844726562" />
    <testcase name="Equals (24)" classname="spec_perl_TestExpr2_t" time="0.000115156173706055" />
  </testsuite>
  <testsuite name="spec_perl_TestNavParentOverride_t" errors="0" failures="0" skipped="0" tests="3" time="0.0423228740692139">
    <system-out>1..3
ok 1 - Equals
ok 2 - Equals
ok 3 - Equals
</system-out>
    <testcase name="Equals (25)" classname="spec_perl_TestNavParentOverride_t" time="0.000236988067626953" />
    <testcase name="Equals (26)" classname="spec_perl_TestNavParentOverride_t" time="9.08374786376953e-05" />
    <testcase name="Equals (27)" classname="spec_perl_TestNavParentOverride_t" time="0.000106096267700195" />
  </testsuite>
  <testsuite name="spec_perl_TestRepeatEosU4_t" errors="0" failures="0" skipped="0" tests="1" time="0.0423610210418701">
    <system-out>1..1
ok 1 - Equals
</system-out>
    <testcase name="Equals (28)" classname="spec_perl_TestRepeatEosU4_t" time="0.000211000442504883" />
  </testsuite>
  <testsuite name="spec_perl_TestDefaultEndianExprInherited_t" errors="0" failures="0" skipped="0" tests="15" time="0.0440280437469482">
    <system-out>1..15
ok 1 - Equals
ok 2 - Equals
ok 3 - Equals
ok 4 - Equals
ok 5 - Equals
ok 6 - Equals
ok 7 - Equals
ok 8 - Equals
ok 9 - Equals
ok 10 - Equals
ok 11 - Equals
ok 12 - Equals
ok 13 - Equals
ok 14 - Equals
ok 15 - Equals
</system-out>
    <testcase name="Equals (29)" classname="spec_perl_TestDefaultEndianExprInherited_t" time="0.000292778015136719" />
    <testcase name="Equals (30)" classname="spec_perl_TestDefaultEndianExprInherited_t" time="8.32080841064453e-05" />
    <testcase name="Equals (31)" classname="spec_perl_TestDefaultEndianExprInherited_t" time="0.000142812728881836" />
    <testcase name="Equals (32)" classname="spec_perl_TestDefaultEndianExprInherited_t" time="0.000133037567138672" />
    <testcase name="Equals (33)" classname="spec_perl_TestDefaultEndianExprInherited_t" time="0.000158071517944336" />
    <testcase name="Equals (34)" classname="spec_perl_TestDefaultEndianExprInherited_t" time="0.000113010406494141" />
    <testcase name="Equals (35)" classname="spec_perl_TestDefaultEndianExprInherited_t" time="0.000146865844726562" />
    <testcase name="Equals (36)" classname="spec_perl_TestDefaultEndianExprInherited_t" time="0.000116109848022461" />
    <testcase name="Equals (37)" classname="spec_perl_TestDefaultEndianExprInherited_t" time="0.00014495849609375" />
    <testcase name="Equals (38)" classname="spec_perl_TestDefaultEndianExprInherited_t" time="0.000162124633789062" />
    <testcase name="Equals (39)" classname="spec_perl_TestDefaultEndianExprInherited_t" time="0.000114917755126953" />
    <testcase name="Equals (40)" classname="spec_perl_TestDefaultEndianExprInherited_t" time="0.00011897087097168" />
    <testcase name="Equals (41)" classname="spec_perl_TestDefaultEndianExprInherited_t" time="0.000154972076416016" />
    <testcase name="Equals (42)" classname="spec_perl_TestDefaultEndianExprInherited_t" time="0.000112056732177734" />
    <testcase name="Equals (43)" classname="spec_perl_TestDefaultEndianExprInherited_t" time="0.000154972076416016" />
  </testsuite>
  <testsuite name="spec_perl_TestNestedSameName_t" errors="0" failures="0" skipped="0" tests="2" time="0.0422990322113037">
    <system-out>1..2
ok 1 - Equals
ok 2 - Equals
</system-out>
    <testcase name="Equals (44)" classname="spec_perl_TestNestedSameName_t" time="0.00020909309387207" />
    <testcase name="Equals (45)" classname="spec_perl_TestNestedSameName_t" time="8.20159912109375e-05" />
  </testsuite>
  <testsuite name="spec_perl_TestStrEos_t" errors="0" failures="0" skipped="0" tests="1" time="0.0447919368743896">
    <system-out>1..1
ok 1 - Equals
</system-out>
    <testcase name="Equals (46)" classname="spec_perl_TestStrEos_t" time="0.000258922576904297" />
  </testsuite>
  <testsuite name="spec_perl_TestOpaqueExternalType02Parent_t" errors="0" failures="0" skipped="0" tests="3" time="0.0443909168243408">
    <system-out>1..3
ok 1 - Equals
ok 2 - Equals
ok 3 - Equals
</system-out>
    <testcase name="Equals (47)" classname="spec_perl_TestOpaqueExternalType02Parent_t" time="0.000305891036987305" />
    <testcase name="Equals (48)" classname="spec_perl_TestOpaqueExternalType02Parent_t" time="7.39097595214844e-05" />
    <testcase name="Equals (49)" classname="spec_perl_TestOpaqueExternalType02Parent_t" time="0.000145196914672852" />
  </testsuite>
  <testsuite name="spec_perl_TestDefaultEndianMod_t" errors="0" failures="0" skipped="0" tests="3" time="0.0416908264160156">
    <system-out>1..3
ok 1 - Equals
ok 2 - Equals
ok 3 - Equals
</system-out>
    <testcase name="Equals (50)" classname="spec_perl_TestDefaultEndianMod_t" time="0.000236988067626953" />
    <testcase name="Equals (51)" classname="spec_perl_TestDefaultEndianMod_t" time="7.79628753662109e-05" />
    <testcase name="Equals (52)" classname="spec_perl_TestDefaultEndianMod_t" time="0.000129938125610352" />
  </testsuite>
  <testsuite name="spec_perl_TestEnumLongRangeU_t" errors="0" failures="0" skipped="0" tests="4" time="0.0409228801727295">
    <system-out>1..4
ok 1 - Equals
ok 2 - Equals
ok 3 - Equals
ok 4 - Equals
</system-out>
    <testcase name="Equals (53)" classname="spec_perl_TestEnumLongRangeU_t" time="0.000255107879638672" />
    <testcase name="Equals (54)" classname="spec_perl_TestEnumLongRangeU_t" time="9.89437103271484e-05" />
    <testcase name="Equals (55)" classname="spec_perl_TestEnumLongRangeU_t" time="0.000136137008666992" />
    <testcase name="Equals (56)" classname="spec_perl_TestEnumLongRangeU_t" time="0.000123023986816406" />
  </testsuite>
  <testsuite name="spec_perl_TestExprIoPos_t" errors="0" failures="0" skipped="0" tests="6" time="0.0447540283203125">
    <system-out>1..6
ok 1 - Equals
ok 2 - Equals
ok 3 - Equals
ok 4 - Equals
ok 5 - Equals
ok 6 - Equals
</system-out>
    <testcase name="Equals (57)" classname="spec_perl_TestExprIoPos_t" time="0.00051116943359375" />
    <testcase name="Equals (58)" classname="spec_perl_TestExprIoPos_t" time="7.70092010498047e-05" />
    <testcase name="Equals (59)" classname="spec_perl_TestExprIoPos_t" time="0.000133991241455078" />
    <testcase name="Equals (60)" classname="spec_perl_TestExprIoPos_t" time="0.000131845474243164" />
    <testcase name="Equals (61)" classname="spec_perl_TestExprIoPos_t" time="0.000126123428344727" />
    <testcase name="Equals (62)" classname="spec_perl_TestExprIoPos_t" time="0.000131845474243164" />
  </testsuite>
  <testsuite name="spec_perl_TestProcessCoerceBytes_t" errors="0" failures="0" skipped="0" tests="4" time="0.0416030883789062">
    <system-out>1..4
ok 1 - Equals
ok 2 - Equals
ok 3 - Equals
ok 4 - Equals
</system-out>
    <testcase name="Equals (63)" classname="spec_perl_TestProcessCoerceBytes_t" time="0.000243902206420898" />
    <testcase name="Equals (64)" classname="spec_perl_TestProcessCoerceBytes_t" time="7.70092010498047e-05" />
    <testcase name="Equals (65)" classname="spec_perl_TestProcessCoerceBytes_t" time="0.000137090682983398" />
    <testcase name="Equals (66)" classname="spec_perl_TestProcessCoerceBytes_t" time="0.000134944915771484" />
  </testsuite>
  <testsuite name="spec_perl_TestDebugSwitchUser_t" errors="1" failures="0" skipped="0" tests="0" time="0.0549390316009521">
    <system-out></system-out>
    <testcase name="Test died too soon, even before plan. (66)" classname="spec_perl_TestDebugSwitchUser_t" time="0.0549390316009521">
      <failure message="The test suite died before a plan was produced. You need to have a plan." type="Plan">No plan</failure>
    </testcase>
  </testsuite>
  <testsuite name="spec_perl_TestRepeatEosBit_t" errors="0" failures="1" skipped="0" tests="1" time="0.0457229614257812">
    <system-out>1..1
not ok 1 - Equals
</system-out>
    <testcase name="Equals (67)" classname="spec_perl_TestRepeatEosBit_t" time="0.000300168991088867">
      <failure message="not ok 1 - Equals" type="TAP::Parser::Result::Test"></failure>
    </testcase>
  </testsuite>
  <testsuite name="spec_perl_TestDefaultBigEndian_t" errors="0" failures="0" skipped="0" tests="1" time="0.0483570098876953">
    <system-out>1..1
ok 1 - Equals
</system-out>
    <testcase name="Equals (68)" classname="spec_perl_TestDefaultBigEndian_t" time="0.000221967697143555" />
  </testsuite>
  <testsuite name="spec_perl_TestBufferedStruct_t" errors="0" failures="0" skipped="0" tests="7" time="0.0423798561096191">
    <system-out>1..7
ok 1 - Equals
ok 2 - Equals
ok 3 - Equals
ok 4 - Equals
ok 5 - Equals
ok 6 - Equals
ok 7 - Equals
</system-out>
    <testcase name="Equals (69)" classname="spec_perl_TestBufferedStruct_t" time="0.000561952590942383" />
    <testcase name="Equals (70)" classname="spec_perl_TestBufferedStruct_t" time="8.48770141601562e-05" />
    <testcase name="Equals (71)" classname="spec_perl_TestBufferedStruct_t" time="0.000391006469726562" />
    <testcase name="Equals (72)" classname="spec_perl_TestBufferedStruct_t" time="0.000127077102661133" />
    <testcase name="Equals (73)" classname="spec_perl_TestBufferedStruct_t" time="0.000141143798828125" />
    <testcase name="Equals (74)" classname="spec_perl_TestBufferedStruct_t" time="0.000136852264404297" />
    <testcase name="Equals (75)" classname="spec_perl_TestBufferedStruct_t" time="0.000141143798828125" />
  </testsuite>
  <testsuite name="spec_perl_TestIntegersMinMax_t" errors="0" failures="0" skipped="0" tests="28" time="0.057654857635498">
    <system-out>1..28
ok 1 - Equals
ok 2 - Equals
ok 3 - Equals
ok 4 - Equals
ok 5 - Equals
ok 6 - Equals
ok 7 - Equals
ok 8 - Equals
ok 9 - Equals
ok 10 - Equals
ok 11 - Equals
ok 12 - Equals
ok 13 - Equals
ok 14 - Equals
ok 15 - Equals
ok 16 - Equals
ok 17 - Equals
ok 18 - Equals
ok 19 - Equals
ok 20 - Equals
ok 21 - Equals
ok 22 - Equals
ok 23 - Equals
ok 24 - Equals
ok 25 - Equals
ok 26 - Equals
ok 27 - Equals
ok 28 - Equals
</system-out>
    <testcase name="Equals (76)" classname="spec_perl_TestIntegersMinMax_t" time="0.000303983688354492" />
    <testcase name="Equals (77)" classname="spec_perl_TestIntegersMinMax_t" time="8.79764556884766e-05" />
    <testcase name="Equals (78)" classname="spec_perl_TestIntegersMinMax_t" time="0.00010991096496582" />
    <testcase name="Equals (79)" classname="spec_perl_TestIntegersMinMax_t" time="0.000133037567138672" />
    <testcase name="Equals (80)" classname="spec_perl_TestIntegersMinMax_t" time="0.000137090682983398" />
    <testcase name="Equals (81)" classname="spec_perl_TestIntegersMinMax_t" time="0.000119924545288086" />
    <testcase name="Equals (82)" classname="spec_perl_TestIntegersMinMax_t" time="0.000124931335449219" />
    <testcase name="Equals (83)" classname="spec_perl_TestIntegersMinMax_t" time="0.000131130218505859" />
    <testcase name="Equals (84)" classname="spec_perl_TestIntegersMinMax_t" time="0.000114917755126953" />
    <testcase name="Equals (85)" classname="spec_perl_TestIntegersMinMax_t" time="0.00014495849609375" />
    <testcase name="Equals (86)" classname="spec_perl_TestIntegersMinMax_t" time="0.000144004821777344" />
    <testcase name="Equals (87)" classname="spec_perl_TestIntegersMinMax_t" time="0.000149965286254883" />
    <testcase name="Equals (88)" classname="spec_perl_TestIntegersMinMax_t" time="0.000111103057861328" />
    <testcase name="Equals (89)" classname="spec_perl_TestIntegersMinMax_t" time="0.000152111053466797" />
    <testcase name="Equals (90)" classname="spec_perl_TestIntegersMinMax_t" time="0.000112771987915039" />
    <testcase name="Equals (91)" classname="spec_perl_TestIntegersMinMax_t" time="0.000146150588989258" />
    <testcase name="Equals (92)" classname="spec_perl_TestIntegersMinMax_t" time="0.00011897087097168" />
    <testcase name="Equals (93)" classname="spec_perl_TestIntegersMinMax_t" time="0.000118017196655273" />
    <testcase name="Equals (94)" classname="spec_perl_TestIntegersMinMax_t" time="0.00011897087097168" />
    <testcase name="Equals (95)" classname="spec_perl_TestIntegersMinMax_t" time="0.000121116638183594" />
    <testcase name="Equals (96)" classname="spec_perl_TestIntegersMinMax_t" time="0.00011897087097168" />
    <testcase name="Equals (97)" classname="spec_perl_TestIntegersMinMax_t" time="0.000151872634887695" />
    <testcase name="Equals (98)" classname="spec_perl_TestIntegersMinMax_t" time="0.000113964080810547" />
    <testcase name="Equals (99)" classname="spec_perl_TestIntegersMinMax_t" time="0.000141143798828125" />
    <testcase name="Equals (100)" classname="spec_perl_TestIntegersMinMax_t" time="0.000130891799926758" />
    <testcase name="Equals (101)" classname="spec_perl_TestIntegersMinMax_t" time="0.000113010406494141" />
    <testcase name="Equals (102)" classname="spec_perl_TestIntegersMinMax_t" time="0.00014495849609375" />
    <testcase name="Equals (103)" classname="spec_perl_TestIntegersMinMax_t" time="0.000113964080810547" />
  </testsuite>
  <testsuite name="spec_perl_TestBitsEnum_t" errors="0" failures="0" skipped="0" tests="3" time="0.0414249897003174">
    <system-out>1..3
ok 1 - Equals
ok 2 - Equals
ok 3 - Equals
</system-out>
    <testcase name="Equals (104)" classname="spec_perl_TestBitsEnum_t" time="0.000266790390014648" />
    <testcase name="Equals (105)" classname="spec_perl_TestBitsEnum_t" time="8.79764556884766e-05" />
    <testcase name="Equals (106)" classname="spec_perl_TestBitsEnum_t" time="0.000143051147460938" />
  </testsuite>
  <testsuite name="spec_perl_TestBcdUserTypeLe_t" errors="0" failures="0" skipped="0" tests="6" time="0.0432357788085938">
    <system-out>1..6
ok 1 - Equals
ok 2 - Equals
ok 3 - Equals
ok 4 - Equals
ok 5 - Equals
ok 6 - Equals
</system-out>
    <testcase name="Equals (107)" classname="spec_perl_TestBcdUserTypeLe_t" time="0.000488996505737305" />
    <testcase name="Equals (108)" classname="spec_perl_TestBcdUserTypeLe_t" time="7.70092010498047e-05" />
    <testcase name="Equals (109)" classname="spec_perl_TestBcdUserTypeLe_t" time="0.000164985656738281" />
    <testcase name="Equals (110)" classname="spec_perl_TestBcdUserTypeLe_t" time="0.000162124633789062" />
    <testcase name="Equals (111)" classname="spec_perl_TestBcdUserTypeLe_t" time="0.00014185905456543" />
    <testcase name="Equals (112)" classname="spec_perl_TestBcdUserTypeLe_t" time="0.00015711784362793" />
  </testsuite>
  <testsuite name="spec_perl_TestEosExceptionU4_t" errors="0" failures="0" skipped="0" tests="1" time="0.0429558753967285">
    <system-out>1..1
ok 1 - Died
</system-out>
    <testcase name="Died (112)" classname="spec_perl_TestEosExceptionU4_t" time="0.000375032424926758" />
  </testsuite>
  <testsuite name="spec_perl_TestUserType_t" errors="0" failures="0" skipped="0" tests="2" time="0.0408260822296143">
    <system-out>1..2
ok 1 - Equals
ok 2 - Equals
</system-out>
    <testcase name="Equals (113)" classname="spec_perl_TestUserType_t" time="0.000218868255615234" />
    <testcase name="Equals (114)" classname="spec_perl_TestUserType_t" time="9.51290130615234e-05" />
  </testsuite>
  <testsuite name="spec_perl_TestExpr1_t" errors="0" failures="0" skipped="0" tests="4" time="0.0476150512695312">
    <system-out>1..4
ok 1 - Equals
ok 2 - Equals
ok 3 - Equals
ok 4 - Equals
</system-out>
    <testcase name="Equals (115)" classname="spec_perl_TestExpr1_t" time="0.000247001647949219" />
    <testcase name="Equals (116)" classname="spec_perl_TestExpr1_t" time="7.48634338378906e-05" />
    <testcase name="Equals (117)" classname="spec_perl_TestExpr1_t" time="0.000126123428344727" />
    <testcase name="Equals (118)" classname="spec_perl_TestExpr1_t" time="0.00014495849609375" />
  </testsuite>
  <testsuite name="spec_perl_TestIfInstances_t" errors="0" failures="0" skipped="0" tests="1" time="0.0412800312042236">
    <system-out>1..1
ok 1 - nil
</system-out>
    <testcase name="nil (118)" classname="spec_perl_TestIfInstances_t" time="0.000149965286254883" />
  </testsuite>
  <testsuite name="spec_perl_TestExpr3_t" errors="0" failures="0" skipped="0" tests="12" time="0.0462918281555176">
    <system-out>1..12
ok 1 - Equals
ok 2 - Equals
ok 3 - Equals
ok 4 - Equals
ok 5 - Equals
ok 6 - Equals
ok 7 - Equals
ok 8 - Equals
ok 9 - Equals
ok 10 - Equals
ok 11 - Equals
ok 12 - Equals
</system-out>
    <testcase name="Equals (119)" classname="spec_perl_TestExpr3_t" time="0.000216007232666016" />
    <testcase name="Equals (120)" classname="spec_perl_TestExpr3_t" time="7.89165496826172e-05" />
    <testcase name="Equals (121)" classname="spec_perl_TestExpr3_t" time="0.00014495849609375" />
    <testcase name="Equals (122)" classname="spec_perl_TestExpr3_t" time="0.000128984451293945" />
    <testcase name="Equals (123)" classname="spec_perl_TestExpr3_t" time="0.000141143798828125" />
    <testcase name="Equals (124)" classname="spec_perl_TestExpr3_t" time="0.000120878219604492" />
    <testcase name="Equals (125)" classname="spec_perl_TestExpr3_t" time="0.000141143798828125" />
    <testcase name="Equals (126)" classname="spec_perl_TestExpr3_t" time="0.000149965286254883" />
    <testcase name="Equals (127)" classname="spec_perl_TestExpr3_t" time="0.000110864639282227" />
    <testcase name="Equals (128)" classname="spec_perl_TestExpr3_t" time="0.00014495849609375" />
    <testcase name="Equals (129)" classname="spec_perl_TestExpr3_t" time="0.000143051147460938" />
    <testcase name="Equals (130)" classname="spec_perl_TestExpr3_t" time="0.000144004821777344" />
  </testsuite>
  <testsuite name="spec_perl_TestSwitchIntegers_t" errors="0" failures="0" skipped="0" tests="9" time="0.0818760395050049">
    <system-out>1..9
ok 1 - Equals
ok 2 - Equals
ok 3 - Equals
ok 4 - Equals
ok 5 - Equals
ok 6 - Equals
ok 7 - Equals
ok 8 - Equals
ok 9 - Equals
</system-out>
    <testcase name="Equals (131)" classname="spec_perl_TestSwitchIntegers_t" time="0.000499963760375977" />
    <testcase name="Equals (132)" classname="spec_perl_TestSwitchIntegers_t" time="0.000255107879638672" />
    <testcase name="Equals (133)" classname="spec_perl_TestSwitchIntegers_t" time="0.000206947326660156" />
    <testcase name="Equals (134)" classname="spec_perl_TestSwitchIntegers_t" time="0.000199079513549805" />
    <testcase name="Equals (135)" classname="spec_perl_TestSwitchIntegers_t" time="0.00019383430480957" />
    <testcase name="Equals (136)" classname="spec_perl_TestSwitchIntegers_t" time="0.000199079513549805" />
    <testcase name="Equals (137)" classname="spec_perl_TestSwitchIntegers_t" time="0.000196933746337891" />
    <testcase name="Equals (138)" classname="spec_perl_TestSwitchIntegers_t" time="0.00020909309387207" />
    <testcase name="Equals (139)" classname="spec_perl_TestSwitchIntegers_t" time="0.000236034393310547" />
  </testsuite>
  <testsuite name="spec_perl_TestSwitchManualEnumInvalidElse_t" errors="0" failures="0" skipped="0" tests="5" time="0.0459189414978027">
    <system-out>1..5
ok 1 - Equals
ok 2 - Equals
ok 3 - Equals
ok 4 - Equals
ok 5 - Equals
</system-out>
    <testcase name="Equals (140)" classname="spec_perl_TestSwitchManualEnumInvalidElse_t" time="0.00026392936706543" />
    <testcase name="Equals (141)" classname="spec_perl_TestSwitchManualEnumInvalidElse_t" time="8.20159912109375e-05" />
    <testcase name="Equals (142)" classname="spec_perl_TestSwitchManualEnumInvalidElse_t" time="0.000108957290649414" />
    <testcase name="Equals (143)" classname="spec_perl_TestSwitchManualEnumInvalidElse_t" time="0.000158071517944336" />
    <testcase name="Equals (144)" classname="spec_perl_TestSwitchManualEnumInvalidElse_t" time="0.000120878219604492" />
  </testsuite>
  <testsuite name="spec_perl_TestDebug0_t" errors="0" failures="0" skipped="1" tests="1" time="0.0412890911102295">
    <system-out>1..1
ok 1 # skip test_debug_0
</system-out>
    <testcase name="Unnamed test case 144" classname="spec_perl_TestDebug0_t" time="0.000240802764892578">
      <skipped message="ok 1 # skip test_debug_0" />
    </testcase>
  </testsuite>
  <testsuite name="spec_perl_TestNavParent3_t" errors="0" failures="0" skipped="0" tests="10" time="0.0453391075134277">
    <system-out>1..10
ok 1 - Equals
ok 2 - Equals
ok 3 - Equals
ok 4 - Equals
ok 5 - Equals
ok 6 - Equals
ok 7 - Equals
ok 8 - Equals
ok 9 - Equals
ok 10 - Equals
</system-out>
    <testcase name="Equals (145)" classname="spec_perl_TestNavParent3_t" time="0.000205039978027344" />
    <testcase name="Equals (146)" classname="spec_perl_TestNavParent3_t" time="8.58306884765625e-05" />
    <testcase name="Equals (147)" classname="spec_perl_TestNavParent3_t" time="0.000203132629394531" />
    <testcase name="Equals (148)" classname="spec_perl_TestNavParent3_t" time="0.000115871429443359" />
    <testcase name="Equals (149)" classname="spec_perl_TestNavParent3_t" time="0.000141143798828125" />
    <testcase name="Equals (150)" classname="spec_perl_TestNavParent3_t" time="0.000175952911376953" />
    <testcase name="Equals (151)" classname="spec_perl_TestNavParent3_t" time="0.00011897087097168" />
    <testcase name="Equals (152)" classname="spec_perl_TestNavParent3_t" time="0.000145912170410156" />
    <testcase name="Equals (153)" classname="spec_perl_TestNavParent3_t" time="0.0001220703125" />
    <testcase name="Equals (154)" classname="spec_perl_TestNavParent3_t" time="0.000169992446899414" />
  </testsuite>
  <testsuite name="spec_perl_TestSwitchManualEnum_t" errors="0" failures="0" skipped="0" tests="9" time="0.0463528633117676">
    <system-out>1..9
ok 1 - Equals
ok 2 - Equals
ok 3 - Equals
ok 4 - Equals
ok 5 - Equals
ok 6 - Equals
ok 7 - Equals
ok 8 - Equals
ok 9 - Equals
</system-out>
    <testcase name="Equals (155)" classname="spec_perl_TestSwitchManualEnum_t" time="0.000294923782348633" />
    <testcase name="Equals (156)" classname="spec_perl_TestSwitchManualEnum_t" time="7.89165496826172e-05" />
    <testcase name="Equals (157)" classname="spec_perl_TestSwitchManualEnum_t" time="0.000131130218505859" />
    <testcase name="Equals (158)" classname="spec_perl_TestSwitchManualEnum_t" time="0.000144004821777344" />
    <testcase name="Equals (159)" classname="spec_perl_TestSwitchManualEnum_t" time="0.000135898590087891" />
    <testcase name="Equals (160)" classname="spec_perl_TestSwitchManualEnum_t" time="0.000145912170410156" />
    <testcase name="Equals (161)" classname="spec_perl_TestSwitchManualEnum_t" time="0.000118017196655273" />
    <testcase name="Equals (162)" classname="spec_perl_TestSwitchManualEnum_t" time="0.000143051147460938" />
    <testcase name="Equals (163)" classname="spec_perl_TestSwitchManualEnum_t" time="0.000151157379150391" />
  </testsuite>
  <testsuite name="spec_perl_TestDefaultEndianExprIsBe_t" errors="0" failures="0" skipped="0" tests="18" time="0.0440759658813477">
    <system-out>1..18
ok 1 - Equals
ok 2 - Equals
ok 3 - Equals
ok 4 - Equals
ok 5 - Equals
ok 6 - Equals
ok 7 - Equals
ok 8 - Equals
ok 9 - Equals
ok 10 - Equals
ok 11 - Equals
ok 12 - Equals
ok 13 - Equals
ok 14 - Equals
ok 15 - Equals
ok 16 - Equals
ok 17 - Equals
ok 18 - Equals
</system-out>
    <testcase name="Equals (164)" classname="spec_perl_TestDefaultEndianExprIsBe_t" time="0.000258207321166992" />
    <testcase name="Equals (165)" classname="spec_perl_TestDefaultEndianExprIsBe_t" time="7.39097595214844e-05" />
    <testcase name="Equals (166)" classname="spec_perl_TestDefaultEndianExprIsBe_t" time="0.000137090682983398" />
    <testcase name="Equals (167)" classname="spec_perl_TestDefaultEndianExprIsBe_t" time="0.000124931335449219" />
    <testcase name="Equals (168)" classname="spec_perl_TestDefaultEndianExprIsBe_t" time="0.000145912170410156" />
    <testcase name="Equals (169)" classname="spec_perl_TestDefaultEndianExprIsBe_t" time="0.000160932540893555" />
    <testcase name="Equals (170)" classname="spec_perl_TestDefaultEndianExprIsBe_t" time="0.000112056732177734" />
    <testcase name="Equals (171)" classname="spec_perl_TestDefaultEndianExprIsBe_t" time="0.000146150588989258" />
    <testcase name="Equals (172)" classname="spec_perl_TestDefaultEndianExprIsBe_t" time="0.00010991096496582" />
    <testcase name="Equals (173)" classname="spec_perl_TestDefaultEndianExprIsBe_t" time="0.000147104263305664" />
    <testcase name="Equals (174)" classname="spec_perl_TestDefaultEndianExprIsBe_t" time="0.000140905380249023" />
    <testcase name="Equals (175)" classname="spec_perl_TestDefaultEndianExprIsBe_t" time="0.00014805793762207" />
    <testcase name="Equals (176)" classname="spec_perl_TestDefaultEndianExprIsBe_t" time="0.000139951705932617" />
    <testcase name="Equals (177)" classname="spec_perl_TestDefaultEndianExprIsBe_t" time="0.000108003616333008" />
    <testcase name="Equals (178)" classname="spec_perl_TestDefaultEndianExprIsBe_t" time="0.000145912170410156" />
    <testcase name="Equals (179)" classname="spec_perl_TestDefaultEndianExprIsBe_t" time="0.000126123428344727" />
    <testcase name="Equals (180)" classname="spec_perl_TestDefaultEndianExprIsBe_t" time="0.000145912170410156" />
    <testcase name="Equals (181)" classname="spec_perl_TestDefaultEndianExprIsBe_t" time="0.000159978866577148" />
  </testsuite>
  <testsuite name="spec_perl_TestExprCalcArrayOps_t" errors="0" failures="1" skipped="17" tests="18" time="0.0669929981231689">
    <system-out>1..18
not ok 1 - test_expr_calc_array_ops died (Can't use string (&quot;1000&quot;) as an ARRAY ref while &quot;strict refs&quot; in use at compiled/perl/ExprCalcArrayOps.pm line 50.)
ok 2 # skip test_expr_calc_array_ops died
ok 3 # skip test_expr_calc_array_ops died
ok 4 # skip test_expr_calc_array_ops died
ok 5 # skip test_expr_calc_array_ops died
ok 6 # skip test_expr_calc_array_ops died
ok 7 # skip test_expr_calc_array_ops died
ok 8 # skip test_expr_calc_array_ops died
ok 9 # skip test_expr_calc_array_ops died
ok 10 # skip test_expr_calc_array_ops died
ok 11 # skip test_expr_calc_array_ops died
ok 12 # skip test_expr_calc_array_ops died
ok 13 # skip test_expr_calc_array_ops died
ok 14 # skip test_expr_calc_array_ops died
ok 15 # skip test_expr_calc_array_ops died
ok 16 # skip test_expr_calc_array_ops died
ok 17 # skip test_expr_calc_array_ops died
ok 18 # skip test_expr_calc_array_ops died
</system-out>
    <testcase name="test_expr_calc_array_ops died (Can't use string (&quot;1000&quot;) as an ARRAY ref while &quot;strict refs&quot; in use at compiled/perl/ExprCalcArrayOps.pm line 50.) (181)" classname="spec_perl_TestExprCalcArrayOps_t" time="0.000690937042236328">
      <failure message="not ok 1 - test_expr_calc_array_ops died (Can't use string (&quot;1000&quot;) as an ARRAY ref while &quot;strict refs&quot; in use at compiled/perl/ExprCalcArrayOps.pm line 50.)" type="TAP::Parser::Result::Test"></failure>
    </testcase>
    <testcase name="Unnamed test case 181" classname="spec_perl_TestExprCalcArrayOps_t" time="0.00085902214050293">
      <skipped message="ok 2 # skip test_expr_calc_array_ops died" />
    </testcase>
    <testcase name="Unnamed test case 182" classname="spec_perl_TestExprCalcArrayOps_t" time="0.000406026840209961">
      <skipped message="ok 3 # skip test_expr_calc_array_ops died" />
    </testcase>
    <testcase name="Unnamed test case 183" classname="spec_perl_TestExprCalcArrayOps_t" time="0.000391960144042969">
      <skipped message="ok 4 # skip test_expr_calc_array_ops died" />
    </testcase>
    <testcase name="Unnamed test case 184" classname="spec_perl_TestExprCalcArrayOps_t" time="0.000355005264282227">
      <skipped message="ok 5 # skip test_expr_calc_array_ops died" />
    </testcase>
    <testcase name="Unnamed test case 185" classname="spec_perl_TestExprCalcArrayOps_t" time="0.000445127487182617">
      <skipped message="ok 6 # skip test_expr_calc_array_ops died" />
    </testcase>
    <testcase name="Unnamed test case 186" classname="spec_perl_TestExprCalcArrayOps_t" time="0.000398874282836914">
      <skipped message="ok 7 # skip test_expr_calc_array_ops died" />
    </testcase>
    <testcase name="Unnamed test case 187" classname="spec_perl_TestExprCalcArrayOps_t" time="0.00037693977355957">
      <skipped message="ok 8 # skip test_expr_calc_array_ops died" />
    </testcase>
    <testcase name="Unnamed test case 188" classname="spec_perl_TestExprCalcArrayOps_t" time="0.000416994094848633">
      <skipped message="ok 9 # skip test_expr_calc_array_ops died" />
    </testcase>
    <testcase name="Unnamed test case 189" classname="spec_perl_TestExprCalcArrayOps_t" time="0.000411033630371094">
      <skipped message="ok 10 # skip test_expr_calc_array_ops died" />
    </testcase>
    <testcase name="Unnamed test case 190" classname="spec_perl_TestExprCalcArrayOps_t" time="0.000401973724365234">
      <skipped message="ok 11 # skip test_expr_calc_array_ops died" />
    </testcase>
    <testcase name="Unnamed test case 191" classname="spec_perl_TestExprCalcArrayOps_t" time="0.000335216522216797">
      <skipped message="ok 12 # skip test_expr_calc_array_ops died" />
    </testcase>
    <testcase name="Unnamed test case 192" classname="spec_perl_TestExprCalcArrayOps_t" time="0.000355958938598633">
      <skipped message="ok 13 # skip test_expr_calc_array_ops died" />
    </testcase>
    <testcase name="Unnamed test case 193" classname="spec_perl_TestExprCalcArrayOps_t" time="0.000541925430297852">
      <skipped message="ok 14 # skip test_expr_calc_array_ops died" />
    </testcase>
    <testcase name="Unnamed test case 194" classname="spec_perl_TestExprCalcArrayOps_t" time="0.000423908233642578">
      <skipped message="ok 15 # skip test_expr_calc_array_ops died" />
    </testcase>
    <testcase name="Unnamed test case 195" classname="spec_perl_TestExprCalcArrayOps_t" time="0.000408172607421875">
      <skipped message="ok 16 # skip test_expr_calc_array_ops died" />
    </testcase>
    <testcase name="Unnamed test case 196" classname="spec_perl_TestExprCalcArrayOps_t" time="0.000423908233642578">
      <skipped message="ok 17 # skip test_expr_calc_array_ops died" />
    </testcase>
    <testcase name="Unnamed test case 197" classname="spec_perl_TestExprCalcArrayOps_t" time="0.000334024429321289">
      <skipped message="ok 18 # skip test_expr_calc_array_ops died" />
    </testcase>
  </testsuite>
  <testsuite name="spec_perl_TestRecursiveOne_t" errors="0" failures="0" skipped="0" tests="4" time="0.0417230129241943">
    <system-out>1..4
ok 1 - Equals
ok 2 - Equals
ok 3 - Equals
ok 4 - Equals
</system-out>
    <testcase name="Equals (197)" classname="spec_perl_TestRecursiveOne_t" time="0.000232934951782227" />
    <testcase name="Equals (198)" classname="spec_perl_TestRecursiveOne_t" time="7.89165496826172e-05" />
    <testcase name="Equals (199)" classname="spec_perl_TestRecursiveOne_t" time="0.000141143798828125" />
    <testcase name="Equals (200)" classname="spec_perl_TestRecursiveOne_t" time="0.000121831893920898" />
  </testsuite>
  <testsuite name="spec_perl_TestProcessRepeatBytes_t" errors="0" failures="0" skipped="0" tests="2" time="0.0467309951782227">
    <system-out>1..2
ok 1 - Equals
ok 2 - Equals
</system-out>
    <testcase name="Equals (201)" classname="spec_perl_TestProcessRepeatBytes_t" time="0.000221967697143555" />
    <testcase name="Equals (202)" classname="spec_perl_TestProcessRepeatBytes_t" time="7.70092010498047e-05" />
  </testsuite>
  <testsuite name="spec_perl_TestNestedSameName2_t" errors="0" failures="0" skipped="0" tests="5" time="0.04315185546875">
    <system-out>1..5
ok 1 - Equals
ok 2 - Equals
ok 3 - Equals
ok 4 - Equals
ok 5 - Equals
</system-out>
    <testcase name="Equals (203)" classname="spec_perl_TestNestedSameName2_t" time="0.000257968902587891" />
    <testcase name="Equals (204)" classname="spec_perl_TestNestedSameName2_t" time="7.89165496826172e-05" />
    <testcase name="Equals (205)" classname="spec_perl_TestNestedSameName2_t" time="0.00014805793762207" />
    <testcase name="Equals (206)" classname="spec_perl_TestNestedSameName2_t" time="9.39369201660156e-05" />
    <testcase name="Equals (207)" classname="spec_perl_TestNestedSameName2_t" time="0.000142097473144531" />
  </testsuite>
  <testsuite name="spec_perl_TestSwitchManualStr_t" errors="0" failures="0" skipped="0" tests="9" time="0.0462250709533691">
    <system-out>1..9
ok 1 - Equals
ok 2 - Equals
ok 3 - Equals
ok 4 - Equals
ok 5 - Equals
ok 6 - Equals
ok 7 - Equals
ok 8 - Equals
ok 9 - Equals
</system-out>
    <testcase name="Equals (208)" classname="spec_perl_TestSwitchManualStr_t" time="0.000293970108032227" />
    <testcase name="Equals (209)" classname="spec_perl_TestSwitchManualStr_t" time="7.51018524169922e-05" />
    <testcase name="Equals (210)" classname="spec_perl_TestSwitchManualStr_t" time="0.000134944915771484" />
    <testcase name="Equals (211)" classname="spec_perl_TestSwitchManualStr_t" time="0.000130891799926758" />
    <testcase name="Equals (212)" classname="spec_perl_TestSwitchManualStr_t" time="0.000133991241455078" />
    <testcase name="Equals (213)" classname="spec_perl_TestSwitchManualStr_t" time="0.000118017196655273" />
    <testcase name="Equals (214)" classname="spec_perl_TestSwitchManualStr_t" time="0.000149011611938477" />
    <testcase name="Equals (215)" classname="spec_perl_TestSwitchManualStr_t" time="0.000117063522338867" />
    <testcase name="Equals (216)" classname="spec_perl_TestSwitchManualStr_t" time="0.00011897087097168" />
  </testsuite>
  <testsuite name="spec_perl_TestSwitchManualIntElse_t" errors="0" failures="0" skipped="0" tests="9" time="0.0470459461212158">
    <system-out>1..9
ok 1 - Equals
ok 2 - Equals
ok 3 - Equals
ok 4 - Equals
ok 5 - Equals
ok 6 - Equals
ok 7 - Equals
ok 8 - Equals
ok 9 - Equals
</system-out>
    <testcase name="Equals (217)" classname="spec_perl_TestSwitchManualIntElse_t" time="0.000298023223876953" />
    <testcase name="Equals (218)" classname="spec_perl_TestSwitchManualIntElse_t" time="7.89165496826172e-05" />
    <testcase name="Equals (219)" classname="spec_perl_TestSwitchManualIntElse_t" time="0.000137090682983398" />
    <testcase name="Equals (220)" classname="spec_perl_TestSwitchManualIntElse_t" time="0.000134944915771484" />
    <testcase name="Equals (221)" classname="spec_perl_TestSwitchManualIntElse_t" time="0.000136137008666992" />
    <testcase name="Equals (222)" classname="spec_perl_TestSwitchManualIntElse_t" time="0.000118017196655273" />
    <testcase name="Equals (223)" classname="spec_perl_TestSwitchManualIntElse_t" time="0.000157833099365234" />
    <testcase name="Equals (224)" classname="spec_perl_TestSwitchManualIntElse_t" time="0.000111103057861328" />
    <testcase name="Equals (225)" classname="spec_perl_TestSwitchManualIntElse_t" time="0.000159025192260742" />
  </testsuite>
  <testsuite name="spec_perl_TestInstanceStd_t" errors="0" failures="0" skipped="0" tests="1" time="0.0452039241790771">
    <system-out>1..1
ok 1 - Equals
</system-out>
    <testcase name="Equals (226)" classname="spec_perl_TestInstanceStd_t" time="0.000205039978027344" />
  </testsuite>
  <testsuite name="spec_perl_TestProcessCoerceSwitch_t" errors="0" failures="0" skipped="0" tests="3" time="0.0419759750366211">
    <system-out>1..3
ok 1 - Equals
ok 2 - Equals
ok 3 - Equals
</system-out>
    <testcase name="Equals (227)" classname="spec_perl_TestProcessCoerceSwitch_t" time="0.000427961349487305" />
    <testcase name="Equals (228)" classname="spec_perl_TestProcessCoerceSwitch_t" time="8.0108642578125e-05" />
    <testcase name="Equals (229)" classname="spec_perl_TestProcessCoerceSwitch_t" time="0.000128984451293945" />
  </testsuite>
  <testsuite name="spec_perl_TestExprArray_t" errors="0" failures="1" skipped="0" tests="15" time="0.0498549938201904">
    <system-out>1..15
ok 1 - Equals
ok 2 - Equals
ok 3 - Equals
ok 4 - Equals
ok 5 - Equals
ok 6 - Equals
ok 7 - Equals
ok 8 - Equals
not ok 9 - Equals
ok 10 - Equals
ok 11 - Equals
ok 12 - Equals
ok 13 - Equals
ok 14 - Equals
ok 15 - Equals
</system-out>
    <testcase name="Equals (230)" classname="spec_perl_TestExprArray_t" time="0.000307798385620117" />
    <testcase name="Equals (231)" classname="spec_perl_TestExprArray_t" time="7.41481781005859e-05" />
    <testcase name="Equals (232)" classname="spec_perl_TestExprArray_t" time="0.000143051147460938" />
    <testcase name="Equals (233)" classname="spec_perl_TestExprArray_t" time="0.000126838684082031" />
    <testcase name="Equals (234)" classname="spec_perl_TestExprArray_t" time="0.000142097473144531" />
    <testcase name="Equals (235)" classname="spec_perl_TestExprArray_t" time="0.000114917755126953" />
    <testcase name="Equals (236)" classname="spec_perl_TestExprArray_t" time="0.00017094612121582" />
    <testcase name="Equals (237)" classname="spec_perl_TestExprArray_t" time="0.000130176544189453" />
    <testcase name="Equals (238)" classname="spec_perl_TestExprArray_t" time="0.000187873840332031">
      <failure message="not ok 9 - Equals" type="TAP::Parser::Result::Test"></failure>
    </testcase>
    <testcase name="Equals (239)" classname="spec_perl_TestExprArray_t" time="0.00401401519775391" />
    <testcase name="Equals (240)" classname="spec_perl_TestExprArray_t" time="5.79357147216797e-05" />
    <testcase name="Equals (241)" classname="spec_perl_TestExprArray_t" time="2.81333923339844e-05" />
    <testcase name="Equals (242)" classname="spec_perl_TestExprArray_t" time="2.288818359375e-05" />
    <testcase name="Equals (243)" classname="spec_perl_TestExprArray_t" time="2.31266021728516e-05" />
    <testcase name="Equals (244)" classname="spec_perl_TestExprArray_t" time="2.00271606445312e-05" />
  </testsuite>
  <testsuite name="spec_perl_TestProcessToUser_t" errors="0" failures="0" skipped="0" tests="1" time="0.0456280708312988">
    <system-out>1..1
ok 1 - Equals
</system-out>
    <testcase name="Equals (245)" classname="spec_perl_TestProcessToUser_t" time="0.000501155853271484" />
  </testsuite>
  <testsuite name="spec_perl_TestImportsCircularA_t" errors="0" failures="0" skipped="0" tests="5" time="0.0425319671630859">
    <system-out>1..5
ok 1 - Equals
ok 2 - Equals
ok 3 - Equals
ok 4 - Equals
ok 5 - Equals
</system-out>
    <testcase name="Equals (246)" classname="spec_perl_TestImportsCircularA_t" time="0.000168085098266602" />
    <testcase name="Equals (247)" classname="spec_perl_TestImportsCircularA_t" time="7.00950622558594e-05" />
    <testcase name="Equals (248)" classname="spec_perl_TestImportsCircularA_t" time="0.000159978866577148" />
    <testcase name="Equals (249)" classname="spec_perl_TestImportsCircularA_t" time="9.08374786376953e-05" />
    <testcase name="Equals (250)" classname="spec_perl_TestImportsCircularA_t" time="7.70092010498047e-05" />
  </testsuite>
  <testsuite name="spec_perl_TestEnumIf_t" errors="0" failures="0" skipped="0" tests="7" time="0.0444140434265137">
    <system-out>1..7
ok 1 - Equals
ok 2 - Equals
ok 3 - Equals
ok 4 - Equals
ok 5 - Equals
ok 6 - Equals
ok 7 - Equals
</system-out>
    <testcase name="Equals (251)" classname="spec_perl_TestEnumIf_t" time="0.000333070755004883" />
    <testcase name="Equals (252)" classname="spec_perl_TestEnumIf_t" time="7.29560852050781e-05" />
    <testcase name="Equals (253)" classname="spec_perl_TestEnumIf_t" time="0.000139951705932617" />
    <testcase name="Equals (254)" classname="spec_perl_TestEnumIf_t" time="0.000137090682983398" />
    <testcase name="Equals (255)" classname="spec_perl_TestEnumIf_t" time="0.000138044357299805" />
    <testcase name="Equals (256)" classname="spec_perl_TestEnumIf_t" time="0.000114917755126953" />
    <testcase name="Equals (257)" classname="spec_perl_TestEnumIf_t" time="0.000139951705932617" />
  </testsuite>
  <testsuite name="spec_perl_TestEnum1_t" errors="0" failures="0" skipped="0" tests="2" time="0.0410950183868408">
    <system-out>1..2
ok 1 - Equals
ok 2 - Equals
</system-out>
    <testcase name="Equals (258)" classname="spec_perl_TestEnum1_t" time="0.000223159790039062" />
    <testcase name="Equals (259)" classname="spec_perl_TestEnum1_t" time="8.89301300048828e-05" />
  </testsuite>
  <testsuite name="spec_perl_TestDocstrings_t" errors="0" failures="0" skipped="1" tests="1" time="0.0422518253326416">
    <system-out>1..1
ok 1 # skip Docstrings=HASH(0x1485eb0)
</system-out>
    <testcase name="Unnamed test case 259" classname="spec_perl_TestDocstrings_t" time="0.00112700462341309">
      <skipped message="ok 1 # skip Docstrings=HASH(0x1485eb0)" />
    </testcase>
  </testsuite>
  <testsuite name="spec_perl_TestIfStruct_t" errors="0" failures="0" skipped="0" tests="7" time="0.0453581809997559">
    <system-out>1..7
ok 1 - Equals
ok 2 - Equals
ok 3 - Equals
ok 4 - Equals
ok 5 - Equals
ok 6 - Equals
ok 7 - Equals
</system-out>
    <testcase name="Equals (260)" classname="spec_perl_TestIfStruct_t" time="0.000311851501464844" />
    <testcase name="Equals (261)" classname="spec_perl_TestIfStruct_t" time="8.10623168945312e-05" />
    <testcase name="Equals (262)" classname="spec_perl_TestIfStruct_t" time="0.000116109848022461" />
    <testcase name="Equals (263)" classname="spec_perl_TestIfStruct_t" time="0.000131845474243164" />
    <testcase name="Equals (264)" classname="spec_perl_TestIfStruct_t" time="0.000146150588989258" />
    <testcase name="Equals (265)" classname="spec_perl_TestIfStruct_t" time="0.000113010406494141" />
    <testcase name="Equals (266)" classname="spec_perl_TestIfStruct_t" time="0.000124931335449219" />
  </testsuite>
  <testsuite name="spec_perl_TestIoLocalVar_t" errors="0" failures="0" skipped="0" tests="2" time="0.0413451194763184">
    <system-out>1..2
ok 1 - Equals
ok 2 - Equals
</system-out>
    <testcase name="Equals (267)" classname="spec_perl_TestIoLocalVar_t" time="0.00045013427734375" />
    <testcase name="Equals (268)" classname="spec_perl_TestIoLocalVar_t" time="7.79628753662109e-05" />
  </testsuite>
  <testsuite name="spec_perl_TestMetaTags_t" errors="0" failures="0" skipped="1" tests="1" time="0.0427620410919189">
    <system-out>1..1
ok 1 # skip MetaTags=HASH(0x25f9000)
</system-out>
    <testcase name="Unnamed test case 268" classname="spec_perl_TestMetaTags_t" time="0.00124502182006836">
      <skipped message="ok 1 # skip MetaTags=HASH(0x25f9000)" />
    </testcase>
  </testsuite>
  <testsuite name="spec_perl_TestProcessXor4Const_t" errors="0" failures="0" skipped="0" tests="2" time="0.0414159297943115">
    <system-out>1..2
ok 1 - Equals
ok 2 - Equals
</system-out>
    <testcase name="Equals (269)" classname="spec_perl_TestProcessXor4Const_t" time="0.000216960906982422" />
    <testcase name="Equals (270)" classname="spec_perl_TestProcessXor4Const_t" time="7.70092010498047e-05" />
  </testsuite>
  <testsuite name="spec_perl_TestIndexToParamEos_t" errors="0" failures="2" skipped="0" tests="7" time="0.0491869449615479">
    <system-out>1..7
ok 1 - Equals
ok 2 - Equals
ok 3 - Equals
ok 4 - Equals
ok 5 - Equals
not ok 6 - Equals
not ok 7 - Equals
</system-out>
    <testcase name="Equals (271)" classname="spec_perl_TestIndexToParamEos_t" time="0.00515913963317871" />
    <testcase name="Equals (272)" classname="spec_perl_TestIndexToParamEos_t" time="0.00011897087097168" />
    <testcase name="Equals (273)" classname="spec_perl_TestIndexToParamEos_t" time="9.89437103271484e-05" />
    <testcase name="Equals (274)" classname="spec_perl_TestIndexToParamEos_t" time="0.000125885009765625" />
    <testcase name="Equals (275)" classname="spec_perl_TestIndexToParamEos_t" time="5.69820404052734e-05" />
    <testcase name="Equals (276)" classname="spec_perl_TestIndexToParamEos_t" time="5.41210174560547e-05">
      <failure message="not ok 6 - Equals" type="TAP::Parser::Result::Test"></failure>
    </testcase>
    <testcase name="Equals (277)" classname="spec_perl_TestIndexToParamEos_t" time="4.29153442382812e-05">
      <failure message="not ok 7 - Equals" type="TAP::Parser::Result::Test"></failure>
    </testcase>
  </testsuite>
  <testsuite name="spec_perl_TestExprMod_t" errors="0" failures="0" skipped="0" tests="6" time="0.0423259735107422">
    <system-out>1..6
ok 1 - Equals
ok 2 - Equals
ok 3 - Equals
ok 4 - Equals
ok 5 - Equals
ok 6 - Equals
</system-out>
    <testcase name="Equals (278)" classname="spec_perl_TestExprMod_t" time="0.000235080718994141" />
    <testcase name="Equals (279)" classname="spec_perl_TestExprMod_t" time="0.000111818313598633" />
    <testcase name="Equals (280)" classname="spec_perl_TestExprMod_t" time="0.000137090682983398" />
    <testcase name="Equals (281)" classname="spec_perl_TestExprMod_t" time="0.000133037567138672" />
    <testcase name="Equals (282)" classname="spec_perl_TestExprMod_t" time="0.000117063522338867" />
    <testcase name="Equals (283)" classname="spec_perl_TestExprMod_t" time="0.000151872634887695" />
  </testsuite>
  <testsuite name="spec_perl_TestParamsCallExtraParens_t" errors="0" failures="1" skipped="0" tests="1" time="0.0503780841827393">
    <system-out>1..1
not ok 1 - Equals
</system-out>
    <testcase name="Equals (284)" classname="spec_perl_TestParamsCallExtraParens_t" time="0.00179791450500488">
      <failure message="not ok 1 - Equals" type="TAP::Parser::Result::Test"></failure>
    </testcase>
  </testsuite>
  <testsuite name="spec_perl_TestValidShort_t" errors="1" failures="0" skipped="0" tests="0" time="0.0564320087432861">
    <system-out></system-out>
    <testcase name="Test died too soon, even before plan. (284)" classname="spec_perl_TestValidShort_t" time="0.0564320087432861">
      <failure message="The test suite died before a plan was produced. You need to have a plan." type="Plan">No plan</failure>
    </testcase>
  </testsuite>
  <testsuite name="spec_perl_TestRepeatNStrz_t" errors="0" failures="0" skipped="0" tests="2" time="0.0456500053405762">
    <system-out>1..2
ok 1 - Equals
ok 2 - Equals
</system-out>
    <testcase name="Equals (285)" classname="spec_perl_TestRepeatNStrz_t" time="0.000242948532104492" />
    <testcase name="Equals (286)" classname="spec_perl_TestRepeatNStrz_t" time="8.79764556884766e-05" />
  </testsuite>
  <testsuite name="spec_perl_TestProcessXorValue_t" errors="0" failures="0" skipped="0" tests="2" time="0.0412302017211914">
    <system-out>1..2
ok 1 - Equals
ok 2 - Equals
</system-out>
    <testcase name="Equals (287)" classname="spec_perl_TestProcessXorValue_t" time="0.000220060348510742" />
    <testcase name="Equals (288)" classname="spec_perl_TestProcessXorValue_t" time="7.58171081542969e-05" />
  </testsuite>
  <testsuite name="spec_perl_TestTypeTernaryOpaque_t" errors="0" failures="0" skipped="0" tests="3" time="0.0439488887786865">
    <system-out>1..3
ok 1 - Equals
ok 2 - Equals
ok 3 - Equals
</system-out>
    <testcase name="Equals (289)" classname="spec_perl_TestTypeTernaryOpaque_t" time="0.000478029251098633" />
    <testcase name="Equals (290)" classname="spec_perl_TestTypeTernaryOpaque_t" time="7.48634338378906e-05" />
    <testcase name="Equals (291)" classname="spec_perl_TestTypeTernaryOpaque_t" time="0.000141143798828125" />
  </testsuite>
  <testsuite name="spec_perl_TestProcessCoerceUsertype1_t" errors="0" failures="0" skipped="0" tests="4" time="0.0424540042877197">
    <system-out>1..4
ok 1 - Equals
ok 2 - Equals
ok 3 - Equals
ok 4 - Equals
</system-out>
    <testcase name="Equals (292)" classname="spec_perl_TestProcessCoerceUsertype1_t" time="0.00047612190246582" />
    <testcase name="Equals (293)" classname="spec_perl_TestProcessCoerceUsertype1_t" time="8.70227813720703e-05" />
    <testcase name="Equals (294)" classname="spec_perl_TestProcessCoerceUsertype1_t" time="0.00011897087097168" />
    <testcase name="Equals (295)" classname="spec_perl_TestProcessCoerceUsertype1_t" time="0.000154018402099609" />
  </testsuite>
  <testsuite name="spec_perl_TestEnumDeepLiterals_t" errors="0" failures="0" skipped="0" tests="2" time="0.0411698818206787">
    <system-out>1..2
ok 1 - Equals
ok 2 - Equals
</system-out>
    <testcase name="Equals (296)" classname="spec_perl_TestEnumDeepLiterals_t" time="0.000248908996582031" />
    <testcase name="Equals (297)" classname="spec_perl_TestEnumDeepLiterals_t" time="8.10623168945312e-05" />
  </testsuite>
  <testsuite name="spec_perl_TestProcessCustomNoArgs_t" errors="1" failures="0" skipped="0" tests="0" time="0.0539669990539551">
    <system-out></system-out>
    <testcase name="Test died too soon, even before plan. (297)" classname="spec_perl_TestProcessCustomNoArgs_t" time="0.0539669990539551">
      <failure message="The test suite died before a plan was produced. You need to have a plan." type="Plan">No plan</failure>
    </testcase>
  </testsuite>
  <testsuite name="spec_perl_TestNonStandard_t" errors="0" failures="0" skipped="0" tests="1" time="0.0406501293182373">
    <system-out>1..1
ok 1 - Equals
</system-out>
    <testcase name="Equals (298)" classname="spec_perl_TestNonStandard_t" time="0.000214815139770508" />
  </testsuite>
  <testsuite name="spec_perl_TestDefaultEndianExprIsLe_t" errors="0" failures="0" skipped="0" tests="12" time="0.042227029800415">
    <system-out>1..12
ok 1 - Equals
ok 2 - Equals
ok 3 - Equals
ok 4 - Equals
ok 5 - Equals
ok 6 - Equals
ok 7 - Equals
ok 8 - Equals
ok 9 - Equals
ok 10 - Equals
ok 11 - Equals
ok 12 - Equals
</system-out>
    <testcase name="Equals (299)" classname="spec_perl_TestDefaultEndianExprIsLe_t" time="0.000288963317871094" />
    <testcase name="Equals (300)" classname="spec_perl_TestDefaultEndianExprIsLe_t" time="7.60555267333984e-05" />
    <testcase name="Equals (301)" classname="spec_perl_TestDefaultEndianExprIsLe_t" time="0.000143051147460938" />
    <testcase name="Equals (302)" classname="spec_perl_TestDefaultEndianExprIsLe_t" time="0.000147819519042969" />
    <testcase name="Equals (303)" classname="spec_perl_TestDefaultEndianExprIsLe_t" time="9.41753387451172e-05" />
    <testcase name="Equals (304)" classname="spec_perl_TestDefaultEndianExprIsLe_t" time="0.000140905380249023" />
    <testcase name="Equals (305)" classname="spec_perl_TestDefaultEndianExprIsLe_t" time="0.000143051147460938" />
    <testcase name="Equals (306)" classname="spec_perl_TestDefaultEndianExprIsLe_t" time="0.000105857849121094" />
    <testcase name="Equals (307)" classname="spec_perl_TestDefaultEndianExprIsLe_t" time="0.000142097473144531" />
    <testcase name="Equals (308)" classname="spec_perl_TestDefaultEndianExprIsLe_t" time="0.000118017196655273" />
    <testcase name="Equals (309)" classname="spec_perl_TestDefaultEndianExprIsLe_t" time="0.000143051147460938" />
    <testcase name="Equals (310)" classname="spec_perl_TestDefaultEndianExprIsLe_t" time="0.000119924545288086" />
  </testsuite>
  <testsuite name="spec_perl_TestProcessXor4Value_t" errors="0" failures="0" skipped="0" tests="2" time="0.0421700477600098">
    <system-out>1..2
ok 1 - Equals
ok 2 - Equals
</system-out>
    <testcase name="Equals (311)" classname="spec_perl_TestProcessXor4Value_t" time="0.00023198127746582" />
    <testcase name="Equals (312)" classname="spec_perl_TestProcessXor4Value_t" time="7.79628753662109e-05" />
  </testsuite>
  <testsuite name="spec_perl_TestSwitchRepeatExpr_t" errors="0" failures="0" skipped="0" tests="3" time="0.0417439937591553">
    <system-out>1..3
ok 1 - Equals
ok 2 - Equals
ok 3 - Equals
</system-out>
    <testcase name="Equals (313)" classname="spec_perl_TestSwitchRepeatExpr_t" time="0.000423192977905273" />
    <testcase name="Equals (314)" classname="spec_perl_TestSwitchRepeatExpr_t" time="7.48634338378906e-05" />
    <testcase name="Equals (315)" classname="spec_perl_TestSwitchRepeatExpr_t" time="0.000124931335449219" />
  </testsuite>
  <testsuite name="spec_perl_TestRepeatEosStruct_t" errors="0" failures="0" skipped="0" tests="5" time="0.0430850982666016">
    <system-out>1..5
ok 1 - Equals
ok 2 - Equals
ok 3 - Equals
ok 4 - Equals
ok 5 - Equals
</system-out>
    <testcase name="Equals (316)" classname="spec_perl_TestRepeatEosStruct_t" time="0.000246047973632812" />
    <testcase name="Equals (317)" classname="spec_perl_TestRepeatEosStruct_t" time="9.01222229003906e-05" />
    <testcase name="Equals (318)" classname="spec_perl_TestRepeatEosStruct_t" time="0.000251054763793945" />
    <testcase name="Equals (319)" classname="spec_perl_TestRepeatEosStruct_t" time="0.000190973281860352" />
    <testcase name="Equals (320)" classname="spec_perl_TestRepeatEosStruct_t" time="0.000276803970336914" />
  </testsuite>
  <testsuite name="spec_perl_TestExprBytesCmp_t" errors="0" failures="0" skipped="0" tests="10" time="0.0425560474395752">
    <system-out>1..10
ok 1 - Equals
ok 2 - Equals
ok 3 - Equals
ok 4 - Equals
ok 5 - Equals
ok 6 - Equals
ok 7 - Equals
ok 8 - Equals
ok 9 - Equals
ok 10 - Equals
</system-out>
    <testcase name="Equals (321)" classname="spec_perl_TestExprBytesCmp_t" time="0.000214099884033203" />
    <testcase name="Equals (322)" classname="spec_perl_TestExprBytesCmp_t" time="8.98838043212891e-05" />
    <testcase name="Equals (323)" classname="spec_perl_TestExprBytesCmp_t" time="0.000139951705932617" />
    <testcase name="Equals (324)" classname="spec_perl_TestExprBytesCmp_t" time="0.000133991241455078" />
    <testcase name="Equals (325)" classname="spec_perl_TestExprBytesCmp_t" time="0.000111103057861328" />
    <testcase name="Equals (326)" classname="spec_perl_TestExprBytesCmp_t" time="0.000139951705932617" />
    <testcase name="Equals (327)" classname="spec_perl_TestExprBytesCmp_t" time="0.000115156173706055" />
    <testcase name="Equals (328)" classname="spec_perl_TestExprBytesCmp_t" time="0.000138998031616211" />
    <testcase name="Equals (329)" classname="spec_perl_TestExprBytesCmp_t" time="0.000129938125610352" />
    <testcase name="Equals (330)" classname="spec_perl_TestExprBytesCmp_t" time="0.00014185905456543" />
  </testsuite>
  <testsuite name="spec_perl_TestIfValues_t" errors="0" failures="0" skipped="0" tests="6" time="0.0432820320129395">
    <system-out>1..6
ok 1 - Equals
ok 2 - Equals
ok 3 - Equals
ok 4 - nil
ok 5 - Equals
ok 6 - nil
</system-out>
    <testcase name="Equals (331)" classname="spec_perl_TestIfValues_t" time="0.000227212905883789" />
    <testcase name="Equals (332)" classname="spec_perl_TestIfValues_t" time="8.08238983154297e-05" />
    <testcase name="Equals (333)" classname="spec_perl_TestIfValues_t" time="0.000135183334350586" />
    <testcase name="nil (333)" classname="spec_perl_TestIfValues_t" time="6.29425048828125e-05" />
    <testcase name="Equals (334)" classname="spec_perl_TestIfValues_t" time="0.000120878219604492" />
    <testcase name="nil (334)" classname="spec_perl_TestIfValues_t" time="5.91278076171875e-05" />
  </testsuite>
  <testsuite name="spec_perl_TestProcessCoerceUsertype2_t" errors="0" failures="0" skipped="0" tests="4" time="0.0415081977844238">
    <system-out>1..4
ok 1 - Equals
ok 2 - Equals
ok 3 - Equals
ok 4 - Equals
</system-out>
    <testcase name="Equals (335)" classname="spec_perl_TestProcessCoerceUsertype2_t" time="0.000454187393188477" />
    <testcase name="Equals (336)" classname="spec_perl_TestProcessCoerceUsertype2_t" time="8.20159912109375e-05" />
    <testcase name="Equals (337)" classname="spec_perl_TestProcessCoerceUsertype2_t" time="0.000165939331054688" />
    <testcase name="Equals (338)" classname="spec_perl_TestProcessCoerceUsertype2_t" time="0.000133037567138672" />
  </testsuite>
  <testsuite name="spec_perl_TestPositionAbs_t" errors="0" failures="0" skipped="0" tests="2" time="0.0453348159790039">
    <system-out>1..2
ok 1 - Equals
ok 2 - Equals
</system-out>
    <testcase name="Equals (339)" classname="spec_perl_TestPositionAbs_t" time="0.00020909309387207" />
    <testcase name="Equals (340)" classname="spec_perl_TestPositionAbs_t" time="0.000192880630493164" />
  </testsuite>
  <testsuite name="spec_perl_TestNestedTypes_t" errors="0" failures="0" skipped="0" tests="3" time="0.0430507659912109">
    <system-out>1..3
ok 1 - Equals
ok 2 - Equals
ok 3 - Equals
</system-out>
    <testcase name="Equals (341)" classname="spec_perl_TestNestedTypes_t" time="0.000234842300415039" />
    <testcase name="Equals (342)" classname="spec_perl_TestNestedTypes_t" time="7.51018524169922e-05" />
    <testcase name="Equals (343)" classname="spec_perl_TestNestedTypes_t" time="0.000137090682983398" />
  </testsuite>
  <testsuite name="spec_perl_TestOpaqueExternalType_t" errors="0" failures="0" skipped="0" tests="3" time="0.04351806640625">
    <system-out>1..3
ok 1 - Equals
ok 2 - Equals
ok 3 - Equals
</system-out>
    <testcase name="Equals (344)" classname="spec_perl_TestOpaqueExternalType_t" time="0.000277996063232422" />
    <testcase name="Equals (345)" classname="spec_perl_TestOpaqueExternalType_t" time="7.08103179931641e-05" />
    <testcase name="Equals (346)" classname="spec_perl_TestOpaqueExternalType_t" time="0.000133991241455078" />
  </testsuite>
  <testsuite name="spec_perl_TestEnumToI_t" errors="0" failures="0" skipped="0" tests="5" time="0.0419721603393555">
    <system-out>1..5
ok 1 - Equals
ok 2 - Equals
ok 3 - Equals
ok 4 - Equals
ok 5 - Equals
</system-out>
    <testcase name="Equals (347)" classname="spec_perl_TestEnumToI_t" time="0.000237941741943359" />
    <testcase name="Equals (348)" classname="spec_perl_TestEnumToI_t" time="8.79764556884766e-05" />
    <testcase name="Equals (349)" classname="spec_perl_TestEnumToI_t" time="0.000143051147460938" />
    <testcase name="Equals (350)" classname="spec_perl_TestEnumToI_t" time="0.000127077102661133" />
    <testcase name="Equals (351)" classname="spec_perl_TestEnumToI_t" time="0.000164985656738281" />
  </testsuite>
  <testsuite name="spec_perl_TestBitsSimple_t" errors="0" failures="0" skipped="0" tests="14" time="0.0426239967346191">
    <system-out>1..14
ok 1 - Equals
ok 2 - Equals
ok 3 - Equals
ok 4 - Equals
ok 5 - Equals
ok 6 - Equals
ok 7 - Equals
ok 8 - Equals
ok 9 - Equals
ok 10 - Equals
ok 11 - Equals
ok 12 - Equals
ok 13 - Equals
ok 14 - Equals
</system-out>
    <testcase name="Equals (352)" classname="spec_perl_TestBitsSimple_t" time="0.000279903411865234" />
    <testcase name="Equals (353)" classname="spec_perl_TestBitsSimple_t" time="9.10758972167969e-05" />
    <testcase name="Equals (354)" classname="spec_perl_TestBitsSimple_t" time="0.00014495849609375" />
    <testcase name="Equals (355)" classname="spec_perl_TestBitsSimple_t" time="0.000210046768188477" />
    <testcase name="Equals (356)" classname="spec_perl_TestBitsSimple_t" time="0.000108003616333008" />
    <testcase name="Equals (357)" classname="spec_perl_TestBitsSimple_t" time="0.000144004821777344" />
    <testcase name="Equals (358)" classname="spec_perl_TestBitsSimple_t" time="0.000108957290649414" />
    <testcase name="Equals (359)" classname="spec_perl_TestBitsSimple_t" time="0.000146150588989258" />
    <testcase name="Equals (360)" classname="spec_perl_TestBitsSimple_t" time="0.000114917755126953" />
    <testcase name="Equals (361)" classname="spec_perl_TestBitsSimple_t" time="0.0001220703125" />
    <testcase name="Equals (362)" classname="spec_perl_TestBitsSimple_t" time="0.000154018402099609" />
    <testcase name="Equals (363)" classname="spec_perl_TestBitsSimple_t" time="9.98973846435547e-05" />
    <testcase name="Equals (364)" classname="spec_perl_TestBitsSimple_t" time="0.000140905380249023" />
    <testcase name="Equals (365)" classname="spec_perl_TestBitsSimple_t" time="0.000120162963867188" />
  </testsuite>
  <testsuite name="spec_perl_TestYamlInts_t" errors="0" failures="0" skipped="0" tests="4" time="0.0432910919189453">
    <system-out>1..4
ok 1 - Equals
ok 2 - Equals
ok 3 - Equals
ok 4 - Equals
</system-out>
    <testcase name="Equals (366)" classname="spec_perl_TestYamlInts_t" time="0.000514984130859375" />
    <testcase name="Equals (367)" classname="spec_perl_TestYamlInts_t" time="0.000307798385620117" />
    <testcase name="Equals (368)" classname="spec_perl_TestYamlInts_t" time="0.000277996063232422" />
    <testcase name="Equals (369)" classname="spec_perl_TestYamlInts_t" time="0.000318050384521484" />
  </testsuite>
  <testsuite name="spec_perl_TestProcessCustom_t" errors="1" failures="0" skipped="0" tests="0" time="0.0397729873657227">
    <system-out></system-out>
    <testcase name="Test died too soon, even before plan. (369)" classname="spec_perl_TestProcessCustom_t" time="0.0397729873657227">
      <failure message="The test suite died before a plan was produced. You need to have a plan." type="Plan">No plan</failure>
    </testcase>
  </testsuite>
  <testsuite name="spec_perl_TestParamsPassUsertype_t" errors="0" failures="1" skipped="1" tests="2" time="0.0485038757324219">
    <system-out>1..2
not ok 1 - test_params_pass_usertype died (Can't call method &quot;foo&quot; on an undefined value at compiled/perl/ParamsPassUsertype.pm line 119.)
ok 2 # skip test_params_pass_usertype died
</system-out>
    <testcase name="test_params_pass_usertype died (Can't call method &quot;foo&quot; on an undefined value at compiled/perl/ParamsPassUsertype.pm line 119.) (369)" classname="spec_perl_TestParamsPassUsertype_t" time="0.000277042388916016">
      <failure message="not ok 1 - test_params_pass_usertype died (Can't call method &quot;foo&quot; on an undefined value at compiled/perl/ParamsPassUsertype.pm line 119.)" type="TAP::Parser::Result::Test"></failure>
    </testcase>
    <testcase name="Unnamed test case 369" classname="spec_perl_TestParamsPassUsertype_t" time="0.00035405158996582">
      <skipped message="ok 2 # skip test_params_pass_usertype died" />
    </testcase>
  </testsuite>
  <testsuite name="spec_perl_TestStrCombine_t" errors="0" failures="0" skipped="0" tests="15" time="0.0473239421844482">
    <system-out>1..15
ok 1 - Equals
ok 2 - Equals
ok 3 - Equals
ok 4 - Equals
ok 5 - Equals
ok 6 - Equals
ok 7 - Equals
ok 8 - Equals
ok 9 - Equals
ok 10 - Equals
ok 11 - Equals
ok 12 - Equals
ok 13 - Equals
ok 14 - Equals
ok 15 - Equals
</system-out>
    <testcase name="Equals (370)" classname="spec_perl_TestStrCombine_t" time="0.000225067138671875" />
    <testcase name="Equals (371)" classname="spec_perl_TestStrCombine_t" time="7.20024108886719e-05" />
    <testcase name="Equals (372)" classname="spec_perl_TestStrCombine_t" time="0.000128030776977539" />
    <testcase name="Equals (373)" classname="spec_perl_TestStrCombine_t" time="0.000125885009765625" />
    <testcase name="Equals (374)" classname="spec_perl_TestStrCombine_t" time="0.000151157379150391" />
    <testcase name="Equals (375)" classname="spec_perl_TestStrCombine_t" time="0.000114917755126953" />
    <testcase name="Equals (376)" classname="spec_perl_TestStrCombine_t" time="0.000128030776977539" />
    <testcase name="Equals (377)" classname="spec_perl_TestStrCombine_t" time="0.000227928161621094" />
    <testcase name="Equals (378)" classname="spec_perl_TestStrCombine_t" time="6.79492950439453e-05" />
    <testcase name="Equals (379)" classname="spec_perl_TestStrCombine_t" time="0.000166177749633789" />
    <testcase name="Equals (380)" classname="spec_perl_TestStrCombine_t" time="0.000122785568237305" />
    <testcase name="Equals (381)" classname="spec_perl_TestStrCombine_t" time="0.00014805793762207" />
    <testcase name="Equals (382)" classname="spec_perl_TestStrCombine_t" time="0.000134944915771484" />
    <testcase name="Equals (383)" classname="spec_perl_TestStrCombine_t" time="0.000117063522338867" />
    <testcase name="Equals (384)" classname="spec_perl_TestStrCombine_t" time="0.000139951705932617" />
  </testsuite>
  <testsuite name="spec_perl_TestIntegers_t" errors="1" failures="0" skipped="0" tests="0" time="0.0408859252929688">
    <system-out></system-out>
    <testcase name="Test died too soon, even before plan. (384)" classname="spec_perl_TestIntegers_t" time="0.0408859252929688">
      <failure message="The test suite died before a plan was produced. You need to have a plan." type="Plan">No plan</failure>
    </testcase>
  </testsuite>
  <testsuite name="spec_perl_TestNestedTypes2_t" errors="0" failures="0" skipped="0" tests="7" time="0.0423531532287598">
    <system-out>1..7
ok 1 - Equals
ok 2 - Equals
ok 3 - Equals
ok 4 - Equals
ok 5 - Equals
ok 6 - Equals
ok 7 - Equals
</system-out>
    <testcase name="Equals (385)" classname="spec_perl_TestNestedTypes2_t" time="0.000217914581298828" />
    <testcase name="Equals (386)" classname="spec_perl_TestNestedTypes2_t" time="7.70092010498047e-05" />
    <testcase name="Equals (387)" classname="spec_perl_TestNestedTypes2_t" time="0.000161886215209961" />
    <testcase name="Equals (388)" classname="spec_perl_TestNestedTypes2_t" time="0.000128030776977539" />
    <testcase name="Equals (389)" classname="spec_perl_TestNestedTypes2_t" time="0.000140190124511719" />
    <testcase name="Equals (390)" classname="spec_perl_TestNestedTypes2_t" time="0.000120878219604492" />
    <testcase name="Equals (391)" classname="spec_perl_TestNestedTypes2_t" time="0.000123023986816406" />
  </testsuite>
  <testsuite name="spec_perl_TestSwitchManualStrElse_t" errors="0" failures="0" skipped="0" tests="9" time="0.0453870296478271">
    <system-out>1..9
ok 1 - Equals
ok 2 - Equals
ok 3 - Equals
ok 4 - Equals
ok 5 - Equals
ok 6 - Equals
ok 7 - Equals
ok 8 - Equals
ok 9 - Equals
</system-out>
    <testcase name="Equals (392)" classname="spec_perl_TestSwitchManualStrElse_t" time="0.000271797180175781" />
    <testcase name="Equals (393)" classname="spec_perl_TestSwitchManualStrElse_t" time="7.91549682617188e-05" />
    <testcase name="Equals (394)" classname="spec_perl_TestSwitchManualStrElse_t" time="0.000134944915771484" />
    <testcase name="Equals (395)" classname="spec_perl_TestSwitchManualStrElse_t" time="0.000143051147460938" />
    <testcase name="Equals (396)" classname="spec_perl_TestSwitchManualStrElse_t" time="0.000129938125610352" />
    <testcase name="Equals (397)" classname="spec_perl_TestSwitchManualStrElse_t" time="0.000121116638183594" />
    <testcase name="Equals (398)" classname="spec_perl_TestSwitchManualStrElse_t" time="0.000140905380249023" />
    <testcase name="Equals (399)" classname="spec_perl_TestSwitchManualStrElse_t" time="0.000117063522338867" />
    <testcase name="Equals (400)" classname="spec_perl_TestSwitchManualStrElse_t" time="0.000146865844726562" />
  </testsuite>
  <testsuite name="spec_perl_TestTypeIntUnaryOp_t" errors="0" failures="0" skipped="0" tests="4" time="0.0408780574798584">
    <system-out>1..4
ok 1 - Equals
ok 2 - Equals
ok 3 - Equals
ok 4 - Equals
</system-out>
    <testcase name="Equals (401)" classname="spec_perl_TestTypeIntUnaryOp_t" time="0.000235080718994141" />
    <testcase name="Equals (402)" classname="spec_perl_TestTypeIntUnaryOp_t" time="9.39369201660156e-05" />
    <testcase name="Equals (403)" classname="spec_perl_TestTypeIntUnaryOp_t" time="0.000138044357299805" />
    <testcase name="Equals (404)" classname="spec_perl_TestTypeIntUnaryOp_t" time="0.000128030776977539" />
  </testsuite>
  <testsuite name="spec_perl_TestStrPadTermEmpty_t" errors="0" failures="0" skipped="0" tests="4" time="0.046245813369751">
    <system-out>1..4
ok 1 - Equals
ok 2 - Equals
ok 3 - Equals
ok 4 - Equals
</system-out>
    <testcase name="Equals (405)" classname="spec_perl_TestStrPadTermEmpty_t" time="0.000344038009643555" />
    <testcase name="Equals (406)" classname="spec_perl_TestStrPadTermEmpty_t" time="0.000117063522338867" />
    <testcase name="Equals (407)" classname="spec_perl_TestStrPadTermEmpty_t" time="6.58035278320312e-05" />
    <testcase name="Equals (408)" classname="spec_perl_TestStrPadTermEmpty_t" time="0.000166177749633789" />
  </testsuite>
  <testsuite name="spec_perl_TestBcdUserTypeBe_t" errors="0" failures="0" skipped="0" tests="6" time="0.0432429313659668">
    <system-out>1..6
ok 1 - Equals
ok 2 - Equals
ok 3 - Equals
ok 4 - Equals
ok 5 - Equals
ok 6 - Equals
</system-out>
    <testcase name="Equals (409)" classname="spec_perl_TestBcdUserTypeBe_t" time="0.000478982925415039" />
    <testcase name="Equals (410)" classname="spec_perl_TestBcdUserTypeBe_t" time="8.10623168945312e-05" />
    <testcase name="Equals (411)" classname="spec_perl_TestBcdUserTypeBe_t" time="0.000159978866577148" />
    <testcase name="Equals (412)" classname="spec_perl_TestBcdUserTypeBe_t" time="0.000133037567138672" />
    <testcase name="Equals (413)" classname="spec_perl_TestBcdUserTypeBe_t" time="0.000150918960571289" />
    <testcase name="Equals (414)" classname="spec_perl_TestBcdUserTypeBe_t" time="0.000133991241455078" />
  </testsuite>
  <testsuite name="spec_perl_TestNavRoot_t" errors="0" failures="0" skipped="0" tests="5" time="0.0470659732818604">
    <system-out>1..5
ok 1 - Equals
ok 2 - Equals
ok 3 - Equals
ok 4 - Equals
ok 5 - Equals
</system-out>
    <testcase name="Equals (415)" classname="spec_perl_TestNavRoot_t" time="0.000396013259887695" />
    <testcase name="Equals (416)" classname="spec_perl_TestNavRoot_t" time="0.000111103057861328" />
    <testcase name="Equals (417)" classname="spec_perl_TestNavRoot_t" time="8.29696655273438e-05" />
    <testcase name="Equals (418)" classname="spec_perl_TestNavRoot_t" time="0.000185012817382812" />
    <testcase name="Equals (419)" classname="spec_perl_TestNavRoot_t" time="0.00014185905456543" />
  </testsuite>
  <testsuite name="spec_perl_TestEofExceptionBytes_t" errors="0" failures="0" skipped="0" tests="1" time="0.0524029731750488">
    <system-out>1..1
ok 1 - Died
</system-out>
    <testcase name="Died (419)" classname="spec_perl_TestEofExceptionBytes_t" time="0.000144004821777344" />
  </testsuite>
  <testsuite name="spec_perl_TestNavParentVsValueInst_t" errors="0" failures="0" skipped="0" tests="1" time="0.0459220409393311">
    <system-out>1..1
ok 1 - Equals
</system-out>
    <testcase name="Equals (420)" classname="spec_perl_TestNavParentVsValueInst_t" time="0.000288009643554688" />
  </testsuite>
  <testsuite name="spec_perl_TestCastNested_t" errors="0" failures="0" skipped="0" tests="4" time="0.0448479652404785">
    <system-out>1..4
ok 1 - Equals
ok 2 - Equals
ok 3 - Equals
ok 4 - Equals
</system-out>
    <testcase name="Equals (421)" classname="spec_perl_TestCastNested_t" time="0.000320911407470703" />
    <testcase name="Equals (422)" classname="spec_perl_TestCastNested_t" time="9.29832458496094e-05" />
    <testcase name="Equals (423)" classname="spec_perl_TestCastNested_t" time="0.000158071517944336" />
    <testcase name="Equals (424)" classname="spec_perl_TestCastNested_t" time="0.000135898590087891" />
  </testsuite>
  <testsuite name="spec_perl_TestValidNotParsedIf_t" errors="1" failures="0" skipped="0" tests="0" time="0.0442237854003906">
    <system-out></system-out>
    <testcase name="Test died too soon, even before plan. (424)" classname="spec_perl_TestValidNotParsedIf_t" time="0.0442237854003906">
      <failure message="The test suite died before a plan was produced. You need to have a plan." type="Plan">No plan</failure>
    </testcase>
  </testsuite>
  <testsuite name="spec_perl_TestEnumNegative_t" errors="0" failures="0" skipped="0" tests="2" time="0.0416219234466553">
    <system-out>1..2
ok 1 - Equals
ok 2 - Equals
</system-out>
    <testcase name="Equals (425)" classname="spec_perl_TestEnumNegative_t" time="0.000235795974731445" />
    <testcase name="Equals (426)" classname="spec_perl_TestEnumNegative_t" time="7.41481781005859e-05" />
  </testsuite>
  <testsuite name="spec_perl_TestEnumToIClassBorder1_t" errors="0" failures="1" skipped="0" tests="3" time="0.0450661182403564">
    <system-out>1..3
ok 1 - Equals
ok 2 - Equals
not ok 3 - test_enum_to_i_class_border_1 died (Can't call method &quot;some_dog&quot; on an undefined value at compiled/perl/EnumToIClassBorder2.pm line 42.)
</system-out>
    <testcase name="Equals (427)" classname="spec_perl_TestEnumToIClassBorder1_t" time="0.000221014022827148" />
    <testcase name="Equals (428)" classname="spec_perl_TestEnumToIClassBorder1_t" time="9.51290130615234e-05" />
    <testcase name="test_enum_to_i_class_border_1 died (Can't call method &quot;some_dog&quot; on an undefined value at compiled/perl/EnumToIClassBorder2.pm line 42.) (428)" classname="spec_perl_TestEnumToIClassBorder1_t" time="0.000236988067626953">
      <failure message="not ok 3 - test_enum_to_i_class_border_1 died (Can't call method &quot;some_dog&quot; on an undefined value at compiled/perl/EnumToIClassBorder2.pm line 42.)" type="TAP::Parser::Result::Test"></failure>
    </testcase>
  </testsuite>
  <testsuite name="spec_perl_TestSwitchManualIntSizeElse_t" errors="0" failures="0" skipped="0" tests="10" time="0.0469069480895996">
    <system-out>1..10
ok 1 - Equals
ok 2 - Equals
ok 3 - Equals
ok 4 - Equals
ok 5 - Equals
ok 6 - Equals
ok 7 - Equals
ok 8 - Equals
ok 9 - Equals
ok 10 - Equals
</system-out>
    <testcase name="Equals (429)" classname="spec_perl_TestSwitchManualIntSizeElse_t" time="0.000604867935180664" />
    <testcase name="Equals (430)" classname="spec_perl_TestSwitchManualIntSizeElse_t" time="0.000113964080810547" />
    <testcase name="Equals (431)" classname="spec_perl_TestSwitchManualIntSizeElse_t" time="7.00950622558594e-05" />
    <testcase name="Equals (432)" classname="spec_perl_TestSwitchManualIntSizeElse_t" time="0.000133037567138672" />
    <testcase name="Equals (433)" classname="spec_perl_TestSwitchManualIntSizeElse_t" time="0.000134944915771484" />
    <testcase name="Equals (434)" classname="spec_perl_TestSwitchManualIntSizeElse_t" time="0.00014805793762207" />
    <testcase name="Equals (435)" classname="spec_perl_TestSwitchManualIntSizeElse_t" time="0.000135898590087891" />
    <testcase name="Equals (436)" classname="spec_perl_TestSwitchManualIntSizeElse_t" time="0.000151157379150391" />
    <testcase name="Equals (437)" classname="spec_perl_TestSwitchManualIntSizeElse_t" time="0.000110864639282227" />
    <testcase name="Equals (438)" classname="spec_perl_TestSwitchManualIntSizeElse_t" time="0.00014495849609375" />
  </testsuite>
  <testsuite name="spec_perl_TestNavParentSwitchCast_t" errors="0" failures="0" skipped="0" tests="3" time="0.0437932014465332">
    <system-out>1..3
ok 1 - Equals
ok 2 - Equals
ok 3 - Equals
</system-out>
    <testcase name="Equals (439)" classname="spec_perl_TestNavParentSwitchCast_t" time="0.000540018081665039" />
    <testcase name="Equals (440)" classname="spec_perl_TestNavParentSwitchCast_t" time="9.48905944824219e-05" />
    <testcase name="Equals (441)" classname="spec_perl_TestNavParentSwitchCast_t" time="0.000116109848022461" />
  </testsuite>
  <testsuite name="spec_perl_TestExprSizeofType0_t" errors="0" failures="0" skipped="0" tests="1" time="0.0413060188293457">
    <system-out>1..1
ok 1 - Equals
</system-out>
    <testcase name="Equals (442)" classname="spec_perl_TestExprSizeofType0_t" time="0.000216007232666016" />
  </testsuite>
  <testsuite name="spec_perl_TestSwitchElseOnly_t" errors="1" failures="0" skipped="0" tests="0" time="0.0420970916748047">
    <system-out></system-out>
    <testcase name="Test died too soon, even before plan. (442)" classname="spec_perl_TestSwitchElseOnly_t" time="0.0420970916748047">
      <failure message="The test suite died before a plan was produced. You need to have a plan." type="Plan">No plan</failure>
    </testcase>
  </testsuite>
  <testsuite name="spec_perl_TestExprEnum_t" errors="0" failures="0" skipped="0" tests="3" time="0.0734939575195312">
    <system-out>1..3
ok 1 - Equals
ok 2 - Equals
ok 3 - Equals
</system-out>
    <testcase name="Equals (443)" classname="spec_perl_TestExprEnum_t" time="0.000201940536499023" />
    <testcase name="Equals (444)" classname="spec_perl_TestExprEnum_t" time="0.000113964080810547" />
    <testcase name="Equals (445)" classname="spec_perl_TestExprEnum_t" time="0.000176906585693359" />
  </testsuite>
  <testsuite name="spec_perl_TestProcessXorConst_t" errors="0" failures="0" skipped="0" tests="2" time="0.0416169166564941">
    <system-out>1..2
ok 1 - Equals
ok 2 - Equals
</system-out>
    <testcase name="Equals (446)" classname="spec_perl_TestProcessXorConst_t" time="0.000248908996582031" />
    <testcase name="Equals (447)" classname="spec_perl_TestProcessXorConst_t" time="7.89165496826172e-05" />
  </testsuite>
  <testsuite name="spec_perl_TestImportsAbs_t" errors="0" failures="0" skipped="0" tests="2" time="0.0435850620269775">
    <system-out>1..2
ok 1 - Equals
ok 2 - Equals
</system-out>
    <testcase name="Equals (448)" classname="spec_perl_TestImportsAbs_t" time="0.000245809555053711" />
    <testcase name="Equals (449)" classname="spec_perl_TestImportsAbs_t" time="8.0108642578125e-05" />
  </testsuite>
  <testsuite name="spec_perl_TestExprBytesOps_t" errors="1" failures="0" skipped="0" tests="0" time="0.0396230220794678">
    <system-out></system-out>
    <testcase name="Test died too soon, even before plan. (449)" classname="spec_perl_TestExprBytesOps_t" time="0.0396230220794678">
      <failure message="The test suite died before a plan was produced. You need to have a plan." type="Plan">No plan</failure>
    </testcase>
  </testsuite>
[...]
  </testsuite>
  <testsuite name="spec_perl_TestSwitchManualInt_t" errors="0" failures="0" skipped="0" tests="9" time="0.0457570552825928">
    <system-out>1..9
ok 1 - Equals
ok 2 - Equals
ok 3 - Equals
ok 4 - Equals
ok 5 - Equals
ok 6 - Equals
ok 7 - Equals
ok 8 - Equals
ok 9 - Equals
</system-out>
    <testcase name="Equals (651)" classname="spec_perl_TestSwitchManualInt_t" time="0.00026702880859375" />
    <testcase name="Equals (652)" classname="spec_perl_TestSwitchManualInt_t" time="7.60555267333984e-05" />
    <testcase name="Equals (653)" classname="spec_perl_TestSwitchManualInt_t" time="0.000140905380249023" />
    <testcase name="Equals (654)" classname="spec_perl_TestSwitchManualInt_t" time="0.000162124633789062" />
    <testcase name="Equals (655)" classname="spec_perl_TestSwitchManualInt_t" time="0.000125885009765625" />
    <testcase name="Equals (656)" classname="spec_perl_TestSwitchManualInt_t" time="0.000145196914672852" />
    <testcase name="Equals (657)" classname="spec_perl_TestSwitchManualInt_t" time="0.000123977661132812" />
    <testcase name="Equals (658)" classname="spec_perl_TestSwitchManualInt_t" time="0.000123977661132812" />
    <testcase name="Equals (659)" classname="spec_perl_TestSwitchManualInt_t" time="0.000130891799926758" />
  </testsuite>
  <testsuite name="spec_perl_TestRepeatNStrzDouble_t" errors="0" failures="0" skipped="0" tests="3" time="0.0453169345855713">
    <system-out>1..3
ok 1 - Equals
ok 2 - Equals
ok 3 - Equals
</system-out>
    <testcase name="Equals (660)" classname="spec_perl_TestRepeatNStrzDouble_t" time="0.000312089920043945" />
    <testcase name="Equals (661)" classname="spec_perl_TestRepeatNStrzDouble_t" time="7.98702239990234e-05" />
    <testcase name="Equals (662)" classname="spec_perl_TestRepeatNStrzDouble_t" time="0.000123023986816406" />
  </testsuite>
  <testsuite name="spec_perl_TestMetaXref_t" errors="0" failures="0" skipped="1" tests="1" time="0.0416409969329834">
    <system-out>1..1
ok 1 # skip MetaXref=HASH(0x153fb40)
</system-out>
    <testcase name="Unnamed test case 662" classname="spec_perl_TestMetaXref_t" time="0.00114107131958008">
      <skipped message="ok 1 # skip MetaXref=HASH(0x153fb40)" />
    </testcase>
  </testsuite>
  <testsuite name="spec_perl_TestExpr0_t" errors="0" failures="0" skipped="0" tests="2" time="0.0414750576019287">
    <system-out>1..2
ok 1 - Equals
ok 2 - Equals
</system-out>
    <testcase name="Equals (663)" classname="spec_perl_TestExpr0_t" time="0.000217914581298828" />
    <testcase name="Equals (664)" classname="spec_perl_TestExpr0_t" time="8.41617584228516e-05" />
  </testsuite>
  <testsuite name="spec_perl_TestStrPadTerm_t" errors="0" failures="0" skipped="0" tests="4" time="0.0467560291290283">
    <system-out>1..4
ok 1 - Equals
ok 2 - Equals
ok 3 - Equals
ok 4 - Equals
</system-out>
    <testcase name="Equals (665)" classname="spec_perl_TestStrPadTerm_t" time="0.000296831130981445" />
    <testcase name="Equals (666)" classname="spec_perl_TestStrPadTerm_t" time="9.10758972167969e-05" />
    <testcase name="Equals (667)" classname="spec_perl_TestStrPadTerm_t" time="7.89165496826172e-05" />
    <testcase name="Equals (668)" classname="spec_perl_TestStrPadTerm_t" time="0.000170230865478516" />
  </testsuite>
  <testsuite name="spec_perl_TestValidSwitch_t" errors="1" failures="0" skipped="0" tests="0" time="0.0438117980957031">
    <system-out></system-out>
    <testcase name="Test died too soon, even before plan. (668)" classname="spec_perl_TestValidSwitch_t" time="0.0438117980957031">
      <failure message="The test suite died before a plan was produced. You need to have a plan." type="Plan">No plan</failure>
    </testcase>
  </testsuite>
  <testsuite name="spec_perl_TestExprSizeofValueSized_t" errors="0" failures="0" skipped="0" tests="5" time="0.041424036026001">
    <system-out>1..5
ok 1 - Equals
ok 2 - Equals
ok 3 - Equals
ok 4 - Equals
ok 5 - Equals
</system-out>
    <testcase name="Equals (669)" classname="spec_perl_TestExprSizeofValueSized_t" time="0.000419855117797852" />
    <testcase name="Equals (670)" classname="spec_perl_TestExprSizeofValueSized_t" time="7.82012939453125e-05" />
    <testcase name="Equals (671)" classname="spec_perl_TestExprSizeofValueSized_t" time="0.000129938125610352" />
    <testcase name="Equals (672)" classname="spec_perl_TestExprSizeofValueSized_t" time="0.000132083892822266" />
    <testcase name="Equals (673)" classname="spec_perl_TestExprSizeofValueSized_t" time="0.000128984451293945" />
  </testsuite>
  <testsuite name="spec_perl_TestIndexToParamUntil_t" errors="0" failures="2" skipped="0" tests="7" time="0.0630309581756592">
    <system-out>1..7
ok 1 - Equals
ok 2 - Equals
ok 3 - Equals
ok 4 - Equals
ok 5 - Equals
not ok 6 - Equals
not ok 7 - Equals
</system-out>
    <testcase name="Equals (674)" classname="spec_perl_TestIndexToParamUntil_t" time="0.000427961349487305" />
    <testcase name="Equals (675)" classname="spec_perl_TestIndexToParamUntil_t" time="0.000455856323242188" />
    <testcase name="Equals (676)" classname="spec_perl_TestIndexToParamUntil_t" time="0.000396013259887695" />
    <testcase name="Equals (677)" classname="spec_perl_TestIndexToParamUntil_t" time="0.000391006469726562" />
    <testcase name="Equals (678)" classname="spec_perl_TestIndexToParamUntil_t" time="0.000360012054443359" />
    <testcase name="Equals (679)" classname="spec_perl_TestIndexToParamUntil_t" time="0.000357151031494141">
      <failure message="not ok 6 - Equals" type="TAP::Parser::Result::Test"></failure>
    </testcase>
    <testcase name="Equals (680)" classname="spec_perl_TestIndexToParamUntil_t" time="0.000879049301147461">
      <failure message="not ok 7 - Equals" type="TAP::Parser::Result::Test"></failure>
    </testcase>
  </testsuite>
  <testsuite name="spec_perl_TestParamsEnum_t" errors="0" failures="1" skipped="0" tests="2" time="0.0658679008483887">
    <system-out>1..2
ok 1 - Equals
not ok 2 - Equals
</system-out>
    <testcase name="Equals (681)" classname="spec_perl_TestParamsEnum_t" time="0.000478982925415039" />
    <testcase name="Equals (682)" classname="spec_perl_TestParamsEnum_t" time="0.000338077545166016">
      <failure message="not ok 2 - Equals" type="TAP::Parser::Result::Test"></failure>
    </testcase>
  </testsuite>
  <testsuite name="spec_perl_TestFloatingPoints_t" errors="0" failures="0" skipped="0" tests="8" time="0.0473940372467041">
    <system-out>1..8
ok 1 - Approx equals
ok 2 - Approx equals
ok 3 - Approx equals
ok 4 - Approx equals
ok 5 - Approx equals
ok 6 - Approx equals
ok 7 - Approx equals
ok 8 - Approx equals
</system-out>
    <testcase name="Approx equals (682)" classname="spec_perl_TestFloatingPoints_t" time="0.000154972076416016" />
    <testcase name="Approx equals (683)" classname="spec_perl_TestFloatingPoints_t" time="6.58035278320312e-05" />
    <testcase name="Approx equals (684)" classname="spec_perl_TestFloatingPoints_t" time="4.60147857666016e-05" />
    <testcase name="Approx equals (685)" classname="spec_perl_TestFloatingPoints_t" time="4.81605529785156e-05" />
    <testcase name="Approx equals (686)" classname="spec_perl_TestFloatingPoints_t" time="5.48362731933594e-05" />
    <testcase name="Approx equals (687)" classname="spec_perl_TestFloatingPoints_t" time="4.10079956054688e-05" />
    <testcase name="Approx equals (688)" classname="spec_perl_TestFloatingPoints_t" time="4.22000885009766e-05" />
    <testcase name="Approx equals (689)" classname="spec_perl_TestFloatingPoints_t" time="6.29425048828125e-05" />
  </testsuite>
  <testsuite name="spec_perl_TestExprIoEof_t" errors="0" failures="0" skipped="0" tests="4" time="0.0434401035308838">
    <system-out>1..4
ok 1 - Equals
ok 2 - nil
ok 3 - Equals
ok 4 - Equals
</system-out>
    <testcase name="Equals (689)" classname="spec_perl_TestExprIoEof_t" time="0.000455856323242188" />
    <testcase name="nil (689)" classname="spec_perl_TestExprIoEof_t" time="8.0108642578125e-05" />
    <testcase name="Equals (690)" classname="spec_perl_TestExprIoEof_t" time="5.69820404052734e-05" />
    <testcase name="Equals (691)" classname="spec_perl_TestExprIoEof_t" time="0.000138998031616211" />
  </testsuite>
  <testsuite name="spec_perl_TestDebugEnumName_t" errors="1" failures="0" skipped="0" tests="0" time="0.0406839847564697">
    <system-out></system-out>
    <testcase name="Test died too soon, even before plan. (691)" classname="spec_perl_TestDebugEnumName_t" time="0.0406839847564697">
      <failure message="The test suite died before a plan was produced. You need to have a plan." type="Plan">No plan</failure>
    </testcase>
  </testsuite>
  <testsuite name="spec_perl_TestCastToTop_t" errors="0" failures="0" skipped="0" tests="3" time="0.0444328784942627">
    <system-out>1..3
ok 1 - Equals
ok 2 - Equals
ok 3 - Equals
</system-out>
    <testcase name="Equals (692)" classname="spec_perl_TestCastToTop_t" time="0.000227212905883789" />
    <testcase name="Equals (693)" classname="spec_perl_TestCastToTop_t" time="0.00013279914855957" />
    <testcase name="Equals (694)" classname="spec_perl_TestCastToTop_t" time="0.000145196914672852" />
  </testsuite>
  <testsuite name="spec_perl_TestJsSignedRightShift_t" errors="0" failures="0" skipped="0" tests="2" time="0.041273832321167">
    <system-out>1..2
ok 1 - Equals
ok 2 - Equals
</system-out>
    <testcase name="Equals (695)" classname="spec_perl_TestJsSignedRightShift_t" time="0.000253915786743164" />
    <testcase name="Equals (696)" classname="spec_perl_TestJsSignedRightShift_t" time="0.000128984451293945" />
  </testsuite>
  <testsuite name="spec_perl_TestFixedStruct_t" errors="1" failures="0" skipped="0" tests="0" time="0.0482931137084961">
    <system-out></system-out>
    <testcase name="Test died too soon, even before plan. (696)" classname="spec_perl_TestFixedStruct_t" time="0.0482931137084961">
      <failure message="The test suite died before a plan was produced. You need to have a plan." type="Plan">No plan</failure>
    </testcase>
  </testsuite>
  <testsuite name="spec_perl_TestExprBits_t" errors="0" failures="0" skipped="0" tests="10" time="0.0461208820343018">
    <system-out>1..10
ok 1 - Equals
ok 2 - Equals
ok 3 - Equals
ok 4 - Equals
ok 5 - Equals
ok 6 - Equals
ok 7 - Equals
ok 8 - Equals
ok 9 - Equals
ok 10 - Equals
</system-out>
    <testcase name="Equals (697)" classname="spec_perl_TestExprBits_t" time="0.000247955322265625" />
    <testcase name="Equals (698)" classname="spec_perl_TestExprBits_t" time="8.60691070556641e-05" />
    <testcase name="Equals (699)" classname="spec_perl_TestExprBits_t" time="0.000143051147460938" />
    <testcase name="Equals (700)" classname="spec_perl_TestExprBits_t" time="0.000121831893920898" />
    <testcase name="Equals (701)" classname="spec_perl_TestExprBits_t" time="0.000137090682983398" />
    <testcase name="Equals (702)" classname="spec_perl_TestExprBits_t" time="0.000123023986816406" />
    <testcase name="Equals (703)" classname="spec_perl_TestExprBits_t" time="0.000123977661132812" />
    <testcase name="Equals (704)" classname="spec_perl_TestExprBits_t" time="0.000138998031616211" />
    <testcase name="Equals (705)" classname="spec_perl_TestExprBits_t" time="0.000117063522338867" />
    <testcase name="Equals (706)" classname="spec_perl_TestExprBits_t" time="0.000174045562744141" />
  </testsuite>
  <testsuite name="spec_perl_TestEnumForUnknownId_t" errors="0" failures="0" skipped="0" tests="1" time="0.0403211116790771">
    <system-out>1..1
ok 1 - Equals
</system-out>
    <testcase name="Equals (707)" classname="spec_perl_TestEnumForUnknownId_t" time="0.000213146209716797" />
  </testsuite>
  <testsuite name="spec_perl_TestPositionToEnd_t" errors="0" failures="0" skipped="0" tests="2" time="0.0413739681243896">
    <system-out>1..2
ok 1 - Equals
ok 2 - Equals
</system-out>
    <testcase name="Equals (708)" classname="spec_perl_TestPositionToEnd_t" time="0.00026702880859375" />
    <testcase name="Equals (709)" classname="spec_perl_TestPositionToEnd_t" time="7.51018524169922e-05" />
  </testsuite>
  <testsuite name="spec_perl_TestIndexToParamExpr_t" errors="0" failures="2" skipped="0" tests="7" time="0.0873889923095703">
    <system-out>1..7
ok 1 - Equals
ok 2 - Equals
ok 3 - Equals
ok 4 - Equals
ok 5 - Equals
not ok 6 - Equals
not ok 7 - Equals
</system-out>
    <testcase name="Equals (710)" classname="spec_perl_TestIndexToParamExpr_t" time="0.000869035720825195" />
    <testcase name="Equals (711)" classname="spec_perl_TestIndexToParamExpr_t" time="0.000283956527709961" />
    <testcase name="Equals (712)" classname="spec_perl_TestIndexToParamExpr_t" time="0.000228166580200195" />
    <testcase name="Equals (713)" classname="spec_perl_TestIndexToParamExpr_t" time="0.000200986862182617" />
    <testcase name="Equals (714)" classname="spec_perl_TestIndexToParamExpr_t" time="0.000211954116821289" />
    <testcase name="Equals (715)" classname="spec_perl_TestIndexToParamExpr_t" time="0.000251054763793945">
      <failure message="not ok 6 - Equals" type="TAP::Parser::Result::Test"></failure>
    </testcase>
    <testcase name="Equals (716)" classname="spec_perl_TestIndexToParamExpr_t" time="0.00067591667175293">
      <failure message="not ok 7 - Equals" type="TAP::Parser::Result::Test"></failure>
    </testcase>
  </testsuite>
  <testsuite name="spec_perl_TestValidLong_t" errors="1" failures="0" skipped="0" tests="0" time="0.039661169052124">
    <system-out></system-out>
    <testcase name="Test died too soon, even before plan. (716)" classname="spec_perl_TestValidLong_t" time="0.039661169052124">
      <failure message="The test suite died before a plan was produced. You need to have a plan." type="Plan">No plan</failure>
    </testcase>
  </testsuite>
  <testsuite name="spec_perl_TestZlibSurrounded_t" errors="0" failures="0" skipped="0" tests="1" time="0.0633618831634521">
    <system-out>1..1
ok 1 - Equals
</system-out>
    <testcase name="Equals (717)" classname="spec_perl_TestZlibSurrounded_t" time="0.000503063201904297" />
  </testsuite>
  <testsuite name="spec_perl_TestExprSizeofValue0_t" errors="0" failures="0" skipped="0" tests="5" time="0.0415160655975342">
    <system-out>1..5
ok 1 - Equals
ok 2 - Equals
ok 3 - Equals
ok 4 - Equals
ok 5 - Equals
</system-out>
    <testcase name="Equals (718)" classname="spec_perl_TestExprSizeofValue0_t" time="0.000252008438110352" />
    <testcase name="Equals (719)" classname="spec_perl_TestExprSizeofValue0_t" time="8.20159912109375e-05" />
    <testcase name="Equals (720)" classname="spec_perl_TestExprSizeofValue0_t" time="0.000135898590087891" />
    <testcase name="Equals (721)" classname="spec_perl_TestExprSizeofValue0_t" time="0.000124216079711914" />
    <testcase name="Equals (722)" classname="spec_perl_TestExprSizeofValue0_t" time="0.000134944915771484" />
  </testsuite>
  <testsuite name="spec_perl_TestEnumOfValueInst_t" errors="0" failures="0" skipped="0" tests="4" time="0.0421149730682373">
    <system-out>1..4
ok 1 - Equals
ok 2 - Equals
ok 3 - Equals
ok 4 - Equals
</system-out>
    <testcase name="Equals (723)" classname="spec_perl_TestEnumOfValueInst_t" time="0.000211954116821289" />
    <testcase name="Equals (724)" classname="spec_perl_TestEnumOfValueInst_t" time="9.60826873779297e-05" />
    <testcase name="Equals (725)" classname="spec_perl_TestEnumOfValueInst_t" time="0.000145912170410156" />
    <testcase name="Equals (726)" classname="spec_perl_TestEnumOfValueInst_t" time="0.000127077102661133" />
  </testsuite>
  <testsuite name="spec_perl_TestDocstringsDocrefMulti_t" errors="0" failures="0" skipped="1" tests="1" time="0.0420029163360596">
    <system-out>1..1
ok 1 # skip DocstringsDocrefMulti=HASH(0x2090430)
</system-out>
    <testcase name="Unnamed test case 726" classname="spec_perl_TestDocstringsDocrefMulti_t" time="0.00113892555236816">
      <skipped message="ok 1 # skip DocstringsDocrefMulti=HASH(0x2090430)" />
    </testcase>
  </testsuite>
  <testsuite name="spec_perl_TestNavParentSwitch_t" errors="0" failures="0" skipped="0" tests="3" time="0.0434041023254395">
    <system-out>1..3
ok 1 - Equals
ok 2 - Equals
ok 3 - Equals
</system-out>
    <testcase name="Equals (727)" classname="spec_perl_TestNavParentSwitch_t" time="0.000237941741943359" />
    <testcase name="Equals (728)" classname="spec_perl_TestNavParentSwitch_t" time="7.60555267333984e-05" />
    <testcase name="Equals (729)" classname="spec_perl_TestNavParentSwitch_t" time="0.000133037567138672" />
  </testsuite>
  <testsuite name="spec_perl_TestRepeatUntilComplex_t" errors="0" failures="0" skipped="0" tests="17" time="0.0444660186767578">
    <system-out>1..17
ok 1 - Equals
ok 2 - Equals
ok 3 - Equals
ok 4 - Equals
ok 5 - Equals
ok 6 - Equals
ok 7 - Equals
ok 8 - Equals
ok 9 - Equals
ok 10 - Equals
ok 11 - Equals
ok 12 - Equals
ok 13 - Equals
ok 14 - Equals
ok 15 - Equals
ok 16 - Equals
ok 17 - Equals
</system-out>
    <testcase name="Equals (730)" classname="spec_perl_TestRepeatUntilComplex_t" time="0.000282049179077148" />
    <testcase name="Equals (731)" classname="spec_perl_TestRepeatUntilComplex_t" time="8.20159912109375e-05" />
    <testcase name="Equals (732)" classname="spec_perl_TestRepeatUntilComplex_t" time="0.00014495849609375" />
    <testcase name="Equals (733)" classname="spec_perl_TestRepeatUntilComplex_t" time="0.000125885009765625" />
    <testcase name="Equals (734)" classname="spec_perl_TestRepeatUntilComplex_t" time="0.000132083892822266" />
    <testcase name="Equals (735)" classname="spec_perl_TestRepeatUntilComplex_t" time="0.000119924545288086" />
    <testcase name="Equals (736)" classname="spec_perl_TestRepeatUntilComplex_t" time="8.60691070556641e-05" />
    <testcase name="Equals (737)" classname="spec_perl_TestRepeatUntilComplex_t" time="0.000146865844726562" />
    <testcase name="Equals (738)" classname="spec_perl_TestRepeatUntilComplex_t" time="0.000121116638183594" />
    <testcase name="Equals (739)" classname="spec_perl_TestRepeatUntilComplex_t" time="0.000143051147460938" />
    <testcase name="Equals (740)" classname="spec_perl_TestRepeatUntilComplex_t" time="0.000143051147460938" />
    <testcase name="Equals (741)" classname="spec_perl_TestRepeatUntilComplex_t" time="0.000117778778076172" />
    <testcase name="Equals (742)" classname="spec_perl_TestRepeatUntilComplex_t" time="0.000145196914672852" />
    <testcase name="Equals (743)" classname="spec_perl_TestRepeatUntilComplex_t" time="0.000119924545288086" />
    <testcase name="Equals (744)" classname="spec_perl_TestRepeatUntilComplex_t" time="0.000130891799926758" />
    <testcase name="Equals (745)" classname="spec_perl_TestRepeatUntilComplex_t" time="7.41481781005859e-05" />
    <testcase name="Equals (746)" classname="spec_perl_TestRepeatUntilComplex_t" time="0.000143051147460938" />
  </testsuite>
  <testsuite name="spec_perl_TestExprSizeofType1_t" errors="0" failures="0" skipped="0" tests="2" time="0.0408058166503906">
    <system-out>1..2
ok 1 - Equals
ok 2 - Equals
</system-out>
    <testcase name="Equals (747)" classname="spec_perl_TestExprSizeofType1_t" time="0.0002288818359375" />
    <testcase name="Equals (748)" classname="spec_perl_TestExprSizeofType1_t" time="9.29832458496094e-05" />
  </testsuite>
  <testsuite name="spec_perl_TestEnumDeep_t" errors="0" failures="0" skipped="0" tests="2" time="0.0418510437011719">
    <system-out>1..2
ok 1 - Equals
ok 2 - Equals
</system-out>
    <testcase name="Equals (749)" classname="spec_perl_TestEnumDeep_t" time="0.00020599365234375" />
    <testcase name="Equals (750)" classname="spec_perl_TestEnumDeep_t" time="8.60691070556641e-05" />
  </testsuite>
  <testsuite name="spec_perl_TestHelloWorld_t" errors="0" failures="0" skipped="0" tests="1" time="0.0427370071411133">
    <system-out>1..1
ok 1 - Equals
</system-out>
    <testcase name="Equals (751)" classname="spec_perl_TestHelloWorld_t" time="0.000188827514648438" />
  </testsuite>
</testsuites>
