<?xml version='1.0' encoding='utf-8'?>
<testsuites>
  <testsuite name="spec_perl_TestDefaultEndianMod_t" errors="0" failures="0" skipped="0" tests="3" time="0.0606849193572998">
    <system-out>1..3
ok 1 - Equals
ok 2 - Equals
ok 3 - Equals
</system-out>
    <testcase name="Equals" classname="spec_perl_TestDefaultEndianMod_t" time="0.000151157379150391" />
    <testcase name="Equals (2)" classname="spec_perl_TestDefaultEndianMod_t" time="7.20024108886719e-05" />
    <testcase name="Equals (3)" classname="spec_perl_TestDefaultEndianMod_t" time="0.000113964080810547" />
  </testsuite>
  <testsuite name="spec_perl_TestBcdUserTypeBe_t" errors="0" failures="0" skipped="0" tests="6" time="0.0726399421691895">
    <system-out>1..6
ok 1 - Equals
ok 2 - Equals
ok 3 - Equals
ok 4 - Equals
ok 5 - Equals
ok 6 - Equals
</system-out>
    <testcase name="Equals (4)" classname="spec_perl_TestBcdUserTypeBe_t" time="0.000452995300292969" />
    <testcase name="Equals (5)" classname="spec_perl_TestBcdUserTypeBe_t" time="8.29696655273438e-05" />
    <testcase name="Equals (6)" classname="spec_perl_TestBcdUserTypeBe_t" time="0.000128984451293945" />
    <testcase name="Equals (7)" classname="spec_perl_TestBcdUserTypeBe_t" time="0.000124216079711914" />
    <testcase name="Equals (8)" classname="spec_perl_TestBcdUserTypeBe_t" time="0.000127792358398438" />
    <testcase name="Equals (9)" classname="spec_perl_TestBcdUserTypeBe_t" time="0.000127077102661133" />
  </testsuite>
  <testsuite name="spec_perl_TestInstanceUserArray_t" errors="0" failures="0" skipped="0" tests="10" time="0.0627651214599609">
    <system-out>1..10
ok 1 - Equals
ok 2 - Equals
ok 3 - Equals
ok 4 - Equals
ok 5 - Equals
ok 6 - Equals
ok 7 - Equals
ok 8 - Equals
ok 9 - Equals
ok 10 - Equals
</system-out>
    <testcase name="Equals (10)" classname="spec_perl_TestInstanceUserArray_t" time="0.000168085098266602" />
    <testcase name="Equals (11)" classname="spec_perl_TestInstanceUserArray_t" time="5.69820404052734e-05" />
    <testcase name="Equals (12)" classname="spec_perl_TestInstanceUserArray_t" time="9.39369201660156e-05" />
    <testcase name="Equals (13)" classname="spec_perl_TestInstanceUserArray_t" time="0.000482082366943359" />
    <testcase name="Equals (14)" classname="spec_perl_TestInstanceUserArray_t" time="0.000126838684082031" />
    <testcase name="Equals (15)" classname="spec_perl_TestInstanceUserArray_t" time="0.000115156173706055" />
    <testcase name="Equals (16)" classname="spec_perl_TestInstanceUserArray_t" time="0.000114917755126953" />
    <testcase name="Equals (17)" classname="spec_perl_TestInstanceUserArray_t" time="0.000103950500488281" />
    <testcase name="Equals (18)" classname="spec_perl_TestInstanceUserArray_t" time="0.000107049942016602" />
    <testcase name="Equals (19)" classname="spec_perl_TestInstanceUserArray_t" time="0.000108003616333008" />
  </testsuite>
  <testsuite name="spec_perl_TestBitsSignedShiftB64Le_t" errors="0" failures="0" skipped="0" tests="2" time="0.0608432292938232">
    <system-out>1..2
ok 1 - Equals
ok 2 - Equals
</system-out>
    <testcase name="Equals (20)" classname="spec_perl_TestBitsSignedShiftB64Le_t" time="0.000147104263305664" />
    <testcase name="Equals (21)" classname="spec_perl_TestBitsSignedShiftB64Le_t" time="5.29289245605469e-05" />
  </testsuite>
  <testsuite name="spec_perl_TestFixedStruct_t" errors="0" failures="0" skipped="0" tests="20" time="0.0640249252319336">
    <system-out>1..20
ok 1 - Equals
ok 2 - Equals
ok 3 - Equals
ok 4 - Equals
ok 5 - Equals
ok 6 - Equals
ok 7 - Equals
ok 8 - Equals
ok 9 - Equals
ok 10 - Equals
ok 11 - Equals
ok 12 - Equals
ok 13 - Equals
ok 14 - Equals
ok 15 - Equals
ok 16 - Equals
ok 17 - Equals
ok 18 - Equals
ok 19 - Equals
ok 20 - Equals
</system-out>
    <testcase name="Equals (22)" classname="spec_perl_TestFixedStruct_t" time="0.000213861465454102" />
    <testcase name="Equals (23)" classname="spec_perl_TestFixedStruct_t" time="7.20024108886719e-05" />
    <testcase name="Equals (24)" classname="spec_perl_TestFixedStruct_t" time="0.000113010406494141" />
    <testcase name="Equals (25)" classname="spec_perl_TestFixedStruct_t" time="0.000109195709228516" />
    <testcase name="Equals (26)" classname="spec_perl_TestFixedStruct_t" time="0.000108957290649414" />
    <testcase name="Equals (27)" classname="spec_perl_TestFixedStruct_t" time="0.000107049942016602" />
    <testcase name="Equals (28)" classname="spec_perl_TestFixedStruct_t" time="0.0001068115234375" />
    <testcase name="Equals (29)" classname="spec_perl_TestFixedStruct_t" time="0.000104188919067383" />
    <testcase name="Equals (30)" classname="spec_perl_TestFixedStruct_t" time="0.000102996826171875" />
    <testcase name="Equals (31)" classname="spec_perl_TestFixedStruct_t" time="0.000103950500488281" />
    <testcase name="Equals (32)" classname="spec_perl_TestFixedStruct_t" time="0.000102043151855469" />
    <testcase name="Equals (33)" classname="spec_perl_TestFixedStruct_t" time="0.000100851058959961" />
    <testcase name="Equals (34)" classname="spec_perl_TestFixedStruct_t" time="0.000102043151855469" />
    <testcase name="Equals (35)" classname="spec_perl_TestFixedStruct_t" time="0.000102043151855469" />
    <testcase name="Equals (36)" classname="spec_perl_TestFixedStruct_t" time="0.000114917755126953" />
    <testcase name="Equals (37)" classname="spec_perl_TestFixedStruct_t" time="0.000100135803222656" />
    <testcase name="Equals (38)" classname="spec_perl_TestFixedStruct_t" time="0.000102996826171875" />
    <testcase name="Equals (39)" classname="spec_perl_TestFixedStruct_t" time="0.000104904174804688" />
    <testcase name="Equals (40)" classname="spec_perl_TestFixedStruct_t" time="9.89437103271484e-05" />
    <testcase name="Equals (41)" classname="spec_perl_TestFixedStruct_t" time="0.000102996826171875" />
  </testsuite>
  <testsuite name="spec_perl_TestExprSizeofValueSized_t" errors="0" failures="0" skipped="0" tests="5" time="0.059945821762085">
    <system-out>1..5
ok 1 - Equals
ok 2 - Equals
ok 3 - Equals
ok 4 - Equals
ok 5 - Equals
</system-out>
    <testcase name="Equals (42)" classname="spec_perl_TestExprSizeofValueSized_t" time="0.000356912612915039" />
    <testcase name="Equals (43)" classname="spec_perl_TestExprSizeofValueSized_t" time="8.60691070556641e-05" />
    <testcase name="Equals (44)" classname="spec_perl_TestExprSizeofValueSized_t" time="0.000110864639282227" />
    <testcase name="Equals (45)" classname="spec_perl_TestExprSizeofValueSized_t" time="0.000106096267700195" />
    <testcase name="Equals (46)" classname="spec_perl_TestExprSizeofValueSized_t" time="0.000107049942016602" />
  </testsuite>
  <testsuite name="spec_perl_TestExprEnum_t" errors="0" failures="0" skipped="0" tests="3" time="0.0597720146179199">
    <system-out>1..3
ok 1 - Equals
ok 2 - Equals
ok 3 - Equals
</system-out>
    <testcase name="Equals (47)" classname="spec_perl_TestExprEnum_t" time="0.000139951705932617" />
    <testcase name="Equals (48)" classname="spec_perl_TestExprEnum_t" time="5.29289245605469e-05" />
    <testcase name="Equals (49)" classname="spec_perl_TestExprEnum_t" time="8.79764556884766e-05" />
  </testsuite>
  <testsuite name="spec_perl_TestFloatToI_t" errors="0" failures="0" skipped="0" tests="8" time="0.0621829032897949">
    <system-out>1..8
ok 1 - Approx equals
ok 2 - Approx equals
ok 3 - Equals
ok 4 - Equals
ok 5 - Equals
ok 6 - Equals
ok 7 - Equals
ok 8 - Equals
</system-out>
    <testcase name="Approx equals (49)" classname="spec_perl_TestFloatToI_t" time="0.000156879425048828" />
    <testcase name="Approx equals (50)" classname="spec_perl_TestFloatToI_t" time="4.50611114501953e-05" />
    <testcase name="Equals (50)" classname="spec_perl_TestFloatToI_t" time="4.41074371337891e-05" />
    <testcase name="Equals (51)" classname="spec_perl_TestFloatToI_t" time="3.98159027099609e-05" />
    <testcase name="Equals (52)" classname="spec_perl_TestFloatToI_t" time="0.000137090682983398" />
    <testcase name="Equals (53)" classname="spec_perl_TestFloatToI_t" time="0.000113010406494141" />
    <testcase name="Equals (54)" classname="spec_perl_TestFloatToI_t" time="0.000104904174804688" />
    <testcase name="Equals (55)" classname="spec_perl_TestFloatToI_t" time="0.000111103057861328" />
  </testsuite>
  <testsuite name="spec_perl_TestDebug0_t" errors="0" failures="0" skipped="1" tests="1" time="0.0602672100067139">
    <system-out>1..1
ok 1 # skip test_debug_0
</system-out>
    <testcase name="Unnamed test case 55" classname="spec_perl_TestDebug0_t" time="0.000164985656738281">
      <skipped message="ok 1 # skip test_debug_0" />
    </testcase>
  </testsuite>
  <testsuite name="spec_perl_TestOptionalId_t" errors="0" failures="0" skipped="0" tests="3" time="0.0608458518981934">
    <system-out>1..3
ok 1 - Equals
ok 2 - Equals
ok 3 - Equals
</system-out>
    <testcase name="Equals (56)" classname="spec_perl_TestOptionalId_t" time="0.000175952911376953" />
    <testcase name="Equals (57)" classname="spec_perl_TestOptionalId_t" time="6.29425048828125e-05" />
    <testcase name="Equals (58)" classname="spec_perl_TestOptionalId_t" time="3.31401824951172e-05" />
  </testsuite>
  <testsuite name="spec_perl_TestEnum1_t" errors="0" failures="0" skipped="0" tests="2" time="0.0608270168304443">
    <system-out>1..2
ok 1 - Equals
ok 2 - Equals
</system-out>
    <testcase name="Equals (59)" classname="spec_perl_TestEnum1_t" time="0.000142097473144531" />
    <testcase name="Equals (60)" classname="spec_perl_TestEnum1_t" time="0.000119924545288086" />
  </testsuite>
  <testsuite name="spec_perl_TestPositionAbs_t" errors="0" failures="0" skipped="0" tests="2" time="0.0641720294952393">
    <system-out>1..2
ok 1 - Equals
ok 2 - Equals
</system-out>
    <testcase name="Equals (61)" classname="spec_perl_TestPositionAbs_t" time="0.000158071517944336" />
    <testcase name="Equals (62)" classname="spec_perl_TestPositionAbs_t" time="0.000139951705932617" />
  </testsuite>
  <testsuite name="spec_perl_TestNestedTypeParam_t" errors="0" failures="2" skipped="0" tests="2" time="0.0665218830108643">
    <system-out>1..2
not ok 1 - Equals
not ok 2 - Equals
</system-out>
    <testcase name="Equals (63)" classname="spec_perl_TestNestedTypeParam_t" time="0.000164985656738281">
      <failure message="not ok 1 - Equals" type="TAP::Parser::Result::Test"></failure>
    </testcase>
    <testcase name="Equals (64)" classname="spec_perl_TestNestedTypeParam_t" time="0.000838994979858398">
      <failure message="not ok 2 - Equals" type="TAP::Parser::Result::Test"></failure>
    </testcase>
  </testsuite>
  <testsuite name="spec_perl_TestProcessXorValue_t" errors="0" failures="0" skipped="0" tests="2" time="0.0600860118865967">
    <system-out>1..2
ok 1 - Equals
ok 2 - Equals
</system-out>
    <testcase name="Equals (65)" classname="spec_perl_TestProcessXorValue_t" time="0.000185012817382812" />
    <testcase name="Equals (66)" classname="spec_perl_TestProcessXorValue_t" time="7.91549682617188e-05" />
  </testsuite>
  <testsuite name="spec_perl_TestEnumOfValueInst_t" errors="0" failures="0" skipped="0" tests="4" time="0.0619900226593018">
    <system-out>1..4
ok 1 - Equals
ok 2 - Equals
ok 3 - Equals
ok 4 - Equals
</system-out>
    <testcase name="Equals (67)" classname="spec_perl_TestEnumOfValueInst_t" time="0.000151872634887695" />
    <testcase name="Equals (68)" classname="spec_perl_TestEnumOfValueInst_t" time="5.22136688232422e-05" />
    <testcase name="Equals (69)" classname="spec_perl_TestEnumOfValueInst_t" time="0.000125885009765625" />
    <testcase name="Equals (70)" classname="spec_perl_TestEnumOfValueInst_t" time="0.000108003616333008" />
  </testsuite>
  <testsuite name="spec_perl_TestExprMod_t" errors="0" failures="0" skipped="0" tests="6" time="0.0619559288024902">
    <system-out>1..6
ok 1 - Equals
ok 2 - Equals
ok 3 - Equals
ok 4 - Equals
ok 5 - Equals
ok 6 - Equals
</system-out>
    <testcase name="Equals (71)" classname="spec_perl_TestExprMod_t" time="0.000163078308105469" />
    <testcase name="Equals (72)" classname="spec_perl_TestExprMod_t" time="6.00814819335938e-05" />
    <testcase name="Equals (73)" classname="spec_perl_TestExprMod_t" time="4.69684600830078e-05" />
    <testcase name="Equals (74)" classname="spec_perl_TestExprMod_t" time="8.392333984375e-05" />
    <testcase name="Equals (75)" classname="spec_perl_TestExprMod_t" time="0.000106096267700195" />
    <testcase name="Equals (76)" classname="spec_perl_TestExprMod_t" time="0.0001068115234375" />
  </testsuite>
  <testsuite name="spec_perl_TestEofExceptionBytes_t" errors="0" failures="0" skipped="0" tests="1" time="0.0611469745635986">
    <system-out>1..1
ok 1 - threw /^Requested \d+ bytes, but only \d+ bytes available/
</system-out>
    <testcase name="threw /^Requested \d+ bytes, but only \d+ bytes available/ (76)" classname="spec_perl_TestEofExceptionBytes_t" time="0.000179767608642578" />
  </testsuite>
  <testsuite name="spec_perl_TestEnumDeepLiterals_t" errors="0" failures="0" skipped="0" tests="2" time="0.0604488849639893">
    <system-out>1..2
ok 1 - Equals
ok 2 - Equals
</system-out>
    <testcase name="Equals (77)" classname="spec_perl_TestEnumDeepLiterals_t" time="0.00014185905456543" />
    <testcase name="Equals (78)" classname="spec_perl_TestEnumDeepLiterals_t" time="5.10215759277344e-05" />
  </testsuite>
  <testsuite name="spec_perl_TestEnumImport_t" errors="0" failures="2" skipped="0" tests="2" time="0.0646770000457764">
    <system-out>1..2
not ok 1 - Equals
not ok 2 - Equals
</system-out>
    <testcase name="Equals (79)" classname="spec_perl_TestEnumImport_t" time="0.00014185905456543">
      <failure message="not ok 1 - Equals" type="TAP::Parser::Result::Test"></failure>
    </testcase>
    <testcase name="Equals (80)" classname="spec_perl_TestEnumImport_t" time="0.00325202941894531">
      <failure message="not ok 2 - Equals" type="TAP::Parser::Result::Test"></failure>
    </testcase>
  </testsuite>
  <testsuite name="spec_perl_TestBitsSignedResB32Be_t" errors="0" failures="0" skipped="0" tests="1" time="0.0597579479217529">
    <system-out>1..1
ok 1 - Equals
</system-out>
    <testcase name="Equals (81)" classname="spec_perl_TestBitsSignedResB32Be_t" time="0.000149011611938477" />
  </testsuite>
  <testsuite name="spec_perl_TestNestedTypes2_t" errors="0" failures="0" skipped="0" tests="7" time="0.0613100528717041">
    <system-out>1..7
ok 1 - Equals
ok 2 - Equals
ok 3 - Equals
ok 4 - Equals
ok 5 - Equals
ok 6 - Equals
ok 7 - Equals
</system-out>
    <testcase name="Equals (82)" classname="spec_perl_TestNestedTypes2_t" time="0.000149965286254883" />
    <testcase name="Equals (83)" classname="spec_perl_TestNestedTypes2_t" time="5.81741333007812e-05" />
    <testcase name="Equals (84)" classname="spec_perl_TestNestedTypes2_t" time="0.000103950500488281" />
    <testcase name="Equals (85)" classname="spec_perl_TestNestedTypes2_t" time="0.00010991096496582" />
    <testcase name="Equals (86)" classname="spec_perl_TestNestedTypes2_t" time="0.000107049942016602" />
    <testcase name="Equals (87)" classname="spec_perl_TestNestedTypes2_t" time="0.000103950500488281" />
    <testcase name="Equals (88)" classname="spec_perl_TestNestedTypes2_t" time="0.000105142593383789" />
  </testsuite>
  <testsuite name="spec_perl_TestNestedSameName2_t" errors="0" failures="0" skipped="0" tests="5" time="0.0619008541107178">
    <system-out>1..5
ok 1 - Equals
ok 2 - Equals
ok 3 - Equals
ok 4 - Equals
ok 5 - Equals
</system-out>
    <testcase name="Equals (89)" classname="spec_perl_TestNestedSameName2_t" time="0.000153064727783203" />
    <testcase name="Equals (90)" classname="spec_perl_TestNestedSameName2_t" time="5.88893890380859e-05" />
    <testcase name="Equals (91)" classname="spec_perl_TestNestedSameName2_t" time="9.60826873779297e-05" />
    <testcase name="Equals (92)" classname="spec_perl_TestNestedSameName2_t" time="9.98973846435547e-05" />
    <testcase name="Equals (93)" classname="spec_perl_TestNestedSameName2_t" time="0.000118017196655273" />
  </testsuite>
  <testsuite name="spec_perl_TestIfValues_t" errors="0" failures="0" skipped="0" tests="6" time="0.0603740215301514">
    <system-out>1..6
ok 1 - Equals
ok 2 - Equals
ok 3 - Equals
ok 4 - nil
ok 5 - Equals
ok 6 - nil
</system-out>
    <testcase name="Equals (94)" classname="spec_perl_TestIfValues_t" time="0.000154018402099609" />
    <testcase name="Equals (95)" classname="spec_perl_TestIfValues_t" time="6.103515625e-05" />
    <testcase name="Equals (96)" classname="spec_perl_TestIfValues_t" time="8.67843627929688e-05" />
    <testcase name="nil (96)" classname="spec_perl_TestIfValues_t" time="4.22000885009766e-05" />
    <testcase name="Equals (97)" classname="spec_perl_TestIfValues_t" time="0.0001068115234375" />
    <testcase name="nil (97)" classname="spec_perl_TestIfValues_t" time="5.00679016113281e-05" />
  </testsuite>
  <testsuite name="spec_perl_TestRecursiveOne_t" errors="0" failures="0" skipped="0" tests="4" time="0.0614120960235596">
    <system-out>1..4
ok 1 - Equals
ok 2 - Equals
ok 3 - Equals
ok 4 - Equals
</system-out>
    <testcase name="Equals (98)" classname="spec_perl_TestRecursiveOne_t" time="0.000164985656738281" />
    <testcase name="Equals (99)" classname="spec_perl_TestRecursiveOne_t" time="5.98430633544922e-05" />
    <testcase name="Equals (100)" classname="spec_perl_TestRecursiveOne_t" time="4.22000885009766e-05" />
    <testcase name="Equals (101)" classname="spec_perl_TestRecursiveOne_t" time="0.000108003616333008" />
  </testsuite>
  <testsuite name="spec_perl_TestIntegersDoubleOverflow_t" errors="0" failures="0" skipped="0" tests="8" time="0.0613360404968262">
    <system-out>1..8
ok 1 - Equals
ok 2 - Equals
ok 3 - Equals
ok 4 - Equals
ok 5 - Equals
ok 6 - Equals
ok 7 - Equals
ok 8 - Equals
</system-out>
    <testcase name="Equals (102)" classname="spec_perl_TestIntegersDoubleOverflow_t" time="0.000161886215209961" />
    <testcase name="Equals (103)" classname="spec_perl_TestIntegersDoubleOverflow_t" time="6.60419464111328e-05" />
    <testcase name="Equals (104)" classname="spec_perl_TestIntegersDoubleOverflow_t" time="4.60147857666016e-05" />
    <testcase name="Equals (105)" classname="spec_perl_TestIntegersDoubleOverflow_t" time="8.58306884765625e-05" />
    <testcase name="Equals (106)" classname="spec_perl_TestIntegersDoubleOverflow_t" time="0.000102043151855469" />
    <testcase name="Equals (107)" classname="spec_perl_TestIntegersDoubleOverflow_t" time="0.000105142593383789" />
    <testcase name="Equals (108)" classname="spec_perl_TestIntegersDoubleOverflow_t" time="0.000110864639282227" />
    <testcase name="Equals (109)" classname="spec_perl_TestIntegersDoubleOverflow_t" time="0.000110149383544922" />
  </testsuite>
  <testsuite name="spec_perl_TestImportsAbs_t" errors="0" failures="0" skipped="0" tests="2" time="0.0615720748901367">
    <system-out>1..2
ok 1 - Equals
ok 2 - Equals
</system-out>
    <testcase name="Equals (110)" classname="spec_perl_TestImportsAbs_t" time="0.000150203704833984" />
    <testcase name="Equals (111)" classname="spec_perl_TestImportsAbs_t" time="6.69956207275391e-05" />
  </testsuite>
  <testsuite name="spec_perl_TestRepeatEosU4_t" errors="0" failures="0" skipped="0" tests="1" time="0.0594038963317871">
    <system-out>1..1
ok 1 - Equals
</system-out>
    <testcase name="Equals (112)" classname="spec_perl_TestRepeatEosU4_t" time="0.000132083892822266" />
  </testsuite>
  <testsuite name="spec_perl_TestExpr2_t" errors="0" failures="0" skipped="0" tests="17" time="0.0664920806884766">
    <system-out>1..17
ok 1 - Equals
ok 2 - Equals
ok 3 - Equals
ok 4 - Equals
ok 5 - Equals
ok 6 - Equals
ok 7 - Equals
ok 8 - Equals
ok 9 - Equals
ok 10 - Equals
ok 11 - Equals
ok 12 - Equals
ok 13 - Equals
ok 14 - Equals
ok 15 - Equals
ok 16 - Equals
ok 17 - Equals
</system-out>
    <testcase name="Equals (113)" classname="spec_perl_TestExpr2_t" time="0.000440835952758789" />
    <testcase name="Equals (114)" classname="spec_perl_TestExpr2_t" time="8.70227813720703e-05" />
    <testcase name="Equals (115)" classname="spec_perl_TestExpr2_t" time="0.000112056732177734" />
    <testcase name="Equals (116)" classname="spec_perl_TestExpr2_t" time="0.000114917755126953" />
    <testcase name="Equals (117)" classname="spec_perl_TestExpr2_t" time="0.000112056732177734" />
    <testcase name="Equals (118)" classname="spec_perl_TestExpr2_t" time="0.000121116638183594" />
    <testcase name="Equals (119)" classname="spec_perl_TestExpr2_t" time="0.000111818313598633" />
    <testcase name="Equals (120)" classname="spec_perl_TestExpr2_t" time="0.000138998031616211" />
    <testcase name="Equals (121)" classname="spec_perl_TestExpr2_t" time="0.000133037567138672" />
    <testcase name="Equals (122)" classname="spec_perl_TestExpr2_t" time="0.000108003616333008" />
    <testcase name="Equals (123)" classname="spec_perl_TestExpr2_t" time="0.000110149383544922" />
    <testcase name="Equals (124)" classname="spec_perl_TestExpr2_t" time="0.000103950500488281" />
    <testcase name="Equals (125)" classname="spec_perl_TestExpr2_t" time="0.000112056732177734" />
    <testcase name="Equals (126)" classname="spec_perl_TestExpr2_t" time="0.000124931335449219" />
    <testcase name="Equals (127)" classname="spec_perl_TestExpr2_t" time="0.000110864639282227" />
    <testcase name="Equals (128)" classname="spec_perl_TestExpr2_t" time="0.000113010406494141" />
    <testcase name="Equals (129)" classname="spec_perl_TestExpr2_t" time="0.000108003616333008" />
  </testsuite>
  <testsuite name="spec_perl_TestBitsSignedResB32Le_t" errors="0" failures="0" skipped="0" tests="1" time="0.0594408512115479">
    <system-out>1..1
ok 1 - Equals
</system-out>
    <testcase name="Equals (130)" classname="spec_perl_TestBitsSignedResB32Le_t" time="0.000136137008666992" />
  </testsuite>
  <testsuite name="spec_perl_TestIoLocalVar_t" errors="0" failures="0" skipped="0" tests="2" time="0.0597867965698242">
    <system-out>1..2
ok 1 - Equals
ok 2 - Equals
</system-out>
    <testcase name="Equals (131)" classname="spec_perl_TestIoLocalVar_t" time="0.000375986099243164" />
    <testcase name="Equals (132)" classname="spec_perl_TestIoLocalVar_t" time="8.10623168945312e-05" />
  </testsuite>
  <testsuite name="spec_perl_TestEnumLongRangeU_t" errors="0" failures="0" skipped="0" tests="4" time="0.0600309371948242">
    <system-out>1..4
ok 1 - Equals
ok 2 - Equals
ok 3 - Equals
ok 4 - Equals
</system-out>
    <testcase name="Equals (133)" classname="spec_perl_TestEnumLongRangeU_t" time="0.000150918960571289" />
    <testcase name="Equals (134)" classname="spec_perl_TestEnumLongRangeU_t" time="6.19888305664062e-05" />
    <testcase name="Equals (135)" classname="spec_perl_TestEnumLongRangeU_t" time="8.79764556884766e-05" />
    <testcase name="Equals (136)" classname="spec_perl_TestEnumLongRangeU_t" time="0.000113010406494141" />
  </testsuite>
  <testsuite name="spec_perl_TestStrPadTerm_t" errors="0" failures="0" skipped="0" tests="4" time="0.063621997833252">
    <system-out>1..4
ok 1 - Equals
ok 2 - Equals
ok 3 - Equals
ok 4 - Equals
</system-out>
    <testcase name="Equals (137)" classname="spec_perl_TestStrPadTerm_t" time="0.00025486946105957" />
    <testcase name="Equals (138)" classname="spec_perl_TestStrPadTerm_t" time="8.60691070556641e-05" />
    <testcase name="Equals (139)" classname="spec_perl_TestStrPadTerm_t" time="0.000108957290649414" />
    <testcase name="Equals (140)" classname="spec_perl_TestStrPadTerm_t" time="0.000110149383544922" />
  </testsuite>
  <testsuite name="spec_perl_TestSwitchManualEnumInvalidElse_t" errors="0" failures="0" skipped="0" tests="5" time="0.0659010410308838">
    <system-out>1..5
ok 1 - Equals
ok 2 - Equals
ok 3 - Equals
ok 4 - Equals
ok 5 - Equals
</system-out>
    <testcase name="Equals (141)" classname="spec_perl_TestSwitchManualEnumInvalidElse_t" time="0.000167131423950195" />
    <testcase name="Equals (142)" classname="spec_perl_TestSwitchManualEnumInvalidElse_t" time="5.88893890380859e-05" />
    <testcase name="Equals (143)" classname="spec_perl_TestSwitchManualEnumInvalidElse_t" time="6.79492950439453e-05" />
    <testcase name="Equals (144)" classname="spec_perl_TestSwitchManualEnumInvalidElse_t" time="0.000112056732177734" />
    <testcase name="Equals (145)" classname="spec_perl_TestSwitchManualEnumInvalidElse_t" time="0.000110149383544922" />
  </testsuite>
  <testsuite name="spec_perl_TestIfStruct_t" errors="0" failures="0" skipped="0" tests="7" time="0.0650010108947754">
    <system-out>1..7
ok 1 - Equals
ok 2 - Equals
ok 3 - Equals
ok 4 - Equals
ok 5 - Equals
ok 6 - Equals
ok 7 - Equals
</system-out>
    <testcase name="Equals (146)" classname="spec_perl_TestIfStruct_t" time="0.000280857086181641" />
    <testcase name="Equals (147)" classname="spec_perl_TestIfStruct_t" time="5.91278076171875e-05" />
    <testcase name="Equals (148)" classname="spec_perl_TestIfStruct_t" time="0.000128030776977539" />
    <testcase name="Equals (149)" classname="spec_perl_TestIfStruct_t" time="9.39369201660156e-05" />
    <testcase name="Equals (150)" classname="spec_perl_TestIfStruct_t" time="0.000105857849121094" />
    <testcase name="Equals (151)" classname="spec_perl_TestIfStruct_t" time="0.000109195709228516" />
    <testcase name="Equals (152)" classname="spec_perl_TestIfStruct_t" time="0.000102996826171875" />
  </testsuite>
  <testsuite name="spec_perl_TestProcessCustom_t" errors="1" failures="0" skipped="0" tests="0" time="0.0584449768066406">
    <system-out></system-out>
    <testcase name="Test died too soon, even before plan. (152)" classname="spec_perl_TestProcessCustom_t" time="0.0584449768066406">
      <failure message="The test suite died before a plan was produced. You need to have a plan." type="Plan">No plan</failure>
    </testcase>
  </testsuite>
  <testsuite name="spec_perl_TestBitsShiftByB32Le_t" errors="0" failures="0" skipped="0" tests="2" time="0.0617349147796631">
    <system-out>1..2
ok 1 - Equals
ok 2 - Equals
</system-out>
    <testcase name="Equals (153)" classname="spec_perl_TestBitsShiftByB32Le_t" time="0.000490903854370117" />
    <testcase name="Equals (154)" classname="spec_perl_TestBitsShiftByB32Le_t" time="0.000274181365966797" />
  </testsuite>
  <testsuite name="spec_perl_TestBitsUnalignedB32Be_t" errors="0" failures="0" skipped="0" tests="3" time="0.061229944229126">
    <system-out>1..3
ok 1 - Equals
ok 2 - Equals
ok 3 - Equals
</system-out>
    <testcase name="Equals (155)" classname="spec_perl_TestBitsUnalignedB32Be_t" time="0.000139951705932617" />
    <testcase name="Equals (156)" classname="spec_perl_TestBitsUnalignedB32Be_t" time="9.20295715332031e-05" />
    <testcase name="Equals (157)" classname="spec_perl_TestBitsUnalignedB32Be_t" time="0.000138998031616211" />
  </testsuite>
  <testsuite name="spec_perl_TestRepeatUntilCalcArrayType_t" errors="0" failures="0" skipped="0" tests="7" time="0.0606968402862549">
    <system-out>1..7
ok 1 - Equals
ok 2 - Equals
ok 3 - Equals
ok 4 - Equals
ok 5 - Equals
ok 6 - Equals
ok 7 - Equals
</system-out>
    <testcase name="Equals (158)" classname="spec_perl_TestRepeatUntilCalcArrayType_t" time="0.00041508674621582" />
    <testcase name="Equals (159)" classname="spec_perl_TestRepeatUntilCalcArrayType_t" time="8.29696655273438e-05" />
    <testcase name="Equals (160)" classname="spec_perl_TestRepeatUntilCalcArrayType_t" time="0.00010991096496582" />
    <testcase name="Equals (161)" classname="spec_perl_TestRepeatUntilCalcArrayType_t" time="0.000117063522338867" />
    <testcase name="Equals (162)" classname="spec_perl_TestRepeatUntilCalcArrayType_t" time="0.000108003616333008" />
    <testcase name="Equals (163)" classname="spec_perl_TestRepeatUntilCalcArrayType_t" time="0.000104904174804688" />
    <testcase name="Equals (164)" classname="spec_perl_TestRepeatUntilCalcArrayType_t" time="0.000108957290649414" />
  </testsuite>
  <testsuite name="spec_perl_TestNavParentOverride_t" errors="0" failures="0" skipped="0" tests="3" time="0.0615627765655518">
    <system-out>1..3
ok 1 - Equals
ok 2 - Equals
ok 3 - Equals
</system-out>
    <testcase name="Equals (165)" classname="spec_perl_TestNavParentOverride_t" time="0.0001678466796875" />
    <testcase name="Equals (166)" classname="spec_perl_TestNavParentOverride_t" time="6.19888305664062e-05" />
    <testcase name="Equals (167)" classname="spec_perl_TestNavParentOverride_t" time="4.31537628173828e-05" />
  </testsuite>
  <testsuite name="spec_perl_TestImportsCircularA_t" errors="0" failures="0" skipped="0" tests="5" time="0.0599617958068848">
    <system-out>1..5
ok 1 - Equals
ok 2 - Equals
ok 3 - Equals
ok 4 - Equals
ok 5 - nil
</system-out>
    <testcase name="Equals (168)" classname="spec_perl_TestImportsCircularA_t" time="0.000127792358398438" />
    <testcase name="Equals (169)" classname="spec_perl_TestImportsCircularA_t" time="0.000124216079711914" />
    <testcase name="Equals (170)" classname="spec_perl_TestImportsCircularA_t" time="0.000100851058959961" />
    <testcase name="Equals (171)" classname="spec_perl_TestImportsCircularA_t" time="0.000113010406494141" />
    <testcase name="nil (171)" classname="spec_perl_TestImportsCircularA_t" time="3.69548797607422e-05" />
  </testsuite>
  <testsuite name="spec_perl_TestStrEncodings_t" errors="0" failures="0" skipped="0" tests="4" time="0.0675580501556396">
    <system-out>1..4
ok 1 - Equals
ok 2 - Equals
ok 3 - Equals
ok 4 - Equals
</system-out>
    <testcase name="Equals (172)" classname="spec_perl_TestStrEncodings_t" time="0.00380301475524902" />
    <testcase name="Equals (173)" classname="spec_perl_TestStrEncodings_t" time="7.60555267333984e-05" />
    <testcase name="Equals (174)" classname="spec_perl_TestStrEncodings_t" time="4.50611114501953e-05" />
    <testcase name="Equals (175)" classname="spec_perl_TestStrEncodings_t" time="0.000108957290649414" />
  </testsuite>
  <testsuite name="spec_perl_TestIfInstances_t" errors="0" failures="0" skipped="0" tests="1" time="0.0602657794952393">
    <system-out>1..1
ok 1 - nil
</system-out>
    <testcase name="nil (175)" classname="spec_perl_TestIfInstances_t" time="0.000144004821777344" />
  </testsuite>
  <testsuite name="spec_perl_TestSwitchManualEnumInvalid_t" errors="0" failures="0" skipped="0" tests="5" time="0.0648829936981201">
    <system-out>1..5
ok 1 - Equals
ok 2 - Equals
ok 3 - nil
ok 4 - Equals
ok 5 - nil
</system-out>
    <testcase name="Equals (176)" classname="spec_perl_TestSwitchManualEnumInvalid_t" time="0.000171899795532227" />
    <testcase name="Equals (177)" classname="spec_perl_TestSwitchManualEnumInvalid_t" time="5.50746917724609e-05" />
    <testcase name="nil (177)" classname="spec_perl_TestSwitchManualEnumInvalid_t" time="5.48362731933594e-05" />
    <testcase name="Equals (178)" classname="spec_perl_TestSwitchManualEnumInvalid_t" time="0.000113010406494141" />
    <testcase name="nil (178)" classname="spec_perl_TestSwitchManualEnumInvalid_t" time="4.00543212890625e-05" />
  </testsuite>
  <testsuite name="spec_perl_TestBufferedStruct_t" errors="0" failures="0" skipped="0" tests="7" time="0.0611529350280762">
    <system-out>1..7
ok 1 - Equals
ok 2 - Equals
ok 3 - Equals
ok 4 - Equals
ok 5 - Equals
ok 6 - Equals
ok 7 - Equals
</system-out>
    <testcase name="Equals (179)" classname="spec_perl_TestBufferedStruct_t" time="0.000388145446777344" />
    <testcase name="Equals (180)" classname="spec_perl_TestBufferedStruct_t" time="8.89301300048828e-05" />
    <testcase name="Equals (181)" classname="spec_perl_TestBufferedStruct_t" time="0.000108003616333008" />
    <testcase name="Equals (182)" classname="spec_perl_TestBufferedStruct_t" time="0.000111103057861328" />
    <testcase name="Equals (183)" classname="spec_perl_TestBufferedStruct_t" time="0.000108957290649414" />
    <testcase name="Equals (184)" classname="spec_perl_TestBufferedStruct_t" time="0.000107049942016602" />
    <testcase name="Equals (185)" classname="spec_perl_TestBufferedStruct_t" time="0.000114917755126953" />
  </testsuite>
  <testsuite name="spec_perl_TestParamsPassArrayInt_t" errors="0" failures="1" skipped="6" tests="7" time="0.061406135559082">
    <system-out>1..7
not ok 1 - test_params_pass_array_int died (Can't use an undefined value as an ARRAY reference at spec/perl/TestParamsPassArrayInt.t line 14.)
ok 2 # skip test_params_pass_array_int died
ok 3 # skip test_params_pass_array_int died
ok 4 # skip test_params_pass_array_int died
ok 5 # skip test_params_pass_array_int died
ok 6 # skip test_params_pass_array_int died
ok 7 # skip test_params_pass_array_int died
</system-out>
    <testcase name="test_params_pass_array_int died (Can't use an undefined value as an ARRAY reference at spec/perl/TestParamsPassArrayInt.t line 14.) (185)" classname="spec_perl_TestParamsPassArrayInt_t" time="0.000218868255615234">
      <failure message="not ok 1 - test_params_pass_array_int died (Can't use an undefined value as an ARRAY reference at spec/perl/TestParamsPassArrayInt.t line 14.)" type="TAP::Parser::Result::Test"></failure>
    </testcase>
    <testcase name="Unnamed test case 185" classname="spec_perl_TestParamsPassArrayInt_t" time="0.00132107734680176">
      <skipped message="ok 2 # skip test_params_pass_array_int died" />
    </testcase>
    <testcase name="Unnamed test case 186" classname="spec_perl_TestParamsPassArrayInt_t" time="6.50882720947266e-05">
      <skipped message="ok 3 # skip test_params_pass_array_int died" />
    </testcase>
    <testcase name="Unnamed test case 187" classname="spec_perl_TestParamsPassArrayInt_t" time="3.79085540771484e-05">
      <skipped message="ok 4 # skip test_params_pass_array_int died" />
    </testcase>
    <testcase name="Unnamed test case 188" classname="spec_perl_TestParamsPassArrayInt_t" time="3.60012054443359e-05">
      <skipped message="ok 5 # skip test_params_pass_array_int died" />
    </testcase>
    <testcase name="Unnamed test case 189" classname="spec_perl_TestParamsPassArrayInt_t" time="3.40938568115234e-05">
      <skipped message="ok 6 # skip test_params_pass_array_int died" />
    </testcase>
    <testcase name="Unnamed test case 190" classname="spec_perl_TestParamsPassArrayInt_t" time="4.29153442382812e-05">
      <skipped message="ok 7 # skip test_params_pass_array_int died" />
    </testcase>
  </testsuite>
  <testsuite name="spec_perl_TestInstanceIoUser_t" errors="0" failures="0" skipped="0" tests="4" time="0.06538987159729">
    <system-out>1..4
ok 1 - Equals
ok 2 - Equals
ok 3 - Equals
ok 4 - Equals
</system-out>
    <testcase name="Equals (190)" classname="spec_perl_TestInstanceIoUser_t" time="0.000465154647827148" />
    <testcase name="Equals (191)" classname="spec_perl_TestInstanceIoUser_t" time="9.79900360107422e-05" />
    <testcase name="Equals (192)" classname="spec_perl_TestInstanceIoUser_t" time="0.000126838684082031" />
    <testcase name="Equals (193)" classname="spec_perl_TestInstanceIoUser_t" time="0.000136137008666992" />
  </testsuite>
  <testsuite name="spec_perl_TestToStringCustom_t" errors="0" failures="0" skipped="0" tests="1" time="0.0645370483398438">
    <system-out>1..1
ok 1 - Equals
</system-out>
    <testcase name="Equals (194)" classname="spec_perl_TestToStringCustom_t" time="0.000188827514648438" />
  </testsuite>
  <testsuite name="spec_perl_TestExprBytesCmp_t" errors="0" failures="0" skipped="0" tests="10" time="0.0613830089569092">
    <system-out>1..10
ok 1 - Equals
ok 2 - Equals
ok 3 - Equals
ok 4 - Equals
ok 5 - Equals
ok 6 - Equals
ok 7 - Equals
ok 8 - Equals
ok 9 - Equals
ok 10 - Equals
</system-out>
    <testcase name="Equals (195)" classname="spec_perl_TestExprBytesCmp_t" time="0.000153064727783203" />
    <testcase name="Equals (196)" classname="spec_perl_TestExprBytesCmp_t" time="5.41210174560547e-05" />
    <testcase name="Equals (197)" classname="spec_perl_TestExprBytesCmp_t" time="8.79764556884766e-05" />
    <testcase name="Equals (198)" classname="spec_perl_TestExprBytesCmp_t" time="9.58442687988281e-05" />
    <testcase name="Equals (199)" classname="spec_perl_TestExprBytesCmp_t" time="9.60826873779297e-05" />
    <testcase name="Equals (200)" classname="spec_perl_TestExprBytesCmp_t" time="9.70363616943359e-05" />
    <testcase name="Equals (201)" classname="spec_perl_TestExprBytesCmp_t" time="9.29832458496094e-05" />
    <testcase name="Equals (202)" classname="spec_perl_TestExprBytesCmp_t" time="9.20295715332031e-05" />
    <testcase name="Equals (203)" classname="spec_perl_TestExprBytesCmp_t" time="9.20295715332031e-05" />
    <testcase name="Equals (204)" classname="spec_perl_TestExprBytesCmp_t" time="0.000103950500488281" />
  </testsuite>
  <testsuite name="spec_perl_TestParamsPassArrayUsertype_t" errors="0" failures="1" skipped="4" tests="5" time="0.0632410049438477">
    <system-out>1..5
not ok 1 - test_params_pass_array_usertype died (Can't use an undefined value as an ARRAY reference at compiled/perl/ParamsPassArrayUsertype.pm line 123.)
ok 2 # skip test_params_pass_array_usertype died
ok 3 # skip test_params_pass_array_usertype died
ok 4 # skip test_params_pass_array_usertype died
ok 5 # skip test_params_pass_array_usertype died
</system-out>
    <testcase name="test_params_pass_array_usertype died (Can't use an undefined value as an ARRAY reference at compiled/perl/ParamsPassArrayUsertype.pm line 123.) (204)" classname="spec_perl_TestParamsPassArrayUsertype_t" time="0.000231027603149414">
      <failure message="not ok 1 - test_params_pass_array_usertype died (Can't use an undefined value as an ARRAY reference at compiled/perl/ParamsPassArrayUsertype.pm line 123.)" type="TAP::Parser::Result::Test"></failure>
    </testcase>
    <testcase name="Unnamed test case 204" classname="spec_perl_TestParamsPassArrayUsertype_t" time="0.00290489196777344">
      <skipped message="ok 2 # skip test_params_pass_array_usertype died" />
    </testcase>
    <testcase name="Unnamed test case 205" classname="spec_perl_TestParamsPassArrayUsertype_t" time="6.41345977783203e-05">
      <skipped message="ok 3 # skip test_params_pass_array_usertype died" />
    </testcase>
    <testcase name="Unnamed test case 206" classname="spec_perl_TestParamsPassArrayUsertype_t" time="3.98159027099609e-05">
      <skipped message="ok 4 # skip test_params_pass_array_usertype died" />
    </testcase>
    <testcase name="Unnamed test case 207" classname="spec_perl_TestParamsPassArrayUsertype_t" time="3.60012054443359e-05">
      <skipped message="ok 5 # skip test_params_pass_array_usertype died" />
    </testcase>
  </testsuite>
  <testsuite name="spec_perl_TestBitsUnalignedB64Le_t" errors="0" failures="0" skipped="0" tests="3" time="0.0603458881378174">
    <system-out>1..3
ok 1 - Equals
ok 2 - Equals
ok 3 - Equals
</system-out>
    <testcase name="Equals (207)" classname="spec_perl_TestBitsUnalignedB64Le_t" time="0.000169992446899414" />
    <testcase name="Equals (208)" classname="spec_perl_TestBitsUnalignedB64Le_t" time="5.31673431396484e-05" />
    <testcase name="Equals (209)" classname="spec_perl_TestBitsUnalignedB64Le_t" time="3.38554382324219e-05" />
  </testsuite>
  <testsuite name="spec_perl_TestExprBits_t" errors="0" failures="0" skipped="0" tests="10" time="0.0611870288848877">
    <system-out>1..10
ok 1 - Equals
ok 2 - Equals
ok 3 - Equals
ok 4 - Equals
ok 5 - Equals
ok 6 - Equals
ok 7 - Equals
ok 8 - Equals
ok 9 - Equals
ok 10 - Equals
</system-out>
    <testcase name="Equals (210)" classname="spec_perl_TestExprBits_t" time="0.000144004821777344" />
    <testcase name="Equals (211)" classname="spec_perl_TestExprBits_t" time="9.79900360107422e-05" />
    <testcase name="Equals (212)" classname="spec_perl_TestExprBits_t" time="0.000106096267700195" />
    <testcase name="Equals (213)" classname="spec_perl_TestExprBits_t" time="0.000108957290649414" />
    <testcase name="Equals (214)" classname="spec_perl_TestExprBits_t" time="0.000108957290649414" />
    <testcase name="Equals (215)" classname="spec_perl_TestExprBits_t" time="0.000108003616333008" />
    <testcase name="Equals (216)" classname="spec_perl_TestExprBits_t" time="0.000111103057861328" />
    <testcase name="Equals (217)" classname="spec_perl_TestExprBits_t" time="0.000101804733276367" />
    <testcase name="Equals (218)" classname="spec_perl_TestExprBits_t" time="0.000106096267700195" />
    <testcase name="Equals (219)" classname="spec_perl_TestExprBits_t" time="0.000133037567138672" />
  </testsuite>
  <testsuite name="spec_perl_TestProcessRotate_t" errors="0" failures="0" skipped="0" tests="3" time="0.0595080852508545">
    <system-out>1..3
ok 1 - Equals
ok 2 - Equals
ok 3 - Equals
</system-out>
    <testcase name="Equals (220)" classname="spec_perl_TestProcessRotate_t" time="0.000160932540893555" />
    <testcase name="Equals (221)" classname="spec_perl_TestProcessRotate_t" time="6.60419464111328e-05" />
    <testcase name="Equals (222)" classname="spec_perl_TestProcessRotate_t" time="0.000115871429443359" />
  </testsuite>
  <testsuite name="spec_perl_TestZlibWithHeader78_t" errors="0" failures="0" skipped="0" tests="1" time="0.0855259895324707">
    <system-out>1..1
ok 1 - Equals
</system-out>
    <testcase name="Equals (223)" classname="spec_perl_TestZlibWithHeader78_t" time="0.0002288818359375" />
  </testsuite>
  <testsuite name="spec_perl_TestRepeatEosBit_t" errors="0" failures="0" skipped="0" tests="1" time="0.0595450401306152">
    <system-out>1..1
ok 1 - Equals
</system-out>
    <testcase name="Equals (224)" classname="spec_perl_TestRepeatEosBit_t" time="0.000179052352905273" />
  </testsuite>
  <testsuite name="spec_perl_TestValidOptionalId_t" errors="1" failures="0" skipped="0" tests="0" time="0.0579850673675537">
    <system-out></system-out>
    <testcase name="Test died too soon, even before plan. (224)" classname="spec_perl_TestValidOptionalId_t" time="0.0579850673675537">
      <failure message="The test suite died before a plan was produced. You need to have a plan." type="Plan">No plan</failure>
    </testcase>
  </testsuite>
  <testsuite name="spec_perl_TestValidSwitch_t" errors="0" failures="0" skipped="1" tests="1" time="0.060391902923584">
    <system-out>1..1
ok 1 # skip ValidSwitch=HASH(0x55c09d22b880)
</system-out>
    <testcase name="Unnamed test case 224" classname="spec_perl_TestValidSwitch_t" time="0.000992774963378906">
      <skipped message="ok 1 # skip ValidSwitch=HASH(0x55c09d22b880)" />
    </testcase>
  </testsuite>
  <testsuite name="spec_perl_TestSwitchElseOnly_t" errors="0" failures="0" skipped="0" tests="3" time="0.0598540306091309">
    <system-out>1..3
ok 1 - Equals
ok 2 - Equals
ok 3 - Equals
</system-out>
    <testcase name="Equals (225)" classname="spec_perl_TestSwitchElseOnly_t" time="0.000154018402099609" />
    <testcase name="Equals (226)" classname="spec_perl_TestSwitchElseOnly_t" time="6.00814819335938e-05" />
    <testcase name="Equals (227)" classname="spec_perl_TestSwitchElseOnly_t" time="6.50882720947266e-05" />
  </testsuite>
  <testsuite name="spec_perl_TestRepeatNStrz_t" errors="0" failures="0" skipped="0" tests="2" time="0.0635640621185303">
    <system-out>1..2
ok 1 - Equals
ok 2 - Equals
</system-out>
    <testcase name="Equals (228)" classname="spec_perl_TestRepeatNStrz_t" time="0.000180959701538086" />
    <testcase name="Equals (229)" classname="spec_perl_TestRepeatNStrz_t" time="5.79357147216797e-05" />
  </testsuite>
  <testsuite name="spec_perl_TestOpaqueExternalType_t" errors="0" failures="0" skipped="0" tests="3" time="0.0645558834075928">
    <system-out>1..3
ok 1 - Equals
ok 2 - Equals
ok 3 - Equals
</system-out>
    <testcase name="Equals (230)" classname="spec_perl_TestOpaqueExternalType_t" time="0.000149965286254883" />
    <testcase name="Equals (231)" classname="spec_perl_TestOpaqueExternalType_t" time="8.20159912109375e-05" />
    <testcase name="Equals (232)" classname="spec_perl_TestOpaqueExternalType_t" time="0.00011897087097168" />
  </testsuite>
  <testsuite name="spec_perl_TestEnumIntRangeU_t" errors="0" failures="0" skipped="0" tests="2" time="0.060175895690918">
    <system-out>1..2
ok 1 - Equals
ok 2 - Equals
</system-out>
    <testcase name="Equals (233)" classname="spec_perl_TestEnumIntRangeU_t" time="0.000163078308105469" />
    <testcase name="Equals (234)" classname="spec_perl_TestEnumIntRangeU_t" time="5.19752502441406e-05" />
  </testsuite>
  <testsuite name="spec_perl_TestCastToTop_t" errors="0" failures="0" skipped="0" tests="3" time="0.0607409477233887">
    <system-out>1..3
ok 1 - Equals
ok 2 - Equals
ok 3 - Equals
</system-out>
    <testcase name="Equals (235)" classname="spec_perl_TestCastToTop_t" time="0.000153064727783203" />
    <testcase name="Equals (236)" classname="spec_perl_TestCastToTop_t" time="5.38825988769531e-05" />
    <testcase name="Equals (237)" classname="spec_perl_TestCastToTop_t" time="0.000128030776977539" />
  </testsuite>
  <testsuite name="spec_perl_TestEnumForUnknownId_t" errors="0" failures="0" skipped="0" tests="1" time="0.0600628852844238">
    <system-out>1..1
ok 1 - Equals
</system-out>
    <testcase name="Equals (238)" classname="spec_perl_TestEnumForUnknownId_t" time="0.000132083892822266" />
  </testsuite>
  <testsuite name="spec_perl_TestParamsPassBool_t" errors="0" failures="1" skipped="13" tests="14" time="0.0629940032958984">
    <system-out>1..14
not ok 1 - test_params_pass_bool died (Requested 2 bytes, but only 1 bytes available at ../runtime/perl/lib/IO/KaitaiStruct.pm line 338.)
ok 2 # skip test_params_pass_bool died
ok 3 # skip test_params_pass_bool died
ok 4 # skip test_params_pass_bool died
ok 5 # skip test_params_pass_bool died
ok 6 # skip test_params_pass_bool died
ok 7 # skip test_params_pass_bool died
ok 8 # skip test_params_pass_bool died
ok 9 # skip test_params_pass_bool died
ok 10 # skip test_params_pass_bool died
ok 11 # skip test_params_pass_bool died
ok 12 # skip test_params_pass_bool died
ok 13 # skip test_params_pass_bool died
ok 14 # skip test_params_pass_bool died
</system-out>
    <testcase name="test_params_pass_bool died (Requested 2 bytes, but only 1 bytes available at ../runtime/perl/lib/IO/KaitaiStruct.pm line 338.) (238)" classname="spec_perl_TestParamsPassBool_t" time="0.000152111053466797">
      <failure message="not ok 1 - test_params_pass_bool died (Requested 2 bytes, but only 1 bytes available at ../runtime/perl/lib/IO/KaitaiStruct.pm line 338.)" type="TAP::Parser::Result::Test"></failure>
    </testcase>
    <testcase name="Unnamed test case 238" classname="spec_perl_TestParamsPassBool_t" time="0.00116801261901855">
      <skipped message="ok 2 # skip test_params_pass_bool died" />
    </testcase>
    <testcase name="Unnamed test case 239" classname="spec_perl_TestParamsPassBool_t" time="6.69956207275391e-05">
      <skipped message="ok 3 # skip test_params_pass_bool died" />
    </testcase>
    <testcase name="Unnamed test case 240" classname="spec_perl_TestParamsPassBool_t" time="3.88622283935547e-05">
      <skipped message="ok 4 # skip test_params_pass_bool died" />
    </testcase>
    <testcase name="Unnamed test case 241" classname="spec_perl_TestParamsPassBool_t" time="3.60012054443359e-05">
      <skipped message="ok 5 # skip test_params_pass_bool died" />
    </testcase>
    <testcase name="Unnamed test case 242" classname="spec_perl_TestParamsPassBool_t" time="3.31401824951172e-05">
      <skipped message="ok 6 # skip test_params_pass_bool died" />
    </testcase>
    <testcase name="Unnamed test case 243" classname="spec_perl_TestParamsPassBool_t" time="4.10079956054688e-05">
      <skipped message="ok 7 # skip test_params_pass_bool died" />
    </testcase>
    <testcase name="Unnamed test case 244" classname="spec_perl_TestParamsPassBool_t" time="5.48362731933594e-05">
      <skipped message="ok 8 # skip test_params_pass_bool died" />
    </testcase>
    <testcase name="Unnamed test case 245" classname="spec_perl_TestParamsPassBool_t" time="3.31401824951172e-05">
      <skipped message="ok 9 # skip test_params_pass_bool died" />
    </testcase>
    <testcase name="Unnamed test case 246" classname="spec_perl_TestParamsPassBool_t" time="3.69548797607422e-05">
      <skipped message="ok 10 # skip test_params_pass_bool died" />
    </testcase>
    <testcase name="Unnamed test case 247" classname="spec_perl_TestParamsPassBool_t" time="3.60012054443359e-05">
      <skipped message="ok 11 # skip test_params_pass_bool died" />
    </testcase>
    <testcase name="Unnamed test case 248" classname="spec_perl_TestParamsPassBool_t" time="4.41074371337891e-05">
      <skipped message="ok 12 # skip test_params_pass_bool died" />
    </testcase>
    <testcase name="Unnamed test case 249" classname="spec_perl_TestParamsPassBool_t" time="3.88622283935547e-05">
      <skipped message="ok 13 # skip test_params_pass_bool died" />
    </testcase>
    <testcase name="Unnamed test case 250" classname="spec_perl_TestParamsPassBool_t" time="4.41074371337891e-05">
      <skipped message="ok 14 # skip test_params_pass_bool died" />
    </testcase>
  </testsuite>
  <testsuite name="spec_perl_TestZlibSurrounded_t" errors="0" failures="0" skipped="0" tests="1" time="0.0857839584350586">
    <system-out>1..1
ok 1 - Equals
</system-out>
    <testcase name="Equals (250)" classname="spec_perl_TestZlibSurrounded_t" time="0.000460147857666016" />
  </testsuite>
  <testsuite name="spec_perl_TestNavRoot_t" errors="0" failures="0" skipped="0" tests="5" time="0.0671770572662354">
    <system-out>1..5
ok 1 - Equals
ok 2 - Equals
ok 3 - Equals
ok 4 - Equals
ok 5 - Equals
</system-out>
    <testcase name="Equals (251)" classname="spec_perl_TestNavRoot_t" time="0.00021815299987793" />
    <testcase name="Equals (252)" classname="spec_perl_TestNavRoot_t" time="6.29425048828125e-05" />
    <testcase name="Equals (253)" classname="spec_perl_TestNavRoot_t" time="0.000113964080810547" />
    <testcase name="Equals (254)" classname="spec_perl_TestNavRoot_t" time="0.000117063522338867" />
    <testcase name="Equals (255)" classname="spec_perl_TestNavRoot_t" time="0.00010991096496582" />
  </testsuite>
  <testsuite name="spec_perl_TestDefaultEndianExprInherited_t" errors="0" failures="0" skipped="0" tests="15" time="0.0633969306945801">
    <system-out>1..15
ok 1 - Equals
ok 2 - Equals
ok 3 - Equals
ok 4 - Equals
ok 5 - Equals
ok 6 - Equals
ok 7 - Equals
ok 8 - Equals
ok 9 - Equals
ok 10 - Equals
ok 11 - Equals
ok 12 - Equals
ok 13 - Equals
ok 14 - Equals
ok 15 - Equals
</system-out>
    <testcase name="Equals (256)" classname="spec_perl_TestDefaultEndianExprInherited_t" time="0.000245094299316406" />
    <testcase name="Equals (257)" classname="spec_perl_TestDefaultEndianExprInherited_t" time="6.79492950439453e-05" />
    <testcase name="Equals (258)" classname="spec_perl_TestDefaultEndianExprInherited_t" time="0.000118017196655273" />
    <testcase name="Equals (259)" classname="spec_perl_TestDefaultEndianExprInherited_t" time="0.000108957290649414" />
    <testcase name="Equals (260)" classname="spec_perl_TestDefaultEndianExprInherited_t" time="0.000123977661132812" />
    <testcase name="Equals (261)" classname="spec_perl_TestDefaultEndianExprInherited_t" time="0.000118017196655273" />
    <testcase name="Equals (262)" classname="spec_perl_TestDefaultEndianExprInherited_t" time="0.000100135803222656" />
    <testcase name="Equals (263)" classname="spec_perl_TestDefaultEndianExprInherited_t" time="0.000105857849121094" />
    <testcase name="Equals (264)" classname="spec_perl_TestDefaultEndianExprInherited_t" time="0.000105142593383789" />
    <testcase name="Equals (265)" classname="spec_perl_TestDefaultEndianExprInherited_t" time="0.00011897087097168" />
    <testcase name="Equals (266)" classname="spec_perl_TestDefaultEndianExprInherited_t" time="0.00010991096496582" />
    <testcase name="Equals (267)" classname="spec_perl_TestDefaultEndianExprInherited_t" time="0.000100135803222656" />
    <testcase name="Equals (268)" classname="spec_perl_TestDefaultEndianExprInherited_t" time="0.000103950500488281" />
    <testcase name="Equals (269)" classname="spec_perl_TestDefaultEndianExprInherited_t" time="0.000102996826171875" />
    <testcase name="Equals (270)" classname="spec_perl_TestDefaultEndianExprInherited_t" time="0.000123977661132812" />
  </testsuite>
  <testsuite name="spec_perl_TestMetaXref_t" errors="0" failures="0" skipped="1" tests="1" time="0.0615410804748535">
    <system-out>1..1
ok 1 # skip MetaXref=HASH(0x55dd2ecfdb18)
</system-out>
    <testcase name="Unnamed test case 270" classname="spec_perl_TestMetaXref_t" time="0.0010230541229248">
      <skipped message="ok 1 # skip MetaXref=HASH(0x55dd2ecfdb18)" />
    </testcase>
  </testsuite>
  <testsuite name="spec_perl_TestSwitchManualIntSize_t" errors="0" failures="0" skipped="0" tests="10" time="0.0655510425567627">
    <system-out>1..10
ok 1 - Equals
ok 2 - Equals
ok 3 - Equals
ok 4 - Equals
ok 5 - Equals
ok 6 - Equals
ok 7 - Equals
ok 8 - Equals
ok 9 - Equals
ok 10 - Equals
</system-out>
    <testcase name="Equals (271)" classname="spec_perl_TestSwitchManualIntSize_t" time="0.000525951385498047" />
    <testcase name="Equals (272)" classname="spec_perl_TestSwitchManualIntSize_t" time="8.60691070556641e-05" />
    <testcase name="Equals (273)" classname="spec_perl_TestSwitchManualIntSize_t" time="0.000119924545288086" />
    <testcase name="Equals (274)" classname="spec_perl_TestSwitchManualIntSize_t" time="0.000113010406494141" />
    <testcase name="Equals (275)" classname="spec_perl_TestSwitchManualIntSize_t" time="0.000108957290649414" />
    <testcase name="Equals (276)" classname="spec_perl_TestSwitchManualIntSize_t" time="0.000113010406494141" />
    <testcase name="Equals (277)" classname="spec_perl_TestSwitchManualIntSize_t" time="0.000113010406494141" />
    <testcase name="Equals (278)" classname="spec_perl_TestSwitchManualIntSize_t" time="0.000146150588989258" />
    <testcase name="Equals (279)" classname="spec_perl_TestSwitchManualIntSize_t" time="0.000103950500488281" />
    <testcase name="Equals (280)" classname="spec_perl_TestSwitchManualIntSize_t" time="0.000110864639282227" />
  </testsuite>
  <testsuite name="spec_perl_TestEofExceptionU4_t" errors="0" failures="0" skipped="0" tests="1" time="0.0614471435546875">
    <system-out>1..1
ok 1 - threw /^Requested \d+ bytes, but only \d+ bytes available/
</system-out>
    <testcase name="threw /^Requested \d+ bytes, but only \d+ bytes available/ (280)" classname="spec_perl_TestEofExceptionU4_t" time="0.000473976135253906" />
  </testsuite>
  <testsuite name="spec_perl_TestStrLiterals2_t" errors="0" failures="0" skipped="0" tests="4" time="0.0596129894256592">
    <system-out>1..4
ok 1 - Equals
ok 2 - Equals
ok 3 - Equals
ok 4 - Equals
</system-out>
    <testcase name="Equals (281)" classname="spec_perl_TestStrLiterals2_t" time="0.000133991241455078" />
    <testcase name="Equals (282)" classname="spec_perl_TestStrLiterals2_t" time="5.10215759277344e-05" />
    <testcase name="Equals (283)" classname="spec_perl_TestStrLiterals2_t" time="0.000110149383544922" />
    <testcase name="Equals (284)" classname="spec_perl_TestStrLiterals2_t" time="0.000111818313598633" />
  </testsuite>
  <testsuite name="spec_perl_TestExprBytesNonLiteral_t" errors="0" failures="0" skipped="0" tests="3" time="0.0603470802307129">
    <system-out>1..3
ok 1 - Equals
ok 2 - Equals
ok 3 - Equals
</system-out>
    <testcase name="Equals (285)" classname="spec_perl_TestExprBytesNonLiteral_t" time="0.00015711784362793" />
    <testcase name="Equals (286)" classname="spec_perl_TestExprBytesNonLiteral_t" time="5.48362731933594e-05" />
    <testcase name="Equals (287)" classname="spec_perl_TestExprBytesNonLiteral_t" time="0.000113964080810547" />
  </testsuite>
  <testsuite name="spec_perl_TestBitsSimpleLe_t" errors="0" failures="0" skipped="0" tests="14" time="0.0621929168701172">
    <system-out>1..14
ok 1 - Equals
ok 2 - Equals
ok 3 - Equals
ok 4 - Equals
ok 5 - Equals
ok 6 - Equals
ok 7 - Equals
ok 8 - Equals
ok 9 - Equals
ok 10 - Equals
ok 11 - Equals
ok 12 - Equals
ok 13 - Equals
ok 14 - Equals
</system-out>
    <testcase name="Equals (288)" classname="spec_perl_TestBitsSimpleLe_t" time="0.00018000602722168" />
    <testcase name="Equals (289)" classname="spec_perl_TestBitsSimpleLe_t" time="7.29560852050781e-05" />
    <testcase name="Equals (290)" classname="spec_perl_TestBitsSimpleLe_t" time="0.000130891799926758" />
    <testcase name="Equals (291)" classname="spec_perl_TestBitsSimpleLe_t" time="9.10758972167969e-05" />
    <testcase name="Equals (292)" classname="spec_perl_TestBitsSimpleLe_t" time="0.000119924545288086" />
    <testcase name="Equals (293)" classname="spec_perl_TestBitsSimpleLe_t" time="0.000124216079711914" />
    <testcase name="Equals (294)" classname="spec_perl_TestBitsSimpleLe_t" time="4.48226928710938e-05" />
    <testcase name="Equals (295)" classname="spec_perl_TestBitsSimpleLe_t" time="0.00011897087097168" />
    <testcase name="Equals (296)" classname="spec_perl_TestBitsSimpleLe_t" time="9.79900360107422e-05" />
    <testcase name="Equals (297)" classname="spec_perl_TestBitsSimpleLe_t" time="0.000109195709228516" />
    <testcase name="Equals (298)" classname="spec_perl_TestBitsSimpleLe_t" time="9.89437103271484e-05" />
    <testcase name="Equals (299)" classname="spec_perl_TestBitsSimpleLe_t" time="9.98973846435547e-05" />
    <testcase name="Equals (300)" classname="spec_perl_TestBitsSimpleLe_t" time="0.000132083892822266" />
    <testcase name="Equals (301)" classname="spec_perl_TestBitsSimpleLe_t" time="7.51018524169922e-05" />
  </testsuite>
  <testsuite name="spec_perl_TestSwitchManualIntSizeElse_t" errors="0" failures="0" skipped="0" tests="10" time="0.065687894821167">
    <system-out>1..10
ok 1 - Equals
ok 2 - Equals
ok 3 - Equals
ok 4 - Equals
ok 5 - Equals
ok 6 - Equals
ok 7 - Equals
ok 8 - Equals
ok 9 - Equals
ok 10 - Equals
</system-out>
    <testcase name="Equals (302)" classname="spec_perl_TestSwitchManualIntSizeElse_t" time="0.000532150268554688" />
    <testcase name="Equals (303)" classname="spec_perl_TestSwitchManualIntSizeElse_t" time="8.29696655273438e-05" />
    <testcase name="Equals (304)" classname="spec_perl_TestSwitchManualIntSizeElse_t" time="0.000113010406494141" />
    <testcase name="Equals (305)" classname="spec_perl_TestSwitchManualIntSizeElse_t" time="0.000117063522338867" />
    <testcase name="Equals (306)" classname="spec_perl_TestSwitchManualIntSizeElse_t" time="0.000113964080810547" />
    <testcase name="Equals (307)" classname="spec_perl_TestSwitchManualIntSizeElse_t" time="0.000113964080810547" />
    <testcase name="Equals (308)" classname="spec_perl_TestSwitchManualIntSizeElse_t" time="0.00010991096496582" />
    <testcase name="Equals (309)" classname="spec_perl_TestSwitchManualIntSizeElse_t" time="0.000113964080810547" />
    <testcase name="Equals (310)" classname="spec_perl_TestSwitchManualIntSizeElse_t" time="0.000120162963867188" />
    <testcase name="Equals (311)" classname="spec_perl_TestSwitchManualIntSizeElse_t" time="0.000102043151855469" />
  </testsuite>
  <testsuite name="spec_perl_TestBytesPadTerm_t" errors="0" failures="0" skipped="0" tests="4" time="0.0614550113677979">
    <system-out>1..4
ok 1 - Equals
ok 2 - Equals
ok 3 - Equals
ok 4 - Equals
</system-out>
    <testcase name="Equals (312)" classname="spec_perl_TestBytesPadTerm_t" time="0.000162124633789062" />
    <testcase name="Equals (313)" classname="spec_perl_TestBytesPadTerm_t" time="5.88893890380859e-05" />
    <testcase name="Equals (314)" classname="spec_perl_TestBytesPadTerm_t" time="4.31537628173828e-05" />
    <testcase name="Equals (315)" classname="spec_perl_TestBytesPadTerm_t" time="0.000113964080810547" />
  </testsuite>
  <testsuite name="spec_perl_TestTermStrz_t" errors="0" failures="0" skipped="0" tests="3" time="0.0641250610351562">
    <system-out>1..3
ok 1 - Equals
ok 2 - Equals
ok 3 - Equals
</system-out>
    <testcase name="Equals (316)" classname="spec_perl_TestTermStrz_t" time="0.000175952911376953" />
    <testcase name="Equals (317)" classname="spec_perl_TestTermStrz_t" time="6.00814819335938e-05" />
    <testcase name="Equals (318)" classname="spec_perl_TestTermStrz_t" time="0.000116109848022461" />
  </testsuite>
  <testsuite name="spec_perl_TestStrLiterals_t" errors="0" failures="0" skipped="0" tests="5" time="0.0598380565643311">
    <system-out>1..5
ok 1 - Equals
ok 2 - Equals
ok 3 - Equals
ok 4 - Equals
ok 5 - Equals
</system-out>
    <testcase name="Equals (319)" classname="spec_perl_TestStrLiterals_t" time="0.000134944915771484" />
    <testcase name="Equals (320)" classname="spec_perl_TestStrLiterals_t" time="5.19752502441406e-05" />
    <testcase name="Equals (321)" classname="spec_perl_TestStrLiterals_t" time="0.000126123428344727" />
    <testcase name="Equals (322)" classname="spec_perl_TestStrLiterals_t" time="0.000114917755126953" />
    <testcase name="Equals (323)" classname="spec_perl_TestStrLiterals_t" time="0.000118017196655273" />
  </testsuite>
  <testsuite name="spec_perl_TestSwitchIntegers_t" errors="0" failures="0" skipped="0" tests="9" time="0.060711145401001">
    <system-out>1..9
ok 1 - Equals
ok 2 - Equals
ok 3 - Equals
ok 4 - Equals
ok 5 - Equals
ok 6 - Equals
ok 7 - Equals
ok 8 - Equals
ok 9 - Equals
</system-out>
    <testcase name="Equals (324)" classname="spec_perl_TestSwitchIntegers_t" time="0.000134944915771484" />
    <testcase name="Equals (325)" classname="spec_perl_TestSwitchIntegers_t" time="9.20295715332031e-05" />
    <testcase name="Equals (326)" classname="spec_perl_TestSwitchIntegers_t" time="0.000108003616333008" />
    <testcase name="Equals (327)" classname="spec_perl_TestSwitchIntegers_t" time="0.000113964080810547" />
    <testcase name="Equals (328)" classname="spec_perl_TestSwitchIntegers_t" time="0.000104904174804688" />
    <testcase name="Equals (329)" classname="spec_perl_TestSwitchIntegers_t" time="0.000102043151855469" />
    <testcase name="Equals (330)" classname="spec_perl_TestSwitchIntegers_t" time="0.000108957290649414" />
    <testcase name="Equals (331)" classname="spec_perl_TestSwitchIntegers_t" time="0.000106096267700195" />
    <testcase name="Equals (332)" classname="spec_perl_TestSwitchIntegers_t" time="9.89437103271484e-05" />
  </testsuite>
  <testsuite name="spec_perl_TestNavParentFalse2_t" errors="0" failures="0" skipped="0" tests="1" time="0.0615119934082031">
    <system-out>1..1
ok 1 - Equals
</system-out>
    <testcase name="Equals (333)" classname="spec_perl_TestNavParentFalse2_t" time="0.000166893005371094" />
  </testsuite>
  <testsuite name="spec_perl_TestFloatingPoints_t" errors="0" failures="0" skipped="0" tests="8" time="0.0610940456390381">
    <system-out>1..8
ok 1 - Approx equals
ok 2 - Approx equals
ok 3 - Approx equals
ok 4 - Approx equals
ok 5 - Approx equals
ok 6 - Approx equals
ok 7 - Approx equals
ok 8 - Approx equals
</system-out>
    <testcase name="Approx equals (333)" classname="spec_perl_TestFloatingPoints_t" time="0.000215053558349609" />
    <testcase name="Approx equals (334)" classname="spec_perl_TestFloatingPoints_t" time="5.10215759277344e-05" />
    <testcase name="Approx equals (335)" classname="spec_perl_TestFloatingPoints_t" time="3.40938568115234e-05" />
    <testcase name="Approx equals (336)" classname="spec_perl_TestFloatingPoints_t" time="3.09944152832031e-05" />
    <testcase name="Approx equals (337)" classname="spec_perl_TestFloatingPoints_t" time="3.09944152832031e-05" />
    <testcase name="Approx equals (338)" classname="spec_perl_TestFloatingPoints_t" time="5.10215759277344e-05" />
    <testcase name="Approx equals (339)" classname="spec_perl_TestFloatingPoints_t" time="2.98023223876953e-05" />
    <testcase name="Approx equals (340)" classname="spec_perl_TestFloatingPoints_t" time="3.21865081787109e-05" />
  </testsuite>
  <testsuite name="spec_perl_TestSwitchManualIntSizeEos_t" errors="0" failures="0" skipped="0" tests="10" time="0.0654830932617188">
    <system-out>1..10
ok 1 - Equals
ok 2 - Equals
ok 3 - Equals
ok 4 - Equals
ok 5 - Equals
ok 6 - Equals
ok 7 - Equals
ok 8 - Equals
ok 9 - Equals
ok 10 - Equals
</system-out>
    <testcase name="Equals (340)" classname="spec_perl_TestSwitchManualIntSizeEos_t" time="0.00055384635925293" />
    <testcase name="Equals (341)" classname="spec_perl_TestSwitchManualIntSizeEos_t" time="8.91685485839844e-05" />
    <testcase name="Equals (342)" classname="spec_perl_TestSwitchManualIntSizeEos_t" time="0.000113010406494141" />
    <testcase name="Equals (343)" classname="spec_perl_TestSwitchManualIntSizeEos_t" time="0.000113964080810547" />
    <testcase name="Equals (344)" classname="spec_perl_TestSwitchManualIntSizeEos_t" time="0.000115871429443359" />
    <testcase name="Equals (345)" classname="spec_perl_TestSwitchManualIntSizeEos_t" time="0.000113964080810547" />
    <testcase name="Equals (346)" classname="spec_perl_TestSwitchManualIntSizeEos_t" time="0.000113010406494141" />
    <testcase name="Equals (347)" classname="spec_perl_TestSwitchManualIntSizeEos_t" time="0.000112056732177734" />
    <testcase name="Equals (348)" classname="spec_perl_TestSwitchManualIntSizeEos_t" time="0.000108957290649414" />
    <testcase name="Equals (349)" classname="spec_perl_TestSwitchManualIntSizeEos_t" time="0.000116109848022461" />
  </testsuite>
  <testsuite name="spec_perl_TestNestedTypes3_t" errors="0" failures="0" skipped="0" tests="5" time="0.060791015625">
    <system-out>1..5
ok 1 - Equals
ok 2 - Equals
ok 3 - Equals
ok 4 - Equals
ok 5 - Equals
</system-out>
    <testcase name="Equals (350)" classname="spec_perl_TestNestedTypes3_t" time="0.000152826309204102" />
    <testcase name="Equals (351)" classname="spec_perl_TestNestedTypes3_t" time="6.81877136230469e-05" />
    <testcase name="Equals (352)" classname="spec_perl_TestNestedTypes3_t" time="4.29153442382812e-05" />
    <testcase name="Equals (353)" classname="spec_perl_TestNestedTypes3_t" time="7.70092010498047e-05" />
    <testcase name="Equals (354)" classname="spec_perl_TestNestedTypes3_t" time="0.000123977661132812" />
  </testsuite>
  <testsuite name="spec_perl_TestDefaultBigEndian_t" errors="0" failures="0" skipped="0" tests="1" time="0.0609261989593506">
    <system-out>1..1
ok 1 - Equals
</system-out>
    <testcase name="Equals (355)" classname="spec_perl_TestDefaultBigEndian_t" time="0.000162124633789062" />
  </testsuite>
  <testsuite name="spec_perl_TestDocstringsDocref_t" errors="0" failures="0" skipped="1" tests="1" time="0.0610451698303223">
    <system-out>1..1
ok 1 # skip DocstringsDocref=HASH(0x55bd69f26798)
</system-out>
    <testcase name="Unnamed test case 355" classname="spec_perl_TestDocstringsDocref_t" time="0.00100016593933105">
      <skipped message="ok 1 # skip DocstringsDocref=HASH(0x55bd69f26798)" />
    </testcase>
  </testsuite>
  <testsuite name="spec_perl_TestPositionInSeq_t" errors="0" failures="0" skipped="0" tests="1" time="0.0593130588531494">
    <system-out>1..1
ok 1 - Equals
</system-out>
    <testcase name="Equals (356)" classname="spec_perl_TestPositionInSeq_t" time="0.000137805938720703" />
  </testsuite>
  <testsuite name="spec_perl_TestProcessCustomNoArgs_t" errors="1" failures="0" skipped="0" tests="0" time="0.058182954788208">
    <system-out></system-out>
    <testcase name="Test died too soon, even before plan. (356)" classname="spec_perl_TestProcessCustomNoArgs_t" time="0.058182954788208">
      <failure message="The test suite died before a plan was produced. You need to have a plan." type="Plan">No plan</failure>
    </testcase>
  </testsuite>
  <testsuite name="spec_perl_TestDefaultEndianExprIsBe_t" errors="0" failures="0" skipped="0" tests="18" time="0.0630860328674316">
    <system-out>1..18
ok 1 - Equals
ok 2 - Equals
ok 3 - Equals
ok 4 - Equals
ok 5 - Equals
ok 6 - Equals
ok 7 - Equals
ok 8 - Equals
ok 9 - Equals
ok 10 - Equals
ok 11 - Equals
ok 12 - Equals
ok 13 - Equals
ok 14 - Equals
ok 15 - Equals
ok 16 - Equals
ok 17 - Equals
ok 18 - Equals
</system-out>
    <testcase name="Equals (357)" classname="spec_perl_TestDefaultEndianExprIsBe_t" time="0.000153064727783203" />
    <testcase name="Equals (358)" classname="spec_perl_TestDefaultEndianExprIsBe_t" time="7.41481781005859e-05" />
    <testcase name="Equals (359)" classname="spec_perl_TestDefaultEndianExprIsBe_t" time="0.000173807144165039" />
    <testcase name="Equals (360)" classname="spec_perl_TestDefaultEndianExprIsBe_t" time="6.69956207275391e-05" />
    <testcase name="Equals (361)" classname="spec_perl_TestDefaultEndianExprIsBe_t" time="0.000117063522338867" />
    <testcase name="Equals (362)" classname="spec_perl_TestDefaultEndianExprIsBe_t" time="0.000137090682983398" />
    <testcase name="Equals (363)" classname="spec_perl_TestDefaultEndianExprIsBe_t" time="0.000104904174804688" />
    <testcase name="Equals (364)" classname="spec_perl_TestDefaultEndianExprIsBe_t" time="0.000108003616333008" />
    <testcase name="Equals (365)" classname="spec_perl_TestDefaultEndianExprIsBe_t" time="0.000113010406494141" />
    <testcase name="Equals (366)" classname="spec_perl_TestDefaultEndianExprIsBe_t" time="0.000106096267700195" />
    <testcase name="Equals (367)" classname="spec_perl_TestDefaultEndianExprIsBe_t" time="0.000124931335449219" />
    <testcase name="Equals (368)" classname="spec_perl_TestDefaultEndianExprIsBe_t" time="0.00014185905456543" />
    <testcase name="Equals (369)" classname="spec_perl_TestDefaultEndianExprIsBe_t" time="0.000106096267700195" />
    <testcase name="Equals (370)" classname="spec_perl_TestDefaultEndianExprIsBe_t" time="0.000108957290649414" />
    <testcase name="Equals (371)" classname="spec_perl_TestDefaultEndianExprIsBe_t" time="0.000106096267700195" />
    <testcase name="Equals (372)" classname="spec_perl_TestDefaultEndianExprIsBe_t" time="0.000104904174804688" />
    <testcase name="Equals (373)" classname="spec_perl_TestDefaultEndianExprIsBe_t" time="0.000116109848022461" />
    <testcase name="Equals (374)" classname="spec_perl_TestDefaultEndianExprIsBe_t" time="0.0001220703125" />
  </testsuite>
  <testsuite name="spec_perl_TestSwitchRepeatExprInvalid_t" errors="0" failures="0" skipped="0" tests="3" time="0.0595159530639648">
    <system-out>1..3
ok 1 - Equals
ok 2 - Equals
ok 3 - Equals
</system-out>
    <testcase name="Equals (375)" classname="spec_perl_TestSwitchRepeatExprInvalid_t" time="0.000124931335449219" />
    <testcase name="Equals (376)" classname="spec_perl_TestSwitchRepeatExprInvalid_t" time="6.29425048828125e-05" />
    <testcase name="Equals (377)" classname="spec_perl_TestSwitchRepeatExprInvalid_t" time="0.000127077102661133" />
  </testsuite>
  <testsuite name="spec_perl_TestValidEqStrEncodings_t" errors="0" failures="0" skipped="1" tests="1" time="0.0678811073303223">
    <system-out>1..1
ok 1 # skip ValidEqStrEncodings=HASH(0x561dbd52cbb0)
</system-out>
    <testcase name="Unnamed test case 377" classname="spec_perl_TestValidEqStrEncodings_t" time="0.00465798377990723">
      <skipped message="ok 1 # skip ValidEqStrEncodings=HASH(0x561dbd52cbb0)" />
    </testcase>
  </testsuite>
  <testsuite name="spec_perl_TestNavParent2_t" errors="0" failures="0" skipped="0" tests="10" time="0.0659089088439941">
    <system-out>1..10
ok 1 - Equals
ok 2 - Equals
ok 3 - Equals
ok 4 - Equals
ok 5 - Equals
ok 6 - Equals
ok 7 - Equals
ok 8 - Equals
ok 9 - Equals
ok 10 - Equals
</system-out>
    <testcase name="Equals (378)" classname="spec_perl_TestNavParent2_t" time="0.000154018402099609" />
    <testcase name="Equals (379)" classname="spec_perl_TestNavParent2_t" time="5.69820404052734e-05" />
    <testcase name="Equals (380)" classname="spec_perl_TestNavParent2_t" time="9.70363616943359e-05" />
    <testcase name="Equals (381)" classname="spec_perl_TestNavParent2_t" time="0.000112056732177734" />
    <testcase name="Equals (382)" classname="spec_perl_TestNavParent2_t" time="0.000112056732177734" />
    <testcase name="Equals (383)" classname="spec_perl_TestNavParent2_t" time="0.000187873840332031" />
    <testcase name="Equals (384)" classname="spec_perl_TestNavParent2_t" time="0.000108003616333008" />
    <testcase name="Equals (385)" classname="spec_perl_TestNavParent2_t" time="0.000105142593383789" />
    <testcase name="Equals (386)" classname="spec_perl_TestNavParent2_t" time="0.000105857849121094" />
    <testcase name="Equals (387)" classname="spec_perl_TestNavParent2_t" time="0.000137090682983398" />
  </testsuite>
  <testsuite name="spec_perl_TestNavParent3_t" errors="0" failures="0" skipped="0" tests="10" time="0.0650398731231689">
    <system-out>1..10
ok 1 - Equals
ok 2 - Equals
ok 3 - Equals
ok 4 - Equals
ok 5 - Equals
ok 6 - Equals
ok 7 - Equals
ok 8 - Equals
ok 9 - Equals
ok 10 - Equals
</system-out>
    <testcase name="Equals (388)" classname="spec_perl_TestNavParent3_t" time="0.000171899795532227" />
    <testcase name="Equals (389)" classname="spec_perl_TestNavParent3_t" time="8.29696655273438e-05" />
    <testcase name="Equals (390)" classname="spec_perl_TestNavParent3_t" time="0.000192165374755859" />
    <testcase name="Equals (391)" classname="spec_perl_TestNavParent3_t" time="0.000125885009765625" />
    <testcase name="Equals (392)" classname="spec_perl_TestNavParent3_t" time="0.000112056732177734" />
    <testcase name="Equals (393)" classname="spec_perl_TestNavParent3_t" time="0.000152111053466797" />
    <testcase name="Equals (394)" classname="spec_perl_TestNavParent3_t" time="0.000108957290649414" />
    <testcase name="Equals (395)" classname="spec_perl_TestNavParent3_t" time="0.0001068115234375" />
    <testcase name="Equals (396)" classname="spec_perl_TestNavParent3_t" time="0.000114202499389648" />
    <testcase name="Equals (397)" classname="spec_perl_TestNavParent3_t" time="0.000128984451293945" />
  </testsuite>
  <testsuite name="spec_perl_TestTermU1Val_t" errors="0" failures="0" skipped="0" tests="2" time="0.06392502784729">
    <system-out>1..2
ok 1 - Equals
ok 2 - Equals
</system-out>
    <testcase name="Equals (398)" classname="spec_perl_TestTermU1Val_t" time="0.000197887420654297" />
    <testcase name="Equals (399)" classname="spec_perl_TestTermU1Val_t" time="6.103515625e-05" />
  </testsuite>
  <testsuite name="spec_perl_TestCombineBytes_t" errors="0" failures="0" skipped="0" tests="10" time="0.0613479614257812">
    <system-out>1..10
ok 1 - Equals
ok 2 - Equals
ok 3 - Equals
ok 4 - Equals
ok 5 - Equals
ok 6 - Equals
ok 7 - Equals
ok 8 - Equals
ok 9 - Equals
ok 10 - Equals
</system-out>
    <testcase name="Equals (400)" classname="spec_perl_TestCombineBytes_t" time="0.000154018402099609" />
    <testcase name="Equals (401)" classname="spec_perl_TestCombineBytes_t" time="5.48362731933594e-05" />
    <testcase name="Equals (402)" classname="spec_perl_TestCombineBytes_t" time="0.000129938125610352" />
    <testcase name="Equals (403)" classname="spec_perl_TestCombineBytes_t" time="0.000101089477539062" />
    <testcase name="Equals (404)" classname="spec_perl_TestCombineBytes_t" time="0.000108957290649414" />
    <testcase name="Equals (405)" classname="spec_perl_TestCombineBytes_t" time="0.000107049942016602" />
    <testcase name="Equals (406)" classname="spec_perl_TestCombineBytes_t" time="0.000113964080810547" />
    <testcase name="Equals (407)" classname="spec_perl_TestCombineBytes_t" time="0.000106096267700195" />
    <testcase name="Equals (408)" classname="spec_perl_TestCombineBytes_t" time="0.000104904174804688" />
    <testcase name="Equals (409)" classname="spec_perl_TestCombineBytes_t" time="0.000105142593383789" />
  </testsuite>
  <testsuite name="spec_perl_TestYamlInts_t" errors="0" failures="0" skipped="0" tests="4" time="0.0594499111175537">
    <system-out>1..4
ok 1 - Equals
ok 2 - Equals
ok 3 - Equals
ok 4 - Equals
</system-out>
    <testcase name="Equals (410)" classname="spec_perl_TestYamlInts_t" time="0.000136852264404297" />
    <testcase name="Equals (411)" classname="spec_perl_TestYamlInts_t" time="5.60283660888672e-05" />
    <testcase name="Equals (412)" classname="spec_perl_TestYamlInts_t" time="0.000108003616333008" />
    <testcase name="Equals (413)" classname="spec_perl_TestYamlInts_t" time="0.000123977661132812" />
  </testsuite>
  <testsuite name="spec_perl_TestSwitchBytearray_t" errors="0" failures="0" skipped="0" tests="9" time="0.0656540393829346">
    <system-out>1..9
ok 1 - Equals
ok 2 - Equals
ok 3 - Equals
ok 4 - Equals
ok 5 - Equals
ok 6 - Equals
ok 7 - Equals
ok 8 - Equals
ok 9 - Equals
</system-out>
    <testcase name="Equals (414)" classname="spec_perl_TestSwitchBytearray_t" time="0.000151872634887695" />
    <testcase name="Equals (415)" classname="spec_perl_TestSwitchBytearray_t" time="9.29832458496094e-05" />
    <testcase name="Equals (416)" classname="spec_perl_TestSwitchBytearray_t" time="0.000118017196655273" />
    <testcase name="Equals (417)" classname="spec_perl_TestSwitchBytearray_t" time="0.000108003616333008" />
    <testcase name="Equals (418)" classname="spec_perl_TestSwitchBytearray_t" time="0.000112056732177734" />
    <testcase name="Equals (419)" classname="spec_perl_TestSwitchBytearray_t" time="0.000108003616333008" />
    <testcase name="Equals (420)" classname="spec_perl_TestSwitchBytearray_t" time="0.000111103057861328" />
    <testcase name="Equals (421)" classname="spec_perl_TestSwitchBytearray_t" time="0.000104904174804688" />
    <testcase name="Equals (422)" classname="spec_perl_TestSwitchBytearray_t" time="0.000107049942016602" />
  </testsuite>
  <testsuite name="spec_perl_TestDefaultBitEndianMod_t" errors="0" failures="0" skipped="0" tests="4" time="0.0617730617523193">
    <system-out>1..4
ok 1 - Equals
ok 2 - Equals
ok 3 - Equals
ok 4 - Equals
</system-out>
    <testcase name="Equals (423)" classname="spec_perl_TestDefaultBitEndianMod_t" time="0.000164031982421875" />
    <testcase name="Equals (424)" classname="spec_perl_TestDefaultBitEndianMod_t" time="5.60283660888672e-05" />
    <testcase name="Equals (425)" classname="spec_perl_TestDefaultBitEndianMod_t" time="7.70092010498047e-05" />
    <testcase name="Equals (426)" classname="spec_perl_TestDefaultBitEndianMod_t" time="0.000103950500488281" />
  </testsuite>
  <testsuite name="spec_perl_TestValidNotParsedIf_t" errors="0" failures="0" skipped="1" tests="1" time="0.0604660511016846">
    <system-out>1..1
ok 1 # skip ValidNotParsedIf=HASH(0x556d8ae45ff0)
</system-out>
    <testcase name="Unnamed test case 426" classname="spec_perl_TestValidNotParsedIf_t" time="0.00101709365844727">
      <skipped message="ok 1 # skip ValidNotParsedIf=HASH(0x556d8ae45ff0)" />
    </testcase>
  </testsuite>
  <testsuite name="spec_perl_TestParamsCallExtraParens_t" errors="0" failures="1" skipped="0" tests="1" time="0.0681948661804199">
    <system-out>1..1
not ok 1 - Equals
</system-out>
    <testcase name="Equals (427)" classname="spec_perl_TestParamsCallExtraParens_t" time="0.000226020812988281">
      <failure message="not ok 1 - Equals" type="TAP::Parser::Result::Test"></failure>
    </testcase>
  </testsuite>
  <testsuite name="spec_perl_TestProcessRepeatUsertype_t" errors="0" failures="0" skipped="0" tests="4" time="0.0600008964538574">
    <system-out>1..4
ok 1 - Equals
ok 2 - Equals
ok 3 - Equals
ok 4 - Equals
</system-out>
    <testcase name="Equals (428)" classname="spec_perl_TestProcessRepeatUsertype_t" time="0.000410079956054688" />
    <testcase name="Equals (429)" classname="spec_perl_TestProcessRepeatUsertype_t" time="6.89029693603516e-05" />
    <testcase name="Equals (430)" classname="spec_perl_TestProcessRepeatUsertype_t" time="0.000121116638183594" />
    <testcase name="Equals (431)" classname="spec_perl_TestProcessRepeatUsertype_t" time="0.0001068115234375" />
  </testsuite>
  <testsuite name="spec_perl_TestImports0_t" errors="0" failures="0" skipped="0" tests="3" time="0.0608930587768555">
    <system-out>1..3
ok 1 - Equals
ok 2 - Equals
ok 3 - Equals
</system-out>
[...]
    <testcase name="Equals (871)" classname="spec_perl_TestParamsPassStruct_t" time="5.79357147216797e-05" />
    <testcase name="test_params_pass_struct died (Can't call method &quot;foo&quot; on an undefined value at spec/perl/TestParamsPassStruct.t line 16.) (871)" classname="spec_perl_TestParamsPassStruct_t" time="0.000169038772583008">
      <failure message="not ok 3 - test_params_pass_struct died (Can't call method &quot;foo&quot; on an undefined value at spec/perl/TestParamsPassStruct.t line 16.)" type="TAP::Parser::Result::Test"></failure>
    </testcase>
    <testcase name="Unnamed test case 871" classname="spec_perl_TestParamsPassStruct_t" time="0.000769853591918945">
      <skipped message="ok 4 # skip test_params_pass_struct died" />
    </testcase>
  </testsuite>
  <testsuite name="spec_perl_TestRepeatUntilS4_t" errors="0" failures="0" skipped="0" tests="2" time="0.0631499290466309">
    <system-out>1..2
ok 1 - Equals
ok 2 - Equals
</system-out>
    <testcase name="Equals (872)" classname="spec_perl_TestRepeatUntilS4_t" time="0.000113964080810547" />
    <testcase name="Equals (873)" classname="spec_perl_TestRepeatUntilS4_t" time="0.000115156173706055" />
  </testsuite>
  <testsuite name="spec_perl_TestStrEncodingsUtf16_t" errors="0" failures="0" skipped="0" tests="6" time="0.0653510093688965">
    <system-out>1..6
ok 1 - Equals
ok 2 - Equals
ok 3 - Equals
ok 4 - Equals
ok 5 - Equals
ok 6 - Equals
</system-out>
    <testcase name="Equals (874)" classname="spec_perl_TestStrEncodingsUtf16_t" time="0.00125312805175781" />
    <testcase name="Equals (875)" classname="spec_perl_TestStrEncodingsUtf16_t" time="8.98838043212891e-05" />
    <testcase name="Equals (876)" classname="spec_perl_TestStrEncodingsUtf16_t" time="0.000112056732177734" />
    <testcase name="Equals (877)" classname="spec_perl_TestStrEncodingsUtf16_t" time="0.000108957290649414" />
    <testcase name="Equals (878)" classname="spec_perl_TestStrEncodingsUtf16_t" time="0.000110149383544922" />
    <testcase name="Equals (879)" classname="spec_perl_TestStrEncodingsUtf16_t" time="0.000108003616333008" />
  </testsuite>
  <testsuite name="spec_perl_TestStrEncodingsDefault_t" errors="0" failures="0" skipped="0" tests="4" time="0.0676929950714111">
    <system-out>1..4
ok 1 - Equals
ok 2 - Equals
ok 3 - Equals
ok 4 - Equals
</system-out>
    <testcase name="Equals (880)" classname="spec_perl_TestStrEncodingsDefault_t" time="0.00368905067443848" />
    <testcase name="Equals (881)" classname="spec_perl_TestStrEncodingsDefault_t" time="7.39097595214844e-05" />
    <testcase name="Equals (882)" classname="spec_perl_TestStrEncodingsDefault_t" time="4.72068786621094e-05" />
    <testcase name="Equals (883)" classname="spec_perl_TestStrEncodingsDefault_t" time="0.000108003616333008" />
  </testsuite>
  <testsuite name="spec_perl_TestSwitchIntegers2_t" errors="0" failures="0" skipped="0" tests="5" time="0.0597071647644043">
    <system-out>1..5
ok 1 - Equals
ok 2 - Equals
ok 3 - Equals
ok 4 - Equals
ok 5 - Equals
</system-out>
    <testcase name="Equals (884)" classname="spec_perl_TestSwitchIntegers2_t" time="0.000135183334350586" />
    <testcase name="Equals (885)" classname="spec_perl_TestSwitchIntegers2_t" time="5.19752502441406e-05" />
    <testcase name="Equals (886)" classname="spec_perl_TestSwitchIntegers2_t" time="9.70363616943359e-05" />
    <testcase name="Equals (887)" classname="spec_perl_TestSwitchIntegers2_t" time="0.000104904174804688" />
    <testcase name="Equals (888)" classname="spec_perl_TestSwitchIntegers2_t" time="0.00010991096496582" />
  </testsuite>
  <testsuite name="spec_perl_TestExprStrOps_t" errors="0" failures="0" skipped="0" tests="17" time="0.0678901672363281">
    <system-out>1..17
ok 1 - Equals
ok 2 - Equals
ok 3 - Equals
ok 4 - Equals
ok 5 - Equals
ok 6 - Equals
ok 7 - Equals
ok 8 - Equals
ok 9 - Equals
ok 10 - Equals
ok 11 - Equals
ok 12 - Equals
ok 13 - Equals
ok 14 - Equals
ok 15 - Equals
ok 16 - Equals
ok 17 - Equals
</system-out>
    <testcase name="Equals (889)" classname="spec_perl_TestExprStrOps_t" time="0.000159978866577148" />
    <testcase name="Equals (890)" classname="spec_perl_TestExprStrOps_t" time="6.29425048828125e-05" />
    <testcase name="Equals (891)" classname="spec_perl_TestExprStrOps_t" time="8.29696655273438e-05" />
    <testcase name="Equals (892)" classname="spec_perl_TestExprStrOps_t" time="0.000114917755126953" />
    <testcase name="Equals (893)" classname="spec_perl_TestExprStrOps_t" time="0.000112056732177734" />
    <testcase name="Equals (894)" classname="spec_perl_TestExprStrOps_t" time="0.000116109848022461" />
    <testcase name="Equals (895)" classname="spec_perl_TestExprStrOps_t" time="0.000108003616333008" />
    <testcase name="Equals (896)" classname="spec_perl_TestExprStrOps_t" time="0.0001068115234375" />
    <testcase name="Equals (897)" classname="spec_perl_TestExprStrOps_t" time="0.000113010406494141" />
    <testcase name="Equals (898)" classname="spec_perl_TestExprStrOps_t" time="0.000102996826171875" />
    <testcase name="Equals (899)" classname="spec_perl_TestExprStrOps_t" time="0.000112056732177734" />
    <testcase name="Equals (900)" classname="spec_perl_TestExprStrOps_t" time="0.000113010406494141" />
    <testcase name="Equals (901)" classname="spec_perl_TestExprStrOps_t" time="9.79900360107422e-05" />
    <testcase name="Equals (902)" classname="spec_perl_TestExprStrOps_t" time="0.000103950500488281" />
    <testcase name="Equals (903)" classname="spec_perl_TestExprStrOps_t" time="0.000108003616333008" />
    <testcase name="Equals (904)" classname="spec_perl_TestExprStrOps_t" time="0.000104188919067383" />
    <testcase name="Equals (905)" classname="spec_perl_TestExprStrOps_t" time="9.98973846435547e-05" />
  </testsuite>
  <testsuite name="spec_perl_TestIndexSizes_t" errors="0" failures="0" skipped="0" tests="7" time="0.06455397605896">
    <system-out>1..7
ok 1 - Equals
ok 2 - Equals
ok 3 - Equals
ok 4 - Equals
ok 5 - Equals
ok 6 - Equals
ok 7 - Equals
</system-out>
    <testcase name="Equals (906)" classname="spec_perl_TestIndexSizes_t" time="0.000131130218505859" />
    <testcase name="Equals (907)" classname="spec_perl_TestIndexSizes_t" time="9.29832458496094e-05" />
    <testcase name="Equals (908)" classname="spec_perl_TestIndexSizes_t" time="0.000104904174804688" />
    <testcase name="Equals (909)" classname="spec_perl_TestIndexSizes_t" time="0.000107049942016602" />
    <testcase name="Equals (910)" classname="spec_perl_TestIndexSizes_t" time="0.00010991096496582" />
    <testcase name="Equals (911)" classname="spec_perl_TestIndexSizes_t" time="0.000107049942016602" />
    <testcase name="Equals (912)" classname="spec_perl_TestIndexSizes_t" time="0.000107049942016602" />
  </testsuite>
  <testsuite name="spec_perl_TestTypeIntUnaryOp_t" errors="0" failures="0" skipped="0" tests="4" time="0.0594661235809326">
    <system-out>1..4
ok 1 - Equals
ok 2 - Equals
ok 3 - Equals
ok 4 - Equals
</system-out>
    <testcase name="Equals (913)" classname="spec_perl_TestTypeIntUnaryOp_t" time="0.000110864639282227" />
    <testcase name="Equals (914)" classname="spec_perl_TestTypeIntUnaryOp_t" time="8.79764556884766e-05" />
    <testcase name="Equals (915)" classname="spec_perl_TestTypeIntUnaryOp_t" time="0.000109195709228516" />
    <testcase name="Equals (916)" classname="spec_perl_TestTypeIntUnaryOp_t" time="0.0001068115234375" />
  </testsuite>
  <testsuite name="spec_perl_TestExpr0_t" errors="0" failures="0" skipped="0" tests="2" time="0.0601389408111572">
    <system-out>1..2
ok 1 - Equals
ok 2 - Equals
</system-out>
    <testcase name="Equals (917)" classname="spec_perl_TestExpr0_t" time="0.000145912170410156" />
    <testcase name="Equals (918)" classname="spec_perl_TestExpr0_t" time="4.69684600830078e-05" />
  </testsuite>
  <testsuite name="spec_perl_TestImportsAbsRel_t" errors="0" failures="0" skipped="0" tests="3" time="0.0606789588928223">
    <system-out>1..3
ok 1 - Equals
ok 2 - Equals
ok 3 - Equals
</system-out>
    <testcase name="Equals (919)" classname="spec_perl_TestImportsAbsRel_t" time="0.000181913375854492" />
    <testcase name="Equals (920)" classname="spec_perl_TestImportsAbsRel_t" time="0.000103950500488281" />
    <testcase name="Equals (921)" classname="spec_perl_TestImportsAbsRel_t" time="0.000102043151855469" />
  </testsuite>
  <testsuite name="spec_perl_TestEnumToI_t" errors="0" failures="0" skipped="0" tests="7" time="0.060758113861084">
    <system-out>1..7
ok 1 - Equals
ok 2 - Equals
ok 3 - Equals
ok 4 - Equals
ok 5 - Equals
ok 6 - Equals
ok 7 - Equals
</system-out>
    <testcase name="Equals (922)" classname="spec_perl_TestEnumToI_t" time="0.000154018402099609" />
    <testcase name="Equals (923)" classname="spec_perl_TestEnumToI_t" time="5.88893890380859e-05" />
    <testcase name="Equals (924)" classname="spec_perl_TestEnumToI_t" time="4.1961669921875e-05" />
    <testcase name="Equals (925)" classname="spec_perl_TestEnumToI_t" time="0.000127077102661133" />
    <testcase name="Equals (926)" classname="spec_perl_TestEnumToI_t" time="9.29832458496094e-05" />
    <testcase name="Equals (927)" classname="spec_perl_TestEnumToI_t" time="9.60826873779297e-05" />
    <testcase name="Equals (928)" classname="spec_perl_TestEnumToI_t" time="9.48905944824219e-05" />
  </testsuite>
  <testsuite name="spec_perl_TestCombineStr_t" errors="0" failures="0" skipped="0" tests="15" time="0.06632399559021">
    <system-out>1..15
ok 1 - Equals
ok 2 - Equals
ok 3 - Equals
ok 4 - Equals
ok 5 - Equals
ok 6 - Equals
ok 7 - Equals
ok 8 - Equals
ok 9 - Equals
ok 10 - Equals
ok 11 - Equals
ok 12 - Equals
ok 13 - Equals
ok 14 - Equals
ok 15 - Equals
</system-out>
    <testcase name="Equals (929)" classname="spec_perl_TestCombineStr_t" time="0.000180959701538086" />
    <testcase name="Equals (930)" classname="spec_perl_TestCombineStr_t" time="0.000100135803222656" />
    <testcase name="Equals (931)" classname="spec_perl_TestCombineStr_t" time="0.000124931335449219" />
    <testcase name="Equals (932)" classname="spec_perl_TestCombineStr_t" time="0.000104904174804688" />
    <testcase name="Equals (933)" classname="spec_perl_TestCombineStr_t" time="0.000272035598754883" />
    <testcase name="Equals (934)" classname="spec_perl_TestCombineStr_t" time="4.79221343994141e-05" />
    <testcase name="Equals (935)" classname="spec_perl_TestCombineStr_t" time="5.00679016113281e-05" />
    <testcase name="Equals (936)" classname="spec_perl_TestCombineStr_t" time="7.51018524169922e-05" />
    <testcase name="Equals (937)" classname="spec_perl_TestCombineStr_t" time="0.000110864639282227" />
    <testcase name="Equals (938)" classname="spec_perl_TestCombineStr_t" time="0.000108003616333008" />
    <testcase name="Equals (939)" classname="spec_perl_TestCombineStr_t" time="0.000113010406494141" />
    <testcase name="Equals (940)" classname="spec_perl_TestCombineStr_t" time="0.000102996826171875" />
    <testcase name="Equals (941)" classname="spec_perl_TestCombineStr_t" time="0.000108003616333008" />
    <testcase name="Equals (942)" classname="spec_perl_TestCombineStr_t" time="0.000195026397705078" />
    <testcase name="Equals (943)" classname="spec_perl_TestCombineStr_t" time="4.91142272949219e-05" />
  </testsuite>
  <testsuite name="spec_perl_TestParamsPassUsertype_t" errors="0" failures="1" skipped="1" tests="2" time="0.0614011287689209">
    <system-out>1..2
not ok 1 - test_params_pass_usertype died (Can't call method &quot;foo&quot; on an undefined value at compiled/perl/ParamsPassUsertype.pm line 119.)
ok 2 # skip test_params_pass_usertype died
</system-out>
    <testcase name="test_params_pass_usertype died (Can't call method &quot;foo&quot; on an undefined value at compiled/perl/ParamsPassUsertype.pm line 119.) (943)" classname="spec_perl_TestParamsPassUsertype_t" time="0.00018310546875">
      <failure message="not ok 1 - test_params_pass_usertype died (Can't call method &quot;foo&quot; on an undefined value at compiled/perl/ParamsPassUsertype.pm line 119.)" type="TAP::Parser::Result::Test"></failure>
    </testcase>
    <testcase name="Unnamed test case 943" classname="spec_perl_TestParamsPassUsertype_t" time="0.000761985778808594">
      <skipped message="ok 2 # skip test_params_pass_usertype died" />
    </testcase>
  </testsuite>
  <testsuite name="spec_perl_TestImportsRel1_t" errors="0" failures="0" skipped="0" tests="3" time="0.060312032699585">
    <system-out>1..3
ok 1 - Equals
ok 2 - Equals
ok 3 - Equals
</system-out>
    <testcase name="Equals (944)" classname="spec_perl_TestImportsRel1_t" time="0.00018000602722168" />
    <testcase name="Equals (945)" classname="spec_perl_TestImportsRel1_t" time="8.48770141601562e-05" />
    <testcase name="Equals (946)" classname="spec_perl_TestImportsRel1_t" time="0.000108003616333008" />
  </testsuite>
  <testsuite name="spec_perl_TestBitsSignedShiftB32Le_t" errors="0" failures="0" skipped="0" tests="2" time="0.0603761672973633">
    <system-out>1..2
ok 1 - Equals
ok 2 - Equals
</system-out>
    <testcase name="Equals (947)" classname="spec_perl_TestBitsSignedShiftB32Le_t" time="0.000142097473144531" />
    <testcase name="Equals (948)" classname="spec_perl_TestBitsSignedShiftB32Le_t" time="8.392333984375e-05" />
  </testsuite>
  <testsuite name="spec_perl_TestBitsByteAligned_t" errors="0" failures="0" skipped="0" tests="9" time="0.0626099109649658">
    <system-out>1..9
ok 1 - Equals
ok 2 - Equals
ok 3 - Equals
ok 4 - Equals
ok 5 - Equals
ok 6 - Equals
ok 7 - Equals
ok 8 - Equals
ok 9 - Equals
</system-out>
    <testcase name="Equals (949)" classname="spec_perl_TestBitsByteAligned_t" time="0.000160932540893555" />
    <testcase name="Equals (950)" classname="spec_perl_TestBitsByteAligned_t" time="5.60283660888672e-05" />
    <testcase name="Equals (951)" classname="spec_perl_TestBitsByteAligned_t" time="0.000126838684082031" />
    <testcase name="Equals (952)" classname="spec_perl_TestBitsByteAligned_t" time="9.41753387451172e-05" />
    <testcase name="Equals (953)" classname="spec_perl_TestBitsByteAligned_t" time="0.0001068115234375" />
    <testcase name="Equals (954)" classname="spec_perl_TestBitsByteAligned_t" time="0.000112056732177734" />
    <testcase name="Equals (955)" classname="spec_perl_TestBitsByteAligned_t" time="0.000123977661132812" />
    <testcase name="Equals (956)" classname="spec_perl_TestBitsByteAligned_t" time="0.000151157379150391" />
    <testcase name="Equals (957)" classname="spec_perl_TestBitsByteAligned_t" time="0.000115871429443359" />
  </testsuite>
  <testsuite name="spec_perl_TestEosExceptionBytes_t" errors="0" failures="0" skipped="0" tests="1" time="0.0613119602203369">
    <system-out>1..1
ok 1 - threw /^Requested \d+ bytes, but only \d+ bytes available/
</system-out>
    <testcase name="threw /^Requested \d+ bytes, but only \d+ bytes available/ (957)" classname="spec_perl_TestEosExceptionBytes_t" time="0.000318050384521484" />
  </testsuite>
  <testsuite name="spec_perl_TestHelloWorld_t" errors="0" failures="0" skipped="0" tests="1" time="0.0614972114562988">
    <system-out>1..1
ok 1 - Equals
</system-out>
    <testcase name="Equals (958)" classname="spec_perl_TestHelloWorld_t" time="0.000161886215209961" />
  </testsuite>
  <testsuite name="spec_perl_TestProcessCoerceBytes_t" errors="0" failures="0" skipped="0" tests="4" time="0.0603759288787842">
    <system-out>1..4
ok 1 - Equals
ok 2 - Equals
ok 3 - Equals
ok 4 - Equals
</system-out>
    <testcase name="Equals (959)" classname="spec_perl_TestProcessCoerceBytes_t" time="0.000161886215209961" />
    <testcase name="Equals (960)" classname="spec_perl_TestProcessCoerceBytes_t" time="9.39369201660156e-05" />
    <testcase name="Equals (961)" classname="spec_perl_TestProcessCoerceBytes_t" time="0.000112056732177734" />
    <testcase name="Equals (962)" classname="spec_perl_TestProcessCoerceBytes_t" time="0.000108957290649414" />
  </testsuite>
  <testsuite name="spec_perl_TestBitsSimple_t" errors="0" failures="0" skipped="0" tests="14" time="0.0618550777435303">
    <system-out>1..14
ok 1 - Equals
ok 2 - Equals
ok 3 - Equals
ok 4 - Equals
ok 5 - Equals
ok 6 - Equals
ok 7 - Equals
ok 8 - Equals
ok 9 - Equals
ok 10 - Equals
ok 11 - Equals
ok 12 - Equals
ok 13 - Equals
ok 14 - Equals
</system-out>
    <testcase name="Equals (963)" classname="spec_perl_TestBitsSimple_t" time="0.000161886215209961" />
    <testcase name="Equals (964)" classname="spec_perl_TestBitsSimple_t" time="6.69956207275391e-05" />
    <testcase name="Equals (965)" classname="spec_perl_TestBitsSimple_t" time="0.000103950500488281" />
    <testcase name="Equals (966)" classname="spec_perl_TestBitsSimple_t" time="0.000108003616333008" />
    <testcase name="Equals (967)" classname="spec_perl_TestBitsSimple_t" time="0.000108003616333008" />
    <testcase name="Equals (968)" classname="spec_perl_TestBitsSimple_t" time="0.000107049942016602" />
    <testcase name="Equals (969)" classname="spec_perl_TestBitsSimple_t" time="0.000112056732177734" />
    <testcase name="Equals (970)" classname="spec_perl_TestBitsSimple_t" time="0.000108957290649414" />
    <testcase name="Equals (971)" classname="spec_perl_TestBitsSimple_t" time="9.70363616943359e-05" />
    <testcase name="Equals (972)" classname="spec_perl_TestBitsSimple_t" time="0.000102996826171875" />
    <testcase name="Equals (973)" classname="spec_perl_TestBitsSimple_t" time="0.000108003616333008" />
    <testcase name="Equals (974)" classname="spec_perl_TestBitsSimple_t" time="0.000102043151855469" />
    <testcase name="Equals (975)" classname="spec_perl_TestBitsSimple_t" time="0.000102996826171875" />
    <testcase name="Equals (976)" classname="spec_perl_TestBitsSimple_t" time="0.000108957290649414" />
  </testsuite>
  <testsuite name="spec_perl_TestDefaultEndianExprException_t" errors="0" failures="0" skipped="0" tests="1" time="0.0624520778656006">
    <system-out>1..1
ok 1 - threw /^Unable to decide on endianness/
</system-out>
    <testcase name="threw /^Unable to decide on endianness/ (976)" classname="spec_perl_TestDefaultEndianExprException_t" time="0.000160932540893555" />
  </testsuite>
  <testsuite name="spec_perl_TestCombineBool_t" errors="0" failures="0" skipped="0" tests="2" time="0.0605599880218506">
    <system-out>1..2
ok 1 - Equals
ok 2 - Equals
</system-out>
    <testcase name="Equals (977)" classname="spec_perl_TestCombineBool_t" time="0.000164031982421875" />
    <testcase name="Equals (978)" classname="spec_perl_TestCombineBool_t" time="4.69684600830078e-05" />
  </testsuite>
  <testsuite name="spec_perl_TestSwitchManualStrElse_t" errors="0" failures="0" skipped="0" tests="9" time="0.0657238960266113">
    <system-out>1..9
ok 1 - Equals
ok 2 - Equals
ok 3 - Equals
ok 4 - Equals
ok 5 - Equals
ok 6 - Equals
ok 7 - Equals
ok 8 - Equals
ok 9 - Equals
</system-out>
    <testcase name="Equals (979)" classname="spec_perl_TestSwitchManualStrElse_t" time="0.000205039978027344" />
    <testcase name="Equals (980)" classname="spec_perl_TestSwitchManualStrElse_t" time="7.20024108886719e-05" />
    <testcase name="Equals (981)" classname="spec_perl_TestSwitchManualStrElse_t" time="0.000115871429443359" />
    <testcase name="Equals (982)" classname="spec_perl_TestSwitchManualStrElse_t" time="0.000119924545288086" />
    <testcase name="Equals (983)" classname="spec_perl_TestSwitchManualStrElse_t" time="0.000102043151855469" />
    <testcase name="Equals (984)" classname="spec_perl_TestSwitchManualStrElse_t" time="0.000107049942016602" />
    <testcase name="Equals (985)" classname="spec_perl_TestSwitchManualStrElse_t" time="0.000108003616333008" />
    <testcase name="Equals (986)" classname="spec_perl_TestSwitchManualStrElse_t" time="0.00010991096496582" />
    <testcase name="Equals (987)" classname="spec_perl_TestSwitchManualStrElse_t" time="0.000108003616333008" />
  </testsuite>
</testsuites>
