<?xml version='1.0' encoding='utf-8'?>
<testsuites>
  <testsuite name="spec_perl_TestProcessCoerceUsertype1_t" errors="0" failures="0" skipped="0" tests="4" time="0.0449988842010498">
    <system-out>1..4
ok 1 - Equals
ok 2 - Equals
ok 3 - Equals
ok 4 - Equals
</system-out>
    <testcase name="Equals" classname="spec_perl_TestProcessCoerceUsertype1_t" time="0.000604152679443359" />
    <testcase name="Equals (2)" classname="spec_perl_TestProcessCoerceUsertype1_t" time="9.98973846435547e-05" />
    <testcase name="Equals (3)" classname="spec_perl_TestProcessCoerceUsertype1_t" time="5.79357147216797e-05" />
    <testcase name="Equals (4)" classname="spec_perl_TestProcessCoerceUsertype1_t" time="9.82284545898438e-05" />
  </testsuite>
  <testsuite name="spec_perl_TestCombineEnum_t" errors="0" failures="0" skipped="0" tests="3" time="0.0438668727874756">
    <system-out>1..3
ok 1 - Equals
ok 2 - Equals
ok 3 - Equals
</system-out>
    <testcase name="Equals (5)" classname="spec_perl_TestCombineEnum_t" time="0.00021815299987793" />
    <testcase name="Equals (6)" classname="spec_perl_TestCombineEnum_t" time="7.89165496826172e-05" />
    <testcase name="Equals (7)" classname="spec_perl_TestCombineEnum_t" time="0.000145912170410156" />
  </testsuite>
  <testsuite name="spec_perl_TestHelloWorld_t" errors="0" failures="0" skipped="0" tests="1" time="0.0441131591796875">
    <system-out>1..1
ok 1 - Equals
</system-out>
    <testcase name="Equals (8)" classname="spec_perl_TestHelloWorld_t" time="0.000277996063232422" />
  </testsuite>
  <testsuite name="spec_perl_TestSwitchManualEnum_t" errors="0" failures="0" skipped="0" tests="9" time="0.0488071441650391">
    <system-out>1..9
ok 1 - Equals
ok 2 - Equals
ok 3 - Equals
ok 4 - Equals
ok 5 - Equals
ok 6 - Equals
ok 7 - Equals
ok 8 - Equals
ok 9 - Equals
</system-out>
    <testcase name="Equals (9)" classname="spec_perl_TestSwitchManualEnum_t" time="0.000338077545166016" />
    <testcase name="Equals (10)" classname="spec_perl_TestSwitchManualEnum_t" time="8.79764556884766e-05" />
    <testcase name="Equals (11)" classname="spec_perl_TestSwitchManualEnum_t" time="7.48634338378906e-05" />
    <testcase name="Equals (12)" classname="spec_perl_TestSwitchManualEnum_t" time="0.000211000442504883" />
    <testcase name="Equals (13)" classname="spec_perl_TestSwitchManualEnum_t" time="7.60555267333984e-05" />
    <testcase name="Equals (14)" classname="spec_perl_TestSwitchManualEnum_t" time="0.000134944915771484" />
    <testcase name="Equals (15)" classname="spec_perl_TestSwitchManualEnum_t" time="0.000113964080810547" />
    <testcase name="Equals (16)" classname="spec_perl_TestSwitchManualEnum_t" time="0.000158071517944336" />
    <testcase name="Equals (17)" classname="spec_perl_TestSwitchManualEnum_t" time="0.000116109848022461" />
  </testsuite>
  <testsuite name="spec_perl_TestFixedContents_t" errors="0" failures="0" skipped="1" tests="1" time="0.0453100204467773">
    <system-out>1..1
ok 1 # skip FixedContents=HASH(0x136c4e0)
</system-out>
    <testcase name="Unnamed test case 17" classname="spec_perl_TestFixedContents_t" time="0.00133514404296875">
      <skipped message="ok 1 # skip FixedContents=HASH(0x136c4e0)" />
    </testcase>
  </testsuite>
  <testsuite name="spec_perl_TestEnumIntRangeU_t" errors="0" failures="0" skipped="0" tests="2" time="0.0466880798339844">
    <system-out>1..2
ok 1 - Equals
ok 2 - Equals
</system-out>
    <testcase name="Equals (18)" classname="spec_perl_TestEnumIntRangeU_t" time="0.000256061553955078" />
    <testcase name="Equals (19)" classname="spec_perl_TestEnumIntRangeU_t" time="7.98702239990234e-05" />
  </testsuite>
  <testsuite name="spec_perl_TestCastNested_t" errors="0" failures="0" skipped="0" tests="4" time="0.0473611354827881">
    <system-out>1..4
ok 1 - Equals
ok 2 - Equals
ok 3 - Equals
ok 4 - Equals
</system-out>
    <testcase name="Equals (20)" classname="spec_perl_TestCastNested_t" time="0.000327110290527344" />
    <testcase name="Equals (21)" classname="spec_perl_TestCastNested_t" time="0.000115871429443359" />
    <testcase name="Equals (22)" classname="spec_perl_TestCastNested_t" time="8.32080841064453e-05" />
    <testcase name="Equals (23)" classname="spec_perl_TestCastNested_t" time="0.00017094612121582" />
  </testsuite>
  <testsuite name="spec_perl_TestExprOpsParens_t" errors="1" failures="0" skipped="0" tests="0" time="0.0452940464019775">
    <system-out></system-out>
    <testcase name="Test died too soon, even before plan. (23)" classname="spec_perl_TestExprOpsParens_t" time="0.0452940464019775">
      <failure message="The test suite died before a plan was produced. You need to have a plan." type="Plan">No plan</failure>
    </testcase>
  </testsuite>
  <testsuite name="spec_perl_TestValidSwitch_t" errors="0" failures="0" skipped="1" tests="1" time="0.0453870296478271">
    <system-out>1..1
ok 1 # skip ValidSwitch=HASH(0xa2a4d8)
</system-out>
    <testcase name="Unnamed test case 23" classname="spec_perl_TestValidSwitch_t" time="0.00131511688232422">
      <skipped message="ok 1 # skip ValidSwitch=HASH(0xa2a4d8)" />
    </testcase>
  </testsuite>
  <testsuite name="spec_perl_TestSwitchBytearray_t" errors="0" failures="0" skipped="0" tests="9" time="0.0483059883117676">
    <system-out>1..9
ok 1 - Equals
ok 2 - Equals
ok 3 - Equals
ok 4 - Equals
ok 5 - Equals
ok 6 - Equals
ok 7 - Equals
ok 8 - Equals
ok 9 - Equals
</system-out>
    <testcase name="Equals (24)" classname="spec_perl_TestSwitchBytearray_t" time="0.000356912612915039" />
    <testcase name="Equals (25)" classname="spec_perl_TestSwitchBytearray_t" time="9.20295715332031e-05" />
    <testcase name="Equals (26)" classname="spec_perl_TestSwitchBytearray_t" time="5.79357147216797e-05" />
    <testcase name="Equals (27)" classname="spec_perl_TestSwitchBytearray_t" time="0.000159025192260742" />
    <testcase name="Equals (28)" classname="spec_perl_TestSwitchBytearray_t" time="0.000109195709228516" />
    <testcase name="Equals (29)" classname="spec_perl_TestSwitchBytearray_t" time="0.000147819519042969" />
    <testcase name="Equals (30)" classname="spec_perl_TestSwitchBytearray_t" time="0.000108957290649414" />
    <testcase name="Equals (31)" classname="spec_perl_TestSwitchBytearray_t" time="0.000142097473144531" />
    <testcase name="Equals (32)" classname="spec_perl_TestSwitchBytearray_t" time="0.000126123428344727" />
  </testsuite>
  <testsuite name="spec_perl_TestDefaultEndianExprInherited_t" errors="0" failures="0" skipped="0" tests="15" time="0.0458030700683594">
    <system-out>1..15
ok 1 - Equals
ok 2 - Equals
ok 3 - Equals
ok 4 - Equals
ok 5 - Equals
ok 6 - Equals
ok 7 - Equals
ok 8 - Equals
ok 9 - Equals
ok 10 - Equals
ok 11 - Equals
ok 12 - Equals
ok 13 - Equals
ok 14 - Equals
ok 15 - Equals
</system-out>
    <testcase name="Equals (33)" classname="spec_perl_TestDefaultEndianExprInherited_t" time="0.000325202941894531" />
    <testcase name="Equals (34)" classname="spec_perl_TestDefaultEndianExprInherited_t" time="8.89301300048828e-05" />
    <testcase name="Equals (35)" classname="spec_perl_TestDefaultEndianExprInherited_t" time="7.39097595214844e-05" />
    <testcase name="Equals (36)" classname="spec_perl_TestDefaultEndianExprInherited_t" time="0.000158071517944336" />
    <testcase name="Equals (37)" classname="spec_perl_TestDefaultEndianExprInherited_t" time="0.000145912170410156" />
    <testcase name="Equals (38)" classname="spec_perl_TestDefaultEndianExprInherited_t" time="0.000123023986816406" />
    <testcase name="Equals (39)" classname="spec_perl_TestDefaultEndianExprInherited_t" time="0.000138998031616211" />
    <testcase name="Equals (40)" classname="spec_perl_TestDefaultEndianExprInherited_t" time="0.000120162963867188" />
    <testcase name="Equals (41)" classname="spec_perl_TestDefaultEndianExprInherited_t" time="0.000140905380249023" />
    <testcase name="Equals (42)" classname="spec_perl_TestDefaultEndianExprInherited_t" time="0.000149011611938477" />
    <testcase name="Equals (43)" classname="spec_perl_TestDefaultEndianExprInherited_t" time="0.000118017196655273" />
    <testcase name="Equals (44)" classname="spec_perl_TestDefaultEndianExprInherited_t" time="0.000149011611938477" />
    <testcase name="Equals (45)" classname="spec_perl_TestDefaultEndianExprInherited_t" time="0.000151872634887695" />
    <testcase name="Equals (46)" classname="spec_perl_TestDefaultEndianExprInherited_t" time="0.000150203704833984" />
    <testcase name="Equals (47)" classname="spec_perl_TestDefaultEndianExprInherited_t" time="0.000149965286254883" />
  </testsuite>
  <testsuite name="spec_perl_TestBcdUserTypeLe_t" errors="0" failures="0" skipped="0" tests="6" time="0.0448639392852783">
    <system-out>1..6
ok 1 - Equals
ok 2 - Equals
ok 3 - Equals
ok 4 - Equals
ok 5 - Equals
ok 6 - Equals
</system-out>
    <testcase name="Equals (48)" classname="spec_perl_TestBcdUserTypeLe_t" time="0.000568151473999023" />
    <testcase name="Equals (49)" classname="spec_perl_TestBcdUserTypeLe_t" time="9.39369201660156e-05" />
    <testcase name="Equals (50)" classname="spec_perl_TestBcdUserTypeLe_t" time="0.000114917755126953" />
    <testcase name="Equals (51)" classname="spec_perl_TestBcdUserTypeLe_t" time="0.00014805793762207" />
    <testcase name="Equals (52)" classname="spec_perl_TestBcdUserTypeLe_t" time="0.00014805793762207" />
    <testcase name="Equals (53)" classname="spec_perl_TestBcdUserTypeLe_t" time="0.000154018402099609" />
  </testsuite>
  <testsuite name="spec_perl_TestNavParentVsValueInst_t" errors="0" failures="0" skipped="0" tests="1" time="0.0472500324249268">
    <system-out>1..1
ok 1 - Equals
</system-out>
    <testcase name="Equals (54)" classname="spec_perl_TestNavParentVsValueInst_t" time="0.000380039215087891" />
  </testsuite>
  <testsuite name="spec_perl_TestSwitchManualIntElse_t" errors="0" failures="0" skipped="0" tests="9" time="0.0489728450775146">
    <system-out>1..9
ok 1 - Equals
ok 2 - Equals
ok 3 - Equals
ok 4 - Equals
ok 5 - Equals
ok 6 - Equals
ok 7 - Equals
ok 8 - Equals
ok 9 - Equals
</system-out>
    <testcase name="Equals (55)" classname="spec_perl_TestSwitchManualIntElse_t" time="0.000400066375732422" />
    <testcase name="Equals (56)" classname="spec_perl_TestSwitchManualIntElse_t" time="9.29832458496094e-05" />
    <testcase name="Equals (57)" classname="spec_perl_TestSwitchManualIntElse_t" time="0.000131845474243164" />
    <testcase name="Equals (58)" classname="spec_perl_TestSwitchManualIntElse_t" time="0.000167131423950195" />
    <testcase name="Equals (59)" classname="spec_perl_TestSwitchManualIntElse_t" time="9.29832458496094e-05" />
    <testcase name="Equals (60)" classname="spec_perl_TestSwitchManualIntElse_t" time="0.000145912170410156" />
    <testcase name="Equals (61)" classname="spec_perl_TestSwitchManualIntElse_t" time="0.000128030776977539" />
    <testcase name="Equals (62)" classname="spec_perl_TestSwitchManualIntElse_t" time="0.000159978866577148" />
    <testcase name="Equals (63)" classname="spec_perl_TestSwitchManualIntElse_t" time="0.000123023986816406" />
  </testsuite>
  <testsuite name="spec_perl_TestExprIntDiv_t" errors="0" failures="2" skipped="0" tests="6" time="0.0460798740386963">
    <system-out>1..6
ok 1 - Equals
ok 2 - Equals
ok 3 - Equals
not ok 4 - Equals
ok 5 - Equals
not ok 6 - Equals
</system-out>
    <testcase name="Equals (64)" classname="spec_perl_TestExprIntDiv_t" time="0.00027012825012207" />
    <testcase name="Equals (65)" classname="spec_perl_TestExprIntDiv_t" time="7.79628753662109e-05" />
    <testcase name="Equals (66)" classname="spec_perl_TestExprIntDiv_t" time="0.000153064727783203" />
    <testcase name="Equals (67)" classname="spec_perl_TestExprIntDiv_t" time="0.00020289421081543">
      <failure message="not ok 4 - Equals" type="TAP::Parser::Result::Test"></failure>
    </testcase>
    <testcase name="Equals (68)" classname="spec_perl_TestExprIntDiv_t" time="0.00344491004943848" />
    <testcase name="Equals (69)" classname="spec_perl_TestExprIntDiv_t" time="8.70227813720703e-05">
      <failure message="not ok 6 - Equals" type="TAP::Parser::Result::Test"></failure>
    </testcase>
  </testsuite>
  <testsuite name="spec_perl_TestProcessXor4Const_t" errors="0" failures="0" skipped="0" tests="2" time="0.0444190502166748">
    <system-out>1..2
ok 1 - Equals
ok 2 - Equals
</system-out>
    <testcase name="Equals (70)" classname="spec_perl_TestProcessXor4Const_t" time="0.000255107879638672" />
    <testcase name="Equals (71)" classname="spec_perl_TestProcessXor4Const_t" time="7.79628753662109e-05" />
  </testsuite>
  <testsuite name="spec_perl_TestParamsPassBool_t" errors="0" failures="1" skipped="13" tests="14" time="0.0531980991363525">
    <system-out>1..14
not ok 1 - test_params_pass_bool died (Requested 2 bytes, but got only 1 bytes at ../runtime/perl/lib/IO/KaitaiStruct.pm line 333.)
ok 2 # skip test_params_pass_bool died
ok 3 # skip test_params_pass_bool died
ok 4 # skip test_params_pass_bool died
ok 5 # skip test_params_pass_bool died
ok 6 # skip test_params_pass_bool died
ok 7 # skip test_params_pass_bool died
ok 8 # skip test_params_pass_bool died
ok 9 # skip test_params_pass_bool died
ok 10 # skip test_params_pass_bool died
ok 11 # skip test_params_pass_bool died
ok 12 # skip test_params_pass_bool died
ok 13 # skip test_params_pass_bool died
ok 14 # skip test_params_pass_bool died
</system-out>
    <testcase name="test_params_pass_bool died (Requested 2 bytes, but got only 1 bytes at ../runtime/perl/lib/IO/KaitaiStruct.pm line 333.) (71)" classname="spec_perl_TestParamsPassBool_t" time="0.000313997268676758">
      <failure message="not ok 1 - test_params_pass_bool died (Requested 2 bytes, but got only 1 bytes at ../runtime/perl/lib/IO/KaitaiStruct.pm line 333.)" type="TAP::Parser::Result::Test"></failure>
    </testcase>
    <testcase name="Unnamed test case 71" classname="spec_perl_TestParamsPassBool_t" time="0.000448942184448242">
      <skipped message="ok 2 # skip test_params_pass_bool died" />
    </testcase>
    <testcase name="Unnamed test case 72" classname="spec_perl_TestParamsPassBool_t" time="0.000347137451171875">
      <skipped message="ok 3 # skip test_params_pass_bool died" />
    </testcase>
    <testcase name="Unnamed test case 73" classname="spec_perl_TestParamsPassBool_t" time="0.000365018844604492">
      <skipped message="ok 4 # skip test_params_pass_bool died" />
    </testcase>
    <testcase name="Unnamed test case 74" classname="spec_perl_TestParamsPassBool_t" time="0.000575065612792969">
      <skipped message="ok 5 # skip test_params_pass_bool died" />
    </testcase>
    <testcase name="Unnamed test case 75" classname="spec_perl_TestParamsPassBool_t" time="0.000348806381225586">
      <skipped message="ok 6 # skip test_params_pass_bool died" />
    </testcase>
    <testcase name="Unnamed test case 76" classname="spec_perl_TestParamsPassBool_t" time="0.000361204147338867">
      <skipped message="ok 7 # skip test_params_pass_bool died" />
    </testcase>
    <testcase name="Unnamed test case 77" classname="spec_perl_TestParamsPassBool_t" time="0.000562906265258789">
      <skipped message="ok 8 # skip test_params_pass_bool died" />
    </testcase>
    <testcase name="Unnamed test case 78" classname="spec_perl_TestParamsPassBool_t" time="0.000334024429321289">
      <skipped message="ok 9 # skip test_params_pass_bool died" />
    </testcase>
    <testcase name="Unnamed test case 79" classname="spec_perl_TestParamsPassBool_t" time="0.000509977340698242">
      <skipped message="ok 10 # skip test_params_pass_bool died" />
    </testcase>
    <testcase name="Unnamed test case 80" classname="spec_perl_TestParamsPassBool_t" time="0.000341892242431641">
      <skipped message="ok 11 # skip test_params_pass_bool died" />
    </testcase>
    <testcase name="Unnamed test case 81" classname="spec_perl_TestParamsPassBool_t" time="0.000405073165893555">
      <skipped message="ok 12 # skip test_params_pass_bool died" />
    </testcase>
    <testcase name="Unnamed test case 82" classname="spec_perl_TestParamsPassBool_t" time="0.000337123870849609">
      <skipped message="ok 13 # skip test_params_pass_bool died" />
    </testcase>
    <testcase name="Unnamed test case 83" classname="spec_perl_TestParamsPassBool_t" time="0.000319004058837891">
      <skipped message="ok 14 # skip test_params_pass_bool died" />
    </testcase>
  </testsuite>
  <testsuite name="spec_perl_TestNestedTypes3_t" errors="0" failures="0" skipped="0" tests="5" time="0.045590877532959">
    <system-out>1..5
ok 1 - Equals
ok 2 - Equals
ok 3 - Equals
ok 4 - Equals
ok 5 - Equals
</system-out>
    <testcase name="Equals (83)" classname="spec_perl_TestNestedTypes3_t" time="0.000313043594360352" />
    <testcase name="Equals (84)" classname="spec_perl_TestNestedTypes3_t" time="8.98838043212891e-05" />
    <testcase name="Equals (85)" classname="spec_perl_TestNestedTypes3_t" time="8.51154327392578e-05" />
    <testcase name="Equals (86)" classname="spec_perl_TestNestedTypes3_t" time="0.000159978866577148" />
    <testcase name="Equals (87)" classname="spec_perl_TestNestedTypes3_t" time="0.000129938125610352" />
  </testsuite>
  <testsuite name="spec_perl_TestIndexToParamEos_t" errors="0" failures="2" skipped="0" tests="7" time="0.0574359893798828">
    <system-out>1..7
ok 1 - Equals
ok 2 - Equals
ok 3 - Equals
ok 4 - Equals
ok 5 - Equals
not ok 6 - Equals
not ok 7 - Equals
</system-out>
    <testcase name="Equals (88)" classname="spec_perl_TestIndexToParamEos_t" time="0.0103812217712402" />
    <testcase name="Equals (89)" classname="spec_perl_TestIndexToParamEos_t" time="0.000185966491699219" />
    <testcase name="Equals (90)" classname="spec_perl_TestIndexToParamEos_t" time="0.000113964080810547" />
    <testcase name="Equals (91)" classname="spec_perl_TestIndexToParamEos_t" time="5.50746917724609e-05" />
    <testcase name="Equals (92)" classname="spec_perl_TestIndexToParamEos_t" time="4.29153442382812e-05" />
    <testcase name="Equals (93)" classname="spec_perl_TestIndexToParamEos_t" time="5.19752502441406e-05">
      <failure message="not ok 6 - Equals" type="TAP::Parser::Result::Test"></failure>
    </testcase>
    <testcase name="Equals (94)" classname="spec_perl_TestIndexToParamEos_t" time="7.20024108886719e-05">
      <failure message="not ok 7 - Equals" type="TAP::Parser::Result::Test"></failure>
    </testcase>
  </testsuite>
  <testsuite name="spec_perl_TestTypeIntUnaryOp_t" errors="0" failures="0" skipped="0" tests="4" time="0.0439321994781494">
    <system-out>1..4
ok 1 - Equals
ok 2 - Equals
ok 3 - Equals
ok 4 - Equals
</system-out>
    <testcase name="Equals (95)" classname="spec_perl_TestTypeIntUnaryOp_t" time="0.000230073928833008" />
    <testcase name="Equals (96)" classname="spec_perl_TestTypeIntUnaryOp_t" time="7.39097595214844e-05" />
    <testcase name="Equals (97)" classname="spec_perl_TestTypeIntUnaryOp_t" time="0.00014495849609375" />
    <testcase name="Equals (98)" classname="spec_perl_TestTypeIntUnaryOp_t" time="0.000127077102661133" />
  </testsuite>
  <testsuite name="spec_perl_TestProcessRepeatUsertype_t" errors="0" failures="0" skipped="0" tests="4" time="0.0456681251525879">
    <system-out>1..4
ok 1 - Equals
ok 2 - Equals
ok 3 - Equals
ok 4 - Equals
</system-out>
    <testcase name="Equals (99)" classname="spec_perl_TestProcessRepeatUsertype_t" time="0.000597953796386719" />
    <testcase name="Equals (100)" classname="spec_perl_TestProcessRepeatUsertype_t" time="0.000101089477539062" />
    <testcase name="Equals (101)" classname="spec_perl_TestProcessRepeatUsertype_t" time="5.91278076171875e-05" />
    <testcase name="Equals (102)" classname="spec_perl_TestProcessRepeatUsertype_t" time="7.29560852050781e-05" />
  </testsuite>
  <testsuite name="spec_perl_TestProcessRotate_t" errors="0" failures="0" skipped="0" tests="3" time="0.0435609817504883">
    <system-out>1..3
ok 1 - Equals
ok 2 - Equals
ok 3 - Equals
</system-out>
    <testcase name="Equals (103)" classname="spec_perl_TestProcessRotate_t" time="0.000293970108032227" />
    <testcase name="Equals (104)" classname="spec_perl_TestProcessRotate_t" time="9.10758972167969e-05" />
    <testcase name="Equals (105)" classname="spec_perl_TestProcessRotate_t" time="5.88893890380859e-05" />
  </testsuite>
  <testsuite name="spec_perl_TestExprStrOps_t" errors="1" failures="0" skipped="0" tests="0" time="0.046515941619873">
    <system-out></system-out>
    <testcase name="Test died too soon, even before plan. (105)" classname="spec_perl_TestExprStrOps_t" time="0.046515941619873">
      <failure message="The test suite died before a plan was produced. You need to have a plan." type="Plan">No plan</failure>
    </testcase>
  </testsuite>
  <testsuite name="spec_perl_TestEnumToIClassBorder1_t" errors="0" failures="1" skipped="0" tests="3" time="0.0486428737640381">
    <system-out>1..3
ok 1 - Equals
ok 2 - Equals
not ok 3 - test_enum_to_i_class_border_1 died (Can't call method &quot;some_dog&quot; on an undefined value at compiled/perl/EnumToIClassBorder2.pm line 42.)
</system-out>
    <testcase name="Equals (106)" classname="spec_perl_TestEnumToIClassBorder1_t" time="0.000275135040283203" />
    <testcase name="Equals (107)" classname="spec_perl_TestEnumToIClassBorder1_t" time="7.89165496826172e-05" />
    <testcase name="test_enum_to_i_class_border_1 died (Can't call method &quot;some_dog&quot; on an undefined value at compiled/perl/EnumToIClassBorder2.pm line 42.) (107)" classname="spec_perl_TestEnumToIClassBorder1_t" time="0.000297069549560547">
      <failure message="not ok 3 - test_enum_to_i_class_border_1 died (Can't call method &quot;some_dog&quot; on an undefined value at compiled/perl/EnumToIClassBorder2.pm line 42.)" type="TAP::Parser::Result::Test"></failure>
    </testcase>
  </testsuite>
  <testsuite name="spec_perl_TestInstanceIoUser_t" errors="0" failures="0" skipped="0" tests="4" time="0.0485908985137939">
    <system-out>1..4
ok 1 - Equals
ok 2 - Equals
ok 3 - Equals
ok 4 - Equals
</system-out>
    <testcase name="Equals (108)" classname="spec_perl_TestInstanceIoUser_t" time="0.000631809234619141" />
    <testcase name="Equals (109)" classname="spec_perl_TestInstanceIoUser_t" time="0.00012516975402832" />
    <testcase name="Equals (110)" classname="spec_perl_TestInstanceIoUser_t" time="0.000111818313598633" />
    <testcase name="Equals (111)" classname="spec_perl_TestInstanceIoUser_t" time="0.000163078308105469" />
  </testsuite>
  <testsuite name="spec_perl_TestBitsEnum_t" errors="0" failures="0" skipped="0" tests="3" time="0.0436489582061768">
    <system-out>1..3
ok 1 - Equals
ok 2 - Equals
ok 3 - Equals
</system-out>
    <testcase name="Equals (112)" classname="spec_perl_TestBitsEnum_t" time="0.000293970108032227" />
    <testcase name="Equals (113)" classname="spec_perl_TestBitsEnum_t" time="8.89301300048828e-05" />
    <testcase name="Equals (114)" classname="spec_perl_TestBitsEnum_t" time="6.00814819335938e-05" />
  </testsuite>
  <testsuite name="spec_perl_TestOpaqueExternalType02Parent_t" errors="0" failures="0" skipped="0" tests="3" time="0.0470108985900879">
    <system-out>1..3
ok 1 - Equals
ok 2 - Equals
ok 3 - Equals
</system-out>
    <testcase name="Equals (115)" classname="spec_perl_TestOpaqueExternalType02Parent_t" time="0.000357866287231445" />
    <testcase name="Equals (116)" classname="spec_perl_TestOpaqueExternalType02Parent_t" time="8.51154327392578e-05" />
    <testcase name="Equals (117)" classname="spec_perl_TestOpaqueExternalType02Parent_t" time="0.000102996826171875" />
  </testsuite>
  <testsuite name="spec_perl_TestStrLiterals_t" errors="0" failures="0" skipped="0" tests="5" time="0.0445878505706787">
    <system-out>1..5
ok 1 - Equals
ok 2 - Equals
ok 3 - Equals
ok 4 - Equals
ok 5 - Equals
</system-out>
    <testcase name="Equals (118)" classname="spec_perl_TestStrLiterals_t" time="0.000222921371459961" />
    <testcase name="Equals (119)" classname="spec_perl_TestStrLiterals_t" time="0.000145912170410156" />
    <testcase name="Equals (120)" classname="spec_perl_TestStrLiterals_t" time="0.000138998031616211" />
    <testcase name="Equals (121)" classname="spec_perl_TestStrLiterals_t" time="0.000214099884033203" />
    <testcase name="Equals (122)" classname="spec_perl_TestStrLiterals_t" time="7.70092010498047e-05" />
  </testsuite>
  <testsuite name="spec_perl_TestNavParentSwitch_t" errors="0" failures="0" skipped="0" tests="3" time="0.0448329448699951">
    <system-out>1..3
ok 1 - Equals
ok 2 - Equals
ok 3 - Equals
</system-out>
    <testcase name="Equals (123)" classname="spec_perl_TestNavParentSwitch_t" time="0.000277042388916016" />
    <testcase name="Equals (124)" classname="spec_perl_TestNavParentSwitch_t" time="0.000108003616333008" />
    <testcase name="Equals (125)" classname="spec_perl_TestNavParentSwitch_t" time="6.103515625e-05" />
  </testsuite>
  <testsuite name="spec_perl_TestProcessCustom_t" errors="1" failures="0" skipped="0" tests="0" time="0.0428709983825684">
    <system-out></system-out>
    <testcase name="Test died too soon, even before plan. (125)" classname="spec_perl_TestProcessCustom_t" time="0.0428709983825684">
      <failure message="The test suite died before a plan was produced. You need to have a plan." type="Plan">No plan</failure>
    </testcase>
  </testsuite>
  <testsuite name="spec_perl_TestDefaultBigEndian_t" errors="0" failures="0" skipped="0" tests="1" time="0.0436890125274658">
    <system-out>1..1
ok 1 - Equals
</system-out>
    <testcase name="Equals (126)" classname="spec_perl_TestDefaultBigEndian_t" time="0.000276088714599609" />
  </testsuite>
  <testsuite name="spec_perl_TestProcessXorValue_t" errors="0" failures="0" skipped="0" tests="2" time="0.0447638034820557">
    <system-out>1..2
ok 1 - Equals
ok 2 - Equals
</system-out>
    <testcase name="Equals (127)" classname="spec_perl_TestProcessXorValue_t" time="0.000342845916748047" />
    <testcase name="Equals (128)" classname="spec_perl_TestProcessXorValue_t" time="9.20295715332031e-05" />
  </testsuite>
  <testsuite name="spec_perl_TestExprBytesCmp_t" errors="0" failures="0" skipped="0" tests="10" time="0.0458500385284424">
    <system-out>1..10
ok 1 - Equals
ok 2 - Equals
ok 3 - Equals
ok 4 - Equals
ok 5 - Equals
ok 6 - Equals
ok 7 - Equals
ok 8 - Equals
ok 9 - Equals
ok 10 - Equals
</system-out>
    <testcase name="Equals (129)" classname="spec_perl_TestExprBytesCmp_t" time="0.000262022018432617" />
    <testcase name="Equals (130)" classname="spec_perl_TestExprBytesCmp_t" time="9.58442687988281e-05" />
    <testcase name="Equals (131)" classname="spec_perl_TestExprBytesCmp_t" time="0.000131130218505859" />
    <testcase name="Equals (132)" classname="spec_perl_TestExprBytesCmp_t" time="0.000143051147460938" />
    <testcase name="Equals (133)" classname="spec_perl_TestExprBytesCmp_t" time="0.000113964080810547" />
    <testcase name="Equals (134)" classname="spec_perl_TestExprBytesCmp_t" time="0.000151872634887695" />
    <testcase name="Equals (135)" classname="spec_perl_TestExprBytesCmp_t" time="0.000169992446899414" />
    <testcase name="Equals (136)" classname="spec_perl_TestExprBytesCmp_t" time="8.51154327392578e-05" />
    <testcase name="Equals (137)" classname="spec_perl_TestExprBytesCmp_t" time="0.000280857086181641" />
    <testcase name="Equals (138)" classname="spec_perl_TestExprBytesCmp_t" time="0.000220060348510742" />
  </testsuite>
  <testsuite name="spec_perl_TestSwitchManualStr_t" errors="0" failures="0" skipped="0" tests="9" time="0.0481960773468018">
    <system-out>1..9
ok 1 - Equals
ok 2 - Equals
ok 3 - Equals
ok 4 - Equals
ok 5 - Equals
ok 6 - Equals
ok 7 - Equals
ok 8 - Equals
ok 9 - Equals
</system-out>
    <testcase name="Equals (139)" classname="spec_perl_TestSwitchManualStr_t" time="0.000352859497070312" />
    <testcase name="Equals (140)" classname="spec_perl_TestSwitchManualStr_t" time="9.01222229003906e-05" />
    <testcase name="Equals (141)" classname="spec_perl_TestSwitchManualStr_t" time="6.19888305664062e-05" />
    <testcase name="Equals (142)" classname="spec_perl_TestSwitchManualStr_t" time="0.000156879425048828" />
    <testcase name="Equals (143)" classname="spec_perl_TestSwitchManualStr_t" time="0.00012516975402832" />
    <testcase name="Equals (144)" classname="spec_perl_TestSwitchManualStr_t" time="0.0001068115234375" />
    <testcase name="Equals (145)" classname="spec_perl_TestSwitchManualStr_t" time="0.00014495849609375" />
    <testcase name="Equals (146)" classname="spec_perl_TestSwitchManualStr_t" time="0.000113010406494141" />
    <testcase name="Equals (147)" classname="spec_perl_TestSwitchManualStr_t" time="0.000182151794433594" />
  </testsuite>
  <testsuite name="spec_perl_TestUserType_t" errors="0" failures="0" skipped="0" tests="2" time="0.0447192192077637">
    <system-out>1..2
ok 1 - Equals
ok 2 - Equals
</system-out>
    <testcase name="Equals (148)" classname="spec_perl_TestUserType_t" time="0.000266075134277344" />
    <testcase name="Equals (149)" classname="spec_perl_TestUserType_t" time="8.48770141601562e-05" />
  </testsuite>
  <testsuite name="spec_perl_TestTypeTernary_t" errors="0" failures="0" skipped="0" tests="1" time="0.0448019504547119">
    <system-out>1..1
ok 1 - Equals
</system-out>
    <testcase name="Equals (150)" classname="spec_perl_TestTypeTernary_t" time="0.000561952590942383" />
  </testsuite>
  <testsuite name="spec_perl_TestEnumImport_t" errors="0" failures="2" skipped="0" tests="2" time="0.0510509014129639">
    <system-out>1..2
not ok 1 - Equals
not ok 2 - Equals
</system-out>
    <testcase name="Equals (151)" classname="spec_perl_TestEnumImport_t" time="0.00028681755065918">
      <failure message="not ok 1 - Equals" type="TAP::Parser::Result::Test"></failure>
    </testcase>
    <testcase name="Equals (152)" classname="spec_perl_TestEnumImport_t" time="0.00162720680236816">
      <failure message="not ok 2 - Equals" type="TAP::Parser::Result::Test"></failure>
    </testcase>
  </testsuite>
  <testsuite name="spec_perl_TestExprBits_t" errors="0" failures="0" skipped="0" tests="10" time="0.0482008457183838">
    <system-out>1..10
ok 1 - Equals
ok 2 - Equals
ok 3 - Equals
ok 4 - Equals
ok 5 - Equals
ok 6 - Equals
ok 7 - Equals
ok 8 - Equals
ok 9 - Equals
ok 10 - Equals
</system-out>
    <testcase name="Equals (153)" classname="spec_perl_TestExprBits_t" time="0.000336170196533203" />
    <testcase name="Equals (154)" classname="spec_perl_TestExprBits_t" time="8.89301300048828e-05" />
    <testcase name="Equals (155)" classname="spec_perl_TestExprBits_t" time="0.000153064727783203" />
    <testcase name="Equals (156)" classname="spec_perl_TestExprBits_t" time="0.000116825103759766" />
    <testcase name="Equals (157)" classname="spec_perl_TestExprBits_t" time="0.000146150588989258" />
    <testcase name="Equals (158)" classname="spec_perl_TestExprBits_t" time="0.000110864639282227" />
    <testcase name="Equals (159)" classname="spec_perl_TestExprBits_t" time="0.000147104263305664" />
    <testcase name="Equals (160)" classname="spec_perl_TestExprBits_t" time="0.000110864639282227" />
    <testcase name="Equals (161)" classname="spec_perl_TestExprBits_t" time="0.000150203704833984" />
    <testcase name="Equals (162)" classname="spec_perl_TestExprBits_t" time="0.000146865844726562" />
  </testsuite>
  <testsuite name="spec_perl_TestEnumDeepLiterals_t" errors="0" failures="0" skipped="0" tests="2" time="0.0463759899139404">
    <system-out>1..2
ok 1 - Equals
ok 2 - Equals
</system-out>
    <testcase name="Equals (163)" classname="spec_perl_TestEnumDeepLiterals_t" time="0.000334978103637695" />
    <testcase name="Equals (164)" classname="spec_perl_TestEnumDeepLiterals_t" time="8.51154327392578e-05" />
  </testsuite>
  <testsuite name="spec_perl_TestBitsSeqEndianCombo_t" errors="0" failures="0" skipped="0" tests="8" time="0.0454981327056885">
    <system-out>1..8
ok 1 - Equals
ok 2 - Equals
ok 3 - Equals
ok 4 - Equals
ok 5 - Equals
ok 6 - Equals
ok 7 - Equals
ok 8 - Equals
</system-out>
    <testcase name="Equals (165)" classname="spec_perl_TestBitsSeqEndianCombo_t" time="0.000324010848999023" />
    <testcase name="Equals (166)" classname="spec_perl_TestBitsSeqEndianCombo_t" time="8.60691070556641e-05" />
    <testcase name="Equals (167)" classname="spec_perl_TestBitsSeqEndianCombo_t" time="0.000118017196655273" />
    <testcase name="Equals (168)" classname="spec_perl_TestBitsSeqEndianCombo_t" time="0.000138044357299805" />
    <testcase name="Equals (169)" classname="spec_perl_TestBitsSeqEndianCombo_t" time="0.000110864639282227" />
    <testcase name="Equals (170)" classname="spec_perl_TestBitsSeqEndianCombo_t" time="0.000156164169311523" />
    <testcase name="Equals (171)" classname="spec_perl_TestBitsSeqEndianCombo_t" time="0.000102996826171875" />
    <testcase name="Equals (172)" classname="spec_perl_TestBitsSeqEndianCombo_t" time="0.000144004821777344" />
  </testsuite>
  <testsuite name="spec_perl_TestSwitchManualIntSize_t" errors="0" failures="1" skipped="0" tests="10" time="0.0531418323516846">
    <system-out>1..10
ok 1 - Equals
ok 2 - Equals
ok 3 - Equals
ok 4 - Equals
ok 5 - Equals
not ok 6 - test switch manual int size
ok 7 - Equals
ok 8 - Equals
ok 9 - Equals
ok 10 - Equals
</system-out>
    <testcase name="Equals (173)" classname="spec_perl_TestSwitchManualIntSize_t" time="0.000728845596313477" />
    <testcase name="Equals (174)" classname="spec_perl_TestSwitchManualIntSize_t" time="0.000101089477539062" />
    <testcase name="Equals (175)" classname="spec_perl_TestSwitchManualIntSize_t" time="5.79357147216797e-05" />
    <testcase name="Equals (176)" classname="spec_perl_TestSwitchManualIntSize_t" time="0.000141143798828125" />
    <testcase name="Equals (177)" classname="spec_perl_TestSwitchManualIntSize_t" time="0.000126838684082031" />
    <testcase name="test switch manual int size (177)" classname="spec_perl_TestSwitchManualIntSize_t" time="0.00322699546813965">
      <failure message="not ok 6 - test switch manual int size" type="TAP::Parser::Result::Test"></failure>
    </testcase>
    <testcase name="Equals (178)" classname="spec_perl_TestSwitchManualIntSize_t" time="0.000146150588989258" />
    <testcase name="Equals (179)" classname="spec_perl_TestSwitchManualIntSize_t" time="5.48362731933594e-05" />
    <testcase name="Equals (180)" classname="spec_perl_TestSwitchManualIntSize_t" time="5.91278076171875e-05" />
    <testcase name="Equals (181)" classname="spec_perl_TestSwitchManualIntSize_t" time="0.00309991836547852" />
  </testsuite>
  <testsuite name="spec_perl_TestProcessRepeatBytes_t" errors="0" failures="0" skipped="0" tests="2" time="0.0537948608398438">
    <system-out>1..2
ok 1 - Equals
ok 2 - Equals
</system-out>
    <testcase name="Equals (182)" classname="spec_perl_TestProcessRepeatBytes_t" time="0.000261068344116211" />
    <testcase name="Equals (183)" classname="spec_perl_TestProcessRepeatBytes_t" time="8.08238983154297e-05" />
  </testsuite>
  <testsuite name="spec_perl_TestEnumForUnknownId_t" errors="0" failures="0" skipped="0" tests="1" time="0.0454108715057373">
    <system-out>1..1
ok 1 - Equals
</system-out>
    <testcase name="Equals (184)" classname="spec_perl_TestEnumForUnknownId_t" time="0.000257015228271484" />
  </testsuite>
  <testsuite name="spec_perl_TestExprCalcArrayOps_t" errors="0" failures="1" skipped="17" tests="18" time="0.0569620132446289">
    <system-out>1..18
not ok 1 - test_expr_calc_array_ops died (Can't use string (&quot;1000&quot;) as an ARRAY ref while &quot;strict refs&quot; in use at compiled/perl/ExprCalcArrayOps.pm line 50.)
ok 2 # skip test_expr_calc_array_ops died
ok 3 # skip test_expr_calc_array_ops died
ok 4 # skip test_expr_calc_array_ops died
ok 5 # skip test_expr_calc_array_ops died
ok 6 # skip test_expr_calc_array_ops died
ok 7 # skip test_expr_calc_array_ops died
ok 8 # skip test_expr_calc_array_ops died
ok 9 # skip test_expr_calc_array_ops died
ok 10 # skip test_expr_calc_array_ops died
ok 11 # skip test_expr_calc_array_ops died
ok 12 # skip test_expr_calc_array_ops died
ok 13 # skip test_expr_calc_array_ops died
ok 14 # skip test_expr_calc_array_ops died
ok 15 # skip test_expr_calc_array_ops died
ok 16 # skip test_expr_calc_array_ops died
ok 17 # skip test_expr_calc_array_ops died
ok 18 # skip test_expr_calc_array_ops died
</system-out>
    <testcase name="test_expr_calc_array_ops died (Can't use string (&quot;1000&quot;) as an ARRAY ref while &quot;strict refs&quot; in use at compiled/perl/ExprCalcArrayOps.pm line 50.) (184)" classname="spec_perl_TestExprCalcArrayOps_t" time="0.00108814239501953">
      <failure message="not ok 1 - test_expr_calc_array_ops died (Can't use string (&quot;1000&quot;) as an ARRAY ref while &quot;strict refs&quot; in use at compiled/perl/ExprCalcArrayOps.pm line 50.)" type="TAP::Parser::Result::Test"></failure>
    </testcase>
    <testcase name="Unnamed test case 184" classname="spec_perl_TestExprCalcArrayOps_t" time="0.000962018966674805">
      <skipped message="ok 2 # skip test_expr_calc_array_ops died" />
    </testcase>
    <testcase name="Unnamed test case 185" classname="spec_perl_TestExprCalcArrayOps_t" time="0.000477790832519531">
      <skipped message="ok 3 # skip test_expr_calc_array_ops died" />
    </testcase>
    <testcase name="Unnamed test case 186" classname="spec_perl_TestExprCalcArrayOps_t" time="0.000359058380126953">
      <skipped message="ok 4 # skip test_expr_calc_array_ops died" />
    </testcase>
    <testcase name="Unnamed test case 187" classname="spec_perl_TestExprCalcArrayOps_t" time="0.000332117080688477">
      <skipped message="ok 5 # skip test_expr_calc_array_ops died" />
    </testcase>
    <testcase name="Unnamed test case 188" classname="spec_perl_TestExprCalcArrayOps_t" time="0.000479936599731445">
      <skipped message="ok 6 # skip test_expr_calc_array_ops died" />
    </testcase>
    <testcase name="Unnamed test case 189" classname="spec_perl_TestExprCalcArrayOps_t" time="0.000531911849975586">
      <skipped message="ok 7 # skip test_expr_calc_array_ops died" />
    </testcase>
    <testcase name="Unnamed test case 190" classname="spec_perl_TestExprCalcArrayOps_t" time="0.000285148620605469">
      <skipped message="ok 8 # skip test_expr_calc_array_ops died" />
    </testcase>
    <testcase name="Unnamed test case 191" classname="spec_perl_TestExprCalcArrayOps_t" time="0.00023198127746582">
      <skipped message="ok 9 # skip test_expr_calc_array_ops died" />
    </testcase>
    <testcase name="Unnamed test case 192" classname="spec_perl_TestExprCalcArrayOps_t" time="0.000211000442504883">
      <skipped message="ok 10 # skip test_expr_calc_array_ops died" />
    </testcase>
    <testcase name="Unnamed test case 193" classname="spec_perl_TestExprCalcArrayOps_t" time="0.000210046768188477">
      <skipped message="ok 11 # skip test_expr_calc_array_ops died" />
    </testcase>
    <testcase name="Unnamed test case 194" classname="spec_perl_TestExprCalcArrayOps_t" time="0.00020599365234375">
      <skipped message="ok 12 # skip test_expr_calc_array_ops died" />
    </testcase>
    <testcase name="Unnamed test case 195" classname="spec_perl_TestExprCalcArrayOps_t" time="0.000223875045776367">
      <skipped message="ok 13 # skip test_expr_calc_array_ops died" />
    </testcase>
    <testcase name="Unnamed test case 196" classname="spec_perl_TestExprCalcArrayOps_t" time="0.000211000442504883">
      <skipped message="ok 14 # skip test_expr_calc_array_ops died" />
    </testcase>
    <testcase name="Unnamed test case 197" classname="spec_perl_TestExprCalcArrayOps_t" time="0.000200986862182617">
      <skipped message="ok 15 # skip test_expr_calc_array_ops died" />
    </testcase>
    <testcase name="Unnamed test case 198" classname="spec_perl_TestExprCalcArrayOps_t" time="0.00020599365234375">
      <skipped message="ok 16 # skip test_expr_calc_array_ops died" />
    </testcase>
    <testcase name="Unnamed test case 199" classname="spec_perl_TestExprCalcArrayOps_t" time="0.00020599365234375">
      <skipped message="ok 17 # skip test_expr_calc_array_ops died" />
    </testcase>
    <testcase name="Unnamed test case 200" classname="spec_perl_TestExprCalcArrayOps_t" time="0.000219106674194336">
      <skipped message="ok 18 # skip test_expr_calc_array_ops died" />
    </testcase>
  </testsuite>
  <testsuite name="spec_perl_TestImportsCircularA_t" errors="0" failures="0" skipped="0" tests="5" time="0.0458528995513916">
    <system-out>1..5
ok 1 - Equals
ok 2 - Equals
ok 3 - Equals
ok 4 - Equals
ok 5 - nil
</system-out>
    <testcase name="Equals (200)" classname="spec_perl_TestImportsCircularA_t" time="0.000277996063232422" />
    <testcase name="Equals (201)" classname="spec_perl_TestImportsCircularA_t" time="8.29696655273438e-05" />
    <testcase name="Equals (202)" classname="spec_perl_TestImportsCircularA_t" time="0.000137090682983398" />
    <testcase name="Equals (203)" classname="spec_perl_TestImportsCircularA_t" time="0.000134944915771484" />
    <testcase name="nil (203)" classname="spec_perl_TestImportsCircularA_t" time="6.00814819335938e-05" />
  </testsuite>
  <testsuite name="spec_perl_TestProcessCoerceUsertype2_t" errors="0" failures="0" skipped="0" tests="4" time="0.0445890426635742">
    <system-out>1..4
ok 1 - Equals
ok 2 - Equals
ok 3 - Equals
ok 4 - Equals
</system-out>
    <testcase name="Equals (204)" classname="spec_perl_TestProcessCoerceUsertype2_t" time="0.000591039657592773" />
    <testcase name="Equals (205)" classname="spec_perl_TestProcessCoerceUsertype2_t" time="9.79900360107422e-05" />
    <testcase name="Equals (206)" classname="spec_perl_TestProcessCoerceUsertype2_t" time="5.81741333007812e-05" />
    <testcase name="Equals (207)" classname="spec_perl_TestProcessCoerceUsertype2_t" time="0.000118017196655273" />
  </testsuite>
  <testsuite name="spec_perl_TestExprIoEof_t" errors="0" failures="0" skipped="0" tests="4" time="0.0534319877624512">
    <system-out>1..4
ok 1 - Equals
ok 2 - nil
ok 3 - Equals
ok 4 - Equals
</system-out>
    <testcase name="Equals (208)" classname="spec_perl_TestExprIoEof_t" time="0.000586032867431641" />
    <testcase name="nil (208)" classname="spec_perl_TestExprIoEof_t" time="9.79900360107422e-05" />
    <testcase name="Equals (209)" classname="spec_perl_TestExprIoEof_t" time="4.69684600830078e-05" />
    <testcase name="Equals (210)" classname="spec_perl_TestExprIoEof_t" time="5.41210174560547e-05" />
  </testsuite>
  <testsuite name="spec_perl_TestExprIfIntOps_t" errors="0" failures="0" skipped="0" tests="2" time="0.0432980060577393">
    <system-out>1..2
ok 1 - Equals
ok 2 - Equals
</system-out>
    <testcase name="Equals (211)" classname="spec_perl_TestExprIfIntOps_t" time="0.000227928161621094" />
    <testcase name="Equals (212)" classname="spec_perl_TestExprIfIntOps_t" time="7.51018524169922e-05" />
  </testsuite>
  <testsuite name="spec_perl_TestBitsSignedB32Le_t" errors="0" failures="0" skipped="0" tests="4" time="0.0456531047821045">
    <system-out>1..4
ok 1 - Equals
ok 2 - Equals
ok 3 - Equals
ok 4 - Equals
</system-out>
    <testcase name="Equals (213)" classname="spec_perl_TestBitsSignedB32Le_t" time="0.000265836715698242" />
    <testcase name="Equals (214)" classname="spec_perl_TestBitsSignedB32Le_t" time="7.70092010498047e-05" />
    <testcase name="Equals (215)" classname="spec_perl_TestBitsSignedB32Le_t" time="0.000143051147460938" />
    <testcase name="Equals (216)" classname="spec_perl_TestBitsSignedB32Le_t" time="0.000168085098266602" />
  </testsuite>
  <testsuite name="spec_perl_TestIfValues_t" errors="0" failures="0" skipped="0" tests="6" time="0.0445001125335693">
    <system-out>1..6
ok 1 - Equals
ok 2 - Equals
ok 3 - Equals
ok 4 - nil
ok 5 - Equals
ok 6 - nil
</system-out>
    <testcase name="Equals (217)" classname="spec_perl_TestIfValues_t" time="0.000253915786743164" />
    <testcase name="Equals (218)" classname="spec_perl_TestIfValues_t" time="7.79628753662109e-05" />
    <testcase name="Equals (219)" classname="spec_perl_TestIfValues_t" time="0.000126123428344727" />
    <testcase name="nil (219)" classname="spec_perl_TestIfValues_t" time="5.98430633544922e-05" />
    <testcase name="Equals (220)" classname="spec_perl_TestIfValues_t" time="0.000144004821777344" />
    <testcase name="nil (220)" classname="spec_perl_TestIfValues_t" time="6.00814819335938e-05" />
  </testsuite>
  <testsuite name="spec_perl_TestTypeTernaryOpaque_t" errors="0" failures="0" skipped="0" tests="3" time="0.0476930141448975">
    <system-out>1..3
ok 1 - Equals
ok 2 - Equals
ok 3 - Equals
</system-out>
    <testcase name="Equals (221)" classname="spec_perl_TestTypeTernaryOpaque_t" time="0.000642061233520508" />
    <testcase name="Equals (222)" classname="spec_perl_TestTypeTernaryOpaque_t" time="0.000103950500488281" />
    <testcase name="Equals (223)" classname="spec_perl_TestTypeTernaryOpaque_t" time="5.81741333007812e-05" />
  </testsuite>
  <testsuite name="spec_perl_TestEofExceptionU4_t" errors="0" failures="0" skipped="0" tests="1" time="0.0455501079559326">
    <system-out>1..1
ok 1 - Died
</system-out>
    <testcase name="Died (223)" classname="spec_perl_TestEofExceptionU4_t" time="0.000167131423950195" />
  </testsuite>
  <testsuite name="spec_perl_TestIndexToParamUntil_t" errors="0" failures="2" skipped="0" tests="7" time="0.0673739910125732">
    <system-out>1..7
ok 1 - Equals
ok 2 - Equals
ok 3 - Equals
ok 4 - Equals
ok 5 - Equals
not ok 6 - Equals
not ok 7 - Equals
</system-out>
    <testcase name="Equals (224)" classname="spec_perl_TestIndexToParamUntil_t" time="0.00522994995117188" />
    <testcase name="Equals (225)" classname="spec_perl_TestIndexToParamUntil_t" time="0.00191903114318848" />
    <testcase name="Equals (226)" classname="spec_perl_TestIndexToParamUntil_t" time="0.000751018524169922" />
    <testcase name="Equals (227)" classname="spec_perl_TestIndexToParamUntil_t" time="0.000381946563720703" />
    <testcase name="Equals (228)" classname="spec_perl_TestIndexToParamUntil_t" time="0.000136852264404297" />
    <testcase name="Equals (229)" classname="spec_perl_TestIndexToParamUntil_t" time="0.000282049179077148">
      <failure message="not ok 6 - Equals" type="TAP::Parser::Result::Test"></failure>
    </testcase>
    <testcase name="Equals (230)" classname="spec_perl_TestIndexToParamUntil_t" time="0.00110101699829102">
      <failure message="not ok 7 - Equals" type="TAP::Parser::Result::Test"></failure>
    </testcase>
  </testsuite>
  <testsuite name="spec_perl_TestExpr3_t" errors="0" failures="0" skipped="0" tests="12" time="0.0482199192047119">
    <system-out>1..12
ok 1 - Equals
ok 2 - Equals
ok 3 - Equals
ok 4 - Equals
ok 5 - Equals
ok 6 - Equals
ok 7 - Equals
ok 8 - Equals
ok 9 - Equals
ok 10 - Equals
ok 11 - Equals
ok 12 - Equals
</system-out>
    <testcase name="Equals (231)" classname="spec_perl_TestExpr3_t" time="0.000239133834838867" />
    <testcase name="Equals (232)" classname="spec_perl_TestExpr3_t" time="8.20159912109375e-05" />
    <testcase name="Equals (233)" classname="spec_perl_TestExpr3_t" time="0.00014495849609375" />
    <testcase name="Equals (234)" classname="spec_perl_TestExpr3_t" time="0.000123977661132812" />
    <testcase name="Equals (235)" classname="spec_perl_TestExpr3_t" time="0.000138044357299805" />
    <testcase name="Equals (236)" classname="spec_perl_TestExpr3_t" time="0.000124931335449219" />
    <testcase name="Equals (237)" classname="spec_perl_TestExpr3_t" time="0.000125885009765625" />
    <testcase name="Equals (238)" classname="spec_perl_TestExpr3_t" time="0.000120162963867188" />
    <testcase name="Equals (239)" classname="spec_perl_TestExpr3_t" time="0.000145912170410156" />
    <testcase name="Equals (240)" classname="spec_perl_TestExpr3_t" time="0.000145912170410156" />
    <testcase name="Equals (241)" classname="spec_perl_TestExpr3_t" time="0.000161170959472656" />
    <testcase name="Equals (242)" classname="spec_perl_TestExpr3_t" time="0.000113010406494141" />
  </testsuite>
  <testsuite name="spec_perl_TestRecursiveOne_t" errors="0" failures="0" skipped="0" tests="4" time="0.0446360111236572">
    <system-out>1..4
ok 1 - Equals
ok 2 - Equals
ok 3 - Equals
ok 4 - Equals
</system-out>
    <testcase name="Equals (243)" classname="spec_perl_TestRecursiveOne_t" time="0.000273942947387695" />
    <testcase name="Equals (244)" classname="spec_perl_TestRecursiveOne_t" time="8.29696655273438e-05" />
    <testcase name="Equals (245)" classname="spec_perl_TestRecursiveOne_t" time="0.000130891799926758" />
    <testcase name="Equals (246)" classname="spec_perl_TestRecursiveOne_t" time="0.000140190124511719" />
  </testsuite>
  <testsuite name="spec_perl_TestSwitchManualStrElse_t" errors="0" failures="0" skipped="0" tests="9" time="0.0496690273284912">
    <system-out>1..9
ok 1 - Equals
ok 2 - Equals
ok 3 - Equals
ok 4 - Equals
ok 5 - Equals
ok 6 - Equals
ok 7 - Equals
ok 8 - Equals
ok 9 - Equals
</system-out>
    <testcase name="Equals (247)" classname="spec_perl_TestSwitchManualStrElse_t" time="0.000400066375732422" />
    <testcase name="Equals (248)" classname="spec_perl_TestSwitchManualStrElse_t" time="9.89437103271484e-05" />
    <testcase name="Equals (249)" classname="spec_perl_TestSwitchManualStrElse_t" time="0.000107049942016602" />
    <testcase name="Equals (250)" classname="spec_perl_TestSwitchManualStrElse_t" time="8.392333984375e-05" />
    <testcase name="Equals (251)" classname="spec_perl_TestSwitchManualStrElse_t" time="0.000163078308105469" />
    <testcase name="Equals (252)" classname="spec_perl_TestSwitchManualStrElse_t" time="0.000136852264404297" />
    <testcase name="Equals (253)" classname="spec_perl_TestSwitchManualStrElse_t" time="0.000123023986816406" />
    <testcase name="Equals (254)" classname="spec_perl_TestSwitchManualStrElse_t" time="0.000149011611938477" />
    <testcase name="Equals (255)" classname="spec_perl_TestSwitchManualStrElse_t" time="0.000133037567138672" />
  </testsuite>
  <testsuite name="spec_perl_TestDebugSwitchUser_t" errors="1" failures="0" skipped="0" tests="0" time="0.0582931041717529">
    <system-out></system-out>
    <testcase name="Test died too soon, even before plan. (255)" classname="spec_perl_TestDebugSwitchUser_t" time="0.0582931041717529">
      <failure message="The test suite died before a plan was produced. You need to have a plan." type="Plan">No plan</failure>
    </testcase>
  </testsuite>
  <testsuite name="spec_perl_TestMetaTags_t" errors="0" failures="0" skipped="1" tests="1" time="0.0447778701782227">
    <system-out>1..1
ok 1 # skip MetaTags=HASH(0x1f9e650)
</system-out>
    <testcase name="Unnamed test case 255" classname="spec_perl_TestMetaTags_t" time="0.00132298469543457">
      <skipped message="ok 1 # skip MetaTags=HASH(0x1f9e650)" />
    </testcase>
  </testsuite>
  <testsuite name="spec_perl_TestDebugEnumName_t" errors="1" failures="0" skipped="0" tests="0" time="0.0433320999145508">
    <system-out></system-out>
    <testcase name="Test died too soon, even before plan. (256)" classname="spec_perl_TestDebugEnumName_t" time="0.0433320999145508">
      <failure message="The test suite died before a plan was produced. You need to have a plan." type="Plan">No plan</failure>
    </testcase>
  </testsuite>
  <testsuite name="spec_perl_TestBcdUserTypeBe_t" errors="0" failures="0" skipped="0" tests="6" time="0.0451619625091553">
    <system-out>1..6
ok 1 - Equals
ok 2 - Equals
ok 3 - Equals
ok 4 - Equals
ok 5 - Equals
ok 6 - Equals
</system-out>
    <testcase name="Equals (256)" classname="spec_perl_TestBcdUserTypeBe_t" time="0.000636816024780273" />
    <testcase name="Equals (257)" classname="spec_perl_TestBcdUserTypeBe_t" time="0.000104188919067383" />
    <testcase name="Equals (258)" classname="spec_perl_TestBcdUserTypeBe_t" time="5.48362731933594e-05" />
    <testcase name="Equals (259)" classname="spec_perl_TestBcdUserTypeBe_t" time="0.000176191329956055" />
    <testcase name="Equals (260)" classname="spec_perl_TestBcdUserTypeBe_t" time="0.000147819519042969" />
    <testcase name="Equals (261)" classname="spec_perl_TestBcdUserTypeBe_t" time="0.000151157379150391" />
  </testsuite>
  <testsuite name="spec_perl_TestValidNotParsedIf_t" errors="0" failures="0" skipped="1" tests="1" time="0.0444340705871582">
    <system-out>1..1
ok 1 # skip ValidNotParsedIf=HASH(0x1c44748)
</system-out>
    <testcase name="Unnamed test case 261" classname="spec_perl_TestValidNotParsedIf_t" time="0.00127077102661133">
      <skipped message="ok 1 # skip ValidNotParsedIf=HASH(0x1c44748)" />
    </testcase>
  </testsuite>
  <testsuite name="spec_perl_TestExprMod_t" errors="0" failures="0" skipped="0" tests="6" time="0.0471940040588379">
    <system-out>1..6
ok 1 - Equals
ok 2 - Equals
ok 3 - Equals
ok 4 - Equals
ok 5 - Equals
ok 6 - Equals
</system-out>
    <testcase name="Equals (262)" classname="spec_perl_TestExprMod_t" time="0.000257968902587891" />
    <testcase name="Equals (263)" classname="spec_perl_TestExprMod_t" time="0.000105857849121094" />
    <testcase name="Equals (264)" classname="spec_perl_TestExprMod_t" time="8.0108642578125e-05" />
    <testcase name="Equals (265)" classname="spec_perl_TestExprMod_t" time="0.000161886215209961" />
    <testcase name="Equals (266)" classname="spec_perl_TestExprMod_t" time="9.51290130615234e-05" />
    <testcase name="Equals (267)" classname="spec_perl_TestExprMod_t" time="0.000186920166015625" />
  </testsuite>
  <testsuite name="spec_perl_TestValidLong_t" errors="0" failures="0" skipped="1" tests="1" time="0.0479061603546143">
    <system-out>1..1
ok 1 # skip ValidLong=HASH(0x1b7eb20)
</system-out>
    <testcase name="Unnamed test case 267" classname="spec_perl_TestValidLong_t" time="0.00134611129760742">
      <skipped message="ok 1 # skip ValidLong=HASH(0x1b7eb20)" />
    </testcase>
  </testsuite>
  <testsuite name="spec_perl_TestSwitchManualEnumInvalid_t" errors="0" failures="0" skipped="0" tests="5" time="0.0475661754608154">
    <system-out>1..5
ok 1 - Equals
ok 2 - Equals
ok 3 - nil
ok 4 - Equals
ok 5 - nil
</system-out>
    <testcase name="Equals (268)" classname="spec_perl_TestSwitchManualEnumInvalid_t" time="0.000267982482910156" />
    <testcase name="Equals (269)" classname="spec_perl_TestSwitchManualEnumInvalid_t" time="8.29696655273438e-05" />
    <testcase name="nil (269)" classname="spec_perl_TestSwitchManualEnumInvalid_t" time="5.69820404052734e-05" />
    <testcase name="Equals (270)" classname="spec_perl_TestSwitchManualEnumInvalid_t" time="0.000155925750732422" />
    <testcase name="nil (270)" classname="spec_perl_TestSwitchManualEnumInvalid_t" time="7.89165496826172e-05" />
  </testsuite>
  <testsuite name="spec_perl_TestSwitchManualIntSizeEos_t" errors="0" failures="0" skipped="0" tests="10" time="0.0488710403442383">
    <system-out>1..10
ok 1 - Equals
ok 2 - Equals
ok 3 - Equals
ok 4 - Equals
ok 5 - Equals
ok 6 - Equals
ok 7 - Equals
ok 8 - Equals
ok 9 - Equals
ok 10 - Equals
</system-out>
    <testcase name="Equals (271)" classname="spec_perl_TestSwitchManualIntSizeEos_t" time="0.00076603889465332" />
    <testcase name="Equals (272)" classname="spec_perl_TestSwitchManualIntSizeEos_t" time="0.000101804733276367" />
    <testcase name="Equals (273)" classname="spec_perl_TestSwitchManualIntSizeEos_t" time="5.81741333007812e-05" />
    <testcase name="Equals (274)" classname="spec_perl_TestSwitchManualIntSizeEos_t" time="0.00011897087097168" />
    <testcase name="Equals (275)" classname="spec_perl_TestSwitchManualIntSizeEos_t" time="0.000174045562744141" />
    <testcase name="Equals (276)" classname="spec_perl_TestSwitchManualIntSizeEos_t" time="0.00018000602722168" />
    <testcase name="Equals (277)" classname="spec_perl_TestSwitchManualIntSizeEos_t" time="0.000126838684082031" />
    <testcase name="Equals (278)" classname="spec_perl_TestSwitchManualIntSizeEos_t" time="0.000164031982421875" />
    <testcase name="Equals (279)" classname="spec_perl_TestSwitchManualIntSizeEos_t" time="0.000105142593383789" />
    <testcase name="Equals (280)" classname="spec_perl_TestSwitchManualIntSizeEos_t" time="0.000142812728881836" />
  </testsuite>
  <testsuite name="spec_perl_TestNavParentSwitchCast_t" errors="0" failures="0" skipped="0" tests="3" time="0.044727087020874">
    <system-out>1..3
ok 1 - Equals
ok 2 - Equals
ok 3 - Equals
</system-out>
    <testcase name="Equals (281)" classname="spec_perl_TestNavParentSwitchCast_t" time="0.00064396858215332" />
    <testcase name="Equals (282)" classname="spec_perl_TestNavParentSwitchCast_t" time="0.000107049942016602" />
    <testcase name="Equals (283)" classname="spec_perl_TestNavParentSwitchCast_t" time="5.69820404052734e-05" />
  </testsuite>
  <testsuite name="spec_perl_TestStrLiterals2_t" errors="0" failures="0" skipped="0" tests="4" time="0.0450880527496338">
    <system-out>1..4
ok 1 - Equals
ok 2 - Equals
ok 3 - Equals
ok 4 - Equals
</system-out>
    <testcase name="Equals (284)" classname="spec_perl_TestStrLiterals2_t" time="0.000252008438110352" />
    <testcase name="Equals (285)" classname="spec_perl_TestStrLiterals2_t" time="0.00011897087097168" />
    <testcase name="Equals (286)" classname="spec_perl_TestStrLiterals2_t" time="0.00014495849609375" />
    <testcase name="Equals (287)" classname="spec_perl_TestStrLiterals2_t" time="0.000144004821777344" />
  </testsuite>
  <testsuite name="spec_perl_TestParamsPassArrayStruct_t" errors="0" failures="1" skipped="2" tests="3" time="0.0491528511047363">
    <system-out>1..3
not ok 1 - test_params_pass_array_struct died (Can't use an undefined value as an ARRAY reference at spec/perl/TestParamsPassArrayStruct.t line 15.)
ok 2 # skip test_params_pass_array_struct died
ok 3 # skip test_params_pass_array_struct died
</system-out>
    <testcase name="test_params_pass_array_struct died (Can't use an undefined value as an ARRAY reference at spec/perl/TestParamsPassArrayStruct.t line 15.) (287)" classname="spec_perl_TestParamsPassArrayStruct_t" time="0.000313043594360352">
      <failure message="not ok 1 - test_params_pass_array_struct died (Can't use an undefined value as an ARRAY reference at spec/perl/TestParamsPassArrayStruct.t line 15.)" type="TAP::Parser::Result::Test"></failure>
    </testcase>
    <testcase name="Unnamed test case 287" classname="spec_perl_TestParamsPassArrayStruct_t" time="0.000503063201904297">
      <skipped message="ok 2 # skip test_params_pass_array_struct died" />
    </testcase>
    <testcase name="Unnamed test case 288" classname="spec_perl_TestParamsPassArrayStruct_t" time="0.000370979309082031">
      <skipped message="ok 3 # skip test_params_pass_array_struct died" />
    </testcase>
  </testsuite>
  <testsuite name="spec_perl_TestImportsAbsAbs_t" errors="0" failures="0" skipped="0" tests="3" time="0.0449011325836182">
    <system-out>1..3
ok 1 - Equals
ok 2 - Equals
ok 3 - Equals
</system-out>
    <testcase name="Equals (288)" classname="spec_perl_TestImportsAbsAbs_t" time="0.000283956527709961" />
    <testcase name="Equals (289)" classname="spec_perl_TestImportsAbsAbs_t" time="8.79764556884766e-05" />
    <testcase name="Equals (290)" classname="spec_perl_TestImportsAbsAbs_t" time="5.81741333007812e-05" />
  </testsuite>
  <testsuite name="spec_perl_TestEosExceptionBytes_t" errors="0" failures="0" skipped="0" tests="1" time="0.0458900928497314">
    <system-out>1..1
ok 1 - Died
</system-out>
    <testcase name="Died (290)" classname="spec_perl_TestEosExceptionBytes_t" time="0.000494956970214844" />
  </testsuite>
  <testsuite name="spec_perl_TestCombineStr_t" errors="0" failures="0" skipped="0" tests="15" time="0.0474741458892822">
    <system-out>1..15
ok 1 - Equals
ok 2 - Equals
ok 3 - Equals
ok 4 - Equals
ok 5 - Equals
ok 6 - Equals
ok 7 - Equals
ok 8 - Equals
ok 9 - Equals
ok 10 - Equals
ok 11 - Equals
ok 12 - Equals
ok 13 - Equals
ok 14 - Equals
ok 15 - Equals
</system-out>
    <testcase name="Equals (291)" classname="spec_perl_TestCombineStr_t" time="0.000253915786743164" />
    <testcase name="Equals (292)" classname="spec_perl_TestCombineStr_t" time="7.91549682617188e-05" />
    <testcase name="Equals (293)" classname="spec_perl_TestCombineStr_t" time="0.000119924545288086" />
    <testcase name="Equals (294)" classname="spec_perl_TestCombineStr_t" time="0.00014495849609375" />
    <testcase name="Equals (295)" classname="spec_perl_TestCombineStr_t" time="0.00014495849609375" />
    <testcase name="Equals (296)" classname="spec_perl_TestCombineStr_t" time="0.0001220703125" />
    <testcase name="Equals (297)" classname="spec_perl_TestCombineStr_t" time="0.000154018402099609" />
    <testcase name="Equals (298)" classname="spec_perl_TestCombineStr_t" time="0.000124931335449219" />
    <testcase name="Equals (299)" classname="spec_perl_TestCombineStr_t" time="0.000142097473144531" />
    <testcase name="Equals (300)" classname="spec_perl_TestCombineStr_t" time="0.000123977661132812" />
    <testcase name="Equals (301)" classname="spec_perl_TestCombineStr_t" time="0.000128030776977539" />
    <testcase name="Equals (302)" classname="spec_perl_TestCombineStr_t" time="0.00011897087097168" />
    <testcase name="Equals (303)" classname="spec_perl_TestCombineStr_t" time="0.000154018402099609" />
    <testcase name="Equals (304)" classname="spec_perl_TestCombineStr_t" time="0.000119924545288086" />
    <testcase name="Equals (305)" classname="spec_perl_TestCombineStr_t" time="0.000182151794433594" />
  </testsuite>
  <testsuite name="spec_perl_TestInstanceStd_t" errors="0" failures="0" skipped="0" tests="1" time="0.0476651191711426">
    <system-out>1..1
ok 1 - Equals
</system-out>
    <testcase name="Equals (306)" classname="spec_perl_TestInstanceStd_t" time="0.00029301643371582" />
  </testsuite>
  <testsuite name="spec_perl_TestImportsAbs_t" errors="0" failures="0" skipped="0" tests="2" time="0.0448338985443115">
    <system-out>1..2
ok 1 - Equals
ok 2 - Equals
</system-out>
    <testcase name="Equals (307)" classname="spec_perl_TestImportsAbs_t" time="0.000320911407470703" />
    <testcase name="Equals (308)" classname="spec_perl_TestImportsAbs_t" time="8.392333984375e-05" />
  </testsuite>
  <testsuite name="spec_perl_TestPositionToEnd_t" errors="0" failures="0" skipped="0" tests="2" time="0.0439858436584473">
    <system-out>1..2
ok 1 - Equals
ok 2 - Equals
</system-out>
    <testcase name="Equals (309)" classname="spec_perl_TestPositionToEnd_t" time="0.000278949737548828" />
    <testcase name="Equals (310)" classname="spec_perl_TestPositionToEnd_t" time="9.10758972167969e-05" />
  </testsuite>
  <testsuite name="spec_perl_TestProcessToUser_t" errors="0" failures="0" skipped="0" tests="1" time="0.0473611354827881">
    <system-out>1..1
ok 1 - Equals
</system-out>
    <testcase name="Equals (311)" classname="spec_perl_TestProcessToUser_t" time="0.000608921051025391" />
  </testsuite>
  <testsuite name="spec_perl_TestPositionInSeq_t" errors="0" failures="0" skipped="0" tests="1" time="0.0437679290771484">
    <system-out>1..1
ok 1 - Equals
</system-out>
    <testcase name="Equals (312)" classname="spec_perl_TestPositionInSeq_t" time="0.000256061553955078" />
  </testsuite>
  <testsuite name="spec_perl_TestNavParentFalse_t" errors="0" failures="0" skipped="0" tests="5" time="0.044827938079834">
    <system-out>1..5
ok 1 - Equals
ok 2 - Equals
ok 3 - Equals
ok 4 - Equals
ok 5 - Equals
</system-out>
    <testcase name="Equals (313)" classname="spec_perl_TestNavParentFalse_t" time="0.00032496452331543" />
    <testcase name="Equals (314)" classname="spec_perl_TestNavParentFalse_t" time="0.000101089477539062" />
    <testcase name="Equals (315)" classname="spec_perl_TestNavParentFalse_t" time="5.79357147216797e-05" />
    <testcase name="Equals (316)" classname="spec_perl_TestNavParentFalse_t" time="0.000140905380249023" />
    <testcase name="Equals (317)" classname="spec_perl_TestNavParentFalse_t" time="0.000120162963867188" />
  </testsuite>
  <testsuite name="spec_perl_TestImportsAbsRel_t" errors="0" failures="0" skipped="0" tests="3" time="0.044713020324707">
    <system-out>1..3
ok 1 - Equals
ok 2 - Equals
ok 3 - Equals
</system-out>
    <testcase name="Equals (318)" classname="spec_perl_TestImportsAbsRel_t" time="0.000252962112426758" />
    <testcase name="Equals (319)" classname="spec_perl_TestImportsAbsRel_t" time="8.0108642578125e-05" />
    <testcase name="Equals (320)" classname="spec_perl_TestImportsAbsRel_t" time="0.00014495849609375" />
  </testsuite>
  <testsuite name="spec_perl_TestExprIoPos_t" errors="0" failures="0" skipped="0" tests="6" time="0.0478761196136475">
    <system-out>1..6
ok 1 - Equals
ok 2 - Equals
ok 3 - Equals
ok 4 - Equals
ok 5 - Equals
ok 6 - Equals
</system-out>
    <testcase name="Equals (321)" classname="spec_perl_TestExprIoPos_t" time="0.000589847564697266" />
    <testcase name="Equals (322)" classname="spec_perl_TestExprIoPos_t" time="0.000128030776977539" />
    <testcase name="Equals (323)" classname="spec_perl_TestExprIoPos_t" time="6.69956207275391e-05" />
    <testcase name="Equals (324)" classname="spec_perl_TestExprIoPos_t" time="5.81741333007812e-05" />
    <testcase name="Equals (325)" classname="spec_perl_TestExprIoPos_t" time="0.000150918960571289" />
    <testcase name="Equals (326)" classname="spec_perl_TestExprIoPos_t" time="0.000119924545288086" />
  </testsuite>
  <testsuite name="spec_perl_TestEnumIf_t" errors="0" failures="0" skipped="0" tests="7" time="0.0502350330352783">
    <system-out>1..7
ok 1 - Equals
ok 2 - Equals
ok 3 - Equals
ok 4 - Equals
ok 5 - Equals
ok 6 - Equals
ok 7 - Equals
</system-out>
    <testcase name="Equals (327)" classname="spec_perl_TestEnumIf_t" time="0.00038909912109375" />
    <testcase name="Equals (328)" classname="spec_perl_TestEnumIf_t" time="8.70227813720703e-05" />
    <testcase name="Equals (329)" classname="spec_perl_TestEnumIf_t" time="0.000111818313598633" />
    <testcase name="Equals (330)" classname="spec_perl_TestEnumIf_t" time="0.000150203704833984" />
    <testcase name="Equals (331)" classname="spec_perl_TestEnumIf_t" time="0.000164985656738281" />
    <testcase name="Equals (332)" classname="spec_perl_TestEnumIf_t" time="0.000128984451293945" />
    <testcase name="Equals (333)" classname="spec_perl_TestEnumIf_t" time="0.000150918960571289" />
  </testsuite>
  <testsuite name="spec_perl_TestRepeatEosStruct_t" errors="0" failures="0" skipped="0" tests="5" time="0.0444130897521973">
    <system-out>1..5
ok 1 - Equals
ok 2 - Equals
ok 3 - Equals
ok 4 - Equals
ok 5 - Equals
</system-out>
    <testcase name="Equals (334)" classname="spec_perl_TestRepeatEosStruct_t" time="0.000319004058837891" />
    <testcase name="Equals (335)" classname="spec_perl_TestRepeatEosStruct_t" time="0.000111818313598633" />
    <testcase name="Equals (336)" classname="spec_perl_TestRepeatEosStruct_t" time="6.81877136230469e-05" />
    <testcase name="Equals (337)" classname="spec_perl_TestRepeatEosStruct_t" time="8.29696655273438e-05" />
    <testcase name="Equals (338)" classname="spec_perl_TestRepeatEosStruct_t" time="0.000151872634887695" />
  </testsuite>
  <testsuite name="spec_perl_TestParamsPassArrayStr_t" errors="0" failures="1" skipped="6" tests="7" time="0.0548090934753418">
    <system-out>1..7
not ok 1 - test_params_pass_array_str died (Can't use an undefined value as an ARRAY reference at spec/perl/TestParamsPassArrayStr.t line 15.)
ok 2 # skip test_params_pass_array_str died
ok 3 # skip test_params_pass_array_str died
ok 4 # skip test_params_pass_array_str died
ok 5 # skip test_params_pass_array_str died
ok 6 # skip test_params_pass_array_str died
ok 7 # skip test_params_pass_array_str died
</system-out>
    <testcase name="test_params_pass_array_str died (Can't use an undefined value as an ARRAY reference at spec/perl/TestParamsPassArrayStr.t line 15.) (338)" classname="spec_perl_TestParamsPassArrayStr_t" time="0.000927925109863281">
      <failure message="not ok 1 - test_params_pass_array_str died (Can't use an undefined value as an ARRAY reference at spec/perl/TestParamsPassArrayStr.t line 15.)" type="TAP::Parser::Result::Test"></failure>
    </testcase>
    <testcase name="Unnamed test case 338" classname="spec_perl_TestParamsPassArrayStr_t" time="0.000520944595336914">
      <skipped message="ok 2 # skip test_params_pass_array_str died" />
    </testcase>
    <testcase name="Unnamed test case 339" classname="spec_perl_TestParamsPassArrayStr_t" time="0.000514984130859375">
      <skipped message="ok 3 # skip test_params_pass_array_str died" />
    </testcase>
    <testcase name="Unnamed test case 340" classname="spec_perl_TestParamsPassArrayStr_t" time="0.000342130661010742">
      <skipped message="ok 4 # skip test_params_pass_array_str died" />
    </testcase>
    <testcase name="Unnamed test case 341" classname="spec_perl_TestParamsPassArrayStr_t" time="0.000331878662109375">
      <skipped message="ok 5 # skip test_params_pass_array_str died" />
    </testcase>
    <testcase name="Unnamed test case 342" classname="spec_perl_TestParamsPassArrayStr_t" time="0.000432968139648438">
      <skipped message="ok 6 # skip test_params_pass_array_str died" />
    </testcase>
    <testcase name="Unnamed test case 343" classname="spec_perl_TestParamsPassArrayStr_t" time="0.000327110290527344">
      <skipped message="ok 7 # skip test_params_pass_array_str died" />
    </testcase>
  </testsuite>
  <testsuite name="spec_perl_TestZlibSurrounded_t" errors="0" failures="0" skipped="0" tests="1" time="0.0650930404663086">
    <system-out>1..1
ok 1 - Equals
</system-out>
    <testcase name="Equals (343)" classname="spec_perl_TestZlibSurrounded_t" time="0.000668048858642578" />
  </testsuite>
  <testsuite name="spec_perl_TestNavParent3_t" errors="0" failures="0" skipped="0" tests="10" time="0.0488379001617432">
    <system-out>1..10
ok 1 - Equals
ok 2 - Equals
ok 3 - Equals
ok 4 - Equals
ok 5 - Equals
ok 6 - Equals
ok 7 - Equals
ok 8 - Equals
ok 9 - Equals
ok 10 - Equals
</system-out>
    <testcase name="Equals (344)" classname="spec_perl_TestNavParent3_t" time="0.000201940536499023" />
    <testcase name="Equals (345)" classname="spec_perl_TestNavParent3_t" time="7.10487365722656e-05" />
    <testcase name="Equals (346)" classname="spec_perl_TestNavParent3_t" time="0.000331878662109375" />
    <testcase name="Equals (347)" classname="spec_perl_TestNavParent3_t" time="9.01222229003906e-05" />
    <testcase name="Equals (348)" classname="spec_perl_TestNavParent3_t" time="5.98430633544922e-05" />
    <testcase name="Equals (349)" classname="spec_perl_TestNavParent3_t" time="0.000194072723388672" />
    <testcase name="Equals (350)" classname="spec_perl_TestNavParent3_t" time="9.48905944824219e-05" />
    <testcase name="Equals (351)" classname="spec_perl_TestNavParent3_t" time="0.000146150588989258" />
    <testcase name="Equals (352)" classname="spec_perl_TestNavParent3_t" time="0.000113010406494141" />
    <testcase name="Equals (353)" classname="spec_perl_TestNavParent3_t" time="0.000190973281860352" />
  </testsuite>
  <testsuite name="spec_perl_TestExprSizeofType0_t" errors="0" failures="0" skipped="0" tests="1" time="0.0455780029296875">
    <system-out>1..1
ok 1 - Equals
</system-out>
    <testcase name="Equals (354)" classname="spec_perl_TestExprSizeofType0_t" time="0.000295877456665039" />
  </testsuite>
  <testsuite name="spec_perl_TestExprArray_t" errors="0" failures="1" skipped="0" tests="15" time="0.0528440475463867">
    <system-out>1..15
ok 1 - Equals
ok 2 - Equals
ok 3 - Equals
ok 4 - Equals
ok 5 - Equals
ok 6 - Equals
ok 7 - Equals
ok 8 - Equals
not ok 9 - Equals
ok 10 - Equals
ok 11 - Equals
ok 12 - Equals
ok 13 - Equals
ok 14 - Equals
ok 15 - Equals
</system-out>
    <testcase name="Equals (355)" classname="spec_perl_TestExprArray_t" time="0.000730991363525391" />
    <testcase name="Equals (356)" classname="spec_perl_TestExprArray_t" time="9.79900360107422e-05" />
    <testcase name="Equals (357)" classname="spec_perl_TestExprArray_t" time="4.60147857666016e-05" />
    <testcase name="Equals (358)" classname="spec_perl_TestExprArray_t" time="8.20159912109375e-05" />
    <testcase name="Equals (359)" classname="spec_perl_TestExprArray_t" time="0.000169038772583008" />
    <testcase name="Equals (360)" classname="spec_perl_TestExprArray_t" time="0.000113010406494141" />
    <testcase name="Equals (361)" classname="spec_perl_TestExprArray_t" time="0.000146865844726562" />
    <testcase name="Equals (362)" classname="spec_perl_TestExprArray_t" time="0.000147104263305664" />
    <testcase name="Equals (363)" classname="spec_perl_TestExprArray_t" time="0.000260829925537109">
      <failure message="not ok 9 - Equals" type="TAP::Parser::Result::Test"></failure>
    </testcase>
    <testcase name="Equals (364)" classname="spec_perl_TestExprArray_t" time="0.00380611419677734" />
    <testcase name="Equals (365)" classname="spec_perl_TestExprArray_t" time="8.10623168945312e-05" />
    <testcase name="Equals (366)" classname="spec_perl_TestExprArray_t" time="3.60012054443359e-05" />
    <testcase name="Equals (367)" classname="spec_perl_TestExprArray_t" time="3.79085540771484e-05" />
    <testcase name="Equals (368)" classname="spec_perl_TestExprArray_t" time="3.19480895996094e-05" />
    <testcase name="Equals (369)" classname="spec_perl_TestExprArray_t" time="3.31401824951172e-05" />
  </testsuite>
  <testsuite name="spec_perl_TestImports0_t" errors="0" failures="0" skipped="0" tests="3" time="0.0447080135345459">
    <system-out>1..3
ok 1 - Equals
ok 2 - Equals
ok 3 - Equals
</system-out>
    <testcase name="Equals (370)" classname="spec_perl_TestImports0_t" time="0.000251054763793945" />
    <testcase name="Equals (371)" classname="spec_perl_TestImports0_t" time="0.000138998031616211" />
    <testcase name="Equals (372)" classname="spec_perl_TestImports0_t" time="5.98430633544922e-05" />
  </testsuite>
  <testsuite name="spec_perl_TestCastToTop_t" errors="0" failures="0" skipped="0" tests="3" time="0.0429079532623291">
    <system-out>1..3
ok 1 - Equals
ok 2 - Equals
ok 3 - Equals
</system-out>
    <testcase name="Equals (373)" classname="spec_perl_TestCastToTop_t" time="0.00019383430480957" />
    <testcase name="Equals (374)" classname="spec_perl_TestCastToTop_t" time="0.000128030776977539" />
    <testcase name="Equals (375)" classname="spec_perl_TestCastToTop_t" time="0.00014805793762207" />
  </testsuite>
  <testsuite name="spec_perl_TestJsSignedRightShift_t" errors="0" failures="0" skipped="0" tests="2" time="0.0432078838348389">
    <system-out>1..2
ok 1 - Equals
ok 2 - Equals
</system-out>
    <testcase name="Equals (376)" classname="spec_perl_TestJsSignedRightShift_t" time="0.000221967697143555" />
    <testcase name="Equals (377)" classname="spec_perl_TestJsSignedRightShift_t" time="8.89301300048828e-05" />
  </testsuite>
  <testsuite name="spec_perl_TestYamlInts_t" errors="0" failures="0" skipped="0" tests="4" time="0.0442409515380859">
    <system-out>1..4
ok 1 - Equals
ok 2 - Equals
ok 3 - Equals
ok 4 - Equals
</system-out>
    <testcase name="Equals (378)" classname="spec_perl_TestYamlInts_t" time="0.000262022018432617" />
    <testcase name="Equals (379)" classname="spec_perl_TestYamlInts_t" time="8.48770141601562e-05" />
    <testcase name="Equals (380)" classname="spec_perl_TestYamlInts_t" time="0.000162124633789062" />
    <testcase name="Equals (381)" classname="spec_perl_TestYamlInts_t" time="0.000151872634887695" />
  </testsuite>
  <testsuite name="spec_perl_TestBitsSimple_t" errors="0" failures="0" skipped="0" tests="14" time="0.0459678173065186">
    <system-out>1..14
ok 1 - Equals
ok 2 - Equals
ok 3 - Equals
ok 4 - Equals
ok 5 - Equals
ok 6 - Equals
ok 7 - Equals
ok 8 - Equals
ok 9 - Equals
ok 10 - Equals
ok 11 - Equals
ok 12 - Equals
ok 13 - Equals
ok 14 - Equals
</system-out>
    <testcase name="Equals (382)" classname="spec_perl_TestBitsSimple_t" time="0.000305891036987305" />
    <testcase name="Equals (383)" classname="spec_perl_TestBitsSimple_t" time="9.20295715332031e-05" />
    <testcase name="Equals (384)" classname="spec_perl_TestBitsSimple_t" time="8.41617584228516e-05" />
    <testcase name="Equals (385)" classname="spec_perl_TestBitsSimple_t" time="0.000155925750732422" />
    <testcase name="Equals (386)" classname="spec_perl_TestBitsSimple_t" time="0.00011897087097168" />
    <testcase name="Equals (387)" classname="spec_perl_TestBitsSimple_t" time="0.000145912170410156" />
    <testcase name="Equals (388)" classname="spec_perl_TestBitsSimple_t" time="0.000110149383544922" />
    <testcase name="Equals (389)" classname="spec_perl_TestBitsSimple_t" time="0.000150918960571289" />
    <testcase name="Equals (390)" classname="spec_perl_TestBitsSimple_t" time="0.00131011009216309" />
    <testcase name="Equals (391)" classname="spec_perl_TestBitsSimple_t" time="4.48226928710938e-05" />
    <testcase name="Equals (392)" classname="spec_perl_TestBitsSimple_t" time="2.59876251220703e-05" />
    <testcase name="Equals (393)" classname="spec_perl_TestBitsSimple_t" time="2.21729278564453e-05" />
    <testcase name="Equals (394)" classname="spec_perl_TestBitsSimple_t" time="2.19345092773438e-05" />
    <testcase name="Equals (395)" classname="spec_perl_TestBitsSimple_t" time="2.00271606445312e-05" />
  </testsuite>
  <testsuite name="spec_perl_TestNestedSameName2_t" errors="0" failures="0" skipped="0" tests="5" time="0.0446751117706299">
    <system-out>1..5
ok 1 - Equals
ok 2 - Equals
ok 3 - Equals
ok 4 - Equals
ok 5 - Equals
</system-out>
    <testcase name="Equals (396)" classname="spec_perl_TestNestedSameName2_t" time="0.000282049179077148" />
    <testcase name="Equals (397)" classname="spec_perl_TestNestedSameName2_t" time="8.17775726318359e-05" />
    <testcase name="Equals (398)" classname="spec_perl_TestNestedSameName2_t" time="0.000118017196655273" />
    <testcase name="Equals (399)" classname="spec_perl_TestNestedSameName2_t" time="0.000131130218505859" />
    <testcase name="Equals (400)" classname="spec_perl_TestNestedSameName2_t" time="0.000143051147460938" />
  </testsuite>
  <testsuite name="spec_perl_TestIfInstances_t" errors="0" failures="0" skipped="0" tests="1" time="0.0440738201141357">
    <system-out>1..1
ok 1 - nil
</system-out>
    <testcase name="nil (400)" classname="spec_perl_TestIfInstances_t" time="0.000176191329956055" />
  </testsuite>
  <testsuite name="spec_perl_TestNavParent2_t" errors="0" failures="0" skipped="0" tests="10" time="0.0492751598358154">
    <system-out>1..10
ok 1 - Equals
ok 2 - Equals
ok 3 - Equals
ok 4 - Equals
ok 5 - Equals
ok 6 - Equals
ok 7 - Equals
ok 8 - Equals
ok 9 - Equals
ok 10 - Equals
</system-out>
    <testcase name="Equals (401)" classname="spec_perl_TestNavParent2_t" time="0.000364065170288086" />
    <testcase name="Equals (402)" classname="spec_perl_TestNavParent2_t" time="9.70363616943359e-05" />
    <testcase name="Equals (403)" classname="spec_perl_TestNavParent2_t" time="5.79357147216797e-05" />
    <testcase name="Equals (404)" classname="spec_perl_TestNavParent2_t" time="8.10623168945312e-05" />
    <testcase name="Equals (405)" classname="spec_perl_TestNavParent2_t" time="0.000162839889526367" />
    <testcase name="Equals (406)" classname="spec_perl_TestNavParent2_t" time="0.000182151794433594" />
    <testcase name="Equals (407)" classname="spec_perl_TestNavParent2_t" time="0.000105857849121094" />
    <testcase name="Equals (408)" classname="spec_perl_TestNavParent2_t" time="0.000151157379150391" />
    <testcase name="Equals (409)" classname="spec_perl_TestNavParent2_t" time="0.000133991241455078" />
    <testcase name="Equals (410)" classname="spec_perl_TestNavParent2_t" time="0.000171899795532227" />
  </testsuite>
  <testsuite name="spec_perl_TestEnumOfValueInst_t" errors="0" failures="0" skipped="0" tests="4" time="0.0450460910797119">
    <system-out>1..4
ok 1 - Equals
ok 2 - Equals
ok 3 - Equals
[...]
    <testcase name="Equals (788)" classname="spec_perl_TestExprSizeofValue0_t" time="8.0108642578125e-05" />
    <testcase name="Equals (789)" classname="spec_perl_TestExprSizeofValue0_t" time="0.000126838684082031" />
    <testcase name="Equals (790)" classname="spec_perl_TestExprSizeofValue0_t" time="0.00012516975402832" />
    <testcase name="Equals (791)" classname="spec_perl_TestExprSizeofValue0_t" time="0.000166893005371094" />
  </testsuite>
  <testsuite name="spec_perl_TestIfStruct_t" errors="0" failures="0" skipped="0" tests="7" time="0.0489771366119385">
    <system-out>1..7
ok 1 - Equals
ok 2 - Equals
ok 3 - Equals
ok 4 - Equals
ok 5 - Equals
ok 6 - Equals
ok 7 - Equals
</system-out>
    <testcase name="Equals (792)" classname="spec_perl_TestIfStruct_t" time="0.000415802001953125" />
    <testcase name="Equals (793)" classname="spec_perl_TestIfStruct_t" time="9.10758972167969e-05" />
    <testcase name="Equals (794)" classname="spec_perl_TestIfStruct_t" time="6.103515625e-05" />
    <testcase name="Equals (795)" classname="spec_perl_TestIfStruct_t" time="0.000184059143066406" />
    <testcase name="Equals (796)" classname="spec_perl_TestIfStruct_t" time="8.79764556884766e-05" />
    <testcase name="Equals (797)" classname="spec_perl_TestIfStruct_t" time="0.000149965286254883" />
    <testcase name="Equals (798)" classname="spec_perl_TestIfStruct_t" time="0.000119924545288086" />
  </testsuite>
  <testsuite name="spec_perl_TestProcessCustomNoArgs_t" errors="1" failures="0" skipped="0" tests="0" time="0.0568709373474121">
    <system-out></system-out>
    <testcase name="Test died too soon, even before plan. (798)" classname="spec_perl_TestProcessCustomNoArgs_t" time="0.0568709373474121">
      <failure message="The test suite died before a plan was produced. You need to have a plan." type="Plan">No plan</failure>
    </testcase>
  </testsuite>
  <testsuite name="spec_perl_TestBytesPadTerm_t" errors="0" failures="0" skipped="0" tests="4" time="0.0440859794616699">
    <system-out>1..4
ok 1 - Equals
ok 2 - Equals
ok 3 - Equals
ok 4 - Equals
</system-out>
    <testcase name="Equals (799)" classname="spec_perl_TestBytesPadTerm_t" time="0.000268936157226562" />
    <testcase name="Equals (800)" classname="spec_perl_TestBytesPadTerm_t" time="9.01222229003906e-05" />
    <testcase name="Equals (801)" classname="spec_perl_TestBytesPadTerm_t" time="8.392333984375e-05" />
    <testcase name="Equals (802)" classname="spec_perl_TestBytesPadTerm_t" time="0.000159025192260742" />
  </testsuite>
  <testsuite name="spec_perl_TestRepeatUntilComplex_t" errors="0" failures="0" skipped="0" tests="17" time="0.0461421012878418">
    <system-out>1..17
ok 1 - Equals
ok 2 - Equals
ok 3 - Equals
ok 4 - Equals
ok 5 - Equals
ok 6 - Equals
ok 7 - Equals
ok 8 - Equals
ok 9 - Equals
ok 10 - Equals
ok 11 - Equals
ok 12 - Equals
ok 13 - Equals
ok 14 - Equals
ok 15 - Equals
ok 16 - Equals
ok 17 - Equals
</system-out>
    <testcase name="Equals (803)" classname="spec_perl_TestRepeatUntilComplex_t" time="0.000308036804199219" />
    <testcase name="Equals (804)" classname="spec_perl_TestRepeatUntilComplex_t" time="8.20159912109375e-05" />
    <testcase name="Equals (805)" classname="spec_perl_TestRepeatUntilComplex_t" time="0.000141143798828125" />
    <testcase name="Equals (806)" classname="spec_perl_TestRepeatUntilComplex_t" time="0.000135898590087891" />
    <testcase name="Equals (807)" classname="spec_perl_TestRepeatUntilComplex_t" time="0.000149011611938477" />
    <testcase name="Equals (808)" classname="spec_perl_TestRepeatUntilComplex_t" time="0.000107049942016602" />
    <testcase name="Equals (809)" classname="spec_perl_TestRepeatUntilComplex_t" time="8.89301300048828e-05" />
    <testcase name="Equals (810)" classname="spec_perl_TestRepeatUntilComplex_t" time="0.000152111053466797" />
    <testcase name="Equals (811)" classname="spec_perl_TestRepeatUntilComplex_t" time="0.000114917755126953" />
    <testcase name="Equals (812)" classname="spec_perl_TestRepeatUntilComplex_t" time="0.000152111053466797" />
    <testcase name="Equals (813)" classname="spec_perl_TestRepeatUntilComplex_t" time="0.000115871429443359" />
    <testcase name="Equals (814)" classname="spec_perl_TestRepeatUntilComplex_t" time="0.00014805793762207" />
    <testcase name="Equals (815)" classname="spec_perl_TestRepeatUntilComplex_t" time="0.000119924545288086" />
    <testcase name="Equals (816)" classname="spec_perl_TestRepeatUntilComplex_t" time="0.000147104263305664" />
    <testcase name="Equals (817)" classname="spec_perl_TestRepeatUntilComplex_t" time="0.000123023986816406" />
    <testcase name="Equals (818)" classname="spec_perl_TestRepeatUntilComplex_t" time="7.48634338378906e-05" />
    <testcase name="Equals (819)" classname="spec_perl_TestRepeatUntilComplex_t" time="0.000151157379150391" />
  </testsuite>
  <testsuite name="spec_perl_TestEnumFancy_t" errors="0" failures="0" skipped="0" tests="2" time="0.0453948974609375">
    <system-out>1..2
ok 1 - Equals
ok 2 - Equals
</system-out>
    <testcase name="Equals (820)" classname="spec_perl_TestEnumFancy_t" time="0.00017094612121582" />
    <testcase name="Equals (821)" classname="spec_perl_TestEnumFancy_t" time="0.000133991241455078" />
  </testsuite>
  <testsuite name="spec_perl_TestStrPadTerm_t" errors="0" failures="0" skipped="0" tests="4" time="0.0471310615539551">
    <system-out>1..4
ok 1 - Equals
ok 2 - Equals
ok 3 - Equals
ok 4 - Equals
</system-out>
    <testcase name="Equals (822)" classname="spec_perl_TestStrPadTerm_t" time="0.000385046005249023" />
    <testcase name="Equals (823)" classname="spec_perl_TestStrPadTerm_t" time="8.91685485839844e-05" />
    <testcase name="Equals (824)" classname="spec_perl_TestStrPadTerm_t" time="5.88893890380859e-05" />
    <testcase name="Equals (825)" classname="spec_perl_TestStrPadTerm_t" time="0.000169992446899414" />
  </testsuite>
  <testsuite name="spec_perl_TestDefaultEndianExprIsLe_t" errors="0" failures="0" skipped="0" tests="12" time="0.047260046005249">
    <system-out>1..12
ok 1 - Equals
ok 2 - Equals
ok 3 - Equals
ok 4 - Equals
ok 5 - Equals
ok 6 - Equals
ok 7 - Equals
ok 8 - Equals
ok 9 - Equals
ok 10 - Equals
ok 11 - Equals
ok 12 - Equals
</system-out>
    <testcase name="Equals (826)" classname="spec_perl_TestDefaultEndianExprIsLe_t" time="0.000298023223876953" />
    <testcase name="Equals (827)" classname="spec_perl_TestDefaultEndianExprIsLe_t" time="8.48770141601562e-05" />
    <testcase name="Equals (828)" classname="spec_perl_TestDefaultEndianExprIsLe_t" time="0.000128030776977539" />
    <testcase name="Equals (829)" classname="spec_perl_TestDefaultEndianExprIsLe_t" time="0.000128030776977539" />
    <testcase name="Equals (830)" classname="spec_perl_TestDefaultEndianExprIsLe_t" time="0.000133037567138672" />
    <testcase name="Equals (831)" classname="spec_perl_TestDefaultEndianExprIsLe_t" time="0.000133991241455078" />
    <testcase name="Equals (832)" classname="spec_perl_TestDefaultEndianExprIsLe_t" time="0.000124931335449219" />
    <testcase name="Equals (833)" classname="spec_perl_TestDefaultEndianExprIsLe_t" time="0.000156164169311523" />
    <testcase name="Equals (834)" classname="spec_perl_TestDefaultEndianExprIsLe_t" time="0.000119924545288086" />
    <testcase name="Equals (835)" classname="spec_perl_TestDefaultEndianExprIsLe_t" time="0.000154972076416016" />
    <testcase name="Equals (836)" classname="spec_perl_TestDefaultEndianExprIsLe_t" time="0.00011897087097168" />
    <testcase name="Equals (837)" classname="spec_perl_TestDefaultEndianExprIsLe_t" time="0.000121116638183594" />
  </testsuite>
  <testsuite name="spec_perl_TestSwitchMultiBoolOps_t" errors="0" failures="0" skipped="0" tests="9" time="0.0452439785003662">
    <system-out>1..9
ok 1 - Equals
ok 2 - Equals
ok 3 - Equals
ok 4 - Equals
ok 5 - Equals
ok 6 - Equals
ok 7 - Equals
ok 8 - Equals
ok 9 - Equals
</system-out>
    <testcase name="Equals (838)" classname="spec_perl_TestSwitchMultiBoolOps_t" time="0.000323057174682617" />
    <testcase name="Equals (839)" classname="spec_perl_TestSwitchMultiBoolOps_t" time="9.48905944824219e-05" />
    <testcase name="Equals (840)" classname="spec_perl_TestSwitchMultiBoolOps_t" time="5.91278076171875e-05" />
    <testcase name="Equals (841)" classname="spec_perl_TestSwitchMultiBoolOps_t" time="0.000134944915771484" />
    <testcase name="Equals (842)" classname="spec_perl_TestSwitchMultiBoolOps_t" time="0.000128984451293945" />
    <testcase name="Equals (843)" classname="spec_perl_TestSwitchMultiBoolOps_t" time="0.000120878219604492" />
    <testcase name="Equals (844)" classname="spec_perl_TestSwitchMultiBoolOps_t" time="0.00014805793762207" />
    <testcase name="Equals (845)" classname="spec_perl_TestSwitchMultiBoolOps_t" time="0.000112056732177734" />
    <testcase name="Equals (846)" classname="spec_perl_TestSwitchMultiBoolOps_t" time="0.000135898590087891" />
  </testsuite>
  <testsuite name="spec_perl_TestNavParent_t" errors="0" failures="0" skipped="0" tests="5" time="0.048062801361084">
    <system-out>1..5
ok 1 - Equals
ok 2 - Equals
ok 3 - Equals
ok 4 - Equals
ok 5 - Equals
</system-out>
    <testcase name="Equals (847)" classname="spec_perl_TestNavParent_t" time="0.000378847122192383" />
    <testcase name="Equals (848)" classname="spec_perl_TestNavParent_t" time="9.29832458496094e-05" />
    <testcase name="Equals (849)" classname="spec_perl_TestNavParent_t" time="8.60691070556641e-05" />
    <testcase name="Equals (850)" classname="spec_perl_TestNavParent_t" time="0.000162124633789062" />
    <testcase name="Equals (851)" classname="spec_perl_TestNavParent_t" time="0.000130891799926758" />
  </testsuite>
  <testsuite name="spec_perl_TestBufferedStruct_t" errors="0" failures="0" skipped="0" tests="7" time="0.04498291015625">
    <system-out>1..7
ok 1 - Equals
ok 2 - Equals
ok 3 - Equals
ok 4 - Equals
ok 5 - Equals
ok 6 - Equals
ok 7 - Equals
</system-out>
    <testcase name="Equals (852)" classname="spec_perl_TestBufferedStruct_t" time="0.000611066818237305" />
    <testcase name="Equals (853)" classname="spec_perl_TestBufferedStruct_t" time="0.000102996826171875" />
    <testcase name="Equals (854)" classname="spec_perl_TestBufferedStruct_t" time="4.69684600830078e-05" />
    <testcase name="Equals (855)" classname="spec_perl_TestBufferedStruct_t" time="5.69820404052734e-05" />
    <testcase name="Equals (856)" classname="spec_perl_TestBufferedStruct_t" time="0.000154972076416016" />
    <testcase name="Equals (857)" classname="spec_perl_TestBufferedStruct_t" time="9.51290130615234e-05" />
    <testcase name="Equals (858)" classname="spec_perl_TestBufferedStruct_t" time="0.000159025192260742" />
  </testsuite>
  <testsuite name="spec_perl_TestExpr0_t" errors="0" failures="0" skipped="0" tests="2" time="0.0434880256652832">
    <system-out>1..2
ok 1 - Equals
ok 2 - Equals
</system-out>
    <testcase name="Equals (859)" classname="spec_perl_TestExpr0_t" time="0.000211000442504883" />
    <testcase name="Equals (860)" classname="spec_perl_TestExpr0_t" time="8.79764556884766e-05" />
  </testsuite>
  <testsuite name="spec_perl_TestRepeatEosBit_t" errors="0" failures="0" skipped="0" tests="1" time="0.0453510284423828">
    <system-out>1..1
ok 1 - Equals
</system-out>
    <testcase name="Equals (861)" classname="spec_perl_TestRepeatEosBit_t" time="0.000386953353881836" />
  </testsuite>
  <testsuite name="spec_perl_TestStrPadTermEmpty_t" errors="0" failures="0" skipped="0" tests="4" time="0.0471899509429932">
    <system-out>1..4
ok 1 - Equals
ok 2 - Equals
ok 3 - Equals
ok 4 - Equals
</system-out>
    <testcase name="Equals (862)" classname="spec_perl_TestStrPadTermEmpty_t" time="0.000349998474121094" />
    <testcase name="Equals (863)" classname="spec_perl_TestStrPadTermEmpty_t" time="8.392333984375e-05" />
    <testcase name="Equals (864)" classname="spec_perl_TestStrPadTermEmpty_t" time="7.31945037841797e-05" />
    <testcase name="Equals (865)" classname="spec_perl_TestStrPadTermEmpty_t" time="0.000147819519042969" />
  </testsuite>
  <testsuite name="spec_perl_TestBitsSignedB64Le_t" errors="0" failures="0" skipped="0" tests="4" time="0.0445771217346191">
    <system-out>1..4
ok 1 - Equals
ok 2 - Equals
ok 3 - Equals
ok 4 - Equals
</system-out>
    <testcase name="Equals (866)" classname="spec_perl_TestBitsSignedB64Le_t" time="0.00026702880859375" />
    <testcase name="Equals (867)" classname="spec_perl_TestBitsSignedB64Le_t" time="7.60555267333984e-05" />
    <testcase name="Equals (868)" classname="spec_perl_TestBitsSignedB64Le_t" time="0.000139951705932617" />
    <testcase name="Equals (869)" classname="spec_perl_TestBitsSignedB64Le_t" time="0.000117063522338867" />
  </testsuite>
  <testsuite name="spec_perl_TestCastToImported_t" errors="0" failures="0" skipped="0" tests="2" time="0.0435609817504883">
    <system-out>1..2
ok 1 - Equals
ok 2 - Equals
</system-out>
    <testcase name="Equals (870)" classname="spec_perl_TestCastToImported_t" time="0.00026392936706543" />
    <testcase name="Equals (871)" classname="spec_perl_TestCastToImported_t" time="7.91549682617188e-05" />
  </testsuite>
  <testsuite name="spec_perl_TestSwitchManualInt_t" errors="0" failures="0" skipped="0" tests="9" time="0.0484809875488281">
    <system-out>1..9
ok 1 - Equals
ok 2 - Equals
ok 3 - Equals
ok 4 - Equals
ok 5 - Equals
ok 6 - Equals
ok 7 - Equals
ok 8 - Equals
ok 9 - Equals
</system-out>
    <testcase name="Equals (872)" classname="spec_perl_TestSwitchManualInt_t" time="0.000379085540771484" />
    <testcase name="Equals (873)" classname="spec_perl_TestSwitchManualInt_t" time="9.20295715332031e-05" />
    <testcase name="Equals (874)" classname="spec_perl_TestSwitchManualInt_t" time="6.07967376708984e-05" />
    <testcase name="Equals (875)" classname="spec_perl_TestSwitchManualInt_t" time="0.00012516975402832" />
    <testcase name="Equals (876)" classname="spec_perl_TestSwitchManualInt_t" time="0.00011897087097168" />
    <testcase name="Equals (877)" classname="spec_perl_TestSwitchManualInt_t" time="0.000154018402099609" />
    <testcase name="Equals (878)" classname="spec_perl_TestSwitchManualInt_t" time="0.000121831893920898" />
    <testcase name="Equals (879)" classname="spec_perl_TestSwitchManualInt_t" time="0.000121116638183594" />
    <testcase name="Equals (880)" classname="spec_perl_TestSwitchManualInt_t" time="0.000154018402099609" />
  </testsuite>
  <testsuite name="spec_perl_TestFloatToI_t" errors="0" failures="0" skipped="0" tests="8" time="0.0449800491333008">
    <system-out>1..8
ok 1 - Equals
ok 2 - Equals
ok 3 - Equals
ok 4 - Equals
ok 5 - Equals
ok 6 - Equals
ok 7 - Equals
ok 8 - Equals
</system-out>
    <testcase name="Equals (881)" classname="spec_perl_TestFloatToI_t" time="0.000242948532104492" />
    <testcase name="Equals (882)" classname="spec_perl_TestFloatToI_t" time="7.70092010498047e-05" />
    <testcase name="Equals (883)" classname="spec_perl_TestFloatToI_t" time="0.000146150588989258" />
    <testcase name="Equals (884)" classname="spec_perl_TestFloatToI_t" time="0.000140905380249023" />
    <testcase name="Equals (885)" classname="spec_perl_TestFloatToI_t" time="0.000134944915771484" />
    <testcase name="Equals (886)" classname="spec_perl_TestFloatToI_t" time="0.000124931335449219" />
    <testcase name="Equals (887)" classname="spec_perl_TestFloatToI_t" time="0.000150203704833984" />
    <testcase name="Equals (888)" classname="spec_perl_TestFloatToI_t" time="0.000117778778076172" />
  </testsuite>
  <testsuite name="spec_perl_TestFixedStruct_t" errors="0" failures="0" skipped="0" tests="20" time="0.0472660064697266">
    <system-out>1..20
ok 1 - Equals
ok 2 - Equals
ok 3 - Equals
ok 4 - Equals
ok 5 - Equals
ok 6 - Equals
ok 7 - Equals
ok 8 - Equals
ok 9 - Equals
ok 10 - Equals
ok 11 - Equals
ok 12 - Equals
ok 13 - Equals
ok 14 - Equals
ok 15 - Equals
ok 16 - Equals
ok 17 - Equals
ok 18 - Equals
ok 19 - Equals
ok 20 - Equals
</system-out>
    <testcase name="Equals (889)" classname="spec_perl_TestFixedStruct_t" time="0.00033879280090332" />
    <testcase name="Equals (890)" classname="spec_perl_TestFixedStruct_t" time="8.32080841064453e-05" />
    <testcase name="Equals (891)" classname="spec_perl_TestFixedStruct_t" time="0.000121831893920898" />
    <testcase name="Equals (892)" classname="spec_perl_TestFixedStruct_t" time="0.000136137008666992" />
    <testcase name="Equals (893)" classname="spec_perl_TestFixedStruct_t" time="0.000115871429443359" />
    <testcase name="Equals (894)" classname="spec_perl_TestFixedStruct_t" time="0.000143051147460938" />
    <testcase name="Equals (895)" classname="spec_perl_TestFixedStruct_t" time="0.0001220703125" />
    <testcase name="Equals (896)" classname="spec_perl_TestFixedStruct_t" time="0.000123977661132812" />
    <testcase name="Equals (897)" classname="spec_perl_TestFixedStruct_t" time="0.000156879425048828" />
    <testcase name="Equals (898)" classname="spec_perl_TestFixedStruct_t" time="0.000108003616333008" />
    <testcase name="Equals (899)" classname="spec_perl_TestFixedStruct_t" time="0.000149011611938477" />
    <testcase name="Equals (900)" classname="spec_perl_TestFixedStruct_t" time="0.000113010406494141" />
    <testcase name="Equals (901)" classname="spec_perl_TestFixedStruct_t" time="0.000123977661132812" />
    <testcase name="Equals (902)" classname="spec_perl_TestFixedStruct_t" time="0.000144004821777344" />
    <testcase name="Equals (903)" classname="spec_perl_TestFixedStruct_t" time="0.000113964080810547" />
    <testcase name="Equals (904)" classname="spec_perl_TestFixedStruct_t" time="0.000150203704833984" />
    <testcase name="Equals (905)" classname="spec_perl_TestFixedStruct_t" time="0.000123977661132812" />
    <testcase name="Equals (906)" classname="spec_perl_TestFixedStruct_t" time="0.000118017196655273" />
    <testcase name="Equals (907)" classname="spec_perl_TestFixedStruct_t" time="0.000145912170410156" />
    <testcase name="Equals (908)" classname="spec_perl_TestFixedStruct_t" time="0.000123023986816406" />
  </testsuite>
  <testsuite name="spec_perl_TestProcessXor4Value_t" errors="0" failures="0" skipped="0" tests="2" time="0.0455679893493652">
    <system-out>1..2
ok 1 - Equals
ok 2 - Equals
</system-out>
    <testcase name="Equals (909)" classname="spec_perl_TestProcessXor4Value_t" time="0.000235080718994141" />
    <testcase name="Equals (910)" classname="spec_perl_TestProcessXor4Value_t" time="8.79764556884766e-05" />
  </testsuite>
  <testsuite name="spec_perl_TestDefaultEndianExprException_t" errors="0" failures="0" skipped="0" tests="1" time="0.0446648597717285">
    <system-out>1..1
ok 1 - Died
</system-out>
    <testcase name="Died (910)" classname="spec_perl_TestDefaultEndianExprException_t" time="0.000247955322265625" />
  </testsuite>
  <testsuite name="spec_perl_TestNavRoot_t" errors="0" failures="0" skipped="0" tests="5" time="0.0479528903961182">
    <system-out>1..5
ok 1 - Equals
ok 2 - Equals
ok 3 - Equals
ok 4 - Equals
ok 5 - Equals
</system-out>
    <testcase name="Equals (911)" classname="spec_perl_TestNavRoot_t" time="0.000368118286132812" />
    <testcase name="Equals (912)" classname="spec_perl_TestNavRoot_t" time="8.70227813720703e-05" />
    <testcase name="Equals (913)" classname="spec_perl_TestNavRoot_t" time="8.67843627929688e-05" />
    <testcase name="Equals (914)" classname="spec_perl_TestNavRoot_t" time="0.000124216079711914" />
    <testcase name="Equals (915)" classname="spec_perl_TestNavRoot_t" time="0.000135898590087891" />
  </testsuite>
  <testsuite name="spec_perl_TestZlibWithHeader78_t" errors="0" failures="0" skipped="0" tests="1" time="0.0646858215332031">
    <system-out>1..1
ok 1 - Equals
</system-out>
    <testcase name="Equals (916)" classname="spec_perl_TestZlibWithHeader78_t" time="0.000377893447875977" />
  </testsuite>
</testsuites>
