<?xml version='1.0' encoding='utf-8'?>
<testsuites>
  <testsuite name="spec_perl_TestEosExceptionU4_t" errors="0" failures="0" skipped="0" tests="1" time="0.0424721240997314">
    <system-out>1..1
ok 1 - Died
</system-out>
    <testcase name="Died" classname="spec_perl_TestEosExceptionU4_t" time="0.000420093536376953" />
  </testsuite>
  <testsuite name="spec_perl_TestSwitchManualStr_t" errors="0" failures="0" skipped="0" tests="9" time="0.0466110706329346">
    <system-out>1..9
ok 1 - Equals
ok 2 - Equals
ok 3 - Equals
ok 4 - Equals
ok 5 - Equals
ok 6 - Equals
ok 7 - Equals
ok 8 - Equals
ok 9 - Equals
</system-out>
    <testcase name="Equals" classname="spec_perl_TestSwitchManualStr_t" time="0.000298976898193359" />
    <testcase name="Equals (2)" classname="spec_perl_TestSwitchManualStr_t" time="8.29696655273438e-05" />
    <testcase name="Equals (3)" classname="spec_perl_TestSwitchManualStr_t" time="0.000112056732177734" />
    <testcase name="Equals (4)" classname="spec_perl_TestSwitchManualStr_t" time="0.000142812728881836" />
    <testcase name="Equals (5)" classname="spec_perl_TestSwitchManualStr_t" time="0.000146150588989258" />
    <testcase name="Equals (6)" classname="spec_perl_TestSwitchManualStr_t" time="0.000111818313598633" />
    <testcase name="Equals (7)" classname="spec_perl_TestSwitchManualStr_t" time="0.000137090682983398" />
    <testcase name="Equals (8)" classname="spec_perl_TestSwitchManualStr_t" time="0.000113964080810547" />
    <testcase name="Equals (9)" classname="spec_perl_TestSwitchManualStr_t" time="0.000147104263305664" />
  </testsuite>
  <testsuite name="spec_perl_TestNestedSameName2_t" errors="0" failures="0" skipped="0" tests="5" time="0.0434210300445557">
    <system-out>1..5
ok 1 - Equals
ok 2 - Equals
ok 3 - Equals
ok 4 - Equals
ok 5 - Equals
</system-out>
    <testcase name="Equals (10)" classname="spec_perl_TestNestedSameName2_t" time="0.000250101089477539" />
    <testcase name="Equals (11)" classname="spec_perl_TestNestedSameName2_t" time="8.51154327392578e-05" />
    <testcase name="Equals (12)" classname="spec_perl_TestNestedSameName2_t" time="0.000136852264404297" />
    <testcase name="Equals (13)" classname="spec_perl_TestNestedSameName2_t" time="0.00011897087097168" />
    <testcase name="Equals (14)" classname="spec_perl_TestNestedSameName2_t" time="0.000138044357299805" />
  </testsuite>
  <testsuite name="spec_perl_TestEnumLongRangeU_t" errors="0" failures="0" skipped="0" tests="4" time="0.041450023651123">
    <system-out>1..4
ok 1 - Equals
ok 2 - Equals
ok 3 - Equals
ok 4 - Equals
</system-out>
    <testcase name="Equals (15)" classname="spec_perl_TestEnumLongRangeU_t" time="0.000216960906982422" />
    <testcase name="Equals (16)" classname="spec_perl_TestEnumLongRangeU_t" time="8.70227813720703e-05" />
    <testcase name="Equals (17)" classname="spec_perl_TestEnumLongRangeU_t" time="0.00014495849609375" />
    <testcase name="Equals (18)" classname="spec_perl_TestEnumLongRangeU_t" time="0.000130176544189453" />
  </testsuite>
  <testsuite name="spec_perl_TestInstanceUserArray_t" errors="0" failures="0" skipped="0" tests="10" time="0.0451819896697998">
    <system-out>1..10
ok 1 - Equals
ok 2 - Equals
ok 3 - Equals
ok 4 - Equals
ok 5 - Equals
ok 6 - Equals
ok 7 - Equals
ok 8 - Equals
ok 9 - Equals
ok 10 - Equals
</system-out>
    <testcase name="Equals (19)" classname="spec_perl_TestInstanceUserArray_t" time="0.000182151794433594" />
    <testcase name="Equals (20)" classname="spec_perl_TestInstanceUserArray_t" time="0.000121831893920898" />
    <testcase name="Equals (21)" classname="spec_perl_TestInstanceUserArray_t" time="0.00012516975402832" />
    <testcase name="Equals (22)" classname="spec_perl_TestInstanceUserArray_t" time="0.000504970550537109" />
    <testcase name="Equals (23)" classname="spec_perl_TestInstanceUserArray_t" time="7.89165496826172e-05" />
    <testcase name="Equals (24)" classname="spec_perl_TestInstanceUserArray_t" time="0.000133991241455078" />
    <testcase name="Equals (25)" classname="spec_perl_TestInstanceUserArray_t" time="0.000133037567138672" />
    <testcase name="Equals (26)" classname="spec_perl_TestInstanceUserArray_t" time="0.000225067138671875" />
    <testcase name="Equals (27)" classname="spec_perl_TestInstanceUserArray_t" time="9.39369201660156e-05" />
    <testcase name="Equals (28)" classname="spec_perl_TestInstanceUserArray_t" time="0.000177860260009766" />
  </testsuite>
  <testsuite name="spec_perl_TestExprBytesLiteral_t" errors="1" failures="0" skipped="0" tests="0" time="0.0410809516906738">
    <system-out></system-out>
    <testcase name="Test died too soon, even before plan. (28)" classname="spec_perl_TestExprBytesLiteral_t" time="0.0410809516906738">
      <failure message="The test suite died before a plan was produced. You need to have a plan." type="Plan">No plan</failure>
    </testcase>
  </testsuite>
  <testsuite name="spec_perl_TestJsSignedRightShift_t" errors="0" failures="0" skipped="0" tests="2" time="0.0423390865325928">
    <system-out>1..2
ok 1 - Equals
ok 2 - Equals
</system-out>
    <testcase name="Equals (29)" classname="spec_perl_TestJsSignedRightShift_t" time="0.000239133834838867" />
    <testcase name="Equals (30)" classname="spec_perl_TestJsSignedRightShift_t" time="7.89165496826172e-05" />
  </testsuite>
  <testsuite name="spec_perl_TestRepeatEosStruct_t" errors="0" failures="0" skipped="0" tests="5" time="0.0425379276275635">
    <system-out>1..5
ok 1 - Equals
ok 2 - Equals
ok 3 - Equals
ok 4 - Equals
ok 5 - Equals
</system-out>
    <testcase name="Equals (31)" classname="spec_perl_TestRepeatEosStruct_t" time="0.0002288818359375" />
    <testcase name="Equals (32)" classname="spec_perl_TestRepeatEosStruct_t" time="8.0108642578125e-05" />
    <testcase name="Equals (33)" classname="spec_perl_TestRepeatEosStruct_t" time="0.000123977661132812" />
    <testcase name="Equals (34)" classname="spec_perl_TestRepeatEosStruct_t" time="0.000151872634887695" />
    <testcase name="Equals (35)" classname="spec_perl_TestRepeatEosStruct_t" time="9.70363616943359e-05" />
  </testsuite>
  <testsuite name="spec_perl_TestBitsEnum_t" errors="0" failures="0" skipped="0" tests="3" time="0.042219877243042">
    <system-out>1..3
ok 1 - Equals
ok 2 - Equals
ok 3 - Equals
</system-out>
    <testcase name="Equals (36)" classname="spec_perl_TestBitsEnum_t" time="0.000257968902587891" />
    <testcase name="Equals (37)" classname="spec_perl_TestBitsEnum_t" time="7.70092010498047e-05" />
    <testcase name="Equals (38)" classname="spec_perl_TestBitsEnum_t" time="0.000138998031616211" />
  </testsuite>
  <testsuite name="spec_perl_TestIfValues_t" errors="0" failures="0" skipped="0" tests="6" time="0.0426938533782959">
    <system-out>1..6
ok 1 - Equals
ok 2 - Equals
ok 3 - Equals
ok 4 - nil
ok 5 - Equals
ok 6 - nil
</system-out>
    <testcase name="Equals (39)" classname="spec_perl_TestIfValues_t" time="0.000234127044677734" />
    <testcase name="Equals (40)" classname="spec_perl_TestIfValues_t" time="8.79764556884766e-05" />
    <testcase name="Equals (41)" classname="spec_perl_TestIfValues_t" time="0.000113964080810547" />
    <testcase name="nil (41)" classname="spec_perl_TestIfValues_t" time="6.00814819335938e-05" />
    <testcase name="Equals (42)" classname="spec_perl_TestIfValues_t" time="0.000143051147460938" />
    <testcase name="nil (42)" classname="spec_perl_TestIfValues_t" time="0.000101804733276367" />
  </testsuite>
  <testsuite name="spec_perl_TestDebugEnumName_t" errors="1" failures="0" skipped="0" tests="0" time="0.042248010635376">
    <system-out></system-out>
    <testcase name="Test died too soon, even before plan. (42)" classname="spec_perl_TestDebugEnumName_t" time="0.042248010635376">
      <failure message="The test suite died before a plan was produced. You need to have a plan." type="Plan">No plan</failure>
    </testcase>
  </testsuite>
  <testsuite name="spec_perl_TestStrEos_t" errors="0" failures="0" skipped="0" tests="1" time="0.0449700355529785">
    <system-out>1..1
ok 1 - Equals
</system-out>
    <testcase name="Equals (43)" classname="spec_perl_TestStrEos_t" time="0.00023198127746582" />
  </testsuite>
  <testsuite name="spec_perl_TestCastNested_t" errors="0" failures="0" skipped="0" tests="4" time="0.0449671745300293">
    <system-out>1..4
ok 1 - Equals
ok 2 - Equals
ok 3 - Equals
ok 4 - Equals
</system-out>
    <testcase name="Equals (44)" classname="spec_perl_TestCastNested_t" time="0.000305891036987305" />
    <testcase name="Equals (45)" classname="spec_perl_TestCastNested_t" time="8.392333984375e-05" />
    <testcase name="Equals (46)" classname="spec_perl_TestCastNested_t" time="0.000149011611938477" />
    <testcase name="Equals (47)" classname="spec_perl_TestCastNested_t" time="0.000133037567138672" />
  </testsuite>
  <testsuite name="spec_perl_TestEnumDeep_t" errors="0" failures="0" skipped="0" tests="2" time="0.0422899723052979">
    <system-out>1..2
ok 1 - Equals
ok 2 - Equals
</system-out>
    <testcase name="Equals (48)" classname="spec_perl_TestEnumDeep_t" time="0.000223875045776367" />
    <testcase name="Equals (49)" classname="spec_perl_TestEnumDeep_t" time="7.70092010498047e-05" />
  </testsuite>
  <testsuite name="spec_perl_TestMetaTags_t" errors="0" failures="0" skipped="1" tests="1" time="0.0424690246582031">
    <system-out>1..1
ok 1 # skip MetaTags=HASH(0x23fe5b0)
</system-out>
    <testcase name="Unnamed test case 49" classname="spec_perl_TestMetaTags_t" time="0.00114297866821289">
      <skipped message="ok 1 # skip MetaTags=HASH(0x23fe5b0)" />
    </testcase>
  </testsuite>
  <testsuite name="spec_perl_TestIntegersMinMax_t" errors="0" failures="0" skipped="0" tests="28" time="0.0474021434783936">
    <system-out>1..28
ok 1 - Equals
ok 2 - Equals
ok 3 - Equals
ok 4 - Equals
ok 5 - Equals
ok 6 - Equals
ok 7 - Equals
ok 8 - Equals
ok 9 - Equals
ok 10 - Equals
ok 11 - Equals
ok 12 - Equals
ok 13 - Equals
ok 14 - Equals
ok 15 - Equals
ok 16 - Equals
ok 17 - Equals
ok 18 - Equals
ok 19 - Equals
ok 20 - Equals
ok 21 - Equals
ok 22 - Equals
ok 23 - Equals
ok 24 - Equals
ok 25 - Equals
ok 26 - Equals
ok 27 - Equals
ok 28 - Equals
</system-out>
    <testcase name="Equals (50)" classname="spec_perl_TestIntegersMinMax_t" time="0.00032806396484375" />
    <testcase name="Equals (51)" classname="spec_perl_TestIntegersMinMax_t" time="0.000111103057861328" />
    <testcase name="Equals (52)" classname="spec_perl_TestIntegersMinMax_t" time="8.48770141601562e-05" />
    <testcase name="Equals (53)" classname="spec_perl_TestIntegersMinMax_t" time="0.00014495849609375" />
    <testcase name="Equals (54)" classname="spec_perl_TestIntegersMinMax_t" time="0.000118017196655273" />
    <testcase name="Equals (55)" classname="spec_perl_TestIntegersMinMax_t" time="0.000137090682983398" />
    <testcase name="Equals (56)" classname="spec_perl_TestIntegersMinMax_t" time="0.000114917755126953" />
    <testcase name="Equals (57)" classname="spec_perl_TestIntegersMinMax_t" time="0.000121116638183594" />
    <testcase name="Equals (58)" classname="spec_perl_TestIntegersMinMax_t" time="0.000128984451293945" />
    <testcase name="Equals (59)" classname="spec_perl_TestIntegersMinMax_t" time="0.000123023986816406" />
    <testcase name="Equals (60)" classname="spec_perl_TestIntegersMinMax_t" time="0.000123977661132812" />
    <testcase name="Equals (61)" classname="spec_perl_TestIntegersMinMax_t" time="0.000142097473144531" />
    <testcase name="Equals (62)" classname="spec_perl_TestIntegersMinMax_t" time="0.000119924545288086" />
    <testcase name="Equals (63)" classname="spec_perl_TestIntegersMinMax_t" time="0.000159025192260742" />
    <testcase name="Equals (64)" classname="spec_perl_TestIntegersMinMax_t" time="0.000105857849121094" />
    <testcase name="Equals (65)" classname="spec_perl_TestIntegersMinMax_t" time="0.00012516975402832" />
    <testcase name="Equals (66)" classname="spec_perl_TestIntegersMinMax_t" time="0.000115871429443359" />
    <testcase name="Equals (67)" classname="spec_perl_TestIntegersMinMax_t" time="0.0001220703125" />
    <testcase name="Equals (68)" classname="spec_perl_TestIntegersMinMax_t" time="0.000119924545288086" />
    <testcase name="Equals (69)" classname="spec_perl_TestIntegersMinMax_t" time="0.000118017196655273" />
    <testcase name="Equals (70)" classname="spec_perl_TestIntegersMinMax_t" time="0.000117063522338867" />
    <testcase name="Equals (71)" classname="spec_perl_TestIntegersMinMax_t" time="0.00014495849609375" />
    <testcase name="Equals (72)" classname="spec_perl_TestIntegersMinMax_t" time="0.000128030776977539" />
    <testcase name="Equals (73)" classname="spec_perl_TestIntegersMinMax_t" time="0.000125885009765625" />
    <testcase name="Equals (74)" classname="spec_perl_TestIntegersMinMax_t" time="0.000127077102661133" />
    <testcase name="Equals (75)" classname="spec_perl_TestIntegersMinMax_t" time="0.000123023986816406" />
    <testcase name="Equals (76)" classname="spec_perl_TestIntegersMinMax_t" time="0.00014495849609375" />
    <testcase name="Equals (77)" classname="spec_perl_TestIntegersMinMax_t" time="0.000108003616333008" />
  </testsuite>
  <testsuite name="spec_perl_TestNestedTypeParam_t" errors="0" failures="2" skipped="0" tests="2" time="0.0511898994445801">
    <system-out>1..2
not ok 1 - Equals
not ok 2 - Equals
</system-out>
    <testcase name="Equals (78)" classname="spec_perl_TestNestedTypeParam_t" time="0.00365710258483887">
      <failure message="not ok 1 - Equals" type="TAP::Parser::Result::Test"></failure>
    </testcase>
    <testcase name="Equals (79)" classname="spec_perl_TestNestedTypeParam_t" time="0.000103950500488281">
      <failure message="not ok 2 - Equals" type="TAP::Parser::Result::Test"></failure>
    </testcase>
  </testsuite>
  <testsuite name="spec_perl_TestNavParentFalse_t" errors="0" failures="0" skipped="0" tests="5" time="0.0431129932403564">
    <system-out>1..5
ok 1 - Equals
ok 2 - Equals
ok 3 - Equals
ok 4 - Equals
ok 5 - Equals
</system-out>
    <testcase name="Equals (80)" classname="spec_perl_TestNavParentFalse_t" time="0.000231027603149414" />
    <testcase name="Equals (81)" classname="spec_perl_TestNavParentFalse_t" time="7.79628753662109e-05" />
    <testcase name="Equals (82)" classname="spec_perl_TestNavParentFalse_t" time="0.000133991241455078" />
    <testcase name="Equals (83)" classname="spec_perl_TestNavParentFalse_t" time="0.0001220703125" />
    <testcase name="Equals (84)" classname="spec_perl_TestNavParentFalse_t" time="0.000133991241455078" />
  </testsuite>
  <testsuite name="spec_perl_TestEnumLongRangeS_t" errors="0" failures="0" skipped="0" tests="7" time="0.0416979789733887">
    <system-out>1..7
ok 1 - Equals
ok 2 - Equals
ok 3 - Equals
ok 4 - Equals
ok 5 - Equals
ok 6 - Equals
ok 7 - Equals
</system-out>
    <testcase name="Equals (85)" classname="spec_perl_TestEnumLongRangeS_t" time="0.000236034393310547" />
    <testcase name="Equals (86)" classname="spec_perl_TestEnumLongRangeS_t" time="7.41481781005859e-05" />
    <testcase name="Equals (87)" classname="spec_perl_TestEnumLongRangeS_t" time="0.000154972076416016" />
    <testcase name="Equals (88)" classname="spec_perl_TestEnumLongRangeS_t" time="9.20295715332031e-05" />
    <testcase name="Equals (89)" classname="spec_perl_TestEnumLongRangeS_t" time="0.000142812728881836" />
    <testcase name="Equals (90)" classname="spec_perl_TestEnumLongRangeS_t" time="0.000106096267700195" />
    <testcase name="Equals (91)" classname="spec_perl_TestEnumLongRangeS_t" time="0.000138044357299805" />
  </testsuite>
  <testsuite name="spec_perl_TestParamsCallShort_t" errors="0" failures="3" skipped="0" tests="3" time="0.0485548973083496">
    <system-out>1..3
not ok 1 - Equals
not ok 2 - Equals
not ok 3 - Equals
</system-out>
    <testcase name="Equals (92)" classname="spec_perl_TestParamsCallShort_t" time="0.00376009941101074">
      <failure message="not ok 1 - Equals" type="TAP::Parser::Result::Test"></failure>
    </testcase>
    <testcase name="Equals (93)" classname="spec_perl_TestParamsCallShort_t" time="9.08374786376953e-05">
      <failure message="not ok 2 - Equals" type="TAP::Parser::Result::Test"></failure>
    </testcase>
    <testcase name="Equals (94)" classname="spec_perl_TestParamsCallShort_t" time="4.31537628173828e-05">
      <failure message="not ok 3 - Equals" type="TAP::Parser::Result::Test"></failure>
    </testcase>
  </testsuite>
  <testsuite name="spec_perl_TestYamlInts_t" errors="0" failures="0" skipped="0" tests="4" time="0.0430209636688232">
    <system-out>1..4
ok 1 - Equals
ok 2 - Equals
ok 3 - Equals
ok 4 - Equals
</system-out>
    <testcase name="Equals (95)" classname="spec_perl_TestYamlInts_t" time="0.000237941741943359" />
    <testcase name="Equals (96)" classname="spec_perl_TestYamlInts_t" time="7.70092010498047e-05" />
    <testcase name="Equals (97)" classname="spec_perl_TestYamlInts_t" time="0.000150918960571289" />
    <testcase name="Equals (98)" classname="spec_perl_TestYamlInts_t" time="0.000159025192260742" />
  </testsuite>
  <testsuite name="spec_perl_TestIfInstances_t" errors="0" failures="0" skipped="0" tests="1" time="0.0419659614562988">
    <system-out>1..1
ok 1 - nil
</system-out>
    <testcase name="nil (98)" classname="spec_perl_TestIfInstances_t" time="0.000162124633789062" />
  </testsuite>
  <testsuite name="spec_perl_TestExprBytesCmp_t" errors="0" failures="0" skipped="0" tests="10" time="0.042870044708252">
    <system-out>1..10
ok 1 - Equals
ok 2 - Equals
ok 3 - Equals
ok 4 - Equals
ok 5 - Equals
ok 6 - Equals
ok 7 - Equals
ok 8 - Equals
ok 9 - Equals
ok 10 - Equals
</system-out>
    <testcase name="Equals (99)" classname="spec_perl_TestExprBytesCmp_t" time="0.000204801559448242" />
    <testcase name="Equals (100)" classname="spec_perl_TestExprBytesCmp_t" time="7.60555267333984e-05" />
    <testcase name="Equals (101)" classname="spec_perl_TestExprBytesCmp_t" time="0.000144004821777344" />
    <testcase name="Equals (102)" classname="spec_perl_TestExprBytesCmp_t" time="0.000132083892822266" />
    <testcase name="Equals (103)" classname="spec_perl_TestExprBytesCmp_t" time="0.000136852264404297" />
    <testcase name="Equals (104)" classname="spec_perl_TestExprBytesCmp_t" time="0.0001220703125" />
    <testcase name="Equals (105)" classname="spec_perl_TestExprBytesCmp_t" time="0.000143051147460938" />
    <testcase name="Equals (106)" classname="spec_perl_TestExprBytesCmp_t" time="0.000123023986816406" />
    <testcase name="Equals (107)" classname="spec_perl_TestExprBytesCmp_t" time="0.000121831893920898" />
    <testcase name="Equals (108)" classname="spec_perl_TestExprBytesCmp_t" time="0.000164031982421875" />
  </testsuite>
  <testsuite name="spec_perl_TestValidShort_t" errors="1" failures="0" skipped="0" tests="0" time="0.0421278476715088">
    <system-out></system-out>
    <testcase name="Test died too soon, even before plan. (108)" classname="spec_perl_TestValidShort_t" time="0.0421278476715088">
      <failure message="The test suite died before a plan was produced. You need to have a plan." type="Plan">No plan</failure>
    </testcase>
  </testsuite>
  <testsuite name="spec_perl_TestProcessXorConst_t" errors="0" failures="0" skipped="0" tests="2" time="0.0428879261016846">
    <system-out>1..2
ok 1 - Equals
ok 2 - Equals
</system-out>
    <testcase name="Equals (109)" classname="spec_perl_TestProcessXorConst_t" time="0.000252008438110352" />
    <testcase name="Equals (110)" classname="spec_perl_TestProcessXorConst_t" time="8.10623168945312e-05" />
  </testsuite>
  <testsuite name="spec_perl_TestOpaqueExternalType_t" errors="0" failures="0" skipped="0" tests="3" time="0.0462088584899902">
    <system-out>1..3
ok 1 - Equals
ok 2 - Equals
ok 3 - Equals
</system-out>
    <testcase name="Equals (111)" classname="spec_perl_TestOpaqueExternalType_t" time="0.00032806396484375" />
    <testcase name="Equals (112)" classname="spec_perl_TestOpaqueExternalType_t" time="9.48905944824219e-05" />
    <testcase name="Equals (113)" classname="spec_perl_TestOpaqueExternalType_t" time="5.81741333007812e-05" />
  </testsuite>
  <testsuite name="spec_perl_TestProcessCustomNoArgs_t" errors="1" failures="0" skipped="0" tests="0" time="0.0502560138702393">
    <system-out></system-out>
    <testcase name="Test died too soon, even before plan. (113)" classname="spec_perl_TestProcessCustomNoArgs_t" time="0.0502560138702393">
      <failure message="The test suite died before a plan was produced. You need to have a plan." type="Plan">No plan</failure>
    </testcase>
  </testsuite>
  <testsuite name="spec_perl_TestExprIoPos_t" errors="0" failures="0" skipped="0" tests="6" time="0.046968936920166">
    <system-out>1..6
ok 1 - Equals
ok 2 - Equals
ok 3 - Equals
ok 4 - Equals
ok 5 - Equals
ok 6 - Equals
</system-out>
    <testcase name="Equals (114)" classname="spec_perl_TestExprIoPos_t" time="0.000566005706787109" />
    <testcase name="Equals (115)" classname="spec_perl_TestExprIoPos_t" time="9.48905944824219e-05" />
    <testcase name="Equals (116)" classname="spec_perl_TestExprIoPos_t" time="5.91278076171875e-05" />
    <testcase name="Equals (117)" classname="spec_perl_TestExprIoPos_t" time="0.000134944915771484" />
    <testcase name="Equals (118)" classname="spec_perl_TestExprIoPos_t" time="0.000118017196655273" />
    <testcase name="Equals (119)" classname="spec_perl_TestExprIoPos_t" time="0.000138998031616211" />
  </testsuite>
  <testsuite name="spec_perl_TestTermBytes_t" errors="0" failures="0" skipped="0" tests="3" time="0.0424520969390869">
    <system-out>1..3
ok 1 - Equals
ok 2 - Equals
ok 3 - Equals
</system-out>
    <testcase name="Equals (120)" classname="spec_perl_TestTermBytes_t" time="0.000219106674194336" />
    <testcase name="Equals (121)" classname="spec_perl_TestTermBytes_t" time="8.10623168945312e-05" />
    <testcase name="Equals (122)" classname="spec_perl_TestTermBytes_t" time="0.000135898590087891" />
  </testsuite>
  <testsuite name="spec_perl_TestPositionToEnd_t" errors="0" failures="0" skipped="0" tests="2" time="0.0426521301269531">
    <system-out>1..2
ok 1 - Equals
ok 2 - Equals
</system-out>
    <testcase name="Equals (123)" classname="spec_perl_TestPositionToEnd_t" time="0.000240087509155273" />
    <testcase name="Equals (124)" classname="spec_perl_TestPositionToEnd_t" time="7.89165496826172e-05" />
  </testsuite>
  <testsuite name="spec_perl_TestStrLiterals_t" errors="0" failures="0" skipped="0" tests="5" time="0.0425760746002197">
    <system-out>1..5
ok 1 - Equals
ok 2 - Equals
ok 3 - Equals
ok 4 - Equals
ok 5 - Equals
</system-out>
    <testcase name="Equals (125)" classname="spec_perl_TestStrLiterals_t" time="0.000245094299316406" />
    <testcase name="Equals (126)" classname="spec_perl_TestStrLiterals_t" time="8.20159912109375e-05" />
    <testcase name="Equals (127)" classname="spec_perl_TestStrLiterals_t" time="0.000154972076416016" />
    <testcase name="Equals (128)" classname="spec_perl_TestStrLiterals_t" time="0.000130891799926758" />
    <testcase name="Equals (129)" classname="spec_perl_TestStrLiterals_t" time="0.000153064727783203" />
  </testsuite>
  <testsuite name="spec_perl_TestProcessToUser_t" errors="0" failures="0" skipped="0" tests="1" time="0.045443058013916">
    <system-out>1..1
ok 1 - Equals
</system-out>
    <testcase name="Equals (130)" classname="spec_perl_TestProcessToUser_t" time="0.000529050827026367" />
  </testsuite>
  <testsuite name="spec_perl_TestStrPadTermEmpty_t" errors="0" failures="0" skipped="0" tests="4" time="0.0449590682983398">
    <system-out>1..4
ok 1 - Equals
ok 2 - Equals
ok 3 - Equals
ok 4 - Equals
</system-out>
    <testcase name="Equals (131)" classname="spec_perl_TestStrPadTermEmpty_t" time="0.000340938568115234" />
    <testcase name="Equals (132)" classname="spec_perl_TestStrPadTermEmpty_t" time="0.000108957290649414" />
    <testcase name="Equals (133)" classname="spec_perl_TestStrPadTermEmpty_t" time="6.29425048828125e-05" />
    <testcase name="Equals (134)" classname="spec_perl_TestStrPadTermEmpty_t" time="0.000108003616333008" />
  </testsuite>
  <testsuite name="spec_perl_TestProcessXor4Const_t" errors="0" failures="0" skipped="0" tests="2" time="0.0423860549926758">
    <system-out>1..2
ok 1 - Equals
ok 2 - Equals
</system-out>
    <testcase name="Equals (135)" classname="spec_perl_TestProcessXor4Const_t" time="0.000250101089477539" />
    <testcase name="Equals (136)" classname="spec_perl_TestProcessXor4Const_t" time="8.392333984375e-05" />
  </testsuite>
  <testsuite name="spec_perl_TestExpr2_t" errors="0" failures="0" skipped="0" tests="17" time="0.0475959777832031">
    <system-out>1..17
ok 1 - Equals
ok 2 - Equals
ok 3 - Equals
ok 4 - Equals
ok 5 - Equals
ok 6 - Equals
ok 7 - Equals
ok 8 - Equals
ok 9 - Equals
ok 10 - Equals
ok 11 - Equals
ok 12 - Equals
ok 13 - Equals
ok 14 - Equals
ok 15 - Equals
ok 16 - Equals
ok 17 - Equals
</system-out>
    <testcase name="Equals (137)" classname="spec_perl_TestExpr2_t" time="0.000549077987670898" />
    <testcase name="Equals (138)" classname="spec_perl_TestExpr2_t" time="8.79764556884766e-05" />
    <testcase name="Equals (139)" classname="spec_perl_TestExpr2_t" time="5.69820404052734e-05" />
    <testcase name="Equals (140)" classname="spec_perl_TestExpr2_t" time="0.000160932540893555" />
    <testcase name="Equals (141)" classname="spec_perl_TestExpr2_t" time="0.000118017196655273" />
    <testcase name="Equals (142)" classname="spec_perl_TestExpr2_t" time="0.000139951705932617" />
    <testcase name="Equals (143)" classname="spec_perl_TestExpr2_t" time="0.000135183334350586" />
    <testcase name="Equals (144)" classname="spec_perl_TestExpr2_t" time="0.000169992446899414" />
    <testcase name="Equals (145)" classname="spec_perl_TestExpr2_t" time="0.000133991241455078" />
    <testcase name="Equals (146)" classname="spec_perl_TestExpr2_t" time="0.000145912170410156" />
    <testcase name="Equals (147)" classname="spec_perl_TestExpr2_t" time="0.000118017196655273" />
    <testcase name="Equals (148)" classname="spec_perl_TestExpr2_t" time="0.000143051147460938" />
    <testcase name="Equals (149)" classname="spec_perl_TestExpr2_t" time="0.000149011611938477" />
    <testcase name="Equals (150)" classname="spec_perl_TestExpr2_t" time="0.000156879425048828" />
    <testcase name="Equals (151)" classname="spec_perl_TestExpr2_t" time="0.000117063522338867" />
    <testcase name="Equals (152)" classname="spec_perl_TestExpr2_t" time="0.00011897087097168" />
    <testcase name="Equals (153)" classname="spec_perl_TestExpr2_t" time="0.000126123428344727" />
  </testsuite>
  <testsuite name="spec_perl_TestExprBits_t" errors="0" failures="0" skipped="0" tests="10" time="0.0430519580841064">
    <system-out>1..10
ok 1 - Equals
ok 2 - Equals
ok 3 - Equals
ok 4 - Equals
ok 5 - Equals
ok 6 - Equals
ok 7 - Equals
ok 8 - Equals
ok 9 - Equals
ok 10 - Equals
</system-out>
    <testcase name="Equals (154)" classname="spec_perl_TestExprBits_t" time="0.000220060348510742" />
    <testcase name="Equals (155)" classname="spec_perl_TestExprBits_t" time="7.51018524169922e-05" />
    <testcase name="Equals (156)" classname="spec_perl_TestExprBits_t" time="0.000146865844726562" />
    <testcase name="Equals (157)" classname="spec_perl_TestExprBits_t" time="0.000129938125610352" />
    <testcase name="Equals (158)" classname="spec_perl_TestExprBits_t" time="0.000116109848022461" />
    <testcase name="Equals (159)" classname="spec_perl_TestExprBits_t" time="0.000142097473144531" />
    <testcase name="Equals (160)" classname="spec_perl_TestExprBits_t" time="0.000108957290649414" />
    <testcase name="Equals (161)" classname="spec_perl_TestExprBits_t" time="0.0001220703125" />
    <testcase name="Equals (162)" classname="spec_perl_TestExprBits_t" time="0.000148773193359375" />
    <testcase name="Equals (163)" classname="spec_perl_TestExprBits_t" time="0.000152111053466797" />
  </testsuite>
  <testsuite name="spec_perl_TestIndexToParamEos_t" errors="0" failures="2" skipped="0" tests="7" time="0.0495929718017578">
    <system-out>1..7
ok 1 - Equals
ok 2 - Equals
ok 3 - Equals
ok 4 - Equals
ok 5 - Equals
not ok 6 - Equals
not ok 7 - Equals
</system-out>
    <testcase name="Equals (164)" classname="spec_perl_TestIndexToParamEos_t" time="0.00524997711181641" />
    <testcase name="Equals (165)" classname="spec_perl_TestIndexToParamEos_t" time="7.10487365722656e-05" />
    <testcase name="Equals (166)" classname="spec_perl_TestIndexToParamEos_t" time="3.91006469726562e-05" />
    <testcase name="Equals (167)" classname="spec_perl_TestIndexToParamEos_t" time="3.50475311279297e-05" />
    <testcase name="Equals (168)" classname="spec_perl_TestIndexToParamEos_t" time="3.79085540771484e-05" />
    <testcase name="Equals (169)" classname="spec_perl_TestIndexToParamEos_t" time="4.29153442382812e-05">
      <failure message="not ok 6 - Equals" type="TAP::Parser::Result::Test"></failure>
    </testcase>
    <testcase name="Equals (170)" classname="spec_perl_TestIndexToParamEos_t" time="3.40938568115234e-05">
      <failure message="not ok 7 - Equals" type="TAP::Parser::Result::Test"></failure>
    </testcase>
  </testsuite>
  <testsuite name="spec_perl_TestNavParentVsValueInst_t" errors="0" failures="0" skipped="0" tests="1" time="0.0452539920806885">
    <system-out>1..1
ok 1 - Equals
</system-out>
    <testcase name="Equals (171)" classname="spec_perl_TestNavParentVsValueInst_t" time="0.000266075134277344" />
  </testsuite>
  <testsuite name="spec_perl_TestImportsAbsRel_t" errors="0" failures="0" skipped="0" tests="3" time="0.0423140525817871">
    <system-out>1..3
ok 1 - Equals
ok 2 - Equals
ok 3 - Equals
</system-out>
    <testcase name="Equals (172)" classname="spec_perl_TestImportsAbsRel_t" time="0.000221014022827148" />
    <testcase name="Equals (173)" classname="spec_perl_TestImportsAbsRel_t" time="8.0108642578125e-05" />
    <testcase name="Equals (174)" classname="spec_perl_TestImportsAbsRel_t" time="0.000102996826171875" />
  </testsuite>
  <testsuite name="spec_perl_TestSwitchElseOnly_t" errors="1" failures="0" skipped="0" tests="0" time="0.0432181358337402">
    <system-out></system-out>
    <testcase name="Test died too soon, even before plan. (174)" classname="spec_perl_TestSwitchElseOnly_t" time="0.0432181358337402">
      <failure message="The test suite died before a plan was produced. You need to have a plan." type="Plan">No plan</failure>
    </testcase>
  </testsuite>
  <testsuite name="spec_perl_TestParamsEnum_t" errors="0" failures="1" skipped="0" tests="2" time="0.0661790370941162">
    <system-out>1..2
ok 1 - Equals
not ok 2 - Equals
</system-out>
    <testcase name="Equals (175)" classname="spec_perl_TestParamsEnum_t" time="0.000183820724487305" />
    <testcase name="Equals (176)" classname="spec_perl_TestParamsEnum_t" time="0.000101089477539062">
      <failure message="not ok 2 - Equals" type="TAP::Parser::Result::Test"></failure>
    </testcase>
  </testsuite>
  <testsuite name="spec_perl_TestExprStrOps_t" errors="1" failures="0" skipped="0" tests="0" time="0.0413269996643066">
    <system-out></system-out>
    <testcase name="Test died too soon, even before plan. (176)" classname="spec_perl_TestExprStrOps_t" time="0.0413269996643066">
      <failure message="The test suite died before a plan was produced. You need to have a plan." type="Plan">No plan</failure>
    </testcase>
  </testsuite>
  <testsuite name="spec_perl_TestSwitchManualIntSize_t" errors="0" failures="1" skipped="0" tests="10" time="0.0491318702697754">
    <system-out>1..10
ok 1 - Equals
ok 2 - Equals
ok 3 - Equals
ok 4 - Equals
ok 5 - Equals
not ok 6 - test switch manual int size
ok 7 - Equals
ok 8 - Equals
ok 9 - Equals
ok 10 - Equals
</system-out>
    <testcase name="Equals (177)" classname="spec_perl_TestSwitchManualIntSize_t" time="0.000608921051025391" />
    <testcase name="Equals (178)" classname="spec_perl_TestSwitchManualIntSize_t" time="0.0001220703125" />
    <testcase name="Equals (179)" classname="spec_perl_TestSwitchManualIntSize_t" time="7.20024108886719e-05" />
    <testcase name="Equals (180)" classname="spec_perl_TestSwitchManualIntSize_t" time="5.88893890380859e-05" />
    <testcase name="Equals (181)" classname="spec_perl_TestSwitchManualIntSize_t" time="0.00016021728515625" />
    <testcase name="test switch manual int size (181)" classname="spec_perl_TestSwitchManualIntSize_t" time="0.00407290458679199">
      <failure message="not ok 6 - test switch manual int size" type="TAP::Parser::Result::Test"></failure>
    </testcase>
    <testcase name="Equals (182)" classname="spec_perl_TestSwitchManualIntSize_t" time="6.50882720947266e-05" />
    <testcase name="Equals (183)" classname="spec_perl_TestSwitchManualIntSize_t" time="4.48226928710938e-05" />
    <testcase name="Equals (184)" classname="spec_perl_TestSwitchManualIntSize_t" time="4.00543212890625e-05" />
    <testcase name="Equals (185)" classname="spec_perl_TestSwitchManualIntSize_t" time="3.69548797607422e-05" />
  </testsuite>
  <testsuite name="spec_perl_TestDefaultBigEndian_t" errors="0" failures="0" skipped="0" tests="1" time="0.0417599678039551">
    <system-out>1..1
ok 1 - Equals
</system-out>
    <testcase name="Equals (186)" classname="spec_perl_TestDefaultBigEndian_t" time="0.000198125839233398" />
  </testsuite>
  <testsuite name="spec_perl_TestCastToImported_t" errors="0" failures="0" skipped="0" tests="2" time="0.0414178371429443">
    <system-out>1..2
ok 1 - Equals
ok 2 - Equals
</system-out>
    <testcase name="Equals (187)" classname="spec_perl_TestCastToImported_t" time="0.000217199325561523" />
    <testcase name="Equals (188)" classname="spec_perl_TestCastToImported_t" time="9.67979431152344e-05" />
  </testsuite>
  <testsuite name="spec_perl_TestParamsPassArrayStruct_t" errors="0" failures="1" skipped="2" tests="3" time="0.049307107925415">
    <system-out>1..3
not ok 1 - test_params_pass_array_struct died (Can't use an undefined value as an ARRAY reference at spec/perl/TestParamsPassArrayStruct.t line 15.)
ok 2 # skip test_params_pass_array_struct died
ok 3 # skip test_params_pass_array_struct died
</system-out>
    <testcase name="test_params_pass_array_struct died (Can't use an undefined value as an ARRAY reference at spec/perl/TestParamsPassArrayStruct.t line 15.) (188)" classname="spec_perl_TestParamsPassArrayStruct_t" time="0.000312089920043945">
      <failure message="not ok 1 - test_params_pass_array_struct died (Can't use an undefined value as an ARRAY reference at spec/perl/TestParamsPassArrayStruct.t line 15.)" type="TAP::Parser::Result::Test"></failure>
    </testcase>
    <testcase name="Unnamed test case 188" classname="spec_perl_TestParamsPassArrayStruct_t" time="0.000406026840209961">
      <skipped message="ok 2 # skip test_params_pass_array_struct died" />
    </testcase>
    <testcase name="Unnamed test case 189" classname="spec_perl_TestParamsPassArrayStruct_t" time="0.000346899032592773">
      <skipped message="ok 3 # skip test_params_pass_array_struct died" />
    </testcase>
  </testsuite>
  <testsuite name="spec_perl_TestStrEncodingsDefault_t" errors="0" failures="0" skipped="0" tests="4" time="0.0490028858184814">
    <system-out>1..4
ok 1 - Equals
ok 2 - Equals
ok 3 - Equals
ok 4 - Equals
</system-out>
    <testcase name="Equals (189)" classname="spec_perl_TestStrEncodingsDefault_t" time="0.00310707092285156" />
    <testcase name="Equals (190)" classname="spec_perl_TestStrEncodingsDefault_t" time="0.000114917755126953" />
    <testcase name="Equals (191)" classname="spec_perl_TestStrEncodingsDefault_t" time="6.103515625e-05" />
    <testcase name="Equals (192)" classname="spec_perl_TestStrEncodingsDefault_t" time="0.000123023986816406" />
  </testsuite>
  <testsuite name="spec_perl_TestIfStruct_t" errors="0" failures="0" skipped="0" tests="7" time="0.0457949638366699">
    <system-out>1..7
ok 1 - Equals
ok 2 - Equals
ok 3 - Equals
ok 4 - Equals
ok 5 - Equals
ok 6 - Equals
ok 7 - Equals
</system-out>
    <testcase name="Equals (193)" classname="spec_perl_TestIfStruct_t" time="0.000347137451171875" />
    <testcase name="Equals (194)" classname="spec_perl_TestIfStruct_t" time="8.98838043212891e-05" />
    <testcase name="Equals (195)" classname="spec_perl_TestIfStruct_t" time="5.69820404052734e-05" />
    <testcase name="Equals (196)" classname="spec_perl_TestIfStruct_t" time="0.000138998031616211" />
    <testcase name="Equals (197)" classname="spec_perl_TestIfStruct_t" time="0.000113010406494141" />
    <testcase name="Equals (198)" classname="spec_perl_TestIfStruct_t" time="0.00014805793762207" />
    <testcase name="Equals (199)" classname="spec_perl_TestIfStruct_t" time="0.000108957290649414" />
  </testsuite>
  <testsuite name="spec_perl_TestParamsPassArrayUsertype_t" errors="0" failures="1" skipped="4" tests="5" time="0.051185131072998">
    <system-out>1..5
not ok 1 - test_params_pass_array_usertype died (Can't use an undefined value as an ARRAY reference at compiled/perl/ParamsPassArrayUsertype.pm line 123.)
ok 2 # skip test_params_pass_array_usertype died
ok 3 # skip test_params_pass_array_usertype died
ok 4 # skip test_params_pass_array_usertype died
ok 5 # skip test_params_pass_array_usertype died
</system-out>
    <testcase name="test_params_pass_array_usertype died (Can't use an undefined value as an ARRAY reference at compiled/perl/ParamsPassArrayUsertype.pm line 123.) (199)" classname="spec_perl_TestParamsPassArrayUsertype_t" time="0.000294208526611328">
      <failure message="not ok 1 - test_params_pass_array_usertype died (Can't use an undefined value as an ARRAY reference at compiled/perl/ParamsPassArrayUsertype.pm line 123.)" type="TAP::Parser::Result::Test"></failure>
    </testcase>
    <testcase name="Unnamed test case 199" classname="spec_perl_TestParamsPassArrayUsertype_t" time="0.000403881072998047">
      <skipped message="ok 2 # skip test_params_pass_array_usertype died" />
    </testcase>
    <testcase name="Unnamed test case 200" classname="spec_perl_TestParamsPassArrayUsertype_t" time="0.000313043594360352">
      <skipped message="ok 3 # skip test_params_pass_array_usertype died" />
    </testcase>
    <testcase name="Unnamed test case 201" classname="spec_perl_TestParamsPassArrayUsertype_t" time="0.000277996063232422">
      <skipped message="ok 4 # skip test_params_pass_array_usertype died" />
    </testcase>
    <testcase name="Unnamed test case 202" classname="spec_perl_TestParamsPassArrayUsertype_t" time="0.000272989273071289">
      <skipped message="ok 5 # skip test_params_pass_array_usertype died" />
    </testcase>
  </testsuite>
  <testsuite name="spec_perl_TestValidSwitch_t" errors="1" failures="0" skipped="0" tests="0" time="0.0421550273895264">
    <system-out></system-out>
    <testcase name="Test died too soon, even before plan. (202)" classname="spec_perl_TestValidSwitch_t" time="0.0421550273895264">
      <failure message="The test suite died before a plan was produced. You need to have a plan." type="Plan">No plan</failure>
    </testcase>
  </testsuite>
  <testsuite name="spec_perl_TestNestedSameName_t" errors="0" failures="0" skipped="0" tests="2" time="0.0429708957672119">
    <system-out>1..2
ok 1 - Equals
ok 2 - Equals
</system-out>
    <testcase name="Equals (202)" classname="spec_perl_TestNestedSameName_t" time="0.000246047973632812" />
    <testcase name="Equals (203)" classname="spec_perl_TestNestedSameName_t" time="7.70092010498047e-05" />
  </testsuite>
  <testsuite name="spec_perl_TestSwitchCast_t" errors="0" failures="0" skipped="0" tests="2" time="0.045673131942749">
    <system-out>1..2
ok 1 - Equals
ok 2 - Equals
</system-out>
    <testcase name="Equals (204)" classname="spec_perl_TestSwitchCast_t" time="0.000349044799804688" />
    <testcase name="Equals (205)" classname="spec_perl_TestSwitchCast_t" time="9.17911529541016e-05" />
  </testsuite>
  <testsuite name="spec_perl_TestEnumNegative_t" errors="0" failures="0" skipped="0" tests="2" time="0.0412759780883789">
    <system-out>1..2
ok 1 - Equals
ok 2 - Equals
</system-out>
    <testcase name="Equals (206)" classname="spec_perl_TestEnumNegative_t" time="0.000244855880737305" />
    <testcase name="Equals (207)" classname="spec_perl_TestEnumNegative_t" time="7.70092010498047e-05" />
  </testsuite>
  <testsuite name="spec_perl_TestEnumIf_t" errors="0" failures="0" skipped="0" tests="7" time="0.0451769828796387">
    <system-out>1..7
ok 1 - Equals
ok 2 - Equals
ok 3 - Equals
ok 4 - Equals
ok 5 - Equals
ok 6 - Equals
ok 7 - Equals
</system-out>
    <testcase name="Equals (208)" classname="spec_perl_TestEnumIf_t" time="0.00031590461730957" />
    <testcase name="Equals (209)" classname="spec_perl_TestEnumIf_t" time="8.10623168945312e-05" />
    <testcase name="Equals (210)" classname="spec_perl_TestEnumIf_t" time="7.79628753662109e-05" />
    <testcase name="Equals (211)" classname="spec_perl_TestEnumIf_t" time="0.000162124633789062" />
    <testcase name="Equals (212)" classname="spec_perl_TestEnumIf_t" time="0.00011897087097168" />
    <testcase name="Equals (213)" classname="spec_perl_TestEnumIf_t" time="0.000164031982421875" />
    <testcase name="Equals (214)" classname="spec_perl_TestEnumIf_t" time="0.000108003616333008" />
  </testsuite>
  <testsuite name="spec_perl_TestTypeTernaryOpaque_t" errors="0" failures="0" skipped="0" tests="3" time="0.0456688404083252">
    <system-out>1..3
ok 1 - Equals
ok 2 - Equals
ok 3 - Equals
</system-out>
    <testcase name="Equals (215)" classname="spec_perl_TestTypeTernaryOpaque_t" time="0.000475883483886719" />
    <testcase name="Equals (216)" classname="spec_perl_TestTypeTernaryOpaque_t" time="9.10758972167969e-05" />
    <testcase name="Equals (217)" classname="spec_perl_TestTypeTernaryOpaque_t" time="5.69820404052734e-05" />
  </testsuite>
  <testsuite name="spec_perl_TestSwitchRepeatExpr_t" errors="0" failures="0" skipped="0" tests="3" time="0.0422790050506592">
    <system-out>1..3
ok 1 - Equals
ok 2 - Equals
ok 3 - Equals
</system-out>
    <testcase name="Equals (218)" classname="spec_perl_TestSwitchRepeatExpr_t" time="0.00044703483581543" />
    <testcase name="Equals (219)" classname="spec_perl_TestSwitchRepeatExpr_t" time="0.000130891799926758" />
    <testcase name="Equals (220)" classname="spec_perl_TestSwitchRepeatExpr_t" time="0.000103950500488281" />
  </testsuite>
  <testsuite name="spec_perl_TestTypeTernary_t" errors="0" failures="0" skipped="0" tests="1" time="0.0427758693695068">
    <system-out>1..1
ok 1 - Equals
</system-out>
    <testcase name="Equals (221)" classname="spec_perl_TestTypeTernary_t" time="0.000494003295898438" />
  </testsuite>
  <testsuite name="spec_perl_TestRepeatNStrz_t" errors="0" failures="0" skipped="0" tests="2" time="0.0448441505432129">
    <system-out>1..2
ok 1 - Equals
ok 2 - Equals
</system-out>
    <testcase name="Equals (222)" classname="spec_perl_TestRepeatNStrz_t" time="0.000288009643554688" />
    <testcase name="Equals (223)" classname="spec_perl_TestRepeatNStrz_t" time="8.392333984375e-05" />
  </testsuite>
  <testsuite name="spec_perl_TestCastToTop_t" errors="0" failures="0" skipped="0" tests="3" time="0.0413811206817627">
    <system-out>1..3
ok 1 - Equals
ok 2 - Equals
ok 3 - Equals
</system-out>
    <testcase name="Equals (224)" classname="spec_perl_TestCastToTop_t" time="0.000246047973632812" />
    <testcase name="Equals (225)" classname="spec_perl_TestCastToTop_t" time="7.89165496826172e-05" />
    <testcase name="Equals (226)" classname="spec_perl_TestCastToTop_t" time="0.000144004821777344" />
  </testsuite>
  <testsuite name="spec_perl_TestEnumImport_t" errors="0" failures="2" skipped="0" tests="2" time="0.0475871562957764">
    <system-out>1..2
not ok 1 - Equals
not ok 2 - Equals
</system-out>
    <testcase name="Equals (227)" classname="spec_perl_TestEnumImport_t" time="0.000283002853393555">
      <failure message="not ok 1 - Equals" type="TAP::Parser::Result::Test"></failure>
    </testcase>
    <testcase name="Equals (228)" classname="spec_perl_TestEnumImport_t" time="7.29560852050781e-05">
      <failure message="not ok 2 - Equals" type="TAP::Parser::Result::Test"></failure>
    </testcase>
  </testsuite>
  <testsuite name="spec_perl_TestBytesPadTerm_t" errors="0" failures="0" skipped="0" tests="4" time="0.0434689521789551">
    <system-out>1..4
ok 1 - Equals
ok 2 - Equals
ok 3 - Equals
ok 4 - Equals
</system-out>
    <testcase name="Equals (229)" classname="spec_perl_TestBytesPadTerm_t" time="0.000254154205322266" />
    <testcase name="Equals (230)" classname="spec_perl_TestBytesPadTerm_t" time="7.89165496826172e-05" />
    <testcase name="Equals (231)" classname="spec_perl_TestBytesPadTerm_t" time="0.000129938125610352" />
    <testcase name="Equals (232)" classname="spec_perl_TestBytesPadTerm_t" time="0.000142097473144531" />
  </testsuite>
  <testsuite name="spec_perl_TestExprSizeofType0_t" errors="0" failures="0" skipped="0" tests="1" time="0.0497539043426514">
    <system-out>1..1
ok 1 - Equals
</system-out>
    <testcase name="Equals (233)" classname="spec_perl_TestExprSizeofType0_t" time="0.000169038772583008" />
  </testsuite>
  <testsuite name="spec_perl_TestPositionInSeq_t" errors="0" failures="0" skipped="0" tests="1" time="0.0426099300384521">
    <system-out>1..1
ok 1 - Equals
</system-out>
    <testcase name="Equals (234)" classname="spec_perl_TestPositionInSeq_t" time="0.000178098678588867" />
  </testsuite>
  <testsuite name="spec_perl_TestFixedStruct_t" errors="1" failures="0" skipped="0" tests="0" time="0.0453240871429443">
    <system-out></system-out>
    <testcase name="Test died too soon, even before plan. (234)" classname="spec_perl_TestFixedStruct_t" time="0.0453240871429443">
      <failure message="The test suite died before a plan was produced. You need to have a plan." type="Plan">No plan</failure>
    </testcase>
  </testsuite>
  <testsuite name="spec_perl_TestExpr0_t" errors="0" failures="0" skipped="0" tests="2" time="0.0413181781768799">
    <system-out>1..2
ok 1 - Equals
ok 2 - Equals
</system-out>
    <testcase name="Equals (235)" classname="spec_perl_TestExpr0_t" time="0.000224113464355469" />
    <testcase name="Equals (236)" classname="spec_perl_TestExpr0_t" time="8.79764556884766e-05" />
  </testsuite>
  <testsuite name="spec_perl_TestIndexSizes_t" errors="0" failures="0" skipped="0" tests="7" time="0.0459229946136475">
    <system-out>1..7
ok 1 - Equals
ok 2 - Equals
ok 3 - Equals
ok 4 - Equals
ok 5 - Equals
ok 6 - Equals
ok 7 - Equals
</system-out>
    <testcase name="Equals (237)" classname="spec_perl_TestIndexSizes_t" time="0.000314950942993164" />
    <testcase name="Equals (238)" classname="spec_perl_TestIndexSizes_t" time="9.32216644287109e-05" />
    <testcase name="Equals (239)" classname="spec_perl_TestIndexSizes_t" time="5.98430633544922e-05" />
    <testcase name="Equals (240)" classname="spec_perl_TestIndexSizes_t" time="0.000144004821777344" />
    <testcase name="Equals (241)" classname="spec_perl_TestIndexSizes_t" time="0.0001220703125" />
    <testcase name="Equals (242)" classname="spec_perl_TestIndexSizes_t" time="0.000143051147460938" />
    <testcase name="Equals (243)" classname="spec_perl_TestIndexSizes_t" time="0.000110864639282227" />
  </testsuite>
  <testsuite name="spec_perl_TestImportsCircularA_t" errors="0" failures="0" skipped="0" tests="5" time="0.0425710678100586">
    <system-out>1..5
ok 1 - Equals
ok 2 - Equals
ok 3 - Equals
ok 4 - Equals
ok 5 - nil
</system-out>
    <testcase name="Equals (244)" classname="spec_perl_TestImportsCircularA_t" time="0.000221967697143555" />
    <testcase name="Equals (245)" classname="spec_perl_TestImportsCircularA_t" time="8.0108642578125e-05" />
    <testcase name="Equals (246)" classname="spec_perl_TestImportsCircularA_t" time="0.000137090682983398" />
    <testcase name="Equals (247)" classname="spec_perl_TestImportsCircularA_t" time="0.000130891799926758" />
    <testcase name="nil (247)" classname="spec_perl_TestImportsCircularA_t" time="6.103515625e-05" />
  </testsuite>
  <testsuite name="spec_perl_TestCombineBool_t" errors="0" failures="0" skipped="0" tests="2" time="0.0407619476318359">
    <system-out>1..2
ok 1 - Equals
ok 2 - Equals
</system-out>
    <testcase name="Equals (248)" classname="spec_perl_TestCombineBool_t" time="0.000256061553955078" />
    <testcase name="Equals (249)" classname="spec_perl_TestCombineBool_t" time="7.48634338378906e-05" />
  </testsuite>
  <testsuite name="spec_perl_TestDefaultEndianExprException_t" errors="0" failures="0" skipped="0" tests="1" time="0.0431540012359619">
    <system-out>1..1
ok 1 - Died
</system-out>
    <testcase name="Died (249)" classname="spec_perl_TestDefaultEndianExprException_t" time="0.000167131423950195" />
  </testsuite>
  <testsuite name="spec_perl_TestRepeatUntilSized_t" errors="0" failures="0" skipped="0" tests="7" time="0.0434670448303223">
    <system-out>1..7
ok 1 - Equals
ok 2 - Equals
ok 3 - Equals
ok 4 - Equals
ok 5 - Equals
ok 6 - Equals
ok 7 - Equals
</system-out>
    <testcase name="Equals (250)" classname="spec_perl_TestRepeatUntilSized_t" time="0.000466823577880859" />
    <testcase name="Equals (251)" classname="spec_perl_TestRepeatUntilSized_t" time="9.32216644287109e-05" />
    <testcase name="Equals (252)" classname="spec_perl_TestRepeatUntilSized_t" time="9.89437103271484e-05" />
    <testcase name="Equals (253)" classname="spec_perl_TestRepeatUntilSized_t" time="0.000144004821777344" />
    <testcase name="Equals (254)" classname="spec_perl_TestRepeatUntilSized_t" time="0.000133991241455078" />
    <testcase name="Equals (255)" classname="spec_perl_TestRepeatUntilSized_t" time="0.000143051147460938" />
    <testcase name="Equals (256)" classname="spec_perl_TestRepeatUntilSized_t" time="0.000134944915771484" />
  </testsuite>
  <testsuite name="spec_perl_TestImportsAbsAbs_t" errors="0" failures="0" skipped="0" tests="3" time="0.0421688556671143">
    <system-out>1..3
ok 1 - Equals
ok 2 - Equals
ok 3 - Equals
</system-out>
    <testcase name="Equals (257)" classname="spec_perl_TestImportsAbsAbs_t" time="0.000220060348510742" />
    <testcase name="Equals (258)" classname="spec_perl_TestImportsAbsAbs_t" time="7.79628753662109e-05" />
    <testcase name="Equals (259)" classname="spec_perl_TestImportsAbsAbs_t" time="0.000134944915771484" />
  </testsuite>
  <testsuite name="spec_perl_TestEnumOfValueInst_t" errors="0" failures="0" skipped="0" tests="4" time="0.0415718555450439">
    <system-out>1..4
ok 1 - Equals
ok 2 - Equals
ok 3 - Equals
ok 4 - Equals
</system-out>
    <testcase name="Equals (260)" classname="spec_perl_TestEnumOfValueInst_t" time="0.000195026397705078" />
    <testcase name="Equals (261)" classname="spec_perl_TestEnumOfValueInst_t" time="7.20024108886719e-05" />
    <testcase name="Equals (262)" classname="spec_perl_TestEnumOfValueInst_t" time="0.000153064727783203" />
    <testcase name="Equals (263)" classname="spec_perl_TestEnumOfValueInst_t" time="0.000113010406494141" />
  </testsuite>
  <testsuite name="spec_perl_TestSwitchBytearray_t" errors="0" failures="0" skipped="0" tests="9" time="0.0471501350402832">
    <system-out>1..9
ok 1 - Equals
ok 2 - Equals
ok 3 - Equals
ok 4 - Equals
ok 5 - Equals
ok 6 - Equals
ok 7 - Equals
ok 8 - Equals
ok 9 - Equals
</system-out>
    <testcase name="Equals (264)" classname="spec_perl_TestSwitchBytearray_t" time="0.000294923782348633" />
    <testcase name="Equals (265)" classname="spec_perl_TestSwitchBytearray_t" time="8.60691070556641e-05" />
    <testcase name="Equals (266)" classname="spec_perl_TestSwitchBytearray_t" time="0.000121116638183594" />
    <testcase name="Equals (267)" classname="spec_perl_TestSwitchBytearray_t" time="0.000133991241455078" />
    <testcase name="Equals (268)" classname="spec_perl_TestSwitchBytearray_t" time="0.000149011611938477" />
    <testcase name="Equals (269)" classname="spec_perl_TestSwitchBytearray_t" time="0.000120878219604492" />
    <testcase name="Equals (270)" classname="spec_perl_TestSwitchBytearray_t" time="0.000133991241455078" />
    <testcase name="Equals (271)" classname="spec_perl_TestSwitchBytearray_t" time="0.000222921371459961" />
    <testcase name="Equals (272)" classname="spec_perl_TestSwitchBytearray_t" time="8.41617584228516e-05" />
  </testsuite>
  <testsuite name="spec_perl_TestParamsPassUsertype_t" errors="0" failures="1" skipped="1" tests="2" time="0.0518410205841064">
    <system-out>1..2
not ok 1 - test_params_pass_usertype died (Can't call method &quot;foo&quot; on an undefined value at compiled/perl/ParamsPassUsertype.pm line 119.)
ok 2 # skip test_params_pass_usertype died
</system-out>
    <testcase name="test_params_pass_usertype died (Can't call method &quot;foo&quot; on an undefined value at compiled/perl/ParamsPassUsertype.pm line 119.) (272)" classname="spec_perl_TestParamsPassUsertype_t" time="0.000288009643554688">
      <failure message="not ok 1 - test_params_pass_usertype died (Can't call method &quot;foo&quot; on an undefined value at compiled/perl/ParamsPassUsertype.pm line 119.)" type="TAP::Parser::Result::Test"></failure>
    </testcase>
    <testcase name="Unnamed test case 272" classname="spec_perl_TestParamsPassUsertype_t" time="0.000373125076293945">
      <skipped message="ok 2 # skip test_params_pass_usertype died" />
    </testcase>
  </testsuite>
  <testsuite name="spec_perl_TestEnumToI_t" errors="0" failures="0" skipped="0" tests="5" time="0.0418550968170166">
    <system-out>1..5
ok 1 - Equals
ok 2 - Equals
ok 3 - Equals
ok 4 - Equals
ok 5 - Equals
</system-out>
    <testcase name="Equals (273)" classname="spec_perl_TestEnumToI_t" time="0.000226020812988281" />
    <testcase name="Equals (274)" classname="spec_perl_TestEnumToI_t" time="8.60691070556641e-05" />
    <testcase name="Equals (275)" classname="spec_perl_TestEnumToI_t" time="0.000183820724487305" />
    <testcase name="Equals (276)" classname="spec_perl_TestEnumToI_t" time="0.000159025192260742" />
    <testcase name="Equals (277)" classname="spec_perl_TestEnumToI_t" time="0.000115156173706055" />
  </testsuite>
  <testsuite name="spec_perl_TestSwitchManualIntSizeEos_t" errors="0" failures="0" skipped="0" tests="10" time="0.0475509166717529">
    <system-out>1..10
ok 1 - Equals
ok 2 - Equals
ok 3 - Equals
ok 4 - Equals
ok 5 - Equals
ok 6 - Equals
ok 7 - Equals
ok 8 - Equals
ok 9 - Equals
ok 10 - Equals
</system-out>
    <testcase name="Equals (278)" classname="spec_perl_TestSwitchManualIntSizeEos_t" time="0.000684022903442383" />
    <testcase name="Equals (279)" classname="spec_perl_TestSwitchManualIntSizeEos_t" time="0.000100851058959961" />
    <testcase name="Equals (280)" classname="spec_perl_TestSwitchManualIntSizeEos_t" time="5.91278076171875e-05" />
    <testcase name="Equals (281)" classname="spec_perl_TestSwitchManualIntSizeEos_t" time="9.98973846435547e-05" />
    <testcase name="Equals (282)" classname="spec_perl_TestSwitchManualIntSizeEos_t" time="0.00014495849609375" />
    <testcase name="Equals (283)" classname="spec_perl_TestSwitchManualIntSizeEos_t" time="0.000151157379150391" />
    <testcase name="Equals (284)" classname="spec_perl_TestSwitchManualIntSizeEos_t" time="0.000119924545288086" />
    <testcase name="Equals (285)" classname="spec_perl_TestSwitchManualIntSizeEos_t" time="0.000153064727783203" />
    <testcase name="Equals (286)" classname="spec_perl_TestSwitchManualIntSizeEos_t" time="0.000115871429443359" />
    <testcase name="Equals (287)" classname="spec_perl_TestSwitchManualIntSizeEos_t" time="0.000144004821777344" />
  </testsuite>
  <testsuite name="spec_perl_TestDefaultEndianExprInherited_t" errors="0" failures="0" skipped="0" tests="15" time="0.0444149971008301">
    <system-out>1..15
ok 1 - Equals
ok 2 - Equals
ok 3 - Equals
ok 4 - Equals
ok 5 - Equals
ok 6 - Equals
ok 7 - Equals
ok 8 - Equals
ok 9 - Equals
ok 10 - Equals
ok 11 - Equals
ok 12 - Equals
ok 13 - Equals
ok 14 - Equals
ok 15 - Equals
</system-out>
    <testcase name="Equals (288)" classname="spec_perl_TestDefaultEndianExprInherited_t" time="0.000288963317871094" />
    <testcase name="Equals (289)" classname="spec_perl_TestDefaultEndianExprInherited_t" time="8.70227813720703e-05" />
    <testcase name="Equals (290)" classname="spec_perl_TestDefaultEndianExprInherited_t" time="0.000123977661132812" />
    <testcase name="Equals (291)" classname="spec_perl_TestDefaultEndianExprInherited_t" time="0.000131130218505859" />
    <testcase name="Equals (292)" classname="spec_perl_TestDefaultEndianExprInherited_t" time="0.000165939331054688" />
    <testcase name="Equals (293)" classname="spec_perl_TestDefaultEndianExprInherited_t" time="9.79900360107422e-05" />
    <testcase name="Equals (294)" classname="spec_perl_TestDefaultEndianExprInherited_t" time="0.000151872634887695" />
    <testcase name="Equals (295)" classname="spec_perl_TestDefaultEndianExprInherited_t" time="0.000108003616333008" />
    <testcase name="Equals (296)" classname="spec_perl_TestDefaultEndianExprInherited_t" time="0.000145196914672852" />
    <testcase name="Equals (297)" classname="spec_perl_TestDefaultEndianExprInherited_t" time="0.000157833099365234" />
    <testcase name="Equals (298)" classname="spec_perl_TestDefaultEndianExprInherited_t" time="0.000118017196655273" />
    <testcase name="Equals (299)" classname="spec_perl_TestDefaultEndianExprInherited_t" time="0.0001220703125" />
    <testcase name="Equals (300)" classname="spec_perl_TestDefaultEndianExprInherited_t" time="0.00014805793762207" />
    <testcase name="Equals (301)" classname="spec_perl_TestDefaultEndianExprInherited_t" time="0.000123023986816406" />
    <testcase name="Equals (302)" classname="spec_perl_TestDefaultEndianExprInherited_t" time="0.000154018402099609" />
  </testsuite>
  <testsuite name="spec_perl_TestSwitchManualEnum_t" errors="0" failures="0" skipped="0" tests="9" time="0.046626091003418">
    <system-out>1..9
ok 1 - Equals
ok 2 - Equals
ok 3 - Equals
ok 4 - Equals
ok 5 - Equals
ok 6 - Equals
ok 7 - Equals
ok 8 - Equals
ok 9 - Equals
</system-out>
    <testcase name="Equals (303)" classname="spec_perl_TestSwitchManualEnum_t" time="0.000296115875244141" />
    <testcase name="Equals (304)" classname="spec_perl_TestSwitchManualEnum_t" time="8.79764556884766e-05" />
    <testcase name="Equals (305)" classname="spec_perl_TestSwitchManualEnum_t" time="7.58171081542969e-05" />
    <testcase name="Equals (306)" classname="spec_perl_TestSwitchManualEnum_t" time="0.000156164169311523" />
    <testcase name="Equals (307)" classname="spec_perl_TestSwitchManualEnum_t" time="0.000119924545288086" />
    <testcase name="Equals (308)" classname="spec_perl_TestSwitchManualEnum_t" time="0.000129938125610352" />
    <testcase name="Equals (309)" classname="spec_perl_TestSwitchManualEnum_t" time="0.000121116638183594" />
    <testcase name="Equals (310)" classname="spec_perl_TestSwitchManualEnum_t" time="0.000149011611938477" />
    <testcase name="Equals (311)" classname="spec_perl_TestSwitchManualEnum_t" time="0.000113964080810547" />
  </testsuite>
  <testsuite name="spec_perl_TestNavParentFalse2_t" errors="0" failures="0" skipped="0" tests="1" time="0.0417709350585938">
    <system-out>1..1
ok 1 - Equals
</system-out>
    <testcase name="Equals (312)" classname="spec_perl_TestNavParentFalse2_t" time="0.000249862670898438" />
  </testsuite>
  <testsuite name="spec_perl_TestEnum1_t" errors="0" failures="0" skipped="0" tests="2" time="0.0437040328979492">
    <system-out>1..2
ok 1 - Equals
ok 2 - Equals
</system-out>
    <testcase name="Equals (313)" classname="spec_perl_TestEnum1_t" time="0.000241994857788086" />
    <testcase name="Equals (314)" classname="spec_perl_TestEnum1_t" time="8.29696655273438e-05" />
  </testsuite>
  <testsuite name="spec_perl_TestRepeatNStrzDouble_t" errors="0" failures="0" skipped="0" tests="3" time="0.0458378791809082">
    <system-out>1..3
ok 1 - Equals
ok 2 - Equals
ok 3 - Equals
</system-out>
    <testcase name="Equals (315)" classname="spec_perl_TestRepeatNStrzDouble_t" time="0.000303030014038086" />
    <testcase name="Equals (316)" classname="spec_perl_TestRepeatNStrzDouble_t" time="8.79764556884766e-05" />
    <testcase name="Equals (317)" classname="spec_perl_TestRepeatNStrzDouble_t" time="7.51018524169922e-05" />
  </testsuite>
  <testsuite name="spec_perl_TestDefaultEndianExprIsBe_t" errors="0" failures="0" skipped="0" tests="18" time="0.0441620349884033">
    <system-out>1..18
ok 1 - Equals
ok 2 - Equals
ok 3 - Equals
ok 4 - Equals
ok 5 - Equals
ok 6 - Equals
ok 7 - Equals
ok 8 - Equals
ok 9 - Equals
ok 10 - Equals
ok 11 - Equals
ok 12 - Equals
ok 13 - Equals
ok 14 - Equals
ok 15 - Equals
ok 16 - Equals
ok 17 - Equals
ok 18 - Equals
</system-out>
    <testcase name="Equals (318)" classname="spec_perl_TestDefaultEndianExprIsBe_t" time="0.000240087509155273" />
    <testcase name="Equals (319)" classname="spec_perl_TestDefaultEndianExprIsBe_t" time="8.10623168945312e-05" />
    <testcase name="Equals (320)" classname="spec_perl_TestDefaultEndianExprIsBe_t" time="0.000160932540893555" />
    <testcase name="Equals (321)" classname="spec_perl_TestDefaultEndianExprIsBe_t" time="0.000106096267700195" />
    <testcase name="Equals (322)" classname="spec_perl_TestDefaultEndianExprIsBe_t" time="0.000108003616333008" />
    <testcase name="Equals (323)" classname="spec_perl_TestDefaultEndianExprIsBe_t" time="0.000162839889526367" />
    <testcase name="Equals (324)" classname="spec_perl_TestDefaultEndianExprIsBe_t" time="0.000108957290649414" />
    <testcase name="Equals (325)" classname="spec_perl_TestDefaultEndianExprIsBe_t" time="0.000141143798828125" />
    <testcase name="Equals (326)" classname="spec_perl_TestDefaultEndianExprIsBe_t" time="0.0001220703125" />
    <testcase name="Equals (327)" classname="spec_perl_TestDefaultEndianExprIsBe_t" time="0.000149011611938477" />
    <testcase name="Equals (328)" classname="spec_perl_TestDefaultEndianExprIsBe_t" time="0.000154972076416016" />
    <testcase name="Equals (329)" classname="spec_perl_TestDefaultEndianExprIsBe_t" time="0.000159025192260742" />
    <testcase name="Equals (330)" classname="spec_perl_TestDefaultEndianExprIsBe_t" time="0.000104904174804688" />
    <testcase name="Equals (331)" classname="spec_perl_TestDefaultEndianExprIsBe_t" time="0.000139951705932617" />
    <testcase name="Equals (332)" classname="spec_perl_TestDefaultEndianExprIsBe_t" time="0.000127077102661133" />
    <testcase name="Equals (333)" classname="spec_perl_TestDefaultEndianExprIsBe_t" time="0.00011897087097168" />
    <testcase name="Equals (334)" classname="spec_perl_TestDefaultEndianExprIsBe_t" time="0.000164031982421875" />
    <testcase name="Equals (335)" classname="spec_perl_TestDefaultEndianExprIsBe_t" time="0.000156879425048828" />
  </testsuite>
  <testsuite name="spec_perl_TestExprOpsParens_t" errors="1" failures="0" skipped="0" tests="0" time="0.041572093963623">
    <system-out></system-out>
    <testcase name="Test died too soon, even before plan. (335)" classname="spec_perl_TestExprOpsParens_t" time="0.041572093963623">
      <failure message="The test suite died before a plan was produced. You need to have a plan." type="Plan">No plan</failure>
    </testcase>
  </testsuite>
  <testsuite name="spec_perl_TestHelloWorld_t" errors="0" failures="0" skipped="0" tests="1" time="0.0425682067871094">
    <system-out>1..1
ok 1 - Equals
</system-out>
    <testcase name="Equals (336)" classname="spec_perl_TestHelloWorld_t" time="0.0002288818359375" />
  </testsuite>
  <testsuite name="spec_perl_TestIntegers_t" errors="1" failures="0" skipped="0" tests="0" time="0.0425560474395752">
    <system-out></system-out>
    <testcase name="Test died too soon, even before plan. (336)" classname="spec_perl_TestIntegers_t" time="0.0425560474395752">
      <failure message="The test suite died before a plan was produced. You need to have a plan." type="Plan">No plan</failure>
    </testcase>
  </testsuite>
  <testsuite name="spec_perl_TestEnumIntRangeU_t" errors="0" failures="0" skipped="0" tests="2" time="0.0411949157714844">
    <system-out>1..2
ok 1 - Equals
ok 2 - Equals
</system-out>
    <testcase name="Equals (337)" classname="spec_perl_TestEnumIntRangeU_t" time="0.000207185745239258" />
    <testcase name="Equals (338)" classname="spec_perl_TestEnumIntRangeU_t" time="7.29560852050781e-05" />
  </testsuite>
  <testsuite name="spec_perl_TestRepeatUntilS4_t" errors="0" failures="0" skipped="0" tests="2" time="0.0451979637145996">
    <system-out>1..2
ok 1 - Equals
ok 2 - Equals
</system-out>
    <testcase name="Equals (339)" classname="spec_perl_TestRepeatUntilS4_t" time="0.000231027603149414" />
    <testcase name="Equals (340)" classname="spec_perl_TestRepeatUntilS4_t" time="7.79628753662109e-05" />
  </testsuite>
  <testsuite name="spec_perl_TestEnumIntRangeS_t" errors="0" failures="0" skipped="0" tests="3" time="0.0422070026397705">
    <system-out>1..3
ok 1 - Equals
ok 2 - Equals
ok 3 - Equals
</system-out>
    <testcase name="Equals (341)" classname="spec_perl_TestEnumIntRangeS_t" time="0.000246047973632812" />
    <testcase name="Equals (342)" classname="spec_perl_TestEnumIntRangeS_t" time="7.58171081542969e-05" />
    <testcase name="Equals (343)" classname="spec_perl_TestEnumIntRangeS_t" time="0.000130176544189453" />
  </testsuite>
  <testsuite name="spec_perl_TestExpr3_t" errors="0" failures="0" skipped="0" tests="12" time="0.0463910102844238">
    <system-out>1..12
ok 1 - Equals
ok 2 - Equals
ok 3 - Equals
ok 4 - Equals
ok 5 - Equals
ok 6 - Equals
ok 7 - Equals
ok 8 - Equals
ok 9 - Equals
ok 10 - Equals
ok 11 - Equals
ok 12 - Equals
</system-out>
    <testcase name="Equals (344)" classname="spec_perl_TestExpr3_t" time="0.000213146209716797" />
    <testcase name="Equals (345)" classname="spec_perl_TestExpr3_t" time="8.98838043212891e-05" />
    <testcase name="Equals (346)" classname="spec_perl_TestExpr3_t" time="0.000121116638183594" />
    <testcase name="Equals (347)" classname="spec_perl_TestExpr3_t" time="0.000135898590087891" />
    <testcase name="Equals (348)" classname="spec_perl_TestExpr3_t" time="0.000108957290649414" />
    <testcase name="Equals (349)" classname="spec_perl_TestExpr3_t" time="0.000149011611938477" />
    <testcase name="Equals (350)" classname="spec_perl_TestExpr3_t" time="0.000123977661132812" />
    <testcase name="Equals (351)" classname="spec_perl_TestExpr3_t" time="0.0001220703125" />
    <testcase name="Equals (352)" classname="spec_perl_TestExpr3_t" time="0.000142097473144531" />
    <testcase name="Equals (353)" classname="spec_perl_TestExpr3_t" time="0.000123023986816406" />
    <testcase name="Equals (354)" classname="spec_perl_TestExpr3_t" time="0.00014185905456543" />
    <testcase name="Equals (355)" classname="spec_perl_TestExpr3_t" time="0.000115156173706055" />
  </testsuite>
  <testsuite name="spec_perl_TestEnumInvalid_t" errors="0" failures="0" skipped="0" tests="2" time="0.041201114654541">
    <system-out>1..2
ok 1 - Equals
ok 2 - Equals
</system-out>
    <testcase name="Equals (356)" classname="spec_perl_TestEnumInvalid_t" time="0.000216007232666016" />
    <testcase name="Equals (357)" classname="spec_perl_TestEnumInvalid_t" time="7.82012939453125e-05" />
  </testsuite>
  <testsuite name="spec_perl_TestNavParentOverride_t" errors="0" failures="0" skipped="0" tests="3" time="0.0422589778900146">
    <system-out>1..3
ok 1 - Equals
ok 2 - Equals
ok 3 - Equals
</system-out>
    <testcase name="Equals (358)" classname="spec_perl_TestNavParentOverride_t" time="0.000221967697143555" />
    <testcase name="Equals (359)" classname="spec_perl_TestNavParentOverride_t" time="0.000124931335449219" />
    <testcase name="Equals (360)" classname="spec_perl_TestNavParentOverride_t" time="7.82012939453125e-05" />
  </testsuite>
  <testsuite name="spec_perl_TestBitsByteAligned_t" errors="0" failures="0" skipped="0" tests="9" time="0.0427110195159912">
    <system-out>1..9
ok 1 - Equals
ok 2 - Equals
ok 3 - Equals
ok 4 - Equals
ok 5 - Equals
ok 6 - Equals
ok 7 - Equals
ok 8 - Equals
ok 9 - Equals
</system-out>
    <testcase name="Equals (361)" classname="spec_perl_TestBitsByteAligned_t" time="0.000270843505859375" />
    <testcase name="Equals (362)" classname="spec_perl_TestBitsByteAligned_t" time="7.91549682617188e-05" />
    <testcase name="Equals (363)" classname="spec_perl_TestBitsByteAligned_t" time="0.000108003616333008" />
    <testcase name="Equals (364)" classname="spec_perl_TestBitsByteAligned_t" time="0.000134944915771484" />
    <testcase name="Equals (365)" classname="spec_perl_TestBitsByteAligned_t" time="0.000114917755126953" />
    <testcase name="Equals (366)" classname="spec_perl_TestBitsByteAligned_t" time="0.000190019607543945" />
    <testcase name="Equals (367)" classname="spec_perl_TestBitsByteAligned_t" time="6.69956207275391e-05" />
    <testcase name="Equals (368)" classname="spec_perl_TestBitsByteAligned_t" time="0.000121116638183594" />
    <testcase name="Equals (369)" classname="spec_perl_TestBitsByteAligned_t" time="0.000127792358398438" />
  </testsuite>
  <testsuite name="spec_perl_TestInstanceStd_t" errors="0" failures="0" skipped="0" tests="1" time="0.0472309589385986">
    <system-out>1..1
ok 1 - Equals
</system-out>
    <testcase name="Equals (370)" classname="spec_perl_TestInstanceStd_t" time="0.000189065933227539" />
  </testsuite>
  <testsuite name="spec_perl_TestSwitchManualEnumInvalid_t" errors="0" failures="0" skipped="0" tests="5" time="0.0452239513397217">
    <system-out>1..5
ok 1 - Equals
ok 2 - Equals
ok 3 - nil
ok 4 - Equals
ok 5 - nil
</system-out>
    <testcase name="Equals (371)" classname="spec_perl_TestSwitchManualEnumInvalid_t" time="0.000252008438110352" />
    <testcase name="Equals (372)" classname="spec_perl_TestSwitchManualEnumInvalid_t" time="7.79628753662109e-05" />
    <testcase name="nil (372)" classname="spec_perl_TestSwitchManualEnumInvalid_t" time="5.69820404052734e-05" />
    <testcase name="Equals (373)" classname="spec_perl_TestSwitchManualEnumInvalid_t" time="0.000111103057861328" />
    <testcase name="nil (373)" classname="spec_perl_TestSwitchManualEnumInvalid_t" time="5.88893890380859e-05" />
  </testsuite>
  <testsuite name="spec_perl_TestEosExceptionBytes_t" errors="0" failures="0" skipped="0" tests="1" time="0.042449951171875">
    <system-out>1..1
ok 1 - Died
</system-out>
    <testcase name="Died (373)" classname="spec_perl_TestEosExceptionBytes_t" time="0.000398159027099609" />
  </testsuite>
  <testsuite name="spec_perl_TestParamsPassArrayInt_t" errors="0" failures="1" skipped="6" tests="7" time="0.0510950088500977">
    <system-out>1..7
not ok 1 - test_params_pass_array_int died (Can't use an undefined value as an ARRAY reference at spec/perl/TestParamsPassArrayInt.t line 15.)
ok 2 # skip test_params_pass_array_int died
ok 3 # skip test_params_pass_array_int died
ok 4 # skip test_params_pass_array_int died
ok 5 # skip test_params_pass_array_int died
ok 6 # skip test_params_pass_array_int died
ok 7 # skip test_params_pass_array_int died
</system-out>
    <testcase name="test_params_pass_array_int died (Can't use an undefined value as an ARRAY reference at spec/perl/TestParamsPassArrayInt.t line 15.) (373)" classname="spec_perl_TestParamsPassArrayInt_t" time="0.000678062438964844">
      <failure message="not ok 1 - test_params_pass_array_int died (Can't use an undefined value as an ARRAY reference at spec/perl/TestParamsPassArrayInt.t line 15.)" type="TAP::Parser::Result::Test"></failure>
    </testcase>
    <testcase name="Unnamed test case 373" classname="spec_perl_TestParamsPassArrayInt_t" time="0.000720977783203125">
      <skipped message="ok 2 # skip test_params_pass_array_int died" />
    </testcase>
    <testcase name="Unnamed test case 374" classname="spec_perl_TestParamsPassArrayInt_t" time="0.000304937362670898">
      <skipped message="ok 3 # skip test_params_pass_array_int died" />
    </testcase>
    <testcase name="Unnamed test case 375" classname="spec_perl_TestParamsPassArrayInt_t" time="0.000289201736450195">
      <skipped message="ok 4 # skip test_params_pass_array_int died" />
    </testcase>
    <testcase name="Unnamed test case 376" classname="spec_perl_TestParamsPassArrayInt_t" time="0.000288009643554688">
      <skipped message="ok 5 # skip test_params_pass_array_int died" />
    </testcase>
    <testcase name="Unnamed test case 377" classname="spec_perl_TestParamsPassArrayInt_t" time="0.000279903411865234">
      <skipped message="ok 6 # skip test_params_pass_array_int died" />
    </testcase>
    <testcase name="Unnamed test case 378" classname="spec_perl_TestParamsPassArrayInt_t" time="0.000279903411865234">
      <skipped message="ok 7 # skip test_params_pass_array_int died" />
    </testcase>
  </testsuite>
  <testsuite name="spec_perl_TestExprArray_t" errors="0" failures="1" skipped="0" tests="15" time="0.0507829189300537">
    <system-out>1..15
ok 1 - Equals
ok 2 - Equals
ok 3 - Equals
ok 4 - Equals
ok 5 - Equals
ok 6 - Equals
ok 7 - Equals
ok 8 - Equals
not ok 9 - Equals
ok 10 - Equals
ok 11 - Equals
ok 12 - Equals
ok 13 - Equals
ok 14 - Equals
ok 15 - Equals
</system-out>
    <testcase name="Equals (378)" classname="spec_perl_TestExprArray_t" time="0.000284910202026367" />
    <testcase name="Equals (379)" classname="spec_perl_TestExprArray_t" time="8.10623168945312e-05" />
    <testcase name="Equals (380)" classname="spec_perl_TestExprArray_t" time="0.000112056732177734" />
    <testcase name="Equals (381)" classname="spec_perl_TestExprArray_t" time="0.000132083892822266" />
    <testcase name="Equals (382)" classname="spec_perl_TestExprArray_t" time="0.000138998031616211" />
    <testcase name="Equals (383)" classname="spec_perl_TestExprArray_t" time="0.000154972076416016" />
    <testcase name="Equals (384)" classname="spec_perl_TestExprArray_t" time="0.000145912170410156" />
    <testcase name="Equals (385)" classname="spec_perl_TestExprArray_t" time="0.000143051147460938" />
    <testcase name="Equals (386)" classname="spec_perl_TestExprArray_t" time="0.000192880630493164">
      <failure message="not ok 9 - Equals" type="TAP::Parser::Result::Test"></failure>
    </testcase>
    <testcase name="Equals (387)" classname="spec_perl_TestExprArray_t" time="0.00383305549621582" />
    <testcase name="Equals (388)" classname="spec_perl_TestExprArray_t" time="0.000129938125610352" />
    <testcase name="Equals (389)" classname="spec_perl_TestExprArray_t" time="3.00407409667969e-05" />
    <testcase name="Equals (390)" classname="spec_perl_TestExprArray_t" time="2.40802764892578e-05" />
    <testcase name="Equals (391)" classname="spec_perl_TestExprArray_t" time="2.19345092773438e-05" />
    <testcase name="Equals (392)" classname="spec_perl_TestExprArray_t" time="2.50339508056641e-05" />
  </testsuite>
  <testsuite name="spec_perl_TestCombineStr_t" errors="0" failures="0" skipped="0" tests="15" time="0.0463259220123291">
    <system-out>1..15
ok 1 - Equals
ok 2 - Equals
ok 3 - Equals
ok 4 - Equals
ok 5 - Equals
ok 6 - Equals
ok 7 - Equals
ok 8 - Equals
ok 9 - Equals
ok 10 - Equals
ok 11 - Equals
ok 12 - Equals
ok 13 - Equals
ok 14 - Equals
ok 15 - Equals
</system-out>
    <testcase name="Equals (393)" classname="spec_perl_TestCombineStr_t" time="0.000252008438110352" />
    <testcase name="Equals (394)" classname="spec_perl_TestCombineStr_t" time="7.70092010498047e-05" />
    <testcase name="Equals (395)" classname="spec_perl_TestCombineStr_t" time="0.000133037567138672" />
    <testcase name="Equals (396)" classname="spec_perl_TestCombineStr_t" time="0.000125885009765625" />
    <testcase name="Equals (397)" classname="spec_perl_TestCombineStr_t" time="0.000154018402099609" />
    <testcase name="Equals (398)" classname="spec_perl_TestCombineStr_t" time="0.000117063522338867" />
    <testcase name="Equals (399)" classname="spec_perl_TestCombineStr_t" time="0.00013279914855957" />
    <testcase name="Equals (400)" classname="spec_perl_TestCombineStr_t" time="0.000123023986816406" />
    <testcase name="Equals (401)" classname="spec_perl_TestCombineStr_t" time="0.000127077102661133" />
    <testcase name="Equals (402)" classname="spec_perl_TestCombineStr_t" time="0.00014495849609375" />
    <testcase name="Equals (403)" classname="spec_perl_TestCombineStr_t" time="0.000120162963867188" />
    <testcase name="Equals (404)" classname="spec_perl_TestCombineStr_t" time="0.000148773193359375" />
    <testcase name="Equals (405)" classname="spec_perl_TestCombineStr_t" time="0.000128030776977539" />
    <testcase name="Equals (406)" classname="spec_perl_TestCombineStr_t" time="0.000146150588989258" />
    <testcase name="Equals (407)" classname="spec_perl_TestCombineStr_t" time="0.000118017196655273" />
  </testsuite>
  <testsuite name="spec_perl_TestCombineEnum_t" errors="0" failures="0" skipped="0" tests="3" time="0.0421669483184814">
    <system-out>1..3
ok 1 - Equals
ok 2 - Equals
ok 3 - Equals
</system-out>
    <testcase name="Equals (408)" classname="spec_perl_TestCombineEnum_t" time="0.000216960906982422" />
    <testcase name="Equals (409)" classname="spec_perl_TestCombineEnum_t" time="7.29560852050781e-05" />
    <testcase name="Equals (410)" classname="spec_perl_TestCombineEnum_t" time="0.000133991241455078" />
  </testsuite>
  <testsuite name="spec_perl_TestExpr1_t" errors="0" failures="0" skipped="0" tests="4" time="0.0447568893432617">
    <system-out>1..4
ok 1 - Equals
ok 2 - Equals
ok 3 - Equals
ok 4 - Equals
</system-out>
    <testcase name="Equals (411)" classname="spec_perl_TestExpr1_t" time="0.000226974487304688" />
    <testcase name="Equals (412)" classname="spec_perl_TestExpr1_t" time="7.60555267333984e-05" />
    <testcase name="Equals (413)" classname="spec_perl_TestExpr1_t" time="0.000113010406494141" />
    <testcase name="Equals (414)" classname="spec_perl_TestExpr1_t" time="0.000138044357299805" />
  </testsuite>
  <testsuite name="spec_perl_TestProcessRotate_t" errors="0" failures="0" skipped="0" tests="3" time="0.0421621799468994">
    <system-out>1..3
ok 1 - Equals
ok 2 - Equals
ok 3 - Equals
</system-out>
    <testcase name="Equals (415)" classname="spec_perl_TestProcessRotate_t" time="0.00023198127746582" />
    <testcase name="Equals (416)" classname="spec_perl_TestProcessRotate_t" time="8.32080841064453e-05" />
    <testcase name="Equals (417)" classname="spec_perl_TestProcessRotate_t" time="0.000108957290649414" />
  </testsuite>
  <testsuite name="spec_perl_TestZlibWithHeader78_t" errors="0" failures="0" skipped="0" tests="1" time="0.0623400211334229">
    <system-out>1..1
ok 1 - Equals
</system-out>
    <testcase name="Equals (418)" classname="spec_perl_TestZlibWithHeader78_t" time="0.000339031219482422" />
  </testsuite>
  <testsuite name="spec_perl_TestDocstringsDocref_t" errors="0" failures="0" skipped="1" tests="1" time="0.0426669120788574">
    <system-out>1..1
ok 1 # skip DocstringsDocref=HASH(0x1aeef10)
</system-out>
    <testcase name="Unnamed test case 418" classname="spec_perl_TestDocstringsDocref_t" time="0.00121283531188965">
      <skipped message="ok 1 # skip DocstringsDocref=HASH(0x1aeef10)" />
    </testcase>
  </testsuite>
  <testsuite name="spec_perl_TestEnumFancy_t" errors="0" failures="0" skipped="0" tests="2" time="0.0412750244140625">
    <system-out>1..2
ok 1 - Equals
ok 2 - Equals
</system-out>
    <testcase name="Equals (419)" classname="spec_perl_TestEnumFancy_t" time="0.000225067138671875" />
    <testcase name="Equals (420)" classname="spec_perl_TestEnumFancy_t" time="7.48634338378906e-05" />
  </testsuite>
  <testsuite name="spec_perl_TestTsPacketHeader_t" errors="0" failures="0" skipped="0" tests="7" time="0.0432450771331787">
    <system-out>1..7
ok 1 - Equals
ok 2 - Equals
ok 3 - Equals
ok 4 - Equals
ok 5 - Equals
ok 6 - Equals
ok 7 - Equals
</system-out>
[...]
    <testcase name="Equals (678)" classname="spec_perl_TestDefaultEndianExprIsLe_t" time="0.000129222869873047" />
    <testcase name="Equals (679)" classname="spec_perl_TestDefaultEndianExprIsLe_t" time="0.000123977661132812" />
    <testcase name="Equals (680)" classname="spec_perl_TestDefaultEndianExprIsLe_t" time="0.000142812728881836" />
    <testcase name="Equals (681)" classname="spec_perl_TestDefaultEndianExprIsLe_t" time="0.000115156173706055" />
  </testsuite>
  <testsuite name="spec_perl_TestExprSizeofValueSized_t" errors="0" failures="0" skipped="0" tests="5" time="0.0428822040557861">
    <system-out>1..5
ok 1 - Equals
ok 2 - Equals
ok 3 - Equals
ok 4 - Equals
ok 5 - Equals
</system-out>
    <testcase name="Equals (682)" classname="spec_perl_TestExprSizeofValueSized_t" time="0.000443935394287109" />
    <testcase name="Equals (683)" classname="spec_perl_TestExprSizeofValueSized_t" time="0.000104188919067383" />
    <testcase name="Equals (684)" classname="spec_perl_TestExprSizeofValueSized_t" time="5.88893890380859e-05" />
    <testcase name="Equals (685)" classname="spec_perl_TestExprSizeofValueSized_t" time="0.00011897087097168" />
    <testcase name="Equals (686)" classname="spec_perl_TestExprSizeofValueSized_t" time="0.000132083892822266" />
  </testsuite>
  <testsuite name="spec_perl_TestImports0_t" errors="0" failures="0" skipped="0" tests="3" time="0.0422608852386475">
    <system-out>1..3
ok 1 - Equals
ok 2 - Equals
ok 3 - Equals
</system-out>
    <testcase name="Equals (687)" classname="spec_perl_TestImports0_t" time="0.000216007232666016" />
    <testcase name="Equals (688)" classname="spec_perl_TestImports0_t" time="9.60826873779297e-05" />
    <testcase name="Equals (689)" classname="spec_perl_TestImports0_t" time="0.000114917755126953" />
  </testsuite>
  <testsuite name="spec_perl_TestOpaqueExternalType02Parent_t" errors="0" failures="0" skipped="0" tests="3" time="0.0460360050201416">
    <system-out>1..3
ok 1 - Equals
ok 2 - Equals
ok 3 - Equals
</system-out>
    <testcase name="Equals (690)" classname="spec_perl_TestOpaqueExternalType02Parent_t" time="0.000306844711303711" />
    <testcase name="Equals (691)" classname="spec_perl_TestOpaqueExternalType02Parent_t" time="8.79764556884766e-05" />
    <testcase name="Equals (692)" classname="spec_perl_TestOpaqueExternalType02Parent_t" time="7.31945037841797e-05" />
  </testsuite>
  <testsuite name="spec_perl_TestSwitchMultiBoolOps_t" errors="0" failures="0" skipped="0" tests="9" time="0.0432560443878174">
    <system-out>1..9
ok 1 - Equals
ok 2 - Equals
ok 3 - Equals
ok 4 - Equals
ok 5 - Equals
ok 6 - Equals
ok 7 - Equals
ok 8 - Equals
ok 9 - Equals
</system-out>
    <testcase name="Equals (693)" classname="spec_perl_TestSwitchMultiBoolOps_t" time="0.000247955322265625" />
    <testcase name="Equals (694)" classname="spec_perl_TestSwitchMultiBoolOps_t" time="8.60691070556641e-05" />
    <testcase name="Equals (695)" classname="spec_perl_TestSwitchMultiBoolOps_t" time="0.000107049942016602" />
    <testcase name="Equals (696)" classname="spec_perl_TestSwitchMultiBoolOps_t" time="0.000134944915771484" />
    <testcase name="Equals (697)" classname="spec_perl_TestSwitchMultiBoolOps_t" time="0.000133991241455078" />
    <testcase name="Equals (698)" classname="spec_perl_TestSwitchMultiBoolOps_t" time="0.000159025192260742" />
    <testcase name="Equals (699)" classname="spec_perl_TestSwitchMultiBoolOps_t" time="0.00011897087097168" />
    <testcase name="Equals (700)" classname="spec_perl_TestSwitchMultiBoolOps_t" time="0.000144004821777344" />
    <testcase name="Equals (701)" classname="spec_perl_TestSwitchMultiBoolOps_t" time="0.000117063522338867" />
  </testsuite>
  <testsuite name="spec_perl_TestExprSizeofType1_t" errors="0" failures="0" skipped="0" tests="2" time="0.0421929359436035">
    <system-out>1..2
ok 1 - Equals
ok 2 - Equals
</system-out>
    <testcase name="Equals (702)" classname="spec_perl_TestExprSizeofType1_t" time="0.000192165374755859" />
    <testcase name="Equals (703)" classname="spec_perl_TestExprSizeofType1_t" time="0.000103950500488281" />
  </testsuite>
  <testsuite name="spec_perl_TestValidNotParsedIf_t" errors="1" failures="0" skipped="0" tests="0" time="0.0430259704589844">
    <system-out></system-out>
    <testcase name="Test died too soon, even before plan. (703)" classname="spec_perl_TestValidNotParsedIf_t" time="0.0430259704589844">
      <failure message="The test suite died before a plan was produced. You need to have a plan." type="Plan">No plan</failure>
    </testcase>
  </testsuite>
  <testsuite name="spec_perl_TestStrEncodings_t" errors="0" failures="0" skipped="0" tests="4" time="0.0705111026763916">
    <system-out>1..4
ok 1 - Equals
ok 2 - Equals
ok 3 - Equals
ok 4 - Equals
</system-out>
    <testcase name="Equals (704)" classname="spec_perl_TestStrEncodings_t" time="0.0244200229644775" />
    <testcase name="Equals (705)" classname="spec_perl_TestStrEncodings_t" time="0.0001220703125" />
    <testcase name="Equals (706)" classname="spec_perl_TestStrEncodings_t" time="6.103515625e-05" />
    <testcase name="Equals (707)" classname="spec_perl_TestStrEncodings_t" time="0.000182867050170898" />
  </testsuite>
  <testsuite name="spec_perl_TestDebugSwitchUser_t" errors="1" failures="0" skipped="0" tests="0" time="0.0436801910400391">
    <system-out></system-out>
    <testcase name="Test died too soon, even before plan. (707)" classname="spec_perl_TestDebugSwitchUser_t" time="0.0436801910400391">
      <failure message="The test suite died before a plan was produced. You need to have a plan." type="Plan">No plan</failure>
    </testcase>
  </testsuite>
  <testsuite name="spec_perl_TestSwitchManualIntElse_t" errors="0" failures="0" skipped="0" tests="9" time="0.046536922454834">
    <system-out>1..9
ok 1 - Equals
ok 2 - Equals
ok 3 - Equals
ok 4 - Equals
ok 5 - Equals
ok 6 - Equals
ok 7 - Equals
ok 8 - Equals
ok 9 - Equals
</system-out>
    <testcase name="Equals (708)" classname="spec_perl_TestSwitchManualIntElse_t" time="0.000344991683959961" />
    <testcase name="Equals (709)" classname="spec_perl_TestSwitchManualIntElse_t" time="9.70363616943359e-05" />
    <testcase name="Equals (710)" classname="spec_perl_TestSwitchManualIntElse_t" time="8.08238983154297e-05" />
    <testcase name="Equals (711)" classname="spec_perl_TestSwitchManualIntElse_t" time="0.000161170959472656" />
    <testcase name="Equals (712)" classname="spec_perl_TestSwitchManualIntElse_t" time="0.000110864639282227" />
    <testcase name="Equals (713)" classname="spec_perl_TestSwitchManualIntElse_t" time="0.000137090682983398" />
    <testcase name="Equals (714)" classname="spec_perl_TestSwitchManualIntElse_t" time="0.0001220703125" />
    <testcase name="Equals (715)" classname="spec_perl_TestSwitchManualIntElse_t" time="0.000162839889526367" />
    <testcase name="Equals (716)" classname="spec_perl_TestSwitchManualIntElse_t" time="0.000118017196655273" />
  </testsuite>
  <testsuite name="spec_perl_TestProcessXor4Value_t" errors="0" failures="0" skipped="0" tests="2" time="0.0425310134887695">
    <system-out>1..2
ok 1 - Equals
ok 2 - Equals
</system-out>
    <testcase name="Equals (717)" classname="spec_perl_TestProcessXor4Value_t" time="0.000174045562744141" />
    <testcase name="Equals (718)" classname="spec_perl_TestProcessXor4Value_t" time="9.01222229003906e-05" />
  </testsuite>
  <testsuite name="spec_perl_TestCombineBytes_t" errors="0" failures="0" skipped="0" tests="10" time="0.0421590805053711">
    <system-out>1..10
ok 1 - Equals
ok 2 - Equals
ok 3 - Equals
ok 4 - Equals
ok 5 - Equals
ok 6 - Equals
ok 7 - Equals
ok 8 - Equals
ok 9 - Equals
ok 10 - Equals
</system-out>
    <testcase name="Equals (719)" classname="spec_perl_TestCombineBytes_t" time="0.000252008438110352" />
    <testcase name="Equals (720)" classname="spec_perl_TestCombineBytes_t" time="9.20295715332031e-05" />
    <testcase name="Equals (721)" classname="spec_perl_TestCombineBytes_t" time="0.000138998031616211" />
    <testcase name="Equals (722)" classname="spec_perl_TestCombineBytes_t" time="0.000123023986816406" />
    <testcase name="Equals (723)" classname="spec_perl_TestCombineBytes_t" time="0.000139951705932617" />
    <testcase name="Equals (724)" classname="spec_perl_TestCombineBytes_t" time="0.000145912170410156" />
    <testcase name="Equals (725)" classname="spec_perl_TestCombineBytes_t" time="0.00011897087097168" />
    <testcase name="Equals (726)" classname="spec_perl_TestCombineBytes_t" time="0.000139951705932617" />
    <testcase name="Equals (727)" classname="spec_perl_TestCombineBytes_t" time="0.000119209289550781" />
    <testcase name="Equals (728)" classname="spec_perl_TestCombineBytes_t" time="0.000146865844726562" />
  </testsuite>
  <testsuite name="spec_perl_TestNavParent2_t" errors="0" failures="0" skipped="0" tests="10" time="0.0468320846557617">
    <system-out>1..10
ok 1 - Equals
ok 2 - Equals
ok 3 - Equals
ok 4 - Equals
ok 5 - Equals
ok 6 - Equals
ok 7 - Equals
ok 8 - Equals
ok 9 - Equals
ok 10 - Equals
</system-out>
    <testcase name="Equals (729)" classname="spec_perl_TestNavParent2_t" time="0.000245094299316406" />
    <testcase name="Equals (730)" classname="spec_perl_TestNavParent2_t" time="8.29696655273438e-05" />
    <testcase name="Equals (731)" classname="spec_perl_TestNavParent2_t" time="0.000102996826171875" />
    <testcase name="Equals (732)" classname="spec_perl_TestNavParent2_t" time="0.000134944915771484" />
    <testcase name="Equals (733)" classname="spec_perl_TestNavParent2_t" time="0.000134944915771484" />
    <testcase name="Equals (734)" classname="spec_perl_TestNavParent2_t" time="0.000194072723388672" />
    <testcase name="Equals (735)" classname="spec_perl_TestNavParent2_t" time="0.000113010406494141" />
    <testcase name="Equals (736)" classname="spec_perl_TestNavParent2_t" time="0.000144004821777344" />
    <testcase name="Equals (737)" classname="spec_perl_TestNavParent2_t" time="0.000124931335449219" />
    <testcase name="Equals (738)" classname="spec_perl_TestNavParent2_t" time="0.000174045562744141" />
  </testsuite>
  <testsuite name="spec_perl_TestFixedContents_t" errors="1" failures="0" skipped="0" tests="0" time="0.0547049045562744">
    <system-out></system-out>
    <testcase name="Test died too soon, even before plan. (738)" classname="spec_perl_TestFixedContents_t" time="0.0547049045562744">
      <failure message="The test suite died before a plan was produced. You need to have a plan." type="Plan">No plan</failure>
    </testcase>
  </testsuite>
  <testsuite name="spec_perl_TestNonStandard_t" errors="0" failures="0" skipped="0" tests="1" time="0.0423991680145264">
    <system-out>1..1
ok 1 - Equals
</system-out>
    <testcase name="Equals (739)" classname="spec_perl_TestNonStandard_t" time="0.000242948532104492" />
  </testsuite>
  <testsuite name="spec_perl_TestDebug0_t" errors="0" failures="0" skipped="1" tests="1" time="0.0417690277099609">
    <system-out>1..1
ok 1 # skip test_debug_0
</system-out>
    <testcase name="Unnamed test case 739" classname="spec_perl_TestDebug0_t" time="0.000169038772583008">
      <skipped message="ok 1 # skip test_debug_0" />
    </testcase>
  </testsuite>
  <testsuite name="spec_perl_TestSwitchManualInt_t" errors="0" failures="0" skipped="0" tests="9" time="0.0464468002319336">
    <system-out>1..9
ok 1 - Equals
ok 2 - Equals
ok 3 - Equals
ok 4 - Equals
ok 5 - Equals
ok 6 - Equals
ok 7 - Equals
ok 8 - Equals
ok 9 - Equals
</system-out>
    <testcase name="Equals (740)" classname="spec_perl_TestSwitchManualInt_t" time="0.000293970108032227" />
    <testcase name="Equals (741)" classname="spec_perl_TestSwitchManualInt_t" time="0.000107049942016602" />
    <testcase name="Equals (742)" classname="spec_perl_TestSwitchManualInt_t" time="6.00814819335938e-05" />
    <testcase name="Equals (743)" classname="spec_perl_TestSwitchManualInt_t" time="0.000145912170410156" />
    <testcase name="Equals (744)" classname="spec_perl_TestSwitchManualInt_t" time="0.000119924545288086" />
    <testcase name="Equals (745)" classname="spec_perl_TestSwitchManualInt_t" time="0.000137090682983398" />
    <testcase name="Equals (746)" classname="spec_perl_TestSwitchManualInt_t" time="0.000124931335449219" />
    <testcase name="Equals (747)" classname="spec_perl_TestSwitchManualInt_t" time="0.000128984451293945" />
    <testcase name="Equals (748)" classname="spec_perl_TestSwitchManualInt_t" time="0.000120162963867188" />
  </testsuite>
  <testsuite name="spec_perl_TestDocstrings_t" errors="0" failures="0" skipped="1" tests="1" time="0.0424919128417969">
    <system-out>1..1
ok 1 # skip Docstrings=HASH(0x1b05588)
</system-out>
    <testcase name="Unnamed test case 748" classname="spec_perl_TestDocstrings_t" time="0.00114703178405762">
      <skipped message="ok 1 # skip Docstrings=HASH(0x1b05588)" />
    </testcase>
  </testsuite>
  <testsuite name="spec_perl_TestEofExceptionU4_t" errors="0" failures="0" skipped="0" tests="1" time="0.0418999195098877">
    <system-out>1..1
ok 1 - Died
</system-out>
    <testcase name="Died (748)" classname="spec_perl_TestEofExceptionU4_t" time="0.000140905380249023" />
  </testsuite>
  <testsuite name="spec_perl_TestOptionalId_t" errors="0" failures="0" skipped="0" tests="3" time="0.0426080226898193">
    <system-out>1..3
ok 1 - Equals
ok 2 - Equals
ok 3 - Equals
</system-out>
    <testcase name="Equals (749)" classname="spec_perl_TestOptionalId_t" time="0.000241994857788086" />
    <testcase name="Equals (750)" classname="spec_perl_TestOptionalId_t" time="8.79764556884766e-05" />
    <testcase name="Equals (751)" classname="spec_perl_TestOptionalId_t" time="5.81741333007812e-05" />
  </testsuite>
  <testsuite name="spec_perl_TestExprSizeofValue0_t" errors="0" failures="0" skipped="0" tests="5" time="0.0431098937988281">
    <system-out>1..5
ok 1 - Equals
ok 2 - Equals
ok 3 - Equals
ok 4 - Equals
ok 5 - Equals
</system-out>
    <testcase name="Equals (752)" classname="spec_perl_TestExprSizeofValue0_t" time="0.000229120254516602" />
    <testcase name="Equals (753)" classname="spec_perl_TestExprSizeofValue0_t" time="8.08238983154297e-05" />
    <testcase name="Equals (754)" classname="spec_perl_TestExprSizeofValue0_t" time="0.000123977661132812" />
    <testcase name="Equals (755)" classname="spec_perl_TestExprSizeofValue0_t" time="0.000126123428344727" />
    <testcase name="Equals (756)" classname="spec_perl_TestExprSizeofValue0_t" time="0.000154018402099609" />
  </testsuite>
  <testsuite name="spec_perl_TestNavRoot_t" errors="0" failures="0" skipped="0" tests="5" time="0.0458369255065918">
    <system-out>1..5
ok 1 - Equals
ok 2 - Equals
ok 3 - Equals
ok 4 - Equals
ok 5 - Equals
</system-out>
    <testcase name="Equals (757)" classname="spec_perl_TestNavRoot_t" time="0.000314950942993164" />
    <testcase name="Equals (758)" classname="spec_perl_TestNavRoot_t" time="8.79764556884766e-05" />
    <testcase name="Equals (759)" classname="spec_perl_TestNavRoot_t" time="5.81741333007812e-05" />
    <testcase name="Equals (760)" classname="spec_perl_TestNavRoot_t" time="0.000151872634887695" />
    <testcase name="Equals (761)" classname="spec_perl_TestNavRoot_t" time="0.000114917755126953" />
  </testsuite>
  <testsuite name="spec_perl_TestExprBytesOps_t" errors="1" failures="0" skipped="0" tests="0" time="0.0492150783538818">
    <system-out></system-out>
    <testcase name="Test died too soon, even before plan. (761)" classname="spec_perl_TestExprBytesOps_t" time="0.0492150783538818">
      <failure message="The test suite died before a plan was produced. You need to have a plan." type="Plan">No plan</failure>
    </testcase>
  </testsuite>
  <testsuite name="spec_perl_TestBufferedStruct_t" errors="0" failures="0" skipped="0" tests="7" time="0.0425100326538086">
    <system-out>1..7
ok 1 - Equals
ok 2 - Equals
ok 3 - Equals
ok 4 - Equals
ok 5 - Equals
ok 6 - Equals
ok 7 - Equals
</system-out>
    <testcase name="Equals (762)" classname="spec_perl_TestBufferedStruct_t" time="0.000480175018310547" />
    <testcase name="Equals (763)" classname="spec_perl_TestBufferedStruct_t" time="7.79628753662109e-05" />
    <testcase name="Equals (764)" classname="spec_perl_TestBufferedStruct_t" time="9.70363616943359e-05" />
    <testcase name="Equals (765)" classname="spec_perl_TestBufferedStruct_t" time="0.000133037567138672" />
    <testcase name="Equals (766)" classname="spec_perl_TestBufferedStruct_t" time="0.000138998031616211" />
    <testcase name="Equals (767)" classname="spec_perl_TestBufferedStruct_t" time="0.000147819519042969" />
    <testcase name="Equals (768)" classname="spec_perl_TestBufferedStruct_t" time="0.00011897087097168" />
  </testsuite>
  <testsuite name="spec_perl_TestBitsSimple_t" errors="0" failures="0" skipped="0" tests="14" time="0.0431480407714844">
    <system-out>1..14
ok 1 - Equals
ok 2 - Equals
ok 3 - Equals
ok 4 - Equals
ok 5 - Equals
ok 6 - Equals
ok 7 - Equals
ok 8 - Equals
ok 9 - Equals
ok 10 - Equals
ok 11 - Equals
ok 12 - Equals
ok 13 - Equals
ok 14 - Equals
</system-out>
    <testcase name="Equals (769)" classname="spec_perl_TestBitsSimple_t" time="0.000283956527709961" />
    <testcase name="Equals (770)" classname="spec_perl_TestBitsSimple_t" time="7.60555267333984e-05" />
    <testcase name="Equals (771)" classname="spec_perl_TestBitsSimple_t" time="0.000134944915771484" />
    <testcase name="Equals (772)" classname="spec_perl_TestBitsSimple_t" time="0.000139951705932617" />
    <testcase name="Equals (773)" classname="spec_perl_TestBitsSimple_t" time="9.79900360107422e-05" />
    <testcase name="Equals (774)" classname="spec_perl_TestBitsSimple_t" time="0.000143051147460938" />
    <testcase name="Equals (775)" classname="spec_perl_TestBitsSimple_t" time="0.000117063522338867" />
    <testcase name="Equals (776)" classname="spec_perl_TestBitsSimple_t" time="0.000150918960571289" />
    <testcase name="Equals (777)" classname="spec_perl_TestBitsSimple_t" time="0.000115156173706055" />
    <testcase name="Equals (778)" classname="spec_perl_TestBitsSimple_t" time="0.000142812728881836" />
    <testcase name="Equals (779)" classname="spec_perl_TestBitsSimple_t" time="0.000116109848022461" />
    <testcase name="Equals (780)" classname="spec_perl_TestBitsSimple_t" time="0.000120878219604492" />
    <testcase name="Equals (781)" classname="spec_perl_TestBitsSimple_t" time="0.000147104263305664" />
    <testcase name="Equals (782)" classname="spec_perl_TestBitsSimple_t" time="0.000108957290649414" />
  </testsuite>
  <testsuite name="spec_perl_TestRecursiveOne_t" errors="0" failures="0" skipped="0" tests="4" time="0.0427329540252686">
    <system-out>1..4
ok 1 - Equals
ok 2 - Equals
ok 3 - Equals
ok 4 - Equals
</system-out>
    <testcase name="Equals (783)" classname="spec_perl_TestRecursiveOne_t" time="0.000177145004272461" />
    <testcase name="Equals (784)" classname="spec_perl_TestRecursiveOne_t" time="6.89029693603516e-05" />
    <testcase name="Equals (785)" classname="spec_perl_TestRecursiveOne_t" time="0.00015711784362793" />
    <testcase name="Equals (786)" classname="spec_perl_TestRecursiveOne_t" time="0.000128984451293945" />
  </testsuite>
  <testsuite name="spec_perl_TestMultipleUse_t" errors="0" failures="0" skipped="0" tests="2" time="0.0416309833526611">
    <system-out>1..2
ok 1 - Equals
ok 2 - Equals
</system-out>
    <testcase name="Equals (787)" classname="spec_perl_TestMultipleUse_t" time="0.000245809555053711" />
    <testcase name="Equals (788)" classname="spec_perl_TestMultipleUse_t" time="8.41617584228516e-05" />
  </testsuite>
  <testsuite name="spec_perl_TestZlibSurrounded_t" errors="0" failures="0" skipped="0" tests="1" time="0.0635428428649902">
    <system-out>1..1
ok 1 - Equals
</system-out>
    <testcase name="Equals (789)" classname="spec_perl_TestZlibSurrounded_t" time="0.000581026077270508" />
  </testsuite>
</testsuites>
