<?xml version='1.0' encoding='utf-8'?>
<testsuites>
  <testsuite name="spec_perl_TestBitsEnum_t" errors="0" failures="0" skipped="0" tests="3" time="0.040565013885498">
    <system-out>1..3
ok 1 - Equals
ok 2 - Equals
ok 3 - Equals
</system-out>
    <testcase name="Equals" classname="spec_perl_TestBitsEnum_t" time="0.000230073928833008" />
    <testcase name="Equals (2)" classname="spec_perl_TestBitsEnum_t" time="0.000113964080810547" />
    <testcase name="Equals (3)" classname="spec_perl_TestBitsEnum_t" time="0.000137090682983398" />
  </testsuite>
  <testsuite name="spec_perl_TestDebug0_t" errors="0" failures="0" skipped="1" tests="1" time="0.0406229496002197">
    <system-out>1..1
ok 1 # skip test_debug_0
</system-out>
    <testcase name="Unnamed test case 3" classname="spec_perl_TestDebug0_t" time="0.000237941741943359">
      <skipped message="ok 1 # skip test_debug_0" />
    </testcase>
  </testsuite>
  <testsuite name="spec_perl_TestEosExceptionBytes_t" errors="0" failures="0" skipped="0" tests="1" time="0.0419027805328369">
    <system-out>1..1
ok 1 - Died
</system-out>
    <testcase name="Died (3)" classname="spec_perl_TestEosExceptionBytes_t" time="0.000416040420532227" />
  </testsuite>
  <testsuite name="spec_perl_TestNavParent2_t" errors="0" failures="0" skipped="0" tests="10" time="0.0444228649139404">
    <system-out>1..10
ok 1 - Equals
ok 2 - Equals
ok 3 - Equals
ok 4 - Equals
ok 5 - Equals
ok 6 - Equals
ok 7 - Equals
ok 8 - Equals
ok 9 - Equals
ok 10 - Equals
</system-out>
    <testcase name="Equals (4)" classname="spec_perl_TestNavParent2_t" time="0.000280141830444336" />
    <testcase name="Equals (5)" classname="spec_perl_TestNavParent2_t" time="9.08374786376953e-05" />
    <testcase name="Equals (6)" classname="spec_perl_TestNavParent2_t" time="0.000158071517944336" />
    <testcase name="Equals (7)" classname="spec_perl_TestNavParent2_t" time="0.000132083892822266" />
    <testcase name="Equals (8)" classname="spec_perl_TestNavParent2_t" time="0.000139951705932617" />
    <testcase name="Equals (9)" classname="spec_perl_TestNavParent2_t" time="0.000184059143066406" />
    <testcase name="Equals (10)" classname="spec_perl_TestNavParent2_t" time="0.000113010406494141" />
    <testcase name="Equals (11)" classname="spec_perl_TestNavParent2_t" time="0.000151872634887695" />
    <testcase name="Equals (12)" classname="spec_perl_TestNavParent2_t" time="0.000108957290649414" />
    <testcase name="Equals (13)" classname="spec_perl_TestNavParent2_t" time="0.000177145004272461" />
  </testsuite>
  <testsuite name="spec_perl_TestExprBytesOps_t" errors="1" failures="0" skipped="0" tests="0" time="0.0395939350128174">
    <system-out></system-out>
    <testcase name="Test died too soon, even before plan. (13)" classname="spec_perl_TestExprBytesOps_t" time="0.0395939350128174">
      <failure message="The test suite died before a plan was produced. You need to have a plan." type="Plan">No plan</failure>
    </testcase>
  </testsuite>
  <testsuite name="spec_perl_TestPositionAbs_t" errors="0" failures="0" skipped="0" tests="2" time="0.0462260246276855">
    <system-out>1..2
ok 1 - Equals
ok 2 - Equals
</system-out>
    <testcase name="Equals (14)" classname="spec_perl_TestPositionAbs_t" time="0.000224828720092773" />
    <testcase name="Equals (15)" classname="spec_perl_TestPositionAbs_t" time="0.000192165374755859" />
  </testsuite>
  <testsuite name="spec_perl_TestDebugEnumName_t" errors="1" failures="0" skipped="0" tests="0" time="0.0404529571533203">
    <system-out></system-out>
    <testcase name="Test died too soon, even before plan. (15)" classname="spec_perl_TestDebugEnumName_t" time="0.0404529571533203">
      <failure message="The test suite died before a plan was produced. You need to have a plan." type="Plan">No plan</failure>
    </testcase>
  </testsuite>
  <testsuite name="spec_perl_TestDocstringsDocrefMulti_t" errors="0" failures="0" skipped="1" tests="1" time="0.0404999256134033">
    <system-out>1..1
ok 1 # skip DocstringsDocrefMulti=HASH(0x2f13408)
</system-out>
    <testcase name="Unnamed test case 15" classname="spec_perl_TestDocstringsDocrefMulti_t" time="0.00110697746276855">
      <skipped message="ok 1 # skip DocstringsDocrefMulti=HASH(0x2f13408)" />
    </testcase>
  </testsuite>
  <testsuite name="spec_perl_TestExprIoEof_t" errors="0" failures="0" skipped="0" tests="4" time="0.0418660640716553">
    <system-out>1..4
ok 1 - Equals
ok 2 - nil
ok 3 - Equals
ok 4 - Equals
</system-out>
    <testcase name="Equals (16)" classname="spec_perl_TestExprIoEof_t" time="0.000476837158203125" />
    <testcase name="nil (16)" classname="spec_perl_TestExprIoEof_t" time="7.70092010498047e-05" />
    <testcase name="Equals (17)" classname="spec_perl_TestExprIoEof_t" time="5.91278076171875e-05" />
    <testcase name="Equals (18)" classname="spec_perl_TestExprIoEof_t" time="0.00014185905456543" />
  </testsuite>
  <testsuite name="spec_perl_TestIntegersMinMax_t" errors="0" failures="0" skipped="0" tests="28" time="0.0446779727935791">
    <system-out>1..28
ok 1 - Equals
ok 2 - Equals
ok 3 - Equals
ok 4 - Equals
ok 5 - Equals
ok 6 - Equals
ok 7 - Equals
ok 8 - Equals
ok 9 - Equals
ok 10 - Equals
ok 11 - Equals
ok 12 - Equals
ok 13 - Equals
ok 14 - Equals
ok 15 - Equals
ok 16 - Equals
ok 17 - Equals
ok 18 - Equals
ok 19 - Equals
ok 20 - Equals
ok 21 - Equals
ok 22 - Equals
ok 23 - Equals
ok 24 - Equals
ok 25 - Equals
ok 26 - Equals
ok 27 - Equals
ok 28 - Equals
</system-out>
    <testcase name="Equals (19)" classname="spec_perl_TestIntegersMinMax_t" time="0.000298976898193359" />
    <testcase name="Equals (20)" classname="spec_perl_TestIntegersMinMax_t" time="0.000113010406494141" />
    <testcase name="Equals (21)" classname="spec_perl_TestIntegersMinMax_t" time="0.000133037567138672" />
    <testcase name="Equals (22)" classname="spec_perl_TestIntegersMinMax_t" time="0.000131845474243164" />
    <testcase name="Equals (23)" classname="spec_perl_TestIntegersMinMax_t" time="0.000117063522338867" />
    <testcase name="Equals (24)" classname="spec_perl_TestIntegersMinMax_t" time="0.00014805793762207" />
    <testcase name="Equals (25)" classname="spec_perl_TestIntegersMinMax_t" time="0.000113010406494141" />
    <testcase name="Equals (26)" classname="spec_perl_TestIntegersMinMax_t" time="0.000142812728881836" />
    <testcase name="Equals (27)" classname="spec_perl_TestIntegersMinMax_t" time="0.000111103057861328" />
    <testcase name="Equals (28)" classname="spec_perl_TestIntegersMinMax_t" time="0.000137090682983398" />
    <testcase name="Equals (29)" classname="spec_perl_TestIntegersMinMax_t" time="0.000123023986816406" />
    <testcase name="Equals (30)" classname="spec_perl_TestIntegersMinMax_t" time="0.00014495849609375" />
    <testcase name="Equals (31)" classname="spec_perl_TestIntegersMinMax_t" time="0.000110864639282227" />
    <testcase name="Equals (32)" classname="spec_perl_TestIntegersMinMax_t" time="0.000149965286254883" />
    <testcase name="Equals (33)" classname="spec_perl_TestIntegersMinMax_t" time="0.000114202499389648" />
    <testcase name="Equals (34)" classname="spec_perl_TestIntegersMinMax_t" time="0.000140905380249023" />
    <testcase name="Equals (35)" classname="spec_perl_TestIntegersMinMax_t" time="0.000118017196655273" />
    <testcase name="Equals (36)" classname="spec_perl_TestIntegersMinMax_t" time="0.000120878219604492" />
    <testcase name="Equals (37)" classname="spec_perl_TestIntegersMinMax_t" time="0.000120162963867188" />
    <testcase name="Equals (38)" classname="spec_perl_TestIntegersMinMax_t" time="0.00011897087097168" />
    <testcase name="Equals (39)" classname="spec_perl_TestIntegersMinMax_t" time="0.00011897087097168" />
    <testcase name="Equals (40)" classname="spec_perl_TestIntegersMinMax_t" time="0.00014495849609375" />
    <testcase name="Equals (41)" classname="spec_perl_TestIntegersMinMax_t" time="0.000117063522338867" />
    <testcase name="Equals (42)" classname="spec_perl_TestIntegersMinMax_t" time="0.000139951705932617" />
    <testcase name="Equals (43)" classname="spec_perl_TestIntegersMinMax_t" time="0.000127077102661133" />
    <testcase name="Equals (44)" classname="spec_perl_TestIntegersMinMax_t" time="0.000112056732177734" />
    <testcase name="Equals (45)" classname="spec_perl_TestIntegersMinMax_t" time="0.000121831893920898" />
    <testcase name="Equals (46)" classname="spec_perl_TestIntegersMinMax_t" time="0.00012516975402832" />
  </testsuite>
  <testsuite name="spec_perl_TestBcdUserTypeBe_t" errors="0" failures="0" skipped="0" tests="6" time="0.0428698062896729">
    <system-out>1..6
ok 1 - Equals
ok 2 - Equals
ok 3 - Equals
ok 4 - Equals
ok 5 - Equals
ok 6 - Equals
</system-out>
    <testcase name="Equals (47)" classname="spec_perl_TestBcdUserTypeBe_t" time="0.000497102737426758" />
    <testcase name="Equals (48)" classname="spec_perl_TestBcdUserTypeBe_t" time="7.70092010498047e-05" />
    <testcase name="Equals (49)" classname="spec_perl_TestBcdUserTypeBe_t" time="0.000164985656738281" />
    <testcase name="Equals (50)" classname="spec_perl_TestBcdUserTypeBe_t" time="0.000130891799926758" />
    <testcase name="Equals (51)" classname="spec_perl_TestBcdUserTypeBe_t" time="0.000147104263305664" />
    <testcase name="Equals (52)" classname="spec_perl_TestBcdUserTypeBe_t" time="0.000137805938720703" />
  </testsuite>
  <testsuite name="spec_perl_TestExprBits_t" errors="0" failures="0" skipped="0" tests="10" time="0.0431950092315674">
    <system-out>1..10
ok 1 - Equals
ok 2 - Equals
ok 3 - Equals
ok 4 - Equals
ok 5 - Equals
ok 6 - Equals
ok 7 - Equals
ok 8 - Equals
ok 9 - Equals
ok 10 - Equals
</system-out>
    <testcase name="Equals (53)" classname="spec_perl_TestExprBits_t" time="0.000257968902587891" />
    <testcase name="Equals (54)" classname="spec_perl_TestExprBits_t" time="0.000128984451293945" />
    <testcase name="Equals (55)" classname="spec_perl_TestExprBits_t" time="0.000130891799926758" />
    <testcase name="Equals (56)" classname="spec_perl_TestExprBits_t" time="0.000132083892822266" />
    <testcase name="Equals (57)" classname="spec_perl_TestExprBits_t" time="0.000135898590087891" />
    <testcase name="Equals (58)" classname="spec_perl_TestExprBits_t" time="0.000121116638183594" />
    <testcase name="Equals (59)" classname="spec_perl_TestExprBits_t" time="0.0001220703125" />
    <testcase name="Equals (60)" classname="spec_perl_TestExprBits_t" time="0.000139951705932617" />
    <testcase name="Equals (61)" classname="spec_perl_TestExprBits_t" time="0.000114917755126953" />
    <testcase name="Equals (62)" classname="spec_perl_TestExprBits_t" time="0.000175952911376953" />
  </testsuite>
  <testsuite name="spec_perl_TestBitsSimple_t" errors="0" failures="0" skipped="0" tests="14" time="0.0416960716247559">
    <system-out>1..14
ok 1 - Equals
ok 2 - Equals
ok 3 - Equals
ok 4 - Equals
ok 5 - Equals
ok 6 - Equals
ok 7 - Equals
ok 8 - Equals
ok 9 - Equals
ok 10 - Equals
ok 11 - Equals
ok 12 - Equals
ok 13 - Equals
ok 14 - Equals
</system-out>
    <testcase name="Equals (63)" classname="spec_perl_TestBitsSimple_t" time="0.000270843505859375" />
    <testcase name="Equals (64)" classname="spec_perl_TestBitsSimple_t" time="0.000110149383544922" />
    <testcase name="Equals (65)" classname="spec_perl_TestBitsSimple_t" time="0.000131845474243164" />
    <testcase name="Equals (66)" classname="spec_perl_TestBitsSimple_t" time="0.000127077102661133" />
    <testcase name="Equals (67)" classname="spec_perl_TestBitsSimple_t" time="0.000114917755126953" />
    <testcase name="Equals (68)" classname="spec_perl_TestBitsSimple_t" time="0.000143051147460938" />
    <testcase name="Equals (69)" classname="spec_perl_TestBitsSimple_t" time="0.000113964080810547" />
    <testcase name="Equals (70)" classname="spec_perl_TestBitsSimple_t" time="0.000159978866577148" />
    <testcase name="Equals (71)" classname="spec_perl_TestBitsSimple_t" time="0.000117063522338867" />
    <testcase name="Equals (72)" classname="spec_perl_TestBitsSimple_t" time="0.0001220703125" />
    <testcase name="Equals (73)" classname="spec_perl_TestBitsSimple_t" time="0.000120878219604492" />
    <testcase name="Equals (74)" classname="spec_perl_TestBitsSimple_t" time="0.000119209289550781" />
    <testcase name="Equals (75)" classname="spec_perl_TestBitsSimple_t" time="0.00014185905456543" />
    <testcase name="Equals (76)" classname="spec_perl_TestBitsSimple_t" time="0.000128030776977539" />
  </testsuite>
  <testsuite name="spec_perl_TestCastToTop_t" errors="0" failures="0" skipped="0" tests="3" time="0.0399239063262939">
    <system-out>1..3
ok 1 - Equals
ok 2 - Equals
ok 3 - Equals
</system-out>
    <testcase name="Equals (77)" classname="spec_perl_TestCastToTop_t" time="0.000236988067626953" />
    <testcase name="Equals (78)" classname="spec_perl_TestCastToTop_t" time="0.00013279914855957" />
    <testcase name="Equals (79)" classname="spec_perl_TestCastToTop_t" time="0.000133991241455078" />
  </testsuite>
  <testsuite name="spec_perl_TestDefaultEndianExprIsLe_t" errors="0" failures="0" skipped="0" tests="12" time="0.0421109199523926">
    <system-out>1..12
ok 1 - Equals
ok 2 - Equals
ok 3 - Equals
ok 4 - Equals
ok 5 - Equals
ok 6 - Equals
ok 7 - Equals
ok 8 - Equals
ok 9 - Equals
ok 10 - Equals
ok 11 - Equals
ok 12 - Equals
</system-out>
    <testcase name="Equals (80)" classname="spec_perl_TestDefaultEndianExprIsLe_t" time="0.000272035598754883" />
    <testcase name="Equals (81)" classname="spec_perl_TestDefaultEndianExprIsLe_t" time="0.000113010406494141" />
    <testcase name="Equals (82)" classname="spec_perl_TestDefaultEndianExprIsLe_t" time="0.000135898590087891" />
    <testcase name="Equals (83)" classname="spec_perl_TestDefaultEndianExprIsLe_t" time="0.000138044357299805" />
    <testcase name="Equals (84)" classname="spec_perl_TestDefaultEndianExprIsLe_t" time="0.000114917755126953" />
    <testcase name="Equals (85)" classname="spec_perl_TestDefaultEndianExprIsLe_t" time="0.000139951705932617" />
    <testcase name="Equals (86)" classname="spec_perl_TestDefaultEndianExprIsLe_t" time="0.000147104263305664" />
    <testcase name="Equals (87)" classname="spec_perl_TestDefaultEndianExprIsLe_t" time="0.000125885009765625" />
    <testcase name="Equals (88)" classname="spec_perl_TestDefaultEndianExprIsLe_t" time="0.000119209289550781" />
    <testcase name="Equals (89)" classname="spec_perl_TestDefaultEndianExprIsLe_t" time="0.000148773193359375" />
    <testcase name="Equals (90)" classname="spec_perl_TestDefaultEndianExprIsLe_t" time="0.000114202499389648" />
    <testcase name="Equals (91)" classname="spec_perl_TestDefaultEndianExprIsLe_t" time="0.00014495849609375" />
  </testsuite>
  <testsuite name="spec_perl_TestParamsCallExtraParens_t" errors="0" failures="1" skipped="0" tests="1" time="0.0445718765258789">
    <system-out>1..1
not ok 1 - Equals
</system-out>
    <testcase name="Equals (92)" classname="spec_perl_TestParamsCallExtraParens_t" time="0.0026240348815918">
      <failure message="not ok 1 - Equals" type="TAP::Parser::Result::Test"></failure>
    </testcase>
  </testsuite>
  <testsuite name="spec_perl_TestSwitchElseOnly_t" errors="1" failures="0" skipped="0" tests="0" time="0.0404739379882812">
    <system-out></system-out>
    <testcase name="Test died too soon, even before plan. (92)" classname="spec_perl_TestSwitchElseOnly_t" time="0.0404739379882812">
      <failure message="The test suite died before a plan was produced. You need to have a plan." type="Plan">No plan</failure>
    </testcase>
  </testsuite>
  <testsuite name="spec_perl_TestFixedContents_t" errors="1" failures="0" skipped="0" tests="0" time="0.0491659641265869">
    <system-out></system-out>
    <testcase name="Test died too soon, even before plan. (93)" classname="spec_perl_TestFixedContents_t" time="0.0491659641265869">
      <failure message="The test suite died before a plan was produced. You need to have a plan." type="Plan">No plan</failure>
    </testcase>
  </testsuite>
  <testsuite name="spec_perl_TestStrPadTerm_t" errors="0" failures="0" skipped="0" tests="4" time="0.0436899662017822">
    <system-out>1..4
ok 1 - Equals
ok 2 - Equals
ok 3 - Equals
ok 4 - Equals
</system-out>
    <testcase name="Equals (93)" classname="spec_perl_TestStrPadTerm_t" time="0.000293970108032227" />
    <testcase name="Equals (94)" classname="spec_perl_TestStrPadTerm_t" time="9.39369201660156e-05" />
    <testcase name="Equals (95)" classname="spec_perl_TestStrPadTerm_t" time="0.000145912170410156" />
    <testcase name="Equals (96)" classname="spec_perl_TestStrPadTerm_t" time="0.000130176544189453" />
  </testsuite>
  <testsuite name="spec_perl_TestNestedTypes3_t" errors="0" failures="0" skipped="0" tests="5" time="0.0422048568725586">
    <system-out>1..5
ok 1 - Equals
ok 2 - Equals
ok 3 - Equals
ok 4 - Equals
ok 5 - Equals
</system-out>
    <testcase name="Equals (97)" classname="spec_perl_TestNestedTypes3_t" time="0.00027012825012207" />
    <testcase name="Equals (98)" classname="spec_perl_TestNestedTypes3_t" time="9.98973846435547e-05" />
    <testcase name="Equals (99)" classname="spec_perl_TestNestedTypes3_t" time="0.000147104263305664" />
    <testcase name="Equals (100)" classname="spec_perl_TestNestedTypes3_t" time="0.000135898590087891" />
    <testcase name="Equals (101)" classname="spec_perl_TestNestedTypes3_t" time="0.000117063522338867" />
  </testsuite>
  <testsuite name="spec_perl_TestDefaultBigEndian_t" errors="0" failures="0" skipped="0" tests="1" time="0.0516891479492188">
    <system-out>1..1
ok 1 - Equals
</system-out>
    <testcase name="Equals (102)" classname="spec_perl_TestDefaultBigEndian_t" time="0.000247955322265625" />
  </testsuite>
  <testsuite name="spec_perl_TestExprBytesCmp_t" errors="0" failures="0" skipped="0" tests="10" time="0.0415151119232178">
    <system-out>1..10
ok 1 - Equals
ok 2 - Equals
ok 3 - Equals
ok 4 - Equals
ok 5 - Equals
ok 6 - Equals
ok 7 - Equals
ok 8 - Equals
ok 9 - Equals
ok 10 - Equals
</system-out>
    <testcase name="Equals (103)" classname="spec_perl_TestExprBytesCmp_t" time="0.000221014022827148" />
    <testcase name="Equals (104)" classname="spec_perl_TestExprBytesCmp_t" time="0.000116109848022461" />
    <testcase name="Equals (105)" classname="spec_perl_TestExprBytesCmp_t" time="0.000134944915771484" />
    <testcase name="Equals (106)" classname="spec_perl_TestExprBytesCmp_t" time="0.00014185905456543" />
    <testcase name="Equals (107)" classname="spec_perl_TestExprBytesCmp_t" time="0.000114202499389648" />
    <testcase name="Equals (108)" classname="spec_perl_TestExprBytesCmp_t" time="0.000142812728881836" />
    <testcase name="Equals (109)" classname="spec_perl_TestExprBytesCmp_t" time="0.000117063522338867" />
    <testcase name="Equals (110)" classname="spec_perl_TestExprBytesCmp_t" time="0.000142097473144531" />
    <testcase name="Equals (111)" classname="spec_perl_TestExprBytesCmp_t" time="0.000126838684082031" />
    <testcase name="Equals (112)" classname="spec_perl_TestExprBytesCmp_t" time="0.000144004821777344" />
  </testsuite>
  <testsuite name="spec_perl_TestExpr2_t" errors="0" failures="0" skipped="0" tests="17" time="0.0457971096038818">
    <system-out>1..17
ok 1 - Equals
ok 2 - Equals
ok 3 - Equals
ok 4 - Equals
ok 5 - Equals
ok 6 - Equals
ok 7 - Equals
ok 8 - Equals
ok 9 - Equals
ok 10 - Equals
ok 11 - Equals
ok 12 - Equals
ok 13 - Equals
ok 14 - Equals
ok 15 - Equals
ok 16 - Equals
ok 17 - Equals
</system-out>
    <testcase name="Equals (113)" classname="spec_perl_TestExpr2_t" time="0.000527858734130859" />
    <testcase name="Equals (114)" classname="spec_perl_TestExpr2_t" time="0.000113964080810547" />
    <testcase name="Equals (115)" classname="spec_perl_TestExpr2_t" time="0.000132083892822266" />
    <testcase name="Equals (116)" classname="spec_perl_TestExpr2_t" time="0.00014495849609375" />
    <testcase name="Equals (117)" classname="spec_perl_TestExpr2_t" time="0.000117063522338867" />
    <testcase name="Equals (118)" classname="spec_perl_TestExpr2_t" time="0.000151872634887695" />
    <testcase name="Equals (119)" classname="spec_perl_TestExpr2_t" time="0.000111103057861328" />
    <testcase name="Equals (120)" classname="spec_perl_TestExpr2_t" time="0.000207901000976562" />
    <testcase name="Equals (121)" classname="spec_perl_TestExpr2_t" time="0.000107049942016602" />
    <testcase name="Equals (122)" classname="spec_perl_TestExpr2_t" time="0.000144004821777344" />
    <testcase name="Equals (123)" classname="spec_perl_TestExpr2_t" time="0.000121116638183594" />
    <testcase name="Equals (124)" classname="spec_perl_TestExpr2_t" time="0.000147819519042969" />
    <testcase name="Equals (125)" classname="spec_perl_TestExpr2_t" time="0.000121116638183594" />
    <testcase name="Equals (126)" classname="spec_perl_TestExpr2_t" time="0.000169992446899414" />
    <testcase name="Equals (127)" classname="spec_perl_TestExpr2_t" time="0.000115871429443359" />
    <testcase name="Equals (128)" classname="spec_perl_TestExpr2_t" time="0.000143051147460938" />
    <testcase name="Equals (129)" classname="spec_perl_TestExpr2_t" time="0.000121116638183594" />
  </testsuite>
  <testsuite name="spec_perl_TestMetaTags_t" errors="0" failures="0" skipped="1" tests="1" time="0.0412938594818115">
    <system-out>1..1
ok 1 # skip MetaTags=HASH(0x2a9ce20)
</system-out>
    <testcase name="Unnamed test case 129" classname="spec_perl_TestMetaTags_t" time="0.00118398666381836">
      <skipped message="ok 1 # skip MetaTags=HASH(0x2a9ce20)" />
    </testcase>
  </testsuite>
  <testsuite name="spec_perl_TestSwitchManualStrElse_t" errors="0" failures="0" skipped="0" tests="9" time="0.0442819595336914">
    <system-out>1..9
ok 1 - Equals
ok 2 - Equals
ok 3 - Equals
ok 4 - Equals
ok 5 - Equals
ok 6 - Equals
ok 7 - Equals
ok 8 - Equals
ok 9 - Equals
</system-out>
    <testcase name="Equals (130)" classname="spec_perl_TestSwitchManualStrElse_t" time="0.000316858291625977" />
    <testcase name="Equals (131)" classname="spec_perl_TestSwitchManualStrElse_t" time="0.0001220703125" />
    <testcase name="Equals (132)" classname="spec_perl_TestSwitchManualStrElse_t" time="0.000137090682983398" />
    <testcase name="Equals (133)" classname="spec_perl_TestSwitchManualStrElse_t" time="0.000135898590087891" />
    <testcase name="Equals (134)" classname="spec_perl_TestSwitchManualStrElse_t" time="0.000118017196655273" />
    <testcase name="Equals (135)" classname="spec_perl_TestSwitchManualStrElse_t" time="0.000143051147460938" />
    <testcase name="Equals (136)" classname="spec_perl_TestSwitchManualStrElse_t" time="0.000115871429443359" />
    <testcase name="Equals (137)" classname="spec_perl_TestSwitchManualStrElse_t" time="0.000126123428344727" />
    <testcase name="Equals (138)" classname="spec_perl_TestSwitchManualStrElse_t" time="0.000155925750732422" />
  </testsuite>
  <testsuite name="spec_perl_TestUserType_t" errors="0" failures="0" skipped="0" tests="2" time="0.0399770736694336">
    <system-out>1..2
ok 1 - Equals
ok 2 - Equals
</system-out>
    <testcase name="Equals (139)" classname="spec_perl_TestUserType_t" time="0.000229835510253906" />
    <testcase name="Equals (140)" classname="spec_perl_TestUserType_t" time="0.000123977661132812" />
  </testsuite>
  <testsuite name="spec_perl_TestSwitchManualIntSizeEos_t" errors="0" failures="0" skipped="0" tests="10" time="0.0451788902282715">
    <system-out>1..10
ok 1 - Equals
ok 2 - Equals
ok 3 - Equals
ok 4 - Equals
ok 5 - Equals
ok 6 - Equals
ok 7 - Equals
ok 8 - Equals
ok 9 - Equals
ok 10 - Equals
</system-out>
    <testcase name="Equals (141)" classname="spec_perl_TestSwitchManualIntSizeEos_t" time="0.000570058822631836" />
    <testcase name="Equals (142)" classname="spec_perl_TestSwitchManualIntSizeEos_t" time="0.000112056732177734" />
    <testcase name="Equals (143)" classname="spec_perl_TestSwitchManualIntSizeEos_t" time="0.000135898590087891" />
    <testcase name="Equals (144)" classname="spec_perl_TestSwitchManualIntSizeEos_t" time="0.000136137008666992" />
    <testcase name="Equals (145)" classname="spec_perl_TestSwitchManualIntSizeEos_t" time="0.00010991096496582" />
    <testcase name="Equals (146)" classname="spec_perl_TestSwitchManualIntSizeEos_t" time="0.000159025192260742" />
    <testcase name="Equals (147)" classname="spec_perl_TestSwitchManualIntSizeEos_t" time="0.000113010406494141" />
    <testcase name="Equals (148)" classname="spec_perl_TestSwitchManualIntSizeEos_t" time="0.000152111053466797" />
    <testcase name="Equals (149)" classname="spec_perl_TestSwitchManualIntSizeEos_t" time="0.000128984451293945" />
    <testcase name="Equals (150)" classname="spec_perl_TestSwitchManualIntSizeEos_t" time="0.000123977661132812" />
  </testsuite>
  <testsuite name="spec_perl_TestExprOpsParens_t" errors="1" failures="0" skipped="0" tests="0" time="0.0434160232543945">
    <system-out></system-out>
    <testcase name="Test died too soon, even before plan. (150)" classname="spec_perl_TestExprOpsParens_t" time="0.0434160232543945">
      <failure message="The test suite died before a plan was produced. You need to have a plan." type="Plan">No plan</failure>
    </testcase>
  </testsuite>
  <testsuite name="spec_perl_TestInstanceStdArray_t" errors="0" failures="0" skipped="0" tests="7" time="0.0409030914306641">
    <system-out>1..7
ok 1 - Equals
ok 2 - Equals
ok 3 - Equals
ok 4 - Equals
ok 5 - Equals
ok 6 - Equals
ok 7 - Equals
</system-out>
    <testcase name="Equals (151)" classname="spec_perl_TestInstanceStdArray_t" time="0.000234127044677734" />
    <testcase name="Equals (152)" classname="spec_perl_TestInstanceStdArray_t" time="0.000113964080810547" />
    <testcase name="Equals (153)" classname="spec_perl_TestInstanceStdArray_t" time="0.000133991241455078" />
    <testcase name="Equals (154)" classname="spec_perl_TestInstanceStdArray_t" time="0.000153064727783203" />
    <testcase name="Equals (155)" classname="spec_perl_TestInstanceStdArray_t" time="0.000127077102661133" />
    <testcase name="Equals (156)" classname="spec_perl_TestInstanceStdArray_t" time="0.000127792358398438" />
    <testcase name="Equals (157)" classname="spec_perl_TestInstanceStdArray_t" time="0.000144004821777344" />
  </testsuite>
  <testsuite name="spec_perl_TestIoLocalVar_t" errors="0" failures="0" skipped="0" tests="2" time="0.0405540466308594">
    <system-out>1..2
ok 1 - Equals
ok 2 - Equals
</system-out>
    <testcase name="Equals (158)" classname="spec_perl_TestIoLocalVar_t" time="0.000427961349487305" />
    <testcase name="Equals (159)" classname="spec_perl_TestIoLocalVar_t" time="0.000112056732177734" />
  </testsuite>
  <testsuite name="spec_perl_TestSwitchMultiBoolOps_t" errors="0" failures="0" skipped="0" tests="9" time="0.0412631034851074">
    <system-out>1..9
ok 1 - Equals
ok 2 - Equals
ok 3 - Equals
ok 4 - Equals
ok 5 - Equals
ok 6 - Equals
ok 7 - Equals
ok 8 - Equals
ok 9 - Equals
</system-out>
    <testcase name="Equals (160)" classname="spec_perl_TestSwitchMultiBoolOps_t" time="0.000259876251220703" />
    <testcase name="Equals (161)" classname="spec_perl_TestSwitchMultiBoolOps_t" time="0.000118017196655273" />
    <testcase name="Equals (162)" classname="spec_perl_TestSwitchMultiBoolOps_t" time="0.000135183334350586" />
    <testcase name="Equals (163)" classname="spec_perl_TestSwitchMultiBoolOps_t" time="0.000145912170410156" />
    <testcase name="Equals (164)" classname="spec_perl_TestSwitchMultiBoolOps_t" time="0.000104904174804688" />
    <testcase name="Equals (165)" classname="spec_perl_TestSwitchMultiBoolOps_t" time="0.000141143798828125" />
    <testcase name="Equals (166)" classname="spec_perl_TestSwitchMultiBoolOps_t" time="0.000121831893920898" />
    <testcase name="Equals (167)" classname="spec_perl_TestSwitchMultiBoolOps_t" time="0.000121116638183594" />
    <testcase name="Equals (168)" classname="spec_perl_TestSwitchMultiBoolOps_t" time="0.000149965286254883" />
  </testsuite>
  <testsuite name="spec_perl_TestTsPacketHeader_t" errors="0" failures="0" skipped="0" tests="7" time="0.0410318374633789">
    <system-out>1..7
ok 1 - Equals
ok 2 - Equals
ok 3 - Equals
ok 4 - Equals
ok 5 - Equals
ok 6 - Equals
ok 7 - Equals
</system-out>
    <testcase name="Equals (169)" classname="spec_perl_TestTsPacketHeader_t" time="0.000257015228271484" />
    <testcase name="Equals (170)" classname="spec_perl_TestTsPacketHeader_t" time="9.41753387451172e-05" />
    <testcase name="Equals (171)" classname="spec_perl_TestTsPacketHeader_t" time="0.000138998031616211" />
    <testcase name="Equals (172)" classname="spec_perl_TestTsPacketHeader_t" time="0.000156879425048828" />
    <testcase name="Equals (173)" classname="spec_perl_TestTsPacketHeader_t" time="0.000114917755126953" />
    <testcase name="Equals (174)" classname="spec_perl_TestTsPacketHeader_t" time="0.000142097473144531" />
    <testcase name="Equals (175)" classname="spec_perl_TestTsPacketHeader_t" time="0.000112056732177734" />
  </testsuite>
  <testsuite name="spec_perl_TestSwitchManualStr_t" errors="0" failures="0" skipped="0" tests="9" time="0.044105052947998">
    <system-out>1..9
ok 1 - Equals
ok 2 - Equals
ok 3 - Equals
ok 4 - Equals
ok 5 - Equals
ok 6 - Equals
ok 7 - Equals
ok 8 - Equals
ok 9 - Equals
</system-out>
    <testcase name="Equals (176)" classname="spec_perl_TestSwitchManualStr_t" time="0.000316143035888672" />
    <testcase name="Equals (177)" classname="spec_perl_TestSwitchManualStr_t" time="0.000115871429443359" />
    <testcase name="Equals (178)" classname="spec_perl_TestSwitchManualStr_t" time="0.000137090682983398" />
    <testcase name="Equals (179)" classname="spec_perl_TestSwitchManualStr_t" time="0.000145912170410156" />
    <testcase name="Equals (180)" classname="spec_perl_TestSwitchManualStr_t" time="0.000114917755126953" />
    <testcase name="Equals (181)" classname="spec_perl_TestSwitchManualStr_t" time="0.000144004821777344" />
    <testcase name="Equals (182)" classname="spec_perl_TestSwitchManualStr_t" time="0.000118017196655273" />
    <testcase name="Equals (183)" classname="spec_perl_TestSwitchManualStr_t" time="0.00014805793762207" />
    <testcase name="Equals (184)" classname="spec_perl_TestSwitchManualStr_t" time="0.000149011611938477" />
  </testsuite>
  <testsuite name="spec_perl_TestBcdUserTypeLe_t" errors="0" failures="0" skipped="0" tests="6" time="0.0428500175476074">
    <system-out>1..6
ok 1 - Equals
ok 2 - Equals
ok 3 - Equals
ok 4 - Equals
ok 5 - Equals
ok 6 - Equals
</system-out>
    <testcase name="Equals (185)" classname="spec_perl_TestBcdUserTypeLe_t" time="0.000492095947265625" />
    <testcase name="Equals (186)" classname="spec_perl_TestBcdUserTypeLe_t" time="0.000103950500488281" />
    <testcase name="Equals (187)" classname="spec_perl_TestBcdUserTypeLe_t" time="0.000154972076416016" />
    <testcase name="Equals (188)" classname="spec_perl_TestBcdUserTypeLe_t" time="0.00014495849609375" />
    <testcase name="Equals (189)" classname="spec_perl_TestBcdUserTypeLe_t" time="0.00015711784362793" />
    <testcase name="Equals (190)" classname="spec_perl_TestBcdUserTypeLe_t" time="0.00014805793762207" />
  </testsuite>
  <testsuite name="spec_perl_TestEnumImport_t" errors="0" failures="2" skipped="0" tests="2" time="0.0430629253387451">
    <system-out>1..2
not ok 1 - Equals
not ok 2 - Equals
</system-out>
    <testcase name="Equals (191)" classname="spec_perl_TestEnumImport_t" time="7.51018524169922e-05">
      <failure message="not ok 1 - Equals" type="TAP::Parser::Result::Test"></failure>
    </testcase>
    <testcase name="Equals (192)" classname="spec_perl_TestEnumImport_t" time="2.98023223876953e-05">
      <failure message="not ok 2 - Equals" type="TAP::Parser::Result::Test"></failure>
    </testcase>
  </testsuite>
  <testsuite name="spec_perl_TestValidNotParsedIf_t" errors="1" failures="0" skipped="0" tests="0" time="0.0513319969177246">
    <system-out></system-out>
    <testcase name="Test died too soon, even before plan. (192)" classname="spec_perl_TestValidNotParsedIf_t" time="0.0513319969177246">
      <failure message="The test suite died before a plan was produced. You need to have a plan." type="Plan">No plan</failure>
    </testcase>
  </testsuite>
  <testsuite name="spec_perl_TestOpaqueExternalType_t" errors="0" failures="0" skipped="0" tests="3" time="0.043895959854126">
    <system-out>1..3
ok 1 - Equals
ok 2 - Equals
ok 3 - Equals
</system-out>
    <testcase name="Equals (193)" classname="spec_perl_TestOpaqueExternalType_t" time="0.000314950942993164" />
    <testcase name="Equals (194)" classname="spec_perl_TestOpaqueExternalType_t" time="7.00950622558594e-05" />
    <testcase name="Equals (195)" classname="spec_perl_TestOpaqueExternalType_t" time="0.000138998031616211" />
  </testsuite>
  <testsuite name="spec_perl_TestProcessCoerceBytes_t" errors="0" failures="0" skipped="0" tests="4" time="0.0406739711761475">
    <system-out>1..4
ok 1 - Equals
ok 2 - Equals
ok 3 - Equals
ok 4 - Equals
</system-out>
    <testcase name="Equals (196)" classname="spec_perl_TestProcessCoerceBytes_t" time="0.000253915786743164" />
    <testcase name="Equals (197)" classname="spec_perl_TestProcessCoerceBytes_t" time="0.000139951705932617" />
    <testcase name="Equals (198)" classname="spec_perl_TestProcessCoerceBytes_t" time="0.000113010406494141" />
    <testcase name="Equals (199)" classname="spec_perl_TestProcessCoerceBytes_t" time="0.000138044357299805" />
  </testsuite>
  <testsuite name="spec_perl_TestNestedSameName_t" errors="0" failures="0" skipped="0" tests="2" time="0.0424480438232422">
    <system-out>1..2
ok 1 - Equals
ok 2 - Equals
</system-out>
    <testcase name="Equals (200)" classname="spec_perl_TestNestedSameName_t" time="0.000257968902587891" />
    <testcase name="Equals (201)" classname="spec_perl_TestNestedSameName_t" time="0.000123977661132812" />
  </testsuite>
  <testsuite name="spec_perl_TestZlibSurrounded_t" errors="0" failures="0" skipped="0" tests="1" time="0.0609638690948486">
    <system-out>1..1
ok 1 - Equals
</system-out>
    <testcase name="Equals (202)" classname="spec_perl_TestZlibSurrounded_t" time="0.000489950180053711" />
  </testsuite>
  <testsuite name="spec_perl_TestEnumOfValueInst_t" errors="0" failures="0" skipped="0" tests="4" time="0.0405819416046143">
    <system-out>1..4
ok 1 - Equals
ok 2 - Equals
ok 3 - Equals
ok 4 - Equals
</system-out>
    <testcase name="Equals (203)" classname="spec_perl_TestEnumOfValueInst_t" time="0.000239133834838867" />
    <testcase name="Equals (204)" classname="spec_perl_TestEnumOfValueInst_t" time="0.00011897087097168" />
    <testcase name="Equals (205)" classname="spec_perl_TestEnumOfValueInst_t" time="0.000133991241455078" />
    <testcase name="Equals (206)" classname="spec_perl_TestEnumOfValueInst_t" time="0.000138998031616211" />
  </testsuite>
  <testsuite name="spec_perl_TestSwitchManualIntSizeElse_t" errors="0" failures="0" skipped="0" tests="10" time="0.0448529720306396">
    <system-out>1..10
ok 1 - Equals
ok 2 - Equals
ok 3 - Equals
ok 4 - Equals
ok 5 - Equals
ok 6 - Equals
ok 7 - Equals
ok 8 - Equals
ok 9 - Equals
ok 10 - Equals
</system-out>
    <testcase name="Equals (207)" classname="spec_perl_TestSwitchManualIntSizeElse_t" time="0.000560998916625977" />
    <testcase name="Equals (208)" classname="spec_perl_TestSwitchManualIntSizeElse_t" time="0.000110864639282227" />
    <testcase name="Equals (209)" classname="spec_perl_TestSwitchManualIntSizeElse_t" time="0.000132083892822266" />
    <testcase name="Equals (210)" classname="spec_perl_TestSwitchManualIntSizeElse_t" time="0.000138998031616211" />
    <testcase name="Equals (211)" classname="spec_perl_TestSwitchManualIntSizeElse_t" time="0.000137090682983398" />
    <testcase name="Equals (212)" classname="spec_perl_TestSwitchManualIntSizeElse_t" time="0.000147819519042969" />
    <testcase name="Equals (213)" classname="spec_perl_TestSwitchManualIntSizeElse_t" time="0.000120162963867188" />
    <testcase name="Equals (214)" classname="spec_perl_TestSwitchManualIntSizeElse_t" time="0.000154018402099609" />
    <testcase name="Equals (215)" classname="spec_perl_TestSwitchManualIntSizeElse_t" time="0.000119924545288086" />
    <testcase name="Equals (216)" classname="spec_perl_TestSwitchManualIntSizeElse_t" time="0.000142097473144531" />
  </testsuite>
  <testsuite name="spec_perl_TestEnum0_t" errors="0" failures="0" skipped="0" tests="2" time="0.0398011207580566">
    <system-out>1..2
ok 1 - Equals
ok 2 - Equals
</system-out>
    <testcase name="Equals (217)" classname="spec_perl_TestEnum0_t" time="0.000232934951782227" />
    <testcase name="Equals (218)" classname="spec_perl_TestEnum0_t" time="0.000102996826171875" />
  </testsuite>
  <testsuite name="spec_perl_TestSwitchIntegers2_t" errors="0" failures="0" skipped="0" tests="5" time="0.048245906829834">
    <system-out>1..5
ok 1 - Equals
ok 2 - Equals
ok 3 - Equals
ok 4 - Equals
ok 5 - Equals
</system-out>
    <testcase name="Equals (219)" classname="spec_perl_TestSwitchIntegers2_t" time="0.000229120254516602" />
    <testcase name="Equals (220)" classname="spec_perl_TestSwitchIntegers2_t" time="0.000128030776977539" />
    <testcase name="Equals (221)" classname="spec_perl_TestSwitchIntegers2_t" time="0.000123023986816406" />
    <testcase name="Equals (222)" classname="spec_perl_TestSwitchIntegers2_t" time="0.000136852264404297" />
    <testcase name="Equals (223)" classname="spec_perl_TestSwitchIntegers2_t" time="0.00011897087097168" />
  </testsuite>
  <testsuite name="spec_perl_TestZlibWithHeader78_t" errors="0" failures="0" skipped="0" tests="1" time="0.0589840412139893">
    <system-out>1..1
ok 1 - Equals
</system-out>
    <testcase name="Equals (224)" classname="spec_perl_TestZlibWithHeader78_t" time="0.00029301643371582" />
  </testsuite>
  <testsuite name="spec_perl_TestExprSizeofType1_t" errors="0" failures="0" skipped="0" tests="2" time="0.0402629375457764">
    <system-out>1..2
ok 1 - Equals
ok 2 - Equals
</system-out>
    <testcase name="Equals (225)" classname="spec_perl_TestExprSizeofType1_t" time="0.00023198127746582" />
    <testcase name="Equals (226)" classname="spec_perl_TestExprSizeofType1_t" time="0.000138998031616211" />
  </testsuite>
  <testsuite name="spec_perl_TestRepeatUntilS4_t" errors="0" failures="0" skipped="0" tests="2" time="0.0426580905914307">
    <system-out>1..2
ok 1 - Equals
ok 2 - Equals
</system-out>
    <testcase name="Equals (227)" classname="spec_perl_TestRepeatUntilS4_t" time="0.000246047973632812" />
    <testcase name="Equals (228)" classname="spec_perl_TestRepeatUntilS4_t" time="0.000129938125610352" />
  </testsuite>
  <testsuite name="spec_perl_TestProcessCustomNoArgs_t" errors="1" failures="0" skipped="0" tests="0" time="0.0400841236114502">
    <system-out></system-out>
    <testcase name="Test died too soon, even before plan. (228)" classname="spec_perl_TestProcessCustomNoArgs_t" time="0.0400841236114502">
      <failure message="The test suite died before a plan was produced. You need to have a plan." type="Plan">No plan</failure>
    </testcase>
  </testsuite>
  <testsuite name="spec_perl_TestExprMod_t" errors="0" failures="0" skipped="0" tests="6" time="0.0430428981781006">
    <system-out>1..6
ok 1 - Equals
ok 2 - Equals
ok 3 - Equals
ok 4 - Equals
ok 5 - Equals
ok 6 - Equals
</system-out>
    <testcase name="Equals (229)" classname="spec_perl_TestExprMod_t" time="0.000261068344116211" />
    <testcase name="Equals (230)" classname="spec_perl_TestExprMod_t" time="9.70363616943359e-05" />
    <testcase name="Equals (231)" classname="spec_perl_TestExprMod_t" time="0.000149011611938477" />
    <testcase name="Equals (232)" classname="spec_perl_TestExprMod_t" time="0.000165939331054688" />
    <testcase name="Equals (233)" classname="spec_perl_TestExprMod_t" time="0.00011897087097168" />
    <testcase name="Equals (234)" classname="spec_perl_TestExprMod_t" time="0.000151157379150391" />
  </testsuite>
  <testsuite name="spec_perl_TestNavParent3_t" errors="0" failures="0" skipped="0" tests="10" time="0.0442349910736084">
    <system-out>1..10
ok 1 - Equals
ok 2 - Equals
ok 3 - Equals
ok 4 - Equals
ok 5 - Equals
ok 6 - Equals
ok 7 - Equals
ok 8 - Equals
ok 9 - Equals
ok 10 - Equals
</system-out>
    <testcase name="Equals (235)" classname="spec_perl_TestNavParent3_t" time="0.000216007232666016" />
    <testcase name="Equals (236)" classname="spec_perl_TestNavParent3_t" time="0.000116109848022461" />
    <testcase name="Equals (237)" classname="spec_perl_TestNavParent3_t" time="0.000186920166015625" />
    <testcase name="Equals (238)" classname="spec_perl_TestNavParent3_t" time="0.000112056732177734" />
    <testcase name="Equals (239)" classname="spec_perl_TestNavParent3_t" time="0.000153064727783203" />
    <testcase name="Equals (240)" classname="spec_perl_TestNavParent3_t" time="0.000180959701538086" />
    <testcase name="Equals (241)" classname="spec_perl_TestNavParent3_t" time="0.000130891799926758" />
    <testcase name="Equals (242)" classname="spec_perl_TestNavParent3_t" time="0.000120162963867188" />
    <testcase name="Equals (243)" classname="spec_perl_TestNavParent3_t" time="0.000118017196655273" />
    <testcase name="Equals (244)" classname="spec_perl_TestNavParent3_t" time="0.000172853469848633" />
  </testsuite>
  <testsuite name="spec_perl_TestSwitchIntegers_t" errors="0" failures="0" skipped="0" tests="9" time="0.0730910301208496">
    <system-out>1..9
ok 1 - Equals
ok 2 - Equals
ok 3 - Equals
ok 4 - Equals
ok 5 - Equals
ok 6 - Equals
ok 7 - Equals
ok 8 - Equals
ok 9 - Equals
</system-out>
    <testcase name="Equals (245)" classname="spec_perl_TestSwitchIntegers_t" time="0.000427961349487305" />
    <testcase name="Equals (246)" classname="spec_perl_TestSwitchIntegers_t" time="0.000235080718994141" />
    <testcase name="Equals (247)" classname="spec_perl_TestSwitchIntegers_t" time="0.000199794769287109" />
    <testcase name="Equals (248)" classname="spec_perl_TestSwitchIntegers_t" time="0.000208139419555664" />
    <testcase name="Equals (249)" classname="spec_perl_TestSwitchIntegers_t" time="0.000190019607543945" />
    <testcase name="Equals (250)" classname="spec_perl_TestSwitchIntegers_t" time="0.000192880630493164" />
    <testcase name="Equals (251)" classname="spec_perl_TestSwitchIntegers_t" time="0.000198125839233398" />
    <testcase name="Equals (252)" classname="spec_perl_TestSwitchIntegers_t" time="0.000191926956176758" />
    <testcase name="Equals (253)" classname="spec_perl_TestSwitchIntegers_t" time="0.00020599365234375" />
  </testsuite>
  <testsuite name="spec_perl_TestFixedStruct_t" errors="1" failures="0" skipped="0" tests="0" time="0.0432908535003662">
    <system-out></system-out>
    <testcase name="Test died too soon, even before plan. (253)" classname="spec_perl_TestFixedStruct_t" time="0.0432908535003662">
      <failure message="The test suite died before a plan was produced. You need to have a plan." type="Plan">No plan</failure>
    </testcase>
  </testsuite>
  <testsuite name="spec_perl_TestStrLiterals_t" errors="0" failures="0" skipped="0" tests="5" time="0.0407919883728027">
    <system-out>1..5
ok 1 - Equals
ok 2 - Equals
ok 3 - Equals
ok 4 - Equals
ok 5 - Equals
</system-out>
    <testcase name="Equals (254)" classname="spec_perl_TestStrLiterals_t" time="0.000253200531005859" />
    <testcase name="Equals (255)" classname="spec_perl_TestStrLiterals_t" time="0.000130891799926758" />
    <testcase name="Equals (256)" classname="spec_perl_TestStrLiterals_t" time="0.00014805793762207" />
    <testcase name="Equals (257)" classname="spec_perl_TestStrLiterals_t" time="0.00014495849609375" />
    <testcase name="Equals (258)" classname="spec_perl_TestStrLiterals_t" time="0.000165939331054688" />
  </testsuite>
  <testsuite name="spec_perl_TestValidShort_t" errors="1" failures="0" skipped="0" tests="0" time="0.0496001243591309">
    <system-out></system-out>
    <testcase name="Test died too soon, even before plan. (258)" classname="spec_perl_TestValidShort_t" time="0.0496001243591309">
      <failure message="The test suite died before a plan was produced. You need to have a plan." type="Plan">No plan</failure>
    </testcase>
  </testsuite>
  <testsuite name="spec_perl_TestNavParentVsValueInst_t" errors="0" failures="0" skipped="0" tests="1" time="0.0428080558776855">
    <system-out>1..1
ok 1 - Equals
</system-out>
    <testcase name="Equals (259)" classname="spec_perl_TestNavParentVsValueInst_t" time="0.000270843505859375" />
  </testsuite>
  <testsuite name="spec_perl_TestStrEncodings_t" errors="0" failures="0" skipped="0" tests="4" time="0.058398962020874">
    <system-out>1..4
ok 1 - Equals
ok 2 - Equals
ok 3 - Equals
ok 4 - Equals
</system-out>
    <testcase name="Equals (260)" classname="spec_perl_TestStrEncodings_t" time="0.0155229568481445" />
    <testcase name="Equals (261)" classname="spec_perl_TestStrEncodings_t" time="0.000140190124511719" />
    <testcase name="Equals (262)" classname="spec_perl_TestStrEncodings_t" time="0.000130891799926758" />
    <testcase name="Equals (263)" classname="spec_perl_TestStrEncodings_t" time="0.000144004821777344" />
  </testsuite>
  <testsuite name="spec_perl_TestEnumIf_t" errors="0" failures="0" skipped="0" tests="7" time="0.0441989898681641">
    <system-out>1..7
ok 1 - Equals
ok 2 - Equals
ok 3 - Equals
ok 4 - Equals
ok 5 - Equals
ok 6 - Equals
ok 7 - Equals
</system-out>
    <testcase name="Equals (264)" classname="spec_perl_TestEnumIf_t" time="0.000329017639160156" />
    <testcase name="Equals (265)" classname="spec_perl_TestEnumIf_t" time="0.000135898590087891" />
    <testcase name="Equals (266)" classname="spec_perl_TestEnumIf_t" time="0.000134944915771484" />
    <testcase name="Equals (267)" classname="spec_perl_TestEnumIf_t" time="0.00014805793762207" />
    <testcase name="Equals (268)" classname="spec_perl_TestEnumIf_t" time="0.000128030776977539" />
    <testcase name="Equals (269)" classname="spec_perl_TestEnumIf_t" time="0.000121116638183594" />
    <testcase name="Equals (270)" classname="spec_perl_TestEnumIf_t" time="0.000142812728881836" />
  </testsuite>
  <testsuite name="spec_perl_TestRecursiveOne_t" errors="0" failures="0" skipped="0" tests="4" time="0.0402071475982666">
    <system-out>1..4
ok 1 - Equals
ok 2 - Equals
ok 3 - Equals
ok 4 - Equals
</system-out>
    <testcase name="Equals (271)" classname="spec_perl_TestRecursiveOne_t" time="0.0002288818359375" />
    <testcase name="Equals (272)" classname="spec_perl_TestRecursiveOne_t" time="9.41753387451172e-05" />
    <testcase name="Equals (273)" classname="spec_perl_TestRecursiveOne_t" time="0.000146865844726562" />
    <testcase name="Equals (274)" classname="spec_perl_TestRecursiveOne_t" time="0.000152111053466797" />
  </testsuite>
  <testsuite name="spec_perl_TestNavParentFalse_t" errors="0" failures="0" skipped="0" tests="5" time="0.0407590866088867">
    <system-out>1..5
ok 1 - Equals
ok 2 - Equals
ok 3 - Equals
ok 4 - Equals
ok 5 - Equals
</system-out>
    <testcase name="Equals (275)" classname="spec_perl_TestNavParentFalse_t" time="0.000261068344116211" />
    <testcase name="Equals (276)" classname="spec_perl_TestNavParentFalse_t" time="0.000117063522338867" />
    <testcase name="Equals (277)" classname="spec_perl_TestNavParentFalse_t" time="0.000133991241455078" />
    <testcase name="Equals (278)" classname="spec_perl_TestNavParentFalse_t" time="0.000138998031616211" />
    <testcase name="Equals (279)" classname="spec_perl_TestNavParentFalse_t" time="0.000118017196655273" />
  </testsuite>
  <testsuite name="spec_perl_TestNonStandard_t" errors="0" failures="0" skipped="0" tests="1" time="0.0407459735870361">
    <system-out>1..1
ok 1 - Equals
</system-out>
    <testcase name="Equals (280)" classname="spec_perl_TestNonStandard_t" time="0.000251054763793945" />
  </testsuite>
  <testsuite name="spec_perl_TestEnumNegative_t" errors="0" failures="0" skipped="0" tests="2" time="0.0403659343719482">
    <system-out>1..2
ok 1 - Equals
ok 2 - Equals
</system-out>
    <testcase name="Equals (281)" classname="spec_perl_TestEnumNegative_t" time="0.000290870666503906" />
    <testcase name="Equals (282)" classname="spec_perl_TestEnumNegative_t" time="9.41753387451172e-05" />
  </testsuite>
  <testsuite name="spec_perl_TestDefaultEndianExprIsBe_t" errors="0" failures="0" skipped="0" tests="18" time="0.0425848960876465">
    <system-out>1..18
ok 1 - Equals
ok 2 - Equals
ok 3 - Equals
ok 4 - Equals
ok 5 - Equals
ok 6 - Equals
ok 7 - Equals
ok 8 - Equals
ok 9 - Equals
ok 10 - Equals
ok 11 - Equals
ok 12 - Equals
ok 13 - Equals
ok 14 - Equals
ok 15 - Equals
ok 16 - Equals
ok 17 - Equals
ok 18 - Equals
</system-out>
    <testcase name="Equals (283)" classname="spec_perl_TestDefaultEndianExprIsBe_t" time="0.000269174575805664" />
    <testcase name="Equals (284)" classname="spec_perl_TestDefaultEndianExprIsBe_t" time="0.000113964080810547" />
    <testcase name="Equals (285)" classname="spec_perl_TestDefaultEndianExprIsBe_t" time="0.000133991241455078" />
    <testcase name="Equals (286)" classname="spec_perl_TestDefaultEndianExprIsBe_t" time="0.000114917755126953" />
    <testcase name="Equals (287)" classname="spec_perl_TestDefaultEndianExprIsBe_t" time="0.000159978866577148" />
    <testcase name="Equals (288)" classname="spec_perl_TestDefaultEndianExprIsBe_t" time="0.000159978866577148" />
    <testcase name="Equals (289)" classname="spec_perl_TestDefaultEndianExprIsBe_t" time="0.000115156173706055" />
    <testcase name="Equals (290)" classname="spec_perl_TestDefaultEndianExprIsBe_t" time="0.000162839889526367" />
    <testcase name="Equals (291)" classname="spec_perl_TestDefaultEndianExprIsBe_t" time="9.29832458496094e-05" />
    <testcase name="Equals (292)" classname="spec_perl_TestDefaultEndianExprIsBe_t" time="0.000138998031616211" />
    <testcase name="Equals (293)" classname="spec_perl_TestDefaultEndianExprIsBe_t" time="0.000144004821777344" />
    <testcase name="Equals (294)" classname="spec_perl_TestDefaultEndianExprIsBe_t" time="0.000159978866577148" />
    <testcase name="Equals (295)" classname="spec_perl_TestDefaultEndianExprIsBe_t" time="0.000113010406494141" />
    <testcase name="Equals (296)" classname="spec_perl_TestDefaultEndianExprIsBe_t" time="0.000142097473144531" />
    <testcase name="Equals (297)" classname="spec_perl_TestDefaultEndianExprIsBe_t" time="0.000114917755126953" />
    <testcase name="Equals (298)" classname="spec_perl_TestDefaultEndianExprIsBe_t" time="0.000156164169311523" />
    <testcase name="Equals (299)" classname="spec_perl_TestDefaultEndianExprIsBe_t" time="0.000168800354003906" />
    <testcase name="Equals (300)" classname="spec_perl_TestDefaultEndianExprIsBe_t" time="0.000153064727783203" />
  </testsuite>
  <testsuite name="spec_perl_TestEofExceptionU4_t" errors="0" failures="0" skipped="0" tests="1" time="0.0419998168945312">
    <system-out>1..1
ok 1 - Died
</system-out>
    <testcase name="Died (300)" classname="spec_perl_TestEofExceptionU4_t" time="0.000160932540893555" />
  </testsuite>
  <testsuite name="spec_perl_TestExprStrOps_t" errors="1" failures="0" skipped="0" tests="0" time="0.0390660762786865">
    <system-out></system-out>
    <testcase name="Test died too soon, even before plan. (300)" classname="spec_perl_TestExprStrOps_t" time="0.0390660762786865">
      <failure message="The test suite died before a plan was produced. You need to have a plan." type="Plan">No plan</failure>
    </testcase>
  </testsuite>
  <testsuite name="spec_perl_TestSwitchManualIntSize_t" errors="0" failures="0" skipped="0" tests="10" time="0.0452861785888672">
    <system-out>1..10
ok 1 - Equals
ok 2 - Equals
ok 3 - Equals
ok 4 - Equals
ok 5 - Equals
ok 6 - Equals
ok 7 - Equals
ok 8 - Equals
ok 9 - Equals
ok 10 - Equals
</system-out>
    <testcase name="Equals (301)" classname="spec_perl_TestSwitchManualIntSize_t" time="0.000565052032470703" />
    <testcase name="Equals (302)" classname="spec_perl_TestSwitchManualIntSize_t" time="9.20295715332031e-05" />
    <testcase name="Equals (303)" classname="spec_perl_TestSwitchManualIntSize_t" time="0.000143051147460938" />
    <testcase name="Equals (304)" classname="spec_perl_TestSwitchManualIntSize_t" time="0.000123977661132812" />
    <testcase name="Equals (305)" classname="spec_perl_TestSwitchManualIntSize_t" time="0.000134944915771484" />
    <testcase name="Equals (306)" classname="spec_perl_TestSwitchManualIntSize_t" time="0.00015711784362793" />
    <testcase name="Equals (307)" classname="spec_perl_TestSwitchManualIntSize_t" time="0.000115871429443359" />
    <testcase name="Equals (308)" classname="spec_perl_TestSwitchManualIntSize_t" time="0.000151157379150391" />
    <testcase name="Equals (309)" classname="spec_perl_TestSwitchManualIntSize_t" time="0.000150918960571289" />
    <testcase name="Equals (310)" classname="spec_perl_TestSwitchManualIntSize_t" time="0.00011897087097168" />
  </testsuite>
  <testsuite name="spec_perl_TestDebugSwitchUser_t" errors="1" failures="0" skipped="0" tests="0" time="0.0560510158538818">
    <system-out></system-out>
    <testcase name="Test died too soon, even before plan. (310)" classname="spec_perl_TestDebugSwitchUser_t" time="0.0560510158538818">
      <failure message="The test suite died before a plan was produced. You need to have a plan." type="Plan">No plan</failure>
    </testcase>
  </testsuite>
  <testsuite name="spec_perl_TestRepeatUntilComplex_t" errors="0" failures="0" skipped="0" tests="17" time="0.042290210723877">
    <system-out>1..17
ok 1 - Equals
ok 2 - Equals
ok 3 - Equals
ok 4 - Equals
ok 5 - Equals
ok 6 - Equals
ok 7 - Equals
ok 8 - Equals
ok 9 - Equals
ok 10 - Equals
ok 11 - Equals
ok 12 - Equals
ok 13 - Equals
ok 14 - Equals
ok 15 - Equals
ok 16 - Equals
ok 17 - Equals
</system-out>
    <testcase name="Equals (311)" classname="spec_perl_TestRepeatUntilComplex_t" time="0.000296115875244141" />
    <testcase name="Equals (312)" classname="spec_perl_TestRepeatUntilComplex_t" time="0.000117063522338867" />
    <testcase name="Equals (313)" classname="spec_perl_TestRepeatUntilComplex_t" time="0.000165939331054688" />
    <testcase name="Equals (314)" classname="spec_perl_TestRepeatUntilComplex_t" time="0.00014185905456543" />
    <testcase name="Equals (315)" classname="spec_perl_TestRepeatUntilComplex_t" time="0.000109195709228516" />
    <testcase name="Equals (316)" classname="spec_perl_TestRepeatUntilComplex_t" time="0.000147819519042969" />
    <testcase name="Equals (317)" classname="spec_perl_TestRepeatUntilComplex_t" time="6.103515625e-05" />
    <testcase name="Equals (318)" classname="spec_perl_TestRepeatUntilComplex_t" time="0.000154018402099609" />
    <testcase name="Equals (319)" classname="spec_perl_TestRepeatUntilComplex_t" time="0.000123977661132812" />
    <testcase name="Equals (320)" classname="spec_perl_TestRepeatUntilComplex_t" time="0.00014805793762207" />
    <testcase name="Equals (321)" classname="spec_perl_TestRepeatUntilComplex_t" time="0.000114917755126953" />
    <testcase name="Equals (322)" classname="spec_perl_TestRepeatUntilComplex_t" time="0.000175952911376953" />
    <testcase name="Equals (323)" classname="spec_perl_TestRepeatUntilComplex_t" time="9.01222229003906e-05" />
    <testcase name="Equals (324)" classname="spec_perl_TestRepeatUntilComplex_t" time="0.000143051147460938" />
    <testcase name="Equals (325)" classname="spec_perl_TestRepeatUntilComplex_t" time="0.000123977661132812" />
    <testcase name="Equals (326)" classname="spec_perl_TestRepeatUntilComplex_t" time="8.29696655273438e-05" />
    <testcase name="Equals (327)" classname="spec_perl_TestRepeatUntilComplex_t" time="0.000147104263305664" />
  </testsuite>
  <testsuite name="spec_perl_TestOpaqueExternalType02Parent_t" errors="0" failures="0" skipped="0" tests="3" time="0.0436618328094482">
    <system-out>1..3
ok 1 - Equals
ok 2 - Equals
ok 3 - Equals
</system-out>
    <testcase name="Equals (328)" classname="spec_perl_TestOpaqueExternalType02Parent_t" time="0.000334978103637695" />
    <testcase name="Equals (329)" classname="spec_perl_TestOpaqueExternalType02Parent_t" time="0.000104188919067383" />
    <testcase name="Equals (330)" classname="spec_perl_TestOpaqueExternalType02Parent_t" time="0.000154018402099609" />
  </testsuite>
  <testsuite name="spec_perl_TestNavParentSwitchCast_t" errors="0" failures="0" skipped="0" tests="3" time="0.0406439304351807">
    <system-out>1..3
ok 1 - Equals
ok 2 - Equals
ok 3 - Equals
</system-out>
    <testcase name="Equals (331)" classname="spec_perl_TestNavParentSwitchCast_t" time="0.00046992301940918" />
    <testcase name="Equals (332)" classname="spec_perl_TestNavParentSwitchCast_t" time="0.000128030776977539" />
    <testcase name="Equals (333)" classname="spec_perl_TestNavParentSwitchCast_t" time="0.000153064727783203" />
  </testsuite>
  <testsuite name="spec_perl_TestNestedTypes2_t" errors="0" failures="0" skipped="0" tests="7" time="0.0428249835968018">
    <system-out>1..7
ok 1 - Equals
ok 2 - Equals
ok 3 - Equals
ok 4 - Equals
ok 5 - Equals
ok 6 - Equals
ok 7 - Equals
</system-out>
    <testcase name="Equals (334)" classname="spec_perl_TestNestedTypes2_t" time="0.000262975692749023" />
    <testcase name="Equals (335)" classname="spec_perl_TestNestedTypes2_t" time="0.0001220703125" />
    <testcase name="Equals (336)" classname="spec_perl_TestNestedTypes2_t" time="0.000166893005371094" />
    <testcase name="Equals (337)" classname="spec_perl_TestNestedTypes2_t" time="0.0001220703125" />
    <testcase name="Equals (338)" classname="spec_perl_TestNestedTypes2_t" time="0.000159025192260742" />
    <testcase name="Equals (339)" classname="spec_perl_TestNestedTypes2_t" time="0.000118017196655273" />
    <testcase name="Equals (340)" classname="spec_perl_TestNestedTypes2_t" time="0.000123977661132812" />
  </testsuite>
  <testsuite name="spec_perl_TestRepeatEosStruct_t" errors="0" failures="0" skipped="0" tests="5" time="0.0404558181762695">
    <system-out>1..5
ok 1 - Equals
ok 2 - Equals
ok 3 - Equals
ok 4 - Equals
ok 5 - Equals
</system-out>
    <testcase name="Equals (341)" classname="spec_perl_TestRepeatEosStruct_t" time="0.000245094299316406" />
    <testcase name="Equals (342)" classname="spec_perl_TestRepeatEosStruct_t" time="0.000129938125610352" />
    <testcase name="Equals (343)" classname="spec_perl_TestRepeatEosStruct_t" time="0.000134944915771484" />
    <testcase name="Equals (344)" classname="spec_perl_TestRepeatEosStruct_t" time="0.000152111053466797" />
    <testcase name="Equals (345)" classname="spec_perl_TestRepeatEosStruct_t" time="0.000108957290649414" />
  </testsuite>
  <testsuite name="spec_perl_TestRepeatNStruct_t" errors="0" failures="0" skipped="0" tests="5" time="0.0402498245239258">
    <system-out>1..5
ok 1 - Equals
ok 2 - Equals
ok 3 - Equals
ok 4 - Equals
ok 5 - Equals
</system-out>
    <testcase name="Equals (346)" classname="spec_perl_TestRepeatNStruct_t" time="0.000226974487304688" />
    <testcase name="Equals (347)" classname="spec_perl_TestRepeatNStruct_t" time="0.000123977661132812" />
    <testcase name="Equals (348)" classname="spec_perl_TestRepeatNStruct_t" time="0.000134944915771484" />
    <testcase name="Equals (349)" classname="spec_perl_TestRepeatNStruct_t" time="0.000137090682983398" />
    <testcase name="Equals (350)" classname="spec_perl_TestRepeatNStruct_t" time="0.000114917755126953" />
  </testsuite>
  <testsuite name="spec_perl_TestEnumFancy_t" errors="0" failures="0" skipped="0" tests="2" time="0.039945125579834">
    <system-out>1..2
ok 1 - Equals
ok 2 - Equals
</system-out>
    <testcase name="Equals (351)" classname="spec_perl_TestEnumFancy_t" time="0.000229835510253906" />
    <testcase name="Equals (352)" classname="spec_perl_TestEnumFancy_t" time="0.000124216079711914" />
  </testsuite>
  <testsuite name="spec_perl_TestNavParentFalse2_t" errors="0" failures="0" skipped="0" tests="1" time="0.0399839878082275">
    <system-out>1..1
ok 1 - Equals
</system-out>
    <testcase name="Equals (353)" classname="spec_perl_TestNavParentFalse2_t" time="0.000248908996582031" />
  </testsuite>
  <testsuite name="spec_perl_TestDefaultEndianMod_t" errors="0" failures="0" skipped="0" tests="3" time="0.04026198387146">
    <system-out>1..3
ok 1 - Equals
ok 2 - Equals
ok 3 - Equals
</system-out>
    <testcase name="Equals (354)" classname="spec_perl_TestDefaultEndianMod_t" time="0.000246047973632812" />
    <testcase name="Equals (355)" classname="spec_perl_TestDefaultEndianMod_t" time="0.000113964080810547" />
    <testcase name="Equals (356)" classname="spec_perl_TestDefaultEndianMod_t" time="0.000138998031616211" />
  </testsuite>
  <testsuite name="spec_perl_TestEnumForUnknownId_t" errors="0" failures="0" skipped="0" tests="1" time="0.0395920276641846">
    <system-out>1..1
ok 1 - Equals
</system-out>
    <testcase name="Equals (357)" classname="spec_perl_TestEnumForUnknownId_t" time="0.000206947326660156" />
  </testsuite>
  <testsuite name="spec_perl_TestHelloWorld_t" errors="0" failures="0" skipped="0" tests="1" time="0.0405831336975098">
    <system-out>1..1
ok 1 - Equals
</system-out>
    <testcase name="Equals (358)" classname="spec_perl_TestHelloWorld_t" time="0.00023198127746582" />
  </testsuite>
  <testsuite name="spec_perl_TestTypeTernaryOpaque_t" errors="0" failures="0" skipped="0" tests="3" time="0.0430099964141846">
    <system-out>1..3
ok 1 - Equals
ok 2 - Equals
ok 3 - Equals
</system-out>
    <testcase name="Equals (359)" classname="spec_perl_TestTypeTernaryOpaque_t" time="0.000494956970214844" />
    <testcase name="Equals (360)" classname="spec_perl_TestTypeTernaryOpaque_t" time="7.51018524169922e-05" />
    <testcase name="Equals (361)" classname="spec_perl_TestTypeTernaryOpaque_t" time="0.000132083892822266" />
  </testsuite>
  <testsuite name="spec_perl_TestRepeatNStrz_t" errors="0" failures="0" skipped="0" tests="2" time="0.0425379276275635">
    <system-out>1..2
ok 1 - Equals
ok 2 - Equals
</system-out>
    <testcase name="Equals (362)" classname="spec_perl_TestRepeatNStrz_t" time="0.000305891036987305" />
    <testcase name="Equals (363)" classname="spec_perl_TestRepeatNStrz_t" time="0.00014805793762207" />
  </testsuite>
  <testsuite name="spec_perl_TestStrEncodingsDefault_t" errors="0" failures="0" skipped="0" tests="4" time="0.0459330081939697">
    <system-out>1..4
ok 1 - Equals
ok 2 - Equals
ok 3 - Equals
ok 4 - Equals
</system-out>
    <testcase name="Equals (364)" classname="spec_perl_TestStrEncodingsDefault_t" time="0.00296497344970703" />
    <testcase name="Equals (365)" classname="spec_perl_TestStrEncodingsDefault_t" time="0.000116109848022461" />
    <testcase name="Equals (366)" classname="spec_perl_TestStrEncodingsDefault_t" time="0.000154972076416016" />
    <testcase name="Equals (367)" classname="spec_perl_TestStrEncodingsDefault_t" time="0.000144004821777344" />
  </testsuite>
  <testsuite name="spec_perl_TestProcessRepeatBytes_t" errors="0" failures="0" skipped="0" tests="2" time="0.0513629913330078">
    <system-out>1..2
ok 1 - Equals
ok 2 - Equals
</system-out>
    <testcase name="Equals (368)" classname="spec_perl_TestProcessRepeatBytes_t" time="0.000275850296020508" />
    <testcase name="Equals (369)" classname="spec_perl_TestProcessRepeatBytes_t" time="7.70092010498047e-05" />
  </testsuite>
  <testsuite name="spec_perl_TestProcessXor4Value_t" errors="0" failures="0" skipped="0" tests="2" time="0.0402469635009766">
    <system-out>1..2
ok 1 - Equals
ok 2 - Equals
</system-out>
    <testcase name="Equals (370)" classname="spec_perl_TestProcessXor4Value_t" time="0.000261783599853516" />
    <testcase name="Equals (371)" classname="spec_perl_TestProcessXor4Value_t" time="7.41481781005859e-05" />
  </testsuite>
  <testsuite name="spec_perl_TestStrLiterals2_t" errors="0" failures="0" skipped="0" tests="4" time="0.0407018661499023">
    <system-out>1..4
ok 1 - Equals
ok 2 - Equals
ok 3 - Equals
ok 4 - Equals
</system-out>
    <testcase name="Equals (372)" classname="spec_perl_TestStrLiterals2_t" time="0.000267982482910156" />
    <testcase name="Equals (373)" classname="spec_perl_TestStrLiterals2_t" time="0.000116109848022461" />
    <testcase name="Equals (374)" classname="spec_perl_TestStrLiterals2_t" time="0.000146865844726562" />
    <testcase name="Equals (375)" classname="spec_perl_TestStrLiterals2_t" time="0.000149011611938477" />
  </testsuite>
  <testsuite name="spec_perl_TestExprArray_t" errors="0" failures="1" skipped="0" tests="15" time="0.0486519336700439">
    <system-out>1..15
ok 1 - Equals
ok 2 - Equals
ok 3 - Equals
ok 4 - Equals
ok 5 - Equals
ok 6 - Equals
ok 7 - Equals
ok 8 - Equals
not ok 9 - Equals
ok 10 - Equals
ok 11 - Equals
ok 12 - Equals
ok 13 - Equals
ok 14 - Equals
ok 15 - Equals
</system-out>
    <testcase name="Equals (376)" classname="spec_perl_TestExprArray_t" time="0.000303983688354492" />
    <testcase name="Equals (377)" classname="spec_perl_TestExprArray_t" time="0.000114917755126953" />
    <testcase name="Equals (378)" classname="spec_perl_TestExprArray_t" time="0.000155210494995117" />
    <testcase name="Equals (379)" classname="spec_perl_TestExprArray_t" time="0.000134944915771484" />
    <testcase name="Equals (380)" classname="spec_perl_TestExprArray_t" time="0.000146865844726562" />
    <testcase name="Equals (381)" classname="spec_perl_TestExprArray_t" time="0.000123977661132812" />
    <testcase name="Equals (382)" classname="spec_perl_TestExprArray_t" time="0.000161170959472656" />
    <testcase name="Equals (383)" classname="spec_perl_TestExprArray_t" time="0.000130891799926758" />
    <testcase name="Equals (384)" classname="spec_perl_TestExprArray_t" time="0.000195026397705078">
      <failure message="not ok 9 - Equals" type="TAP::Parser::Result::Test"></failure>
    </testcase>
    <testcase name="Equals (385)" classname="spec_perl_TestExprArray_t" time="0.00339794158935547" />
    <testcase name="Equals (386)" classname="spec_perl_TestExprArray_t" time="7.20024108886719e-05" />
    <testcase name="Equals (387)" classname="spec_perl_TestExprArray_t" time="4.69684600830078e-05" />
    <testcase name="Equals (388)" classname="spec_perl_TestExprArray_t" time="3.60012054443359e-05" />
    <testcase name="Equals (389)" classname="spec_perl_TestExprArray_t" time="3.40938568115234e-05" />
    <testcase name="Equals (390)" classname="spec_perl_TestExprArray_t" time="3.09944152832031e-05" />
  </testsuite>
  <testsuite name="spec_perl_TestProcessCoerceUsertype2_t" errors="0" failures="0" skipped="0" tests="4" time="0.0406091213226318">
    <system-out>1..4
ok 1 - Equals
ok 2 - Equals
ok 3 - Equals
ok 4 - Equals
</system-out>
    <testcase name="Equals (391)" classname="spec_perl_TestProcessCoerceUsertype2_t" time="0.000496149063110352" />
    <testcase name="Equals (392)" classname="spec_perl_TestProcessCoerceUsertype2_t" time="7.48634338378906e-05" />
    <testcase name="Equals (393)" classname="spec_perl_TestProcessCoerceUsertype2_t" time="0.000133991241455078" />
    <testcase name="Equals (394)" classname="spec_perl_TestProcessCoerceUsertype2_t" time="0.000135183334350586" />
  </testsuite>
  <testsuite name="spec_perl_TestSwitchManualInt_t" errors="0" failures="0" skipped="0" tests="9" time="0.0437219142913818">
    <system-out>1..9
ok 1 - Equals
ok 2 - Equals
ok 3 - Equals
ok 4 - Equals
ok 5 - Equals
ok 6 - Equals
ok 7 - Equals
ok 8 - Equals
ok 9 - Equals
</system-out>
    <testcase name="Equals (395)" classname="spec_perl_TestSwitchManualInt_t" time="0.000296115875244141" />
    <testcase name="Equals (396)" classname="spec_perl_TestSwitchManualInt_t" time="8.58306884765625e-05" />
    <testcase name="Equals (397)" classname="spec_perl_TestSwitchManualInt_t" time="0.000146150588989258" />
    <testcase name="Equals (398)" classname="spec_perl_TestSwitchManualInt_t" time="0.00144600868225098" />
    <testcase name="Equals (399)" classname="spec_perl_TestSwitchManualInt_t" time="3.69548797607422e-05" />
    <testcase name="Equals (400)" classname="spec_perl_TestSwitchManualInt_t" time="2.50339508056641e-05" />
    <testcase name="Equals (401)" classname="spec_perl_TestSwitchManualInt_t" time="2.288818359375e-05" />
    <testcase name="Equals (402)" classname="spec_perl_TestSwitchManualInt_t" time="2.09808349609375e-05" />
    <testcase name="Equals (403)" classname="spec_perl_TestSwitchManualInt_t" time="2.09808349609375e-05" />
  </testsuite>
  <testsuite name="spec_perl_TestSwitchManualIntElse_t" errors="0" failures="0" skipped="0" tests="9" time="0.0446329116821289">
    <system-out>1..9
ok 1 - Equals
ok 2 - Equals
ok 3 - Equals
ok 4 - Equals
ok 5 - Equals
ok 6 - Equals
ok 7 - Equals
ok 8 - Equals
ok 9 - Equals
</system-out>
    <testcase name="Equals (404)" classname="spec_perl_TestSwitchManualIntElse_t" time="0.000323057174682617" />
    <testcase name="Equals (405)" classname="spec_perl_TestSwitchManualIntElse_t" time="9.20295715332031e-05" />
    <testcase name="Equals (406)" classname="spec_perl_TestSwitchManualIntElse_t" time="0.000140905380249023" />
    <testcase name="Equals (407)" classname="spec_perl_TestSwitchManualIntElse_t" time="0.000124931335449219" />
    <testcase name="Equals (408)" classname="spec_perl_TestSwitchManualIntElse_t" time="0.000133037567138672" />
    <testcase name="Equals (409)" classname="spec_perl_TestSwitchManualIntElse_t" time="0.000126123428344727" />
    <testcase name="Equals (410)" classname="spec_perl_TestSwitchManualIntElse_t" time="0.00014495849609375" />
    <testcase name="Equals (411)" classname="spec_perl_TestSwitchManualIntElse_t" time="0.000115871429443359" />
    <testcase name="Equals (412)" classname="spec_perl_TestSwitchManualIntElse_t" time="0.000147104263305664" />
  </testsuite>
  <testsuite name="spec_perl_TestSwitchCast_t" errors="0" failures="0" skipped="0" tests="2" time="0.0432279109954834">
    <system-out>1..2
ok 1 - Equals
ok 2 - Equals
</system-out>
    <testcase name="Equals (413)" classname="spec_perl_TestSwitchCast_t" time="0.000294923782348633" />
    <testcase name="Equals (414)" classname="spec_perl_TestSwitchCast_t" time="9.01222229003906e-05" />
  </testsuite>
  <testsuite name="spec_perl_TestIntegers_t" errors="1" failures="0" skipped="0" tests="0" time="0.042388916015625">
    <system-out></system-out>
    <testcase name="Test died too soon, even before plan. (414)" classname="spec_perl_TestIntegers_t" time="0.042388916015625">
      <failure message="The test suite died before a plan was produced. You need to have a plan." type="Plan">No plan</failure>
    </testcase>
  </testsuite>
  <testsuite name="spec_perl_TestIndexToParamExpr_t" errors="0" failures="2" skipped="0" tests="7" time="0.0513842105865479">
    <system-out>1..7
ok 1 - Equals
ok 2 - Equals
ok 3 - Equals
ok 4 - Equals
ok 5 - Equals
not ok 6 - Equals
not ok 7 - Equals
</system-out>
    <testcase name="Equals (415)" classname="spec_perl_TestIndexToParamExpr_t" time="0.0015721321105957" />
    <testcase name="Equals (416)" classname="spec_perl_TestIndexToParamExpr_t" time="6.103515625e-05" />
    <testcase name="Equals (417)" classname="spec_perl_TestIndexToParamExpr_t" time="4.10079956054688e-05" />
    <testcase name="Equals (418)" classname="spec_perl_TestIndexToParamExpr_t" time="0.000875949859619141" />
    <testcase name="Equals (419)" classname="spec_perl_TestIndexToParamExpr_t" time="0.000146865844726562" />
    <testcase name="Equals (420)" classname="spec_perl_TestIndexToParamExpr_t" time="0.000184059143066406">
      <failure message="not ok 6 - Equals" type="TAP::Parser::Result::Test"></failure>
    </testcase>
    <testcase name="Equals (421)" classname="spec_perl_TestIndexToParamExpr_t" time="0.00168108940124512">
      <failure message="not ok 7 - Equals" type="TAP::Parser::Result::Test"></failure>
    </testcase>
  </testsuite>
  <testsuite name="spec_perl_TestEnumIntRangeU_t" errors="0" failures="0" skipped="0" tests="2" time="0.0408158302307129">
    <system-out>1..2
ok 1 - Equals
ok 2 - Equals
</system-out>
    <testcase name="Equals (422)" classname="spec_perl_TestEnumIntRangeU_t" time="0.000231027603149414" />
    <testcase name="Equals (423)" classname="spec_perl_TestEnumIntRangeU_t" time="0.000121831893920898" />
  </testsuite>
  <testsuite name="spec_perl_TestProcessCoerceSwitch_t" errors="0" failures="0" skipped="0" tests="3" time="0.0408048629760742">
    <system-out>1..3
ok 1 - Equals
ok 2 - Equals
ok 3 - Equals
</system-out>
    <testcase name="Equals (424)" classname="spec_perl_TestProcessCoerceSwitch_t" time="0.00042414665222168" />
    <testcase name="Equals (425)" classname="spec_perl_TestProcessCoerceSwitch_t" time="0.000108003616333008" />
    <testcase name="Equals (426)" classname="spec_perl_TestProcessCoerceSwitch_t" time="0.000146865844726562" />
  </testsuite>
  <testsuite name="spec_perl_TestSwitchBytearray_t" errors="0" failures="0" skipped="0" tests="9" time="0.0439989566802979">
    <system-out>1..9
ok 1 - Equals
ok 2 - Equals
ok 3 - Equals
ok 4 - Equals
ok 5 - Equals
ok 6 - Equals
ok 7 - Equals
ok 8 - Equals
ok 9 - Equals
</system-out>
    <testcase name="Equals (427)" classname="spec_perl_TestSwitchBytearray_t" time="0.000283002853393555" />
    <testcase name="Equals (428)" classname="spec_perl_TestSwitchBytearray_t" time="0.000114917755126953" />
    <testcase name="Equals (429)" classname="spec_perl_TestSwitchBytearray_t" time="0.000133991241455078" />
    <testcase name="Equals (430)" classname="spec_perl_TestSwitchBytearray_t" time="0.000138998031616211" />
    <testcase name="Equals (431)" classname="spec_perl_TestSwitchBytearray_t" time="0.000146150588989258" />
    <testcase name="Equals (432)" classname="spec_perl_TestSwitchBytearray_t" time="0.000125885009765625" />
    <testcase name="Equals (433)" classname="spec_perl_TestSwitchBytearray_t" time="0.00011897087097168" />
    <testcase name="Equals (434)" classname="spec_perl_TestSwitchBytearray_t" time="0.000156164169311523" />
    <testcase name="Equals (435)" classname="spec_perl_TestSwitchBytearray_t" time="9.98973846435547e-05" />
  </testsuite>
  <testsuite name="spec_perl_TestParamsCallShort_t" errors="0" failures="3" skipped="0" tests="3" time="0.0588829517364502">
    <system-out>1..3
not ok 1 - Equals
not ok 2 - Equals
not ok 3 - Equals
</system-out>
    <testcase name="Equals (436)" classname="spec_perl_TestParamsCallShort_t" time="0.000446081161499023">
      <failure message="not ok 1 - Equals" type="TAP::Parser::Result::Test"></failure>
    </testcase>
    <testcase name="Equals (437)" classname="spec_perl_TestParamsCallShort_t" time="0.000781059265136719">
      <failure message="not ok 2 - Equals" type="TAP::Parser::Result::Test"></failure>
    </testcase>
    <testcase name="Equals (438)" classname="spec_perl_TestParamsCallShort_t" time="0.000655889511108398">
      <failure message="not ok 3 - Equals" type="TAP::Parser::Result::Test"></failure>
    </testcase>
  </testsuite>
  <testsuite name="spec_perl_TestEnumToI_t" errors="0" failures="0" skipped="0" tests="5" time="0.0406248569488525">
    <system-out>1..5
ok 1 - Equals
ok 2 - Equals
ok 3 - Equals
ok 4 - Equals
ok 5 - Equals
</system-out>
    <testcase name="Equals (439)" classname="spec_perl_TestEnumToI_t" time="0.000233173370361328" />
    <testcase name="Equals (440)" classname="spec_perl_TestEnumToI_t" time="0.000125885009765625" />
    <testcase name="Equals (441)" classname="spec_perl_TestEnumToI_t" time="0.000133991241455078" />
    <testcase name="Equals (442)" classname="spec_perl_TestEnumToI_t" time="0.000131130218505859" />
    <testcase name="Equals (443)" classname="spec_perl_TestEnumToI_t" time="0.00011897087097168" />
  </testsuite>
  <testsuite name="spec_perl_TestBufferedStruct_t" errors="0" failures="0" skipped="0" tests="7" time="0.0410761833190918">
    <system-out>1..7
ok 1 - Equals
ok 2 - Equals
ok 3 - Equals
ok 4 - Equals
ok 5 - Equals
ok 6 - Equals
ok 7 - Equals
</system-out>
    <testcase name="Equals (444)" classname="spec_perl_TestBufferedStruct_t" time="0.000432014465332031" />
    <testcase name="Equals (445)" classname="spec_perl_TestBufferedStruct_t" time="0.000116109848022461" />
    <testcase name="Equals (446)" classname="spec_perl_TestBufferedStruct_t" time="0.000130891799926758" />
    <testcase name="Equals (447)" classname="spec_perl_TestBufferedStruct_t" time="0.000128030776977539" />
    <testcase name="Equals (448)" classname="spec_perl_TestBufferedStruct_t" time="0.000128984451293945" />
    <testcase name="Equals (449)" classname="spec_perl_TestBufferedStruct_t" time="0.000123023986816406" />
    <testcase name="Equals (450)" classname="spec_perl_TestBufferedStruct_t" time="0.000121116638183594" />
  </testsuite>
  <testsuite name="spec_perl_TestRepeatEosU4_t" errors="0" failures="0" skipped="0" tests="1" time="0.039614200592041">
    <system-out>1..1
ok 1 - Equals
</system-out>
    <testcase name="Equals (451)" classname="spec_perl_TestRepeatEosU4_t" time="0.000243902206420898" />
  </testsuite>
  <testsuite name="spec_perl_TestProcessXorValue_t" errors="0" failures="0" skipped="0" tests="2" time="0.0400350093841553">
    <system-out>1..2
ok 1 - Equals
ok 2 - Equals
</system-out>
    <testcase name="Equals (452)" classname="spec_perl_TestProcessXorValue_t" time="0.000251054763793945" />
    <testcase name="Equals (453)" classname="spec_perl_TestProcessXorValue_t" time="0.000114917755126953" />
  </testsuite>
  <testsuite name="spec_perl_TestSwitchManualEnumInvalidElse_t" errors="0" failures="0" skipped="0" tests="5" time="0.0438439846038818">
    <system-out>1..5
ok 1 - Equals
ok 2 - Equals
ok 3 - Equals
ok 4 - Equals
ok 5 - Equals
</system-out>
    <testcase name="Equals (454)" classname="spec_perl_TestSwitchManualEnumInvalidElse_t" time="0.00026702880859375" />
    <testcase name="Equals (455)" classname="spec_perl_TestSwitchManualEnumInvalidElse_t" time="0.000113964080810547" />
    <testcase name="Equals (456)" classname="spec_perl_TestSwitchManualEnumInvalidElse_t" time="0.000138998031616211" />
    <testcase name="Equals (457)" classname="spec_perl_TestSwitchManualEnumInvalidElse_t" time="0.000114202499389648" />
    <testcase name="Equals (458)" classname="spec_perl_TestSwitchManualEnumInvalidElse_t" time="0.000150918960571289" />
  </testsuite>
  <testsuite name="spec_perl_TestNestedSameName2_t" errors="0" failures="0" skipped="0" tests="5" time="0.0430409908294678">
    <system-out>1..5
ok 1 - Equals
ok 2 - Equals
ok 3 - Equals
ok 4 - Equals
ok 5 - Equals
</system-out>
    <testcase name="Equals (459)" classname="spec_perl_TestNestedSameName2_t" time="0.000268936157226562" />
    <testcase name="Equals (460)" classname="spec_perl_TestNestedSameName2_t" time="9.39369201660156e-05" />
    <testcase name="Equals (461)" classname="spec_perl_TestNestedSameName2_t" time="0.000149011611938477" />
    <testcase name="Equals (462)" classname="spec_perl_TestNestedSameName2_t" time="0.000128030776977539" />
    <testcase name="Equals (463)" classname="spec_perl_TestNestedSameName2_t" time="0.000149011611938477" />
  </testsuite>
  <testsuite name="spec_perl_TestDocstrings_t" errors="0" failures="0" skipped="1" tests="1" time="0.0406150817871094">
    <system-out>1..1
ok 1 # skip Docstrings=HASH(0x1cbfda0)
</system-out>
    <testcase name="Unnamed test case 463" classname="spec_perl_TestDocstrings_t" time="0.0010979175567627">
      <skipped message="ok 1 # skip Docstrings=HASH(0x1cbfda0)" />
    </testcase>
  </testsuite>
  <testsuite name="spec_perl_TestInstanceUserArray_t" errors="0" failures="0" skipped="0" tests="10" time="0.0423648357391357">
    <system-out>1..10
ok 1 - Equals
ok 2 - Equals
ok 3 - Equals
ok 4 - Equals
ok 5 - Equals
ok 6 - Equals
ok 7 - Equals
ok 8 - Equals
ok 9 - Equals
ok 10 - Equals
</system-out>
[...]
    <testcase name="Equals (647)" classname="spec_perl_TestExpr3_t" time="0.000119924545288086" />
    <testcase name="Equals (648)" classname="spec_perl_TestExpr3_t" time="0.000156164169311523" />
    <testcase name="Equals (649)" classname="spec_perl_TestExpr3_t" time="0.000108003616333008" />
    <testcase name="Equals (650)" classname="spec_perl_TestExpr3_t" time="0.000149011611938477" />
    <testcase name="Equals (651)" classname="spec_perl_TestExpr3_t" time="0.000115871429443359" />
    <testcase name="Equals (652)" classname="spec_perl_TestExpr3_t" time="0.000138998031616211" />
  </testsuite>
  <testsuite name="spec_perl_TestExpr0_t" errors="0" failures="0" skipped="0" tests="2" time="0.0397078990936279">
    <system-out>1..2
ok 1 - Equals
ok 2 - Equals
</system-out>
    <testcase name="Equals (653)" classname="spec_perl_TestExpr0_t" time="0.000226974487304688" />
    <testcase name="Equals (654)" classname="spec_perl_TestExpr0_t" time="0.000100135803222656" />
  </testsuite>
  <testsuite name="spec_perl_TestPositionInSeq_t" errors="0" failures="0" skipped="0" tests="1" time="0.0397670269012451">
    <system-out>1..1
ok 1 - Equals
</system-out>
    <testcase name="Equals (655)" classname="spec_perl_TestPositionInSeq_t" time="0.000222921371459961" />
  </testsuite>
  <testsuite name="spec_perl_TestEnumDeepLiterals_t" errors="0" failures="0" skipped="0" tests="2" time="0.04026198387146">
    <system-out>1..2
ok 1 - Equals
ok 2 - Equals
</system-out>
    <testcase name="Equals (656)" classname="spec_perl_TestEnumDeepLiterals_t" time="0.000223159790039062" />
    <testcase name="Equals (657)" classname="spec_perl_TestEnumDeepLiterals_t" time="0.000124931335449219" />
  </testsuite>
  <testsuite name="spec_perl_TestNavParent_t" errors="0" failures="0" skipped="0" tests="5" time="0.0435619354248047">
    <system-out>1..5
ok 1 - Equals
ok 2 - Equals
ok 3 - Equals
ok 4 - Equals
ok 5 - Equals
</system-out>
    <testcase name="Equals (658)" classname="spec_perl_TestNavParent_t" time="0.000319957733154297" />
    <testcase name="Equals (659)" classname="spec_perl_TestNavParent_t" time="7.10487365722656e-05" />
    <testcase name="Equals (660)" classname="spec_perl_TestNavParent_t" time="0.000158071517944336" />
    <testcase name="Equals (661)" classname="spec_perl_TestNavParent_t" time="0.000115871429443359" />
    <testcase name="Equals (662)" classname="spec_perl_TestNavParent_t" time="0.000138998031616211" />
  </testsuite>
  <testsuite name="spec_perl_TestIfValues_t" errors="0" failures="0" skipped="0" tests="6" time="0.0407631397247314">
    <system-out>1..6
ok 1 - Equals
ok 2 - Equals
ok 3 - Equals
ok 4 - nil
ok 5 - Equals
ok 6 - nil
</system-out>
    <testcase name="Equals (663)" classname="spec_perl_TestIfValues_t" time="0.000236988067626953" />
    <testcase name="Equals (664)" classname="spec_perl_TestIfValues_t" time="0.000114917755126953" />
    <testcase name="Equals (665)" classname="spec_perl_TestIfValues_t" time="0.00014495849609375" />
    <testcase name="nil (665)" classname="spec_perl_TestIfValues_t" time="6.103515625e-05" />
    <testcase name="Equals (666)" classname="spec_perl_TestIfValues_t" time="0.000104904174804688" />
    <testcase name="nil (666)" classname="spec_perl_TestIfValues_t" time="5.50746917724609e-05" />
  </testsuite>
  <testsuite name="spec_perl_TestNavParentOverride_t" errors="0" failures="0" skipped="0" tests="3" time="0.0405380725860596">
    <system-out>1..3
ok 1 - Equals
ok 2 - Equals
ok 3 - Equals
</system-out>
    <testcase name="Equals (667)" classname="spec_perl_TestNavParentOverride_t" time="0.000252008438110352" />
    <testcase name="Equals (668)" classname="spec_perl_TestNavParentOverride_t" time="0.000113964080810547" />
    <testcase name="Equals (669)" classname="spec_perl_TestNavParentOverride_t" time="0.00014805793762207" />
  </testsuite>
  <testsuite name="spec_perl_TestInstanceStd_t" errors="0" failures="0" skipped="0" tests="1" time="0.0430998802185059">
    <system-out>1..1
ok 1 - Equals
</system-out>
    <testcase name="Equals (670)" classname="spec_perl_TestInstanceStd_t" time="0.000255107879638672" />
  </testsuite>
  <testsuite name="spec_perl_TestMetaXref_t" errors="0" failures="0" skipped="1" tests="1" time="0.0407319068908691">
    <system-out>1..1
ok 1 # skip MetaXref=HASH(0x1c73598)
</system-out>
    <testcase name="Unnamed test case 670" classname="spec_perl_TestMetaXref_t" time="0.00113987922668457">
      <skipped message="ok 1 # skip MetaXref=HASH(0x1c73598)" />
    </testcase>
  </testsuite>
  <testsuite name="spec_perl_TestImportsCircularA_t" errors="0" failures="0" skipped="0" tests="5" time="0.0402710437774658">
    <system-out>1..5
ok 1 - Equals
ok 2 - Equals
ok 3 - Equals
ok 4 - Equals
ok 5 - Equals
</system-out>
    <testcase name="Equals (671)" classname="spec_perl_TestImportsCircularA_t" time="0.000240087509155273" />
    <testcase name="Equals (672)" classname="spec_perl_TestImportsCircularA_t" time="0.000114917755126953" />
    <testcase name="Equals (673)" classname="spec_perl_TestImportsCircularA_t" time="0.000149965286254883" />
    <testcase name="Equals (674)" classname="spec_perl_TestImportsCircularA_t" time="0.000102996826171875" />
    <testcase name="Equals (675)" classname="spec_perl_TestImportsCircularA_t" time="8.0108642578125e-05" />
  </testsuite>
  <testsuite name="spec_perl_TestExprSizeofType0_t" errors="0" failures="0" skipped="0" tests="1" time="0.0418519973754883">
    <system-out>1..1
ok 1 - Equals
</system-out>
    <testcase name="Equals (676)" classname="spec_perl_TestExprSizeofType0_t" time="0.00024104118347168" />
  </testsuite>
  <testsuite name="spec_perl_TestNestedTypes_t" errors="0" failures="0" skipped="0" tests="3" time="0.0423870086669922">
    <system-out>1..3
ok 1 - Equals
ok 2 - Equals
ok 3 - Equals
</system-out>
    <testcase name="Equals (677)" classname="spec_perl_TestNestedTypes_t" time="0.000243902206420898" />
    <testcase name="Equals (678)" classname="spec_perl_TestNestedTypes_t" time="9.918212890625e-05" />
    <testcase name="Equals (679)" classname="spec_perl_TestNestedTypes_t" time="0.000146865844726562" />
  </testsuite>
  <testsuite name="spec_perl_TestExprIoPos_t" errors="0" failures="0" skipped="0" tests="6" time="0.0455610752105713">
    <system-out>1..6
ok 1 - Equals
ok 2 - Equals
ok 3 - Equals
ok 4 - Equals
ok 5 - Equals
ok 6 - Equals
</system-out>
    <testcase name="Equals (680)" classname="spec_perl_TestExprIoPos_t" time="0.000529050827026367" />
    <testcase name="Equals (681)" classname="spec_perl_TestExprIoPos_t" time="8.70227813720703e-05" />
    <testcase name="Equals (682)" classname="spec_perl_TestExprIoPos_t" time="0.000162839889526367" />
    <testcase name="Equals (683)" classname="spec_perl_TestExprIoPos_t" time="0.000113010406494141" />
    <testcase name="Equals (684)" classname="spec_perl_TestExprIoPos_t" time="0.000133037567138672" />
    <testcase name="Equals (685)" classname="spec_perl_TestExprIoPos_t" time="0.000133037567138672" />
  </testsuite>
  <testsuite name="spec_perl_TestNavRoot_t" errors="0" failures="0" skipped="0" tests="5" time="0.0450620651245117">
    <system-out>1..5
ok 1 - Equals
ok 2 - Equals
ok 3 - Equals
ok 4 - Equals
ok 5 - Equals
</system-out>
    <testcase name="Equals (686)" classname="spec_perl_TestNavRoot_t" time="0.000344991683959961" />
    <testcase name="Equals (687)" classname="spec_perl_TestNavRoot_t" time="0.000111103057861328" />
    <testcase name="Equals (688)" classname="spec_perl_TestNavRoot_t" time="0.000162124633789062" />
    <testcase name="Equals (689)" classname="spec_perl_TestNavRoot_t" time="0.000152826309204102" />
    <testcase name="Equals (690)" classname="spec_perl_TestNavRoot_t" time="0.000120162963867188" />
  </testsuite>
  <testsuite name="spec_perl_TestEnumLongRangeU_t" errors="0" failures="0" skipped="0" tests="4" time="0.0407509803771973">
    <system-out>1..4
ok 1 - Equals
ok 2 - Equals
ok 3 - Equals
ok 4 - Equals
</system-out>
    <testcase name="Equals (691)" classname="spec_perl_TestEnumLongRangeU_t" time="0.000235080718994141" />
    <testcase name="Equals (692)" classname="spec_perl_TestEnumLongRangeU_t" time="0.000117778778076172" />
    <testcase name="Equals (693)" classname="spec_perl_TestEnumLongRangeU_t" time="0.000138044357299805" />
    <testcase name="Equals (694)" classname="spec_perl_TestEnumLongRangeU_t" time="0.000132083892822266" />
  </testsuite>
  <testsuite name="spec_perl_TestIfStruct_t" errors="0" failures="0" skipped="0" tests="7" time="0.0440652370452881">
    <system-out>1..7
ok 1 - Equals
ok 2 - Equals
ok 3 - Equals
ok 4 - Equals
ok 5 - Equals
ok 6 - Equals
ok 7 - Equals
</system-out>
    <testcase name="Equals (695)" classname="spec_perl_TestIfStruct_t" time="0.000320911407470703" />
    <testcase name="Equals (696)" classname="spec_perl_TestIfStruct_t" time="9.60826873779297e-05" />
    <testcase name="Equals (697)" classname="spec_perl_TestIfStruct_t" time="0.000149965286254883" />
    <testcase name="Equals (698)" classname="spec_perl_TestIfStruct_t" time="0.000128984451293945" />
    <testcase name="Equals (699)" classname="spec_perl_TestIfStruct_t" time="0.000135898590087891" />
    <testcase name="Equals (700)" classname="spec_perl_TestIfStruct_t" time="0.00011897087097168" />
    <testcase name="Equals (701)" classname="spec_perl_TestIfStruct_t" time="0.000149011611938477" />
  </testsuite>
  <testsuite name="spec_perl_TestEnumIntRangeS_t" errors="0" failures="0" skipped="0" tests="3" time="0.0406458377838135">
    <system-out>1..3
ok 1 - Equals
ok 2 - Equals
ok 3 - Equals
</system-out>
    <testcase name="Equals (702)" classname="spec_perl_TestEnumIntRangeS_t" time="0.000234127044677734" />
    <testcase name="Equals (703)" classname="spec_perl_TestEnumIntRangeS_t" time="0.000112056732177734" />
    <testcase name="Equals (704)" classname="spec_perl_TestEnumIntRangeS_t" time="0.000138998031616211" />
  </testsuite>
  <testsuite name="spec_perl_TestIndexToParamEos_t" errors="0" failures="2" skipped="0" tests="7" time="0.0462551116943359">
    <system-out>1..7
ok 1 - Equals
ok 2 - Equals
ok 3 - Equals
ok 4 - Equals
ok 5 - Equals
not ok 6 - Equals
not ok 7 - Equals
</system-out>
    <testcase name="Equals (705)" classname="spec_perl_TestIndexToParamEos_t" time="0.00427913665771484" />
    <testcase name="Equals (706)" classname="spec_perl_TestIndexToParamEos_t" time="9.20295715332031e-05" />
    <testcase name="Equals (707)" classname="spec_perl_TestIndexToParamEos_t" time="3.29017639160156e-05" />
    <testcase name="Equals (708)" classname="spec_perl_TestIndexToParamEos_t" time="2.40802764892578e-05" />
    <testcase name="Equals (709)" classname="spec_perl_TestIndexToParamEos_t" time="2.69412994384766e-05" />
    <testcase name="Equals (710)" classname="spec_perl_TestIndexToParamEos_t" time="2.90870666503906e-05">
      <failure message="not ok 6 - Equals" type="TAP::Parser::Result::Test"></failure>
    </testcase>
    <testcase name="Equals (711)" classname="spec_perl_TestIndexToParamEos_t" time="2.19345092773438e-05">
      <failure message="not ok 7 - Equals" type="TAP::Parser::Result::Test"></failure>
    </testcase>
  </testsuite>
  <testsuite name="spec_perl_TestEosExceptionU4_t" errors="0" failures="0" skipped="0" tests="1" time="0.0416820049285889">
    <system-out>1..1
ok 1 - Died
</system-out>
    <testcase name="Died (711)" classname="spec_perl_TestEosExceptionU4_t" time="0.000377893447875977" />
  </testsuite>
  <testsuite name="spec_perl_TestJsSignedRightShift_t" errors="0" failures="0" skipped="0" tests="2" time="0.0399479866027832">
    <system-out>1..2
ok 1 - Equals
ok 2 - Equals
</system-out>
    <testcase name="Equals (712)" classname="spec_perl_TestJsSignedRightShift_t" time="0.000269889831542969" />
    <testcase name="Equals (713)" classname="spec_perl_TestJsSignedRightShift_t" time="0.000144004821777344" />
  </testsuite>
  <testsuite name="spec_perl_TestSwitchRepeatExpr_t" errors="0" failures="0" skipped="0" tests="3" time="0.0408339500427246">
    <system-out>1..3
ok 1 - Equals
ok 2 - Equals
ok 3 - Equals
</system-out>
    <testcase name="Equals (714)" classname="spec_perl_TestSwitchRepeatExpr_t" time="0.000429153442382812" />
    <testcase name="Equals (715)" classname="spec_perl_TestSwitchRepeatExpr_t" time="8.67843627929688e-05" />
    <testcase name="Equals (716)" classname="spec_perl_TestSwitchRepeatExpr_t" time="0.000141143798828125" />
  </testsuite>
  <testsuite name="spec_perl_TestEnumDeep_t" errors="0" failures="0" skipped="0" tests="2" time="0.0396969318389893">
    <system-out>1..2
ok 1 - Equals
ok 2 - Equals
</system-out>
    <testcase name="Equals (717)" classname="spec_perl_TestEnumDeep_t" time="0.000218868255615234" />
    <testcase name="Equals (718)" classname="spec_perl_TestEnumDeep_t" time="0.00012516975402832" />
  </testsuite>
  <testsuite name="spec_perl_TestIndexToParamUntil_t" errors="0" failures="2" skipped="0" tests="7" time="0.0525450706481934">
    <system-out>1..7
ok 1 - Equals
ok 2 - Equals
ok 3 - Equals
ok 4 - Equals
ok 5 - Equals
not ok 6 - Equals
not ok 7 - Equals
</system-out>
    <testcase name="Equals (719)" classname="spec_perl_TestIndexToParamUntil_t" time="0.00154280662536621" />
    <testcase name="Equals (720)" classname="spec_perl_TestIndexToParamUntil_t" time="9.60826873779297e-05" />
    <testcase name="Equals (721)" classname="spec_perl_TestIndexToParamUntil_t" time="0.00627398490905762" />
    <testcase name="Equals (722)" classname="spec_perl_TestIndexToParamUntil_t" time="5.60283660888672e-05" />
    <testcase name="Equals (723)" classname="spec_perl_TestIndexToParamUntil_t" time="4.60147857666016e-05" />
    <testcase name="Equals (724)" classname="spec_perl_TestIndexToParamUntil_t" time="4.88758087158203e-05">
      <failure message="not ok 6 - Equals" type="TAP::Parser::Result::Test"></failure>
    </testcase>
    <testcase name="Equals (725)" classname="spec_perl_TestIndexToParamUntil_t" time="4.00543212890625e-05">
      <failure message="not ok 7 - Equals" type="TAP::Parser::Result::Test"></failure>
    </testcase>
  </testsuite>
  <testsuite name="spec_perl_TestCastToImported_t" errors="0" failures="0" skipped="0" tests="2" time="0.0399980545043945">
    <system-out>1..2
ok 1 - Equals
ok 2 - Equals
</system-out>
    <testcase name="Equals (726)" classname="spec_perl_TestCastToImported_t" time="0.000226974487304688" />
    <testcase name="Equals (727)" classname="spec_perl_TestCastToImported_t" time="0.00011897087097168" />
  </testsuite>
  <testsuite name="spec_perl_TestMultipleUse_t" errors="0" failures="0" skipped="0" tests="2" time="0.0401370525360107">
    <system-out>1..2
ok 1 - Equals
ok 2 - Equals
</system-out>
    <testcase name="Equals (728)" classname="spec_perl_TestMultipleUse_t" time="0.000252962112426758" />
    <testcase name="Equals (729)" classname="spec_perl_TestMultipleUse_t" time="0.000117063522338867" />
  </testsuite>
  <testsuite name="spec_perl_TestExprSizeofValueSized_t" errors="0" failures="0" skipped="0" tests="5" time="0.0413680076599121">
    <system-out>1..5
ok 1 - Equals
ok 2 - Equals
ok 3 - Equals
ok 4 - Equals
ok 5 - Equals
</system-out>
    <testcase name="Equals (730)" classname="spec_perl_TestExprSizeofValueSized_t" time="0.000435829162597656" />
    <testcase name="Equals (731)" classname="spec_perl_TestExprSizeofValueSized_t" time="7.29560852050781e-05" />
    <testcase name="Equals (732)" classname="spec_perl_TestExprSizeofValueSized_t" time="0.000144004821777344" />
    <testcase name="Equals (733)" classname="spec_perl_TestExprSizeofValueSized_t" time="0.000119209289550781" />
    <testcase name="Equals (734)" classname="spec_perl_TestExprSizeofValueSized_t" time="0.000136852264404297" />
  </testsuite>
  <testsuite name="spec_perl_TestOptionalId_t" errors="0" failures="0" skipped="0" tests="3" time="0.0406899452209473">
    <system-out>1..3
ok 1 - Equals
ok 2 - Equals
ok 3 - Equals
</system-out>
    <testcase name="Equals (735)" classname="spec_perl_TestOptionalId_t" time="0.000236034393310547" />
    <testcase name="Equals (736)" classname="spec_perl_TestOptionalId_t" time="0.000113964080810547" />
    <testcase name="Equals (737)" classname="spec_perl_TestOptionalId_t" time="0.000156879425048828" />
  </testsuite>
  <testsuite name="spec_perl_TestIfInstances_t" errors="0" failures="0" skipped="0" tests="1" time="0.0401542186737061">
    <system-out>1..1
ok 1 - nil
</system-out>
    <testcase name="nil (737)" classname="spec_perl_TestIfInstances_t" time="0.000164031982421875" />
  </testsuite>
  <testsuite name="spec_perl_TestEnumToIClassBorder1_t" errors="0" failures="1" skipped="0" tests="3" time="0.0439751148223877">
    <system-out>1..3
ok 1 - Equals
ok 2 - Equals
not ok 3 - test_enum_to_i_class_border_1 died (Can't call method &quot;some_dog&quot; on an undefined value at compiled/perl/EnumToIClassBorder2.pm line 42.)
</system-out>
    <testcase name="Equals (738)" classname="spec_perl_TestEnumToIClassBorder1_t" time="0.000226974487304688" />
    <testcase name="Equals (739)" classname="spec_perl_TestEnumToIClassBorder1_t" time="0.000116109848022461" />
    <testcase name="test_enum_to_i_class_border_1 died (Can't call method &quot;some_dog&quot; on an undefined value at compiled/perl/EnumToIClassBorder2.pm line 42.) (739)" classname="spec_perl_TestEnumToIClassBorder1_t" time="0.00023198127746582">
      <failure message="not ok 3 - test_enum_to_i_class_border_1 died (Can't call method &quot;some_dog&quot; on an undefined value at compiled/perl/EnumToIClassBorder2.pm line 42.)" type="TAP::Parser::Result::Test"></failure>
    </testcase>
  </testsuite>
  <testsuite name="spec_perl_TestSwitchManualEnumInvalid_t" errors="0" failures="0" skipped="0" tests="5" time="0.0431737899780273">
    <system-out>1..5
ok 1 - Equals
ok 2 - Equals
ok 3 - nil
ok 4 - Equals
ok 5 - nil
</system-out>
    <testcase name="Equals (740)" classname="spec_perl_TestSwitchManualEnumInvalid_t" time="0.000280141830444336" />
    <testcase name="Equals (741)" classname="spec_perl_TestSwitchManualEnumInvalid_t" time="9.08374786376953e-05" />
    <testcase name="nil (741)" classname="spec_perl_TestSwitchManualEnumInvalid_t" time="5.79357147216797e-05" />
    <testcase name="Equals (742)" classname="spec_perl_TestSwitchManualEnumInvalid_t" time="0.000137090682983398" />
    <testcase name="nil (742)" classname="spec_perl_TestSwitchManualEnumInvalid_t" time="7.60555267333984e-05" />
  </testsuite>
  <testsuite name="spec_perl_TestExprSizeofValue0_t" errors="0" failures="0" skipped="0" tests="5" time="0.0405089855194092">
    <system-out>1..5
ok 1 - Equals
ok 2 - Equals
ok 3 - Equals
ok 4 - Equals
ok 5 - Equals
</system-out>
    <testcase name="Equals (743)" classname="spec_perl_TestExprSizeofValue0_t" time="0.000241994857788086" />
    <testcase name="Equals (744)" classname="spec_perl_TestExprSizeofValue0_t" time="0.000113010406494141" />
    <testcase name="Equals (745)" classname="spec_perl_TestExprSizeofValue0_t" time="0.000149965286254883" />
    <testcase name="Equals (746)" classname="spec_perl_TestExprSizeofValue0_t" time="0.000100135803222656" />
    <testcase name="Equals (747)" classname="spec_perl_TestExprSizeofValue0_t" time="0.000145912170410156" />
  </testsuite>
  <testsuite name="spec_perl_TestBytesPadTerm_t" errors="0" failures="0" skipped="0" tests="4" time="0.0402288436889648">
    <system-out>1..4
ok 1 - Equals
ok 2 - Equals
ok 3 - Equals
ok 4 - Equals
</system-out>
    <testcase name="Equals (748)" classname="spec_perl_TestBytesPadTerm_t" time="0.000264167785644531" />
    <testcase name="Equals (749)" classname="spec_perl_TestBytesPadTerm_t" time="0.000113964080810547" />
    <testcase name="Equals (750)" classname="spec_perl_TestBytesPadTerm_t" time="0.000135898590087891" />
    <testcase name="Equals (751)" classname="spec_perl_TestBytesPadTerm_t" time="0.000132083892822266" />
  </testsuite>
</testsuites>
