<?xml version='1.0' encoding='utf-8'?>
<testsuites>
  <testsuite name="spec_perl_TestExpr2_t" errors="0" failures="0" skipped="0" tests="17" time="0.0555109977722168">
    <system-out>1..17
ok 1 - Equals
ok 2 - Equals
ok 3 - Equals
ok 4 - Equals
ok 5 - Equals
ok 6 - Equals
ok 7 - Equals
ok 8 - Equals
ok 9 - Equals
ok 10 - Equals
ok 11 - Equals
ok 12 - Equals
ok 13 - Equals
ok 14 - Equals
ok 15 - Equals
ok 16 - Equals
ok 17 - Equals
</system-out>
    <testcase name="Equals" classname="spec_perl_TestExpr2_t" time="0.000609159469604492" />
    <testcase name="Equals (2)" classname="spec_perl_TestExpr2_t" time="0.000108003616333008" />
    <testcase name="Equals (3)" classname="spec_perl_TestExpr2_t" time="5.98430633544922e-05" />
    <testcase name="Equals (4)" classname="spec_perl_TestExpr2_t" time="0.00014805793762207" />
    <testcase name="Equals (5)" classname="spec_perl_TestExpr2_t" time="0.000138998031616211" />
    <testcase name="Equals (6)" classname="spec_perl_TestExpr2_t" time="0.000144004821777344" />
    <testcase name="Equals (7)" classname="spec_perl_TestExpr2_t" time="0.000153064727783203" />
    <testcase name="Equals (8)" classname="spec_perl_TestExpr2_t" time="0.000190019607543945" />
    <testcase name="Equals (9)" classname="spec_perl_TestExpr2_t" time="0.000187873840332031" />
    <testcase name="Equals (10)" classname="spec_perl_TestExpr2_t" time="0.000127077102661133" />
    <testcase name="Equals (11)" classname="spec_perl_TestExpr2_t" time="0.000149965286254883" />
    <testcase name="Equals (12)" classname="spec_perl_TestExpr2_t" time="0.000138044357299805" />
    <testcase name="Equals (13)" classname="spec_perl_TestExpr2_t" time="0.000165939331054688" />
    <testcase name="Equals (14)" classname="spec_perl_TestExpr2_t" time="0.00018000602722168" />
    <testcase name="Equals (15)" classname="spec_perl_TestExpr2_t" time="0.000127077102661133" />
    <testcase name="Equals (16)" classname="spec_perl_TestExpr2_t" time="0.000153064727783203" />
    <testcase name="Equals (17)" classname="spec_perl_TestExpr2_t" time="0.000130891799926758" />
  </testsuite>
  <testsuite name="spec_perl_TestExprMod_t" errors="0" failures="0" skipped="0" tests="6" time="0.0500550270080566">
    <system-out>1..6
ok 1 - Equals
ok 2 - Equals
ok 3 - Equals
ok 4 - Equals
ok 5 - Equals
ok 6 - Equals
</system-out>
    <testcase name="Equals (18)" classname="spec_perl_TestExprMod_t" time="0.000235080718994141" />
    <testcase name="Equals (19)" classname="spec_perl_TestExprMod_t" time="8.48770141601562e-05" />
    <testcase name="Equals (20)" classname="spec_perl_TestExprMod_t" time="0.000138998031616211" />
    <testcase name="Equals (21)" classname="spec_perl_TestExprMod_t" time="0.000144004821777344" />
    <testcase name="Equals (22)" classname="spec_perl_TestExprMod_t" time="0.00015711784362793" />
    <testcase name="Equals (23)" classname="spec_perl_TestExprMod_t" time="0.000130891799926758" />
  </testsuite>
  <testsuite name="spec_perl_TestEnumIntRangeS_t" errors="0" failures="0" skipped="0" tests="3" time="0.0500378608703613">
    <system-out>1..3
ok 1 - Equals
ok 2 - Equals
ok 3 - Equals
</system-out>
    <testcase name="Equals (24)" classname="spec_perl_TestEnumIntRangeS_t" time="0.000236988067626953" />
    <testcase name="Equals (25)" classname="spec_perl_TestEnumIntRangeS_t" time="8.20159912109375e-05" />
    <testcase name="Equals (26)" classname="spec_perl_TestEnumIntRangeS_t" time="0.000152826309204102" />
  </testsuite>
  <testsuite name="spec_perl_TestValidShort_t" errors="0" failures="0" skipped="1" tests="1" time="0.0596461296081543">
    <system-out>1..1
ok 1 # skip ValidShort=HASH(0x55ed41890ea0)
</system-out>
    <testcase name="Unnamed test case 26" classname="spec_perl_TestValidShort_t" time="0.0011599063873291">
      <skipped message="ok 1 # skip ValidShort=HASH(0x55ed41890ea0)" />
    </testcase>
  </testsuite>
  <testsuite name="spec_perl_TestNavParentVsValueInst_t" errors="0" failures="0" skipped="0" tests="1" time="0.0544090270996094">
    <system-out>1..1
ok 1 - Equals
</system-out>
    <testcase name="Equals (27)" classname="spec_perl_TestNavParentVsValueInst_t" time="0.00037693977355957" />
  </testsuite>
  <testsuite name="spec_perl_TestBcdUserTypeBe_t" errors="0" failures="0" skipped="0" tests="6" time="0.0509738922119141">
    <system-out>1..6
ok 1 - Equals
ok 2 - Equals
ok 3 - Equals
ok 4 - Equals
ok 5 - Equals
ok 6 - Equals
</system-out>
    <testcase name="Equals (28)" classname="spec_perl_TestBcdUserTypeBe_t" time="0.000562906265258789" />
    <testcase name="Equals (29)" classname="spec_perl_TestBcdUserTypeBe_t" time="0.000102996826171875" />
    <testcase name="Equals (30)" classname="spec_perl_TestBcdUserTypeBe_t" time="8.51154327392578e-05" />
    <testcase name="Equals (31)" classname="spec_perl_TestBcdUserTypeBe_t" time="0.000186920166015625" />
    <testcase name="Equals (32)" classname="spec_perl_TestBcdUserTypeBe_t" time="0.000158071517944336" />
    <testcase name="Equals (33)" classname="spec_perl_TestBcdUserTypeBe_t" time="0.000154972076416016" />
  </testsuite>
  <testsuite name="spec_perl_TestDefaultEndianExprIsBe_t" errors="0" failures="0" skipped="0" tests="18" time="0.0526590347290039">
    <system-out>1..18
ok 1 - Equals
ok 2 - Equals
ok 3 - Equals
ok 4 - Equals
ok 5 - Equals
ok 6 - Equals
ok 7 - Equals
ok 8 - Equals
ok 9 - Equals
ok 10 - Equals
ok 11 - Equals
ok 12 - Equals
ok 13 - Equals
ok 14 - Equals
ok 15 - Equals
ok 16 - Equals
ok 17 - Equals
ok 18 - Equals
</system-out>
    <testcase name="Equals (34)" classname="spec_perl_TestDefaultEndianExprIsBe_t" time="0.00030517578125" />
    <testcase name="Equals (35)" classname="spec_perl_TestDefaultEndianExprIsBe_t" time="9.67979431152344e-05" />
    <testcase name="Equals (36)" classname="spec_perl_TestDefaultEndianExprIsBe_t" time="0.000121116638183594" />
    <testcase name="Equals (37)" classname="spec_perl_TestDefaultEndianExprIsBe_t" time="0.000152111053466797" />
    <testcase name="Equals (38)" classname="spec_perl_TestDefaultEndianExprIsBe_t" time="0.000181913375854492" />
    <testcase name="Equals (39)" classname="spec_perl_TestDefaultEndianExprIsBe_t" time="0.000176906585693359" />
    <testcase name="Equals (40)" classname="spec_perl_TestDefaultEndianExprIsBe_t" time="0.00015711784362793" />
    <testcase name="Equals (41)" classname="spec_perl_TestDefaultEndianExprIsBe_t" time="0.000130891799926758" />
    <testcase name="Equals (42)" classname="spec_perl_TestDefaultEndianExprIsBe_t" time="0.000158071517944336" />
    <testcase name="Equals (43)" classname="spec_perl_TestDefaultEndianExprIsBe_t" time="0.000133991241455078" />
    <testcase name="Equals (44)" classname="spec_perl_TestDefaultEndianExprIsBe_t" time="0.000174999237060547" />
    <testcase name="Equals (45)" classname="spec_perl_TestDefaultEndianExprIsBe_t" time="0.00018000602722168" />
    <testcase name="Equals (46)" classname="spec_perl_TestDefaultEndianExprIsBe_t" time="0.000133037567138672" />
    <testcase name="Equals (47)" classname="spec_perl_TestDefaultEndianExprIsBe_t" time="0.000161886215209961" />
    <testcase name="Equals (48)" classname="spec_perl_TestDefaultEndianExprIsBe_t" time="0.000144004821777344" />
    <testcase name="Equals (49)" classname="spec_perl_TestDefaultEndianExprIsBe_t" time="0.000159978866577148" />
    <testcase name="Equals (50)" classname="spec_perl_TestDefaultEndianExprIsBe_t" time="0.000161170959472656" />
    <testcase name="Equals (51)" classname="spec_perl_TestDefaultEndianExprIsBe_t" time="0.000172853469848633" />
  </testsuite>
  <testsuite name="spec_perl_TestExprSizeofValue0_t" errors="0" failures="0" skipped="0" tests="5" time="0.049375057220459">
    <system-out>1..5
ok 1 - Equals
ok 2 - Equals
ok 3 - Equals
ok 4 - Equals
ok 5 - Equals
</system-out>
    <testcase name="Equals (52)" classname="spec_perl_TestExprSizeofValue0_t" time="0.000252962112426758" />
    <testcase name="Equals (53)" classname="spec_perl_TestExprSizeofValue0_t" time="9.29832458496094e-05" />
    <testcase name="Equals (54)" classname="spec_perl_TestExprSizeofValue0_t" time="0.000135183334350586" />
    <testcase name="Equals (55)" classname="spec_perl_TestExprSizeofValue0_t" time="0.000154018402099609" />
    <testcase name="Equals (56)" classname="spec_perl_TestExprSizeofValue0_t" time="0.000123977661132812" />
  </testsuite>
  <testsuite name="spec_perl_TestDebugSwitchUser_t" errors="1" failures="0" skipped="0" tests="0" time="0.0492429733276367">
    <system-out></system-out>
    <testcase name="Test died too soon, even before plan. (56)" classname="spec_perl_TestDebugSwitchUser_t" time="0.0492429733276367">
      <failure message="The test suite died before a plan was produced. You need to have a plan." type="Plan">No plan</failure>
    </testcase>
  </testsuite>
  <testsuite name="spec_perl_TestParamsPassStruct_t" errors="0" failures="1" skipped="1" tests="4" time="0.0522069931030273">
    <system-out>1..4
ok 1 - Equals
ok 2 - Equals
not ok 3 - test_params_pass_struct died (Can't call method &quot;foo&quot; on an undefined value at spec/perl/TestParamsPassStruct.t line 16.)
ok 4 # skip test_params_pass_struct died
</system-out>
    <testcase name="Equals (57)" classname="spec_perl_TestParamsPassStruct_t" time="0.00020599365234375" />
    <testcase name="Equals (58)" classname="spec_perl_TestParamsPassStruct_t" time="0.000104904174804688" />
    <testcase name="test_params_pass_struct died (Can't call method &quot;foo&quot; on an undefined value at spec/perl/TestParamsPassStruct.t line 16.) (58)" classname="spec_perl_TestParamsPassStruct_t" time="0.000257015228271484">
      <failure message="not ok 3 - test_params_pass_struct died (Can't call method &quot;foo&quot; on an undefined value at spec/perl/TestParamsPassStruct.t line 16.)" type="TAP::Parser::Result::Test"></failure>
    </testcase>
    <testcase name="Unnamed test case 58" classname="spec_perl_TestParamsPassStruct_t" time="0.000555038452148438">
      <skipped message="ok 4 # skip test_params_pass_struct died" />
    </testcase>
  </testsuite>
  <testsuite name="spec_perl_TestSwitchRepeatExpr_t" errors="0" failures="0" skipped="0" tests="3" time="0.0492432117462158">
    <system-out>1..3
ok 1 - Equals
ok 2 - Equals
ok 3 - Equals
</system-out>
    <testcase name="Equals (59)" classname="spec_perl_TestSwitchRepeatExpr_t" time="0.0005340576171875" />
    <testcase name="Equals (60)" classname="spec_perl_TestSwitchRepeatExpr_t" time="9.98973846435547e-05" />
    <testcase name="Equals (61)" classname="spec_perl_TestSwitchRepeatExpr_t" time="5.91278076171875e-05" />
  </testsuite>
  <testsuite name="spec_perl_TestEnum1_t" errors="0" failures="0" skipped="0" tests="2" time="0.0489308834075928">
    <system-out>1..2
ok 1 - Equals
ok 2 - Equals
</system-out>
    <testcase name="Equals (62)" classname="spec_perl_TestEnum1_t" time="0.000248908996582031" />
    <testcase name="Equals (63)" classname="spec_perl_TestEnum1_t" time="8.29696655273438e-05" />
  </testsuite>
  <testsuite name="spec_perl_TestIntegersMinMax_t" errors="0" failures="0" skipped="0" tests="28" time="0.0532059669494629">
    <system-out>1..28
ok 1 - Equals
ok 2 - Equals
ok 3 - Equals
ok 4 - Equals
ok 5 - Equals
ok 6 - Equals
ok 7 - Equals
ok 8 - Equals
ok 9 - Equals
ok 10 - Equals
ok 11 - Equals
ok 12 - Equals
ok 13 - Equals
ok 14 - Equals
ok 15 - Equals
ok 16 - Equals
ok 17 - Equals
ok 18 - Equals
ok 19 - Equals
ok 20 - Equals
ok 21 - Equals
ok 22 - Equals
ok 23 - Equals
ok 24 - Equals
ok 25 - Equals
ok 26 - Equals
ok 27 - Equals
ok 28 - Equals
</system-out>
    <testcase name="Equals (64)" classname="spec_perl_TestIntegersMinMax_t" time="0.000319004058837891" />
    <testcase name="Equals (65)" classname="spec_perl_TestIntegersMinMax_t" time="9.20295715332031e-05" />
    <testcase name="Equals (66)" classname="spec_perl_TestIntegersMinMax_t" time="8.60691070556641e-05" />
    <testcase name="Equals (67)" classname="spec_perl_TestIntegersMinMax_t" time="0.000183820724487305" />
    <testcase name="Equals (68)" classname="spec_perl_TestIntegersMinMax_t" time="0.000131130218505859" />
    <testcase name="Equals (69)" classname="spec_perl_TestIntegersMinMax_t" time="0.000151872634887695" />
    <testcase name="Equals (70)" classname="spec_perl_TestIntegersMinMax_t" time="0.000129222869873047" />
    <testcase name="Equals (71)" classname="spec_perl_TestIntegersMinMax_t" time="0.000152826309204102" />
    <testcase name="Equals (72)" classname="spec_perl_TestIntegersMinMax_t" time="0.000131130218505859" />
    <testcase name="Equals (73)" classname="spec_perl_TestIntegersMinMax_t" time="0.000149965286254883" />
    <testcase name="Equals (74)" classname="spec_perl_TestIntegersMinMax_t" time="0.000136852264404297" />
    <testcase name="Equals (75)" classname="spec_perl_TestIntegersMinMax_t" time="0.00016021728515625" />
    <testcase name="Equals (76)" classname="spec_perl_TestIntegersMinMax_t" time="0.000178813934326172" />
    <testcase name="Equals (77)" classname="spec_perl_TestIntegersMinMax_t" time="0.000137090682983398" />
    <testcase name="Equals (78)" classname="spec_perl_TestIntegersMinMax_t" time="0.000166893005371094" />
    <testcase name="Equals (79)" classname="spec_perl_TestIntegersMinMax_t" time="0.00012516975402832" />
    <testcase name="Equals (80)" classname="spec_perl_TestIntegersMinMax_t" time="0.000162839889526367" />
    <testcase name="Equals (81)" classname="spec_perl_TestIntegersMinMax_t" time="0.000123023986816406" />
    <testcase name="Equals (82)" classname="spec_perl_TestIntegersMinMax_t" time="0.000164031982421875" />
    <testcase name="Equals (83)" classname="spec_perl_TestIntegersMinMax_t" time="0.000128030776977539" />
    <testcase name="Equals (84)" classname="spec_perl_TestIntegersMinMax_t" time="0.000158071517944336" />
    <testcase name="Equals (85)" classname="spec_perl_TestIntegersMinMax_t" time="0.000131845474243164" />
    <testcase name="Equals (86)" classname="spec_perl_TestIntegersMinMax_t" time="0.000144004821777344" />
    <testcase name="Equals (87)" classname="spec_perl_TestIntegersMinMax_t" time="0.000159025192260742" />
    <testcase name="Equals (88)" classname="spec_perl_TestIntegersMinMax_t" time="0.000128030776977539" />
    <testcase name="Equals (89)" classname="spec_perl_TestIntegersMinMax_t" time="0.000174999237060547" />
    <testcase name="Equals (90)" classname="spec_perl_TestIntegersMinMax_t" time="0.000123977661132812" />
    <testcase name="Equals (91)" classname="spec_perl_TestIntegersMinMax_t" time="0.000159025192260742" />
  </testsuite>
  <testsuite name="spec_perl_TestTypeTernary_t" errors="0" failures="0" skipped="0" tests="1" time="0.0496401786804199">
    <system-out>1..1
ok 1 - Equals
</system-out>
    <testcase name="Equals (92)" classname="spec_perl_TestTypeTernary_t" time="0.000535011291503906" />
  </testsuite>
  <testsuite name="spec_perl_TestNonStandard_t" errors="0" failures="0" skipped="0" tests="1" time="0.0492110252380371">
    <system-out>1..1
ok 1 - Equals
</system-out>
    <testcase name="Equals (93)" classname="spec_perl_TestNonStandard_t" time="0.000241994857788086" />
  </testsuite>
  <testsuite name="spec_perl_TestIndexSizes_t" errors="0" failures="0" skipped="0" tests="7" time="0.0533108711242676">
    <system-out>1..7
ok 1 - Equals
ok 2 - Equals
ok 3 - Equals
ok 4 - Equals
ok 5 - Equals
ok 6 - Equals
ok 7 - Equals
</system-out>
    <testcase name="Equals (94)" classname="spec_perl_TestIndexSizes_t" time="0.0002899169921875" />
    <testcase name="Equals (95)" classname="spec_perl_TestIndexSizes_t" time="0.000113010406494141" />
    <testcase name="Equals (96)" classname="spec_perl_TestIndexSizes_t" time="6.103515625e-05" />
    <testcase name="Equals (97)" classname="spec_perl_TestIndexSizes_t" time="0.000169992446899414" />
    <testcase name="Equals (98)" classname="spec_perl_TestIndexSizes_t" time="0.000108003616333008" />
    <testcase name="Equals (99)" classname="spec_perl_TestIndexSizes_t" time="0.000177145004272461" />
    <testcase name="Equals (100)" classname="spec_perl_TestIndexSizes_t" time="0.000110864639282227" />
  </testsuite>
  <testsuite name="spec_perl_TestOptionalId_t" errors="0" failures="0" skipped="0" tests="3" time="0.0487399101257324">
    <system-out>1..3
ok 1 - Equals
ok 2 - Equals
ok 3 - Equals
</system-out>
    <testcase name="Equals (101)" classname="spec_perl_TestOptionalId_t" time="0.000236034393310547" />
    <testcase name="Equals (102)" classname="spec_perl_TestOptionalId_t" time="8.392333984375e-05" />
    <testcase name="Equals (103)" classname="spec_perl_TestOptionalId_t" time="0.000159025192260742" />
  </testsuite>
  <testsuite name="spec_perl_TestRecursiveOne_t" errors="0" failures="0" skipped="0" tests="4" time="0.0492238998413086">
    <system-out>1..4
ok 1 - Equals
ok 2 - Equals
ok 3 - Equals
ok 4 - Equals
</system-out>
    <testcase name="Equals (104)" classname="spec_perl_TestRecursiveOne_t" time="0.00024104118347168" />
    <testcase name="Equals (105)" classname="spec_perl_TestRecursiveOne_t" time="7.79628753662109e-05" />
    <testcase name="Equals (106)" classname="spec_perl_TestRecursiveOne_t" time="0.000149011611938477" />
    <testcase name="Equals (107)" classname="spec_perl_TestRecursiveOne_t" time="0.000145912170410156" />
  </testsuite>
  <testsuite name="spec_perl_TestStrEncodings_t" errors="0" failures="0" skipped="0" tests="4" time="0.0560989379882812">
    <system-out>1..4
ok 1 - Equals
ok 2 - Equals
ok 3 - Equals
ok 4 - Equals
</system-out>
    <testcase name="Equals (108)" classname="spec_perl_TestStrEncodings_t" time="0.00329899787902832" />
    <testcase name="Equals (109)" classname="spec_perl_TestStrEncodings_t" time="0.000107049942016602" />
    <testcase name="Equals (110)" classname="spec_perl_TestStrEncodings_t" time="0.00010991096496582" />
    <testcase name="Equals (111)" classname="spec_perl_TestStrEncodings_t" time="0.000166177749633789" />
  </testsuite>
  <testsuite name="spec_perl_TestDefaultBigEndian_t" errors="0" failures="0" skipped="0" tests="1" time="0.0519578456878662">
    <system-out>1..1
ok 1 - Equals
</system-out>
    <testcase name="Equals (112)" classname="spec_perl_TestDefaultBigEndian_t" time="0.000229120254516602" />
  </testsuite>
  <testsuite name="spec_perl_TestEnumToIClassBorder1_t" errors="0" failures="1" skipped="0" tests="3" time="0.051983118057251">
    <system-out>1..3
ok 1 - Equals
ok 2 - Equals
not ok 3 - test_enum_to_i_class_border_1 died (Can't call method &quot;some_dog&quot; on an undefined value at compiled/perl/EnumToIClassBorder2.pm line 42.)
</system-out>
    <testcase name="Equals (113)" classname="spec_perl_TestEnumToIClassBorder1_t" time="0.000241994857788086" />
    <testcase name="Equals (114)" classname="spec_perl_TestEnumToIClassBorder1_t" time="8.29696655273438e-05" />
    <testcase name="test_enum_to_i_class_border_1 died (Can't call method &quot;some_dog&quot; on an undefined value at compiled/perl/EnumToIClassBorder2.pm line 42.) (114)" classname="spec_perl_TestEnumToIClassBorder1_t" time="0.00029301643371582">
      <failure message="not ok 3 - test_enum_to_i_class_border_1 died (Can't call method &quot;some_dog&quot; on an undefined value at compiled/perl/EnumToIClassBorder2.pm line 42.)" type="TAP::Parser::Result::Test"></failure>
    </testcase>
  </testsuite>
  <testsuite name="spec_perl_TestEnumInvalid_t" errors="0" failures="0" skipped="0" tests="2" time="0.0490720272064209">
    <system-out>1..2
ok 1 - Equals
ok 2 - Equals
</system-out>
    <testcase name="Equals (115)" classname="spec_perl_TestEnumInvalid_t" time="0.000236988067626953" />
    <testcase name="Equals (116)" classname="spec_perl_TestEnumInvalid_t" time="9.08374786376953e-05" />
  </testsuite>
  <testsuite name="spec_perl_TestSwitchMultiBoolOps_t" errors="0" failures="0" skipped="0" tests="9" time="0.0497720241546631">
    <system-out>1..9
ok 1 - Equals
ok 2 - Equals
ok 3 - Equals
ok 4 - Equals
ok 5 - Equals
ok 6 - Equals
ok 7 - Equals
ok 8 - Equals
ok 9 - Equals
</system-out>
    <testcase name="Equals (117)" classname="spec_perl_TestSwitchMultiBoolOps_t" time="0.000271081924438477" />
    <testcase name="Equals (118)" classname="spec_perl_TestSwitchMultiBoolOps_t" time="8.89301300048828e-05" />
    <testcase name="Equals (119)" classname="spec_perl_TestSwitchMultiBoolOps_t" time="0.000149965286254883" />
    <testcase name="Equals (120)" classname="spec_perl_TestSwitchMultiBoolOps_t" time="0.000138998031616211" />
    <testcase name="Equals (121)" classname="spec_perl_TestSwitchMultiBoolOps_t" time="0.000136137008666992" />
    <testcase name="Equals (122)" classname="spec_perl_TestSwitchMultiBoolOps_t" time="0.000171899795532227" />
    <testcase name="Equals (123)" classname="spec_perl_TestSwitchMultiBoolOps_t" time="0.000169992446899414" />
    <testcase name="Equals (124)" classname="spec_perl_TestSwitchMultiBoolOps_t" time="0.000130176544189453" />
    <testcase name="Equals (125)" classname="spec_perl_TestSwitchMultiBoolOps_t" time="0.000158786773681641" />
  </testsuite>
  <testsuite name="spec_perl_TestBytesPadTerm_t" errors="0" failures="0" skipped="0" tests="4" time="0.0491459369659424">
    <system-out>1..4
ok 1 - Equals
ok 2 - Equals
ok 3 - Equals
ok 4 - Equals
</system-out>
    <testcase name="Equals (126)" classname="spec_perl_TestBytesPadTerm_t" time="0.000259160995483398" />
    <testcase name="Equals (127)" classname="spec_perl_TestBytesPadTerm_t" time="8.392333984375e-05" />
    <testcase name="Equals (128)" classname="spec_perl_TestBytesPadTerm_t" time="0.000159978866577148" />
    <testcase name="Equals (129)" classname="spec_perl_TestBytesPadTerm_t" time="0.000128984451293945" />
  </testsuite>
  <testsuite name="spec_perl_TestStrLiterals2_t" errors="0" failures="0" skipped="0" tests="4" time="0.0495660305023193">
    <system-out>1..4
ok 1 - Equals
ok 2 - Equals
ok 3 - Equals
ok 4 - Equals
</system-out>
    <testcase name="Equals (130)" classname="spec_perl_TestStrLiterals2_t" time="0.000237226486206055" />
    <testcase name="Equals (131)" classname="spec_perl_TestStrLiterals2_t" time="0.000103950500488281" />
    <testcase name="Equals (132)" classname="spec_perl_TestStrLiterals2_t" time="0.000183820724487305" />
    <testcase name="Equals (133)" classname="spec_perl_TestStrLiterals2_t" time="0.000144004821777344" />
  </testsuite>
  <testsuite name="spec_perl_TestExprBytesCmp_t" errors="0" failures="0" skipped="0" tests="10" time="0.0499961376190186">
    <system-out>1..10
ok 1 - Equals
ok 2 - Equals
ok 3 - Equals
ok 4 - Equals
ok 5 - Equals
ok 6 - Equals
ok 7 - Equals
ok 8 - Equals
ok 9 - Equals
ok 10 - Equals
</system-out>
    <testcase name="Equals (134)" classname="spec_perl_TestExprBytesCmp_t" time="0.000173091888427734" />
    <testcase name="Equals (135)" classname="spec_perl_TestExprBytesCmp_t" time="6.98566436767578e-05" />
    <testcase name="Equals (136)" classname="spec_perl_TestExprBytesCmp_t" time="0.000195026397705078" />
    <testcase name="Equals (137)" classname="spec_perl_TestExprBytesCmp_t" time="7.60555267333984e-05" />
    <testcase name="Equals (138)" classname="spec_perl_TestExprBytesCmp_t" time="0.000149965286254883" />
    <testcase name="Equals (139)" classname="spec_perl_TestExprBytesCmp_t" time="0.000108957290649414" />
    <testcase name="Equals (140)" classname="spec_perl_TestExprBytesCmp_t" time="0.000138044357299805" />
    <testcase name="Equals (141)" classname="spec_perl_TestExprBytesCmp_t" time="0.000113010406494141" />
    <testcase name="Equals (142)" classname="spec_perl_TestExprBytesCmp_t" time="0.000133991241455078" />
    <testcase name="Equals (143)" classname="spec_perl_TestExprBytesCmp_t" time="0.000119924545288086" />
  </testsuite>
  <testsuite name="spec_perl_TestSwitchManualIntSize_t" errors="0" failures="0" skipped="0" tests="10" time="0.0538811683654785">
    <system-out>1..10
ok 1 - Equals
ok 2 - Equals
ok 3 - Equals
ok 4 - Equals
ok 5 - Equals
ok 6 - Equals
ok 7 - Equals
ok 8 - Equals
ok 9 - Equals
ok 10 - Equals
</system-out>
    <testcase name="Equals (144)" classname="spec_perl_TestSwitchManualIntSize_t" time="0.000589132308959961" />
    <testcase name="Equals (145)" classname="spec_perl_TestSwitchManualIntSize_t" time="9.70363616943359e-05" />
    <testcase name="Equals (146)" classname="spec_perl_TestSwitchManualIntSize_t" time="5.88893890380859e-05" />
    <testcase name="Equals (147)" classname="spec_perl_TestSwitchManualIntSize_t" time="0.000174045562744141" />
    <testcase name="Equals (148)" classname="spec_perl_TestSwitchManualIntSize_t" time="0.00011897087097168" />
    <testcase name="Equals (149)" classname="spec_perl_TestSwitchManualIntSize_t" time="0.000150918960571289" />
    <testcase name="Equals (150)" classname="spec_perl_TestSwitchManualIntSize_t" time="0.000156164169311523" />
    <testcase name="Equals (151)" classname="spec_perl_TestSwitchManualIntSize_t" time="0.000161886215209961" />
    <testcase name="Equals (152)" classname="spec_perl_TestSwitchManualIntSize_t" time="0.000133037567138672" />
    <testcase name="Equals (153)" classname="spec_perl_TestSwitchManualIntSize_t" time="0.00017094612121582" />
  </testsuite>
  <testsuite name="spec_perl_TestOpaqueExternalType02Parent_t" errors="0" failures="0" skipped="0" tests="3" time="0.0527839660644531">
    <system-out>1..3
ok 1 - Equals
ok 2 - Equals
ok 3 - Equals
</system-out>
    <testcase name="Equals (154)" classname="spec_perl_TestOpaqueExternalType02Parent_t" time="0.000334978103637695" />
    <testcase name="Equals (155)" classname="spec_perl_TestOpaqueExternalType02Parent_t" time="9.32216644287109e-05" />
    <testcase name="Equals (156)" classname="spec_perl_TestOpaqueExternalType02Parent_t" time="9.08374786376953e-05" />
  </testsuite>
  <testsuite name="spec_perl_TestEnumLongRangeS_t" errors="0" failures="0" skipped="0" tests="7" time="0.0497419834136963">
    <system-out>1..7
ok 1 - Equals
ok 2 - Equals
ok 3 - Equals
ok 4 - Equals
ok 5 - Equals
ok 6 - Equals
ok 7 - Equals
</system-out>
    <testcase name="Equals (157)" classname="spec_perl_TestEnumLongRangeS_t" time="0.000272989273071289" />
    <testcase name="Equals (158)" classname="spec_perl_TestEnumLongRangeS_t" time="8.51154327392578e-05" />
    <testcase name="Equals (159)" classname="spec_perl_TestEnumLongRangeS_t" time="0.000121831893920898" />
    <testcase name="Equals (160)" classname="spec_perl_TestEnumLongRangeS_t" time="0.000156164169311523" />
    <testcase name="Equals (161)" classname="spec_perl_TestEnumLongRangeS_t" time="0.000138998031616211" />
    <testcase name="Equals (162)" classname="spec_perl_TestEnumLongRangeS_t" time="0.00014495849609375" />
    <testcase name="Equals (163)" classname="spec_perl_TestEnumLongRangeS_t" time="0.000151872634887695" />
  </testsuite>
  <testsuite name="spec_perl_TestNavParentFalse_t" errors="0" failures="0" skipped="0" tests="5" time="0.0500950813293457">
    <system-out>1..5
ok 1 - Equals
ok 2 - Equals
ok 3 - Equals
ok 4 - Equals
ok 5 - Equals
</system-out>
    <testcase name="Equals (164)" classname="spec_perl_TestNavParentFalse_t" time="0.0002899169921875" />
    <testcase name="Equals (165)" classname="spec_perl_TestNavParentFalse_t" time="8.51154327392578e-05" />
    <testcase name="Equals (166)" classname="spec_perl_TestNavParentFalse_t" time="0.000134944915771484" />
    <testcase name="Equals (167)" classname="spec_perl_TestNavParentFalse_t" time="0.000130891799926758" />
    <testcase name="Equals (168)" classname="spec_perl_TestNavParentFalse_t" time="0.000182151794433594" />
  </testsuite>
  <testsuite name="spec_perl_TestPositionToEnd_t" errors="0" failures="0" skipped="0" tests="2" time="0.0496959686279297">
    <system-out>1..2
ok 1 - Equals
ok 2 - Equals
</system-out>
    <testcase name="Equals (169)" classname="spec_perl_TestPositionToEnd_t" time="0.000283956527709961" />
    <testcase name="Equals (170)" classname="spec_perl_TestPositionToEnd_t" time="9.20295715332031e-05" />
  </testsuite>
  <testsuite name="spec_perl_TestHelloWorld_t" errors="0" failures="0" skipped="0" tests="1" time="0.048396110534668">
    <system-out>1..1
ok 1 - Equals
</system-out>
    <testcase name="Equals (171)" classname="spec_perl_TestHelloWorld_t" time="0.000231027603149414" />
  </testsuite>
  <testsuite name="spec_perl_TestMultipleUse_t" errors="0" failures="0" skipped="0" tests="2" time="0.0489990711212158">
    <system-out>1..2
ok 1 - Equals
ok 2 - Equals
</system-out>
    <testcase name="Equals (172)" classname="spec_perl_TestMultipleUse_t" time="0.000229835510253906" />
    <testcase name="Equals (173)" classname="spec_perl_TestMultipleUse_t" time="0.000107049942016602" />
  </testsuite>
  <testsuite name="spec_perl_TestTypeTernary2ndFalsy_t" errors="0" failures="1" skipped="0" tests="13" time="0.054520845413208">
    <system-out>1..13
ok 1 - Equals
ok 2 - Equals
ok 3 - Equals
ok 4 - Approx equals
ok 5 - Approx equals
ok 6 - Equals
ok 7 - Equals
ok 8 - Equals
ok 9 - nil
ok 10 - Equals
ok 11 - Equals
ok 12 - Equals
not ok 13 - test_type_ternary_2nd_falsy died (Can't use an undefined value as an ARRAY reference at spec/perl/TestTypeTernary2ndFalsy.t line 26.)
</system-out>
    <testcase name="Equals (174)" classname="spec_perl_TestTypeTernary2ndFalsy_t" time="0.000169038772583008" />
    <testcase name="Equals (175)" classname="spec_perl_TestTypeTernary2ndFalsy_t" time="0.000142812728881836" />
    <testcase name="Equals (176)" classname="spec_perl_TestTypeTernary2ndFalsy_t" time="0.000123023986816406" />
    <testcase name="Approx equals (176)" classname="spec_perl_TestTypeTernary2ndFalsy_t" time="6.103515625e-05" />
    <testcase name="Approx equals (177)" classname="spec_perl_TestTypeTernary2ndFalsy_t" time="5.50746917724609e-05" />
    <testcase name="Equals (177)" classname="spec_perl_TestTypeTernary2ndFalsy_t" time="0.0001678466796875" />
    <testcase name="Equals (178)" classname="spec_perl_TestTypeTernary2ndFalsy_t" time="0.000123023986816406" />
    <testcase name="Equals (179)" classname="spec_perl_TestTypeTernary2ndFalsy_t" time="0.000154018402099609" />
    <testcase name="nil (179)" classname="spec_perl_TestTypeTernary2ndFalsy_t" time="8.91685485839844e-05" />
    <testcase name="Equals (180)" classname="spec_perl_TestTypeTernary2ndFalsy_t" time="0.000163793563842773" />
    <testcase name="Equals (181)" classname="spec_perl_TestTypeTernary2ndFalsy_t" time="0.000144004821777344" />
    <testcase name="Equals (182)" classname="spec_perl_TestTypeTernary2ndFalsy_t" time="0.000166177749633789" />
    <testcase name="test_type_ternary_2nd_falsy died (Can't use an undefined value as an ARRAY reference at spec/perl/TestTypeTernary2ndFalsy.t line 26.) (182)" classname="spec_perl_TestTypeTernary2ndFalsy_t" time="0.000252962112426758">
      <failure message="not ok 13 - test_type_ternary_2nd_falsy died (Can't use an undefined value as an ARRAY reference at spec/perl/TestTypeTernary2ndFalsy.t line 26.)" type="TAP::Parser::Result::Test"></failure>
    </testcase>
  </testsuite>
  <testsuite name="spec_perl_TestIndexToParamEos_t" errors="0" failures="2" skipped="0" tests="7" time="0.0636990070343018">
    <system-out>1..7
ok 1 - Equals
ok 2 - Equals
ok 3 - Equals
ok 4 - Equals
ok 5 - Equals
not ok 6 - Equals
not ok 7 - Equals
</system-out>
    <testcase name="Equals (183)" classname="spec_perl_TestIndexToParamEos_t" time="0.0126440525054932" />
    <testcase name="Equals (184)" classname="spec_perl_TestIndexToParamEos_t" time="7.91549682617188e-05" />
    <testcase name="Equals (185)" classname="spec_perl_TestIndexToParamEos_t" time="2.78949737548828e-05" />
    <testcase name="Equals (186)" classname="spec_perl_TestIndexToParamEos_t" time="2.50339508056641e-05" />
    <testcase name="Equals (187)" classname="spec_perl_TestIndexToParamEos_t" time="2.288818359375e-05" />
    <testcase name="Equals (188)" classname="spec_perl_TestIndexToParamEos_t" time="2.71797180175781e-05">
      <failure message="not ok 6 - Equals" type="TAP::Parser::Result::Test"></failure>
    </testcase>
    <testcase name="Equals (189)" classname="spec_perl_TestIndexToParamEos_t" time="2.288818359375e-05">
      <failure message="not ok 7 - Equals" type="TAP::Parser::Result::Test"></failure>
    </testcase>
  </testsuite>
  <testsuite name="spec_perl_TestValidOptionalId_t" errors="1" failures="0" skipped="0" tests="0" time="0.0469391345977783">
    <system-out></system-out>
    <testcase name="Test died too soon, even before plan. (189)" classname="spec_perl_TestValidOptionalId_t" time="0.0469391345977783">
      <failure message="The test suite died before a plan was produced. You need to have a plan." type="Plan">No plan</failure>
    </testcase>
  </testsuite>
  <testsuite name="spec_perl_TestIndexToParamExpr_t" errors="0" failures="2" skipped="0" tests="7" time="0.0672399997711182">
    <system-out>1..7
ok 1 - Equals
ok 2 - Equals
ok 3 - Equals
ok 4 - Equals
ok 5 - Equals
not ok 6 - Equals
not ok 7 - Equals
</system-out>
    <testcase name="Equals (190)" classname="spec_perl_TestIndexToParamExpr_t" time="0.000329971313476562" />
    <testcase name="Equals (191)" classname="spec_perl_TestIndexToParamExpr_t" time="0.000363826751708984" />
    <testcase name="Equals (192)" classname="spec_perl_TestIndexToParamExpr_t" time="0.000361204147338867" />
    <testcase name="Equals (193)" classname="spec_perl_TestIndexToParamExpr_t" time="0.000353813171386719" />
    <testcase name="Equals (194)" classname="spec_perl_TestIndexToParamExpr_t" time="0.000349998474121094" />
    <testcase name="Equals (195)" classname="spec_perl_TestIndexToParamExpr_t" time="0.000441074371337891">
      <failure message="not ok 6 - Equals" type="TAP::Parser::Result::Test"></failure>
    </testcase>
    <testcase name="Equals (196)" classname="spec_perl_TestIndexToParamExpr_t" time="0.00106191635131836">
      <failure message="not ok 7 - Equals" type="TAP::Parser::Result::Test"></failure>
    </testcase>
  </testsuite>
  <testsuite name="spec_perl_TestParamsPassBool_t" errors="0" failures="1" skipped="13" tests="14" time="0.0575971603393555">
    <system-out>1..14
not ok 1 - test_params_pass_bool died (Requested 2 bytes, but only 1 bytes available at ../runtime/perl/lib/IO/KaitaiStruct.pm line 338.)
ok 2 # skip test_params_pass_bool died
ok 3 # skip test_params_pass_bool died
ok 4 # skip test_params_pass_bool died
ok 5 # skip test_params_pass_bool died
ok 6 # skip test_params_pass_bool died
ok 7 # skip test_params_pass_bool died
ok 8 # skip test_params_pass_bool died
ok 9 # skip test_params_pass_bool died
ok 10 # skip test_params_pass_bool died
ok 11 # skip test_params_pass_bool died
ok 12 # skip test_params_pass_bool died
ok 13 # skip test_params_pass_bool died
ok 14 # skip test_params_pass_bool died
</system-out>
    <testcase name="test_params_pass_bool died (Requested 2 bytes, but only 1 bytes available at ../runtime/perl/lib/IO/KaitaiStruct.pm line 338.) (196)" classname="spec_perl_TestParamsPassBool_t" time="0.000334024429321289">
      <failure message="not ok 1 - test_params_pass_bool died (Requested 2 bytes, but only 1 bytes available at ../runtime/perl/lib/IO/KaitaiStruct.pm line 338.)" type="TAP::Parser::Result::Test"></failure>
    </testcase>
    <testcase name="Unnamed test case 196" classname="spec_perl_TestParamsPassBool_t" time="0.000447988510131836">
      <skipped message="ok 2 # skip test_params_pass_bool died" />
    </testcase>
    <testcase name="Unnamed test case 197" classname="spec_perl_TestParamsPassBool_t" time="0.00038599967956543">
      <skipped message="ok 3 # skip test_params_pass_bool died" />
    </testcase>
    <testcase name="Unnamed test case 198" classname="spec_perl_TestParamsPassBool_t" time="0.000355958938598633">
      <skipped message="ok 4 # skip test_params_pass_bool died" />
    </testcase>
    <testcase name="Unnamed test case 199" classname="spec_perl_TestParamsPassBool_t" time="0.000332117080688477">
      <skipped message="ok 5 # skip test_params_pass_bool died" />
    </testcase>
    <testcase name="Unnamed test case 200" classname="spec_perl_TestParamsPassBool_t" time="0.000334024429321289">
      <skipped message="ok 6 # skip test_params_pass_bool died" />
    </testcase>
    <testcase name="Unnamed test case 201" classname="spec_perl_TestParamsPassBool_t" time="0.000331878662109375">
      <skipped message="ok 7 # skip test_params_pass_bool died" />
    </testcase>
    <testcase name="Unnamed test case 202" classname="spec_perl_TestParamsPassBool_t" time="0.000322103500366211">
      <skipped message="ok 8 # skip test_params_pass_bool died" />
    </testcase>
    <testcase name="Unnamed test case 203" classname="spec_perl_TestParamsPassBool_t" time="0.000323057174682617">
      <skipped message="ok 9 # skip test_params_pass_bool died" />
    </testcase>
    <testcase name="Unnamed test case 204" classname="spec_perl_TestParamsPassBool_t" time="0.00033879280090332">
      <skipped message="ok 10 # skip test_params_pass_bool died" />
    </testcase>
    <testcase name="Unnamed test case 205" classname="spec_perl_TestParamsPassBool_t" time="0.000329017639160156">
      <skipped message="ok 11 # skip test_params_pass_bool died" />
    </testcase>
    <testcase name="Unnamed test case 206" classname="spec_perl_TestParamsPassBool_t" time="0.000344991683959961">
      <skipped message="ok 12 # skip test_params_pass_bool died" />
    </testcase>
    <testcase name="Unnamed test case 207" classname="spec_perl_TestParamsPassBool_t" time="0.000349044799804688">
      <skipped message="ok 13 # skip test_params_pass_bool died" />
    </testcase>
    <testcase name="Unnamed test case 208" classname="spec_perl_TestParamsPassBool_t" time="0.00032496452331543">
      <skipped message="ok 14 # skip test_params_pass_bool died" />
    </testcase>
  </testsuite>
  <testsuite name="spec_perl_TestProcessCustom_t" errors="1" failures="0" skipped="0" tests="0" time="0.0473260879516602">
    <system-out></system-out>
    <testcase name="Test died too soon, even before plan. (208)" classname="spec_perl_TestProcessCustom_t" time="0.0473260879516602">
      <failure message="The test suite died before a plan was produced. You need to have a plan." type="Plan">No plan</failure>
    </testcase>
  </testsuite>
  <testsuite name="spec_perl_TestRepeatNStruct_t" errors="0" failures="0" skipped="0" tests="5" time="0.0491828918457031">
    <system-out>1..5
ok 1 - Equals
ok 2 - Equals
ok 3 - Equals
ok 4 - Equals
ok 5 - Equals
</system-out>
    <testcase name="Equals (208)" classname="spec_perl_TestRepeatNStruct_t" time="0.000241994857788086" />
    <testcase name="Equals (209)" classname="spec_perl_TestRepeatNStruct_t" time="8.20159912109375e-05" />
    <testcase name="Equals (210)" classname="spec_perl_TestRepeatNStruct_t" time="0.000154018402099609" />
    <testcase name="Equals (211)" classname="spec_perl_TestRepeatNStruct_t" time="0.000140905380249023" />
    <testcase name="Equals (212)" classname="spec_perl_TestRepeatNStruct_t" time="0.000146150588989258" />
  </testsuite>
  <testsuite name="spec_perl_TestTermStrz_t" errors="0" failures="0" skipped="0" tests="3" time="0.0524060726165771">
    <system-out>1..3
ok 1 - Equals
ok 2 - Equals
ok 3 - Equals
</system-out>
    <testcase name="Equals (213)" classname="spec_perl_TestTermStrz_t" time="0.000313997268676758" />
    <testcase name="Equals (214)" classname="spec_perl_TestTermStrz_t" time="8.79764556884766e-05" />
    <testcase name="Equals (215)" classname="spec_perl_TestTermStrz_t" time="0.000124931335449219" />
  </testsuite>
  <testsuite name="spec_perl_TestCombineBytes_t" errors="0" failures="0" skipped="0" tests="10" time="0.0507540702819824">
    <system-out>1..10
ok 1 - Equals
ok 2 - Equals
ok 3 - Equals
ok 4 - Equals
ok 5 - Equals
ok 6 - Equals
ok 7 - Equals
ok 8 - Equals
ok 9 - Equals
ok 10 - Equals
</system-out>
    <testcase name="Equals (216)" classname="spec_perl_TestCombineBytes_t" time="0.000177145004272461" />
    <testcase name="Equals (217)" classname="spec_perl_TestCombineBytes_t" time="7.29560852050781e-05" />
    <testcase name="Equals (218)" classname="spec_perl_TestCombineBytes_t" time="0.000206947326660156" />
    <testcase name="Equals (219)" classname="spec_perl_TestCombineBytes_t" time="9.60826873779297e-05" />
    <testcase name="Equals (220)" classname="spec_perl_TestCombineBytes_t" time="0.000156879425048828" />
    <testcase name="Equals (221)" classname="spec_perl_TestCombineBytes_t" time="0.000139951705932617" />
    <testcase name="Equals (222)" classname="spec_perl_TestCombineBytes_t" time="0.000135183334350586" />
    <testcase name="Equals (223)" classname="spec_perl_TestCombineBytes_t" time="0.000159978866577148" />
    <testcase name="Equals (224)" classname="spec_perl_TestCombineBytes_t" time="0.000124931335449219" />
    <testcase name="Equals (225)" classname="spec_perl_TestCombineBytes_t" time="0.000200986862182617" />
  </testsuite>
  <testsuite name="spec_perl_TestSwitchManualEnum_t" errors="0" failures="0" skipped="0" tests="9" time="0.0548529624938965">
    <system-out>1..9
ok 1 - Equals
ok 2 - Equals
ok 3 - Equals
ok 4 - Equals
ok 5 - Equals
ok 6 - Equals
ok 7 - Equals
ok 8 - Equals
ok 9 - Equals
</system-out>
    <testcase name="Equals (226)" classname="spec_perl_TestSwitchManualEnum_t" time="0.000329017639160156" />
    <testcase name="Equals (227)" classname="spec_perl_TestSwitchManualEnum_t" time="9.67979431152344e-05" />
    <testcase name="Equals (228)" classname="spec_perl_TestSwitchManualEnum_t" time="9.51290130615234e-05" />
    <testcase name="Equals (229)" classname="spec_perl_TestSwitchManualEnum_t" time="0.000164031982421875" />
    <testcase name="Equals (230)" classname="spec_perl_TestSwitchManualEnum_t" time="0.000154018402099609" />
    <testcase name="Equals (231)" classname="spec_perl_TestSwitchManualEnum_t" time="0.000150918960571289" />
    <testcase name="Equals (232)" classname="spec_perl_TestSwitchManualEnum_t" time="0.000134944915771484" />
    <testcase name="Equals (233)" classname="spec_perl_TestSwitchManualEnum_t" time="0.000165939331054688" />
    <testcase name="Equals (234)" classname="spec_perl_TestSwitchManualEnum_t" time="0.000144004821777344" />
  </testsuite>
  <testsuite name="spec_perl_TestBitsShiftByB64Le_t" errors="0" failures="0" skipped="0" tests="2" time="0.0489740371704102">
    <system-out>1..2
ok 1 - Equals
ok 2 - Equals
</system-out>
    <testcase name="Equals (235)" classname="spec_perl_TestBitsShiftByB64Le_t" time="0.000246047973632812" />
    <testcase name="Equals (236)" classname="spec_perl_TestBitsShiftByB64Le_t" time="8.51154327392578e-05" />
  </testsuite>
  <testsuite name="spec_perl_TestMetaTags_t" errors="0" failures="0" skipped="1" tests="1" time="0.0676229000091553">
    <system-out>1..1
ok 1 # skip MetaTags=HASH(0x55f8573368a0)
</system-out>
    <testcase name="Unnamed test case 236" classname="spec_perl_TestMetaTags_t" time="0.00118398666381836">
      <skipped message="ok 1 # skip MetaTags=HASH(0x55f8573368a0)" />
    </testcase>
  </testsuite>
  <testsuite name="spec_perl_TestStrEncodingsUtf16_t" errors="0" failures="0" skipped="0" tests="6" time="0.0540761947631836">
    <system-out>1..6
ok 1 - Equals
ok 2 - Equals
ok 3 - Equals
ok 4 - Equals
ok 5 - Equals
ok 6 - Equals
</system-out>
    <testcase name="Equals (237)" classname="spec_perl_TestStrEncodingsUtf16_t" time="0.00119113922119141" />
    <testcase name="Equals (238)" classname="spec_perl_TestStrEncodingsUtf16_t" time="0.000101804733276367" />
    <testcase name="Equals (239)" classname="spec_perl_TestStrEncodingsUtf16_t" time="6.00814819335938e-05" />
    <testcase name="Equals (240)" classname="spec_perl_TestStrEncodingsUtf16_t" time="0.000159978866577148" />
    <testcase name="Equals (241)" classname="spec_perl_TestStrEncodingsUtf16_t" time="0.000102043151855469" />
    <testcase name="Equals (242)" classname="spec_perl_TestStrEncodingsUtf16_t" time="0.000155925750732422" />
  </testsuite>
  <testsuite name="spec_perl_TestCombineEnum_t" errors="0" failures="0" skipped="0" tests="3" time="0.0494229793548584">
    <system-out>1..3
ok 1 - Equals
ok 2 - Equals
ok 3 - Equals
</system-out>
    <testcase name="Equals (243)" classname="spec_perl_TestCombineEnum_t" time="0.00024104118347168" />
    <testcase name="Equals (244)" classname="spec_perl_TestCombineEnum_t" time="7.98702239990234e-05" />
    <testcase name="Equals (245)" classname="spec_perl_TestCombineEnum_t" time="0.000182151794433594" />
  </testsuite>
  <testsuite name="spec_perl_TestBcdUserTypeLe_t" errors="0" failures="0" skipped="0" tests="6" time="0.0511109828948975">
    <system-out>1..6
ok 1 - Equals
ok 2 - Equals
ok 3 - Equals
ok 4 - Equals
ok 5 - Equals
ok 6 - Equals
</system-out>
    <testcase name="Equals (246)" classname="spec_perl_TestBcdUserTypeLe_t" time="0.000535011291503906" />
    <testcase name="Equals (247)" classname="spec_perl_TestBcdUserTypeLe_t" time="0.000113964080810547" />
    <testcase name="Equals (248)" classname="spec_perl_TestBcdUserTypeLe_t" time="0.000159978866577148" />
    <testcase name="Equals (249)" classname="spec_perl_TestBcdUserTypeLe_t" time="0.000164985656738281" />
    <testcase name="Equals (250)" classname="spec_perl_TestBcdUserTypeLe_t" time="0.000164031982421875" />
    <testcase name="Equals (251)" classname="spec_perl_TestBcdUserTypeLe_t" time="0.000166893005371094" />
  </testsuite>
  <testsuite name="spec_perl_TestExprSizeofValueSized_t" errors="0" failures="0" skipped="0" tests="5" time="0.0496881008148193">
    <system-out>1..5
ok 1 - Equals
ok 2 - Equals
ok 3 - Equals
ok 4 - Equals
ok 5 - Equals
</system-out>
    <testcase name="Equals (252)" classname="spec_perl_TestExprSizeofValueSized_t" time="0.000519990921020508" />
    <testcase name="Equals (253)" classname="spec_perl_TestExprSizeofValueSized_t" time="0.000105142593383789" />
    <testcase name="Equals (254)" classname="spec_perl_TestExprSizeofValueSized_t" time="5.88893890380859e-05" />
    <testcase name="Equals (255)" classname="spec_perl_TestExprSizeofValueSized_t" time="0.000166177749633789" />
    <testcase name="Equals (256)" classname="spec_perl_TestExprSizeofValueSized_t" time="0.000125885009765625" />
  </testsuite>
  <testsuite name="spec_perl_TestExpr0_t" errors="0" failures="0" skipped="0" tests="2" time="0.0494449138641357">
    <system-out>1..2
ok 1 - Equals
ok 2 - Equals
</system-out>
    <testcase name="Equals (257)" classname="spec_perl_TestExpr0_t" time="0.000269174575805664" />
    <testcase name="Equals (258)" classname="spec_perl_TestExpr0_t" time="9.89437103271484e-05" />
  </testsuite>
  <testsuite name="spec_perl_TestNestedTypes2_t" errors="0" failures="0" skipped="0" tests="7" time="0.0512950420379639">
    <system-out>1..7
ok 1 - Equals
ok 2 - Equals
ok 3 - Equals
ok 4 - Equals
ok 5 - Equals
ok 6 - Equals
ok 7 - Equals
</system-out>
    <testcase name="Equals (259)" classname="spec_perl_TestNestedTypes2_t" time="0.000283956527709961" />
    <testcase name="Equals (260)" classname="spec_perl_TestNestedTypes2_t" time="8.79764556884766e-05" />
    <testcase name="Equals (261)" classname="spec_perl_TestNestedTypes2_t" time="0.000131130218505859" />
    <testcase name="Equals (262)" classname="spec_perl_TestNestedTypes2_t" time="0.000174999237060547" />
    <testcase name="Equals (263)" classname="spec_perl_TestNestedTypes2_t" time="0.000127792358398438" />
    <testcase name="Equals (264)" classname="spec_perl_TestNestedTypes2_t" time="0.000162124633789062" />
    <testcase name="Equals (265)" classname="spec_perl_TestNestedTypes2_t" time="0.000125885009765625" />
  </testsuite>
  <testsuite name="spec_perl_TestEnumIf_t" errors="0" failures="0" skipped="0" tests="7" time="0.0538899898529053">
    <system-out>1..7
ok 1 - Equals
ok 2 - Equals
ok 3 - Equals
ok 4 - Equals
ok 5 - Equals
ok 6 - Equals
ok 7 - Equals
</system-out>
    <testcase name="Equals (266)" classname="spec_perl_TestEnumIf_t" time="0.000342845916748047" />
    <testcase name="Equals (267)" classname="spec_perl_TestEnumIf_t" time="9.51290130615234e-05" />
    <testcase name="Equals (268)" classname="spec_perl_TestEnumIf_t" time="0.00010991096496582" />
    <testcase name="Equals (269)" classname="spec_perl_TestEnumIf_t" time="0.000151157379150391" />
    <testcase name="Equals (270)" classname="spec_perl_TestEnumIf_t" time="0.00014495849609375" />
    <testcase name="Equals (271)" classname="spec_perl_TestEnumIf_t" time="0.000147819519042969" />
    <testcase name="Equals (272)" classname="spec_perl_TestEnumIf_t" time="0.000147104263305664" />
  </testsuite>
  <testsuite name="spec_perl_TestSwitchManualEnumInvalid_t" errors="0" failures="0" skipped="0" tests="5" time="0.0535299777984619">
    <system-out>1..5
ok 1 - Equals
ok 2 - Equals
ok 3 - nil
ok 4 - Equals
ok 5 - nil
</system-out>
    <testcase name="Equals (273)" classname="spec_perl_TestSwitchManualEnumInvalid_t" time="0.000221014022827148" />
    <testcase name="Equals (274)" classname="spec_perl_TestSwitchManualEnumInvalid_t" time="7.89165496826172e-05" />
    <testcase name="nil (274)" classname="spec_perl_TestSwitchManualEnumInvalid_t" time="8.51154327392578e-05" />
    <testcase name="Equals (275)" classname="spec_perl_TestSwitchManualEnumInvalid_t" time="0.000180959701538086" />
    <testcase name="nil (275)" classname="spec_perl_TestSwitchManualEnumInvalid_t" time="6.60419464111328e-05" />
  </testsuite>
  <testsuite name="spec_perl_TestInstanceUserArray_t" errors="0" failures="0" skipped="0" tests="10" time="0.0508580207824707">
    <system-out>1..10
ok 1 - Equals
ok 2 - Equals
ok 3 - Equals
ok 4 - Equals
ok 5 - Equals
ok 6 - Equals
ok 7 - Equals
ok 8 - Equals
ok 9 - Equals
ok 10 - Equals
</system-out>
    <testcase name="Equals (276)" classname="spec_perl_TestInstanceUserArray_t" time="0.000260114669799805" />
    <testcase name="Equals (277)" classname="spec_perl_TestInstanceUserArray_t" time="8.29696655273438e-05" />
    <testcase name="Equals (278)" classname="spec_perl_TestInstanceUserArray_t" time="0.000147819519042969" />
    <testcase name="Equals (279)" classname="spec_perl_TestInstanceUserArray_t" time="0.000472068786621094" />
    <testcase name="Equals (280)" classname="spec_perl_TestInstanceUserArray_t" time="7.70092010498047e-05" />
    <testcase name="Equals (281)" classname="spec_perl_TestInstanceUserArray_t" time="0.000167131423950195" />
    <testcase name="Equals (282)" classname="spec_perl_TestInstanceUserArray_t" time="0.000144004821777344" />
    <testcase name="Equals (283)" classname="spec_perl_TestInstanceUserArray_t" time="0.000142812728881836" />
    <testcase name="Equals (284)" classname="spec_perl_TestInstanceUserArray_t" time="0.000167131423950195" />
    <testcase name="Equals (285)" classname="spec_perl_TestInstanceUserArray_t" time="0.000123977661132812" />
  </testsuite>
  <testsuite name="spec_perl_TestEnumIntRangeU_t" errors="0" failures="0" skipped="0" tests="2" time="0.0491280555725098">
    <system-out>1..2
ok 1 - Equals
ok 2 - Equals
</system-out>
    <testcase name="Equals (286)" classname="spec_perl_TestEnumIntRangeU_t" time="0.00025486946105957" />
    <testcase name="Equals (287)" classname="spec_perl_TestEnumIntRangeU_t" time="8.29696655273438e-05" />
  </testsuite>
  <testsuite name="spec_perl_TestParamsPassArrayInt_t" errors="0" failures="1" skipped="6" tests="7" time="0.0545001029968262">
    <system-out>1..7
not ok 1 - test_params_pass_array_int died (Can't use an undefined value as an ARRAY reference at spec/perl/TestParamsPassArrayInt.t line 14.)
ok 2 # skip test_params_pass_array_int died
ok 3 # skip test_params_pass_array_int died
ok 4 # skip test_params_pass_array_int died
ok 5 # skip test_params_pass_array_int died
ok 6 # skip test_params_pass_array_int died
ok 7 # skip test_params_pass_array_int died
</system-out>
    <testcase name="test_params_pass_array_int died (Can't use an undefined value as an ARRAY reference at spec/perl/TestParamsPassArrayInt.t line 14.) (287)" classname="spec_perl_TestParamsPassArrayInt_t" time="0.000288009643554688">
      <failure message="not ok 1 - test_params_pass_array_int died (Can't use an undefined value as an ARRAY reference at spec/perl/TestParamsPassArrayInt.t line 14.)" type="TAP::Parser::Result::Test"></failure>
    </testcase>
    <testcase name="Unnamed test case 287" classname="spec_perl_TestParamsPassArrayInt_t" time="0.000465869903564453">
      <skipped message="ok 2 # skip test_params_pass_array_int died" />
    </testcase>
    <testcase name="Unnamed test case 288" classname="spec_perl_TestParamsPassArrayInt_t" time="0.000360012054443359">
      <skipped message="ok 3 # skip test_params_pass_array_int died" />
    </testcase>
    <testcase name="Unnamed test case 289" classname="spec_perl_TestParamsPassArrayInt_t" time="0.000361204147338867">
      <skipped message="ok 4 # skip test_params_pass_array_int died" />
    </testcase>
    <testcase name="Unnamed test case 290" classname="spec_perl_TestParamsPassArrayInt_t" time="0.000334978103637695">
      <skipped message="ok 5 # skip test_params_pass_array_int died" />
    </testcase>
    <testcase name="Unnamed test case 291" classname="spec_perl_TestParamsPassArrayInt_t" time="0.000375032424926758">
      <skipped message="ok 6 # skip test_params_pass_array_int died" />
    </testcase>
    <testcase name="Unnamed test case 292" classname="spec_perl_TestParamsPassArrayInt_t" time="0.000316858291625977">
      <skipped message="ok 7 # skip test_params_pass_array_int died" />
    </testcase>
  </testsuite>
  <testsuite name="spec_perl_TestValidLong_t" errors="0" failures="0" skipped="1" tests="1" time="0.0526399612426758">
    <system-out>1..1
ok 1 # skip ValidLong=HASH(0x557ca25add90)
</system-out>
    <testcase name="Unnamed test case 293" classname="spec_perl_TestValidLong_t" time="0.00111198425292969">
      <skipped message="ok 1 # skip ValidLong=HASH(0x557ca25add90)" />
    </testcase>
  </testsuite>
  <testsuite name="spec_perl_TestCombineBool_t" errors="0" failures="0" skipped="0" tests="2" time="0.0483729839324951">
    <system-out>1..2
ok 1 - Equals
ok 2 - Equals
</system-out>
    <testcase name="Equals (293)" classname="spec_perl_TestCombineBool_t" time="0.000236034393310547" />
    <testcase name="Equals (294)" classname="spec_perl_TestCombineBool_t" time="8.51154327392578e-05" />
  </testsuite>
  <testsuite name="spec_perl_TestExprArray_t" errors="0" failures="0" skipped="0" tests="15" time="0.0549468994140625">
    <system-out>1..15
ok 1 - Equals
ok 2 - Equals
ok 3 - Equals
ok 4 - Equals
ok 5 - Equals
ok 6 - Equals
ok 7 - Approx equals
ok 8 - Approx equals
ok 9 - Approx equals
ok 10 - Approx equals
ok 11 - Equals
ok 12 - Equals
ok 13 - Equals
ok 14 - Equals
ok 15 - Equals
</system-out>
    <testcase name="Equals (295)" classname="spec_perl_TestExprArray_t" time="0.000322103500366211" />
    <testcase name="Equals (296)" classname="spec_perl_TestExprArray_t" time="9.48905944824219e-05" />
    <testcase name="Equals (297)" classname="spec_perl_TestExprArray_t" time="0.00012516975402832" />
    <testcase name="Equals (298)" classname="spec_perl_TestExprArray_t" time="0.000146865844726562" />
    <testcase name="Equals (299)" classname="spec_perl_TestExprArray_t" time="0.000154018402099609" />
    <testcase name="Equals (300)" classname="spec_perl_TestExprArray_t" time="0.000155925750732422" />
    <testcase name="Approx equals (300)" classname="spec_perl_TestExprArray_t" time="6.31809234619141e-05" />
    <testcase name="Approx equals (301)" classname="spec_perl_TestExprArray_t" time="6.29425048828125e-05" />
    <testcase name="Approx equals (302)" classname="spec_perl_TestExprArray_t" time="5.60283660888672e-05" />
    <testcase name="Approx equals (303)" classname="spec_perl_TestExprArray_t" time="5.69820404052734e-05" />
    <testcase name="Equals (303)" classname="spec_perl_TestExprArray_t" time="0.000180959701538086" />
    <testcase name="Equals (304)" classname="spec_perl_TestExprArray_t" time="0.000127077102661133" />
    <testcase name="Equals (305)" classname="spec_perl_TestExprArray_t" time="0.000156879425048828" />
    <testcase name="Equals (306)" classname="spec_perl_TestExprArray_t" time="0.000163078308105469" />
    <testcase name="Equals (307)" classname="spec_perl_TestExprArray_t" time="0.000131845474243164" />
  </testsuite>
  <testsuite name="spec_perl_TestExprStrEncodings_t" errors="0" failures="0" skipped="0" tests="7" time="0.056488037109375">
    <system-out>1..7
ok 1 - Equals
ok 2 - Equals
ok 3 - Equals
ok 4 - Equals
ok 5 - Equals
ok 6 - Equals
ok 7 - Equals
</system-out>
    <testcase name="Equals (308)" classname="spec_perl_TestExprStrEncodings_t" time="0.00340604782104492" />
    <testcase name="Equals (309)" classname="spec_perl_TestExprStrEncodings_t" time="0.000116825103759766" />
    <testcase name="Equals (310)" classname="spec_perl_TestExprStrEncodings_t" time="6.50882720947266e-05" />
    <testcase name="Equals (311)" classname="spec_perl_TestExprStrEncodings_t" time="5.69820404052734e-05" />
    <testcase name="Equals (312)" classname="spec_perl_TestExprStrEncodings_t" time="0.000206947326660156" />
    <testcase name="Equals (313)" classname="spec_perl_TestExprStrEncodings_t" time="8.10623168945312e-05" />
    <testcase name="Equals (314)" classname="spec_perl_TestExprStrEncodings_t" time="0.000186920166015625" />
  </testsuite>
  <testsuite name="spec_perl_TestNavParent3_t" errors="0" failures="0" skipped="0" tests="10" time="0.0548520088195801">
    <system-out>1..10
ok 1 - Equals
ok 2 - Equals
ok 3 - Equals
ok 4 - Equals
ok 5 - Equals
ok 6 - Equals
ok 7 - Equals
ok 8 - Equals
ok 9 - Equals
ok 10 - Equals
</system-out>
    <testcase name="Equals (315)" classname="spec_perl_TestNavParent3_t" time="0.000268936157226562" />
    <testcase name="Equals (316)" classname="spec_perl_TestNavParent3_t" time="9.918212890625e-05" />
    <testcase name="Equals (317)" classname="spec_perl_TestNavParent3_t" time="0.000209808349609375" />
    <testcase name="Equals (318)" classname="spec_perl_TestNavParent3_t" time="0.000138998031616211" />
    <testcase name="Equals (319)" classname="spec_perl_TestNavParent3_t" time="0.000162124633789062" />
    <testcase name="Equals (320)" classname="spec_perl_TestNavParent3_t" time="0.000195026397705078" />
    <testcase name="Equals (321)" classname="spec_perl_TestNavParent3_t" time="0.000138044357299805" />
    <testcase name="Equals (322)" classname="spec_perl_TestNavParent3_t" time="0.000161886215209961" />
    <testcase name="Equals (323)" classname="spec_perl_TestNavParent3_t" time="0.000133037567138672" />
    <testcase name="Equals (324)" classname="spec_perl_TestNavParent3_t" time="0.00020289421081543" />
  </testsuite>
  <testsuite name="spec_perl_TestDocstringsDocrefMulti_t" errors="0" failures="0" skipped="1" tests="1" time="0.0499889850616455">
    <system-out>1..1
ok 1 # skip DocstringsDocrefMulti=HASH(0x5573ebf0f200)
</system-out>
    <testcase name="Unnamed test case 324" classname="spec_perl_TestDocstringsDocrefMulti_t" time="0.00104904174804688">
      <skipped message="ok 1 # skip DocstringsDocrefMulti=HASH(0x5573ebf0f200)" />
    </testcase>
  </testsuite>
  <testsuite name="spec_perl_TestNestedTypes_t" errors="0" failures="0" skipped="0" tests="3" time="0.0494759082794189">
    <system-out>1..3
ok 1 - Equals
ok 2 - Equals
ok 3 - Equals
</system-out>
    <testcase name="Equals (325)" classname="spec_perl_TestNestedTypes_t" time="0.000352859497070312" />
    <testcase name="Equals (326)" classname="spec_perl_TestNestedTypes_t" time="0.000124931335449219" />
    <testcase name="Equals (327)" classname="spec_perl_TestNestedTypes_t" time="0.000174999237060547" />
  </testsuite>
  <testsuite name="spec_perl_TestSwitchManualEnumInvalidElse_t" errors="0" failures="0" skipped="0" tests="5" time="0.0535809993743896">
    <system-out>1..5
ok 1 - Equals
ok 2 - Equals
ok 3 - Equals
ok 4 - Equals
ok 5 - Equals
</system-out>
    <testcase name="Equals (328)" classname="spec_perl_TestSwitchManualEnumInvalidElse_t" time="0.000248908996582031" />
    <testcase name="Equals (329)" classname="spec_perl_TestSwitchManualEnumInvalidElse_t" time="8.60691070556641e-05" />
    <testcase name="Equals (330)" classname="spec_perl_TestSwitchManualEnumInvalidElse_t" time="0.000159978866577148" />
    <testcase name="Equals (331)" classname="spec_perl_TestSwitchManualEnumInvalidElse_t" time="0.000136852264404297" />
    <testcase name="Equals (332)" classname="spec_perl_TestSwitchManualEnumInvalidElse_t" time="0.000164031982421875" />
  </testsuite>
  <testsuite name="spec_perl_TestFloatToI_t" errors="0" failures="0" skipped="0" tests="8" time="0.0496921539306641">
    <system-out>1..8
ok 1 - Approx equals
ok 2 - Approx equals
ok 3 - Equals
ok 4 - Equals
ok 5 - Equals
ok 6 - Equals
ok 7 - Equals
ok 8 - Equals
</system-out>
    <testcase name="Approx equals (332)" classname="spec_perl_TestFloatToI_t" time="0.000179052352905273" />
    <testcase name="Approx equals (333)" classname="spec_perl_TestFloatToI_t" time="6.69956207275391e-05" />
    <testcase name="Equals (333)" classname="spec_perl_TestFloatToI_t" time="6.4849853515625e-05" />
    <testcase name="Equals (334)" classname="spec_perl_TestFloatToI_t" time="7.91549682617188e-05" />
    <testcase name="Equals (335)" classname="spec_perl_TestFloatToI_t" time="0.000175952911376953" />
    <testcase name="Equals (336)" classname="spec_perl_TestFloatToI_t" time="0.000138998031616211" />
    <testcase name="Equals (337)" classname="spec_perl_TestFloatToI_t" time="0.000150918960571289" />
    <testcase name="Equals (338)" classname="spec_perl_TestFloatToI_t" time="0.000130176544189453" />
  </testsuite>
  <testsuite name="spec_perl_TestParamsPassUsertype_t" errors="0" failures="1" skipped="1" tests="2" time="0.0533559322357178">
    <system-out>1..2
not ok 1 - test_params_pass_usertype died (Can't call method &quot;foo&quot; on an undefined value at compiled/perl/ParamsPassUsertype.pm line 119.)
ok 2 # skip test_params_pass_usertype died
</system-out>
    <testcase name="test_params_pass_usertype died (Can't call method &quot;foo&quot; on an undefined value at compiled/perl/ParamsPassUsertype.pm line 119.) (338)" classname="spec_perl_TestParamsPassUsertype_t" time="0.000311851501464844">
      <failure message="not ok 1 - test_params_pass_usertype died (Can't call method &quot;foo&quot; on an undefined value at compiled/perl/ParamsPassUsertype.pm line 119.)" type="TAP::Parser::Result::Test"></failure>
    </testcase>
    <testcase name="Unnamed test case 338" classname="spec_perl_TestParamsPassUsertype_t" time="0.000452041625976562">
      <skipped message="ok 2 # skip test_params_pass_usertype died" />
    </testcase>
  </testsuite>
  <testsuite name="spec_perl_TestIfValues_t" errors="0" failures="0" skipped="0" tests="6" time="0.0488691329956055">
    <system-out>1..6
ok 1 - Equals
ok 2 - Equals
ok 3 - Equals
ok 4 - nil
ok 5 - Equals
ok 6 - nil
</system-out>
    <testcase name="Equals (339)" classname="spec_perl_TestIfValues_t" time="0.000242948532104492" />
    <testcase name="Equals (340)" classname="spec_perl_TestIfValues_t" time="8.29696655273438e-05" />
    <testcase name="Equals (341)" classname="spec_perl_TestIfValues_t" time="0.000149011611938477" />
    <testcase name="nil (341)" classname="spec_perl_TestIfValues_t" time="6.69956207275391e-05" />
    <testcase name="Equals (342)" classname="spec_perl_TestIfValues_t" time="0.00014495849609375" />
    <testcase name="nil (342)" classname="spec_perl_TestIfValues_t" time="6.19888305664062e-05" />
  </testsuite>
  <testsuite name="spec_perl_TestEnumToI_t" errors="0" failures="0" skipped="0" tests="7" time="0.0499839782714844">
    <system-out>1..7
ok 1 - Equals
ok 2 - Equals
ok 3 - Equals
ok 4 - Equals
ok 5 - Equals
ok 6 - Equals
ok 7 - Equals
</system-out>
    <testcase name="Equals (343)" classname="spec_perl_TestEnumToI_t" time="0.000256061553955078" />
    <testcase name="Equals (344)" classname="spec_perl_TestEnumToI_t" time="8.58306884765625e-05" />
    <testcase name="Equals (345)" classname="spec_perl_TestEnumToI_t" time="0.000128984451293945" />
    <testcase name="Equals (346)" classname="spec_perl_TestEnumToI_t" time="0.000149011611938477" />
    <testcase name="Equals (347)" classname="spec_perl_TestEnumToI_t" time="0.000121116638183594" />
    <testcase name="Equals (348)" classname="spec_perl_TestEnumToI_t" time="0.000162839889526367" />
    <testcase name="Equals (349)" classname="spec_perl_TestEnumToI_t" time="0.000105142593383789" />
  </testsuite>
  <testsuite name="spec_perl_TestRepeatNStrz_t" errors="0" failures="0" skipped="0" tests="2" time="0.0525598526000977">
    <system-out>1..2
ok 1 - Equals
ok 2 - Equals
</system-out>
    <testcase name="Equals (350)" classname="spec_perl_TestRepeatNStrz_t" time="0.000361919403076172" />
    <testcase name="Equals (351)" classname="spec_perl_TestRepeatNStrz_t" time="0.000128984451293945" />
  </testsuite>
  <testsuite name="spec_perl_TestIoLocalVar_t" errors="0" failures="0" skipped="0" tests="2" time="0.0493350028991699">
    <system-out>1..2
ok 1 - Equals
ok 2 - Equals
</system-out>
    <testcase name="Equals (352)" classname="spec_perl_TestIoLocalVar_t" time="0.000530004501342773" />
    <testcase name="Equals (353)" classname="spec_perl_TestIoLocalVar_t" time="9.89437103271484e-05" />
  </testsuite>
  <testsuite name="spec_perl_TestNestedTypeParam_t" errors="0" failures="2" skipped="0" tests="2" time="0.0644700527191162">
    <system-out>1..2
not ok 1 - Equals
not ok 2 - Equals
</system-out>
    <testcase name="Equals (354)" classname="spec_perl_TestNestedTypeParam_t" time="0.00214004516601562">
      <failure message="not ok 1 - Equals" type="TAP::Parser::Result::Test"></failure>
    </testcase>
    <testcase name="Equals (355)" classname="spec_perl_TestNestedTypeParam_t" time="0.00232982635498047">
      <failure message="not ok 2 - Equals" type="TAP::Parser::Result::Test"></failure>
    </testcase>
  </testsuite>
  <testsuite name="spec_perl_TestBitsByteAligned_t" errors="0" failures="0" skipped="0" tests="9" time="0.0504958629608154">
    <system-out>1..9
ok 1 - Equals
ok 2 - Equals
ok 3 - Equals
ok 4 - Equals
ok 5 - Equals
ok 6 - Equals
ok 7 - Equals
ok 8 - Equals
ok 9 - Equals
</system-out>
    <testcase name="Equals (356)" classname="spec_perl_TestBitsByteAligned_t" time="0.000288963317871094" />
    <testcase name="Equals (357)" classname="spec_perl_TestBitsByteAligned_t" time="8.91685485839844e-05" />
    <testcase name="Equals (358)" classname="spec_perl_TestBitsByteAligned_t" time="0.000149011611938477" />
    <testcase name="Equals (359)" classname="spec_perl_TestBitsByteAligned_t" time="0.000110864639282227" />
    <testcase name="Equals (360)" classname="spec_perl_TestBitsByteAligned_t" time="0.000162124633789062" />
    <testcase name="Equals (361)" classname="spec_perl_TestBitsByteAligned_t" time="0.000133037567138672" />
    <testcase name="Equals (362)" classname="spec_perl_TestBitsByteAligned_t" time="0.000155925750732422" />
    <testcase name="Equals (363)" classname="spec_perl_TestBitsByteAligned_t" time="0.000138044357299805" />
    <testcase name="Equals (364)" classname="spec_perl_TestBitsByteAligned_t" time="0.000147819519042969" />
  </testsuite>
  <testsuite name="spec_perl_TestRepeatNStrzDouble_t" errors="0" failures="0" skipped="0" tests="3" time="0.0535719394683838">
    <system-out>1..3
ok 1 - Equals
ok 2 - Equals
ok 3 - Equals
</system-out>
    <testcase name="Equals (365)" classname="spec_perl_TestRepeatNStrzDouble_t" time="0.000319004058837891" />
    <testcase name="Equals (366)" classname="spec_perl_TestRepeatNStrzDouble_t" time="9.89437103271484e-05" />
    <testcase name="Equals (367)" classname="spec_perl_TestRepeatNStrzDouble_t" time="8.51154327392578e-05" />
  </testsuite>
  <testsuite name="spec_perl_TestRepeatUntilSized_t" errors="0" failures="0" skipped="0" tests="7" time="0.0497870445251465">
    <system-out>1..7
ok 1 - Equals
ok 2 - Equals
ok 3 - Equals
ok 4 - Equals
ok 5 - Equals
ok 6 - Equals
ok 7 - Equals
</system-out>
    <testcase name="Equals (368)" classname="spec_perl_TestRepeatUntilSized_t" time="0.000519037246704102" />
    <testcase name="Equals (369)" classname="spec_perl_TestRepeatUntilSized_t" time="9.89437103271484e-05" />
    <testcase name="Equals (370)" classname="spec_perl_TestRepeatUntilSized_t" time="6.103515625e-05" />
    <testcase name="Equals (371)" classname="spec_perl_TestRepeatUntilSized_t" time="0.000164031982421875" />
    <testcase name="Equals (372)" classname="spec_perl_TestRepeatUntilSized_t" time="0.000129938125610352" />
    <testcase name="Equals (373)" classname="spec_perl_TestRepeatUntilSized_t" time="0.000138998031616211" />
    <testcase name="Equals (374)" classname="spec_perl_TestRepeatUntilSized_t" time="0.000169038772583008" />
  </testsuite>
  <testsuite name="spec_perl_TestSwitchIntegers2_t" errors="0" failures="0" skipped="0" tests="5" time="0.0500309467315674">
    <system-out>1..5
ok 1 - Equals
ok 2 - Equals
ok 3 - Equals
ok 4 - Equals
ok 5 - Equals
</system-out>
    <testcase name="Equals (375)" classname="spec_perl_TestSwitchIntegers2_t" time="0.000276088714599609" />
    <testcase name="Equals (376)" classname="spec_perl_TestSwitchIntegers2_t" time="8.89301300048828e-05" />
    <testcase name="Equals (377)" classname="spec_perl_TestSwitchIntegers2_t" time="8.60691070556641e-05" />
    <testcase name="Equals (378)" classname="spec_perl_TestSwitchIntegers2_t" time="0.000200986862182617" />
    <testcase name="Equals (379)" classname="spec_perl_TestSwitchIntegers2_t" time="0.00011897087097168" />
  </testsuite>
  <testsuite name="spec_perl_TestBitsSignedShiftB32Le_t" errors="0" failures="0" skipped="0" tests="2" time="0.055778980255127">
    <system-out>1..2
ok 1 - Equals
ok 2 - Equals
</system-out>
    <testcase name="Equals (380)" classname="spec_perl_TestBitsSignedShiftB32Le_t" time="0.000241994857788086" />
    <testcase name="Equals (381)" classname="spec_perl_TestBitsSignedShiftB32Le_t" time="0.000108003616333008" />
  </testsuite>
  <testsuite name="spec_perl_TestExpr3_t" errors="0" failures="0" skipped="0" tests="12" time="0.0543241500854492">
    <system-out>1..12
ok 1 - Equals
ok 2 - Equals
ok 3 - Equals
ok 4 - Equals
ok 5 - Equals
ok 6 - Equals
ok 7 - Equals
ok 8 - Equals
ok 9 - Equals
ok 10 - Equals
ok 11 - Equals
ok 12 - Equals
</system-out>
    <testcase name="Equals (382)" classname="spec_perl_TestExpr3_t" time="0.000245094299316406" />
    <testcase name="Equals (383)" classname="spec_perl_TestExpr3_t" time="0.000104904174804688" />
    <testcase name="Equals (384)" classname="spec_perl_TestExpr3_t" time="0.000158071517944336" />
    <testcase name="Equals (385)" classname="spec_perl_TestExpr3_t" time="0.000145912170410156" />
    <testcase name="Equals (386)" classname="spec_perl_TestExpr3_t" time="0.000123977661132812" />
    <testcase name="Equals (387)" classname="spec_perl_TestExpr3_t" time="0.000123023986816406" />
    <testcase name="Equals (388)" classname="spec_perl_TestExpr3_t" time="0.000147104263305664" />
    <testcase name="Equals (389)" classname="spec_perl_TestExpr3_t" time="0.000108003616333008" />
    <testcase name="Equals (390)" classname="spec_perl_TestExpr3_t" time="0.000153064727783203" />
    <testcase name="Equals (391)" classname="spec_perl_TestExpr3_t" time="0.00014495849609375" />
    <testcase name="Equals (392)" classname="spec_perl_TestExpr3_t" time="0.000128030776977539" />
    <testcase name="Equals (393)" classname="spec_perl_TestExpr3_t" time="0.000130891799926758" />
  </testsuite>
  <testsuite name="spec_perl_TestBitsSignedShiftB64Le_t" errors="0" failures="0" skipped="0" tests="2" time="0.0526010990142822">
    <system-out>1..2
ok 1 - Equals
ok 2 - Equals
</system-out>
    <testcase name="Equals (394)" classname="spec_perl_TestBitsSignedShiftB64Le_t" time="0.000144004821777344" />
    <testcase name="Equals (395)" classname="spec_perl_TestBitsSignedShiftB64Le_t" time="0.00213885307312012" />
  </testsuite>
  <testsuite name="spec_perl_TestDefaultBitEndianMod_t" errors="0" failures="0" skipped="0" tests="4" time="0.0499930381774902">
    <system-out>1..4
ok 1 - Equals
ok 2 - Equals
ok 3 - Equals
ok 4 - Equals
</system-out>
    <testcase name="Equals (396)" classname="spec_perl_TestDefaultBitEndianMod_t" time="0.000291824340820312" />
    <testcase name="Equals (397)" classname="spec_perl_TestDefaultBitEndianMod_t" time="8.70227813720703e-05" />
    <testcase name="Equals (398)" classname="spec_perl_TestDefaultBitEndianMod_t" time="0.00014805793762207" />
    <testcase name="Equals (399)" classname="spec_perl_TestDefaultBitEndianMod_t" time="0.000156879425048828" />
  </testsuite>
  <testsuite name="spec_perl_TestEosExceptionBytes_t" errors="0" failures="0" skipped="0" tests="1" time="0.0502629280090332">
    <system-out>1..1
ok 1 - threw /^Requested \d+ bytes, but only \d+ bytes available/
</system-out>
    <testcase name="threw /^Requested \d+ bytes, but only \d+ bytes available/ (399)" classname="spec_perl_TestEosExceptionBytes_t" time="0.000447988510131836" />
  </testsuite>
  <testsuite name="spec_perl_TestExprEnum_t" errors="0" failures="0" skipped="0" tests="3" time="0.0490269660949707">
    <system-out>1..3
ok 1 - Equals
ok 2 - Equals
ok 3 - Equals
</system-out>
    <testcase name="Equals (400)" classname="spec_perl_TestExprEnum_t" time="0.000226020812988281" />
    <testcase name="Equals (401)" classname="spec_perl_TestExprEnum_t" time="7.98702239990234e-05" />
    <testcase name="Equals (402)" classname="spec_perl_TestExprEnum_t" time="0.000169038772583008" />
  </testsuite>
  <testsuite name="spec_perl_TestSwitchBytearray_t" errors="0" failures="0" skipped="0" tests="9" time="0.0545890331268311">
    <system-out>1..9
ok 1 - Equals
ok 2 - Equals
ok 3 - Equals
ok 4 - Equals
ok 5 - Equals
ok 6 - Equals
ok 7 - Equals
ok 8 - Equals
ok 9 - Equals
</system-out>
    <testcase name="Equals (403)" classname="spec_perl_TestSwitchBytearray_t" time="0.000339031219482422" />
    <testcase name="Equals (404)" classname="spec_perl_TestSwitchBytearray_t" time="8.89301300048828e-05" />
    <testcase name="Equals (405)" classname="spec_perl_TestSwitchBytearray_t" time="0.000131130218505859" />
    <testcase name="Equals (406)" classname="spec_perl_TestSwitchBytearray_t" time="0.000145912170410156" />
    <testcase name="Equals (407)" classname="spec_perl_TestSwitchBytearray_t" time="0.000155925750732422" />
    <testcase name="Equals (408)" classname="spec_perl_TestSwitchBytearray_t" time="0.000133037567138672" />
    <testcase name="Equals (409)" classname="spec_perl_TestSwitchBytearray_t" time="0.000172138214111328" />
    <testcase name="Equals (410)" classname="spec_perl_TestSwitchBytearray_t" time="0.000115871429443359" />
    <testcase name="Equals (411)" classname="spec_perl_TestSwitchBytearray_t" time="0.000167131423950195" />
  </testsuite>
  <testsuite name="spec_perl_TestDefaultEndianExprException_t" errors="0" failures="0" skipped="0" tests="1" time="0.0509209632873535">
    <system-out>1..1
ok 1 - threw /^Unable to decide on endianness/
</system-out>
    <testcase name="threw /^Unable to decide on endianness/ (411)" classname="spec_perl_TestDefaultEndianExprException_t" time="0.000264167785644531" />
  </testsuite>
  <testsuite name="spec_perl_TestExprBits_t" errors="0" failures="0" skipped="0" tests="10" time="0.0501730442047119">
    <system-out>1..10
ok 1 - Equals
ok 2 - Equals
ok 3 - Equals
ok 4 - Equals
ok 5 - Equals
ok 6 - Equals
ok 7 - Equals
ok 8 - Equals
ok 9 - Equals
ok 10 - Equals
</system-out>
    <testcase name="Equals (412)" classname="spec_perl_TestExprBits_t" time="0.000267982482910156" />
    <testcase name="Equals (413)" classname="spec_perl_TestExprBits_t" time="8.89301300048828e-05" />
    <testcase name="Equals (414)" classname="spec_perl_TestExprBits_t" time="0.000130891799926758" />
    <testcase name="Equals (415)" classname="spec_perl_TestExprBits_t" time="0.000154018402099609" />
    <testcase name="Equals (416)" classname="spec_perl_TestExprBits_t" time="0.000118017196655273" />
    <testcase name="Equals (417)" classname="spec_perl_TestExprBits_t" time="0.000185012817382812" />
    <testcase name="Equals (418)" classname="spec_perl_TestExprBits_t" time="0.00012516975402832" />
    <testcase name="Equals (419)" classname="spec_perl_TestExprBits_t" time="0.000177860260009766" />
    <testcase name="Equals (420)" classname="spec_perl_TestExprBits_t" time="0.000131130218505859" />
    <testcase name="Equals (421)" classname="spec_perl_TestExprBits_t" time="0.00019383430480957" />
  </testsuite>
  <testsuite name="spec_perl_TestStrLiterals_t" errors="0" failures="0" skipped="0" tests="5" time="0.0495860576629639">
    <system-out>1..5
ok 1 - Equals
ok 2 - Equals
ok 3 - Equals
ok 4 - Equals
ok 5 - Equals
</system-out>
    <testcase name="Equals (422)" classname="spec_perl_TestStrLiterals_t" time="0.000247955322265625" />
    <testcase name="Equals (423)" classname="spec_perl_TestStrLiterals_t" time="8.29696655273438e-05" />
    <testcase name="Equals (424)" classname="spec_perl_TestStrLiterals_t" time="0.000184059143066406" />
    <testcase name="Equals (425)" classname="spec_perl_TestStrLiterals_t" time="0.000143051147460938" />
    <testcase name="Equals (426)" classname="spec_perl_TestStrLiterals_t" time="0.000180959701538086" />
  </testsuite>
  <testsuite name="spec_perl_TestInstanceIoUser_t" errors="0" failures="0" skipped="0" tests="4" time="0.0699729919433594">
    <system-out>1..4
ok 1 - Equals
ok 2 - Equals
ok 3 - Equals
ok 4 - Equals
</system-out>
    <testcase name="Equals (427)" classname="spec_perl_TestInstanceIoUser_t" time="0.000562906265258789" />
    <testcase name="Equals (428)" classname="spec_perl_TestInstanceIoUser_t" time="0.000144004821777344" />
    <testcase name="Equals (429)" classname="spec_perl_TestInstanceIoUser_t" time="0.000142097473144531" />
    <testcase name="Equals (430)" classname="spec_perl_TestInstanceIoUser_t" time="0.000180959701538086" />
  </testsuite>
  <testsuite name="spec_perl_TestProcessRepeatBytes_t" errors="0" failures="0" skipped="0" tests="2" time="0.055171012878418">
    <system-out>1..2
ok 1 - Equals
ok 2 - Equals
</system-out>
    <testcase name="Equals (431)" classname="spec_perl_TestProcessRepeatBytes_t" time="0.000200033187866211" />
    <testcase name="Equals (432)" classname="spec_perl_TestProcessRepeatBytes_t" time="7.10487365722656e-05" />
  </testsuite>
  <testsuite name="spec_perl_TestDocstrings_t" errors="0" failures="0" skipped="1" tests="1" time="0.0497350692749023">
    <system-out>1..1
ok 1 # skip Docstrings=HASH(0x5634fa7572d0)
</system-out>
    <testcase name="Unnamed test case 432" classname="spec_perl_TestDocstrings_t" time="0.00108480453491211">
      <skipped message="ok 1 # skip Docstrings=HASH(0x5634fa7572d0)" />
    </testcase>
  </testsuite>
  <testsuite name="spec_perl_TestExprBytesNonLiteral_t" errors="1" failures="0" skipped="0" tests="0" time="0.0509250164031982">
    <system-out></system-out>
    <testcase name="Test died too soon, even before plan. (432)" classname="spec_perl_TestExprBytesNonLiteral_t" time="0.0509250164031982">
      <failure message="The test suite died before a plan was produced. You need to have a plan." type="Plan">No plan</failure>
    </testcase>
  </testsuite>
  <testsuite name="spec_perl_TestSwitchManualIntElse_t" errors="0" failures="0" skipped="0" tests="9" time="0.0534279346466064">
    <system-out>1..9
ok 1 - Equals
ok 2 - Equals
ok 3 - Equals
ok 4 - Equals
ok 5 - Equals
ok 6 - Equals
ok 7 - Equals
ok 8 - Equals
ok 9 - Equals
</system-out>
    <testcase name="Equals (433)" classname="spec_perl_TestSwitchManualIntElse_t" time="0.000309944152832031" />
    <testcase name="Equals (434)" classname="spec_perl_TestSwitchManualIntElse_t" time="9.01222229003906e-05" />
[...]
    <testcase name="Equals (838)" classname="spec_perl_TestSwitchElseOnly_t" time="0.000160932540893555" />
  </testsuite>
  <testsuite name="spec_perl_TestEnumDeepLiterals_t" errors="0" failures="0" skipped="0" tests="2" time="0.0488491058349609">
    <system-out>1..2
ok 1 - Equals
ok 2 - Equals
</system-out>
    <testcase name="Equals (839)" classname="spec_perl_TestEnumDeepLiterals_t" time="0.000165939331054688" />
    <testcase name="Equals (840)" classname="spec_perl_TestEnumDeepLiterals_t" time="9.89437103271484e-05" />
  </testsuite>
  <testsuite name="spec_perl_TestProcessRepeatUsertype_t" errors="0" failures="0" skipped="0" tests="4" time="0.0491750240325928">
    <system-out>1..4
ok 1 - Equals
ok 2 - Equals
ok 3 - Equals
ok 4 - Equals
</system-out>
    <testcase name="Equals (841)" classname="spec_perl_TestProcessRepeatUsertype_t" time="0.000496864318847656" />
    <testcase name="Equals (842)" classname="spec_perl_TestProcessRepeatUsertype_t" time="9.918212890625e-05" />
    <testcase name="Equals (843)" classname="spec_perl_TestProcessRepeatUsertype_t" time="7.79628753662109e-05" />
    <testcase name="Equals (844)" classname="spec_perl_TestProcessRepeatUsertype_t" time="0.000108957290649414" />
  </testsuite>
  <testsuite name="spec_perl_TestNavRoot_t" errors="0" failures="0" skipped="0" tests="5" time="0.0539169311523438">
    <system-out>1..5
ok 1 - Equals
ok 2 - Equals
ok 3 - Equals
ok 4 - Equals
ok 5 - Equals
</system-out>
    <testcase name="Equals (845)" classname="spec_perl_TestNavRoot_t" time="0.000360965728759766" />
    <testcase name="Equals (846)" classname="spec_perl_TestNavRoot_t" time="9.29832458496094e-05" />
    <testcase name="Equals (847)" classname="spec_perl_TestNavRoot_t" time="0.000103950500488281" />
    <testcase name="Equals (848)" classname="spec_perl_TestNavRoot_t" time="0.000158071517944336" />
    <testcase name="Equals (849)" classname="spec_perl_TestNavRoot_t" time="0.000129938125610352" />
  </testsuite>
  <testsuite name="spec_perl_TestTermBytes_t" errors="0" failures="0" skipped="0" tests="3" time="0.0488219261169434">
    <system-out>1..3
ok 1 - Equals
ok 2 - Equals
ok 3 - Equals
</system-out>
    <testcase name="Equals (850)" classname="spec_perl_TestTermBytes_t" time="0.000175952911376953" />
    <testcase name="Equals (851)" classname="spec_perl_TestTermBytes_t" time="0.000135898590087891" />
    <testcase name="Equals (852)" classname="spec_perl_TestTermBytes_t" time="0.000146150588989258" />
  </testsuite>
  <testsuite name="spec_perl_TestParamsCallExtraParens_t" errors="0" failures="1" skipped="0" tests="1" time="0.0542199611663818">
    <system-out>1..1
not ok 1 - Equals
</system-out>
    <testcase name="Equals (853)" classname="spec_perl_TestParamsCallExtraParens_t" time="0.000357866287231445">
      <failure message="not ok 1 - Equals" type="TAP::Parser::Result::Test"></failure>
    </testcase>
  </testsuite>
  <testsuite name="spec_perl_TestUserType_t" errors="0" failures="0" skipped="0" tests="2" time="0.0483541488647461">
    <system-out>1..2
ok 1 - Equals
ok 2 - Equals
</system-out>
    <testcase name="Equals (854)" classname="spec_perl_TestUserType_t" time="0.000251054763793945" />
    <testcase name="Equals (855)" classname="spec_perl_TestUserType_t" time="8.20159912109375e-05" />
  </testsuite>
  <testsuite name="spec_perl_TestEnum0_t" errors="0" failures="0" skipped="0" tests="2" time="0.0489180088043213">
    <system-out>1..2
ok 1 - Equals
ok 2 - Equals
</system-out>
    <testcase name="Equals (856)" classname="spec_perl_TestEnum0_t" time="0.000236034393310547" />
    <testcase name="Equals (857)" classname="spec_perl_TestEnum0_t" time="9.39369201660156e-05" />
  </testsuite>
  <testsuite name="spec_perl_TestZlibWithHeader78_t" errors="0" failures="0" skipped="0" tests="1" time="0.0705020427703857">
    <system-out>1..1
ok 1 - Equals
</system-out>
    <testcase name="Equals (858)" classname="spec_perl_TestZlibWithHeader78_t" time="0.000342130661010742" />
  </testsuite>
  <testsuite name="spec_perl_TestExprIntDiv_t" errors="0" failures="2" skipped="0" tests="6" time="0.0536210536956787">
    <system-out>1..6
ok 1 - Equals
ok 2 - Equals
ok 3 - Equals
not ok 4 - Equals
ok 5 - Equals
not ok 6 - Equals
</system-out>
    <testcase name="Equals (859)" classname="spec_perl_TestExprIntDiv_t" time="0.000226020812988281" />
    <testcase name="Equals (860)" classname="spec_perl_TestExprIntDiv_t" time="8.51154327392578e-05" />
    <testcase name="Equals (861)" classname="spec_perl_TestExprIntDiv_t" time="0.000146865844726562" />
    <testcase name="Equals (862)" classname="spec_perl_TestExprIntDiv_t" time="0.000204086303710938">
      <failure message="not ok 4 - Equals" type="TAP::Parser::Result::Test"></failure>
    </testcase>
    <testcase name="Equals (863)" classname="spec_perl_TestExprIntDiv_t" time="0.002410888671875" />
    <testcase name="Equals (864)" classname="spec_perl_TestExprIntDiv_t" time="8.41617584228516e-05">
      <failure message="not ok 6 - Equals" type="TAP::Parser::Result::Test"></failure>
    </testcase>
  </testsuite>
  <testsuite name="spec_perl_TestBitsSeqEndianCombo_t" errors="0" failures="0" skipped="0" tests="8" time="0.0502710342407227">
    <system-out>1..8
ok 1 - Equals
ok 2 - Equals
ok 3 - Equals
ok 4 - Equals
ok 5 - Equals
ok 6 - Equals
ok 7 - Equals
ok 8 - Equals
</system-out>
    <testcase name="Equals (865)" classname="spec_perl_TestBitsSeqEndianCombo_t" time="0.000278949737548828" />
    <testcase name="Equals (866)" classname="spec_perl_TestBitsSeqEndianCombo_t" time="8.70227813720703e-05" />
    <testcase name="Equals (867)" classname="spec_perl_TestBitsSeqEndianCombo_t" time="0.000154972076416016" />
    <testcase name="Equals (868)" classname="spec_perl_TestBitsSeqEndianCombo_t" time="0.000129938125610352" />
    <testcase name="Equals (869)" classname="spec_perl_TestBitsSeqEndianCombo_t" time="0.000149965286254883" />
    <testcase name="Equals (870)" classname="spec_perl_TestBitsSeqEndianCombo_t" time="0.000166177749633789" />
    <testcase name="Equals (871)" classname="spec_perl_TestBitsSeqEndianCombo_t" time="0.000136852264404297" />
    <testcase name="Equals (872)" classname="spec_perl_TestBitsSeqEndianCombo_t" time="0.0001220703125" />
  </testsuite>
  <testsuite name="spec_perl_TestFloatingPoints_t" errors="0" failures="0" skipped="0" tests="8" time="0.0493249893188477">
    <system-out>1..8
ok 1 - Approx equals
ok 2 - Approx equals
ok 3 - Approx equals
ok 4 - Approx equals
ok 5 - Approx equals
ok 6 - Approx equals
ok 7 - Approx equals
ok 8 - Approx equals
</system-out>
    <testcase name="Approx equals (872)" classname="spec_perl_TestFloatingPoints_t" time="0.000187873840332031" />
    <testcase name="Approx equals (873)" classname="spec_perl_TestFloatingPoints_t" time="5.91278076171875e-05" />
    <testcase name="Approx equals (874)" classname="spec_perl_TestFloatingPoints_t" time="0.000105857849121094" />
    <testcase name="Approx equals (875)" classname="spec_perl_TestFloatingPoints_t" time="4.91142272949219e-05" />
    <testcase name="Approx equals (876)" classname="spec_perl_TestFloatingPoints_t" time="4.29153442382812e-05" />
    <testcase name="Approx equals (877)" classname="spec_perl_TestFloatingPoints_t" time="4.31537628173828e-05" />
    <testcase name="Approx equals (878)" classname="spec_perl_TestFloatingPoints_t" time="5.48362731933594e-05" />
    <testcase name="Approx equals (879)" classname="spec_perl_TestFloatingPoints_t" time="3.91006469726562e-05" />
  </testsuite>
  <testsuite name="spec_perl_TestSwitchManualStr_t" errors="0" failures="0" skipped="0" tests="9" time="0.0532770156860352">
    <system-out>1..9
ok 1 - Equals
ok 2 - Equals
ok 3 - Equals
ok 4 - Equals
ok 5 - Equals
ok 6 - Equals
ok 7 - Equals
ok 8 - Equals
ok 9 - Equals
</system-out>
    <testcase name="Equals (879)" classname="spec_perl_TestSwitchManualStr_t" time="0.000318050384521484" />
    <testcase name="Equals (880)" classname="spec_perl_TestSwitchManualStr_t" time="9.20295715332031e-05" />
    <testcase name="Equals (881)" classname="spec_perl_TestSwitchManualStr_t" time="9.89437103271484e-05" />
    <testcase name="Equals (882)" classname="spec_perl_TestSwitchManualStr_t" time="0.000186920166015625" />
    <testcase name="Equals (883)" classname="spec_perl_TestSwitchManualStr_t" time="0.000106096267700195" />
    <testcase name="Equals (884)" classname="spec_perl_TestSwitchManualStr_t" time="0.000159978866577148" />
    <testcase name="Equals (885)" classname="spec_perl_TestSwitchManualStr_t" time="0.000128030776977539" />
    <testcase name="Equals (886)" classname="spec_perl_TestSwitchManualStr_t" time="0.000149011611938477" />
    <testcase name="Equals (887)" classname="spec_perl_TestSwitchManualStr_t" time="0.000152826309204102" />
  </testsuite>
  <testsuite name="spec_perl_TestTsPacketHeader_t" errors="0" failures="0" skipped="0" tests="7" time="0.049677848815918">
    <system-out>1..7
ok 1 - Equals
ok 2 - Equals
ok 3 - Equals
ok 4 - Equals
ok 5 - Equals
ok 6 - Equals
ok 7 - Equals
</system-out>
    <testcase name="Equals (888)" classname="spec_perl_TestTsPacketHeader_t" time="0.000257015228271484" />
    <testcase name="Equals (889)" classname="spec_perl_TestTsPacketHeader_t" time="7.89165496826172e-05" />
    <testcase name="Equals (890)" classname="spec_perl_TestTsPacketHeader_t" time="8.91685485839844e-05" />
    <testcase name="Equals (891)" classname="spec_perl_TestTsPacketHeader_t" time="0.000159978866577148" />
    <testcase name="Equals (892)" classname="spec_perl_TestTsPacketHeader_t" time="0.000128984451293945" />
    <testcase name="Equals (893)" classname="spec_perl_TestTsPacketHeader_t" time="0.00014495849609375" />
    <testcase name="Equals (894)" classname="spec_perl_TestTsPacketHeader_t" time="0.000126123428344727" />
  </testsuite>
  <testsuite name="spec_perl_TestExprCalcArrayOps_t" errors="0" failures="0" skipped="0" tests="18" time="0.0514640808105469">
    <system-out>1..18
ok 1 - Equals
ok 2 - Equals
ok 3 - Equals
ok 4 - Equals
ok 5 - Equals
ok 6 - Equals
ok 7 - Equals
ok 8 - Approx equals
ok 9 - Approx equals
ok 10 - Approx equals
ok 11 - Approx equals
ok 12 - Approx equals
ok 13 - Equals
ok 14 - Equals
ok 15 - Equals
ok 16 - Equals
ok 17 - Equals
ok 18 - Equals
</system-out>
    <testcase name="Equals (895)" classname="spec_perl_TestExprCalcArrayOps_t" time="0.000236034393310547" />
    <testcase name="Equals (896)" classname="spec_perl_TestExprCalcArrayOps_t" time="8.70227813720703e-05" />
    <testcase name="Equals (897)" classname="spec_perl_TestExprCalcArrayOps_t" time="0.00017094612121582" />
    <testcase name="Equals (898)" classname="spec_perl_TestExprCalcArrayOps_t" time="0.000153064727783203" />
    <testcase name="Equals (899)" classname="spec_perl_TestExprCalcArrayOps_t" time="0.000190973281860352" />
    <testcase name="Equals (900)" classname="spec_perl_TestExprCalcArrayOps_t" time="0.000165939331054688" />
    <testcase name="Equals (901)" classname="spec_perl_TestExprCalcArrayOps_t" time="0.00018310546875" />
    <testcase name="Approx equals (901)" classname="spec_perl_TestExprCalcArrayOps_t" time="6.4849853515625e-05" />
    <testcase name="Approx equals (902)" classname="spec_perl_TestExprCalcArrayOps_t" time="6.50882720947266e-05" />
    <testcase name="Approx equals (903)" classname="spec_perl_TestExprCalcArrayOps_t" time="5.60283660888672e-05" />
    <testcase name="Approx equals (904)" classname="spec_perl_TestExprCalcArrayOps_t" time="8.10623168945312e-05" />
    <testcase name="Approx equals (905)" classname="spec_perl_TestExprCalcArrayOps_t" time="7.98702239990234e-05" />
    <testcase name="Equals (905)" classname="spec_perl_TestExprCalcArrayOps_t" time="0.000195980072021484" />
    <testcase name="Equals (906)" classname="spec_perl_TestExprCalcArrayOps_t" time="0.000177145004272461" />
    <testcase name="Equals (907)" classname="spec_perl_TestExprCalcArrayOps_t" time="0.000165939331054688" />
    <testcase name="Equals (908)" classname="spec_perl_TestExprCalcArrayOps_t" time="0.000169038772583008" />
    <testcase name="Equals (909)" classname="spec_perl_TestExprCalcArrayOps_t" time="0.0001678466796875" />
    <testcase name="Equals (910)" classname="spec_perl_TestExprCalcArrayOps_t" time="0.000168085098266602" />
  </testsuite>
  <testsuite name="spec_perl_TestImportsAbs_t" errors="0" failures="0" skipped="0" tests="2" time="0.0495789051055908">
    <system-out>1..2
ok 1 - Equals
ok 2 - Equals
</system-out>
    <testcase name="Equals (911)" classname="spec_perl_TestImportsAbs_t" time="0.000278949737548828" />
    <testcase name="Equals (912)" classname="spec_perl_TestImportsAbs_t" time="8.392333984375e-05" />
  </testsuite>
  <testsuite name="spec_perl_TestParamsPassArrayStr_t" errors="0" failures="1" skipped="6" tests="7" time="0.0582659244537354">
    <system-out>1..7
not ok 1 - test_params_pass_array_str died (Can't use an undefined value as an ARRAY reference at spec/perl/TestParamsPassArrayStr.t line 14.)
ok 2 # skip test_params_pass_array_str died
ok 3 # skip test_params_pass_array_str died
ok 4 # skip test_params_pass_array_str died
ok 5 # skip test_params_pass_array_str died
ok 6 # skip test_params_pass_array_str died
ok 7 # skip test_params_pass_array_str died
</system-out>
    <testcase name="test_params_pass_array_str died (Can't use an undefined value as an ARRAY reference at spec/perl/TestParamsPassArrayStr.t line 14.) (912)" classname="spec_perl_TestParamsPassArrayStr_t" time="0.000322818756103516">
      <failure message="not ok 1 - test_params_pass_array_str died (Can't use an undefined value as an ARRAY reference at spec/perl/TestParamsPassArrayStr.t line 14.)" type="TAP::Parser::Result::Test"></failure>
    </testcase>
    <testcase name="Unnamed test case 912" classname="spec_perl_TestParamsPassArrayStr_t" time="0.000471115112304688">
      <skipped message="ok 2 # skip test_params_pass_array_str died" />
    </testcase>
    <testcase name="Unnamed test case 913" classname="spec_perl_TestParamsPassArrayStr_t" time="0.000355958938598633">
      <skipped message="ok 3 # skip test_params_pass_array_str died" />
    </testcase>
    <testcase name="Unnamed test case 914" classname="spec_perl_TestParamsPassArrayStr_t" time="0.000348091125488281">
      <skipped message="ok 4 # skip test_params_pass_array_str died" />
    </testcase>
    <testcase name="Unnamed test case 915" classname="spec_perl_TestParamsPassArrayStr_t" time="0.000329971313476562">
      <skipped message="ok 5 # skip test_params_pass_array_str died" />
    </testcase>
    <testcase name="Unnamed test case 916" classname="spec_perl_TestParamsPassArrayStr_t" time="0.000324010848999023">
      <skipped message="ok 6 # skip test_params_pass_array_str died" />
    </testcase>
    <testcase name="Unnamed test case 917" classname="spec_perl_TestParamsPassArrayStr_t" time="0.000363826751708984">
      <skipped message="ok 7 # skip test_params_pass_array_str died" />
    </testcase>
  </testsuite>
  <testsuite name="spec_perl_TestProcessXor4Value_t" errors="0" failures="0" skipped="0" tests="2" time="0.0482511520385742">
    <system-out>1..2
ok 1 - Equals
ok 2 - Equals
</system-out>
    <testcase name="Equals (917)" classname="spec_perl_TestProcessXor4Value_t" time="0.000264883041381836" />
    <testcase name="Equals (918)" classname="spec_perl_TestProcessXor4Value_t" time="8.20159912109375e-05" />
  </testsuite>
  <testsuite name="spec_perl_TestBitsSimple_t" errors="0" failures="0" skipped="0" tests="14" time="0.0596010684967041">
    <system-out>1..14
ok 1 - Equals
ok 2 - Equals
ok 3 - Equals
ok 4 - Equals
ok 5 - Equals
ok 6 - Equals
ok 7 - Equals
ok 8 - Equals
ok 9 - Equals
ok 10 - Equals
ok 11 - Equals
ok 12 - Equals
ok 13 - Equals
ok 14 - Equals
</system-out>
    <testcase name="Equals (919)" classname="spec_perl_TestBitsSimple_t" time="0.000363826751708984" />
    <testcase name="Equals (920)" classname="spec_perl_TestBitsSimple_t" time="8.82148742675781e-05" />
    <testcase name="Equals (921)" classname="spec_perl_TestBitsSimple_t" time="0.0001678466796875" />
    <testcase name="Equals (922)" classname="spec_perl_TestBitsSimple_t" time="0.000172138214111328" />
    <testcase name="Equals (923)" classname="spec_perl_TestBitsSimple_t" time="0.000147819519042969" />
    <testcase name="Equals (924)" classname="spec_perl_TestBitsSimple_t" time="0.00014805793762207" />
    <testcase name="Equals (925)" classname="spec_perl_TestBitsSimple_t" time="0.000150918960571289" />
    <testcase name="Equals (926)" classname="spec_perl_TestBitsSimple_t" time="0.000188112258911133" />
    <testcase name="Equals (927)" classname="spec_perl_TestBitsSimple_t" time="0.000196933746337891" />
    <testcase name="Equals (928)" classname="spec_perl_TestBitsSimple_t" time="0.000221967697143555" />
    <testcase name="Equals (929)" classname="spec_perl_TestBitsSimple_t" time="0.000172138214111328" />
    <testcase name="Equals (930)" classname="spec_perl_TestBitsSimple_t" time="0.000251054763793945" />
    <testcase name="Equals (931)" classname="spec_perl_TestBitsSimple_t" time="0.000155925750732422" />
    <testcase name="Equals (932)" classname="spec_perl_TestBitsSimple_t" time="0.000184059143066406" />
  </testsuite>
  <testsuite name="spec_perl_TestDebug0_t" errors="0" failures="0" skipped="1" tests="1" time="0.0503900051116943">
    <system-out>1..1
ok 1 # skip test_debug_0
</system-out>
    <testcase name="Unnamed test case 932" classname="spec_perl_TestDebug0_t" time="0.000235080718994141">
      <skipped message="ok 1 # skip test_debug_0" />
    </testcase>
  </testsuite>
  <testsuite name="spec_perl_TestNavParentSwitch_t" errors="0" failures="0" skipped="0" tests="3" time="0.0495531558990479">
    <system-out>1..3
ok 1 - Equals
ok 2 - Equals
ok 3 - Equals
</system-out>
    <testcase name="Equals (933)" classname="spec_perl_TestNavParentSwitch_t" time="0.000266075134277344" />
    <testcase name="Equals (934)" classname="spec_perl_TestNavParentSwitch_t" time="9.29832458496094e-05" />
    <testcase name="Equals (935)" classname="spec_perl_TestNavParentSwitch_t" time="0.0001678466796875" />
  </testsuite>
  <testsuite name="spec_perl_TestRepeatUntilS4_t" errors="0" failures="0" skipped="0" tests="2" time="0.0524899959564209">
    <system-out>1..2
ok 1 - Equals
ok 2 - Equals
</system-out>
    <testcase name="Equals (936)" classname="spec_perl_TestRepeatUntilS4_t" time="0.000260829925537109" />
    <testcase name="Equals (937)" classname="spec_perl_TestRepeatUntilS4_t" time="8.32080841064453e-05" />
  </testsuite>
  <testsuite name="spec_perl_TestExprIfIntOps_t" errors="0" failures="0" skipped="0" tests="2" time="0.0489580631256104">
    <system-out>1..2
ok 1 - Equals
ok 2 - Equals
</system-out>
    <testcase name="Equals (938)" classname="spec_perl_TestExprIfIntOps_t" time="0.000237941741943359" />
    <testcase name="Equals (939)" classname="spec_perl_TestExprIfIntOps_t" time="8.20159912109375e-05" />
  </testsuite>
  <testsuite name="spec_perl_TestBitsEnum_t" errors="0" failures="0" skipped="0" tests="3" time="0.0493659973144531">
    <system-out>1..3
ok 1 - Equals
ok 2 - Equals
ok 3 - Equals
</system-out>
    <testcase name="Equals (940)" classname="spec_perl_TestBitsEnum_t" time="0.000247955322265625" />
    <testcase name="Equals (941)" classname="spec_perl_TestBitsEnum_t" time="8.41617584228516e-05" />
    <testcase name="Equals (942)" classname="spec_perl_TestBitsEnum_t" time="0.000140905380249023" />
  </testsuite>
  <testsuite name="spec_perl_TestFixedContents_t" errors="0" failures="0" skipped="1" tests="1" time="0.0539731979370117">
    <system-out>1..1
ok 1 # skip FixedContents=HASH(0x55f129af11a8)
</system-out>
    <testcase name="Unnamed test case 942" classname="spec_perl_TestFixedContents_t" time="0.0010368824005127">
      <skipped message="ok 1 # skip FixedContents=HASH(0x55f129af11a8)" />
    </testcase>
  </testsuite>
</testsuites>
