<?xml version='1.0' encoding='utf-8'?>
<testsuites>
  <testsuite name="spec_perl_TestNestedTypes_t" errors="0" failures="0" skipped="0" tests="3" time="0.0527980327606201">
    <system-out>1..3
ok 1 - Equals
ok 2 - Equals
ok 3 - Equals
</system-out>
    <testcase name="Equals" classname="spec_perl_TestNestedTypes_t" time="0.000176191329956055" />
    <testcase name="Equals (2)" classname="spec_perl_TestNestedTypes_t" time="9.67979431152344e-05" />
    <testcase name="Equals (3)" classname="spec_perl_TestNestedTypes_t" time="0.000114202499389648" />
  </testsuite>
  <testsuite name="spec_perl_TestEnum1_t" errors="0" failures="0" skipped="0" tests="2" time="0.0521998405456543">
    <system-out>1..2
ok 1 - Equals
ok 2 - Equals
</system-out>
    <testcase name="Equals (4)" classname="spec_perl_TestEnum1_t" time="0.000190019607543945" />
    <testcase name="Equals (5)" classname="spec_perl_TestEnum1_t" time="0.000107049942016602" />
  </testsuite>
  <testsuite name="spec_perl_TestBitsUnalignedB32Le_t" errors="0" failures="0" skipped="0" tests="3" time="0.0526111125946045">
    <system-out>1..3
ok 1 - Equals
ok 2 - Equals
ok 3 - Equals
</system-out>
    <testcase name="Equals (6)" classname="spec_perl_TestBitsUnalignedB32Le_t" time="0.000133037567138672" />
    <testcase name="Equals (7)" classname="spec_perl_TestBitsUnalignedB32Le_t" time="9.10758972167969e-05" />
    <testcase name="Equals (8)" classname="spec_perl_TestBitsUnalignedB32Le_t" time="0.000118017196655273" />
  </testsuite>
  <testsuite name="spec_perl_TestEnumNegative_t" errors="0" failures="0" skipped="0" tests="2" time="0.0521650314331055">
    <system-out>1..2
ok 1 - Equals
ok 2 - Equals
</system-out>
    <testcase name="Equals (9)" classname="spec_perl_TestEnumNegative_t" time="0.000153064727783203" />
    <testcase name="Equals (10)" classname="spec_perl_TestEnumNegative_t" time="0.000100851058959961" />
  </testsuite>
  <testsuite name="spec_perl_TestTypeIntUnaryOp_t" errors="0" failures="0" skipped="0" tests="4" time="0.052821159362793">
    <system-out>1..4
ok 1 - Equals
ok 2 - Equals
ok 3 - Equals
ok 4 - Equals
</system-out>
    <testcase name="Equals (11)" classname="spec_perl_TestTypeIntUnaryOp_t" time="0.00014495849609375" />
    <testcase name="Equals (12)" classname="spec_perl_TestTypeIntUnaryOp_t" time="7.41481781005859e-05" />
    <testcase name="Equals (13)" classname="spec_perl_TestTypeIntUnaryOp_t" time="0.000119924545288086" />
    <testcase name="Equals (14)" classname="spec_perl_TestTypeIntUnaryOp_t" time="0.000112056732177734" />
  </testsuite>
  <testsuite name="spec_perl_TestIntegers_t" errors="0" failures="0" skipped="0" tests="20" time="0.0545070171356201">
    <system-out>1..20
ok 1 - Equals
ok 2 - Equals
ok 3 - Equals
ok 4 - Equals
ok 5 - Equals
ok 6 - Equals
ok 7 - Equals
ok 8 - Equals
ok 9 - Equals
ok 10 - Equals
ok 11 - Equals
ok 12 - Equals
ok 13 - Equals
ok 14 - Equals
ok 15 - Equals
ok 16 - Equals
ok 17 - Equals
ok 18 - Equals
ok 19 - Equals
ok 20 - Equals
</system-out>
    <testcase name="Equals (15)" classname="spec_perl_TestIntegers_t" time="0.000206947326660156" />
    <testcase name="Equals (16)" classname="spec_perl_TestIntegers_t" time="0.000100135803222656" />
    <testcase name="Equals (17)" classname="spec_perl_TestIntegers_t" time="0.000107765197753906" />
    <testcase name="Equals (18)" classname="spec_perl_TestIntegers_t" time="0.000105142593383789" />
    <testcase name="Equals (19)" classname="spec_perl_TestIntegers_t" time="0.00010991096496582" />
    <testcase name="Equals (20)" classname="spec_perl_TestIntegers_t" time="0.000108957290649414" />
    <testcase name="Equals (21)" classname="spec_perl_TestIntegers_t" time="0.000104188919067383" />
    <testcase name="Equals (22)" classname="spec_perl_TestIntegers_t" time="9.98973846435547e-05" />
    <testcase name="Equals (23)" classname="spec_perl_TestIntegers_t" time="9.89437103271484e-05" />
    <testcase name="Equals (24)" classname="spec_perl_TestIntegers_t" time="0.000104188919067383" />
    <testcase name="Equals (25)" classname="spec_perl_TestIntegers_t" time="9.67979431152344e-05" />
    <testcase name="Equals (26)" classname="spec_perl_TestIntegers_t" time="0.000106096267700195" />
    <testcase name="Equals (27)" classname="spec_perl_TestIntegers_t" time="0.000102996826171875" />
    <testcase name="Equals (28)" classname="spec_perl_TestIntegers_t" time="0.000102996826171875" />
    <testcase name="Equals (29)" classname="spec_perl_TestIntegers_t" time="0.000104904174804688" />
    <testcase name="Equals (30)" classname="spec_perl_TestIntegers_t" time="9.918212890625e-05" />
    <testcase name="Equals (31)" classname="spec_perl_TestIntegers_t" time="9.89437103271484e-05" />
    <testcase name="Equals (32)" classname="spec_perl_TestIntegers_t" time="0.000102043151855469" />
    <testcase name="Equals (33)" classname="spec_perl_TestIntegers_t" time="9.98973846435547e-05" />
    <testcase name="Equals (34)" classname="spec_perl_TestIntegers_t" time="9.79900360107422e-05" />
  </testsuite>
  <testsuite name="spec_perl_TestEnumLongRangeU_t" errors="0" failures="0" skipped="0" tests="4" time="0.0528531074523926">
    <system-out>1..4
ok 1 - Equals
ok 2 - Equals
ok 3 - Equals
ok 4 - Equals
</system-out>
    <testcase name="Equals (35)" classname="spec_perl_TestEnumLongRangeU_t" time="0.000185012817382812" />
    <testcase name="Equals (36)" classname="spec_perl_TestEnumLongRangeU_t" time="0.000102996826171875" />
    <testcase name="Equals (37)" classname="spec_perl_TestEnumLongRangeU_t" time="0.000113964080810547" />
    <testcase name="Equals (38)" classname="spec_perl_TestEnumLongRangeU_t" time="0.000112056732177734" />
  </testsuite>
  <testsuite name="spec_perl_TestExprIfIntOps_t" errors="0" failures="0" skipped="0" tests="2" time="0.0521810054779053">
    <system-out>1..2
ok 1 - Equals
ok 2 - Equals
</system-out>
    <testcase name="Equals (39)" classname="spec_perl_TestExprIfIntOps_t" time="0.000141143798828125" />
    <testcase name="Equals (40)" classname="spec_perl_TestExprIfIntOps_t" time="5.69820404052734e-05" />
  </testsuite>
  <testsuite name="spec_perl_TestBitsSimple_t" errors="0" failures="0" skipped="0" tests="14" time="0.0536618232727051">
    <system-out>1..14
ok 1 - Equals
ok 2 - Equals
ok 3 - Equals
ok 4 - Equals
ok 5 - Equals
ok 6 - Equals
ok 7 - Equals
ok 8 - Equals
ok 9 - Equals
ok 10 - Equals
ok 11 - Equals
ok 12 - Equals
ok 13 - Equals
ok 14 - Equals
</system-out>
    <testcase name="Equals (41)" classname="spec_perl_TestBitsSimple_t" time="0.000166893005371094" />
    <testcase name="Equals (42)" classname="spec_perl_TestBitsSimple_t" time="9.01222229003906e-05" />
    <testcase name="Equals (43)" classname="spec_perl_TestBitsSimple_t" time="9.89437103271484e-05" />
    <testcase name="Equals (44)" classname="spec_perl_TestBitsSimple_t" time="0.000108003616333008" />
    <testcase name="Equals (45)" classname="spec_perl_TestBitsSimple_t" time="0.000108957290649414" />
    <testcase name="Equals (46)" classname="spec_perl_TestBitsSimple_t" time="0.000115156173706055" />
    <testcase name="Equals (47)" classname="spec_perl_TestBitsSimple_t" time="9.89437103271484e-05" />
    <testcase name="Equals (48)" classname="spec_perl_TestBitsSimple_t" time="0.000108957290649414" />
    <testcase name="Equals (49)" classname="spec_perl_TestBitsSimple_t" time="9.89437103271484e-05" />
    <testcase name="Equals (50)" classname="spec_perl_TestBitsSimple_t" time="0.000105142593383789" />
    <testcase name="Equals (51)" classname="spec_perl_TestBitsSimple_t" time="0.000116825103759766" />
    <testcase name="Equals (52)" classname="spec_perl_TestBitsSimple_t" time="0.000101089477539062" />
    <testcase name="Equals (53)" classname="spec_perl_TestBitsSimple_t" time="0.000104904174804688" />
    <testcase name="Equals (54)" classname="spec_perl_TestBitsSimple_t" time="0.000102996826171875" />
  </testsuite>
  <testsuite name="spec_perl_TestBitsByteAligned_t" errors="0" failures="0" skipped="0" tests="9" time="0.0531418323516846">
    <system-out>1..9
ok 1 - Equals
ok 2 - Equals
ok 3 - Equals
ok 4 - Equals
ok 5 - Equals
ok 6 - Equals
ok 7 - Equals
ok 8 - Equals
ok 9 - Equals
</system-out>
    <testcase name="Equals (55)" classname="spec_perl_TestBitsByteAligned_t" time="0.000252008438110352" />
    <testcase name="Equals (56)" classname="spec_perl_TestBitsByteAligned_t" time="0.000101089477539062" />
    <testcase name="Equals (57)" classname="spec_perl_TestBitsByteAligned_t" time="0.000108957290649414" />
    <testcase name="Equals (58)" classname="spec_perl_TestBitsByteAligned_t" time="9.79900360107422e-05" />
    <testcase name="Equals (59)" classname="spec_perl_TestBitsByteAligned_t" time="0.000111103057861328" />
    <testcase name="Equals (60)" classname="spec_perl_TestBitsByteAligned_t" time="9.79900360107422e-05" />
    <testcase name="Equals (61)" classname="spec_perl_TestBitsByteAligned_t" time="0.000103950500488281" />
    <testcase name="Equals (62)" classname="spec_perl_TestBitsByteAligned_t" time="0.000104904174804688" />
    <testcase name="Equals (63)" classname="spec_perl_TestBitsByteAligned_t" time="0.000110149383544922" />
  </testsuite>
  <testsuite name="spec_perl_TestImportsRel1_t" errors="0" failures="0" skipped="0" tests="3" time="0.0531101226806641">
    <system-out>1..3
ok 1 - Equals
ok 2 - Equals
ok 3 - Equals
</system-out>
    <testcase name="Equals (64)" classname="spec_perl_TestImportsRel1_t" time="0.000128984451293945" />
    <testcase name="Equals (65)" classname="spec_perl_TestImportsRel1_t" time="5.41210174560547e-05" />
    <testcase name="Equals (66)" classname="spec_perl_TestImportsRel1_t" time="0.000120878219604492" />
  </testsuite>
  <testsuite name="spec_perl_TestRepeatEosBit_t" errors="0" failures="0" skipped="0" tests="1" time="0.0523121356964111">
    <system-out>1..1
ok 1 - Equals
</system-out>
    <testcase name="Equals (67)" classname="spec_perl_TestRepeatEosBit_t" time="0.000187873840332031" />
  </testsuite>
  <testsuite name="spec_perl_TestToStringCustom_t" errors="0" failures="0" skipped="0" tests="1" time="0.0572941303253174">
    <system-out>1..1
ok 1 - Equals
</system-out>
    <testcase name="Equals (68)" classname="spec_perl_TestToStringCustom_t" time="0.000193119049072266" />
  </testsuite>
  <testsuite name="spec_perl_TestNonStandard_t" errors="0" failures="0" skipped="0" tests="1" time="0.0518538951873779">
    <system-out>1..1
ok 1 - Equals
</system-out>
    <testcase name="Equals (69)" classname="spec_perl_TestNonStandard_t" time="0.00014805793762207" />
  </testsuite>
  <testsuite name="spec_perl_TestNestedTypes3_t" errors="0" failures="0" skipped="0" tests="5" time="0.0528419017791748">
    <system-out>1..5
ok 1 - Equals
ok 2 - Equals
ok 3 - Equals
ok 4 - Equals
ok 5 - Equals
</system-out>
    <testcase name="Equals (70)" classname="spec_perl_TestNestedTypes3_t" time="0.000211000442504883" />
    <testcase name="Equals (71)" classname="spec_perl_TestNestedTypes3_t" time="0.000103950500488281" />
    <testcase name="Equals (72)" classname="spec_perl_TestNestedTypes3_t" time="0.000112056732177734" />
    <testcase name="Equals (73)" classname="spec_perl_TestNestedTypes3_t" time="0.000105857849121094" />
    <testcase name="Equals (74)" classname="spec_perl_TestNestedTypes3_t" time="0.000109195709228516" />
  </testsuite>
  <testsuite name="spec_perl_TestStrEncodingsUtf16_t" errors="0" failures="0" skipped="0" tests="6" time="0.0580790042877197">
    <system-out>1..6
ok 1 - Equals
ok 2 - Equals
ok 3 - Equals
ok 4 - Equals
ok 5 - Equals
ok 6 - Equals
</system-out>
    <testcase name="Equals (75)" classname="spec_perl_TestStrEncodingsUtf16_t" time="0.00119900703430176" />
    <testcase name="Equals (76)" classname="spec_perl_TestStrEncodingsUtf16_t" time="6.50882720947266e-05" />
    <testcase name="Equals (77)" classname="spec_perl_TestStrEncodingsUtf16_t" time="0.000105857849121094" />
    <testcase name="Equals (78)" classname="spec_perl_TestStrEncodingsUtf16_t" time="0.000158071517944336" />
    <testcase name="Equals (79)" classname="spec_perl_TestStrEncodingsUtf16_t" time="8.10623168945312e-05" />
    <testcase name="Equals (80)" classname="spec_perl_TestStrEncodingsUtf16_t" time="9.89437103271484e-05" />
  </testsuite>
  <testsuite name="spec_perl_TestFixedStruct_t" errors="0" failures="0" skipped="0" tests="20" time="0.054624080657959">
    <system-out>1..20
ok 1 - Equals
ok 2 - Equals
ok 3 - Equals
ok 4 - Equals
ok 5 - Equals
ok 6 - Equals
ok 7 - Equals
ok 8 - Equals
ok 9 - Equals
ok 10 - Equals
ok 11 - Equals
ok 12 - Equals
ok 13 - Equals
ok 14 - Equals
ok 15 - Equals
ok 16 - Equals
ok 17 - Equals
ok 18 - Equals
ok 19 - Equals
ok 20 - Equals
</system-out>
    <testcase name="Equals (81)" classname="spec_perl_TestFixedStruct_t" time="0.000236034393310547" />
    <testcase name="Equals (82)" classname="spec_perl_TestFixedStruct_t" time="7.48634338378906e-05" />
    <testcase name="Equals (83)" classname="spec_perl_TestFixedStruct_t" time="0.000165939331054688" />
    <testcase name="Equals (84)" classname="spec_perl_TestFixedStruct_t" time="7.41481781005859e-05" />
    <testcase name="Equals (85)" classname="spec_perl_TestFixedStruct_t" time="0.000124931335449219" />
    <testcase name="Equals (86)" classname="spec_perl_TestFixedStruct_t" time="0.0001220703125" />
    <testcase name="Equals (87)" classname="spec_perl_TestFixedStruct_t" time="0.000103950500488281" />
    <testcase name="Equals (88)" classname="spec_perl_TestFixedStruct_t" time="0.000102043151855469" />
    <testcase name="Equals (89)" classname="spec_perl_TestFixedStruct_t" time="0.000100851058959961" />
    <testcase name="Equals (90)" classname="spec_perl_TestFixedStruct_t" time="9.918212890625e-05" />
    <testcase name="Equals (91)" classname="spec_perl_TestFixedStruct_t" time="0.000105857849121094" />
    <testcase name="Equals (92)" classname="spec_perl_TestFixedStruct_t" time="9.70363616943359e-05" />
    <testcase name="Equals (93)" classname="spec_perl_TestFixedStruct_t" time="0.000103950500488281" />
    <testcase name="Equals (94)" classname="spec_perl_TestFixedStruct_t" time="0.000104188919067383" />
    <testcase name="Equals (95)" classname="spec_perl_TestFixedStruct_t" time="0.0001068115234375" />
    <testcase name="Equals (96)" classname="spec_perl_TestFixedStruct_t" time="0.000111103057861328" />
    <testcase name="Equals (97)" classname="spec_perl_TestFixedStruct_t" time="0.000105857849121094" />
    <testcase name="Equals (98)" classname="spec_perl_TestFixedStruct_t" time="0.000105142593383789" />
    <testcase name="Equals (99)" classname="spec_perl_TestFixedStruct_t" time="0.000101089477539062" />
    <testcase name="Equals (100)" classname="spec_perl_TestFixedStruct_t" time="0.000100851058959961" />
  </testsuite>
  <testsuite name="spec_perl_TestSwitchManualStrElse_t" errors="0" failures="0" skipped="0" tests="9" time="0.0575628280639648">
    <system-out>1..9
ok 1 - Equals
ok 2 - Equals
ok 3 - Equals
ok 4 - Equals
ok 5 - Equals
ok 6 - Equals
ok 7 - Equals
ok 8 - Equals
ok 9 - Equals
</system-out>
    <testcase name="Equals (101)" classname="spec_perl_TestSwitchManualStrElse_t" time="0.000254154205322266" />
    <testcase name="Equals (102)" classname="spec_perl_TestSwitchManualStrElse_t" time="6.58035278320312e-05" />
    <testcase name="Equals (103)" classname="spec_perl_TestSwitchManualStrElse_t" time="7.20024108886719e-05" />
    <testcase name="Equals (104)" classname="spec_perl_TestSwitchManualStrElse_t" time="0.000112056732177734" />
    <testcase name="Equals (105)" classname="spec_perl_TestSwitchManualStrElse_t" time="0.000103950500488281" />
    <testcase name="Equals (106)" classname="spec_perl_TestSwitchManualStrElse_t" time="0.000114202499389648" />
    <testcase name="Equals (107)" classname="spec_perl_TestSwitchManualStrElse_t" time="0.000101804733276367" />
    <testcase name="Equals (108)" classname="spec_perl_TestSwitchManualStrElse_t" time="0.000106096267700195" />
    <testcase name="Equals (109)" classname="spec_perl_TestSwitchManualStrElse_t" time="0.000112056732177734" />
  </testsuite>
  <testsuite name="spec_perl_TestCombineEnum_t" errors="0" failures="0" skipped="0" tests="3" time="0.052541971206665">
    <system-out>1..3
ok 1 - Equals
ok 2 - Equals
ok 3 - Equals
</system-out>
    <testcase name="Equals (110)" classname="spec_perl_TestCombineEnum_t" time="0.000195980072021484" />
    <testcase name="Equals (111)" classname="spec_perl_TestCombineEnum_t" time="0.000100135803222656" />
    <testcase name="Equals (112)" classname="spec_perl_TestCombineEnum_t" time="0.000113964080810547" />
  </testsuite>
  <testsuite name="spec_perl_TestImportsCircularA_t" errors="0" failures="0" skipped="0" tests="5" time="0.053333044052124">
    <system-out>1..5
ok 1 - Equals
ok 2 - Equals
ok 3 - Equals
ok 4 - Equals
ok 5 - nil
</system-out>
    <testcase name="Equals (113)" classname="spec_perl_TestImportsCircularA_t" time="0.000169992446899414" />
    <testcase name="Equals (114)" classname="spec_perl_TestImportsCircularA_t" time="8.89301300048828e-05" />
    <testcase name="Equals (115)" classname="spec_perl_TestImportsCircularA_t" time="0.000108957290649414" />
    <testcase name="Equals (116)" classname="spec_perl_TestImportsCircularA_t" time="0.000119924545288086" />
    <testcase name="nil (116)" classname="spec_perl_TestImportsCircularA_t" time="5.22136688232422e-05" />
  </testsuite>
  <testsuite name="spec_perl_TestExprEnum_t" errors="0" failures="0" skipped="0" tests="3" time="0.0520689487457275">
    <system-out>1..3
ok 1 - Equals
ok 2 - Equals
ok 3 - Equals
</system-out>
    <testcase name="Equals (117)" classname="spec_perl_TestExprEnum_t" time="0.000135898590087891" />
    <testcase name="Equals (118)" classname="spec_perl_TestExprEnum_t" time="0.000101089477539062" />
    <testcase name="Equals (119)" classname="spec_perl_TestExprEnum_t" time="0.000116825103759766" />
  </testsuite>
  <testsuite name="spec_perl_TestRecursiveOne_t" errors="0" failures="0" skipped="0" tests="4" time="0.053062915802002">
    <system-out>1..4
ok 1 - Equals
ok 2 - Equals
ok 3 - Equals
ok 4 - Equals
</system-out>
    <testcase name="Equals (120)" classname="spec_perl_TestRecursiveOne_t" time="0.000123023986816406" />
    <testcase name="Equals (121)" classname="spec_perl_TestRecursiveOne_t" time="0.000103950500488281" />
    <testcase name="Equals (122)" classname="spec_perl_TestRecursiveOne_t" time="0.000110149383544922" />
    <testcase name="Equals (123)" classname="spec_perl_TestRecursiveOne_t" time="0.000108003616333008" />
  </testsuite>
  <testsuite name="spec_perl_TestInstanceStd_t" errors="0" failures="0" skipped="0" tests="1" time="0.0566399097442627">
    <system-out>1..1
ok 1 - Equals
</system-out>
    <testcase name="Equals (124)" classname="spec_perl_TestInstanceStd_t" time="0.000186920166015625" />
  </testsuite>
  <testsuite name="spec_perl_TestBytesPadTerm_t" errors="0" failures="0" skipped="0" tests="4" time="0.0521030426025391">
    <system-out>1..4
ok 1 - Equals
ok 2 - Equals
ok 3 - Equals
ok 4 - Equals
</system-out>
    <testcase name="Equals (125)" classname="spec_perl_TestBytesPadTerm_t" time="0.000178098678588867" />
    <testcase name="Equals (126)" classname="spec_perl_TestBytesPadTerm_t" time="0.000110864639282227" />
    <testcase name="Equals (127)" classname="spec_perl_TestBytesPadTerm_t" time="9.70363616943359e-05" />
    <testcase name="Equals (128)" classname="spec_perl_TestBytesPadTerm_t" time="0.000106096267700195" />
  </testsuite>
  <testsuite name="spec_perl_TestSwitchManualIntSize_t" errors="0" failures="0" skipped="0" tests="10" time="0.0578868389129639">
    <system-out>1..10
ok 1 - Equals
ok 2 - Equals
ok 3 - Equals
ok 4 - Equals
ok 5 - Equals
ok 6 - Equals
ok 7 - Equals
ok 8 - Equals
ok 9 - Equals
ok 10 - Equals
</system-out>
    <testcase name="Equals (129)" classname="spec_perl_TestSwitchManualIntSize_t" time="0.000550985336303711" />
    <testcase name="Equals (130)" classname="spec_perl_TestSwitchManualIntSize_t" time="9.10758972167969e-05" />
    <testcase name="Equals (131)" classname="spec_perl_TestSwitchManualIntSize_t" time="0.000121831893920898" />
    <testcase name="Equals (132)" classname="spec_perl_TestSwitchManualIntSize_t" time="0.000109195709228516" />
    <testcase name="Equals (133)" classname="spec_perl_TestSwitchManualIntSize_t" time="0.000108003616333008" />
    <testcase name="Equals (134)" classname="spec_perl_TestSwitchManualIntSize_t" time="9.89437103271484e-05" />
    <testcase name="Equals (135)" classname="spec_perl_TestSwitchManualIntSize_t" time="0.000105857849121094" />
    <testcase name="Equals (136)" classname="spec_perl_TestSwitchManualIntSize_t" time="0.000138998031616211" />
    <testcase name="Equals (137)" classname="spec_perl_TestSwitchManualIntSize_t" time="0.000128984451293945" />
    <testcase name="Equals (138)" classname="spec_perl_TestSwitchManualIntSize_t" time="0.000107049942016602" />
  </testsuite>
  <testsuite name="spec_perl_TestSwitchManualEnum_t" errors="0" failures="0" skipped="0" tests="9" time="0.0577418804168701">
    <system-out>1..9
ok 1 - Equals
ok 2 - Equals
ok 3 - Equals
ok 4 - Equals
ok 5 - Equals
ok 6 - Equals
ok 7 - Equals
ok 8 - Equals
ok 9 - Equals
</system-out>
    <testcase name="Equals (139)" classname="spec_perl_TestSwitchManualEnum_t" time="0.000259876251220703" />
    <testcase name="Equals (140)" classname="spec_perl_TestSwitchManualEnum_t" time="6.60419464111328e-05" />
    <testcase name="Equals (141)" classname="spec_perl_TestSwitchManualEnum_t" time="9.70363616943359e-05" />
    <testcase name="Equals (142)" classname="spec_perl_TestSwitchManualEnum_t" time="0.000101089477539062" />
    <testcase name="Equals (143)" classname="spec_perl_TestSwitchManualEnum_t" time="0.000105857849121094" />
    <testcase name="Equals (144)" classname="spec_perl_TestSwitchManualEnum_t" time="0.000104188919067383" />
    <testcase name="Equals (145)" classname="spec_perl_TestSwitchManualEnum_t" time="0.0001068115234375" />
    <testcase name="Equals (146)" classname="spec_perl_TestSwitchManualEnum_t" time="0.000105142593383789" />
    <testcase name="Equals (147)" classname="spec_perl_TestSwitchManualEnum_t" time="0.000103950500488281" />
  </testsuite>
  <testsuite name="spec_perl_TestExprBytesCmp_t" errors="0" failures="0" skipped="0" tests="10" time="0.0529959201812744">
    <system-out>1..10
ok 1 - Equals
ok 2 - Equals
ok 3 - Equals
ok 4 - Equals
ok 5 - Equals
ok 6 - Equals
ok 7 - Equals
ok 8 - Equals
ok 9 - Equals
ok 10 - Equals
</system-out>
    <testcase name="Equals (148)" classname="spec_perl_TestExprBytesCmp_t" time="0.000164031982421875" />
    <testcase name="Equals (149)" classname="spec_perl_TestExprBytesCmp_t" time="0.000101089477539062" />
    <testcase name="Equals (150)" classname="spec_perl_TestExprBytesCmp_t" time="0.0001068115234375" />
    <testcase name="Equals (151)" classname="spec_perl_TestExprBytesCmp_t" time="9.01222229003906e-05" />
    <testcase name="Equals (152)" classname="spec_perl_TestExprBytesCmp_t" time="9.60826873779297e-05" />
    <testcase name="Equals (153)" classname="spec_perl_TestExprBytesCmp_t" time="9.39369201660156e-05" />
    <testcase name="Equals (154)" classname="spec_perl_TestExprBytesCmp_t" time="9.70363616943359e-05" />
    <testcase name="Equals (155)" classname="spec_perl_TestExprBytesCmp_t" time="0.000100851058959961" />
    <testcase name="Equals (156)" classname="spec_perl_TestExprBytesCmp_t" time="9.20295715332031e-05" />
    <testcase name="Equals (157)" classname="spec_perl_TestExprBytesCmp_t" time="9.60826873779297e-05" />
  </testsuite>
  <testsuite name="spec_perl_TestSwitchManualEnumInvalidElse_t" errors="0" failures="0" skipped="0" tests="5" time="0.0568668842315674">
    <system-out>1..5
ok 1 - Equals
ok 2 - Equals
ok 3 - Equals
ok 4 - Equals
ok 5 - Equals
</system-out>
    <testcase name="Equals (158)" classname="spec_perl_TestSwitchManualEnumInvalidElse_t" time="0.000163078308105469" />
    <testcase name="Equals (159)" classname="spec_perl_TestSwitchManualEnumInvalidElse_t" time="8.29696655273438e-05" />
    <testcase name="Equals (160)" classname="spec_perl_TestSwitchManualEnumInvalidElse_t" time="0.000129938125610352" />
    <testcase name="Equals (161)" classname="spec_perl_TestSwitchManualEnumInvalidElse_t" time="0.000100135803222656" />
    <testcase name="Equals (162)" classname="spec_perl_TestSwitchManualEnumInvalidElse_t" time="0.000105857849121094" />
  </testsuite>
  <testsuite name="spec_perl_TestRepeatUntilCalcArrayType_t" errors="0" failures="0" skipped="0" tests="7" time="0.0539240837097168">
    <system-out>1..7
ok 1 - Equals
ok 2 - Equals
ok 3 - Equals
ok 4 - Equals
ok 5 - Equals
ok 6 - Equals
ok 7 - Equals
</system-out>
    <testcase name="Equals (163)" classname="spec_perl_TestRepeatUntilCalcArrayType_t" time="0.000456094741821289" />
    <testcase name="Equals (164)" classname="spec_perl_TestRepeatUntilCalcArrayType_t" time="0.000127077102661133" />
    <testcase name="Equals (165)" classname="spec_perl_TestRepeatUntilCalcArrayType_t" time="0.00011897087097168" />
    <testcase name="Equals (166)" classname="spec_perl_TestRepeatUntilCalcArrayType_t" time="0.000117063522338867" />
    <testcase name="Equals (167)" classname="spec_perl_TestRepeatUntilCalcArrayType_t" time="9.67979431152344e-05" />
    <testcase name="Equals (168)" classname="spec_perl_TestRepeatUntilCalcArrayType_t" time="0.000102996826171875" />
    <testcase name="Equals (169)" classname="spec_perl_TestRepeatUntilCalcArrayType_t" time="0.000106096267700195" />
  </testsuite>
  <testsuite name="spec_perl_TestSwitchIntegers_t" errors="0" failures="0" skipped="0" tests="9" time="0.0537898540496826">
    <system-out>1..9
ok 1 - Equals
ok 2 - Equals
ok 3 - Equals
ok 4 - Equals
ok 5 - Equals
ok 6 - Equals
ok 7 - Equals
ok 8 - Equals
ok 9 - Equals
</system-out>
    <testcase name="Equals (170)" classname="spec_perl_TestSwitchIntegers_t" time="0.000218868255615234" />
    <testcase name="Equals (171)" classname="spec_perl_TestSwitchIntegers_t" time="6.50882720947266e-05" />
    <testcase name="Equals (172)" classname="spec_perl_TestSwitchIntegers_t" time="0.000113964080810547" />
    <testcase name="Equals (173)" classname="spec_perl_TestSwitchIntegers_t" time="0.000113964080810547" />
    <testcase name="Equals (174)" classname="spec_perl_TestSwitchIntegers_t" time="0.000165939331054688" />
    <testcase name="Equals (175)" classname="spec_perl_TestSwitchIntegers_t" time="7.41481781005859e-05" />
    <testcase name="Equals (176)" classname="spec_perl_TestSwitchIntegers_t" time="9.89437103271484e-05" />
    <testcase name="Equals (177)" classname="spec_perl_TestSwitchIntegers_t" time="9.98973846435547e-05" />
    <testcase name="Equals (178)" classname="spec_perl_TestSwitchIntegers_t" time="0.000110149383544922" />
  </testsuite>
  <testsuite name="spec_perl_TestExprBits_t" errors="0" failures="0" skipped="0" tests="10" time="0.0534849166870117">
    <system-out>1..10
ok 1 - Equals
ok 2 - Equals
ok 3 - Equals
ok 4 - Equals
ok 5 - Equals
ok 6 - Equals
ok 7 - Equals
ok 8 - Equals
ok 9 - Equals
ok 10 - Equals
</system-out>
    <testcase name="Equals (179)" classname="spec_perl_TestExprBits_t" time="0.00016021728515625" />
    <testcase name="Equals (180)" classname="spec_perl_TestExprBits_t" time="9.79900360107422e-05" />
    <testcase name="Equals (181)" classname="spec_perl_TestExprBits_t" time="0.000207901000976562" />
    <testcase name="Equals (182)" classname="spec_perl_TestExprBits_t" time="6.38961791992188e-05" />
    <testcase name="Equals (183)" classname="spec_perl_TestExprBits_t" time="8.70227813720703e-05" />
    <testcase name="Equals (184)" classname="spec_perl_TestExprBits_t" time="0.000104188919067383" />
    <testcase name="Equals (185)" classname="spec_perl_TestExprBits_t" time="0.000108003616333008" />
    <testcase name="Equals (186)" classname="spec_perl_TestExprBits_t" time="0.000101804733276367" />
    <testcase name="Equals (187)" classname="spec_perl_TestExprBits_t" time="0.000102996826171875" />
    <testcase name="Equals (188)" classname="spec_perl_TestExprBits_t" time="0.00012516975402832" />
  </testsuite>
  <testsuite name="spec_perl_TestTsPacketHeader_t" errors="0" failures="0" skipped="0" tests="7" time="0.0533409118652344">
    <system-out>1..7
ok 1 - Equals
ok 2 - Equals
ok 3 - Equals
ok 4 - Equals
ok 5 - Equals
ok 6 - Equals
ok 7 - Equals
</system-out>
    <testcase name="Equals (189)" classname="spec_perl_TestTsPacketHeader_t" time="0.000138044357299805" />
    <testcase name="Equals (190)" classname="spec_perl_TestTsPacketHeader_t" time="5.69820404052734e-05" />
    <testcase name="Equals (191)" classname="spec_perl_TestTsPacketHeader_t" time="9.89437103271484e-05" />
    <testcase name="Equals (192)" classname="spec_perl_TestTsPacketHeader_t" time="9.29832458496094e-05" />
    <testcase name="Equals (193)" classname="spec_perl_TestTsPacketHeader_t" time="0.000169038772583008" />
    <testcase name="Equals (194)" classname="spec_perl_TestTsPacketHeader_t" time="6.103515625e-05" />
    <testcase name="Equals (195)" classname="spec_perl_TestTsPacketHeader_t" time="9.79900360107422e-05" />
  </testsuite>
  <testsuite name="spec_perl_TestBitsSignedResB32Be_t" errors="0" failures="0" skipped="0" tests="1" time="0.052257776260376">
    <system-out>1..1
ok 1 - Equals
</system-out>
    <testcase name="Equals (196)" classname="spec_perl_TestBitsSignedResB32Be_t" time="0.000133991241455078" />
  </testsuite>
  <testsuite name="spec_perl_TestNestedTypes2_t" errors="0" failures="0" skipped="0" tests="7" time="0.0534408092498779">
    <system-out>1..7
ok 1 - Equals
ok 2 - Equals
ok 3 - Equals
ok 4 - Equals
ok 5 - Equals
ok 6 - Equals
ok 7 - Equals
</system-out>
    <testcase name="Equals (197)" classname="spec_perl_TestNestedTypes2_t" time="0.00020599365234375" />
    <testcase name="Equals (198)" classname="spec_perl_TestNestedTypes2_t" time="0.000108957290649414" />
    <testcase name="Equals (199)" classname="spec_perl_TestNestedTypes2_t" time="0.000132083892822266" />
    <testcase name="Equals (200)" classname="spec_perl_TestNestedTypes2_t" time="0.000118017196655273" />
    <testcase name="Equals (201)" classname="spec_perl_TestNestedTypes2_t" time="0.000103950500488281" />
    <testcase name="Equals (202)" classname="spec_perl_TestNestedTypes2_t" time="0.000105857849121094" />
    <testcase name="Equals (203)" classname="spec_perl_TestNestedTypes2_t" time="9.918212890625e-05" />
  </testsuite>
  <testsuite name="spec_perl_TestRepeatEosStruct_t" errors="0" failures="0" skipped="0" tests="5" time="0.0531158447265625">
    <system-out>1..5
ok 1 - Equals
ok 2 - Equals
ok 3 - Equals
ok 4 - Equals
ok 5 - Equals
</system-out>
    <testcase name="Equals (204)" classname="spec_perl_TestRepeatEosStruct_t" time="0.000192880630493164" />
    <testcase name="Equals (205)" classname="spec_perl_TestRepeatEosStruct_t" time="0.000102996826171875" />
    <testcase name="Equals (206)" classname="spec_perl_TestRepeatEosStruct_t" time="0.000103950500488281" />
    <testcase name="Equals (207)" classname="spec_perl_TestRepeatEosStruct_t" time="0.000104188919067383" />
    <testcase name="Equals (208)" classname="spec_perl_TestRepeatEosStruct_t" time="0.000102996826171875" />
  </testsuite>
  <testsuite name="spec_perl_TestEosExceptionU4_t" errors="0" failures="0" skipped="0" tests="1" time="0.0541529655456543">
    <system-out>1..1
ok 1 - threw /^Requested \d+ bytes, but only \d+ bytes available/
</system-out>
    <testcase name="threw /^Requested \d+ bytes, but only \d+ bytes available/ (208)" classname="spec_perl_TestEosExceptionU4_t" time="0.00035405158996582" />
  </testsuite>
  <testsuite name="spec_perl_TestImportsAbsRel_t" errors="0" failures="0" skipped="0" tests="3" time="0.0529170036315918">
    <system-out>1..3
ok 1 - Equals
ok 2 - Equals
ok 3 - Equals
</system-out>
    <testcase name="Equals (209)" classname="spec_perl_TestImportsAbsRel_t" time="0.000122785568237305" />
    <testcase name="Equals (210)" classname="spec_perl_TestImportsAbsRel_t" time="8.70227813720703e-05" />
    <testcase name="Equals (211)" classname="spec_perl_TestImportsAbsRel_t" time="0.000107049942016602" />
  </testsuite>
  <testsuite name="spec_perl_TestDefaultEndianExprException_t" errors="0" failures="0" skipped="0" tests="1" time="0.0535769462585449">
    <system-out>1..1
ok 1 - threw /^Unable to decide on endianness/
</system-out>
    <testcase name="threw /^Unable to decide on endianness/ (211)" classname="spec_perl_TestDefaultEndianExprException_t" time="0.000145912170410156" />
  </testsuite>
  <testsuite name="spec_perl_TestIndexSizes_t" errors="0" failures="0" skipped="0" tests="7" time="0.0572631359100342">
    <system-out>1..7
ok 1 - Equals
ok 2 - Equals
ok 3 - Equals
ok 4 - Equals
ok 5 - Equals
ok 6 - Equals
ok 7 - Equals
</system-out>
    <testcase name="Equals (212)" classname="spec_perl_TestIndexSizes_t" time="0.000162124633789062" />
    <testcase name="Equals (213)" classname="spec_perl_TestIndexSizes_t" time="7.48634338378906e-05" />
    <testcase name="Equals (214)" classname="spec_perl_TestIndexSizes_t" time="0.000153064727783203" />
    <testcase name="Equals (215)" classname="spec_perl_TestIndexSizes_t" time="7.89165496826172e-05" />
    <testcase name="Equals (216)" classname="spec_perl_TestIndexSizes_t" time="0.000158071517944336" />
    <testcase name="Equals (217)" classname="spec_perl_TestIndexSizes_t" time="7.29560852050781e-05" />
    <testcase name="Equals (218)" classname="spec_perl_TestIndexSizes_t" time="0.000110149383544922" />
  </testsuite>
  <testsuite name="spec_perl_TestEnumImport_t" errors="0" failures="2" skipped="0" tests="2" time="0.0540189743041992">
    <system-out>1..2
not ok 1 - Equals
not ok 2 - Equals
</system-out>
    <testcase name="Equals (219)" classname="spec_perl_TestEnumImport_t" time="0.000244140625">
      <failure message="not ok 1 - Equals" type="TAP::Parser::Result::Test"></failure>
    </testcase>
    <testcase name="Equals (220)" classname="spec_perl_TestEnumImport_t" time="0.000960826873779297">
      <failure message="not ok 2 - Equals" type="TAP::Parser::Result::Test"></failure>
    </testcase>
  </testsuite>
  <testsuite name="spec_perl_TestRepeatEosU4_t" errors="0" failures="0" skipped="0" tests="1" time="0.0520520210266113">
    <system-out>1..1
ok 1 - Equals
</system-out>
    <testcase name="Equals (221)" classname="spec_perl_TestRepeatEosU4_t" time="0.000108003616333008" />
  </testsuite>
  <testsuite name="spec_perl_TestNestedTypesImport_t" errors="1" failures="0" skipped="0" tests="0" time="0.0510420799255371">
    <system-out></system-out>
    <testcase name="Test died too soon, even before plan. (221)" classname="spec_perl_TestNestedTypesImport_t" time="0.0510420799255371">
      <failure message="The test suite died before a plan was produced. You need to have a plan." type="Plan">No plan</failure>
    </testcase>
  </testsuite>
  <testsuite name="spec_perl_TestEnumIf_t" errors="0" failures="0" skipped="0" tests="7" time="0.0566158294677734">
    <system-out>1..7
ok 1 - Equals
ok 2 - Equals
ok 3 - Equals
ok 4 - Equals
ok 5 - Equals
ok 6 - Equals
ok 7 - Equals
</system-out>
    <testcase name="Equals (222)" classname="spec_perl_TestEnumIf_t" time="0.000311136245727539" />
    <testcase name="Equals (223)" classname="spec_perl_TestEnumIf_t" time="6.79492950439453e-05" />
    <testcase name="Equals (224)" classname="spec_perl_TestEnumIf_t" time="0.000105857849121094" />
    <testcase name="Equals (225)" classname="spec_perl_TestEnumIf_t" time="0.000102043151855469" />
    <testcase name="Equals (226)" classname="spec_perl_TestEnumIf_t" time="0.000100135803222656" />
    <testcase name="Equals (227)" classname="spec_perl_TestEnumIf_t" time="0.000102043151855469" />
    <testcase name="Equals (228)" classname="spec_perl_TestEnumIf_t" time="0.000103950500488281" />
  </testsuite>
  <testsuite name="spec_perl_TestDocstrings_t" errors="0" failures="0" skipped="1" tests="1" time="0.0530319213867188">
    <system-out>1..1
ok 1 # skip Docstrings=HASH(0x5557184f3688)
</system-out>
    <testcase name="Unnamed test case 228" classname="spec_perl_TestDocstrings_t" time="0.00091099739074707">
      <skipped message="ok 1 # skip Docstrings=HASH(0x5557184f3688)" />
    </testcase>
  </testsuite>
  <testsuite name="spec_perl_TestEnumToIInvalid_t" errors="0" failures="0" skipped="0" tests="8" time="0.0529959201812744">
    <system-out>1..8
ok 1 - Equals
ok 2 - Equals
ok 3 - Equals
ok 4 - Equals
ok 5 - Equals
ok 6 - Equals
ok 7 - Equals
ok 8 - Equals
</system-out>
    <testcase name="Equals (229)" classname="spec_perl_TestEnumToIInvalid_t" time="0.000172138214111328" />
    <testcase name="Equals (230)" classname="spec_perl_TestEnumToIInvalid_t" time="9.39369201660156e-05" />
    <testcase name="Equals (231)" classname="spec_perl_TestEnumToIInvalid_t" time="0.000106096267700195" />
    <testcase name="Equals (232)" classname="spec_perl_TestEnumToIInvalid_t" time="0.000110864639282227" />
    <testcase name="Equals (233)" classname="spec_perl_TestEnumToIInvalid_t" time="0.000106096267700195" />
    <testcase name="Equals (234)" classname="spec_perl_TestEnumToIInvalid_t" time="0.000135898590087891" />
    <testcase name="Equals (235)" classname="spec_perl_TestEnumToIInvalid_t" time="8.0108642578125e-05" />
    <testcase name="Equals (236)" classname="spec_perl_TestEnumToIInvalid_t" time="9.20295715332031e-05" />
  </testsuite>
  <testsuite name="spec_perl_TestExprIoPos_t" errors="0" failures="0" skipped="0" tests="6" time="0.0569131374359131">
    <system-out>1..6
ok 1 - Equals
ok 2 - Equals
ok 3 - Equals
ok 4 - Equals
ok 5 - Equals
ok 6 - Equals
</system-out>
    <testcase name="Equals (237)" classname="spec_perl_TestExprIoPos_t" time="0.000509977340698242" />
    <testcase name="Equals (238)" classname="spec_perl_TestExprIoPos_t" time="0.000101089477539062" />
    <testcase name="Equals (239)" classname="spec_perl_TestExprIoPos_t" time="0.000108957290649414" />
    <testcase name="Equals (240)" classname="spec_perl_TestExprIoPos_t" time="0.000105857849121094" />
    <testcase name="Equals (241)" classname="spec_perl_TestExprIoPos_t" time="0.000106096267700195" />
    <testcase name="Equals (242)" classname="spec_perl_TestExprIoPos_t" time="0.000106096267700195" />
  </testsuite>
  <testsuite name="spec_perl_TestDocstringsDocref_t" errors="0" failures="0" skipped="1" tests="1" time="0.0533561706542969">
    <system-out>1..1
ok 1 # skip DocstringsDocref=HASH(0x55a15b9a8ec0)
</system-out>
    <testcase name="Unnamed test case 242" classname="spec_perl_TestDocstringsDocref_t" time="0.000894069671630859">
      <skipped message="ok 1 # skip DocstringsDocref=HASH(0x55a15b9a8ec0)" />
    </testcase>
  </testsuite>
  <testsuite name="spec_perl_TestValidOptionalId_t" errors="1" failures="0" skipped="0" tests="0" time="0.050529956817627">
    <system-out></system-out>
    <testcase name="Test died too soon, even before plan. (242)" classname="spec_perl_TestValidOptionalId_t" time="0.050529956817627">
      <failure message="The test suite died before a plan was produced. You need to have a plan." type="Plan">No plan</failure>
    </testcase>
  </testsuite>
  <testsuite name="spec_perl_TestPositionAbs_t" errors="0" failures="0" skipped="0" tests="2" time="0.0570080280303955">
    <system-out>1..2
ok 1 - Equals
ok 2 - Equals
</system-out>
    <testcase name="Equals (243)" classname="spec_perl_TestPositionAbs_t" time="0.000177145004272461" />
    <testcase name="Equals (244)" classname="spec_perl_TestPositionAbs_t" time="0.000163793563842773" />
  </testsuite>
  <testsuite name="spec_perl_TestDefaultEndianExprIsBe_t" errors="0" failures="0" skipped="0" tests="18" time="0.054358959197998">
    <system-out>1..18
ok 1 - Equals
ok 2 - Equals
ok 3 - Equals
ok 4 - Equals
ok 5 - Equals
ok 6 - Equals
ok 7 - Equals
ok 8 - Equals
ok 9 - Equals
ok 10 - Equals
ok 11 - Equals
ok 12 - Equals
ok 13 - Equals
ok 14 - Equals
ok 15 - Equals
ok 16 - Equals
ok 17 - Equals
ok 18 - Equals
</system-out>
    <testcase name="Equals (245)" classname="spec_perl_TestDefaultEndianExprIsBe_t" time="0.000252962112426758" />
    <testcase name="Equals (246)" classname="spec_perl_TestDefaultEndianExprIsBe_t" time="6.19888305664062e-05" />
    <testcase name="Equals (247)" classname="spec_perl_TestDefaultEndianExprIsBe_t" time="0.000120162963867188" />
    <testcase name="Equals (248)" classname="spec_perl_TestDefaultEndianExprIsBe_t" time="9.58442687988281e-05" />
    <testcase name="Equals (249)" classname="spec_perl_TestDefaultEndianExprIsBe_t" time="0.000185966491699219" />
    <testcase name="Equals (250)" classname="spec_perl_TestDefaultEndianExprIsBe_t" time="7.70092010498047e-05" />
    <testcase name="Equals (251)" classname="spec_perl_TestDefaultEndianExprIsBe_t" time="0.000100135803222656" />
    <testcase name="Equals (252)" classname="spec_perl_TestDefaultEndianExprIsBe_t" time="0.000163078308105469" />
    <testcase name="Equals (253)" classname="spec_perl_TestDefaultEndianExprIsBe_t" time="0.000101804733276367" />
    <testcase name="Equals (254)" classname="spec_perl_TestDefaultEndianExprIsBe_t" time="0.000100135803222656" />
    <testcase name="Equals (255)" classname="spec_perl_TestDefaultEndianExprIsBe_t" time="0.000119924545288086" />
    <testcase name="Equals (256)" classname="spec_perl_TestDefaultEndianExprIsBe_t" time="0.00011897087097168" />
    <testcase name="Equals (257)" classname="spec_perl_TestDefaultEndianExprIsBe_t" time="0.000105142593383789" />
    <testcase name="Equals (258)" classname="spec_perl_TestDefaultEndianExprIsBe_t" time="0.000104904174804688" />
    <testcase name="Equals (259)" classname="spec_perl_TestDefaultEndianExprIsBe_t" time="0.000113010406494141" />
    <testcase name="Equals (260)" classname="spec_perl_TestDefaultEndianExprIsBe_t" time="0.000118017196655273" />
    <testcase name="Equals (261)" classname="spec_perl_TestDefaultEndianExprIsBe_t" time="0.00010991096496582" />
    <testcase name="Equals (262)" classname="spec_perl_TestDefaultEndianExprIsBe_t" time="0.000118017196655273" />
  </testsuite>
  <testsuite name="spec_perl_TestNestedTypeParam_t" errors="0" failures="2" skipped="0" tests="2" time="0.0592639446258545">
    <system-out>1..2
not ok 1 - Equals
not ok 2 - Equals
</system-out>
    <testcase name="Equals (263)" classname="spec_perl_TestNestedTypeParam_t" time="0.00028681755065918">
      <failure message="not ok 1 - Equals" type="TAP::Parser::Result::Test"></failure>
    </testcase>
    <testcase name="Equals (264)" classname="spec_perl_TestNestedTypeParam_t" time="0.000841140747070312">
      <failure message="not ok 2 - Equals" type="TAP::Parser::Result::Test"></failure>
    </testcase>
  </testsuite>
  <testsuite name="spec_perl_TestIntegersMinMax_t" errors="0" failures="0" skipped="0" tests="28" time="0.0584478378295898">
    <system-out>1..28
ok 1 - Equals
ok 2 - Equals
ok 3 - Equals
ok 4 - Equals
ok 5 - Equals
ok 6 - Equals
ok 7 - Equals
ok 8 - Equals
ok 9 - Equals
ok 10 - Equals
ok 11 - Equals
ok 12 - Equals
ok 13 - Equals
ok 14 - Equals
ok 15 - Equals
ok 16 - Equals
ok 17 - Equals
ok 18 - Equals
ok 19 - Equals
ok 20 - Equals
ok 21 - Equals
ok 22 - Equals
ok 23 - Equals
ok 24 - Equals
ok 25 - Equals
ok 26 - Equals
ok 27 - Equals
ok 28 - Equals
</system-out>
    <testcase name="Equals (265)" classname="spec_perl_TestIntegersMinMax_t" time="0.000185966491699219" />
    <testcase name="Equals (266)" classname="spec_perl_TestIntegersMinMax_t" time="8.79764556884766e-05" />
    <testcase name="Equals (267)" classname="spec_perl_TestIntegersMinMax_t" time="0.000113964080810547" />
    <testcase name="Equals (268)" classname="spec_perl_TestIntegersMinMax_t" time="0.000106096267700195" />
    <testcase name="Equals (269)" classname="spec_perl_TestIntegersMinMax_t" time="0.000113010406494141" />
    <testcase name="Equals (270)" classname="spec_perl_TestIntegersMinMax_t" time="0.000113010406494141" />
    <testcase name="Equals (271)" classname="spec_perl_TestIntegersMinMax_t" time="9.98973846435547e-05" />
    <testcase name="Equals (272)" classname="spec_perl_TestIntegersMinMax_t" time="0.000103950500488281" />
    <testcase name="Equals (273)" classname="spec_perl_TestIntegersMinMax_t" time="0.000102996826171875" />
    <testcase name="Equals (274)" classname="spec_perl_TestIntegersMinMax_t" time="0.000105142593383789" />
    <testcase name="Equals (275)" classname="spec_perl_TestIntegersMinMax_t" time="0.000105857849121094" />
    <testcase name="Equals (276)" classname="spec_perl_TestIntegersMinMax_t" time="0.000103950500488281" />
    <testcase name="Equals (277)" classname="spec_perl_TestIntegersMinMax_t" time="0.000106096267700195" />
    <testcase name="Equals (278)" classname="spec_perl_TestIntegersMinMax_t" time="0.00010991096496582" />
    <testcase name="Equals (279)" classname="spec_perl_TestIntegersMinMax_t" time="0.000105142593383789" />
    <testcase name="Equals (280)" classname="spec_perl_TestIntegersMinMax_t" time="0.000103950500488281" />
    <testcase name="Equals (281)" classname="spec_perl_TestIntegersMinMax_t" time="0.000102043151855469" />
    <testcase name="Equals (282)" classname="spec_perl_TestIntegersMinMax_t" time="0.000102043151855469" />
    <testcase name="Equals (283)" classname="spec_perl_TestIntegersMinMax_t" time="0.0001068115234375" />
    <testcase name="Equals (284)" classname="spec_perl_TestIntegersMinMax_t" time="0.000102043151855469" />
    <testcase name="Equals (285)" classname="spec_perl_TestIntegersMinMax_t" time="0.000118017196655273" />
    <testcase name="Equals (286)" classname="spec_perl_TestIntegersMinMax_t" time="0.000124931335449219" />
    <testcase name="Equals (287)" classname="spec_perl_TestIntegersMinMax_t" time="0.000113010406494141" />
    <testcase name="Equals (288)" classname="spec_perl_TestIntegersMinMax_t" time="0.000105142593383789" />
    <testcase name="Equals (289)" classname="spec_perl_TestIntegersMinMax_t" time="9.98973846435547e-05" />
    <testcase name="Equals (290)" classname="spec_perl_TestIntegersMinMax_t" time="0.000103950500488281" />
    <testcase name="Equals (291)" classname="spec_perl_TestIntegersMinMax_t" time="0.000117063522338867" />
    <testcase name="Equals (292)" classname="spec_perl_TestIntegersMinMax_t" time="0.000102043151855469" />
  </testsuite>
  <testsuite name="spec_perl_TestDefaultBigEndian_t" errors="0" failures="0" skipped="0" tests="1" time="0.0521500110626221">
    <system-out>1..1
ok 1 - Equals
</system-out>
    <testcase name="Equals (293)" classname="spec_perl_TestDefaultBigEndian_t" time="0.00014495849609375" />
  </testsuite>
  <testsuite name="spec_perl_TestCombineBytes_t" errors="0" failures="0" skipped="0" tests="10" time="0.0533180236816406">
    <system-out>1..10
ok 1 - Equals
ok 2 - Equals
ok 3 - Equals
ok 4 - Equals
ok 5 - Equals
ok 6 - Equals
ok 7 - Equals
ok 8 - Equals
ok 9 - Equals
ok 10 - Equals
</system-out>
    <testcase name="Equals (294)" classname="spec_perl_TestCombineBytes_t" time="0.000164031982421875" />
    <testcase name="Equals (295)" classname="spec_perl_TestCombineBytes_t" time="0.000100851058959961" />
    <testcase name="Equals (296)" classname="spec_perl_TestCombineBytes_t" time="0.000101089477539062" />
    <testcase name="Equals (297)" classname="spec_perl_TestCombineBytes_t" time="9.70363616943359e-05" />
    <testcase name="Equals (298)" classname="spec_perl_TestCombineBytes_t" time="0.000103950500488281" />
    <testcase name="Equals (299)" classname="spec_perl_TestCombineBytes_t" time="0.000102996826171875" />
    <testcase name="Equals (300)" classname="spec_perl_TestCombineBytes_t" time="0.000111103057861328" />
    <testcase name="Equals (301)" classname="spec_perl_TestCombineBytes_t" time="0.000110864639282227" />
    <testcase name="Equals (302)" classname="spec_perl_TestCombineBytes_t" time="0.000108957290649414" />
    <testcase name="Equals (303)" classname="spec_perl_TestCombineBytes_t" time="0.000105142593383789" />
  </testsuite>
  <testsuite name="spec_perl_TestEnumIntRangeU_t" errors="0" failures="0" skipped="0" tests="2" time="0.0517981052398682">
    <system-out>1..2
ok 1 - Equals
ok 2 - Equals
</system-out>
    <testcase name="Equals (304)" classname="spec_perl_TestEnumIntRangeU_t" time="0.00020909309387207" />
    <testcase name="Equals (305)" classname="spec_perl_TestEnumIntRangeU_t" time="5.00679016113281e-05" />
  </testsuite>
  <testsuite name="spec_perl_TestSwitchElseOnly_t" errors="0" failures="0" skipped="0" tests="3" time="0.0524330139160156">
    <system-out>1..3
ok 1 - Equals
ok 2 - Equals
ok 3 - Equals
</system-out>
    <testcase name="Equals (306)" classname="spec_perl_TestSwitchElseOnly_t" time="0.000141143798828125" />
    <testcase name="Equals (307)" classname="spec_perl_TestSwitchElseOnly_t" time="7.98702239990234e-05" />
    <testcase name="Equals (308)" classname="spec_perl_TestSwitchElseOnly_t" time="0.000110149383544922" />
  </testsuite>
  <testsuite name="spec_perl_TestEnum0_t" errors="0" failures="0" skipped="0" tests="2" time="0.052405834197998">
    <system-out>1..2
ok 1 - Equals
ok 2 - Equals
</system-out>
    <testcase name="Equals (309)" classname="spec_perl_TestEnum0_t" time="0.000159025192260742" />
    <testcase name="Equals (310)" classname="spec_perl_TestEnum0_t" time="8.10623168945312e-05" />
  </testsuite>
  <testsuite name="spec_perl_TestNavRootRecursive_t" errors="1" failures="0" skipped="0" tests="0" time="0.0502350330352783">
    <system-out></system-out>
    <testcase name="Test died too soon, even before plan. (310)" classname="spec_perl_TestNavRootRecursive_t" time="0.0502350330352783">
      <failure message="The test suite died before a plan was produced. You need to have a plan." type="Plan">No plan</failure>
    </testcase>
  </testsuite>
  <testsuite name="spec_perl_TestRepeatUntilS4_t" errors="0" failures="0" skipped="0" tests="2" time="0.0571799278259277">
    <system-out>1..2
ok 1 - Equals
ok 2 - Equals
</system-out>
    <testcase name="Equals (311)" classname="spec_perl_TestRepeatUntilS4_t" time="0.000138044357299805" />
    <testcase name="Equals (312)" classname="spec_perl_TestRepeatUntilS4_t" time="9.79900360107422e-05" />
  </testsuite>
  <testsuite name="spec_perl_TestExprStrEncodings_t" errors="0" failures="0" skipped="0" tests="7" time="0.0599069595336914">
    <system-out>1..7
ok 1 - Equals
ok 2 - Equals
ok 3 - Equals
ok 4 - Equals
ok 5 - Equals
ok 6 - Equals
ok 7 - Equals
</system-out>
    <testcase name="Equals (313)" classname="spec_perl_TestExprStrEncodings_t" time="0.00332403182983398" />
    <testcase name="Equals (314)" classname="spec_perl_TestExprStrEncodings_t" time="6.69956207275391e-05" />
    <testcase name="Equals (315)" classname="spec_perl_TestExprStrEncodings_t" time="8.89301300048828e-05" />
    <testcase name="Equals (316)" classname="spec_perl_TestExprStrEncodings_t" time="0.000100135803222656" />
    <testcase name="Equals (317)" classname="spec_perl_TestExprStrEncodings_t" time="9.29832458496094e-05" />
    <testcase name="Equals (318)" classname="spec_perl_TestExprStrEncodings_t" time="9.60826873779297e-05" />
    <testcase name="Equals (319)" classname="spec_perl_TestExprStrEncodings_t" time="0.000108003616333008" />
  </testsuite>
  <testsuite name="spec_perl_TestImports0_t" errors="0" failures="0" skipped="0" tests="3" time="0.0532879829406738">
    <system-out>1..3
ok 1 - Equals
ok 2 - Equals
ok 3 - Equals
</system-out>
    <testcase name="Equals (320)" classname="spec_perl_TestImports0_t" time="0.000132083892822266" />
    <testcase name="Equals (321)" classname="spec_perl_TestImports0_t" time="9.79900360107422e-05" />
    <testcase name="Equals (322)" classname="spec_perl_TestImports0_t" time="0.000114917755126953" />
  </testsuite>
  <testsuite name="spec_perl_TestStrEos_t" errors="0" failures="0" skipped="0" tests="1" time="0.0563259124755859">
    <system-out>1..1
ok 1 - Equals
</system-out>
    <testcase name="Equals (323)" classname="spec_perl_TestStrEos_t" time="0.000193119049072266" />
  </testsuite>
  <testsuite name="spec_perl_TestNavParentFalse2_t" errors="0" failures="0" skipped="0" tests="1" time="0.056128978729248">
    <system-out>1..1
ok 1 - Equals
</system-out>
    <testcase name="Equals (324)" classname="spec_perl_TestNavParentFalse2_t" time="0.000174045562744141" />
  </testsuite>
  <testsuite name="spec_perl_TestCastToTop_t" errors="0" failures="0" skipped="0" tests="3" time="0.0522289276123047">
    <system-out>1..3
ok 1 - Equals
ok 2 - Equals
ok 3 - Equals
</system-out>
    <testcase name="Equals (325)" classname="spec_perl_TestCastToTop_t" time="0.000181913375854492" />
    <testcase name="Equals (326)" classname="spec_perl_TestCastToTop_t" time="0.000126123428344727" />
    <testcase name="Equals (327)" classname="spec_perl_TestCastToTop_t" time="0.000110864639282227" />
  </testsuite>
  <testsuite name="spec_perl_TestEnumToI_t" errors="0" failures="0" skipped="0" tests="8" time="0.0528919696807861">
    <system-out>1..8
ok 1 - Equals
ok 2 - Equals
ok 3 - Equals
ok 4 - Equals
ok 5 - Equals
ok 6 - Equals
ok 7 - Equals
ok 8 - Equals
</system-out>
    <testcase name="Equals (328)" classname="spec_perl_TestEnumToI_t" time="0.000165939331054688" />
    <testcase name="Equals (329)" classname="spec_perl_TestEnumToI_t" time="9.48905944824219e-05" />
    <testcase name="Equals (330)" classname="spec_perl_TestEnumToI_t" time="0.000112056732177734" />
    <testcase name="Equals (331)" classname="spec_perl_TestEnumToI_t" time="0.000180959701538086" />
    <testcase name="Equals (332)" classname="spec_perl_TestEnumToI_t" time="6.60419464111328e-05" />
    <testcase name="Equals (333)" classname="spec_perl_TestEnumToI_t" time="7.60555267333984e-05" />
    <testcase name="Equals (334)" classname="spec_perl_TestEnumToI_t" time="9.48905944824219e-05" />
    <testcase name="Equals (335)" classname="spec_perl_TestEnumToI_t" time="9.41753387451172e-05" />
  </testsuite>
  <testsuite name="spec_perl_TestExprSizeofValueSized_t" errors="0" failures="0" skipped="0" tests="5" time="0.0535280704498291">
    <system-out>1..5
ok 1 - Equals
ok 2 - Equals
ok 3 - Equals
ok 4 - Equals
ok 5 - Equals
</system-out>
    <testcase name="Equals (336)" classname="spec_perl_TestExprSizeofValueSized_t" time="0.000474929809570312" />
    <testcase name="Equals (337)" classname="spec_perl_TestExprSizeofValueSized_t" time="7.70092010498047e-05" />
    <testcase name="Equals (338)" classname="spec_perl_TestExprSizeofValueSized_t" time="0.000108003616333008" />
    <testcase name="Equals (339)" classname="spec_perl_TestExprSizeofValueSized_t" time="0.000108957290649414" />
    <testcase name="Equals (340)" classname="spec_perl_TestExprSizeofValueSized_t" time="0.000112056732177734" />
  </testsuite>
  <testsuite name="spec_perl_TestPositionToEnd_t" errors="0" failures="0" skipped="0" tests="2" time="0.0520908832550049">
    <system-out>1..2
ok 1 - Equals
ok 2 - Equals
</system-out>
    <testcase name="Equals (341)" classname="spec_perl_TestPositionToEnd_t" time="0.000208139419555664" />
    <testcase name="Equals (342)" classname="spec_perl_TestPositionToEnd_t" time="0.0001068115234375" />
  </testsuite>
  <testsuite name="spec_perl_TestSwitchIntegers2_t" errors="0" failures="0" skipped="0" tests="5" time="0.0527520179748535">
    <system-out>1..5
ok 1 - Equals
ok 2 - Equals
ok 3 - Equals
ok 4 - Equals
ok 5 - Equals
</system-out>
    <testcase name="Equals (343)" classname="spec_perl_TestSwitchIntegers2_t" time="0.000160932540893555" />
    <testcase name="Equals (344)" classname="spec_perl_TestSwitchIntegers2_t" time="9.41753387451172e-05" />
    <testcase name="Equals (345)" classname="spec_perl_TestSwitchIntegers2_t" time="0.000105857849121094" />
    <testcase name="Equals (346)" classname="spec_perl_TestSwitchIntegers2_t" time="0.000108003616333008" />
    <testcase name="Equals (347)" classname="spec_perl_TestSwitchIntegers2_t" time="0.000108003616333008" />
  </testsuite>
  <testsuite name="spec_perl_TestCastToImported_t" errors="0" failures="0" skipped="0" tests="2" time="0.0519039630889893">
    <system-out>1..2
ok 1 - Equals
ok 2 - Equals
</system-out>
    <testcase name="Equals (348)" classname="spec_perl_TestCastToImported_t" time="0.000198841094970703" />
    <testcase name="Equals (349)" classname="spec_perl_TestCastToImported_t" time="0.000120162963867188" />
  </testsuite>
  <testsuite name="spec_perl_TestInstanceUserArray_t" errors="0" failures="0" skipped="0" tests="10" time="0.0540409088134766">
    <system-out>1..10
ok 1 - Equals
ok 2 - Equals
ok 3 - Equals
ok 4 - Equals
ok 5 - Equals
ok 6 - Equals
ok 7 - Equals
ok 8 - Equals
ok 9 - Equals
ok 10 - Equals
</system-out>
    <testcase name="Equals (350)" classname="spec_perl_TestInstanceUserArray_t" time="0.000159978866577148" />
    <testcase name="Equals (351)" classname="spec_perl_TestInstanceUserArray_t" time="8.58306884765625e-05" />
    <testcase name="Equals (352)" classname="spec_perl_TestInstanceUserArray_t" time="0.000113010406494141" />
    <testcase name="Equals (353)" classname="spec_perl_TestInstanceUserArray_t" time="0.000432968139648438" />
    <testcase name="Equals (354)" classname="spec_perl_TestInstanceUserArray_t" time="0.000124216079711914" />
    <testcase name="Equals (355)" classname="spec_perl_TestInstanceUserArray_t" time="0.000113964080810547" />
    <testcase name="Equals (356)" classname="spec_perl_TestInstanceUserArray_t" time="0.000116825103759766" />
    <testcase name="Equals (357)" classname="spec_perl_TestInstanceUserArray_t" time="0.000107049942016602" />
    <testcase name="Equals (358)" classname="spec_perl_TestInstanceUserArray_t" time="0.000108003616333008" />
    <testcase name="Equals (359)" classname="spec_perl_TestInstanceUserArray_t" time="0.000108957290649414" />
  </testsuite>
  <testsuite name="spec_perl_TestExpr3_t" errors="0" failures="0" skipped="0" tests="12" time="0.0571670532226562">
    <system-out>1..12
ok 1 - Equals
ok 2 - Equals
ok 3 - Equals
ok 4 - Equals
ok 5 - Equals
ok 6 - Equals
ok 7 - Equals
ok 8 - Equals
ok 9 - Equals
ok 10 - Equals
ok 11 - Equals
ok 12 - Equals
</system-out>
    <testcase name="Equals (360)" classname="spec_perl_TestExpr3_t" time="0.000187873840332031" />
    <testcase name="Equals (361)" classname="spec_perl_TestExpr3_t" time="0.000103950500488281" />
    <testcase name="Equals (362)" classname="spec_perl_TestExpr3_t" time="0.000112056732177734" />
    <testcase name="Equals (363)" classname="spec_perl_TestExpr3_t" time="0.000101089477539062" />
    <testcase name="Equals (364)" classname="spec_perl_TestExpr3_t" time="9.58442687988281e-05" />
    <testcase name="Equals (365)" classname="spec_perl_TestExpr3_t" time="9.51290130615234e-05" />
    <testcase name="Equals (366)" classname="spec_perl_TestExpr3_t" time="9.98973846435547e-05" />
    <testcase name="Equals (367)" classname="spec_perl_TestExpr3_t" time="9.29832458496094e-05" />
    <testcase name="Equals (368)" classname="spec_perl_TestExpr3_t" time="9.29832458496094e-05" />
    <testcase name="Equals (369)" classname="spec_perl_TestExpr3_t" time="8.91685485839844e-05" />
    <testcase name="Equals (370)" classname="spec_perl_TestExpr3_t" time="9.79900360107422e-05" />
    <testcase name="Equals (371)" classname="spec_perl_TestExpr3_t" time="8.98838043212891e-05" />
  </testsuite>
  <testsuite name="spec_perl_TestParamsPassArrayInt_t" errors="0" failures="1" skipped="6" tests="7" time="0.0536110401153564">
    <system-out>1..7
not ok 1 - test_params_pass_array_int died (Can't use an undefined value as an ARRAY reference at spec/perl/TestParamsPassArrayInt.t line 14.)
ok 2 # skip test_params_pass_array_int died
ok 3 # skip test_params_pass_array_int died
ok 4 # skip test_params_pass_array_int died
ok 5 # skip test_params_pass_array_int died
ok 6 # skip test_params_pass_array_int died
ok 7 # skip test_params_pass_array_int died
</system-out>
    <testcase name="test_params_pass_array_int died (Can't use an undefined value as an ARRAY reference at spec/perl/TestParamsPassArrayInt.t line 14.) (371)" classname="spec_perl_TestParamsPassArrayInt_t" time="0.000235080718994141">
      <failure message="not ok 1 - test_params_pass_array_int died (Can't use an undefined value as an ARRAY reference at spec/perl/TestParamsPassArrayInt.t line 14.)" type="TAP::Parser::Result::Test"></failure>
    </testcase>
    <testcase name="Unnamed test case 371" classname="spec_perl_TestParamsPassArrayInt_t" time="0.000564098358154297">
      <skipped message="ok 2 # skip test_params_pass_array_int died" />
    </testcase>
    <testcase name="Unnamed test case 372" classname="spec_perl_TestParamsPassArrayInt_t" time="6.60419464111328e-05">
      <skipped message="ok 3 # skip test_params_pass_array_int died" />
    </testcase>
    <testcase name="Unnamed test case 373" classname="spec_perl_TestParamsPassArrayInt_t" time="7.20024108886719e-05">
      <skipped message="ok 4 # skip test_params_pass_array_int died" />
    </testcase>
    <testcase name="Unnamed test case 374" classname="spec_perl_TestParamsPassArrayInt_t" time="0.000112771987915039">
      <skipped message="ok 5 # skip test_params_pass_array_int died" />
    </testcase>
    <testcase name="Unnamed test case 375" classname="spec_perl_TestParamsPassArrayInt_t" time="0.000140190124511719">
      <skipped message="ok 6 # skip test_params_pass_array_int died" />
    </testcase>
    <testcase name="Unnamed test case 376" classname="spec_perl_TestParamsPassArrayInt_t" time="0.000136852264404297">
      <skipped message="ok 7 # skip test_params_pass_array_int died" />
    </testcase>
  </testsuite>
  <testsuite name="spec_perl_TestStrLiterals_t" errors="0" failures="0" skipped="0" tests="5" time="0.0526580810546875">
    <system-out>1..5
ok 1 - Equals
ok 2 - Equals
ok 3 - Equals
ok 4 - Equals
ok 5 - Equals
</system-out>
    <testcase name="Equals (376)" classname="spec_perl_TestStrLiterals_t" time="0.000120878219604492" />
    <testcase name="Equals (377)" classname="spec_perl_TestStrLiterals_t" time="9.51290130615234e-05" />
    <testcase name="Equals (378)" classname="spec_perl_TestStrLiterals_t" time="0.000114917755126953" />
    <testcase name="Equals (379)" classname="spec_perl_TestStrLiterals_t" time="0.000116109848022461" />
    <testcase name="Equals (380)" classname="spec_perl_TestStrLiterals_t" time="0.000102996826171875" />
  </testsuite>
  <testsuite name="spec_perl_TestProcessXorConst_t" errors="0" failures="0" skipped="0" tests="2" time="0.0523598194122314">
    <system-out>1..2
ok 1 - Equals
ok 2 - Equals
</system-out>
    <testcase name="Equals (381)" classname="spec_perl_TestProcessXorConst_t" time="0.00018000602722168" />
    <testcase name="Equals (382)" classname="spec_perl_TestProcessXorConst_t" time="8.29696655273438e-05" />
  </testsuite>
  <testsuite name="spec_perl_TestBitsShiftByB64Le_t" errors="0" failures="0" skipped="0" tests="2" time="0.0521860122680664">
    <system-out>1..2
ok 1 - Equals
ok 2 - Equals
</system-out>
    <testcase name="Equals (383)" classname="spec_perl_TestBitsShiftByB64Le_t" time="0.00018000602722168" />
    <testcase name="Equals (384)" classname="spec_perl_TestBitsShiftByB64Le_t" time="0.000104904174804688" />
  </testsuite>
  <testsuite name="spec_perl_TestProcessRepeatUsertype_t" errors="0" failures="0" skipped="0" tests="4" time="0.0533440113067627">
    <system-out>1..4
ok 1 - Equals
ok 2 - Equals
ok 3 - Equals
ok 4 - Equals
</system-out>
    <testcase name="Equals (385)" classname="spec_perl_TestProcessRepeatUsertype_t" time="0.000459909439086914" />
    <testcase name="Equals (386)" classname="spec_perl_TestProcessRepeatUsertype_t" time="5.19752502441406e-05" />
    <testcase name="Equals (387)" classname="spec_perl_TestProcessRepeatUsertype_t" time="0.000184059143066406" />
    <testcase name="Equals (388)" classname="spec_perl_TestProcessRepeatUsertype_t" time="5.19752502441406e-05" />
  </testsuite>
  <testsuite name="spec_perl_TestParamsPassArrayStr_t" errors="0" failures="1" skipped="6" tests="7" time="0.0579450130462646">
    <system-out>1..7
not ok 1 - test_params_pass_array_str died (Can't use an undefined value as an ARRAY reference at spec/perl/TestParamsPassArrayStr.t line 14.)
ok 2 # skip test_params_pass_array_str died
ok 3 # skip test_params_pass_array_str died
ok 4 # skip test_params_pass_array_str died
ok 5 # skip test_params_pass_array_str died
ok 6 # skip test_params_pass_array_str died
ok 7 # skip test_params_pass_array_str died
</system-out>
    <testcase name="test_params_pass_array_str died (Can't use an undefined value as an ARRAY reference at spec/perl/TestParamsPassArrayStr.t line 14.) (388)" classname="spec_perl_TestParamsPassArrayStr_t" time="0.000238895416259766">
      <failure message="not ok 1 - test_params_pass_array_str died (Can't use an undefined value as an ARRAY reference at spec/perl/TestParamsPassArrayStr.t line 14.)" type="TAP::Parser::Result::Test"></failure>
    </testcase>
    <testcase name="Unnamed test case 388" classname="spec_perl_TestParamsPassArrayStr_t" time="0.000441074371337891">
      <skipped message="ok 2 # skip test_params_pass_array_str died" />
    </testcase>
    <testcase name="Unnamed test case 389" classname="spec_perl_TestParamsPassArrayStr_t" time="0.000132083892822266">
      <skipped message="ok 3 # skip test_params_pass_array_str died" />
    </testcase>
    <testcase name="Unnamed test case 390" classname="spec_perl_TestParamsPassArrayStr_t" time="0.000197887420654297">
      <skipped message="ok 4 # skip test_params_pass_array_str died" />
    </testcase>
    <testcase name="Unnamed test case 391" classname="spec_perl_TestParamsPassArrayStr_t" time="4.69684600830078e-05">
      <skipped message="ok 5 # skip test_params_pass_array_str died" />
    </testcase>
    <testcase name="Unnamed test case 392" classname="spec_perl_TestParamsPassArrayStr_t" time="0.000115156173706055">
      <skipped message="ok 6 # skip test_params_pass_array_str died" />
    </testcase>
    <testcase name="Unnamed test case 393" classname="spec_perl_TestParamsPassArrayStr_t" time="0.00013279914855957">
      <skipped message="ok 7 # skip test_params_pass_array_str died" />
    </testcase>
  </testsuite>
  <testsuite name="spec_perl_TestDefaultEndianExprInherited_t" errors="0" failures="0" skipped="0" tests="15" time="0.0542647838592529">
    <system-out>1..15
ok 1 - Equals
ok 2 - Equals
ok 3 - Equals
ok 4 - Equals
ok 5 - Equals
ok 6 - Equals
ok 7 - Equals
ok 8 - Equals
ok 9 - Equals
ok 10 - Equals
ok 11 - Equals
ok 12 - Equals
ok 13 - Equals
ok 14 - Equals
ok 15 - Equals
</system-out>
    <testcase name="Equals (393)" classname="spec_perl_TestDefaultEndianExprInherited_t" time="0.0002288818359375" />
    <testcase name="Equals (394)" classname="spec_perl_TestDefaultEndianExprInherited_t" time="9.51290130615234e-05" />
    <testcase name="Equals (395)" classname="spec_perl_TestDefaultEndianExprInherited_t" time="0.000108003616333008" />
    <testcase name="Equals (396)" classname="spec_perl_TestDefaultEndianExprInherited_t" time="0.000108957290649414" />
    <testcase name="Equals (397)" classname="spec_perl_TestDefaultEndianExprInherited_t" time="0.000123023986816406" />
    <testcase name="Equals (398)" classname="spec_perl_TestDefaultEndianExprInherited_t" time="0.000103950500488281" />
    <testcase name="Equals (399)" classname="spec_perl_TestDefaultEndianExprInherited_t" time="0.000108003616333008" />
    <testcase name="Equals (400)" classname="spec_perl_TestDefaultEndianExprInherited_t" time="0.000108957290649414" />
    <testcase name="Equals (401)" classname="spec_perl_TestDefaultEndianExprInherited_t" time="0.000102996826171875" />
    <testcase name="Equals (402)" classname="spec_perl_TestDefaultEndianExprInherited_t" time="0.000113964080810547" />
    <testcase name="Equals (403)" classname="spec_perl_TestDefaultEndianExprInherited_t" time="0.000142097473144531" />
    <testcase name="Equals (404)" classname="spec_perl_TestDefaultEndianExprInherited_t" time="0.000106096267700195" />
    <testcase name="Equals (405)" classname="spec_perl_TestDefaultEndianExprInherited_t" time="0.000103950500488281" />
    <testcase name="Equals (406)" classname="spec_perl_TestDefaultEndianExprInherited_t" time="9.89437103271484e-05" />
    <testcase name="Equals (407)" classname="spec_perl_TestDefaultEndianExprInherited_t" time="0.000123977661132812" />
  </testsuite>
  <testsuite name="spec_perl_TestSwitchCast_t" errors="0" failures="0" skipped="0" tests="2" time="0.056459903717041">
    <system-out>1..2
ok 1 - Equals
ok 2 - Equals
</system-out>
    <testcase name="Equals (408)" classname="spec_perl_TestSwitchCast_t" time="0.000252008438110352" />
    <testcase name="Equals (409)" classname="spec_perl_TestSwitchCast_t" time="6.29425048828125e-05" />
  </testsuite>
  <testsuite name="spec_perl_TestBitsUnalignedB32Be_t" errors="0" failures="0" skipped="0" tests="3" time="0.053596019744873">
    <system-out>1..3
ok 1 - Equals
ok 2 - Equals
ok 3 - Equals
</system-out>
    <testcase name="Equals (410)" classname="spec_perl_TestBitsUnalignedB32Be_t" time="0.000129938125610352" />
    <testcase name="Equals (411)" classname="spec_perl_TestBitsUnalignedB32Be_t" time="6.103515625e-05" />
    <testcase name="Equals (412)" classname="spec_perl_TestBitsUnalignedB32Be_t" time="0.000124931335449219" />
  </testsuite>
  <testsuite name="spec_perl_TestCastNested_t" errors="0" failures="0" skipped="0" tests="4" time="0.0560398101806641">
    <system-out>1..4
ok 1 - Equals
ok 2 - Equals
ok 3 - Equals
ok 4 - Equals
</system-out>
    <testcase name="Equals (413)" classname="spec_perl_TestCastNested_t" time="0.000272035598754883" />
    <testcase name="Equals (414)" classname="spec_perl_TestCastNested_t" time="9.98973846435547e-05" />
    <testcase name="Equals (415)" classname="spec_perl_TestCastNested_t" time="0.00010991096496582" />
    <testcase name="Equals (416)" classname="spec_perl_TestCastNested_t" time="0.000107049942016602" />
  </testsuite>
  <testsuite name="spec_perl_TestExprBytesNonLiteral_t" errors="0" failures="0" skipped="0" tests="3" time="0.0524289608001709">
    <system-out>1..3
ok 1 - Equals
ok 2 - Equals
ok 3 - Equals
</system-out>
    <testcase name="Equals (417)" classname="spec_perl_TestExprBytesNonLiteral_t" time="0.000168085098266602" />
    <testcase name="Equals (418)" classname="spec_perl_TestExprBytesNonLiteral_t" time="0.000102043151855469" />
    <testcase name="Equals (419)" classname="spec_perl_TestExprBytesNonLiteral_t" time="0.000111818313598633" />
  </testsuite>
  <testsuite name="spec_perl_TestParamsPassUsertype_t" errors="0" failures="1" skipped="1" tests="2" time="0.0527617931365967">
    <system-out>1..2
not ok 1 - test_params_pass_usertype died (Can't call method &quot;foo&quot; on an undefined value at compiled/perl/ParamsPassUsertype.pm line 119.)
ok 2 # skip test_params_pass_usertype died
</system-out>
    <testcase name="test_params_pass_usertype died (Can't call method &quot;foo&quot; on an undefined value at compiled/perl/ParamsPassUsertype.pm line 119.) (419)" classname="spec_perl_TestParamsPassUsertype_t" time="0.000206947326660156">
      <failure message="not ok 1 - test_params_pass_usertype died (Can't call method &quot;foo&quot; on an undefined value at compiled/perl/ParamsPassUsertype.pm line 119.)" type="TAP::Parser::Result::Test"></failure>
    </testcase>
    <testcase name="Unnamed test case 419" classname="spec_perl_TestParamsPassUsertype_t" time="0.0004730224609375">
      <skipped message="ok 2 # skip test_params_pass_usertype died" />
    </testcase>
  </testsuite>
  <testsuite name="spec_perl_TestBitsSignedShiftB64Le_t" errors="0" failures="0" skipped="0" tests="2" time="0.0525178909301758">
    <system-out>1..2
ok 1 - Equals
ok 2 - Equals
</system-out>
    <testcase name="Equals (420)" classname="spec_perl_TestBitsSignedShiftB64Le_t" time="0.000107049942016602" />
    <testcase name="Equals (421)" classname="spec_perl_TestBitsSignedShiftB64Le_t" time="0.000113964080810547" />
  </testsuite>
  <testsuite name="spec_perl_TestDefaultEndianMod_t" errors="0" failures="0" skipped="0" tests="3" time="0.0529050827026367">
    <system-out>1..3
ok 1 - Equals
ok 2 - Equals
ok 3 - Equals
</system-out>
    <testcase name="Equals (422)" classname="spec_perl_TestDefaultEndianMod_t" time="0.000151872634887695" />
    <testcase name="Equals (423)" classname="spec_perl_TestDefaultEndianMod_t" time="9.29832458496094e-05" />
    <testcase name="Equals (424)" classname="spec_perl_TestDefaultEndianMod_t" time="0.000182151794433594" />
  </testsuite>
  <testsuite name="spec_perl_TestProcessCoerceUsertype1_t" errors="0" failures="0" skipped="0" tests="4" time="0.0531649589538574">
    <system-out>1..4
ok 1 - Equals
ok 2 - Equals
ok 3 - Equals
ok 4 - Equals
</system-out>
    <testcase name="Equals (425)" classname="spec_perl_TestProcessCoerceUsertype1_t" time="0.000510931015014648" />
    <testcase name="Equals (426)" classname="spec_perl_TestProcessCoerceUsertype1_t" time="0.00015711784362793" />
    <testcase name="Equals (427)" classname="spec_perl_TestProcessCoerceUsertype1_t" time="0.000150918960571289" />
    <testcase name="Equals (428)" classname="spec_perl_TestProcessCoerceUsertype1_t" time="0.000124931335449219" />
  </testsuite>
  <testsuite name="spec_perl_TestBitsEnum_t" errors="0" failures="0" skipped="0" tests="3" time="0.0527169704437256">
    <system-out>1..3
ok 1 - Equals
ok 2 - Equals
ok 3 - Equals
</system-out>
    <testcase name="Equals (429)" classname="spec_perl_TestBitsEnum_t" time="0.000153779983520508" />
    <testcase name="Equals (430)" classname="spec_perl_TestBitsEnum_t" time="7.60555267333984e-05" />
    <testcase name="Equals (431)" classname="spec_perl_TestBitsEnum_t" time="0.000108957290649414" />
  </testsuite>
  <testsuite name="spec_perl_TestNavParentVsValueInst_t" errors="0" failures="0" skipped="0" tests="1" time="0.0556449890136719">
    <system-out>1..1
ok 1 - Equals
</system-out>
    <testcase name="Equals (432)" classname="spec_perl_TestNavParentVsValueInst_t" time="0.000249147415161133" />
  </testsuite>
  <testsuite name="spec_perl_TestNestedSameName_t" errors="0" failures="0" skipped="0" tests="2" time="0.0524458885192871">
    <system-out>1..2
ok 1 - Equals
ok 2 - Equals
</system-out>
    <testcase name="Equals (433)" classname="spec_perl_TestNestedSameName_t" time="0.000164985656738281" />
    <testcase name="Equals (434)" classname="spec_perl_TestNestedSameName_t" time="9.79900360107422e-05" />
  </testsuite>
  <testsuite name="spec_perl_TestTypeTernaryOpaque_t" errors="0" failures="0" skipped="0" tests="3" time="0.0564119815826416">
    <system-out>1..3
ok 1 - Equals
ok 2 - Equals
ok 3 - Equals
</system-out>
    <testcase name="Equals (435)" classname="spec_perl_TestTypeTernaryOpaque_t" time="0.00049591064453125" />
    <testcase name="Equals (436)" classname="spec_perl_TestTypeTernaryOpaque_t" time="6.50882720947266e-05" />
    <testcase name="Equals (437)" classname="spec_perl_TestTypeTernaryOpaque_t" time="8.58306884765625e-05" />
  </testsuite>
  <testsuite name="spec_perl_TestExprFstring0_t" errors="0" failures="0" skipped="0" tests="9" time="0.0565290451049805">
    <system-out>1..9
ok 1 - Equals
ok 2 - Equals
ok 3 - Equals
ok 4 - Equals
ok 5 - Equals
ok 6 - Equals
ok 7 - Equals
ok 8 - Equals
ok 9 - Equals
</system-out>
    <testcase name="Equals (438)" classname="spec_perl_TestExprFstring0_t" time="0.00016021728515625" />
    <testcase name="Equals (439)" classname="spec_perl_TestExprFstring0_t" time="8.98838043212891e-05" />
    <testcase name="Equals (440)" classname="spec_perl_TestExprFstring0_t" time="0.000116109848022461" />
    <testcase name="Equals (441)" classname="spec_perl_TestExprFstring0_t" time="0.00019383430480957" />
    <testcase name="Equals (442)" classname="spec_perl_TestExprFstring0_t" time="5.00679016113281e-05" />
    <testcase name="Equals (443)" classname="spec_perl_TestExprFstring0_t" time="0.000159025192260742" />
    <testcase name="Equals (444)" classname="spec_perl_TestExprFstring0_t" time="7.20024108886719e-05" />
    <testcase name="Equals (445)" classname="spec_perl_TestExprFstring0_t" time="0.000151872634887695" />
    <testcase name="Equals (446)" classname="spec_perl_TestExprFstring0_t" time="7.51018524169922e-05" />
  </testsuite>
  <testsuite name="spec_perl_TestEnumLongRangeS_t" errors="0" failures="0" skipped="0" tests="7" time="0.0527551174163818">
    <system-out>1..7
ok 1 - Equals
ok 2 - Equals
ok 3 - Equals
ok 4 - Equals
ok 5 - Equals
ok 6 - Equals
ok 7 - Equals
</system-out>
    <testcase name="Equals (447)" classname="spec_perl_TestEnumLongRangeS_t" time="0.000157833099365234" />
    <testcase name="Equals (448)" classname="spec_perl_TestEnumLongRangeS_t" time="0.000102043151855469" />
    <testcase name="Equals (449)" classname="spec_perl_TestEnumLongRangeS_t" time="0.000169038772583008" />
    <testcase name="Equals (450)" classname="spec_perl_TestEnumLongRangeS_t" time="6.00814819335938e-05" />
    <testcase name="Equals (451)" classname="spec_perl_TestEnumLongRangeS_t" time="0.000104904174804688" />
    <testcase name="Equals (452)" classname="spec_perl_TestEnumLongRangeS_t" time="9.60826873779297e-05" />
    <testcase name="Equals (453)" classname="spec_perl_TestEnumLongRangeS_t" time="9.79900360107422e-05" />
  </testsuite>
  <testsuite name="spec_perl_TestFixedContents_t" errors="0" failures="0" skipped="1" tests="1" time="0.0532341003417969">
    <system-out>1..1
ok 1 # skip FixedContents=HASH(0x555d2fefc438)
</system-out>
    <testcase name="Unnamed test case 453" classname="spec_perl_TestFixedContents_t" time="0.000952005386352539">
      <skipped message="ok 1 # skip FixedContents=HASH(0x555d2fefc438)" />
    </testcase>
  </testsuite>
  <testsuite name="spec_perl_TestIoLocalVar_t" errors="0" failures="0" skipped="0" tests="2" time="0.0545518398284912">
    <system-out>1..2
ok 1 - Equals
ok 2 - Equals
</system-out>
    <testcase name="Equals (454)" classname="spec_perl_TestIoLocalVar_t" time="0.00046992301940918" />
    <testcase name="Equals (455)" classname="spec_perl_TestIoLocalVar_t" time="7.51018524169922e-05" />
  </testsuite>
  <testsuite name="spec_perl_TestBitsShiftByB32Le_t" errors="0" failures="0" skipped="0" tests="2" time="0.0524420738220215">
    <system-out>1..2
ok 1 - Equals
ok 2 - Equals
</system-out>
    <testcase name="Equals (456)" classname="spec_perl_TestBitsShiftByB32Le_t" time="0.000173807144165039" />
    <testcase name="Equals (457)" classname="spec_perl_TestBitsShiftByB32Le_t" time="8.79764556884766e-05" />
  </testsuite>
  <testsuite name="spec_perl_TestExprSizeofValue0_t" errors="0" failures="0" skipped="0" tests="5" time="0.0530071258544922">
    <system-out>1..5
ok 1 - Equals
ok 2 - Equals
ok 3 - Equals
ok 4 - Equals
ok 5 - Equals
</system-out>
    <testcase name="Equals (458)" classname="spec_perl_TestExprSizeofValue0_t" time="0.000164031982421875" />
    <testcase name="Equals (459)" classname="spec_perl_TestExprSizeofValue0_t" time="9.01222229003906e-05" />
    <testcase name="Equals (460)" classname="spec_perl_TestExprSizeofValue0_t" time="0.000159025192260742" />
    <testcase name="Equals (461)" classname="spec_perl_TestExprSizeofValue0_t" time="7.70092010498047e-05" />
    <testcase name="Equals (462)" classname="spec_perl_TestExprSizeofValue0_t" time="0.000150918960571289" />
  </testsuite>
  <testsuite name="spec_perl_TestFloatToI_t" errors="0" failures="0" skipped="0" tests="8" time="0.0531799793243408">
    <system-out>1..8
ok 1 - Approx equals
ok 2 - Approx equals
ok 3 - Equals
ok 4 - Equals
ok 5 - Equals
ok 6 - Equals
ok 7 - Equals
ok 8 - Equals
</system-out>
[...]
    <testcase name="Equals (914)" classname="spec_perl_TestIfValues_t" time="0.00010991096496582" />
    <testcase name="nil (914)" classname="spec_perl_TestIfValues_t" time="5.50746917724609e-05" />
    <testcase name="Equals (915)" classname="spec_perl_TestIfValues_t" time="0.000108003616333008" />
    <testcase name="nil (915)" classname="spec_perl_TestIfValues_t" time="4.60147857666016e-05" />
  </testsuite>
  <testsuite name="spec_perl_TestMetaXref_t" errors="0" failures="0" skipped="1" tests="1" time="0.0531048774719238">
    <system-out>1..1
ok 1 # skip MetaXref=HASH(0x55fc95146b10)
</system-out>
    <testcase name="Unnamed test case 915" classname="spec_perl_TestMetaXref_t" time="0.000890970230102539">
      <skipped message="ok 1 # skip MetaXref=HASH(0x55fc95146b10)" />
    </testcase>
  </testsuite>
  <testsuite name="spec_perl_TestNavParent_t" errors="0" failures="0" skipped="0" tests="5" time="0.0570638179779053">
    <system-out>1..5
ok 1 - Equals
ok 2 - Equals
ok 3 - Equals
ok 4 - Equals
ok 5 - Equals
</system-out>
    <testcase name="Equals (916)" classname="spec_perl_TestNavParent_t" time="0.000239849090576172" />
    <testcase name="Equals (917)" classname="spec_perl_TestNavParent_t" time="9.20295715332031e-05" />
    <testcase name="Equals (918)" classname="spec_perl_TestNavParent_t" time="0.000117063522338867" />
    <testcase name="Equals (919)" classname="spec_perl_TestNavParent_t" time="0.000108957290649414" />
    <testcase name="Equals (920)" classname="spec_perl_TestNavParent_t" time="0.000101089477539062" />
  </testsuite>
  <testsuite name="spec_perl_TestNavParentSwitch_t" errors="0" failures="0" skipped="0" tests="3" time="0.0541889667510986">
    <system-out>1..3
ok 1 - Equals
ok 2 - Equals
ok 3 - Equals
</system-out>
    <testcase name="Equals (921)" classname="spec_perl_TestNavParentSwitch_t" time="0.000171899795532227" />
    <testcase name="Equals (922)" classname="spec_perl_TestNavParentSwitch_t" time="8.41617584228516e-05" />
    <testcase name="Equals (923)" classname="spec_perl_TestNavParentSwitch_t" time="0.000113010406494141" />
  </testsuite>
  <testsuite name="spec_perl_TestSwitchBytearray_t" errors="0" failures="0" skipped="0" tests="9" time="0.0572059154510498">
    <system-out>1..9
ok 1 - Equals
ok 2 - Equals
ok 3 - Equals
ok 4 - Equals
ok 5 - Equals
ok 6 - Equals
ok 7 - Equals
ok 8 - Equals
ok 9 - Equals
</system-out>
    <testcase name="Equals (924)" classname="spec_perl_TestSwitchBytearray_t" time="0.000205039978027344" />
    <testcase name="Equals (925)" classname="spec_perl_TestSwitchBytearray_t" time="0.000110149383544922" />
    <testcase name="Equals (926)" classname="spec_perl_TestSwitchBytearray_t" time="0.000111818313598633" />
    <testcase name="Equals (927)" classname="spec_perl_TestSwitchBytearray_t" time="0.000113010406494141" />
    <testcase name="Equals (928)" classname="spec_perl_TestSwitchBytearray_t" time="0.000136137008666992" />
    <testcase name="Equals (929)" classname="spec_perl_TestSwitchBytearray_t" time="9.89437103271484e-05" />
    <testcase name="Equals (930)" classname="spec_perl_TestSwitchBytearray_t" time="0.000102996826171875" />
    <testcase name="Equals (931)" classname="spec_perl_TestSwitchBytearray_t" time="0.000108003616333008" />
    <testcase name="Equals (932)" classname="spec_perl_TestSwitchBytearray_t" time="0.000101089477539062" />
  </testsuite>
  <testsuite name="spec_perl_TestEnumDeep_t" errors="0" failures="0" skipped="0" tests="2" time="0.0520200729370117">
    <system-out>1..2
ok 1 - Equals
ok 2 - Equals
</system-out>
    <testcase name="Equals (933)" classname="spec_perl_TestEnumDeep_t" time="0.00018000602722168" />
    <testcase name="Equals (934)" classname="spec_perl_TestEnumDeep_t" time="9.70363616943359e-05" />
  </testsuite>
  <testsuite name="spec_perl_TestParamsPassArrayUsertype_t" errors="0" failures="1" skipped="4" tests="5" time="0.0538060665130615">
    <system-out>1..5
not ok 1 - test_params_pass_array_usertype died (Can't use an undefined value as an ARRAY reference at compiled/perl/ParamsPassArrayUsertype.pm line 123.)
ok 2 # skip test_params_pass_array_usertype died
ok 3 # skip test_params_pass_array_usertype died
ok 4 # skip test_params_pass_array_usertype died
ok 5 # skip test_params_pass_array_usertype died
</system-out>
    <testcase name="test_params_pass_array_usertype died (Can't use an undefined value as an ARRAY reference at compiled/perl/ParamsPassArrayUsertype.pm line 123.) (934)" classname="spec_perl_TestParamsPassArrayUsertype_t" time="0.000218868255615234">
      <failure message="not ok 1 - test_params_pass_array_usertype died (Can't use an undefined value as an ARRAY reference at compiled/perl/ParamsPassArrayUsertype.pm line 123.)" type="TAP::Parser::Result::Test"></failure>
    </testcase>
    <testcase name="Unnamed test case 934" classname="spec_perl_TestParamsPassArrayUsertype_t" time="0.000551939010620117">
      <skipped message="ok 2 # skip test_params_pass_array_usertype died" />
    </testcase>
    <testcase name="Unnamed test case 935" classname="spec_perl_TestParamsPassArrayUsertype_t" time="0.000127077102661133">
      <skipped message="ok 3 # skip test_params_pass_array_usertype died" />
    </testcase>
    <testcase name="Unnamed test case 936" classname="spec_perl_TestParamsPassArrayUsertype_t" time="0.000130891799926758">
      <skipped message="ok 4 # skip test_params_pass_array_usertype died" />
    </testcase>
    <testcase name="Unnamed test case 937" classname="spec_perl_TestParamsPassArrayUsertype_t" time="0.000161170959472656">
      <skipped message="ok 5 # skip test_params_pass_array_usertype died" />
    </testcase>
  </testsuite>
  <testsuite name="spec_perl_TestProcessToUser_t" errors="0" failures="0" skipped="0" tests="1" time="0.056035041809082">
    <system-out>1..1
ok 1 - Equals
</system-out>
    <testcase name="Equals (937)" classname="spec_perl_TestProcessToUser_t" time="0.000467061996459961" />
  </testsuite>
  <testsuite name="spec_perl_TestRepeatNStruct_t" errors="0" failures="0" skipped="0" tests="5" time="0.052670955657959">
    <system-out>1..5
ok 1 - Equals
ok 2 - Equals
ok 3 - Equals
ok 4 - Equals
ok 5 - Equals
</system-out>
    <testcase name="Equals (938)" classname="spec_perl_TestRepeatNStruct_t" time="0.000189065933227539" />
    <testcase name="Equals (939)" classname="spec_perl_TestRepeatNStruct_t" time="8.98838043212891e-05" />
    <testcase name="Equals (940)" classname="spec_perl_TestRepeatNStruct_t" time="0.000110149383544922" />
    <testcase name="Equals (941)" classname="spec_perl_TestRepeatNStruct_t" time="0.000101804733276367" />
    <testcase name="Equals (942)" classname="spec_perl_TestRepeatNStruct_t" time="0.000101089477539062" />
  </testsuite>
  <testsuite name="spec_perl_TestProcessCustom_t" errors="1" failures="0" skipped="0" tests="0" time="0.0512309074401855">
    <system-out></system-out>
    <testcase name="Test died too soon, even before plan. (942)" classname="spec_perl_TestProcessCustom_t" time="0.0512309074401855">
      <failure message="The test suite died before a plan was produced. You need to have a plan." type="Plan">No plan</failure>
    </testcase>
  </testsuite>
  <testsuite name="spec_perl_TestSwitchManualStr_t" errors="0" failures="0" skipped="0" tests="9" time="0.05765700340271">
    <system-out>1..9
ok 1 - Equals
ok 2 - Equals
ok 3 - Equals
ok 4 - Equals
ok 5 - Equals
ok 6 - Equals
ok 7 - Equals
ok 8 - Equals
ok 9 - Equals
</system-out>
    <testcase name="Equals (943)" classname="spec_perl_TestSwitchManualStr_t" time="0.000205039978027344" />
    <testcase name="Equals (944)" classname="spec_perl_TestSwitchManualStr_t" time="8.70227813720703e-05" />
    <testcase name="Equals (945)" classname="spec_perl_TestSwitchManualStr_t" time="0.000118017196655273" />
    <testcase name="Equals (946)" classname="spec_perl_TestSwitchManualStr_t" time="0.000112056732177734" />
    <testcase name="Equals (947)" classname="spec_perl_TestSwitchManualStr_t" time="0.00010991096496582" />
    <testcase name="Equals (948)" classname="spec_perl_TestSwitchManualStr_t" time="0.000107049942016602" />
    <testcase name="Equals (949)" classname="spec_perl_TestSwitchManualStr_t" time="0.000102043151855469" />
    <testcase name="Equals (950)" classname="spec_perl_TestSwitchManualStr_t" time="0.000112056732177734" />
    <testcase name="Equals (951)" classname="spec_perl_TestSwitchManualStr_t" time="0.000103950500488281" />
  </testsuite>
  <testsuite name="spec_perl_TestExprIoEof_t" errors="0" failures="0" skipped="0" tests="4" time="0.0532538890838623">
    <system-out>1..4
ok 1 - Equals
ok 2 - nil
ok 3 - Equals
ok 4 - Equals
</system-out>
    <testcase name="Equals (952)" classname="spec_perl_TestExprIoEof_t" time="0.000438928604125977" />
    <testcase name="nil (952)" classname="spec_perl_TestExprIoEof_t" time="5.50746917724609e-05" />
    <testcase name="Equals (953)" classname="spec_perl_TestExprIoEof_t" time="7.51018524169922e-05" />
    <testcase name="Equals (954)" classname="spec_perl_TestExprIoEof_t" time="0.000116825103759766" />
  </testsuite>
  <testsuite name="spec_perl_TestExprArray_t" errors="0" failures="0" skipped="0" tests="15" time="0.05892014503479">
    <system-out>1..15
ok 1 - Equals
ok 2 - Equals
ok 3 - Equals
ok 4 - Equals
ok 5 - Equals
ok 6 - Equals
ok 7 - Approx equals
ok 8 - Approx equals
ok 9 - Approx equals
ok 10 - Approx equals
ok 11 - Equals
ok 12 - Equals
ok 13 - Equals
ok 14 - Equals
ok 15 - Equals
</system-out>
    <testcase name="Equals (955)" classname="spec_perl_TestExprArray_t" time="0.000249862670898438" />
    <testcase name="Equals (956)" classname="spec_perl_TestExprArray_t" time="0.00026702880859375" />
    <testcase name="Equals (957)" classname="spec_perl_TestExprArray_t" time="4.29153442382812e-05" />
    <testcase name="Equals (958)" classname="spec_perl_TestExprArray_t" time="0.00027012825012207" />
    <testcase name="Equals (959)" classname="spec_perl_TestExprArray_t" time="0.000150918960571289" />
    <testcase name="Equals (960)" classname="spec_perl_TestExprArray_t" time="0.000193119049072266" />
    <testcase name="Approx equals (960)" classname="spec_perl_TestExprArray_t" time="6.89029693603516e-05" />
    <testcase name="Approx equals (961)" classname="spec_perl_TestExprArray_t" time="4.00543212890625e-05" />
    <testcase name="Approx equals (962)" classname="spec_perl_TestExprArray_t" time="9.79900360107422e-05" />
    <testcase name="Approx equals (963)" classname="spec_perl_TestExprArray_t" time="3.79085540771484e-05" />
    <testcase name="Equals (963)" classname="spec_perl_TestExprArray_t" time="0.000333070755004883" />
    <testcase name="Equals (964)" classname="spec_perl_TestExprArray_t" time="0.000284910202026367" />
    <testcase name="Equals (965)" classname="spec_perl_TestExprArray_t" time="0.000106096267700195" />
    <testcase name="Equals (966)" classname="spec_perl_TestExprArray_t" time="0.000200986862182617" />
    <testcase name="Equals (967)" classname="spec_perl_TestExprArray_t" time="0.000644922256469727" />
  </testsuite>
  <testsuite name="spec_perl_TestValidLong_t" errors="0" failures="0" skipped="1" tests="1" time="0.0571670532226562">
    <system-out>1..1
ok 1 # skip ValidLong=HASH(0x55efac54e030)
</system-out>
    <testcase name="Unnamed test case 967" classname="spec_perl_TestValidLong_t" time="0.000987052917480469">
      <skipped message="ok 1 # skip ValidLong=HASH(0x55efac54e030)" />
    </testcase>
  </testsuite>
  <testsuite name="spec_perl_TestProcessXor4Const_t" errors="0" failures="0" skipped="0" tests="2" time="0.0519850254058838">
    <system-out>1..2
ok 1 - Equals
ok 2 - Equals
</system-out>
    <testcase name="Equals (968)" classname="spec_perl_TestProcessXor4Const_t" time="0.000158071517944336" />
    <testcase name="Equals (969)" classname="spec_perl_TestProcessXor4Const_t" time="9.58442687988281e-05" />
  </testsuite>
  <testsuite name="spec_perl_TestParamsPassBool_t" errors="0" failures="1" skipped="13" tests="14" time="0.0547239780426025">
    <system-out>1..14
not ok 1 - test_params_pass_bool died (Requested 2 bytes, but only 1 bytes available at ../runtime/perl/lib/IO/KaitaiStruct.pm line 338.)
ok 2 # skip test_params_pass_bool died
ok 3 # skip test_params_pass_bool died
ok 4 # skip test_params_pass_bool died
ok 5 # skip test_params_pass_bool died
ok 6 # skip test_params_pass_bool died
ok 7 # skip test_params_pass_bool died
ok 8 # skip test_params_pass_bool died
ok 9 # skip test_params_pass_bool died
ok 10 # skip test_params_pass_bool died
ok 11 # skip test_params_pass_bool died
ok 12 # skip test_params_pass_bool died
ok 13 # skip test_params_pass_bool died
ok 14 # skip test_params_pass_bool died
</system-out>
    <testcase name="test_params_pass_bool died (Requested 2 bytes, but only 1 bytes available at ../runtime/perl/lib/IO/KaitaiStruct.pm line 338.) (969)" classname="spec_perl_TestParamsPassBool_t" time="0.000317811965942383">
      <failure message="not ok 1 - test_params_pass_bool died (Requested 2 bytes, but only 1 bytes available at ../runtime/perl/lib/IO/KaitaiStruct.pm line 338.)" type="TAP::Parser::Result::Test"></failure>
    </testcase>
    <testcase name="Unnamed test case 969" classname="spec_perl_TestParamsPassBool_t" time="0.000892162322998047">
      <skipped message="ok 2 # skip test_params_pass_bool died" />
    </testcase>
    <testcase name="Unnamed test case 970" classname="spec_perl_TestParamsPassBool_t" time="4.60147857666016e-05">
      <skipped message="ok 3 # skip test_params_pass_bool died" />
    </testcase>
    <testcase name="Unnamed test case 971" classname="spec_perl_TestParamsPassBool_t" time="3.19480895996094e-05">
      <skipped message="ok 4 # skip test_params_pass_bool died" />
    </testcase>
    <testcase name="Unnamed test case 972" classname="spec_perl_TestParamsPassBool_t" time="4.88758087158203e-05">
      <skipped message="ok 5 # skip test_params_pass_bool died" />
    </testcase>
    <testcase name="Unnamed test case 973" classname="spec_perl_TestParamsPassBool_t" time="4.10079956054688e-05">
      <skipped message="ok 6 # skip test_params_pass_bool died" />
    </testcase>
    <testcase name="Unnamed test case 974" classname="spec_perl_TestParamsPassBool_t" time="9.79900360107422e-05">
      <skipped message="ok 7 # skip test_params_pass_bool died" />
    </testcase>
    <testcase name="Unnamed test case 975" classname="spec_perl_TestParamsPassBool_t" time="9.01222229003906e-05">
      <skipped message="ok 8 # skip test_params_pass_bool died" />
    </testcase>
    <testcase name="Unnamed test case 976" classname="spec_perl_TestParamsPassBool_t" time="8.89301300048828e-05">
      <skipped message="ok 9 # skip test_params_pass_bool died" />
    </testcase>
    <testcase name="Unnamed test case 977" classname="spec_perl_TestParamsPassBool_t" time="8.29696655273438e-05">
      <skipped message="ok 10 # skip test_params_pass_bool died" />
    </testcase>
    <testcase name="Unnamed test case 978" classname="spec_perl_TestParamsPassBool_t" time="8.10623168945312e-05">
      <skipped message="ok 11 # skip test_params_pass_bool died" />
    </testcase>
    <testcase name="Unnamed test case 979" classname="spec_perl_TestParamsPassBool_t" time="8.392333984375e-05">
      <skipped message="ok 12 # skip test_params_pass_bool died" />
    </testcase>
    <testcase name="Unnamed test case 980" classname="spec_perl_TestParamsPassBool_t" time="9.10758972167969e-05">
      <skipped message="ok 13 # skip test_params_pass_bool died" />
    </testcase>
    <testcase name="Unnamed test case 981" classname="spec_perl_TestParamsPassBool_t" time="8.392333984375e-05">
      <skipped message="ok 14 # skip test_params_pass_bool died" />
    </testcase>
  </testsuite>
  <testsuite name="spec_perl_TestProcessCoerceBytes_t" errors="0" failures="0" skipped="0" tests="4" time="0.0520310401916504">
    <system-out>1..4
ok 1 - Equals
ok 2 - Equals
ok 3 - Equals
ok 4 - Equals
</system-out>
    <testcase name="Equals (981)" classname="spec_perl_TestProcessCoerceBytes_t" time="0.000203132629394531" />
    <testcase name="Equals (982)" classname="spec_perl_TestProcessCoerceBytes_t" time="0.000107049942016602" />
    <testcase name="Equals (983)" classname="spec_perl_TestProcessCoerceBytes_t" time="0.000103950500488281" />
    <testcase name="Equals (984)" classname="spec_perl_TestProcessCoerceBytes_t" time="0.000112056732177734" />
  </testsuite>
  <testsuite name="spec_perl_TestDefaultBitEndianMod_t" errors="0" failures="0" skipped="0" tests="4" time="0.0527210235595703">
    <system-out>1..4
ok 1 - Equals
ok 2 - Equals
ok 3 - Equals
ok 4 - Equals
</system-out>
    <testcase name="Equals (985)" classname="spec_perl_TestDefaultBitEndianMod_t" time="0.00018310546875" />
    <testcase name="Equals (986)" classname="spec_perl_TestDefaultBitEndianMod_t" time="9.89437103271484e-05" />
    <testcase name="Equals (987)" classname="spec_perl_TestDefaultBitEndianMod_t" time="0.000112056732177734" />
    <testcase name="Equals (988)" classname="spec_perl_TestDefaultBitEndianMod_t" time="0.000101089477539062" />
  </testsuite>
  <testsuite name="spec_perl_TestEnumFancy_t" errors="0" failures="0" skipped="0" tests="2" time="0.0517380237579346">
    <system-out>1..2
ok 1 - Equals
ok 2 - Equals
</system-out>
    <testcase name="Equals (989)" classname="spec_perl_TestEnumFancy_t" time="0.000154018402099609" />
    <testcase name="Equals (990)" classname="spec_perl_TestEnumFancy_t" time="9.79900360107422e-05" />
  </testsuite>
  <testsuite name="spec_perl_TestExpr1_t" errors="0" failures="0" skipped="0" tests="4" time="0.0561718940734863">
    <system-out>1..4
ok 1 - Equals
ok 2 - Equals
ok 3 - Equals
ok 4 - Equals
</system-out>
    <testcase name="Equals (991)" classname="spec_perl_TestExpr1_t" time="0.000189065933227539" />
    <testcase name="Equals (992)" classname="spec_perl_TestExpr1_t" time="0.000100851058959961" />
    <testcase name="Equals (993)" classname="spec_perl_TestExpr1_t" time="0.000137090682983398" />
    <testcase name="Equals (994)" classname="spec_perl_TestExpr1_t" time="0.000110864639282227" />
  </testsuite>
  <testsuite name="spec_perl_TestEofExceptionU4_t" errors="0" failures="0" skipped="0" tests="1" time="0.0526080131530762">
    <system-out>1..1
ok 1 - threw /^Requested \d+ bytes, but only \d+ bytes available/
</system-out>
    <testcase name="threw /^Requested \d+ bytes, but only \d+ bytes available/ (994)" classname="spec_perl_TestEofExceptionU4_t" time="0.000122785568237305" />
  </testsuite>
  <testsuite name="spec_perl_TestSwitchManualEnumInvalid_t" errors="0" failures="0" skipped="0" tests="5" time="0.0561850070953369">
    <system-out>1..5
ok 1 - Equals
ok 2 - Equals
ok 3 - nil
ok 4 - Equals
ok 5 - nil
</system-out>
    <testcase name="Equals (995)" classname="spec_perl_TestSwitchManualEnumInvalid_t" time="0.000180959701538086" />
    <testcase name="Equals (996)" classname="spec_perl_TestSwitchManualEnumInvalid_t" time="9.70363616943359e-05" />
    <testcase name="nil (996)" classname="spec_perl_TestSwitchManualEnumInvalid_t" time="4.79221343994141e-05" />
    <testcase name="Equals (997)" classname="spec_perl_TestSwitchManualEnumInvalid_t" time="0.000101089477539062" />
    <testcase name="nil (997)" classname="spec_perl_TestSwitchManualEnumInvalid_t" time="3.98159027099609e-05" />
  </testsuite>
  <testsuite name="spec_perl_TestProcessRotate_t" errors="0" failures="0" skipped="0" tests="3" time="0.0525088310241699">
    <system-out>1..3
ok 1 - Equals
ok 2 - Equals
ok 3 - Equals
</system-out>
    <testcase name="Equals (998)" classname="spec_perl_TestProcessRotate_t" time="0.000169992446899414" />
    <testcase name="Equals (999)" classname="spec_perl_TestProcessRotate_t" time="8.67843627929688e-05" />
    <testcase name="Equals (1000)" classname="spec_perl_TestProcessRotate_t" time="0.000106096267700195" />
  </testsuite>
</testsuites>
