<?xml version='1.0' encoding='utf-8'?>
<testsuites>
  <testsuite name="spec_perl_TestSwitchIntegers2_t" errors="0" failures="0" skipped="0" tests="5" time="0.0478260517120361">
    <system-out>1..5
ok 1 - Equals
ok 2 - Equals
ok 3 - Equals
ok 4 - Equals
ok 5 - Equals
</system-out>
    <testcase name="Equals" classname="spec_perl_TestSwitchIntegers2_t" time="0.000325918197631836" />
    <testcase name="Equals (2)" classname="spec_perl_TestSwitchIntegers2_t" time="9.01222229003906e-05" />
    <testcase name="Equals (3)" classname="spec_perl_TestSwitchIntegers2_t" time="6.29425048828125e-05" />
    <testcase name="Equals (4)" classname="spec_perl_TestSwitchIntegers2_t" time="0.000164985656738281" />
    <testcase name="Equals (5)" classname="spec_perl_TestSwitchIntegers2_t" time="0.0001220703125" />
  </testsuite>
  <testsuite name="spec_perl_TestPositionToEnd_t" errors="0" failures="0" skipped="0" tests="2" time="0.0483009815216064">
    <system-out>1..2
ok 1 - Equals
ok 2 - Equals
</system-out>
    <testcase name="Equals (6)" classname="spec_perl_TestPositionToEnd_t" time="0.000425815582275391" />
    <testcase name="Equals (7)" classname="spec_perl_TestPositionToEnd_t" time="0.000102043151855469" />
  </testsuite>
  <testsuite name="spec_perl_TestRepeatUntilS4_t" errors="0" failures="0" skipped="0" tests="2" time="0.0474581718444824">
    <system-out>1..2
ok 1 - Equals
ok 2 - Equals
</system-out>
    <testcase name="Equals (8)" classname="spec_perl_TestRepeatUntilS4_t" time="0.000314950942993164" />
    <testcase name="Equals (9)" classname="spec_perl_TestRepeatUntilS4_t" time="0.000107049942016602" />
  </testsuite>
  <testsuite name="spec_perl_TestBcdUserTypeBe_t" errors="0" failures="0" skipped="0" tests="6" time="0.0485548973083496">
    <system-out>1..6
ok 1 - Equals
ok 2 - Equals
ok 3 - Equals
ok 4 - Equals
ok 5 - Equals
ok 6 - Equals
</system-out>
    <testcase name="Equals (10)" classname="spec_perl_TestBcdUserTypeBe_t" time="0.000830888748168945" />
    <testcase name="Equals (11)" classname="spec_perl_TestBcdUserTypeBe_t" time="0.000131130218505859" />
    <testcase name="Equals (12)" classname="spec_perl_TestBcdUserTypeBe_t" time="4.69684600830078e-05" />
    <testcase name="Equals (13)" classname="spec_perl_TestBcdUserTypeBe_t" time="5.10215759277344e-05" />
    <testcase name="Equals (14)" classname="spec_perl_TestBcdUserTypeBe_t" time="0.000265836715698242" />
    <testcase name="Equals (15)" classname="spec_perl_TestBcdUserTypeBe_t" time="9.41753387451172e-05" />
  </testsuite>
  <testsuite name="spec_perl_TestRepeatUntilComplex_t" errors="0" failures="0" skipped="0" tests="17" time="0.0467920303344727">
    <system-out>1..17
ok 1 - Equals
ok 2 - Equals
ok 3 - Equals
ok 4 - Equals
ok 5 - Equals
ok 6 - Equals
ok 7 - Equals
ok 8 - Equals
ok 9 - Equals
ok 10 - Equals
ok 11 - Equals
ok 12 - Equals
ok 13 - Equals
ok 14 - Equals
ok 15 - Equals
ok 16 - Equals
ok 17 - Equals
</system-out>
    <testcase name="Equals (16)" classname="spec_perl_TestRepeatUntilComplex_t" time="0.000421047210693359" />
    <testcase name="Equals (17)" classname="spec_perl_TestRepeatUntilComplex_t" time="9.98973846435547e-05" />
    <testcase name="Equals (18)" classname="spec_perl_TestRepeatUntilComplex_t" time="7.79628753662109e-05" />
    <testcase name="Equals (19)" classname="spec_perl_TestRepeatUntilComplex_t" time="0.000175952911376953" />
    <testcase name="Equals (20)" classname="spec_perl_TestRepeatUntilComplex_t" time="0.000141143798828125" />
    <testcase name="Equals (21)" classname="spec_perl_TestRepeatUntilComplex_t" time="0.000117063522338867" />
    <testcase name="Equals (22)" classname="spec_perl_TestRepeatUntilComplex_t" time="8.392333984375e-05" />
    <testcase name="Equals (23)" classname="spec_perl_TestRepeatUntilComplex_t" time="0.000155925750732422" />
    <testcase name="Equals (24)" classname="spec_perl_TestRepeatUntilComplex_t" time="0.000111103057861328" />
    <testcase name="Equals (25)" classname="spec_perl_TestRepeatUntilComplex_t" time="0.000151872634887695" />
    <testcase name="Equals (26)" classname="spec_perl_TestRepeatUntilComplex_t" time="0.000116109848022461" />
    <testcase name="Equals (27)" classname="spec_perl_TestRepeatUntilComplex_t" time="0.000143051147460938" />
    <testcase name="Equals (28)" classname="spec_perl_TestRepeatUntilComplex_t" time="0.000128984451293945" />
    <testcase name="Equals (29)" classname="spec_perl_TestRepeatUntilComplex_t" time="0.000143051147460938" />
    <testcase name="Equals (30)" classname="spec_perl_TestRepeatUntilComplex_t" time="0.000129938125610352" />
    <testcase name="Equals (31)" classname="spec_perl_TestRepeatUntilComplex_t" time="7.39097595214844e-05" />
    <testcase name="Equals (32)" classname="spec_perl_TestRepeatUntilComplex_t" time="0.000149011611938477" />
  </testsuite>
  <testsuite name="spec_perl_TestEnumIntRangeS_t" errors="0" failures="0" skipped="0" tests="3" time="0.0547029972076416">
    <system-out>1..3
ok 1 - Equals
ok 2 - Equals
ok 3 - Equals
</system-out>
    <testcase name="Equals (33)" classname="spec_perl_TestEnumIntRangeS_t" time="0.000270843505859375" />
    <testcase name="Equals (34)" classname="spec_perl_TestEnumIntRangeS_t" time="0.000102043151855469" />
    <testcase name="Equals (35)" classname="spec_perl_TestEnumIntRangeS_t" time="4.41074371337891e-05" />
  </testsuite>
  <testsuite name="spec_perl_TestStrLiterals_t" errors="0" failures="0" skipped="0" tests="5" time="0.0440340042114258">
    <system-out>1..5
ok 1 - Equals
ok 2 - Equals
ok 3 - Equals
ok 4 - Equals
ok 5 - Equals
</system-out>
    <testcase name="Equals (36)" classname="spec_perl_TestStrLiterals_t" time="0.00018310546875" />
    <testcase name="Equals (37)" classname="spec_perl_TestStrLiterals_t" time="0.000113964080810547" />
    <testcase name="Equals (38)" classname="spec_perl_TestStrLiterals_t" time="0.000117063522338867" />
    <testcase name="Equals (39)" classname="spec_perl_TestStrLiterals_t" time="0.000161886215209961" />
    <testcase name="Equals (40)" classname="spec_perl_TestStrLiterals_t" time="0.000151157379150391" />
  </testsuite>
  <testsuite name="spec_perl_TestProcessRotate_t" errors="0" failures="0" skipped="0" tests="3" time="0.0481939315795898">
    <system-out>1..3
ok 1 - Equals
ok 2 - Equals
ok 3 - Equals
</system-out>
    <testcase name="Equals (41)" classname="spec_perl_TestProcessRotate_t" time="0.000339031219482422" />
    <testcase name="Equals (42)" classname="spec_perl_TestProcessRotate_t" time="9.29832458496094e-05" />
    <testcase name="Equals (43)" classname="spec_perl_TestProcessRotate_t" time="5.60283660888672e-05" />
  </testsuite>
  <testsuite name="spec_perl_TestImportsCircularA_t" errors="0" failures="0" skipped="0" tests="5" time="0.046334981918335">
    <system-out>1..5
ok 1 - Equals
ok 2 - Equals
ok 3 - Equals
ok 4 - Equals
ok 5 - Equals
</system-out>
    <testcase name="Equals (44)" classname="spec_perl_TestImportsCircularA_t" time="0.000353097915649414" />
    <testcase name="Equals (45)" classname="spec_perl_TestImportsCircularA_t" time="9.70363616943359e-05" />
    <testcase name="Equals (46)" classname="spec_perl_TestImportsCircularA_t" time="5.88893890380859e-05" />
    <testcase name="Equals (47)" classname="spec_perl_TestImportsCircularA_t" time="0.000110149383544922" />
    <testcase name="Equals (48)" classname="spec_perl_TestImportsCircularA_t" time="7.20024108886719e-05" />
  </testsuite>
  <testsuite name="spec_perl_TestSwitchCast_t" errors="0" failures="0" skipped="0" tests="2" time="0.0500259399414062">
    <system-out>1..2
ok 1 - Equals
ok 2 - Equals
</system-out>
    <testcase name="Equals (49)" classname="spec_perl_TestSwitchCast_t" time="0.00052189826965332" />
    <testcase name="Equals (50)" classname="spec_perl_TestSwitchCast_t" time="0.000117063522338867" />
  </testsuite>
  <testsuite name="spec_perl_TestImportsAbs_t" errors="0" failures="0" skipped="0" tests="2" time="0.0447049140930176">
    <system-out>1..2
ok 1 - Equals
ok 2 - Equals
</system-out>
    <testcase name="Equals (51)" classname="spec_perl_TestImportsAbs_t" time="0.000382184982299805" />
    <testcase name="Equals (52)" classname="spec_perl_TestImportsAbs_t" time="9.48905944824219e-05" />
  </testsuite>
  <testsuite name="spec_perl_TestFloatToI_t" errors="0" failures="0" skipped="0" tests="8" time="0.0441009998321533">
    <system-out>1..8
ok 1 - Equals
ok 2 - Equals
ok 3 - Equals
ok 4 - Equals
ok 5 - Equals
ok 6 - Equals
ok 7 - Equals
ok 8 - Equals
</system-out>
    <testcase name="Equals (53)" classname="spec_perl_TestFloatToI_t" time="0.000266075134277344" />
    <testcase name="Equals (54)" classname="spec_perl_TestFloatToI_t" time="9.39369201660156e-05" />
    <testcase name="Equals (55)" classname="spec_perl_TestFloatToI_t" time="5.91278076171875e-05" />
    <testcase name="Equals (56)" classname="spec_perl_TestFloatToI_t" time="0.000137805938720703" />
    <testcase name="Equals (57)" classname="spec_perl_TestFloatToI_t" time="0.000128030776977539" />
    <testcase name="Equals (58)" classname="spec_perl_TestFloatToI_t" time="0.000137090682983398" />
    <testcase name="Equals (59)" classname="spec_perl_TestFloatToI_t" time="0.000115871429443359" />
    <testcase name="Equals (60)" classname="spec_perl_TestFloatToI_t" time="0.000142097473144531" />
  </testsuite>
  <testsuite name="spec_perl_TestSwitchBytearray_t" errors="0" failures="0" skipped="0" tests="9" time="0.0474629402160645">
    <system-out>1..9
ok 1 - Equals
ok 2 - Equals
ok 3 - Equals
ok 4 - Equals
ok 5 - Equals
ok 6 - Equals
ok 7 - Equals
ok 8 - Equals
ok 9 - Equals
</system-out>
    <testcase name="Equals (61)" classname="spec_perl_TestSwitchBytearray_t" time="0.000332117080688477" />
    <testcase name="Equals (62)" classname="spec_perl_TestSwitchBytearray_t" time="8.08238983154297e-05" />
    <testcase name="Equals (63)" classname="spec_perl_TestSwitchBytearray_t" time="0.00014495849609375" />
    <testcase name="Equals (64)" classname="spec_perl_TestSwitchBytearray_t" time="0.000151157379150391" />
    <testcase name="Equals (65)" classname="spec_perl_TestSwitchBytearray_t" time="0.000138998031616211" />
    <testcase name="Equals (66)" classname="spec_perl_TestSwitchBytearray_t" time="0.000135898590087891" />
    <testcase name="Equals (67)" classname="spec_perl_TestSwitchBytearray_t" time="0.000126123428344727" />
    <testcase name="Equals (68)" classname="spec_perl_TestSwitchBytearray_t" time="0.000142812728881836" />
    <testcase name="Equals (69)" classname="spec_perl_TestSwitchBytearray_t" time="0.00012516975402832" />
  </testsuite>
  <testsuite name="spec_perl_TestStrCombine_t" errors="0" failures="0" skipped="0" tests="15" time="0.0544631481170654">
    <system-out>1..15
ok 1 - Equals
ok 2 - Equals
ok 3 - Equals
ok 4 - Equals
ok 5 - Equals
ok 6 - Equals
ok 7 - Equals
ok 8 - Equals
ok 9 - Equals
ok 10 - Equals
ok 11 - Equals
ok 12 - Equals
ok 13 - Equals
ok 14 - Equals
ok 15 - Equals
</system-out>
    <testcase name="Equals (70)" classname="spec_perl_TestStrCombine_t" time="0.000544071197509766" />
    <testcase name="Equals (71)" classname="spec_perl_TestStrCombine_t" time="0.000114917755126953" />
    <testcase name="Equals (72)" classname="spec_perl_TestStrCombine_t" time="5.10215759277344e-05" />
    <testcase name="Equals (73)" classname="spec_perl_TestStrCombine_t" time="6.79492950439453e-05" />
    <testcase name="Equals (74)" classname="spec_perl_TestStrCombine_t" time="0.000170230865478516" />
    <testcase name="Equals (75)" classname="spec_perl_TestStrCombine_t" time="0.000103950500488281" />
    <testcase name="Equals (76)" classname="spec_perl_TestStrCombine_t" time="0.000154018402099609" />
    <testcase name="Equals (77)" classname="spec_perl_TestStrCombine_t" time="0.000146865844726562" />
    <testcase name="Equals (78)" classname="spec_perl_TestStrCombine_t" time="0.000123977661132812" />
    <testcase name="Equals (79)" classname="spec_perl_TestStrCombine_t" time="0.000149965286254883" />
    <testcase name="Equals (80)" classname="spec_perl_TestStrCombine_t" time="0.000161170959472656" />
    <testcase name="Equals (81)" classname="spec_perl_TestStrCombine_t" time="0.000123977661132812" />
    <testcase name="Equals (82)" classname="spec_perl_TestStrCombine_t" time="0.000172853469848633" />
    <testcase name="Equals (83)" classname="spec_perl_TestStrCombine_t" time="0.000121116638183594" />
    <testcase name="Equals (84)" classname="spec_perl_TestStrCombine_t" time="0.000164985656738281" />
  </testsuite>
  <testsuite name="spec_perl_TestNavParentFalse_t" errors="0" failures="0" skipped="0" tests="5" time="0.0480639934539795">
    <system-out>1..5
ok 1 - Equals
ok 2 - Equals
ok 3 - Equals
ok 4 - Equals
ok 5 - Equals
</system-out>
    <testcase name="Equals (85)" classname="spec_perl_TestNavParentFalse_t" time="0.00037384033203125" />
    <testcase name="Equals (86)" classname="spec_perl_TestNavParentFalse_t" time="0.000101089477539062" />
    <testcase name="Equals (87)" classname="spec_perl_TestNavParentFalse_t" time="8.10623168945312e-05" />
    <testcase name="Equals (88)" classname="spec_perl_TestNavParentFalse_t" time="0.000177860260009766" />
    <testcase name="Equals (89)" classname="spec_perl_TestNavParentFalse_t" time="0.000121116638183594" />
  </testsuite>
  <testsuite name="spec_perl_TestExpr3_t" errors="0" failures="0" skipped="0" tests="12" time="0.0513339042663574">
    <system-out>1..12
ok 1 - Equals
ok 2 - Equals
ok 3 - Equals
ok 4 - Equals
ok 5 - Equals
ok 6 - Equals
ok 7 - Equals
ok 8 - Equals
ok 9 - Equals
ok 10 - Equals
ok 11 - Equals
ok 12 - Equals
</system-out>
    <testcase name="Equals (90)" classname="spec_perl_TestExpr3_t" time="0.000268936157226562" />
    <testcase name="Equals (91)" classname="spec_perl_TestExpr3_t" time="8.10623168945312e-05" />
    <testcase name="Equals (92)" classname="spec_perl_TestExpr3_t" time="0.000135898590087891" />
    <testcase name="Equals (93)" classname="spec_perl_TestExpr3_t" time="0.000131130218505859" />
    <testcase name="Equals (94)" classname="spec_perl_TestExpr3_t" time="0.000134944915771484" />
    <testcase name="Equals (95)" classname="spec_perl_TestExpr3_t" time="0.000125885009765625" />
    <testcase name="Equals (96)" classname="spec_perl_TestExpr3_t" time="0.000140190124511719" />
    <testcase name="Equals (97)" classname="spec_perl_TestExpr3_t" time="0.000133037567138672" />
    <testcase name="Equals (98)" classname="spec_perl_TestExpr3_t" time="0.00014495849609375" />
    <testcase name="Equals (99)" classname="spec_perl_TestExpr3_t" time="0.000157833099365234" />
    <testcase name="Equals (100)" classname="spec_perl_TestExpr3_t" time="0.0001220703125" />
    <testcase name="Equals (101)" classname="spec_perl_TestExpr3_t" time="0.000180959701538086" />
  </testsuite>
  <testsuite name="spec_perl_TestNestedSameName_t" errors="0" failures="0" skipped="0" tests="2" time="0.0437061786651611">
    <system-out>1..2
ok 1 - Equals
ok 2 - Equals
</system-out>
    <testcase name="Equals (102)" classname="spec_perl_TestNestedSameName_t" time="0.000306129455566406" />
    <testcase name="Equals (103)" classname="spec_perl_TestNestedSameName_t" time="9.70363616943359e-05" />
  </testsuite>
  <testsuite name="spec_perl_TestTypeIntUnaryOp_t" errors="0" failures="0" skipped="0" tests="4" time="0.0482029914855957">
    <system-out>1..4
ok 1 - Equals
ok 2 - Equals
ok 3 - Equals
ok 4 - Equals
</system-out>
    <testcase name="Equals (104)" classname="spec_perl_TestTypeIntUnaryOp_t" time="0.000230073928833008" />
    <testcase name="Equals (105)" classname="spec_perl_TestTypeIntUnaryOp_t" time="8.20159912109375e-05" />
    <testcase name="Equals (106)" classname="spec_perl_TestTypeIntUnaryOp_t" time="6.19888305664062e-05" />
    <testcase name="Equals (107)" classname="spec_perl_TestTypeIntUnaryOp_t" time="0.000169038772583008" />
  </testsuite>
  <testsuite name="spec_perl_TestCastToImported_t" errors="0" failures="0" skipped="0" tests="2" time="0.0450990200042725">
    <system-out>1..2
ok 1 - Equals
ok 2 - Equals
</system-out>
    <testcase name="Equals (108)" classname="spec_perl_TestCastToImported_t" time="0.000187873840332031" />
    <testcase name="Equals (109)" classname="spec_perl_TestCastToImported_t" time="6.81877136230469e-05" />
  </testsuite>
  <testsuite name="spec_perl_TestEnumToIClassBorder1_t" errors="0" failures="1" skipped="0" tests="3" time="0.0511109828948975">
    <system-out>1..3
ok 1 - Equals
ok 2 - Equals
not ok 3 - test_enum_to_i_class_border_1 died (Can't call method &quot;some_dog&quot; on an undefined value at compiled/perl/EnumToIClassBorder2.pm line 42.)
</system-out>
    <testcase name="Equals (110)" classname="spec_perl_TestEnumToIClassBorder1_t" time="0.000344038009643555" />
    <testcase name="Equals (111)" classname="spec_perl_TestEnumToIClassBorder1_t" time="0.000105142593383789" />
    <testcase name="test_enum_to_i_class_border_1 died (Can't call method &quot;some_dog&quot; on an undefined value at compiled/perl/EnumToIClassBorder2.pm line 42.) (111)" classname="spec_perl_TestEnumToIClassBorder1_t" time="0.000238895416259766">
      <failure message="not ok 3 - test_enum_to_i_class_border_1 died (Can't call method &quot;some_dog&quot; on an undefined value at compiled/perl/EnumToIClassBorder2.pm line 42.)" type="TAP::Parser::Result::Test"></failure>
    </testcase>
  </testsuite>
  <testsuite name="spec_perl_TestSwitchManualInt_t" errors="0" failures="0" skipped="0" tests="9" time="0.0457119941711426">
    <system-out>1..9
ok 1 - Equals
ok 2 - Equals
ok 3 - Equals
ok 4 - Equals
ok 5 - Equals
ok 6 - Equals
ok 7 - Equals
ok 8 - Equals
ok 9 - Equals
</system-out>
    <testcase name="Equals (112)" classname="spec_perl_TestSwitchManualInt_t" time="0.000306129455566406" />
    <testcase name="Equals (113)" classname="spec_perl_TestSwitchManualInt_t" time="7.79628753662109e-05" />
    <testcase name="Equals (114)" classname="spec_perl_TestSwitchManualInt_t" time="0.000128030776977539" />
    <testcase name="Equals (115)" classname="spec_perl_TestSwitchManualInt_t" time="0.000134944915771484" />
    <testcase name="Equals (116)" classname="spec_perl_TestSwitchManualInt_t" time="0.000134944915771484" />
    <testcase name="Equals (117)" classname="spec_perl_TestSwitchManualInt_t" time="0.000138044357299805" />
    <testcase name="Equals (118)" classname="spec_perl_TestSwitchManualInt_t" time="0.000123977661132812" />
    <testcase name="Equals (119)" classname="spec_perl_TestSwitchManualInt_t" time="0.000143051147460938" />
    <testcase name="Equals (120)" classname="spec_perl_TestSwitchManualInt_t" time="0.00011897087097168" />
  </testsuite>
  <testsuite name="spec_perl_TestNavParentFalse2_t" errors="0" failures="0" skipped="0" tests="1" time="0.0446560382843018">
    <system-out>1..1
ok 1 - Equals
</system-out>
    <testcase name="Equals (121)" classname="spec_perl_TestNavParentFalse2_t" time="0.000274896621704102" />
  </testsuite>
  <testsuite name="spec_perl_TestProcessXorValue_t" errors="0" failures="0" skipped="0" tests="2" time="0.0460100173950195">
    <system-out>1..2
ok 1 - Equals
ok 2 - Equals
</system-out>
    <testcase name="Equals (122)" classname="spec_perl_TestProcessXorValue_t" time="0.000276088714599609" />
    <testcase name="Equals (123)" classname="spec_perl_TestProcessXorValue_t" time="8.20159912109375e-05" />
  </testsuite>
  <testsuite name="spec_perl_TestImports0_t" errors="0" failures="0" skipped="0" tests="3" time="0.0448381900787354">
    <system-out>1..3
ok 1 - Equals
ok 2 - Equals
ok 3 - Equals
</system-out>
    <testcase name="Equals (124)" classname="spec_perl_TestImports0_t" time="0.000265121459960938" />
    <testcase name="Equals (125)" classname="spec_perl_TestImports0_t" time="9.79900360107422e-05" />
    <testcase name="Equals (126)" classname="spec_perl_TestImports0_t" time="6.98566436767578e-05" />
  </testsuite>
  <testsuite name="spec_perl_TestExprArray_t" errors="0" failures="1" skipped="0" tests="15" time="0.0572550296783447">
    <system-out>1..15
ok 1 - Equals
ok 2 - Equals
ok 3 - Equals
ok 4 - Equals
ok 5 - Equals
ok 6 - Equals
ok 7 - Equals
ok 8 - Equals
not ok 9 - Equals
ok 10 - Equals
ok 11 - Equals
ok 12 - Equals
ok 13 - Equals
ok 14 - Equals
ok 15 - Equals
</system-out>
    <testcase name="Equals (127)" classname="spec_perl_TestExprArray_t" time="0.000483989715576172" />
    <testcase name="Equals (128)" classname="spec_perl_TestExprArray_t" time="9.39369201660156e-05" />
    <testcase name="Equals (129)" classname="spec_perl_TestExprArray_t" time="5.79357147216797e-05" />
    <testcase name="Equals (130)" classname="spec_perl_TestExprArray_t" time="0.000156164169311523" />
    <testcase name="Equals (131)" classname="spec_perl_TestExprArray_t" time="0.000123977661132812" />
    <testcase name="Equals (132)" classname="spec_perl_TestExprArray_t" time="0.000144004821777344" />
    <testcase name="Equals (133)" classname="spec_perl_TestExprArray_t" time="0.0001678466796875" />
    <testcase name="Equals (134)" classname="spec_perl_TestExprArray_t" time="0.000149011611938477" />
    <testcase name="Equals (135)" classname="spec_perl_TestExprArray_t" time="0.000240087509155273">
      <failure message="not ok 9 - Equals" type="TAP::Parser::Result::Test"></failure>
    </testcase>
    <testcase name="Equals (136)" classname="spec_perl_TestExprArray_t" time="0.00422000885009766" />
    <testcase name="Equals (137)" classname="spec_perl_TestExprArray_t" time="7.29560852050781e-05" />
    <testcase name="Equals (138)" classname="spec_perl_TestExprArray_t" time="3.69548797607422e-05" />
    <testcase name="Equals (139)" classname="spec_perl_TestExprArray_t" time="3.09944152832031e-05" />
    <testcase name="Equals (140)" classname="spec_perl_TestExprArray_t" time="3.21865081787109e-05" />
    <testcase name="Equals (141)" classname="spec_perl_TestExprArray_t" time="2.88486480712891e-05" />
  </testsuite>
  <testsuite name="spec_perl_TestExprBytesOps_t" errors="1" failures="0" skipped="0" tests="0" time="0.045773983001709">
    <system-out></system-out>
    <testcase name="Test died too soon, even before plan. (141)" classname="spec_perl_TestExprBytesOps_t" time="0.045773983001709">
      <failure message="The test suite died before a plan was produced. You need to have a plan." type="Plan">No plan</failure>
    </testcase>
  </testsuite>
  <testsuite name="spec_perl_TestEnumIf_t" errors="0" failures="0" skipped="0" tests="7" time="0.0478060245513916">
    <system-out>1..7
ok 1 - Equals
ok 2 - Equals
ok 3 - Equals
ok 4 - Equals
ok 5 - Equals
ok 6 - Equals
ok 7 - Equals
</system-out>
    <testcase name="Equals (142)" classname="spec_perl_TestEnumIf_t" time="0.00038599967956543" />
    <testcase name="Equals (143)" classname="spec_perl_TestEnumIf_t" time="9.01222229003906e-05" />
    <testcase name="Equals (144)" classname="spec_perl_TestEnumIf_t" time="5.69820404052734e-05" />
    <testcase name="Equals (145)" classname="spec_perl_TestEnumIf_t" time="0.000159025192260742" />
    <testcase name="Equals (146)" classname="spec_perl_TestEnumIf_t" time="0.000105857849121094" />
    <testcase name="Equals (147)" classname="spec_perl_TestEnumIf_t" time="0.000131130218505859" />
    <testcase name="Equals (148)" classname="spec_perl_TestEnumIf_t" time="0.000151872634887695" />
  </testsuite>
  <testsuite name="spec_perl_TestSwitchManualEnum_t" errors="0" failures="0" skipped="0" tests="9" time="0.0538120269775391">
    <system-out>1..9
ok 1 - Equals
ok 2 - Equals
ok 3 - Equals
ok 4 - Equals
ok 5 - Equals
ok 6 - Equals
ok 7 - Equals
ok 8 - Equals
ok 9 - Equals
</system-out>
    <testcase name="Equals (149)" classname="spec_perl_TestSwitchManualEnum_t" time="0.000387907028198242" />
    <testcase name="Equals (150)" classname="spec_perl_TestSwitchManualEnum_t" time="9.79900360107422e-05" />
    <testcase name="Equals (151)" classname="spec_perl_TestSwitchManualEnum_t" time="6.103515625e-05" />
    <testcase name="Equals (152)" classname="spec_perl_TestSwitchManualEnum_t" time="0.000154972076416016" />
    <testcase name="Equals (153)" classname="spec_perl_TestSwitchManualEnum_t" time="0.000135898590087891" />
    <testcase name="Equals (154)" classname="spec_perl_TestSwitchManualEnum_t" time="0.000141143798828125" />
    <testcase name="Equals (155)" classname="spec_perl_TestSwitchManualEnum_t" time="0.000114917755126953" />
    <testcase name="Equals (156)" classname="spec_perl_TestSwitchManualEnum_t" time="0.000144004821777344" />
    <testcase name="Equals (157)" classname="spec_perl_TestSwitchManualEnum_t" time="0.000179052352905273" />
  </testsuite>
  <testsuite name="spec_perl_TestEosExceptionU4_t" errors="0" failures="0" skipped="0" tests="1" time="0.0460758209228516">
    <system-out>1..1
ok 1 - Died
</system-out>
    <testcase name="Died (157)" classname="spec_perl_TestEosExceptionU4_t" time="0.000633001327514648" />
  </testsuite>
  <testsuite name="spec_perl_TestEofExceptionU4_t" errors="0" failures="0" skipped="0" tests="1" time="0.0447859764099121">
    <system-out>1..1
ok 1 - Died
</system-out>
    <testcase name="Died (158)" classname="spec_perl_TestEofExceptionU4_t" time="0.000169992446899414" />
  </testsuite>
  <testsuite name="spec_perl_TestSwitchManualIntSizeEos_t" errors="0" failures="0" skipped="0" tests="10" time="0.0501298904418945">
    <system-out>1..10
ok 1 - Equals
ok 2 - Equals
ok 3 - Equals
ok 4 - Equals
ok 5 - Equals
ok 6 - Equals
ok 7 - Equals
ok 8 - Equals
ok 9 - Equals
ok 10 - Equals
</system-out>
    <testcase name="Equals (158)" classname="spec_perl_TestSwitchManualIntSizeEos_t" time="0.000763177871704102" />
    <testcase name="Equals (159)" classname="spec_perl_TestSwitchManualIntSizeEos_t" time="0.000102996826171875" />
    <testcase name="Equals (160)" classname="spec_perl_TestSwitchManualIntSizeEos_t" time="5.79357147216797e-05" />
    <testcase name="Equals (161)" classname="spec_perl_TestSwitchManualIntSizeEos_t" time="7.48634338378906e-05" />
    <testcase name="Equals (162)" classname="spec_perl_TestSwitchManualIntSizeEos_t" time="0.000150203704833984" />
    <testcase name="Equals (163)" classname="spec_perl_TestSwitchManualIntSizeEos_t" time="0.000168800354003906" />
    <testcase name="Equals (164)" classname="spec_perl_TestSwitchManualIntSizeEos_t" time="0.000109195709228516" />
    <testcase name="Equals (165)" classname="spec_perl_TestSwitchManualIntSizeEos_t" time="0.000152826309204102" />
    <testcase name="Equals (166)" classname="spec_perl_TestSwitchManualIntSizeEos_t" time="0.000128984451293945" />
    <testcase name="Equals (167)" classname="spec_perl_TestSwitchManualIntSizeEos_t" time="0.000112056732177734" />
  </testsuite>
  <testsuite name="spec_perl_TestProcessCoerceUsertype1_t" errors="0" failures="0" skipped="0" tests="4" time="0.0451669692993164">
    <system-out>1..4
ok 1 - Equals
ok 2 - Equals
ok 3 - Equals
ok 4 - Equals
</system-out>
    <testcase name="Equals (168)" classname="spec_perl_TestProcessCoerceUsertype1_t" time="0.000665903091430664" />
    <testcase name="Equals (169)" classname="spec_perl_TestProcessCoerceUsertype1_t" time="0.000108957290649414" />
    <testcase name="Equals (170)" classname="spec_perl_TestProcessCoerceUsertype1_t" time="4.81605529785156e-05" />
    <testcase name="Equals (171)" classname="spec_perl_TestProcessCoerceUsertype1_t" time="0.00010991096496582" />
  </testsuite>
  <testsuite name="spec_perl_TestEnumNegative_t" errors="0" failures="0" skipped="0" tests="2" time="0.0445170402526855">
    <system-out>1..2
ok 1 - Equals
ok 2 - Equals
</system-out>
    <testcase name="Equals (172)" classname="spec_perl_TestEnumNegative_t" time="0.000346183776855469" />
    <testcase name="Equals (173)" classname="spec_perl_TestEnumNegative_t" time="0.000104904174804688" />
  </testsuite>
  <testsuite name="spec_perl_TestNavParentSwitch_t" errors="0" failures="0" skipped="0" tests="3" time="0.0457770824432373">
    <system-out>1..3
ok 1 - Equals
ok 2 - Equals
ok 3 - Equals
</system-out>
    <testcase name="Equals (174)" classname="spec_perl_TestNavParentSwitch_t" time="0.000355958938598633" />
    <testcase name="Equals (175)" classname="spec_perl_TestNavParentSwitch_t" time="9.89437103271484e-05" />
    <testcase name="Equals (176)" classname="spec_perl_TestNavParentSwitch_t" time="5.69820404052734e-05" />
  </testsuite>
  <testsuite name="spec_perl_TestProcessXor4Value_t" errors="0" failures="0" skipped="0" tests="2" time="0.046360969543457">
    <system-out>1..2
ok 1 - Equals
ok 2 - Equals
</system-out>
    <testcase name="Equals (177)" classname="spec_perl_TestProcessXor4Value_t" time="0.000382900238037109" />
    <testcase name="Equals (178)" classname="spec_perl_TestProcessXor4Value_t" time="9.51290130615234e-05" />
  </testsuite>
  <testsuite name="spec_perl_TestNonStandard_t" errors="0" failures="0" skipped="0" tests="1" time="0.0440769195556641">
    <system-out>1..1
ok 1 - Equals
</system-out>
    <testcase name="Equals (179)" classname="spec_perl_TestNonStandard_t" time="0.000288009643554688" />
  </testsuite>
  <testsuite name="spec_perl_TestCastNested_t" errors="0" failures="0" skipped="0" tests="4" time="0.0483419895172119">
    <system-out>1..4
ok 1 - Equals
ok 2 - Equals
ok 3 - Equals
ok 4 - Equals
</system-out>
    <testcase name="Equals (180)" classname="spec_perl_TestCastNested_t" time="0.000405073165893555" />
    <testcase name="Equals (181)" classname="spec_perl_TestCastNested_t" time="0.00011897087097168" />
    <testcase name="Equals (182)" classname="spec_perl_TestCastNested_t" time="5.98430633544922e-05" />
    <testcase name="Equals (183)" classname="spec_perl_TestCastNested_t" time="0.000185012817382812" />
  </testsuite>
  <testsuite name="spec_perl_TestExprOpsParens_t" errors="1" failures="0" skipped="0" tests="0" time="0.0453469753265381">
    <system-out></system-out>
    <testcase name="Test died too soon, even before plan. (183)" classname="spec_perl_TestExprOpsParens_t" time="0.0453469753265381">
      <failure message="The test suite died before a plan was produced. You need to have a plan." type="Plan">No plan</failure>
    </testcase>
  </testsuite>
  <testsuite name="spec_perl_TestEnumDeepLiterals_t" errors="0" failures="0" skipped="0" tests="2" time="0.0457420349121094">
    <system-out>1..2
ok 1 - Equals
ok 2 - Equals
</system-out>
    <testcase name="Equals (184)" classname="spec_perl_TestEnumDeepLiterals_t" time="0.000287055969238281" />
    <testcase name="Equals (185)" classname="spec_perl_TestEnumDeepLiterals_t" time="8.392333984375e-05" />
  </testsuite>
  <testsuite name="spec_perl_TestDefaultEndianMod_t" errors="0" failures="0" skipped="0" tests="3" time="0.0463268756866455">
    <system-out>1..3
ok 1 - Equals
ok 2 - Equals
ok 3 - Equals
</system-out>
    <testcase name="Equals (186)" classname="spec_perl_TestDefaultEndianMod_t" time="0.000278949737548828" />
    <testcase name="Equals (187)" classname="spec_perl_TestDefaultEndianMod_t" time="9.89437103271484e-05" />
    <testcase name="Equals (188)" classname="spec_perl_TestDefaultEndianMod_t" time="6.103515625e-05" />
  </testsuite>
  <testsuite name="spec_perl_TestExprIoPos_t" errors="0" failures="0" skipped="0" tests="6" time="0.0498201847076416">
    <system-out>1..6
ok 1 - Equals
ok 2 - Equals
ok 3 - Equals
ok 4 - Equals
ok 5 - Equals
ok 6 - Equals
</system-out>
    <testcase name="Equals (189)" classname="spec_perl_TestExprIoPos_t" time="0.000698089599609375" />
    <testcase name="Equals (190)" classname="spec_perl_TestExprIoPos_t" time="0.000105857849121094" />
    <testcase name="Equals (191)" classname="spec_perl_TestExprIoPos_t" time="5.7220458984375e-05" />
    <testcase name="Equals (192)" classname="spec_perl_TestExprIoPos_t" time="0.000134944915771484" />
    <testcase name="Equals (193)" classname="spec_perl_TestExprIoPos_t" time="0.000128030776977539" />
    <testcase name="Equals (194)" classname="spec_perl_TestExprIoPos_t" time="0.000138998031616211" />
  </testsuite>
  <testsuite name="spec_perl_TestEnumToI_t" errors="0" failures="0" skipped="0" tests="5" time="0.0488951206207275">
    <system-out>1..5
ok 1 - Equals
ok 2 - Equals
ok 3 - Equals
ok 4 - Equals
ok 5 - Equals
</system-out>
    <testcase name="Equals (195)" classname="spec_perl_TestEnumToI_t" time="0.000483989715576172" />
    <testcase name="Equals (196)" classname="spec_perl_TestEnumToI_t" time="0.000117063522338867" />
    <testcase name="Equals (197)" classname="spec_perl_TestEnumToI_t" time="4.60147857666016e-05" />
    <testcase name="Equals (198)" classname="spec_perl_TestEnumToI_t" time="5.50746917724609e-05" />
    <testcase name="Equals (199)" classname="spec_perl_TestEnumToI_t" time="0.000128984451293945" />
  </testsuite>
  <testsuite name="spec_perl_TestExprSizeofValue0_t" errors="0" failures="0" skipped="0" tests="5" time="0.0471401214599609">
    <system-out>1..5
ok 1 - Equals
ok 2 - Equals
ok 3 - Equals
ok 4 - Equals
ok 5 - Equals
</system-out>
    <testcase name="Equals (200)" classname="spec_perl_TestExprSizeofValue0_t" time="0.00032496452331543" />
    <testcase name="Equals (201)" classname="spec_perl_TestExprSizeofValue0_t" time="9.29832458496094e-05" />
    <testcase name="Equals (202)" classname="spec_perl_TestExprSizeofValue0_t" time="9.01222229003906e-05" />
    <testcase name="Equals (203)" classname="spec_perl_TestExprSizeofValue0_t" time="0.000189065933227539" />
    <testcase name="Equals (204)" classname="spec_perl_TestExprSizeofValue0_t" time="0.000124931335449219" />
  </testsuite>
  <testsuite name="spec_perl_TestSwitchManualStr_t" errors="0" failures="0" skipped="0" tests="9" time="0.050940990447998">
    <system-out>1..9
ok 1 - Equals
ok 2 - Equals
ok 3 - Equals
ok 4 - Equals
ok 5 - Equals
ok 6 - Equals
ok 7 - Equals
ok 8 - Equals
ok 9 - Equals
</system-out>
    <testcase name="Equals (205)" classname="spec_perl_TestSwitchManualStr_t" time="0.000430107116699219" />
    <testcase name="Equals (206)" classname="spec_perl_TestSwitchManualStr_t" time="9.29832458496094e-05" />
    <testcase name="Equals (207)" classname="spec_perl_TestSwitchManualStr_t" time="6.00814819335938e-05" />
    <testcase name="Equals (208)" classname="spec_perl_TestSwitchManualStr_t" time="0.000164985656738281" />
    <testcase name="Equals (209)" classname="spec_perl_TestSwitchManualStr_t" time="0.000136852264404297" />
    <testcase name="Equals (210)" classname="spec_perl_TestSwitchManualStr_t" time="0.000154972076416016" />
    <testcase name="Equals (211)" classname="spec_perl_TestSwitchManualStr_t" time="0.000178098678588867" />
    <testcase name="Equals (212)" classname="spec_perl_TestSwitchManualStr_t" time="0.000119924545288086" />
    <testcase name="Equals (213)" classname="spec_perl_TestSwitchManualStr_t" time="0.000146150588989258" />
  </testsuite>
  <testsuite name="spec_perl_TestPositionInSeq_t" errors="0" failures="0" skipped="0" tests="1" time="0.0451440811157227">
    <system-out>1..1
ok 1 - Equals
</system-out>
    <testcase name="Equals (214)" classname="spec_perl_TestPositionInSeq_t" time="0.000337123870849609" />
  </testsuite>
  <testsuite name="spec_perl_TestExprBits_t" errors="0" failures="0" skipped="0" tests="10" time="0.0493400096893311">
    <system-out>1..10
ok 1 - Equals
ok 2 - Equals
ok 3 - Equals
ok 4 - Equals
ok 5 - Equals
ok 6 - Equals
ok 7 - Equals
ok 8 - Equals
ok 9 - Equals
ok 10 - Equals
</system-out>
    <testcase name="Equals (215)" classname="spec_perl_TestExprBits_t" time="0.000371932983398438" />
    <testcase name="Equals (216)" classname="spec_perl_TestExprBits_t" time="8.70227813720703e-05" />
    <testcase name="Equals (217)" classname="spec_perl_TestExprBits_t" time="5.79357147216797e-05" />
    <testcase name="Equals (218)" classname="spec_perl_TestExprBits_t" time="0.000158071517944336" />
    <testcase name="Equals (219)" classname="spec_perl_TestExprBits_t" time="0.000138044357299805" />
    <testcase name="Equals (220)" classname="spec_perl_TestExprBits_t" time="0.000136852264404297" />
    <testcase name="Equals (221)" classname="spec_perl_TestExprBits_t" time="0.000117063522338867" />
    <testcase name="Equals (222)" classname="spec_perl_TestExprBits_t" time="0.000128984451293945" />
    <testcase name="Equals (223)" classname="spec_perl_TestExprBits_t" time="0.000144004821777344" />
    <testcase name="Equals (224)" classname="spec_perl_TestExprBits_t" time="0.000164985656738281" />
  </testsuite>
  <testsuite name="spec_perl_TestValidSwitch_t" errors="1" failures="0" skipped="0" tests="0" time="0.049187183380127">
    <system-out></system-out>
    <testcase name="Test died too soon, even before plan. (224)" classname="spec_perl_TestValidSwitch_t" time="0.049187183380127">
      <failure message="The test suite died before a plan was produced. You need to have a plan." type="Plan">No plan</failure>
    </testcase>
  </testsuite>
  <testsuite name="spec_perl_TestDefaultEndianExprInherited_t" errors="0" failures="0" skipped="0" tests="15" time="0.0476150512695312">
    <system-out>1..15
ok 1 - Equals
ok 2 - Equals
ok 3 - Equals
ok 4 - Equals
ok 5 - Equals
ok 6 - Equals
ok 7 - Equals
ok 8 - Equals
ok 9 - Equals
ok 10 - Equals
ok 11 - Equals
ok 12 - Equals
ok 13 - Equals
ok 14 - Equals
ok 15 - Equals
</system-out>
    <testcase name="Equals (225)" classname="spec_perl_TestDefaultEndianExprInherited_t" time="0.000432968139648438" />
    <testcase name="Equals (226)" classname="spec_perl_TestDefaultEndianExprInherited_t" time="9.51290130615234e-05" />
    <testcase name="Equals (227)" classname="spec_perl_TestDefaultEndianExprInherited_t" time="4.69684600830078e-05" />
    <testcase name="Equals (228)" classname="spec_perl_TestDefaultEndianExprInherited_t" time="8.20159912109375e-05" />
    <testcase name="Equals (229)" classname="spec_perl_TestDefaultEndianExprInherited_t" time="0.000175952911376953" />
    <testcase name="Equals (230)" classname="spec_perl_TestDefaultEndianExprInherited_t" time="0.000124931335449219" />
    <testcase name="Equals (231)" classname="spec_perl_TestDefaultEndianExprInherited_t" time="0.000129938125610352" />
    <testcase name="Equals (232)" classname="spec_perl_TestDefaultEndianExprInherited_t" time="0.000138998031616211" />
    <testcase name="Equals (233)" classname="spec_perl_TestDefaultEndianExprInherited_t" time="0.000144004821777344" />
    <testcase name="Equals (234)" classname="spec_perl_TestDefaultEndianExprInherited_t" time="0.000172138214111328" />
    <testcase name="Equals (235)" classname="spec_perl_TestDefaultEndianExprInherited_t" time="0.000123023986816406" />
    <testcase name="Equals (236)" classname="spec_perl_TestDefaultEndianExprInherited_t" time="0.00011897087097168" />
    <testcase name="Equals (237)" classname="spec_perl_TestDefaultEndianExprInherited_t" time="0.000164031982421875" />
    <testcase name="Equals (238)" classname="spec_perl_TestDefaultEndianExprInherited_t" time="0.000113964080810547" />
    <testcase name="Equals (239)" classname="spec_perl_TestDefaultEndianExprInherited_t" time="0.000151872634887695" />
  </testsuite>
  <testsuite name="spec_perl_TestJsSignedRightShift_t" errors="0" failures="0" skipped="0" tests="2" time="0.0443780422210693">
    <system-out>1..2
ok 1 - Equals
ok 2 - Equals
</system-out>
    <testcase name="Equals (240)" classname="spec_perl_TestJsSignedRightShift_t" time="0.000257015228271484" />
    <testcase name="Equals (241)" classname="spec_perl_TestJsSignedRightShift_t" time="8.58306884765625e-05" />
  </testsuite>
  <testsuite name="spec_perl_TestOpaqueExternalType_t" errors="0" failures="0" skipped="0" tests="3" time="0.0481791496276855">
    <system-out>1..3
ok 1 - Equals
ok 2 - Equals
ok 3 - Equals
</system-out>
    <testcase name="Equals (242)" classname="spec_perl_TestOpaqueExternalType_t" time="0.000406980514526367" />
    <testcase name="Equals (243)" classname="spec_perl_TestOpaqueExternalType_t" time="9.51290130615234e-05" />
    <testcase name="Equals (244)" classname="spec_perl_TestOpaqueExternalType_t" time="5.69820404052734e-05" />
  </testsuite>
  <testsuite name="spec_perl_TestExpr0_t" errors="0" failures="0" skipped="0" tests="2" time="0.0460710525512695">
    <system-out>1..2
ok 1 - Equals
ok 2 - Equals
</system-out>
    <testcase name="Equals (245)" classname="spec_perl_TestExpr0_t" time="0.000285863876342773" />
    <testcase name="Equals (246)" classname="spec_perl_TestExpr0_t" time="8.51154327392578e-05" />
  </testsuite>
  <testsuite name="spec_perl_TestIndexToParamEos_t" errors="0" failures="2" skipped="0" tests="7" time="0.0622460842132568">
    <system-out>1..7
ok 1 - Equals
ok 2 - Equals
ok 3 - Equals
ok 4 - Equals
ok 5 - Equals
not ok 6 - Equals
not ok 7 - Equals
</system-out>
    <testcase name="Equals (247)" classname="spec_perl_TestIndexToParamEos_t" time="0.00832700729370117" />
    <testcase name="Equals (248)" classname="spec_perl_TestIndexToParamEos_t" time="0.000149011611938477" />
    <testcase name="Equals (249)" classname="spec_perl_TestIndexToParamEos_t" time="5.41210174560547e-05" />
    <testcase name="Equals (250)" classname="spec_perl_TestIndexToParamEos_t" time="7.98702239990234e-05" />
    <testcase name="Equals (251)" classname="spec_perl_TestIndexToParamEos_t" time="5.41210174560547e-05" />
    <testcase name="Equals (252)" classname="spec_perl_TestIndexToParamEos_t" time="0.00017094612121582">
      <failure message="not ok 6 - Equals" type="TAP::Parser::Result::Test"></failure>
    </testcase>
    <testcase name="Equals (253)" classname="spec_perl_TestIndexToParamEos_t" time="0.00250387191772461">
      <failure message="not ok 7 - Equals" type="TAP::Parser::Result::Test"></failure>
    </testcase>
  </testsuite>
  <testsuite name="spec_perl_TestCastToTop_t" errors="0" failures="0" skipped="0" tests="3" time="0.0459439754486084">
    <system-out>1..3
ok 1 - Equals
ok 2 - Equals
ok 3 - Equals
</system-out>
    <testcase name="Equals (254)" classname="spec_perl_TestCastToTop_t" time="0.000296115875244141" />
    <testcase name="Equals (255)" classname="spec_perl_TestCastToTop_t" time="8.48770141601562e-05" />
    <testcase name="Equals (256)" classname="spec_perl_TestCastToTop_t" time="0.000174999237060547" />
  </testsuite>
  <testsuite name="spec_perl_TestIndexToParamExpr_t" errors="0" failures="2" skipped="0" tests="7" time="0.0578339099884033">
    <system-out>1..7
ok 1 - Equals
ok 2 - Equals
ok 3 - Equals
ok 4 - Equals
ok 5 - Equals
not ok 6 - Equals
not ok 7 - Equals
</system-out>
    <testcase name="Equals (257)" classname="spec_perl_TestIndexToParamExpr_t" time="0.00351905822753906" />
    <testcase name="Equals (258)" classname="spec_perl_TestIndexToParamExpr_t" time="0.000121831893920898" />
    <testcase name="Equals (259)" classname="spec_perl_TestIndexToParamExpr_t" time="4.50611114501953e-05" />
    <testcase name="Equals (260)" classname="spec_perl_TestIndexToParamExpr_t" time="4.31537628173828e-05" />
    <testcase name="Equals (261)" classname="spec_perl_TestIndexToParamExpr_t" time="4.38690185546875e-05" />
    <testcase name="Equals (262)" classname="spec_perl_TestIndexToParamExpr_t" time="6.50882720947266e-05">
      <failure message="not ok 6 - Equals" type="TAP::Parser::Result::Test"></failure>
    </testcase>
    <testcase name="Equals (263)" classname="spec_perl_TestIndexToParamExpr_t" time="0.00402593612670898">
      <failure message="not ok 7 - Equals" type="TAP::Parser::Result::Test"></failure>
    </testcase>
  </testsuite>
  <testsuite name="spec_perl_TestHelloWorld_t" errors="0" failures="0" skipped="0" tests="1" time="0.045957088470459">
    <system-out>1..1
ok 1 - Equals
</system-out>
    <testcase name="Equals (264)" classname="spec_perl_TestHelloWorld_t" time="0.000211000442504883" />
  </testsuite>
  <testsuite name="spec_perl_TestDocstringsDocrefMulti_t" errors="0" failures="0" skipped="1" tests="1" time="0.0483479499816895">
    <system-out>1..1
ok 1 # skip DocstringsDocrefMulti=HASH(0x1cab6c0)
</system-out>
    <testcase name="Unnamed test case 264" classname="spec_perl_TestDocstringsDocrefMulti_t" time="0.00148916244506836">
      <skipped message="ok 1 # skip DocstringsDocrefMulti=HASH(0x1cab6c0)" />
    </testcase>
  </testsuite>
  <testsuite name="spec_perl_TestExprCalcArrayOps_t" errors="0" failures="1" skipped="17" tests="18" time="0.0530781745910645">
    <system-out>1..18
not ok 1 - test_expr_calc_array_ops died (Can't use string (&quot;1000&quot;) as an ARRAY ref while &quot;strict refs&quot; in use at compiled/perl/ExprCalcArrayOps.pm line 50.)
ok 2 # skip test_expr_calc_array_ops died
ok 3 # skip test_expr_calc_array_ops died
ok 4 # skip test_expr_calc_array_ops died
ok 5 # skip test_expr_calc_array_ops died
ok 6 # skip test_expr_calc_array_ops died
ok 7 # skip test_expr_calc_array_ops died
ok 8 # skip test_expr_calc_array_ops died
ok 9 # skip test_expr_calc_array_ops died
ok 10 # skip test_expr_calc_array_ops died
ok 11 # skip test_expr_calc_array_ops died
ok 12 # skip test_expr_calc_array_ops died
ok 13 # skip test_expr_calc_array_ops died
ok 14 # skip test_expr_calc_array_ops died
ok 15 # skip test_expr_calc_array_ops died
ok 16 # skip test_expr_calc_array_ops died
ok 17 # skip test_expr_calc_array_ops died
ok 18 # skip test_expr_calc_array_ops died
</system-out>
    <testcase name="test_expr_calc_array_ops died (Can't use string (&quot;1000&quot;) as an ARRAY ref while &quot;strict refs&quot; in use at compiled/perl/ExprCalcArrayOps.pm line 50.) (264)" classname="spec_perl_TestExprCalcArrayOps_t" time="0.000811100006103516">
      <failure message="not ok 1 - test_expr_calc_array_ops died (Can't use string (&quot;1000&quot;) as an ARRAY ref while &quot;strict refs&quot; in use at compiled/perl/ExprCalcArrayOps.pm line 50.)" type="TAP::Parser::Result::Test"></failure>
    </testcase>
    <testcase name="Unnamed test case 265" classname="spec_perl_TestExprCalcArrayOps_t" time="0.000900983810424805">
      <skipped message="ok 2 # skip test_expr_calc_array_ops died" />
    </testcase>
    <testcase name="Unnamed test case 266" classname="spec_perl_TestExprCalcArrayOps_t" time="0.000362873077392578">
      <skipped message="ok 3 # skip test_expr_calc_array_ops died" />
    </testcase>
    <testcase name="Unnamed test case 267" classname="spec_perl_TestExprCalcArrayOps_t" time="0.00030207633972168">
      <skipped message="ok 4 # skip test_expr_calc_array_ops died" />
    </testcase>
    <testcase name="Unnamed test case 268" classname="spec_perl_TestExprCalcArrayOps_t" time="0.000293970108032227">
      <skipped message="ok 5 # skip test_expr_calc_array_ops died" />
    </testcase>
    <testcase name="Unnamed test case 269" classname="spec_perl_TestExprCalcArrayOps_t" time="0.000322103500366211">
      <skipped message="ok 6 # skip test_expr_calc_array_ops died" />
    </testcase>
    <testcase name="Unnamed test case 270" classname="spec_perl_TestExprCalcArrayOps_t" time="0.000298023223876953">
      <skipped message="ok 7 # skip test_expr_calc_array_ops died" />
    </testcase>
    <testcase name="Unnamed test case 271" classname="spec_perl_TestExprCalcArrayOps_t" time="0.000290870666503906">
      <skipped message="ok 8 # skip test_expr_calc_array_ops died" />
    </testcase>
    <testcase name="Unnamed test case 272" classname="spec_perl_TestExprCalcArrayOps_t" time="0.000291109085083008">
      <skipped message="ok 9 # skip test_expr_calc_array_ops died" />
    </testcase>
    <testcase name="Unnamed test case 273" classname="spec_perl_TestExprCalcArrayOps_t" time="0.000305891036987305">
      <skipped message="ok 10 # skip test_expr_calc_array_ops died" />
    </testcase>
    <testcase name="Unnamed test case 274" classname="spec_perl_TestExprCalcArrayOps_t" time="0.000288009643554688">
      <skipped message="ok 11 # skip test_expr_calc_array_ops died" />
    </testcase>
    <testcase name="Unnamed test case 275" classname="spec_perl_TestExprCalcArrayOps_t" time="0.000294923782348633">
      <skipped message="ok 12 # skip test_expr_calc_array_ops died" />
    </testcase>
    <testcase name="Unnamed test case 276" classname="spec_perl_TestExprCalcArrayOps_t" time="0.000326156616210938">
      <skipped message="ok 13 # skip test_expr_calc_array_ops died" />
    </testcase>
    <testcase name="Unnamed test case 277" classname="spec_perl_TestExprCalcArrayOps_t" time="0.000349998474121094">
      <skipped message="ok 14 # skip test_expr_calc_array_ops died" />
    </testcase>
    <testcase name="Unnamed test case 278" classname="spec_perl_TestExprCalcArrayOps_t" time="0.000300884246826172">
      <skipped message="ok 15 # skip test_expr_calc_array_ops died" />
    </testcase>
    <testcase name="Unnamed test case 279" classname="spec_perl_TestExprCalcArrayOps_t" time="0.000300168991088867">
      <skipped message="ok 16 # skip test_expr_calc_array_ops died" />
    </testcase>
    <testcase name="Unnamed test case 280" classname="spec_perl_TestExprCalcArrayOps_t" time="0.000299930572509766">
      <skipped message="ok 17 # skip test_expr_calc_array_ops died" />
    </testcase>
    <testcase name="Unnamed test case 281" classname="spec_perl_TestExprCalcArrayOps_t" time="0.000300884246826172">
      <skipped message="ok 18 # skip test_expr_calc_array_ops died" />
    </testcase>
  </testsuite>
  <testsuite name="spec_perl_TestMetaTags_t" errors="0" failures="0" skipped="1" tests="1" time="0.0441949367523193">
    <system-out>1..1
ok 1 # skip MetaTags=HASH(0x1e06fa8)
</system-out>
    <testcase name="Unnamed test case 282" classname="spec_perl_TestMetaTags_t" time="0.00129199028015137">
      <skipped message="ok 1 # skip MetaTags=HASH(0x1e06fa8)" />
    </testcase>
  </testsuite>
  <testsuite name="spec_perl_TestIntegersMinMax_t" errors="0" failures="0" skipped="0" tests="28" time="0.0616848468780518">
    <system-out>1..28
ok 1 - Equals
ok 2 - Equals
ok 3 - Equals
ok 4 - Equals
ok 5 - Equals
ok 6 - Equals
ok 7 - Equals
ok 8 - Equals
ok 9 - Equals
ok 10 - Equals
ok 11 - Equals
ok 12 - Equals
ok 13 - Equals
ok 14 - Equals
ok 15 - Equals
ok 16 - Equals
ok 17 - Equals
ok 18 - Equals
ok 19 - Equals
ok 20 - Equals
ok 21 - Equals
ok 22 - Equals
ok 23 - Equals
ok 24 - Equals
ok 25 - Equals
ok 26 - Equals
ok 27 - Equals
ok 28 - Equals
</system-out>
    <testcase name="Equals (282)" classname="spec_perl_TestIntegersMinMax_t" time="0.000404834747314453" />
    <testcase name="Equals (283)" classname="spec_perl_TestIntegersMinMax_t" time="9.41753387451172e-05" />
    <testcase name="Equals (284)" classname="spec_perl_TestIntegersMinMax_t" time="5.69820404052734e-05" />
    <testcase name="Equals (285)" classname="spec_perl_TestIntegersMinMax_t" time="0.000114917755126953" />
    <testcase name="Equals (286)" classname="spec_perl_TestIntegersMinMax_t" time="0.000190019607543945" />
    <testcase name="Equals (287)" classname="spec_perl_TestIntegersMinMax_t" time="0.000145912170410156" />
    <testcase name="Equals (288)" classname="spec_perl_TestIntegersMinMax_t" time="0.000117063522338867" />
    <testcase name="Equals (289)" classname="spec_perl_TestIntegersMinMax_t" time="0.000153064727783203" />
    <testcase name="Equals (290)" classname="spec_perl_TestIntegersMinMax_t" time="0.000102996826171875" />
    <testcase name="Equals (291)" classname="spec_perl_TestIntegersMinMax_t" time="0.000146865844726562" />
    <testcase name="Equals (292)" classname="spec_perl_TestIntegersMinMax_t" time="0.000146150588989258" />
    <testcase name="Equals (293)" classname="spec_perl_TestIntegersMinMax_t" time="0.000151872634887695" />
    <testcase name="Equals (294)" classname="spec_perl_TestIntegersMinMax_t" time="0.000117063522338867" />
    <testcase name="Equals (295)" classname="spec_perl_TestIntegersMinMax_t" time="0.00014495849609375" />
    <testcase name="Equals (296)" classname="spec_perl_TestIntegersMinMax_t" time="0.000127077102661133" />
    <testcase name="Equals (297)" classname="spec_perl_TestIntegersMinMax_t" time="0.000118017196655273" />
    <testcase name="Equals (298)" classname="spec_perl_TestIntegersMinMax_t" time="0.000143051147460938" />
    <testcase name="Equals (299)" classname="spec_perl_TestIntegersMinMax_t" time="0.000123977661132812" />
    <testcase name="Equals (300)" classname="spec_perl_TestIntegersMinMax_t" time="0.000124931335449219" />
    <testcase name="Equals (301)" classname="spec_perl_TestIntegersMinMax_t" time="0.000145912170410156" />
    <testcase name="Equals (302)" classname="spec_perl_TestIntegersMinMax_t" time="0.000111103057861328" />
    <testcase name="Equals (303)" classname="spec_perl_TestIntegersMinMax_t" time="0.000140905380249023" />
    <testcase name="Equals (304)" classname="spec_perl_TestIntegersMinMax_t" time="0.000126123428344727" />
    <testcase name="Equals (305)" classname="spec_perl_TestIntegersMinMax_t" time="0.000123023986816406" />
    <testcase name="Equals (306)" classname="spec_perl_TestIntegersMinMax_t" time="0.000150918960571289" />
    <testcase name="Equals (307)" classname="spec_perl_TestIntegersMinMax_t" time="0.000107049942016602" />
    <testcase name="Equals (308)" classname="spec_perl_TestIntegersMinMax_t" time="0.000149011611938477" />
    <testcase name="Equals (309)" classname="spec_perl_TestIntegersMinMax_t" time="0.000118017196655273" />
  </testsuite>
  <testsuite name="spec_perl_TestParamsCallExtraParens_t" errors="0" failures="1" skipped="0" tests="1" time="0.0525238513946533">
    <system-out>1..1
not ok 1 - Equals
</system-out>
    <testcase name="Equals (310)" classname="spec_perl_TestParamsCallExtraParens_t" time="0.00248503684997559">
      <failure message="not ok 1 - Equals" type="TAP::Parser::Result::Test"></failure>
    </testcase>
  </testsuite>
  <testsuite name="spec_perl_TestStrPadTermEmpty_t" errors="0" failures="0" skipped="0" tests="4" time="0.0461690425872803">
    <system-out>1..4
ok 1 - Equals
ok 2 - Equals
ok 3 - Equals
ok 4 - Equals
</system-out>
    <testcase name="Equals (311)" classname="spec_perl_TestStrPadTermEmpty_t" time="0.000294923782348633" />
    <testcase name="Equals (312)" classname="spec_perl_TestStrPadTermEmpty_t" time="8.60691070556641e-05" />
    <testcase name="Equals (313)" classname="spec_perl_TestStrPadTermEmpty_t" time="7.89165496826172e-05" />
    <testcase name="Equals (314)" classname="spec_perl_TestStrPadTermEmpty_t" time="0.000159025192260742" />
  </testsuite>
  <testsuite name="spec_perl_TestMetaXref_t" errors="0" failures="0" skipped="1" tests="1" time="0.0443639755249023">
    <system-out>1..1
ok 1 # skip MetaXref=HASH(0x2a44e08)
</system-out>
    <testcase name="Unnamed test case 314" classname="spec_perl_TestMetaXref_t" time="0.00139904022216797">
      <skipped message="ok 1 # skip MetaXref=HASH(0x2a44e08)" />
    </testcase>
  </testsuite>
  <testsuite name="spec_perl_TestExprIoEof_t" errors="0" failures="0" skipped="0" tests="4" time="0.0469639301300049">
    <system-out>1..4
ok 1 - Equals
ok 2 - nil
ok 3 - Equals
ok 4 - Equals
</system-out>
    <testcase name="Equals (315)" classname="spec_perl_TestExprIoEof_t" time="0.000668048858642578" />
    <testcase name="nil (315)" classname="spec_perl_TestExprIoEof_t" time="0.000108957290649414" />
    <testcase name="Equals (316)" classname="spec_perl_TestExprIoEof_t" time="4.60147857666016e-05" />
    <testcase name="Equals (317)" classname="spec_perl_TestExprIoEof_t" time="5.19752502441406e-05" />
  </testsuite>
  <testsuite name="spec_perl_TestRepeatNStrzDouble_t" errors="0" failures="0" skipped="0" tests="3" time="0.0519349575042725">
    <system-out>1..3
ok 1 - Equals
ok 2 - Equals
ok 3 - Equals
</system-out>
    <testcase name="Equals (318)" classname="spec_perl_TestRepeatNStrzDouble_t" time="0.000475168228149414" />
    <testcase name="Equals (319)" classname="spec_perl_TestRepeatNStrzDouble_t" time="0.000108003616333008" />
    <testcase name="Equals (320)" classname="spec_perl_TestRepeatNStrzDouble_t" time="6.69956207275391e-05" />
  </testsuite>
  <testsuite name="spec_perl_TestSwitchManualStrElse_t" errors="0" failures="0" skipped="0" tests="9" time="0.0522348880767822">
    <system-out>1..9
ok 1 - Equals
ok 2 - Equals
ok 3 - Equals
ok 4 - Equals
ok 5 - Equals
ok 6 - Equals
ok 7 - Equals
ok 8 - Equals
ok 9 - Equals
</system-out>
    <testcase name="Equals (321)" classname="spec_perl_TestSwitchManualStrElse_t" time="0.000416994094848633" />
    <testcase name="Equals (322)" classname="spec_perl_TestSwitchManualStrElse_t" time="0.000105857849121094" />
    <testcase name="Equals (323)" classname="spec_perl_TestSwitchManualStrElse_t" time="0.000118017196655273" />
    <testcase name="Equals (324)" classname="spec_perl_TestSwitchManualStrElse_t" time="0.000169038772583008" />
    <testcase name="Equals (325)" classname="spec_perl_TestSwitchManualStrElse_t" time="9.39369201660156e-05" />
    <testcase name="Equals (326)" classname="spec_perl_TestSwitchManualStrElse_t" time="0.000154972076416016" />
    <testcase name="Equals (327)" classname="spec_perl_TestSwitchManualStrElse_t" time="0.000111103057861328" />
    <testcase name="Equals (328)" classname="spec_perl_TestSwitchManualStrElse_t" time="0.000135898590087891" />
    <testcase name="Equals (329)" classname="spec_perl_TestSwitchManualStrElse_t" time="0.00014805793762207" />
  </testsuite>
  <testsuite name="spec_perl_TestSwitchManualIntSize_t" errors="0" failures="0" skipped="0" tests="10" time="0.0478229522705078">
    <system-out>1..10
ok 1 - Equals
ok 2 - Equals
ok 3 - Equals
ok 4 - Equals
ok 5 - Equals
ok 6 - Equals
ok 7 - Equals
ok 8 - Equals
ok 9 - Equals
ok 10 - Equals
</system-out>
    <testcase name="Equals (330)" classname="spec_perl_TestSwitchManualIntSize_t" time="0.00058293342590332" />
    <testcase name="Equals (331)" classname="spec_perl_TestSwitchManualIntSize_t" time="0.000108003616333008" />
    <testcase name="Equals (332)" classname="spec_perl_TestSwitchManualIntSize_t" time="6.50882720947266e-05" />
    <testcase name="Equals (333)" classname="spec_perl_TestSwitchManualIntSize_t" time="0.000102996826171875" />
    <testcase name="Equals (334)" classname="spec_perl_TestSwitchManualIntSize_t" time="0.000140905380249023" />
    <testcase name="Equals (335)" classname="spec_perl_TestSwitchManualIntSize_t" time="0.000159978866577148" />
    <testcase name="Equals (336)" classname="spec_perl_TestSwitchManualIntSize_t" time="0.000102043151855469" />
    <testcase name="Equals (337)" classname="spec_perl_TestSwitchManualIntSize_t" time="0.000150918960571289" />
    <testcase name="Equals (338)" classname="spec_perl_TestSwitchManualIntSize_t" time="0.0001220703125" />
    <testcase name="Equals (339)" classname="spec_perl_TestSwitchManualIntSize_t" time="0.000144004821777344" />
  </testsuite>
  <testsuite name="spec_perl_TestParamsCallShort_t" errors="0" failures="3" skipped="0" tests="3" time="0.0530121326446533">
    <system-out>1..3
not ok 1 - Equals
not ok 2 - Equals
not ok 3 - Equals
</system-out>
    <testcase name="Equals (340)" classname="spec_perl_TestParamsCallShort_t" time="0.00179886817932129">
      <failure message="not ok 1 - Equals" type="TAP::Parser::Result::Test"></failure>
    </testcase>
    <testcase name="Equals (341)" classname="spec_perl_TestParamsCallShort_t" time="0.00120902061462402">
      <failure message="not ok 2 - Equals" type="TAP::Parser::Result::Test"></failure>
    </testcase>
    <testcase name="Equals (342)" classname="spec_perl_TestParamsCallShort_t" time="0.00120306015014648">
      <failure message="not ok 3 - Equals" type="TAP::Parser::Result::Test"></failure>
    </testcase>
  </testsuite>
  <testsuite name="spec_perl_TestTypeTernaryOpaque_t" errors="0" failures="0" skipped="0" tests="3" time="0.0489189624786377">
    <system-out>1..3
ok 1 - Equals
ok 2 - Equals
ok 3 - Equals
</system-out>
    <testcase name="Equals (343)" classname="spec_perl_TestTypeTernaryOpaque_t" time="0.000747919082641602" />
    <testcase name="Equals (344)" classname="spec_perl_TestTypeTernaryOpaque_t" time="0.000110149383544922" />
    <testcase name="Equals (345)" classname="spec_perl_TestTypeTernaryOpaque_t" time="4.48226928710938e-05" />
  </testsuite>
  <testsuite name="spec_perl_TestProcessToUser_t" errors="0" failures="0" skipped="0" tests="1" time="0.0491220951080322">
    <system-out>1..1
ok 1 - Equals
</system-out>
    <testcase name="Equals (346)" classname="spec_perl_TestProcessToUser_t" time="0.000627994537353516" />
  </testsuite>
  <testsuite name="spec_perl_TestFixedStruct_t" errors="1" failures="0" skipped="0" tests="0" time="0.0470609664916992">
    <system-out></system-out>
    <testcase name="Test died too soon, even before plan. (346)" classname="spec_perl_TestFixedStruct_t" time="0.0470609664916992">
      <failure message="The test suite died before a plan was produced. You need to have a plan." type="Plan">No plan</failure>
    </testcase>
  </testsuite>
  <testsuite name="spec_perl_TestEnumFancy_t" errors="0" failures="0" skipped="0" tests="2" time="0.0449039936065674">
    <system-out>1..2
ok 1 - Equals
ok 2 - Equals
</system-out>
    <testcase name="Equals (347)" classname="spec_perl_TestEnumFancy_t" time="0.000251054763793945" />
    <testcase name="Equals (348)" classname="spec_perl_TestEnumFancy_t" time="8.29696655273438e-05" />
  </testsuite>
  <testsuite name="spec_perl_TestFixedContents_t" errors="1" failures="0" skipped="0" tests="0" time="0.0515820980072021">
    <system-out></system-out>
    <testcase name="Test died too soon, even before plan. (348)" classname="spec_perl_TestFixedContents_t" time="0.0515820980072021">
      <failure message="The test suite died before a plan was produced. You need to have a plan." type="Plan">No plan</failure>
    </testcase>
  </testsuite>
  <testsuite name="spec_perl_TestInstanceIoUser_t" errors="0" failures="0" skipped="0" tests="4" time="0.0510358810424805">
    <system-out>1..4
ok 1 - Equals
ok 2 - Equals
ok 3 - Equals
ok 4 - Equals
</system-out>
    <testcase name="Equals (349)" classname="spec_perl_TestInstanceIoUser_t" time="0.000802993774414062" />
    <testcase name="Equals (350)" classname="spec_perl_TestInstanceIoUser_t" time="0.000118017196655273" />
    <testcase name="Equals (351)" classname="spec_perl_TestInstanceIoUser_t" time="6.29425048828125e-05" />
    <testcase name="Equals (352)" classname="spec_perl_TestInstanceIoUser_t" time="0.000147104263305664" />
  </testsuite>
  <testsuite name="spec_perl_TestValidLong_t" errors="1" failures="0" skipped="0" tests="0" time="0.045457124710083">
    <system-out></system-out>
    <testcase name="Test died too soon, even before plan. (352)" classname="spec_perl_TestValidLong_t" time="0.045457124710083">
      <failure message="The test suite died before a plan was produced. You need to have a plan." type="Plan">No plan</failure>
    </testcase>
  </testsuite>
  <testsuite name="spec_perl_TestTermStrz_t" errors="0" failures="0" skipped="0" tests="3" time="0.0453882217407227">
    <system-out>1..3
ok 1 - Equals
ok 2 - Equals
ok 3 - Equals
</system-out>
    <testcase name="Equals (353)" classname="spec_perl_TestTermStrz_t" time="0.000299930572509766" />
    <testcase name="Equals (354)" classname="spec_perl_TestTermStrz_t" time="0.000124216079711914" />
    <testcase name="Equals (355)" classname="spec_perl_TestTermStrz_t" time="7.79628753662109e-05" />
  </testsuite>
  <testsuite name="spec_perl_TestInstanceStdArray_t" errors="0" failures="0" skipped="0" tests="7" time="0.0489609241485596">
    <system-out>1..7
ok 1 - Equals
ok 2 - Equals
ok 3 - Equals
ok 4 - Equals
ok 5 - Equals
ok 6 - Equals
ok 7 - Equals
</system-out>
    <testcase name="Equals (356)" classname="spec_perl_TestInstanceStdArray_t" time="0.000513076782226562" />
    <testcase name="Equals (357)" classname="spec_perl_TestInstanceStdArray_t" time="0.000154972076416016" />
    <testcase name="Equals (358)" classname="spec_perl_TestInstanceStdArray_t" time="7.51018524169922e-05" />
    <testcase name="Equals (359)" classname="spec_perl_TestInstanceStdArray_t" time="0.000145912170410156" />
    <testcase name="Equals (360)" classname="spec_perl_TestInstanceStdArray_t" time="0.000159025192260742" />
    <testcase name="Equals (361)" classname="spec_perl_TestInstanceStdArray_t" time="0.000181913375854492" />
    <testcase name="Equals (362)" classname="spec_perl_TestInstanceStdArray_t" time="0.000132083892822266" />
  </testsuite>
  <testsuite name="spec_perl_TestTsPacketHeader_t" errors="0" failures="0" skipped="0" tests="7" time="0.0514171123504639">
    <system-out>1..7
ok 1 - Equals
ok 2 - Equals
ok 3 - Equals
ok 4 - Equals
ok 5 - Equals
ok 6 - Equals
ok 7 - Equals
</system-out>
    <testcase name="Equals (363)" classname="spec_perl_TestTsPacketHeader_t" time="0.000355005264282227" />
    <testcase name="Equals (364)" classname="spec_perl_TestTsPacketHeader_t" time="0.000101089477539062" />
    <testcase name="Equals (365)" classname="spec_perl_TestTsPacketHeader_t" time="5.98430633544922e-05" />
    <testcase name="Equals (366)" classname="spec_perl_TestTsPacketHeader_t" time="0.000128030776977539" />
    <testcase name="Equals (367)" classname="spec_perl_TestTsPacketHeader_t" time="0.000131130218505859" />
    <testcase name="Equals (368)" classname="spec_perl_TestTsPacketHeader_t" time="0.00011897087097168" />
    <testcase name="Equals (369)" classname="spec_perl_TestTsPacketHeader_t" time="0.000121831893920898" />
  </testsuite>
  <testsuite name="spec_perl_TestRepeatEosBit_t" errors="0" failures="1" skipped="0" tests="1" time="0.0464270114898682">
    <system-out>1..1
not ok 1 - Equals
</system-out>
    <testcase name="Equals (370)" classname="spec_perl_TestRepeatEosBit_t" time="0.00039982795715332">
      <failure message="not ok 1 - Equals" type="TAP::Parser::Result::Test"></failure>
    </testcase>
  </testsuite>
  <testsuite name="spec_perl_TestExprStrOps_t" errors="1" failures="0" skipped="0" tests="0" time="0.0437629222869873">
    <system-out></system-out>
    <testcase name="Test died too soon, even before plan. (370)" classname="spec_perl_TestExprStrOps_t" time="0.0437629222869873">
      <failure message="The test suite died before a plan was produced. You need to have a plan." type="Plan">No plan</failure>
    </testcase>
  </testsuite>
  <testsuite name="spec_perl_TestProcessRepeatBytes_t" errors="0" failures="0" skipped="0" tests="2" time="0.0459940433502197">
    <system-out>1..2
ok 1 - Equals
ok 2 - Equals
</system-out>
    <testcase name="Equals (371)" classname="spec_perl_TestProcessRepeatBytes_t" time="0.000236988067626953" />
    <testcase name="Equals (372)" classname="spec_perl_TestProcessRepeatBytes_t" time="7.91549682617188e-05" />
  </testsuite>
  <testsuite name="spec_perl_TestPositionAbs_t" errors="0" failures="0" skipped="0" tests="2" time="0.0484309196472168">
    <system-out>1..2
ok 1 - Equals
ok 2 - Equals
</system-out>
    <testcase name="Equals (373)" classname="spec_perl_TestPositionAbs_t" time="0.000186920166015625" />
    <testcase name="Equals (374)" classname="spec_perl_TestPositionAbs_t" time="0.00018310546875" />
  </testsuite>
  <testsuite name="spec_perl_TestZlibSurrounded_t" errors="0" failures="0" skipped="0" tests="1" time="0.067997932434082">
    <system-out>1..1
ok 1 - Equals
</system-out>
    <testcase name="Equals (375)" classname="spec_perl_TestZlibSurrounded_t" time="0.000922918319702148" />
  </testsuite>
  <testsuite name="spec_perl_TestExprSizeofType0_t" errors="0" failures="0" skipped="0" tests="1" time="0.043752908706665">
    <system-out>1..1
ok 1 - Equals
</system-out>
    <testcase name="Equals (376)" classname="spec_perl_TestExprSizeofType0_t" time="0.000174999237060547" />
  </testsuite>
  <testsuite name="spec_perl_TestEnumIntRangeU_t" errors="0" failures="0" skipped="0" tests="2" time="0.0442709922790527">
    <system-out>1..2
ok 1 - Equals
ok 2 - Equals
</system-out>
    <testcase name="Equals (377)" classname="spec_perl_TestEnumIntRangeU_t" time="0.000266790390014648" />
    <testcase name="Equals (378)" classname="spec_perl_TestEnumIntRangeU_t" time="8.41617584228516e-05" />
  </testsuite>
  <testsuite name="spec_perl_TestDebug0_t" errors="0" failures="0" skipped="1" tests="1" time="0.0454261302947998">
    <system-out>1..1
ok 1 # skip test_debug_0
</system-out>
    <testcase name="Unnamed test case 378" classname="spec_perl_TestDebug0_t" time="0.000193119049072266">
      <skipped message="ok 1 # skip test_debug_0" />
    </testcase>
  </testsuite>
  <testsuite name="spec_perl_TestEnum1_t" errors="0" failures="0" skipped="0" tests="2" time="0.0470149517059326">
    <system-out>1..2
ok 1 - Equals
ok 2 - Equals
</system-out>
    <testcase name="Equals (379)" classname="spec_perl_TestEnum1_t" time="0.000345945358276367" />
    <testcase name="Equals (380)" classname="spec_perl_TestEnum1_t" time="9.79900360107422e-05" />
  </testsuite>
  <testsuite name="spec_perl_TestDocstrings_t" errors="0" failures="0" skipped="1" tests="1" time="0.0476391315460205">
    <system-out>1..1
ok 1 # skip Docstrings=HASH(0x2be66e8)
</system-out>
    <testcase name="Unnamed test case 380" classname="spec_perl_TestDocstrings_t" time="0.00135302543640137">
      <skipped message="ok 1 # skip Docstrings=HASH(0x2be66e8)" />
    </testcase>
  </testsuite>
  <testsuite name="spec_perl_TestRepeatEosU4_t" errors="0" failures="0" skipped="0" tests="1" time="0.0443170070648193">
    <system-out>1..1
ok 1 - Equals
</system-out>
    <testcase name="Equals (381)" classname="spec_perl_TestRepeatEosU4_t" time="0.000176906585693359" />
  </testsuite>
  <testsuite name="spec_perl_TestRepeatNStruct_t" errors="0" failures="0" skipped="0" tests="5" time="0.0467560291290283">
    <system-out>1..5
ok 1 - Equals
ok 2 - Equals
ok 3 - Equals
ok 4 - Equals
ok 5 - Equals
</system-out>
    <testcase name="Equals (382)" classname="spec_perl_TestRepeatNStruct_t" time="0.000251054763793945" />
    <testcase name="Equals (383)" classname="spec_perl_TestRepeatNStruct_t" time="8.79764556884766e-05" />
    <testcase name="Equals (384)" classname="spec_perl_TestRepeatNStruct_t" time="0.000114917755126953" />
    <testcase name="Equals (385)" classname="spec_perl_TestRepeatNStruct_t" time="0.000147104263305664" />
    <testcase name="Equals (386)" classname="spec_perl_TestRepeatNStruct_t" time="0.000121116638183594" />
  </testsuite>
  <testsuite name="spec_perl_TestProcessXorConst_t" errors="0" failures="0" skipped="0" tests="2" time="0.0469939708709717">
    <system-out>1..2
ok 1 - Equals
ok 2 - Equals
</system-out>
    <testcase name="Equals (387)" classname="spec_perl_TestProcessXorConst_t" time="0.000297784805297852" />
    <testcase name="Equals (388)" classname="spec_perl_TestProcessXorConst_t" time="8.82148742675781e-05" />
  </testsuite>
  <testsuite name="spec_perl_TestBitsEnum_t" errors="0" failures="0" skipped="0" tests="3" time="0.044421911239624">
    <system-out>1..3
ok 1 - Equals
ok 2 - Equals
ok 3 - Equals
</system-out>
    <testcase name="Equals (389)" classname="spec_perl_TestBitsEnum_t" time="0.000277996063232422" />
    <testcase name="Equals (390)" classname="spec_perl_TestBitsEnum_t" time="8.392333984375e-05" />
    <testcase name="Equals (391)" classname="spec_perl_TestBitsEnum_t" time="9.01222229003906e-05" />
  </testsuite>
  <testsuite name="spec_perl_TestIndexSizes_t" errors="0" failures="0" skipped="0" tests="7" time="0.0504040718078613">
    <system-out>1..7
ok 1 - Equals
ok 2 - Equals
ok 3 - Equals
ok 4 - Equals
ok 5 - Equals
ok 6 - Equals
ok 7 - Equals
</system-out>
    <testcase name="Equals (392)" classname="spec_perl_TestIndexSizes_t" time="0.000334024429321289" />
    <testcase name="Equals (393)" classname="spec_perl_TestIndexSizes_t" time="8.392333984375e-05" />
    <testcase name="Equals (394)" classname="spec_perl_TestIndexSizes_t" time="0.000108957290649414" />
    <testcase name="Equals (395)" classname="spec_perl_TestIndexSizes_t" time="0.000145912170410156" />
    <testcase name="Equals (396)" classname="spec_perl_TestIndexSizes_t" time="0.000133037567138672" />
    <testcase name="Equals (397)" classname="spec_perl_TestIndexSizes_t" time="0.000128984451293945" />
    <testcase name="Equals (398)" classname="spec_perl_TestIndexSizes_t" time="0.00011897087097168" />
  </testsuite>
  <testsuite name="spec_perl_TestExpr2_t" errors="0" failures="0" skipped="0" tests="17" time="0.0533840656280518">
    <system-out>1..17
ok 1 - Equals
ok 2 - Equals
ok 3 - Equals
ok 4 - Equals
ok 5 - Equals
ok 6 - Equals
ok 7 - Equals
ok 8 - Equals
ok 9 - Equals
ok 10 - Equals
ok 11 - Equals
ok 12 - Equals
ok 13 - Equals
ok 14 - Equals
ok 15 - Equals
ok 16 - Equals
ok 17 - Equals
</system-out>
    <testcase name="Equals (399)" classname="spec_perl_TestExpr2_t" time="0.000777006149291992" />
    <testcase name="Equals (400)" classname="spec_perl_TestExpr2_t" time="0.000123977661132812" />
    <testcase name="Equals (401)" classname="spec_perl_TestExpr2_t" time="5.29289245605469e-05" />
    <testcase name="Equals (402)" classname="spec_perl_TestExpr2_t" time="6.69956207275391e-05" />
    <testcase name="Equals (403)" classname="spec_perl_TestExpr2_t" time="0.000396013259887695" />
    <testcase name="Equals (404)" classname="spec_perl_TestExpr2_t" time="0.000103950500488281" />
    <testcase name="Equals (405)" classname="spec_perl_TestExpr2_t" time="0.00014495849609375" />
    <testcase name="Equals (406)" classname="spec_perl_TestExpr2_t" time="0.00023198127746582" />
    <testcase name="Equals (407)" classname="spec_perl_TestExpr2_t" time="0.000284194946289062" />
    <testcase name="Equals (408)" classname="spec_perl_TestExpr2_t" time="0.000164985656738281" />
    <testcase name="Equals (409)" classname="spec_perl_TestExpr2_t" time="0.000162839889526367" />
    <testcase name="Equals (410)" classname="spec_perl_TestExpr2_t" time="0.000147104263305664" />
    <testcase name="Equals (411)" classname="spec_perl_TestExpr2_t" time="0.000150918960571289" />
    <testcase name="Equals (412)" classname="spec_perl_TestExpr2_t" time="0.000179052352905273" />
    <testcase name="Equals (413)" classname="spec_perl_TestExpr2_t" time="0.00011897087097168" />
    <testcase name="Equals (414)" classname="spec_perl_TestExpr2_t" time="0.000149965286254883" />
    <testcase name="Equals (415)" classname="spec_perl_TestExpr2_t" time="0.000149965286254883" />
  </testsuite>
  <testsuite name="spec_perl_TestNestedTypes2_t" errors="0" failures="0" skipped="0" tests="7" time="0.0453579425811768">
    <system-out>1..7
ok 1 - Equals
ok 2 - Equals
ok 3 - Equals
ok 4 - Equals
ok 5 - Equals
ok 6 - Equals
ok 7 - Equals
</system-out>
    <testcase name="Equals (416)" classname="spec_perl_TestNestedTypes2_t" time="0.00030207633972168" />
    <testcase name="Equals (417)" classname="spec_perl_TestNestedTypes2_t" time="8.89301300048828e-05" />
    <testcase name="Equals (418)" classname="spec_perl_TestNestedTypes2_t" time="8.29696655273438e-05" />
    <testcase name="Equals (419)" classname="spec_perl_TestNestedTypes2_t" time="0.000149011611938477" />
    <testcase name="Equals (420)" classname="spec_perl_TestNestedTypes2_t" time="0.000142097473144531" />
    <testcase name="Equals (421)" classname="spec_perl_TestNestedTypes2_t" time="0.000105857849121094" />
    <testcase name="Equals (422)" classname="spec_perl_TestNestedTypes2_t" time="0.000143051147460938" />
  </testsuite>
  <testsuite name="spec_perl_TestExprMod_t" errors="0" failures="0" skipped="0" tests="6" time="0.0449590682983398">
    <system-out>1..6
ok 1 - Equals
ok 2 - Equals
ok 3 - Equals
ok 4 - Equals
ok 5 - Equals
ok 6 - Equals
</system-out>
    <testcase name="Equals (423)" classname="spec_perl_TestExprMod_t" time="0.000195026397705078" />
    <testcase name="Equals (424)" classname="spec_perl_TestExprMod_t" time="8.10623168945312e-05" />
    <testcase name="Equals (425)" classname="spec_perl_TestExprMod_t" time="0.000128030776977539" />
    <testcase name="Equals (426)" classname="spec_perl_TestExprMod_t" time="0.00014185905456543" />
    <testcase name="Equals (427)" classname="spec_perl_TestExprMod_t" time="0.000126123428344727" />
    <testcase name="Equals (428)" classname="spec_perl_TestExprMod_t" time="0.00014805793762207" />
  </testsuite>
  <testsuite name="spec_perl_TestNestedTypes_t" errors="0" failures="0" skipped="0" tests="3" time="0.0445008277893066">
    <system-out>1..3
ok 1 - Equals
ok 2 - Equals
ok 3 - Equals
</system-out>
    <testcase name="Equals (429)" classname="spec_perl_TestNestedTypes_t" time="0.000323057174682617" />
    <testcase name="Equals (430)" classname="spec_perl_TestNestedTypes_t" time="8.58306884765625e-05" />
    <testcase name="Equals (431)" classname="spec_perl_TestNestedTypes_t" time="7.70092010498047e-05" />
  </testsuite>
  <testsuite name="spec_perl_TestNavParent_t" errors="0" failures="0" skipped="0" tests="5" time="0.0496699810028076">
    <system-out>1..5
ok 1 - Equals
ok 2 - Equals
ok 3 - Equals
ok 4 - Equals
ok 5 - Equals
</system-out>
    <testcase name="Equals (432)" classname="spec_perl_TestNavParent_t" time="0.000542879104614258" />
    <testcase name="Equals (433)" classname="spec_perl_TestNavParent_t" time="0.00014805793762207" />
    <testcase name="Equals (434)" classname="spec_perl_TestNavParent_t" time="5.19752502441406e-05" />
    <testcase name="Equals (435)" classname="spec_perl_TestNavParent_t" time="4.29153442382812e-05" />
    <testcase name="Equals (436)" classname="spec_perl_TestNavParent_t" time="5.60283660888672e-05" />
  </testsuite>
  <testsuite name="spec_perl_TestZlibWithHeader78_t" errors="0" failures="0" skipped="0" tests="1" time="0.0690360069274902">
    <system-out>1..1
ok 1 - Equals
</system-out>
    <testcase name="Equals (437)" classname="spec_perl_TestZlibWithHeader78_t" time="0.000646114349365234" />
  </testsuite>
  <testsuite name="spec_perl_TestDefaultEndianExprIsLe_t" errors="0" failures="0" skipped="0" tests="12" time="0.0476140975952148">
    <system-out>1..12
ok 1 - Equals
ok 2 - Equals
ok 3 - Equals
ok 4 - Equals
ok 5 - Equals
ok 6 - Equals
ok 7 - Equals
ok 8 - Equals
ok 9 - Equals
ok 10 - Equals
ok 11 - Equals
ok 12 - Equals
</system-out>
    <testcase name="Equals (438)" classname="spec_perl_TestDefaultEndianExprIsLe_t" time="0.000283956527709961" />
    <testcase name="Equals (439)" classname="spec_perl_TestDefaultEndianExprIsLe_t" time="8.58306884765625e-05" />
    <testcase name="Equals (440)" classname="spec_perl_TestDefaultEndianExprIsLe_t" time="5.81741333007812e-05" />
    <testcase name="Equals (441)" classname="spec_perl_TestDefaultEndianExprIsLe_t" time="0.000154972076416016" />
    <testcase name="Equals (442)" classname="spec_perl_TestDefaultEndianExprIsLe_t" time="0.000117063522338867" />
    <testcase name="Equals (443)" classname="spec_perl_TestDefaultEndianExprIsLe_t" time="0.000149965286254883" />
    <testcase name="Equals (444)" classname="spec_perl_TestDefaultEndianExprIsLe_t" time="0.000118017196655273" />
    <testcase name="Equals (445)" classname="spec_perl_TestDefaultEndianExprIsLe_t" time="0.000145912170410156" />
    <testcase name="Equals (446)" classname="spec_perl_TestDefaultEndianExprIsLe_t" time="0.000123977661132812" />
    <testcase name="Equals (447)" classname="spec_perl_TestDefaultEndianExprIsLe_t" time="0.000123977661132812" />
    <testcase name="Equals (448)" classname="spec_perl_TestDefaultEndianExprIsLe_t" time="0.000149011611938477" />
    <testcase name="Equals (449)" classname="spec_perl_TestDefaultEndianExprIsLe_t" time="0.0001220703125" />
  </testsuite>
  <testsuite name="spec_perl_TestOptionalId_t" errors="0" failures="0" skipped="0" tests="3" time="0.045619010925293">
    <system-out>1..3
ok 1 - Equals
ok 2 - Equals
ok 3 - Equals
</system-out>
    <testcase name="Equals (450)" classname="spec_perl_TestOptionalId_t" time="0.000324010848999023" />
    <testcase name="Equals (451)" classname="spec_perl_TestOptionalId_t" time="0.000100851058959961" />
[...]
  </testsuite>
  <testsuite name="spec_perl_TestInstanceUserArray_t" errors="0" failures="0" skipped="0" tests="10" time="0.0504591464996338">
    <system-out>1..10
ok 1 - Equals
ok 2 - Equals
ok 3 - Equals
ok 4 - Equals
ok 5 - Equals
ok 6 - Equals
ok 7 - Equals
ok 8 - Equals
ok 9 - Equals
ok 10 - Equals
</system-out>
    <testcase name="Equals (645)" classname="spec_perl_TestInstanceUserArray_t" time="0.000211954116821289" />
    <testcase name="Equals (646)" classname="spec_perl_TestInstanceUserArray_t" time="7.91549682617188e-05" />
    <testcase name="Equals (647)" classname="spec_perl_TestInstanceUserArray_t" time="0.000157833099365234" />
    <testcase name="Equals (648)" classname="spec_perl_TestInstanceUserArray_t" time="0.000616073608398438" />
    <testcase name="Equals (649)" classname="spec_perl_TestInstanceUserArray_t" time="8.70227813720703e-05" />
    <testcase name="Equals (650)" classname="spec_perl_TestInstanceUserArray_t" time="0.000101089477539062" />
    <testcase name="Equals (651)" classname="spec_perl_TestInstanceUserArray_t" time="0.000159978866577148" />
    <testcase name="Equals (652)" classname="spec_perl_TestInstanceUserArray_t" time="0.000129938125610352" />
    <testcase name="Equals (653)" classname="spec_perl_TestInstanceUserArray_t" time="0.000133991241455078" />
    <testcase name="Equals (654)" classname="spec_perl_TestInstanceUserArray_t" time="0.000169992446899414" />
  </testsuite>
  <testsuite name="spec_perl_TestProcessCoerceUsertype2_t" errors="0" failures="0" skipped="0" tests="4" time="0.0459921360015869">
    <system-out>1..4
ok 1 - Equals
ok 2 - Equals
ok 3 - Equals
ok 4 - Equals
</system-out>
    <testcase name="Equals (655)" classname="spec_perl_TestProcessCoerceUsertype2_t" time="0.000725984573364258" />
    <testcase name="Equals (656)" classname="spec_perl_TestProcessCoerceUsertype2_t" time="0.000169038772583008" />
    <testcase name="Equals (657)" classname="spec_perl_TestProcessCoerceUsertype2_t" time="4.69684600830078e-05" />
    <testcase name="Equals (658)" classname="spec_perl_TestProcessCoerceUsertype2_t" time="6.19888305664062e-05" />
  </testsuite>
  <testsuite name="spec_perl_TestSwitchRepeatExpr_t" errors="0" failures="0" skipped="0" tests="3" time="0.0460710525512695">
    <system-out>1..3
ok 1 - Equals
ok 2 - Equals
ok 3 - Equals
</system-out>
    <testcase name="Equals (659)" classname="spec_perl_TestSwitchRepeatExpr_t" time="0.000692129135131836" />
    <testcase name="Equals (660)" classname="spec_perl_TestSwitchRepeatExpr_t" time="0.000136852264404297" />
    <testcase name="Equals (661)" classname="spec_perl_TestSwitchRepeatExpr_t" time="4.60147857666016e-05" />
  </testsuite>
  <testsuite name="spec_perl_TestNavRoot_t" errors="0" failures="0" skipped="0" tests="5" time="0.0483250617980957">
    <system-out>1..5
ok 1 - Equals
ok 2 - Equals
ok 3 - Equals
ok 4 - Equals
ok 5 - Equals
</system-out>
    <testcase name="Equals (662)" classname="spec_perl_TestNavRoot_t" time="0.000422000885009766" />
    <testcase name="Equals (663)" classname="spec_perl_TestNavRoot_t" time="0.000100135803222656" />
    <testcase name="Equals (664)" classname="spec_perl_TestNavRoot_t" time="5.88893890380859e-05" />
    <testcase name="Equals (665)" classname="spec_perl_TestNavRoot_t" time="0.000134944915771484" />
    <testcase name="Equals (666)" classname="spec_perl_TestNavRoot_t" time="0.000127077102661133" />
  </testsuite>
  <testsuite name="spec_perl_TestNavParent3_t" errors="0" failures="0" skipped="0" tests="10" time="0.0522899627685547">
    <system-out>1..10
ok 1 - Equals
ok 2 - Equals
ok 3 - Equals
ok 4 - Equals
ok 5 - Equals
ok 6 - Equals
ok 7 - Equals
ok 8 - Equals
ok 9 - Equals
ok 10 - Equals
</system-out>
    <testcase name="Equals (667)" classname="spec_perl_TestNavParent3_t" time="0.000339984893798828" />
    <testcase name="Equals (668)" classname="spec_perl_TestNavParent3_t" time="9.79900360107422e-05" />
    <testcase name="Equals (669)" classname="spec_perl_TestNavParent3_t" time="0.000164031982421875" />
    <testcase name="Equals (670)" classname="spec_perl_TestNavParent3_t" time="0.000135898590087891" />
    <testcase name="Equals (671)" classname="spec_perl_TestNavParent3_t" time="0.000133037567138672" />
    <testcase name="Equals (672)" classname="spec_perl_TestNavParent3_t" time="0.000211000442504883" />
    <testcase name="Equals (673)" classname="spec_perl_TestNavParent3_t" time="0.000105857849121094" />
    <testcase name="Equals (674)" classname="spec_perl_TestNavParent3_t" time="0.000150203704833984" />
    <testcase name="Equals (675)" classname="spec_perl_TestNavParent3_t" time="0.000113010406494141" />
    <testcase name="Equals (676)" classname="spec_perl_TestNavParent3_t" time="0.000239849090576172" />
  </testsuite>
  <testsuite name="spec_perl_TestIfStruct_t" errors="0" failures="0" skipped="0" tests="7" time="0.0497970581054688">
    <system-out>1..7
ok 1 - Equals
ok 2 - Equals
ok 3 - Equals
ok 4 - Equals
ok 5 - Equals
ok 6 - Equals
ok 7 - Equals
</system-out>
    <testcase name="Equals (677)" classname="spec_perl_TestIfStruct_t" time="0.000503778457641602" />
    <testcase name="Equals (678)" classname="spec_perl_TestIfStruct_t" time="0.000109195709228516" />
    <testcase name="Equals (679)" classname="spec_perl_TestIfStruct_t" time="6.07967376708984e-05" />
    <testcase name="Equals (680)" classname="spec_perl_TestIfStruct_t" time="5.50746917724609e-05" />
    <testcase name="Equals (681)" classname="spec_perl_TestIfStruct_t" time="0.000174999237060547" />
    <testcase name="Equals (682)" classname="spec_perl_TestIfStruct_t" time="9.79900360107422e-05" />
    <testcase name="Equals (683)" classname="spec_perl_TestIfStruct_t" time="0.000154018402099609" />
  </testsuite>
  <testsuite name="spec_perl_TestIfInstances_t" errors="0" failures="0" skipped="0" tests="1" time="0.0452759265899658">
    <system-out>1..1
ok 1 - nil
</system-out>
    <testcase name="nil (683)" classname="spec_perl_TestIfInstances_t" time="0.000210046768188477" />
  </testsuite>
  <testsuite name="spec_perl_TestEnumLongRangeS_t" errors="0" failures="0" skipped="0" tests="7" time="0.0446360111236572">
    <system-out>1..7
ok 1 - Equals
ok 2 - Equals
ok 3 - Equals
ok 4 - Equals
ok 5 - Equals
ok 6 - Equals
ok 7 - Equals
</system-out>
    <testcase name="Equals (684)" classname="spec_perl_TestEnumLongRangeS_t" time="0.000311136245727539" />
    <testcase name="Equals (685)" classname="spec_perl_TestEnumLongRangeS_t" time="0.000104904174804688" />
    <testcase name="Equals (686)" classname="spec_perl_TestEnumLongRangeS_t" time="6.00814819335938e-05" />
    <testcase name="Equals (687)" classname="spec_perl_TestEnumLongRangeS_t" time="0.000138998031616211" />
    <testcase name="Equals (688)" classname="spec_perl_TestEnumLongRangeS_t" time="0.000128030776977539" />
    <testcase name="Equals (689)" classname="spec_perl_TestEnumLongRangeS_t" time="0.000140905380249023" />
    <testcase name="Equals (690)" classname="spec_perl_TestEnumLongRangeS_t" time="0.000119924545288086" />
  </testsuite>
  <testsuite name="spec_perl_TestParamsPassUsertype_t" errors="0" failures="1" skipped="1" tests="2" time="0.0494358539581299">
    <system-out>1..2
not ok 1 - test_params_pass_usertype died (Can't call method &quot;foo&quot; on an undefined value at compiled/perl/ParamsPassUsertype.pm line 119.)
ok 2 # skip test_params_pass_usertype died
</system-out>
    <testcase name="test_params_pass_usertype died (Can't call method &quot;foo&quot; on an undefined value at compiled/perl/ParamsPassUsertype.pm line 119.) (690)" classname="spec_perl_TestParamsPassUsertype_t" time="0.000359058380126953">
      <failure message="not ok 1 - test_params_pass_usertype died (Can't call method &quot;foo&quot; on an undefined value at compiled/perl/ParamsPassUsertype.pm line 119.)" type="TAP::Parser::Result::Test"></failure>
    </testcase>
    <testcase name="Unnamed test case 690" classname="spec_perl_TestParamsPassUsertype_t" time="0.0018160343170166">
      <skipped message="ok 2 # skip test_params_pass_usertype died" />
    </testcase>
  </testsuite>
  <testsuite name="spec_perl_TestMultipleUse_t" errors="0" failures="0" skipped="0" tests="2" time="0.0457789897918701">
    <system-out>1..2
ok 1 - Equals
ok 2 - Equals
</system-out>
    <testcase name="Equals (691)" classname="spec_perl_TestMultipleUse_t" time="0.000194072723388672" />
    <testcase name="Equals (692)" classname="spec_perl_TestMultipleUse_t" time="5.91278076171875e-05" />
  </testsuite>
  <testsuite name="spec_perl_TestBufferedStruct_t" errors="0" failures="0" skipped="0" tests="7" time="0.0471200942993164">
    <system-out>1..7
ok 1 - Equals
ok 2 - Equals
ok 3 - Equals
ok 4 - Equals
ok 5 - Equals
ok 6 - Equals
ok 7 - Equals
</system-out>
    <testcase name="Equals (693)" classname="spec_perl_TestBufferedStruct_t" time="0.000622987747192383" />
    <testcase name="Equals (694)" classname="spec_perl_TestBufferedStruct_t" time="0.000119924545288086" />
    <testcase name="Equals (695)" classname="spec_perl_TestBufferedStruct_t" time="4.91142272949219e-05" />
    <testcase name="Equals (696)" classname="spec_perl_TestBufferedStruct_t" time="8.392333984375e-05" />
    <testcase name="Equals (697)" classname="spec_perl_TestBufferedStruct_t" time="0.000236034393310547" />
    <testcase name="Equals (698)" classname="spec_perl_TestBufferedStruct_t" time="8.08238983154297e-05" />
    <testcase name="Equals (699)" classname="spec_perl_TestBufferedStruct_t" time="0.00014805793762207" />
  </testsuite>
  <testsuite name="spec_perl_TestIoLocalVar_t" errors="0" failures="0" skipped="0" tests="2" time="0.0478060245513916">
    <system-out>1..2
ok 1 - Equals
ok 2 - Equals
</system-out>
    <testcase name="Equals (700)" classname="spec_perl_TestIoLocalVar_t" time="0.000694990158081055" />
    <testcase name="Equals (701)" classname="spec_perl_TestIoLocalVar_t" time="0.000112056732177734" />
  </testsuite>
  <testsuite name="spec_perl_TestEosExceptionBytes_t" errors="0" failures="0" skipped="0" tests="1" time="0.0464799404144287">
    <system-out>1..1
ok 1 - Died
</system-out>
    <testcase name="Died (701)" classname="spec_perl_TestEosExceptionBytes_t" time="0.000506877899169922" />
  </testsuite>
  <testsuite name="spec_perl_TestStrLiterals2_t" errors="0" failures="0" skipped="0" tests="4" time="0.0446171760559082">
    <system-out>1..4
ok 1 - Equals
ok 2 - Equals
ok 3 - Equals
ok 4 - Equals
</system-out>
    <testcase name="Equals (702)" classname="spec_perl_TestStrLiterals2_t" time="0.000189065933227539" />
    <testcase name="Equals (703)" classname="spec_perl_TestStrLiterals2_t" time="9.20295715332031e-05" />
    <testcase name="Equals (704)" classname="spec_perl_TestStrLiterals2_t" time="0.000175952911376953" />
    <testcase name="Equals (705)" classname="spec_perl_TestStrLiterals2_t" time="0.000140905380249023" />
  </testsuite>
  <testsuite name="spec_perl_TestStrEncodingsDefault_t" errors="0" failures="0" skipped="0" tests="4" time="0.0496039390563965">
    <system-out>1..4
ok 1 - Equals
ok 2 - Equals
ok 3 - Equals
ok 4 - Equals
</system-out>
    <testcase name="Equals (706)" classname="spec_perl_TestStrEncodingsDefault_t" time="0.00318813323974609" />
    <testcase name="Equals (707)" classname="spec_perl_TestStrEncodingsDefault_t" time="0.000112056732177734" />
    <testcase name="Equals (708)" classname="spec_perl_TestStrEncodingsDefault_t" time="5.98430633544922e-05" />
    <testcase name="Equals (709)" classname="spec_perl_TestStrEncodingsDefault_t" time="0.000117063522338867" />
  </testsuite>
  <testsuite name="spec_perl_TestStrEos_t" errors="0" failures="0" skipped="0" tests="1" time="0.045889139175415">
    <system-out>1..1
ok 1 - Equals
</system-out>
    <testcase name="Equals (710)" classname="spec_perl_TestStrEos_t" time="0.000234127044677734" />
  </testsuite>
  <testsuite name="spec_perl_TestSwitchManualIntElse_t" errors="0" failures="0" skipped="0" tests="9" time="0.0476179122924805">
    <system-out>1..9
ok 1 - Equals
ok 2 - Equals
ok 3 - Equals
ok 4 - Equals
ok 5 - Equals
ok 6 - Equals
ok 7 - Equals
ok 8 - Equals
ok 9 - Equals
</system-out>
    <testcase name="Equals (711)" classname="spec_perl_TestSwitchManualIntElse_t" time="0.000475168228149414" />
    <testcase name="Equals (712)" classname="spec_perl_TestSwitchManualIntElse_t" time="0.000103950500488281" />
    <testcase name="Equals (713)" classname="spec_perl_TestSwitchManualIntElse_t" time="6.103515625e-05" />
    <testcase name="Equals (714)" classname="spec_perl_TestSwitchManualIntElse_t" time="0.000145912170410156" />
    <testcase name="Equals (715)" classname="spec_perl_TestSwitchManualIntElse_t" time="0.000120878219604492" />
    <testcase name="Equals (716)" classname="spec_perl_TestSwitchManualIntElse_t" time="0.000133037567138672" />
    <testcase name="Equals (717)" classname="spec_perl_TestSwitchManualIntElse_t" time="0.000132083892822266" />
    <testcase name="Equals (718)" classname="spec_perl_TestSwitchManualIntElse_t" time="0.000123977661132812" />
    <testcase name="Equals (719)" classname="spec_perl_TestSwitchManualIntElse_t" time="0.000176906585693359" />
  </testsuite>
  <testsuite name="spec_perl_TestRepeatUntilSized_t" errors="0" failures="0" skipped="0" tests="7" time="0.0461039543151855">
    <system-out>1..7
ok 1 - Equals
ok 2 - Equals
ok 3 - Equals
ok 4 - Equals
ok 5 - Equals
ok 6 - Equals
ok 7 - Equals
</system-out>
    <testcase name="Equals (720)" classname="spec_perl_TestRepeatUntilSized_t" time="0.000672101974487305" />
    <testcase name="Equals (721)" classname="spec_perl_TestRepeatUntilSized_t" time="0.000112056732177734" />
    <testcase name="Equals (722)" classname="spec_perl_TestRepeatUntilSized_t" time="5.88893890380859e-05" />
    <testcase name="Equals (723)" classname="spec_perl_TestRepeatUntilSized_t" time="0.000133991241455078" />
    <testcase name="Equals (724)" classname="spec_perl_TestRepeatUntilSized_t" time="0.000138044357299805" />
    <testcase name="Equals (725)" classname="spec_perl_TestRepeatUntilSized_t" time="0.000132083892822266" />
    <testcase name="Equals (726)" classname="spec_perl_TestRepeatUntilSized_t" time="0.00010991096496582" />
  </testsuite>
  <testsuite name="spec_perl_TestYamlInts_t" errors="0" failures="0" skipped="0" tests="4" time="0.054311990737915">
    <system-out>1..4
ok 1 - Equals
ok 2 - Equals
ok 3 - Equals
ok 4 - Equals
</system-out>
    <testcase name="Equals (727)" classname="spec_perl_TestYamlInts_t" time="0.000698089599609375" />
    <testcase name="Equals (728)" classname="spec_perl_TestYamlInts_t" time="0.000356912612915039" />
    <testcase name="Equals (729)" classname="spec_perl_TestYamlInts_t" time="0.000306129455566406" />
    <testcase name="Equals (730)" classname="spec_perl_TestYamlInts_t" time="0.000295877456665039" />
  </testsuite>
  <testsuite name="spec_perl_TestSwitchManualEnumInvalid_t" errors="0" failures="0" skipped="0" tests="5" time="0.0454308986663818">
    <system-out>1..5
ok 1 - Equals
ok 2 - Equals
ok 3 - nil
ok 4 - Equals
ok 5 - nil
</system-out>
    <testcase name="Equals (731)" classname="spec_perl_TestSwitchManualEnumInvalid_t" time="0.000259876251220703" />
    <testcase name="Equals (732)" classname="spec_perl_TestSwitchManualEnumInvalid_t" time="7.89165496826172e-05" />
    <testcase name="nil (732)" classname="spec_perl_TestSwitchManualEnumInvalid_t" time="5.81741333007812e-05" />
    <testcase name="Equals (733)" classname="spec_perl_TestSwitchManualEnumInvalid_t" time="0.000112056732177734" />
    <testcase name="nil (733)" classname="spec_perl_TestSwitchManualEnumInvalid_t" time="6.69956207275391e-05" />
  </testsuite>
  <testsuite name="spec_perl_TestEnumDeep_t" errors="0" failures="0" skipped="0" tests="2" time="0.0457949638366699">
    <system-out>1..2
ok 1 - Equals
ok 2 - Equals
</system-out>
    <testcase name="Equals (734)" classname="spec_perl_TestEnumDeep_t" time="0.000248908996582031" />
    <testcase name="Equals (735)" classname="spec_perl_TestEnumDeep_t" time="7.20024108886719e-05" />
  </testsuite>
  <testsuite name="spec_perl_TestNavParentOverride_t" errors="0" failures="0" skipped="0" tests="3" time="0.0451281070709229">
    <system-out>1..3
ok 1 - Equals
ok 2 - Equals
ok 3 - Equals
</system-out>
    <testcase name="Equals (736)" classname="spec_perl_TestNavParentOverride_t" time="0.000319004058837891" />
    <testcase name="Equals (737)" classname="spec_perl_TestNavParentOverride_t" time="8.89301300048828e-05" />
    <testcase name="Equals (738)" classname="spec_perl_TestNavParentOverride_t" time="0.000107049942016602" />
  </testsuite>
  <testsuite name="spec_perl_TestNestedSameName2_t" errors="0" failures="0" skipped="0" tests="5" time="0.0443651676177979">
    <system-out>1..5
ok 1 - Equals
ok 2 - Equals
ok 3 - Equals
ok 4 - Equals
ok 5 - Equals
</system-out>
    <testcase name="Equals (739)" classname="spec_perl_TestNestedSameName2_t" time="0.000252962112426758" />
    <testcase name="Equals (740)" classname="spec_perl_TestNestedSameName2_t" time="8.20159912109375e-05" />
    <testcase name="Equals (741)" classname="spec_perl_TestNestedSameName2_t" time="0.000134944915771484" />
    <testcase name="Equals (742)" classname="spec_perl_TestNestedSameName2_t" time="0.000102043151855469" />
    <testcase name="Equals (743)" classname="spec_perl_TestNestedSameName2_t" time="0.000154018402099609" />
  </testsuite>
  <testsuite name="spec_perl_TestProcessCoerceSwitch_t" errors="0" failures="0" skipped="0" tests="3" time="0.0449981689453125">
    <system-out>1..3
ok 1 - Equals
ok 2 - Equals
ok 3 - Equals
</system-out>
    <testcase name="Equals (744)" classname="spec_perl_TestProcessCoerceSwitch_t" time="0.000587940216064453" />
    <testcase name="Equals (745)" classname="spec_perl_TestProcessCoerceSwitch_t" time="0.000107049942016602" />
    <testcase name="Equals (746)" classname="spec_perl_TestProcessCoerceSwitch_t" time="5.88893890380859e-05" />
  </testsuite>
  <testsuite name="spec_perl_TestIntegers_t" errors="1" failures="0" skipped="0" tests="0" time="0.0450150966644287">
    <system-out></system-out>
    <testcase name="Test died too soon, even before plan. (746)" classname="spec_perl_TestIntegers_t" time="0.0450150966644287">
      <failure message="The test suite died before a plan was produced. You need to have a plan." type="Plan">No plan</failure>
    </testcase>
  </testsuite>
  <testsuite name="spec_perl_TestDefaultBigEndian_t" errors="0" failures="0" skipped="0" tests="1" time="0.0478360652923584">
    <system-out>1..1
ok 1 - Equals
</system-out>
    <testcase name="Equals (747)" classname="spec_perl_TestDefaultBigEndian_t" time="0.000372171401977539" />
  </testsuite>
  <testsuite name="spec_perl_TestNavParentSwitchCast_t" errors="0" failures="0" skipped="0" tests="3" time="0.0473029613494873">
    <system-out>1..3
ok 1 - Equals
ok 2 - Equals
ok 3 - Equals
</system-out>
    <testcase name="Equals (748)" classname="spec_perl_TestNavParentSwitchCast_t" time="0.000770092010498047" />
    <testcase name="Equals (749)" classname="spec_perl_TestNavParentSwitchCast_t" time="0.000123977661132812" />
    <testcase name="Equals (750)" classname="spec_perl_TestNavParentSwitchCast_t" time="5.69820404052734e-05" />
  </testsuite>
  <testsuite name="spec_perl_TestOpaqueExternalType02Parent_t" errors="0" failures="0" skipped="0" tests="3" time="0.0496008396148682">
    <system-out>1..3
ok 1 - Equals
ok 2 - Equals
ok 3 - Equals
</system-out>
    <testcase name="Equals (751)" classname="spec_perl_TestOpaqueExternalType02Parent_t" time="0.000425100326538086" />
    <testcase name="Equals (752)" classname="spec_perl_TestOpaqueExternalType02Parent_t" time="9.39369201660156e-05" />
    <testcase name="Equals (753)" classname="spec_perl_TestOpaqueExternalType02Parent_t" time="5.60283660888672e-05" />
  </testsuite>
</testsuites>
