<?xml version='1.0' encoding='utf-8'?>
<testsuites>
  <testsuite name="spec_perl_TestEnumDeep_t" errors="0" failures="0" skipped="0" tests="2" time="0.0457730293273926">
    <system-out>1..2
ok 1 - Equals
ok 2 - Equals
</system-out>
    <testcase name="Equals" classname="spec_perl_TestEnumDeep_t" time="0.000261068344116211" />
    <testcase name="Equals (2)" classname="spec_perl_TestEnumDeep_t" time="7.98702239990234e-05" />
  </testsuite>
  <testsuite name="spec_perl_TestBitsByteAligned_t" errors="0" failures="0" skipped="0" tests="9" time="0.0459549427032471">
    <system-out>1..9
ok 1 - Equals
ok 2 - Equals
ok 3 - Equals
ok 4 - Equals
ok 5 - Equals
ok 6 - Equals
ok 7 - Equals
ok 8 - Equals
ok 9 - Equals
</system-out>
    <testcase name="Equals (3)" classname="spec_perl_TestBitsByteAligned_t" time="0.000328779220581055" />
    <testcase name="Equals (4)" classname="spec_perl_TestBitsByteAligned_t" time="8.41617584228516e-05" />
    <testcase name="Equals (5)" classname="spec_perl_TestBitsByteAligned_t" time="8.70227813720703e-05" />
    <testcase name="Equals (6)" classname="spec_perl_TestBitsByteAligned_t" time="0.000145912170410156" />
    <testcase name="Equals (7)" classname="spec_perl_TestBitsByteAligned_t" time="0.0001220703125" />
    <testcase name="Equals (8)" classname="spec_perl_TestBitsByteAligned_t" time="0.000130891799926758" />
    <testcase name="Equals (9)" classname="spec_perl_TestBitsByteAligned_t" time="0.000147104263305664" />
    <testcase name="Equals (10)" classname="spec_perl_TestBitsByteAligned_t" time="0.000112056732177734" />
    <testcase name="Equals (11)" classname="spec_perl_TestBitsByteAligned_t" time="0.00014495849609375" />
  </testsuite>
  <testsuite name="spec_perl_TestIoLocalVar_t" errors="0" failures="0" skipped="0" tests="2" time="0.0457420349121094">
    <system-out>1..2
ok 1 - Equals
ok 2 - Equals
</system-out>
    <testcase name="Equals (12)" classname="spec_perl_TestIoLocalVar_t" time="0.000573158264160156" />
    <testcase name="Equals (13)" classname="spec_perl_TestIoLocalVar_t" time="0.000104904174804688" />
  </testsuite>
  <testsuite name="spec_perl_TestDocstrings_t" errors="0" failures="0" skipped="1" tests="1" time="0.0477797985076904">
    <system-out>1..1
ok 1 # skip Docstrings=HASH(0x14bcf48)
</system-out>
    <testcase name="Unnamed test case 13" classname="spec_perl_TestDocstrings_t" time="0.00149393081665039">
      <skipped message="ok 1 # skip Docstrings=HASH(0x14bcf48)" />
    </testcase>
  </testsuite>
  <testsuite name="spec_perl_TestMetaXref_t" errors="0" failures="0" skipped="1" tests="1" time="0.0465481281280518">
    <system-out>1..1
ok 1 # skip MetaXref=HASH(0x1ff38a0)
</system-out>
    <testcase name="Unnamed test case 14" classname="spec_perl_TestMetaXref_t" time="0.00138592720031738">
      <skipped message="ok 1 # skip MetaXref=HASH(0x1ff38a0)" />
    </testcase>
  </testsuite>
  <testsuite name="spec_perl_TestNavParent3_t" errors="0" failures="0" skipped="0" tests="10" time="0.0494310855865479">
    <system-out>1..10
ok 1 - Equals
ok 2 - Equals
ok 3 - Equals
ok 4 - Equals
ok 5 - Equals
ok 6 - Equals
ok 7 - Equals
ok 8 - Equals
ok 9 - Equals
ok 10 - Equals
</system-out>
    <testcase name="Equals (14)" classname="spec_perl_TestNavParent3_t" time="0.000294208526611328" />
    <testcase name="Equals (15)" classname="spec_perl_TestNavParent3_t" time="8.98838043212891e-05" />
    <testcase name="Equals (16)" classname="spec_perl_TestNavParent3_t" time="0.000200986862182617" />
    <testcase name="Equals (17)" classname="spec_perl_TestNavParent3_t" time="0.000102043151855469" />
    <testcase name="Equals (18)" classname="spec_perl_TestNavParent3_t" time="0.000145912170410156" />
    <testcase name="Equals (19)" classname="spec_perl_TestNavParent3_t" time="0.000201940536499023" />
    <testcase name="Equals (20)" classname="spec_perl_TestNavParent3_t" time="0.000109195709228516" />
    <testcase name="Equals (21)" classname="spec_perl_TestNavParent3_t" time="0.000149011611938477" />
    <testcase name="Equals (22)" classname="spec_perl_TestNavParent3_t" time="0.000111818313598633" />
    <testcase name="Equals (23)" classname="spec_perl_TestNavParent3_t" time="0.000187158584594727" />
  </testsuite>
  <testsuite name="spec_perl_TestNavRoot_t" errors="0" failures="0" skipped="0" tests="5" time="0.0485658645629883">
    <system-out>1..5
ok 1 - Equals
ok 2 - Equals
ok 3 - Equals
ok 4 - Equals
ok 5 - Equals
</system-out>
    <testcase name="Equals (24)" classname="spec_perl_TestNavRoot_t" time="0.000367879867553711" />
    <testcase name="Equals (25)" classname="spec_perl_TestNavRoot_t" time="8.60691070556641e-05" />
    <testcase name="Equals (26)" classname="spec_perl_TestNavRoot_t" time="5.69820404052734e-05" />
    <testcase name="Equals (27)" classname="spec_perl_TestNavRoot_t" time="0.000169992446899414" />
    <testcase name="Equals (28)" classname="spec_perl_TestNavRoot_t" time="9.39369201660156e-05" />
  </testsuite>
  <testsuite name="spec_perl_TestParamsCallExtraParens_t" errors="0" failures="1" skipped="0" tests="1" time="0.0494840145111084">
    <system-out>1..1
not ok 1 - Equals
</system-out>
    <testcase name="Equals (29)" classname="spec_perl_TestParamsCallExtraParens_t" time="0.0035550594329834">
      <failure message="not ok 1 - Equals" type="TAP::Parser::Result::Test"></failure>
    </testcase>
  </testsuite>
  <testsuite name="spec_perl_TestExprOpsParens_t" errors="1" failures="0" skipped="0" tests="0" time="0.0477418899536133">
    <system-out></system-out>
    <testcase name="Test died too soon, even before plan. (29)" classname="spec_perl_TestExprOpsParens_t" time="0.0477418899536133">
      <failure message="The test suite died before a plan was produced. You need to have a plan." type="Plan">No plan</failure>
    </testcase>
  </testsuite>
  <testsuite name="spec_perl_TestInstanceIoUser_t" errors="0" failures="0" skipped="0" tests="4" time="0.0744390487670898">
    <system-out>1..4
ok 1 - Equals
ok 2 - Equals
ok 3 - Equals
ok 4 - Equals
</system-out>
    <testcase name="Equals (30)" classname="spec_perl_TestInstanceIoUser_t" time="0.00121212005615234" />
    <testcase name="Equals (31)" classname="spec_perl_TestInstanceIoUser_t" time="0.000391960144042969" />
    <testcase name="Equals (32)" classname="spec_perl_TestInstanceIoUser_t" time="0.000321865081787109" />
    <testcase name="Equals (33)" classname="spec_perl_TestInstanceIoUser_t" time="0.000300168991088867" />
  </testsuite>
  <testsuite name="spec_perl_TestDebugSwitchUser_t" errors="1" failures="0" skipped="0" tests="0" time="0.045090913772583">
    <system-out></system-out>
    <testcase name="Test died too soon, even before plan. (33)" classname="spec_perl_TestDebugSwitchUser_t" time="0.045090913772583">
      <failure message="The test suite died before a plan was produced. You need to have a plan." type="Plan">No plan</failure>
    </testcase>
  </testsuite>
  <testsuite name="spec_perl_TestParamsPassArrayInt_t" errors="0" failures="1" skipped="6" tests="7" time="0.053757905960083">
    <system-out>1..7
not ok 1 - test_params_pass_array_int died (Can't use an undefined value as an ARRAY reference at spec/perl/TestParamsPassArrayInt.t line 15.)
ok 2 # skip test_params_pass_array_int died
ok 3 # skip test_params_pass_array_int died
ok 4 # skip test_params_pass_array_int died
ok 5 # skip test_params_pass_array_int died
ok 6 # skip test_params_pass_array_int died
ok 7 # skip test_params_pass_array_int died
</system-out>
    <testcase name="test_params_pass_array_int died (Can't use an undefined value as an ARRAY reference at spec/perl/TestParamsPassArrayInt.t line 15.) (33)" classname="spec_perl_TestParamsPassArrayInt_t" time="0.000809907913208008">
      <failure message="not ok 1 - test_params_pass_array_int died (Can't use an undefined value as an ARRAY reference at spec/perl/TestParamsPassArrayInt.t line 15.)" type="TAP::Parser::Result::Test"></failure>
    </testcase>
    <testcase name="Unnamed test case 33" classname="spec_perl_TestParamsPassArrayInt_t" time="0.000874042510986328">
      <skipped message="ok 2 # skip test_params_pass_array_int died" />
    </testcase>
    <testcase name="Unnamed test case 34" classname="spec_perl_TestParamsPassArrayInt_t" time="0.000321149826049805">
      <skipped message="ok 3 # skip test_params_pass_array_int died" />
    </testcase>
    <testcase name="Unnamed test case 35" classname="spec_perl_TestParamsPassArrayInt_t" time="0.000287771224975586">
      <skipped message="ok 4 # skip test_params_pass_array_int died" />
    </testcase>
    <testcase name="Unnamed test case 36" classname="spec_perl_TestParamsPassArrayInt_t" time="0.000291109085083008">
      <skipped message="ok 5 # skip test_params_pass_array_int died" />
    </testcase>
    <testcase name="Unnamed test case 37" classname="spec_perl_TestParamsPassArrayInt_t" time="0.000284910202026367">
      <skipped message="ok 6 # skip test_params_pass_array_int died" />
    </testcase>
    <testcase name="Unnamed test case 38" classname="spec_perl_TestParamsPassArrayInt_t" time="0.000277042388916016">
      <skipped message="ok 7 # skip test_params_pass_array_int died" />
    </testcase>
  </testsuite>
  <testsuite name="spec_perl_TestSwitchManualEnumInvalid_t" errors="0" failures="0" skipped="0" tests="5" time="0.0481691360473633">
    <system-out>1..5
ok 1 - Equals
ok 2 - Equals
ok 3 - nil
ok 4 - Equals
ok 5 - nil
</system-out>
    <testcase name="Equals (38)" classname="spec_perl_TestSwitchManualEnumInvalid_t" time="0.000326156616210938" />
    <testcase name="Equals (39)" classname="spec_perl_TestSwitchManualEnumInvalid_t" time="9.58442687988281e-05" />
    <testcase name="nil (39)" classname="spec_perl_TestSwitchManualEnumInvalid_t" time="5.91278076171875e-05" />
    <testcase name="Equals (40)" classname="spec_perl_TestSwitchManualEnumInvalid_t" time="5.38825988769531e-05" />
    <testcase name="nil (40)" classname="spec_perl_TestSwitchManualEnumInvalid_t" time="5.60283660888672e-05" />
  </testsuite>
  <testsuite name="spec_perl_TestDebug0_t" errors="0" failures="0" skipped="1" tests="1" time="0.0438868999481201">
    <system-out>1..1
ok 1 # skip test_debug_0
</system-out>
    <testcase name="Unnamed test case 40" classname="spec_perl_TestDebug0_t" time="0.000274896621704102">
      <skipped message="ok 1 # skip test_debug_0" />
    </testcase>
  </testsuite>
  <testsuite name="spec_perl_TestInstanceStdArray_t" errors="0" failures="0" skipped="0" tests="7" time="0.0444350242614746">
    <system-out>1..7
ok 1 - Equals
ok 2 - Equals
ok 3 - Equals
ok 4 - Equals
ok 5 - Equals
ok 6 - Equals
ok 7 - Equals
</system-out>
    <testcase name="Equals (41)" classname="spec_perl_TestInstanceStdArray_t" time="0.000262022018432617" />
    <testcase name="Equals (42)" classname="spec_perl_TestInstanceStdArray_t" time="7.79628753662109e-05" />
    <testcase name="Equals (43)" classname="spec_perl_TestInstanceStdArray_t" time="0.000138998031616211" />
    <testcase name="Equals (44)" classname="spec_perl_TestInstanceStdArray_t" time="0.000154018402099609" />
    <testcase name="Equals (45)" classname="spec_perl_TestInstanceStdArray_t" time="0.00011897087097168" />
    <testcase name="Equals (46)" classname="spec_perl_TestInstanceStdArray_t" time="0.000149965286254883" />
    <testcase name="Equals (47)" classname="spec_perl_TestInstanceStdArray_t" time="0.00010991096496582" />
  </testsuite>
  <testsuite name="spec_perl_TestOptionalId_t" errors="0" failures="0" skipped="0" tests="3" time="0.0442039966583252">
    <system-out>1..3
ok 1 - Equals
ok 2 - Equals
ok 3 - Equals
</system-out>
    <testcase name="Equals (48)" classname="spec_perl_TestOptionalId_t" time="0.00029301643371582" />
    <testcase name="Equals (49)" classname="spec_perl_TestOptionalId_t" time="8.67843627929688e-05" />
    <testcase name="Equals (50)" classname="spec_perl_TestOptionalId_t" time="6.50882720947266e-05" />
  </testsuite>
  <testsuite name="spec_perl_TestExpr3_t" errors="0" failures="0" skipped="0" tests="12" time="0.049191951751709">
    <system-out>1..12
ok 1 - Equals
ok 2 - Equals
ok 3 - Equals
ok 4 - Equals
ok 5 - Equals
ok 6 - Equals
ok 7 - Equals
ok 8 - Equals
ok 9 - Equals
ok 10 - Equals
ok 11 - Equals
ok 12 - Equals
</system-out>
    <testcase name="Equals (51)" classname="spec_perl_TestExpr3_t" time="0.000303983688354492" />
    <testcase name="Equals (52)" classname="spec_perl_TestExpr3_t" time="8.392333984375e-05" />
    <testcase name="Equals (53)" classname="spec_perl_TestExpr3_t" time="9.41753387451172e-05" />
    <testcase name="Equals (54)" classname="spec_perl_TestExpr3_t" time="0.000155925750732422" />
    <testcase name="Equals (55)" classname="spec_perl_TestExpr3_t" time="0.000114917755126953" />
    <testcase name="Equals (56)" classname="spec_perl_TestExpr3_t" time="0.000149011611938477" />
    <testcase name="Equals (57)" classname="spec_perl_TestExpr3_t" time="0.00011897087097168" />
    <testcase name="Equals (58)" classname="spec_perl_TestExpr3_t" time="0.000143051147460938" />
    <testcase name="Equals (59)" classname="spec_perl_TestExpr3_t" time="0.000124931335449219" />
    <testcase name="Equals (60)" classname="spec_perl_TestExpr3_t" time="0.00014805793762207" />
    <testcase name="Equals (61)" classname="spec_perl_TestExpr3_t" time="0.000144004821777344" />
    <testcase name="Equals (62)" classname="spec_perl_TestExpr3_t" time="0.000123977661132812" />
  </testsuite>
  <testsuite name="spec_perl_TestExprCalcArrayOps_t" errors="0" failures="1" skipped="17" tests="18" time="0.0628628730773926">
    <system-out>1..18
not ok 1 - test_expr_calc_array_ops died (Can't use string (&quot;1000&quot;) as an ARRAY ref while &quot;strict refs&quot; in use at compiled/perl/ExprCalcArrayOps.pm line 50.)
ok 2 # skip test_expr_calc_array_ops died
ok 3 # skip test_expr_calc_array_ops died
ok 4 # skip test_expr_calc_array_ops died
ok 5 # skip test_expr_calc_array_ops died
ok 6 # skip test_expr_calc_array_ops died
ok 7 # skip test_expr_calc_array_ops died
ok 8 # skip test_expr_calc_array_ops died
ok 9 # skip test_expr_calc_array_ops died
ok 10 # skip test_expr_calc_array_ops died
ok 11 # skip test_expr_calc_array_ops died
ok 12 # skip test_expr_calc_array_ops died
ok 13 # skip test_expr_calc_array_ops died
ok 14 # skip test_expr_calc_array_ops died
ok 15 # skip test_expr_calc_array_ops died
ok 16 # skip test_expr_calc_array_ops died
ok 17 # skip test_expr_calc_array_ops died
ok 18 # skip test_expr_calc_array_ops died
</system-out>
    <testcase name="test_expr_calc_array_ops died (Can't use string (&quot;1000&quot;) as an ARRAY ref while &quot;strict refs&quot; in use at compiled/perl/ExprCalcArrayOps.pm line 50.) (62)" classname="spec_perl_TestExprCalcArrayOps_t" time="0.000962972640991211">
      <failure message="not ok 1 - test_expr_calc_array_ops died (Can't use string (&quot;1000&quot;) as an ARRAY ref while &quot;strict refs&quot; in use at compiled/perl/ExprCalcArrayOps.pm line 50.)" type="TAP::Parser::Result::Test"></failure>
    </testcase>
    <testcase name="Unnamed test case 62" classname="spec_perl_TestExprCalcArrayOps_t" time="0.00111007690429688">
      <skipped message="ok 2 # skip test_expr_calc_array_ops died" />
    </testcase>
    <testcase name="Unnamed test case 63" classname="spec_perl_TestExprCalcArrayOps_t" time="0.000452041625976562">
      <skipped message="ok 3 # skip test_expr_calc_array_ops died" />
    </testcase>
    <testcase name="Unnamed test case 64" classname="spec_perl_TestExprCalcArrayOps_t" time="0.000364780426025391">
      <skipped message="ok 4 # skip test_expr_calc_array_ops died" />
    </testcase>
    <testcase name="Unnamed test case 65" classname="spec_perl_TestExprCalcArrayOps_t" time="0.0003662109375">
      <skipped message="ok 5 # skip test_expr_calc_array_ops died" />
    </testcase>
    <testcase name="Unnamed test case 66" classname="spec_perl_TestExprCalcArrayOps_t" time="0.000392913818359375">
      <skipped message="ok 6 # skip test_expr_calc_array_ops died" />
    </testcase>
    <testcase name="Unnamed test case 67" classname="spec_perl_TestExprCalcArrayOps_t" time="0.000355958938598633">
      <skipped message="ok 7 # skip test_expr_calc_array_ops died" />
    </testcase>
    <testcase name="Unnamed test case 68" classname="spec_perl_TestExprCalcArrayOps_t" time="0.00361204147338867">
      <skipped message="ok 8 # skip test_expr_calc_array_ops died" />
    </testcase>
    <testcase name="Unnamed test case 69" classname="spec_perl_TestExprCalcArrayOps_t" time="0.000319004058837891">
      <skipped message="ok 9 # skip test_expr_calc_array_ops died" />
    </testcase>
    <testcase name="Unnamed test case 70" classname="spec_perl_TestExprCalcArrayOps_t" time="0.000319004058837891">
      <skipped message="ok 10 # skip test_expr_calc_array_ops died" />
    </testcase>
    <testcase name="Unnamed test case 71" classname="spec_perl_TestExprCalcArrayOps_t" time="0.000339984893798828">
      <skipped message="ok 11 # skip test_expr_calc_array_ops died" />
    </testcase>
    <testcase name="Unnamed test case 72" classname="spec_perl_TestExprCalcArrayOps_t" time="0.000808954238891602">
      <skipped message="ok 12 # skip test_expr_calc_array_ops died" />
    </testcase>
    <testcase name="Unnamed test case 73" classname="spec_perl_TestExprCalcArrayOps_t" time="0.000329017639160156">
      <skipped message="ok 13 # skip test_expr_calc_array_ops died" />
    </testcase>
    <testcase name="Unnamed test case 74" classname="spec_perl_TestExprCalcArrayOps_t" time="0.000313997268676758">
      <skipped message="ok 14 # skip test_expr_calc_array_ops died" />
    </testcase>
    <testcase name="Unnamed test case 75" classname="spec_perl_TestExprCalcArrayOps_t" time="0.00030207633972168">
      <skipped message="ok 15 # skip test_expr_calc_array_ops died" />
    </testcase>
    <testcase name="Unnamed test case 76" classname="spec_perl_TestExprCalcArrayOps_t" time="0.000298023223876953">
      <skipped message="ok 16 # skip test_expr_calc_array_ops died" />
    </testcase>
    <testcase name="Unnamed test case 77" classname="spec_perl_TestExprCalcArrayOps_t" time="0.000306844711303711">
      <skipped message="ok 17 # skip test_expr_calc_array_ops died" />
    </testcase>
    <testcase name="Unnamed test case 78" classname="spec_perl_TestExprCalcArrayOps_t" time="0.000306129455566406">
      <skipped message="ok 18 # skip test_expr_calc_array_ops died" />
    </testcase>
  </testsuite>
  <testsuite name="spec_perl_TestTypeTernaryOpaque_t" errors="0" failures="0" skipped="0" tests="3" time="0.047860860824585">
    <system-out>1..3
ok 1 - Equals
ok 2 - Equals
ok 3 - Equals
</system-out>
    <testcase name="Equals (78)" classname="spec_perl_TestTypeTernaryOpaque_t" time="0.000663042068481445" />
    <testcase name="Equals (79)" classname="spec_perl_TestTypeTernaryOpaque_t" time="0.00011897087097168" />
    <testcase name="Equals (80)" classname="spec_perl_TestTypeTernaryOpaque_t" time="4.79221343994141e-05" />
  </testsuite>
  <testsuite name="spec_perl_TestIndexToParamEos_t" errors="0" failures="2" skipped="0" tests="7" time="0.0528919696807861">
    <system-out>1..7
ok 1 - Equals
ok 2 - Equals
ok 3 - Equals
ok 4 - Equals
ok 5 - Equals
not ok 6 - Equals
not ok 7 - Equals
</system-out>
    <testcase name="Equals (81)" classname="spec_perl_TestIndexToParamEos_t" time="0.00571894645690918" />
    <testcase name="Equals (82)" classname="spec_perl_TestIndexToParamEos_t" time="0.000150918960571289" />
    <testcase name="Equals (83)" classname="spec_perl_TestIndexToParamEos_t" time="5.50746917724609e-05" />
    <testcase name="Equals (84)" classname="spec_perl_TestIndexToParamEos_t" time="4.38690185546875e-05" />
    <testcase name="Equals (85)" classname="spec_perl_TestIndexToParamEos_t" time="3.814697265625e-05" />
    <testcase name="Equals (86)" classname="spec_perl_TestIndexToParamEos_t" time="5.29289245605469e-05">
      <failure message="not ok 6 - Equals" type="TAP::Parser::Result::Test"></failure>
    </testcase>
    <testcase name="Equals (87)" classname="spec_perl_TestIndexToParamEos_t" time="7.51018524169922e-05">
      <failure message="not ok 7 - Equals" type="TAP::Parser::Result::Test"></failure>
    </testcase>
  </testsuite>
  <testsuite name="spec_perl_TestEnumIntRangeS_t" errors="0" failures="0" skipped="0" tests="3" time="0.0565600395202637">
    <system-out>1..3
ok 1 - Equals
ok 2 - Equals
ok 3 - Equals
</system-out>
    <testcase name="Equals (88)" classname="spec_perl_TestEnumIntRangeS_t" time="0.000299930572509766" />
    <testcase name="Equals (89)" classname="spec_perl_TestEnumIntRangeS_t" time="8.10623168945312e-05" />
    <testcase name="Equals (90)" classname="spec_perl_TestEnumIntRangeS_t" time="0.000113010406494141" />
  </testsuite>
  <testsuite name="spec_perl_TestTypeIntUnaryOp_t" errors="0" failures="0" skipped="0" tests="4" time="0.04469895362854">
    <system-out>1..4
ok 1 - Equals
ok 2 - Equals
ok 3 - Equals
ok 4 - Equals
</system-out>
    <testcase name="Equals (91)" classname="spec_perl_TestTypeIntUnaryOp_t" time="0.000221967697143555" />
    <testcase name="Equals (92)" classname="spec_perl_TestTypeIntUnaryOp_t" time="7.29560852050781e-05" />
    <testcase name="Equals (93)" classname="spec_perl_TestTypeIntUnaryOp_t" time="0.000153064727783203" />
    <testcase name="Equals (94)" classname="spec_perl_TestTypeIntUnaryOp_t" time="0.000133991241455078" />
  </testsuite>
  <testsuite name="spec_perl_TestNestedTypes3_t" errors="0" failures="0" skipped="0" tests="5" time="0.0466768741607666">
    <system-out>1..5
ok 1 - Equals
ok 2 - Equals
ok 3 - Equals
ok 4 - Equals
ok 5 - Equals
</system-out>
    <testcase name="Equals (95)" classname="spec_perl_TestNestedTypes3_t" time="0.000416994094848633" />
    <testcase name="Equals (96)" classname="spec_perl_TestNestedTypes3_t" time="9.51290130615234e-05" />
    <testcase name="Equals (97)" classname="spec_perl_TestNestedTypes3_t" time="5.69820404052734e-05" />
    <testcase name="Equals (98)" classname="spec_perl_TestNestedTypes3_t" time="0.000267982482910156" />
    <testcase name="Equals (99)" classname="spec_perl_TestNestedTypes3_t" time="7.79628753662109e-05" />
  </testsuite>
  <testsuite name="spec_perl_TestIndexToParamExpr_t" errors="0" failures="2" skipped="0" tests="7" time="0.0779831409454346">
    <system-out>1..7
ok 1 - Equals
ok 2 - Equals
ok 3 - Equals
ok 4 - Equals
ok 5 - Equals
not ok 6 - Equals
not ok 7 - Equals
</system-out>
    <testcase name="Equals (100)" classname="spec_perl_TestIndexToParamExpr_t" time="0.000877857208251953" />
    <testcase name="Equals (101)" classname="spec_perl_TestIndexToParamExpr_t" time="0.000360012054443359" />
    <testcase name="Equals (102)" classname="spec_perl_TestIndexToParamExpr_t" time="0.000281095504760742" />
    <testcase name="Equals (103)" classname="spec_perl_TestIndexToParamExpr_t" time="0.000282049179077148" />
    <testcase name="Equals (104)" classname="spec_perl_TestIndexToParamExpr_t" time="0.000274896621704102" />
    <testcase name="Equals (105)" classname="spec_perl_TestIndexToParamExpr_t" time="0.000348091125488281">
      <failure message="not ok 6 - Equals" type="TAP::Parser::Result::Test"></failure>
    </testcase>
    <testcase name="Equals (106)" classname="spec_perl_TestIndexToParamExpr_t" time="0.000905990600585938">
      <failure message="not ok 7 - Equals" type="TAP::Parser::Result::Test"></failure>
    </testcase>
  </testsuite>
  <testsuite name="spec_perl_TestDefaultEndianExprInherited_t" errors="0" failures="0" skipped="0" tests="15" time="0.0479929447174072">
    <system-out>1..15
ok 1 - Equals
ok 2 - Equals
ok 3 - Equals
ok 4 - Equals
ok 5 - Equals
ok 6 - Equals
ok 7 - Equals
ok 8 - Equals
ok 9 - Equals
ok 10 - Equals
ok 11 - Equals
ok 12 - Equals
ok 13 - Equals
ok 14 - Equals
ok 15 - Equals
</system-out>
    <testcase name="Equals (107)" classname="spec_perl_TestDefaultEndianExprInherited_t" time="0.000398874282836914" />
    <testcase name="Equals (108)" classname="spec_perl_TestDefaultEndianExprInherited_t" time="0.000102996826171875" />
    <testcase name="Equals (109)" classname="spec_perl_TestDefaultEndianExprInherited_t" time="5.91278076171875e-05" />
    <testcase name="Equals (110)" classname="spec_perl_TestDefaultEndianExprInherited_t" time="0.000143051147460938" />
    <testcase name="Equals (111)" classname="spec_perl_TestDefaultEndianExprInherited_t" time="0.000154018402099609" />
    <testcase name="Equals (112)" classname="spec_perl_TestDefaultEndianExprInherited_t" time="0.000108957290649414" />
    <testcase name="Equals (113)" classname="spec_perl_TestDefaultEndianExprInherited_t" time="0.00014495849609375" />
    <testcase name="Equals (114)" classname="spec_perl_TestDefaultEndianExprInherited_t" time="0.0001220703125" />
    <testcase name="Equals (115)" classname="spec_perl_TestDefaultEndianExprInherited_t" time="0.000124931335449219" />
    <testcase name="Equals (116)" classname="spec_perl_TestDefaultEndianExprInherited_t" time="0.000161886215209961" />
    <testcase name="Equals (117)" classname="spec_perl_TestDefaultEndianExprInherited_t" time="0.000111103057861328" />
    <testcase name="Equals (118)" classname="spec_perl_TestDefaultEndianExprInherited_t" time="0.000168085098266602" />
    <testcase name="Equals (119)" classname="spec_perl_TestDefaultEndianExprInherited_t" time="0.000105857849121094" />
    <testcase name="Equals (120)" classname="spec_perl_TestDefaultEndianExprInherited_t" time="0.000146150588989258" />
    <testcase name="Equals (121)" classname="spec_perl_TestDefaultEndianExprInherited_t" time="0.000151872634887695" />
  </testsuite>
  <testsuite name="spec_perl_TestEnumLongRangeU_t" errors="0" failures="0" skipped="0" tests="4" time="0.046083927154541">
    <system-out>1..4
ok 1 - Equals
ok 2 - Equals
ok 3 - Equals
ok 4 - Equals
</system-out>
    <testcase name="Equals (122)" classname="spec_perl_TestEnumLongRangeU_t" time="0.000269889831542969" />
    <testcase name="Equals (123)" classname="spec_perl_TestEnumLongRangeU_t" time="8.60691070556641e-05" />
    <testcase name="Equals (124)" classname="spec_perl_TestEnumLongRangeU_t" time="0.000131845474243164" />
    <testcase name="Equals (125)" classname="spec_perl_TestEnumLongRangeU_t" time="0.000143051147460938" />
  </testsuite>
  <testsuite name="spec_perl_TestParamsPassUsertype_t" errors="0" failures="1" skipped="1" tests="2" time="0.056596040725708">
    <system-out>1..2
not ok 1 - test_params_pass_usertype died (Can't call method &quot;foo&quot; on an undefined value at compiled/perl/ParamsPassUsertype.pm line 119.)
ok 2 # skip test_params_pass_usertype died
</system-out>
    <testcase name="test_params_pass_usertype died (Can't call method &quot;foo&quot; on an undefined value at compiled/perl/ParamsPassUsertype.pm line 119.) (125)" classname="spec_perl_TestParamsPassUsertype_t" time="0.000313997268676758">
      <failure message="not ok 1 - test_params_pass_usertype died (Can't call method &quot;foo&quot; on an undefined value at compiled/perl/ParamsPassUsertype.pm line 119.)" type="TAP::Parser::Result::Test"></failure>
    </testcase>
    <testcase name="Unnamed test case 125" classname="spec_perl_TestParamsPassUsertype_t" time="0.000596046447753906">
      <skipped message="ok 2 # skip test_params_pass_usertype died" />
    </testcase>
  </testsuite>
  <testsuite name="spec_perl_TestNestedTypeParam_t" errors="0" failures="2" skipped="0" tests="2" time="0.0490350723266602">
    <system-out>1..2
not ok 1 - Equals
not ok 2 - Equals
</system-out>
    <testcase name="Equals (126)" classname="spec_perl_TestNestedTypeParam_t" time="0.00376582145690918">
      <failure message="not ok 1 - Equals" type="TAP::Parser::Result::Test"></failure>
    </testcase>
    <testcase name="Equals (127)" classname="spec_perl_TestNestedTypeParam_t" time="0.000120162963867188">
      <failure message="not ok 2 - Equals" type="TAP::Parser::Result::Test"></failure>
    </testcase>
  </testsuite>
  <testsuite name="spec_perl_TestNavParentSwitch_t" errors="0" failures="0" skipped="0" tests="3" time="0.0451400279998779">
    <system-out>1..3
ok 1 - Equals
ok 2 - Equals
ok 3 - Equals
</system-out>
    <testcase name="Equals (128)" classname="spec_perl_TestNavParentSwitch_t" time="0.00032496452331543" />
    <testcase name="Equals (129)" classname="spec_perl_TestNavParentSwitch_t" time="8.20159912109375e-05" />
    <testcase name="Equals (130)" classname="spec_perl_TestNavParentSwitch_t" time="7.60555267333984e-05" />
  </testsuite>
  <testsuite name="spec_perl_TestExprMod_t" errors="0" failures="0" skipped="0" tests="6" time="0.0480191707611084">
    <system-out>1..6
ok 1 - Equals
ok 2 - Equals
ok 3 - Equals
ok 4 - Equals
ok 5 - Equals
ok 6 - Equals
</system-out>
    <testcase name="Equals (131)" classname="spec_perl_TestExprMod_t" time="0.000271797180175781" />
    <testcase name="Equals (132)" classname="spec_perl_TestExprMod_t" time="8.0108642578125e-05" />
    <testcase name="Equals (133)" classname="spec_perl_TestExprMod_t" time="0.000133037567138672" />
    <testcase name="Equals (134)" classname="spec_perl_TestExprMod_t" time="0.000131845474243164" />
    <testcase name="Equals (135)" classname="spec_perl_TestExprMod_t" time="0.000135183334350586" />
    <testcase name="Equals (136)" classname="spec_perl_TestExprMod_t" time="0.000123977661132812" />
  </testsuite>
  <testsuite name="spec_perl_TestParamsCallShort_t" errors="0" failures="3" skipped="0" tests="3" time="0.0622258186340332">
    <system-out>1..3
not ok 1 - Equals
not ok 2 - Equals
not ok 3 - Equals
</system-out>
    <testcase name="Equals (137)" classname="spec_perl_TestParamsCallShort_t" time="0.000488996505737305">
      <failure message="not ok 1 - Equals" type="TAP::Parser::Result::Test"></failure>
    </testcase>
    <testcase name="Equals (138)" classname="spec_perl_TestParamsCallShort_t" time="0.0010521411895752">
      <failure message="not ok 2 - Equals" type="TAP::Parser::Result::Test"></failure>
    </testcase>
    <testcase name="Equals (139)" classname="spec_perl_TestParamsCallShort_t" time="0.000707864761352539">
      <failure message="not ok 3 - Equals" type="TAP::Parser::Result::Test"></failure>
    </testcase>
  </testsuite>
  <testsuite name="spec_perl_TestProcessCoerceBytes_t" errors="0" failures="0" skipped="0" tests="4" time="0.0453720092773438">
    <system-out>1..4
ok 1 - Equals
ok 2 - Equals
ok 3 - Equals
ok 4 - Equals
</system-out>
    <testcase name="Equals (140)" classname="spec_perl_TestProcessCoerceBytes_t" time="0.000353813171386719" />
    <testcase name="Equals (141)" classname="spec_perl_TestProcessCoerceBytes_t" time="8.79764556884766e-05" />
    <testcase name="Equals (142)" classname="spec_perl_TestProcessCoerceBytes_t" time="9.32216644287109e-05" />
    <testcase name="Equals (143)" classname="spec_perl_TestProcessCoerceBytes_t" time="0.000183820724487305" />
  </testsuite>
  <testsuite name="spec_perl_TestParamsPassArrayUsertype_t" errors="0" failures="1" skipped="4" tests="5" time="0.0515880584716797">
    <system-out>1..5
not ok 1 - test_params_pass_array_usertype died (Can't use an undefined value as an ARRAY reference at compiled/perl/ParamsPassArrayUsertype.pm line 123.)
ok 2 # skip test_params_pass_array_usertype died
ok 3 # skip test_params_pass_array_usertype died
ok 4 # skip test_params_pass_array_usertype died
ok 5 # skip test_params_pass_array_usertype died
</system-out>
    <testcase name="test_params_pass_array_usertype died (Can't use an undefined value as an ARRAY reference at compiled/perl/ParamsPassArrayUsertype.pm line 123.) (143)" classname="spec_perl_TestParamsPassArrayUsertype_t" time="0.000301837921142578">
      <failure message="not ok 1 - test_params_pass_array_usertype died (Can't use an undefined value as an ARRAY reference at compiled/perl/ParamsPassArrayUsertype.pm line 123.)" type="TAP::Parser::Result::Test"></failure>
    </testcase>
    <testcase name="Unnamed test case 143" classname="spec_perl_TestParamsPassArrayUsertype_t" time="0.000391006469726562">
      <skipped message="ok 2 # skip test_params_pass_array_usertype died" />
    </testcase>
    <testcase name="Unnamed test case 144" classname="spec_perl_TestParamsPassArrayUsertype_t" time="0.000329017639160156">
      <skipped message="ok 3 # skip test_params_pass_array_usertype died" />
    </testcase>
    <testcase name="Unnamed test case 145" classname="spec_perl_TestParamsPassArrayUsertype_t" time="0.000283956527709961">
      <skipped message="ok 4 # skip test_params_pass_array_usertype died" />
    </testcase>
    <testcase name="Unnamed test case 146" classname="spec_perl_TestParamsPassArrayUsertype_t" time="0.000276088714599609">
      <skipped message="ok 5 # skip test_params_pass_array_usertype died" />
    </testcase>
  </testsuite>
  <testsuite name="spec_perl_TestParamsPassStruct_t" errors="0" failures="1" skipped="1" tests="4" time="0.0557739734649658">
    <system-out>1..4
ok 1 - Equals
ok 2 - Equals
not ok 3 - test_params_pass_struct died (Can't call method &quot;foo&quot; on an undefined value at spec/perl/TestParamsPassStruct.t line 17.)
ok 4 # skip test_params_pass_struct died
</system-out>
    <testcase name="Equals (146)" classname="spec_perl_TestParamsPassStruct_t" time="0.000277042388916016" />
    <testcase name="Equals (147)" classname="spec_perl_TestParamsPassStruct_t" time="8.41617584228516e-05" />
    <testcase name="test_params_pass_struct died (Can't call method &quot;foo&quot; on an undefined value at spec/perl/TestParamsPassStruct.t line 17.) (147)" classname="spec_perl_TestParamsPassStruct_t" time="0.000244855880737305">
      <failure message="not ok 3 - test_params_pass_struct died (Can't call method &quot;foo&quot; on an undefined value at spec/perl/TestParamsPassStruct.t line 17.)" type="TAP::Parser::Result::Test"></failure>
    </testcase>
    <testcase name="Unnamed test case 147" classname="spec_perl_TestParamsPassStruct_t" time="0.000519037246704102">
      <skipped message="ok 4 # skip test_params_pass_struct died" />
    </testcase>
  </testsuite>
  <testsuite name="spec_perl_TestImportsCircularA_t" errors="0" failures="0" skipped="0" tests="5" time="0.0452859401702881">
    <system-out>1..5
ok 1 - Equals
ok 2 - Equals
ok 3 - Equals
ok 4 - Equals
ok 5 - Equals
</system-out>
    <testcase name="Equals (148)" classname="spec_perl_TestImportsCircularA_t" time="0.000261068344116211" />
    <testcase name="Equals (149)" classname="spec_perl_TestImportsCircularA_t" time="7.89165496826172e-05" />
    <testcase name="Equals (150)" classname="spec_perl_TestImportsCircularA_t" time="0.000108003616333008" />
    <testcase name="Equals (151)" classname="spec_perl_TestImportsCircularA_t" time="0.000140905380249023" />
    <testcase name="Equals (152)" classname="spec_perl_TestImportsCircularA_t" time="6.103515625e-05" />
  </testsuite>
  <testsuite name="spec_perl_TestEofExceptionBytes_t" errors="0" failures="0" skipped="0" tests="1" time="0.0567758083343506">
    <system-out>1..1
ok 1 - Died
</system-out>
    <testcase name="Died (152)" classname="spec_perl_TestEofExceptionBytes_t" time="0.000195026397705078" />
  </testsuite>
  <testsuite name="spec_perl_TestOpaqueExternalType_t" errors="0" failures="0" skipped="0" tests="3" time="0.0475771427154541">
    <system-out>1..3
ok 1 - Equals
ok 2 - Equals
ok 3 - Equals
</system-out>
    <testcase name="Equals (153)" classname="spec_perl_TestOpaqueExternalType_t" time="0.000355958938598633" />
    <testcase name="Equals (154)" classname="spec_perl_TestOpaqueExternalType_t" time="9.98973846435547e-05" />
    <testcase name="Equals (155)" classname="spec_perl_TestOpaqueExternalType_t" time="0.000178098678588867" />
  </testsuite>
  <testsuite name="spec_perl_TestBitsEnum_t" errors="0" failures="0" skipped="0" tests="3" time="0.0442898273468018">
    <system-out>1..3
ok 1 - Equals
ok 2 - Equals
ok 3 - Equals
</system-out>
    <testcase name="Equals (156)" classname="spec_perl_TestBitsEnum_t" time="0.000247001647949219" />
    <testcase name="Equals (157)" classname="spec_perl_TestBitsEnum_t" time="7.41481781005859e-05" />
    <testcase name="Equals (158)" classname="spec_perl_TestBitsEnum_t" time="0.000152826309204102" />
  </testsuite>
  <testsuite name="spec_perl_TestDocstringsDocref_t" errors="0" failures="0" skipped="1" tests="1" time="0.0450189113616943">
    <system-out>1..1
ok 1 # skip DocstringsDocref=HASH(0x20374b8)
</system-out>
    <testcase name="Unnamed test case 158" classname="spec_perl_TestDocstringsDocref_t" time="0.00117087364196777">
      <skipped message="ok 1 # skip DocstringsDocref=HASH(0x20374b8)" />
    </testcase>
  </testsuite>
  <testsuite name="spec_perl_TestBcdUserTypeBe_t" errors="0" failures="0" skipped="0" tests="6" time="0.0457901954650879">
    <system-out>1..6
ok 1 - Equals
ok 2 - Equals
ok 3 - Equals
ok 4 - Equals
ok 5 - Equals
ok 6 - Equals
</system-out>
    <testcase name="Equals (159)" classname="spec_perl_TestBcdUserTypeBe_t" time="0.000701189041137695" />
    <testcase name="Equals (160)" classname="spec_perl_TestBcdUserTypeBe_t" time="0.000119924545288086" />
    <testcase name="Equals (161)" classname="spec_perl_TestBcdUserTypeBe_t" time="5.79357147216797e-05" />
    <testcase name="Equals (162)" classname="spec_perl_TestBcdUserTypeBe_t" time="0.000128030776977539" />
    <testcase name="Equals (163)" classname="spec_perl_TestBcdUserTypeBe_t" time="0.000173091888427734" />
    <testcase name="Equals (164)" classname="spec_perl_TestBcdUserTypeBe_t" time="0.000150918960571289" />
  </testsuite>
  <testsuite name="spec_perl_TestBytesPadTerm_t" errors="0" failures="0" skipped="0" tests="4" time="0.0452749729156494">
    <system-out>1..4
ok 1 - Equals
ok 2 - Equals
ok 3 - Equals
ok 4 - Equals
</system-out>
    <testcase name="Equals (165)" classname="spec_perl_TestBytesPadTerm_t" time="0.00028681755065918" />
    <testcase name="Equals (166)" classname="spec_perl_TestBytesPadTerm_t" time="0.000115156173706055" />
    <testcase name="Equals (167)" classname="spec_perl_TestBytesPadTerm_t" time="8.79764556884766e-05" />
    <testcase name="Equals (168)" classname="spec_perl_TestBytesPadTerm_t" time="0.00014495849609375" />
  </testsuite>
  <testsuite name="spec_perl_TestNavParent_t" errors="0" failures="0" skipped="0" tests="5" time="0.0489010810852051">
    <system-out>1..5
ok 1 - Equals
ok 2 - Equals
ok 3 - Equals
ok 4 - Equals
ok 5 - Equals
</system-out>
    <testcase name="Equals (169)" classname="spec_perl_TestNavParent_t" time="0.000421047210693359" />
    <testcase name="Equals (170)" classname="spec_perl_TestNavParent_t" time="9.58442687988281e-05" />
    <testcase name="Equals (171)" classname="spec_perl_TestNavParent_t" time="5.69820404052734e-05" />
    <testcase name="Equals (172)" classname="spec_perl_TestNavParent_t" time="0.000153064727783203" />
    <testcase name="Equals (173)" classname="spec_perl_TestNavParent_t" time="0.000101089477539062" />
  </testsuite>
  <testsuite name="spec_perl_TestMetaTags_t" errors="0" failures="0" skipped="1" tests="1" time="0.0457339286804199">
    <system-out>1..1
ok 1 # skip MetaTags=HASH(0x29b2578)
</system-out>
    <testcase name="Unnamed test case 173" classname="spec_perl_TestMetaTags_t" time="0.00141787528991699">
      <skipped message="ok 1 # skip MetaTags=HASH(0x29b2578)" />
    </testcase>
  </testsuite>
  <testsuite name="spec_perl_TestEnumFancy_t" errors="0" failures="0" skipped="0" tests="2" time="0.0457358360290527">
    <system-out>1..2
ok 1 - Equals
ok 2 - Equals
</system-out>
    <testcase name="Equals (174)" classname="spec_perl_TestEnumFancy_t" time="0.000355005264282227" />
    <testcase name="Equals (175)" classname="spec_perl_TestEnumFancy_t" time="8.58306884765625e-05" />
  </testsuite>
  <testsuite name="spec_perl_TestExprBytesCmp_t" errors="0" failures="0" skipped="0" tests="10" time="0.0459439754486084">
    <system-out>1..10
ok 1 - Equals
ok 2 - Equals
ok 3 - Equals
ok 4 - Equals
ok 5 - Equals
ok 6 - Equals
ok 7 - Equals
ok 8 - Equals
ok 9 - Equals
ok 10 - Equals
</system-out>
    <testcase name="Equals (176)" classname="spec_perl_TestExprBytesCmp_t" time="0.000252008438110352" />
    <testcase name="Equals (177)" classname="spec_perl_TestExprBytesCmp_t" time="7.79628753662109e-05" />
    <testcase name="Equals (178)" classname="spec_perl_TestExprBytesCmp_t" time="0.000134944915771484" />
    <testcase name="Equals (179)" classname="spec_perl_TestExprBytesCmp_t" time="0.000138044357299805" />
    <testcase name="Equals (180)" classname="spec_perl_TestExprBytesCmp_t" time="0.000139951705932617" />
    <testcase name="Equals (181)" classname="spec_perl_TestExprBytesCmp_t" time="0.000123023986816406" />
    <testcase name="Equals (182)" classname="spec_perl_TestExprBytesCmp_t" time="0.000184059143066406" />
    <testcase name="Equals (183)" classname="spec_perl_TestExprBytesCmp_t" time="0.000130891799926758" />
    <testcase name="Equals (184)" classname="spec_perl_TestExprBytesCmp_t" time="0.000106096267700195" />
    <testcase name="Equals (185)" classname="spec_perl_TestExprBytesCmp_t" time="0.000166893005371094" />
  </testsuite>
  <testsuite name="spec_perl_TestNavParentSwitchCast_t" errors="0" failures="0" skipped="0" tests="3" time="0.0455560684204102">
    <system-out>1..3
ok 1 - Equals
ok 2 - Equals
ok 3 - Equals
</system-out>
    <testcase name="Equals (186)" classname="spec_perl_TestNavParentSwitchCast_t" time="0.00062108039855957" />
    <testcase name="Equals (187)" classname="spec_perl_TestNavParentSwitchCast_t" time="9.89437103271484e-05" />
    <testcase name="Equals (188)" classname="spec_perl_TestNavParentSwitchCast_t" time="0.000120162963867188" />
  </testsuite>
  <testsuite name="spec_perl_TestRepeatUntilS4_t" errors="0" failures="0" skipped="0" tests="2" time="0.0477669239044189">
    <system-out>1..2
ok 1 - Equals
ok 2 - Equals
</system-out>
    <testcase name="Equals (189)" classname="spec_perl_TestRepeatUntilS4_t" time="0.000334978103637695" />
    <testcase name="Equals (190)" classname="spec_perl_TestRepeatUntilS4_t" time="9.58442687988281e-05" />
  </testsuite>
  <testsuite name="spec_perl_TestDefaultEndianExprIsLe_t" errors="0" failures="0" skipped="0" tests="12" time="0.0436601638793945">
    <system-out>1..12
ok 1 - Equals
ok 2 - Equals
ok 3 - Equals
ok 4 - Equals
ok 5 - Equals
ok 6 - Equals
ok 7 - Equals
ok 8 - Equals
ok 9 - Equals
ok 10 - Equals
ok 11 - Equals
ok 12 - Equals
</system-out>
    <testcase name="Equals (191)" classname="spec_perl_TestDefaultEndianExprIsLe_t" time="0.000273942947387695" />
    <testcase name="Equals (192)" classname="spec_perl_TestDefaultEndianExprIsLe_t" time="7.41481781005859e-05" />
    <testcase name="Equals (193)" classname="spec_perl_TestDefaultEndianExprIsLe_t" time="0.000129938125610352" />
    <testcase name="Equals (194)" classname="spec_perl_TestDefaultEndianExprIsLe_t" time="0.000124931335449219" />
    <testcase name="Equals (195)" classname="spec_perl_TestDefaultEndianExprIsLe_t" time="0.000136137008666992" />
    <testcase name="Equals (196)" classname="spec_perl_TestDefaultEndianExprIsLe_t" time="0.000120878219604492" />
    <testcase name="Equals (197)" classname="spec_perl_TestDefaultEndianExprIsLe_t" time="0.000143051147460938" />
    <testcase name="Equals (198)" classname="spec_perl_TestDefaultEndianExprIsLe_t" time="0.000113010406494141" />
    <testcase name="Equals (199)" classname="spec_perl_TestDefaultEndianExprIsLe_t" time="0.000123023986816406" />
    <testcase name="Equals (200)" classname="spec_perl_TestDefaultEndianExprIsLe_t" time="0.0001220703125" />
    <testcase name="Equals (201)" classname="spec_perl_TestDefaultEndianExprIsLe_t" time="0.000144004821777344" />
    <testcase name="Equals (202)" classname="spec_perl_TestDefaultEndianExprIsLe_t" time="0.000111818313598633" />
  </testsuite>
  <testsuite name="spec_perl_TestStrLiterals2_t" errors="0" failures="0" skipped="0" tests="4" time="0.0445339679718018">
    <system-out>1..4
ok 1 - Equals
ok 2 - Equals
ok 3 - Equals
ok 4 - Equals
</system-out>
    <testcase name="Equals (203)" classname="spec_perl_TestStrLiterals2_t" time="0.000287055969238281" />
    <testcase name="Equals (204)" classname="spec_perl_TestStrLiterals2_t" time="8.89301300048828e-05" />
    <testcase name="Equals (205)" classname="spec_perl_TestStrLiterals2_t" time="0.000144004821777344" />
    <testcase name="Equals (206)" classname="spec_perl_TestStrLiterals2_t" time="0.000153064727783203" />
  </testsuite>
  <testsuite name="spec_perl_TestProcessCustomNoArgs_t" errors="1" failures="0" skipped="0" tests="0" time="0.0448000431060791">
    <system-out></system-out>
    <testcase name="Test died too soon, even before plan. (206)" classname="spec_perl_TestProcessCustomNoArgs_t" time="0.0448000431060791">
      <failure message="The test suite died before a plan was produced. You need to have a plan." type="Plan">No plan</failure>
    </testcase>
  </testsuite>
  <testsuite name="spec_perl_TestIntegersMinMax_t" errors="0" failures="0" skipped="0" tests="28" time="0.0494771003723145">
    <system-out>1..28
ok 1 - Equals
ok 2 - Equals
ok 3 - Equals
ok 4 - Equals
ok 5 - Equals
ok 6 - Equals
ok 7 - Equals
ok 8 - Equals
ok 9 - Equals
ok 10 - Equals
ok 11 - Equals
ok 12 - Equals
ok 13 - Equals
ok 14 - Equals
ok 15 - Equals
ok 16 - Equals
ok 17 - Equals
ok 18 - Equals
ok 19 - Equals
ok 20 - Equals
ok 21 - Equals
ok 22 - Equals
ok 23 - Equals
ok 24 - Equals
ok 25 - Equals
ok 26 - Equals
ok 27 - Equals
ok 28 - Equals
</system-out>
    <testcase name="Equals (207)" classname="spec_perl_TestIntegersMinMax_t" time="0.000427007675170898" />
    <testcase name="Equals (208)" classname="spec_perl_TestIntegersMinMax_t" time="9.70363616943359e-05" />
    <testcase name="Equals (209)" classname="spec_perl_TestIntegersMinMax_t" time="6.19888305664062e-05" />
    <testcase name="Equals (210)" classname="spec_perl_TestIntegersMinMax_t" time="7.79628753662109e-05" />
    <testcase name="Equals (211)" classname="spec_perl_TestIntegersMinMax_t" time="0.000159025192260742" />
    <testcase name="Equals (212)" classname="spec_perl_TestIntegersMinMax_t" time="0.000160932540893555" />
    <testcase name="Equals (213)" classname="spec_perl_TestIntegersMinMax_t" time="0.000146150588989258" />
    <testcase name="Equals (214)" classname="spec_perl_TestIntegersMinMax_t" time="0.000123977661132812" />
    <testcase name="Equals (215)" classname="spec_perl_TestIntegersMinMax_t" time="0.000146865844726562" />
    <testcase name="Equals (216)" classname="spec_perl_TestIntegersMinMax_t" time="0.000120162963867188" />
    <testcase name="Equals (217)" classname="spec_perl_TestIntegersMinMax_t" time="0.000149011611938477" />
    <testcase name="Equals (218)" classname="spec_perl_TestIntegersMinMax_t" time="0.000124931335449219" />
    <testcase name="Equals (219)" classname="spec_perl_TestIntegersMinMax_t" time="0.000139951705932617" />
    <testcase name="Equals (220)" classname="spec_perl_TestIntegersMinMax_t" time="0.000126123428344727" />
    <testcase name="Equals (221)" classname="spec_perl_TestIntegersMinMax_t" time="0.000149011611938477" />
    <testcase name="Equals (222)" classname="spec_perl_TestIntegersMinMax_t" time="0.000122785568237305" />
    <testcase name="Equals (223)" classname="spec_perl_TestIntegersMinMax_t" time="0.000141143798828125" />
    <testcase name="Equals (224)" classname="spec_perl_TestIntegersMinMax_t" time="0.000114917755126953" />
    <testcase name="Equals (225)" classname="spec_perl_TestIntegersMinMax_t" time="0.000146150588989258" />
    <testcase name="Equals (226)" classname="spec_perl_TestIntegersMinMax_t" time="0.0001068115234375" />
    <testcase name="Equals (227)" classname="spec_perl_TestIntegersMinMax_t" time="0.000137090682983398" />
    <testcase name="Equals (228)" classname="spec_perl_TestIntegersMinMax_t" time="0.000123977661132812" />
    <testcase name="Equals (229)" classname="spec_perl_TestIntegersMinMax_t" time="0.000145912170410156" />
    <testcase name="Equals (230)" classname="spec_perl_TestIntegersMinMax_t" time="0.000123023986816406" />
    <testcase name="Equals (231)" classname="spec_perl_TestIntegersMinMax_t" time="0.000150203704833984" />
    <testcase name="Equals (232)" classname="spec_perl_TestIntegersMinMax_t" time="0.000108957290649414" />
    <testcase name="Equals (233)" classname="spec_perl_TestIntegersMinMax_t" time="0.000157833099365234" />
    <testcase name="Equals (234)" classname="spec_perl_TestIntegersMinMax_t" time="0.000127077102661133" />
  </testsuite>
  <testsuite name="spec_perl_TestProcessXor4Const_t" errors="0" failures="0" skipped="0" tests="2" time="0.044111967086792">
    <system-out>1..2
ok 1 - Equals
ok 2 - Equals
</system-out>
    <testcase name="Equals (235)" classname="spec_perl_TestProcessXor4Const_t" time="0.00027918815612793" />
    <testcase name="Equals (236)" classname="spec_perl_TestProcessXor4Const_t" time="8.20159912109375e-05" />
  </testsuite>
  <testsuite name="spec_perl_TestIndexToParamUntil_t" errors="0" failures="2" skipped="0" tests="7" time="0.0625588893890381">
    <system-out>1..7
ok 1 - Equals
ok 2 - Equals
ok 3 - Equals
ok 4 - Equals
ok 5 - Equals
not ok 6 - Equals
not ok 7 - Equals
</system-out>
    <testcase name="Equals (237)" classname="spec_perl_TestIndexToParamUntil_t" time="0.000452041625976562" />
    <testcase name="Equals (238)" classname="spec_perl_TestIndexToParamUntil_t" time="0.000459194183349609" />
    <testcase name="Equals (239)" classname="spec_perl_TestIndexToParamUntil_t" time="0.000281810760498047" />
    <testcase name="Equals (240)" classname="spec_perl_TestIndexToParamUntil_t" time="0.000261068344116211" />
    <testcase name="Equals (241)" classname="spec_perl_TestIndexToParamUntil_t" time="0.000276088714599609" />
    <testcase name="Equals (242)" classname="spec_perl_TestIndexToParamUntil_t" time="0.000348806381225586">
      <failure message="not ok 6 - Equals" type="TAP::Parser::Result::Test"></failure>
    </testcase>
    <testcase name="Equals (243)" classname="spec_perl_TestIndexToParamUntil_t" time="0.000892162322998047">
      <failure message="not ok 7 - Equals" type="TAP::Parser::Result::Test"></failure>
    </testcase>
  </testsuite>
  <testsuite name="spec_perl_TestSwitchManualStrElse_t" errors="0" failures="0" skipped="0" tests="9" time="0.0496590137481689">
    <system-out>1..9
ok 1 - Equals
ok 2 - Equals
ok 3 - Equals
ok 4 - Equals
ok 5 - Equals
ok 6 - Equals
ok 7 - Equals
ok 8 - Equals
ok 9 - Equals
</system-out>
    <testcase name="Equals (244)" classname="spec_perl_TestSwitchManualStrElse_t" time="0.000344991683959961" />
    <testcase name="Equals (245)" classname="spec_perl_TestSwitchManualStrElse_t" time="8.70227813720703e-05" />
    <testcase name="Equals (246)" classname="spec_perl_TestSwitchManualStrElse_t" time="6.07967376708984e-05" />
    <testcase name="Equals (247)" classname="spec_perl_TestSwitchManualStrElse_t" time="0.000151157379150391" />
    <testcase name="Equals (248)" classname="spec_perl_TestSwitchManualStrElse_t" time="0.000128030776977539" />
    <testcase name="Equals (249)" classname="spec_perl_TestSwitchManualStrElse_t" time="0.000105857849121094" />
    <testcase name="Equals (250)" classname="spec_perl_TestSwitchManualStrElse_t" time="0.000137090682983398" />
    <testcase name="Equals (251)" classname="spec_perl_TestSwitchManualStrElse_t" time="0.000115871429443359" />
    <testcase name="Equals (252)" classname="spec_perl_TestSwitchManualStrElse_t" time="0.000133037567138672" />
  </testsuite>
  <testsuite name="spec_perl_TestEnumToIClassBorder1_t" errors="0" failures="1" skipped="0" tests="3" time="0.048253059387207">
    <system-out>1..3
ok 1 - Equals
ok 2 - Equals
not ok 3 - test_enum_to_i_class_border_1 died (Can't call method &quot;some_dog&quot; on an undefined value at compiled/perl/EnumToIClassBorder2.pm line 42.)
</system-out>
    <testcase name="Equals (253)" classname="spec_perl_TestEnumToIClassBorder1_t" time="0.00030517578125" />
    <testcase name="Equals (254)" classname="spec_perl_TestEnumToIClassBorder1_t" time="8.392333984375e-05" />
    <testcase name="test_enum_to_i_class_border_1 died (Can't call method &quot;some_dog&quot; on an undefined value at compiled/perl/EnumToIClassBorder2.pm line 42.) (254)" classname="spec_perl_TestEnumToIClassBorder1_t" time="0.000277996063232422">
      <failure message="not ok 3 - test_enum_to_i_class_border_1 died (Can't call method &quot;some_dog&quot; on an undefined value at compiled/perl/EnumToIClassBorder2.pm line 42.)" type="TAP::Parser::Result::Test"></failure>
    </testcase>
  </testsuite>
  <testsuite name="spec_perl_TestProcessToUser_t" errors="0" failures="0" skipped="0" tests="1" time="0.0457990169525146">
    <system-out>1..1
ok 1 - Equals
</system-out>
    <testcase name="Equals (255)" classname="spec_perl_TestProcessToUser_t" time="0.000585794448852539" />
  </testsuite>
  <testsuite name="spec_perl_TestZlibWithHeader78_t" errors="0" failures="0" skipped="0" tests="1" time="0.0640108585357666">
    <system-out>1..1
ok 1 - Equals
</system-out>
    <testcase name="Equals (256)" classname="spec_perl_TestZlibWithHeader78_t" time="0.000403165817260742" />
  </testsuite>
  <testsuite name="spec_perl_TestPositionToEnd_t" errors="0" failures="0" skipped="0" tests="2" time="0.044950008392334">
    <system-out>1..2
ok 1 - Equals
ok 2 - Equals
</system-out>
    <testcase name="Equals (257)" classname="spec_perl_TestPositionToEnd_t" time="0.000304937362670898" />
    <testcase name="Equals (258)" classname="spec_perl_TestPositionToEnd_t" time="8.29696655273438e-05" />
  </testsuite>
  <testsuite name="spec_perl_TestProcessXorConst_t" errors="0" failures="0" skipped="0" tests="2" time="0.0443580150604248">
    <system-out>1..2
ok 1 - Equals
ok 2 - Equals
</system-out>
    <testcase name="Equals (259)" classname="spec_perl_TestProcessXorConst_t" time="0.000288009643554688" />
    <testcase name="Equals (260)" classname="spec_perl_TestProcessXorConst_t" time="9.08374786376953e-05" />
  </testsuite>
  <testsuite name="spec_perl_TestExprIoPos_t" errors="0" failures="0" skipped="0" tests="6" time="0.0461189746856689">
    <system-out>1..6
ok 1 - Equals
ok 2 - Equals
ok 3 - Equals
ok 4 - Equals
ok 5 - Equals
ok 6 - Equals
</system-out>
    <testcase name="Equals (261)" classname="spec_perl_TestExprIoPos_t" time="0.000527143478393555" />
    <testcase name="Equals (262)" classname="spec_perl_TestExprIoPos_t" time="9.17911529541016e-05" />
    <testcase name="Equals (263)" classname="spec_perl_TestExprIoPos_t" time="5.81741333007812e-05" />
    <testcase name="Equals (264)" classname="spec_perl_TestExprIoPos_t" time="0.000140905380249023" />
    <testcase name="Equals (265)" classname="spec_perl_TestExprIoPos_t" time="0.000123977661132812" />
    <testcase name="Equals (266)" classname="spec_perl_TestExprIoPos_t" time="0.0001220703125" />
  </testsuite>
  <testsuite name="spec_perl_TestFixedStruct_t" errors="1" failures="0" skipped="0" tests="0" time="0.0505108833312988">
    <system-out></system-out>
    <testcase name="Test died too soon, even before plan. (266)" classname="spec_perl_TestFixedStruct_t" time="0.0505108833312988">
      <failure message="The test suite died before a plan was produced. You need to have a plan." type="Plan">No plan</failure>
    </testcase>
  </testsuite>
  <testsuite name="spec_perl_TestNavParentFalse2_t" errors="0" failures="0" skipped="0" tests="1" time="0.0445380210876465">
    <system-out>1..1
ok 1 - Equals
</system-out>
    <testcase name="Equals (267)" classname="spec_perl_TestNavParentFalse2_t" time="0.000262975692749023" />
  </testsuite>
  <testsuite name="spec_perl_TestCombineBool_t" errors="0" failures="0" skipped="0" tests="2" time="0.0457251071929932">
    <system-out>1..2
ok 1 - Equals
ok 2 - Equals
</system-out>
    <testcase name="Equals (268)" classname="spec_perl_TestCombineBool_t" time="0.000298023223876953" />
    <testcase name="Equals (269)" classname="spec_perl_TestCombineBool_t" time="7.98702239990234e-05" />
  </testsuite>
  <testsuite name="spec_perl_TestExprSizeofValueSized_t" errors="0" failures="0" skipped="0" tests="5" time="0.0485761165618896">
    <system-out>1..5
ok 1 - Equals
ok 2 - Equals
ok 3 - Equals
ok 4 - Equals
ok 5 - Equals
</system-out>
    <testcase name="Equals (270)" classname="spec_perl_TestExprSizeofValueSized_t" time="0.000716924667358398" />
    <testcase name="Equals (271)" classname="spec_perl_TestExprSizeofValueSized_t" time="0.000115156173706055" />
    <testcase name="Equals (272)" classname="spec_perl_TestExprSizeofValueSized_t" time="4.79221343994141e-05" />
    <testcase name="Equals (273)" classname="spec_perl_TestExprSizeofValueSized_t" time="5.69820404052734e-05" />
    <testcase name="Equals (274)" classname="spec_perl_TestExprSizeofValueSized_t" time="0.000142097473144531" />
  </testsuite>
  <testsuite name="spec_perl_TestUserType_t" errors="0" failures="0" skipped="0" tests="2" time="0.0458381175994873">
    <system-out>1..2
ok 1 - Equals
ok 2 - Equals
</system-out>
    <testcase name="Equals (275)" classname="spec_perl_TestUserType_t" time="0.00028681755065918" />
    <testcase name="Equals (276)" classname="spec_perl_TestUserType_t" time="8.70227813720703e-05" />
  </testsuite>
  <testsuite name="spec_perl_TestValidNotParsedIf_t" errors="1" failures="0" skipped="0" tests="0" time="0.0460309982299805">
    <system-out></system-out>
    <testcase name="Test died too soon, even before plan. (276)" classname="spec_perl_TestValidNotParsedIf_t" time="0.0460309982299805">
      <failure message="The test suite died before a plan was produced. You need to have a plan." type="Plan">No plan</failure>
    </testcase>
  </testsuite>
  <testsuite name="spec_perl_TestNavParentFalse_t" errors="0" failures="0" skipped="0" tests="5" time="0.0455999374389648">
    <system-out>1..5
ok 1 - Equals
ok 2 - Equals
ok 3 - Equals
ok 4 - Equals
ok 5 - Equals
</system-out>
    <testcase name="Equals (277)" classname="spec_perl_TestNavParentFalse_t" time="0.000281810760498047" />
    <testcase name="Equals (278)" classname="spec_perl_TestNavParentFalse_t" time="8.41617584228516e-05" />
    <testcase name="Equals (279)" classname="spec_perl_TestNavParentFalse_t" time="8.60691070556641e-05" />
    <testcase name="Equals (280)" classname="spec_perl_TestNavParentFalse_t" time="0.000166893005371094" />
    <testcase name="Equals (281)" classname="spec_perl_TestNavParentFalse_t" time="9.20295715332031e-05" />
  </testsuite>
  <testsuite name="spec_perl_TestIfValues_t" errors="0" failures="0" skipped="0" tests="6" time="0.0449690818786621">
    <system-out>1..6
ok 1 - Equals
ok 2 - Equals
ok 3 - Equals
ok 4 - nil
ok 5 - Equals
ok 6 - nil
</system-out>
    <testcase name="Equals (282)" classname="spec_perl_TestIfValues_t" time="0.000266075134277344" />
    <testcase name="Equals (283)" classname="spec_perl_TestIfValues_t" time="7.89165496826172e-05" />
    <testcase name="Equals (284)" classname="spec_perl_TestIfValues_t" time="0.000159025192260742" />
    <testcase name="nil (284)" classname="spec_perl_TestIfValues_t" time="6.79492950439453e-05" />
    <testcase name="Equals (285)" classname="spec_perl_TestIfValues_t" time="7.20024108886719e-05" />
    <testcase name="nil (285)" classname="spec_perl_TestIfValues_t" time="7.10487365722656e-05" />
  </testsuite>
  <testsuite name="spec_perl_TestEosExceptionBytes_t" errors="0" failures="0" skipped="0" tests="1" time="0.0467839241027832">
    <system-out>1..1
ok 1 - Died
</system-out>
    <testcase name="Died (285)" classname="spec_perl_TestEosExceptionBytes_t" time="0.000551939010620117" />
  </testsuite>
  <testsuite name="spec_perl_TestParamsEnum_t" errors="0" failures="1" skipped="0" tests="2" time="0.0593400001525879">
    <system-out>1..2
ok 1 - Equals
not ok 2 - Equals
</system-out>
    <testcase name="Equals (286)" classname="spec_perl_TestParamsEnum_t" time="0.000247955322265625" />
    <testcase name="Equals (287)" classname="spec_perl_TestParamsEnum_t" time="0.000169992446899414">
      <failure message="not ok 2 - Equals" type="TAP::Parser::Result::Test"></failure>
    </testcase>
  </testsuite>
  <testsuite name="spec_perl_TestStrEncodingsDefault_t" errors="0" failures="0" skipped="0" tests="4" time="0.0535459518432617">
    <system-out>1..4
ok 1 - Equals
ok 2 - Equals
ok 3 - Equals
ok 4 - Equals
</system-out>
    <testcase name="Equals (288)" classname="spec_perl_TestStrEncodingsDefault_t" time="0.00367617607116699" />
    <testcase name="Equals (289)" classname="spec_perl_TestStrEncodingsDefault_t" time="0.00014185905456543" />
    <testcase name="Equals (290)" classname="spec_perl_TestStrEncodingsDefault_t" time="5.00679016113281e-05" />
    <testcase name="Equals (291)" classname="spec_perl_TestStrEncodingsDefault_t" time="5.50746917724609e-05" />
  </testsuite>
  <testsuite name="spec_perl_TestIfInstances_t" errors="0" failures="0" skipped="0" tests="1" time="0.0449960231781006">
    <system-out>1..1
ok 1 - nil
</system-out>
    <testcase name="nil (291)" classname="spec_perl_TestIfInstances_t" time="0.000195026397705078" />
  </testsuite>
  <testsuite name="spec_perl_TestProcessCoerceSwitch_t" errors="0" failures="0" skipped="0" tests="3" time="0.0470070838928223">
    <system-out>1..3
ok 1 - Equals
ok 2 - Equals
ok 3 - Equals
</system-out>
    <testcase name="Equals (292)" classname="spec_perl_TestProcessCoerceSwitch_t" time="0.000652074813842773" />
    <testcase name="Equals (293)" classname="spec_perl_TestProcessCoerceSwitch_t" time="0.00010991096496582" />
    <testcase name="Equals (294)" classname="spec_perl_TestProcessCoerceSwitch_t" time="4.29153442382812e-05" />
  </testsuite>
  <testsuite name="spec_perl_TestExprArray_t" errors="0" failures="1" skipped="0" tests="15" time="0.0533969402313232">
    <system-out>1..15
ok 1 - Equals
ok 2 - Equals
ok 3 - Equals
ok 4 - Equals
ok 5 - Equals
ok 6 - Equals
ok 7 - Equals
ok 8 - Equals
not ok 9 - Equals
ok 10 - Equals
ok 11 - Equals
ok 12 - Equals
ok 13 - Equals
ok 14 - Equals
ok 15 - Equals
</system-out>
    <testcase name="Equals (295)" classname="spec_perl_TestExprArray_t" time="0.000375986099243164" />
    <testcase name="Equals (296)" classname="spec_perl_TestExprArray_t" time="8.89301300048828e-05" />
    <testcase name="Equals (297)" classname="spec_perl_TestExprArray_t" time="7.41481781005859e-05" />
    <testcase name="Equals (298)" classname="spec_perl_TestExprArray_t" time="0.000156879425048828" />
    <testcase name="Equals (299)" classname="spec_perl_TestExprArray_t" time="0.000116109848022461" />
    <testcase name="Equals (300)" classname="spec_perl_TestExprArray_t" time="0.000146865844726562" />
    <testcase name="Equals (301)" classname="spec_perl_TestExprArray_t" time="0.000150203704833984" />
    <testcase name="Equals (302)" classname="spec_perl_TestExprArray_t" time="0.000144004821777344" />
    <testcase name="Equals (303)" classname="spec_perl_TestExprArray_t" time="0.000235795974731445">
      <failure message="not ok 9 - Equals" type="TAP::Parser::Result::Test"></failure>
    </testcase>
    <testcase name="Equals (304)" classname="spec_perl_TestExprArray_t" time="0.00206112861633301" />
    <testcase name="Equals (305)" classname="spec_perl_TestExprArray_t" time="6.00814819335938e-05" />
    <testcase name="Equals (306)" classname="spec_perl_TestExprArray_t" time="4.1961669921875e-05" />
    <testcase name="Equals (307)" classname="spec_perl_TestExprArray_t" time="3.79085540771484e-05" />
    <testcase name="Equals (308)" classname="spec_perl_TestExprArray_t" time="3.79085540771484e-05" />
    <testcase name="Equals (309)" classname="spec_perl_TestExprArray_t" time="3.60012054443359e-05" />
  </testsuite>
  <testsuite name="spec_perl_TestCastNested_t" errors="0" failures="0" skipped="0" tests="4" time="0.0493111610412598">
    <system-out>1..4
ok 1 - Equals
ok 2 - Equals
ok 3 - Equals
ok 4 - Equals
</system-out>
    <testcase name="Equals (310)" classname="spec_perl_TestCastNested_t" time="0.000362157821655273" />
    <testcase name="Equals (311)" classname="spec_perl_TestCastNested_t" time="9.08374786376953e-05" />
    <testcase name="Equals (312)" classname="spec_perl_TestCastNested_t" time="0.000127077102661133" />
    <testcase name="Equals (313)" classname="spec_perl_TestCastNested_t" time="0.000133991241455078" />
  </testsuite>
  <testsuite name="spec_perl_TestSwitchManualIntSizeElse_t" errors="0" failures="0" skipped="0" tests="10" time="0.05177903175354">
    <system-out>1..10
ok 1 - Equals
ok 2 - Equals
ok 3 - Equals
ok 4 - Equals
ok 5 - Equals
ok 6 - Equals
ok 7 - Equals
ok 8 - Equals
ok 9 - Equals
ok 10 - Equals
</system-out>
    <testcase name="Equals (314)" classname="spec_perl_TestSwitchManualIntSizeElse_t" time="0.000840902328491211" />
    <testcase name="Equals (315)" classname="spec_perl_TestSwitchManualIntSizeElse_t" time="0.000113964080810547" />
    <testcase name="Equals (316)" classname="spec_perl_TestSwitchManualIntSizeElse_t" time="5.29289245605469e-05" />
    <testcase name="Equals (317)" classname="spec_perl_TestSwitchManualIntSizeElse_t" time="6.41345977783203e-05" />
    <testcase name="Equals (318)" classname="spec_perl_TestSwitchManualIntSizeElse_t" time="0.000339984893798828" />
    <testcase name="Equals (319)" classname="spec_perl_TestSwitchManualIntSizeElse_t" time="0.000128030776977539" />
    <testcase name="Equals (320)" classname="spec_perl_TestSwitchManualIntSizeElse_t" time="0.000152826309204102" />
    <testcase name="Equals (321)" classname="spec_perl_TestSwitchManualIntSizeElse_t" time="0.000167131423950195" />
    <testcase name="Equals (322)" classname="spec_perl_TestSwitchManualIntSizeElse_t" time="0.00010991096496582" />
    <testcase name="Equals (323)" classname="spec_perl_TestSwitchManualIntSizeElse_t" time="0.000146150588989258" />
  </testsuite>
  <testsuite name="spec_perl_TestRepeatEosBit_t" errors="0" failures="1" skipped="0" tests="1" time="0.0473458766937256">
    <system-out>1..1
not ok 1 - Equals
</system-out>
    <testcase name="Equals (324)" classname="spec_perl_TestRepeatEosBit_t" time="0.000378847122192383">
      <failure message="not ok 1 - Equals" type="TAP::Parser::Result::Test"></failure>
    </testcase>
  </testsuite>
  <testsuite name="spec_perl_TestStrPadTermEmpty_t" errors="0" failures="0" skipped="0" tests="4" time="0.0477919578552246">
    <system-out>1..4
ok 1 - Equals
ok 2 - Equals
ok 3 - Equals
ok 4 - Equals
</system-out>
    <testcase name="Equals (325)" classname="spec_perl_TestStrPadTermEmpty_t" time="0.000391960144042969" />
    <testcase name="Equals (326)" classname="spec_perl_TestStrPadTermEmpty_t" time="0.000114202499389648" />
    <testcase name="Equals (327)" classname="spec_perl_TestStrPadTermEmpty_t" time="6.19888305664062e-05" />
    <testcase name="Equals (328)" classname="spec_perl_TestStrPadTermEmpty_t" time="0.000103950500488281" />
  </testsuite>
  <testsuite name="spec_perl_TestExprBits_t" errors="0" failures="0" skipped="0" tests="10" time="0.0492048263549805">
    <system-out>1..10
ok 1 - Equals
ok 2 - Equals
ok 3 - Equals
ok 4 - Equals
ok 5 - Equals
ok 6 - Equals
ok 7 - Equals
ok 8 - Equals
ok 9 - Equals
ok 10 - Equals
</system-out>
    <testcase name="Equals (329)" classname="spec_perl_TestExprBits_t" time="0.000288009643554688" />
    <testcase name="Equals (330)" classname="spec_perl_TestExprBits_t" time="8.20159912109375e-05" />
    <testcase name="Equals (331)" classname="spec_perl_TestExprBits_t" time="0.000123023986816406" />
    <testcase name="Equals (332)" classname="spec_perl_TestExprBits_t" time="0.000135898590087891" />
    <testcase name="Equals (333)" classname="spec_perl_TestExprBits_t" time="0.000153064727783203" />
    <testcase name="Equals (334)" classname="spec_perl_TestExprBits_t" time="0.000103950500488281" />
    <testcase name="Equals (335)" classname="spec_perl_TestExprBits_t" time="0.000163078308105469" />
    <testcase name="Equals (336)" classname="spec_perl_TestExprBits_t" time="0.000110864639282227" />
    <testcase name="Equals (337)" classname="spec_perl_TestExprBits_t" time="0.000143051147460938" />
    <testcase name="Equals (338)" classname="spec_perl_TestExprBits_t" time="0.000155925750732422" />
  </testsuite>
  <testsuite name="spec_perl_TestPositionAbs_t" errors="0" failures="0" skipped="0" tests="2" time="0.0518369674682617">
    <system-out>1..2
ok 1 - Equals
ok 2 - Equals
</system-out>
    <testcase name="Equals (339)" classname="spec_perl_TestPositionAbs_t" time="0.000290155410766602" />
    <testcase name="Equals (340)" classname="spec_perl_TestPositionAbs_t" time="0.000237941741943359" />
  </testsuite>
  <testsuite name="spec_perl_TestExpr0_t" errors="0" failures="0" skipped="0" tests="2" time="0.0435960292816162">
    <system-out>1..2
ok 1 - Equals
ok 2 - Equals
</system-out>
    <testcase name="Equals (341)" classname="spec_perl_TestExpr0_t" time="0.000264167785644531" />
    <testcase name="Equals (342)" classname="spec_perl_TestExpr0_t" time="8.392333984375e-05" />
  </testsuite>
  <testsuite name="spec_perl_TestEnumNegative_t" errors="0" failures="0" skipped="0" tests="2" time="0.0458910465240479">
    <system-out>1..2
ok 1 - Equals
ok 2 - Equals
</system-out>
    <testcase name="Equals (343)" classname="spec_perl_TestEnumNegative_t" time="0.000273942947387695" />
    <testcase name="Equals (344)" classname="spec_perl_TestEnumNegative_t" time="8.10623168945312e-05" />
  </testsuite>
  <testsuite name="spec_perl_TestRepeatNStrz_t" errors="0" failures="0" skipped="0" tests="2" time="0.0496461391448975">
    <system-out>1..2
ok 1 - Equals
ok 2 - Equals
</system-out>
    <testcase name="Equals (345)" classname="spec_perl_TestRepeatNStrz_t" time="0.000401973724365234" />
    <testcase name="Equals (346)" classname="spec_perl_TestRepeatNStrz_t" time="8.60691070556641e-05" />
  </testsuite>
  <testsuite name="spec_perl_TestEnum0_t" errors="0" failures="0" skipped="0" tests="2" time="0.0449881553649902">
    <system-out>1..2
ok 1 - Equals
ok 2 - Equals
</system-out>
    <testcase name="Equals (347)" classname="spec_perl_TestEnum0_t" time="0.000286102294921875" />
    <testcase name="Equals (348)" classname="spec_perl_TestEnum0_t" time="8.392333984375e-05" />
  </testsuite>
  <testsuite name="spec_perl_TestDefaultEndianMod_t" errors="0" failures="0" skipped="0" tests="3" time="0.0450561046600342">
    <system-out>1..3
ok 1 - Equals
ok 2 - Equals
ok 3 - Equals
</system-out>
    <testcase name="Equals (349)" classname="spec_perl_TestDefaultEndianMod_t" time="0.000291109085083008" />
    <testcase name="Equals (350)" classname="spec_perl_TestDefaultEndianMod_t" time="8.48770141601562e-05" />
    <testcase name="Equals (351)" classname="spec_perl_TestDefaultEndianMod_t" time="7.41481781005859e-05" />
  </testsuite>
  <testsuite name="spec_perl_TestSwitchElseOnly_t" errors="1" failures="0" skipped="0" tests="0" time="0.0479500293731689">
    <system-out></system-out>
    <testcase name="Test died too soon, even before plan. (351)" classname="spec_perl_TestSwitchElseOnly_t" time="0.0479500293731689">
      <failure message="The test suite died before a plan was produced. You need to have a plan." type="Plan">No plan</failure>
    </testcase>
  </testsuite>
  <testsuite name="spec_perl_TestProcessRepeatUsertype_t" errors="0" failures="0" skipped="0" tests="4" time="0.044950008392334">
    <system-out>1..4
ok 1 - Equals
ok 2 - Equals
ok 3 - Equals
ok 4 - Equals
</system-out>
    <testcase name="Equals (352)" classname="spec_perl_TestProcessRepeatUsertype_t" time="0.000623941421508789" />
    <testcase name="Equals (353)" classname="spec_perl_TestProcessRepeatUsertype_t" time="0.000113964080810547" />
    <testcase name="Equals (354)" classname="spec_perl_TestProcessRepeatUsertype_t" time="4.81605529785156e-05" />
    <testcase name="Equals (355)" classname="spec_perl_TestProcessRepeatUsertype_t" time="5.88893890380859e-05" />
  </testsuite>
  <testsuite name="spec_perl_TestEnumLongRangeS_t" errors="0" failures="0" skipped="0" tests="7" time="0.044529914855957">
    <system-out>1..7
ok 1 - Equals
ok 2 - Equals
ok 3 - Equals
ok 4 - Equals
ok 5 - Equals
ok 6 - Equals
ok 7 - Equals
</system-out>
    <testcase name="Equals (356)" classname="spec_perl_TestEnumLongRangeS_t" time="0.000254154205322266" />
    <testcase name="Equals (357)" classname="spec_perl_TestEnumLongRangeS_t" time="7.48634338378906e-05" />
    <testcase name="Equals (358)" classname="spec_perl_TestEnumLongRangeS_t" time="0.000158071517944336" />
    <testcase name="Equals (359)" classname="spec_perl_TestEnumLongRangeS_t" time="8.70227813720703e-05" />
    <testcase name="Equals (360)" classname="spec_perl_TestEnumLongRangeS_t" time="0.000164031982421875" />
    <testcase name="Equals (361)" classname="spec_perl_TestEnumLongRangeS_t" time="9.67979431152344e-05" />
    <testcase name="Equals (362)" classname="spec_perl_TestEnumLongRangeS_t" time="0.000141143798828125" />
  </testsuite>
  <testsuite name="spec_perl_TestEnumIf_t" errors="0" failures="0" skipped="0" tests="7" time="0.0500140190124512">
    <system-out>1..7
ok 1 - Equals
ok 2 - Equals
ok 3 - Equals
ok 4 - Equals
ok 5 - Equals
ok 6 - Equals
ok 7 - Equals
</system-out>
    <testcase name="Equals (363)" classname="spec_perl_TestEnumIf_t" time="0.000412225723266602" />
    <testcase name="Equals (364)" classname="spec_perl_TestEnumIf_t" time="9.08374786376953e-05" />
    <testcase name="Equals (365)" classname="spec_perl_TestEnumIf_t" time="5.69820404052734e-05" />
    <testcase name="Equals (366)" classname="spec_perl_TestEnumIf_t" time="0.000144004821777344" />
    <testcase name="Equals (367)" classname="spec_perl_TestEnumIf_t" time="0.00012516975402832" />
    <testcase name="Equals (368)" classname="spec_perl_TestEnumIf_t" time="0.000124931335449219" />
    <testcase name="Equals (369)" classname="spec_perl_TestEnumIf_t" time="0.000133991241455078" />
  </testsuite>
  <testsuite name="spec_perl_TestInstanceUserArray_t" errors="0" failures="0" skipped="0" tests="10" time="0.046522855758667">
    <system-out>1..10
ok 1 - Equals
ok 2 - Equals
ok 3 - Equals
ok 4 - Equals
ok 5 - Equals
ok 6 - Equals
ok 7 - Equals
ok 8 - Equals
ok 9 - Equals
ok 10 - Equals
</system-out>
    <testcase name="Equals (370)" classname="spec_perl_TestInstanceUserArray_t" time="0.00030207633972168" />
    <testcase name="Equals (371)" classname="spec_perl_TestInstanceUserArray_t" time="8.70227813720703e-05" />
    <testcase name="Equals (372)" classname="spec_perl_TestInstanceUserArray_t" time="0.000132083892822266" />
    <testcase name="Equals (373)" classname="spec_perl_TestInstanceUserArray_t" time="0.00061488151550293" />
    <testcase name="Equals (374)" classname="spec_perl_TestInstanceUserArray_t" time="0.000144004821777344" />
    <testcase name="Equals (375)" classname="spec_perl_TestInstanceUserArray_t" time="0.00011897087097168" />
    <testcase name="Equals (376)" classname="spec_perl_TestInstanceUserArray_t" time="0.000151157379150391" />
    <testcase name="Equals (377)" classname="spec_perl_TestInstanceUserArray_t" time="0.000130891799926758" />
    <testcase name="Equals (378)" classname="spec_perl_TestInstanceUserArray_t" time="0.000118017196655273" />
    <testcase name="Equals (379)" classname="spec_perl_TestInstanceUserArray_t" time="0.00014495849609375" />
  </testsuite>
  <testsuite name="spec_perl_TestImports0_t" errors="0" failures="0" skipped="0" tests="3" time="0.0442850589752197">
    <system-out>1..3
ok 1 - Equals
ok 2 - Equals
ok 3 - Equals
</system-out>
    <testcase name="Equals (380)" classname="spec_perl_TestImports0_t" time="0.00026702880859375" />
    <testcase name="Equals (381)" classname="spec_perl_TestImports0_t" time="7.70092010498047e-05" />
    <testcase name="Equals (382)" classname="spec_perl_TestImports0_t" time="0.000142097473144531" />
  </testsuite>
  <testsuite name="spec_perl_TestTypeTernary_t" errors="0" failures="0" skipped="0" tests="1" time="0.0448031425476074">
    <system-out>1..1
ok 1 - Equals
</system-out>
    <testcase name="Equals (383)" classname="spec_perl_TestTypeTernary_t" time="0.000588893890380859" />
  </testsuite>
  <testsuite name="spec_perl_TestEofExceptionU4_t" errors="0" failures="0" skipped="0" tests="1" time="0.0490431785583496">
    <system-out>1..1
ok 1 - Died
</system-out>
    <testcase name="Died (383)" classname="spec_perl_TestEofExceptionU4_t" time="0.000274896621704102" />
  </testsuite>
  <testsuite name="spec_perl_TestExpr2_t" errors="0" failures="0" skipped="0" tests="17" time="0.0513720512390137">
    <system-out>1..17
ok 1 - Equals
ok 2 - Equals
ok 3 - Equals
ok 4 - Equals
ok 5 - Equals
ok 6 - Equals
ok 7 - Equals
ok 8 - Equals
ok 9 - Equals
ok 10 - Equals
ok 11 - Equals
ok 12 - Equals
ok 13 - Equals
ok 14 - Equals
ok 15 - Equals
ok 16 - Equals
ok 17 - Equals
</system-out>
    <testcase name="Equals (384)" classname="spec_perl_TestExpr2_t" time="0.000744104385375977" />
    <testcase name="Equals (385)" classname="spec_perl_TestExpr2_t" time="0.0001068115234375" />
    <testcase name="Equals (386)" classname="spec_perl_TestExpr2_t" time="5.00679016113281e-05" />
    <testcase name="Equals (387)" classname="spec_perl_TestExpr2_t" time="0.000118017196655273" />
    <testcase name="Equals (388)" classname="spec_perl_TestExpr2_t" time="0.000133037567138672" />
    <testcase name="Equals (389)" classname="spec_perl_TestExpr2_t" time="0.00017094612121582" />
    <testcase name="Equals (390)" classname="spec_perl_TestExpr2_t" time="0.000118017196655273" />
    <testcase name="Equals (391)" classname="spec_perl_TestExpr2_t" time="0.000205039978027344" />
    <testcase name="Equals (392)" classname="spec_perl_TestExpr2_t" time="0.000123977661132812" />
    <testcase name="Equals (393)" classname="spec_perl_TestExpr2_t" time="0.000118017196655273" />
    <testcase name="Equals (394)" classname="spec_perl_TestExpr2_t" time="0.000159025192260742" />
    <testcase name="Equals (395)" classname="spec_perl_TestExpr2_t" time="0.000112056732177734" />
    <testcase name="Equals (396)" classname="spec_perl_TestExpr2_t" time="0.000157833099365234" />
    <testcase name="Equals (397)" classname="spec_perl_TestExpr2_t" time="0.000162124633789062" />
    <testcase name="Equals (398)" classname="spec_perl_TestExpr2_t" time="0.000121831893920898" />
    <testcase name="Equals (399)" classname="spec_perl_TestExpr2_t" time="0.000149011611938477" />
    <testcase name="Equals (400)" classname="spec_perl_TestExpr2_t" time="0.000111103057861328" />
  </testsuite>
  <testsuite name="spec_perl_TestYamlInts_t" errors="0" failures="0" skipped="0" tests="4" time="0.0512790679931641">
    <system-out>1..4
ok 1 - Equals
ok 2 - Equals
ok 3 - Equals
ok 4 - Equals
</system-out>
    <testcase name="Equals (401)" classname="spec_perl_TestYamlInts_t" time="0.000734090805053711" />
    <testcase name="Equals (402)" classname="spec_perl_TestYamlInts_t" time="0.000372886657714844" />
    <testcase name="Equals (403)" classname="spec_perl_TestYamlInts_t" time="0.000324010848999023" />
    <testcase name="Equals (404)" classname="spec_perl_TestYamlInts_t" time="0.000290155410766602" />
  </testsuite>
  <testsuite name="spec_perl_TestProcessXor4Value_t" errors="0" failures="0" skipped="0" tests="2" time="0.0447378158569336">
    <system-out>1..2
ok 1 - Equals
ok 2 - Equals
</system-out>
    <testcase name="Equals (405)" classname="spec_perl_TestProcessXor4Value_t" time="0.000266075134277344" />
    <testcase name="Equals (406)" classname="spec_perl_TestProcessXor4Value_t" time="7.51018524169922e-05" />
  </testsuite>
  <testsuite name="spec_perl_TestEnumForUnknownId_t" errors="0" failures="0" skipped="0" tests="1" time="0.0467381477355957">
    <system-out>1..1
ok 1 - Equals
</system-out>
[...]
    <testcase name="Equals (666)" classname="spec_perl_TestProcessXorValue_t" time="7.89165496826172e-05" />
  </testsuite>
  <testsuite name="spec_perl_TestSwitchBytearray_t" errors="0" failures="0" skipped="0" tests="9" time="0.0490920543670654">
    <system-out>1..9
ok 1 - Equals
ok 2 - Equals
ok 3 - Equals
ok 4 - Equals
ok 5 - Equals
ok 6 - Equals
ok 7 - Equals
ok 8 - Equals
ok 9 - Equals
</system-out>
    <testcase name="Equals (667)" classname="spec_perl_TestSwitchBytearray_t" time="0.000343084335327148" />
    <testcase name="Equals (668)" classname="spec_perl_TestSwitchBytearray_t" time="8.98838043212891e-05" />
    <testcase name="Equals (669)" classname="spec_perl_TestSwitchBytearray_t" time="5.91278076171875e-05" />
    <testcase name="Equals (670)" classname="spec_perl_TestSwitchBytearray_t" time="0.000164985656738281" />
    <testcase name="Equals (671)" classname="spec_perl_TestSwitchBytearray_t" time="9.39369201660156e-05" />
    <testcase name="Equals (672)" classname="spec_perl_TestSwitchBytearray_t" time="0.00014495849609375" />
    <testcase name="Equals (673)" classname="spec_perl_TestSwitchBytearray_t" time="0.000106096267700195" />
    <testcase name="Equals (674)" classname="spec_perl_TestSwitchBytearray_t" time="0.000143051147460938" />
    <testcase name="Equals (675)" classname="spec_perl_TestSwitchBytearray_t" time="0.000113010406494141" />
  </testsuite>
  <testsuite name="spec_perl_TestProcessCoerceUsertype1_t" errors="0" failures="0" skipped="0" tests="4" time="0.0447249412536621">
    <system-out>1..4
ok 1 - Equals
ok 2 - Equals
ok 3 - Equals
ok 4 - Equals
</system-out>
    <testcase name="Equals (676)" classname="spec_perl_TestProcessCoerceUsertype1_t" time="0.000571966171264648" />
    <testcase name="Equals (677)" classname="spec_perl_TestProcessCoerceUsertype1_t" time="0.000142097473144531" />
    <testcase name="Equals (678)" classname="spec_perl_TestProcessCoerceUsertype1_t" time="6.89029693603516e-05" />
    <testcase name="Equals (679)" classname="spec_perl_TestProcessCoerceUsertype1_t" time="9.79900360107422e-05" />
  </testsuite>
  <testsuite name="spec_perl_TestMultipleUse_t" errors="0" failures="0" skipped="0" tests="2" time="0.0462179183959961">
    <system-out>1..2
ok 1 - Equals
ok 2 - Equals
</system-out>
    <testcase name="Equals (680)" classname="spec_perl_TestMultipleUse_t" time="0.000308036804199219" />
    <testcase name="Equals (681)" classname="spec_perl_TestMultipleUse_t" time="8.20159912109375e-05" />
  </testsuite>
  <testsuite name="spec_perl_TestStrPadTerm_t" errors="0" failures="0" skipped="0" tests="4" time="0.0481319427490234">
    <system-out>1..4
ok 1 - Equals
ok 2 - Equals
ok 3 - Equals
ok 4 - Equals
</system-out>
    <testcase name="Equals (682)" classname="spec_perl_TestStrPadTerm_t" time="0.000370025634765625" />
    <testcase name="Equals (683)" classname="spec_perl_TestStrPadTerm_t" time="9.29832458496094e-05" />
    <testcase name="Equals (684)" classname="spec_perl_TestStrPadTerm_t" time="7.29560852050781e-05" />
    <testcase name="Equals (685)" classname="spec_perl_TestStrPadTerm_t" time="0.000126123428344727" />
  </testsuite>
  <testsuite name="spec_perl_TestStrEncodings_t" errors="0" failures="0" skipped="0" tests="4" time="0.0717239379882812">
    <system-out>1..4
ok 1 - Equals
ok 2 - Equals
ok 3 - Equals
ok 4 - Equals
</system-out>
    <testcase name="Equals (686)" classname="spec_perl_TestStrEncodings_t" time="0.023859977722168" />
    <testcase name="Equals (687)" classname="spec_perl_TestStrEncodings_t" time="0.000134944915771484" />
    <testcase name="Equals (688)" classname="spec_perl_TestStrEncodings_t" time="5.00679016113281e-05" />
    <testcase name="Equals (689)" classname="spec_perl_TestStrEncodings_t" time="0.000155925750732422" />
  </testsuite>
  <testsuite name="spec_perl_TestExprBytesOps_t" errors="1" failures="0" skipped="0" tests="0" time="0.0488018989562988">
    <system-out></system-out>
    <testcase name="Test died too soon, even before plan. (689)" classname="spec_perl_TestExprBytesOps_t" time="0.0488018989562988">
      <failure message="The test suite died before a plan was produced. You need to have a plan." type="Plan">No plan</failure>
    </testcase>
  </testsuite>
  <testsuite name="spec_perl_TestDefaultEndianExprIsBe_t" errors="0" failures="0" skipped="0" tests="18" time="0.0466761589050293">
    <system-out>1..18
ok 1 - Equals
ok 2 - Equals
ok 3 - Equals
ok 4 - Equals
ok 5 - Equals
ok 6 - Equals
ok 7 - Equals
ok 8 - Equals
ok 9 - Equals
ok 10 - Equals
ok 11 - Equals
ok 12 - Equals
ok 13 - Equals
ok 14 - Equals
ok 15 - Equals
ok 16 - Equals
ok 17 - Equals
ok 18 - Equals
</system-out>
    <testcase name="Equals (690)" classname="spec_perl_TestDefaultEndianExprIsBe_t" time="0.000286102294921875" />
    <testcase name="Equals (691)" classname="spec_perl_TestDefaultEndianExprIsBe_t" time="8.70227813720703e-05" />
    <testcase name="Equals (692)" classname="spec_perl_TestDefaultEndianExprIsBe_t" time="5.69820404052734e-05" />
    <testcase name="Equals (693)" classname="spec_perl_TestDefaultEndianExprIsBe_t" time="0.000131845474243164" />
    <testcase name="Equals (694)" classname="spec_perl_TestDefaultEndianExprIsBe_t" time="0.000374078750610352" />
    <testcase name="Equals (695)" classname="spec_perl_TestDefaultEndianExprIsBe_t" time="0.000117063522338867" />
    <testcase name="Equals (696)" classname="spec_perl_TestDefaultEndianExprIsBe_t" time="0.000157833099365234" />
    <testcase name="Equals (697)" classname="spec_perl_TestDefaultEndianExprIsBe_t" time="0.000150203704833984" />
    <testcase name="Equals (698)" classname="spec_perl_TestDefaultEndianExprIsBe_t" time="0.000120878219604492" />
    <testcase name="Equals (699)" classname="spec_perl_TestDefaultEndianExprIsBe_t" time="0.000142097473144531" />
    <testcase name="Equals (700)" classname="spec_perl_TestDefaultEndianExprIsBe_t" time="0.000156879425048828" />
    <testcase name="Equals (701)" classname="spec_perl_TestDefaultEndianExprIsBe_t" time="0.000149965286254883" />
    <testcase name="Equals (702)" classname="spec_perl_TestDefaultEndianExprIsBe_t" time="0.000121116638183594" />
    <testcase name="Equals (703)" classname="spec_perl_TestDefaultEndianExprIsBe_t" time="0.00014495849609375" />
    <testcase name="Equals (704)" classname="spec_perl_TestDefaultEndianExprIsBe_t" time="0.000159025192260742" />
    <testcase name="Equals (705)" classname="spec_perl_TestDefaultEndianExprIsBe_t" time="0.00010991096496582" />
    <testcase name="Equals (706)" classname="spec_perl_TestDefaultEndianExprIsBe_t" time="0.000219106674194336" />
    <testcase name="Equals (707)" classname="spec_perl_TestDefaultEndianExprIsBe_t" time="8.10623168945312e-05" />
  </testsuite>
  <testsuite name="spec_perl_TestExprSizeofType0_t" errors="0" failures="0" skipped="0" tests="1" time="0.051487922668457">
    <system-out>1..1
ok 1 - Equals
</system-out>
    <testcase name="Equals (708)" classname="spec_perl_TestExprSizeofType0_t" time="0.000259876251220703" />
  </testsuite>
  <testsuite name="spec_perl_TestSwitchManualIntElse_t" errors="0" failures="0" skipped="0" tests="9" time="0.0495491027832031">
    <system-out>1..9
ok 1 - Equals
ok 2 - Equals
ok 3 - Equals
ok 4 - Equals
ok 5 - Equals
ok 6 - Equals
ok 7 - Equals
ok 8 - Equals
ok 9 - Equals
</system-out>
    <testcase name="Equals (709)" classname="spec_perl_TestSwitchManualIntElse_t" time="0.000481128692626953" />
    <testcase name="Equals (710)" classname="spec_perl_TestSwitchManualIntElse_t" time="9.98973846435547e-05" />
    <testcase name="Equals (711)" classname="spec_perl_TestSwitchManualIntElse_t" time="5.81741333007812e-05" />
    <testcase name="Equals (712)" classname="spec_perl_TestSwitchManualIntElse_t" time="0.00014185905456543" />
    <testcase name="Equals (713)" classname="spec_perl_TestSwitchManualIntElse_t" time="0.00014805793762207" />
    <testcase name="Equals (714)" classname="spec_perl_TestSwitchManualIntElse_t" time="0.000128984451293945" />
    <testcase name="Equals (715)" classname="spec_perl_TestSwitchManualIntElse_t" time="0.000138044357299805" />
    <testcase name="Equals (716)" classname="spec_perl_TestSwitchManualIntElse_t" time="0.000139951705932617" />
    <testcase name="Equals (717)" classname="spec_perl_TestSwitchManualIntElse_t" time="0.000154018402099609" />
  </testsuite>
  <testsuite name="spec_perl_TestCombineStr_t" errors="0" failures="0" skipped="0" tests="15" time="0.0519001483917236">
    <system-out>1..15
ok 1 - Equals
ok 2 - Equals
ok 3 - Equals
ok 4 - Equals
ok 5 - Equals
ok 6 - Equals
ok 7 - Equals
ok 8 - Equals
ok 9 - Equals
ok 10 - Equals
ok 11 - Equals
ok 12 - Equals
ok 13 - Equals
ok 14 - Equals
ok 15 - Equals
</system-out>
    <testcase name="Equals (718)" classname="spec_perl_TestCombineStr_t" time="0.000355005264282227" />
    <testcase name="Equals (719)" classname="spec_perl_TestCombineStr_t" time="8.0108642578125e-05" />
    <testcase name="Equals (720)" classname="spec_perl_TestCombineStr_t" time="7.79628753662109e-05" />
    <testcase name="Equals (721)" classname="spec_perl_TestCombineStr_t" time="0.00015711784362793" />
    <testcase name="Equals (722)" classname="spec_perl_TestCombineStr_t" time="0.000139951705932617" />
    <testcase name="Equals (723)" classname="spec_perl_TestCombineStr_t" time="0.000118017196655273" />
    <testcase name="Equals (724)" classname="spec_perl_TestCombineStr_t" time="0.00014495849609375" />
    <testcase name="Equals (725)" classname="spec_perl_TestCombineStr_t" time="0.000127077102661133" />
    <testcase name="Equals (726)" classname="spec_perl_TestCombineStr_t" time="0.00014185905456543" />
    <testcase name="Equals (727)" classname="spec_perl_TestCombineStr_t" time="0.000128984451293945" />
    <testcase name="Equals (728)" classname="spec_perl_TestCombineStr_t" time="0.000152111053466797" />
    <testcase name="Equals (729)" classname="spec_perl_TestCombineStr_t" time="0.000135898590087891" />
    <testcase name="Equals (730)" classname="spec_perl_TestCombineStr_t" time="0.000149011611938477" />
    <testcase name="Equals (731)" classname="spec_perl_TestCombineStr_t" time="0.000145912170410156" />
    <testcase name="Equals (732)" classname="spec_perl_TestCombineStr_t" time="0.000142097473144531" />
  </testsuite>
  <testsuite name="spec_perl_TestZlibSurrounded_t" errors="0" failures="0" skipped="0" tests="1" time="0.0657298564910889">
    <system-out>1..1
ok 1 - Equals
</system-out>
    <testcase name="Equals (733)" classname="spec_perl_TestZlibSurrounded_t" time="0.00064396858215332" />
  </testsuite>
  <testsuite name="spec_perl_TestHelloWorld_t" errors="0" failures="0" skipped="0" tests="1" time="0.0447728633880615">
    <system-out>1..1
ok 1 - Equals
</system-out>
    <testcase name="Equals (734)" classname="spec_perl_TestHelloWorld_t" time="0.000319004058837891" />
  </testsuite>
  <testsuite name="spec_perl_TestEnumDeepLiterals_t" errors="0" failures="0" skipped="0" tests="2" time="0.043353796005249">
    <system-out>1..2
ok 1 - Equals
ok 2 - Equals
</system-out>
    <testcase name="Equals (735)" classname="spec_perl_TestEnumDeepLiterals_t" time="0.000201940536499023" />
    <testcase name="Equals (736)" classname="spec_perl_TestEnumDeepLiterals_t" time="6.91413879394531e-05" />
  </testsuite>
  <testsuite name="spec_perl_TestValidShort_t" errors="1" failures="0" skipped="0" tests="0" time="0.0467119216918945">
    <system-out></system-out>
    <testcase name="Test died too soon, even before plan. (736)" classname="spec_perl_TestValidShort_t" time="0.0467119216918945">
      <failure message="The test suite died before a plan was produced. You need to have a plan." type="Plan">No plan</failure>
    </testcase>
  </testsuite>
  <testsuite name="spec_perl_TestExprBytesLiteral_t" errors="1" failures="0" skipped="0" tests="0" time="0.0453097820281982">
    <system-out></system-out>
    <testcase name="Test died too soon, even before plan. (737)" classname="spec_perl_TestExprBytesLiteral_t" time="0.0453097820281982">
      <failure message="The test suite died before a plan was produced. You need to have a plan." type="Plan">No plan</failure>
    </testcase>
  </testsuite>
  <testsuite name="spec_perl_TestEnumToI_t" errors="0" failures="0" skipped="0" tests="5" time="0.0460278987884521">
    <system-out>1..5
ok 1 - Equals
ok 2 - Equals
ok 3 - Equals
ok 4 - Equals
ok 5 - Equals
</system-out>
    <testcase name="Equals (737)" classname="spec_perl_TestEnumToI_t" time="0.000184059143066406" />
    <testcase name="Equals (738)" classname="spec_perl_TestEnumToI_t" time="8.10623168945312e-05" />
    <testcase name="Equals (739)" classname="spec_perl_TestEnumToI_t" time="0.000172853469848633" />
    <testcase name="Equals (740)" classname="spec_perl_TestEnumToI_t" time="9.20295715332031e-05" />
    <testcase name="Equals (741)" classname="spec_perl_TestEnumToI_t" time="0.000147104263305664" />
  </testsuite>
  <testsuite name="spec_perl_TestSwitchManualEnum_t" errors="0" failures="0" skipped="0" tests="9" time="0.0510778427124023">
    <system-out>1..9
ok 1 - Equals
ok 2 - Equals
ok 3 - Equals
ok 4 - Equals
ok 5 - Equals
ok 6 - Equals
ok 7 - Equals
ok 8 - Equals
ok 9 - Equals
</system-out>
    <testcase name="Equals (742)" classname="spec_perl_TestSwitchManualEnum_t" time="0.000370025634765625" />
    <testcase name="Equals (743)" classname="spec_perl_TestSwitchManualEnum_t" time="9.29832458496094e-05" />
    <testcase name="Equals (744)" classname="spec_perl_TestSwitchManualEnum_t" time="5.88893890380859e-05" />
    <testcase name="Equals (745)" classname="spec_perl_TestSwitchManualEnum_t" time="0.000149965286254883" />
    <testcase name="Equals (746)" classname="spec_perl_TestSwitchManualEnum_t" time="0.000136137008666992" />
    <testcase name="Equals (747)" classname="spec_perl_TestSwitchManualEnum_t" time="0.000134944915771484" />
    <testcase name="Equals (748)" classname="spec_perl_TestSwitchManualEnum_t" time="0.000130891799926758" />
    <testcase name="Equals (749)" classname="spec_perl_TestSwitchManualEnum_t" time="0.0001220703125" />
    <testcase name="Equals (750)" classname="spec_perl_TestSwitchManualEnum_t" time="0.000143051147460938" />
  </testsuite>
  <testsuite name="spec_perl_TestCastToImported_t" errors="0" failures="0" skipped="0" tests="2" time="0.0462028980255127">
    <system-out>1..2
ok 1 - Equals
ok 2 - Equals
</system-out>
    <testcase name="Equals (751)" classname="spec_perl_TestCastToImported_t" time="0.000360012054443359" />
    <testcase name="Equals (752)" classname="spec_perl_TestCastToImported_t" time="9.29832458496094e-05" />
  </testsuite>
  <testsuite name="spec_perl_TestSwitchManualIntSizeEos_t" errors="0" failures="0" skipped="0" tests="10" time="0.0518341064453125">
    <system-out>1..10
ok 1 - Equals
ok 2 - Equals
ok 3 - Equals
ok 4 - Equals
ok 5 - Equals
ok 6 - Equals
ok 7 - Equals
ok 8 - Equals
ok 9 - Equals
ok 10 - Equals
</system-out>
    <testcase name="Equals (753)" classname="spec_perl_TestSwitchManualIntSizeEos_t" time="0.000895977020263672" />
    <testcase name="Equals (754)" classname="spec_perl_TestSwitchManualIntSizeEos_t" time="0.000115156173706055" />
    <testcase name="Equals (755)" classname="spec_perl_TestSwitchManualIntSizeEos_t" time="4.69684600830078e-05" />
    <testcase name="Equals (756)" classname="spec_perl_TestSwitchManualIntSizeEos_t" time="5.88893890380859e-05" />
    <testcase name="Equals (757)" classname="spec_perl_TestSwitchManualIntSizeEos_t" time="0.000147104263305664" />
    <testcase name="Equals (758)" classname="spec_perl_TestSwitchManualIntSizeEos_t" time="0.000181913375854492" />
    <testcase name="Equals (759)" classname="spec_perl_TestSwitchManualIntSizeEos_t" time="0.000153064727783203" />
    <testcase name="Equals (760)" classname="spec_perl_TestSwitchManualIntSizeEos_t" time="0.00015711784362793" />
    <testcase name="Equals (761)" classname="spec_perl_TestSwitchManualIntSizeEos_t" time="0.000131845474243164" />
    <testcase name="Equals (762)" classname="spec_perl_TestSwitchManualIntSizeEos_t" time="0.000144004821777344" />
  </testsuite>
  <testsuite name="spec_perl_TestNestedSameName_t" errors="0" failures="0" skipped="0" tests="2" time="0.0459651947021484">
    <system-out>1..2
ok 1 - Equals
ok 2 - Equals
</system-out>
    <testcase name="Equals (763)" classname="spec_perl_TestNestedSameName_t" time="0.000282049179077148" />
    <testcase name="Equals (764)" classname="spec_perl_TestNestedSameName_t" time="7.98702239990234e-05" />
  </testsuite>
  <testsuite name="spec_perl_TestRepeatNStruct_t" errors="0" failures="0" skipped="0" tests="5" time="0.0466399192810059">
    <system-out>1..5
ok 1 - Equals
ok 2 - Equals
ok 3 - Equals
ok 4 - Equals
ok 5 - Equals
</system-out>
    <testcase name="Equals (765)" classname="spec_perl_TestRepeatNStruct_t" time="0.000293970108032227" />
    <testcase name="Equals (766)" classname="spec_perl_TestRepeatNStruct_t" time="8.20159912109375e-05" />
    <testcase name="Equals (767)" classname="spec_perl_TestRepeatNStruct_t" time="9.29832458496094e-05" />
    <testcase name="Equals (768)" classname="spec_perl_TestRepeatNStruct_t" time="0.000144004821777344" />
    <testcase name="Equals (769)" classname="spec_perl_TestRepeatNStruct_t" time="0.000119924545288086" />
  </testsuite>
  <testsuite name="spec_perl_TestProcessCoerceUsertype2_t" errors="0" failures="0" skipped="0" tests="4" time="0.0453920364379883">
    <system-out>1..4
ok 1 - Equals
ok 2 - Equals
ok 3 - Equals
ok 4 - Equals
</system-out>
    <testcase name="Equals (770)" classname="spec_perl_TestProcessCoerceUsertype2_t" time="0.000585794448852539" />
    <testcase name="Equals (771)" classname="spec_perl_TestProcessCoerceUsertype2_t" time="0.000102996826171875" />
    <testcase name="Equals (772)" classname="spec_perl_TestProcessCoerceUsertype2_t" time="4.72068786621094e-05" />
    <testcase name="Equals (773)" classname="spec_perl_TestProcessCoerceUsertype2_t" time="0.000105857849121094" />
  </testsuite>
  <testsuite name="spec_perl_TestEnumImport_t" errors="0" failures="2" skipped="0" tests="2" time="0.0491890907287598">
    <system-out>1..2
not ok 1 - Equals
not ok 2 - Equals
</system-out>
    <testcase name="Equals (774)" classname="spec_perl_TestEnumImport_t" time="0.000208139419555664">
      <failure message="not ok 1 - Equals" type="TAP::Parser::Result::Test"></failure>
    </testcase>
    <testcase name="Equals (775)" classname="spec_perl_TestEnumImport_t" time="7.08103179931641e-05">
      <failure message="not ok 2 - Equals" type="TAP::Parser::Result::Test"></failure>
    </testcase>
  </testsuite>
  <testsuite name="spec_perl_TestNestedSameName2_t" errors="0" failures="0" skipped="0" tests="5" time="0.0457689762115479">
    <system-out>1..5
ok 1 - Equals
ok 2 - Equals
ok 3 - Equals
ok 4 - Equals
ok 5 - Equals
</system-out>
    <testcase name="Equals (776)" classname="spec_perl_TestNestedSameName2_t" time="0.000335931777954102" />
    <testcase name="Equals (777)" classname="spec_perl_TestNestedSameName2_t" time="8.79764556884766e-05" />
    <testcase name="Equals (778)" classname="spec_perl_TestNestedSameName2_t" time="5.81741333007812e-05" />
    <testcase name="Equals (779)" classname="spec_perl_TestNestedSameName2_t" time="0.000128030776977539" />
    <testcase name="Equals (780)" classname="spec_perl_TestNestedSameName2_t" time="0.000124931335449219" />
  </testsuite>
  <testsuite name="spec_perl_TestExprSizeofType1_t" errors="0" failures="0" skipped="0" tests="2" time="0.0440289974212646">
    <system-out>1..2
ok 1 - Equals
ok 2 - Equals
</system-out>
    <testcase name="Equals (781)" classname="spec_perl_TestExprSizeofType1_t" time="0.000229835510253906" />
    <testcase name="Equals (782)" classname="spec_perl_TestExprSizeofType1_t" time="9.60826873779297e-05" />
  </testsuite>
</testsuites>
