<?xml version='1.0' encoding='utf-8'?>
<testsuites>
  <testsuite name="spec_perl_TestExprIntDiv_t" errors="0" failures="2" skipped="0" tests="6" time="0.0585281848907471">
    <system-out>1..6
ok 1 - Equals
ok 2 - Equals
ok 3 - Equals
not ok 4 - Equals
ok 5 - Equals
not ok 6 - Equals
</system-out>
    <testcase name="Equals" classname="spec_perl_TestExprIntDiv_t" time="0.000299930572509766" />
    <testcase name="Equals (2)" classname="spec_perl_TestExprIntDiv_t" time="0.000112056732177734" />
    <testcase name="Equals (3)" classname="spec_perl_TestExprIntDiv_t" time="0.000128030776977539" />
    <testcase name="Equals (4)" classname="spec_perl_TestExprIntDiv_t" time="0.000237941741943359">
      <failure message="not ok 4 - Equals" type="TAP::Parser::Result::Test"></failure>
    </testcase>
    <testcase name="Equals (5)" classname="spec_perl_TestExprIntDiv_t" time="0.00322604179382324" />
    <testcase name="Equals (6)" classname="spec_perl_TestExprIntDiv_t" time="7.08103179931641e-05">
      <failure message="not ok 6 - Equals" type="TAP::Parser::Result::Test"></failure>
    </testcase>
  </testsuite>
  <testsuite name="spec_perl_TestProcessRepeatUsertype_t" errors="0" failures="0" skipped="0" tests="4" time="0.0548901557922363">
    <system-out>1..4
ok 1 - Equals
ok 2 - Equals
ok 3 - Equals
ok 4 - Equals
</system-out>
    <testcase name="Equals (7)" classname="spec_perl_TestProcessRepeatUsertype_t" time="0.000594139099121094" />
    <testcase name="Equals (8)" classname="spec_perl_TestProcessRepeatUsertype_t" time="0.000103950500488281" />
    <testcase name="Equals (9)" classname="spec_perl_TestProcessRepeatUsertype_t" time="7.39097595214844e-05" />
    <testcase name="Equals (10)" classname="spec_perl_TestProcessRepeatUsertype_t" time="0.00018000602722168" />
  </testsuite>
  <testsuite name="spec_perl_TestEosExceptionU4_t" errors="0" failures="0" skipped="0" tests="1" time="0.0578899383544922">
    <system-out>1..1
ok 1 - threw /^Requested \d+ bytes, but only \d+ bytes available/
</system-out>
    <testcase name="threw /^Requested \d+ bytes, but only \d+ bytes available/ (10)" classname="spec_perl_TestEosExceptionU4_t" time="0.000571012496948242" />
  </testsuite>
  <testsuite name="spec_perl_TestImportsAbsAbs_t" errors="0" failures="0" skipped="0" tests="3" time="0.0554859638214111">
    <system-out>1..3
ok 1 - Equals
ok 2 - Equals
ok 3 - Equals
</system-out>
    <testcase name="Equals (11)" classname="spec_perl_TestImportsAbsAbs_t" time="0.000298976898193359" />
    <testcase name="Equals (12)" classname="spec_perl_TestImportsAbsAbs_t" time="9.20295715332031e-05" />
    <testcase name="Equals (13)" classname="spec_perl_TestImportsAbsAbs_t" time="0.000174999237060547" />
  </testsuite>
  <testsuite name="spec_perl_TestExpr2_t" errors="0" failures="0" skipped="0" tests="17" time="0.0623657703399658">
    <system-out>1..17
ok 1 - Equals
ok 2 - Equals
ok 3 - Equals
ok 4 - Equals
ok 5 - Equals
ok 6 - Equals
ok 7 - Equals
ok 8 - Equals
ok 9 - Equals
ok 10 - Equals
ok 11 - Equals
ok 12 - Equals
ok 13 - Equals
ok 14 - Equals
ok 15 - Equals
ok 16 - Equals
ok 17 - Equals
</system-out>
    <testcase name="Equals (14)" classname="spec_perl_TestExpr2_t" time="0.000755071640014648" />
    <testcase name="Equals (15)" classname="spec_perl_TestExpr2_t" time="0.000124931335449219" />
    <testcase name="Equals (16)" classname="spec_perl_TestExpr2_t" time="6.91413879394531e-05" />
    <testcase name="Equals (17)" classname="spec_perl_TestExpr2_t" time="0.000183820724487305" />
    <testcase name="Equals (18)" classname="spec_perl_TestExpr2_t" time="0.000115156173706055" />
    <testcase name="Equals (19)" classname="spec_perl_TestExpr2_t" time="0.000181913375854492" />
    <testcase name="Equals (20)" classname="spec_perl_TestExpr2_t" time="0.000160932540893555" />
    <testcase name="Equals (21)" classname="spec_perl_TestExpr2_t" time="0.000213146209716797" />
    <testcase name="Equals (22)" classname="spec_perl_TestExpr2_t" time="0.000185012817382812" />
    <testcase name="Equals (23)" classname="spec_perl_TestExpr2_t" time="0.000138998031616211" />
    <testcase name="Equals (24)" classname="spec_perl_TestExpr2_t" time="0.000177860260009766" />
    <testcase name="Equals (25)" classname="spec_perl_TestExpr2_t" time="0.000214099884033203" />
    <testcase name="Equals (26)" classname="spec_perl_TestExpr2_t" time="0.000174045562744141" />
    <testcase name="Equals (27)" classname="spec_perl_TestExpr2_t" time="0.000189781188964844" />
    <testcase name="Equals (28)" classname="spec_perl_TestExpr2_t" time="0.000147104263305664" />
    <testcase name="Equals (29)" classname="spec_perl_TestExpr2_t" time="0.000167131423950195" />
    <testcase name="Equals (30)" classname="spec_perl_TestExpr2_t" time="0.000136852264404297" />
  </testsuite>
  <testsuite name="spec_perl_TestDefaultBigEndian_t" errors="0" failures="0" skipped="0" tests="1" time="0.0532729625701904">
    <system-out>1..1
ok 1 - Equals
</system-out>
    <testcase name="Equals (31)" classname="spec_perl_TestDefaultBigEndian_t" time="0.000243186950683594" />
  </testsuite>
  <testsuite name="spec_perl_TestParamsPassArrayStr_t" errors="0" failures="1" skipped="6" tests="7" time="0.0647950172424316">
    <system-out>1..7
not ok 1 - test_params_pass_array_str died (Can't use an undefined value as an ARRAY reference at spec/perl/TestParamsPassArrayStr.t line 14.)
ok 2 # skip test_params_pass_array_str died
ok 3 # skip test_params_pass_array_str died
ok 4 # skip test_params_pass_array_str died
ok 5 # skip test_params_pass_array_str died
ok 6 # skip test_params_pass_array_str died
ok 7 # skip test_params_pass_array_str died
</system-out>
    <testcase name="test_params_pass_array_str died (Can't use an undefined value as an ARRAY reference at spec/perl/TestParamsPassArrayStr.t line 14.) (31)" classname="spec_perl_TestParamsPassArrayStr_t" time="0.00037693977355957">
      <failure message="not ok 1 - test_params_pass_array_str died (Can't use an undefined value as an ARRAY reference at spec/perl/TestParamsPassArrayStr.t line 14.)" type="TAP::Parser::Result::Test"></failure>
    </testcase>
    <testcase name="Unnamed test case 31" classname="spec_perl_TestParamsPassArrayStr_t" time="0.000570058822631836">
      <skipped message="ok 2 # skip test_params_pass_array_str died" />
    </testcase>
    <testcase name="Unnamed test case 32" classname="spec_perl_TestParamsPassArrayStr_t" time="0.000369071960449219">
      <skipped message="ok 3 # skip test_params_pass_array_str died" />
    </testcase>
    <testcase name="Unnamed test case 33" classname="spec_perl_TestParamsPassArrayStr_t" time="0.000362873077392578">
      <skipped message="ok 4 # skip test_params_pass_array_str died" />
    </testcase>
    <testcase name="Unnamed test case 34" classname="spec_perl_TestParamsPassArrayStr_t" time="0.000338077545166016">
      <skipped message="ok 5 # skip test_params_pass_array_str died" />
    </testcase>
    <testcase name="Unnamed test case 35" classname="spec_perl_TestParamsPassArrayStr_t" time="0.000340938568115234">
      <skipped message="ok 6 # skip test_params_pass_array_str died" />
    </testcase>
    <testcase name="Unnamed test case 36" classname="spec_perl_TestParamsPassArrayStr_t" time="0.000344991683959961">
      <skipped message="ok 7 # skip test_params_pass_array_str died" />
    </testcase>
  </testsuite>
  <testsuite name="spec_perl_TestDefaultEndianExprIsBe_t" errors="0" failures="0" skipped="0" tests="18" time="0.0581719875335693">
    <system-out>1..18
ok 1 - Equals
ok 2 - Equals
ok 3 - Equals
ok 4 - Equals
ok 5 - Equals
ok 6 - Equals
ok 7 - Equals
ok 8 - Equals
ok 9 - Equals
ok 10 - Equals
ok 11 - Equals
ok 12 - Equals
ok 13 - Equals
ok 14 - Equals
ok 15 - Equals
ok 16 - Equals
ok 17 - Equals
ok 18 - Equals
</system-out>
    <testcase name="Equals (36)" classname="spec_perl_TestDefaultEndianExprIsBe_t" time="0.000393867492675781" />
    <testcase name="Equals (37)" classname="spec_perl_TestDefaultEndianExprIsBe_t" time="0.000102996826171875" />
    <testcase name="Equals (38)" classname="spec_perl_TestDefaultEndianExprIsBe_t" time="0.000133991241455078" />
    <testcase name="Equals (39)" classname="spec_perl_TestDefaultEndianExprIsBe_t" time="0.000167131423950195" />
    <testcase name="Equals (40)" classname="spec_perl_TestDefaultEndianExprIsBe_t" time="0.000180959701538086" />
    <testcase name="Equals (41)" classname="spec_perl_TestDefaultEndianExprIsBe_t" time="0.000201940536499023" />
    <testcase name="Equals (42)" classname="spec_perl_TestDefaultEndianExprIsBe_t" time="0.000196933746337891" />
    <testcase name="Equals (43)" classname="spec_perl_TestDefaultEndianExprIsBe_t" time="0.000138044357299805" />
    <testcase name="Equals (44)" classname="spec_perl_TestDefaultEndianExprIsBe_t" time="0.000179052352905273" />
    <testcase name="Equals (45)" classname="spec_perl_TestDefaultEndianExprIsBe_t" time="0.000139951705932617" />
    <testcase name="Equals (46)" classname="spec_perl_TestDefaultEndianExprIsBe_t" time="0.000191926956176758" />
    <testcase name="Equals (47)" classname="spec_perl_TestDefaultEndianExprIsBe_t" time="0.000200033187866211" />
    <testcase name="Equals (48)" classname="spec_perl_TestDefaultEndianExprIsBe_t" time="0.000149011611938477" />
    <testcase name="Equals (49)" classname="spec_perl_TestDefaultEndianExprIsBe_t" time="0.000169992446899414" />
    <testcase name="Equals (50)" classname="spec_perl_TestDefaultEndianExprIsBe_t" time="0.000162124633789062" />
    <testcase name="Equals (51)" classname="spec_perl_TestDefaultEndianExprIsBe_t" time="0.000154018402099609" />
    <testcase name="Equals (52)" classname="spec_perl_TestDefaultEndianExprIsBe_t" time="0.000190019607543945" />
    <testcase name="Equals (53)" classname="spec_perl_TestDefaultEndianExprIsBe_t" time="0.000185012817382812" />
  </testsuite>
  <testsuite name="spec_perl_TestRepeatUntilComplex_t" errors="0" failures="0" skipped="0" tests="15" time="0.0566871166229248">
    <system-out>1..15
ok 1 - Equals
ok 2 - Equals
ok 3 - Equals
ok 4 - Equals
ok 5 - Equals
ok 6 - Equals
ok 7 - Equals
ok 8 - Equals
ok 9 - Equals
ok 10 - Equals
ok 11 - Equals
ok 12 - Equals
ok 13 - Equals
ok 14 - Equals
ok 15 - Equals
</system-out>
    <testcase name="Equals (54)" classname="spec_perl_TestRepeatUntilComplex_t" time="0.000349998474121094" />
    <testcase name="Equals (55)" classname="spec_perl_TestRepeatUntilComplex_t" time="0.000103950500488281" />
    <testcase name="Equals (56)" classname="spec_perl_TestRepeatUntilComplex_t" time="0.000165939331054688" />
    <testcase name="Equals (57)" classname="spec_perl_TestRepeatUntilComplex_t" time="0.000147104263305664" />
    <testcase name="Equals (58)" classname="spec_perl_TestRepeatUntilComplex_t" time="0.000149011611938477" />
    <testcase name="Equals (59)" classname="spec_perl_TestRepeatUntilComplex_t" time="0.000154972076416016" />
    <testcase name="Equals (60)" classname="spec_perl_TestRepeatUntilComplex_t" time="0.000154972076416016" />
    <testcase name="Equals (61)" classname="spec_perl_TestRepeatUntilComplex_t" time="0.000166893005371094" />
    <testcase name="Equals (62)" classname="spec_perl_TestRepeatUntilComplex_t" time="0.000153064727783203" />
    <testcase name="Equals (63)" classname="spec_perl_TestRepeatUntilComplex_t" time="0.000156879425048828" />
    <testcase name="Equals (64)" classname="spec_perl_TestRepeatUntilComplex_t" time="0.000164031982421875" />
    <testcase name="Equals (65)" classname="spec_perl_TestRepeatUntilComplex_t" time="0.000154972076416016" />
    <testcase name="Equals (66)" classname="spec_perl_TestRepeatUntilComplex_t" time="0.000162124633789062" />
    <testcase name="Equals (67)" classname="spec_perl_TestRepeatUntilComplex_t" time="0.000187873840332031" />
    <testcase name="Equals (68)" classname="spec_perl_TestRepeatUntilComplex_t" time="0.000138044357299805" />
  </testsuite>
  <testsuite name="spec_perl_TestParamsPassStruct_t" errors="0" failures="1" skipped="1" tests="4" time="0.0588741302490234">
    <system-out>1..4
ok 1 - Equals
ok 2 - Equals
not ok 3 - test_params_pass_struct died (Can't call method &quot;foo&quot; on an undefined value at spec/perl/TestParamsPassStruct.t line 16.)
ok 4 # skip test_params_pass_struct died
</system-out>
    <testcase name="Equals (69)" classname="spec_perl_TestParamsPassStruct_t" time="0.000292062759399414" />
    <testcase name="Equals (70)" classname="spec_perl_TestParamsPassStruct_t" time="9.48905944824219e-05" />
    <testcase name="test_params_pass_struct died (Can't call method &quot;foo&quot; on an undefined value at spec/perl/TestParamsPassStruct.t line 16.) (70)" classname="spec_perl_TestParamsPassStruct_t" time="0.000318050384521484">
      <failure message="not ok 3 - test_params_pass_struct died (Can't call method &quot;foo&quot; on an undefined value at spec/perl/TestParamsPassStruct.t line 16.)" type="TAP::Parser::Result::Test"></failure>
    </testcase>
    <testcase name="Unnamed test case 70" classname="spec_perl_TestParamsPassStruct_t" time="0.000631093978881836">
      <skipped message="ok 4 # skip test_params_pass_struct died" />
    </testcase>
  </testsuite>
  <testsuite name="spec_perl_TestSwitchIntegers2_t" errors="0" failures="0" skipped="0" tests="5" time="0.0538921356201172">
    <system-out>1..5
ok 1 - Equals
ok 2 - Equals
ok 3 - Equals
ok 4 - Equals
ok 5 - Equals
</system-out>
    <testcase name="Equals (71)" classname="spec_perl_TestSwitchIntegers2_t" time="0.000277996063232422" />
    <testcase name="Equals (72)" classname="spec_perl_TestSwitchIntegers2_t" time="9.48905944824219e-05" />
    <testcase name="Equals (73)" classname="spec_perl_TestSwitchIntegers2_t" time="0.000149011611938477" />
    <testcase name="Equals (74)" classname="spec_perl_TestSwitchIntegers2_t" time="0.000154018402099609" />
    <testcase name="Equals (75)" classname="spec_perl_TestSwitchIntegers2_t" time="0.000163078308105469" />
  </testsuite>
  <testsuite name="spec_perl_TestEnumFancy_t" errors="0" failures="0" skipped="0" tests="2" time="0.0554859638214111">
    <system-out>1..2
ok 1 - Equals
ok 2 - Equals
</system-out>
    <testcase name="Equals (76)" classname="spec_perl_TestEnumFancy_t" time="0.000308990478515625" />
    <testcase name="Equals (77)" classname="spec_perl_TestEnumFancy_t" time="0.000147819519042969" />
  </testsuite>
  <testsuite name="spec_perl_TestEnumDeepLiterals_t" errors="0" failures="0" skipped="0" tests="2" time="0.0554971694946289">
    <system-out>1..2
ok 1 - Equals
ok 2 - Equals
</system-out>
    <testcase name="Equals (78)" classname="spec_perl_TestEnumDeepLiterals_t" time="0.000257968902587891" />
    <testcase name="Equals (79)" classname="spec_perl_TestEnumDeepLiterals_t" time="8.70227813720703e-05" />
  </testsuite>
  <testsuite name="spec_perl_TestEnumLongRangeS_t" errors="0" failures="0" skipped="0" tests="7" time="0.0554831027984619">
    <system-out>1..7
ok 1 - Equals
ok 2 - Equals
ok 3 - Equals
ok 4 - Equals
ok 5 - Equals
ok 6 - Equals
ok 7 - Equals
</system-out>
    <testcase name="Equals (80)" classname="spec_perl_TestEnumLongRangeS_t" time="0.000282049179077148" />
    <testcase name="Equals (81)" classname="spec_perl_TestEnumLongRangeS_t" time="0.000115156173706055" />
    <testcase name="Equals (82)" classname="spec_perl_TestEnumLongRangeS_t" time="0.000155925750732422" />
    <testcase name="Equals (83)" classname="spec_perl_TestEnumLongRangeS_t" time="0.000151872634887695" />
    <testcase name="Equals (84)" classname="spec_perl_TestEnumLongRangeS_t" time="0.00015711784362793" />
    <testcase name="Equals (85)" classname="spec_perl_TestEnumLongRangeS_t" time="0.000164031982421875" />
    <testcase name="Equals (86)" classname="spec_perl_TestEnumLongRangeS_t" time="0.000159978866577148" />
  </testsuite>
  <testsuite name="spec_perl_TestInstanceStdArray_t" errors="0" failures="0" skipped="0" tests="7" time="0.0549080371856689">
    <system-out>1..7
ok 1 - Equals
ok 2 - Equals
ok 3 - Equals
ok 4 - Equals
ok 5 - Equals
ok 6 - Equals
ok 7 - Equals
</system-out>
    <testcase name="Equals (87)" classname="spec_perl_TestInstanceStdArray_t" time="0.000276088714599609" />
    <testcase name="Equals (88)" classname="spec_perl_TestInstanceStdArray_t" time="9.89437103271484e-05" />
    <testcase name="Equals (89)" classname="spec_perl_TestInstanceStdArray_t" time="0.000138044357299805" />
    <testcase name="Equals (90)" classname="spec_perl_TestInstanceStdArray_t" time="0.000180959701538086" />
    <testcase name="Equals (91)" classname="spec_perl_TestInstanceStdArray_t" time="0.000128984451293945" />
    <testcase name="Equals (92)" classname="spec_perl_TestInstanceStdArray_t" time="0.000180959701538086" />
    <testcase name="Equals (93)" classname="spec_perl_TestInstanceStdArray_t" time="0.0001220703125" />
  </testsuite>
  <testsuite name="spec_perl_TestNavParentVsValueInst_t" errors="0" failures="0" skipped="0" tests="1" time="0.0578298568725586">
    <system-out>1..1
ok 1 - Equals
</system-out>
    <testcase name="Equals (94)" classname="spec_perl_TestNavParentVsValueInst_t" time="0.000380992889404297" />
  </testsuite>
  <testsuite name="spec_perl_TestExprBytesLiteral_t" errors="1" failures="0" skipped="0" tests="0" time="0.0538718700408936">
    <system-out></system-out>
    <testcase name="Test died too soon, even before plan. (94)" classname="spec_perl_TestExprBytesLiteral_t" time="0.0538718700408936">
      <failure message="The test suite died before a plan was produced. You need to have a plan." type="Plan">No plan</failure>
    </testcase>
  </testsuite>
  <testsuite name="spec_perl_TestNestedSameName2_t" errors="0" failures="0" skipped="0" tests="5" time="0.054919958114624">
    <system-out>1..5
ok 1 - Equals
ok 2 - Equals
ok 3 - Equals
ok 4 - Equals
ok 5 - Equals
</system-out>
    <testcase name="Equals (95)" classname="spec_perl_TestNestedSameName2_t" time="0.000313043594360352" />
    <testcase name="Equals (96)" classname="spec_perl_TestNestedSameName2_t" time="9.58442687988281e-05" />
    <testcase name="Equals (97)" classname="spec_perl_TestNestedSameName2_t" time="0.000113010406494141" />
    <testcase name="Equals (98)" classname="spec_perl_TestNestedSameName2_t" time="0.000179052352905273" />
    <testcase name="Equals (99)" classname="spec_perl_TestNestedSameName2_t" time="0.000161886215209961" />
  </testsuite>
  <testsuite name="spec_perl_TestTypeIntUnaryOp_t" errors="0" failures="0" skipped="0" tests="4" time="0.0550758838653564">
    <system-out>1..4
ok 1 - Equals
ok 2 - Equals
ok 3 - Equals
ok 4 - Equals
</system-out>
    <testcase name="Equals (100)" classname="spec_perl_TestTypeIntUnaryOp_t" time="0.00030207633972168" />
    <testcase name="Equals (101)" classname="spec_perl_TestTypeIntUnaryOp_t" time="0.000101089477539062" />
    <testcase name="Equals (102)" classname="spec_perl_TestTypeIntUnaryOp_t" time="0.000149011611938477" />
    <testcase name="Equals (103)" classname="spec_perl_TestTypeIntUnaryOp_t" time="0.000162839889526367" />
  </testsuite>
  <testsuite name="spec_perl_TestFixedStruct_t" errors="0" failures="0" skipped="0" tests="20" time="0.0591540336608887">
    <system-out>1..20
ok 1 - Equals
ok 2 - Equals
ok 3 - Equals
ok 4 - Equals
ok 5 - Equals
ok 6 - Equals
ok 7 - Equals
ok 8 - Equals
ok 9 - Equals
ok 10 - Equals
ok 11 - Equals
ok 12 - Equals
ok 13 - Equals
ok 14 - Equals
ok 15 - Equals
ok 16 - Equals
ok 17 - Equals
ok 18 - Equals
ok 19 - Equals
ok 20 - Equals
</system-out>
    <testcase name="Equals (104)" classname="spec_perl_TestFixedStruct_t" time="0.000370025634765625" />
    <testcase name="Equals (105)" classname="spec_perl_TestFixedStruct_t" time="0.000102996826171875" />
    <testcase name="Equals (106)" classname="spec_perl_TestFixedStruct_t" time="0.000146865844726562" />
    <testcase name="Equals (107)" classname="spec_perl_TestFixedStruct_t" time="0.000161170959472656" />
    <testcase name="Equals (108)" classname="spec_perl_TestFixedStruct_t" time="0.000160932540893555" />
    <testcase name="Equals (109)" classname="spec_perl_TestFixedStruct_t" time="0.000169992446899414" />
    <testcase name="Equals (110)" classname="spec_perl_TestFixedStruct_t" time="0.00017094612121582" />
    <testcase name="Equals (111)" classname="spec_perl_TestFixedStruct_t" time="0.000174045562744141" />
    <testcase name="Equals (112)" classname="spec_perl_TestFixedStruct_t" time="0.000137090682983398" />
    <testcase name="Equals (113)" classname="spec_perl_TestFixedStruct_t" time="0.000166893005371094" />
    <testcase name="Equals (114)" classname="spec_perl_TestFixedStruct_t" time="0.000155925750732422" />
    <testcase name="Equals (115)" classname="spec_perl_TestFixedStruct_t" time="0.000164031982421875" />
    <testcase name="Equals (116)" classname="spec_perl_TestFixedStruct_t" time="0.000163078308105469" />
    <testcase name="Equals (117)" classname="spec_perl_TestFixedStruct_t" time="0.000176906585693359" />
    <testcase name="Equals (118)" classname="spec_perl_TestFixedStruct_t" time="0.000141143798828125" />
    <testcase name="Equals (119)" classname="spec_perl_TestFixedStruct_t" time="0.000176906585693359" />
    <testcase name="Equals (120)" classname="spec_perl_TestFixedStruct_t" time="0.000154972076416016" />
    <testcase name="Equals (121)" classname="spec_perl_TestFixedStruct_t" time="0.000180959701538086" />
    <testcase name="Equals (122)" classname="spec_perl_TestFixedStruct_t" time="0.000135183334350586" />
    <testcase name="Equals (123)" classname="spec_perl_TestFixedStruct_t" time="0.000190973281860352" />
  </testsuite>
  <testsuite name="spec_perl_TestProcessCustomNoArgs_t" errors="1" failures="0" skipped="0" tests="0" time="0.0608758926391602">
    <system-out></system-out>
    <testcase name="Test died too soon, even before plan. (123)" classname="spec_perl_TestProcessCustomNoArgs_t" time="0.0608758926391602">
      <failure message="The test suite died before a plan was produced. You need to have a plan." type="Plan">No plan</failure>
    </testcase>
  </testsuite>
  <testsuite name="spec_perl_TestValidSwitch_t" errors="0" failures="0" skipped="1" tests="1" time="0.0545120239257812">
    <system-out>1..1
ok 1 # skip ValidSwitch=HASH(0x2a55200)
</system-out>
    <testcase name="Unnamed test case 123" classname="spec_perl_TestValidSwitch_t" time="0.00164103507995605">
      <skipped message="ok 1 # skip ValidSwitch=HASH(0x2a55200)" />
    </testcase>
  </testsuite>
  <testsuite name="spec_perl_TestNavParentSwitchCast_t" errors="0" failures="0" skipped="0" tests="3" time="0.0557792186737061">
    <system-out>1..3
ok 1 - Equals
ok 2 - Equals
ok 3 - Equals
</system-out>
    <testcase name="Equals (124)" classname="spec_perl_TestNavParentSwitchCast_t" time="0.000601053237915039" />
    <testcase name="Equals (125)" classname="spec_perl_TestNavParentSwitchCast_t" time="0.000103950500488281" />
    <testcase name="Equals (126)" classname="spec_perl_TestNavParentSwitchCast_t" time="0.000166177749633789" />
  </testsuite>
  <testsuite name="spec_perl_TestIfStruct_t" errors="0" failures="0" skipped="0" tests="7" time="0.0594649314880371">
    <system-out>1..7
ok 1 - Equals
ok 2 - Equals
ok 3 - Equals
ok 4 - Equals
ok 5 - Equals
ok 6 - Equals
ok 7 - Equals
</system-out>
    <testcase name="Equals (127)" classname="spec_perl_TestIfStruct_t" time="0.000431060791015625" />
    <testcase name="Equals (128)" classname="spec_perl_TestIfStruct_t" time="0.000110149383544922" />
    <testcase name="Equals (129)" classname="spec_perl_TestIfStruct_t" time="0.000136852264404297" />
    <testcase name="Equals (130)" classname="spec_perl_TestIfStruct_t" time="0.000152111053466797" />
    <testcase name="Equals (131)" classname="spec_perl_TestIfStruct_t" time="0.000159978866577148" />
    <testcase name="Equals (132)" classname="spec_perl_TestIfStruct_t" time="0.000145912170410156" />
    <testcase name="Equals (133)" classname="spec_perl_TestIfStruct_t" time="0.00017094612121582" />
  </testsuite>
  <testsuite name="spec_perl_TestBitsSimpleLe_t" errors="0" failures="0" skipped="0" tests="14" time="0.0561368465423584">
    <system-out>1..14
ok 1 - Equals
ok 2 - Equals
ok 3 - Equals
ok 4 - Equals
ok 5 - Equals
ok 6 - Equals
ok 7 - Equals
ok 8 - Equals
ok 9 - Equals
ok 10 - Equals
ok 11 - Equals
ok 12 - Equals
ok 13 - Equals
ok 14 - Equals
</system-out>
    <testcase name="Equals (134)" classname="spec_perl_TestBitsSimpleLe_t" time="0.000326156616210938" />
    <testcase name="Equals (135)" classname="spec_perl_TestBitsSimpleLe_t" time="9.29832458496094e-05" />
    <testcase name="Equals (136)" classname="spec_perl_TestBitsSimpleLe_t" time="0.000108003616333008" />
    <testcase name="Equals (137)" classname="spec_perl_TestBitsSimpleLe_t" time="0.000176906585693359" />
    <testcase name="Equals (138)" classname="spec_perl_TestBitsSimpleLe_t" time="0.000155925750732422" />
    <testcase name="Equals (139)" classname="spec_perl_TestBitsSimpleLe_t" time="0.000139951705932617" />
    <testcase name="Equals (140)" classname="spec_perl_TestBitsSimpleLe_t" time="0.000198125839233398" />
    <testcase name="Equals (141)" classname="spec_perl_TestBitsSimpleLe_t" time="0.000129938125610352" />
    <testcase name="Equals (142)" classname="spec_perl_TestBitsSimpleLe_t" time="0.000169038772583008" />
    <testcase name="Equals (143)" classname="spec_perl_TestBitsSimpleLe_t" time="0.000140905380249023" />
    <testcase name="Equals (144)" classname="spec_perl_TestBitsSimpleLe_t" time="0.000181198120117188" />
    <testcase name="Equals (145)" classname="spec_perl_TestBitsSimpleLe_t" time="0.000140905380249023" />
    <testcase name="Equals (146)" classname="spec_perl_TestBitsSimpleLe_t" time="0.000171899795532227" />
    <testcase name="Equals (147)" classname="spec_perl_TestBitsSimpleLe_t" time="0.000166177749633789" />
  </testsuite>
  <testsuite name="spec_perl_TestInstanceIoUser_t" errors="0" failures="0" skipped="0" tests="4" time="0.0661778450012207">
    <system-out>1..4
ok 1 - Equals
ok 2 - Equals
ok 3 - Equals
ok 4 - Equals
</system-out>
    <testcase name="Equals (148)" classname="spec_perl_TestInstanceIoUser_t" time="0.000819921493530273" />
    <testcase name="Equals (149)" classname="spec_perl_TestInstanceIoUser_t" time="0.000123023986816406" />
    <testcase name="Equals (150)" classname="spec_perl_TestInstanceIoUser_t" time="0.000193119049072266" />
    <testcase name="Equals (151)" classname="spec_perl_TestInstanceIoUser_t" time="0.000190973281860352" />
  </testsuite>
  <testsuite name="spec_perl_TestProcessCoerceBytes_t" errors="0" failures="0" skipped="0" tests="4" time="0.0562300682067871">
    <system-out>1..4
ok 1 - Equals
ok 2 - Equals
ok 3 - Equals
ok 4 - Equals
</system-out>
    <testcase name="Equals (152)" classname="spec_perl_TestProcessCoerceBytes_t" time="0.00031590461730957" />
    <testcase name="Equals (153)" classname="spec_perl_TestProcessCoerceBytes_t" time="9.70363616943359e-05" />
    <testcase name="Equals (154)" classname="spec_perl_TestProcessCoerceBytes_t" time="0.00018000602722168" />
    <testcase name="Equals (155)" classname="spec_perl_TestProcessCoerceBytes_t" time="0.00014805793762207" />
  </testsuite>
  <testsuite name="spec_perl_TestParamsPassBool_t" errors="0" failures="1" skipped="13" tests="14" time="0.0651679039001465">
    <system-out>1..14
not ok 1 - test_params_pass_bool died (Requested 2 bytes, but only 1 bytes available at ../runtime/perl/lib/IO/KaitaiStruct.pm line 338.)
ok 2 # skip test_params_pass_bool died
ok 3 # skip test_params_pass_bool died
ok 4 # skip test_params_pass_bool died
ok 5 # skip test_params_pass_bool died
ok 6 # skip test_params_pass_bool died
ok 7 # skip test_params_pass_bool died
ok 8 # skip test_params_pass_bool died
ok 9 # skip test_params_pass_bool died
ok 10 # skip test_params_pass_bool died
ok 11 # skip test_params_pass_bool died
ok 12 # skip test_params_pass_bool died
ok 13 # skip test_params_pass_bool died
ok 14 # skip test_params_pass_bool died
</system-out>
    <testcase name="test_params_pass_bool died (Requested 2 bytes, but only 1 bytes available at ../runtime/perl/lib/IO/KaitaiStruct.pm line 338.) (155)" classname="spec_perl_TestParamsPassBool_t" time="0.000417947769165039">
      <failure message="not ok 1 - test_params_pass_bool died (Requested 2 bytes, but only 1 bytes available at ../runtime/perl/lib/IO/KaitaiStruct.pm line 338.)" type="TAP::Parser::Result::Test"></failure>
    </testcase>
    <testcase name="Unnamed test case 155" classname="spec_perl_TestParamsPassBool_t" time="0.000549077987670898">
      <skipped message="ok 2 # skip test_params_pass_bool died" />
    </testcase>
    <testcase name="Unnamed test case 156" classname="spec_perl_TestParamsPassBool_t" time="0.000412940979003906">
      <skipped message="ok 3 # skip test_params_pass_bool died" />
    </testcase>
    <testcase name="Unnamed test case 157" classname="spec_perl_TestParamsPassBool_t" time="0.000327110290527344">
      <skipped message="ok 4 # skip test_params_pass_bool died" />
    </testcase>
    <testcase name="Unnamed test case 158" classname="spec_perl_TestParamsPassBool_t" time="0.000346899032592773">
      <skipped message="ok 5 # skip test_params_pass_bool died" />
    </testcase>
    <testcase name="Unnamed test case 159" classname="spec_perl_TestParamsPassBool_t" time="0.000349044799804688">
      <skipped message="ok 6 # skip test_params_pass_bool died" />
    </testcase>
    <testcase name="Unnamed test case 160" classname="spec_perl_TestParamsPassBool_t" time="0.000346899032592773">
      <skipped message="ok 7 # skip test_params_pass_bool died" />
    </testcase>
    <testcase name="Unnamed test case 161" classname="spec_perl_TestParamsPassBool_t" time="0.000349998474121094">
      <skipped message="ok 8 # skip test_params_pass_bool died" />
    </testcase>
    <testcase name="Unnamed test case 162" classname="spec_perl_TestParamsPassBool_t" time="0.000344038009643555">
      <skipped message="ok 9 # skip test_params_pass_bool died" />
    </testcase>
    <testcase name="Unnamed test case 163" classname="spec_perl_TestParamsPassBool_t" time="0.000332117080688477">
      <skipped message="ok 10 # skip test_params_pass_bool died" />
    </testcase>
    <testcase name="Unnamed test case 164" classname="spec_perl_TestParamsPassBool_t" time="0.000349998474121094">
      <skipped message="ok 11 # skip test_params_pass_bool died" />
    </testcase>
    <testcase name="Unnamed test case 165" classname="spec_perl_TestParamsPassBool_t" time="0.00035405158996582">
      <skipped message="ok 12 # skip test_params_pass_bool died" />
    </testcase>
    <testcase name="Unnamed test case 166" classname="spec_perl_TestParamsPassBool_t" time="0.000344991683959961">
      <skipped message="ok 13 # skip test_params_pass_bool died" />
    </testcase>
    <testcase name="Unnamed test case 167" classname="spec_perl_TestParamsPassBool_t" time="0.000330924987792969">
      <skipped message="ok 14 # skip test_params_pass_bool died" />
    </testcase>
  </testsuite>
  <testsuite name="spec_perl_TestEofExceptionU4_t" errors="0" failures="0" skipped="0" tests="1" time="0.0557692050933838">
    <system-out>1..1
ok 1 - threw /^Requested \d+ bytes, but only \d+ bytes available/
</system-out>
    <testcase name="threw /^Requested \d+ bytes, but only \d+ bytes available/ (167)" classname="spec_perl_TestEofExceptionU4_t" time="0.00020909309387207" />
  </testsuite>
  <testsuite name="spec_perl_TestParamsPassArrayInt_t" errors="0" failures="1" skipped="6" tests="7" time="0.0606570243835449">
    <system-out>1..7
not ok 1 - test_params_pass_array_int died (Can't use an undefined value as an ARRAY reference at spec/perl/TestParamsPassArrayInt.t line 14.)
ok 2 # skip test_params_pass_array_int died
ok 3 # skip test_params_pass_array_int died
ok 4 # skip test_params_pass_array_int died
ok 5 # skip test_params_pass_array_int died
ok 6 # skip test_params_pass_array_int died
ok 7 # skip test_params_pass_array_int died
</system-out>
    <testcase name="test_params_pass_array_int died (Can't use an undefined value as an ARRAY reference at spec/perl/TestParamsPassArrayInt.t line 14.) (167)" classname="spec_perl_TestParamsPassArrayInt_t" time="0.000356912612915039">
      <failure message="not ok 1 - test_params_pass_array_int died (Can't use an undefined value as an ARRAY reference at spec/perl/TestParamsPassArrayInt.t line 14.)" type="TAP::Parser::Result::Test"></failure>
    </testcase>
    <testcase name="Unnamed test case 168" classname="spec_perl_TestParamsPassArrayInt_t" time="0.000590085983276367">
      <skipped message="ok 2 # skip test_params_pass_array_int died" />
    </testcase>
    <testcase name="Unnamed test case 169" classname="spec_perl_TestParamsPassArrayInt_t" time="0.000378847122192383">
      <skipped message="ok 3 # skip test_params_pass_array_int died" />
    </testcase>
    <testcase name="Unnamed test case 170" classname="spec_perl_TestParamsPassArrayInt_t" time="0.000321149826049805">
      <skipped message="ok 4 # skip test_params_pass_array_int died" />
    </testcase>
    <testcase name="Unnamed test case 171" classname="spec_perl_TestParamsPassArrayInt_t" time="0.000341892242431641">
      <skipped message="ok 5 # skip test_params_pass_array_int died" />
    </testcase>
    <testcase name="Unnamed test case 172" classname="spec_perl_TestParamsPassArrayInt_t" time="0.000339984893798828">
      <skipped message="ok 6 # skip test_params_pass_array_int died" />
    </testcase>
    <testcase name="Unnamed test case 173" classname="spec_perl_TestParamsPassArrayInt_t" time="0.000344991683959961">
      <skipped message="ok 7 # skip test_params_pass_array_int died" />
    </testcase>
  </testsuite>
  <testsuite name="spec_perl_TestEofExceptionBytes_t" errors="0" failures="0" skipped="0" tests="1" time="0.0590760707855225">
    <system-out>1..1
ok 1 - threw /^Requested \d+ bytes, but only \d+ bytes available/
</system-out>
    <testcase name="threw /^Requested \d+ bytes, but only \d+ bytes available/ (173)" classname="spec_perl_TestEofExceptionBytes_t" time="0.000185966491699219" />
  </testsuite>
  <testsuite name="spec_perl_TestCombineBytes_t" errors="0" failures="0" skipped="0" tests="10" time="0.0555360317230225">
    <system-out>1..10
ok 1 - Equals
ok 2 - Equals
ok 3 - Equals
ok 4 - Equals
ok 5 - Equals
ok 6 - Equals
ok 7 - Equals
ok 8 - Equals
ok 9 - Equals
ok 10 - Equals
</system-out>
    <testcase name="Equals (173)" classname="spec_perl_TestCombineBytes_t" time="0.000284194946289062" />
    <testcase name="Equals (174)" classname="spec_perl_TestCombineBytes_t" time="8.79764556884766e-05" />
    <testcase name="Equals (175)" classname="spec_perl_TestCombineBytes_t" time="0.000174999237060547" />
    <testcase name="Equals (176)" classname="spec_perl_TestCombineBytes_t" time="0.000150918960571289" />
    <testcase name="Equals (177)" classname="spec_perl_TestCombineBytes_t" time="0.000143051147460938" />
    <testcase name="Equals (178)" classname="spec_perl_TestCombineBytes_t" time="0.000159978866577148" />
    <testcase name="Equals (179)" classname="spec_perl_TestCombineBytes_t" time="0.000145912170410156" />
    <testcase name="Equals (180)" classname="spec_perl_TestCombineBytes_t" time="0.000185012817382812" />
    <testcase name="Equals (181)" classname="spec_perl_TestCombineBytes_t" time="0.000136137008666992" />
    <testcase name="Equals (182)" classname="spec_perl_TestCombineBytes_t" time="0.000165939331054688" />
  </testsuite>
  <testsuite name="spec_perl_TestEnumImport_t" errors="0" failures="2" skipped="0" tests="2" time="0.0653359889984131">
    <system-out>1..2
not ok 1 - Equals
not ok 2 - Equals
</system-out>
    <testcase name="Equals (183)" classname="spec_perl_TestEnumImport_t" time="0.000308036804199219">
      <failure message="not ok 1 - Equals" type="TAP::Parser::Result::Test"></failure>
    </testcase>
    <testcase name="Equals (184)" classname="spec_perl_TestEnumImport_t" time="0.00217700004577637">
      <failure message="not ok 2 - Equals" type="TAP::Parser::Result::Test"></failure>
    </testcase>
  </testsuite>
  <testsuite name="spec_perl_TestNavParentFalse_t" errors="0" failures="0" skipped="0" tests="5" time="0.0557000637054443">
    <system-out>1..5
ok 1 - Equals
ok 2 - Equals
ok 3 - Equals
ok 4 - Equals
ok 5 - Equals
</system-out>
    <testcase name="Equals (185)" classname="spec_perl_TestNavParentFalse_t" time="0.000323057174682617" />
    <testcase name="Equals (186)" classname="spec_perl_TestNavParentFalse_t" time="9.39369201660156e-05" />
    <testcase name="Equals (187)" classname="spec_perl_TestNavParentFalse_t" time="0.00014805793762207" />
    <testcase name="Equals (188)" classname="spec_perl_TestNavParentFalse_t" time="0.000164031982421875" />
    <testcase name="Equals (189)" classname="spec_perl_TestNavParentFalse_t" time="0.000149965286254883" />
  </testsuite>
  <testsuite name="spec_perl_TestValidNotParsedIf_t" errors="0" failures="0" skipped="1" tests="1" time="0.056063175201416">
    <system-out>1..1
ok 1 # skip ValidNotParsedIf=HASH(0x17bb450)
</system-out>
    <testcase name="Unnamed test case 189" classname="spec_perl_TestValidNotParsedIf_t" time="0.00170588493347168">
      <skipped message="ok 1 # skip ValidNotParsedIf=HASH(0x17bb450)" />
    </testcase>
  </testsuite>
  <testsuite name="spec_perl_TestBitsShiftByB32Le_t" errors="0" failures="0" skipped="0" tests="2" time="0.0541908740997314">
    <system-out>1..2
ok 1 - Equals
ok 2 - Equals
</system-out>
    <testcase name="Equals (190)" classname="spec_perl_TestBitsShiftByB32Le_t" time="0.000303983688354492" />
    <testcase name="Equals (191)" classname="spec_perl_TestBitsShiftByB32Le_t" time="9.70363616943359e-05" />
  </testsuite>
  <testsuite name="spec_perl_TestRepeatNStrz_t" errors="0" failures="0" skipped="0" tests="2" time="0.0570938587188721">
    <system-out>1..2
ok 1 - Equals
ok 2 - Equals
</system-out>
    <testcase name="Equals (192)" classname="spec_perl_TestRepeatNStrz_t" time="0.000349998474121094" />
    <testcase name="Equals (193)" classname="spec_perl_TestRepeatNStrz_t" time="0.000102996826171875" />
  </testsuite>
  <testsuite name="spec_perl_TestSwitchRepeatExprInvalid_t" errors="0" failures="0" skipped="0" tests="3" time="0.0547270774841309">
    <system-out>1..3
ok 1 - Equals
ok 2 - Equals
ok 3 - Equals
</system-out>
    <testcase name="Equals (194)" classname="spec_perl_TestSwitchRepeatExprInvalid_t" time="0.000296831130981445" />
    <testcase name="Equals (195)" classname="spec_perl_TestSwitchRepeatExprInvalid_t" time="9.918212890625e-05" />
    <testcase name="Equals (196)" classname="spec_perl_TestSwitchRepeatExprInvalid_t" time="0.000134944915771484" />
  </testsuite>
  <testsuite name="spec_perl_TestIntegers_t" errors="0" failures="0" skipped="0" tests="20" time="0.0583739280700684">
    <system-out>1..20
ok 1 - Equals
ok 2 - Equals
ok 3 - Equals
ok 4 - Equals
ok 5 - Equals
ok 6 - Equals
ok 7 - Equals
ok 8 - Equals
ok 9 - Equals
ok 10 - Equals
ok 11 - Equals
ok 12 - Equals
ok 13 - Equals
ok 14 - Equals
ok 15 - Equals
ok 16 - Equals
ok 17 - Equals
ok 18 - Equals
ok 19 - Equals
ok 20 - Equals
</system-out>
    <testcase name="Equals (197)" classname="spec_perl_TestIntegers_t" time="0.00033879280090332" />
    <testcase name="Equals (198)" classname="spec_perl_TestIntegers_t" time="9.918212890625e-05" />
    <testcase name="Equals (199)" classname="spec_perl_TestIntegers_t" time="0.000137805938720703" />
    <testcase name="Equals (200)" classname="spec_perl_TestIntegers_t" time="0.000158071517944336" />
    <testcase name="Equals (201)" classname="spec_perl_TestIntegers_t" time="0.000139951705932617" />
    <testcase name="Equals (202)" classname="spec_perl_TestIntegers_t" time="0.000171184539794922" />
    <testcase name="Equals (203)" classname="spec_perl_TestIntegers_t" time="0.000154972076416016" />
    <testcase name="Equals (204)" classname="spec_perl_TestIntegers_t" time="0.000166893005371094" />
    <testcase name="Equals (205)" classname="spec_perl_TestIntegers_t" time="0.000155925750732422" />
    <testcase name="Equals (206)" classname="spec_perl_TestIntegers_t" time="0.000158071517944336" />
    <testcase name="Equals (207)" classname="spec_perl_TestIntegers_t" time="0.00014495849609375" />
    <testcase name="Equals (208)" classname="spec_perl_TestIntegers_t" time="0.000169038772583008" />
    <testcase name="Equals (209)" classname="spec_perl_TestIntegers_t" time="0.000179052352905273" />
    <testcase name="Equals (210)" classname="spec_perl_TestIntegers_t" time="0.000144004821777344" />
    <testcase name="Equals (211)" classname="spec_perl_TestIntegers_t" time="0.000174999237060547" />
    <testcase name="Equals (212)" classname="spec_perl_TestIntegers_t" time="0.000142097473144531" />
    <testcase name="Equals (213)" classname="spec_perl_TestIntegers_t" time="0.00014495849609375" />
    <testcase name="Equals (214)" classname="spec_perl_TestIntegers_t" time="0.0001678466796875" />
    <testcase name="Equals (215)" classname="spec_perl_TestIntegers_t" time="0.00014805793762207" />
    <testcase name="Equals (216)" classname="spec_perl_TestIntegers_t" time="0.000164031982421875" />
  </testsuite>
  <testsuite name="spec_perl_TestNavRoot_t" errors="0" failures="0" skipped="0" tests="5" time="0.0589759349822998">
    <system-out>1..5
ok 1 - Equals
ok 2 - Equals
ok 3 - Equals
ok 4 - Equals
ok 5 - Equals
</system-out>
    <testcase name="Equals (217)" classname="spec_perl_TestNavRoot_t" time="0.000454902648925781" />
    <testcase name="Equals (218)" classname="spec_perl_TestNavRoot_t" time="0.000108003616333008" />
    <testcase name="Equals (219)" classname="spec_perl_TestNavRoot_t" time="6.50882720947266e-05" />
    <testcase name="Equals (220)" classname="spec_perl_TestNavRoot_t" time="0.000191926956176758" />
    <testcase name="Equals (221)" classname="spec_perl_TestNavRoot_t" time="0.00010991096496582" />
  </testsuite>
  <testsuite name="spec_perl_TestNavParent_t" errors="0" failures="0" skipped="0" tests="5" time="0.0593781471252441">
    <system-out>1..5
ok 1 - Equals
ok 2 - Equals
ok 3 - Equals
ok 4 - Equals
ok 5 - Equals
</system-out>
    <testcase name="Equals (222)" classname="spec_perl_TestNavParent_t" time="0.000487089157104492" />
    <testcase name="Equals (223)" classname="spec_perl_TestNavParent_t" time="0.000107049942016602" />
    <testcase name="Equals (224)" classname="spec_perl_TestNavParent_t" time="0.000110864639282227" />
    <testcase name="Equals (225)" classname="spec_perl_TestNavParent_t" time="0.000173091888427734" />
    <testcase name="Equals (226)" classname="spec_perl_TestNavParent_t" time="0.000156879425048828" />
  </testsuite>
  <testsuite name="spec_perl_TestBitsSeqEndianCombo_t" errors="0" failures="0" skipped="0" tests="8" time="0.0551390647888184">
    <system-out>1..8
ok 1 - Equals
ok 2 - Equals
ok 3 - Equals
ok 4 - Equals
ok 5 - Equals
ok 6 - Equals
ok 7 - Equals
ok 8 - Equals
</system-out>
    <testcase name="Equals (227)" classname="spec_perl_TestBitsSeqEndianCombo_t" time="0.000365018844604492" />
    <testcase name="Equals (228)" classname="spec_perl_TestBitsSeqEndianCombo_t" time="0.000104904174804688" />
    <testcase name="Equals (229)" classname="spec_perl_TestBitsSeqEndianCombo_t" time="0.000103950500488281" />
    <testcase name="Equals (230)" classname="spec_perl_TestBitsSeqEndianCombo_t" time="0.000193119049072266" />
    <testcase name="Equals (231)" classname="spec_perl_TestBitsSeqEndianCombo_t" time="0.000129938125610352" />
    <testcase name="Equals (232)" classname="spec_perl_TestBitsSeqEndianCombo_t" time="0.000165939331054688" />
    <testcase name="Equals (233)" classname="spec_perl_TestBitsSeqEndianCombo_t" time="0.000131130218505859" />
    <testcase name="Equals (234)" classname="spec_perl_TestBitsSeqEndianCombo_t" time="0.000159978866577148" />
  </testsuite>
  <testsuite name="spec_perl_TestStrEncodingsUtf16_t" errors="0" failures="0" skipped="0" tests="6" time="0.0606160163879395">
    <system-out>1..6
ok 1 - Equals
ok 2 - Equals
ok 3 - Equals
ok 4 - Equals
ok 5 - Equals
ok 6 - Equals
</system-out>
    <testcase name="Equals (235)" classname="spec_perl_TestStrEncodingsUtf16_t" time="0.00167083740234375" />
    <testcase name="Equals (236)" classname="spec_perl_TestStrEncodingsUtf16_t" time="0.000133991241455078" />
    <testcase name="Equals (237)" classname="spec_perl_TestStrEncodingsUtf16_t" time="6.60419464111328e-05" />
    <testcase name="Equals (238)" classname="spec_perl_TestStrEncodingsUtf16_t" time="0.000149011611938477" />
    <testcase name="Equals (239)" classname="spec_perl_TestStrEncodingsUtf16_t" time="0.000169992446899414" />
    <testcase name="Equals (240)" classname="spec_perl_TestStrEncodingsUtf16_t" time="0.000159978866577148" />
  </testsuite>
  <testsuite name="spec_perl_TestRepeatNStruct_t" errors="0" failures="0" skipped="0" tests="5" time="0.0541617870330811">
    <system-out>1..5
ok 1 - Equals
ok 2 - Equals
ok 3 - Equals
ok 4 - Equals
ok 5 - Equals
</system-out>
    <testcase name="Equals (241)" classname="spec_perl_TestRepeatNStruct_t" time="0.000282049179077148" />
    <testcase name="Equals (242)" classname="spec_perl_TestRepeatNStruct_t" time="8.98838043212891e-05" />
    <testcase name="Equals (243)" classname="spec_perl_TestRepeatNStruct_t" time="0.000163078308105469" />
    <testcase name="Equals (244)" classname="spec_perl_TestRepeatNStruct_t" time="0.000154972076416016" />
    <testcase name="Equals (245)" classname="spec_perl_TestRepeatNStruct_t" time="0.000135898590087891" />
  </testsuite>
  <testsuite name="spec_perl_TestEnumForUnknownId_t" errors="0" failures="0" skipped="0" tests="1" time="0.054966926574707">
    <system-out>1..1
ok 1 - Equals
</system-out>
    <testcase name="Equals (246)" classname="spec_perl_TestEnumForUnknownId_t" time="0.000306129455566406" />
  </testsuite>
  <testsuite name="spec_perl_TestBytesPadTerm_t" errors="0" failures="0" skipped="0" tests="4" time="0.0552680492401123">
    <system-out>1..4
ok 1 - Equals
ok 2 - Equals
ok 3 - Equals
ok 4 - Equals
</system-out>
    <testcase name="Equals (247)" classname="spec_perl_TestBytesPadTerm_t" time="0.000323057174682617" />
    <testcase name="Equals (248)" classname="spec_perl_TestBytesPadTerm_t" time="9.70363616943359e-05" />
    <testcase name="Equals (249)" classname="spec_perl_TestBytesPadTerm_t" time="0.000143766403198242" />
    <testcase name="Equals (250)" classname="spec_perl_TestBytesPadTerm_t" time="0.000164031982421875" />
  </testsuite>
  <testsuite name="spec_perl_TestBcdUserTypeLe_t" errors="0" failures="0" skipped="0" tests="6" time="0.0561740398406982">
    <system-out>1..6
ok 1 - Equals
ok 2 - Equals
ok 3 - Equals
ok 4 - Equals
ok 5 - Equals
ok 6 - Equals
</system-out>
    <testcase name="Equals (251)" classname="spec_perl_TestBcdUserTypeLe_t" time="0.00067901611328125" />
    <testcase name="Equals (252)" classname="spec_perl_TestBcdUserTypeLe_t" time="0.000110864639282227" />
    <testcase name="Equals (253)" classname="spec_perl_TestBcdUserTypeLe_t" time="0.000137090682983398" />
    <testcase name="Equals (254)" classname="spec_perl_TestBcdUserTypeLe_t" time="0.000185966491699219" />
    <testcase name="Equals (255)" classname="spec_perl_TestBcdUserTypeLe_t" time="0.000173091888427734" />
    <testcase name="Equals (256)" classname="spec_perl_TestBcdUserTypeLe_t" time="0.000173807144165039" />
  </testsuite>
  <testsuite name="spec_perl_TestSwitchManualIntSize_t" errors="0" failures="0" skipped="0" tests="10" time="0.0592248439788818">
    <system-out>1..10
ok 1 - Equals
ok 2 - Equals
ok 3 - Equals
ok 4 - Equals
ok 5 - Equals
ok 6 - Equals
ok 7 - Equals
ok 8 - Equals
ok 9 - Equals
ok 10 - Equals
</system-out>
    <testcase name="Equals (257)" classname="spec_perl_TestSwitchManualIntSize_t" time="0.000798940658569336" />
    <testcase name="Equals (258)" classname="spec_perl_TestSwitchManualIntSize_t" time="0.000121116638183594" />
    <testcase name="Equals (259)" classname="spec_perl_TestSwitchManualIntSize_t" time="6.89029693603516e-05" />
    <testcase name="Equals (260)" classname="spec_perl_TestSwitchManualIntSize_t" time="0.000164985656738281" />
    <testcase name="Equals (261)" classname="spec_perl_TestSwitchManualIntSize_t" time="0.000154972076416016" />
    <testcase name="Equals (262)" classname="spec_perl_TestSwitchManualIntSize_t" time="0.000182151794433594" />
    <testcase name="Equals (263)" classname="spec_perl_TestSwitchManualIntSize_t" time="0.000169992446899414" />
    <testcase name="Equals (264)" classname="spec_perl_TestSwitchManualIntSize_t" time="0.000135898590087891" />
    <testcase name="Equals (265)" classname="spec_perl_TestSwitchManualIntSize_t" time="0.000165939331054688" />
    <testcase name="Equals (266)" classname="spec_perl_TestSwitchManualIntSize_t" time="0.000169992446899414" />
  </testsuite>
  <testsuite name="spec_perl_TestFixedContents_t" errors="0" failures="0" skipped="1" tests="1" time="0.0550699234008789">
    <system-out>1..1
ok 1 # skip FixedContents=HASH(0xaf9190)
</system-out>
    <testcase name="Unnamed test case 266" classname="spec_perl_TestFixedContents_t" time="0.00146603584289551">
      <skipped message="ok 1 # skip FixedContents=HASH(0xaf9190)" />
    </testcase>
  </testsuite>
  <testsuite name="spec_perl_TestMetaXref_t" errors="0" failures="0" skipped="1" tests="1" time="0.0552148818969727">
    <system-out>1..1
ok 1 # skip MetaXref=HASH(0x1c12a60)
</system-out>
    <testcase name="Unnamed test case 267" classname="spec_perl_TestMetaXref_t" time="0.00175023078918457">
      <skipped message="ok 1 # skip MetaXref=HASH(0x1c12a60)" />
    </testcase>
  </testsuite>
  <testsuite name="spec_perl_TestEnumIntRangeU_t" errors="0" failures="0" skipped="0" tests="2" time="0.0548040866851807">
    <system-out>1..2
ok 1 - Equals
ok 2 - Equals
</system-out>
    <testcase name="Equals (267)" classname="spec_perl_TestEnumIntRangeU_t" time="0.000287771224975586" />
    <testcase name="Equals (268)" classname="spec_perl_TestEnumIntRangeU_t" time="9.32216644287109e-05" />
  </testsuite>
  <testsuite name="spec_perl_TestParamsCallShort_t" errors="0" failures="3" skipped="0" tests="3" time="0.0615720748901367">
    <system-out>1..3
not ok 1 - Equals
not ok 2 - Equals
not ok 3 - Equals
</system-out>
    <testcase name="Equals (269)" classname="spec_perl_TestParamsCallShort_t" time="0.00551390647888184">
      <failure message="not ok 1 - Equals" type="TAP::Parser::Result::Test"></failure>
    </testcase>
    <testcase name="Equals (270)" classname="spec_perl_TestParamsCallShort_t" time="0.000129938125610352">
      <failure message="not ok 2 - Equals" type="TAP::Parser::Result::Test"></failure>
    </testcase>
    <testcase name="Equals (271)" classname="spec_perl_TestParamsCallShort_t" time="7.91549682617188e-05">
      <failure message="not ok 3 - Equals" type="TAP::Parser::Result::Test"></failure>
    </testcase>
  </testsuite>
  <testsuite name="spec_perl_TestMetaTags_t" errors="0" failures="0" skipped="1" tests="1" time="0.0555830001831055">
    <system-out>1..1
ok 1 # skip MetaTags=HASH(0x18413f0)
</system-out>
    <testcase name="Unnamed test case 271" classname="spec_perl_TestMetaTags_t" time="0.00153899192810059">
      <skipped message="ok 1 # skip MetaTags=HASH(0x18413f0)" />
    </testcase>
  </testsuite>
  <testsuite name="spec_perl_TestExprCalcArrayOps_t" errors="0" failures="0" skipped="0" tests="18" time="0.0648519992828369">
    <system-out>1..18
ok 1 - Equals
ok 2 - Equals
ok 3 - Equals
ok 4 - Equals
ok 5 - Equals
ok 6 - Equals
ok 7 - Equals
ok 8 - Approx equals
ok 9 - Approx equals
ok 10 - Approx equals
ok 11 - Approx equals
ok 12 - Approx equals
ok 13 - Equals
ok 14 - Equals
ok 15 - Equals
ok 16 - Equals
ok 17 - Equals
ok 18 - Equals
</system-out>
    <testcase name="Equals (272)" classname="spec_perl_TestExprCalcArrayOps_t" time="0.000303030014038086" />
    <testcase name="Equals (273)" classname="spec_perl_TestExprCalcArrayOps_t" time="9.08374786376953e-05" />
    <testcase name="Equals (274)" classname="spec_perl_TestExprCalcArrayOps_t" time="0.000190973281860352" />
    <testcase name="Equals (275)" classname="spec_perl_TestExprCalcArrayOps_t" time="0.000169992446899414" />
    <testcase name="Equals (276)" classname="spec_perl_TestExprCalcArrayOps_t" time="0.000185012817382812" />
    <testcase name="Equals (277)" classname="spec_perl_TestExprCalcArrayOps_t" time="0.000173091888427734" />
    <testcase name="Equals (278)" classname="spec_perl_TestExprCalcArrayOps_t" time="0.000180959701538086" />
    <testcase name="Approx equals (278)" classname="spec_perl_TestExprCalcArrayOps_t" time="7.00950622558594e-05" />
    <testcase name="Approx equals (279)" classname="spec_perl_TestExprCalcArrayOps_t" time="8.58306884765625e-05" />
    <testcase name="Approx equals (280)" classname="spec_perl_TestExprCalcArrayOps_t" time="8.0108642578125e-05" />
    <testcase name="Approx equals (281)" classname="spec_perl_TestExprCalcArrayOps_t" time="8.20159912109375e-05" />
    <testcase name="Approx equals (282)" classname="spec_perl_TestExprCalcArrayOps_t" time="8.20159912109375e-05" />
    <testcase name="Equals (282)" classname="spec_perl_TestExprCalcArrayOps_t" time="0.000221967697143555" />
    <testcase name="Equals (283)" classname="spec_perl_TestExprCalcArrayOps_t" time="0.000166893005371094" />
    <testcase name="Equals (284)" classname="spec_perl_TestExprCalcArrayOps_t" time="0.000178098678588867" />
    <testcase name="Equals (285)" classname="spec_perl_TestExprCalcArrayOps_t" time="0.000189065933227539" />
    <testcase name="Equals (286)" classname="spec_perl_TestExprCalcArrayOps_t" time="0.000180959701538086" />
    <testcase name="Equals (287)" classname="spec_perl_TestExprCalcArrayOps_t" time="0.000185966491699219" />
  </testsuite>
  <testsuite name="spec_perl_TestTypeTernary2ndFalsy_t" errors="0" failures="1" skipped="0" tests="13" time="0.0614590644836426">
    <system-out>1..13
ok 1 - Equals
ok 2 - Equals
ok 3 - Equals
ok 4 - Approx equals
ok 5 - Approx equals
ok 6 - Equals
ok 7 - Equals
ok 8 - Equals
ok 9 - nil
ok 10 - Equals
ok 11 - Equals
ok 12 - Equals
not ok 13 - test_type_ternary_2nd_falsy died (Can't use an undefined value as an ARRAY reference at spec/perl/TestTypeTernary2ndFalsy.t line 26.)
</system-out>
    <testcase name="Equals (288)" classname="spec_perl_TestTypeTernary2ndFalsy_t" time="0.000269174575805664" />
    <testcase name="Equals (289)" classname="spec_perl_TestTypeTernary2ndFalsy_t" time="9.20295715332031e-05" />
    <testcase name="Equals (290)" classname="spec_perl_TestTypeTernary2ndFalsy_t" time="0.000173807144165039" />
    <testcase name="Approx equals (290)" classname="spec_perl_TestTypeTernary2ndFalsy_t" time="7.20024108886719e-05" />
    <testcase name="Approx equals (291)" classname="spec_perl_TestTypeTernary2ndFalsy_t" time="7.41481781005859e-05" />
    <testcase name="Equals (291)" classname="spec_perl_TestTypeTernary2ndFalsy_t" time="0.000138044357299805" />
    <testcase name="Equals (292)" classname="spec_perl_TestTypeTernary2ndFalsy_t" time="0.000171899795532227" />
    <testcase name="Equals (293)" classname="spec_perl_TestTypeTernary2ndFalsy_t" time="0.000146865844726562" />
    <testcase name="nil (293)" classname="spec_perl_TestTypeTernary2ndFalsy_t" time="0.000100135803222656" />
    <testcase name="Equals (294)" classname="spec_perl_TestTypeTernary2ndFalsy_t" time="0.000169992446899414" />
    <testcase name="Equals (295)" classname="spec_perl_TestTypeTernary2ndFalsy_t" time="0.00014495849609375" />
    <testcase name="Equals (296)" classname="spec_perl_TestTypeTernary2ndFalsy_t" time="0.000175952911376953" />
    <testcase name="test_type_ternary_2nd_falsy died (Can't use an undefined value as an ARRAY reference at spec/perl/TestTypeTernary2ndFalsy.t line 26.) (296)" classname="spec_perl_TestTypeTernary2ndFalsy_t" time="0.000298023223876953">
      <failure message="not ok 13 - test_type_ternary_2nd_falsy died (Can't use an undefined value as an ARRAY reference at spec/perl/TestTypeTernary2ndFalsy.t line 26.)" type="TAP::Parser::Result::Test"></failure>
    </testcase>
  </testsuite>
  <testsuite name="spec_perl_TestExprEnum_t" errors="0" failures="0" skipped="0" tests="3" time="0.0547740459442139">
    <system-out>1..3
ok 1 - Equals
ok 2 - Equals
ok 3 - Equals
</system-out>
    <testcase name="Equals (297)" classname="spec_perl_TestExprEnum_t" time="0.000315189361572266" />
    <testcase name="Equals (298)" classname="spec_perl_TestExprEnum_t" time="0.000103950500488281" />
    <testcase name="Equals (299)" classname="spec_perl_TestExprEnum_t" time="0.000155925750732422" />
  </testsuite>
  <testsuite name="spec_perl_TestEnumDeep_t" errors="0" failures="0" skipped="0" tests="2" time="0.0542278289794922">
    <system-out>1..2
ok 1 - Equals
ok 2 - Equals
</system-out>
    <testcase name="Equals (300)" classname="spec_perl_TestEnumDeep_t" time="0.000260114669799805" />
    <testcase name="Equals (301)" classname="spec_perl_TestEnumDeep_t" time="8.48770141601562e-05" />
  </testsuite>
  <testsuite name="spec_perl_TestBitsByteAligned_t" errors="0" failures="0" skipped="0" tests="9" time="0.0560839176177979">
    <system-out>1..9
ok 1 - Equals
ok 2 - Equals
ok 3 - Equals
ok 4 - Equals
ok 5 - Equals
ok 6 - Equals
ok 7 - Equals
ok 8 - Equals
ok 9 - Equals
</system-out>
    <testcase name="Equals (302)" classname="spec_perl_TestBitsByteAligned_t" time="0.000334024429321289" />
    <testcase name="Equals (303)" classname="spec_perl_TestBitsByteAligned_t" time="9.01222229003906e-05" />
    <testcase name="Equals (304)" classname="spec_perl_TestBitsByteAligned_t" time="0.000181913375854492" />
    <testcase name="Equals (305)" classname="spec_perl_TestBitsByteAligned_t" time="8.60691070556641e-05" />
    <testcase name="Equals (306)" classname="spec_perl_TestBitsByteAligned_t" time="0.000174045562744141" />
    <testcase name="Equals (307)" classname="spec_perl_TestBitsByteAligned_t" time="0.000124931335449219" />
    <testcase name="Equals (308)" classname="spec_perl_TestBitsByteAligned_t" time="0.000175952911376953" />
    <testcase name="Equals (309)" classname="spec_perl_TestBitsByteAligned_t" time="0.000139951705932617" />
    <testcase name="Equals (310)" classname="spec_perl_TestBitsByteAligned_t" time="0.000164031982421875" />
  </testsuite>
  <testsuite name="spec_perl_TestCastNested_t" errors="0" failures="0" skipped="0" tests="4" time="0.0589251518249512">
    <system-out>1..4
ok 1 - Equals
ok 2 - Equals
ok 3 - Equals
ok 4 - Equals
</system-out>
    <testcase name="Equals (311)" classname="spec_perl_TestCastNested_t" time="0.000438928604125977" />
    <testcase name="Equals (312)" classname="spec_perl_TestCastNested_t" time="0.000112056732177734" />
    <testcase name="Equals (313)" classname="spec_perl_TestCastNested_t" time="7.51018524169922e-05" />
    <testcase name="Equals (314)" classname="spec_perl_TestCastNested_t" time="0.000190973281860352" />
  </testsuite>
  <testsuite name="spec_perl_TestZlibWithHeader78_t" errors="0" failures="0" skipped="0" tests="1" time="0.0774300098419189">
    <system-out>1..1
ok 1 - Equals
</system-out>
    <testcase name="Equals (315)" classname="spec_perl_TestZlibWithHeader78_t" time="0.000381946563720703" />
  </testsuite>
  <testsuite name="spec_perl_TestBitsSignedShiftB32Le_t" errors="0" failures="0" skipped="0" tests="2" time="0.0543961524963379">
    <system-out>1..2
ok 1 - Equals
ok 2 - Equals
</system-out>
    <testcase name="Equals (316)" classname="spec_perl_TestBitsSignedShiftB32Le_t" time="0.000321149826049805" />
    <testcase name="Equals (317)" classname="spec_perl_TestBitsSignedShiftB32Le_t" time="9.39369201660156e-05" />
  </testsuite>
  <testsuite name="spec_perl_TestProcessToUser_t" errors="0" failures="0" skipped="0" tests="1" time="0.0579259395599365">
    <system-out>1..1
ok 1 - Equals
</system-out>
    <testcase name="Equals (318)" classname="spec_perl_TestProcessToUser_t" time="0.000679969787597656" />
  </testsuite>
  <testsuite name="spec_perl_TestImportsCircularA_t" errors="0" failures="0" skipped="0" tests="5" time="0.0556159019470215">
    <system-out>1..5
ok 1 - Equals
ok 2 - Equals
ok 3 - Equals
ok 4 - Equals
ok 5 - nil
</system-out>
    <testcase name="Equals (319)" classname="spec_perl_TestImportsCircularA_t" time="0.000368833541870117" />
    <testcase name="Equals (320)" classname="spec_perl_TestImportsCircularA_t" time="0.000100135803222656" />
    <testcase name="Equals (321)" classname="spec_perl_TestImportsCircularA_t" time="0.000128030776977539" />
    <testcase name="Equals (322)" classname="spec_perl_TestImportsCircularA_t" time="0.000164031982421875" />
    <testcase name="nil (322)" classname="spec_perl_TestImportsCircularA_t" time="6.98566436767578e-05" />
  </testsuite>
  <testsuite name="spec_perl_TestMultipleUse_t" errors="0" failures="0" skipped="0" tests="2" time="0.0558450222015381">
    <system-out>1..2
ok 1 - Equals
ok 2 - Equals
</system-out>
    <testcase name="Equals (323)" classname="spec_perl_TestMultipleUse_t" time="0.000288009643554688" />
    <testcase name="Equals (324)" classname="spec_perl_TestMultipleUse_t" time="0.000113964080810547" />
  </testsuite>
  <testsuite name="spec_perl_TestEnumNegative_t" errors="0" failures="0" skipped="0" tests="2" time="0.0550751686096191">
    <system-out>1..2
ok 1 - Equals
ok 2 - Equals
</system-out>
    <testcase name="Equals (325)" classname="spec_perl_TestEnumNegative_t" time="0.000288009643554688" />
    <testcase name="Equals (326)" classname="spec_perl_TestEnumNegative_t" time="9.29832458496094e-05" />
  </testsuite>
  <testsuite name="spec_perl_TestNestedTypeParam_t" errors="0" failures="2" skipped="0" tests="2" time="0.0700340270996094">
    <system-out>1..2
not ok 1 - Equals
not ok 2 - Equals
</system-out>
    <testcase name="Equals (327)" classname="spec_perl_TestNestedTypeParam_t" time="0.00204300880432129">
      <failure message="not ok 1 - Equals" type="TAP::Parser::Result::Test"></failure>
    </testcase>
    <testcase name="Equals (328)" classname="spec_perl_TestNestedTypeParam_t" time="0.00514817237854004">
      <failure message="not ok 2 - Equals" type="TAP::Parser::Result::Test"></failure>
    </testcase>
  </testsuite>
  <testsuite name="spec_perl_TestProcessXorValue_t" errors="0" failures="0" skipped="0" tests="2" time="0.0537369251251221">
    <system-out>1..2
ok 1 - Equals
ok 2 - Equals
</system-out>
    <testcase name="Equals (329)" classname="spec_perl_TestProcessXorValue_t" time="0.000422954559326172" />
    <testcase name="Equals (330)" classname="spec_perl_TestProcessXorValue_t" time="0.000136137008666992" />
  </testsuite>
  <testsuite name="spec_perl_TestStrEncodingsDefault_t" errors="0" failures="0" skipped="0" tests="4" time="0.0619440078735352">
    <system-out>1..4
ok 1 - Equals
ok 2 - Equals
ok 3 - Equals
ok 4 - Equals
</system-out>
    <testcase name="Equals (331)" classname="spec_perl_TestStrEncodingsDefault_t" time="0.00359010696411133" />
    <testcase name="Equals (332)" classname="spec_perl_TestStrEncodingsDefault_t" time="0.000114917755126953" />
    <testcase name="Equals (333)" classname="spec_perl_TestStrEncodingsDefault_t" time="9.41753387451172e-05" />
    <testcase name="Equals (334)" classname="spec_perl_TestStrEncodingsDefault_t" time="0.000190973281860352" />
  </testsuite>
  <testsuite name="spec_perl_TestSwitchManualIntElse_t" errors="0" failures="0" skipped="0" tests="9" time="0.0590429306030273">
    <system-out>1..9
ok 1 - Equals
ok 2 - Equals
ok 3 - Equals
ok 4 - Equals
ok 5 - Equals
ok 6 - Equals
ok 7 - Equals
ok 8 - Equals
ok 9 - Equals
</system-out>
    <testcase name="Equals (335)" classname="spec_perl_TestSwitchManualIntElse_t" time="0.000418186187744141" />
    <testcase name="Equals (336)" classname="spec_perl_TestSwitchManualIntElse_t" time="0.000110864639282227" />
    <testcase name="Equals (337)" classname="spec_perl_TestSwitchManualIntElse_t" time="6.69956207275391e-05" />
    <testcase name="Equals (338)" classname="spec_perl_TestSwitchManualIntElse_t" time="0.000198125839233398" />
    <testcase name="Equals (339)" classname="spec_perl_TestSwitchManualIntElse_t" time="9.98973846435547e-05" />
    <testcase name="Equals (340)" classname="spec_perl_TestSwitchManualIntElse_t" time="0.000178098678588867" />
    <testcase name="Equals (341)" classname="spec_perl_TestSwitchManualIntElse_t" time="0.000123023986816406" />
    <testcase name="Equals (342)" classname="spec_perl_TestSwitchManualIntElse_t" time="0.000173807144165039" />
    <testcase name="Equals (343)" classname="spec_perl_TestSwitchManualIntElse_t" time="0.000137090682983398" />
  </testsuite>
  <testsuite name="spec_perl_TestOpaqueExternalType02Parent_t" errors="0" failures="0" skipped="0" tests="3" time="0.058243989944458">
    <system-out>1..3
ok 1 - Equals
ok 2 - Equals
ok 3 - Equals
</system-out>
    <testcase name="Equals (344)" classname="spec_perl_TestOpaqueExternalType02Parent_t" time="0.000432968139648438" />
    <testcase name="Equals (345)" classname="spec_perl_TestOpaqueExternalType02Parent_t" time="0.000102043151855469" />
    <testcase name="Equals (346)" classname="spec_perl_TestOpaqueExternalType02Parent_t" time="0.00010991096496582" />
  </testsuite>
  <testsuite name="spec_perl_TestEnumLongRangeU_t" errors="0" failures="0" skipped="0" tests="4" time="0.0548667907714844">
    <system-out>1..4
ok 1 - Equals
ok 2 - Equals
ok 3 - Equals
ok 4 - Equals
</system-out>
    <testcase name="Equals (347)" classname="spec_perl_TestEnumLongRangeU_t" time="0.000314950942993164" />
    <testcase name="Equals (348)" classname="spec_perl_TestEnumLongRangeU_t" time="0.000110149383544922" />
    <testcase name="Equals (349)" classname="spec_perl_TestEnumLongRangeU_t" time="0.000108957290649414" />
    <testcase name="Equals (350)" classname="spec_perl_TestEnumLongRangeU_t" time="0.000174045562744141" />
  </testsuite>
  <testsuite name="spec_perl_TestInstanceUserArray_t" errors="0" failures="0" skipped="0" tests="10" time="0.0564708709716797">
    <system-out>1..10
ok 1 - Equals
ok 2 - Equals
ok 3 - Equals
ok 4 - Equals
ok 5 - Equals
ok 6 - Equals
ok 7 - Equals
ok 8 - Equals
ok 9 - Equals
ok 10 - Equals
</system-out>
    <testcase name="Equals (351)" classname="spec_perl_TestInstanceUserArray_t" time="0.000302791595458984" />
    <testcase name="Equals (352)" classname="spec_perl_TestInstanceUserArray_t" time="9.60826873779297e-05" />
    <testcase name="Equals (353)" classname="spec_perl_TestInstanceUserArray_t" time="0.00014805793762207" />
    <testcase name="Equals (354)" classname="spec_perl_TestInstanceUserArray_t" time="0.000568866729736328" />
    <testcase name="Equals (355)" classname="spec_perl_TestInstanceUserArray_t" time="9.10758972167969e-05" />
    <testcase name="Equals (356)" classname="spec_perl_TestInstanceUserArray_t" time="0.000159978866577148" />
    <testcase name="Equals (357)" classname="spec_perl_TestInstanceUserArray_t" time="0.000149965286254883" />
    <testcase name="Equals (358)" classname="spec_perl_TestInstanceUserArray_t" time="0.000171184539794922" />
    <testcase name="Equals (359)" classname="spec_perl_TestInstanceUserArray_t" time="0.000137805938720703" />
    <testcase name="Equals (360)" classname="spec_perl_TestInstanceUserArray_t" time="0.000167131423950195" />
  </testsuite>
  <testsuite name="spec_perl_TestSwitchManualStr_t" errors="0" failures="0" skipped="0" tests="9" time="0.0603959560394287">
    <system-out>1..9
ok 1 - Equals
ok 2 - Equals
ok 3 - Equals
ok 4 - Equals
ok 5 - Equals
ok 6 - Equals
ok 7 - Equals
ok 8 - Equals
ok 9 - Equals
</system-out>
    <testcase name="Equals (361)" classname="spec_perl_TestSwitchManualStr_t" time="0.000390052795410156" />
    <testcase name="Equals (362)" classname="spec_perl_TestSwitchManualStr_t" time="9.89437103271484e-05" />
    <testcase name="Equals (363)" classname="spec_perl_TestSwitchManualStr_t" time="0.000147104263305664" />
    <testcase name="Equals (364)" classname="spec_perl_TestSwitchManualStr_t" time="0.000164031982421875" />
    <testcase name="Equals (365)" classname="spec_perl_TestSwitchManualStr_t" time="0.000161886215209961" />
    <testcase name="Equals (366)" classname="spec_perl_TestSwitchManualStr_t" time="0.000138998031616211" />
    <testcase name="Equals (367)" classname="spec_perl_TestSwitchManualStr_t" time="0.000184059143066406" />
    <testcase name="Equals (368)" classname="spec_perl_TestSwitchManualStr_t" time="0.000138998031616211" />
    <testcase name="Equals (369)" classname="spec_perl_TestSwitchManualStr_t" time="0.000165939331054688" />
  </testsuite>
  <testsuite name="spec_perl_TestProcessXor4Value_t" errors="0" failures="0" skipped="0" tests="2" time="0.0532779693603516">
    <system-out>1..2
ok 1 - Equals
ok 2 - Equals
</system-out>
    <testcase name="Equals (370)" classname="spec_perl_TestProcessXor4Value_t" time="0.000283002853393555" />
    <testcase name="Equals (371)" classname="spec_perl_TestProcessXor4Value_t" time="9.10758972167969e-05" />
  </testsuite>
  <testsuite name="spec_perl_TestSwitchManualIntSizeElse_t" errors="0" failures="0" skipped="0" tests="10" time="0.0595061779022217">
    <system-out>1..10
ok 1 - Equals
ok 2 - Equals
ok 3 - Equals
ok 4 - Equals
ok 5 - Equals
ok 6 - Equals
ok 7 - Equals
ok 8 - Equals
ok 9 - Equals
ok 10 - Equals
</system-out>
    <testcase name="Equals (372)" classname="spec_perl_TestSwitchManualIntSizeElse_t" time="0.000798225402832031" />
    <testcase name="Equals (373)" classname="spec_perl_TestSwitchManualIntSizeElse_t" time="0.000151872634887695" />
    <testcase name="Equals (374)" classname="spec_perl_TestSwitchManualIntSizeElse_t" time="7.10487365722656e-05" />
    <testcase name="Equals (375)" classname="spec_perl_TestSwitchManualIntSizeElse_t" time="0.000179052352905273" />
    <testcase name="Equals (376)" classname="spec_perl_TestSwitchManualIntSizeElse_t" time="0.000146865844726562" />
    <testcase name="Equals (377)" classname="spec_perl_TestSwitchManualIntSizeElse_t" time="0.00020599365234375" />
    <testcase name="Equals (378)" classname="spec_perl_TestSwitchManualIntSizeElse_t" time="0.00017094612121582" />
    <testcase name="Equals (379)" classname="spec_perl_TestSwitchManualIntSizeElse_t" time="0.000141143798828125" />
    <testcase name="Equals (380)" classname="spec_perl_TestSwitchManualIntSizeElse_t" time="0.000177860260009766" />
    <testcase name="Equals (381)" classname="spec_perl_TestSwitchManualIntSizeElse_t" time="0.000149011611938477" />
  </testsuite>
  <testsuite name="spec_perl_TestExprSizeofType0_t" errors="0" failures="0" skipped="0" tests="1" time="0.0548279285430908">
    <system-out>1..1
ok 1 - Equals
</system-out>
    <testcase name="Equals (382)" classname="spec_perl_TestExprSizeofType0_t" time="0.000288009643554688" />
  </testsuite>
  <testsuite name="spec_perl_TestFloatToI_t" errors="0" failures="0" skipped="0" tests="8" time="0.0559589862823486">
    <system-out>1..8
ok 1 - Approx equals
ok 2 - Approx equals
ok 3 - Equals
ok 4 - Equals
ok 5 - Equals
ok 6 - Equals
ok 7 - Equals
ok 8 - Equals
</system-out>
    <testcase name="Approx equals (382)" classname="spec_perl_TestFloatToI_t" time="0.000195026397705078" />
    <testcase name="Approx equals (383)" classname="spec_perl_TestFloatToI_t" time="6.19888305664062e-05" />
    <testcase name="Equals (383)" classname="spec_perl_TestFloatToI_t" time="6.38961791992188e-05" />
    <testcase name="Equals (384)" classname="spec_perl_TestFloatToI_t" time="0.000177145004272461" />
    <testcase name="Equals (385)" classname="spec_perl_TestFloatToI_t" time="0.00014185905456543" />
    <testcase name="Equals (386)" classname="spec_perl_TestFloatToI_t" time="0.00018000602722168" />
    <testcase name="Equals (387)" classname="spec_perl_TestFloatToI_t" time="0.000174999237060547" />
    <testcase name="Equals (388)" classname="spec_perl_TestFloatToI_t" time="0.000164985656738281" />
  </testsuite>
  <testsuite name="spec_perl_TestTsPacketHeader_t" errors="0" failures="0" skipped="0" tests="7" time="0.0551061630249023">
    <system-out>1..7
ok 1 - Equals
ok 2 - Equals
ok 3 - Equals
ok 4 - Equals
ok 5 - Equals
ok 6 - Equals
ok 7 - Equals
</system-out>
    <testcase name="Equals (389)" classname="spec_perl_TestTsPacketHeader_t" time="0.000323057174682617" />
    <testcase name="Equals (390)" classname="spec_perl_TestTsPacketHeader_t" time="9.98973846435547e-05" />
    <testcase name="Equals (391)" classname="spec_perl_TestTsPacketHeader_t" time="6.41345977783203e-05" />
    <testcase name="Equals (392)" classname="spec_perl_TestTsPacketHeader_t" time="0.000159978866577148" />
    <testcase name="Equals (393)" classname="spec_perl_TestTsPacketHeader_t" time="0.000151872634887695" />
    <testcase name="Equals (394)" classname="spec_perl_TestTsPacketHeader_t" time="0.000138044357299805" />
    <testcase name="Equals (395)" classname="spec_perl_TestTsPacketHeader_t" time="0.000163078308105469" />
  </testsuite>
  <testsuite name="spec_perl_TestBitsUnalignedB32Be_t" errors="0" failures="0" skipped="0" tests="3" time="0.0548717975616455">
    <system-out>1..3
ok 1 - Equals
ok 2 - Equals
ok 3 - Equals
</system-out>
    <testcase name="Equals (396)" classname="spec_perl_TestBitsUnalignedB32Be_t" time="0.000253200531005859" />
    <testcase name="Equals (397)" classname="spec_perl_TestBitsUnalignedB32Be_t" time="8.20159912109375e-05" />
    <testcase name="Equals (398)" classname="spec_perl_TestBitsUnalignedB32Be_t" time="0.000200986862182617" />
  </testsuite>
  <testsuite name="spec_perl_TestSwitchManualEnumInvalidElse_t" errors="0" failures="0" skipped="0" tests="5" time="0.0587749481201172">
    <system-out>1..5
ok 1 - Equals
ok 2 - Equals
ok 3 - Equals
ok 4 - Equals
ok 5 - Equals
</system-out>
    <testcase name="Equals (399)" classname="spec_perl_TestSwitchManualEnumInvalidElse_t" time="0.00029301643371582" />
    <testcase name="Equals (400)" classname="spec_perl_TestSwitchManualEnumInvalidElse_t" time="9.29832458496094e-05" />
    <testcase name="Equals (401)" classname="spec_perl_TestSwitchManualEnumInvalidElse_t" time="0.000169038772583008" />
    <testcase name="Equals (402)" classname="spec_perl_TestSwitchManualEnumInvalidElse_t" time="0.00014495849609375" />
    <testcase name="Equals (403)" classname="spec_perl_TestSwitchManualEnumInvalidElse_t" time="0.000169992446899414" />
  </testsuite>
  <testsuite name="spec_perl_TestSwitchIntegers_t" errors="0" failures="0" skipped="0" tests="9" time="0.0551879405975342">
    <system-out>1..9
ok 1 - Equals
ok 2 - Equals
ok 3 - Equals
ok 4 - Equals
ok 5 - Equals
ok 6 - Equals
ok 7 - Equals
ok 8 - Equals
ok 9 - Equals
</system-out>
    <testcase name="Equals (404)" classname="spec_perl_TestSwitchIntegers_t" time="0.000314950942993164" />
    <testcase name="Equals (405)" classname="spec_perl_TestSwitchIntegers_t" time="9.89437103271484e-05" />
    <testcase name="Equals (406)" classname="spec_perl_TestSwitchIntegers_t" time="0.000153064727783203" />
    <testcase name="Equals (407)" classname="spec_perl_TestSwitchIntegers_t" time="0.000157833099365234" />
    <testcase name="Equals (408)" classname="spec_perl_TestSwitchIntegers_t" time="0.000142097473144531" />
    <testcase name="Equals (409)" classname="spec_perl_TestSwitchIntegers_t" time="0.000169038772583008" />
    <testcase name="Equals (410)" classname="spec_perl_TestSwitchIntegers_t" time="0.000138998031616211" />
    <testcase name="Equals (411)" classname="spec_perl_TestSwitchIntegers_t" time="0.000174999237060547" />
    <testcase name="Equals (412)" classname="spec_perl_TestSwitchIntegers_t" time="0.000129938125610352" />
  </testsuite>
  <testsuite name="spec_perl_TestEnumOfValueInst_t" errors="0" failures="0" skipped="0" tests="4" time="0.0549898147583008">
    <system-out>1..4
ok 1 - Equals
ok 2 - Equals
ok 3 - Equals
ok 4 - Equals
</system-out>
    <testcase name="Equals (413)" classname="spec_perl_TestEnumOfValueInst_t" time="0.000277996063232422" />
    <testcase name="Equals (414)" classname="spec_perl_TestEnumOfValueInst_t" time="9.17911529541016e-05" />
    <testcase name="Equals (415)" classname="spec_perl_TestEnumOfValueInst_t" time="0.000168085098266602" />
    <testcase name="Equals (416)" classname="spec_perl_TestEnumOfValueInst_t" time="0.000175952911376953" />
  </testsuite>
  <testsuite name="spec_perl_TestEnum1_t" errors="0" failures="0" skipped="0" tests="2" time="0.0543849468231201">
    <system-out>1..2
ok 1 - Equals
ok 2 - Equals
</system-out>
    <testcase name="Equals (417)" classname="spec_perl_TestEnum1_t" time="0.000308990478515625" />
    <testcase name="Equals (418)" classname="spec_perl_TestEnum1_t" time="9.20295715332031e-05" />
  </testsuite>
  <testsuite name="spec_perl_TestSwitchManualEnumInvalid_t" errors="0" failures="0" skipped="0" tests="5" time="0.0583889484405518">
    <system-out>1..5
ok 1 - Equals
ok 2 - Equals
ok 3 - nil
ok 4 - Equals
ok 5 - nil
</system-out>
    <testcase name="Equals (419)" classname="spec_perl_TestSwitchManualEnumInvalid_t" time="0.000338077545166016" />
    <testcase name="Equals (420)" classname="spec_perl_TestSwitchManualEnumInvalid_t" time="9.29832458496094e-05" />
    <testcase name="nil (420)" classname="spec_perl_TestSwitchManualEnumInvalid_t" time="6.38961791992188e-05" />
    <testcase name="Equals (421)" classname="spec_perl_TestSwitchManualEnumInvalid_t" time="0.000164031982421875" />
    <testcase name="nil (421)" classname="spec_perl_TestSwitchManualEnumInvalid_t" time="8.79764556884766e-05" />
  </testsuite>
  <testsuite name="spec_perl_TestCastToImported_t" errors="0" failures="0" skipped="0" tests="2" time="0.0547370910644531">
    <system-out>1..2
ok 1 - Equals
ok 2 - Equals
</system-out>
    <testcase name="Equals (422)" classname="spec_perl_TestCastToImported_t" time="0.000264883041381836" />
    <testcase name="Equals (423)" classname="spec_perl_TestCastToImported_t" time="0.000117063522338867" />
  </testsuite>
  <testsuite name="spec_perl_TestParamsPassUsertype_t" errors="0" failures="1" skipped="1" tests="2" time="0.0618622303009033">
    <system-out>1..2
not ok 1 - test_params_pass_usertype died (Can't call method &quot;foo&quot; on an undefined value at compiled/perl/ParamsPassUsertype.pm line 119.)
ok 2 # skip test_params_pass_usertype died
</system-out>
    <testcase name="test_params_pass_usertype died (Can't call method &quot;foo&quot; on an undefined value at compiled/perl/ParamsPassUsertype.pm line 119.) (423)" classname="spec_perl_TestParamsPassUsertype_t" time="0.000419855117797852">
      <failure message="not ok 1 - test_params_pass_usertype died (Can't call method &quot;foo&quot; on an undefined value at compiled/perl/ParamsPassUsertype.pm line 119.)" type="TAP::Parser::Result::Test"></failure>
    </testcase>
    <testcase name="Unnamed test case 423" classname="spec_perl_TestParamsPassUsertype_t" time="0.000573158264160156">
      <skipped message="ok 2 # skip test_params_pass_usertype died" />
    </testcase>
  </testsuite>
  <testsuite name="spec_perl_TestRepeatEosU4_t" errors="0" failures="0" skipped="0" tests="1" time="0.0535581111907959">
    <system-out>1..1
ok 1 - Equals
</system-out>
    <testcase name="Equals (424)" classname="spec_perl_TestRepeatEosU4_t" time="0.00026702880859375" />
  </testsuite>
  <testsuite name="spec_perl_TestSwitchBytearray_t" errors="0" failures="0" skipped="0" tests="9" time="0.0588347911834717">
    <system-out>1..9
ok 1 - Equals
ok 2 - Equals
ok 3 - Equals
ok 4 - Equals
ok 5 - Equals
ok 6 - Equals
ok 7 - Equals
ok 8 - Equals
ok 9 - Equals
</system-out>
    <testcase name="Equals (425)" classname="spec_perl_TestSwitchBytearray_t" time="0.000355958938598633" />
    <testcase name="Equals (426)" classname="spec_perl_TestSwitchBytearray_t" time="0.000101089477539062" />
[...]
    <testcase name="Equals (824)" classname="spec_perl_TestSwitchElseOnly_t" time="9.58442687988281e-05" />
    <testcase name="Equals (825)" classname="spec_perl_TestSwitchElseOnly_t" time="0.000167131423950195" />
  </testsuite>
  <testsuite name="spec_perl_TestRepeatUntilSized_t" errors="0" failures="0" skipped="0" tests="7" time="0.0555300712585449">
    <system-out>1..7
ok 1 - Equals
ok 2 - Equals
ok 3 - Equals
ok 4 - Equals
ok 5 - Equals
ok 6 - Equals
ok 7 - Equals
</system-out>
    <testcase name="Equals (826)" classname="spec_perl_TestRepeatUntilSized_t" time="0.000620126724243164" />
    <testcase name="Equals (827)" classname="spec_perl_TestRepeatUntilSized_t" time="0.00010991096496582" />
    <testcase name="Equals (828)" classname="spec_perl_TestRepeatUntilSized_t" time="7.39097595214844e-05" />
    <testcase name="Equals (829)" classname="spec_perl_TestRepeatUntilSized_t" time="0.000153064727783203" />
    <testcase name="Equals (830)" classname="spec_perl_TestRepeatUntilSized_t" time="0.000149011611938477" />
    <testcase name="Equals (831)" classname="spec_perl_TestRepeatUntilSized_t" time="0.000159025192260742" />
    <testcase name="Equals (832)" classname="spec_perl_TestRepeatUntilSized_t" time="0.000169992446899414" />
  </testsuite>
  <testsuite name="spec_perl_TestNavParent2_t" errors="0" failures="0" skipped="0" tests="10" time="0.0608470439910889">
    <system-out>1..10
ok 1 - Equals
ok 2 - Equals
ok 3 - Equals
ok 4 - Equals
ok 5 - Equals
ok 6 - Equals
ok 7 - Equals
ok 8 - Equals
ok 9 - Equals
ok 10 - Equals
</system-out>
    <testcase name="Equals (833)" classname="spec_perl_TestNavParent2_t" time="0.000349998474121094" />
    <testcase name="Equals (834)" classname="spec_perl_TestNavParent2_t" time="0.000101089477539062" />
    <testcase name="Equals (835)" classname="spec_perl_TestNavParent2_t" time="0.000177860260009766" />
    <testcase name="Equals (836)" classname="spec_perl_TestNavParent2_t" time="0.000153064727783203" />
    <testcase name="Equals (837)" classname="spec_perl_TestNavParent2_t" time="0.000159025192260742" />
    <testcase name="Equals (838)" classname="spec_perl_TestNavParent2_t" time="0.000222921371459961" />
    <testcase name="Equals (839)" classname="spec_perl_TestNavParent2_t" time="0.000141143798828125" />
    <testcase name="Equals (840)" classname="spec_perl_TestNavParent2_t" time="0.000174999237060547" />
    <testcase name="Equals (841)" classname="spec_perl_TestNavParent2_t" time="0.00014805793762207" />
    <testcase name="Equals (842)" classname="spec_perl_TestNavParent2_t" time="0.000198841094970703" />
  </testsuite>
  <testsuite name="spec_perl_TestStrPadTerm_t" errors="0" failures="0" skipped="0" tests="4" time="0.0586450099945068">
    <system-out>1..4
ok 1 - Equals
ok 2 - Equals
ok 3 - Equals
ok 4 - Equals
</system-out>
    <testcase name="Equals (843)" classname="spec_perl_TestStrPadTerm_t" time="0.000464916229248047" />
    <testcase name="Equals (844)" classname="spec_perl_TestStrPadTerm_t" time="0.000107049942016602" />
    <testcase name="Equals (845)" classname="spec_perl_TestStrPadTerm_t" time="7.39097595214844e-05" />
    <testcase name="Equals (846)" classname="spec_perl_TestStrPadTerm_t" time="0.000169992446899414" />
  </testsuite>
  <testsuite name="spec_perl_TestImportsAbsRel_t" errors="0" failures="0" skipped="0" tests="3" time="0.0550289154052734">
    <system-out>1..3
ok 1 - Equals
ok 2 - Equals
ok 3 - Equals
</system-out>
    <testcase name="Equals (847)" classname="spec_perl_TestImportsAbsRel_t" time="0.000316143035888672" />
    <testcase name="Equals (848)" classname="spec_perl_TestImportsAbsRel_t" time="9.70363616943359e-05" />
    <testcase name="Equals (849)" classname="spec_perl_TestImportsAbsRel_t" time="0.000154018402099609" />
  </testsuite>
  <testsuite name="spec_perl_TestRepeatEosStruct_t" errors="0" failures="0" skipped="0" tests="5" time="0.0541419982910156">
    <system-out>1..5
ok 1 - Equals
ok 2 - Equals
ok 3 - Equals
ok 4 - Equals
ok 5 - Equals
</system-out>
    <testcase name="Equals (850)" classname="spec_perl_TestRepeatEosStruct_t" time="0.000290870666503906" />
    <testcase name="Equals (851)" classname="spec_perl_TestRepeatEosStruct_t" time="0.000103950500488281" />
    <testcase name="Equals (852)" classname="spec_perl_TestRepeatEosStruct_t" time="0.000143051147460938" />
    <testcase name="Equals (853)" classname="spec_perl_TestRepeatEosStruct_t" time="0.000151157379150391" />
    <testcase name="Equals (854)" classname="spec_perl_TestRepeatEosStruct_t" time="0.000165939331054688" />
  </testsuite>
  <testsuite name="spec_perl_TestParamsCallExtraParens_t" errors="0" failures="1" skipped="0" tests="1" time="0.0666069984436035">
    <system-out>1..1
not ok 1 - Equals
</system-out>
    <testcase name="Equals (855)" classname="spec_perl_TestParamsCallExtraParens_t" time="0.00473809242248535">
      <failure message="not ok 1 - Equals" type="TAP::Parser::Result::Test"></failure>
    </testcase>
  </testsuite>
  <testsuite name="spec_perl_TestIntegersMinMax_t" errors="0" failures="0" skipped="0" tests="28" time="0.0594141483306885">
    <system-out>1..28
ok 1 - Equals
ok 2 - Equals
ok 3 - Equals
ok 4 - Equals
ok 5 - Equals
ok 6 - Equals
ok 7 - Equals
ok 8 - Equals
ok 9 - Equals
ok 10 - Equals
ok 11 - Equals
ok 12 - Equals
ok 13 - Equals
ok 14 - Equals
ok 15 - Equals
ok 16 - Equals
ok 17 - Equals
ok 18 - Equals
ok 19 - Equals
ok 20 - Equals
ok 21 - Equals
ok 22 - Equals
ok 23 - Equals
ok 24 - Equals
ok 25 - Equals
ok 26 - Equals
ok 27 - Equals
ok 28 - Equals
</system-out>
    <testcase name="Equals (856)" classname="spec_perl_TestIntegersMinMax_t" time="0.000380039215087891" />
    <testcase name="Equals (857)" classname="spec_perl_TestIntegersMinMax_t" time="0.000102043151855469" />
    <testcase name="Equals (858)" classname="spec_perl_TestIntegersMinMax_t" time="0.000133037567138672" />
    <testcase name="Equals (859)" classname="spec_perl_TestIntegersMinMax_t" time="0.000160932540893555" />
    <testcase name="Equals (860)" classname="spec_perl_TestIntegersMinMax_t" time="0.000197172164916992" />
    <testcase name="Equals (861)" classname="spec_perl_TestIntegersMinMax_t" time="0.000114917755126953" />
    <testcase name="Equals (862)" classname="spec_perl_TestIntegersMinMax_t" time="0.000171899795532227" />
    <testcase name="Equals (863)" classname="spec_perl_TestIntegersMinMax_t" time="0.000154972076416016" />
    <testcase name="Equals (864)" classname="spec_perl_TestIntegersMinMax_t" time="0.000163078308105469" />
    <testcase name="Equals (865)" classname="spec_perl_TestIntegersMinMax_t" time="0.000140905380249023" />
    <testcase name="Equals (866)" classname="spec_perl_TestIntegersMinMax_t" time="0.000159025192260742" />
    <testcase name="Equals (867)" classname="spec_perl_TestIntegersMinMax_t" time="0.000158071517944336" />
    <testcase name="Equals (868)" classname="spec_perl_TestIntegersMinMax_t" time="0.00015711784362793" />
    <testcase name="Equals (869)" classname="spec_perl_TestIntegersMinMax_t" time="0.000150918960571289" />
    <testcase name="Equals (870)" classname="spec_perl_TestIntegersMinMax_t" time="0.000177860260009766" />
    <testcase name="Equals (871)" classname="spec_perl_TestIntegersMinMax_t" time="0.000172138214111328" />
    <testcase name="Equals (872)" classname="spec_perl_TestIntegersMinMax_t" time="0.000139951705932617" />
    <testcase name="Equals (873)" classname="spec_perl_TestIntegersMinMax_t" time="0.000185966491699219" />
    <testcase name="Equals (874)" classname="spec_perl_TestIntegersMinMax_t" time="0.000139951705932617" />
    <testcase name="Equals (875)" classname="spec_perl_TestIntegersMinMax_t" time="0.000164031982421875" />
    <testcase name="Equals (876)" classname="spec_perl_TestIntegersMinMax_t" time="0.000142097473144531" />
    <testcase name="Equals (877)" classname="spec_perl_TestIntegersMinMax_t" time="0.000173091888427734" />
    <testcase name="Equals (878)" classname="spec_perl_TestIntegersMinMax_t" time="0.000149965286254883" />
    <testcase name="Equals (879)" classname="spec_perl_TestIntegersMinMax_t" time="0.00014185905456543" />
    <testcase name="Equals (880)" classname="spec_perl_TestIntegersMinMax_t" time="0.000164031982421875" />
    <testcase name="Equals (881)" classname="spec_perl_TestIntegersMinMax_t" time="0.000139951705932617" />
    <testcase name="Equals (882)" classname="spec_perl_TestIntegersMinMax_t" time="0.00014805793762207" />
    <testcase name="Equals (883)" classname="spec_perl_TestIntegersMinMax_t" time="0.000179052352905273" />
  </testsuite>
  <testsuite name="spec_perl_TestBitsEnum_t" errors="0" failures="0" skipped="0" tests="3" time="0.0546929836273193">
    <system-out>1..3
ok 1 - Equals
ok 2 - Equals
ok 3 - Equals
</system-out>
    <testcase name="Equals (884)" classname="spec_perl_TestBitsEnum_t" time="0.000282049179077148" />
    <testcase name="Equals (885)" classname="spec_perl_TestBitsEnum_t" time="8.98838043212891e-05" />
    <testcase name="Equals (886)" classname="spec_perl_TestBitsEnum_t" time="0.000167131423950195" />
  </testsuite>
  <testsuite name="spec_perl_TestProcessRotate_t" errors="0" failures="0" skipped="0" tests="3" time="0.0537068843841553">
    <system-out>1..3
ok 1 - Equals
ok 2 - Equals
ok 3 - Equals
</system-out>
    <testcase name="Equals (887)" classname="spec_perl_TestProcessRotate_t" time="0.000319004058837891" />
    <testcase name="Equals (888)" classname="spec_perl_TestProcessRotate_t" time="9.51290130615234e-05" />
    <testcase name="Equals (889)" classname="spec_perl_TestProcessRotate_t" time="0.000142812728881836" />
  </testsuite>
  <testsuite name="spec_perl_TestBitsSignedResB32Le_t" errors="0" failures="0" skipped="0" tests="1" time="0.054962158203125">
    <system-out>1..1
ok 1 - Equals
</system-out>
    <testcase name="Equals (890)" classname="spec_perl_TestBitsSignedResB32Le_t" time="0.0002899169921875" />
  </testsuite>
  <testsuite name="spec_perl_TestPositionToEnd_t" errors="0" failures="0" skipped="0" tests="2" time="0.0547010898590088">
    <system-out>1..2
ok 1 - Equals
ok 2 - Equals
</system-out>
    <testcase name="Equals (891)" classname="spec_perl_TestPositionToEnd_t" time="0.000468015670776367" />
    <testcase name="Equals (892)" classname="spec_perl_TestPositionToEnd_t" time="0.00013279914855957" />
  </testsuite>
  <testsuite name="spec_perl_TestEnumIf_t" errors="0" failures="0" skipped="0" tests="7" time="0.0593361854553223">
    <system-out>1..7
ok 1 - Equals
ok 2 - Equals
ok 3 - Equals
ok 4 - Equals
ok 5 - Equals
ok 6 - Equals
ok 7 - Equals
</system-out>
    <testcase name="Equals (893)" classname="spec_perl_TestEnumIf_t" time="0.000486135482788086" />
    <testcase name="Equals (894)" classname="spec_perl_TestEnumIf_t" time="0.000110864639282227" />
    <testcase name="Equals (895)" classname="spec_perl_TestEnumIf_t" time="0.000142097473144531" />
    <testcase name="Equals (896)" classname="spec_perl_TestEnumIf_t" time="0.000161886215209961" />
    <testcase name="Equals (897)" classname="spec_perl_TestEnumIf_t" time="0.000167131423950195" />
    <testcase name="Equals (898)" classname="spec_perl_TestEnumIf_t" time="0.000163078308105469" />
    <testcase name="Equals (899)" classname="spec_perl_TestEnumIf_t" time="0.00014495849609375" />
  </testsuite>
  <testsuite name="spec_perl_TestExpr0_t" errors="0" failures="0" skipped="0" tests="2" time="0.0549488067626953">
    <system-out>1..2
ok 1 - Equals
ok 2 - Equals
</system-out>
    <testcase name="Equals (900)" classname="spec_perl_TestExpr0_t" time="0.000316143035888672" />
    <testcase name="Equals (901)" classname="spec_perl_TestExpr0_t" time="0.000112056732177734" />
  </testsuite>
  <testsuite name="spec_perl_TestBitsUnalignedB32Le_t" errors="0" failures="0" skipped="0" tests="3" time="0.0555150508880615">
    <system-out>1..3
ok 1 - Equals
ok 2 - Equals
ok 3 - Equals
</system-out>
    <testcase name="Equals (902)" classname="spec_perl_TestBitsUnalignedB32Le_t" time="0.000313043594360352" />
    <testcase name="Equals (903)" classname="spec_perl_TestBitsUnalignedB32Le_t" time="9.08374786376953e-05" />
    <testcase name="Equals (904)" classname="spec_perl_TestBitsUnalignedB32Le_t" time="0.000198125839233398" />
  </testsuite>
  <testsuite name="spec_perl_TestSwitchMultiBoolOps_t" errors="0" failures="0" skipped="0" tests="9" time="0.0557479858398438">
    <system-out>1..9
ok 1 - Equals
ok 2 - Equals
ok 3 - Equals
ok 4 - Equals
ok 5 - Equals
ok 6 - Equals
ok 7 - Equals
ok 8 - Equals
ok 9 - Equals
</system-out>
    <testcase name="Equals (905)" classname="spec_perl_TestSwitchMultiBoolOps_t" time="0.000290870666503906" />
    <testcase name="Equals (906)" classname="spec_perl_TestSwitchMultiBoolOps_t" time="9.20295715332031e-05" />
    <testcase name="Equals (907)" classname="spec_perl_TestSwitchMultiBoolOps_t" time="0.000185012817382812" />
    <testcase name="Equals (908)" classname="spec_perl_TestSwitchMultiBoolOps_t" time="0.000152111053466797" />
    <testcase name="Equals (909)" classname="spec_perl_TestSwitchMultiBoolOps_t" time="0.000156879425048828" />
    <testcase name="Equals (910)" classname="spec_perl_TestSwitchMultiBoolOps_t" time="0.000159025192260742" />
    <testcase name="Equals (911)" classname="spec_perl_TestSwitchMultiBoolOps_t" time="0.000156879425048828" />
    <testcase name="Equals (912)" classname="spec_perl_TestSwitchMultiBoolOps_t" time="0.00015711784362793" />
    <testcase name="Equals (913)" classname="spec_perl_TestSwitchMultiBoolOps_t" time="0.000168085098266602" />
  </testsuite>
  <testsuite name="spec_perl_TestUserType_t" errors="0" failures="0" skipped="0" tests="2" time="0.0539929866790771">
    <system-out>1..2
ok 1 - Equals
ok 2 - Equals
</system-out>
    <testcase name="Equals (914)" classname="spec_perl_TestUserType_t" time="0.000338077545166016" />
    <testcase name="Equals (915)" classname="spec_perl_TestUserType_t" time="0.000102043151855469" />
  </testsuite>
  <testsuite name="spec_perl_TestExpr3_t" errors="0" failures="0" skipped="0" tests="12" time="0.0610289573669434">
    <system-out>1..12
ok 1 - Equals
ok 2 - Equals
ok 3 - Equals
ok 4 - Equals
ok 5 - Equals
ok 6 - Equals
ok 7 - Equals
ok 8 - Equals
ok 9 - Equals
ok 10 - Equals
ok 11 - Equals
ok 12 - Equals
</system-out>
    <testcase name="Equals (916)" classname="spec_perl_TestExpr3_t" time="0.000370025634765625" />
    <testcase name="Equals (917)" classname="spec_perl_TestExpr3_t" time="9.89437103271484e-05" />
    <testcase name="Equals (918)" classname="spec_perl_TestExpr3_t" time="0.000159978866577148" />
    <testcase name="Equals (919)" classname="spec_perl_TestExpr3_t" time="0.00017094612121582" />
    <testcase name="Equals (920)" classname="spec_perl_TestExpr3_t" time="0.000171184539794922" />
    <testcase name="Equals (921)" classname="spec_perl_TestExpr3_t" time="0.000128984451293945" />
    <testcase name="Equals (922)" classname="spec_perl_TestExpr3_t" time="0.000174045562744141" />
    <testcase name="Equals (923)" classname="spec_perl_TestExpr3_t" time="0.000122785568237305" />
    <testcase name="Equals (924)" classname="spec_perl_TestExpr3_t" time="0.000150203704833984" />
    <testcase name="Equals (925)" classname="spec_perl_TestExpr3_t" time="0.00013279914855957" />
    <testcase name="Equals (926)" classname="spec_perl_TestExpr3_t" time="0.000141143798828125" />
    <testcase name="Equals (927)" classname="spec_perl_TestExpr3_t" time="0.000164031982421875" />
  </testsuite>
  <testsuite name="spec_perl_TestDefaultEndianExprException_t" errors="0" failures="0" skipped="0" tests="1" time="0.0559418201446533">
    <system-out>1..1
ok 1 - threw /^Unable to decide on endianness/
</system-out>
    <testcase name="threw /^Unable to decide on endianness/ (927)" classname="spec_perl_TestDefaultEndianExprException_t" time="0.000287055969238281" />
  </testsuite>
  <testsuite name="spec_perl_TestDefaultEndianMod_t" errors="0" failures="0" skipped="0" tests="3" time="0.0546538829803467">
    <system-out>1..3
ok 1 - Equals
ok 2 - Equals
ok 3 - Equals
</system-out>
    <testcase name="Equals (928)" classname="spec_perl_TestDefaultEndianMod_t" time="0.000282049179077148" />
    <testcase name="Equals (929)" classname="spec_perl_TestDefaultEndianMod_t" time="8.79764556884766e-05" />
    <testcase name="Equals (930)" classname="spec_perl_TestDefaultEndianMod_t" time="0.000169992446899414" />
  </testsuite>
  <testsuite name="spec_perl_TestRepeatUntilS4_t" errors="0" failures="0" skipped="0" tests="2" time="0.0576138496398926">
    <system-out>1..2
ok 1 - Equals
ok 2 - Equals
</system-out>
    <testcase name="Equals (931)" classname="spec_perl_TestRepeatUntilS4_t" time="0.000307083129882812" />
    <testcase name="Equals (932)" classname="spec_perl_TestRepeatUntilS4_t" time="0.000103950500488281" />
  </testsuite>
  <testsuite name="spec_perl_TestParamsPassArrayUsertype_t" errors="0" failures="1" skipped="4" tests="5" time="0.0619900226593018">
    <system-out>1..5
not ok 1 - test_params_pass_array_usertype died (Can't use an undefined value as an ARRAY reference at compiled/perl/ParamsPassArrayUsertype.pm line 123.)
ok 2 # skip test_params_pass_array_usertype died
ok 3 # skip test_params_pass_array_usertype died
ok 4 # skip test_params_pass_array_usertype died
ok 5 # skip test_params_pass_array_usertype died
</system-out>
    <testcase name="test_params_pass_array_usertype died (Can't use an undefined value as an ARRAY reference at compiled/perl/ParamsPassArrayUsertype.pm line 123.) (932)" classname="spec_perl_TestParamsPassArrayUsertype_t" time="0.000343084335327148">
      <failure message="not ok 1 - test_params_pass_array_usertype died (Can't use an undefined value as an ARRAY reference at compiled/perl/ParamsPassArrayUsertype.pm line 123.)" type="TAP::Parser::Result::Test"></failure>
    </testcase>
    <testcase name="Unnamed test case 932" classname="spec_perl_TestParamsPassArrayUsertype_t" time="0.000562906265258789">
      <skipped message="ok 2 # skip test_params_pass_array_usertype died" />
    </testcase>
    <testcase name="Unnamed test case 933" classname="spec_perl_TestParamsPassArrayUsertype_t" time="0.000370979309082031">
      <skipped message="ok 3 # skip test_params_pass_array_usertype died" />
    </testcase>
    <testcase name="Unnamed test case 934" classname="spec_perl_TestParamsPassArrayUsertype_t" time="0.000359058380126953">
      <skipped message="ok 4 # skip test_params_pass_array_usertype died" />
    </testcase>
    <testcase name="Unnamed test case 935" classname="spec_perl_TestParamsPassArrayUsertype_t" time="0.000313997268676758">
      <skipped message="ok 5 # skip test_params_pass_array_usertype died" />
    </testcase>
  </testsuite>
  <testsuite name="spec_perl_TestNavParentFalse2_t" errors="0" failures="0" skipped="0" tests="1" time="0.054232120513916">
    <system-out>1..1
ok 1 - Equals
</system-out>
    <testcase name="Equals (935)" classname="spec_perl_TestNavParentFalse2_t" time="0.000272035598754883" />
  </testsuite>
  <testsuite name="spec_perl_TestExprMod_t" errors="0" failures="0" skipped="0" tests="6" time="0.0553040504455566">
    <system-out>1..6
ok 1 - Equals
ok 2 - Equals
ok 3 - Equals
ok 4 - Equals
ok 5 - Equals
ok 6 - Equals
</system-out>
    <testcase name="Equals (936)" classname="spec_perl_TestExprMod_t" time="0.000287055969238281" />
    <testcase name="Equals (937)" classname="spec_perl_TestExprMod_t" time="9.48905944824219e-05" />
    <testcase name="Equals (938)" classname="spec_perl_TestExprMod_t" time="0.000172138214111328" />
    <testcase name="Equals (939)" classname="spec_perl_TestExprMod_t" time="0.000137090682983398" />
    <testcase name="Equals (940)" classname="spec_perl_TestExprMod_t" time="0.000159978866577148" />
    <testcase name="Equals (941)" classname="spec_perl_TestExprMod_t" time="0.000155925750732422" />
  </testsuite>
</testsuites>
