<?xml version='1.0' encoding='utf-8'?>
<testsuites>
  <testsuite name="spec_perl_TestImports0_t" errors="1" failures="0" skipped="0" tests="0" time="0.050044059753418">
    <system-out></system-out>
    <testcase name="Test died too soon, even before plan." classname="spec_perl_TestImports0_t" time="0.050044059753418">
      <failure message="The test suite died before a plan was produced. You need to have a plan." type="Plan">No plan</failure>
    </testcase>
  </testsuite>
  <testsuite name="spec_perl_TestIfInstances_t" errors="1" failures="0" skipped="0" tests="0" time="0.0495350360870361">
    <system-out></system-out>
    <testcase name="Test died too soon, even before plan. (2)" classname="spec_perl_TestIfInstances_t" time="0.0495350360870361">
      <failure message="The test suite died before a plan was produced. You need to have a plan." type="Plan">No plan</failure>
    </testcase>
  </testsuite>
  <testsuite name="spec_perl_TestDefaultEndianExprInherited_t" errors="1" failures="0" skipped="0" tests="0" time="0.0467650890350342">
    <system-out></system-out>
    <testcase name="Test died too soon, even before plan. (3)" classname="spec_perl_TestDefaultEndianExprInherited_t" time="0.0467650890350342">
      <failure message="The test suite died before a plan was produced. You need to have a plan." type="Plan">No plan</failure>
    </testcase>
  </testsuite>
  <testsuite name="spec_perl_TestNavParentVsValueInst_t" errors="1" failures="0" skipped="0" tests="0" time="0.0417129993438721">
    <system-out></system-out>
    <testcase name="Test died too soon, even before plan. (4)" classname="spec_perl_TestNavParentVsValueInst_t" time="0.0417129993438721">
      <failure message="The test suite died before a plan was produced. You need to have a plan." type="Plan">No plan</failure>
    </testcase>
  </testsuite>
  <testsuite name="spec_perl_TestFloatingPoints_t" errors="1" failures="0" skipped="0" tests="0" time="0.0536940097808838">
    <system-out></system-out>
    <testcase name="Test died too soon, even before plan. (5)" classname="spec_perl_TestFloatingPoints_t" time="0.0536940097808838">
      <failure message="The test suite died before a plan was produced. You need to have a plan." type="Plan">No plan</failure>
    </testcase>
  </testsuite>
  <testsuite name="spec_perl_TestSwitchIntegers_t" errors="1" failures="0" skipped="0" tests="0" time="0.0513558387756348">
    <system-out></system-out>
    <testcase name="Test died too soon, even before plan. (6)" classname="spec_perl_TestSwitchIntegers_t" time="0.0513558387756348">
      <failure message="The test suite died before a plan was produced. You need to have a plan." type="Plan">No plan</failure>
    </testcase>
  </testsuite>
  <testsuite name="spec_perl_TestStrPadTermEmpty_t" errors="1" failures="0" skipped="0" tests="0" time="0.0427799224853516">
    <system-out></system-out>
    <testcase name="Test died too soon, even before plan. (7)" classname="spec_perl_TestStrPadTermEmpty_t" time="0.0427799224853516">
      <failure message="The test suite died before a plan was produced. You need to have a plan." type="Plan">No plan</failure>
    </testcase>
  </testsuite>
  <testsuite name="spec_perl_TestSwitchManualStrElse_t" errors="1" failures="0" skipped="0" tests="0" time="0.0489389896392822">
    <system-out></system-out>
    <testcase name="Test died too soon, even before plan. (8)" classname="spec_perl_TestSwitchManualStrElse_t" time="0.0489389896392822">
      <failure message="The test suite died before a plan was produced. You need to have a plan." type="Plan">No plan</failure>
    </testcase>
  </testsuite>
  <testsuite name="spec_perl_TestExprEnum_t" errors="1" failures="0" skipped="0" tests="0" time="0.049968957901001">
    <system-out></system-out>
    <testcase name="Test died too soon, even before plan. (9)" classname="spec_perl_TestExprEnum_t" time="0.049968957901001">
      <failure message="The test suite died before a plan was produced. You need to have a plan." type="Plan">No plan</failure>
    </testcase>
  </testsuite>
  <testsuite name="spec_perl_TestNavParentSwitchCast_t" errors="1" failures="0" skipped="0" tests="0" time="0.042982816696167">
    <system-out></system-out>
    <testcase name="Test died too soon, even before plan. (10)" classname="spec_perl_TestNavParentSwitchCast_t" time="0.042982816696167">
      <failure message="The test suite died before a plan was produced. You need to have a plan." type="Plan">No plan</failure>
    </testcase>
  </testsuite>
  <testsuite name="spec_perl_TestBitsByteAligned_t" errors="1" failures="0" skipped="0" tests="0" time="0.0465488433837891">
    <system-out></system-out>
    <testcase name="Test died too soon, even before plan. (11)" classname="spec_perl_TestBitsByteAligned_t" time="0.0465488433837891">
      <failure message="The test suite died before a plan was produced. You need to have a plan." type="Plan">No plan</failure>
    </testcase>
  </testsuite>
  <testsuite name="spec_perl_TestInstanceIoUser_t" errors="1" failures="0" skipped="0" tests="0" time="0.0502259731292725">
    <system-out></system-out>
    <testcase name="Test died too soon, even before plan. (12)" classname="spec_perl_TestInstanceIoUser_t" time="0.0502259731292725">
      <failure message="The test suite died before a plan was produced. You need to have a plan." type="Plan">No plan</failure>
    </testcase>
  </testsuite>
  <testsuite name="spec_perl_TestRepeatNStruct_t" errors="1" failures="0" skipped="0" tests="0" time="0.0506789684295654">
    <system-out></system-out>
    <testcase name="Test died too soon, even before plan. (13)" classname="spec_perl_TestRepeatNStruct_t" time="0.0506789684295654">
      <failure message="The test suite died before a plan was produced. You need to have a plan." type="Plan">No plan</failure>
    </testcase>
  </testsuite>
  <testsuite name="spec_perl_TestRepeatUntilSized_t" errors="1" failures="0" skipped="0" tests="0" time="0.0523509979248047">
    <system-out></system-out>
    <testcase name="Test died too soon, even before plan. (14)" classname="spec_perl_TestRepeatUntilSized_t" time="0.0523509979248047">
      <failure message="The test suite died before a plan was produced. You need to have a plan." type="Plan">No plan</failure>
    </testcase>
  </testsuite>
  <testsuite name="spec_perl_TestBufferedStruct_t" errors="1" failures="0" skipped="0" tests="0" time="0.0448460578918457">
    <system-out></system-out>
    <testcase name="Test died too soon, even before plan. (15)" classname="spec_perl_TestBufferedStruct_t" time="0.0448460578918457">
      <failure message="The test suite died before a plan was produced. You need to have a plan." type="Plan">No plan</failure>
    </testcase>
  </testsuite>
  <testsuite name="spec_perl_TestSwitchManualIntSizeEos_t" errors="1" failures="0" skipped="0" tests="0" time="0.0417981147766113">
    <system-out></system-out>
    <testcase name="Test died too soon, even before plan. (16)" classname="spec_perl_TestSwitchManualIntSizeEos_t" time="0.0417981147766113">
      <failure message="The test suite died before a plan was produced. You need to have a plan." type="Plan">No plan</failure>
    </testcase>
  </testsuite>
  <testsuite name="spec_perl_TestYamlInts_t" errors="1" failures="0" skipped="0" tests="0" time="0.0541698932647705">
    <system-out></system-out>
    <testcase name="Test died too soon, even before plan. (17)" classname="spec_perl_TestYamlInts_t" time="0.0541698932647705">
      <failure message="The test suite died before a plan was produced. You need to have a plan." type="Plan">No plan</failure>
    </testcase>
  </testsuite>
  <testsuite name="spec_perl_TestEnumOfValueInst_t" errors="1" failures="0" skipped="0" tests="0" time="0.0543608665466309">
    <system-out></system-out>
    <testcase name="Test died too soon, even before plan. (18)" classname="spec_perl_TestEnumOfValueInst_t" time="0.0543608665466309">
      <failure message="The test suite died before a plan was produced. You need to have a plan." type="Plan">No plan</failure>
    </testcase>
  </testsuite>
  <testsuite name="spec_perl_TestSwitchManualIntSize_t" errors="1" failures="0" skipped="0" tests="0" time="0.0437071323394775">
    <system-out></system-out>
    <testcase name="Test died too soon, even before plan. (19)" classname="spec_perl_TestSwitchManualIntSize_t" time="0.0437071323394775">
      <failure message="The test suite died before a plan was produced. You need to have a plan." type="Plan">No plan</failure>
    </testcase>
  </testsuite>
  <testsuite name="spec_perl_TestEnumForUnknownId_t" errors="1" failures="0" skipped="0" tests="0" time="0.0436961650848389">
    <system-out></system-out>
    <testcase name="Test died too soon, even before plan. (20)" classname="spec_perl_TestEnumForUnknownId_t" time="0.0436961650848389">
      <failure message="The test suite died before a plan was produced. You need to have a plan." type="Plan">No plan</failure>
    </testcase>
  </testsuite>
  <testsuite name="spec_perl_TestValidNotParsedIf_t" errors="1" failures="0" skipped="0" tests="0" time="0.0554401874542236">
    <system-out></system-out>
    <testcase name="Test died too soon, even before plan. (21)" classname="spec_perl_TestValidNotParsedIf_t" time="0.0554401874542236">
      <failure message="The test suite died before a plan was produced. You need to have a plan." type="Plan">No plan</failure>
    </testcase>
  </testsuite>
  <testsuite name="spec_perl_TestDocstringsDocrefMulti_t" errors="1" failures="0" skipped="0" tests="0" time="0.0442159175872803">
    <system-out></system-out>
    <testcase name="Test died too soon, even before plan. (22)" classname="spec_perl_TestDocstringsDocrefMulti_t" time="0.0442159175872803">
      <failure message="The test suite died before a plan was produced. You need to have a plan." type="Plan">No plan</failure>
    </testcase>
  </testsuite>
  <testsuite name="spec_perl_TestProcessXor4Value_t" errors="1" failures="0" skipped="0" tests="0" time="0.042975902557373">
    <system-out></system-out>
    <testcase name="Test died too soon, even before plan. (23)" classname="spec_perl_TestProcessXor4Value_t" time="0.042975902557373">
      <failure message="The test suite died before a plan was produced. You need to have a plan." type="Plan">No plan</failure>
    </testcase>
  </testsuite>
  <testsuite name="spec_perl_TestProcessXorConst_t" errors="1" failures="0" skipped="0" tests="0" time="0.0419738292694092">
    <system-out></system-out>
    <testcase name="Test died too soon, even before plan. (24)" classname="spec_perl_TestProcessXorConst_t" time="0.0419738292694092">
      <failure message="The test suite died before a plan was produced. You need to have a plan." type="Plan">No plan</failure>
    </testcase>
  </testsuite>
  <testsuite name="spec_perl_TestSwitchIntegers2_t" errors="1" failures="0" skipped="0" tests="0" time="0.0453090667724609">
    <system-out></system-out>
    <testcase name="Test died too soon, even before plan. (25)" classname="spec_perl_TestSwitchIntegers2_t" time="0.0453090667724609">
      <failure message="The test suite died before a plan was produced. You need to have a plan." type="Plan">No plan</failure>
    </testcase>
  </testsuite>
  <testsuite name="spec_perl_TestBcdUserTypeBe_t" errors="1" failures="0" skipped="0" tests="0" time="0.0417649745941162">
    <system-out></system-out>
    <testcase name="Test died too soon, even before plan. (26)" classname="spec_perl_TestBcdUserTypeBe_t" time="0.0417649745941162">
      <failure message="The test suite died before a plan was produced. You need to have a plan." type="Plan">No plan</failure>
    </testcase>
  </testsuite>
  <testsuite name="spec_perl_TestSwitchManualIntSizeElse_t" errors="1" failures="0" skipped="0" tests="0" time="0.0411791801452637">
    <system-out></system-out>
    <testcase name="Test died too soon, even before plan. (27)" classname="spec_perl_TestSwitchManualIntSizeElse_t" time="0.0411791801452637">
      <failure message="The test suite died before a plan was produced. You need to have a plan." type="Plan">No plan</failure>
    </testcase>
  </testsuite>
  <testsuite name="spec_perl_TestNestedSameName_t" errors="1" failures="0" skipped="0" tests="0" time="0.0480959415435791">
    <system-out></system-out>
    <testcase name="Test died too soon, even before plan. (28)" classname="spec_perl_TestNestedSameName_t" time="0.0480959415435791">
      <failure message="The test suite died before a plan was produced. You need to have a plan." type="Plan">No plan</failure>
    </testcase>
  </testsuite>
  <testsuite name="spec_perl_TestEnumDeep_t" errors="1" failures="0" skipped="0" tests="0" time="0.0531749725341797">
    <system-out></system-out>
    <testcase name="Test died too soon, even before plan. (29)" classname="spec_perl_TestEnumDeep_t" time="0.0531749725341797">
      <failure message="The test suite died before a plan was produced. You need to have a plan." type="Plan">No plan</failure>
    </testcase>
  </testsuite>
  <testsuite name="spec_perl_TestBitsEnum_t" errors="1" failures="0" skipped="0" tests="0" time="0.047011137008667">
    <system-out></system-out>
    <testcase name="Test died too soon, even before plan. (30)" classname="spec_perl_TestBitsEnum_t" time="0.047011137008667">
      <failure message="The test suite died before a plan was produced. You need to have a plan." type="Plan">No plan</failure>
    </testcase>
  </testsuite>
  <testsuite name="spec_perl_TestRepeatEosStruct_t" errors="1" failures="0" skipped="0" tests="0" time="0.0418858528137207">
    <system-out></system-out>
    <testcase name="Test died too soon, even before plan. (31)" classname="spec_perl_TestRepeatEosStruct_t" time="0.0418858528137207">
      <failure message="The test suite died before a plan was produced. You need to have a plan." type="Plan">No plan</failure>
    </testcase>
  </testsuite>
  <testsuite name="spec_perl_TestNestedSameName2_t" errors="1" failures="0" skipped="0" tests="0" time="0.0467419624328613">
    <system-out></system-out>
    <testcase name="Test died too soon, even before plan. (32)" classname="spec_perl_TestNestedSameName2_t" time="0.0467419624328613">
      <failure message="The test suite died before a plan was produced. You need to have a plan." type="Plan">No plan</failure>
    </testcase>
  </testsuite>
  <testsuite name="spec_perl_TestEnumIf_t" errors="1" failures="0" skipped="0" tests="0" time="0.0456750392913818">
    <system-out></system-out>
    <testcase name="Test died too soon, even before plan. (33)" classname="spec_perl_TestEnumIf_t" time="0.0456750392913818">
      <failure message="The test suite died before a plan was produced. You need to have a plan." type="Plan">No plan</failure>
    </testcase>
  </testsuite>
  <testsuite name="spec_perl_TestDebugSwitchUser_t" errors="1" failures="0" skipped="0" tests="0" time="0.0516119003295898">
    <system-out></system-out>
    <testcase name="Test died too soon, even before plan. (34)" classname="spec_perl_TestDebugSwitchUser_t" time="0.0516119003295898">
      <failure message="The test suite died before a plan was produced. You need to have a plan." type="Plan">No plan</failure>
    </testcase>
  </testsuite>
  <testsuite name="spec_perl_TestRepeatNStrz_t" errors="1" failures="0" skipped="0" tests="0" time="0.0436761379241943">
    <system-out></system-out>
    <testcase name="Test died too soon, even before plan. (35)" classname="spec_perl_TestRepeatNStrz_t" time="0.0436761379241943">
      <failure message="The test suite died before a plan was produced. You need to have a plan." type="Plan">No plan</failure>
    </testcase>
  </testsuite>
  <testsuite name="spec_perl_TestEnumIntRangeU_t" errors="1" failures="0" skipped="0" tests="0" time="0.0430431365966797">
    <system-out></system-out>
    <testcase name="Test died too soon, even before plan. (36)" classname="spec_perl_TestEnumIntRangeU_t" time="0.0430431365966797">
      <failure message="The test suite died before a plan was produced. You need to have a plan." type="Plan">No plan</failure>
    </testcase>
  </testsuite>
  <testsuite name="spec_perl_TestParamsCallShort_t" errors="1" failures="0" skipped="0" tests="0" time="0.0523369312286377">
    <system-out></system-out>
    <testcase name="Test died too soon, even before plan. (37)" classname="spec_perl_TestParamsCallShort_t" time="0.0523369312286377">
      <failure message="The test suite died before a plan was produced. You need to have a plan." type="Plan">No plan</failure>
    </testcase>
  </testsuite>
  <testsuite name="spec_perl_TestNavParent2_t" errors="1" failures="0" skipped="0" tests="0" time="0.0450429916381836">
    <system-out></system-out>
    <testcase name="Test died too soon, even before plan. (38)" classname="spec_perl_TestNavParent2_t" time="0.0450429916381836">
      <failure message="The test suite died before a plan was produced. You need to have a plan." type="Plan">No plan</failure>
    </testcase>
  </testsuite>
  <testsuite name="spec_perl_TestStrCombine_t" errors="1" failures="0" skipped="0" tests="0" time="0.0465710163116455">
    <system-out></system-out>
    <testcase name="Test died too soon, even before plan. (39)" classname="spec_perl_TestStrCombine_t" time="0.0465710163116455">
      <failure message="The test suite died before a plan was produced. You need to have a plan." type="Plan">No plan</failure>
    </testcase>
  </testsuite>
  <testsuite name="spec_perl_TestDefaultEndianExprIsLe_t" errors="1" failures="0" skipped="0" tests="0" time="0.0528759956359863">
    <system-out></system-out>
    <testcase name="Test died too soon, even before plan. (40)" classname="spec_perl_TestDefaultEndianExprIsLe_t" time="0.0528759956359863">
      <failure message="The test suite died before a plan was produced. You need to have a plan." type="Plan">No plan</failure>
    </testcase>
  </testsuite>
  <testsuite name="spec_perl_TestTsPacketHeader_t" errors="1" failures="0" skipped="0" tests="0" time="0.0451440811157227">
    <system-out></system-out>
    <testcase name="Test died too soon, even before plan. (41)" classname="spec_perl_TestTsPacketHeader_t" time="0.0451440811157227">
      <failure message="The test suite died before a plan was produced. You need to have a plan." type="Plan">No plan</failure>
    </testcase>
  </testsuite>
  <testsuite name="spec_perl_TestStrLiterals_t" errors="1" failures="0" skipped="0" tests="0" time="0.0441758632659912">
    <system-out></system-out>
    <testcase name="Test died too soon, even before plan. (42)" classname="spec_perl_TestStrLiterals_t" time="0.0441758632659912">
      <failure message="The test suite died before a plan was produced. You need to have a plan." type="Plan">No plan</failure>
    </testcase>
  </testsuite>
  <testsuite name="spec_perl_TestStrEncodings_t" errors="1" failures="0" skipped="0" tests="0" time="0.0501160621643066">
    <system-out></system-out>
    <testcase name="Test died too soon, even before plan. (43)" classname="spec_perl_TestStrEncodings_t" time="0.0501160621643066">
      <failure message="The test suite died before a plan was produced. You need to have a plan." type="Plan">No plan</failure>
    </testcase>
  </testsuite>
  <testsuite name="spec_perl_TestInstanceStd_t" errors="1" failures="0" skipped="0" tests="0" time="0.0512130260467529">
    <system-out></system-out>
    <testcase name="Test died too soon, even before plan. (44)" classname="spec_perl_TestInstanceStd_t" time="0.0512130260467529">
      <failure message="The test suite died before a plan was produced. You need to have a plan." type="Plan">No plan</failure>
    </testcase>
  </testsuite>
  <testsuite name="spec_perl_TestCastToTop_t" errors="1" failures="0" skipped="0" tests="0" time="0.043381929397583">
    <system-out></system-out>
    <testcase name="Test died too soon, even before plan. (45)" classname="spec_perl_TestCastToTop_t" time="0.043381929397583">
      <failure message="The test suite died before a plan was produced. You need to have a plan." type="Plan">No plan</failure>
    </testcase>
  </testsuite>
  <testsuite name="spec_perl_TestPositionInSeq_t" errors="1" failures="0" skipped="0" tests="0" time="0.0418281555175781">
    <system-out></system-out>
    <testcase name="Test died too soon, even before plan. (46)" classname="spec_perl_TestPositionInSeq_t" time="0.0418281555175781">
      <failure message="The test suite died before a plan was produced. You need to have a plan." type="Plan">No plan</failure>
    </testcase>
  </testsuite>
  <testsuite name="spec_perl_TestSwitchManualInt_t" errors="1" failures="0" skipped="0" tests="0" time="0.0514359474182129">
    <system-out></system-out>
    <testcase name="Test died too soon, even before plan. (47)" classname="spec_perl_TestSwitchManualInt_t" time="0.0514359474182129">
      <failure message="The test suite died before a plan was produced. You need to have a plan." type="Plan">No plan</failure>
    </testcase>
  </testsuite>
  <testsuite name="spec_perl_TestNavRoot_t" errors="1" failures="0" skipped="0" tests="0" time="0.0546150207519531">
    <system-out></system-out>
    <testcase name="Test died too soon, even before plan. (48)" classname="spec_perl_TestNavRoot_t" time="0.0546150207519531">
      <failure message="The test suite died before a plan was produced. You need to have a plan." type="Plan">No plan</failure>
    </testcase>
  </testsuite>
  <testsuite name="spec_perl_TestProcessRepeatUsertype_t" errors="1" failures="0" skipped="0" tests="0" time="0.050098180770874">
    <system-out></system-out>
    <testcase name="Test died too soon, even before plan. (49)" classname="spec_perl_TestProcessRepeatUsertype_t" time="0.050098180770874">
      <failure message="The test suite died before a plan was produced. You need to have a plan." type="Plan">No plan</failure>
    </testcase>
  </testsuite>
  <testsuite name="spec_perl_TestSwitchManualEnum_t" errors="1" failures="0" skipped="0" tests="0" time="0.0465149879455566">
    <system-out></system-out>
    <testcase name="Test died too soon, even before plan. (50)" classname="spec_perl_TestSwitchManualEnum_t" time="0.0465149879455566">
      <failure message="The test suite died before a plan was produced. You need to have a plan." type="Plan">No plan</failure>
    </testcase>
  </testsuite>
  <testsuite name="spec_perl_TestBcdUserTypeLe_t" errors="1" failures="0" skipped="0" tests="0" time="0.0485010147094727">
    <system-out></system-out>
    <testcase name="Test died too soon, even before plan. (51)" classname="spec_perl_TestBcdUserTypeLe_t" time="0.0485010147094727">
      <failure message="The test suite died before a plan was produced. You need to have a plan." type="Plan">No plan</failure>
    </testcase>
  </testsuite>
  <testsuite name="spec_perl_TestCastNested_t" errors="1" failures="0" skipped="0" tests="0" time="0.0448360443115234">
    <system-out></system-out>
    <testcase name="Test died too soon, even before plan. (52)" classname="spec_perl_TestCastNested_t" time="0.0448360443115234">
      <failure message="The test suite died before a plan was produced. You need to have a plan." type="Plan">No plan</failure>
    </testcase>
  </testsuite>
  <testsuite name="spec_perl_TestExprSizeofValue0_t" errors="1" failures="0" skipped="0" tests="0" time="0.0436170101165771">
    <system-out></system-out>
    <testcase name="Test died too soon, even before plan. (53)" classname="spec_perl_TestExprSizeofValue0_t" time="0.0436170101165771">
      <failure message="The test suite died before a plan was produced. You need to have a plan." type="Plan">No plan</failure>
    </testcase>
  </testsuite>
  <testsuite name="spec_perl_TestIntegers_t" errors="1" failures="0" skipped="0" tests="0" time="0.0413620471954346">
    <system-out></system-out>
    <testcase name="Test died too soon, even before plan. (54)" classname="spec_perl_TestIntegers_t" time="0.0413620471954346">
      <failure message="The test suite died before a plan was produced. You need to have a plan." type="Plan">No plan</failure>
    </testcase>
  </testsuite>
  <testsuite name="spec_perl_TestTypeIntUnaryOp_t" errors="1" failures="0" skipped="0" tests="0" time="0.0444490909576416">
    <system-out></system-out>
    <testcase name="Test died too soon, even before plan. (55)" classname="spec_perl_TestTypeIntUnaryOp_t" time="0.0444490909576416">
      <failure message="The test suite died before a plan was produced. You need to have a plan." type="Plan">No plan</failure>
    </testcase>
  </testsuite>
  <testsuite name="spec_perl_TestEnumImport_t" errors="1" failures="0" skipped="0" tests="0" time="0.0431351661682129">
    <system-out></system-out>
    <testcase name="Test died too soon, even before plan. (56)" classname="spec_perl_TestEnumImport_t" time="0.0431351661682129">
      <failure message="The test suite died before a plan was produced. You need to have a plan." type="Plan">No plan</failure>
    </testcase>
  </testsuite>
  <testsuite name="spec_perl_TestExprSizeofValueSized_t" errors="1" failures="0" skipped="0" tests="0" time="0.0435111522674561">
    <system-out></system-out>
    <testcase name="Test died too soon, even before plan. (57)" classname="spec_perl_TestExprSizeofValueSized_t" time="0.0435111522674561">
      <failure message="The test suite died before a plan was produced. You need to have a plan." type="Plan">No plan</failure>
    </testcase>
  </testsuite>
  <testsuite name="spec_perl_TestDefaultEndianExprException_t" errors="1" failures="0" skipped="0" tests="0" time="0.0443089008331299">
    <system-out></system-out>
    <testcase name="Test died too soon, even before plan. (58)" classname="spec_perl_TestDefaultEndianExprException_t" time="0.0443089008331299">
      <failure message="The test suite died before a plan was produced. You need to have a plan." type="Plan">No plan</failure>
    </testcase>
  </testsuite>
  <testsuite name="spec_perl_TestJsSignedRightShift_t" errors="1" failures="0" skipped="0" tests="0" time="0.0461330413818359">
    <system-out></system-out>
    <testcase name="Test died too soon, even before plan. (59)" classname="spec_perl_TestJsSignedRightShift_t" time="0.0461330413818359">
      <failure message="The test suite died before a plan was produced. You need to have a plan." type="Plan">No plan</failure>
    </testcase>
  </testsuite>
  <testsuite name="spec_perl_TestCastToImported_t" errors="1" failures="0" skipped="0" tests="0" time="0.043410062789917">
    <system-out></system-out>
    <testcase name="Test died too soon, even before plan. (60)" classname="spec_perl_TestCastToImported_t" time="0.043410062789917">
      <failure message="The test suite died before a plan was produced. You need to have a plan." type="Plan">No plan</failure>
    </testcase>
  </testsuite>
  <testsuite name="spec_perl_TestValidLong_t" errors="1" failures="0" skipped="0" tests="0" time="0.0424249172210693">
    <system-out></system-out>
    <testcase name="Test died too soon, even before plan. (61)" classname="spec_perl_TestValidLong_t" time="0.0424249172210693">
      <failure message="The test suite died before a plan was produced. You need to have a plan." type="Plan">No plan</failure>
    </testcase>
  </testsuite>
  <testsuite name="spec_perl_TestEnumLongRangeS_t" errors="1" failures="0" skipped="0" tests="0" time="0.040848970413208">
    <system-out></system-out>
    <testcase name="Test died too soon, even before plan. (62)" classname="spec_perl_TestEnumLongRangeS_t" time="0.040848970413208">
      <failure message="The test suite died before a plan was produced. You need to have a plan." type="Plan">No plan</failure>
    </testcase>
  </testsuite>
  <testsuite name="spec_perl_TestExpr3_t" errors="1" failures="0" skipped="0" tests="0" time="0.0436081886291504">
    <system-out></system-out>
    <testcase name="Test died too soon, even before plan. (63)" classname="spec_perl_TestExpr3_t" time="0.0436081886291504">
      <failure message="The test suite died before a plan was produced. You need to have a plan." type="Plan">No plan</failure>
    </testcase>
  </testsuite>
  <testsuite name="spec_perl_TestOpaqueExternalType02Parent_t" errors="1" failures="0" skipped="0" tests="0" time="0.0543770790100098">
    <system-out></system-out>
    <testcase name="Test died too soon, even before plan. (64)" classname="spec_perl_TestOpaqueExternalType02Parent_t" time="0.0543770790100098">
      <failure message="The test suite died before a plan was produced. You need to have a plan." type="Plan">No plan</failure>
    </testcase>
  </testsuite>
  <testsuite name="spec_perl_TestProcessCoerceSwitch_t" errors="1" failures="0" skipped="0" tests="0" time="0.0449919700622559">
    <system-out></system-out>
    <testcase name="Test died too soon, even before plan. (65)" classname="spec_perl_TestProcessCoerceSwitch_t" time="0.0449919700622559">
      <failure message="The test suite died before a plan was produced. You need to have a plan." type="Plan">No plan</failure>
    </testcase>
  </testsuite>
  <testsuite name="spec_perl_TestExprSizeofType1_t" errors="1" failures="0" skipped="0" tests="0" time="0.0443899631500244">
    <system-out></system-out>
    <testcase name="Test died too soon, even before plan. (66)" classname="spec_perl_TestExprSizeofType1_t" time="0.0443899631500244">
      <failure message="The test suite died before a plan was produced. You need to have a plan." type="Plan">No plan</failure>
    </testcase>
  </testsuite>
  <testsuite name="spec_perl_TestPositionAbs_t" errors="1" failures="0" skipped="0" tests="0" time="0.0416707992553711">
    <system-out></system-out>
    <testcase name="Test died too soon, even before plan. (67)" classname="spec_perl_TestPositionAbs_t" time="0.0416707992553711">
      <failure message="The test suite died before a plan was produced. You need to have a plan." type="Plan">No plan</failure>
    </testcase>
  </testsuite>
  <testsuite name="spec_perl_TestProcessXorValue_t" errors="1" failures="0" skipped="0" tests="0" time="0.0483880043029785">
    <system-out></system-out>
    <testcase name="Test died too soon, even before plan. (68)" classname="spec_perl_TestProcessXorValue_t" time="0.0483880043029785">
      <failure message="The test suite died before a plan was produced. You need to have a plan." type="Plan">No plan</failure>
    </testcase>
  </testsuite>
  <testsuite name="spec_perl_TestEosExceptionBytes_t" errors="1" failures="0" skipped="0" tests="0" time="0.045536994934082">
    <system-out></system-out>
    <testcase name="Test died too soon, even before plan. (69)" classname="spec_perl_TestEosExceptionBytes_t" time="0.045536994934082">
      <failure message="The test suite died before a plan was produced. You need to have a plan." type="Plan">No plan</failure>
    </testcase>
  </testsuite>
  <testsuite name="spec_perl_TestEnumNegative_t" errors="1" failures="0" skipped="0" tests="0" time="0.0464448928833008">
    <system-out></system-out>
    <testcase name="Test died too soon, even before plan. (70)" classname="spec_perl_TestEnumNegative_t" time="0.0464448928833008">
      <failure message="The test suite died before a plan was produced. You need to have a plan." type="Plan">No plan</failure>
    </testcase>
  </testsuite>
  <testsuite name="spec_perl_TestSwitchCast_t" errors="1" failures="0" skipped="0" tests="0" time="0.0463299751281738">
    <system-out></system-out>
    <testcase name="Test died too soon, even before plan. (71)" classname="spec_perl_TestSwitchCast_t" time="0.0463299751281738">
      <failure message="The test suite died before a plan was produced. You need to have a plan." type="Plan">No plan</failure>
    </testcase>
  </testsuite>
  <testsuite name="spec_perl_TestPositionToEnd_t" errors="1" failures="0" skipped="0" tests="0" time="0.0409619808197021">
    <system-out></system-out>
    <testcase name="Test died too soon, even before plan. (72)" classname="spec_perl_TestPositionToEnd_t" time="0.0409619808197021">
      <failure message="The test suite died before a plan was produced. You need to have a plan." type="Plan">No plan</failure>
    </testcase>
  </testsuite>
  <testsuite name="spec_perl_TestExprCalcArrayOps_t" errors="1" failures="0" skipped="0" tests="0" time="0.0545191764831543">
    <system-out></system-out>
    <testcase name="Test died too soon, even before plan. (73)" classname="spec_perl_TestExprCalcArrayOps_t" time="0.0545191764831543">
      <failure message="The test suite died before a plan was produced. You need to have a plan." type="Plan">No plan</failure>
    </testcase>
  </testsuite>
  <testsuite name="spec_perl_TestExprIoEof_t" errors="1" failures="0" skipped="0" tests="0" time="0.0451548099517822">
    <system-out></system-out>
    <testcase name="Test died too soon, even before plan. (74)" classname="spec_perl_TestExprIoEof_t" time="0.0451548099517822">
      <failure message="The test suite died before a plan was produced. You need to have a plan." type="Plan">No plan</failure>
    </testcase>
  </testsuite>
  <testsuite name="spec_perl_TestEnumIntRangeS_t" errors="1" failures="0" skipped="0" tests="0" time="0.0426790714263916">
    <system-out></system-out>
    <testcase name="Test died too soon, even before plan. (75)" classname="spec_perl_TestEnumIntRangeS_t" time="0.0426790714263916">
      <failure message="The test suite died before a plan was produced. You need to have a plan." type="Plan">No plan</failure>
    </testcase>
  </testsuite>
  <testsuite name="spec_perl_TestDebug0_t" errors="1" failures="0" skipped="0" tests="0" time="0.0411651134490967">
    <system-out></system-out>
    <testcase name="Test died too soon, even before plan. (76)" classname="spec_perl_TestDebug0_t" time="0.0411651134490967">
      <failure message="The test suite died before a plan was produced. You need to have a plan." type="Plan">No plan</failure>
    </testcase>
  </testsuite>
  <testsuite name="spec_perl_TestProcessXor4Const_t" errors="1" failures="0" skipped="0" tests="0" time="0.047435998916626">
    <system-out></system-out>
    <testcase name="Test died too soon, even before plan. (77)" classname="spec_perl_TestProcessXor4Const_t" time="0.047435998916626">
      <failure message="The test suite died before a plan was produced. You need to have a plan." type="Plan">No plan</failure>
    </testcase>
  </testsuite>
  <testsuite name="spec_perl_TestTypeTernary_t" errors="1" failures="0" skipped="0" tests="0" time="0.0447990894317627">
    <system-out></system-out>
    <testcase name="Test died too soon, even before plan. (78)" classname="spec_perl_TestTypeTernary_t" time="0.0447990894317627">
      <failure message="The test suite died before a plan was produced. You need to have a plan." type="Plan">No plan</failure>
    </testcase>
  </testsuite>
  <testsuite name="spec_perl_TestDefaultEndianMod_t" errors="1" failures="0" skipped="0" tests="0" time="0.0527701377868652">
    <system-out></system-out>
    <testcase name="Test died too soon, even before plan. (79)" classname="spec_perl_TestDefaultEndianMod_t" time="0.0527701377868652">
      <failure message="The test suite died before a plan was produced. You need to have a plan." type="Plan">No plan</failure>
    </testcase>
  </testsuite>
  <testsuite name="spec_perl_TestExpr1_t" errors="1" failures="0" skipped="0" tests="0" time="0.0451087951660156">
    <system-out></system-out>
    <testcase name="Test died too soon, even before plan. (80)" classname="spec_perl_TestExpr1_t" time="0.0451087951660156">
      <failure message="The test suite died before a plan was produced. You need to have a plan." type="Plan">No plan</failure>
    </testcase>
  </testsuite>
  <testsuite name="spec_perl_TestSwitchBytearray_t" errors="1" failures="0" skipped="0" tests="0" time="0.0497748851776123">
    <system-out></system-out>
    <testcase name="Test died too soon, even before plan. (81)" classname="spec_perl_TestSwitchBytearray_t" time="0.0497748851776123">
      <failure message="The test suite died before a plan was produced. You need to have a plan." type="Plan">No plan</failure>
    </testcase>
  </testsuite>
  <testsuite name="spec_perl_TestNavParentSwitch_t" errors="1" failures="0" skipped="0" tests="0" time="0.0438649654388428">
    <system-out></system-out>
    <testcase name="Test died too soon, even before plan. (82)" classname="spec_perl_TestNavParentSwitch_t" time="0.0438649654388428">
      <failure message="The test suite died before a plan was produced. You need to have a plan." type="Plan">No plan</failure>
    </testcase>
  </testsuite>
  <testsuite name="spec_perl_TestNonStandard_t" errors="1" failures="0" skipped="0" tests="0" time="0.045525074005127">
    <system-out></system-out>
    <testcase name="Test died too soon, even before plan. (83)" classname="spec_perl_TestNonStandard_t" time="0.045525074005127">
      <failure message="The test suite died before a plan was produced. You need to have a plan." type="Plan">No plan</failure>
    </testcase>
  </testsuite>
  <testsuite name="spec_perl_TestMetaXref_t" errors="1" failures="0" skipped="0" tests="0" time="0.0455608367919922">
    <system-out></system-out>
    <testcase name="Test died too soon, even before plan. (84)" classname="spec_perl_TestMetaXref_t" time="0.0455608367919922">
      <failure message="The test suite died before a plan was produced. You need to have a plan." type="Plan">No plan</failure>
    </testcase>
  </testsuite>
  <testsuite name="spec_perl_TestProcessCoerceUsertype1_t" errors="1" failures="0" skipped="0" tests="0" time="0.0497550964355469">
    <system-out></system-out>
    <testcase name="Test died too soon, even before plan. (85)" classname="spec_perl_TestProcessCoerceUsertype1_t" time="0.0497550964355469">
      <failure message="The test suite died before a plan was produced. You need to have a plan." type="Plan">No plan</failure>
    </testcase>
  </testsuite>
  <testsuite name="spec_perl_TestTypeTernaryOpaque_t" errors="1" failures="0" skipped="0" tests="0" time="0.0419068336486816">
    <system-out></system-out>
    <testcase name="Test died too soon, even before plan. (86)" classname="spec_perl_TestTypeTernaryOpaque_t" time="0.0419068336486816">
      <failure message="The test suite died before a plan was produced. You need to have a plan." type="Plan">No plan</failure>
    </testcase>
  </testsuite>
  <testsuite name="spec_perl_TestProcessRotate_t" errors="1" failures="0" skipped="0" tests="0" time="0.0503969192504883">
    <system-out></system-out>
    <testcase name="Test died too soon, even before plan. (87)" classname="spec_perl_TestProcessRotate_t" time="0.0503969192504883">
      <failure message="The test suite died before a plan was produced. You need to have a plan." type="Plan">No plan</failure>
    </testcase>
  </testsuite>
  <testsuite name="spec_perl_TestExprStrOps_t" errors="1" failures="0" skipped="0" tests="0" time="0.0427939891815186">
    <system-out></system-out>
    <testcase name="Test died too soon, even before plan. (88)" classname="spec_perl_TestExprStrOps_t" time="0.0427939891815186">
      <failure message="The test suite died before a plan was produced. You need to have a plan." type="Plan">No plan</failure>
    </testcase>
  </testsuite>
  <testsuite name="spec_perl_TestImportsAbs_t" errors="1" failures="0" skipped="0" tests="0" time="0.0485019683837891">
    <system-out></system-out>
    <testcase name="Test died too soon, even before plan. (89)" classname="spec_perl_TestImportsAbs_t" time="0.0485019683837891">
      <failure message="The test suite died before a plan was produced. You need to have a plan." type="Plan">No plan</failure>
    </testcase>
  </testsuite>
  <testsuite name="spec_perl_TestBytesPadTerm_t" errors="1" failures="0" skipped="0" tests="0" time="0.0462398529052734">
    <system-out></system-out>
    <testcase name="Test died too soon, even before plan. (90)" classname="spec_perl_TestBytesPadTerm_t" time="0.0462398529052734">
      <failure message="The test suite died before a plan was produced. You need to have a plan." type="Plan">No plan</failure>
    </testcase>
  </testsuite>
  <testsuite name="spec_perl_TestOpaqueExternalType_t" errors="1" failures="0" skipped="0" tests="0" time="0.0413069725036621">
    <system-out></system-out>
    <testcase name="Test died too soon, even before plan. (91)" classname="spec_perl_TestOpaqueExternalType_t" time="0.0413069725036621">
      <failure message="The test suite died before a plan was produced. You need to have a plan." type="Plan">No plan</failure>
    </testcase>
  </testsuite>
  <testsuite name="spec_perl_TestExprArray_t" errors="1" failures="0" skipped="0" tests="0" time="0.0436830520629883">
    <system-out></system-out>
    <testcase name="Test died too soon, even before plan. (92)" classname="spec_perl_TestExprArray_t" time="0.0436830520629883">
      <failure message="The test suite died before a plan was produced. You need to have a plan." type="Plan">No plan</failure>
    </testcase>
  </testsuite>
  <testsuite name="spec_perl_TestExprSizeofType0_t" errors="1" failures="0" skipped="0" tests="0" time="0.0433199405670166">
    <system-out></system-out>
    <testcase name="Test died too soon, even before plan. (93)" classname="spec_perl_TestExprSizeofType0_t" time="0.0433199405670166">
      <failure message="The test suite died before a plan was produced. You need to have a plan." type="Plan">No plan</failure>
    </testcase>
  </testsuite>
  <testsuite name="spec_perl_TestEnumToIClassBorder1_t" errors="1" failures="0" skipped="0" tests="0" time="0.044734001159668">
    <system-out></system-out>
    <testcase name="Test died too soon, even before plan. (94)" classname="spec_perl_TestEnumToIClassBorder1_t" time="0.044734001159668">
      <failure message="The test suite died before a plan was produced. You need to have a plan." type="Plan">No plan</failure>
    </testcase>
  </testsuite>
  <testsuite name="spec_perl_TestRecursiveOne_t" errors="1" failures="0" skipped="0" tests="0" time="0.0448260307312012">
    <system-out></system-out>
    <testcase name="Test died too soon, even before plan. (95)" classname="spec_perl_TestRecursiveOne_t" time="0.0448260307312012">
      <failure message="The test suite died before a plan was produced. You need to have a plan." type="Plan">No plan</failure>
    </testcase>
  </testsuite>
  <testsuite name="spec_perl_TestMetaTags_t" errors="1" failures="0" skipped="0" tests="0" time="0.0534820556640625">
    <system-out></system-out>
    <testcase name="Test died too soon, even before plan. (96)" classname="spec_perl_TestMetaTags_t" time="0.0534820556640625">
      <failure message="The test suite died before a plan was produced. You need to have a plan." type="Plan">No plan</failure>
    </testcase>
  </testsuite>
  <testsuite name="spec_perl_TestExpr2_t" errors="1" failures="0" skipped="0" tests="0" time="0.0441679954528809">
    <system-out></system-out>
    <testcase name="Test died too soon, even before plan. (97)" classname="spec_perl_TestExpr2_t" time="0.0441679954528809">
      <failure message="The test suite died before a plan was produced. You need to have a plan." type="Plan">No plan</failure>
    </testcase>
  </testsuite>
  <testsuite name="spec_perl_TestRepeatUntilComplex_t" errors="1" failures="0" skipped="0" tests="0" time="0.042172908782959">
    <system-out></system-out>
    <testcase name="Test died too soon, even before plan. (98)" classname="spec_perl_TestRepeatUntilComplex_t" time="0.042172908782959">
      <failure message="The test suite died before a plan was produced. You need to have a plan." type="Plan">No plan</failure>
    </testcase>
  </testsuite>
  <testsuite name="spec_perl_TestStrEncodingsDefault_t" errors="1" failures="0" skipped="0" tests="0" time="0.0512599945068359">
    <system-out></system-out>
    <testcase name="Test died too soon, even before plan. (99)" classname="spec_perl_TestStrEncodingsDefault_t" time="0.0512599945068359">
      <failure message="The test suite died before a plan was produced. You need to have a plan." type="Plan">No plan</failure>
    </testcase>
  </testsuite>
  <testsuite name="spec_perl_TestImportsCircularA_t" errors="1" failures="0" skipped="0" tests="0" time="0.0520720481872559">
    <system-out></system-out>
    <testcase name="Test died too soon, even before plan. (100)" classname="spec_perl_TestImportsCircularA_t" time="0.0520720481872559">
      <failure message="The test suite died before a plan was produced. You need to have a plan." type="Plan">No plan</failure>
    </testcase>
  </testsuite>
  <testsuite name="spec_perl_TestStrEos_t" errors="1" failures="0" skipped="0" tests="0" time="0.0465250015258789">
    <system-out></system-out>
    <testcase name="Test died too soon, even before plan. (101)" classname="spec_perl_TestStrEos_t" time="0.0465250015258789">
      <failure message="The test suite died before a plan was produced. You need to have a plan." type="Plan">No plan</failure>
    </testcase>
  </testsuite>
  <testsuite name="spec_perl_TestExprMod_t" errors="1" failures="0" skipped="0" tests="0" time="0.0418291091918945">
    <system-out></system-out>
    <testcase name="Test died too soon, even before plan. (102)" classname="spec_perl_TestExprMod_t" time="0.0418291091918945">
      <failure message="The test suite died before a plan was produced. You need to have a plan." type="Plan">No plan</failure>
    </testcase>
  </testsuite>
  <testsuite name="spec_perl_TestSwitchMultiBoolOps_t" errors="1" failures="0" skipped="0" tests="0" time="0.0442311763763428">
    <system-out></system-out>
    <testcase name="Test died too soon, even before plan. (103)" classname="spec_perl_TestSwitchMultiBoolOps_t" time="0.0442311763763428">
      <failure message="The test suite died before a plan was produced. You need to have a plan." type="Plan">No plan</failure>
    </testcase>
  </testsuite>
  <testsuite name="spec_perl_TestMultipleUse_t" errors="1" failures="0" skipped="0" tests="0" time="0.0476610660552979">
    <system-out></system-out>
    <testcase name="Test died too soon, even before plan. (104)" classname="spec_perl_TestMultipleUse_t" time="0.0476610660552979">
      <failure message="The test suite died before a plan was produced. You need to have a plan." type="Plan">No plan</failure>
    </testcase>
  </testsuite>
  <testsuite name="spec_perl_TestNavParentOverride_t" errors="1" failures="0" skipped="0" tests="0" time="0.0459380149841309">
    <system-out></system-out>
    <testcase name="Test died too soon, even before plan. (105)" classname="spec_perl_TestNavParentOverride_t" time="0.0459380149841309">
      <failure message="The test suite died before a plan was produced. You need to have a plan." type="Plan">No plan</failure>
    </testcase>
  </testsuite>
  <testsuite name="spec_perl_TestRepeatEosBit_t" errors="1" failures="0" skipped="0" tests="0" time="0.0452308654785156">
    <system-out></system-out>
    <testcase name="Test died too soon, even before plan. (106)" classname="spec_perl_TestRepeatEosBit_t" time="0.0452308654785156">
      <failure message="The test suite died before a plan was produced. You need to have a plan." type="Plan">No plan</failure>
    </testcase>
  </testsuite>
  <testsuite name="spec_perl_TestProcessCustom_t" errors="1" failures="0" skipped="0" tests="0" time="0.0468111038208008">
    <system-out></system-out>
    <testcase name="Test died too soon, even before plan. (107)" classname="spec_perl_TestProcessCustom_t" time="0.0468111038208008">
      <failure message="The test suite died before a plan was produced. You need to have a plan." type="Plan">No plan</failure>
    </testcase>
  </testsuite>
  <testsuite name="spec_perl_TestFixedStruct_t" errors="1" failures="0" skipped="0" tests="0" time="0.0451869964599609">
    <system-out></system-out>
    <testcase name="Test died too soon, even before plan. (108)" classname="spec_perl_TestFixedStruct_t" time="0.0451869964599609">
      <failure message="The test suite died before a plan was produced. You need to have a plan." type="Plan">No plan</failure>
    </testcase>
  </testsuite>
  <testsuite name="spec_perl_TestDebugEnumName_t" errors="1" failures="0" skipped="0" tests="0" time="0.0509219169616699">
    <system-out></system-out>
    <testcase name="Test died too soon, even before plan. (109)" classname="spec_perl_TestDebugEnumName_t" time="0.0509219169616699">
      <failure message="The test suite died before a plan was produced. You need to have a plan." type="Plan">No plan</failure>
    </testcase>
  </testsuite>
  <testsuite name="spec_perl_TestIndexToParamEos_t" errors="1" failures="0" skipped="0" tests="0" time="0.0459439754486084">
    <system-out></system-out>
    <testcase name="Test died too soon, even before plan. (110)" classname="spec_perl_TestIndexToParamEos_t" time="0.0459439754486084">
      <failure message="The test suite died before a plan was produced. You need to have a plan." type="Plan">No plan</failure>
    </testcase>
  </testsuite>
  <testsuite name="spec_perl_TestStrPadTerm_t" errors="1" failures="0" skipped="0" tests="0" time="0.0425360202789307">
    <system-out></system-out>
    <testcase name="Test died too soon, even before plan. (111)" classname="spec_perl_TestStrPadTerm_t" time="0.0425360202789307">
      <failure message="The test suite died before a plan was produced. You need to have a plan." type="Plan">No plan</failure>
    </testcase>
  </testsuite>
  <testsuite name="spec_perl_TestProcessCoerceUsertype2_t" errors="1" failures="0" skipped="0" tests="0" time="0.0501899719238281">
    <system-out></system-out>
    <testcase name="Test died too soon, even before plan. (112)" classname="spec_perl_TestProcessCoerceUsertype2_t" time="0.0501899719238281">
      <failure message="The test suite died before a plan was produced. You need to have a plan." type="Plan">No plan</failure>
    </testcase>
  </testsuite>
  <testsuite name="spec_perl_TestInstanceUserArray_t" errors="1" failures="0" skipped="0" tests="0" time="0.0443809032440186">
    <system-out></system-out>
    <testcase name="Test died too soon, even before plan. (113)" classname="spec_perl_TestInstanceUserArray_t" time="0.0443809032440186">
      <failure message="The test suite died before a plan was produced. You need to have a plan." type="Plan">No plan</failure>
    </testcase>
  </testsuite>
  <testsuite name="spec_perl_TestDefaultBigEndian_t" errors="1" failures="0" skipped="0" tests="0" time="0.0504889488220215">
    <system-out></system-out>
    <testcase name="Test died too soon, even before plan. (114)" classname="spec_perl_TestDefaultBigEndian_t" time="0.0504889488220215">
      <failure message="The test suite died before a plan was produced. You need to have a plan." type="Plan">No plan</failure>
    </testcase>
  </testsuite>
  <testsuite name="spec_perl_TestFixedContents_t" errors="1" failures="0" skipped="0" tests="0" time="0.0397889614105225">
    <system-out></system-out>
    <testcase name="Test died too soon, even before plan. (115)" classname="spec_perl_TestFixedContents_t" time="0.0397889614105225">
      <failure message="The test suite died before a plan was produced. You need to have a plan." type="Plan">No plan</failure>
    </testcase>
  </testsuite>
  <testsuite name="spec_perl_TestEnumFancy_t" errors="1" failures="0" skipped="0" tests="0" time="0.0439028739929199">
    <system-out></system-out>
    <testcase name="Test died too soon, even before plan. (116)" classname="spec_perl_TestEnumFancy_t" time="0.0439028739929199">
      <failure message="The test suite died before a plan was produced. You need to have a plan." type="Plan">No plan</failure>
    </testcase>
  </testsuite>
  <testsuite name="spec_perl_TestOptionalId_t" errors="1" failures="0" skipped="0" tests="0" time="0.048192024230957">
    <system-out></system-out>
    <testcase name="Test died too soon, even before plan. (117)" classname="spec_perl_TestOptionalId_t" time="0.048192024230957">
      <failure message="The test suite died before a plan was produced. You need to have a plan." type="Plan">No plan</failure>
    </testcase>
  </testsuite>
  <testsuite name="spec_perl_TestSwitchManualStr_t" errors="1" failures="0" skipped="0" tests="0" time="0.0407290458679199">
    <system-out></system-out>
    <testcase name="Test died too soon, even before plan. (118)" classname="spec_perl_TestSwitchManualStr_t" time="0.0407290458679199">
      <failure message="The test suite died before a plan was produced. You need to have a plan." type="Plan">No plan</failure>
    </testcase>
  </testsuite>
  <testsuite name="spec_perl_TestIndexSizes_t" errors="1" failures="0" skipped="0" tests="0" time="0.04852294921875">
    <system-out></system-out>
    <testcase name="Test died too soon, even before plan. (119)" classname="spec_perl_TestIndexSizes_t" time="0.04852294921875">
      <failure message="The test suite died before a plan was produced. You need to have a plan." type="Plan">No plan</failure>
    </testcase>
  </testsuite>
  <testsuite name="spec_perl_TestValidSwitch_t" errors="1" failures="0" skipped="0" tests="0" time="0.054006814956665">
    <system-out></system-out>
    <testcase name="Test died too soon, even before plan. (120)" classname="spec_perl_TestValidSwitch_t" time="0.054006814956665">
      <failure message="The test suite died before a plan was produced. You need to have a plan." type="Plan">No plan</failure>
    </testcase>
  </testsuite>
  <testsuite name="spec_perl_TestEofExceptionU4_t" errors="1" failures="0" skipped="0" tests="0" time="0.0417649745941162">
    <system-out></system-out>
    <testcase name="Test died too soon, even before plan. (121)" classname="spec_perl_TestEofExceptionU4_t" time="0.0417649745941162">
      <failure message="The test suite died before a plan was produced. You need to have a plan." type="Plan">No plan</failure>
    </testcase>
  </testsuite>
  <testsuite name="spec_perl_TestRepeatEosU4_t" errors="1" failures="0" skipped="0" tests="0" time="0.0471749305725098">
    <system-out></system-out>
    <testcase name="Test died too soon, even before plan. (122)" classname="spec_perl_TestRepeatEosU4_t" time="0.0471749305725098">
      <failure message="The test suite died before a plan was produced. You need to have a plan." type="Plan">No plan</failure>
    </testcase>
  </testsuite>
  <testsuite name="spec_perl_TestInstanceStdArray_t" errors="1" failures="0" skipped="0" tests="0" time="0.0449891090393066">
    <system-out></system-out>
    <testcase name="Test died too soon, even before plan. (123)" classname="spec_perl_TestInstanceStdArray_t" time="0.0449891090393066">
      <failure message="The test suite died before a plan was produced. You need to have a plan." type="Plan">No plan</failure>
    </testcase>
  </testsuite>
  <testsuite name="spec_perl_TestNavParent_t" errors="1" failures="0" skipped="0" tests="0" time="0.0439858436584473">
    <system-out></system-out>
    <testcase name="Test died too soon, even before plan. (124)" classname="spec_perl_TestNavParent_t" time="0.0439858436584473">
      <failure message="The test suite died before a plan was produced. You need to have a plan." type="Plan">No plan</failure>
    </testcase>
  </testsuite>
  <testsuite name="spec_perl_TestEnum1_t" errors="1" failures="0" skipped="0" tests="0" time="0.0438032150268555">
    <system-out></system-out>
    <testcase name="Test died too soon, even before plan. (125)" classname="spec_perl_TestEnum1_t" time="0.0438032150268555">
      <failure message="The test suite died before a plan was produced. You need to have a plan." type="Plan">No plan</failure>
    </testcase>
  </testsuite>
  <testsuite name="spec_perl_TestEosExceptionU4_t" errors="1" failures="0" skipped="0" tests="0" time="0.0462350845336914">
    <system-out></system-out>
    <testcase name="Test died too soon, even before plan. (126)" classname="spec_perl_TestEosExceptionU4_t" time="0.0462350845336914">
      <failure message="The test suite died before a plan was produced. You need to have a plan." type="Plan">No plan</failure>
    </testcase>
  </testsuite>
  <testsuite name="spec_perl_TestValidShort_t" errors="1" failures="0" skipped="0" tests="0" time="0.0580971240997314">
    <system-out></system-out>
    <testcase name="Test died too soon, even before plan. (127)" classname="spec_perl_TestValidShort_t" time="0.0580971240997314">
      <failure message="The test suite died before a plan was produced. You need to have a plan." type="Plan">No plan</failure>
    </testcase>
  </testsuite>
  <testsuite name="spec_perl_TestDocstringsDocref_t" errors="1" failures="0" skipped="0" tests="0" time="0.0446012020111084">
    <system-out></system-out>
    <testcase name="Test died too soon, even before plan. (128)" classname="spec_perl_TestDocstringsDocref_t" time="0.0446012020111084">
      <failure message="The test suite died before a plan was produced. You need to have a plan." type="Plan">No plan</failure>
    </testcase>
  </testsuite>
  <testsuite name="spec_perl_TestNavParentFalse_t" errors="1" failures="0" skipped="0" tests="0" time="0.0446600914001465">
    <system-out></system-out>
    <testcase name="Test died too soon, even before plan. (129)" classname="spec_perl_TestNavParentFalse_t" time="0.0446600914001465">
      <failure message="The test suite died before a plan was produced. You need to have a plan." type="Plan">No plan</failure>
    </testcase>
  </testsuite>
  <testsuite name="spec_perl_TestIfValues_t" errors="1" failures="0" skipped="0" tests="0" time="0.0445139408111572">
    <system-out></system-out>
    <testcase name="Test died too soon, even before plan. (130)" classname="spec_perl_TestIfValues_t" time="0.0445139408111572">
      <failure message="The test suite died before a plan was produced. You need to have a plan." type="Plan">No plan</failure>
    </testcase>
  </testsuite>
  <testsuite name="spec_perl_TestIoLocalVar_t" errors="1" failures="0" skipped="0" tests="0" time="0.0417709350585938">
    <system-out></system-out>
    <testcase name="Test died too soon, even before plan. (131)" classname="spec_perl_TestIoLocalVar_t" time="0.0417709350585938">
      <failure message="The test suite died before a plan was produced. You need to have a plan." type="Plan">No plan</failure>
    </testcase>
  </testsuite>
  <testsuite name="spec_perl_TestUserType_t" errors="1" failures="0" skipped="0" tests="0" time="0.0405089855194092">
    <system-out></system-out>
    <testcase name="Test died too soon, even before plan. (132)" classname="spec_perl_TestUserType_t" time="0.0405089855194092">
      <failure message="The test suite died before a plan was produced. You need to have a plan." type="Plan">No plan</failure>
    </testcase>
  </testsuite>
  <testsuite name="spec_perl_TestParamsCallExtraParens_t" errors="1" failures="0" skipped="0" tests="0" time="0.0506591796875">
    <system-out></system-out>
    <testcase name="Test died too soon, even before plan. (133)" classname="spec_perl_TestParamsCallExtraParens_t" time="0.0506591796875">
      <failure message="The test suite died before a plan was produced. You need to have a plan." type="Plan">No plan</failure>
    </testcase>
  </testsuite>
  <testsuite name="spec_perl_TestNavParent3_t" errors="1" failures="0" skipped="0" tests="0" time="0.0475990772247314">
    <system-out></system-out>
    <testcase name="Test died too soon, even before plan. (134)" classname="spec_perl_TestNavParent3_t" time="0.0475990772247314">
      <failure message="The test suite died before a plan was produced. You need to have a plan." type="Plan">No plan</failure>
    </testcase>
  </testsuite>
  <testsuite name="spec_perl_TestEnum0_t" errors="1" failures="0" skipped="0" tests="0" time="0.0435750484466553">
    <system-out></system-out>
    <testcase name="Test died too soon, even before plan. (135)" classname="spec_perl_TestEnum0_t" time="0.0435750484466553">
      <failure message="The test suite died before a plan was produced. You need to have a plan." type="Plan">No plan</failure>
    </testcase>
  </testsuite>
  <testsuite name="spec_perl_TestTermStrz_t" errors="1" failures="0" skipped="0" tests="0" time="0.0498199462890625">
    <system-out></system-out>
    <testcase name="Test died too soon, even before plan. (136)" classname="spec_perl_TestTermStrz_t" time="0.0498199462890625">
      <failure message="The test suite died before a plan was produced. You need to have a plan." type="Plan">No plan</failure>
    </testcase>
  </testsuite>
  <testsuite name="spec_perl_TestHelloWorld_t" errors="1" failures="0" skipped="0" tests="0" time="0.0486690998077393">
    <system-out></system-out>
    <testcase name="Test died too soon, even before plan. (137)" classname="spec_perl_TestHelloWorld_t" time="0.0486690998077393">
      <failure message="The test suite died before a plan was produced. You need to have a plan." type="Plan">No plan</failure>
    </testcase>
  </testsuite>
  <testsuite name="spec_perl_TestIndexToParamUntil_t" errors="1" failures="0" skipped="0" tests="0" time="0.0471298694610596">
    <system-out></system-out>
    <testcase name="Test died too soon, even before plan. (138)" classname="spec_perl_TestIndexToParamUntil_t" time="0.0471298694610596">
      <failure message="The test suite died before a plan was produced. You need to have a plan." type="Plan">No plan</failure>
    </testcase>
  </testsuite>
  <testsuite name="spec_perl_TestRepeatUntilS4_t" errors="1" failures="0" skipped="0" tests="0" time="0.0409970283508301">
    <system-out></system-out>
    <testcase name="Test died too soon, even before plan. (139)" classname="spec_perl_TestRepeatUntilS4_t" time="0.0409970283508301">
      <failure message="The test suite died before a plan was produced. You need to have a plan." type="Plan">No plan</failure>
    </testcase>
  </testsuite>
  <testsuite name="spec_perl_TestIndexToParamExpr_t" errors="1" failures="0" skipped="0" tests="0" time="0.0415971279144287">
    <system-out></system-out>
    <testcase name="Test died too soon, even before plan. (140)" classname="spec_perl_TestIndexToParamExpr_t" time="0.0415971279144287">
      <failure message="The test suite died before a plan was produced. You need to have a plan." type="Plan">No plan</failure>
    </testcase>
  </testsuite>
  <testsuite name="spec_perl_TestParamsEnum_t" errors="1" failures="0" skipped="0" tests="0" time="0.0433080196380615">
    <system-out></system-out>
    <testcase name="Test died too soon, even before plan. (141)" classname="spec_perl_TestParamsEnum_t" time="0.0433080196380615">
      <failure message="The test suite died before a plan was produced. You need to have a plan." type="Plan">No plan</failure>
    </testcase>
  </testsuite>
  <testsuite name="spec_perl_TestIfStruct_t" errors="1" failures="0" skipped="0" tests="0" time="0.0467879772186279">
    <system-out></system-out>
    <testcase name="Test died too soon, even before plan. (142)" classname="spec_perl_TestIfStruct_t" time="0.0467879772186279">
      <failure message="The test suite died before a plan was produced. You need to have a plan." type="Plan">No plan</failure>
    </testcase>
  </testsuite>
  <testsuite name="spec_perl_TestTermBytes_t" errors="1" failures="0" skipped="0" tests="0" time="0.0570049285888672">
    <system-out></system-out>
    <testcase name="Test died too soon, even before plan. (143)" classname="spec_perl_TestTermBytes_t" time="0.0570049285888672">
      <failure message="The test suite died before a plan was produced. You need to have a plan." type="Plan">No plan</failure>
    </testcase>
  </testsuite>
  <testsuite name="spec_perl_TestProcessCoerceBytes_t" errors="1" failures="0" skipped="0" tests="0" time="0.0489249229431152">
    <system-out></system-out>
    <testcase name="Test died too soon, even before plan. (144)" classname="spec_perl_TestProcessCoerceBytes_t" time="0.0489249229431152">
      <failure message="The test suite died before a plan was produced. You need to have a plan." type="Plan">No plan</failure>
    </testcase>
  </testsuite>
  <testsuite name="spec_perl_TestNavParentFalse2_t" errors="1" failures="0" skipped="0" tests="0" time="0.0439140796661377">
    <system-out></system-out>
    <testcase name="Test died too soon, even before plan. (145)" classname="spec_perl_TestNavParentFalse2_t" time="0.0439140796661377">
      <failure message="The test suite died before a plan was produced. You need to have a plan." type="Plan">No plan</failure>
    </testcase>
  </testsuite>
  <testsuite name="spec_perl_TestFloatToI_t" errors="1" failures="0" skipped="0" tests="0" time="0.0566051006317139">
    <system-out></system-out>
    <testcase name="Test died too soon, even before plan. (146)" classname="spec_perl_TestFloatToI_t" time="0.0566051006317139">
      <failure message="The test suite died before a plan was produced. You need to have a plan." type="Plan">No plan</failure>
    </testcase>
  </testsuite>
  <testsuite name="spec_perl_TestExprIoPos_t" errors="1" failures="0" skipped="0" tests="0" time="0.0454540252685547">
    <system-out></system-out>
    <testcase name="Test died too soon, even before plan. (147)" classname="spec_perl_TestExprIoPos_t" time="0.0454540252685547">
      <failure message="The test suite died before a plan was produced. You need to have a plan." type="Plan">No plan</failure>
    </testcase>
  </testsuite>
  <testsuite name="spec_perl_TestStrLiterals2_t" errors="1" failures="0" skipped="0" tests="0" time="0.0441529750823975">
    <system-out></system-out>
    <testcase name="Test died too soon, even before plan. (148)" classname="spec_perl_TestStrLiterals2_t" time="0.0441529750823975">
      <failure message="The test suite died before a plan was produced. You need to have a plan." type="Plan">No plan</failure>
    </testcase>
  </testsuite>
  <testsuite name="spec_perl_TestEofExceptionBytes_t" errors="1" failures="0" skipped="0" tests="0" time="0.0422101020812988">
    <system-out></system-out>
    <testcase name="Test died too soon, even before plan. (149)" classname="spec_perl_TestEofExceptionBytes_t" time="0.0422101020812988">
      <failure message="The test suite died before a plan was produced. You need to have a plan." type="Plan">No plan</failure>
    </testcase>
  </testsuite>
  <testsuite name="spec_perl_TestZlibWithHeader78_t" errors="1" failures="0" skipped="0" tests="0" time="0.0509500503540039">
    <system-out></system-out>
    <testcase name="Test died too soon, even before plan. (150)" classname="spec_perl_TestZlibWithHeader78_t" time="0.0509500503540039">
      <failure message="The test suite died before a plan was produced. You need to have a plan." type="Plan">No plan</failure>
    </testcase>
  </testsuite>
  <testsuite name="spec_perl_TestParamsPassUsertype_t" errors="1" failures="0" skipped="0" tests="0" time="0.0427329540252686">
    <system-out></system-out>
    <testcase name="Test died too soon, even before plan. (151)" classname="spec_perl_TestParamsPassUsertype_t" time="0.0427329540252686">
      <failure message="The test suite died before a plan was produced. You need to have a plan." type="Plan">No plan</failure>
    </testcase>
  </testsuite>
  <testsuite name="spec_perl_TestProcessToUser_t" errors="1" failures="0" skipped="0" tests="0" time="0.0473020076751709">
    <system-out></system-out>
    <testcase name="Test died too soon, even before plan. (152)" classname="spec_perl_TestProcessToUser_t" time="0.0473020076751709">
      <failure message="The test suite died before a plan was produced. You need to have a plan." type="Plan">No plan</failure>
    </testcase>
  </testsuite>
  <testsuite name="spec_perl_TestExprBytesOps_t" errors="1" failures="0" skipped="0" tests="0" time="0.0441877841949463">
    <system-out></system-out>
    <testcase name="Test died too soon, even before plan. (153)" classname="spec_perl_TestExprBytesOps_t" time="0.0441877841949463">
      <failure message="The test suite died before a plan was produced. You need to have a plan." type="Plan">No plan</failure>
    </testcase>
  </testsuite>
  <testsuite name="spec_perl_TestBitsSimple_t" errors="1" failures="0" skipped="0" tests="0" time="0.0462720394134521">
    <system-out></system-out>
    <testcase name="Test died too soon, even before plan. (154)" classname="spec_perl_TestBitsSimple_t" time="0.0462720394134521">
      <failure message="The test suite died before a plan was produced. You need to have a plan." type="Plan">No plan</failure>
    </testcase>
  </testsuite>
  <testsuite name="spec_perl_TestEnumLongRangeU_t" errors="1" failures="0" skipped="0" tests="0" time="0.0497159957885742">
    <system-out></system-out>
    <testcase name="Test died too soon, even before plan. (155)" classname="spec_perl_TestEnumLongRangeU_t" time="0.0497159957885742">
      <failure message="The test suite died before a plan was produced. You need to have a plan." type="Plan">No plan</failure>
    </testcase>
  </testsuite>
  <testsuite name="spec_perl_TestNestedTypes3_t" errors="1" failures="0" skipped="0" tests="0" time="0.0460429191589355">
    <system-out></system-out>
    <testcase name="Test died too soon, even before plan. (156)" classname="spec_perl_TestNestedTypes3_t" time="0.0460429191589355">
      <failure message="The test suite died before a plan was produced. You need to have a plan." type="Plan">No plan</failure>
    </testcase>
  </testsuite>
  <testsuite name="spec_perl_TestEnumToI_t" errors="1" failures="0" skipped="0" tests="0" time="0.0446507930755615">
    <system-out></system-out>
    <testcase name="Test died too soon, even before plan. (157)" classname="spec_perl_TestEnumToI_t" time="0.0446507930755615">
      <failure message="The test suite died before a plan was produced. You need to have a plan." type="Plan">No plan</failure>
    </testcase>
  </testsuite>
  <testsuite name="spec_perl_TestExprBytesCmp_t" errors="1" failures="0" skipped="0" tests="0" time="0.0449399948120117">
    <system-out></system-out>
    <testcase name="Test died too soon, even before plan. (158)" classname="spec_perl_TestExprBytesCmp_t" time="0.0449399948120117">
      <failure message="The test suite died before a plan was produced. You need to have a plan." type="Plan">No plan</failure>
    </testcase>
  </testsuite>
  <testsuite name="spec_perl_TestExpr0_t" errors="1" failures="0" skipped="0" tests="0" time="0.0508468151092529">
    <system-out></system-out>
    <testcase name="Test died too soon, even before plan. (159)" classname="spec_perl_TestExpr0_t" time="0.0508468151092529">
      <failure message="The test suite died before a plan was produced. You need to have a plan." type="Plan">No plan</failure>
    </testcase>
  </testsuite>
  <testsuite name="spec_perl_TestNestedTypes2_t" errors="1" failures="0" skipped="0" tests="0" time="0.0516490936279297">
    <system-out></system-out>
    <testcase name="Test died too soon, even before plan. (160)" classname="spec_perl_TestNestedTypes2_t" time="0.0516490936279297">
      <failure message="The test suite died before a plan was produced. You need to have a plan." type="Plan">No plan</failure>
    </testcase>
  </testsuite>
  <testsuite name="spec_perl_TestDocstrings_t" errors="1" failures="0" skipped="0" tests="0" time="0.0467760562896729">
    <system-out></system-out>
    <testcase name="Test died too soon, even before plan. (161)" classname="spec_perl_TestDocstrings_t" time="0.0467760562896729">
      <failure message="The test suite died before a plan was produced. You need to have a plan." type="Plan">No plan</failure>
    </testcase>
  </testsuite>
  <testsuite name="spec_perl_TestRepeatNStrzDouble_t" errors="1" failures="0" skipped="0" tests="0" time="0.0463640689849854">
    <system-out></system-out>
    <testcase name="Test died too soon, even before plan. (162)" classname="spec_perl_TestRepeatNStrzDouble_t" time="0.0463640689849854">
      <failure message="The test suite died before a plan was produced. You need to have a plan." type="Plan">No plan</failure>
    </testcase>
  </testsuite>
  <testsuite name="spec_perl_TestProcessRepeatBytes_t" errors="1" failures="0" skipped="0" tests="0" time="0.0506219863891602">
    <system-out></system-out>
    <testcase name="Test died too soon, even before plan. (163)" classname="spec_perl_TestProcessRepeatBytes_t" time="0.0506219863891602">
      <failure message="The test suite died before a plan was produced. You need to have a plan." type="Plan">No plan</failure>
    </testcase>
  </testsuite>
  <testsuite name="spec_perl_TestDefaultEndianExprIsBe_t" errors="1" failures="0" skipped="0" tests="0" time="0.0449731349945068">
    <system-out></system-out>
    <testcase name="Test died too soon, even before plan. (164)" classname="spec_perl_TestDefaultEndianExprIsBe_t" time="0.0449731349945068">
      <failure message="The test suite died before a plan was produced. You need to have a plan." type="Plan">No plan</failure>
    </testcase>
  </testsuite>
  <testsuite name="spec_perl_TestSwitchManualIntElse_t" errors="1" failures="0" skipped="0" tests="0" time="0.0457260608673096">
    <system-out></system-out>
    <testcase name="Test died too soon, even before plan. (165)" classname="spec_perl_TestSwitchManualIntElse_t" time="0.0457260608673096">
      <failure message="The test suite died before a plan was produced. You need to have a plan." type="Plan">No plan</failure>
    </testcase>
  </testsuite>
  <testsuite name="spec_perl_TestEnumDeepLiterals_t" errors="1" failures="0" skipped="0" tests="0" time="0.0439000129699707">
    <system-out></system-out>
    <testcase name="Test died too soon, even before plan. (166)" classname="spec_perl_TestEnumDeepLiterals_t" time="0.0439000129699707">
      <failure message="The test suite died before a plan was produced. You need to have a plan." type="Plan">No plan</failure>
    </testcase>
  </testsuite>
  <testsuite name="spec_perl_TestSwitchRepeatExpr_t" errors="1" failures="0" skipped="0" tests="0" time="0.0452620983123779">
    <system-out></system-out>
    <testcase name="Test died too soon, even before plan. (167)" classname="spec_perl_TestSwitchRepeatExpr_t" time="0.0452620983123779">
      <failure message="The test suite died before a plan was produced. You need to have a plan." type="Plan">No plan</failure>
    </testcase>
  </testsuite>
  <testsuite name="spec_perl_TestNestedTypes_t" errors="1" failures="0" skipped="0" tests="0" time="0.0494060516357422">
    <system-out></system-out>
    <testcase name="Test died too soon, even before plan. (168)" classname="spec_perl_TestNestedTypes_t" time="0.0494060516357422">
      <failure message="The test suite died before a plan was produced. You need to have a plan." type="Plan">No plan</failure>
    </testcase>
  </testsuite>
</testsuites>
