<?xml version='1.0' encoding='utf-8'?>
<testsuites>
  <testsuite name="spec_perl_TestEnumIntRangeU_t" errors="0" failures="0" skipped="0" tests="2" time="0.049644947052002">
    <system-out>1..2
ok 1 - Equals
ok 2 - Equals
</system-out>
    <testcase name="Equals" classname="spec_perl_TestEnumIntRangeU_t" time="0.000257015228271484" />
    <testcase name="Equals (2)" classname="spec_perl_TestEnumIntRangeU_t" time="0.000107049942016602" />
  </testsuite>
  <testsuite name="spec_perl_TestSwitchManualStr_t" errors="0" failures="0" skipped="0" tests="9" time="0.0539789199829102">
    <system-out>1..9
ok 1 - Equals
ok 2 - Equals
ok 3 - Equals
ok 4 - Equals
ok 5 - Equals
ok 6 - Equals
ok 7 - Equals
ok 8 - Equals
ok 9 - Equals
</system-out>
    <testcase name="Equals (3)" classname="spec_perl_TestSwitchManualStr_t" time="0.000331878662109375" />
    <testcase name="Equals (4)" classname="spec_perl_TestSwitchManualStr_t" time="0.000120162963867188" />
    <testcase name="Equals (5)" classname="spec_perl_TestSwitchManualStr_t" time="0.000192880630493164" />
    <testcase name="Equals (6)" classname="spec_perl_TestSwitchManualStr_t" time="0.000164985656738281" />
    <testcase name="Equals (7)" classname="spec_perl_TestSwitchManualStr_t" time="0.000180959701538086" />
    <testcase name="Equals (8)" classname="spec_perl_TestSwitchManualStr_t" time="0.000162124633789062" />
    <testcase name="Equals (9)" classname="spec_perl_TestSwitchManualStr_t" time="0.000196933746337891" />
    <testcase name="Equals (10)" classname="spec_perl_TestSwitchManualStr_t" time="0.000149965286254883" />
    <testcase name="Equals (11)" classname="spec_perl_TestSwitchManualStr_t" time="0.000189065933227539" />
  </testsuite>
  <testsuite name="spec_perl_TestBitsUnalignedB32Le_t" errors="0" failures="0" skipped="0" tests="3" time="0.0517048835754395">
    <system-out>1..3
ok 1 - Equals
ok 2 - Equals
ok 3 - Equals
</system-out>
    <testcase name="Equals (12)" classname="spec_perl_TestBitsUnalignedB32Le_t" time="0.00027012825012207" />
    <testcase name="Equals (13)" classname="spec_perl_TestBitsUnalignedB32Le_t" time="0.000159025192260742" />
    <testcase name="Equals (14)" classname="spec_perl_TestBitsUnalignedB32Le_t" time="0.000191926956176758" />
  </testsuite>
  <testsuite name="spec_perl_TestExprBytesOps_t" errors="0" failures="0" skipped="0" tests="16" time="0.0541501045227051">
    <system-out>1..16
ok 1 - Equals
ok 2 - Equals
ok 3 - Equals
ok 4 - Equals
ok 5 - Equals
ok 6 - Equals
ok 7 - Equals
ok 8 - Equals
ok 9 - Equals
ok 10 - Equals
ok 11 - Equals
ok 12 - Equals
ok 13 - Equals
ok 14 - Equals
ok 15 - Equals
ok 16 - Equals
</system-out>
    <testcase name="Equals (15)" classname="spec_perl_TestExprBytesOps_t" time="0.000267982482910156" />
    <testcase name="Equals (16)" classname="spec_perl_TestExprBytesOps_t" time="0.000145912170410156" />
    <testcase name="Equals (17)" classname="spec_perl_TestExprBytesOps_t" time="0.000187158584594727" />
    <testcase name="Equals (18)" classname="spec_perl_TestExprBytesOps_t" time="0.00018000602722168" />
    <testcase name="Equals (19)" classname="spec_perl_TestExprBytesOps_t" time="0.00018000602722168" />
    <testcase name="Equals (20)" classname="spec_perl_TestExprBytesOps_t" time="0.000191926956176758" />
    <testcase name="Equals (21)" classname="spec_perl_TestExprBytesOps_t" time="0.000181913375854492" />
    <testcase name="Equals (22)" classname="spec_perl_TestExprBytesOps_t" time="0.000188112258911133" />
    <testcase name="Equals (23)" classname="spec_perl_TestExprBytesOps_t" time="0.000169038772583008" />
    <testcase name="Equals (24)" classname="spec_perl_TestExprBytesOps_t" time="0.000195980072021484" />
    <testcase name="Equals (25)" classname="spec_perl_TestExprBytesOps_t" time="0.000176906585693359" />
    <testcase name="Equals (26)" classname="spec_perl_TestExprBytesOps_t" time="0.000189065933227539" />
    <testcase name="Equals (27)" classname="spec_perl_TestExprBytesOps_t" time="0.000180959701538086" />
    <testcase name="Equals (28)" classname="spec_perl_TestExprBytesOps_t" time="0.000175952911376953" />
    <testcase name="Equals (29)" classname="spec_perl_TestExprBytesOps_t" time="0.000195026397705078" />
    <testcase name="Equals (30)" classname="spec_perl_TestExprBytesOps_t" time="0.000178098678588867" />
  </testsuite>
  <testsuite name="spec_perl_TestIndexSizes_t" errors="0" failures="0" skipped="0" tests="7" time="0.0559659004211426">
    <system-out>1..7
ok 1 - Equals
ok 2 - Equals
ok 3 - Equals
ok 4 - Equals
ok 5 - Equals
ok 6 - Equals
ok 7 - Equals
</system-out>
    <testcase name="Equals (31)" classname="spec_perl_TestIndexSizes_t" time="0.000304222106933594" />
    <testcase name="Equals (32)" classname="spec_perl_TestIndexSizes_t" time="0.000112771987915039" />
    <testcase name="Equals (33)" classname="spec_perl_TestIndexSizes_t" time="0.00018620491027832" />
    <testcase name="Equals (34)" classname="spec_perl_TestIndexSizes_t" time="0.000164031982421875" />
    <testcase name="Equals (35)" classname="spec_perl_TestIndexSizes_t" time="0.000172853469848633" />
    <testcase name="Equals (36)" classname="spec_perl_TestIndexSizes_t" time="0.000172138214111328" />
    <testcase name="Equals (37)" classname="spec_perl_TestIndexSizes_t" time="0.000183820724487305" />
  </testsuite>
  <testsuite name="spec_perl_TestRepeatEosU4_t" errors="0" failures="0" skipped="0" tests="1" time="0.0487189292907715">
    <system-out>1..1
ok 1 - Equals
</system-out>
    <testcase name="Equals (38)" classname="spec_perl_TestRepeatEosU4_t" time="0.000223159790039062" />
  </testsuite>
  <testsuite name="spec_perl_TestNonStandard_t" errors="0" failures="0" skipped="0" tests="1" time="0.052299976348877">
    <system-out>1..1
ok 1 - Equals
</system-out>
    <testcase name="Equals (39)" classname="spec_perl_TestNonStandard_t" time="0.000251054763793945" />
  </testsuite>
  <testsuite name="spec_perl_TestSwitchRepeatExprInvalid_t" errors="0" failures="0" skipped="0" tests="3" time="0.0492799282073975">
    <system-out>1..3
ok 1 - Equals
ok 2 - Equals
ok 3 - Equals
</system-out>
    <testcase name="Equals (40)" classname="spec_perl_TestSwitchRepeatExprInvalid_t" time="0.000258922576904297" />
    <testcase name="Equals (41)" classname="spec_perl_TestSwitchRepeatExprInvalid_t" time="0.000130891799926758" />
    <testcase name="Equals (42)" classname="spec_perl_TestSwitchRepeatExprInvalid_t" time="0.000174999237060547" />
  </testsuite>
  <testsuite name="spec_perl_TestEnum0_t" errors="0" failures="0" skipped="0" tests="2" time="0.0493369102478027">
    <system-out>1..2
ok 1 - Equals
ok 2 - Equals
</system-out>
    <testcase name="Equals (43)" classname="spec_perl_TestEnum0_t" time="0.000257968902587891" />
    <testcase name="Equals (44)" classname="spec_perl_TestEnum0_t" time="0.0001220703125" />
  </testsuite>
  <testsuite name="spec_perl_TestSwitchRepeatExpr_t" errors="0" failures="0" skipped="0" tests="3" time="0.0502099990844727">
    <system-out>1..3
ok 1 - Equals
ok 2 - Equals
ok 3 - Equals
</system-out>
    <testcase name="Equals (45)" classname="spec_perl_TestSwitchRepeatExpr_t" time="0.000450849533081055" />
    <testcase name="Equals (46)" classname="spec_perl_TestSwitchRepeatExpr_t" time="0.000133037567138672" />
    <testcase name="Equals (47)" classname="spec_perl_TestSwitchRepeatExpr_t" time="0.00017094612121582" />
  </testsuite>
  <testsuite name="spec_perl_TestSwitchCast_t" errors="0" failures="0" skipped="0" tests="2" time="0.0534858703613281">
    <system-out>1..2
ok 1 - Equals
ok 2 - Equals
</system-out>
    <testcase name="Equals (48)" classname="spec_perl_TestSwitchCast_t" time="0.000345945358276367" />
    <testcase name="Equals (49)" classname="spec_perl_TestSwitchCast_t" time="0.000117063522338867" />
  </testsuite>
  <testsuite name="spec_perl_TestEnumFancy_t" errors="0" failures="0" skipped="0" tests="2" time="0.0487358570098877">
    <system-out>1..2
ok 1 - Equals
ok 2 - Equals
</system-out>
    <testcase name="Equals (50)" classname="spec_perl_TestEnumFancy_t" time="0.000242948532104492" />
    <testcase name="Equals (51)" classname="spec_perl_TestEnumFancy_t" time="0.000138044357299805" />
  </testsuite>
  <testsuite name="spec_perl_TestSwitchBytearray_t" errors="0" failures="0" skipped="0" tests="9" time="0.0548920631408691">
    <system-out>1..9
ok 1 - Equals
ok 2 - Equals
ok 3 - Equals
ok 4 - Equals
ok 5 - Equals
ok 6 - Equals
ok 7 - Equals
ok 8 - Equals
ok 9 - Equals
</system-out>
    <testcase name="Equals (52)" classname="spec_perl_TestSwitchBytearray_t" time="0.000325202941894531" />
    <testcase name="Equals (53)" classname="spec_perl_TestSwitchBytearray_t" time="0.000113010406494141" />
    <testcase name="Equals (54)" classname="spec_perl_TestSwitchBytearray_t" time="0.000172853469848633" />
    <testcase name="Equals (55)" classname="spec_perl_TestSwitchBytearray_t" time="0.000159025192260742" />
    <testcase name="Equals (56)" classname="spec_perl_TestSwitchBytearray_t" time="0.000177145004272461" />
    <testcase name="Equals (57)" classname="spec_perl_TestSwitchBytearray_t" time="0.000177860260009766" />
    <testcase name="Equals (58)" classname="spec_perl_TestSwitchBytearray_t" time="0.000185966491699219" />
    <testcase name="Equals (59)" classname="spec_perl_TestSwitchBytearray_t" time="0.000182151794433594" />
    <testcase name="Equals (60)" classname="spec_perl_TestSwitchBytearray_t" time="0.000175952911376953" />
  </testsuite>
  <testsuite name="spec_perl_TestEnumLongRangeU_t" errors="0" failures="0" skipped="0" tests="4" time="0.0493490695953369">
    <system-out>1..4
ok 1 - Equals
ok 2 - Equals
ok 3 - Equals
ok 4 - Equals
</system-out>
    <testcase name="Equals (61)" classname="spec_perl_TestEnumLongRangeU_t" time="0.000273942947387695" />
    <testcase name="Equals (62)" classname="spec_perl_TestEnumLongRangeU_t" time="0.000171899795532227" />
    <testcase name="Equals (63)" classname="spec_perl_TestEnumLongRangeU_t" time="0.000171184539794922" />
    <testcase name="Equals (64)" classname="spec_perl_TestEnumLongRangeU_t" time="0.000173807144165039" />
  </testsuite>
  <testsuite name="spec_perl_TestBitsSignedShiftB64Le_t" errors="0" failures="0" skipped="0" tests="2" time="0.0523059368133545">
    <system-out>1..2
ok 1 - Equals
ok 2 - Equals
</system-out>
    <testcase name="Equals (65)" classname="spec_perl_TestBitsSignedShiftB64Le_t" time="0.000273942947387695" />
    <testcase name="Equals (66)" classname="spec_perl_TestBitsSignedShiftB64Le_t" time="8.20159912109375e-05" />
  </testsuite>
  <testsuite name="spec_perl_TestExprArray_t" errors="0" failures="0" skipped="0" tests="15" time="0.0565378665924072">
    <system-out>1..15
ok 1 - Equals
ok 2 - Equals
ok 3 - Equals
ok 4 - Equals
ok 5 - Equals
ok 6 - Equals
ok 7 - Approx equals
ok 8 - Approx equals
ok 9 - Approx equals
ok 10 - Approx equals
ok 11 - Equals
ok 12 - Equals
ok 13 - Equals
ok 14 - Equals
ok 15 - Equals
</system-out>
    <testcase name="Equals (67)" classname="spec_perl_TestExprArray_t" time="0.000374078750610352" />
    <testcase name="Equals (68)" classname="spec_perl_TestExprArray_t" time="0.00015711784362793" />
    <testcase name="Equals (69)" classname="spec_perl_TestExprArray_t" time="0.000164985656738281" />
    <testcase name="Equals (70)" classname="spec_perl_TestExprArray_t" time="0.000186920166015625" />
    <testcase name="Equals (71)" classname="spec_perl_TestExprArray_t" time="0.000178098678588867" />
    <testcase name="Equals (72)" classname="spec_perl_TestExprArray_t" time="0.000196933746337891" />
    <testcase name="Approx equals (72)" classname="spec_perl_TestExprArray_t" time="6.60419464111328e-05" />
    <testcase name="Approx equals (73)" classname="spec_perl_TestExprArray_t" time="5.48362731933594e-05" />
    <testcase name="Approx equals (74)" classname="spec_perl_TestExprArray_t" time="7.70092010498047e-05" />
    <testcase name="Approx equals (75)" classname="spec_perl_TestExprArray_t" time="7.41481781005859e-05" />
    <testcase name="Equals (75)" classname="spec_perl_TestExprArray_t" time="0.000206947326660156" />
    <testcase name="Equals (76)" classname="spec_perl_TestExprArray_t" time="0.000175952911376953" />
    <testcase name="Equals (77)" classname="spec_perl_TestExprArray_t" time="0.000178098678588867" />
    <testcase name="Equals (78)" classname="spec_perl_TestExprArray_t" time="0.000191926956176758" />
    <testcase name="Equals (79)" classname="spec_perl_TestExprArray_t" time="0.000185012817382812" />
  </testsuite>
  <testsuite name="spec_perl_TestSwitchManualEnumInvalidElse_t" errors="0" failures="0" skipped="0" tests="5" time="0.0537819862365723">
    <system-out>1..5
ok 1 - Equals
ok 2 - Equals
ok 3 - Equals
ok 4 - Equals
ok 5 - Equals
</system-out>
    <testcase name="Equals (80)" classname="spec_perl_TestSwitchManualEnumInvalidElse_t" time="0.000309944152832031" />
    <testcase name="Equals (81)" classname="spec_perl_TestSwitchManualEnumInvalidElse_t" time="0.000119209289550781" />
    <testcase name="Equals (82)" classname="spec_perl_TestSwitchManualEnumInvalidElse_t" time="0.000192880630493164" />
    <testcase name="Equals (83)" classname="spec_perl_TestSwitchManualEnumInvalidElse_t" time="0.000159025192260742" />
    <testcase name="Equals (84)" classname="spec_perl_TestSwitchManualEnumInvalidElse_t" time="0.000191926956176758" />
  </testsuite>
  <testsuite name="spec_perl_TestDebugEnumName_t" errors="1" failures="0" skipped="0" tests="0" time="0.0561840534210205">
    <system-out></system-out>
    <testcase name="Test died too soon, even before plan. (84)" classname="spec_perl_TestDebugEnumName_t" time="0.0561840534210205">
      <failure message="The test suite died before a plan was produced. You need to have a plan." type="Plan">No plan</failure>
    </testcase>
  </testsuite>
  <testsuite name="spec_perl_TestProcessCustomNoArgs_t" errors="1" failures="0" skipped="0" tests="0" time="0.0544331073760986">
    <system-out></system-out>
    <testcase name="Test died too soon, even before plan. (85)" classname="spec_perl_TestProcessCustomNoArgs_t" time="0.0544331073760986">
      <failure message="The test suite died before a plan was produced. You need to have a plan." type="Plan">No plan</failure>
    </testcase>
  </testsuite>
  <testsuite name="spec_perl_TestSwitchIntegers_t" errors="0" failures="0" skipped="0" tests="9" time="0.0504829883575439">
    <system-out>1..9
ok 1 - Equals
ok 2 - Equals
ok 3 - Equals
ok 4 - Equals
ok 5 - Equals
ok 6 - Equals
ok 7 - Equals
ok 8 - Equals
ok 9 - Equals
</system-out>
    <testcase name="Equals (85)" classname="spec_perl_TestSwitchIntegers_t" time="0.00027918815612793" />
    <testcase name="Equals (86)" classname="spec_perl_TestSwitchIntegers_t" time="0.000144004821777344" />
    <testcase name="Equals (87)" classname="spec_perl_TestSwitchIntegers_t" time="0.00017094612121582" />
    <testcase name="Equals (88)" classname="spec_perl_TestSwitchIntegers_t" time="0.000171899795532227" />
    <testcase name="Equals (89)" classname="spec_perl_TestSwitchIntegers_t" time="0.000182151794433594" />
    <testcase name="Equals (90)" classname="spec_perl_TestSwitchIntegers_t" time="0.000187873840332031" />
    <testcase name="Equals (91)" classname="spec_perl_TestSwitchIntegers_t" time="0.000173091888427734" />
    <testcase name="Equals (92)" classname="spec_perl_TestSwitchIntegers_t" time="0.000169992446899414" />
    <testcase name="Equals (93)" classname="spec_perl_TestSwitchIntegers_t" time="0.000182867050170898" />
  </testsuite>
  <testsuite name="spec_perl_TestBitsShiftByB32Le_t" errors="0" failures="0" skipped="0" tests="2" time="0.0535249710083008">
    <system-out>1..2
ok 1 - Equals
ok 2 - Equals
</system-out>
    <testcase name="Equals (94)" classname="spec_perl_TestBitsShiftByB32Le_t" time="0.000265836715698242" />
    <testcase name="Equals (95)" classname="spec_perl_TestBitsShiftByB32Le_t" time="8.51154327392578e-05" />
  </testsuite>
  <testsuite name="spec_perl_TestIfStruct_t" errors="0" failures="0" skipped="0" tests="7" time="0.0581009387969971">
    <system-out>1..7
ok 1 - Equals
ok 2 - Equals
ok 3 - Equals
ok 4 - Equals
ok 5 - Equals
ok 6 - Equals
ok 7 - Equals
</system-out>
    <testcase name="Equals (96)" classname="spec_perl_TestIfStruct_t" time="0.000422954559326172" />
    <testcase name="Equals (97)" classname="spec_perl_TestIfStruct_t" time="0.000123977661132812" />
    <testcase name="Equals (98)" classname="spec_perl_TestIfStruct_t" time="0.000112056732177734" />
    <testcase name="Equals (99)" classname="spec_perl_TestIfStruct_t" time="0.000201940536499023" />
    <testcase name="Equals (100)" classname="spec_perl_TestIfStruct_t" time="0.000164985656738281" />
    <testcase name="Equals (101)" classname="spec_perl_TestIfStruct_t" time="0.000199079513549805" />
    <testcase name="Equals (102)" classname="spec_perl_TestIfStruct_t" time="0.000195980072021484" />
  </testsuite>
  <testsuite name="spec_perl_TestExprBytesCmp_t" errors="0" failures="0" skipped="0" tests="10" time="0.0523159503936768">
    <system-out>1..10
ok 1 - Equals
ok 2 - Equals
ok 3 - Equals
ok 4 - Equals
ok 5 - Equals
ok 6 - Equals
ok 7 - Equals
ok 8 - Equals
ok 9 - Equals
ok 10 - Equals
</system-out>
    <testcase name="Equals (103)" classname="spec_perl_TestExprBytesCmp_t" time="0.000268220901489258" />
    <testcase name="Equals (104)" classname="spec_perl_TestExprBytesCmp_t" time="0.000104904174804688" />
    <testcase name="Equals (105)" classname="spec_perl_TestExprBytesCmp_t" time="0.000186920166015625" />
    <testcase name="Equals (106)" classname="spec_perl_TestExprBytesCmp_t" time="0.00014805793762207" />
    <testcase name="Equals (107)" classname="spec_perl_TestExprBytesCmp_t" time="0.000171899795532227" />
    <testcase name="Equals (108)" classname="spec_perl_TestExprBytesCmp_t" time="0.000149011611938477" />
    <testcase name="Equals (109)" classname="spec_perl_TestExprBytesCmp_t" time="0.000190973281860352" />
    <testcase name="Equals (110)" classname="spec_perl_TestExprBytesCmp_t" time="0.000135183334350586" />
    <testcase name="Equals (111)" classname="spec_perl_TestExprBytesCmp_t" time="0.000182867050170898" />
    <testcase name="Equals (112)" classname="spec_perl_TestExprBytesCmp_t" time="0.000133037567138672" />
  </testsuite>
  <testsuite name="spec_perl_TestDocstringsDocref_t" errors="0" failures="0" skipped="1" tests="1" time="0.0495090484619141">
    <system-out>1..1
ok 1 # skip DocstringsDocref=HASH(0x55cc9eb50378)
</system-out>
    <testcase name="Unnamed test case 112" classname="spec_perl_TestDocstringsDocref_t" time="0.00101304054260254">
      <skipped message="ok 1 # skip DocstringsDocref=HASH(0x55cc9eb50378)" />
    </testcase>
  </testsuite>
  <testsuite name="spec_perl_TestBitsSignedResB32Le_t" errors="0" failures="0" skipped="0" tests="1" time="0.0515110492706299">
    <system-out>1..1
ok 1 - Equals
</system-out>
    <testcase name="Equals (113)" classname="spec_perl_TestBitsSignedResB32Le_t" time="0.000276088714599609" />
  </testsuite>
  <testsuite name="spec_perl_TestNavParentSwitch_t" errors="0" failures="0" skipped="0" tests="3" time="0.0505578517913818">
    <system-out>1..3
ok 1 - Equals
ok 2 - Equals
ok 3 - Equals
</system-out>
    <testcase name="Equals (114)" classname="spec_perl_TestNavParentSwitch_t" time="0.000244140625" />
    <testcase name="Equals (115)" classname="spec_perl_TestNavParentSwitch_t" time="8.58306884765625e-05" />
    <testcase name="Equals (116)" classname="spec_perl_TestNavParentSwitch_t" time="0.000199079513549805" />
  </testsuite>
  <testsuite name="spec_perl_TestBitsSimple_t" errors="0" failures="0" skipped="0" tests="14" time="0.0543441772460938">
    <system-out>1..14
ok 1 - Equals
ok 2 - Equals
ok 3 - Equals
ok 4 - Equals
ok 5 - Equals
ok 6 - Equals
ok 7 - Equals
ok 8 - Equals
ok 9 - Equals
ok 10 - Equals
ok 11 - Equals
ok 12 - Equals
ok 13 - Equals
ok 14 - Equals
</system-out>
    <testcase name="Equals (117)" classname="spec_perl_TestBitsSimple_t" time="0.000311136245727539" />
    <testcase name="Equals (118)" classname="spec_perl_TestBitsSimple_t" time="0.000120878219604492" />
    <testcase name="Equals (119)" classname="spec_perl_TestBitsSimple_t" time="0.000138998031616211" />
    <testcase name="Equals (120)" classname="spec_perl_TestBitsSimple_t" time="0.000174045562744141" />
    <testcase name="Equals (121)" classname="spec_perl_TestBitsSimple_t" time="0.000174999237060547" />
    <testcase name="Equals (122)" classname="spec_perl_TestBitsSimple_t" time="0.000191926956176758" />
    <testcase name="Equals (123)" classname="spec_perl_TestBitsSimple_t" time="0.000178098678588867" />
    <testcase name="Equals (124)" classname="spec_perl_TestBitsSimple_t" time="0.000171899795532227" />
    <testcase name="Equals (125)" classname="spec_perl_TestBitsSimple_t" time="0.000174045562744141" />
    <testcase name="Equals (126)" classname="spec_perl_TestBitsSimple_t" time="0.000190019607543945" />
    <testcase name="Equals (127)" classname="spec_perl_TestBitsSimple_t" time="0.000200986862182617" />
    <testcase name="Equals (128)" classname="spec_perl_TestBitsSimple_t" time="0.000169038772583008" />
    <testcase name="Equals (129)" classname="spec_perl_TestBitsSimple_t" time="0.000180959701538086" />
    <testcase name="Equals (130)" classname="spec_perl_TestBitsSimple_t" time="0.000185012817382812" />
  </testsuite>
  <testsuite name="spec_perl_TestProcessRepeatUsertype_t" errors="0" failures="0" skipped="0" tests="4" time="0.0502138137817383">
    <system-out>1..4
ok 1 - Equals
ok 2 - Equals
ok 3 - Equals
ok 4 - Equals
</system-out>
    <testcase name="Equals (131)" classname="spec_perl_TestProcessRepeatUsertype_t" time="0.000509023666381836" />
    <testcase name="Equals (132)" classname="spec_perl_TestProcessRepeatUsertype_t" time="8.79764556884766e-05" />
    <testcase name="Equals (133)" classname="spec_perl_TestProcessRepeatUsertype_t" time="0.000195026397705078" />
    <testcase name="Equals (134)" classname="spec_perl_TestProcessRepeatUsertype_t" time="0.000113010406494141" />
  </testsuite>
  <testsuite name="spec_perl_TestStrLiterals2_t" errors="0" failures="0" skipped="0" tests="4" time="0.050307035446167">
    <system-out>1..4
ok 1 - Equals
ok 2 - Equals
ok 3 - Equals
ok 4 - Equals
</system-out>
    <testcase name="Equals (135)" classname="spec_perl_TestStrLiterals2_t" time="0.000151872634887695" />
    <testcase name="Equals (136)" classname="spec_perl_TestStrLiterals2_t" time="0.000189065933227539" />
    <testcase name="Equals (137)" classname="spec_perl_TestStrLiterals2_t" time="0.000190019607543945" />
    <testcase name="Equals (138)" classname="spec_perl_TestStrLiterals2_t" time="0.00018310546875" />
  </testsuite>
  <testsuite name="spec_perl_TestSwitchManualIntSizeElse_t" errors="0" failures="0" skipped="0" tests="10" time="0.0547728538513184">
    <system-out>1..10
ok 1 - Equals
ok 2 - Equals
ok 3 - Equals
ok 4 - Equals
ok 5 - Equals
ok 6 - Equals
ok 7 - Equals
ok 8 - Equals
ok 9 - Equals
ok 10 - Equals
</system-out>
    <testcase name="Equals (139)" classname="spec_perl_TestSwitchManualIntSizeElse_t" time="0.000650882720947266" />
    <testcase name="Equals (140)" classname="spec_perl_TestSwitchManualIntSizeElse_t" time="9.39369201660156e-05" />
    <testcase name="Equals (141)" classname="spec_perl_TestSwitchManualIntSizeElse_t" time="0.000194072723388672" />
    <testcase name="Equals (142)" classname="spec_perl_TestSwitchManualIntSizeElse_t" time="0.000159025192260742" />
    <testcase name="Equals (143)" classname="spec_perl_TestSwitchManualIntSizeElse_t" time="0.000171899795532227" />
    <testcase name="Equals (144)" classname="spec_perl_TestSwitchManualIntSizeElse_t" time="0.000164985656738281" />
    <testcase name="Equals (145)" classname="spec_perl_TestSwitchManualIntSizeElse_t" time="0.00018310546875" />
    <testcase name="Equals (146)" classname="spec_perl_TestSwitchManualIntSizeElse_t" time="0.00018000602722168" />
    <testcase name="Equals (147)" classname="spec_perl_TestSwitchManualIntSizeElse_t" time="0.00017094612121582" />
    <testcase name="Equals (148)" classname="spec_perl_TestSwitchManualIntSizeElse_t" time="0.000185012817382812" />
  </testsuite>
  <testsuite name="spec_perl_TestIfInstances_t" errors="0" failures="0" skipped="0" tests="1" time="0.049213171005249">
    <system-out>1..1
ok 1 - nil
</system-out>
    <testcase name="nil (148)" classname="spec_perl_TestIfInstances_t" time="0.000146150588989258" />
  </testsuite>
  <testsuite name="spec_perl_TestExprIoPos_t" errors="0" failures="0" skipped="0" tests="6" time="0.0537919998168945">
    <system-out>1..6
ok 1 - Equals
ok 2 - Equals
ok 3 - Equals
ok 4 - Equals
ok 5 - Equals
ok 6 - Equals
</system-out>
    <testcase name="Equals (149)" classname="spec_perl_TestExprIoPos_t" time="0.000545978546142578" />
    <testcase name="Equals (150)" classname="spec_perl_TestExprIoPos_t" time="8.20159912109375e-05" />
    <testcase name="Equals (151)" classname="spec_perl_TestExprIoPos_t" time="0.000186920166015625" />
    <testcase name="Equals (152)" classname="spec_perl_TestExprIoPos_t" time="0.000159025192260742" />
    <testcase name="Equals (153)" classname="spec_perl_TestExprIoPos_t" time="0.00017094612121582" />
    <testcase name="Equals (154)" classname="spec_perl_TestExprIoPos_t" time="0.000171899795532227" />
  </testsuite>
  <testsuite name="spec_perl_TestDefaultEndianExprException_t" errors="0" failures="0" skipped="0" tests="1" time="0.05861496925354">
    <system-out>1..1
ok 1 - threw /^Unable to decide on endianness/
</system-out>
    <testcase name="threw /^Unable to decide on endianness/ (154)" classname="spec_perl_TestDefaultEndianExprException_t" time="0.000132083892822266" />
  </testsuite>
  <testsuite name="spec_perl_TestImportsAbsRel_t" errors="0" failures="0" skipped="0" tests="3" time="0.0495650768280029">
    <system-out>1..3
ok 1 - Equals
ok 2 - Equals
ok 3 - Equals
</system-out>
    <testcase name="Equals (155)" classname="spec_perl_TestImportsAbsRel_t" time="0.000272035598754883" />
    <testcase name="Equals (156)" classname="spec_perl_TestImportsAbsRel_t" time="0.000139951705932617" />
    <testcase name="Equals (157)" classname="spec_perl_TestImportsAbsRel_t" time="0.000172138214111328" />
  </testsuite>
  <testsuite name="spec_perl_TestCombineBool_t" errors="0" failures="0" skipped="0" tests="2" time="0.0513370037078857">
    <system-out>1..2
ok 1 - Equals
ok 2 - Equals
</system-out>
    <testcase name="Equals (158)" classname="spec_perl_TestCombineBool_t" time="0.000255107879638672" />
    <testcase name="Equals (159)" classname="spec_perl_TestCombineBool_t" time="9.39369201660156e-05" />
  </testsuite>
  <testsuite name="spec_perl_TestDocstringsDocrefMulti_t" errors="0" failures="0" skipped="1" tests="1" time="0.049206018447876">
    <system-out>1..1
ok 1 # skip DocstringsDocrefMulti=HASH(0x55f8aaebc308)
</system-out>
    <testcase name="Unnamed test case 159" classname="spec_perl_TestDocstringsDocrefMulti_t" time="0.00100898742675781">
      <skipped message="ok 1 # skip DocstringsDocrefMulti=HASH(0x55f8aaebc308)" />
    </testcase>
  </testsuite>
  <testsuite name="spec_perl_TestSwitchMultiBoolOps_t" errors="0" failures="0" skipped="0" tests="9" time="0.0514090061187744">
    <system-out>1..9
ok 1 - Equals
ok 2 - Equals
ok 3 - Equals
ok 4 - Equals
ok 5 - Equals
ok 6 - Equals
ok 7 - Equals
ok 8 - Equals
ok 9 - Equals
</system-out>
    <testcase name="Equals (160)" classname="spec_perl_TestSwitchMultiBoolOps_t" time="0.000308036804199219" />
    <testcase name="Equals (161)" classname="spec_perl_TestSwitchMultiBoolOps_t" time="0.000136852264404297" />
    <testcase name="Equals (162)" classname="spec_perl_TestSwitchMultiBoolOps_t" time="0.000167131423950195" />
    <testcase name="Equals (163)" classname="spec_perl_TestSwitchMultiBoolOps_t" time="0.000174045562744141" />
    <testcase name="Equals (164)" classname="spec_perl_TestSwitchMultiBoolOps_t" time="0.000162839889526367" />
    <testcase name="Equals (165)" classname="spec_perl_TestSwitchMultiBoolOps_t" time="0.000175952911376953" />
    <testcase name="Equals (166)" classname="spec_perl_TestSwitchMultiBoolOps_t" time="0.000168085098266602" />
    <testcase name="Equals (167)" classname="spec_perl_TestSwitchMultiBoolOps_t" time="0.000168085098266602" />
    <testcase name="Equals (168)" classname="spec_perl_TestSwitchMultiBoolOps_t" time="0.000181913375854492" />
  </testsuite>
  <testsuite name="spec_perl_TestSwitchIntegers2_t" errors="0" failures="0" skipped="0" tests="5" time="0.0496668815612793">
    <system-out>1..5
ok 1 - Equals
ok 2 - Equals
ok 3 - Equals
ok 4 - Equals
ok 5 - Equals
</system-out>
    <testcase name="Equals (169)" classname="spec_perl_TestSwitchIntegers2_t" time="0.00027012825012207" />
    <testcase name="Equals (170)" classname="spec_perl_TestSwitchIntegers2_t" time="0.000138998031616211" />
    <testcase name="Equals (171)" classname="spec_perl_TestSwitchIntegers2_t" time="0.000178813934326172" />
    <testcase name="Equals (172)" classname="spec_perl_TestSwitchIntegers2_t" time="0.000164031982421875" />
    <testcase name="Equals (173)" classname="spec_perl_TestSwitchIntegers2_t" time="0.000184059143066406" />
  </testsuite>
  <testsuite name="spec_perl_TestBitsSignedResB32Be_t" errors="0" failures="0" skipped="0" tests="1" time="0.0519418716430664">
    <system-out>1..1
ok 1 - Equals
</system-out>
    <testcase name="Equals (174)" classname="spec_perl_TestBitsSignedResB32Be_t" time="0.000259160995483398" />
  </testsuite>
  <testsuite name="spec_perl_TestTypeIntUnaryOp_t" errors="0" failures="0" skipped="0" tests="4" time="0.0487768650054932">
    <system-out>1..4
ok 1 - Equals
ok 2 - Equals
ok 3 - Equals
ok 4 - Equals
</system-out>
    <testcase name="Equals (175)" classname="spec_perl_TestTypeIntUnaryOp_t" time="0.000238180160522461" />
    <testcase name="Equals (176)" classname="spec_perl_TestTypeIntUnaryOp_t" time="0.000146865844726562" />
    <testcase name="Equals (177)" classname="spec_perl_TestTypeIntUnaryOp_t" time="0.000172138214111328" />
    <testcase name="Equals (178)" classname="spec_perl_TestTypeIntUnaryOp_t" time="0.000172853469848633" />
  </testsuite>
  <testsuite name="spec_perl_TestDefaultEndianExprIsBe_t" errors="0" failures="0" skipped="0" tests="18" time="0.062298059463501">
    <system-out>1..18
ok 1 - Equals
ok 2 - Equals
ok 3 - Equals
ok 4 - Equals
ok 5 - Equals
ok 6 - Equals
ok 7 - Equals
ok 8 - Equals
ok 9 - Equals
ok 10 - Equals
ok 11 - Equals
ok 12 - Equals
ok 13 - Equals
ok 14 - Equals
ok 15 - Equals
ok 16 - Equals
ok 17 - Equals
ok 18 - Equals
</system-out>
    <testcase name="Equals (179)" classname="spec_perl_TestDefaultEndianExprIsBe_t" time="0.000416040420532227" />
    <testcase name="Equals (180)" classname="spec_perl_TestDefaultEndianExprIsBe_t" time="9.79900360107422e-05" />
    <testcase name="Equals (181)" classname="spec_perl_TestDefaultEndianExprIsBe_t" time="5.88893890380859e-05" />
    <testcase name="Equals (182)" classname="spec_perl_TestDefaultEndianExprIsBe_t" time="0.000194072723388672" />
    <testcase name="Equals (183)" classname="spec_perl_TestDefaultEndianExprIsBe_t" time="0.00018310546875" />
    <testcase name="Equals (184)" classname="spec_perl_TestDefaultEndianExprIsBe_t" time="0.00019383430480957" />
    <testcase name="Equals (185)" classname="spec_perl_TestDefaultEndianExprIsBe_t" time="0.000262975692749023" />
    <testcase name="Equals (186)" classname="spec_perl_TestDefaultEndianExprIsBe_t" time="7.10487365722656e-05" />
    <testcase name="Equals (187)" classname="spec_perl_TestDefaultEndianExprIsBe_t" time="0.000174045562744141" />
    <testcase name="Equals (188)" classname="spec_perl_TestDefaultEndianExprIsBe_t" time="0.00020599365234375" />
    <testcase name="Equals (189)" classname="spec_perl_TestDefaultEndianExprIsBe_t" time="0.000154018402099609" />
    <testcase name="Equals (190)" classname="spec_perl_TestDefaultEndianExprIsBe_t" time="0.000205039978027344" />
    <testcase name="Equals (191)" classname="spec_perl_TestDefaultEndianExprIsBe_t" time="0.000175952911376953" />
    <testcase name="Equals (192)" classname="spec_perl_TestDefaultEndianExprIsBe_t" time="0.000180959701538086" />
    <testcase name="Equals (193)" classname="spec_perl_TestDefaultEndianExprIsBe_t" time="0.00015711784362793" />
    <testcase name="Equals (194)" classname="spec_perl_TestDefaultEndianExprIsBe_t" time="0.000182867050170898" />
    <testcase name="Equals (195)" classname="spec_perl_TestDefaultEndianExprIsBe_t" time="0.000188112258911133" />
    <testcase name="Equals (196)" classname="spec_perl_TestDefaultEndianExprIsBe_t" time="0.000213861465454102" />
  </testsuite>
  <testsuite name="spec_perl_TestMultipleUse_t" errors="0" failures="0" skipped="0" tests="2" time="0.051037073135376">
    <system-out>1..2
ok 1 - Equals
ok 2 - Equals
</system-out>
    <testcase name="Equals (197)" classname="spec_perl_TestMultipleUse_t" time="0.000268936157226562" />
    <testcase name="Equals (198)" classname="spec_perl_TestMultipleUse_t" time="0.000159978866577148" />
  </testsuite>
  <testsuite name="spec_perl_TestRepeatNStrz_t" errors="0" failures="0" skipped="0" tests="2" time="0.0525219440460205">
    <system-out>1..2
ok 1 - Equals
ok 2 - Equals
</system-out>
    <testcase name="Equals (199)" classname="spec_perl_TestRepeatNStrz_t" time="0.00032806396484375" />
    <testcase name="Equals (200)" classname="spec_perl_TestRepeatNStrz_t" time="8.10623168945312e-05" />
  </testsuite>
  <testsuite name="spec_perl_TestMetaXref_t" errors="0" failures="0" skipped="1" tests="1" time="0.0506069660186768">
    <system-out>1..1
ok 1 # skip MetaXref=HASH(0x56174581e540)
</system-out>
    <testcase name="Unnamed test case 200" classname="spec_perl_TestMetaXref_t" time="0.0011138916015625">
      <skipped message="ok 1 # skip MetaXref=HASH(0x56174581e540)" />
    </testcase>
  </testsuite>
  <testsuite name="spec_perl_TestEosExceptionBytes_t" errors="0" failures="0" skipped="0" tests="1" time="0.0529310703277588">
    <system-out>1..1
ok 1 - threw /^Requested \d+ bytes, but only \d+ bytes available/
</system-out>
    <testcase name="threw /^Requested \d+ bytes, but only \d+ bytes available/ (200)" classname="spec_perl_TestEosExceptionBytes_t" time="0.0004730224609375" />
  </testsuite>
  <testsuite name="spec_perl_TestNavParent_t" errors="0" failures="0" skipped="0" tests="5" time="0.0551068782806396">
    <system-out>1..5
ok 1 - Equals
ok 2 - Equals
ok 3 - Equals
ok 4 - Equals
ok 5 - Equals
</system-out>
    <testcase name="Equals (201)" classname="spec_perl_TestNavParent_t" time="0.000411033630371094" />
    <testcase name="Equals (202)" classname="spec_perl_TestNavParent_t" time="9.89437103271484e-05" />
    <testcase name="Equals (203)" classname="spec_perl_TestNavParent_t" time="0.000201940536499023" />
    <testcase name="Equals (204)" classname="spec_perl_TestNavParent_t" time="0.000154972076416016" />
    <testcase name="Equals (205)" classname="spec_perl_TestNavParent_t" time="0.000332117080688477" />
  </testsuite>
  <testsuite name="spec_perl_TestEofExceptionBytes_t" errors="0" failures="0" skipped="0" tests="1" time="0.055757999420166">
    <system-out>1..1
ok 1 - threw /^Requested \d+ bytes, but only \d+ bytes available/
</system-out>
    <testcase name="threw /^Requested \d+ bytes, but only \d+ bytes available/ (205)" classname="spec_perl_TestEofExceptionBytes_t" time="0.000162124633789062" />
  </testsuite>
  <testsuite name="spec_perl_TestEnumLongRangeS_t" errors="0" failures="0" skipped="0" tests="7" time="0.0504570007324219">
    <system-out>1..7
ok 1 - Equals
ok 2 - Equals
ok 3 - Equals
ok 4 - Equals
ok 5 - Equals
ok 6 - Equals
ok 7 - Equals
</system-out>
    <testcase name="Equals (206)" classname="spec_perl_TestEnumLongRangeS_t" time="0.000283956527709961" />
    <testcase name="Equals (207)" classname="spec_perl_TestEnumLongRangeS_t" time="0.00010991096496582" />
    <testcase name="Equals (208)" classname="spec_perl_TestEnumLongRangeS_t" time="0.000180959701538086" />
    <testcase name="Equals (209)" classname="spec_perl_TestEnumLongRangeS_t" time="0.000158071517944336" />
    <testcase name="Equals (210)" classname="spec_perl_TestEnumLongRangeS_t" time="0.000174999237060547" />
    <testcase name="Equals (211)" classname="spec_perl_TestEnumLongRangeS_t" time="0.000185012817382812" />
    <testcase name="Equals (212)" classname="spec_perl_TestEnumLongRangeS_t" time="0.000204086303710938" />
  </testsuite>
  <testsuite name="spec_perl_TestStrPadTermEmpty_t" errors="0" failures="0" skipped="0" tests="4" time="0.0531439781188965">
    <system-out>1..4
ok 1 - Equals
ok 2 - Equals
ok 3 - Equals
ok 4 - Equals
</system-out>
    <testcase name="Equals (213)" classname="spec_perl_TestStrPadTermEmpty_t" time="0.000365018844604492" />
    <testcase name="Equals (214)" classname="spec_perl_TestStrPadTermEmpty_t" time="8.29696655273438e-05" />
    <testcase name="Equals (215)" classname="spec_perl_TestStrPadTermEmpty_t" time="0.000184059143066406" />
    <testcase name="Equals (216)" classname="spec_perl_TestStrPadTermEmpty_t" time="0.000159978866577148" />
  </testsuite>
  <testsuite name="spec_perl_TestCombineBytes_t" errors="0" failures="0" skipped="0" tests="10" time="0.0524640083312988">
    <system-out>1..10
ok 1 - Equals
ok 2 - Equals
ok 3 - Equals
ok 4 - Equals
ok 5 - Equals
ok 6 - Equals
ok 7 - Equals
ok 8 - Equals
ok 9 - Equals
ok 10 - Equals
</system-out>
    <testcase name="Equals (217)" classname="spec_perl_TestCombineBytes_t" time="0.000322818756103516" />
    <testcase name="Equals (218)" classname="spec_perl_TestCombineBytes_t" time="8.60691070556641e-05" />
    <testcase name="Equals (219)" classname="spec_perl_TestCombineBytes_t" time="0.000211000442504883" />
    <testcase name="Equals (220)" classname="spec_perl_TestCombineBytes_t" time="0.000154018402099609" />
    <testcase name="Equals (221)" classname="spec_perl_TestCombineBytes_t" time="0.000181913375854492" />
    <testcase name="Equals (222)" classname="spec_perl_TestCombineBytes_t" time="0.000188112258911133" />
    <testcase name="Equals (223)" classname="spec_perl_TestCombineBytes_t" time="0.000181913375854492" />
    <testcase name="Equals (224)" classname="spec_perl_TestCombineBytes_t" time="0.000178098678588867" />
    <testcase name="Equals (225)" classname="spec_perl_TestCombineBytes_t" time="0.000174999237060547" />
    <testcase name="Equals (226)" classname="spec_perl_TestCombineBytes_t" time="0.000181913375854492" />
  </testsuite>
  <testsuite name="spec_perl_TestSwitchManualIntElse_t" errors="0" failures="0" skipped="0" tests="9" time="0.0540142059326172">
    <system-out>1..9
ok 1 - Equals
ok 2 - Equals
ok 3 - Equals
ok 4 - Equals
ok 5 - Equals
ok 6 - Equals
ok 7 - Equals
ok 8 - Equals
ok 9 - Equals
</system-out>
    <testcase name="Equals (227)" classname="spec_perl_TestSwitchManualIntElse_t" time="0.000333070755004883" />
    <testcase name="Equals (228)" classname="spec_perl_TestSwitchManualIntElse_t" time="0.000144004821777344" />
    <testcase name="Equals (229)" classname="spec_perl_TestSwitchManualIntElse_t" time="0.000175952911376953" />
    <testcase name="Equals (230)" classname="spec_perl_TestSwitchManualIntElse_t" time="0.000168085098266602" />
    <testcase name="Equals (231)" classname="spec_perl_TestSwitchManualIntElse_t" time="0.000186920166015625" />
    <testcase name="Equals (232)" classname="spec_perl_TestSwitchManualIntElse_t" time="0.00017094612121582" />
    <testcase name="Equals (233)" classname="spec_perl_TestSwitchManualIntElse_t" time="0.000169038772583008" />
    <testcase name="Equals (234)" classname="spec_perl_TestSwitchManualIntElse_t" time="0.000186920166015625" />
    <testcase name="Equals (235)" classname="spec_perl_TestSwitchManualIntElse_t" time="0.000164031982421875" />
  </testsuite>
  <testsuite name="spec_perl_TestIndexToParamUntil_t" errors="0" failures="2" skipped="0" tests="7" time="0.0668511390686035">
    <system-out>1..7
ok 1 - Equals
ok 2 - Equals
ok 3 - Equals
ok 4 - Equals
ok 5 - Equals
not ok 6 - Equals
not ok 7 - Equals
</system-out>
    <testcase name="Equals (236)" classname="spec_perl_TestIndexToParamUntil_t" time="0.000496864318847656" />
    <testcase name="Equals (237)" classname="spec_perl_TestIndexToParamUntil_t" time="0.000483036041259766" />
    <testcase name="Equals (238)" classname="spec_perl_TestIndexToParamUntil_t" time="0.00043797492980957" />
    <testcase name="Equals (239)" classname="spec_perl_TestIndexToParamUntil_t" time="0.000414133071899414" />
    <testcase name="Equals (240)" classname="spec_perl_TestIndexToParamUntil_t" time="0.000429868698120117" />
    <testcase name="Equals (241)" classname="spec_perl_TestIndexToParamUntil_t" time="0.000482082366943359">
      <failure message="not ok 6 - Equals" type="TAP::Parser::Result::Test"></failure>
    </testcase>
    <testcase name="Equals (242)" classname="spec_perl_TestIndexToParamUntil_t" time="0.0012359619140625">
      <failure message="not ok 7 - Equals" type="TAP::Parser::Result::Test"></failure>
    </testcase>
  </testsuite>
  <testsuite name="spec_perl_TestRepeatUntilS4_t" errors="0" failures="0" skipped="0" tests="2" time="0.0527129173278809">
    <system-out>1..2
ok 1 - Equals
ok 2 - Equals
</system-out>
    <testcase name="Equals (243)" classname="spec_perl_TestRepeatUntilS4_t" time="0.00026392936706543" />
    <testcase name="Equals (244)" classname="spec_perl_TestRepeatUntilS4_t" time="0.000147104263305664" />
  </testsuite>
  <testsuite name="spec_perl_TestBitsUnalignedB64Le_t" errors="0" failures="0" skipped="0" tests="3" time="0.0516438484191895">
    <system-out>1..3
ok 1 - Equals
ok 2 - Equals
ok 3 - Equals
</system-out>
    <testcase name="Equals (245)" classname="spec_perl_TestBitsUnalignedB64Le_t" time="0.000257015228271484" />
    <testcase name="Equals (246)" classname="spec_perl_TestBitsUnalignedB64Le_t" time="0.00018000602722168" />
    <testcase name="Equals (247)" classname="spec_perl_TestBitsUnalignedB64Le_t" time="0.000205039978027344" />
  </testsuite>
  <testsuite name="spec_perl_TestSwitchManualInt_t" errors="0" failures="0" skipped="0" tests="9" time="0.0541610717773438">
    <system-out>1..9
ok 1 - Equals
ok 2 - Equals
ok 3 - Equals
ok 4 - Equals
ok 5 - Equals
ok 6 - Equals
ok 7 - Equals
ok 8 - Equals
ok 9 - Equals
</system-out>
    <testcase name="Equals (248)" classname="spec_perl_TestSwitchManualInt_t" time="0.000322103500366211" />
    <testcase name="Equals (249)" classname="spec_perl_TestSwitchManualInt_t" time="0.000131845474243164" />
    <testcase name="Equals (250)" classname="spec_perl_TestSwitchManualInt_t" time="0.000169038772583008" />
    <testcase name="Equals (251)" classname="spec_perl_TestSwitchManualInt_t" time="0.000169038772583008" />
    <testcase name="Equals (252)" classname="spec_perl_TestSwitchManualInt_t" time="0.000169992446899414" />
    <testcase name="Equals (253)" classname="spec_perl_TestSwitchManualInt_t" time="0.000184059143066406" />
    <testcase name="Equals (254)" classname="spec_perl_TestSwitchManualInt_t" time="0.000169038772583008" />
    <testcase name="Equals (255)" classname="spec_perl_TestSwitchManualInt_t" time="0.000175952911376953" />
    <testcase name="Equals (256)" classname="spec_perl_TestSwitchManualInt_t" time="0.000174999237060547" />
  </testsuite>
  <testsuite name="spec_perl_TestStrLiterals_t" errors="0" failures="0" skipped="0" tests="5" time="0.0500390529632568">
    <system-out>1..5
ok 1 - Equals
ok 2 - Equals
ok 3 - Equals
ok 4 - Equals
ok 5 - Equals
</system-out>
    <testcase name="Equals (257)" classname="spec_perl_TestStrLiterals_t" time="0.000262022018432617" />
    <testcase name="Equals (258)" classname="spec_perl_TestStrLiterals_t" time="0.000169992446899414" />
    <testcase name="Equals (259)" classname="spec_perl_TestStrLiterals_t" time="0.000195026397705078" />
    <testcase name="Equals (260)" classname="spec_perl_TestStrLiterals_t" time="0.000182867050170898" />
    <testcase name="Equals (261)" classname="spec_perl_TestStrLiterals_t" time="0.000189065933227539" />
  </testsuite>
  <testsuite name="spec_perl_TestBitsUnalignedB32Be_t" errors="0" failures="0" skipped="0" tests="3" time="0.0517430305480957">
    <system-out>1..3
ok 1 - Equals
ok 2 - Equals
ok 3 - Equals
</system-out>
    <testcase name="Equals (262)" classname="spec_perl_TestBitsUnalignedB32Be_t" time="0.000272035598754883" />
    <testcase name="Equals (263)" classname="spec_perl_TestBitsUnalignedB32Be_t" time="0.000140905380249023" />
    <testcase name="Equals (264)" classname="spec_perl_TestBitsUnalignedB32Be_t" time="0.000174045562744141" />
  </testsuite>
  <testsuite name="spec_perl_TestParamsPassArrayStr_t" errors="0" failures="1" skipped="6" tests="7" time="0.0598559379577637">
    <system-out>1..7
not ok 1 - test_params_pass_array_str died (Can't use an undefined value as an ARRAY reference at spec/perl/TestParamsPassArrayStr.t line 14.)
ok 2 # skip test_params_pass_array_str died
ok 3 # skip test_params_pass_array_str died
ok 4 # skip test_params_pass_array_str died
ok 5 # skip test_params_pass_array_str died
ok 6 # skip test_params_pass_array_str died
ok 7 # skip test_params_pass_array_str died
</system-out>
    <testcase name="test_params_pass_array_str died (Can't use an undefined value as an ARRAY reference at spec/perl/TestParamsPassArrayStr.t line 14.) (264)" classname="spec_perl_TestParamsPassArrayStr_t" time="0.000310182571411133">
      <failure message="not ok 1 - test_params_pass_array_str died (Can't use an undefined value as an ARRAY reference at spec/perl/TestParamsPassArrayStr.t line 14.)" type="TAP::Parser::Result::Test"></failure>
    </testcase>
    <testcase name="Unnamed test case 264" classname="spec_perl_TestParamsPassArrayStr_t" time="0.000425815582275391">
      <skipped message="ok 2 # skip test_params_pass_array_str died" />
    </testcase>
    <testcase name="Unnamed test case 265" classname="spec_perl_TestParamsPassArrayStr_t" time="0.000336170196533203">
      <skipped message="ok 3 # skip test_params_pass_array_str died" />
    </testcase>
    <testcase name="Unnamed test case 266" classname="spec_perl_TestParamsPassArrayStr_t" time="0.000309944152832031">
      <skipped message="ok 4 # skip test_params_pass_array_str died" />
    </testcase>
    <testcase name="Unnamed test case 267" classname="spec_perl_TestParamsPassArrayStr_t" time="0.00029301643371582">
      <skipped message="ok 5 # skip test_params_pass_array_str died" />
    </testcase>
    <testcase name="Unnamed test case 268" classname="spec_perl_TestParamsPassArrayStr_t" time="0.000294923782348633">
      <skipped message="ok 6 # skip test_params_pass_array_str died" />
    </testcase>
    <testcase name="Unnamed test case 269" classname="spec_perl_TestParamsPassArrayStr_t" time="0.000303983688354492">
      <skipped message="ok 7 # skip test_params_pass_array_str died" />
    </testcase>
  </testsuite>
  <testsuite name="spec_perl_TestRepeatUntilSized_t" errors="0" failures="0" skipped="0" tests="7" time="0.0503058433532715">
    <system-out>1..7
ok 1 - Equals
ok 2 - Equals
ok 3 - Equals
ok 4 - Equals
ok 5 - Equals
ok 6 - Equals
ok 7 - Equals
</system-out>
    <testcase name="Equals (269)" classname="spec_perl_TestRepeatUntilSized_t" time="0.000516176223754883" />
    <testcase name="Equals (270)" classname="spec_perl_TestRepeatUntilSized_t" time="8.29696655273438e-05" />
    <testcase name="Equals (271)" classname="spec_perl_TestRepeatUntilSized_t" time="0.000207901000976562" />
    <testcase name="Equals (272)" classname="spec_perl_TestRepeatUntilSized_t" time="0.00015711784362793" />
    <testcase name="Equals (273)" classname="spec_perl_TestRepeatUntilSized_t" time="0.0001678466796875" />
    <testcase name="Equals (274)" classname="spec_perl_TestRepeatUntilSized_t" time="0.000172138214111328" />
    <testcase name="Equals (275)" classname="spec_perl_TestRepeatUntilSized_t" time="0.000181913375854492" />
  </testsuite>
  <testsuite name="spec_perl_TestDebug0_t" errors="0" failures="0" skipped="1" tests="1" time="0.0557570457458496">
    <system-out>1..1
ok 1 # skip test_debug_0
</system-out>
    <testcase name="Unnamed test case 275" classname="spec_perl_TestDebug0_t" time="0.000301122665405273">
      <skipped message="ok 1 # skip test_debug_0" />
    </testcase>
  </testsuite>
  <testsuite name="spec_perl_TestParamsPassArrayUsertype_t" errors="0" failures="1" skipped="4" tests="5" time="0.0581638813018799">
    <system-out>1..5
not ok 1 - test_params_pass_array_usertype died (Can't use an undefined value as an ARRAY reference at compiled/perl/ParamsPassArrayUsertype.pm line 123.)
ok 2 # skip test_params_pass_array_usertype died
ok 3 # skip test_params_pass_array_usertype died
ok 4 # skip test_params_pass_array_usertype died
ok 5 # skip test_params_pass_array_usertype died
</system-out>
    <testcase name="test_params_pass_array_usertype died (Can't use an undefined value as an ARRAY reference at compiled/perl/ParamsPassArrayUsertype.pm line 123.) (275)" classname="spec_perl_TestParamsPassArrayUsertype_t" time="0.000337839126586914">
      <failure message="not ok 1 - test_params_pass_array_usertype died (Can't use an undefined value as an ARRAY reference at compiled/perl/ParamsPassArrayUsertype.pm line 123.)" type="TAP::Parser::Result::Test"></failure>
    </testcase>
    <testcase name="Unnamed test case 276" classname="spec_perl_TestParamsPassArrayUsertype_t" time="0.000466108322143555">
      <skipped message="ok 2 # skip test_params_pass_array_usertype died" />
    </testcase>
    <testcase name="Unnamed test case 277" classname="spec_perl_TestParamsPassArrayUsertype_t" time="0.000356912612915039">
      <skipped message="ok 3 # skip test_params_pass_array_usertype died" />
    </testcase>
    <testcase name="Unnamed test case 278" classname="spec_perl_TestParamsPassArrayUsertype_t" time="0.000319957733154297">
      <skipped message="ok 4 # skip test_params_pass_array_usertype died" />
    </testcase>
    <testcase name="Unnamed test case 279" classname="spec_perl_TestParamsPassArrayUsertype_t" time="0.000308036804199219">
      <skipped message="ok 5 # skip test_params_pass_array_usertype died" />
    </testcase>
  </testsuite>
  <testsuite name="spec_perl_TestProcessCoerceUsertype1_t" errors="0" failures="0" skipped="0" tests="4" time="0.0501270294189453">
    <system-out>1..4
ok 1 - Equals
ok 2 - Equals
ok 3 - Equals
ok 4 - Equals
</system-out>
    <testcase name="Equals (279)" classname="spec_perl_TestProcessCoerceUsertype1_t" time="0.000462055206298828" />
    <testcase name="Equals (280)" classname="spec_perl_TestProcessCoerceUsertype1_t" time="8.70227813720703e-05" />
    <testcase name="Equals (281)" classname="spec_perl_TestProcessCoerceUsertype1_t" time="0.000196933746337891" />
    <testcase name="Equals (282)" classname="spec_perl_TestProcessCoerceUsertype1_t" time="0.000145912170410156" />
  </testsuite>
  <testsuite name="spec_perl_TestEnumToI_t" errors="0" failures="0" skipped="0" tests="7" time="0.052717924118042">
    <system-out>1..7
ok 1 - Equals
ok 2 - Equals
ok 3 - Equals
ok 4 - Equals
ok 5 - Equals
ok 6 - Equals
ok 7 - Equals
</system-out>
    <testcase name="Equals (283)" classname="spec_perl_TestEnumToI_t" time="0.000265121459960938" />
    <testcase name="Equals (284)" classname="spec_perl_TestEnumToI_t" time="0.000137805938720703" />
    <testcase name="Equals (285)" classname="spec_perl_TestEnumToI_t" time="0.000187158584594727" />
    <testcase name="Equals (286)" classname="spec_perl_TestEnumToI_t" time="0.00035405158996582" />
    <testcase name="Equals (287)" classname="spec_perl_TestEnumToI_t" time="0.000150918960571289" />
    <testcase name="Equals (288)" classname="spec_perl_TestEnumToI_t" time="0.000169038772583008" />
    <testcase name="Equals (289)" classname="spec_perl_TestEnumToI_t" time="0.000146865844726562" />
  </testsuite>
  <testsuite name="spec_perl_TestEnumForUnknownId_t" errors="0" failures="0" skipped="0" tests="1" time="0.0487010478973389">
    <system-out>1..1
ok 1 - Equals
</system-out>
    <testcase name="Equals (290)" classname="spec_perl_TestEnumForUnknownId_t" time="0.000260114669799805" />
  </testsuite>
  <testsuite name="spec_perl_TestTermU1Val_t" errors="0" failures="0" skipped="0" tests="2" time="0.0537149906158447">
    <system-out>1..2
ok 1 - Equals
ok 2 - Equals
</system-out>
    <testcase name="Equals (291)" classname="spec_perl_TestTermU1Val_t" time="0.000313043594360352" />
    <testcase name="Equals (292)" classname="spec_perl_TestTermU1Val_t" time="0.000105142593383789" />
  </testsuite>
  <testsuite name="spec_perl_TestExpr3_t" errors="0" failures="0" skipped="0" tests="12" time="0.055307149887085">
    <system-out>1..12
ok 1 - Equals
ok 2 - Equals
ok 3 - Equals
ok 4 - Equals
ok 5 - Equals
ok 6 - Equals
ok 7 - Equals
ok 8 - Equals
ok 9 - Equals
ok 10 - Equals
ok 11 - Equals
ok 12 - Equals
</system-out>
    <testcase name="Equals (293)" classname="spec_perl_TestExpr3_t" time="0.000267982482910156" />
    <testcase name="Equals (294)" classname="spec_perl_TestExpr3_t" time="0.00010991096496582" />
    <testcase name="Equals (295)" classname="spec_perl_TestExpr3_t" time="0.000204086303710938" />
    <testcase name="Equals (296)" classname="spec_perl_TestExpr3_t" time="0.000158071517944336" />
    <testcase name="Equals (297)" classname="spec_perl_TestExpr3_t" time="0.000178813934326172" />
    <testcase name="Equals (298)" classname="spec_perl_TestExpr3_t" time="0.000130176544189453" />
    <testcase name="Equals (299)" classname="spec_perl_TestExpr3_t" time="0.000168800354003906" />
    <testcase name="Equals (300)" classname="spec_perl_TestExpr3_t" time="0.000138044357299805" />
    <testcase name="Equals (301)" classname="spec_perl_TestExpr3_t" time="0.000176191329956055" />
    <testcase name="Equals (302)" classname="spec_perl_TestExpr3_t" time="0.000136852264404297" />
    <testcase name="Equals (303)" classname="spec_perl_TestExpr3_t" time="0.000181913375854492" />
    <testcase name="Equals (304)" classname="spec_perl_TestExpr3_t" time="0.000165224075317383" />
  </testsuite>
  <testsuite name="spec_perl_TestExprSizeofType1_t" errors="0" failures="0" skipped="0" tests="2" time="0.0491228103637695">
    <system-out>1..2
ok 1 - Equals
ok 2 - Equals
</system-out>
    <testcase name="Equals (305)" classname="spec_perl_TestExprSizeofType1_t" time="0.000297069549560547" />
    <testcase name="Equals (306)" classname="spec_perl_TestExprSizeofType1_t" time="0.000154972076416016" />
  </testsuite>
  <testsuite name="spec_perl_TestEnumInvalid_t" errors="0" failures="0" skipped="0" tests="2" time="0.0497050285339355">
    <system-out>1..2
ok 1 - Equals
ok 2 - Equals
</system-out>
    <testcase name="Equals (307)" classname="spec_perl_TestEnumInvalid_t" time="0.000223875045776367" />
    <testcase name="Equals (308)" classname="spec_perl_TestEnumInvalid_t" time="0.000156164169311523" />
  </testsuite>
  <testsuite name="spec_perl_TestExpr1_t" errors="0" failures="0" skipped="0" tests="4" time="0.05535888671875">
    <system-out>1..4
ok 1 - Equals
ok 2 - Equals
ok 3 - Equals
ok 4 - Equals
</system-out>
    <testcase name="Equals (309)" classname="spec_perl_TestExpr1_t" time="0.000300884246826172" />
    <testcase name="Equals (310)" classname="spec_perl_TestExpr1_t" time="0.000141143798828125" />
    <testcase name="Equals (311)" classname="spec_perl_TestExpr1_t" time="0.000191926956176758" />
    <testcase name="Equals (312)" classname="spec_perl_TestExpr1_t" time="0.000181913375854492" />
  </testsuite>
  <testsuite name="spec_perl_TestParamsPassUsertype_t" errors="0" failures="1" skipped="1" tests="2" time="0.0560860633850098">
    <system-out>1..2
not ok 1 - test_params_pass_usertype died (Can't call method &quot;foo&quot; on an undefined value at compiled/perl/ParamsPassUsertype.pm line 119.)
ok 2 # skip test_params_pass_usertype died
</system-out>
    <testcase name="test_params_pass_usertype died (Can't call method &quot;foo&quot; on an undefined value at compiled/perl/ParamsPassUsertype.pm line 119.) (312)" classname="spec_perl_TestParamsPassUsertype_t" time="0.000316143035888672">
      <failure message="not ok 1 - test_params_pass_usertype died (Can't call method &quot;foo&quot; on an undefined value at compiled/perl/ParamsPassUsertype.pm line 119.)" type="TAP::Parser::Result::Test"></failure>
    </testcase>
    <testcase name="Unnamed test case 312" classname="spec_perl_TestParamsPassUsertype_t" time="0.000435829162597656">
      <skipped message="ok 2 # skip test_params_pass_usertype died" />
    </testcase>
  </testsuite>
  <testsuite name="spec_perl_TestDefaultEndianExprInherited_t" errors="0" failures="0" skipped="0" tests="15" time="0.0622429847717285">
    <system-out>1..15
ok 1 - Equals
ok 2 - Equals
ok 3 - Equals
ok 4 - Equals
ok 5 - Equals
ok 6 - Equals
ok 7 - Equals
ok 8 - Equals
ok 9 - Equals
ok 10 - Equals
ok 11 - Equals
ok 12 - Equals
ok 13 - Equals
ok 14 - Equals
ok 15 - Equals
</system-out>
    <testcase name="Equals (313)" classname="spec_perl_TestDefaultEndianExprInherited_t" time="0.000699043273925781" />
    <testcase name="Equals (314)" classname="spec_perl_TestDefaultEndianExprInherited_t" time="0.000359058380126953" />
    <testcase name="Equals (315)" classname="spec_perl_TestDefaultEndianExprInherited_t" time="0.000330924987792969" />
    <testcase name="Equals (316)" classname="spec_perl_TestDefaultEndianExprInherited_t" time="0.000304937362670898" />
    <testcase name="Equals (317)" classname="spec_perl_TestDefaultEndianExprInherited_t" time="0.000312089920043945" />
    <testcase name="Equals (318)" classname="spec_perl_TestDefaultEndianExprInherited_t" time="0.000299930572509766" />
    <testcase name="Equals (319)" classname="spec_perl_TestDefaultEndianExprInherited_t" time="0.000297069549560547" />
    <testcase name="Equals (320)" classname="spec_perl_TestDefaultEndianExprInherited_t" time="0.000308990478515625" />
    <testcase name="Equals (321)" classname="spec_perl_TestDefaultEndianExprInherited_t" time="0.000298023223876953" />
    <testcase name="Equals (322)" classname="spec_perl_TestDefaultEndianExprInherited_t" time="0.000319004058837891" />
    <testcase name="Equals (323)" classname="spec_perl_TestDefaultEndianExprInherited_t" time="0.0002899169921875" />
    <testcase name="Equals (324)" classname="spec_perl_TestDefaultEndianExprInherited_t" time="0.000298023223876953" />
    <testcase name="Equals (325)" classname="spec_perl_TestDefaultEndianExprInherited_t" time="0.000307083129882812" />
    <testcase name="Equals (326)" classname="spec_perl_TestDefaultEndianExprInherited_t" time="0.000294923782348633" />
    <testcase name="Equals (327)" classname="spec_perl_TestDefaultEndianExprInherited_t" time="0.000304937362670898" />
  </testsuite>
  <testsuite name="spec_perl_TestRepeatEosBit_t" errors="0" failures="0" skipped="0" tests="1" time="0.0491650104522705">
    <system-out>1..1
ok 1 - Equals
</system-out>
    <testcase name="Equals (328)" classname="spec_perl_TestRepeatEosBit_t" time="0.000290155410766602" />
  </testsuite>
  <testsuite name="spec_perl_TestIntegers_t" errors="0" failures="0" skipped="0" tests="20" time="0.0544719696044922">
    <system-out>1..20
ok 1 - Equals
ok 2 - Equals
ok 3 - Equals
ok 4 - Equals
ok 5 - Equals
ok 6 - Equals
ok 7 - Equals
ok 8 - Equals
ok 9 - Equals
ok 10 - Equals
ok 11 - Equals
ok 12 - Equals
ok 13 - Equals
ok 14 - Equals
ok 15 - Equals
ok 16 - Equals
ok 17 - Equals
ok 18 - Equals
ok 19 - Equals
ok 20 - Equals
</system-out>
    <testcase name="Equals (329)" classname="spec_perl_TestIntegers_t" time="0.000412940979003906" />
    <testcase name="Equals (330)" classname="spec_perl_TestIntegers_t" time="0.000114917755126953" />
    <testcase name="Equals (331)" classname="spec_perl_TestIntegers_t" time="0.000226974487304688" />
    <testcase name="Equals (332)" classname="spec_perl_TestIntegers_t" time="0.000121116638183594" />
    <testcase name="Equals (333)" classname="spec_perl_TestIntegers_t" time="0.000192880630493164" />
    <testcase name="Equals (334)" classname="spec_perl_TestIntegers_t" time="0.000159025192260742" />
    <testcase name="Equals (335)" classname="spec_perl_TestIntegers_t" time="0.000177145004272461" />
    <testcase name="Equals (336)" classname="spec_perl_TestIntegers_t" time="0.00014495849609375" />
    <testcase name="Equals (337)" classname="spec_perl_TestIntegers_t" time="0.000192880630493164" />
    <testcase name="Equals (338)" classname="spec_perl_TestIntegers_t" time="0.00014805793762207" />
    <testcase name="Equals (339)" classname="spec_perl_TestIntegers_t" time="0.00018000602722168" />
    <testcase name="Equals (340)" classname="spec_perl_TestIntegers_t" time="0.000166893005371094" />
    <testcase name="Equals (341)" classname="spec_perl_TestIntegers_t" time="0.000168085098266602" />
    <testcase name="Equals (342)" classname="spec_perl_TestIntegers_t" time="0.000165939331054688" />
    <testcase name="Equals (343)" classname="spec_perl_TestIntegers_t" time="0.00018310546875" />
    <testcase name="Equals (344)" classname="spec_perl_TestIntegers_t" time="0.000173091888427734" />
    <testcase name="Equals (345)" classname="spec_perl_TestIntegers_t" time="0.000182867050170898" />
    <testcase name="Equals (346)" classname="spec_perl_TestIntegers_t" time="0.000174045562744141" />
    <testcase name="Equals (347)" classname="spec_perl_TestIntegers_t" time="0.000165939331054688" />
    <testcase name="Equals (348)" classname="spec_perl_TestIntegers_t" time="0.00017094612121582" />
  </testsuite>
  <testsuite name="spec_perl_TestRecursiveOne_t" errors="0" failures="0" skipped="0" tests="4" time="0.0493760108947754">
    <system-out>1..4
ok 1 - Equals
ok 2 - Equals
ok 3 - Equals
ok 4 - Equals
</system-out>
    <testcase name="Equals (349)" classname="spec_perl_TestRecursiveOne_t" time="0.000277996063232422" />
    <testcase name="Equals (350)" classname="spec_perl_TestRecursiveOne_t" time="0.000131845474243164" />
    <testcase name="Equals (351)" classname="spec_perl_TestRecursiveOne_t" time="0.000164985656738281" />
    <testcase name="Equals (352)" classname="spec_perl_TestRecursiveOne_t" time="0.000174999237060547" />
  </testsuite>
  <testsuite name="spec_perl_TestDefaultBitEndianMod_t" errors="0" failures="0" skipped="0" tests="4" time="0.0591180324554443">
    <system-out>1..4
ok 1 - Equals
ok 2 - Equals
ok 3 - Equals
ok 4 - Equals
</system-out>
    <testcase name="Equals (353)" classname="spec_perl_TestDefaultBitEndianMod_t" time="0.000334978103637695" />
    <testcase name="Equals (354)" classname="spec_perl_TestDefaultBitEndianMod_t" time="9.79900360107422e-05" />
    <testcase name="Equals (355)" classname="spec_perl_TestDefaultBitEndianMod_t" time="0.000156879425048828" />
    <testcase name="Equals (356)" classname="spec_perl_TestDefaultBitEndianMod_t" time="0.000201940536499023" />
  </testsuite>
  <testsuite name="spec_perl_TestIoLocalVar_t" errors="0" failures="0" skipped="0" tests="2" time="0.0507059097290039">
    <system-out>1..2
ok 1 - Equals
ok 2 - Equals
</system-out>
    <testcase name="Equals (357)" classname="spec_perl_TestIoLocalVar_t" time="0.000629186630249023" />
    <testcase name="Equals (358)" classname="spec_perl_TestIoLocalVar_t" time="0.000105857849121094" />
  </testsuite>
  <testsuite name="spec_perl_TestEnumIntRangeS_t" errors="0" failures="0" skipped="0" tests="3" time="0.0539469718933105">
    <system-out>1..3
ok 1 - Equals
ok 2 - Equals
ok 3 - Equals
</system-out>
    <testcase name="Equals (359)" classname="spec_perl_TestEnumIntRangeS_t" time="0.000255107879638672" />
    <testcase name="Equals (360)" classname="spec_perl_TestEnumIntRangeS_t" time="0.000113010406494141" />
    <testcase name="Equals (361)" classname="spec_perl_TestEnumIntRangeS_t" time="0.000195980072021484" />
  </testsuite>
  <testsuite name="spec_perl_TestTermStrz_t" errors="0" failures="0" skipped="0" tests="3" time="0.0554611682891846">
    <system-out>1..3
ok 1 - Equals
ok 2 - Equals
ok 3 - Equals
</system-out>
    <testcase name="Equals (362)" classname="spec_perl_TestTermStrz_t" time="0.000353813171386719" />
    <testcase name="Equals (363)" classname="spec_perl_TestTermStrz_t" time="8.51154327392578e-05" />
    <testcase name="Equals (364)" classname="spec_perl_TestTermStrz_t" time="0.000201940536499023" />
  </testsuite>
  <testsuite name="spec_perl_TestTypeTernary2ndFalsy_t" errors="0" failures="1" skipped="0" tests="13" time="0.0530459880828857">
    <system-out>1..13
ok 1 - Equals
ok 2 - Equals
ok 3 - Equals
ok 4 - Approx equals
ok 5 - Approx equals
ok 6 - Equals
ok 7 - Equals
ok 8 - Equals
ok 9 - nil
ok 10 - Equals
ok 11 - Equals
ok 12 - Equals
not ok 13 - test_type_ternary_2nd_falsy died (Can't use an undefined value as an ARRAY reference at spec/perl/TestTypeTernary2ndFalsy.t line 26.)
</system-out>
    <testcase name="Equals (365)" classname="spec_perl_TestTypeTernary2ndFalsy_t" time="0.000257968902587891" />
    <testcase name="Equals (366)" classname="spec_perl_TestTypeTernary2ndFalsy_t" time="0.000114202499389648" />
    <testcase name="Equals (367)" classname="spec_perl_TestTypeTernary2ndFalsy_t" time="0.000184774398803711" />
    <testcase name="Approx equals (367)" classname="spec_perl_TestTypeTernary2ndFalsy_t" time="6.60419464111328e-05" />
    <testcase name="Approx equals (368)" classname="spec_perl_TestTypeTernary2ndFalsy_t" time="5.41210174560547e-05" />
    <testcase name="Equals (368)" classname="spec_perl_TestTypeTernary2ndFalsy_t" time="0.000169992446899414" />
    <testcase name="Equals (369)" classname="spec_perl_TestTypeTernary2ndFalsy_t" time="0.000160932540893555" />
    <testcase name="Equals (370)" classname="spec_perl_TestTypeTernary2ndFalsy_t" time="0.000174999237060547" />
    <testcase name="nil (370)" classname="spec_perl_TestTypeTernary2ndFalsy_t" time="6.41345977783203e-05" />
    <testcase name="Equals (371)" classname="spec_perl_TestTypeTernary2ndFalsy_t" time="0.000168800354003906" />
    <testcase name="Equals (372)" classname="spec_perl_TestTypeTernary2ndFalsy_t" time="0.000178098678588867" />
    <testcase name="Equals (373)" classname="spec_perl_TestTypeTernary2ndFalsy_t" time="0.000159978866577148" />
    <testcase name="test_type_ternary_2nd_falsy died (Can't use an undefined value as an ARRAY reference at spec/perl/TestTypeTernary2ndFalsy.t line 26.) (373)" classname="spec_perl_TestTypeTernary2ndFalsy_t" time="0.000243902206420898">
      <failure message="not ok 13 - test_type_ternary_2nd_falsy died (Can't use an undefined value as an ARRAY reference at spec/perl/TestTypeTernary2ndFalsy.t line 26.)" type="TAP::Parser::Result::Test"></failure>
    </testcase>
  </testsuite>
  <testsuite name="spec_perl_TestParamsCallExtraParens_t" errors="0" failures="1" skipped="0" tests="1" time="0.0586309432983398">
    <system-out>1..1
not ok 1 - Equals
</system-out>
    <testcase name="Equals (374)" classname="spec_perl_TestParamsCallExtraParens_t" time="0.00452589988708496">
      <failure message="not ok 1 - Equals" type="TAP::Parser::Result::Test"></failure>
    </testcase>
  </testsuite>
  <testsuite name="spec_perl_TestCombineEnum_t" errors="0" failures="0" skipped="0" tests="3" time="0.0580530166625977">
    <system-out>1..3
ok 1 - Equals
ok 2 - Equals
ok 3 - Equals
</system-out>
    <testcase name="Equals (375)" classname="spec_perl_TestCombineEnum_t" time="0.000258207321166992" />
    <testcase name="Equals (376)" classname="spec_perl_TestCombineEnum_t" time="0.000188827514648438" />
    <testcase name="Equals (377)" classname="spec_perl_TestCombineEnum_t" time="0.000169992446899414" />
  </testsuite>
  <testsuite name="spec_perl_TestExprSizeofValueSized_t" errors="0" failures="0" skipped="0" tests="5" time="0.0508389472961426">
    <system-out>1..5
ok 1 - Equals
ok 2 - Equals
ok 3 - Equals
ok 4 - Equals
ok 5 - Equals
</system-out>
    <testcase name="Equals (378)" classname="spec_perl_TestExprSizeofValueSized_t" time="0.000555038452148438" />
    <testcase name="Equals (379)" classname="spec_perl_TestExprSizeofValueSized_t" time="0.000104904174804688" />
    <testcase name="Equals (380)" classname="spec_perl_TestExprSizeofValueSized_t" time="9.29832458496094e-05" />
    <testcase name="Equals (381)" classname="spec_perl_TestExprSizeofValueSized_t" time="0.000198125839233398" />
    <testcase name="Equals (382)" classname="spec_perl_TestExprSizeofValueSized_t" time="0.000146865844726562" />
  </testsuite>
  <testsuite name="spec_perl_TestProcessXorValue_t" errors="0" failures="0" skipped="0" tests="2" time="0.049124002456665">
    <system-out>1..2
ok 1 - Equals
ok 2 - Equals
</system-out>
    <testcase name="Equals (383)" classname="spec_perl_TestProcessXorValue_t" time="0.00026392936706543" />
    <testcase name="Equals (384)" classname="spec_perl_TestProcessXorValue_t" time="0.000101089477539062" />
  </testsuite>
  <testsuite name="spec_perl_TestIndexToParamEos_t" errors="0" failures="2" skipped="0" tests="7" time="0.0721111297607422">
    <system-out>1..7
ok 1 - Equals
ok 2 - Equals
ok 3 - Equals
ok 4 - Equals
ok 5 - Equals
not ok 6 - Equals
not ok 7 - Equals
</system-out>
    <testcase name="Equals (385)" classname="spec_perl_TestIndexToParamEos_t" time="0.00947904586791992" />
    <testcase name="Equals (386)" classname="spec_perl_TestIndexToParamEos_t" time="0.000567913055419922" />
    <testcase name="Equals (387)" classname="spec_perl_TestIndexToParamEos_t" time="0.000491142272949219" />
    <testcase name="Equals (388)" classname="spec_perl_TestIndexToParamEos_t" time="0.000589847564697266" />
    <testcase name="Equals (389)" classname="spec_perl_TestIndexToParamEos_t" time="0.000574111938476562" />
    <testcase name="Equals (390)" classname="spec_perl_TestIndexToParamEos_t" time="0.000587940216064453">
      <failure message="not ok 6 - Equals" type="TAP::Parser::Result::Test"></failure>
    </testcase>
    <testcase name="Equals (391)" classname="spec_perl_TestIndexToParamEos_t" time="0.00121116638183594">
      <failure message="not ok 7 - Equals" type="TAP::Parser::Result::Test"></failure>
    </testcase>
  </testsuite>
  <testsuite name="spec_perl_TestCastNested_t" errors="0" failures="0" skipped="0" tests="4" time="0.0544071197509766">
    <system-out>1..4
ok 1 - Equals
ok 2 - Equals
ok 3 - Equals
ok 4 - Equals
</system-out>
    <testcase name="Equals (392)" classname="spec_perl_TestCastNested_t" time="0.000331878662109375" />
    <testcase name="Equals (393)" classname="spec_perl_TestCastNested_t" time="9.60826873779297e-05" />
    <testcase name="Equals (394)" classname="spec_perl_TestCastNested_t" time="0.000186920166015625" />
    <testcase name="Equals (395)" classname="spec_perl_TestCastNested_t" time="0.000171184539794922" />
  </testsuite>
  <testsuite name="spec_perl_TestInstanceStd_t" errors="0" failures="0" skipped="0" tests="1" time="0.0529301166534424">
    <system-out>1..1
ok 1 - Equals
</system-out>
    <testcase name="Equals (396)" classname="spec_perl_TestInstanceStd_t" time="0.000265836715698242" />
  </testsuite>
  <testsuite name="spec_perl_TestInstanceUserArray_t" errors="0" failures="0" skipped="0" tests="10" time="0.0518231391906738">
    <system-out>1..10
ok 1 - Equals
ok 2 - Equals
ok 3 - Equals
ok 4 - Equals
ok 5 - Equals
ok 6 - Equals
ok 7 - Equals
ok 8 - Equals
ok 9 - Equals
ok 10 - Equals
</system-out>
    <testcase name="Equals (397)" classname="spec_perl_TestInstanceUserArray_t" time="0.000255823135375977" />
    <testcase name="Equals (398)" classname="spec_perl_TestInstanceUserArray_t" time="0.000101089477539062" />
    <testcase name="Equals (399)" classname="spec_perl_TestInstanceUserArray_t" time="0.000185966491699219" />
    <testcase name="Equals (400)" classname="spec_perl_TestInstanceUserArray_t" time="0.000442028045654297" />
    <testcase name="Equals (401)" classname="spec_perl_TestInstanceUserArray_t" time="0.000163078308105469" />
    <testcase name="Equals (402)" classname="spec_perl_TestInstanceUserArray_t" time="0.000159978866577148" />
    <testcase name="Equals (403)" classname="spec_perl_TestInstanceUserArray_t" time="0.000174999237060547" />
    <testcase name="Equals (404)" classname="spec_perl_TestInstanceUserArray_t" time="0.000169038772583008" />
    <testcase name="Equals (405)" classname="spec_perl_TestInstanceUserArray_t" time="0.000161886215209961" />
    <testcase name="Equals (406)" classname="spec_perl_TestInstanceUserArray_t" time="0.000168085098266602" />
  </testsuite>
  <testsuite name="spec_perl_TestIfValues_t" errors="0" failures="0" skipped="0" tests="6" time="0.053563117980957">
    <system-out>1..6
ok 1 - Equals
ok 2 - Equals
ok 3 - Equals
ok 4 - nil
ok 5 - Equals
ok 6 - nil
</system-out>
    <testcase name="Equals (407)" classname="spec_perl_TestIfValues_t" time="0.000280857086181641" />
    <testcase name="Equals (408)" classname="spec_perl_TestIfValues_t" time="8.32080841064453e-05" />
    <testcase name="Equals (409)" classname="spec_perl_TestIfValues_t" time="0.000219821929931641" />
    <testcase name="nil (409)" classname="spec_perl_TestIfValues_t" time="7.41481781005859e-05" />
    <testcase name="Equals (410)" classname="spec_perl_TestIfValues_t" time="0.000133991241455078" />
    <testcase name="nil (410)" classname="spec_perl_TestIfValues_t" time="6.103515625e-05" />
  </testsuite>
  <testsuite name="spec_perl_TestExprStrEncodings_t" errors="0" failures="0" skipped="0" tests="7" time="0.0573010444641113">
    <system-out>1..7
ok 1 - Equals
ok 2 - Equals
ok 3 - Equals
ok 4 - Equals
ok 5 - Equals
ok 6 - Equals
ok 7 - Equals
</system-out>
    <testcase name="Equals (411)" classname="spec_perl_TestExprStrEncodings_t" time="0.00324797630310059" />
    <testcase name="Equals (412)" classname="spec_perl_TestExprStrEncodings_t" time="0.000106096267700195" />
    <testcase name="Equals (413)" classname="spec_perl_TestExprStrEncodings_t" time="0.00014495849609375" />
    <testcase name="Equals (414)" classname="spec_perl_TestExprStrEncodings_t" time="0.000173091888427734" />
    <testcase name="Equals (415)" classname="spec_perl_TestExprStrEncodings_t" time="0.000154018402099609" />
    <testcase name="Equals (416)" classname="spec_perl_TestExprStrEncodings_t" time="0.000166893005371094" />
    <testcase name="Equals (417)" classname="spec_perl_TestExprStrEncodings_t" time="0.000186920166015625" />
  </testsuite>
  <testsuite name="spec_perl_TestBitsShiftByB64Le_t" errors="0" failures="0" skipped="0" tests="2" time="0.0532500743865967">
    <system-out>1..2
ok 1 - Equals
ok 2 - Equals
</system-out>
    <testcase name="Equals (418)" classname="spec_perl_TestBitsShiftByB64Le_t" time="0.000256061553955078" />
    <testcase name="Equals (419)" classname="spec_perl_TestBitsShiftByB64Le_t" time="0.000105857849121094" />
  </testsuite>
  <testsuite name="spec_perl_TestExprBytesNonLiteral_t" errors="0" failures="0" skipped="0" tests="3" time="0.0517780780792236">
    <system-out>1..3
ok 1 - Equals
ok 2 - Equals
ok 3 - Equals
</system-out>
    <testcase name="Equals (420)" classname="spec_perl_TestExprBytesNonLiteral_t" time="0.000261068344116211" />
    <testcase name="Equals (421)" classname="spec_perl_TestExprBytesNonLiteral_t" time="0.000159978866577148" />
    <testcase name="Equals (422)" classname="spec_perl_TestExprBytesNonLiteral_t" time="0.000164985656738281" />
  </testsuite>
  <testsuite name="spec_perl_TestParamsCallShort_t" errors="0" failures="3" skipped="0" tests="3" time="0.0685238838195801">
    <system-out>1..3
not ok 1 - Equals
not ok 2 - Equals
not ok 3 - Equals
</system-out>
    <testcase name="Equals (423)" classname="spec_perl_TestParamsCallShort_t" time="0.00039982795715332">
      <failure message="not ok 1 - Equals" type="TAP::Parser::Result::Test"></failure>
    </testcase>
    <testcase name="Equals (424)" classname="spec_perl_TestParamsCallShort_t" time="0.00143814086914062">
      <failure message="not ok 2 - Equals" type="TAP::Parser::Result::Test"></failure>
    </testcase>
    <testcase name="Equals (425)" classname="spec_perl_TestParamsCallShort_t" time="0.00123000144958496">
      <failure message="not ok 3 - Equals" type="TAP::Parser::Result::Test"></failure>
    </testcase>
  </testsuite>
  <testsuite name="spec_perl_TestNavParent2_t" errors="0" failures="0" skipped="0" tests="10" time="0.0553629398345947">
    <system-out>1..10
ok 1 - Equals
ok 2 - Equals
ok 3 - Equals
ok 4 - Equals
ok 5 - Equals
ok 6 - Equals
ok 7 - Equals
ok 8 - Equals
ok 9 - Equals
ok 10 - Equals
</system-out>
    <testcase name="Equals (426)" classname="spec_perl_TestNavParent2_t" time="0.000311136245727539" />
    <testcase name="Equals (427)" classname="spec_perl_TestNavParent2_t" time="9.89437103271484e-05" />
    <testcase name="Equals (428)" classname="spec_perl_TestNavParent2_t" time="0.000160932540893555" />
    <testcase name="Equals (429)" classname="spec_perl_TestNavParent2_t" time="0.000176906585693359" />
    <testcase name="Equals (430)" classname="spec_perl_TestNavParent2_t" time="0.000174999237060547" />
    <testcase name="Equals (431)" classname="spec_perl_TestNavParent2_t" time="0.000229120254516602" />
    <testcase name="Equals (432)" classname="spec_perl_TestNavParent2_t" time="0.000149965286254883" />
    <testcase name="Equals (433)" classname="spec_perl_TestNavParent2_t" time="0.00018310546875" />
    <testcase name="Equals (434)" classname="spec_perl_TestNavParent2_t" time="0.000171899795532227" />
    <testcase name="Equals (435)" classname="spec_perl_TestNavParent2_t" time="0.000211954116821289" />
  </testsuite>
  <testsuite name="spec_perl_TestDefaultBigEndian_t" errors="0" failures="0" skipped="0" tests="1" time="0.058772087097168">
    <system-out>1..1
ok 1 - Equals
</system-out>
    <testcase name="Equals (436)" classname="spec_perl_TestDefaultBigEndian_t" time="0.000236034393310547" />
  </testsuite>
  <testsuite name="spec_perl_TestExprIoEof_t" errors="0" failures="0" skipped="0" tests="4" time="0.0525350570678711">
    <system-out>1..4
ok 1 - Equals
ok 2 - nil
ok 3 - Equals
ok 4 - Equals
</system-out>
    <testcase name="Equals (437)" classname="spec_perl_TestExprIoEof_t" time="0.000473976135253906" />
    <testcase name="nil (437)" classname="spec_perl_TestExprIoEof_t" time="8.20159912109375e-05" />
    <testcase name="Equals (438)" classname="spec_perl_TestExprIoEof_t" time="0.000104188919067383" />
    <testcase name="Equals (439)" classname="spec_perl_TestExprIoEof_t" time="0.000182867050170898" />
  </testsuite>
  <testsuite name="spec_perl_TestValidSwitch_t" errors="0" failures="0" skipped="1" tests="1" time="0.0501079559326172">
    <system-out>1..1
ok 1 # skip ValidSwitch=HASH(0x558d3b84fcd0)
</system-out>
    <testcase name="Unnamed test case 439" classname="spec_perl_TestValidSwitch_t" time="0.00107192993164062">
      <skipped message="ok 1 # skip ValidSwitch=HASH(0x558d3b84fcd0)" />
    </testcase>
  </testsuite>
  <testsuite name="spec_perl_TestParamsPassArrayStruct_t" errors="0" failures="1" skipped="2" tests="3" time="0.054081916809082">
    <system-out>1..3
not ok 1 - test_params_pass_array_struct died (Can't use an undefined value as an ARRAY reference at spec/perl/TestParamsPassArrayStruct.t line 14.)
ok 2 # skip test_params_pass_array_struct died
ok 3 # skip test_params_pass_array_struct died
</system-out>
    <testcase name="test_params_pass_array_struct died (Can't use an undefined value as an ARRAY reference at spec/perl/TestParamsPassArrayStruct.t line 14.) (439)" classname="spec_perl_TestParamsPassArrayStruct_t" time="0.000299930572509766">
[...]
    <system-out>1..4
ok 1 - Equals
ok 2 - Equals
ok 3 - Equals
ok 4 - Equals
</system-out>
    <testcase name="Equals (887)" classname="spec_perl_TestInstanceIoUser_t" time="0.000545024871826172" />
    <testcase name="Equals (888)" classname="spec_perl_TestInstanceIoUser_t" time="9.67979431152344e-05" />
    <testcase name="Equals (889)" classname="spec_perl_TestInstanceIoUser_t" time="0.000229120254516602" />
    <testcase name="Equals (890)" classname="spec_perl_TestInstanceIoUser_t" time="0.000174045562744141" />
  </testsuite>
  <testsuite name="spec_perl_TestNavParentOverride_t" errors="0" failures="0" skipped="0" tests="3" time="0.0500369071960449">
    <system-out>1..3
ok 1 - Equals
ok 2 - Equals
ok 3 - Equals
</system-out>
    <testcase name="Equals (891)" classname="spec_perl_TestNavParentOverride_t" time="0.000283002853393555" />
    <testcase name="Equals (892)" classname="spec_perl_TestNavParentOverride_t" time="9.17911529541016e-05" />
    <testcase name="Equals (893)" classname="spec_perl_TestNavParentOverride_t" time="0.000202178955078125" />
  </testsuite>
  <testsuite name="spec_perl_TestImportsCircularA_t" errors="0" failures="0" skipped="0" tests="5" time="0.0521121025085449">
    <system-out>1..5
ok 1 - Equals
ok 2 - Equals
ok 3 - Equals
ok 4 - Equals
ok 5 - nil
</system-out>
    <testcase name="Equals (894)" classname="spec_perl_TestImportsCircularA_t" time="0.00027012825012207" />
    <testcase name="Equals (895)" classname="spec_perl_TestImportsCircularA_t" time="0.000150918960571289" />
    <testcase name="Equals (896)" classname="spec_perl_TestImportsCircularA_t" time="0.000173091888427734" />
    <testcase name="Equals (897)" classname="spec_perl_TestImportsCircularA_t" time="0.000173807144165039" />
    <testcase name="nil (897)" classname="spec_perl_TestImportsCircularA_t" time="7.20024108886719e-05" />
  </testsuite>
  <testsuite name="spec_perl_TestExprBits_t" errors="0" failures="0" skipped="0" tests="10" time="0.0529320240020752">
    <system-out>1..10
ok 1 - Equals
ok 2 - Equals
ok 3 - Equals
ok 4 - Equals
ok 5 - Equals
ok 6 - Equals
ok 7 - Equals
ok 8 - Equals
ok 9 - Equals
ok 10 - Equals
</system-out>
    <testcase name="Equals (898)" classname="spec_perl_TestExprBits_t" time="0.000272035598754883" />
    <testcase name="Equals (899)" classname="spec_perl_TestExprBits_t" time="0.000154018402099609" />
    <testcase name="Equals (900)" classname="spec_perl_TestExprBits_t" time="0.000173807144165039" />
    <testcase name="Equals (901)" classname="spec_perl_TestExprBits_t" time="0.000172138214111328" />
    <testcase name="Equals (902)" classname="spec_perl_TestExprBits_t" time="0.00017094612121582" />
    <testcase name="Equals (903)" classname="spec_perl_TestExprBits_t" time="0.000171899795532227" />
    <testcase name="Equals (904)" classname="spec_perl_TestExprBits_t" time="0.000169992446899414" />
    <testcase name="Equals (905)" classname="spec_perl_TestExprBits_t" time="0.000179052352905273" />
    <testcase name="Equals (906)" classname="spec_perl_TestExprBits_t" time="0.000173091888427734" />
    <testcase name="Equals (907)" classname="spec_perl_TestExprBits_t" time="0.000197887420654297" />
  </testsuite>
  <testsuite name="spec_perl_TestBitsSignedShiftB32Le_t" errors="0" failures="0" skipped="0" tests="2" time="0.0526449680328369">
    <system-out>1..2
ok 1 - Equals
ok 2 - Equals
</system-out>
    <testcase name="Equals (908)" classname="spec_perl_TestBitsSignedShiftB32Le_t" time="0.000273942947387695" />
    <testcase name="Equals (909)" classname="spec_perl_TestBitsSignedShiftB32Le_t" time="0.000108957290649414" />
  </testsuite>
  <testsuite name="spec_perl_TestBitsUnalignedB64Be_t" errors="0" failures="0" skipped="0" tests="3" time="0.0517539978027344">
    <system-out>1..3
ok 1 - Equals
ok 2 - Equals
ok 3 - Equals
</system-out>
    <testcase name="Equals (910)" classname="spec_perl_TestBitsUnalignedB64Be_t" time="0.000283002853393555" />
    <testcase name="Equals (911)" classname="spec_perl_TestBitsUnalignedB64Be_t" time="0.000115871429443359" />
    <testcase name="Equals (912)" classname="spec_perl_TestBitsUnalignedB64Be_t" time="0.000198125839233398" />
  </testsuite>
  <testsuite name="spec_perl_TestExprSizeofValue0_t" errors="0" failures="0" skipped="0" tests="5" time="0.0496490001678467">
    <system-out>1..5
ok 1 - Equals
ok 2 - Equals
ok 3 - Equals
ok 4 - Equals
ok 5 - Equals
</system-out>
    <testcase name="Equals (913)" classname="spec_perl_TestExprSizeofValue0_t" time="0.000283956527709961" />
    <testcase name="Equals (914)" classname="spec_perl_TestExprSizeofValue0_t" time="0.00014495849609375" />
    <testcase name="Equals (915)" classname="spec_perl_TestExprSizeofValue0_t" time="0.000177145004272461" />
    <testcase name="Equals (916)" classname="spec_perl_TestExprSizeofValue0_t" time="0.0001678466796875" />
    <testcase name="Equals (917)" classname="spec_perl_TestExprSizeofValue0_t" time="0.000174045562744141" />
  </testsuite>
  <testsuite name="spec_perl_TestNestedTypes3_t" errors="0" failures="0" skipped="0" tests="5" time="0.0533220767974854">
    <system-out>1..5
ok 1 - Equals
ok 2 - Equals
ok 3 - Equals
ok 4 - Equals
ok 5 - Equals
</system-out>
    <testcase name="Equals (918)" classname="spec_perl_TestNestedTypes3_t" time="0.000290870666503906" />
    <testcase name="Equals (919)" classname="spec_perl_TestNestedTypes3_t" time="9.79900360107422e-05" />
    <testcase name="Equals (920)" classname="spec_perl_TestNestedTypes3_t" time="0.000203132629394531" />
    <testcase name="Equals (921)" classname="spec_perl_TestNestedTypes3_t" time="0.000154972076416016" />
    <testcase name="Equals (922)" classname="spec_perl_TestNestedTypes3_t" time="0.00020289421081543" />
  </testsuite>
  <testsuite name="spec_perl_TestProcessCustom_t" errors="1" failures="0" skipped="0" tests="0" time="0.0483119487762451">
    <system-out></system-out>
    <testcase name="Test died too soon, even before plan. (922)" classname="spec_perl_TestProcessCustom_t" time="0.0483119487762451">
      <failure message="The test suite died before a plan was produced. You need to have a plan." type="Plan">No plan</failure>
    </testcase>
  </testsuite>
  <testsuite name="spec_perl_TestEnumImport_t" errors="0" failures="2" skipped="0" tests="2" time="0.0535988807678223">
    <system-out>1..2
not ok 1 - Equals
not ok 2 - Equals
</system-out>
    <testcase name="Equals (923)" classname="spec_perl_TestEnumImport_t" time="0.00015711784362793">
      <failure message="not ok 1 - Equals" type="TAP::Parser::Result::Test"></failure>
    </testcase>
    <testcase name="Equals (924)" classname="spec_perl_TestEnumImport_t" time="6.29425048828125e-05">
      <failure message="not ok 2 - Equals" type="TAP::Parser::Result::Test"></failure>
    </testcase>
  </testsuite>
  <testsuite name="spec_perl_TestSwitchManualEnum_t" errors="0" failures="0" skipped="0" tests="9" time="0.0540108680725098">
    <system-out>1..9
ok 1 - Equals
ok 2 - Equals
ok 3 - Equals
ok 4 - Equals
ok 5 - Equals
ok 6 - Equals
ok 7 - Equals
ok 8 - Equals
ok 9 - Equals
</system-out>
    <testcase name="Equals (925)" classname="spec_perl_TestSwitchManualEnum_t" time="0.00031590461730957" />
    <testcase name="Equals (926)" classname="spec_perl_TestSwitchManualEnum_t" time="0.000127077102661133" />
    <testcase name="Equals (927)" classname="spec_perl_TestSwitchManualEnum_t" time="0.000196933746337891" />
    <testcase name="Equals (928)" classname="spec_perl_TestSwitchManualEnum_t" time="0.000164031982421875" />
    <testcase name="Equals (929)" classname="spec_perl_TestSwitchManualEnum_t" time="0.000178098678588867" />
    <testcase name="Equals (930)" classname="spec_perl_TestSwitchManualEnum_t" time="0.000169038772583008" />
    <testcase name="Equals (931)" classname="spec_perl_TestSwitchManualEnum_t" time="0.000172853469848633" />
    <testcase name="Equals (932)" classname="spec_perl_TestSwitchManualEnum_t" time="0.000179052352905273" />
    <testcase name="Equals (933)" classname="spec_perl_TestSwitchManualEnum_t" time="0.000179052352905273" />
  </testsuite>
  <testsuite name="spec_perl_TestOpaqueExternalType02Parent_t" errors="0" failures="0" skipped="0" tests="3" time="0.0559821128845215">
    <system-out>1..3
ok 1 - Equals
ok 2 - Equals
ok 3 - Equals
</system-out>
    <testcase name="Equals (934)" classname="spec_perl_TestOpaqueExternalType02Parent_t" time="0.000349044799804688" />
    <testcase name="Equals (935)" classname="spec_perl_TestOpaqueExternalType02Parent_t" time="8.89301300048828e-05" />
    <testcase name="Equals (936)" classname="spec_perl_TestOpaqueExternalType02Parent_t" time="0.000207901000976562" />
  </testsuite>
  <testsuite name="spec_perl_TestParamsPassStruct_t" errors="0" failures="1" skipped="1" tests="4" time="0.0528252124786377">
    <system-out>1..4
ok 1 - Equals
ok 2 - Equals
not ok 3 - test_params_pass_struct died (Can't call method &quot;foo&quot; on an undefined value at spec/perl/TestParamsPassStruct.t line 16.)
ok 4 # skip test_params_pass_struct died
</system-out>
    <testcase name="Equals (937)" classname="spec_perl_TestParamsPassStruct_t" time="0.000264883041381836" />
    <testcase name="Equals (938)" classname="spec_perl_TestParamsPassStruct_t" time="0.000106096267700195" />
    <testcase name="test_params_pass_struct died (Can't call method &quot;foo&quot; on an undefined value at spec/perl/TestParamsPassStruct.t line 16.) (938)" classname="spec_perl_TestParamsPassStruct_t" time="0.000241994857788086">
      <failure message="not ok 3 - test_params_pass_struct died (Can't call method &quot;foo&quot; on an undefined value at spec/perl/TestParamsPassStruct.t line 16.)" type="TAP::Parser::Result::Test"></failure>
    </testcase>
    <testcase name="Unnamed test case 938" classname="spec_perl_TestParamsPassStruct_t" time="0.000524044036865234">
      <skipped message="ok 4 # skip test_params_pass_struct died" />
    </testcase>
  </testsuite>
  <testsuite name="spec_perl_TestProcessRotate_t" errors="0" failures="0" skipped="0" tests="3" time="0.0492310523986816">
    <system-out>1..3
ok 1 - Equals
ok 2 - Equals
ok 3 - Equals
</system-out>
    <testcase name="Equals (939)" classname="spec_perl_TestProcessRotate_t" time="0.000292062759399414" />
    <testcase name="Equals (940)" classname="spec_perl_TestProcessRotate_t" time="0.00014495849609375" />
    <testcase name="Equals (941)" classname="spec_perl_TestProcessRotate_t" time="0.000176191329956055" />
  </testsuite>
  <testsuite name="spec_perl_TestStrEncodingsDefault_t" errors="0" failures="0" skipped="0" tests="4" time="0.0562078952789307">
    <system-out>1..4
ok 1 - Equals
ok 2 - Equals
ok 3 - Equals
ok 4 - Equals
</system-out>
    <testcase name="Equals (942)" classname="spec_perl_TestStrEncodingsDefault_t" time="0.00317001342773438" />
    <testcase name="Equals (943)" classname="spec_perl_TestStrEncodingsDefault_t" time="0.000116825103759766" />
    <testcase name="Equals (944)" classname="spec_perl_TestStrEncodingsDefault_t" time="0.000211000442504883" />
    <testcase name="Equals (945)" classname="spec_perl_TestStrEncodingsDefault_t" time="0.000174045562744141" />
  </testsuite>
  <testsuite name="spec_perl_TestProcessRepeatBytes_t" errors="0" failures="0" skipped="0" tests="2" time="0.0552890300750732">
    <system-out>1..2
ok 1 - Equals
ok 2 - Equals
</system-out>
    <testcase name="Equals (946)" classname="spec_perl_TestProcessRepeatBytes_t" time="0.000251054763793945" />
    <testcase name="Equals (947)" classname="spec_perl_TestProcessRepeatBytes_t" time="8.70227813720703e-05" />
  </testsuite>
  <testsuite name="spec_perl_TestNestedTypeParam_t" errors="0" failures="2" skipped="0" tests="2" time="0.0603740215301514">
    <system-out>1..2
not ok 1 - Equals
not ok 2 - Equals
</system-out>
    <testcase name="Equals (948)" classname="spec_perl_TestNestedTypeParam_t" time="0.00534701347351074">
      <failure message="not ok 1 - Equals" type="TAP::Parser::Result::Test"></failure>
    </testcase>
    <testcase name="Equals (949)" classname="spec_perl_TestNestedTypeParam_t" time="8.0108642578125e-05">
      <failure message="not ok 2 - Equals" type="TAP::Parser::Result::Test"></failure>
    </testcase>
  </testsuite>
  <testsuite name="spec_perl_TestExpr0_t" errors="0" failures="0" skipped="0" tests="2" time="0.051520824432373">
    <system-out>1..2
ok 1 - Equals
ok 2 - Equals
</system-out>
    <testcase name="Equals (950)" classname="spec_perl_TestExpr0_t" time="0.000277042388916016" />
    <testcase name="Equals (951)" classname="spec_perl_TestExpr0_t" time="0.000165939331054688" />
  </testsuite>
  <testsuite name="spec_perl_TestSwitchManualStrElse_t" errors="0" failures="0" skipped="0" tests="9" time="0.0542738437652588">
    <system-out>1..9
ok 1 - Equals
ok 2 - Equals
ok 3 - Equals
ok 4 - Equals
ok 5 - Equals
ok 6 - Equals
ok 7 - Equals
ok 8 - Equals
ok 9 - Equals
</system-out>
    <testcase name="Equals (952)" classname="spec_perl_TestSwitchManualStrElse_t" time="0.000326871871948242" />
    <testcase name="Equals (953)" classname="spec_perl_TestSwitchManualStrElse_t" time="0.000146150588989258" />
    <testcase name="Equals (954)" classname="spec_perl_TestSwitchManualStrElse_t" time="0.000175952911376953" />
    <testcase name="Equals (955)" classname="spec_perl_TestSwitchManualStrElse_t" time="0.000177860260009766" />
    <testcase name="Equals (956)" classname="spec_perl_TestSwitchManualStrElse_t" time="0.000190019607543945" />
    <testcase name="Equals (957)" classname="spec_perl_TestSwitchManualStrElse_t" time="0.000176191329956055" />
    <testcase name="Equals (958)" classname="spec_perl_TestSwitchManualStrElse_t" time="0.000182867050170898" />
    <testcase name="Equals (959)" classname="spec_perl_TestSwitchManualStrElse_t" time="0.00017094612121582" />
    <testcase name="Equals (960)" classname="spec_perl_TestSwitchManualStrElse_t" time="0.000185012817382812" />
  </testsuite>
  <testsuite name="spec_perl_TestParamsPassArrayInt_t" errors="0" failures="1" skipped="6" tests="7" time="0.0544970035552979">
    <system-out>1..7
not ok 1 - test_params_pass_array_int died (Can't use an undefined value as an ARRAY reference at spec/perl/TestParamsPassArrayInt.t line 14.)
ok 2 # skip test_params_pass_array_int died
ok 3 # skip test_params_pass_array_int died
ok 4 # skip test_params_pass_array_int died
ok 5 # skip test_params_pass_array_int died
ok 6 # skip test_params_pass_array_int died
ok 7 # skip test_params_pass_array_int died
</system-out>
    <testcase name="test_params_pass_array_int died (Can't use an undefined value as an ARRAY reference at spec/perl/TestParamsPassArrayInt.t line 14.) (960)" classname="spec_perl_TestParamsPassArrayInt_t" time="0.000334024429321289">
      <failure message="not ok 1 - test_params_pass_array_int died (Can't use an undefined value as an ARRAY reference at spec/perl/TestParamsPassArrayInt.t line 14.)" type="TAP::Parser::Result::Test"></failure>
    </testcase>
    <testcase name="Unnamed test case 960" classname="spec_perl_TestParamsPassArrayInt_t" time="0.000444889068603516">
      <skipped message="ok 2 # skip test_params_pass_array_int died" />
    </testcase>
    <testcase name="Unnamed test case 961" classname="spec_perl_TestParamsPassArrayInt_t" time="0.000339984893798828">
      <skipped message="ok 3 # skip test_params_pass_array_int died" />
    </testcase>
    <testcase name="Unnamed test case 962" classname="spec_perl_TestParamsPassArrayInt_t" time="0.000301122665405273">
      <skipped message="ok 4 # skip test_params_pass_array_int died" />
    </testcase>
    <testcase name="Unnamed test case 963" classname="spec_perl_TestParamsPassArrayInt_t" time="0.000301837921142578">
      <skipped message="ok 5 # skip test_params_pass_array_int died" />
    </testcase>
    <testcase name="Unnamed test case 964" classname="spec_perl_TestParamsPassArrayInt_t" time="0.000322103500366211">
      <skipped message="ok 6 # skip test_params_pass_array_int died" />
    </testcase>
    <testcase name="Unnamed test case 965" classname="spec_perl_TestParamsPassArrayInt_t" time="0.000292062759399414">
      <skipped message="ok 7 # skip test_params_pass_array_int died" />
    </testcase>
  </testsuite>
  <testsuite name="spec_perl_TestDocstrings_t" errors="0" failures="0" skipped="1" tests="1" time="0.0497338771820068">
    <system-out>1..1
ok 1 # skip Docstrings=HASH(0x56243f3e85f8)
</system-out>
    <testcase name="Unnamed test case 966" classname="spec_perl_TestDocstrings_t" time="0.00103402137756348">
      <skipped message="ok 1 # skip Docstrings=HASH(0x56243f3e85f8)" />
    </testcase>
  </testsuite>
  <testsuite name="spec_perl_TestFloatToI_t" errors="0" failures="0" skipped="0" tests="8" time="0.050915002822876">
    <system-out>1..8
ok 1 - Approx equals
ok 2 - Approx equals
ok 3 - Equals
ok 4 - Equals
ok 5 - Equals
ok 6 - Equals
ok 7 - Equals
ok 8 - Equals
</system-out>
    <testcase name="Approx equals (966)" classname="spec_perl_TestFloatToI_t" time="0.00015711784362793" />
    <testcase name="Approx equals (967)" classname="spec_perl_TestFloatToI_t" time="9.10758972167969e-05" />
    <testcase name="Equals (967)" classname="spec_perl_TestFloatToI_t" time="0.000108003616333008" />
    <testcase name="Equals (968)" classname="spec_perl_TestFloatToI_t" time="0.000208854675292969" />
    <testcase name="Equals (969)" classname="spec_perl_TestFloatToI_t" time="0.000168085098266602" />
    <testcase name="Equals (970)" classname="spec_perl_TestFloatToI_t" time="0.000180959701538086" />
    <testcase name="Equals (971)" classname="spec_perl_TestFloatToI_t" time="0.000185012817382812" />
    <testcase name="Equals (972)" classname="spec_perl_TestFloatToI_t" time="0.000191926956176758" />
  </testsuite>
  <testsuite name="spec_perl_TestExprStrOps_t" errors="0" failures="0" skipped="0" tests="17" time="0.0553708076477051">
    <system-out>1..17
ok 1 - Equals
ok 2 - Equals
ok 3 - Equals
ok 4 - Equals
ok 5 - Equals
ok 6 - Equals
ok 7 - Equals
ok 8 - Equals
ok 9 - Equals
ok 10 - Equals
ok 11 - Equals
ok 12 - Equals
ok 13 - Equals
ok 14 - Equals
ok 15 - Equals
ok 16 - Equals
ok 17 - Equals
</system-out>
    <testcase name="Equals (973)" classname="spec_perl_TestExprStrOps_t" time="0.000272989273071289" />
    <testcase name="Equals (974)" classname="spec_perl_TestExprStrOps_t" time="0.000150918960571289" />
    <testcase name="Equals (975)" classname="spec_perl_TestExprStrOps_t" time="0.000164985656738281" />
    <testcase name="Equals (976)" classname="spec_perl_TestExprStrOps_t" time="0.000180959701538086" />
    <testcase name="Equals (977)" classname="spec_perl_TestExprStrOps_t" time="0.000169992446899414" />
    <testcase name="Equals (978)" classname="spec_perl_TestExprStrOps_t" time="0.000171184539794922" />
    <testcase name="Equals (979)" classname="spec_perl_TestExprStrOps_t" time="0.0001678466796875" />
    <testcase name="Equals (980)" classname="spec_perl_TestExprStrOps_t" time="0.000177145004272461" />
    <testcase name="Equals (981)" classname="spec_perl_TestExprStrOps_t" time="0.000182867050170898" />
    <testcase name="Equals (982)" classname="spec_perl_TestExprStrOps_t" time="0.000165939331054688" />
    <testcase name="Equals (983)" classname="spec_perl_TestExprStrOps_t" time="0.000174999237060547" />
    <testcase name="Equals (984)" classname="spec_perl_TestExprStrOps_t" time="0.000163078308105469" />
    <testcase name="Equals (985)" classname="spec_perl_TestExprStrOps_t" time="0.000180959701538086" />
    <testcase name="Equals (986)" classname="spec_perl_TestExprStrOps_t" time="0.000169038772583008" />
    <testcase name="Equals (987)" classname="spec_perl_TestExprStrOps_t" time="0.000177145004272461" />
    <testcase name="Equals (988)" classname="spec_perl_TestExprStrOps_t" time="0.000189781188964844" />
    <testcase name="Equals (989)" classname="spec_perl_TestExprStrOps_t" time="0.000172138214111328" />
  </testsuite>
</testsuites>
