<?xml version='1.0' encoding='utf-8'?>
<testsuites>
  <testsuite name="spec_perl_TestCombineEnum_t" errors="0" failures="0" skipped="0" tests="3" time="0.0461390018463135">
    <system-out>1..3
ok 1 - Equals
ok 2 - Equals
ok 3 - Equals
</system-out>
    <testcase name="Equals" classname="spec_perl_TestCombineEnum_t" time="0.0016779899597168" />
    <testcase name="Equals (2)" classname="spec_perl_TestCombineEnum_t" time="8.60691070556641e-05" />
    <testcase name="Equals (3)" classname="spec_perl_TestCombineEnum_t" time="4.69684600830078e-05" />
  </testsuite>
  <testsuite name="spec_perl_TestParamsPassBool_t" errors="0" failures="1" skipped="13" tests="14" time="0.0434069633483887">
    <system-out>1..14
not ok 1 - test_params_pass_bool died (Requested 2 bytes, but only 1 bytes available at ../runtime/perl/lib/IO/KaitaiStruct.pm line 338.)
ok 2 # skip test_params_pass_bool died
ok 3 # skip test_params_pass_bool died
ok 4 # skip test_params_pass_bool died
ok 5 # skip test_params_pass_bool died
ok 6 # skip test_params_pass_bool died
ok 7 # skip test_params_pass_bool died
ok 8 # skip test_params_pass_bool died
ok 9 # skip test_params_pass_bool died
ok 10 # skip test_params_pass_bool died
ok 11 # skip test_params_pass_bool died
ok 12 # skip test_params_pass_bool died
ok 13 # skip test_params_pass_bool died
ok 14 # skip test_params_pass_bool died
</system-out>
    <testcase name="test_params_pass_bool died (Requested 2 bytes, but only 1 bytes available at ../runtime/perl/lib/IO/KaitaiStruct.pm line 338.) (3)" classname="spec_perl_TestParamsPassBool_t" time="0.00172996520996094">
      <failure message="not ok 1 - test_params_pass_bool died (Requested 2 bytes, but only 1 bytes available at ../runtime/perl/lib/IO/KaitaiStruct.pm line 338.)" type="TAP::Parser::Result::Test"></failure>
    </testcase>
    <testcase name="Unnamed test case 3" classname="spec_perl_TestParamsPassBool_t" time="0.000141143798828125">
      <skipped message="ok 2 # skip test_params_pass_bool died" />
    </testcase>
    <testcase name="Unnamed test case 4" classname="spec_perl_TestParamsPassBool_t" time="7.39097595214844e-05">
      <skipped message="ok 3 # skip test_params_pass_bool died" />
    </testcase>
    <testcase name="Unnamed test case 5" classname="spec_perl_TestParamsPassBool_t" time="4.50611114501953e-05">
      <skipped message="ok 4 # skip test_params_pass_bool died" />
    </testcase>
    <testcase name="Unnamed test case 6" classname="spec_perl_TestParamsPassBool_t" time="4.1961669921875e-05">
      <skipped message="ok 5 # skip test_params_pass_bool died" />
    </testcase>
    <testcase name="Unnamed test case 7" classname="spec_perl_TestParamsPassBool_t" time="4.10079956054688e-05">
      <skipped message="ok 6 # skip test_params_pass_bool died" />
    </testcase>
    <testcase name="Unnamed test case 8" classname="spec_perl_TestParamsPassBool_t" time="8.29696655273438e-05">
      <skipped message="ok 7 # skip test_params_pass_bool died" />
    </testcase>
    <testcase name="Unnamed test case 9" classname="spec_perl_TestParamsPassBool_t" time="5.00679016113281e-05">
      <skipped message="ok 8 # skip test_params_pass_bool died" />
    </testcase>
    <testcase name="Unnamed test case 10" classname="spec_perl_TestParamsPassBool_t" time="4.10079956054688e-05">
      <skipped message="ok 9 # skip test_params_pass_bool died" />
    </testcase>
    <testcase name="Unnamed test case 11" classname="spec_perl_TestParamsPassBool_t" time="3.88622283935547e-05">
      <skipped message="ok 10 # skip test_params_pass_bool died" />
    </testcase>
    <testcase name="Unnamed test case 12" classname="spec_perl_TestParamsPassBool_t" time="3.91006469726562e-05">
      <skipped message="ok 11 # skip test_params_pass_bool died" />
    </testcase>
    <testcase name="Unnamed test case 13" classname="spec_perl_TestParamsPassBool_t" time="3.79085540771484e-05">
      <skipped message="ok 12 # skip test_params_pass_bool died" />
    </testcase>
    <testcase name="Unnamed test case 14" classname="spec_perl_TestParamsPassBool_t" time="3.814697265625e-05">
      <skipped message="ok 13 # skip test_params_pass_bool died" />
    </testcase>
    <testcase name="Unnamed test case 15" classname="spec_perl_TestParamsPassBool_t" time="4.38690185546875e-05">
      <skipped message="ok 14 # skip test_params_pass_bool died" />
    </testcase>
  </testsuite>
  <testsuite name="spec_perl_TestStrLiterals2_t" errors="0" failures="0" skipped="0" tests="4" time="0.0403590202331543">
    <system-out>1..4
ok 1 - Equals
ok 2 - Equals
ok 3 - Equals
ok 4 - Equals
</system-out>
    <testcase name="Equals (15)" classname="spec_perl_TestStrLiterals2_t" time="0.0016169548034668" />
    <testcase name="Equals (16)" classname="spec_perl_TestStrLiterals2_t" time="9.20295715332031e-05" />
    <testcase name="Equals (17)" classname="spec_perl_TestStrLiterals2_t" time="5.69820404052734e-05" />
    <testcase name="Equals (18)" classname="spec_perl_TestStrLiterals2_t" time="6.41345977783203e-05" />
  </testsuite>
  <testsuite name="spec_perl_TestStrLiterals_t" errors="0" failures="0" skipped="0" tests="5" time="0.0401570796966553">
    <system-out>1..5
ok 1 - Equals
ok 2 - Equals
ok 3 - Equals
ok 4 - Equals
ok 5 - Equals
</system-out>
    <testcase name="Equals (19)" classname="spec_perl_TestStrLiterals_t" time="0.00152707099914551" />
    <testcase name="Equals (20)" classname="spec_perl_TestStrLiterals_t" time="8.48770141601562e-05" />
    <testcase name="Equals (21)" classname="spec_perl_TestStrLiterals_t" time="5.69820404052734e-05" />
    <testcase name="Equals (22)" classname="spec_perl_TestStrLiterals_t" time="6.60419464111328e-05" />
    <testcase name="Equals (23)" classname="spec_perl_TestStrLiterals_t" time="5.91278076171875e-05" />
  </testsuite>
  <testsuite name="spec_perl_TestRepeatNStruct_t" errors="0" failures="0" skipped="0" tests="5" time="0.0431380271911621">
    <system-out>1..5
ok 1 - Equals
ok 2 - Equals
ok 3 - Equals
ok 4 - Equals
ok 5 - Equals
</system-out>
    <testcase name="Equals (24)" classname="spec_perl_TestRepeatNStruct_t" time="0.00159716606140137" />
    <testcase name="Equals (25)" classname="spec_perl_TestRepeatNStruct_t" time="7.89165496826172e-05" />
    <testcase name="Equals (26)" classname="spec_perl_TestRepeatNStruct_t" time="4.60147857666016e-05" />
    <testcase name="Equals (27)" classname="spec_perl_TestRepeatNStruct_t" time="5.60283660888672e-05" />
    <testcase name="Equals (28)" classname="spec_perl_TestRepeatNStruct_t" time="5.38825988769531e-05" />
  </testsuite>
  <testsuite name="spec_perl_TestEnum1_t" errors="0" failures="0" skipped="0" tests="2" time="0.0408170223236084">
    <system-out>1..2
ok 1 - Equals
ok 2 - Equals
</system-out>
    <testcase name="Equals (29)" classname="spec_perl_TestEnum1_t" time="0.00151801109313965" />
    <testcase name="Equals (30)" classname="spec_perl_TestEnum1_t" time="8.41617584228516e-05" />
  </testsuite>
  <testsuite name="spec_perl_TestEnumIntRangeU_t" errors="0" failures="0" skipped="0" tests="2" time="0.0411279201507568">
    <system-out>1..2
ok 1 - Equals
ok 2 - Equals
</system-out>
    <testcase name="Equals (31)" classname="spec_perl_TestEnumIntRangeU_t" time="0.00150799751281738" />
    <testcase name="Equals (32)" classname="spec_perl_TestEnumIntRangeU_t" time="9.29832458496094e-05" />
  </testsuite>
  <testsuite name="spec_perl_TestExpr2_t" errors="0" failures="0" skipped="0" tests="17" time="0.0494480133056641">
    <system-out>1..17
ok 1 - Equals
ok 2 - Equals
ok 3 - Equals
ok 4 - Equals
ok 5 - Equals
ok 6 - Equals
ok 7 - Equals
ok 8 - Equals
ok 9 - Equals
ok 10 - Equals
ok 11 - Equals
ok 12 - Equals
ok 13 - Equals
ok 14 - Equals
ok 15 - Equals
ok 16 - Equals
ok 17 - Equals
</system-out>
    <testcase name="Equals (33)" classname="spec_perl_TestExpr2_t" time="0.00227189064025879" />
    <testcase name="Equals (34)" classname="spec_perl_TestExpr2_t" time="9.60826873779297e-05" />
    <testcase name="Equals (35)" classname="spec_perl_TestExpr2_t" time="6.69956207275391e-05" />
    <testcase name="Equals (36)" classname="spec_perl_TestExpr2_t" time="6.60419464111328e-05" />
    <testcase name="Equals (37)" classname="spec_perl_TestExpr2_t" time="6.69956207275391e-05" />
    <testcase name="Equals (38)" classname="spec_perl_TestExpr2_t" time="5.98430633544922e-05" />
    <testcase name="Equals (39)" classname="spec_perl_TestExpr2_t" time="7.91549682617188e-05" />
    <testcase name="Equals (40)" classname="spec_perl_TestExpr2_t" time="0.000155925750732422" />
    <testcase name="Equals (41)" classname="spec_perl_TestExpr2_t" time="0.000104904174804688" />
    <testcase name="Equals (42)" classname="spec_perl_TestExpr2_t" time="0.00015711784362793" />
    <testcase name="Equals (43)" classname="spec_perl_TestExpr2_t" time="6.69956207275391e-05" />
    <testcase name="Equals (44)" classname="spec_perl_TestExpr2_t" time="0.000108003616333008" />
    <testcase name="Equals (45)" classname="spec_perl_TestExpr2_t" time="9.89437103271484e-05" />
    <testcase name="Equals (46)" classname="spec_perl_TestExpr2_t" time="0.000138044357299805" />
    <testcase name="Equals (47)" classname="spec_perl_TestExpr2_t" time="7.70092010498047e-05" />
    <testcase name="Equals (48)" classname="spec_perl_TestExpr2_t" time="9.29832458496094e-05" />
    <testcase name="Equals (49)" classname="spec_perl_TestExpr2_t" time="8.89301300048828e-05" />
  </testsuite>
  <testsuite name="spec_perl_TestBitsSimpleLe_t" errors="0" failures="0" skipped="0" tests="14" time="0.0487890243530273">
    <system-out>1..14
ok 1 - Equals
ok 2 - Equals
ok 3 - Equals
ok 4 - Equals
ok 5 - Equals
ok 6 - Equals
ok 7 - Equals
ok 8 - Equals
ok 9 - Equals
ok 10 - Equals
ok 11 - Equals
ok 12 - Equals
ok 13 - Equals
ok 14 - Equals
</system-out>
    <testcase name="Equals (50)" classname="spec_perl_TestBitsSimpleLe_t" time="0.00304603576660156" />
    <testcase name="Equals (51)" classname="spec_perl_TestBitsSimpleLe_t" time="0.00011897087097168" />
    <testcase name="Equals (52)" classname="spec_perl_TestBitsSimpleLe_t" time="5.41210174560547e-05" />
    <testcase name="Equals (53)" classname="spec_perl_TestBitsSimpleLe_t" time="6.38961791992188e-05" />
    <testcase name="Equals (54)" classname="spec_perl_TestBitsSimpleLe_t" time="6.00814819335938e-05" />
    <testcase name="Equals (55)" classname="spec_perl_TestBitsSimpleLe_t" time="0.000175952911376953" />
    <testcase name="Equals (56)" classname="spec_perl_TestBitsSimpleLe_t" time="7.91549682617188e-05" />
    <testcase name="Equals (57)" classname="spec_perl_TestBitsSimpleLe_t" time="4.57763671875e-05" />
    <testcase name="Equals (58)" classname="spec_perl_TestBitsSimpleLe_t" time="7.00950622558594e-05" />
    <testcase name="Equals (59)" classname="spec_perl_TestBitsSimpleLe_t" time="6.29425048828125e-05" />
    <testcase name="Equals (60)" classname="spec_perl_TestBitsSimpleLe_t" time="5.91278076171875e-05" />
    <testcase name="Equals (61)" classname="spec_perl_TestBitsSimpleLe_t" time="0.000233888626098633" />
    <testcase name="Equals (62)" classname="spec_perl_TestBitsSimpleLe_t" time="5.10215759277344e-05" />
    <testcase name="Equals (63)" classname="spec_perl_TestBitsSimpleLe_t" time="6.00814819335938e-05" />
  </testsuite>
  <testsuite name="spec_perl_TestBitsShiftByB32Le_t" errors="0" failures="0" skipped="0" tests="2" time="0.0438060760498047">
    <system-out>1..2
ok 1 - Equals
ok 2 - Equals
</system-out>
    <testcase name="Equals (64)" classname="spec_perl_TestBitsShiftByB32Le_t" time="0.00162696838378906" />
    <testcase name="Equals (65)" classname="spec_perl_TestBitsShiftByB32Le_t" time="6.98566436767578e-05" />
  </testsuite>
  <testsuite name="spec_perl_TestCastNested_t" errors="0" failures="0" skipped="0" tests="4" time="0.0495920181274414">
    <system-out>1..4
ok 1 - Equals
ok 2 - Equals
ok 3 - Equals
ok 4 - Equals
</system-out>
    <testcase name="Equals (66)" classname="spec_perl_TestCastNested_t" time="0.00166702270507812" />
    <testcase name="Equals (67)" classname="spec_perl_TestCastNested_t" time="9.01222229003906e-05" />
    <testcase name="Equals (68)" classname="spec_perl_TestCastNested_t" time="4.88758087158203e-05" />
    <testcase name="Equals (69)" classname="spec_perl_TestCastNested_t" time="6.00814819335938e-05" />
  </testsuite>
  <testsuite name="spec_perl_TestMetaTags_t" errors="0" failures="0" skipped="1" tests="1" time="0.0464870929718018">
    <system-out>1..1
ok 1 # skip MetaTags=HASH(0x5648e0eaec00)
</system-out>
    <testcase name="Unnamed test case 69" classname="spec_perl_TestMetaTags_t" time="0.00177288055419922">
      <skipped message="ok 1 # skip MetaTags=HASH(0x5648e0eaec00)" />
    </testcase>
  </testsuite>
  <testsuite name="spec_perl_TestNestedSameName2_t" errors="0" failures="0" skipped="0" tests="5" time="0.0486469268798828">
    <system-out>1..5
ok 1 - Equals
ok 2 - Equals
ok 3 - Equals
ok 4 - Equals
ok 5 - Equals
</system-out>
    <testcase name="Equals (70)" classname="spec_perl_TestNestedSameName2_t" time="0.00170803070068359" />
    <testcase name="Equals (71)" classname="spec_perl_TestNestedSameName2_t" time="8.392333984375e-05" />
    <testcase name="Equals (72)" classname="spec_perl_TestNestedSameName2_t" time="6.69956207275391e-05" />
    <testcase name="Equals (73)" classname="spec_perl_TestNestedSameName2_t" time="6.103515625e-05" />
    <testcase name="Equals (74)" classname="spec_perl_TestNestedSameName2_t" time="0.000138044357299805" />
  </testsuite>
  <testsuite name="spec_perl_TestNestedTypes2_t" errors="0" failures="0" skipped="0" tests="7" time="0.0435049533843994">
    <system-out>1..7
ok 1 - Equals
ok 2 - Equals
ok 3 - Equals
ok 4 - Equals
ok 5 - Equals
ok 6 - Equals
ok 7 - Equals
</system-out>
    <testcase name="Equals (75)" classname="spec_perl_TestNestedTypes2_t" time="0.0016779899597168" />
    <testcase name="Equals (76)" classname="spec_perl_TestNestedTypes2_t" time="8.60691070556641e-05" />
    <testcase name="Equals (77)" classname="spec_perl_TestNestedTypes2_t" time="6.4849853515625e-05" />
    <testcase name="Equals (78)" classname="spec_perl_TestNestedTypes2_t" time="6.50882720947266e-05" />
    <testcase name="Equals (79)" classname="spec_perl_TestNestedTypes2_t" time="6.103515625e-05" />
    <testcase name="Equals (80)" classname="spec_perl_TestNestedTypes2_t" time="0.000104904174804688" />
    <testcase name="Equals (81)" classname="spec_perl_TestNestedTypes2_t" time="8.10623168945312e-05" />
  </testsuite>
  <testsuite name="spec_perl_TestRepeatEosU4_t" errors="0" failures="0" skipped="0" tests="1" time="0.0398550033569336">
    <system-out>1..1
ok 1 - Equals
</system-out>
    <testcase name="Equals (82)" classname="spec_perl_TestRepeatEosU4_t" time="0.00162506103515625" />
  </testsuite>
  <testsuite name="spec_perl_TestNavParentFalse_t" errors="0" failures="0" skipped="0" tests="5" time="0.0418820381164551">
    <system-out>1..5
ok 1 - Equals
ok 2 - Equals
ok 3 - Equals
ok 4 - Equals
ok 5 - Equals
</system-out>
    <testcase name="Equals (83)" classname="spec_perl_TestNavParentFalse_t" time="0.00181102752685547" />
    <testcase name="Equals (84)" classname="spec_perl_TestNavParentFalse_t" time="8.20159912109375e-05" />
    <testcase name="Equals (85)" classname="spec_perl_TestNavParentFalse_t" time="4.60147857666016e-05" />
    <testcase name="Equals (86)" classname="spec_perl_TestNavParentFalse_t" time="7.79628753662109e-05" />
    <testcase name="Equals (87)" classname="spec_perl_TestNavParentFalse_t" time="0.000115156173706055" />
  </testsuite>
  <testsuite name="spec_perl_TestDefaultEndianMod_t" errors="0" failures="0" skipped="0" tests="3" time="0.0420351028442383">
    <system-out>1..3
ok 1 - Equals
ok 2 - Equals
ok 3 - Equals
</system-out>
    <testcase name="Equals (88)" classname="spec_perl_TestDefaultEndianMod_t" time="0.0012509822845459" />
    <testcase name="Equals (89)" classname="spec_perl_TestDefaultEndianMod_t" time="8.70227813720703e-05" />
    <testcase name="Equals (90)" classname="spec_perl_TestDefaultEndianMod_t" time="4.79221343994141e-05" />
  </testsuite>
  <testsuite name="spec_perl_TestStrEncodingsUtf16_t" errors="0" failures="0" skipped="0" tests="6" time="0.0476560592651367">
    <system-out>1..6
ok 1 - Equals
ok 2 - Equals
ok 3 - Equals
ok 4 - Equals
ok 5 - Equals
ok 6 - Equals
</system-out>
    <testcase name="Equals (91)" classname="spec_perl_TestStrEncodingsUtf16_t" time="0.00290894508361816" />
    <testcase name="Equals (92)" classname="spec_perl_TestStrEncodingsUtf16_t" time="8.48770141601562e-05" />
    <testcase name="Equals (93)" classname="spec_perl_TestStrEncodingsUtf16_t" time="6.41345977783203e-05" />
    <testcase name="Equals (94)" classname="spec_perl_TestStrEncodingsUtf16_t" time="5.79357147216797e-05" />
    <testcase name="Equals (95)" classname="spec_perl_TestStrEncodingsUtf16_t" time="0.000119924545288086" />
    <testcase name="Equals (96)" classname="spec_perl_TestStrEncodingsUtf16_t" time="0.000102043151855469" />
  </testsuite>
  <testsuite name="spec_perl_TestProcessXorValue_t" errors="0" failures="0" skipped="0" tests="2" time="0.0430090427398682">
    <system-out>1..2
ok 1 - Equals
ok 2 - Equals
</system-out>
    <testcase name="Equals (97)" classname="spec_perl_TestProcessXorValue_t" time="0.00169682502746582" />
    <testcase name="Equals (98)" classname="spec_perl_TestProcessXorValue_t" time="8.79764556884766e-05" />
  </testsuite>
  <testsuite name="spec_perl_TestExprSizeofType0_t" errors="0" failures="0" skipped="0" tests="1" time="0.0429940223693848">
    <system-out>1..1
ok 1 - Equals
</system-out>
    <testcase name="Equals (99)" classname="spec_perl_TestExprSizeofType0_t" time="0.0018000602722168" />
  </testsuite>
  <testsuite name="spec_perl_TestEnumLongRangeU_t" errors="0" failures="0" skipped="0" tests="4" time="0.0411031246185303">
    <system-out>1..4
ok 1 - Equals
ok 2 - Equals
ok 3 - Equals
ok 4 - Equals
</system-out>
    <testcase name="Equals (100)" classname="spec_perl_TestEnumLongRangeU_t" time="0.0015718936920166" />
    <testcase name="Equals (101)" classname="spec_perl_TestEnumLongRangeU_t" time="8.79764556884766e-05" />
    <testcase name="Equals (102)" classname="spec_perl_TestEnumLongRangeU_t" time="4.69684600830078e-05" />
    <testcase name="Equals (103)" classname="spec_perl_TestEnumLongRangeU_t" time="6.19888305664062e-05" />
  </testsuite>
  <testsuite name="spec_perl_TestSwitchManualEnumInvalidElse_t" errors="0" failures="0" skipped="0" tests="5" time="0.0472030639648438">
    <system-out>1..5
ok 1 - Equals
ok 2 - Equals
ok 3 - Equals
ok 4 - Equals
ok 5 - Equals
</system-out>
    <testcase name="Equals (104)" classname="spec_perl_TestSwitchManualEnumInvalidElse_t" time="0.00208902359008789" />
    <testcase name="Equals (105)" classname="spec_perl_TestSwitchManualEnumInvalidElse_t" time="0.000101089477539062" />
    <testcase name="Equals (106)" classname="spec_perl_TestSwitchManualEnumInvalidElse_t" time="7.48634338378906e-05" />
    <testcase name="Equals (107)" classname="spec_perl_TestSwitchManualEnumInvalidElse_t" time="5.10215759277344e-05" />
    <testcase name="Equals (108)" classname="spec_perl_TestSwitchManualEnumInvalidElse_t" time="4.00543212890625e-05" />
  </testsuite>
  <testsuite name="spec_perl_TestMultipleUse_t" errors="0" failures="0" skipped="0" tests="2" time="0.0430200099945068">
    <system-out>1..2
ok 1 - Equals
ok 2 - Equals
</system-out>
    <testcase name="Equals (109)" classname="spec_perl_TestMultipleUse_t" time="0.00164413452148438" />
    <testcase name="Equals (110)" classname="spec_perl_TestMultipleUse_t" time="0.000114917755126953" />
  </testsuite>
  <testsuite name="spec_perl_TestExpr3_t" errors="0" failures="0" skipped="0" tests="12" time="0.0547349452972412">
    <system-out>1..12
ok 1 - Equals
ok 2 - Equals
ok 3 - Equals
ok 4 - Equals
ok 5 - Equals
ok 6 - Equals
ok 7 - Equals
ok 8 - Equals
ok 9 - Equals
ok 10 - Equals
ok 11 - Equals
ok 12 - Equals
</system-out>
    <testcase name="Equals (111)" classname="spec_perl_TestExpr3_t" time="0.00219106674194336" />
    <testcase name="Equals (112)" classname="spec_perl_TestExpr3_t" time="0.000100851058959961" />
    <testcase name="Equals (113)" classname="spec_perl_TestExpr3_t" time="7.20024108886719e-05" />
    <testcase name="Equals (114)" classname="spec_perl_TestExpr3_t" time="8.10623168945312e-05" />
    <testcase name="Equals (115)" classname="spec_perl_TestExpr3_t" time="0.0002899169921875" />
    <testcase name="Equals (116)" classname="spec_perl_TestExpr3_t" time="0.000168085098266602" />
    <testcase name="Equals (117)" classname="spec_perl_TestExpr3_t" time="7.60555267333984e-05" />
    <testcase name="Equals (118)" classname="spec_perl_TestExpr3_t" time="0.000191926956176758" />
    <testcase name="Equals (119)" classname="spec_perl_TestExpr3_t" time="6.69956207275391e-05" />
    <testcase name="Equals (120)" classname="spec_perl_TestExpr3_t" time="0.000190019607543945" />
    <testcase name="Equals (121)" classname="spec_perl_TestExpr3_t" time="6.69956207275391e-05" />
    <testcase name="Equals (122)" classname="spec_perl_TestExpr3_t" time="0.000102043151855469" />
  </testsuite>
  <testsuite name="spec_perl_TestBitsUnalignedB64Le_t" errors="0" failures="0" skipped="0" tests="3" time="0.0450468063354492">
    <system-out>1..3
ok 1 - Equals
ok 2 - Equals
ok 3 - Equals
</system-out>
    <testcase name="Equals (123)" classname="spec_perl_TestBitsUnalignedB64Le_t" time="0.0018160343170166" />
    <testcase name="Equals (124)" classname="spec_perl_TestBitsUnalignedB64Le_t" time="8.17775726318359e-05" />
    <testcase name="Equals (125)" classname="spec_perl_TestBitsUnalignedB64Le_t" time="6.60419464111328e-05" />
  </testsuite>
  <testsuite name="spec_perl_TestEnumToI_t" errors="0" failures="0" skipped="0" tests="7" time="0.0415120124816895">
    <system-out>1..7
ok 1 - Equals
ok 2 - Equals
ok 3 - Equals
ok 4 - Equals
ok 5 - Equals
ok 6 - Equals
ok 7 - Equals
</system-out>
    <testcase name="Equals (126)" classname="spec_perl_TestEnumToI_t" time="0.00160503387451172" />
    <testcase name="Equals (127)" classname="spec_perl_TestEnumToI_t" time="7.70092010498047e-05" />
    <testcase name="Equals (128)" classname="spec_perl_TestEnumToI_t" time="4.38690185546875e-05" />
    <testcase name="Equals (129)" classname="spec_perl_TestEnumToI_t" time="5.29289245605469e-05" />
    <testcase name="Equals (130)" classname="spec_perl_TestEnumToI_t" time="5.22136688232422e-05" />
    <testcase name="Equals (131)" classname="spec_perl_TestEnumToI_t" time="0.00014495849609375" />
    <testcase name="Equals (132)" classname="spec_perl_TestEnumToI_t" time="9.79900360107422e-05" />
  </testsuite>
  <testsuite name="spec_perl_TestDebugEnumName_t" errors="1" failures="0" skipped="0" tests="0" time="0.038532018661499">
    <system-out></system-out>
    <testcase name="Test died too soon, even before plan. (132)" classname="spec_perl_TestDebugEnumName_t" time="0.038532018661499">
      <failure message="The test suite died before a plan was produced. You need to have a plan." type="Plan">No plan</failure>
    </testcase>
  </testsuite>
  <testsuite name="spec_perl_TestFixedStruct_t" errors="0" failures="0" skipped="0" tests="20" time="0.0468988418579102">
    <system-out>1..20
ok 1 - Equals
ok 2 - Equals
ok 3 - Equals
ok 4 - Equals
ok 5 - Equals
ok 6 - Equals
ok 7 - Equals
ok 8 - Equals
ok 9 - Equals
ok 10 - Equals
ok 11 - Equals
ok 12 - Equals
ok 13 - Equals
ok 14 - Equals
ok 15 - Equals
ok 16 - Equals
ok 17 - Equals
ok 18 - Equals
ok 19 - Equals
ok 20 - Equals
</system-out>
    <testcase name="Equals (133)" classname="spec_perl_TestFixedStruct_t" time="0.00153517723083496" />
    <testcase name="Equals (134)" classname="spec_perl_TestFixedStruct_t" time="0.000145912170410156" />
    <testcase name="Equals (135)" classname="spec_perl_TestFixedStruct_t" time="8.60691070556641e-05" />
    <testcase name="Equals (136)" classname="spec_perl_TestFixedStruct_t" time="7.39097595214844e-05" />
    <testcase name="Equals (137)" classname="spec_perl_TestFixedStruct_t" time="0.000118017196655273" />
    <testcase name="Equals (138)" classname="spec_perl_TestFixedStruct_t" time="0.000169038772583008" />
    <testcase name="Equals (139)" classname="spec_perl_TestFixedStruct_t" time="5.50746917724609e-05" />
    <testcase name="Equals (140)" classname="spec_perl_TestFixedStruct_t" time="7.48634338378906e-05" />
    <testcase name="Equals (141)" classname="spec_perl_TestFixedStruct_t" time="8.79764556884766e-05" />
    <testcase name="Equals (142)" classname="spec_perl_TestFixedStruct_t" time="5.41210174560547e-05" />
    <testcase name="Equals (143)" classname="spec_perl_TestFixedStruct_t" time="7.58171081542969e-05" />
    <testcase name="Equals (144)" classname="spec_perl_TestFixedStruct_t" time="9.82284545898438e-05" />
    <testcase name="Equals (145)" classname="spec_perl_TestFixedStruct_t" time="5.69820404052734e-05" />
    <testcase name="Equals (146)" classname="spec_perl_TestFixedStruct_t" time="0.00014495849609375" />
    <testcase name="Equals (147)" classname="spec_perl_TestFixedStruct_t" time="9.20295715332031e-05" />
    <testcase name="Equals (148)" classname="spec_perl_TestFixedStruct_t" time="9.20295715332031e-05" />
    <testcase name="Equals (149)" classname="spec_perl_TestFixedStruct_t" time="8.48770141601562e-05" />
    <testcase name="Equals (150)" classname="spec_perl_TestFixedStruct_t" time="0.000124931335449219" />
    <testcase name="Equals (151)" classname="spec_perl_TestFixedStruct_t" time="5.69820404052734e-05" />
    <testcase name="Equals (152)" classname="spec_perl_TestFixedStruct_t" time="9.41753387451172e-05" />
  </testsuite>
  <testsuite name="spec_perl_TestExprBits_t" errors="0" failures="0" skipped="0" tests="10" time="0.0431220531463623">
    <system-out>1..10
ok 1 - Equals
ok 2 - Equals
ok 3 - Equals
ok 4 - Equals
ok 5 - Equals
ok 6 - Equals
ok 7 - Equals
ok 8 - Equals
ok 9 - Equals
ok 10 - Equals
</system-out>
    <testcase name="Equals (153)" classname="spec_perl_TestExprBits_t" time="0.0019989013671875" />
    <testcase name="Equals (154)" classname="spec_perl_TestExprBits_t" time="8.0108642578125e-05" />
    <testcase name="Equals (155)" classname="spec_perl_TestExprBits_t" time="6.19888305664062e-05" />
    <testcase name="Equals (156)" classname="spec_perl_TestExprBits_t" time="8.79764556884766e-05" />
    <testcase name="Equals (157)" classname="spec_perl_TestExprBits_t" time="7.51018524169922e-05" />
    <testcase name="Equals (158)" classname="spec_perl_TestExprBits_t" time="5.10215759277344e-05" />
    <testcase name="Equals (159)" classname="spec_perl_TestExprBits_t" time="8.98838043212891e-05" />
    <testcase name="Equals (160)" classname="spec_perl_TestExprBits_t" time="7.60555267333984e-05" />
    <testcase name="Equals (161)" classname="spec_perl_TestExprBits_t" time="8.29696655273438e-05" />
    <testcase name="Equals (162)" classname="spec_perl_TestExprBits_t" time="9.39369201660156e-05" />
  </testsuite>
  <testsuite name="spec_perl_TestDefaultBigEndian_t" errors="0" failures="0" skipped="0" tests="1" time="0.0356519222259521">
    <system-out>1..1
ok 1 - Equals
</system-out>
    <testcase name="Equals (163)" classname="spec_perl_TestDefaultBigEndian_t" time="0.00158405303955078" />
  </testsuite>
  <testsuite name="spec_perl_TestStrEncodingsDefault_t" errors="0" failures="0" skipped="0" tests="4" time="0.0502839088439941">
    <system-out>1..4
ok 1 - Equals
ok 2 - Equals
ok 3 - Equals
ok 4 - Equals
</system-out>
    <testcase name="Equals (164)" classname="spec_perl_TestStrEncodingsDefault_t" time="0.00611996650695801" />
    <testcase name="Equals (165)" classname="spec_perl_TestStrEncodingsDefault_t" time="0.000113964080810547" />
    <testcase name="Equals (166)" classname="spec_perl_TestStrEncodingsDefault_t" time="5.19752502441406e-05" />
    <testcase name="Equals (167)" classname="spec_perl_TestStrEncodingsDefault_t" time="6.38961791992188e-05" />
  </testsuite>
  <testsuite name="spec_perl_TestStrPadTermEmpty_t" errors="0" failures="0" skipped="0" tests="4" time="0.0471868515014648">
    <system-out>1..4
ok 1 - Equals
ok 2 - Equals
ok 3 - Equals
ok 4 - Equals
</system-out>
    <testcase name="Equals (168)" classname="spec_perl_TestStrPadTermEmpty_t" time="0.00175595283508301" />
    <testcase name="Equals (169)" classname="spec_perl_TestStrPadTermEmpty_t" time="7.91549682617188e-05" />
    <testcase name="Equals (170)" classname="spec_perl_TestStrPadTermEmpty_t" time="4.79221343994141e-05" />
    <testcase name="Equals (171)" classname="spec_perl_TestStrPadTermEmpty_t" time="5.69820404052734e-05" />
  </testsuite>
  <testsuite name="spec_perl_TestFloatToI_t" errors="0" failures="0" skipped="0" tests="8" time="0.0411720275878906">
    <system-out>1..8
ok 1 - Approx equals
ok 2 - Approx equals
ok 3 - Equals
ok 4 - Equals
ok 5 - Equals
ok 6 - Equals
ok 7 - Equals
ok 8 - Equals
</system-out>
    <testcase name="Approx equals (171)" classname="spec_perl_TestFloatToI_t" time="0.00136899948120117" />
    <testcase name="Approx equals (172)" classname="spec_perl_TestFloatToI_t" time="6.98566436767578e-05" />
    <testcase name="Equals (172)" classname="spec_perl_TestFloatToI_t" time="5.91278076171875e-05" />
    <testcase name="Equals (173)" classname="spec_perl_TestFloatToI_t" time="5.48362731933594e-05" />
    <testcase name="Equals (174)" classname="spec_perl_TestFloatToI_t" time="0.000116109848022461" />
    <testcase name="Equals (175)" classname="spec_perl_TestFloatToI_t" time="0.000159025192260742" />
    <testcase name="Equals (176)" classname="spec_perl_TestFloatToI_t" time="9.70363616943359e-05" />
    <testcase name="Equals (177)" classname="spec_perl_TestFloatToI_t" time="9.29832458496094e-05" />
  </testsuite>
  <testsuite name="spec_perl_TestBufferedStruct_t" errors="0" failures="0" skipped="0" tests="7" time="0.0488500595092773">
    <system-out>1..7
ok 1 - Equals
ok 2 - Equals
ok 3 - Equals
ok 4 - Equals
ok 5 - Equals
ok 6 - Equals
ok 7 - Equals
</system-out>
    <testcase name="Equals (178)" classname="spec_perl_TestBufferedStruct_t" time="0.0023350715637207" />
    <testcase name="Equals (179)" classname="spec_perl_TestBufferedStruct_t" time="9.70363616943359e-05" />
    <testcase name="Equals (180)" classname="spec_perl_TestBufferedStruct_t" time="5.19752502441406e-05" />
    <testcase name="Equals (181)" classname="spec_perl_TestBufferedStruct_t" time="0.000189065933227539" />
    <testcase name="Equals (182)" classname="spec_perl_TestBufferedStruct_t" time="0.000277996063232422" />
    <testcase name="Equals (183)" classname="spec_perl_TestBufferedStruct_t" time="0.000102996826171875" />
    <testcase name="Equals (184)" classname="spec_perl_TestBufferedStruct_t" time="8.70227813720703e-05" />
  </testsuite>
  <testsuite name="spec_perl_TestTermU1Val_t" errors="0" failures="0" skipped="0" tests="2" time="0.0517568588256836">
    <system-out>1..2
ok 1 - Equals
ok 2 - Equals
</system-out>
    <testcase name="Equals (185)" classname="spec_perl_TestTermU1Val_t" time="0.00163698196411133" />
    <testcase name="Equals (186)" classname="spec_perl_TestTermU1Val_t" time="0.000114917755126953" />
  </testsuite>
  <testsuite name="spec_perl_TestEnumForUnknownId_t" errors="0" failures="0" skipped="0" tests="1" time="0.0446591377258301">
    <system-out>1..1
ok 1 - Equals
</system-out>
    <testcase name="Equals (187)" classname="spec_perl_TestEnumForUnknownId_t" time="0.00199007987976074" />
  </testsuite>
  <testsuite name="spec_perl_TestParamsEnum_t" errors="0" failures="1" skipped="0" tests="2" time="0.0428578853607178">
    <system-out>1..2
ok 1 - Equals
not ok 2 - Equals
</system-out>
    <testcase name="Equals (188)" classname="spec_perl_TestParamsEnum_t" time="0.0015418529510498" />
    <testcase name="Equals (189)" classname="spec_perl_TestParamsEnum_t" time="0.000100135803222656">
      <failure message="not ok 2 - Equals" type="TAP::Parser::Result::Test"></failure>
    </testcase>
  </testsuite>
  <testsuite name="spec_perl_TestCombineBytes_t" errors="0" failures="0" skipped="0" tests="10" time="0.0492620468139648">
    <system-out>1..10
ok 1 - Equals
ok 2 - Equals
ok 3 - Equals
ok 4 - Equals
ok 5 - Equals
ok 6 - Equals
ok 7 - Equals
ok 8 - Equals
ok 9 - Equals
ok 10 - Equals
</system-out>
    <testcase name="Equals (190)" classname="spec_perl_TestCombineBytes_t" time="0.00161099433898926" />
    <testcase name="Equals (191)" classname="spec_perl_TestCombineBytes_t" time="0.000223875045776367" />
    <testcase name="Equals (192)" classname="spec_perl_TestCombineBytes_t" time="0.000141143798828125" />
    <testcase name="Equals (193)" classname="spec_perl_TestCombineBytes_t" time="6.38961791992188e-05" />
    <testcase name="Equals (194)" classname="spec_perl_TestCombineBytes_t" time="0.000192165374755859" />
    <testcase name="Equals (195)" classname="spec_perl_TestCombineBytes_t" time="0.000107765197753906" />
    <testcase name="Equals (196)" classname="spec_perl_TestCombineBytes_t" time="7.60555267333984e-05" />
    <testcase name="Equals (197)" classname="spec_perl_TestCombineBytes_t" time="9.70363616943359e-05" />
    <testcase name="Equals (198)" classname="spec_perl_TestCombineBytes_t" time="9.79900360107422e-05" />
    <testcase name="Equals (199)" classname="spec_perl_TestCombineBytes_t" time="0.000100135803222656" />
  </testsuite>
  <testsuite name="spec_perl_TestInstanceUserArray_t" errors="0" failures="0" skipped="0" tests="10" time="0.0459589958190918">
    <system-out>1..10
ok 1 - Equals
ok 2 - Equals
ok 3 - Equals
ok 4 - Equals
ok 5 - Equals
ok 6 - Equals
ok 7 - Equals
ok 8 - Equals
ok 9 - Equals
ok 10 - Equals
</system-out>
    <testcase name="Equals (200)" classname="spec_perl_TestInstanceUserArray_t" time="0.00153493881225586" />
    <testcase name="Equals (201)" classname="spec_perl_TestInstanceUserArray_t" time="8.51154327392578e-05" />
    <testcase name="Equals (202)" classname="spec_perl_TestInstanceUserArray_t" time="4.79221343994141e-05" />
    <testcase name="Equals (203)" classname="spec_perl_TestInstanceUserArray_t" time="0.000662088394165039" />
    <testcase name="Equals (204)" classname="spec_perl_TestInstanceUserArray_t" time="8.392333984375e-05" />
    <testcase name="Equals (205)" classname="spec_perl_TestInstanceUserArray_t" time="6.29425048828125e-05" />
    <testcase name="Equals (206)" classname="spec_perl_TestInstanceUserArray_t" time="8.51154327392578e-05" />
    <testcase name="Equals (207)" classname="spec_perl_TestInstanceUserArray_t" time="5.60283660888672e-05" />
    <testcase name="Equals (208)" classname="spec_perl_TestInstanceUserArray_t" time="0.000108003616333008" />
    <testcase name="Equals (209)" classname="spec_perl_TestInstanceUserArray_t" time="9.58442687988281e-05" />
  </testsuite>
  <testsuite name="spec_perl_TestStrPadTerm_t" errors="0" failures="0" skipped="0" tests="4" time="0.0453331470489502">
    <system-out>1..4
ok 1 - Equals
ok 2 - Equals
ok 3 - Equals
ok 4 - Equals
</system-out>
    <testcase name="Equals (210)" classname="spec_perl_TestStrPadTerm_t" time="0.00160598754882812" />
    <testcase name="Equals (211)" classname="spec_perl_TestStrPadTerm_t" time="0.000113010406494141" />
    <testcase name="Equals (212)" classname="spec_perl_TestStrPadTerm_t" time="0.000203847885131836" />
    <testcase name="Equals (213)" classname="spec_perl_TestStrPadTerm_t" time="5.29289245605469e-05" />
  </testsuite>
  <testsuite name="spec_perl_TestProcessCustomNoArgs_t" errors="1" failures="0" skipped="0" tests="0" time="0.0372650623321533">
    <system-out></system-out>
    <testcase name="Test died too soon, even before plan. (213)" classname="spec_perl_TestProcessCustomNoArgs_t" time="0.0372650623321533">
      <failure message="The test suite died before a plan was produced. You need to have a plan." type="Plan">No plan</failure>
    </testcase>
  </testsuite>
  <testsuite name="spec_perl_TestRepeatUntilS4_t" errors="0" failures="0" skipped="0" tests="2" time="0.0464110374450684">
    <system-out>1..2
ok 1 - Equals
ok 2 - Equals
</system-out>
    <testcase name="Equals (214)" classname="spec_perl_TestRepeatUntilS4_t" time="0.00147604942321777" />
    <testcase name="Equals (215)" classname="spec_perl_TestRepeatUntilS4_t" time="8.29696655273438e-05" />
  </testsuite>
  <testsuite name="spec_perl_TestExprOpsParens_t" errors="0" failures="1" skipped="0" tests="9" time="0.0449140071868896">
    <system-out>1..9
ok 1 - Equals
ok 2 - Equals
ok 3 - Equals
ok 4 - Equals
ok 5 - Equals
ok 6 - Equals
not ok 7 - Equals
ok 8 - Equals
ok 9 - Equals
</system-out>
    <testcase name="Equals (216)" classname="spec_perl_TestExprOpsParens_t" time="0.00182008743286133" />
    <testcase name="Equals (217)" classname="spec_perl_TestExprOpsParens_t" time="8.29696655273438e-05" />
    <testcase name="Equals (218)" classname="spec_perl_TestExprOpsParens_t" time="7.89165496826172e-05" />
    <testcase name="Equals (219)" classname="spec_perl_TestExprOpsParens_t" time="0.000205039978027344" />
    <testcase name="Equals (220)" classname="spec_perl_TestExprOpsParens_t" time="6.103515625e-05" />
    <testcase name="Equals (221)" classname="spec_perl_TestExprOpsParens_t" time="0.000133991241455078" />
    <testcase name="Equals (222)" classname="spec_perl_TestExprOpsParens_t" time="0.000121116638183594">
      <failure message="not ok 7 - Equals" type="TAP::Parser::Result::Test"></failure>
    </testcase>
    <testcase name="Equals (223)" classname="spec_perl_TestExprOpsParens_t" time="0.00100183486938477" />
    <testcase name="Equals (224)" classname="spec_perl_TestExprOpsParens_t" time="5.41210174560547e-05" />
  </testsuite>
  <testsuite name="spec_perl_TestNavParentSwitch_t" errors="0" failures="0" skipped="0" tests="3" time="0.045400857925415">
    <system-out>1..3
ok 1 - Equals
ok 2 - Equals
ok 3 - Equals
</system-out>
    <testcase name="Equals (225)" classname="spec_perl_TestNavParentSwitch_t" time="0.00197196006774902" />
    <testcase name="Equals (226)" classname="spec_perl_TestNavParentSwitch_t" time="0.000153064727783203" />
    <testcase name="Equals (227)" classname="spec_perl_TestNavParentSwitch_t" time="0.000110864639282227" />
  </testsuite>
  <testsuite name="spec_perl_TestSwitchElseOnly_t" errors="0" failures="0" skipped="0" tests="3" time="0.0413029193878174">
    <system-out>1..3
ok 1 - Equals
ok 2 - Equals
ok 3 - Equals
</system-out>
    <testcase name="Equals (228)" classname="spec_perl_TestSwitchElseOnly_t" time="0.00190091133117676" />
    <testcase name="Equals (229)" classname="spec_perl_TestSwitchElseOnly_t" time="6.41345977783203e-05" />
    <testcase name="Equals (230)" classname="spec_perl_TestSwitchElseOnly_t" time="8.89301300048828e-05" />
  </testsuite>
  <testsuite name="spec_perl_TestRepeatUntilSized_t" errors="0" failures="0" skipped="0" tests="7" time="0.0425570011138916">
    <system-out>1..7
ok 1 - Equals
ok 2 - Equals
ok 3 - Equals
ok 4 - Equals
ok 5 - Equals
ok 6 - Equals
ok 7 - Equals
</system-out>
    <testcase name="Equals (231)" classname="spec_perl_TestRepeatUntilSized_t" time="0.00229287147521973" />
    <testcase name="Equals (232)" classname="spec_perl_TestRepeatUntilSized_t" time="9.79900360107422e-05" />
    <testcase name="Equals (233)" classname="spec_perl_TestRepeatUntilSized_t" time="7.00950622558594e-05" />
    <testcase name="Equals (234)" classname="spec_perl_TestRepeatUntilSized_t" time="6.4849853515625e-05" />
    <testcase name="Equals (235)" classname="spec_perl_TestRepeatUntilSized_t" time="4.31537628173828e-05" />
    <testcase name="Equals (236)" classname="spec_perl_TestRepeatUntilSized_t" time="0.000165939331054688" />
    <testcase name="Equals (237)" classname="spec_perl_TestRepeatUntilSized_t" time="9.20295715332031e-05" />
  </testsuite>
  <testsuite name="spec_perl_TestNonStandard_t" errors="0" failures="0" skipped="0" tests="1" time="0.0409610271453857">
    <system-out>1..1
ok 1 - Equals
</system-out>
    <testcase name="Equals (238)" classname="spec_perl_TestNonStandard_t" time="0.00153183937072754" />
  </testsuite>
  <testsuite name="spec_perl_TestIfInstances_t" errors="0" failures="0" skipped="0" tests="1" time="0.0451898574829102">
    <system-out>1..1
ok 1 - nil
</system-out>
    <testcase name="nil (238)" classname="spec_perl_TestIfInstances_t" time="0.00213408470153809" />
  </testsuite>
  <testsuite name="spec_perl_TestIfStruct_t" errors="0" failures="0" skipped="0" tests="7" time="0.0475919246673584">
    <system-out>1..7
ok 1 - Equals
ok 2 - Equals
ok 3 - Equals
ok 4 - Equals
ok 5 - Equals
ok 6 - Equals
ok 7 - Equals
</system-out>
    <testcase name="Equals (239)" classname="spec_perl_TestIfStruct_t" time="0.00198483467102051" />
    <testcase name="Equals (240)" classname="spec_perl_TestIfStruct_t" time="8.60691070556641e-05" />
    <testcase name="Equals (241)" classname="spec_perl_TestIfStruct_t" time="5.00679016113281e-05" />
    <testcase name="Equals (242)" classname="spec_perl_TestIfStruct_t" time="7.20024108886719e-05" />
    <testcase name="Equals (243)" classname="spec_perl_TestIfStruct_t" time="6.103515625e-05" />
    <testcase name="Equals (244)" classname="spec_perl_TestIfStruct_t" time="5.69820404052734e-05" />
    <testcase name="Equals (245)" classname="spec_perl_TestIfStruct_t" time="8.98838043212891e-05" />
  </testsuite>
  <testsuite name="spec_perl_TestBitsUnalignedB32Le_t" errors="0" failures="0" skipped="0" tests="3" time="0.0418188571929932">
    <system-out>1..3
ok 1 - Equals
ok 2 - Equals
ok 3 - Equals
</system-out>
    <testcase name="Equals (246)" classname="spec_perl_TestBitsUnalignedB32Le_t" time="0.00165295600891113" />
    <testcase name="Equals (247)" classname="spec_perl_TestBitsUnalignedB32Le_t" time="8.392333984375e-05" />
    <testcase name="Equals (248)" classname="spec_perl_TestBitsUnalignedB32Le_t" time="4.69684600830078e-05" />
  </testsuite>
  <testsuite name="spec_perl_TestRepeatNStrz_t" errors="0" failures="0" skipped="0" tests="2" time="0.0523710250854492">
    <system-out>1..2
ok 1 - Equals
ok 2 - Equals
</system-out>
    <testcase name="Equals (249)" classname="spec_perl_TestRepeatNStrz_t" time="0.00157308578491211" />
    <testcase name="Equals (250)" classname="spec_perl_TestRepeatNStrz_t" time="0.00138401985168457" />
  </testsuite>
  <testsuite name="spec_perl_TestSwitchManualIntSizeElse_t" errors="0" failures="0" skipped="0" tests="10" time="0.0512878894805908">
    <system-out>1..10
ok 1 - Equals
ok 2 - Equals
ok 3 - Equals
ok 4 - Equals
ok 5 - Equals
ok 6 - Equals
ok 7 - Equals
ok 8 - Equals
ok 9 - Equals
ok 10 - Equals
</system-out>
    <testcase name="Equals (251)" classname="spec_perl_TestSwitchManualIntSizeElse_t" time="0.00272202491760254" />
    <testcase name="Equals (252)" classname="spec_perl_TestSwitchManualIntSizeElse_t" time="8.79764556884766e-05" />
    <testcase name="Equals (253)" classname="spec_perl_TestSwitchManualIntSizeElse_t" time="6.41345977783203e-05" />
    <testcase name="Equals (254)" classname="spec_perl_TestSwitchManualIntSizeElse_t" time="5.88893890380859e-05" />
    <testcase name="Equals (255)" classname="spec_perl_TestSwitchManualIntSizeElse_t" time="0.000102043151855469" />
    <testcase name="Equals (256)" classname="spec_perl_TestSwitchManualIntSizeElse_t" time="0.000181913375854492" />
    <testcase name="Equals (257)" classname="spec_perl_TestSwitchManualIntSizeElse_t" time="9.10758972167969e-05" />
    <testcase name="Equals (258)" classname="spec_perl_TestSwitchManualIntSizeElse_t" time="9.60826873779297e-05" />
    <testcase name="Equals (259)" classname="spec_perl_TestSwitchManualIntSizeElse_t" time="0.000100851058959961" />
    <testcase name="Equals (260)" classname="spec_perl_TestSwitchManualIntSizeElse_t" time="0.000102996826171875" />
  </testsuite>
  <testsuite name="spec_perl_TestProcessRepeatUsertype_t" errors="0" failures="0" skipped="0" tests="4" time="0.0469648838043213">
    <system-out>1..4
ok 1 - Equals
ok 2 - Equals
ok 3 - Equals
ok 4 - Equals
</system-out>
    <testcase name="Equals (261)" classname="spec_perl_TestProcessRepeatUsertype_t" time="0.00192403793334961" />
    <testcase name="Equals (262)" classname="spec_perl_TestProcessRepeatUsertype_t" time="8.20159912109375e-05" />
    <testcase name="Equals (263)" classname="spec_perl_TestProcessRepeatUsertype_t" time="4.38690185546875e-05" />
    <testcase name="Equals (264)" classname="spec_perl_TestProcessRepeatUsertype_t" time="6.60419464111328e-05" />
  </testsuite>
  <testsuite name="spec_perl_TestExprIntDiv_t" errors="0" failures="2" skipped="0" tests="6" time="0.0487630367279053">
    <system-out>1..6
ok 1 - Equals
ok 2 - Equals
ok 3 - Equals
not ok 4 - Equals
ok 5 - Equals
not ok 6 - Equals
</system-out>
    <testcase name="Equals (265)" classname="spec_perl_TestExprIntDiv_t" time="0.00165295600891113" />
    <testcase name="Equals (266)" classname="spec_perl_TestExprIntDiv_t" time="9.29832458496094e-05" />
    <testcase name="Equals (267)" classname="spec_perl_TestExprIntDiv_t" time="5.69820404052734e-05" />
    <testcase name="Equals (268)" classname="spec_perl_TestExprIntDiv_t" time="0.000169038772583008">
      <failure message="not ok 4 - Equals" type="TAP::Parser::Result::Test"></failure>
    </testcase>
    <testcase name="Equals (269)" classname="spec_perl_TestExprIntDiv_t" time="0.00197601318359375" />
    <testcase name="Equals (270)" classname="spec_perl_TestExprIntDiv_t" time="6.38961791992188e-05">
      <failure message="not ok 6 - Equals" type="TAP::Parser::Result::Test"></failure>
    </testcase>
  </testsuite>
  <testsuite name="spec_perl_TestJsSignedRightShift_t" errors="0" failures="0" skipped="0" tests="2" time="0.0405268669128418">
    <system-out>1..2
ok 1 - Equals
ok 2 - Equals
</system-out>
    <testcase name="Equals (271)" classname="spec_perl_TestJsSignedRightShift_t" time="0.0013730525970459" />
    <testcase name="Equals (272)" classname="spec_perl_TestJsSignedRightShift_t" time="8.60691070556641e-05" />
  </testsuite>
  <testsuite name="spec_perl_TestEnumIf_t" errors="0" failures="0" skipped="0" tests="7" time="0.0528151988983154">
    <system-out>1..7
ok 1 - Equals
ok 2 - Equals
ok 3 - Equals
ok 4 - Equals
ok 5 - Equals
ok 6 - Equals
ok 7 - Equals
</system-out>
    <testcase name="Equals (273)" classname="spec_perl_TestEnumIf_t" time="0.00298190116882324" />
    <testcase name="Equals (274)" classname="spec_perl_TestEnumIf_t" time="0.000108003616333008" />
    <testcase name="Equals (275)" classname="spec_perl_TestEnumIf_t" time="5.60283660888672e-05" />
    <testcase name="Equals (276)" classname="spec_perl_TestEnumIf_t" time="4.29153442382812e-05" />
    <testcase name="Equals (277)" classname="spec_perl_TestEnumIf_t" time="6.00814819335938e-05" />
    <testcase name="Equals (278)" classname="spec_perl_TestEnumIf_t" time="4.10079956054688e-05" />
    <testcase name="Equals (279)" classname="spec_perl_TestEnumIf_t" time="5.60283660888672e-05" />
  </testsuite>
  <testsuite name="spec_perl_TestExprSizeofType1_t" errors="0" failures="0" skipped="0" tests="2" time="0.0469260215759277">
    <system-out>1..2
ok 1 - Equals
ok 2 - Equals
</system-out>
    <testcase name="Equals (280)" classname="spec_perl_TestExprSizeofType1_t" time="0.00218415260314941" />
    <testcase name="Equals (281)" classname="spec_perl_TestExprSizeofType1_t" time="9.29832458496094e-05" />
  </testsuite>
  <testsuite name="spec_perl_TestToStringCustom_t" errors="0" failures="0" skipped="0" tests="1" time="0.045576810836792">
    <system-out>1..1
ok 1 - Equals
</system-out>
    <testcase name="Equals (282)" classname="spec_perl_TestToStringCustom_t" time="0.000489950180053711" />
  </testsuite>
  <testsuite name="spec_perl_TestUserType_t" errors="0" failures="0" skipped="0" tests="2" time="0.040057897567749">
    <system-out>1..2
ok 1 - Equals
ok 2 - Equals
</system-out>
    <testcase name="Equals (283)" classname="spec_perl_TestUserType_t" time="0.00153088569641113" />
    <testcase name="Equals (284)" classname="spec_perl_TestUserType_t" time="7.60555267333984e-05" />
  </testsuite>
  <testsuite name="spec_perl_TestTsPacketHeader_t" errors="0" failures="0" skipped="0" tests="7" time="0.0450439453125">
    <system-out>1..7
ok 1 - Equals
ok 2 - Equals
ok 3 - Equals
ok 4 - Equals
ok 5 - Equals
ok 6 - Equals
ok 7 - Equals
</system-out>
    <testcase name="Equals (285)" classname="spec_perl_TestTsPacketHeader_t" time="0.00160598754882812" />
    <testcase name="Equals (286)" classname="spec_perl_TestTsPacketHeader_t" time="0.000195026397705078" />
    <testcase name="Equals (287)" classname="spec_perl_TestTsPacketHeader_t" time="0.000103950500488281" />
    <testcase name="Equals (288)" classname="spec_perl_TestTsPacketHeader_t" time="9.60826873779297e-05" />
    <testcase name="Equals (289)" classname="spec_perl_TestTsPacketHeader_t" time="0.0001068115234375" />
    <testcase name="Equals (290)" classname="spec_perl_TestTsPacketHeader_t" time="9.29832458496094e-05" />
    <testcase name="Equals (291)" classname="spec_perl_TestTsPacketHeader_t" time="0.000126123428344727" />
  </testsuite>
  <testsuite name="spec_perl_TestIntegers_t" errors="0" failures="0" skipped="0" tests="20" time="0.0421378612518311">
    <system-out>1..20
ok 1 - Equals
ok 2 - Equals
ok 3 - Equals
ok 4 - Equals
ok 5 - Equals
ok 6 - Equals
ok 7 - Equals
ok 8 - Equals
ok 9 - Equals
ok 10 - Equals
ok 11 - Equals
ok 12 - Equals
ok 13 - Equals
ok 14 - Equals
ok 15 - Equals
ok 16 - Equals
ok 17 - Equals
ok 18 - Equals
ok 19 - Equals
ok 20 - Equals
</system-out>
    <testcase name="Equals (292)" classname="spec_perl_TestIntegers_t" time="0.00147581100463867" />
    <testcase name="Equals (293)" classname="spec_perl_TestIntegers_t" time="8.10623168945312e-05" />
    <testcase name="Equals (294)" classname="spec_perl_TestIntegers_t" time="4.79221343994141e-05" />
    <testcase name="Equals (295)" classname="spec_perl_TestIntegers_t" time="5.69820404052734e-05" />
    <testcase name="Equals (296)" classname="spec_perl_TestIntegers_t" time="6.50882720947266e-05" />
    <testcase name="Equals (297)" classname="spec_perl_TestIntegers_t" time="5.69820404052734e-05" />
    <testcase name="Equals (298)" classname="spec_perl_TestIntegers_t" time="0.000206947326660156" />
    <testcase name="Equals (299)" classname="spec_perl_TestIntegers_t" time="4.72068786621094e-05" />
    <testcase name="Equals (300)" classname="spec_perl_TestIntegers_t" time="5.69820404052734e-05" />
    <testcase name="Equals (301)" classname="spec_perl_TestIntegers_t" time="5.38825988769531e-05" />
    <testcase name="Equals (302)" classname="spec_perl_TestIntegers_t" time="5.41210174560547e-05" />
    <testcase name="Equals (303)" classname="spec_perl_TestIntegers_t" time="0.000135898590087891" />
    <testcase name="Equals (304)" classname="spec_perl_TestIntegers_t" time="8.60691070556641e-05" />
    <testcase name="Equals (305)" classname="spec_perl_TestIntegers_t" time="9.29832458496094e-05" />
    <testcase name="Equals (306)" classname="spec_perl_TestIntegers_t" time="0.000153064727783203" />
    <testcase name="Equals (307)" classname="spec_perl_TestIntegers_t" time="0.000184774398803711" />
    <testcase name="Equals (308)" classname="spec_perl_TestIntegers_t" time="6.103515625e-05" />
    <testcase name="Equals (309)" classname="spec_perl_TestIntegers_t" time="8.91685485839844e-05" />
    <testcase name="Equals (310)" classname="spec_perl_TestIntegers_t" time="0.000125885009765625" />
    <testcase name="Equals (311)" classname="spec_perl_TestIntegers_t" time="0.000155925750732422" />
  </testsuite>
  <testsuite name="spec_perl_TestNestedTypes3_t" errors="0" failures="0" skipped="0" tests="5" time="0.0414130687713623">
    <system-out>1..5
ok 1 - Equals
ok 2 - Equals
ok 3 - Equals
ok 4 - Equals
ok 5 - Equals
</system-out>
    <testcase name="Equals (312)" classname="spec_perl_TestNestedTypes3_t" time="0.00157594680786133" />
    <testcase name="Equals (313)" classname="spec_perl_TestNestedTypes3_t" time="8.91685485839844e-05" />
    <testcase name="Equals (314)" classname="spec_perl_TestNestedTypes3_t" time="4.79221343994141e-05" />
    <testcase name="Equals (315)" classname="spec_perl_TestNestedTypes3_t" time="6.19888305664062e-05" />
    <testcase name="Equals (316)" classname="spec_perl_TestNestedTypes3_t" time="5.88893890380859e-05" />
  </testsuite>
  <testsuite name="spec_perl_TestExpr1_t" errors="0" failures="0" skipped="0" tests="4" time="0.0471022129058838">
    <system-out>1..4
ok 1 - Equals
ok 2 - Equals
ok 3 - Equals
ok 4 - Equals
</system-out>
    <testcase name="Equals (317)" classname="spec_perl_TestExpr1_t" time="0.00205588340759277" />
    <testcase name="Equals (318)" classname="spec_perl_TestExpr1_t" time="0.000108003616333008" />
    <testcase name="Equals (319)" classname="spec_perl_TestExpr1_t" time="4.91142272949219e-05" />
    <testcase name="Equals (320)" classname="spec_perl_TestExpr1_t" time="4.29153442382812e-05" />
  </testsuite>
  <testsuite name="spec_perl_TestValidEqStrEncodings_t" errors="0" failures="0" skipped="1" tests="1" time="0.053602933883667">
    <system-out>1..1
ok 1 # skip ValidEqStrEncodings=HASH(0x562dabc6b858)
</system-out>
    <testcase name="Unnamed test case 320" classname="spec_perl_TestValidEqStrEncodings_t" time="0.00681591033935547">
      <skipped message="ok 1 # skip ValidEqStrEncodings=HASH(0x562dabc6b858)" />
    </testcase>
  </testsuite>
  <testsuite name="spec_perl_TestProcessToUser_t" errors="0" failures="0" skipped="0" tests="1" time="0.0480949878692627">
    <system-out>1..1
ok 1 - Equals
</system-out>
    <testcase name="Equals (321)" classname="spec_perl_TestProcessToUser_t" time="0.00185394287109375" />
  </testsuite>
  <testsuite name="spec_perl_TestIndexToParamExpr_t" errors="0" failures="2" skipped="0" tests="7" time="0.0566651821136475">
    <system-out>1..7
ok 1 - Equals
ok 2 - Equals
ok 3 - Equals
ok 4 - Equals
ok 5 - Equals
not ok 6 - Equals
not ok 7 - Equals
</system-out>
    <testcase name="Equals (322)" classname="spec_perl_TestIndexToParamExpr_t" time="0.0035851001739502" />
    <testcase name="Equals (323)" classname="spec_perl_TestIndexToParamExpr_t" time="7.70092010498047e-05" />
    <testcase name="Equals (324)" classname="spec_perl_TestIndexToParamExpr_t" time="8.392333984375e-05" />
    <testcase name="Equals (325)" classname="spec_perl_TestIndexToParamExpr_t" time="6.103515625e-05" />
    <testcase name="Equals (326)" classname="spec_perl_TestIndexToParamExpr_t" time="4.50611114501953e-05" />
    <testcase name="Equals (327)" classname="spec_perl_TestIndexToParamExpr_t" time="5.38825988769531e-05">
      <failure message="not ok 6 - Equals" type="TAP::Parser::Result::Test"></failure>
    </testcase>
    <testcase name="Equals (328)" classname="spec_perl_TestIndexToParamExpr_t" time="0.00216507911682129">
      <failure message="not ok 7 - Equals" type="TAP::Parser::Result::Test"></failure>
    </testcase>
  </testsuite>
  <testsuite name="spec_perl_TestHelloWorld_t" errors="0" failures="0" skipped="0" tests="1" time="0.0413210391998291">
    <system-out>1..1
ok 1 - Equals
</system-out>
    <testcase name="Equals (329)" classname="spec_perl_TestHelloWorld_t" time="0.00279784202575684" />
  </testsuite>
  <testsuite name="spec_perl_TestParamsPassStruct_t" errors="0" failures="1" skipped="1" tests="4" time="0.0449039936065674">
    <system-out>1..4
ok 1 - Equals
ok 2 - Equals
not ok 3 - test_params_pass_struct died (Can't call method &quot;foo&quot; on an undefined value at spec/perl/TestParamsPassStruct.t line 16.)
ok 4 # skip test_params_pass_struct died
</system-out>
    <testcase name="Equals (330)" classname="spec_perl_TestParamsPassStruct_t" time="0.00168514251708984" />
    <testcase name="Equals (331)" classname="spec_perl_TestParamsPassStruct_t" time="8.48770141601562e-05" />
    <testcase name="test_params_pass_struct died (Can't call method &quot;foo&quot; on an undefined value at spec/perl/TestParamsPassStruct.t line 16.) (331)" classname="spec_perl_TestParamsPassStruct_t" time="0.0001220703125">
      <failure message="not ok 3 - test_params_pass_struct died (Can't call method &quot;foo&quot; on an undefined value at spec/perl/TestParamsPassStruct.t line 16.)" type="TAP::Parser::Result::Test"></failure>
    </testcase>
    <testcase name="Unnamed test case 331" classname="spec_perl_TestParamsPassStruct_t" time="0.000129938125610352">
      <skipped message="ok 4 # skip test_params_pass_struct died" />
    </testcase>
  </testsuite>
  <testsuite name="spec_perl_TestNavParent2_t" errors="0" failures="0" skipped="0" tests="10" time="0.0487589836120605">
    <system-out>1..10
ok 1 - Equals
ok 2 - Equals
ok 3 - Equals
ok 4 - Equals
ok 5 - Equals
ok 6 - Equals
ok 7 - Equals
ok 8 - Equals
ok 9 - Equals
ok 10 - Equals
</system-out>
    <testcase name="Equals (332)" classname="spec_perl_TestNavParent2_t" time="0.00168299674987793" />
    <testcase name="Equals (333)" classname="spec_perl_TestNavParent2_t" time="8.60691070556641e-05" />
    <testcase name="Equals (334)" classname="spec_perl_TestNavParent2_t" time="4.79221343994141e-05" />
    <testcase name="Equals (335)" classname="spec_perl_TestNavParent2_t" time="7.20024108886719e-05" />
    <testcase name="Equals (336)" classname="spec_perl_TestNavParent2_t" time="5.88893890380859e-05" />
    <testcase name="Equals (337)" classname="spec_perl_TestNavParent2_t" time="0.000173091888427734" />
    <testcase name="Equals (338)" classname="spec_perl_TestNavParent2_t" time="9.89437103271484e-05" />
    <testcase name="Equals (339)" classname="spec_perl_TestNavParent2_t" time="9.79900360107422e-05" />
    <testcase name="Equals (340)" classname="spec_perl_TestNavParent2_t" time="0.000135183334350586" />
    <testcase name="Equals (341)" classname="spec_perl_TestNavParent2_t" time="0.000124931335449219" />
  </testsuite>
  <testsuite name="spec_perl_TestDocstringsDocref_t" errors="0" failures="0" skipped="1" tests="1" time="0.040985107421875">
    <system-out>1..1
ok 1 # skip DocstringsDocref=HASH(0x55b500317bc0)
</system-out>
    <testcase name="Unnamed test case 341" classname="spec_perl_TestDocstringsDocref_t" time="0.00181794166564941">
      <skipped message="ok 1 # skip DocstringsDocref=HASH(0x55b500317bc0)" />
    </testcase>
  </testsuite>
  <testsuite name="spec_perl_TestDebug0_t" errors="0" failures="0" skipped="1" tests="1" time="0.0456249713897705">
    <system-out>1..1
ok 1 # skip test_debug_0
</system-out>
    <testcase name="Unnamed test case 342" classname="spec_perl_TestDebug0_t" time="0.00212287902832031">
      <skipped message="ok 1 # skip test_debug_0" />
    </testcase>
  </testsuite>
  <testsuite name="spec_perl_TestEnumDeepLiterals_t" errors="0" failures="0" skipped="0" tests="2" time="0.043039083480835">
    <system-out>1..2
ok 1 - Equals
ok 2 - Equals
</system-out>
    <testcase name="Equals (342)" classname="spec_perl_TestEnumDeepLiterals_t" time="0.00194406509399414" />
    <testcase name="Equals (343)" classname="spec_perl_TestEnumDeepLiterals_t" time="8.392333984375e-05" />
  </testsuite>
  <testsuite name="spec_perl_TestParamsPassUsertype_t" errors="0" failures="1" skipped="1" tests="2" time="0.0408599376678467">
    <system-out>1..2
not ok 1 - test_params_pass_usertype died (Can't call method &quot;foo&quot; on an undefined value at compiled/perl/ParamsPassUsertype.pm line 119.)
ok 2 # skip test_params_pass_usertype died
</system-out>
    <testcase name="test_params_pass_usertype died (Can't call method &quot;foo&quot; on an undefined value at compiled/perl/ParamsPassUsertype.pm line 119.) (343)" classname="spec_perl_TestParamsPassUsertype_t" time="0.0015110969543457">
      <failure message="not ok 1 - test_params_pass_usertype died (Can't call method &quot;foo&quot; on an undefined value at compiled/perl/ParamsPassUsertype.pm line 119.)" type="TAP::Parser::Result::Test"></failure>
    </testcase>
    <testcase name="Unnamed test case 343" classname="spec_perl_TestParamsPassUsertype_t" time="0.000121116638183594">
      <skipped message="ok 2 # skip test_params_pass_usertype died" />
    </testcase>
  </testsuite>
  <testsuite name="spec_perl_TestBcdUserTypeBe_t" errors="0" failures="0" skipped="0" tests="6" time="0.0495669841766357">
    <system-out>1..6
ok 1 - Equals
ok 2 - Equals
ok 3 - Equals
ok 4 - Equals
ok 5 - Equals
ok 6 - Equals
</system-out>
    <testcase name="Equals (344)" classname="spec_perl_TestBcdUserTypeBe_t" time="0.00205087661743164" />
    <testcase name="Equals (345)" classname="spec_perl_TestBcdUserTypeBe_t" time="8.0108642578125e-05" />
    <testcase name="Equals (346)" classname="spec_perl_TestBcdUserTypeBe_t" time="8.98838043212891e-05" />
    <testcase name="Equals (347)" classname="spec_perl_TestBcdUserTypeBe_t" time="0.000319004058837891" />
    <testcase name="Equals (348)" classname="spec_perl_TestBcdUserTypeBe_t" time="0.000113964080810547" />
    <testcase name="Equals (349)" classname="spec_perl_TestBcdUserTypeBe_t" time="0.000107049942016602" />
  </testsuite>
  <testsuite name="spec_perl_TestSwitchIntegers2_t" errors="0" failures="0" skipped="0" tests="5" time="0.0426468849182129">
    <system-out>1..5
ok 1 - Equals
ok 2 - Equals
ok 3 - Equals
ok 4 - Equals
ok 5 - Equals
</system-out>
    <testcase name="Equals (350)" classname="spec_perl_TestSwitchIntegers2_t" time="0.00167584419250488" />
    <testcase name="Equals (351)" classname="spec_perl_TestSwitchIntegers2_t" time="9.01222229003906e-05" />
    <testcase name="Equals (352)" classname="spec_perl_TestSwitchIntegers2_t" time="4.79221343994141e-05" />
    <testcase name="Equals (353)" classname="spec_perl_TestSwitchIntegers2_t" time="5.91278076171875e-05" />
    <testcase name="Equals (354)" classname="spec_perl_TestSwitchIntegers2_t" time="0.000123977661132812" />
  </testsuite>
  <testsuite name="spec_perl_TestBitsByteAligned_t" errors="0" failures="0" skipped="0" tests="9" time="0.0472509860992432">
    <system-out>1..9
ok 1 - Equals
ok 2 - Equals
ok 3 - Equals
ok 4 - Equals
ok 5 - Equals
ok 6 - Equals
ok 7 - Equals
ok 8 - Equals
ok 9 - Equals
</system-out>
    <testcase name="Equals (355)" classname="spec_perl_TestBitsByteAligned_t" time="0.00171208381652832" />
    <testcase name="Equals (356)" classname="spec_perl_TestBitsByteAligned_t" time="0.000119924545288086" />
    <testcase name="Equals (357)" classname="spec_perl_TestBitsByteAligned_t" time="7.00950622558594e-05" />
    <testcase name="Equals (358)" classname="spec_perl_TestBitsByteAligned_t" time="6.19888305664062e-05" />
    <testcase name="Equals (359)" classname="spec_perl_TestBitsByteAligned_t" time="0.000104904174804688" />
    <testcase name="Equals (360)" classname="spec_perl_TestBitsByteAligned_t" time="8.41617584228516e-05" />
    <testcase name="Equals (361)" classname="spec_perl_TestBitsByteAligned_t" time="9.08374786376953e-05" />
    <testcase name="Equals (362)" classname="spec_perl_TestBitsByteAligned_t" time="0.000145196914672852" />
    <testcase name="Equals (363)" classname="spec_perl_TestBitsByteAligned_t" time="0.000280857086181641" />
  </testsuite>
  <testsuite name="spec_perl_TestDocstrings_t" errors="0" failures="0" skipped="1" tests="1" time="0.0433890819549561">
    <system-out>1..1
ok 1 # skip Docstrings=HASH(0x55a051caa7c8)
</system-out>
    <testcase name="Unnamed test case 363" classname="spec_perl_TestDocstrings_t" time="0.00240206718444824">
      <skipped message="ok 1 # skip Docstrings=HASH(0x55a051caa7c8)" />
    </testcase>
  </testsuite>
  <testsuite name="spec_perl_TestNavParentFalse2_t" errors="0" failures="0" skipped="0" tests="1" time="0.0432147979736328">
    <system-out>1..1
ok 1 - Equals
</system-out>
    <testcase name="Equals (364)" classname="spec_perl_TestNavParentFalse2_t" time="0.00171685218811035" />
  </testsuite>
  <testsuite name="spec_perl_TestValidLong_t" errors="0" failures="0" skipped="1" tests="1" time="0.0470900535583496">
    <system-out>1..1
ok 1 # skip ValidLong=HASH(0x55b4cbba7758)
</system-out>
    <testcase name="Unnamed test case 364" classname="spec_perl_TestValidLong_t" time="0.00205802917480469">
      <skipped message="ok 1 # skip ValidLong=HASH(0x55b4cbba7758)" />
    </testcase>
  </testsuite>
  <testsuite name="spec_perl_TestExprMod_t" errors="0" failures="0" skipped="0" tests="6" time="0.0405988693237305">
    <system-out>1..6
ok 1 - Equals
ok 2 - Equals
ok 3 - Equals
ok 4 - Equals
ok 5 - Equals
ok 6 - Equals
</system-out>
    <testcase name="Equals (365)" classname="spec_perl_TestExprMod_t" time="0.00187802314758301" />
    <testcase name="Equals (366)" classname="spec_perl_TestExprMod_t" time="8.48770141601562e-05" />
    <testcase name="Equals (367)" classname="spec_perl_TestExprMod_t" time="4.69684600830078e-05" />
    <testcase name="Equals (368)" classname="spec_perl_TestExprMod_t" time="8.10623168945312e-05" />
    <testcase name="Equals (369)" classname="spec_perl_TestExprMod_t" time="4.10079956054688e-05" />
    <testcase name="Equals (370)" classname="spec_perl_TestExprMod_t" time="5.29289245605469e-05" />
  </testsuite>
  <testsuite name="spec_perl_TestSwitchRepeatExprInvalid_t" errors="0" failures="0" skipped="0" tests="3" time="0.0431239604949951">
    <system-out>1..3
ok 1 - Equals
ok 2 - Equals
ok 3 - Equals
</system-out>
    <testcase name="Equals (371)" classname="spec_perl_TestSwitchRepeatExprInvalid_t" time="0.00189208984375" />
    <testcase name="Equals (372)" classname="spec_perl_TestSwitchRepeatExprInvalid_t" time="8.10623168945312e-05" />
    <testcase name="Equals (373)" classname="spec_perl_TestSwitchRepeatExprInvalid_t" time="6.29425048828125e-05" />
  </testsuite>
  <testsuite name="spec_perl_TestPositionInSeq_t" errors="0" failures="0" skipped="0" tests="1" time="0.0416991710662842">
    <system-out>1..1
ok 1 - Equals
</system-out>
    <testcase name="Equals (374)" classname="spec_perl_TestPositionInSeq_t" time="0.00193285942077637" />
  </testsuite>
  <testsuite name="spec_perl_TestRepeatNStrzDouble_t" errors="0" failures="0" skipped="0" tests="3" time="0.0526440143585205">
    <system-out>1..3
ok 1 - Equals
ok 2 - Equals
ok 3 - Equals
</system-out>
    <testcase name="Equals (375)" classname="spec_perl_TestRepeatNStrzDouble_t" time="0.00273799896240234" />
    <testcase name="Equals (376)" classname="spec_perl_TestRepeatNStrzDouble_t" time="8.51154327392578e-05" />
    <testcase name="Equals (377)" classname="spec_perl_TestRepeatNStrzDouble_t" time="7.60555267333984e-05" />
  </testsuite>
  <testsuite name="spec_perl_TestRepeatEosBit_t" errors="0" failures="0" skipped="0" tests="1" time="0.0448141098022461">
    <system-out>1..1
ok 1 - Equals
</system-out>
    <testcase name="Equals (378)" classname="spec_perl_TestRepeatEosBit_t" time="0.00152301788330078" />
  </testsuite>
  <testsuite name="spec_perl_TestProcessXor4Const_t" errors="0" failures="0" skipped="0" tests="2" time="0.0406620502471924">
    <system-out>1..2
ok 1 - Equals
ok 2 - Equals
</system-out>
    <testcase name="Equals (379)" classname="spec_perl_TestProcessXor4Const_t" time="0.00198698043823242" />
    <testcase name="Equals (380)" classname="spec_perl_TestProcessXor4Const_t" time="8.20159912109375e-05" />
  </testsuite>
  <testsuite name="spec_perl_TestSwitchManualEnum_t" errors="0" failures="0" skipped="0" tests="9" time="0.0519340038299561">
    <system-out>1..9
ok 1 - Equals
ok 2 - Equals
ok 3 - Equals
ok 4 - Equals
ok 5 - Equals
ok 6 - Equals
ok 7 - Equals
ok 8 - Equals
ok 9 - Equals
</system-out>
    <testcase name="Equals (381)" classname="spec_perl_TestSwitchManualEnum_t" time="0.00266194343566895" />
    <testcase name="Equals (382)" classname="spec_perl_TestSwitchManualEnum_t" time="9.41753387451172e-05" />
    <testcase name="Equals (383)" classname="spec_perl_TestSwitchManualEnum_t" time="4.98294830322266e-05" />
    <testcase name="Equals (384)" classname="spec_perl_TestSwitchManualEnum_t" time="6.00814819335938e-05" />
    <testcase name="Equals (385)" classname="spec_perl_TestSwitchManualEnum_t" time="5.91278076171875e-05" />
    <testcase name="Equals (386)" classname="spec_perl_TestSwitchManualEnum_t" time="5.69820404052734e-05" />
    <testcase name="Equals (387)" classname="spec_perl_TestSwitchManualEnum_t" time="0.00010991096496582" />
    <testcase name="Equals (388)" classname="spec_perl_TestSwitchManualEnum_t" time="6.103515625e-05" />
    <testcase name="Equals (389)" classname="spec_perl_TestSwitchManualEnum_t" time="0.000105857849121094" />
  </testsuite>
  <testsuite name="spec_perl_TestNestedTypes_t" errors="0" failures="0" skipped="0" tests="3" time="0.0465090274810791">
    <system-out>1..3
ok 1 - Equals
ok 2 - Equals
ok 3 - Equals
</system-out>
    <testcase name="Equals (390)" classname="spec_perl_TestNestedTypes_t" time="0.00156092643737793" />
    <testcase name="Equals (391)" classname="spec_perl_TestNestedTypes_t" time="7.70092010498047e-05" />
    <testcase name="Equals (392)" classname="spec_perl_TestNestedTypes_t" time="6.79492950439453e-05" />
  </testsuite>
  <testsuite name="spec_perl_TestPositionAbs_t" errors="0" failures="0" skipped="0" tests="2" time="0.0482790470123291">
    <system-out>1..2
ok 1 - Equals
ok 2 - Equals
</system-out>
    <testcase name="Equals (393)" classname="spec_perl_TestPositionAbs_t" time="0.00162792205810547" />
    <testcase name="Equals (394)" classname="spec_perl_TestPositionAbs_t" time="0.000132083892822266" />
  </testsuite>
  <testsuite name="spec_perl_TestCastToImported_t" errors="0" failures="0" skipped="0" tests="2" time="0.0460991859436035">
    <system-out>1..2
ok 1 - Equals
ok 2 - Equals
</system-out>
    <testcase name="Equals (395)" classname="spec_perl_TestCastToImported_t" time="0.00171399116516113" />
    <testcase name="Equals (396)" classname="spec_perl_TestCastToImported_t" time="8.82148742675781e-05" />
  </testsuite>
  <testsuite name="spec_perl_TestBcdUserTypeLe_t" errors="0" failures="0" skipped="0" tests="6" time="0.0542900562286377">
    <system-out>1..6
ok 1 - Equals
ok 2 - Equals
ok 3 - Equals
ok 4 - Equals
ok 5 - Equals
ok 6 - Equals
</system-out>
    <testcase name="Equals (397)" classname="spec_perl_TestBcdUserTypeLe_t" time="0.00270485877990723" />
    <testcase name="Equals (398)" classname="spec_perl_TestBcdUserTypeLe_t" time="0.000105142593383789" />
    <testcase name="Equals (399)" classname="spec_perl_TestBcdUserTypeLe_t" time="5.60283660888672e-05" />
    <testcase name="Equals (400)" classname="spec_perl_TestBcdUserTypeLe_t" time="5.98430633544922e-05" />
    <testcase name="Equals (401)" classname="spec_perl_TestBcdUserTypeLe_t" time="5.81741333007812e-05" />
    <testcase name="Equals (402)" classname="spec_perl_TestBcdUserTypeLe_t" time="0.000121831893920898" />
  </testsuite>
  <testsuite name="spec_perl_TestEnumDeep_t" errors="0" failures="0" skipped="0" tests="2" time="0.0449159145355225">
    <system-out>1..2
ok 1 - Equals
ok 2 - Equals
</system-out>
    <testcase name="Equals (403)" classname="spec_perl_TestEnumDeep_t" time="0.00154900550842285" />
    <testcase name="Equals (404)" classname="spec_perl_TestEnumDeep_t" time="8.51154327392578e-05" />
  </testsuite>
  <testsuite name="spec_perl_TestZlibSurrounded_t" errors="0" failures="0" skipped="0" tests="1" time="0.0815811157226562">
    <system-out>1..1
ok 1 - Equals
</system-out>
    <testcase name="Equals (405)" classname="spec_perl_TestZlibSurrounded_t" time="0.00215482711791992" />
  </testsuite>
  <testsuite name="spec_perl_TestInstanceStdArray_t" errors="0" failures="0" skipped="0" tests="7" time="0.042046070098877">
    <system-out>1..7
ok 1 - Equals
ok 2 - Equals
ok 3 - Equals
ok 4 - Equals
ok 5 - Equals
ok 6 - Equals
ok 7 - Equals
</system-out>
    <testcase name="Equals (406)" classname="spec_perl_TestInstanceStdArray_t" time="0.00178694725036621" />
    <testcase name="Equals (407)" classname="spec_perl_TestInstanceStdArray_t" time="0.00012516975402832" />
    <testcase name="Equals (408)" classname="spec_perl_TestInstanceStdArray_t" time="4.88758087158203e-05" />
    <testcase name="Equals (409)" classname="spec_perl_TestInstanceStdArray_t" time="5.88893890380859e-05" />
    <testcase name="Equals (410)" classname="spec_perl_TestInstanceStdArray_t" time="7.00950622558594e-05" />
    <testcase name="Equals (411)" classname="spec_perl_TestInstanceStdArray_t" time="0.000145912170410156" />
    <testcase name="Equals (412)" classname="spec_perl_TestInstanceStdArray_t" time="5.60283660888672e-05" />
  </testsuite>
  <testsuite name="spec_perl_TestNestedTypeParam_t" errors="0" failures="2" skipped="0" tests="2" time="0.0470008850097656">
    <system-out>1..2
not ok 1 - Equals
not ok 2 - Equals
</system-out>
    <testcase name="Equals (413)" classname="spec_perl_TestNestedTypeParam_t" time="0.00180697441101074">
      <failure message="not ok 1 - Equals" type="TAP::Parser::Result::Test"></failure>
    </testcase>
    <testcase name="Equals (414)" classname="spec_perl_TestNestedTypeParam_t" time="0.00105500221252441">
      <failure message="not ok 2 - Equals" type="TAP::Parser::Result::Test"></failure>
    </testcase>
  </testsuite>
  <testsuite name="spec_perl_TestSwitchManualStrElse_t" errors="0" failures="0" skipped="0" tests="9" time="0.0483169555664062">
    <system-out>1..9
ok 1 - Equals
ok 2 - Equals
ok 3 - Equals
ok 4 - Equals
ok 5 - Equals
ok 6 - Equals
ok 7 - Equals
ok 8 - Equals
ok 9 - Equals
</system-out>
    <testcase name="Equals (415)" classname="spec_perl_TestSwitchManualStrElse_t" time="0.0016179084777832" />
    <testcase name="Equals (416)" classname="spec_perl_TestSwitchManualStrElse_t" time="8.91685485839844e-05" />
    <testcase name="Equals (417)" classname="spec_perl_TestSwitchManualStrElse_t" time="9.08374786376953e-05" />
    <testcase name="Equals (418)" classname="spec_perl_TestSwitchManualStrElse_t" time="6.91413879394531e-05" />
    <testcase name="Equals (419)" classname="spec_perl_TestSwitchManualStrElse_t" time="5.79357147216797e-05" />
    <testcase name="Equals (420)" classname="spec_perl_TestSwitchManualStrElse_t" time="5.60283660888672e-05" />
    <testcase name="Equals (421)" classname="spec_perl_TestSwitchManualStrElse_t" time="0.000116109848022461" />
    <testcase name="Equals (422)" classname="spec_perl_TestSwitchManualStrElse_t" time="8.17775726318359e-05" />
    <testcase name="Equals (423)" classname="spec_perl_TestSwitchManualStrElse_t" time="8.91685485839844e-05" />
  </testsuite>
  <testsuite name="spec_perl_TestValidNotParsedIf_t" errors="0" failures="0" skipped="1" tests="1" time="0.0411868095397949">
    <system-out>1..1
ok 1 # skip ValidNotParsedIf=HASH(0x56185c1550c0)
</system-out>
    <testcase name="Unnamed test case 423" classname="spec_perl_TestValidNotParsedIf_t" time="0.00192689895629883">
      <skipped message="ok 1 # skip ValidNotParsedIf=HASH(0x56185c1550c0)" />
    </testcase>
  </testsuite>
  <testsuite name="spec_perl_TestRepeatUntilComplex_t" errors="0" failures="0" skipped="0" tests="15" time="0.0452799797058105">
    <system-out>1..15
ok 1 - Equals
ok 2 - Equals
ok 3 - Equals
ok 4 - Equals
ok 5 - Equals
ok 6 - Equals
ok 7 - Equals
ok 8 - Equals
ok 9 - Equals
ok 10 - Equals
ok 11 - Equals
ok 12 - Equals
ok 13 - Equals
ok 14 - Equals
ok 15 - Equals
</system-out>
    <testcase name="Equals (424)" classname="spec_perl_TestRepeatUntilComplex_t" time="0.00173020362854004" />
    <testcase name="Equals (425)" classname="spec_perl_TestRepeatUntilComplex_t" time="8.48770141601562e-05" />
    <testcase name="Equals (426)" classname="spec_perl_TestRepeatUntilComplex_t" time="6.41345977783203e-05" />
    <testcase name="Equals (427)" classname="spec_perl_TestRepeatUntilComplex_t" time="5.79357147216797e-05" />
    <testcase name="Equals (428)" classname="spec_perl_TestRepeatUntilComplex_t" time="0.000257015228271484" />
    <testcase name="Equals (429)" classname="spec_perl_TestRepeatUntilComplex_t" time="4.98294830322266e-05" />
    <testcase name="Equals (430)" classname="spec_perl_TestRepeatUntilComplex_t" time="6.81877136230469e-05" />
    <testcase name="Equals (431)" classname="spec_perl_TestRepeatUntilComplex_t" time="6.19888305664062e-05" />
    <testcase name="Equals (432)" classname="spec_perl_TestRepeatUntilComplex_t" time="0.000201940536499023" />
    <testcase name="Equals (433)" classname="spec_perl_TestRepeatUntilComplex_t" time="7.20024108886719e-05" />
    <testcase name="Equals (434)" classname="spec_perl_TestRepeatUntilComplex_t" time="6.50882720947266e-05" />
    <testcase name="Equals (435)" classname="spec_perl_TestRepeatUntilComplex_t" time="5.98430633544922e-05" />
    <testcase name="Equals (436)" classname="spec_perl_TestRepeatUntilComplex_t" time="0.000113010406494141" />
    <testcase name="Equals (437)" classname="spec_perl_TestRepeatUntilComplex_t" time="9.39369201660156e-05" />
    <testcase name="Equals (438)" classname="spec_perl_TestRepeatUntilComplex_t" time="0.000132083892822266" />
  </testsuite>
  <testsuite name="spec_perl_TestDocstringsDocrefMulti_t" errors="0" failures="0" skipped="1" tests="1" time="0.0438148975372314">
    <system-out>1..1
ok 1 # skip DocstringsDocrefMulti=HASH(0x559b58da9520)
</system-out>
    <testcase name="Unnamed test case 438" classname="spec_perl_TestDocstringsDocrefMulti_t" time="0.00180602073669434">
      <skipped message="ok 1 # skip DocstringsDocrefMulti=HASH(0x559b58da9520)" />
    </testcase>
  </testsuite>
  <testsuite name="spec_perl_TestProcessCoerceUsertype1_t" errors="0" failures="0" skipped="0" tests="4" time="0.0492489337921143">
    <system-out>1..4
ok 1 - Equals
ok 2 - Equals
ok 3 - Equals
ok 4 - Equals
</system-out>
    <testcase name="Equals (439)" classname="spec_perl_TestProcessCoerceUsertype1_t" time="0.00256800651550293" />
    <testcase name="Equals (440)" classname="spec_perl_TestProcessCoerceUsertype1_t" time="0.000172853469848633" />
    <testcase name="Equals (441)" classname="spec_perl_TestProcessCoerceUsertype1_t" time="0.000100135803222656" />
    <testcase name="Equals (442)" classname="spec_perl_TestProcessCoerceUsertype1_t" time="0.000213861465454102" />
  </testsuite>
  <testsuite name="spec_perl_TestSwitchRepeatExpr_t" errors="0" failures="0" skipped="0" tests="3" time="0.0488040447235107">
    <system-out>1..3
ok 1 - Equals
ok 2 - Equals
ok 3 - Equals
</system-out>
    <testcase name="Equals (443)" classname="spec_perl_TestSwitchRepeatExpr_t" time="0.00176000595092773" />
    <testcase name="Equals (444)" classname="spec_perl_TestSwitchRepeatExpr_t" time="7.79628753662109e-05" />
    <testcase name="Equals (445)" classname="spec_perl_TestSwitchRepeatExpr_t" time="4.48226928710938e-05" />
  </testsuite>
  <testsuite name="spec_perl_TestBitsSignedShiftB32Le_t" errors="0" failures="0" skipped="0" tests="2" time="0.0449318885803223">
    <system-out>1..2
ok 1 - Equals
ok 2 - Equals
</system-out>
    <testcase name="Equals (446)" classname="spec_perl_TestBitsSignedShiftB32Le_t" time="0.00167083740234375" />
    <testcase name="Equals (447)" classname="spec_perl_TestBitsSignedShiftB32Le_t" time="0.00014495849609375" />
  </testsuite>
  <testsuite name="spec_perl_TestBitsSeqEndianCombo_t" errors="0" failures="0" skipped="0" tests="8" time="0.0471420288085938">
    <system-out>1..8
ok 1 - Equals
ok 2 - Equals
ok 3 - Equals
ok 4 - Equals
ok 5 - Equals
ok 6 - Equals
ok 7 - Equals
ok 8 - Equals
</system-out>
    <testcase name="Equals (448)" classname="spec_perl_TestBitsSeqEndianCombo_t" time="0.00191497802734375" />
    <testcase name="Equals (449)" classname="spec_perl_TestBitsSeqEndianCombo_t" time="0.000147819519042969" />
    <testcase name="Equals (450)" classname="spec_perl_TestBitsSeqEndianCombo_t" time="0.000495195388793945" />
    <testcase name="Equals (451)" classname="spec_perl_TestBitsSeqEndianCombo_t" time="5.98430633544922e-05" />
[...]
    <testcase name="Equals (861)" classname="spec_perl_TestSwitchBytearray_t" time="5.69820404052734e-05" />
    <testcase name="Equals (862)" classname="spec_perl_TestSwitchBytearray_t" time="5.98430633544922e-05" />
    <testcase name="Equals (863)" classname="spec_perl_TestSwitchBytearray_t" time="0.000195980072021484" />
  </testsuite>
  <testsuite name="spec_perl_TestNavParentOverride_t" errors="0" failures="0" skipped="0" tests="3" time="0.0405161380767822">
    <system-out>1..3
ok 1 - Equals
ok 2 - Equals
ok 3 - Equals
</system-out>
    <testcase name="Equals (864)" classname="spec_perl_TestNavParentOverride_t" time="0.00158596038818359" />
    <testcase name="Equals (865)" classname="spec_perl_TestNavParentOverride_t" time="9.20295715332031e-05" />
    <testcase name="Equals (866)" classname="spec_perl_TestNavParentOverride_t" time="6.60419464111328e-05" />
  </testsuite>
  <testsuite name="spec_perl_TestExprEnum_t" errors="0" failures="0" skipped="0" tests="3" time="0.0460989475250244">
    <system-out>1..3
ok 1 - Equals
ok 2 - Equals
ok 3 - Equals
</system-out>
    <testcase name="Equals (867)" classname="spec_perl_TestExprEnum_t" time="0.00147509574890137" />
    <testcase name="Equals (868)" classname="spec_perl_TestExprEnum_t" time="0.000100851058959961" />
    <testcase name="Equals (869)" classname="spec_perl_TestExprEnum_t" time="7.20024108886719e-05" />
  </testsuite>
  <testsuite name="spec_perl_TestSwitchManualIntElse_t" errors="0" failures="0" skipped="0" tests="9" time="0.0505480766296387">
    <system-out>1..9
ok 1 - Equals
ok 2 - Equals
ok 3 - Equals
ok 4 - Equals
ok 5 - Equals
ok 6 - Equals
ok 7 - Equals
ok 8 - Equals
ok 9 - Equals
</system-out>
    <testcase name="Equals (870)" classname="spec_perl_TestSwitchManualIntElse_t" time="0.00189495086669922" />
    <testcase name="Equals (871)" classname="spec_perl_TestSwitchManualIntElse_t" time="0.00011897087097168" />
    <testcase name="Equals (872)" classname="spec_perl_TestSwitchManualIntElse_t" time="6.50882720947266e-05" />
    <testcase name="Equals (873)" classname="spec_perl_TestSwitchManualIntElse_t" time="7.48634338378906e-05" />
    <testcase name="Equals (874)" classname="spec_perl_TestSwitchManualIntElse_t" time="7.31945037841797e-05" />
    <testcase name="Equals (875)" classname="spec_perl_TestSwitchManualIntElse_t" time="8.70227813720703e-05" />
    <testcase name="Equals (876)" classname="spec_perl_TestSwitchManualIntElse_t" time="7.89165496826172e-05" />
    <testcase name="Equals (877)" classname="spec_perl_TestSwitchManualIntElse_t" time="0.000144004821777344" />
    <testcase name="Equals (878)" classname="spec_perl_TestSwitchManualIntElse_t" time="8.60691070556641e-05" />
  </testsuite>
  <testsuite name="spec_perl_TestImportsAbs_t" errors="0" failures="0" skipped="0" tests="2" time="0.0403740406036377">
    <system-out>1..2
ok 1 - Equals
ok 2 - Equals
</system-out>
    <testcase name="Equals (879)" classname="spec_perl_TestImportsAbs_t" time="0.00163102149963379" />
    <testcase name="Equals (880)" classname="spec_perl_TestImportsAbs_t" time="9.48905944824219e-05" />
  </testsuite>
  <testsuite name="spec_perl_TestImportsCircularA_t" errors="0" failures="0" skipped="0" tests="5" time="0.0412130355834961">
    <system-out>1..5
ok 1 - Equals
ok 2 - Equals
ok 3 - Equals
ok 4 - Equals
ok 5 - nil
</system-out>
    <testcase name="Equals (881)" classname="spec_perl_TestImportsCircularA_t" time="0.00166893005371094" />
    <testcase name="Equals (882)" classname="spec_perl_TestImportsCircularA_t" time="9.01222229003906e-05" />
    <testcase name="Equals (883)" classname="spec_perl_TestImportsCircularA_t" time="6.79492950439453e-05" />
    <testcase name="Equals (884)" classname="spec_perl_TestImportsCircularA_t" time="0.000117063522338867" />
    <testcase name="nil (884)" classname="spec_perl_TestImportsCircularA_t" time="5.60283660888672e-05" />
  </testsuite>
  <testsuite name="spec_perl_TestIntegersMinMax_t" errors="0" failures="0" skipped="0" tests="28" time="0.0449850559234619">
    <system-out>1..28
ok 1 - Equals
ok 2 - Equals
ok 3 - Equals
ok 4 - Equals
ok 5 - Equals
ok 6 - Equals
ok 7 - Equals
ok 8 - Equals
ok 9 - Equals
ok 10 - Equals
ok 11 - Equals
ok 12 - Equals
ok 13 - Equals
ok 14 - Equals
ok 15 - Equals
ok 16 - Equals
ok 17 - Equals
ok 18 - Equals
ok 19 - Equals
ok 20 - Equals
ok 21 - Equals
ok 22 - Equals
ok 23 - Equals
ok 24 - Equals
ok 25 - Equals
ok 26 - Equals
ok 27 - Equals
ok 28 - Equals
</system-out>
    <testcase name="Equals (885)" classname="spec_perl_TestIntegersMinMax_t" time="0.00164198875427246" />
    <testcase name="Equals (886)" classname="spec_perl_TestIntegersMinMax_t" time="0.000113964080810547" />
    <testcase name="Equals (887)" classname="spec_perl_TestIntegersMinMax_t" time="7.48634338378906e-05" />
    <testcase name="Equals (888)" classname="spec_perl_TestIntegersMinMax_t" time="6.103515625e-05" />
    <testcase name="Equals (889)" classname="spec_perl_TestIntegersMinMax_t" time="5.41210174560547e-05" />
    <testcase name="Equals (890)" classname="spec_perl_TestIntegersMinMax_t" time="0.000102996826171875" />
    <testcase name="Equals (891)" classname="spec_perl_TestIntegersMinMax_t" time="9.89437103271484e-05" />
    <testcase name="Equals (892)" classname="spec_perl_TestIntegersMinMax_t" time="5.69820404052734e-05" />
    <testcase name="Equals (893)" classname="spec_perl_TestIntegersMinMax_t" time="8.89301300048828e-05" />
    <testcase name="Equals (894)" classname="spec_perl_TestIntegersMinMax_t" time="0.000102996826171875" />
    <testcase name="Equals (895)" classname="spec_perl_TestIntegersMinMax_t" time="0.000123977661132812" />
    <testcase name="Equals (896)" classname="spec_perl_TestIntegersMinMax_t" time="9.10758972167969e-05" />
    <testcase name="Equals (897)" classname="spec_perl_TestIntegersMinMax_t" time="9.48905944824219e-05" />
    <testcase name="Equals (898)" classname="spec_perl_TestIntegersMinMax_t" time="8.60691070556641e-05" />
    <testcase name="Equals (899)" classname="spec_perl_TestIntegersMinMax_t" time="9.01222229003906e-05" />
    <testcase name="Equals (900)" classname="spec_perl_TestIntegersMinMax_t" time="9.08374786376953e-05" />
    <testcase name="Equals (901)" classname="spec_perl_TestIntegersMinMax_t" time="9.01222229003906e-05" />
    <testcase name="Equals (902)" classname="spec_perl_TestIntegersMinMax_t" time="0.000105857849121094" />
    <testcase name="Equals (903)" classname="spec_perl_TestIntegersMinMax_t" time="0.000127077102661133" />
    <testcase name="Equals (904)" classname="spec_perl_TestIntegersMinMax_t" time="0.000126123428344727" />
    <testcase name="Equals (905)" classname="spec_perl_TestIntegersMinMax_t" time="5.48362731933594e-05" />
    <testcase name="Equals (906)" classname="spec_perl_TestIntegersMinMax_t" time="0.000138998031616211" />
    <testcase name="Equals (907)" classname="spec_perl_TestIntegersMinMax_t" time="6.19888305664062e-05" />
    <testcase name="Equals (908)" classname="spec_perl_TestIntegersMinMax_t" time="7.20024108886719e-05" />
    <testcase name="Equals (909)" classname="spec_perl_TestIntegersMinMax_t" time="8.10623168945312e-05" />
    <testcase name="Equals (910)" classname="spec_perl_TestIntegersMinMax_t" time="0.000102996826171875" />
    <testcase name="Equals (911)" classname="spec_perl_TestIntegersMinMax_t" time="9.29832458496094e-05" />
    <testcase name="Equals (912)" classname="spec_perl_TestIntegersMinMax_t" time="0.00014495849609375" />
  </testsuite>
  <testsuite name="spec_perl_TestExpr0_t" errors="0" failures="0" skipped="0" tests="2" time="0.0436859130859375">
    <system-out>1..2
ok 1 - Equals
ok 2 - Equals
</system-out>
    <testcase name="Equals (913)" classname="spec_perl_TestExpr0_t" time="0.00147891044616699" />
    <testcase name="Equals (914)" classname="spec_perl_TestExpr0_t" time="9.51290130615234e-05" />
  </testsuite>
  <testsuite name="spec_perl_TestNavParent_t" errors="0" failures="0" skipped="0" tests="5" time="0.0513441562652588">
    <system-out>1..5
ok 1 - Equals
ok 2 - Equals
ok 3 - Equals
ok 4 - Equals
ok 5 - Equals
</system-out>
    <testcase name="Equals (915)" classname="spec_perl_TestNavParent_t" time="0.00167584419250488" />
    <testcase name="Equals (916)" classname="spec_perl_TestNavParent_t" time="0.000101089477539062" />
    <testcase name="Equals (917)" classname="spec_perl_TestNavParent_t" time="6.50882720947266e-05" />
    <testcase name="Equals (918)" classname="spec_perl_TestNavParent_t" time="6.19888305664062e-05" />
    <testcase name="Equals (919)" classname="spec_perl_TestNavParent_t" time="5.48362731933594e-05" />
  </testsuite>
  <testsuite name="spec_perl_TestImports0_t" errors="0" failures="0" skipped="0" tests="3" time="0.0430350303649902">
    <system-out>1..3
ok 1 - Equals
ok 2 - Equals
ok 3 - Equals
</system-out>
    <testcase name="Equals (920)" classname="spec_perl_TestImports0_t" time="0.00193619728088379" />
    <testcase name="Equals (921)" classname="spec_perl_TestImports0_t" time="8.98838043212891e-05" />
    <testcase name="Equals (922)" classname="spec_perl_TestImports0_t" time="4.79221343994141e-05" />
  </testsuite>
  <testsuite name="spec_perl_TestExprStrEncodings_t" errors="0" failures="0" skipped="0" tests="7" time="0.058258056640625">
    <system-out>1..7
ok 1 - Equals
ok 2 - Equals
ok 3 - Equals
ok 4 - Equals
ok 5 - Equals
ok 6 - Equals
ok 7 - Equals
</system-out>
    <testcase name="Equals (923)" classname="spec_perl_TestExprStrEncodings_t" time="0.00730299949645996" />
    <testcase name="Equals (924)" classname="spec_perl_TestExprStrEncodings_t" time="8.89301300048828e-05" />
    <testcase name="Equals (925)" classname="spec_perl_TestExprStrEncodings_t" time="4.60147857666016e-05" />
    <testcase name="Equals (926)" classname="spec_perl_TestExprStrEncodings_t" time="6.00814819335938e-05" />
    <testcase name="Equals (927)" classname="spec_perl_TestExprStrEncodings_t" time="5.60283660888672e-05" />
    <testcase name="Equals (928)" classname="spec_perl_TestExprStrEncodings_t" time="7.89165496826172e-05" />
    <testcase name="Equals (929)" classname="spec_perl_TestExprStrEncodings_t" time="0.000126123428344727" />
  </testsuite>
  <testsuite name="spec_perl_TestBitsSignedResB32Be_t" errors="0" failures="0" skipped="0" tests="1" time="0.0496070384979248">
    <system-out>1..1
ok 1 - Equals
</system-out>
    <testcase name="Equals (930)" classname="spec_perl_TestBitsSignedResB32Be_t" time="0.00159192085266113" />
  </testsuite>
  <testsuite name="spec_perl_TestEnumIntRangeS_t" errors="0" failures="0" skipped="0" tests="3" time="0.0415008068084717">
    <system-out>1..3
ok 1 - Equals
ok 2 - Equals
ok 3 - Equals
</system-out>
    <testcase name="Equals (931)" classname="spec_perl_TestEnumIntRangeS_t" time="0.00158190727233887" />
    <testcase name="Equals (932)" classname="spec_perl_TestEnumIntRangeS_t" time="8.51154327392578e-05" />
    <testcase name="Equals (933)" classname="spec_perl_TestEnumIntRangeS_t" time="6.38961791992188e-05" />
  </testsuite>
  <testsuite name="spec_perl_TestInstanceIoUser_t" errors="0" failures="0" skipped="0" tests="4" time="0.055103063583374">
    <system-out>1..4
ok 1 - Equals
ok 2 - Equals
ok 3 - Equals
ok 4 - Equals
</system-out>
    <testcase name="Equals (934)" classname="spec_perl_TestInstanceIoUser_t" time="0.00235700607299805" />
    <testcase name="Equals (935)" classname="spec_perl_TestInstanceIoUser_t" time="9.67979431152344e-05" />
    <testcase name="Equals (936)" classname="spec_perl_TestInstanceIoUser_t" time="0.000138998031616211" />
    <testcase name="Equals (937)" classname="spec_perl_TestInstanceIoUser_t" time="0.000128984451293945" />
  </testsuite>
  <testsuite name="spec_perl_TestStrEncodings_t" errors="0" failures="0" skipped="0" tests="4" time="0.0520141124725342">
    <system-out>1..4
ok 1 - Equals
ok 2 - Equals
ok 3 - Equals
ok 4 - Equals
</system-out>
    <testcase name="Equals (938)" classname="spec_perl_TestStrEncodings_t" time="0.00567913055419922" />
    <testcase name="Equals (939)" classname="spec_perl_TestStrEncodings_t" time="0.000104904174804688" />
    <testcase name="Equals (940)" classname="spec_perl_TestStrEncodings_t" time="8.60691070556641e-05" />
    <testcase name="Equals (941)" classname="spec_perl_TestStrEncodings_t" time="7.60555267333984e-05" />
  </testsuite>
  <testsuite name="spec_perl_TestTypeTernaryOpaque_t" errors="0" failures="0" skipped="0" tests="3" time="0.0485689640045166">
    <system-out>1..3
ok 1 - Equals
ok 2 - Equals
ok 3 - Equals
</system-out>
    <testcase name="Equals (942)" classname="spec_perl_TestTypeTernaryOpaque_t" time="0.00205612182617188" />
    <testcase name="Equals (943)" classname="spec_perl_TestTypeTernaryOpaque_t" time="8.48770141601562e-05" />
    <testcase name="Equals (944)" classname="spec_perl_TestTypeTernaryOpaque_t" time="4.72068786621094e-05" />
  </testsuite>
  <testsuite name="spec_perl_TestEnumLongRangeS_t" errors="0" failures="0" skipped="0" tests="7" time="0.0413539409637451">
    <system-out>1..7
ok 1 - Equals
ok 2 - Equals
ok 3 - Equals
ok 4 - Equals
ok 5 - Equals
ok 6 - Equals
ok 7 - Equals
</system-out>
    <testcase name="Equals (945)" classname="spec_perl_TestEnumLongRangeS_t" time="0.00163412094116211" />
    <testcase name="Equals (946)" classname="spec_perl_TestEnumLongRangeS_t" time="0.000125885009765625" />
    <testcase name="Equals (947)" classname="spec_perl_TestEnumLongRangeS_t" time="4.79221343994141e-05" />
    <testcase name="Equals (948)" classname="spec_perl_TestEnumLongRangeS_t" time="5.91278076171875e-05" />
    <testcase name="Equals (949)" classname="spec_perl_TestEnumLongRangeS_t" time="6.19888305664062e-05" />
    <testcase name="Equals (950)" classname="spec_perl_TestEnumLongRangeS_t" time="5.69820404052734e-05" />
    <testcase name="Equals (951)" classname="spec_perl_TestEnumLongRangeS_t" time="0.000111103057861328" />
  </testsuite>
  <testsuite name="spec_perl_TestIoLocalVar_t" errors="0" failures="0" skipped="0" tests="2" time="0.0452601909637451">
    <system-out>1..2
ok 1 - Equals
ok 2 - Equals
</system-out>
    <testcase name="Equals (952)" classname="spec_perl_TestIoLocalVar_t" time="0.0020439624786377" />
    <testcase name="Equals (953)" classname="spec_perl_TestIoLocalVar_t" time="0.000190973281860352" />
  </testsuite>
  <testsuite name="spec_perl_TestBitsEnum_t" errors="0" failures="0" skipped="0" tests="3" time="0.0433158874511719">
    <system-out>1..3
ok 1 - Equals
ok 2 - Equals
ok 3 - Equals
</system-out>
    <testcase name="Equals (954)" classname="spec_perl_TestBitsEnum_t" time="0.00154304504394531" />
    <testcase name="Equals (955)" classname="spec_perl_TestBitsEnum_t" time="8.70227813720703e-05" />
    <testcase name="Equals (956)" classname="spec_perl_TestBitsEnum_t" time="0.000114917755126953" />
  </testsuite>
  <testsuite name="spec_perl_TestNestedSameName_t" errors="0" failures="0" skipped="0" tests="2" time="0.0460741519927979">
    <system-out>1..2
ok 1 - Equals
ok 2 - Equals
</system-out>
    <testcase name="Equals (957)" classname="spec_perl_TestNestedSameName_t" time="0.00160813331604004" />
    <testcase name="Equals (958)" classname="spec_perl_TestNestedSameName_t" time="7.20024108886719e-05" />
  </testsuite>
  <testsuite name="spec_perl_TestIfValues_t" errors="0" failures="0" skipped="0" tests="6" time="0.0438220500946045">
    <system-out>1..6
ok 1 - Equals
ok 2 - Equals
ok 3 - Equals
ok 4 - nil
ok 5 - Equals
ok 6 - nil
</system-out>
    <testcase name="Equals (959)" classname="spec_perl_TestIfValues_t" time="0.00136590003967285" />
    <testcase name="Equals (960)" classname="spec_perl_TestIfValues_t" time="7.89165496826172e-05" />
    <testcase name="Equals (961)" classname="spec_perl_TestIfValues_t" time="4.41074371337891e-05" />
    <testcase name="nil (961)" classname="spec_perl_TestIfValues_t" time="5.50746917724609e-05" />
    <testcase name="Equals (962)" classname="spec_perl_TestIfValues_t" time="7.67707824707031e-05" />
    <testcase name="nil (962)" classname="spec_perl_TestIfValues_t" time="4.60147857666016e-05" />
  </testsuite>
  <testsuite name="spec_perl_TestProcessCoerceBytes_t" errors="0" failures="0" skipped="0" tests="4" time="0.0444698333740234">
    <system-out>1..4
ok 1 - Equals
ok 2 - Equals
ok 3 - Equals
ok 4 - Equals
</system-out>
    <testcase name="Equals (963)" classname="spec_perl_TestProcessCoerceBytes_t" time="0.00171899795532227" />
    <testcase name="Equals (964)" classname="spec_perl_TestProcessCoerceBytes_t" time="8.20159912109375e-05" />
    <testcase name="Equals (965)" classname="spec_perl_TestProcessCoerceBytes_t" time="4.60147857666016e-05" />
    <testcase name="Equals (966)" classname="spec_perl_TestProcessCoerceBytes_t" time="5.79357147216797e-05" />
  </testsuite>
  <testsuite name="spec_perl_TestEnumInvalid_t" errors="0" failures="0" skipped="0" tests="2" time="0.0401759147644043">
    <system-out>1..2
ok 1 - Equals
ok 2 - Equals
</system-out>
    <testcase name="Equals (967)" classname="spec_perl_TestEnumInvalid_t" time="0.00169086456298828" />
    <testcase name="Equals (968)" classname="spec_perl_TestEnumInvalid_t" time="9.10758972167969e-05" />
  </testsuite>
  <testsuite name="spec_perl_TestExprBytesNonLiteral_t" errors="0" failures="0" skipped="0" tests="3" time="0.0411770343780518">
    <system-out>1..3
ok 1 - Equals
ok 2 - Equals
ok 3 - Equals
</system-out>
    <testcase name="Equals (969)" classname="spec_perl_TestExprBytesNonLiteral_t" time="0.00182294845581055" />
    <testcase name="Equals (970)" classname="spec_perl_TestExprBytesNonLiteral_t" time="8.89301300048828e-05" />
    <testcase name="Equals (971)" classname="spec_perl_TestExprBytesNonLiteral_t" time="6.41345977783203e-05" />
  </testsuite>
  <testsuite name="spec_perl_TestExprStrOps_t" errors="0" failures="0" skipped="0" tests="17" time="0.0558459758758545">
    <system-out>1..17
ok 1 - Equals
ok 2 - Equals
ok 3 - Equals
ok 4 - Equals
ok 5 - Equals
ok 6 - Equals
ok 7 - Equals
ok 8 - Equals
ok 9 - Equals
ok 10 - Equals
ok 11 - Equals
ok 12 - Equals
ok 13 - Equals
ok 14 - Equals
ok 15 - Equals
ok 16 - Equals
ok 17 - Equals
</system-out>
    <testcase name="Equals (972)" classname="spec_perl_TestExprStrOps_t" time="0.00241804122924805" />
    <testcase name="Equals (973)" classname="spec_perl_TestExprStrOps_t" time="8.60691070556641e-05" />
    <testcase name="Equals (974)" classname="spec_perl_TestExprStrOps_t" time="5.60283660888672e-05" />
    <testcase name="Equals (975)" classname="spec_perl_TestExprStrOps_t" time="6.29425048828125e-05" />
    <testcase name="Equals (976)" classname="spec_perl_TestExprStrOps_t" time="5.79357147216797e-05" />
    <testcase name="Equals (977)" classname="spec_perl_TestExprStrOps_t" time="0.000111103057861328" />
    <testcase name="Equals (978)" classname="spec_perl_TestExprStrOps_t" time="0.000174999237060547" />
    <testcase name="Equals (979)" classname="spec_perl_TestExprStrOps_t" time="7.70092010498047e-05" />
    <testcase name="Equals (980)" classname="spec_perl_TestExprStrOps_t" time="6.29425048828125e-05" />
    <testcase name="Equals (981)" classname="spec_perl_TestExprStrOps_t" time="0.000638961791992188" />
    <testcase name="Equals (982)" classname="spec_perl_TestExprStrOps_t" time="8.10623168945312e-05" />
    <testcase name="Equals (983)" classname="spec_perl_TestExprStrOps_t" time="0.00149297714233398" />
    <testcase name="Equals (984)" classname="spec_perl_TestExprStrOps_t" time="8.79764556884766e-05" />
    <testcase name="Equals (985)" classname="spec_perl_TestExprStrOps_t" time="6.19888305664062e-05" />
    <testcase name="Equals (986)" classname="spec_perl_TestExprStrOps_t" time="5.60283660888672e-05" />
    <testcase name="Equals (987)" classname="spec_perl_TestExprStrOps_t" time="0.00011897087097168" />
    <testcase name="Equals (988)" classname="spec_perl_TestExprStrOps_t" time="7.70092010498047e-05" />
  </testsuite>
</testsuites>
