<?xml version='1.0' encoding='utf-8'?>
<testsuites>
  <testsuite name="spec_perl_TestExprSizeofType1_t" errors="0" failures="0" skipped="0" tests="2" time="0.0439341068267822">
    <system-out>1..2
ok 1 - Equals
ok 2 - Equals
</system-out>
    <testcase name="Equals" classname="spec_perl_TestExprSizeofType1_t" time="0.000269174575805664" />
    <testcase name="Equals (2)" classname="spec_perl_TestExprSizeofType1_t" time="9.58442687988281e-05" />
  </testsuite>
  <testsuite name="spec_perl_TestTypeTernary_t" errors="0" failures="0" skipped="0" tests="1" time="0.0453159809112549">
    <system-out>1..1
ok 1 - Equals
</system-out>
    <testcase name="Equals (3)" classname="spec_perl_TestTypeTernary_t" time="0.000567913055419922" />
  </testsuite>
  <testsuite name="spec_perl_TestBitsEnum_t" errors="0" failures="0" skipped="0" tests="3" time="0.0444149971008301">
    <system-out>1..3
ok 1 - Equals
ok 2 - Equals
ok 3 - Equals
</system-out>
    <testcase name="Equals (4)" classname="spec_perl_TestBitsEnum_t" time="0.000272035598754883" />
    <testcase name="Equals (5)" classname="spec_perl_TestBitsEnum_t" time="8.392333984375e-05" />
    <testcase name="Equals (6)" classname="spec_perl_TestBitsEnum_t" time="0.000127077102661133" />
  </testsuite>
  <testsuite name="spec_perl_TestNestedSameName_t" errors="0" failures="0" skipped="0" tests="2" time="0.0443530082702637">
    <system-out>1..2
ok 1 - Equals
ok 2 - Equals
</system-out>
    <testcase name="Equals (7)" classname="spec_perl_TestNestedSameName_t" time="0.000274896621704102" />
    <testcase name="Equals (8)" classname="spec_perl_TestNestedSameName_t" time="8.32080841064453e-05" />
  </testsuite>
  <testsuite name="spec_perl_TestBitsSignedB64Le_t" errors="0" failures="0" skipped="0" tests="4" time="0.044374942779541">
    <system-out>1..4
ok 1 - Equals
ok 2 - Equals
ok 3 - Equals
ok 4 - Equals
</system-out>
    <testcase name="Equals (9)" classname="spec_perl_TestBitsSignedB64Le_t" time="0.000272035598754883" />
    <testcase name="Equals (10)" classname="spec_perl_TestBitsSignedB64Le_t" time="8.0108642578125e-05" />
    <testcase name="Equals (11)" classname="spec_perl_TestBitsSignedB64Le_t" time="0.000123977661132812" />
    <testcase name="Equals (12)" classname="spec_perl_TestBitsSignedB64Le_t" time="0.000130891799926758" />
  </testsuite>
  <testsuite name="spec_perl_TestSwitchManualIntSizeEos_t" errors="0" failures="0" skipped="0" tests="10" time="0.0512301921844482">
    <system-out>1..10
ok 1 - Equals
ok 2 - Equals
ok 3 - Equals
ok 4 - Equals
ok 5 - Equals
ok 6 - Equals
ok 7 - Equals
ok 8 - Equals
ok 9 - Equals
ok 10 - Equals
</system-out>
    <testcase name="Equals (13)" classname="spec_perl_TestSwitchManualIntSizeEos_t" time="0.000809907913208008" />
    <testcase name="Equals (14)" classname="spec_perl_TestSwitchManualIntSizeEos_t" time="0.000101089477539062" />
    <testcase name="Equals (15)" classname="spec_perl_TestSwitchManualIntSizeEos_t" time="6.98566436767578e-05" />
    <testcase name="Equals (16)" classname="spec_perl_TestSwitchManualIntSizeEos_t" time="0.000111103057861328" />
    <testcase name="Equals (17)" classname="spec_perl_TestSwitchManualIntSizeEos_t" time="0.000146865844726562" />
    <testcase name="Equals (18)" classname="spec_perl_TestSwitchManualIntSizeEos_t" time="0.000187158584594727" />
    <testcase name="Equals (19)" classname="spec_perl_TestSwitchManualIntSizeEos_t" time="0.000277996063232422" />
    <testcase name="Equals (20)" classname="spec_perl_TestSwitchManualIntSizeEos_t" time="0.000224828720092773" />
    <testcase name="Equals (21)" classname="spec_perl_TestSwitchManualIntSizeEos_t" time="0.000116109848022461" />
    <testcase name="Equals (22)" classname="spec_perl_TestSwitchManualIntSizeEos_t" time="0.000159978866577148" />
  </testsuite>
  <testsuite name="spec_perl_TestIndexToParamExpr_t" errors="0" failures="2" skipped="0" tests="7" time="0.0516691207885742">
    <system-out>1..7
ok 1 - Equals
ok 2 - Equals
ok 3 - Equals
ok 4 - Equals
ok 5 - Equals
not ok 6 - Equals
not ok 7 - Equals
</system-out>
    <testcase name="Equals (23)" classname="spec_perl_TestIndexToParamExpr_t" time="0.00472187995910645" />
    <testcase name="Equals (24)" classname="spec_perl_TestIndexToParamExpr_t" time="0.000161170959472656" />
    <testcase name="Equals (25)" classname="spec_perl_TestIndexToParamExpr_t" time="6.58035278320312e-05" />
    <testcase name="Equals (26)" classname="spec_perl_TestIndexToParamExpr_t" time="4.22000885009766e-05" />
    <testcase name="Equals (27)" classname="spec_perl_TestIndexToParamExpr_t" time="3.79085540771484e-05" />
    <testcase name="Equals (28)" classname="spec_perl_TestIndexToParamExpr_t" time="4.69684600830078e-05">
      <failure message="not ok 6 - Equals" type="TAP::Parser::Result::Test"></failure>
    </testcase>
    <testcase name="Equals (29)" classname="spec_perl_TestIndexToParamExpr_t" time="5.69820404052734e-05">
      <failure message="not ok 7 - Equals" type="TAP::Parser::Result::Test"></failure>
    </testcase>
  </testsuite>
  <testsuite name="spec_perl_TestBufferedStruct_t" errors="0" failures="0" skipped="0" tests="7" time="0.0448789596557617">
    <system-out>1..7
ok 1 - Equals
ok 2 - Equals
ok 3 - Equals
ok 4 - Equals
ok 5 - Equals
ok 6 - Equals
ok 7 - Equals
</system-out>
    <testcase name="Equals (30)" classname="spec_perl_TestBufferedStruct_t" time="0.000576019287109375" />
    <testcase name="Equals (31)" classname="spec_perl_TestBufferedStruct_t" time="9.98973846435547e-05" />
    <testcase name="Equals (32)" classname="spec_perl_TestBufferedStruct_t" time="5.79357147216797e-05" />
    <testcase name="Equals (33)" classname="spec_perl_TestBufferedStruct_t" time="0.000115156173706055" />
    <testcase name="Equals (34)" classname="spec_perl_TestBufferedStruct_t" time="0.00013279914855957" />
    <testcase name="Equals (35)" classname="spec_perl_TestBufferedStruct_t" time="0.000135183334350586" />
    <testcase name="Equals (36)" classname="spec_perl_TestBufferedStruct_t" time="0.000164985656738281" />
  </testsuite>
  <testsuite name="spec_perl_TestIntegersDoubleOverflow_t" errors="0" failures="0" skipped="0" tests="8" time="0.0456528663635254">
    <system-out>1..8
ok 1 - Equals
ok 2 - Equals
ok 3 - Equals
ok 4 - Equals
ok 5 - Equals
ok 6 - Equals
ok 7 - Equals
ok 8 - Equals
</system-out>
    <testcase name="Equals (37)" classname="spec_perl_TestIntegersDoubleOverflow_t" time="0.00027012825012207" />
    <testcase name="Equals (38)" classname="spec_perl_TestIntegersDoubleOverflow_t" time="8.20159912109375e-05" />
    <testcase name="Equals (39)" classname="spec_perl_TestIntegersDoubleOverflow_t" time="0.000124931335449219" />
    <testcase name="Equals (40)" classname="spec_perl_TestIntegersDoubleOverflow_t" time="0.000134944915771484" />
    <testcase name="Equals (41)" classname="spec_perl_TestIntegersDoubleOverflow_t" time="0.00014805793762207" />
    <testcase name="Equals (42)" classname="spec_perl_TestIntegersDoubleOverflow_t" time="0.000151872634887695" />
    <testcase name="Equals (43)" classname="spec_perl_TestIntegersDoubleOverflow_t" time="0.00012516975402832" />
    <testcase name="Equals (44)" classname="spec_perl_TestIntegersDoubleOverflow_t" time="0.000162839889526367" />
  </testsuite>
  <testsuite name="spec_perl_TestRecursiveOne_t" errors="0" failures="0" skipped="0" tests="4" time="0.0448980331420898">
    <system-out>1..4
ok 1 - Equals
ok 2 - Equals
ok 3 - Equals
ok 4 - Equals
</system-out>
    <testcase name="Equals (45)" classname="spec_perl_TestRecursiveOne_t" time="0.000295162200927734" />
    <testcase name="Equals (46)" classname="spec_perl_TestRecursiveOne_t" time="8.70227813720703e-05" />
    <testcase name="Equals (47)" classname="spec_perl_TestRecursiveOne_t" time="0.000110864639282227" />
    <testcase name="Equals (48)" classname="spec_perl_TestRecursiveOne_t" time="0.000138044357299805" />
  </testsuite>
  <testsuite name="spec_perl_TestProcessCoerceBytes_t" errors="0" failures="0" skipped="0" tests="4" time="0.0444421768188477">
    <system-out>1..4
ok 1 - Equals
ok 2 - Equals
ok 3 - Equals
ok 4 - Equals
</system-out>
    <testcase name="Equals (49)" classname="spec_perl_TestProcessCoerceBytes_t" time="0.000306844711303711" />
    <testcase name="Equals (50)" classname="spec_perl_TestProcessCoerceBytes_t" time="8.20159912109375e-05" />
    <testcase name="Equals (51)" classname="spec_perl_TestProcessCoerceBytes_t" time="0.000112056732177734" />
    <testcase name="Equals (52)" classname="spec_perl_TestProcessCoerceBytes_t" time="0.000149011611938477" />
  </testsuite>
  <testsuite name="spec_perl_TestEnumToI_t" errors="0" failures="1" skipped="0" tests="7" time="0.0473179817199707">
    <system-out>1..7
ok 1 - Equals
ok 2 - Equals
ok 3 - Equals
ok 4 - Equals
ok 5 - Equals
ok 6 - Equals
not ok 7 - Equals
</system-out>
    <testcase name="Equals (53)" classname="spec_perl_TestEnumToI_t" time="0.000294923782348633" />
    <testcase name="Equals (54)" classname="spec_perl_TestEnumToI_t" time="8.29696655273438e-05" />
    <testcase name="Equals (55)" classname="spec_perl_TestEnumToI_t" time="8.0108642578125e-05" />
    <testcase name="Equals (56)" classname="spec_perl_TestEnumToI_t" time="0.000160932540893555" />
    <testcase name="Equals (57)" classname="spec_perl_TestEnumToI_t" time="9.29832458496094e-05" />
    <testcase name="Equals (58)" classname="spec_perl_TestEnumToI_t" time="0.00014805793762207" />
    <testcase name="Equals (59)" classname="spec_perl_TestEnumToI_t" time="0.000187873840332031">
      <failure message="not ok 7 - Equals" type="TAP::Parser::Result::Test"></failure>
    </testcase>
  </testsuite>
  <testsuite name="spec_perl_TestPositionAbs_t" errors="0" failures="0" skipped="0" tests="2" time="0.0509500503540039">
    <system-out>1..2
ok 1 - Equals
ok 2 - Equals
</system-out>
    <testcase name="Equals (60)" classname="spec_perl_TestPositionAbs_t" time="0.000276803970336914" />
    <testcase name="Equals (61)" classname="spec_perl_TestPositionAbs_t" time="0.000204086303710938" />
  </testsuite>
  <testsuite name="spec_perl_TestValidNotParsedIf_t" errors="0" failures="0" skipped="1" tests="1" time="0.0452301502227783">
    <system-out>1..1
ok 1 # skip ValidNotParsedIf=HASH(0x1291db8)
</system-out>
    <testcase name="Unnamed test case 61" classname="spec_perl_TestValidNotParsedIf_t" time="0.00131797790527344">
      <skipped message="ok 1 # skip ValidNotParsedIf=HASH(0x1291db8)" />
    </testcase>
  </testsuite>
  <testsuite name="spec_perl_TestNestedTypes2_t" errors="0" failures="0" skipped="0" tests="7" time="0.0453159809112549">
    <system-out>1..7
ok 1 - Equals
ok 2 - Equals
ok 3 - Equals
ok 4 - Equals
ok 5 - Equals
ok 6 - Equals
ok 7 - Equals
</system-out>
    <testcase name="Equals (62)" classname="spec_perl_TestNestedTypes2_t" time="0.000296115875244141" />
    <testcase name="Equals (63)" classname="spec_perl_TestNestedTypes2_t" time="0.000123023986816406" />
    <testcase name="Equals (64)" classname="spec_perl_TestNestedTypes2_t" time="0.000128984451293945" />
    <testcase name="Equals (65)" classname="spec_perl_TestNestedTypes2_t" time="0.000136852264404297" />
    <testcase name="Equals (66)" classname="spec_perl_TestNestedTypes2_t" time="0.000132083892822266" />
    <testcase name="Equals (67)" classname="spec_perl_TestNestedTypes2_t" time="0.000144004821777344" />
    <testcase name="Equals (68)" classname="spec_perl_TestNestedTypes2_t" time="0.000119924545288086" />
  </testsuite>
  <testsuite name="spec_perl_TestSwitchRepeatExpr_t" errors="0" failures="0" skipped="0" tests="3" time="0.0462808609008789">
    <system-out>1..3
ok 1 - Equals
ok 2 - Equals
ok 3 - Equals
</system-out>
    <testcase name="Equals (69)" classname="spec_perl_TestSwitchRepeatExpr_t" time="0.000601053237915039" />
    <testcase name="Equals (70)" classname="spec_perl_TestSwitchRepeatExpr_t" time="0.000113964080810547" />
    <testcase name="Equals (71)" classname="spec_perl_TestSwitchRepeatExpr_t" time="6.103515625e-05" />
  </testsuite>
  <testsuite name="spec_perl_TestMetaTags_t" errors="0" failures="0" skipped="1" tests="1" time="0.0459280014038086">
    <system-out>1..1
ok 1 # skip MetaTags=HASH(0x2976458)
</system-out>
    <testcase name="Unnamed test case 71" classname="spec_perl_TestMetaTags_t" time="0.00133705139160156">
      <skipped message="ok 1 # skip MetaTags=HASH(0x2976458)" />
    </testcase>
  </testsuite>
  <testsuite name="spec_perl_TestSwitchMultiBoolOps_t" errors="0" failures="0" skipped="0" tests="9" time="0.0464229583740234">
    <system-out>1..9
ok 1 - Equals
ok 2 - Equals
ok 3 - Equals
ok 4 - Equals
ok 5 - Equals
ok 6 - Equals
ok 7 - Equals
ok 8 - Equals
ok 9 - Equals
</system-out>
    <testcase name="Equals (72)" classname="spec_perl_TestSwitchMultiBoolOps_t" time="0.000319957733154297" />
    <testcase name="Equals (73)" classname="spec_perl_TestSwitchMultiBoolOps_t" time="9.20295715332031e-05" />
    <testcase name="Equals (74)" classname="spec_perl_TestSwitchMultiBoolOps_t" time="5.91278076171875e-05" />
    <testcase name="Equals (75)" classname="spec_perl_TestSwitchMultiBoolOps_t" time="0.000164985656738281" />
    <testcase name="Equals (76)" classname="spec_perl_TestSwitchMultiBoolOps_t" time="9.39369201660156e-05" />
    <testcase name="Equals (77)" classname="spec_perl_TestSwitchMultiBoolOps_t" time="0.000190973281860352" />
    <testcase name="Equals (78)" classname="spec_perl_TestSwitchMultiBoolOps_t" time="0.000112056732177734" />
    <testcase name="Equals (79)" classname="spec_perl_TestSwitchMultiBoolOps_t" time="0.000222921371459961" />
    <testcase name="Equals (80)" classname="spec_perl_TestSwitchMultiBoolOps_t" time="0.000113010406494141" />
  </testsuite>
  <testsuite name="spec_perl_TestBitsSeqEndianCombo_t" errors="0" failures="0" skipped="0" tests="8" time="0.0450809001922607">
    <system-out>1..8
ok 1 - Equals
ok 2 - Equals
ok 3 - Equals
ok 4 - Equals
ok 5 - Equals
ok 6 - Equals
ok 7 - Equals
ok 8 - Equals
</system-out>
    <testcase name="Equals (81)" classname="spec_perl_TestBitsSeqEndianCombo_t" time="0.00035405158996582" />
    <testcase name="Equals (82)" classname="spec_perl_TestBitsSeqEndianCombo_t" time="8.98838043212891e-05" />
    <testcase name="Equals (83)" classname="spec_perl_TestBitsSeqEndianCombo_t" time="0.000102043151855469" />
    <testcase name="Equals (84)" classname="spec_perl_TestBitsSeqEndianCombo_t" time="0.000153064727783203" />
    <testcase name="Equals (85)" classname="spec_perl_TestBitsSeqEndianCombo_t" time="0.000123977661132812" />
    <testcase name="Equals (86)" classname="spec_perl_TestBitsSeqEndianCombo_t" time="0.000152111053466797" />
    <testcase name="Equals (87)" classname="spec_perl_TestBitsSeqEndianCombo_t" time="0.000110864639282227" />
    <testcase name="Equals (88)" classname="spec_perl_TestBitsSeqEndianCombo_t" time="0.000164031982421875" />
  </testsuite>
  <testsuite name="spec_perl_TestParamsPassUsertype_t" errors="0" failures="1" skipped="1" tests="2" time="0.0550551414489746">
    <system-out>1..2
not ok 1 - test_params_pass_usertype died (Can't call method &quot;foo&quot; on an undefined value at compiled/perl/ParamsPassUsertype.pm line 119.)
ok 2 # skip test_params_pass_usertype died
</system-out>
    <testcase name="test_params_pass_usertype died (Can't call method &quot;foo&quot; on an undefined value at compiled/perl/ParamsPassUsertype.pm line 119.) (88)" classname="spec_perl_TestParamsPassUsertype_t" time="0.000344991683959961">
      <failure message="not ok 1 - test_params_pass_usertype died (Can't call method &quot;foo&quot; on an undefined value at compiled/perl/ParamsPassUsertype.pm line 119.)" type="TAP::Parser::Result::Test"></failure>
    </testcase>
    <testcase name="Unnamed test case 88" classname="spec_perl_TestParamsPassUsertype_t" time="0.000712871551513672">
      <skipped message="ok 2 # skip test_params_pass_usertype died" />
    </testcase>
  </testsuite>
  <testsuite name="spec_perl_TestExprSizeofType0_t" errors="0" failures="0" skipped="0" tests="1" time="0.0448770523071289">
    <system-out>1..1
ok 1 - Equals
</system-out>
    <testcase name="Equals (89)" classname="spec_perl_TestExprSizeofType0_t" time="0.000295877456665039" />
  </testsuite>
  <testsuite name="spec_perl_TestSwitchIntegers_t" errors="0" failures="0" skipped="0" tests="9" time="0.0451309680938721">
    <system-out>1..9
ok 1 - Equals
ok 2 - Equals
ok 3 - Equals
ok 4 - Equals
ok 5 - Equals
ok 6 - Equals
ok 7 - Equals
ok 8 - Equals
ok 9 - Equals
</system-out>
    <testcase name="Equals (90)" classname="spec_perl_TestSwitchIntegers_t" time="0.000294923782348633" />
    <testcase name="Equals (91)" classname="spec_perl_TestSwitchIntegers_t" time="8.82148742675781e-05" />
    <testcase name="Equals (92)" classname="spec_perl_TestSwitchIntegers_t" time="0.000130891799926758" />
    <testcase name="Equals (93)" classname="spec_perl_TestSwitchIntegers_t" time="0.000119924545288086" />
    <testcase name="Equals (94)" classname="spec_perl_TestSwitchIntegers_t" time="0.000135183334350586" />
    <testcase name="Equals (95)" classname="spec_perl_TestSwitchIntegers_t" time="0.000121831893920898" />
    <testcase name="Equals (96)" classname="spec_perl_TestSwitchIntegers_t" time="0.00012516975402832" />
    <testcase name="Equals (97)" classname="spec_perl_TestSwitchIntegers_t" time="0.000158786773681641" />
    <testcase name="Equals (98)" classname="spec_perl_TestSwitchIntegers_t" time="0.000109195709228516" />
  </testsuite>
  <testsuite name="spec_perl_TestExprIoPos_t" errors="0" failures="0" skipped="0" tests="6" time="0.0476999282836914">
    <system-out>1..6
ok 1 - Equals
ok 2 - Equals
ok 3 - Equals
ok 4 - Equals
ok 5 - Equals
ok 6 - Equals
</system-out>
    <testcase name="Equals (99)" classname="spec_perl_TestExprIoPos_t" time="0.000669002532958984" />
    <testcase name="Equals (100)" classname="spec_perl_TestExprIoPos_t" time="0.000128984451293945" />
    <testcase name="Equals (101)" classname="spec_perl_TestExprIoPos_t" time="6.103515625e-05" />
    <testcase name="Equals (102)" classname="spec_perl_TestExprIoPos_t" time="0.000103950500488281" />
    <testcase name="Equals (103)" classname="spec_perl_TestExprIoPos_t" time="0.000144004821777344" />
    <testcase name="Equals (104)" classname="spec_perl_TestExprIoPos_t" time="0.000115156173706055" />
  </testsuite>
  <testsuite name="spec_perl_TestEofExceptionBytes_t" errors="0" failures="0" skipped="0" tests="1" time="0.0540509223937988">
    <system-out>1..1
ok 1 - Died
</system-out>
    <testcase name="Died (104)" classname="spec_perl_TestEofExceptionBytes_t" time="0.000176906585693359" />
  </testsuite>
  <testsuite name="spec_perl_TestIfInstances_t" errors="0" failures="0" skipped="0" tests="1" time="0.0442130565643311">
    <system-out>1..1
ok 1 - nil
</system-out>
    <testcase name="nil (104)" classname="spec_perl_TestIfInstances_t" time="0.000216960906982422" />
  </testsuite>
  <testsuite name="spec_perl_TestFixedStruct_t" errors="0" failures="0" skipped="0" tests="20" time="0.0474820137023926">
    <system-out>1..20
ok 1 - Equals
ok 2 - Equals
ok 3 - Equals
ok 4 - Equals
ok 5 - Equals
ok 6 - Equals
ok 7 - Equals
ok 8 - Equals
ok 9 - Equals
ok 10 - Equals
ok 11 - Equals
ok 12 - Equals
ok 13 - Equals
ok 14 - Equals
ok 15 - Equals
ok 16 - Equals
ok 17 - Equals
ok 18 - Equals
ok 19 - Equals
ok 20 - Equals
</system-out>
    <testcase name="Equals (105)" classname="spec_perl_TestFixedStruct_t" time="0.00031280517578125" />
    <testcase name="Equals (106)" classname="spec_perl_TestFixedStruct_t" time="9.70363616943359e-05" />
    <testcase name="Equals (107)" classname="spec_perl_TestFixedStruct_t" time="6.103515625e-05" />
    <testcase name="Equals (108)" classname="spec_perl_TestFixedStruct_t" time="0.000153064727783203" />
    <testcase name="Equals (109)" classname="spec_perl_TestFixedStruct_t" time="9.98973846435547e-05" />
    <testcase name="Equals (110)" classname="spec_perl_TestFixedStruct_t" time="0.000141143798828125" />
    <testcase name="Equals (111)" classname="spec_perl_TestFixedStruct_t" time="0.000146865844726562" />
    <testcase name="Equals (112)" classname="spec_perl_TestFixedStruct_t" time="0.000108957290649414" />
    <testcase name="Equals (113)" classname="spec_perl_TestFixedStruct_t" time="0.000123023986816406" />
    <testcase name="Equals (114)" classname="spec_perl_TestFixedStruct_t" time="0.00011897087097168" />
    <testcase name="Equals (115)" classname="spec_perl_TestFixedStruct_t" time="0.000143051147460938" />
    <testcase name="Equals (116)" classname="spec_perl_TestFixedStruct_t" time="0.000118017196655273" />
    <testcase name="Equals (117)" classname="spec_perl_TestFixedStruct_t" time="0.000138998031616211" />
    <testcase name="Equals (118)" classname="spec_perl_TestFixedStruct_t" time="0.00014805793762207" />
    <testcase name="Equals (119)" classname="spec_perl_TestFixedStruct_t" time="0.000123023986816406" />
    <testcase name="Equals (120)" classname="spec_perl_TestFixedStruct_t" time="0.000123977661132812" />
    <testcase name="Equals (121)" classname="spec_perl_TestFixedStruct_t" time="0.000127077102661133" />
    <testcase name="Equals (122)" classname="spec_perl_TestFixedStruct_t" time="0.000126838684082031" />
    <testcase name="Equals (123)" classname="spec_perl_TestFixedStruct_t" time="0.00011897087097168" />
    <testcase name="Equals (124)" classname="spec_perl_TestFixedStruct_t" time="0.000145196914672852" />
  </testsuite>
  <testsuite name="spec_perl_TestStrPadTerm_t" errors="0" failures="0" skipped="0" tests="4" time="0.0470750331878662">
    <system-out>1..4
ok 1 - Equals
ok 2 - Equals
ok 3 - Equals
ok 4 - Equals
</system-out>
    <testcase name="Equals (125)" classname="spec_perl_TestStrPadTerm_t" time="0.000370025634765625" />
    <testcase name="Equals (126)" classname="spec_perl_TestStrPadTerm_t" time="9.51290130615234e-05" />
    <testcase name="Equals (127)" classname="spec_perl_TestStrPadTerm_t" time="6.103515625e-05" />
    <testcase name="Equals (128)" classname="spec_perl_TestStrPadTerm_t" time="0.000155925750732422" />
  </testsuite>
  <testsuite name="spec_perl_TestInstanceStd_t" errors="0" failures="0" skipped="0" tests="1" time="0.0478789806365967">
    <system-out>1..1
ok 1 - Equals
</system-out>
    <testcase name="Equals (129)" classname="spec_perl_TestInstanceStd_t" time="0.000262022018432617" />
  </testsuite>
  <testsuite name="spec_perl_TestHelloWorld_t" errors="0" failures="0" skipped="0" tests="1" time="0.0433909893035889">
    <system-out>1..1
ok 1 - Equals
</system-out>
    <testcase name="Equals (130)" classname="spec_perl_TestHelloWorld_t" time="0.000268936157226562" />
  </testsuite>
  <testsuite name="spec_perl_TestSwitchRepeatExprInvalid_t" errors="0" failures="0" skipped="0" tests="3" time="0.0453298091888428">
    <system-out>1..3
ok 1 - Equals
ok 2 - Equals
ok 3 - Equals
</system-out>
    <testcase name="Equals (131)" classname="spec_perl_TestSwitchRepeatExprInvalid_t" time="0.000276088714599609" />
    <testcase name="Equals (132)" classname="spec_perl_TestSwitchRepeatExprInvalid_t" time="9.58442687988281e-05" />
    <testcase name="Equals (133)" classname="spec_perl_TestSwitchRepeatExprInvalid_t" time="8.20159912109375e-05" />
  </testsuite>
  <testsuite name="spec_perl_TestRepeatUntilS4_t" errors="0" failures="0" skipped="0" tests="2" time="0.0470230579376221">
    <system-out>1..2
ok 1 - Equals
ok 2 - Equals
</system-out>
    <testcase name="Equals (134)" classname="spec_perl_TestRepeatUntilS4_t" time="0.000303983688354492" />
    <testcase name="Equals (135)" classname="spec_perl_TestRepeatUntilS4_t" time="8.392333984375e-05" />
  </testsuite>
  <testsuite name="spec_perl_TestExprMod_t" errors="0" failures="0" skipped="0" tests="6" time="0.0439848899841309">
    <system-out>1..6
ok 1 - Equals
ok 2 - Equals
ok 3 - Equals
ok 4 - Equals
ok 5 - Equals
ok 6 - Equals
</system-out>
    <testcase name="Equals (136)" classname="spec_perl_TestExprMod_t" time="0.000196933746337891" />
    <testcase name="Equals (137)" classname="spec_perl_TestExprMod_t" time="9.41753387451172e-05" />
    <testcase name="Equals (138)" classname="spec_perl_TestExprMod_t" time="0.000168800354003906" />
    <testcase name="Equals (139)" classname="spec_perl_TestExprMod_t" time="9.60826873779297e-05" />
    <testcase name="Equals (140)" classname="spec_perl_TestExprMod_t" time="0.000143051147460938" />
    <testcase name="Equals (141)" classname="spec_perl_TestExprMod_t" time="0.000125885009765625" />
  </testsuite>
  <testsuite name="spec_perl_TestExprArray_t" errors="0" failures="1" skipped="0" tests="15" time="0.0551190376281738">
    <system-out>1..15
ok 1 - Equals
ok 2 - Equals
ok 3 - Equals
ok 4 - Equals
ok 5 - Equals
ok 6 - Equals
ok 7 - Equals
ok 8 - Equals
not ok 9 - Equals
ok 10 - Equals
ok 11 - Equals
ok 12 - Equals
ok 13 - Equals
ok 14 - Equals
ok 15 - Equals
</system-out>
    <testcase name="Equals (142)" classname="spec_perl_TestExprArray_t" time="0.000390052795410156" />
    <testcase name="Equals (143)" classname="spec_perl_TestExprArray_t" time="9.20295715332031e-05" />
    <testcase name="Equals (144)" classname="spec_perl_TestExprArray_t" time="5.69820404052734e-05" />
    <testcase name="Equals (145)" classname="spec_perl_TestExprArray_t" time="0.000123977661132812" />
    <testcase name="Equals (146)" classname="spec_perl_TestExprArray_t" time="0.000131130218505859" />
    <testcase name="Equals (147)" classname="spec_perl_TestExprArray_t" time="0.000139951705932617" />
    <testcase name="Equals (148)" classname="spec_perl_TestExprArray_t" time="0.000158071517944336" />
    <testcase name="Equals (149)" classname="spec_perl_TestExprArray_t" time="0.00013279914855957" />
    <testcase name="Equals (150)" classname="spec_perl_TestExprArray_t" time="0.00023198127746582">
      <failure message="not ok 9 - Equals" type="TAP::Parser::Result::Test"></failure>
    </testcase>
    <testcase name="Equals (151)" classname="spec_perl_TestExprArray_t" time="0.00369715690612793" />
    <testcase name="Equals (152)" classname="spec_perl_TestExprArray_t" time="8.10623168945312e-05" />
    <testcase name="Equals (153)" classname="spec_perl_TestExprArray_t" time="3.48091125488281e-05" />
    <testcase name="Equals (154)" classname="spec_perl_TestExprArray_t" time="3.40938568115234e-05" />
    <testcase name="Equals (155)" classname="spec_perl_TestExprArray_t" time="3.09944152832031e-05" />
    <testcase name="Equals (156)" classname="spec_perl_TestExprArray_t" time="3.29017639160156e-05" />
  </testsuite>
  <testsuite name="spec_perl_TestNonStandard_t" errors="0" failures="0" skipped="0" tests="1" time="0.043956995010376">
    <system-out>1..1
ok 1 - Equals
</system-out>
    <testcase name="Equals (157)" classname="spec_perl_TestNonStandard_t" time="0.000253915786743164" />
  </testsuite>
  <testsuite name="spec_perl_TestBitsSimple_t" errors="0" failures="0" skipped="0" tests="14" time="0.04634690284729">
    <system-out>1..14
ok 1 - Equals
ok 2 - Equals
ok 3 - Equals
ok 4 - Equals
ok 5 - Equals
ok 6 - Equals
ok 7 - Equals
ok 8 - Equals
ok 9 - Equals
ok 10 - Equals
ok 11 - Equals
ok 12 - Equals
ok 13 - Equals
ok 14 - Equals
</system-out>
    <testcase name="Equals (158)" classname="spec_perl_TestBitsSimple_t" time="0.000332832336425781" />
    <testcase name="Equals (159)" classname="spec_perl_TestBitsSimple_t" time="9.20295715332031e-05" />
    <testcase name="Equals (160)" classname="spec_perl_TestBitsSimple_t" time="0.0001220703125" />
    <testcase name="Equals (161)" classname="spec_perl_TestBitsSimple_t" time="0.000137090682983398" />
    <testcase name="Equals (162)" classname="spec_perl_TestBitsSimple_t" time="0.000180959701538086" />
    <testcase name="Equals (163)" classname="spec_perl_TestBitsSimple_t" time="0.000105857849121094" />
    <testcase name="Equals (164)" classname="spec_perl_TestBitsSimple_t" time="0.000147104263305664" />
    <testcase name="Equals (165)" classname="spec_perl_TestBitsSimple_t" time="0.000114917755126953" />
    <testcase name="Equals (166)" classname="spec_perl_TestBitsSimple_t" time="0.000149011611938477" />
    <testcase name="Equals (167)" classname="spec_perl_TestBitsSimple_t" time="0.000121116638183594" />
    <testcase name="Equals (168)" classname="spec_perl_TestBitsSimple_t" time="0.000123023986816406" />
    <testcase name="Equals (169)" classname="spec_perl_TestBitsSimple_t" time="0.000123023986816406" />
    <testcase name="Equals (170)" classname="spec_perl_TestBitsSimple_t" time="0.000123977661132812" />
    <testcase name="Equals (171)" classname="spec_perl_TestBitsSimple_t" time="0.000146865844726562" />
  </testsuite>
  <testsuite name="spec_perl_TestExprIfIntOps_t" errors="0" failures="0" skipped="0" tests="2" time="0.044395923614502">
    <system-out>1..2
ok 1 - Equals
ok 2 - Equals
</system-out>
    <testcase name="Equals (172)" classname="spec_perl_TestExprIfIntOps_t" time="0.000261068344116211" />
    <testcase name="Equals (173)" classname="spec_perl_TestExprIfIntOps_t" time="7.70092010498047e-05" />
  </testsuite>
  <testsuite name="spec_perl_TestBitsSimpleLe_t" errors="0" failures="0" skipped="0" tests="14" time="0.045943021774292">
    <system-out>1..14
ok 1 - Equals
ok 2 - Equals
ok 3 - Equals
ok 4 - Equals
ok 5 - Equals
ok 6 - Equals
ok 7 - Equals
ok 8 - Equals
ok 9 - Equals
ok 10 - Equals
ok 11 - Equals
ok 12 - Equals
ok 13 - Equals
ok 14 - Equals
</system-out>
    <testcase name="Equals (174)" classname="spec_perl_TestBitsSimpleLe_t" time="0.000334978103637695" />
    <testcase name="Equals (175)" classname="spec_perl_TestBitsSimpleLe_t" time="8.79764556884766e-05" />
    <testcase name="Equals (176)" classname="spec_perl_TestBitsSimpleLe_t" time="6.41345977783203e-05" />
    <testcase name="Equals (177)" classname="spec_perl_TestBitsSimpleLe_t" time="0.000138998031616211" />
    <testcase name="Equals (178)" classname="spec_perl_TestBitsSimpleLe_t" time="0.000143051147460938" />
    <testcase name="Equals (179)" classname="spec_perl_TestBitsSimpleLe_t" time="0.000117778778076172" />
    <testcase name="Equals (180)" classname="spec_perl_TestBitsSimpleLe_t" time="0.000146150588989258" />
    <testcase name="Equals (181)" classname="spec_perl_TestBitsSimpleLe_t" time="0.000120878219604492" />
    <testcase name="Equals (182)" classname="spec_perl_TestBitsSimpleLe_t" time="0.000116109848022461" />
    <testcase name="Equals (183)" classname="spec_perl_TestBitsSimpleLe_t" time="0.000139951705932617" />
    <testcase name="Equals (184)" classname="spec_perl_TestBitsSimpleLe_t" time="0.000128030776977539" />
    <testcase name="Equals (185)" classname="spec_perl_TestBitsSimpleLe_t" time="0.000118017196655273" />
    <testcase name="Equals (186)" classname="spec_perl_TestBitsSimpleLe_t" time="0.000155925750732422" />
    <testcase name="Equals (187)" classname="spec_perl_TestBitsSimpleLe_t" time="0.000113964080810547" />
  </testsuite>
  <testsuite name="spec_perl_TestTermBytes_t" errors="0" failures="0" skipped="0" tests="3" time="0.0451850891113281">
    <system-out>1..3
ok 1 - Equals
ok 2 - Equals
ok 3 - Equals
</system-out>
    <testcase name="Equals (188)" classname="spec_perl_TestTermBytes_t" time="0.000262022018432617" />
    <testcase name="Equals (189)" classname="spec_perl_TestTermBytes_t" time="9.39369201660156e-05" />
    <testcase name="Equals (190)" classname="spec_perl_TestTermBytes_t" time="0.000128984451293945" />
  </testsuite>
  <testsuite name="spec_perl_TestCastToTop_t" errors="0" failures="0" skipped="0" tests="3" time="0.0437889099121094">
    <system-out>1..3
ok 1 - Equals
ok 2 - Equals
ok 3 - Equals
</system-out>
    <testcase name="Equals (191)" classname="spec_perl_TestCastToTop_t" time="0.000241994857788086" />
    <testcase name="Equals (192)" classname="spec_perl_TestCastToTop_t" time="7.89165496826172e-05" />
    <testcase name="Equals (193)" classname="spec_perl_TestCastToTop_t" time="0.000174999237060547" />
  </testsuite>
  <testsuite name="spec_perl_TestSwitchManualIntElse_t" errors="0" failures="0" skipped="0" tests="9" time="0.0496890544891357">
    <system-out>1..9
ok 1 - Equals
ok 2 - Equals
ok 3 - Equals
ok 4 - Equals
ok 5 - Equals
ok 6 - Equals
ok 7 - Equals
ok 8 - Equals
ok 9 - Equals
</system-out>
    <testcase name="Equals (194)" classname="spec_perl_TestSwitchManualIntElse_t" time="0.000447988510131836" />
    <testcase name="Equals (195)" classname="spec_perl_TestSwitchManualIntElse_t" time="9.89437103271484e-05" />
    <testcase name="Equals (196)" classname="spec_perl_TestSwitchManualIntElse_t" time="5.79357147216797e-05" />
    <testcase name="Equals (197)" classname="spec_perl_TestSwitchManualIntElse_t" time="0.00014805793762207" />
    <testcase name="Equals (198)" classname="spec_perl_TestSwitchManualIntElse_t" time="0.000144004821777344" />
    <testcase name="Equals (199)" classname="spec_perl_TestSwitchManualIntElse_t" time="0.000144004821777344" />
    <testcase name="Equals (200)" classname="spec_perl_TestSwitchManualIntElse_t" time="0.000143051147460938" />
    <testcase name="Equals (201)" classname="spec_perl_TestSwitchManualIntElse_t" time="0.000153064727783203" />
    <testcase name="Equals (202)" classname="spec_perl_TestSwitchManualIntElse_t" time="0.000131845474243164" />
  </testsuite>
  <testsuite name="spec_perl_TestImportsRel1_t" errors="0" failures="0" skipped="0" tests="3" time="0.0444929599761963">
    <system-out>1..3
ok 1 - Equals
ok 2 - Equals
ok 3 - Equals
</system-out>
    <testcase name="Equals (203)" classname="spec_perl_TestImportsRel1_t" time="0.000232934951782227" />
    <testcase name="Equals (204)" classname="spec_perl_TestImportsRel1_t" time="7.39097595214844e-05" />
    <testcase name="Equals (205)" classname="spec_perl_TestImportsRel1_t" time="0.000127077102661133" />
  </testsuite>
  <testsuite name="spec_perl_TestEnumDeep_t" errors="0" failures="0" skipped="0" tests="2" time="0.0440299510955811">
    <system-out>1..2
ok 1 - Equals
ok 2 - Equals
</system-out>
    <testcase name="Equals (206)" classname="spec_perl_TestEnumDeep_t" time="0.000242948532104492" />
    <testcase name="Equals (207)" classname="spec_perl_TestEnumDeep_t" time="7.70092010498047e-05" />
  </testsuite>
  <testsuite name="spec_perl_TestProcessRepeatBytes_t" errors="0" failures="0" skipped="0" tests="2" time="0.0447800159454346">
    <system-out>1..2
ok 1 - Equals
ok 2 - Equals
</system-out>
    <testcase name="Equals (208)" classname="spec_perl_TestProcessRepeatBytes_t" time="0.000249147415161133" />
    <testcase name="Equals (209)" classname="spec_perl_TestProcessRepeatBytes_t" time="7.89165496826172e-05" />
  </testsuite>
  <testsuite name="spec_perl_TestStrEncodingsDefault_t" errors="0" failures="0" skipped="0" tests="4" time="0.0510327816009521">
    <system-out>1..4
ok 1 - Equals
ok 2 - Equals
ok 3 - Equals
ok 4 - Equals
</system-out>
    <testcase name="Equals (210)" classname="spec_perl_TestStrEncodingsDefault_t" time="0.00311899185180664" />
    <testcase name="Equals (211)" classname="spec_perl_TestStrEncodingsDefault_t" time="0.000129938125610352" />
    <testcase name="Equals (212)" classname="spec_perl_TestStrEncodingsDefault_t" time="6.103515625e-05" />
    <testcase name="Equals (213)" classname="spec_perl_TestStrEncodingsDefault_t" time="6.29425048828125e-05" />
  </testsuite>
  <testsuite name="spec_perl_TestCombineEnum_t" errors="0" failures="0" skipped="0" tests="3" time="0.0440661907196045">
    <system-out>1..3
ok 1 - Equals
ok 2 - Equals
ok 3 - Equals
</system-out>
    <testcase name="Equals (214)" classname="spec_perl_TestCombineEnum_t" time="0.000237941741943359" />
    <testcase name="Equals (215)" classname="spec_perl_TestCombineEnum_t" time="8.10623168945312e-05" />
    <testcase name="Equals (216)" classname="spec_perl_TestCombineEnum_t" time="0.000155925750732422" />
  </testsuite>
  <testsuite name="spec_perl_TestProcessXor4Const_t" errors="0" failures="0" skipped="0" tests="2" time="0.0453720092773438">
    <system-out>1..2
ok 1 - Equals
ok 2 - Equals
</system-out>
    <testcase name="Equals (217)" classname="spec_perl_TestProcessXor4Const_t" time="0.000257968902587891" />
    <testcase name="Equals (218)" classname="spec_perl_TestProcessXor4Const_t" time="8.20159912109375e-05" />
  </testsuite>
  <testsuite name="spec_perl_TestDocstringsDocref_t" errors="0" failures="0" skipped="1" tests="1" time="0.0444369316101074">
    <system-out>1..1
ok 1 # skip DocstringsDocref=HASH(0x1533e18)
</system-out>
    <testcase name="Unnamed test case 218" classname="spec_perl_TestDocstringsDocref_t" time="0.00128006935119629">
      <skipped message="ok 1 # skip DocstringsDocref=HASH(0x1533e18)" />
    </testcase>
  </testsuite>
  <testsuite name="spec_perl_TestStrEncodings_t" errors="0" failures="0" skipped="0" tests="4" time="0.0708281993865967">
    <system-out>1..4
ok 1 - Equals
ok 2 - Equals
ok 3 - Equals
ok 4 - Equals
</system-out>
    <testcase name="Equals (219)" classname="spec_perl_TestStrEncodings_t" time="0.0240159034729004" />
    <testcase name="Equals (220)" classname="spec_perl_TestStrEncodings_t" time="0.000136137008666992" />
    <testcase name="Equals (221)" classname="spec_perl_TestStrEncodings_t" time="5.07831573486328e-05" />
    <testcase name="Equals (222)" classname="spec_perl_TestStrEncodings_t" time="5.7220458984375e-05" />
  </testsuite>
  <testsuite name="spec_perl_TestExpr3_t" errors="0" failures="0" skipped="0" tests="12" time="0.0489459037780762">
    <system-out>1..12
ok 1 - Equals
ok 2 - Equals
ok 3 - Equals
ok 4 - Equals
ok 5 - Equals
ok 6 - Equals
ok 7 - Equals
ok 8 - Equals
ok 9 - Equals
ok 10 - Equals
ok 11 - Equals
ok 12 - Equals
</system-out>
    <testcase name="Equals (223)" classname="spec_perl_TestExpr3_t" time="0.000314950942993164" />
    <testcase name="Equals (224)" classname="spec_perl_TestExpr3_t" time="8.41617584228516e-05" />
    <testcase name="Equals (225)" classname="spec_perl_TestExpr3_t" time="8.20159912109375e-05" />
    <testcase name="Equals (226)" classname="spec_perl_TestExpr3_t" time="0.000161886215209961" />
    <testcase name="Equals (227)" classname="spec_perl_TestExpr3_t" time="0.000102043151855469" />
    <testcase name="Equals (228)" classname="spec_perl_TestExpr3_t" time="0.000145912170410156" />
    <testcase name="Equals (229)" classname="spec_perl_TestExpr3_t" time="0.000120162963867188" />
    <testcase name="Equals (230)" classname="spec_perl_TestExpr3_t" time="0.000152826309204102" />
    <testcase name="Equals (231)" classname="spec_perl_TestExpr3_t" time="0.000113010406494141" />
    <testcase name="Equals (232)" classname="spec_perl_TestExpr3_t" time="0.000143051147460938" />
    <testcase name="Equals (233)" classname="spec_perl_TestExpr3_t" time="0.000134944915771484" />
    <testcase name="Equals (234)" classname="spec_perl_TestExpr3_t" time="0.000120162963867188" />
  </testsuite>
  <testsuite name="spec_perl_TestExprIoEof_t" errors="0" failures="0" skipped="0" tests="4" time="0.0456678867340088">
    <system-out>1..4
ok 1 - Equals
ok 2 - nil
ok 3 - Equals
ok 4 - Equals
</system-out>
    <testcase name="Equals (235)" classname="spec_perl_TestExprIoEof_t" time="0.000552177429199219" />
    <testcase name="nil (235)" classname="spec_perl_TestExprIoEof_t" time="9.89437103271484e-05" />
    <testcase name="Equals (236)" classname="spec_perl_TestExprIoEof_t" time="4.69684600830078e-05" />
    <testcase name="Equals (237)" classname="spec_perl_TestExprIoEof_t" time="5.38825988769531e-05" />
  </testsuite>
  <testsuite name="spec_perl_TestProcessCoerceSwitch_t" errors="0" failures="0" skipped="0" tests="3" time="0.0456488132476807">
    <system-out>1..3
ok 1 - Equals
ok 2 - Equals
ok 3 - Equals
</system-out>
    <testcase name="Equals (238)" classname="spec_perl_TestProcessCoerceSwitch_t" time="0.000588178634643555" />
    <testcase name="Equals (239)" classname="spec_perl_TestProcessCoerceSwitch_t" time="9.67979431152344e-05" />
    <testcase name="Equals (240)" classname="spec_perl_TestProcessCoerceSwitch_t" time="8.70227813720703e-05" />
  </testsuite>
  <testsuite name="spec_perl_TestParamsPassBool_t" errors="0" failures="1" skipped="13" tests="14" time="0.0582590103149414">
    <system-out>1..14
not ok 1 - test_params_pass_bool died (Requested 2 bytes, but got only 1 bytes at ../runtime/perl/lib/IO/KaitaiStruct.pm line 333.)
ok 2 # skip test_params_pass_bool died
ok 3 # skip test_params_pass_bool died
ok 4 # skip test_params_pass_bool died
ok 5 # skip test_params_pass_bool died
ok 6 # skip test_params_pass_bool died
ok 7 # skip test_params_pass_bool died
ok 8 # skip test_params_pass_bool died
ok 9 # skip test_params_pass_bool died
ok 10 # skip test_params_pass_bool died
ok 11 # skip test_params_pass_bool died
ok 12 # skip test_params_pass_bool died
ok 13 # skip test_params_pass_bool died
ok 14 # skip test_params_pass_bool died
</system-out>
    <testcase name="test_params_pass_bool died (Requested 2 bytes, but got only 1 bytes at ../runtime/perl/lib/IO/KaitaiStruct.pm line 333.) (240)" classname="spec_perl_TestParamsPassBool_t" time="0.000385046005249023">
      <failure message="not ok 1 - test_params_pass_bool died (Requested 2 bytes, but got only 1 bytes at ../runtime/perl/lib/IO/KaitaiStruct.pm line 333.)" type="TAP::Parser::Result::Test"></failure>
    </testcase>
    <testcase name="Unnamed test case 240" classname="spec_perl_TestParamsPassBool_t" time="0.00041508674621582">
      <skipped message="ok 2 # skip test_params_pass_bool died" />
    </testcase>
    <testcase name="Unnamed test case 241" classname="spec_perl_TestParamsPassBool_t" time="0.000319957733154297">
      <skipped message="ok 3 # skip test_params_pass_bool died" />
    </testcase>
    <testcase name="Unnamed test case 242" classname="spec_perl_TestParamsPassBool_t" time="0.000278949737548828">
      <skipped message="ok 4 # skip test_params_pass_bool died" />
    </testcase>
    <testcase name="Unnamed test case 243" classname="spec_perl_TestParamsPassBool_t" time="0.00026702880859375">
      <skipped message="ok 5 # skip test_params_pass_bool died" />
    </testcase>
    <testcase name="Unnamed test case 244" classname="spec_perl_TestParamsPassBool_t" time="0.000261068344116211">
      <skipped message="ok 6 # skip test_params_pass_bool died" />
    </testcase>
    <testcase name="Unnamed test case 245" classname="spec_perl_TestParamsPassBool_t" time="0.000247001647949219">
      <skipped message="ok 7 # skip test_params_pass_bool died" />
    </testcase>
    <testcase name="Unnamed test case 246" classname="spec_perl_TestParamsPassBool_t" time="0.000257015228271484">
      <skipped message="ok 8 # skip test_params_pass_bool died" />
    </testcase>
    <testcase name="Unnamed test case 247" classname="spec_perl_TestParamsPassBool_t" time="0.000268936157226562">
      <skipped message="ok 9 # skip test_params_pass_bool died" />
    </testcase>
    <testcase name="Unnamed test case 248" classname="spec_perl_TestParamsPassBool_t" time="0.000264883041381836">
      <skipped message="ok 10 # skip test_params_pass_bool died" />
    </testcase>
    <testcase name="Unnamed test case 249" classname="spec_perl_TestParamsPassBool_t" time="0.000283002853393555">
      <skipped message="ok 11 # skip test_params_pass_bool died" />
    </testcase>
    <testcase name="Unnamed test case 250" classname="spec_perl_TestParamsPassBool_t" time="0.000287055969238281">
      <skipped message="ok 12 # skip test_params_pass_bool died" />
    </testcase>
    <testcase name="Unnamed test case 251" classname="spec_perl_TestParamsPassBool_t" time="0.000272989273071289">
      <skipped message="ok 13 # skip test_params_pass_bool died" />
    </testcase>
    <testcase name="Unnamed test case 252" classname="spec_perl_TestParamsPassBool_t" time="0.000277042388916016">
      <skipped message="ok 14 # skip test_params_pass_bool died" />
    </testcase>
  </testsuite>
  <testsuite name="spec_perl_TestBcdUserTypeLe_t" errors="0" failures="0" skipped="0" tests="6" time="0.0468530654907227">
    <system-out>1..6
ok 1 - Equals
ok 2 - Equals
ok 3 - Equals
ok 4 - Equals
ok 5 - Equals
ok 6 - Equals
</system-out>
    <testcase name="Equals (252)" classname="spec_perl_TestBcdUserTypeLe_t" time="0.000632047653198242" />
    <testcase name="Equals (253)" classname="spec_perl_TestBcdUserTypeLe_t" time="9.89437103271484e-05" />
    <testcase name="Equals (254)" classname="spec_perl_TestBcdUserTypeLe_t" time="0.000105142593383789" />
    <testcase name="Equals (255)" classname="spec_perl_TestBcdUserTypeLe_t" time="0.000161886215209961" />
    <testcase name="Equals (256)" classname="spec_perl_TestBcdUserTypeLe_t" time="0.000154972076416016" />
    <testcase name="Equals (257)" classname="spec_perl_TestBcdUserTypeLe_t" time="0.000154018402099609" />
  </testsuite>
  <testsuite name="spec_perl_TestRepeatNStruct_t" errors="0" failures="0" skipped="0" tests="5" time="0.0453329086303711">
    <system-out>1..5
ok 1 - Equals
ok 2 - Equals
ok 3 - Equals
ok 4 - Equals
ok 5 - Equals
</system-out>
    <testcase name="Equals (258)" classname="spec_perl_TestRepeatNStruct_t" time="0.000284194946289062" />
    <testcase name="Equals (259)" classname="spec_perl_TestRepeatNStruct_t" time="8.08238983154297e-05" />
    <testcase name="Equals (260)" classname="spec_perl_TestRepeatNStruct_t" time="0.000123023986816406" />
    <testcase name="Equals (261)" classname="spec_perl_TestRepeatNStruct_t" time="0.000138044357299805" />
    <testcase name="Equals (262)" classname="spec_perl_TestRepeatNStruct_t" time="0.000140905380249023" />
  </testsuite>
  <testsuite name="spec_perl_TestOptionalId_t" errors="0" failures="0" skipped="0" tests="3" time="0.0446038246154785">
    <system-out>1..3
ok 1 - Equals
ok 2 - Equals
ok 3 - Equals
</system-out>
    <testcase name="Equals (263)" classname="spec_perl_TestOptionalId_t" time="0.000272035598754883" />
    <testcase name="Equals (264)" classname="spec_perl_TestOptionalId_t" time="8.48770141601562e-05" />
    <testcase name="Equals (265)" classname="spec_perl_TestOptionalId_t" time="0.000108003616333008" />
  </testsuite>
  <testsuite name="spec_perl_TestParamsPassArrayUsertype_t" errors="0" failures="1" skipped="4" tests="5" time="0.0557200908660889">
    <system-out>1..5
not ok 1 - test_params_pass_array_usertype died (Can't use an undefined value as an ARRAY reference at compiled/perl/ParamsPassArrayUsertype.pm line 123.)
ok 2 # skip test_params_pass_array_usertype died
ok 3 # skip test_params_pass_array_usertype died
ok 4 # skip test_params_pass_array_usertype died
ok 5 # skip test_params_pass_array_usertype died
</system-out>
    <testcase name="test_params_pass_array_usertype died (Can't use an undefined value as an ARRAY reference at compiled/perl/ParamsPassArrayUsertype.pm line 123.) (265)" classname="spec_perl_TestParamsPassArrayUsertype_t" time="0.000344038009643555">
      <failure message="not ok 1 - test_params_pass_array_usertype died (Can't use an undefined value as an ARRAY reference at compiled/perl/ParamsPassArrayUsertype.pm line 123.)" type="TAP::Parser::Result::Test"></failure>
    </testcase>
    <testcase name="Unnamed test case 265" classname="spec_perl_TestParamsPassArrayUsertype_t" time="0.000451087951660156">
      <skipped message="ok 2 # skip test_params_pass_array_usertype died" />
    </testcase>
    <testcase name="Unnamed test case 266" classname="spec_perl_TestParamsPassArrayUsertype_t" time="0.000319004058837891">
      <skipped message="ok 3 # skip test_params_pass_array_usertype died" />
    </testcase>
    <testcase name="Unnamed test case 267" classname="spec_perl_TestParamsPassArrayUsertype_t" time="0.000270843505859375">
      <skipped message="ok 4 # skip test_params_pass_array_usertype died" />
    </testcase>
    <testcase name="Unnamed test case 268" classname="spec_perl_TestParamsPassArrayUsertype_t" time="0.000266075134277344">
      <skipped message="ok 5 # skip test_params_pass_array_usertype died" />
    </testcase>
  </testsuite>
  <testsuite name="spec_perl_TestBcdUserTypeBe_t" errors="0" failures="0" skipped="0" tests="6" time="0.0468881130218506">
    <system-out>1..6
ok 1 - Equals
ok 2 - Equals
ok 3 - Equals
ok 4 - Equals
ok 5 - Equals
ok 6 - Equals
</system-out>
    <testcase name="Equals (268)" classname="spec_perl_TestBcdUserTypeBe_t" time="0.000676870346069336" />
    <testcase name="Equals (269)" classname="spec_perl_TestBcdUserTypeBe_t" time="0.000113010406494141" />
    <testcase name="Equals (270)" classname="spec_perl_TestBcdUserTypeBe_t" time="5.91278076171875e-05" />
    <testcase name="Equals (271)" classname="spec_perl_TestBcdUserTypeBe_t" time="0.000386953353881836" />
    <testcase name="Equals (272)" classname="spec_perl_TestBcdUserTypeBe_t" time="0.000206947326660156" />
    <testcase name="Equals (273)" classname="spec_perl_TestBcdUserTypeBe_t" time="0.000162124633789062" />
  </testsuite>
  <testsuite name="spec_perl_TestDefaultEndianExprIsBe_t" errors="0" failures="0" skipped="0" tests="18" time="0.0472121238708496">
    <system-out>1..18
ok 1 - Equals
ok 2 - Equals
ok 3 - Equals
ok 4 - Equals
ok 5 - Equals
ok 6 - Equals
ok 7 - Equals
ok 8 - Equals
ok 9 - Equals
ok 10 - Equals
ok 11 - Equals
ok 12 - Equals
ok 13 - Equals
ok 14 - Equals
ok 15 - Equals
ok 16 - Equals
ok 17 - Equals
ok 18 - Equals
</system-out>
    <testcase name="Equals (274)" classname="spec_perl_TestDefaultEndianExprIsBe_t" time="0.000322818756103516" />
    <testcase name="Equals (275)" classname="spec_perl_TestDefaultEndianExprIsBe_t" time="8.70227813720703e-05" />
    <testcase name="Equals (276)" classname="spec_perl_TestDefaultEndianExprIsBe_t" time="5.69820404052734e-05" />
    <testcase name="Equals (277)" classname="spec_perl_TestDefaultEndianExprIsBe_t" time="0.000154018402099609" />
    <testcase name="Equals (278)" classname="spec_perl_TestDefaultEndianExprIsBe_t" time="0.000149011611938477" />
    <testcase name="Equals (279)" classname="spec_perl_TestDefaultEndianExprIsBe_t" time="0.000159978866577148" />
    <testcase name="Equals (280)" classname="spec_perl_TestDefaultEndianExprIsBe_t" time="0.000112056732177734" />
    <testcase name="Equals (281)" classname="spec_perl_TestDefaultEndianExprIsBe_t" time="0.000123977661132812" />
    <testcase name="Equals (282)" classname="spec_perl_TestDefaultEndianExprIsBe_t" time="0.000123023986816406" />
    <testcase name="Equals (283)" classname="spec_perl_TestDefaultEndianExprIsBe_t" time="0.0001220703125" />
    <testcase name="Equals (284)" classname="spec_perl_TestDefaultEndianExprIsBe_t" time="0.000164985656738281" />
    <testcase name="Equals (285)" classname="spec_perl_TestDefaultEndianExprIsBe_t" time="0.000155925750732422" />
    <testcase name="Equals (286)" classname="spec_perl_TestDefaultEndianExprIsBe_t" time="0.000123023986816406" />
    <testcase name="Equals (287)" classname="spec_perl_TestDefaultEndianExprIsBe_t" time="0.00014805793762207" />
    <testcase name="Equals (288)" classname="spec_perl_TestDefaultEndianExprIsBe_t" time="0.000140905380249023" />
    <testcase name="Equals (289)" classname="spec_perl_TestDefaultEndianExprIsBe_t" time="0.000130176544189453" />
    <testcase name="Equals (290)" classname="spec_perl_TestDefaultEndianExprIsBe_t" time="0.000149965286254883" />
    <testcase name="Equals (291)" classname="spec_perl_TestDefaultEndianExprIsBe_t" time="0.000149965286254883" />
  </testsuite>
  <testsuite name="spec_perl_TestEnumLongRangeS_t" errors="0" failures="0" skipped="0" tests="7" time="0.0441858768463135">
    <system-out>1..7
ok 1 - Equals
ok 2 - Equals
ok 3 - Equals
ok 4 - Equals
ok 5 - Equals
ok 6 - Equals
ok 7 - Equals
</system-out>
    <testcase name="Equals (292)" classname="spec_perl_TestEnumLongRangeS_t" time="0.000243902206420898" />
    <testcase name="Equals (293)" classname="spec_perl_TestEnumLongRangeS_t" time="8.60691070556641e-05" />
    <testcase name="Equals (294)" classname="spec_perl_TestEnumLongRangeS_t" time="0.000132083892822266" />
    <testcase name="Equals (295)" classname="spec_perl_TestEnumLongRangeS_t" time="0.000119924545288086" />
    <testcase name="Equals (296)" classname="spec_perl_TestEnumLongRangeS_t" time="0.000114917755126953" />
    <testcase name="Equals (297)" classname="spec_perl_TestEnumLongRangeS_t" time="0.000130176544189453" />
    <testcase name="Equals (298)" classname="spec_perl_TestEnumLongRangeS_t" time="0.000140905380249023" />
  </testsuite>
  <testsuite name="spec_perl_TestIntegersMinMax_t" errors="0" failures="0" skipped="0" tests="28" time="0.048166036605835">
    <system-out>1..28
ok 1 - Equals
ok 2 - Equals
ok 3 - Equals
ok 4 - Equals
ok 5 - Equals
ok 6 - Equals
ok 7 - Equals
ok 8 - Equals
ok 9 - Equals
ok 10 - Equals
ok 11 - Equals
ok 12 - Equals
ok 13 - Equals
ok 14 - Equals
ok 15 - Equals
ok 16 - Equals
ok 17 - Equals
ok 18 - Equals
ok 19 - Equals
ok 20 - Equals
ok 21 - Equals
ok 22 - Equals
ok 23 - Equals
ok 24 - Equals
ok 25 - Equals
ok 26 - Equals
ok 27 - Equals
ok 28 - Equals
</system-out>
    <testcase name="Equals (299)" classname="spec_perl_TestIntegersMinMax_t" time="0.000310182571411133" />
    <testcase name="Equals (300)" classname="spec_perl_TestIntegersMinMax_t" time="8.58306884765625e-05" />
    <testcase name="Equals (301)" classname="spec_perl_TestIntegersMinMax_t" time="6.103515625e-05" />
    <testcase name="Equals (302)" classname="spec_perl_TestIntegersMinMax_t" time="0.000200986862182617" />
    <testcase name="Equals (303)" classname="spec_perl_TestIntegersMinMax_t" time="8.10623168945312e-05" />
    <testcase name="Equals (304)" classname="spec_perl_TestIntegersMinMax_t" time="0.000161886215209961" />
    <testcase name="Equals (305)" classname="spec_perl_TestIntegersMinMax_t" time="0.000111103057861328" />
    <testcase name="Equals (306)" classname="spec_perl_TestIntegersMinMax_t" time="0.000145912170410156" />
    <testcase name="Equals (307)" classname="spec_perl_TestIntegersMinMax_t" time="0.000108003616333008" />
    <testcase name="Equals (308)" classname="spec_perl_TestIntegersMinMax_t" time="0.00014495849609375" />
    <testcase name="Equals (309)" classname="spec_perl_TestIntegersMinMax_t" time="0.000155210494995117" />
    <testcase name="Equals (310)" classname="spec_perl_TestIntegersMinMax_t" time="0.000105857849121094" />
    <testcase name="Equals (311)" classname="spec_perl_TestIntegersMinMax_t" time="0.000146150588989258" />
    <testcase name="Equals (312)" classname="spec_perl_TestIntegersMinMax_t" time="0.000126838684082031" />
    <testcase name="Equals (313)" classname="spec_perl_TestIntegersMinMax_t" time="0.000115156173706055" />
    <testcase name="Equals (314)" classname="spec_perl_TestIntegersMinMax_t" time="0.000124931335449219" />
    <testcase name="Equals (315)" classname="spec_perl_TestIntegersMinMax_t" time="0.000124931335449219" />
    <testcase name="Equals (316)" classname="spec_perl_TestIntegersMinMax_t" time="0.0001220703125" />
    <testcase name="Equals (317)" classname="spec_perl_TestIntegersMinMax_t" time="0.000151872634887695" />
    <testcase name="Equals (318)" classname="spec_perl_TestIntegersMinMax_t" time="0.000110149383544922" />
    <testcase name="Equals (319)" classname="spec_perl_TestIntegersMinMax_t" time="0.000146865844726562" />
    <testcase name="Equals (320)" classname="spec_perl_TestIntegersMinMax_t" time="0.000128030776977539" />
    <testcase name="Equals (321)" classname="spec_perl_TestIntegersMinMax_t" time="0.000118017196655273" />
    <testcase name="Equals (322)" classname="spec_perl_TestIntegersMinMax_t" time="0.000117063522338867" />
    <testcase name="Equals (323)" classname="spec_perl_TestIntegersMinMax_t" time="0.000119924545288086" />
    <testcase name="Equals (324)" classname="spec_perl_TestIntegersMinMax_t" time="0.00011897087097168" />
    <testcase name="Equals (325)" classname="spec_perl_TestIntegersMinMax_t" time="0.000146150588989258" />
    <testcase name="Equals (326)" classname="spec_perl_TestIntegersMinMax_t" time="0.000115871429443359" />
  </testsuite>
  <testsuite name="spec_perl_TestTypeIntUnaryOp_t" errors="0" failures="0" skipped="0" tests="4" time="0.045712947845459">
    <system-out>1..4
ok 1 - Equals
ok 2 - Equals
ok 3 - Equals
ok 4 - Equals
</system-out>
    <testcase name="Equals (327)" classname="spec_perl_TestTypeIntUnaryOp_t" time="0.000287055969238281" />
    <testcase name="Equals (328)" classname="spec_perl_TestTypeIntUnaryOp_t" time="9.17911529541016e-05" />
    <testcase name="Equals (329)" classname="spec_perl_TestTypeIntUnaryOp_t" time="5.91278076171875e-05" />
    <testcase name="Equals (330)" classname="spec_perl_TestTypeIntUnaryOp_t" time="0.000164985656738281" />
  </testsuite>
  <testsuite name="spec_perl_TestNavParent_t" errors="0" failures="0" skipped="0" tests="5" time="0.0487179756164551">
    <system-out>1..5
ok 1 - Equals
ok 2 - Equals
ok 3 - Equals
ok 4 - Equals
ok 5 - Equals
</system-out>
    <testcase name="Equals (331)" classname="spec_perl_TestNavParent_t" time="0.00038599967956543" />
    <testcase name="Equals (332)" classname="spec_perl_TestNavParent_t" time="9.29832458496094e-05" />
    <testcase name="Equals (333)" classname="spec_perl_TestNavParent_t" time="5.69820404052734e-05" />
    <testcase name="Equals (334)" classname="spec_perl_TestNavParent_t" time="0.000165939331054688" />
    <testcase name="Equals (335)" classname="spec_perl_TestNavParent_t" time="0.000131130218505859" />
  </testsuite>
  <testsuite name="spec_perl_TestValidSwitch_t" errors="0" failures="0" skipped="1" tests="1" time="0.0474529266357422">
    <system-out>1..1
ok 1 # skip ValidSwitch=HASH(0x1eb2eb8)
</system-out>
    <testcase name="Unnamed test case 335" classname="spec_perl_TestValidSwitch_t" time="0.00136899948120117">
      <skipped message="ok 1 # skip ValidSwitch=HASH(0x1eb2eb8)" />
    </testcase>
  </testsuite>
  <testsuite name="spec_perl_TestFloatToI_t" errors="0" failures="0" skipped="0" tests="8" time="0.0446338653564453">
    <system-out>1..8
ok 1 - Equals
ok 2 - Equals
ok 3 - Equals
ok 4 - Equals
ok 5 - Equals
ok 6 - Equals
ok 7 - Equals
ok 8 - Equals
</system-out>
    <testcase name="Equals (336)" classname="spec_perl_TestFloatToI_t" time="0.000270843505859375" />
    <testcase name="Equals (337)" classname="spec_perl_TestFloatToI_t" time="8.10623168945312e-05" />
    <testcase name="Equals (338)" classname="spec_perl_TestFloatToI_t" time="0.000120162963867188" />
    <testcase name="Equals (339)" classname="spec_perl_TestFloatToI_t" time="0.000128984451293945" />
    <testcase name="Equals (340)" classname="spec_perl_TestFloatToI_t" time="0.000139951705932617" />
    <testcase name="Equals (341)" classname="spec_perl_TestFloatToI_t" time="0.000119924545288086" />
    <testcase name="Equals (342)" classname="spec_perl_TestFloatToI_t" time="0.000147104263305664" />
    <testcase name="Equals (343)" classname="spec_perl_TestFloatToI_t" time="0.000116825103759766" />
  </testsuite>
  <testsuite name="spec_perl_TestExprCalcArrayOps_t" errors="0" failures="1" skipped="17" tests="18" time="0.0692989826202393">
    <system-out>1..18
not ok 1 - test_expr_calc_array_ops died (Can't use string (&quot;1000&quot;) as an ARRAY ref while &quot;strict refs&quot; in use at compiled/perl/ExprCalcArrayOps.pm line 50.)
ok 2 # skip test_expr_calc_array_ops died
ok 3 # skip test_expr_calc_array_ops died
ok 4 # skip test_expr_calc_array_ops died
ok 5 # skip test_expr_calc_array_ops died
ok 6 # skip test_expr_calc_array_ops died
ok 7 # skip test_expr_calc_array_ops died
ok 8 # skip test_expr_calc_array_ops died
ok 9 # skip test_expr_calc_array_ops died
ok 10 # skip test_expr_calc_array_ops died
ok 11 # skip test_expr_calc_array_ops died
ok 12 # skip test_expr_calc_array_ops died
ok 13 # skip test_expr_calc_array_ops died
ok 14 # skip test_expr_calc_array_ops died
ok 15 # skip test_expr_calc_array_ops died
ok 16 # skip test_expr_calc_array_ops died
ok 17 # skip test_expr_calc_array_ops died
ok 18 # skip test_expr_calc_array_ops died
</system-out>
    <testcase name="test_expr_calc_array_ops died (Can't use string (&quot;1000&quot;) as an ARRAY ref while &quot;strict refs&quot; in use at compiled/perl/ExprCalcArrayOps.pm line 50.) (343)" classname="spec_perl_TestExprCalcArrayOps_t" time="0.00115203857421875">
      <failure message="not ok 1 - test_expr_calc_array_ops died (Can't use string (&quot;1000&quot;) as an ARRAY ref while &quot;strict refs&quot; in use at compiled/perl/ExprCalcArrayOps.pm line 50.)" type="TAP::Parser::Result::Test"></failure>
    </testcase>
    <testcase name="Unnamed test case 343" classname="spec_perl_TestExprCalcArrayOps_t" time="0.00112390518188477">
      <skipped message="ok 2 # skip test_expr_calc_array_ops died" />
    </testcase>
    <testcase name="Unnamed test case 344" classname="spec_perl_TestExprCalcArrayOps_t" time="0.000334024429321289">
      <skipped message="ok 3 # skip test_expr_calc_array_ops died" />
    </testcase>
    <testcase name="Unnamed test case 345" classname="spec_perl_TestExprCalcArrayOps_t" time="0.0002288818359375">
      <skipped message="ok 4 # skip test_expr_calc_array_ops died" />
    </testcase>
    <testcase name="Unnamed test case 346" classname="spec_perl_TestExprCalcArrayOps_t" time="0.000227212905883789">
      <skipped message="ok 5 # skip test_expr_calc_array_ops died" />
    </testcase>
    <testcase name="Unnamed test case 347" classname="spec_perl_TestExprCalcArrayOps_t" time="0.000218868255615234">
      <skipped message="ok 6 # skip test_expr_calc_array_ops died" />
    </testcase>
    <testcase name="Unnamed test case 348" classname="spec_perl_TestExprCalcArrayOps_t" time="0.000226974487304688">
      <skipped message="ok 7 # skip test_expr_calc_array_ops died" />
    </testcase>
    <testcase name="Unnamed test case 349" classname="spec_perl_TestExprCalcArrayOps_t" time="0.000216960906982422">
      <skipped message="ok 8 # skip test_expr_calc_array_ops died" />
    </testcase>
    <testcase name="Unnamed test case 350" classname="spec_perl_TestExprCalcArrayOps_t" time="0.000220060348510742">
      <skipped message="ok 9 # skip test_expr_calc_array_ops died" />
    </testcase>
    <testcase name="Unnamed test case 351" classname="spec_perl_TestExprCalcArrayOps_t" time="0.000211000442504883">
      <skipped message="ok 10 # skip test_expr_calc_array_ops died" />
    </testcase>
    <testcase name="Unnamed test case 352" classname="spec_perl_TestExprCalcArrayOps_t" time="0.000291109085083008">
      <skipped message="ok 11 # skip test_expr_calc_array_ops died" />
    </testcase>
    <testcase name="Unnamed test case 353" classname="spec_perl_TestExprCalcArrayOps_t" time="0.000375986099243164">
      <skipped message="ok 12 # skip test_expr_calc_array_ops died" />
    </testcase>
    <testcase name="Unnamed test case 354" classname="spec_perl_TestExprCalcArrayOps_t" time="0.000430822372436523">
      <skipped message="ok 13 # skip test_expr_calc_array_ops died" />
    </testcase>
    <testcase name="Unnamed test case 355" classname="spec_perl_TestExprCalcArrayOps_t" time="0.000432014465332031">
      <skipped message="ok 14 # skip test_expr_calc_array_ops died" />
    </testcase>
    <testcase name="Unnamed test case 356" classname="spec_perl_TestExprCalcArrayOps_t" time="0.000329017639160156">
      <skipped message="ok 15 # skip test_expr_calc_array_ops died" />
    </testcase>
    <testcase name="Unnamed test case 357" classname="spec_perl_TestExprCalcArrayOps_t" time="0.000358104705810547">
      <skipped message="ok 16 # skip test_expr_calc_array_ops died" />
    </testcase>
    <testcase name="Unnamed test case 358" classname="spec_perl_TestExprCalcArrayOps_t" time="0.000426054000854492">
      <skipped message="ok 17 # skip test_expr_calc_array_ops died" />
    </testcase>
    <testcase name="Unnamed test case 359" classname="spec_perl_TestExprCalcArrayOps_t" time="0.0004119873046875">
      <skipped message="ok 18 # skip test_expr_calc_array_ops died" />
    </testcase>
  </testsuite>
  <testsuite name="spec_perl_TestNestedSameName2_t" errors="0" failures="0" skipped="0" tests="5" time="0.0455660820007324">
    <system-out>1..5
ok 1 - Equals
ok 2 - Equals
ok 3 - Equals
ok 4 - Equals
ok 5 - Equals
</system-out>
    <testcase name="Equals (359)" classname="spec_perl_TestNestedSameName2_t" time="0.000290870666503906" />
    <testcase name="Equals (360)" classname="spec_perl_TestNestedSameName2_t" time="8.51154327392578e-05" />
    <testcase name="Equals (361)" classname="spec_perl_TestNestedSameName2_t" time="0.000123023986816406" />
    <testcase name="Equals (362)" classname="spec_perl_TestNestedSameName2_t" time="0.000133991241455078" />
    <testcase name="Equals (363)" classname="spec_perl_TestNestedSameName2_t" time="0.000136852264404297" />
  </testsuite>
  <testsuite name="spec_perl_TestEnumToIClassBorder1_t" errors="0" failures="1" skipped="0" tests="3" time="0.0508670806884766">
    <system-out>1..3
ok 1 - Equals
ok 2 - Equals
not ok 3 - test_enum_to_i_class_border_1 died (Can't call method &quot;some_dog&quot; on an undefined value at compiled/perl/EnumToIClassBorder2.pm line 42.)
</system-out>
    <testcase name="Equals (364)" classname="spec_perl_TestEnumToIClassBorder1_t" time="0.000246047973632812" />
    <testcase name="Equals (365)" classname="spec_perl_TestEnumToIClassBorder1_t" time="7.70092010498047e-05" />
    <testcase name="test_enum_to_i_class_border_1 died (Can't call method &quot;some_dog&quot; on an undefined value at compiled/perl/EnumToIClassBorder2.pm line 42.) (365)" classname="spec_perl_TestEnumToIClassBorder1_t" time="0.000297069549560547">
      <failure message="not ok 3 - test_enum_to_i_class_border_1 died (Can't call method &quot;some_dog&quot; on an undefined value at compiled/perl/EnumToIClassBorder2.pm line 42.)" type="TAP::Parser::Result::Test"></failure>
    </testcase>
  </testsuite>
  <testsuite name="spec_perl_TestExprStrOps_t" errors="1" failures="0" skipped="0" tests="0" time="0.0445840358734131">
    <system-out></system-out>
    <testcase name="Test died too soon, even before plan. (365)" classname="spec_perl_TestExprStrOps_t" time="0.0445840358734131">
      <failure message="The test suite died before a plan was produced. You need to have a plan." type="Plan">No plan</failure>
    </testcase>
  </testsuite>
  <testsuite name="spec_perl_TestStrEos_t" errors="0" failures="0" skipped="0" tests="1" time="0.046457052230835">
    <system-out>1..1
ok 1 - Equals
</system-out>
    <testcase name="Equals (366)" classname="spec_perl_TestStrEos_t" time="0.000294923782348633" />
  </testsuite>
  <testsuite name="spec_perl_TestProcessCoerceUsertype2_t" errors="0" failures="0" skipped="0" tests="4" time="0.0454721450805664">
    <system-out>1..4
ok 1 - Equals
ok 2 - Equals
ok 3 - Equals
ok 4 - Equals
</system-out>
    <testcase name="Equals (367)" classname="spec_perl_TestProcessCoerceUsertype2_t" time="0.000691890716552734" />
    <testcase name="Equals (368)" classname="spec_perl_TestProcessCoerceUsertype2_t" time="0.000105142593383789" />
    <testcase name="Equals (369)" classname="spec_perl_TestProcessCoerceUsertype2_t" time="6.98566436767578e-05" />
    <testcase name="Equals (370)" classname="spec_perl_TestProcessCoerceUsertype2_t" time="0.000116109848022461" />
  </testsuite>
  <testsuite name="spec_perl_TestEosExceptionBytes_t" errors="0" failures="0" skipped="0" tests="1" time="0.0457589626312256">
    <system-out>1..1
ok 1 - Died
</system-out>
    <testcase name="Died (370)" classname="spec_perl_TestEosExceptionBytes_t" time="0.000498056411743164" />
  </testsuite>
  <testsuite name="spec_perl_TestStrLiterals_t" errors="0" failures="0" skipped="0" tests="5" time="0.0443310737609863">
    <system-out>1..5
ok 1 - Equals
ok 2 - Equals
ok 3 - Equals
ok 4 - Equals
ok 5 - Equals
</system-out>
    <testcase name="Equals (371)" classname="spec_perl_TestStrLiterals_t" time="0.000256061553955078" />
    <testcase name="Equals (372)" classname="spec_perl_TestStrLiterals_t" time="8.17775726318359e-05" />
    <testcase name="Equals (373)" classname="spec_perl_TestStrLiterals_t" time="0.00016021728515625" />
    <testcase name="Equals (374)" classname="spec_perl_TestStrLiterals_t" time="0.00014495849609375" />
    <testcase name="Equals (375)" classname="spec_perl_TestStrLiterals_t" time="0.000156879425048828" />
  </testsuite>
  <testsuite name="spec_perl_TestProcessCustomNoArgs_t" errors="1" failures="0" skipped="0" tests="0" time="0.0456161499023438">
    <system-out></system-out>
    <testcase name="Test died too soon, even before plan. (375)" classname="spec_perl_TestProcessCustomNoArgs_t" time="0.0456161499023438">
      <failure message="The test suite died before a plan was produced. You need to have a plan." type="Plan">No plan</failure>
    </testcase>
  </testsuite>
  <testsuite name="spec_perl_TestSwitchManualEnum_t" errors="0" failures="0" skipped="0" tests="9" time="0.0492630004882812">
    <system-out>1..9
ok 1 - Equals
ok 2 - Equals
ok 3 - Equals
ok 4 - Equals
ok 5 - Equals
ok 6 - Equals
ok 7 - Equals
ok 8 - Equals
ok 9 - Equals
</system-out>
    <testcase name="Equals (376)" classname="spec_perl_TestSwitchManualEnum_t" time="0.000392913818359375" />
    <testcase name="Equals (377)" classname="spec_perl_TestSwitchManualEnum_t" time="9.39369201660156e-05" />
    <testcase name="Equals (378)" classname="spec_perl_TestSwitchManualEnum_t" time="5.91278076171875e-05" />
    <testcase name="Equals (379)" classname="spec_perl_TestSwitchManualEnum_t" time="0.000135898590087891" />
    <testcase name="Equals (380)" classname="spec_perl_TestSwitchManualEnum_t" time="0.000136137008666992" />
    <testcase name="Equals (381)" classname="spec_perl_TestSwitchManualEnum_t" time="0.000140905380249023" />
    <testcase name="Equals (382)" classname="spec_perl_TestSwitchManualEnum_t" time="0.000119924545288086" />
    <testcase name="Equals (383)" classname="spec_perl_TestSwitchManualEnum_t" time="0.000158071517944336" />
    <testcase name="Equals (384)" classname="spec_perl_TestSwitchManualEnum_t" time="0.000115871429443359" />
  </testsuite>
  <testsuite name="spec_perl_TestDebugSwitchUser_t" errors="1" failures="0" skipped="0" tests="0" time="0.0535991191864014">
    <system-out></system-out>
    <testcase name="Test died too soon, even before plan. (384)" classname="spec_perl_TestDebugSwitchUser_t" time="0.0535991191864014">
      <failure message="The test suite died before a plan was produced. You need to have a plan." type="Plan">No plan</failure>
    </testcase>
  </testsuite>
  <testsuite name="spec_perl_TestSwitchManualEnumInvalid_t" errors="0" failures="0" skipped="0" tests="5" time="0.0482580661773682">
    <system-out>1..5
ok 1 - Equals
ok 2 - Equals
ok 3 - nil
ok 4 - Equals
ok 5 - nil
</system-out>
    <testcase name="Equals (385)" classname="spec_perl_TestSwitchManualEnumInvalid_t" time="0.000336885452270508" />
    <testcase name="Equals (386)" classname="spec_perl_TestSwitchManualEnumInvalid_t" time="9.01222229003906e-05" />
    <testcase name="nil (386)" classname="spec_perl_TestSwitchManualEnumInvalid_t" time="4.79221343994141e-05" />
    <testcase name="Equals (387)" classname="spec_perl_TestSwitchManualEnumInvalid_t" time="6.19888305664062e-05" />
    <testcase name="nil (387)" classname="spec_perl_TestSwitchManualEnumInvalid_t" time="0.000102043151855469" />
  </testsuite>
  <testsuite name="spec_perl_TestNavParent2_t" errors="0" failures="0" skipped="0" tests="10" time="0.0483269691467285">
    <system-out>1..10
ok 1 - Equals
ok 2 - Equals
ok 3 - Equals
ok 4 - Equals
ok 5 - Equals
ok 6 - Equals
ok 7 - Equals
ok 8 - Equals
ok 9 - Equals
ok 10 - Equals
</system-out>
    <testcase name="Equals (388)" classname="spec_perl_TestNavParent2_t" time="0.000313043594360352" />
    <testcase name="Equals (389)" classname="spec_perl_TestNavParent2_t" time="9.39369201660156e-05" />
    <testcase name="Equals (390)" classname="spec_perl_TestNavParent2_t" time="5.79357147216797e-05" />
    <testcase name="Equals (391)" classname="spec_perl_TestNavParent2_t" time="0.000155210494995117" />
    <testcase name="Equals (392)" classname="spec_perl_TestNavParent2_t" time="0.000117778778076172" />
    <testcase name="Equals (393)" classname="spec_perl_TestNavParent2_t" time="0.000184059143066406" />
    <testcase name="Equals (394)" classname="spec_perl_TestNavParent2_t" time="0.000115156173706055" />
    <testcase name="Equals (395)" classname="spec_perl_TestNavParent2_t" time="0.000120878219604492" />
    <testcase name="Equals (396)" classname="spec_perl_TestNavParent2_t" time="0.000128984451293945" />
    <testcase name="Equals (397)" classname="spec_perl_TestNavParent2_t" time="0.00018000602722168" />
  </testsuite>
  <testsuite name="spec_perl_TestRepeatUntilSized_t" errors="0" failures="0" skipped="0" tests="7" time="0.0456030368804932">
    <system-out>1..7
ok 1 - Equals
ok 2 - Equals
ok 3 - Equals
ok 4 - Equals
ok 5 - Equals
ok 6 - Equals
ok 7 - Equals
</system-out>
    <testcase name="Equals (398)" classname="spec_perl_TestRepeatUntilSized_t" time="0.000581979751586914" />
    <testcase name="Equals (399)" classname="spec_perl_TestRepeatUntilSized_t" time="0.000100135803222656" />
    <testcase name="Equals (400)" classname="spec_perl_TestRepeatUntilSized_t" time="5.69820404052734e-05" />
    <testcase name="Equals (401)" classname="spec_perl_TestRepeatUntilSized_t" time="0.000119924545288086" />
    <testcase name="Equals (402)" classname="spec_perl_TestRepeatUntilSized_t" time="0.00014805793762207" />
    <testcase name="Equals (403)" classname="spec_perl_TestRepeatUntilSized_t" time="0.000125885009765625" />
    <testcase name="Equals (404)" classname="spec_perl_TestRepeatUntilSized_t" time="0.000113964080810547" />
  </testsuite>
  <testsuite name="spec_perl_TestBitsSignedB32Le_t" errors="0" failures="0" skipped="0" tests="4" time="0.0445199012756348">
    <system-out>1..4
ok 1 - Equals
ok 2 - Equals
ok 3 - Equals
ok 4 - Equals
</system-out>
    <testcase name="Equals (405)" classname="spec_perl_TestBitsSignedB32Le_t" time="0.000310897827148438" />
    <testcase name="Equals (406)" classname="spec_perl_TestBitsSignedB32Le_t" time="8.79764556884766e-05" />
    <testcase name="Equals (407)" classname="spec_perl_TestBitsSignedB32Le_t" time="0.000109195709228516" />
    <testcase name="Equals (408)" classname="spec_perl_TestBitsSignedB32Le_t" time="0.000131845474243164" />
  </testsuite>
  <testsuite name="spec_perl_TestCastToImported_t" errors="0" failures="0" skipped="0" tests="2" time="0.0445151329040527">
    <system-out>1..2
ok 1 - Equals
ok 2 - Equals
</system-out>
    <testcase name="Equals (409)" classname="spec_perl_TestCastToImported_t" time="0.000313997268676758" />
    <testcase name="Equals (410)" classname="spec_perl_TestCastToImported_t" time="7.91549682617188e-05" />
  </testsuite>
  <testsuite name="spec_perl_TestValidShort_t" errors="0" failures="0" skipped="1" tests="1" time="0.0484809875488281">
    <system-out>1..1
ok 1 # skip ValidShort=HASH(0x1ade228)
</system-out>
    <testcase name="Unnamed test case 410" classname="spec_perl_TestValidShort_t" time="0.00139188766479492">
      <skipped message="ok 1 # skip ValidShort=HASH(0x1ade228)" />
    </testcase>
  </testsuite>
  <testsuite name="spec_perl_TestNavParentOverride_t" errors="0" failures="0" skipped="0" tests="3" time="0.0443220138549805">
    <system-out>1..3
ok 1 - Equals
ok 2 - Equals
ok 3 - Equals
</system-out>
    <testcase name="Equals (411)" classname="spec_perl_TestNavParentOverride_t" time="0.000252008438110352" />
    <testcase name="Equals (412)" classname="spec_perl_TestNavParentOverride_t" time="7.79628753662109e-05" />
    <testcase name="Equals (413)" classname="spec_perl_TestNavParentOverride_t" time="0.000150918960571289" />
  </testsuite>
  <testsuite name="spec_perl_TestDefaultEndianExprInherited_t" errors="0" failures="0" skipped="0" tests="15" time="0.0470139980316162">
    <system-out>1..15
ok 1 - Equals
ok 2 - Equals
ok 3 - Equals
ok 4 - Equals
ok 5 - Equals
ok 6 - Equals
ok 7 - Equals
ok 8 - Equals
ok 9 - Equals
ok 10 - Equals
ok 11 - Equals
ok 12 - Equals
ok 13 - Equals
ok 14 - Equals
ok 15 - Equals
</system-out>
    <testcase name="Equals (414)" classname="spec_perl_TestDefaultEndianExprInherited_t" time="0.000355958938598633" />
    <testcase name="Equals (415)" classname="spec_perl_TestDefaultEndianExprInherited_t" time="8.79764556884766e-05" />
    <testcase name="Equals (416)" classname="spec_perl_TestDefaultEndianExprInherited_t" time="7.39097595214844e-05" />
    <testcase name="Equals (417)" classname="spec_perl_TestDefaultEndianExprInherited_t" time="0.000162124633789062" />
    <testcase name="Equals (418)" classname="spec_perl_TestDefaultEndianExprInherited_t" time="0.00014495849609375" />
    <testcase name="Equals (419)" classname="spec_perl_TestDefaultEndianExprInherited_t" time="0.000149011611938477" />
    <testcase name="Equals (420)" classname="spec_perl_TestDefaultEndianExprInherited_t" time="0.000115871429443359" />
    <testcase name="Equals (421)" classname="spec_perl_TestDefaultEndianExprInherited_t" time="0.000123977661132812" />
    <testcase name="Equals (422)" classname="spec_perl_TestDefaultEndianExprInherited_t" time="0.000154018402099609" />
    <testcase name="Equals (423)" classname="spec_perl_TestDefaultEndianExprInherited_t" time="0.000128030776977539" />
    <testcase name="Equals (424)" classname="spec_perl_TestDefaultEndianExprInherited_t" time="0.000131130218505859" />
    <testcase name="Equals (425)" classname="spec_perl_TestDefaultEndianExprInherited_t" time="0.000123977661132812" />
    <testcase name="Equals (426)" classname="spec_perl_TestDefaultEndianExprInherited_t" time="0.000161886215209961" />
    <testcase name="Equals (427)" classname="spec_perl_TestDefaultEndianExprInherited_t" time="0.000113964080810547" />
    <testcase name="Equals (428)" classname="spec_perl_TestDefaultEndianExprInherited_t" time="0.00016021728515625" />
  </testsuite>
  <testsuite name="spec_perl_TestZlibSurrounded_t" errors="0" failures="0" skipped="0" tests="1" time="0.0669012069702148">
    <system-out>1..1
ok 1 - Equals
</system-out>
    <testcase name="Equals (429)" classname="spec_perl_TestZlibSurrounded_t" time="0.000684976577758789" />
  </testsuite>
  <testsuite name="spec_perl_TestRepeatUntilCalcArrayType_t" errors="0" failures="0" skipped="0" tests="7" time="0.0453510284423828">
    <system-out>1..7
ok 1 - Equals
ok 2 - Equals
ok 3 - Equals
ok 4 - Equals
ok 5 - Equals
ok 6 - Equals
ok 7 - Equals
</system-out>
    <testcase name="Equals (430)" classname="spec_perl_TestRepeatUntilCalcArrayType_t" time="0.000625133514404297" />
    <testcase name="Equals (431)" classname="spec_perl_TestRepeatUntilCalcArrayType_t" time="0.000103950500488281" />
    <testcase name="Equals (432)" classname="spec_perl_TestRepeatUntilCalcArrayType_t" time="4.60147857666016e-05" />
    <testcase name="Equals (433)" classname="spec_perl_TestRepeatUntilCalcArrayType_t" time="0.000120878219604492" />
    <testcase name="Equals (434)" classname="spec_perl_TestRepeatUntilCalcArrayType_t" time="0.000124931335449219" />
    <testcase name="Equals (435)" classname="spec_perl_TestRepeatUntilCalcArrayType_t" time="0.000138998031616211" />
    <testcase name="Equals (436)" classname="spec_perl_TestRepeatUntilCalcArrayType_t" time="0.000111103057861328" />
  </testsuite>
  <testsuite name="spec_perl_TestProcessXorValue_t" errors="0" failures="0" skipped="0" tests="2" time="0.0469908714294434">
    <system-out>1..2
ok 1 - Equals
ok 2 - Equals
</system-out>
    <testcase name="Equals (437)" classname="spec_perl_TestProcessXorValue_t" time="0.000254154205322266" />
    <testcase name="Equals (438)" classname="spec_perl_TestProcessXorValue_t" time="7.98702239990234e-05" />
  </testsuite>
[...]
    <testcase name="Equals (812)" classname="spec_perl_TestImportsAbsAbs_t" time="9.29832458496094e-05" />
    <testcase name="Equals (813)" classname="spec_perl_TestImportsAbsAbs_t" time="8.20159912109375e-05" />
  </testsuite>
  <testsuite name="spec_perl_TestTermStrz_t" errors="0" failures="0" skipped="0" tests="3" time="0.0483880043029785">
    <system-out>1..3
ok 1 - Equals
ok 2 - Equals
ok 3 - Equals
</system-out>
    <testcase name="Equals (814)" classname="spec_perl_TestTermStrz_t" time="0.000390052795410156" />
    <testcase name="Equals (815)" classname="spec_perl_TestTermStrz_t" time="9.48905944824219e-05" />
    <testcase name="Equals (816)" classname="spec_perl_TestTermStrz_t" time="5.81741333007812e-05" />
  </testsuite>
  <testsuite name="spec_perl_TestJsSignedRightShift_t" errors="0" failures="0" skipped="0" tests="2" time="0.0444650650024414">
    <system-out>1..2
ok 1 - Equals
ok 2 - Equals
</system-out>
    <testcase name="Equals (817)" classname="spec_perl_TestJsSignedRightShift_t" time="0.000324010848999023" />
    <testcase name="Equals (818)" classname="spec_perl_TestJsSignedRightShift_t" time="8.70227813720703e-05" />
  </testsuite>
  <testsuite name="spec_perl_TestParamsPassStruct_t" errors="0" failures="1" skipped="1" tests="4" time="0.0498011112213135">
    <system-out>1..4
ok 1 - Equals
ok 2 - Equals
not ok 3 - test_params_pass_struct died (Can't call method &quot;foo&quot; on an undefined value at spec/perl/TestParamsPassStruct.t line 17.)
ok 4 # skip test_params_pass_struct died
</system-out>
    <testcase name="Equals (819)" classname="spec_perl_TestParamsPassStruct_t" time="0.00026392936706543" />
    <testcase name="Equals (820)" classname="spec_perl_TestParamsPassStruct_t" time="7.98702239990234e-05" />
    <testcase name="test_params_pass_struct died (Can't call method &quot;foo&quot; on an undefined value at spec/perl/TestParamsPassStruct.t line 17.) (820)" classname="spec_perl_TestParamsPassStruct_t" time="0.000238180160522461">
      <failure message="not ok 3 - test_params_pass_struct died (Can't call method &quot;foo&quot; on an undefined value at spec/perl/TestParamsPassStruct.t line 17.)" type="TAP::Parser::Result::Test"></failure>
    </testcase>
    <testcase name="Unnamed test case 820" classname="spec_perl_TestParamsPassStruct_t" time="0.000526905059814453">
      <skipped message="ok 4 # skip test_params_pass_struct died" />
    </testcase>
  </testsuite>
  <testsuite name="spec_perl_TestDefaultBitEndianMod_t" errors="0" failures="0" skipped="0" tests="4" time="0.0442109107971191">
    <system-out>1..4
ok 1 - Equals
ok 2 - Equals
ok 3 - Equals
ok 4 - Equals
</system-out>
    <testcase name="Equals (821)" classname="spec_perl_TestDefaultBitEndianMod_t" time="0.000306129455566406" />
    <testcase name="Equals (822)" classname="spec_perl_TestDefaultBitEndianMod_t" time="8.20159912109375e-05" />
    <testcase name="Equals (823)" classname="spec_perl_TestDefaultBitEndianMod_t" time="0.000107049942016602" />
    <testcase name="Equals (824)" classname="spec_perl_TestDefaultBitEndianMod_t" time="0.00014495849609375" />
  </testsuite>
  <testsuite name="spec_perl_TestEnumFancy_t" errors="0" failures="0" skipped="0" tests="2" time="0.0436251163482666">
    <system-out>1..2
ok 1 - Equals
ok 2 - Equals
</system-out>
    <testcase name="Equals (825)" classname="spec_perl_TestEnumFancy_t" time="0.00026392936706543" />
    <testcase name="Equals (826)" classname="spec_perl_TestEnumFancy_t" time="7.98702239990234e-05" />
  </testsuite>
  <testsuite name="spec_perl_TestDebug0_t" errors="0" failures="0" skipped="1" tests="1" time="0.0435390472412109">
    <system-out>1..1
ok 1 # skip test_debug_0
</system-out>
    <testcase name="Unnamed test case 826" classname="spec_perl_TestDebug0_t" time="0.000280857086181641">
      <skipped message="ok 1 # skip test_debug_0" />
    </testcase>
  </testsuite>
  <testsuite name="spec_perl_TestCombineBool_t" errors="0" failures="0" skipped="0" tests="2" time="0.0438551902770996">
    <system-out>1..2
ok 1 - Equals
ok 2 - Equals
</system-out>
    <testcase name="Equals (827)" classname="spec_perl_TestCombineBool_t" time="0.000271797180175781" />
    <testcase name="Equals (828)" classname="spec_perl_TestCombineBool_t" time="7.91549682617188e-05" />
  </testsuite>
  <testsuite name="spec_perl_TestSwitchManualIntSize_t" errors="0" failures="1" skipped="0" tests="10" time="0.0560691356658936">
    <system-out>1..10
ok 1 - Equals
ok 2 - Equals
ok 3 - Equals
ok 4 - Equals
ok 5 - Equals
not ok 6 - test switch manual int size
ok 7 - Equals
ok 8 - Equals
ok 9 - Equals
ok 10 - Equals
</system-out>
    <testcase name="Equals (829)" classname="spec_perl_TestSwitchManualIntSize_t" time="0.000787019729614258" />
    <testcase name="Equals (830)" classname="spec_perl_TestSwitchManualIntSize_t" time="0.000108003616333008" />
    <testcase name="Equals (831)" classname="spec_perl_TestSwitchManualIntSize_t" time="5.79357147216797e-05" />
    <testcase name="Equals (832)" classname="spec_perl_TestSwitchManualIntSize_t" time="6.29425048828125e-05" />
    <testcase name="Equals (833)" classname="spec_perl_TestSwitchManualIntSize_t" time="0.000146150588989258" />
    <testcase name="test switch manual int size (833)" classname="spec_perl_TestSwitchManualIntSize_t" time="0.00304698944091797">
      <failure message="not ok 6 - test switch manual int size" type="TAP::Parser::Result::Test"></failure>
    </testcase>
    <testcase name="Equals (834)" classname="spec_perl_TestSwitchManualIntSize_t" time="9.58442687988281e-05" />
    <testcase name="Equals (835)" classname="spec_perl_TestSwitchManualIntSize_t" time="4.81605529785156e-05" />
    <testcase name="Equals (836)" classname="spec_perl_TestSwitchManualIntSize_t" time="3.98159027099609e-05" />
    <testcase name="Equals (837)" classname="spec_perl_TestSwitchManualIntSize_t" time="3.71932983398438e-05" />
  </testsuite>
  <testsuite name="spec_perl_TestNavParentFalse_t" errors="0" failures="0" skipped="0" tests="5" time="0.0443439483642578">
    <system-out>1..5
ok 1 - Equals
ok 2 - Equals
ok 3 - Equals
ok 4 - Equals
ok 5 - Equals
</system-out>
    <testcase name="Equals (838)" classname="spec_perl_TestNavParentFalse_t" time="0.000274181365966797" />
    <testcase name="Equals (839)" classname="spec_perl_TestNavParentFalse_t" time="8.392333984375e-05" />
    <testcase name="Equals (840)" classname="spec_perl_TestNavParentFalse_t" time="0.000118017196655273" />
    <testcase name="Equals (841)" classname="spec_perl_TestNavParentFalse_t" time="0.000143051147460938" />
    <testcase name="Equals (842)" classname="spec_perl_TestNavParentFalse_t" time="0.00011897087097168" />
  </testsuite>
  <testsuite name="spec_perl_TestOpaqueExternalType02Parent_t" errors="0" failures="0" skipped="0" tests="3" time="0.0474369525909424">
    <system-out>1..3
ok 1 - Equals
ok 2 - Equals
ok 3 - Equals
</system-out>
    <testcase name="Equals (843)" classname="spec_perl_TestOpaqueExternalType02Parent_t" time="0.000384092330932617" />
    <testcase name="Equals (844)" classname="spec_perl_TestOpaqueExternalType02Parent_t" time="8.98838043212891e-05" />
    <testcase name="Equals (845)" classname="spec_perl_TestOpaqueExternalType02Parent_t" time="5.60283660888672e-05" />
  </testsuite>
  <testsuite name="spec_perl_TestNestedTypeParam_t" errors="0" failures="2" skipped="0" tests="2" time="0.0496189594268799">
    <system-out>1..2
not ok 1 - Equals
not ok 2 - Equals
</system-out>
    <testcase name="Equals (846)" classname="spec_perl_TestNestedTypeParam_t" time="0.00381183624267578">
      <failure message="not ok 1 - Equals" type="TAP::Parser::Result::Test"></failure>
    </testcase>
    <testcase name="Equals (847)" classname="spec_perl_TestNestedTypeParam_t" time="9.01222229003906e-05">
      <failure message="not ok 2 - Equals" type="TAP::Parser::Result::Test"></failure>
    </testcase>
  </testsuite>
  <testsuite name="spec_perl_TestRepeatNStrzDouble_t" errors="0" failures="0" skipped="0" tests="3" time="0.0476510524749756">
    <system-out>1..3
ok 1 - Equals
ok 2 - Equals
ok 3 - Equals
</system-out>
    <testcase name="Equals (848)" classname="spec_perl_TestRepeatNStrzDouble_t" time="0.000353097915649414" />
    <testcase name="Equals (849)" classname="spec_perl_TestRepeatNStrzDouble_t" time="8.98838043212891e-05" />
    <testcase name="Equals (850)" classname="spec_perl_TestRepeatNStrzDouble_t" time="7.51018524169922e-05" />
  </testsuite>
  <testsuite name="spec_perl_TestImports0_t" errors="0" failures="0" skipped="0" tests="3" time="0.0443620681762695">
    <system-out>1..3
ok 1 - Equals
ok 2 - Equals
ok 3 - Equals
</system-out>
    <testcase name="Equals (851)" classname="spec_perl_TestImports0_t" time="0.00026392936706543" />
    <testcase name="Equals (852)" classname="spec_perl_TestImports0_t" time="8.10623168945312e-05" />
    <testcase name="Equals (853)" classname="spec_perl_TestImports0_t" time="0.000129938125610352" />
  </testsuite>
  <testsuite name="spec_perl_TestIoLocalVar_t" errors="0" failures="0" skipped="0" tests="2" time="0.0447771549224854">
    <system-out>1..2
ok 1 - Equals
ok 2 - Equals
</system-out>
    <testcase name="Equals (854)" classname="spec_perl_TestIoLocalVar_t" time="0.00058293342590332" />
    <testcase name="Equals (855)" classname="spec_perl_TestIoLocalVar_t" time="9.70363616943359e-05" />
  </testsuite>
  <testsuite name="spec_perl_TestParamsCallExtraParens_t" errors="0" failures="1" skipped="0" tests="1" time="0.0495259761810303">
    <system-out>1..1
not ok 1 - Equals
</system-out>
    <testcase name="Equals (856)" classname="spec_perl_TestParamsCallExtraParens_t" time="0.00355815887451172">
      <failure message="not ok 1 - Equals" type="TAP::Parser::Result::Test"></failure>
    </testcase>
  </testsuite>
  <testsuite name="spec_perl_TestImportsCircularA_t" errors="0" failures="0" skipped="0" tests="5" time="0.0445868968963623">
    <system-out>1..5
ok 1 - Equals
ok 2 - Equals
ok 3 - Equals
ok 4 - Equals
ok 5 - nil
</system-out>
    <testcase name="Equals (857)" classname="spec_perl_TestImportsCircularA_t" time="0.00029301643371582" />
    <testcase name="Equals (858)" classname="spec_perl_TestImportsCircularA_t" time="8.48770141601562e-05" />
    <testcase name="Equals (859)" classname="spec_perl_TestImportsCircularA_t" time="0.000116109848022461" />
    <testcase name="Equals (860)" classname="spec_perl_TestImportsCircularA_t" time="0.000133991241455078" />
    <testcase name="nil (860)" classname="spec_perl_TestImportsCircularA_t" time="6.19888305664062e-05" />
  </testsuite>
  <testsuite name="spec_perl_TestDocstringsDocrefMulti_t" errors="0" failures="0" skipped="1" tests="1" time="0.044323205947876">
    <system-out>1..1
ok 1 # skip DocstringsDocrefMulti=HASH(0x1c4f528)
</system-out>
    <testcase name="Unnamed test case 860" classname="spec_perl_TestDocstringsDocrefMulti_t" time="0.00131511688232422">
      <skipped message="ok 1 # skip DocstringsDocrefMulti=HASH(0x1c4f528)" />
    </testcase>
  </testsuite>
  <testsuite name="spec_perl_TestSwitchManualIntSizeElse_t" errors="0" failures="0" skipped="0" tests="10" time="0.0520009994506836">
    <system-out>1..10
ok 1 - Equals
ok 2 - Equals
ok 3 - Equals
ok 4 - Equals
ok 5 - Equals
ok 6 - Equals
ok 7 - Equals
ok 8 - Equals
ok 9 - Equals
ok 10 - Equals
</system-out>
    <testcase name="Equals (861)" classname="spec_perl_TestSwitchManualIntSizeElse_t" time="0.000851869583129883" />
    <testcase name="Equals (862)" classname="spec_perl_TestSwitchManualIntSizeElse_t" time="0.000108003616333008" />
    <testcase name="Equals (863)" classname="spec_perl_TestSwitchManualIntSizeElse_t" time="6.29425048828125e-05" />
    <testcase name="Equals (864)" classname="spec_perl_TestSwitchManualIntSizeElse_t" time="8.10623168945312e-05" />
    <testcase name="Equals (865)" classname="spec_perl_TestSwitchManualIntSizeElse_t" time="0.000162124633789062" />
    <testcase name="Equals (866)" classname="spec_perl_TestSwitchManualIntSizeElse_t" time="0.000185966491699219" />
    <testcase name="Equals (867)" classname="spec_perl_TestSwitchManualIntSizeElse_t" time="0.000144004821777344" />
    <testcase name="Equals (868)" classname="spec_perl_TestSwitchManualIntSizeElse_t" time="0.000171899795532227" />
    <testcase name="Equals (869)" classname="spec_perl_TestSwitchManualIntSizeElse_t" time="0.000152111053466797" />
    <testcase name="Equals (870)" classname="spec_perl_TestSwitchManualIntSizeElse_t" time="0.000269889831542969" />
  </testsuite>
  <testsuite name="spec_perl_TestExpr2_t" errors="0" failures="0" skipped="0" tests="17" time="0.0497939586639404">
    <system-out>1..17
ok 1 - Equals
ok 2 - Equals
ok 3 - Equals
ok 4 - Equals
ok 5 - Equals
ok 6 - Equals
ok 7 - Equals
ok 8 - Equals
ok 9 - Equals
ok 10 - Equals
ok 11 - Equals
ok 12 - Equals
ok 13 - Equals
ok 14 - Equals
ok 15 - Equals
ok 16 - Equals
ok 17 - Equals
</system-out>
    <testcase name="Equals (871)" classname="spec_perl_TestExpr2_t" time="0.000668048858642578" />
    <testcase name="Equals (872)" classname="spec_perl_TestExpr2_t" time="0.000100851058959961" />
    <testcase name="Equals (873)" classname="spec_perl_TestExpr2_t" time="5.91278076171875e-05" />
    <testcase name="Equals (874)" classname="spec_perl_TestExpr2_t" time="0.000188827514648438" />
    <testcase name="Equals (875)" classname="spec_perl_TestExpr2_t" time="9.918212890625e-05" />
    <testcase name="Equals (876)" classname="spec_perl_TestExpr2_t" time="0.000150918960571289" />
    <testcase name="Equals (877)" classname="spec_perl_TestExpr2_t" time="0.000149011611938477" />
    <testcase name="Equals (878)" classname="spec_perl_TestExpr2_t" time="0.000160932540893555" />
    <testcase name="Equals (879)" classname="spec_perl_TestExpr2_t" time="0.00017094612121582" />
    <testcase name="Equals (880)" classname="spec_perl_TestExpr2_t" time="0.0001220703125" />
    <testcase name="Equals (881)" classname="spec_perl_TestExpr2_t" time="0.00014805793762207" />
    <testcase name="Equals (882)" classname="spec_perl_TestExpr2_t" time="0.000123977661132812" />
    <testcase name="Equals (883)" classname="spec_perl_TestExpr2_t" time="0.000169038772583008" />
    <testcase name="Equals (884)" classname="spec_perl_TestExpr2_t" time="0.000154018402099609" />
    <testcase name="Equals (885)" classname="spec_perl_TestExpr2_t" time="0.000115871429443359" />
    <testcase name="Equals (886)" classname="spec_perl_TestExpr2_t" time="0.00014495849609375" />
    <testcase name="Equals (887)" classname="spec_perl_TestExpr2_t" time="0.000121116638183594" />
  </testsuite>
  <testsuite name="spec_perl_TestSwitchManualInt_t" errors="0" failures="0" skipped="0" tests="9" time="0.0486860275268555">
    <system-out>1..9
ok 1 - Equals
ok 2 - Equals
ok 3 - Equals
ok 4 - Equals
ok 5 - Equals
ok 6 - Equals
ok 7 - Equals
ok 8 - Equals
ok 9 - Equals
</system-out>
    <testcase name="Equals (888)" classname="spec_perl_TestSwitchManualInt_t" time="0.000386953353881836" />
    <testcase name="Equals (889)" classname="spec_perl_TestSwitchManualInt_t" time="9.20295715332031e-05" />
    <testcase name="Equals (890)" classname="spec_perl_TestSwitchManualInt_t" time="0.000128030776977539" />
    <testcase name="Equals (891)" classname="spec_perl_TestSwitchManualInt_t" time="0.00013279914855957" />
    <testcase name="Equals (892)" classname="spec_perl_TestSwitchManualInt_t" time="0.000145196914672852" />
    <testcase name="Equals (893)" classname="spec_perl_TestSwitchManualInt_t" time="0.00013279914855957" />
    <testcase name="Equals (894)" classname="spec_perl_TestSwitchManualInt_t" time="0.000155210494995117" />
    <testcase name="Equals (895)" classname="spec_perl_TestSwitchManualInt_t" time="0.000119924545288086" />
    <testcase name="Equals (896)" classname="spec_perl_TestSwitchManualInt_t" time="0.000195980072021484" />
  </testsuite>
  <testsuite name="spec_perl_TestExprBytesOps_t" errors="1" failures="0" skipped="0" tests="0" time="0.0444149971008301">
    <system-out></system-out>
    <testcase name="Test died too soon, even before plan. (896)" classname="spec_perl_TestExprBytesOps_t" time="0.0444149971008301">
      <failure message="The test suite died before a plan was produced. You need to have a plan." type="Plan">No plan</failure>
    </testcase>
  </testsuite>
  <testsuite name="spec_perl_TestStrLiterals2_t" errors="0" failures="0" skipped="0" tests="4" time="0.0442438125610352">
    <system-out>1..4
ok 1 - Equals
ok 2 - Equals
ok 3 - Equals
ok 4 - Equals
</system-out>
    <testcase name="Equals (897)" classname="spec_perl_TestStrLiterals2_t" time="0.000264883041381836" />
    <testcase name="Equals (898)" classname="spec_perl_TestStrLiterals2_t" time="8.10623168945312e-05" />
    <testcase name="Equals (899)" classname="spec_perl_TestStrLiterals2_t" time="0.000179052352905273" />
    <testcase name="Equals (900)" classname="spec_perl_TestStrLiterals2_t" time="9.08374786376953e-05" />
  </testsuite>
  <testsuite name="spec_perl_TestOpaqueExternalType_t" errors="0" failures="0" skipped="0" tests="3" time="0.0479960441589355">
    <system-out>1..3
ok 1 - Equals
ok 2 - Equals
ok 3 - Equals
</system-out>
    <testcase name="Equals (901)" classname="spec_perl_TestOpaqueExternalType_t" time="0.000483989715576172" />
    <testcase name="Equals (902)" classname="spec_perl_TestOpaqueExternalType_t" time="0.000116109848022461" />
    <testcase name="Equals (903)" classname="spec_perl_TestOpaqueExternalType_t" time="6.103515625e-05" />
  </testsuite>
  <testsuite name="spec_perl_TestExprIntDiv_t" errors="0" failures="2" skipped="0" tests="6" time="0.0495481491088867">
    <system-out>1..6
ok 1 - Equals
ok 2 - Equals
ok 3 - Equals
not ok 4 - Equals
ok 5 - Equals
not ok 6 - Equals
</system-out>
    <testcase name="Equals (904)" classname="spec_perl_TestExprIntDiv_t" time="0.000287055969238281" />
    <testcase name="Equals (905)" classname="spec_perl_TestExprIntDiv_t" time="8.48770141601562e-05" />
    <testcase name="Equals (906)" classname="spec_perl_TestExprIntDiv_t" time="0.000103950500488281" />
    <testcase name="Equals (907)" classname="spec_perl_TestExprIntDiv_t" time="0.000211000442504883">
      <failure message="not ok 4 - Equals" type="TAP::Parser::Result::Test"></failure>
    </testcase>
    <testcase name="Equals (908)" classname="spec_perl_TestExprIntDiv_t" time="0.00369095802307129" />
    <testcase name="Equals (909)" classname="spec_perl_TestExprIntDiv_t" time="0.000102043151855469">
      <failure message="not ok 6 - Equals" type="TAP::Parser::Result::Test"></failure>
    </testcase>
  </testsuite>
  <testsuite name="spec_perl_TestFloatingPoints_t" errors="0" failures="0" skipped="0" tests="8" time="0.0441310405731201">
    <system-out>1..8
ok 1 - Approx equals
ok 2 - Approx equals
ok 3 - Approx equals
ok 4 - Approx equals
ok 5 - Approx equals
ok 6 - Approx equals
ok 7 - Approx equals
ok 8 - Approx equals
</system-out>
    <testcase name="Approx equals (909)" classname="spec_perl_TestFloatingPoints_t" time="0.000177860260009766" />
    <testcase name="Approx equals (910)" classname="spec_perl_TestFloatingPoints_t" time="7.10487365722656e-05" />
    <testcase name="Approx equals (911)" classname="spec_perl_TestFloatingPoints_t" time="4.60147857666016e-05" />
    <testcase name="Approx equals (912)" classname="spec_perl_TestFloatingPoints_t" time="4.38690185546875e-05" />
    <testcase name="Approx equals (913)" classname="spec_perl_TestFloatingPoints_t" time="5.50746917724609e-05" />
    <testcase name="Approx equals (914)" classname="spec_perl_TestFloatingPoints_t" time="4.41074371337891e-05" />
    <testcase name="Approx equals (915)" classname="spec_perl_TestFloatingPoints_t" time="4.29153442382812e-05" />
    <testcase name="Approx equals (916)" classname="spec_perl_TestFloatingPoints_t" time="6.19888305664062e-05" />
  </testsuite>
</testsuites>
