<?xml version='1.0' encoding='utf-8'?>
<testsuites>
  <testsuite name="spec_perl_TestTypeTernaryOpaque_t" errors="0" failures="0" skipped="0" tests="3" time="0.046544075012207">
    <system-out>1..3
ok 1 - Equals
ok 2 - Equals
ok 3 - Equals
</system-out>
    <testcase name="Equals" classname="spec_perl_TestTypeTernaryOpaque_t" time="0.000498056411743164" />
    <testcase name="Equals (2)" classname="spec_perl_TestTypeTernaryOpaque_t" time="0.000118017196655273" />
    <testcase name="Equals (3)" classname="spec_perl_TestTypeTernaryOpaque_t" time="6.69956207275391e-05" />
  </testsuite>
  <testsuite name="spec_perl_TestRepeatNStrzDouble_t" errors="0" failures="0" skipped="0" tests="3" time="0.0448939800262451">
    <system-out>1..3
ok 1 - Equals
ok 2 - Equals
ok 3 - Equals
</system-out>
    <testcase name="Equals (4)" classname="spec_perl_TestRepeatNStrzDouble_t" time="0.000259876251220703" />
    <testcase name="Equals (5)" classname="spec_perl_TestRepeatNStrzDouble_t" time="8.20159912109375e-05" />
    <testcase name="Equals (6)" classname="spec_perl_TestRepeatNStrzDouble_t" time="0.000102996826171875" />
  </testsuite>
  <testsuite name="spec_perl_TestExpr2_t" errors="0" failures="0" skipped="0" tests="17" time="0.0517370700836182">
    <system-out>1..17
ok 1 - Equals
ok 2 - Equals
ok 3 - Equals
ok 4 - Equals
ok 5 - Equals
ok 6 - Equals
ok 7 - Equals
ok 8 - Equals
ok 9 - Equals
ok 10 - Equals
ok 11 - Equals
ok 12 - Equals
ok 13 - Equals
ok 14 - Equals
ok 15 - Equals
ok 16 - Equals
ok 17 - Equals
</system-out>
    <testcase name="Equals (7)" classname="spec_perl_TestExpr2_t" time="0.000647068023681641" />
    <testcase name="Equals (8)" classname="spec_perl_TestExpr2_t" time="0.000100851058959961" />
    <testcase name="Equals (9)" classname="spec_perl_TestExpr2_t" time="6.00814819335938e-05" />
    <testcase name="Equals (10)" classname="spec_perl_TestExpr2_t" time="0.000159025192260742" />
    <testcase name="Equals (11)" classname="spec_perl_TestExpr2_t" time="0.000126838684082031" />
    <testcase name="Equals (12)" classname="spec_perl_TestExpr2_t" time="0.000147104263305664" />
    <testcase name="Equals (13)" classname="spec_perl_TestExpr2_t" time="0.000151872634887695" />
    <testcase name="Equals (14)" classname="spec_perl_TestExpr2_t" time="0.000177145004272461" />
    <testcase name="Equals (15)" classname="spec_perl_TestExpr2_t" time="0.00017094612121582" />
    <testcase name="Equals (16)" classname="spec_perl_TestExpr2_t" time="0.000128984451293945" />
    <testcase name="Equals (17)" classname="spec_perl_TestExpr2_t" time="0.00014805793762207" />
    <testcase name="Equals (18)" classname="spec_perl_TestExpr2_t" time="0.000135898590087891" />
    <testcase name="Equals (19)" classname="spec_perl_TestExpr2_t" time="0.000158071517944336" />
    <testcase name="Equals (20)" classname="spec_perl_TestExpr2_t" time="0.000164985656738281" />
    <testcase name="Equals (21)" classname="spec_perl_TestExpr2_t" time="0.0001220703125" />
    <testcase name="Equals (22)" classname="spec_perl_TestExpr2_t" time="0.000169038772583008" />
    <testcase name="Equals (23)" classname="spec_perl_TestExpr2_t" time="0.000118017196655273" />
  </testsuite>
  <testsuite name="spec_perl_TestFixedContents_t" errors="0" failures="0" skipped="1" tests="1" time="0.0505859851837158">
    <system-out>1..1
ok 1 # skip FixedContents=HASH(0x1f629a0)
</system-out>
    <testcase name="Unnamed test case 23" classname="spec_perl_TestFixedContents_t" time="0.00123691558837891">
      <skipped message="ok 1 # skip FixedContents=HASH(0x1f629a0)" />
    </testcase>
  </testsuite>
  <testsuite name="spec_perl_TestProcessToUser_t" errors="0" failures="0" skipped="0" tests="1" time="0.0449402332305908">
    <system-out>1..1
ok 1 - Equals
</system-out>
    <testcase name="Equals (24)" classname="spec_perl_TestProcessToUser_t" time="0.000533103942871094" />
  </testsuite>
  <testsuite name="spec_perl_TestExprIntDiv_t" errors="0" failures="2" skipped="0" tests="6" time="0.0480859279632568">
    <system-out>1..6
ok 1 - Equals
ok 2 - Equals
ok 3 - Equals
not ok 4 - Equals
ok 5 - Equals
not ok 6 - Equals
</system-out>
    <testcase name="Equals (25)" classname="spec_perl_TestExprIntDiv_t" time="0.000220060348510742" />
    <testcase name="Equals (26)" classname="spec_perl_TestExprIntDiv_t" time="8.29696655273438e-05" />
    <testcase name="Equals (27)" classname="spec_perl_TestExprIntDiv_t" time="0.000135898590087891" />
    <testcase name="Equals (28)" classname="spec_perl_TestExprIntDiv_t" time="0.000214099884033203">
      <failure message="not ok 4 - Equals" type="TAP::Parser::Result::Test"></failure>
    </testcase>
    <testcase name="Equals (29)" classname="spec_perl_TestExprIntDiv_t" time="0.0017240047454834" />
    <testcase name="Equals (30)" classname="spec_perl_TestExprIntDiv_t" time="6.79492950439453e-05">
      <failure message="not ok 6 - Equals" type="TAP::Parser::Result::Test"></failure>
    </testcase>
  </testsuite>
  <testsuite name="spec_perl_TestDefaultBitEndianMod_t" errors="0" failures="0" skipped="0" tests="4" time="0.0437331199645996">
    <system-out>1..4
ok 1 - Equals
ok 2 - Equals
ok 3 - Equals
ok 4 - Equals
</system-out>
    <testcase name="Equals (31)" classname="spec_perl_TestDefaultBitEndianMod_t" time="0.000237941741943359" />
    <testcase name="Equals (32)" classname="spec_perl_TestDefaultBitEndianMod_t" time="7.70092010498047e-05" />
    <testcase name="Equals (33)" classname="spec_perl_TestDefaultBitEndianMod_t" time="0.000129938125610352" />
    <testcase name="Equals (34)" classname="spec_perl_TestDefaultBitEndianMod_t" time="0.000129938125610352" />
  </testsuite>
  <testsuite name="spec_perl_TestProcessCustom_t" errors="1" failures="0" skipped="0" tests="0" time="0.042229175567627">
    <system-out></system-out>
    <testcase name="Test died too soon, even before plan. (34)" classname="spec_perl_TestProcessCustom_t" time="0.042229175567627">
      <failure message="The test suite died before a plan was produced. You need to have a plan." type="Plan">No plan</failure>
    </testcase>
  </testsuite>
  <testsuite name="spec_perl_TestSwitchBytearray_t" errors="0" failures="0" skipped="0" tests="9" time="0.0480508804321289">
    <system-out>1..9
ok 1 - Equals
ok 2 - Equals
ok 3 - Equals
ok 4 - Equals
ok 5 - Equals
ok 6 - Equals
ok 7 - Equals
ok 8 - Equals
ok 9 - Equals
</system-out>
    <testcase name="Equals (35)" classname="spec_perl_TestSwitchBytearray_t" time="0.000301122665405273" />
    <testcase name="Equals (36)" classname="spec_perl_TestSwitchBytearray_t" time="8.98838043212891e-05" />
    <testcase name="Equals (37)" classname="spec_perl_TestSwitchBytearray_t" time="8.60691070556641e-05" />
    <testcase name="Equals (38)" classname="spec_perl_TestSwitchBytearray_t" time="0.00020599365234375" />
    <testcase name="Equals (39)" classname="spec_perl_TestSwitchBytearray_t" time="7.79628753662109e-05" />
    <testcase name="Equals (40)" classname="spec_perl_TestSwitchBytearray_t" time="0.000128984451293945" />
    <testcase name="Equals (41)" classname="spec_perl_TestSwitchBytearray_t" time="0.000135898590087891" />
    <testcase name="Equals (42)" classname="spec_perl_TestSwitchBytearray_t" time="0.000127077102661133" />
    <testcase name="Equals (43)" classname="spec_perl_TestSwitchBytearray_t" time="0.000153064727783203" />
  </testsuite>
  <testsuite name="spec_perl_TestSwitchRepeatExpr_t" errors="0" failures="0" skipped="0" tests="3" time="0.0425870418548584">
    <system-out>1..3
ok 1 - Equals
ok 2 - Equals
ok 3 - Equals
</system-out>
    <testcase name="Equals (44)" classname="spec_perl_TestSwitchRepeatExpr_t" time="0.000489950180053711" />
    <testcase name="Equals (45)" classname="spec_perl_TestSwitchRepeatExpr_t" time="9.70363616943359e-05" />
    <testcase name="Equals (46)" classname="spec_perl_TestSwitchRepeatExpr_t" time="6.29425048828125e-05" />
  </testsuite>
  <testsuite name="spec_perl_TestRepeatEosStruct_t" errors="0" failures="0" skipped="0" tests="5" time="0.0424630641937256">
    <system-out>1..5
ok 1 - Equals
ok 2 - Equals
ok 3 - Equals
ok 4 - Equals
ok 5 - Equals
</system-out>
    <testcase name="Equals (47)" classname="spec_perl_TestRepeatEosStruct_t" time="0.000224113464355469" />
    <testcase name="Equals (48)" classname="spec_perl_TestRepeatEosStruct_t" time="7.98702239990234e-05" />
    <testcase name="Equals (49)" classname="spec_perl_TestRepeatEosStruct_t" time="0.000127077102661133" />
    <testcase name="Equals (50)" classname="spec_perl_TestRepeatEosStruct_t" time="0.000128030776977539" />
    <testcase name="Equals (51)" classname="spec_perl_TestRepeatEosStruct_t" time="0.000127077102661133" />
  </testsuite>
  <testsuite name="spec_perl_TestNestedSameName_t" errors="0" failures="0" skipped="0" tests="2" time="0.0426089763641357">
    <system-out>1..2
ok 1 - Equals
ok 2 - Equals
</system-out>
    <testcase name="Equals (52)" classname="spec_perl_TestNestedSameName_t" time="0.000255823135375977" />
    <testcase name="Equals (53)" classname="spec_perl_TestNestedSameName_t" time="8.20159912109375e-05" />
  </testsuite>
  <testsuite name="spec_perl_TestStrLiterals_t" errors="0" failures="0" skipped="0" tests="5" time="0.0444350242614746">
    <system-out>1..5
ok 1 - Equals
ok 2 - Equals
ok 3 - Equals
ok 4 - Equals
ok 5 - Equals
</system-out>
    <testcase name="Equals (54)" classname="spec_perl_TestStrLiterals_t" time="0.00020599365234375" />
    <testcase name="Equals (55)" classname="spec_perl_TestStrLiterals_t" time="9.51290130615234e-05" />
    <testcase name="Equals (56)" classname="spec_perl_TestStrLiterals_t" time="0.000165939331054688" />
    <testcase name="Equals (57)" classname="spec_perl_TestStrLiterals_t" time="0.00014185905456543" />
    <testcase name="Equals (58)" classname="spec_perl_TestStrLiterals_t" time="0.000168085098266602" />
  </testsuite>
  <testsuite name="spec_perl_TestMetaTags_t" errors="0" failures="0" skipped="1" tests="1" time="0.0441389083862305">
    <system-out>1..1
ok 1 # skip MetaTags=HASH(0x1283d18)
</system-out>
    <testcase name="Unnamed test case 58" classname="spec_perl_TestMetaTags_t" time="0.00126504898071289">
      <skipped message="ok 1 # skip MetaTags=HASH(0x1283d18)" />
    </testcase>
  </testsuite>
  <testsuite name="spec_perl_TestTermStrz_t" errors="0" failures="0" skipped="0" tests="3" time="0.0451169013977051">
    <system-out>1..3
ok 1 - Equals
ok 2 - Equals
ok 3 - Equals
</system-out>
    <testcase name="Equals (59)" classname="spec_perl_TestTermStrz_t" time="0.00026392936706543" />
    <testcase name="Equals (60)" classname="spec_perl_TestTermStrz_t" time="8.29696655273438e-05" />
    <testcase name="Equals (61)" classname="spec_perl_TestTermStrz_t" time="7.79628753662109e-05" />
  </testsuite>
  <testsuite name="spec_perl_TestEnumNegative_t" errors="0" failures="0" skipped="0" tests="2" time="0.044543981552124">
    <system-out>1..2
ok 1 - Equals
ok 2 - Equals
</system-out>
    <testcase name="Equals (62)" classname="spec_perl_TestEnumNegative_t" time="0.000182867050170898" />
    <testcase name="Equals (63)" classname="spec_perl_TestEnumNegative_t" time="0.000121116638183594" />
  </testsuite>
  <testsuite name="spec_perl_TestCombineBool_t" errors="0" failures="0" skipped="0" tests="2" time="0.0427789688110352">
    <system-out>1..2
ok 1 - Equals
ok 2 - Equals
</system-out>
    <testcase name="Equals (64)" classname="spec_perl_TestCombineBool_t" time="0.000241994857788086" />
    <testcase name="Equals (65)" classname="spec_perl_TestCombineBool_t" time="7.70092010498047e-05" />
  </testsuite>
  <testsuite name="spec_perl_TestZlibWithHeader78_t" errors="0" failures="0" skipped="0" tests="1" time="0.0615510940551758">
    <system-out>1..1
ok 1 - Equals
</system-out>
    <testcase name="Equals (66)" classname="spec_perl_TestZlibWithHeader78_t" time="0.000318050384521484" />
  </testsuite>
  <testsuite name="spec_perl_TestOptionalId_t" errors="0" failures="0" skipped="0" tests="3" time="0.0428948402404785">
    <system-out>1..3
ok 1 - Equals
ok 2 - Equals
ok 3 - Equals
</system-out>
    <testcase name="Equals (67)" classname="spec_perl_TestOptionalId_t" time="0.000195026397705078" />
    <testcase name="Equals (68)" classname="spec_perl_TestOptionalId_t" time="8.67843627929688e-05" />
    <testcase name="Equals (69)" classname="spec_perl_TestOptionalId_t" time="0.000128984451293945" />
  </testsuite>
  <testsuite name="spec_perl_TestNavParentOverride_t" errors="0" failures="0" skipped="0" tests="3" time="0.0421211719512939">
    <system-out>1..3
ok 1 - Equals
ok 2 - Equals
ok 3 - Equals
</system-out>
    <testcase name="Equals (70)" classname="spec_perl_TestNavParentOverride_t" time="0.000235080718994141" />
    <testcase name="Equals (71)" classname="spec_perl_TestNavParentOverride_t" time="8.48770141601562e-05" />
    <testcase name="Equals (72)" classname="spec_perl_TestNavParentOverride_t" time="0.000128984451293945" />
  </testsuite>
  <testsuite name="spec_perl_TestProcessCoerceSwitch_t" errors="0" failures="0" skipped="0" tests="3" time="0.0424399375915527">
    <system-out>1..3
ok 1 - Equals
ok 2 - Equals
ok 3 - Equals
</system-out>
    <testcase name="Equals (73)" classname="spec_perl_TestProcessCoerceSwitch_t" time="0.000470876693725586" />
    <testcase name="Equals (74)" classname="spec_perl_TestProcessCoerceSwitch_t" time="9.918212890625e-05" />
    <testcase name="Equals (75)" classname="spec_perl_TestProcessCoerceSwitch_t" time="5.60283660888672e-05" />
  </testsuite>
  <testsuite name="spec_perl_TestProcessCoerceBytes_t" errors="0" failures="0" skipped="0" tests="4" time="0.0423460006713867">
    <system-out>1..4
ok 1 - Equals
ok 2 - Equals
ok 3 - Equals
ok 4 - Equals
</system-out>
    <testcase name="Equals (76)" classname="spec_perl_TestProcessCoerceBytes_t" time="0.000254154205322266" />
    <testcase name="Equals (77)" classname="spec_perl_TestProcessCoerceBytes_t" time="7.89165496826172e-05" />
    <testcase name="Equals (78)" classname="spec_perl_TestProcessCoerceBytes_t" time="0.000107049942016602" />
    <testcase name="Equals (79)" classname="spec_perl_TestProcessCoerceBytes_t" time="0.000138998031616211" />
  </testsuite>
  <testsuite name="spec_perl_TestEnumToIClassBorder1_t" errors="0" failures="1" skipped="0" tests="3" time="0.0496551990509033">
    <system-out>1..3
ok 1 - Equals
ok 2 - Equals
not ok 3 - test_enum_to_i_class_border_1 died (Can't call method &quot;some_dog&quot; on an undefined value at compiled/perl/EnumToIClassBorder2.pm line 42.)
</system-out>
    <testcase name="Equals (80)" classname="spec_perl_TestEnumToIClassBorder1_t" time="0.000216007232666016" />
    <testcase name="Equals (81)" classname="spec_perl_TestEnumToIClassBorder1_t" time="9.10758972167969e-05" />
    <testcase name="test_enum_to_i_class_border_1 died (Can't call method &quot;some_dog&quot; on an undefined value at compiled/perl/EnumToIClassBorder2.pm line 42.) (81)" classname="spec_perl_TestEnumToIClassBorder1_t" time="0.00026702880859375">
      <failure message="not ok 3 - test_enum_to_i_class_border_1 died (Can't call method &quot;some_dog&quot; on an undefined value at compiled/perl/EnumToIClassBorder2.pm line 42.)" type="TAP::Parser::Result::Test"></failure>
    </testcase>
  </testsuite>
  <testsuite name="spec_perl_TestDefaultEndianExprInherited_t" errors="0" failures="0" skipped="0" tests="15" time="0.0451271533966064">
    <system-out>1..15
ok 1 - Equals
ok 2 - Equals
ok 3 - Equals
ok 4 - Equals
ok 5 - Equals
ok 6 - Equals
ok 7 - Equals
ok 8 - Equals
ok 9 - Equals
ok 10 - Equals
ok 11 - Equals
ok 12 - Equals
ok 13 - Equals
ok 14 - Equals
ok 15 - Equals
</system-out>
    <testcase name="Equals (82)" classname="spec_perl_TestDefaultEndianExprInherited_t" time="0.000287055969238281" />
    <testcase name="Equals (83)" classname="spec_perl_TestDefaultEndianExprInherited_t" time="8.17775726318359e-05" />
    <testcase name="Equals (84)" classname="spec_perl_TestDefaultEndianExprInherited_t" time="9.01222229003906e-05" />
    <testcase name="Equals (85)" classname="spec_perl_TestDefaultEndianExprInherited_t" time="0.00020289421081543" />
    <testcase name="Equals (86)" classname="spec_perl_TestDefaultEndianExprInherited_t" time="9.41753387451172e-05" />
    <testcase name="Equals (87)" classname="spec_perl_TestDefaultEndianExprInherited_t" time="0.000138998031616211" />
    <testcase name="Equals (88)" classname="spec_perl_TestDefaultEndianExprInherited_t" time="0.000111818313598633" />
    <testcase name="Equals (89)" classname="spec_perl_TestDefaultEndianExprInherited_t" time="0.000138044357299805" />
    <testcase name="Equals (90)" classname="spec_perl_TestDefaultEndianExprInherited_t" time="0.00012516975402832" />
    <testcase name="Equals (91)" classname="spec_perl_TestDefaultEndianExprInherited_t" time="0.000169992446899414" />
    <testcase name="Equals (92)" classname="spec_perl_TestDefaultEndianExprInherited_t" time="0.000112771987915039" />
    <testcase name="Equals (93)" classname="spec_perl_TestDefaultEndianExprInherited_t" time="0.000171184539794922" />
    <testcase name="Equals (94)" classname="spec_perl_TestDefaultEndianExprInherited_t" time="0.000116825103759766" />
    <testcase name="Equals (95)" classname="spec_perl_TestDefaultEndianExprInherited_t" time="0.00014805793762207" />
    <testcase name="Equals (96)" classname="spec_perl_TestDefaultEndianExprInherited_t" time="0.000143051147460938" />
  </testsuite>
  <testsuite name="spec_perl_TestMultipleUse_t" errors="0" failures="0" skipped="0" tests="2" time="0.0432629585266113">
    <system-out>1..2
ok 1 - Equals
ok 2 - Equals
</system-out>
    <testcase name="Equals (97)" classname="spec_perl_TestMultipleUse_t" time="0.000237941741943359" />
    <testcase name="Equals (98)" classname="spec_perl_TestMultipleUse_t" time="7.98702239990234e-05" />
  </testsuite>
  <testsuite name="spec_perl_TestStrPadTermEmpty_t" errors="0" failures="0" skipped="0" tests="4" time="0.0468759536743164">
    <system-out>1..4
ok 1 - Equals
ok 2 - Equals
ok 3 - Equals
ok 4 - Equals
</system-out>
    <testcase name="Equals (99)" classname="spec_perl_TestStrPadTermEmpty_t" time="0.000396013259887695" />
    <testcase name="Equals (100)" classname="spec_perl_TestStrPadTermEmpty_t" time="0.000102043151855469" />
    <testcase name="Equals (101)" classname="spec_perl_TestStrPadTermEmpty_t" time="5.00679016113281e-05" />
    <testcase name="Equals (102)" classname="spec_perl_TestStrPadTermEmpty_t" time="9.20295715332031e-05" />
  </testsuite>
  <testsuite name="spec_perl_TestParamsPassBool_t" errors="0" failures="1" skipped="13" tests="14" time="0.0525119304656982">
    <system-out>1..14
not ok 1 - test_params_pass_bool died (Requested 2 bytes, but got only 1 bytes at ../runtime/perl/lib/IO/KaitaiStruct.pm line 333.)
ok 2 # skip test_params_pass_bool died
ok 3 # skip test_params_pass_bool died
ok 4 # skip test_params_pass_bool died
ok 5 # skip test_params_pass_bool died
ok 6 # skip test_params_pass_bool died
ok 7 # skip test_params_pass_bool died
ok 8 # skip test_params_pass_bool died
ok 9 # skip test_params_pass_bool died
ok 10 # skip test_params_pass_bool died
ok 11 # skip test_params_pass_bool died
ok 12 # skip test_params_pass_bool died
ok 13 # skip test_params_pass_bool died
ok 14 # skip test_params_pass_bool died
</system-out>
    <testcase name="test_params_pass_bool died (Requested 2 bytes, but got only 1 bytes at ../runtime/perl/lib/IO/KaitaiStruct.pm line 333.) (102)" classname="spec_perl_TestParamsPassBool_t" time="0.000295877456665039">
      <failure message="not ok 1 - test_params_pass_bool died (Requested 2 bytes, but got only 1 bytes at ../runtime/perl/lib/IO/KaitaiStruct.pm line 333.)" type="TAP::Parser::Result::Test"></failure>
    </testcase>
    <testcase name="Unnamed test case 102" classname="spec_perl_TestParamsPassBool_t" time="0.000393152236938477">
      <skipped message="ok 2 # skip test_params_pass_bool died" />
    </testcase>
    <testcase name="Unnamed test case 103" classname="spec_perl_TestParamsPassBool_t" time="0.000389814376831055">
      <skipped message="ok 3 # skip test_params_pass_bool died" />
    </testcase>
    <testcase name="Unnamed test case 104" classname="spec_perl_TestParamsPassBool_t" time="0.00039219856262207">
      <skipped message="ok 4 # skip test_params_pass_bool died" />
    </testcase>
    <testcase name="Unnamed test case 105" classname="spec_perl_TestParamsPassBool_t" time="0.000276803970336914">
      <skipped message="ok 5 # skip test_params_pass_bool died" />
    </testcase>
    <testcase name="Unnamed test case 106" classname="spec_perl_TestParamsPassBool_t" time="0.000267982482910156">
      <skipped message="ok 6 # skip test_params_pass_bool died" />
    </testcase>
    <testcase name="Unnamed test case 107" classname="spec_perl_TestParamsPassBool_t" time="0.000272035598754883">
      <skipped message="ok 7 # skip test_params_pass_bool died" />
    </testcase>
    <testcase name="Unnamed test case 108" classname="spec_perl_TestParamsPassBool_t" time="0.000306129455566406">
      <skipped message="ok 8 # skip test_params_pass_bool died" />
    </testcase>
    <testcase name="Unnamed test case 109" classname="spec_perl_TestParamsPassBool_t" time="0.000342845916748047">
      <skipped message="ok 9 # skip test_params_pass_bool died" />
    </testcase>
    <testcase name="Unnamed test case 110" classname="spec_perl_TestParamsPassBool_t" time="0.000292062759399414">
      <skipped message="ok 10 # skip test_params_pass_bool died" />
    </testcase>
    <testcase name="Unnamed test case 111" classname="spec_perl_TestParamsPassBool_t" time="0.000338077545166016">
      <skipped message="ok 11 # skip test_params_pass_bool died" />
    </testcase>
    <testcase name="Unnamed test case 112" classname="spec_perl_TestParamsPassBool_t" time="0.000360012054443359">
      <skipped message="ok 12 # skip test_params_pass_bool died" />
    </testcase>
    <testcase name="Unnamed test case 113" classname="spec_perl_TestParamsPassBool_t" time="0.000330924987792969">
      <skipped message="ok 13 # skip test_params_pass_bool died" />
    </testcase>
    <testcase name="Unnamed test case 114" classname="spec_perl_TestParamsPassBool_t" time="0.000325918197631836">
      <skipped message="ok 14 # skip test_params_pass_bool died" />
    </testcase>
  </testsuite>
  <testsuite name="spec_perl_TestProcessXorValue_t" errors="0" failures="0" skipped="0" tests="2" time="0.0421428680419922">
    <system-out>1..2
ok 1 - Equals
ok 2 - Equals
</system-out>
    <testcase name="Equals (114)" classname="spec_perl_TestProcessXorValue_t" time="0.000169992446899414" />
    <testcase name="Equals (115)" classname="spec_perl_TestProcessXorValue_t" time="7.10487365722656e-05" />
  </testsuite>
  <testsuite name="spec_perl_TestParamsPassArrayUsertype_t" errors="0" failures="1" skipped="4" tests="5" time="0.0500469207763672">
    <system-out>1..5
not ok 1 - test_params_pass_array_usertype died (Can't use an undefined value as an ARRAY reference at compiled/perl/ParamsPassArrayUsertype.pm line 123.)
ok 2 # skip test_params_pass_array_usertype died
ok 3 # skip test_params_pass_array_usertype died
ok 4 # skip test_params_pass_array_usertype died
ok 5 # skip test_params_pass_array_usertype died
</system-out>
    <testcase name="test_params_pass_array_usertype died (Can't use an undefined value as an ARRAY reference at compiled/perl/ParamsPassArrayUsertype.pm line 123.) (115)" classname="spec_perl_TestParamsPassArrayUsertype_t" time="0.000286102294921875">
      <failure message="not ok 1 - test_params_pass_array_usertype died (Can't use an undefined value as an ARRAY reference at compiled/perl/ParamsPassArrayUsertype.pm line 123.)" type="TAP::Parser::Result::Test"></failure>
    </testcase>
    <testcase name="Unnamed test case 115" classname="spec_perl_TestParamsPassArrayUsertype_t" time="0.000411033630371094">
      <skipped message="ok 2 # skip test_params_pass_array_usertype died" />
    </testcase>
    <testcase name="Unnamed test case 116" classname="spec_perl_TestParamsPassArrayUsertype_t" time="0.000401020050048828">
      <skipped message="ok 3 # skip test_params_pass_array_usertype died" />
    </testcase>
    <testcase name="Unnamed test case 117" classname="spec_perl_TestParamsPassArrayUsertype_t" time="0.00037384033203125">
      <skipped message="ok 4 # skip test_params_pass_array_usertype died" />
    </testcase>
    <testcase name="Unnamed test case 118" classname="spec_perl_TestParamsPassArrayUsertype_t" time="0.000343084335327148">
      <skipped message="ok 5 # skip test_params_pass_array_usertype died" />
    </testcase>
  </testsuite>
  <testsuite name="spec_perl_TestEnum0_t" errors="0" failures="0" skipped="0" tests="2" time="0.0422859191894531">
    <system-out>1..2
ok 1 - Equals
ok 2 - Equals
</system-out>
    <testcase name="Equals (118)" classname="spec_perl_TestEnum0_t" time="0.000168085098266602" />
    <testcase name="Equals (119)" classname="spec_perl_TestEnum0_t" time="8.89301300048828e-05" />
  </testsuite>
  <testsuite name="spec_perl_TestProcessXor4Value_t" errors="0" failures="0" skipped="0" tests="2" time="0.0416500568389893">
    <system-out>1..2
ok 1 - Equals
ok 2 - Equals
</system-out>
    <testcase name="Equals (120)" classname="spec_perl_TestProcessXor4Value_t" time="0.000174999237060547" />
    <testcase name="Equals (121)" classname="spec_perl_TestProcessXor4Value_t" time="9.20295715332031e-05" />
  </testsuite>
  <testsuite name="spec_perl_TestYamlInts_t" errors="0" failures="0" skipped="0" tests="4" time="0.0424129962921143">
    <system-out>1..4
ok 1 - Equals
ok 2 - Equals
ok 3 - Equals
ok 4 - Equals
</system-out>
    <testcase name="Equals (122)" classname="spec_perl_TestYamlInts_t" time="0.00019383430480957" />
    <testcase name="Equals (123)" classname="spec_perl_TestYamlInts_t" time="0.000123023986816406" />
    <testcase name="Equals (124)" classname="spec_perl_TestYamlInts_t" time="0.00018310546875" />
    <testcase name="Equals (125)" classname="spec_perl_TestYamlInts_t" time="0.000159978866577148" />
  </testsuite>
  <testsuite name="spec_perl_TestDebug0_t" errors="0" failures="0" skipped="1" tests="1" time="0.042435884475708">
    <system-out>1..1
ok 1 # skip test_debug_0
</system-out>
    <testcase name="Unnamed test case 125" classname="spec_perl_TestDebug0_t" time="0.00026392936706543">
      <skipped message="ok 1 # skip test_debug_0" />
    </testcase>
  </testsuite>
  <testsuite name="spec_perl_TestProcessXor4Const_t" errors="0" failures="0" skipped="0" tests="2" time="0.0417280197143555">
    <system-out>1..2
ok 1 - Equals
ok 2 - Equals
</system-out>
    <testcase name="Equals (126)" classname="spec_perl_TestProcessXor4Const_t" time="0.000180959701538086" />
    <testcase name="Equals (127)" classname="spec_perl_TestProcessXor4Const_t" time="6.89029693603516e-05" />
  </testsuite>
  <testsuite name="spec_perl_TestDefaultEndianExprIsLe_t" errors="0" failures="0" skipped="0" tests="12" time="0.043921947479248">
    <system-out>1..12
ok 1 - Equals
ok 2 - Equals
ok 3 - Equals
ok 4 - Equals
ok 5 - Equals
ok 6 - Equals
ok 7 - Equals
ok 8 - Equals
ok 9 - Equals
ok 10 - Equals
ok 11 - Equals
ok 12 - Equals
</system-out>
    <testcase name="Equals (128)" classname="spec_perl_TestDefaultEndianExprIsLe_t" time="0.000252008438110352" />
    <testcase name="Equals (129)" classname="spec_perl_TestDefaultEndianExprIsLe_t" time="7.98702239990234e-05" />
    <testcase name="Equals (130)" classname="spec_perl_TestDefaultEndianExprIsLe_t" time="0.000135183334350586" />
    <testcase name="Equals (131)" classname="spec_perl_TestDefaultEndianExprIsLe_t" time="0.000129938125610352" />
    <testcase name="Equals (132)" classname="spec_perl_TestDefaultEndianExprIsLe_t" time="0.000133991241455078" />
    <testcase name="Equals (133)" classname="spec_perl_TestDefaultEndianExprIsLe_t" time="0.000125885009765625" />
    <testcase name="Equals (134)" classname="spec_perl_TestDefaultEndianExprIsLe_t" time="0.000146150588989258" />
    <testcase name="Equals (135)" classname="spec_perl_TestDefaultEndianExprIsLe_t" time="0.000123023986816406" />
    <testcase name="Equals (136)" classname="spec_perl_TestDefaultEndianExprIsLe_t" time="0.000125885009765625" />
    <testcase name="Equals (137)" classname="spec_perl_TestDefaultEndianExprIsLe_t" time="0.000123023986816406" />
    <testcase name="Equals (138)" classname="spec_perl_TestDefaultEndianExprIsLe_t" time="0.00014805793762207" />
    <testcase name="Equals (139)" classname="spec_perl_TestDefaultEndianExprIsLe_t" time="0.000132083892822266" />
  </testsuite>
  <testsuite name="spec_perl_TestIndexToParamExpr_t" errors="0" failures="2" skipped="0" tests="7" time="0.0784370899200439">
    <system-out>1..7
ok 1 - Equals
ok 2 - Equals
ok 3 - Equals
ok 4 - Equals
ok 5 - Equals
not ok 6 - Equals
not ok 7 - Equals
</system-out>
    <testcase name="Equals (140)" classname="spec_perl_TestIndexToParamExpr_t" time="0.000277996063232422" />
    <testcase name="Equals (141)" classname="spec_perl_TestIndexToParamExpr_t" time="0.000438213348388672" />
    <testcase name="Equals (142)" classname="spec_perl_TestIndexToParamExpr_t" time="0.000353813171386719" />
    <testcase name="Equals (143)" classname="spec_perl_TestIndexToParamExpr_t" time="0.000288009643554688" />
    <testcase name="Equals (144)" classname="spec_perl_TestIndexToParamExpr_t" time="0.000264167785644531" />
    <testcase name="Equals (145)" classname="spec_perl_TestIndexToParamExpr_t" time="0.000381946563720703">
      <failure message="not ok 6 - Equals" type="TAP::Parser::Result::Test"></failure>
    </testcase>
    <testcase name="Equals (146)" classname="spec_perl_TestIndexToParamExpr_t" time="0.000926971435546875">
      <failure message="not ok 7 - Equals" type="TAP::Parser::Result::Test"></failure>
    </testcase>
  </testsuite>
  <testsuite name="spec_perl_TestRepeatEosBit_t" errors="0" failures="0" skipped="0" tests="1" time="0.0417819023132324">
    <system-out>1..1
ok 1 - Equals
</system-out>
    <testcase name="Equals (147)" classname="spec_perl_TestRepeatEosBit_t" time="0.00030207633972168" />
  </testsuite>
  <testsuite name="spec_perl_TestBitsSimpleLe_t" errors="0" failures="0" skipped="0" tests="14" time="0.0447230339050293">
    <system-out>1..14
ok 1 - Equals
ok 2 - Equals
ok 3 - Equals
ok 4 - Equals
ok 5 - Equals
ok 6 - Equals
ok 7 - Equals
ok 8 - Equals
ok 9 - Equals
ok 10 - Equals
ok 11 - Equals
ok 12 - Equals
ok 13 - Equals
ok 14 - Equals
</system-out>
    <testcase name="Equals (148)" classname="spec_perl_TestBitsSimpleLe_t" time="0.000255107879638672" />
    <testcase name="Equals (149)" classname="spec_perl_TestBitsSimpleLe_t" time="8.0108642578125e-05" />
    <testcase name="Equals (150)" classname="spec_perl_TestBitsSimpleLe_t" time="0.00014185905456543" />
    <testcase name="Equals (151)" classname="spec_perl_TestBitsSimpleLe_t" time="0.000134944915771484" />
    <testcase name="Equals (152)" classname="spec_perl_TestBitsSimpleLe_t" time="0.000113964080810547" />
    <testcase name="Equals (153)" classname="spec_perl_TestBitsSimpleLe_t" time="0.000142097473144531" />
    <testcase name="Equals (154)" classname="spec_perl_TestBitsSimpleLe_t" time="0.000123023986816406" />
    <testcase name="Equals (155)" classname="spec_perl_TestBitsSimpleLe_t" time="0.000119924545288086" />
    <testcase name="Equals (156)" classname="spec_perl_TestBitsSimpleLe_t" time="0.000149965286254883" />
    <testcase name="Equals (157)" classname="spec_perl_TestBitsSimpleLe_t" time="0.000114202499389648" />
    <testcase name="Equals (158)" classname="spec_perl_TestBitsSimpleLe_t" time="0.000116825103759766" />
    <testcase name="Equals (159)" classname="spec_perl_TestBitsSimpleLe_t" time="0.000140190124511719" />
    <testcase name="Equals (160)" classname="spec_perl_TestBitsSimpleLe_t" time="0.000122785568237305" />
    <testcase name="Equals (161)" classname="spec_perl_TestBitsSimpleLe_t" time="0.000124216079711914" />
  </testsuite>
  <testsuite name="spec_perl_TestEnumIntRangeU_t" errors="0" failures="0" skipped="0" tests="2" time="0.0448951721191406">
    <system-out>1..2
ok 1 - Equals
ok 2 - Equals
</system-out>
    <testcase name="Equals (162)" classname="spec_perl_TestEnumIntRangeU_t" time="0.000192880630493164" />
    <testcase name="Equals (163)" classname="spec_perl_TestEnumIntRangeU_t" time="0.000128030776977539" />
  </testsuite>
  <testsuite name="spec_perl_TestInstanceUserArray_t" errors="0" failures="0" skipped="0" tests="10" time="0.047652006149292">
    <system-out>1..10
ok 1 - Equals
ok 2 - Equals
ok 3 - Equals
ok 4 - Equals
ok 5 - Equals
ok 6 - Equals
ok 7 - Equals
ok 8 - Equals
ok 9 - Equals
ok 10 - Equals
</system-out>
    <testcase name="Equals (164)" classname="spec_perl_TestInstanceUserArray_t" time="0.000235080718994141" />
    <testcase name="Equals (165)" classname="spec_perl_TestInstanceUserArray_t" time="7.70092010498047e-05" />
    <testcase name="Equals (166)" classname="spec_perl_TestInstanceUserArray_t" time="0.000145912170410156" />
    <testcase name="Equals (167)" classname="spec_perl_TestInstanceUserArray_t" time="0.000543117523193359" />
    <testcase name="Equals (168)" classname="spec_perl_TestInstanceUserArray_t" time="8.79764556884766e-05" />
    <testcase name="Equals (169)" classname="spec_perl_TestInstanceUserArray_t" time="0.000154972076416016" />
    <testcase name="Equals (170)" classname="spec_perl_TestInstanceUserArray_t" time="0.000136137008666992" />
    <testcase name="Equals (171)" classname="spec_perl_TestInstanceUserArray_t" time="0.00013279914855957" />
    <testcase name="Equals (172)" classname="spec_perl_TestInstanceUserArray_t" time="0.000149011611938477" />
    <testcase name="Equals (173)" classname="spec_perl_TestInstanceUserArray_t" time="0.0001220703125" />
  </testsuite>
  <testsuite name="spec_perl_TestExprBits_t" errors="0" failures="0" skipped="0" tests="10" time="0.0524790287017822">
    <system-out>1..10
ok 1 - Equals
ok 2 - Equals
ok 3 - Equals
ok 4 - Equals
ok 5 - Equals
ok 6 - Equals
ok 7 - Equals
ok 8 - Equals
ok 9 - Equals
ok 10 - Equals
</system-out>
    <testcase name="Equals (174)" classname="spec_perl_TestExprBits_t" time="0.000396966934204102" />
    <testcase name="Equals (175)" classname="spec_perl_TestExprBits_t" time="0.000108957290649414" />
    <testcase name="Equals (176)" classname="spec_perl_TestExprBits_t" time="0.000128984451293945" />
    <testcase name="Equals (177)" classname="spec_perl_TestExprBits_t" time="0.000162124633789062" />
    <testcase name="Equals (178)" classname="spec_perl_TestExprBits_t" time="0.0001678466796875" />
    <testcase name="Equals (179)" classname="spec_perl_TestExprBits_t" time="0.000119209289550781" />
    <testcase name="Equals (180)" classname="spec_perl_TestExprBits_t" time="0.000149965286254883" />
    <testcase name="Equals (181)" classname="spec_perl_TestExprBits_t" time="0.000114917755126953" />
    <testcase name="Equals (182)" classname="spec_perl_TestExprBits_t" time="0.000150918960571289" />
    <testcase name="Equals (183)" classname="spec_perl_TestExprBits_t" time="0.000150203704833984" />
  </testsuite>
  <testsuite name="spec_perl_TestStrLiterals2_t" errors="0" failures="0" skipped="0" tests="4" time="0.0438711643218994">
    <system-out>1..4
ok 1 - Equals
ok 2 - Equals
ok 3 - Equals
ok 4 - Equals
</system-out>
    <testcase name="Equals (184)" classname="spec_perl_TestStrLiterals2_t" time="0.000236988067626953" />
    <testcase name="Equals (185)" classname="spec_perl_TestStrLiterals2_t" time="8.10623168945312e-05" />
    <testcase name="Equals (186)" classname="spec_perl_TestStrLiterals2_t" time="0.000181913375854492" />
    <testcase name="Equals (187)" classname="spec_perl_TestStrLiterals2_t" time="0.000137090682983398" />
  </testsuite>
  <testsuite name="spec_perl_TestEnumDeep_t" errors="0" failures="0" skipped="0" tests="2" time="0.0423679351806641">
    <system-out>1..2
ok 1 - Equals
ok 2 - Equals
</system-out>
    <testcase name="Equals (188)" classname="spec_perl_TestEnumDeep_t" time="0.000180959701538086" />
    <testcase name="Equals (189)" classname="spec_perl_TestEnumDeep_t" time="7.58171081542969e-05" />
  </testsuite>
  <testsuite name="spec_perl_TestIntegersMinMax_t" errors="0" failures="0" skipped="0" tests="28" time="0.0474319458007812">
    <system-out>1..28
ok 1 - Equals
ok 2 - Equals
ok 3 - Equals
ok 4 - Equals
ok 5 - Equals
ok 6 - Equals
ok 7 - Equals
ok 8 - Equals
ok 9 - Equals
ok 10 - Equals
ok 11 - Equals
ok 12 - Equals
ok 13 - Equals
ok 14 - Equals
ok 15 - Equals
ok 16 - Equals
ok 17 - Equals
ok 18 - Equals
ok 19 - Equals
ok 20 - Equals
ok 21 - Equals
ok 22 - Equals
ok 23 - Equals
ok 24 - Equals
ok 25 - Equals
ok 26 - Equals
ok 27 - Equals
ok 28 - Equals
</system-out>
    <testcase name="Equals (190)" classname="spec_perl_TestIntegersMinMax_t" time="0.000323057174682617" />
    <testcase name="Equals (191)" classname="spec_perl_TestIntegersMinMax_t" time="8.48770141601562e-05" />
    <testcase name="Equals (192)" classname="spec_perl_TestIntegersMinMax_t" time="8.51154327392578e-05" />
    <testcase name="Equals (193)" classname="spec_perl_TestIntegersMinMax_t" time="0.000154018402099609" />
    <testcase name="Equals (194)" classname="spec_perl_TestIntegersMinMax_t" time="0.000102996826171875" />
    <testcase name="Equals (195)" classname="spec_perl_TestIntegersMinMax_t" time="0.000159025192260742" />
    <testcase name="Equals (196)" classname="spec_perl_TestIntegersMinMax_t" time="0.000110864639282227" />
    <testcase name="Equals (197)" classname="spec_perl_TestIntegersMinMax_t" time="0.000142097473144531" />
    <testcase name="Equals (198)" classname="spec_perl_TestIntegersMinMax_t" time="0.000135898590087891" />
    <testcase name="Equals (199)" classname="spec_perl_TestIntegersMinMax_t" time="0.000138044357299805" />
    <testcase name="Equals (200)" classname="spec_perl_TestIntegersMinMax_t" time="0.000126123428344727" />
    <testcase name="Equals (201)" classname="spec_perl_TestIntegersMinMax_t" time="0.000124931335449219" />
    <testcase name="Equals (202)" classname="spec_perl_TestIntegersMinMax_t" time="0.000119924545288086" />
    <testcase name="Equals (203)" classname="spec_perl_TestIntegersMinMax_t" time="0.00014805793762207" />
    <testcase name="Equals (204)" classname="spec_perl_TestIntegersMinMax_t" time="0.000113010406494141" />
    <testcase name="Equals (205)" classname="spec_perl_TestIntegersMinMax_t" time="0.000140905380249023" />
    <testcase name="Equals (206)" classname="spec_perl_TestIntegersMinMax_t" time="0.000136137008666992" />
    <testcase name="Equals (207)" classname="spec_perl_TestIntegersMinMax_t" time="0.000121831893920898" />
    <testcase name="Equals (208)" classname="spec_perl_TestIntegersMinMax_t" time="0.000124216079711914" />
    <testcase name="Equals (209)" classname="spec_perl_TestIntegersMinMax_t" time="0.000121831893920898" />
    <testcase name="Equals (210)" classname="spec_perl_TestIntegersMinMax_t" time="0.000141143798828125" />
    <testcase name="Equals (211)" classname="spec_perl_TestIntegersMinMax_t" time="0.000155925750732422" />
    <testcase name="Equals (212)" classname="spec_perl_TestIntegersMinMax_t" time="0.000117063522338867" />
    <testcase name="Equals (213)" classname="spec_perl_TestIntegersMinMax_t" time="0.000123977661132812" />
    <testcase name="Equals (214)" classname="spec_perl_TestIntegersMinMax_t" time="0.000121831893920898" />
    <testcase name="Equals (215)" classname="spec_perl_TestIntegersMinMax_t" time="0.000123023986816406" />
    <testcase name="Equals (216)" classname="spec_perl_TestIntegersMinMax_t" time="0.000121116638183594" />
    <testcase name="Equals (217)" classname="spec_perl_TestIntegersMinMax_t" time="0.000146865844726562" />
  </testsuite>
  <testsuite name="spec_perl_TestBitsSignedB32Le_t" errors="0" failures="0" skipped="0" tests="4" time="0.0425169467926025">
    <system-out>1..4
ok 1 - Equals
ok 2 - Equals
ok 3 - Equals
ok 4 - Equals
</system-out>
    <testcase name="Equals (218)" classname="spec_perl_TestBitsSignedB32Le_t" time="0.00023198127746582" />
    <testcase name="Equals (219)" classname="spec_perl_TestBitsSignedB32Le_t" time="8.10623168945312e-05" />
    <testcase name="Equals (220)" classname="spec_perl_TestBitsSignedB32Le_t" time="0.000145912170410156" />
    <testcase name="Equals (221)" classname="spec_perl_TestBitsSignedB32Le_t" time="0.000128030776977539" />
  </testsuite>
  <testsuite name="spec_perl_TestNavParentFalse2_t" errors="0" failures="0" skipped="0" tests="1" time="0.0421140193939209">
    <system-out>1..1
ok 1 - Equals
</system-out>
    <testcase name="Equals (222)" classname="spec_perl_TestNavParentFalse2_t" time="0.000190019607543945" />
  </testsuite>
  <testsuite name="spec_perl_TestNavParent_t" errors="0" failures="0" skipped="0" tests="5" time="0.0470201969146729">
    <system-out>1..5
ok 1 - Equals
ok 2 - Equals
ok 3 - Equals
ok 4 - Equals
ok 5 - Equals
</system-out>
    <testcase name="Equals (223)" classname="spec_perl_TestNavParent_t" time="0.000355958938598633" />
    <testcase name="Equals (224)" classname="spec_perl_TestNavParent_t" time="9.01222229003906e-05" />
    <testcase name="Equals (225)" classname="spec_perl_TestNavParent_t" time="8.392333984375e-05" />
    <testcase name="Equals (226)" classname="spec_perl_TestNavParent_t" time="0.000155925750732422" />
    <testcase name="Equals (227)" classname="spec_perl_TestNavParent_t" time="0.000126123428344727" />
  </testsuite>
  <testsuite name="spec_perl_TestBitsSignedB64Le_t" errors="0" failures="0" skipped="0" tests="4" time="0.0429468154907227">
    <system-out>1..4
ok 1 - Equals
ok 2 - Equals
ok 3 - Equals
ok 4 - Equals
</system-out>
    <testcase name="Equals (228)" classname="spec_perl_TestBitsSignedB64Le_t" time="0.000226974487304688" />
    <testcase name="Equals (229)" classname="spec_perl_TestBitsSignedB64Le_t" time="7.51018524169922e-05" />
    <testcase name="Equals (230)" classname="spec_perl_TestBitsSignedB64Le_t" time="0.000143051147460938" />
    <testcase name="Equals (231)" classname="spec_perl_TestBitsSignedB64Le_t" time="0.000131845474243164" />
  </testsuite>
  <testsuite name="spec_perl_TestDefaultBigEndian_t" errors="0" failures="0" skipped="0" tests="1" time="0.0432770252227783">
    <system-out>1..1
ok 1 - Equals
</system-out>
    <testcase name="Equals (232)" classname="spec_perl_TestDefaultBigEndian_t" time="0.000198125839233398" />
  </testsuite>
  <testsuite name="spec_perl_TestIndexToParamEos_t" errors="0" failures="2" skipped="0" tests="7" time="0.0506720542907715">
    <system-out>1..7
ok 1 - Equals
ok 2 - Equals
ok 3 - Equals
ok 4 - Equals
ok 5 - Equals
not ok 6 - Equals
not ok 7 - Equals
</system-out>
    <testcase name="Equals (233)" classname="spec_perl_TestIndexToParamEos_t" time="0.00561690330505371" />
    <testcase name="Equals (234)" classname="spec_perl_TestIndexToParamEos_t" time="0.000159025192260742" />
    <testcase name="Equals (235)" classname="spec_perl_TestIndexToParamEos_t" time="7.70092010498047e-05" />
    <testcase name="Equals (236)" classname="spec_perl_TestIndexToParamEos_t" time="4.69684600830078e-05" />
    <testcase name="Equals (237)" classname="spec_perl_TestIndexToParamEos_t" time="3.79085540771484e-05" />
    <testcase name="Equals (238)" classname="spec_perl_TestIndexToParamEos_t" time="4.81605529785156e-05">
      <failure message="not ok 6 - Equals" type="TAP::Parser::Result::Test"></failure>
    </testcase>
    <testcase name="Equals (239)" classname="spec_perl_TestIndexToParamEos_t" time="3.88622283935547e-05">
      <failure message="not ok 7 - Equals" type="TAP::Parser::Result::Test"></failure>
    </testcase>
  </testsuite>
  <testsuite name="spec_perl_TestExpr3_t" errors="0" failures="0" skipped="0" tests="12" time="0.0500349998474121">
    <system-out>1..12
ok 1 - Equals
ok 2 - Equals
ok 3 - Equals
ok 4 - Equals
ok 5 - Equals
ok 6 - Equals
ok 7 - Equals
ok 8 - Equals
ok 9 - Equals
ok 10 - Equals
ok 11 - Equals
ok 12 - Equals
</system-out>
    <testcase name="Equals (240)" classname="spec_perl_TestExpr3_t" time="0.000252008438110352" />
    <testcase name="Equals (241)" classname="spec_perl_TestExpr3_t" time="7.91549682617188e-05" />
    <testcase name="Equals (242)" classname="spec_perl_TestExpr3_t" time="0.00014185905456543" />
    <testcase name="Equals (243)" classname="spec_perl_TestExpr3_t" time="0.000130176544189453" />
    <testcase name="Equals (244)" classname="spec_perl_TestExpr3_t" time="0.000149011611938477" />
    <testcase name="Equals (245)" classname="spec_perl_TestExpr3_t" time="0.000124931335449219" />
    <testcase name="Equals (246)" classname="spec_perl_TestExpr3_t" time="0.000146865844726562" />
    <testcase name="Equals (247)" classname="spec_perl_TestExpr3_t" time="0.000123023986816406" />
    <testcase name="Equals (248)" classname="spec_perl_TestExpr3_t" time="0.000152111053466797" />
    <testcase name="Equals (249)" classname="spec_perl_TestExpr3_t" time="0.000124931335449219" />
    <testcase name="Equals (250)" classname="spec_perl_TestExpr3_t" time="0.000153064727783203" />
    <testcase name="Equals (251)" classname="spec_perl_TestExpr3_t" time="0.000123023986816406" />
  </testsuite>
  <testsuite name="spec_perl_TestSwitchManualEnumInvalid_t" errors="0" failures="0" skipped="0" tests="5" time="0.0463249683380127">
    <system-out>1..5
ok 1 - Equals
ok 2 - Equals
ok 3 - nil
ok 4 - Equals
ok 5 - nil
</system-out>
    <testcase name="Equals (252)" classname="spec_perl_TestSwitchManualEnumInvalid_t" time="0.000195980072021484" />
    <testcase name="Equals (253)" classname="spec_perl_TestSwitchManualEnumInvalid_t" time="7.29560852050781e-05" />
    <testcase name="nil (253)" classname="spec_perl_TestSwitchManualEnumInvalid_t" time="5.69820404052734e-05" />
    <testcase name="Equals (254)" classname="spec_perl_TestSwitchManualEnumInvalid_t" time="0.000155925750732422" />
    <testcase name="nil (254)" classname="spec_perl_TestSwitchManualEnumInvalid_t" time="6.41345977783203e-05" />
  </testsuite>
  <testsuite name="spec_perl_TestNestedTypeParam_t" errors="0" failures="2" skipped="0" tests="2" time="0.0483272075653076">
    <system-out>1..2
not ok 1 - Equals
not ok 2 - Equals
</system-out>
    <testcase name="Equals (255)" classname="spec_perl_TestNestedTypeParam_t" time="0.00391983985900879">
      <failure message="not ok 1 - Equals" type="TAP::Parser::Result::Test"></failure>
    </testcase>
    <testcase name="Equals (256)" classname="spec_perl_TestNestedTypeParam_t" time="0.000169038772583008">
      <failure message="not ok 2 - Equals" type="TAP::Parser::Result::Test"></failure>
    </testcase>
  </testsuite>
  <testsuite name="spec_perl_TestEofExceptionU4_t" errors="0" failures="0" skipped="0" tests="1" time="0.0459160804748535">
    <system-out>1..1
ok 1 - Died
</system-out>
    <testcase name="Died (256)" classname="spec_perl_TestEofExceptionU4_t" time="0.000163078308105469" />
  </testsuite>
  <testsuite name="spec_perl_TestTermU1Val_t" errors="0" failures="0" skipped="0" tests="2" time="0.0448880195617676">
    <system-out>1..2
ok 1 - Equals
ok 2 - Equals
</system-out>
    <testcase name="Equals (257)" classname="spec_perl_TestTermU1Val_t" time="0.000273942947387695" />
    <testcase name="Equals (258)" classname="spec_perl_TestTermU1Val_t" time="8.392333984375e-05" />
  </testsuite>
  <testsuite name="spec_perl_TestEnumImport_t" errors="0" failures="2" skipped="0" tests="2" time="0.0461800098419189">
    <system-out>1..2
not ok 1 - Equals
not ok 2 - Equals
</system-out>
    <testcase name="Equals (259)" classname="spec_perl_TestEnumImport_t" time="0.00063014030456543">
      <failure message="not ok 1 - Equals" type="TAP::Parser::Result::Test"></failure>
    </testcase>
    <testcase name="Equals (260)" classname="spec_perl_TestEnumImport_t" time="0.000903844833374023">
      <failure message="not ok 2 - Equals" type="TAP::Parser::Result::Test"></failure>
    </testcase>
  </testsuite>
  <testsuite name="spec_perl_TestBitsSimple_t" errors="0" failures="0" skipped="0" tests="14" time="0.0442991256713867">
    <system-out>1..14
ok 1 - Equals
ok 2 - Equals
ok 3 - Equals
ok 4 - Equals
ok 5 - Equals
ok 6 - Equals
ok 7 - Equals
ok 8 - Equals
ok 9 - Equals
ok 10 - Equals
ok 11 - Equals
ok 12 - Equals
ok 13 - Equals
ok 14 - Equals
</system-out>
    <testcase name="Equals (261)" classname="spec_perl_TestBitsSimple_t" time="0.000298976898193359" />
    <testcase name="Equals (262)" classname="spec_perl_TestBitsSimple_t" time="8.51154327392578e-05" />
    <testcase name="Equals (263)" classname="spec_perl_TestBitsSimple_t" time="0.000135898590087891" />
    <testcase name="Equals (264)" classname="spec_perl_TestBitsSimple_t" time="9.48905944824219e-05" />
    <testcase name="Equals (265)" classname="spec_perl_TestBitsSimple_t" time="0.000143051147460938" />
    <testcase name="Equals (266)" classname="spec_perl_TestBitsSimple_t" time="0.000108003616333008" />
    <testcase name="Equals (267)" classname="spec_perl_TestBitsSimple_t" time="0.000139951705932617" />
    <testcase name="Equals (268)" classname="spec_perl_TestBitsSimple_t" time="0.00012516975402832" />
    <testcase name="Equals (269)" classname="spec_perl_TestBitsSimple_t" time="0.000121831893920898" />
    <testcase name="Equals (270)" classname="spec_perl_TestBitsSimple_t" time="0.000121116638183594" />
    <testcase name="Equals (271)" classname="spec_perl_TestBitsSimple_t" time="0.000128030776977539" />
    <testcase name="Equals (272)" classname="spec_perl_TestBitsSimple_t" time="0.000118017196655273" />
    <testcase name="Equals (273)" classname="spec_perl_TestBitsSimple_t" time="0.000166893005371094" />
    <testcase name="Equals (274)" classname="spec_perl_TestBitsSimple_t" time="0.000101089477539062" />
  </testsuite>
  <testsuite name="spec_perl_TestOpaqueExternalType02Parent_t" errors="0" failures="0" skipped="0" tests="3" time="0.0457179546356201">
    <system-out>1..3
ok 1 - Equals
ok 2 - Equals
ok 3 - Equals
</system-out>
    <testcase name="Equals (275)" classname="spec_perl_TestOpaqueExternalType02Parent_t" time="0.000306844711303711" />
    <testcase name="Equals (276)" classname="spec_perl_TestOpaqueExternalType02Parent_t" time="8.60691070556641e-05" />
    <testcase name="Equals (277)" classname="spec_perl_TestOpaqueExternalType02Parent_t" time="8.392333984375e-05" />
  </testsuite>
  <testsuite name="spec_perl_TestParamsPassArrayInt_t" errors="0" failures="1" skipped="6" tests="7" time="0.0477988719940186">
    <system-out>1..7
not ok 1 - test_params_pass_array_int died (Can't use an undefined value as an ARRAY reference at spec/perl/TestParamsPassArrayInt.t line 15.)
ok 2 # skip test_params_pass_array_int died
ok 3 # skip test_params_pass_array_int died
ok 4 # skip test_params_pass_array_int died
ok 5 # skip test_params_pass_array_int died
ok 6 # skip test_params_pass_array_int died
ok 7 # skip test_params_pass_array_int died
</system-out>
    <testcase name="test_params_pass_array_int died (Can't use an undefined value as an ARRAY reference at spec/perl/TestParamsPassArrayInt.t line 15.) (277)" classname="spec_perl_TestParamsPassArrayInt_t" time="0.000314950942993164">
      <failure message="not ok 1 - test_params_pass_array_int died (Can't use an undefined value as an ARRAY reference at spec/perl/TestParamsPassArrayInt.t line 15.)" type="TAP::Parser::Result::Test"></failure>
    </testcase>
    <testcase name="Unnamed test case 277" classname="spec_perl_TestParamsPassArrayInt_t" time="0.00275802612304688">
      <skipped message="ok 2 # skip test_params_pass_array_int died" />
    </testcase>
    <testcase name="Unnamed test case 278" classname="spec_perl_TestParamsPassArrayInt_t" time="9.08374786376953e-05">
      <skipped message="ok 3 # skip test_params_pass_array_int died" />
    </testcase>
    <testcase name="Unnamed test case 279" classname="spec_perl_TestParamsPassArrayInt_t" time="7.20024108886719e-05">
      <skipped message="ok 4 # skip test_params_pass_array_int died" />
    </testcase>
    <testcase name="Unnamed test case 280" classname="spec_perl_TestParamsPassArrayInt_t" time="0.0001220703125">
      <skipped message="ok 5 # skip test_params_pass_array_int died" />
    </testcase>
    <testcase name="Unnamed test case 281" classname="spec_perl_TestParamsPassArrayInt_t" time="0.000119924545288086">
      <skipped message="ok 6 # skip test_params_pass_array_int died" />
    </testcase>
    <testcase name="Unnamed test case 282" classname="spec_perl_TestParamsPassArrayInt_t" time="0.000136137008666992">
      <skipped message="ok 7 # skip test_params_pass_array_int died" />
    </testcase>
  </testsuite>
  <testsuite name="spec_perl_TestValidLong_t" errors="0" failures="0" skipped="1" tests="1" time="0.0456938743591309">
    <system-out>1..1
ok 1 # skip ValidLong=HASH(0x1d363b0)
</system-out>
    <testcase name="Unnamed test case 283" classname="spec_perl_TestValidLong_t" time="0.00123500823974609">
      <skipped message="ok 1 # skip ValidLong=HASH(0x1d363b0)" />
    </testcase>
  </testsuite>
  <testsuite name="spec_perl_TestSwitchManualStrElse_t" errors="0" failures="0" skipped="0" tests="9" time="0.0462989807128906">
    <system-out>1..9
ok 1 - Equals
ok 2 - Equals
ok 3 - Equals
ok 4 - Equals
ok 5 - Equals
ok 6 - Equals
ok 7 - Equals
ok 8 - Equals
ok 9 - Equals
</system-out>
    <testcase name="Equals (283)" classname="spec_perl_TestSwitchManualStrElse_t" time="0.000319004058837891" />
    <testcase name="Equals (284)" classname="spec_perl_TestSwitchManualStrElse_t" time="8.98838043212891e-05" />
    <testcase name="Equals (285)" classname="spec_perl_TestSwitchManualStrElse_t" time="0.00011897087097168" />
    <testcase name="Equals (286)" classname="spec_perl_TestSwitchManualStrElse_t" time="0.000135183334350586" />
    <testcase name="Equals (287)" classname="spec_perl_TestSwitchManualStrElse_t" time="0.000138998031616211" />
    <testcase name="Equals (288)" classname="spec_perl_TestSwitchManualStrElse_t" time="0.000124931335449219" />
    <testcase name="Equals (289)" classname="spec_perl_TestSwitchManualStrElse_t" time="0.000124931335449219" />
    <testcase name="Equals (290)" classname="spec_perl_TestSwitchManualStrElse_t" time="0.00012516975402832" />
    <testcase name="Equals (291)" classname="spec_perl_TestSwitchManualStrElse_t" time="0.000155925750732422" />
  </testsuite>
  <testsuite name="spec_perl_TestPositionInSeq_t" errors="0" failures="0" skipped="0" tests="1" time="0.0423867702484131">
    <system-out>1..1
ok 1 - Equals
</system-out>
    <testcase name="Equals (292)" classname="spec_perl_TestPositionInSeq_t" time="0.000227928161621094" />
  </testsuite>
  <testsuite name="spec_perl_TestIfStruct_t" errors="0" failures="0" skipped="0" tests="7" time="0.0471498966217041">
    <system-out>1..7
ok 1 - Equals
ok 2 - Equals
ok 3 - Equals
ok 4 - Equals
ok 5 - Equals
ok 6 - Equals
ok 7 - Equals
</system-out>
    <testcase name="Equals (293)" classname="spec_perl_TestIfStruct_t" time="0.000359058380126953" />
    <testcase name="Equals (294)" classname="spec_perl_TestIfStruct_t" time="8.48770141601562e-05" />
    <testcase name="Equals (295)" classname="spec_perl_TestIfStruct_t" time="8.70227813720703e-05" />
    <testcase name="Equals (296)" classname="spec_perl_TestIfStruct_t" time="0.000151872634887695" />
    <testcase name="Equals (297)" classname="spec_perl_TestIfStruct_t" time="0.000116109848022461" />
    <testcase name="Equals (298)" classname="spec_perl_TestIfStruct_t" time="0.000140905380249023" />
    <testcase name="Equals (299)" classname="spec_perl_TestIfStruct_t" time="0.000119209289550781" />
  </testsuite>
  <testsuite name="spec_perl_TestNestedTypes2_t" errors="0" failures="0" skipped="0" tests="7" time="0.0433919429779053">
    <system-out>1..7
ok 1 - Equals
ok 2 - Equals
ok 3 - Equals
ok 4 - Equals
ok 5 - Equals
ok 6 - Equals
ok 7 - Equals
</system-out>
    <testcase name="Equals (300)" classname="spec_perl_TestNestedTypes2_t" time="0.000219821929931641" />
    <testcase name="Equals (301)" classname="spec_perl_TestNestedTypes2_t" time="8.91685485839844e-05" />
    <testcase name="Equals (302)" classname="spec_perl_TestNestedTypes2_t" time="0.000119924545288086" />
    <testcase name="Equals (303)" classname="spec_perl_TestNestedTypes2_t" time="0.000130891799926758" />
    <testcase name="Equals (304)" classname="spec_perl_TestNestedTypes2_t" time="0.000133037567138672" />
    <testcase name="Equals (305)" classname="spec_perl_TestNestedTypes2_t" time="0.000144004821777344" />
    <testcase name="Equals (306)" classname="spec_perl_TestNestedTypes2_t" time="0.000128030776977539" />
  </testsuite>
  <testsuite name="spec_perl_TestValidSwitch_t" errors="0" failures="0" skipped="1" tests="1" time="0.042827844619751">
    <system-out>1..1
ok 1 # skip ValidSwitch=HASH(0x2688268)
</system-out>
    <testcase name="Unnamed test case 306" classname="spec_perl_TestValidSwitch_t" time="0.00118184089660645">
      <skipped message="ok 1 # skip ValidSwitch=HASH(0x2688268)" />
    </testcase>
  </testsuite>
  <testsuite name="spec_perl_TestEnumFancy_t" errors="0" failures="0" skipped="0" tests="2" time="0.0422911643981934">
    <system-out>1..2
ok 1 - Equals
ok 2 - Equals
</system-out>
    <testcase name="Equals (307)" classname="spec_perl_TestEnumFancy_t" time="0.000159978866577148" />
    <testcase name="Equals (308)" classname="spec_perl_TestEnumFancy_t" time="0.000119924545288086" />
  </testsuite>
  <testsuite name="spec_perl_TestSwitchMultiBoolOps_t" errors="0" failures="0" skipped="0" tests="9" time="0.0433681011199951">
    <system-out>1..9
ok 1 - Equals
ok 2 - Equals
ok 3 - Equals
ok 4 - Equals
ok 5 - Equals
ok 6 - Equals
ok 7 - Equals
ok 8 - Equals
ok 9 - Equals
</system-out>
    <testcase name="Equals (309)" classname="spec_perl_TestSwitchMultiBoolOps_t" time="0.000242948532104492" />
    <testcase name="Equals (310)" classname="spec_perl_TestSwitchMultiBoolOps_t" time="7.91549682617188e-05" />
    <testcase name="Equals (311)" classname="spec_perl_TestSwitchMultiBoolOps_t" time="0.000125885009765625" />
    <testcase name="Equals (312)" classname="spec_perl_TestSwitchMultiBoolOps_t" time="0.000137090682983398" />
    <testcase name="Equals (313)" classname="spec_perl_TestSwitchMultiBoolOps_t" time="0.000120878219604492" />
    <testcase name="Equals (314)" classname="spec_perl_TestSwitchMultiBoolOps_t" time="0.000140190124511719" />
    <testcase name="Equals (315)" classname="spec_perl_TestSwitchMultiBoolOps_t" time="0.00011897087097168" />
    <testcase name="Equals (316)" classname="spec_perl_TestSwitchMultiBoolOps_t" time="0.000123977661132812" />
    <testcase name="Equals (317)" classname="spec_perl_TestSwitchMultiBoolOps_t" time="0.000119924545288086" />
  </testsuite>
  <testsuite name="spec_perl_TestExprSizeofType0_t" errors="0" failures="0" skipped="0" tests="1" time="0.0516180992126465">
    <system-out>1..1
ok 1 - Equals
</system-out>
    <testcase name="Equals (318)" classname="spec_perl_TestExprSizeofType0_t" time="0.000256061553955078" />
  </testsuite>
  <testsuite name="spec_perl_TestCombineBytes_t" errors="0" failures="0" skipped="0" tests="10" time="0.044734001159668">
    <system-out>1..10
ok 1 - Equals
ok 2 - Equals
ok 3 - Equals
ok 4 - Equals
ok 5 - Equals
ok 6 - Equals
ok 7 - Equals
ok 8 - Equals
ok 9 - Equals
ok 10 - Equals
</system-out>
    <testcase name="Equals (319)" classname="spec_perl_TestCombineBytes_t" time="0.000229835510253906" />
    <testcase name="Equals (320)" classname="spec_perl_TestCombineBytes_t" time="7.60555267333984e-05" />
    <testcase name="Equals (321)" classname="spec_perl_TestCombineBytes_t" time="0.000140905380249023" />
    <testcase name="Equals (322)" classname="spec_perl_TestCombineBytes_t" time="0.000141143798828125" />
    <testcase name="Equals (323)" classname="spec_perl_TestCombineBytes_t" time="0.000107049942016602" />
    <testcase name="Equals (324)" classname="spec_perl_TestCombineBytes_t" time="0.000144004821777344" />
    <testcase name="Equals (325)" classname="spec_perl_TestCombineBytes_t" time="0.000144004821777344" />
    <testcase name="Equals (326)" classname="spec_perl_TestCombineBytes_t" time="0.000133991241455078" />
    <testcase name="Equals (327)" classname="spec_perl_TestCombineBytes_t" time="0.000152826309204102" />
    <testcase name="Equals (328)" classname="spec_perl_TestCombineBytes_t" time="0.000112056732177734" />
  </testsuite>
  <testsuite name="spec_perl_TestRepeatUntilS4_t" errors="0" failures="0" skipped="0" tests="2" time="0.0472238063812256">
    <system-out>1..2
ok 1 - Equals
ok 2 - Equals
</system-out>
    <testcase name="Equals (329)" classname="spec_perl_TestRepeatUntilS4_t" time="0.000235080718994141" />
    <testcase name="Equals (330)" classname="spec_perl_TestRepeatUntilS4_t" time="8.08238983154297e-05" />
  </testsuite>
  <testsuite name="spec_perl_TestIntegersDoubleOverflow_t" errors="0" failures="0" skipped="0" tests="8" time="0.0445868968963623">
    <system-out>1..8
ok 1 - Equals
ok 2 - Equals
ok 3 - Equals
ok 4 - Equals
ok 5 - Equals
ok 6 - Equals
ok 7 - Equals
ok 8 - Equals
</system-out>
    <testcase name="Equals (331)" classname="spec_perl_TestIntegersDoubleOverflow_t" time="0.000246047973632812" />
    <testcase name="Equals (332)" classname="spec_perl_TestIntegersDoubleOverflow_t" time="8.79764556884766e-05" />
    <testcase name="Equals (333)" classname="spec_perl_TestIntegersDoubleOverflow_t" time="0.000128030776977539" />
    <testcase name="Equals (334)" classname="spec_perl_TestIntegersDoubleOverflow_t" time="0.000129938125610352" />
    <testcase name="Equals (335)" classname="spec_perl_TestIntegersDoubleOverflow_t" time="0.000123977661132812" />
    <testcase name="Equals (336)" classname="spec_perl_TestIntegersDoubleOverflow_t" time="0.000136137008666992" />
    <testcase name="Equals (337)" classname="spec_perl_TestIntegersDoubleOverflow_t" time="0.000119924545288086" />
    <testcase name="Equals (338)" classname="spec_perl_TestIntegersDoubleOverflow_t" time="0.000144004821777344" />
  </testsuite>
  <testsuite name="spec_perl_TestIoLocalVar_t" errors="0" failures="0" skipped="0" tests="2" time="0.0439770221710205">
    <system-out>1..2
ok 1 - Equals
ok 2 - Equals
</system-out>
    <testcase name="Equals (339)" classname="spec_perl_TestIoLocalVar_t" time="0.000566005706787109" />
    <testcase name="Equals (340)" classname="spec_perl_TestIoLocalVar_t" time="0.00011897087097168" />
  </testsuite>
  <testsuite name="spec_perl_TestTypeTernary2ndFalsy_t" errors="0" failures="1" skipped="0" tests="13" time="0.0458838939666748">
    <system-out>1..13
ok 1 - Equals
ok 2 - Equals
ok 3 - Equals
ok 4 - Approx equals
ok 5 - Approx equals
ok 6 - Equals
ok 7 - Equals
ok 8 - Equals
ok 9 - nil
ok 10 - Equals
ok 11 - Equals
ok 12 - Equals
not ok 13 - test_type_ternary_2nd_falsy died (Can't use an undefined value as an ARRAY reference at spec/perl/TestTypeTernary2ndFalsy.t line 27.)
</system-out>
    <testcase name="Equals (341)" classname="spec_perl_TestTypeTernary2ndFalsy_t" time="0.000210046768188477" />
    <testcase name="Equals (342)" classname="spec_perl_TestTypeTernary2ndFalsy_t" time="7.51018524169922e-05" />
    <testcase name="Equals (343)" classname="spec_perl_TestTypeTernary2ndFalsy_t" time="0.000130891799926758" />
    <testcase name="Approx equals (343)" classname="spec_perl_TestTypeTernary2ndFalsy_t" time="6.29425048828125e-05" />
    <testcase name="Approx equals (344)" classname="spec_perl_TestTypeTernary2ndFalsy_t" time="5.31673431396484e-05" />
    <testcase name="Equals (344)" classname="spec_perl_TestTypeTernary2ndFalsy_t" time="0.000110864639282227" />
    <testcase name="Equals (345)" classname="spec_perl_TestTypeTernary2ndFalsy_t" time="0.000138044357299805" />
    <testcase name="Equals (346)" classname="spec_perl_TestTypeTernary2ndFalsy_t" time="0.000138998031616211" />
    <testcase name="nil (346)" classname="spec_perl_TestTypeTernary2ndFalsy_t" time="6.19888305664062e-05" />
    <testcase name="Equals (347)" classname="spec_perl_TestTypeTernary2ndFalsy_t" time="0.000112056732177734" />
    <testcase name="Equals (348)" classname="spec_perl_TestTypeTernary2ndFalsy_t" time="0.000123023986816406" />
    <testcase name="Equals (349)" classname="spec_perl_TestTypeTernary2ndFalsy_t" time="0.000128984451293945" />
    <testcase name="test_type_ternary_2nd_falsy died (Can't use an undefined value as an ARRAY reference at spec/perl/TestTypeTernary2ndFalsy.t line 27.) (349)" classname="spec_perl_TestTypeTernary2ndFalsy_t" time="0.000236034393310547">
      <failure message="not ok 13 - test_type_ternary_2nd_falsy died (Can't use an undefined value as an ARRAY reference at spec/perl/TestTypeTernary2ndFalsy.t line 27.)" type="TAP::Parser::Result::Test"></failure>
    </testcase>
  </testsuite>
  <testsuite name="spec_perl_TestBytesPadTerm_t" errors="0" failures="0" skipped="0" tests="4" time="0.0422708988189697">
    <system-out>1..4
ok 1 - Equals
ok 2 - Equals
ok 3 - Equals
ok 4 - Equals
</system-out>
    <testcase name="Equals (350)" classname="spec_perl_TestBytesPadTerm_t" time="0.000218868255615234" />
    <testcase name="Equals (351)" classname="spec_perl_TestBytesPadTerm_t" time="0.000101089477539062" />
    <testcase name="Equals (352)" classname="spec_perl_TestBytesPadTerm_t" time="0.000119924545288086" />
    <testcase name="Equals (353)" classname="spec_perl_TestBytesPadTerm_t" time="0.000131130218505859" />
  </testsuite>
  <testsuite name="spec_perl_TestDefaultEndianExprIsBe_t" errors="0" failures="0" skipped="0" tests="18" time="0.0459740161895752">
    <system-out>1..18
ok 1 - Equals
ok 2 - Equals
ok 3 - Equals
ok 4 - Equals
ok 5 - Equals
ok 6 - Equals
ok 7 - Equals
ok 8 - Equals
ok 9 - Equals
ok 10 - Equals
ok 11 - Equals
ok 12 - Equals
ok 13 - Equals
ok 14 - Equals
ok 15 - Equals
ok 16 - Equals
ok 17 - Equals
ok 18 - Equals
</system-out>
    <testcase name="Equals (354)" classname="spec_perl_TestDefaultEndianExprIsBe_t" time="0.000266075134277344" />
    <testcase name="Equals (355)" classname="spec_perl_TestDefaultEndianExprIsBe_t" time="7.89165496826172e-05" />
    <testcase name="Equals (356)" classname="spec_perl_TestDefaultEndianExprIsBe_t" time="0.000131130218505859" />
    <testcase name="Equals (357)" classname="spec_perl_TestDefaultEndianExprIsBe_t" time="0.000131845474243164" />
    <testcase name="Equals (358)" classname="spec_perl_TestDefaultEndianExprIsBe_t" time="0.000152111053466797" />
    <testcase name="Equals (359)" classname="spec_perl_TestDefaultEndianExprIsBe_t" time="0.000152826309204102" />
    <testcase name="Equals (360)" classname="spec_perl_TestDefaultEndianExprIsBe_t" time="0.000119209289550781" />
    <testcase name="Equals (361)" classname="spec_perl_TestDefaultEndianExprIsBe_t" time="0.000140905380249023" />
    <testcase name="Equals (362)" classname="spec_perl_TestDefaultEndianExprIsBe_t" time="0.000123977661132812" />
    <testcase name="Equals (363)" classname="spec_perl_TestDefaultEndianExprIsBe_t" time="0.000179052352905273" />
    <testcase name="Equals (364)" classname="spec_perl_TestDefaultEndianExprIsBe_t" time="0.0001220703125" />
    <testcase name="Equals (365)" classname="spec_perl_TestDefaultEndianExprIsBe_t" time="0.000166893005371094" />
    <testcase name="Equals (366)" classname="spec_perl_TestDefaultEndianExprIsBe_t" time="0.000116109848022461" />
    <testcase name="Equals (367)" classname="spec_perl_TestDefaultEndianExprIsBe_t" time="0.00014185905456543" />
    <testcase name="Equals (368)" classname="spec_perl_TestDefaultEndianExprIsBe_t" time="0.000121116638183594" />
    <testcase name="Equals (369)" classname="spec_perl_TestDefaultEndianExprIsBe_t" time="0.000125885009765625" />
    <testcase name="Equals (370)" classname="spec_perl_TestDefaultEndianExprIsBe_t" time="0.000155925750732422" />
    <testcase name="Equals (371)" classname="spec_perl_TestDefaultEndianExprIsBe_t" time="0.000146150588989258" />
  </testsuite>
  <testsuite name="spec_perl_TestStrPadTerm_t" errors="0" failures="0" skipped="0" tests="4" time="0.0466980934143066">
    <system-out>1..4
ok 1 - Equals
ok 2 - Equals
ok 3 - Equals
ok 4 - Equals
</system-out>
    <testcase name="Equals (372)" classname="spec_perl_TestStrPadTerm_t" time="0.000334024429321289" />
    <testcase name="Equals (373)" classname="spec_perl_TestStrPadTerm_t" time="8.89301300048828e-05" />
    <testcase name="Equals (374)" classname="spec_perl_TestStrPadTerm_t" time="6.00814819335938e-05" />
    <testcase name="Equals (375)" classname="spec_perl_TestStrPadTerm_t" time="0.000133037567138672" />
  </testsuite>
  <testsuite name="spec_perl_TestRepeatNStruct_t" errors="0" failures="0" skipped="0" tests="5" time="0.0433330535888672">
    <system-out>1..5
ok 1 - Equals
ok 2 - Equals
ok 3 - Equals
ok 4 - Equals
ok 5 - Equals
</system-out>
    <testcase name="Equals (376)" classname="spec_perl_TestRepeatNStruct_t" time="0.000235080718994141" />
    <testcase name="Equals (377)" classname="spec_perl_TestRepeatNStruct_t" time="7.89165496826172e-05" />
    <testcase name="Equals (378)" classname="spec_perl_TestRepeatNStruct_t" time="0.000123977661132812" />
    <testcase name="Equals (379)" classname="spec_perl_TestRepeatNStruct_t" time="0.0001220703125" />
    <testcase name="Equals (380)" classname="spec_perl_TestRepeatNStruct_t" time="0.000113010406494141" />
  </testsuite>
  <testsuite name="spec_perl_TestNavParentVsValueInst_t" errors="0" failures="0" skipped="0" tests="1" time="0.0449180603027344">
    <system-out>1..1
ok 1 - Equals
</system-out>
    <testcase name="Equals (381)" classname="spec_perl_TestNavParentVsValueInst_t" time="0.000247001647949219" />
  </testsuite>
  <testsuite name="spec_perl_TestOpaqueExternalType_t" errors="0" failures="0" skipped="0" tests="3" time="0.0454580783843994">
    <system-out>1..3
ok 1 - Equals
ok 2 - Equals
ok 3 - Equals
</system-out>
    <testcase name="Equals (382)" classname="spec_perl_TestOpaqueExternalType_t" time="0.00029301643371582" />
    <testcase name="Equals (383)" classname="spec_perl_TestOpaqueExternalType_t" time="8.70227813720703e-05" />
    <testcase name="Equals (384)" classname="spec_perl_TestOpaqueExternalType_t" time="5.79357147216797e-05" />
  </testsuite>
  <testsuite name="spec_perl_TestRepeatUntilComplex_t" errors="0" failures="0" skipped="0" tests="17" time="0.0439889430999756">
    <system-out>1..17
ok 1 - Equals
ok 2 - Equals
ok 3 - Equals
ok 4 - Equals
ok 5 - Equals
ok 6 - Equals
ok 7 - Equals
ok 8 - Equals
ok 9 - Equals
ok 10 - Equals
ok 11 - Equals
ok 12 - Equals
ok 13 - Equals
ok 14 - Equals
ok 15 - Equals
ok 16 - Equals
ok 17 - Equals
</system-out>
    <testcase name="Equals (385)" classname="spec_perl_TestRepeatUntilComplex_t" time="0.000320911407470703" />
    <testcase name="Equals (386)" classname="spec_perl_TestRepeatUntilComplex_t" time="9.29832458496094e-05" />
    <testcase name="Equals (387)" classname="spec_perl_TestRepeatUntilComplex_t" time="5.81741333007812e-05" />
    <testcase name="Equals (388)" classname="spec_perl_TestRepeatUntilComplex_t" time="0.000154018402099609" />
    <testcase name="Equals (389)" classname="spec_perl_TestRepeatUntilComplex_t" time="0.000105857849121094" />
    <testcase name="Equals (390)" classname="spec_perl_TestRepeatUntilComplex_t" time="0.000147104263305664" />
    <testcase name="Equals (391)" classname="spec_perl_TestRepeatUntilComplex_t" time="6.79492950439453e-05" />
    <testcase name="Equals (392)" classname="spec_perl_TestRepeatUntilComplex_t" time="0.000139951705932617" />
    <testcase name="Equals (393)" classname="spec_perl_TestRepeatUntilComplex_t" time="0.000138998031616211" />
    <testcase name="Equals (394)" classname="spec_perl_TestRepeatUntilComplex_t" time="0.000147104263305664" />
    <testcase name="Equals (395)" classname="spec_perl_TestRepeatUntilComplex_t" time="0.000116825103759766" />
    <testcase name="Equals (396)" classname="spec_perl_TestRepeatUntilComplex_t" time="0.000141143798828125" />
    <testcase name="Equals (397)" classname="spec_perl_TestRepeatUntilComplex_t" time="0.000129938125610352" />
    <testcase name="Equals (398)" classname="spec_perl_TestRepeatUntilComplex_t" time="0.000147104263305664" />
    <testcase name="Equals (399)" classname="spec_perl_TestRepeatUntilComplex_t" time="0.000113964080810547" />
    <testcase name="Equals (400)" classname="spec_perl_TestRepeatUntilComplex_t" time="8.79764556884766e-05" />
    <testcase name="Equals (401)" classname="spec_perl_TestRepeatUntilComplex_t" time="0.000140905380249023" />
  </testsuite>
  <testsuite name="spec_perl_TestValidNotParsedIf_t" errors="0" failures="0" skipped="1" tests="1" time="0.0428521633148193">
    <system-out>1..1
ok 1 # skip ValidNotParsedIf=HASH(0x1058fe0)
</system-out>
    <testcase name="Unnamed test case 401" classname="spec_perl_TestValidNotParsedIf_t" time="0.00118494033813477">
      <skipped message="ok 1 # skip ValidNotParsedIf=HASH(0x1058fe0)" />
    </testcase>
  </testsuite>
  <testsuite name="spec_perl_TestEnumDeepLiterals_t" errors="0" failures="0" skipped="0" tests="2" time="0.0424928665161133">
    <system-out>1..2
ok 1 - Equals
ok 2 - Equals
</system-out>
    <testcase name="Equals (402)" classname="spec_perl_TestEnumDeepLiterals_t" time="0.00023198127746582" />
    <testcase name="Equals (403)" classname="spec_perl_TestEnumDeepLiterals_t" time="7.48634338378906e-05" />
  </testsuite>
  <testsuite name="spec_perl_TestEnumInvalid_t" errors="0" failures="0" skipped="0" tests="2" time="0.0441029071807861">
    <system-out>1..2
ok 1 - Equals
ok 2 - Equals
</system-out>
    <testcase name="Equals (404)" classname="spec_perl_TestEnumInvalid_t" time="0.0001678466796875" />
    <testcase name="Equals (405)" classname="spec_perl_TestEnumInvalid_t" time="7.00950622558594e-05" />
  </testsuite>
  <testsuite name="spec_perl_TestEosExceptionU4_t" errors="0" failures="0" skipped="0" tests="1" time="0.0457158088684082">
    <system-out>1..1
ok 1 - Died
</system-out>
    <testcase name="Died (405)" classname="spec_perl_TestEosExceptionU4_t" time="0.000499963760375977" />
  </testsuite>
  <testsuite name="spec_perl_TestSwitchRepeatExprInvalid_t" errors="0" failures="0" skipped="0" tests="3" time="0.0423791408538818">
    <system-out>1..3
ok 1 - Equals
ok 2 - Equals
ok 3 - Equals
</system-out>
    <testcase name="Equals (406)" classname="spec_perl_TestSwitchRepeatExprInvalid_t" time="0.000185966491699219" />
    <testcase name="Equals (407)" classname="spec_perl_TestSwitchRepeatExprInvalid_t" time="7.41481781005859e-05" />
    <testcase name="Equals (408)" classname="spec_perl_TestSwitchRepeatExprInvalid_t" time="0.000159978866577148" />
  </testsuite>
  <testsuite name="spec_perl_TestProcessXorConst_t" errors="0" failures="0" skipped="0" tests="2" time="0.0419068336486816">
    <system-out>1..2
ok 1 - Equals
ok 2 - Equals
</system-out>
    <testcase name="Equals (409)" classname="spec_perl_TestProcessXorConst_t" time="0.000208854675292969" />
    <testcase name="Equals (410)" classname="spec_perl_TestProcessXorConst_t" time="7.60555267333984e-05" />
  </testsuite>
  <testsuite name="spec_perl_TestExprBytesLiteral_t" errors="1" failures="0" skipped="0" tests="0" time="0.0462558269500732">
    <system-out></system-out>
    <testcase name="Test died too soon, even before plan. (410)" classname="spec_perl_TestExprBytesLiteral_t" time="0.0462558269500732">
      <failure message="The test suite died before a plan was produced. You need to have a plan." type="Plan">No plan</failure>
    </testcase>
  </testsuite>
  <testsuite name="spec_perl_TestRepeatUntilSized_t" errors="0" failures="0" skipped="0" tests="7" time="0.044766902923584">
    <system-out>1..7
ok 1 - Equals
ok 2 - Equals
ok 3 - Equals
ok 4 - Equals
ok 5 - Equals
ok 6 - Equals
ok 7 - Equals
</system-out>
    <testcase name="Equals (411)" classname="spec_perl_TestRepeatUntilSized_t" time="0.000491857528686523" />
    <testcase name="Equals (412)" classname="spec_perl_TestRepeatUntilSized_t" time="9.79900360107422e-05" />
    <testcase name="Equals (413)" classname="spec_perl_TestRepeatUntilSized_t" time="5.91278076171875e-05" />
    <testcase name="Equals (414)" classname="spec_perl_TestRepeatUntilSized_t" time="0.000140905380249023" />
    <testcase name="Equals (415)" classname="spec_perl_TestRepeatUntilSized_t" time="0.000128030776977539" />
    <testcase name="Equals (416)" classname="spec_perl_TestRepeatUntilSized_t" time="0.000138044357299805" />
    <testcase name="Equals (417)" classname="spec_perl_TestRepeatUntilSized_t" time="0.000124931335449219" />
  </testsuite>
  <testsuite name="spec_perl_TestImportsCircularA_t" errors="0" failures="0" skipped="0" tests="5" time="0.0435268878936768">
    <system-out>1..5
ok 1 - Equals
ok 2 - Equals
ok 3 - Equals
ok 4 - Equals
ok 5 - nil
</system-out>
    <testcase name="Equals (418)" classname="spec_perl_TestImportsCircularA_t" time="0.000230789184570312" />
    <testcase name="Equals (419)" classname="spec_perl_TestImportsCircularA_t" time="7.82012939453125e-05" />
    <testcase name="Equals (420)" classname="spec_perl_TestImportsCircularA_t" time="0.000130891799926758" />
    <testcase name="Equals (421)" classname="spec_perl_TestImportsCircularA_t" time="0.000133037567138672" />
    <testcase name="nil (421)" classname="spec_perl_TestImportsCircularA_t" time="5.88893890380859e-05" />
  </testsuite>
  <testsuite name="spec_perl_TestDocstrings_t" errors="0" failures="0" skipped="1" tests="1" time="0.0430381298065186">
    <system-out>1..1
ok 1 # skip Docstrings=HASH(0x95c4d8)
</system-out>
    <testcase name="Unnamed test case 421" classname="spec_perl_TestDocstrings_t" time="0.00113391876220703">
      <skipped message="ok 1 # skip Docstrings=HASH(0x95c4d8)" />
    </testcase>
  </testsuite>
  <testsuite name="spec_perl_TestRepeatUntilCalcArrayType_t" errors="0" failures="0" skipped="0" tests="7" time="0.0426690578460693">
    <system-out>1..7
ok 1 - Equals
ok 2 - Equals
ok 3 - Equals
ok 4 - Equals
ok 5 - Equals
ok 6 - Equals
ok 7 - Equals
</system-out>
    <testcase name="Equals (422)" classname="spec_perl_TestRepeatUntilCalcArrayType_t" time="0.000492095947265625" />
    <testcase name="Equals (423)" classname="spec_perl_TestRepeatUntilCalcArrayType_t" time="0.000108003616333008" />
    <testcase name="Equals (424)" classname="spec_perl_TestRepeatUntilCalcArrayType_t" time="6.29425048828125e-05" />
    <testcase name="Equals (425)" classname="spec_perl_TestRepeatUntilCalcArrayType_t" time="9.10758972167969e-05" />
    <testcase name="Equals (426)" classname="spec_perl_TestRepeatUntilCalcArrayType_t" time="0.000137805938720703" />
    <testcase name="Equals (427)" classname="spec_perl_TestRepeatUntilCalcArrayType_t" time="0.000128030776977539" />
    <testcase name="Equals (428)" classname="spec_perl_TestRepeatUntilCalcArrayType_t" time="0.000137090682983398" />
  </testsuite>
  <testsuite name="spec_perl_TestProcessRotate_t" errors="0" failures="0" skipped="0" tests="3" time="0.0423529148101807">
    <system-out>1..3
ok 1 - Equals
ok 2 - Equals
ok 3 - Equals
</system-out>
    <testcase name="Equals (429)" classname="spec_perl_TestProcessRotate_t" time="0.000270843505859375" />
    <testcase name="Equals (430)" classname="spec_perl_TestProcessRotate_t" time="0.000102996826171875" />
    <testcase name="Equals (431)" classname="spec_perl_TestProcessRotate_t" time="5.91278076171875e-05" />
  </testsuite>
  <testsuite name="spec_perl_TestExprIoEof_t" errors="0" failures="0" skipped="0" tests="4" time="0.0447280406951904">
    <system-out>1..4
ok 1 - Equals
ok 2 - nil
ok 3 - Equals
ok 4 - Equals
</system-out>
    <testcase name="Equals (432)" classname="spec_perl_TestExprIoEof_t" time="0.000535011291503906" />
[...]
    </testcase>
    <testcase name="Unnamed test case 832" classname="spec_perl_TestParamsPassArrayStr_t" time="4.00543212890625e-05">
      <skipped message="ok 3 # skip test_params_pass_array_str died" />
    </testcase>
    <testcase name="Unnamed test case 833" classname="spec_perl_TestParamsPassArrayStr_t" time="3.50475311279297e-05">
      <skipped message="ok 4 # skip test_params_pass_array_str died" />
    </testcase>
    <testcase name="Unnamed test case 834" classname="spec_perl_TestParamsPassArrayStr_t" time="3.19480895996094e-05">
      <skipped message="ok 5 # skip test_params_pass_array_str died" />
    </testcase>
    <testcase name="Unnamed test case 835" classname="spec_perl_TestParamsPassArrayStr_t" time="3.19480895996094e-05">
      <skipped message="ok 6 # skip test_params_pass_array_str died" />
    </testcase>
    <testcase name="Unnamed test case 836" classname="spec_perl_TestParamsPassArrayStr_t" time="3.29017639160156e-05">
      <skipped message="ok 7 # skip test_params_pass_array_str died" />
    </testcase>
  </testsuite>
  <testsuite name="spec_perl_TestZlibSurrounded_t" errors="0" failures="0" skipped="0" tests="1" time="0.0622398853302002">
    <system-out>1..1
ok 1 - Equals
</system-out>
    <testcase name="Equals (836)" classname="spec_perl_TestZlibSurrounded_t" time="0.000542163848876953" />
  </testsuite>
  <testsuite name="spec_perl_TestBcdUserTypeLe_t" errors="0" failures="0" skipped="0" tests="6" time="0.0451409816741943">
    <system-out>1..6
ok 1 - Equals
ok 2 - Equals
ok 3 - Equals
ok 4 - Equals
ok 5 - Equals
ok 6 - Equals
</system-out>
    <testcase name="Equals (837)" classname="spec_perl_TestBcdUserTypeLe_t" time="0.000540971755981445" />
    <testcase name="Equals (838)" classname="spec_perl_TestBcdUserTypeLe_t" time="8.89301300048828e-05" />
    <testcase name="Equals (839)" classname="spec_perl_TestBcdUserTypeLe_t" time="0.000113964080810547" />
    <testcase name="Equals (840)" classname="spec_perl_TestBcdUserTypeLe_t" time="0.000159978866577148" />
    <testcase name="Equals (841)" classname="spec_perl_TestBcdUserTypeLe_t" time="0.000142097473144531" />
    <testcase name="Equals (842)" classname="spec_perl_TestBcdUserTypeLe_t" time="0.000155925750732422" />
  </testsuite>
  <testsuite name="spec_perl_TestSwitchIntegers2_t" errors="0" failures="0" skipped="0" tests="5" time="0.0444178581237793">
    <system-out>1..5
ok 1 - Equals
ok 2 - Equals
ok 3 - Equals
ok 4 - Equals
ok 5 - Equals
</system-out>
    <testcase name="Equals (843)" classname="spec_perl_TestSwitchIntegers2_t" time="0.000182151794433594" />
    <testcase name="Equals (844)" classname="spec_perl_TestSwitchIntegers2_t" time="7.98702239990234e-05" />
    <testcase name="Equals (845)" classname="spec_perl_TestSwitchIntegers2_t" time="0.000146150588989258" />
    <testcase name="Equals (846)" classname="spec_perl_TestSwitchIntegers2_t" time="0.000123977661132812" />
    <testcase name="Equals (847)" classname="spec_perl_TestSwitchIntegers2_t" time="0.00014495849609375" />
  </testsuite>
  <testsuite name="spec_perl_TestProcessCustomNoArgs_t" errors="1" failures="0" skipped="0" tests="0" time="0.0413179397583008">
    <system-out></system-out>
    <testcase name="Test died too soon, even before plan. (847)" classname="spec_perl_TestProcessCustomNoArgs_t" time="0.0413179397583008">
      <failure message="The test suite died before a plan was produced. You need to have a plan." type="Plan">No plan</failure>
    </testcase>
  </testsuite>
  <testsuite name="spec_perl_TestCastToTop_t" errors="0" failures="0" skipped="0" tests="3" time="0.0425631999969482">
    <system-out>1..3
ok 1 - Equals
ok 2 - Equals
ok 3 - Equals
</system-out>
    <testcase name="Equals (848)" classname="spec_perl_TestCastToTop_t" time="0.000164031982421875" />
    <testcase name="Equals (849)" classname="spec_perl_TestCastToTop_t" time="0.000133991241455078" />
    <testcase name="Equals (850)" classname="spec_perl_TestCastToTop_t" time="0.000124931335449219" />
  </testsuite>
  <testsuite name="spec_perl_TestProcessCoerceUsertype2_t" errors="0" failures="0" skipped="0" tests="4" time="0.0423171520233154">
    <system-out>1..4
ok 1 - Equals
ok 2 - Equals
ok 3 - Equals
ok 4 - Equals
</system-out>
    <testcase name="Equals (851)" classname="spec_perl_TestProcessCoerceUsertype2_t" time="0.000479936599731445" />
    <testcase name="Equals (852)" classname="spec_perl_TestProcessCoerceUsertype2_t" time="9.48905944824219e-05" />
    <testcase name="Equals (853)" classname="spec_perl_TestProcessCoerceUsertype2_t" time="6.50882720947266e-05" />
    <testcase name="Equals (854)" classname="spec_perl_TestProcessCoerceUsertype2_t" time="0.000145912170410156" />
  </testsuite>
  <testsuite name="spec_perl_TestIfInstances_t" errors="0" failures="0" skipped="0" tests="1" time="0.0430819988250732">
    <system-out>1..1
ok 1 - nil
</system-out>
    <testcase name="nil (854)" classname="spec_perl_TestIfInstances_t" time="0.000169992446899414" />
  </testsuite>
  <testsuite name="spec_perl_TestParamsPassArrayStruct_t" errors="0" failures="1" skipped="2" tests="3" time="0.0542521476745605">
    <system-out>1..3
not ok 1 - test_params_pass_array_struct died (Can't use an undefined value as an ARRAY reference at spec/perl/TestParamsPassArrayStruct.t line 15.)
ok 2 # skip test_params_pass_array_struct died
ok 3 # skip test_params_pass_array_struct died
</system-out>
    <testcase name="test_params_pass_array_struct died (Can't use an undefined value as an ARRAY reference at spec/perl/TestParamsPassArrayStruct.t line 15.) (854)" classname="spec_perl_TestParamsPassArrayStruct_t" time="0.000294923782348633">
      <failure message="not ok 1 - test_params_pass_array_struct died (Can't use an undefined value as an ARRAY reference at spec/perl/TestParamsPassArrayStruct.t line 15.)" type="TAP::Parser::Result::Test"></failure>
    </testcase>
    <testcase name="Unnamed test case 854" classname="spec_perl_TestParamsPassArrayStruct_t" time="0.000385046005249023">
      <skipped message="ok 2 # skip test_params_pass_array_struct died" />
    </testcase>
    <testcase name="Unnamed test case 855" classname="spec_perl_TestParamsPassArrayStruct_t" time="0.000417947769165039">
      <skipped message="ok 3 # skip test_params_pass_array_struct died" />
    </testcase>
  </testsuite>
  <testsuite name="spec_perl_TestNavParent3_t" errors="0" failures="0" skipped="0" tests="10" time="0.0472400188446045">
    <system-out>1..10
ok 1 - Equals
ok 2 - Equals
ok 3 - Equals
ok 4 - Equals
ok 5 - Equals
ok 6 - Equals
ok 7 - Equals
ok 8 - Equals
ok 9 - Equals
ok 10 - Equals
</system-out>
    <testcase name="Equals (855)" classname="spec_perl_TestNavParent3_t" time="0.000195026397705078" />
    <testcase name="Equals (856)" classname="spec_perl_TestNavParent3_t" time="9.01222229003906e-05" />
    <testcase name="Equals (857)" classname="spec_perl_TestNavParent3_t" time="0.00019383430480957" />
    <testcase name="Equals (858)" classname="spec_perl_TestNavParent3_t" time="0.000119209289550781" />
    <testcase name="Equals (859)" classname="spec_perl_TestNavParent3_t" time="0.000130891799926758" />
    <testcase name="Equals (860)" classname="spec_perl_TestNavParent3_t" time="0.00017094612121582" />
    <testcase name="Equals (861)" classname="spec_perl_TestNavParent3_t" time="0.000117063522338867" />
    <testcase name="Equals (862)" classname="spec_perl_TestNavParent3_t" time="0.000123023986816406" />
    <testcase name="Equals (863)" classname="spec_perl_TestNavParent3_t" time="0.00014805793762207" />
    <testcase name="Equals (864)" classname="spec_perl_TestNavParent3_t" time="0.000157833099365234" />
  </testsuite>
  <testsuite name="spec_perl_TestRepeatEosU4_t" errors="0" failures="0" skipped="0" tests="1" time="0.0422201156616211">
    <system-out>1..1
ok 1 - Equals
</system-out>
    <testcase name="Equals (865)" classname="spec_perl_TestRepeatEosU4_t" time="0.000231027603149414" />
  </testsuite>
  <testsuite name="spec_perl_TestDocstringsDocrefMulti_t" errors="0" failures="0" skipped="1" tests="1" time="0.0432910919189453">
    <system-out>1..1
ok 1 # skip DocstringsDocrefMulti=HASH(0x1ef5718)
</system-out>
    <testcase name="Unnamed test case 865" classname="spec_perl_TestDocstringsDocrefMulti_t" time="0.00121402740478516">
      <skipped message="ok 1 # skip DocstringsDocrefMulti=HASH(0x1ef5718)" />
    </testcase>
  </testsuite>
  <testsuite name="spec_perl_TestTermBytes_t" errors="0" failures="0" skipped="0" tests="3" time="0.0419859886169434">
    <system-out>1..3
ok 1 - Equals
ok 2 - Equals
ok 3 - Equals
</system-out>
    <testcase name="Equals (866)" classname="spec_perl_TestTermBytes_t" time="0.000219106674194336" />
    <testcase name="Equals (867)" classname="spec_perl_TestTermBytes_t" time="7.67707824707031e-05" />
    <testcase name="Equals (868)" classname="spec_perl_TestTermBytes_t" time="0.000138044357299805" />
  </testsuite>
  <testsuite name="spec_perl_TestIndexSizes_t" errors="0" failures="0" skipped="0" tests="7" time="0.0467832088470459">
    <system-out>1..7
ok 1 - Equals
ok 2 - Equals
ok 3 - Equals
ok 4 - Equals
ok 5 - Equals
ok 6 - Equals
ok 7 - Equals
</system-out>
    <testcase name="Equals (869)" classname="spec_perl_TestIndexSizes_t" time="0.000273942947387695" />
    <testcase name="Equals (870)" classname="spec_perl_TestIndexSizes_t" time="9.01222229003906e-05" />
    <testcase name="Equals (871)" classname="spec_perl_TestIndexSizes_t" time="8.29696655273438e-05" />
    <testcase name="Equals (872)" classname="spec_perl_TestIndexSizes_t" time="0.000146865844726562" />
    <testcase name="Equals (873)" classname="spec_perl_TestIndexSizes_t" time="0.0001220703125" />
    <testcase name="Equals (874)" classname="spec_perl_TestIndexSizes_t" time="0.000154018402099609" />
    <testcase name="Equals (875)" classname="spec_perl_TestIndexSizes_t" time="0.000128984451293945" />
  </testsuite>
  <testsuite name="spec_perl_TestNavParentSwitch_t" errors="0" failures="0" skipped="0" tests="3" time="0.0426530838012695">
    <system-out>1..3
ok 1 - Equals
ok 2 - Equals
ok 3 - Equals
</system-out>
    <testcase name="Equals (876)" classname="spec_perl_TestNavParentSwitch_t" time="0.000188112258911133" />
    <testcase name="Equals (877)" classname="spec_perl_TestNavParentSwitch_t" time="0.000128984451293945" />
    <testcase name="Equals (878)" classname="spec_perl_TestNavParentSwitch_t" time="0.000124931335449219" />
  </testsuite>
  <testsuite name="spec_perl_TestParamsPassUsertype_t" errors="0" failures="1" skipped="1" tests="2" time="0.0544009208679199">
    <system-out>1..2
not ok 1 - test_params_pass_usertype died (Can't call method &quot;foo&quot; on an undefined value at compiled/perl/ParamsPassUsertype.pm line 119.)
ok 2 # skip test_params_pass_usertype died
</system-out>
    <testcase name="test_params_pass_usertype died (Can't call method &quot;foo&quot; on an undefined value at compiled/perl/ParamsPassUsertype.pm line 119.) (878)" classname="spec_perl_TestParamsPassUsertype_t" time="0.000276088714599609">
      <failure message="not ok 1 - test_params_pass_usertype died (Can't call method &quot;foo&quot; on an undefined value at compiled/perl/ParamsPassUsertype.pm line 119.)" type="TAP::Parser::Result::Test"></failure>
    </testcase>
    <testcase name="Unnamed test case 878" classname="spec_perl_TestParamsPassUsertype_t" time="0.000396966934204102">
      <skipped message="ok 2 # skip test_params_pass_usertype died" />
    </testcase>
  </testsuite>
  <testsuite name="spec_perl_TestDefaultEndianExprException_t" errors="0" failures="0" skipped="0" tests="1" time="0.0437719821929932">
    <system-out>1..1
ok 1 - Died
</system-out>
    <testcase name="Died (878)" classname="spec_perl_TestDefaultEndianExprException_t" time="0.000226020812988281" />
  </testsuite>
  <testsuite name="spec_perl_TestSwitchManualIntSize_t" errors="0" failures="1" skipped="0" tests="10" time="0.0500950813293457">
    <system-out>1..10
ok 1 - Equals
ok 2 - Equals
ok 3 - Equals
ok 4 - Equals
ok 5 - Equals
not ok 6 - test switch manual int size
ok 7 - Equals
ok 8 - Equals
ok 9 - Equals
ok 10 - Equals
</system-out>
    <testcase name="Equals (879)" classname="spec_perl_TestSwitchManualIntSize_t" time="0.000594139099121094" />
    <testcase name="Equals (880)" classname="spec_perl_TestSwitchManualIntSize_t" time="0.000112056732177734" />
    <testcase name="Equals (881)" classname="spec_perl_TestSwitchManualIntSize_t" time="6.29425048828125e-05" />
    <testcase name="Equals (882)" classname="spec_perl_TestSwitchManualIntSize_t" time="5.60283660888672e-05" />
    <testcase name="Equals (883)" classname="spec_perl_TestSwitchManualIntSize_t" time="0.000157833099365234" />
    <testcase name="test switch manual int size (883)" classname="spec_perl_TestSwitchManualIntSize_t" time="0.00188708305358887">
      <failure message="not ok 6 - test switch manual int size" type="TAP::Parser::Result::Test"></failure>
    </testcase>
    <testcase name="Equals (884)" classname="spec_perl_TestSwitchManualIntSize_t" time="8.392333984375e-05" />
    <testcase name="Equals (885)" classname="spec_perl_TestSwitchManualIntSize_t" time="5.10215759277344e-05" />
    <testcase name="Equals (886)" classname="spec_perl_TestSwitchManualIntSize_t" time="6.31809234619141e-05" />
    <testcase name="Equals (887)" classname="spec_perl_TestSwitchManualIntSize_t" time="5.79357147216797e-05" />
  </testsuite>
  <testsuite name="spec_perl_TestExprSizeofType1_t" errors="0" failures="0" skipped="0" tests="2" time="0.0438928604125977">
    <system-out>1..2
ok 1 - Equals
ok 2 - Equals
</system-out>
    <testcase name="Equals (888)" classname="spec_perl_TestExprSizeofType1_t" time="0.000276088714599609" />
    <testcase name="Equals (889)" classname="spec_perl_TestExprSizeofType1_t" time="9.51290130615234e-05" />
  </testsuite>
  <testsuite name="spec_perl_TestRecursiveOne_t" errors="0" failures="0" skipped="0" tests="4" time="0.0423369407653809">
    <system-out>1..4
ok 1 - Equals
ok 2 - Equals
ok 3 - Equals
ok 4 - Equals
</system-out>
    <testcase name="Equals (890)" classname="spec_perl_TestRecursiveOne_t" time="0.000226974487304688" />
    <testcase name="Equals (891)" classname="spec_perl_TestRecursiveOne_t" time="8.20159912109375e-05" />
    <testcase name="Equals (892)" classname="spec_perl_TestRecursiveOne_t" time="0.000130176544189453" />
    <testcase name="Equals (893)" classname="spec_perl_TestRecursiveOne_t" time="0.000126838684082031" />
  </testsuite>
  <testsuite name="spec_perl_TestParamsPassStruct_t" errors="0" failures="1" skipped="1" tests="4" time="0.0468878746032715">
    <system-out>1..4
ok 1 - Equals
ok 2 - Equals
not ok 3 - test_params_pass_struct died (Can't call method &quot;foo&quot; on an undefined value at spec/perl/TestParamsPassStruct.t line 17.)
ok 4 # skip test_params_pass_struct died
</system-out>
    <testcase name="Equals (894)" classname="spec_perl_TestParamsPassStruct_t" time="0.000214099884033203" />
    <testcase name="Equals (895)" classname="spec_perl_TestParamsPassStruct_t" time="7.48634338378906e-05" />
    <testcase name="test_params_pass_struct died (Can't call method &quot;foo&quot; on an undefined value at spec/perl/TestParamsPassStruct.t line 17.) (895)" classname="spec_perl_TestParamsPassStruct_t" time="0.000210046768188477">
      <failure message="not ok 3 - test_params_pass_struct died (Can't call method &quot;foo&quot; on an undefined value at spec/perl/TestParamsPassStruct.t line 17.)" type="TAP::Parser::Result::Test"></failure>
    </testcase>
    <testcase name="Unnamed test case 895" classname="spec_perl_TestParamsPassStruct_t" time="0.000451087951660156">
      <skipped message="ok 4 # skip test_params_pass_struct died" />
    </testcase>
  </testsuite>
  <testsuite name="spec_perl_TestEnum1_t" errors="0" failures="0" skipped="0" tests="2" time="0.0425050258636475">
    <system-out>1..2
ok 1 - Equals
ok 2 - Equals
</system-out>
    <testcase name="Equals (896)" classname="spec_perl_TestEnum1_t" time="0.000178098678588867" />
    <testcase name="Equals (897)" classname="spec_perl_TestEnum1_t" time="8.70227813720703e-05" />
  </testsuite>
  <testsuite name="spec_perl_TestNavParentFalse_t" errors="0" failures="0" skipped="0" tests="5" time="0.0427589416503906">
    <system-out>1..5
ok 1 - Equals
ok 2 - Equals
ok 3 - Equals
ok 4 - Equals
ok 5 - Equals
</system-out>
    <testcase name="Equals (898)" classname="spec_perl_TestNavParentFalse_t" time="0.000230073928833008" />
    <testcase name="Equals (899)" classname="spec_perl_TestNavParentFalse_t" time="7.79628753662109e-05" />
    <testcase name="Equals (900)" classname="spec_perl_TestNavParentFalse_t" time="0.000123023986816406" />
    <testcase name="Equals (901)" classname="spec_perl_TestNavParentFalse_t" time="0.000139951705932617" />
    <testcase name="Equals (902)" classname="spec_perl_TestNavParentFalse_t" time="0.000105142593383789" />
  </testsuite>
  <testsuite name="spec_perl_TestSwitchCast_t" errors="0" failures="0" skipped="0" tests="2" time="0.0471839904785156">
    <system-out>1..2
ok 1 - Equals
ok 2 - Equals
</system-out>
    <testcase name="Equals (903)" classname="spec_perl_TestSwitchCast_t" time="0.000285863876342773" />
    <testcase name="Equals (904)" classname="spec_perl_TestSwitchCast_t" time="8.51154327392578e-05" />
  </testsuite>
  <testsuite name="spec_perl_TestFixedStruct_t" errors="0" failures="0" skipped="0" tests="20" time="0.0459499359130859">
    <system-out>1..20
ok 1 - Equals
ok 2 - Equals
ok 3 - Equals
ok 4 - Equals
ok 5 - Equals
ok 6 - Equals
ok 7 - Equals
ok 8 - Equals
ok 9 - Equals
ok 10 - Equals
ok 11 - Equals
ok 12 - Equals
ok 13 - Equals
ok 14 - Equals
ok 15 - Equals
ok 16 - Equals
ok 17 - Equals
ok 18 - Equals
ok 19 - Equals
ok 20 - Equals
</system-out>
    <testcase name="Equals (905)" classname="spec_perl_TestFixedStruct_t" time="0.000283956527709961" />
    <testcase name="Equals (906)" classname="spec_perl_TestFixedStruct_t" time="8.82148742675781e-05" />
    <testcase name="Equals (907)" classname="spec_perl_TestFixedStruct_t" time="8.98838043212891e-05" />
    <testcase name="Equals (908)" classname="spec_perl_TestFixedStruct_t" time="0.000149965286254883" />
    <testcase name="Equals (909)" classname="spec_perl_TestFixedStruct_t" time="0.000123977661132812" />
    <testcase name="Equals (910)" classname="spec_perl_TestFixedStruct_t" time="0.000140190124511719" />
    <testcase name="Equals (911)" classname="spec_perl_TestFixedStruct_t" time="0.000114917755126953" />
    <testcase name="Equals (912)" classname="spec_perl_TestFixedStruct_t" time="0.000128030776977539" />
    <testcase name="Equals (913)" classname="spec_perl_TestFixedStruct_t" time="0.000119924545288086" />
    <testcase name="Equals (914)" classname="spec_perl_TestFixedStruct_t" time="0.000128984451293945" />
    <testcase name="Equals (915)" classname="spec_perl_TestFixedStruct_t" time="0.000121116638183594" />
    <testcase name="Equals (916)" classname="spec_perl_TestFixedStruct_t" time="0.000123023986816406" />
    <testcase name="Equals (917)" classname="spec_perl_TestFixedStruct_t" time="0.000131845474243164" />
    <testcase name="Equals (918)" classname="spec_perl_TestFixedStruct_t" time="0.00014495849609375" />
    <testcase name="Equals (919)" classname="spec_perl_TestFixedStruct_t" time="0.000115156173706055" />
    <testcase name="Equals (920)" classname="spec_perl_TestFixedStruct_t" time="0.000129938125610352" />
    <testcase name="Equals (921)" classname="spec_perl_TestFixedStruct_t" time="0.000128030776977539" />
    <testcase name="Equals (922)" classname="spec_perl_TestFixedStruct_t" time="0.000146865844726562" />
    <testcase name="Equals (923)" classname="spec_perl_TestFixedStruct_t" time="0.000117063522338867" />
    <testcase name="Equals (924)" classname="spec_perl_TestFixedStruct_t" time="0.000150918960571289" />
  </testsuite>
</testsuites>
