<?xml version='1.0' encoding='utf-8'?>
<testsuites>
  <testsuite name="spec_perl_TestEnumIntRangeU_t" errors="0" failures="0" skipped="0" tests="2" time="0.0734808444976807">
    <system-out>1..2
ok 1 - Equals
ok 2 - Equals
</system-out>
    <testcase name="Equals" classname="spec_perl_TestEnumIntRangeU_t" time="0.000335216522216797" />
    <testcase name="Equals (2)" classname="spec_perl_TestEnumIntRangeU_t" time="0.000120878219604492" />
  </testsuite>
  <testsuite name="spec_perl_TestEnum0_t" errors="0" failures="0" skipped="0" tests="2" time="0.0728940963745117">
    <system-out>1..2
ok 1 - Equals
ok 2 - Equals
</system-out>
    <testcase name="Equals (3)" classname="spec_perl_TestEnum0_t" time="0.000205039978027344" />
    <testcase name="Equals (4)" classname="spec_perl_TestEnum0_t" time="7.89165496826172e-05" />
  </testsuite>
  <testsuite name="spec_perl_TestEnumLongRangeU_t" errors="0" failures="0" skipped="0" tests="4" time="0.0733780860900879">
    <system-out>1..4
ok 1 - Equals
ok 2 - Equals
ok 3 - Equals
ok 4 - Equals
</system-out>
    <testcase name="Equals (5)" classname="spec_perl_TestEnumLongRangeU_t" time="0.000226020812988281" />
    <testcase name="Equals (6)" classname="spec_perl_TestEnumLongRangeU_t" time="7.70092010498047e-05" />
    <testcase name="Equals (7)" classname="spec_perl_TestEnumLongRangeU_t" time="8.48770141601562e-05" />
    <testcase name="Equals (8)" classname="spec_perl_TestEnumLongRangeU_t" time="5.7220458984375e-05" />
  </testsuite>
  <testsuite name="spec_perl_TestExprBytesCmp_t" errors="0" failures="0" skipped="0" tests="10" time="0.0729119777679443">
    <system-out>1..10
ok 1 - Equals
ok 2 - Equals
ok 3 - Equals
ok 4 - Equals
ok 5 - Equals
ok 6 - Equals
ok 7 - Equals
ok 8 - Equals
ok 9 - Equals
ok 10 - Equals
</system-out>
    <testcase name="Equals (9)" classname="spec_perl_TestExprBytesCmp_t" time="0.000227928161621094" />
    <testcase name="Equals (10)" classname="spec_perl_TestExprBytesCmp_t" time="0.000102043151855469" />
    <testcase name="Equals (11)" classname="spec_perl_TestExprBytesCmp_t" time="5.69820404052734e-05" />
    <testcase name="Equals (12)" classname="spec_perl_TestExprBytesCmp_t" time="6.91413879394531e-05" />
    <testcase name="Equals (13)" classname="spec_perl_TestExprBytesCmp_t" time="6.58035278320312e-05" />
    <testcase name="Equals (14)" classname="spec_perl_TestExprBytesCmp_t" time="0.000113010406494141" />
    <testcase name="Equals (15)" classname="spec_perl_TestExprBytesCmp_t" time="0.000107049942016602" />
    <testcase name="Equals (16)" classname="spec_perl_TestExprBytesCmp_t" time="0.000106096267700195" />
    <testcase name="Equals (17)" classname="spec_perl_TestExprBytesCmp_t" time="0.000112056732177734" />
    <testcase name="Equals (18)" classname="spec_perl_TestExprBytesCmp_t" time="0.000111818313598633" />
  </testsuite>
  <testsuite name="spec_perl_TestDocstrings_t" errors="0" failures="0" skipped="1" tests="1" time="0.0739490985870361">
    <system-out>1..1
ok 1 # skip Docstrings=HASH(0x559dc285e498)
</system-out>
    <testcase name="Unnamed test case 18" classname="spec_perl_TestDocstrings_t" time="0.00129890441894531">
      <skipped message="ok 1 # skip Docstrings=HASH(0x559dc285e498)" />
    </testcase>
  </testsuite>
  <testsuite name="spec_perl_TestNavParent_t" errors="0" failures="0" skipped="0" tests="5" time="0.0779731273651123">
    <system-out>1..5
ok 1 - Equals
ok 2 - Equals
ok 3 - Equals
ok 4 - Equals
ok 5 - Equals
</system-out>
    <testcase name="Equals (19)" classname="spec_perl_TestNavParent_t" time="0.000235080718994141" />
    <testcase name="Equals (20)" classname="spec_perl_TestNavParent_t" time="9.39369201660156e-05" />
    <testcase name="Equals (21)" classname="spec_perl_TestNavParent_t" time="0.000111103057861328" />
    <testcase name="Equals (22)" classname="spec_perl_TestNavParent_t" time="0.000151872634887695" />
    <testcase name="Equals (23)" classname="spec_perl_TestNavParent_t" time="0.0001220703125" />
  </testsuite>
  <testsuite name="spec_perl_TestImportsRel1_t" errors="0" failures="0" skipped="0" tests="3" time="0.0718450546264648">
    <system-out>1..3
ok 1 - Equals
ok 2 - Equals
ok 3 - Equals
</system-out>
    <testcase name="Equals (24)" classname="spec_perl_TestImportsRel1_t" time="0.000224828720092773" />
    <testcase name="Equals (25)" classname="spec_perl_TestImportsRel1_t" time="7.70092010498047e-05" />
    <testcase name="Equals (26)" classname="spec_perl_TestImportsRel1_t" time="8.60691070556641e-05" />
  </testsuite>
  <testsuite name="spec_perl_TestTsPacketHeader_t" errors="0" failures="0" skipped="0" tests="7" time="0.0723528861999512">
    <system-out>1..7
ok 1 - Equals
ok 2 - Equals
ok 3 - Equals
ok 4 - Equals
ok 5 - Equals
ok 6 - Equals
ok 7 - Equals
</system-out>
    <testcase name="Equals (27)" classname="spec_perl_TestTsPacketHeader_t" time="0.000236988067626953" />
    <testcase name="Equals (28)" classname="spec_perl_TestTsPacketHeader_t" time="7.79628753662109e-05" />
    <testcase name="Equals (29)" classname="spec_perl_TestTsPacketHeader_t" time="9.41753387451172e-05" />
    <testcase name="Equals (30)" classname="spec_perl_TestTsPacketHeader_t" time="6.58035278320312e-05" />
    <testcase name="Equals (31)" classname="spec_perl_TestTsPacketHeader_t" time="7.91549682617188e-05" />
    <testcase name="Equals (32)" classname="spec_perl_TestTsPacketHeader_t" time="7.20024108886719e-05" />
    <testcase name="Equals (33)" classname="spec_perl_TestTsPacketHeader_t" time="6.79492950439453e-05" />
  </testsuite>
  <testsuite name="spec_perl_TestPositionToEnd_t" errors="0" failures="0" skipped="0" tests="2" time="0.0723638534545898">
    <system-out>1..2
ok 1 - Equals
ok 2 - Equals
</system-out>
    <testcase name="Equals (34)" classname="spec_perl_TestPositionToEnd_t" time="0.000229120254516602" />
    <testcase name="Equals (35)" classname="spec_perl_TestPositionToEnd_t" time="7.79628753662109e-05" />
  </testsuite>
  <testsuite name="spec_perl_TestDocstringsDocref_t" errors="0" failures="0" skipped="1" tests="1" time="0.0720970630645752">
    <system-out>1..1
ok 1 # skip DocstringsDocref=HASH(0x558a1eb24c60)
</system-out>
    <testcase name="Unnamed test case 35" classname="spec_perl_TestDocstringsDocref_t" time="0.00138306617736816">
      <skipped message="ok 1 # skip DocstringsDocref=HASH(0x558a1eb24c60)" />
    </testcase>
  </testsuite>
  <testsuite name="spec_perl_TestIntegersDoubleOverflow_t" errors="0" failures="0" skipped="0" tests="8" time="0.073652982711792">
    <system-out>1..8
ok 1 - Equals
ok 2 - Equals
ok 3 - Equals
ok 4 - Equals
ok 5 - Equals
ok 6 - Equals
ok 7 - Equals
ok 8 - Equals
</system-out>
    <testcase name="Equals (36)" classname="spec_perl_TestIntegersDoubleOverflow_t" time="0.000167131423950195" />
    <testcase name="Equals (37)" classname="spec_perl_TestIntegersDoubleOverflow_t" time="6.58035278320312e-05" />
    <testcase name="Equals (38)" classname="spec_perl_TestIntegersDoubleOverflow_t" time="9.70363616943359e-05" />
    <testcase name="Equals (39)" classname="spec_perl_TestIntegersDoubleOverflow_t" time="0.000128030776977539" />
    <testcase name="Equals (40)" classname="spec_perl_TestIntegersDoubleOverflow_t" time="0.000123023986816406" />
    <testcase name="Equals (41)" classname="spec_perl_TestIntegersDoubleOverflow_t" time="0.000188112258911133" />
    <testcase name="Equals (42)" classname="spec_perl_TestIntegersDoubleOverflow_t" time="8.98838043212891e-05" />
    <testcase name="Equals (43)" classname="spec_perl_TestIntegersDoubleOverflow_t" time="0.000117063522338867" />
  </testsuite>
  <testsuite name="spec_perl_TestSwitchMultiBoolOps_t" errors="0" failures="0" skipped="0" tests="9" time="0.073624849319458">
    <system-out>1..9
ok 1 - Equals
ok 2 - Equals
ok 3 - Equals
ok 4 - Equals
ok 5 - Equals
ok 6 - Equals
ok 7 - Equals
ok 8 - Equals
ok 9 - Equals
</system-out>
    <testcase name="Equals (44)" classname="spec_perl_TestSwitchMultiBoolOps_t" time="0.000252008438110352" />
    <testcase name="Equals (45)" classname="spec_perl_TestSwitchMultiBoolOps_t" time="0.000105857849121094" />
    <testcase name="Equals (46)" classname="spec_perl_TestSwitchMultiBoolOps_t" time="7.51018524169922e-05" />
    <testcase name="Equals (47)" classname="spec_perl_TestSwitchMultiBoolOps_t" time="0.000124931335449219" />
    <testcase name="Equals (48)" classname="spec_perl_TestSwitchMultiBoolOps_t" time="7.79628753662109e-05" />
    <testcase name="Equals (49)" classname="spec_perl_TestSwitchMultiBoolOps_t" time="7.29560852050781e-05" />
    <testcase name="Equals (50)" classname="spec_perl_TestSwitchMultiBoolOps_t" time="0.000142097473144531" />
    <testcase name="Equals (51)" classname="spec_perl_TestSwitchMultiBoolOps_t" time="0.000118017196655273" />
    <testcase name="Equals (52)" classname="spec_perl_TestSwitchMultiBoolOps_t" time="0.000138044357299805" />
  </testsuite>
  <testsuite name="spec_perl_TestExprOpsParens_t" errors="0" failures="1" skipped="0" tests="9" time="0.0754539966583252">
    <system-out>1..9
ok 1 - Equals
ok 2 - Equals
ok 3 - Equals
ok 4 - Equals
ok 5 - Equals
ok 6 - Equals
not ok 7 - Equals
ok 8 - Equals
ok 9 - Equals
</system-out>
    <testcase name="Equals (53)" classname="spec_perl_TestExprOpsParens_t" time="0.000164985656738281" />
    <testcase name="Equals (54)" classname="spec_perl_TestExprOpsParens_t" time="6.00814819335938e-05" />
    <testcase name="Equals (55)" classname="spec_perl_TestExprOpsParens_t" time="0.000139951705932617" />
    <testcase name="Equals (56)" classname="spec_perl_TestExprOpsParens_t" time="0.000134944915771484" />
    <testcase name="Equals (57)" classname="spec_perl_TestExprOpsParens_t" time="0.000136137008666992" />
    <testcase name="Equals (58)" classname="spec_perl_TestExprOpsParens_t" time="0.000156879425048828" />
    <testcase name="Equals (59)" classname="spec_perl_TestExprOpsParens_t" time="0.000164985656738281">
      <failure message="not ok 7 - Equals" type="TAP::Parser::Result::Test"></failure>
    </testcase>
    <testcase name="Equals (60)" classname="spec_perl_TestExprOpsParens_t" time="0.0022730827331543" />
    <testcase name="Equals (61)" classname="spec_perl_TestExprOpsParens_t" time="6.29425048828125e-05" />
  </testsuite>
  <testsuite name="spec_perl_TestTypeTernary_t" errors="0" failures="0" skipped="0" tests="1" time="0.071660041809082">
    <system-out>1..1
ok 1 - Equals
</system-out>
    <testcase name="Equals (62)" classname="spec_perl_TestTypeTernary_t" time="0.000416994094848633" />
  </testsuite>
  <testsuite name="spec_perl_TestEnumDeepLiterals_t" errors="0" failures="0" skipped="0" tests="2" time="0.0731310844421387">
    <system-out>1..2
ok 1 - Equals
ok 2 - Equals
</system-out>
    <testcase name="Equals (63)" classname="spec_perl_TestEnumDeepLiterals_t" time="0.000222921371459961" />
    <testcase name="Equals (64)" classname="spec_perl_TestEnumDeepLiterals_t" time="9.01222229003906e-05" />
  </testsuite>
  <testsuite name="spec_perl_TestCastNested_t" errors="0" failures="0" skipped="0" tests="4" time="0.078434944152832">
    <system-out>1..4
ok 1 - Equals
ok 2 - Equals
ok 3 - Equals
ok 4 - Equals
</system-out>
    <testcase name="Equals (65)" classname="spec_perl_TestCastNested_t" time="0.000235080718994141" />
    <testcase name="Equals (66)" classname="spec_perl_TestCastNested_t" time="9.58442687988281e-05" />
    <testcase name="Equals (67)" classname="spec_perl_TestCastNested_t" time="0.000138998031616211" />
    <testcase name="Equals (68)" classname="spec_perl_TestCastNested_t" time="0.000142097473144531" />
  </testsuite>
  <testsuite name="spec_perl_TestIoLocalVar_t" errors="0" failures="0" skipped="0" tests="2" time="0.0734729766845703">
    <system-out>1..2
ok 1 - Equals
ok 2 - Equals
</system-out>
    <testcase name="Equals (69)" classname="spec_perl_TestIoLocalVar_t" time="0.000465869903564453" />
    <testcase name="Equals (70)" classname="spec_perl_TestIoLocalVar_t" time="8.10623168945312e-05" />
  </testsuite>
  <testsuite name="spec_perl_TestExprIoPos_t" errors="0" failures="0" skipped="0" tests="6" time="0.078571081161499">
    <system-out>1..6
ok 1 - Equals
ok 2 - Equals
ok 3 - Equals
ok 4 - Equals
ok 5 - Equals
ok 6 - Equals
</system-out>
    <testcase name="Equals (71)" classname="spec_perl_TestExprIoPos_t" time="0.000602960586547852" />
    <testcase name="Equals (72)" classname="spec_perl_TestExprIoPos_t" time="0.000104904174804688" />
    <testcase name="Equals (73)" classname="spec_perl_TestExprIoPos_t" time="7.79628753662109e-05" />
    <testcase name="Equals (74)" classname="spec_perl_TestExprIoPos_t" time="9.29832458496094e-05" />
    <testcase name="Equals (75)" classname="spec_perl_TestExprIoPos_t" time="0.000133991241455078" />
    <testcase name="Equals (76)" classname="spec_perl_TestExprIoPos_t" time="0.000133991241455078" />
  </testsuite>
  <testsuite name="spec_perl_TestDebugEnumName_t" errors="1" failures="0" skipped="0" tests="0" time="0.0692119598388672">
    <system-out></system-out>
    <testcase name="Test died too soon, even before plan. (76)" classname="spec_perl_TestDebugEnumName_t" time="0.0692119598388672">
      <failure message="The test suite died before a plan was produced. You need to have a plan." type="Plan">No plan</failure>
    </testcase>
  </testsuite>
  <testsuite name="spec_perl_TestSwitchManualIntElse_t" errors="0" failures="0" skipped="0" tests="9" time="0.0789098739624023">
    <system-out>1..9
ok 1 - Equals
ok 2 - Equals
ok 3 - Equals
ok 4 - Equals
ok 5 - Equals
ok 6 - Equals
ok 7 - Equals
ok 8 - Equals
ok 9 - Equals
</system-out>
    <testcase name="Equals (77)" classname="spec_perl_TestSwitchManualIntElse_t" time="0.000277042388916016" />
    <testcase name="Equals (78)" classname="spec_perl_TestSwitchManualIntElse_t" time="7.51018524169922e-05" />
    <testcase name="Equals (79)" classname="spec_perl_TestSwitchManualIntElse_t" time="0.000153064727783203" />
    <testcase name="Equals (80)" classname="spec_perl_TestSwitchManualIntElse_t" time="0.000113964080810547" />
    <testcase name="Equals (81)" classname="spec_perl_TestSwitchManualIntElse_t" time="0.000128030776977539" />
    <testcase name="Equals (82)" classname="spec_perl_TestSwitchManualIntElse_t" time="0.000126838684082031" />
    <testcase name="Equals (83)" classname="spec_perl_TestSwitchManualIntElse_t" time="0.000126123428344727" />
    <testcase name="Equals (84)" classname="spec_perl_TestSwitchManualIntElse_t" time="0.000133037567138672" />
    <testcase name="Equals (85)" classname="spec_perl_TestSwitchManualIntElse_t" time="0.00013279914855957" />
  </testsuite>
  <testsuite name="spec_perl_TestDefaultEndianMod_t" errors="0" failures="0" skipped="0" tests="3" time="0.0736031532287598">
    <system-out>1..3
ok 1 - Equals
ok 2 - Equals
ok 3 - Equals
</system-out>
    <testcase name="Equals (86)" classname="spec_perl_TestDefaultEndianMod_t" time="0.00023198127746582" />
    <testcase name="Equals (87)" classname="spec_perl_TestDefaultEndianMod_t" time="9.918212890625e-05" />
    <testcase name="Equals (88)" classname="spec_perl_TestDefaultEndianMod_t" time="8.08238983154297e-05" />
  </testsuite>
  <testsuite name="spec_perl_TestSwitchManualIntSize_t" errors="0" failures="0" skipped="0" tests="10" time="0.0791890621185303">
    <system-out>1..10
ok 1 - Equals
ok 2 - Equals
ok 3 - Equals
ok 4 - Equals
ok 5 - Equals
ok 6 - Equals
ok 7 - Equals
ok 8 - Equals
ok 9 - Equals
ok 10 - Equals
</system-out>
    <testcase name="Equals (89)" classname="spec_perl_TestSwitchManualIntSize_t" time="0.000730991363525391" />
    <testcase name="Equals (90)" classname="spec_perl_TestSwitchManualIntSize_t" time="9.70363616943359e-05" />
    <testcase name="Equals (91)" classname="spec_perl_TestSwitchManualIntSize_t" time="0.000143051147460938" />
    <testcase name="Equals (92)" classname="spec_perl_TestSwitchManualIntSize_t" time="0.000138998031616211" />
    <testcase name="Equals (93)" classname="spec_perl_TestSwitchManualIntSize_t" time="0.000137090682983398" />
    <testcase name="Equals (94)" classname="spec_perl_TestSwitchManualIntSize_t" time="0.000136852264404297" />
    <testcase name="Equals (95)" classname="spec_perl_TestSwitchManualIntSize_t" time="0.000141143798828125" />
    <testcase name="Equals (96)" classname="spec_perl_TestSwitchManualIntSize_t" time="0.000139951705932617" />
    <testcase name="Equals (97)" classname="spec_perl_TestSwitchManualIntSize_t" time="0.000114917755126953" />
    <testcase name="Equals (98)" classname="spec_perl_TestSwitchManualIntSize_t" time="0.000129938125610352" />
  </testsuite>
  <testsuite name="spec_perl_TestEnumImport_t" errors="0" failures="2" skipped="0" tests="2" time="0.0746810436248779">
    <system-out>1..2
not ok 1 - Equals
not ok 2 - Equals
</system-out>
    <testcase name="Equals (99)" classname="spec_perl_TestEnumImport_t" time="0.000154018402099609">
      <failure message="not ok 1 - Equals" type="TAP::Parser::Result::Test"></failure>
    </testcase>
    <testcase name="Equals (100)" classname="spec_perl_TestEnumImport_t" time="4.72068786621094e-05">
      <failure message="not ok 2 - Equals" type="TAP::Parser::Result::Test"></failure>
    </testcase>
  </testsuite>
  <testsuite name="spec_perl_TestImportsAbsAbs_t" errors="0" failures="0" skipped="0" tests="3" time="0.0730350017547607">
    <system-out>1..3
ok 1 - Equals
ok 2 - Equals
ok 3 - Equals
</system-out>
    <testcase name="Equals (101)" classname="spec_perl_TestImportsAbsAbs_t" time="0.000230073928833008" />
    <testcase name="Equals (102)" classname="spec_perl_TestImportsAbsAbs_t" time="7.89165496826172e-05" />
    <testcase name="Equals (103)" classname="spec_perl_TestImportsAbsAbs_t" time="8.392333984375e-05" />
  </testsuite>
  <testsuite name="spec_perl_TestBufferedStruct_t" errors="0" failures="0" skipped="0" tests="7" time="0.0727980136871338">
    <system-out>1..7
ok 1 - Equals
ok 2 - Equals
ok 3 - Equals
ok 4 - Equals
ok 5 - Equals
ok 6 - Equals
ok 7 - Equals
</system-out>
    <testcase name="Equals (104)" classname="spec_perl_TestBufferedStruct_t" time="0.0012059211730957" />
    <testcase name="Equals (105)" classname="spec_perl_TestBufferedStruct_t" time="0.000143051147460938" />
    <testcase name="Equals (106)" classname="spec_perl_TestBufferedStruct_t" time="6.69956207275391e-05" />
    <testcase name="Equals (107)" classname="spec_perl_TestBufferedStruct_t" time="5.79357147216797e-05" />
    <testcase name="Equals (108)" classname="spec_perl_TestBufferedStruct_t" time="5.60283660888672e-05" />
    <testcase name="Equals (109)" classname="spec_perl_TestBufferedStruct_t" time="5.69820404052734e-05" />
    <testcase name="Equals (110)" classname="spec_perl_TestBufferedStruct_t" time="5.29289245605469e-05" />
  </testsuite>
  <testsuite name="spec_perl_TestPositionAbs_t" errors="0" failures="0" skipped="0" tests="2" time="0.0778460502624512">
    <system-out>1..2
ok 1 - Equals
ok 2 - Equals
</system-out>
    <testcase name="Equals (111)" classname="spec_perl_TestPositionAbs_t" time="0.000235080718994141" />
    <testcase name="Equals (112)" classname="spec_perl_TestPositionAbs_t" time="0.000101804733276367" />
  </testsuite>
  <testsuite name="spec_perl_TestNavParentOverride_t" errors="0" failures="0" skipped="0" tests="3" time="0.0727169513702393">
    <system-out>1..3
ok 1 - Equals
ok 2 - Equals
ok 3 - Equals
</system-out>
    <testcase name="Equals (113)" classname="spec_perl_TestNavParentOverride_t" time="0.000220060348510742" />
    <testcase name="Equals (114)" classname="spec_perl_TestNavParentOverride_t" time="0.000117063522338867" />
    <testcase name="Equals (115)" classname="spec_perl_TestNavParentOverride_t" time="0.000144004821777344" />
  </testsuite>
  <testsuite name="spec_perl_TestEnumDeep_t" errors="0" failures="0" skipped="0" tests="2" time="0.0729329586029053">
    <system-out>1..2
ok 1 - Equals
ok 2 - Equals
</system-out>
    <testcase name="Equals (116)" classname="spec_perl_TestEnumDeep_t" time="0.000171899795532227" />
    <testcase name="Equals (117)" classname="spec_perl_TestEnumDeep_t" time="6.60419464111328e-05" />
  </testsuite>
  <testsuite name="spec_perl_TestExprEnum_t" errors="0" failures="0" skipped="0" tests="3" time="0.0723700523376465">
    <system-out>1..3
ok 1 - Equals
ok 2 - Equals
ok 3 - Equals
</system-out>
    <testcase name="Equals (118)" classname="spec_perl_TestExprEnum_t" time="0.000240087509155273" />
    <testcase name="Equals (119)" classname="spec_perl_TestExprEnum_t" time="9.20295715332031e-05" />
    <testcase name="Equals (120)" classname="spec_perl_TestExprEnum_t" time="6.50882720947266e-05" />
  </testsuite>
  <testsuite name="spec_perl_TestParamsCallShort_t" errors="0" failures="3" skipped="0" tests="3" time="0.0827679634094238">
    <system-out>1..3
not ok 1 - Equals
not ok 2 - Equals
not ok 3 - Equals
</system-out>
    <testcase name="Equals (121)" classname="spec_perl_TestParamsCallShort_t" time="0.000256061553955078">
      <failure message="not ok 1 - Equals" type="TAP::Parser::Result::Test"></failure>
    </testcase>
    <testcase name="Equals (122)" classname="spec_perl_TestParamsCallShort_t" time="0.00361108779907227">
      <failure message="not ok 2 - Equals" type="TAP::Parser::Result::Test"></failure>
    </testcase>
    <testcase name="Equals (123)" classname="spec_perl_TestParamsCallShort_t" time="6.29425048828125e-05">
      <failure message="not ok 3 - Equals" type="TAP::Parser::Result::Test"></failure>
    </testcase>
  </testsuite>
  <testsuite name="spec_perl_TestDefaultBigEndian_t" errors="0" failures="0" skipped="0" tests="1" time="0.0726289749145508">
    <system-out>1..1
ok 1 - Equals
</system-out>
    <testcase name="Equals (124)" classname="spec_perl_TestDefaultBigEndian_t" time="0.000211954116821289" />
  </testsuite>
  <testsuite name="spec_perl_TestIfValues_t" errors="0" failures="0" skipped="0" tests="6" time="0.0725619792938232">
    <system-out>1..6
ok 1 - Equals
ok 2 - Equals
ok 3 - Equals
ok 4 - nil
ok 5 - Equals
ok 6 - nil
</system-out>
    <testcase name="Equals (125)" classname="spec_perl_TestIfValues_t" time="0.000206947326660156" />
    <testcase name="Equals (126)" classname="spec_perl_TestIfValues_t" time="0.000111103057861328" />
    <testcase name="Equals (127)" classname="spec_perl_TestIfValues_t" time="0.000158071517944336" />
    <testcase name="nil (127)" classname="spec_perl_TestIfValues_t" time="4.38690185546875e-05" />
    <testcase name="Equals (128)" classname="spec_perl_TestIfValues_t" time="0.000137090682983398" />
    <testcase name="nil (128)" classname="spec_perl_TestIfValues_t" time="4.38690185546875e-05" />
  </testsuite>
  <testsuite name="spec_perl_TestParamsPassArrayStr_t" errors="0" failures="1" skipped="6" tests="7" time="0.0800399780273438">
    <system-out>1..7
not ok 1 - test_params_pass_array_str died (Can't use an undefined value as an ARRAY reference at spec/perl/TestParamsPassArrayStr.t line 14.)
ok 2 # skip test_params_pass_array_str died
ok 3 # skip test_params_pass_array_str died
ok 4 # skip test_params_pass_array_str died
ok 5 # skip test_params_pass_array_str died
ok 6 # skip test_params_pass_array_str died
ok 7 # skip test_params_pass_array_str died
</system-out>
    <testcase name="test_params_pass_array_str died (Can't use an undefined value as an ARRAY reference at spec/perl/TestParamsPassArrayStr.t line 14.) (128)" classname="spec_perl_TestParamsPassArrayStr_t" time="0.000226020812988281">
      <failure message="not ok 1 - test_params_pass_array_str died (Can't use an undefined value as an ARRAY reference at spec/perl/TestParamsPassArrayStr.t line 14.)" type="TAP::Parser::Result::Test"></failure>
    </testcase>
    <testcase name="Unnamed test case 128" classname="spec_perl_TestParamsPassArrayStr_t" time="0.00133681297302246">
      <skipped message="ok 2 # skip test_params_pass_array_str died" />
    </testcase>
    <testcase name="Unnamed test case 129" classname="spec_perl_TestParamsPassArrayStr_t" time="0.000101089477539062">
      <skipped message="ok 3 # skip test_params_pass_array_str died" />
    </testcase>
    <testcase name="Unnamed test case 130" classname="spec_perl_TestParamsPassArrayStr_t" time="5.91278076171875e-05">
      <skipped message="ok 4 # skip test_params_pass_array_str died" />
    </testcase>
    <testcase name="Unnamed test case 131" classname="spec_perl_TestParamsPassArrayStr_t" time="0.000119924545288086">
      <skipped message="ok 5 # skip test_params_pass_array_str died" />
    </testcase>
    <testcase name="Unnamed test case 132" classname="spec_perl_TestParamsPassArrayStr_t" time="6.38961791992188e-05">
      <skipped message="ok 6 # skip test_params_pass_array_str died" />
    </testcase>
    <testcase name="Unnamed test case 133" classname="spec_perl_TestParamsPassArrayStr_t" time="5.31673431396484e-05">
      <skipped message="ok 7 # skip test_params_pass_array_str died" />
    </testcase>
  </testsuite>
  <testsuite name="spec_perl_TestProcessToUser_t" errors="0" failures="0" skipped="0" tests="1" time="0.0782690048217773">
    <system-out>1..1
ok 1 - Equals
</system-out>
    <testcase name="Equals (133)" classname="spec_perl_TestProcessToUser_t" time="0.000594854354858398" />
  </testsuite>
  <testsuite name="spec_perl_TestPositionInSeq_t" errors="0" failures="0" skipped="0" tests="1" time="0.071876049041748">
    <system-out>1..1
ok 1 - Equals
</system-out>
    <testcase name="Equals (134)" classname="spec_perl_TestPositionInSeq_t" time="0.000175952911376953" />
  </testsuite>
  <testsuite name="spec_perl_TestEnumInvalid_t" errors="0" failures="0" skipped="0" tests="2" time="0.072484016418457">
    <system-out>1..2
ok 1 - Equals
ok 2 - Equals
</system-out>
    <testcase name="Equals (135)" classname="spec_perl_TestEnumInvalid_t" time="0.000216007232666016" />
    <testcase name="Equals (136)" classname="spec_perl_TestEnumInvalid_t" time="9.08374786376953e-05" />
  </testsuite>
  <testsuite name="spec_perl_TestParamsEnum_t" errors="0" failures="1" skipped="0" tests="2" time="0.0732669830322266">
    <system-out>1..2
ok 1 - Equals
not ok 2 - Equals
</system-out>
    <testcase name="Equals (137)" classname="spec_perl_TestParamsEnum_t" time="0.000256061553955078" />
    <testcase name="Equals (138)" classname="spec_perl_TestParamsEnum_t" time="0.000133037567138672">
      <failure message="not ok 2 - Equals" type="TAP::Parser::Result::Test"></failure>
    </testcase>
  </testsuite>
  <testsuite name="spec_perl_TestExprArray_t" errors="0" failures="0" skipped="0" tests="15" time="0.0793049335479736">
    <system-out>1..15
ok 1 - Equals
ok 2 - Equals
ok 3 - Equals
ok 4 - Equals
ok 5 - Equals
ok 6 - Equals
ok 7 - Approx equals
ok 8 - Approx equals
ok 9 - Approx equals
ok 10 - Approx equals
ok 11 - Equals
ok 12 - Equals
ok 13 - Equals
ok 14 - Equals
ok 15 - Equals
</system-out>
    <testcase name="Equals (139)" classname="spec_perl_TestExprArray_t" time="0.000232934951782227" />
    <testcase name="Equals (140)" classname="spec_perl_TestExprArray_t" time="0.000102043151855469" />
    <testcase name="Equals (141)" classname="spec_perl_TestExprArray_t" time="6.19888305664062e-05" />
    <testcase name="Equals (142)" classname="spec_perl_TestExprArray_t" time="7.70092010498047e-05" />
    <testcase name="Equals (143)" classname="spec_perl_TestExprArray_t" time="0.00014495849609375" />
    <testcase name="Equals (144)" classname="spec_perl_TestExprArray_t" time="0.00012516975402832" />
    <testcase name="Approx equals (144)" classname="spec_perl_TestExprArray_t" time="7.79628753662109e-05" />
    <testcase name="Approx equals (145)" classname="spec_perl_TestExprArray_t" time="7.10487365722656e-05" />
    <testcase name="Approx equals (146)" classname="spec_perl_TestExprArray_t" time="5.98430633544922e-05" />
    <testcase name="Approx equals (147)" classname="spec_perl_TestExprArray_t" time="7.70092010498047e-05" />
    <testcase name="Equals (147)" classname="spec_perl_TestExprArray_t" time="7.00950622558594e-05" />
    <testcase name="Equals (148)" classname="spec_perl_TestExprArray_t" time="0.000140905380249023" />
    <testcase name="Equals (149)" classname="spec_perl_TestExprArray_t" time="0.000130176544189453" />
    <testcase name="Equals (150)" classname="spec_perl_TestExprArray_t" time="0.000127792358398438" />
    <testcase name="Equals (151)" classname="spec_perl_TestExprArray_t" time="0.000138044357299805" />
  </testsuite>
  <testsuite name="spec_perl_TestRepeatNStruct_t" errors="0" failures="0" skipped="0" tests="5" time="0.07305908203125">
    <system-out>1..5
ok 1 - Equals
ok 2 - Equals
ok 3 - Equals
ok 4 - Equals
ok 5 - Equals
</system-out>
    <testcase name="Equals (152)" classname="spec_perl_TestRepeatNStruct_t" time="0.00020599365234375" />
    <testcase name="Equals (153)" classname="spec_perl_TestRepeatNStruct_t" time="8.51154327392578e-05" />
    <testcase name="Equals (154)" classname="spec_perl_TestRepeatNStruct_t" time="7.48634338378906e-05" />
    <testcase name="Equals (155)" classname="spec_perl_TestRepeatNStruct_t" time="9.70363616943359e-05" />
    <testcase name="Equals (156)" classname="spec_perl_TestRepeatNStruct_t" time="0.000124931335449219" />
  </testsuite>
  <testsuite name="spec_perl_TestOpaqueExternalType_t" errors="0" failures="0" skipped="0" tests="3" time="0.0784168243408203">
    <system-out>1..3
ok 1 - Equals
ok 2 - Equals
ok 3 - Equals
</system-out>
    <testcase name="Equals (157)" classname="spec_perl_TestOpaqueExternalType_t" time="0.000234842300415039" />
    <testcase name="Equals (158)" classname="spec_perl_TestOpaqueExternalType_t" time="0.000103950500488281" />
    <testcase name="Equals (159)" classname="spec_perl_TestOpaqueExternalType_t" time="7.70092010498047e-05" />
  </testsuite>
  <testsuite name="spec_perl_TestParamsPassArrayInt_t" errors="0" failures="1" skipped="6" tests="7" time="0.0741159915924072">
    <system-out>1..7
not ok 1 - test_params_pass_array_int died (Can't use an undefined value as an ARRAY reference at spec/perl/TestParamsPassArrayInt.t line 14.)
ok 2 # skip test_params_pass_array_int died
ok 3 # skip test_params_pass_array_int died
ok 4 # skip test_params_pass_array_int died
ok 5 # skip test_params_pass_array_int died
ok 6 # skip test_params_pass_array_int died
ok 7 # skip test_params_pass_array_int died
</system-out>
    <testcase name="test_params_pass_array_int died (Can't use an undefined value as an ARRAY reference at spec/perl/TestParamsPassArrayInt.t line 14.) (159)" classname="spec_perl_TestParamsPassArrayInt_t" time="0.000196933746337891">
      <failure message="not ok 1 - test_params_pass_array_int died (Can't use an undefined value as an ARRAY reference at spec/perl/TestParamsPassArrayInt.t line 14.)" type="TAP::Parser::Result::Test"></failure>
    </testcase>
    <testcase name="Unnamed test case 159" classname="spec_perl_TestParamsPassArrayInt_t" time="0.000111103057861328">
      <skipped message="ok 2 # skip test_params_pass_array_int died" />
    </testcase>
    <testcase name="Unnamed test case 160" classname="spec_perl_TestParamsPassArrayInt_t" time="4.57763671875e-05">
      <skipped message="ok 3 # skip test_params_pass_array_int died" />
    </testcase>
    <testcase name="Unnamed test case 161" classname="spec_perl_TestParamsPassArrayInt_t" time="3.814697265625e-05">
      <skipped message="ok 4 # skip test_params_pass_array_int died" />
    </testcase>
    <testcase name="Unnamed test case 162" classname="spec_perl_TestParamsPassArrayInt_t" time="4.88758087158203e-05">
      <skipped message="ok 5 # skip test_params_pass_array_int died" />
    </testcase>
    <testcase name="Unnamed test case 163" classname="spec_perl_TestParamsPassArrayInt_t" time="3.60012054443359e-05">
      <skipped message="ok 6 # skip test_params_pass_array_int died" />
    </testcase>
    <testcase name="Unnamed test case 164" classname="spec_perl_TestParamsPassArrayInt_t" time="5.41210174560547e-05">
      <skipped message="ok 7 # skip test_params_pass_array_int died" />
    </testcase>
  </testsuite>
  <testsuite name="spec_perl_TestParamsPassArrayUsertype_t" errors="0" failures="1" skipped="4" tests="5" time="0.0747280120849609">
    <system-out>1..5
not ok 1 - test_params_pass_array_usertype died (Can't use an undefined value as an ARRAY reference at compiled/perl/ParamsPassArrayUsertype.pm line 123.)
ok 2 # skip test_params_pass_array_usertype died
ok 3 # skip test_params_pass_array_usertype died
ok 4 # skip test_params_pass_array_usertype died
ok 5 # skip test_params_pass_array_usertype died
</system-out>
    <testcase name="test_params_pass_array_usertype died (Can't use an undefined value as an ARRAY reference at compiled/perl/ParamsPassArrayUsertype.pm line 123.) (164)" classname="spec_perl_TestParamsPassArrayUsertype_t" time="0.000185966491699219">
      <failure message="not ok 1 - test_params_pass_array_usertype died (Can't use an undefined value as an ARRAY reference at compiled/perl/ParamsPassArrayUsertype.pm line 123.)" type="TAP::Parser::Result::Test"></failure>
    </testcase>
    <testcase name="Unnamed test case 165" classname="spec_perl_TestParamsPassArrayUsertype_t" time="0.000948190689086914">
      <skipped message="ok 2 # skip test_params_pass_array_usertype died" />
    </testcase>
    <testcase name="Unnamed test case 166" classname="spec_perl_TestParamsPassArrayUsertype_t" time="6.98566436767578e-05">
      <skipped message="ok 3 # skip test_params_pass_array_usertype died" />
    </testcase>
    <testcase name="Unnamed test case 167" classname="spec_perl_TestParamsPassArrayUsertype_t" time="4.1961669921875e-05">
      <skipped message="ok 4 # skip test_params_pass_array_usertype died" />
    </testcase>
    <testcase name="Unnamed test case 168" classname="spec_perl_TestParamsPassArrayUsertype_t" time="0.000718116760253906">
      <skipped message="ok 5 # skip test_params_pass_array_usertype died" />
    </testcase>
  </testsuite>
  <testsuite name="spec_perl_TestMetaXref_t" errors="0" failures="0" skipped="1" tests="1" time="0.0732879638671875">
    <system-out>1..1
ok 1 # skip MetaXref=HASH(0x55ef95344228)
</system-out>
    <testcase name="Unnamed test case 169" classname="spec_perl_TestMetaXref_t" time="0.00121498107910156">
      <skipped message="ok 1 # skip MetaXref=HASH(0x55ef95344228)" />
    </testcase>
  </testsuite>
  <testsuite name="spec_perl_TestStrEncodings_t" errors="0" failures="0" skipped="0" tests="4" time="0.0825848579406738">
    <system-out>1..4
ok 1 - Equals
ok 2 - Equals
ok 3 - Equals
ok 4 - Equals
</system-out>
    <testcase name="Equals (169)" classname="spec_perl_TestStrEncodings_t" time="0.00433087348937988" />
    <testcase name="Equals (170)" classname="spec_perl_TestStrEncodings_t" time="0.000144004821777344" />
    <testcase name="Equals (171)" classname="spec_perl_TestStrEncodings_t" time="6.91413879394531e-05" />
    <testcase name="Equals (172)" classname="spec_perl_TestStrEncodings_t" time="8.20159912109375e-05" />
  </testsuite>
  <testsuite name="spec_perl_TestTermU1Val_t" errors="0" failures="0" skipped="0" tests="2" time="0.0771610736846924">
    <system-out>1..2
ok 1 - Equals
ok 2 - Equals
</system-out>
    <testcase name="Equals (173)" classname="spec_perl_TestTermU1Val_t" time="0.000235080718994141" />
    <testcase name="Equals (174)" classname="spec_perl_TestTermU1Val_t" time="8.48770141601562e-05" />
  </testsuite>
  <testsuite name="spec_perl_TestYamlInts_t" errors="0" failures="0" skipped="0" tests="4" time="0.0729629993438721">
    <system-out>1..4
ok 1 - Equals
ok 2 - Equals
ok 3 - Equals
ok 4 - Equals
</system-out>
    <testcase name="Equals (175)" classname="spec_perl_TestYamlInts_t" time="0.000231027603149414" />
    <testcase name="Equals (176)" classname="spec_perl_TestYamlInts_t" time="7.60555267333984e-05" />
    <testcase name="Equals (177)" classname="spec_perl_TestYamlInts_t" time="8.29696655273438e-05" />
    <testcase name="Equals (178)" classname="spec_perl_TestYamlInts_t" time="7.60555267333984e-05" />
  </testsuite>
  <testsuite name="spec_perl_TestNavParentFalse_t" errors="0" failures="0" skipped="0" tests="5" time="0.0729160308837891">
    <system-out>1..5
ok 1 - Equals
ok 2 - Equals
ok 3 - Equals
ok 4 - Equals
ok 5 - Equals
</system-out>
    <testcase name="Equals (179)" classname="spec_perl_TestNavParentFalse_t" time="0.000210046768188477" />
    <testcase name="Equals (180)" classname="spec_perl_TestNavParentFalse_t" time="9.98973846435547e-05" />
    <testcase name="Equals (181)" classname="spec_perl_TestNavParentFalse_t" time="0.000137090682983398" />
    <testcase name="Equals (182)" classname="spec_perl_TestNavParentFalse_t" time="0.00014495849609375" />
    <testcase name="Equals (183)" classname="spec_perl_TestNavParentFalse_t" time="0.000142097473144531" />
  </testsuite>
  <testsuite name="spec_perl_TestProcessCustomNoArgs_t" errors="1" failures="0" skipped="0" tests="0" time="0.0703558921813965">
    <system-out></system-out>
    <testcase name="Test died too soon, even before plan. (183)" classname="spec_perl_TestProcessCustomNoArgs_t" time="0.0703558921813965">
      <failure message="The test suite died before a plan was produced. You need to have a plan." type="Plan">No plan</failure>
    </testcase>
  </testsuite>
  <testsuite name="spec_perl_TestExprMod_t" errors="0" failures="0" skipped="0" tests="6" time="0.0728580951690674">
    <system-out>1..6
ok 1 - Equals
ok 2 - Equals
ok 3 - Equals
ok 4 - Equals
ok 5 - Equals
ok 6 - Equals
</system-out>
    <testcase name="Equals (184)" classname="spec_perl_TestExprMod_t" time="0.000216960906982422" />
    <testcase name="Equals (185)" classname="spec_perl_TestExprMod_t" time="8.79764556884766e-05" />
    <testcase name="Equals (186)" classname="spec_perl_TestExprMod_t" time="5.91278076171875e-05" />
    <testcase name="Equals (187)" classname="spec_perl_TestExprMod_t" time="7.39097595214844e-05" />
    <testcase name="Equals (188)" classname="spec_perl_TestExprMod_t" time="0.000119924545288086" />
    <testcase name="Equals (189)" classname="spec_perl_TestExprMod_t" time="0.000128030776977539" />
  </testsuite>
  <testsuite name="spec_perl_TestNestedTypes3_t" errors="0" failures="0" skipped="0" tests="5" time="0.0740251541137695">
    <system-out>1..5
ok 1 - Equals
ok 2 - Equals
ok 3 - Equals
ok 4 - Equals
ok 5 - Equals
</system-out>
    <testcase name="Equals (190)" classname="spec_perl_TestNestedTypes3_t" time="0.000240087509155273" />
    <testcase name="Equals (191)" classname="spec_perl_TestNestedTypes3_t" time="0.000103950500488281" />
    <testcase name="Equals (192)" classname="spec_perl_TestNestedTypes3_t" time="6.19888305664062e-05" />
    <testcase name="Equals (193)" classname="spec_perl_TestNestedTypes3_t" time="7.51018524169922e-05" />
    <testcase name="Equals (194)" classname="spec_perl_TestNestedTypes3_t" time="0.000101804733276367" />
  </testsuite>
  <testsuite name="spec_perl_TestDefaultEndianExprIsLe_t" errors="0" failures="0" skipped="0" tests="12" time="0.0769388675689697">
    <system-out>1..12
ok 1 - Equals
ok 2 - Equals
ok 3 - Equals
ok 4 - Equals
ok 5 - Equals
ok 6 - Equals
ok 7 - Equals
ok 8 - Equals
ok 9 - Equals
ok 10 - Equals
ok 11 - Equals
ok 12 - Equals
</system-out>
    <testcase name="Equals (195)" classname="spec_perl_TestDefaultEndianExprIsLe_t" time="0.000228166580200195" />
    <testcase name="Equals (196)" classname="spec_perl_TestDefaultEndianExprIsLe_t" time="0.000113010406494141" />
    <testcase name="Equals (197)" classname="spec_perl_TestDefaultEndianExprIsLe_t" time="8.48770141601562e-05" />
    <testcase name="Equals (198)" classname="spec_perl_TestDefaultEndianExprIsLe_t" time="7.91549682617188e-05" />
    <testcase name="Equals (199)" classname="spec_perl_TestDefaultEndianExprIsLe_t" time="9.98973846435547e-05" />
    <testcase name="Equals (200)" classname="spec_perl_TestDefaultEndianExprIsLe_t" time="0.000133991241455078" />
    <testcase name="Equals (201)" classname="spec_perl_TestDefaultEndianExprIsLe_t" time="0.0001220703125" />
    <testcase name="Equals (202)" classname="spec_perl_TestDefaultEndianExprIsLe_t" time="0.000128030776977539" />
    <testcase name="Equals (203)" classname="spec_perl_TestDefaultEndianExprIsLe_t" time="0.000123977661132812" />
    <testcase name="Equals (204)" classname="spec_perl_TestDefaultEndianExprIsLe_t" time="0.000123977661132812" />
    <testcase name="Equals (205)" classname="spec_perl_TestDefaultEndianExprIsLe_t" time="0.000131845474243164" />
    <testcase name="Equals (206)" classname="spec_perl_TestDefaultEndianExprIsLe_t" time="0.000116109848022461" />
  </testsuite>
  <testsuite name="spec_perl_TestSwitchIntegers2_t" errors="0" failures="0" skipped="0" tests="5" time="0.0728380680084229">
    <system-out>1..5
ok 1 - Equals
ok 2 - Equals
ok 3 - Equals
ok 4 - Equals
ok 5 - Equals
</system-out>
    <testcase name="Equals (207)" classname="spec_perl_TestSwitchIntegers2_t" time="0.00020289421081543" />
    <testcase name="Equals (208)" classname="spec_perl_TestSwitchIntegers2_t" time="8.60691070556641e-05" />
    <testcase name="Equals (209)" classname="spec_perl_TestSwitchIntegers2_t" time="5.19752502441406e-05" />
    <testcase name="Equals (210)" classname="spec_perl_TestSwitchIntegers2_t" time="9.29832458496094e-05" />
    <testcase name="Equals (211)" classname="spec_perl_TestSwitchIntegers2_t" time="0.000130176544189453" />
  </testsuite>
  <testsuite name="spec_perl_TestSwitchCast_t" errors="0" failures="0" skipped="0" tests="2" time="0.0778250694274902">
    <system-out>1..2
ok 1 - Equals
ok 2 - Equals
</system-out>
    <testcase name="Equals (212)" classname="spec_perl_TestSwitchCast_t" time="0.000276088714599609" />
    <testcase name="Equals (213)" classname="spec_perl_TestSwitchCast_t" time="0.000104904174804688" />
  </testsuite>
  <testsuite name="spec_perl_TestBcdUserTypeLe_t" errors="0" failures="0" skipped="0" tests="6" time="0.0754339694976807">
    <system-out>1..6
ok 1 - Equals
ok 2 - Equals
ok 3 - Equals
ok 4 - Equals
ok 5 - Equals
ok 6 - Equals
</system-out>
    <testcase name="Equals (214)" classname="spec_perl_TestBcdUserTypeLe_t" time="0.000471115112304688" />
    <testcase name="Equals (215)" classname="spec_perl_TestBcdUserTypeLe_t" time="9.98973846435547e-05" />
    <testcase name="Equals (216)" classname="spec_perl_TestBcdUserTypeLe_t" time="0.000149011611938477" />
    <testcase name="Equals (217)" classname="spec_perl_TestBcdUserTypeLe_t" time="0.000136137008666992" />
    <testcase name="Equals (218)" classname="spec_perl_TestBcdUserTypeLe_t" time="0.000156879425048828" />
    <testcase name="Equals (219)" classname="spec_perl_TestBcdUserTypeLe_t" time="0.000147104263305664" />
  </testsuite>
  <testsuite name="spec_perl_TestExprBytesNonLiteral_t" errors="0" failures="0" skipped="0" tests="3" time="0.0724461078643799">
    <system-out>1..3
ok 1 - Equals
ok 2 - Equals
ok 3 - Equals
</system-out>
    <testcase name="Equals (220)" classname="spec_perl_TestExprBytesNonLiteral_t" time="0.000290870666503906" />
    <testcase name="Equals (221)" classname="spec_perl_TestExprBytesNonLiteral_t" time="8.20159912109375e-05" />
    <testcase name="Equals (222)" classname="spec_perl_TestExprBytesNonLiteral_t" time="8.10623168945312e-05" />
  </testsuite>
  <testsuite name="spec_perl_TestFloatToI_t" errors="0" failures="0" skipped="0" tests="8" time="0.0727410316467285">
    <system-out>1..8
ok 1 - Approx equals
ok 2 - Approx equals
ok 3 - Equals
ok 4 - Equals
ok 5 - Equals
ok 6 - Equals
ok 7 - Equals
ok 8 - Equals
</system-out>
    <testcase name="Approx equals (222)" classname="spec_perl_TestFloatToI_t" time="0.000220060348510742" />
    <testcase name="Approx equals (223)" classname="spec_perl_TestFloatToI_t" time="7.48634338378906e-05" />
    <testcase name="Equals (223)" classname="spec_perl_TestFloatToI_t" time="5.7220458984375e-05" />
    <testcase name="Equals (224)" classname="spec_perl_TestFloatToI_t" time="7.48634338378906e-05" />
    <testcase name="Equals (225)" classname="spec_perl_TestFloatToI_t" time="5.19752502441406e-05" />
    <testcase name="Equals (226)" classname="spec_perl_TestFloatToI_t" time="7.51018524169922e-05" />
    <testcase name="Equals (227)" classname="spec_perl_TestFloatToI_t" time="6.60419464111328e-05" />
    <testcase name="Equals (228)" classname="spec_perl_TestFloatToI_t" time="0.000156879425048828" />
  </testsuite>
  <testsuite name="spec_perl_TestRepeatEosBit_t" errors="0" failures="0" skipped="0" tests="1" time="0.071882963180542">
    <system-out>1..1
ok 1 - Equals
</system-out>
    <testcase name="Equals (229)" classname="spec_perl_TestRepeatEosBit_t" time="0.000191926956176758" />
  </testsuite>
  <testsuite name="spec_perl_TestExpr2_t" errors="0" failures="0" skipped="0" tests="17" time="0.0803768634796143">
    <system-out>1..17
ok 1 - Equals
ok 2 - Equals
ok 3 - Equals
ok 4 - Equals
ok 5 - Equals
ok 6 - Equals
ok 7 - Equals
ok 8 - Equals
ok 9 - Equals
ok 10 - Equals
ok 11 - Equals
ok 12 - Equals
ok 13 - Equals
ok 14 - Equals
ok 15 - Equals
ok 16 - Equals
ok 17 - Equals
</system-out>
    <testcase name="Equals (230)" classname="spec_perl_TestExpr2_t" time="0.000449895858764648" />
    <testcase name="Equals (231)" classname="spec_perl_TestExpr2_t" time="0.000101089477539062" />
    <testcase name="Equals (232)" classname="spec_perl_TestExpr2_t" time="0.000130891799926758" />
    <testcase name="Equals (233)" classname="spec_perl_TestExpr2_t" time="9.79900360107422e-05" />
    <testcase name="Equals (234)" classname="spec_perl_TestExpr2_t" time="0.000133991241455078" />
    <testcase name="Equals (235)" classname="spec_perl_TestExpr2_t" time="0.000141143798828125" />
    <testcase name="Equals (236)" classname="spec_perl_TestExpr2_t" time="0.000120878219604492" />
    <testcase name="Equals (237)" classname="spec_perl_TestExpr2_t" time="0.000164985656738281" />
    <testcase name="Equals (238)" classname="spec_perl_TestExpr2_t" time="0.000154018402099609" />
    <testcase name="Equals (239)" classname="spec_perl_TestExpr2_t" time="0.0001220703125" />
    <testcase name="Equals (240)" classname="spec_perl_TestExpr2_t" time="0.000128984451293945" />
    <testcase name="Equals (241)" classname="spec_perl_TestExpr2_t" time="0.000113010406494141" />
    <testcase name="Equals (242)" classname="spec_perl_TestExpr2_t" time="0.000540971755981445" />
    <testcase name="Equals (243)" classname="spec_perl_TestExpr2_t" time="6.41345977783203e-05" />
    <testcase name="Equals (244)" classname="spec_perl_TestExpr2_t" time="5.38825988769531e-05" />
    <testcase name="Equals (245)" classname="spec_perl_TestExpr2_t" time="6.103515625e-05" />
    <testcase name="Equals (246)" classname="spec_perl_TestExpr2_t" time="6.89029693603516e-05" />
  </testsuite>
  <testsuite name="spec_perl_TestExpr1_t" errors="0" failures="0" skipped="0" tests="4" time="0.0779349803924561">
    <system-out>1..4
ok 1 - Equals
ok 2 - Equals
ok 3 - Equals
ok 4 - Equals
</system-out>
    <testcase name="Equals (247)" classname="spec_perl_TestExpr1_t" time="0.00024104118347168" />
    <testcase name="Equals (248)" classname="spec_perl_TestExpr1_t" time="7.60555267333984e-05" />
    <testcase name="Equals (249)" classname="spec_perl_TestExpr1_t" time="8.29696655273438e-05" />
    <testcase name="Equals (250)" classname="spec_perl_TestExpr1_t" time="5.91278076171875e-05" />
  </testsuite>
  <testsuite name="spec_perl_TestProcessXorValue_t" errors="0" failures="0" skipped="0" tests="2" time="0.0718991756439209">
    <system-out>1..2
ok 1 - Equals
ok 2 - Equals
</system-out>
    <testcase name="Equals (251)" classname="spec_perl_TestProcessXorValue_t" time="0.00017094612121582" />
    <testcase name="Equals (252)" classname="spec_perl_TestProcessXorValue_t" time="6.38961791992188e-05" />
  </testsuite>
  <testsuite name="spec_perl_TestSwitchManualStr_t" errors="0" failures="0" skipped="0" tests="9" time="0.077502965927124">
    <system-out>1..9
ok 1 - Equals
ok 2 - Equals
ok 3 - Equals
ok 4 - Equals
ok 5 - Equals
ok 6 - Equals
ok 7 - Equals
ok 8 - Equals
ok 9 - Equals
</system-out>
    <testcase name="Equals (253)" classname="spec_perl_TestSwitchManualStr_t" time="0.000296115875244141" />
    <testcase name="Equals (254)" classname="spec_perl_TestSwitchManualStr_t" time="9.17911529541016e-05" />
    <testcase name="Equals (255)" classname="spec_perl_TestSwitchManualStr_t" time="0.000135183334350586" />
    <testcase name="Equals (256)" classname="spec_perl_TestSwitchManualStr_t" time="0.000191926956176758" />
    <testcase name="Equals (257)" classname="spec_perl_TestSwitchManualStr_t" time="8.79764556884766e-05" />
    <testcase name="Equals (258)" classname="spec_perl_TestSwitchManualStr_t" time="0.000112056732177734" />
    <testcase name="Equals (259)" classname="spec_perl_TestSwitchManualStr_t" time="0.000128984451293945" />
    <testcase name="Equals (260)" classname="spec_perl_TestSwitchManualStr_t" time="0.000119924545288086" />
    <testcase name="Equals (261)" classname="spec_perl_TestSwitchManualStr_t" time="0.00020909309387207" />
  </testsuite>
  <testsuite name="spec_perl_TestEnumToI_t" errors="0" failures="0" skipped="0" tests="7" time="0.0742089748382568">
    <system-out>1..7
ok 1 - Equals
ok 2 - Equals
ok 3 - Equals
ok 4 - Equals
ok 5 - Equals
ok 6 - Equals
ok 7 - Equals
</system-out>
    <testcase name="Equals (262)" classname="spec_perl_TestEnumToI_t" time="0.000250101089477539" />
    <testcase name="Equals (263)" classname="spec_perl_TestEnumToI_t" time="7.89165496826172e-05" />
    <testcase name="Equals (264)" classname="spec_perl_TestEnumToI_t" time="8.60691070556641e-05" />
    <testcase name="Equals (265)" classname="spec_perl_TestEnumToI_t" time="6.4849853515625e-05" />
    <testcase name="Equals (266)" classname="spec_perl_TestEnumToI_t" time="7.41481781005859e-05" />
    <testcase name="Equals (267)" classname="spec_perl_TestEnumToI_t" time="6.98566436767578e-05" />
    <testcase name="Equals (268)" classname="spec_perl_TestEnumToI_t" time="0.000119209289550781" />
  </testsuite>
  <testsuite name="spec_perl_TestEofExceptionU4_t" errors="0" failures="0" skipped="0" tests="1" time="0.0758650302886963">
    <system-out>1..1
ok 1 - threw /^Requested \d+ bytes, but only \d+ bytes available/
</system-out>
    <testcase name="threw /^Requested \d+ bytes, but only \d+ bytes available/ (268)" classname="spec_perl_TestEofExceptionU4_t" time="0.000230073928833008" />
  </testsuite>
  <testsuite name="spec_perl_TestProcessXor4Const_t" errors="0" failures="0" skipped="0" tests="2" time="0.0730979442596436">
    <system-out>1..2
ok 1 - Equals
ok 2 - Equals
</system-out>
    <testcase name="Equals (269)" classname="spec_perl_TestProcessXor4Const_t" time="0.000211954116821289" />
    <testcase name="Equals (270)" classname="spec_perl_TestProcessXor4Const_t" time="8.51154327392578e-05" />
  </testsuite>
  <testsuite name="spec_perl_TestEnumToIClassBorder1_t" errors="0" failures="1" skipped="0" tests="3" time="0.0752410888671875">
    <system-out>1..3
ok 1 - Equals
ok 2 - Equals
not ok 3 - test_enum_to_i_class_border_1 died (Can't call method &quot;some_dog&quot; on an undefined value at compiled/perl/EnumToIClassBorder2.pm line 42.)
</system-out>
    <testcase name="Equals (271)" classname="spec_perl_TestEnumToIClassBorder1_t" time="0.000242948532104492" />
    <testcase name="Equals (272)" classname="spec_perl_TestEnumToIClassBorder1_t" time="7.91549682617188e-05" />
    <testcase name="test_enum_to_i_class_border_1 died (Can't call method &quot;some_dog&quot; on an undefined value at compiled/perl/EnumToIClassBorder2.pm line 42.) (272)" classname="spec_perl_TestEnumToIClassBorder1_t" time="0.000114917755126953">
      <failure message="not ok 3 - test_enum_to_i_class_border_1 died (Can't call method &quot;some_dog&quot; on an undefined value at compiled/perl/EnumToIClassBorder2.pm line 42.)" type="TAP::Parser::Result::Test"></failure>
    </testcase>
  </testsuite>
  <testsuite name="spec_perl_TestExpr3_t" errors="0" failures="0" skipped="0" tests="12" time="0.0795547962188721">
    <system-out>1..12
ok 1 - Equals
ok 2 - Equals
ok 3 - Equals
ok 4 - Equals
ok 5 - Equals
ok 6 - Equals
ok 7 - Equals
ok 8 - Equals
ok 9 - Equals
ok 10 - Equals
ok 11 - Equals
ok 12 - Equals
</system-out>
    <testcase name="Equals (273)" classname="spec_perl_TestExpr3_t" time="0.000307083129882812" />
    <testcase name="Equals (274)" classname="spec_perl_TestExpr3_t" time="0.000139951705932617" />
    <testcase name="Equals (275)" classname="spec_perl_TestExpr3_t" time="7.00950622558594e-05" />
    <testcase name="Equals (276)" classname="spec_perl_TestExpr3_t" time="5.88893890380859e-05" />
    <testcase name="Equals (277)" classname="spec_perl_TestExpr3_t" time="0.000102043151855469" />
    <testcase name="Equals (278)" classname="spec_perl_TestExpr3_t" time="7.20024108886719e-05" />
    <testcase name="Equals (279)" classname="spec_perl_TestExpr3_t" time="7.10487365722656e-05" />
    <testcase name="Equals (280)" classname="spec_perl_TestExpr3_t" time="0.000130891799926758" />
    <testcase name="Equals (281)" classname="spec_perl_TestExpr3_t" time="0.000135183334350586" />
    <testcase name="Equals (282)" classname="spec_perl_TestExpr3_t" time="7.08103179931641e-05" />
    <testcase name="Equals (283)" classname="spec_perl_TestExpr3_t" time="0.000110149383544922" />
    <testcase name="Equals (284)" classname="spec_perl_TestExpr3_t" time="0.000108003616333008" />
  </testsuite>
  <testsuite name="spec_perl_TestProcessCoerceUsertype1_t" errors="0" failures="0" skipped="0" tests="4" time="0.0737559795379639">
    <system-out>1..4
ok 1 - Equals
ok 2 - Equals
ok 3 - Equals
ok 4 - Equals
</system-out>
    <testcase name="Equals (285)" classname="spec_perl_TestProcessCoerceUsertype1_t" time="0.000510931015014648" />
    <testcase name="Equals (286)" classname="spec_perl_TestProcessCoerceUsertype1_t" time="9.79900360107422e-05" />
    <testcase name="Equals (287)" classname="spec_perl_TestProcessCoerceUsertype1_t" time="0.000130891799926758" />
    <testcase name="Equals (288)" classname="spec_perl_TestProcessCoerceUsertype1_t" time="0.000138044357299805" />
  </testsuite>
  <testsuite name="spec_perl_TestOptionalId_t" errors="0" failures="0" skipped="0" tests="3" time="0.0716109275817871">
    <system-out>1..3
ok 1 - Equals
ok 2 - Equals
ok 3 - Equals
</system-out>
    <testcase name="Equals (289)" classname="spec_perl_TestOptionalId_t" time="0.000240087509155273" />
    <testcase name="Equals (290)" classname="spec_perl_TestOptionalId_t" time="8.29696655273438e-05" />
    <testcase name="Equals (291)" classname="spec_perl_TestOptionalId_t" time="9.60826873779297e-05" />
  </testsuite>
  <testsuite name="spec_perl_TestDebugSwitchUser_t" errors="1" failures="0" skipped="0" tests="0" time="0.0702250003814697">
    <system-out></system-out>
    <testcase name="Test died too soon, even before plan. (291)" classname="spec_perl_TestDebugSwitchUser_t" time="0.0702250003814697">
      <failure message="The test suite died before a plan was produced. You need to have a plan." type="Plan">No plan</failure>
    </testcase>
  </testsuite>
  <testsuite name="spec_perl_TestIndexSizes_t" errors="0" failures="0" skipped="0" tests="7" time="0.0776379108428955">
    <system-out>1..7
ok 1 - Equals
ok 2 - Equals
ok 3 - Equals
ok 4 - Equals
ok 5 - Equals
ok 6 - Equals
ok 7 - Equals
</system-out>
    <testcase name="Equals (292)" classname="spec_perl_TestIndexSizes_t" time="0.000242948532104492" />
    <testcase name="Equals (293)" classname="spec_perl_TestIndexSizes_t" time="8.20159912109375e-05" />
    <testcase name="Equals (294)" classname="spec_perl_TestIndexSizes_t" time="8.392333984375e-05" />
    <testcase name="Equals (295)" classname="spec_perl_TestIndexSizes_t" time="5.60283660888672e-05" />
    <testcase name="Equals (296)" classname="spec_perl_TestIndexSizes_t" time="7.20024108886719e-05" />
    <testcase name="Equals (297)" classname="spec_perl_TestIndexSizes_t" time="0.000126123428344727" />
    <testcase name="Equals (298)" classname="spec_perl_TestIndexSizes_t" time="0.000117778778076172" />
  </testsuite>
  <testsuite name="spec_perl_TestStrEncodingsDefault_t" errors="0" failures="0" skipped="0" tests="4" time="0.0831019878387451">
    <system-out>1..4
ok 1 - Equals
ok 2 - Equals
ok 3 - Equals
ok 4 - Equals
</system-out>
    <testcase name="Equals (299)" classname="spec_perl_TestStrEncodingsDefault_t" time="0.00437712669372559" />
    <testcase name="Equals (300)" classname="spec_perl_TestStrEncodingsDefault_t" time="0.000121831893920898" />
    <testcase name="Equals (301)" classname="spec_perl_TestStrEncodingsDefault_t" time="6.69956207275391e-05" />
    <testcase name="Equals (302)" classname="spec_perl_TestStrEncodingsDefault_t" time="8.0108642578125e-05" />
  </testsuite>
  <testsuite name="spec_perl_TestBitsSeqEndianCombo_t" errors="0" failures="0" skipped="0" tests="8" time="0.0721361637115479">
    <system-out>1..8
ok 1 - Equals
ok 2 - Equals
ok 3 - Equals
ok 4 - Equals
ok 5 - Equals
ok 6 - Equals
ok 7 - Equals
ok 8 - Equals
</system-out>
    <testcase name="Equals (303)" classname="spec_perl_TestBitsSeqEndianCombo_t" time="0.000188112258911133" />
    <testcase name="Equals (304)" classname="spec_perl_TestBitsSeqEndianCombo_t" time="7.29560852050781e-05" />
    <testcase name="Equals (305)" classname="spec_perl_TestBitsSeqEndianCombo_t" time="7.10487365722656e-05" />
    <testcase name="Equals (306)" classname="spec_perl_TestBitsSeqEndianCombo_t" time="0.000138044357299805" />
    <testcase name="Equals (307)" classname="spec_perl_TestBitsSeqEndianCombo_t" time="0.000123023986816406" />
    <testcase name="Equals (308)" classname="spec_perl_TestBitsSeqEndianCombo_t" time="0.000137805938720703" />
    <testcase name="Equals (309)" classname="spec_perl_TestBitsSeqEndianCombo_t" time="0.000111103057861328" />
    <testcase name="Equals (310)" classname="spec_perl_TestBitsSeqEndianCombo_t" time="0.00010991096496582" />
  </testsuite>
  <testsuite name="spec_perl_TestNavParent2_t" errors="0" failures="0" skipped="0" tests="10" time="0.0778670310974121">
    <system-out>1..10
ok 1 - Equals
ok 2 - Equals
ok 3 - Equals
ok 4 - Equals
ok 5 - Equals
ok 6 - Equals
ok 7 - Equals
ok 8 - Equals
ok 9 - Equals
ok 10 - Equals
</system-out>
    <testcase name="Equals (311)" classname="spec_perl_TestNavParent2_t" time="0.000195026397705078" />
    <testcase name="Equals (312)" classname="spec_perl_TestNavParent2_t" time="8.08238983154297e-05" />
    <testcase name="Equals (313)" classname="spec_perl_TestNavParent2_t" time="6.41345977783203e-05" />
    <testcase name="Equals (314)" classname="spec_perl_TestNavParent2_t" time="0.000140905380249023" />
    <testcase name="Equals (315)" classname="spec_perl_TestNavParent2_t" time="0.00012516975402832" />
    <testcase name="Equals (316)" classname="spec_perl_TestNavParent2_t" time="0.000176906585693359" />
    <testcase name="Equals (317)" classname="spec_perl_TestNavParent2_t" time="0.000151872634887695" />
    <testcase name="Equals (318)" classname="spec_perl_TestNavParent2_t" time="0.000147104263305664" />
    <testcase name="Equals (319)" classname="spec_perl_TestNavParent2_t" time="0.000135898590087891" />
    <testcase name="Equals (320)" classname="spec_perl_TestNavParent2_t" time="0.000149011611938477" />
  </testsuite>
  <testsuite name="spec_perl_TestBitsSignedShiftB64Le_t" errors="0" failures="0" skipped="0" tests="2" time="0.0720582008361816">
    <system-out>1..2
ok 1 - Equals
ok 2 - Equals
</system-out>
    <testcase name="Equals (321)" classname="spec_perl_TestBitsSignedShiftB64Le_t" time="0.000162839889526367" />
    <testcase name="Equals (322)" classname="spec_perl_TestBitsSignedShiftB64Le_t" time="9.79900360107422e-05" />
  </testsuite>
  <testsuite name="spec_perl_TestSwitchManualIntSizeEos_t" errors="0" failures="0" skipped="0" tests="10" time="0.0785818099975586">
    <system-out>1..10
ok 1 - Equals
ok 2 - Equals
ok 3 - Equals
ok 4 - Equals
ok 5 - Equals
ok 6 - Equals
ok 7 - Equals
ok 8 - Equals
ok 9 - Equals
ok 10 - Equals
</system-out>
    <testcase name="Equals (323)" classname="spec_perl_TestSwitchManualIntSizeEos_t" time="0.000761985778808594" />
    <testcase name="Equals (324)" classname="spec_perl_TestSwitchManualIntSizeEos_t" time="8.51154327392578e-05" />
    <testcase name="Equals (325)" classname="spec_perl_TestSwitchManualIntSizeEos_t" time="8.48770141601562e-05" />
    <testcase name="Equals (326)" classname="spec_perl_TestSwitchManualIntSizeEos_t" time="0.000133037567138672" />
    <testcase name="Equals (327)" classname="spec_perl_TestSwitchManualIntSizeEos_t" time="0.000134944915771484" />
    <testcase name="Equals (328)" classname="spec_perl_TestSwitchManualIntSizeEos_t" time="0.000149011611938477" />
    <testcase name="Equals (329)" classname="spec_perl_TestSwitchManualIntSizeEos_t" time="0.000193119049072266" />
    <testcase name="Equals (330)" classname="spec_perl_TestSwitchManualIntSizeEos_t" time="4.88758087158203e-05" />
    <testcase name="Equals (331)" classname="spec_perl_TestSwitchManualIntSizeEos_t" time="0.000128984451293945" />
    <testcase name="Equals (332)" classname="spec_perl_TestSwitchManualIntSizeEos_t" time="0.000128030776977539" />
  </testsuite>
  <testsuite name="spec_perl_TestNestedSameName2_t" errors="0" failures="0" skipped="0" tests="5" time="0.0728099346160889">
    <system-out>1..5
ok 1 - Equals
ok 2 - Equals
ok 3 - Equals
ok 4 - Equals
ok 5 - Equals
</system-out>
    <testcase name="Equals (333)" classname="spec_perl_TestNestedSameName2_t" time="0.000178813934326172" />
    <testcase name="Equals (334)" classname="spec_perl_TestNestedSameName2_t" time="9.41753387451172e-05" />
    <testcase name="Equals (335)" classname="spec_perl_TestNestedSameName2_t" time="9.08374786376953e-05" />
    <testcase name="Equals (336)" classname="spec_perl_TestNestedSameName2_t" time="0.000127077102661133" />
    <testcase name="Equals (337)" classname="spec_perl_TestNestedSameName2_t" time="0.000135898590087891" />
  </testsuite>
  <testsuite name="spec_perl_TestStrLiterals_t" errors="0" failures="0" skipped="0" tests="5" time="0.0746150016784668">
    <system-out>1..5
ok 1 - Equals
ok 2 - Equals
ok 3 - Equals
ok 4 - Equals
ok 5 - Equals
</system-out>
    <testcase name="Equals (338)" classname="spec_perl_TestStrLiterals_t" time="0.000206947326660156" />
    <testcase name="Equals (339)" classname="spec_perl_TestStrLiterals_t" time="9.70363616943359e-05" />
    <testcase name="Equals (340)" classname="spec_perl_TestStrLiterals_t" time="0.000134944915771484" />
    <testcase name="Equals (341)" classname="spec_perl_TestStrLiterals_t" time="0.000135898590087891" />
    <testcase name="Equals (342)" classname="spec_perl_TestStrLiterals_t" time="0.000137090682983398" />
  </testsuite>
  <testsuite name="spec_perl_TestValidShort_t" errors="0" failures="0" skipped="1" tests="1" time="0.077599048614502">
    <system-out>1..1
ok 1 # skip ValidShort=HASH(0x5589b5a19700)
</system-out>
    <testcase name="Unnamed test case 342" classname="spec_perl_TestValidShort_t" time="0.00127720832824707">
      <skipped message="ok 1 # skip ValidShort=HASH(0x5589b5a19700)" />
    </testcase>
  </testsuite>
  <testsuite name="spec_perl_TestFloatingPoints_t" errors="0" failures="0" skipped="0" tests="8" time="0.0718069076538086">
    <system-out>1..8
ok 1 - Approx equals
ok 2 - Approx equals
ok 3 - Approx equals
ok 4 - Approx equals
ok 5 - Approx equals
ok 6 - Approx equals
ok 7 - Approx equals
ok 8 - Approx equals
</system-out>
    <testcase name="Approx equals (342)" classname="spec_perl_TestFloatingPoints_t" time="0.000229120254516602" />
    <testcase name="Approx equals (343)" classname="spec_perl_TestFloatingPoints_t" time="7.58171081542969e-05" />
    <testcase name="Approx equals (344)" classname="spec_perl_TestFloatingPoints_t" time="6.103515625e-05" />
    <testcase name="Approx equals (345)" classname="spec_perl_TestFloatingPoints_t" time="5.69820404052734e-05" />
    <testcase name="Approx equals (346)" classname="spec_perl_TestFloatingPoints_t" time="8.20159912109375e-05" />
    <testcase name="Approx equals (347)" classname="spec_perl_TestFloatingPoints_t" time="5.41210174560547e-05" />
    <testcase name="Approx equals (348)" classname="spec_perl_TestFloatingPoints_t" time="5.38825988769531e-05" />
    <testcase name="Approx equals (349)" classname="spec_perl_TestFloatingPoints_t" time="6.19888305664062e-05" />
  </testsuite>
  <testsuite name="spec_perl_TestTypeTernaryOpaque_t" errors="0" failures="0" skipped="0" tests="3" time="0.0775940418243408">
    <system-out>1..3
ok 1 - Equals
ok 2 - Equals
ok 3 - Equals
</system-out>
    <testcase name="Equals (349)" classname="spec_perl_TestTypeTernaryOpaque_t" time="0.000601768493652344" />
    <testcase name="Equals (350)" classname="spec_perl_TestTypeTernaryOpaque_t" time="6.72340393066406e-05" />
    <testcase name="Equals (351)" classname="spec_perl_TestTypeTernaryOpaque_t" time="0.000120878219604492" />
  </testsuite>
  <testsuite name="spec_perl_TestImportsAbsRel_t" errors="0" failures="0" skipped="0" tests="3" time="0.0721850395202637">
    <system-out>1..3
ok 1 - Equals
ok 2 - Equals
ok 3 - Equals
</system-out>
    <testcase name="Equals (352)" classname="spec_perl_TestImportsAbsRel_t" time="0.000236988067626953" />
    <testcase name="Equals (353)" classname="spec_perl_TestImportsAbsRel_t" time="7.89165496826172e-05" />
    <testcase name="Equals (354)" classname="spec_perl_TestImportsAbsRel_t" time="9.20295715332031e-05" />
  </testsuite>
  <testsuite name="spec_perl_TestCastToImported_t" errors="0" failures="0" skipped="0" tests="2" time="0.0724899768829346">
    <system-out>1..2
ok 1 - Equals
ok 2 - Equals
</system-out>
    <testcase name="Equals (355)" classname="spec_perl_TestCastToImported_t" time="0.000179052352905273" />
    <testcase name="Equals (356)" classname="spec_perl_TestCastToImported_t" time="0.000123023986816406" />
  </testsuite>
  <testsuite name="spec_perl_TestProcessRotate_t" errors="0" failures="0" skipped="0" tests="3" time="0.0733621120452881">
    <system-out>1..3
ok 1 - Equals
ok 2 - Equals
ok 3 - Equals
</system-out>
    <testcase name="Equals (357)" classname="spec_perl_TestProcessRotate_t" time="0.00020289421081543" />
    <testcase name="Equals (358)" classname="spec_perl_TestProcessRotate_t" time="0.000116109848022461" />
    <testcase name="Equals (359)" classname="spec_perl_TestProcessRotate_t" time="0.000130891799926758" />
  </testsuite>
  <testsuite name="spec_perl_TestRepeatUntilComplex_t" errors="0" failures="0" skipped="0" tests="15" time="0.07440185546875">
    <system-out>1..15
ok 1 - Equals
ok 2 - Equals
ok 3 - Equals
ok 4 - Equals
ok 5 - Equals
ok 6 - Equals
ok 7 - Equals
ok 8 - Equals
ok 9 - Equals
ok 10 - Equals
ok 11 - Equals
ok 12 - Equals
ok 13 - Equals
ok 14 - Equals
ok 15 - Equals
</system-out>
    <testcase name="Equals (360)" classname="spec_perl_TestRepeatUntilComplex_t" time="0.000232934951782227" />
    <testcase name="Equals (361)" classname="spec_perl_TestRepeatUntilComplex_t" time="0.000104188919067383" />
    <testcase name="Equals (362)" classname="spec_perl_TestRepeatUntilComplex_t" time="6.4849853515625e-05" />
    <testcase name="Equals (363)" classname="spec_perl_TestRepeatUntilComplex_t" time="7.91549682617188e-05" />
    <testcase name="Equals (364)" classname="spec_perl_TestRepeatUntilComplex_t" time="7.20024108886719e-05" />
    <testcase name="Equals (365)" classname="spec_perl_TestRepeatUntilComplex_t" time="0.000134944915771484" />
    <testcase name="Equals (366)" classname="spec_perl_TestRepeatUntilComplex_t" time="0.000135898590087891" />
    <testcase name="Equals (367)" classname="spec_perl_TestRepeatUntilComplex_t" time="0.000117063522338867" />
    <testcase name="Equals (368)" classname="spec_perl_TestRepeatUntilComplex_t" time="0.000112056732177734" />
    <testcase name="Equals (369)" classname="spec_perl_TestRepeatUntilComplex_t" time="0.000123977661132812" />
    <testcase name="Equals (370)" classname="spec_perl_TestRepeatUntilComplex_t" time="0.000105857849121094" />
    <testcase name="Equals (371)" classname="spec_perl_TestRepeatUntilComplex_t" time="0.000132083892822266" />
    <testcase name="Equals (372)" classname="spec_perl_TestRepeatUntilComplex_t" time="9.89437103271484e-05" />
    <testcase name="Equals (373)" classname="spec_perl_TestRepeatUntilComplex_t" time="0.000131130218505859" />
    <testcase name="Equals (374)" classname="spec_perl_TestRepeatUntilComplex_t" time="0.000105857849121094" />
  </testsuite>
  <testsuite name="spec_perl_TestTermStrz_t" errors="0" failures="0" skipped="0" tests="3" time="0.0759358406066895">
    <system-out>1..3
ok 1 - Equals
ok 2 - Equals
ok 3 - Equals
</system-out>
    <testcase name="Equals (375)" classname="spec_perl_TestTermStrz_t" time="0.000221014022827148" />
    <testcase name="Equals (376)" classname="spec_perl_TestTermStrz_t" time="6.31809234619141e-05" />
    <testcase name="Equals (377)" classname="spec_perl_TestTermStrz_t" time="0.000137805938720703" />
  </testsuite>
  <testsuite name="spec_perl_TestRepeatEosStruct_t" errors="0" failures="0" skipped="0" tests="5" time="0.0727028846740723">
    <system-out>1..5
ok 1 - Equals
ok 2 - Equals
ok 3 - Equals
ok 4 - Equals
ok 5 - Equals
</system-out>
    <testcase name="Equals (378)" classname="spec_perl_TestRepeatEosStruct_t" time="0.00023198127746582" />
    <testcase name="Equals (379)" classname="spec_perl_TestRepeatEosStruct_t" time="7.70092010498047e-05" />
    <testcase name="Equals (380)" classname="spec_perl_TestRepeatEosStruct_t" time="8.29696655273438e-05" />
    <testcase name="Equals (381)" classname="spec_perl_TestRepeatEosStruct_t" time="5.81741333007812e-05" />
    <testcase name="Equals (382)" classname="spec_perl_TestRepeatEosStruct_t" time="7.39097595214844e-05" />
  </testsuite>
  <testsuite name="spec_perl_TestIntegersMinMax_t" errors="0" failures="0" skipped="0" tests="28" time="0.0763018131256104">
    <system-out>1..28
ok 1 - Equals
ok 2 - Equals
ok 3 - Equals
ok 4 - Equals
ok 5 - Equals
ok 6 - Equals
ok 7 - Equals
ok 8 - Equals
ok 9 - Equals
ok 10 - Equals
ok 11 - Equals
ok 12 - Equals
ok 13 - Equals
ok 14 - Equals
ok 15 - Equals
ok 16 - Equals
ok 17 - Equals
ok 18 - Equals
ok 19 - Equals
ok 20 - Equals
ok 21 - Equals
ok 22 - Equals
ok 23 - Equals
ok 24 - Equals
ok 25 - Equals
ok 26 - Equals
ok 27 - Equals
ok 28 - Equals
</system-out>
    <testcase name="Equals (383)" classname="spec_perl_TestIntegersMinMax_t" time="0.000235795974731445" />
    <testcase name="Equals (384)" classname="spec_perl_TestIntegersMinMax_t" time="0.000102043151855469" />
    <testcase name="Equals (385)" classname="spec_perl_TestIntegersMinMax_t" time="7.60555267333984e-05" />
    <testcase name="Equals (386)" classname="spec_perl_TestIntegersMinMax_t" time="7.79628753662109e-05" />
    <testcase name="Equals (387)" classname="spec_perl_TestIntegersMinMax_t" time="7.10487365722656e-05" />
    <testcase name="Equals (388)" classname="spec_perl_TestIntegersMinMax_t" time="0.000146865844726562" />
    <testcase name="Equals (389)" classname="spec_perl_TestIntegersMinMax_t" time="0.000124216079711914" />
    <testcase name="Equals (390)" classname="spec_perl_TestIntegersMinMax_t" time="0.000121831893920898" />
    <testcase name="Equals (391)" classname="spec_perl_TestIntegersMinMax_t" time="0.000123023986816406" />
    <testcase name="Equals (392)" classname="spec_perl_TestIntegersMinMax_t" time="0.000126123428344727" />
    <testcase name="Equals (393)" classname="spec_perl_TestIntegersMinMax_t" time="0.000125885009765625" />
    <testcase name="Equals (394)" classname="spec_perl_TestIntegersMinMax_t" time="0.000127077102661133" />
    <testcase name="Equals (395)" classname="spec_perl_TestIntegersMinMax_t" time="0.000115871429443359" />
    <testcase name="Equals (396)" classname="spec_perl_TestIntegersMinMax_t" time="0.00011897087097168" />
    <testcase name="Equals (397)" classname="spec_perl_TestIntegersMinMax_t" time="0.000131130218505859" />
    <testcase name="Equals (398)" classname="spec_perl_TestIntegersMinMax_t" time="0.000128984451293945" />
    <testcase name="Equals (399)" classname="spec_perl_TestIntegersMinMax_t" time="0.000112056732177734" />
    <testcase name="Equals (400)" classname="spec_perl_TestIntegersMinMax_t" time="0.000119924545288086" />
    <testcase name="Equals (401)" classname="spec_perl_TestIntegersMinMax_t" time="0.0001220703125" />
    <testcase name="Equals (402)" classname="spec_perl_TestIntegersMinMax_t" time="0.000117063522338867" />
    <testcase name="Equals (403)" classname="spec_perl_TestIntegersMinMax_t" time="0.00011897087097168" />
    <testcase name="Equals (404)" classname="spec_perl_TestIntegersMinMax_t" time="0.000125885009765625" />
    <testcase name="Equals (405)" classname="spec_perl_TestIntegersMinMax_t" time="0.000123977661132812" />
    <testcase name="Equals (406)" classname="spec_perl_TestIntegersMinMax_t" time="0.000113010406494141" />
    <testcase name="Equals (407)" classname="spec_perl_TestIntegersMinMax_t" time="0.000118017196655273" />
    <testcase name="Equals (408)" classname="spec_perl_TestIntegersMinMax_t" time="0.000117063522338867" />
    <testcase name="Equals (409)" classname="spec_perl_TestIntegersMinMax_t" time="0.000115871429443359" />
    <testcase name="Equals (410)" classname="spec_perl_TestIntegersMinMax_t" time="0.000127077102661133" />
  </testsuite>
  <testsuite name="spec_perl_TestIfInstances_t" errors="0" failures="0" skipped="0" tests="1" time="0.0714230537414551">
    <system-out>1..1
ok 1 - nil
</system-out>
    <testcase name="nil (410)" classname="spec_perl_TestIfInstances_t" time="0.000219821929931641" />
  </testsuite>
  <testsuite name="spec_perl_TestProcessCoerceUsertype2_t" errors="0" failures="0" skipped="0" tests="4" time="0.0734269618988037">
    <system-out>1..4
ok 1 - Equals
ok 2 - Equals
ok 3 - Equals
ok 4 - Equals
</system-out>
    <testcase name="Equals (411)" classname="spec_perl_TestProcessCoerceUsertype2_t" time="0.000503063201904297" />
    <testcase name="Equals (412)" classname="spec_perl_TestProcessCoerceUsertype2_t" time="7.29560852050781e-05" />
    <testcase name="Equals (413)" classname="spec_perl_TestProcessCoerceUsertype2_t" time="0.000152111053466797" />
    <testcase name="Equals (414)" classname="spec_perl_TestProcessCoerceUsertype2_t" time="0.000125885009765625" />
  </testsuite>
  <testsuite name="spec_perl_TestProcessCustom_t" errors="1" failures="0" skipped="0" tests="0" time="0.0694179534912109">
    <system-out></system-out>
    <testcase name="Test died too soon, even before plan. (414)" classname="spec_perl_TestProcessCustom_t" time="0.0694179534912109">
      <failure message="The test suite died before a plan was produced. You need to have a plan." type="Plan">No plan</failure>
    </testcase>
  </testsuite>
  <testsuite name="spec_perl_TestDefaultEndianExprIsBe_t" errors="0" failures="0" skipped="0" tests="18" time="0.0760939121246338">
    <system-out>1..18
ok 1 - Equals
ok 2 - Equals
ok 3 - Equals
ok 4 - Equals
ok 5 - Equals
ok 6 - Equals
ok 7 - Equals
ok 8 - Equals
ok 9 - Equals
ok 10 - Equals
ok 11 - Equals
ok 12 - Equals
ok 13 - Equals
ok 14 - Equals
ok 15 - Equals
ok 16 - Equals
ok 17 - Equals
ok 18 - Equals
</system-out>
    <testcase name="Equals (415)" classname="spec_perl_TestDefaultEndianExprIsBe_t" time="0.00024104118347168" />
    <testcase name="Equals (416)" classname="spec_perl_TestDefaultEndianExprIsBe_t" time="0.000103950500488281" />
    <testcase name="Equals (417)" classname="spec_perl_TestDefaultEndianExprIsBe_t" time="6.31809234619141e-05" />
    <testcase name="Equals (418)" classname="spec_perl_TestDefaultEndianExprIsBe_t" time="7.89165496826172e-05" />
    <testcase name="Equals (419)" classname="spec_perl_TestDefaultEndianExprIsBe_t" time="0.00014495849609375" />
    <testcase name="Equals (420)" classname="spec_perl_TestDefaultEndianExprIsBe_t" time="0.000154972076416016" />
    <testcase name="Equals (421)" classname="spec_perl_TestDefaultEndianExprIsBe_t" time="0.000118017196655273" />
    <testcase name="Equals (422)" classname="spec_perl_TestDefaultEndianExprIsBe_t" time="0.000123977661132812" />
    <testcase name="Equals (423)" classname="spec_perl_TestDefaultEndianExprIsBe_t" time="0.000131130218505859" />
    <testcase name="Equals (424)" classname="spec_perl_TestDefaultEndianExprIsBe_t" time="0.000125885009765625" />
    <testcase name="Equals (425)" classname="spec_perl_TestDefaultEndianExprIsBe_t" time="0.000142097473144531" />
    <testcase name="Equals (426)" classname="spec_perl_TestDefaultEndianExprIsBe_t" time="0.000149965286254883" />
    <testcase name="Equals (427)" classname="spec_perl_TestDefaultEndianExprIsBe_t" time="0.000125885009765625" />
    <testcase name="Equals (428)" classname="spec_perl_TestDefaultEndianExprIsBe_t" time="0.000142097473144531" />
    <testcase name="Equals (429)" classname="spec_perl_TestDefaultEndianExprIsBe_t" time="0.000128984451293945" />
    <testcase name="Equals (430)" classname="spec_perl_TestDefaultEndianExprIsBe_t" time="0.000128984451293945" />
    <testcase name="Equals (431)" classname="spec_perl_TestDefaultEndianExprIsBe_t" time="0.000134944915771484" />
    <testcase name="Equals (432)" classname="spec_perl_TestDefaultEndianExprIsBe_t" time="0.000144004821777344" />
  </testsuite>
  <testsuite name="spec_perl_TestInstanceUserArray_t" errors="0" failures="0" skipped="0" tests="10" time="0.074077844619751">
    <system-out>1..10
ok 1 - Equals
ok 2 - Equals
ok 3 - Equals
ok 4 - Equals
ok 5 - Equals
ok 6 - Equals
ok 7 - Equals
ok 8 - Equals
ok 9 - Equals
ok 10 - Equals
</system-out>
    <testcase name="Equals (433)" classname="spec_perl_TestInstanceUserArray_t" time="0.000258922576904297" />
    <testcase name="Equals (434)" classname="spec_perl_TestInstanceUserArray_t" time="7.39097595214844e-05" />
    <testcase name="Equals (435)" classname="spec_perl_TestInstanceUserArray_t" time="8.0108642578125e-05" />
    <testcase name="Equals (436)" classname="spec_perl_TestInstanceUserArray_t" time="0.000377893447875977" />
    <testcase name="Equals (437)" classname="spec_perl_TestInstanceUserArray_t" time="0.000143051147460938" />
    <testcase name="Equals (438)" classname="spec_perl_TestInstanceUserArray_t" time="0.000138044357299805" />
    <testcase name="Equals (439)" classname="spec_perl_TestInstanceUserArray_t" time="0.000129938125610352" />
    <testcase name="Equals (440)" classname="spec_perl_TestInstanceUserArray_t" time="0.000121116638183594" />
    <testcase name="Equals (441)" classname="spec_perl_TestInstanceUserArray_t" time="0.000124931335449219" />
    <testcase name="Equals (442)" classname="spec_perl_TestInstanceUserArray_t" time="0.000126123428344727" />
  </testsuite>
  <testsuite name="spec_perl_TestJsSignedRightShift_t" errors="0" failures="0" skipped="0" tests="2" time="0.0720360279083252">
    <system-out>1..2
ok 1 - Equals
ok 2 - Equals
</system-out>
    <testcase name="Equals (443)" classname="spec_perl_TestJsSignedRightShift_t" time="0.000214815139770508" />
    <testcase name="Equals (444)" classname="spec_perl_TestJsSignedRightShift_t" time="7.10487365722656e-05" />
  </testsuite>
  <testsuite name="spec_perl_TestSwitchManualEnum_t" errors="0" failures="0" skipped="0" tests="9" time="0.0790460109710693">
    <system-out>1..9
ok 1 - Equals
ok 2 - Equals
ok 3 - Equals
ok 4 - Equals
ok 5 - Equals
ok 6 - Equals
ok 7 - Equals
ok 8 - Equals
ok 9 - Equals
</system-out>
    <testcase name="Equals (445)" classname="spec_perl_TestSwitchManualEnum_t" time="0.000291824340820312" />
    <testcase name="Equals (446)" classname="spec_perl_TestSwitchManualEnum_t" time="6.50882720947266e-05" />
[...]
    <testcase name="Equals (877)" classname="spec_perl_TestBitsSimpleLe_t" time="7.79628753662109e-05" />
    <testcase name="Equals (878)" classname="spec_perl_TestBitsSimpleLe_t" time="7.10487365722656e-05" />
    <testcase name="Equals (879)" classname="spec_perl_TestBitsSimpleLe_t" time="0.000147819519042969" />
    <testcase name="Equals (880)" classname="spec_perl_TestBitsSimpleLe_t" time="0.000137090682983398" />
    <testcase name="Equals (881)" classname="spec_perl_TestBitsSimpleLe_t" time="0.000123977661132812" />
    <testcase name="Equals (882)" classname="spec_perl_TestBitsSimpleLe_t" time="0.00011897087097168" />
    <testcase name="Equals (883)" classname="spec_perl_TestBitsSimpleLe_t" time="0.000123977661132812" />
    <testcase name="Equals (884)" classname="spec_perl_TestBitsSimpleLe_t" time="0.000141143798828125" />
    <testcase name="Equals (885)" classname="spec_perl_TestBitsSimpleLe_t" time="0.000112056732177734" />
    <testcase name="Equals (886)" classname="spec_perl_TestBitsSimpleLe_t" time="0.000120878219604492" />
    <testcase name="Equals (887)" classname="spec_perl_TestBitsSimpleLe_t" time="0.000123023986816406" />
    <testcase name="Equals (888)" classname="spec_perl_TestBitsSimpleLe_t" time="0.000123023986816406" />
  </testsuite>
  <testsuite name="spec_perl_TestBitsSignedResB32Be_t" errors="0" failures="0" skipped="0" tests="1" time="0.0708820819854736">
    <system-out>1..1
ok 1 - Equals
</system-out>
    <testcase name="Equals (889)" classname="spec_perl_TestBitsSignedResB32Be_t" time="0.000221967697143555" />
  </testsuite>
  <testsuite name="spec_perl_TestBcdUserTypeBe_t" errors="0" failures="0" skipped="0" tests="6" time="0.0863540172576904">
    <system-out>1..6
ok 1 - Equals
ok 2 - Equals
ok 3 - Equals
ok 4 - Equals
ok 5 - Equals
ok 6 - Equals
</system-out>
    <testcase name="Equals (890)" classname="spec_perl_TestBcdUserTypeBe_t" time="0.000577926635742188" />
    <testcase name="Equals (891)" classname="spec_perl_TestBcdUserTypeBe_t" time="9.70363616943359e-05" />
    <testcase name="Equals (892)" classname="spec_perl_TestBcdUserTypeBe_t" time="0.000153064727783203" />
    <testcase name="Equals (893)" classname="spec_perl_TestBcdUserTypeBe_t" time="0.000145912170410156" />
    <testcase name="Equals (894)" classname="spec_perl_TestBcdUserTypeBe_t" time="0.000186920166015625" />
    <testcase name="Equals (895)" classname="spec_perl_TestBcdUserTypeBe_t" time="0.000138044357299805" />
  </testsuite>
  <testsuite name="spec_perl_TestParamsPassStruct_t" errors="0" failures="1" skipped="1" tests="4" time="0.0750191211700439">
    <system-out>1..4
ok 1 - Equals
ok 2 - Equals
not ok 3 - test_params_pass_struct died (Can't call method &quot;foo&quot; on an undefined value at spec/perl/TestParamsPassStruct.t line 16.)
ok 4 # skip test_params_pass_struct died
</system-out>
    <testcase name="Equals (896)" classname="spec_perl_TestParamsPassStruct_t" time="0.000229835510253906" />
    <testcase name="Equals (897)" classname="spec_perl_TestParamsPassStruct_t" time="8.60691070556641e-05" />
    <testcase name="test_params_pass_struct died (Can't call method &quot;foo&quot; on an undefined value at spec/perl/TestParamsPassStruct.t line 16.) (897)" classname="spec_perl_TestParamsPassStruct_t" time="0.00011897087097168">
      <failure message="not ok 3 - test_params_pass_struct died (Can't call method &quot;foo&quot; on an undefined value at spec/perl/TestParamsPassStruct.t line 16.)" type="TAP::Parser::Result::Test"></failure>
    </testcase>
    <testcase name="Unnamed test case 897" classname="spec_perl_TestParamsPassStruct_t" time="0.00185608863830566">
      <skipped message="ok 4 # skip test_params_pass_struct died" />
    </testcase>
  </testsuite>
  <testsuite name="spec_perl_TestImportsCircularA_t" errors="0" failures="0" skipped="0" tests="5" time="0.0717029571533203">
    <system-out>1..5
ok 1 - Equals
ok 2 - Equals
ok 3 - Equals
ok 4 - Equals
ok 5 - nil
</system-out>
    <testcase name="Equals (898)" classname="spec_perl_TestImportsCircularA_t" time="0.000201225280761719" />
    <testcase name="Equals (899)" classname="spec_perl_TestImportsCircularA_t" time="7.79628753662109e-05" />
    <testcase name="Equals (900)" classname="spec_perl_TestImportsCircularA_t" time="6.19888305664062e-05" />
    <testcase name="Equals (901)" classname="spec_perl_TestImportsCircularA_t" time="0.000118017196655273" />
    <testcase name="nil (901)" classname="spec_perl_TestImportsCircularA_t" time="5.69820404052734e-05" />
  </testsuite>
  <testsuite name="spec_perl_TestBitsShiftByB32Le_t" errors="0" failures="0" skipped="0" tests="2" time="0.0714888572692871">
    <system-out>1..2
ok 1 - Equals
ok 2 - Equals
</system-out>
    <testcase name="Equals (902)" classname="spec_perl_TestBitsShiftByB32Le_t" time="0.000184059143066406" />
    <testcase name="Equals (903)" classname="spec_perl_TestBitsShiftByB32Le_t" time="8.20159912109375e-05" />
  </testsuite>
  <testsuite name="spec_perl_TestExprSizeofType1_t" errors="0" failures="0" skipped="0" tests="2" time="0.071544885635376">
    <system-out>1..2
ok 1 - Equals
ok 2 - Equals
</system-out>
    <testcase name="Equals (904)" classname="spec_perl_TestExprSizeofType1_t" time="0.000232934951782227" />
    <testcase name="Equals (905)" classname="spec_perl_TestExprSizeofType1_t" time="8.98838043212891e-05" />
  </testsuite>
  <testsuite name="spec_perl_TestCombineStr_t" errors="0" failures="0" skipped="0" tests="15" time="0.0790169239044189">
    <system-out>1..15
ok 1 - Equals
ok 2 - Equals
ok 3 - Equals
ok 4 - Equals
ok 5 - Equals
ok 6 - Equals
ok 7 - Equals
ok 8 - Equals
ok 9 - Equals
ok 10 - Equals
ok 11 - Equals
ok 12 - Equals
ok 13 - Equals
ok 14 - Equals
ok 15 - Equals
</system-out>
    <testcase name="Equals (906)" classname="spec_perl_TestCombineStr_t" time="0.000269174575805664" />
    <testcase name="Equals (907)" classname="spec_perl_TestCombineStr_t" time="9.58442687988281e-05" />
    <testcase name="Equals (908)" classname="spec_perl_TestCombineStr_t" time="0.000146150588989258" />
    <testcase name="Equals (909)" classname="spec_perl_TestCombineStr_t" time="0.000134944915771484" />
    <testcase name="Equals (910)" classname="spec_perl_TestCombineStr_t" time="0.000128030776977539" />
    <testcase name="Equals (911)" classname="spec_perl_TestCombineStr_t" time="0.000128030776977539" />
    <testcase name="Equals (912)" classname="spec_perl_TestCombineStr_t" time="0.000133037567138672" />
    <testcase name="Equals (913)" classname="spec_perl_TestCombineStr_t" time="0.000133991241455078" />
    <testcase name="Equals (914)" classname="spec_perl_TestCombineStr_t" time="0.000121831893920898" />
    <testcase name="Equals (915)" classname="spec_perl_TestCombineStr_t" time="0.000132083892822266" />
    <testcase name="Equals (916)" classname="spec_perl_TestCombineStr_t" time="0.000118017196655273" />
    <testcase name="Equals (917)" classname="spec_perl_TestCombineStr_t" time="0.000124931335449219" />
    <testcase name="Equals (918)" classname="spec_perl_TestCombineStr_t" time="0.000124931335449219" />
    <testcase name="Equals (919)" classname="spec_perl_TestCombineStr_t" time="0.000128030776977539" />
    <testcase name="Equals (920)" classname="spec_perl_TestCombineStr_t" time="0.00012516975402832" />
  </testsuite>
  <testsuite name="spec_perl_TestOpaqueExternalType02Parent_t" errors="0" failures="0" skipped="0" tests="3" time="0.078516960144043">
    <system-out>1..3
ok 1 - Equals
ok 2 - Equals
ok 3 - Equals
</system-out>
    <testcase name="Equals (921)" classname="spec_perl_TestOpaqueExternalType02Parent_t" time="0.00023198127746582" />
    <testcase name="Equals (922)" classname="spec_perl_TestOpaqueExternalType02Parent_t" time="0.000102996826171875" />
    <testcase name="Equals (923)" classname="spec_perl_TestOpaqueExternalType02Parent_t" time="8.20159912109375e-05" />
  </testsuite>
  <testsuite name="spec_perl_TestExprBits_t" errors="0" failures="0" skipped="0" tests="10" time="0.0737338066101074">
    <system-out>1..10
ok 1 - Equals
ok 2 - Equals
ok 3 - Equals
ok 4 - Equals
ok 5 - Equals
ok 6 - Equals
ok 7 - Equals
ok 8 - Equals
ok 9 - Equals
ok 10 - Equals
</system-out>
    <testcase name="Equals (924)" classname="spec_perl_TestExprBits_t" time="0.000233888626098633" />
    <testcase name="Equals (925)" classname="spec_perl_TestExprBits_t" time="8.10623168945312e-05" />
    <testcase name="Equals (926)" classname="spec_perl_TestExprBits_t" time="8.60691070556641e-05" />
    <testcase name="Equals (927)" classname="spec_perl_TestExprBits_t" time="5.88893890380859e-05" />
    <testcase name="Equals (928)" classname="spec_perl_TestExprBits_t" time="7.41481781005859e-05" />
    <testcase name="Equals (929)" classname="spec_perl_TestExprBits_t" time="0.00014185905456543" />
    <testcase name="Equals (930)" classname="spec_perl_TestExprBits_t" time="0.000132083892822266" />
    <testcase name="Equals (931)" classname="spec_perl_TestExprBits_t" time="0.000113010406494141" />
    <testcase name="Equals (932)" classname="spec_perl_TestExprBits_t" time="0.000123023986816406" />
    <testcase name="Equals (933)" classname="spec_perl_TestExprBits_t" time="0.000151872634887695" />
  </testsuite>
  <testsuite name="spec_perl_TestEnumIntRangeS_t" errors="0" failures="0" skipped="0" tests="3" time="0.0721480846405029">
    <system-out>1..3
ok 1 - Equals
ok 2 - Equals
ok 3 - Equals
</system-out>
    <testcase name="Equals (934)" classname="spec_perl_TestEnumIntRangeS_t" time="0.000234127044677734" />
    <testcase name="Equals (935)" classname="spec_perl_TestEnumIntRangeS_t" time="9.39369201660156e-05" />
    <testcase name="Equals (936)" classname="spec_perl_TestEnumIntRangeS_t" time="6.91413879394531e-05" />
  </testsuite>
  <testsuite name="spec_perl_TestBitsShiftByB64Le_t" errors="0" failures="0" skipped="0" tests="2" time="0.0711159706115723">
    <system-out>1..2
ok 1 - Equals
ok 2 - Equals
</system-out>
    <testcase name="Equals (937)" classname="spec_perl_TestBitsShiftByB64Le_t" time="0.000214815139770508" />
    <testcase name="Equals (938)" classname="spec_perl_TestBitsShiftByB64Le_t" time="9.01222229003906e-05" />
  </testsuite>
  <testsuite name="spec_perl_TestFixedContents_t" errors="0" failures="0" skipped="1" tests="1" time="0.073051929473877">
    <system-out>1..1
ok 1 # skip FixedContents=HASH(0x559e7498af30)
</system-out>
    <testcase name="Unnamed test case 938" classname="spec_perl_TestFixedContents_t" time="0.00120401382446289">
      <skipped message="ok 1 # skip FixedContents=HASH(0x559e7498af30)" />
    </testcase>
  </testsuite>
  <testsuite name="spec_perl_TestCastToTop_t" errors="0" failures="0" skipped="0" tests="3" time="0.0725719928741455">
    <system-out>1..3
ok 1 - Equals
ok 2 - Equals
ok 3 - Equals
</system-out>
    <testcase name="Equals (939)" classname="spec_perl_TestCastToTop_t" time="0.000192880630493164" />
    <testcase name="Equals (940)" classname="spec_perl_TestCastToTop_t" time="8.89301300048828e-05" />
    <testcase name="Equals (941)" classname="spec_perl_TestCastToTop_t" time="6.19888305664062e-05" />
  </testsuite>
  <testsuite name="spec_perl_TestExprCalcArrayOps_t" errors="0" failures="0" skipped="0" tests="18" time="0.0776510238647461">
    <system-out>1..18
ok 1 - Equals
ok 2 - Equals
ok 3 - Equals
ok 4 - Equals
ok 5 - Equals
ok 6 - Equals
ok 7 - Equals
ok 8 - Approx equals
ok 9 - Approx equals
ok 10 - Approx equals
ok 11 - Approx equals
ok 12 - Approx equals
ok 13 - Equals
ok 14 - Equals
ok 15 - Equals
ok 16 - Equals
ok 17 - Equals
ok 18 - Equals
</system-out>
    <testcase name="Equals (942)" classname="spec_perl_TestExprCalcArrayOps_t" time="0.000576019287109375" />
    <testcase name="Equals (943)" classname="spec_perl_TestExprCalcArrayOps_t" time="0.000321149826049805" />
    <testcase name="Equals (944)" classname="spec_perl_TestExprCalcArrayOps_t" time="0.000288963317871094" />
    <testcase name="Equals (945)" classname="spec_perl_TestExprCalcArrayOps_t" time="0.000264883041381836" />
    <testcase name="Equals (946)" classname="spec_perl_TestExprCalcArrayOps_t" time="0.000266075134277344" />
    <testcase name="Equals (947)" classname="spec_perl_TestExprCalcArrayOps_t" time="0.000264883041381836" />
    <testcase name="Equals (948)" classname="spec_perl_TestExprCalcArrayOps_t" time="0.000259160995483398" />
    <testcase name="Approx equals (948)" classname="spec_perl_TestExprCalcArrayOps_t" time="0.000164985656738281" />
    <testcase name="Approx equals (949)" classname="spec_perl_TestExprCalcArrayOps_t" time="0.000143051147460938" />
    <testcase name="Approx equals (950)" classname="spec_perl_TestExprCalcArrayOps_t" time="0.000136852264404297" />
    <testcase name="Approx equals (951)" classname="spec_perl_TestExprCalcArrayOps_t" time="0.00014495849609375" />
    <testcase name="Approx equals (952)" classname="spec_perl_TestExprCalcArrayOps_t" time="0.000137090682983398" />
    <testcase name="Equals (952)" classname="spec_perl_TestExprCalcArrayOps_t" time="0.000268936157226562" />
    <testcase name="Equals (953)" classname="spec_perl_TestExprCalcArrayOps_t" time="0.00027012825012207" />
    <testcase name="Equals (954)" classname="spec_perl_TestExprCalcArrayOps_t" time="0.000316858291625977" />
    <testcase name="Equals (955)" classname="spec_perl_TestExprCalcArrayOps_t" time="0.000267982482910156" />
    <testcase name="Equals (956)" classname="spec_perl_TestExprCalcArrayOps_t" time="0.000259160995483398" />
    <testcase name="Equals (957)" classname="spec_perl_TestExprCalcArrayOps_t" time="0.00025486946105957" />
  </testsuite>
  <testsuite name="spec_perl_TestUserType_t" errors="0" failures="0" skipped="0" tests="2" time="0.0722949504852295">
    <system-out>1..2
ok 1 - Equals
ok 2 - Equals
</system-out>
    <testcase name="Equals (958)" classname="spec_perl_TestUserType_t" time="0.00020909309387207" />
    <testcase name="Equals (959)" classname="spec_perl_TestUserType_t" time="6.103515625e-05" />
  </testsuite>
  <testsuite name="spec_perl_TestEosExceptionBytes_t" errors="0" failures="0" skipped="0" tests="1" time="0.0748989582061768">
    <system-out>1..1
ok 1 - threw /^Requested \d+ bytes, but only \d+ bytes available/
</system-out>
    <testcase name="threw /^Requested \d+ bytes, but only \d+ bytes available/ (959)" classname="spec_perl_TestEosExceptionBytes_t" time="0.000458002090454102" />
  </testsuite>
  <testsuite name="spec_perl_TestStrPadTermEmpty_t" errors="0" failures="0" skipped="0" tests="4" time="0.0781040191650391">
    <system-out>1..4
ok 1 - Equals
ok 2 - Equals
ok 3 - Equals
ok 4 - Equals
</system-out>
    <testcase name="Equals (960)" classname="spec_perl_TestStrPadTermEmpty_t" time="0.000250101089477539" />
    <testcase name="Equals (961)" classname="spec_perl_TestStrPadTermEmpty_t" time="6.4849853515625e-05" />
    <testcase name="Equals (962)" classname="spec_perl_TestStrPadTermEmpty_t" time="0.000141143798828125" />
    <testcase name="Equals (963)" classname="spec_perl_TestStrPadTermEmpty_t" time="0.000130891799926758" />
  </testsuite>
  <testsuite name="spec_perl_TestRepeatEosU4_t" errors="0" failures="0" skipped="0" tests="1" time="0.0720610618591309">
    <system-out>1..1
ok 1 - Equals
</system-out>
    <testcase name="Equals (964)" classname="spec_perl_TestRepeatEosU4_t" time="0.000162839889526367" />
  </testsuite>
  <testsuite name="spec_perl_TestNavRoot_t" errors="0" failures="0" skipped="0" tests="5" time="0.0771229267120361">
    <system-out>1..5
ok 1 - Equals
ok 2 - Equals
ok 3 - Equals
ok 4 - Equals
ok 5 - Equals
</system-out>
    <testcase name="Equals (965)" classname="spec_perl_TestNavRoot_t" time="0.00023198127746582" />
    <testcase name="Equals (966)" classname="spec_perl_TestNavRoot_t" time="0.000108957290649414" />
    <testcase name="Equals (967)" classname="spec_perl_TestNavRoot_t" time="8.20159912109375e-05" />
    <testcase name="Equals (968)" classname="spec_perl_TestNavRoot_t" time="7.20024108886719e-05" />
    <testcase name="Equals (969)" classname="spec_perl_TestNavRoot_t" time="0.000152111053466797" />
  </testsuite>
  <testsuite name="spec_perl_TestEnumOfValueInst_t" errors="0" failures="0" skipped="0" tests="4" time="0.0731232166290283">
    <system-out>1..4
ok 1 - Equals
ok 2 - Equals
ok 3 - Equals
ok 4 - Equals
</system-out>
    <testcase name="Equals (970)" classname="spec_perl_TestEnumOfValueInst_t" time="0.000260829925537109" />
    <testcase name="Equals (971)" classname="spec_perl_TestEnumOfValueInst_t" time="7.70092010498047e-05" />
    <testcase name="Equals (972)" classname="spec_perl_TestEnumOfValueInst_t" time="8.41617584228516e-05" />
    <testcase name="Equals (973)" classname="spec_perl_TestEnumOfValueInst_t" time="7.39097595214844e-05" />
  </testsuite>
  <testsuite name="spec_perl_TestBitsUnalignedB64Le_t" errors="0" failures="0" skipped="0" tests="3" time="0.0719039440155029">
    <system-out>1..3
ok 1 - Equals
ok 2 - Equals
ok 3 - Equals
</system-out>
    <testcase name="Equals (974)" classname="spec_perl_TestBitsUnalignedB64Le_t" time="0.000237941741943359" />
    <testcase name="Equals (975)" classname="spec_perl_TestBitsUnalignedB64Le_t" time="7.79628753662109e-05" />
    <testcase name="Equals (976)" classname="spec_perl_TestBitsUnalignedB64Le_t" time="0.000100135803222656" />
  </testsuite>
  <testsuite name="spec_perl_TestProcessRepeatUsertype_t" errors="0" failures="0" skipped="0" tests="4" time="0.0732619762420654">
    <system-out>1..4
ok 1 - Equals
ok 2 - Equals
ok 3 - Equals
ok 4 - Equals
</system-out>
    <testcase name="Equals (977)" classname="spec_perl_TestProcessRepeatUsertype_t" time="0.000638961791992188" />
    <testcase name="Equals (978)" classname="spec_perl_TestProcessRepeatUsertype_t" time="6.91413879394531e-05" />
    <testcase name="Equals (979)" classname="spec_perl_TestProcessRepeatUsertype_t" time="0.000137805938720703" />
    <testcase name="Equals (980)" classname="spec_perl_TestProcessRepeatUsertype_t" time="0.00011897087097168" />
  </testsuite>
  <testsuite name="spec_perl_TestTypeTernary2ndFalsy_t" errors="0" failures="0" skipped="0" tests="13" time="0.0738599300384521">
    <system-out>1..13
ok 1 - Equals
ok 2 - Equals
ok 3 - Equals
ok 4 - Approx equals
ok 5 - Approx equals
ok 6 - Equals
ok 7 - Equals
ok 8 - Equals
ok 9 - nil
ok 10 - Equals
ok 11 - Equals
ok 12 - Equals
ok 13 - Equals
</system-out>
    <testcase name="Equals (981)" classname="spec_perl_TestTypeTernary2ndFalsy_t" time="0.000159025192260742" />
    <testcase name="Equals (982)" classname="spec_perl_TestTypeTernary2ndFalsy_t" time="9.48905944824219e-05" />
    <testcase name="Equals (983)" classname="spec_perl_TestTypeTernary2ndFalsy_t" time="0.000159025192260742" />
    <testcase name="Approx equals (983)" classname="spec_perl_TestTypeTernary2ndFalsy_t" time="4.79221343994141e-05" />
    <testcase name="Approx equals (984)" classname="spec_perl_TestTypeTernary2ndFalsy_t" time="4.1961669921875e-05" />
    <testcase name="Equals (984)" classname="spec_perl_TestTypeTernary2ndFalsy_t" time="0.000133037567138672" />
    <testcase name="Equals (985)" classname="spec_perl_TestTypeTernary2ndFalsy_t" time="0.000146150588989258" />
    <testcase name="Equals (986)" classname="spec_perl_TestTypeTernary2ndFalsy_t" time="0.000133037567138672" />
    <testcase name="nil (986)" classname="spec_perl_TestTypeTernary2ndFalsy_t" time="4.38690185546875e-05" />
    <testcase name="Equals (987)" classname="spec_perl_TestTypeTernary2ndFalsy_t" time="0.000123023986816406" />
    <testcase name="Equals (988)" classname="spec_perl_TestTypeTernary2ndFalsy_t" time="0.000123977661132812" />
    <testcase name="Equals (989)" classname="spec_perl_TestTypeTernary2ndFalsy_t" time="0.000143051147460938" />
    <testcase name="Equals (990)" classname="spec_perl_TestTypeTernary2ndFalsy_t" time="0.000120878219604492" />
  </testsuite>
</testsuites>
