<?xml version='1.0' encoding='utf-8'?>
<testsuites>
  <testsuite name="spec_perl_TestRepeatNStruct_t" errors="0" failures="0" skipped="0" tests="5" time="0.0537769794464111">
    <system-out>1..5
ok 1 - Equals
ok 2 - Equals
ok 3 - Equals
ok 4 - Equals
ok 5 - Equals
</system-out>
    <testcase name="Equals" classname="spec_perl_TestRepeatNStruct_t" time="0.000199079513549805" />
    <testcase name="Equals (2)" classname="spec_perl_TestRepeatNStruct_t" time="9.10758972167969e-05" />
    <testcase name="Equals (3)" classname="spec_perl_TestRepeatNStruct_t" time="0.000113010406494141" />
    <testcase name="Equals (4)" classname="spec_perl_TestRepeatNStruct_t" time="0.000107049942016602" />
    <testcase name="Equals (5)" classname="spec_perl_TestRepeatNStruct_t" time="0.000105857849121094" />
  </testsuite>
  <testsuite name="spec_perl_TestNonStandard_t" errors="0" failures="0" skipped="0" tests="1" time="0.0523028373718262">
    <system-out>1..1
ok 1 - Equals
</system-out>
    <testcase name="Equals (6)" classname="spec_perl_TestNonStandard_t" time="0.000129938125610352" />
  </testsuite>
  <testsuite name="spec_perl_TestBytesPadTerm_t" errors="0" failures="0" skipped="0" tests="4" time="0.0542659759521484">
    <system-out>1..4
ok 1 - Equals
ok 2 - Equals
ok 3 - Equals
ok 4 - Equals
</system-out>
    <testcase name="Equals (7)" classname="spec_perl_TestBytesPadTerm_t" time="0.000196933746337891" />
    <testcase name="Equals (8)" classname="spec_perl_TestBytesPadTerm_t" time="9.29832458496094e-05" />
    <testcase name="Equals (9)" classname="spec_perl_TestBytesPadTerm_t" time="0.000135898590087891" />
    <testcase name="Equals (10)" classname="spec_perl_TestBytesPadTerm_t" time="0.000116109848022461" />
  </testsuite>
  <testsuite name="spec_perl_TestSwitchManualStrElse_t" errors="0" failures="0" skipped="0" tests="9" time="0.0575249195098877">
    <system-out>1..9
ok 1 - Equals
ok 2 - Equals
ok 3 - Equals
ok 4 - Equals
ok 5 - Equals
ok 6 - Equals
ok 7 - Equals
ok 8 - Equals
ok 9 - Equals
</system-out>
    <testcase name="Equals (11)" classname="spec_perl_TestSwitchManualStrElse_t" time="0.000281095504760742" />
    <testcase name="Equals (12)" classname="spec_perl_TestSwitchManualStrElse_t" time="6.79492950439453e-05" />
    <testcase name="Equals (13)" classname="spec_perl_TestSwitchManualStrElse_t" time="8.60691070556641e-05" />
    <testcase name="Equals (14)" classname="spec_perl_TestSwitchManualStrElse_t" time="0.000168800354003906" />
    <testcase name="Equals (15)" classname="spec_perl_TestSwitchManualStrElse_t" time="6.22272491455078e-05" />
    <testcase name="Equals (16)" classname="spec_perl_TestSwitchManualStrElse_t" time="0.000108957290649414" />
    <testcase name="Equals (17)" classname="spec_perl_TestSwitchManualStrElse_t" time="9.98973846435547e-05" />
    <testcase name="Equals (18)" classname="spec_perl_TestSwitchManualStrElse_t" time="0.000154972076416016" />
    <testcase name="Equals (19)" classname="spec_perl_TestSwitchManualStrElse_t" time="8.51154327392578e-05" />
  </testsuite>
  <testsuite name="spec_perl_TestExprFstring0_t" errors="0" failures="0" skipped="0" tests="9" time="0.0578789710998535">
    <system-out>1..9
ok 1 - Equals
ok 2 - Equals
ok 3 - Equals
ok 4 - Equals
ok 5 - Equals
ok 6 - Equals
ok 7 - Equals
ok 8 - Equals
ok 9 - Equals
</system-out>
    <testcase name="Equals (20)" classname="spec_perl_TestExprFstring0_t" time="0.000168800354003906" />
    <testcase name="Equals (21)" classname="spec_perl_TestExprFstring0_t" time="5.50746917724609e-05" />
    <testcase name="Equals (22)" classname="spec_perl_TestExprFstring0_t" time="0.000107049942016602" />
    <testcase name="Equals (23)" classname="spec_perl_TestExprFstring0_t" time="0.000159978866577148" />
    <testcase name="Equals (24)" classname="spec_perl_TestExprFstring0_t" time="7.39097595214844e-05" />
    <testcase name="Equals (25)" classname="spec_perl_TestExprFstring0_t" time="0.000152111053466797" />
    <testcase name="Equals (26)" classname="spec_perl_TestExprFstring0_t" time="7.00950622558594e-05" />
    <testcase name="Equals (27)" classname="spec_perl_TestExprFstring0_t" time="9.89437103271484e-05" />
    <testcase name="Equals (28)" classname="spec_perl_TestExprFstring0_t" time="0.000112056732177734" />
  </testsuite>
  <testsuite name="spec_perl_TestEnumLongRangeS_t" errors="0" failures="0" skipped="0" tests="7" time="0.0538849830627441">
    <system-out>1..7
ok 1 - Equals
ok 2 - Equals
ok 3 - Equals
ok 4 - Equals
ok 5 - Equals
ok 6 - Equals
ok 7 - Equals
</system-out>
    <testcase name="Equals (29)" classname="spec_perl_TestEnumLongRangeS_t" time="0.000185966491699219" />
    <testcase name="Equals (30)" classname="spec_perl_TestEnumLongRangeS_t" time="9.70363616943359e-05" />
    <testcase name="Equals (31)" classname="spec_perl_TestEnumLongRangeS_t" time="0.000102043151855469" />
    <testcase name="Equals (32)" classname="spec_perl_TestEnumLongRangeS_t" time="0.000110864639282227" />
    <testcase name="Equals (33)" classname="spec_perl_TestEnumLongRangeS_t" time="0.000110149383544922" />
    <testcase name="Equals (34)" classname="spec_perl_TestEnumLongRangeS_t" time="0.000102996826171875" />
    <testcase name="Equals (35)" classname="spec_perl_TestEnumLongRangeS_t" time="0.000104904174804688" />
  </testsuite>
  <testsuite name="spec_perl_TestEnumToIInvalid_t" errors="0" failures="0" skipped="0" tests="8" time="0.0528619289398193">
    <system-out>1..8
ok 1 - Equals
ok 2 - Equals
ok 3 - Equals
ok 4 - Equals
ok 5 - Equals
ok 6 - Equals
ok 7 - Equals
ok 8 - Equals
</system-out>
    <testcase name="Equals (36)" classname="spec_perl_TestEnumToIInvalid_t" time="0.000199079513549805" />
    <testcase name="Equals (37)" classname="spec_perl_TestEnumToIInvalid_t" time="8.98838043212891e-05" />
    <testcase name="Equals (38)" classname="spec_perl_TestEnumToIInvalid_t" time="0.000108003616333008" />
    <testcase name="Equals (39)" classname="spec_perl_TestEnumToIInvalid_t" time="0.00011897087097168" />
    <testcase name="Equals (40)" classname="spec_perl_TestEnumToIInvalid_t" time="0.000109195709228516" />
    <testcase name="Equals (41)" classname="spec_perl_TestEnumToIInvalid_t" time="9.89437103271484e-05" />
    <testcase name="Equals (42)" classname="spec_perl_TestEnumToIInvalid_t" time="8.79764556884766e-05" />
    <testcase name="Equals (43)" classname="spec_perl_TestEnumToIInvalid_t" time="9.60826873779297e-05" />
  </testsuite>
  <testsuite name="spec_perl_TestCombineBool_t" errors="0" failures="0" skipped="0" tests="2" time="0.0521597862243652">
    <system-out>1..2
ok 1 - Equals
ok 2 - Equals
</system-out>
    <testcase name="Equals (44)" classname="spec_perl_TestCombineBool_t" time="0.000115156173706055" />
    <testcase name="Equals (45)" classname="spec_perl_TestCombineBool_t" time="9.20295715332031e-05" />
  </testsuite>
  <testsuite name="spec_perl_TestZlibWithHeader78_t" errors="0" failures="0" skipped="0" tests="1" time="0.0747218132019043">
    <system-out>1..1
ok 1 - Equals
</system-out>
    <testcase name="Equals (46)" classname="spec_perl_TestZlibWithHeader78_t" time="0.000277042388916016" />
  </testsuite>
  <testsuite name="spec_perl_TestRepeatEosU4_t" errors="0" failures="0" skipped="0" tests="1" time="0.0529448986053467">
    <system-out>1..1
ok 1 - Equals
</system-out>
    <testcase name="Equals (47)" classname="spec_perl_TestRepeatEosU4_t" time="0.000131845474243164" />
  </testsuite>
  <testsuite name="spec_perl_TestExprStrOps_t" errors="0" failures="0" skipped="0" tests="17" time="0.0588119029998779">
    <system-out>1..17
ok 1 - Equals
ok 2 - Equals
ok 3 - Equals
ok 4 - Equals
ok 5 - Equals
ok 6 - Equals
ok 7 - Equals
ok 8 - Equals
ok 9 - Equals
ok 10 - Equals
ok 11 - Equals
ok 12 - Equals
ok 13 - Equals
ok 14 - Equals
ok 15 - Equals
ok 16 - Equals
ok 17 - Equals
</system-out>
    <testcase name="Equals (48)" classname="spec_perl_TestExprStrOps_t" time="0.000194072723388672" />
    <testcase name="Equals (49)" classname="spec_perl_TestExprStrOps_t" time="0.000114917755126953" />
    <testcase name="Equals (50)" classname="spec_perl_TestExprStrOps_t" time="0.000123023986816406" />
    <testcase name="Equals (51)" classname="spec_perl_TestExprStrOps_t" time="0.000119924545288086" />
    <testcase name="Equals (52)" classname="spec_perl_TestExprStrOps_t" time="0.000112056732177734" />
    <testcase name="Equals (53)" classname="spec_perl_TestExprStrOps_t" time="0.000110864639282227" />
    <testcase name="Equals (54)" classname="spec_perl_TestExprStrOps_t" time="0.000102996826171875" />
    <testcase name="Equals (55)" classname="spec_perl_TestExprStrOps_t" time="0.000111103057861328" />
    <testcase name="Equals (56)" classname="spec_perl_TestExprStrOps_t" time="0.000104904174804688" />
    <testcase name="Equals (57)" classname="spec_perl_TestExprStrOps_t" time="0.000106096267700195" />
    <testcase name="Equals (58)" classname="spec_perl_TestExprStrOps_t" time="0.000108957290649414" />
    <testcase name="Equals (59)" classname="spec_perl_TestExprStrOps_t" time="0.000108003616333008" />
    <testcase name="Equals (60)" classname="spec_perl_TestExprStrOps_t" time="0.000102043151855469" />
    <testcase name="Equals (61)" classname="spec_perl_TestExprStrOps_t" time="0.000106096267700195" />
    <testcase name="Equals (62)" classname="spec_perl_TestExprStrOps_t" time="0.000108003616333008" />
    <testcase name="Equals (63)" classname="spec_perl_TestExprStrOps_t" time="9.98973846435547e-05" />
    <testcase name="Equals (64)" classname="spec_perl_TestExprStrOps_t" time="9.98973846435547e-05" />
  </testsuite>
  <testsuite name="spec_perl_TestBitsUnalignedB32Be_t" errors="0" failures="0" skipped="0" tests="3" time="0.052699089050293">
    <system-out>1..3
ok 1 - Equals
ok 2 - Equals
ok 3 - Equals
</system-out>
    <testcase name="Equals (65)" classname="spec_perl_TestBitsUnalignedB32Be_t" time="0.000178098678588867" />
    <testcase name="Equals (66)" classname="spec_perl_TestBitsUnalignedB32Be_t" time="9.79900360107422e-05" />
    <testcase name="Equals (67)" classname="spec_perl_TestBitsUnalignedB32Be_t" time="0.000111818313598633" />
  </testsuite>
  <testsuite name="spec_perl_TestStrLiterals_t" errors="0" failures="0" skipped="0" tests="5" time="0.0535669326782227">
    <system-out>1..5
ok 1 - Equals
ok 2 - Equals
ok 3 - Equals
ok 4 - Equals
ok 5 - Equals
</system-out>
    <testcase name="Equals (68)" classname="spec_perl_TestStrLiterals_t" time="0.000159978866577148" />
    <testcase name="Equals (69)" classname="spec_perl_TestStrLiterals_t" time="0.000101089477539062" />
    <testcase name="Equals (70)" classname="spec_perl_TestStrLiterals_t" time="0.000140905380249023" />
    <testcase name="Equals (71)" classname="spec_perl_TestStrLiterals_t" time="0.00012516975402832" />
    <testcase name="Equals (72)" classname="spec_perl_TestStrLiterals_t" time="0.000104904174804688" />
  </testsuite>
  <testsuite name="spec_perl_TestSwitchMultiBoolOps_t" errors="0" failures="0" skipped="0" tests="9" time="0.0532469749450684">
    <system-out>1..9
ok 1 - Equals
ok 2 - Equals
ok 3 - Equals
ok 4 - Equals
ok 5 - Equals
ok 6 - Equals
ok 7 - Equals
ok 8 - Equals
ok 9 - Equals
</system-out>
    <testcase name="Equals (73)" classname="spec_perl_TestSwitchMultiBoolOps_t" time="0.000247955322265625" />
    <testcase name="Equals (74)" classname="spec_perl_TestSwitchMultiBoolOps_t" time="0.000116109848022461" />
    <testcase name="Equals (75)" classname="spec_perl_TestSwitchMultiBoolOps_t" time="0.000114917755126953" />
    <testcase name="Equals (76)" classname="spec_perl_TestSwitchMultiBoolOps_t" time="0.000117063522338867" />
    <testcase name="Equals (77)" classname="spec_perl_TestSwitchMultiBoolOps_t" time="0.000105857849121094" />
    <testcase name="Equals (78)" classname="spec_perl_TestSwitchMultiBoolOps_t" time="0.000104188919067383" />
    <testcase name="Equals (79)" classname="spec_perl_TestSwitchMultiBoolOps_t" time="0.000103950500488281" />
    <testcase name="Equals (80)" classname="spec_perl_TestSwitchMultiBoolOps_t" time="0.000107049942016602" />
    <testcase name="Equals (81)" classname="spec_perl_TestSwitchMultiBoolOps_t" time="0.000100851058959961" />
  </testsuite>
  <testsuite name="spec_perl_TestSwitchElseOnly_t" errors="0" failures="0" skipped="0" tests="3" time="0.0526609420776367">
    <system-out>1..3
ok 1 - Equals
ok 2 - Equals
ok 3 - Equals
</system-out>
    <testcase name="Equals (82)" classname="spec_perl_TestSwitchElseOnly_t" time="0.0001678466796875" />
    <testcase name="Equals (83)" classname="spec_perl_TestSwitchElseOnly_t" time="8.51154327392578e-05" />
    <testcase name="Equals (84)" classname="spec_perl_TestSwitchElseOnly_t" time="0.000166893005371094" />
  </testsuite>
  <testsuite name="spec_perl_TestExprArray_t" errors="0" failures="0" skipped="0" tests="15" time="0.0597729682922363">
    <system-out>1..15
ok 1 - Equals
ok 2 - Equals
ok 3 - Equals
ok 4 - Equals
ok 5 - Equals
ok 6 - Equals
ok 7 - Approx equals
ok 8 - Approx equals
ok 9 - Approx equals
ok 10 - Approx equals
ok 11 - Equals
ok 12 - Equals
ok 13 - Equals
ok 14 - Equals
ok 15 - Equals
</system-out>
    <testcase name="Equals (85)" classname="spec_perl_TestExprArray_t" time="0.000268936157226562" />
    <testcase name="Equals (86)" classname="spec_perl_TestExprArray_t" time="9.41753387451172e-05" />
    <testcase name="Equals (87)" classname="spec_perl_TestExprArray_t" time="0.000103950500488281" />
    <testcase name="Equals (88)" classname="spec_perl_TestExprArray_t" time="0.00010991096496582" />
    <testcase name="Equals (89)" classname="spec_perl_TestExprArray_t" time="0.000100135803222656" />
    <testcase name="Equals (90)" classname="spec_perl_TestExprArray_t" time="0.000108003616333008" />
    <testcase name="Approx equals (90)" classname="spec_perl_TestExprArray_t" time="6.103515625e-05" />
    <testcase name="Approx equals (91)" classname="spec_perl_TestExprArray_t" time="3.88622283935547e-05" />
    <testcase name="Approx equals (92)" classname="spec_perl_TestExprArray_t" time="3.50475311279297e-05" />
    <testcase name="Approx equals (93)" classname="spec_perl_TestExprArray_t" time="3.19480895996094e-05" />
    <testcase name="Equals (93)" classname="spec_perl_TestExprArray_t" time="0.0001220703125" />
    <testcase name="Equals (94)" classname="spec_perl_TestExprArray_t" time="0.000110864639282227" />
    <testcase name="Equals (95)" classname="spec_perl_TestExprArray_t" time="0.000104188919067383" />
    <testcase name="Equals (96)" classname="spec_perl_TestExprArray_t" time="0.000134944915771484" />
    <testcase name="Equals (97)" classname="spec_perl_TestExprArray_t" time="0.00010991096496582" />
  </testsuite>
  <testsuite name="spec_perl_TestEnumIntRangeS_t" errors="0" failures="0" skipped="0" tests="3" time="0.0534050464630127">
    <system-out>1..3
ok 1 - Equals
ok 2 - Equals
ok 3 - Equals
</system-out>
    <testcase name="Equals (98)" classname="spec_perl_TestEnumIntRangeS_t" time="0.000137090682983398" />
    <testcase name="Equals (99)" classname="spec_perl_TestEnumIntRangeS_t" time="9.48905944824219e-05" />
    <testcase name="Equals (100)" classname="spec_perl_TestEnumIntRangeS_t" time="0.000108003616333008" />
  </testsuite>
  <testsuite name="spec_perl_TestImportsAbsRel_t" errors="0" failures="0" skipped="0" tests="3" time="0.0535671710968018">
    <system-out>1..3
ok 1 - Equals
ok 2 - Equals
ok 3 - Equals
</system-out>
    <testcase name="Equals (101)" classname="spec_perl_TestImportsAbsRel_t" time="0.000185966491699219" />
    <testcase name="Equals (102)" classname="spec_perl_TestImportsAbsRel_t" time="8.60691070556641e-05" />
    <testcase name="Equals (103)" classname="spec_perl_TestImportsAbsRel_t" time="0.00010991096496582" />
  </testsuite>
  <testsuite name="spec_perl_TestCastToTop_t" errors="0" failures="0" skipped="0" tests="3" time="0.0528640747070312">
    <system-out>1..3
ok 1 - Equals
ok 2 - Equals
ok 3 - Equals
</system-out>
    <testcase name="Equals (104)" classname="spec_perl_TestCastToTop_t" time="0.000179052352905273" />
    <testcase name="Equals (105)" classname="spec_perl_TestCastToTop_t" time="0.000108003616333008" />
    <testcase name="Equals (106)" classname="spec_perl_TestCastToTop_t" time="0.000116109848022461" />
  </testsuite>
  <testsuite name="spec_perl_TestExprBits_t" errors="0" failures="0" skipped="0" tests="10" time="0.0543680191040039">
    <system-out>1..10
ok 1 - Equals
ok 2 - Equals
ok 3 - Equals
ok 4 - Equals
ok 5 - Equals
ok 6 - Equals
ok 7 - Equals
ok 8 - Equals
ok 9 - Equals
ok 10 - Equals
</system-out>
    <testcase name="Equals (107)" classname="spec_perl_TestExprBits_t" time="0.000216960906982422" />
    <testcase name="Equals (108)" classname="spec_perl_TestExprBits_t" time="6.60419464111328e-05" />
    <testcase name="Equals (109)" classname="spec_perl_TestExprBits_t" time="0.000178098678588867" />
    <testcase name="Equals (110)" classname="spec_perl_TestExprBits_t" time="0.0001678466796875" />
    <testcase name="Equals (111)" classname="spec_perl_TestExprBits_t" time="0.000159978866577148" />
    <testcase name="Equals (112)" classname="spec_perl_TestExprBits_t" time="0.000161170959472656" />
    <testcase name="Equals (113)" classname="spec_perl_TestExprBits_t" time="0.000157833099365234" />
    <testcase name="Equals (114)" classname="spec_perl_TestExprBits_t" time="0.000159025192260742" />
    <testcase name="Equals (115)" classname="spec_perl_TestExprBits_t" time="0.000160932540893555" />
    <testcase name="Equals (116)" classname="spec_perl_TestExprBits_t" time="0.000179052352905273" />
  </testsuite>
  <testsuite name="spec_perl_TestDocstrings_t" errors="0" failures="0" skipped="1" tests="1" time="0.0542309284210205">
    <system-out>1..1
ok 1 # skip Docstrings=HASH(0x55f87b8a8c70)
</system-out>
    <testcase name="Unnamed test case 116" classname="spec_perl_TestDocstrings_t" time="0.00094294548034668">
      <skipped message="ok 1 # skip Docstrings=HASH(0x55f87b8a8c70)" />
    </testcase>
  </testsuite>
  <testsuite name="spec_perl_TestEofExceptionU4_t" errors="0" failures="0" skipped="0" tests="1" time="0.0545721054077148">
    <system-out>1..1
ok 1 - threw /^Requested \d+ bytes, but only \d+ bytes available/
</system-out>
    <testcase name="threw /^Requested \d+ bytes, but only \d+ bytes available/ (116)" classname="spec_perl_TestEofExceptionU4_t" time="0.000123023986816406" />
  </testsuite>
  <testsuite name="spec_perl_TestNestedSameName_t" errors="0" failures="0" skipped="0" tests="2" time="0.0546920299530029">
    <system-out>1..2
ok 1 - Equals
ok 2 - Equals
</system-out>
    <testcase name="Equals (117)" classname="spec_perl_TestNestedSameName_t" time="0.000209808349609375" />
    <testcase name="Equals (118)" classname="spec_perl_TestNestedSameName_t" time="8.82148742675781e-05" />
  </testsuite>
  <testsuite name="spec_perl_TestExprBytesNonLiteral_t" errors="0" failures="0" skipped="0" tests="3" time="0.0541648864746094">
    <system-out>1..3
ok 1 - Equals
ok 2 - Equals
ok 3 - Equals
</system-out>
    <testcase name="Equals (119)" classname="spec_perl_TestExprBytesNonLiteral_t" time="0.000136852264404297" />
    <testcase name="Equals (120)" classname="spec_perl_TestExprBytesNonLiteral_t" time="5.91278076171875e-05" />
    <testcase name="Equals (121)" classname="spec_perl_TestExprBytesNonLiteral_t" time="0.000131845474243164" />
  </testsuite>
  <testsuite name="spec_perl_TestEnumDeep_t" errors="0" failures="0" skipped="0" tests="2" time="0.0530738830566406">
    <system-out>1..2
ok 1 - Equals
ok 2 - Equals
</system-out>
    <testcase name="Equals (122)" classname="spec_perl_TestEnumDeep_t" time="0.000138044357299805" />
    <testcase name="Equals (123)" classname="spec_perl_TestEnumDeep_t" time="8.41617584228516e-05" />
  </testsuite>
  <testsuite name="spec_perl_TestSwitchRepeatExprInvalid_t" errors="0" failures="0" skipped="0" tests="3" time="0.0526478290557861">
    <system-out>1..3
ok 1 - Equals
ok 2 - Equals
ok 3 - Equals
</system-out>
    <testcase name="Equals (124)" classname="spec_perl_TestSwitchRepeatExprInvalid_t" time="0.00019383430480957" />
    <testcase name="Equals (125)" classname="spec_perl_TestSwitchRepeatExprInvalid_t" time="0.000106096267700195" />
    <testcase name="Equals (126)" classname="spec_perl_TestSwitchRepeatExprInvalid_t" time="0.000113964080810547" />
  </testsuite>
  <testsuite name="spec_perl_TestFloatingPoints_t" errors="0" failures="0" skipped="0" tests="8" time="0.0537211894989014">
    <system-out>1..8
ok 1 - Approx equals
ok 2 - Approx equals
ok 3 - Approx equals
ok 4 - Approx equals
ok 5 - Approx equals
ok 6 - Approx equals
ok 7 - Approx equals
ok 8 - Approx equals
</system-out>
    <testcase name="Approx equals (126)" classname="spec_perl_TestFloatingPoints_t" time="0.000124931335449219" />
    <testcase name="Approx equals (127)" classname="spec_perl_TestFloatingPoints_t" time="5.88893890380859e-05" />
    <testcase name="Approx equals (128)" classname="spec_perl_TestFloatingPoints_t" time="7.41481781005859e-05" />
    <testcase name="Approx equals (129)" classname="spec_perl_TestFloatingPoints_t" time="3.29017639160156e-05" />
    <testcase name="Approx equals (130)" classname="spec_perl_TestFloatingPoints_t" time="4.50611114501953e-05" />
    <testcase name="Approx equals (131)" classname="spec_perl_TestFloatingPoints_t" time="3.00407409667969e-05" />
    <testcase name="Approx equals (132)" classname="spec_perl_TestFloatingPoints_t" time="2.59876251220703e-05" />
    <testcase name="Approx equals (133)" classname="spec_perl_TestFloatingPoints_t" time="3.79085540771484e-05" />
  </testsuite>
  <testsuite name="spec_perl_TestRepeatNStrzDouble_t" errors="0" failures="0" skipped="0" tests="3" time="0.0570590496063232">
    <system-out>1..3
ok 1 - Equals
ok 2 - Equals
ok 3 - Equals
</system-out>
    <testcase name="Equals (133)" classname="spec_perl_TestRepeatNStrzDouble_t" time="0.000240802764892578" />
    <testcase name="Equals (134)" classname="spec_perl_TestRepeatNStrzDouble_t" time="9.01222229003906e-05" />
    <testcase name="Equals (135)" classname="spec_perl_TestRepeatNStrzDouble_t" time="8.29696655273438e-05" />
  </testsuite>
  <testsuite name="spec_perl_TestSwitchBytearray_t" errors="0" failures="0" skipped="0" tests="9" time="0.057204008102417">
    <system-out>1..9
ok 1 - Equals
ok 2 - Equals
ok 3 - Equals
ok 4 - Equals
ok 5 - Equals
ok 6 - Equals
ok 7 - Equals
ok 8 - Equals
ok 9 - Equals
</system-out>
    <testcase name="Equals (136)" classname="spec_perl_TestSwitchBytearray_t" time="0.000235080718994141" />
    <testcase name="Equals (137)" classname="spec_perl_TestSwitchBytearray_t" time="0.000112056732177734" />
    <testcase name="Equals (138)" classname="spec_perl_TestSwitchBytearray_t" time="0.000114917755126953" />
    <testcase name="Equals (139)" classname="spec_perl_TestSwitchBytearray_t" time="0.000104904174804688" />
    <testcase name="Equals (140)" classname="spec_perl_TestSwitchBytearray_t" time="0.000106096267700195" />
    <testcase name="Equals (141)" classname="spec_perl_TestSwitchBytearray_t" time="0.000106096267700195" />
    <testcase name="Equals (142)" classname="spec_perl_TestSwitchBytearray_t" time="0.000103950500488281" />
    <testcase name="Equals (143)" classname="spec_perl_TestSwitchBytearray_t" time="0.000103950500488281" />
    <testcase name="Equals (144)" classname="spec_perl_TestSwitchBytearray_t" time="0.00010991096496582" />
  </testsuite>
  <testsuite name="spec_perl_TestBitsUnalignedB64Le_t" errors="0" failures="0" skipped="0" tests="3" time="0.0551421642303467">
    <system-out>1..3
ok 1 - Equals
ok 2 - Equals
ok 3 - Equals
</system-out>
    <testcase name="Equals (145)" classname="spec_perl_TestBitsUnalignedB64Le_t" time="0.000238895416259766" />
    <testcase name="Equals (146)" classname="spec_perl_TestBitsUnalignedB64Le_t" time="0.000133991241455078" />
    <testcase name="Equals (147)" classname="spec_perl_TestBitsUnalignedB64Le_t" time="0.000175952911376953" />
  </testsuite>
  <testsuite name="spec_perl_TestProcessRepeatUsertype_t" errors="0" failures="0" skipped="0" tests="4" time="0.0538091659545898">
    <system-out>1..4
ok 1 - Equals
ok 2 - Equals
ok 3 - Equals
ok 4 - Equals
</system-out>
    <testcase name="Equals (148)" classname="spec_perl_TestProcessRepeatUsertype_t" time="0.000462055206298828" />
    <testcase name="Equals (149)" classname="spec_perl_TestProcessRepeatUsertype_t" time="9.10758972167969e-05" />
    <testcase name="Equals (150)" classname="spec_perl_TestProcessRepeatUsertype_t" time="0.000113964080810547" />
    <testcase name="Equals (151)" classname="spec_perl_TestProcessRepeatUsertype_t" time="0.000113010406494141" />
  </testsuite>
  <testsuite name="spec_perl_TestExprSizeofType1_t" errors="0" failures="0" skipped="0" tests="2" time="0.0540590286254883">
    <system-out>1..2
ok 1 - Equals
ok 2 - Equals
</system-out>
    <testcase name="Equals (152)" classname="spec_perl_TestExprSizeofType1_t" time="0.000174999237060547" />
    <testcase name="Equals (153)" classname="spec_perl_TestExprSizeofType1_t" time="9.39369201660156e-05" />
  </testsuite>
  <testsuite name="spec_perl_TestSwitchCast_t" errors="0" failures="0" skipped="0" tests="2" time="0.0559580326080322">
    <system-out>1..2
ok 1 - Equals
ok 2 - Equals
</system-out>
    <testcase name="Equals (154)" classname="spec_perl_TestSwitchCast_t" time="0.00032496452331543" />
    <testcase name="Equals (155)" classname="spec_perl_TestSwitchCast_t" time="5.81741333007812e-05" />
  </testsuite>
  <testsuite name="spec_perl_TestCombineBytes_t" errors="0" failures="0" skipped="0" tests="10" time="0.0544190406799316">
    <system-out>1..10
ok 1 - Equals
ok 2 - Equals
ok 3 - Equals
ok 4 - Equals
ok 5 - Equals
ok 6 - Equals
ok 7 - Equals
ok 8 - Equals
ok 9 - Equals
ok 10 - Equals
</system-out>
    <testcase name="Equals (156)" classname="spec_perl_TestCombineBytes_t" time="0.000208854675292969" />
    <testcase name="Equals (157)" classname="spec_perl_TestCombineBytes_t" time="0.000110149383544922" />
    <testcase name="Equals (158)" classname="spec_perl_TestCombineBytes_t" time="0.000107049942016602" />
    <testcase name="Equals (159)" classname="spec_perl_TestCombineBytes_t" time="0.000108957290649414" />
    <testcase name="Equals (160)" classname="spec_perl_TestCombineBytes_t" time="0.000108957290649414" />
    <testcase name="Equals (161)" classname="spec_perl_TestCombineBytes_t" time="0.000112056732177734" />
    <testcase name="Equals (162)" classname="spec_perl_TestCombineBytes_t" time="0.000114917755126953" />
    <testcase name="Equals (163)" classname="spec_perl_TestCombineBytes_t" time="0.000113010406494141" />
    <testcase name="Equals (164)" classname="spec_perl_TestCombineBytes_t" time="0.000108957290649414" />
    <testcase name="Equals (165)" classname="spec_perl_TestCombineBytes_t" time="0.000102043151855469" />
  </testsuite>
  <testsuite name="spec_perl_TestTsPacketHeader_t" errors="0" failures="0" skipped="0" tests="7" time="0.0531821250915527">
    <system-out>1..7
ok 1 - Equals
ok 2 - Equals
ok 3 - Equals
ok 4 - Equals
ok 5 - Equals
ok 6 - Equals
ok 7 - Equals
</system-out>
    <testcase name="Equals (166)" classname="spec_perl_TestTsPacketHeader_t" time="0.000175952911376953" />
    <testcase name="Equals (167)" classname="spec_perl_TestTsPacketHeader_t" time="6.19888305664062e-05" />
    <testcase name="Equals (168)" classname="spec_perl_TestTsPacketHeader_t" time="9.79900360107422e-05" />
    <testcase name="Equals (169)" classname="spec_perl_TestTsPacketHeader_t" time="9.39369201660156e-05" />
    <testcase name="Equals (170)" classname="spec_perl_TestTsPacketHeader_t" time="0.000102043151855469" />
    <testcase name="Equals (171)" classname="spec_perl_TestTsPacketHeader_t" time="9.48905944824219e-05" />
    <testcase name="Equals (172)" classname="spec_perl_TestTsPacketHeader_t" time="0.000107049942016602" />
  </testsuite>
  <testsuite name="spec_perl_TestInstanceIoUser_t" errors="0" failures="0" skipped="0" tests="4" time="0.0568830966949463">
    <system-out>1..4
ok 1 - Equals
ok 2 - Equals
ok 3 - Equals
ok 4 - Equals
</system-out>
    <testcase name="Equals (173)" classname="spec_perl_TestInstanceIoUser_t" time="0.000576019287109375" />
    <testcase name="Equals (174)" classname="spec_perl_TestInstanceIoUser_t" time="0.000133037567138672" />
    <testcase name="Equals (175)" classname="spec_perl_TestInstanceIoUser_t" time="0.000132083892822266" />
    <testcase name="Equals (176)" classname="spec_perl_TestInstanceIoUser_t" time="0.000131845474243164" />
  </testsuite>
  <testsuite name="spec_perl_TestNavParentSwitch_t" errors="0" failures="0" skipped="0" tests="3" time="0.0523378849029541">
    <system-out>1..3
ok 1 - Equals
ok 2 - Equals
ok 3 - Equals
</system-out>
    <testcase name="Equals (177)" classname="spec_perl_TestNavParentSwitch_t" time="0.000215053558349609" />
    <testcase name="Equals (178)" classname="spec_perl_TestNavParentSwitch_t" time="9.67979431152344e-05" />
    <testcase name="Equals (179)" classname="spec_perl_TestNavParentSwitch_t" time="0.000117063522338867" />
  </testsuite>
  <testsuite name="spec_perl_TestExpr1_t" errors="0" failures="0" skipped="0" tests="4" time="0.0565698146820068">
    <system-out>1..4
ok 1 - Equals
ok 2 - Equals
ok 3 - Equals
ok 4 - Equals
</system-out>
    <testcase name="Equals (180)" classname="spec_perl_TestExpr1_t" time="0.000257968902587891" />
    <testcase name="Equals (181)" classname="spec_perl_TestExpr1_t" time="0.000134944915771484" />
    <testcase name="Equals (182)" classname="spec_perl_TestExpr1_t" time="0.000168085098266602" />
    <testcase name="Equals (183)" classname="spec_perl_TestExpr1_t" time="0.000164031982421875" />
  </testsuite>
  <testsuite name="spec_perl_TestExprMod_t" errors="0" failures="0" skipped="0" tests="6" time="0.0528509616851807">
    <system-out>1..6
ok 1 - Equals
ok 2 - Equals
ok 3 - Equals
ok 4 - Equals
ok 5 - Equals
ok 6 - Equals
</system-out>
    <testcase name="Equals (184)" classname="spec_perl_TestExprMod_t" time="0.000180959701538086" />
    <testcase name="Equals (185)" classname="spec_perl_TestExprMod_t" time="0.000108003616333008" />
    <testcase name="Equals (186)" classname="spec_perl_TestExprMod_t" time="0.000112056732177734" />
    <testcase name="Equals (187)" classname="spec_perl_TestExprMod_t" time="0.0001068115234375" />
    <testcase name="Equals (188)" classname="spec_perl_TestExprMod_t" time="0.000113010406494141" />
    <testcase name="Equals (189)" classname="spec_perl_TestExprMod_t" time="0.000107049942016602" />
  </testsuite>
  <testsuite name="spec_perl_TestBitsUnalignedB64Be_t" errors="0" failures="0" skipped="0" tests="3" time="0.0537300109863281">
    <system-out>1..3
ok 1 - Equals
ok 2 - Equals
ok 3 - Equals
</system-out>
    <testcase name="Equals (190)" classname="spec_perl_TestBitsUnalignedB64Be_t" time="0.00018310546875" />
    <testcase name="Equals (191)" classname="spec_perl_TestBitsUnalignedB64Be_t" time="9.48905944824219e-05" />
    <testcase name="Equals (192)" classname="spec_perl_TestBitsUnalignedB64Be_t" time="0.000108003616333008" />
  </testsuite>
  <testsuite name="spec_perl_TestSwitchManualEnumInvalid_t" errors="0" failures="0" skipped="0" tests="5" time="0.0577359199523926">
    <system-out>1..5
ok 1 - Equals
ok 2 - Equals
ok 3 - nil
ok 4 - Equals
ok 5 - nil
</system-out>
    <testcase name="Equals (193)" classname="spec_perl_TestSwitchManualEnumInvalid_t" time="0.000178813934326172" />
    <testcase name="Equals (194)" classname="spec_perl_TestSwitchManualEnumInvalid_t" time="9.20295715332031e-05" />
    <testcase name="nil (194)" classname="spec_perl_TestSwitchManualEnumInvalid_t" time="4.50611114501953e-05" />
    <testcase name="Equals (195)" classname="spec_perl_TestSwitchManualEnumInvalid_t" time="0.000106096267700195" />
    <testcase name="nil (195)" classname="spec_perl_TestSwitchManualEnumInvalid_t" time="5.10215759277344e-05" />
  </testsuite>
  <testsuite name="spec_perl_TestCastToImported_t" errors="0" failures="0" skipped="0" tests="2" time="0.052882194519043">
    <system-out>1..2
ok 1 - Equals
ok 2 - Equals
</system-out>
    <testcase name="Equals (196)" classname="spec_perl_TestCastToImported_t" time="0.00018000602722168" />
    <testcase name="Equals (197)" classname="spec_perl_TestCastToImported_t" time="0.000102043151855469" />
  </testsuite>
  <testsuite name="spec_perl_TestIndexToParamEos_t" errors="0" failures="2" skipped="0" tests="7" time="0.0605089664459229">
    <system-out>1..7
ok 1 - Equals
ok 2 - Equals
ok 3 - Equals
ok 4 - Equals
ok 5 - Equals
not ok 6 - Equals
not ok 7 - Equals
</system-out>
    <testcase name="Equals (198)" classname="spec_perl_TestIndexToParamEos_t" time="0.000496149063110352" />
    <testcase name="Equals (199)" classname="spec_perl_TestIndexToParamEos_t" time="0.000104904174804688" />
    <testcase name="Equals (200)" classname="spec_perl_TestIndexToParamEos_t" time="0.000135898590087891" />
    <testcase name="Equals (201)" classname="spec_perl_TestIndexToParamEos_t" time="0.000147104263305664" />
    <testcase name="Equals (202)" classname="spec_perl_TestIndexToParamEos_t" time="0.000166893005371094" />
    <testcase name="Equals (203)" classname="spec_perl_TestIndexToParamEos_t" time="0.00020909309387207">
      <failure message="not ok 6 - Equals" type="TAP::Parser::Result::Test"></failure>
    </testcase>
    <testcase name="Equals (204)" classname="spec_perl_TestIndexToParamEos_t" time="0.000631093978881836">
      <failure message="not ok 7 - Equals" type="TAP::Parser::Result::Test"></failure>
    </testcase>
  </testsuite>
  <testsuite name="spec_perl_TestNestedTypes3_t" errors="0" failures="0" skipped="0" tests="5" time="0.0534040927886963">
    <system-out>1..5
ok 1 - Equals
ok 2 - Equals
ok 3 - Equals
ok 4 - Equals
ok 5 - Equals
</system-out>
    <testcase name="Equals (205)" classname="spec_perl_TestNestedTypes3_t" time="0.000207901000976562" />
    <testcase name="Equals (206)" classname="spec_perl_TestNestedTypes3_t" time="9.60826873779297e-05" />
    <testcase name="Equals (207)" classname="spec_perl_TestNestedTypes3_t" time="0.000114917755126953" />
    <testcase name="Equals (208)" classname="spec_perl_TestNestedTypes3_t" time="0.000110149383544922" />
    <testcase name="Equals (209)" classname="spec_perl_TestNestedTypes3_t" time="0.000108957290649414" />
  </testsuite>
  <testsuite name="spec_perl_TestBitsSignedShiftB64Le_t" errors="0" failures="0" skipped="0" tests="2" time="0.054887056350708">
    <system-out>1..2
ok 1 - Equals
ok 2 - Equals
</system-out>
    <testcase name="Equals (210)" classname="spec_perl_TestBitsSignedShiftB64Le_t" time="0.000349044799804688" />
    <testcase name="Equals (211)" classname="spec_perl_TestBitsSignedShiftB64Le_t" time="0.000128984451293945" />
  </testsuite>
  <testsuite name="spec_perl_TestSwitchRepeatExpr_t" errors="0" failures="0" skipped="0" tests="3" time="0.0524249076843262">
    <system-out>1..3
ok 1 - Equals
ok 2 - Equals
ok 3 - Equals
</system-out>
    <testcase name="Equals (212)" classname="spec_perl_TestSwitchRepeatExpr_t" time="0.000429153442382812" />
    <testcase name="Equals (213)" classname="spec_perl_TestSwitchRepeatExpr_t" time="0.000111818313598633" />
    <testcase name="Equals (214)" classname="spec_perl_TestSwitchRepeatExpr_t" time="0.000110149383544922" />
  </testsuite>
  <testsuite name="spec_perl_TestEosExceptionBytes_t" errors="0" failures="0" skipped="0" tests="1" time="0.054387092590332">
    <system-out>1..1
ok 1 - threw /^Requested \d+ bytes, but only \d+ bytes available/
</system-out>
    <testcase name="threw /^Requested \d+ bytes, but only \d+ bytes available/ (214)" classname="spec_perl_TestEosExceptionBytes_t" time="0.000464916229248047" />
  </testsuite>
  <testsuite name="spec_perl_TestBufferedStruct_t" errors="0" failures="0" skipped="0" tests="7" time="0.05495285987854">
    <system-out>1..7
ok 1 - Equals
ok 2 - Equals
ok 3 - Equals
ok 4 - Equals
ok 5 - Equals
ok 6 - Equals
ok 7 - Equals
</system-out>
    <testcase name="Equals (215)" classname="spec_perl_TestBufferedStruct_t" time="0.000517129898071289" />
    <testcase name="Equals (216)" classname="spec_perl_TestBufferedStruct_t" time="7.60555267333984e-05" />
    <testcase name="Equals (217)" classname="spec_perl_TestBufferedStruct_t" time="0.000105857849121094" />
    <testcase name="Equals (218)" classname="spec_perl_TestBufferedStruct_t" time="0.000112056732177734" />
    <testcase name="Equals (219)" classname="spec_perl_TestBufferedStruct_t" time="0.000112056732177734" />
    <testcase name="Equals (220)" classname="spec_perl_TestBufferedStruct_t" time="0.000115871429443359" />
    <testcase name="Equals (221)" classname="spec_perl_TestBufferedStruct_t" time="0.000102996826171875" />
  </testsuite>
  <testsuite name="spec_perl_TestProcessToUser_t" errors="0" failures="0" skipped="0" tests="1" time="0.0564849376678467">
    <system-out>1..1
ok 1 - Equals
</system-out>
    <testcase name="Equals (222)" classname="spec_perl_TestProcessToUser_t" time="0.000519990921020508" />
  </testsuite>
  <testsuite name="spec_perl_TestParamsCall_t" errors="0" failures="3" skipped="0" tests="3" time="0.0587470531463623">
    <system-out>1..3
not ok 1 - Equals
not ok 2 - Equals
not ok 3 - Equals
</system-out>
    <testcase name="Equals (223)" classname="spec_perl_TestParamsCall_t" time="0.000412940979003906">
      <failure message="not ok 1 - Equals" type="TAP::Parser::Result::Test"></failure>
    </testcase>
    <testcase name="Equals (224)" classname="spec_perl_TestParamsCall_t" time="0.000563144683837891">
      <failure message="not ok 2 - Equals" type="TAP::Parser::Result::Test"></failure>
    </testcase>
    <testcase name="Equals (225)" classname="spec_perl_TestParamsCall_t" time="0.000511884689331055">
      <failure message="not ok 3 - Equals" type="TAP::Parser::Result::Test"></failure>
    </testcase>
  </testsuite>
  <testsuite name="spec_perl_TestToStringCustom_t" errors="0" failures="0" skipped="0" tests="1" time="0.0565907955169678">
    <system-out>1..1
ok 1 - Equals
</system-out>
    <testcase name="Equals (226)" classname="spec_perl_TestToStringCustom_t" time="0.000249147415161133" />
  </testsuite>
  <testsuite name="spec_perl_TestValidNotParsedIf_t" errors="0" failures="0" skipped="1" tests="1" time="0.0529899597167969">
    <system-out>1..1
ok 1 # skip ValidNotParsedIf=HASH(0x56503017b0c0)
</system-out>
    <testcase name="Unnamed test case 226" classname="spec_perl_TestValidNotParsedIf_t" time="0.000903129577636719">
      <skipped message="ok 1 # skip ValidNotParsedIf=HASH(0x56503017b0c0)" />
    </testcase>
  </testsuite>
  <testsuite name="spec_perl_TestDefaultBigEndian_t" errors="0" failures="0" skipped="0" tests="1" time="0.0529398918151855">
    <system-out>1..1
ok 1 - Equals
</system-out>
    <testcase name="Equals (227)" classname="spec_perl_TestDefaultBigEndian_t" time="0.000144004821777344" />
  </testsuite>
  <testsuite name="spec_perl_TestTermBytes_t" errors="0" failures="0" skipped="0" tests="3" time="0.0529091358184814">
    <system-out>1..3
ok 1 - Equals
ok 2 - Equals
ok 3 - Equals
</system-out>
    <testcase name="Equals (228)" classname="spec_perl_TestTermBytes_t" time="0.000151872634887695" />
    <testcase name="Equals (229)" classname="spec_perl_TestTermBytes_t" time="8.79764556884766e-05" />
    <testcase name="Equals (230)" classname="spec_perl_TestTermBytes_t" time="0.000114202499389648" />
  </testsuite>
  <testsuite name="spec_perl_TestBitsSignedShiftB32Le_t" errors="0" failures="0" skipped="0" tests="2" time="0.0533359050750732">
    <system-out>1..2
ok 1 - Equals
ok 2 - Equals
</system-out>
    <testcase name="Equals (231)" classname="spec_perl_TestBitsSignedShiftB32Le_t" time="0.000204086303710938" />
    <testcase name="Equals (232)" classname="spec_perl_TestBitsSignedShiftB32Le_t" time="7.60555267333984e-05" />
  </testsuite>
  <testsuite name="spec_perl_TestSwitchIntegers_t" errors="0" failures="0" skipped="0" tests="9" time="0.0538198947906494">
    <system-out>1..9
ok 1 - Equals
ok 2 - Equals
ok 3 - Equals
ok 4 - Equals
ok 5 - Equals
ok 6 - Equals
ok 7 - Equals
ok 8 - Equals
ok 9 - Equals
</system-out>
    <testcase name="Equals (233)" classname="spec_perl_TestSwitchIntegers_t" time="0.00020289421081543" />
    <testcase name="Equals (234)" classname="spec_perl_TestSwitchIntegers_t" time="9.20295715332031e-05" />
    <testcase name="Equals (235)" classname="spec_perl_TestSwitchIntegers_t" time="0.000116109848022461" />
    <testcase name="Equals (236)" classname="spec_perl_TestSwitchIntegers_t" time="0.000183820724487305" />
    <testcase name="Equals (237)" classname="spec_perl_TestSwitchIntegers_t" time="6.19888305664062e-05" />
    <testcase name="Equals (238)" classname="spec_perl_TestSwitchIntegers_t" time="0.000102043151855469" />
    <testcase name="Equals (239)" classname="spec_perl_TestSwitchIntegers_t" time="0.000102043151855469" />
    <testcase name="Equals (240)" classname="spec_perl_TestSwitchIntegers_t" time="0.00011897087097168" />
    <testcase name="Equals (241)" classname="spec_perl_TestSwitchIntegers_t" time="0.000100135803222656" />
  </testsuite>
  <testsuite name="spec_perl_TestRepeatUntilSized_t" errors="0" failures="0" skipped="0" tests="7" time="0.0543320178985596">
    <system-out>1..7
ok 1 - Equals
ok 2 - Equals
ok 3 - Equals
ok 4 - Equals
ok 5 - Equals
ok 6 - Equals
ok 7 - Equals
</system-out>
    <testcase name="Equals (242)" classname="spec_perl_TestRepeatUntilSized_t" time="0.000483989715576172" />
    <testcase name="Equals (243)" classname="spec_perl_TestRepeatUntilSized_t" time="6.58035278320312e-05" />
    <testcase name="Equals (244)" classname="spec_perl_TestRepeatUntilSized_t" time="7.60555267333984e-05" />
    <testcase name="Equals (245)" classname="spec_perl_TestRepeatUntilSized_t" time="0.000118017196655273" />
    <testcase name="Equals (246)" classname="spec_perl_TestRepeatUntilSized_t" time="0.000107049942016602" />
    <testcase name="Equals (247)" classname="spec_perl_TestRepeatUntilSized_t" time="0.000113010406494141" />
    <testcase name="Equals (248)" classname="spec_perl_TestRepeatUntilSized_t" time="0.000104904174804688" />
  </testsuite>
  <testsuite name="spec_perl_TestOptionalId_t" errors="0" failures="0" skipped="0" tests="3" time="0.0521869659423828">
    <system-out>1..3
ok 1 - Equals
ok 2 - Equals
ok 3 - Equals
</system-out>
    <testcase name="Equals (249)" classname="spec_perl_TestOptionalId_t" time="0.00020289421081543" />
    <testcase name="Equals (250)" classname="spec_perl_TestOptionalId_t" time="9.70363616943359e-05" />
    <testcase name="Equals (251)" classname="spec_perl_TestOptionalId_t" time="0.000113010406494141" />
  </testsuite>
  <testsuite name="spec_perl_TestProcessXorConst_t" errors="0" failures="0" skipped="0" tests="2" time="0.0542581081390381">
    <system-out>1..2
ok 1 - Equals
ok 2 - Equals
</system-out>
    <testcase name="Equals (252)" classname="spec_perl_TestProcessXorConst_t" time="0.000188827514648438" />
    <testcase name="Equals (253)" classname="spec_perl_TestProcessXorConst_t" time="8.10623168945312e-05" />
  </testsuite>
  <testsuite name="spec_perl_TestMetaXref_t" errors="0" failures="0" skipped="1" tests="1" time="0.0536231994628906">
    <system-out>1..1
ok 1 # skip MetaXref=HASH(0x55e47dc760e8)
</system-out>
    <testcase name="Unnamed test case 253" classname="spec_perl_TestMetaXref_t" time="0.00103592872619629">
      <skipped message="ok 1 # skip MetaXref=HASH(0x55e47dc760e8)" />
    </testcase>
  </testsuite>
  <testsuite name="spec_perl_TestSwitchManualEnum_t" errors="0" failures="0" skipped="0" tests="9" time="0.0577199459075928">
    <system-out>1..9
ok 1 - Equals
ok 2 - Equals
ok 3 - Equals
ok 4 - Equals
ok 5 - Equals
ok 6 - Equals
ok 7 - Equals
ok 8 - Equals
ok 9 - Equals
</system-out>
    <testcase name="Equals (254)" classname="spec_perl_TestSwitchManualEnum_t" time="0.000203847885131836" />
    <testcase name="Equals (255)" classname="spec_perl_TestSwitchManualEnum_t" time="9.29832458496094e-05" />
    <testcase name="Equals (256)" classname="spec_perl_TestSwitchManualEnum_t" time="0.000138998031616211" />
    <testcase name="Equals (257)" classname="spec_perl_TestSwitchManualEnum_t" time="0.000113964080810547" />
    <testcase name="Equals (258)" classname="spec_perl_TestSwitchManualEnum_t" time="0.000151157379150391" />
    <testcase name="Equals (259)" classname="spec_perl_TestSwitchManualEnum_t" time="0.000113964080810547" />
    <testcase name="Equals (260)" classname="spec_perl_TestSwitchManualEnum_t" time="0.000106096267700195" />
    <testcase name="Equals (261)" classname="spec_perl_TestSwitchManualEnum_t" time="0.000104904174804688" />
    <testcase name="Equals (262)" classname="spec_perl_TestSwitchManualEnum_t" time="0.000106096267700195" />
  </testsuite>
  <testsuite name="spec_perl_TestSwitchManualIntSizeElse_t" errors="0" failures="0" skipped="0" tests="10" time="0.0580899715423584">
    <system-out>1..10
ok 1 - Equals
ok 2 - Equals
ok 3 - Equals
ok 4 - Equals
ok 5 - Equals
ok 6 - Equals
ok 7 - Equals
ok 8 - Equals
ok 9 - Equals
ok 10 - Equals
</system-out>
    <testcase name="Equals (263)" classname="spec_perl_TestSwitchManualIntSizeElse_t" time="0.000623941421508789" />
    <testcase name="Equals (264)" classname="spec_perl_TestSwitchManualIntSizeElse_t" time="6.4849853515625e-05" />
    <testcase name="Equals (265)" classname="spec_perl_TestSwitchManualIntSizeElse_t" time="0.000111103057861328" />
    <testcase name="Equals (266)" classname="spec_perl_TestSwitchManualIntSizeElse_t" time="0.000174999237060547" />
    <testcase name="Equals (267)" classname="spec_perl_TestSwitchManualIntSizeElse_t" time="6.103515625e-05" />
    <testcase name="Equals (268)" classname="spec_perl_TestSwitchManualIntSizeElse_t" time="9.98973846435547e-05" />
    <testcase name="Equals (269)" classname="spec_perl_TestSwitchManualIntSizeElse_t" time="0.000159025192260742" />
    <testcase name="Equals (270)" classname="spec_perl_TestSwitchManualIntSizeElse_t" time="7.29560852050781e-05" />
    <testcase name="Equals (271)" classname="spec_perl_TestSwitchManualIntSizeElse_t" time="0.00015711784362793" />
    <testcase name="Equals (272)" classname="spec_perl_TestSwitchManualIntSizeElse_t" time="6.79492950439453e-05" />
  </testsuite>
  <testsuite name="spec_perl_TestIfValues_t" errors="0" failures="0" skipped="0" tests="6" time="0.0537688732147217">
    <system-out>1..6
ok 1 - Equals
ok 2 - Equals
ok 3 - Equals
ok 4 - nil
ok 5 - Equals
ok 6 - nil
</system-out>
    <testcase name="Equals (273)" classname="spec_perl_TestIfValues_t" time="0.000194072723388672" />
    <testcase name="Equals (274)" classname="spec_perl_TestIfValues_t" time="9.10758972167969e-05" />
    <testcase name="Equals (275)" classname="spec_perl_TestIfValues_t" time="0.000123977661132812" />
    <testcase name="nil (275)" classname="spec_perl_TestIfValues_t" time="4.00543212890625e-05" />
    <testcase name="Equals (276)" classname="spec_perl_TestIfValues_t" time="0.000110864639282227" />
    <testcase name="nil (276)" classname="spec_perl_TestIfValues_t" time="5.00679016113281e-05" />
  </testsuite>
  <testsuite name="spec_perl_TestEnumLongRangeU_t" errors="0" failures="0" skipped="0" tests="4" time="0.0526530742645264">
    <system-out>1..4
ok 1 - Equals
ok 2 - Equals
ok 3 - Equals
ok 4 - Equals
</system-out>
    <testcase name="Equals (277)" classname="spec_perl_TestEnumLongRangeU_t" time="0.00020599365234375" />
    <testcase name="Equals (278)" classname="spec_perl_TestEnumLongRangeU_t" time="0.000108957290649414" />
    <testcase name="Equals (279)" classname="spec_perl_TestEnumLongRangeU_t" time="0.000138998031616211" />
    <testcase name="Equals (280)" classname="spec_perl_TestEnumLongRangeU_t" time="0.000113010406494141" />
  </testsuite>
  <testsuite name="spec_perl_TestIntegersMinMax_t" errors="0" failures="0" skipped="0" tests="28" time="0.0569901466369629">
    <system-out>1..28
ok 1 - Equals
ok 2 - Equals
ok 3 - Equals
ok 4 - Equals
ok 5 - Equals
ok 6 - Equals
ok 7 - Equals
ok 8 - Equals
ok 9 - Equals
ok 10 - Equals
ok 11 - Equals
ok 12 - Equals
ok 13 - Equals
ok 14 - Equals
ok 15 - Equals
ok 16 - Equals
ok 17 - Equals
ok 18 - Equals
ok 19 - Equals
ok 20 - Equals
ok 21 - Equals
ok 22 - Equals
ok 23 - Equals
ok 24 - Equals
ok 25 - Equals
ok 26 - Equals
ok 27 - Equals
ok 28 - Equals
</system-out>
    <testcase name="Equals (281)" classname="spec_perl_TestIntegersMinMax_t" time="0.00031280517578125" />
    <testcase name="Equals (282)" classname="spec_perl_TestIntegersMinMax_t" time="0.000150203704833984" />
    <testcase name="Equals (283)" classname="spec_perl_TestIntegersMinMax_t" time="0.000169992446899414" />
    <testcase name="Equals (284)" classname="spec_perl_TestIntegersMinMax_t" time="0.000171899795532227" />
    <testcase name="Equals (285)" classname="spec_perl_TestIntegersMinMax_t" time="0.000162124633789062" />
    <testcase name="Equals (286)" classname="spec_perl_TestIntegersMinMax_t" time="0.000160932540893555" />
    <testcase name="Equals (287)" classname="spec_perl_TestIntegersMinMax_t" time="0.000159025192260742" />
    <testcase name="Equals (288)" classname="spec_perl_TestIntegersMinMax_t" time="0.000160932540893555" />
    <testcase name="Equals (289)" classname="spec_perl_TestIntegersMinMax_t" time="0.000159978866577148" />
    <testcase name="Equals (290)" classname="spec_perl_TestIntegersMinMax_t" time="0.000158071517944336" />
    <testcase name="Equals (291)" classname="spec_perl_TestIntegersMinMax_t" time="0.000156879425048828" />
    <testcase name="Equals (292)" classname="spec_perl_TestIntegersMinMax_t" time="0.000159025192260742" />
    <testcase name="Equals (293)" classname="spec_perl_TestIntegersMinMax_t" time="0.000160932540893555" />
    <testcase name="Equals (294)" classname="spec_perl_TestIntegersMinMax_t" time="0.000151157379150391" />
    <testcase name="Equals (295)" classname="spec_perl_TestIntegersMinMax_t" time="0.000164985656738281" />
    <testcase name="Equals (296)" classname="spec_perl_TestIntegersMinMax_t" time="0.000156879425048828" />
    <testcase name="Equals (297)" classname="spec_perl_TestIntegersMinMax_t" time="0.000156164169311523" />
    <testcase name="Equals (298)" classname="spec_perl_TestIntegersMinMax_t" time="0.000154972076416016" />
    <testcase name="Equals (299)" classname="spec_perl_TestIntegersMinMax_t" time="0.000154972076416016" />
    <testcase name="Equals (300)" classname="spec_perl_TestIntegersMinMax_t" time="0.000159978866577148" />
    <testcase name="Equals (301)" classname="spec_perl_TestIntegersMinMax_t" time="0.000154018402099609" />
    <testcase name="Equals (302)" classname="spec_perl_TestIntegersMinMax_t" time="0.000184059143066406" />
    <testcase name="Equals (303)" classname="spec_perl_TestIntegersMinMax_t" time="0.000157833099365234" />
    <testcase name="Equals (304)" classname="spec_perl_TestIntegersMinMax_t" time="0.000159025192260742" />
    <testcase name="Equals (305)" classname="spec_perl_TestIntegersMinMax_t" time="0.000151157379150391" />
    <testcase name="Equals (306)" classname="spec_perl_TestIntegersMinMax_t" time="0.000155925750732422" />
    <testcase name="Equals (307)" classname="spec_perl_TestIntegersMinMax_t" time="0.000155925750732422" />
    <testcase name="Equals (308)" classname="spec_perl_TestIntegersMinMax_t" time="0.000156164169311523" />
  </testsuite>
  <testsuite name="spec_perl_TestNavParentSwitchCast_t" errors="0" failures="0" skipped="0" tests="3" time="0.0536990165710449">
    <system-out>1..3
ok 1 - Equals
ok 2 - Equals
ok 3 - Equals
</system-out>
    <testcase name="Equals (309)" classname="spec_perl_TestNavParentSwitchCast_t" time="0.000496149063110352" />
    <testcase name="Equals (310)" classname="spec_perl_TestNavParentSwitchCast_t" time="0.0001068115234375" />
    <testcase name="Equals (311)" classname="spec_perl_TestNavParentSwitchCast_t" time="0.000123977661132812" />
  </testsuite>
  <testsuite name="spec_perl_TestParamsPassArrayStr_t" errors="0" failures="1" skipped="6" tests="7" time="0.0581810474395752">
    <system-out>1..7
not ok 1 - test_params_pass_array_str died (Can't use an undefined value as an ARRAY reference at spec/perl/TestParamsPassArrayStr.t line 14.)
ok 2 # skip test_params_pass_array_str died
ok 3 # skip test_params_pass_array_str died
ok 4 # skip test_params_pass_array_str died
ok 5 # skip test_params_pass_array_str died
ok 6 # skip test_params_pass_array_str died
ok 7 # skip test_params_pass_array_str died
</system-out>
    <testcase name="test_params_pass_array_str died (Can't use an undefined value as an ARRAY reference at spec/perl/TestParamsPassArrayStr.t line 14.) (311)" classname="spec_perl_TestParamsPassArrayStr_t" time="0.000233888626098633">
      <failure message="not ok 1 - test_params_pass_array_str died (Can't use an undefined value as an ARRAY reference at spec/perl/TestParamsPassArrayStr.t line 14.)" type="TAP::Parser::Result::Test"></failure>
    </testcase>
    <testcase name="Unnamed test case 311" classname="spec_perl_TestParamsPassArrayStr_t" time="0.000533103942871094">
      <skipped message="ok 2 # skip test_params_pass_array_str died" />
    </testcase>
    <testcase name="Unnamed test case 312" classname="spec_perl_TestParamsPassArrayStr_t" time="6.60419464111328e-05">
      <skipped message="ok 3 # skip test_params_pass_array_str died" />
    </testcase>
    <testcase name="Unnamed test case 313" classname="spec_perl_TestParamsPassArrayStr_t" time="3.29017639160156e-05">
      <skipped message="ok 4 # skip test_params_pass_array_str died" />
    </testcase>
    <testcase name="Unnamed test case 314" classname="spec_perl_TestParamsPassArrayStr_t" time="9.79900360107422e-05">
      <skipped message="ok 5 # skip test_params_pass_array_str died" />
    </testcase>
    <testcase name="Unnamed test case 315" classname="spec_perl_TestParamsPassArrayStr_t" time="0.000123977661132812">
      <skipped message="ok 6 # skip test_params_pass_array_str died" />
    </testcase>
    <testcase name="Unnamed test case 316" classname="spec_perl_TestParamsPassArrayStr_t" time="0.00012516975402832">
      <skipped message="ok 7 # skip test_params_pass_array_str died" />
    </testcase>
  </testsuite>
  <testsuite name="spec_perl_TestCastNested_t" errors="0" failures="0" skipped="0" tests="4" time="0.0569159984588623">
    <system-out>1..4
ok 1 - Equals
ok 2 - Equals
ok 3 - Equals
ok 4 - Equals
</system-out>
    <testcase name="Equals (316)" classname="spec_perl_TestCastNested_t" time="0.000272035598754883" />
    <testcase name="Equals (317)" classname="spec_perl_TestCastNested_t" time="9.08374786376953e-05" />
    <testcase name="Equals (318)" classname="spec_perl_TestCastNested_t" time="0.000118017196655273" />
    <testcase name="Equals (319)" classname="spec_perl_TestCastNested_t" time="0.000113010406494141" />
  </testsuite>
  <testsuite name="spec_perl_TestProcessXor4Value_t" errors="0" failures="0" skipped="0" tests="2" time="0.0540940761566162">
    <system-out>1..2
ok 1 - Equals
ok 2 - Equals
</system-out>
    <testcase name="Equals (320)" classname="spec_perl_TestProcessXor4Value_t" time="0.000222921371459961" />
    <testcase name="Equals (321)" classname="spec_perl_TestProcessXor4Value_t" time="0.000102996826171875" />
  </testsuite>
  <testsuite name="spec_perl_TestExprSizeofValue0_t" errors="0" failures="0" skipped="0" tests="5" time="0.0540099143981934">
    <system-out>1..5
ok 1 - Equals
ok 2 - Equals
ok 3 - Equals
ok 4 - Equals
ok 5 - Equals
</system-out>
    <testcase name="Equals (322)" classname="spec_perl_TestExprSizeofValue0_t" time="0.000220060348510742" />
    <testcase name="Equals (323)" classname="spec_perl_TestExprSizeofValue0_t" time="5.38825988769531e-05" />
    <testcase name="Equals (324)" classname="spec_perl_TestExprSizeofValue0_t" time="0.000124931335449219" />
    <testcase name="Equals (325)" classname="spec_perl_TestExprSizeofValue0_t" time="0.000165224075317383" />
    <testcase name="Equals (326)" classname="spec_perl_TestExprSizeofValue0_t" time="7.79628753662109e-05" />
  </testsuite>
  <testsuite name="spec_perl_TestImportsAbsAbs_t" errors="0" failures="0" skipped="0" tests="3" time="0.0531210899353027">
    <system-out>1..3
ok 1 - Equals
ok 2 - Equals
ok 3 - Equals
</system-out>
    <testcase name="Equals (327)" classname="spec_perl_TestImportsAbsAbs_t" time="0.000220060348510742" />
    <testcase name="Equals (328)" classname="spec_perl_TestImportsAbsAbs_t" time="5.38825988769531e-05" />
    <testcase name="Equals (329)" classname="spec_perl_TestImportsAbsAbs_t" time="0.000112056732177734" />
  </testsuite>
  <testsuite name="spec_perl_TestProcessCustomNoArgs_t" errors="1" failures="0" skipped="0" tests="0" time="0.0508019924163818">
    <system-out></system-out>
    <testcase name="Test died too soon, even before plan. (329)" classname="spec_perl_TestProcessCustomNoArgs_t" time="0.0508019924163818">
      <failure message="The test suite died before a plan was produced. You need to have a plan." type="Plan">No plan</failure>
    </testcase>
  </testsuite>
  <testsuite name="spec_perl_TestIndexSizes_t" errors="0" failures="0" skipped="0" tests="7" time="0.0571250915527344">
    <system-out>1..7
ok 1 - Equals
ok 2 - Equals
ok 3 - Equals
ok 4 - Equals
ok 5 - Equals
ok 6 - Equals
ok 7 - Equals
</system-out>
    <testcase name="Equals (330)" classname="spec_perl_TestIndexSizes_t" time="0.000220060348510742" />
    <testcase name="Equals (331)" classname="spec_perl_TestIndexSizes_t" time="8.70227813720703e-05" />
    <testcase name="Equals (332)" classname="spec_perl_TestIndexSizes_t" time="0.000110864639282227" />
    <testcase name="Equals (333)" classname="spec_perl_TestIndexSizes_t" time="0.000108003616333008" />
    <testcase name="Equals (334)" classname="spec_perl_TestIndexSizes_t" time="0.000114917755126953" />
    <testcase name="Equals (335)" classname="spec_perl_TestIndexSizes_t" time="0.000104188919067383" />
    <testcase name="Equals (336)" classname="spec_perl_TestIndexSizes_t" time="0.000104904174804688" />
  </testsuite>
  <testsuite name="spec_perl_TestProcessRepeatBytes_t" errors="0" failures="0" skipped="0" tests="2" time="0.0523271560668945">
    <system-out>1..2
ok 1 - Equals
ok 2 - Equals
</system-out>
    <testcase name="Equals (337)" classname="spec_perl_TestProcessRepeatBytes_t" time="0.00018620491027832" />
    <testcase name="Equals (338)" classname="spec_perl_TestProcessRepeatBytes_t" time="9.29832458496094e-05" />
  </testsuite>
  <testsuite name="spec_perl_TestIfInstances_t" errors="0" failures="0" skipped="0" tests="1" time="0.0522141456604004">
    <system-out>1..1
ok 1 - nil
</system-out>
    <testcase name="nil (338)" classname="spec_perl_TestIfInstances_t" time="0.000127077102661133" />
  </testsuite>
  <testsuite name="spec_perl_TestOpaqueExternalType_t" errors="0" failures="0" skipped="0" tests="3" time="0.0566720962524414">
    <system-out>1..3
ok 1 - Equals
ok 2 - Equals
ok 3 - Equals
</system-out>
    <testcase name="Equals (339)" classname="spec_perl_TestOpaqueExternalType_t" time="0.000253915786743164" />
    <testcase name="Equals (340)" classname="spec_perl_TestOpaqueExternalType_t" time="9.10758972167969e-05" />
    <testcase name="Equals (341)" classname="spec_perl_TestOpaqueExternalType_t" time="0.000106096267700195" />
  </testsuite>
  <testsuite name="spec_perl_TestEnumOfValueInst_t" errors="0" failures="0" skipped="0" tests="4" time="0.0535128116607666">
    <system-out>1..4
ok 1 - Equals
ok 2 - Equals
ok 3 - Equals
ok 4 - Equals
</system-out>
    <testcase name="Equals (342)" classname="spec_perl_TestEnumOfValueInst_t" time="0.000200986862182617" />
    <testcase name="Equals (343)" classname="spec_perl_TestEnumOfValueInst_t" time="9.70363616943359e-05" />
    <testcase name="Equals (344)" classname="spec_perl_TestEnumOfValueInst_t" time="0.00011897087097168" />
    <testcase name="Equals (345)" classname="spec_perl_TestEnumOfValueInst_t" time="0.000113010406494141" />
  </testsuite>
  <testsuite name="spec_perl_TestTypeTernaryOpaque_t" errors="0" failures="0" skipped="0" tests="3" time="0.058527946472168">
    <system-out>1..3
ok 1 - Equals
ok 2 - Equals
ok 3 - Equals
</system-out>
    <testcase name="Equals (346)" classname="spec_perl_TestTypeTernaryOpaque_t" time="0.000487089157104492" />
    <testcase name="Equals (347)" classname="spec_perl_TestTypeTernaryOpaque_t" time="5.98430633544922e-05" />
    <testcase name="Equals (348)" classname="spec_perl_TestTypeTernaryOpaque_t" time="9.918212890625e-05" />
  </testsuite>
  <testsuite name="spec_perl_TestExprEnum_t" errors="0" failures="0" skipped="0" tests="3" time="0.0536479949951172">
    <system-out>1..3
ok 1 - Equals
ok 2 - Equals
ok 3 - Equals
</system-out>
    <testcase name="Equals (349)" classname="spec_perl_TestExprEnum_t" time="0.000159025192260742" />
    <testcase name="Equals (350)" classname="spec_perl_TestExprEnum_t" time="9.39369201660156e-05" />
    <testcase name="Equals (351)" classname="spec_perl_TestExprEnum_t" time="0.000123023986816406" />
  </testsuite>
  <testsuite name="spec_perl_TestDefaultEndianExprException_t" errors="0" failures="0" skipped="0" tests="1" time="0.0537490844726562">
    <system-out>1..1
ok 1 - threw /^Unable to decide on endianness/
</system-out>
    <testcase name="threw /^Unable to decide on endianness/ (351)" classname="spec_perl_TestDefaultEndianExprException_t" time="0.000238180160522461" />
  </testsuite>
  <testsuite name="spec_perl_TestParamsPassArrayStruct_t" errors="0" failures="1" skipped="2" tests="3" time="0.0541889667510986">
    <system-out>1..3
not ok 1 - test_params_pass_array_struct died (Can't use an undefined value as an ARRAY reference at spec/perl/TestParamsPassArrayStruct.t line 14.)
ok 2 # skip test_params_pass_array_struct died
ok 3 # skip test_params_pass_array_struct died
</system-out>
    <testcase name="test_params_pass_array_struct died (Can't use an undefined value as an ARRAY reference at spec/perl/TestParamsPassArrayStruct.t line 14.) (351)" classname="spec_perl_TestParamsPassArrayStruct_t" time="0.000306844711303711">
      <failure message="not ok 1 - test_params_pass_array_struct died (Can't use an undefined value as an ARRAY reference at spec/perl/TestParamsPassArrayStruct.t line 14.)" type="TAP::Parser::Result::Test"></failure>
    </testcase>
    <testcase name="Unnamed test case 351" classname="spec_perl_TestParamsPassArrayStruct_t" time="0.000659942626953125">
      <skipped message="ok 2 # skip test_params_pass_array_struct died" />
    </testcase>
    <testcase name="Unnamed test case 352" classname="spec_perl_TestParamsPassArrayStruct_t" time="7.10487365722656e-05">
      <skipped message="ok 3 # skip test_params_pass_array_struct died" />
    </testcase>
  </testsuite>
  <testsuite name="spec_perl_TestDefaultEndianExprInherited_t" errors="0" failures="0" skipped="0" tests="15" time="0.0553431510925293">
    <system-out>1..15
ok 1 - Equals
ok 2 - Equals
ok 3 - Equals
ok 4 - Equals
ok 5 - Equals
ok 6 - Equals
ok 7 - Equals
ok 8 - Equals
ok 9 - Equals
ok 10 - Equals
ok 11 - Equals
ok 12 - Equals
ok 13 - Equals
ok 14 - Equals
ok 15 - Equals
</system-out>
    <testcase name="Equals (352)" classname="spec_perl_TestDefaultEndianExprInherited_t" time="0.000277996063232422" />
    <testcase name="Equals (353)" classname="spec_perl_TestDefaultEndianExprInherited_t" time="9.20295715332031e-05" />
    <testcase name="Equals (354)" classname="spec_perl_TestDefaultEndianExprInherited_t" time="0.000111818313598633" />
    <testcase name="Equals (355)" classname="spec_perl_TestDefaultEndianExprInherited_t" time="0.000109195709228516" />
    <testcase name="Equals (356)" classname="spec_perl_TestDefaultEndianExprInherited_t" time="0.000133991241455078" />
    <testcase name="Equals (357)" classname="spec_perl_TestDefaultEndianExprInherited_t" time="0.000108957290649414" />
    <testcase name="Equals (358)" classname="spec_perl_TestDefaultEndianExprInherited_t" time="0.000114917755126953" />
    <testcase name="Equals (359)" classname="spec_perl_TestDefaultEndianExprInherited_t" time="9.79900360107422e-05" />
    <testcase name="Equals (360)" classname="spec_perl_TestDefaultEndianExprInherited_t" time="0.000142097473144531" />
    <testcase name="Equals (361)" classname="spec_perl_TestDefaultEndianExprInherited_t" time="0.000138998031616211" />
    <testcase name="Equals (362)" classname="spec_perl_TestDefaultEndianExprInherited_t" time="0.00010991096496582" />
    <testcase name="Equals (363)" classname="spec_perl_TestDefaultEndianExprInherited_t" time="0.000107049942016602" />
    <testcase name="Equals (364)" classname="spec_perl_TestDefaultEndianExprInherited_t" time="0.000107049942016602" />
    <testcase name="Equals (365)" classname="spec_perl_TestDefaultEndianExprInherited_t" time="0.000108003616333008" />
    <testcase name="Equals (366)" classname="spec_perl_TestDefaultEndianExprInherited_t" time="0.000124931335449219" />
  </testsuite>
  <testsuite name="spec_perl_TestValidEqStrEncodings_t" errors="0" failures="0" skipped="1" tests="1" time="0.0600099563598633">
    <system-out>1..1
ok 1 # skip ValidEqStrEncodings=HASH(0x56544877f348)
</system-out>
    <testcase name="Unnamed test case 366" classname="spec_perl_TestValidEqStrEncodings_t" time="0.00394892692565918">
      <skipped message="ok 1 # skip ValidEqStrEncodings=HASH(0x56544877f348)" />
    </testcase>
  </testsuite>
  <testsuite name="spec_perl_TestProcessCoerceUsertype2_t" errors="0" failures="0" skipped="0" tests="4" time="0.0534060001373291">
    <system-out>1..4
ok 1 - Equals
ok 2 - Equals
ok 3 - Equals
ok 4 - Equals
</system-out>
    <testcase name="Equals (367)" classname="spec_perl_TestProcessCoerceUsertype2_t" time="0.000474214553833008" />
    <testcase name="Equals (368)" classname="spec_perl_TestProcessCoerceUsertype2_t" time="8.08238983154297e-05" />
    <testcase name="Equals (369)" classname="spec_perl_TestProcessCoerceUsertype2_t" time="0.000112056732177734" />
    <testcase name="Equals (370)" classname="spec_perl_TestProcessCoerceUsertype2_t" time="0.000143051147460938" />
  </testsuite>
  <testsuite name="spec_perl_TestDebugEnumName_t" errors="1" failures="0" skipped="0" tests="0" time="0.0513589382171631">
    <system-out></system-out>
    <testcase name="Test died too soon, even before plan. (370)" classname="spec_perl_TestDebugEnumName_t" time="0.0513589382171631">
      <failure message="The test suite died before a plan was produced. You need to have a plan." type="Plan">No plan</failure>
    </testcase>
  </testsuite>
  <testsuite name="spec_perl_TestEnumImport_t" errors="0" failures="2" skipped="0" tests="2" time="0.0537011623382568">
    <system-out>1..2
not ok 1 - Equals
not ok 2 - Equals
</system-out>
    <testcase name="Equals (371)" classname="spec_perl_TestEnumImport_t" time="0.000160932540893555">
      <failure message="not ok 1 - Equals" type="TAP::Parser::Result::Test"></failure>
    </testcase>
    <testcase name="Equals (372)" classname="spec_perl_TestEnumImport_t" time="0.000770092010498047">
      <failure message="not ok 2 - Equals" type="TAP::Parser::Result::Test"></failure>
    </testcase>
  </testsuite>
  <testsuite name="spec_perl_TestBitsSignedResB32Le_t" errors="0" failures="0" skipped="0" tests="1" time="0.0531058311462402">
    <system-out>1..1
ok 1 - Equals
</system-out>
    <testcase name="Equals (373)" classname="spec_perl_TestBitsSignedResB32Le_t" time="0.0002899169921875" />
  </testsuite>
  <testsuite name="spec_perl_TestInstanceUserArray_t" errors="0" failures="0" skipped="0" tests="10" time="0.0542440414428711">
    <system-out>1..10
ok 1 - Equals
ok 2 - Equals
ok 3 - Equals
ok 4 - Equals
ok 5 - Equals
ok 6 - Equals
ok 7 - Equals
ok 8 - Equals
ok 9 - Equals
ok 10 - Equals
</system-out>
    <testcase name="Equals (374)" classname="spec_perl_TestInstanceUserArray_t" time="0.000190973281860352" />
    <testcase name="Equals (375)" classname="spec_perl_TestInstanceUserArray_t" time="9.39369201660156e-05" />
    <testcase name="Equals (376)" classname="spec_perl_TestInstanceUserArray_t" time="0.000115156173706055" />
    <testcase name="Equals (377)" classname="spec_perl_TestInstanceUserArray_t" time="0.000413894653320312" />
    <testcase name="Equals (378)" classname="spec_perl_TestInstanceUserArray_t" time="0.000123977661132812" />
    <testcase name="Equals (379)" classname="spec_perl_TestInstanceUserArray_t" time="0.00011897087097168" />
    <testcase name="Equals (380)" classname="spec_perl_TestInstanceUserArray_t" time="0.000116109848022461" />
    <testcase name="Equals (381)" classname="spec_perl_TestInstanceUserArray_t" time="0.00010991096496582" />
    <testcase name="Equals (382)" classname="spec_perl_TestInstanceUserArray_t" time="0.000113010406494141" />
    <testcase name="Equals (383)" classname="spec_perl_TestInstanceUserArray_t" time="0.000102996826171875" />
  </testsuite>
  <testsuite name="spec_perl_TestIndexToParamExpr_t" errors="0" failures="2" skipped="0" tests="7" time="0.0592191219329834">
    <system-out>1..7
ok 1 - Equals
ok 2 - Equals
ok 3 - Equals
ok 4 - Equals
ok 5 - Equals
not ok 6 - Equals
not ok 7 - Equals
</system-out>
    <testcase name="Equals (384)" classname="spec_perl_TestIndexToParamExpr_t" time="0.000494956970214844" />
    <testcase name="Equals (385)" classname="spec_perl_TestIndexToParamExpr_t" time="8.20159912109375e-05" />
    <testcase name="Equals (386)" classname="spec_perl_TestIndexToParamExpr_t" time="0.000118017196655273" />
    <testcase name="Equals (387)" classname="spec_perl_TestIndexToParamExpr_t" time="0.000168085098266602" />
    <testcase name="Equals (388)" classname="spec_perl_TestIndexToParamExpr_t" time="0.000160932540893555" />
    <testcase name="Equals (389)" classname="spec_perl_TestIndexToParamExpr_t" time="0.000200986862182617">
      <failure message="not ok 6 - Equals" type="TAP::Parser::Result::Test"></failure>
    </testcase>
    <testcase name="Equals (390)" classname="spec_perl_TestIndexToParamExpr_t" time="0.000767946243286133">
      <failure message="not ok 7 - Equals" type="TAP::Parser::Result::Test"></failure>
    </testcase>
  </testsuite>
  <testsuite name="spec_perl_TestMultipleUse_t" errors="0" failures="0" skipped="0" tests="2" time="0.0527820587158203">
    <system-out>1..2
ok 1 - Equals
ok 2 - Equals
</system-out>
    <testcase name="Equals (391)" classname="spec_perl_TestMultipleUse_t" time="0.00020599365234375" />
    <testcase name="Equals (392)" classname="spec_perl_TestMultipleUse_t" time="0.000105142593383789" />
  </testsuite>
  <testsuite name="spec_perl_TestParamsPassArrayInt_t" errors="0" failures="1" skipped="6" tests="7" time="0.0539498329162598">
    <system-out>1..7
not ok 1 - test_params_pass_array_int died (Can't use an undefined value as an ARRAY reference at spec/perl/TestParamsPassArrayInt.t line 14.)
ok 2 # skip test_params_pass_array_int died
ok 3 # skip test_params_pass_array_int died
ok 4 # skip test_params_pass_array_int died
ok 5 # skip test_params_pass_array_int died
ok 6 # skip test_params_pass_array_int died
ok 7 # skip test_params_pass_array_int died
</system-out>
    <testcase name="test_params_pass_array_int died (Can't use an undefined value as an ARRAY reference at spec/perl/TestParamsPassArrayInt.t line 14.) (392)" classname="spec_perl_TestParamsPassArrayInt_t" time="0.000216960906982422">
      <failure message="not ok 1 - test_params_pass_array_int died (Can't use an undefined value as an ARRAY reference at spec/perl/TestParamsPassArrayInt.t line 14.)" type="TAP::Parser::Result::Test"></failure>
    </testcase>
    <testcase name="Unnamed test case 392" classname="spec_perl_TestParamsPassArrayInt_t" time="0.000630855560302734">
      <skipped message="ok 2 # skip test_params_pass_array_int died" />
    </testcase>
    <testcase name="Unnamed test case 393" classname="spec_perl_TestParamsPassArrayInt_t" time="7.10487365722656e-05">
      <skipped message="ok 3 # skip test_params_pass_array_int died" />
    </testcase>
    <testcase name="Unnamed test case 394" classname="spec_perl_TestParamsPassArrayInt_t" time="7.29560852050781e-05">
      <skipped message="ok 4 # skip test_params_pass_array_int died" />
    </testcase>
    <testcase name="Unnamed test case 395" classname="spec_perl_TestParamsPassArrayInt_t" time="7.00950622558594e-05">
      <skipped message="ok 5 # skip test_params_pass_array_int died" />
    </testcase>
    <testcase name="Unnamed test case 396" classname="spec_perl_TestParamsPassArrayInt_t" time="9.29832458496094e-05">
      <skipped message="ok 6 # skip test_params_pass_array_int died" />
    </testcase>
    <testcase name="Unnamed test case 397" classname="spec_perl_TestParamsPassArrayInt_t" time="0.000142097473144531">
      <skipped message="ok 7 # skip test_params_pass_array_int died" />
    </testcase>
  </testsuite>
  <testsuite name="spec_perl_TestTermU1Val_t" errors="0" failures="0" skipped="0" tests="2" time="0.0566799640655518">
    <system-out>1..2
ok 1 - Equals
ok 2 - Equals
</system-out>
    <testcase name="Equals (397)" classname="spec_perl_TestTermU1Val_t" time="0.000252962112426758" />
    <testcase name="Equals (398)" classname="spec_perl_TestTermU1Val_t" time="9.29832458496094e-05" />
  </testsuite>
  <testsuite name="spec_perl_TestExpr2_t" errors="0" failures="0" skipped="0" tests="17" time="0.0592858791351318">
    <system-out>1..17
ok 1 - Equals
ok 2 - Equals
ok 3 - Equals
ok 4 - Equals
ok 5 - Equals
ok 6 - Equals
ok 7 - Equals
ok 8 - Equals
ok 9 - Equals
ok 10 - Equals
ok 11 - Equals
ok 12 - Equals
ok 13 - Equals
ok 14 - Equals
ok 15 - Equals
ok 16 - Equals
ok 17 - Equals
</system-out>
    <testcase name="Equals (399)" classname="spec_perl_TestExpr2_t" time="0.000524997711181641" />
    <testcase name="Equals (400)" classname="spec_perl_TestExpr2_t" time="8.89301300048828e-05" />
    <testcase name="Equals (401)" classname="spec_perl_TestExpr2_t" time="0.000108003616333008" />
    <testcase name="Equals (402)" classname="spec_perl_TestExpr2_t" time="0.000113010406494141" />
    <testcase name="Equals (403)" classname="spec_perl_TestExpr2_t" time="0.000108003616333008" />
    <testcase name="Equals (404)" classname="spec_perl_TestExpr2_t" time="0.000137090682983398" />
    <testcase name="Equals (405)" classname="spec_perl_TestExpr2_t" time="0.000134944915771484" />
    <testcase name="Equals (406)" classname="spec_perl_TestExpr2_t" time="0.000134944915771484" />
    <testcase name="Equals (407)" classname="spec_perl_TestExpr2_t" time="0.000128030776977539" />
    <testcase name="Equals (408)" classname="spec_perl_TestExpr2_t" time="0.000107049942016602" />
    <testcase name="Equals (409)" classname="spec_perl_TestExpr2_t" time="0.000106096267700195" />
    <testcase name="Equals (410)" classname="spec_perl_TestExpr2_t" time="0.000108957290649414" />
    <testcase name="Equals (411)" classname="spec_perl_TestExpr2_t" time="0.000112056732177734" />
    <testcase name="Equals (412)" classname="spec_perl_TestExpr2_t" time="0.000123977661132812" />
    <testcase name="Equals (413)" classname="spec_perl_TestExpr2_t" time="0.000108957290649414" />
    <testcase name="Equals (414)" classname="spec_perl_TestExpr2_t" time="0.000102996826171875" />
    <testcase name="Equals (415)" classname="spec_perl_TestExpr2_t" time="0.000103950500488281" />
  </testsuite>
  <testsuite name="spec_perl_TestEnumInvalid_t" errors="0" failures="0" skipped="0" tests="2" time="0.0524489879608154">
    <system-out>1..2
ok 1 - Equals
ok 2 - Equals
</system-out>
    <testcase name="Equals (416)" classname="spec_perl_TestEnumInvalid_t" time="0.000168085098266602" />
    <testcase name="Equals (417)" classname="spec_perl_TestEnumInvalid_t" time="9.29832458496094e-05" />
  </testsuite>
  <testsuite name="spec_perl_TestDefaultBitEndianMod_t" errors="0" failures="0" skipped="0" tests="4" time="0.0583469867706299">
    <system-out>1..4
ok 1 - Equals
ok 2 - Equals
ok 3 - Equals
ok 4 - Equals
</system-out>
    <testcase name="Equals (418)" classname="spec_perl_TestDefaultBitEndianMod_t" time="0.000367879867553711" />
    <testcase name="Equals (419)" classname="spec_perl_TestDefaultBitEndianMod_t" time="0.000190019607543945" />
    <testcase name="Equals (420)" classname="spec_perl_TestDefaultBitEndianMod_t" time="0.000181913375854492" />
    <testcase name="Equals (421)" classname="spec_perl_TestDefaultBitEndianMod_t" time="0.000176191329956055" />
  </testsuite>
  <testsuite name="spec_perl_TestParamsEnum_t" errors="0" failures="1" skipped="0" tests="2" time="0.0546109676361084">
    <system-out>1..2
ok 1 - Equals
not ok 2 - Equals
</system-out>
    <testcase name="Equals (422)" classname="spec_perl_TestParamsEnum_t" time="0.000190019607543945" />
    <testcase name="Equals (423)" classname="spec_perl_TestParamsEnum_t" time="0.000180959701538086">
      <failure message="not ok 2 - Equals" type="TAP::Parser::Result::Test"></failure>
    </testcase>
  </testsuite>
  <testsuite name="spec_perl_TestDebugSwitchUser_t" errors="1" failures="0" skipped="0" tests="0" time="0.0522069931030273">
    <system-out></system-out>
    <testcase name="Test died too soon, even before plan. (423)" classname="spec_perl_TestDebugSwitchUser_t" time="0.0522069931030273">
      <failure message="The test suite died before a plan was produced. You need to have a plan." type="Plan">No plan</failure>
    </testcase>
  </testsuite>
  <testsuite name="spec_perl_TestIntegers_t" errors="0" failures="0" skipped="0" tests="20" time="0.0552051067352295">
    <system-out>1..20
ok 1 - Equals
ok 2 - Equals
ok 3 - Equals
ok 4 - Equals
ok 5 - Equals
ok 6 - Equals
ok 7 - Equals
ok 8 - Equals
ok 9 - Equals
ok 10 - Equals
ok 11 - Equals
ok 12 - Equals
ok 13 - Equals
ok 14 - Equals
ok 15 - Equals
ok 16 - Equals
ok 17 - Equals
ok 18 - Equals
ok 19 - Equals
ok 20 - Equals
</system-out>
    <testcase name="Equals (424)" classname="spec_perl_TestIntegers_t" time="0.000216960906982422" />
    <testcase name="Equals (425)" classname="spec_perl_TestIntegers_t" time="9.51290130615234e-05" />
    <testcase name="Equals (426)" classname="spec_perl_TestIntegers_t" time="0.000108003616333008" />
    <testcase name="Equals (427)" classname="spec_perl_TestIntegers_t" time="0.000113964080810547" />
    <testcase name="Equals (428)" classname="spec_perl_TestIntegers_t" time="0.000108957290649414" />
    <testcase name="Equals (429)" classname="spec_perl_TestIntegers_t" time="0.000113010406494141" />
    <testcase name="Equals (430)" classname="spec_perl_TestIntegers_t" time="0.000106096267700195" />
    <testcase name="Equals (431)" classname="spec_perl_TestIntegers_t" time="0.0001068115234375" />
    <testcase name="Equals (432)" classname="spec_perl_TestIntegers_t" time="0.000104188919067383" />
    <testcase name="Equals (433)" classname="spec_perl_TestIntegers_t" time="9.89437103271484e-05" />
    <testcase name="Equals (434)" classname="spec_perl_TestIntegers_t" time="0.000108957290649414" />
    <testcase name="Equals (435)" classname="spec_perl_TestIntegers_t" time="0.000108003616333008" />
    <testcase name="Equals (436)" classname="spec_perl_TestIntegers_t" time="0.000113964080810547" />
    <testcase name="Equals (437)" classname="spec_perl_TestIntegers_t" time="0.000114917755126953" />
    <testcase name="Equals (438)" classname="spec_perl_TestIntegers_t" time="0.000110149383544922" />
    <testcase name="Equals (439)" classname="spec_perl_TestIntegers_t" time="0.000110864639282227" />
    <testcase name="Equals (440)" classname="spec_perl_TestIntegers_t" time="0.000106096267700195" />
    <testcase name="Equals (441)" classname="spec_perl_TestIntegers_t" time="0.000118017196655273" />
[...]
      <skipped message="ok 2 # skip test_expr_io_ternary died" />
    </testcase>
    <testcase name="Unnamed test case 905" classname="spec_perl_TestExprIoTernary_t" time="8.79764556884766e-05">
      <skipped message="ok 3 # skip test_expr_io_ternary died" />
    </testcase>
  </testsuite>
  <testsuite name="spec_perl_TestCombineEnum_t" errors="0" failures="0" skipped="0" tests="3" time="0.0526242256164551">
    <system-out>1..3
ok 1 - Equals
ok 2 - Equals
ok 3 - Equals
</system-out>
    <testcase name="Equals (905)" classname="spec_perl_TestCombineEnum_t" time="0.000145912170410156" />
    <testcase name="Equals (906)" classname="spec_perl_TestCombineEnum_t" time="9.20295715332031e-05" />
    <testcase name="Equals (907)" classname="spec_perl_TestCombineEnum_t" time="0.000169992446899414" />
  </testsuite>
  <testsuite name="spec_perl_TestImportsAbs_t" errors="0" failures="0" skipped="0" tests="2" time="0.0527348518371582">
    <system-out>1..2
ok 1 - Equals
ok 2 - Equals
</system-out>
    <testcase name="Equals (908)" classname="spec_perl_TestImportsAbs_t" time="0.000237941741943359" />
    <testcase name="Equals (909)" classname="spec_perl_TestImportsAbs_t" time="7.10487365722656e-05" />
  </testsuite>
  <testsuite name="spec_perl_TestProcessRotate_t" errors="0" failures="0" skipped="0" tests="3" time="0.0529699325561523">
    <system-out>1..3
ok 1 - Equals
ok 2 - Equals
ok 3 - Equals
</system-out>
    <testcase name="Equals (910)" classname="spec_perl_TestProcessRotate_t" time="0.000181198120117188" />
    <testcase name="Equals (911)" classname="spec_perl_TestProcessRotate_t" time="9.89437103271484e-05" />
    <testcase name="Equals (912)" classname="spec_perl_TestProcessRotate_t" time="0.000105857849121094" />
  </testsuite>
  <testsuite name="spec_perl_TestBitsShiftByB32Le_t" errors="0" failures="0" skipped="0" tests="2" time="0.0532739162445068">
    <system-out>1..2
ok 1 - Equals
ok 2 - Equals
</system-out>
    <testcase name="Equals (913)" classname="spec_perl_TestBitsShiftByB32Le_t" time="0.00026702880859375" />
    <testcase name="Equals (914)" classname="spec_perl_TestBitsShiftByB32Le_t" time="0.000121831893920898" />
  </testsuite>
  <testsuite name="spec_perl_TestBcdUserTypeBe_t" errors="0" failures="0" skipped="0" tests="6" time="0.0646049976348877">
    <system-out>1..6
ok 1 - Equals
ok 2 - Equals
ok 3 - Equals
ok 4 - Equals
ok 5 - Equals
ok 6 - Equals
</system-out>
    <testcase name="Equals (915)" classname="spec_perl_TestBcdUserTypeBe_t" time="0.000600099563598633" />
    <testcase name="Equals (916)" classname="spec_perl_TestBcdUserTypeBe_t" time="7.58171081542969e-05" />
    <testcase name="Equals (917)" classname="spec_perl_TestBcdUserTypeBe_t" time="0.000141143798828125" />
    <testcase name="Equals (918)" classname="spec_perl_TestBcdUserTypeBe_t" time="0.000128984451293945" />
    <testcase name="Equals (919)" classname="spec_perl_TestBcdUserTypeBe_t" time="0.00014805793762207" />
    <testcase name="Equals (920)" classname="spec_perl_TestBcdUserTypeBe_t" time="0.000144004821777344" />
  </testsuite>
  <testsuite name="spec_perl_TestRepeatUntilCalcArrayType_t" errors="0" failures="0" skipped="0" tests="7" time="0.0537881851196289">
    <system-out>1..7
ok 1 - Equals
ok 2 - Equals
ok 3 - Equals
ok 4 - Equals
ok 5 - Equals
ok 6 - Equals
ok 7 - Equals
</system-out>
    <testcase name="Equals (921)" classname="spec_perl_TestRepeatUntilCalcArrayType_t" time="0.000506877899169922" />
    <testcase name="Equals (922)" classname="spec_perl_TestRepeatUntilCalcArrayType_t" time="6.60419464111328e-05" />
    <testcase name="Equals (923)" classname="spec_perl_TestRepeatUntilCalcArrayType_t" time="9.89437103271484e-05" />
    <testcase name="Equals (924)" classname="spec_perl_TestRepeatUntilCalcArrayType_t" time="0.000118017196655273" />
    <testcase name="Equals (925)" classname="spec_perl_TestRepeatUntilCalcArrayType_t" time="0.000106096267700195" />
    <testcase name="Equals (926)" classname="spec_perl_TestRepeatUntilCalcArrayType_t" time="0.000110864639282227" />
    <testcase name="Equals (927)" classname="spec_perl_TestRepeatUntilCalcArrayType_t" time="0.000137090682983398" />
  </testsuite>
  <testsuite name="spec_perl_TestExprIoPos_t" errors="0" failures="0" skipped="0" tests="6" time="0.0575098991394043">
    <system-out>1..6
ok 1 - Equals
ok 2 - Equals
ok 3 - Equals
ok 4 - Equals
ok 5 - Equals
ok 6 - Equals
</system-out>
    <testcase name="Equals (928)" classname="spec_perl_TestExprIoPos_t" time="0.000529766082763672" />
    <testcase name="Equals (929)" classname="spec_perl_TestExprIoPos_t" time="5.50746917724609e-05" />
    <testcase name="Equals (930)" classname="spec_perl_TestExprIoPos_t" time="0.000115156173706055" />
    <testcase name="Equals (931)" classname="spec_perl_TestExprIoPos_t" time="0.00010991096496582" />
    <testcase name="Equals (932)" classname="spec_perl_TestExprIoPos_t" time="0.000108957290649414" />
    <testcase name="Equals (933)" classname="spec_perl_TestExprIoPos_t" time="0.000107049942016602" />
  </testsuite>
  <testsuite name="spec_perl_TestEnumDeepLiterals_t" errors="0" failures="0" skipped="0" tests="2" time="0.0525591373443604">
    <system-out>1..2
ok 1 - Equals
ok 2 - Equals
</system-out>
    <testcase name="Equals (934)" classname="spec_perl_TestEnumDeepLiterals_t" time="0.00018310546875" />
    <testcase name="Equals (935)" classname="spec_perl_TestEnumDeepLiterals_t" time="8.89301300048828e-05" />
  </testsuite>
  <testsuite name="spec_perl_TestStrLiterals2_t" errors="0" failures="0" skipped="0" tests="4" time="0.0528600215911865">
    <system-out>1..4
ok 1 - Equals
ok 2 - Equals
ok 3 - Equals
ok 4 - Equals
</system-out>
    <testcase name="Equals (936)" classname="spec_perl_TestStrLiterals2_t" time="0.000164985656738281" />
    <testcase name="Equals (937)" classname="spec_perl_TestStrLiterals2_t" time="0.000102996826171875" />
    <testcase name="Equals (938)" classname="spec_perl_TestStrLiterals2_t" time="0.000130891799926758" />
    <testcase name="Equals (939)" classname="spec_perl_TestStrLiterals2_t" time="0.000175952911376953" />
  </testsuite>
  <testsuite name="spec_perl_TestIfStruct_t" errors="0" failures="0" skipped="0" tests="7" time="0.0567789077758789">
    <system-out>1..7
ok 1 - Equals
ok 2 - Equals
ok 3 - Equals
ok 4 - Equals
ok 5 - Equals
ok 6 - Equals
ok 7 - Equals
</system-out>
    <testcase name="Equals (940)" classname="spec_perl_TestIfStruct_t" time="0.000317096710205078" />
    <testcase name="Equals (941)" classname="spec_perl_TestIfStruct_t" time="8.29696655273438e-05" />
    <testcase name="Equals (942)" classname="spec_perl_TestIfStruct_t" time="0.000114917755126953" />
    <testcase name="Equals (943)" classname="spec_perl_TestIfStruct_t" time="0.000159025192260742" />
    <testcase name="Equals (944)" classname="spec_perl_TestIfStruct_t" time="5.19752502441406e-05" />
    <testcase name="Equals (945)" classname="spec_perl_TestIfStruct_t" time="0.000154972076416016" />
    <testcase name="Equals (946)" classname="spec_perl_TestIfStruct_t" time="5.10215759277344e-05" />
  </testsuite>
  <testsuite name="spec_perl_TestExprStrEncodings_t" errors="0" failures="0" skipped="0" tests="7" time="0.0605490207672119">
    <system-out>1..7
ok 1 - Equals
ok 2 - Equals
ok 3 - Equals
ok 4 - Equals
ok 5 - Equals
ok 6 - Equals
ok 7 - Equals
</system-out>
    <testcase name="Equals (947)" classname="spec_perl_TestExprStrEncodings_t" time="0.0033409595489502" />
    <testcase name="Equals (948)" classname="spec_perl_TestExprStrEncodings_t" time="8.79764556884766e-05" />
    <testcase name="Equals (949)" classname="spec_perl_TestExprStrEncodings_t" time="0.000127077102661133" />
    <testcase name="Equals (950)" classname="spec_perl_TestExprStrEncodings_t" time="0.000103950500488281" />
    <testcase name="Equals (951)" classname="spec_perl_TestExprStrEncodings_t" time="0.000100135803222656" />
    <testcase name="Equals (952)" classname="spec_perl_TestExprStrEncodings_t" time="9.58442687988281e-05" />
    <testcase name="Equals (953)" classname="spec_perl_TestExprStrEncodings_t" time="0.000110149383544922" />
  </testsuite>
  <testsuite name="spec_perl_TestEnumFancy_t" errors="0" failures="0" skipped="0" tests="2" time="0.0529921054840088">
    <system-out>1..2
ok 1 - Equals
ok 2 - Equals
</system-out>
    <testcase name="Equals (954)" classname="spec_perl_TestEnumFancy_t" time="0.000169992446899414" />
    <testcase name="Equals (955)" classname="spec_perl_TestEnumFancy_t" time="8.79764556884766e-05" />
  </testsuite>
  <testsuite name="spec_perl_TestInstanceStdArray_t" errors="0" failures="0" skipped="0" tests="7" time="0.0538570880889893">
    <system-out>1..7
ok 1 - Equals
ok 2 - Equals
ok 3 - Equals
ok 4 - Equals
ok 5 - Equals
ok 6 - Equals
ok 7 - Equals
</system-out>
    <testcase name="Equals (956)" classname="spec_perl_TestInstanceStdArray_t" time="0.000276088714599609" />
    <testcase name="Equals (957)" classname="spec_perl_TestInstanceStdArray_t" time="0.000168800354003906" />
    <testcase name="Equals (958)" classname="spec_perl_TestInstanceStdArray_t" time="0.000168085098266602" />
    <testcase name="Equals (959)" classname="spec_perl_TestInstanceStdArray_t" time="0.000180959701538086" />
    <testcase name="Equals (960)" classname="spec_perl_TestInstanceStdArray_t" time="0.000165939331054688" />
    <testcase name="Equals (961)" classname="spec_perl_TestInstanceStdArray_t" time="0.00016021728515625" />
    <testcase name="Equals (962)" classname="spec_perl_TestInstanceStdArray_t" time="0.000161886215209961" />
  </testsuite>
  <testsuite name="spec_perl_TestEnumToIClassBorder1_t" errors="0" failures="1" skipped="0" tests="3" time="0.0534679889678955">
    <system-out>1..3
ok 1 - Equals
ok 2 - Equals
not ok 3 - test_enum_to_i_class_border_1 died (Can't call method &quot;some_dog&quot; on an undefined value at compiled/perl/EnumToIClassBorder2.pm line 42.)
</system-out>
    <testcase name="Equals (963)" classname="spec_perl_TestEnumToIClassBorder1_t" time="0.000154018402099609" />
    <testcase name="Equals (964)" classname="spec_perl_TestEnumToIClassBorder1_t" time="9.29832458496094e-05" />
    <testcase name="test_enum_to_i_class_border_1 died (Can't call method &quot;some_dog&quot; on an undefined value at compiled/perl/EnumToIClassBorder2.pm line 42.) (964)" classname="spec_perl_TestEnumToIClassBorder1_t" time="0.000217914581298828">
      <failure message="not ok 3 - test_enum_to_i_class_border_1 died (Can't call method &quot;some_dog&quot; on an undefined value at compiled/perl/EnumToIClassBorder2.pm line 42.)" type="TAP::Parser::Result::Test"></failure>
    </testcase>
  </testsuite>
  <testsuite name="spec_perl_TestStrPadTermEmpty_t" errors="0" failures="0" skipped="0" tests="4" time="0.0570149421691895">
    <system-out>1..4
ok 1 - Equals
ok 2 - Equals
ok 3 - Equals
ok 4 - Equals
</system-out>
    <testcase name="Equals (965)" classname="spec_perl_TestStrPadTermEmpty_t" time="0.000252962112426758" />
    <testcase name="Equals (966)" classname="spec_perl_TestStrPadTermEmpty_t" time="9.20295715332031e-05" />
    <testcase name="Equals (967)" classname="spec_perl_TestStrPadTermEmpty_t" time="0.000108957290649414" />
    <testcase name="Equals (968)" classname="spec_perl_TestStrPadTermEmpty_t" time="0.000108957290649414" />
  </testsuite>
  <testsuite name="spec_perl_TestEnumNegative_t" errors="0" failures="0" skipped="0" tests="2" time="0.0528709888458252">
    <system-out>1..2
ok 1 - Equals
ok 2 - Equals
</system-out>
    <testcase name="Equals (969)" classname="spec_perl_TestEnumNegative_t" time="0.00018000602722168" />
    <testcase name="Equals (970)" classname="spec_perl_TestEnumNegative_t" time="0.000106096267700195" />
  </testsuite>
  <testsuite name="spec_perl_TestSwitchManualEnumInvalidElse_t" errors="0" failures="0" skipped="0" tests="5" time="0.057142972946167">
    <system-out>1..5
ok 1 - Equals
ok 2 - Equals
ok 3 - Equals
ok 4 - Equals
ok 5 - Equals
</system-out>
    <testcase name="Equals (971)" classname="spec_perl_TestSwitchManualEnumInvalidElse_t" time="0.000231027603149414" />
    <testcase name="Equals (972)" classname="spec_perl_TestSwitchManualEnumInvalidElse_t" time="0.000106096267700195" />
    <testcase name="Equals (973)" classname="spec_perl_TestSwitchManualEnumInvalidElse_t" time="0.000118017196655273" />
    <testcase name="Equals (974)" classname="spec_perl_TestSwitchManualEnumInvalidElse_t" time="0.00010991096496582" />
    <testcase name="Equals (975)" classname="spec_perl_TestSwitchManualEnumInvalidElse_t" time="0.00010991096496582" />
  </testsuite>
  <testsuite name="spec_perl_TestProcessXorValue_t" errors="0" failures="0" skipped="0" tests="2" time="0.0526089668273926">
    <system-out>1..2
ok 1 - Equals
ok 2 - Equals
</system-out>
    <testcase name="Equals (976)" classname="spec_perl_TestProcessXorValue_t" time="0.000147819519042969" />
    <testcase name="Equals (977)" classname="spec_perl_TestProcessXorValue_t" time="8.82148742675781e-05" />
  </testsuite>
  <testsuite name="spec_perl_TestExpr3_t" errors="0" failures="0" skipped="0" tests="12" time="0.0579969882965088">
    <system-out>1..12
ok 1 - Equals
ok 2 - Equals
ok 3 - Equals
ok 4 - Equals
ok 5 - Equals
ok 6 - Equals
ok 7 - Equals
ok 8 - Equals
ok 9 - Equals
ok 10 - Equals
ok 11 - Equals
ok 12 - Equals
</system-out>
    <testcase name="Equals (978)" classname="spec_perl_TestExpr3_t" time="0.000194787979125977" />
    <testcase name="Equals (979)" classname="spec_perl_TestExpr3_t" time="9.20295715332031e-05" />
    <testcase name="Equals (980)" classname="spec_perl_TestExpr3_t" time="0.000106096267700195" />
    <testcase name="Equals (981)" classname="spec_perl_TestExpr3_t" time="0.000107049942016602" />
    <testcase name="Equals (982)" classname="spec_perl_TestExpr3_t" time="0.000102996826171875" />
    <testcase name="Equals (983)" classname="spec_perl_TestExpr3_t" time="9.08374786376953e-05" />
    <testcase name="Equals (984)" classname="spec_perl_TestExpr3_t" time="9.10758972167969e-05" />
    <testcase name="Equals (985)" classname="spec_perl_TestExpr3_t" time="9.39369201660156e-05" />
    <testcase name="Equals (986)" classname="spec_perl_TestExpr3_t" time="9.20295715332031e-05" />
    <testcase name="Equals (987)" classname="spec_perl_TestExpr3_t" time="9.51290130615234e-05" />
    <testcase name="Equals (988)" classname="spec_perl_TestExpr3_t" time="0.000102996826171875" />
    <testcase name="Equals (989)" classname="spec_perl_TestExpr3_t" time="9.89437103271484e-05" />
  </testsuite>
  <testsuite name="spec_perl_TestZlibSurrounded_t" errors="0" failures="0" skipped="0" tests="1" time="0.0755441188812256">
    <system-out>1..1
ok 1 - Equals
</system-out>
    <testcase name="Equals (990)" classname="spec_perl_TestZlibSurrounded_t" time="0.000530004501342773" />
  </testsuite>
  <testsuite name="spec_perl_TestRepeatEosBit_t" errors="0" failures="0" skipped="0" tests="1" time="0.0539278984069824">
    <system-out>1..1
ok 1 - Equals
</system-out>
    <testcase name="Equals (991)" classname="spec_perl_TestRepeatEosBit_t" time="0.000241994857788086" />
  </testsuite>
  <testsuite name="spec_perl_TestExprBytesOps_t" errors="0" failures="0" skipped="0" tests="16" time="0.0558919906616211">
    <system-out>1..16
ok 1 - Equals
ok 2 - Equals
ok 3 - Equals
ok 4 - Equals
ok 5 - Equals
ok 6 - Equals
ok 7 - Equals
ok 8 - Equals
ok 9 - Equals
ok 10 - Equals
ok 11 - Equals
ok 12 - Equals
ok 13 - Equals
ok 14 - Equals
ok 15 - Equals
ok 16 - Equals
</system-out>
    <testcase name="Equals (992)" classname="spec_perl_TestExprBytesOps_t" time="0.000185966491699219" />
    <testcase name="Equals (993)" classname="spec_perl_TestExprBytesOps_t" time="8.60691070556641e-05" />
    <testcase name="Equals (994)" classname="spec_perl_TestExprBytesOps_t" time="0.000113964080810547" />
    <testcase name="Equals (995)" classname="spec_perl_TestExprBytesOps_t" time="0.000113010406494141" />
    <testcase name="Equals (996)" classname="spec_perl_TestExprBytesOps_t" time="0.000149011611938477" />
    <testcase name="Equals (997)" classname="spec_perl_TestExprBytesOps_t" time="0.000117063522338867" />
    <testcase name="Equals (998)" classname="spec_perl_TestExprBytesOps_t" time="0.000112056732177734" />
    <testcase name="Equals (999)" classname="spec_perl_TestExprBytesOps_t" time="0.000108957290649414" />
    <testcase name="Equals (1000)" classname="spec_perl_TestExprBytesOps_t" time="0.000112056732177734" />
    <testcase name="Equals (1001)" classname="spec_perl_TestExprBytesOps_t" time="0.000111818313598633" />
    <testcase name="Equals (1002)" classname="spec_perl_TestExprBytesOps_t" time="0.000117063522338867" />
    <testcase name="Equals (1003)" classname="spec_perl_TestExprBytesOps_t" time="0.000111103057861328" />
    <testcase name="Equals (1004)" classname="spec_perl_TestExprBytesOps_t" time="0.00010991096496582" />
    <testcase name="Equals (1005)" classname="spec_perl_TestExprBytesOps_t" time="0.000113010406494141" />
    <testcase name="Equals (1006)" classname="spec_perl_TestExprBytesOps_t" time="0.000123977661132812" />
    <testcase name="Equals (1007)" classname="spec_perl_TestExprBytesOps_t" time="0.00010991096496582" />
  </testsuite>
  <testsuite name="spec_perl_TestValidOptionalId_t" errors="1" failures="0" skipped="0" tests="0" time="0.0509240627288818">
    <system-out></system-out>
    <testcase name="Test died too soon, even before plan. (1007)" classname="spec_perl_TestValidOptionalId_t" time="0.0509240627288818">
      <failure message="The test suite died before a plan was produced. You need to have a plan." type="Plan">No plan</failure>
    </testcase>
  </testsuite>
  <testsuite name="spec_perl_TestEofExceptionBytes_t" errors="0" failures="0" skipped="0" tests="1" time="0.0546491146087646">
    <system-out>1..1
ok 1 - threw /^Requested \d+ bytes, but only \d+ bytes available/
</system-out>
    <testcase name="threw /^Requested \d+ bytes, but only \d+ bytes available/ (1007)" classname="spec_perl_TestEofExceptionBytes_t" time="0.000118017196655273" />
  </testsuite>
  <testsuite name="spec_perl_TestNestedTypes_t" errors="0" failures="0" skipped="0" tests="3" time="0.0527498722076416">
    <system-out>1..3
ok 1 - Equals
ok 2 - Equals
ok 3 - Equals
</system-out>
    <testcase name="Equals (1008)" classname="spec_perl_TestNestedTypes_t" time="0.000198125839233398" />
    <testcase name="Equals (1009)" classname="spec_perl_TestNestedTypes_t" time="9.89437103271484e-05" />
    <testcase name="Equals (1010)" classname="spec_perl_TestNestedTypes_t" time="0.000143051147460938" />
  </testsuite>
  <testsuite name="spec_perl_TestSwitchManualIntElse_t" errors="0" failures="0" skipped="0" tests="9" time="0.0573701858520508">
    <system-out>1..9
ok 1 - Equals
ok 2 - Equals
ok 3 - Equals
ok 4 - Equals
ok 5 - Equals
ok 6 - Equals
ok 7 - Equals
ok 8 - Equals
ok 9 - Equals
</system-out>
    <testcase name="Equals (1011)" classname="spec_perl_TestSwitchManualIntElse_t" time="0.000262975692749023" />
    <testcase name="Equals (1012)" classname="spec_perl_TestSwitchManualIntElse_t" time="0.000110149383544922" />
    <testcase name="Equals (1013)" classname="spec_perl_TestSwitchManualIntElse_t" time="0.000108957290649414" />
    <testcase name="Equals (1014)" classname="spec_perl_TestSwitchManualIntElse_t" time="0.000108003616333008" />
    <testcase name="Equals (1015)" classname="spec_perl_TestSwitchManualIntElse_t" time="0.000112056732177734" />
    <testcase name="Equals (1016)" classname="spec_perl_TestSwitchManualIntElse_t" time="0.0001068115234375" />
    <testcase name="Equals (1017)" classname="spec_perl_TestSwitchManualIntElse_t" time="0.000105142593383789" />
    <testcase name="Equals (1018)" classname="spec_perl_TestSwitchManualIntElse_t" time="9.29832458496094e-05" />
    <testcase name="Equals (1019)" classname="spec_perl_TestSwitchManualIntElse_t" time="0.000106096267700195" />
  </testsuite>
</testsuites>
