<?xml version='1.0' encoding='utf-8'?>
<testsuites>
  <testsuite name="spec_perl_TestMetaXref_t" errors="0" failures="0" skipped="1" tests="1" time="0.0439708232879639">
    <system-out>1..1
ok 1 # skip MetaXref=HASH(0x2a50ea8)
</system-out>
    <testcase name="Unnamed test case 1" classname="spec_perl_TestMetaXref_t" time="0.0012359619140625">
      <skipped message="ok 1 # skip MetaXref=HASH(0x2a50ea8)" />
    </testcase>
  </testsuite>
  <testsuite name="spec_perl_TestSwitchIntegers2_t" errors="0" failures="0" skipped="0" tests="5" time="0.0556180477142334">
    <system-out>1..5
ok 1 - Equals
ok 2 - Equals
ok 3 - Equals
ok 4 - Equals
ok 5 - Equals
</system-out>
    <testcase name="Equals" classname="spec_perl_TestSwitchIntegers2_t" time="0.00018000602722168" />
    <testcase name="Equals (2)" classname="spec_perl_TestSwitchIntegers2_t" time="6.89029693603516e-05" />
    <testcase name="Equals (3)" classname="spec_perl_TestSwitchIntegers2_t" time="8.29696655273438e-05" />
    <testcase name="Equals (4)" classname="spec_perl_TestSwitchIntegers2_t" time="0.000225067138671875" />
    <testcase name="Equals (5)" classname="spec_perl_TestSwitchIntegers2_t" time="8.79764556884766e-05" />
  </testsuite>
  <testsuite name="spec_perl_TestBytesPadTerm_t" errors="0" failures="0" skipped="0" tests="4" time="0.0437531471252441">
    <system-out>1..4
ok 1 - Equals
ok 2 - Equals
ok 3 - Equals
ok 4 - Equals
</system-out>
    <testcase name="Equals (6)" classname="spec_perl_TestBytesPadTerm_t" time="0.000295877456665039" />
    <testcase name="Equals (7)" classname="spec_perl_TestBytesPadTerm_t" time="8.60691070556641e-05" />
    <testcase name="Equals (8)" classname="spec_perl_TestBytesPadTerm_t" time="9.79900360107422e-05" />
    <testcase name="Equals (9)" classname="spec_perl_TestBytesPadTerm_t" time="0.000164031982421875" />
  </testsuite>
  <testsuite name="spec_perl_TestPositionAbs_t" errors="0" failures="0" skipped="0" tests="2" time="0.0539507865905762">
    <system-out>1..2
ok 1 - Equals
ok 2 - Equals
</system-out>
    <testcase name="Equals (10)" classname="spec_perl_TestPositionAbs_t" time="0.00027918815612793" />
    <testcase name="Equals (11)" classname="spec_perl_TestPositionAbs_t" time="0.000168800354003906" />
  </testsuite>
  <testsuite name="spec_perl_TestMultipleUse_t" errors="0" failures="0" skipped="0" tests="2" time="0.0437247753143311">
    <system-out>1..2
ok 1 - Equals
ok 2 - Equals
</system-out>
    <testcase name="Equals (12)" classname="spec_perl_TestMultipleUse_t" time="0.000252962112426758" />
    <testcase name="Equals (13)" classname="spec_perl_TestMultipleUse_t" time="8.60691070556641e-05" />
  </testsuite>
  <testsuite name="spec_perl_TestStrEncodings_t" errors="0" failures="0" skipped="0" tests="4" time="0.0678689479827881">
    <system-out>1..4
ok 1 - Equals
ok 2 - Equals
ok 3 - Equals
ok 4 - Equals
</system-out>
    <testcase name="Equals (14)" classname="spec_perl_TestStrEncodings_t" time="0.0209438800811768" />
    <testcase name="Equals (15)" classname="spec_perl_TestStrEncodings_t" time="0.000133991241455078" />
    <testcase name="Equals (16)" classname="spec_perl_TestStrEncodings_t" time="6.103515625e-05" />
    <testcase name="Equals (17)" classname="spec_perl_TestStrEncodings_t" time="0.000119924545288086" />
  </testsuite>
  <testsuite name="spec_perl_TestProcessRotate_t" errors="0" failures="0" skipped="0" tests="3" time="0.0463151931762695">
    <system-out>1..3
ok 1 - Equals
ok 2 - Equals
ok 3 - Equals
</system-out>
    <testcase name="Equals (18)" classname="spec_perl_TestProcessRotate_t" time="0.000271797180175781" />
    <testcase name="Equals (19)" classname="spec_perl_TestProcessRotate_t" time="8.41617584228516e-05" />
    <testcase name="Equals (20)" classname="spec_perl_TestProcessRotate_t" time="0.000123023986816406" />
  </testsuite>
  <testsuite name="spec_perl_TestSwitchMultiBoolOps_t" errors="0" failures="0" skipped="0" tests="9" time="0.0434379577636719">
    <system-out>1..9
ok 1 - Equals
ok 2 - Equals
ok 3 - Equals
ok 4 - Equals
ok 5 - Equals
ok 6 - Equals
ok 7 - Equals
ok 8 - Equals
ok 9 - Equals
</system-out>
    <testcase name="Equals (21)" classname="spec_perl_TestSwitchMultiBoolOps_t" time="0.000270843505859375" />
    <testcase name="Equals (22)" classname="spec_perl_TestSwitchMultiBoolOps_t" time="8.10623168945312e-05" />
    <testcase name="Equals (23)" classname="spec_perl_TestSwitchMultiBoolOps_t" time="7.29560852050781e-05" />
    <testcase name="Equals (24)" classname="spec_perl_TestSwitchMultiBoolOps_t" time="0.000232934951782227" />
    <testcase name="Equals (25)" classname="spec_perl_TestSwitchMultiBoolOps_t" time="7.20024108886719e-05" />
    <testcase name="Equals (26)" classname="spec_perl_TestSwitchMultiBoolOps_t" time="5.50746917724609e-05" />
    <testcase name="Equals (27)" classname="spec_perl_TestSwitchMultiBoolOps_t" time="0.000134944915771484" />
    <testcase name="Equals (28)" classname="spec_perl_TestSwitchMultiBoolOps_t" time="0.000113010406494141" />
    <testcase name="Equals (29)" classname="spec_perl_TestSwitchMultiBoolOps_t" time="0.000151157379150391" />
  </testsuite>
  <testsuite name="spec_perl_TestJsSignedRightShift_t" errors="0" failures="0" skipped="0" tests="2" time="0.043302059173584">
    <system-out>1..2
ok 1 - Equals
ok 2 - Equals
</system-out>
    <testcase name="Equals (30)" classname="spec_perl_TestJsSignedRightShift_t" time="0.000169038772583008" />
    <testcase name="Equals (31)" classname="spec_perl_TestJsSignedRightShift_t" time="0.000144004821777344" />
  </testsuite>
  <testsuite name="spec_perl_TestInstanceIoUser_t" errors="0" failures="0" skipped="0" tests="4" time="0.0775609016418457">
    <system-out>1..4
ok 1 - Equals
ok 2 - Equals
ok 3 - Equals
ok 4 - Equals
</system-out>
    <testcase name="Equals (32)" classname="spec_perl_TestInstanceIoUser_t" time="0.00111889839172363" />
    <testcase name="Equals (33)" classname="spec_perl_TestInstanceIoUser_t" time="0.000368118286132812" />
    <testcase name="Equals (34)" classname="spec_perl_TestInstanceIoUser_t" time="0.000319957733154297" />
    <testcase name="Equals (35)" classname="spec_perl_TestInstanceIoUser_t" time="0.000312089920043945" />
  </testsuite>
  <testsuite name="spec_perl_TestPositionToEnd_t" errors="0" failures="0" skipped="0" tests="2" time="0.0431950092315674">
    <system-out>1..2
ok 1 - Equals
ok 2 - Equals
</system-out>
    <testcase name="Equals (36)" classname="spec_perl_TestPositionToEnd_t" time="0.00017094612121582" />
    <testcase name="Equals (37)" classname="spec_perl_TestPositionToEnd_t" time="6.79492950439453e-05" />
  </testsuite>
  <testsuite name="spec_perl_TestTypeTernary_t" errors="0" failures="0" skipped="0" tests="1" time="0.043936014175415">
    <system-out>1..1
ok 1 - Equals
</system-out>
    <testcase name="Equals (38)" classname="spec_perl_TestTypeTernary_t" time="0.000483989715576172" />
  </testsuite>
  <testsuite name="spec_perl_TestExpr2_t" errors="0" failures="0" skipped="0" tests="17" time="0.0501060485839844">
    <system-out>1..17
ok 1 - Equals
ok 2 - Equals
ok 3 - Equals
ok 4 - Equals
ok 5 - Equals
ok 6 - Equals
ok 7 - Equals
ok 8 - Equals
ok 9 - Equals
ok 10 - Equals
ok 11 - Equals
ok 12 - Equals
ok 13 - Equals
ok 14 - Equals
ok 15 - Equals
ok 16 - Equals
ok 17 - Equals
</system-out>
    <testcase name="Equals (39)" classname="spec_perl_TestExpr2_t" time="0.000644922256469727" />
    <testcase name="Equals (40)" classname="spec_perl_TestExpr2_t" time="0.000110149383544922" />
    <testcase name="Equals (41)" classname="spec_perl_TestExpr2_t" time="5.69820404052734e-05" />
    <testcase name="Equals (42)" classname="spec_perl_TestExpr2_t" time="0.000101089477539062" />
    <testcase name="Equals (43)" classname="spec_perl_TestExpr2_t" time="0.000137805938720703" />
    <testcase name="Equals (44)" classname="spec_perl_TestExpr2_t" time="0.000132083892822266" />
    <testcase name="Equals (45)" classname="spec_perl_TestExpr2_t" time="0.00014805793762207" />
    <testcase name="Equals (46)" classname="spec_perl_TestExpr2_t" time="0.000164985656738281" />
    <testcase name="Equals (47)" classname="spec_perl_TestExpr2_t" time="0.0001678466796875" />
    <testcase name="Equals (48)" classname="spec_perl_TestExpr2_t" time="0.000101089477539062" />
    <testcase name="Equals (49)" classname="spec_perl_TestExpr2_t" time="0.000149011611938477" />
    <testcase name="Equals (50)" classname="spec_perl_TestExpr2_t" time="0.000117063522338867" />
    <testcase name="Equals (51)" classname="spec_perl_TestExpr2_t" time="0.000151872634887695" />
    <testcase name="Equals (52)" classname="spec_perl_TestExpr2_t" time="0.000161170959472656" />
    <testcase name="Equals (53)" classname="spec_perl_TestExpr2_t" time="0.000111818313598633" />
    <testcase name="Equals (54)" classname="spec_perl_TestExpr2_t" time="0.000131130218505859" />
    <testcase name="Equals (55)" classname="spec_perl_TestExpr2_t" time="0.000120878219604492" />
  </testsuite>
  <testsuite name="spec_perl_TestDefaultEndianExprIsLe_t" errors="0" failures="0" skipped="0" tests="12" time="0.0453078746795654">
    <system-out>1..12
ok 1 - Equals
ok 2 - Equals
ok 3 - Equals
ok 4 - Equals
ok 5 - Equals
ok 6 - Equals
ok 7 - Equals
ok 8 - Equals
ok 9 - Equals
ok 10 - Equals
ok 11 - Equals
ok 12 - Equals
</system-out>
    <testcase name="Equals (56)" classname="spec_perl_TestDefaultEndianExprIsLe_t" time="0.000298976898193359" />
    <testcase name="Equals (57)" classname="spec_perl_TestDefaultEndianExprIsLe_t" time="8.89301300048828e-05" />
    <testcase name="Equals (58)" classname="spec_perl_TestDefaultEndianExprIsLe_t" time="7.31945037841797e-05" />
    <testcase name="Equals (59)" classname="spec_perl_TestDefaultEndianExprIsLe_t" time="0.000153779983520508" />
    <testcase name="Equals (60)" classname="spec_perl_TestDefaultEndianExprIsLe_t" time="0.000143051147460938" />
    <testcase name="Equals (61)" classname="spec_perl_TestDefaultEndianExprIsLe_t" time="0.000136137008666992" />
    <testcase name="Equals (62)" classname="spec_perl_TestDefaultEndianExprIsLe_t" time="0.000124931335449219" />
    <testcase name="Equals (63)" classname="spec_perl_TestDefaultEndianExprIsLe_t" time="0.000127077102661133" />
    <testcase name="Equals (64)" classname="spec_perl_TestDefaultEndianExprIsLe_t" time="0.000124931335449219" />
    <testcase name="Equals (65)" classname="spec_perl_TestDefaultEndianExprIsLe_t" time="0.0001220703125" />
    <testcase name="Equals (66)" classname="spec_perl_TestDefaultEndianExprIsLe_t" time="0.000149965286254883" />
    <testcase name="Equals (67)" classname="spec_perl_TestDefaultEndianExprIsLe_t" time="0.000112056732177734" />
  </testsuite>
  <testsuite name="spec_perl_TestEnumImport_t" errors="0" failures="2" skipped="0" tests="2" time="0.0515010356903076">
    <system-out>1..2
not ok 1 - Equals
not ok 2 - Equals
</system-out>
    <testcase name="Equals (68)" classname="spec_perl_TestEnumImport_t" time="0.000308990478515625">
      <failure message="not ok 1 - Equals" type="TAP::Parser::Result::Test"></failure>
    </testcase>
    <testcase name="Equals (69)" classname="spec_perl_TestEnumImport_t" time="0.000200986862182617">
      <failure message="not ok 2 - Equals" type="TAP::Parser::Result::Test"></failure>
    </testcase>
  </testsuite>
  <testsuite name="spec_perl_TestStrEos_t" errors="0" failures="0" skipped="0" tests="1" time="0.0460829734802246">
    <system-out>1..1
ok 1 - Equals
</system-out>
    <testcase name="Equals (70)" classname="spec_perl_TestStrEos_t" time="0.0002899169921875" />
  </testsuite>
  <testsuite name="spec_perl_TestOpaqueExternalType_t" errors="0" failures="0" skipped="0" tests="3" time="0.045828104019165">
    <system-out>1..3
ok 1 - Equals
ok 2 - Equals
ok 3 - Equals
</system-out>
    <testcase name="Equals (71)" classname="spec_perl_TestOpaqueExternalType_t" time="0.000308990478515625" />
    <testcase name="Equals (72)" classname="spec_perl_TestOpaqueExternalType_t" time="9.01222229003906e-05" />
    <testcase name="Equals (73)" classname="spec_perl_TestOpaqueExternalType_t" time="5.69820404052734e-05" />
  </testsuite>
  <testsuite name="spec_perl_TestParamsPassArrayUsertype_t" errors="0" failures="1" skipped="4" tests="5" time="0.0541470050811768">
    <system-out>1..5
not ok 1 - test_params_pass_array_usertype died (Can't use an undefined value as an ARRAY reference at compiled/perl/ParamsPassArrayUsertype.pm line 123.)
ok 2 # skip test_params_pass_array_usertype died
ok 3 # skip test_params_pass_array_usertype died
ok 4 # skip test_params_pass_array_usertype died
ok 5 # skip test_params_pass_array_usertype died
</system-out>
    <testcase name="test_params_pass_array_usertype died (Can't use an undefined value as an ARRAY reference at compiled/perl/ParamsPassArrayUsertype.pm line 123.) (73)" classname="spec_perl_TestParamsPassArrayUsertype_t" time="0.000314950942993164">
      <failure message="not ok 1 - test_params_pass_array_usertype died (Can't use an undefined value as an ARRAY reference at compiled/perl/ParamsPassArrayUsertype.pm line 123.)" type="TAP::Parser::Result::Test"></failure>
    </testcase>
    <testcase name="Unnamed test case 73" classname="spec_perl_TestParamsPassArrayUsertype_t" time="0.000391960144042969">
      <skipped message="ok 2 # skip test_params_pass_array_usertype died" />
    </testcase>
    <testcase name="Unnamed test case 74" classname="spec_perl_TestParamsPassArrayUsertype_t" time="0.000403881072998047">
      <skipped message="ok 3 # skip test_params_pass_array_usertype died" />
    </testcase>
    <testcase name="Unnamed test case 75" classname="spec_perl_TestParamsPassArrayUsertype_t" time="0.000299215316772461">
      <skipped message="ok 4 # skip test_params_pass_array_usertype died" />
    </testcase>
    <testcase name="Unnamed test case 76" classname="spec_perl_TestParamsPassArrayUsertype_t" time="0.000346899032592773">
      <skipped message="ok 5 # skip test_params_pass_array_usertype died" />
    </testcase>
  </testsuite>
  <testsuite name="spec_perl_TestValidNotParsedIf_t" errors="1" failures="0" skipped="0" tests="0" time="0.0529971122741699">
    <system-out></system-out>
    <testcase name="Test died too soon, even before plan. (76)" classname="spec_perl_TestValidNotParsedIf_t" time="0.0529971122741699">
      <failure message="The test suite died before a plan was produced. You need to have a plan." type="Plan">No plan</failure>
    </testcase>
  </testsuite>
  <testsuite name="spec_perl_TestSwitchManualIntSizeElse_t" errors="0" failures="0" skipped="0" tests="10" time="0.048151969909668">
    <system-out>1..10
ok 1 - Equals
ok 2 - Equals
ok 3 - Equals
ok 4 - Equals
ok 5 - Equals
ok 6 - Equals
ok 7 - Equals
ok 8 - Equals
ok 9 - Equals
ok 10 - Equals
</system-out>
    <testcase name="Equals (76)" classname="spec_perl_TestSwitchManualIntSizeElse_t" time="0.000636100769042969" />
    <testcase name="Equals (77)" classname="spec_perl_TestSwitchManualIntSizeElse_t" time="9.79900360107422e-05" />
    <testcase name="Equals (78)" classname="spec_perl_TestSwitchManualIntSizeElse_t" time="6.69956207275391e-05" />
    <testcase name="Equals (79)" classname="spec_perl_TestSwitchManualIntSizeElse_t" time="0.000118017196655273" />
    <testcase name="Equals (80)" classname="spec_perl_TestSwitchManualIntSizeElse_t" time="0.000124931335449219" />
    <testcase name="Equals (81)" classname="spec_perl_TestSwitchManualIntSizeElse_t" time="0.000154972076416016" />
    <testcase name="Equals (82)" classname="spec_perl_TestSwitchManualIntSizeElse_t" time="0.000116109848022461" />
    <testcase name="Equals (83)" classname="spec_perl_TestSwitchManualIntSizeElse_t" time="0.000150918960571289" />
    <testcase name="Equals (84)" classname="spec_perl_TestSwitchManualIntSizeElse_t" time="0.000113964080810547" />
    <testcase name="Equals (85)" classname="spec_perl_TestSwitchManualIntSizeElse_t" time="0.000144004821777344" />
  </testsuite>
  <testsuite name="spec_perl_TestTypeTernaryOpaque_t" errors="0" failures="0" skipped="0" tests="3" time="0.0460281372070312">
    <system-out>1..3
ok 1 - Equals
ok 2 - Equals
ok 3 - Equals
</system-out>
    <testcase name="Equals (86)" classname="spec_perl_TestTypeTernaryOpaque_t" time="0.000537872314453125" />
    <testcase name="Equals (87)" classname="spec_perl_TestTypeTernaryOpaque_t" time="0.000100135803222656" />
    <testcase name="Equals (88)" classname="spec_perl_TestTypeTernaryOpaque_t" time="5.69820404052734e-05" />
  </testsuite>
  <testsuite name="spec_perl_TestEnumToI_t" errors="0" failures="0" skipped="0" tests="5" time="0.0448520183563232">
    <system-out>1..5
ok 1 - Equals
ok 2 - Equals
ok 3 - Equals
ok 4 - Equals
ok 5 - Equals
</system-out>
    <testcase name="Equals (89)" classname="spec_perl_TestEnumToI_t" time="0.000369787216186523" />
    <testcase name="Equals (90)" classname="spec_perl_TestEnumToI_t" time="0.000109195709228516" />
    <testcase name="Equals (91)" classname="spec_perl_TestEnumToI_t" time="0.000162839889526367" />
    <testcase name="Equals (92)" classname="spec_perl_TestEnumToI_t" time="0.000135183334350586" />
    <testcase name="Equals (93)" classname="spec_perl_TestEnumToI_t" time="0.000140905380249023" />
  </testsuite>
  <testsuite name="spec_perl_TestNestedSameName_t" errors="0" failures="0" skipped="0" tests="2" time="0.0433099269866943">
    <system-out>1..2
ok 1 - Equals
ok 2 - Equals
</system-out>
    <testcase name="Equals (94)" classname="spec_perl_TestNestedSameName_t" time="0.00024104118347168" />
    <testcase name="Equals (95)" classname="spec_perl_TestNestedSameName_t" time="8.0108642578125e-05" />
  </testsuite>
  <testsuite name="spec_perl_TestIfValues_t" errors="0" failures="0" skipped="0" tests="6" time="0.0435481071472168">
    <system-out>1..6
ok 1 - Equals
ok 2 - Equals
ok 3 - Equals
ok 4 - nil
ok 5 - Equals
ok 6 - nil
</system-out>
    <testcase name="Equals (96)" classname="spec_perl_TestIfValues_t" time="0.000257015228271484" />
    <testcase name="Equals (97)" classname="spec_perl_TestIfValues_t" time="8.392333984375e-05" />
    <testcase name="Equals (98)" classname="spec_perl_TestIfValues_t" time="8.20159912109375e-05" />
    <testcase name="nil (98)" classname="spec_perl_TestIfValues_t" time="7.10487365722656e-05" />
    <testcase name="Equals (99)" classname="spec_perl_TestIfValues_t" time="0.000144004821777344" />
    <testcase name="nil (99)" classname="spec_perl_TestIfValues_t" time="6.60419464111328e-05" />
  </testsuite>
  <testsuite name="spec_perl_TestRepeatNStrzDouble_t" errors="0" failures="0" skipped="0" tests="3" time="0.0472269058227539">
    <system-out>1..3
ok 1 - Equals
ok 2 - Equals
ok 3 - Equals
</system-out>
    <testcase name="Equals (100)" classname="spec_perl_TestRepeatNStrzDouble_t" time="0.000308990478515625" />
    <testcase name="Equals (101)" classname="spec_perl_TestRepeatNStrzDouble_t" time="8.79764556884766e-05" />
    <testcase name="Equals (102)" classname="spec_perl_TestRepeatNStrzDouble_t" time="5.69820404052734e-05" />
  </testsuite>
  <testsuite name="spec_perl_TestBcdUserTypeBe_t" errors="0" failures="0" skipped="0" tests="6" time="0.0461158752441406">
    <system-out>1..6
ok 1 - Equals
ok 2 - Equals
ok 3 - Equals
ok 4 - Equals
ok 5 - Equals
ok 6 - Equals
</system-out>
    <testcase name="Equals (103)" classname="spec_perl_TestBcdUserTypeBe_t" time="0.000639915466308594" />
    <testcase name="Equals (104)" classname="spec_perl_TestBcdUserTypeBe_t" time="0.00010991096496582" />
    <testcase name="Equals (105)" classname="spec_perl_TestBcdUserTypeBe_t" time="9.29832458496094e-05" />
    <testcase name="Equals (106)" classname="spec_perl_TestBcdUserTypeBe_t" time="0.000153064727783203" />
    <testcase name="Equals (107)" classname="spec_perl_TestBcdUserTypeBe_t" time="0.000165939331054688" />
    <testcase name="Equals (108)" classname="spec_perl_TestBcdUserTypeBe_t" time="0.000151157379150391" />
  </testsuite>
  <testsuite name="spec_perl_TestSwitchElseOnly_t" errors="1" failures="0" skipped="0" tests="0" time="0.0431718826293945">
    <system-out></system-out>
    <testcase name="Test died too soon, even before plan. (108)" classname="spec_perl_TestSwitchElseOnly_t" time="0.0431718826293945">
      <failure message="The test suite died before a plan was produced. You need to have a plan." type="Plan">No plan</failure>
    </testcase>
  </testsuite>
  <testsuite name="spec_perl_TestCombineBool_t" errors="0" failures="0" skipped="0" tests="2" time="0.0432658195495605">
    <system-out>1..2
ok 1 - Equals
ok 2 - Equals
</system-out>
    <testcase name="Equals (109)" classname="spec_perl_TestCombineBool_t" time="0.000241994857788086" />
    <testcase name="Equals (110)" classname="spec_perl_TestCombineBool_t" time="7.60555267333984e-05" />
  </testsuite>
  <testsuite name="spec_perl_TestParamsPassArrayInt_t" errors="0" failures="1" skipped="6" tests="7" time="0.0500180721282959">
    <system-out>1..7
not ok 1 - test_params_pass_array_int died (Can't use an undefined value as an ARRAY reference at spec/perl/TestParamsPassArrayInt.t line 15.)
ok 2 # skip test_params_pass_array_int died
ok 3 # skip test_params_pass_array_int died
ok 4 # skip test_params_pass_array_int died
ok 5 # skip test_params_pass_array_int died
ok 6 # skip test_params_pass_array_int died
ok 7 # skip test_params_pass_array_int died
</system-out>
    <testcase name="test_params_pass_array_int died (Can't use an undefined value as an ARRAY reference at spec/perl/TestParamsPassArrayInt.t line 15.) (110)" classname="spec_perl_TestParamsPassArrayInt_t" time="0.000313043594360352">
      <failure message="not ok 1 - test_params_pass_array_int died (Can't use an undefined value as an ARRAY reference at spec/perl/TestParamsPassArrayInt.t line 15.)" type="TAP::Parser::Result::Test"></failure>
    </testcase>
    <testcase name="Unnamed test case 110" classname="spec_perl_TestParamsPassArrayInt_t" time="0.00158190727233887">
      <skipped message="ok 2 # skip test_params_pass_array_int died" />
    </testcase>
    <testcase name="Unnamed test case 111" classname="spec_perl_TestParamsPassArrayInt_t" time="9.51290130615234e-05">
      <skipped message="ok 3 # skip test_params_pass_array_int died" />
    </testcase>
    <testcase name="Unnamed test case 112" classname="spec_perl_TestParamsPassArrayInt_t" time="0.00014495849609375">
      <skipped message="ok 4 # skip test_params_pass_array_int died" />
    </testcase>
    <testcase name="Unnamed test case 113" classname="spec_perl_TestParamsPassArrayInt_t" time="0.000108957290649414">
      <skipped message="ok 5 # skip test_params_pass_array_int died" />
    </testcase>
    <testcase name="Unnamed test case 114" classname="spec_perl_TestParamsPassArrayInt_t" time="0.000147104263305664">
      <skipped message="ok 6 # skip test_params_pass_array_int died" />
    </testcase>
    <testcase name="Unnamed test case 115" classname="spec_perl_TestParamsPassArrayInt_t" time="0.000103950500488281">
      <skipped message="ok 7 # skip test_params_pass_array_int died" />
    </testcase>
  </testsuite>
  <testsuite name="spec_perl_TestMetaTags_t" errors="0" failures="0" skipped="1" tests="1" time="0.0445001125335693">
    <system-out>1..1
ok 1 # skip MetaTags=HASH(0x1dc5818)
</system-out>
    <testcase name="Unnamed test case 116" classname="spec_perl_TestMetaTags_t" time="0.0013577938079834">
      <skipped message="ok 1 # skip MetaTags=HASH(0x1dc5818)" />
    </testcase>
  </testsuite>
  <testsuite name="spec_perl_TestProcessRepeatUsertype_t" errors="0" failures="0" skipped="0" tests="4" time="0.0436320304870605">
    <system-out>1..4
ok 1 - Equals
ok 2 - Equals
ok 3 - Equals
ok 4 - Equals
</system-out>
    <testcase name="Equals (116)" classname="spec_perl_TestProcessRepeatUsertype_t" time="0.000532865524291992" />
    <testcase name="Equals (117)" classname="spec_perl_TestProcessRepeatUsertype_t" time="0.000102043151855469" />
    <testcase name="Equals (118)" classname="spec_perl_TestProcessRepeatUsertype_t" time="5.69820404052734e-05" />
    <testcase name="Equals (119)" classname="spec_perl_TestProcessRepeatUsertype_t" time="0.000111103057861328" />
  </testsuite>
  <testsuite name="spec_perl_TestDocstrings_t" errors="0" failures="0" skipped="1" tests="1" time="0.0438699722290039">
    <system-out>1..1
ok 1 # skip Docstrings=HASH(0x1438420)
</system-out>
    <testcase name="Unnamed test case 119" classname="spec_perl_TestDocstrings_t" time="0.00124001502990723">
      <skipped message="ok 1 # skip Docstrings=HASH(0x1438420)" />
    </testcase>
  </testsuite>
  <testsuite name="spec_perl_TestEnumOfValueInst_t" errors="0" failures="0" skipped="0" tests="4" time="0.0447778701782227">
    <system-out>1..4
ok 1 - Equals
ok 2 - Equals
ok 3 - Equals
ok 4 - Equals
</system-out>
    <testcase name="Equals (120)" classname="spec_perl_TestEnumOfValueInst_t" time="0.000275135040283203" />
    <testcase name="Equals (121)" classname="spec_perl_TestEnumOfValueInst_t" time="7.98702239990234e-05" />
    <testcase name="Equals (122)" classname="spec_perl_TestEnumOfValueInst_t" time="0.000128030776977539" />
    <testcase name="Equals (123)" classname="spec_perl_TestEnumOfValueInst_t" time="0.000133991241455078" />
  </testsuite>
  <testsuite name="spec_perl_TestFixedContents_t" errors="1" failures="0" skipped="0" tests="0" time="0.0552499294281006">
    <system-out></system-out>
    <testcase name="Test died too soon, even before plan. (123)" classname="spec_perl_TestFixedContents_t" time="0.0552499294281006">
      <failure message="The test suite died before a plan was produced. You need to have a plan." type="Plan">No plan</failure>
    </testcase>
  </testsuite>
  <testsuite name="spec_perl_TestEnumInvalid_t" errors="0" failures="0" skipped="0" tests="2" time="0.0439050197601318">
    <system-out>1..2
ok 1 - Equals
ok 2 - Equals
</system-out>
    <testcase name="Equals (124)" classname="spec_perl_TestEnumInvalid_t" time="0.000178813934326172" />
    <testcase name="Equals (125)" classname="spec_perl_TestEnumInvalid_t" time="6.81877136230469e-05" />
  </testsuite>
  <testsuite name="spec_perl_TestSwitchManualIntSizeEos_t" errors="0" failures="0" skipped="0" tests="10" time="0.0477170944213867">
    <system-out>1..10
ok 1 - Equals
ok 2 - Equals
ok 3 - Equals
ok 4 - Equals
ok 5 - Equals
ok 6 - Equals
ok 7 - Equals
ok 8 - Equals
ok 9 - Equals
ok 10 - Equals
</system-out>
    <testcase name="Equals (126)" classname="spec_perl_TestSwitchManualIntSizeEos_t" time="0.000679969787597656" />
    <testcase name="Equals (127)" classname="spec_perl_TestSwitchManualIntSizeEos_t" time="0.000105142593383789" />
    <testcase name="Equals (128)" classname="spec_perl_TestSwitchManualIntSizeEos_t" time="5.88893890380859e-05" />
    <testcase name="Equals (129)" classname="spec_perl_TestSwitchManualIntSizeEos_t" time="7.79628753662109e-05" />
    <testcase name="Equals (130)" classname="spec_perl_TestSwitchManualIntSizeEos_t" time="0.000151157379150391" />
    <testcase name="Equals (131)" classname="spec_perl_TestSwitchManualIntSizeEos_t" time="0.000147819519042969" />
    <testcase name="Equals (132)" classname="spec_perl_TestSwitchManualIntSizeEos_t" time="0.000118017196655273" />
    <testcase name="Equals (133)" classname="spec_perl_TestSwitchManualIntSizeEos_t" time="0.000149011611938477" />
    <testcase name="Equals (134)" classname="spec_perl_TestSwitchManualIntSizeEos_t" time="0.000117063522338867" />
    <testcase name="Equals (135)" classname="spec_perl_TestSwitchManualIntSizeEos_t" time="0.000120878219604492" />
  </testsuite>
  <testsuite name="spec_perl_TestEnumLongRangeS_t" errors="0" failures="0" skipped="0" tests="7" time="0.0454950332641602">
    <system-out>1..7
ok 1 - Equals
ok 2 - Equals
ok 3 - Equals
ok 4 - Equals
ok 5 - Equals
ok 6 - Equals
ok 7 - Equals
</system-out>
    <testcase name="Equals (136)" classname="spec_perl_TestEnumLongRangeS_t" time="0.000267982482910156" />
    <testcase name="Equals (137)" classname="spec_perl_TestEnumLongRangeS_t" time="8.392333984375e-05" />
    <testcase name="Equals (138)" classname="spec_perl_TestEnumLongRangeS_t" time="8.60691070556641e-05" />
    <testcase name="Equals (139)" classname="spec_perl_TestEnumLongRangeS_t" time="0.000150918960571289" />
    <testcase name="Equals (140)" classname="spec_perl_TestEnumLongRangeS_t" time="0.000128030776977539" />
    <testcase name="Equals (141)" classname="spec_perl_TestEnumLongRangeS_t" time="0.000111103057861328" />
    <testcase name="Equals (142)" classname="spec_perl_TestEnumLongRangeS_t" time="0.000158071517944336" />
  </testsuite>
  <testsuite name="spec_perl_TestNavParent3_t" errors="0" failures="0" skipped="0" tests="10" time="0.0476789474487305">
    <system-out>1..10
ok 1 - Equals
ok 2 - Equals
ok 3 - Equals
ok 4 - Equals
ok 5 - Equals
ok 6 - Equals
ok 7 - Equals
ok 8 - Equals
ok 9 - Equals
ok 10 - Equals
</system-out>
    <testcase name="Equals (143)" classname="spec_perl_TestNavParent3_t" time="0.000174999237060547" />
    <testcase name="Equals (144)" classname="spec_perl_TestNavParent3_t" time="0.000126123428344727" />
    <testcase name="Equals (145)" classname="spec_perl_TestNavParent3_t" time="0.000194072723388672" />
    <testcase name="Equals (146)" classname="spec_perl_TestNavParent3_t" time="0.000101804733276367" />
    <testcase name="Equals (147)" classname="spec_perl_TestNavParent3_t" time="0.000142097473144531" />
    <testcase name="Equals (148)" classname="spec_perl_TestNavParent3_t" time="0.000182867050170898" />
    <testcase name="Equals (149)" classname="spec_perl_TestNavParent3_t" time="0.000118017196655273" />
    <testcase name="Equals (150)" classname="spec_perl_TestNavParent3_t" time="0.000149011611938477" />
    <testcase name="Equals (151)" classname="spec_perl_TestNavParent3_t" time="0.000127077102661133" />
    <testcase name="Equals (152)" classname="spec_perl_TestNavParent3_t" time="0.00017094612121582" />
  </testsuite>
  <testsuite name="spec_perl_TestFloatingPoints_t" errors="0" failures="0" skipped="0" tests="8" time="0.0510528087615967">
    <system-out>1..8
ok 1 - Approx equals
ok 2 - Approx equals
ok 3 - Approx equals
ok 4 - Approx equals
ok 5 - Approx equals
ok 6 - Approx equals
ok 7 - Approx equals
ok 8 - Approx equals
</system-out>
    <testcase name="Approx equals (152)" classname="spec_perl_TestFloatingPoints_t" time="0.000167131423950195" />
    <testcase name="Approx equals (153)" classname="spec_perl_TestFloatingPoints_t" time="5.69820404052734e-05" />
    <testcase name="Approx equals (154)" classname="spec_perl_TestFloatingPoints_t" time="5.79357147216797e-05" />
    <testcase name="Approx equals (155)" classname="spec_perl_TestFloatingPoints_t" time="4.41074371337891e-05" />
    <testcase name="Approx equals (156)" classname="spec_perl_TestFloatingPoints_t" time="4.10079956054688e-05" />
    <testcase name="Approx equals (157)" classname="spec_perl_TestFloatingPoints_t" time="4.07695770263672e-05" />
    <testcase name="Approx equals (158)" classname="spec_perl_TestFloatingPoints_t" time="5.50746917724609e-05" />
    <testcase name="Approx equals (159)" classname="spec_perl_TestFloatingPoints_t" time="3.91006469726562e-05" />
  </testsuite>
  <testsuite name="spec_perl_TestNavParentSwitch_t" errors="0" failures="0" skipped="0" tests="3" time="0.0441098213195801">
    <system-out>1..3
ok 1 - Equals
ok 2 - Equals
ok 3 - Equals
</system-out>
    <testcase name="Equals (159)" classname="spec_perl_TestNavParentSwitch_t" time="0.000272035598754883" />
    <testcase name="Equals (160)" classname="spec_perl_TestNavParentSwitch_t" time="9.10758972167969e-05" />
    <testcase name="Equals (161)" classname="spec_perl_TestNavParentSwitch_t" time="0.000102996826171875" />
  </testsuite>
  <testsuite name="spec_perl_TestDocstringsDocrefMulti_t" errors="0" failures="0" skipped="1" tests="1" time="0.0431900024414062">
    <system-out>1..1
ok 1 # skip DocstringsDocrefMulti=HASH(0x17a9978)
</system-out>
    <testcase name="Unnamed test case 161" classname="spec_perl_TestDocstringsDocrefMulti_t" time="0.00123405456542969">
      <skipped message="ok 1 # skip DocstringsDocrefMulti=HASH(0x17a9978)" />
    </testcase>
  </testsuite>
  <testsuite name="spec_perl_TestNavParent_t" errors="0" failures="0" skipped="0" tests="5" time="0.0484848022460938">
    <system-out>1..5
ok 1 - Equals
ok 2 - Equals
ok 3 - Equals
ok 4 - Equals
ok 5 - Equals
</system-out>
    <testcase name="Equals (162)" classname="spec_perl_TestNavParent_t" time="0.000377893447875977" />
    <testcase name="Equals (163)" classname="spec_perl_TestNavParent_t" time="9.82284545898438e-05" />
    <testcase name="Equals (164)" classname="spec_perl_TestNavParent_t" time="5.79357147216797e-05" />
    <testcase name="Equals (165)" classname="spec_perl_TestNavParent_t" time="0.00014495849609375" />
    <testcase name="Equals (166)" classname="spec_perl_TestNavParent_t" time="0.0001220703125" />
  </testsuite>
  <testsuite name="spec_perl_TestTermBytes_t" errors="0" failures="0" skipped="0" tests="3" time="0.0433900356292725">
    <system-out>1..3
ok 1 - Equals
ok 2 - Equals
ok 3 - Equals
</system-out>
    <testcase name="Equals (167)" classname="spec_perl_TestTermBytes_t" time="0.000269174575805664" />
    <testcase name="Equals (168)" classname="spec_perl_TestTermBytes_t" time="8.17775726318359e-05" />
    <testcase name="Equals (169)" classname="spec_perl_TestTermBytes_t" time="0.000123023986816406" />
  </testsuite>
  <testsuite name="spec_perl_TestProcessCustomNoArgs_t" errors="1" failures="0" skipped="0" tests="0" time="0.0420918464660645">
    <system-out></system-out>
    <testcase name="Test died too soon, even before plan. (169)" classname="spec_perl_TestProcessCustomNoArgs_t" time="0.0420918464660645">
      <failure message="The test suite died before a plan was produced. You need to have a plan." type="Plan">No plan</failure>
    </testcase>
  </testsuite>
  <testsuite name="spec_perl_TestEnumToIClassBorder1_t" errors="0" failures="1" skipped="0" tests="3" time="0.0485129356384277">
    <system-out>1..3
ok 1 - Equals
ok 2 - Equals
not ok 3 - test_enum_to_i_class_border_1 died (Can't call method &quot;some_dog&quot; on an undefined value at compiled/perl/EnumToIClassBorder2.pm line 42.)
</system-out>
    <testcase name="Equals (170)" classname="spec_perl_TestEnumToIClassBorder1_t" time="0.000266075134277344" />
    <testcase name="Equals (171)" classname="spec_perl_TestEnumToIClassBorder1_t" time="9.10758972167969e-05" />
    <testcase name="test_enum_to_i_class_border_1 died (Can't call method &quot;some_dog&quot; on an undefined value at compiled/perl/EnumToIClassBorder2.pm line 42.) (171)" classname="spec_perl_TestEnumToIClassBorder1_t" time="0.000217914581298828">
      <failure message="not ok 3 - test_enum_to_i_class_border_1 died (Can't call method &quot;some_dog&quot; on an undefined value at compiled/perl/EnumToIClassBorder2.pm line 42.)" type="TAP::Parser::Result::Test"></failure>
    </testcase>
  </testsuite>
  <testsuite name="spec_perl_TestSwitchCast_t" errors="0" failures="0" skipped="0" tests="2" time="0.046558141708374">
    <system-out>1..2
ok 1 - Equals
ok 2 - Equals
</system-out>
    <testcase name="Equals (172)" classname="spec_perl_TestSwitchCast_t" time="0.000303983688354492" />
    <testcase name="Equals (173)" classname="spec_perl_TestSwitchCast_t" time="8.79764556884766e-05" />
  </testsuite>
  <testsuite name="spec_perl_TestEnumNegative_t" errors="0" failures="0" skipped="0" tests="2" time="0.0433728694915771">
    <system-out>1..2
ok 1 - Equals
ok 2 - Equals
</system-out>
    <testcase name="Equals (174)" classname="spec_perl_TestEnumNegative_t" time="0.00018000602722168" />
    <testcase name="Equals (175)" classname="spec_perl_TestEnumNegative_t" time="8.0108642578125e-05" />
  </testsuite>
  <testsuite name="spec_perl_TestExprSizeofType0_t" errors="0" failures="0" skipped="0" tests="1" time="0.0496349334716797">
    <system-out>1..1
ok 1 - Equals
</system-out>
    <testcase name="Equals (176)" classname="spec_perl_TestExprSizeofType0_t" time="0.000229835510253906" />
  </testsuite>
  <testsuite name="spec_perl_TestRepeatNStruct_t" errors="0" failures="0" skipped="0" tests="5" time="0.0438969135284424">
    <system-out>1..5
ok 1 - Equals
ok 2 - Equals
ok 3 - Equals
ok 4 - Equals
ok 5 - Equals
</system-out>
    <testcase name="Equals (177)" classname="spec_perl_TestRepeatNStruct_t" time="0.000222921371459961" />
    <testcase name="Equals (178)" classname="spec_perl_TestRepeatNStruct_t" time="8.0108642578125e-05" />
    <testcase name="Equals (179)" classname="spec_perl_TestRepeatNStruct_t" time="0.00014805793762207" />
    <testcase name="Equals (180)" classname="spec_perl_TestRepeatNStruct_t" time="0.000123023986816406" />
    <testcase name="Equals (181)" classname="spec_perl_TestRepeatNStruct_t" time="0.000140905380249023" />
  </testsuite>
  <testsuite name="spec_perl_TestNavRoot_t" errors="0" failures="0" skipped="0" tests="5" time="0.0477640628814697">
    <system-out>1..5
ok 1 - Equals
ok 2 - Equals
ok 3 - Equals
ok 4 - Equals
ok 5 - Equals
</system-out>
    <testcase name="Equals (182)" classname="spec_perl_TestNavRoot_t" time="0.000410079956054688" />
    <testcase name="Equals (183)" classname="spec_perl_TestNavRoot_t" time="9.89437103271484e-05" />
    <testcase name="Equals (184)" classname="spec_perl_TestNavRoot_t" time="0.000135898590087891" />
    <testcase name="Equals (185)" classname="spec_perl_TestNavRoot_t" time="0.000132083892822266" />
    <testcase name="Equals (186)" classname="spec_perl_TestNavRoot_t" time="0.000129938125610352" />
  </testsuite>
  <testsuite name="spec_perl_TestExprSizeofType1_t" errors="0" failures="0" skipped="0" tests="2" time="0.0426440238952637">
    <system-out>1..2
ok 1 - Equals
ok 2 - Equals
</system-out>
    <testcase name="Equals (187)" classname="spec_perl_TestExprSizeofType1_t" time="0.000185012817382812" />
    <testcase name="Equals (188)" classname="spec_perl_TestExprSizeofType1_t" time="9.60826873779297e-05" />
  </testsuite>
  <testsuite name="spec_perl_TestExprIoEof_t" errors="0" failures="0" skipped="0" tests="4" time="0.0468950271606445">
    <system-out>1..4
ok 1 - Equals
ok 2 - nil
ok 3 - Equals
ok 4 - Equals
</system-out>
    <testcase name="Equals (189)" classname="spec_perl_TestExprIoEof_t" time="0.000514984130859375" />
    <testcase name="nil (189)" classname="spec_perl_TestExprIoEof_t" time="9.918212890625e-05" />
    <testcase name="Equals (190)" classname="spec_perl_TestExprIoEof_t" time="4.69684600830078e-05" />
    <testcase name="Equals (191)" classname="spec_perl_TestExprIoEof_t" time="5.60283660888672e-05" />
  </testsuite>
  <testsuite name="spec_perl_TestUserType_t" errors="0" failures="0" skipped="0" tests="2" time="0.0442380905151367">
    <system-out>1..2
ok 1 - Equals
ok 2 - Equals
</system-out>
    <testcase name="Equals (192)" classname="spec_perl_TestUserType_t" time="0.000239133834838867" />
    <testcase name="Equals (193)" classname="spec_perl_TestUserType_t" time="7.98702239990234e-05" />
  </testsuite>
  <testsuite name="spec_perl_TestRecursiveOne_t" errors="0" failures="0" skipped="0" tests="4" time="0.0442841053009033">
    <system-out>1..4
ok 1 - Equals
ok 2 - Equals
ok 3 - Equals
ok 4 - Equals
</system-out>
    <testcase name="Equals (194)" classname="spec_perl_TestRecursiveOne_t" time="0.000257015228271484" />
    <testcase name="Equals (195)" classname="spec_perl_TestRecursiveOne_t" time="8.20159912109375e-05" />
    <testcase name="Equals (196)" classname="spec_perl_TestRecursiveOne_t" time="0.000117063522338867" />
    <testcase name="Equals (197)" classname="spec_perl_TestRecursiveOne_t" time="0.000169992446899414" />
  </testsuite>
  <testsuite name="spec_perl_TestProcessCustom_t" errors="1" failures="0" skipped="0" tests="0" time="0.043889045715332">
    <system-out></system-out>
    <testcase name="Test died too soon, even before plan. (197)" classname="spec_perl_TestProcessCustom_t" time="0.043889045715332">
      <failure message="The test suite died before a plan was produced. You need to have a plan." type="Plan">No plan</failure>
    </testcase>
  </testsuite>
  <testsuite name="spec_perl_TestIndexToParamUntil_t" errors="0" failures="2" skipped="0" tests="7" time="0.0687220096588135">
    <system-out>1..7
ok 1 - Equals
ok 2 - Equals
ok 3 - Equals
ok 4 - Equals
ok 5 - Equals
not ok 6 - Equals
not ok 7 - Equals
</system-out>
    <testcase name="Equals (198)" classname="spec_perl_TestIndexToParamUntil_t" time="0.000421047210693359" />
    <testcase name="Equals (199)" classname="spec_perl_TestIndexToParamUntil_t" time="0.000365972518920898" />
    <testcase name="Equals (200)" classname="spec_perl_TestIndexToParamUntil_t" time="0.000284910202026367" />
    <testcase name="Equals (201)" classname="spec_perl_TestIndexToParamUntil_t" time="0.000281095504760742" />
    <testcase name="Equals (202)" classname="spec_perl_TestIndexToParamUntil_t" time="0.000265836715698242" />
    <testcase name="Equals (203)" classname="spec_perl_TestIndexToParamUntil_t" time="0.000472068786621094">
      <failure message="not ok 6 - Equals" type="TAP::Parser::Result::Test"></failure>
    </testcase>
    <testcase name="Equals (204)" classname="spec_perl_TestIndexToParamUntil_t" time="0.000921010971069336">
      <failure message="not ok 7 - Equals" type="TAP::Parser::Result::Test"></failure>
    </testcase>
  </testsuite>
  <testsuite name="spec_perl_TestEnumDeep_t" errors="0" failures="0" skipped="0" tests="2" time="0.0434751510620117">
    <system-out>1..2
ok 1 - Equals
ok 2 - Equals
</system-out>
    <testcase name="Equals (205)" classname="spec_perl_TestEnumDeep_t" time="0.000228166580200195" />
    <testcase name="Equals (206)" classname="spec_perl_TestEnumDeep_t" time="7.79628753662109e-05" />
  </testsuite>
  <testsuite name="spec_perl_TestNavParentFalse_t" errors="0" failures="0" skipped="0" tests="5" time="0.0442228317260742">
    <system-out>1..5
ok 1 - Equals
ok 2 - Equals
ok 3 - Equals
ok 4 - Equals
ok 5 - Equals
</system-out>
    <testcase name="Equals (207)" classname="spec_perl_TestNavParentFalse_t" time="0.000234842300415039" />
    <testcase name="Equals (208)" classname="spec_perl_TestNavParentFalse_t" time="8.0108642578125e-05" />
    <testcase name="Equals (209)" classname="spec_perl_TestNavParentFalse_t" time="0.000133037567138672" />
    <testcase name="Equals (210)" classname="spec_perl_TestNavParentFalse_t" time="0.000128030776977539" />
    <testcase name="Equals (211)" classname="spec_perl_TestNavParentFalse_t" time="0.000131845474243164" />
  </testsuite>
  <testsuite name="spec_perl_TestExprStrOps_t" errors="1" failures="0" skipped="0" tests="0" time="0.0425870418548584">
    <system-out></system-out>
    <testcase name="Test died too soon, even before plan. (211)" classname="spec_perl_TestExprStrOps_t" time="0.0425870418548584">
      <failure message="The test suite died before a plan was produced. You need to have a plan." type="Plan">No plan</failure>
    </testcase>
  </testsuite>
  <testsuite name="spec_perl_TestDefaultBigEndian_t" errors="0" failures="0" skipped="0" tests="1" time="0.0432829856872559">
    <system-out>1..1
ok 1 - Equals
</system-out>
    <testcase name="Equals (212)" classname="spec_perl_TestDefaultBigEndian_t" time="0.000176191329956055" />
  </testsuite>
  <testsuite name="spec_perl_TestSwitchManualEnum_t" errors="0" failures="0" skipped="0" tests="9" time="0.0476479530334473">
    <system-out>1..9
ok 1 - Equals
ok 2 - Equals
ok 3 - Equals
ok 4 - Equals
ok 5 - Equals
ok 6 - Equals
ok 7 - Equals
ok 8 - Equals
ok 9 - Equals
</system-out>
    <testcase name="Equals (213)" classname="spec_perl_TestSwitchManualEnum_t" time="0.000295877456665039" />
    <testcase name="Equals (214)" classname="spec_perl_TestSwitchManualEnum_t" time="9.01222229003906e-05" />
    <testcase name="Equals (215)" classname="spec_perl_TestSwitchManualEnum_t" time="5.79357147216797e-05" />
    <testcase name="Equals (216)" classname="spec_perl_TestSwitchManualEnum_t" time="0.000158071517944336" />
    <testcase name="Equals (217)" classname="spec_perl_TestSwitchManualEnum_t" time="9.89437103271484e-05" />
    <testcase name="Equals (218)" classname="spec_perl_TestSwitchManualEnum_t" time="0.000138998031616211" />
    <testcase name="Equals (219)" classname="spec_perl_TestSwitchManualEnum_t" time="0.00011897087097168" />
    <testcase name="Equals (220)" classname="spec_perl_TestSwitchManualEnum_t" time="0.000132083892822266" />
    <testcase name="Equals (221)" classname="spec_perl_TestSwitchManualEnum_t" time="0.000124931335449219" />
  </testsuite>
  <testsuite name="spec_perl_TestIfInstances_t" errors="0" failures="0" skipped="0" tests="1" time="0.0429420471191406">
    <system-out>1..1
ok 1 - nil
</system-out>
    <testcase name="nil (221)" classname="spec_perl_TestIfInstances_t" time="0.000211000442504883" />
  </testsuite>
  <testsuite name="spec_perl_TestImportsAbs_t" errors="0" failures="0" skipped="0" tests="2" time="0.0438210964202881">
    <system-out>1..2
ok 1 - Equals
ok 2 - Equals
</system-out>
    <testcase name="Equals (222)" classname="spec_perl_TestImportsAbs_t" time="0.000416040420532227" />
    <testcase name="Equals (223)" classname="spec_perl_TestImportsAbs_t" time="0.000166893005371094" />
  </testsuite>
  <testsuite name="spec_perl_TestZlibSurrounded_t" errors="0" failures="0" skipped="0" tests="1" time="0.0655958652496338">
    <system-out>1..1
ok 1 - Equals
</system-out>
    <testcase name="Equals (224)" classname="spec_perl_TestZlibSurrounded_t" time="0.000587940216064453" />
  </testsuite>
  <testsuite name="spec_perl_TestEosExceptionU4_t" errors="0" failures="0" skipped="0" tests="1" time="0.04392409324646">
    <system-out>1..1
ok 1 - Died
</system-out>
    <testcase name="Died (224)" classname="spec_perl_TestEosExceptionU4_t" time="0.000449895858764648" />
  </testsuite>
  <testsuite name="spec_perl_TestFixedStruct_t" errors="1" failures="0" skipped="0" tests="0" time="0.0557940006256104">
    <system-out></system-out>
    <testcase name="Test died too soon, even before plan. (224)" classname="spec_perl_TestFixedStruct_t" time="0.0557940006256104">
      <failure message="The test suite died before a plan was produced. You need to have a plan." type="Plan">No plan</failure>
    </testcase>
  </testsuite>
  <testsuite name="spec_perl_TestIndexToParamEos_t" errors="0" failures="2" skipped="0" tests="7" time="0.0492680072784424">
    <system-out>1..7
ok 1 - Equals
ok 2 - Equals
ok 3 - Equals
ok 4 - Equals
ok 5 - Equals
not ok 6 - Equals
not ok 7 - Equals
</system-out>
    <testcase name="Equals (225)" classname="spec_perl_TestIndexToParamEos_t" time="0.00431299209594727" />
    <testcase name="Equals (226)" classname="spec_perl_TestIndexToParamEos_t" time="0.000104904174804688" />
    <testcase name="Equals (227)" classname="spec_perl_TestIndexToParamEos_t" time="5.00679016113281e-05" />
    <testcase name="Equals (228)" classname="spec_perl_TestIndexToParamEos_t" time="4.1961669921875e-05" />
    <testcase name="Equals (229)" classname="spec_perl_TestIndexToParamEos_t" time="3.814697265625e-05" />
    <testcase name="Equals (230)" classname="spec_perl_TestIndexToParamEos_t" time="5.29289245605469e-05">
      <failure message="not ok 6 - Equals" type="TAP::Parser::Result::Test"></failure>
    </testcase>
    <testcase name="Equals (231)" classname="spec_perl_TestIndexToParamEos_t" time="4.00543212890625e-05">
      <failure message="not ok 7 - Equals" type="TAP::Parser::Result::Test"></failure>
    </testcase>
  </testsuite>
  <testsuite name="spec_perl_TestEnumIntRangeS_t" errors="0" failures="0" skipped="0" tests="3" time="0.0539591312408447">
    <system-out>1..3
ok 1 - Equals
ok 2 - Equals
ok 3 - Equals
</system-out>
    <testcase name="Equals (232)" classname="spec_perl_TestEnumIntRangeS_t" time="0.000232934951782227" />
    <testcase name="Equals (233)" classname="spec_perl_TestEnumIntRangeS_t" time="7.79628753662109e-05" />
    <testcase name="Equals (234)" classname="spec_perl_TestEnumIntRangeS_t" time="0.000136137008666992" />
  </testsuite>
  <testsuite name="spec_perl_TestStrLiterals_t" errors="0" failures="0" skipped="0" tests="5" time="0.0436019897460938">
    <system-out>1..5
ok 1 - Equals
ok 2 - Equals
ok 3 - Equals
ok 4 - Equals
ok 5 - Equals
</system-out>
    <testcase name="Equals (235)" classname="spec_perl_TestStrLiterals_t" time="0.000254154205322266" />
    <testcase name="Equals (236)" classname="spec_perl_TestStrLiterals_t" time="8.58306884765625e-05" />
    <testcase name="Equals (237)" classname="spec_perl_TestStrLiterals_t" time="0.000159025192260742" />
    <testcase name="Equals (238)" classname="spec_perl_TestStrLiterals_t" time="0.000135183334350586" />
    <testcase name="Equals (239)" classname="spec_perl_TestStrLiterals_t" time="0.000195980072021484" />
  </testsuite>
  <testsuite name="spec_perl_TestNestedTypes2_t" errors="0" failures="0" skipped="0" tests="7" time="0.0445408821105957">
    <system-out>1..7
ok 1 - Equals
ok 2 - Equals
ok 3 - Equals
ok 4 - Equals
ok 5 - Equals
ok 6 - Equals
ok 7 - Equals
</system-out>
    <testcase name="Equals (240)" classname="spec_perl_TestNestedTypes2_t" time="0.000265121459960938" />
    <testcase name="Equals (241)" classname="spec_perl_TestNestedTypes2_t" time="8.08238983154297e-05" />
    <testcase name="Equals (242)" classname="spec_perl_TestNestedTypes2_t" time="0.000120162963867188" />
    <testcase name="Equals (243)" classname="spec_perl_TestNestedTypes2_t" time="0.00014185905456543" />
    <testcase name="Equals (244)" classname="spec_perl_TestNestedTypes2_t" time="0.000113964080810547" />
    <testcase name="Equals (245)" classname="spec_perl_TestNestedTypes2_t" time="0.000143051147460938" />
    <testcase name="Equals (246)" classname="spec_perl_TestNestedTypes2_t" time="0.000116109848022461" />
  </testsuite>
  <testsuite name="spec_perl_TestIndexSizes_t" errors="0" failures="0" skipped="0" tests="7" time="0.0467269420623779">
    <system-out>1..7
ok 1 - Equals
ok 2 - Equals
ok 3 - Equals
ok 4 - Equals
ok 5 - Equals
ok 6 - Equals
ok 7 - Equals
</system-out>
    <testcase name="Equals (247)" classname="spec_perl_TestIndexSizes_t" time="0.000262975692749023" />
    <testcase name="Equals (248)" classname="spec_perl_TestIndexSizes_t" time="0.000113964080810547" />
    <testcase name="Equals (249)" classname="spec_perl_TestIndexSizes_t" time="6.50882720947266e-05" />
    <testcase name="Equals (250)" classname="spec_perl_TestIndexSizes_t" time="0.000128030776977539" />
    <testcase name="Equals (251)" classname="spec_perl_TestIndexSizes_t" time="0.0001220703125" />
    <testcase name="Equals (252)" classname="spec_perl_TestIndexSizes_t" time="0.000138998031616211" />
    <testcase name="Equals (253)" classname="spec_perl_TestIndexSizes_t" time="0.000125885009765625" />
  </testsuite>
  <testsuite name="spec_perl_TestExpr1_t" errors="0" failures="0" skipped="0" tests="4" time="0.0459630489349365">
    <system-out>1..4
ok 1 - Equals
ok 2 - Equals
ok 3 - Equals
ok 4 - Equals
</system-out>
    <testcase name="Equals (254)" classname="spec_perl_TestExpr1_t" time="0.000220060348510742" />
    <testcase name="Equals (255)" classname="spec_perl_TestExpr1_t" time="7.79628753662109e-05" />
    <testcase name="Equals (256)" classname="spec_perl_TestExpr1_t" time="0.000113964080810547" />
    <testcase name="Equals (257)" classname="spec_perl_TestExpr1_t" time="0.000147104263305664" />
  </testsuite>
  <testsuite name="spec_perl_TestSwitchBytearray_t" errors="0" failures="0" skipped="0" tests="9" time="0.0483748912811279">
    <system-out>1..9
ok 1 - Equals
ok 2 - Equals
ok 3 - Equals
ok 4 - Equals
ok 5 - Equals
ok 6 - Equals
ok 7 - Equals
ok 8 - Equals
ok 9 - Equals
</system-out>
    <testcase name="Equals (258)" classname="spec_perl_TestSwitchBytearray_t" time="0.000344038009643555" />
    <testcase name="Equals (259)" classname="spec_perl_TestSwitchBytearray_t" time="9.29832458496094e-05" />
    <testcase name="Equals (260)" classname="spec_perl_TestSwitchBytearray_t" time="7.20024108886719e-05" />
    <testcase name="Equals (261)" classname="spec_perl_TestSwitchBytearray_t" time="0.000133037567138672" />
    <testcase name="Equals (262)" classname="spec_perl_TestSwitchBytearray_t" time="0.000143051147460938" />
    <testcase name="Equals (263)" classname="spec_perl_TestSwitchBytearray_t" time="0.000136852264404297" />
    <testcase name="Equals (264)" classname="spec_perl_TestSwitchBytearray_t" time="0.000147104263305664" />
    <testcase name="Equals (265)" classname="spec_perl_TestSwitchBytearray_t" time="0.000119924545288086" />
    <testcase name="Equals (266)" classname="spec_perl_TestSwitchBytearray_t" time="0.000123023986816406" />
  </testsuite>
  <testsuite name="spec_perl_TestYamlInts_t" errors="0" failures="0" skipped="0" tests="4" time="0.045374870300293">
    <system-out>1..4
ok 1 - Equals
ok 2 - Equals
ok 3 - Equals
ok 4 - Equals
</system-out>
    <testcase name="Equals (267)" classname="spec_perl_TestYamlInts_t" time="0.00015711784362793" />
    <testcase name="Equals (268)" classname="spec_perl_TestYamlInts_t" time="6.07967376708984e-05" />
    <testcase name="Equals (269)" classname="spec_perl_TestYamlInts_t" time="5.00679016113281e-05" />
    <testcase name="Equals (270)" classname="spec_perl_TestYamlInts_t" time="3.91006469726562e-05" />
  </testsuite>
  <testsuite name="spec_perl_TestInstanceUserArray_t" errors="0" failures="0" skipped="0" tests="10" time="0.0444028377532959">
    <system-out>1..10
ok 1 - Equals
ok 2 - Equals
ok 3 - Equals
ok 4 - Equals
ok 5 - Equals
ok 6 - Equals
ok 7 - Equals
ok 8 - Equals
ok 9 - Equals
ok 10 - Equals
</system-out>
    <testcase name="Equals (271)" classname="spec_perl_TestInstanceUserArray_t" time="0.000184059143066406" />
    <testcase name="Equals (272)" classname="spec_perl_TestInstanceUserArray_t" time="7.89165496826172e-05" />
    <testcase name="Equals (273)" classname="spec_perl_TestInstanceUserArray_t" time="0.0001220703125" />
    <testcase name="Equals (274)" classname="spec_perl_TestInstanceUserArray_t" time="0.000480890274047852" />
    <testcase name="Equals (275)" classname="spec_perl_TestInstanceUserArray_t" time="8.0108642578125e-05" />
    <testcase name="Equals (276)" classname="spec_perl_TestInstanceUserArray_t" time="0.000111818313598633" />
    <testcase name="Equals (277)" classname="spec_perl_TestInstanceUserArray_t" time="0.000145196914672852" />
    <testcase name="Equals (278)" classname="spec_perl_TestInstanceUserArray_t" time="0.000119924545288086" />
    <testcase name="Equals (279)" classname="spec_perl_TestInstanceUserArray_t" time="0.000133037567138672" />
    <testcase name="Equals (280)" classname="spec_perl_TestInstanceUserArray_t" time="0.000116825103759766" />
  </testsuite>
  <testsuite name="spec_perl_TestNestedSameName2_t" errors="0" failures="0" skipped="0" tests="5" time="0.0432589054107666">
    <system-out>1..5
ok 1 - Equals
ok 2 - Equals
ok 3 - Equals
ok 4 - Equals
ok 5 - Equals
</system-out>
    <testcase name="Equals (281)" classname="spec_perl_TestNestedSameName2_t" time="0.000260114669799805" />
    <testcase name="Equals (282)" classname="spec_perl_TestNestedSameName2_t" time="8.70227813720703e-05" />
    <testcase name="Equals (283)" classname="spec_perl_TestNestedSameName2_t" time="0.0001220703125" />
    <testcase name="Equals (284)" classname="spec_perl_TestNestedSameName2_t" time="0.000136852264404297" />
    <testcase name="Equals (285)" classname="spec_perl_TestNestedSameName2_t" time="0.000133991241455078" />
  </testsuite>
  <testsuite name="spec_perl_TestExprCalcArrayOps_t" errors="0" failures="1" skipped="17" tests="18" time="0.0649740695953369">
    <system-out>1..18
not ok 1 - test_expr_calc_array_ops died (Can't use string (&quot;1000&quot;) as an ARRAY ref while &quot;strict refs&quot; in use at compiled/perl/ExprCalcArrayOps.pm line 50.)
ok 2 # skip test_expr_calc_array_ops died
ok 3 # skip test_expr_calc_array_ops died
ok 4 # skip test_expr_calc_array_ops died
ok 5 # skip test_expr_calc_array_ops died
ok 6 # skip test_expr_calc_array_ops died
ok 7 # skip test_expr_calc_array_ops died
ok 8 # skip test_expr_calc_array_ops died
ok 9 # skip test_expr_calc_array_ops died
ok 10 # skip test_expr_calc_array_ops died
ok 11 # skip test_expr_calc_array_ops died
ok 12 # skip test_expr_calc_array_ops died
ok 13 # skip test_expr_calc_array_ops died
ok 14 # skip test_expr_calc_array_ops died
ok 15 # skip test_expr_calc_array_ops died
ok 16 # skip test_expr_calc_array_ops died
ok 17 # skip test_expr_calc_array_ops died
ok 18 # skip test_expr_calc_array_ops died
</system-out>
    <testcase name="test_expr_calc_array_ops died (Can't use string (&quot;1000&quot;) as an ARRAY ref while &quot;strict refs&quot; in use at compiled/perl/ExprCalcArrayOps.pm line 50.) (285)" classname="spec_perl_TestExprCalcArrayOps_t" time="0.000694036483764648">
      <failure message="not ok 1 - test_expr_calc_array_ops died (Can't use string (&quot;1000&quot;) as an ARRAY ref while &quot;strict refs&quot; in use at compiled/perl/ExprCalcArrayOps.pm line 50.)" type="TAP::Parser::Result::Test"></failure>
    </testcase>
    <testcase name="Unnamed test case 285" classname="spec_perl_TestExprCalcArrayOps_t" time="0.00082707405090332">
      <skipped message="ok 2 # skip test_expr_calc_array_ops died" />
    </testcase>
    <testcase name="Unnamed test case 286" classname="spec_perl_TestExprCalcArrayOps_t" time="0.0003509521484375">
      <skipped message="ok 3 # skip test_expr_calc_array_ops died" />
    </testcase>
    <testcase name="Unnamed test case 287" classname="spec_perl_TestExprCalcArrayOps_t" time="0.000300884246826172">
      <skipped message="ok 4 # skip test_expr_calc_array_ops died" />
    </testcase>
    <testcase name="Unnamed test case 288" classname="spec_perl_TestExprCalcArrayOps_t" time="0.000291109085083008">
      <skipped message="ok 5 # skip test_expr_calc_array_ops died" />
    </testcase>
    <testcase name="Unnamed test case 289" classname="spec_perl_TestExprCalcArrayOps_t" time="0.000288009643554688">
      <skipped message="ok 6 # skip test_expr_calc_array_ops died" />
    </testcase>
    <testcase name="Unnamed test case 290" classname="spec_perl_TestExprCalcArrayOps_t" time="0.000303983688354492">
      <skipped message="ok 7 # skip test_expr_calc_array_ops died" />
    </testcase>
    <testcase name="Unnamed test case 291" classname="spec_perl_TestExprCalcArrayOps_t" time="0.000283956527709961">
      <skipped message="ok 8 # skip test_expr_calc_array_ops died" />
    </testcase>
    <testcase name="Unnamed test case 292" classname="spec_perl_TestExprCalcArrayOps_t" time="0.000287055969238281">
      <skipped message="ok 9 # skip test_expr_calc_array_ops died" />
    </testcase>
    <testcase name="Unnamed test case 293" classname="spec_perl_TestExprCalcArrayOps_t" time="0.000308990478515625">
      <skipped message="ok 10 # skip test_expr_calc_array_ops died" />
    </testcase>
    <testcase name="Unnamed test case 294" classname="spec_perl_TestExprCalcArrayOps_t" time="0.00029301643371582">
      <skipped message="ok 11 # skip test_expr_calc_array_ops died" />
    </testcase>
    <testcase name="Unnamed test case 295" classname="spec_perl_TestExprCalcArrayOps_t" time="0.000303030014038086">
      <skipped message="ok 12 # skip test_expr_calc_array_ops died" />
    </testcase>
    <testcase name="Unnamed test case 296" classname="spec_perl_TestExprCalcArrayOps_t" time="0.000300884246826172">
      <skipped message="ok 13 # skip test_expr_calc_array_ops died" />
    </testcase>
    <testcase name="Unnamed test case 297" classname="spec_perl_TestExprCalcArrayOps_t" time="0.000293970108032227">
      <skipped message="ok 14 # skip test_expr_calc_array_ops died" />
    </testcase>
    <testcase name="Unnamed test case 298" classname="spec_perl_TestExprCalcArrayOps_t" time="0.000290155410766602">
      <skipped message="ok 15 # skip test_expr_calc_array_ops died" />
    </testcase>
    <testcase name="Unnamed test case 299" classname="spec_perl_TestExprCalcArrayOps_t" time="0.000308036804199219">
      <skipped message="ok 16 # skip test_expr_calc_array_ops died" />
    </testcase>
    <testcase name="Unnamed test case 300" classname="spec_perl_TestExprCalcArrayOps_t" time="0.000305891036987305">
      <skipped message="ok 17 # skip test_expr_calc_array_ops died" />
    </testcase>
    <testcase name="Unnamed test case 301" classname="spec_perl_TestExprCalcArrayOps_t" time="0.000291109085083008">
      <skipped message="ok 18 # skip test_expr_calc_array_ops died" />
    </testcase>
  </testsuite>
  <testsuite name="spec_perl_TestOptionalId_t" errors="0" failures="0" skipped="0" tests="3" time="0.0436110496520996">
    <system-out>1..3
ok 1 - Equals
ok 2 - Equals
ok 3 - Equals
</system-out>
    <testcase name="Equals (301)" classname="spec_perl_TestOptionalId_t" time="0.000249147415161133" />
    <testcase name="Equals (302)" classname="spec_perl_TestOptionalId_t" time="8.17775726318359e-05" />
    <testcase name="Equals (303)" classname="spec_perl_TestOptionalId_t" time="0.000132083892822266" />
  </testsuite>
  <testsuite name="spec_perl_TestBitsEnum_t" errors="0" failures="0" skipped="0" tests="3" time="0.0433950424194336">
    <system-out>1..3
ok 1 - Equals
ok 2 - Equals
ok 3 - Equals
</system-out>
    <testcase name="Equals (304)" classname="spec_perl_TestBitsEnum_t" time="0.000267982482910156" />
    <testcase name="Equals (305)" classname="spec_perl_TestBitsEnum_t" time="8.20159912109375e-05" />
    <testcase name="Equals (306)" classname="spec_perl_TestBitsEnum_t" time="0.000102996826171875" />
  </testsuite>
  <testsuite name="spec_perl_TestDocstringsDocref_t" errors="0" failures="0" skipped="1" tests="1" time="0.0452299118041992">
    <system-out>1..1
ok 1 # skip DocstringsDocref=HASH(0x236bb60)
</system-out>
    <testcase name="Unnamed test case 306" classname="spec_perl_TestDocstringsDocref_t" time="0.00122690200805664">
      <skipped message="ok 1 # skip DocstringsDocref=HASH(0x236bb60)" />
    </testcase>
  </testsuite>
  <testsuite name="spec_perl_TestOpaqueExternalType02Parent_t" errors="0" failures="0" skipped="0" tests="3" time="0.047278881072998">
    <system-out>1..3
ok 1 - Equals
ok 2 - Equals
ok 3 - Equals
</system-out>
    <testcase name="Equals (307)" classname="spec_perl_TestOpaqueExternalType02Parent_t" time="0.000313043594360352" />
    <testcase name="Equals (308)" classname="spec_perl_TestOpaqueExternalType02Parent_t" time="8.70227813720703e-05" />
    <testcase name="Equals (309)" classname="spec_perl_TestOpaqueExternalType02Parent_t" time="7.29560852050781e-05" />
  </testsuite>
  <testsuite name="spec_perl_TestIntegersMinMax_t" errors="0" failures="0" skipped="0" tests="28" time="0.0549437999725342">
    <system-out>1..28
ok 1 - Equals
ok 2 - Equals
ok 3 - Equals
ok 4 - Equals
ok 5 - Equals
ok 6 - Equals
ok 7 - Equals
ok 8 - Equals
ok 9 - Equals
ok 10 - Equals
ok 11 - Equals
ok 12 - Equals
ok 13 - Equals
ok 14 - Equals
ok 15 - Equals
ok 16 - Equals
ok 17 - Equals
ok 18 - Equals
ok 19 - Equals
ok 20 - Equals
ok 21 - Equals
ok 22 - Equals
ok 23 - Equals
ok 24 - Equals
ok 25 - Equals
ok 26 - Equals
ok 27 - Equals
ok 28 - Equals
</system-out>
    <testcase name="Equals (310)" classname="spec_perl_TestIntegersMinMax_t" time="0.000309944152832031" />
    <testcase name="Equals (311)" classname="spec_perl_TestIntegersMinMax_t" time="9.20295715332031e-05" />
    <testcase name="Equals (312)" classname="spec_perl_TestIntegersMinMax_t" time="6.19888305664062e-05" />
    <testcase name="Equals (313)" classname="spec_perl_TestIntegersMinMax_t" time="0.000144004821777344" />
    <testcase name="Equals (314)" classname="spec_perl_TestIntegersMinMax_t" time="9.41753387451172e-05" />
    <testcase name="Equals (315)" classname="spec_perl_TestIntegersMinMax_t" time="0.000135898590087891" />
    <testcase name="Equals (316)" classname="spec_perl_TestIntegersMinMax_t" time="0.00010991096496582" />
    <testcase name="Equals (317)" classname="spec_perl_TestIntegersMinMax_t" time="0.000140190124511719" />
    <testcase name="Equals (318)" classname="spec_perl_TestIntegersMinMax_t" time="0.000115871429443359" />
    <testcase name="Equals (319)" classname="spec_perl_TestIntegersMinMax_t" time="0.000142097473144531" />
    <testcase name="Equals (320)" classname="spec_perl_TestIntegersMinMax_t" time="0.000123977661132812" />
    <testcase name="Equals (321)" classname="spec_perl_TestIntegersMinMax_t" time="0.000125885009765625" />
    <testcase name="Equals (322)" classname="spec_perl_TestIntegersMinMax_t" time="0.00011897087097168" />
    <testcase name="Equals (323)" classname="spec_perl_TestIntegersMinMax_t" time="0.000137090682983398" />
    <testcase name="Equals (324)" classname="spec_perl_TestIntegersMinMax_t" time="0.00011897087097168" />
    <testcase name="Equals (325)" classname="spec_perl_TestIntegersMinMax_t" time="0.000126123428344727" />
    <testcase name="Equals (326)" classname="spec_perl_TestIntegersMinMax_t" time="0.000116825103759766" />
    <testcase name="Equals (327)" classname="spec_perl_TestIntegersMinMax_t" time="0.000120162963867188" />
    <testcase name="Equals (328)" classname="spec_perl_TestIntegersMinMax_t" time="0.000119924545288086" />
    <testcase name="Equals (329)" classname="spec_perl_TestIntegersMinMax_t" time="0.000127077102661133" />
    <testcase name="Equals (330)" classname="spec_perl_TestIntegersMinMax_t" time="0.000149965286254883" />
    <testcase name="Equals (331)" classname="spec_perl_TestIntegersMinMax_t" time="0.000112056732177734" />
    <testcase name="Equals (332)" classname="spec_perl_TestIntegersMinMax_t" time="0.000122785568237305" />
    <testcase name="Equals (333)" classname="spec_perl_TestIntegersMinMax_t" time="0.000143051147460938" />
    <testcase name="Equals (334)" classname="spec_perl_TestIntegersMinMax_t" time="0.000126123428344727" />
    <testcase name="Equals (335)" classname="spec_perl_TestIntegersMinMax_t" time="0.000114917755126953" />
    <testcase name="Equals (336)" classname="spec_perl_TestIntegersMinMax_t" time="0.000119924545288086" />
    <testcase name="Equals (337)" classname="spec_perl_TestIntegersMinMax_t" time="0.000158071517944336" />
  </testsuite>
  <testsuite name="spec_perl_TestProcessRepeatBytes_t" errors="0" failures="0" skipped="0" tests="2" time="0.0489599704742432">
    <system-out>1..2
ok 1 - Equals
ok 2 - Equals
</system-out>
    <testcase name="Equals (338)" classname="spec_perl_TestProcessRepeatBytes_t" time="0.000245809555053711" />
    <testcase name="Equals (339)" classname="spec_perl_TestProcessRepeatBytes_t" time="8.32080841064453e-05" />
  </testsuite>
  <testsuite name="spec_perl_TestIfStruct_t" errors="0" failures="0" skipped="0" tests="7" time="0.0472011566162109">
    <system-out>1..7
ok 1 - Equals
ok 2 - Equals
ok 3 - Equals
ok 4 - Equals
ok 5 - Equals
ok 6 - Equals
ok 7 - Equals
</system-out>
    <testcase name="Equals (340)" classname="spec_perl_TestIfStruct_t" time="0.000360965728759766" />
    <testcase name="Equals (341)" classname="spec_perl_TestIfStruct_t" time="9.29832458496094e-05" />
    <testcase name="Equals (342)" classname="spec_perl_TestIfStruct_t" time="6.19888305664062e-05" />
    <testcase name="Equals (343)" classname="spec_perl_TestIfStruct_t" time="0.000162124633789062" />
    <testcase name="Equals (344)" classname="spec_perl_TestIfStruct_t" time="8.58306884765625e-05" />
    <testcase name="Equals (345)" classname="spec_perl_TestIfStruct_t" time="0.000144004821777344" />
    <testcase name="Equals (346)" classname="spec_perl_TestIfStruct_t" time="0.000164985656738281" />
  </testsuite>
  <testsuite name="spec_perl_TestPositionInSeq_t" errors="0" failures="0" skipped="0" tests="1" time="0.0435168743133545">
    <system-out>1..1
ok 1 - Equals
</system-out>
    <testcase name="Equals (347)" classname="spec_perl_TestPositionInSeq_t" time="0.000244140625" />
  </testsuite>
  <testsuite name="spec_perl_TestEnumDeepLiterals_t" errors="0" failures="0" skipped="0" tests="2" time="0.0425059795379639">
    <system-out>1..2
ok 1 - Equals
ok 2 - Equals
</system-out>
    <testcase name="Equals (348)" classname="spec_perl_TestEnumDeepLiterals_t" time="0.000180959701538086" />
    <testcase name="Equals (349)" classname="spec_perl_TestEnumDeepLiterals_t" time="6.91413879394531e-05" />
  </testsuite>
  <testsuite name="spec_perl_TestRepeatEosStruct_t" errors="0" failures="0" skipped="0" tests="5" time="0.0453598499298096">
    <system-out>1..5
ok 1 - Equals
ok 2 - Equals
ok 3 - Equals
ok 4 - Equals
ok 5 - Equals
</system-out>
    <testcase name="Equals (350)" classname="spec_perl_TestRepeatEosStruct_t" time="0.000256061553955078" />
    <testcase name="Equals (351)" classname="spec_perl_TestRepeatEosStruct_t" time="8.29696655273438e-05" />
    <testcase name="Equals (352)" classname="spec_perl_TestRepeatEosStruct_t" time="0.000104904174804688" />
    <testcase name="Equals (353)" classname="spec_perl_TestRepeatEosStruct_t" time="0.000140190124511719" />
    <testcase name="Equals (354)" classname="spec_perl_TestRepeatEosStruct_t" time="0.000139951705932617" />
  </testsuite>
  <testsuite name="spec_perl_TestSwitchManualStrElse_t" errors="0" failures="0" skipped="0" tests="9" time="0.0480670928955078">
    <system-out>1..9
ok 1 - Equals
ok 2 - Equals
ok 3 - Equals
ok 4 - Equals
ok 5 - Equals
ok 6 - Equals
ok 7 - Equals
ok 8 - Equals
ok 9 - Equals
</system-out>
    <testcase name="Equals (355)" classname="spec_perl_TestSwitchManualStrElse_t" time="0.000335931777954102" />
    <testcase name="Equals (356)" classname="spec_perl_TestSwitchManualStrElse_t" time="0.000105142593383789" />
    <testcase name="Equals (357)" classname="spec_perl_TestSwitchManualStrElse_t" time="6.4849853515625e-05" />
    <testcase name="Equals (358)" classname="spec_perl_TestSwitchManualStrElse_t" time="0.000138998031616211" />
    <testcase name="Equals (359)" classname="spec_perl_TestSwitchManualStrElse_t" time="0.000132083892822266" />
    <testcase name="Equals (360)" classname="spec_perl_TestSwitchManualStrElse_t" time="0.000108003616333008" />
    <testcase name="Equals (361)" classname="spec_perl_TestSwitchManualStrElse_t" time="0.000151872634887695" />
    <testcase name="Equals (362)" classname="spec_perl_TestSwitchManualStrElse_t" time="0.000113010406494141" />
    <testcase name="Equals (363)" classname="spec_perl_TestSwitchManualStrElse_t" time="0.000145196914672852" />
  </testsuite>
  <testsuite name="spec_perl_TestCastToImported_t" errors="0" failures="0" skipped="0" tests="2" time="0.0440750122070312">
    <system-out>1..2
ok 1 - Equals
ok 2 - Equals
</system-out>
    <testcase name="Equals (364)" classname="spec_perl_TestCastToImported_t" time="0.000221014022827148" />
    <testcase name="Equals (365)" classname="spec_perl_TestCastToImported_t" time="7.70092010498047e-05" />
  </testsuite>
  <testsuite name="spec_perl_TestInstanceStd_t" errors="0" failures="0" skipped="0" tests="1" time="0.0539469718933105">
    <system-out>1..1
ok 1 - Equals
</system-out>
    <testcase name="Equals (366)" classname="spec_perl_TestInstanceStd_t" time="0.00021815299987793" />
  </testsuite>
  <testsuite name="spec_perl_TestParamsPassArrayStr_t" errors="0" failures="1" skipped="6" tests="7" time="0.0521080493927002">
    <system-out>1..7
not ok 1 - test_params_pass_array_str died (Can't use an undefined value as an ARRAY reference at spec/perl/TestParamsPassArrayStr.t line 15.)
ok 2 # skip test_params_pass_array_str died
ok 3 # skip test_params_pass_array_str died
ok 4 # skip test_params_pass_array_str died
ok 5 # skip test_params_pass_array_str died
ok 6 # skip test_params_pass_array_str died
ok 7 # skip test_params_pass_array_str died
</system-out>
    <testcase name="test_params_pass_array_str died (Can't use an undefined value as an ARRAY reference at spec/perl/TestParamsPassArrayStr.t line 15.) (366)" classname="spec_perl_TestParamsPassArrayStr_t" time="0.000346899032592773">
      <failure message="not ok 1 - test_params_pass_array_str died (Can't use an undefined value as an ARRAY reference at spec/perl/TestParamsPassArrayStr.t line 15.)" type="TAP::Parser::Result::Test"></failure>
    </testcase>
    <testcase name="Unnamed test case 366" classname="spec_perl_TestParamsPassArrayStr_t" time="0.00188994407653809">
      <skipped message="ok 2 # skip test_params_pass_array_str died" />
    </testcase>
    <testcase name="Unnamed test case 367" classname="spec_perl_TestParamsPassArrayStr_t" time="8.60691070556641e-05">
      <skipped message="ok 3 # skip test_params_pass_array_str died" />
    </testcase>
    <testcase name="Unnamed test case 368" classname="spec_perl_TestParamsPassArrayStr_t" time="6.89029693603516e-05">
      <skipped message="ok 4 # skip test_params_pass_array_str died" />
    </testcase>
    <testcase name="Unnamed test case 369" classname="spec_perl_TestParamsPassArrayStr_t" time="6.81877136230469e-05">
      <skipped message="ok 5 # skip test_params_pass_array_str died" />
    </testcase>
    <testcase name="Unnamed test case 370" classname="spec_perl_TestParamsPassArrayStr_t" time="0.00121378898620605">
      <skipped message="ok 6 # skip test_params_pass_array_str died" />
    </testcase>
    <testcase name="Unnamed test case 371" classname="spec_perl_TestParamsPassArrayStr_t" time="0.000144004821777344">
      <skipped message="ok 7 # skip test_params_pass_array_str died" />
    </testcase>
  </testsuite>
  <testsuite name="spec_perl_TestCastNested_t" errors="0" failures="0" skipped="0" tests="4" time="0.0478219985961914">
    <system-out>1..4
ok 1 - Equals
ok 2 - Equals
ok 3 - Equals
ok 4 - Equals
</system-out>
    <testcase name="Equals (371)" classname="spec_perl_TestCastNested_t" time="0.000369071960449219" />
    <testcase name="Equals (372)" classname="spec_perl_TestCastNested_t" time="9.79900360107422e-05" />
    <testcase name="Equals (373)" classname="spec_perl_TestCastNested_t" time="9.39369201660156e-05" />
    <testcase name="Equals (374)" classname="spec_perl_TestCastNested_t" time="0.000150918960571289" />
  </testsuite>
  <testsuite name="spec_perl_TestDefaultEndianExprException_t" errors="0" failures="0" skipped="0" tests="1" time="0.0458669662475586">
    <system-out>1..1
ok 1 - Died
</system-out>
    <testcase name="Died (374)" classname="spec_perl_TestDefaultEndianExprException_t" time="0.000177860260009766" />
  </testsuite>
  <testsuite name="spec_perl_TestParamsEnum_t" errors="0" failures="1" skipped="0" tests="2" time="0.0620360374450684">
    <system-out>1..2
ok 1 - Equals
not ok 2 - Equals
</system-out>
    <testcase name="Equals (375)" classname="spec_perl_TestParamsEnum_t" time="0.000177860260009766" />
    <testcase name="Equals (376)" classname="spec_perl_TestParamsEnum_t" time="0.000200986862182617">
      <failure message="not ok 2 - Equals" type="TAP::Parser::Result::Test"></failure>
    </testcase>
  </testsuite>
  <testsuite name="spec_perl_TestExprEnum_t" errors="0" failures="0" skipped="0" tests="3" time="0.0673370361328125">
    <system-out>1..3
ok 1 - Equals
ok 2 - Equals
ok 3 - Equals
</system-out>
    <testcase name="Equals (377)" classname="spec_perl_TestExprEnum_t" time="0.000524997711181641" />
    <testcase name="Equals (378)" classname="spec_perl_TestExprEnum_t" time="0.000269889831542969" />
    <testcase name="Equals (379)" classname="spec_perl_TestExprEnum_t" time="0.000243902206420898" />
  </testsuite>
  <testsuite name="spec_perl_TestEnumIntRangeU_t" errors="0" failures="0" skipped="0" tests="2" time="0.0429239273071289">
    <system-out>1..2
ok 1 - Equals
ok 2 - Equals
</system-out>
    <testcase name="Equals (380)" classname="spec_perl_TestEnumIntRangeU_t" time="0.000276088714599609" />
    <testcase name="Equals (381)" classname="spec_perl_TestEnumIntRangeU_t" time="8.29696655273438e-05" />
  </testsuite>
  <testsuite name="spec_perl_TestExprOpsParens_t" errors="1" failures="0" skipped="0" tests="0" time="0.0449211597442627">
    <system-out></system-out>
    <testcase name="Test died too soon, even before plan. (381)" classname="spec_perl_TestExprOpsParens_t" time="0.0449211597442627">
      <failure message="The test suite died before a plan was produced. You need to have a plan." type="Plan">No plan</failure>
    </testcase>
  </testsuite>
  <testsuite name="spec_perl_TestValidShort_t" errors="1" failures="0" skipped="0" tests="0" time="0.0455870628356934">
    <system-out></system-out>
    <testcase name="Test died too soon, even before plan. (382)" classname="spec_perl_TestValidShort_t" time="0.0455870628356934">
      <failure message="The test suite died before a plan was produced. You need to have a plan." type="Plan">No plan</failure>
    </testcase>
  </testsuite>
  <testsuite name="spec_perl_TestExprSizeofValueSized_t" errors="0" failures="0" skipped="0" tests="5" time="0.0434820652008057">
    <system-out>1..5
ok 1 - Equals
ok 2 - Equals
ok 3 - Equals
ok 4 - Equals
ok 5 - Equals
</system-out>
    <testcase name="Equals (382)" classname="spec_perl_TestExprSizeofValueSized_t" time="0.000539064407348633" />
    <testcase name="Equals (383)" classname="spec_perl_TestExprSizeofValueSized_t" time="0.000106096267700195" />
    <testcase name="Equals (384)" classname="spec_perl_TestExprSizeofValueSized_t" time="4.79221343994141e-05" />
    <testcase name="Equals (385)" classname="spec_perl_TestExprSizeofValueSized_t" time="5.91278076171875e-05" />
    <testcase name="Equals (386)" classname="spec_perl_TestExprSizeofValueSized_t" time="0.000131845474243164" />
  </testsuite>
  <testsuite name="spec_perl_TestExprMod_t" errors="0" failures="0" skipped="0" tests="6" time="0.0445520877838135">
    <system-out>1..6
ok 1 - Equals
ok 2 - Equals
ok 3 - Equals
ok 4 - Equals
ok 5 - Equals
ok 6 - Equals
</system-out>
    <testcase name="Equals (387)" classname="spec_perl_TestExprMod_t" time="0.000220060348510742" />
    <testcase name="Equals (388)" classname="spec_perl_TestExprMod_t" time="7.79628753662109e-05" />
    <testcase name="Equals (389)" classname="spec_perl_TestExprMod_t" time="0.000138044357299805" />
    <testcase name="Equals (390)" classname="spec_perl_TestExprMod_t" time="0.00011897087097168" />
    <testcase name="Equals (391)" classname="spec_perl_TestExprMod_t" time="0.000133991241455078" />
    <testcase name="Equals (392)" classname="spec_perl_TestExprMod_t" time="0.000126123428344727" />
  </testsuite>
  <testsuite name="spec_perl_TestNavParentSwitchCast_t" errors="0" failures="0" skipped="0" tests="3" time="0.0436010360717773">
    <system-out>1..3
ok 1 - Equals
ok 2 - Equals
ok 3 - Equals
</system-out>
    <testcase name="Equals (393)" classname="spec_perl_TestNavParentSwitchCast_t" time="0.00055384635925293" />
    <testcase name="Equals (394)" classname="spec_perl_TestNavParentSwitchCast_t" time="0.000106096267700195" />
    <testcase name="Equals (395)" classname="spec_perl_TestNavParentSwitchCast_t" time="5.79357147216797e-05" />
  </testsuite>
  <testsuite name="spec_perl_TestDefaultEndianExprIsBe_t" errors="0" failures="0" skipped="0" tests="18" time="0.0468680858612061">
    <system-out>1..18
ok 1 - Equals
ok 2 - Equals
ok 3 - Equals
ok 4 - Equals
ok 5 - Equals
ok 6 - Equals
ok 7 - Equals
ok 8 - Equals
ok 9 - Equals
ok 10 - Equals
ok 11 - Equals
ok 12 - Equals
ok 13 - Equals
ok 14 - Equals
ok 15 - Equals
ok 16 - Equals
ok 17 - Equals
ok 18 - Equals
</system-out>
    <testcase name="Equals (396)" classname="spec_perl_TestDefaultEndianExprIsBe_t" time="0.000294923782348633" />
    <testcase name="Equals (397)" classname="spec_perl_TestDefaultEndianExprIsBe_t" time="9.29832458496094e-05" />
    <testcase name="Equals (398)" classname="spec_perl_TestDefaultEndianExprIsBe_t" time="5.41210174560547e-05" />
[...]
    <testcase name="Equals (672)" classname="spec_perl_TestFloatToI_t" time="0.00014805793762207" />
    <testcase name="Equals (673)" classname="spec_perl_TestFloatToI_t" time="0.000110864639282227" />
  </testsuite>
  <testsuite name="spec_perl_TestDefaultEndianExprInherited_t" errors="0" failures="0" skipped="0" tests="15" time="0.0455679893493652">
    <system-out>1..15
ok 1 - Equals
ok 2 - Equals
ok 3 - Equals
ok 4 - Equals
ok 5 - Equals
ok 6 - Equals
ok 7 - Equals
ok 8 - Equals
ok 9 - Equals
ok 10 - Equals
ok 11 - Equals
ok 12 - Equals
ok 13 - Equals
ok 14 - Equals
ok 15 - Equals
</system-out>
    <testcase name="Equals (674)" classname="spec_perl_TestDefaultEndianExprInherited_t" time="0.000336885452270508" />
    <testcase name="Equals (675)" classname="spec_perl_TestDefaultEndianExprInherited_t" time="0.000102043151855469" />
    <testcase name="Equals (676)" classname="spec_perl_TestDefaultEndianExprInherited_t" time="5.69820404052734e-05" />
    <testcase name="Equals (677)" classname="spec_perl_TestDefaultEndianExprInherited_t" time="0.000133991241455078" />
    <testcase name="Equals (678)" classname="spec_perl_TestDefaultEndianExprInherited_t" time="0.000142097473144531" />
    <testcase name="Equals (679)" classname="spec_perl_TestDefaultEndianExprInherited_t" time="0.000114917755126953" />
    <testcase name="Equals (680)" classname="spec_perl_TestDefaultEndianExprInherited_t" time="0.000137090682983398" />
    <testcase name="Equals (681)" classname="spec_perl_TestDefaultEndianExprInherited_t" time="0.000123977661132812" />
    <testcase name="Equals (682)" classname="spec_perl_TestDefaultEndianExprInherited_t" time="0.000144004821777344" />
    <testcase name="Equals (683)" classname="spec_perl_TestDefaultEndianExprInherited_t" time="0.000147104263305664" />
    <testcase name="Equals (684)" classname="spec_perl_TestDefaultEndianExprInherited_t" time="0.000119924545288086" />
    <testcase name="Equals (685)" classname="spec_perl_TestDefaultEndianExprInherited_t" time="0.000144004821777344" />
    <testcase name="Equals (686)" classname="spec_perl_TestDefaultEndianExprInherited_t" time="0.0001220703125" />
    <testcase name="Equals (687)" classname="spec_perl_TestDefaultEndianExprInherited_t" time="0.000139951705932617" />
    <testcase name="Equals (688)" classname="spec_perl_TestDefaultEndianExprInherited_t" time="0.000144004821777344" />
  </testsuite>
  <testsuite name="spec_perl_TestDebug0_t" errors="0" failures="0" skipped="1" tests="1" time="0.0423901081085205">
    <system-out>1..1
ok 1 # skip test_debug_0
</system-out>
    <testcase name="Unnamed test case 688" classname="spec_perl_TestDebug0_t" time="0.000182151794433594">
      <skipped message="ok 1 # skip test_debug_0" />
    </testcase>
  </testsuite>
  <testsuite name="spec_perl_TestRepeatEosU4_t" errors="0" failures="0" skipped="0" tests="1" time="0.0432009696960449">
    <system-out>1..1
ok 1 - Equals
</system-out>
    <testcase name="Equals (689)" classname="spec_perl_TestRepeatEosU4_t" time="0.000216960906982422" />
  </testsuite>
  <testsuite name="spec_perl_TestEosExceptionBytes_t" errors="0" failures="0" skipped="0" tests="1" time="0.044205904006958">
    <system-out>1..1
ok 1 - Died
</system-out>
    <testcase name="Died (689)" classname="spec_perl_TestEosExceptionBytes_t" time="0.000452041625976562" />
  </testsuite>
  <testsuite name="spec_perl_TestExprBits_t" errors="0" failures="0" skipped="0" tests="10" time="0.0479540824890137">
    <system-out>1..10
ok 1 - Equals
ok 2 - Equals
ok 3 - Equals
ok 4 - Equals
ok 5 - Equals
ok 6 - Equals
ok 7 - Equals
ok 8 - Equals
ok 9 - Equals
ok 10 - Equals
</system-out>
    <testcase name="Equals (690)" classname="spec_perl_TestExprBits_t" time="0.000277996063232422" />
    <testcase name="Equals (691)" classname="spec_perl_TestExprBits_t" time="8.60691070556641e-05" />
    <testcase name="Equals (692)" classname="spec_perl_TestExprBits_t" time="6.91413879394531e-05" />
    <testcase name="Equals (693)" classname="spec_perl_TestExprBits_t" time="0.000148773193359375" />
    <testcase name="Equals (694)" classname="spec_perl_TestExprBits_t" time="0.000128030776977539" />
    <testcase name="Equals (695)" classname="spec_perl_TestExprBits_t" time="0.000109195709228516" />
    <testcase name="Equals (696)" classname="spec_perl_TestExprBits_t" time="0.000155925750732422" />
    <testcase name="Equals (697)" classname="spec_perl_TestExprBits_t" time="0.000102996826171875" />
    <testcase name="Equals (698)" classname="spec_perl_TestExprBits_t" time="0.00014495849609375" />
    <testcase name="Equals (699)" classname="spec_perl_TestExprBits_t" time="0.000168085098266602" />
  </testsuite>
  <testsuite name="spec_perl_TestRepeatNStrz_t" errors="0" failures="0" skipped="0" tests="2" time="0.0465021133422852">
    <system-out>1..2
ok 1 - Equals
ok 2 - Equals
</system-out>
    <testcase name="Equals (700)" classname="spec_perl_TestRepeatNStrz_t" time="0.000311851501464844" />
    <testcase name="Equals (701)" classname="spec_perl_TestRepeatNStrz_t" time="0.000128030776977539" />
  </testsuite>
  <testsuite name="spec_perl_TestProcessCoerceUsertype1_t" errors="0" failures="0" skipped="0" tests="4" time="0.0430049896240234">
    <system-out>1..4
ok 1 - Equals
ok 2 - Equals
ok 3 - Equals
ok 4 - Equals
</system-out>
    <testcase name="Equals (702)" classname="spec_perl_TestProcessCoerceUsertype1_t" time="0.000514030456542969" />
    <testcase name="Equals (703)" classname="spec_perl_TestProcessCoerceUsertype1_t" time="9.79900360107422e-05" />
    <testcase name="Equals (704)" classname="spec_perl_TestProcessCoerceUsertype1_t" time="5.79357147216797e-05" />
    <testcase name="Equals (705)" classname="spec_perl_TestProcessCoerceUsertype1_t" time="0.000126123428344727" />
  </testsuite>
  <testsuite name="spec_perl_TestTermStrz_t" errors="0" failures="0" skipped="0" tests="3" time="0.0458340644836426">
    <system-out>1..3
ok 1 - Equals
ok 2 - Equals
ok 3 - Equals
</system-out>
    <testcase name="Equals (706)" classname="spec_perl_TestTermStrz_t" time="0.000287055969238281" />
    <testcase name="Equals (707)" classname="spec_perl_TestTermStrz_t" time="0.00020909309387207" />
    <testcase name="Equals (708)" classname="spec_perl_TestTermStrz_t" time="8.70227813720703e-05" />
  </testsuite>
  <testsuite name="spec_perl_TestIntegers_t" errors="1" failures="0" skipped="0" tests="0" time="0.0426151752471924">
    <system-out></system-out>
    <testcase name="Test died too soon, even before plan. (708)" classname="spec_perl_TestIntegers_t" time="0.0426151752471924">
      <failure message="The test suite died before a plan was produced. You need to have a plan." type="Plan">No plan</failure>
    </testcase>
  </testsuite>
  <testsuite name="spec_perl_TestProcessToUser_t" errors="0" failures="0" skipped="0" tests="1" time="0.0484209060668945">
    <system-out>1..1
ok 1 - Equals
</system-out>
    <testcase name="Equals (709)" classname="spec_perl_TestProcessToUser_t" time="0.00065302848815918" />
  </testsuite>
  <testsuite name="spec_perl_TestEnumFancy_t" errors="0" failures="0" skipped="0" tests="2" time="0.0436720848083496">
    <system-out>1..2
ok 1 - Equals
ok 2 - Equals
</system-out>
    <testcase name="Equals (710)" classname="spec_perl_TestEnumFancy_t" time="0.000176191329956055" />
    <testcase name="Equals (711)" classname="spec_perl_TestEnumFancy_t" time="6.79492950439453e-05" />
  </testsuite>
  <testsuite name="spec_perl_TestEnum1_t" errors="0" failures="0" skipped="0" tests="2" time="0.0445809364318848">
    <system-out>1..2
ok 1 - Equals
ok 2 - Equals
</system-out>
    <testcase name="Equals (712)" classname="spec_perl_TestEnum1_t" time="0.000185012817382812" />
    <testcase name="Equals (713)" classname="spec_perl_TestEnum1_t" time="6.79492950439453e-05" />
  </testsuite>
  <testsuite name="spec_perl_TestZlibWithHeader78_t" errors="0" failures="0" skipped="0" tests="1" time="0.0648789405822754">
    <system-out>1..1
ok 1 - Equals
</system-out>
    <testcase name="Equals (714)" classname="spec_perl_TestZlibWithHeader78_t" time="0.000346899032592773" />
  </testsuite>
  <testsuite name="spec_perl_TestExpr3_t" errors="0" failures="0" skipped="0" tests="12" time="0.0480139255523682">
    <system-out>1..12
ok 1 - Equals
ok 2 - Equals
ok 3 - Equals
ok 4 - Equals
ok 5 - Equals
ok 6 - Equals
ok 7 - Equals
ok 8 - Equals
ok 9 - Equals
ok 10 - Equals
ok 11 - Equals
ok 12 - Equals
</system-out>
    <testcase name="Equals (715)" classname="spec_perl_TestExpr3_t" time="0.000174045562744141" />
    <testcase name="Equals (716)" classname="spec_perl_TestExpr3_t" time="7.00950622558594e-05" />
    <testcase name="Equals (717)" classname="spec_perl_TestExpr3_t" time="0.000185012817382812" />
    <testcase name="Equals (718)" classname="spec_perl_TestExpr3_t" time="9.58442687988281e-05" />
    <testcase name="Equals (719)" classname="spec_perl_TestExpr3_t" time="0.000151157379150391" />
    <testcase name="Equals (720)" classname="spec_perl_TestExpr3_t" time="0.000123023986816406" />
    <testcase name="Equals (721)" classname="spec_perl_TestExpr3_t" time="0.000121831893920898" />
    <testcase name="Equals (722)" classname="spec_perl_TestExpr3_t" time="0.000132083892822266" />
    <testcase name="Equals (723)" classname="spec_perl_TestExpr3_t" time="0.0001220703125" />
    <testcase name="Equals (724)" classname="spec_perl_TestExpr3_t" time="0.000149965286254883" />
    <testcase name="Equals (725)" classname="spec_perl_TestExpr3_t" time="0.00011897087097168" />
    <testcase name="Equals (726)" classname="spec_perl_TestExpr3_t" time="0.00014805793762207" />
  </testsuite>
  <testsuite name="spec_perl_TestExprBytesCmp_t" errors="0" failures="0" skipped="0" tests="10" time="0.0451300144195557">
    <system-out>1..10
ok 1 - Equals
ok 2 - Equals
ok 3 - Equals
ok 4 - Equals
ok 5 - Equals
ok 6 - Equals
ok 7 - Equals
ok 8 - Equals
ok 9 - Equals
ok 10 - Equals
</system-out>
    <testcase name="Equals (727)" classname="spec_perl_TestExprBytesCmp_t" time="0.000210046768188477" />
    <testcase name="Equals (728)" classname="spec_perl_TestExprBytesCmp_t" time="0.000184059143066406" />
    <testcase name="Equals (729)" classname="spec_perl_TestExprBytesCmp_t" time="0.00028681755065918" />
    <testcase name="Equals (730)" classname="spec_perl_TestExprBytesCmp_t" time="0.000149011611938477" />
    <testcase name="Equals (731)" classname="spec_perl_TestExprBytesCmp_t" time="0.000144004821777344" />
    <testcase name="Equals (732)" classname="spec_perl_TestExprBytesCmp_t" time="0.000138044357299805" />
    <testcase name="Equals (733)" classname="spec_perl_TestExprBytesCmp_t" time="0.000127077102661133" />
    <testcase name="Equals (734)" classname="spec_perl_TestExprBytesCmp_t" time="0.000146865844726562" />
    <testcase name="Equals (735)" classname="spec_perl_TestExprBytesCmp_t" time="0.000118017196655273" />
    <testcase name="Equals (736)" classname="spec_perl_TestExprBytesCmp_t" time="0.000164985656738281" />
  </testsuite>
  <testsuite name="spec_perl_TestBitsSimple_t" errors="0" failures="0" skipped="0" tests="14" time="0.0447671413421631">
    <system-out>1..14
ok 1 - Equals
ok 2 - Equals
ok 3 - Equals
ok 4 - Equals
ok 5 - Equals
ok 6 - Equals
ok 7 - Equals
ok 8 - Equals
ok 9 - Equals
ok 10 - Equals
ok 11 - Equals
ok 12 - Equals
ok 13 - Equals
ok 14 - Equals
</system-out>
    <testcase name="Equals (737)" classname="spec_perl_TestBitsSimple_t" time="0.000285863876342773" />
    <testcase name="Equals (738)" classname="spec_perl_TestBitsSimple_t" time="0.000138998031616211" />
    <testcase name="Equals (739)" classname="spec_perl_TestBitsSimple_t" time="7.29560852050781e-05" />
    <testcase name="Equals (740)" classname="spec_perl_TestBitsSimple_t" time="0.000142097473144531" />
    <testcase name="Equals (741)" classname="spec_perl_TestBitsSimple_t" time="0.000124931335449219" />
    <testcase name="Equals (742)" classname="spec_perl_TestBitsSimple_t" time="0.000138044357299805" />
    <testcase name="Equals (743)" classname="spec_perl_TestBitsSimple_t" time="0.00011897087097168" />
    <testcase name="Equals (744)" classname="spec_perl_TestBitsSimple_t" time="0.000123023986816406" />
    <testcase name="Equals (745)" classname="spec_perl_TestBitsSimple_t" time="0.000142097473144531" />
    <testcase name="Equals (746)" classname="spec_perl_TestBitsSimple_t" time="0.000114917755126953" />
    <testcase name="Equals (747)" classname="spec_perl_TestBitsSimple_t" time="0.000140905380249023" />
    <testcase name="Equals (748)" classname="spec_perl_TestBitsSimple_t" time="0.000117063522338867" />
    <testcase name="Equals (749)" classname="spec_perl_TestBitsSimple_t" time="0.000143051147460938" />
    <testcase name="Equals (750)" classname="spec_perl_TestBitsSimple_t" time="0.000114917755126953" />
  </testsuite>
  <testsuite name="spec_perl_TestEnum0_t" errors="0" failures="0" skipped="0" tests="2" time="0.0427532196044922">
    <system-out>1..2
ok 1 - Equals
ok 2 - Equals
</system-out>
    <testcase name="Equals (751)" classname="spec_perl_TestEnum0_t" time="0.000190019607543945" />
    <testcase name="Equals (752)" classname="spec_perl_TestEnum0_t" time="7.39097595214844e-05" />
  </testsuite>
  <testsuite name="spec_perl_TestNestedTypes_t" errors="0" failures="0" skipped="0" tests="3" time="0.056988000869751">
    <system-out>1..3
ok 1 - Equals
ok 2 - Equals
ok 3 - Equals
</system-out>
    <testcase name="Equals (753)" classname="spec_perl_TestNestedTypes_t" time="0.000221967697143555" />
    <testcase name="Equals (754)" classname="spec_perl_TestNestedTypes_t" time="7.51018524169922e-05" />
    <testcase name="Equals (755)" classname="spec_perl_TestNestedTypes_t" time="0.000128984451293945" />
  </testsuite>
  <testsuite name="spec_perl_TestParamsPassUsertype_t" errors="0" failures="1" skipped="1" tests="2" time="0.0538499355316162">
    <system-out>1..2
not ok 1 - test_params_pass_usertype died (Can't call method &quot;foo&quot; on an undefined value at compiled/perl/ParamsPassUsertype.pm line 119.)
ok 2 # skip test_params_pass_usertype died
</system-out>
    <testcase name="test_params_pass_usertype died (Can't call method &quot;foo&quot; on an undefined value at compiled/perl/ParamsPassUsertype.pm line 119.) (755)" classname="spec_perl_TestParamsPassUsertype_t" time="0.000277996063232422">
      <failure message="not ok 1 - test_params_pass_usertype died (Can't call method &quot;foo&quot; on an undefined value at compiled/perl/ParamsPassUsertype.pm line 119.)" type="TAP::Parser::Result::Test"></failure>
    </testcase>
    <testcase name="Unnamed test case 755" classname="spec_perl_TestParamsPassUsertype_t" time="0.000406980514526367">
      <skipped message="ok 2 # skip test_params_pass_usertype died" />
    </testcase>
  </testsuite>
  <testsuite name="spec_perl_TestNestedTypeParam_t" errors="0" failures="2" skipped="0" tests="2" time="0.0472171306610107">
    <system-out>1..2
not ok 1 - Equals
not ok 2 - Equals
</system-out>
    <testcase name="Equals (756)" classname="spec_perl_TestNestedTypeParam_t" time="0.000174045562744141">
      <failure message="not ok 1 - Equals" type="TAP::Parser::Result::Test"></failure>
    </testcase>
    <testcase name="Equals (757)" classname="spec_perl_TestNestedTypeParam_t" time="0.00319790840148926">
      <failure message="not ok 2 - Equals" type="TAP::Parser::Result::Test"></failure>
    </testcase>
  </testsuite>
  <testsuite name="spec_perl_TestTsPacketHeader_t" errors="0" failures="0" skipped="0" tests="7" time="0.0453088283538818">
    <system-out>1..7
ok 1 - Equals
ok 2 - Equals
ok 3 - Equals
ok 4 - Equals
ok 5 - Equals
ok 6 - Equals
ok 7 - Equals
</system-out>
    <testcase name="Equals (758)" classname="spec_perl_TestTsPacketHeader_t" time="0.000280141830444336" />
    <testcase name="Equals (759)" classname="spec_perl_TestTsPacketHeader_t" time="0.000103950500488281" />
    <testcase name="Equals (760)" classname="spec_perl_TestTsPacketHeader_t" time="0.000117063522338867" />
    <testcase name="Equals (761)" classname="spec_perl_TestTsPacketHeader_t" time="0.00014185905456543" />
    <testcase name="Equals (762)" classname="spec_perl_TestTsPacketHeader_t" time="0.000143051147460938" />
    <testcase name="Equals (763)" classname="spec_perl_TestTsPacketHeader_t" time="0.000127077102661133" />
    <testcase name="Equals (764)" classname="spec_perl_TestTsPacketHeader_t" time="0.000131845474243164" />
  </testsuite>
  <testsuite name="spec_perl_TestNavParentVsValueInst_t" errors="0" failures="0" skipped="0" tests="1" time="0.0475680828094482">
    <system-out>1..1
ok 1 - Equals
</system-out>
    <testcase name="Equals (765)" classname="spec_perl_TestNavParentVsValueInst_t" time="0.000277042388916016" />
  </testsuite>
  <testsuite name="spec_perl_TestProcessXorConst_t" errors="0" failures="0" skipped="0" tests="2" time="0.0451030731201172">
    <system-out>1..2
ok 1 - Equals
ok 2 - Equals
</system-out>
    <testcase name="Equals (766)" classname="spec_perl_TestProcessXorConst_t" time="0.000281095504760742" />
    <testcase name="Equals (767)" classname="spec_perl_TestProcessXorConst_t" time="8.98838043212891e-05" />
  </testsuite>
  <testsuite name="spec_perl_TestInstanceStdArray_t" errors="0" failures="0" skipped="0" tests="7" time="0.043942928314209">
    <system-out>1..7
ok 1 - Equals
ok 2 - Equals
ok 3 - Equals
ok 4 - Equals
ok 5 - Equals
ok 6 - Equals
ok 7 - Equals
</system-out>
    <testcase name="Equals (768)" classname="spec_perl_TestInstanceStdArray_t" time="0.00017094612121582" />
    <testcase name="Equals (769)" classname="spec_perl_TestInstanceStdArray_t" time="7.10487365722656e-05" />
    <testcase name="Equals (770)" classname="spec_perl_TestInstanceStdArray_t" time="0.00014805793762207" />
    <testcase name="Equals (771)" classname="spec_perl_TestInstanceStdArray_t" time="0.000150918960571289" />
    <testcase name="Equals (772)" classname="spec_perl_TestInstanceStdArray_t" time="0.000115156173706055" />
    <testcase name="Equals (773)" classname="spec_perl_TestInstanceStdArray_t" time="0.000153779983520508" />
    <testcase name="Equals (774)" classname="spec_perl_TestInstanceStdArray_t" time="0.000118017196655273" />
  </testsuite>
  <testsuite name="spec_perl_TestTypeIntUnaryOp_t" errors="0" failures="0" skipped="0" tests="4" time="0.0451951026916504">
    <system-out>1..4
ok 1 - Equals
ok 2 - Equals
ok 3 - Equals
ok 4 - Equals
</system-out>
    <testcase name="Equals (775)" classname="spec_perl_TestTypeIntUnaryOp_t" time="0.000262022018432617" />
    <testcase name="Equals (776)" classname="spec_perl_TestTypeIntUnaryOp_t" time="9.48905944824219e-05" />
    <testcase name="Equals (777)" classname="spec_perl_TestTypeIntUnaryOp_t" time="6.29425048828125e-05" />
    <testcase name="Equals (778)" classname="spec_perl_TestTypeIntUnaryOp_t" time="0.000165224075317383" />
  </testsuite>
  <testsuite name="spec_perl_TestSwitchRepeatExpr_t" errors="0" failures="0" skipped="0" tests="3" time="0.0436539649963379">
    <system-out>1..3
ok 1 - Equals
ok 2 - Equals
ok 3 - Equals
</system-out>
    <testcase name="Equals (779)" classname="spec_perl_TestSwitchRepeatExpr_t" time="0.000483989715576172" />
    <testcase name="Equals (780)" classname="spec_perl_TestSwitchRepeatExpr_t" time="9.89437103271484e-05" />
    <testcase name="Equals (781)" classname="spec_perl_TestSwitchRepeatExpr_t" time="5.69820404052734e-05" />
  </testsuite>
  <testsuite name="spec_perl_TestProcessXor4Const_t" errors="0" failures="0" skipped="0" tests="2" time="0.0441288948059082">
    <system-out>1..2
ok 1 - Equals
ok 2 - Equals
</system-out>
    <testcase name="Equals (782)" classname="spec_perl_TestProcessXor4Const_t" time="0.00023198127746582" />
    <testcase name="Equals (783)" classname="spec_perl_TestProcessXor4Const_t" time="8.98838043212891e-05" />
  </testsuite>
</testsuites>
